<?xml version="1.0"?>
<soapenv:Envelope xmlns:soapenv="http://schemas.xmlsoap.org/soap/envelope/" xmlns:wsse="http://docs.oasis-open.org/wss/2004/01/oasis-200401-wss-wssecurity-secext-1.0.xsd" xmlns:wsu="http://docs.oasis-open.org/wss/2004/01/oasis-200401-wss-wssecurity-utility-1.0.xsd">
  <soapenv:Header>
    <MessageAddressing xmlns="http://sys.svc.tennet.nl/MMCHub/Header/v1">
      <technicalMessageId>9fa259fa-6913-46c9-87f1-a268b225114a</technicalMessageId>
      <correlationId>9fa259fa-6913-46c9-87f1-a268b225114a</correlationId>
      <senderId>8719333027500</senderId>
      <receiverId>8716867999983</receiverId>
      <carrierId>8719333027500</carrierId>
      <contentType>ACTIVATED_FCR</contentType>
    </MessageAddressing>
  <wsse:Security soapenv:mustUnderstand="1"><wsse:BinarySecurityToken EncodingType="http://docs.oasis-open.org/wss/2004/01/oasis-200401-wss-soap-message-security-1.0#Base64Binary" wsu:Id="pfx220ee827-ebc3-a66c-ed03-2c28fcdd368f" ValueType="http://docs.oasis-open.org/wss/2004/01/oasis-200401-wss-x509-token-profile-1.0#X509v3">MIIGNjCCBB6gAwIBAgIQAjudA9L/gOg5IBSTwOERjjANBgkqhkiG9w0BAQsFADBiMQswCQYDVQQGEwJVUzEXMBUGA1UEChMORGlnaUNlcnQsIEluYy4xOjA4BgNVBAMTMURpZ2lDZXJ0IEFzc3VyZWQgRzIgU01JTUUgUlNBNDA5NiBTSEEzODQgMjAyNCBDQTEwHhcNMjUwMTMwMDAwMDAwWhcNMjgwMTI5MjM1OTU5WjBsMRcwFQYDVQRhEw5OVFJOTC03MzEwMjQzMTELMAkGA1UEBhMCTkwxDzANBgNVBAcTBlZlZ2hlbDEUMBIGA1UEChMLQ292b2x0IEIuVi4xHTAbBgNVBAMMFHNlcnZpY2UtbmxAY292b2x0LmV1MIIBIjANBgkqhkiG9w0BAQEFAAOCAQ8AMIIBCgKCAQEA3668ejzvq08G4a4Qv1b0RqkGeKYa44ZAby9hr4n4xUkDo2THUjFku68YBLpqnl3FgA8utdQWX+YAYArsJzZ2cMolIDWw1A9ykItXwE+rNt1npVVlPonFSd7WPm0+20m9xwd3P16gSVHbjiUq/8J1en5zCGkTCgK6x7tyEbceMEwnRWHgxlqaRT2zYcDb3YkeC2pNyPKWXQvhV82br7+ZT2tVZ0Jz7PDPysR8ndIg5yjhNkaG+SHC4nzd/uLvkWGxkRafeqBWMS5NLPhxE4DQQUFWMOxTnwWy3KEr+qkOFhgMZEBmV1K06aZR1Au1Ih8ymW31r4RfcMi2ZxMvYFPTdwIDAQABo4IB3DCCAdgwHwYDVR0jBBgwFoAU95uiTtOXxfQ0D0MOgYXOkZMyr/kwHQYDVR0OBBYEFLgTYirHqTnZxKHMXW3GD6Hz8IvEMB8GA1UdEQQYMBaBFHNlcnZpY2UtbmxAY292b2x0LmV1MBQGA1UdIAQNMAswCQYHZ4EMAQUDATAOBgNVHQ8BAf8EBAMCB4AwEwYDVR0lBAwwCgYIKwYBBQUHAwQwgakGA1UdHwSBoTCBnjBNoEugSYZHaHR0cDovL2NybDMuZGlnaWNlcnQuY29tL0RpZ2lDZXJ0QXNzdXJlZEcyU01JTUVSU0E0MDk2U0hBMzg0MjAyNENBMS5jcmwwTaBLoEmGR2h0dHA6Ly9jcmw0LmRpZ2ljZXJ0LmNvbS9EaWdpQ2VydEFzc3VyZWRHMlNNSU1FUlNBNDA5NlNIQTM4NDIwMjRDQTEuY3JsMIGNBggrBgEFBQcBAQSBgDB+MCQGCCsGAQUFBzABhhhodHRwOi8vb2NzcC5kaWdpY2VydC5jb20wVgYIKwYBBQUHMAKGSmh0dHA6Ly9jYWNlcnRzLmRpZ2ljZXJ0LmNvbS9EaWdpQ2VydEFzc3VyZWRHMlNNSU1FUlNBNDA5NlNIQTM4NDIwMjRDQTEuY3J0MA0GCSqGSIb3DQEBCwUAA4ICAQAU0bQs5wwskLLuJwD5f0Cgn2Rgolk1p6ZqeGpZNpUcgDvR7ZRdtOc+jGPVqHTX+mpxw0HTUMVw29xTTd76kQkvFnZB4V9oGuyB8sRhMMYKC4fcucD7dZT4KuPaiK3amomF7Em92SMIE0qQxGish2NaEyctNqpCoPj22nJDvGTz6jyjNb8z7tn+FXTuIScIUnQyoKrWyvsknK6FV8ApaHpcDAWRrTAqTVjik9JOKkb6uzPAt+V60I+DTBjMqhimpEpwbGV6ksW3BJV58gBkICRxMT2AJM8wB8ZWRogG/AYV+csPeLNhi6CTbfe6rWaNw4sYYaDQnF2IgdCtZB4S8ktDXMWs3W4nY6wJM3fcWOTag3WiG/WetPobSSK2Vl4RPp57Po+eMW7QaiB83W2FVaVDUstS8DfBym7AgIxThT/v/B+W9T1nOfwSd9HTMcprYghMHxsBe50nTOUimSeOQxbWfH9u8O7TVMkVlu3nj49Xrc1Bw74FJ+pYSeuSUwiJkDqjay44za3m4zfncgwfN7cWbI2WCOqSH2wggy8LNmXg65m1r1axVjzTU0iwDQ6UO4smO6bv9VuLic9wP/dPmG3qERvE+kIYcT4UjpyRyMX+MYcw+xbcm/+q4QSNIVvWR8j+L1rkT63sm9j7XgfC/N7ZIuY+Slptf8QMqc8zt5l1Yg==</wsse:BinarySecurityToken><ds:Signature xmlns:ds="http://www.w3.org/2000/09/xmldsig#">
  <ds:SignedInfo><ds:CanonicalizationMethod Algorithm="http://www.w3.org/2001/10/xml-exc-c14n#"/>
    <ds:SignatureMethod Algorithm="http://www.w3.org/2001/04/xmldsig-more#rsa-sha256"/>
  <ds:Reference URI="#pfxf5d6e34c-5916-8de2-e5c8-701258e75e90"><ds:Transforms><ds:Transform Algorithm="http://www.w3.org/2001/10/xml-exc-c14n#"/></ds:Transforms><ds:DigestMethod Algorithm="http://www.w3.org/2000/09/xmldsig#sha1"/><ds:DigestValue>S2GqPISm1UZ6xhfy3e7KQ97V2gI=</ds:DigestValue></ds:Reference></ds:SignedInfo><ds:SignatureValue>OzVP5xS3ZOTy5KkAuonqyp3FG55r0uj8BDgRaBaA6glUcNWmbZmNpO9qO0AObe3ZC/Y5SBOaQP12uKTYlSBwd3Gecx2ZDyLfIUAVxfhaIYK3FGJAJKrf7jlOLFBwdwGhn7m4BSHgPPiDfGidnKvHBJn01m45ZvW7bNUfXiQ1X5uJN5Da3QUuYXkvPXxnv4Dd4CRyita7IYkqbpmxNf4OPNQzTWCbKutUo8z5jLewAIz/QGKw+vWnXKs413ArN5Y+STZ6LCBkz3jLIZb0HXZH/PHXve5wnXj80SCR073YQ9C1yGP/cKtdMbsRd+COl/TP9RzPRfqO/gvrWiDgQ8dtYw==</ds:SignatureValue>
<ds:KeyInfo><wsse:SecurityTokenReference><wsse:Reference ValueType="http://docs.oasis-open.org/wss/2004/01/oasis-200401-wss-x509-token-profile-1.0#X509v3" URI="#pfx220ee827-ebc3-a66c-ed03-2c28fcdd368f"/></wsse:SecurityTokenReference></ds:KeyInfo></ds:Signature></wsse:Security></soapenv:Header>
  <soapenv:Body wsu:Id="pfxf5d6e34c-5916-8de2-e5c8-701258e75e90"><EnergyAccount_MarketDocument xmlns="urn:iec62325.351:tc57wg16:451-4:energyaccountdocument:4:0"><mRID>DOC-FCR-20062025-6A-0003</mRID><revisionNumber>1</revisionNumber><type>A45</type><docStatus><value>A07</value></docStatus><process.processType>A28</process.processType><process.classificationType>A02</process.classificationType><sender_MarketParticipant.mRID codingScheme="A10">8719333027500</sender_MarketParticipant.mRID><sender_MarketParticipant.marketRole.type>A12</sender_MarketParticipant.marketRole.type><receiver_MarketParticipant.mRID codingScheme="A10">8716867999983</receiver_MarketParticipant.mRID><receiver_MarketParticipant.marketRole.type>A04</receiver_MarketParticipant.marketRole.type><createdDateTime>2025-06-20T06:00:00Z</createdDateTime><period.timeInterval><start>2025-06-18T22:00Z</start><end>2025-06-19T22:00Z</end></period.timeInterval><TimeSeries><mRID>TS-20250619-AA</mRID><businessType>A11</businessType><product>8716867000016</product><objectAggregation>A02</objectAggregation><area_Domain.mRID codingScheme="A01">10YNL----------L</area_Domain.mRID><measure_Unit.name>MAW</measure_Unit.name><currency_Unit.name>EUR</currency_Unit.name><marketEvaluationPoint.mRID codingScheme="A01">871687910000500037</marketEvaluationPoint.mRID><Period><timeInterval><start>2025-06-18T22:00Z</start><end>2025-06-19T02:00Z</end></timeInterval><resolution>PT1S</resolution><Point><position>1</position><in_Quantity.quantity>0.000000</in_Quantity.quantity><out_Quantity.quantity>541.257709</out_Quantity.quantity></Point><Point><position>2</position><in_Quantity.quantity>0.000000</in_Quantity.quantity><out_Quantity.quantity>195.082688</out_Quantity.quantity></Point><Point><position>3</position><in_Quantity.quantity>0.000000</in_Quantity.quantity><out_Quantity.quantity>110.265299</out_Quantity.quantity></Point><Point><position>4</position><in_Quantity.quantity>0.000000</in_Quantity.quantity><out_Quantity.quantity>542.834455</out_Quantity.quantity></Point><Point><position>5</position><in_Quantity.quantity>0.000000</in_Quantity.quantity><out_Quantity.quantity>52.080427</out_Quantity.quantity></Point><Point><position>6</position><in_Quantity.quantity>0.000000</in_Quantity.quantity><out_Quantity.quantity>788.633636</out_Quantity.quantity></Point><Point><position>7</position><in_Quantity.quantity>0.000000</in_Quantity.quantity><out_Quantity.quantity>749.962489</out_Quantity.quantity></Point><Point><position>8</position><in_Quantity.quantity>0.000000</in_Quantity.quantity><out_Quantity.quantity>370.443880</out_Quantity.quantity></Point><Point><position>9</position><in_Quantity.quantity>0.000000</in_Quantity.quantity><out_Quantity.quantity>485.903489</out_Quantity.quantity></Point><Point><position>10</position><in_Quantity.quantity>0.000000</in_Quantity.quantity><out_Quantity.quantity>552.665625</out_Quantity.quantity></Point><Point><position>11</position><in_Quantity.quantity>0.000000</in_Quantity.quantity><out_Quantity.quantity>525.080722</out_Quantity.quantity></Point><Point><position>12</position><in_Quantity.quantity>0.000000</in_Quantity.quantity><out_Quantity.quantity>336.457798</out_Quantity.quantity></Point><Point><position>13</position><in_Quantity.quantity>0.000000</in_Quantity.quantity><out_Quantity.quantity>634.812708</out_Quantity.quantity></Point><Point><position>14</position><in_Quantity.quantity>0.000000</in_Quantity.quantity><out_Quantity.quantity>76.004421</out_Quantity.quantity></Point><Point><position>15</position><in_Quantity.quantity>0.000000</in_Quantity.quantity><out_Quantity.quantity>188.901484</out_Quantity.quantity></Point><Point><position>16</position><in_Quantity.quantity>0.000000</in_Quantity.quantity><out_Quantity.quantity>406.857810</out_Quantity.quantity></Point><Point><position>17</position><in_Quantity.quantity>0.000000</in_Quantity.quantity><out_Quantity.quantity>277.413932</out_Quantity.quantity></Point><Point><position>18</position><in_Quantity.quantity>0.000000</in_Quantity.quantity><out_Quantity.quantity>817.881227</out_Quantity.quantity></Point><Point><position>19</position><in_Quantity.quantity>0.000000</in_Quantity.quantity><out_Quantity.quantity>320.510346</out_Quantity.quantity></Point><Point><position>20</position><in_Quantity.quantity>0.000000</in_Quantity.quantity><out_Quantity.quantity>825.811909</out_Quantity.quantity></Point><Point><position>21</position><in_Quantity.quantity>0.000000</in_Quantity.quantity><out_Quantity.quantity>217.189710</out_Quantity.quantity></Point><Point><position>22</position><in_Quantity.quantity>0.000000</in_Quantity.quantity><out_Quantity.quantity>22.234702</out_Quantity.quantity></Point><Point><position>23</position><in_Quantity.quantity>0.000000</in_Quantity.quantity><out_Quantity.quantity>28.323857</out_Quantity.quantity></Point><Point><position>24</position><in_Quantity.quantity>0.000000</in_Quantity.quantity><out_Quantity.quantity>551.628657</out_Quantity.quantity></Point><Point><position>25</position><in_Quantity.quantity>0.000000</in_Quantity.quantity><out_Quantity.quantity>195.107493</out_Quantity.quantity></Point><Point><position>26</position><in_Quantity.quantity>0.000000</in_Quantity.quantity><out_Quantity.quantity>657.015920</out_Quantity.quantity></Point><Point><position>27</position><in_Quantity.quantity>0.000000</in_Quantity.quantity><out_Quantity.quantity>931.793310</out_Quantity.quantity></Point><Point><position>28</position><in_Quantity.quantity>0.000000</in_Quantity.quantity><out_Quantity.quantity>825.122713</out_Quantity.quantity></Point><Point><position>29</position><in_Quantity.quantity>0.000000</in_Quantity.quantity><out_Quantity.quantity>589.229902</out_Quantity.quantity></Point><Point><position>30</position><in_Quantity.quantity>0.000000</in_Quantity.quantity><out_Quantity.quantity>234.521650</out_Quantity.quantity></Point><Point><position>31</position><in_Quantity.quantity>0.000000</in_Quantity.quantity><out_Quantity.quantity>864.377449</out_Quantity.quantity></Point><Point><position>32</position><in_Quantity.quantity>0.000000</in_Quantity.quantity><out_Quantity.quantity>42.194819</out_Quantity.quantity></Point><Point><position>33</position><in_Quantity.quantity>0.000000</in_Quantity.quantity><out_Quantity.quantity>276.514785</out_Quantity.quantity></Point><Point><position>34</position><in_Quantity.quantity>0.000000</in_Quantity.quantity><out_Quantity.quantity>205.542275</out_Quantity.quantity></Point><Point><position>35</position><in_Quantity.quantity>0.000000</in_Quantity.quantity><out_Quantity.quantity>399.288548</out_Quantity.quantity></Point><Point><position>36</position><in_Quantity.quantity>0.000000</in_Quantity.quantity><out_Quantity.quantity>341.704280</out_Quantity.quantity></Point><Point><position>37</position><in_Quantity.quantity>0.000000</in_Quantity.quantity><out_Quantity.quantity>419.334815</out_Quantity.quantity></Point><Point><position>38</position><in_Quantity.quantity>0.000000</in_Quantity.quantity><out_Quantity.quantity>913.942042</out_Quantity.quantity></Point><Point><position>39</position><in_Quantity.quantity>0.000000</in_Quantity.quantity><out_Quantity.quantity>121.840615</out_Quantity.quantity></Point><Point><position>40</position><in_Quantity.quantity>0.000000</in_Quantity.quantity><out_Quantity.quantity>913.130689</out_Quantity.quantity></Point><Point><position>41</position><in_Quantity.quantity>0.000000</in_Quantity.quantity><out_Quantity.quantity>30.824332</out_Quantity.quantity></Point><Point><position>42</position><in_Quantity.quantity>0.000000</in_Quantity.quantity><out_Quantity.quantity>536.805866</out_Quantity.quantity></Point><Point><position>43</position><in_Quantity.quantity>0.000000</in_Quantity.quantity><out_Quantity.quantity>275.456720</out_Quantity.quantity></Point><Point><position>44</position><in_Quantity.quantity>0.000000</in_Quantity.quantity><out_Quantity.quantity>549.839222</out_Quantity.quantity></Point><Point><position>45</position><in_Quantity.quantity>0.000000</in_Quantity.quantity><out_Quantity.quantity>938.712780</out_Quantity.quantity></Point><Point><position>46</position><in_Quantity.quantity>0.000000</in_Quantity.quantity><out_Quantity.quantity>662.962361</out_Quantity.quantity></Point><Point><position>47</position><in_Quantity.quantity>0.000000</in_Quantity.quantity><out_Quantity.quantity>476.197404</out_Quantity.quantity></Point><Point><position>48</position><in_Quantity.quantity>0.000000</in_Quantity.quantity><out_Quantity.quantity>30.489180</out_Quantity.quantity></Point><Point><position>49</position><in_Quantity.quantity>0.000000</in_Quantity.quantity><out_Quantity.quantity>621.470967</out_Quantity.quantity></Point><Point><position>50</position><in_Quantity.quantity>0.000000</in_Quantity.quantity><out_Quantity.quantity>280.747352</out_Quantity.quantity></Point><Point><position>51</position><in_Quantity.quantity>0.000000</in_Quantity.quantity><out_Quantity.quantity>349.840716</out_Quantity.quantity></Point><Point><position>52</position><in_Quantity.quantity>0.000000</in_Quantity.quantity><out_Quantity.quantity>148.296758</out_Quantity.quantity></Point><Point><position>53</position><in_Quantity.quantity>0.000000</in_Quantity.quantity><out_Quantity.quantity>400.252737</out_Quantity.quantity></Point><Point><position>54</position><in_Quantity.quantity>0.000000</in_Quantity.quantity><out_Quantity.quantity>809.453752</out_Quantity.quantity></Point><Point><position>55</position><in_Quantity.quantity>0.000000</in_Quantity.quantity><out_Quantity.quantity>92.420739</out_Quantity.quantity></Point><Point><position>56</position><in_Quantity.quantity>0.000000</in_Quantity.quantity><out_Quantity.quantity>506.553913</out_Quantity.quantity></Point><Point><position>57</position><in_Quantity.quantity>0.000000</in_Quantity.quantity><out_Quantity.quantity>390.707101</out_Quantity.quantity></Point><Point><position>58</position><in_Quantity.quantity>0.000000</in_Quantity.quantity><out_Quantity.quantity>134.668147</out_Quantity.quantity></Point><Point><position>59</position><in_Quantity.quantity>0.000000</in_Quantity.quantity><out_Quantity.quantity>239.437336</out_Quantity.quantity></Point><Point><position>60</position><in_Quantity.quantity>0.000000</in_Quantity.quantity><out_Quantity.quantity>608.128591</out_Quantity.quantity></Point><Point><position>61</position><in_Quantity.quantity>0.000000</in_Quantity.quantity><out_Quantity.quantity>692.536171</out_Quantity.quantity></Point><Point><position>62</position><in_Quantity.quantity>0.000000</in_Quantity.quantity><out_Quantity.quantity>538.823654</out_Quantity.quantity></Point><Point><position>63</position><in_Quantity.quantity>0.000000</in_Quantity.quantity><out_Quantity.quantity>285.610673</out_Quantity.quantity></Point><Point><position>64</position><in_Quantity.quantity>0.000000</in_Quantity.quantity><out_Quantity.quantity>155.375002</out_Quantity.quantity></Point><Point><position>65</position><in_Quantity.quantity>0.000000</in_Quantity.quantity><out_Quantity.quantity>471.764917</out_Quantity.quantity></Point><Point><position>66</position><in_Quantity.quantity>0.000000</in_Quantity.quantity><out_Quantity.quantity>970.176963</out_Quantity.quantity></Point><Point><position>67</position><in_Quantity.quantity>0.000000</in_Quantity.quantity><out_Quantity.quantity>355.376300</out_Quantity.quantity></Point><Point><position>68</position><in_Quantity.quantity>0.000000</in_Quantity.quantity><out_Quantity.quantity>320.197229</out_Quantity.quantity></Point><Point><position>69</position><in_Quantity.quantity>0.000000</in_Quantity.quantity><out_Quantity.quantity>735.669081</out_Quantity.quantity></Point><Point><position>70</position><in_Quantity.quantity>0.000000</in_Quantity.quantity><out_Quantity.quantity>366.007753</out_Quantity.quantity></Point><Point><position>71</position><in_Quantity.quantity>0.000000</in_Quantity.quantity><out_Quantity.quantity>288.071272</out_Quantity.quantity></Point><Point><position>72</position><in_Quantity.quantity>0.000000</in_Quantity.quantity><out_Quantity.quantity>871.927042</out_Quantity.quantity></Point><Point><position>73</position><in_Quantity.quantity>0.000000</in_Quantity.quantity><out_Quantity.quantity>358.728325</out_Quantity.quantity></Point><Point><position>74</position><in_Quantity.quantity>0.000000</in_Quantity.quantity><out_Quantity.quantity>226.193404</out_Quantity.quantity></Point><Point><position>75</position><in_Quantity.quantity>0.000000</in_Quantity.quantity><out_Quantity.quantity>252.919125</out_Quantity.quantity></Point><Point><position>76</position><in_Quantity.quantity>0.000000</in_Quantity.quantity><out_Quantity.quantity>826.131446</out_Quantity.quantity></Point><Point><position>77</position><in_Quantity.quantity>0.000000</in_Quantity.quantity><out_Quantity.quantity>330.127310</out_Quantity.quantity></Point><Point><position>78</position><in_Quantity.quantity>0.000000</in_Quantity.quantity><out_Quantity.quantity>707.382576</out_Quantity.quantity></Point><Point><position>79</position><in_Quantity.quantity>0.000000</in_Quantity.quantity><out_Quantity.quantity>518.857172</out_Quantity.quantity></Point><Point><position>80</position><in_Quantity.quantity>0.000000</in_Quantity.quantity><out_Quantity.quantity>668.715953</out_Quantity.quantity></Point><Point><position>81</position><in_Quantity.quantity>0.000000</in_Quantity.quantity><out_Quantity.quantity>493.342392</out_Quantity.quantity></Point><Point><position>82</position><in_Quantity.quantity>0.000000</in_Quantity.quantity><out_Quantity.quantity>683.747213</out_Quantity.quantity></Point><Point><position>83</position><in_Quantity.quantity>0.000000</in_Quantity.quantity><out_Quantity.quantity>200.837096</out_Quantity.quantity></Point><Point><position>84</position><in_Quantity.quantity>0.000000</in_Quantity.quantity><out_Quantity.quantity>929.290045</out_Quantity.quantity></Point><Point><position>85</position><in_Quantity.quantity>0.000000</in_Quantity.quantity><out_Quantity.quantity>583.440031</out_Quantity.quantity></Point><Point><position>86</position><in_Quantity.quantity>0.000000</in_Quantity.quantity><out_Quantity.quantity>783.078538</out_Quantity.quantity></Point><Point><position>87</position><in_Quantity.quantity>0.000000</in_Quantity.quantity><out_Quantity.quantity>614.275020</out_Quantity.quantity></Point><Point><position>88</position><in_Quantity.quantity>0.000000</in_Quantity.quantity><out_Quantity.quantity>19.829180</out_Quantity.quantity></Point><Point><position>89</position><in_Quantity.quantity>0.000000</in_Quantity.quantity><out_Quantity.quantity>72.032445</out_Quantity.quantity></Point><Point><position>90</position><in_Quantity.quantity>0.000000</in_Quantity.quantity><out_Quantity.quantity>462.298629</out_Quantity.quantity></Point><Point><position>91</position><in_Quantity.quantity>0.000000</in_Quantity.quantity><out_Quantity.quantity>14.958805</out_Quantity.quantity></Point><Point><position>92</position><in_Quantity.quantity>0.000000</in_Quantity.quantity><out_Quantity.quantity>975.433842</out_Quantity.quantity></Point><Point><position>93</position><in_Quantity.quantity>0.000000</in_Quantity.quantity><out_Quantity.quantity>302.424947</out_Quantity.quantity></Point><Point><position>94</position><in_Quantity.quantity>0.000000</in_Quantity.quantity><out_Quantity.quantity>758.768838</out_Quantity.quantity></Point><Point><position>95</position><in_Quantity.quantity>0.000000</in_Quantity.quantity><out_Quantity.quantity>564.435516</out_Quantity.quantity></Point><Point><position>96</position><in_Quantity.quantity>0.000000</in_Quantity.quantity><out_Quantity.quantity>0.933255</out_Quantity.quantity></Point><Point><position>97</position><in_Quantity.quantity>0.000000</in_Quantity.quantity><out_Quantity.quantity>674.285770</out_Quantity.quantity></Point><Point><position>98</position><in_Quantity.quantity>0.000000</in_Quantity.quantity><out_Quantity.quantity>785.136496</out_Quantity.quantity></Point><Point><position>99</position><in_Quantity.quantity>0.000000</in_Quantity.quantity><out_Quantity.quantity>664.181350</out_Quantity.quantity></Point><Point><position>100</position><in_Quantity.quantity>0.000000</in_Quantity.quantity><out_Quantity.quantity>325.463461</out_Quantity.quantity></Point><Point><position>101</position><in_Quantity.quantity>0.000000</in_Quantity.quantity><out_Quantity.quantity>46.813155</out_Quantity.quantity></Point><Point><position>102</position><in_Quantity.quantity>0.000000</in_Quantity.quantity><out_Quantity.quantity>960.123629</out_Quantity.quantity></Point><Point><position>103</position><in_Quantity.quantity>0.000000</in_Quantity.quantity><out_Quantity.quantity>515.649663</out_Quantity.quantity></Point><Point><position>104</position><in_Quantity.quantity>0.000000</in_Quantity.quantity><out_Quantity.quantity>782.154632</out_Quantity.quantity></Point><Point><position>105</position><in_Quantity.quantity>0.000000</in_Quantity.quantity><out_Quantity.quantity>688.336796</out_Quantity.quantity></Point><Point><position>106</position><in_Quantity.quantity>0.000000</in_Quantity.quantity><out_Quantity.quantity>572.045712</out_Quantity.quantity></Point><Point><position>107</position><in_Quantity.quantity>0.000000</in_Quantity.quantity><out_Quantity.quantity>606.954824</out_Quantity.quantity></Point><Point><position>108</position><in_Quantity.quantity>0.000000</in_Quantity.quantity><out_Quantity.quantity>475.495921</out_Quantity.quantity></Point><Point><position>109</position><in_Quantity.quantity>0.000000</in_Quantity.quantity><out_Quantity.quantity>349.550976</out_Quantity.quantity></Point><Point><position>110</position><in_Quantity.quantity>0.000000</in_Quantity.quantity><out_Quantity.quantity>591.337785</out_Quantity.quantity></Point><Point><position>111</position><in_Quantity.quantity>0.000000</in_Quantity.quantity><out_Quantity.quantity>816.673833</out_Quantity.quantity></Point><Point><position>112</position><in_Quantity.quantity>0.000000</in_Quantity.quantity><out_Quantity.quantity>72.458981</out_Quantity.quantity></Point><Point><position>113</position><in_Quantity.quantity>0.000000</in_Quantity.quantity><out_Quantity.quantity>483.055237</out_Quantity.quantity></Point><Point><position>114</position><in_Quantity.quantity>0.000000</in_Quantity.quantity><out_Quantity.quantity>643.955904</out_Quantity.quantity></Point><Point><position>115</position><in_Quantity.quantity>0.000000</in_Quantity.quantity><out_Quantity.quantity>904.204345</out_Quantity.quantity></Point><Point><position>116</position><in_Quantity.quantity>0.000000</in_Quantity.quantity><out_Quantity.quantity>427.373902</out_Quantity.quantity></Point><Point><position>117</position><in_Quantity.quantity>0.000000</in_Quantity.quantity><out_Quantity.quantity>193.908316</out_Quantity.quantity></Point><Point><position>118</position><in_Quantity.quantity>0.000000</in_Quantity.quantity><out_Quantity.quantity>424.518554</out_Quantity.quantity></Point><Point><position>119</position><in_Quantity.quantity>0.000000</in_Quantity.quantity><out_Quantity.quantity>274.425218</out_Quantity.quantity></Point><Point><position>120</position><in_Quantity.quantity>0.000000</in_Quantity.quantity><out_Quantity.quantity>762.945735</out_Quantity.quantity></Point><Point><position>121</position><in_Quantity.quantity>0.000000</in_Quantity.quantity><out_Quantity.quantity>28.009916</out_Quantity.quantity></Point><Point><position>122</position><in_Quantity.quantity>0.000000</in_Quantity.quantity><out_Quantity.quantity>290.854598</out_Quantity.quantity></Point><Point><position>123</position><in_Quantity.quantity>0.000000</in_Quantity.quantity><out_Quantity.quantity>410.035919</out_Quantity.quantity></Point><Point><position>124</position><in_Quantity.quantity>0.000000</in_Quantity.quantity><out_Quantity.quantity>590.378139</out_Quantity.quantity></Point><Point><position>125</position><in_Quantity.quantity>0.000000</in_Quantity.quantity><out_Quantity.quantity>962.434117</out_Quantity.quantity></Point><Point><position>126</position><in_Quantity.quantity>0.000000</in_Quantity.quantity><out_Quantity.quantity>25.317153</out_Quantity.quantity></Point><Point><position>127</position><in_Quantity.quantity>0.000000</in_Quantity.quantity><out_Quantity.quantity>180.597089</out_Quantity.quantity></Point><Point><position>128</position><in_Quantity.quantity>0.000000</in_Quantity.quantity><out_Quantity.quantity>606.033758</out_Quantity.quantity></Point><Point><position>129</position><in_Quantity.quantity>0.000000</in_Quantity.quantity><out_Quantity.quantity>155.046801</out_Quantity.quantity></Point><Point><position>130</position><in_Quantity.quantity>0.000000</in_Quantity.quantity><out_Quantity.quantity>890.281126</out_Quantity.quantity></Point><Point><position>131</position><in_Quantity.quantity>0.000000</in_Quantity.quantity><out_Quantity.quantity>677.577016</out_Quantity.quantity></Point><Point><position>132</position><in_Quantity.quantity>0.000000</in_Quantity.quantity><out_Quantity.quantity>947.108788</out_Quantity.quantity></Point><Point><position>133</position><in_Quantity.quantity>0.000000</in_Quantity.quantity><out_Quantity.quantity>947.061272</out_Quantity.quantity></Point><Point><position>134</position><in_Quantity.quantity>0.000000</in_Quantity.quantity><out_Quantity.quantity>355.660305</out_Quantity.quantity></Point><Point><position>135</position><in_Quantity.quantity>0.000000</in_Quantity.quantity><out_Quantity.quantity>965.031768</out_Quantity.quantity></Point><Point><position>136</position><in_Quantity.quantity>0.000000</in_Quantity.quantity><out_Quantity.quantity>292.965760</out_Quantity.quantity></Point><Point><position>137</position><in_Quantity.quantity>0.000000</in_Quantity.quantity><out_Quantity.quantity>613.856329</out_Quantity.quantity></Point><Point><position>138</position><in_Quantity.quantity>0.000000</in_Quantity.quantity><out_Quantity.quantity>773.520129</out_Quantity.quantity></Point><Point><position>139</position><in_Quantity.quantity>0.000000</in_Quantity.quantity><out_Quantity.quantity>174.076118</out_Quantity.quantity></Point><Point><position>140</position><in_Quantity.quantity>0.000000</in_Quantity.quantity><out_Quantity.quantity>509.423655</out_Quantity.quantity></Point><Point><position>141</position><in_Quantity.quantity>0.000000</in_Quantity.quantity><out_Quantity.quantity>728.961938</out_Quantity.quantity></Point><Point><position>142</position><in_Quantity.quantity>0.000000</in_Quantity.quantity><out_Quantity.quantity>856.160495</out_Quantity.quantity></Point><Point><position>143</position><in_Quantity.quantity>0.000000</in_Quantity.quantity><out_Quantity.quantity>521.608491</out_Quantity.quantity></Point><Point><position>144</position><in_Quantity.quantity>0.000000</in_Quantity.quantity><out_Quantity.quantity>602.144113</out_Quantity.quantity></Point><Point><position>145</position><in_Quantity.quantity>0.000000</in_Quantity.quantity><out_Quantity.quantity>72.386591</out_Quantity.quantity></Point><Point><position>146</position><in_Quantity.quantity>0.000000</in_Quantity.quantity><out_Quantity.quantity>840.416787</out_Quantity.quantity></Point><Point><position>147</position><in_Quantity.quantity>0.000000</in_Quantity.quantity><out_Quantity.quantity>367.314844</out_Quantity.quantity></Point><Point><position>148</position><in_Quantity.quantity>0.000000</in_Quantity.quantity><out_Quantity.quantity>860.502735</out_Quantity.quantity></Point><Point><position>149</position><in_Quantity.quantity>0.000000</in_Quantity.quantity><out_Quantity.quantity>712.523856</out_Quantity.quantity></Point><Point><position>150</position><in_Quantity.quantity>0.000000</in_Quantity.quantity><out_Quantity.quantity>251.358052</out_Quantity.quantity></Point><Point><position>151</position><in_Quantity.quantity>0.000000</in_Quantity.quantity><out_Quantity.quantity>122.167051</out_Quantity.quantity></Point><Point><position>152</position><in_Quantity.quantity>0.000000</in_Quantity.quantity><out_Quantity.quantity>888.979166</out_Quantity.quantity></Point><Point><position>153</position><in_Quantity.quantity>0.000000</in_Quantity.quantity><out_Quantity.quantity>228.796898</out_Quantity.quantity></Point><Point><position>154</position><in_Quantity.quantity>0.000000</in_Quantity.quantity><out_Quantity.quantity>515.593575</out_Quantity.quantity></Point><Point><position>155</position><in_Quantity.quantity>0.000000</in_Quantity.quantity><out_Quantity.quantity>624.065818</out_Quantity.quantity></Point><Point><position>156</position><in_Quantity.quantity>0.000000</in_Quantity.quantity><out_Quantity.quantity>54.542389</out_Quantity.quantity></Point><Point><position>157</position><in_Quantity.quantity>0.000000</in_Quantity.quantity><out_Quantity.quantity>655.590470</out_Quantity.quantity></Point><Point><position>158</position><in_Quantity.quantity>0.000000</in_Quantity.quantity><out_Quantity.quantity>987.686569</out_Quantity.quantity></Point><Point><position>159</position><in_Quantity.quantity>0.000000</in_Quantity.quantity><out_Quantity.quantity>839.706654</out_Quantity.quantity></Point><Point><position>160</position><in_Quantity.quantity>0.000000</in_Quantity.quantity><out_Quantity.quantity>619.687458</out_Quantity.quantity></Point><Point><position>161</position><in_Quantity.quantity>0.000000</in_Quantity.quantity><out_Quantity.quantity>955.859653</out_Quantity.quantity></Point><Point><position>162</position><in_Quantity.quantity>0.000000</in_Quantity.quantity><out_Quantity.quantity>359.992858</out_Quantity.quantity></Point><Point><position>163</position><in_Quantity.quantity>0.000000</in_Quantity.quantity><out_Quantity.quantity>341.226444</out_Quantity.quantity></Point><Point><position>164</position><in_Quantity.quantity>0.000000</in_Quantity.quantity><out_Quantity.quantity>280.247385</out_Quantity.quantity></Point><Point><position>165</position><in_Quantity.quantity>0.000000</in_Quantity.quantity><out_Quantity.quantity>174.137184</out_Quantity.quantity></Point><Point><position>166</position><in_Quantity.quantity>0.000000</in_Quantity.quantity><out_Quantity.quantity>169.006622</out_Quantity.quantity></Point><Point><position>167</position><in_Quantity.quantity>0.000000</in_Quantity.quantity><out_Quantity.quantity>378.769837</out_Quantity.quantity></Point><Point><position>168</position><in_Quantity.quantity>0.000000</in_Quantity.quantity><out_Quantity.quantity>383.055998</out_Quantity.quantity></Point><Point><position>169</position><in_Quantity.quantity>0.000000</in_Quantity.quantity><out_Quantity.quantity>3.430596</out_Quantity.quantity></Point><Point><position>170</position><in_Quantity.quantity>0.000000</in_Quantity.quantity><out_Quantity.quantity>600.068578</out_Quantity.quantity></Point><Point><position>171</position><in_Quantity.quantity>0.000000</in_Quantity.quantity><out_Quantity.quantity>976.595614</out_Quantity.quantity></Point><Point><position>172</position><in_Quantity.quantity>0.000000</in_Quantity.quantity><out_Quantity.quantity>302.628036</out_Quantity.quantity></Point><Point><position>173</position><in_Quantity.quantity>0.000000</in_Quantity.quantity><out_Quantity.quantity>201.176491</out_Quantity.quantity></Point><Point><position>174</position><in_Quantity.quantity>0.000000</in_Quantity.quantity><out_Quantity.quantity>580.873060</out_Quantity.quantity></Point><Point><position>175</position><in_Quantity.quantity>0.000000</in_Quantity.quantity><out_Quantity.quantity>924.157107</out_Quantity.quantity></Point><Point><position>176</position><in_Quantity.quantity>0.000000</in_Quantity.quantity><out_Quantity.quantity>776.892566</out_Quantity.quantity></Point><Point><position>177</position><in_Quantity.quantity>0.000000</in_Quantity.quantity><out_Quantity.quantity>435.525164</out_Quantity.quantity></Point><Point><position>178</position><in_Quantity.quantity>0.000000</in_Quantity.quantity><out_Quantity.quantity>565.069394</out_Quantity.quantity></Point><Point><position>179</position><in_Quantity.quantity>0.000000</in_Quantity.quantity><out_Quantity.quantity>681.272517</out_Quantity.quantity></Point><Point><position>180</position><in_Quantity.quantity>0.000000</in_Quantity.quantity><out_Quantity.quantity>755.855636</out_Quantity.quantity></Point><Point><position>181</position><in_Quantity.quantity>0.000000</in_Quantity.quantity><out_Quantity.quantity>728.827851</out_Quantity.quantity></Point><Point><position>182</position><in_Quantity.quantity>0.000000</in_Quantity.quantity><out_Quantity.quantity>856.604215</out_Quantity.quantity></Point><Point><position>183</position><in_Quantity.quantity>0.000000</in_Quantity.quantity><out_Quantity.quantity>875.534429</out_Quantity.quantity></Point><Point><position>184</position><in_Quantity.quantity>0.000000</in_Quantity.quantity><out_Quantity.quantity>397.312707</out_Quantity.quantity></Point><Point><position>185</position><in_Quantity.quantity>0.000000</in_Quantity.quantity><out_Quantity.quantity>50.093691</out_Quantity.quantity></Point><Point><position>186</position><in_Quantity.quantity>0.000000</in_Quantity.quantity><out_Quantity.quantity>901.848653</out_Quantity.quantity></Point><Point><position>187</position><in_Quantity.quantity>0.000000</in_Quantity.quantity><out_Quantity.quantity>536.792346</out_Quantity.quantity></Point><Point><position>188</position><in_Quantity.quantity>0.000000</in_Quantity.quantity><out_Quantity.quantity>395.552637</out_Quantity.quantity></Point><Point><position>189</position><in_Quantity.quantity>0.000000</in_Quantity.quantity><out_Quantity.quantity>52.934995</out_Quantity.quantity></Point><Point><position>190</position><in_Quantity.quantity>0.000000</in_Quantity.quantity><out_Quantity.quantity>24.660470</out_Quantity.quantity></Point><Point><position>191</position><in_Quantity.quantity>0.000000</in_Quantity.quantity><out_Quantity.quantity>382.175906</out_Quantity.quantity></Point><Point><position>192</position><in_Quantity.quantity>0.000000</in_Quantity.quantity><out_Quantity.quantity>388.789014</out_Quantity.quantity></Point><Point><position>193</position><in_Quantity.quantity>0.000000</in_Quantity.quantity><out_Quantity.quantity>51.307775</out_Quantity.quantity></Point><Point><position>194</position><in_Quantity.quantity>0.000000</in_Quantity.quantity><out_Quantity.quantity>666.856688</out_Quantity.quantity></Point><Point><position>195</position><in_Quantity.quantity>0.000000</in_Quantity.quantity><out_Quantity.quantity>237.525820</out_Quantity.quantity></Point><Point><position>196</position><in_Quantity.quantity>0.000000</in_Quantity.quantity><out_Quantity.quantity>343.675428</out_Quantity.quantity></Point><Point><position>197</position><in_Quantity.quantity>0.000000</in_Quantity.quantity><out_Quantity.quantity>402.856102</out_Quantity.quantity></Point><Point><position>198</position><in_Quantity.quantity>0.000000</in_Quantity.quantity><out_Quantity.quantity>822.236390</out_Quantity.quantity></Point><Point><position>199</position><in_Quantity.quantity>0.000000</in_Quantity.quantity><out_Quantity.quantity>699.855735</out_Quantity.quantity></Point><Point><position>200</position><in_Quantity.quantity>0.000000</in_Quantity.quantity><out_Quantity.quantity>404.972627</out_Quantity.quantity></Point><Point><position>201</position><in_Quantity.quantity>0.000000</in_Quantity.quantity><out_Quantity.quantity>187.344666</out_Quantity.quantity></Point><Point><position>202</position><in_Quantity.quantity>0.000000</in_Quantity.quantity><out_Quantity.quantity>166.118900</out_Quantity.quantity></Point><Point><position>203</position><in_Quantity.quantity>0.000000</in_Quantity.quantity><out_Quantity.quantity>959.967185</out_Quantity.quantity></Point><Point><position>204</position><in_Quantity.quantity>0.000000</in_Quantity.quantity><out_Quantity.quantity>8.567869</out_Quantity.quantity></Point><Point><position>205</position><in_Quantity.quantity>0.000000</in_Quantity.quantity><out_Quantity.quantity>807.363067</out_Quantity.quantity></Point><Point><position>206</position><in_Quantity.quantity>0.000000</in_Quantity.quantity><out_Quantity.quantity>244.593568</out_Quantity.quantity></Point><Point><position>207</position><in_Quantity.quantity>0.000000</in_Quantity.quantity><out_Quantity.quantity>363.906411</out_Quantity.quantity></Point><Point><position>208</position><in_Quantity.quantity>0.000000</in_Quantity.quantity><out_Quantity.quantity>33.807487</out_Quantity.quantity></Point><Point><position>209</position><in_Quantity.quantity>0.000000</in_Quantity.quantity><out_Quantity.quantity>239.973275</out_Quantity.quantity></Point><Point><position>210</position><in_Quantity.quantity>0.000000</in_Quantity.quantity><out_Quantity.quantity>215.748088</out_Quantity.quantity></Point><Point><position>211</position><in_Quantity.quantity>0.000000</in_Quantity.quantity><out_Quantity.quantity>286.455033</out_Quantity.quantity></Point><Point><position>212</position><in_Quantity.quantity>0.000000</in_Quantity.quantity><out_Quantity.quantity>9.871849</out_Quantity.quantity></Point><Point><position>213</position><in_Quantity.quantity>0.000000</in_Quantity.quantity><out_Quantity.quantity>147.920942</out_Quantity.quantity></Point><Point><position>214</position><in_Quantity.quantity>0.000000</in_Quantity.quantity><out_Quantity.quantity>458.111321</out_Quantity.quantity></Point><Point><position>215</position><in_Quantity.quantity>0.000000</in_Quantity.quantity><out_Quantity.quantity>59.415545</out_Quantity.quantity></Point><Point><position>216</position><in_Quantity.quantity>0.000000</in_Quantity.quantity><out_Quantity.quantity>749.958168</out_Quantity.quantity></Point><Point><position>217</position><in_Quantity.quantity>0.000000</in_Quantity.quantity><out_Quantity.quantity>593.381099</out_Quantity.quantity></Point><Point><position>218</position><in_Quantity.quantity>0.000000</in_Quantity.quantity><out_Quantity.quantity>735.046752</out_Quantity.quantity></Point><Point><position>219</position><in_Quantity.quantity>0.000000</in_Quantity.quantity><out_Quantity.quantity>864.779432</out_Quantity.quantity></Point><Point><position>220</position><in_Quantity.quantity>0.000000</in_Quantity.quantity><out_Quantity.quantity>170.191424</out_Quantity.quantity></Point><Point><position>221</position><in_Quantity.quantity>0.000000</in_Quantity.quantity><out_Quantity.quantity>820.499816</out_Quantity.quantity></Point><Point><position>222</position><in_Quantity.quantity>0.000000</in_Quantity.quantity><out_Quantity.quantity>932.025421</out_Quantity.quantity></Point><Point><position>223</position><in_Quantity.quantity>0.000000</in_Quantity.quantity><out_Quantity.quantity>282.453368</out_Quantity.quantity></Point><Point><position>224</position><in_Quantity.quantity>0.000000</in_Quantity.quantity><out_Quantity.quantity>461.120306</out_Quantity.quantity></Point><Point><position>225</position><in_Quantity.quantity>0.000000</in_Quantity.quantity><out_Quantity.quantity>997.214243</out_Quantity.quantity></Point><Point><position>226</position><in_Quantity.quantity>0.000000</in_Quantity.quantity><out_Quantity.quantity>819.174019</out_Quantity.quantity></Point><Point><position>227</position><in_Quantity.quantity>0.000000</in_Quantity.quantity><out_Quantity.quantity>571.402504</out_Quantity.quantity></Point><Point><position>228</position><in_Quantity.quantity>0.000000</in_Quantity.quantity><out_Quantity.quantity>803.137637</out_Quantity.quantity></Point><Point><position>229</position><in_Quantity.quantity>0.000000</in_Quantity.quantity><out_Quantity.quantity>865.062381</out_Quantity.quantity></Point><Point><position>230</position><in_Quantity.quantity>0.000000</in_Quantity.quantity><out_Quantity.quantity>514.645680</out_Quantity.quantity></Point><Point><position>231</position><in_Quantity.quantity>0.000000</in_Quantity.quantity><out_Quantity.quantity>64.886586</out_Quantity.quantity></Point><Point><position>232</position><in_Quantity.quantity>0.000000</in_Quantity.quantity><out_Quantity.quantity>287.236140</out_Quantity.quantity></Point><Point><position>233</position><in_Quantity.quantity>0.000000</in_Quantity.quantity><out_Quantity.quantity>397.896965</out_Quantity.quantity></Point><Point><position>234</position><in_Quantity.quantity>0.000000</in_Quantity.quantity><out_Quantity.quantity>552.776973</out_Quantity.quantity></Point><Point><position>235</position><in_Quantity.quantity>0.000000</in_Quantity.quantity><out_Quantity.quantity>481.690223</out_Quantity.quantity></Point><Point><position>236</position><in_Quantity.quantity>0.000000</in_Quantity.quantity><out_Quantity.quantity>634.064477</out_Quantity.quantity></Point><Point><position>237</position><in_Quantity.quantity>0.000000</in_Quantity.quantity><out_Quantity.quantity>957.895584</out_Quantity.quantity></Point><Point><position>238</position><in_Quantity.quantity>0.000000</in_Quantity.quantity><out_Quantity.quantity>564.027961</out_Quantity.quantity></Point><Point><position>239</position><in_Quantity.quantity>0.000000</in_Quantity.quantity><out_Quantity.quantity>755.822984</out_Quantity.quantity></Point><Point><position>240</position><in_Quantity.quantity>0.000000</in_Quantity.quantity><out_Quantity.quantity>100.107099</out_Quantity.quantity></Point><Point><position>241</position><in_Quantity.quantity>0.000000</in_Quantity.quantity><out_Quantity.quantity>79.008942</out_Quantity.quantity></Point><Point><position>242</position><in_Quantity.quantity>0.000000</in_Quantity.quantity><out_Quantity.quantity>390.319831</out_Quantity.quantity></Point><Point><position>243</position><in_Quantity.quantity>0.000000</in_Quantity.quantity><out_Quantity.quantity>57.899395</out_Quantity.quantity></Point><Point><position>244</position><in_Quantity.quantity>0.000000</in_Quantity.quantity><out_Quantity.quantity>509.034836</out_Quantity.quantity></Point><Point><position>245</position><in_Quantity.quantity>0.000000</in_Quantity.quantity><out_Quantity.quantity>134.470376</out_Quantity.quantity></Point><Point><position>246</position><in_Quantity.quantity>0.000000</in_Quantity.quantity><out_Quantity.quantity>490.655939</out_Quantity.quantity></Point><Point><position>247</position><in_Quantity.quantity>0.000000</in_Quantity.quantity><out_Quantity.quantity>821.699830</out_Quantity.quantity></Point><Point><position>248</position><in_Quantity.quantity>0.000000</in_Quantity.quantity><out_Quantity.quantity>448.238756</out_Quantity.quantity></Point><Point><position>249</position><in_Quantity.quantity>0.000000</in_Quantity.quantity><out_Quantity.quantity>496.210473</out_Quantity.quantity></Point><Point><position>250</position><in_Quantity.quantity>0.000000</in_Quantity.quantity><out_Quantity.quantity>405.157991</out_Quantity.quantity></Point><Point><position>251</position><in_Quantity.quantity>0.000000</in_Quantity.quantity><out_Quantity.quantity>394.300180</out_Quantity.quantity></Point><Point><position>252</position><in_Quantity.quantity>0.000000</in_Quantity.quantity><out_Quantity.quantity>914.059856</out_Quantity.quantity></Point><Point><position>253</position><in_Quantity.quantity>0.000000</in_Quantity.quantity><out_Quantity.quantity>532.742519</out_Quantity.quantity></Point><Point><position>254</position><in_Quantity.quantity>0.000000</in_Quantity.quantity><out_Quantity.quantity>148.693281</out_Quantity.quantity></Point><Point><position>255</position><in_Quantity.quantity>0.000000</in_Quantity.quantity><out_Quantity.quantity>654.784449</out_Quantity.quantity></Point><Point><position>256</position><in_Quantity.quantity>0.000000</in_Quantity.quantity><out_Quantity.quantity>276.012511</out_Quantity.quantity></Point><Point><position>257</position><in_Quantity.quantity>0.000000</in_Quantity.quantity><out_Quantity.quantity>935.013183</out_Quantity.quantity></Point><Point><position>258</position><in_Quantity.quantity>0.000000</in_Quantity.quantity><out_Quantity.quantity>730.542664</out_Quantity.quantity></Point><Point><position>259</position><in_Quantity.quantity>0.000000</in_Quantity.quantity><out_Quantity.quantity>653.189584</out_Quantity.quantity></Point><Point><position>260</position><in_Quantity.quantity>0.000000</in_Quantity.quantity><out_Quantity.quantity>829.262122</out_Quantity.quantity></Point><Point><position>261</position><in_Quantity.quantity>0.000000</in_Quantity.quantity><out_Quantity.quantity>734.453223</out_Quantity.quantity></Point><Point><position>262</position><in_Quantity.quantity>0.000000</in_Quantity.quantity><out_Quantity.quantity>931.908006</out_Quantity.quantity></Point><Point><position>263</position><in_Quantity.quantity>0.000000</in_Quantity.quantity><out_Quantity.quantity>161.679007</out_Quantity.quantity></Point><Point><position>264</position><in_Quantity.quantity>0.000000</in_Quantity.quantity><out_Quantity.quantity>640.046642</out_Quantity.quantity></Point><Point><position>265</position><in_Quantity.quantity>0.000000</in_Quantity.quantity><out_Quantity.quantity>877.315459</out_Quantity.quantity></Point><Point><position>266</position><in_Quantity.quantity>0.000000</in_Quantity.quantity><out_Quantity.quantity>69.779748</out_Quantity.quantity></Point><Point><position>267</position><in_Quantity.quantity>0.000000</in_Quantity.quantity><out_Quantity.quantity>633.360350</out_Quantity.quantity></Point><Point><position>268</position><in_Quantity.quantity>0.000000</in_Quantity.quantity><out_Quantity.quantity>29.466751</out_Quantity.quantity></Point><Point><position>269</position><in_Quantity.quantity>0.000000</in_Quantity.quantity><out_Quantity.quantity>606.227862</out_Quantity.quantity></Point><Point><position>270</position><in_Quantity.quantity>0.000000</in_Quantity.quantity><out_Quantity.quantity>934.140592</out_Quantity.quantity></Point><Point><position>271</position><in_Quantity.quantity>0.000000</in_Quantity.quantity><out_Quantity.quantity>380.448748</out_Quantity.quantity></Point><Point><position>272</position><in_Quantity.quantity>0.000000</in_Quantity.quantity><out_Quantity.quantity>681.738772</out_Quantity.quantity></Point><Point><position>273</position><in_Quantity.quantity>0.000000</in_Quantity.quantity><out_Quantity.quantity>263.681355</out_Quantity.quantity></Point><Point><position>274</position><in_Quantity.quantity>0.000000</in_Quantity.quantity><out_Quantity.quantity>326.859172</out_Quantity.quantity></Point><Point><position>275</position><in_Quantity.quantity>0.000000</in_Quantity.quantity><out_Quantity.quantity>963.365624</out_Quantity.quantity></Point><Point><position>276</position><in_Quantity.quantity>0.000000</in_Quantity.quantity><out_Quantity.quantity>591.398849</out_Quantity.quantity></Point><Point><position>277</position><in_Quantity.quantity>0.000000</in_Quantity.quantity><out_Quantity.quantity>933.074467</out_Quantity.quantity></Point><Point><position>278</position><in_Quantity.quantity>0.000000</in_Quantity.quantity><out_Quantity.quantity>918.245264</out_Quantity.quantity></Point><Point><position>279</position><in_Quantity.quantity>0.000000</in_Quantity.quantity><out_Quantity.quantity>808.396771</out_Quantity.quantity></Point><Point><position>280</position><in_Quantity.quantity>0.000000</in_Quantity.quantity><out_Quantity.quantity>984.833256</out_Quantity.quantity></Point><Point><position>281</position><in_Quantity.quantity>0.000000</in_Quantity.quantity><out_Quantity.quantity>233.949957</out_Quantity.quantity></Point><Point><position>282</position><in_Quantity.quantity>0.000000</in_Quantity.quantity><out_Quantity.quantity>775.288538</out_Quantity.quantity></Point><Point><position>283</position><in_Quantity.quantity>0.000000</in_Quantity.quantity><out_Quantity.quantity>504.783231</out_Quantity.quantity></Point><Point><position>284</position><in_Quantity.quantity>0.000000</in_Quantity.quantity><out_Quantity.quantity>641.178215</out_Quantity.quantity></Point><Point><position>285</position><in_Quantity.quantity>0.000000</in_Quantity.quantity><out_Quantity.quantity>654.575442</out_Quantity.quantity></Point><Point><position>286</position><in_Quantity.quantity>0.000000</in_Quantity.quantity><out_Quantity.quantity>58.247889</out_Quantity.quantity></Point><Point><position>287</position><in_Quantity.quantity>0.000000</in_Quantity.quantity><out_Quantity.quantity>38.693386</out_Quantity.quantity></Point><Point><position>288</position><in_Quantity.quantity>0.000000</in_Quantity.quantity><out_Quantity.quantity>211.067944</out_Quantity.quantity></Point><Point><position>289</position><in_Quantity.quantity>0.000000</in_Quantity.quantity><out_Quantity.quantity>77.136631</out_Quantity.quantity></Point><Point><position>290</position><in_Quantity.quantity>0.000000</in_Quantity.quantity><out_Quantity.quantity>714.725556</out_Quantity.quantity></Point><Point><position>291</position><in_Quantity.quantity>0.000000</in_Quantity.quantity><out_Quantity.quantity>192.860344</out_Quantity.quantity></Point><Point><position>292</position><in_Quantity.quantity>0.000000</in_Quantity.quantity><out_Quantity.quantity>844.778114</out_Quantity.quantity></Point><Point><position>293</position><in_Quantity.quantity>0.000000</in_Quantity.quantity><out_Quantity.quantity>86.296574</out_Quantity.quantity></Point><Point><position>294</position><in_Quantity.quantity>0.000000</in_Quantity.quantity><out_Quantity.quantity>688.230801</out_Quantity.quantity></Point><Point><position>295</position><in_Quantity.quantity>0.000000</in_Quantity.quantity><out_Quantity.quantity>435.994818</out_Quantity.quantity></Point><Point><position>296</position><in_Quantity.quantity>0.000000</in_Quantity.quantity><out_Quantity.quantity>822.800647</out_Quantity.quantity></Point><Point><position>297</position><in_Quantity.quantity>0.000000</in_Quantity.quantity><out_Quantity.quantity>14.864163</out_Quantity.quantity></Point><Point><position>298</position><in_Quantity.quantity>0.000000</in_Quantity.quantity><out_Quantity.quantity>65.424106</out_Quantity.quantity></Point><Point><position>299</position><in_Quantity.quantity>0.000000</in_Quantity.quantity><out_Quantity.quantity>437.409421</out_Quantity.quantity></Point><Point><position>300</position><in_Quantity.quantity>0.000000</in_Quantity.quantity><out_Quantity.quantity>928.565415</out_Quantity.quantity></Point><Point><position>301</position><in_Quantity.quantity>0.000000</in_Quantity.quantity><out_Quantity.quantity>376.185203</out_Quantity.quantity></Point><Point><position>302</position><in_Quantity.quantity>0.000000</in_Quantity.quantity><out_Quantity.quantity>316.703221</out_Quantity.quantity></Point><Point><position>303</position><in_Quantity.quantity>0.000000</in_Quantity.quantity><out_Quantity.quantity>442.850691</out_Quantity.quantity></Point><Point><position>304</position><in_Quantity.quantity>0.000000</in_Quantity.quantity><out_Quantity.quantity>877.477868</out_Quantity.quantity></Point><Point><position>305</position><in_Quantity.quantity>0.000000</in_Quantity.quantity><out_Quantity.quantity>440.050973</out_Quantity.quantity></Point><Point><position>306</position><in_Quantity.quantity>0.000000</in_Quantity.quantity><out_Quantity.quantity>813.412309</out_Quantity.quantity></Point><Point><position>307</position><in_Quantity.quantity>0.000000</in_Quantity.quantity><out_Quantity.quantity>320.915879</out_Quantity.quantity></Point><Point><position>308</position><in_Quantity.quantity>0.000000</in_Quantity.quantity><out_Quantity.quantity>449.594554</out_Quantity.quantity></Point><Point><position>309</position><in_Quantity.quantity>0.000000</in_Quantity.quantity><out_Quantity.quantity>859.273949</out_Quantity.quantity></Point><Point><position>310</position><in_Quantity.quantity>0.000000</in_Quantity.quantity><out_Quantity.quantity>699.073238</out_Quantity.quantity></Point><Point><position>311</position><in_Quantity.quantity>0.000000</in_Quantity.quantity><out_Quantity.quantity>457.824495</out_Quantity.quantity></Point><Point><position>312</position><in_Quantity.quantity>0.000000</in_Quantity.quantity><out_Quantity.quantity>123.416776</out_Quantity.quantity></Point><Point><position>313</position><in_Quantity.quantity>0.000000</in_Quantity.quantity><out_Quantity.quantity>842.681384</out_Quantity.quantity></Point><Point><position>314</position><in_Quantity.quantity>0.000000</in_Quantity.quantity><out_Quantity.quantity>780.037243</out_Quantity.quantity></Point><Point><position>315</position><in_Quantity.quantity>0.000000</in_Quantity.quantity><out_Quantity.quantity>91.407825</out_Quantity.quantity></Point><Point><position>316</position><in_Quantity.quantity>0.000000</in_Quantity.quantity><out_Quantity.quantity>632.878257</out_Quantity.quantity></Point><Point><position>317</position><in_Quantity.quantity>0.000000</in_Quantity.quantity><out_Quantity.quantity>279.082045</out_Quantity.quantity></Point><Point><position>318</position><in_Quantity.quantity>0.000000</in_Quantity.quantity><out_Quantity.quantity>670.799282</out_Quantity.quantity></Point><Point><position>319</position><in_Quantity.quantity>0.000000</in_Quantity.quantity><out_Quantity.quantity>479.818165</out_Quantity.quantity></Point><Point><position>320</position><in_Quantity.quantity>0.000000</in_Quantity.quantity><out_Quantity.quantity>232.649734</out_Quantity.quantity></Point><Point><position>321</position><in_Quantity.quantity>0.000000</in_Quantity.quantity><out_Quantity.quantity>817.716866</out_Quantity.quantity></Point><Point><position>322</position><in_Quantity.quantity>0.000000</in_Quantity.quantity><out_Quantity.quantity>572.074457</out_Quantity.quantity></Point><Point><position>323</position><in_Quantity.quantity>0.000000</in_Quantity.quantity><out_Quantity.quantity>976.680732</out_Quantity.quantity></Point><Point><position>324</position><in_Quantity.quantity>0.000000</in_Quantity.quantity><out_Quantity.quantity>87.349951</out_Quantity.quantity></Point><Point><position>325</position><in_Quantity.quantity>0.000000</in_Quantity.quantity><out_Quantity.quantity>626.346454</out_Quantity.quantity></Point><Point><position>326</position><in_Quantity.quantity>0.000000</in_Quantity.quantity><out_Quantity.quantity>584.408910</out_Quantity.quantity></Point><Point><position>327</position><in_Quantity.quantity>0.000000</in_Quantity.quantity><out_Quantity.quantity>992.152851</out_Quantity.quantity></Point><Point><position>328</position><in_Quantity.quantity>0.000000</in_Quantity.quantity><out_Quantity.quantity>336.573495</out_Quantity.quantity></Point><Point><position>329</position><in_Quantity.quantity>0.000000</in_Quantity.quantity><out_Quantity.quantity>979.299878</out_Quantity.quantity></Point><Point><position>330</position><in_Quantity.quantity>0.000000</in_Quantity.quantity><out_Quantity.quantity>879.544371</out_Quantity.quantity></Point><Point><position>331</position><in_Quantity.quantity>0.000000</in_Quantity.quantity><out_Quantity.quantity>363.294832</out_Quantity.quantity></Point><Point><position>332</position><in_Quantity.quantity>0.000000</in_Quantity.quantity><out_Quantity.quantity>824.924245</out_Quantity.quantity></Point><Point><position>333</position><in_Quantity.quantity>0.000000</in_Quantity.quantity><out_Quantity.quantity>702.064909</out_Quantity.quantity></Point><Point><position>334</position><in_Quantity.quantity>0.000000</in_Quantity.quantity><out_Quantity.quantity>446.102491</out_Quantity.quantity></Point><Point><position>335</position><in_Quantity.quantity>0.000000</in_Quantity.quantity><out_Quantity.quantity>290.284940</out_Quantity.quantity></Point><Point><position>336</position><in_Quantity.quantity>0.000000</in_Quantity.quantity><out_Quantity.quantity>41.061881</out_Quantity.quantity></Point><Point><position>337</position><in_Quantity.quantity>0.000000</in_Quantity.quantity><out_Quantity.quantity>504.525306</out_Quantity.quantity></Point><Point><position>338</position><in_Quantity.quantity>0.000000</in_Quantity.quantity><out_Quantity.quantity>506.844515</out_Quantity.quantity></Point><Point><position>339</position><in_Quantity.quantity>0.000000</in_Quantity.quantity><out_Quantity.quantity>936.388931</out_Quantity.quantity></Point><Point><position>340</position><in_Quantity.quantity>0.000000</in_Quantity.quantity><out_Quantity.quantity>106.234705</out_Quantity.quantity></Point><Point><position>341</position><in_Quantity.quantity>0.000000</in_Quantity.quantity><out_Quantity.quantity>529.241360</out_Quantity.quantity></Point><Point><position>342</position><in_Quantity.quantity>0.000000</in_Quantity.quantity><out_Quantity.quantity>526.247676</out_Quantity.quantity></Point><Point><position>343</position><in_Quantity.quantity>0.000000</in_Quantity.quantity><out_Quantity.quantity>911.071792</out_Quantity.quantity></Point><Point><position>344</position><in_Quantity.quantity>0.000000</in_Quantity.quantity><out_Quantity.quantity>481.302123</out_Quantity.quantity></Point><Point><position>345</position><in_Quantity.quantity>0.000000</in_Quantity.quantity><out_Quantity.quantity>768.365199</out_Quantity.quantity></Point><Point><position>346</position><in_Quantity.quantity>0.000000</in_Quantity.quantity><out_Quantity.quantity>427.521819</out_Quantity.quantity></Point><Point><position>347</position><in_Quantity.quantity>0.000000</in_Quantity.quantity><out_Quantity.quantity>68.509958</out_Quantity.quantity></Point><Point><position>348</position><in_Quantity.quantity>0.000000</in_Quantity.quantity><out_Quantity.quantity>370.003140</out_Quantity.quantity></Point><Point><position>349</position><in_Quantity.quantity>0.000000</in_Quantity.quantity><out_Quantity.quantity>414.905245</out_Quantity.quantity></Point><Point><position>350</position><in_Quantity.quantity>0.000000</in_Quantity.quantity><out_Quantity.quantity>903.913092</out_Quantity.quantity></Point><Point><position>351</position><in_Quantity.quantity>0.000000</in_Quantity.quantity><out_Quantity.quantity>126.533162</out_Quantity.quantity></Point><Point><position>352</position><in_Quantity.quantity>0.000000</in_Quantity.quantity><out_Quantity.quantity>620.263102</out_Quantity.quantity></Point><Point><position>353</position><in_Quantity.quantity>0.000000</in_Quantity.quantity><out_Quantity.quantity>252.654028</out_Quantity.quantity></Point><Point><position>354</position><in_Quantity.quantity>0.000000</in_Quantity.quantity><out_Quantity.quantity>294.136423</out_Quantity.quantity></Point><Point><position>355</position><in_Quantity.quantity>0.000000</in_Quantity.quantity><out_Quantity.quantity>69.163898</out_Quantity.quantity></Point><Point><position>356</position><in_Quantity.quantity>0.000000</in_Quantity.quantity><out_Quantity.quantity>484.150844</out_Quantity.quantity></Point><Point><position>357</position><in_Quantity.quantity>0.000000</in_Quantity.quantity><out_Quantity.quantity>99.552882</out_Quantity.quantity></Point><Point><position>358</position><in_Quantity.quantity>0.000000</in_Quantity.quantity><out_Quantity.quantity>716.087945</out_Quantity.quantity></Point><Point><position>359</position><in_Quantity.quantity>0.000000</in_Quantity.quantity><out_Quantity.quantity>126.514352</out_Quantity.quantity></Point><Point><position>360</position><in_Quantity.quantity>0.000000</in_Quantity.quantity><out_Quantity.quantity>298.790244</out_Quantity.quantity></Point><Point><position>361</position><in_Quantity.quantity>0.000000</in_Quantity.quantity><out_Quantity.quantity>69.546204</out_Quantity.quantity></Point><Point><position>362</position><in_Quantity.quantity>0.000000</in_Quantity.quantity><out_Quantity.quantity>179.781750</out_Quantity.quantity></Point><Point><position>363</position><in_Quantity.quantity>0.000000</in_Quantity.quantity><out_Quantity.quantity>326.215357</out_Quantity.quantity></Point><Point><position>364</position><in_Quantity.quantity>0.000000</in_Quantity.quantity><out_Quantity.quantity>811.710257</out_Quantity.quantity></Point><Point><position>365</position><in_Quantity.quantity>0.000000</in_Quantity.quantity><out_Quantity.quantity>789.874989</out_Quantity.quantity></Point><Point><position>366</position><in_Quantity.quantity>0.000000</in_Quantity.quantity><out_Quantity.quantity>475.674183</out_Quantity.quantity></Point><Point><position>367</position><in_Quantity.quantity>0.000000</in_Quantity.quantity><out_Quantity.quantity>647.602189</out_Quantity.quantity></Point><Point><position>368</position><in_Quantity.quantity>0.000000</in_Quantity.quantity><out_Quantity.quantity>751.358975</out_Quantity.quantity></Point><Point><position>369</position><in_Quantity.quantity>0.000000</in_Quantity.quantity><out_Quantity.quantity>357.126730</out_Quantity.quantity></Point><Point><position>370</position><in_Quantity.quantity>0.000000</in_Quantity.quantity><out_Quantity.quantity>123.002891</out_Quantity.quantity></Point><Point><position>371</position><in_Quantity.quantity>0.000000</in_Quantity.quantity><out_Quantity.quantity>140.176327</out_Quantity.quantity></Point><Point><position>372</position><in_Quantity.quantity>0.000000</in_Quantity.quantity><out_Quantity.quantity>128.241252</out_Quantity.quantity></Point><Point><position>373</position><in_Quantity.quantity>0.000000</in_Quantity.quantity><out_Quantity.quantity>748.724338</out_Quantity.quantity></Point><Point><position>374</position><in_Quantity.quantity>0.000000</in_Quantity.quantity><out_Quantity.quantity>654.478819</out_Quantity.quantity></Point><Point><position>375</position><in_Quantity.quantity>0.000000</in_Quantity.quantity><out_Quantity.quantity>913.572775</out_Quantity.quantity></Point><Point><position>376</position><in_Quantity.quantity>0.000000</in_Quantity.quantity><out_Quantity.quantity>142.564598</out_Quantity.quantity></Point><Point><position>377</position><in_Quantity.quantity>0.000000</in_Quantity.quantity><out_Quantity.quantity>334.148433</out_Quantity.quantity></Point><Point><position>378</position><in_Quantity.quantity>0.000000</in_Quantity.quantity><out_Quantity.quantity>489.055648</out_Quantity.quantity></Point><Point><position>379</position><in_Quantity.quantity>0.000000</in_Quantity.quantity><out_Quantity.quantity>443.220116</out_Quantity.quantity></Point><Point><position>380</position><in_Quantity.quantity>0.000000</in_Quantity.quantity><out_Quantity.quantity>563.487277</out_Quantity.quantity></Point><Point><position>381</position><in_Quantity.quantity>0.000000</in_Quantity.quantity><out_Quantity.quantity>181.777896</out_Quantity.quantity></Point><Point><position>382</position><in_Quantity.quantity>0.000000</in_Quantity.quantity><out_Quantity.quantity>627.650133</out_Quantity.quantity></Point><Point><position>383</position><in_Quantity.quantity>0.000000</in_Quantity.quantity><out_Quantity.quantity>303.385857</out_Quantity.quantity></Point><Point><position>384</position><in_Quantity.quantity>0.000000</in_Quantity.quantity><out_Quantity.quantity>978.405744</out_Quantity.quantity></Point><Point><position>385</position><in_Quantity.quantity>0.000000</in_Quantity.quantity><out_Quantity.quantity>343.353091</out_Quantity.quantity></Point><Point><position>386</position><in_Quantity.quantity>0.000000</in_Quantity.quantity><out_Quantity.quantity>414.104860</out_Quantity.quantity></Point><Point><position>387</position><in_Quantity.quantity>0.000000</in_Quantity.quantity><out_Quantity.quantity>80.471623</out_Quantity.quantity></Point><Point><position>388</position><in_Quantity.quantity>0.000000</in_Quantity.quantity><out_Quantity.quantity>870.791267</out_Quantity.quantity></Point><Point><position>389</position><in_Quantity.quantity>0.000000</in_Quantity.quantity><out_Quantity.quantity>135.298277</out_Quantity.quantity></Point><Point><position>390</position><in_Quantity.quantity>0.000000</in_Quantity.quantity><out_Quantity.quantity>474.831929</out_Quantity.quantity></Point><Point><position>391</position><in_Quantity.quantity>0.000000</in_Quantity.quantity><out_Quantity.quantity>59.292175</out_Quantity.quantity></Point><Point><position>392</position><in_Quantity.quantity>0.000000</in_Quantity.quantity><out_Quantity.quantity>207.677251</out_Quantity.quantity></Point><Point><position>393</position><in_Quantity.quantity>0.000000</in_Quantity.quantity><out_Quantity.quantity>479.856802</out_Quantity.quantity></Point><Point><position>394</position><in_Quantity.quantity>0.000000</in_Quantity.quantity><out_Quantity.quantity>493.193987</out_Quantity.quantity></Point><Point><position>395</position><in_Quantity.quantity>0.000000</in_Quantity.quantity><out_Quantity.quantity>108.128435</out_Quantity.quantity></Point><Point><position>396</position><in_Quantity.quantity>0.000000</in_Quantity.quantity><out_Quantity.quantity>54.885668</out_Quantity.quantity></Point><Point><position>397</position><in_Quantity.quantity>0.000000</in_Quantity.quantity><out_Quantity.quantity>950.133283</out_Quantity.quantity></Point><Point><position>398</position><in_Quantity.quantity>0.000000</in_Quantity.quantity><out_Quantity.quantity>233.416024</out_Quantity.quantity></Point><Point><position>399</position><in_Quantity.quantity>0.000000</in_Quantity.quantity><out_Quantity.quantity>36.538787</out_Quantity.quantity></Point><Point><position>400</position><in_Quantity.quantity>0.000000</in_Quantity.quantity><out_Quantity.quantity>381.178497</out_Quantity.quantity></Point><Point><position>401</position><in_Quantity.quantity>0.000000</in_Quantity.quantity><out_Quantity.quantity>377.100372</out_Quantity.quantity></Point><Point><position>402</position><in_Quantity.quantity>0.000000</in_Quantity.quantity><out_Quantity.quantity>342.058063</out_Quantity.quantity></Point><Point><position>403</position><in_Quantity.quantity>0.000000</in_Quantity.quantity><out_Quantity.quantity>533.522953</out_Quantity.quantity></Point><Point><position>404</position><in_Quantity.quantity>0.000000</in_Quantity.quantity><out_Quantity.quantity>833.994257</out_Quantity.quantity></Point><Point><position>405</position><in_Quantity.quantity>0.000000</in_Quantity.quantity><out_Quantity.quantity>11.083368</out_Quantity.quantity></Point><Point><position>406</position><in_Quantity.quantity>0.000000</in_Quantity.quantity><out_Quantity.quantity>176.066549</out_Quantity.quantity></Point><Point><position>407</position><in_Quantity.quantity>0.000000</in_Quantity.quantity><out_Quantity.quantity>48.979776</out_Quantity.quantity></Point><Point><position>408</position><in_Quantity.quantity>0.000000</in_Quantity.quantity><out_Quantity.quantity>871.540037</out_Quantity.quantity></Point><Point><position>409</position><in_Quantity.quantity>0.000000</in_Quantity.quantity><out_Quantity.quantity>419.055019</out_Quantity.quantity></Point><Point><position>410</position><in_Quantity.quantity>0.000000</in_Quantity.quantity><out_Quantity.quantity>963.401503</out_Quantity.quantity></Point><Point><position>411</position><in_Quantity.quantity>0.000000</in_Quantity.quantity><out_Quantity.quantity>558.098750</out_Quantity.quantity></Point><Point><position>412</position><in_Quantity.quantity>0.000000</in_Quantity.quantity><out_Quantity.quantity>966.208031</out_Quantity.quantity></Point><Point><position>413</position><in_Quantity.quantity>0.000000</in_Quantity.quantity><out_Quantity.quantity>58.970534</out_Quantity.quantity></Point><Point><position>414</position><in_Quantity.quantity>0.000000</in_Quantity.quantity><out_Quantity.quantity>725.526643</out_Quantity.quantity></Point><Point><position>415</position><in_Quantity.quantity>0.000000</in_Quantity.quantity><out_Quantity.quantity>937.744905</out_Quantity.quantity></Point><Point><position>416</position><in_Quantity.quantity>0.000000</in_Quantity.quantity><out_Quantity.quantity>768.534079</out_Quantity.quantity></Point><Point><position>417</position><in_Quantity.quantity>0.000000</in_Quantity.quantity><out_Quantity.quantity>330.655127</out_Quantity.quantity></Point><Point><position>418</position><in_Quantity.quantity>0.000000</in_Quantity.quantity><out_Quantity.quantity>639.562460</out_Quantity.quantity></Point><Point><position>419</position><in_Quantity.quantity>0.000000</in_Quantity.quantity><out_Quantity.quantity>791.291132</out_Quantity.quantity></Point><Point><position>420</position><in_Quantity.quantity>0.000000</in_Quantity.quantity><out_Quantity.quantity>414.283015</out_Quantity.quantity></Point><Point><position>421</position><in_Quantity.quantity>0.000000</in_Quantity.quantity><out_Quantity.quantity>360.109617</out_Quantity.quantity></Point><Point><position>422</position><in_Quantity.quantity>0.000000</in_Quantity.quantity><out_Quantity.quantity>455.779163</out_Quantity.quantity></Point><Point><position>423</position><in_Quantity.quantity>0.000000</in_Quantity.quantity><out_Quantity.quantity>927.032980</out_Quantity.quantity></Point><Point><position>424</position><in_Quantity.quantity>0.000000</in_Quantity.quantity><out_Quantity.quantity>326.691374</out_Quantity.quantity></Point><Point><position>425</position><in_Quantity.quantity>0.000000</in_Quantity.quantity><out_Quantity.quantity>19.946219</out_Quantity.quantity></Point><Point><position>426</position><in_Quantity.quantity>0.000000</in_Quantity.quantity><out_Quantity.quantity>996.692257</out_Quantity.quantity></Point><Point><position>427</position><in_Quantity.quantity>0.000000</in_Quantity.quantity><out_Quantity.quantity>959.422739</out_Quantity.quantity></Point><Point><position>428</position><in_Quantity.quantity>0.000000</in_Quantity.quantity><out_Quantity.quantity>102.251687</out_Quantity.quantity></Point><Point><position>429</position><in_Quantity.quantity>0.000000</in_Quantity.quantity><out_Quantity.quantity>603.201123</out_Quantity.quantity></Point><Point><position>430</position><in_Quantity.quantity>0.000000</in_Quantity.quantity><out_Quantity.quantity>876.201129</out_Quantity.quantity></Point><Point><position>431</position><in_Quantity.quantity>0.000000</in_Quantity.quantity><out_Quantity.quantity>639.522556</out_Quantity.quantity></Point><Point><position>432</position><in_Quantity.quantity>0.000000</in_Quantity.quantity><out_Quantity.quantity>23.149419</out_Quantity.quantity></Point><Point><position>433</position><in_Quantity.quantity>0.000000</in_Quantity.quantity><out_Quantity.quantity>244.841404</out_Quantity.quantity></Point><Point><position>434</position><in_Quantity.quantity>0.000000</in_Quantity.quantity><out_Quantity.quantity>879.151278</out_Quantity.quantity></Point><Point><position>435</position><in_Quantity.quantity>0.000000</in_Quantity.quantity><out_Quantity.quantity>885.394526</out_Quantity.quantity></Point><Point><position>436</position><in_Quantity.quantity>0.000000</in_Quantity.quantity><out_Quantity.quantity>43.432005</out_Quantity.quantity></Point><Point><position>437</position><in_Quantity.quantity>0.000000</in_Quantity.quantity><out_Quantity.quantity>992.983597</out_Quantity.quantity></Point><Point><position>438</position><in_Quantity.quantity>0.000000</in_Quantity.quantity><out_Quantity.quantity>284.037759</out_Quantity.quantity></Point><Point><position>439</position><in_Quantity.quantity>0.000000</in_Quantity.quantity><out_Quantity.quantity>117.415728</out_Quantity.quantity></Point><Point><position>440</position><in_Quantity.quantity>0.000000</in_Quantity.quantity><out_Quantity.quantity>573.264494</out_Quantity.quantity></Point><Point><position>441</position><in_Quantity.quantity>0.000000</in_Quantity.quantity><out_Quantity.quantity>905.034739</out_Quantity.quantity></Point><Point><position>442</position><in_Quantity.quantity>0.000000</in_Quantity.quantity><out_Quantity.quantity>189.291095</out_Quantity.quantity></Point><Point><position>443</position><in_Quantity.quantity>0.000000</in_Quantity.quantity><out_Quantity.quantity>291.724490</out_Quantity.quantity></Point><Point><position>444</position><in_Quantity.quantity>0.000000</in_Quantity.quantity><out_Quantity.quantity>36.849066</out_Quantity.quantity></Point><Point><position>445</position><in_Quantity.quantity>0.000000</in_Quantity.quantity><out_Quantity.quantity>318.114503</out_Quantity.quantity></Point><Point><position>446</position><in_Quantity.quantity>0.000000</in_Quantity.quantity><out_Quantity.quantity>59.052092</out_Quantity.quantity></Point><Point><position>447</position><in_Quantity.quantity>0.000000</in_Quantity.quantity><out_Quantity.quantity>49.560369</out_Quantity.quantity></Point><Point><position>448</position><in_Quantity.quantity>0.000000</in_Quantity.quantity><out_Quantity.quantity>860.649474</out_Quantity.quantity></Point><Point><position>449</position><in_Quantity.quantity>0.000000</in_Quantity.quantity><out_Quantity.quantity>347.682500</out_Quantity.quantity></Point><Point><position>450</position><in_Quantity.quantity>0.000000</in_Quantity.quantity><out_Quantity.quantity>463.573163</out_Quantity.quantity></Point><Point><position>451</position><in_Quantity.quantity>0.000000</in_Quantity.quantity><out_Quantity.quantity>828.287404</out_Quantity.quantity></Point><Point><position>452</position><in_Quantity.quantity>0.000000</in_Quantity.quantity><out_Quantity.quantity>52.719368</out_Quantity.quantity></Point><Point><position>453</position><in_Quantity.quantity>0.000000</in_Quantity.quantity><out_Quantity.quantity>809.399255</out_Quantity.quantity></Point><Point><position>454</position><in_Quantity.quantity>0.000000</in_Quantity.quantity><out_Quantity.quantity>322.972938</out_Quantity.quantity></Point><Point><position>455</position><in_Quantity.quantity>0.000000</in_Quantity.quantity><out_Quantity.quantity>147.583825</out_Quantity.quantity></Point><Point><position>456</position><in_Quantity.quantity>0.000000</in_Quantity.quantity><out_Quantity.quantity>152.366356</out_Quantity.quantity></Point><Point><position>457</position><in_Quantity.quantity>0.000000</in_Quantity.quantity><out_Quantity.quantity>581.177883</out_Quantity.quantity></Point><Point><position>458</position><in_Quantity.quantity>0.000000</in_Quantity.quantity><out_Quantity.quantity>966.812930</out_Quantity.quantity></Point><Point><position>459</position><in_Quantity.quantity>0.000000</in_Quantity.quantity><out_Quantity.quantity>806.290407</out_Quantity.quantity></Point><Point><position>460</position><in_Quantity.quantity>0.000000</in_Quantity.quantity><out_Quantity.quantity>964.649151</out_Quantity.quantity></Point><Point><position>461</position><in_Quantity.quantity>0.000000</in_Quantity.quantity><out_Quantity.quantity>517.918369</out_Quantity.quantity></Point><Point><position>462</position><in_Quantity.quantity>0.000000</in_Quantity.quantity><out_Quantity.quantity>722.821696</out_Quantity.quantity></Point><Point><position>463</position><in_Quantity.quantity>0.000000</in_Quantity.quantity><out_Quantity.quantity>514.151744</out_Quantity.quantity></Point><Point><position>464</position><in_Quantity.quantity>0.000000</in_Quantity.quantity><out_Quantity.quantity>963.484139</out_Quantity.quantity></Point><Point><position>465</position><in_Quantity.quantity>0.000000</in_Quantity.quantity><out_Quantity.quantity>160.100369</out_Quantity.quantity></Point><Point><position>466</position><in_Quantity.quantity>0.000000</in_Quantity.quantity><out_Quantity.quantity>971.008117</out_Quantity.quantity></Point><Point><position>467</position><in_Quantity.quantity>0.000000</in_Quantity.quantity><out_Quantity.quantity>487.288752</out_Quantity.quantity></Point><Point><position>468</position><in_Quantity.quantity>0.000000</in_Quantity.quantity><out_Quantity.quantity>532.352312</out_Quantity.quantity></Point><Point><position>469</position><in_Quantity.quantity>0.000000</in_Quantity.quantity><out_Quantity.quantity>7.059145</out_Quantity.quantity></Point><Point><position>470</position><in_Quantity.quantity>0.000000</in_Quantity.quantity><out_Quantity.quantity>789.630976</out_Quantity.quantity></Point><Point><position>471</position><in_Quantity.quantity>0.000000</in_Quantity.quantity><out_Quantity.quantity>403.727201</out_Quantity.quantity></Point><Point><position>472</position><in_Quantity.quantity>0.000000</in_Quantity.quantity><out_Quantity.quantity>360.632125</out_Quantity.quantity></Point><Point><position>473</position><in_Quantity.quantity>0.000000</in_Quantity.quantity><out_Quantity.quantity>419.032429</out_Quantity.quantity></Point><Point><position>474</position><in_Quantity.quantity>0.000000</in_Quantity.quantity><out_Quantity.quantity>694.244736</out_Quantity.quantity></Point><Point><position>475</position><in_Quantity.quantity>0.000000</in_Quantity.quantity><out_Quantity.quantity>499.085388</out_Quantity.quantity></Point><Point><position>476</position><in_Quantity.quantity>0.000000</in_Quantity.quantity><out_Quantity.quantity>870.480092</out_Quantity.quantity></Point><Point><position>477</position><in_Quantity.quantity>0.000000</in_Quantity.quantity><out_Quantity.quantity>114.680667</out_Quantity.quantity></Point><Point><position>478</position><in_Quantity.quantity>0.000000</in_Quantity.quantity><out_Quantity.quantity>285.959713</out_Quantity.quantity></Point><Point><position>479</position><in_Quantity.quantity>0.000000</in_Quantity.quantity><out_Quantity.quantity>742.800517</out_Quantity.quantity></Point><Point><position>480</position><in_Quantity.quantity>0.000000</in_Quantity.quantity><out_Quantity.quantity>566.387822</out_Quantity.quantity></Point><Point><position>481</position><in_Quantity.quantity>0.000000</in_Quantity.quantity><out_Quantity.quantity>193.706887</out_Quantity.quantity></Point><Point><position>482</position><in_Quantity.quantity>0.000000</in_Quantity.quantity><out_Quantity.quantity>845.801293</out_Quantity.quantity></Point><Point><position>483</position><in_Quantity.quantity>0.000000</in_Quantity.quantity><out_Quantity.quantity>990.292395</out_Quantity.quantity></Point><Point><position>484</position><in_Quantity.quantity>0.000000</in_Quantity.quantity><out_Quantity.quantity>765.426668</out_Quantity.quantity></Point><Point><position>485</position><in_Quantity.quantity>0.000000</in_Quantity.quantity><out_Quantity.quantity>894.997301</out_Quantity.quantity></Point><Point><position>486</position><in_Quantity.quantity>0.000000</in_Quantity.quantity><out_Quantity.quantity>748.175604</out_Quantity.quantity></Point><Point><position>487</position><in_Quantity.quantity>0.000000</in_Quantity.quantity><out_Quantity.quantity>623.666792</out_Quantity.quantity></Point><Point><position>488</position><in_Quantity.quantity>0.000000</in_Quantity.quantity><out_Quantity.quantity>380.690165</out_Quantity.quantity></Point><Point><position>489</position><in_Quantity.quantity>0.000000</in_Quantity.quantity><out_Quantity.quantity>942.184419</out_Quantity.quantity></Point><Point><position>490</position><in_Quantity.quantity>0.000000</in_Quantity.quantity><out_Quantity.quantity>738.929525</out_Quantity.quantity></Point><Point><position>491</position><in_Quantity.quantity>0.000000</in_Quantity.quantity><out_Quantity.quantity>332.054957</out_Quantity.quantity></Point><Point><position>492</position><in_Quantity.quantity>0.000000</in_Quantity.quantity><out_Quantity.quantity>732.308982</out_Quantity.quantity></Point><Point><position>493</position><in_Quantity.quantity>0.000000</in_Quantity.quantity><out_Quantity.quantity>161.705142</out_Quantity.quantity></Point><Point><position>494</position><in_Quantity.quantity>0.000000</in_Quantity.quantity><out_Quantity.quantity>902.996543</out_Quantity.quantity></Point><Point><position>495</position><in_Quantity.quantity>0.000000</in_Quantity.quantity><out_Quantity.quantity>568.573406</out_Quantity.quantity></Point><Point><position>496</position><in_Quantity.quantity>0.000000</in_Quantity.quantity><out_Quantity.quantity>849.829272</out_Quantity.quantity></Point><Point><position>497</position><in_Quantity.quantity>0.000000</in_Quantity.quantity><out_Quantity.quantity>806.395173</out_Quantity.quantity></Point><Point><position>498</position><in_Quantity.quantity>0.000000</in_Quantity.quantity><out_Quantity.quantity>464.587411</out_Quantity.quantity></Point><Point><position>499</position><in_Quantity.quantity>0.000000</in_Quantity.quantity><out_Quantity.quantity>563.270557</out_Quantity.quantity></Point><Point><position>500</position><in_Quantity.quantity>0.000000</in_Quantity.quantity><out_Quantity.quantity>166.798069</out_Quantity.quantity></Point><Point><position>501</position><in_Quantity.quantity>0.000000</in_Quantity.quantity><out_Quantity.quantity>674.124975</out_Quantity.quantity></Point><Point><position>502</position><in_Quantity.quantity>0.000000</in_Quantity.quantity><out_Quantity.quantity>49.974095</out_Quantity.quantity></Point><Point><position>503</position><in_Quantity.quantity>0.000000</in_Quantity.quantity><out_Quantity.quantity>248.451148</out_Quantity.quantity></Point><Point><position>504</position><in_Quantity.quantity>0.000000</in_Quantity.quantity><out_Quantity.quantity>704.548242</out_Quantity.quantity></Point><Point><position>505</position><in_Quantity.quantity>0.000000</in_Quantity.quantity><out_Quantity.quantity>450.985259</out_Quantity.quantity></Point><Point><position>506</position><in_Quantity.quantity>0.000000</in_Quantity.quantity><out_Quantity.quantity>880.124085</out_Quantity.quantity></Point><Point><position>507</position><in_Quantity.quantity>0.000000</in_Quantity.quantity><out_Quantity.quantity>846.450753</out_Quantity.quantity></Point><Point><position>508</position><in_Quantity.quantity>0.000000</in_Quantity.quantity><out_Quantity.quantity>30.757482</out_Quantity.quantity></Point><Point><position>509</position><in_Quantity.quantity>0.000000</in_Quantity.quantity><out_Quantity.quantity>951.316695</out_Quantity.quantity></Point><Point><position>510</position><in_Quantity.quantity>0.000000</in_Quantity.quantity><out_Quantity.quantity>974.026235</out_Quantity.quantity></Point><Point><position>511</position><in_Quantity.quantity>0.000000</in_Quantity.quantity><out_Quantity.quantity>939.501727</out_Quantity.quantity></Point><Point><position>512</position><in_Quantity.quantity>0.000000</in_Quantity.quantity><out_Quantity.quantity>800.683659</out_Quantity.quantity></Point><Point><position>513</position><in_Quantity.quantity>0.000000</in_Quantity.quantity><out_Quantity.quantity>546.402189</out_Quantity.quantity></Point><Point><position>514</position><in_Quantity.quantity>0.000000</in_Quantity.quantity><out_Quantity.quantity>351.630436</out_Quantity.quantity></Point><Point><position>515</position><in_Quantity.quantity>0.000000</in_Quantity.quantity><out_Quantity.quantity>356.727150</out_Quantity.quantity></Point><Point><position>516</position><in_Quantity.quantity>0.000000</in_Quantity.quantity><out_Quantity.quantity>702.823193</out_Quantity.quantity></Point><Point><position>517</position><in_Quantity.quantity>0.000000</in_Quantity.quantity><out_Quantity.quantity>422.086006</out_Quantity.quantity></Point><Point><position>518</position><in_Quantity.quantity>0.000000</in_Quantity.quantity><out_Quantity.quantity>399.907493</out_Quantity.quantity></Point><Point><position>519</position><in_Quantity.quantity>0.000000</in_Quantity.quantity><out_Quantity.quantity>765.865712</out_Quantity.quantity></Point><Point><position>520</position><in_Quantity.quantity>0.000000</in_Quantity.quantity><out_Quantity.quantity>632.960406</out_Quantity.quantity></Point><Point><position>521</position><in_Quantity.quantity>0.000000</in_Quantity.quantity><out_Quantity.quantity>128.908238</out_Quantity.quantity></Point><Point><position>522</position><in_Quantity.quantity>0.000000</in_Quantity.quantity><out_Quantity.quantity>78.371298</out_Quantity.quantity></Point><Point><position>523</position><in_Quantity.quantity>0.000000</in_Quantity.quantity><out_Quantity.quantity>290.136537</out_Quantity.quantity></Point><Point><position>524</position><in_Quantity.quantity>0.000000</in_Quantity.quantity><out_Quantity.quantity>210.397027</out_Quantity.quantity></Point><Point><position>525</position><in_Quantity.quantity>0.000000</in_Quantity.quantity><out_Quantity.quantity>638.513416</out_Quantity.quantity></Point><Point><position>526</position><in_Quantity.quantity>0.000000</in_Quantity.quantity><out_Quantity.quantity>770.686799</out_Quantity.quantity></Point><Point><position>527</position><in_Quantity.quantity>0.000000</in_Quantity.quantity><out_Quantity.quantity>300.928344</out_Quantity.quantity></Point><Point><position>528</position><in_Quantity.quantity>0.000000</in_Quantity.quantity><out_Quantity.quantity>761.638570</out_Quantity.quantity></Point><Point><position>529</position><in_Quantity.quantity>0.000000</in_Quantity.quantity><out_Quantity.quantity>274.761631</out_Quantity.quantity></Point><Point><position>530</position><in_Quantity.quantity>0.000000</in_Quantity.quantity><out_Quantity.quantity>744.747750</out_Quantity.quantity></Point><Point><position>531</position><in_Quantity.quantity>0.000000</in_Quantity.quantity><out_Quantity.quantity>646.201074</out_Quantity.quantity></Point><Point><position>532</position><in_Quantity.quantity>0.000000</in_Quantity.quantity><out_Quantity.quantity>490.163363</out_Quantity.quantity></Point><Point><position>533</position><in_Quantity.quantity>0.000000</in_Quantity.quantity><out_Quantity.quantity>267.316120</out_Quantity.quantity></Point><Point><position>534</position><in_Quantity.quantity>0.000000</in_Quantity.quantity><out_Quantity.quantity>462.585845</out_Quantity.quantity></Point><Point><position>535</position><in_Quantity.quantity>0.000000</in_Quantity.quantity><out_Quantity.quantity>279.107332</out_Quantity.quantity></Point><Point><position>536</position><in_Quantity.quantity>0.000000</in_Quantity.quantity><out_Quantity.quantity>399.153461</out_Quantity.quantity></Point><Point><position>537</position><in_Quantity.quantity>0.000000</in_Quantity.quantity><out_Quantity.quantity>813.869679</out_Quantity.quantity></Point><Point><position>538</position><in_Quantity.quantity>0.000000</in_Quantity.quantity><out_Quantity.quantity>818.892746</out_Quantity.quantity></Point><Point><position>539</position><in_Quantity.quantity>0.000000</in_Quantity.quantity><out_Quantity.quantity>757.925591</out_Quantity.quantity></Point><Point><position>540</position><in_Quantity.quantity>0.000000</in_Quantity.quantity><out_Quantity.quantity>381.530458</out_Quantity.quantity></Point><Point><position>541</position><in_Quantity.quantity>0.000000</in_Quantity.quantity><out_Quantity.quantity>476.012556</out_Quantity.quantity></Point><Point><position>542</position><in_Quantity.quantity>0.000000</in_Quantity.quantity><out_Quantity.quantity>490.948150</out_Quantity.quantity></Point><Point><position>543</position><in_Quantity.quantity>0.000000</in_Quantity.quantity><out_Quantity.quantity>301.610727</out_Quantity.quantity></Point><Point><position>544</position><in_Quantity.quantity>0.000000</in_Quantity.quantity><out_Quantity.quantity>151.122158</out_Quantity.quantity></Point><Point><position>545</position><in_Quantity.quantity>0.000000</in_Quantity.quantity><out_Quantity.quantity>659.386818</out_Quantity.quantity></Point><Point><position>546</position><in_Quantity.quantity>0.000000</in_Quantity.quantity><out_Quantity.quantity>56.993233</out_Quantity.quantity></Point><Point><position>547</position><in_Quantity.quantity>0.000000</in_Quantity.quantity><out_Quantity.quantity>482.958973</out_Quantity.quantity></Point><Point><position>548</position><in_Quantity.quantity>0.000000</in_Quantity.quantity><out_Quantity.quantity>620.505157</out_Quantity.quantity></Point><Point><position>549</position><in_Quantity.quantity>0.000000</in_Quantity.quantity><out_Quantity.quantity>516.818965</out_Quantity.quantity></Point><Point><position>550</position><in_Quantity.quantity>0.000000</in_Quantity.quantity><out_Quantity.quantity>947.323917</out_Quantity.quantity></Point><Point><position>551</position><in_Quantity.quantity>0.000000</in_Quantity.quantity><out_Quantity.quantity>633.419569</out_Quantity.quantity></Point><Point><position>552</position><in_Quantity.quantity>0.000000</in_Quantity.quantity><out_Quantity.quantity>58.854910</out_Quantity.quantity></Point><Point><position>553</position><in_Quantity.quantity>0.000000</in_Quantity.quantity><out_Quantity.quantity>33.724960</out_Quantity.quantity></Point><Point><position>554</position><in_Quantity.quantity>0.000000</in_Quantity.quantity><out_Quantity.quantity>949.764930</out_Quantity.quantity></Point><Point><position>555</position><in_Quantity.quantity>0.000000</in_Quantity.quantity><out_Quantity.quantity>763.209273</out_Quantity.quantity></Point><Point><position>556</position><in_Quantity.quantity>0.000000</in_Quantity.quantity><out_Quantity.quantity>650.446373</out_Quantity.quantity></Point><Point><position>557</position><in_Quantity.quantity>0.000000</in_Quantity.quantity><out_Quantity.quantity>102.618074</out_Quantity.quantity></Point><Point><position>558</position><in_Quantity.quantity>0.000000</in_Quantity.quantity><out_Quantity.quantity>877.643883</out_Quantity.quantity></Point><Point><position>559</position><in_Quantity.quantity>0.000000</in_Quantity.quantity><out_Quantity.quantity>869.073410</out_Quantity.quantity></Point><Point><position>560</position><in_Quantity.quantity>0.000000</in_Quantity.quantity><out_Quantity.quantity>83.340035</out_Quantity.quantity></Point><Point><position>561</position><in_Quantity.quantity>0.000000</in_Quantity.quantity><out_Quantity.quantity>391.564236</out_Quantity.quantity></Point><Point><position>562</position><in_Quantity.quantity>0.000000</in_Quantity.quantity><out_Quantity.quantity>521.168284</out_Quantity.quantity></Point><Point><position>563</position><in_Quantity.quantity>0.000000</in_Quantity.quantity><out_Quantity.quantity>883.246541</out_Quantity.quantity></Point><Point><position>564</position><in_Quantity.quantity>0.000000</in_Quantity.quantity><out_Quantity.quantity>950.237346</out_Quantity.quantity></Point><Point><position>565</position><in_Quantity.quantity>0.000000</in_Quantity.quantity><out_Quantity.quantity>381.238372</out_Quantity.quantity></Point><Point><position>566</position><in_Quantity.quantity>0.000000</in_Quantity.quantity><out_Quantity.quantity>158.082718</out_Quantity.quantity></Point><Point><position>567</position><in_Quantity.quantity>0.000000</in_Quantity.quantity><out_Quantity.quantity>12.642510</out_Quantity.quantity></Point><Point><position>568</position><in_Quantity.quantity>0.000000</in_Quantity.quantity><out_Quantity.quantity>190.558603</out_Quantity.quantity></Point><Point><position>569</position><in_Quantity.quantity>0.000000</in_Quantity.quantity><out_Quantity.quantity>985.339592</out_Quantity.quantity></Point><Point><position>570</position><in_Quantity.quantity>0.000000</in_Quantity.quantity><out_Quantity.quantity>158.698313</out_Quantity.quantity></Point><Point><position>571</position><in_Quantity.quantity>0.000000</in_Quantity.quantity><out_Quantity.quantity>411.701267</out_Quantity.quantity></Point><Point><position>572</position><in_Quantity.quantity>0.000000</in_Quantity.quantity><out_Quantity.quantity>243.738923</out_Quantity.quantity></Point><Point><position>573</position><in_Quantity.quantity>0.000000</in_Quantity.quantity><out_Quantity.quantity>958.329437</out_Quantity.quantity></Point><Point><position>574</position><in_Quantity.quantity>0.000000</in_Quantity.quantity><out_Quantity.quantity>250.767919</out_Quantity.quantity></Point><Point><position>575</position><in_Quantity.quantity>0.000000</in_Quantity.quantity><out_Quantity.quantity>582.661945</out_Quantity.quantity></Point><Point><position>576</position><in_Quantity.quantity>0.000000</in_Quantity.quantity><out_Quantity.quantity>2.447721</out_Quantity.quantity></Point><Point><position>577</position><in_Quantity.quantity>0.000000</in_Quantity.quantity><out_Quantity.quantity>758.031502</out_Quantity.quantity></Point><Point><position>578</position><in_Quantity.quantity>0.000000</in_Quantity.quantity><out_Quantity.quantity>449.296643</out_Quantity.quantity></Point><Point><position>579</position><in_Quantity.quantity>0.000000</in_Quantity.quantity><out_Quantity.quantity>292.900879</out_Quantity.quantity></Point><Point><position>580</position><in_Quantity.quantity>0.000000</in_Quantity.quantity><out_Quantity.quantity>477.844108</out_Quantity.quantity></Point><Point><position>581</position><in_Quantity.quantity>0.000000</in_Quantity.quantity><out_Quantity.quantity>871.741520</out_Quantity.quantity></Point><Point><position>582</position><in_Quantity.quantity>0.000000</in_Quantity.quantity><out_Quantity.quantity>424.611616</out_Quantity.quantity></Point><Point><position>583</position><in_Quantity.quantity>0.000000</in_Quantity.quantity><out_Quantity.quantity>209.131573</out_Quantity.quantity></Point><Point><position>584</position><in_Quantity.quantity>0.000000</in_Quantity.quantity><out_Quantity.quantity>975.554835</out_Quantity.quantity></Point><Point><position>585</position><in_Quantity.quantity>0.000000</in_Quantity.quantity><out_Quantity.quantity>597.609602</out_Quantity.quantity></Point><Point><position>586</position><in_Quantity.quantity>0.000000</in_Quantity.quantity><out_Quantity.quantity>303.478889</out_Quantity.quantity></Point><Point><position>587</position><in_Quantity.quantity>0.000000</in_Quantity.quantity><out_Quantity.quantity>543.462536</out_Quantity.quantity></Point><Point><position>588</position><in_Quantity.quantity>0.000000</in_Quantity.quantity><out_Quantity.quantity>53.680006</out_Quantity.quantity></Point><Point><position>589</position><in_Quantity.quantity>0.000000</in_Quantity.quantity><out_Quantity.quantity>181.852625</out_Quantity.quantity></Point><Point><position>590</position><in_Quantity.quantity>0.000000</in_Quantity.quantity><out_Quantity.quantity>859.146272</out_Quantity.quantity></Point><Point><position>591</position><in_Quantity.quantity>0.000000</in_Quantity.quantity><out_Quantity.quantity>190.254304</out_Quantity.quantity></Point><Point><position>592</position><in_Quantity.quantity>0.000000</in_Quantity.quantity><out_Quantity.quantity>2.168277</out_Quantity.quantity></Point><Point><position>593</position><in_Quantity.quantity>0.000000</in_Quantity.quantity><out_Quantity.quantity>878.611402</out_Quantity.quantity></Point><Point><position>594</position><in_Quantity.quantity>0.000000</in_Quantity.quantity><out_Quantity.quantity>837.358039</out_Quantity.quantity></Point><Point><position>595</position><in_Quantity.quantity>0.000000</in_Quantity.quantity><out_Quantity.quantity>562.961983</out_Quantity.quantity></Point><Point><position>596</position><in_Quantity.quantity>0.000000</in_Quantity.quantity><out_Quantity.quantity>811.160486</out_Quantity.quantity></Point><Point><position>597</position><in_Quantity.quantity>0.000000</in_Quantity.quantity><out_Quantity.quantity>435.333898</out_Quantity.quantity></Point><Point><position>598</position><in_Quantity.quantity>0.000000</in_Quantity.quantity><out_Quantity.quantity>59.944267</out_Quantity.quantity></Point><Point><position>599</position><in_Quantity.quantity>0.000000</in_Quantity.quantity><out_Quantity.quantity>976.740093</out_Quantity.quantity></Point><Point><position>600</position><in_Quantity.quantity>0.000000</in_Quantity.quantity><out_Quantity.quantity>9.330803</out_Quantity.quantity></Point><Point><position>601</position><in_Quantity.quantity>0.000000</in_Quantity.quantity><out_Quantity.quantity>506.067756</out_Quantity.quantity></Point><Point><position>602</position><in_Quantity.quantity>0.000000</in_Quantity.quantity><out_Quantity.quantity>929.600704</out_Quantity.quantity></Point><Point><position>603</position><in_Quantity.quantity>0.000000</in_Quantity.quantity><out_Quantity.quantity>313.814053</out_Quantity.quantity></Point><Point><position>604</position><in_Quantity.quantity>0.000000</in_Quantity.quantity><out_Quantity.quantity>6.948477</out_Quantity.quantity></Point><Point><position>605</position><in_Quantity.quantity>0.000000</in_Quantity.quantity><out_Quantity.quantity>116.327104</out_Quantity.quantity></Point><Point><position>606</position><in_Quantity.quantity>0.000000</in_Quantity.quantity><out_Quantity.quantity>403.070140</out_Quantity.quantity></Point><Point><position>607</position><in_Quantity.quantity>0.000000</in_Quantity.quantity><out_Quantity.quantity>381.184371</out_Quantity.quantity></Point><Point><position>608</position><in_Quantity.quantity>0.000000</in_Quantity.quantity><out_Quantity.quantity>449.469543</out_Quantity.quantity></Point><Point><position>609</position><in_Quantity.quantity>0.000000</in_Quantity.quantity><out_Quantity.quantity>84.786563</out_Quantity.quantity></Point><Point><position>610</position><in_Quantity.quantity>0.000000</in_Quantity.quantity><out_Quantity.quantity>871.565094</out_Quantity.quantity></Point><Point><position>611</position><in_Quantity.quantity>0.000000</in_Quantity.quantity><out_Quantity.quantity>579.823526</out_Quantity.quantity></Point><Point><position>612</position><in_Quantity.quantity>0.000000</in_Quantity.quantity><out_Quantity.quantity>456.532095</out_Quantity.quantity></Point><Point><position>613</position><in_Quantity.quantity>0.000000</in_Quantity.quantity><out_Quantity.quantity>309.211895</out_Quantity.quantity></Point><Point><position>614</position><in_Quantity.quantity>0.000000</in_Quantity.quantity><out_Quantity.quantity>425.200950</out_Quantity.quantity></Point><Point><position>615</position><in_Quantity.quantity>0.000000</in_Quantity.quantity><out_Quantity.quantity>496.134347</out_Quantity.quantity></Point><Point><position>616</position><in_Quantity.quantity>0.000000</in_Quantity.quantity><out_Quantity.quantity>641.617624</out_Quantity.quantity></Point><Point><position>617</position><in_Quantity.quantity>0.000000</in_Quantity.quantity><out_Quantity.quantity>44.629566</out_Quantity.quantity></Point><Point><position>618</position><in_Quantity.quantity>0.000000</in_Quantity.quantity><out_Quantity.quantity>191.626483</out_Quantity.quantity></Point><Point><position>619</position><in_Quantity.quantity>0.000000</in_Quantity.quantity><out_Quantity.quantity>71.856204</out_Quantity.quantity></Point><Point><position>620</position><in_Quantity.quantity>0.000000</in_Quantity.quantity><out_Quantity.quantity>654.767823</out_Quantity.quantity></Point><Point><position>621</position><in_Quantity.quantity>0.000000</in_Quantity.quantity><out_Quantity.quantity>478.103592</out_Quantity.quantity></Point><Point><position>622</position><in_Quantity.quantity>0.000000</in_Quantity.quantity><out_Quantity.quantity>137.472318</out_Quantity.quantity></Point><Point><position>623</position><in_Quantity.quantity>0.000000</in_Quantity.quantity><out_Quantity.quantity>156.243232</out_Quantity.quantity></Point><Point><position>624</position><in_Quantity.quantity>0.000000</in_Quantity.quantity><out_Quantity.quantity>201.071755</out_Quantity.quantity></Point><Point><position>625</position><in_Quantity.quantity>0.000000</in_Quantity.quantity><out_Quantity.quantity>734.410474</out_Quantity.quantity></Point><Point><position>626</position><in_Quantity.quantity>0.000000</in_Quantity.quantity><out_Quantity.quantity>635.588824</out_Quantity.quantity></Point><Point><position>627</position><in_Quantity.quantity>0.000000</in_Quantity.quantity><out_Quantity.quantity>426.079886</out_Quantity.quantity></Point><Point><position>628</position><in_Quantity.quantity>0.000000</in_Quantity.quantity><out_Quantity.quantity>540.588245</out_Quantity.quantity></Point><Point><position>629</position><in_Quantity.quantity>0.000000</in_Quantity.quantity><out_Quantity.quantity>127.186783</out_Quantity.quantity></Point><Point><position>630</position><in_Quantity.quantity>0.000000</in_Quantity.quantity><out_Quantity.quantity>744.303762</out_Quantity.quantity></Point><Point><position>631</position><in_Quantity.quantity>0.000000</in_Quantity.quantity><out_Quantity.quantity>210.164375</out_Quantity.quantity></Point><Point><position>632</position><in_Quantity.quantity>0.000000</in_Quantity.quantity><out_Quantity.quantity>338.322240</out_Quantity.quantity></Point><Point><position>633</position><in_Quantity.quantity>0.000000</in_Quantity.quantity><out_Quantity.quantity>6.893796</out_Quantity.quantity></Point><Point><position>634</position><in_Quantity.quantity>0.000000</in_Quantity.quantity><out_Quantity.quantity>990.729837</out_Quantity.quantity></Point><Point><position>635</position><in_Quantity.quantity>0.000000</in_Quantity.quantity><out_Quantity.quantity>683.579449</out_Quantity.quantity></Point><Point><position>636</position><in_Quantity.quantity>0.000000</in_Quantity.quantity><out_Quantity.quantity>546.034380</out_Quantity.quantity></Point><Point><position>637</position><in_Quantity.quantity>0.000000</in_Quantity.quantity><out_Quantity.quantity>669.144776</out_Quantity.quantity></Point><Point><position>638</position><in_Quantity.quantity>0.000000</in_Quantity.quantity><out_Quantity.quantity>625.538789</out_Quantity.quantity></Point><Point><position>639</position><in_Quantity.quantity>0.000000</in_Quantity.quantity><out_Quantity.quantity>504.049031</out_Quantity.quantity></Point><Point><position>640</position><in_Quantity.quantity>0.000000</in_Quantity.quantity><out_Quantity.quantity>805.789866</out_Quantity.quantity></Point><Point><position>641</position><in_Quantity.quantity>0.000000</in_Quantity.quantity><out_Quantity.quantity>598.909281</out_Quantity.quantity></Point><Point><position>642</position><in_Quantity.quantity>0.000000</in_Quantity.quantity><out_Quantity.quantity>470.986921</out_Quantity.quantity></Point><Point><position>643</position><in_Quantity.quantity>0.000000</in_Quantity.quantity><out_Quantity.quantity>289.952510</out_Quantity.quantity></Point><Point><position>644</position><in_Quantity.quantity>0.000000</in_Quantity.quantity><out_Quantity.quantity>158.603182</out_Quantity.quantity></Point><Point><position>645</position><in_Quantity.quantity>0.000000</in_Quantity.quantity><out_Quantity.quantity>865.911903</out_Quantity.quantity></Point><Point><position>646</position><in_Quantity.quantity>0.000000</in_Quantity.quantity><out_Quantity.quantity>599.613716</out_Quantity.quantity></Point><Point><position>647</position><in_Quantity.quantity>0.000000</in_Quantity.quantity><out_Quantity.quantity>373.643562</out_Quantity.quantity></Point><Point><position>648</position><in_Quantity.quantity>0.000000</in_Quantity.quantity><out_Quantity.quantity>781.277831</out_Quantity.quantity></Point><Point><position>649</position><in_Quantity.quantity>0.000000</in_Quantity.quantity><out_Quantity.quantity>792.411250</out_Quantity.quantity></Point><Point><position>650</position><in_Quantity.quantity>0.000000</in_Quantity.quantity><out_Quantity.quantity>196.097726</out_Quantity.quantity></Point><Point><position>651</position><in_Quantity.quantity>0.000000</in_Quantity.quantity><out_Quantity.quantity>249.562580</out_Quantity.quantity></Point><Point><position>652</position><in_Quantity.quantity>0.000000</in_Quantity.quantity><out_Quantity.quantity>425.690553</out_Quantity.quantity></Point><Point><position>653</position><in_Quantity.quantity>0.000000</in_Quantity.quantity><out_Quantity.quantity>428.926125</out_Quantity.quantity></Point><Point><position>654</position><in_Quantity.quantity>0.000000</in_Quantity.quantity><out_Quantity.quantity>808.378564</out_Quantity.quantity></Point><Point><position>655</position><in_Quantity.quantity>0.000000</in_Quantity.quantity><out_Quantity.quantity>821.730403</out_Quantity.quantity></Point><Point><position>656</position><in_Quantity.quantity>0.000000</in_Quantity.quantity><out_Quantity.quantity>28.068287</out_Quantity.quantity></Point><Point><position>657</position><in_Quantity.quantity>0.000000</in_Quantity.quantity><out_Quantity.quantity>241.949004</out_Quantity.quantity></Point><Point><position>658</position><in_Quantity.quantity>0.000000</in_Quantity.quantity><out_Quantity.quantity>653.300395</out_Quantity.quantity></Point><Point><position>659</position><in_Quantity.quantity>0.000000</in_Quantity.quantity><out_Quantity.quantity>50.946976</out_Quantity.quantity></Point><Point><position>660</position><in_Quantity.quantity>0.000000</in_Quantity.quantity><out_Quantity.quantity>188.637373</out_Quantity.quantity></Point><Point><position>661</position><in_Quantity.quantity>0.000000</in_Quantity.quantity><out_Quantity.quantity>149.453845</out_Quantity.quantity></Point><Point><position>662</position><in_Quantity.quantity>0.000000</in_Quantity.quantity><out_Quantity.quantity>629.820306</out_Quantity.quantity></Point><Point><position>663</position><in_Quantity.quantity>0.000000</in_Quantity.quantity><out_Quantity.quantity>255.262151</out_Quantity.quantity></Point><Point><position>664</position><in_Quantity.quantity>0.000000</in_Quantity.quantity><out_Quantity.quantity>955.549188</out_Quantity.quantity></Point><Point><position>665</position><in_Quantity.quantity>0.000000</in_Quantity.quantity><out_Quantity.quantity>42.552146</out_Quantity.quantity></Point><Point><position>666</position><in_Quantity.quantity>0.000000</in_Quantity.quantity><out_Quantity.quantity>501.500211</out_Quantity.quantity></Point><Point><position>667</position><in_Quantity.quantity>0.000000</in_Quantity.quantity><out_Quantity.quantity>396.941312</out_Quantity.quantity></Point><Point><position>668</position><in_Quantity.quantity>0.000000</in_Quantity.quantity><out_Quantity.quantity>841.582342</out_Quantity.quantity></Point><Point><position>669</position><in_Quantity.quantity>0.000000</in_Quantity.quantity><out_Quantity.quantity>706.452470</out_Quantity.quantity></Point><Point><position>670</position><in_Quantity.quantity>0.000000</in_Quantity.quantity><out_Quantity.quantity>245.928554</out_Quantity.quantity></Point><Point><position>671</position><in_Quantity.quantity>0.000000</in_Quantity.quantity><out_Quantity.quantity>968.802695</out_Quantity.quantity></Point><Point><position>672</position><in_Quantity.quantity>0.000000</in_Quantity.quantity><out_Quantity.quantity>510.461762</out_Quantity.quantity></Point><Point><position>673</position><in_Quantity.quantity>0.000000</in_Quantity.quantity><out_Quantity.quantity>788.879438</out_Quantity.quantity></Point><Point><position>674</position><in_Quantity.quantity>0.000000</in_Quantity.quantity><out_Quantity.quantity>207.290201</out_Quantity.quantity></Point><Point><position>675</position><in_Quantity.quantity>0.000000</in_Quantity.quantity><out_Quantity.quantity>683.289470</out_Quantity.quantity></Point><Point><position>676</position><in_Quantity.quantity>0.000000</in_Quantity.quantity><out_Quantity.quantity>626.896828</out_Quantity.quantity></Point><Point><position>677</position><in_Quantity.quantity>0.000000</in_Quantity.quantity><out_Quantity.quantity>644.674409</out_Quantity.quantity></Point><Point><position>678</position><in_Quantity.quantity>0.000000</in_Quantity.quantity><out_Quantity.quantity>973.611618</out_Quantity.quantity></Point><Point><position>679</position><in_Quantity.quantity>0.000000</in_Quantity.quantity><out_Quantity.quantity>946.370971</out_Quantity.quantity></Point><Point><position>680</position><in_Quantity.quantity>0.000000</in_Quantity.quantity><out_Quantity.quantity>226.156252</out_Quantity.quantity></Point><Point><position>681</position><in_Quantity.quantity>0.000000</in_Quantity.quantity><out_Quantity.quantity>684.286380</out_Quantity.quantity></Point><Point><position>682</position><in_Quantity.quantity>0.000000</in_Quantity.quantity><out_Quantity.quantity>93.506760</out_Quantity.quantity></Point><Point><position>683</position><in_Quantity.quantity>0.000000</in_Quantity.quantity><out_Quantity.quantity>582.436846</out_Quantity.quantity></Point><Point><position>684</position><in_Quantity.quantity>0.000000</in_Quantity.quantity><out_Quantity.quantity>427.242794</out_Quantity.quantity></Point><Point><position>685</position><in_Quantity.quantity>0.000000</in_Quantity.quantity><out_Quantity.quantity>668.374706</out_Quantity.quantity></Point><Point><position>686</position><in_Quantity.quantity>0.000000</in_Quantity.quantity><out_Quantity.quantity>502.060491</out_Quantity.quantity></Point><Point><position>687</position><in_Quantity.quantity>0.000000</in_Quantity.quantity><out_Quantity.quantity>666.531895</out_Quantity.quantity></Point><Point><position>688</position><in_Quantity.quantity>0.000000</in_Quantity.quantity><out_Quantity.quantity>847.655173</out_Quantity.quantity></Point><Point><position>689</position><in_Quantity.quantity>0.000000</in_Quantity.quantity><out_Quantity.quantity>162.070458</out_Quantity.quantity></Point><Point><position>690</position><in_Quantity.quantity>0.000000</in_Quantity.quantity><out_Quantity.quantity>764.005837</out_Quantity.quantity></Point><Point><position>691</position><in_Quantity.quantity>0.000000</in_Quantity.quantity><out_Quantity.quantity>870.289871</out_Quantity.quantity></Point><Point><position>692</position><in_Quantity.quantity>0.000000</in_Quantity.quantity><out_Quantity.quantity>309.805953</out_Quantity.quantity></Point><Point><position>693</position><in_Quantity.quantity>0.000000</in_Quantity.quantity><out_Quantity.quantity>59.894733</out_Quantity.quantity></Point><Point><position>694</position><in_Quantity.quantity>0.000000</in_Quantity.quantity><out_Quantity.quantity>182.282994</out_Quantity.quantity></Point><Point><position>695</position><in_Quantity.quantity>0.000000</in_Quantity.quantity><out_Quantity.quantity>143.425718</out_Quantity.quantity></Point><Point><position>696</position><in_Quantity.quantity>0.000000</in_Quantity.quantity><out_Quantity.quantity>116.847861</out_Quantity.quantity></Point><Point><position>697</position><in_Quantity.quantity>0.000000</in_Quantity.quantity><out_Quantity.quantity>494.725380</out_Quantity.quantity></Point><Point><position>698</position><in_Quantity.quantity>0.000000</in_Quantity.quantity><out_Quantity.quantity>312.932629</out_Quantity.quantity></Point><Point><position>699</position><in_Quantity.quantity>0.000000</in_Quantity.quantity><out_Quantity.quantity>244.975231</out_Quantity.quantity></Point><Point><position>700</position><in_Quantity.quantity>0.000000</in_Quantity.quantity><out_Quantity.quantity>806.381146</out_Quantity.quantity></Point><Point><position>701</position><in_Quantity.quantity>0.000000</in_Quantity.quantity><out_Quantity.quantity>57.085212</out_Quantity.quantity></Point><Point><position>702</position><in_Quantity.quantity>0.000000</in_Quantity.quantity><out_Quantity.quantity>849.198406</out_Quantity.quantity></Point><Point><position>703</position><in_Quantity.quantity>0.000000</in_Quantity.quantity><out_Quantity.quantity>790.817599</out_Quantity.quantity></Point><Point><position>704</position><in_Quantity.quantity>0.000000</in_Quantity.quantity><out_Quantity.quantity>157.950921</out_Quantity.quantity></Point><Point><position>705</position><in_Quantity.quantity>0.000000</in_Quantity.quantity><out_Quantity.quantity>425.143767</out_Quantity.quantity></Point><Point><position>706</position><in_Quantity.quantity>0.000000</in_Quantity.quantity><out_Quantity.quantity>414.443877</out_Quantity.quantity></Point><Point><position>707</position><in_Quantity.quantity>0.000000</in_Quantity.quantity><out_Quantity.quantity>770.526373</out_Quantity.quantity></Point><Point><position>708</position><in_Quantity.quantity>0.000000</in_Quantity.quantity><out_Quantity.quantity>46.944230</out_Quantity.quantity></Point><Point><position>709</position><in_Quantity.quantity>0.000000</in_Quantity.quantity><out_Quantity.quantity>611.903131</out_Quantity.quantity></Point><Point><position>710</position><in_Quantity.quantity>0.000000</in_Quantity.quantity><out_Quantity.quantity>125.498329</out_Quantity.quantity></Point><Point><position>711</position><in_Quantity.quantity>0.000000</in_Quantity.quantity><out_Quantity.quantity>540.608592</out_Quantity.quantity></Point><Point><position>712</position><in_Quantity.quantity>0.000000</in_Quantity.quantity><out_Quantity.quantity>110.167310</out_Quantity.quantity></Point><Point><position>713</position><in_Quantity.quantity>0.000000</in_Quantity.quantity><out_Quantity.quantity>902.119044</out_Quantity.quantity></Point><Point><position>714</position><in_Quantity.quantity>0.000000</in_Quantity.quantity><out_Quantity.quantity>440.607032</out_Quantity.quantity></Point><Point><position>715</position><in_Quantity.quantity>0.000000</in_Quantity.quantity><out_Quantity.quantity>53.633602</out_Quantity.quantity></Point><Point><position>716</position><in_Quantity.quantity>0.000000</in_Quantity.quantity><out_Quantity.quantity>268.398876</out_Quantity.quantity></Point><Point><position>717</position><in_Quantity.quantity>0.000000</in_Quantity.quantity><out_Quantity.quantity>789.395739</out_Quantity.quantity></Point><Point><position>718</position><in_Quantity.quantity>0.000000</in_Quantity.quantity><out_Quantity.quantity>716.326014</out_Quantity.quantity></Point><Point><position>719</position><in_Quantity.quantity>0.000000</in_Quantity.quantity><out_Quantity.quantity>48.032683</out_Quantity.quantity></Point><Point><position>720</position><in_Quantity.quantity>0.000000</in_Quantity.quantity><out_Quantity.quantity>60.075430</out_Quantity.quantity></Point><Point><position>721</position><in_Quantity.quantity>0.000000</in_Quantity.quantity><out_Quantity.quantity>564.632231</out_Quantity.quantity></Point><Point><position>722</position><in_Quantity.quantity>0.000000</in_Quantity.quantity><out_Quantity.quantity>732.972690</out_Quantity.quantity></Point><Point><position>723</position><in_Quantity.quantity>0.000000</in_Quantity.quantity><out_Quantity.quantity>912.027084</out_Quantity.quantity></Point><Point><position>724</position><in_Quantity.quantity>0.000000</in_Quantity.quantity><out_Quantity.quantity>233.391569</out_Quantity.quantity></Point><Point><position>725</position><in_Quantity.quantity>0.000000</in_Quantity.quantity><out_Quantity.quantity>27.940764</out_Quantity.quantity></Point><Point><position>726</position><in_Quantity.quantity>0.000000</in_Quantity.quantity><out_Quantity.quantity>906.833848</out_Quantity.quantity></Point><Point><position>727</position><in_Quantity.quantity>0.000000</in_Quantity.quantity><out_Quantity.quantity>628.929163</out_Quantity.quantity></Point><Point><position>728</position><in_Quantity.quantity>0.000000</in_Quantity.quantity><out_Quantity.quantity>144.875433</out_Quantity.quantity></Point><Point><position>729</position><in_Quantity.quantity>0.000000</in_Quantity.quantity><out_Quantity.quantity>386.506411</out_Quantity.quantity></Point><Point><position>730</position><in_Quantity.quantity>0.000000</in_Quantity.quantity><out_Quantity.quantity>693.763123</out_Quantity.quantity></Point><Point><position>731</position><in_Quantity.quantity>0.000000</in_Quantity.quantity><out_Quantity.quantity>662.331176</out_Quantity.quantity></Point><Point><position>732</position><in_Quantity.quantity>0.000000</in_Quantity.quantity><out_Quantity.quantity>739.414134</out_Quantity.quantity></Point><Point><position>733</position><in_Quantity.quantity>0.000000</in_Quantity.quantity><out_Quantity.quantity>164.639476</out_Quantity.quantity></Point><Point><position>734</position><in_Quantity.quantity>0.000000</in_Quantity.quantity><out_Quantity.quantity>492.634895</out_Quantity.quantity></Point><Point><position>735</position><in_Quantity.quantity>0.000000</in_Quantity.quantity><out_Quantity.quantity>800.157010</out_Quantity.quantity></Point><Point><position>736</position><in_Quantity.quantity>0.000000</in_Quantity.quantity><out_Quantity.quantity>167.828105</out_Quantity.quantity></Point><Point><position>737</position><in_Quantity.quantity>0.000000</in_Quantity.quantity><out_Quantity.quantity>762.151156</out_Quantity.quantity></Point><Point><position>738</position><in_Quantity.quantity>0.000000</in_Quantity.quantity><out_Quantity.quantity>436.444607</out_Quantity.quantity></Point><Point><position>739</position><in_Quantity.quantity>0.000000</in_Quantity.quantity><out_Quantity.quantity>448.158415</out_Quantity.quantity></Point><Point><position>740</position><in_Quantity.quantity>0.000000</in_Quantity.quantity><out_Quantity.quantity>882.973405</out_Quantity.quantity></Point><Point><position>741</position><in_Quantity.quantity>0.000000</in_Quantity.quantity><out_Quantity.quantity>496.103277</out_Quantity.quantity></Point><Point><position>742</position><in_Quantity.quantity>0.000000</in_Quantity.quantity><out_Quantity.quantity>133.093385</out_Quantity.quantity></Point><Point><position>743</position><in_Quantity.quantity>0.000000</in_Quantity.quantity><out_Quantity.quantity>72.473076</out_Quantity.quantity></Point><Point><position>744</position><in_Quantity.quantity>0.000000</in_Quantity.quantity><out_Quantity.quantity>901.423075</out_Quantity.quantity></Point><Point><position>745</position><in_Quantity.quantity>0.000000</in_Quantity.quantity><out_Quantity.quantity>294.344559</out_Quantity.quantity></Point><Point><position>746</position><in_Quantity.quantity>0.000000</in_Quantity.quantity><out_Quantity.quantity>816.851027</out_Quantity.quantity></Point><Point><position>747</position><in_Quantity.quantity>0.000000</in_Quantity.quantity><out_Quantity.quantity>366.070113</out_Quantity.quantity></Point><Point><position>748</position><in_Quantity.quantity>0.000000</in_Quantity.quantity><out_Quantity.quantity>191.234970</out_Quantity.quantity></Point><Point><position>749</position><in_Quantity.quantity>0.000000</in_Quantity.quantity><out_Quantity.quantity>692.606359</out_Quantity.quantity></Point><Point><position>750</position><in_Quantity.quantity>0.000000</in_Quantity.quantity><out_Quantity.quantity>282.520641</out_Quantity.quantity></Point><Point><position>751</position><in_Quantity.quantity>0.000000</in_Quantity.quantity><out_Quantity.quantity>182.384420</out_Quantity.quantity></Point><Point><position>752</position><in_Quantity.quantity>0.000000</in_Quantity.quantity><out_Quantity.quantity>986.646048</out_Quantity.quantity></Point><Point><position>753</position><in_Quantity.quantity>0.000000</in_Quantity.quantity><out_Quantity.quantity>521.439203</out_Quantity.quantity></Point><Point><position>754</position><in_Quantity.quantity>0.000000</in_Quantity.quantity><out_Quantity.quantity>790.107183</out_Quantity.quantity></Point><Point><position>755</position><in_Quantity.quantity>0.000000</in_Quantity.quantity><out_Quantity.quantity>363.798482</out_Quantity.quantity></Point><Point><position>756</position><in_Quantity.quantity>0.000000</in_Quantity.quantity><out_Quantity.quantity>480.087946</out_Quantity.quantity></Point><Point><position>757</position><in_Quantity.quantity>0.000000</in_Quantity.quantity><out_Quantity.quantity>569.741444</out_Quantity.quantity></Point><Point><position>758</position><in_Quantity.quantity>0.000000</in_Quantity.quantity><out_Quantity.quantity>913.778767</out_Quantity.quantity></Point><Point><position>759</position><in_Quantity.quantity>0.000000</in_Quantity.quantity><out_Quantity.quantity>611.625555</out_Quantity.quantity></Point><Point><position>760</position><in_Quantity.quantity>0.000000</in_Quantity.quantity><out_Quantity.quantity>265.115149</out_Quantity.quantity></Point><Point><position>761</position><in_Quantity.quantity>0.000000</in_Quantity.quantity><out_Quantity.quantity>968.031731</out_Quantity.quantity></Point><Point><position>762</position><in_Quantity.quantity>0.000000</in_Quantity.quantity><out_Quantity.quantity>416.464208</out_Quantity.quantity></Point><Point><position>763</position><in_Quantity.quantity>0.000000</in_Quantity.quantity><out_Quantity.quantity>844.096419</out_Quantity.quantity></Point><Point><position>764</position><in_Quantity.quantity>0.000000</in_Quantity.quantity><out_Quantity.quantity>685.540977</out_Quantity.quantity></Point><Point><position>765</position><in_Quantity.quantity>0.000000</in_Quantity.quantity><out_Quantity.quantity>799.150346</out_Quantity.quantity></Point><Point><position>766</position><in_Quantity.quantity>0.000000</in_Quantity.quantity><out_Quantity.quantity>138.936745</out_Quantity.quantity></Point><Point><position>767</position><in_Quantity.quantity>0.000000</in_Quantity.quantity><out_Quantity.quantity>717.662551</out_Quantity.quantity></Point><Point><position>768</position><in_Quantity.quantity>0.000000</in_Quantity.quantity><out_Quantity.quantity>154.436991</out_Quantity.quantity></Point><Point><position>769</position><in_Quantity.quantity>0.000000</in_Quantity.quantity><out_Quantity.quantity>801.920553</out_Quantity.quantity></Point><Point><position>770</position><in_Quantity.quantity>0.000000</in_Quantity.quantity><out_Quantity.quantity>978.397382</out_Quantity.quantity></Point><Point><position>771</position><in_Quantity.quantity>0.000000</in_Quantity.quantity><out_Quantity.quantity>918.677361</out_Quantity.quantity></Point><Point><position>772</position><in_Quantity.quantity>0.000000</in_Quantity.quantity><out_Quantity.quantity>710.682084</out_Quantity.quantity></Point><Point><position>773</position><in_Quantity.quantity>0.000000</in_Quantity.quantity><out_Quantity.quantity>219.760644</out_Quantity.quantity></Point><Point><position>774</position><in_Quantity.quantity>0.000000</in_Quantity.quantity><out_Quantity.quantity>344.579690</out_Quantity.quantity></Point><Point><position>775</position><in_Quantity.quantity>0.000000</in_Quantity.quantity><out_Quantity.quantity>405.590418</out_Quantity.quantity></Point><Point><position>776</position><in_Quantity.quantity>0.000000</in_Quantity.quantity><out_Quantity.quantity>869.815993</out_Quantity.quantity></Point><Point><position>777</position><in_Quantity.quantity>0.000000</in_Quantity.quantity><out_Quantity.quantity>473.609825</out_Quantity.quantity></Point><Point><position>778</position><in_Quantity.quantity>0.000000</in_Quantity.quantity><out_Quantity.quantity>108.684821</out_Quantity.quantity></Point><Point><position>779</position><in_Quantity.quantity>0.000000</in_Quantity.quantity><out_Quantity.quantity>475.894204</out_Quantity.quantity></Point><Point><position>780</position><in_Quantity.quantity>0.000000</in_Quantity.quantity><out_Quantity.quantity>368.776934</out_Quantity.quantity></Point><Point><position>781</position><in_Quantity.quantity>0.000000</in_Quantity.quantity><out_Quantity.quantity>182.576930</out_Quantity.quantity></Point><Point><position>782</position><in_Quantity.quantity>0.000000</in_Quantity.quantity><out_Quantity.quantity>990.913641</out_Quantity.quantity></Point><Point><position>783</position><in_Quantity.quantity>0.000000</in_Quantity.quantity><out_Quantity.quantity>767.946321</out_Quantity.quantity></Point><Point><position>784</position><in_Quantity.quantity>0.000000</in_Quantity.quantity><out_Quantity.quantity>72.836489</out_Quantity.quantity></Point><Point><position>785</position><in_Quantity.quantity>0.000000</in_Quantity.quantity><out_Quantity.quantity>849.629373</out_Quantity.quantity></Point><Point><position>786</position><in_Quantity.quantity>0.000000</in_Quantity.quantity><out_Quantity.quantity>832.459374</out_Quantity.quantity></Point><Point><position>787</position><in_Quantity.quantity>0.000000</in_Quantity.quantity><out_Quantity.quantity>119.125035</out_Quantity.quantity></Point><Point><position>788</position><in_Quantity.quantity>0.000000</in_Quantity.quantity><out_Quantity.quantity>859.912423</out_Quantity.quantity></Point><Point><position>789</position><in_Quantity.quantity>0.000000</in_Quantity.quantity><out_Quantity.quantity>163.089247</out_Quantity.quantity></Point><Point><position>790</position><in_Quantity.quantity>0.000000</in_Quantity.quantity><out_Quantity.quantity>505.737695</out_Quantity.quantity></Point><Point><position>791</position><in_Quantity.quantity>0.000000</in_Quantity.quantity><out_Quantity.quantity>996.566727</out_Quantity.quantity></Point><Point><position>792</position><in_Quantity.quantity>0.000000</in_Quantity.quantity><out_Quantity.quantity>436.392053</out_Quantity.quantity></Point><Point><position>793</position><in_Quantity.quantity>0.000000</in_Quantity.quantity><out_Quantity.quantity>487.141642</out_Quantity.quantity></Point><Point><position>794</position><in_Quantity.quantity>0.000000</in_Quantity.quantity><out_Quantity.quantity>524.125478</out_Quantity.quantity></Point><Point><position>795</position><in_Quantity.quantity>0.000000</in_Quantity.quantity><out_Quantity.quantity>952.727438</out_Quantity.quantity></Point><Point><position>796</position><in_Quantity.quantity>0.000000</in_Quantity.quantity><out_Quantity.quantity>236.550025</out_Quantity.quantity></Point><Point><position>797</position><in_Quantity.quantity>0.000000</in_Quantity.quantity><out_Quantity.quantity>808.606303</out_Quantity.quantity></Point><Point><position>798</position><in_Quantity.quantity>0.000000</in_Quantity.quantity><out_Quantity.quantity>255.498425</out_Quantity.quantity></Point><Point><position>799</position><in_Quantity.quantity>0.000000</in_Quantity.quantity><out_Quantity.quantity>849.703443</out_Quantity.quantity></Point><Point><position>800</position><in_Quantity.quantity>0.000000</in_Quantity.quantity><out_Quantity.quantity>911.437319</out_Quantity.quantity></Point><Point><position>801</position><in_Quantity.quantity>0.000000</in_Quantity.quantity><out_Quantity.quantity>943.029602</out_Quantity.quantity></Point><Point><position>802</position><in_Quantity.quantity>0.000000</in_Quantity.quantity><out_Quantity.quantity>655.395481</out_Quantity.quantity></Point><Point><position>803</position><in_Quantity.quantity>0.000000</in_Quantity.quantity><out_Quantity.quantity>284.544409</out_Quantity.quantity></Point><Point><position>804</position><in_Quantity.quantity>0.000000</in_Quantity.quantity><out_Quantity.quantity>121.736088</out_Quantity.quantity></Point><Point><position>805</position><in_Quantity.quantity>0.000000</in_Quantity.quantity><out_Quantity.quantity>139.052156</out_Quantity.quantity></Point><Point><position>806</position><in_Quantity.quantity>0.000000</in_Quantity.quantity><out_Quantity.quantity>412.668601</out_Quantity.quantity></Point><Point><position>807</position><in_Quantity.quantity>0.000000</in_Quantity.quantity><out_Quantity.quantity>944.494398</out_Quantity.quantity></Point><Point><position>808</position><in_Quantity.quantity>0.000000</in_Quantity.quantity><out_Quantity.quantity>499.836006</out_Quantity.quantity></Point><Point><position>809</position><in_Quantity.quantity>0.000000</in_Quantity.quantity><out_Quantity.quantity>580.180363</out_Quantity.quantity></Point><Point><position>810</position><in_Quantity.quantity>0.000000</in_Quantity.quantity><out_Quantity.quantity>350.162241</out_Quantity.quantity></Point><Point><position>811</position><in_Quantity.quantity>0.000000</in_Quantity.quantity><out_Quantity.quantity>456.358395</out_Quantity.quantity></Point><Point><position>812</position><in_Quantity.quantity>0.000000</in_Quantity.quantity><out_Quantity.quantity>129.076237</out_Quantity.quantity></Point><Point><position>813</position><in_Quantity.quantity>0.000000</in_Quantity.quantity><out_Quantity.quantity>243.003867</out_Quantity.quantity></Point><Point><position>814</position><in_Quantity.quantity>0.000000</in_Quantity.quantity><out_Quantity.quantity>475.014304</out_Quantity.quantity></Point><Point><position>815</position><in_Quantity.quantity>0.000000</in_Quantity.quantity><out_Quantity.quantity>319.166685</out_Quantity.quantity></Point><Point><position>816</position><in_Quantity.quantity>0.000000</in_Quantity.quantity><out_Quantity.quantity>337.467852</out_Quantity.quantity></Point><Point><position>817</position><in_Quantity.quantity>0.000000</in_Quantity.quantity><out_Quantity.quantity>589.423465</out_Quantity.quantity></Point><Point><position>818</position><in_Quantity.quantity>0.000000</in_Quantity.quantity><out_Quantity.quantity>797.384177</out_Quantity.quantity></Point><Point><position>819</position><in_Quantity.quantity>0.000000</in_Quantity.quantity><out_Quantity.quantity>737.639561</out_Quantity.quantity></Point><Point><position>820</position><in_Quantity.quantity>0.000000</in_Quantity.quantity><out_Quantity.quantity>421.970778</out_Quantity.quantity></Point><Point><position>821</position><in_Quantity.quantity>0.000000</in_Quantity.quantity><out_Quantity.quantity>135.719020</out_Quantity.quantity></Point><Point><position>822</position><in_Quantity.quantity>0.000000</in_Quantity.quantity><out_Quantity.quantity>755.926592</out_Quantity.quantity></Point><Point><position>823</position><in_Quantity.quantity>0.000000</in_Quantity.quantity><out_Quantity.quantity>300.887369</out_Quantity.quantity></Point><Point><position>824</position><in_Quantity.quantity>0.000000</in_Quantity.quantity><out_Quantity.quantity>45.701683</out_Quantity.quantity></Point><Point><position>825</position><in_Quantity.quantity>0.000000</in_Quantity.quantity><out_Quantity.quantity>948.580291</out_Quantity.quantity></Point><Point><position>826</position><in_Quantity.quantity>0.000000</in_Quantity.quantity><out_Quantity.quantity>767.636918</out_Quantity.quantity></Point><Point><position>827</position><in_Quantity.quantity>0.000000</in_Quantity.quantity><out_Quantity.quantity>995.661081</out_Quantity.quantity></Point><Point><position>828</position><in_Quantity.quantity>0.000000</in_Quantity.quantity><out_Quantity.quantity>939.838253</out_Quantity.quantity></Point><Point><position>829</position><in_Quantity.quantity>0.000000</in_Quantity.quantity><out_Quantity.quantity>195.001111</out_Quantity.quantity></Point><Point><position>830</position><in_Quantity.quantity>0.000000</in_Quantity.quantity><out_Quantity.quantity>338.838421</out_Quantity.quantity></Point><Point><position>831</position><in_Quantity.quantity>0.000000</in_Quantity.quantity><out_Quantity.quantity>947.608532</out_Quantity.quantity></Point><Point><position>832</position><in_Quantity.quantity>0.000000</in_Quantity.quantity><out_Quantity.quantity>459.987751</out_Quantity.quantity></Point><Point><position>833</position><in_Quantity.quantity>0.000000</in_Quantity.quantity><out_Quantity.quantity>471.124872</out_Quantity.quantity></Point><Point><position>834</position><in_Quantity.quantity>0.000000</in_Quantity.quantity><out_Quantity.quantity>431.000899</out_Quantity.quantity></Point><Point><position>835</position><in_Quantity.quantity>0.000000</in_Quantity.quantity><out_Quantity.quantity>883.838686</out_Quantity.quantity></Point><Point><position>836</position><in_Quantity.quantity>0.000000</in_Quantity.quantity><out_Quantity.quantity>908.354004</out_Quantity.quantity></Point><Point><position>837</position><in_Quantity.quantity>0.000000</in_Quantity.quantity><out_Quantity.quantity>90.978560</out_Quantity.quantity></Point><Point><position>838</position><in_Quantity.quantity>0.000000</in_Quantity.quantity><out_Quantity.quantity>401.929199</out_Quantity.quantity></Point><Point><position>839</position><in_Quantity.quantity>0.000000</in_Quantity.quantity><out_Quantity.quantity>926.899889</out_Quantity.quantity></Point><Point><position>840</position><in_Quantity.quantity>0.000000</in_Quantity.quantity><out_Quantity.quantity>249.847387</out_Quantity.quantity></Point><Point><position>841</position><in_Quantity.quantity>0.000000</in_Quantity.quantity><out_Quantity.quantity>627.330265</out_Quantity.quantity></Point><Point><position>842</position><in_Quantity.quantity>0.000000</in_Quantity.quantity><out_Quantity.quantity>740.688044</out_Quantity.quantity></Point><Point><position>843</position><in_Quantity.quantity>0.000000</in_Quantity.quantity><out_Quantity.quantity>852.957996</out_Quantity.quantity></Point><Point><position>844</position><in_Quantity.quantity>0.000000</in_Quantity.quantity><out_Quantity.quantity>152.326498</out_Quantity.quantity></Point><Point><position>845</position><in_Quantity.quantity>0.000000</in_Quantity.quantity><out_Quantity.quantity>421.356797</out_Quantity.quantity></Point><Point><position>846</position><in_Quantity.quantity>0.000000</in_Quantity.quantity><out_Quantity.quantity>73.689992</out_Quantity.quantity></Point><Point><position>847</position><in_Quantity.quantity>0.000000</in_Quantity.quantity><out_Quantity.quantity>580.844530</out_Quantity.quantity></Point><Point><position>848</position><in_Quantity.quantity>0.000000</in_Quantity.quantity><out_Quantity.quantity>653.277935</out_Quantity.quantity></Point><Point><position>849</position><in_Quantity.quantity>0.000000</in_Quantity.quantity><out_Quantity.quantity>832.455857</out_Quantity.quantity></Point><Point><position>850</position><in_Quantity.quantity>0.000000</in_Quantity.quantity><out_Quantity.quantity>421.197102</out_Quantity.quantity></Point><Point><position>851</position><in_Quantity.quantity>0.000000</in_Quantity.quantity><out_Quantity.quantity>126.302600</out_Quantity.quantity></Point><Point><position>852</position><in_Quantity.quantity>0.000000</in_Quantity.quantity><out_Quantity.quantity>150.276621</out_Quantity.quantity></Point><Point><position>853</position><in_Quantity.quantity>0.000000</in_Quantity.quantity><out_Quantity.quantity>668.641825</out_Quantity.quantity></Point><Point><position>854</position><in_Quantity.quantity>0.000000</in_Quantity.quantity><out_Quantity.quantity>897.656920</out_Quantity.quantity></Point><Point><position>855</position><in_Quantity.quantity>0.000000</in_Quantity.quantity><out_Quantity.quantity>388.705055</out_Quantity.quantity></Point><Point><position>856</position><in_Quantity.quantity>0.000000</in_Quantity.quantity><out_Quantity.quantity>217.296847</out_Quantity.quantity></Point><Point><position>857</position><in_Quantity.quantity>0.000000</in_Quantity.quantity><out_Quantity.quantity>184.629977</out_Quantity.quantity></Point><Point><position>858</position><in_Quantity.quantity>0.000000</in_Quantity.quantity><out_Quantity.quantity>389.762737</out_Quantity.quantity></Point><Point><position>859</position><in_Quantity.quantity>0.000000</in_Quantity.quantity><out_Quantity.quantity>354.358793</out_Quantity.quantity></Point><Point><position>860</position><in_Quantity.quantity>0.000000</in_Quantity.quantity><out_Quantity.quantity>139.560499</out_Quantity.quantity></Point><Point><position>861</position><in_Quantity.quantity>0.000000</in_Quantity.quantity><out_Quantity.quantity>70.895218</out_Quantity.quantity></Point><Point><position>862</position><in_Quantity.quantity>0.000000</in_Quantity.quantity><out_Quantity.quantity>357.793185</out_Quantity.quantity></Point><Point><position>863</position><in_Quantity.quantity>0.000000</in_Quantity.quantity><out_Quantity.quantity>723.306164</out_Quantity.quantity></Point><Point><position>864</position><in_Quantity.quantity>0.000000</in_Quantity.quantity><out_Quantity.quantity>780.338639</out_Quantity.quantity></Point><Point><position>865</position><in_Quantity.quantity>0.000000</in_Quantity.quantity><out_Quantity.quantity>753.637988</out_Quantity.quantity></Point><Point><position>866</position><in_Quantity.quantity>0.000000</in_Quantity.quantity><out_Quantity.quantity>986.433909</out_Quantity.quantity></Point><Point><position>867</position><in_Quantity.quantity>0.000000</in_Quantity.quantity><out_Quantity.quantity>817.441821</out_Quantity.quantity></Point><Point><position>868</position><in_Quantity.quantity>0.000000</in_Quantity.quantity><out_Quantity.quantity>629.124871</out_Quantity.quantity></Point><Point><position>869</position><in_Quantity.quantity>0.000000</in_Quantity.quantity><out_Quantity.quantity>289.972871</out_Quantity.quantity></Point><Point><position>870</position><in_Quantity.quantity>0.000000</in_Quantity.quantity><out_Quantity.quantity>885.643815</out_Quantity.quantity></Point><Point><position>871</position><in_Quantity.quantity>0.000000</in_Quantity.quantity><out_Quantity.quantity>464.064383</out_Quantity.quantity></Point><Point><position>872</position><in_Quantity.quantity>0.000000</in_Quantity.quantity><out_Quantity.quantity>174.841441</out_Quantity.quantity></Point><Point><position>873</position><in_Quantity.quantity>0.000000</in_Quantity.quantity><out_Quantity.quantity>773.621559</out_Quantity.quantity></Point><Point><position>874</position><in_Quantity.quantity>0.000000</in_Quantity.quantity><out_Quantity.quantity>549.714895</out_Quantity.quantity></Point><Point><position>875</position><in_Quantity.quantity>0.000000</in_Quantity.quantity><out_Quantity.quantity>515.026545</out_Quantity.quantity></Point><Point><position>876</position><in_Quantity.quantity>0.000000</in_Quantity.quantity><out_Quantity.quantity>608.831592</out_Quantity.quantity></Point><Point><position>877</position><in_Quantity.quantity>0.000000</in_Quantity.quantity><out_Quantity.quantity>539.534374</out_Quantity.quantity></Point><Point><position>878</position><in_Quantity.quantity>0.000000</in_Quantity.quantity><out_Quantity.quantity>487.574389</out_Quantity.quantity></Point><Point><position>879</position><in_Quantity.quantity>0.000000</in_Quantity.quantity><out_Quantity.quantity>242.117551</out_Quantity.quantity></Point><Point><position>880</position><in_Quantity.quantity>0.000000</in_Quantity.quantity><out_Quantity.quantity>629.740745</out_Quantity.quantity></Point><Point><position>881</position><in_Quantity.quantity>0.000000</in_Quantity.quantity><out_Quantity.quantity>645.609007</out_Quantity.quantity></Point><Point><position>882</position><in_Quantity.quantity>0.000000</in_Quantity.quantity><out_Quantity.quantity>180.216668</out_Quantity.quantity></Point><Point><position>883</position><in_Quantity.quantity>0.000000</in_Quantity.quantity><out_Quantity.quantity>226.390583</out_Quantity.quantity></Point><Point><position>884</position><in_Quantity.quantity>0.000000</in_Quantity.quantity><out_Quantity.quantity>415.494539</out_Quantity.quantity></Point><Point><position>885</position><in_Quantity.quantity>0.000000</in_Quantity.quantity><out_Quantity.quantity>236.169295</out_Quantity.quantity></Point><Point><position>886</position><in_Quantity.quantity>0.000000</in_Quantity.quantity><out_Quantity.quantity>412.855662</out_Quantity.quantity></Point><Point><position>887</position><in_Quantity.quantity>0.000000</in_Quantity.quantity><out_Quantity.quantity>352.076339</out_Quantity.quantity></Point><Point><position>888</position><in_Quantity.quantity>0.000000</in_Quantity.quantity><out_Quantity.quantity>719.427566</out_Quantity.quantity></Point><Point><position>889</position><in_Quantity.quantity>0.000000</in_Quantity.quantity><out_Quantity.quantity>547.971230</out_Quantity.quantity></Point><Point><position>890</position><in_Quantity.quantity>0.000000</in_Quantity.quantity><out_Quantity.quantity>170.750009</out_Quantity.quantity></Point><Point><position>891</position><in_Quantity.quantity>0.000000</in_Quantity.quantity><out_Quantity.quantity>175.926159</out_Quantity.quantity></Point><Point><position>892</position><in_Quantity.quantity>0.000000</in_Quantity.quantity><out_Quantity.quantity>430.333841</out_Quantity.quantity></Point><Point><position>893</position><in_Quantity.quantity>0.000000</in_Quantity.quantity><out_Quantity.quantity>674.494632</out_Quantity.quantity></Point><Point><position>894</position><in_Quantity.quantity>0.000000</in_Quantity.quantity><out_Quantity.quantity>477.494355</out_Quantity.quantity></Point><Point><position>895</position><in_Quantity.quantity>0.000000</in_Quantity.quantity><out_Quantity.quantity>308.025231</out_Quantity.quantity></Point><Point><position>896</position><in_Quantity.quantity>0.000000</in_Quantity.quantity><out_Quantity.quantity>842.281726</out_Quantity.quantity></Point><Point><position>897</position><in_Quantity.quantity>0.000000</in_Quantity.quantity><out_Quantity.quantity>397.734779</out_Quantity.quantity></Point><Point><position>898</position><in_Quantity.quantity>0.000000</in_Quantity.quantity><out_Quantity.quantity>821.950671</out_Quantity.quantity></Point><Point><position>899</position><in_Quantity.quantity>0.000000</in_Quantity.quantity><out_Quantity.quantity>974.299260</out_Quantity.quantity></Point><Point><position>900</position><in_Quantity.quantity>0.000000</in_Quantity.quantity><out_Quantity.quantity>197.379379</out_Quantity.quantity></Point><Point><position>901</position><in_Quantity.quantity>0.000000</in_Quantity.quantity><out_Quantity.quantity>222.808450</out_Quantity.quantity></Point><Point><position>902</position><in_Quantity.quantity>0.000000</in_Quantity.quantity><out_Quantity.quantity>79.916080</out_Quantity.quantity></Point><Point><position>903</position><in_Quantity.quantity>0.000000</in_Quantity.quantity><out_Quantity.quantity>318.417520</out_Quantity.quantity></Point><Point><position>904</position><in_Quantity.quantity>0.000000</in_Quantity.quantity><out_Quantity.quantity>890.435406</out_Quantity.quantity></Point><Point><position>905</position><in_Quantity.quantity>0.000000</in_Quantity.quantity><out_Quantity.quantity>388.050342</out_Quantity.quantity></Point><Point><position>906</position><in_Quantity.quantity>0.000000</in_Quantity.quantity><out_Quantity.quantity>432.402595</out_Quantity.quantity></Point><Point><position>907</position><in_Quantity.quantity>0.000000</in_Quantity.quantity><out_Quantity.quantity>423.227949</out_Quantity.quantity></Point><Point><position>908</position><in_Quantity.quantity>0.000000</in_Quantity.quantity><out_Quantity.quantity>108.714456</out_Quantity.quantity></Point><Point><position>909</position><in_Quantity.quantity>0.000000</in_Quantity.quantity><out_Quantity.quantity>921.151808</out_Quantity.quantity></Point><Point><position>910</position><in_Quantity.quantity>0.000000</in_Quantity.quantity><out_Quantity.quantity>94.223991</out_Quantity.quantity></Point><Point><position>911</position><in_Quantity.quantity>0.000000</in_Quantity.quantity><out_Quantity.quantity>388.374607</out_Quantity.quantity></Point><Point><position>912</position><in_Quantity.quantity>0.000000</in_Quantity.quantity><out_Quantity.quantity>440.155836</out_Quantity.quantity></Point><Point><position>913</position><in_Quantity.quantity>0.000000</in_Quantity.quantity><out_Quantity.quantity>797.773168</out_Quantity.quantity></Point><Point><position>914</position><in_Quantity.quantity>0.000000</in_Quantity.quantity><out_Quantity.quantity>730.661922</out_Quantity.quantity></Point><Point><position>915</position><in_Quantity.quantity>0.000000</in_Quantity.quantity><out_Quantity.quantity>548.834119</out_Quantity.quantity></Point><Point><position>916</position><in_Quantity.quantity>0.000000</in_Quantity.quantity><out_Quantity.quantity>766.289566</out_Quantity.quantity></Point><Point><position>917</position><in_Quantity.quantity>0.000000</in_Quantity.quantity><out_Quantity.quantity>532.414168</out_Quantity.quantity></Point><Point><position>918</position><in_Quantity.quantity>0.000000</in_Quantity.quantity><out_Quantity.quantity>203.614771</out_Quantity.quantity></Point><Point><position>919</position><in_Quantity.quantity>0.000000</in_Quantity.quantity><out_Quantity.quantity>19.892342</out_Quantity.quantity></Point><Point><position>920</position><in_Quantity.quantity>0.000000</in_Quantity.quantity><out_Quantity.quantity>965.615117</out_Quantity.quantity></Point><Point><position>921</position><in_Quantity.quantity>0.000000</in_Quantity.quantity><out_Quantity.quantity>630.437154</out_Quantity.quantity></Point><Point><position>922</position><in_Quantity.quantity>0.000000</in_Quantity.quantity><out_Quantity.quantity>998.299450</out_Quantity.quantity></Point><Point><position>923</position><in_Quantity.quantity>0.000000</in_Quantity.quantity><out_Quantity.quantity>761.183176</out_Quantity.quantity></Point><Point><position>924</position><in_Quantity.quantity>0.000000</in_Quantity.quantity><out_Quantity.quantity>237.870348</out_Quantity.quantity></Point><Point><position>925</position><in_Quantity.quantity>0.000000</in_Quantity.quantity><out_Quantity.quantity>522.730342</out_Quantity.quantity></Point><Point><position>926</position><in_Quantity.quantity>0.000000</in_Quantity.quantity><out_Quantity.quantity>32.153817</out_Quantity.quantity></Point><Point><position>927</position><in_Quantity.quantity>0.000000</in_Quantity.quantity><out_Quantity.quantity>10.143283</out_Quantity.quantity></Point><Point><position>928</position><in_Quantity.quantity>0.000000</in_Quantity.quantity><out_Quantity.quantity>103.231280</out_Quantity.quantity></Point><Point><position>929</position><in_Quantity.quantity>0.000000</in_Quantity.quantity><out_Quantity.quantity>53.253192</out_Quantity.quantity></Point><Point><position>930</position><in_Quantity.quantity>0.000000</in_Quantity.quantity><out_Quantity.quantity>270.595667</out_Quantity.quantity></Point><Point><position>931</position><in_Quantity.quantity>0.000000</in_Quantity.quantity><out_Quantity.quantity>112.356721</out_Quantity.quantity></Point><Point><position>932</position><in_Quantity.quantity>0.000000</in_Quantity.quantity><out_Quantity.quantity>502.922601</out_Quantity.quantity></Point><Point><position>933</position><in_Quantity.quantity>0.000000</in_Quantity.quantity><out_Quantity.quantity>118.667782</out_Quantity.quantity></Point><Point><position>934</position><in_Quantity.quantity>0.000000</in_Quantity.quantity><out_Quantity.quantity>241.381257</out_Quantity.quantity></Point><Point><position>935</position><in_Quantity.quantity>0.000000</in_Quantity.quantity><out_Quantity.quantity>747.021863</out_Quantity.quantity></Point><Point><position>936</position><in_Quantity.quantity>0.000000</in_Quantity.quantity><out_Quantity.quantity>668.259703</out_Quantity.quantity></Point><Point><position>937</position><in_Quantity.quantity>0.000000</in_Quantity.quantity><out_Quantity.quantity>514.265502</out_Quantity.quantity></Point><Point><position>938</position><in_Quantity.quantity>0.000000</in_Quantity.quantity><out_Quantity.quantity>393.915216</out_Quantity.quantity></Point><Point><position>939</position><in_Quantity.quantity>0.000000</in_Quantity.quantity><out_Quantity.quantity>246.758899</out_Quantity.quantity></Point><Point><position>940</position><in_Quantity.quantity>0.000000</in_Quantity.quantity><out_Quantity.quantity>447.332914</out_Quantity.quantity></Point><Point><position>941</position><in_Quantity.quantity>0.000000</in_Quantity.quantity><out_Quantity.quantity>553.269013</out_Quantity.quantity></Point><Point><position>942</position><in_Quantity.quantity>0.000000</in_Quantity.quantity><out_Quantity.quantity>599.666321</out_Quantity.quantity></Point><Point><position>943</position><in_Quantity.quantity>0.000000</in_Quantity.quantity><out_Quantity.quantity>136.188517</out_Quantity.quantity></Point><Point><position>944</position><in_Quantity.quantity>0.000000</in_Quantity.quantity><out_Quantity.quantity>886.888907</out_Quantity.quantity></Point><Point><position>945</position><in_Quantity.quantity>0.000000</in_Quantity.quantity><out_Quantity.quantity>310.480359</out_Quantity.quantity></Point><Point><position>946</position><in_Quantity.quantity>0.000000</in_Quantity.quantity><out_Quantity.quantity>608.730973</out_Quantity.quantity></Point><Point><position>947</position><in_Quantity.quantity>0.000000</in_Quantity.quantity><out_Quantity.quantity>542.968907</out_Quantity.quantity></Point><Point><position>948</position><in_Quantity.quantity>0.000000</in_Quantity.quantity><out_Quantity.quantity>873.498498</out_Quantity.quantity></Point><Point><position>949</position><in_Quantity.quantity>0.000000</in_Quantity.quantity><out_Quantity.quantity>64.076705</out_Quantity.quantity></Point><Point><position>950</position><in_Quantity.quantity>0.000000</in_Quantity.quantity><out_Quantity.quantity>81.783312</out_Quantity.quantity></Point><Point><position>951</position><in_Quantity.quantity>0.000000</in_Quantity.quantity><out_Quantity.quantity>137.548525</out_Quantity.quantity></Point><Point><position>952</position><in_Quantity.quantity>0.000000</in_Quantity.quantity><out_Quantity.quantity>763.293815</out_Quantity.quantity></Point><Point><position>953</position><in_Quantity.quantity>0.000000</in_Quantity.quantity><out_Quantity.quantity>129.752702</out_Quantity.quantity></Point><Point><position>954</position><in_Quantity.quantity>0.000000</in_Quantity.quantity><out_Quantity.quantity>361.384457</out_Quantity.quantity></Point><Point><position>955</position><in_Quantity.quantity>0.000000</in_Quantity.quantity><out_Quantity.quantity>454.676615</out_Quantity.quantity></Point><Point><position>956</position><in_Quantity.quantity>0.000000</in_Quantity.quantity><out_Quantity.quantity>346.748703</out_Quantity.quantity></Point><Point><position>957</position><in_Quantity.quantity>0.000000</in_Quantity.quantity><out_Quantity.quantity>90.062088</out_Quantity.quantity></Point><Point><position>958</position><in_Quantity.quantity>0.000000</in_Quantity.quantity><out_Quantity.quantity>854.232411</out_Quantity.quantity></Point><Point><position>959</position><in_Quantity.quantity>0.000000</in_Quantity.quantity><out_Quantity.quantity>538.958920</out_Quantity.quantity></Point><Point><position>960</position><in_Quantity.quantity>0.000000</in_Quantity.quantity><out_Quantity.quantity>7.764019</out_Quantity.quantity></Point><Point><position>961</position><in_Quantity.quantity>0.000000</in_Quantity.quantity><out_Quantity.quantity>738.748239</out_Quantity.quantity></Point><Point><position>962</position><in_Quantity.quantity>0.000000</in_Quantity.quantity><out_Quantity.quantity>899.197684</out_Quantity.quantity></Point><Point><position>963</position><in_Quantity.quantity>0.000000</in_Quantity.quantity><out_Quantity.quantity>837.380737</out_Quantity.quantity></Point><Point><position>964</position><in_Quantity.quantity>0.000000</in_Quantity.quantity><out_Quantity.quantity>845.908476</out_Quantity.quantity></Point><Point><position>965</position><in_Quantity.quantity>0.000000</in_Quantity.quantity><out_Quantity.quantity>295.510686</out_Quantity.quantity></Point><Point><position>966</position><in_Quantity.quantity>0.000000</in_Quantity.quantity><out_Quantity.quantity>876.493314</out_Quantity.quantity></Point><Point><position>967</position><in_Quantity.quantity>0.000000</in_Quantity.quantity><out_Quantity.quantity>779.679411</out_Quantity.quantity></Point><Point><position>968</position><in_Quantity.quantity>0.000000</in_Quantity.quantity><out_Quantity.quantity>398.319419</out_Quantity.quantity></Point><Point><position>969</position><in_Quantity.quantity>0.000000</in_Quantity.quantity><out_Quantity.quantity>435.259084</out_Quantity.quantity></Point><Point><position>970</position><in_Quantity.quantity>0.000000</in_Quantity.quantity><out_Quantity.quantity>820.384767</out_Quantity.quantity></Point><Point><position>971</position><in_Quantity.quantity>0.000000</in_Quantity.quantity><out_Quantity.quantity>791.211684</out_Quantity.quantity></Point><Point><position>972</position><in_Quantity.quantity>0.000000</in_Quantity.quantity><out_Quantity.quantity>619.764947</out_Quantity.quantity></Point><Point><position>973</position><in_Quantity.quantity>0.000000</in_Quantity.quantity><out_Quantity.quantity>343.212650</out_Quantity.quantity></Point><Point><position>974</position><in_Quantity.quantity>0.000000</in_Quantity.quantity><out_Quantity.quantity>2.161813</out_Quantity.quantity></Point><Point><position>975</position><in_Quantity.quantity>0.000000</in_Quantity.quantity><out_Quantity.quantity>779.176289</out_Quantity.quantity></Point><Point><position>976</position><in_Quantity.quantity>0.000000</in_Quantity.quantity><out_Quantity.quantity>306.182877</out_Quantity.quantity></Point><Point><position>977</position><in_Quantity.quantity>0.000000</in_Quantity.quantity><out_Quantity.quantity>299.421721</out_Quantity.quantity></Point><Point><position>978</position><in_Quantity.quantity>0.000000</in_Quantity.quantity><out_Quantity.quantity>788.723238</out_Quantity.quantity></Point><Point><position>979</position><in_Quantity.quantity>0.000000</in_Quantity.quantity><out_Quantity.quantity>617.822346</out_Quantity.quantity></Point><Point><position>980</position><in_Quantity.quantity>0.000000</in_Quantity.quantity><out_Quantity.quantity>744.325497</out_Quantity.quantity></Point><Point><position>981</position><in_Quantity.quantity>0.000000</in_Quantity.quantity><out_Quantity.quantity>638.254787</out_Quantity.quantity></Point><Point><position>982</position><in_Quantity.quantity>0.000000</in_Quantity.quantity><out_Quantity.quantity>667.869811</out_Quantity.quantity></Point><Point><position>983</position><in_Quantity.quantity>0.000000</in_Quantity.quantity><out_Quantity.quantity>273.547083</out_Quantity.quantity></Point><Point><position>984</position><in_Quantity.quantity>0.000000</in_Quantity.quantity><out_Quantity.quantity>352.837218</out_Quantity.quantity></Point><Point><position>985</position><in_Quantity.quantity>0.000000</in_Quantity.quantity><out_Quantity.quantity>322.106509</out_Quantity.quantity></Point><Point><position>986</position><in_Quantity.quantity>0.000000</in_Quantity.quantity><out_Quantity.quantity>166.178851</out_Quantity.quantity></Point><Point><position>987</position><in_Quantity.quantity>0.000000</in_Quantity.quantity><out_Quantity.quantity>843.771031</out_Quantity.quantity></Point><Point><position>988</position><in_Quantity.quantity>0.000000</in_Quantity.quantity><out_Quantity.quantity>806.428615</out_Quantity.quantity></Point><Point><position>989</position><in_Quantity.quantity>0.000000</in_Quantity.quantity><out_Quantity.quantity>604.845893</out_Quantity.quantity></Point><Point><position>990</position><in_Quantity.quantity>0.000000</in_Quantity.quantity><out_Quantity.quantity>228.839838</out_Quantity.quantity></Point><Point><position>991</position><in_Quantity.quantity>0.000000</in_Quantity.quantity><out_Quantity.quantity>366.596949</out_Quantity.quantity></Point><Point><position>992</position><in_Quantity.quantity>0.000000</in_Quantity.quantity><out_Quantity.quantity>947.511044</out_Quantity.quantity></Point><Point><position>993</position><in_Quantity.quantity>0.000000</in_Quantity.quantity><out_Quantity.quantity>927.576712</out_Quantity.quantity></Point><Point><position>994</position><in_Quantity.quantity>0.000000</in_Quantity.quantity><out_Quantity.quantity>399.048733</out_Quantity.quantity></Point><Point><position>995</position><in_Quantity.quantity>0.000000</in_Quantity.quantity><out_Quantity.quantity>805.917623</out_Quantity.quantity></Point><Point><position>996</position><in_Quantity.quantity>0.000000</in_Quantity.quantity><out_Quantity.quantity>251.272114</out_Quantity.quantity></Point><Point><position>997</position><in_Quantity.quantity>0.000000</in_Quantity.quantity><out_Quantity.quantity>924.807339</out_Quantity.quantity></Point><Point><position>998</position><in_Quantity.quantity>0.000000</in_Quantity.quantity><out_Quantity.quantity>582.618037</out_Quantity.quantity></Point><Point><position>999</position><in_Quantity.quantity>0.000000</in_Quantity.quantity><out_Quantity.quantity>588.754133</out_Quantity.quantity></Point><Point><position>1000</position><in_Quantity.quantity>0.000000</in_Quantity.quantity><out_Quantity.quantity>466.085052</out_Quantity.quantity></Point><Point><position>1001</position><in_Quantity.quantity>0.000000</in_Quantity.quantity><out_Quantity.quantity>685.277745</out_Quantity.quantity></Point><Point><position>1002</position><in_Quantity.quantity>0.000000</in_Quantity.quantity><out_Quantity.quantity>240.455034</out_Quantity.quantity></Point><Point><position>1003</position><in_Quantity.quantity>0.000000</in_Quantity.quantity><out_Quantity.quantity>58.946652</out_Quantity.quantity></Point><Point><position>1004</position><in_Quantity.quantity>0.000000</in_Quantity.quantity><out_Quantity.quantity>522.349373</out_Quantity.quantity></Point><Point><position>1005</position><in_Quantity.quantity>0.000000</in_Quantity.quantity><out_Quantity.quantity>819.561942</out_Quantity.quantity></Point><Point><position>1006</position><in_Quantity.quantity>0.000000</in_Quantity.quantity><out_Quantity.quantity>626.763827</out_Quantity.quantity></Point><Point><position>1007</position><in_Quantity.quantity>0.000000</in_Quantity.quantity><out_Quantity.quantity>782.637061</out_Quantity.quantity></Point><Point><position>1008</position><in_Quantity.quantity>0.000000</in_Quantity.quantity><out_Quantity.quantity>972.155173</out_Quantity.quantity></Point><Point><position>1009</position><in_Quantity.quantity>0.000000</in_Quantity.quantity><out_Quantity.quantity>428.919148</out_Quantity.quantity></Point><Point><position>1010</position><in_Quantity.quantity>0.000000</in_Quantity.quantity><out_Quantity.quantity>715.682742</out_Quantity.quantity></Point><Point><position>1011</position><in_Quantity.quantity>0.000000</in_Quantity.quantity><out_Quantity.quantity>855.901782</out_Quantity.quantity></Point><Point><position>1012</position><in_Quantity.quantity>0.000000</in_Quantity.quantity><out_Quantity.quantity>97.584143</out_Quantity.quantity></Point><Point><position>1013</position><in_Quantity.quantity>0.000000</in_Quantity.quantity><out_Quantity.quantity>883.231430</out_Quantity.quantity></Point><Point><position>1014</position><in_Quantity.quantity>0.000000</in_Quantity.quantity><out_Quantity.quantity>285.677714</out_Quantity.quantity></Point><Point><position>1015</position><in_Quantity.quantity>0.000000</in_Quantity.quantity><out_Quantity.quantity>586.363197</out_Quantity.quantity></Point><Point><position>1016</position><in_Quantity.quantity>0.000000</in_Quantity.quantity><out_Quantity.quantity>270.935166</out_Quantity.quantity></Point><Point><position>1017</position><in_Quantity.quantity>0.000000</in_Quantity.quantity><out_Quantity.quantity>276.140571</out_Quantity.quantity></Point><Point><position>1018</position><in_Quantity.quantity>0.000000</in_Quantity.quantity><out_Quantity.quantity>814.438720</out_Quantity.quantity></Point><Point><position>1019</position><in_Quantity.quantity>0.000000</in_Quantity.quantity><out_Quantity.quantity>543.431588</out_Quantity.quantity></Point><Point><position>1020</position><in_Quantity.quantity>0.000000</in_Quantity.quantity><out_Quantity.quantity>568.561103</out_Quantity.quantity></Point><Point><position>1021</position><in_Quantity.quantity>0.000000</in_Quantity.quantity><out_Quantity.quantity>225.247131</out_Quantity.quantity></Point><Point><position>1022</position><in_Quantity.quantity>0.000000</in_Quantity.quantity><out_Quantity.quantity>990.252700</out_Quantity.quantity></Point><Point><position>1023</position><in_Quantity.quantity>0.000000</in_Quantity.quantity><out_Quantity.quantity>743.195090</out_Quantity.quantity></Point><Point><position>1024</position><in_Quantity.quantity>0.000000</in_Quantity.quantity><out_Quantity.quantity>698.309701</out_Quantity.quantity></Point><Point><position>1025</position><in_Quantity.quantity>0.000000</in_Quantity.quantity><out_Quantity.quantity>722.579458</out_Quantity.quantity></Point><Point><position>1026</position><in_Quantity.quantity>0.000000</in_Quantity.quantity><out_Quantity.quantity>671.027883</out_Quantity.quantity></Point><Point><position>1027</position><in_Quantity.quantity>0.000000</in_Quantity.quantity><out_Quantity.quantity>814.868097</out_Quantity.quantity></Point><Point><position>1028</position><in_Quantity.quantity>0.000000</in_Quantity.quantity><out_Quantity.quantity>478.212542</out_Quantity.quantity></Point><Point><position>1029</position><in_Quantity.quantity>0.000000</in_Quantity.quantity><out_Quantity.quantity>637.468558</out_Quantity.quantity></Point><Point><position>1030</position><in_Quantity.quantity>0.000000</in_Quantity.quantity><out_Quantity.quantity>262.427042</out_Quantity.quantity></Point><Point><position>1031</position><in_Quantity.quantity>0.000000</in_Quantity.quantity><out_Quantity.quantity>588.547132</out_Quantity.quantity></Point><Point><position>1032</position><in_Quantity.quantity>0.000000</in_Quantity.quantity><out_Quantity.quantity>58.814661</out_Quantity.quantity></Point><Point><position>1033</position><in_Quantity.quantity>0.000000</in_Quantity.quantity><out_Quantity.quantity>474.648718</out_Quantity.quantity></Point><Point><position>1034</position><in_Quantity.quantity>0.000000</in_Quantity.quantity><out_Quantity.quantity>380.503232</out_Quantity.quantity></Point><Point><position>1035</position><in_Quantity.quantity>0.000000</in_Quantity.quantity><out_Quantity.quantity>805.910996</out_Quantity.quantity></Point><Point><position>1036</position><in_Quantity.quantity>0.000000</in_Quantity.quantity><out_Quantity.quantity>303.909985</out_Quantity.quantity></Point><Point><position>1037</position><in_Quantity.quantity>0.000000</in_Quantity.quantity><out_Quantity.quantity>133.617020</out_Quantity.quantity></Point><Point><position>1038</position><in_Quantity.quantity>0.000000</in_Quantity.quantity><out_Quantity.quantity>257.937260</out_Quantity.quantity></Point><Point><position>1039</position><in_Quantity.quantity>0.000000</in_Quantity.quantity><out_Quantity.quantity>969.852173</out_Quantity.quantity></Point><Point><position>1040</position><in_Quantity.quantity>0.000000</in_Quantity.quantity><out_Quantity.quantity>402.709780</out_Quantity.quantity></Point><Point><position>1041</position><in_Quantity.quantity>0.000000</in_Quantity.quantity><out_Quantity.quantity>460.170687</out_Quantity.quantity></Point><Point><position>1042</position><in_Quantity.quantity>0.000000</in_Quantity.quantity><out_Quantity.quantity>831.959615</out_Quantity.quantity></Point><Point><position>1043</position><in_Quantity.quantity>0.000000</in_Quantity.quantity><out_Quantity.quantity>642.071557</out_Quantity.quantity></Point><Point><position>1044</position><in_Quantity.quantity>0.000000</in_Quantity.quantity><out_Quantity.quantity>201.266822</out_Quantity.quantity></Point><Point><position>1045</position><in_Quantity.quantity>0.000000</in_Quantity.quantity><out_Quantity.quantity>325.478430</out_Quantity.quantity></Point><Point><position>1046</position><in_Quantity.quantity>0.000000</in_Quantity.quantity><out_Quantity.quantity>122.631550</out_Quantity.quantity></Point><Point><position>1047</position><in_Quantity.quantity>0.000000</in_Quantity.quantity><out_Quantity.quantity>927.965456</out_Quantity.quantity></Point><Point><position>1048</position><in_Quantity.quantity>0.000000</in_Quantity.quantity><out_Quantity.quantity>890.258192</out_Quantity.quantity></Point><Point><position>1049</position><in_Quantity.quantity>0.000000</in_Quantity.quantity><out_Quantity.quantity>626.566057</out_Quantity.quantity></Point><Point><position>1050</position><in_Quantity.quantity>0.000000</in_Quantity.quantity><out_Quantity.quantity>335.221063</out_Quantity.quantity></Point><Point><position>1051</position><in_Quantity.quantity>0.000000</in_Quantity.quantity><out_Quantity.quantity>383.521090</out_Quantity.quantity></Point><Point><position>1052</position><in_Quantity.quantity>0.000000</in_Quantity.quantity><out_Quantity.quantity>176.487401</out_Quantity.quantity></Point><Point><position>1053</position><in_Quantity.quantity>0.000000</in_Quantity.quantity><out_Quantity.quantity>566.629379</out_Quantity.quantity></Point><Point><position>1054</position><in_Quantity.quantity>0.000000</in_Quantity.quantity><out_Quantity.quantity>955.504742</out_Quantity.quantity></Point><Point><position>1055</position><in_Quantity.quantity>0.000000</in_Quantity.quantity><out_Quantity.quantity>56.767094</out_Quantity.quantity></Point><Point><position>1056</position><in_Quantity.quantity>0.000000</in_Quantity.quantity><out_Quantity.quantity>760.683826</out_Quantity.quantity></Point><Point><position>1057</position><in_Quantity.quantity>0.000000</in_Quantity.quantity><out_Quantity.quantity>787.086297</out_Quantity.quantity></Point><Point><position>1058</position><in_Quantity.quantity>0.000000</in_Quantity.quantity><out_Quantity.quantity>155.871169</out_Quantity.quantity></Point><Point><position>1059</position><in_Quantity.quantity>0.000000</in_Quantity.quantity><out_Quantity.quantity>528.545882</out_Quantity.quantity></Point><Point><position>1060</position><in_Quantity.quantity>0.000000</in_Quantity.quantity><out_Quantity.quantity>41.677378</out_Quantity.quantity></Point><Point><position>1061</position><in_Quantity.quantity>0.000000</in_Quantity.quantity><out_Quantity.quantity>216.939240</out_Quantity.quantity></Point><Point><position>1062</position><in_Quantity.quantity>0.000000</in_Quantity.quantity><out_Quantity.quantity>719.328883</out_Quantity.quantity></Point><Point><position>1063</position><in_Quantity.quantity>0.000000</in_Quantity.quantity><out_Quantity.quantity>8.154676</out_Quantity.quantity></Point><Point><position>1064</position><in_Quantity.quantity>0.000000</in_Quantity.quantity><out_Quantity.quantity>56.288122</out_Quantity.quantity></Point><Point><position>1065</position><in_Quantity.quantity>0.000000</in_Quantity.quantity><out_Quantity.quantity>734.842952</out_Quantity.quantity></Point><Point><position>1066</position><in_Quantity.quantity>0.000000</in_Quantity.quantity><out_Quantity.quantity>21.959083</out_Quantity.quantity></Point><Point><position>1067</position><in_Quantity.quantity>0.000000</in_Quantity.quantity><out_Quantity.quantity>564.009311</out_Quantity.quantity></Point><Point><position>1068</position><in_Quantity.quantity>0.000000</in_Quantity.quantity><out_Quantity.quantity>995.536028</out_Quantity.quantity></Point><Point><position>1069</position><in_Quantity.quantity>0.000000</in_Quantity.quantity><out_Quantity.quantity>636.915667</out_Quantity.quantity></Point><Point><position>1070</position><in_Quantity.quantity>0.000000</in_Quantity.quantity><out_Quantity.quantity>218.497691</out_Quantity.quantity></Point><Point><position>1071</position><in_Quantity.quantity>0.000000</in_Quantity.quantity><out_Quantity.quantity>856.445457</out_Quantity.quantity></Point><Point><position>1072</position><in_Quantity.quantity>0.000000</in_Quantity.quantity><out_Quantity.quantity>810.256928</out_Quantity.quantity></Point><Point><position>1073</position><in_Quantity.quantity>0.000000</in_Quantity.quantity><out_Quantity.quantity>972.485409</out_Quantity.quantity></Point><Point><position>1074</position><in_Quantity.quantity>0.000000</in_Quantity.quantity><out_Quantity.quantity>860.266212</out_Quantity.quantity></Point><Point><position>1075</position><in_Quantity.quantity>0.000000</in_Quantity.quantity><out_Quantity.quantity>622.230331</out_Quantity.quantity></Point><Point><position>1076</position><in_Quantity.quantity>0.000000</in_Quantity.quantity><out_Quantity.quantity>721.142730</out_Quantity.quantity></Point><Point><position>1077</position><in_Quantity.quantity>0.000000</in_Quantity.quantity><out_Quantity.quantity>393.166441</out_Quantity.quantity></Point><Point><position>1078</position><in_Quantity.quantity>0.000000</in_Quantity.quantity><out_Quantity.quantity>433.904139</out_Quantity.quantity></Point><Point><position>1079</position><in_Quantity.quantity>0.000000</in_Quantity.quantity><out_Quantity.quantity>147.851744</out_Quantity.quantity></Point><Point><position>1080</position><in_Quantity.quantity>0.000000</in_Quantity.quantity><out_Quantity.quantity>522.806454</out_Quantity.quantity></Point><Point><position>1081</position><in_Quantity.quantity>0.000000</in_Quantity.quantity><out_Quantity.quantity>216.766731</out_Quantity.quantity></Point><Point><position>1082</position><in_Quantity.quantity>0.000000</in_Quantity.quantity><out_Quantity.quantity>999.123708</out_Quantity.quantity></Point><Point><position>1083</position><in_Quantity.quantity>0.000000</in_Quantity.quantity><out_Quantity.quantity>82.473645</out_Quantity.quantity></Point><Point><position>1084</position><in_Quantity.quantity>0.000000</in_Quantity.quantity><out_Quantity.quantity>705.061039</out_Quantity.quantity></Point><Point><position>1085</position><in_Quantity.quantity>0.000000</in_Quantity.quantity><out_Quantity.quantity>82.328230</out_Quantity.quantity></Point><Point><position>1086</position><in_Quantity.quantity>0.000000</in_Quantity.quantity><out_Quantity.quantity>976.185895</out_Quantity.quantity></Point><Point><position>1087</position><in_Quantity.quantity>0.000000</in_Quantity.quantity><out_Quantity.quantity>948.142726</out_Quantity.quantity></Point><Point><position>1088</position><in_Quantity.quantity>0.000000</in_Quantity.quantity><out_Quantity.quantity>577.230034</out_Quantity.quantity></Point><Point><position>1089</position><in_Quantity.quantity>0.000000</in_Quantity.quantity><out_Quantity.quantity>778.398704</out_Quantity.quantity></Point><Point><position>1090</position><in_Quantity.quantity>0.000000</in_Quantity.quantity><out_Quantity.quantity>732.070837</out_Quantity.quantity></Point><Point><position>1091</position><in_Quantity.quantity>0.000000</in_Quantity.quantity><out_Quantity.quantity>153.692787</out_Quantity.quantity></Point><Point><position>1092</position><in_Quantity.quantity>0.000000</in_Quantity.quantity><out_Quantity.quantity>247.415910</out_Quantity.quantity></Point><Point><position>1093</position><in_Quantity.quantity>0.000000</in_Quantity.quantity><out_Quantity.quantity>395.474226</out_Quantity.quantity></Point><Point><position>1094</position><in_Quantity.quantity>0.000000</in_Quantity.quantity><out_Quantity.quantity>666.520137</out_Quantity.quantity></Point><Point><position>1095</position><in_Quantity.quantity>0.000000</in_Quantity.quantity><out_Quantity.quantity>255.074410</out_Quantity.quantity></Point><Point><position>1096</position><in_Quantity.quantity>0.000000</in_Quantity.quantity><out_Quantity.quantity>132.280497</out_Quantity.quantity></Point><Point><position>1097</position><in_Quantity.quantity>0.000000</in_Quantity.quantity><out_Quantity.quantity>673.067370</out_Quantity.quantity></Point><Point><position>1098</position><in_Quantity.quantity>0.000000</in_Quantity.quantity><out_Quantity.quantity>271.491770</out_Quantity.quantity></Point><Point><position>1099</position><in_Quantity.quantity>0.000000</in_Quantity.quantity><out_Quantity.quantity>481.200636</out_Quantity.quantity></Point><Point><position>1100</position><in_Quantity.quantity>0.000000</in_Quantity.quantity><out_Quantity.quantity>327.667199</out_Quantity.quantity></Point><Point><position>1101</position><in_Quantity.quantity>0.000000</in_Quantity.quantity><out_Quantity.quantity>559.677060</out_Quantity.quantity></Point><Point><position>1102</position><in_Quantity.quantity>0.000000</in_Quantity.quantity><out_Quantity.quantity>102.436707</out_Quantity.quantity></Point><Point><position>1103</position><in_Quantity.quantity>0.000000</in_Quantity.quantity><out_Quantity.quantity>844.823026</out_Quantity.quantity></Point><Point><position>1104</position><in_Quantity.quantity>0.000000</in_Quantity.quantity><out_Quantity.quantity>426.770084</out_Quantity.quantity></Point><Point><position>1105</position><in_Quantity.quantity>0.000000</in_Quantity.quantity><out_Quantity.quantity>901.692869</out_Quantity.quantity></Point><Point><position>1106</position><in_Quantity.quantity>0.000000</in_Quantity.quantity><out_Quantity.quantity>160.222275</out_Quantity.quantity></Point><Point><position>1107</position><in_Quantity.quantity>0.000000</in_Quantity.quantity><out_Quantity.quantity>758.149299</out_Quantity.quantity></Point><Point><position>1108</position><in_Quantity.quantity>0.000000</in_Quantity.quantity><out_Quantity.quantity>69.721706</out_Quantity.quantity></Point><Point><position>1109</position><in_Quantity.quantity>0.000000</in_Quantity.quantity><out_Quantity.quantity>192.545395</out_Quantity.quantity></Point><Point><position>1110</position><in_Quantity.quantity>0.000000</in_Quantity.quantity><out_Quantity.quantity>584.750688</out_Quantity.quantity></Point><Point><position>1111</position><in_Quantity.quantity>0.000000</in_Quantity.quantity><out_Quantity.quantity>379.473156</out_Quantity.quantity></Point><Point><position>1112</position><in_Quantity.quantity>0.000000</in_Quantity.quantity><out_Quantity.quantity>84.299364</out_Quantity.quantity></Point><Point><position>1113</position><in_Quantity.quantity>0.000000</in_Quantity.quantity><out_Quantity.quantity>334.536663</out_Quantity.quantity></Point><Point><position>1114</position><in_Quantity.quantity>0.000000</in_Quantity.quantity><out_Quantity.quantity>470.547729</out_Quantity.quantity></Point><Point><position>1115</position><in_Quantity.quantity>0.000000</in_Quantity.quantity><out_Quantity.quantity>355.206542</out_Quantity.quantity></Point><Point><position>1116</position><in_Quantity.quantity>0.000000</in_Quantity.quantity><out_Quantity.quantity>970.437980</out_Quantity.quantity></Point><Point><position>1117</position><in_Quantity.quantity>0.000000</in_Quantity.quantity><out_Quantity.quantity>253.343170</out_Quantity.quantity></Point><Point><position>1118</position><in_Quantity.quantity>0.000000</in_Quantity.quantity><out_Quantity.quantity>657.958224</out_Quantity.quantity></Point><Point><position>1119</position><in_Quantity.quantity>0.000000</in_Quantity.quantity><out_Quantity.quantity>597.208052</out_Quantity.quantity></Point><Point><position>1120</position><in_Quantity.quantity>0.000000</in_Quantity.quantity><out_Quantity.quantity>82.553671</out_Quantity.quantity></Point><Point><position>1121</position><in_Quantity.quantity>0.000000</in_Quantity.quantity><out_Quantity.quantity>5.956185</out_Quantity.quantity></Point><Point><position>1122</position><in_Quantity.quantity>0.000000</in_Quantity.quantity><out_Quantity.quantity>651.424612</out_Quantity.quantity></Point><Point><position>1123</position><in_Quantity.quantity>0.000000</in_Quantity.quantity><out_Quantity.quantity>370.053653</out_Quantity.quantity></Point><Point><position>1124</position><in_Quantity.quantity>0.000000</in_Quantity.quantity><out_Quantity.quantity>256.991849</out_Quantity.quantity></Point><Point><position>1125</position><in_Quantity.quantity>0.000000</in_Quantity.quantity><out_Quantity.quantity>181.878949</out_Quantity.quantity></Point><Point><position>1126</position><in_Quantity.quantity>0.000000</in_Quantity.quantity><out_Quantity.quantity>411.997144</out_Quantity.quantity></Point><Point><position>1127</position><in_Quantity.quantity>0.000000</in_Quantity.quantity><out_Quantity.quantity>175.245459</out_Quantity.quantity></Point><Point><position>1128</position><in_Quantity.quantity>0.000000</in_Quantity.quantity><out_Quantity.quantity>28.856974</out_Quantity.quantity></Point><Point><position>1129</position><in_Quantity.quantity>0.000000</in_Quantity.quantity><out_Quantity.quantity>308.619982</out_Quantity.quantity></Point><Point><position>1130</position><in_Quantity.quantity>0.000000</in_Quantity.quantity><out_Quantity.quantity>87.293498</out_Quantity.quantity></Point><Point><position>1131</position><in_Quantity.quantity>0.000000</in_Quantity.quantity><out_Quantity.quantity>607.148926</out_Quantity.quantity></Point><Point><position>1132</position><in_Quantity.quantity>0.000000</in_Quantity.quantity><out_Quantity.quantity>327.690558</out_Quantity.quantity></Point><Point><position>1133</position><in_Quantity.quantity>0.000000</in_Quantity.quantity><out_Quantity.quantity>436.858244</out_Quantity.quantity></Point><Point><position>1134</position><in_Quantity.quantity>0.000000</in_Quantity.quantity><out_Quantity.quantity>749.476568</out_Quantity.quantity></Point><Point><position>1135</position><in_Quantity.quantity>0.000000</in_Quantity.quantity><out_Quantity.quantity>770.270031</out_Quantity.quantity></Point><Point><position>1136</position><in_Quantity.quantity>0.000000</in_Quantity.quantity><out_Quantity.quantity>443.324829</out_Quantity.quantity></Point><Point><position>1137</position><in_Quantity.quantity>0.000000</in_Quantity.quantity><out_Quantity.quantity>401.184112</out_Quantity.quantity></Point><Point><position>1138</position><in_Quantity.quantity>0.000000</in_Quantity.quantity><out_Quantity.quantity>418.090548</out_Quantity.quantity></Point><Point><position>1139</position><in_Quantity.quantity>0.000000</in_Quantity.quantity><out_Quantity.quantity>14.386247</out_Quantity.quantity></Point><Point><position>1140</position><in_Quantity.quantity>0.000000</in_Quantity.quantity><out_Quantity.quantity>639.926954</out_Quantity.quantity></Point><Point><position>1141</position><in_Quantity.quantity>0.000000</in_Quantity.quantity><out_Quantity.quantity>123.004373</out_Quantity.quantity></Point><Point><position>1142</position><in_Quantity.quantity>0.000000</in_Quantity.quantity><out_Quantity.quantity>844.244528</out_Quantity.quantity></Point><Point><position>1143</position><in_Quantity.quantity>0.000000</in_Quantity.quantity><out_Quantity.quantity>607.044333</out_Quantity.quantity></Point><Point><position>1144</position><in_Quantity.quantity>0.000000</in_Quantity.quantity><out_Quantity.quantity>346.469047</out_Quantity.quantity></Point><Point><position>1145</position><in_Quantity.quantity>0.000000</in_Quantity.quantity><out_Quantity.quantity>485.070575</out_Quantity.quantity></Point><Point><position>1146</position><in_Quantity.quantity>0.000000</in_Quantity.quantity><out_Quantity.quantity>451.207490</out_Quantity.quantity></Point><Point><position>1147</position><in_Quantity.quantity>0.000000</in_Quantity.quantity><out_Quantity.quantity>658.167389</out_Quantity.quantity></Point><Point><position>1148</position><in_Quantity.quantity>0.000000</in_Quantity.quantity><out_Quantity.quantity>910.777351</out_Quantity.quantity></Point><Point><position>1149</position><in_Quantity.quantity>0.000000</in_Quantity.quantity><out_Quantity.quantity>968.665994</out_Quantity.quantity></Point><Point><position>1150</position><in_Quantity.quantity>0.000000</in_Quantity.quantity><out_Quantity.quantity>974.997651</out_Quantity.quantity></Point><Point><position>1151</position><in_Quantity.quantity>0.000000</in_Quantity.quantity><out_Quantity.quantity>365.059080</out_Quantity.quantity></Point><Point><position>1152</position><in_Quantity.quantity>0.000000</in_Quantity.quantity><out_Quantity.quantity>260.217780</out_Quantity.quantity></Point><Point><position>1153</position><in_Quantity.quantity>0.000000</in_Quantity.quantity><out_Quantity.quantity>977.190589</out_Quantity.quantity></Point><Point><position>1154</position><in_Quantity.quantity>0.000000</in_Quantity.quantity><out_Quantity.quantity>216.981800</out_Quantity.quantity></Point><Point><position>1155</position><in_Quantity.quantity>0.000000</in_Quantity.quantity><out_Quantity.quantity>561.414130</out_Quantity.quantity></Point><Point><position>1156</position><in_Quantity.quantity>0.000000</in_Quantity.quantity><out_Quantity.quantity>396.561209</out_Quantity.quantity></Point><Point><position>1157</position><in_Quantity.quantity>0.000000</in_Quantity.quantity><out_Quantity.quantity>281.254267</out_Quantity.quantity></Point><Point><position>1158</position><in_Quantity.quantity>0.000000</in_Quantity.quantity><out_Quantity.quantity>936.748884</out_Quantity.quantity></Point><Point><position>1159</position><in_Quantity.quantity>0.000000</in_Quantity.quantity><out_Quantity.quantity>711.177187</out_Quantity.quantity></Point><Point><position>1160</position><in_Quantity.quantity>0.000000</in_Quantity.quantity><out_Quantity.quantity>955.962667</out_Quantity.quantity></Point><Point><position>1161</position><in_Quantity.quantity>0.000000</in_Quantity.quantity><out_Quantity.quantity>730.131322</out_Quantity.quantity></Point><Point><position>1162</position><in_Quantity.quantity>0.000000</in_Quantity.quantity><out_Quantity.quantity>595.628341</out_Quantity.quantity></Point><Point><position>1163</position><in_Quantity.quantity>0.000000</in_Quantity.quantity><out_Quantity.quantity>480.737832</out_Quantity.quantity></Point><Point><position>1164</position><in_Quantity.quantity>0.000000</in_Quantity.quantity><out_Quantity.quantity>171.542288</out_Quantity.quantity></Point><Point><position>1165</position><in_Quantity.quantity>0.000000</in_Quantity.quantity><out_Quantity.quantity>753.613719</out_Quantity.quantity></Point><Point><position>1166</position><in_Quantity.quantity>0.000000</in_Quantity.quantity><out_Quantity.quantity>706.694656</out_Quantity.quantity></Point><Point><position>1167</position><in_Quantity.quantity>0.000000</in_Quantity.quantity><out_Quantity.quantity>497.669132</out_Quantity.quantity></Point><Point><position>1168</position><in_Quantity.quantity>0.000000</in_Quantity.quantity><out_Quantity.quantity>732.411734</out_Quantity.quantity></Point><Point><position>1169</position><in_Quantity.quantity>0.000000</in_Quantity.quantity><out_Quantity.quantity>727.187408</out_Quantity.quantity></Point><Point><position>1170</position><in_Quantity.quantity>0.000000</in_Quantity.quantity><out_Quantity.quantity>459.121277</out_Quantity.quantity></Point><Point><position>1171</position><in_Quantity.quantity>0.000000</in_Quantity.quantity><out_Quantity.quantity>617.187617</out_Quantity.quantity></Point><Point><position>1172</position><in_Quantity.quantity>0.000000</in_Quantity.quantity><out_Quantity.quantity>411.113690</out_Quantity.quantity></Point><Point><position>1173</position><in_Quantity.quantity>0.000000</in_Quantity.quantity><out_Quantity.quantity>361.405824</out_Quantity.quantity></Point><Point><position>1174</position><in_Quantity.quantity>0.000000</in_Quantity.quantity><out_Quantity.quantity>26.271452</out_Quantity.quantity></Point><Point><position>1175</position><in_Quantity.quantity>0.000000</in_Quantity.quantity><out_Quantity.quantity>739.817325</out_Quantity.quantity></Point><Point><position>1176</position><in_Quantity.quantity>0.000000</in_Quantity.quantity><out_Quantity.quantity>244.036374</out_Quantity.quantity></Point><Point><position>1177</position><in_Quantity.quantity>0.000000</in_Quantity.quantity><out_Quantity.quantity>487.212978</out_Quantity.quantity></Point><Point><position>1178</position><in_Quantity.quantity>0.000000</in_Quantity.quantity><out_Quantity.quantity>98.341410</out_Quantity.quantity></Point><Point><position>1179</position><in_Quantity.quantity>0.000000</in_Quantity.quantity><out_Quantity.quantity>379.549669</out_Quantity.quantity></Point><Point><position>1180</position><in_Quantity.quantity>0.000000</in_Quantity.quantity><out_Quantity.quantity>88.652240</out_Quantity.quantity></Point><Point><position>1181</position><in_Quantity.quantity>0.000000</in_Quantity.quantity><out_Quantity.quantity>494.157211</out_Quantity.quantity></Point><Point><position>1182</position><in_Quantity.quantity>0.000000</in_Quantity.quantity><out_Quantity.quantity>535.711909</out_Quantity.quantity></Point><Point><position>1183</position><in_Quantity.quantity>0.000000</in_Quantity.quantity><out_Quantity.quantity>390.972255</out_Quantity.quantity></Point><Point><position>1184</position><in_Quantity.quantity>0.000000</in_Quantity.quantity><out_Quantity.quantity>888.270610</out_Quantity.quantity></Point><Point><position>1185</position><in_Quantity.quantity>0.000000</in_Quantity.quantity><out_Quantity.quantity>502.956535</out_Quantity.quantity></Point><Point><position>1186</position><in_Quantity.quantity>0.000000</in_Quantity.quantity><out_Quantity.quantity>432.868402</out_Quantity.quantity></Point><Point><position>1187</position><in_Quantity.quantity>0.000000</in_Quantity.quantity><out_Quantity.quantity>437.078857</out_Quantity.quantity></Point><Point><position>1188</position><in_Quantity.quantity>0.000000</in_Quantity.quantity><out_Quantity.quantity>90.967734</out_Quantity.quantity></Point><Point><position>1189</position><in_Quantity.quantity>0.000000</in_Quantity.quantity><out_Quantity.quantity>524.587058</out_Quantity.quantity></Point><Point><position>1190</position><in_Quantity.quantity>0.000000</in_Quantity.quantity><out_Quantity.quantity>882.543566</out_Quantity.quantity></Point><Point><position>1191</position><in_Quantity.quantity>0.000000</in_Quantity.quantity><out_Quantity.quantity>171.931182</out_Quantity.quantity></Point><Point><position>1192</position><in_Quantity.quantity>0.000000</in_Quantity.quantity><out_Quantity.quantity>202.711125</out_Quantity.quantity></Point><Point><position>1193</position><in_Quantity.quantity>0.000000</in_Quantity.quantity><out_Quantity.quantity>733.572774</out_Quantity.quantity></Point><Point><position>1194</position><in_Quantity.quantity>0.000000</in_Quantity.quantity><out_Quantity.quantity>289.564346</out_Quantity.quantity></Point><Point><position>1195</position><in_Quantity.quantity>0.000000</in_Quantity.quantity><out_Quantity.quantity>225.744129</out_Quantity.quantity></Point><Point><position>1196</position><in_Quantity.quantity>0.000000</in_Quantity.quantity><out_Quantity.quantity>987.387948</out_Quantity.quantity></Point><Point><position>1197</position><in_Quantity.quantity>0.000000</in_Quantity.quantity><out_Quantity.quantity>195.264885</out_Quantity.quantity></Point><Point><position>1198</position><in_Quantity.quantity>0.000000</in_Quantity.quantity><out_Quantity.quantity>662.532050</out_Quantity.quantity></Point><Point><position>1199</position><in_Quantity.quantity>0.000000</in_Quantity.quantity><out_Quantity.quantity>188.666070</out_Quantity.quantity></Point><Point><position>1200</position><in_Quantity.quantity>0.000000</in_Quantity.quantity><out_Quantity.quantity>162.483337</out_Quantity.quantity></Point><Point><position>1201</position><in_Quantity.quantity>0.000000</in_Quantity.quantity><out_Quantity.quantity>544.084476</out_Quantity.quantity></Point><Point><position>1202</position><in_Quantity.quantity>0.000000</in_Quantity.quantity><out_Quantity.quantity>251.641990</out_Quantity.quantity></Point><Point><position>1203</position><in_Quantity.quantity>0.000000</in_Quantity.quantity><out_Quantity.quantity>22.810470</out_Quantity.quantity></Point><Point><position>1204</position><in_Quantity.quantity>0.000000</in_Quantity.quantity><out_Quantity.quantity>714.043076</out_Quantity.quantity></Point><Point><position>1205</position><in_Quantity.quantity>0.000000</in_Quantity.quantity><out_Quantity.quantity>816.399990</out_Quantity.quantity></Point><Point><position>1206</position><in_Quantity.quantity>0.000000</in_Quantity.quantity><out_Quantity.quantity>862.976081</out_Quantity.quantity></Point><Point><position>1207</position><in_Quantity.quantity>0.000000</in_Quantity.quantity><out_Quantity.quantity>876.324795</out_Quantity.quantity></Point><Point><position>1208</position><in_Quantity.quantity>0.000000</in_Quantity.quantity><out_Quantity.quantity>465.637440</out_Quantity.quantity></Point><Point><position>1209</position><in_Quantity.quantity>0.000000</in_Quantity.quantity><out_Quantity.quantity>927.065265</out_Quantity.quantity></Point><Point><position>1210</position><in_Quantity.quantity>0.000000</in_Quantity.quantity><out_Quantity.quantity>144.345913</out_Quantity.quantity></Point><Point><position>1211</position><in_Quantity.quantity>0.000000</in_Quantity.quantity><out_Quantity.quantity>757.092446</out_Quantity.quantity></Point><Point><position>1212</position><in_Quantity.quantity>0.000000</in_Quantity.quantity><out_Quantity.quantity>756.437385</out_Quantity.quantity></Point><Point><position>1213</position><in_Quantity.quantity>0.000000</in_Quantity.quantity><out_Quantity.quantity>388.603496</out_Quantity.quantity></Point><Point><position>1214</position><in_Quantity.quantity>0.000000</in_Quantity.quantity><out_Quantity.quantity>791.868100</out_Quantity.quantity></Point><Point><position>1215</position><in_Quantity.quantity>0.000000</in_Quantity.quantity><out_Quantity.quantity>291.324616</out_Quantity.quantity></Point><Point><position>1216</position><in_Quantity.quantity>0.000000</in_Quantity.quantity><out_Quantity.quantity>844.523716</out_Quantity.quantity></Point><Point><position>1217</position><in_Quantity.quantity>0.000000</in_Quantity.quantity><out_Quantity.quantity>478.604660</out_Quantity.quantity></Point><Point><position>1218</position><in_Quantity.quantity>0.000000</in_Quantity.quantity><out_Quantity.quantity>805.911045</out_Quantity.quantity></Point><Point><position>1219</position><in_Quantity.quantity>0.000000</in_Quantity.quantity><out_Quantity.quantity>798.723252</out_Quantity.quantity></Point><Point><position>1220</position><in_Quantity.quantity>0.000000</in_Quantity.quantity><out_Quantity.quantity>964.415639</out_Quantity.quantity></Point><Point><position>1221</position><in_Quantity.quantity>0.000000</in_Quantity.quantity><out_Quantity.quantity>150.197400</out_Quantity.quantity></Point><Point><position>1222</position><in_Quantity.quantity>0.000000</in_Quantity.quantity><out_Quantity.quantity>584.779613</out_Quantity.quantity></Point><Point><position>1223</position><in_Quantity.quantity>0.000000</in_Quantity.quantity><out_Quantity.quantity>128.170557</out_Quantity.quantity></Point><Point><position>1224</position><in_Quantity.quantity>0.000000</in_Quantity.quantity><out_Quantity.quantity>694.559294</out_Quantity.quantity></Point><Point><position>1225</position><in_Quantity.quantity>0.000000</in_Quantity.quantity><out_Quantity.quantity>844.024378</out_Quantity.quantity></Point><Point><position>1226</position><in_Quantity.quantity>0.000000</in_Quantity.quantity><out_Quantity.quantity>695.003889</out_Quantity.quantity></Point><Point><position>1227</position><in_Quantity.quantity>0.000000</in_Quantity.quantity><out_Quantity.quantity>780.730256</out_Quantity.quantity></Point><Point><position>1228</position><in_Quantity.quantity>0.000000</in_Quantity.quantity><out_Quantity.quantity>841.780074</out_Quantity.quantity></Point><Point><position>1229</position><in_Quantity.quantity>0.000000</in_Quantity.quantity><out_Quantity.quantity>755.948409</out_Quantity.quantity></Point><Point><position>1230</position><in_Quantity.quantity>0.000000</in_Quantity.quantity><out_Quantity.quantity>933.299527</out_Quantity.quantity></Point><Point><position>1231</position><in_Quantity.quantity>0.000000</in_Quantity.quantity><out_Quantity.quantity>781.717078</out_Quantity.quantity></Point><Point><position>1232</position><in_Quantity.quantity>0.000000</in_Quantity.quantity><out_Quantity.quantity>168.986078</out_Quantity.quantity></Point><Point><position>1233</position><in_Quantity.quantity>0.000000</in_Quantity.quantity><out_Quantity.quantity>423.149108</out_Quantity.quantity></Point><Point><position>1234</position><in_Quantity.quantity>0.000000</in_Quantity.quantity><out_Quantity.quantity>357.325843</out_Quantity.quantity></Point><Point><position>1235</position><in_Quantity.quantity>0.000000</in_Quantity.quantity><out_Quantity.quantity>904.282373</out_Quantity.quantity></Point><Point><position>1236</position><in_Quantity.quantity>0.000000</in_Quantity.quantity><out_Quantity.quantity>974.770349</out_Quantity.quantity></Point><Point><position>1237</position><in_Quantity.quantity>0.000000</in_Quantity.quantity><out_Quantity.quantity>873.507108</out_Quantity.quantity></Point><Point><position>1238</position><in_Quantity.quantity>0.000000</in_Quantity.quantity><out_Quantity.quantity>370.595754</out_Quantity.quantity></Point><Point><position>1239</position><in_Quantity.quantity>0.000000</in_Quantity.quantity><out_Quantity.quantity>672.993962</out_Quantity.quantity></Point><Point><position>1240</position><in_Quantity.quantity>0.000000</in_Quantity.quantity><out_Quantity.quantity>994.663024</out_Quantity.quantity></Point><Point><position>1241</position><in_Quantity.quantity>0.000000</in_Quantity.quantity><out_Quantity.quantity>251.718354</out_Quantity.quantity></Point><Point><position>1242</position><in_Quantity.quantity>0.000000</in_Quantity.quantity><out_Quantity.quantity>56.796024</out_Quantity.quantity></Point><Point><position>1243</position><in_Quantity.quantity>0.000000</in_Quantity.quantity><out_Quantity.quantity>99.576036</out_Quantity.quantity></Point><Point><position>1244</position><in_Quantity.quantity>0.000000</in_Quantity.quantity><out_Quantity.quantity>687.310449</out_Quantity.quantity></Point><Point><position>1245</position><in_Quantity.quantity>0.000000</in_Quantity.quantity><out_Quantity.quantity>38.223494</out_Quantity.quantity></Point><Point><position>1246</position><in_Quantity.quantity>0.000000</in_Quantity.quantity><out_Quantity.quantity>874.756386</out_Quantity.quantity></Point><Point><position>1247</position><in_Quantity.quantity>0.000000</in_Quantity.quantity><out_Quantity.quantity>778.432361</out_Quantity.quantity></Point><Point><position>1248</position><in_Quantity.quantity>0.000000</in_Quantity.quantity><out_Quantity.quantity>874.896121</out_Quantity.quantity></Point><Point><position>1249</position><in_Quantity.quantity>0.000000</in_Quantity.quantity><out_Quantity.quantity>12.632013</out_Quantity.quantity></Point><Point><position>1250</position><in_Quantity.quantity>0.000000</in_Quantity.quantity><out_Quantity.quantity>544.074009</out_Quantity.quantity></Point><Point><position>1251</position><in_Quantity.quantity>0.000000</in_Quantity.quantity><out_Quantity.quantity>762.269781</out_Quantity.quantity></Point><Point><position>1252</position><in_Quantity.quantity>0.000000</in_Quantity.quantity><out_Quantity.quantity>909.479130</out_Quantity.quantity></Point><Point><position>1253</position><in_Quantity.quantity>0.000000</in_Quantity.quantity><out_Quantity.quantity>206.787087</out_Quantity.quantity></Point><Point><position>1254</position><in_Quantity.quantity>0.000000</in_Quantity.quantity><out_Quantity.quantity>531.283136</out_Quantity.quantity></Point><Point><position>1255</position><in_Quantity.quantity>0.000000</in_Quantity.quantity><out_Quantity.quantity>259.472356</out_Quantity.quantity></Point><Point><position>1256</position><in_Quantity.quantity>0.000000</in_Quantity.quantity><out_Quantity.quantity>101.671679</out_Quantity.quantity></Point><Point><position>1257</position><in_Quantity.quantity>0.000000</in_Quantity.quantity><out_Quantity.quantity>121.527447</out_Quantity.quantity></Point><Point><position>1258</position><in_Quantity.quantity>0.000000</in_Quantity.quantity><out_Quantity.quantity>779.007393</out_Quantity.quantity></Point><Point><position>1259</position><in_Quantity.quantity>0.000000</in_Quantity.quantity><out_Quantity.quantity>142.064086</out_Quantity.quantity></Point><Point><position>1260</position><in_Quantity.quantity>0.000000</in_Quantity.quantity><out_Quantity.quantity>682.818307</out_Quantity.quantity></Point><Point><position>1261</position><in_Quantity.quantity>0.000000</in_Quantity.quantity><out_Quantity.quantity>937.952626</out_Quantity.quantity></Point><Point><position>1262</position><in_Quantity.quantity>0.000000</in_Quantity.quantity><out_Quantity.quantity>534.827079</out_Quantity.quantity></Point><Point><position>1263</position><in_Quantity.quantity>0.000000</in_Quantity.quantity><out_Quantity.quantity>108.933970</out_Quantity.quantity></Point><Point><position>1264</position><in_Quantity.quantity>0.000000</in_Quantity.quantity><out_Quantity.quantity>844.218043</out_Quantity.quantity></Point><Point><position>1265</position><in_Quantity.quantity>0.000000</in_Quantity.quantity><out_Quantity.quantity>496.870202</out_Quantity.quantity></Point><Point><position>1266</position><in_Quantity.quantity>0.000000</in_Quantity.quantity><out_Quantity.quantity>541.526943</out_Quantity.quantity></Point><Point><position>1267</position><in_Quantity.quantity>0.000000</in_Quantity.quantity><out_Quantity.quantity>280.053695</out_Quantity.quantity></Point><Point><position>1268</position><in_Quantity.quantity>0.000000</in_Quantity.quantity><out_Quantity.quantity>131.961533</out_Quantity.quantity></Point><Point><position>1269</position><in_Quantity.quantity>0.000000</in_Quantity.quantity><out_Quantity.quantity>811.953053</out_Quantity.quantity></Point><Point><position>1270</position><in_Quantity.quantity>0.000000</in_Quantity.quantity><out_Quantity.quantity>817.878953</out_Quantity.quantity></Point><Point><position>1271</position><in_Quantity.quantity>0.000000</in_Quantity.quantity><out_Quantity.quantity>221.188910</out_Quantity.quantity></Point><Point><position>1272</position><in_Quantity.quantity>0.000000</in_Quantity.quantity><out_Quantity.quantity>292.212881</out_Quantity.quantity></Point><Point><position>1273</position><in_Quantity.quantity>0.000000</in_Quantity.quantity><out_Quantity.quantity>981.022149</out_Quantity.quantity></Point><Point><position>1274</position><in_Quantity.quantity>0.000000</in_Quantity.quantity><out_Quantity.quantity>208.979530</out_Quantity.quantity></Point><Point><position>1275</position><in_Quantity.quantity>0.000000</in_Quantity.quantity><out_Quantity.quantity>549.482172</out_Quantity.quantity></Point><Point><position>1276</position><in_Quantity.quantity>0.000000</in_Quantity.quantity><out_Quantity.quantity>313.414273</out_Quantity.quantity></Point><Point><position>1277</position><in_Quantity.quantity>0.000000</in_Quantity.quantity><out_Quantity.quantity>259.117772</out_Quantity.quantity></Point><Point><position>1278</position><in_Quantity.quantity>0.000000</in_Quantity.quantity><out_Quantity.quantity>56.101938</out_Quantity.quantity></Point><Point><position>1279</position><in_Quantity.quantity>0.000000</in_Quantity.quantity><out_Quantity.quantity>82.327082</out_Quantity.quantity></Point><Point><position>1280</position><in_Quantity.quantity>0.000000</in_Quantity.quantity><out_Quantity.quantity>206.783489</out_Quantity.quantity></Point><Point><position>1281</position><in_Quantity.quantity>0.000000</in_Quantity.quantity><out_Quantity.quantity>669.548818</out_Quantity.quantity></Point><Point><position>1282</position><in_Quantity.quantity>0.000000</in_Quantity.quantity><out_Quantity.quantity>387.581961</out_Quantity.quantity></Point><Point><position>1283</position><in_Quantity.quantity>0.000000</in_Quantity.quantity><out_Quantity.quantity>461.594925</out_Quantity.quantity></Point><Point><position>1284</position><in_Quantity.quantity>0.000000</in_Quantity.quantity><out_Quantity.quantity>134.723919</out_Quantity.quantity></Point><Point><position>1285</position><in_Quantity.quantity>0.000000</in_Quantity.quantity><out_Quantity.quantity>872.949490</out_Quantity.quantity></Point><Point><position>1286</position><in_Quantity.quantity>0.000000</in_Quantity.quantity><out_Quantity.quantity>957.284359</out_Quantity.quantity></Point><Point><position>1287</position><in_Quantity.quantity>0.000000</in_Quantity.quantity><out_Quantity.quantity>461.671801</out_Quantity.quantity></Point><Point><position>1288</position><in_Quantity.quantity>0.000000</in_Quantity.quantity><out_Quantity.quantity>847.605354</out_Quantity.quantity></Point><Point><position>1289</position><in_Quantity.quantity>0.000000</in_Quantity.quantity><out_Quantity.quantity>201.547252</out_Quantity.quantity></Point><Point><position>1290</position><in_Quantity.quantity>0.000000</in_Quantity.quantity><out_Quantity.quantity>672.468159</out_Quantity.quantity></Point><Point><position>1291</position><in_Quantity.quantity>0.000000</in_Quantity.quantity><out_Quantity.quantity>248.240843</out_Quantity.quantity></Point><Point><position>1292</position><in_Quantity.quantity>0.000000</in_Quantity.quantity><out_Quantity.quantity>525.849967</out_Quantity.quantity></Point><Point><position>1293</position><in_Quantity.quantity>0.000000</in_Quantity.quantity><out_Quantity.quantity>941.118359</out_Quantity.quantity></Point><Point><position>1294</position><in_Quantity.quantity>0.000000</in_Quantity.quantity><out_Quantity.quantity>69.396625</out_Quantity.quantity></Point><Point><position>1295</position><in_Quantity.quantity>0.000000</in_Quantity.quantity><out_Quantity.quantity>74.038214</out_Quantity.quantity></Point><Point><position>1296</position><in_Quantity.quantity>0.000000</in_Quantity.quantity><out_Quantity.quantity>910.647828</out_Quantity.quantity></Point><Point><position>1297</position><in_Quantity.quantity>0.000000</in_Quantity.quantity><out_Quantity.quantity>578.750777</out_Quantity.quantity></Point><Point><position>1298</position><in_Quantity.quantity>0.000000</in_Quantity.quantity><out_Quantity.quantity>446.384386</out_Quantity.quantity></Point><Point><position>1299</position><in_Quantity.quantity>0.000000</in_Quantity.quantity><out_Quantity.quantity>868.355705</out_Quantity.quantity></Point><Point><position>1300</position><in_Quantity.quantity>0.000000</in_Quantity.quantity><out_Quantity.quantity>629.351371</out_Quantity.quantity></Point><Point><position>1301</position><in_Quantity.quantity>0.000000</in_Quantity.quantity><out_Quantity.quantity>442.784198</out_Quantity.quantity></Point><Point><position>1302</position><in_Quantity.quantity>0.000000</in_Quantity.quantity><out_Quantity.quantity>93.177865</out_Quantity.quantity></Point><Point><position>1303</position><in_Quantity.quantity>0.000000</in_Quantity.quantity><out_Quantity.quantity>321.396294</out_Quantity.quantity></Point><Point><position>1304</position><in_Quantity.quantity>0.000000</in_Quantity.quantity><out_Quantity.quantity>224.875843</out_Quantity.quantity></Point><Point><position>1305</position><in_Quantity.quantity>0.000000</in_Quantity.quantity><out_Quantity.quantity>49.061698</out_Quantity.quantity></Point><Point><position>1306</position><in_Quantity.quantity>0.000000</in_Quantity.quantity><out_Quantity.quantity>510.687597</out_Quantity.quantity></Point><Point><position>1307</position><in_Quantity.quantity>0.000000</in_Quantity.quantity><out_Quantity.quantity>153.731547</out_Quantity.quantity></Point><Point><position>1308</position><in_Quantity.quantity>0.000000</in_Quantity.quantity><out_Quantity.quantity>143.010675</out_Quantity.quantity></Point><Point><position>1309</position><in_Quantity.quantity>0.000000</in_Quantity.quantity><out_Quantity.quantity>930.125602</out_Quantity.quantity></Point><Point><position>1310</position><in_Quantity.quantity>0.000000</in_Quantity.quantity><out_Quantity.quantity>112.978163</out_Quantity.quantity></Point><Point><position>1311</position><in_Quantity.quantity>0.000000</in_Quantity.quantity><out_Quantity.quantity>852.310900</out_Quantity.quantity></Point><Point><position>1312</position><in_Quantity.quantity>0.000000</in_Quantity.quantity><out_Quantity.quantity>691.743789</out_Quantity.quantity></Point><Point><position>1313</position><in_Quantity.quantity>0.000000</in_Quantity.quantity><out_Quantity.quantity>977.076460</out_Quantity.quantity></Point><Point><position>1314</position><in_Quantity.quantity>0.000000</in_Quantity.quantity><out_Quantity.quantity>974.823977</out_Quantity.quantity></Point><Point><position>1315</position><in_Quantity.quantity>0.000000</in_Quantity.quantity><out_Quantity.quantity>81.906290</out_Quantity.quantity></Point><Point><position>1316</position><in_Quantity.quantity>0.000000</in_Quantity.quantity><out_Quantity.quantity>510.910370</out_Quantity.quantity></Point><Point><position>1317</position><in_Quantity.quantity>0.000000</in_Quantity.quantity><out_Quantity.quantity>405.549423</out_Quantity.quantity></Point><Point><position>1318</position><in_Quantity.quantity>0.000000</in_Quantity.quantity><out_Quantity.quantity>384.280773</out_Quantity.quantity></Point><Point><position>1319</position><in_Quantity.quantity>0.000000</in_Quantity.quantity><out_Quantity.quantity>732.167983</out_Quantity.quantity></Point><Point><position>1320</position><in_Quantity.quantity>0.000000</in_Quantity.quantity><out_Quantity.quantity>320.684943</out_Quantity.quantity></Point><Point><position>1321</position><in_Quantity.quantity>0.000000</in_Quantity.quantity><out_Quantity.quantity>235.124500</out_Quantity.quantity></Point><Point><position>1322</position><in_Quantity.quantity>0.000000</in_Quantity.quantity><out_Quantity.quantity>811.150715</out_Quantity.quantity></Point><Point><position>1323</position><in_Quantity.quantity>0.000000</in_Quantity.quantity><out_Quantity.quantity>408.304094</out_Quantity.quantity></Point><Point><position>1324</position><in_Quantity.quantity>0.000000</in_Quantity.quantity><out_Quantity.quantity>124.327492</out_Quantity.quantity></Point><Point><position>1325</position><in_Quantity.quantity>0.000000</in_Quantity.quantity><out_Quantity.quantity>333.054565</out_Quantity.quantity></Point><Point><position>1326</position><in_Quantity.quantity>0.000000</in_Quantity.quantity><out_Quantity.quantity>738.061156</out_Quantity.quantity></Point><Point><position>1327</position><in_Quantity.quantity>0.000000</in_Quantity.quantity><out_Quantity.quantity>505.138037</out_Quantity.quantity></Point><Point><position>1328</position><in_Quantity.quantity>0.000000</in_Quantity.quantity><out_Quantity.quantity>373.540610</out_Quantity.quantity></Point><Point><position>1329</position><in_Quantity.quantity>0.000000</in_Quantity.quantity><out_Quantity.quantity>576.952805</out_Quantity.quantity></Point><Point><position>1330</position><in_Quantity.quantity>0.000000</in_Quantity.quantity><out_Quantity.quantity>970.956808</out_Quantity.quantity></Point><Point><position>1331</position><in_Quantity.quantity>0.000000</in_Quantity.quantity><out_Quantity.quantity>166.390814</out_Quantity.quantity></Point><Point><position>1332</position><in_Quantity.quantity>0.000000</in_Quantity.quantity><out_Quantity.quantity>227.199569</out_Quantity.quantity></Point><Point><position>1333</position><in_Quantity.quantity>0.000000</in_Quantity.quantity><out_Quantity.quantity>720.757452</out_Quantity.quantity></Point><Point><position>1334</position><in_Quantity.quantity>0.000000</in_Quantity.quantity><out_Quantity.quantity>520.970350</out_Quantity.quantity></Point><Point><position>1335</position><in_Quantity.quantity>0.000000</in_Quantity.quantity><out_Quantity.quantity>608.811270</out_Quantity.quantity></Point><Point><position>1336</position><in_Quantity.quantity>0.000000</in_Quantity.quantity><out_Quantity.quantity>582.269410</out_Quantity.quantity></Point><Point><position>1337</position><in_Quantity.quantity>0.000000</in_Quantity.quantity><out_Quantity.quantity>330.469988</out_Quantity.quantity></Point><Point><position>1338</position><in_Quantity.quantity>0.000000</in_Quantity.quantity><out_Quantity.quantity>759.526543</out_Quantity.quantity></Point><Point><position>1339</position><in_Quantity.quantity>0.000000</in_Quantity.quantity><out_Quantity.quantity>709.184209</out_Quantity.quantity></Point><Point><position>1340</position><in_Quantity.quantity>0.000000</in_Quantity.quantity><out_Quantity.quantity>15.435550</out_Quantity.quantity></Point><Point><position>1341</position><in_Quantity.quantity>0.000000</in_Quantity.quantity><out_Quantity.quantity>453.577668</out_Quantity.quantity></Point><Point><position>1342</position><in_Quantity.quantity>0.000000</in_Quantity.quantity><out_Quantity.quantity>980.138408</out_Quantity.quantity></Point><Point><position>1343</position><in_Quantity.quantity>0.000000</in_Quantity.quantity><out_Quantity.quantity>283.150392</out_Quantity.quantity></Point><Point><position>1344</position><in_Quantity.quantity>0.000000</in_Quantity.quantity><out_Quantity.quantity>52.518088</out_Quantity.quantity></Point><Point><position>1345</position><in_Quantity.quantity>0.000000</in_Quantity.quantity><out_Quantity.quantity>802.874309</out_Quantity.quantity></Point><Point><position>1346</position><in_Quantity.quantity>0.000000</in_Quantity.quantity><out_Quantity.quantity>286.357906</out_Quantity.quantity></Point><Point><position>1347</position><in_Quantity.quantity>0.000000</in_Quantity.quantity><out_Quantity.quantity>311.108231</out_Quantity.quantity></Point><Point><position>1348</position><in_Quantity.quantity>0.000000</in_Quantity.quantity><out_Quantity.quantity>265.774091</out_Quantity.quantity></Point><Point><position>1349</position><in_Quantity.quantity>0.000000</in_Quantity.quantity><out_Quantity.quantity>415.735262</out_Quantity.quantity></Point><Point><position>1350</position><in_Quantity.quantity>0.000000</in_Quantity.quantity><out_Quantity.quantity>236.583593</out_Quantity.quantity></Point><Point><position>1351</position><in_Quantity.quantity>0.000000</in_Quantity.quantity><out_Quantity.quantity>95.537397</out_Quantity.quantity></Point><Point><position>1352</position><in_Quantity.quantity>0.000000</in_Quantity.quantity><out_Quantity.quantity>375.355544</out_Quantity.quantity></Point><Point><position>1353</position><in_Quantity.quantity>0.000000</in_Quantity.quantity><out_Quantity.quantity>574.813569</out_Quantity.quantity></Point><Point><position>1354</position><in_Quantity.quantity>0.000000</in_Quantity.quantity><out_Quantity.quantity>995.166460</out_Quantity.quantity></Point><Point><position>1355</position><in_Quantity.quantity>0.000000</in_Quantity.quantity><out_Quantity.quantity>57.958815</out_Quantity.quantity></Point><Point><position>1356</position><in_Quantity.quantity>0.000000</in_Quantity.quantity><out_Quantity.quantity>442.029956</out_Quantity.quantity></Point><Point><position>1357</position><in_Quantity.quantity>0.000000</in_Quantity.quantity><out_Quantity.quantity>686.367568</out_Quantity.quantity></Point><Point><position>1358</position><in_Quantity.quantity>0.000000</in_Quantity.quantity><out_Quantity.quantity>123.333540</out_Quantity.quantity></Point><Point><position>1359</position><in_Quantity.quantity>0.000000</in_Quantity.quantity><out_Quantity.quantity>89.149610</out_Quantity.quantity></Point><Point><position>1360</position><in_Quantity.quantity>0.000000</in_Quantity.quantity><out_Quantity.quantity>860.909720</out_Quantity.quantity></Point><Point><position>1361</position><in_Quantity.quantity>0.000000</in_Quantity.quantity><out_Quantity.quantity>707.962205</out_Quantity.quantity></Point><Point><position>1362</position><in_Quantity.quantity>0.000000</in_Quantity.quantity><out_Quantity.quantity>254.638700</out_Quantity.quantity></Point><Point><position>1363</position><in_Quantity.quantity>0.000000</in_Quantity.quantity><out_Quantity.quantity>587.776747</out_Quantity.quantity></Point><Point><position>1364</position><in_Quantity.quantity>0.000000</in_Quantity.quantity><out_Quantity.quantity>122.364984</out_Quantity.quantity></Point><Point><position>1365</position><in_Quantity.quantity>0.000000</in_Quantity.quantity><out_Quantity.quantity>357.344739</out_Quantity.quantity></Point><Point><position>1366</position><in_Quantity.quantity>0.000000</in_Quantity.quantity><out_Quantity.quantity>827.691761</out_Quantity.quantity></Point><Point><position>1367</position><in_Quantity.quantity>0.000000</in_Quantity.quantity><out_Quantity.quantity>474.788108</out_Quantity.quantity></Point><Point><position>1368</position><in_Quantity.quantity>0.000000</in_Quantity.quantity><out_Quantity.quantity>896.649826</out_Quantity.quantity></Point><Point><position>1369</position><in_Quantity.quantity>0.000000</in_Quantity.quantity><out_Quantity.quantity>315.992776</out_Quantity.quantity></Point><Point><position>1370</position><in_Quantity.quantity>0.000000</in_Quantity.quantity><out_Quantity.quantity>528.120168</out_Quantity.quantity></Point><Point><position>1371</position><in_Quantity.quantity>0.000000</in_Quantity.quantity><out_Quantity.quantity>501.218365</out_Quantity.quantity></Point><Point><position>1372</position><in_Quantity.quantity>0.000000</in_Quantity.quantity><out_Quantity.quantity>335.123314</out_Quantity.quantity></Point><Point><position>1373</position><in_Quantity.quantity>0.000000</in_Quantity.quantity><out_Quantity.quantity>449.646088</out_Quantity.quantity></Point><Point><position>1374</position><in_Quantity.quantity>0.000000</in_Quantity.quantity><out_Quantity.quantity>46.578422</out_Quantity.quantity></Point><Point><position>1375</position><in_Quantity.quantity>0.000000</in_Quantity.quantity><out_Quantity.quantity>77.474036</out_Quantity.quantity></Point><Point><position>1376</position><in_Quantity.quantity>0.000000</in_Quantity.quantity><out_Quantity.quantity>949.588474</out_Quantity.quantity></Point><Point><position>1377</position><in_Quantity.quantity>0.000000</in_Quantity.quantity><out_Quantity.quantity>267.285538</out_Quantity.quantity></Point><Point><position>1378</position><in_Quantity.quantity>0.000000</in_Quantity.quantity><out_Quantity.quantity>985.495189</out_Quantity.quantity></Point><Point><position>1379</position><in_Quantity.quantity>0.000000</in_Quantity.quantity><out_Quantity.quantity>735.344691</out_Quantity.quantity></Point><Point><position>1380</position><in_Quantity.quantity>0.000000</in_Quantity.quantity><out_Quantity.quantity>455.788957</out_Quantity.quantity></Point><Point><position>1381</position><in_Quantity.quantity>0.000000</in_Quantity.quantity><out_Quantity.quantity>537.693201</out_Quantity.quantity></Point><Point><position>1382</position><in_Quantity.quantity>0.000000</in_Quantity.quantity><out_Quantity.quantity>12.179095</out_Quantity.quantity></Point><Point><position>1383</position><in_Quantity.quantity>0.000000</in_Quantity.quantity><out_Quantity.quantity>816.495103</out_Quantity.quantity></Point><Point><position>1384</position><in_Quantity.quantity>0.000000</in_Quantity.quantity><out_Quantity.quantity>907.361023</out_Quantity.quantity></Point><Point><position>1385</position><in_Quantity.quantity>0.000000</in_Quantity.quantity><out_Quantity.quantity>257.356782</out_Quantity.quantity></Point><Point><position>1386</position><in_Quantity.quantity>0.000000</in_Quantity.quantity><out_Quantity.quantity>734.857446</out_Quantity.quantity></Point><Point><position>1387</position><in_Quantity.quantity>0.000000</in_Quantity.quantity><out_Quantity.quantity>200.087253</out_Quantity.quantity></Point><Point><position>1388</position><in_Quantity.quantity>0.000000</in_Quantity.quantity><out_Quantity.quantity>228.356606</out_Quantity.quantity></Point><Point><position>1389</position><in_Quantity.quantity>0.000000</in_Quantity.quantity><out_Quantity.quantity>999.854765</out_Quantity.quantity></Point><Point><position>1390</position><in_Quantity.quantity>0.000000</in_Quantity.quantity><out_Quantity.quantity>557.851592</out_Quantity.quantity></Point><Point><position>1391</position><in_Quantity.quantity>0.000000</in_Quantity.quantity><out_Quantity.quantity>418.437859</out_Quantity.quantity></Point><Point><position>1392</position><in_Quantity.quantity>0.000000</in_Quantity.quantity><out_Quantity.quantity>395.599881</out_Quantity.quantity></Point><Point><position>1393</position><in_Quantity.quantity>0.000000</in_Quantity.quantity><out_Quantity.quantity>839.472631</out_Quantity.quantity></Point><Point><position>1394</position><in_Quantity.quantity>0.000000</in_Quantity.quantity><out_Quantity.quantity>136.234806</out_Quantity.quantity></Point><Point><position>1395</position><in_Quantity.quantity>0.000000</in_Quantity.quantity><out_Quantity.quantity>33.724023</out_Quantity.quantity></Point><Point><position>1396</position><in_Quantity.quantity>0.000000</in_Quantity.quantity><out_Quantity.quantity>775.950800</out_Quantity.quantity></Point><Point><position>1397</position><in_Quantity.quantity>0.000000</in_Quantity.quantity><out_Quantity.quantity>953.247709</out_Quantity.quantity></Point><Point><position>1398</position><in_Quantity.quantity>0.000000</in_Quantity.quantity><out_Quantity.quantity>465.103576</out_Quantity.quantity></Point><Point><position>1399</position><in_Quantity.quantity>0.000000</in_Quantity.quantity><out_Quantity.quantity>158.469603</out_Quantity.quantity></Point><Point><position>1400</position><in_Quantity.quantity>0.000000</in_Quantity.quantity><out_Quantity.quantity>997.111281</out_Quantity.quantity></Point><Point><position>1401</position><in_Quantity.quantity>0.000000</in_Quantity.quantity><out_Quantity.quantity>930.682083</out_Quantity.quantity></Point><Point><position>1402</position><in_Quantity.quantity>0.000000</in_Quantity.quantity><out_Quantity.quantity>824.782983</out_Quantity.quantity></Point><Point><position>1403</position><in_Quantity.quantity>0.000000</in_Quantity.quantity><out_Quantity.quantity>552.196049</out_Quantity.quantity></Point><Point><position>1404</position><in_Quantity.quantity>0.000000</in_Quantity.quantity><out_Quantity.quantity>75.362951</out_Quantity.quantity></Point><Point><position>1405</position><in_Quantity.quantity>0.000000</in_Quantity.quantity><out_Quantity.quantity>317.092659</out_Quantity.quantity></Point><Point><position>1406</position><in_Quantity.quantity>0.000000</in_Quantity.quantity><out_Quantity.quantity>755.497676</out_Quantity.quantity></Point><Point><position>1407</position><in_Quantity.quantity>0.000000</in_Quantity.quantity><out_Quantity.quantity>746.824578</out_Quantity.quantity></Point><Point><position>1408</position><in_Quantity.quantity>0.000000</in_Quantity.quantity><out_Quantity.quantity>609.786199</out_Quantity.quantity></Point><Point><position>1409</position><in_Quantity.quantity>0.000000</in_Quantity.quantity><out_Quantity.quantity>661.689247</out_Quantity.quantity></Point><Point><position>1410</position><in_Quantity.quantity>0.000000</in_Quantity.quantity><out_Quantity.quantity>614.375796</out_Quantity.quantity></Point><Point><position>1411</position><in_Quantity.quantity>0.000000</in_Quantity.quantity><out_Quantity.quantity>278.678685</out_Quantity.quantity></Point><Point><position>1412</position><in_Quantity.quantity>0.000000</in_Quantity.quantity><out_Quantity.quantity>763.314666</out_Quantity.quantity></Point><Point><position>1413</position><in_Quantity.quantity>0.000000</in_Quantity.quantity><out_Quantity.quantity>841.658293</out_Quantity.quantity></Point><Point><position>1414</position><in_Quantity.quantity>0.000000</in_Quantity.quantity><out_Quantity.quantity>21.379576</out_Quantity.quantity></Point><Point><position>1415</position><in_Quantity.quantity>0.000000</in_Quantity.quantity><out_Quantity.quantity>844.431778</out_Quantity.quantity></Point><Point><position>1416</position><in_Quantity.quantity>0.000000</in_Quantity.quantity><out_Quantity.quantity>418.647069</out_Quantity.quantity></Point><Point><position>1417</position><in_Quantity.quantity>0.000000</in_Quantity.quantity><out_Quantity.quantity>12.736719</out_Quantity.quantity></Point><Point><position>1418</position><in_Quantity.quantity>0.000000</in_Quantity.quantity><out_Quantity.quantity>683.090716</out_Quantity.quantity></Point><Point><position>1419</position><in_Quantity.quantity>0.000000</in_Quantity.quantity><out_Quantity.quantity>651.685192</out_Quantity.quantity></Point><Point><position>1420</position><in_Quantity.quantity>0.000000</in_Quantity.quantity><out_Quantity.quantity>801.989446</out_Quantity.quantity></Point><Point><position>1421</position><in_Quantity.quantity>0.000000</in_Quantity.quantity><out_Quantity.quantity>430.377032</out_Quantity.quantity></Point><Point><position>1422</position><in_Quantity.quantity>0.000000</in_Quantity.quantity><out_Quantity.quantity>178.915200</out_Quantity.quantity></Point><Point><position>1423</position><in_Quantity.quantity>0.000000</in_Quantity.quantity><out_Quantity.quantity>146.374930</out_Quantity.quantity></Point><Point><position>1424</position><in_Quantity.quantity>0.000000</in_Quantity.quantity><out_Quantity.quantity>4.788008</out_Quantity.quantity></Point><Point><position>1425</position><in_Quantity.quantity>0.000000</in_Quantity.quantity><out_Quantity.quantity>327.637287</out_Quantity.quantity></Point><Point><position>1426</position><in_Quantity.quantity>0.000000</in_Quantity.quantity><out_Quantity.quantity>500.711759</out_Quantity.quantity></Point><Point><position>1427</position><in_Quantity.quantity>0.000000</in_Quantity.quantity><out_Quantity.quantity>951.414214</out_Quantity.quantity></Point><Point><position>1428</position><in_Quantity.quantity>0.000000</in_Quantity.quantity><out_Quantity.quantity>18.127774</out_Quantity.quantity></Point><Point><position>1429</position><in_Quantity.quantity>0.000000</in_Quantity.quantity><out_Quantity.quantity>795.206380</out_Quantity.quantity></Point><Point><position>1430</position><in_Quantity.quantity>0.000000</in_Quantity.quantity><out_Quantity.quantity>357.744362</out_Quantity.quantity></Point><Point><position>1431</position><in_Quantity.quantity>0.000000</in_Quantity.quantity><out_Quantity.quantity>608.763008</out_Quantity.quantity></Point><Point><position>1432</position><in_Quantity.quantity>0.000000</in_Quantity.quantity><out_Quantity.quantity>214.841531</out_Quantity.quantity></Point><Point><position>1433</position><in_Quantity.quantity>0.000000</in_Quantity.quantity><out_Quantity.quantity>531.689356</out_Quantity.quantity></Point><Point><position>1434</position><in_Quantity.quantity>0.000000</in_Quantity.quantity><out_Quantity.quantity>465.508246</out_Quantity.quantity></Point><Point><position>1435</position><in_Quantity.quantity>0.000000</in_Quantity.quantity><out_Quantity.quantity>191.039523</out_Quantity.quantity></Point><Point><position>1436</position><in_Quantity.quantity>0.000000</in_Quantity.quantity><out_Quantity.quantity>120.552331</out_Quantity.quantity></Point><Point><position>1437</position><in_Quantity.quantity>0.000000</in_Quantity.quantity><out_Quantity.quantity>169.396050</out_Quantity.quantity></Point><Point><position>1438</position><in_Quantity.quantity>0.000000</in_Quantity.quantity><out_Quantity.quantity>965.071356</out_Quantity.quantity></Point><Point><position>1439</position><in_Quantity.quantity>0.000000</in_Quantity.quantity><out_Quantity.quantity>256.826997</out_Quantity.quantity></Point><Point><position>1440</position><in_Quantity.quantity>0.000000</in_Quantity.quantity><out_Quantity.quantity>800.596186</out_Quantity.quantity></Point><Point><position>1441</position><in_Quantity.quantity>0.000000</in_Quantity.quantity><out_Quantity.quantity>426.862326</out_Quantity.quantity></Point><Point><position>1442</position><in_Quantity.quantity>0.000000</in_Quantity.quantity><out_Quantity.quantity>671.174813</out_Quantity.quantity></Point><Point><position>1443</position><in_Quantity.quantity>0.000000</in_Quantity.quantity><out_Quantity.quantity>265.061070</out_Quantity.quantity></Point><Point><position>1444</position><in_Quantity.quantity>0.000000</in_Quantity.quantity><out_Quantity.quantity>530.859748</out_Quantity.quantity></Point><Point><position>1445</position><in_Quantity.quantity>0.000000</in_Quantity.quantity><out_Quantity.quantity>947.655955</out_Quantity.quantity></Point><Point><position>1446</position><in_Quantity.quantity>0.000000</in_Quantity.quantity><out_Quantity.quantity>785.403817</out_Quantity.quantity></Point><Point><position>1447</position><in_Quantity.quantity>0.000000</in_Quantity.quantity><out_Quantity.quantity>209.195767</out_Quantity.quantity></Point><Point><position>1448</position><in_Quantity.quantity>0.000000</in_Quantity.quantity><out_Quantity.quantity>990.023296</out_Quantity.quantity></Point><Point><position>1449</position><in_Quantity.quantity>0.000000</in_Quantity.quantity><out_Quantity.quantity>739.244081</out_Quantity.quantity></Point><Point><position>1450</position><in_Quantity.quantity>0.000000</in_Quantity.quantity><out_Quantity.quantity>230.531027</out_Quantity.quantity></Point><Point><position>1451</position><in_Quantity.quantity>0.000000</in_Quantity.quantity><out_Quantity.quantity>134.376882</out_Quantity.quantity></Point><Point><position>1452</position><in_Quantity.quantity>0.000000</in_Quantity.quantity><out_Quantity.quantity>630.136604</out_Quantity.quantity></Point><Point><position>1453</position><in_Quantity.quantity>0.000000</in_Quantity.quantity><out_Quantity.quantity>258.316245</out_Quantity.quantity></Point><Point><position>1454</position><in_Quantity.quantity>0.000000</in_Quantity.quantity><out_Quantity.quantity>574.409643</out_Quantity.quantity></Point><Point><position>1455</position><in_Quantity.quantity>0.000000</in_Quantity.quantity><out_Quantity.quantity>651.420641</out_Quantity.quantity></Point><Point><position>1456</position><in_Quantity.quantity>0.000000</in_Quantity.quantity><out_Quantity.quantity>665.976771</out_Quantity.quantity></Point><Point><position>1457</position><in_Quantity.quantity>0.000000</in_Quantity.quantity><out_Quantity.quantity>273.413984</out_Quantity.quantity></Point><Point><position>1458</position><in_Quantity.quantity>0.000000</in_Quantity.quantity><out_Quantity.quantity>443.850981</out_Quantity.quantity></Point><Point><position>1459</position><in_Quantity.quantity>0.000000</in_Quantity.quantity><out_Quantity.quantity>447.767411</out_Quantity.quantity></Point><Point><position>1460</position><in_Quantity.quantity>0.000000</in_Quantity.quantity><out_Quantity.quantity>670.092191</out_Quantity.quantity></Point><Point><position>1461</position><in_Quantity.quantity>0.000000</in_Quantity.quantity><out_Quantity.quantity>973.520476</out_Quantity.quantity></Point><Point><position>1462</position><in_Quantity.quantity>0.000000</in_Quantity.quantity><out_Quantity.quantity>750.688491</out_Quantity.quantity></Point><Point><position>1463</position><in_Quantity.quantity>0.000000</in_Quantity.quantity><out_Quantity.quantity>282.488885</out_Quantity.quantity></Point><Point><position>1464</position><in_Quantity.quantity>0.000000</in_Quantity.quantity><out_Quantity.quantity>991.905428</out_Quantity.quantity></Point><Point><position>1465</position><in_Quantity.quantity>0.000000</in_Quantity.quantity><out_Quantity.quantity>277.661067</out_Quantity.quantity></Point><Point><position>1466</position><in_Quantity.quantity>0.000000</in_Quantity.quantity><out_Quantity.quantity>245.628721</out_Quantity.quantity></Point><Point><position>1467</position><in_Quantity.quantity>0.000000</in_Quantity.quantity><out_Quantity.quantity>529.844725</out_Quantity.quantity></Point><Point><position>1468</position><in_Quantity.quantity>0.000000</in_Quantity.quantity><out_Quantity.quantity>493.328943</out_Quantity.quantity></Point><Point><position>1469</position><in_Quantity.quantity>0.000000</in_Quantity.quantity><out_Quantity.quantity>837.647487</out_Quantity.quantity></Point><Point><position>1470</position><in_Quantity.quantity>0.000000</in_Quantity.quantity><out_Quantity.quantity>675.257039</out_Quantity.quantity></Point><Point><position>1471</position><in_Quantity.quantity>0.000000</in_Quantity.quantity><out_Quantity.quantity>892.387636</out_Quantity.quantity></Point><Point><position>1472</position><in_Quantity.quantity>0.000000</in_Quantity.quantity><out_Quantity.quantity>590.220598</out_Quantity.quantity></Point><Point><position>1473</position><in_Quantity.quantity>0.000000</in_Quantity.quantity><out_Quantity.quantity>557.210921</out_Quantity.quantity></Point><Point><position>1474</position><in_Quantity.quantity>0.000000</in_Quantity.quantity><out_Quantity.quantity>772.677641</out_Quantity.quantity></Point><Point><position>1475</position><in_Quantity.quantity>0.000000</in_Quantity.quantity><out_Quantity.quantity>999.560687</out_Quantity.quantity></Point><Point><position>1476</position><in_Quantity.quantity>0.000000</in_Quantity.quantity><out_Quantity.quantity>113.752226</out_Quantity.quantity></Point><Point><position>1477</position><in_Quantity.quantity>0.000000</in_Quantity.quantity><out_Quantity.quantity>28.048573</out_Quantity.quantity></Point><Point><position>1478</position><in_Quantity.quantity>0.000000</in_Quantity.quantity><out_Quantity.quantity>234.182469</out_Quantity.quantity></Point><Point><position>1479</position><in_Quantity.quantity>0.000000</in_Quantity.quantity><out_Quantity.quantity>784.251423</out_Quantity.quantity></Point><Point><position>1480</position><in_Quantity.quantity>0.000000</in_Quantity.quantity><out_Quantity.quantity>896.076278</out_Quantity.quantity></Point><Point><position>1481</position><in_Quantity.quantity>0.000000</in_Quantity.quantity><out_Quantity.quantity>78.055803</out_Quantity.quantity></Point><Point><position>1482</position><in_Quantity.quantity>0.000000</in_Quantity.quantity><out_Quantity.quantity>431.664488</out_Quantity.quantity></Point><Point><position>1483</position><in_Quantity.quantity>0.000000</in_Quantity.quantity><out_Quantity.quantity>259.512327</out_Quantity.quantity></Point><Point><position>1484</position><in_Quantity.quantity>0.000000</in_Quantity.quantity><out_Quantity.quantity>400.049845</out_Quantity.quantity></Point><Point><position>1485</position><in_Quantity.quantity>0.000000</in_Quantity.quantity><out_Quantity.quantity>278.714308</out_Quantity.quantity></Point><Point><position>1486</position><in_Quantity.quantity>0.000000</in_Quantity.quantity><out_Quantity.quantity>276.102990</out_Quantity.quantity></Point><Point><position>1487</position><in_Quantity.quantity>0.000000</in_Quantity.quantity><out_Quantity.quantity>382.887405</out_Quantity.quantity></Point><Point><position>1488</position><in_Quantity.quantity>0.000000</in_Quantity.quantity><out_Quantity.quantity>445.631275</out_Quantity.quantity></Point><Point><position>1489</position><in_Quantity.quantity>0.000000</in_Quantity.quantity><out_Quantity.quantity>754.824656</out_Quantity.quantity></Point><Point><position>1490</position><in_Quantity.quantity>0.000000</in_Quantity.quantity><out_Quantity.quantity>219.037463</out_Quantity.quantity></Point><Point><position>1491</position><in_Quantity.quantity>0.000000</in_Quantity.quantity><out_Quantity.quantity>218.356467</out_Quantity.quantity></Point><Point><position>1492</position><in_Quantity.quantity>0.000000</in_Quantity.quantity><out_Quantity.quantity>427.902262</out_Quantity.quantity></Point><Point><position>1493</position><in_Quantity.quantity>0.000000</in_Quantity.quantity><out_Quantity.quantity>724.878172</out_Quantity.quantity></Point><Point><position>1494</position><in_Quantity.quantity>0.000000</in_Quantity.quantity><out_Quantity.quantity>70.706164</out_Quantity.quantity></Point><Point><position>1495</position><in_Quantity.quantity>0.000000</in_Quantity.quantity><out_Quantity.quantity>947.090276</out_Quantity.quantity></Point><Point><position>1496</position><in_Quantity.quantity>0.000000</in_Quantity.quantity><out_Quantity.quantity>512.264873</out_Quantity.quantity></Point><Point><position>1497</position><in_Quantity.quantity>0.000000</in_Quantity.quantity><out_Quantity.quantity>984.638798</out_Quantity.quantity></Point><Point><position>1498</position><in_Quantity.quantity>0.000000</in_Quantity.quantity><out_Quantity.quantity>729.497348</out_Quantity.quantity></Point><Point><position>1499</position><in_Quantity.quantity>0.000000</in_Quantity.quantity><out_Quantity.quantity>848.945307</out_Quantity.quantity></Point><Point><position>1500</position><in_Quantity.quantity>0.000000</in_Quantity.quantity><out_Quantity.quantity>483.815539</out_Quantity.quantity></Point><Point><position>1501</position><in_Quantity.quantity>0.000000</in_Quantity.quantity><out_Quantity.quantity>252.863596</out_Quantity.quantity></Point><Point><position>1502</position><in_Quantity.quantity>0.000000</in_Quantity.quantity><out_Quantity.quantity>664.533703</out_Quantity.quantity></Point><Point><position>1503</position><in_Quantity.quantity>0.000000</in_Quantity.quantity><out_Quantity.quantity>426.483191</out_Quantity.quantity></Point><Point><position>1504</position><in_Quantity.quantity>0.000000</in_Quantity.quantity><out_Quantity.quantity>755.284106</out_Quantity.quantity></Point><Point><position>1505</position><in_Quantity.quantity>0.000000</in_Quantity.quantity><out_Quantity.quantity>834.878944</out_Quantity.quantity></Point><Point><position>1506</position><in_Quantity.quantity>0.000000</in_Quantity.quantity><out_Quantity.quantity>858.715396</out_Quantity.quantity></Point><Point><position>1507</position><in_Quantity.quantity>0.000000</in_Quantity.quantity><out_Quantity.quantity>619.476267</out_Quantity.quantity></Point><Point><position>1508</position><in_Quantity.quantity>0.000000</in_Quantity.quantity><out_Quantity.quantity>785.160598</out_Quantity.quantity></Point><Point><position>1509</position><in_Quantity.quantity>0.000000</in_Quantity.quantity><out_Quantity.quantity>961.547114</out_Quantity.quantity></Point><Point><position>1510</position><in_Quantity.quantity>0.000000</in_Quantity.quantity><out_Quantity.quantity>45.497143</out_Quantity.quantity></Point><Point><position>1511</position><in_Quantity.quantity>0.000000</in_Quantity.quantity><out_Quantity.quantity>356.976974</out_Quantity.quantity></Point><Point><position>1512</position><in_Quantity.quantity>0.000000</in_Quantity.quantity><out_Quantity.quantity>752.888344</out_Quantity.quantity></Point><Point><position>1513</position><in_Quantity.quantity>0.000000</in_Quantity.quantity><out_Quantity.quantity>208.049458</out_Quantity.quantity></Point><Point><position>1514</position><in_Quantity.quantity>0.000000</in_Quantity.quantity><out_Quantity.quantity>812.673965</out_Quantity.quantity></Point><Point><position>1515</position><in_Quantity.quantity>0.000000</in_Quantity.quantity><out_Quantity.quantity>385.491999</out_Quantity.quantity></Point><Point><position>1516</position><in_Quantity.quantity>0.000000</in_Quantity.quantity><out_Quantity.quantity>936.044074</out_Quantity.quantity></Point><Point><position>1517</position><in_Quantity.quantity>0.000000</in_Quantity.quantity><out_Quantity.quantity>875.006540</out_Quantity.quantity></Point><Point><position>1518</position><in_Quantity.quantity>0.000000</in_Quantity.quantity><out_Quantity.quantity>9.958580</out_Quantity.quantity></Point><Point><position>1519</position><in_Quantity.quantity>0.000000</in_Quantity.quantity><out_Quantity.quantity>906.890498</out_Quantity.quantity></Point><Point><position>1520</position><in_Quantity.quantity>0.000000</in_Quantity.quantity><out_Quantity.quantity>149.032926</out_Quantity.quantity></Point><Point><position>1521</position><in_Quantity.quantity>0.000000</in_Quantity.quantity><out_Quantity.quantity>528.928722</out_Quantity.quantity></Point><Point><position>1522</position><in_Quantity.quantity>0.000000</in_Quantity.quantity><out_Quantity.quantity>828.817308</out_Quantity.quantity></Point><Point><position>1523</position><in_Quantity.quantity>0.000000</in_Quantity.quantity><out_Quantity.quantity>507.799108</out_Quantity.quantity></Point><Point><position>1524</position><in_Quantity.quantity>0.000000</in_Quantity.quantity><out_Quantity.quantity>894.005511</out_Quantity.quantity></Point><Point><position>1525</position><in_Quantity.quantity>0.000000</in_Quantity.quantity><out_Quantity.quantity>91.438389</out_Quantity.quantity></Point><Point><position>1526</position><in_Quantity.quantity>0.000000</in_Quantity.quantity><out_Quantity.quantity>614.764724</out_Quantity.quantity></Point><Point><position>1527</position><in_Quantity.quantity>0.000000</in_Quantity.quantity><out_Quantity.quantity>950.534414</out_Quantity.quantity></Point><Point><position>1528</position><in_Quantity.quantity>0.000000</in_Quantity.quantity><out_Quantity.quantity>848.977338</out_Quantity.quantity></Point><Point><position>1529</position><in_Quantity.quantity>0.000000</in_Quantity.quantity><out_Quantity.quantity>816.956969</out_Quantity.quantity></Point><Point><position>1530</position><in_Quantity.quantity>0.000000</in_Quantity.quantity><out_Quantity.quantity>118.152909</out_Quantity.quantity></Point><Point><position>1531</position><in_Quantity.quantity>0.000000</in_Quantity.quantity><out_Quantity.quantity>650.191699</out_Quantity.quantity></Point><Point><position>1532</position><in_Quantity.quantity>0.000000</in_Quantity.quantity><out_Quantity.quantity>374.594379</out_Quantity.quantity></Point><Point><position>1533</position><in_Quantity.quantity>0.000000</in_Quantity.quantity><out_Quantity.quantity>731.172763</out_Quantity.quantity></Point><Point><position>1534</position><in_Quantity.quantity>0.000000</in_Quantity.quantity><out_Quantity.quantity>594.402707</out_Quantity.quantity></Point><Point><position>1535</position><in_Quantity.quantity>0.000000</in_Quantity.quantity><out_Quantity.quantity>784.116253</out_Quantity.quantity></Point><Point><position>1536</position><in_Quantity.quantity>0.000000</in_Quantity.quantity><out_Quantity.quantity>827.112181</out_Quantity.quantity></Point><Point><position>1537</position><in_Quantity.quantity>0.000000</in_Quantity.quantity><out_Quantity.quantity>735.604482</out_Quantity.quantity></Point><Point><position>1538</position><in_Quantity.quantity>0.000000</in_Quantity.quantity><out_Quantity.quantity>895.894962</out_Quantity.quantity></Point><Point><position>1539</position><in_Quantity.quantity>0.000000</in_Quantity.quantity><out_Quantity.quantity>946.523282</out_Quantity.quantity></Point><Point><position>1540</position><in_Quantity.quantity>0.000000</in_Quantity.quantity><out_Quantity.quantity>409.236249</out_Quantity.quantity></Point><Point><position>1541</position><in_Quantity.quantity>0.000000</in_Quantity.quantity><out_Quantity.quantity>580.040867</out_Quantity.quantity></Point><Point><position>1542</position><in_Quantity.quantity>0.000000</in_Quantity.quantity><out_Quantity.quantity>662.625057</out_Quantity.quantity></Point><Point><position>1543</position><in_Quantity.quantity>0.000000</in_Quantity.quantity><out_Quantity.quantity>804.273691</out_Quantity.quantity></Point><Point><position>1544</position><in_Quantity.quantity>0.000000</in_Quantity.quantity><out_Quantity.quantity>513.990786</out_Quantity.quantity></Point><Point><position>1545</position><in_Quantity.quantity>0.000000</in_Quantity.quantity><out_Quantity.quantity>318.161746</out_Quantity.quantity></Point><Point><position>1546</position><in_Quantity.quantity>0.000000</in_Quantity.quantity><out_Quantity.quantity>368.211280</out_Quantity.quantity></Point><Point><position>1547</position><in_Quantity.quantity>0.000000</in_Quantity.quantity><out_Quantity.quantity>906.025341</out_Quantity.quantity></Point><Point><position>1548</position><in_Quantity.quantity>0.000000</in_Quantity.quantity><out_Quantity.quantity>867.570273</out_Quantity.quantity></Point><Point><position>1549</position><in_Quantity.quantity>0.000000</in_Quantity.quantity><out_Quantity.quantity>633.576016</out_Quantity.quantity></Point><Point><position>1550</position><in_Quantity.quantity>0.000000</in_Quantity.quantity><out_Quantity.quantity>522.424939</out_Quantity.quantity></Point><Point><position>1551</position><in_Quantity.quantity>0.000000</in_Quantity.quantity><out_Quantity.quantity>730.179828</out_Quantity.quantity></Point><Point><position>1552</position><in_Quantity.quantity>0.000000</in_Quantity.quantity><out_Quantity.quantity>940.627012</out_Quantity.quantity></Point><Point><position>1553</position><in_Quantity.quantity>0.000000</in_Quantity.quantity><out_Quantity.quantity>160.264896</out_Quantity.quantity></Point><Point><position>1554</position><in_Quantity.quantity>0.000000</in_Quantity.quantity><out_Quantity.quantity>434.779375</out_Quantity.quantity></Point><Point><position>1555</position><in_Quantity.quantity>0.000000</in_Quantity.quantity><out_Quantity.quantity>771.730940</out_Quantity.quantity></Point><Point><position>1556</position><in_Quantity.quantity>0.000000</in_Quantity.quantity><out_Quantity.quantity>663.938448</out_Quantity.quantity></Point><Point><position>1557</position><in_Quantity.quantity>0.000000</in_Quantity.quantity><out_Quantity.quantity>409.975511</out_Quantity.quantity></Point><Point><position>1558</position><in_Quantity.quantity>0.000000</in_Quantity.quantity><out_Quantity.quantity>662.930952</out_Quantity.quantity></Point><Point><position>1559</position><in_Quantity.quantity>0.000000</in_Quantity.quantity><out_Quantity.quantity>329.629707</out_Quantity.quantity></Point><Point><position>1560</position><in_Quantity.quantity>0.000000</in_Quantity.quantity><out_Quantity.quantity>97.592473</out_Quantity.quantity></Point><Point><position>1561</position><in_Quantity.quantity>0.000000</in_Quantity.quantity><out_Quantity.quantity>291.951219</out_Quantity.quantity></Point><Point><position>1562</position><in_Quantity.quantity>0.000000</in_Quantity.quantity><out_Quantity.quantity>646.115390</out_Quantity.quantity></Point><Point><position>1563</position><in_Quantity.quantity>0.000000</in_Quantity.quantity><out_Quantity.quantity>934.227001</out_Quantity.quantity></Point><Point><position>1564</position><in_Quantity.quantity>0.000000</in_Quantity.quantity><out_Quantity.quantity>771.656934</out_Quantity.quantity></Point><Point><position>1565</position><in_Quantity.quantity>0.000000</in_Quantity.quantity><out_Quantity.quantity>655.387538</out_Quantity.quantity></Point><Point><position>1566</position><in_Quantity.quantity>0.000000</in_Quantity.quantity><out_Quantity.quantity>989.083370</out_Quantity.quantity></Point><Point><position>1567</position><in_Quantity.quantity>0.000000</in_Quantity.quantity><out_Quantity.quantity>520.161231</out_Quantity.quantity></Point><Point><position>1568</position><in_Quantity.quantity>0.000000</in_Quantity.quantity><out_Quantity.quantity>279.507092</out_Quantity.quantity></Point><Point><position>1569</position><in_Quantity.quantity>0.000000</in_Quantity.quantity><out_Quantity.quantity>530.415980</out_Quantity.quantity></Point><Point><position>1570</position><in_Quantity.quantity>0.000000</in_Quantity.quantity><out_Quantity.quantity>735.642496</out_Quantity.quantity></Point><Point><position>1571</position><in_Quantity.quantity>0.000000</in_Quantity.quantity><out_Quantity.quantity>562.624467</out_Quantity.quantity></Point><Point><position>1572</position><in_Quantity.quantity>0.000000</in_Quantity.quantity><out_Quantity.quantity>484.794275</out_Quantity.quantity></Point><Point><position>1573</position><in_Quantity.quantity>0.000000</in_Quantity.quantity><out_Quantity.quantity>557.398813</out_Quantity.quantity></Point><Point><position>1574</position><in_Quantity.quantity>0.000000</in_Quantity.quantity><out_Quantity.quantity>455.380010</out_Quantity.quantity></Point><Point><position>1575</position><in_Quantity.quantity>0.000000</in_Quantity.quantity><out_Quantity.quantity>980.992317</out_Quantity.quantity></Point><Point><position>1576</position><in_Quantity.quantity>0.000000</in_Quantity.quantity><out_Quantity.quantity>897.211845</out_Quantity.quantity></Point><Point><position>1577</position><in_Quantity.quantity>0.000000</in_Quantity.quantity><out_Quantity.quantity>671.440138</out_Quantity.quantity></Point><Point><position>1578</position><in_Quantity.quantity>0.000000</in_Quantity.quantity><out_Quantity.quantity>401.959505</out_Quantity.quantity></Point><Point><position>1579</position><in_Quantity.quantity>0.000000</in_Quantity.quantity><out_Quantity.quantity>498.793728</out_Quantity.quantity></Point><Point><position>1580</position><in_Quantity.quantity>0.000000</in_Quantity.quantity><out_Quantity.quantity>479.948647</out_Quantity.quantity></Point><Point><position>1581</position><in_Quantity.quantity>0.000000</in_Quantity.quantity><out_Quantity.quantity>563.386460</out_Quantity.quantity></Point><Point><position>1582</position><in_Quantity.quantity>0.000000</in_Quantity.quantity><out_Quantity.quantity>508.489259</out_Quantity.quantity></Point><Point><position>1583</position><in_Quantity.quantity>0.000000</in_Quantity.quantity><out_Quantity.quantity>913.852578</out_Quantity.quantity></Point><Point><position>1584</position><in_Quantity.quantity>0.000000</in_Quantity.quantity><out_Quantity.quantity>92.726079</out_Quantity.quantity></Point><Point><position>1585</position><in_Quantity.quantity>0.000000</in_Quantity.quantity><out_Quantity.quantity>371.016712</out_Quantity.quantity></Point><Point><position>1586</position><in_Quantity.quantity>0.000000</in_Quantity.quantity><out_Quantity.quantity>211.287529</out_Quantity.quantity></Point><Point><position>1587</position><in_Quantity.quantity>0.000000</in_Quantity.quantity><out_Quantity.quantity>723.266909</out_Quantity.quantity></Point><Point><position>1588</position><in_Quantity.quantity>0.000000</in_Quantity.quantity><out_Quantity.quantity>829.499517</out_Quantity.quantity></Point><Point><position>1589</position><in_Quantity.quantity>0.000000</in_Quantity.quantity><out_Quantity.quantity>651.959516</out_Quantity.quantity></Point><Point><position>1590</position><in_Quantity.quantity>0.000000</in_Quantity.quantity><out_Quantity.quantity>573.308577</out_Quantity.quantity></Point><Point><position>1591</position><in_Quantity.quantity>0.000000</in_Quantity.quantity><out_Quantity.quantity>758.541542</out_Quantity.quantity></Point><Point><position>1592</position><in_Quantity.quantity>0.000000</in_Quantity.quantity><out_Quantity.quantity>782.868641</out_Quantity.quantity></Point><Point><position>1593</position><in_Quantity.quantity>0.000000</in_Quantity.quantity><out_Quantity.quantity>768.618129</out_Quantity.quantity></Point><Point><position>1594</position><in_Quantity.quantity>0.000000</in_Quantity.quantity><out_Quantity.quantity>373.443727</out_Quantity.quantity></Point><Point><position>1595</position><in_Quantity.quantity>0.000000</in_Quantity.quantity><out_Quantity.quantity>196.042993</out_Quantity.quantity></Point><Point><position>1596</position><in_Quantity.quantity>0.000000</in_Quantity.quantity><out_Quantity.quantity>925.671723</out_Quantity.quantity></Point><Point><position>1597</position><in_Quantity.quantity>0.000000</in_Quantity.quantity><out_Quantity.quantity>373.656010</out_Quantity.quantity></Point><Point><position>1598</position><in_Quantity.quantity>0.000000</in_Quantity.quantity><out_Quantity.quantity>553.012882</out_Quantity.quantity></Point><Point><position>1599</position><in_Quantity.quantity>0.000000</in_Quantity.quantity><out_Quantity.quantity>311.604577</out_Quantity.quantity></Point><Point><position>1600</position><in_Quantity.quantity>0.000000</in_Quantity.quantity><out_Quantity.quantity>177.218749</out_Quantity.quantity></Point><Point><position>1601</position><in_Quantity.quantity>0.000000</in_Quantity.quantity><out_Quantity.quantity>730.448085</out_Quantity.quantity></Point><Point><position>1602</position><in_Quantity.quantity>0.000000</in_Quantity.quantity><out_Quantity.quantity>213.750838</out_Quantity.quantity></Point><Point><position>1603</position><in_Quantity.quantity>0.000000</in_Quantity.quantity><out_Quantity.quantity>228.277795</out_Quantity.quantity></Point><Point><position>1604</position><in_Quantity.quantity>0.000000</in_Quantity.quantity><out_Quantity.quantity>175.915616</out_Quantity.quantity></Point><Point><position>1605</position><in_Quantity.quantity>0.000000</in_Quantity.quantity><out_Quantity.quantity>910.449230</out_Quantity.quantity></Point><Point><position>1606</position><in_Quantity.quantity>0.000000</in_Quantity.quantity><out_Quantity.quantity>844.608853</out_Quantity.quantity></Point><Point><position>1607</position><in_Quantity.quantity>0.000000</in_Quantity.quantity><out_Quantity.quantity>699.232111</out_Quantity.quantity></Point><Point><position>1608</position><in_Quantity.quantity>0.000000</in_Quantity.quantity><out_Quantity.quantity>728.530189</out_Quantity.quantity></Point><Point><position>1609</position><in_Quantity.quantity>0.000000</in_Quantity.quantity><out_Quantity.quantity>603.735831</out_Quantity.quantity></Point><Point><position>1610</position><in_Quantity.quantity>0.000000</in_Quantity.quantity><out_Quantity.quantity>75.650100</out_Quantity.quantity></Point><Point><position>1611</position><in_Quantity.quantity>0.000000</in_Quantity.quantity><out_Quantity.quantity>267.677558</out_Quantity.quantity></Point><Point><position>1612</position><in_Quantity.quantity>0.000000</in_Quantity.quantity><out_Quantity.quantity>21.224964</out_Quantity.quantity></Point><Point><position>1613</position><in_Quantity.quantity>0.000000</in_Quantity.quantity><out_Quantity.quantity>564.213156</out_Quantity.quantity></Point><Point><position>1614</position><in_Quantity.quantity>0.000000</in_Quantity.quantity><out_Quantity.quantity>764.166894</out_Quantity.quantity></Point><Point><position>1615</position><in_Quantity.quantity>0.000000</in_Quantity.quantity><out_Quantity.quantity>784.822590</out_Quantity.quantity></Point><Point><position>1616</position><in_Quantity.quantity>0.000000</in_Quantity.quantity><out_Quantity.quantity>90.487193</out_Quantity.quantity></Point><Point><position>1617</position><in_Quantity.quantity>0.000000</in_Quantity.quantity><out_Quantity.quantity>117.971308</out_Quantity.quantity></Point><Point><position>1618</position><in_Quantity.quantity>0.000000</in_Quantity.quantity><out_Quantity.quantity>139.540924</out_Quantity.quantity></Point><Point><position>1619</position><in_Quantity.quantity>0.000000</in_Quantity.quantity><out_Quantity.quantity>161.069789</out_Quantity.quantity></Point><Point><position>1620</position><in_Quantity.quantity>0.000000</in_Quantity.quantity><out_Quantity.quantity>774.098139</out_Quantity.quantity></Point><Point><position>1621</position><in_Quantity.quantity>0.000000</in_Quantity.quantity><out_Quantity.quantity>320.247999</out_Quantity.quantity></Point><Point><position>1622</position><in_Quantity.quantity>0.000000</in_Quantity.quantity><out_Quantity.quantity>922.428218</out_Quantity.quantity></Point><Point><position>1623</position><in_Quantity.quantity>0.000000</in_Quantity.quantity><out_Quantity.quantity>706.864471</out_Quantity.quantity></Point><Point><position>1624</position><in_Quantity.quantity>0.000000</in_Quantity.quantity><out_Quantity.quantity>457.713239</out_Quantity.quantity></Point><Point><position>1625</position><in_Quantity.quantity>0.000000</in_Quantity.quantity><out_Quantity.quantity>212.562791</out_Quantity.quantity></Point><Point><position>1626</position><in_Quantity.quantity>0.000000</in_Quantity.quantity><out_Quantity.quantity>206.137066</out_Quantity.quantity></Point><Point><position>1627</position><in_Quantity.quantity>0.000000</in_Quantity.quantity><out_Quantity.quantity>420.060831</out_Quantity.quantity></Point><Point><position>1628</position><in_Quantity.quantity>0.000000</in_Quantity.quantity><out_Quantity.quantity>553.758243</out_Quantity.quantity></Point><Point><position>1629</position><in_Quantity.quantity>0.000000</in_Quantity.quantity><out_Quantity.quantity>135.864705</out_Quantity.quantity></Point><Point><position>1630</position><in_Quantity.quantity>0.000000</in_Quantity.quantity><out_Quantity.quantity>555.156879</out_Quantity.quantity></Point><Point><position>1631</position><in_Quantity.quantity>0.000000</in_Quantity.quantity><out_Quantity.quantity>44.711460</out_Quantity.quantity></Point><Point><position>1632</position><in_Quantity.quantity>0.000000</in_Quantity.quantity><out_Quantity.quantity>64.493074</out_Quantity.quantity></Point><Point><position>1633</position><in_Quantity.quantity>0.000000</in_Quantity.quantity><out_Quantity.quantity>194.649325</out_Quantity.quantity></Point><Point><position>1634</position><in_Quantity.quantity>0.000000</in_Quantity.quantity><out_Quantity.quantity>357.262648</out_Quantity.quantity></Point><Point><position>1635</position><in_Quantity.quantity>0.000000</in_Quantity.quantity><out_Quantity.quantity>866.836708</out_Quantity.quantity></Point><Point><position>1636</position><in_Quantity.quantity>0.000000</in_Quantity.quantity><out_Quantity.quantity>713.695748</out_Quantity.quantity></Point><Point><position>1637</position><in_Quantity.quantity>0.000000</in_Quantity.quantity><out_Quantity.quantity>49.552798</out_Quantity.quantity></Point><Point><position>1638</position><in_Quantity.quantity>0.000000</in_Quantity.quantity><out_Quantity.quantity>963.595275</out_Quantity.quantity></Point><Point><position>1639</position><in_Quantity.quantity>0.000000</in_Quantity.quantity><out_Quantity.quantity>246.149135</out_Quantity.quantity></Point><Point><position>1640</position><in_Quantity.quantity>0.000000</in_Quantity.quantity><out_Quantity.quantity>154.846008</out_Quantity.quantity></Point><Point><position>1641</position><in_Quantity.quantity>0.000000</in_Quantity.quantity><out_Quantity.quantity>16.318694</out_Quantity.quantity></Point><Point><position>1642</position><in_Quantity.quantity>0.000000</in_Quantity.quantity><out_Quantity.quantity>74.961854</out_Quantity.quantity></Point><Point><position>1643</position><in_Quantity.quantity>0.000000</in_Quantity.quantity><out_Quantity.quantity>885.555786</out_Quantity.quantity></Point><Point><position>1644</position><in_Quantity.quantity>0.000000</in_Quantity.quantity><out_Quantity.quantity>782.602092</out_Quantity.quantity></Point><Point><position>1645</position><in_Quantity.quantity>0.000000</in_Quantity.quantity><out_Quantity.quantity>375.964179</out_Quantity.quantity></Point><Point><position>1646</position><in_Quantity.quantity>0.000000</in_Quantity.quantity><out_Quantity.quantity>90.481092</out_Quantity.quantity></Point><Point><position>1647</position><in_Quantity.quantity>0.000000</in_Quantity.quantity><out_Quantity.quantity>514.694078</out_Quantity.quantity></Point><Point><position>1648</position><in_Quantity.quantity>0.000000</in_Quantity.quantity><out_Quantity.quantity>366.111318</out_Quantity.quantity></Point><Point><position>1649</position><in_Quantity.quantity>0.000000</in_Quantity.quantity><out_Quantity.quantity>875.736245</out_Quantity.quantity></Point><Point><position>1650</position><in_Quantity.quantity>0.000000</in_Quantity.quantity><out_Quantity.quantity>188.210315</out_Quantity.quantity></Point><Point><position>1651</position><in_Quantity.quantity>0.000000</in_Quantity.quantity><out_Quantity.quantity>468.398849</out_Quantity.quantity></Point><Point><position>1652</position><in_Quantity.quantity>0.000000</in_Quantity.quantity><out_Quantity.quantity>919.263402</out_Quantity.quantity></Point><Point><position>1653</position><in_Quantity.quantity>0.000000</in_Quantity.quantity><out_Quantity.quantity>857.101854</out_Quantity.quantity></Point><Point><position>1654</position><in_Quantity.quantity>0.000000</in_Quantity.quantity><out_Quantity.quantity>424.089124</out_Quantity.quantity></Point><Point><position>1655</position><in_Quantity.quantity>0.000000</in_Quantity.quantity><out_Quantity.quantity>6.812282</out_Quantity.quantity></Point><Point><position>1656</position><in_Quantity.quantity>0.000000</in_Quantity.quantity><out_Quantity.quantity>86.930453</out_Quantity.quantity></Point><Point><position>1657</position><in_Quantity.quantity>0.000000</in_Quantity.quantity><out_Quantity.quantity>615.594259</out_Quantity.quantity></Point><Point><position>1658</position><in_Quantity.quantity>0.000000</in_Quantity.quantity><out_Quantity.quantity>731.133407</out_Quantity.quantity></Point><Point><position>1659</position><in_Quantity.quantity>0.000000</in_Quantity.quantity><out_Quantity.quantity>130.782083</out_Quantity.quantity></Point><Point><position>1660</position><in_Quantity.quantity>0.000000</in_Quantity.quantity><out_Quantity.quantity>217.611540</out_Quantity.quantity></Point><Point><position>1661</position><in_Quantity.quantity>0.000000</in_Quantity.quantity><out_Quantity.quantity>8.961617</out_Quantity.quantity></Point><Point><position>1662</position><in_Quantity.quantity>0.000000</in_Quantity.quantity><out_Quantity.quantity>80.209547</out_Quantity.quantity></Point><Point><position>1663</position><in_Quantity.quantity>0.000000</in_Quantity.quantity><out_Quantity.quantity>810.244761</out_Quantity.quantity></Point><Point><position>1664</position><in_Quantity.quantity>0.000000</in_Quantity.quantity><out_Quantity.quantity>45.396441</out_Quantity.quantity></Point><Point><position>1665</position><in_Quantity.quantity>0.000000</in_Quantity.quantity><out_Quantity.quantity>85.635451</out_Quantity.quantity></Point><Point><position>1666</position><in_Quantity.quantity>0.000000</in_Quantity.quantity><out_Quantity.quantity>598.189602</out_Quantity.quantity></Point><Point><position>1667</position><in_Quantity.quantity>0.000000</in_Quantity.quantity><out_Quantity.quantity>234.695544</out_Quantity.quantity></Point><Point><position>1668</position><in_Quantity.quantity>0.000000</in_Quantity.quantity><out_Quantity.quantity>976.116414</out_Quantity.quantity></Point><Point><position>1669</position><in_Quantity.quantity>0.000000</in_Quantity.quantity><out_Quantity.quantity>224.449804</out_Quantity.quantity></Point><Point><position>1670</position><in_Quantity.quantity>0.000000</in_Quantity.quantity><out_Quantity.quantity>852.625571</out_Quantity.quantity></Point><Point><position>1671</position><in_Quantity.quantity>0.000000</in_Quantity.quantity><out_Quantity.quantity>24.848139</out_Quantity.quantity></Point><Point><position>1672</position><in_Quantity.quantity>0.000000</in_Quantity.quantity><out_Quantity.quantity>953.885550</out_Quantity.quantity></Point><Point><position>1673</position><in_Quantity.quantity>0.000000</in_Quantity.quantity><out_Quantity.quantity>350.748079</out_Quantity.quantity></Point><Point><position>1674</position><in_Quantity.quantity>0.000000</in_Quantity.quantity><out_Quantity.quantity>381.369278</out_Quantity.quantity></Point><Point><position>1675</position><in_Quantity.quantity>0.000000</in_Quantity.quantity><out_Quantity.quantity>422.378948</out_Quantity.quantity></Point><Point><position>1676</position><in_Quantity.quantity>0.000000</in_Quantity.quantity><out_Quantity.quantity>980.894719</out_Quantity.quantity></Point><Point><position>1677</position><in_Quantity.quantity>0.000000</in_Quantity.quantity><out_Quantity.quantity>636.681651</out_Quantity.quantity></Point><Point><position>1678</position><in_Quantity.quantity>0.000000</in_Quantity.quantity><out_Quantity.quantity>902.775238</out_Quantity.quantity></Point><Point><position>1679</position><in_Quantity.quantity>0.000000</in_Quantity.quantity><out_Quantity.quantity>478.337999</out_Quantity.quantity></Point><Point><position>1680</position><in_Quantity.quantity>0.000000</in_Quantity.quantity><out_Quantity.quantity>301.297733</out_Quantity.quantity></Point><Point><position>1681</position><in_Quantity.quantity>0.000000</in_Quantity.quantity><out_Quantity.quantity>620.625351</out_Quantity.quantity></Point><Point><position>1682</position><in_Quantity.quantity>0.000000</in_Quantity.quantity><out_Quantity.quantity>590.095709</out_Quantity.quantity></Point><Point><position>1683</position><in_Quantity.quantity>0.000000</in_Quantity.quantity><out_Quantity.quantity>218.970923</out_Quantity.quantity></Point><Point><position>1684</position><in_Quantity.quantity>0.000000</in_Quantity.quantity><out_Quantity.quantity>891.403757</out_Quantity.quantity></Point><Point><position>1685</position><in_Quantity.quantity>0.000000</in_Quantity.quantity><out_Quantity.quantity>648.230736</out_Quantity.quantity></Point><Point><position>1686</position><in_Quantity.quantity>0.000000</in_Quantity.quantity><out_Quantity.quantity>881.274680</out_Quantity.quantity></Point><Point><position>1687</position><in_Quantity.quantity>0.000000</in_Quantity.quantity><out_Quantity.quantity>34.075410</out_Quantity.quantity></Point><Point><position>1688</position><in_Quantity.quantity>0.000000</in_Quantity.quantity><out_Quantity.quantity>812.346879</out_Quantity.quantity></Point><Point><position>1689</position><in_Quantity.quantity>0.000000</in_Quantity.quantity><out_Quantity.quantity>291.394558</out_Quantity.quantity></Point><Point><position>1690</position><in_Quantity.quantity>0.000000</in_Quantity.quantity><out_Quantity.quantity>858.878970</out_Quantity.quantity></Point><Point><position>1691</position><in_Quantity.quantity>0.000000</in_Quantity.quantity><out_Quantity.quantity>305.199578</out_Quantity.quantity></Point><Point><position>1692</position><in_Quantity.quantity>0.000000</in_Quantity.quantity><out_Quantity.quantity>687.967782</out_Quantity.quantity></Point><Point><position>1693</position><in_Quantity.quantity>0.000000</in_Quantity.quantity><out_Quantity.quantity>137.032565</out_Quantity.quantity></Point><Point><position>1694</position><in_Quantity.quantity>0.000000</in_Quantity.quantity><out_Quantity.quantity>926.509735</out_Quantity.quantity></Point><Point><position>1695</position><in_Quantity.quantity>0.000000</in_Quantity.quantity><out_Quantity.quantity>870.744695</out_Quantity.quantity></Point><Point><position>1696</position><in_Quantity.quantity>0.000000</in_Quantity.quantity><out_Quantity.quantity>622.532191</out_Quantity.quantity></Point><Point><position>1697</position><in_Quantity.quantity>0.000000</in_Quantity.quantity><out_Quantity.quantity>774.156501</out_Quantity.quantity></Point><Point><position>1698</position><in_Quantity.quantity>0.000000</in_Quantity.quantity><out_Quantity.quantity>721.407519</out_Quantity.quantity></Point><Point><position>1699</position><in_Quantity.quantity>0.000000</in_Quantity.quantity><out_Quantity.quantity>973.576767</out_Quantity.quantity></Point><Point><position>1700</position><in_Quantity.quantity>0.000000</in_Quantity.quantity><out_Quantity.quantity>355.956208</out_Quantity.quantity></Point><Point><position>1701</position><in_Quantity.quantity>0.000000</in_Quantity.quantity><out_Quantity.quantity>80.112151</out_Quantity.quantity></Point><Point><position>1702</position><in_Quantity.quantity>0.000000</in_Quantity.quantity><out_Quantity.quantity>387.923685</out_Quantity.quantity></Point><Point><position>1703</position><in_Quantity.quantity>0.000000</in_Quantity.quantity><out_Quantity.quantity>25.200864</out_Quantity.quantity></Point><Point><position>1704</position><in_Quantity.quantity>0.000000</in_Quantity.quantity><out_Quantity.quantity>112.178119</out_Quantity.quantity></Point><Point><position>1705</position><in_Quantity.quantity>0.000000</in_Quantity.quantity><out_Quantity.quantity>487.531449</out_Quantity.quantity></Point><Point><position>1706</position><in_Quantity.quantity>0.000000</in_Quantity.quantity><out_Quantity.quantity>245.856917</out_Quantity.quantity></Point><Point><position>1707</position><in_Quantity.quantity>0.000000</in_Quantity.quantity><out_Quantity.quantity>951.298481</out_Quantity.quantity></Point><Point><position>1708</position><in_Quantity.quantity>0.000000</in_Quantity.quantity><out_Quantity.quantity>358.589475</out_Quantity.quantity></Point><Point><position>1709</position><in_Quantity.quantity>0.000000</in_Quantity.quantity><out_Quantity.quantity>882.044257</out_Quantity.quantity></Point><Point><position>1710</position><in_Quantity.quantity>0.000000</in_Quantity.quantity><out_Quantity.quantity>142.130220</out_Quantity.quantity></Point><Point><position>1711</position><in_Quantity.quantity>0.000000</in_Quantity.quantity><out_Quantity.quantity>886.231324</out_Quantity.quantity></Point><Point><position>1712</position><in_Quantity.quantity>0.000000</in_Quantity.quantity><out_Quantity.quantity>496.295799</out_Quantity.quantity></Point><Point><position>1713</position><in_Quantity.quantity>0.000000</in_Quantity.quantity><out_Quantity.quantity>586.290093</out_Quantity.quantity></Point><Point><position>1714</position><in_Quantity.quantity>0.000000</in_Quantity.quantity><out_Quantity.quantity>206.803737</out_Quantity.quantity></Point><Point><position>1715</position><in_Quantity.quantity>0.000000</in_Quantity.quantity><out_Quantity.quantity>457.678242</out_Quantity.quantity></Point><Point><position>1716</position><in_Quantity.quantity>0.000000</in_Quantity.quantity><out_Quantity.quantity>900.074528</out_Quantity.quantity></Point><Point><position>1717</position><in_Quantity.quantity>0.000000</in_Quantity.quantity><out_Quantity.quantity>761.067346</out_Quantity.quantity></Point><Point><position>1718</position><in_Quantity.quantity>0.000000</in_Quantity.quantity><out_Quantity.quantity>876.787923</out_Quantity.quantity></Point><Point><position>1719</position><in_Quantity.quantity>0.000000</in_Quantity.quantity><out_Quantity.quantity>334.344443</out_Quantity.quantity></Point><Point><position>1720</position><in_Quantity.quantity>0.000000</in_Quantity.quantity><out_Quantity.quantity>129.047201</out_Quantity.quantity></Point><Point><position>1721</position><in_Quantity.quantity>0.000000</in_Quantity.quantity><out_Quantity.quantity>377.639230</out_Quantity.quantity></Point><Point><position>1722</position><in_Quantity.quantity>0.000000</in_Quantity.quantity><out_Quantity.quantity>759.786778</out_Quantity.quantity></Point><Point><position>1723</position><in_Quantity.quantity>0.000000</in_Quantity.quantity><out_Quantity.quantity>374.200501</out_Quantity.quantity></Point><Point><position>1724</position><in_Quantity.quantity>0.000000</in_Quantity.quantity><out_Quantity.quantity>597.491806</out_Quantity.quantity></Point><Point><position>1725</position><in_Quantity.quantity>0.000000</in_Quantity.quantity><out_Quantity.quantity>642.946835</out_Quantity.quantity></Point><Point><position>1726</position><in_Quantity.quantity>0.000000</in_Quantity.quantity><out_Quantity.quantity>560.066035</out_Quantity.quantity></Point><Point><position>1727</position><in_Quantity.quantity>0.000000</in_Quantity.quantity><out_Quantity.quantity>622.448711</out_Quantity.quantity></Point><Point><position>1728</position><in_Quantity.quantity>0.000000</in_Quantity.quantity><out_Quantity.quantity>460.330994</out_Quantity.quantity></Point><Point><position>1729</position><in_Quantity.quantity>0.000000</in_Quantity.quantity><out_Quantity.quantity>110.717341</out_Quantity.quantity></Point><Point><position>1730</position><in_Quantity.quantity>0.000000</in_Quantity.quantity><out_Quantity.quantity>203.188805</out_Quantity.quantity></Point><Point><position>1731</position><in_Quantity.quantity>0.000000</in_Quantity.quantity><out_Quantity.quantity>317.458335</out_Quantity.quantity></Point><Point><position>1732</position><in_Quantity.quantity>0.000000</in_Quantity.quantity><out_Quantity.quantity>893.942986</out_Quantity.quantity></Point><Point><position>1733</position><in_Quantity.quantity>0.000000</in_Quantity.quantity><out_Quantity.quantity>85.344151</out_Quantity.quantity></Point><Point><position>1734</position><in_Quantity.quantity>0.000000</in_Quantity.quantity><out_Quantity.quantity>540.431303</out_Quantity.quantity></Point><Point><position>1735</position><in_Quantity.quantity>0.000000</in_Quantity.quantity><out_Quantity.quantity>121.470896</out_Quantity.quantity></Point><Point><position>1736</position><in_Quantity.quantity>0.000000</in_Quantity.quantity><out_Quantity.quantity>622.487664</out_Quantity.quantity></Point><Point><position>1737</position><in_Quantity.quantity>0.000000</in_Quantity.quantity><out_Quantity.quantity>970.565813</out_Quantity.quantity></Point><Point><position>1738</position><in_Quantity.quantity>0.000000</in_Quantity.quantity><out_Quantity.quantity>446.741221</out_Quantity.quantity></Point><Point><position>1739</position><in_Quantity.quantity>0.000000</in_Quantity.quantity><out_Quantity.quantity>330.211292</out_Quantity.quantity></Point><Point><position>1740</position><in_Quantity.quantity>0.000000</in_Quantity.quantity><out_Quantity.quantity>988.260337</out_Quantity.quantity></Point><Point><position>1741</position><in_Quantity.quantity>0.000000</in_Quantity.quantity><out_Quantity.quantity>156.577091</out_Quantity.quantity></Point><Point><position>1742</position><in_Quantity.quantity>0.000000</in_Quantity.quantity><out_Quantity.quantity>117.434468</out_Quantity.quantity></Point><Point><position>1743</position><in_Quantity.quantity>0.000000</in_Quantity.quantity><out_Quantity.quantity>76.875482</out_Quantity.quantity></Point><Point><position>1744</position><in_Quantity.quantity>0.000000</in_Quantity.quantity><out_Quantity.quantity>506.059558</out_Quantity.quantity></Point><Point><position>1745</position><in_Quantity.quantity>0.000000</in_Quantity.quantity><out_Quantity.quantity>178.840871</out_Quantity.quantity></Point><Point><position>1746</position><in_Quantity.quantity>0.000000</in_Quantity.quantity><out_Quantity.quantity>597.940943</out_Quantity.quantity></Point><Point><position>1747</position><in_Quantity.quantity>0.000000</in_Quantity.quantity><out_Quantity.quantity>436.249912</out_Quantity.quantity></Point><Point><position>1748</position><in_Quantity.quantity>0.000000</in_Quantity.quantity><out_Quantity.quantity>678.434642</out_Quantity.quantity></Point><Point><position>1749</position><in_Quantity.quantity>0.000000</in_Quantity.quantity><out_Quantity.quantity>458.348838</out_Quantity.quantity></Point><Point><position>1750</position><in_Quantity.quantity>0.000000</in_Quantity.quantity><out_Quantity.quantity>119.437712</out_Quantity.quantity></Point><Point><position>1751</position><in_Quantity.quantity>0.000000</in_Quantity.quantity><out_Quantity.quantity>291.188690</out_Quantity.quantity></Point><Point><position>1752</position><in_Quantity.quantity>0.000000</in_Quantity.quantity><out_Quantity.quantity>169.736155</out_Quantity.quantity></Point><Point><position>1753</position><in_Quantity.quantity>0.000000</in_Quantity.quantity><out_Quantity.quantity>714.735829</out_Quantity.quantity></Point><Point><position>1754</position><in_Quantity.quantity>0.000000</in_Quantity.quantity><out_Quantity.quantity>878.322426</out_Quantity.quantity></Point><Point><position>1755</position><in_Quantity.quantity>0.000000</in_Quantity.quantity><out_Quantity.quantity>65.522996</out_Quantity.quantity></Point><Point><position>1756</position><in_Quantity.quantity>0.000000</in_Quantity.quantity><out_Quantity.quantity>293.543284</out_Quantity.quantity></Point><Point><position>1757</position><in_Quantity.quantity>0.000000</in_Quantity.quantity><out_Quantity.quantity>143.325523</out_Quantity.quantity></Point><Point><position>1758</position><in_Quantity.quantity>0.000000</in_Quantity.quantity><out_Quantity.quantity>229.995460</out_Quantity.quantity></Point><Point><position>1759</position><in_Quantity.quantity>0.000000</in_Quantity.quantity><out_Quantity.quantity>52.256832</out_Quantity.quantity></Point><Point><position>1760</position><in_Quantity.quantity>0.000000</in_Quantity.quantity><out_Quantity.quantity>594.039978</out_Quantity.quantity></Point><Point><position>1761</position><in_Quantity.quantity>0.000000</in_Quantity.quantity><out_Quantity.quantity>104.024671</out_Quantity.quantity></Point><Point><position>1762</position><in_Quantity.quantity>0.000000</in_Quantity.quantity><out_Quantity.quantity>587.055469</out_Quantity.quantity></Point><Point><position>1763</position><in_Quantity.quantity>0.000000</in_Quantity.quantity><out_Quantity.quantity>804.916602</out_Quantity.quantity></Point><Point><position>1764</position><in_Quantity.quantity>0.000000</in_Quantity.quantity><out_Quantity.quantity>33.621628</out_Quantity.quantity></Point><Point><position>1765</position><in_Quantity.quantity>0.000000</in_Quantity.quantity><out_Quantity.quantity>122.330844</out_Quantity.quantity></Point><Point><position>1766</position><in_Quantity.quantity>0.000000</in_Quantity.quantity><out_Quantity.quantity>700.660443</out_Quantity.quantity></Point><Point><position>1767</position><in_Quantity.quantity>0.000000</in_Quantity.quantity><out_Quantity.quantity>99.973753</out_Quantity.quantity></Point><Point><position>1768</position><in_Quantity.quantity>0.000000</in_Quantity.quantity><out_Quantity.quantity>528.386633</out_Quantity.quantity></Point><Point><position>1769</position><in_Quantity.quantity>0.000000</in_Quantity.quantity><out_Quantity.quantity>469.051842</out_Quantity.quantity></Point><Point><position>1770</position><in_Quantity.quantity>0.000000</in_Quantity.quantity><out_Quantity.quantity>954.000970</out_Quantity.quantity></Point><Point><position>1771</position><in_Quantity.quantity>0.000000</in_Quantity.quantity><out_Quantity.quantity>770.649895</out_Quantity.quantity></Point><Point><position>1772</position><in_Quantity.quantity>0.000000</in_Quantity.quantity><out_Quantity.quantity>699.879799</out_Quantity.quantity></Point><Point><position>1773</position><in_Quantity.quantity>0.000000</in_Quantity.quantity><out_Quantity.quantity>692.261978</out_Quantity.quantity></Point><Point><position>1774</position><in_Quantity.quantity>0.000000</in_Quantity.quantity><out_Quantity.quantity>350.363174</out_Quantity.quantity></Point><Point><position>1775</position><in_Quantity.quantity>0.000000</in_Quantity.quantity><out_Quantity.quantity>97.752301</out_Quantity.quantity></Point><Point><position>1776</position><in_Quantity.quantity>0.000000</in_Quantity.quantity><out_Quantity.quantity>577.083691</out_Quantity.quantity></Point><Point><position>1777</position><in_Quantity.quantity>0.000000</in_Quantity.quantity><out_Quantity.quantity>536.647322</out_Quantity.quantity></Point><Point><position>1778</position><in_Quantity.quantity>0.000000</in_Quantity.quantity><out_Quantity.quantity>585.689220</out_Quantity.quantity></Point><Point><position>1779</position><in_Quantity.quantity>0.000000</in_Quantity.quantity><out_Quantity.quantity>252.345030</out_Quantity.quantity></Point><Point><position>1780</position><in_Quantity.quantity>0.000000</in_Quantity.quantity><out_Quantity.quantity>488.167510</out_Quantity.quantity></Point><Point><position>1781</position><in_Quantity.quantity>0.000000</in_Quantity.quantity><out_Quantity.quantity>651.499073</out_Quantity.quantity></Point><Point><position>1782</position><in_Quantity.quantity>0.000000</in_Quantity.quantity><out_Quantity.quantity>964.732309</out_Quantity.quantity></Point><Point><position>1783</position><in_Quantity.quantity>0.000000</in_Quantity.quantity><out_Quantity.quantity>520.927092</out_Quantity.quantity></Point><Point><position>1784</position><in_Quantity.quantity>0.000000</in_Quantity.quantity><out_Quantity.quantity>649.657374</out_Quantity.quantity></Point><Point><position>1785</position><in_Quantity.quantity>0.000000</in_Quantity.quantity><out_Quantity.quantity>190.142448</out_Quantity.quantity></Point><Point><position>1786</position><in_Quantity.quantity>0.000000</in_Quantity.quantity><out_Quantity.quantity>931.803692</out_Quantity.quantity></Point><Point><position>1787</position><in_Quantity.quantity>0.000000</in_Quantity.quantity><out_Quantity.quantity>951.359512</out_Quantity.quantity></Point><Point><position>1788</position><in_Quantity.quantity>0.000000</in_Quantity.quantity><out_Quantity.quantity>914.494917</out_Quantity.quantity></Point><Point><position>1789</position><in_Quantity.quantity>0.000000</in_Quantity.quantity><out_Quantity.quantity>561.592653</out_Quantity.quantity></Point><Point><position>1790</position><in_Quantity.quantity>0.000000</in_Quantity.quantity><out_Quantity.quantity>166.895320</out_Quantity.quantity></Point><Point><position>1791</position><in_Quantity.quantity>0.000000</in_Quantity.quantity><out_Quantity.quantity>101.243418</out_Quantity.quantity></Point><Point><position>1792</position><in_Quantity.quantity>0.000000</in_Quantity.quantity><out_Quantity.quantity>272.325024</out_Quantity.quantity></Point><Point><position>1793</position><in_Quantity.quantity>0.000000</in_Quantity.quantity><out_Quantity.quantity>530.618918</out_Quantity.quantity></Point><Point><position>1794</position><in_Quantity.quantity>0.000000</in_Quantity.quantity><out_Quantity.quantity>540.285973</out_Quantity.quantity></Point><Point><position>1795</position><in_Quantity.quantity>0.000000</in_Quantity.quantity><out_Quantity.quantity>482.401303</out_Quantity.quantity></Point><Point><position>1796</position><in_Quantity.quantity>0.000000</in_Quantity.quantity><out_Quantity.quantity>710.435034</out_Quantity.quantity></Point><Point><position>1797</position><in_Quantity.quantity>0.000000</in_Quantity.quantity><out_Quantity.quantity>179.807588</out_Quantity.quantity></Point><Point><position>1798</position><in_Quantity.quantity>0.000000</in_Quantity.quantity><out_Quantity.quantity>563.371780</out_Quantity.quantity></Point><Point><position>1799</position><in_Quantity.quantity>0.000000</in_Quantity.quantity><out_Quantity.quantity>432.732360</out_Quantity.quantity></Point><Point><position>1800</position><in_Quantity.quantity>0.000000</in_Quantity.quantity><out_Quantity.quantity>253.066918</out_Quantity.quantity></Point><Point><position>1801</position><in_Quantity.quantity>0.000000</in_Quantity.quantity><out_Quantity.quantity>675.660183</out_Quantity.quantity></Point><Point><position>1802</position><in_Quantity.quantity>0.000000</in_Quantity.quantity><out_Quantity.quantity>513.008423</out_Quantity.quantity></Point><Point><position>1803</position><in_Quantity.quantity>0.000000</in_Quantity.quantity><out_Quantity.quantity>246.985570</out_Quantity.quantity></Point><Point><position>1804</position><in_Quantity.quantity>0.000000</in_Quantity.quantity><out_Quantity.quantity>743.379760</out_Quantity.quantity></Point><Point><position>1805</position><in_Quantity.quantity>0.000000</in_Quantity.quantity><out_Quantity.quantity>629.452669</out_Quantity.quantity></Point><Point><position>1806</position><in_Quantity.quantity>0.000000</in_Quantity.quantity><out_Quantity.quantity>539.568242</out_Quantity.quantity></Point><Point><position>1807</position><in_Quantity.quantity>0.000000</in_Quantity.quantity><out_Quantity.quantity>36.355061</out_Quantity.quantity></Point><Point><position>1808</position><in_Quantity.quantity>0.000000</in_Quantity.quantity><out_Quantity.quantity>560.689828</out_Quantity.quantity></Point><Point><position>1809</position><in_Quantity.quantity>0.000000</in_Quantity.quantity><out_Quantity.quantity>866.038039</out_Quantity.quantity></Point><Point><position>1810</position><in_Quantity.quantity>0.000000</in_Quantity.quantity><out_Quantity.quantity>672.034228</out_Quantity.quantity></Point><Point><position>1811</position><in_Quantity.quantity>0.000000</in_Quantity.quantity><out_Quantity.quantity>988.000028</out_Quantity.quantity></Point><Point><position>1812</position><in_Quantity.quantity>0.000000</in_Quantity.quantity><out_Quantity.quantity>792.890226</out_Quantity.quantity></Point><Point><position>1813</position><in_Quantity.quantity>0.000000</in_Quantity.quantity><out_Quantity.quantity>272.077660</out_Quantity.quantity></Point><Point><position>1814</position><in_Quantity.quantity>0.000000</in_Quantity.quantity><out_Quantity.quantity>686.620943</out_Quantity.quantity></Point><Point><position>1815</position><in_Quantity.quantity>0.000000</in_Quantity.quantity><out_Quantity.quantity>111.552973</out_Quantity.quantity></Point><Point><position>1816</position><in_Quantity.quantity>0.000000</in_Quantity.quantity><out_Quantity.quantity>266.452673</out_Quantity.quantity></Point><Point><position>1817</position><in_Quantity.quantity>0.000000</in_Quantity.quantity><out_Quantity.quantity>883.456938</out_Quantity.quantity></Point><Point><position>1818</position><in_Quantity.quantity>0.000000</in_Quantity.quantity><out_Quantity.quantity>930.685827</out_Quantity.quantity></Point><Point><position>1819</position><in_Quantity.quantity>0.000000</in_Quantity.quantity><out_Quantity.quantity>113.166117</out_Quantity.quantity></Point><Point><position>1820</position><in_Quantity.quantity>0.000000</in_Quantity.quantity><out_Quantity.quantity>878.430441</out_Quantity.quantity></Point><Point><position>1821</position><in_Quantity.quantity>0.000000</in_Quantity.quantity><out_Quantity.quantity>121.238085</out_Quantity.quantity></Point><Point><position>1822</position><in_Quantity.quantity>0.000000</in_Quantity.quantity><out_Quantity.quantity>813.411765</out_Quantity.quantity></Point><Point><position>1823</position><in_Quantity.quantity>0.000000</in_Quantity.quantity><out_Quantity.quantity>410.072144</out_Quantity.quantity></Point><Point><position>1824</position><in_Quantity.quantity>0.000000</in_Quantity.quantity><out_Quantity.quantity>391.951494</out_Quantity.quantity></Point><Point><position>1825</position><in_Quantity.quantity>0.000000</in_Quantity.quantity><out_Quantity.quantity>822.567481</out_Quantity.quantity></Point><Point><position>1826</position><in_Quantity.quantity>0.000000</in_Quantity.quantity><out_Quantity.quantity>800.272737</out_Quantity.quantity></Point><Point><position>1827</position><in_Quantity.quantity>0.000000</in_Quantity.quantity><out_Quantity.quantity>246.239189</out_Quantity.quantity></Point><Point><position>1828</position><in_Quantity.quantity>0.000000</in_Quantity.quantity><out_Quantity.quantity>107.776419</out_Quantity.quantity></Point><Point><position>1829</position><in_Quantity.quantity>0.000000</in_Quantity.quantity><out_Quantity.quantity>319.247086</out_Quantity.quantity></Point><Point><position>1830</position><in_Quantity.quantity>0.000000</in_Quantity.quantity><out_Quantity.quantity>286.070572</out_Quantity.quantity></Point><Point><position>1831</position><in_Quantity.quantity>0.000000</in_Quantity.quantity><out_Quantity.quantity>20.425045</out_Quantity.quantity></Point><Point><position>1832</position><in_Quantity.quantity>0.000000</in_Quantity.quantity><out_Quantity.quantity>878.259979</out_Quantity.quantity></Point><Point><position>1833</position><in_Quantity.quantity>0.000000</in_Quantity.quantity><out_Quantity.quantity>177.723630</out_Quantity.quantity></Point><Point><position>1834</position><in_Quantity.quantity>0.000000</in_Quantity.quantity><out_Quantity.quantity>388.008699</out_Quantity.quantity></Point><Point><position>1835</position><in_Quantity.quantity>0.000000</in_Quantity.quantity><out_Quantity.quantity>691.038057</out_Quantity.quantity></Point><Point><position>1836</position><in_Quantity.quantity>0.000000</in_Quantity.quantity><out_Quantity.quantity>769.902473</out_Quantity.quantity></Point><Point><position>1837</position><in_Quantity.quantity>0.000000</in_Quantity.quantity><out_Quantity.quantity>327.861241</out_Quantity.quantity></Point><Point><position>1838</position><in_Quantity.quantity>0.000000</in_Quantity.quantity><out_Quantity.quantity>684.994908</out_Quantity.quantity></Point><Point><position>1839</position><in_Quantity.quantity>0.000000</in_Quantity.quantity><out_Quantity.quantity>268.761643</out_Quantity.quantity></Point><Point><position>1840</position><in_Quantity.quantity>0.000000</in_Quantity.quantity><out_Quantity.quantity>866.066256</out_Quantity.quantity></Point><Point><position>1841</position><in_Quantity.quantity>0.000000</in_Quantity.quantity><out_Quantity.quantity>418.487685</out_Quantity.quantity></Point><Point><position>1842</position><in_Quantity.quantity>0.000000</in_Quantity.quantity><out_Quantity.quantity>422.553598</out_Quantity.quantity></Point><Point><position>1843</position><in_Quantity.quantity>0.000000</in_Quantity.quantity><out_Quantity.quantity>111.902377</out_Quantity.quantity></Point><Point><position>1844</position><in_Quantity.quantity>0.000000</in_Quantity.quantity><out_Quantity.quantity>359.411710</out_Quantity.quantity></Point><Point><position>1845</position><in_Quantity.quantity>0.000000</in_Quantity.quantity><out_Quantity.quantity>781.480492</out_Quantity.quantity></Point><Point><position>1846</position><in_Quantity.quantity>0.000000</in_Quantity.quantity><out_Quantity.quantity>425.174652</out_Quantity.quantity></Point><Point><position>1847</position><in_Quantity.quantity>0.000000</in_Quantity.quantity><out_Quantity.quantity>265.395693</out_Quantity.quantity></Point><Point><position>1848</position><in_Quantity.quantity>0.000000</in_Quantity.quantity><out_Quantity.quantity>690.884190</out_Quantity.quantity></Point><Point><position>1849</position><in_Quantity.quantity>0.000000</in_Quantity.quantity><out_Quantity.quantity>532.823571</out_Quantity.quantity></Point><Point><position>1850</position><in_Quantity.quantity>0.000000</in_Quantity.quantity><out_Quantity.quantity>98.857647</out_Quantity.quantity></Point><Point><position>1851</position><in_Quantity.quantity>0.000000</in_Quantity.quantity><out_Quantity.quantity>912.716044</out_Quantity.quantity></Point><Point><position>1852</position><in_Quantity.quantity>0.000000</in_Quantity.quantity><out_Quantity.quantity>38.102089</out_Quantity.quantity></Point><Point><position>1853</position><in_Quantity.quantity>0.000000</in_Quantity.quantity><out_Quantity.quantity>920.348488</out_Quantity.quantity></Point><Point><position>1854</position><in_Quantity.quantity>0.000000</in_Quantity.quantity><out_Quantity.quantity>630.130078</out_Quantity.quantity></Point><Point><position>1855</position><in_Quantity.quantity>0.000000</in_Quantity.quantity><out_Quantity.quantity>330.489038</out_Quantity.quantity></Point><Point><position>1856</position><in_Quantity.quantity>0.000000</in_Quantity.quantity><out_Quantity.quantity>431.966061</out_Quantity.quantity></Point><Point><position>1857</position><in_Quantity.quantity>0.000000</in_Quantity.quantity><out_Quantity.quantity>378.081486</out_Quantity.quantity></Point><Point><position>1858</position><in_Quantity.quantity>0.000000</in_Quantity.quantity><out_Quantity.quantity>874.864995</out_Quantity.quantity></Point><Point><position>1859</position><in_Quantity.quantity>0.000000</in_Quantity.quantity><out_Quantity.quantity>640.317709</out_Quantity.quantity></Point><Point><position>1860</position><in_Quantity.quantity>0.000000</in_Quantity.quantity><out_Quantity.quantity>466.089097</out_Quantity.quantity></Point><Point><position>1861</position><in_Quantity.quantity>0.000000</in_Quantity.quantity><out_Quantity.quantity>975.109619</out_Quantity.quantity></Point><Point><position>1862</position><in_Quantity.quantity>0.000000</in_Quantity.quantity><out_Quantity.quantity>766.429576</out_Quantity.quantity></Point><Point><position>1863</position><in_Quantity.quantity>0.000000</in_Quantity.quantity><out_Quantity.quantity>845.894339</out_Quantity.quantity></Point><Point><position>1864</position><in_Quantity.quantity>0.000000</in_Quantity.quantity><out_Quantity.quantity>555.087269</out_Quantity.quantity></Point><Point><position>1865</position><in_Quantity.quantity>0.000000</in_Quantity.quantity><out_Quantity.quantity>952.752405</out_Quantity.quantity></Point><Point><position>1866</position><in_Quantity.quantity>0.000000</in_Quantity.quantity><out_Quantity.quantity>629.602806</out_Quantity.quantity></Point><Point><position>1867</position><in_Quantity.quantity>0.000000</in_Quantity.quantity><out_Quantity.quantity>31.288607</out_Quantity.quantity></Point><Point><position>1868</position><in_Quantity.quantity>0.000000</in_Quantity.quantity><out_Quantity.quantity>509.943635</out_Quantity.quantity></Point><Point><position>1869</position><in_Quantity.quantity>0.000000</in_Quantity.quantity><out_Quantity.quantity>62.252533</out_Quantity.quantity></Point><Point><position>1870</position><in_Quantity.quantity>0.000000</in_Quantity.quantity><out_Quantity.quantity>48.691305</out_Quantity.quantity></Point><Point><position>1871</position><in_Quantity.quantity>0.000000</in_Quantity.quantity><out_Quantity.quantity>499.037479</out_Quantity.quantity></Point><Point><position>1872</position><in_Quantity.quantity>0.000000</in_Quantity.quantity><out_Quantity.quantity>415.429625</out_Quantity.quantity></Point><Point><position>1873</position><in_Quantity.quantity>0.000000</in_Quantity.quantity><out_Quantity.quantity>686.942660</out_Quantity.quantity></Point><Point><position>1874</position><in_Quantity.quantity>0.000000</in_Quantity.quantity><out_Quantity.quantity>460.218332</out_Quantity.quantity></Point><Point><position>1875</position><in_Quantity.quantity>0.000000</in_Quantity.quantity><out_Quantity.quantity>645.982901</out_Quantity.quantity></Point><Point><position>1876</position><in_Quantity.quantity>0.000000</in_Quantity.quantity><out_Quantity.quantity>157.074146</out_Quantity.quantity></Point><Point><position>1877</position><in_Quantity.quantity>0.000000</in_Quantity.quantity><out_Quantity.quantity>531.635943</out_Quantity.quantity></Point><Point><position>1878</position><in_Quantity.quantity>0.000000</in_Quantity.quantity><out_Quantity.quantity>359.145298</out_Quantity.quantity></Point><Point><position>1879</position><in_Quantity.quantity>0.000000</in_Quantity.quantity><out_Quantity.quantity>577.554174</out_Quantity.quantity></Point><Point><position>1880</position><in_Quantity.quantity>0.000000</in_Quantity.quantity><out_Quantity.quantity>879.004436</out_Quantity.quantity></Point><Point><position>1881</position><in_Quantity.quantity>0.000000</in_Quantity.quantity><out_Quantity.quantity>34.463560</out_Quantity.quantity></Point><Point><position>1882</position><in_Quantity.quantity>0.000000</in_Quantity.quantity><out_Quantity.quantity>602.452011</out_Quantity.quantity></Point><Point><position>1883</position><in_Quantity.quantity>0.000000</in_Quantity.quantity><out_Quantity.quantity>970.111863</out_Quantity.quantity></Point><Point><position>1884</position><in_Quantity.quantity>0.000000</in_Quantity.quantity><out_Quantity.quantity>788.710440</out_Quantity.quantity></Point><Point><position>1885</position><in_Quantity.quantity>0.000000</in_Quantity.quantity><out_Quantity.quantity>670.024049</out_Quantity.quantity></Point><Point><position>1886</position><in_Quantity.quantity>0.000000</in_Quantity.quantity><out_Quantity.quantity>145.386671</out_Quantity.quantity></Point><Point><position>1887</position><in_Quantity.quantity>0.000000</in_Quantity.quantity><out_Quantity.quantity>0.479951</out_Quantity.quantity></Point><Point><position>1888</position><in_Quantity.quantity>0.000000</in_Quantity.quantity><out_Quantity.quantity>120.496532</out_Quantity.quantity></Point><Point><position>1889</position><in_Quantity.quantity>0.000000</in_Quantity.quantity><out_Quantity.quantity>679.331170</out_Quantity.quantity></Point><Point><position>1890</position><in_Quantity.quantity>0.000000</in_Quantity.quantity><out_Quantity.quantity>304.319710</out_Quantity.quantity></Point><Point><position>1891</position><in_Quantity.quantity>0.000000</in_Quantity.quantity><out_Quantity.quantity>220.762960</out_Quantity.quantity></Point><Point><position>1892</position><in_Quantity.quantity>0.000000</in_Quantity.quantity><out_Quantity.quantity>194.842454</out_Quantity.quantity></Point><Point><position>1893</position><in_Quantity.quantity>0.000000</in_Quantity.quantity><out_Quantity.quantity>631.499103</out_Quantity.quantity></Point><Point><position>1894</position><in_Quantity.quantity>0.000000</in_Quantity.quantity><out_Quantity.quantity>113.302116</out_Quantity.quantity></Point><Point><position>1895</position><in_Quantity.quantity>0.000000</in_Quantity.quantity><out_Quantity.quantity>962.006563</out_Quantity.quantity></Point><Point><position>1896</position><in_Quantity.quantity>0.000000</in_Quantity.quantity><out_Quantity.quantity>590.755385</out_Quantity.quantity></Point><Point><position>1897</position><in_Quantity.quantity>0.000000</in_Quantity.quantity><out_Quantity.quantity>440.398372</out_Quantity.quantity></Point><Point><position>1898</position><in_Quantity.quantity>0.000000</in_Quantity.quantity><out_Quantity.quantity>907.489526</out_Quantity.quantity></Point><Point><position>1899</position><in_Quantity.quantity>0.000000</in_Quantity.quantity><out_Quantity.quantity>263.967096</out_Quantity.quantity></Point><Point><position>1900</position><in_Quantity.quantity>0.000000</in_Quantity.quantity><out_Quantity.quantity>9.223924</out_Quantity.quantity></Point><Point><position>1901</position><in_Quantity.quantity>0.000000</in_Quantity.quantity><out_Quantity.quantity>321.569180</out_Quantity.quantity></Point><Point><position>1902</position><in_Quantity.quantity>0.000000</in_Quantity.quantity><out_Quantity.quantity>11.030070</out_Quantity.quantity></Point><Point><position>1903</position><in_Quantity.quantity>0.000000</in_Quantity.quantity><out_Quantity.quantity>714.812410</out_Quantity.quantity></Point><Point><position>1904</position><in_Quantity.quantity>0.000000</in_Quantity.quantity><out_Quantity.quantity>220.152371</out_Quantity.quantity></Point><Point><position>1905</position><in_Quantity.quantity>0.000000</in_Quantity.quantity><out_Quantity.quantity>364.242397</out_Quantity.quantity></Point><Point><position>1906</position><in_Quantity.quantity>0.000000</in_Quantity.quantity><out_Quantity.quantity>417.064481</out_Quantity.quantity></Point><Point><position>1907</position><in_Quantity.quantity>0.000000</in_Quantity.quantity><out_Quantity.quantity>163.208988</out_Quantity.quantity></Point><Point><position>1908</position><in_Quantity.quantity>0.000000</in_Quantity.quantity><out_Quantity.quantity>612.992270</out_Quantity.quantity></Point><Point><position>1909</position><in_Quantity.quantity>0.000000</in_Quantity.quantity><out_Quantity.quantity>649.398419</out_Quantity.quantity></Point><Point><position>1910</position><in_Quantity.quantity>0.000000</in_Quantity.quantity><out_Quantity.quantity>403.967187</out_Quantity.quantity></Point><Point><position>1911</position><in_Quantity.quantity>0.000000</in_Quantity.quantity><out_Quantity.quantity>457.472385</out_Quantity.quantity></Point><Point><position>1912</position><in_Quantity.quantity>0.000000</in_Quantity.quantity><out_Quantity.quantity>516.429033</out_Quantity.quantity></Point><Point><position>1913</position><in_Quantity.quantity>0.000000</in_Quantity.quantity><out_Quantity.quantity>985.672166</out_Quantity.quantity></Point><Point><position>1914</position><in_Quantity.quantity>0.000000</in_Quantity.quantity><out_Quantity.quantity>744.016200</out_Quantity.quantity></Point><Point><position>1915</position><in_Quantity.quantity>0.000000</in_Quantity.quantity><out_Quantity.quantity>689.723815</out_Quantity.quantity></Point><Point><position>1916</position><in_Quantity.quantity>0.000000</in_Quantity.quantity><out_Quantity.quantity>765.735728</out_Quantity.quantity></Point><Point><position>1917</position><in_Quantity.quantity>0.000000</in_Quantity.quantity><out_Quantity.quantity>582.519302</out_Quantity.quantity></Point><Point><position>1918</position><in_Quantity.quantity>0.000000</in_Quantity.quantity><out_Quantity.quantity>169.408248</out_Quantity.quantity></Point><Point><position>1919</position><in_Quantity.quantity>0.000000</in_Quantity.quantity><out_Quantity.quantity>358.357885</out_Quantity.quantity></Point><Point><position>1920</position><in_Quantity.quantity>0.000000</in_Quantity.quantity><out_Quantity.quantity>983.633194</out_Quantity.quantity></Point><Point><position>1921</position><in_Quantity.quantity>0.000000</in_Quantity.quantity><out_Quantity.quantity>223.507955</out_Quantity.quantity></Point><Point><position>1922</position><in_Quantity.quantity>0.000000</in_Quantity.quantity><out_Quantity.quantity>283.545715</out_Quantity.quantity></Point><Point><position>1923</position><in_Quantity.quantity>0.000000</in_Quantity.quantity><out_Quantity.quantity>721.687952</out_Quantity.quantity></Point><Point><position>1924</position><in_Quantity.quantity>0.000000</in_Quantity.quantity><out_Quantity.quantity>261.807502</out_Quantity.quantity></Point><Point><position>1925</position><in_Quantity.quantity>0.000000</in_Quantity.quantity><out_Quantity.quantity>185.892866</out_Quantity.quantity></Point><Point><position>1926</position><in_Quantity.quantity>0.000000</in_Quantity.quantity><out_Quantity.quantity>569.531038</out_Quantity.quantity></Point><Point><position>1927</position><in_Quantity.quantity>0.000000</in_Quantity.quantity><out_Quantity.quantity>830.026631</out_Quantity.quantity></Point><Point><position>1928</position><in_Quantity.quantity>0.000000</in_Quantity.quantity><out_Quantity.quantity>930.600499</out_Quantity.quantity></Point><Point><position>1929</position><in_Quantity.quantity>0.000000</in_Quantity.quantity><out_Quantity.quantity>255.278400</out_Quantity.quantity></Point><Point><position>1930</position><in_Quantity.quantity>0.000000</in_Quantity.quantity><out_Quantity.quantity>237.043884</out_Quantity.quantity></Point><Point><position>1931</position><in_Quantity.quantity>0.000000</in_Quantity.quantity><out_Quantity.quantity>84.669194</out_Quantity.quantity></Point><Point><position>1932</position><in_Quantity.quantity>0.000000</in_Quantity.quantity><out_Quantity.quantity>967.951179</out_Quantity.quantity></Point><Point><position>1933</position><in_Quantity.quantity>0.000000</in_Quantity.quantity><out_Quantity.quantity>301.885255</out_Quantity.quantity></Point><Point><position>1934</position><in_Quantity.quantity>0.000000</in_Quantity.quantity><out_Quantity.quantity>706.910404</out_Quantity.quantity></Point><Point><position>1935</position><in_Quantity.quantity>0.000000</in_Quantity.quantity><out_Quantity.quantity>450.870923</out_Quantity.quantity></Point><Point><position>1936</position><in_Quantity.quantity>0.000000</in_Quantity.quantity><out_Quantity.quantity>624.856696</out_Quantity.quantity></Point><Point><position>1937</position><in_Quantity.quantity>0.000000</in_Quantity.quantity><out_Quantity.quantity>915.659652</out_Quantity.quantity></Point><Point><position>1938</position><in_Quantity.quantity>0.000000</in_Quantity.quantity><out_Quantity.quantity>858.550414</out_Quantity.quantity></Point><Point><position>1939</position><in_Quantity.quantity>0.000000</in_Quantity.quantity><out_Quantity.quantity>48.854544</out_Quantity.quantity></Point><Point><position>1940</position><in_Quantity.quantity>0.000000</in_Quantity.quantity><out_Quantity.quantity>166.626929</out_Quantity.quantity></Point><Point><position>1941</position><in_Quantity.quantity>0.000000</in_Quantity.quantity><out_Quantity.quantity>868.733626</out_Quantity.quantity></Point><Point><position>1942</position><in_Quantity.quantity>0.000000</in_Quantity.quantity><out_Quantity.quantity>534.634386</out_Quantity.quantity></Point><Point><position>1943</position><in_Quantity.quantity>0.000000</in_Quantity.quantity><out_Quantity.quantity>601.239624</out_Quantity.quantity></Point><Point><position>1944</position><in_Quantity.quantity>0.000000</in_Quantity.quantity><out_Quantity.quantity>466.859200</out_Quantity.quantity></Point><Point><position>1945</position><in_Quantity.quantity>0.000000</in_Quantity.quantity><out_Quantity.quantity>197.355474</out_Quantity.quantity></Point><Point><position>1946</position><in_Quantity.quantity>0.000000</in_Quantity.quantity><out_Quantity.quantity>698.272104</out_Quantity.quantity></Point><Point><position>1947</position><in_Quantity.quantity>0.000000</in_Quantity.quantity><out_Quantity.quantity>414.478993</out_Quantity.quantity></Point><Point><position>1948</position><in_Quantity.quantity>0.000000</in_Quantity.quantity><out_Quantity.quantity>386.952666</out_Quantity.quantity></Point><Point><position>1949</position><in_Quantity.quantity>0.000000</in_Quantity.quantity><out_Quantity.quantity>510.676398</out_Quantity.quantity></Point><Point><position>1950</position><in_Quantity.quantity>0.000000</in_Quantity.quantity><out_Quantity.quantity>343.172597</out_Quantity.quantity></Point><Point><position>1951</position><in_Quantity.quantity>0.000000</in_Quantity.quantity><out_Quantity.quantity>297.705686</out_Quantity.quantity></Point><Point><position>1952</position><in_Quantity.quantity>0.000000</in_Quantity.quantity><out_Quantity.quantity>162.744793</out_Quantity.quantity></Point><Point><position>1953</position><in_Quantity.quantity>0.000000</in_Quantity.quantity><out_Quantity.quantity>419.477927</out_Quantity.quantity></Point><Point><position>1954</position><in_Quantity.quantity>0.000000</in_Quantity.quantity><out_Quantity.quantity>32.807108</out_Quantity.quantity></Point><Point><position>1955</position><in_Quantity.quantity>0.000000</in_Quantity.quantity><out_Quantity.quantity>753.200607</out_Quantity.quantity></Point><Point><position>1956</position><in_Quantity.quantity>0.000000</in_Quantity.quantity><out_Quantity.quantity>406.653016</out_Quantity.quantity></Point><Point><position>1957</position><in_Quantity.quantity>0.000000</in_Quantity.quantity><out_Quantity.quantity>808.896003</out_Quantity.quantity></Point><Point><position>1958</position><in_Quantity.quantity>0.000000</in_Quantity.quantity><out_Quantity.quantity>28.450772</out_Quantity.quantity></Point><Point><position>1959</position><in_Quantity.quantity>0.000000</in_Quantity.quantity><out_Quantity.quantity>334.330081</out_Quantity.quantity></Point><Point><position>1960</position><in_Quantity.quantity>0.000000</in_Quantity.quantity><out_Quantity.quantity>692.594408</out_Quantity.quantity></Point><Point><position>1961</position><in_Quantity.quantity>0.000000</in_Quantity.quantity><out_Quantity.quantity>734.248487</out_Quantity.quantity></Point><Point><position>1962</position><in_Quantity.quantity>0.000000</in_Quantity.quantity><out_Quantity.quantity>477.965805</out_Quantity.quantity></Point><Point><position>1963</position><in_Quantity.quantity>0.000000</in_Quantity.quantity><out_Quantity.quantity>582.002213</out_Quantity.quantity></Point><Point><position>1964</position><in_Quantity.quantity>0.000000</in_Quantity.quantity><out_Quantity.quantity>5.806416</out_Quantity.quantity></Point><Point><position>1965</position><in_Quantity.quantity>0.000000</in_Quantity.quantity><out_Quantity.quantity>571.742136</out_Quantity.quantity></Point><Point><position>1966</position><in_Quantity.quantity>0.000000</in_Quantity.quantity><out_Quantity.quantity>158.659128</out_Quantity.quantity></Point><Point><position>1967</position><in_Quantity.quantity>0.000000</in_Quantity.quantity><out_Quantity.quantity>537.278844</out_Quantity.quantity></Point><Point><position>1968</position><in_Quantity.quantity>0.000000</in_Quantity.quantity><out_Quantity.quantity>906.711919</out_Quantity.quantity></Point><Point><position>1969</position><in_Quantity.quantity>0.000000</in_Quantity.quantity><out_Quantity.quantity>456.964503</out_Quantity.quantity></Point><Point><position>1970</position><in_Quantity.quantity>0.000000</in_Quantity.quantity><out_Quantity.quantity>610.136286</out_Quantity.quantity></Point><Point><position>1971</position><in_Quantity.quantity>0.000000</in_Quantity.quantity><out_Quantity.quantity>514.091022</out_Quantity.quantity></Point><Point><position>1972</position><in_Quantity.quantity>0.000000</in_Quantity.quantity><out_Quantity.quantity>455.186542</out_Quantity.quantity></Point><Point><position>1973</position><in_Quantity.quantity>0.000000</in_Quantity.quantity><out_Quantity.quantity>308.710619</out_Quantity.quantity></Point><Point><position>1974</position><in_Quantity.quantity>0.000000</in_Quantity.quantity><out_Quantity.quantity>929.036976</out_Quantity.quantity></Point><Point><position>1975</position><in_Quantity.quantity>0.000000</in_Quantity.quantity><out_Quantity.quantity>856.458106</out_Quantity.quantity></Point><Point><position>1976</position><in_Quantity.quantity>0.000000</in_Quantity.quantity><out_Quantity.quantity>421.438907</out_Quantity.quantity></Point><Point><position>1977</position><in_Quantity.quantity>0.000000</in_Quantity.quantity><out_Quantity.quantity>754.278515</out_Quantity.quantity></Point><Point><position>1978</position><in_Quantity.quantity>0.000000</in_Quantity.quantity><out_Quantity.quantity>852.628088</out_Quantity.quantity></Point><Point><position>1979</position><in_Quantity.quantity>0.000000</in_Quantity.quantity><out_Quantity.quantity>318.828079</out_Quantity.quantity></Point><Point><position>1980</position><in_Quantity.quantity>0.000000</in_Quantity.quantity><out_Quantity.quantity>819.678114</out_Quantity.quantity></Point><Point><position>1981</position><in_Quantity.quantity>0.000000</in_Quantity.quantity><out_Quantity.quantity>810.075200</out_Quantity.quantity></Point><Point><position>1982</position><in_Quantity.quantity>0.000000</in_Quantity.quantity><out_Quantity.quantity>227.755030</out_Quantity.quantity></Point><Point><position>1983</position><in_Quantity.quantity>0.000000</in_Quantity.quantity><out_Quantity.quantity>591.818718</out_Quantity.quantity></Point><Point><position>1984</position><in_Quantity.quantity>0.000000</in_Quantity.quantity><out_Quantity.quantity>781.357119</out_Quantity.quantity></Point><Point><position>1985</position><in_Quantity.quantity>0.000000</in_Quantity.quantity><out_Quantity.quantity>51.924989</out_Quantity.quantity></Point><Point><position>1986</position><in_Quantity.quantity>0.000000</in_Quantity.quantity><out_Quantity.quantity>622.558115</out_Quantity.quantity></Point><Point><position>1987</position><in_Quantity.quantity>0.000000</in_Quantity.quantity><out_Quantity.quantity>955.341719</out_Quantity.quantity></Point><Point><position>1988</position><in_Quantity.quantity>0.000000</in_Quantity.quantity><out_Quantity.quantity>868.803418</out_Quantity.quantity></Point><Point><position>1989</position><in_Quantity.quantity>0.000000</in_Quantity.quantity><out_Quantity.quantity>694.843114</out_Quantity.quantity></Point><Point><position>1990</position><in_Quantity.quantity>0.000000</in_Quantity.quantity><out_Quantity.quantity>231.758777</out_Quantity.quantity></Point><Point><position>1991</position><in_Quantity.quantity>0.000000</in_Quantity.quantity><out_Quantity.quantity>746.294180</out_Quantity.quantity></Point><Point><position>1992</position><in_Quantity.quantity>0.000000</in_Quantity.quantity><out_Quantity.quantity>283.197745</out_Quantity.quantity></Point><Point><position>1993</position><in_Quantity.quantity>0.000000</in_Quantity.quantity><out_Quantity.quantity>466.294744</out_Quantity.quantity></Point><Point><position>1994</position><in_Quantity.quantity>0.000000</in_Quantity.quantity><out_Quantity.quantity>318.046457</out_Quantity.quantity></Point><Point><position>1995</position><in_Quantity.quantity>0.000000</in_Quantity.quantity><out_Quantity.quantity>619.242712</out_Quantity.quantity></Point><Point><position>1996</position><in_Quantity.quantity>0.000000</in_Quantity.quantity><out_Quantity.quantity>496.638788</out_Quantity.quantity></Point><Point><position>1997</position><in_Quantity.quantity>0.000000</in_Quantity.quantity><out_Quantity.quantity>110.456446</out_Quantity.quantity></Point><Point><position>1998</position><in_Quantity.quantity>0.000000</in_Quantity.quantity><out_Quantity.quantity>354.886465</out_Quantity.quantity></Point><Point><position>1999</position><in_Quantity.quantity>0.000000</in_Quantity.quantity><out_Quantity.quantity>818.367095</out_Quantity.quantity></Point><Point><position>2000</position><in_Quantity.quantity>0.000000</in_Quantity.quantity><out_Quantity.quantity>728.095316</out_Quantity.quantity></Point><Point><position>2001</position><in_Quantity.quantity>0.000000</in_Quantity.quantity><out_Quantity.quantity>240.743754</out_Quantity.quantity></Point><Point><position>2002</position><in_Quantity.quantity>0.000000</in_Quantity.quantity><out_Quantity.quantity>497.532178</out_Quantity.quantity></Point><Point><position>2003</position><in_Quantity.quantity>0.000000</in_Quantity.quantity><out_Quantity.quantity>18.868212</out_Quantity.quantity></Point><Point><position>2004</position><in_Quantity.quantity>0.000000</in_Quantity.quantity><out_Quantity.quantity>118.664992</out_Quantity.quantity></Point><Point><position>2005</position><in_Quantity.quantity>0.000000</in_Quantity.quantity><out_Quantity.quantity>156.301423</out_Quantity.quantity></Point><Point><position>2006</position><in_Quantity.quantity>0.000000</in_Quantity.quantity><out_Quantity.quantity>200.814415</out_Quantity.quantity></Point><Point><position>2007</position><in_Quantity.quantity>0.000000</in_Quantity.quantity><out_Quantity.quantity>420.192941</out_Quantity.quantity></Point><Point><position>2008</position><in_Quantity.quantity>0.000000</in_Quantity.quantity><out_Quantity.quantity>495.103882</out_Quantity.quantity></Point><Point><position>2009</position><in_Quantity.quantity>0.000000</in_Quantity.quantity><out_Quantity.quantity>564.740615</out_Quantity.quantity></Point><Point><position>2010</position><in_Quantity.quantity>0.000000</in_Quantity.quantity><out_Quantity.quantity>740.071593</out_Quantity.quantity></Point><Point><position>2011</position><in_Quantity.quantity>0.000000</in_Quantity.quantity><out_Quantity.quantity>739.465112</out_Quantity.quantity></Point><Point><position>2012</position><in_Quantity.quantity>0.000000</in_Quantity.quantity><out_Quantity.quantity>257.370742</out_Quantity.quantity></Point><Point><position>2013</position><in_Quantity.quantity>0.000000</in_Quantity.quantity><out_Quantity.quantity>953.035264</out_Quantity.quantity></Point><Point><position>2014</position><in_Quantity.quantity>0.000000</in_Quantity.quantity><out_Quantity.quantity>220.565552</out_Quantity.quantity></Point><Point><position>2015</position><in_Quantity.quantity>0.000000</in_Quantity.quantity><out_Quantity.quantity>518.915848</out_Quantity.quantity></Point><Point><position>2016</position><in_Quantity.quantity>0.000000</in_Quantity.quantity><out_Quantity.quantity>377.459394</out_Quantity.quantity></Point><Point><position>2017</position><in_Quantity.quantity>0.000000</in_Quantity.quantity><out_Quantity.quantity>440.351434</out_Quantity.quantity></Point><Point><position>2018</position><in_Quantity.quantity>0.000000</in_Quantity.quantity><out_Quantity.quantity>771.370225</out_Quantity.quantity></Point><Point><position>2019</position><in_Quantity.quantity>0.000000</in_Quantity.quantity><out_Quantity.quantity>419.474934</out_Quantity.quantity></Point><Point><position>2020</position><in_Quantity.quantity>0.000000</in_Quantity.quantity><out_Quantity.quantity>759.378167</out_Quantity.quantity></Point><Point><position>2021</position><in_Quantity.quantity>0.000000</in_Quantity.quantity><out_Quantity.quantity>570.298669</out_Quantity.quantity></Point><Point><position>2022</position><in_Quantity.quantity>0.000000</in_Quantity.quantity><out_Quantity.quantity>452.590545</out_Quantity.quantity></Point><Point><position>2023</position><in_Quantity.quantity>0.000000</in_Quantity.quantity><out_Quantity.quantity>704.428163</out_Quantity.quantity></Point><Point><position>2024</position><in_Quantity.quantity>0.000000</in_Quantity.quantity><out_Quantity.quantity>130.485356</out_Quantity.quantity></Point><Point><position>2025</position><in_Quantity.quantity>0.000000</in_Quantity.quantity><out_Quantity.quantity>234.499540</out_Quantity.quantity></Point><Point><position>2026</position><in_Quantity.quantity>0.000000</in_Quantity.quantity><out_Quantity.quantity>605.063574</out_Quantity.quantity></Point><Point><position>2027</position><in_Quantity.quantity>0.000000</in_Quantity.quantity><out_Quantity.quantity>564.204383</out_Quantity.quantity></Point><Point><position>2028</position><in_Quantity.quantity>0.000000</in_Quantity.quantity><out_Quantity.quantity>513.789147</out_Quantity.quantity></Point><Point><position>2029</position><in_Quantity.quantity>0.000000</in_Quantity.quantity><out_Quantity.quantity>681.712007</out_Quantity.quantity></Point><Point><position>2030</position><in_Quantity.quantity>0.000000</in_Quantity.quantity><out_Quantity.quantity>84.486130</out_Quantity.quantity></Point><Point><position>2031</position><in_Quantity.quantity>0.000000</in_Quantity.quantity><out_Quantity.quantity>787.416905</out_Quantity.quantity></Point><Point><position>2032</position><in_Quantity.quantity>0.000000</in_Quantity.quantity><out_Quantity.quantity>950.956339</out_Quantity.quantity></Point><Point><position>2033</position><in_Quantity.quantity>0.000000</in_Quantity.quantity><out_Quantity.quantity>555.838894</out_Quantity.quantity></Point><Point><position>2034</position><in_Quantity.quantity>0.000000</in_Quantity.quantity><out_Quantity.quantity>226.184282</out_Quantity.quantity></Point><Point><position>2035</position><in_Quantity.quantity>0.000000</in_Quantity.quantity><out_Quantity.quantity>838.297664</out_Quantity.quantity></Point><Point><position>2036</position><in_Quantity.quantity>0.000000</in_Quantity.quantity><out_Quantity.quantity>914.997736</out_Quantity.quantity></Point><Point><position>2037</position><in_Quantity.quantity>0.000000</in_Quantity.quantity><out_Quantity.quantity>912.476185</out_Quantity.quantity></Point><Point><position>2038</position><in_Quantity.quantity>0.000000</in_Quantity.quantity><out_Quantity.quantity>625.861985</out_Quantity.quantity></Point><Point><position>2039</position><in_Quantity.quantity>0.000000</in_Quantity.quantity><out_Quantity.quantity>632.116622</out_Quantity.quantity></Point><Point><position>2040</position><in_Quantity.quantity>0.000000</in_Quantity.quantity><out_Quantity.quantity>27.041083</out_Quantity.quantity></Point><Point><position>2041</position><in_Quantity.quantity>0.000000</in_Quantity.quantity><out_Quantity.quantity>620.151852</out_Quantity.quantity></Point><Point><position>2042</position><in_Quantity.quantity>0.000000</in_Quantity.quantity><out_Quantity.quantity>757.727057</out_Quantity.quantity></Point><Point><position>2043</position><in_Quantity.quantity>0.000000</in_Quantity.quantity><out_Quantity.quantity>854.603567</out_Quantity.quantity></Point><Point><position>2044</position><in_Quantity.quantity>0.000000</in_Quantity.quantity><out_Quantity.quantity>41.600016</out_Quantity.quantity></Point><Point><position>2045</position><in_Quantity.quantity>0.000000</in_Quantity.quantity><out_Quantity.quantity>434.981824</out_Quantity.quantity></Point><Point><position>2046</position><in_Quantity.quantity>0.000000</in_Quantity.quantity><out_Quantity.quantity>770.850976</out_Quantity.quantity></Point><Point><position>2047</position><in_Quantity.quantity>0.000000</in_Quantity.quantity><out_Quantity.quantity>22.172100</out_Quantity.quantity></Point><Point><position>2048</position><in_Quantity.quantity>0.000000</in_Quantity.quantity><out_Quantity.quantity>93.080990</out_Quantity.quantity></Point><Point><position>2049</position><in_Quantity.quantity>0.000000</in_Quantity.quantity><out_Quantity.quantity>371.918546</out_Quantity.quantity></Point><Point><position>2050</position><in_Quantity.quantity>0.000000</in_Quantity.quantity><out_Quantity.quantity>963.076620</out_Quantity.quantity></Point><Point><position>2051</position><in_Quantity.quantity>0.000000</in_Quantity.quantity><out_Quantity.quantity>592.627502</out_Quantity.quantity></Point><Point><position>2052</position><in_Quantity.quantity>0.000000</in_Quantity.quantity><out_Quantity.quantity>579.305573</out_Quantity.quantity></Point><Point><position>2053</position><in_Quantity.quantity>0.000000</in_Quantity.quantity><out_Quantity.quantity>348.673372</out_Quantity.quantity></Point><Point><position>2054</position><in_Quantity.quantity>0.000000</in_Quantity.quantity><out_Quantity.quantity>613.528608</out_Quantity.quantity></Point><Point><position>2055</position><in_Quantity.quantity>0.000000</in_Quantity.quantity><out_Quantity.quantity>894.675431</out_Quantity.quantity></Point><Point><position>2056</position><in_Quantity.quantity>0.000000</in_Quantity.quantity><out_Quantity.quantity>578.621969</out_Quantity.quantity></Point><Point><position>2057</position><in_Quantity.quantity>0.000000</in_Quantity.quantity><out_Quantity.quantity>326.358457</out_Quantity.quantity></Point><Point><position>2058</position><in_Quantity.quantity>0.000000</in_Quantity.quantity><out_Quantity.quantity>656.693124</out_Quantity.quantity></Point><Point><position>2059</position><in_Quantity.quantity>0.000000</in_Quantity.quantity><out_Quantity.quantity>259.884239</out_Quantity.quantity></Point><Point><position>2060</position><in_Quantity.quantity>0.000000</in_Quantity.quantity><out_Quantity.quantity>37.252819</out_Quantity.quantity></Point><Point><position>2061</position><in_Quantity.quantity>0.000000</in_Quantity.quantity><out_Quantity.quantity>719.593965</out_Quantity.quantity></Point><Point><position>2062</position><in_Quantity.quantity>0.000000</in_Quantity.quantity><out_Quantity.quantity>548.319552</out_Quantity.quantity></Point><Point><position>2063</position><in_Quantity.quantity>0.000000</in_Quantity.quantity><out_Quantity.quantity>966.035625</out_Quantity.quantity></Point><Point><position>2064</position><in_Quantity.quantity>0.000000</in_Quantity.quantity><out_Quantity.quantity>475.987830</out_Quantity.quantity></Point><Point><position>2065</position><in_Quantity.quantity>0.000000</in_Quantity.quantity><out_Quantity.quantity>969.944601</out_Quantity.quantity></Point><Point><position>2066</position><in_Quantity.quantity>0.000000</in_Quantity.quantity><out_Quantity.quantity>286.299331</out_Quantity.quantity></Point><Point><position>2067</position><in_Quantity.quantity>0.000000</in_Quantity.quantity><out_Quantity.quantity>104.354339</out_Quantity.quantity></Point><Point><position>2068</position><in_Quantity.quantity>0.000000</in_Quantity.quantity><out_Quantity.quantity>253.220517</out_Quantity.quantity></Point><Point><position>2069</position><in_Quantity.quantity>0.000000</in_Quantity.quantity><out_Quantity.quantity>469.626826</out_Quantity.quantity></Point><Point><position>2070</position><in_Quantity.quantity>0.000000</in_Quantity.quantity><out_Quantity.quantity>712.172201</out_Quantity.quantity></Point><Point><position>2071</position><in_Quantity.quantity>0.000000</in_Quantity.quantity><out_Quantity.quantity>913.159875</out_Quantity.quantity></Point><Point><position>2072</position><in_Quantity.quantity>0.000000</in_Quantity.quantity><out_Quantity.quantity>850.018065</out_Quantity.quantity></Point><Point><position>2073</position><in_Quantity.quantity>0.000000</in_Quantity.quantity><out_Quantity.quantity>534.345684</out_Quantity.quantity></Point><Point><position>2074</position><in_Quantity.quantity>0.000000</in_Quantity.quantity><out_Quantity.quantity>132.473444</out_Quantity.quantity></Point><Point><position>2075</position><in_Quantity.quantity>0.000000</in_Quantity.quantity><out_Quantity.quantity>674.473364</out_Quantity.quantity></Point><Point><position>2076</position><in_Quantity.quantity>0.000000</in_Quantity.quantity><out_Quantity.quantity>735.259943</out_Quantity.quantity></Point><Point><position>2077</position><in_Quantity.quantity>0.000000</in_Quantity.quantity><out_Quantity.quantity>319.090402</out_Quantity.quantity></Point><Point><position>2078</position><in_Quantity.quantity>0.000000</in_Quantity.quantity><out_Quantity.quantity>678.385361</out_Quantity.quantity></Point><Point><position>2079</position><in_Quantity.quantity>0.000000</in_Quantity.quantity><out_Quantity.quantity>297.675937</out_Quantity.quantity></Point><Point><position>2080</position><in_Quantity.quantity>0.000000</in_Quantity.quantity><out_Quantity.quantity>385.562149</out_Quantity.quantity></Point><Point><position>2081</position><in_Quantity.quantity>0.000000</in_Quantity.quantity><out_Quantity.quantity>474.075113</out_Quantity.quantity></Point><Point><position>2082</position><in_Quantity.quantity>0.000000</in_Quantity.quantity><out_Quantity.quantity>188.001501</out_Quantity.quantity></Point><Point><position>2083</position><in_Quantity.quantity>0.000000</in_Quantity.quantity><out_Quantity.quantity>491.446495</out_Quantity.quantity></Point><Point><position>2084</position><in_Quantity.quantity>0.000000</in_Quantity.quantity><out_Quantity.quantity>311.365455</out_Quantity.quantity></Point><Point><position>2085</position><in_Quantity.quantity>0.000000</in_Quantity.quantity><out_Quantity.quantity>389.600192</out_Quantity.quantity></Point><Point><position>2086</position><in_Quantity.quantity>0.000000</in_Quantity.quantity><out_Quantity.quantity>13.040296</out_Quantity.quantity></Point><Point><position>2087</position><in_Quantity.quantity>0.000000</in_Quantity.quantity><out_Quantity.quantity>784.747558</out_Quantity.quantity></Point><Point><position>2088</position><in_Quantity.quantity>0.000000</in_Quantity.quantity><out_Quantity.quantity>221.193074</out_Quantity.quantity></Point><Point><position>2089</position><in_Quantity.quantity>0.000000</in_Quantity.quantity><out_Quantity.quantity>636.395574</out_Quantity.quantity></Point><Point><position>2090</position><in_Quantity.quantity>0.000000</in_Quantity.quantity><out_Quantity.quantity>904.146419</out_Quantity.quantity></Point><Point><position>2091</position><in_Quantity.quantity>0.000000</in_Quantity.quantity><out_Quantity.quantity>743.255317</out_Quantity.quantity></Point><Point><position>2092</position><in_Quantity.quantity>0.000000</in_Quantity.quantity><out_Quantity.quantity>19.486029</out_Quantity.quantity></Point><Point><position>2093</position><in_Quantity.quantity>0.000000</in_Quantity.quantity><out_Quantity.quantity>329.295196</out_Quantity.quantity></Point><Point><position>2094</position><in_Quantity.quantity>0.000000</in_Quantity.quantity><out_Quantity.quantity>439.315952</out_Quantity.quantity></Point><Point><position>2095</position><in_Quantity.quantity>0.000000</in_Quantity.quantity><out_Quantity.quantity>245.356403</out_Quantity.quantity></Point><Point><position>2096</position><in_Quantity.quantity>0.000000</in_Quantity.quantity><out_Quantity.quantity>786.928616</out_Quantity.quantity></Point><Point><position>2097</position><in_Quantity.quantity>0.000000</in_Quantity.quantity><out_Quantity.quantity>54.500176</out_Quantity.quantity></Point><Point><position>2098</position><in_Quantity.quantity>0.000000</in_Quantity.quantity><out_Quantity.quantity>651.687183</out_Quantity.quantity></Point><Point><position>2099</position><in_Quantity.quantity>0.000000</in_Quantity.quantity><out_Quantity.quantity>475.623192</out_Quantity.quantity></Point><Point><position>2100</position><in_Quantity.quantity>0.000000</in_Quantity.quantity><out_Quantity.quantity>6.573945</out_Quantity.quantity></Point><Point><position>2101</position><in_Quantity.quantity>0.000000</in_Quantity.quantity><out_Quantity.quantity>8.015818</out_Quantity.quantity></Point><Point><position>2102</position><in_Quantity.quantity>0.000000</in_Quantity.quantity><out_Quantity.quantity>398.653187</out_Quantity.quantity></Point><Point><position>2103</position><in_Quantity.quantity>0.000000</in_Quantity.quantity><out_Quantity.quantity>351.040209</out_Quantity.quantity></Point><Point><position>2104</position><in_Quantity.quantity>0.000000</in_Quantity.quantity><out_Quantity.quantity>895.250814</out_Quantity.quantity></Point><Point><position>2105</position><in_Quantity.quantity>0.000000</in_Quantity.quantity><out_Quantity.quantity>973.093406</out_Quantity.quantity></Point><Point><position>2106</position><in_Quantity.quantity>0.000000</in_Quantity.quantity><out_Quantity.quantity>638.664246</out_Quantity.quantity></Point><Point><position>2107</position><in_Quantity.quantity>0.000000</in_Quantity.quantity><out_Quantity.quantity>160.713498</out_Quantity.quantity></Point><Point><position>2108</position><in_Quantity.quantity>0.000000</in_Quantity.quantity><out_Quantity.quantity>204.361158</out_Quantity.quantity></Point><Point><position>2109</position><in_Quantity.quantity>0.000000</in_Quantity.quantity><out_Quantity.quantity>954.584273</out_Quantity.quantity></Point><Point><position>2110</position><in_Quantity.quantity>0.000000</in_Quantity.quantity><out_Quantity.quantity>391.269246</out_Quantity.quantity></Point><Point><position>2111</position><in_Quantity.quantity>0.000000</in_Quantity.quantity><out_Quantity.quantity>963.060705</out_Quantity.quantity></Point><Point><position>2112</position><in_Quantity.quantity>0.000000</in_Quantity.quantity><out_Quantity.quantity>588.304511</out_Quantity.quantity></Point><Point><position>2113</position><in_Quantity.quantity>0.000000</in_Quantity.quantity><out_Quantity.quantity>558.487008</out_Quantity.quantity></Point><Point><position>2114</position><in_Quantity.quantity>0.000000</in_Quantity.quantity><out_Quantity.quantity>94.904042</out_Quantity.quantity></Point><Point><position>2115</position><in_Quantity.quantity>0.000000</in_Quantity.quantity><out_Quantity.quantity>601.392994</out_Quantity.quantity></Point><Point><position>2116</position><in_Quantity.quantity>0.000000</in_Quantity.quantity><out_Quantity.quantity>90.123018</out_Quantity.quantity></Point><Point><position>2117</position><in_Quantity.quantity>0.000000</in_Quantity.quantity><out_Quantity.quantity>113.809524</out_Quantity.quantity></Point><Point><position>2118</position><in_Quantity.quantity>0.000000</in_Quantity.quantity><out_Quantity.quantity>49.174171</out_Quantity.quantity></Point><Point><position>2119</position><in_Quantity.quantity>0.000000</in_Quantity.quantity><out_Quantity.quantity>891.090026</out_Quantity.quantity></Point><Point><position>2120</position><in_Quantity.quantity>0.000000</in_Quantity.quantity><out_Quantity.quantity>132.780911</out_Quantity.quantity></Point><Point><position>2121</position><in_Quantity.quantity>0.000000</in_Quantity.quantity><out_Quantity.quantity>730.281997</out_Quantity.quantity></Point><Point><position>2122</position><in_Quantity.quantity>0.000000</in_Quantity.quantity><out_Quantity.quantity>750.543155</out_Quantity.quantity></Point><Point><position>2123</position><in_Quantity.quantity>0.000000</in_Quantity.quantity><out_Quantity.quantity>9.509085</out_Quantity.quantity></Point><Point><position>2124</position><in_Quantity.quantity>0.000000</in_Quantity.quantity><out_Quantity.quantity>363.639047</out_Quantity.quantity></Point><Point><position>2125</position><in_Quantity.quantity>0.000000</in_Quantity.quantity><out_Quantity.quantity>727.672506</out_Quantity.quantity></Point><Point><position>2126</position><in_Quantity.quantity>0.000000</in_Quantity.quantity><out_Quantity.quantity>732.882125</out_Quantity.quantity></Point><Point><position>2127</position><in_Quantity.quantity>0.000000</in_Quantity.quantity><out_Quantity.quantity>683.043346</out_Quantity.quantity></Point><Point><position>2128</position><in_Quantity.quantity>0.000000</in_Quantity.quantity><out_Quantity.quantity>802.321120</out_Quantity.quantity></Point><Point><position>2129</position><in_Quantity.quantity>0.000000</in_Quantity.quantity><out_Quantity.quantity>276.625110</out_Quantity.quantity></Point><Point><position>2130</position><in_Quantity.quantity>0.000000</in_Quantity.quantity><out_Quantity.quantity>428.362854</out_Quantity.quantity></Point><Point><position>2131</position><in_Quantity.quantity>0.000000</in_Quantity.quantity><out_Quantity.quantity>660.807853</out_Quantity.quantity></Point><Point><position>2132</position><in_Quantity.quantity>0.000000</in_Quantity.quantity><out_Quantity.quantity>576.550987</out_Quantity.quantity></Point><Point><position>2133</position><in_Quantity.quantity>0.000000</in_Quantity.quantity><out_Quantity.quantity>733.377245</out_Quantity.quantity></Point><Point><position>2134</position><in_Quantity.quantity>0.000000</in_Quantity.quantity><out_Quantity.quantity>455.300123</out_Quantity.quantity></Point><Point><position>2135</position><in_Quantity.quantity>0.000000</in_Quantity.quantity><out_Quantity.quantity>842.991138</out_Quantity.quantity></Point><Point><position>2136</position><in_Quantity.quantity>0.000000</in_Quantity.quantity><out_Quantity.quantity>499.415646</out_Quantity.quantity></Point><Point><position>2137</position><in_Quantity.quantity>0.000000</in_Quantity.quantity><out_Quantity.quantity>540.877670</out_Quantity.quantity></Point><Point><position>2138</position><in_Quantity.quantity>0.000000</in_Quantity.quantity><out_Quantity.quantity>485.352790</out_Quantity.quantity></Point><Point><position>2139</position><in_Quantity.quantity>0.000000</in_Quantity.quantity><out_Quantity.quantity>544.249963</out_Quantity.quantity></Point><Point><position>2140</position><in_Quantity.quantity>0.000000</in_Quantity.quantity><out_Quantity.quantity>3.855800</out_Quantity.quantity></Point><Point><position>2141</position><in_Quantity.quantity>0.000000</in_Quantity.quantity><out_Quantity.quantity>386.874378</out_Quantity.quantity></Point><Point><position>2142</position><in_Quantity.quantity>0.000000</in_Quantity.quantity><out_Quantity.quantity>301.718179</out_Quantity.quantity></Point><Point><position>2143</position><in_Quantity.quantity>0.000000</in_Quantity.quantity><out_Quantity.quantity>519.176162</out_Quantity.quantity></Point><Point><position>2144</position><in_Quantity.quantity>0.000000</in_Quantity.quantity><out_Quantity.quantity>428.338762</out_Quantity.quantity></Point><Point><position>2145</position><in_Quantity.quantity>0.000000</in_Quantity.quantity><out_Quantity.quantity>699.718714</out_Quantity.quantity></Point><Point><position>2146</position><in_Quantity.quantity>0.000000</in_Quantity.quantity><out_Quantity.quantity>127.843060</out_Quantity.quantity></Point><Point><position>2147</position><in_Quantity.quantity>0.000000</in_Quantity.quantity><out_Quantity.quantity>281.827216</out_Quantity.quantity></Point><Point><position>2148</position><in_Quantity.quantity>0.000000</in_Quantity.quantity><out_Quantity.quantity>261.018192</out_Quantity.quantity></Point><Point><position>2149</position><in_Quantity.quantity>0.000000</in_Quantity.quantity><out_Quantity.quantity>642.987505</out_Quantity.quantity></Point><Point><position>2150</position><in_Quantity.quantity>0.000000</in_Quantity.quantity><out_Quantity.quantity>96.675663</out_Quantity.quantity></Point><Point><position>2151</position><in_Quantity.quantity>0.000000</in_Quantity.quantity><out_Quantity.quantity>500.841142</out_Quantity.quantity></Point><Point><position>2152</position><in_Quantity.quantity>0.000000</in_Quantity.quantity><out_Quantity.quantity>342.689399</out_Quantity.quantity></Point><Point><position>2153</position><in_Quantity.quantity>0.000000</in_Quantity.quantity><out_Quantity.quantity>465.700221</out_Quantity.quantity></Point><Point><position>2154</position><in_Quantity.quantity>0.000000</in_Quantity.quantity><out_Quantity.quantity>734.917856</out_Quantity.quantity></Point><Point><position>2155</position><in_Quantity.quantity>0.000000</in_Quantity.quantity><out_Quantity.quantity>791.676120</out_Quantity.quantity></Point><Point><position>2156</position><in_Quantity.quantity>0.000000</in_Quantity.quantity><out_Quantity.quantity>466.424921</out_Quantity.quantity></Point><Point><position>2157</position><in_Quantity.quantity>0.000000</in_Quantity.quantity><out_Quantity.quantity>537.496232</out_Quantity.quantity></Point><Point><position>2158</position><in_Quantity.quantity>0.000000</in_Quantity.quantity><out_Quantity.quantity>733.175225</out_Quantity.quantity></Point><Point><position>2159</position><in_Quantity.quantity>0.000000</in_Quantity.quantity><out_Quantity.quantity>166.347260</out_Quantity.quantity></Point><Point><position>2160</position><in_Quantity.quantity>0.000000</in_Quantity.quantity><out_Quantity.quantity>305.245425</out_Quantity.quantity></Point><Point><position>2161</position><in_Quantity.quantity>0.000000</in_Quantity.quantity><out_Quantity.quantity>980.656167</out_Quantity.quantity></Point><Point><position>2162</position><in_Quantity.quantity>0.000000</in_Quantity.quantity><out_Quantity.quantity>991.596225</out_Quantity.quantity></Point><Point><position>2163</position><in_Quantity.quantity>0.000000</in_Quantity.quantity><out_Quantity.quantity>82.688387</out_Quantity.quantity></Point><Point><position>2164</position><in_Quantity.quantity>0.000000</in_Quantity.quantity><out_Quantity.quantity>89.167438</out_Quantity.quantity></Point><Point><position>2165</position><in_Quantity.quantity>0.000000</in_Quantity.quantity><out_Quantity.quantity>274.061212</out_Quantity.quantity></Point><Point><position>2166</position><in_Quantity.quantity>0.000000</in_Quantity.quantity><out_Quantity.quantity>443.921609</out_Quantity.quantity></Point><Point><position>2167</position><in_Quantity.quantity>0.000000</in_Quantity.quantity><out_Quantity.quantity>94.530773</out_Quantity.quantity></Point><Point><position>2168</position><in_Quantity.quantity>0.000000</in_Quantity.quantity><out_Quantity.quantity>534.775711</out_Quantity.quantity></Point><Point><position>2169</position><in_Quantity.quantity>0.000000</in_Quantity.quantity><out_Quantity.quantity>983.680265</out_Quantity.quantity></Point><Point><position>2170</position><in_Quantity.quantity>0.000000</in_Quantity.quantity><out_Quantity.quantity>588.304117</out_Quantity.quantity></Point><Point><position>2171</position><in_Quantity.quantity>0.000000</in_Quantity.quantity><out_Quantity.quantity>204.014372</out_Quantity.quantity></Point><Point><position>2172</position><in_Quantity.quantity>0.000000</in_Quantity.quantity><out_Quantity.quantity>541.786259</out_Quantity.quantity></Point><Point><position>2173</position><in_Quantity.quantity>0.000000</in_Quantity.quantity><out_Quantity.quantity>835.883337</out_Quantity.quantity></Point><Point><position>2174</position><in_Quantity.quantity>0.000000</in_Quantity.quantity><out_Quantity.quantity>258.373175</out_Quantity.quantity></Point><Point><position>2175</position><in_Quantity.quantity>0.000000</in_Quantity.quantity><out_Quantity.quantity>90.663305</out_Quantity.quantity></Point><Point><position>2176</position><in_Quantity.quantity>0.000000</in_Quantity.quantity><out_Quantity.quantity>986.984316</out_Quantity.quantity></Point><Point><position>2177</position><in_Quantity.quantity>0.000000</in_Quantity.quantity><out_Quantity.quantity>323.721827</out_Quantity.quantity></Point><Point><position>2178</position><in_Quantity.quantity>0.000000</in_Quantity.quantity><out_Quantity.quantity>760.820012</out_Quantity.quantity></Point><Point><position>2179</position><in_Quantity.quantity>0.000000</in_Quantity.quantity><out_Quantity.quantity>276.452273</out_Quantity.quantity></Point><Point><position>2180</position><in_Quantity.quantity>0.000000</in_Quantity.quantity><out_Quantity.quantity>21.700838</out_Quantity.quantity></Point><Point><position>2181</position><in_Quantity.quantity>0.000000</in_Quantity.quantity><out_Quantity.quantity>17.684454</out_Quantity.quantity></Point><Point><position>2182</position><in_Quantity.quantity>0.000000</in_Quantity.quantity><out_Quantity.quantity>379.272707</out_Quantity.quantity></Point><Point><position>2183</position><in_Quantity.quantity>0.000000</in_Quantity.quantity><out_Quantity.quantity>929.040344</out_Quantity.quantity></Point><Point><position>2184</position><in_Quantity.quantity>0.000000</in_Quantity.quantity><out_Quantity.quantity>707.652047</out_Quantity.quantity></Point><Point><position>2185</position><in_Quantity.quantity>0.000000</in_Quantity.quantity><out_Quantity.quantity>237.956792</out_Quantity.quantity></Point><Point><position>2186</position><in_Quantity.quantity>0.000000</in_Quantity.quantity><out_Quantity.quantity>660.920249</out_Quantity.quantity></Point><Point><position>2187</position><in_Quantity.quantity>0.000000</in_Quantity.quantity><out_Quantity.quantity>687.036104</out_Quantity.quantity></Point><Point><position>2188</position><in_Quantity.quantity>0.000000</in_Quantity.quantity><out_Quantity.quantity>890.556445</out_Quantity.quantity></Point><Point><position>2189</position><in_Quantity.quantity>0.000000</in_Quantity.quantity><out_Quantity.quantity>380.073781</out_Quantity.quantity></Point><Point><position>2190</position><in_Quantity.quantity>0.000000</in_Quantity.quantity><out_Quantity.quantity>949.394514</out_Quantity.quantity></Point><Point><position>2191</position><in_Quantity.quantity>0.000000</in_Quantity.quantity><out_Quantity.quantity>888.657999</out_Quantity.quantity></Point><Point><position>2192</position><in_Quantity.quantity>0.000000</in_Quantity.quantity><out_Quantity.quantity>460.983511</out_Quantity.quantity></Point><Point><position>2193</position><in_Quantity.quantity>0.000000</in_Quantity.quantity><out_Quantity.quantity>816.417398</out_Quantity.quantity></Point><Point><position>2194</position><in_Quantity.quantity>0.000000</in_Quantity.quantity><out_Quantity.quantity>584.275624</out_Quantity.quantity></Point><Point><position>2195</position><in_Quantity.quantity>0.000000</in_Quantity.quantity><out_Quantity.quantity>491.952055</out_Quantity.quantity></Point><Point><position>2196</position><in_Quantity.quantity>0.000000</in_Quantity.quantity><out_Quantity.quantity>298.679614</out_Quantity.quantity></Point><Point><position>2197</position><in_Quantity.quantity>0.000000</in_Quantity.quantity><out_Quantity.quantity>408.201563</out_Quantity.quantity></Point><Point><position>2198</position><in_Quantity.quantity>0.000000</in_Quantity.quantity><out_Quantity.quantity>900.801501</out_Quantity.quantity></Point><Point><position>2199</position><in_Quantity.quantity>0.000000</in_Quantity.quantity><out_Quantity.quantity>295.824847</out_Quantity.quantity></Point><Point><position>2200</position><in_Quantity.quantity>0.000000</in_Quantity.quantity><out_Quantity.quantity>72.431506</out_Quantity.quantity></Point><Point><position>2201</position><in_Quantity.quantity>0.000000</in_Quantity.quantity><out_Quantity.quantity>753.391418</out_Quantity.quantity></Point><Point><position>2202</position><in_Quantity.quantity>0.000000</in_Quantity.quantity><out_Quantity.quantity>428.215206</out_Quantity.quantity></Point><Point><position>2203</position><in_Quantity.quantity>0.000000</in_Quantity.quantity><out_Quantity.quantity>962.868204</out_Quantity.quantity></Point><Point><position>2204</position><in_Quantity.quantity>0.000000</in_Quantity.quantity><out_Quantity.quantity>165.441289</out_Quantity.quantity></Point><Point><position>2205</position><in_Quantity.quantity>0.000000</in_Quantity.quantity><out_Quantity.quantity>849.727920</out_Quantity.quantity></Point><Point><position>2206</position><in_Quantity.quantity>0.000000</in_Quantity.quantity><out_Quantity.quantity>667.947941</out_Quantity.quantity></Point><Point><position>2207</position><in_Quantity.quantity>0.000000</in_Quantity.quantity><out_Quantity.quantity>639.713042</out_Quantity.quantity></Point><Point><position>2208</position><in_Quantity.quantity>0.000000</in_Quantity.quantity><out_Quantity.quantity>948.303029</out_Quantity.quantity></Point><Point><position>2209</position><in_Quantity.quantity>0.000000</in_Quantity.quantity><out_Quantity.quantity>31.527331</out_Quantity.quantity></Point><Point><position>2210</position><in_Quantity.quantity>0.000000</in_Quantity.quantity><out_Quantity.quantity>853.181205</out_Quantity.quantity></Point><Point><position>2211</position><in_Quantity.quantity>0.000000</in_Quantity.quantity><out_Quantity.quantity>452.781348</out_Quantity.quantity></Point><Point><position>2212</position><in_Quantity.quantity>0.000000</in_Quantity.quantity><out_Quantity.quantity>75.815289</out_Quantity.quantity></Point><Point><position>2213</position><in_Quantity.quantity>0.000000</in_Quantity.quantity><out_Quantity.quantity>308.002068</out_Quantity.quantity></Point><Point><position>2214</position><in_Quantity.quantity>0.000000</in_Quantity.quantity><out_Quantity.quantity>330.451924</out_Quantity.quantity></Point><Point><position>2215</position><in_Quantity.quantity>0.000000</in_Quantity.quantity><out_Quantity.quantity>277.940023</out_Quantity.quantity></Point><Point><position>2216</position><in_Quantity.quantity>0.000000</in_Quantity.quantity><out_Quantity.quantity>90.450097</out_Quantity.quantity></Point><Point><position>2217</position><in_Quantity.quantity>0.000000</in_Quantity.quantity><out_Quantity.quantity>220.141157</out_Quantity.quantity></Point><Point><position>2218</position><in_Quantity.quantity>0.000000</in_Quantity.quantity><out_Quantity.quantity>814.448675</out_Quantity.quantity></Point><Point><position>2219</position><in_Quantity.quantity>0.000000</in_Quantity.quantity><out_Quantity.quantity>259.301956</out_Quantity.quantity></Point><Point><position>2220</position><in_Quantity.quantity>0.000000</in_Quantity.quantity><out_Quantity.quantity>610.775554</out_Quantity.quantity></Point><Point><position>2221</position><in_Quantity.quantity>0.000000</in_Quantity.quantity><out_Quantity.quantity>795.101102</out_Quantity.quantity></Point><Point><position>2222</position><in_Quantity.quantity>0.000000</in_Quantity.quantity><out_Quantity.quantity>661.360654</out_Quantity.quantity></Point><Point><position>2223</position><in_Quantity.quantity>0.000000</in_Quantity.quantity><out_Quantity.quantity>649.814452</out_Quantity.quantity></Point><Point><position>2224</position><in_Quantity.quantity>0.000000</in_Quantity.quantity><out_Quantity.quantity>299.796056</out_Quantity.quantity></Point><Point><position>2225</position><in_Quantity.quantity>0.000000</in_Quantity.quantity><out_Quantity.quantity>846.754316</out_Quantity.quantity></Point><Point><position>2226</position><in_Quantity.quantity>0.000000</in_Quantity.quantity><out_Quantity.quantity>912.974887</out_Quantity.quantity></Point><Point><position>2227</position><in_Quantity.quantity>0.000000</in_Quantity.quantity><out_Quantity.quantity>956.644346</out_Quantity.quantity></Point><Point><position>2228</position><in_Quantity.quantity>0.000000</in_Quantity.quantity><out_Quantity.quantity>31.251641</out_Quantity.quantity></Point><Point><position>2229</position><in_Quantity.quantity>0.000000</in_Quantity.quantity><out_Quantity.quantity>294.933237</out_Quantity.quantity></Point><Point><position>2230</position><in_Quantity.quantity>0.000000</in_Quantity.quantity><out_Quantity.quantity>12.071509</out_Quantity.quantity></Point><Point><position>2231</position><in_Quantity.quantity>0.000000</in_Quantity.quantity><out_Quantity.quantity>736.114936</out_Quantity.quantity></Point><Point><position>2232</position><in_Quantity.quantity>0.000000</in_Quantity.quantity><out_Quantity.quantity>527.734344</out_Quantity.quantity></Point><Point><position>2233</position><in_Quantity.quantity>0.000000</in_Quantity.quantity><out_Quantity.quantity>595.922796</out_Quantity.quantity></Point><Point><position>2234</position><in_Quantity.quantity>0.000000</in_Quantity.quantity><out_Quantity.quantity>245.056065</out_Quantity.quantity></Point><Point><position>2235</position><in_Quantity.quantity>0.000000</in_Quantity.quantity><out_Quantity.quantity>496.365489</out_Quantity.quantity></Point><Point><position>2236</position><in_Quantity.quantity>0.000000</in_Quantity.quantity><out_Quantity.quantity>255.466937</out_Quantity.quantity></Point><Point><position>2237</position><in_Quantity.quantity>0.000000</in_Quantity.quantity><out_Quantity.quantity>913.979873</out_Quantity.quantity></Point><Point><position>2238</position><in_Quantity.quantity>0.000000</in_Quantity.quantity><out_Quantity.quantity>739.896961</out_Quantity.quantity></Point><Point><position>2239</position><in_Quantity.quantity>0.000000</in_Quantity.quantity><out_Quantity.quantity>989.198312</out_Quantity.quantity></Point><Point><position>2240</position><in_Quantity.quantity>0.000000</in_Quantity.quantity><out_Quantity.quantity>214.609789</out_Quantity.quantity></Point><Point><position>2241</position><in_Quantity.quantity>0.000000</in_Quantity.quantity><out_Quantity.quantity>310.560701</out_Quantity.quantity></Point><Point><position>2242</position><in_Quantity.quantity>0.000000</in_Quantity.quantity><out_Quantity.quantity>402.064716</out_Quantity.quantity></Point><Point><position>2243</position><in_Quantity.quantity>0.000000</in_Quantity.quantity><out_Quantity.quantity>733.173826</out_Quantity.quantity></Point><Point><position>2244</position><in_Quantity.quantity>0.000000</in_Quantity.quantity><out_Quantity.quantity>463.925755</out_Quantity.quantity></Point><Point><position>2245</position><in_Quantity.quantity>0.000000</in_Quantity.quantity><out_Quantity.quantity>493.761933</out_Quantity.quantity></Point><Point><position>2246</position><in_Quantity.quantity>0.000000</in_Quantity.quantity><out_Quantity.quantity>583.733753</out_Quantity.quantity></Point><Point><position>2247</position><in_Quantity.quantity>0.000000</in_Quantity.quantity><out_Quantity.quantity>616.100952</out_Quantity.quantity></Point><Point><position>2248</position><in_Quantity.quantity>0.000000</in_Quantity.quantity><out_Quantity.quantity>171.714181</out_Quantity.quantity></Point><Point><position>2249</position><in_Quantity.quantity>0.000000</in_Quantity.quantity><out_Quantity.quantity>418.267532</out_Quantity.quantity></Point><Point><position>2250</position><in_Quantity.quantity>0.000000</in_Quantity.quantity><out_Quantity.quantity>675.840713</out_Quantity.quantity></Point><Point><position>2251</position><in_Quantity.quantity>0.000000</in_Quantity.quantity><out_Quantity.quantity>949.107353</out_Quantity.quantity></Point><Point><position>2252</position><in_Quantity.quantity>0.000000</in_Quantity.quantity><out_Quantity.quantity>435.372868</out_Quantity.quantity></Point><Point><position>2253</position><in_Quantity.quantity>0.000000</in_Quantity.quantity><out_Quantity.quantity>431.229508</out_Quantity.quantity></Point><Point><position>2254</position><in_Quantity.quantity>0.000000</in_Quantity.quantity><out_Quantity.quantity>259.979172</out_Quantity.quantity></Point><Point><position>2255</position><in_Quantity.quantity>0.000000</in_Quantity.quantity><out_Quantity.quantity>245.870666</out_Quantity.quantity></Point><Point><position>2256</position><in_Quantity.quantity>0.000000</in_Quantity.quantity><out_Quantity.quantity>938.731815</out_Quantity.quantity></Point><Point><position>2257</position><in_Quantity.quantity>0.000000</in_Quantity.quantity><out_Quantity.quantity>356.907996</out_Quantity.quantity></Point><Point><position>2258</position><in_Quantity.quantity>0.000000</in_Quantity.quantity><out_Quantity.quantity>253.701193</out_Quantity.quantity></Point><Point><position>2259</position><in_Quantity.quantity>0.000000</in_Quantity.quantity><out_Quantity.quantity>761.821584</out_Quantity.quantity></Point><Point><position>2260</position><in_Quantity.quantity>0.000000</in_Quantity.quantity><out_Quantity.quantity>269.344948</out_Quantity.quantity></Point><Point><position>2261</position><in_Quantity.quantity>0.000000</in_Quantity.quantity><out_Quantity.quantity>491.183875</out_Quantity.quantity></Point><Point><position>2262</position><in_Quantity.quantity>0.000000</in_Quantity.quantity><out_Quantity.quantity>231.592233</out_Quantity.quantity></Point><Point><position>2263</position><in_Quantity.quantity>0.000000</in_Quantity.quantity><out_Quantity.quantity>29.024742</out_Quantity.quantity></Point><Point><position>2264</position><in_Quantity.quantity>0.000000</in_Quantity.quantity><out_Quantity.quantity>69.359777</out_Quantity.quantity></Point><Point><position>2265</position><in_Quantity.quantity>0.000000</in_Quantity.quantity><out_Quantity.quantity>445.407664</out_Quantity.quantity></Point><Point><position>2266</position><in_Quantity.quantity>0.000000</in_Quantity.quantity><out_Quantity.quantity>62.552442</out_Quantity.quantity></Point><Point><position>2267</position><in_Quantity.quantity>0.000000</in_Quantity.quantity><out_Quantity.quantity>56.519567</out_Quantity.quantity></Point><Point><position>2268</position><in_Quantity.quantity>0.000000</in_Quantity.quantity><out_Quantity.quantity>147.319536</out_Quantity.quantity></Point><Point><position>2269</position><in_Quantity.quantity>0.000000</in_Quantity.quantity><out_Quantity.quantity>8.198242</out_Quantity.quantity></Point><Point><position>2270</position><in_Quantity.quantity>0.000000</in_Quantity.quantity><out_Quantity.quantity>91.632842</out_Quantity.quantity></Point><Point><position>2271</position><in_Quantity.quantity>0.000000</in_Quantity.quantity><out_Quantity.quantity>858.503047</out_Quantity.quantity></Point><Point><position>2272</position><in_Quantity.quantity>0.000000</in_Quantity.quantity><out_Quantity.quantity>299.871317</out_Quantity.quantity></Point><Point><position>2273</position><in_Quantity.quantity>0.000000</in_Quantity.quantity><out_Quantity.quantity>929.878438</out_Quantity.quantity></Point><Point><position>2274</position><in_Quantity.quantity>0.000000</in_Quantity.quantity><out_Quantity.quantity>640.743419</out_Quantity.quantity></Point><Point><position>2275</position><in_Quantity.quantity>0.000000</in_Quantity.quantity><out_Quantity.quantity>795.477643</out_Quantity.quantity></Point><Point><position>2276</position><in_Quantity.quantity>0.000000</in_Quantity.quantity><out_Quantity.quantity>973.325478</out_Quantity.quantity></Point><Point><position>2277</position><in_Quantity.quantity>0.000000</in_Quantity.quantity><out_Quantity.quantity>875.827673</out_Quantity.quantity></Point><Point><position>2278</position><in_Quantity.quantity>0.000000</in_Quantity.quantity><out_Quantity.quantity>741.303434</out_Quantity.quantity></Point><Point><position>2279</position><in_Quantity.quantity>0.000000</in_Quantity.quantity><out_Quantity.quantity>82.164175</out_Quantity.quantity></Point><Point><position>2280</position><in_Quantity.quantity>0.000000</in_Quantity.quantity><out_Quantity.quantity>486.349016</out_Quantity.quantity></Point><Point><position>2281</position><in_Quantity.quantity>0.000000</in_Quantity.quantity><out_Quantity.quantity>434.209759</out_Quantity.quantity></Point><Point><position>2282</position><in_Quantity.quantity>0.000000</in_Quantity.quantity><out_Quantity.quantity>288.557526</out_Quantity.quantity></Point><Point><position>2283</position><in_Quantity.quantity>0.000000</in_Quantity.quantity><out_Quantity.quantity>737.323488</out_Quantity.quantity></Point><Point><position>2284</position><in_Quantity.quantity>0.000000</in_Quantity.quantity><out_Quantity.quantity>872.944163</out_Quantity.quantity></Point><Point><position>2285</position><in_Quantity.quantity>0.000000</in_Quantity.quantity><out_Quantity.quantity>614.869015</out_Quantity.quantity></Point><Point><position>2286</position><in_Quantity.quantity>0.000000</in_Quantity.quantity><out_Quantity.quantity>877.555426</out_Quantity.quantity></Point><Point><position>2287</position><in_Quantity.quantity>0.000000</in_Quantity.quantity><out_Quantity.quantity>945.804315</out_Quantity.quantity></Point><Point><position>2288</position><in_Quantity.quantity>0.000000</in_Quantity.quantity><out_Quantity.quantity>813.392722</out_Quantity.quantity></Point><Point><position>2289</position><in_Quantity.quantity>0.000000</in_Quantity.quantity><out_Quantity.quantity>644.751002</out_Quantity.quantity></Point><Point><position>2290</position><in_Quantity.quantity>0.000000</in_Quantity.quantity><out_Quantity.quantity>222.623346</out_Quantity.quantity></Point><Point><position>2291</position><in_Quantity.quantity>0.000000</in_Quantity.quantity><out_Quantity.quantity>796.109474</out_Quantity.quantity></Point><Point><position>2292</position><in_Quantity.quantity>0.000000</in_Quantity.quantity><out_Quantity.quantity>363.387553</out_Quantity.quantity></Point><Point><position>2293</position><in_Quantity.quantity>0.000000</in_Quantity.quantity><out_Quantity.quantity>3.764771</out_Quantity.quantity></Point><Point><position>2294</position><in_Quantity.quantity>0.000000</in_Quantity.quantity><out_Quantity.quantity>730.209601</out_Quantity.quantity></Point><Point><position>2295</position><in_Quantity.quantity>0.000000</in_Quantity.quantity><out_Quantity.quantity>274.613001</out_Quantity.quantity></Point><Point><position>2296</position><in_Quantity.quantity>0.000000</in_Quantity.quantity><out_Quantity.quantity>825.588329</out_Quantity.quantity></Point><Point><position>2297</position><in_Quantity.quantity>0.000000</in_Quantity.quantity><out_Quantity.quantity>357.963832</out_Quantity.quantity></Point><Point><position>2298</position><in_Quantity.quantity>0.000000</in_Quantity.quantity><out_Quantity.quantity>817.474222</out_Quantity.quantity></Point><Point><position>2299</position><in_Quantity.quantity>0.000000</in_Quantity.quantity><out_Quantity.quantity>862.850862</out_Quantity.quantity></Point><Point><position>2300</position><in_Quantity.quantity>0.000000</in_Quantity.quantity><out_Quantity.quantity>591.561090</out_Quantity.quantity></Point><Point><position>2301</position><in_Quantity.quantity>0.000000</in_Quantity.quantity><out_Quantity.quantity>542.084772</out_Quantity.quantity></Point><Point><position>2302</position><in_Quantity.quantity>0.000000</in_Quantity.quantity><out_Quantity.quantity>539.443995</out_Quantity.quantity></Point><Point><position>2303</position><in_Quantity.quantity>0.000000</in_Quantity.quantity><out_Quantity.quantity>38.349782</out_Quantity.quantity></Point><Point><position>2304</position><in_Quantity.quantity>0.000000</in_Quantity.quantity><out_Quantity.quantity>311.662700</out_Quantity.quantity></Point><Point><position>2305</position><in_Quantity.quantity>0.000000</in_Quantity.quantity><out_Quantity.quantity>602.046933</out_Quantity.quantity></Point><Point><position>2306</position><in_Quantity.quantity>0.000000</in_Quantity.quantity><out_Quantity.quantity>913.098799</out_Quantity.quantity></Point><Point><position>2307</position><in_Quantity.quantity>0.000000</in_Quantity.quantity><out_Quantity.quantity>3.563463</out_Quantity.quantity></Point><Point><position>2308</position><in_Quantity.quantity>0.000000</in_Quantity.quantity><out_Quantity.quantity>721.971227</out_Quantity.quantity></Point><Point><position>2309</position><in_Quantity.quantity>0.000000</in_Quantity.quantity><out_Quantity.quantity>492.913712</out_Quantity.quantity></Point><Point><position>2310</position><in_Quantity.quantity>0.000000</in_Quantity.quantity><out_Quantity.quantity>408.446198</out_Quantity.quantity></Point><Point><position>2311</position><in_Quantity.quantity>0.000000</in_Quantity.quantity><out_Quantity.quantity>554.976567</out_Quantity.quantity></Point><Point><position>2312</position><in_Quantity.quantity>0.000000</in_Quantity.quantity><out_Quantity.quantity>197.860732</out_Quantity.quantity></Point><Point><position>2313</position><in_Quantity.quantity>0.000000</in_Quantity.quantity><out_Quantity.quantity>687.238450</out_Quantity.quantity></Point><Point><position>2314</position><in_Quantity.quantity>0.000000</in_Quantity.quantity><out_Quantity.quantity>617.525572</out_Quantity.quantity></Point><Point><position>2315</position><in_Quantity.quantity>0.000000</in_Quantity.quantity><out_Quantity.quantity>198.436741</out_Quantity.quantity></Point><Point><position>2316</position><in_Quantity.quantity>0.000000</in_Quantity.quantity><out_Quantity.quantity>574.979041</out_Quantity.quantity></Point><Point><position>2317</position><in_Quantity.quantity>0.000000</in_Quantity.quantity><out_Quantity.quantity>363.830450</out_Quantity.quantity></Point><Point><position>2318</position><in_Quantity.quantity>0.000000</in_Quantity.quantity><out_Quantity.quantity>219.255486</out_Quantity.quantity></Point><Point><position>2319</position><in_Quantity.quantity>0.000000</in_Quantity.quantity><out_Quantity.quantity>990.759962</out_Quantity.quantity></Point><Point><position>2320</position><in_Quantity.quantity>0.000000</in_Quantity.quantity><out_Quantity.quantity>114.388763</out_Quantity.quantity></Point><Point><position>2321</position><in_Quantity.quantity>0.000000</in_Quantity.quantity><out_Quantity.quantity>651.413681</out_Quantity.quantity></Point><Point><position>2322</position><in_Quantity.quantity>0.000000</in_Quantity.quantity><out_Quantity.quantity>599.508130</out_Quantity.quantity></Point><Point><position>2323</position><in_Quantity.quantity>0.000000</in_Quantity.quantity><out_Quantity.quantity>290.356775</out_Quantity.quantity></Point><Point><position>2324</position><in_Quantity.quantity>0.000000</in_Quantity.quantity><out_Quantity.quantity>924.311107</out_Quantity.quantity></Point><Point><position>2325</position><in_Quantity.quantity>0.000000</in_Quantity.quantity><out_Quantity.quantity>215.868278</out_Quantity.quantity></Point><Point><position>2326</position><in_Quantity.quantity>0.000000</in_Quantity.quantity><out_Quantity.quantity>848.622893</out_Quantity.quantity></Point><Point><position>2327</position><in_Quantity.quantity>0.000000</in_Quantity.quantity><out_Quantity.quantity>414.399021</out_Quantity.quantity></Point><Point><position>2328</position><in_Quantity.quantity>0.000000</in_Quantity.quantity><out_Quantity.quantity>833.133293</out_Quantity.quantity></Point><Point><position>2329</position><in_Quantity.quantity>0.000000</in_Quantity.quantity><out_Quantity.quantity>379.139145</out_Quantity.quantity></Point><Point><position>2330</position><in_Quantity.quantity>0.000000</in_Quantity.quantity><out_Quantity.quantity>525.603987</out_Quantity.quantity></Point><Point><position>2331</position><in_Quantity.quantity>0.000000</in_Quantity.quantity><out_Quantity.quantity>186.906077</out_Quantity.quantity></Point><Point><position>2332</position><in_Quantity.quantity>0.000000</in_Quantity.quantity><out_Quantity.quantity>295.322517</out_Quantity.quantity></Point><Point><position>2333</position><in_Quantity.quantity>0.000000</in_Quantity.quantity><out_Quantity.quantity>187.933523</out_Quantity.quantity></Point><Point><position>2334</position><in_Quantity.quantity>0.000000</in_Quantity.quantity><out_Quantity.quantity>515.614388</out_Quantity.quantity></Point><Point><position>2335</position><in_Quantity.quantity>0.000000</in_Quantity.quantity><out_Quantity.quantity>838.588283</out_Quantity.quantity></Point><Point><position>2336</position><in_Quantity.quantity>0.000000</in_Quantity.quantity><out_Quantity.quantity>734.669024</out_Quantity.quantity></Point><Point><position>2337</position><in_Quantity.quantity>0.000000</in_Quantity.quantity><out_Quantity.quantity>140.584498</out_Quantity.quantity></Point><Point><position>2338</position><in_Quantity.quantity>0.000000</in_Quantity.quantity><out_Quantity.quantity>552.722300</out_Quantity.quantity></Point><Point><position>2339</position><in_Quantity.quantity>0.000000</in_Quantity.quantity><out_Quantity.quantity>126.711762</out_Quantity.quantity></Point><Point><position>2340</position><in_Quantity.quantity>0.000000</in_Quantity.quantity><out_Quantity.quantity>989.926130</out_Quantity.quantity></Point><Point><position>2341</position><in_Quantity.quantity>0.000000</in_Quantity.quantity><out_Quantity.quantity>732.282659</out_Quantity.quantity></Point><Point><position>2342</position><in_Quantity.quantity>0.000000</in_Quantity.quantity><out_Quantity.quantity>711.951283</out_Quantity.quantity></Point><Point><position>2343</position><in_Quantity.quantity>0.000000</in_Quantity.quantity><out_Quantity.quantity>29.677499</out_Quantity.quantity></Point><Point><position>2344</position><in_Quantity.quantity>0.000000</in_Quantity.quantity><out_Quantity.quantity>807.879416</out_Quantity.quantity></Point><Point><position>2345</position><in_Quantity.quantity>0.000000</in_Quantity.quantity><out_Quantity.quantity>710.482225</out_Quantity.quantity></Point><Point><position>2346</position><in_Quantity.quantity>0.000000</in_Quantity.quantity><out_Quantity.quantity>956.407603</out_Quantity.quantity></Point><Point><position>2347</position><in_Quantity.quantity>0.000000</in_Quantity.quantity><out_Quantity.quantity>537.107543</out_Quantity.quantity></Point><Point><position>2348</position><in_Quantity.quantity>0.000000</in_Quantity.quantity><out_Quantity.quantity>973.220076</out_Quantity.quantity></Point><Point><position>2349</position><in_Quantity.quantity>0.000000</in_Quantity.quantity><out_Quantity.quantity>189.913823</out_Quantity.quantity></Point><Point><position>2350</position><in_Quantity.quantity>0.000000</in_Quantity.quantity><out_Quantity.quantity>42.888691</out_Quantity.quantity></Point><Point><position>2351</position><in_Quantity.quantity>0.000000</in_Quantity.quantity><out_Quantity.quantity>998.308770</out_Quantity.quantity></Point><Point><position>2352</position><in_Quantity.quantity>0.000000</in_Quantity.quantity><out_Quantity.quantity>655.240167</out_Quantity.quantity></Point><Point><position>2353</position><in_Quantity.quantity>0.000000</in_Quantity.quantity><out_Quantity.quantity>725.398643</out_Quantity.quantity></Point><Point><position>2354</position><in_Quantity.quantity>0.000000</in_Quantity.quantity><out_Quantity.quantity>633.217515</out_Quantity.quantity></Point><Point><position>2355</position><in_Quantity.quantity>0.000000</in_Quantity.quantity><out_Quantity.quantity>609.574205</out_Quantity.quantity></Point><Point><position>2356</position><in_Quantity.quantity>0.000000</in_Quantity.quantity><out_Quantity.quantity>875.853979</out_Quantity.quantity></Point><Point><position>2357</position><in_Quantity.quantity>0.000000</in_Quantity.quantity><out_Quantity.quantity>44.317454</out_Quantity.quantity></Point><Point><position>2358</position><in_Quantity.quantity>0.000000</in_Quantity.quantity><out_Quantity.quantity>999.748603</out_Quantity.quantity></Point><Point><position>2359</position><in_Quantity.quantity>0.000000</in_Quantity.quantity><out_Quantity.quantity>338.032305</out_Quantity.quantity></Point><Point><position>2360</position><in_Quantity.quantity>0.000000</in_Quantity.quantity><out_Quantity.quantity>5.660074</out_Quantity.quantity></Point><Point><position>2361</position><in_Quantity.quantity>0.000000</in_Quantity.quantity><out_Quantity.quantity>22.457317</out_Quantity.quantity></Point><Point><position>2362</position><in_Quantity.quantity>0.000000</in_Quantity.quantity><out_Quantity.quantity>409.957794</out_Quantity.quantity></Point><Point><position>2363</position><in_Quantity.quantity>0.000000</in_Quantity.quantity><out_Quantity.quantity>848.674917</out_Quantity.quantity></Point><Point><position>2364</position><in_Quantity.quantity>0.000000</in_Quantity.quantity><out_Quantity.quantity>513.622438</out_Quantity.quantity></Point><Point><position>2365</position><in_Quantity.quantity>0.000000</in_Quantity.quantity><out_Quantity.quantity>803.910806</out_Quantity.quantity></Point><Point><position>2366</position><in_Quantity.quantity>0.000000</in_Quantity.quantity><out_Quantity.quantity>21.386277</out_Quantity.quantity></Point><Point><position>2367</position><in_Quantity.quantity>0.000000</in_Quantity.quantity><out_Quantity.quantity>520.034187</out_Quantity.quantity></Point><Point><position>2368</position><in_Quantity.quantity>0.000000</in_Quantity.quantity><out_Quantity.quantity>23.351072</out_Quantity.quantity></Point><Point><position>2369</position><in_Quantity.quantity>0.000000</in_Quantity.quantity><out_Quantity.quantity>94.367795</out_Quantity.quantity></Point><Point><position>2370</position><in_Quantity.quantity>0.000000</in_Quantity.quantity><out_Quantity.quantity>440.694370</out_Quantity.quantity></Point><Point><position>2371</position><in_Quantity.quantity>0.000000</in_Quantity.quantity><out_Quantity.quantity>183.350757</out_Quantity.quantity></Point><Point><position>2372</position><in_Quantity.quantity>0.000000</in_Quantity.quantity><out_Quantity.quantity>722.423114</out_Quantity.quantity></Point><Point><position>2373</position><in_Quantity.quantity>0.000000</in_Quantity.quantity><out_Quantity.quantity>30.995243</out_Quantity.quantity></Point><Point><position>2374</position><in_Quantity.quantity>0.000000</in_Quantity.quantity><out_Quantity.quantity>908.502719</out_Quantity.quantity></Point><Point><position>2375</position><in_Quantity.quantity>0.000000</in_Quantity.quantity><out_Quantity.quantity>724.741003</out_Quantity.quantity></Point><Point><position>2376</position><in_Quantity.quantity>0.000000</in_Quantity.quantity><out_Quantity.quantity>972.628070</out_Quantity.quantity></Point><Point><position>2377</position><in_Quantity.quantity>0.000000</in_Quantity.quantity><out_Quantity.quantity>295.097081</out_Quantity.quantity></Point><Point><position>2378</position><in_Quantity.quantity>0.000000</in_Quantity.quantity><out_Quantity.quantity>927.018635</out_Quantity.quantity></Point><Point><position>2379</position><in_Quantity.quantity>0.000000</in_Quantity.quantity><out_Quantity.quantity>543.736817</out_Quantity.quantity></Point><Point><position>2380</position><in_Quantity.quantity>0.000000</in_Quantity.quantity><out_Quantity.quantity>324.546214</out_Quantity.quantity></Point><Point><position>2381</position><in_Quantity.quantity>0.000000</in_Quantity.quantity><out_Quantity.quantity>444.622162</out_Quantity.quantity></Point><Point><position>2382</position><in_Quantity.quantity>0.000000</in_Quantity.quantity><out_Quantity.quantity>322.444354</out_Quantity.quantity></Point><Point><position>2383</position><in_Quantity.quantity>0.000000</in_Quantity.quantity><out_Quantity.quantity>332.358525</out_Quantity.quantity></Point><Point><position>2384</position><in_Quantity.quantity>0.000000</in_Quantity.quantity><out_Quantity.quantity>266.544275</out_Quantity.quantity></Point><Point><position>2385</position><in_Quantity.quantity>0.000000</in_Quantity.quantity><out_Quantity.quantity>929.714569</out_Quantity.quantity></Point><Point><position>2386</position><in_Quantity.quantity>0.000000</in_Quantity.quantity><out_Quantity.quantity>73.619836</out_Quantity.quantity></Point><Point><position>2387</position><in_Quantity.quantity>0.000000</in_Quantity.quantity><out_Quantity.quantity>69.025617</out_Quantity.quantity></Point><Point><position>2388</position><in_Quantity.quantity>0.000000</in_Quantity.quantity><out_Quantity.quantity>733.178241</out_Quantity.quantity></Point><Point><position>2389</position><in_Quantity.quantity>0.000000</in_Quantity.quantity><out_Quantity.quantity>17.926052</out_Quantity.quantity></Point><Point><position>2390</position><in_Quantity.quantity>0.000000</in_Quantity.quantity><out_Quantity.quantity>238.039604</out_Quantity.quantity></Point><Point><position>2391</position><in_Quantity.quantity>0.000000</in_Quantity.quantity><out_Quantity.quantity>926.313881</out_Quantity.quantity></Point><Point><position>2392</position><in_Quantity.quantity>0.000000</in_Quantity.quantity><out_Quantity.quantity>307.439521</out_Quantity.quantity></Point><Point><position>2393</position><in_Quantity.quantity>0.000000</in_Quantity.quantity><out_Quantity.quantity>286.765087</out_Quantity.quantity></Point><Point><position>2394</position><in_Quantity.quantity>0.000000</in_Quantity.quantity><out_Quantity.quantity>145.902273</out_Quantity.quantity></Point><Point><position>2395</position><in_Quantity.quantity>0.000000</in_Quantity.quantity><out_Quantity.quantity>942.253797</out_Quantity.quantity></Point><Point><position>2396</position><in_Quantity.quantity>0.000000</in_Quantity.quantity><out_Quantity.quantity>964.678566</out_Quantity.quantity></Point><Point><position>2397</position><in_Quantity.quantity>0.000000</in_Quantity.quantity><out_Quantity.quantity>504.046210</out_Quantity.quantity></Point><Point><position>2398</position><in_Quantity.quantity>0.000000</in_Quantity.quantity><out_Quantity.quantity>182.828717</out_Quantity.quantity></Point><Point><position>2399</position><in_Quantity.quantity>0.000000</in_Quantity.quantity><out_Quantity.quantity>84.191374</out_Quantity.quantity></Point><Point><position>2400</position><in_Quantity.quantity>0.000000</in_Quantity.quantity><out_Quantity.quantity>265.667517</out_Quantity.quantity></Point><Point><position>2401</position><in_Quantity.quantity>0.000000</in_Quantity.quantity><out_Quantity.quantity>420.420960</out_Quantity.quantity></Point><Point><position>2402</position><in_Quantity.quantity>0.000000</in_Quantity.quantity><out_Quantity.quantity>989.766972</out_Quantity.quantity></Point><Point><position>2403</position><in_Quantity.quantity>0.000000</in_Quantity.quantity><out_Quantity.quantity>514.467743</out_Quantity.quantity></Point><Point><position>2404</position><in_Quantity.quantity>0.000000</in_Quantity.quantity><out_Quantity.quantity>845.105892</out_Quantity.quantity></Point><Point><position>2405</position><in_Quantity.quantity>0.000000</in_Quantity.quantity><out_Quantity.quantity>390.537449</out_Quantity.quantity></Point><Point><position>2406</position><in_Quantity.quantity>0.000000</in_Quantity.quantity><out_Quantity.quantity>846.773228</out_Quantity.quantity></Point><Point><position>2407</position><in_Quantity.quantity>0.000000</in_Quantity.quantity><out_Quantity.quantity>962.302570</out_Quantity.quantity></Point><Point><position>2408</position><in_Quantity.quantity>0.000000</in_Quantity.quantity><out_Quantity.quantity>43.593658</out_Quantity.quantity></Point><Point><position>2409</position><in_Quantity.quantity>0.000000</in_Quantity.quantity><out_Quantity.quantity>474.519015</out_Quantity.quantity></Point><Point><position>2410</position><in_Quantity.quantity>0.000000</in_Quantity.quantity><out_Quantity.quantity>928.717421</out_Quantity.quantity></Point><Point><position>2411</position><in_Quantity.quantity>0.000000</in_Quantity.quantity><out_Quantity.quantity>144.519728</out_Quantity.quantity></Point><Point><position>2412</position><in_Quantity.quantity>0.000000</in_Quantity.quantity><out_Quantity.quantity>311.254350</out_Quantity.quantity></Point><Point><position>2413</position><in_Quantity.quantity>0.000000</in_Quantity.quantity><out_Quantity.quantity>553.969123</out_Quantity.quantity></Point><Point><position>2414</position><in_Quantity.quantity>0.000000</in_Quantity.quantity><out_Quantity.quantity>448.967924</out_Quantity.quantity></Point><Point><position>2415</position><in_Quantity.quantity>0.000000</in_Quantity.quantity><out_Quantity.quantity>273.421821</out_Quantity.quantity></Point><Point><position>2416</position><in_Quantity.quantity>0.000000</in_Quantity.quantity><out_Quantity.quantity>90.089950</out_Quantity.quantity></Point><Point><position>2417</position><in_Quantity.quantity>0.000000</in_Quantity.quantity><out_Quantity.quantity>395.959941</out_Quantity.quantity></Point><Point><position>2418</position><in_Quantity.quantity>0.000000</in_Quantity.quantity><out_Quantity.quantity>236.853918</out_Quantity.quantity></Point><Point><position>2419</position><in_Quantity.quantity>0.000000</in_Quantity.quantity><out_Quantity.quantity>706.398698</out_Quantity.quantity></Point><Point><position>2420</position><in_Quantity.quantity>0.000000</in_Quantity.quantity><out_Quantity.quantity>669.972591</out_Quantity.quantity></Point><Point><position>2421</position><in_Quantity.quantity>0.000000</in_Quantity.quantity><out_Quantity.quantity>167.055821</out_Quantity.quantity></Point><Point><position>2422</position><in_Quantity.quantity>0.000000</in_Quantity.quantity><out_Quantity.quantity>86.843244</out_Quantity.quantity></Point><Point><position>2423</position><in_Quantity.quantity>0.000000</in_Quantity.quantity><out_Quantity.quantity>438.018226</out_Quantity.quantity></Point><Point><position>2424</position><in_Quantity.quantity>0.000000</in_Quantity.quantity><out_Quantity.quantity>401.772848</out_Quantity.quantity></Point><Point><position>2425</position><in_Quantity.quantity>0.000000</in_Quantity.quantity><out_Quantity.quantity>237.505949</out_Quantity.quantity></Point><Point><position>2426</position><in_Quantity.quantity>0.000000</in_Quantity.quantity><out_Quantity.quantity>215.332628</out_Quantity.quantity></Point><Point><position>2427</position><in_Quantity.quantity>0.000000</in_Quantity.quantity><out_Quantity.quantity>228.369314</out_Quantity.quantity></Point><Point><position>2428</position><in_Quantity.quantity>0.000000</in_Quantity.quantity><out_Quantity.quantity>373.460197</out_Quantity.quantity></Point><Point><position>2429</position><in_Quantity.quantity>0.000000</in_Quantity.quantity><out_Quantity.quantity>625.435981</out_Quantity.quantity></Point><Point><position>2430</position><in_Quantity.quantity>0.000000</in_Quantity.quantity><out_Quantity.quantity>86.706096</out_Quantity.quantity></Point><Point><position>2431</position><in_Quantity.quantity>0.000000</in_Quantity.quantity><out_Quantity.quantity>423.491480</out_Quantity.quantity></Point><Point><position>2432</position><in_Quantity.quantity>0.000000</in_Quantity.quantity><out_Quantity.quantity>667.110471</out_Quantity.quantity></Point><Point><position>2433</position><in_Quantity.quantity>0.000000</in_Quantity.quantity><out_Quantity.quantity>843.774545</out_Quantity.quantity></Point><Point><position>2434</position><in_Quantity.quantity>0.000000</in_Quantity.quantity><out_Quantity.quantity>971.908532</out_Quantity.quantity></Point><Point><position>2435</position><in_Quantity.quantity>0.000000</in_Quantity.quantity><out_Quantity.quantity>166.537837</out_Quantity.quantity></Point><Point><position>2436</position><in_Quantity.quantity>0.000000</in_Quantity.quantity><out_Quantity.quantity>941.447109</out_Quantity.quantity></Point><Point><position>2437</position><in_Quantity.quantity>0.000000</in_Quantity.quantity><out_Quantity.quantity>50.890490</out_Quantity.quantity></Point><Point><position>2438</position><in_Quantity.quantity>0.000000</in_Quantity.quantity><out_Quantity.quantity>90.535605</out_Quantity.quantity></Point><Point><position>2439</position><in_Quantity.quantity>0.000000</in_Quantity.quantity><out_Quantity.quantity>701.694249</out_Quantity.quantity></Point><Point><position>2440</position><in_Quantity.quantity>0.000000</in_Quantity.quantity><out_Quantity.quantity>437.035737</out_Quantity.quantity></Point><Point><position>2441</position><in_Quantity.quantity>0.000000</in_Quantity.quantity><out_Quantity.quantity>969.935391</out_Quantity.quantity></Point><Point><position>2442</position><in_Quantity.quantity>0.000000</in_Quantity.quantity><out_Quantity.quantity>281.928284</out_Quantity.quantity></Point><Point><position>2443</position><in_Quantity.quantity>0.000000</in_Quantity.quantity><out_Quantity.quantity>112.242132</out_Quantity.quantity></Point><Point><position>2444</position><in_Quantity.quantity>0.000000</in_Quantity.quantity><out_Quantity.quantity>448.595527</out_Quantity.quantity></Point><Point><position>2445</position><in_Quantity.quantity>0.000000</in_Quantity.quantity><out_Quantity.quantity>924.500113</out_Quantity.quantity></Point><Point><position>2446</position><in_Quantity.quantity>0.000000</in_Quantity.quantity><out_Quantity.quantity>665.117431</out_Quantity.quantity></Point><Point><position>2447</position><in_Quantity.quantity>0.000000</in_Quantity.quantity><out_Quantity.quantity>240.736115</out_Quantity.quantity></Point><Point><position>2448</position><in_Quantity.quantity>0.000000</in_Quantity.quantity><out_Quantity.quantity>183.548669</out_Quantity.quantity></Point><Point><position>2449</position><in_Quantity.quantity>0.000000</in_Quantity.quantity><out_Quantity.quantity>240.772091</out_Quantity.quantity></Point><Point><position>2450</position><in_Quantity.quantity>0.000000</in_Quantity.quantity><out_Quantity.quantity>320.865521</out_Quantity.quantity></Point><Point><position>2451</position><in_Quantity.quantity>0.000000</in_Quantity.quantity><out_Quantity.quantity>534.203319</out_Quantity.quantity></Point><Point><position>2452</position><in_Quantity.quantity>0.000000</in_Quantity.quantity><out_Quantity.quantity>490.814739</out_Quantity.quantity></Point><Point><position>2453</position><in_Quantity.quantity>0.000000</in_Quantity.quantity><out_Quantity.quantity>859.033102</out_Quantity.quantity></Point><Point><position>2454</position><in_Quantity.quantity>0.000000</in_Quantity.quantity><out_Quantity.quantity>998.747885</out_Quantity.quantity></Point><Point><position>2455</position><in_Quantity.quantity>0.000000</in_Quantity.quantity><out_Quantity.quantity>346.195971</out_Quantity.quantity></Point><Point><position>2456</position><in_Quantity.quantity>0.000000</in_Quantity.quantity><out_Quantity.quantity>19.816580</out_Quantity.quantity></Point><Point><position>2457</position><in_Quantity.quantity>0.000000</in_Quantity.quantity><out_Quantity.quantity>528.925519</out_Quantity.quantity></Point><Point><position>2458</position><in_Quantity.quantity>0.000000</in_Quantity.quantity><out_Quantity.quantity>618.504957</out_Quantity.quantity></Point><Point><position>2459</position><in_Quantity.quantity>0.000000</in_Quantity.quantity><out_Quantity.quantity>946.574050</out_Quantity.quantity></Point><Point><position>2460</position><in_Quantity.quantity>0.000000</in_Quantity.quantity><out_Quantity.quantity>399.280129</out_Quantity.quantity></Point><Point><position>2461</position><in_Quantity.quantity>0.000000</in_Quantity.quantity><out_Quantity.quantity>317.530442</out_Quantity.quantity></Point><Point><position>2462</position><in_Quantity.quantity>0.000000</in_Quantity.quantity><out_Quantity.quantity>699.248968</out_Quantity.quantity></Point><Point><position>2463</position><in_Quantity.quantity>0.000000</in_Quantity.quantity><out_Quantity.quantity>369.673682</out_Quantity.quantity></Point><Point><position>2464</position><in_Quantity.quantity>0.000000</in_Quantity.quantity><out_Quantity.quantity>978.035328</out_Quantity.quantity></Point><Point><position>2465</position><in_Quantity.quantity>0.000000</in_Quantity.quantity><out_Quantity.quantity>276.169583</out_Quantity.quantity></Point><Point><position>2466</position><in_Quantity.quantity>0.000000</in_Quantity.quantity><out_Quantity.quantity>816.769593</out_Quantity.quantity></Point><Point><position>2467</position><in_Quantity.quantity>0.000000</in_Quantity.quantity><out_Quantity.quantity>64.289165</out_Quantity.quantity></Point><Point><position>2468</position><in_Quantity.quantity>0.000000</in_Quantity.quantity><out_Quantity.quantity>148.447632</out_Quantity.quantity></Point><Point><position>2469</position><in_Quantity.quantity>0.000000</in_Quantity.quantity><out_Quantity.quantity>894.937412</out_Quantity.quantity></Point><Point><position>2470</position><in_Quantity.quantity>0.000000</in_Quantity.quantity><out_Quantity.quantity>162.181265</out_Quantity.quantity></Point><Point><position>2471</position><in_Quantity.quantity>0.000000</in_Quantity.quantity><out_Quantity.quantity>72.566522</out_Quantity.quantity></Point><Point><position>2472</position><in_Quantity.quantity>0.000000</in_Quantity.quantity><out_Quantity.quantity>888.599612</out_Quantity.quantity></Point><Point><position>2473</position><in_Quantity.quantity>0.000000</in_Quantity.quantity><out_Quantity.quantity>856.185932</out_Quantity.quantity></Point><Point><position>2474</position><in_Quantity.quantity>0.000000</in_Quantity.quantity><out_Quantity.quantity>916.507070</out_Quantity.quantity></Point><Point><position>2475</position><in_Quantity.quantity>0.000000</in_Quantity.quantity><out_Quantity.quantity>920.793810</out_Quantity.quantity></Point><Point><position>2476</position><in_Quantity.quantity>0.000000</in_Quantity.quantity><out_Quantity.quantity>852.393499</out_Quantity.quantity></Point><Point><position>2477</position><in_Quantity.quantity>0.000000</in_Quantity.quantity><out_Quantity.quantity>971.281150</out_Quantity.quantity></Point><Point><position>2478</position><in_Quantity.quantity>0.000000</in_Quantity.quantity><out_Quantity.quantity>813.033684</out_Quantity.quantity></Point><Point><position>2479</position><in_Quantity.quantity>0.000000</in_Quantity.quantity><out_Quantity.quantity>496.005987</out_Quantity.quantity></Point><Point><position>2480</position><in_Quantity.quantity>0.000000</in_Quantity.quantity><out_Quantity.quantity>701.734131</out_Quantity.quantity></Point><Point><position>2481</position><in_Quantity.quantity>0.000000</in_Quantity.quantity><out_Quantity.quantity>88.549462</out_Quantity.quantity></Point><Point><position>2482</position><in_Quantity.quantity>0.000000</in_Quantity.quantity><out_Quantity.quantity>114.724622</out_Quantity.quantity></Point><Point><position>2483</position><in_Quantity.quantity>0.000000</in_Quantity.quantity><out_Quantity.quantity>966.626458</out_Quantity.quantity></Point><Point><position>2484</position><in_Quantity.quantity>0.000000</in_Quantity.quantity><out_Quantity.quantity>295.507173</out_Quantity.quantity></Point><Point><position>2485</position><in_Quantity.quantity>0.000000</in_Quantity.quantity><out_Quantity.quantity>131.009294</out_Quantity.quantity></Point><Point><position>2486</position><in_Quantity.quantity>0.000000</in_Quantity.quantity><out_Quantity.quantity>742.629998</out_Quantity.quantity></Point><Point><position>2487</position><in_Quantity.quantity>0.000000</in_Quantity.quantity><out_Quantity.quantity>807.944329</out_Quantity.quantity></Point><Point><position>2488</position><in_Quantity.quantity>0.000000</in_Quantity.quantity><out_Quantity.quantity>320.669475</out_Quantity.quantity></Point><Point><position>2489</position><in_Quantity.quantity>0.000000</in_Quantity.quantity><out_Quantity.quantity>121.061320</out_Quantity.quantity></Point><Point><position>2490</position><in_Quantity.quantity>0.000000</in_Quantity.quantity><out_Quantity.quantity>148.920119</out_Quantity.quantity></Point><Point><position>2491</position><in_Quantity.quantity>0.000000</in_Quantity.quantity><out_Quantity.quantity>34.803285</out_Quantity.quantity></Point><Point><position>2492</position><in_Quantity.quantity>0.000000</in_Quantity.quantity><out_Quantity.quantity>766.185625</out_Quantity.quantity></Point><Point><position>2493</position><in_Quantity.quantity>0.000000</in_Quantity.quantity><out_Quantity.quantity>69.175279</out_Quantity.quantity></Point><Point><position>2494</position><in_Quantity.quantity>0.000000</in_Quantity.quantity><out_Quantity.quantity>776.636695</out_Quantity.quantity></Point><Point><position>2495</position><in_Quantity.quantity>0.000000</in_Quantity.quantity><out_Quantity.quantity>232.297671</out_Quantity.quantity></Point><Point><position>2496</position><in_Quantity.quantity>0.000000</in_Quantity.quantity><out_Quantity.quantity>486.489453</out_Quantity.quantity></Point><Point><position>2497</position><in_Quantity.quantity>0.000000</in_Quantity.quantity><out_Quantity.quantity>978.193544</out_Quantity.quantity></Point><Point><position>2498</position><in_Quantity.quantity>0.000000</in_Quantity.quantity><out_Quantity.quantity>991.670170</out_Quantity.quantity></Point><Point><position>2499</position><in_Quantity.quantity>0.000000</in_Quantity.quantity><out_Quantity.quantity>565.999851</out_Quantity.quantity></Point><Point><position>2500</position><in_Quantity.quantity>0.000000</in_Quantity.quantity><out_Quantity.quantity>520.263780</out_Quantity.quantity></Point><Point><position>2501</position><in_Quantity.quantity>0.000000</in_Quantity.quantity><out_Quantity.quantity>815.777446</out_Quantity.quantity></Point><Point><position>2502</position><in_Quantity.quantity>0.000000</in_Quantity.quantity><out_Quantity.quantity>719.015445</out_Quantity.quantity></Point><Point><position>2503</position><in_Quantity.quantity>0.000000</in_Quantity.quantity><out_Quantity.quantity>214.701729</out_Quantity.quantity></Point><Point><position>2504</position><in_Quantity.quantity>0.000000</in_Quantity.quantity><out_Quantity.quantity>169.985833</out_Quantity.quantity></Point><Point><position>2505</position><in_Quantity.quantity>0.000000</in_Quantity.quantity><out_Quantity.quantity>933.110280</out_Quantity.quantity></Point><Point><position>2506</position><in_Quantity.quantity>0.000000</in_Quantity.quantity><out_Quantity.quantity>26.652680</out_Quantity.quantity></Point><Point><position>2507</position><in_Quantity.quantity>0.000000</in_Quantity.quantity><out_Quantity.quantity>707.219417</out_Quantity.quantity></Point><Point><position>2508</position><in_Quantity.quantity>0.000000</in_Quantity.quantity><out_Quantity.quantity>858.150466</out_Quantity.quantity></Point><Point><position>2509</position><in_Quantity.quantity>0.000000</in_Quantity.quantity><out_Quantity.quantity>409.701474</out_Quantity.quantity></Point><Point><position>2510</position><in_Quantity.quantity>0.000000</in_Quantity.quantity><out_Quantity.quantity>728.257105</out_Quantity.quantity></Point><Point><position>2511</position><in_Quantity.quantity>0.000000</in_Quantity.quantity><out_Quantity.quantity>598.648781</out_Quantity.quantity></Point><Point><position>2512</position><in_Quantity.quantity>0.000000</in_Quantity.quantity><out_Quantity.quantity>832.788666</out_Quantity.quantity></Point><Point><position>2513</position><in_Quantity.quantity>0.000000</in_Quantity.quantity><out_Quantity.quantity>833.675822</out_Quantity.quantity></Point><Point><position>2514</position><in_Quantity.quantity>0.000000</in_Quantity.quantity><out_Quantity.quantity>505.499026</out_Quantity.quantity></Point><Point><position>2515</position><in_Quantity.quantity>0.000000</in_Quantity.quantity><out_Quantity.quantity>990.931742</out_Quantity.quantity></Point><Point><position>2516</position><in_Quantity.quantity>0.000000</in_Quantity.quantity><out_Quantity.quantity>853.933796</out_Quantity.quantity></Point><Point><position>2517</position><in_Quantity.quantity>0.000000</in_Quantity.quantity><out_Quantity.quantity>58.341507</out_Quantity.quantity></Point><Point><position>2518</position><in_Quantity.quantity>0.000000</in_Quantity.quantity><out_Quantity.quantity>403.621659</out_Quantity.quantity></Point><Point><position>2519</position><in_Quantity.quantity>0.000000</in_Quantity.quantity><out_Quantity.quantity>296.580558</out_Quantity.quantity></Point><Point><position>2520</position><in_Quantity.quantity>0.000000</in_Quantity.quantity><out_Quantity.quantity>634.363547</out_Quantity.quantity></Point><Point><position>2521</position><in_Quantity.quantity>0.000000</in_Quantity.quantity><out_Quantity.quantity>353.872605</out_Quantity.quantity></Point><Point><position>2522</position><in_Quantity.quantity>0.000000</in_Quantity.quantity><out_Quantity.quantity>756.828623</out_Quantity.quantity></Point><Point><position>2523</position><in_Quantity.quantity>0.000000</in_Quantity.quantity><out_Quantity.quantity>851.143419</out_Quantity.quantity></Point><Point><position>2524</position><in_Quantity.quantity>0.000000</in_Quantity.quantity><out_Quantity.quantity>660.716633</out_Quantity.quantity></Point><Point><position>2525</position><in_Quantity.quantity>0.000000</in_Quantity.quantity><out_Quantity.quantity>87.791089</out_Quantity.quantity></Point><Point><position>2526</position><in_Quantity.quantity>0.000000</in_Quantity.quantity><out_Quantity.quantity>331.863279</out_Quantity.quantity></Point><Point><position>2527</position><in_Quantity.quantity>0.000000</in_Quantity.quantity><out_Quantity.quantity>968.791271</out_Quantity.quantity></Point><Point><position>2528</position><in_Quantity.quantity>0.000000</in_Quantity.quantity><out_Quantity.quantity>446.365439</out_Quantity.quantity></Point><Point><position>2529</position><in_Quantity.quantity>0.000000</in_Quantity.quantity><out_Quantity.quantity>873.044757</out_Quantity.quantity></Point><Point><position>2530</position><in_Quantity.quantity>0.000000</in_Quantity.quantity><out_Quantity.quantity>500.018773</out_Quantity.quantity></Point><Point><position>2531</position><in_Quantity.quantity>0.000000</in_Quantity.quantity><out_Quantity.quantity>159.061525</out_Quantity.quantity></Point><Point><position>2532</position><in_Quantity.quantity>0.000000</in_Quantity.quantity><out_Quantity.quantity>767.498988</out_Quantity.quantity></Point><Point><position>2533</position><in_Quantity.quantity>0.000000</in_Quantity.quantity><out_Quantity.quantity>556.177833</out_Quantity.quantity></Point><Point><position>2534</position><in_Quantity.quantity>0.000000</in_Quantity.quantity><out_Quantity.quantity>925.219999</out_Quantity.quantity></Point><Point><position>2535</position><in_Quantity.quantity>0.000000</in_Quantity.quantity><out_Quantity.quantity>114.822495</out_Quantity.quantity></Point><Point><position>2536</position><in_Quantity.quantity>0.000000</in_Quantity.quantity><out_Quantity.quantity>99.018210</out_Quantity.quantity></Point><Point><position>2537</position><in_Quantity.quantity>0.000000</in_Quantity.quantity><out_Quantity.quantity>938.025559</out_Quantity.quantity></Point><Point><position>2538</position><in_Quantity.quantity>0.000000</in_Quantity.quantity><out_Quantity.quantity>866.606725</out_Quantity.quantity></Point><Point><position>2539</position><in_Quantity.quantity>0.000000</in_Quantity.quantity><out_Quantity.quantity>497.097387</out_Quantity.quantity></Point><Point><position>2540</position><in_Quantity.quantity>0.000000</in_Quantity.quantity><out_Quantity.quantity>511.354658</out_Quantity.quantity></Point><Point><position>2541</position><in_Quantity.quantity>0.000000</in_Quantity.quantity><out_Quantity.quantity>522.460416</out_Quantity.quantity></Point><Point><position>2542</position><in_Quantity.quantity>0.000000</in_Quantity.quantity><out_Quantity.quantity>29.165204</out_Quantity.quantity></Point><Point><position>2543</position><in_Quantity.quantity>0.000000</in_Quantity.quantity><out_Quantity.quantity>14.331018</out_Quantity.quantity></Point><Point><position>2544</position><in_Quantity.quantity>0.000000</in_Quantity.quantity><out_Quantity.quantity>411.651069</out_Quantity.quantity></Point><Point><position>2545</position><in_Quantity.quantity>0.000000</in_Quantity.quantity><out_Quantity.quantity>564.554433</out_Quantity.quantity></Point><Point><position>2546</position><in_Quantity.quantity>0.000000</in_Quantity.quantity><out_Quantity.quantity>540.112299</out_Quantity.quantity></Point><Point><position>2547</position><in_Quantity.quantity>0.000000</in_Quantity.quantity><out_Quantity.quantity>792.279810</out_Quantity.quantity></Point><Point><position>2548</position><in_Quantity.quantity>0.000000</in_Quantity.quantity><out_Quantity.quantity>708.074364</out_Quantity.quantity></Point><Point><position>2549</position><in_Quantity.quantity>0.000000</in_Quantity.quantity><out_Quantity.quantity>844.750846</out_Quantity.quantity></Point><Point><position>2550</position><in_Quantity.quantity>0.000000</in_Quantity.quantity><out_Quantity.quantity>291.590768</out_Quantity.quantity></Point><Point><position>2551</position><in_Quantity.quantity>0.000000</in_Quantity.quantity><out_Quantity.quantity>925.231380</out_Quantity.quantity></Point><Point><position>2552</position><in_Quantity.quantity>0.000000</in_Quantity.quantity><out_Quantity.quantity>865.073796</out_Quantity.quantity></Point><Point><position>2553</position><in_Quantity.quantity>0.000000</in_Quantity.quantity><out_Quantity.quantity>459.009755</out_Quantity.quantity></Point><Point><position>2554</position><in_Quantity.quantity>0.000000</in_Quantity.quantity><out_Quantity.quantity>20.957743</out_Quantity.quantity></Point><Point><position>2555</position><in_Quantity.quantity>0.000000</in_Quantity.quantity><out_Quantity.quantity>373.005710</out_Quantity.quantity></Point><Point><position>2556</position><in_Quantity.quantity>0.000000</in_Quantity.quantity><out_Quantity.quantity>338.701541</out_Quantity.quantity></Point><Point><position>2557</position><in_Quantity.quantity>0.000000</in_Quantity.quantity><out_Quantity.quantity>354.899086</out_Quantity.quantity></Point><Point><position>2558</position><in_Quantity.quantity>0.000000</in_Quantity.quantity><out_Quantity.quantity>290.501552</out_Quantity.quantity></Point><Point><position>2559</position><in_Quantity.quantity>0.000000</in_Quantity.quantity><out_Quantity.quantity>221.296023</out_Quantity.quantity></Point><Point><position>2560</position><in_Quantity.quantity>0.000000</in_Quantity.quantity><out_Quantity.quantity>513.406415</out_Quantity.quantity></Point><Point><position>2561</position><in_Quantity.quantity>0.000000</in_Quantity.quantity><out_Quantity.quantity>58.019272</out_Quantity.quantity></Point><Point><position>2562</position><in_Quantity.quantity>0.000000</in_Quantity.quantity><out_Quantity.quantity>919.655000</out_Quantity.quantity></Point><Point><position>2563</position><in_Quantity.quantity>0.000000</in_Quantity.quantity><out_Quantity.quantity>313.331588</out_Quantity.quantity></Point><Point><position>2564</position><in_Quantity.quantity>0.000000</in_Quantity.quantity><out_Quantity.quantity>878.153996</out_Quantity.quantity></Point><Point><position>2565</position><in_Quantity.quantity>0.000000</in_Quantity.quantity><out_Quantity.quantity>353.913275</out_Quantity.quantity></Point><Point><position>2566</position><in_Quantity.quantity>0.000000</in_Quantity.quantity><out_Quantity.quantity>1.135502</out_Quantity.quantity></Point><Point><position>2567</position><in_Quantity.quantity>0.000000</in_Quantity.quantity><out_Quantity.quantity>464.353702</out_Quantity.quantity></Point><Point><position>2568</position><in_Quantity.quantity>0.000000</in_Quantity.quantity><out_Quantity.quantity>825.159707</out_Quantity.quantity></Point><Point><position>2569</position><in_Quantity.quantity>0.000000</in_Quantity.quantity><out_Quantity.quantity>165.445859</out_Quantity.quantity></Point><Point><position>2570</position><in_Quantity.quantity>0.000000</in_Quantity.quantity><out_Quantity.quantity>509.488185</out_Quantity.quantity></Point><Point><position>2571</position><in_Quantity.quantity>0.000000</in_Quantity.quantity><out_Quantity.quantity>127.682609</out_Quantity.quantity></Point><Point><position>2572</position><in_Quantity.quantity>0.000000</in_Quantity.quantity><out_Quantity.quantity>72.983771</out_Quantity.quantity></Point><Point><position>2573</position><in_Quantity.quantity>0.000000</in_Quantity.quantity><out_Quantity.quantity>773.028860</out_Quantity.quantity></Point><Point><position>2574</position><in_Quantity.quantity>0.000000</in_Quantity.quantity><out_Quantity.quantity>67.715771</out_Quantity.quantity></Point><Point><position>2575</position><in_Quantity.quantity>0.000000</in_Quantity.quantity><out_Quantity.quantity>315.847476</out_Quantity.quantity></Point><Point><position>2576</position><in_Quantity.quantity>0.000000</in_Quantity.quantity><out_Quantity.quantity>93.443471</out_Quantity.quantity></Point><Point><position>2577</position><in_Quantity.quantity>0.000000</in_Quantity.quantity><out_Quantity.quantity>849.151772</out_Quantity.quantity></Point><Point><position>2578</position><in_Quantity.quantity>0.000000</in_Quantity.quantity><out_Quantity.quantity>304.301585</out_Quantity.quantity></Point><Point><position>2579</position><in_Quantity.quantity>0.000000</in_Quantity.quantity><out_Quantity.quantity>49.616934</out_Quantity.quantity></Point><Point><position>2580</position><in_Quantity.quantity>0.000000</in_Quantity.quantity><out_Quantity.quantity>485.339444</out_Quantity.quantity></Point><Point><position>2581</position><in_Quantity.quantity>0.000000</in_Quantity.quantity><out_Quantity.quantity>562.803322</out_Quantity.quantity></Point><Point><position>2582</position><in_Quantity.quantity>0.000000</in_Quantity.quantity><out_Quantity.quantity>159.194283</out_Quantity.quantity></Point><Point><position>2583</position><in_Quantity.quantity>0.000000</in_Quantity.quantity><out_Quantity.quantity>196.497163</out_Quantity.quantity></Point><Point><position>2584</position><in_Quantity.quantity>0.000000</in_Quantity.quantity><out_Quantity.quantity>402.284752</out_Quantity.quantity></Point><Point><position>2585</position><in_Quantity.quantity>0.000000</in_Quantity.quantity><out_Quantity.quantity>561.937794</out_Quantity.quantity></Point><Point><position>2586</position><in_Quantity.quantity>0.000000</in_Quantity.quantity><out_Quantity.quantity>2.270270</out_Quantity.quantity></Point><Point><position>2587</position><in_Quantity.quantity>0.000000</in_Quantity.quantity><out_Quantity.quantity>633.337971</out_Quantity.quantity></Point><Point><position>2588</position><in_Quantity.quantity>0.000000</in_Quantity.quantity><out_Quantity.quantity>45.402222</out_Quantity.quantity></Point><Point><position>2589</position><in_Quantity.quantity>0.000000</in_Quantity.quantity><out_Quantity.quantity>391.510939</out_Quantity.quantity></Point><Point><position>2590</position><in_Quantity.quantity>0.000000</in_Quantity.quantity><out_Quantity.quantity>204.208337</out_Quantity.quantity></Point><Point><position>2591</position><in_Quantity.quantity>0.000000</in_Quantity.quantity><out_Quantity.quantity>598.542623</out_Quantity.quantity></Point><Point><position>2592</position><in_Quantity.quantity>0.000000</in_Quantity.quantity><out_Quantity.quantity>521.484949</out_Quantity.quantity></Point><Point><position>2593</position><in_Quantity.quantity>0.000000</in_Quantity.quantity><out_Quantity.quantity>21.155679</out_Quantity.quantity></Point><Point><position>2594</position><in_Quantity.quantity>0.000000</in_Quantity.quantity><out_Quantity.quantity>836.834228</out_Quantity.quantity></Point><Point><position>2595</position><in_Quantity.quantity>0.000000</in_Quantity.quantity><out_Quantity.quantity>132.246419</out_Quantity.quantity></Point><Point><position>2596</position><in_Quantity.quantity>0.000000</in_Quantity.quantity><out_Quantity.quantity>398.051597</out_Quantity.quantity></Point><Point><position>2597</position><in_Quantity.quantity>0.000000</in_Quantity.quantity><out_Quantity.quantity>988.797945</out_Quantity.quantity></Point><Point><position>2598</position><in_Quantity.quantity>0.000000</in_Quantity.quantity><out_Quantity.quantity>13.404461</out_Quantity.quantity></Point><Point><position>2599</position><in_Quantity.quantity>0.000000</in_Quantity.quantity><out_Quantity.quantity>730.255405</out_Quantity.quantity></Point><Point><position>2600</position><in_Quantity.quantity>0.000000</in_Quantity.quantity><out_Quantity.quantity>138.273521</out_Quantity.quantity></Point><Point><position>2601</position><in_Quantity.quantity>0.000000</in_Quantity.quantity><out_Quantity.quantity>914.382465</out_Quantity.quantity></Point><Point><position>2602</position><in_Quantity.quantity>0.000000</in_Quantity.quantity><out_Quantity.quantity>26.735452</out_Quantity.quantity></Point><Point><position>2603</position><in_Quantity.quantity>0.000000</in_Quantity.quantity><out_Quantity.quantity>747.202203</out_Quantity.quantity></Point><Point><position>2604</position><in_Quantity.quantity>0.000000</in_Quantity.quantity><out_Quantity.quantity>643.044172</out_Quantity.quantity></Point><Point><position>2605</position><in_Quantity.quantity>0.000000</in_Quantity.quantity><out_Quantity.quantity>93.118688</out_Quantity.quantity></Point><Point><position>2606</position><in_Quantity.quantity>0.000000</in_Quantity.quantity><out_Quantity.quantity>286.733522</out_Quantity.quantity></Point><Point><position>2607</position><in_Quantity.quantity>0.000000</in_Quantity.quantity><out_Quantity.quantity>214.382899</out_Quantity.quantity></Point><Point><position>2608</position><in_Quantity.quantity>0.000000</in_Quantity.quantity><out_Quantity.quantity>102.526264</out_Quantity.quantity></Point><Point><position>2609</position><in_Quantity.quantity>0.000000</in_Quantity.quantity><out_Quantity.quantity>95.318049</out_Quantity.quantity></Point><Point><position>2610</position><in_Quantity.quantity>0.000000</in_Quantity.quantity><out_Quantity.quantity>642.807591</out_Quantity.quantity></Point><Point><position>2611</position><in_Quantity.quantity>0.000000</in_Quantity.quantity><out_Quantity.quantity>420.152257</out_Quantity.quantity></Point><Point><position>2612</position><in_Quantity.quantity>0.000000</in_Quantity.quantity><out_Quantity.quantity>305.676120</out_Quantity.quantity></Point><Point><position>2613</position><in_Quantity.quantity>0.000000</in_Quantity.quantity><out_Quantity.quantity>845.344362</out_Quantity.quantity></Point><Point><position>2614</position><in_Quantity.quantity>0.000000</in_Quantity.quantity><out_Quantity.quantity>286.308658</out_Quantity.quantity></Point><Point><position>2615</position><in_Quantity.quantity>0.000000</in_Quantity.quantity><out_Quantity.quantity>250.316434</out_Quantity.quantity></Point><Point><position>2616</position><in_Quantity.quantity>0.000000</in_Quantity.quantity><out_Quantity.quantity>752.322554</out_Quantity.quantity></Point><Point><position>2617</position><in_Quantity.quantity>0.000000</in_Quantity.quantity><out_Quantity.quantity>243.584178</out_Quantity.quantity></Point><Point><position>2618</position><in_Quantity.quantity>0.000000</in_Quantity.quantity><out_Quantity.quantity>66.396972</out_Quantity.quantity></Point><Point><position>2619</position><in_Quantity.quantity>0.000000</in_Quantity.quantity><out_Quantity.quantity>221.940345</out_Quantity.quantity></Point><Point><position>2620</position><in_Quantity.quantity>0.000000</in_Quantity.quantity><out_Quantity.quantity>755.401940</out_Quantity.quantity></Point><Point><position>2621</position><in_Quantity.quantity>0.000000</in_Quantity.quantity><out_Quantity.quantity>468.266805</out_Quantity.quantity></Point><Point><position>2622</position><in_Quantity.quantity>0.000000</in_Quantity.quantity><out_Quantity.quantity>455.710195</out_Quantity.quantity></Point><Point><position>2623</position><in_Quantity.quantity>0.000000</in_Quantity.quantity><out_Quantity.quantity>385.303367</out_Quantity.quantity></Point><Point><position>2624</position><in_Quantity.quantity>0.000000</in_Quantity.quantity><out_Quantity.quantity>828.892303</out_Quantity.quantity></Point><Point><position>2625</position><in_Quantity.quantity>0.000000</in_Quantity.quantity><out_Quantity.quantity>821.566866</out_Quantity.quantity></Point><Point><position>2626</position><in_Quantity.quantity>0.000000</in_Quantity.quantity><out_Quantity.quantity>527.726333</out_Quantity.quantity></Point><Point><position>2627</position><in_Quantity.quantity>0.000000</in_Quantity.quantity><out_Quantity.quantity>325.560378</out_Quantity.quantity></Point><Point><position>2628</position><in_Quantity.quantity>0.000000</in_Quantity.quantity><out_Quantity.quantity>653.288966</out_Quantity.quantity></Point><Point><position>2629</position><in_Quantity.quantity>0.000000</in_Quantity.quantity><out_Quantity.quantity>647.830556</out_Quantity.quantity></Point><Point><position>2630</position><in_Quantity.quantity>0.000000</in_Quantity.quantity><out_Quantity.quantity>902.861626</out_Quantity.quantity></Point><Point><position>2631</position><in_Quantity.quantity>0.000000</in_Quantity.quantity><out_Quantity.quantity>462.120200</out_Quantity.quantity></Point><Point><position>2632</position><in_Quantity.quantity>0.000000</in_Quantity.quantity><out_Quantity.quantity>219.863386</out_Quantity.quantity></Point><Point><position>2633</position><in_Quantity.quantity>0.000000</in_Quantity.quantity><out_Quantity.quantity>920.914176</out_Quantity.quantity></Point><Point><position>2634</position><in_Quantity.quantity>0.000000</in_Quantity.quantity><out_Quantity.quantity>125.424331</out_Quantity.quantity></Point><Point><position>2635</position><in_Quantity.quantity>0.000000</in_Quantity.quantity><out_Quantity.quantity>471.001913</out_Quantity.quantity></Point><Point><position>2636</position><in_Quantity.quantity>0.000000</in_Quantity.quantity><out_Quantity.quantity>67.772160</out_Quantity.quantity></Point><Point><position>2637</position><in_Quantity.quantity>0.000000</in_Quantity.quantity><out_Quantity.quantity>681.099306</out_Quantity.quantity></Point><Point><position>2638</position><in_Quantity.quantity>0.000000</in_Quantity.quantity><out_Quantity.quantity>34.675635</out_Quantity.quantity></Point><Point><position>2639</position><in_Quantity.quantity>0.000000</in_Quantity.quantity><out_Quantity.quantity>550.566004</out_Quantity.quantity></Point><Point><position>2640</position><in_Quantity.quantity>0.000000</in_Quantity.quantity><out_Quantity.quantity>379.445896</out_Quantity.quantity></Point><Point><position>2641</position><in_Quantity.quantity>0.000000</in_Quantity.quantity><out_Quantity.quantity>683.498846</out_Quantity.quantity></Point><Point><position>2642</position><in_Quantity.quantity>0.000000</in_Quantity.quantity><out_Quantity.quantity>636.868729</out_Quantity.quantity></Point><Point><position>2643</position><in_Quantity.quantity>0.000000</in_Quantity.quantity><out_Quantity.quantity>4.876042</out_Quantity.quantity></Point><Point><position>2644</position><in_Quantity.quantity>0.000000</in_Quantity.quantity><out_Quantity.quantity>850.104683</out_Quantity.quantity></Point><Point><position>2645</position><in_Quantity.quantity>0.000000</in_Quantity.quantity><out_Quantity.quantity>616.363089</out_Quantity.quantity></Point><Point><position>2646</position><in_Quantity.quantity>0.000000</in_Quantity.quantity><out_Quantity.quantity>741.508590</out_Quantity.quantity></Point><Point><position>2647</position><in_Quantity.quantity>0.000000</in_Quantity.quantity><out_Quantity.quantity>638.320695</out_Quantity.quantity></Point><Point><position>2648</position><in_Quantity.quantity>0.000000</in_Quantity.quantity><out_Quantity.quantity>851.861197</out_Quantity.quantity></Point><Point><position>2649</position><in_Quantity.quantity>0.000000</in_Quantity.quantity><out_Quantity.quantity>516.513406</out_Quantity.quantity></Point><Point><position>2650</position><in_Quantity.quantity>0.000000</in_Quantity.quantity><out_Quantity.quantity>966.782979</out_Quantity.quantity></Point><Point><position>2651</position><in_Quantity.quantity>0.000000</in_Quantity.quantity><out_Quantity.quantity>950.507660</out_Quantity.quantity></Point><Point><position>2652</position><in_Quantity.quantity>0.000000</in_Quantity.quantity><out_Quantity.quantity>640.311051</out_Quantity.quantity></Point><Point><position>2653</position><in_Quantity.quantity>0.000000</in_Quantity.quantity><out_Quantity.quantity>72.922192</out_Quantity.quantity></Point><Point><position>2654</position><in_Quantity.quantity>0.000000</in_Quantity.quantity><out_Quantity.quantity>414.026819</out_Quantity.quantity></Point><Point><position>2655</position><in_Quantity.quantity>0.000000</in_Quantity.quantity><out_Quantity.quantity>417.142884</out_Quantity.quantity></Point><Point><position>2656</position><in_Quantity.quantity>0.000000</in_Quantity.quantity><out_Quantity.quantity>690.802573</out_Quantity.quantity></Point><Point><position>2657</position><in_Quantity.quantity>0.000000</in_Quantity.quantity><out_Quantity.quantity>363.644543</out_Quantity.quantity></Point><Point><position>2658</position><in_Quantity.quantity>0.000000</in_Quantity.quantity><out_Quantity.quantity>603.042118</out_Quantity.quantity></Point><Point><position>2659</position><in_Quantity.quantity>0.000000</in_Quantity.quantity><out_Quantity.quantity>232.040094</out_Quantity.quantity></Point><Point><position>2660</position><in_Quantity.quantity>0.000000</in_Quantity.quantity><out_Quantity.quantity>326.700251</out_Quantity.quantity></Point><Point><position>2661</position><in_Quantity.quantity>0.000000</in_Quantity.quantity><out_Quantity.quantity>979.517553</out_Quantity.quantity></Point><Point><position>2662</position><in_Quantity.quantity>0.000000</in_Quantity.quantity><out_Quantity.quantity>150.069008</out_Quantity.quantity></Point><Point><position>2663</position><in_Quantity.quantity>0.000000</in_Quantity.quantity><out_Quantity.quantity>12.424719</out_Quantity.quantity></Point><Point><position>2664</position><in_Quantity.quantity>0.000000</in_Quantity.quantity><out_Quantity.quantity>333.448172</out_Quantity.quantity></Point><Point><position>2665</position><in_Quantity.quantity>0.000000</in_Quantity.quantity><out_Quantity.quantity>992.650641</out_Quantity.quantity></Point><Point><position>2666</position><in_Quantity.quantity>0.000000</in_Quantity.quantity><out_Quantity.quantity>161.271139</out_Quantity.quantity></Point><Point><position>2667</position><in_Quantity.quantity>0.000000</in_Quantity.quantity><out_Quantity.quantity>618.881469</out_Quantity.quantity></Point><Point><position>2668</position><in_Quantity.quantity>0.000000</in_Quantity.quantity><out_Quantity.quantity>787.727694</out_Quantity.quantity></Point><Point><position>2669</position><in_Quantity.quantity>0.000000</in_Quantity.quantity><out_Quantity.quantity>398.366511</out_Quantity.quantity></Point><Point><position>2670</position><in_Quantity.quantity>0.000000</in_Quantity.quantity><out_Quantity.quantity>473.344598</out_Quantity.quantity></Point><Point><position>2671</position><in_Quantity.quantity>0.000000</in_Quantity.quantity><out_Quantity.quantity>517.628407</out_Quantity.quantity></Point><Point><position>2672</position><in_Quantity.quantity>0.000000</in_Quantity.quantity><out_Quantity.quantity>624.347627</out_Quantity.quantity></Point><Point><position>2673</position><in_Quantity.quantity>0.000000</in_Quantity.quantity><out_Quantity.quantity>403.163284</out_Quantity.quantity></Point><Point><position>2674</position><in_Quantity.quantity>0.000000</in_Quantity.quantity><out_Quantity.quantity>387.647994</out_Quantity.quantity></Point><Point><position>2675</position><in_Quantity.quantity>0.000000</in_Quantity.quantity><out_Quantity.quantity>417.356844</out_Quantity.quantity></Point><Point><position>2676</position><in_Quantity.quantity>0.000000</in_Quantity.quantity><out_Quantity.quantity>16.655623</out_Quantity.quantity></Point><Point><position>2677</position><in_Quantity.quantity>0.000000</in_Quantity.quantity><out_Quantity.quantity>634.486350</out_Quantity.quantity></Point><Point><position>2678</position><in_Quantity.quantity>0.000000</in_Quantity.quantity><out_Quantity.quantity>927.301568</out_Quantity.quantity></Point><Point><position>2679</position><in_Quantity.quantity>0.000000</in_Quantity.quantity><out_Quantity.quantity>249.299041</out_Quantity.quantity></Point><Point><position>2680</position><in_Quantity.quantity>0.000000</in_Quantity.quantity><out_Quantity.quantity>531.239267</out_Quantity.quantity></Point><Point><position>2681</position><in_Quantity.quantity>0.000000</in_Quantity.quantity><out_Quantity.quantity>474.333758</out_Quantity.quantity></Point><Point><position>2682</position><in_Quantity.quantity>0.000000</in_Quantity.quantity><out_Quantity.quantity>376.611300</out_Quantity.quantity></Point><Point><position>2683</position><in_Quantity.quantity>0.000000</in_Quantity.quantity><out_Quantity.quantity>501.575019</out_Quantity.quantity></Point><Point><position>2684</position><in_Quantity.quantity>0.000000</in_Quantity.quantity><out_Quantity.quantity>708.686121</out_Quantity.quantity></Point><Point><position>2685</position><in_Quantity.quantity>0.000000</in_Quantity.quantity><out_Quantity.quantity>545.677752</out_Quantity.quantity></Point><Point><position>2686</position><in_Quantity.quantity>0.000000</in_Quantity.quantity><out_Quantity.quantity>646.253016</out_Quantity.quantity></Point><Point><position>2687</position><in_Quantity.quantity>0.000000</in_Quantity.quantity><out_Quantity.quantity>933.541546</out_Quantity.quantity></Point><Point><position>2688</position><in_Quantity.quantity>0.000000</in_Quantity.quantity><out_Quantity.quantity>199.924605</out_Quantity.quantity></Point><Point><position>2689</position><in_Quantity.quantity>0.000000</in_Quantity.quantity><out_Quantity.quantity>140.159335</out_Quantity.quantity></Point><Point><position>2690</position><in_Quantity.quantity>0.000000</in_Quantity.quantity><out_Quantity.quantity>772.637648</out_Quantity.quantity></Point><Point><position>2691</position><in_Quantity.quantity>0.000000</in_Quantity.quantity><out_Quantity.quantity>504.432065</out_Quantity.quantity></Point><Point><position>2692</position><in_Quantity.quantity>0.000000</in_Quantity.quantity><out_Quantity.quantity>602.988451</out_Quantity.quantity></Point><Point><position>2693</position><in_Quantity.quantity>0.000000</in_Quantity.quantity><out_Quantity.quantity>99.815266</out_Quantity.quantity></Point><Point><position>2694</position><in_Quantity.quantity>0.000000</in_Quantity.quantity><out_Quantity.quantity>316.854459</out_Quantity.quantity></Point><Point><position>2695</position><in_Quantity.quantity>0.000000</in_Quantity.quantity><out_Quantity.quantity>253.005344</out_Quantity.quantity></Point><Point><position>2696</position><in_Quantity.quantity>0.000000</in_Quantity.quantity><out_Quantity.quantity>885.002739</out_Quantity.quantity></Point><Point><position>2697</position><in_Quantity.quantity>0.000000</in_Quantity.quantity><out_Quantity.quantity>435.997421</out_Quantity.quantity></Point><Point><position>2698</position><in_Quantity.quantity>0.000000</in_Quantity.quantity><out_Quantity.quantity>868.158766</out_Quantity.quantity></Point><Point><position>2699</position><in_Quantity.quantity>0.000000</in_Quantity.quantity><out_Quantity.quantity>320.257967</out_Quantity.quantity></Point><Point><position>2700</position><in_Quantity.quantity>0.000000</in_Quantity.quantity><out_Quantity.quantity>9.751632</out_Quantity.quantity></Point><Point><position>2701</position><in_Quantity.quantity>0.000000</in_Quantity.quantity><out_Quantity.quantity>118.689683</out_Quantity.quantity></Point><Point><position>2702</position><in_Quantity.quantity>0.000000</in_Quantity.quantity><out_Quantity.quantity>450.556532</out_Quantity.quantity></Point><Point><position>2703</position><in_Quantity.quantity>0.000000</in_Quantity.quantity><out_Quantity.quantity>428.982129</out_Quantity.quantity></Point><Point><position>2704</position><in_Quantity.quantity>0.000000</in_Quantity.quantity><out_Quantity.quantity>338.725053</out_Quantity.quantity></Point><Point><position>2705</position><in_Quantity.quantity>0.000000</in_Quantity.quantity><out_Quantity.quantity>531.289221</out_Quantity.quantity></Point><Point><position>2706</position><in_Quantity.quantity>0.000000</in_Quantity.quantity><out_Quantity.quantity>366.522055</out_Quantity.quantity></Point><Point><position>2707</position><in_Quantity.quantity>0.000000</in_Quantity.quantity><out_Quantity.quantity>159.512716</out_Quantity.quantity></Point><Point><position>2708</position><in_Quantity.quantity>0.000000</in_Quantity.quantity><out_Quantity.quantity>567.371175</out_Quantity.quantity></Point><Point><position>2709</position><in_Quantity.quantity>0.000000</in_Quantity.quantity><out_Quantity.quantity>980.389007</out_Quantity.quantity></Point><Point><position>2710</position><in_Quantity.quantity>0.000000</in_Quantity.quantity><out_Quantity.quantity>477.547185</out_Quantity.quantity></Point><Point><position>2711</position><in_Quantity.quantity>0.000000</in_Quantity.quantity><out_Quantity.quantity>414.061537</out_Quantity.quantity></Point><Point><position>2712</position><in_Quantity.quantity>0.000000</in_Quantity.quantity><out_Quantity.quantity>426.418760</out_Quantity.quantity></Point><Point><position>2713</position><in_Quantity.quantity>0.000000</in_Quantity.quantity><out_Quantity.quantity>36.454871</out_Quantity.quantity></Point><Point><position>2714</position><in_Quantity.quantity>0.000000</in_Quantity.quantity><out_Quantity.quantity>932.913064</out_Quantity.quantity></Point><Point><position>2715</position><in_Quantity.quantity>0.000000</in_Quantity.quantity><out_Quantity.quantity>161.178875</out_Quantity.quantity></Point><Point><position>2716</position><in_Quantity.quantity>0.000000</in_Quantity.quantity><out_Quantity.quantity>919.303300</out_Quantity.quantity></Point><Point><position>2717</position><in_Quantity.quantity>0.000000</in_Quantity.quantity><out_Quantity.quantity>830.502820</out_Quantity.quantity></Point><Point><position>2718</position><in_Quantity.quantity>0.000000</in_Quantity.quantity><out_Quantity.quantity>825.611833</out_Quantity.quantity></Point><Point><position>2719</position><in_Quantity.quantity>0.000000</in_Quantity.quantity><out_Quantity.quantity>509.595980</out_Quantity.quantity></Point><Point><position>2720</position><in_Quantity.quantity>0.000000</in_Quantity.quantity><out_Quantity.quantity>696.588796</out_Quantity.quantity></Point><Point><position>2721</position><in_Quantity.quantity>0.000000</in_Quantity.quantity><out_Quantity.quantity>948.555764</out_Quantity.quantity></Point><Point><position>2722</position><in_Quantity.quantity>0.000000</in_Quantity.quantity><out_Quantity.quantity>560.727809</out_Quantity.quantity></Point><Point><position>2723</position><in_Quantity.quantity>0.000000</in_Quantity.quantity><out_Quantity.quantity>177.718668</out_Quantity.quantity></Point><Point><position>2724</position><in_Quantity.quantity>0.000000</in_Quantity.quantity><out_Quantity.quantity>888.906383</out_Quantity.quantity></Point><Point><position>2725</position><in_Quantity.quantity>0.000000</in_Quantity.quantity><out_Quantity.quantity>336.407602</out_Quantity.quantity></Point><Point><position>2726</position><in_Quantity.quantity>0.000000</in_Quantity.quantity><out_Quantity.quantity>998.026012</out_Quantity.quantity></Point><Point><position>2727</position><in_Quantity.quantity>0.000000</in_Quantity.quantity><out_Quantity.quantity>943.430513</out_Quantity.quantity></Point><Point><position>2728</position><in_Quantity.quantity>0.000000</in_Quantity.quantity><out_Quantity.quantity>993.630214</out_Quantity.quantity></Point><Point><position>2729</position><in_Quantity.quantity>0.000000</in_Quantity.quantity><out_Quantity.quantity>278.102961</out_Quantity.quantity></Point><Point><position>2730</position><in_Quantity.quantity>0.000000</in_Quantity.quantity><out_Quantity.quantity>356.714789</out_Quantity.quantity></Point><Point><position>2731</position><in_Quantity.quantity>0.000000</in_Quantity.quantity><out_Quantity.quantity>565.128537</out_Quantity.quantity></Point><Point><position>2732</position><in_Quantity.quantity>0.000000</in_Quantity.quantity><out_Quantity.quantity>798.586802</out_Quantity.quantity></Point><Point><position>2733</position><in_Quantity.quantity>0.000000</in_Quantity.quantity><out_Quantity.quantity>846.310834</out_Quantity.quantity></Point><Point><position>2734</position><in_Quantity.quantity>0.000000</in_Quantity.quantity><out_Quantity.quantity>794.244814</out_Quantity.quantity></Point><Point><position>2735</position><in_Quantity.quantity>0.000000</in_Quantity.quantity><out_Quantity.quantity>431.548103</out_Quantity.quantity></Point><Point><position>2736</position><in_Quantity.quantity>0.000000</in_Quantity.quantity><out_Quantity.quantity>833.994067</out_Quantity.quantity></Point><Point><position>2737</position><in_Quantity.quantity>0.000000</in_Quantity.quantity><out_Quantity.quantity>636.225330</out_Quantity.quantity></Point><Point><position>2738</position><in_Quantity.quantity>0.000000</in_Quantity.quantity><out_Quantity.quantity>244.163205</out_Quantity.quantity></Point><Point><position>2739</position><in_Quantity.quantity>0.000000</in_Quantity.quantity><out_Quantity.quantity>850.513451</out_Quantity.quantity></Point><Point><position>2740</position><in_Quantity.quantity>0.000000</in_Quantity.quantity><out_Quantity.quantity>23.979507</out_Quantity.quantity></Point><Point><position>2741</position><in_Quantity.quantity>0.000000</in_Quantity.quantity><out_Quantity.quantity>72.898031</out_Quantity.quantity></Point><Point><position>2742</position><in_Quantity.quantity>0.000000</in_Quantity.quantity><out_Quantity.quantity>712.177214</out_Quantity.quantity></Point><Point><position>2743</position><in_Quantity.quantity>0.000000</in_Quantity.quantity><out_Quantity.quantity>862.147195</out_Quantity.quantity></Point><Point><position>2744</position><in_Quantity.quantity>0.000000</in_Quantity.quantity><out_Quantity.quantity>841.648542</out_Quantity.quantity></Point><Point><position>2745</position><in_Quantity.quantity>0.000000</in_Quantity.quantity><out_Quantity.quantity>886.867600</out_Quantity.quantity></Point><Point><position>2746</position><in_Quantity.quantity>0.000000</in_Quantity.quantity><out_Quantity.quantity>205.541070</out_Quantity.quantity></Point><Point><position>2747</position><in_Quantity.quantity>0.000000</in_Quantity.quantity><out_Quantity.quantity>793.651400</out_Quantity.quantity></Point><Point><position>2748</position><in_Quantity.quantity>0.000000</in_Quantity.quantity><out_Quantity.quantity>447.907609</out_Quantity.quantity></Point><Point><position>2749</position><in_Quantity.quantity>0.000000</in_Quantity.quantity><out_Quantity.quantity>540.360903</out_Quantity.quantity></Point><Point><position>2750</position><in_Quantity.quantity>0.000000</in_Quantity.quantity><out_Quantity.quantity>30.806243</out_Quantity.quantity></Point><Point><position>2751</position><in_Quantity.quantity>0.000000</in_Quantity.quantity><out_Quantity.quantity>408.160102</out_Quantity.quantity></Point><Point><position>2752</position><in_Quantity.quantity>0.000000</in_Quantity.quantity><out_Quantity.quantity>328.490795</out_Quantity.quantity></Point><Point><position>2753</position><in_Quantity.quantity>0.000000</in_Quantity.quantity><out_Quantity.quantity>586.997779</out_Quantity.quantity></Point><Point><position>2754</position><in_Quantity.quantity>0.000000</in_Quantity.quantity><out_Quantity.quantity>598.751854</out_Quantity.quantity></Point><Point><position>2755</position><in_Quantity.quantity>0.000000</in_Quantity.quantity><out_Quantity.quantity>23.294540</out_Quantity.quantity></Point><Point><position>2756</position><in_Quantity.quantity>0.000000</in_Quantity.quantity><out_Quantity.quantity>361.828423</out_Quantity.quantity></Point><Point><position>2757</position><in_Quantity.quantity>0.000000</in_Quantity.quantity><out_Quantity.quantity>174.469801</out_Quantity.quantity></Point><Point><position>2758</position><in_Quantity.quantity>0.000000</in_Quantity.quantity><out_Quantity.quantity>753.559081</out_Quantity.quantity></Point><Point><position>2759</position><in_Quantity.quantity>0.000000</in_Quantity.quantity><out_Quantity.quantity>47.057733</out_Quantity.quantity></Point><Point><position>2760</position><in_Quantity.quantity>0.000000</in_Quantity.quantity><out_Quantity.quantity>353.863779</out_Quantity.quantity></Point><Point><position>2761</position><in_Quantity.quantity>0.000000</in_Quantity.quantity><out_Quantity.quantity>787.378948</out_Quantity.quantity></Point><Point><position>2762</position><in_Quantity.quantity>0.000000</in_Quantity.quantity><out_Quantity.quantity>588.348021</out_Quantity.quantity></Point><Point><position>2763</position><in_Quantity.quantity>0.000000</in_Quantity.quantity><out_Quantity.quantity>264.438435</out_Quantity.quantity></Point><Point><position>2764</position><in_Quantity.quantity>0.000000</in_Quantity.quantity><out_Quantity.quantity>813.696171</out_Quantity.quantity></Point><Point><position>2765</position><in_Quantity.quantity>0.000000</in_Quantity.quantity><out_Quantity.quantity>138.571642</out_Quantity.quantity></Point><Point><position>2766</position><in_Quantity.quantity>0.000000</in_Quantity.quantity><out_Quantity.quantity>20.006166</out_Quantity.quantity></Point><Point><position>2767</position><in_Quantity.quantity>0.000000</in_Quantity.quantity><out_Quantity.quantity>518.727152</out_Quantity.quantity></Point><Point><position>2768</position><in_Quantity.quantity>0.000000</in_Quantity.quantity><out_Quantity.quantity>550.843423</out_Quantity.quantity></Point><Point><position>2769</position><in_Quantity.quantity>0.000000</in_Quantity.quantity><out_Quantity.quantity>14.688567</out_Quantity.quantity></Point><Point><position>2770</position><in_Quantity.quantity>0.000000</in_Quantity.quantity><out_Quantity.quantity>34.707475</out_Quantity.quantity></Point><Point><position>2771</position><in_Quantity.quantity>0.000000</in_Quantity.quantity><out_Quantity.quantity>935.674222</out_Quantity.quantity></Point><Point><position>2772</position><in_Quantity.quantity>0.000000</in_Quantity.quantity><out_Quantity.quantity>374.132328</out_Quantity.quantity></Point><Point><position>2773</position><in_Quantity.quantity>0.000000</in_Quantity.quantity><out_Quantity.quantity>293.465957</out_Quantity.quantity></Point><Point><position>2774</position><in_Quantity.quantity>0.000000</in_Quantity.quantity><out_Quantity.quantity>677.868234</out_Quantity.quantity></Point><Point><position>2775</position><in_Quantity.quantity>0.000000</in_Quantity.quantity><out_Quantity.quantity>35.829755</out_Quantity.quantity></Point><Point><position>2776</position><in_Quantity.quantity>0.000000</in_Quantity.quantity><out_Quantity.quantity>407.501951</out_Quantity.quantity></Point><Point><position>2777</position><in_Quantity.quantity>0.000000</in_Quantity.quantity><out_Quantity.quantity>766.962172</out_Quantity.quantity></Point><Point><position>2778</position><in_Quantity.quantity>0.000000</in_Quantity.quantity><out_Quantity.quantity>440.214181</out_Quantity.quantity></Point><Point><position>2779</position><in_Quantity.quantity>0.000000</in_Quantity.quantity><out_Quantity.quantity>159.247446</out_Quantity.quantity></Point><Point><position>2780</position><in_Quantity.quantity>0.000000</in_Quantity.quantity><out_Quantity.quantity>297.559308</out_Quantity.quantity></Point><Point><position>2781</position><in_Quantity.quantity>0.000000</in_Quantity.quantity><out_Quantity.quantity>953.315324</out_Quantity.quantity></Point><Point><position>2782</position><in_Quantity.quantity>0.000000</in_Quantity.quantity><out_Quantity.quantity>375.734319</out_Quantity.quantity></Point><Point><position>2783</position><in_Quantity.quantity>0.000000</in_Quantity.quantity><out_Quantity.quantity>879.272578</out_Quantity.quantity></Point><Point><position>2784</position><in_Quantity.quantity>0.000000</in_Quantity.quantity><out_Quantity.quantity>886.857860</out_Quantity.quantity></Point><Point><position>2785</position><in_Quantity.quantity>0.000000</in_Quantity.quantity><out_Quantity.quantity>394.325254</out_Quantity.quantity></Point><Point><position>2786</position><in_Quantity.quantity>0.000000</in_Quantity.quantity><out_Quantity.quantity>670.138466</out_Quantity.quantity></Point><Point><position>2787</position><in_Quantity.quantity>0.000000</in_Quantity.quantity><out_Quantity.quantity>941.154716</out_Quantity.quantity></Point><Point><position>2788</position><in_Quantity.quantity>0.000000</in_Quantity.quantity><out_Quantity.quantity>807.243050</out_Quantity.quantity></Point><Point><position>2789</position><in_Quantity.quantity>0.000000</in_Quantity.quantity><out_Quantity.quantity>135.726949</out_Quantity.quantity></Point><Point><position>2790</position><in_Quantity.quantity>0.000000</in_Quantity.quantity><out_Quantity.quantity>929.336646</out_Quantity.quantity></Point><Point><position>2791</position><in_Quantity.quantity>0.000000</in_Quantity.quantity><out_Quantity.quantity>175.372106</out_Quantity.quantity></Point><Point><position>2792</position><in_Quantity.quantity>0.000000</in_Quantity.quantity><out_Quantity.quantity>583.287131</out_Quantity.quantity></Point><Point><position>2793</position><in_Quantity.quantity>0.000000</in_Quantity.quantity><out_Quantity.quantity>3.258304</out_Quantity.quantity></Point><Point><position>2794</position><in_Quantity.quantity>0.000000</in_Quantity.quantity><out_Quantity.quantity>171.717812</out_Quantity.quantity></Point><Point><position>2795</position><in_Quantity.quantity>0.000000</in_Quantity.quantity><out_Quantity.quantity>671.337987</out_Quantity.quantity></Point><Point><position>2796</position><in_Quantity.quantity>0.000000</in_Quantity.quantity><out_Quantity.quantity>59.590480</out_Quantity.quantity></Point><Point><position>2797</position><in_Quantity.quantity>0.000000</in_Quantity.quantity><out_Quantity.quantity>746.745701</out_Quantity.quantity></Point><Point><position>2798</position><in_Quantity.quantity>0.000000</in_Quantity.quantity><out_Quantity.quantity>426.153367</out_Quantity.quantity></Point><Point><position>2799</position><in_Quantity.quantity>0.000000</in_Quantity.quantity><out_Quantity.quantity>500.934089</out_Quantity.quantity></Point><Point><position>2800</position><in_Quantity.quantity>0.000000</in_Quantity.quantity><out_Quantity.quantity>389.383629</out_Quantity.quantity></Point><Point><position>2801</position><in_Quantity.quantity>0.000000</in_Quantity.quantity><out_Quantity.quantity>690.513958</out_Quantity.quantity></Point><Point><position>2802</position><in_Quantity.quantity>0.000000</in_Quantity.quantity><out_Quantity.quantity>729.734262</out_Quantity.quantity></Point><Point><position>2803</position><in_Quantity.quantity>0.000000</in_Quantity.quantity><out_Quantity.quantity>267.409424</out_Quantity.quantity></Point><Point><position>2804</position><in_Quantity.quantity>0.000000</in_Quantity.quantity><out_Quantity.quantity>903.511766</out_Quantity.quantity></Point><Point><position>2805</position><in_Quantity.quantity>0.000000</in_Quantity.quantity><out_Quantity.quantity>183.355950</out_Quantity.quantity></Point><Point><position>2806</position><in_Quantity.quantity>0.000000</in_Quantity.quantity><out_Quantity.quantity>813.263049</out_Quantity.quantity></Point><Point><position>2807</position><in_Quantity.quantity>0.000000</in_Quantity.quantity><out_Quantity.quantity>108.780408</out_Quantity.quantity></Point><Point><position>2808</position><in_Quantity.quantity>0.000000</in_Quantity.quantity><out_Quantity.quantity>945.852733</out_Quantity.quantity></Point><Point><position>2809</position><in_Quantity.quantity>0.000000</in_Quantity.quantity><out_Quantity.quantity>584.540203</out_Quantity.quantity></Point><Point><position>2810</position><in_Quantity.quantity>0.000000</in_Quantity.quantity><out_Quantity.quantity>248.648122</out_Quantity.quantity></Point><Point><position>2811</position><in_Quantity.quantity>0.000000</in_Quantity.quantity><out_Quantity.quantity>993.510290</out_Quantity.quantity></Point><Point><position>2812</position><in_Quantity.quantity>0.000000</in_Quantity.quantity><out_Quantity.quantity>402.742464</out_Quantity.quantity></Point><Point><position>2813</position><in_Quantity.quantity>0.000000</in_Quantity.quantity><out_Quantity.quantity>799.865895</out_Quantity.quantity></Point><Point><position>2814</position><in_Quantity.quantity>0.000000</in_Quantity.quantity><out_Quantity.quantity>191.677607</out_Quantity.quantity></Point><Point><position>2815</position><in_Quantity.quantity>0.000000</in_Quantity.quantity><out_Quantity.quantity>895.692943</out_Quantity.quantity></Point><Point><position>2816</position><in_Quantity.quantity>0.000000</in_Quantity.quantity><out_Quantity.quantity>973.695103</out_Quantity.quantity></Point><Point><position>2817</position><in_Quantity.quantity>0.000000</in_Quantity.quantity><out_Quantity.quantity>733.912852</out_Quantity.quantity></Point><Point><position>2818</position><in_Quantity.quantity>0.000000</in_Quantity.quantity><out_Quantity.quantity>494.498278</out_Quantity.quantity></Point><Point><position>2819</position><in_Quantity.quantity>0.000000</in_Quantity.quantity><out_Quantity.quantity>534.926274</out_Quantity.quantity></Point><Point><position>2820</position><in_Quantity.quantity>0.000000</in_Quantity.quantity><out_Quantity.quantity>995.174895</out_Quantity.quantity></Point><Point><position>2821</position><in_Quantity.quantity>0.000000</in_Quantity.quantity><out_Quantity.quantity>295.199576</out_Quantity.quantity></Point><Point><position>2822</position><in_Quantity.quantity>0.000000</in_Quantity.quantity><out_Quantity.quantity>40.899364</out_Quantity.quantity></Point><Point><position>2823</position><in_Quantity.quantity>0.000000</in_Quantity.quantity><out_Quantity.quantity>159.068908</out_Quantity.quantity></Point><Point><position>2824</position><in_Quantity.quantity>0.000000</in_Quantity.quantity><out_Quantity.quantity>29.202370</out_Quantity.quantity></Point><Point><position>2825</position><in_Quantity.quantity>0.000000</in_Quantity.quantity><out_Quantity.quantity>843.076335</out_Quantity.quantity></Point><Point><position>2826</position><in_Quantity.quantity>0.000000</in_Quantity.quantity><out_Quantity.quantity>168.247301</out_Quantity.quantity></Point><Point><position>2827</position><in_Quantity.quantity>0.000000</in_Quantity.quantity><out_Quantity.quantity>63.772013</out_Quantity.quantity></Point><Point><position>2828</position><in_Quantity.quantity>0.000000</in_Quantity.quantity><out_Quantity.quantity>290.421753</out_Quantity.quantity></Point><Point><position>2829</position><in_Quantity.quantity>0.000000</in_Quantity.quantity><out_Quantity.quantity>990.732823</out_Quantity.quantity></Point><Point><position>2830</position><in_Quantity.quantity>0.000000</in_Quantity.quantity><out_Quantity.quantity>210.244597</out_Quantity.quantity></Point><Point><position>2831</position><in_Quantity.quantity>0.000000</in_Quantity.quantity><out_Quantity.quantity>844.745521</out_Quantity.quantity></Point><Point><position>2832</position><in_Quantity.quantity>0.000000</in_Quantity.quantity><out_Quantity.quantity>282.180584</out_Quantity.quantity></Point><Point><position>2833</position><in_Quantity.quantity>0.000000</in_Quantity.quantity><out_Quantity.quantity>22.864428</out_Quantity.quantity></Point><Point><position>2834</position><in_Quantity.quantity>0.000000</in_Quantity.quantity><out_Quantity.quantity>33.929641</out_Quantity.quantity></Point><Point><position>2835</position><in_Quantity.quantity>0.000000</in_Quantity.quantity><out_Quantity.quantity>780.706109</out_Quantity.quantity></Point><Point><position>2836</position><in_Quantity.quantity>0.000000</in_Quantity.quantity><out_Quantity.quantity>847.639319</out_Quantity.quantity></Point><Point><position>2837</position><in_Quantity.quantity>0.000000</in_Quantity.quantity><out_Quantity.quantity>564.556000</out_Quantity.quantity></Point><Point><position>2838</position><in_Quantity.quantity>0.000000</in_Quantity.quantity><out_Quantity.quantity>789.678336</out_Quantity.quantity></Point><Point><position>2839</position><in_Quantity.quantity>0.000000</in_Quantity.quantity><out_Quantity.quantity>649.512527</out_Quantity.quantity></Point><Point><position>2840</position><in_Quantity.quantity>0.000000</in_Quantity.quantity><out_Quantity.quantity>588.671301</out_Quantity.quantity></Point><Point><position>2841</position><in_Quantity.quantity>0.000000</in_Quantity.quantity><out_Quantity.quantity>250.689451</out_Quantity.quantity></Point><Point><position>2842</position><in_Quantity.quantity>0.000000</in_Quantity.quantity><out_Quantity.quantity>950.402678</out_Quantity.quantity></Point><Point><position>2843</position><in_Quantity.quantity>0.000000</in_Quantity.quantity><out_Quantity.quantity>793.865758</out_Quantity.quantity></Point><Point><position>2844</position><in_Quantity.quantity>0.000000</in_Quantity.quantity><out_Quantity.quantity>388.456445</out_Quantity.quantity></Point><Point><position>2845</position><in_Quantity.quantity>0.000000</in_Quantity.quantity><out_Quantity.quantity>908.152290</out_Quantity.quantity></Point><Point><position>2846</position><in_Quantity.quantity>0.000000</in_Quantity.quantity><out_Quantity.quantity>492.273627</out_Quantity.quantity></Point><Point><position>2847</position><in_Quantity.quantity>0.000000</in_Quantity.quantity><out_Quantity.quantity>613.908973</out_Quantity.quantity></Point><Point><position>2848</position><in_Quantity.quantity>0.000000</in_Quantity.quantity><out_Quantity.quantity>844.581073</out_Quantity.quantity></Point><Point><position>2849</position><in_Quantity.quantity>0.000000</in_Quantity.quantity><out_Quantity.quantity>209.364630</out_Quantity.quantity></Point><Point><position>2850</position><in_Quantity.quantity>0.000000</in_Quantity.quantity><out_Quantity.quantity>635.450267</out_Quantity.quantity></Point><Point><position>2851</position><in_Quantity.quantity>0.000000</in_Quantity.quantity><out_Quantity.quantity>753.456341</out_Quantity.quantity></Point><Point><position>2852</position><in_Quantity.quantity>0.000000</in_Quantity.quantity><out_Quantity.quantity>73.132342</out_Quantity.quantity></Point><Point><position>2853</position><in_Quantity.quantity>0.000000</in_Quantity.quantity><out_Quantity.quantity>959.812482</out_Quantity.quantity></Point><Point><position>2854</position><in_Quantity.quantity>0.000000</in_Quantity.quantity><out_Quantity.quantity>170.669838</out_Quantity.quantity></Point><Point><position>2855</position><in_Quantity.quantity>0.000000</in_Quantity.quantity><out_Quantity.quantity>577.475459</out_Quantity.quantity></Point><Point><position>2856</position><in_Quantity.quantity>0.000000</in_Quantity.quantity><out_Quantity.quantity>712.433239</out_Quantity.quantity></Point><Point><position>2857</position><in_Quantity.quantity>0.000000</in_Quantity.quantity><out_Quantity.quantity>813.117604</out_Quantity.quantity></Point><Point><position>2858</position><in_Quantity.quantity>0.000000</in_Quantity.quantity><out_Quantity.quantity>940.240571</out_Quantity.quantity></Point><Point><position>2859</position><in_Quantity.quantity>0.000000</in_Quantity.quantity><out_Quantity.quantity>757.798666</out_Quantity.quantity></Point><Point><position>2860</position><in_Quantity.quantity>0.000000</in_Quantity.quantity><out_Quantity.quantity>361.868063</out_Quantity.quantity></Point><Point><position>2861</position><in_Quantity.quantity>0.000000</in_Quantity.quantity><out_Quantity.quantity>960.188147</out_Quantity.quantity></Point><Point><position>2862</position><in_Quantity.quantity>0.000000</in_Quantity.quantity><out_Quantity.quantity>201.839898</out_Quantity.quantity></Point><Point><position>2863</position><in_Quantity.quantity>0.000000</in_Quantity.quantity><out_Quantity.quantity>310.872655</out_Quantity.quantity></Point><Point><position>2864</position><in_Quantity.quantity>0.000000</in_Quantity.quantity><out_Quantity.quantity>421.478212</out_Quantity.quantity></Point><Point><position>2865</position><in_Quantity.quantity>0.000000</in_Quantity.quantity><out_Quantity.quantity>537.180586</out_Quantity.quantity></Point><Point><position>2866</position><in_Quantity.quantity>0.000000</in_Quantity.quantity><out_Quantity.quantity>595.060997</out_Quantity.quantity></Point><Point><position>2867</position><in_Quantity.quantity>0.000000</in_Quantity.quantity><out_Quantity.quantity>489.142419</out_Quantity.quantity></Point><Point><position>2868</position><in_Quantity.quantity>0.000000</in_Quantity.quantity><out_Quantity.quantity>150.299407</out_Quantity.quantity></Point><Point><position>2869</position><in_Quantity.quantity>0.000000</in_Quantity.quantity><out_Quantity.quantity>180.889003</out_Quantity.quantity></Point><Point><position>2870</position><in_Quantity.quantity>0.000000</in_Quantity.quantity><out_Quantity.quantity>879.344314</out_Quantity.quantity></Point><Point><position>2871</position><in_Quantity.quantity>0.000000</in_Quantity.quantity><out_Quantity.quantity>87.612234</out_Quantity.quantity></Point><Point><position>2872</position><in_Quantity.quantity>0.000000</in_Quantity.quantity><out_Quantity.quantity>514.034812</out_Quantity.quantity></Point><Point><position>2873</position><in_Quantity.quantity>0.000000</in_Quantity.quantity><out_Quantity.quantity>528.104424</out_Quantity.quantity></Point><Point><position>2874</position><in_Quantity.quantity>0.000000</in_Quantity.quantity><out_Quantity.quantity>196.751802</out_Quantity.quantity></Point><Point><position>2875</position><in_Quantity.quantity>0.000000</in_Quantity.quantity><out_Quantity.quantity>449.227665</out_Quantity.quantity></Point><Point><position>2876</position><in_Quantity.quantity>0.000000</in_Quantity.quantity><out_Quantity.quantity>490.492612</out_Quantity.quantity></Point><Point><position>2877</position><in_Quantity.quantity>0.000000</in_Quantity.quantity><out_Quantity.quantity>462.807895</out_Quantity.quantity></Point><Point><position>2878</position><in_Quantity.quantity>0.000000</in_Quantity.quantity><out_Quantity.quantity>69.935407</out_Quantity.quantity></Point><Point><position>2879</position><in_Quantity.quantity>0.000000</in_Quantity.quantity><out_Quantity.quantity>769.125044</out_Quantity.quantity></Point><Point><position>2880</position><in_Quantity.quantity>0.000000</in_Quantity.quantity><out_Quantity.quantity>136.302708</out_Quantity.quantity></Point><Point><position>2881</position><in_Quantity.quantity>0.000000</in_Quantity.quantity><out_Quantity.quantity>333.583010</out_Quantity.quantity></Point><Point><position>2882</position><in_Quantity.quantity>0.000000</in_Quantity.quantity><out_Quantity.quantity>463.829097</out_Quantity.quantity></Point><Point><position>2883</position><in_Quantity.quantity>0.000000</in_Quantity.quantity><out_Quantity.quantity>903.766776</out_Quantity.quantity></Point><Point><position>2884</position><in_Quantity.quantity>0.000000</in_Quantity.quantity><out_Quantity.quantity>5.385777</out_Quantity.quantity></Point><Point><position>2885</position><in_Quantity.quantity>0.000000</in_Quantity.quantity><out_Quantity.quantity>719.605926</out_Quantity.quantity></Point><Point><position>2886</position><in_Quantity.quantity>0.000000</in_Quantity.quantity><out_Quantity.quantity>805.949977</out_Quantity.quantity></Point><Point><position>2887</position><in_Quantity.quantity>0.000000</in_Quantity.quantity><out_Quantity.quantity>270.779306</out_Quantity.quantity></Point><Point><position>2888</position><in_Quantity.quantity>0.000000</in_Quantity.quantity><out_Quantity.quantity>318.975275</out_Quantity.quantity></Point><Point><position>2889</position><in_Quantity.quantity>0.000000</in_Quantity.quantity><out_Quantity.quantity>376.106989</out_Quantity.quantity></Point><Point><position>2890</position><in_Quantity.quantity>0.000000</in_Quantity.quantity><out_Quantity.quantity>755.157039</out_Quantity.quantity></Point><Point><position>2891</position><in_Quantity.quantity>0.000000</in_Quantity.quantity><out_Quantity.quantity>825.988472</out_Quantity.quantity></Point><Point><position>2892</position><in_Quantity.quantity>0.000000</in_Quantity.quantity><out_Quantity.quantity>771.815272</out_Quantity.quantity></Point><Point><position>2893</position><in_Quantity.quantity>0.000000</in_Quantity.quantity><out_Quantity.quantity>272.159518</out_Quantity.quantity></Point><Point><position>2894</position><in_Quantity.quantity>0.000000</in_Quantity.quantity><out_Quantity.quantity>45.477460</out_Quantity.quantity></Point><Point><position>2895</position><in_Quantity.quantity>0.000000</in_Quantity.quantity><out_Quantity.quantity>479.877886</out_Quantity.quantity></Point><Point><position>2896</position><in_Quantity.quantity>0.000000</in_Quantity.quantity><out_Quantity.quantity>432.401451</out_Quantity.quantity></Point><Point><position>2897</position><in_Quantity.quantity>0.000000</in_Quantity.quantity><out_Quantity.quantity>829.340132</out_Quantity.quantity></Point><Point><position>2898</position><in_Quantity.quantity>0.000000</in_Quantity.quantity><out_Quantity.quantity>619.396810</out_Quantity.quantity></Point><Point><position>2899</position><in_Quantity.quantity>0.000000</in_Quantity.quantity><out_Quantity.quantity>126.178776</out_Quantity.quantity></Point><Point><position>2900</position><in_Quantity.quantity>0.000000</in_Quantity.quantity><out_Quantity.quantity>19.880534</out_Quantity.quantity></Point><Point><position>2901</position><in_Quantity.quantity>0.000000</in_Quantity.quantity><out_Quantity.quantity>814.551683</out_Quantity.quantity></Point><Point><position>2902</position><in_Quantity.quantity>0.000000</in_Quantity.quantity><out_Quantity.quantity>333.337227</out_Quantity.quantity></Point><Point><position>2903</position><in_Quantity.quantity>0.000000</in_Quantity.quantity><out_Quantity.quantity>234.540915</out_Quantity.quantity></Point><Point><position>2904</position><in_Quantity.quantity>0.000000</in_Quantity.quantity><out_Quantity.quantity>764.154708</out_Quantity.quantity></Point><Point><position>2905</position><in_Quantity.quantity>0.000000</in_Quantity.quantity><out_Quantity.quantity>1.510622</out_Quantity.quantity></Point><Point><position>2906</position><in_Quantity.quantity>0.000000</in_Quantity.quantity><out_Quantity.quantity>325.780509</out_Quantity.quantity></Point><Point><position>2907</position><in_Quantity.quantity>0.000000</in_Quantity.quantity><out_Quantity.quantity>901.903808</out_Quantity.quantity></Point><Point><position>2908</position><in_Quantity.quantity>0.000000</in_Quantity.quantity><out_Quantity.quantity>674.542783</out_Quantity.quantity></Point><Point><position>2909</position><in_Quantity.quantity>0.000000</in_Quantity.quantity><out_Quantity.quantity>350.680827</out_Quantity.quantity></Point><Point><position>2910</position><in_Quantity.quantity>0.000000</in_Quantity.quantity><out_Quantity.quantity>122.012523</out_Quantity.quantity></Point><Point><position>2911</position><in_Quantity.quantity>0.000000</in_Quantity.quantity><out_Quantity.quantity>807.427993</out_Quantity.quantity></Point><Point><position>2912</position><in_Quantity.quantity>0.000000</in_Quantity.quantity><out_Quantity.quantity>441.150242</out_Quantity.quantity></Point><Point><position>2913</position><in_Quantity.quantity>0.000000</in_Quantity.quantity><out_Quantity.quantity>586.486748</out_Quantity.quantity></Point><Point><position>2914</position><in_Quantity.quantity>0.000000</in_Quantity.quantity><out_Quantity.quantity>951.501531</out_Quantity.quantity></Point><Point><position>2915</position><in_Quantity.quantity>0.000000</in_Quantity.quantity><out_Quantity.quantity>188.259060</out_Quantity.quantity></Point><Point><position>2916</position><in_Quantity.quantity>0.000000</in_Quantity.quantity><out_Quantity.quantity>641.922965</out_Quantity.quantity></Point><Point><position>2917</position><in_Quantity.quantity>0.000000</in_Quantity.quantity><out_Quantity.quantity>37.186625</out_Quantity.quantity></Point><Point><position>2918</position><in_Quantity.quantity>0.000000</in_Quantity.quantity><out_Quantity.quantity>661.531910</out_Quantity.quantity></Point><Point><position>2919</position><in_Quantity.quantity>0.000000</in_Quantity.quantity><out_Quantity.quantity>698.848659</out_Quantity.quantity></Point><Point><position>2920</position><in_Quantity.quantity>0.000000</in_Quantity.quantity><out_Quantity.quantity>252.815162</out_Quantity.quantity></Point><Point><position>2921</position><in_Quantity.quantity>0.000000</in_Quantity.quantity><out_Quantity.quantity>684.013754</out_Quantity.quantity></Point><Point><position>2922</position><in_Quantity.quantity>0.000000</in_Quantity.quantity><out_Quantity.quantity>838.939013</out_Quantity.quantity></Point><Point><position>2923</position><in_Quantity.quantity>0.000000</in_Quantity.quantity><out_Quantity.quantity>972.089103</out_Quantity.quantity></Point><Point><position>2924</position><in_Quantity.quantity>0.000000</in_Quantity.quantity><out_Quantity.quantity>166.811572</out_Quantity.quantity></Point><Point><position>2925</position><in_Quantity.quantity>0.000000</in_Quantity.quantity><out_Quantity.quantity>869.624403</out_Quantity.quantity></Point><Point><position>2926</position><in_Quantity.quantity>0.000000</in_Quantity.quantity><out_Quantity.quantity>339.914940</out_Quantity.quantity></Point><Point><position>2927</position><in_Quantity.quantity>0.000000</in_Quantity.quantity><out_Quantity.quantity>866.203117</out_Quantity.quantity></Point><Point><position>2928</position><in_Quantity.quantity>0.000000</in_Quantity.quantity><out_Quantity.quantity>242.915078</out_Quantity.quantity></Point><Point><position>2929</position><in_Quantity.quantity>0.000000</in_Quantity.quantity><out_Quantity.quantity>853.094858</out_Quantity.quantity></Point><Point><position>2930</position><in_Quantity.quantity>0.000000</in_Quantity.quantity><out_Quantity.quantity>513.597499</out_Quantity.quantity></Point><Point><position>2931</position><in_Quantity.quantity>0.000000</in_Quantity.quantity><out_Quantity.quantity>356.430033</out_Quantity.quantity></Point><Point><position>2932</position><in_Quantity.quantity>0.000000</in_Quantity.quantity><out_Quantity.quantity>638.076933</out_Quantity.quantity></Point><Point><position>2933</position><in_Quantity.quantity>0.000000</in_Quantity.quantity><out_Quantity.quantity>810.711665</out_Quantity.quantity></Point><Point><position>2934</position><in_Quantity.quantity>0.000000</in_Quantity.quantity><out_Quantity.quantity>408.298283</out_Quantity.quantity></Point><Point><position>2935</position><in_Quantity.quantity>0.000000</in_Quantity.quantity><out_Quantity.quantity>661.635155</out_Quantity.quantity></Point><Point><position>2936</position><in_Quantity.quantity>0.000000</in_Quantity.quantity><out_Quantity.quantity>808.439510</out_Quantity.quantity></Point><Point><position>2937</position><in_Quantity.quantity>0.000000</in_Quantity.quantity><out_Quantity.quantity>518.011820</out_Quantity.quantity></Point><Point><position>2938</position><in_Quantity.quantity>0.000000</in_Quantity.quantity><out_Quantity.quantity>934.725441</out_Quantity.quantity></Point><Point><position>2939</position><in_Quantity.quantity>0.000000</in_Quantity.quantity><out_Quantity.quantity>640.514247</out_Quantity.quantity></Point><Point><position>2940</position><in_Quantity.quantity>0.000000</in_Quantity.quantity><out_Quantity.quantity>511.920521</out_Quantity.quantity></Point><Point><position>2941</position><in_Quantity.quantity>0.000000</in_Quantity.quantity><out_Quantity.quantity>948.384929</out_Quantity.quantity></Point><Point><position>2942</position><in_Quantity.quantity>0.000000</in_Quantity.quantity><out_Quantity.quantity>799.612629</out_Quantity.quantity></Point><Point><position>2943</position><in_Quantity.quantity>0.000000</in_Quantity.quantity><out_Quantity.quantity>559.714206</out_Quantity.quantity></Point><Point><position>2944</position><in_Quantity.quantity>0.000000</in_Quantity.quantity><out_Quantity.quantity>178.806980</out_Quantity.quantity></Point><Point><position>2945</position><in_Quantity.quantity>0.000000</in_Quantity.quantity><out_Quantity.quantity>816.171315</out_Quantity.quantity></Point><Point><position>2946</position><in_Quantity.quantity>0.000000</in_Quantity.quantity><out_Quantity.quantity>435.737597</out_Quantity.quantity></Point><Point><position>2947</position><in_Quantity.quantity>0.000000</in_Quantity.quantity><out_Quantity.quantity>521.115754</out_Quantity.quantity></Point><Point><position>2948</position><in_Quantity.quantity>0.000000</in_Quantity.quantity><out_Quantity.quantity>285.541269</out_Quantity.quantity></Point><Point><position>2949</position><in_Quantity.quantity>0.000000</in_Quantity.quantity><out_Quantity.quantity>342.587418</out_Quantity.quantity></Point><Point><position>2950</position><in_Quantity.quantity>0.000000</in_Quantity.quantity><out_Quantity.quantity>855.876622</out_Quantity.quantity></Point><Point><position>2951</position><in_Quantity.quantity>0.000000</in_Quantity.quantity><out_Quantity.quantity>492.385962</out_Quantity.quantity></Point><Point><position>2952</position><in_Quantity.quantity>0.000000</in_Quantity.quantity><out_Quantity.quantity>981.145729</out_Quantity.quantity></Point><Point><position>2953</position><in_Quantity.quantity>0.000000</in_Quantity.quantity><out_Quantity.quantity>758.591043</out_Quantity.quantity></Point><Point><position>2954</position><in_Quantity.quantity>0.000000</in_Quantity.quantity><out_Quantity.quantity>254.114551</out_Quantity.quantity></Point><Point><position>2955</position><in_Quantity.quantity>0.000000</in_Quantity.quantity><out_Quantity.quantity>740.651858</out_Quantity.quantity></Point><Point><position>2956</position><in_Quantity.quantity>0.000000</in_Quantity.quantity><out_Quantity.quantity>98.031314</out_Quantity.quantity></Point><Point><position>2957</position><in_Quantity.quantity>0.000000</in_Quantity.quantity><out_Quantity.quantity>131.140617</out_Quantity.quantity></Point><Point><position>2958</position><in_Quantity.quantity>0.000000</in_Quantity.quantity><out_Quantity.quantity>523.242189</out_Quantity.quantity></Point><Point><position>2959</position><in_Quantity.quantity>0.000000</in_Quantity.quantity><out_Quantity.quantity>130.748893</out_Quantity.quantity></Point><Point><position>2960</position><in_Quantity.quantity>0.000000</in_Quantity.quantity><out_Quantity.quantity>614.425745</out_Quantity.quantity></Point><Point><position>2961</position><in_Quantity.quantity>0.000000</in_Quantity.quantity><out_Quantity.quantity>35.115497</out_Quantity.quantity></Point><Point><position>2962</position><in_Quantity.quantity>0.000000</in_Quantity.quantity><out_Quantity.quantity>155.275823</out_Quantity.quantity></Point><Point><position>2963</position><in_Quantity.quantity>0.000000</in_Quantity.quantity><out_Quantity.quantity>355.968458</out_Quantity.quantity></Point><Point><position>2964</position><in_Quantity.quantity>0.000000</in_Quantity.quantity><out_Quantity.quantity>589.533116</out_Quantity.quantity></Point><Point><position>2965</position><in_Quantity.quantity>0.000000</in_Quantity.quantity><out_Quantity.quantity>935.999430</out_Quantity.quantity></Point><Point><position>2966</position><in_Quantity.quantity>0.000000</in_Quantity.quantity><out_Quantity.quantity>199.470803</out_Quantity.quantity></Point><Point><position>2967</position><in_Quantity.quantity>0.000000</in_Quantity.quantity><out_Quantity.quantity>308.292358</out_Quantity.quantity></Point><Point><position>2968</position><in_Quantity.quantity>0.000000</in_Quantity.quantity><out_Quantity.quantity>874.126150</out_Quantity.quantity></Point><Point><position>2969</position><in_Quantity.quantity>0.000000</in_Quantity.quantity><out_Quantity.quantity>628.704420</out_Quantity.quantity></Point><Point><position>2970</position><in_Quantity.quantity>0.000000</in_Quantity.quantity><out_Quantity.quantity>732.882562</out_Quantity.quantity></Point><Point><position>2971</position><in_Quantity.quantity>0.000000</in_Quantity.quantity><out_Quantity.quantity>29.339373</out_Quantity.quantity></Point><Point><position>2972</position><in_Quantity.quantity>0.000000</in_Quantity.quantity><out_Quantity.quantity>588.814966</out_Quantity.quantity></Point><Point><position>2973</position><in_Quantity.quantity>0.000000</in_Quantity.quantity><out_Quantity.quantity>616.689749</out_Quantity.quantity></Point><Point><position>2974</position><in_Quantity.quantity>0.000000</in_Quantity.quantity><out_Quantity.quantity>108.667406</out_Quantity.quantity></Point><Point><position>2975</position><in_Quantity.quantity>0.000000</in_Quantity.quantity><out_Quantity.quantity>682.377131</out_Quantity.quantity></Point><Point><position>2976</position><in_Quantity.quantity>0.000000</in_Quantity.quantity><out_Quantity.quantity>597.990129</out_Quantity.quantity></Point><Point><position>2977</position><in_Quantity.quantity>0.000000</in_Quantity.quantity><out_Quantity.quantity>259.203896</out_Quantity.quantity></Point><Point><position>2978</position><in_Quantity.quantity>0.000000</in_Quantity.quantity><out_Quantity.quantity>195.118434</out_Quantity.quantity></Point><Point><position>2979</position><in_Quantity.quantity>0.000000</in_Quantity.quantity><out_Quantity.quantity>290.220723</out_Quantity.quantity></Point><Point><position>2980</position><in_Quantity.quantity>0.000000</in_Quantity.quantity><out_Quantity.quantity>496.974423</out_Quantity.quantity></Point><Point><position>2981</position><in_Quantity.quantity>0.000000</in_Quantity.quantity><out_Quantity.quantity>151.408349</out_Quantity.quantity></Point><Point><position>2982</position><in_Quantity.quantity>0.000000</in_Quantity.quantity><out_Quantity.quantity>800.800385</out_Quantity.quantity></Point><Point><position>2983</position><in_Quantity.quantity>0.000000</in_Quantity.quantity><out_Quantity.quantity>101.628321</out_Quantity.quantity></Point><Point><position>2984</position><in_Quantity.quantity>0.000000</in_Quantity.quantity><out_Quantity.quantity>20.974691</out_Quantity.quantity></Point><Point><position>2985</position><in_Quantity.quantity>0.000000</in_Quantity.quantity><out_Quantity.quantity>679.064155</out_Quantity.quantity></Point><Point><position>2986</position><in_Quantity.quantity>0.000000</in_Quantity.quantity><out_Quantity.quantity>545.853379</out_Quantity.quantity></Point><Point><position>2987</position><in_Quantity.quantity>0.000000</in_Quantity.quantity><out_Quantity.quantity>743.532060</out_Quantity.quantity></Point><Point><position>2988</position><in_Quantity.quantity>0.000000</in_Quantity.quantity><out_Quantity.quantity>998.006766</out_Quantity.quantity></Point><Point><position>2989</position><in_Quantity.quantity>0.000000</in_Quantity.quantity><out_Quantity.quantity>173.515182</out_Quantity.quantity></Point><Point><position>2990</position><in_Quantity.quantity>0.000000</in_Quantity.quantity><out_Quantity.quantity>349.645224</out_Quantity.quantity></Point><Point><position>2991</position><in_Quantity.quantity>0.000000</in_Quantity.quantity><out_Quantity.quantity>481.417010</out_Quantity.quantity></Point><Point><position>2992</position><in_Quantity.quantity>0.000000</in_Quantity.quantity><out_Quantity.quantity>234.254819</out_Quantity.quantity></Point><Point><position>2993</position><in_Quantity.quantity>0.000000</in_Quantity.quantity><out_Quantity.quantity>326.682650</out_Quantity.quantity></Point><Point><position>2994</position><in_Quantity.quantity>0.000000</in_Quantity.quantity><out_Quantity.quantity>451.119858</out_Quantity.quantity></Point><Point><position>2995</position><in_Quantity.quantity>0.000000</in_Quantity.quantity><out_Quantity.quantity>709.635035</out_Quantity.quantity></Point><Point><position>2996</position><in_Quantity.quantity>0.000000</in_Quantity.quantity><out_Quantity.quantity>855.252034</out_Quantity.quantity></Point><Point><position>2997</position><in_Quantity.quantity>0.000000</in_Quantity.quantity><out_Quantity.quantity>380.214669</out_Quantity.quantity></Point><Point><position>2998</position><in_Quantity.quantity>0.000000</in_Quantity.quantity><out_Quantity.quantity>620.343154</out_Quantity.quantity></Point><Point><position>2999</position><in_Quantity.quantity>0.000000</in_Quantity.quantity><out_Quantity.quantity>692.813790</out_Quantity.quantity></Point><Point><position>3000</position><in_Quantity.quantity>0.000000</in_Quantity.quantity><out_Quantity.quantity>465.282676</out_Quantity.quantity></Point><Point><position>3001</position><in_Quantity.quantity>0.000000</in_Quantity.quantity><out_Quantity.quantity>365.760194</out_Quantity.quantity></Point><Point><position>3002</position><in_Quantity.quantity>0.000000</in_Quantity.quantity><out_Quantity.quantity>183.976677</out_Quantity.quantity></Point><Point><position>3003</position><in_Quantity.quantity>0.000000</in_Quantity.quantity><out_Quantity.quantity>848.087526</out_Quantity.quantity></Point><Point><position>3004</position><in_Quantity.quantity>0.000000</in_Quantity.quantity><out_Quantity.quantity>767.852176</out_Quantity.quantity></Point><Point><position>3005</position><in_Quantity.quantity>0.000000</in_Quantity.quantity><out_Quantity.quantity>114.331189</out_Quantity.quantity></Point><Point><position>3006</position><in_Quantity.quantity>0.000000</in_Quantity.quantity><out_Quantity.quantity>954.812479</out_Quantity.quantity></Point><Point><position>3007</position><in_Quantity.quantity>0.000000</in_Quantity.quantity><out_Quantity.quantity>906.380222</out_Quantity.quantity></Point><Point><position>3008</position><in_Quantity.quantity>0.000000</in_Quantity.quantity><out_Quantity.quantity>203.340504</out_Quantity.quantity></Point><Point><position>3009</position><in_Quantity.quantity>0.000000</in_Quantity.quantity><out_Quantity.quantity>272.459122</out_Quantity.quantity></Point><Point><position>3010</position><in_Quantity.quantity>0.000000</in_Quantity.quantity><out_Quantity.quantity>107.338826</out_Quantity.quantity></Point><Point><position>3011</position><in_Quantity.quantity>0.000000</in_Quantity.quantity><out_Quantity.quantity>780.524911</out_Quantity.quantity></Point><Point><position>3012</position><in_Quantity.quantity>0.000000</in_Quantity.quantity><out_Quantity.quantity>698.430674</out_Quantity.quantity></Point><Point><position>3013</position><in_Quantity.quantity>0.000000</in_Quantity.quantity><out_Quantity.quantity>104.959028</out_Quantity.quantity></Point><Point><position>3014</position><in_Quantity.quantity>0.000000</in_Quantity.quantity><out_Quantity.quantity>126.518624</out_Quantity.quantity></Point><Point><position>3015</position><in_Quantity.quantity>0.000000</in_Quantity.quantity><out_Quantity.quantity>647.219724</out_Quantity.quantity></Point><Point><position>3016</position><in_Quantity.quantity>0.000000</in_Quantity.quantity><out_Quantity.quantity>865.614946</out_Quantity.quantity></Point><Point><position>3017</position><in_Quantity.quantity>0.000000</in_Quantity.quantity><out_Quantity.quantity>986.128364</out_Quantity.quantity></Point><Point><position>3018</position><in_Quantity.quantity>0.000000</in_Quantity.quantity><out_Quantity.quantity>503.274273</out_Quantity.quantity></Point><Point><position>3019</position><in_Quantity.quantity>0.000000</in_Quantity.quantity><out_Quantity.quantity>335.154576</out_Quantity.quantity></Point><Point><position>3020</position><in_Quantity.quantity>0.000000</in_Quantity.quantity><out_Quantity.quantity>408.651876</out_Quantity.quantity></Point><Point><position>3021</position><in_Quantity.quantity>0.000000</in_Quantity.quantity><out_Quantity.quantity>208.934055</out_Quantity.quantity></Point><Point><position>3022</position><in_Quantity.quantity>0.000000</in_Quantity.quantity><out_Quantity.quantity>250.939858</out_Quantity.quantity></Point><Point><position>3023</position><in_Quantity.quantity>0.000000</in_Quantity.quantity><out_Quantity.quantity>699.933089</out_Quantity.quantity></Point><Point><position>3024</position><in_Quantity.quantity>0.000000</in_Quantity.quantity><out_Quantity.quantity>252.251782</out_Quantity.quantity></Point><Point><position>3025</position><in_Quantity.quantity>0.000000</in_Quantity.quantity><out_Quantity.quantity>909.820975</out_Quantity.quantity></Point><Point><position>3026</position><in_Quantity.quantity>0.000000</in_Quantity.quantity><out_Quantity.quantity>213.349624</out_Quantity.quantity></Point><Point><position>3027</position><in_Quantity.quantity>0.000000</in_Quantity.quantity><out_Quantity.quantity>998.121757</out_Quantity.quantity></Point><Point><position>3028</position><in_Quantity.quantity>0.000000</in_Quantity.quantity><out_Quantity.quantity>257.974191</out_Quantity.quantity></Point><Point><position>3029</position><in_Quantity.quantity>0.000000</in_Quantity.quantity><out_Quantity.quantity>891.136300</out_Quantity.quantity></Point><Point><position>3030</position><in_Quantity.quantity>0.000000</in_Quantity.quantity><out_Quantity.quantity>988.797281</out_Quantity.quantity></Point><Point><position>3031</position><in_Quantity.quantity>0.000000</in_Quantity.quantity><out_Quantity.quantity>278.678183</out_Quantity.quantity></Point><Point><position>3032</position><in_Quantity.quantity>0.000000</in_Quantity.quantity><out_Quantity.quantity>821.344503</out_Quantity.quantity></Point><Point><position>3033</position><in_Quantity.quantity>0.000000</in_Quantity.quantity><out_Quantity.quantity>470.439284</out_Quantity.quantity></Point><Point><position>3034</position><in_Quantity.quantity>0.000000</in_Quantity.quantity><out_Quantity.quantity>544.204344</out_Quantity.quantity></Point><Point><position>3035</position><in_Quantity.quantity>0.000000</in_Quantity.quantity><out_Quantity.quantity>311.951541</out_Quantity.quantity></Point><Point><position>3036</position><in_Quantity.quantity>0.000000</in_Quantity.quantity><out_Quantity.quantity>803.257080</out_Quantity.quantity></Point><Point><position>3037</position><in_Quantity.quantity>0.000000</in_Quantity.quantity><out_Quantity.quantity>795.942748</out_Quantity.quantity></Point><Point><position>3038</position><in_Quantity.quantity>0.000000</in_Quantity.quantity><out_Quantity.quantity>234.079581</out_Quantity.quantity></Point><Point><position>3039</position><in_Quantity.quantity>0.000000</in_Quantity.quantity><out_Quantity.quantity>794.953480</out_Quantity.quantity></Point><Point><position>3040</position><in_Quantity.quantity>0.000000</in_Quantity.quantity><out_Quantity.quantity>753.892281</out_Quantity.quantity></Point><Point><position>3041</position><in_Quantity.quantity>0.000000</in_Quantity.quantity><out_Quantity.quantity>305.737947</out_Quantity.quantity></Point><Point><position>3042</position><in_Quantity.quantity>0.000000</in_Quantity.quantity><out_Quantity.quantity>683.411660</out_Quantity.quantity></Point><Point><position>3043</position><in_Quantity.quantity>0.000000</in_Quantity.quantity><out_Quantity.quantity>599.803547</out_Quantity.quantity></Point><Point><position>3044</position><in_Quantity.quantity>0.000000</in_Quantity.quantity><out_Quantity.quantity>693.189943</out_Quantity.quantity></Point><Point><position>3045</position><in_Quantity.quantity>0.000000</in_Quantity.quantity><out_Quantity.quantity>255.786638</out_Quantity.quantity></Point><Point><position>3046</position><in_Quantity.quantity>0.000000</in_Quantity.quantity><out_Quantity.quantity>727.295247</out_Quantity.quantity></Point><Point><position>3047</position><in_Quantity.quantity>0.000000</in_Quantity.quantity><out_Quantity.quantity>808.360264</out_Quantity.quantity></Point><Point><position>3048</position><in_Quantity.quantity>0.000000</in_Quantity.quantity><out_Quantity.quantity>91.912098</out_Quantity.quantity></Point><Point><position>3049</position><in_Quantity.quantity>0.000000</in_Quantity.quantity><out_Quantity.quantity>622.578750</out_Quantity.quantity></Point><Point><position>3050</position><in_Quantity.quantity>0.000000</in_Quantity.quantity><out_Quantity.quantity>53.951639</out_Quantity.quantity></Point><Point><position>3051</position><in_Quantity.quantity>0.000000</in_Quantity.quantity><out_Quantity.quantity>423.814426</out_Quantity.quantity></Point><Point><position>3052</position><in_Quantity.quantity>0.000000</in_Quantity.quantity><out_Quantity.quantity>460.329486</out_Quantity.quantity></Point><Point><position>3053</position><in_Quantity.quantity>0.000000</in_Quantity.quantity><out_Quantity.quantity>681.849016</out_Quantity.quantity></Point><Point><position>3054</position><in_Quantity.quantity>0.000000</in_Quantity.quantity><out_Quantity.quantity>327.755954</out_Quantity.quantity></Point><Point><position>3055</position><in_Quantity.quantity>0.000000</in_Quantity.quantity><out_Quantity.quantity>775.664959</out_Quantity.quantity></Point><Point><position>3056</position><in_Quantity.quantity>0.000000</in_Quantity.quantity><out_Quantity.quantity>790.159661</out_Quantity.quantity></Point><Point><position>3057</position><in_Quantity.quantity>0.000000</in_Quantity.quantity><out_Quantity.quantity>197.398860</out_Quantity.quantity></Point><Point><position>3058</position><in_Quantity.quantity>0.000000</in_Quantity.quantity><out_Quantity.quantity>805.310433</out_Quantity.quantity></Point><Point><position>3059</position><in_Quantity.quantity>0.000000</in_Quantity.quantity><out_Quantity.quantity>73.869894</out_Quantity.quantity></Point><Point><position>3060</position><in_Quantity.quantity>0.000000</in_Quantity.quantity><out_Quantity.quantity>41.452223</out_Quantity.quantity></Point><Point><position>3061</position><in_Quantity.quantity>0.000000</in_Quantity.quantity><out_Quantity.quantity>405.342400</out_Quantity.quantity></Point><Point><position>3062</position><in_Quantity.quantity>0.000000</in_Quantity.quantity><out_Quantity.quantity>822.542911</out_Quantity.quantity></Point><Point><position>3063</position><in_Quantity.quantity>0.000000</in_Quantity.quantity><out_Quantity.quantity>252.322806</out_Quantity.quantity></Point><Point><position>3064</position><in_Quantity.quantity>0.000000</in_Quantity.quantity><out_Quantity.quantity>282.883245</out_Quantity.quantity></Point><Point><position>3065</position><in_Quantity.quantity>0.000000</in_Quantity.quantity><out_Quantity.quantity>937.664646</out_Quantity.quantity></Point><Point><position>3066</position><in_Quantity.quantity>0.000000</in_Quantity.quantity><out_Quantity.quantity>364.864520</out_Quantity.quantity></Point><Point><position>3067</position><in_Quantity.quantity>0.000000</in_Quantity.quantity><out_Quantity.quantity>905.105916</out_Quantity.quantity></Point><Point><position>3068</position><in_Quantity.quantity>0.000000</in_Quantity.quantity><out_Quantity.quantity>53.858652</out_Quantity.quantity></Point><Point><position>3069</position><in_Quantity.quantity>0.000000</in_Quantity.quantity><out_Quantity.quantity>356.572921</out_Quantity.quantity></Point><Point><position>3070</position><in_Quantity.quantity>0.000000</in_Quantity.quantity><out_Quantity.quantity>220.282578</out_Quantity.quantity></Point><Point><position>3071</position><in_Quantity.quantity>0.000000</in_Quantity.quantity><out_Quantity.quantity>61.119185</out_Quantity.quantity></Point><Point><position>3072</position><in_Quantity.quantity>0.000000</in_Quantity.quantity><out_Quantity.quantity>433.584958</out_Quantity.quantity></Point><Point><position>3073</position><in_Quantity.quantity>0.000000</in_Quantity.quantity><out_Quantity.quantity>948.007745</out_Quantity.quantity></Point><Point><position>3074</position><in_Quantity.quantity>0.000000</in_Quantity.quantity><out_Quantity.quantity>963.797516</out_Quantity.quantity></Point><Point><position>3075</position><in_Quantity.quantity>0.000000</in_Quantity.quantity><out_Quantity.quantity>907.962747</out_Quantity.quantity></Point><Point><position>3076</position><in_Quantity.quantity>0.000000</in_Quantity.quantity><out_Quantity.quantity>428.226945</out_Quantity.quantity></Point><Point><position>3077</position><in_Quantity.quantity>0.000000</in_Quantity.quantity><out_Quantity.quantity>579.420406</out_Quantity.quantity></Point><Point><position>3078</position><in_Quantity.quantity>0.000000</in_Quantity.quantity><out_Quantity.quantity>534.712411</out_Quantity.quantity></Point><Point><position>3079</position><in_Quantity.quantity>0.000000</in_Quantity.quantity><out_Quantity.quantity>19.443655</out_Quantity.quantity></Point><Point><position>3080</position><in_Quantity.quantity>0.000000</in_Quantity.quantity><out_Quantity.quantity>537.389869</out_Quantity.quantity></Point><Point><position>3081</position><in_Quantity.quantity>0.000000</in_Quantity.quantity><out_Quantity.quantity>820.586115</out_Quantity.quantity></Point><Point><position>3082</position><in_Quantity.quantity>0.000000</in_Quantity.quantity><out_Quantity.quantity>570.605391</out_Quantity.quantity></Point><Point><position>3083</position><in_Quantity.quantity>0.000000</in_Quantity.quantity><out_Quantity.quantity>15.795481</out_Quantity.quantity></Point><Point><position>3084</position><in_Quantity.quantity>0.000000</in_Quantity.quantity><out_Quantity.quantity>77.138999</out_Quantity.quantity></Point><Point><position>3085</position><in_Quantity.quantity>0.000000</in_Quantity.quantity><out_Quantity.quantity>167.498228</out_Quantity.quantity></Point><Point><position>3086</position><in_Quantity.quantity>0.000000</in_Quantity.quantity><out_Quantity.quantity>374.794511</out_Quantity.quantity></Point><Point><position>3087</position><in_Quantity.quantity>0.000000</in_Quantity.quantity><out_Quantity.quantity>517.449715</out_Quantity.quantity></Point><Point><position>3088</position><in_Quantity.quantity>0.000000</in_Quantity.quantity><out_Quantity.quantity>402.213807</out_Quantity.quantity></Point><Point><position>3089</position><in_Quantity.quantity>0.000000</in_Quantity.quantity><out_Quantity.quantity>588.515169</out_Quantity.quantity></Point><Point><position>3090</position><in_Quantity.quantity>0.000000</in_Quantity.quantity><out_Quantity.quantity>900.404850</out_Quantity.quantity></Point><Point><position>3091</position><in_Quantity.quantity>0.000000</in_Quantity.quantity><out_Quantity.quantity>444.080310</out_Quantity.quantity></Point><Point><position>3092</position><in_Quantity.quantity>0.000000</in_Quantity.quantity><out_Quantity.quantity>652.809229</out_Quantity.quantity></Point><Point><position>3093</position><in_Quantity.quantity>0.000000</in_Quantity.quantity><out_Quantity.quantity>148.252547</out_Quantity.quantity></Point><Point><position>3094</position><in_Quantity.quantity>0.000000</in_Quantity.quantity><out_Quantity.quantity>567.953838</out_Quantity.quantity></Point><Point><position>3095</position><in_Quantity.quantity>0.000000</in_Quantity.quantity><out_Quantity.quantity>798.887769</out_Quantity.quantity></Point><Point><position>3096</position><in_Quantity.quantity>0.000000</in_Quantity.quantity><out_Quantity.quantity>773.354651</out_Quantity.quantity></Point><Point><position>3097</position><in_Quantity.quantity>0.000000</in_Quantity.quantity><out_Quantity.quantity>914.777602</out_Quantity.quantity></Point><Point><position>3098</position><in_Quantity.quantity>0.000000</in_Quantity.quantity><out_Quantity.quantity>840.845724</out_Quantity.quantity></Point><Point><position>3099</position><in_Quantity.quantity>0.000000</in_Quantity.quantity><out_Quantity.quantity>114.396697</out_Quantity.quantity></Point><Point><position>3100</position><in_Quantity.quantity>0.000000</in_Quantity.quantity><out_Quantity.quantity>286.618446</out_Quantity.quantity></Point><Point><position>3101</position><in_Quantity.quantity>0.000000</in_Quantity.quantity><out_Quantity.quantity>58.480830</out_Quantity.quantity></Point><Point><position>3102</position><in_Quantity.quantity>0.000000</in_Quantity.quantity><out_Quantity.quantity>724.283621</out_Quantity.quantity></Point><Point><position>3103</position><in_Quantity.quantity>0.000000</in_Quantity.quantity><out_Quantity.quantity>499.043308</out_Quantity.quantity></Point><Point><position>3104</position><in_Quantity.quantity>0.000000</in_Quantity.quantity><out_Quantity.quantity>883.666148</out_Quantity.quantity></Point><Point><position>3105</position><in_Quantity.quantity>0.000000</in_Quantity.quantity><out_Quantity.quantity>506.978262</out_Quantity.quantity></Point><Point><position>3106</position><in_Quantity.quantity>0.000000</in_Quantity.quantity><out_Quantity.quantity>834.362385</out_Quantity.quantity></Point><Point><position>3107</position><in_Quantity.quantity>0.000000</in_Quantity.quantity><out_Quantity.quantity>801.011548</out_Quantity.quantity></Point><Point><position>3108</position><in_Quantity.quantity>0.000000</in_Quantity.quantity><out_Quantity.quantity>217.567090</out_Quantity.quantity></Point><Point><position>3109</position><in_Quantity.quantity>0.000000</in_Quantity.quantity><out_Quantity.quantity>881.410888</out_Quantity.quantity></Point><Point><position>3110</position><in_Quantity.quantity>0.000000</in_Quantity.quantity><out_Quantity.quantity>550.184391</out_Quantity.quantity></Point><Point><position>3111</position><in_Quantity.quantity>0.000000</in_Quantity.quantity><out_Quantity.quantity>383.374323</out_Quantity.quantity></Point><Point><position>3112</position><in_Quantity.quantity>0.000000</in_Quantity.quantity><out_Quantity.quantity>458.179331</out_Quantity.quantity></Point><Point><position>3113</position><in_Quantity.quantity>0.000000</in_Quantity.quantity><out_Quantity.quantity>610.997305</out_Quantity.quantity></Point><Point><position>3114</position><in_Quantity.quantity>0.000000</in_Quantity.quantity><out_Quantity.quantity>751.235876</out_Quantity.quantity></Point><Point><position>3115</position><in_Quantity.quantity>0.000000</in_Quantity.quantity><out_Quantity.quantity>245.630345</out_Quantity.quantity></Point><Point><position>3116</position><in_Quantity.quantity>0.000000</in_Quantity.quantity><out_Quantity.quantity>601.515337</out_Quantity.quantity></Point><Point><position>3117</position><in_Quantity.quantity>0.000000</in_Quantity.quantity><out_Quantity.quantity>723.299121</out_Quantity.quantity></Point><Point><position>3118</position><in_Quantity.quantity>0.000000</in_Quantity.quantity><out_Quantity.quantity>846.364035</out_Quantity.quantity></Point><Point><position>3119</position><in_Quantity.quantity>0.000000</in_Quantity.quantity><out_Quantity.quantity>3.706751</out_Quantity.quantity></Point><Point><position>3120</position><in_Quantity.quantity>0.000000</in_Quantity.quantity><out_Quantity.quantity>259.506819</out_Quantity.quantity></Point><Point><position>3121</position><in_Quantity.quantity>0.000000</in_Quantity.quantity><out_Quantity.quantity>143.987791</out_Quantity.quantity></Point><Point><position>3122</position><in_Quantity.quantity>0.000000</in_Quantity.quantity><out_Quantity.quantity>199.268067</out_Quantity.quantity></Point><Point><position>3123</position><in_Quantity.quantity>0.000000</in_Quantity.quantity><out_Quantity.quantity>264.359696</out_Quantity.quantity></Point><Point><position>3124</position><in_Quantity.quantity>0.000000</in_Quantity.quantity><out_Quantity.quantity>66.303052</out_Quantity.quantity></Point><Point><position>3125</position><in_Quantity.quantity>0.000000</in_Quantity.quantity><out_Quantity.quantity>291.146953</out_Quantity.quantity></Point><Point><position>3126</position><in_Quantity.quantity>0.000000</in_Quantity.quantity><out_Quantity.quantity>623.941550</out_Quantity.quantity></Point><Point><position>3127</position><in_Quantity.quantity>0.000000</in_Quantity.quantity><out_Quantity.quantity>491.807323</out_Quantity.quantity></Point><Point><position>3128</position><in_Quantity.quantity>0.000000</in_Quantity.quantity><out_Quantity.quantity>750.429594</out_Quantity.quantity></Point><Point><position>3129</position><in_Quantity.quantity>0.000000</in_Quantity.quantity><out_Quantity.quantity>345.122676</out_Quantity.quantity></Point><Point><position>3130</position><in_Quantity.quantity>0.000000</in_Quantity.quantity><out_Quantity.quantity>643.936186</out_Quantity.quantity></Point><Point><position>3131</position><in_Quantity.quantity>0.000000</in_Quantity.quantity><out_Quantity.quantity>857.385570</out_Quantity.quantity></Point><Point><position>3132</position><in_Quantity.quantity>0.000000</in_Quantity.quantity><out_Quantity.quantity>413.324684</out_Quantity.quantity></Point><Point><position>3133</position><in_Quantity.quantity>0.000000</in_Quantity.quantity><out_Quantity.quantity>803.913158</out_Quantity.quantity></Point><Point><position>3134</position><in_Quantity.quantity>0.000000</in_Quantity.quantity><out_Quantity.quantity>552.398903</out_Quantity.quantity></Point><Point><position>3135</position><in_Quantity.quantity>0.000000</in_Quantity.quantity><out_Quantity.quantity>827.066150</out_Quantity.quantity></Point><Point><position>3136</position><in_Quantity.quantity>0.000000</in_Quantity.quantity><out_Quantity.quantity>49.888715</out_Quantity.quantity></Point><Point><position>3137</position><in_Quantity.quantity>0.000000</in_Quantity.quantity><out_Quantity.quantity>456.620569</out_Quantity.quantity></Point><Point><position>3138</position><in_Quantity.quantity>0.000000</in_Quantity.quantity><out_Quantity.quantity>910.611715</out_Quantity.quantity></Point><Point><position>3139</position><in_Quantity.quantity>0.000000</in_Quantity.quantity><out_Quantity.quantity>148.659495</out_Quantity.quantity></Point><Point><position>3140</position><in_Quantity.quantity>0.000000</in_Quantity.quantity><out_Quantity.quantity>447.983631</out_Quantity.quantity></Point><Point><position>3141</position><in_Quantity.quantity>0.000000</in_Quantity.quantity><out_Quantity.quantity>565.532588</out_Quantity.quantity></Point><Point><position>3142</position><in_Quantity.quantity>0.000000</in_Quantity.quantity><out_Quantity.quantity>535.215464</out_Quantity.quantity></Point><Point><position>3143</position><in_Quantity.quantity>0.000000</in_Quantity.quantity><out_Quantity.quantity>655.660382</out_Quantity.quantity></Point><Point><position>3144</position><in_Quantity.quantity>0.000000</in_Quantity.quantity><out_Quantity.quantity>675.669729</out_Quantity.quantity></Point><Point><position>3145</position><in_Quantity.quantity>0.000000</in_Quantity.quantity><out_Quantity.quantity>91.988623</out_Quantity.quantity></Point><Point><position>3146</position><in_Quantity.quantity>0.000000</in_Quantity.quantity><out_Quantity.quantity>485.642649</out_Quantity.quantity></Point><Point><position>3147</position><in_Quantity.quantity>0.000000</in_Quantity.quantity><out_Quantity.quantity>478.884613</out_Quantity.quantity></Point><Point><position>3148</position><in_Quantity.quantity>0.000000</in_Quantity.quantity><out_Quantity.quantity>482.271502</out_Quantity.quantity></Point><Point><position>3149</position><in_Quantity.quantity>0.000000</in_Quantity.quantity><out_Quantity.quantity>135.557653</out_Quantity.quantity></Point><Point><position>3150</position><in_Quantity.quantity>0.000000</in_Quantity.quantity><out_Quantity.quantity>143.875791</out_Quantity.quantity></Point><Point><position>3151</position><in_Quantity.quantity>0.000000</in_Quantity.quantity><out_Quantity.quantity>87.402275</out_Quantity.quantity></Point><Point><position>3152</position><in_Quantity.quantity>0.000000</in_Quantity.quantity><out_Quantity.quantity>76.503975</out_Quantity.quantity></Point><Point><position>3153</position><in_Quantity.quantity>0.000000</in_Quantity.quantity><out_Quantity.quantity>56.469487</out_Quantity.quantity></Point><Point><position>3154</position><in_Quantity.quantity>0.000000</in_Quantity.quantity><out_Quantity.quantity>557.497565</out_Quantity.quantity></Point><Point><position>3155</position><in_Quantity.quantity>0.000000</in_Quantity.quantity><out_Quantity.quantity>16.124057</out_Quantity.quantity></Point><Point><position>3156</position><in_Quantity.quantity>0.000000</in_Quantity.quantity><out_Quantity.quantity>239.933816</out_Quantity.quantity></Point><Point><position>3157</position><in_Quantity.quantity>0.000000</in_Quantity.quantity><out_Quantity.quantity>352.804175</out_Quantity.quantity></Point><Point><position>3158</position><in_Quantity.quantity>0.000000</in_Quantity.quantity><out_Quantity.quantity>486.240255</out_Quantity.quantity></Point><Point><position>3159</position><in_Quantity.quantity>0.000000</in_Quantity.quantity><out_Quantity.quantity>186.930434</out_Quantity.quantity></Point><Point><position>3160</position><in_Quantity.quantity>0.000000</in_Quantity.quantity><out_Quantity.quantity>204.623359</out_Quantity.quantity></Point><Point><position>3161</position><in_Quantity.quantity>0.000000</in_Quantity.quantity><out_Quantity.quantity>970.186935</out_Quantity.quantity></Point><Point><position>3162</position><in_Quantity.quantity>0.000000</in_Quantity.quantity><out_Quantity.quantity>353.750811</out_Quantity.quantity></Point><Point><position>3163</position><in_Quantity.quantity>0.000000</in_Quantity.quantity><out_Quantity.quantity>78.138053</out_Quantity.quantity></Point><Point><position>3164</position><in_Quantity.quantity>0.000000</in_Quantity.quantity><out_Quantity.quantity>556.870789</out_Quantity.quantity></Point><Point><position>3165</position><in_Quantity.quantity>0.000000</in_Quantity.quantity><out_Quantity.quantity>837.428817</out_Quantity.quantity></Point><Point><position>3166</position><in_Quantity.quantity>0.000000</in_Quantity.quantity><out_Quantity.quantity>539.857254</out_Quantity.quantity></Point><Point><position>3167</position><in_Quantity.quantity>0.000000</in_Quantity.quantity><out_Quantity.quantity>72.857102</out_Quantity.quantity></Point><Point><position>3168</position><in_Quantity.quantity>0.000000</in_Quantity.quantity><out_Quantity.quantity>715.499407</out_Quantity.quantity></Point><Point><position>3169</position><in_Quantity.quantity>0.000000</in_Quantity.quantity><out_Quantity.quantity>472.894207</out_Quantity.quantity></Point><Point><position>3170</position><in_Quantity.quantity>0.000000</in_Quantity.quantity><out_Quantity.quantity>566.401919</out_Quantity.quantity></Point><Point><position>3171</position><in_Quantity.quantity>0.000000</in_Quantity.quantity><out_Quantity.quantity>231.641417</out_Quantity.quantity></Point><Point><position>3172</position><in_Quantity.quantity>0.000000</in_Quantity.quantity><out_Quantity.quantity>100.152746</out_Quantity.quantity></Point><Point><position>3173</position><in_Quantity.quantity>0.000000</in_Quantity.quantity><out_Quantity.quantity>203.080799</out_Quantity.quantity></Point><Point><position>3174</position><in_Quantity.quantity>0.000000</in_Quantity.quantity><out_Quantity.quantity>746.105675</out_Quantity.quantity></Point><Point><position>3175</position><in_Quantity.quantity>0.000000</in_Quantity.quantity><out_Quantity.quantity>3.059101</out_Quantity.quantity></Point><Point><position>3176</position><in_Quantity.quantity>0.000000</in_Quantity.quantity><out_Quantity.quantity>938.108318</out_Quantity.quantity></Point><Point><position>3177</position><in_Quantity.quantity>0.000000</in_Quantity.quantity><out_Quantity.quantity>235.534983</out_Quantity.quantity></Point><Point><position>3178</position><in_Quantity.quantity>0.000000</in_Quantity.quantity><out_Quantity.quantity>963.996450</out_Quantity.quantity></Point><Point><position>3179</position><in_Quantity.quantity>0.000000</in_Quantity.quantity><out_Quantity.quantity>631.004610</out_Quantity.quantity></Point><Point><position>3180</position><in_Quantity.quantity>0.000000</in_Quantity.quantity><out_Quantity.quantity>197.083981</out_Quantity.quantity></Point><Point><position>3181</position><in_Quantity.quantity>0.000000</in_Quantity.quantity><out_Quantity.quantity>690.452251</out_Quantity.quantity></Point><Point><position>3182</position><in_Quantity.quantity>0.000000</in_Quantity.quantity><out_Quantity.quantity>924.798131</out_Quantity.quantity></Point><Point><position>3183</position><in_Quantity.quantity>0.000000</in_Quantity.quantity><out_Quantity.quantity>457.102399</out_Quantity.quantity></Point><Point><position>3184</position><in_Quantity.quantity>0.000000</in_Quantity.quantity><out_Quantity.quantity>723.790694</out_Quantity.quantity></Point><Point><position>3185</position><in_Quantity.quantity>0.000000</in_Quantity.quantity><out_Quantity.quantity>703.469944</out_Quantity.quantity></Point><Point><position>3186</position><in_Quantity.quantity>0.000000</in_Quantity.quantity><out_Quantity.quantity>369.240610</out_Quantity.quantity></Point><Point><position>3187</position><in_Quantity.quantity>0.000000</in_Quantity.quantity><out_Quantity.quantity>152.824024</out_Quantity.quantity></Point><Point><position>3188</position><in_Quantity.quantity>0.000000</in_Quantity.quantity><out_Quantity.quantity>631.832674</out_Quantity.quantity></Point><Point><position>3189</position><in_Quantity.quantity>0.000000</in_Quantity.quantity><out_Quantity.quantity>29.726570</out_Quantity.quantity></Point><Point><position>3190</position><in_Quantity.quantity>0.000000</in_Quantity.quantity><out_Quantity.quantity>493.649309</out_Quantity.quantity></Point><Point><position>3191</position><in_Quantity.quantity>0.000000</in_Quantity.quantity><out_Quantity.quantity>308.734624</out_Quantity.quantity></Point><Point><position>3192</position><in_Quantity.quantity>0.000000</in_Quantity.quantity><out_Quantity.quantity>487.964230</out_Quantity.quantity></Point><Point><position>3193</position><in_Quantity.quantity>0.000000</in_Quantity.quantity><out_Quantity.quantity>224.266057</out_Quantity.quantity></Point><Point><position>3194</position><in_Quantity.quantity>0.000000</in_Quantity.quantity><out_Quantity.quantity>859.833351</out_Quantity.quantity></Point><Point><position>3195</position><in_Quantity.quantity>0.000000</in_Quantity.quantity><out_Quantity.quantity>945.096178</out_Quantity.quantity></Point><Point><position>3196</position><in_Quantity.quantity>0.000000</in_Quantity.quantity><out_Quantity.quantity>162.990239</out_Quantity.quantity></Point><Point><position>3197</position><in_Quantity.quantity>0.000000</in_Quantity.quantity><out_Quantity.quantity>146.229584</out_Quantity.quantity></Point><Point><position>3198</position><in_Quantity.quantity>0.000000</in_Quantity.quantity><out_Quantity.quantity>668.990896</out_Quantity.quantity></Point><Point><position>3199</position><in_Quantity.quantity>0.000000</in_Quantity.quantity><out_Quantity.quantity>392.558781</out_Quantity.quantity></Point><Point><position>3200</position><in_Quantity.quantity>0.000000</in_Quantity.quantity><out_Quantity.quantity>643.736804</out_Quantity.quantity></Point><Point><position>3201</position><in_Quantity.quantity>0.000000</in_Quantity.quantity><out_Quantity.quantity>827.915036</out_Quantity.quantity></Point><Point><position>3202</position><in_Quantity.quantity>0.000000</in_Quantity.quantity><out_Quantity.quantity>834.655630</out_Quantity.quantity></Point><Point><position>3203</position><in_Quantity.quantity>0.000000</in_Quantity.quantity><out_Quantity.quantity>481.740920</out_Quantity.quantity></Point><Point><position>3204</position><in_Quantity.quantity>0.000000</in_Quantity.quantity><out_Quantity.quantity>936.049442</out_Quantity.quantity></Point><Point><position>3205</position><in_Quantity.quantity>0.000000</in_Quantity.quantity><out_Quantity.quantity>215.582514</out_Quantity.quantity></Point><Point><position>3206</position><in_Quantity.quantity>0.000000</in_Quantity.quantity><out_Quantity.quantity>523.859502</out_Quantity.quantity></Point><Point><position>3207</position><in_Quantity.quantity>0.000000</in_Quantity.quantity><out_Quantity.quantity>332.471608</out_Quantity.quantity></Point><Point><position>3208</position><in_Quantity.quantity>0.000000</in_Quantity.quantity><out_Quantity.quantity>472.621931</out_Quantity.quantity></Point><Point><position>3209</position><in_Quantity.quantity>0.000000</in_Quantity.quantity><out_Quantity.quantity>767.709675</out_Quantity.quantity></Point><Point><position>3210</position><in_Quantity.quantity>0.000000</in_Quantity.quantity><out_Quantity.quantity>872.711677</out_Quantity.quantity></Point><Point><position>3211</position><in_Quantity.quantity>0.000000</in_Quantity.quantity><out_Quantity.quantity>553.273764</out_Quantity.quantity></Point><Point><position>3212</position><in_Quantity.quantity>0.000000</in_Quantity.quantity><out_Quantity.quantity>444.959379</out_Quantity.quantity></Point><Point><position>3213</position><in_Quantity.quantity>0.000000</in_Quantity.quantity><out_Quantity.quantity>261.908907</out_Quantity.quantity></Point><Point><position>3214</position><in_Quantity.quantity>0.000000</in_Quantity.quantity><out_Quantity.quantity>382.636953</out_Quantity.quantity></Point><Point><position>3215</position><in_Quantity.quantity>0.000000</in_Quantity.quantity><out_Quantity.quantity>296.690011</out_Quantity.quantity></Point><Point><position>3216</position><in_Quantity.quantity>0.000000</in_Quantity.quantity><out_Quantity.quantity>789.940150</out_Quantity.quantity></Point><Point><position>3217</position><in_Quantity.quantity>0.000000</in_Quantity.quantity><out_Quantity.quantity>742.886015</out_Quantity.quantity></Point><Point><position>3218</position><in_Quantity.quantity>0.000000</in_Quantity.quantity><out_Quantity.quantity>441.997034</out_Quantity.quantity></Point><Point><position>3219</position><in_Quantity.quantity>0.000000</in_Quantity.quantity><out_Quantity.quantity>456.544444</out_Quantity.quantity></Point><Point><position>3220</position><in_Quantity.quantity>0.000000</in_Quantity.quantity><out_Quantity.quantity>592.871007</out_Quantity.quantity></Point><Point><position>3221</position><in_Quantity.quantity>0.000000</in_Quantity.quantity><out_Quantity.quantity>95.545360</out_Quantity.quantity></Point><Point><position>3222</position><in_Quantity.quantity>0.000000</in_Quantity.quantity><out_Quantity.quantity>120.325126</out_Quantity.quantity></Point><Point><position>3223</position><in_Quantity.quantity>0.000000</in_Quantity.quantity><out_Quantity.quantity>849.959226</out_Quantity.quantity></Point><Point><position>3224</position><in_Quantity.quantity>0.000000</in_Quantity.quantity><out_Quantity.quantity>744.235039</out_Quantity.quantity></Point><Point><position>3225</position><in_Quantity.quantity>0.000000</in_Quantity.quantity><out_Quantity.quantity>181.538340</out_Quantity.quantity></Point><Point><position>3226</position><in_Quantity.quantity>0.000000</in_Quantity.quantity><out_Quantity.quantity>977.846379</out_Quantity.quantity></Point><Point><position>3227</position><in_Quantity.quantity>0.000000</in_Quantity.quantity><out_Quantity.quantity>436.099171</out_Quantity.quantity></Point><Point><position>3228</position><in_Quantity.quantity>0.000000</in_Quantity.quantity><out_Quantity.quantity>580.651616</out_Quantity.quantity></Point><Point><position>3229</position><in_Quantity.quantity>0.000000</in_Quantity.quantity><out_Quantity.quantity>335.855691</out_Quantity.quantity></Point><Point><position>3230</position><in_Quantity.quantity>0.000000</in_Quantity.quantity><out_Quantity.quantity>969.840659</out_Quantity.quantity></Point><Point><position>3231</position><in_Quantity.quantity>0.000000</in_Quantity.quantity><out_Quantity.quantity>705.328966</out_Quantity.quantity></Point><Point><position>3232</position><in_Quantity.quantity>0.000000</in_Quantity.quantity><out_Quantity.quantity>371.174748</out_Quantity.quantity></Point><Point><position>3233</position><in_Quantity.quantity>0.000000</in_Quantity.quantity><out_Quantity.quantity>15.063675</out_Quantity.quantity></Point><Point><position>3234</position><in_Quantity.quantity>0.000000</in_Quantity.quantity><out_Quantity.quantity>666.046364</out_Quantity.quantity></Point><Point><position>3235</position><in_Quantity.quantity>0.000000</in_Quantity.quantity><out_Quantity.quantity>620.750424</out_Quantity.quantity></Point><Point><position>3236</position><in_Quantity.quantity>0.000000</in_Quantity.quantity><out_Quantity.quantity>755.810608</out_Quantity.quantity></Point><Point><position>3237</position><in_Quantity.quantity>0.000000</in_Quantity.quantity><out_Quantity.quantity>67.358679</out_Quantity.quantity></Point><Point><position>3238</position><in_Quantity.quantity>0.000000</in_Quantity.quantity><out_Quantity.quantity>634.979761</out_Quantity.quantity></Point><Point><position>3239</position><in_Quantity.quantity>0.000000</in_Quantity.quantity><out_Quantity.quantity>411.894210</out_Quantity.quantity></Point><Point><position>3240</position><in_Quantity.quantity>0.000000</in_Quantity.quantity><out_Quantity.quantity>488.125607</out_Quantity.quantity></Point><Point><position>3241</position><in_Quantity.quantity>0.000000</in_Quantity.quantity><out_Quantity.quantity>874.584401</out_Quantity.quantity></Point><Point><position>3242</position><in_Quantity.quantity>0.000000</in_Quantity.quantity><out_Quantity.quantity>380.828907</out_Quantity.quantity></Point><Point><position>3243</position><in_Quantity.quantity>0.000000</in_Quantity.quantity><out_Quantity.quantity>964.490489</out_Quantity.quantity></Point><Point><position>3244</position><in_Quantity.quantity>0.000000</in_Quantity.quantity><out_Quantity.quantity>801.324743</out_Quantity.quantity></Point><Point><position>3245</position><in_Quantity.quantity>0.000000</in_Quantity.quantity><out_Quantity.quantity>644.730169</out_Quantity.quantity></Point><Point><position>3246</position><in_Quantity.quantity>0.000000</in_Quantity.quantity><out_Quantity.quantity>265.141119</out_Quantity.quantity></Point><Point><position>3247</position><in_Quantity.quantity>0.000000</in_Quantity.quantity><out_Quantity.quantity>522.880118</out_Quantity.quantity></Point><Point><position>3248</position><in_Quantity.quantity>0.000000</in_Quantity.quantity><out_Quantity.quantity>721.123929</out_Quantity.quantity></Point><Point><position>3249</position><in_Quantity.quantity>0.000000</in_Quantity.quantity><out_Quantity.quantity>769.043539</out_Quantity.quantity></Point><Point><position>3250</position><in_Quantity.quantity>0.000000</in_Quantity.quantity><out_Quantity.quantity>75.593694</out_Quantity.quantity></Point><Point><position>3251</position><in_Quantity.quantity>0.000000</in_Quantity.quantity><out_Quantity.quantity>58.045019</out_Quantity.quantity></Point><Point><position>3252</position><in_Quantity.quantity>0.000000</in_Quantity.quantity><out_Quantity.quantity>533.678293</out_Quantity.quantity></Point><Point><position>3253</position><in_Quantity.quantity>0.000000</in_Quantity.quantity><out_Quantity.quantity>172.853306</out_Quantity.quantity></Point><Point><position>3254</position><in_Quantity.quantity>0.000000</in_Quantity.quantity><out_Quantity.quantity>88.879511</out_Quantity.quantity></Point><Point><position>3255</position><in_Quantity.quantity>0.000000</in_Quantity.quantity><out_Quantity.quantity>905.081560</out_Quantity.quantity></Point><Point><position>3256</position><in_Quantity.quantity>0.000000</in_Quantity.quantity><out_Quantity.quantity>908.502467</out_Quantity.quantity></Point><Point><position>3257</position><in_Quantity.quantity>0.000000</in_Quantity.quantity><out_Quantity.quantity>607.202581</out_Quantity.quantity></Point><Point><position>3258</position><in_Quantity.quantity>0.000000</in_Quantity.quantity><out_Quantity.quantity>674.655565</out_Quantity.quantity></Point><Point><position>3259</position><in_Quantity.quantity>0.000000</in_Quantity.quantity><out_Quantity.quantity>320.200443</out_Quantity.quantity></Point><Point><position>3260</position><in_Quantity.quantity>0.000000</in_Quantity.quantity><out_Quantity.quantity>958.674556</out_Quantity.quantity></Point><Point><position>3261</position><in_Quantity.quantity>0.000000</in_Quantity.quantity><out_Quantity.quantity>748.882950</out_Quantity.quantity></Point><Point><position>3262</position><in_Quantity.quantity>0.000000</in_Quantity.quantity><out_Quantity.quantity>739.898873</out_Quantity.quantity></Point><Point><position>3263</position><in_Quantity.quantity>0.000000</in_Quantity.quantity><out_Quantity.quantity>898.339115</out_Quantity.quantity></Point><Point><position>3264</position><in_Quantity.quantity>0.000000</in_Quantity.quantity><out_Quantity.quantity>807.978285</out_Quantity.quantity></Point><Point><position>3265</position><in_Quantity.quantity>0.000000</in_Quantity.quantity><out_Quantity.quantity>492.609033</out_Quantity.quantity></Point><Point><position>3266</position><in_Quantity.quantity>0.000000</in_Quantity.quantity><out_Quantity.quantity>602.708885</out_Quantity.quantity></Point><Point><position>3267</position><in_Quantity.quantity>0.000000</in_Quantity.quantity><out_Quantity.quantity>13.271055</out_Quantity.quantity></Point><Point><position>3268</position><in_Quantity.quantity>0.000000</in_Quantity.quantity><out_Quantity.quantity>447.169137</out_Quantity.quantity></Point><Point><position>3269</position><in_Quantity.quantity>0.000000</in_Quantity.quantity><out_Quantity.quantity>27.688144</out_Quantity.quantity></Point><Point><position>3270</position><in_Quantity.quantity>0.000000</in_Quantity.quantity><out_Quantity.quantity>918.323160</out_Quantity.quantity></Point><Point><position>3271</position><in_Quantity.quantity>0.000000</in_Quantity.quantity><out_Quantity.quantity>720.966067</out_Quantity.quantity></Point><Point><position>3272</position><in_Quantity.quantity>0.000000</in_Quantity.quantity><out_Quantity.quantity>617.952718</out_Quantity.quantity></Point><Point><position>3273</position><in_Quantity.quantity>0.000000</in_Quantity.quantity><out_Quantity.quantity>823.790699</out_Quantity.quantity></Point><Point><position>3274</position><in_Quantity.quantity>0.000000</in_Quantity.quantity><out_Quantity.quantity>944.522917</out_Quantity.quantity></Point><Point><position>3275</position><in_Quantity.quantity>0.000000</in_Quantity.quantity><out_Quantity.quantity>142.561288</out_Quantity.quantity></Point><Point><position>3276</position><in_Quantity.quantity>0.000000</in_Quantity.quantity><out_Quantity.quantity>104.048924</out_Quantity.quantity></Point><Point><position>3277</position><in_Quantity.quantity>0.000000</in_Quantity.quantity><out_Quantity.quantity>387.874029</out_Quantity.quantity></Point><Point><position>3278</position><in_Quantity.quantity>0.000000</in_Quantity.quantity><out_Quantity.quantity>444.137797</out_Quantity.quantity></Point><Point><position>3279</position><in_Quantity.quantity>0.000000</in_Quantity.quantity><out_Quantity.quantity>106.942988</out_Quantity.quantity></Point><Point><position>3280</position><in_Quantity.quantity>0.000000</in_Quantity.quantity><out_Quantity.quantity>617.917806</out_Quantity.quantity></Point><Point><position>3281</position><in_Quantity.quantity>0.000000</in_Quantity.quantity><out_Quantity.quantity>793.417049</out_Quantity.quantity></Point><Point><position>3282</position><in_Quantity.quantity>0.000000</in_Quantity.quantity><out_Quantity.quantity>498.227134</out_Quantity.quantity></Point><Point><position>3283</position><in_Quantity.quantity>0.000000</in_Quantity.quantity><out_Quantity.quantity>604.023044</out_Quantity.quantity></Point><Point><position>3284</position><in_Quantity.quantity>0.000000</in_Quantity.quantity><out_Quantity.quantity>792.827325</out_Quantity.quantity></Point><Point><position>3285</position><in_Quantity.quantity>0.000000</in_Quantity.quantity><out_Quantity.quantity>549.226110</out_Quantity.quantity></Point><Point><position>3286</position><in_Quantity.quantity>0.000000</in_Quantity.quantity><out_Quantity.quantity>537.539580</out_Quantity.quantity></Point><Point><position>3287</position><in_Quantity.quantity>0.000000</in_Quantity.quantity><out_Quantity.quantity>228.590897</out_Quantity.quantity></Point><Point><position>3288</position><in_Quantity.quantity>0.000000</in_Quantity.quantity><out_Quantity.quantity>33.468822</out_Quantity.quantity></Point><Point><position>3289</position><in_Quantity.quantity>0.000000</in_Quantity.quantity><out_Quantity.quantity>708.899024</out_Quantity.quantity></Point><Point><position>3290</position><in_Quantity.quantity>0.000000</in_Quantity.quantity><out_Quantity.quantity>617.284886</out_Quantity.quantity></Point><Point><position>3291</position><in_Quantity.quantity>0.000000</in_Quantity.quantity><out_Quantity.quantity>258.639615</out_Quantity.quantity></Point><Point><position>3292</position><in_Quantity.quantity>0.000000</in_Quantity.quantity><out_Quantity.quantity>410.622684</out_Quantity.quantity></Point><Point><position>3293</position><in_Quantity.quantity>0.000000</in_Quantity.quantity><out_Quantity.quantity>242.815629</out_Quantity.quantity></Point><Point><position>3294</position><in_Quantity.quantity>0.000000</in_Quantity.quantity><out_Quantity.quantity>768.515950</out_Quantity.quantity></Point><Point><position>3295</position><in_Quantity.quantity>0.000000</in_Quantity.quantity><out_Quantity.quantity>736.849873</out_Quantity.quantity></Point><Point><position>3296</position><in_Quantity.quantity>0.000000</in_Quantity.quantity><out_Quantity.quantity>323.497522</out_Quantity.quantity></Point><Point><position>3297</position><in_Quantity.quantity>0.000000</in_Quantity.quantity><out_Quantity.quantity>947.009172</out_Quantity.quantity></Point><Point><position>3298</position><in_Quantity.quantity>0.000000</in_Quantity.quantity><out_Quantity.quantity>915.361986</out_Quantity.quantity></Point><Point><position>3299</position><in_Quantity.quantity>0.000000</in_Quantity.quantity><out_Quantity.quantity>618.411004</out_Quantity.quantity></Point><Point><position>3300</position><in_Quantity.quantity>0.000000</in_Quantity.quantity><out_Quantity.quantity>992.482809</out_Quantity.quantity></Point><Point><position>3301</position><in_Quantity.quantity>0.000000</in_Quantity.quantity><out_Quantity.quantity>158.064345</out_Quantity.quantity></Point><Point><position>3302</position><in_Quantity.quantity>0.000000</in_Quantity.quantity><out_Quantity.quantity>206.966555</out_Quantity.quantity></Point><Point><position>3303</position><in_Quantity.quantity>0.000000</in_Quantity.quantity><out_Quantity.quantity>244.461284</out_Quantity.quantity></Point><Point><position>3304</position><in_Quantity.quantity>0.000000</in_Quantity.quantity><out_Quantity.quantity>800.613660</out_Quantity.quantity></Point><Point><position>3305</position><in_Quantity.quantity>0.000000</in_Quantity.quantity><out_Quantity.quantity>313.950671</out_Quantity.quantity></Point><Point><position>3306</position><in_Quantity.quantity>0.000000</in_Quantity.quantity><out_Quantity.quantity>641.170055</out_Quantity.quantity></Point><Point><position>3307</position><in_Quantity.quantity>0.000000</in_Quantity.quantity><out_Quantity.quantity>215.580472</out_Quantity.quantity></Point><Point><position>3308</position><in_Quantity.quantity>0.000000</in_Quantity.quantity><out_Quantity.quantity>874.095501</out_Quantity.quantity></Point><Point><position>3309</position><in_Quantity.quantity>0.000000</in_Quantity.quantity><out_Quantity.quantity>775.951057</out_Quantity.quantity></Point><Point><position>3310</position><in_Quantity.quantity>0.000000</in_Quantity.quantity><out_Quantity.quantity>843.147615</out_Quantity.quantity></Point><Point><position>3311</position><in_Quantity.quantity>0.000000</in_Quantity.quantity><out_Quantity.quantity>532.442770</out_Quantity.quantity></Point><Point><position>3312</position><in_Quantity.quantity>0.000000</in_Quantity.quantity><out_Quantity.quantity>24.323569</out_Quantity.quantity></Point><Point><position>3313</position><in_Quantity.quantity>0.000000</in_Quantity.quantity><out_Quantity.quantity>273.712998</out_Quantity.quantity></Point><Point><position>3314</position><in_Quantity.quantity>0.000000</in_Quantity.quantity><out_Quantity.quantity>847.202705</out_Quantity.quantity></Point><Point><position>3315</position><in_Quantity.quantity>0.000000</in_Quantity.quantity><out_Quantity.quantity>75.906391</out_Quantity.quantity></Point><Point><position>3316</position><in_Quantity.quantity>0.000000</in_Quantity.quantity><out_Quantity.quantity>974.833512</out_Quantity.quantity></Point><Point><position>3317</position><in_Quantity.quantity>0.000000</in_Quantity.quantity><out_Quantity.quantity>420.440097</out_Quantity.quantity></Point><Point><position>3318</position><in_Quantity.quantity>0.000000</in_Quantity.quantity><out_Quantity.quantity>477.863722</out_Quantity.quantity></Point><Point><position>3319</position><in_Quantity.quantity>0.000000</in_Quantity.quantity><out_Quantity.quantity>71.439712</out_Quantity.quantity></Point><Point><position>3320</position><in_Quantity.quantity>0.000000</in_Quantity.quantity><out_Quantity.quantity>600.502546</out_Quantity.quantity></Point><Point><position>3321</position><in_Quantity.quantity>0.000000</in_Quantity.quantity><out_Quantity.quantity>734.057362</out_Quantity.quantity></Point><Point><position>3322</position><in_Quantity.quantity>0.000000</in_Quantity.quantity><out_Quantity.quantity>256.244185</out_Quantity.quantity></Point><Point><position>3323</position><in_Quantity.quantity>0.000000</in_Quantity.quantity><out_Quantity.quantity>2.153896</out_Quantity.quantity></Point><Point><position>3324</position><in_Quantity.quantity>0.000000</in_Quantity.quantity><out_Quantity.quantity>582.517473</out_Quantity.quantity></Point><Point><position>3325</position><in_Quantity.quantity>0.000000</in_Quantity.quantity><out_Quantity.quantity>895.987018</out_Quantity.quantity></Point><Point><position>3326</position><in_Quantity.quantity>0.000000</in_Quantity.quantity><out_Quantity.quantity>901.623625</out_Quantity.quantity></Point><Point><position>3327</position><in_Quantity.quantity>0.000000</in_Quantity.quantity><out_Quantity.quantity>89.250481</out_Quantity.quantity></Point><Point><position>3328</position><in_Quantity.quantity>0.000000</in_Quantity.quantity><out_Quantity.quantity>684.571607</out_Quantity.quantity></Point><Point><position>3329</position><in_Quantity.quantity>0.000000</in_Quantity.quantity><out_Quantity.quantity>765.153047</out_Quantity.quantity></Point><Point><position>3330</position><in_Quantity.quantity>0.000000</in_Quantity.quantity><out_Quantity.quantity>161.082592</out_Quantity.quantity></Point><Point><position>3331</position><in_Quantity.quantity>0.000000</in_Quantity.quantity><out_Quantity.quantity>324.697930</out_Quantity.quantity></Point><Point><position>3332</position><in_Quantity.quantity>0.000000</in_Quantity.quantity><out_Quantity.quantity>833.949631</out_Quantity.quantity></Point><Point><position>3333</position><in_Quantity.quantity>0.000000</in_Quantity.quantity><out_Quantity.quantity>154.271952</out_Quantity.quantity></Point><Point><position>3334</position><in_Quantity.quantity>0.000000</in_Quantity.quantity><out_Quantity.quantity>124.510786</out_Quantity.quantity></Point><Point><position>3335</position><in_Quantity.quantity>0.000000</in_Quantity.quantity><out_Quantity.quantity>153.123350</out_Quantity.quantity></Point><Point><position>3336</position><in_Quantity.quantity>0.000000</in_Quantity.quantity><out_Quantity.quantity>449.043002</out_Quantity.quantity></Point><Point><position>3337</position><in_Quantity.quantity>0.000000</in_Quantity.quantity><out_Quantity.quantity>448.943532</out_Quantity.quantity></Point><Point><position>3338</position><in_Quantity.quantity>0.000000</in_Quantity.quantity><out_Quantity.quantity>501.421709</out_Quantity.quantity></Point><Point><position>3339</position><in_Quantity.quantity>0.000000</in_Quantity.quantity><out_Quantity.quantity>920.181342</out_Quantity.quantity></Point><Point><position>3340</position><in_Quantity.quantity>0.000000</in_Quantity.quantity><out_Quantity.quantity>557.420663</out_Quantity.quantity></Point><Point><position>3341</position><in_Quantity.quantity>0.000000</in_Quantity.quantity><out_Quantity.quantity>300.734023</out_Quantity.quantity></Point><Point><position>3342</position><in_Quantity.quantity>0.000000</in_Quantity.quantity><out_Quantity.quantity>547.014183</out_Quantity.quantity></Point><Point><position>3343</position><in_Quantity.quantity>0.000000</in_Quantity.quantity><out_Quantity.quantity>877.121884</out_Quantity.quantity></Point><Point><position>3344</position><in_Quantity.quantity>0.000000</in_Quantity.quantity><out_Quantity.quantity>9.723313</out_Quantity.quantity></Point><Point><position>3345</position><in_Quantity.quantity>0.000000</in_Quantity.quantity><out_Quantity.quantity>362.275118</out_Quantity.quantity></Point><Point><position>3346</position><in_Quantity.quantity>0.000000</in_Quantity.quantity><out_Quantity.quantity>13.639732</out_Quantity.quantity></Point><Point><position>3347</position><in_Quantity.quantity>0.000000</in_Quantity.quantity><out_Quantity.quantity>10.127555</out_Quantity.quantity></Point><Point><position>3348</position><in_Quantity.quantity>0.000000</in_Quantity.quantity><out_Quantity.quantity>195.062127</out_Quantity.quantity></Point><Point><position>3349</position><in_Quantity.quantity>0.000000</in_Quantity.quantity><out_Quantity.quantity>879.700545</out_Quantity.quantity></Point><Point><position>3350</position><in_Quantity.quantity>0.000000</in_Quantity.quantity><out_Quantity.quantity>597.190650</out_Quantity.quantity></Point><Point><position>3351</position><in_Quantity.quantity>0.000000</in_Quantity.quantity><out_Quantity.quantity>103.212713</out_Quantity.quantity></Point><Point><position>3352</position><in_Quantity.quantity>0.000000</in_Quantity.quantity><out_Quantity.quantity>645.454046</out_Quantity.quantity></Point><Point><position>3353</position><in_Quantity.quantity>0.000000</in_Quantity.quantity><out_Quantity.quantity>771.330834</out_Quantity.quantity></Point><Point><position>3354</position><in_Quantity.quantity>0.000000</in_Quantity.quantity><out_Quantity.quantity>489.427325</out_Quantity.quantity></Point><Point><position>3355</position><in_Quantity.quantity>0.000000</in_Quantity.quantity><out_Quantity.quantity>648.434773</out_Quantity.quantity></Point><Point><position>3356</position><in_Quantity.quantity>0.000000</in_Quantity.quantity><out_Quantity.quantity>287.246798</out_Quantity.quantity></Point><Point><position>3357</position><in_Quantity.quantity>0.000000</in_Quantity.quantity><out_Quantity.quantity>31.532478</out_Quantity.quantity></Point><Point><position>3358</position><in_Quantity.quantity>0.000000</in_Quantity.quantity><out_Quantity.quantity>627.010106</out_Quantity.quantity></Point><Point><position>3359</position><in_Quantity.quantity>0.000000</in_Quantity.quantity><out_Quantity.quantity>277.389422</out_Quantity.quantity></Point><Point><position>3360</position><in_Quantity.quantity>0.000000</in_Quantity.quantity><out_Quantity.quantity>395.930518</out_Quantity.quantity></Point><Point><position>3361</position><in_Quantity.quantity>0.000000</in_Quantity.quantity><out_Quantity.quantity>863.669725</out_Quantity.quantity></Point><Point><position>3362</position><in_Quantity.quantity>0.000000</in_Quantity.quantity><out_Quantity.quantity>767.148531</out_Quantity.quantity></Point><Point><position>3363</position><in_Quantity.quantity>0.000000</in_Quantity.quantity><out_Quantity.quantity>199.097140</out_Quantity.quantity></Point><Point><position>3364</position><in_Quantity.quantity>0.000000</in_Quantity.quantity><out_Quantity.quantity>579.916304</out_Quantity.quantity></Point><Point><position>3365</position><in_Quantity.quantity>0.000000</in_Quantity.quantity><out_Quantity.quantity>45.066449</out_Quantity.quantity></Point><Point><position>3366</position><in_Quantity.quantity>0.000000</in_Quantity.quantity><out_Quantity.quantity>386.795979</out_Quantity.quantity></Point><Point><position>3367</position><in_Quantity.quantity>0.000000</in_Quantity.quantity><out_Quantity.quantity>142.135712</out_Quantity.quantity></Point><Point><position>3368</position><in_Quantity.quantity>0.000000</in_Quantity.quantity><out_Quantity.quantity>633.764207</out_Quantity.quantity></Point><Point><position>3369</position><in_Quantity.quantity>0.000000</in_Quantity.quantity><out_Quantity.quantity>9.465645</out_Quantity.quantity></Point><Point><position>3370</position><in_Quantity.quantity>0.000000</in_Quantity.quantity><out_Quantity.quantity>981.399813</out_Quantity.quantity></Point><Point><position>3371</position><in_Quantity.quantity>0.000000</in_Quantity.quantity><out_Quantity.quantity>250.389267</out_Quantity.quantity></Point><Point><position>3372</position><in_Quantity.quantity>0.000000</in_Quantity.quantity><out_Quantity.quantity>534.148315</out_Quantity.quantity></Point><Point><position>3373</position><in_Quantity.quantity>0.000000</in_Quantity.quantity><out_Quantity.quantity>441.752129</out_Quantity.quantity></Point><Point><position>3374</position><in_Quantity.quantity>0.000000</in_Quantity.quantity><out_Quantity.quantity>662.481640</out_Quantity.quantity></Point><Point><position>3375</position><in_Quantity.quantity>0.000000</in_Quantity.quantity><out_Quantity.quantity>152.456392</out_Quantity.quantity></Point><Point><position>3376</position><in_Quantity.quantity>0.000000</in_Quantity.quantity><out_Quantity.quantity>537.956419</out_Quantity.quantity></Point><Point><position>3377</position><in_Quantity.quantity>0.000000</in_Quantity.quantity><out_Quantity.quantity>901.711006</out_Quantity.quantity></Point><Point><position>3378</position><in_Quantity.quantity>0.000000</in_Quantity.quantity><out_Quantity.quantity>992.406524</out_Quantity.quantity></Point><Point><position>3379</position><in_Quantity.quantity>0.000000</in_Quantity.quantity><out_Quantity.quantity>209.851039</out_Quantity.quantity></Point><Point><position>3380</position><in_Quantity.quantity>0.000000</in_Quantity.quantity><out_Quantity.quantity>42.413204</out_Quantity.quantity></Point><Point><position>3381</position><in_Quantity.quantity>0.000000</in_Quantity.quantity><out_Quantity.quantity>740.173568</out_Quantity.quantity></Point><Point><position>3382</position><in_Quantity.quantity>0.000000</in_Quantity.quantity><out_Quantity.quantity>194.014195</out_Quantity.quantity></Point><Point><position>3383</position><in_Quantity.quantity>0.000000</in_Quantity.quantity><out_Quantity.quantity>898.778557</out_Quantity.quantity></Point><Point><position>3384</position><in_Quantity.quantity>0.000000</in_Quantity.quantity><out_Quantity.quantity>855.514058</out_Quantity.quantity></Point><Point><position>3385</position><in_Quantity.quantity>0.000000</in_Quantity.quantity><out_Quantity.quantity>345.280463</out_Quantity.quantity></Point><Point><position>3386</position><in_Quantity.quantity>0.000000</in_Quantity.quantity><out_Quantity.quantity>746.339888</out_Quantity.quantity></Point><Point><position>3387</position><in_Quantity.quantity>0.000000</in_Quantity.quantity><out_Quantity.quantity>593.409848</out_Quantity.quantity></Point><Point><position>3388</position><in_Quantity.quantity>0.000000</in_Quantity.quantity><out_Quantity.quantity>322.754768</out_Quantity.quantity></Point><Point><position>3389</position><in_Quantity.quantity>0.000000</in_Quantity.quantity><out_Quantity.quantity>592.013373</out_Quantity.quantity></Point><Point><position>3390</position><in_Quantity.quantity>0.000000</in_Quantity.quantity><out_Quantity.quantity>832.755376</out_Quantity.quantity></Point><Point><position>3391</position><in_Quantity.quantity>0.000000</in_Quantity.quantity><out_Quantity.quantity>853.772234</out_Quantity.quantity></Point><Point><position>3392</position><in_Quantity.quantity>0.000000</in_Quantity.quantity><out_Quantity.quantity>386.862344</out_Quantity.quantity></Point><Point><position>3393</position><in_Quantity.quantity>0.000000</in_Quantity.quantity><out_Quantity.quantity>252.893262</out_Quantity.quantity></Point><Point><position>3394</position><in_Quantity.quantity>0.000000</in_Quantity.quantity><out_Quantity.quantity>204.271873</out_Quantity.quantity></Point><Point><position>3395</position><in_Quantity.quantity>0.000000</in_Quantity.quantity><out_Quantity.quantity>573.660169</out_Quantity.quantity></Point><Point><position>3396</position><in_Quantity.quantity>0.000000</in_Quantity.quantity><out_Quantity.quantity>747.860720</out_Quantity.quantity></Point><Point><position>3397</position><in_Quantity.quantity>0.000000</in_Quantity.quantity><out_Quantity.quantity>799.000325</out_Quantity.quantity></Point><Point><position>3398</position><in_Quantity.quantity>0.000000</in_Quantity.quantity><out_Quantity.quantity>855.852973</out_Quantity.quantity></Point><Point><position>3399</position><in_Quantity.quantity>0.000000</in_Quantity.quantity><out_Quantity.quantity>249.668376</out_Quantity.quantity></Point><Point><position>3400</position><in_Quantity.quantity>0.000000</in_Quantity.quantity><out_Quantity.quantity>376.350673</out_Quantity.quantity></Point><Point><position>3401</position><in_Quantity.quantity>0.000000</in_Quantity.quantity><out_Quantity.quantity>34.145953</out_Quantity.quantity></Point><Point><position>3402</position><in_Quantity.quantity>0.000000</in_Quantity.quantity><out_Quantity.quantity>159.234053</out_Quantity.quantity></Point><Point><position>3403</position><in_Quantity.quantity>0.000000</in_Quantity.quantity><out_Quantity.quantity>324.740247</out_Quantity.quantity></Point><Point><position>3404</position><in_Quantity.quantity>0.000000</in_Quantity.quantity><out_Quantity.quantity>840.602035</out_Quantity.quantity></Point><Point><position>3405</position><in_Quantity.quantity>0.000000</in_Quantity.quantity><out_Quantity.quantity>9.146086</out_Quantity.quantity></Point><Point><position>3406</position><in_Quantity.quantity>0.000000</in_Quantity.quantity><out_Quantity.quantity>843.783792</out_Quantity.quantity></Point><Point><position>3407</position><in_Quantity.quantity>0.000000</in_Quantity.quantity><out_Quantity.quantity>419.960001</out_Quantity.quantity></Point><Point><position>3408</position><in_Quantity.quantity>0.000000</in_Quantity.quantity><out_Quantity.quantity>177.773838</out_Quantity.quantity></Point><Point><position>3409</position><in_Quantity.quantity>0.000000</in_Quantity.quantity><out_Quantity.quantity>22.870447</out_Quantity.quantity></Point><Point><position>3410</position><in_Quantity.quantity>0.000000</in_Quantity.quantity><out_Quantity.quantity>878.673488</out_Quantity.quantity></Point><Point><position>3411</position><in_Quantity.quantity>0.000000</in_Quantity.quantity><out_Quantity.quantity>701.653585</out_Quantity.quantity></Point><Point><position>3412</position><in_Quantity.quantity>0.000000</in_Quantity.quantity><out_Quantity.quantity>549.401514</out_Quantity.quantity></Point><Point><position>3413</position><in_Quantity.quantity>0.000000</in_Quantity.quantity><out_Quantity.quantity>316.702253</out_Quantity.quantity></Point><Point><position>3414</position><in_Quantity.quantity>0.000000</in_Quantity.quantity><out_Quantity.quantity>676.898233</out_Quantity.quantity></Point><Point><position>3415</position><in_Quantity.quantity>0.000000</in_Quantity.quantity><out_Quantity.quantity>503.785415</out_Quantity.quantity></Point><Point><position>3416</position><in_Quantity.quantity>0.000000</in_Quantity.quantity><out_Quantity.quantity>797.530855</out_Quantity.quantity></Point><Point><position>3417</position><in_Quantity.quantity>0.000000</in_Quantity.quantity><out_Quantity.quantity>563.515316</out_Quantity.quantity></Point><Point><position>3418</position><in_Quantity.quantity>0.000000</in_Quantity.quantity><out_Quantity.quantity>337.599724</out_Quantity.quantity></Point><Point><position>3419</position><in_Quantity.quantity>0.000000</in_Quantity.quantity><out_Quantity.quantity>784.323374</out_Quantity.quantity></Point><Point><position>3420</position><in_Quantity.quantity>0.000000</in_Quantity.quantity><out_Quantity.quantity>930.055174</out_Quantity.quantity></Point><Point><position>3421</position><in_Quantity.quantity>0.000000</in_Quantity.quantity><out_Quantity.quantity>576.668586</out_Quantity.quantity></Point><Point><position>3422</position><in_Quantity.quantity>0.000000</in_Quantity.quantity><out_Quantity.quantity>53.331163</out_Quantity.quantity></Point><Point><position>3423</position><in_Quantity.quantity>0.000000</in_Quantity.quantity><out_Quantity.quantity>599.813639</out_Quantity.quantity></Point><Point><position>3424</position><in_Quantity.quantity>0.000000</in_Quantity.quantity><out_Quantity.quantity>620.525271</out_Quantity.quantity></Point><Point><position>3425</position><in_Quantity.quantity>0.000000</in_Quantity.quantity><out_Quantity.quantity>182.819378</out_Quantity.quantity></Point><Point><position>3426</position><in_Quantity.quantity>0.000000</in_Quantity.quantity><out_Quantity.quantity>931.742428</out_Quantity.quantity></Point><Point><position>3427</position><in_Quantity.quantity>0.000000</in_Quantity.quantity><out_Quantity.quantity>554.135664</out_Quantity.quantity></Point><Point><position>3428</position><in_Quantity.quantity>0.000000</in_Quantity.quantity><out_Quantity.quantity>674.393311</out_Quantity.quantity></Point><Point><position>3429</position><in_Quantity.quantity>0.000000</in_Quantity.quantity><out_Quantity.quantity>345.101643</out_Quantity.quantity></Point><Point><position>3430</position><in_Quantity.quantity>0.000000</in_Quantity.quantity><out_Quantity.quantity>788.197798</out_Quantity.quantity></Point><Point><position>3431</position><in_Quantity.quantity>0.000000</in_Quantity.quantity><out_Quantity.quantity>729.710076</out_Quantity.quantity></Point><Point><position>3432</position><in_Quantity.quantity>0.000000</in_Quantity.quantity><out_Quantity.quantity>496.922652</out_Quantity.quantity></Point><Point><position>3433</position><in_Quantity.quantity>0.000000</in_Quantity.quantity><out_Quantity.quantity>746.717366</out_Quantity.quantity></Point><Point><position>3434</position><in_Quantity.quantity>0.000000</in_Quantity.quantity><out_Quantity.quantity>8.777957</out_Quantity.quantity></Point><Point><position>3435</position><in_Quantity.quantity>0.000000</in_Quantity.quantity><out_Quantity.quantity>672.617885</out_Quantity.quantity></Point><Point><position>3436</position><in_Quantity.quantity>0.000000</in_Quantity.quantity><out_Quantity.quantity>152.772500</out_Quantity.quantity></Point><Point><position>3437</position><in_Quantity.quantity>0.000000</in_Quantity.quantity><out_Quantity.quantity>936.313313</out_Quantity.quantity></Point><Point><position>3438</position><in_Quantity.quantity>0.000000</in_Quantity.quantity><out_Quantity.quantity>969.856380</out_Quantity.quantity></Point><Point><position>3439</position><in_Quantity.quantity>0.000000</in_Quantity.quantity><out_Quantity.quantity>876.375201</out_Quantity.quantity></Point><Point><position>3440</position><in_Quantity.quantity>0.000000</in_Quantity.quantity><out_Quantity.quantity>891.922257</out_Quantity.quantity></Point><Point><position>3441</position><in_Quantity.quantity>0.000000</in_Quantity.quantity><out_Quantity.quantity>687.360386</out_Quantity.quantity></Point><Point><position>3442</position><in_Quantity.quantity>0.000000</in_Quantity.quantity><out_Quantity.quantity>651.627236</out_Quantity.quantity></Point><Point><position>3443</position><in_Quantity.quantity>0.000000</in_Quantity.quantity><out_Quantity.quantity>182.204150</out_Quantity.quantity></Point><Point><position>3444</position><in_Quantity.quantity>0.000000</in_Quantity.quantity><out_Quantity.quantity>223.432302</out_Quantity.quantity></Point><Point><position>3445</position><in_Quantity.quantity>0.000000</in_Quantity.quantity><out_Quantity.quantity>589.993185</out_Quantity.quantity></Point><Point><position>3446</position><in_Quantity.quantity>0.000000</in_Quantity.quantity><out_Quantity.quantity>369.708268</out_Quantity.quantity></Point><Point><position>3447</position><in_Quantity.quantity>0.000000</in_Quantity.quantity><out_Quantity.quantity>905.941301</out_Quantity.quantity></Point><Point><position>3448</position><in_Quantity.quantity>0.000000</in_Quantity.quantity><out_Quantity.quantity>45.343595</out_Quantity.quantity></Point><Point><position>3449</position><in_Quantity.quantity>0.000000</in_Quantity.quantity><out_Quantity.quantity>277.989863</out_Quantity.quantity></Point><Point><position>3450</position><in_Quantity.quantity>0.000000</in_Quantity.quantity><out_Quantity.quantity>691.187663</out_Quantity.quantity></Point><Point><position>3451</position><in_Quantity.quantity>0.000000</in_Quantity.quantity><out_Quantity.quantity>138.121309</out_Quantity.quantity></Point><Point><position>3452</position><in_Quantity.quantity>0.000000</in_Quantity.quantity><out_Quantity.quantity>58.415548</out_Quantity.quantity></Point><Point><position>3453</position><in_Quantity.quantity>0.000000</in_Quantity.quantity><out_Quantity.quantity>494.434024</out_Quantity.quantity></Point><Point><position>3454</position><in_Quantity.quantity>0.000000</in_Quantity.quantity><out_Quantity.quantity>69.865818</out_Quantity.quantity></Point><Point><position>3455</position><in_Quantity.quantity>0.000000</in_Quantity.quantity><out_Quantity.quantity>174.751868</out_Quantity.quantity></Point><Point><position>3456</position><in_Quantity.quantity>0.000000</in_Quantity.quantity><out_Quantity.quantity>576.679552</out_Quantity.quantity></Point><Point><position>3457</position><in_Quantity.quantity>0.000000</in_Quantity.quantity><out_Quantity.quantity>711.257809</out_Quantity.quantity></Point><Point><position>3458</position><in_Quantity.quantity>0.000000</in_Quantity.quantity><out_Quantity.quantity>134.177185</out_Quantity.quantity></Point><Point><position>3459</position><in_Quantity.quantity>0.000000</in_Quantity.quantity><out_Quantity.quantity>365.246638</out_Quantity.quantity></Point><Point><position>3460</position><in_Quantity.quantity>0.000000</in_Quantity.quantity><out_Quantity.quantity>880.514154</out_Quantity.quantity></Point><Point><position>3461</position><in_Quantity.quantity>0.000000</in_Quantity.quantity><out_Quantity.quantity>812.412447</out_Quantity.quantity></Point><Point><position>3462</position><in_Quantity.quantity>0.000000</in_Quantity.quantity><out_Quantity.quantity>146.597836</out_Quantity.quantity></Point><Point><position>3463</position><in_Quantity.quantity>0.000000</in_Quantity.quantity><out_Quantity.quantity>557.732372</out_Quantity.quantity></Point><Point><position>3464</position><in_Quantity.quantity>0.000000</in_Quantity.quantity><out_Quantity.quantity>910.477547</out_Quantity.quantity></Point><Point><position>3465</position><in_Quantity.quantity>0.000000</in_Quantity.quantity><out_Quantity.quantity>501.421892</out_Quantity.quantity></Point><Point><position>3466</position><in_Quantity.quantity>0.000000</in_Quantity.quantity><out_Quantity.quantity>334.615460</out_Quantity.quantity></Point><Point><position>3467</position><in_Quantity.quantity>0.000000</in_Quantity.quantity><out_Quantity.quantity>167.132333</out_Quantity.quantity></Point><Point><position>3468</position><in_Quantity.quantity>0.000000</in_Quantity.quantity><out_Quantity.quantity>336.711324</out_Quantity.quantity></Point><Point><position>3469</position><in_Quantity.quantity>0.000000</in_Quantity.quantity><out_Quantity.quantity>395.412338</out_Quantity.quantity></Point><Point><position>3470</position><in_Quantity.quantity>0.000000</in_Quantity.quantity><out_Quantity.quantity>171.639357</out_Quantity.quantity></Point><Point><position>3471</position><in_Quantity.quantity>0.000000</in_Quantity.quantity><out_Quantity.quantity>241.867925</out_Quantity.quantity></Point><Point><position>3472</position><in_Quantity.quantity>0.000000</in_Quantity.quantity><out_Quantity.quantity>149.588844</out_Quantity.quantity></Point><Point><position>3473</position><in_Quantity.quantity>0.000000</in_Quantity.quantity><out_Quantity.quantity>438.485087</out_Quantity.quantity></Point><Point><position>3474</position><in_Quantity.quantity>0.000000</in_Quantity.quantity><out_Quantity.quantity>63.841079</out_Quantity.quantity></Point><Point><position>3475</position><in_Quantity.quantity>0.000000</in_Quantity.quantity><out_Quantity.quantity>619.282008</out_Quantity.quantity></Point><Point><position>3476</position><in_Quantity.quantity>0.000000</in_Quantity.quantity><out_Quantity.quantity>408.576921</out_Quantity.quantity></Point><Point><position>3477</position><in_Quantity.quantity>0.000000</in_Quantity.quantity><out_Quantity.quantity>356.903367</out_Quantity.quantity></Point><Point><position>3478</position><in_Quantity.quantity>0.000000</in_Quantity.quantity><out_Quantity.quantity>94.396427</out_Quantity.quantity></Point><Point><position>3479</position><in_Quantity.quantity>0.000000</in_Quantity.quantity><out_Quantity.quantity>552.682288</out_Quantity.quantity></Point><Point><position>3480</position><in_Quantity.quantity>0.000000</in_Quantity.quantity><out_Quantity.quantity>8.037352</out_Quantity.quantity></Point><Point><position>3481</position><in_Quantity.quantity>0.000000</in_Quantity.quantity><out_Quantity.quantity>415.843309</out_Quantity.quantity></Point><Point><position>3482</position><in_Quantity.quantity>0.000000</in_Quantity.quantity><out_Quantity.quantity>948.263503</out_Quantity.quantity></Point><Point><position>3483</position><in_Quantity.quantity>0.000000</in_Quantity.quantity><out_Quantity.quantity>825.460439</out_Quantity.quantity></Point><Point><position>3484</position><in_Quantity.quantity>0.000000</in_Quantity.quantity><out_Quantity.quantity>915.461336</out_Quantity.quantity></Point><Point><position>3485</position><in_Quantity.quantity>0.000000</in_Quantity.quantity><out_Quantity.quantity>610.349664</out_Quantity.quantity></Point><Point><position>3486</position><in_Quantity.quantity>0.000000</in_Quantity.quantity><out_Quantity.quantity>632.610008</out_Quantity.quantity></Point><Point><position>3487</position><in_Quantity.quantity>0.000000</in_Quantity.quantity><out_Quantity.quantity>226.001600</out_Quantity.quantity></Point><Point><position>3488</position><in_Quantity.quantity>0.000000</in_Quantity.quantity><out_Quantity.quantity>515.352626</out_Quantity.quantity></Point><Point><position>3489</position><in_Quantity.quantity>0.000000</in_Quantity.quantity><out_Quantity.quantity>679.213658</out_Quantity.quantity></Point><Point><position>3490</position><in_Quantity.quantity>0.000000</in_Quantity.quantity><out_Quantity.quantity>444.370238</out_Quantity.quantity></Point><Point><position>3491</position><in_Quantity.quantity>0.000000</in_Quantity.quantity><out_Quantity.quantity>65.020027</out_Quantity.quantity></Point><Point><position>3492</position><in_Quantity.quantity>0.000000</in_Quantity.quantity><out_Quantity.quantity>65.324805</out_Quantity.quantity></Point><Point><position>3493</position><in_Quantity.quantity>0.000000</in_Quantity.quantity><out_Quantity.quantity>926.007609</out_Quantity.quantity></Point><Point><position>3494</position><in_Quantity.quantity>0.000000</in_Quantity.quantity><out_Quantity.quantity>102.661788</out_Quantity.quantity></Point><Point><position>3495</position><in_Quantity.quantity>0.000000</in_Quantity.quantity><out_Quantity.quantity>8.954433</out_Quantity.quantity></Point><Point><position>3496</position><in_Quantity.quantity>0.000000</in_Quantity.quantity><out_Quantity.quantity>385.750194</out_Quantity.quantity></Point><Point><position>3497</position><in_Quantity.quantity>0.000000</in_Quantity.quantity><out_Quantity.quantity>24.122314</out_Quantity.quantity></Point><Point><position>3498</position><in_Quantity.quantity>0.000000</in_Quantity.quantity><out_Quantity.quantity>864.955475</out_Quantity.quantity></Point><Point><position>3499</position><in_Quantity.quantity>0.000000</in_Quantity.quantity><out_Quantity.quantity>720.115694</out_Quantity.quantity></Point><Point><position>3500</position><in_Quantity.quantity>0.000000</in_Quantity.quantity><out_Quantity.quantity>244.739086</out_Quantity.quantity></Point><Point><position>3501</position><in_Quantity.quantity>0.000000</in_Quantity.quantity><out_Quantity.quantity>441.082515</out_Quantity.quantity></Point><Point><position>3502</position><in_Quantity.quantity>0.000000</in_Quantity.quantity><out_Quantity.quantity>731.690255</out_Quantity.quantity></Point><Point><position>3503</position><in_Quantity.quantity>0.000000</in_Quantity.quantity><out_Quantity.quantity>473.961483</out_Quantity.quantity></Point><Point><position>3504</position><in_Quantity.quantity>0.000000</in_Quantity.quantity><out_Quantity.quantity>90.451543</out_Quantity.quantity></Point><Point><position>3505</position><in_Quantity.quantity>0.000000</in_Quantity.quantity><out_Quantity.quantity>187.659297</out_Quantity.quantity></Point><Point><position>3506</position><in_Quantity.quantity>0.000000</in_Quantity.quantity><out_Quantity.quantity>845.863348</out_Quantity.quantity></Point><Point><position>3507</position><in_Quantity.quantity>0.000000</in_Quantity.quantity><out_Quantity.quantity>259.139400</out_Quantity.quantity></Point><Point><position>3508</position><in_Quantity.quantity>0.000000</in_Quantity.quantity><out_Quantity.quantity>93.870403</out_Quantity.quantity></Point><Point><position>3509</position><in_Quantity.quantity>0.000000</in_Quantity.quantity><out_Quantity.quantity>457.303481</out_Quantity.quantity></Point><Point><position>3510</position><in_Quantity.quantity>0.000000</in_Quantity.quantity><out_Quantity.quantity>243.870017</out_Quantity.quantity></Point><Point><position>3511</position><in_Quantity.quantity>0.000000</in_Quantity.quantity><out_Quantity.quantity>661.542181</out_Quantity.quantity></Point><Point><position>3512</position><in_Quantity.quantity>0.000000</in_Quantity.quantity><out_Quantity.quantity>829.923790</out_Quantity.quantity></Point><Point><position>3513</position><in_Quantity.quantity>0.000000</in_Quantity.quantity><out_Quantity.quantity>943.529760</out_Quantity.quantity></Point><Point><position>3514</position><in_Quantity.quantity>0.000000</in_Quantity.quantity><out_Quantity.quantity>134.074371</out_Quantity.quantity></Point><Point><position>3515</position><in_Quantity.quantity>0.000000</in_Quantity.quantity><out_Quantity.quantity>567.374155</out_Quantity.quantity></Point><Point><position>3516</position><in_Quantity.quantity>0.000000</in_Quantity.quantity><out_Quantity.quantity>336.500258</out_Quantity.quantity></Point><Point><position>3517</position><in_Quantity.quantity>0.000000</in_Quantity.quantity><out_Quantity.quantity>611.979658</out_Quantity.quantity></Point><Point><position>3518</position><in_Quantity.quantity>0.000000</in_Quantity.quantity><out_Quantity.quantity>557.495319</out_Quantity.quantity></Point><Point><position>3519</position><in_Quantity.quantity>0.000000</in_Quantity.quantity><out_Quantity.quantity>705.977113</out_Quantity.quantity></Point><Point><position>3520</position><in_Quantity.quantity>0.000000</in_Quantity.quantity><out_Quantity.quantity>742.768893</out_Quantity.quantity></Point><Point><position>3521</position><in_Quantity.quantity>0.000000</in_Quantity.quantity><out_Quantity.quantity>124.430376</out_Quantity.quantity></Point><Point><position>3522</position><in_Quantity.quantity>0.000000</in_Quantity.quantity><out_Quantity.quantity>946.822540</out_Quantity.quantity></Point><Point><position>3523</position><in_Quantity.quantity>0.000000</in_Quantity.quantity><out_Quantity.quantity>803.398747</out_Quantity.quantity></Point><Point><position>3524</position><in_Quantity.quantity>0.000000</in_Quantity.quantity><out_Quantity.quantity>490.359248</out_Quantity.quantity></Point><Point><position>3525</position><in_Quantity.quantity>0.000000</in_Quantity.quantity><out_Quantity.quantity>752.431637</out_Quantity.quantity></Point><Point><position>3526</position><in_Quantity.quantity>0.000000</in_Quantity.quantity><out_Quantity.quantity>122.407084</out_Quantity.quantity></Point><Point><position>3527</position><in_Quantity.quantity>0.000000</in_Quantity.quantity><out_Quantity.quantity>28.011497</out_Quantity.quantity></Point><Point><position>3528</position><in_Quantity.quantity>0.000000</in_Quantity.quantity><out_Quantity.quantity>447.355032</out_Quantity.quantity></Point><Point><position>3529</position><in_Quantity.quantity>0.000000</in_Quantity.quantity><out_Quantity.quantity>192.672471</out_Quantity.quantity></Point><Point><position>3530</position><in_Quantity.quantity>0.000000</in_Quantity.quantity><out_Quantity.quantity>172.898697</out_Quantity.quantity></Point><Point><position>3531</position><in_Quantity.quantity>0.000000</in_Quantity.quantity><out_Quantity.quantity>266.349992</out_Quantity.quantity></Point><Point><position>3532</position><in_Quantity.quantity>0.000000</in_Quantity.quantity><out_Quantity.quantity>186.839558</out_Quantity.quantity></Point><Point><position>3533</position><in_Quantity.quantity>0.000000</in_Quantity.quantity><out_Quantity.quantity>341.551003</out_Quantity.quantity></Point><Point><position>3534</position><in_Quantity.quantity>0.000000</in_Quantity.quantity><out_Quantity.quantity>733.870140</out_Quantity.quantity></Point><Point><position>3535</position><in_Quantity.quantity>0.000000</in_Quantity.quantity><out_Quantity.quantity>435.004435</out_Quantity.quantity></Point><Point><position>3536</position><in_Quantity.quantity>0.000000</in_Quantity.quantity><out_Quantity.quantity>557.695944</out_Quantity.quantity></Point><Point><position>3537</position><in_Quantity.quantity>0.000000</in_Quantity.quantity><out_Quantity.quantity>173.366994</out_Quantity.quantity></Point><Point><position>3538</position><in_Quantity.quantity>0.000000</in_Quantity.quantity><out_Quantity.quantity>599.572281</out_Quantity.quantity></Point><Point><position>3539</position><in_Quantity.quantity>0.000000</in_Quantity.quantity><out_Quantity.quantity>75.278730</out_Quantity.quantity></Point><Point><position>3540</position><in_Quantity.quantity>0.000000</in_Quantity.quantity><out_Quantity.quantity>399.208117</out_Quantity.quantity></Point><Point><position>3541</position><in_Quantity.quantity>0.000000</in_Quantity.quantity><out_Quantity.quantity>435.449730</out_Quantity.quantity></Point><Point><position>3542</position><in_Quantity.quantity>0.000000</in_Quantity.quantity><out_Quantity.quantity>387.472364</out_Quantity.quantity></Point><Point><position>3543</position><in_Quantity.quantity>0.000000</in_Quantity.quantity><out_Quantity.quantity>69.806541</out_Quantity.quantity></Point><Point><position>3544</position><in_Quantity.quantity>0.000000</in_Quantity.quantity><out_Quantity.quantity>613.255469</out_Quantity.quantity></Point><Point><position>3545</position><in_Quantity.quantity>0.000000</in_Quantity.quantity><out_Quantity.quantity>447.099716</out_Quantity.quantity></Point><Point><position>3546</position><in_Quantity.quantity>0.000000</in_Quantity.quantity><out_Quantity.quantity>675.936592</out_Quantity.quantity></Point><Point><position>3547</position><in_Quantity.quantity>0.000000</in_Quantity.quantity><out_Quantity.quantity>975.422105</out_Quantity.quantity></Point><Point><position>3548</position><in_Quantity.quantity>0.000000</in_Quantity.quantity><out_Quantity.quantity>847.790001</out_Quantity.quantity></Point><Point><position>3549</position><in_Quantity.quantity>0.000000</in_Quantity.quantity><out_Quantity.quantity>346.601626</out_Quantity.quantity></Point><Point><position>3550</position><in_Quantity.quantity>0.000000</in_Quantity.quantity><out_Quantity.quantity>347.696265</out_Quantity.quantity></Point><Point><position>3551</position><in_Quantity.quantity>0.000000</in_Quantity.quantity><out_Quantity.quantity>288.840158</out_Quantity.quantity></Point><Point><position>3552</position><in_Quantity.quantity>0.000000</in_Quantity.quantity><out_Quantity.quantity>284.867893</out_Quantity.quantity></Point><Point><position>3553</position><in_Quantity.quantity>0.000000</in_Quantity.quantity><out_Quantity.quantity>570.809433</out_Quantity.quantity></Point><Point><position>3554</position><in_Quantity.quantity>0.000000</in_Quantity.quantity><out_Quantity.quantity>109.093705</out_Quantity.quantity></Point><Point><position>3555</position><in_Quantity.quantity>0.000000</in_Quantity.quantity><out_Quantity.quantity>110.451796</out_Quantity.quantity></Point><Point><position>3556</position><in_Quantity.quantity>0.000000</in_Quantity.quantity><out_Quantity.quantity>687.862329</out_Quantity.quantity></Point><Point><position>3557</position><in_Quantity.quantity>0.000000</in_Quantity.quantity><out_Quantity.quantity>717.349862</out_Quantity.quantity></Point><Point><position>3558</position><in_Quantity.quantity>0.000000</in_Quantity.quantity><out_Quantity.quantity>694.153797</out_Quantity.quantity></Point><Point><position>3559</position><in_Quantity.quantity>0.000000</in_Quantity.quantity><out_Quantity.quantity>689.964286</out_Quantity.quantity></Point><Point><position>3560</position><in_Quantity.quantity>0.000000</in_Quantity.quantity><out_Quantity.quantity>438.731134</out_Quantity.quantity></Point><Point><position>3561</position><in_Quantity.quantity>0.000000</in_Quantity.quantity><out_Quantity.quantity>665.866074</out_Quantity.quantity></Point><Point><position>3562</position><in_Quantity.quantity>0.000000</in_Quantity.quantity><out_Quantity.quantity>374.286026</out_Quantity.quantity></Point><Point><position>3563</position><in_Quantity.quantity>0.000000</in_Quantity.quantity><out_Quantity.quantity>295.711135</out_Quantity.quantity></Point><Point><position>3564</position><in_Quantity.quantity>0.000000</in_Quantity.quantity><out_Quantity.quantity>690.887657</out_Quantity.quantity></Point><Point><position>3565</position><in_Quantity.quantity>0.000000</in_Quantity.quantity><out_Quantity.quantity>444.731304</out_Quantity.quantity></Point><Point><position>3566</position><in_Quantity.quantity>0.000000</in_Quantity.quantity><out_Quantity.quantity>823.037305</out_Quantity.quantity></Point><Point><position>3567</position><in_Quantity.quantity>0.000000</in_Quantity.quantity><out_Quantity.quantity>543.003889</out_Quantity.quantity></Point><Point><position>3568</position><in_Quantity.quantity>0.000000</in_Quantity.quantity><out_Quantity.quantity>977.374337</out_Quantity.quantity></Point><Point><position>3569</position><in_Quantity.quantity>0.000000</in_Quantity.quantity><out_Quantity.quantity>532.636043</out_Quantity.quantity></Point><Point><position>3570</position><in_Quantity.quantity>0.000000</in_Quantity.quantity><out_Quantity.quantity>943.101590</out_Quantity.quantity></Point><Point><position>3571</position><in_Quantity.quantity>0.000000</in_Quantity.quantity><out_Quantity.quantity>260.497936</out_Quantity.quantity></Point><Point><position>3572</position><in_Quantity.quantity>0.000000</in_Quantity.quantity><out_Quantity.quantity>483.728426</out_Quantity.quantity></Point><Point><position>3573</position><in_Quantity.quantity>0.000000</in_Quantity.quantity><out_Quantity.quantity>460.128115</out_Quantity.quantity></Point><Point><position>3574</position><in_Quantity.quantity>0.000000</in_Quantity.quantity><out_Quantity.quantity>800.646069</out_Quantity.quantity></Point><Point><position>3575</position><in_Quantity.quantity>0.000000</in_Quantity.quantity><out_Quantity.quantity>95.535149</out_Quantity.quantity></Point><Point><position>3576</position><in_Quantity.quantity>0.000000</in_Quantity.quantity><out_Quantity.quantity>323.762468</out_Quantity.quantity></Point><Point><position>3577</position><in_Quantity.quantity>0.000000</in_Quantity.quantity><out_Quantity.quantity>23.469601</out_Quantity.quantity></Point><Point><position>3578</position><in_Quantity.quantity>0.000000</in_Quantity.quantity><out_Quantity.quantity>797.341384</out_Quantity.quantity></Point><Point><position>3579</position><in_Quantity.quantity>0.000000</in_Quantity.quantity><out_Quantity.quantity>904.076004</out_Quantity.quantity></Point><Point><position>3580</position><in_Quantity.quantity>0.000000</in_Quantity.quantity><out_Quantity.quantity>669.984409</out_Quantity.quantity></Point><Point><position>3581</position><in_Quantity.quantity>0.000000</in_Quantity.quantity><out_Quantity.quantity>913.827489</out_Quantity.quantity></Point><Point><position>3582</position><in_Quantity.quantity>0.000000</in_Quantity.quantity><out_Quantity.quantity>920.178958</out_Quantity.quantity></Point><Point><position>3583</position><in_Quantity.quantity>0.000000</in_Quantity.quantity><out_Quantity.quantity>299.984209</out_Quantity.quantity></Point><Point><position>3584</position><in_Quantity.quantity>0.000000</in_Quantity.quantity><out_Quantity.quantity>187.076037</out_Quantity.quantity></Point><Point><position>3585</position><in_Quantity.quantity>0.000000</in_Quantity.quantity><out_Quantity.quantity>199.701836</out_Quantity.quantity></Point><Point><position>3586</position><in_Quantity.quantity>0.000000</in_Quantity.quantity><out_Quantity.quantity>361.892587</out_Quantity.quantity></Point><Point><position>3587</position><in_Quantity.quantity>0.000000</in_Quantity.quantity><out_Quantity.quantity>657.325663</out_Quantity.quantity></Point><Point><position>3588</position><in_Quantity.quantity>0.000000</in_Quantity.quantity><out_Quantity.quantity>376.407544</out_Quantity.quantity></Point><Point><position>3589</position><in_Quantity.quantity>0.000000</in_Quantity.quantity><out_Quantity.quantity>180.200703</out_Quantity.quantity></Point><Point><position>3590</position><in_Quantity.quantity>0.000000</in_Quantity.quantity><out_Quantity.quantity>146.831300</out_Quantity.quantity></Point><Point><position>3591</position><in_Quantity.quantity>0.000000</in_Quantity.quantity><out_Quantity.quantity>525.213257</out_Quantity.quantity></Point><Point><position>3592</position><in_Quantity.quantity>0.000000</in_Quantity.quantity><out_Quantity.quantity>201.722377</out_Quantity.quantity></Point><Point><position>3593</position><in_Quantity.quantity>0.000000</in_Quantity.quantity><out_Quantity.quantity>977.647625</out_Quantity.quantity></Point><Point><position>3594</position><in_Quantity.quantity>0.000000</in_Quantity.quantity><out_Quantity.quantity>873.723541</out_Quantity.quantity></Point><Point><position>3595</position><in_Quantity.quantity>0.000000</in_Quantity.quantity><out_Quantity.quantity>892.043143</out_Quantity.quantity></Point><Point><position>3596</position><in_Quantity.quantity>0.000000</in_Quantity.quantity><out_Quantity.quantity>433.892719</out_Quantity.quantity></Point><Point><position>3597</position><in_Quantity.quantity>0.000000</in_Quantity.quantity><out_Quantity.quantity>935.036389</out_Quantity.quantity></Point><Point><position>3598</position><in_Quantity.quantity>0.000000</in_Quantity.quantity><out_Quantity.quantity>230.905698</out_Quantity.quantity></Point><Point><position>3599</position><in_Quantity.quantity>0.000000</in_Quantity.quantity><out_Quantity.quantity>541.083619</out_Quantity.quantity></Point><Point><position>3600</position><in_Quantity.quantity>0.000000</in_Quantity.quantity><out_Quantity.quantity>567.862701</out_Quantity.quantity></Point><Point><position>3601</position><in_Quantity.quantity>0.000000</in_Quantity.quantity><out_Quantity.quantity>29.120858</out_Quantity.quantity></Point><Point><position>3602</position><in_Quantity.quantity>0.000000</in_Quantity.quantity><out_Quantity.quantity>457.803079</out_Quantity.quantity></Point><Point><position>3603</position><in_Quantity.quantity>0.000000</in_Quantity.quantity><out_Quantity.quantity>902.497667</out_Quantity.quantity></Point><Point><position>3604</position><in_Quantity.quantity>0.000000</in_Quantity.quantity><out_Quantity.quantity>636.935511</out_Quantity.quantity></Point><Point><position>3605</position><in_Quantity.quantity>0.000000</in_Quantity.quantity><out_Quantity.quantity>754.114587</out_Quantity.quantity></Point><Point><position>3606</position><in_Quantity.quantity>0.000000</in_Quantity.quantity><out_Quantity.quantity>367.638894</out_Quantity.quantity></Point><Point><position>3607</position><in_Quantity.quantity>0.000000</in_Quantity.quantity><out_Quantity.quantity>366.456174</out_Quantity.quantity></Point><Point><position>3608</position><in_Quantity.quantity>0.000000</in_Quantity.quantity><out_Quantity.quantity>235.749430</out_Quantity.quantity></Point><Point><position>3609</position><in_Quantity.quantity>0.000000</in_Quantity.quantity><out_Quantity.quantity>776.828249</out_Quantity.quantity></Point><Point><position>3610</position><in_Quantity.quantity>0.000000</in_Quantity.quantity><out_Quantity.quantity>619.385221</out_Quantity.quantity></Point><Point><position>3611</position><in_Quantity.quantity>0.000000</in_Quantity.quantity><out_Quantity.quantity>780.308668</out_Quantity.quantity></Point><Point><position>3612</position><in_Quantity.quantity>0.000000</in_Quantity.quantity><out_Quantity.quantity>158.330122</out_Quantity.quantity></Point><Point><position>3613</position><in_Quantity.quantity>0.000000</in_Quantity.quantity><out_Quantity.quantity>889.244533</out_Quantity.quantity></Point><Point><position>3614</position><in_Quantity.quantity>0.000000</in_Quantity.quantity><out_Quantity.quantity>730.006773</out_Quantity.quantity></Point><Point><position>3615</position><in_Quantity.quantity>0.000000</in_Quantity.quantity><out_Quantity.quantity>845.455501</out_Quantity.quantity></Point><Point><position>3616</position><in_Quantity.quantity>0.000000</in_Quantity.quantity><out_Quantity.quantity>634.066797</out_Quantity.quantity></Point><Point><position>3617</position><in_Quantity.quantity>0.000000</in_Quantity.quantity><out_Quantity.quantity>47.900987</out_Quantity.quantity></Point><Point><position>3618</position><in_Quantity.quantity>0.000000</in_Quantity.quantity><out_Quantity.quantity>494.956171</out_Quantity.quantity></Point><Point><position>3619</position><in_Quantity.quantity>0.000000</in_Quantity.quantity><out_Quantity.quantity>750.094231</out_Quantity.quantity></Point><Point><position>3620</position><in_Quantity.quantity>0.000000</in_Quantity.quantity><out_Quantity.quantity>261.397888</out_Quantity.quantity></Point><Point><position>3621</position><in_Quantity.quantity>0.000000</in_Quantity.quantity><out_Quantity.quantity>809.663157</out_Quantity.quantity></Point><Point><position>3622</position><in_Quantity.quantity>0.000000</in_Quantity.quantity><out_Quantity.quantity>280.688993</out_Quantity.quantity></Point><Point><position>3623</position><in_Quantity.quantity>0.000000</in_Quantity.quantity><out_Quantity.quantity>187.100947</out_Quantity.quantity></Point><Point><position>3624</position><in_Quantity.quantity>0.000000</in_Quantity.quantity><out_Quantity.quantity>76.847952</out_Quantity.quantity></Point><Point><position>3625</position><in_Quantity.quantity>0.000000</in_Quantity.quantity><out_Quantity.quantity>339.958688</out_Quantity.quantity></Point><Point><position>3626</position><in_Quantity.quantity>0.000000</in_Quantity.quantity><out_Quantity.quantity>722.551099</out_Quantity.quantity></Point><Point><position>3627</position><in_Quantity.quantity>0.000000</in_Quantity.quantity><out_Quantity.quantity>716.610393</out_Quantity.quantity></Point><Point><position>3628</position><in_Quantity.quantity>0.000000</in_Quantity.quantity><out_Quantity.quantity>83.846651</out_Quantity.quantity></Point><Point><position>3629</position><in_Quantity.quantity>0.000000</in_Quantity.quantity><out_Quantity.quantity>950.122550</out_Quantity.quantity></Point><Point><position>3630</position><in_Quantity.quantity>0.000000</in_Quantity.quantity><out_Quantity.quantity>487.310529</out_Quantity.quantity></Point><Point><position>3631</position><in_Quantity.quantity>0.000000</in_Quantity.quantity><out_Quantity.quantity>2.054103</out_Quantity.quantity></Point><Point><position>3632</position><in_Quantity.quantity>0.000000</in_Quantity.quantity><out_Quantity.quantity>483.670757</out_Quantity.quantity></Point><Point><position>3633</position><in_Quantity.quantity>0.000000</in_Quantity.quantity><out_Quantity.quantity>764.205948</out_Quantity.quantity></Point><Point><position>3634</position><in_Quantity.quantity>0.000000</in_Quantity.quantity><out_Quantity.quantity>823.982163</out_Quantity.quantity></Point><Point><position>3635</position><in_Quantity.quantity>0.000000</in_Quantity.quantity><out_Quantity.quantity>531.704239</out_Quantity.quantity></Point><Point><position>3636</position><in_Quantity.quantity>0.000000</in_Quantity.quantity><out_Quantity.quantity>691.573541</out_Quantity.quantity></Point><Point><position>3637</position><in_Quantity.quantity>0.000000</in_Quantity.quantity><out_Quantity.quantity>250.289943</out_Quantity.quantity></Point><Point><position>3638</position><in_Quantity.quantity>0.000000</in_Quantity.quantity><out_Quantity.quantity>922.664885</out_Quantity.quantity></Point><Point><position>3639</position><in_Quantity.quantity>0.000000</in_Quantity.quantity><out_Quantity.quantity>57.871219</out_Quantity.quantity></Point><Point><position>3640</position><in_Quantity.quantity>0.000000</in_Quantity.quantity><out_Quantity.quantity>776.124780</out_Quantity.quantity></Point><Point><position>3641</position><in_Quantity.quantity>0.000000</in_Quantity.quantity><out_Quantity.quantity>705.486707</out_Quantity.quantity></Point><Point><position>3642</position><in_Quantity.quantity>0.000000</in_Quantity.quantity><out_Quantity.quantity>952.647195</out_Quantity.quantity></Point><Point><position>3643</position><in_Quantity.quantity>0.000000</in_Quantity.quantity><out_Quantity.quantity>244.500694</out_Quantity.quantity></Point><Point><position>3644</position><in_Quantity.quantity>0.000000</in_Quantity.quantity><out_Quantity.quantity>819.161183</out_Quantity.quantity></Point><Point><position>3645</position><in_Quantity.quantity>0.000000</in_Quantity.quantity><out_Quantity.quantity>704.540724</out_Quantity.quantity></Point><Point><position>3646</position><in_Quantity.quantity>0.000000</in_Quantity.quantity><out_Quantity.quantity>807.916651</out_Quantity.quantity></Point><Point><position>3647</position><in_Quantity.quantity>0.000000</in_Quantity.quantity><out_Quantity.quantity>781.183402</out_Quantity.quantity></Point><Point><position>3648</position><in_Quantity.quantity>0.000000</in_Quantity.quantity><out_Quantity.quantity>212.635493</out_Quantity.quantity></Point><Point><position>3649</position><in_Quantity.quantity>0.000000</in_Quantity.quantity><out_Quantity.quantity>667.030199</out_Quantity.quantity></Point><Point><position>3650</position><in_Quantity.quantity>0.000000</in_Quantity.quantity><out_Quantity.quantity>211.018308</out_Quantity.quantity></Point><Point><position>3651</position><in_Quantity.quantity>0.000000</in_Quantity.quantity><out_Quantity.quantity>644.867031</out_Quantity.quantity></Point><Point><position>3652</position><in_Quantity.quantity>0.000000</in_Quantity.quantity><out_Quantity.quantity>634.271415</out_Quantity.quantity></Point><Point><position>3653</position><in_Quantity.quantity>0.000000</in_Quantity.quantity><out_Quantity.quantity>946.507488</out_Quantity.quantity></Point><Point><position>3654</position><in_Quantity.quantity>0.000000</in_Quantity.quantity><out_Quantity.quantity>735.775756</out_Quantity.quantity></Point><Point><position>3655</position><in_Quantity.quantity>0.000000</in_Quantity.quantity><out_Quantity.quantity>901.289466</out_Quantity.quantity></Point><Point><position>3656</position><in_Quantity.quantity>0.000000</in_Quantity.quantity><out_Quantity.quantity>514.437945</out_Quantity.quantity></Point><Point><position>3657</position><in_Quantity.quantity>0.000000</in_Quantity.quantity><out_Quantity.quantity>353.594402</out_Quantity.quantity></Point><Point><position>3658</position><in_Quantity.quantity>0.000000</in_Quantity.quantity><out_Quantity.quantity>72.577226</out_Quantity.quantity></Point><Point><position>3659</position><in_Quantity.quantity>0.000000</in_Quantity.quantity><out_Quantity.quantity>568.637526</out_Quantity.quantity></Point><Point><position>3660</position><in_Quantity.quantity>0.000000</in_Quantity.quantity><out_Quantity.quantity>927.193071</out_Quantity.quantity></Point><Point><position>3661</position><in_Quantity.quantity>0.000000</in_Quantity.quantity><out_Quantity.quantity>54.528185</out_Quantity.quantity></Point><Point><position>3662</position><in_Quantity.quantity>0.000000</in_Quantity.quantity><out_Quantity.quantity>553.691953</out_Quantity.quantity></Point><Point><position>3663</position><in_Quantity.quantity>0.000000</in_Quantity.quantity><out_Quantity.quantity>109.614763</out_Quantity.quantity></Point><Point><position>3664</position><in_Quantity.quantity>0.000000</in_Quantity.quantity><out_Quantity.quantity>281.293972</out_Quantity.quantity></Point><Point><position>3665</position><in_Quantity.quantity>0.000000</in_Quantity.quantity><out_Quantity.quantity>759.479860</out_Quantity.quantity></Point><Point><position>3666</position><in_Quantity.quantity>0.000000</in_Quantity.quantity><out_Quantity.quantity>1.944447</out_Quantity.quantity></Point><Point><position>3667</position><in_Quantity.quantity>0.000000</in_Quantity.quantity><out_Quantity.quantity>501.941272</out_Quantity.quantity></Point><Point><position>3668</position><in_Quantity.quantity>0.000000</in_Quantity.quantity><out_Quantity.quantity>903.412320</out_Quantity.quantity></Point><Point><position>3669</position><in_Quantity.quantity>0.000000</in_Quantity.quantity><out_Quantity.quantity>986.695838</out_Quantity.quantity></Point><Point><position>3670</position><in_Quantity.quantity>0.000000</in_Quantity.quantity><out_Quantity.quantity>100.409821</out_Quantity.quantity></Point><Point><position>3671</position><in_Quantity.quantity>0.000000</in_Quantity.quantity><out_Quantity.quantity>770.872914</out_Quantity.quantity></Point><Point><position>3672</position><in_Quantity.quantity>0.000000</in_Quantity.quantity><out_Quantity.quantity>597.333605</out_Quantity.quantity></Point><Point><position>3673</position><in_Quantity.quantity>0.000000</in_Quantity.quantity><out_Quantity.quantity>176.665758</out_Quantity.quantity></Point><Point><position>3674</position><in_Quantity.quantity>0.000000</in_Quantity.quantity><out_Quantity.quantity>584.028983</out_Quantity.quantity></Point><Point><position>3675</position><in_Quantity.quantity>0.000000</in_Quantity.quantity><out_Quantity.quantity>858.289003</out_Quantity.quantity></Point><Point><position>3676</position><in_Quantity.quantity>0.000000</in_Quantity.quantity><out_Quantity.quantity>288.984545</out_Quantity.quantity></Point><Point><position>3677</position><in_Quantity.quantity>0.000000</in_Quantity.quantity><out_Quantity.quantity>760.659284</out_Quantity.quantity></Point><Point><position>3678</position><in_Quantity.quantity>0.000000</in_Quantity.quantity><out_Quantity.quantity>851.791499</out_Quantity.quantity></Point><Point><position>3679</position><in_Quantity.quantity>0.000000</in_Quantity.quantity><out_Quantity.quantity>859.119590</out_Quantity.quantity></Point><Point><position>3680</position><in_Quantity.quantity>0.000000</in_Quantity.quantity><out_Quantity.quantity>288.534489</out_Quantity.quantity></Point><Point><position>3681</position><in_Quantity.quantity>0.000000</in_Quantity.quantity><out_Quantity.quantity>41.796916</out_Quantity.quantity></Point><Point><position>3682</position><in_Quantity.quantity>0.000000</in_Quantity.quantity><out_Quantity.quantity>586.399726</out_Quantity.quantity></Point><Point><position>3683</position><in_Quantity.quantity>0.000000</in_Quantity.quantity><out_Quantity.quantity>592.490215</out_Quantity.quantity></Point><Point><position>3684</position><in_Quantity.quantity>0.000000</in_Quantity.quantity><out_Quantity.quantity>785.559143</out_Quantity.quantity></Point><Point><position>3685</position><in_Quantity.quantity>0.000000</in_Quantity.quantity><out_Quantity.quantity>141.094742</out_Quantity.quantity></Point><Point><position>3686</position><in_Quantity.quantity>0.000000</in_Quantity.quantity><out_Quantity.quantity>587.524830</out_Quantity.quantity></Point><Point><position>3687</position><in_Quantity.quantity>0.000000</in_Quantity.quantity><out_Quantity.quantity>410.401791</out_Quantity.quantity></Point><Point><position>3688</position><in_Quantity.quantity>0.000000</in_Quantity.quantity><out_Quantity.quantity>232.488334</out_Quantity.quantity></Point><Point><position>3689</position><in_Quantity.quantity>0.000000</in_Quantity.quantity><out_Quantity.quantity>583.907067</out_Quantity.quantity></Point><Point><position>3690</position><in_Quantity.quantity>0.000000</in_Quantity.quantity><out_Quantity.quantity>269.013382</out_Quantity.quantity></Point><Point><position>3691</position><in_Quantity.quantity>0.000000</in_Quantity.quantity><out_Quantity.quantity>909.596787</out_Quantity.quantity></Point><Point><position>3692</position><in_Quantity.quantity>0.000000</in_Quantity.quantity><out_Quantity.quantity>400.411595</out_Quantity.quantity></Point><Point><position>3693</position><in_Quantity.quantity>0.000000</in_Quantity.quantity><out_Quantity.quantity>882.450915</out_Quantity.quantity></Point><Point><position>3694</position><in_Quantity.quantity>0.000000</in_Quantity.quantity><out_Quantity.quantity>235.521686</out_Quantity.quantity></Point><Point><position>3695</position><in_Quantity.quantity>0.000000</in_Quantity.quantity><out_Quantity.quantity>965.804952</out_Quantity.quantity></Point><Point><position>3696</position><in_Quantity.quantity>0.000000</in_Quantity.quantity><out_Quantity.quantity>296.015067</out_Quantity.quantity></Point><Point><position>3697</position><in_Quantity.quantity>0.000000</in_Quantity.quantity><out_Quantity.quantity>812.960392</out_Quantity.quantity></Point><Point><position>3698</position><in_Quantity.quantity>0.000000</in_Quantity.quantity><out_Quantity.quantity>616.417989</out_Quantity.quantity></Point><Point><position>3699</position><in_Quantity.quantity>0.000000</in_Quantity.quantity><out_Quantity.quantity>702.916817</out_Quantity.quantity></Point><Point><position>3700</position><in_Quantity.quantity>0.000000</in_Quantity.quantity><out_Quantity.quantity>488.709975</out_Quantity.quantity></Point><Point><position>3701</position><in_Quantity.quantity>0.000000</in_Quantity.quantity><out_Quantity.quantity>245.433291</out_Quantity.quantity></Point><Point><position>3702</position><in_Quantity.quantity>0.000000</in_Quantity.quantity><out_Quantity.quantity>968.920259</out_Quantity.quantity></Point><Point><position>3703</position><in_Quantity.quantity>0.000000</in_Quantity.quantity><out_Quantity.quantity>619.099431</out_Quantity.quantity></Point><Point><position>3704</position><in_Quantity.quantity>0.000000</in_Quantity.quantity><out_Quantity.quantity>31.170947</out_Quantity.quantity></Point><Point><position>3705</position><in_Quantity.quantity>0.000000</in_Quantity.quantity><out_Quantity.quantity>995.983478</out_Quantity.quantity></Point><Point><position>3706</position><in_Quantity.quantity>0.000000</in_Quantity.quantity><out_Quantity.quantity>420.570889</out_Quantity.quantity></Point><Point><position>3707</position><in_Quantity.quantity>0.000000</in_Quantity.quantity><out_Quantity.quantity>489.155637</out_Quantity.quantity></Point><Point><position>3708</position><in_Quantity.quantity>0.000000</in_Quantity.quantity><out_Quantity.quantity>564.714310</out_Quantity.quantity></Point><Point><position>3709</position><in_Quantity.quantity>0.000000</in_Quantity.quantity><out_Quantity.quantity>343.341774</out_Quantity.quantity></Point><Point><position>3710</position><in_Quantity.quantity>0.000000</in_Quantity.quantity><out_Quantity.quantity>487.618666</out_Quantity.quantity></Point><Point><position>3711</position><in_Quantity.quantity>0.000000</in_Quantity.quantity><out_Quantity.quantity>494.262634</out_Quantity.quantity></Point><Point><position>3712</position><in_Quantity.quantity>0.000000</in_Quantity.quantity><out_Quantity.quantity>34.218429</out_Quantity.quantity></Point><Point><position>3713</position><in_Quantity.quantity>0.000000</in_Quantity.quantity><out_Quantity.quantity>109.163910</out_Quantity.quantity></Point><Point><position>3714</position><in_Quantity.quantity>0.000000</in_Quantity.quantity><out_Quantity.quantity>617.787892</out_Quantity.quantity></Point><Point><position>3715</position><in_Quantity.quantity>0.000000</in_Quantity.quantity><out_Quantity.quantity>642.726079</out_Quantity.quantity></Point><Point><position>3716</position><in_Quantity.quantity>0.000000</in_Quantity.quantity><out_Quantity.quantity>839.345956</out_Quantity.quantity></Point><Point><position>3717</position><in_Quantity.quantity>0.000000</in_Quantity.quantity><out_Quantity.quantity>609.972575</out_Quantity.quantity></Point><Point><position>3718</position><in_Quantity.quantity>0.000000</in_Quantity.quantity><out_Quantity.quantity>123.260774</out_Quantity.quantity></Point><Point><position>3719</position><in_Quantity.quantity>0.000000</in_Quantity.quantity><out_Quantity.quantity>465.751488</out_Quantity.quantity></Point><Point><position>3720</position><in_Quantity.quantity>0.000000</in_Quantity.quantity><out_Quantity.quantity>386.068743</out_Quantity.quantity></Point><Point><position>3721</position><in_Quantity.quantity>0.000000</in_Quantity.quantity><out_Quantity.quantity>741.328561</out_Quantity.quantity></Point><Point><position>3722</position><in_Quantity.quantity>0.000000</in_Quantity.quantity><out_Quantity.quantity>375.579054</out_Quantity.quantity></Point><Point><position>3723</position><in_Quantity.quantity>0.000000</in_Quantity.quantity><out_Quantity.quantity>612.141627</out_Quantity.quantity></Point><Point><position>3724</position><in_Quantity.quantity>0.000000</in_Quantity.quantity><out_Quantity.quantity>493.940090</out_Quantity.quantity></Point><Point><position>3725</position><in_Quantity.quantity>0.000000</in_Quantity.quantity><out_Quantity.quantity>364.087543</out_Quantity.quantity></Point><Point><position>3726</position><in_Quantity.quantity>0.000000</in_Quantity.quantity><out_Quantity.quantity>494.612242</out_Quantity.quantity></Point><Point><position>3727</position><in_Quantity.quantity>0.000000</in_Quantity.quantity><out_Quantity.quantity>615.760733</out_Quantity.quantity></Point><Point><position>3728</position><in_Quantity.quantity>0.000000</in_Quantity.quantity><out_Quantity.quantity>960.909971</out_Quantity.quantity></Point><Point><position>3729</position><in_Quantity.quantity>0.000000</in_Quantity.quantity><out_Quantity.quantity>708.161478</out_Quantity.quantity></Point><Point><position>3730</position><in_Quantity.quantity>0.000000</in_Quantity.quantity><out_Quantity.quantity>216.337207</out_Quantity.quantity></Point><Point><position>3731</position><in_Quantity.quantity>0.000000</in_Quantity.quantity><out_Quantity.quantity>505.724269</out_Quantity.quantity></Point><Point><position>3732</position><in_Quantity.quantity>0.000000</in_Quantity.quantity><out_Quantity.quantity>650.996571</out_Quantity.quantity></Point><Point><position>3733</position><in_Quantity.quantity>0.000000</in_Quantity.quantity><out_Quantity.quantity>440.020586</out_Quantity.quantity></Point><Point><position>3734</position><in_Quantity.quantity>0.000000</in_Quantity.quantity><out_Quantity.quantity>562.661196</out_Quantity.quantity></Point><Point><position>3735</position><in_Quantity.quantity>0.000000</in_Quantity.quantity><out_Quantity.quantity>921.137226</out_Quantity.quantity></Point><Point><position>3736</position><in_Quantity.quantity>0.000000</in_Quantity.quantity><out_Quantity.quantity>202.306156</out_Quantity.quantity></Point><Point><position>3737</position><in_Quantity.quantity>0.000000</in_Quantity.quantity><out_Quantity.quantity>105.640354</out_Quantity.quantity></Point><Point><position>3738</position><in_Quantity.quantity>0.000000</in_Quantity.quantity><out_Quantity.quantity>465.625143</out_Quantity.quantity></Point><Point><position>3739</position><in_Quantity.quantity>0.000000</in_Quantity.quantity><out_Quantity.quantity>816.717674</out_Quantity.quantity></Point><Point><position>3740</position><in_Quantity.quantity>0.000000</in_Quantity.quantity><out_Quantity.quantity>414.722546</out_Quantity.quantity></Point><Point><position>3741</position><in_Quantity.quantity>0.000000</in_Quantity.quantity><out_Quantity.quantity>687.717749</out_Quantity.quantity></Point><Point><position>3742</position><in_Quantity.quantity>0.000000</in_Quantity.quantity><out_Quantity.quantity>16.060840</out_Quantity.quantity></Point><Point><position>3743</position><in_Quantity.quantity>0.000000</in_Quantity.quantity><out_Quantity.quantity>36.586466</out_Quantity.quantity></Point><Point><position>3744</position><in_Quantity.quantity>0.000000</in_Quantity.quantity><out_Quantity.quantity>589.674932</out_Quantity.quantity></Point><Point><position>3745</position><in_Quantity.quantity>0.000000</in_Quantity.quantity><out_Quantity.quantity>661.342192</out_Quantity.quantity></Point><Point><position>3746</position><in_Quantity.quantity>0.000000</in_Quantity.quantity><out_Quantity.quantity>725.129507</out_Quantity.quantity></Point><Point><position>3747</position><in_Quantity.quantity>0.000000</in_Quantity.quantity><out_Quantity.quantity>190.802652</out_Quantity.quantity></Point><Point><position>3748</position><in_Quantity.quantity>0.000000</in_Quantity.quantity><out_Quantity.quantity>767.447125</out_Quantity.quantity></Point><Point><position>3749</position><in_Quantity.quantity>0.000000</in_Quantity.quantity><out_Quantity.quantity>805.230185</out_Quantity.quantity></Point><Point><position>3750</position><in_Quantity.quantity>0.000000</in_Quantity.quantity><out_Quantity.quantity>317.038167</out_Quantity.quantity></Point><Point><position>3751</position><in_Quantity.quantity>0.000000</in_Quantity.quantity><out_Quantity.quantity>221.057610</out_Quantity.quantity></Point><Point><position>3752</position><in_Quantity.quantity>0.000000</in_Quantity.quantity><out_Quantity.quantity>928.862458</out_Quantity.quantity></Point><Point><position>3753</position><in_Quantity.quantity>0.000000</in_Quantity.quantity><out_Quantity.quantity>744.514707</out_Quantity.quantity></Point><Point><position>3754</position><in_Quantity.quantity>0.000000</in_Quantity.quantity><out_Quantity.quantity>640.276862</out_Quantity.quantity></Point><Point><position>3755</position><in_Quantity.quantity>0.000000</in_Quantity.quantity><out_Quantity.quantity>138.646763</out_Quantity.quantity></Point><Point><position>3756</position><in_Quantity.quantity>0.000000</in_Quantity.quantity><out_Quantity.quantity>465.640191</out_Quantity.quantity></Point><Point><position>3757</position><in_Quantity.quantity>0.000000</in_Quantity.quantity><out_Quantity.quantity>778.830035</out_Quantity.quantity></Point><Point><position>3758</position><in_Quantity.quantity>0.000000</in_Quantity.quantity><out_Quantity.quantity>318.832294</out_Quantity.quantity></Point><Point><position>3759</position><in_Quantity.quantity>0.000000</in_Quantity.quantity><out_Quantity.quantity>416.929596</out_Quantity.quantity></Point><Point><position>3760</position><in_Quantity.quantity>0.000000</in_Quantity.quantity><out_Quantity.quantity>452.833671</out_Quantity.quantity></Point><Point><position>3761</position><in_Quantity.quantity>0.000000</in_Quantity.quantity><out_Quantity.quantity>235.680655</out_Quantity.quantity></Point><Point><position>3762</position><in_Quantity.quantity>0.000000</in_Quantity.quantity><out_Quantity.quantity>863.701724</out_Quantity.quantity></Point><Point><position>3763</position><in_Quantity.quantity>0.000000</in_Quantity.quantity><out_Quantity.quantity>204.090411</out_Quantity.quantity></Point><Point><position>3764</position><in_Quantity.quantity>0.000000</in_Quantity.quantity><out_Quantity.quantity>41.740496</out_Quantity.quantity></Point><Point><position>3765</position><in_Quantity.quantity>0.000000</in_Quantity.quantity><out_Quantity.quantity>598.593359</out_Quantity.quantity></Point><Point><position>3766</position><in_Quantity.quantity>0.000000</in_Quantity.quantity><out_Quantity.quantity>541.875845</out_Quantity.quantity></Point><Point><position>3767</position><in_Quantity.quantity>0.000000</in_Quantity.quantity><out_Quantity.quantity>423.032566</out_Quantity.quantity></Point><Point><position>3768</position><in_Quantity.quantity>0.000000</in_Quantity.quantity><out_Quantity.quantity>578.281677</out_Quantity.quantity></Point><Point><position>3769</position><in_Quantity.quantity>0.000000</in_Quantity.quantity><out_Quantity.quantity>656.801837</out_Quantity.quantity></Point><Point><position>3770</position><in_Quantity.quantity>0.000000</in_Quantity.quantity><out_Quantity.quantity>52.910232</out_Quantity.quantity></Point><Point><position>3771</position><in_Quantity.quantity>0.000000</in_Quantity.quantity><out_Quantity.quantity>682.323906</out_Quantity.quantity></Point><Point><position>3772</position><in_Quantity.quantity>0.000000</in_Quantity.quantity><out_Quantity.quantity>353.183761</out_Quantity.quantity></Point><Point><position>3773</position><in_Quantity.quantity>0.000000</in_Quantity.quantity><out_Quantity.quantity>985.349648</out_Quantity.quantity></Point><Point><position>3774</position><in_Quantity.quantity>0.000000</in_Quantity.quantity><out_Quantity.quantity>200.193817</out_Quantity.quantity></Point><Point><position>3775</position><in_Quantity.quantity>0.000000</in_Quantity.quantity><out_Quantity.quantity>987.230361</out_Quantity.quantity></Point><Point><position>3776</position><in_Quantity.quantity>0.000000</in_Quantity.quantity><out_Quantity.quantity>562.480248</out_Quantity.quantity></Point><Point><position>3777</position><in_Quantity.quantity>0.000000</in_Quantity.quantity><out_Quantity.quantity>227.880851</out_Quantity.quantity></Point><Point><position>3778</position><in_Quantity.quantity>0.000000</in_Quantity.quantity><out_Quantity.quantity>633.749255</out_Quantity.quantity></Point><Point><position>3779</position><in_Quantity.quantity>0.000000</in_Quantity.quantity><out_Quantity.quantity>151.704629</out_Quantity.quantity></Point><Point><position>3780</position><in_Quantity.quantity>0.000000</in_Quantity.quantity><out_Quantity.quantity>61.431459</out_Quantity.quantity></Point><Point><position>3781</position><in_Quantity.quantity>0.000000</in_Quantity.quantity><out_Quantity.quantity>924.940736</out_Quantity.quantity></Point><Point><position>3782</position><in_Quantity.quantity>0.000000</in_Quantity.quantity><out_Quantity.quantity>299.180263</out_Quantity.quantity></Point><Point><position>3783</position><in_Quantity.quantity>0.000000</in_Quantity.quantity><out_Quantity.quantity>409.871003</out_Quantity.quantity></Point><Point><position>3784</position><in_Quantity.quantity>0.000000</in_Quantity.quantity><out_Quantity.quantity>240.946232</out_Quantity.quantity></Point><Point><position>3785</position><in_Quantity.quantity>0.000000</in_Quantity.quantity><out_Quantity.quantity>545.772230</out_Quantity.quantity></Point><Point><position>3786</position><in_Quantity.quantity>0.000000</in_Quantity.quantity><out_Quantity.quantity>473.347713</out_Quantity.quantity></Point><Point><position>3787</position><in_Quantity.quantity>0.000000</in_Quantity.quantity><out_Quantity.quantity>400.309391</out_Quantity.quantity></Point><Point><position>3788</position><in_Quantity.quantity>0.000000</in_Quantity.quantity><out_Quantity.quantity>903.536231</out_Quantity.quantity></Point><Point><position>3789</position><in_Quantity.quantity>0.000000</in_Quantity.quantity><out_Quantity.quantity>474.765919</out_Quantity.quantity></Point><Point><position>3790</position><in_Quantity.quantity>0.000000</in_Quantity.quantity><out_Quantity.quantity>506.532209</out_Quantity.quantity></Point><Point><position>3791</position><in_Quantity.quantity>0.000000</in_Quantity.quantity><out_Quantity.quantity>179.387891</out_Quantity.quantity></Point><Point><position>3792</position><in_Quantity.quantity>0.000000</in_Quantity.quantity><out_Quantity.quantity>422.916031</out_Quantity.quantity></Point><Point><position>3793</position><in_Quantity.quantity>0.000000</in_Quantity.quantity><out_Quantity.quantity>294.592939</out_Quantity.quantity></Point><Point><position>3794</position><in_Quantity.quantity>0.000000</in_Quantity.quantity><out_Quantity.quantity>362.076641</out_Quantity.quantity></Point><Point><position>3795</position><in_Quantity.quantity>0.000000</in_Quantity.quantity><out_Quantity.quantity>73.959401</out_Quantity.quantity></Point><Point><position>3796</position><in_Quantity.quantity>0.000000</in_Quantity.quantity><out_Quantity.quantity>875.811211</out_Quantity.quantity></Point><Point><position>3797</position><in_Quantity.quantity>0.000000</in_Quantity.quantity><out_Quantity.quantity>936.647817</out_Quantity.quantity></Point><Point><position>3798</position><in_Quantity.quantity>0.000000</in_Quantity.quantity><out_Quantity.quantity>163.216779</out_Quantity.quantity></Point><Point><position>3799</position><in_Quantity.quantity>0.000000</in_Quantity.quantity><out_Quantity.quantity>43.279424</out_Quantity.quantity></Point><Point><position>3800</position><in_Quantity.quantity>0.000000</in_Quantity.quantity><out_Quantity.quantity>899.657771</out_Quantity.quantity></Point><Point><position>3801</position><in_Quantity.quantity>0.000000</in_Quantity.quantity><out_Quantity.quantity>367.478089</out_Quantity.quantity></Point><Point><position>3802</position><in_Quantity.quantity>0.000000</in_Quantity.quantity><out_Quantity.quantity>812.808820</out_Quantity.quantity></Point><Point><position>3803</position><in_Quantity.quantity>0.000000</in_Quantity.quantity><out_Quantity.quantity>266.231774</out_Quantity.quantity></Point><Point><position>3804</position><in_Quantity.quantity>0.000000</in_Quantity.quantity><out_Quantity.quantity>874.724876</out_Quantity.quantity></Point><Point><position>3805</position><in_Quantity.quantity>0.000000</in_Quantity.quantity><out_Quantity.quantity>577.454644</out_Quantity.quantity></Point><Point><position>3806</position><in_Quantity.quantity>0.000000</in_Quantity.quantity><out_Quantity.quantity>385.361691</out_Quantity.quantity></Point><Point><position>3807</position><in_Quantity.quantity>0.000000</in_Quantity.quantity><out_Quantity.quantity>531.727404</out_Quantity.quantity></Point><Point><position>3808</position><in_Quantity.quantity>0.000000</in_Quantity.quantity><out_Quantity.quantity>937.051546</out_Quantity.quantity></Point><Point><position>3809</position><in_Quantity.quantity>0.000000</in_Quantity.quantity><out_Quantity.quantity>577.278039</out_Quantity.quantity></Point><Point><position>3810</position><in_Quantity.quantity>0.000000</in_Quantity.quantity><out_Quantity.quantity>284.568602</out_Quantity.quantity></Point><Point><position>3811</position><in_Quantity.quantity>0.000000</in_Quantity.quantity><out_Quantity.quantity>871.599908</out_Quantity.quantity></Point><Point><position>3812</position><in_Quantity.quantity>0.000000</in_Quantity.quantity><out_Quantity.quantity>990.932317</out_Quantity.quantity></Point><Point><position>3813</position><in_Quantity.quantity>0.000000</in_Quantity.quantity><out_Quantity.quantity>707.341298</out_Quantity.quantity></Point><Point><position>3814</position><in_Quantity.quantity>0.000000</in_Quantity.quantity><out_Quantity.quantity>243.523554</out_Quantity.quantity></Point><Point><position>3815</position><in_Quantity.quantity>0.000000</in_Quantity.quantity><out_Quantity.quantity>682.807416</out_Quantity.quantity></Point><Point><position>3816</position><in_Quantity.quantity>0.000000</in_Quantity.quantity><out_Quantity.quantity>990.139455</out_Quantity.quantity></Point><Point><position>3817</position><in_Quantity.quantity>0.000000</in_Quantity.quantity><out_Quantity.quantity>27.163608</out_Quantity.quantity></Point><Point><position>3818</position><in_Quantity.quantity>0.000000</in_Quantity.quantity><out_Quantity.quantity>729.597201</out_Quantity.quantity></Point><Point><position>3819</position><in_Quantity.quantity>0.000000</in_Quantity.quantity><out_Quantity.quantity>695.612466</out_Quantity.quantity></Point><Point><position>3820</position><in_Quantity.quantity>0.000000</in_Quantity.quantity><out_Quantity.quantity>839.194806</out_Quantity.quantity></Point><Point><position>3821</position><in_Quantity.quantity>0.000000</in_Quantity.quantity><out_Quantity.quantity>883.296593</out_Quantity.quantity></Point><Point><position>3822</position><in_Quantity.quantity>0.000000</in_Quantity.quantity><out_Quantity.quantity>247.536375</out_Quantity.quantity></Point><Point><position>3823</position><in_Quantity.quantity>0.000000</in_Quantity.quantity><out_Quantity.quantity>726.692325</out_Quantity.quantity></Point><Point><position>3824</position><in_Quantity.quantity>0.000000</in_Quantity.quantity><out_Quantity.quantity>490.690522</out_Quantity.quantity></Point><Point><position>3825</position><in_Quantity.quantity>0.000000</in_Quantity.quantity><out_Quantity.quantity>48.343457</out_Quantity.quantity></Point><Point><position>3826</position><in_Quantity.quantity>0.000000</in_Quantity.quantity><out_Quantity.quantity>692.697119</out_Quantity.quantity></Point><Point><position>3827</position><in_Quantity.quantity>0.000000</in_Quantity.quantity><out_Quantity.quantity>789.854594</out_Quantity.quantity></Point><Point><position>3828</position><in_Quantity.quantity>0.000000</in_Quantity.quantity><out_Quantity.quantity>358.959550</out_Quantity.quantity></Point><Point><position>3829</position><in_Quantity.quantity>0.000000</in_Quantity.quantity><out_Quantity.quantity>35.668576</out_Quantity.quantity></Point><Point><position>3830</position><in_Quantity.quantity>0.000000</in_Quantity.quantity><out_Quantity.quantity>690.982757</out_Quantity.quantity></Point><Point><position>3831</position><in_Quantity.quantity>0.000000</in_Quantity.quantity><out_Quantity.quantity>322.875780</out_Quantity.quantity></Point><Point><position>3832</position><in_Quantity.quantity>0.000000</in_Quantity.quantity><out_Quantity.quantity>140.259498</out_Quantity.quantity></Point><Point><position>3833</position><in_Quantity.quantity>0.000000</in_Quantity.quantity><out_Quantity.quantity>58.216469</out_Quantity.quantity></Point><Point><position>3834</position><in_Quantity.quantity>0.000000</in_Quantity.quantity><out_Quantity.quantity>885.737345</out_Quantity.quantity></Point><Point><position>3835</position><in_Quantity.quantity>0.000000</in_Quantity.quantity><out_Quantity.quantity>845.695360</out_Quantity.quantity></Point><Point><position>3836</position><in_Quantity.quantity>0.000000</in_Quantity.quantity><out_Quantity.quantity>64.683216</out_Quantity.quantity></Point><Point><position>3837</position><in_Quantity.quantity>0.000000</in_Quantity.quantity><out_Quantity.quantity>302.741641</out_Quantity.quantity></Point><Point><position>3838</position><in_Quantity.quantity>0.000000</in_Quantity.quantity><out_Quantity.quantity>964.305974</out_Quantity.quantity></Point><Point><position>3839</position><in_Quantity.quantity>0.000000</in_Quantity.quantity><out_Quantity.quantity>424.410345</out_Quantity.quantity></Point><Point><position>3840</position><in_Quantity.quantity>0.000000</in_Quantity.quantity><out_Quantity.quantity>613.841930</out_Quantity.quantity></Point><Point><position>3841</position><in_Quantity.quantity>0.000000</in_Quantity.quantity><out_Quantity.quantity>622.239310</out_Quantity.quantity></Point><Point><position>3842</position><in_Quantity.quantity>0.000000</in_Quantity.quantity><out_Quantity.quantity>990.872478</out_Quantity.quantity></Point><Point><position>3843</position><in_Quantity.quantity>0.000000</in_Quantity.quantity><out_Quantity.quantity>603.397433</out_Quantity.quantity></Point><Point><position>3844</position><in_Quantity.quantity>0.000000</in_Quantity.quantity><out_Quantity.quantity>762.061960</out_Quantity.quantity></Point><Point><position>3845</position><in_Quantity.quantity>0.000000</in_Quantity.quantity><out_Quantity.quantity>128.903378</out_Quantity.quantity></Point><Point><position>3846</position><in_Quantity.quantity>0.000000</in_Quantity.quantity><out_Quantity.quantity>988.835879</out_Quantity.quantity></Point><Point><position>3847</position><in_Quantity.quantity>0.000000</in_Quantity.quantity><out_Quantity.quantity>422.901109</out_Quantity.quantity></Point><Point><position>3848</position><in_Quantity.quantity>0.000000</in_Quantity.quantity><out_Quantity.quantity>844.643405</out_Quantity.quantity></Point><Point><position>3849</position><in_Quantity.quantity>0.000000</in_Quantity.quantity><out_Quantity.quantity>948.852474</out_Quantity.quantity></Point><Point><position>3850</position><in_Quantity.quantity>0.000000</in_Quantity.quantity><out_Quantity.quantity>383.890181</out_Quantity.quantity></Point><Point><position>3851</position><in_Quantity.quantity>0.000000</in_Quantity.quantity><out_Quantity.quantity>964.090854</out_Quantity.quantity></Point><Point><position>3852</position><in_Quantity.quantity>0.000000</in_Quantity.quantity><out_Quantity.quantity>311.994226</out_Quantity.quantity></Point><Point><position>3853</position><in_Quantity.quantity>0.000000</in_Quantity.quantity><out_Quantity.quantity>781.317362</out_Quantity.quantity></Point><Point><position>3854</position><in_Quantity.quantity>0.000000</in_Quantity.quantity><out_Quantity.quantity>611.803442</out_Quantity.quantity></Point><Point><position>3855</position><in_Quantity.quantity>0.000000</in_Quantity.quantity><out_Quantity.quantity>588.377613</out_Quantity.quantity></Point><Point><position>3856</position><in_Quantity.quantity>0.000000</in_Quantity.quantity><out_Quantity.quantity>654.559934</out_Quantity.quantity></Point><Point><position>3857</position><in_Quantity.quantity>0.000000</in_Quantity.quantity><out_Quantity.quantity>63.942158</out_Quantity.quantity></Point><Point><position>3858</position><in_Quantity.quantity>0.000000</in_Quantity.quantity><out_Quantity.quantity>95.487124</out_Quantity.quantity></Point><Point><position>3859</position><in_Quantity.quantity>0.000000</in_Quantity.quantity><out_Quantity.quantity>121.810942</out_Quantity.quantity></Point><Point><position>3860</position><in_Quantity.quantity>0.000000</in_Quantity.quantity><out_Quantity.quantity>234.892264</out_Quantity.quantity></Point><Point><position>3861</position><in_Quantity.quantity>0.000000</in_Quantity.quantity><out_Quantity.quantity>522.611580</out_Quantity.quantity></Point><Point><position>3862</position><in_Quantity.quantity>0.000000</in_Quantity.quantity><out_Quantity.quantity>121.322204</out_Quantity.quantity></Point><Point><position>3863</position><in_Quantity.quantity>0.000000</in_Quantity.quantity><out_Quantity.quantity>297.610813</out_Quantity.quantity></Point><Point><position>3864</position><in_Quantity.quantity>0.000000</in_Quantity.quantity><out_Quantity.quantity>754.496835</out_Quantity.quantity></Point><Point><position>3865</position><in_Quantity.quantity>0.000000</in_Quantity.quantity><out_Quantity.quantity>977.313370</out_Quantity.quantity></Point><Point><position>3866</position><in_Quantity.quantity>0.000000</in_Quantity.quantity><out_Quantity.quantity>180.679835</out_Quantity.quantity></Point><Point><position>3867</position><in_Quantity.quantity>0.000000</in_Quantity.quantity><out_Quantity.quantity>934.654741</out_Quantity.quantity></Point><Point><position>3868</position><in_Quantity.quantity>0.000000</in_Quantity.quantity><out_Quantity.quantity>642.658355</out_Quantity.quantity></Point><Point><position>3869</position><in_Quantity.quantity>0.000000</in_Quantity.quantity><out_Quantity.quantity>449.873632</out_Quantity.quantity></Point><Point><position>3870</position><in_Quantity.quantity>0.000000</in_Quantity.quantity><out_Quantity.quantity>443.300880</out_Quantity.quantity></Point><Point><position>3871</position><in_Quantity.quantity>0.000000</in_Quantity.quantity><out_Quantity.quantity>38.544555</out_Quantity.quantity></Point><Point><position>3872</position><in_Quantity.quantity>0.000000</in_Quantity.quantity><out_Quantity.quantity>449.715069</out_Quantity.quantity></Point><Point><position>3873</position><in_Quantity.quantity>0.000000</in_Quantity.quantity><out_Quantity.quantity>18.766721</out_Quantity.quantity></Point><Point><position>3874</position><in_Quantity.quantity>0.000000</in_Quantity.quantity><out_Quantity.quantity>556.873439</out_Quantity.quantity></Point><Point><position>3875</position><in_Quantity.quantity>0.000000</in_Quantity.quantity><out_Quantity.quantity>681.320297</out_Quantity.quantity></Point><Point><position>3876</position><in_Quantity.quantity>0.000000</in_Quantity.quantity><out_Quantity.quantity>942.757516</out_Quantity.quantity></Point><Point><position>3877</position><in_Quantity.quantity>0.000000</in_Quantity.quantity><out_Quantity.quantity>179.293684</out_Quantity.quantity></Point><Point><position>3878</position><in_Quantity.quantity>0.000000</in_Quantity.quantity><out_Quantity.quantity>642.872287</out_Quantity.quantity></Point><Point><position>3879</position><in_Quantity.quantity>0.000000</in_Quantity.quantity><out_Quantity.quantity>564.443148</out_Quantity.quantity></Point><Point><position>3880</position><in_Quantity.quantity>0.000000</in_Quantity.quantity><out_Quantity.quantity>625.986460</out_Quantity.quantity></Point><Point><position>3881</position><in_Quantity.quantity>0.000000</in_Quantity.quantity><out_Quantity.quantity>999.350303</out_Quantity.quantity></Point><Point><position>3882</position><in_Quantity.quantity>0.000000</in_Quantity.quantity><out_Quantity.quantity>828.715002</out_Quantity.quantity></Point><Point><position>3883</position><in_Quantity.quantity>0.000000</in_Quantity.quantity><out_Quantity.quantity>258.898182</out_Quantity.quantity></Point><Point><position>3884</position><in_Quantity.quantity>0.000000</in_Quantity.quantity><out_Quantity.quantity>500.557734</out_Quantity.quantity></Point><Point><position>3885</position><in_Quantity.quantity>0.000000</in_Quantity.quantity><out_Quantity.quantity>708.711679</out_Quantity.quantity></Point><Point><position>3886</position><in_Quantity.quantity>0.000000</in_Quantity.quantity><out_Quantity.quantity>158.660529</out_Quantity.quantity></Point><Point><position>3887</position><in_Quantity.quantity>0.000000</in_Quantity.quantity><out_Quantity.quantity>344.599852</out_Quantity.quantity></Point><Point><position>3888</position><in_Quantity.quantity>0.000000</in_Quantity.quantity><out_Quantity.quantity>837.370817</out_Quantity.quantity></Point><Point><position>3889</position><in_Quantity.quantity>0.000000</in_Quantity.quantity><out_Quantity.quantity>710.229675</out_Quantity.quantity></Point><Point><position>3890</position><in_Quantity.quantity>0.000000</in_Quantity.quantity><out_Quantity.quantity>712.307892</out_Quantity.quantity></Point><Point><position>3891</position><in_Quantity.quantity>0.000000</in_Quantity.quantity><out_Quantity.quantity>81.420494</out_Quantity.quantity></Point><Point><position>3892</position><in_Quantity.quantity>0.000000</in_Quantity.quantity><out_Quantity.quantity>435.275803</out_Quantity.quantity></Point><Point><position>3893</position><in_Quantity.quantity>0.000000</in_Quantity.quantity><out_Quantity.quantity>5.061365</out_Quantity.quantity></Point><Point><position>3894</position><in_Quantity.quantity>0.000000</in_Quantity.quantity><out_Quantity.quantity>819.951294</out_Quantity.quantity></Point><Point><position>3895</position><in_Quantity.quantity>0.000000</in_Quantity.quantity><out_Quantity.quantity>282.698921</out_Quantity.quantity></Point><Point><position>3896</position><in_Quantity.quantity>0.000000</in_Quantity.quantity><out_Quantity.quantity>597.527197</out_Quantity.quantity></Point><Point><position>3897</position><in_Quantity.quantity>0.000000</in_Quantity.quantity><out_Quantity.quantity>924.158819</out_Quantity.quantity></Point><Point><position>3898</position><in_Quantity.quantity>0.000000</in_Quantity.quantity><out_Quantity.quantity>411.810536</out_Quantity.quantity></Point><Point><position>3899</position><in_Quantity.quantity>0.000000</in_Quantity.quantity><out_Quantity.quantity>374.714138</out_Quantity.quantity></Point><Point><position>3900</position><in_Quantity.quantity>0.000000</in_Quantity.quantity><out_Quantity.quantity>500.796586</out_Quantity.quantity></Point><Point><position>3901</position><in_Quantity.quantity>0.000000</in_Quantity.quantity><out_Quantity.quantity>875.698665</out_Quantity.quantity></Point><Point><position>3902</position><in_Quantity.quantity>0.000000</in_Quantity.quantity><out_Quantity.quantity>380.440615</out_Quantity.quantity></Point><Point><position>3903</position><in_Quantity.quantity>0.000000</in_Quantity.quantity><out_Quantity.quantity>640.701449</out_Quantity.quantity></Point><Point><position>3904</position><in_Quantity.quantity>0.000000</in_Quantity.quantity><out_Quantity.quantity>907.717325</out_Quantity.quantity></Point><Point><position>3905</position><in_Quantity.quantity>0.000000</in_Quantity.quantity><out_Quantity.quantity>716.553529</out_Quantity.quantity></Point><Point><position>3906</position><in_Quantity.quantity>0.000000</in_Quantity.quantity><out_Quantity.quantity>617.107186</out_Quantity.quantity></Point><Point><position>3907</position><in_Quantity.quantity>0.000000</in_Quantity.quantity><out_Quantity.quantity>34.060585</out_Quantity.quantity></Point><Point><position>3908</position><in_Quantity.quantity>0.000000</in_Quantity.quantity><out_Quantity.quantity>439.008947</out_Quantity.quantity></Point><Point><position>3909</position><in_Quantity.quantity>0.000000</in_Quantity.quantity><out_Quantity.quantity>892.002627</out_Quantity.quantity></Point><Point><position>3910</position><in_Quantity.quantity>0.000000</in_Quantity.quantity><out_Quantity.quantity>29.064419</out_Quantity.quantity></Point><Point><position>3911</position><in_Quantity.quantity>0.000000</in_Quantity.quantity><out_Quantity.quantity>825.401900</out_Quantity.quantity></Point><Point><position>3912</position><in_Quantity.quantity>0.000000</in_Quantity.quantity><out_Quantity.quantity>67.203355</out_Quantity.quantity></Point><Point><position>3913</position><in_Quantity.quantity>0.000000</in_Quantity.quantity><out_Quantity.quantity>456.118290</out_Quantity.quantity></Point><Point><position>3914</position><in_Quantity.quantity>0.000000</in_Quantity.quantity><out_Quantity.quantity>28.098198</out_Quantity.quantity></Point><Point><position>3915</position><in_Quantity.quantity>0.000000</in_Quantity.quantity><out_Quantity.quantity>925.198322</out_Quantity.quantity></Point><Point><position>3916</position><in_Quantity.quantity>0.000000</in_Quantity.quantity><out_Quantity.quantity>548.656095</out_Quantity.quantity></Point><Point><position>3917</position><in_Quantity.quantity>0.000000</in_Quantity.quantity><out_Quantity.quantity>356.183155</out_Quantity.quantity></Point><Point><position>3918</position><in_Quantity.quantity>0.000000</in_Quantity.quantity><out_Quantity.quantity>802.510446</out_Quantity.quantity></Point><Point><position>3919</position><in_Quantity.quantity>0.000000</in_Quantity.quantity><out_Quantity.quantity>786.355602</out_Quantity.quantity></Point><Point><position>3920</position><in_Quantity.quantity>0.000000</in_Quantity.quantity><out_Quantity.quantity>884.033017</out_Quantity.quantity></Point><Point><position>3921</position><in_Quantity.quantity>0.000000</in_Quantity.quantity><out_Quantity.quantity>477.185984</out_Quantity.quantity></Point><Point><position>3922</position><in_Quantity.quantity>0.000000</in_Quantity.quantity><out_Quantity.quantity>282.460299</out_Quantity.quantity></Point><Point><position>3923</position><in_Quantity.quantity>0.000000</in_Quantity.quantity><out_Quantity.quantity>668.479537</out_Quantity.quantity></Point><Point><position>3924</position><in_Quantity.quantity>0.000000</in_Quantity.quantity><out_Quantity.quantity>615.048310</out_Quantity.quantity></Point><Point><position>3925</position><in_Quantity.quantity>0.000000</in_Quantity.quantity><out_Quantity.quantity>869.458177</out_Quantity.quantity></Point><Point><position>3926</position><in_Quantity.quantity>0.000000</in_Quantity.quantity><out_Quantity.quantity>716.506747</out_Quantity.quantity></Point><Point><position>3927</position><in_Quantity.quantity>0.000000</in_Quantity.quantity><out_Quantity.quantity>542.521244</out_Quantity.quantity></Point><Point><position>3928</position><in_Quantity.quantity>0.000000</in_Quantity.quantity><out_Quantity.quantity>77.033246</out_Quantity.quantity></Point><Point><position>3929</position><in_Quantity.quantity>0.000000</in_Quantity.quantity><out_Quantity.quantity>602.512494</out_Quantity.quantity></Point><Point><position>3930</position><in_Quantity.quantity>0.000000</in_Quantity.quantity><out_Quantity.quantity>790.261561</out_Quantity.quantity></Point><Point><position>3931</position><in_Quantity.quantity>0.000000</in_Quantity.quantity><out_Quantity.quantity>920.236404</out_Quantity.quantity></Point><Point><position>3932</position><in_Quantity.quantity>0.000000</in_Quantity.quantity><out_Quantity.quantity>732.870560</out_Quantity.quantity></Point><Point><position>3933</position><in_Quantity.quantity>0.000000</in_Quantity.quantity><out_Quantity.quantity>67.671243</out_Quantity.quantity></Point><Point><position>3934</position><in_Quantity.quantity>0.000000</in_Quantity.quantity><out_Quantity.quantity>107.192122</out_Quantity.quantity></Point><Point><position>3935</position><in_Quantity.quantity>0.000000</in_Quantity.quantity><out_Quantity.quantity>874.757289</out_Quantity.quantity></Point><Point><position>3936</position><in_Quantity.quantity>0.000000</in_Quantity.quantity><out_Quantity.quantity>793.339625</out_Quantity.quantity></Point><Point><position>3937</position><in_Quantity.quantity>0.000000</in_Quantity.quantity><out_Quantity.quantity>400.272309</out_Quantity.quantity></Point><Point><position>3938</position><in_Quantity.quantity>0.000000</in_Quantity.quantity><out_Quantity.quantity>625.395354</out_Quantity.quantity></Point><Point><position>3939</position><in_Quantity.quantity>0.000000</in_Quantity.quantity><out_Quantity.quantity>523.566733</out_Quantity.quantity></Point><Point><position>3940</position><in_Quantity.quantity>0.000000</in_Quantity.quantity><out_Quantity.quantity>102.641025</out_Quantity.quantity></Point><Point><position>3941</position><in_Quantity.quantity>0.000000</in_Quantity.quantity><out_Quantity.quantity>320.960335</out_Quantity.quantity></Point><Point><position>3942</position><in_Quantity.quantity>0.000000</in_Quantity.quantity><out_Quantity.quantity>616.660802</out_Quantity.quantity></Point><Point><position>3943</position><in_Quantity.quantity>0.000000</in_Quantity.quantity><out_Quantity.quantity>934.756706</out_Quantity.quantity></Point><Point><position>3944</position><in_Quantity.quantity>0.000000</in_Quantity.quantity><out_Quantity.quantity>61.135934</out_Quantity.quantity></Point><Point><position>3945</position><in_Quantity.quantity>0.000000</in_Quantity.quantity><out_Quantity.quantity>719.680907</out_Quantity.quantity></Point><Point><position>3946</position><in_Quantity.quantity>0.000000</in_Quantity.quantity><out_Quantity.quantity>931.237138</out_Quantity.quantity></Point><Point><position>3947</position><in_Quantity.quantity>0.000000</in_Quantity.quantity><out_Quantity.quantity>107.700373</out_Quantity.quantity></Point><Point><position>3948</position><in_Quantity.quantity>0.000000</in_Quantity.quantity><out_Quantity.quantity>527.066305</out_Quantity.quantity></Point><Point><position>3949</position><in_Quantity.quantity>0.000000</in_Quantity.quantity><out_Quantity.quantity>862.616163</out_Quantity.quantity></Point><Point><position>3950</position><in_Quantity.quantity>0.000000</in_Quantity.quantity><out_Quantity.quantity>586.807127</out_Quantity.quantity></Point><Point><position>3951</position><in_Quantity.quantity>0.000000</in_Quantity.quantity><out_Quantity.quantity>942.142627</out_Quantity.quantity></Point><Point><position>3952</position><in_Quantity.quantity>0.000000</in_Quantity.quantity><out_Quantity.quantity>892.668819</out_Quantity.quantity></Point><Point><position>3953</position><in_Quantity.quantity>0.000000</in_Quantity.quantity><out_Quantity.quantity>259.248041</out_Quantity.quantity></Point><Point><position>3954</position><in_Quantity.quantity>0.000000</in_Quantity.quantity><out_Quantity.quantity>177.277721</out_Quantity.quantity></Point><Point><position>3955</position><in_Quantity.quantity>0.000000</in_Quantity.quantity><out_Quantity.quantity>999.918085</out_Quantity.quantity></Point><Point><position>3956</position><in_Quantity.quantity>0.000000</in_Quantity.quantity><out_Quantity.quantity>566.907359</out_Quantity.quantity></Point><Point><position>3957</position><in_Quantity.quantity>0.000000</in_Quantity.quantity><out_Quantity.quantity>723.360272</out_Quantity.quantity></Point><Point><position>3958</position><in_Quantity.quantity>0.000000</in_Quantity.quantity><out_Quantity.quantity>949.876094</out_Quantity.quantity></Point><Point><position>3959</position><in_Quantity.quantity>0.000000</in_Quantity.quantity><out_Quantity.quantity>611.878228</out_Quantity.quantity></Point><Point><position>3960</position><in_Quantity.quantity>0.000000</in_Quantity.quantity><out_Quantity.quantity>811.453713</out_Quantity.quantity></Point><Point><position>3961</position><in_Quantity.quantity>0.000000</in_Quantity.quantity><out_Quantity.quantity>330.649837</out_Quantity.quantity></Point><Point><position>3962</position><in_Quantity.quantity>0.000000</in_Quantity.quantity><out_Quantity.quantity>126.626548</out_Quantity.quantity></Point><Point><position>3963</position><in_Quantity.quantity>0.000000</in_Quantity.quantity><out_Quantity.quantity>628.534934</out_Quantity.quantity></Point><Point><position>3964</position><in_Quantity.quantity>0.000000</in_Quantity.quantity><out_Quantity.quantity>499.922877</out_Quantity.quantity></Point><Point><position>3965</position><in_Quantity.quantity>0.000000</in_Quantity.quantity><out_Quantity.quantity>219.996009</out_Quantity.quantity></Point><Point><position>3966</position><in_Quantity.quantity>0.000000</in_Quantity.quantity><out_Quantity.quantity>599.774073</out_Quantity.quantity></Point><Point><position>3967</position><in_Quantity.quantity>0.000000</in_Quantity.quantity><out_Quantity.quantity>646.889966</out_Quantity.quantity></Point><Point><position>3968</position><in_Quantity.quantity>0.000000</in_Quantity.quantity><out_Quantity.quantity>38.200133</out_Quantity.quantity></Point><Point><position>3969</position><in_Quantity.quantity>0.000000</in_Quantity.quantity><out_Quantity.quantity>151.606452</out_Quantity.quantity></Point><Point><position>3970</position><in_Quantity.quantity>0.000000</in_Quantity.quantity><out_Quantity.quantity>322.404963</out_Quantity.quantity></Point><Point><position>3971</position><in_Quantity.quantity>0.000000</in_Quantity.quantity><out_Quantity.quantity>682.936033</out_Quantity.quantity></Point><Point><position>3972</position><in_Quantity.quantity>0.000000</in_Quantity.quantity><out_Quantity.quantity>831.968143</out_Quantity.quantity></Point><Point><position>3973</position><in_Quantity.quantity>0.000000</in_Quantity.quantity><out_Quantity.quantity>585.312005</out_Quantity.quantity></Point><Point><position>3974</position><in_Quantity.quantity>0.000000</in_Quantity.quantity><out_Quantity.quantity>366.248948</out_Quantity.quantity></Point><Point><position>3975</position><in_Quantity.quantity>0.000000</in_Quantity.quantity><out_Quantity.quantity>603.572498</out_Quantity.quantity></Point><Point><position>3976</position><in_Quantity.quantity>0.000000</in_Quantity.quantity><out_Quantity.quantity>184.997365</out_Quantity.quantity></Point><Point><position>3977</position><in_Quantity.quantity>0.000000</in_Quantity.quantity><out_Quantity.quantity>483.721670</out_Quantity.quantity></Point><Point><position>3978</position><in_Quantity.quantity>0.000000</in_Quantity.quantity><out_Quantity.quantity>542.750461</out_Quantity.quantity></Point><Point><position>3979</position><in_Quantity.quantity>0.000000</in_Quantity.quantity><out_Quantity.quantity>750.904749</out_Quantity.quantity></Point><Point><position>3980</position><in_Quantity.quantity>0.000000</in_Quantity.quantity><out_Quantity.quantity>532.418874</out_Quantity.quantity></Point><Point><position>3981</position><in_Quantity.quantity>0.000000</in_Quantity.quantity><out_Quantity.quantity>520.647648</out_Quantity.quantity></Point><Point><position>3982</position><in_Quantity.quantity>0.000000</in_Quantity.quantity><out_Quantity.quantity>879.539617</out_Quantity.quantity></Point><Point><position>3983</position><in_Quantity.quantity>0.000000</in_Quantity.quantity><out_Quantity.quantity>956.426990</out_Quantity.quantity></Point><Point><position>3984</position><in_Quantity.quantity>0.000000</in_Quantity.quantity><out_Quantity.quantity>877.957868</out_Quantity.quantity></Point><Point><position>3985</position><in_Quantity.quantity>0.000000</in_Quantity.quantity><out_Quantity.quantity>819.314050</out_Quantity.quantity></Point><Point><position>3986</position><in_Quantity.quantity>0.000000</in_Quantity.quantity><out_Quantity.quantity>109.744262</out_Quantity.quantity></Point><Point><position>3987</position><in_Quantity.quantity>0.000000</in_Quantity.quantity><out_Quantity.quantity>106.203391</out_Quantity.quantity></Point><Point><position>3988</position><in_Quantity.quantity>0.000000</in_Quantity.quantity><out_Quantity.quantity>834.157280</out_Quantity.quantity></Point><Point><position>3989</position><in_Quantity.quantity>0.000000</in_Quantity.quantity><out_Quantity.quantity>250.286673</out_Quantity.quantity></Point><Point><position>3990</position><in_Quantity.quantity>0.000000</in_Quantity.quantity><out_Quantity.quantity>879.647455</out_Quantity.quantity></Point><Point><position>3991</position><in_Quantity.quantity>0.000000</in_Quantity.quantity><out_Quantity.quantity>163.552234</out_Quantity.quantity></Point><Point><position>3992</position><in_Quantity.quantity>0.000000</in_Quantity.quantity><out_Quantity.quantity>39.995248</out_Quantity.quantity></Point><Point><position>3993</position><in_Quantity.quantity>0.000000</in_Quantity.quantity><out_Quantity.quantity>637.986091</out_Quantity.quantity></Point><Point><position>3994</position><in_Quantity.quantity>0.000000</in_Quantity.quantity><out_Quantity.quantity>751.529659</out_Quantity.quantity></Point><Point><position>3995</position><in_Quantity.quantity>0.000000</in_Quantity.quantity><out_Quantity.quantity>394.649809</out_Quantity.quantity></Point><Point><position>3996</position><in_Quantity.quantity>0.000000</in_Quantity.quantity><out_Quantity.quantity>767.553987</out_Quantity.quantity></Point><Point><position>3997</position><in_Quantity.quantity>0.000000</in_Quantity.quantity><out_Quantity.quantity>906.360053</out_Quantity.quantity></Point><Point><position>3998</position><in_Quantity.quantity>0.000000</in_Quantity.quantity><out_Quantity.quantity>995.842316</out_Quantity.quantity></Point><Point><position>3999</position><in_Quantity.quantity>0.000000</in_Quantity.quantity><out_Quantity.quantity>250.713754</out_Quantity.quantity></Point><Point><position>4000</position><in_Quantity.quantity>0.000000</in_Quantity.quantity><out_Quantity.quantity>852.315558</out_Quantity.quantity></Point><Point><position>4001</position><in_Quantity.quantity>0.000000</in_Quantity.quantity><out_Quantity.quantity>445.560921</out_Quantity.quantity></Point><Point><position>4002</position><in_Quantity.quantity>0.000000</in_Quantity.quantity><out_Quantity.quantity>500.382669</out_Quantity.quantity></Point><Point><position>4003</position><in_Quantity.quantity>0.000000</in_Quantity.quantity><out_Quantity.quantity>943.500037</out_Quantity.quantity></Point><Point><position>4004</position><in_Quantity.quantity>0.000000</in_Quantity.quantity><out_Quantity.quantity>994.688754</out_Quantity.quantity></Point><Point><position>4005</position><in_Quantity.quantity>0.000000</in_Quantity.quantity><out_Quantity.quantity>427.644980</out_Quantity.quantity></Point><Point><position>4006</position><in_Quantity.quantity>0.000000</in_Quantity.quantity><out_Quantity.quantity>711.643904</out_Quantity.quantity></Point><Point><position>4007</position><in_Quantity.quantity>0.000000</in_Quantity.quantity><out_Quantity.quantity>541.774210</out_Quantity.quantity></Point><Point><position>4008</position><in_Quantity.quantity>0.000000</in_Quantity.quantity><out_Quantity.quantity>925.385894</out_Quantity.quantity></Point><Point><position>4009</position><in_Quantity.quantity>0.000000</in_Quantity.quantity><out_Quantity.quantity>713.472588</out_Quantity.quantity></Point><Point><position>4010</position><in_Quantity.quantity>0.000000</in_Quantity.quantity><out_Quantity.quantity>79.665571</out_Quantity.quantity></Point><Point><position>4011</position><in_Quantity.quantity>0.000000</in_Quantity.quantity><out_Quantity.quantity>835.242651</out_Quantity.quantity></Point><Point><position>4012</position><in_Quantity.quantity>0.000000</in_Quantity.quantity><out_Quantity.quantity>803.646882</out_Quantity.quantity></Point><Point><position>4013</position><in_Quantity.quantity>0.000000</in_Quantity.quantity><out_Quantity.quantity>293.787287</out_Quantity.quantity></Point><Point><position>4014</position><in_Quantity.quantity>0.000000</in_Quantity.quantity><out_Quantity.quantity>618.571600</out_Quantity.quantity></Point><Point><position>4015</position><in_Quantity.quantity>0.000000</in_Quantity.quantity><out_Quantity.quantity>310.486443</out_Quantity.quantity></Point><Point><position>4016</position><in_Quantity.quantity>0.000000</in_Quantity.quantity><out_Quantity.quantity>848.154836</out_Quantity.quantity></Point><Point><position>4017</position><in_Quantity.quantity>0.000000</in_Quantity.quantity><out_Quantity.quantity>408.032538</out_Quantity.quantity></Point><Point><position>4018</position><in_Quantity.quantity>0.000000</in_Quantity.quantity><out_Quantity.quantity>224.889288</out_Quantity.quantity></Point><Point><position>4019</position><in_Quantity.quantity>0.000000</in_Quantity.quantity><out_Quantity.quantity>125.839747</out_Quantity.quantity></Point><Point><position>4020</position><in_Quantity.quantity>0.000000</in_Quantity.quantity><out_Quantity.quantity>15.241680</out_Quantity.quantity></Point><Point><position>4021</position><in_Quantity.quantity>0.000000</in_Quantity.quantity><out_Quantity.quantity>518.859084</out_Quantity.quantity></Point><Point><position>4022</position><in_Quantity.quantity>0.000000</in_Quantity.quantity><out_Quantity.quantity>261.847992</out_Quantity.quantity></Point><Point><position>4023</position><in_Quantity.quantity>0.000000</in_Quantity.quantity><out_Quantity.quantity>25.954033</out_Quantity.quantity></Point><Point><position>4024</position><in_Quantity.quantity>0.000000</in_Quantity.quantity><out_Quantity.quantity>153.143453</out_Quantity.quantity></Point><Point><position>4025</position><in_Quantity.quantity>0.000000</in_Quantity.quantity><out_Quantity.quantity>975.510159</out_Quantity.quantity></Point><Point><position>4026</position><in_Quantity.quantity>0.000000</in_Quantity.quantity><out_Quantity.quantity>141.633011</out_Quantity.quantity></Point><Point><position>4027</position><in_Quantity.quantity>0.000000</in_Quantity.quantity><out_Quantity.quantity>476.529400</out_Quantity.quantity></Point><Point><position>4028</position><in_Quantity.quantity>0.000000</in_Quantity.quantity><out_Quantity.quantity>406.836288</out_Quantity.quantity></Point><Point><position>4029</position><in_Quantity.quantity>0.000000</in_Quantity.quantity><out_Quantity.quantity>577.535445</out_Quantity.quantity></Point><Point><position>4030</position><in_Quantity.quantity>0.000000</in_Quantity.quantity><out_Quantity.quantity>936.291221</out_Quantity.quantity></Point><Point><position>4031</position><in_Quantity.quantity>0.000000</in_Quantity.quantity><out_Quantity.quantity>289.725225</out_Quantity.quantity></Point><Point><position>4032</position><in_Quantity.quantity>0.000000</in_Quantity.quantity><out_Quantity.quantity>876.352529</out_Quantity.quantity></Point><Point><position>4033</position><in_Quantity.quantity>0.000000</in_Quantity.quantity><out_Quantity.quantity>504.900844</out_Quantity.quantity></Point><Point><position>4034</position><in_Quantity.quantity>0.000000</in_Quantity.quantity><out_Quantity.quantity>719.499077</out_Quantity.quantity></Point><Point><position>4035</position><in_Quantity.quantity>0.000000</in_Quantity.quantity><out_Quantity.quantity>123.140010</out_Quantity.quantity></Point><Point><position>4036</position><in_Quantity.quantity>0.000000</in_Quantity.quantity><out_Quantity.quantity>418.837443</out_Quantity.quantity></Point><Point><position>4037</position><in_Quantity.quantity>0.000000</in_Quantity.quantity><out_Quantity.quantity>999.830469</out_Quantity.quantity></Point><Point><position>4038</position><in_Quantity.quantity>0.000000</in_Quantity.quantity><out_Quantity.quantity>20.964581</out_Quantity.quantity></Point><Point><position>4039</position><in_Quantity.quantity>0.000000</in_Quantity.quantity><out_Quantity.quantity>659.018649</out_Quantity.quantity></Point><Point><position>4040</position><in_Quantity.quantity>0.000000</in_Quantity.quantity><out_Quantity.quantity>874.804184</out_Quantity.quantity></Point><Point><position>4041</position><in_Quantity.quantity>0.000000</in_Quantity.quantity><out_Quantity.quantity>43.109025</out_Quantity.quantity></Point><Point><position>4042</position><in_Quantity.quantity>0.000000</in_Quantity.quantity><out_Quantity.quantity>354.536285</out_Quantity.quantity></Point><Point><position>4043</position><in_Quantity.quantity>0.000000</in_Quantity.quantity><out_Quantity.quantity>930.693703</out_Quantity.quantity></Point><Point><position>4044</position><in_Quantity.quantity>0.000000</in_Quantity.quantity><out_Quantity.quantity>762.249116</out_Quantity.quantity></Point><Point><position>4045</position><in_Quantity.quantity>0.000000</in_Quantity.quantity><out_Quantity.quantity>948.103644</out_Quantity.quantity></Point><Point><position>4046</position><in_Quantity.quantity>0.000000</in_Quantity.quantity><out_Quantity.quantity>53.650580</out_Quantity.quantity></Point><Point><position>4047</position><in_Quantity.quantity>0.000000</in_Quantity.quantity><out_Quantity.quantity>177.880915</out_Quantity.quantity></Point><Point><position>4048</position><in_Quantity.quantity>0.000000</in_Quantity.quantity><out_Quantity.quantity>52.379395</out_Quantity.quantity></Point><Point><position>4049</position><in_Quantity.quantity>0.000000</in_Quantity.quantity><out_Quantity.quantity>800.232205</out_Quantity.quantity></Point><Point><position>4050</position><in_Quantity.quantity>0.000000</in_Quantity.quantity><out_Quantity.quantity>283.615138</out_Quantity.quantity></Point><Point><position>4051</position><in_Quantity.quantity>0.000000</in_Quantity.quantity><out_Quantity.quantity>19.721853</out_Quantity.quantity></Point><Point><position>4052</position><in_Quantity.quantity>0.000000</in_Quantity.quantity><out_Quantity.quantity>651.529707</out_Quantity.quantity></Point><Point><position>4053</position><in_Quantity.quantity>0.000000</in_Quantity.quantity><out_Quantity.quantity>30.414362</out_Quantity.quantity></Point><Point><position>4054</position><in_Quantity.quantity>0.000000</in_Quantity.quantity><out_Quantity.quantity>281.688971</out_Quantity.quantity></Point><Point><position>4055</position><in_Quantity.quantity>0.000000</in_Quantity.quantity><out_Quantity.quantity>229.778982</out_Quantity.quantity></Point><Point><position>4056</position><in_Quantity.quantity>0.000000</in_Quantity.quantity><out_Quantity.quantity>704.531376</out_Quantity.quantity></Point><Point><position>4057</position><in_Quantity.quantity>0.000000</in_Quantity.quantity><out_Quantity.quantity>612.645000</out_Quantity.quantity></Point><Point><position>4058</position><in_Quantity.quantity>0.000000</in_Quantity.quantity><out_Quantity.quantity>959.851019</out_Quantity.quantity></Point><Point><position>4059</position><in_Quantity.quantity>0.000000</in_Quantity.quantity><out_Quantity.quantity>154.472666</out_Quantity.quantity></Point><Point><position>4060</position><in_Quantity.quantity>0.000000</in_Quantity.quantity><out_Quantity.quantity>166.709782</out_Quantity.quantity></Point><Point><position>4061</position><in_Quantity.quantity>0.000000</in_Quantity.quantity><out_Quantity.quantity>185.855945</out_Quantity.quantity></Point><Point><position>4062</position><in_Quantity.quantity>0.000000</in_Quantity.quantity><out_Quantity.quantity>261.195672</out_Quantity.quantity></Point><Point><position>4063</position><in_Quantity.quantity>0.000000</in_Quantity.quantity><out_Quantity.quantity>414.389624</out_Quantity.quantity></Point><Point><position>4064</position><in_Quantity.quantity>0.000000</in_Quantity.quantity><out_Quantity.quantity>382.212145</out_Quantity.quantity></Point><Point><position>4065</position><in_Quantity.quantity>0.000000</in_Quantity.quantity><out_Quantity.quantity>194.271738</out_Quantity.quantity></Point><Point><position>4066</position><in_Quantity.quantity>0.000000</in_Quantity.quantity><out_Quantity.quantity>818.606099</out_Quantity.quantity></Point><Point><position>4067</position><in_Quantity.quantity>0.000000</in_Quantity.quantity><out_Quantity.quantity>252.544074</out_Quantity.quantity></Point><Point><position>4068</position><in_Quantity.quantity>0.000000</in_Quantity.quantity><out_Quantity.quantity>91.229736</out_Quantity.quantity></Point><Point><position>4069</position><in_Quantity.quantity>0.000000</in_Quantity.quantity><out_Quantity.quantity>298.342801</out_Quantity.quantity></Point><Point><position>4070</position><in_Quantity.quantity>0.000000</in_Quantity.quantity><out_Quantity.quantity>992.086723</out_Quantity.quantity></Point><Point><position>4071</position><in_Quantity.quantity>0.000000</in_Quantity.quantity><out_Quantity.quantity>328.973410</out_Quantity.quantity></Point><Point><position>4072</position><in_Quantity.quantity>0.000000</in_Quantity.quantity><out_Quantity.quantity>617.438652</out_Quantity.quantity></Point><Point><position>4073</position><in_Quantity.quantity>0.000000</in_Quantity.quantity><out_Quantity.quantity>878.454220</out_Quantity.quantity></Point><Point><position>4074</position><in_Quantity.quantity>0.000000</in_Quantity.quantity><out_Quantity.quantity>601.136105</out_Quantity.quantity></Point><Point><position>4075</position><in_Quantity.quantity>0.000000</in_Quantity.quantity><out_Quantity.quantity>748.323435</out_Quantity.quantity></Point><Point><position>4076</position><in_Quantity.quantity>0.000000</in_Quantity.quantity><out_Quantity.quantity>140.305720</out_Quantity.quantity></Point><Point><position>4077</position><in_Quantity.quantity>0.000000</in_Quantity.quantity><out_Quantity.quantity>458.680408</out_Quantity.quantity></Point><Point><position>4078</position><in_Quantity.quantity>0.000000</in_Quantity.quantity><out_Quantity.quantity>247.964760</out_Quantity.quantity></Point><Point><position>4079</position><in_Quantity.quantity>0.000000</in_Quantity.quantity><out_Quantity.quantity>680.763810</out_Quantity.quantity></Point><Point><position>4080</position><in_Quantity.quantity>0.000000</in_Quantity.quantity><out_Quantity.quantity>502.145409</out_Quantity.quantity></Point><Point><position>4081</position><in_Quantity.quantity>0.000000</in_Quantity.quantity><out_Quantity.quantity>921.678470</out_Quantity.quantity></Point><Point><position>4082</position><in_Quantity.quantity>0.000000</in_Quantity.quantity><out_Quantity.quantity>501.629318</out_Quantity.quantity></Point><Point><position>4083</position><in_Quantity.quantity>0.000000</in_Quantity.quantity><out_Quantity.quantity>118.201523</out_Quantity.quantity></Point><Point><position>4084</position><in_Quantity.quantity>0.000000</in_Quantity.quantity><out_Quantity.quantity>884.028990</out_Quantity.quantity></Point><Point><position>4085</position><in_Quantity.quantity>0.000000</in_Quantity.quantity><out_Quantity.quantity>698.862990</out_Quantity.quantity></Point><Point><position>4086</position><in_Quantity.quantity>0.000000</in_Quantity.quantity><out_Quantity.quantity>625.108378</out_Quantity.quantity></Point><Point><position>4087</position><in_Quantity.quantity>0.000000</in_Quantity.quantity><out_Quantity.quantity>451.980223</out_Quantity.quantity></Point><Point><position>4088</position><in_Quantity.quantity>0.000000</in_Quantity.quantity><out_Quantity.quantity>371.181448</out_Quantity.quantity></Point><Point><position>4089</position><in_Quantity.quantity>0.000000</in_Quantity.quantity><out_Quantity.quantity>140.711883</out_Quantity.quantity></Point><Point><position>4090</position><in_Quantity.quantity>0.000000</in_Quantity.quantity><out_Quantity.quantity>251.828728</out_Quantity.quantity></Point><Point><position>4091</position><in_Quantity.quantity>0.000000</in_Quantity.quantity><out_Quantity.quantity>768.561375</out_Quantity.quantity></Point><Point><position>4092</position><in_Quantity.quantity>0.000000</in_Quantity.quantity><out_Quantity.quantity>492.554099</out_Quantity.quantity></Point><Point><position>4093</position><in_Quantity.quantity>0.000000</in_Quantity.quantity><out_Quantity.quantity>643.551297</out_Quantity.quantity></Point><Point><position>4094</position><in_Quantity.quantity>0.000000</in_Quantity.quantity><out_Quantity.quantity>461.424272</out_Quantity.quantity></Point><Point><position>4095</position><in_Quantity.quantity>0.000000</in_Quantity.quantity><out_Quantity.quantity>523.356081</out_Quantity.quantity></Point><Point><position>4096</position><in_Quantity.quantity>0.000000</in_Quantity.quantity><out_Quantity.quantity>104.411256</out_Quantity.quantity></Point><Point><position>4097</position><in_Quantity.quantity>0.000000</in_Quantity.quantity><out_Quantity.quantity>114.987211</out_Quantity.quantity></Point><Point><position>4098</position><in_Quantity.quantity>0.000000</in_Quantity.quantity><out_Quantity.quantity>910.779894</out_Quantity.quantity></Point><Point><position>4099</position><in_Quantity.quantity>0.000000</in_Quantity.quantity><out_Quantity.quantity>120.349127</out_Quantity.quantity></Point><Point><position>4100</position><in_Quantity.quantity>0.000000</in_Quantity.quantity><out_Quantity.quantity>412.413759</out_Quantity.quantity></Point><Point><position>4101</position><in_Quantity.quantity>0.000000</in_Quantity.quantity><out_Quantity.quantity>664.236550</out_Quantity.quantity></Point><Point><position>4102</position><in_Quantity.quantity>0.000000</in_Quantity.quantity><out_Quantity.quantity>274.344010</out_Quantity.quantity></Point><Point><position>4103</position><in_Quantity.quantity>0.000000</in_Quantity.quantity><out_Quantity.quantity>749.653885</out_Quantity.quantity></Point><Point><position>4104</position><in_Quantity.quantity>0.000000</in_Quantity.quantity><out_Quantity.quantity>83.389479</out_Quantity.quantity></Point><Point><position>4105</position><in_Quantity.quantity>0.000000</in_Quantity.quantity><out_Quantity.quantity>715.540737</out_Quantity.quantity></Point><Point><position>4106</position><in_Quantity.quantity>0.000000</in_Quantity.quantity><out_Quantity.quantity>853.693352</out_Quantity.quantity></Point><Point><position>4107</position><in_Quantity.quantity>0.000000</in_Quantity.quantity><out_Quantity.quantity>446.204204</out_Quantity.quantity></Point><Point><position>4108</position><in_Quantity.quantity>0.000000</in_Quantity.quantity><out_Quantity.quantity>979.351834</out_Quantity.quantity></Point><Point><position>4109</position><in_Quantity.quantity>0.000000</in_Quantity.quantity><out_Quantity.quantity>900.098481</out_Quantity.quantity></Point><Point><position>4110</position><in_Quantity.quantity>0.000000</in_Quantity.quantity><out_Quantity.quantity>948.327944</out_Quantity.quantity></Point><Point><position>4111</position><in_Quantity.quantity>0.000000</in_Quantity.quantity><out_Quantity.quantity>258.370197</out_Quantity.quantity></Point><Point><position>4112</position><in_Quantity.quantity>0.000000</in_Quantity.quantity><out_Quantity.quantity>964.680257</out_Quantity.quantity></Point><Point><position>4113</position><in_Quantity.quantity>0.000000</in_Quantity.quantity><out_Quantity.quantity>528.307060</out_Quantity.quantity></Point><Point><position>4114</position><in_Quantity.quantity>0.000000</in_Quantity.quantity><out_Quantity.quantity>892.968461</out_Quantity.quantity></Point><Point><position>4115</position><in_Quantity.quantity>0.000000</in_Quantity.quantity><out_Quantity.quantity>723.429432</out_Quantity.quantity></Point><Point><position>4116</position><in_Quantity.quantity>0.000000</in_Quantity.quantity><out_Quantity.quantity>524.049272</out_Quantity.quantity></Point><Point><position>4117</position><in_Quantity.quantity>0.000000</in_Quantity.quantity><out_Quantity.quantity>666.405162</out_Quantity.quantity></Point><Point><position>4118</position><in_Quantity.quantity>0.000000</in_Quantity.quantity><out_Quantity.quantity>983.182800</out_Quantity.quantity></Point><Point><position>4119</position><in_Quantity.quantity>0.000000</in_Quantity.quantity><out_Quantity.quantity>240.467436</out_Quantity.quantity></Point><Point><position>4120</position><in_Quantity.quantity>0.000000</in_Quantity.quantity><out_Quantity.quantity>395.450334</out_Quantity.quantity></Point><Point><position>4121</position><in_Quantity.quantity>0.000000</in_Quantity.quantity><out_Quantity.quantity>252.971042</out_Quantity.quantity></Point><Point><position>4122</position><in_Quantity.quantity>0.000000</in_Quantity.quantity><out_Quantity.quantity>838.735609</out_Quantity.quantity></Point><Point><position>4123</position><in_Quantity.quantity>0.000000</in_Quantity.quantity><out_Quantity.quantity>443.677987</out_Quantity.quantity></Point><Point><position>4124</position><in_Quantity.quantity>0.000000</in_Quantity.quantity><out_Quantity.quantity>883.184703</out_Quantity.quantity></Point><Point><position>4125</position><in_Quantity.quantity>0.000000</in_Quantity.quantity><out_Quantity.quantity>96.393075</out_Quantity.quantity></Point><Point><position>4126</position><in_Quantity.quantity>0.000000</in_Quantity.quantity><out_Quantity.quantity>689.075504</out_Quantity.quantity></Point><Point><position>4127</position><in_Quantity.quantity>0.000000</in_Quantity.quantity><out_Quantity.quantity>539.102711</out_Quantity.quantity></Point><Point><position>4128</position><in_Quantity.quantity>0.000000</in_Quantity.quantity><out_Quantity.quantity>898.364952</out_Quantity.quantity></Point><Point><position>4129</position><in_Quantity.quantity>0.000000</in_Quantity.quantity><out_Quantity.quantity>989.554287</out_Quantity.quantity></Point><Point><position>4130</position><in_Quantity.quantity>0.000000</in_Quantity.quantity><out_Quantity.quantity>826.632357</out_Quantity.quantity></Point><Point><position>4131</position><in_Quantity.quantity>0.000000</in_Quantity.quantity><out_Quantity.quantity>0.879829</out_Quantity.quantity></Point><Point><position>4132</position><in_Quantity.quantity>0.000000</in_Quantity.quantity><out_Quantity.quantity>216.353943</out_Quantity.quantity></Point><Point><position>4133</position><in_Quantity.quantity>0.000000</in_Quantity.quantity><out_Quantity.quantity>482.872710</out_Quantity.quantity></Point><Point><position>4134</position><in_Quantity.quantity>0.000000</in_Quantity.quantity><out_Quantity.quantity>332.758267</out_Quantity.quantity></Point><Point><position>4135</position><in_Quantity.quantity>0.000000</in_Quantity.quantity><out_Quantity.quantity>905.605931</out_Quantity.quantity></Point><Point><position>4136</position><in_Quantity.quantity>0.000000</in_Quantity.quantity><out_Quantity.quantity>578.924763</out_Quantity.quantity></Point><Point><position>4137</position><in_Quantity.quantity>0.000000</in_Quantity.quantity><out_Quantity.quantity>937.287176</out_Quantity.quantity></Point><Point><position>4138</position><in_Quantity.quantity>0.000000</in_Quantity.quantity><out_Quantity.quantity>928.793185</out_Quantity.quantity></Point><Point><position>4139</position><in_Quantity.quantity>0.000000</in_Quantity.quantity><out_Quantity.quantity>461.505564</out_Quantity.quantity></Point><Point><position>4140</position><in_Quantity.quantity>0.000000</in_Quantity.quantity><out_Quantity.quantity>850.489315</out_Quantity.quantity></Point><Point><position>4141</position><in_Quantity.quantity>0.000000</in_Quantity.quantity><out_Quantity.quantity>97.319052</out_Quantity.quantity></Point><Point><position>4142</position><in_Quantity.quantity>0.000000</in_Quantity.quantity><out_Quantity.quantity>850.892409</out_Quantity.quantity></Point><Point><position>4143</position><in_Quantity.quantity>0.000000</in_Quantity.quantity><out_Quantity.quantity>134.318062</out_Quantity.quantity></Point><Point><position>4144</position><in_Quantity.quantity>0.000000</in_Quantity.quantity><out_Quantity.quantity>582.303968</out_Quantity.quantity></Point><Point><position>4145</position><in_Quantity.quantity>0.000000</in_Quantity.quantity><out_Quantity.quantity>365.646303</out_Quantity.quantity></Point><Point><position>4146</position><in_Quantity.quantity>0.000000</in_Quantity.quantity><out_Quantity.quantity>461.624313</out_Quantity.quantity></Point><Point><position>4147</position><in_Quantity.quantity>0.000000</in_Quantity.quantity><out_Quantity.quantity>650.932869</out_Quantity.quantity></Point><Point><position>4148</position><in_Quantity.quantity>0.000000</in_Quantity.quantity><out_Quantity.quantity>163.954840</out_Quantity.quantity></Point><Point><position>4149</position><in_Quantity.quantity>0.000000</in_Quantity.quantity><out_Quantity.quantity>74.192062</out_Quantity.quantity></Point><Point><position>4150</position><in_Quantity.quantity>0.000000</in_Quantity.quantity><out_Quantity.quantity>761.918600</out_Quantity.quantity></Point><Point><position>4151</position><in_Quantity.quantity>0.000000</in_Quantity.quantity><out_Quantity.quantity>482.977768</out_Quantity.quantity></Point><Point><position>4152</position><in_Quantity.quantity>0.000000</in_Quantity.quantity><out_Quantity.quantity>640.820383</out_Quantity.quantity></Point><Point><position>4153</position><in_Quantity.quantity>0.000000</in_Quantity.quantity><out_Quantity.quantity>120.529220</out_Quantity.quantity></Point><Point><position>4154</position><in_Quantity.quantity>0.000000</in_Quantity.quantity><out_Quantity.quantity>891.800146</out_Quantity.quantity></Point><Point><position>4155</position><in_Quantity.quantity>0.000000</in_Quantity.quantity><out_Quantity.quantity>121.083852</out_Quantity.quantity></Point><Point><position>4156</position><in_Quantity.quantity>0.000000</in_Quantity.quantity><out_Quantity.quantity>238.198347</out_Quantity.quantity></Point><Point><position>4157</position><in_Quantity.quantity>0.000000</in_Quantity.quantity><out_Quantity.quantity>166.200018</out_Quantity.quantity></Point><Point><position>4158</position><in_Quantity.quantity>0.000000</in_Quantity.quantity><out_Quantity.quantity>748.091418</out_Quantity.quantity></Point><Point><position>4159</position><in_Quantity.quantity>0.000000</in_Quantity.quantity><out_Quantity.quantity>284.915303</out_Quantity.quantity></Point><Point><position>4160</position><in_Quantity.quantity>0.000000</in_Quantity.quantity><out_Quantity.quantity>59.394013</out_Quantity.quantity></Point><Point><position>4161</position><in_Quantity.quantity>0.000000</in_Quantity.quantity><out_Quantity.quantity>913.350680</out_Quantity.quantity></Point><Point><position>4162</position><in_Quantity.quantity>0.000000</in_Quantity.quantity><out_Quantity.quantity>5.721013</out_Quantity.quantity></Point><Point><position>4163</position><in_Quantity.quantity>0.000000</in_Quantity.quantity><out_Quantity.quantity>736.641833</out_Quantity.quantity></Point><Point><position>4164</position><in_Quantity.quantity>0.000000</in_Quantity.quantity><out_Quantity.quantity>477.709488</out_Quantity.quantity></Point><Point><position>4165</position><in_Quantity.quantity>0.000000</in_Quantity.quantity><out_Quantity.quantity>285.541347</out_Quantity.quantity></Point><Point><position>4166</position><in_Quantity.quantity>0.000000</in_Quantity.quantity><out_Quantity.quantity>893.542843</out_Quantity.quantity></Point><Point><position>4167</position><in_Quantity.quantity>0.000000</in_Quantity.quantity><out_Quantity.quantity>91.263925</out_Quantity.quantity></Point><Point><position>4168</position><in_Quantity.quantity>0.000000</in_Quantity.quantity><out_Quantity.quantity>370.189995</out_Quantity.quantity></Point><Point><position>4169</position><in_Quantity.quantity>0.000000</in_Quantity.quantity><out_Quantity.quantity>197.227264</out_Quantity.quantity></Point><Point><position>4170</position><in_Quantity.quantity>0.000000</in_Quantity.quantity><out_Quantity.quantity>850.284208</out_Quantity.quantity></Point><Point><position>4171</position><in_Quantity.quantity>0.000000</in_Quantity.quantity><out_Quantity.quantity>85.989869</out_Quantity.quantity></Point><Point><position>4172</position><in_Quantity.quantity>0.000000</in_Quantity.quantity><out_Quantity.quantity>635.955253</out_Quantity.quantity></Point><Point><position>4173</position><in_Quantity.quantity>0.000000</in_Quantity.quantity><out_Quantity.quantity>742.906255</out_Quantity.quantity></Point><Point><position>4174</position><in_Quantity.quantity>0.000000</in_Quantity.quantity><out_Quantity.quantity>49.132653</out_Quantity.quantity></Point><Point><position>4175</position><in_Quantity.quantity>0.000000</in_Quantity.quantity><out_Quantity.quantity>848.854153</out_Quantity.quantity></Point><Point><position>4176</position><in_Quantity.quantity>0.000000</in_Quantity.quantity><out_Quantity.quantity>721.110721</out_Quantity.quantity></Point><Point><position>4177</position><in_Quantity.quantity>0.000000</in_Quantity.quantity><out_Quantity.quantity>825.911266</out_Quantity.quantity></Point><Point><position>4178</position><in_Quantity.quantity>0.000000</in_Quantity.quantity><out_Quantity.quantity>769.310503</out_Quantity.quantity></Point><Point><position>4179</position><in_Quantity.quantity>0.000000</in_Quantity.quantity><out_Quantity.quantity>81.117913</out_Quantity.quantity></Point><Point><position>4180</position><in_Quantity.quantity>0.000000</in_Quantity.quantity><out_Quantity.quantity>120.392090</out_Quantity.quantity></Point><Point><position>4181</position><in_Quantity.quantity>0.000000</in_Quantity.quantity><out_Quantity.quantity>131.694318</out_Quantity.quantity></Point><Point><position>4182</position><in_Quantity.quantity>0.000000</in_Quantity.quantity><out_Quantity.quantity>831.676226</out_Quantity.quantity></Point><Point><position>4183</position><in_Quantity.quantity>0.000000</in_Quantity.quantity><out_Quantity.quantity>385.525865</out_Quantity.quantity></Point><Point><position>4184</position><in_Quantity.quantity>0.000000</in_Quantity.quantity><out_Quantity.quantity>85.623726</out_Quantity.quantity></Point><Point><position>4185</position><in_Quantity.quantity>0.000000</in_Quantity.quantity><out_Quantity.quantity>158.197976</out_Quantity.quantity></Point><Point><position>4186</position><in_Quantity.quantity>0.000000</in_Quantity.quantity><out_Quantity.quantity>866.240561</out_Quantity.quantity></Point><Point><position>4187</position><in_Quantity.quantity>0.000000</in_Quantity.quantity><out_Quantity.quantity>499.987014</out_Quantity.quantity></Point><Point><position>4188</position><in_Quantity.quantity>0.000000</in_Quantity.quantity><out_Quantity.quantity>269.312490</out_Quantity.quantity></Point><Point><position>4189</position><in_Quantity.quantity>0.000000</in_Quantity.quantity><out_Quantity.quantity>211.223244</out_Quantity.quantity></Point><Point><position>4190</position><in_Quantity.quantity>0.000000</in_Quantity.quantity><out_Quantity.quantity>154.529595</out_Quantity.quantity></Point><Point><position>4191</position><in_Quantity.quantity>0.000000</in_Quantity.quantity><out_Quantity.quantity>442.701493</out_Quantity.quantity></Point><Point><position>4192</position><in_Quantity.quantity>0.000000</in_Quantity.quantity><out_Quantity.quantity>977.249797</out_Quantity.quantity></Point><Point><position>4193</position><in_Quantity.quantity>0.000000</in_Quantity.quantity><out_Quantity.quantity>436.340381</out_Quantity.quantity></Point><Point><position>4194</position><in_Quantity.quantity>0.000000</in_Quantity.quantity><out_Quantity.quantity>205.766318</out_Quantity.quantity></Point><Point><position>4195</position><in_Quantity.quantity>0.000000</in_Quantity.quantity><out_Quantity.quantity>156.595766</out_Quantity.quantity></Point><Point><position>4196</position><in_Quantity.quantity>0.000000</in_Quantity.quantity><out_Quantity.quantity>836.624577</out_Quantity.quantity></Point><Point><position>4197</position><in_Quantity.quantity>0.000000</in_Quantity.quantity><out_Quantity.quantity>585.390638</out_Quantity.quantity></Point><Point><position>4198</position><in_Quantity.quantity>0.000000</in_Quantity.quantity><out_Quantity.quantity>27.951936</out_Quantity.quantity></Point><Point><position>4199</position><in_Quantity.quantity>0.000000</in_Quantity.quantity><out_Quantity.quantity>285.697424</out_Quantity.quantity></Point><Point><position>4200</position><in_Quantity.quantity>0.000000</in_Quantity.quantity><out_Quantity.quantity>504.045075</out_Quantity.quantity></Point><Point><position>4201</position><in_Quantity.quantity>0.000000</in_Quantity.quantity><out_Quantity.quantity>929.354008</out_Quantity.quantity></Point><Point><position>4202</position><in_Quantity.quantity>0.000000</in_Quantity.quantity><out_Quantity.quantity>10.953651</out_Quantity.quantity></Point><Point><position>4203</position><in_Quantity.quantity>0.000000</in_Quantity.quantity><out_Quantity.quantity>190.720644</out_Quantity.quantity></Point><Point><position>4204</position><in_Quantity.quantity>0.000000</in_Quantity.quantity><out_Quantity.quantity>973.191587</out_Quantity.quantity></Point><Point><position>4205</position><in_Quantity.quantity>0.000000</in_Quantity.quantity><out_Quantity.quantity>62.757173</out_Quantity.quantity></Point><Point><position>4206</position><in_Quantity.quantity>0.000000</in_Quantity.quantity><out_Quantity.quantity>209.425392</out_Quantity.quantity></Point><Point><position>4207</position><in_Quantity.quantity>0.000000</in_Quantity.quantity><out_Quantity.quantity>166.597769</out_Quantity.quantity></Point><Point><position>4208</position><in_Quantity.quantity>0.000000</in_Quantity.quantity><out_Quantity.quantity>352.525595</out_Quantity.quantity></Point><Point><position>4209</position><in_Quantity.quantity>0.000000</in_Quantity.quantity><out_Quantity.quantity>451.403266</out_Quantity.quantity></Point><Point><position>4210</position><in_Quantity.quantity>0.000000</in_Quantity.quantity><out_Quantity.quantity>506.193662</out_Quantity.quantity></Point><Point><position>4211</position><in_Quantity.quantity>0.000000</in_Quantity.quantity><out_Quantity.quantity>174.925876</out_Quantity.quantity></Point><Point><position>4212</position><in_Quantity.quantity>0.000000</in_Quantity.quantity><out_Quantity.quantity>823.927112</out_Quantity.quantity></Point><Point><position>4213</position><in_Quantity.quantity>0.000000</in_Quantity.quantity><out_Quantity.quantity>978.621969</out_Quantity.quantity></Point><Point><position>4214</position><in_Quantity.quantity>0.000000</in_Quantity.quantity><out_Quantity.quantity>413.872519</out_Quantity.quantity></Point><Point><position>4215</position><in_Quantity.quantity>0.000000</in_Quantity.quantity><out_Quantity.quantity>803.209806</out_Quantity.quantity></Point><Point><position>4216</position><in_Quantity.quantity>0.000000</in_Quantity.quantity><out_Quantity.quantity>661.024203</out_Quantity.quantity></Point><Point><position>4217</position><in_Quantity.quantity>0.000000</in_Quantity.quantity><out_Quantity.quantity>926.080451</out_Quantity.quantity></Point><Point><position>4218</position><in_Quantity.quantity>0.000000</in_Quantity.quantity><out_Quantity.quantity>522.989149</out_Quantity.quantity></Point><Point><position>4219</position><in_Quantity.quantity>0.000000</in_Quantity.quantity><out_Quantity.quantity>604.185453</out_Quantity.quantity></Point><Point><position>4220</position><in_Quantity.quantity>0.000000</in_Quantity.quantity><out_Quantity.quantity>692.661970</out_Quantity.quantity></Point><Point><position>4221</position><in_Quantity.quantity>0.000000</in_Quantity.quantity><out_Quantity.quantity>48.900965</out_Quantity.quantity></Point><Point><position>4222</position><in_Quantity.quantity>0.000000</in_Quantity.quantity><out_Quantity.quantity>278.151798</out_Quantity.quantity></Point><Point><position>4223</position><in_Quantity.quantity>0.000000</in_Quantity.quantity><out_Quantity.quantity>290.105710</out_Quantity.quantity></Point><Point><position>4224</position><in_Quantity.quantity>0.000000</in_Quantity.quantity><out_Quantity.quantity>572.920293</out_Quantity.quantity></Point><Point><position>4225</position><in_Quantity.quantity>0.000000</in_Quantity.quantity><out_Quantity.quantity>497.216572</out_Quantity.quantity></Point><Point><position>4226</position><in_Quantity.quantity>0.000000</in_Quantity.quantity><out_Quantity.quantity>957.316405</out_Quantity.quantity></Point><Point><position>4227</position><in_Quantity.quantity>0.000000</in_Quantity.quantity><out_Quantity.quantity>499.868238</out_Quantity.quantity></Point><Point><position>4228</position><in_Quantity.quantity>0.000000</in_Quantity.quantity><out_Quantity.quantity>866.403551</out_Quantity.quantity></Point><Point><position>4229</position><in_Quantity.quantity>0.000000</in_Quantity.quantity><out_Quantity.quantity>654.870724</out_Quantity.quantity></Point><Point><position>4230</position><in_Quantity.quantity>0.000000</in_Quantity.quantity><out_Quantity.quantity>331.987885</out_Quantity.quantity></Point><Point><position>4231</position><in_Quantity.quantity>0.000000</in_Quantity.quantity><out_Quantity.quantity>918.242148</out_Quantity.quantity></Point><Point><position>4232</position><in_Quantity.quantity>0.000000</in_Quantity.quantity><out_Quantity.quantity>720.592789</out_Quantity.quantity></Point><Point><position>4233</position><in_Quantity.quantity>0.000000</in_Quantity.quantity><out_Quantity.quantity>218.260748</out_Quantity.quantity></Point><Point><position>4234</position><in_Quantity.quantity>0.000000</in_Quantity.quantity><out_Quantity.quantity>854.354166</out_Quantity.quantity></Point><Point><position>4235</position><in_Quantity.quantity>0.000000</in_Quantity.quantity><out_Quantity.quantity>464.739981</out_Quantity.quantity></Point><Point><position>4236</position><in_Quantity.quantity>0.000000</in_Quantity.quantity><out_Quantity.quantity>973.952536</out_Quantity.quantity></Point><Point><position>4237</position><in_Quantity.quantity>0.000000</in_Quantity.quantity><out_Quantity.quantity>85.833098</out_Quantity.quantity></Point><Point><position>4238</position><in_Quantity.quantity>0.000000</in_Quantity.quantity><out_Quantity.quantity>367.938459</out_Quantity.quantity></Point><Point><position>4239</position><in_Quantity.quantity>0.000000</in_Quantity.quantity><out_Quantity.quantity>104.714569</out_Quantity.quantity></Point><Point><position>4240</position><in_Quantity.quantity>0.000000</in_Quantity.quantity><out_Quantity.quantity>406.038353</out_Quantity.quantity></Point><Point><position>4241</position><in_Quantity.quantity>0.000000</in_Quantity.quantity><out_Quantity.quantity>967.416667</out_Quantity.quantity></Point><Point><position>4242</position><in_Quantity.quantity>0.000000</in_Quantity.quantity><out_Quantity.quantity>564.903850</out_Quantity.quantity></Point><Point><position>4243</position><in_Quantity.quantity>0.000000</in_Quantity.quantity><out_Quantity.quantity>416.360008</out_Quantity.quantity></Point><Point><position>4244</position><in_Quantity.quantity>0.000000</in_Quantity.quantity><out_Quantity.quantity>870.599633</out_Quantity.quantity></Point><Point><position>4245</position><in_Quantity.quantity>0.000000</in_Quantity.quantity><out_Quantity.quantity>784.703877</out_Quantity.quantity></Point><Point><position>4246</position><in_Quantity.quantity>0.000000</in_Quantity.quantity><out_Quantity.quantity>529.256230</out_Quantity.quantity></Point><Point><position>4247</position><in_Quantity.quantity>0.000000</in_Quantity.quantity><out_Quantity.quantity>876.407631</out_Quantity.quantity></Point><Point><position>4248</position><in_Quantity.quantity>0.000000</in_Quantity.quantity><out_Quantity.quantity>893.063534</out_Quantity.quantity></Point><Point><position>4249</position><in_Quantity.quantity>0.000000</in_Quantity.quantity><out_Quantity.quantity>142.019742</out_Quantity.quantity></Point><Point><position>4250</position><in_Quantity.quantity>0.000000</in_Quantity.quantity><out_Quantity.quantity>540.145967</out_Quantity.quantity></Point><Point><position>4251</position><in_Quantity.quantity>0.000000</in_Quantity.quantity><out_Quantity.quantity>585.341482</out_Quantity.quantity></Point><Point><position>4252</position><in_Quantity.quantity>0.000000</in_Quantity.quantity><out_Quantity.quantity>709.796065</out_Quantity.quantity></Point><Point><position>4253</position><in_Quantity.quantity>0.000000</in_Quantity.quantity><out_Quantity.quantity>450.475327</out_Quantity.quantity></Point><Point><position>4254</position><in_Quantity.quantity>0.000000</in_Quantity.quantity><out_Quantity.quantity>960.300877</out_Quantity.quantity></Point><Point><position>4255</position><in_Quantity.quantity>0.000000</in_Quantity.quantity><out_Quantity.quantity>92.899660</out_Quantity.quantity></Point><Point><position>4256</position><in_Quantity.quantity>0.000000</in_Quantity.quantity><out_Quantity.quantity>746.985773</out_Quantity.quantity></Point><Point><position>4257</position><in_Quantity.quantity>0.000000</in_Quantity.quantity><out_Quantity.quantity>550.015455</out_Quantity.quantity></Point><Point><position>4258</position><in_Quantity.quantity>0.000000</in_Quantity.quantity><out_Quantity.quantity>785.690534</out_Quantity.quantity></Point><Point><position>4259</position><in_Quantity.quantity>0.000000</in_Quantity.quantity><out_Quantity.quantity>875.023992</out_Quantity.quantity></Point><Point><position>4260</position><in_Quantity.quantity>0.000000</in_Quantity.quantity><out_Quantity.quantity>430.925774</out_Quantity.quantity></Point><Point><position>4261</position><in_Quantity.quantity>0.000000</in_Quantity.quantity><out_Quantity.quantity>591.156569</out_Quantity.quantity></Point><Point><position>4262</position><in_Quantity.quantity>0.000000</in_Quantity.quantity><out_Quantity.quantity>509.534004</out_Quantity.quantity></Point><Point><position>4263</position><in_Quantity.quantity>0.000000</in_Quantity.quantity><out_Quantity.quantity>663.444963</out_Quantity.quantity></Point><Point><position>4264</position><in_Quantity.quantity>0.000000</in_Quantity.quantity><out_Quantity.quantity>733.122792</out_Quantity.quantity></Point><Point><position>4265</position><in_Quantity.quantity>0.000000</in_Quantity.quantity><out_Quantity.quantity>384.828943</out_Quantity.quantity></Point><Point><position>4266</position><in_Quantity.quantity>0.000000</in_Quantity.quantity><out_Quantity.quantity>791.105013</out_Quantity.quantity></Point><Point><position>4267</position><in_Quantity.quantity>0.000000</in_Quantity.quantity><out_Quantity.quantity>742.591027</out_Quantity.quantity></Point><Point><position>4268</position><in_Quantity.quantity>0.000000</in_Quantity.quantity><out_Quantity.quantity>681.798324</out_Quantity.quantity></Point><Point><position>4269</position><in_Quantity.quantity>0.000000</in_Quantity.quantity><out_Quantity.quantity>589.222640</out_Quantity.quantity></Point><Point><position>4270</position><in_Quantity.quantity>0.000000</in_Quantity.quantity><out_Quantity.quantity>486.378732</out_Quantity.quantity></Point><Point><position>4271</position><in_Quantity.quantity>0.000000</in_Quantity.quantity><out_Quantity.quantity>475.766105</out_Quantity.quantity></Point><Point><position>4272</position><in_Quantity.quantity>0.000000</in_Quantity.quantity><out_Quantity.quantity>185.235181</out_Quantity.quantity></Point><Point><position>4273</position><in_Quantity.quantity>0.000000</in_Quantity.quantity><out_Quantity.quantity>63.415930</out_Quantity.quantity></Point><Point><position>4274</position><in_Quantity.quantity>0.000000</in_Quantity.quantity><out_Quantity.quantity>914.816631</out_Quantity.quantity></Point><Point><position>4275</position><in_Quantity.quantity>0.000000</in_Quantity.quantity><out_Quantity.quantity>4.097850</out_Quantity.quantity></Point><Point><position>4276</position><in_Quantity.quantity>0.000000</in_Quantity.quantity><out_Quantity.quantity>277.557567</out_Quantity.quantity></Point><Point><position>4277</position><in_Quantity.quantity>0.000000</in_Quantity.quantity><out_Quantity.quantity>330.067121</out_Quantity.quantity></Point><Point><position>4278</position><in_Quantity.quantity>0.000000</in_Quantity.quantity><out_Quantity.quantity>624.492855</out_Quantity.quantity></Point><Point><position>4279</position><in_Quantity.quantity>0.000000</in_Quantity.quantity><out_Quantity.quantity>249.494790</out_Quantity.quantity></Point><Point><position>4280</position><in_Quantity.quantity>0.000000</in_Quantity.quantity><out_Quantity.quantity>976.019862</out_Quantity.quantity></Point><Point><position>4281</position><in_Quantity.quantity>0.000000</in_Quantity.quantity><out_Quantity.quantity>64.613848</out_Quantity.quantity></Point><Point><position>4282</position><in_Quantity.quantity>0.000000</in_Quantity.quantity><out_Quantity.quantity>282.144675</out_Quantity.quantity></Point><Point><position>4283</position><in_Quantity.quantity>0.000000</in_Quantity.quantity><out_Quantity.quantity>712.711897</out_Quantity.quantity></Point><Point><position>4284</position><in_Quantity.quantity>0.000000</in_Quantity.quantity><out_Quantity.quantity>333.898588</out_Quantity.quantity></Point><Point><position>4285</position><in_Quantity.quantity>0.000000</in_Quantity.quantity><out_Quantity.quantity>701.891385</out_Quantity.quantity></Point><Point><position>4286</position><in_Quantity.quantity>0.000000</in_Quantity.quantity><out_Quantity.quantity>641.031373</out_Quantity.quantity></Point><Point><position>4287</position><in_Quantity.quantity>0.000000</in_Quantity.quantity><out_Quantity.quantity>223.964589</out_Quantity.quantity></Point><Point><position>4288</position><in_Quantity.quantity>0.000000</in_Quantity.quantity><out_Quantity.quantity>639.685254</out_Quantity.quantity></Point><Point><position>4289</position><in_Quantity.quantity>0.000000</in_Quantity.quantity><out_Quantity.quantity>412.744231</out_Quantity.quantity></Point><Point><position>4290</position><in_Quantity.quantity>0.000000</in_Quantity.quantity><out_Quantity.quantity>226.389072</out_Quantity.quantity></Point><Point><position>4291</position><in_Quantity.quantity>0.000000</in_Quantity.quantity><out_Quantity.quantity>283.391408</out_Quantity.quantity></Point><Point><position>4292</position><in_Quantity.quantity>0.000000</in_Quantity.quantity><out_Quantity.quantity>217.310314</out_Quantity.quantity></Point><Point><position>4293</position><in_Quantity.quantity>0.000000</in_Quantity.quantity><out_Quantity.quantity>420.756874</out_Quantity.quantity></Point><Point><position>4294</position><in_Quantity.quantity>0.000000</in_Quantity.quantity><out_Quantity.quantity>504.830707</out_Quantity.quantity></Point><Point><position>4295</position><in_Quantity.quantity>0.000000</in_Quantity.quantity><out_Quantity.quantity>549.779965</out_Quantity.quantity></Point><Point><position>4296</position><in_Quantity.quantity>0.000000</in_Quantity.quantity><out_Quantity.quantity>332.883385</out_Quantity.quantity></Point><Point><position>4297</position><in_Quantity.quantity>0.000000</in_Quantity.quantity><out_Quantity.quantity>994.797892</out_Quantity.quantity></Point><Point><position>4298</position><in_Quantity.quantity>0.000000</in_Quantity.quantity><out_Quantity.quantity>777.767608</out_Quantity.quantity></Point><Point><position>4299</position><in_Quantity.quantity>0.000000</in_Quantity.quantity><out_Quantity.quantity>171.433682</out_Quantity.quantity></Point><Point><position>4300</position><in_Quantity.quantity>0.000000</in_Quantity.quantity><out_Quantity.quantity>606.629000</out_Quantity.quantity></Point><Point><position>4301</position><in_Quantity.quantity>0.000000</in_Quantity.quantity><out_Quantity.quantity>439.097654</out_Quantity.quantity></Point><Point><position>4302</position><in_Quantity.quantity>0.000000</in_Quantity.quantity><out_Quantity.quantity>479.564163</out_Quantity.quantity></Point><Point><position>4303</position><in_Quantity.quantity>0.000000</in_Quantity.quantity><out_Quantity.quantity>670.935734</out_Quantity.quantity></Point><Point><position>4304</position><in_Quantity.quantity>0.000000</in_Quantity.quantity><out_Quantity.quantity>341.921506</out_Quantity.quantity></Point><Point><position>4305</position><in_Quantity.quantity>0.000000</in_Quantity.quantity><out_Quantity.quantity>198.278573</out_Quantity.quantity></Point><Point><position>4306</position><in_Quantity.quantity>0.000000</in_Quantity.quantity><out_Quantity.quantity>101.371825</out_Quantity.quantity></Point><Point><position>4307</position><in_Quantity.quantity>0.000000</in_Quantity.quantity><out_Quantity.quantity>131.230040</out_Quantity.quantity></Point><Point><position>4308</position><in_Quantity.quantity>0.000000</in_Quantity.quantity><out_Quantity.quantity>502.681690</out_Quantity.quantity></Point><Point><position>4309</position><in_Quantity.quantity>0.000000</in_Quantity.quantity><out_Quantity.quantity>451.494477</out_Quantity.quantity></Point><Point><position>4310</position><in_Quantity.quantity>0.000000</in_Quantity.quantity><out_Quantity.quantity>786.844031</out_Quantity.quantity></Point><Point><position>4311</position><in_Quantity.quantity>0.000000</in_Quantity.quantity><out_Quantity.quantity>925.384289</out_Quantity.quantity></Point><Point><position>4312</position><in_Quantity.quantity>0.000000</in_Quantity.quantity><out_Quantity.quantity>98.743394</out_Quantity.quantity></Point><Point><position>4313</position><in_Quantity.quantity>0.000000</in_Quantity.quantity><out_Quantity.quantity>884.465744</out_Quantity.quantity></Point><Point><position>4314</position><in_Quantity.quantity>0.000000</in_Quantity.quantity><out_Quantity.quantity>342.452686</out_Quantity.quantity></Point><Point><position>4315</position><in_Quantity.quantity>0.000000</in_Quantity.quantity><out_Quantity.quantity>313.934513</out_Quantity.quantity></Point><Point><position>4316</position><in_Quantity.quantity>0.000000</in_Quantity.quantity><out_Quantity.quantity>83.222892</out_Quantity.quantity></Point><Point><position>4317</position><in_Quantity.quantity>0.000000</in_Quantity.quantity><out_Quantity.quantity>322.599393</out_Quantity.quantity></Point><Point><position>4318</position><in_Quantity.quantity>0.000000</in_Quantity.quantity><out_Quantity.quantity>291.274682</out_Quantity.quantity></Point><Point><position>4319</position><in_Quantity.quantity>0.000000</in_Quantity.quantity><out_Quantity.quantity>280.323171</out_Quantity.quantity></Point><Point><position>4320</position><in_Quantity.quantity>0.000000</in_Quantity.quantity><out_Quantity.quantity>12.552020</out_Quantity.quantity></Point><Point><position>4321</position><in_Quantity.quantity>0.000000</in_Quantity.quantity><out_Quantity.quantity>926.746449</out_Quantity.quantity></Point><Point><position>4322</position><in_Quantity.quantity>0.000000</in_Quantity.quantity><out_Quantity.quantity>287.023321</out_Quantity.quantity></Point><Point><position>4323</position><in_Quantity.quantity>0.000000</in_Quantity.quantity><out_Quantity.quantity>636.114554</out_Quantity.quantity></Point><Point><position>4324</position><in_Quantity.quantity>0.000000</in_Quantity.quantity><out_Quantity.quantity>738.911006</out_Quantity.quantity></Point><Point><position>4325</position><in_Quantity.quantity>0.000000</in_Quantity.quantity><out_Quantity.quantity>752.342063</out_Quantity.quantity></Point><Point><position>4326</position><in_Quantity.quantity>0.000000</in_Quantity.quantity><out_Quantity.quantity>778.918696</out_Quantity.quantity></Point><Point><position>4327</position><in_Quantity.quantity>0.000000</in_Quantity.quantity><out_Quantity.quantity>10.752029</out_Quantity.quantity></Point><Point><position>4328</position><in_Quantity.quantity>0.000000</in_Quantity.quantity><out_Quantity.quantity>975.710994</out_Quantity.quantity></Point><Point><position>4329</position><in_Quantity.quantity>0.000000</in_Quantity.quantity><out_Quantity.quantity>489.611168</out_Quantity.quantity></Point><Point><position>4330</position><in_Quantity.quantity>0.000000</in_Quantity.quantity><out_Quantity.quantity>24.395128</out_Quantity.quantity></Point><Point><position>4331</position><in_Quantity.quantity>0.000000</in_Quantity.quantity><out_Quantity.quantity>310.809355</out_Quantity.quantity></Point><Point><position>4332</position><in_Quantity.quantity>0.000000</in_Quantity.quantity><out_Quantity.quantity>470.283220</out_Quantity.quantity></Point><Point><position>4333</position><in_Quantity.quantity>0.000000</in_Quantity.quantity><out_Quantity.quantity>134.220677</out_Quantity.quantity></Point><Point><position>4334</position><in_Quantity.quantity>0.000000</in_Quantity.quantity><out_Quantity.quantity>460.146176</out_Quantity.quantity></Point><Point><position>4335</position><in_Quantity.quantity>0.000000</in_Quantity.quantity><out_Quantity.quantity>195.512387</out_Quantity.quantity></Point><Point><position>4336</position><in_Quantity.quantity>0.000000</in_Quantity.quantity><out_Quantity.quantity>278.921471</out_Quantity.quantity></Point><Point><position>4337</position><in_Quantity.quantity>0.000000</in_Quantity.quantity><out_Quantity.quantity>15.186507</out_Quantity.quantity></Point><Point><position>4338</position><in_Quantity.quantity>0.000000</in_Quantity.quantity><out_Quantity.quantity>237.319295</out_Quantity.quantity></Point><Point><position>4339</position><in_Quantity.quantity>0.000000</in_Quantity.quantity><out_Quantity.quantity>251.151131</out_Quantity.quantity></Point><Point><position>4340</position><in_Quantity.quantity>0.000000</in_Quantity.quantity><out_Quantity.quantity>130.068114</out_Quantity.quantity></Point><Point><position>4341</position><in_Quantity.quantity>0.000000</in_Quantity.quantity><out_Quantity.quantity>698.451297</out_Quantity.quantity></Point><Point><position>4342</position><in_Quantity.quantity>0.000000</in_Quantity.quantity><out_Quantity.quantity>920.494372</out_Quantity.quantity></Point><Point><position>4343</position><in_Quantity.quantity>0.000000</in_Quantity.quantity><out_Quantity.quantity>48.007222</out_Quantity.quantity></Point><Point><position>4344</position><in_Quantity.quantity>0.000000</in_Quantity.quantity><out_Quantity.quantity>142.725480</out_Quantity.quantity></Point><Point><position>4345</position><in_Quantity.quantity>0.000000</in_Quantity.quantity><out_Quantity.quantity>740.560118</out_Quantity.quantity></Point><Point><position>4346</position><in_Quantity.quantity>0.000000</in_Quantity.quantity><out_Quantity.quantity>799.509285</out_Quantity.quantity></Point><Point><position>4347</position><in_Quantity.quantity>0.000000</in_Quantity.quantity><out_Quantity.quantity>956.039653</out_Quantity.quantity></Point><Point><position>4348</position><in_Quantity.quantity>0.000000</in_Quantity.quantity><out_Quantity.quantity>669.154691</out_Quantity.quantity></Point><Point><position>4349</position><in_Quantity.quantity>0.000000</in_Quantity.quantity><out_Quantity.quantity>138.327675</out_Quantity.quantity></Point><Point><position>4350</position><in_Quantity.quantity>0.000000</in_Quantity.quantity><out_Quantity.quantity>135.407858</out_Quantity.quantity></Point><Point><position>4351</position><in_Quantity.quantity>0.000000</in_Quantity.quantity><out_Quantity.quantity>935.674585</out_Quantity.quantity></Point><Point><position>4352</position><in_Quantity.quantity>0.000000</in_Quantity.quantity><out_Quantity.quantity>145.491843</out_Quantity.quantity></Point><Point><position>4353</position><in_Quantity.quantity>0.000000</in_Quantity.quantity><out_Quantity.quantity>233.858265</out_Quantity.quantity></Point><Point><position>4354</position><in_Quantity.quantity>0.000000</in_Quantity.quantity><out_Quantity.quantity>578.724912</out_Quantity.quantity></Point><Point><position>4355</position><in_Quantity.quantity>0.000000</in_Quantity.quantity><out_Quantity.quantity>144.819343</out_Quantity.quantity></Point><Point><position>4356</position><in_Quantity.quantity>0.000000</in_Quantity.quantity><out_Quantity.quantity>50.045633</out_Quantity.quantity></Point><Point><position>4357</position><in_Quantity.quantity>0.000000</in_Quantity.quantity><out_Quantity.quantity>904.458562</out_Quantity.quantity></Point><Point><position>4358</position><in_Quantity.quantity>0.000000</in_Quantity.quantity><out_Quantity.quantity>664.054545</out_Quantity.quantity></Point><Point><position>4359</position><in_Quantity.quantity>0.000000</in_Quantity.quantity><out_Quantity.quantity>635.274096</out_Quantity.quantity></Point><Point><position>4360</position><in_Quantity.quantity>0.000000</in_Quantity.quantity><out_Quantity.quantity>426.370591</out_Quantity.quantity></Point><Point><position>4361</position><in_Quantity.quantity>0.000000</in_Quantity.quantity><out_Quantity.quantity>713.678690</out_Quantity.quantity></Point><Point><position>4362</position><in_Quantity.quantity>0.000000</in_Quantity.quantity><out_Quantity.quantity>5.444507</out_Quantity.quantity></Point><Point><position>4363</position><in_Quantity.quantity>0.000000</in_Quantity.quantity><out_Quantity.quantity>177.757439</out_Quantity.quantity></Point><Point><position>4364</position><in_Quantity.quantity>0.000000</in_Quantity.quantity><out_Quantity.quantity>765.609314</out_Quantity.quantity></Point><Point><position>4365</position><in_Quantity.quantity>0.000000</in_Quantity.quantity><out_Quantity.quantity>232.827430</out_Quantity.quantity></Point><Point><position>4366</position><in_Quantity.quantity>0.000000</in_Quantity.quantity><out_Quantity.quantity>673.627707</out_Quantity.quantity></Point><Point><position>4367</position><in_Quantity.quantity>0.000000</in_Quantity.quantity><out_Quantity.quantity>899.410031</out_Quantity.quantity></Point><Point><position>4368</position><in_Quantity.quantity>0.000000</in_Quantity.quantity><out_Quantity.quantity>906.913825</out_Quantity.quantity></Point><Point><position>4369</position><in_Quantity.quantity>0.000000</in_Quantity.quantity><out_Quantity.quantity>524.549966</out_Quantity.quantity></Point><Point><position>4370</position><in_Quantity.quantity>0.000000</in_Quantity.quantity><out_Quantity.quantity>278.241940</out_Quantity.quantity></Point><Point><position>4371</position><in_Quantity.quantity>0.000000</in_Quantity.quantity><out_Quantity.quantity>872.669216</out_Quantity.quantity></Point><Point><position>4372</position><in_Quantity.quantity>0.000000</in_Quantity.quantity><out_Quantity.quantity>974.877844</out_Quantity.quantity></Point><Point><position>4373</position><in_Quantity.quantity>0.000000</in_Quantity.quantity><out_Quantity.quantity>655.738059</out_Quantity.quantity></Point><Point><position>4374</position><in_Quantity.quantity>0.000000</in_Quantity.quantity><out_Quantity.quantity>193.761963</out_Quantity.quantity></Point><Point><position>4375</position><in_Quantity.quantity>0.000000</in_Quantity.quantity><out_Quantity.quantity>634.751300</out_Quantity.quantity></Point><Point><position>4376</position><in_Quantity.quantity>0.000000</in_Quantity.quantity><out_Quantity.quantity>97.458493</out_Quantity.quantity></Point><Point><position>4377</position><in_Quantity.quantity>0.000000</in_Quantity.quantity><out_Quantity.quantity>108.600398</out_Quantity.quantity></Point><Point><position>4378</position><in_Quantity.quantity>0.000000</in_Quantity.quantity><out_Quantity.quantity>529.962290</out_Quantity.quantity></Point><Point><position>4379</position><in_Quantity.quantity>0.000000</in_Quantity.quantity><out_Quantity.quantity>241.673880</out_Quantity.quantity></Point><Point><position>4380</position><in_Quantity.quantity>0.000000</in_Quantity.quantity><out_Quantity.quantity>233.665691</out_Quantity.quantity></Point><Point><position>4381</position><in_Quantity.quantity>0.000000</in_Quantity.quantity><out_Quantity.quantity>981.326355</out_Quantity.quantity></Point><Point><position>4382</position><in_Quantity.quantity>0.000000</in_Quantity.quantity><out_Quantity.quantity>406.383040</out_Quantity.quantity></Point><Point><position>4383</position><in_Quantity.quantity>0.000000</in_Quantity.quantity><out_Quantity.quantity>949.144410</out_Quantity.quantity></Point><Point><position>4384</position><in_Quantity.quantity>0.000000</in_Quantity.quantity><out_Quantity.quantity>168.073615</out_Quantity.quantity></Point><Point><position>4385</position><in_Quantity.quantity>0.000000</in_Quantity.quantity><out_Quantity.quantity>501.459781</out_Quantity.quantity></Point><Point><position>4386</position><in_Quantity.quantity>0.000000</in_Quantity.quantity><out_Quantity.quantity>235.097086</out_Quantity.quantity></Point><Point><position>4387</position><in_Quantity.quantity>0.000000</in_Quantity.quantity><out_Quantity.quantity>877.508459</out_Quantity.quantity></Point><Point><position>4388</position><in_Quantity.quantity>0.000000</in_Quantity.quantity><out_Quantity.quantity>634.400132</out_Quantity.quantity></Point><Point><position>4389</position><in_Quantity.quantity>0.000000</in_Quantity.quantity><out_Quantity.quantity>451.744672</out_Quantity.quantity></Point><Point><position>4390</position><in_Quantity.quantity>0.000000</in_Quantity.quantity><out_Quantity.quantity>761.849697</out_Quantity.quantity></Point><Point><position>4391</position><in_Quantity.quantity>0.000000</in_Quantity.quantity><out_Quantity.quantity>182.956737</out_Quantity.quantity></Point><Point><position>4392</position><in_Quantity.quantity>0.000000</in_Quantity.quantity><out_Quantity.quantity>661.608615</out_Quantity.quantity></Point><Point><position>4393</position><in_Quantity.quantity>0.000000</in_Quantity.quantity><out_Quantity.quantity>271.071995</out_Quantity.quantity></Point><Point><position>4394</position><in_Quantity.quantity>0.000000</in_Quantity.quantity><out_Quantity.quantity>280.320951</out_Quantity.quantity></Point><Point><position>4395</position><in_Quantity.quantity>0.000000</in_Quantity.quantity><out_Quantity.quantity>662.963397</out_Quantity.quantity></Point><Point><position>4396</position><in_Quantity.quantity>0.000000</in_Quantity.quantity><out_Quantity.quantity>587.443971</out_Quantity.quantity></Point><Point><position>4397</position><in_Quantity.quantity>0.000000</in_Quantity.quantity><out_Quantity.quantity>347.472848</out_Quantity.quantity></Point><Point><position>4398</position><in_Quantity.quantity>0.000000</in_Quantity.quantity><out_Quantity.quantity>545.260271</out_Quantity.quantity></Point><Point><position>4399</position><in_Quantity.quantity>0.000000</in_Quantity.quantity><out_Quantity.quantity>793.137166</out_Quantity.quantity></Point><Point><position>4400</position><in_Quantity.quantity>0.000000</in_Quantity.quantity><out_Quantity.quantity>676.008221</out_Quantity.quantity></Point><Point><position>4401</position><in_Quantity.quantity>0.000000</in_Quantity.quantity><out_Quantity.quantity>29.075454</out_Quantity.quantity></Point><Point><position>4402</position><in_Quantity.quantity>0.000000</in_Quantity.quantity><out_Quantity.quantity>233.535214</out_Quantity.quantity></Point><Point><position>4403</position><in_Quantity.quantity>0.000000</in_Quantity.quantity><out_Quantity.quantity>929.119996</out_Quantity.quantity></Point><Point><position>4404</position><in_Quantity.quantity>0.000000</in_Quantity.quantity><out_Quantity.quantity>669.906532</out_Quantity.quantity></Point><Point><position>4405</position><in_Quantity.quantity>0.000000</in_Quantity.quantity><out_Quantity.quantity>302.008596</out_Quantity.quantity></Point><Point><position>4406</position><in_Quantity.quantity>0.000000</in_Quantity.quantity><out_Quantity.quantity>176.509642</out_Quantity.quantity></Point><Point><position>4407</position><in_Quantity.quantity>0.000000</in_Quantity.quantity><out_Quantity.quantity>895.512691</out_Quantity.quantity></Point><Point><position>4408</position><in_Quantity.quantity>0.000000</in_Quantity.quantity><out_Quantity.quantity>832.438613</out_Quantity.quantity></Point><Point><position>4409</position><in_Quantity.quantity>0.000000</in_Quantity.quantity><out_Quantity.quantity>535.428433</out_Quantity.quantity></Point><Point><position>4410</position><in_Quantity.quantity>0.000000</in_Quantity.quantity><out_Quantity.quantity>240.230969</out_Quantity.quantity></Point><Point><position>4411</position><in_Quantity.quantity>0.000000</in_Quantity.quantity><out_Quantity.quantity>613.065753</out_Quantity.quantity></Point><Point><position>4412</position><in_Quantity.quantity>0.000000</in_Quantity.quantity><out_Quantity.quantity>656.041293</out_Quantity.quantity></Point><Point><position>4413</position><in_Quantity.quantity>0.000000</in_Quantity.quantity><out_Quantity.quantity>195.981875</out_Quantity.quantity></Point><Point><position>4414</position><in_Quantity.quantity>0.000000</in_Quantity.quantity><out_Quantity.quantity>776.888730</out_Quantity.quantity></Point><Point><position>4415</position><in_Quantity.quantity>0.000000</in_Quantity.quantity><out_Quantity.quantity>764.854894</out_Quantity.quantity></Point><Point><position>4416</position><in_Quantity.quantity>0.000000</in_Quantity.quantity><out_Quantity.quantity>189.512517</out_Quantity.quantity></Point><Point><position>4417</position><in_Quantity.quantity>0.000000</in_Quantity.quantity><out_Quantity.quantity>75.034503</out_Quantity.quantity></Point><Point><position>4418</position><in_Quantity.quantity>0.000000</in_Quantity.quantity><out_Quantity.quantity>979.265852</out_Quantity.quantity></Point><Point><position>4419</position><in_Quantity.quantity>0.000000</in_Quantity.quantity><out_Quantity.quantity>266.606711</out_Quantity.quantity></Point><Point><position>4420</position><in_Quantity.quantity>0.000000</in_Quantity.quantity><out_Quantity.quantity>926.734626</out_Quantity.quantity></Point><Point><position>4421</position><in_Quantity.quantity>0.000000</in_Quantity.quantity><out_Quantity.quantity>867.378990</out_Quantity.quantity></Point><Point><position>4422</position><in_Quantity.quantity>0.000000</in_Quantity.quantity><out_Quantity.quantity>974.418757</out_Quantity.quantity></Point><Point><position>4423</position><in_Quantity.quantity>0.000000</in_Quantity.quantity><out_Quantity.quantity>677.279714</out_Quantity.quantity></Point><Point><position>4424</position><in_Quantity.quantity>0.000000</in_Quantity.quantity><out_Quantity.quantity>737.659070</out_Quantity.quantity></Point><Point><position>4425</position><in_Quantity.quantity>0.000000</in_Quantity.quantity><out_Quantity.quantity>203.772536</out_Quantity.quantity></Point><Point><position>4426</position><in_Quantity.quantity>0.000000</in_Quantity.quantity><out_Quantity.quantity>405.694612</out_Quantity.quantity></Point><Point><position>4427</position><in_Quantity.quantity>0.000000</in_Quantity.quantity><out_Quantity.quantity>185.290230</out_Quantity.quantity></Point><Point><position>4428</position><in_Quantity.quantity>0.000000</in_Quantity.quantity><out_Quantity.quantity>467.239949</out_Quantity.quantity></Point><Point><position>4429</position><in_Quantity.quantity>0.000000</in_Quantity.quantity><out_Quantity.quantity>579.701952</out_Quantity.quantity></Point><Point><position>4430</position><in_Quantity.quantity>0.000000</in_Quantity.quantity><out_Quantity.quantity>674.338743</out_Quantity.quantity></Point><Point><position>4431</position><in_Quantity.quantity>0.000000</in_Quantity.quantity><out_Quantity.quantity>458.139466</out_Quantity.quantity></Point><Point><position>4432</position><in_Quantity.quantity>0.000000</in_Quantity.quantity><out_Quantity.quantity>681.858863</out_Quantity.quantity></Point><Point><position>4433</position><in_Quantity.quantity>0.000000</in_Quantity.quantity><out_Quantity.quantity>764.568473</out_Quantity.quantity></Point><Point><position>4434</position><in_Quantity.quantity>0.000000</in_Quantity.quantity><out_Quantity.quantity>211.800473</out_Quantity.quantity></Point><Point><position>4435</position><in_Quantity.quantity>0.000000</in_Quantity.quantity><out_Quantity.quantity>360.185077</out_Quantity.quantity></Point><Point><position>4436</position><in_Quantity.quantity>0.000000</in_Quantity.quantity><out_Quantity.quantity>882.099309</out_Quantity.quantity></Point><Point><position>4437</position><in_Quantity.quantity>0.000000</in_Quantity.quantity><out_Quantity.quantity>268.969328</out_Quantity.quantity></Point><Point><position>4438</position><in_Quantity.quantity>0.000000</in_Quantity.quantity><out_Quantity.quantity>813.844592</out_Quantity.quantity></Point><Point><position>4439</position><in_Quantity.quantity>0.000000</in_Quantity.quantity><out_Quantity.quantity>31.667249</out_Quantity.quantity></Point><Point><position>4440</position><in_Quantity.quantity>0.000000</in_Quantity.quantity><out_Quantity.quantity>689.413967</out_Quantity.quantity></Point><Point><position>4441</position><in_Quantity.quantity>0.000000</in_Quantity.quantity><out_Quantity.quantity>175.911732</out_Quantity.quantity></Point><Point><position>4442</position><in_Quantity.quantity>0.000000</in_Quantity.quantity><out_Quantity.quantity>677.919960</out_Quantity.quantity></Point><Point><position>4443</position><in_Quantity.quantity>0.000000</in_Quantity.quantity><out_Quantity.quantity>759.399236</out_Quantity.quantity></Point><Point><position>4444</position><in_Quantity.quantity>0.000000</in_Quantity.quantity><out_Quantity.quantity>98.983620</out_Quantity.quantity></Point><Point><position>4445</position><in_Quantity.quantity>0.000000</in_Quantity.quantity><out_Quantity.quantity>585.564474</out_Quantity.quantity></Point><Point><position>4446</position><in_Quantity.quantity>0.000000</in_Quantity.quantity><out_Quantity.quantity>196.826338</out_Quantity.quantity></Point><Point><position>4447</position><in_Quantity.quantity>0.000000</in_Quantity.quantity><out_Quantity.quantity>41.385103</out_Quantity.quantity></Point><Point><position>4448</position><in_Quantity.quantity>0.000000</in_Quantity.quantity><out_Quantity.quantity>82.637448</out_Quantity.quantity></Point><Point><position>4449</position><in_Quantity.quantity>0.000000</in_Quantity.quantity><out_Quantity.quantity>327.406706</out_Quantity.quantity></Point><Point><position>4450</position><in_Quantity.quantity>0.000000</in_Quantity.quantity><out_Quantity.quantity>521.632993</out_Quantity.quantity></Point><Point><position>4451</position><in_Quantity.quantity>0.000000</in_Quantity.quantity><out_Quantity.quantity>409.611093</out_Quantity.quantity></Point><Point><position>4452</position><in_Quantity.quantity>0.000000</in_Quantity.quantity><out_Quantity.quantity>740.171488</out_Quantity.quantity></Point><Point><position>4453</position><in_Quantity.quantity>0.000000</in_Quantity.quantity><out_Quantity.quantity>18.126252</out_Quantity.quantity></Point><Point><position>4454</position><in_Quantity.quantity>0.000000</in_Quantity.quantity><out_Quantity.quantity>96.113375</out_Quantity.quantity></Point><Point><position>4455</position><in_Quantity.quantity>0.000000</in_Quantity.quantity><out_Quantity.quantity>452.396458</out_Quantity.quantity></Point><Point><position>4456</position><in_Quantity.quantity>0.000000</in_Quantity.quantity><out_Quantity.quantity>366.828048</out_Quantity.quantity></Point><Point><position>4457</position><in_Quantity.quantity>0.000000</in_Quantity.quantity><out_Quantity.quantity>684.187457</out_Quantity.quantity></Point><Point><position>4458</position><in_Quantity.quantity>0.000000</in_Quantity.quantity><out_Quantity.quantity>158.270381</out_Quantity.quantity></Point><Point><position>4459</position><in_Quantity.quantity>0.000000</in_Quantity.quantity><out_Quantity.quantity>421.128779</out_Quantity.quantity></Point><Point><position>4460</position><in_Quantity.quantity>0.000000</in_Quantity.quantity><out_Quantity.quantity>682.307601</out_Quantity.quantity></Point><Point><position>4461</position><in_Quantity.quantity>0.000000</in_Quantity.quantity><out_Quantity.quantity>877.498205</out_Quantity.quantity></Point><Point><position>4462</position><in_Quantity.quantity>0.000000</in_Quantity.quantity><out_Quantity.quantity>624.056094</out_Quantity.quantity></Point><Point><position>4463</position><in_Quantity.quantity>0.000000</in_Quantity.quantity><out_Quantity.quantity>473.280645</out_Quantity.quantity></Point><Point><position>4464</position><in_Quantity.quantity>0.000000</in_Quantity.quantity><out_Quantity.quantity>639.338364</out_Quantity.quantity></Point><Point><position>4465</position><in_Quantity.quantity>0.000000</in_Quantity.quantity><out_Quantity.quantity>548.110531</out_Quantity.quantity></Point><Point><position>4466</position><in_Quantity.quantity>0.000000</in_Quantity.quantity><out_Quantity.quantity>303.768197</out_Quantity.quantity></Point><Point><position>4467</position><in_Quantity.quantity>0.000000</in_Quantity.quantity><out_Quantity.quantity>457.992484</out_Quantity.quantity></Point><Point><position>4468</position><in_Quantity.quantity>0.000000</in_Quantity.quantity><out_Quantity.quantity>818.719630</out_Quantity.quantity></Point><Point><position>4469</position><in_Quantity.quantity>0.000000</in_Quantity.quantity><out_Quantity.quantity>713.235221</out_Quantity.quantity></Point><Point><position>4470</position><in_Quantity.quantity>0.000000</in_Quantity.quantity><out_Quantity.quantity>334.345847</out_Quantity.quantity></Point><Point><position>4471</position><in_Quantity.quantity>0.000000</in_Quantity.quantity><out_Quantity.quantity>52.463497</out_Quantity.quantity></Point><Point><position>4472</position><in_Quantity.quantity>0.000000</in_Quantity.quantity><out_Quantity.quantity>398.949023</out_Quantity.quantity></Point><Point><position>4473</position><in_Quantity.quantity>0.000000</in_Quantity.quantity><out_Quantity.quantity>75.580025</out_Quantity.quantity></Point><Point><position>4474</position><in_Quantity.quantity>0.000000</in_Quantity.quantity><out_Quantity.quantity>103.412085</out_Quantity.quantity></Point><Point><position>4475</position><in_Quantity.quantity>0.000000</in_Quantity.quantity><out_Quantity.quantity>261.491140</out_Quantity.quantity></Point><Point><position>4476</position><in_Quantity.quantity>0.000000</in_Quantity.quantity><out_Quantity.quantity>938.834840</out_Quantity.quantity></Point><Point><position>4477</position><in_Quantity.quantity>0.000000</in_Quantity.quantity><out_Quantity.quantity>399.166970</out_Quantity.quantity></Point><Point><position>4478</position><in_Quantity.quantity>0.000000</in_Quantity.quantity><out_Quantity.quantity>59.460096</out_Quantity.quantity></Point><Point><position>4479</position><in_Quantity.quantity>0.000000</in_Quantity.quantity><out_Quantity.quantity>288.233808</out_Quantity.quantity></Point><Point><position>4480</position><in_Quantity.quantity>0.000000</in_Quantity.quantity><out_Quantity.quantity>13.282779</out_Quantity.quantity></Point><Point><position>4481</position><in_Quantity.quantity>0.000000</in_Quantity.quantity><out_Quantity.quantity>1.885054</out_Quantity.quantity></Point><Point><position>4482</position><in_Quantity.quantity>0.000000</in_Quantity.quantity><out_Quantity.quantity>206.418741</out_Quantity.quantity></Point><Point><position>4483</position><in_Quantity.quantity>0.000000</in_Quantity.quantity><out_Quantity.quantity>460.698812</out_Quantity.quantity></Point><Point><position>4484</position><in_Quantity.quantity>0.000000</in_Quantity.quantity><out_Quantity.quantity>858.777001</out_Quantity.quantity></Point><Point><position>4485</position><in_Quantity.quantity>0.000000</in_Quantity.quantity><out_Quantity.quantity>197.917629</out_Quantity.quantity></Point><Point><position>4486</position><in_Quantity.quantity>0.000000</in_Quantity.quantity><out_Quantity.quantity>721.438201</out_Quantity.quantity></Point><Point><position>4487</position><in_Quantity.quantity>0.000000</in_Quantity.quantity><out_Quantity.quantity>361.121991</out_Quantity.quantity></Point><Point><position>4488</position><in_Quantity.quantity>0.000000</in_Quantity.quantity><out_Quantity.quantity>350.196665</out_Quantity.quantity></Point><Point><position>4489</position><in_Quantity.quantity>0.000000</in_Quantity.quantity><out_Quantity.quantity>683.235313</out_Quantity.quantity></Point><Point><position>4490</position><in_Quantity.quantity>0.000000</in_Quantity.quantity><out_Quantity.quantity>525.840108</out_Quantity.quantity></Point><Point><position>4491</position><in_Quantity.quantity>0.000000</in_Quantity.quantity><out_Quantity.quantity>221.061051</out_Quantity.quantity></Point><Point><position>4492</position><in_Quantity.quantity>0.000000</in_Quantity.quantity><out_Quantity.quantity>434.312970</out_Quantity.quantity></Point><Point><position>4493</position><in_Quantity.quantity>0.000000</in_Quantity.quantity><out_Quantity.quantity>879.063533</out_Quantity.quantity></Point><Point><position>4494</position><in_Quantity.quantity>0.000000</in_Quantity.quantity><out_Quantity.quantity>338.471309</out_Quantity.quantity></Point><Point><position>4495</position><in_Quantity.quantity>0.000000</in_Quantity.quantity><out_Quantity.quantity>821.664167</out_Quantity.quantity></Point><Point><position>4496</position><in_Quantity.quantity>0.000000</in_Quantity.quantity><out_Quantity.quantity>714.343296</out_Quantity.quantity></Point><Point><position>4497</position><in_Quantity.quantity>0.000000</in_Quantity.quantity><out_Quantity.quantity>909.351410</out_Quantity.quantity></Point><Point><position>4498</position><in_Quantity.quantity>0.000000</in_Quantity.quantity><out_Quantity.quantity>447.574886</out_Quantity.quantity></Point><Point><position>4499</position><in_Quantity.quantity>0.000000</in_Quantity.quantity><out_Quantity.quantity>90.343721</out_Quantity.quantity></Point><Point><position>4500</position><in_Quantity.quantity>0.000000</in_Quantity.quantity><out_Quantity.quantity>431.625394</out_Quantity.quantity></Point><Point><position>4501</position><in_Quantity.quantity>0.000000</in_Quantity.quantity><out_Quantity.quantity>773.954004</out_Quantity.quantity></Point><Point><position>4502</position><in_Quantity.quantity>0.000000</in_Quantity.quantity><out_Quantity.quantity>466.686885</out_Quantity.quantity></Point><Point><position>4503</position><in_Quantity.quantity>0.000000</in_Quantity.quantity><out_Quantity.quantity>340.063746</out_Quantity.quantity></Point><Point><position>4504</position><in_Quantity.quantity>0.000000</in_Quantity.quantity><out_Quantity.quantity>898.474068</out_Quantity.quantity></Point><Point><position>4505</position><in_Quantity.quantity>0.000000</in_Quantity.quantity><out_Quantity.quantity>327.492396</out_Quantity.quantity></Point><Point><position>4506</position><in_Quantity.quantity>0.000000</in_Quantity.quantity><out_Quantity.quantity>956.245724</out_Quantity.quantity></Point><Point><position>4507</position><in_Quantity.quantity>0.000000</in_Quantity.quantity><out_Quantity.quantity>951.028995</out_Quantity.quantity></Point><Point><position>4508</position><in_Quantity.quantity>0.000000</in_Quantity.quantity><out_Quantity.quantity>749.352336</out_Quantity.quantity></Point><Point><position>4509</position><in_Quantity.quantity>0.000000</in_Quantity.quantity><out_Quantity.quantity>294.654191</out_Quantity.quantity></Point><Point><position>4510</position><in_Quantity.quantity>0.000000</in_Quantity.quantity><out_Quantity.quantity>637.063766</out_Quantity.quantity></Point><Point><position>4511</position><in_Quantity.quantity>0.000000</in_Quantity.quantity><out_Quantity.quantity>271.631886</out_Quantity.quantity></Point><Point><position>4512</position><in_Quantity.quantity>0.000000</in_Quantity.quantity><out_Quantity.quantity>482.961107</out_Quantity.quantity></Point><Point><position>4513</position><in_Quantity.quantity>0.000000</in_Quantity.quantity><out_Quantity.quantity>323.459694</out_Quantity.quantity></Point><Point><position>4514</position><in_Quantity.quantity>0.000000</in_Quantity.quantity><out_Quantity.quantity>657.726217</out_Quantity.quantity></Point><Point><position>4515</position><in_Quantity.quantity>0.000000</in_Quantity.quantity><out_Quantity.quantity>383.873887</out_Quantity.quantity></Point><Point><position>4516</position><in_Quantity.quantity>0.000000</in_Quantity.quantity><out_Quantity.quantity>74.468119</out_Quantity.quantity></Point><Point><position>4517</position><in_Quantity.quantity>0.000000</in_Quantity.quantity><out_Quantity.quantity>182.751268</out_Quantity.quantity></Point><Point><position>4518</position><in_Quantity.quantity>0.000000</in_Quantity.quantity><out_Quantity.quantity>149.192796</out_Quantity.quantity></Point><Point><position>4519</position><in_Quantity.quantity>0.000000</in_Quantity.quantity><out_Quantity.quantity>875.059465</out_Quantity.quantity></Point><Point><position>4520</position><in_Quantity.quantity>0.000000</in_Quantity.quantity><out_Quantity.quantity>498.523433</out_Quantity.quantity></Point><Point><position>4521</position><in_Quantity.quantity>0.000000</in_Quantity.quantity><out_Quantity.quantity>177.002691</out_Quantity.quantity></Point><Point><position>4522</position><in_Quantity.quantity>0.000000</in_Quantity.quantity><out_Quantity.quantity>815.052659</out_Quantity.quantity></Point><Point><position>4523</position><in_Quantity.quantity>0.000000</in_Quantity.quantity><out_Quantity.quantity>506.225452</out_Quantity.quantity></Point><Point><position>4524</position><in_Quantity.quantity>0.000000</in_Quantity.quantity><out_Quantity.quantity>784.270958</out_Quantity.quantity></Point><Point><position>4525</position><in_Quantity.quantity>0.000000</in_Quantity.quantity><out_Quantity.quantity>579.893032</out_Quantity.quantity></Point><Point><position>4526</position><in_Quantity.quantity>0.000000</in_Quantity.quantity><out_Quantity.quantity>167.549574</out_Quantity.quantity></Point><Point><position>4527</position><in_Quantity.quantity>0.000000</in_Quantity.quantity><out_Quantity.quantity>939.460421</out_Quantity.quantity></Point><Point><position>4528</position><in_Quantity.quantity>0.000000</in_Quantity.quantity><out_Quantity.quantity>83.379508</out_Quantity.quantity></Point><Point><position>4529</position><in_Quantity.quantity>0.000000</in_Quantity.quantity><out_Quantity.quantity>171.202515</out_Quantity.quantity></Point><Point><position>4530</position><in_Quantity.quantity>0.000000</in_Quantity.quantity><out_Quantity.quantity>280.954285</out_Quantity.quantity></Point><Point><position>4531</position><in_Quantity.quantity>0.000000</in_Quantity.quantity><out_Quantity.quantity>403.150215</out_Quantity.quantity></Point><Point><position>4532</position><in_Quantity.quantity>0.000000</in_Quantity.quantity><out_Quantity.quantity>15.781976</out_Quantity.quantity></Point><Point><position>4533</position><in_Quantity.quantity>0.000000</in_Quantity.quantity><out_Quantity.quantity>673.476536</out_Quantity.quantity></Point><Point><position>4534</position><in_Quantity.quantity>0.000000</in_Quantity.quantity><out_Quantity.quantity>204.460648</out_Quantity.quantity></Point><Point><position>4535</position><in_Quantity.quantity>0.000000</in_Quantity.quantity><out_Quantity.quantity>254.916600</out_Quantity.quantity></Point><Point><position>4536</position><in_Quantity.quantity>0.000000</in_Quantity.quantity><out_Quantity.quantity>725.719505</out_Quantity.quantity></Point><Point><position>4537</position><in_Quantity.quantity>0.000000</in_Quantity.quantity><out_Quantity.quantity>71.949661</out_Quantity.quantity></Point><Point><position>4538</position><in_Quantity.quantity>0.000000</in_Quantity.quantity><out_Quantity.quantity>728.369612</out_Quantity.quantity></Point><Point><position>4539</position><in_Quantity.quantity>0.000000</in_Quantity.quantity><out_Quantity.quantity>176.703340</out_Quantity.quantity></Point><Point><position>4540</position><in_Quantity.quantity>0.000000</in_Quantity.quantity><out_Quantity.quantity>27.986359</out_Quantity.quantity></Point><Point><position>4541</position><in_Quantity.quantity>0.000000</in_Quantity.quantity><out_Quantity.quantity>910.278286</out_Quantity.quantity></Point><Point><position>4542</position><in_Quantity.quantity>0.000000</in_Quantity.quantity><out_Quantity.quantity>180.581332</out_Quantity.quantity></Point><Point><position>4543</position><in_Quantity.quantity>0.000000</in_Quantity.quantity><out_Quantity.quantity>727.035139</out_Quantity.quantity></Point><Point><position>4544</position><in_Quantity.quantity>0.000000</in_Quantity.quantity><out_Quantity.quantity>400.079617</out_Quantity.quantity></Point><Point><position>4545</position><in_Quantity.quantity>0.000000</in_Quantity.quantity><out_Quantity.quantity>118.068882</out_Quantity.quantity></Point><Point><position>4546</position><in_Quantity.quantity>0.000000</in_Quantity.quantity><out_Quantity.quantity>166.251164</out_Quantity.quantity></Point><Point><position>4547</position><in_Quantity.quantity>0.000000</in_Quantity.quantity><out_Quantity.quantity>496.229876</out_Quantity.quantity></Point><Point><position>4548</position><in_Quantity.quantity>0.000000</in_Quantity.quantity><out_Quantity.quantity>709.378838</out_Quantity.quantity></Point><Point><position>4549</position><in_Quantity.quantity>0.000000</in_Quantity.quantity><out_Quantity.quantity>805.684534</out_Quantity.quantity></Point><Point><position>4550</position><in_Quantity.quantity>0.000000</in_Quantity.quantity><out_Quantity.quantity>559.823919</out_Quantity.quantity></Point><Point><position>4551</position><in_Quantity.quantity>0.000000</in_Quantity.quantity><out_Quantity.quantity>261.316685</out_Quantity.quantity></Point><Point><position>4552</position><in_Quantity.quantity>0.000000</in_Quantity.quantity><out_Quantity.quantity>790.381193</out_Quantity.quantity></Point><Point><position>4553</position><in_Quantity.quantity>0.000000</in_Quantity.quantity><out_Quantity.quantity>823.316932</out_Quantity.quantity></Point><Point><position>4554</position><in_Quantity.quantity>0.000000</in_Quantity.quantity><out_Quantity.quantity>123.775360</out_Quantity.quantity></Point><Point><position>4555</position><in_Quantity.quantity>0.000000</in_Quantity.quantity><out_Quantity.quantity>133.337720</out_Quantity.quantity></Point><Point><position>4556</position><in_Quantity.quantity>0.000000</in_Quantity.quantity><out_Quantity.quantity>834.708078</out_Quantity.quantity></Point><Point><position>4557</position><in_Quantity.quantity>0.000000</in_Quantity.quantity><out_Quantity.quantity>583.302292</out_Quantity.quantity></Point><Point><position>4558</position><in_Quantity.quantity>0.000000</in_Quantity.quantity><out_Quantity.quantity>736.154350</out_Quantity.quantity></Point><Point><position>4559</position><in_Quantity.quantity>0.000000</in_Quantity.quantity><out_Quantity.quantity>689.622138</out_Quantity.quantity></Point><Point><position>4560</position><in_Quantity.quantity>0.000000</in_Quantity.quantity><out_Quantity.quantity>798.959169</out_Quantity.quantity></Point><Point><position>4561</position><in_Quantity.quantity>0.000000</in_Quantity.quantity><out_Quantity.quantity>562.920021</out_Quantity.quantity></Point><Point><position>4562</position><in_Quantity.quantity>0.000000</in_Quantity.quantity><out_Quantity.quantity>554.852569</out_Quantity.quantity></Point><Point><position>4563</position><in_Quantity.quantity>0.000000</in_Quantity.quantity><out_Quantity.quantity>220.364951</out_Quantity.quantity></Point><Point><position>4564</position><in_Quantity.quantity>0.000000</in_Quantity.quantity><out_Quantity.quantity>704.921331</out_Quantity.quantity></Point><Point><position>4565</position><in_Quantity.quantity>0.000000</in_Quantity.quantity><out_Quantity.quantity>397.970627</out_Quantity.quantity></Point><Point><position>4566</position><in_Quantity.quantity>0.000000</in_Quantity.quantity><out_Quantity.quantity>154.932422</out_Quantity.quantity></Point><Point><position>4567</position><in_Quantity.quantity>0.000000</in_Quantity.quantity><out_Quantity.quantity>867.604027</out_Quantity.quantity></Point><Point><position>4568</position><in_Quantity.quantity>0.000000</in_Quantity.quantity><out_Quantity.quantity>206.824033</out_Quantity.quantity></Point><Point><position>4569</position><in_Quantity.quantity>0.000000</in_Quantity.quantity><out_Quantity.quantity>758.784199</out_Quantity.quantity></Point><Point><position>4570</position><in_Quantity.quantity>0.000000</in_Quantity.quantity><out_Quantity.quantity>302.523326</out_Quantity.quantity></Point><Point><position>4571</position><in_Quantity.quantity>0.000000</in_Quantity.quantity><out_Quantity.quantity>376.344099</out_Quantity.quantity></Point><Point><position>4572</position><in_Quantity.quantity>0.000000</in_Quantity.quantity><out_Quantity.quantity>524.231974</out_Quantity.quantity></Point><Point><position>4573</position><in_Quantity.quantity>0.000000</in_Quantity.quantity><out_Quantity.quantity>485.763574</out_Quantity.quantity></Point><Point><position>4574</position><in_Quantity.quantity>0.000000</in_Quantity.quantity><out_Quantity.quantity>614.044970</out_Quantity.quantity></Point><Point><position>4575</position><in_Quantity.quantity>0.000000</in_Quantity.quantity><out_Quantity.quantity>758.295433</out_Quantity.quantity></Point><Point><position>4576</position><in_Quantity.quantity>0.000000</in_Quantity.quantity><out_Quantity.quantity>640.525997</out_Quantity.quantity></Point><Point><position>4577</position><in_Quantity.quantity>0.000000</in_Quantity.quantity><out_Quantity.quantity>347.780040</out_Quantity.quantity></Point><Point><position>4578</position><in_Quantity.quantity>0.000000</in_Quantity.quantity><out_Quantity.quantity>135.471485</out_Quantity.quantity></Point><Point><position>4579</position><in_Quantity.quantity>0.000000</in_Quantity.quantity><out_Quantity.quantity>993.809397</out_Quantity.quantity></Point><Point><position>4580</position><in_Quantity.quantity>0.000000</in_Quantity.quantity><out_Quantity.quantity>727.635516</out_Quantity.quantity></Point><Point><position>4581</position><in_Quantity.quantity>0.000000</in_Quantity.quantity><out_Quantity.quantity>695.641742</out_Quantity.quantity></Point><Point><position>4582</position><in_Quantity.quantity>0.000000</in_Quantity.quantity><out_Quantity.quantity>637.236169</out_Quantity.quantity></Point><Point><position>4583</position><in_Quantity.quantity>0.000000</in_Quantity.quantity><out_Quantity.quantity>425.522030</out_Quantity.quantity></Point><Point><position>4584</position><in_Quantity.quantity>0.000000</in_Quantity.quantity><out_Quantity.quantity>773.584180</out_Quantity.quantity></Point><Point><position>4585</position><in_Quantity.quantity>0.000000</in_Quantity.quantity><out_Quantity.quantity>386.432289</out_Quantity.quantity></Point><Point><position>4586</position><in_Quantity.quantity>0.000000</in_Quantity.quantity><out_Quantity.quantity>432.996893</out_Quantity.quantity></Point><Point><position>4587</position><in_Quantity.quantity>0.000000</in_Quantity.quantity><out_Quantity.quantity>432.734812</out_Quantity.quantity></Point><Point><position>4588</position><in_Quantity.quantity>0.000000</in_Quantity.quantity><out_Quantity.quantity>192.842091</out_Quantity.quantity></Point><Point><position>4589</position><in_Quantity.quantity>0.000000</in_Quantity.quantity><out_Quantity.quantity>19.074229</out_Quantity.quantity></Point><Point><position>4590</position><in_Quantity.quantity>0.000000</in_Quantity.quantity><out_Quantity.quantity>459.528554</out_Quantity.quantity></Point><Point><position>4591</position><in_Quantity.quantity>0.000000</in_Quantity.quantity><out_Quantity.quantity>562.514347</out_Quantity.quantity></Point><Point><position>4592</position><in_Quantity.quantity>0.000000</in_Quantity.quantity><out_Quantity.quantity>239.363024</out_Quantity.quantity></Point><Point><position>4593</position><in_Quantity.quantity>0.000000</in_Quantity.quantity><out_Quantity.quantity>667.529305</out_Quantity.quantity></Point><Point><position>4594</position><in_Quantity.quantity>0.000000</in_Quantity.quantity><out_Quantity.quantity>722.022235</out_Quantity.quantity></Point><Point><position>4595</position><in_Quantity.quantity>0.000000</in_Quantity.quantity><out_Quantity.quantity>701.401212</out_Quantity.quantity></Point><Point><position>4596</position><in_Quantity.quantity>0.000000</in_Quantity.quantity><out_Quantity.quantity>665.503125</out_Quantity.quantity></Point><Point><position>4597</position><in_Quantity.quantity>0.000000</in_Quantity.quantity><out_Quantity.quantity>243.426748</out_Quantity.quantity></Point><Point><position>4598</position><in_Quantity.quantity>0.000000</in_Quantity.quantity><out_Quantity.quantity>874.279575</out_Quantity.quantity></Point><Point><position>4599</position><in_Quantity.quantity>0.000000</in_Quantity.quantity><out_Quantity.quantity>976.888640</out_Quantity.quantity></Point><Point><position>4600</position><in_Quantity.quantity>0.000000</in_Quantity.quantity><out_Quantity.quantity>632.786486</out_Quantity.quantity></Point><Point><position>4601</position><in_Quantity.quantity>0.000000</in_Quantity.quantity><out_Quantity.quantity>991.171114</out_Quantity.quantity></Point><Point><position>4602</position><in_Quantity.quantity>0.000000</in_Quantity.quantity><out_Quantity.quantity>885.993132</out_Quantity.quantity></Point><Point><position>4603</position><in_Quantity.quantity>0.000000</in_Quantity.quantity><out_Quantity.quantity>5.502255</out_Quantity.quantity></Point><Point><position>4604</position><in_Quantity.quantity>0.000000</in_Quantity.quantity><out_Quantity.quantity>653.257495</out_Quantity.quantity></Point><Point><position>4605</position><in_Quantity.quantity>0.000000</in_Quantity.quantity><out_Quantity.quantity>836.983295</out_Quantity.quantity></Point><Point><position>4606</position><in_Quantity.quantity>0.000000</in_Quantity.quantity><out_Quantity.quantity>513.105712</out_Quantity.quantity></Point><Point><position>4607</position><in_Quantity.quantity>0.000000</in_Quantity.quantity><out_Quantity.quantity>562.336100</out_Quantity.quantity></Point><Point><position>4608</position><in_Quantity.quantity>0.000000</in_Quantity.quantity><out_Quantity.quantity>588.731339</out_Quantity.quantity></Point><Point><position>4609</position><in_Quantity.quantity>0.000000</in_Quantity.quantity><out_Quantity.quantity>854.730913</out_Quantity.quantity></Point><Point><position>4610</position><in_Quantity.quantity>0.000000</in_Quantity.quantity><out_Quantity.quantity>429.745840</out_Quantity.quantity></Point><Point><position>4611</position><in_Quantity.quantity>0.000000</in_Quantity.quantity><out_Quantity.quantity>203.920575</out_Quantity.quantity></Point><Point><position>4612</position><in_Quantity.quantity>0.000000</in_Quantity.quantity><out_Quantity.quantity>788.155593</out_Quantity.quantity></Point><Point><position>4613</position><in_Quantity.quantity>0.000000</in_Quantity.quantity><out_Quantity.quantity>778.648505</out_Quantity.quantity></Point><Point><position>4614</position><in_Quantity.quantity>0.000000</in_Quantity.quantity><out_Quantity.quantity>497.475933</out_Quantity.quantity></Point><Point><position>4615</position><in_Quantity.quantity>0.000000</in_Quantity.quantity><out_Quantity.quantity>66.587532</out_Quantity.quantity></Point><Point><position>4616</position><in_Quantity.quantity>0.000000</in_Quantity.quantity><out_Quantity.quantity>307.983717</out_Quantity.quantity></Point><Point><position>4617</position><in_Quantity.quantity>0.000000</in_Quantity.quantity><out_Quantity.quantity>638.217636</out_Quantity.quantity></Point><Point><position>4618</position><in_Quantity.quantity>0.000000</in_Quantity.quantity><out_Quantity.quantity>676.232622</out_Quantity.quantity></Point><Point><position>4619</position><in_Quantity.quantity>0.000000</in_Quantity.quantity><out_Quantity.quantity>920.258549</out_Quantity.quantity></Point><Point><position>4620</position><in_Quantity.quantity>0.000000</in_Quantity.quantity><out_Quantity.quantity>771.865783</out_Quantity.quantity></Point><Point><position>4621</position><in_Quantity.quantity>0.000000</in_Quantity.quantity><out_Quantity.quantity>193.478870</out_Quantity.quantity></Point><Point><position>4622</position><in_Quantity.quantity>0.000000</in_Quantity.quantity><out_Quantity.quantity>386.713434</out_Quantity.quantity></Point><Point><position>4623</position><in_Quantity.quantity>0.000000</in_Quantity.quantity><out_Quantity.quantity>913.728248</out_Quantity.quantity></Point><Point><position>4624</position><in_Quantity.quantity>0.000000</in_Quantity.quantity><out_Quantity.quantity>220.181485</out_Quantity.quantity></Point><Point><position>4625</position><in_Quantity.quantity>0.000000</in_Quantity.quantity><out_Quantity.quantity>334.417593</out_Quantity.quantity></Point><Point><position>4626</position><in_Quantity.quantity>0.000000</in_Quantity.quantity><out_Quantity.quantity>616.015092</out_Quantity.quantity></Point><Point><position>4627</position><in_Quantity.quantity>0.000000</in_Quantity.quantity><out_Quantity.quantity>261.527005</out_Quantity.quantity></Point><Point><position>4628</position><in_Quantity.quantity>0.000000</in_Quantity.quantity><out_Quantity.quantity>741.429729</out_Quantity.quantity></Point><Point><position>4629</position><in_Quantity.quantity>0.000000</in_Quantity.quantity><out_Quantity.quantity>211.510712</out_Quantity.quantity></Point><Point><position>4630</position><in_Quantity.quantity>0.000000</in_Quantity.quantity><out_Quantity.quantity>615.540332</out_Quantity.quantity></Point><Point><position>4631</position><in_Quantity.quantity>0.000000</in_Quantity.quantity><out_Quantity.quantity>965.585996</out_Quantity.quantity></Point><Point><position>4632</position><in_Quantity.quantity>0.000000</in_Quantity.quantity><out_Quantity.quantity>977.267087</out_Quantity.quantity></Point><Point><position>4633</position><in_Quantity.quantity>0.000000</in_Quantity.quantity><out_Quantity.quantity>342.911197</out_Quantity.quantity></Point><Point><position>4634</position><in_Quantity.quantity>0.000000</in_Quantity.quantity><out_Quantity.quantity>329.395898</out_Quantity.quantity></Point><Point><position>4635</position><in_Quantity.quantity>0.000000</in_Quantity.quantity><out_Quantity.quantity>626.606361</out_Quantity.quantity></Point><Point><position>4636</position><in_Quantity.quantity>0.000000</in_Quantity.quantity><out_Quantity.quantity>79.773523</out_Quantity.quantity></Point><Point><position>4637</position><in_Quantity.quantity>0.000000</in_Quantity.quantity><out_Quantity.quantity>751.158869</out_Quantity.quantity></Point><Point><position>4638</position><in_Quantity.quantity>0.000000</in_Quantity.quantity><out_Quantity.quantity>149.269248</out_Quantity.quantity></Point><Point><position>4639</position><in_Quantity.quantity>0.000000</in_Quantity.quantity><out_Quantity.quantity>39.875401</out_Quantity.quantity></Point><Point><position>4640</position><in_Quantity.quantity>0.000000</in_Quantity.quantity><out_Quantity.quantity>168.927536</out_Quantity.quantity></Point><Point><position>4641</position><in_Quantity.quantity>0.000000</in_Quantity.quantity><out_Quantity.quantity>68.122256</out_Quantity.quantity></Point><Point><position>4642</position><in_Quantity.quantity>0.000000</in_Quantity.quantity><out_Quantity.quantity>197.383808</out_Quantity.quantity></Point><Point><position>4643</position><in_Quantity.quantity>0.000000</in_Quantity.quantity><out_Quantity.quantity>558.146216</out_Quantity.quantity></Point><Point><position>4644</position><in_Quantity.quantity>0.000000</in_Quantity.quantity><out_Quantity.quantity>954.486317</out_Quantity.quantity></Point><Point><position>4645</position><in_Quantity.quantity>0.000000</in_Quantity.quantity><out_Quantity.quantity>35.502850</out_Quantity.quantity></Point><Point><position>4646</position><in_Quantity.quantity>0.000000</in_Quantity.quantity><out_Quantity.quantity>172.036445</out_Quantity.quantity></Point><Point><position>4647</position><in_Quantity.quantity>0.000000</in_Quantity.quantity><out_Quantity.quantity>142.541963</out_Quantity.quantity></Point><Point><position>4648</position><in_Quantity.quantity>0.000000</in_Quantity.quantity><out_Quantity.quantity>640.289388</out_Quantity.quantity></Point><Point><position>4649</position><in_Quantity.quantity>0.000000</in_Quantity.quantity><out_Quantity.quantity>324.537020</out_Quantity.quantity></Point><Point><position>4650</position><in_Quantity.quantity>0.000000</in_Quantity.quantity><out_Quantity.quantity>344.494752</out_Quantity.quantity></Point><Point><position>4651</position><in_Quantity.quantity>0.000000</in_Quantity.quantity><out_Quantity.quantity>734.227191</out_Quantity.quantity></Point><Point><position>4652</position><in_Quantity.quantity>0.000000</in_Quantity.quantity><out_Quantity.quantity>769.025019</out_Quantity.quantity></Point><Point><position>4653</position><in_Quantity.quantity>0.000000</in_Quantity.quantity><out_Quantity.quantity>654.551701</out_Quantity.quantity></Point><Point><position>4654</position><in_Quantity.quantity>0.000000</in_Quantity.quantity><out_Quantity.quantity>870.478091</out_Quantity.quantity></Point><Point><position>4655</position><in_Quantity.quantity>0.000000</in_Quantity.quantity><out_Quantity.quantity>502.290943</out_Quantity.quantity></Point><Point><position>4656</position><in_Quantity.quantity>0.000000</in_Quantity.quantity><out_Quantity.quantity>894.597232</out_Quantity.quantity></Point><Point><position>4657</position><in_Quantity.quantity>0.000000</in_Quantity.quantity><out_Quantity.quantity>141.248930</out_Quantity.quantity></Point><Point><position>4658</position><in_Quantity.quantity>0.000000</in_Quantity.quantity><out_Quantity.quantity>755.248349</out_Quantity.quantity></Point><Point><position>4659</position><in_Quantity.quantity>0.000000</in_Quantity.quantity><out_Quantity.quantity>681.458488</out_Quantity.quantity></Point><Point><position>4660</position><in_Quantity.quantity>0.000000</in_Quantity.quantity><out_Quantity.quantity>526.495411</out_Quantity.quantity></Point><Point><position>4661</position><in_Quantity.quantity>0.000000</in_Quantity.quantity><out_Quantity.quantity>406.231240</out_Quantity.quantity></Point><Point><position>4662</position><in_Quantity.quantity>0.000000</in_Quantity.quantity><out_Quantity.quantity>6.289293</out_Quantity.quantity></Point><Point><position>4663</position><in_Quantity.quantity>0.000000</in_Quantity.quantity><out_Quantity.quantity>27.422573</out_Quantity.quantity></Point><Point><position>4664</position><in_Quantity.quantity>0.000000</in_Quantity.quantity><out_Quantity.quantity>256.689634</out_Quantity.quantity></Point><Point><position>4665</position><in_Quantity.quantity>0.000000</in_Quantity.quantity><out_Quantity.quantity>701.192768</out_Quantity.quantity></Point><Point><position>4666</position><in_Quantity.quantity>0.000000</in_Quantity.quantity><out_Quantity.quantity>208.743236</out_Quantity.quantity></Point><Point><position>4667</position><in_Quantity.quantity>0.000000</in_Quantity.quantity><out_Quantity.quantity>942.360584</out_Quantity.quantity></Point><Point><position>4668</position><in_Quantity.quantity>0.000000</in_Quantity.quantity><out_Quantity.quantity>430.762353</out_Quantity.quantity></Point><Point><position>4669</position><in_Quantity.quantity>0.000000</in_Quantity.quantity><out_Quantity.quantity>245.957168</out_Quantity.quantity></Point><Point><position>4670</position><in_Quantity.quantity>0.000000</in_Quantity.quantity><out_Quantity.quantity>872.948373</out_Quantity.quantity></Point><Point><position>4671</position><in_Quantity.quantity>0.000000</in_Quantity.quantity><out_Quantity.quantity>74.430618</out_Quantity.quantity></Point><Point><position>4672</position><in_Quantity.quantity>0.000000</in_Quantity.quantity><out_Quantity.quantity>957.924110</out_Quantity.quantity></Point><Point><position>4673</position><in_Quantity.quantity>0.000000</in_Quantity.quantity><out_Quantity.quantity>591.954473</out_Quantity.quantity></Point><Point><position>4674</position><in_Quantity.quantity>0.000000</in_Quantity.quantity><out_Quantity.quantity>235.247977</out_Quantity.quantity></Point><Point><position>4675</position><in_Quantity.quantity>0.000000</in_Quantity.quantity><out_Quantity.quantity>291.858520</out_Quantity.quantity></Point><Point><position>4676</position><in_Quantity.quantity>0.000000</in_Quantity.quantity><out_Quantity.quantity>116.301878</out_Quantity.quantity></Point><Point><position>4677</position><in_Quantity.quantity>0.000000</in_Quantity.quantity><out_Quantity.quantity>859.388458</out_Quantity.quantity></Point><Point><position>4678</position><in_Quantity.quantity>0.000000</in_Quantity.quantity><out_Quantity.quantity>619.025029</out_Quantity.quantity></Point><Point><position>4679</position><in_Quantity.quantity>0.000000</in_Quantity.quantity><out_Quantity.quantity>528.078891</out_Quantity.quantity></Point><Point><position>4680</position><in_Quantity.quantity>0.000000</in_Quantity.quantity><out_Quantity.quantity>619.572372</out_Quantity.quantity></Point><Point><position>4681</position><in_Quantity.quantity>0.000000</in_Quantity.quantity><out_Quantity.quantity>438.729418</out_Quantity.quantity></Point><Point><position>4682</position><in_Quantity.quantity>0.000000</in_Quantity.quantity><out_Quantity.quantity>474.470486</out_Quantity.quantity></Point><Point><position>4683</position><in_Quantity.quantity>0.000000</in_Quantity.quantity><out_Quantity.quantity>720.644305</out_Quantity.quantity></Point><Point><position>4684</position><in_Quantity.quantity>0.000000</in_Quantity.quantity><out_Quantity.quantity>831.164774</out_Quantity.quantity></Point><Point><position>4685</position><in_Quantity.quantity>0.000000</in_Quantity.quantity><out_Quantity.quantity>510.482634</out_Quantity.quantity></Point><Point><position>4686</position><in_Quantity.quantity>0.000000</in_Quantity.quantity><out_Quantity.quantity>594.443482</out_Quantity.quantity></Point><Point><position>4687</position><in_Quantity.quantity>0.000000</in_Quantity.quantity><out_Quantity.quantity>889.236292</out_Quantity.quantity></Point><Point><position>4688</position><in_Quantity.quantity>0.000000</in_Quantity.quantity><out_Quantity.quantity>552.282333</out_Quantity.quantity></Point><Point><position>4689</position><in_Quantity.quantity>0.000000</in_Quantity.quantity><out_Quantity.quantity>620.952005</out_Quantity.quantity></Point><Point><position>4690</position><in_Quantity.quantity>0.000000</in_Quantity.quantity><out_Quantity.quantity>604.109269</out_Quantity.quantity></Point><Point><position>4691</position><in_Quantity.quantity>0.000000</in_Quantity.quantity><out_Quantity.quantity>535.198109</out_Quantity.quantity></Point><Point><position>4692</position><in_Quantity.quantity>0.000000</in_Quantity.quantity><out_Quantity.quantity>85.110218</out_Quantity.quantity></Point><Point><position>4693</position><in_Quantity.quantity>0.000000</in_Quantity.quantity><out_Quantity.quantity>524.632603</out_Quantity.quantity></Point><Point><position>4694</position><in_Quantity.quantity>0.000000</in_Quantity.quantity><out_Quantity.quantity>310.413316</out_Quantity.quantity></Point><Point><position>4695</position><in_Quantity.quantity>0.000000</in_Quantity.quantity><out_Quantity.quantity>664.174240</out_Quantity.quantity></Point><Point><position>4696</position><in_Quantity.quantity>0.000000</in_Quantity.quantity><out_Quantity.quantity>108.731404</out_Quantity.quantity></Point><Point><position>4697</position><in_Quantity.quantity>0.000000</in_Quantity.quantity><out_Quantity.quantity>569.531513</out_Quantity.quantity></Point><Point><position>4698</position><in_Quantity.quantity>0.000000</in_Quantity.quantity><out_Quantity.quantity>663.849205</out_Quantity.quantity></Point><Point><position>4699</position><in_Quantity.quantity>0.000000</in_Quantity.quantity><out_Quantity.quantity>488.658923</out_Quantity.quantity></Point><Point><position>4700</position><in_Quantity.quantity>0.000000</in_Quantity.quantity><out_Quantity.quantity>664.098985</out_Quantity.quantity></Point><Point><position>4701</position><in_Quantity.quantity>0.000000</in_Quantity.quantity><out_Quantity.quantity>133.176463</out_Quantity.quantity></Point><Point><position>4702</position><in_Quantity.quantity>0.000000</in_Quantity.quantity><out_Quantity.quantity>770.714954</out_Quantity.quantity></Point><Point><position>4703</position><in_Quantity.quantity>0.000000</in_Quantity.quantity><out_Quantity.quantity>801.065919</out_Quantity.quantity></Point><Point><position>4704</position><in_Quantity.quantity>0.000000</in_Quantity.quantity><out_Quantity.quantity>358.494424</out_Quantity.quantity></Point><Point><position>4705</position><in_Quantity.quantity>0.000000</in_Quantity.quantity><out_Quantity.quantity>823.804651</out_Quantity.quantity></Point><Point><position>4706</position><in_Quantity.quantity>0.000000</in_Quantity.quantity><out_Quantity.quantity>533.367583</out_Quantity.quantity></Point><Point><position>4707</position><in_Quantity.quantity>0.000000</in_Quantity.quantity><out_Quantity.quantity>820.311565</out_Quantity.quantity></Point><Point><position>4708</position><in_Quantity.quantity>0.000000</in_Quantity.quantity><out_Quantity.quantity>881.111182</out_Quantity.quantity></Point><Point><position>4709</position><in_Quantity.quantity>0.000000</in_Quantity.quantity><out_Quantity.quantity>922.592189</out_Quantity.quantity></Point><Point><position>4710</position><in_Quantity.quantity>0.000000</in_Quantity.quantity><out_Quantity.quantity>440.098755</out_Quantity.quantity></Point><Point><position>4711</position><in_Quantity.quantity>0.000000</in_Quantity.quantity><out_Quantity.quantity>935.130509</out_Quantity.quantity></Point><Point><position>4712</position><in_Quantity.quantity>0.000000</in_Quantity.quantity><out_Quantity.quantity>713.476723</out_Quantity.quantity></Point><Point><position>4713</position><in_Quantity.quantity>0.000000</in_Quantity.quantity><out_Quantity.quantity>831.924303</out_Quantity.quantity></Point><Point><position>4714</position><in_Quantity.quantity>0.000000</in_Quantity.quantity><out_Quantity.quantity>779.140265</out_Quantity.quantity></Point><Point><position>4715</position><in_Quantity.quantity>0.000000</in_Quantity.quantity><out_Quantity.quantity>464.895400</out_Quantity.quantity></Point><Point><position>4716</position><in_Quantity.quantity>0.000000</in_Quantity.quantity><out_Quantity.quantity>450.549103</out_Quantity.quantity></Point><Point><position>4717</position><in_Quantity.quantity>0.000000</in_Quantity.quantity><out_Quantity.quantity>852.425530</out_Quantity.quantity></Point><Point><position>4718</position><in_Quantity.quantity>0.000000</in_Quantity.quantity><out_Quantity.quantity>312.365422</out_Quantity.quantity></Point><Point><position>4719</position><in_Quantity.quantity>0.000000</in_Quantity.quantity><out_Quantity.quantity>211.773429</out_Quantity.quantity></Point><Point><position>4720</position><in_Quantity.quantity>0.000000</in_Quantity.quantity><out_Quantity.quantity>32.074231</out_Quantity.quantity></Point><Point><position>4721</position><in_Quantity.quantity>0.000000</in_Quantity.quantity><out_Quantity.quantity>46.240004</out_Quantity.quantity></Point><Point><position>4722</position><in_Quantity.quantity>0.000000</in_Quantity.quantity><out_Quantity.quantity>976.261678</out_Quantity.quantity></Point><Point><position>4723</position><in_Quantity.quantity>0.000000</in_Quantity.quantity><out_Quantity.quantity>816.736323</out_Quantity.quantity></Point><Point><position>4724</position><in_Quantity.quantity>0.000000</in_Quantity.quantity><out_Quantity.quantity>100.204942</out_Quantity.quantity></Point><Point><position>4725</position><in_Quantity.quantity>0.000000</in_Quantity.quantity><out_Quantity.quantity>51.016581</out_Quantity.quantity></Point><Point><position>4726</position><in_Quantity.quantity>0.000000</in_Quantity.quantity><out_Quantity.quantity>557.668060</out_Quantity.quantity></Point><Point><position>4727</position><in_Quantity.quantity>0.000000</in_Quantity.quantity><out_Quantity.quantity>620.164561</out_Quantity.quantity></Point><Point><position>4728</position><in_Quantity.quantity>0.000000</in_Quantity.quantity><out_Quantity.quantity>113.439797</out_Quantity.quantity></Point><Point><position>4729</position><in_Quantity.quantity>0.000000</in_Quantity.quantity><out_Quantity.quantity>103.348484</out_Quantity.quantity></Point><Point><position>4730</position><in_Quantity.quantity>0.000000</in_Quantity.quantity><out_Quantity.quantity>160.298628</out_Quantity.quantity></Point><Point><position>4731</position><in_Quantity.quantity>0.000000</in_Quantity.quantity><out_Quantity.quantity>753.003148</out_Quantity.quantity></Point><Point><position>4732</position><in_Quantity.quantity>0.000000</in_Quantity.quantity><out_Quantity.quantity>36.879503</out_Quantity.quantity></Point><Point><position>4733</position><in_Quantity.quantity>0.000000</in_Quantity.quantity><out_Quantity.quantity>525.885441</out_Quantity.quantity></Point><Point><position>4734</position><in_Quantity.quantity>0.000000</in_Quantity.quantity><out_Quantity.quantity>992.684399</out_Quantity.quantity></Point><Point><position>4735</position><in_Quantity.quantity>0.000000</in_Quantity.quantity><out_Quantity.quantity>556.987926</out_Quantity.quantity></Point><Point><position>4736</position><in_Quantity.quantity>0.000000</in_Quantity.quantity><out_Quantity.quantity>910.550763</out_Quantity.quantity></Point><Point><position>4737</position><in_Quantity.quantity>0.000000</in_Quantity.quantity><out_Quantity.quantity>412.145484</out_Quantity.quantity></Point><Point><position>4738</position><in_Quantity.quantity>0.000000</in_Quantity.quantity><out_Quantity.quantity>317.953250</out_Quantity.quantity></Point><Point><position>4739</position><in_Quantity.quantity>0.000000</in_Quantity.quantity><out_Quantity.quantity>667.239722</out_Quantity.quantity></Point><Point><position>4740</position><in_Quantity.quantity>0.000000</in_Quantity.quantity><out_Quantity.quantity>542.413415</out_Quantity.quantity></Point><Point><position>4741</position><in_Quantity.quantity>0.000000</in_Quantity.quantity><out_Quantity.quantity>918.746537</out_Quantity.quantity></Point><Point><position>4742</position><in_Quantity.quantity>0.000000</in_Quantity.quantity><out_Quantity.quantity>779.323001</out_Quantity.quantity></Point><Point><position>4743</position><in_Quantity.quantity>0.000000</in_Quantity.quantity><out_Quantity.quantity>649.992576</out_Quantity.quantity></Point><Point><position>4744</position><in_Quantity.quantity>0.000000</in_Quantity.quantity><out_Quantity.quantity>409.588319</out_Quantity.quantity></Point><Point><position>4745</position><in_Quantity.quantity>0.000000</in_Quantity.quantity><out_Quantity.quantity>429.950246</out_Quantity.quantity></Point><Point><position>4746</position><in_Quantity.quantity>0.000000</in_Quantity.quantity><out_Quantity.quantity>306.104323</out_Quantity.quantity></Point><Point><position>4747</position><in_Quantity.quantity>0.000000</in_Quantity.quantity><out_Quantity.quantity>959.415865</out_Quantity.quantity></Point><Point><position>4748</position><in_Quantity.quantity>0.000000</in_Quantity.quantity><out_Quantity.quantity>409.702396</out_Quantity.quantity></Point><Point><position>4749</position><in_Quantity.quantity>0.000000</in_Quantity.quantity><out_Quantity.quantity>298.047838</out_Quantity.quantity></Point><Point><position>4750</position><in_Quantity.quantity>0.000000</in_Quantity.quantity><out_Quantity.quantity>401.361757</out_Quantity.quantity></Point><Point><position>4751</position><in_Quantity.quantity>0.000000</in_Quantity.quantity><out_Quantity.quantity>118.280219</out_Quantity.quantity></Point><Point><position>4752</position><in_Quantity.quantity>0.000000</in_Quantity.quantity><out_Quantity.quantity>888.308574</out_Quantity.quantity></Point><Point><position>4753</position><in_Quantity.quantity>0.000000</in_Quantity.quantity><out_Quantity.quantity>697.874408</out_Quantity.quantity></Point><Point><position>4754</position><in_Quantity.quantity>0.000000</in_Quantity.quantity><out_Quantity.quantity>111.475119</out_Quantity.quantity></Point><Point><position>4755</position><in_Quantity.quantity>0.000000</in_Quantity.quantity><out_Quantity.quantity>814.292939</out_Quantity.quantity></Point><Point><position>4756</position><in_Quantity.quantity>0.000000</in_Quantity.quantity><out_Quantity.quantity>8.589564</out_Quantity.quantity></Point><Point><position>4757</position><in_Quantity.quantity>0.000000</in_Quantity.quantity><out_Quantity.quantity>80.766357</out_Quantity.quantity></Point><Point><position>4758</position><in_Quantity.quantity>0.000000</in_Quantity.quantity><out_Quantity.quantity>927.669837</out_Quantity.quantity></Point><Point><position>4759</position><in_Quantity.quantity>0.000000</in_Quantity.quantity><out_Quantity.quantity>312.656270</out_Quantity.quantity></Point><Point><position>4760</position><in_Quantity.quantity>0.000000</in_Quantity.quantity><out_Quantity.quantity>464.669779</out_Quantity.quantity></Point><Point><position>4761</position><in_Quantity.quantity>0.000000</in_Quantity.quantity><out_Quantity.quantity>211.317831</out_Quantity.quantity></Point><Point><position>4762</position><in_Quantity.quantity>0.000000</in_Quantity.quantity><out_Quantity.quantity>871.145626</out_Quantity.quantity></Point><Point><position>4763</position><in_Quantity.quantity>0.000000</in_Quantity.quantity><out_Quantity.quantity>374.000417</out_Quantity.quantity></Point><Point><position>4764</position><in_Quantity.quantity>0.000000</in_Quantity.quantity><out_Quantity.quantity>595.913169</out_Quantity.quantity></Point><Point><position>4765</position><in_Quantity.quantity>0.000000</in_Quantity.quantity><out_Quantity.quantity>378.847673</out_Quantity.quantity></Point><Point><position>4766</position><in_Quantity.quantity>0.000000</in_Quantity.quantity><out_Quantity.quantity>253.126305</out_Quantity.quantity></Point><Point><position>4767</position><in_Quantity.quantity>0.000000</in_Quantity.quantity><out_Quantity.quantity>898.747666</out_Quantity.quantity></Point><Point><position>4768</position><in_Quantity.quantity>0.000000</in_Quantity.quantity><out_Quantity.quantity>267.882615</out_Quantity.quantity></Point><Point><position>4769</position><in_Quantity.quantity>0.000000</in_Quantity.quantity><out_Quantity.quantity>155.542152</out_Quantity.quantity></Point><Point><position>4770</position><in_Quantity.quantity>0.000000</in_Quantity.quantity><out_Quantity.quantity>804.431989</out_Quantity.quantity></Point><Point><position>4771</position><in_Quantity.quantity>0.000000</in_Quantity.quantity><out_Quantity.quantity>135.750352</out_Quantity.quantity></Point><Point><position>4772</position><in_Quantity.quantity>0.000000</in_Quantity.quantity><out_Quantity.quantity>59.747716</out_Quantity.quantity></Point><Point><position>4773</position><in_Quantity.quantity>0.000000</in_Quantity.quantity><out_Quantity.quantity>925.508802</out_Quantity.quantity></Point><Point><position>4774</position><in_Quantity.quantity>0.000000</in_Quantity.quantity><out_Quantity.quantity>834.365886</out_Quantity.quantity></Point><Point><position>4775</position><in_Quantity.quantity>0.000000</in_Quantity.quantity><out_Quantity.quantity>97.369948</out_Quantity.quantity></Point><Point><position>4776</position><in_Quantity.quantity>0.000000</in_Quantity.quantity><out_Quantity.quantity>990.026141</out_Quantity.quantity></Point><Point><position>4777</position><in_Quantity.quantity>0.000000</in_Quantity.quantity><out_Quantity.quantity>292.763551</out_Quantity.quantity></Point><Point><position>4778</position><in_Quantity.quantity>0.000000</in_Quantity.quantity><out_Quantity.quantity>63.010530</out_Quantity.quantity></Point><Point><position>4779</position><in_Quantity.quantity>0.000000</in_Quantity.quantity><out_Quantity.quantity>927.858017</out_Quantity.quantity></Point><Point><position>4780</position><in_Quantity.quantity>0.000000</in_Quantity.quantity><out_Quantity.quantity>212.901034</out_Quantity.quantity></Point><Point><position>4781</position><in_Quantity.quantity>0.000000</in_Quantity.quantity><out_Quantity.quantity>949.616482</out_Quantity.quantity></Point><Point><position>4782</position><in_Quantity.quantity>0.000000</in_Quantity.quantity><out_Quantity.quantity>736.564052</out_Quantity.quantity></Point><Point><position>4783</position><in_Quantity.quantity>0.000000</in_Quantity.quantity><out_Quantity.quantity>549.668118</out_Quantity.quantity></Point><Point><position>4784</position><in_Quantity.quantity>0.000000</in_Quantity.quantity><out_Quantity.quantity>629.136841</out_Quantity.quantity></Point><Point><position>4785</position><in_Quantity.quantity>0.000000</in_Quantity.quantity><out_Quantity.quantity>167.505643</out_Quantity.quantity></Point><Point><position>4786</position><in_Quantity.quantity>0.000000</in_Quantity.quantity><out_Quantity.quantity>737.631002</out_Quantity.quantity></Point><Point><position>4787</position><in_Quantity.quantity>0.000000</in_Quantity.quantity><out_Quantity.quantity>964.549682</out_Quantity.quantity></Point><Point><position>4788</position><in_Quantity.quantity>0.000000</in_Quantity.quantity><out_Quantity.quantity>1.972873</out_Quantity.quantity></Point><Point><position>4789</position><in_Quantity.quantity>0.000000</in_Quantity.quantity><out_Quantity.quantity>256.501039</out_Quantity.quantity></Point><Point><position>4790</position><in_Quantity.quantity>0.000000</in_Quantity.quantity><out_Quantity.quantity>851.004730</out_Quantity.quantity></Point><Point><position>4791</position><in_Quantity.quantity>0.000000</in_Quantity.quantity><out_Quantity.quantity>528.360077</out_Quantity.quantity></Point><Point><position>4792</position><in_Quantity.quantity>0.000000</in_Quantity.quantity><out_Quantity.quantity>734.906418</out_Quantity.quantity></Point><Point><position>4793</position><in_Quantity.quantity>0.000000</in_Quantity.quantity><out_Quantity.quantity>405.416101</out_Quantity.quantity></Point><Point><position>4794</position><in_Quantity.quantity>0.000000</in_Quantity.quantity><out_Quantity.quantity>98.585820</out_Quantity.quantity></Point><Point><position>4795</position><in_Quantity.quantity>0.000000</in_Quantity.quantity><out_Quantity.quantity>699.231325</out_Quantity.quantity></Point><Point><position>4796</position><in_Quantity.quantity>0.000000</in_Quantity.quantity><out_Quantity.quantity>918.509820</out_Quantity.quantity></Point><Point><position>4797</position><in_Quantity.quantity>0.000000</in_Quantity.quantity><out_Quantity.quantity>691.755959</out_Quantity.quantity></Point><Point><position>4798</position><in_Quantity.quantity>0.000000</in_Quantity.quantity><out_Quantity.quantity>717.909756</out_Quantity.quantity></Point><Point><position>4799</position><in_Quantity.quantity>0.000000</in_Quantity.quantity><out_Quantity.quantity>522.058327</out_Quantity.quantity></Point><Point><position>4800</position><in_Quantity.quantity>0.000000</in_Quantity.quantity><out_Quantity.quantity>981.075402</out_Quantity.quantity></Point><Point><position>4801</position><in_Quantity.quantity>0.000000</in_Quantity.quantity><out_Quantity.quantity>964.787813</out_Quantity.quantity></Point><Point><position>4802</position><in_Quantity.quantity>0.000000</in_Quantity.quantity><out_Quantity.quantity>572.384643</out_Quantity.quantity></Point><Point><position>4803</position><in_Quantity.quantity>0.000000</in_Quantity.quantity><out_Quantity.quantity>602.468559</out_Quantity.quantity></Point><Point><position>4804</position><in_Quantity.quantity>0.000000</in_Quantity.quantity><out_Quantity.quantity>941.683369</out_Quantity.quantity></Point><Point><position>4805</position><in_Quantity.quantity>0.000000</in_Quantity.quantity><out_Quantity.quantity>956.176695</out_Quantity.quantity></Point><Point><position>4806</position><in_Quantity.quantity>0.000000</in_Quantity.quantity><out_Quantity.quantity>148.110136</out_Quantity.quantity></Point><Point><position>4807</position><in_Quantity.quantity>0.000000</in_Quantity.quantity><out_Quantity.quantity>994.104775</out_Quantity.quantity></Point><Point><position>4808</position><in_Quantity.quantity>0.000000</in_Quantity.quantity><out_Quantity.quantity>836.126887</out_Quantity.quantity></Point><Point><position>4809</position><in_Quantity.quantity>0.000000</in_Quantity.quantity><out_Quantity.quantity>352.967317</out_Quantity.quantity></Point><Point><position>4810</position><in_Quantity.quantity>0.000000</in_Quantity.quantity><out_Quantity.quantity>177.283588</out_Quantity.quantity></Point><Point><position>4811</position><in_Quantity.quantity>0.000000</in_Quantity.quantity><out_Quantity.quantity>688.398574</out_Quantity.quantity></Point><Point><position>4812</position><in_Quantity.quantity>0.000000</in_Quantity.quantity><out_Quantity.quantity>510.925488</out_Quantity.quantity></Point><Point><position>4813</position><in_Quantity.quantity>0.000000</in_Quantity.quantity><out_Quantity.quantity>39.547987</out_Quantity.quantity></Point><Point><position>4814</position><in_Quantity.quantity>0.000000</in_Quantity.quantity><out_Quantity.quantity>836.334781</out_Quantity.quantity></Point><Point><position>4815</position><in_Quantity.quantity>0.000000</in_Quantity.quantity><out_Quantity.quantity>869.062933</out_Quantity.quantity></Point><Point><position>4816</position><in_Quantity.quantity>0.000000</in_Quantity.quantity><out_Quantity.quantity>429.285900</out_Quantity.quantity></Point><Point><position>4817</position><in_Quantity.quantity>0.000000</in_Quantity.quantity><out_Quantity.quantity>806.230898</out_Quantity.quantity></Point><Point><position>4818</position><in_Quantity.quantity>0.000000</in_Quantity.quantity><out_Quantity.quantity>867.976881</out_Quantity.quantity></Point><Point><position>4819</position><in_Quantity.quantity>0.000000</in_Quantity.quantity><out_Quantity.quantity>771.660484</out_Quantity.quantity></Point><Point><position>4820</position><in_Quantity.quantity>0.000000</in_Quantity.quantity><out_Quantity.quantity>433.743416</out_Quantity.quantity></Point><Point><position>4821</position><in_Quantity.quantity>0.000000</in_Quantity.quantity><out_Quantity.quantity>660.448671</out_Quantity.quantity></Point><Point><position>4822</position><in_Quantity.quantity>0.000000</in_Quantity.quantity><out_Quantity.quantity>275.444525</out_Quantity.quantity></Point><Point><position>4823</position><in_Quantity.quantity>0.000000</in_Quantity.quantity><out_Quantity.quantity>873.248237</out_Quantity.quantity></Point><Point><position>4824</position><in_Quantity.quantity>0.000000</in_Quantity.quantity><out_Quantity.quantity>50.669277</out_Quantity.quantity></Point><Point><position>4825</position><in_Quantity.quantity>0.000000</in_Quantity.quantity><out_Quantity.quantity>834.889251</out_Quantity.quantity></Point><Point><position>4826</position><in_Quantity.quantity>0.000000</in_Quantity.quantity><out_Quantity.quantity>853.903363</out_Quantity.quantity></Point><Point><position>4827</position><in_Quantity.quantity>0.000000</in_Quantity.quantity><out_Quantity.quantity>700.526190</out_Quantity.quantity></Point><Point><position>4828</position><in_Quantity.quantity>0.000000</in_Quantity.quantity><out_Quantity.quantity>818.853071</out_Quantity.quantity></Point><Point><position>4829</position><in_Quantity.quantity>0.000000</in_Quantity.quantity><out_Quantity.quantity>322.071461</out_Quantity.quantity></Point><Point><position>4830</position><in_Quantity.quantity>0.000000</in_Quantity.quantity><out_Quantity.quantity>806.073083</out_Quantity.quantity></Point><Point><position>4831</position><in_Quantity.quantity>0.000000</in_Quantity.quantity><out_Quantity.quantity>290.918993</out_Quantity.quantity></Point><Point><position>4832</position><in_Quantity.quantity>0.000000</in_Quantity.quantity><out_Quantity.quantity>779.564639</out_Quantity.quantity></Point><Point><position>4833</position><in_Quantity.quantity>0.000000</in_Quantity.quantity><out_Quantity.quantity>996.566976</out_Quantity.quantity></Point><Point><position>4834</position><in_Quantity.quantity>0.000000</in_Quantity.quantity><out_Quantity.quantity>774.661689</out_Quantity.quantity></Point><Point><position>4835</position><in_Quantity.quantity>0.000000</in_Quantity.quantity><out_Quantity.quantity>587.051109</out_Quantity.quantity></Point><Point><position>4836</position><in_Quantity.quantity>0.000000</in_Quantity.quantity><out_Quantity.quantity>530.649080</out_Quantity.quantity></Point><Point><position>4837</position><in_Quantity.quantity>0.000000</in_Quantity.quantity><out_Quantity.quantity>350.171047</out_Quantity.quantity></Point><Point><position>4838</position><in_Quantity.quantity>0.000000</in_Quantity.quantity><out_Quantity.quantity>467.066976</out_Quantity.quantity></Point><Point><position>4839</position><in_Quantity.quantity>0.000000</in_Quantity.quantity><out_Quantity.quantity>216.696053</out_Quantity.quantity></Point><Point><position>4840</position><in_Quantity.quantity>0.000000</in_Quantity.quantity><out_Quantity.quantity>858.783167</out_Quantity.quantity></Point><Point><position>4841</position><in_Quantity.quantity>0.000000</in_Quantity.quantity><out_Quantity.quantity>420.218917</out_Quantity.quantity></Point><Point><position>4842</position><in_Quantity.quantity>0.000000</in_Quantity.quantity><out_Quantity.quantity>793.052644</out_Quantity.quantity></Point><Point><position>4843</position><in_Quantity.quantity>0.000000</in_Quantity.quantity><out_Quantity.quantity>517.356743</out_Quantity.quantity></Point><Point><position>4844</position><in_Quantity.quantity>0.000000</in_Quantity.quantity><out_Quantity.quantity>736.403042</out_Quantity.quantity></Point><Point><position>4845</position><in_Quantity.quantity>0.000000</in_Quantity.quantity><out_Quantity.quantity>460.831260</out_Quantity.quantity></Point><Point><position>4846</position><in_Quantity.quantity>0.000000</in_Quantity.quantity><out_Quantity.quantity>686.452695</out_Quantity.quantity></Point><Point><position>4847</position><in_Quantity.quantity>0.000000</in_Quantity.quantity><out_Quantity.quantity>947.973446</out_Quantity.quantity></Point><Point><position>4848</position><in_Quantity.quantity>0.000000</in_Quantity.quantity><out_Quantity.quantity>58.678797</out_Quantity.quantity></Point><Point><position>4849</position><in_Quantity.quantity>0.000000</in_Quantity.quantity><out_Quantity.quantity>487.799944</out_Quantity.quantity></Point><Point><position>4850</position><in_Quantity.quantity>0.000000</in_Quantity.quantity><out_Quantity.quantity>384.122851</out_Quantity.quantity></Point><Point><position>4851</position><in_Quantity.quantity>0.000000</in_Quantity.quantity><out_Quantity.quantity>424.272258</out_Quantity.quantity></Point><Point><position>4852</position><in_Quantity.quantity>0.000000</in_Quantity.quantity><out_Quantity.quantity>352.769803</out_Quantity.quantity></Point><Point><position>4853</position><in_Quantity.quantity>0.000000</in_Quantity.quantity><out_Quantity.quantity>784.762784</out_Quantity.quantity></Point><Point><position>4854</position><in_Quantity.quantity>0.000000</in_Quantity.quantity><out_Quantity.quantity>571.103206</out_Quantity.quantity></Point><Point><position>4855</position><in_Quantity.quantity>0.000000</in_Quantity.quantity><out_Quantity.quantity>223.334950</out_Quantity.quantity></Point><Point><position>4856</position><in_Quantity.quantity>0.000000</in_Quantity.quantity><out_Quantity.quantity>903.585783</out_Quantity.quantity></Point><Point><position>4857</position><in_Quantity.quantity>0.000000</in_Quantity.quantity><out_Quantity.quantity>87.780225</out_Quantity.quantity></Point><Point><position>4858</position><in_Quantity.quantity>0.000000</in_Quantity.quantity><out_Quantity.quantity>140.888440</out_Quantity.quantity></Point><Point><position>4859</position><in_Quantity.quantity>0.000000</in_Quantity.quantity><out_Quantity.quantity>683.092618</out_Quantity.quantity></Point><Point><position>4860</position><in_Quantity.quantity>0.000000</in_Quantity.quantity><out_Quantity.quantity>129.567301</out_Quantity.quantity></Point><Point><position>4861</position><in_Quantity.quantity>0.000000</in_Quantity.quantity><out_Quantity.quantity>486.691490</out_Quantity.quantity></Point><Point><position>4862</position><in_Quantity.quantity>0.000000</in_Quantity.quantity><out_Quantity.quantity>590.841982</out_Quantity.quantity></Point><Point><position>4863</position><in_Quantity.quantity>0.000000</in_Quantity.quantity><out_Quantity.quantity>593.571355</out_Quantity.quantity></Point><Point><position>4864</position><in_Quantity.quantity>0.000000</in_Quantity.quantity><out_Quantity.quantity>940.733155</out_Quantity.quantity></Point><Point><position>4865</position><in_Quantity.quantity>0.000000</in_Quantity.quantity><out_Quantity.quantity>177.656435</out_Quantity.quantity></Point><Point><position>4866</position><in_Quantity.quantity>0.000000</in_Quantity.quantity><out_Quantity.quantity>933.967204</out_Quantity.quantity></Point><Point><position>4867</position><in_Quantity.quantity>0.000000</in_Quantity.quantity><out_Quantity.quantity>954.143375</out_Quantity.quantity></Point><Point><position>4868</position><in_Quantity.quantity>0.000000</in_Quantity.quantity><out_Quantity.quantity>639.549757</out_Quantity.quantity></Point><Point><position>4869</position><in_Quantity.quantity>0.000000</in_Quantity.quantity><out_Quantity.quantity>493.108400</out_Quantity.quantity></Point><Point><position>4870</position><in_Quantity.quantity>0.000000</in_Quantity.quantity><out_Quantity.quantity>435.035638</out_Quantity.quantity></Point><Point><position>4871</position><in_Quantity.quantity>0.000000</in_Quantity.quantity><out_Quantity.quantity>65.221318</out_Quantity.quantity></Point><Point><position>4872</position><in_Quantity.quantity>0.000000</in_Quantity.quantity><out_Quantity.quantity>430.473339</out_Quantity.quantity></Point><Point><position>4873</position><in_Quantity.quantity>0.000000</in_Quantity.quantity><out_Quantity.quantity>637.690452</out_Quantity.quantity></Point><Point><position>4874</position><in_Quantity.quantity>0.000000</in_Quantity.quantity><out_Quantity.quantity>807.604884</out_Quantity.quantity></Point><Point><position>4875</position><in_Quantity.quantity>0.000000</in_Quantity.quantity><out_Quantity.quantity>561.888726</out_Quantity.quantity></Point><Point><position>4876</position><in_Quantity.quantity>0.000000</in_Quantity.quantity><out_Quantity.quantity>52.653099</out_Quantity.quantity></Point><Point><position>4877</position><in_Quantity.quantity>0.000000</in_Quantity.quantity><out_Quantity.quantity>819.134617</out_Quantity.quantity></Point><Point><position>4878</position><in_Quantity.quantity>0.000000</in_Quantity.quantity><out_Quantity.quantity>659.751773</out_Quantity.quantity></Point><Point><position>4879</position><in_Quantity.quantity>0.000000</in_Quantity.quantity><out_Quantity.quantity>147.777501</out_Quantity.quantity></Point><Point><position>4880</position><in_Quantity.quantity>0.000000</in_Quantity.quantity><out_Quantity.quantity>153.785908</out_Quantity.quantity></Point><Point><position>4881</position><in_Quantity.quantity>0.000000</in_Quantity.quantity><out_Quantity.quantity>17.676761</out_Quantity.quantity></Point><Point><position>4882</position><in_Quantity.quantity>0.000000</in_Quantity.quantity><out_Quantity.quantity>627.542674</out_Quantity.quantity></Point><Point><position>4883</position><in_Quantity.quantity>0.000000</in_Quantity.quantity><out_Quantity.quantity>113.940850</out_Quantity.quantity></Point><Point><position>4884</position><in_Quantity.quantity>0.000000</in_Quantity.quantity><out_Quantity.quantity>61.079375</out_Quantity.quantity></Point><Point><position>4885</position><in_Quantity.quantity>0.000000</in_Quantity.quantity><out_Quantity.quantity>543.365854</out_Quantity.quantity></Point><Point><position>4886</position><in_Quantity.quantity>0.000000</in_Quantity.quantity><out_Quantity.quantity>935.841964</out_Quantity.quantity></Point><Point><position>4887</position><in_Quantity.quantity>0.000000</in_Quantity.quantity><out_Quantity.quantity>222.060762</out_Quantity.quantity></Point><Point><position>4888</position><in_Quantity.quantity>0.000000</in_Quantity.quantity><out_Quantity.quantity>4.957779</out_Quantity.quantity></Point><Point><position>4889</position><in_Quantity.quantity>0.000000</in_Quantity.quantity><out_Quantity.quantity>508.896552</out_Quantity.quantity></Point><Point><position>4890</position><in_Quantity.quantity>0.000000</in_Quantity.quantity><out_Quantity.quantity>348.237774</out_Quantity.quantity></Point><Point><position>4891</position><in_Quantity.quantity>0.000000</in_Quantity.quantity><out_Quantity.quantity>136.503125</out_Quantity.quantity></Point><Point><position>4892</position><in_Quantity.quantity>0.000000</in_Quantity.quantity><out_Quantity.quantity>324.445590</out_Quantity.quantity></Point><Point><position>4893</position><in_Quantity.quantity>0.000000</in_Quantity.quantity><out_Quantity.quantity>78.395339</out_Quantity.quantity></Point><Point><position>4894</position><in_Quantity.quantity>0.000000</in_Quantity.quantity><out_Quantity.quantity>408.808340</out_Quantity.quantity></Point><Point><position>4895</position><in_Quantity.quantity>0.000000</in_Quantity.quantity><out_Quantity.quantity>495.841774</out_Quantity.quantity></Point><Point><position>4896</position><in_Quantity.quantity>0.000000</in_Quantity.quantity><out_Quantity.quantity>163.201028</out_Quantity.quantity></Point><Point><position>4897</position><in_Quantity.quantity>0.000000</in_Quantity.quantity><out_Quantity.quantity>92.868366</out_Quantity.quantity></Point><Point><position>4898</position><in_Quantity.quantity>0.000000</in_Quantity.quantity><out_Quantity.quantity>797.693461</out_Quantity.quantity></Point><Point><position>4899</position><in_Quantity.quantity>0.000000</in_Quantity.quantity><out_Quantity.quantity>457.938227</out_Quantity.quantity></Point><Point><position>4900</position><in_Quantity.quantity>0.000000</in_Quantity.quantity><out_Quantity.quantity>239.997547</out_Quantity.quantity></Point><Point><position>4901</position><in_Quantity.quantity>0.000000</in_Quantity.quantity><out_Quantity.quantity>499.815654</out_Quantity.quantity></Point><Point><position>4902</position><in_Quantity.quantity>0.000000</in_Quantity.quantity><out_Quantity.quantity>457.882774</out_Quantity.quantity></Point><Point><position>4903</position><in_Quantity.quantity>0.000000</in_Quantity.quantity><out_Quantity.quantity>706.375732</out_Quantity.quantity></Point><Point><position>4904</position><in_Quantity.quantity>0.000000</in_Quantity.quantity><out_Quantity.quantity>987.808411</out_Quantity.quantity></Point><Point><position>4905</position><in_Quantity.quantity>0.000000</in_Quantity.quantity><out_Quantity.quantity>928.455066</out_Quantity.quantity></Point><Point><position>4906</position><in_Quantity.quantity>0.000000</in_Quantity.quantity><out_Quantity.quantity>953.930419</out_Quantity.quantity></Point><Point><position>4907</position><in_Quantity.quantity>0.000000</in_Quantity.quantity><out_Quantity.quantity>292.204422</out_Quantity.quantity></Point><Point><position>4908</position><in_Quantity.quantity>0.000000</in_Quantity.quantity><out_Quantity.quantity>597.982902</out_Quantity.quantity></Point><Point><position>4909</position><in_Quantity.quantity>0.000000</in_Quantity.quantity><out_Quantity.quantity>154.900701</out_Quantity.quantity></Point><Point><position>4910</position><in_Quantity.quantity>0.000000</in_Quantity.quantity><out_Quantity.quantity>330.639458</out_Quantity.quantity></Point><Point><position>4911</position><in_Quantity.quantity>0.000000</in_Quantity.quantity><out_Quantity.quantity>788.561956</out_Quantity.quantity></Point><Point><position>4912</position><in_Quantity.quantity>0.000000</in_Quantity.quantity><out_Quantity.quantity>707.218504</out_Quantity.quantity></Point><Point><position>4913</position><in_Quantity.quantity>0.000000</in_Quantity.quantity><out_Quantity.quantity>988.975505</out_Quantity.quantity></Point><Point><position>4914</position><in_Quantity.quantity>0.000000</in_Quantity.quantity><out_Quantity.quantity>379.292220</out_Quantity.quantity></Point><Point><position>4915</position><in_Quantity.quantity>0.000000</in_Quantity.quantity><out_Quantity.quantity>74.972649</out_Quantity.quantity></Point><Point><position>4916</position><in_Quantity.quantity>0.000000</in_Quantity.quantity><out_Quantity.quantity>918.644819</out_Quantity.quantity></Point><Point><position>4917</position><in_Quantity.quantity>0.000000</in_Quantity.quantity><out_Quantity.quantity>399.709852</out_Quantity.quantity></Point><Point><position>4918</position><in_Quantity.quantity>0.000000</in_Quantity.quantity><out_Quantity.quantity>958.796658</out_Quantity.quantity></Point><Point><position>4919</position><in_Quantity.quantity>0.000000</in_Quantity.quantity><out_Quantity.quantity>232.525271</out_Quantity.quantity></Point><Point><position>4920</position><in_Quantity.quantity>0.000000</in_Quantity.quantity><out_Quantity.quantity>650.818822</out_Quantity.quantity></Point><Point><position>4921</position><in_Quantity.quantity>0.000000</in_Quantity.quantity><out_Quantity.quantity>181.971814</out_Quantity.quantity></Point><Point><position>4922</position><in_Quantity.quantity>0.000000</in_Quantity.quantity><out_Quantity.quantity>478.567857</out_Quantity.quantity></Point><Point><position>4923</position><in_Quantity.quantity>0.000000</in_Quantity.quantity><out_Quantity.quantity>743.952981</out_Quantity.quantity></Point><Point><position>4924</position><in_Quantity.quantity>0.000000</in_Quantity.quantity><out_Quantity.quantity>180.944143</out_Quantity.quantity></Point><Point><position>4925</position><in_Quantity.quantity>0.000000</in_Quantity.quantity><out_Quantity.quantity>260.307931</out_Quantity.quantity></Point><Point><position>4926</position><in_Quantity.quantity>0.000000</in_Quantity.quantity><out_Quantity.quantity>753.070696</out_Quantity.quantity></Point><Point><position>4927</position><in_Quantity.quantity>0.000000</in_Quantity.quantity><out_Quantity.quantity>354.538589</out_Quantity.quantity></Point><Point><position>4928</position><in_Quantity.quantity>0.000000</in_Quantity.quantity><out_Quantity.quantity>783.535420</out_Quantity.quantity></Point><Point><position>4929</position><in_Quantity.quantity>0.000000</in_Quantity.quantity><out_Quantity.quantity>887.331742</out_Quantity.quantity></Point><Point><position>4930</position><in_Quantity.quantity>0.000000</in_Quantity.quantity><out_Quantity.quantity>205.414994</out_Quantity.quantity></Point><Point><position>4931</position><in_Quantity.quantity>0.000000</in_Quantity.quantity><out_Quantity.quantity>849.792496</out_Quantity.quantity></Point><Point><position>4932</position><in_Quantity.quantity>0.000000</in_Quantity.quantity><out_Quantity.quantity>904.050698</out_Quantity.quantity></Point><Point><position>4933</position><in_Quantity.quantity>0.000000</in_Quantity.quantity><out_Quantity.quantity>233.643530</out_Quantity.quantity></Point><Point><position>4934</position><in_Quantity.quantity>0.000000</in_Quantity.quantity><out_Quantity.quantity>544.596714</out_Quantity.quantity></Point><Point><position>4935</position><in_Quantity.quantity>0.000000</in_Quantity.quantity><out_Quantity.quantity>652.453405</out_Quantity.quantity></Point><Point><position>4936</position><in_Quantity.quantity>0.000000</in_Quantity.quantity><out_Quantity.quantity>660.882624</out_Quantity.quantity></Point><Point><position>4937</position><in_Quantity.quantity>0.000000</in_Quantity.quantity><out_Quantity.quantity>582.654937</out_Quantity.quantity></Point><Point><position>4938</position><in_Quantity.quantity>0.000000</in_Quantity.quantity><out_Quantity.quantity>868.034176</out_Quantity.quantity></Point><Point><position>4939</position><in_Quantity.quantity>0.000000</in_Quantity.quantity><out_Quantity.quantity>460.231965</out_Quantity.quantity></Point><Point><position>4940</position><in_Quantity.quantity>0.000000</in_Quantity.quantity><out_Quantity.quantity>486.448813</out_Quantity.quantity></Point><Point><position>4941</position><in_Quantity.quantity>0.000000</in_Quantity.quantity><out_Quantity.quantity>718.662786</out_Quantity.quantity></Point><Point><position>4942</position><in_Quantity.quantity>0.000000</in_Quantity.quantity><out_Quantity.quantity>398.725994</out_Quantity.quantity></Point><Point><position>4943</position><in_Quantity.quantity>0.000000</in_Quantity.quantity><out_Quantity.quantity>869.078097</out_Quantity.quantity></Point><Point><position>4944</position><in_Quantity.quantity>0.000000</in_Quantity.quantity><out_Quantity.quantity>982.811778</out_Quantity.quantity></Point><Point><position>4945</position><in_Quantity.quantity>0.000000</in_Quantity.quantity><out_Quantity.quantity>59.231400</out_Quantity.quantity></Point><Point><position>4946</position><in_Quantity.quantity>0.000000</in_Quantity.quantity><out_Quantity.quantity>886.728516</out_Quantity.quantity></Point><Point><position>4947</position><in_Quantity.quantity>0.000000</in_Quantity.quantity><out_Quantity.quantity>933.643383</out_Quantity.quantity></Point><Point><position>4948</position><in_Quantity.quantity>0.000000</in_Quantity.quantity><out_Quantity.quantity>951.470539</out_Quantity.quantity></Point><Point><position>4949</position><in_Quantity.quantity>0.000000</in_Quantity.quantity><out_Quantity.quantity>188.317826</out_Quantity.quantity></Point><Point><position>4950</position><in_Quantity.quantity>0.000000</in_Quantity.quantity><out_Quantity.quantity>400.771053</out_Quantity.quantity></Point><Point><position>4951</position><in_Quantity.quantity>0.000000</in_Quantity.quantity><out_Quantity.quantity>898.804569</out_Quantity.quantity></Point><Point><position>4952</position><in_Quantity.quantity>0.000000</in_Quantity.quantity><out_Quantity.quantity>397.942721</out_Quantity.quantity></Point><Point><position>4953</position><in_Quantity.quantity>0.000000</in_Quantity.quantity><out_Quantity.quantity>341.890647</out_Quantity.quantity></Point><Point><position>4954</position><in_Quantity.quantity>0.000000</in_Quantity.quantity><out_Quantity.quantity>621.255943</out_Quantity.quantity></Point><Point><position>4955</position><in_Quantity.quantity>0.000000</in_Quantity.quantity><out_Quantity.quantity>799.212059</out_Quantity.quantity></Point><Point><position>4956</position><in_Quantity.quantity>0.000000</in_Quantity.quantity><out_Quantity.quantity>396.212257</out_Quantity.quantity></Point><Point><position>4957</position><in_Quantity.quantity>0.000000</in_Quantity.quantity><out_Quantity.quantity>854.235970</out_Quantity.quantity></Point><Point><position>4958</position><in_Quantity.quantity>0.000000</in_Quantity.quantity><out_Quantity.quantity>909.057609</out_Quantity.quantity></Point><Point><position>4959</position><in_Quantity.quantity>0.000000</in_Quantity.quantity><out_Quantity.quantity>471.970651</out_Quantity.quantity></Point><Point><position>4960</position><in_Quantity.quantity>0.000000</in_Quantity.quantity><out_Quantity.quantity>597.411866</out_Quantity.quantity></Point><Point><position>4961</position><in_Quantity.quantity>0.000000</in_Quantity.quantity><out_Quantity.quantity>602.726135</out_Quantity.quantity></Point><Point><position>4962</position><in_Quantity.quantity>0.000000</in_Quantity.quantity><out_Quantity.quantity>945.601162</out_Quantity.quantity></Point><Point><position>4963</position><in_Quantity.quantity>0.000000</in_Quantity.quantity><out_Quantity.quantity>50.213115</out_Quantity.quantity></Point><Point><position>4964</position><in_Quantity.quantity>0.000000</in_Quantity.quantity><out_Quantity.quantity>517.870137</out_Quantity.quantity></Point><Point><position>4965</position><in_Quantity.quantity>0.000000</in_Quantity.quantity><out_Quantity.quantity>867.786095</out_Quantity.quantity></Point><Point><position>4966</position><in_Quantity.quantity>0.000000</in_Quantity.quantity><out_Quantity.quantity>587.053590</out_Quantity.quantity></Point><Point><position>4967</position><in_Quantity.quantity>0.000000</in_Quantity.quantity><out_Quantity.quantity>462.568300</out_Quantity.quantity></Point><Point><position>4968</position><in_Quantity.quantity>0.000000</in_Quantity.quantity><out_Quantity.quantity>871.081258</out_Quantity.quantity></Point><Point><position>4969</position><in_Quantity.quantity>0.000000</in_Quantity.quantity><out_Quantity.quantity>582.061999</out_Quantity.quantity></Point><Point><position>4970</position><in_Quantity.quantity>0.000000</in_Quantity.quantity><out_Quantity.quantity>920.581850</out_Quantity.quantity></Point><Point><position>4971</position><in_Quantity.quantity>0.000000</in_Quantity.quantity><out_Quantity.quantity>267.078676</out_Quantity.quantity></Point><Point><position>4972</position><in_Quantity.quantity>0.000000</in_Quantity.quantity><out_Quantity.quantity>445.507901</out_Quantity.quantity></Point><Point><position>4973</position><in_Quantity.quantity>0.000000</in_Quantity.quantity><out_Quantity.quantity>370.315751</out_Quantity.quantity></Point><Point><position>4974</position><in_Quantity.quantity>0.000000</in_Quantity.quantity><out_Quantity.quantity>369.090851</out_Quantity.quantity></Point><Point><position>4975</position><in_Quantity.quantity>0.000000</in_Quantity.quantity><out_Quantity.quantity>583.170590</out_Quantity.quantity></Point><Point><position>4976</position><in_Quantity.quantity>0.000000</in_Quantity.quantity><out_Quantity.quantity>465.675596</out_Quantity.quantity></Point><Point><position>4977</position><in_Quantity.quantity>0.000000</in_Quantity.quantity><out_Quantity.quantity>986.666014</out_Quantity.quantity></Point><Point><position>4978</position><in_Quantity.quantity>0.000000</in_Quantity.quantity><out_Quantity.quantity>481.906330</out_Quantity.quantity></Point><Point><position>4979</position><in_Quantity.quantity>0.000000</in_Quantity.quantity><out_Quantity.quantity>634.132212</out_Quantity.quantity></Point><Point><position>4980</position><in_Quantity.quantity>0.000000</in_Quantity.quantity><out_Quantity.quantity>772.026604</out_Quantity.quantity></Point><Point><position>4981</position><in_Quantity.quantity>0.000000</in_Quantity.quantity><out_Quantity.quantity>319.341519</out_Quantity.quantity></Point><Point><position>4982</position><in_Quantity.quantity>0.000000</in_Quantity.quantity><out_Quantity.quantity>51.102671</out_Quantity.quantity></Point><Point><position>4983</position><in_Quantity.quantity>0.000000</in_Quantity.quantity><out_Quantity.quantity>281.961628</out_Quantity.quantity></Point><Point><position>4984</position><in_Quantity.quantity>0.000000</in_Quantity.quantity><out_Quantity.quantity>907.405817</out_Quantity.quantity></Point><Point><position>4985</position><in_Quantity.quantity>0.000000</in_Quantity.quantity><out_Quantity.quantity>900.727633</out_Quantity.quantity></Point><Point><position>4986</position><in_Quantity.quantity>0.000000</in_Quantity.quantity><out_Quantity.quantity>309.676585</out_Quantity.quantity></Point><Point><position>4987</position><in_Quantity.quantity>0.000000</in_Quantity.quantity><out_Quantity.quantity>201.132553</out_Quantity.quantity></Point><Point><position>4988</position><in_Quantity.quantity>0.000000</in_Quantity.quantity><out_Quantity.quantity>816.797988</out_Quantity.quantity></Point><Point><position>4989</position><in_Quantity.quantity>0.000000</in_Quantity.quantity><out_Quantity.quantity>390.436667</out_Quantity.quantity></Point><Point><position>4990</position><in_Quantity.quantity>0.000000</in_Quantity.quantity><out_Quantity.quantity>232.448518</out_Quantity.quantity></Point><Point><position>4991</position><in_Quantity.quantity>0.000000</in_Quantity.quantity><out_Quantity.quantity>758.262545</out_Quantity.quantity></Point><Point><position>4992</position><in_Quantity.quantity>0.000000</in_Quantity.quantity><out_Quantity.quantity>406.600488</out_Quantity.quantity></Point><Point><position>4993</position><in_Quantity.quantity>0.000000</in_Quantity.quantity><out_Quantity.quantity>725.518042</out_Quantity.quantity></Point><Point><position>4994</position><in_Quantity.quantity>0.000000</in_Quantity.quantity><out_Quantity.quantity>516.365353</out_Quantity.quantity></Point><Point><position>4995</position><in_Quantity.quantity>0.000000</in_Quantity.quantity><out_Quantity.quantity>892.177261</out_Quantity.quantity></Point><Point><position>4996</position><in_Quantity.quantity>0.000000</in_Quantity.quantity><out_Quantity.quantity>591.263495</out_Quantity.quantity></Point><Point><position>4997</position><in_Quantity.quantity>0.000000</in_Quantity.quantity><out_Quantity.quantity>280.446055</out_Quantity.quantity></Point><Point><position>4998</position><in_Quantity.quantity>0.000000</in_Quantity.quantity><out_Quantity.quantity>788.363352</out_Quantity.quantity></Point><Point><position>4999</position><in_Quantity.quantity>0.000000</in_Quantity.quantity><out_Quantity.quantity>474.040247</out_Quantity.quantity></Point><Point><position>5000</position><in_Quantity.quantity>0.000000</in_Quantity.quantity><out_Quantity.quantity>375.290784</out_Quantity.quantity></Point><Point><position>5001</position><in_Quantity.quantity>0.000000</in_Quantity.quantity><out_Quantity.quantity>342.694932</out_Quantity.quantity></Point><Point><position>5002</position><in_Quantity.quantity>0.000000</in_Quantity.quantity><out_Quantity.quantity>807.861217</out_Quantity.quantity></Point><Point><position>5003</position><in_Quantity.quantity>0.000000</in_Quantity.quantity><out_Quantity.quantity>292.247713</out_Quantity.quantity></Point><Point><position>5004</position><in_Quantity.quantity>0.000000</in_Quantity.quantity><out_Quantity.quantity>490.349797</out_Quantity.quantity></Point><Point><position>5005</position><in_Quantity.quantity>0.000000</in_Quantity.quantity><out_Quantity.quantity>131.162658</out_Quantity.quantity></Point><Point><position>5006</position><in_Quantity.quantity>0.000000</in_Quantity.quantity><out_Quantity.quantity>377.354761</out_Quantity.quantity></Point><Point><position>5007</position><in_Quantity.quantity>0.000000</in_Quantity.quantity><out_Quantity.quantity>710.155823</out_Quantity.quantity></Point><Point><position>5008</position><in_Quantity.quantity>0.000000</in_Quantity.quantity><out_Quantity.quantity>594.157838</out_Quantity.quantity></Point><Point><position>5009</position><in_Quantity.quantity>0.000000</in_Quantity.quantity><out_Quantity.quantity>905.071818</out_Quantity.quantity></Point><Point><position>5010</position><in_Quantity.quantity>0.000000</in_Quantity.quantity><out_Quantity.quantity>201.123162</out_Quantity.quantity></Point><Point><position>5011</position><in_Quantity.quantity>0.000000</in_Quantity.quantity><out_Quantity.quantity>539.007749</out_Quantity.quantity></Point><Point><position>5012</position><in_Quantity.quantity>0.000000</in_Quantity.quantity><out_Quantity.quantity>861.051391</out_Quantity.quantity></Point><Point><position>5013</position><in_Quantity.quantity>0.000000</in_Quantity.quantity><out_Quantity.quantity>401.397840</out_Quantity.quantity></Point><Point><position>5014</position><in_Quantity.quantity>0.000000</in_Quantity.quantity><out_Quantity.quantity>802.773135</out_Quantity.quantity></Point><Point><position>5015</position><in_Quantity.quantity>0.000000</in_Quantity.quantity><out_Quantity.quantity>395.279851</out_Quantity.quantity></Point><Point><position>5016</position><in_Quantity.quantity>0.000000</in_Quantity.quantity><out_Quantity.quantity>0.278205</out_Quantity.quantity></Point><Point><position>5017</position><in_Quantity.quantity>0.000000</in_Quantity.quantity><out_Quantity.quantity>466.454459</out_Quantity.quantity></Point><Point><position>5018</position><in_Quantity.quantity>0.000000</in_Quantity.quantity><out_Quantity.quantity>352.517017</out_Quantity.quantity></Point><Point><position>5019</position><in_Quantity.quantity>0.000000</in_Quantity.quantity><out_Quantity.quantity>290.311778</out_Quantity.quantity></Point><Point><position>5020</position><in_Quantity.quantity>0.000000</in_Quantity.quantity><out_Quantity.quantity>298.309624</out_Quantity.quantity></Point><Point><position>5021</position><in_Quantity.quantity>0.000000</in_Quantity.quantity><out_Quantity.quantity>208.219884</out_Quantity.quantity></Point><Point><position>5022</position><in_Quantity.quantity>0.000000</in_Quantity.quantity><out_Quantity.quantity>286.150487</out_Quantity.quantity></Point><Point><position>5023</position><in_Quantity.quantity>0.000000</in_Quantity.quantity><out_Quantity.quantity>897.326490</out_Quantity.quantity></Point><Point><position>5024</position><in_Quantity.quantity>0.000000</in_Quantity.quantity><out_Quantity.quantity>155.661578</out_Quantity.quantity></Point><Point><position>5025</position><in_Quantity.quantity>0.000000</in_Quantity.quantity><out_Quantity.quantity>976.631564</out_Quantity.quantity></Point><Point><position>5026</position><in_Quantity.quantity>0.000000</in_Quantity.quantity><out_Quantity.quantity>646.662661</out_Quantity.quantity></Point><Point><position>5027</position><in_Quantity.quantity>0.000000</in_Quantity.quantity><out_Quantity.quantity>899.802592</out_Quantity.quantity></Point><Point><position>5028</position><in_Quantity.quantity>0.000000</in_Quantity.quantity><out_Quantity.quantity>5.345637</out_Quantity.quantity></Point><Point><position>5029</position><in_Quantity.quantity>0.000000</in_Quantity.quantity><out_Quantity.quantity>803.875651</out_Quantity.quantity></Point><Point><position>5030</position><in_Quantity.quantity>0.000000</in_Quantity.quantity><out_Quantity.quantity>766.192742</out_Quantity.quantity></Point><Point><position>5031</position><in_Quantity.quantity>0.000000</in_Quantity.quantity><out_Quantity.quantity>58.012940</out_Quantity.quantity></Point><Point><position>5032</position><in_Quantity.quantity>0.000000</in_Quantity.quantity><out_Quantity.quantity>517.677522</out_Quantity.quantity></Point><Point><position>5033</position><in_Quantity.quantity>0.000000</in_Quantity.quantity><out_Quantity.quantity>270.698290</out_Quantity.quantity></Point><Point><position>5034</position><in_Quantity.quantity>0.000000</in_Quantity.quantity><out_Quantity.quantity>694.647363</out_Quantity.quantity></Point><Point><position>5035</position><in_Quantity.quantity>0.000000</in_Quantity.quantity><out_Quantity.quantity>266.872905</out_Quantity.quantity></Point><Point><position>5036</position><in_Quantity.quantity>0.000000</in_Quantity.quantity><out_Quantity.quantity>638.153082</out_Quantity.quantity></Point><Point><position>5037</position><in_Quantity.quantity>0.000000</in_Quantity.quantity><out_Quantity.quantity>532.433363</out_Quantity.quantity></Point><Point><position>5038</position><in_Quantity.quantity>0.000000</in_Quantity.quantity><out_Quantity.quantity>757.912716</out_Quantity.quantity></Point><Point><position>5039</position><in_Quantity.quantity>0.000000</in_Quantity.quantity><out_Quantity.quantity>842.952059</out_Quantity.quantity></Point><Point><position>5040</position><in_Quantity.quantity>0.000000</in_Quantity.quantity><out_Quantity.quantity>818.189681</out_Quantity.quantity></Point><Point><position>5041</position><in_Quantity.quantity>0.000000</in_Quantity.quantity><out_Quantity.quantity>789.455255</out_Quantity.quantity></Point><Point><position>5042</position><in_Quantity.quantity>0.000000</in_Quantity.quantity><out_Quantity.quantity>515.589310</out_Quantity.quantity></Point><Point><position>5043</position><in_Quantity.quantity>0.000000</in_Quantity.quantity><out_Quantity.quantity>43.413408</out_Quantity.quantity></Point><Point><position>5044</position><in_Quantity.quantity>0.000000</in_Quantity.quantity><out_Quantity.quantity>431.049626</out_Quantity.quantity></Point><Point><position>5045</position><in_Quantity.quantity>0.000000</in_Quantity.quantity><out_Quantity.quantity>707.110605</out_Quantity.quantity></Point><Point><position>5046</position><in_Quantity.quantity>0.000000</in_Quantity.quantity><out_Quantity.quantity>647.083625</out_Quantity.quantity></Point><Point><position>5047</position><in_Quantity.quantity>0.000000</in_Quantity.quantity><out_Quantity.quantity>344.703911</out_Quantity.quantity></Point><Point><position>5048</position><in_Quantity.quantity>0.000000</in_Quantity.quantity><out_Quantity.quantity>698.850771</out_Quantity.quantity></Point><Point><position>5049</position><in_Quantity.quantity>0.000000</in_Quantity.quantity><out_Quantity.quantity>772.431501</out_Quantity.quantity></Point><Point><position>5050</position><in_Quantity.quantity>0.000000</in_Quantity.quantity><out_Quantity.quantity>654.723237</out_Quantity.quantity></Point><Point><position>5051</position><in_Quantity.quantity>0.000000</in_Quantity.quantity><out_Quantity.quantity>531.223922</out_Quantity.quantity></Point><Point><position>5052</position><in_Quantity.quantity>0.000000</in_Quantity.quantity><out_Quantity.quantity>171.459786</out_Quantity.quantity></Point><Point><position>5053</position><in_Quantity.quantity>0.000000</in_Quantity.quantity><out_Quantity.quantity>359.421063</out_Quantity.quantity></Point><Point><position>5054</position><in_Quantity.quantity>0.000000</in_Quantity.quantity><out_Quantity.quantity>694.995692</out_Quantity.quantity></Point><Point><position>5055</position><in_Quantity.quantity>0.000000</in_Quantity.quantity><out_Quantity.quantity>380.922529</out_Quantity.quantity></Point><Point><position>5056</position><in_Quantity.quantity>0.000000</in_Quantity.quantity><out_Quantity.quantity>526.622045</out_Quantity.quantity></Point><Point><position>5057</position><in_Quantity.quantity>0.000000</in_Quantity.quantity><out_Quantity.quantity>40.663633</out_Quantity.quantity></Point><Point><position>5058</position><in_Quantity.quantity>0.000000</in_Quantity.quantity><out_Quantity.quantity>910.184553</out_Quantity.quantity></Point><Point><position>5059</position><in_Quantity.quantity>0.000000</in_Quantity.quantity><out_Quantity.quantity>145.771017</out_Quantity.quantity></Point><Point><position>5060</position><in_Quantity.quantity>0.000000</in_Quantity.quantity><out_Quantity.quantity>857.616175</out_Quantity.quantity></Point><Point><position>5061</position><in_Quantity.quantity>0.000000</in_Quantity.quantity><out_Quantity.quantity>749.148347</out_Quantity.quantity></Point><Point><position>5062</position><in_Quantity.quantity>0.000000</in_Quantity.quantity><out_Quantity.quantity>820.275200</out_Quantity.quantity></Point><Point><position>5063</position><in_Quantity.quantity>0.000000</in_Quantity.quantity><out_Quantity.quantity>79.285973</out_Quantity.quantity></Point><Point><position>5064</position><in_Quantity.quantity>0.000000</in_Quantity.quantity><out_Quantity.quantity>80.807980</out_Quantity.quantity></Point><Point><position>5065</position><in_Quantity.quantity>0.000000</in_Quantity.quantity><out_Quantity.quantity>55.023818</out_Quantity.quantity></Point><Point><position>5066</position><in_Quantity.quantity>0.000000</in_Quantity.quantity><out_Quantity.quantity>519.349876</out_Quantity.quantity></Point><Point><position>5067</position><in_Quantity.quantity>0.000000</in_Quantity.quantity><out_Quantity.quantity>649.697308</out_Quantity.quantity></Point><Point><position>5068</position><in_Quantity.quantity>0.000000</in_Quantity.quantity><out_Quantity.quantity>97.366885</out_Quantity.quantity></Point><Point><position>5069</position><in_Quantity.quantity>0.000000</in_Quantity.quantity><out_Quantity.quantity>40.483236</out_Quantity.quantity></Point><Point><position>5070</position><in_Quantity.quantity>0.000000</in_Quantity.quantity><out_Quantity.quantity>107.659651</out_Quantity.quantity></Point><Point><position>5071</position><in_Quantity.quantity>0.000000</in_Quantity.quantity><out_Quantity.quantity>326.730986</out_Quantity.quantity></Point><Point><position>5072</position><in_Quantity.quantity>0.000000</in_Quantity.quantity><out_Quantity.quantity>128.150321</out_Quantity.quantity></Point><Point><position>5073</position><in_Quantity.quantity>0.000000</in_Quantity.quantity><out_Quantity.quantity>87.215790</out_Quantity.quantity></Point><Point><position>5074</position><in_Quantity.quantity>0.000000</in_Quantity.quantity><out_Quantity.quantity>168.392954</out_Quantity.quantity></Point><Point><position>5075</position><in_Quantity.quantity>0.000000</in_Quantity.quantity><out_Quantity.quantity>784.609933</out_Quantity.quantity></Point><Point><position>5076</position><in_Quantity.quantity>0.000000</in_Quantity.quantity><out_Quantity.quantity>38.028526</out_Quantity.quantity></Point><Point><position>5077</position><in_Quantity.quantity>0.000000</in_Quantity.quantity><out_Quantity.quantity>798.629125</out_Quantity.quantity></Point><Point><position>5078</position><in_Quantity.quantity>0.000000</in_Quantity.quantity><out_Quantity.quantity>294.163271</out_Quantity.quantity></Point><Point><position>5079</position><in_Quantity.quantity>0.000000</in_Quantity.quantity><out_Quantity.quantity>478.735324</out_Quantity.quantity></Point><Point><position>5080</position><in_Quantity.quantity>0.000000</in_Quantity.quantity><out_Quantity.quantity>637.388906</out_Quantity.quantity></Point><Point><position>5081</position><in_Quantity.quantity>0.000000</in_Quantity.quantity><out_Quantity.quantity>456.125672</out_Quantity.quantity></Point><Point><position>5082</position><in_Quantity.quantity>0.000000</in_Quantity.quantity><out_Quantity.quantity>112.451564</out_Quantity.quantity></Point><Point><position>5083</position><in_Quantity.quantity>0.000000</in_Quantity.quantity><out_Quantity.quantity>271.256445</out_Quantity.quantity></Point><Point><position>5084</position><in_Quantity.quantity>0.000000</in_Quantity.quantity><out_Quantity.quantity>387.461404</out_Quantity.quantity></Point><Point><position>5085</position><in_Quantity.quantity>0.000000</in_Quantity.quantity><out_Quantity.quantity>90.765018</out_Quantity.quantity></Point><Point><position>5086</position><in_Quantity.quantity>0.000000</in_Quantity.quantity><out_Quantity.quantity>76.292418</out_Quantity.quantity></Point><Point><position>5087</position><in_Quantity.quantity>0.000000</in_Quantity.quantity><out_Quantity.quantity>64.698199</out_Quantity.quantity></Point><Point><position>5088</position><in_Quantity.quantity>0.000000</in_Quantity.quantity><out_Quantity.quantity>210.449046</out_Quantity.quantity></Point><Point><position>5089</position><in_Quantity.quantity>0.000000</in_Quantity.quantity><out_Quantity.quantity>660.086620</out_Quantity.quantity></Point><Point><position>5090</position><in_Quantity.quantity>0.000000</in_Quantity.quantity><out_Quantity.quantity>584.657575</out_Quantity.quantity></Point><Point><position>5091</position><in_Quantity.quantity>0.000000</in_Quantity.quantity><out_Quantity.quantity>833.921322</out_Quantity.quantity></Point><Point><position>5092</position><in_Quantity.quantity>0.000000</in_Quantity.quantity><out_Quantity.quantity>324.615096</out_Quantity.quantity></Point><Point><position>5093</position><in_Quantity.quantity>0.000000</in_Quantity.quantity><out_Quantity.quantity>202.331914</out_Quantity.quantity></Point><Point><position>5094</position><in_Quantity.quantity>0.000000</in_Quantity.quantity><out_Quantity.quantity>134.098464</out_Quantity.quantity></Point><Point><position>5095</position><in_Quantity.quantity>0.000000</in_Quantity.quantity><out_Quantity.quantity>798.323142</out_Quantity.quantity></Point><Point><position>5096</position><in_Quantity.quantity>0.000000</in_Quantity.quantity><out_Quantity.quantity>785.018861</out_Quantity.quantity></Point><Point><position>5097</position><in_Quantity.quantity>0.000000</in_Quantity.quantity><out_Quantity.quantity>783.972787</out_Quantity.quantity></Point><Point><position>5098</position><in_Quantity.quantity>0.000000</in_Quantity.quantity><out_Quantity.quantity>710.769281</out_Quantity.quantity></Point><Point><position>5099</position><in_Quantity.quantity>0.000000</in_Quantity.quantity><out_Quantity.quantity>832.158171</out_Quantity.quantity></Point><Point><position>5100</position><in_Quantity.quantity>0.000000</in_Quantity.quantity><out_Quantity.quantity>966.860191</out_Quantity.quantity></Point><Point><position>5101</position><in_Quantity.quantity>0.000000</in_Quantity.quantity><out_Quantity.quantity>447.017639</out_Quantity.quantity></Point><Point><position>5102</position><in_Quantity.quantity>0.000000</in_Quantity.quantity><out_Quantity.quantity>135.394406</out_Quantity.quantity></Point><Point><position>5103</position><in_Quantity.quantity>0.000000</in_Quantity.quantity><out_Quantity.quantity>845.391237</out_Quantity.quantity></Point><Point><position>5104</position><in_Quantity.quantity>0.000000</in_Quantity.quantity><out_Quantity.quantity>417.414706</out_Quantity.quantity></Point><Point><position>5105</position><in_Quantity.quantity>0.000000</in_Quantity.quantity><out_Quantity.quantity>349.343081</out_Quantity.quantity></Point><Point><position>5106</position><in_Quantity.quantity>0.000000</in_Quantity.quantity><out_Quantity.quantity>391.223952</out_Quantity.quantity></Point><Point><position>5107</position><in_Quantity.quantity>0.000000</in_Quantity.quantity><out_Quantity.quantity>731.242459</out_Quantity.quantity></Point><Point><position>5108</position><in_Quantity.quantity>0.000000</in_Quantity.quantity><out_Quantity.quantity>227.944021</out_Quantity.quantity></Point><Point><position>5109</position><in_Quantity.quantity>0.000000</in_Quantity.quantity><out_Quantity.quantity>502.274523</out_Quantity.quantity></Point><Point><position>5110</position><in_Quantity.quantity>0.000000</in_Quantity.quantity><out_Quantity.quantity>855.914065</out_Quantity.quantity></Point><Point><position>5111</position><in_Quantity.quantity>0.000000</in_Quantity.quantity><out_Quantity.quantity>503.336337</out_Quantity.quantity></Point><Point><position>5112</position><in_Quantity.quantity>0.000000</in_Quantity.quantity><out_Quantity.quantity>831.942305</out_Quantity.quantity></Point><Point><position>5113</position><in_Quantity.quantity>0.000000</in_Quantity.quantity><out_Quantity.quantity>245.747657</out_Quantity.quantity></Point><Point><position>5114</position><in_Quantity.quantity>0.000000</in_Quantity.quantity><out_Quantity.quantity>392.152637</out_Quantity.quantity></Point><Point><position>5115</position><in_Quantity.quantity>0.000000</in_Quantity.quantity><out_Quantity.quantity>849.761113</out_Quantity.quantity></Point><Point><position>5116</position><in_Quantity.quantity>0.000000</in_Quantity.quantity><out_Quantity.quantity>834.226864</out_Quantity.quantity></Point><Point><position>5117</position><in_Quantity.quantity>0.000000</in_Quantity.quantity><out_Quantity.quantity>775.094601</out_Quantity.quantity></Point><Point><position>5118</position><in_Quantity.quantity>0.000000</in_Quantity.quantity><out_Quantity.quantity>735.877225</out_Quantity.quantity></Point><Point><position>5119</position><in_Quantity.quantity>0.000000</in_Quantity.quantity><out_Quantity.quantity>842.525703</out_Quantity.quantity></Point><Point><position>5120</position><in_Quantity.quantity>0.000000</in_Quantity.quantity><out_Quantity.quantity>271.056980</out_Quantity.quantity></Point><Point><position>5121</position><in_Quantity.quantity>0.000000</in_Quantity.quantity><out_Quantity.quantity>47.878723</out_Quantity.quantity></Point><Point><position>5122</position><in_Quantity.quantity>0.000000</in_Quantity.quantity><out_Quantity.quantity>624.326704</out_Quantity.quantity></Point><Point><position>5123</position><in_Quantity.quantity>0.000000</in_Quantity.quantity><out_Quantity.quantity>133.581995</out_Quantity.quantity></Point><Point><position>5124</position><in_Quantity.quantity>0.000000</in_Quantity.quantity><out_Quantity.quantity>546.475947</out_Quantity.quantity></Point><Point><position>5125</position><in_Quantity.quantity>0.000000</in_Quantity.quantity><out_Quantity.quantity>985.376899</out_Quantity.quantity></Point><Point><position>5126</position><in_Quantity.quantity>0.000000</in_Quantity.quantity><out_Quantity.quantity>919.199236</out_Quantity.quantity></Point><Point><position>5127</position><in_Quantity.quantity>0.000000</in_Quantity.quantity><out_Quantity.quantity>74.942548</out_Quantity.quantity></Point><Point><position>5128</position><in_Quantity.quantity>0.000000</in_Quantity.quantity><out_Quantity.quantity>381.128797</out_Quantity.quantity></Point><Point><position>5129</position><in_Quantity.quantity>0.000000</in_Quantity.quantity><out_Quantity.quantity>44.671881</out_Quantity.quantity></Point><Point><position>5130</position><in_Quantity.quantity>0.000000</in_Quantity.quantity><out_Quantity.quantity>84.265120</out_Quantity.quantity></Point><Point><position>5131</position><in_Quantity.quantity>0.000000</in_Quantity.quantity><out_Quantity.quantity>991.443335</out_Quantity.quantity></Point><Point><position>5132</position><in_Quantity.quantity>0.000000</in_Quantity.quantity><out_Quantity.quantity>597.633878</out_Quantity.quantity></Point><Point><position>5133</position><in_Quantity.quantity>0.000000</in_Quantity.quantity><out_Quantity.quantity>697.118599</out_Quantity.quantity></Point><Point><position>5134</position><in_Quantity.quantity>0.000000</in_Quantity.quantity><out_Quantity.quantity>601.710737</out_Quantity.quantity></Point><Point><position>5135</position><in_Quantity.quantity>0.000000</in_Quantity.quantity><out_Quantity.quantity>167.824879</out_Quantity.quantity></Point><Point><position>5136</position><in_Quantity.quantity>0.000000</in_Quantity.quantity><out_Quantity.quantity>829.661252</out_Quantity.quantity></Point><Point><position>5137</position><in_Quantity.quantity>0.000000</in_Quantity.quantity><out_Quantity.quantity>884.376413</out_Quantity.quantity></Point><Point><position>5138</position><in_Quantity.quantity>0.000000</in_Quantity.quantity><out_Quantity.quantity>579.235142</out_Quantity.quantity></Point><Point><position>5139</position><in_Quantity.quantity>0.000000</in_Quantity.quantity><out_Quantity.quantity>937.960906</out_Quantity.quantity></Point><Point><position>5140</position><in_Quantity.quantity>0.000000</in_Quantity.quantity><out_Quantity.quantity>903.507763</out_Quantity.quantity></Point><Point><position>5141</position><in_Quantity.quantity>0.000000</in_Quantity.quantity><out_Quantity.quantity>386.526803</out_Quantity.quantity></Point><Point><position>5142</position><in_Quantity.quantity>0.000000</in_Quantity.quantity><out_Quantity.quantity>782.873912</out_Quantity.quantity></Point><Point><position>5143</position><in_Quantity.quantity>0.000000</in_Quantity.quantity><out_Quantity.quantity>951.933382</out_Quantity.quantity></Point><Point><position>5144</position><in_Quantity.quantity>0.000000</in_Quantity.quantity><out_Quantity.quantity>278.210565</out_Quantity.quantity></Point><Point><position>5145</position><in_Quantity.quantity>0.000000</in_Quantity.quantity><out_Quantity.quantity>308.772478</out_Quantity.quantity></Point><Point><position>5146</position><in_Quantity.quantity>0.000000</in_Quantity.quantity><out_Quantity.quantity>726.761788</out_Quantity.quantity></Point><Point><position>5147</position><in_Quantity.quantity>0.000000</in_Quantity.quantity><out_Quantity.quantity>605.345174</out_Quantity.quantity></Point><Point><position>5148</position><in_Quantity.quantity>0.000000</in_Quantity.quantity><out_Quantity.quantity>969.842284</out_Quantity.quantity></Point><Point><position>5149</position><in_Quantity.quantity>0.000000</in_Quantity.quantity><out_Quantity.quantity>446.751887</out_Quantity.quantity></Point><Point><position>5150</position><in_Quantity.quantity>0.000000</in_Quantity.quantity><out_Quantity.quantity>119.587563</out_Quantity.quantity></Point><Point><position>5151</position><in_Quantity.quantity>0.000000</in_Quantity.quantity><out_Quantity.quantity>213.522717</out_Quantity.quantity></Point><Point><position>5152</position><in_Quantity.quantity>0.000000</in_Quantity.quantity><out_Quantity.quantity>754.189406</out_Quantity.quantity></Point><Point><position>5153</position><in_Quantity.quantity>0.000000</in_Quantity.quantity><out_Quantity.quantity>579.545766</out_Quantity.quantity></Point><Point><position>5154</position><in_Quantity.quantity>0.000000</in_Quantity.quantity><out_Quantity.quantity>359.468407</out_Quantity.quantity></Point><Point><position>5155</position><in_Quantity.quantity>0.000000</in_Quantity.quantity><out_Quantity.quantity>538.711516</out_Quantity.quantity></Point><Point><position>5156</position><in_Quantity.quantity>0.000000</in_Quantity.quantity><out_Quantity.quantity>142.984378</out_Quantity.quantity></Point><Point><position>5157</position><in_Quantity.quantity>0.000000</in_Quantity.quantity><out_Quantity.quantity>606.669036</out_Quantity.quantity></Point><Point><position>5158</position><in_Quantity.quantity>0.000000</in_Quantity.quantity><out_Quantity.quantity>649.181099</out_Quantity.quantity></Point><Point><position>5159</position><in_Quantity.quantity>0.000000</in_Quantity.quantity><out_Quantity.quantity>322.806149</out_Quantity.quantity></Point><Point><position>5160</position><in_Quantity.quantity>0.000000</in_Quantity.quantity><out_Quantity.quantity>537.071496</out_Quantity.quantity></Point><Point><position>5161</position><in_Quantity.quantity>0.000000</in_Quantity.quantity><out_Quantity.quantity>374.717409</out_Quantity.quantity></Point><Point><position>5162</position><in_Quantity.quantity>0.000000</in_Quantity.quantity><out_Quantity.quantity>284.777401</out_Quantity.quantity></Point><Point><position>5163</position><in_Quantity.quantity>0.000000</in_Quantity.quantity><out_Quantity.quantity>923.732842</out_Quantity.quantity></Point><Point><position>5164</position><in_Quantity.quantity>0.000000</in_Quantity.quantity><out_Quantity.quantity>439.245702</out_Quantity.quantity></Point><Point><position>5165</position><in_Quantity.quantity>0.000000</in_Quantity.quantity><out_Quantity.quantity>542.200051</out_Quantity.quantity></Point><Point><position>5166</position><in_Quantity.quantity>0.000000</in_Quantity.quantity><out_Quantity.quantity>454.961688</out_Quantity.quantity></Point><Point><position>5167</position><in_Quantity.quantity>0.000000</in_Quantity.quantity><out_Quantity.quantity>594.459418</out_Quantity.quantity></Point><Point><position>5168</position><in_Quantity.quantity>0.000000</in_Quantity.quantity><out_Quantity.quantity>55.433123</out_Quantity.quantity></Point><Point><position>5169</position><in_Quantity.quantity>0.000000</in_Quantity.quantity><out_Quantity.quantity>707.437629</out_Quantity.quantity></Point><Point><position>5170</position><in_Quantity.quantity>0.000000</in_Quantity.quantity><out_Quantity.quantity>932.890576</out_Quantity.quantity></Point><Point><position>5171</position><in_Quantity.quantity>0.000000</in_Quantity.quantity><out_Quantity.quantity>382.246996</out_Quantity.quantity></Point><Point><position>5172</position><in_Quantity.quantity>0.000000</in_Quantity.quantity><out_Quantity.quantity>217.301471</out_Quantity.quantity></Point><Point><position>5173</position><in_Quantity.quantity>0.000000</in_Quantity.quantity><out_Quantity.quantity>481.495806</out_Quantity.quantity></Point><Point><position>5174</position><in_Quantity.quantity>0.000000</in_Quantity.quantity><out_Quantity.quantity>825.786023</out_Quantity.quantity></Point><Point><position>5175</position><in_Quantity.quantity>0.000000</in_Quantity.quantity><out_Quantity.quantity>779.053744</out_Quantity.quantity></Point><Point><position>5176</position><in_Quantity.quantity>0.000000</in_Quantity.quantity><out_Quantity.quantity>515.285750</out_Quantity.quantity></Point><Point><position>5177</position><in_Quantity.quantity>0.000000</in_Quantity.quantity><out_Quantity.quantity>50.432784</out_Quantity.quantity></Point><Point><position>5178</position><in_Quantity.quantity>0.000000</in_Quantity.quantity><out_Quantity.quantity>812.469524</out_Quantity.quantity></Point><Point><position>5179</position><in_Quantity.quantity>0.000000</in_Quantity.quantity><out_Quantity.quantity>605.964962</out_Quantity.quantity></Point><Point><position>5180</position><in_Quantity.quantity>0.000000</in_Quantity.quantity><out_Quantity.quantity>478.300027</out_Quantity.quantity></Point><Point><position>5181</position><in_Quantity.quantity>0.000000</in_Quantity.quantity><out_Quantity.quantity>306.153258</out_Quantity.quantity></Point><Point><position>5182</position><in_Quantity.quantity>0.000000</in_Quantity.quantity><out_Quantity.quantity>786.258983</out_Quantity.quantity></Point><Point><position>5183</position><in_Quantity.quantity>0.000000</in_Quantity.quantity><out_Quantity.quantity>677.002226</out_Quantity.quantity></Point><Point><position>5184</position><in_Quantity.quantity>0.000000</in_Quantity.quantity><out_Quantity.quantity>466.530927</out_Quantity.quantity></Point><Point><position>5185</position><in_Quantity.quantity>0.000000</in_Quantity.quantity><out_Quantity.quantity>959.499180</out_Quantity.quantity></Point><Point><position>5186</position><in_Quantity.quantity>0.000000</in_Quantity.quantity><out_Quantity.quantity>796.636027</out_Quantity.quantity></Point><Point><position>5187</position><in_Quantity.quantity>0.000000</in_Quantity.quantity><out_Quantity.quantity>474.309982</out_Quantity.quantity></Point><Point><position>5188</position><in_Quantity.quantity>0.000000</in_Quantity.quantity><out_Quantity.quantity>602.327757</out_Quantity.quantity></Point><Point><position>5189</position><in_Quantity.quantity>0.000000</in_Quantity.quantity><out_Quantity.quantity>814.765412</out_Quantity.quantity></Point><Point><position>5190</position><in_Quantity.quantity>0.000000</in_Quantity.quantity><out_Quantity.quantity>138.106521</out_Quantity.quantity></Point><Point><position>5191</position><in_Quantity.quantity>0.000000</in_Quantity.quantity><out_Quantity.quantity>202.829513</out_Quantity.quantity></Point><Point><position>5192</position><in_Quantity.quantity>0.000000</in_Quantity.quantity><out_Quantity.quantity>930.340650</out_Quantity.quantity></Point><Point><position>5193</position><in_Quantity.quantity>0.000000</in_Quantity.quantity><out_Quantity.quantity>470.692301</out_Quantity.quantity></Point><Point><position>5194</position><in_Quantity.quantity>0.000000</in_Quantity.quantity><out_Quantity.quantity>739.961351</out_Quantity.quantity></Point><Point><position>5195</position><in_Quantity.quantity>0.000000</in_Quantity.quantity><out_Quantity.quantity>685.413917</out_Quantity.quantity></Point><Point><position>5196</position><in_Quantity.quantity>0.000000</in_Quantity.quantity><out_Quantity.quantity>702.729941</out_Quantity.quantity></Point><Point><position>5197</position><in_Quantity.quantity>0.000000</in_Quantity.quantity><out_Quantity.quantity>208.762858</out_Quantity.quantity></Point><Point><position>5198</position><in_Quantity.quantity>0.000000</in_Quantity.quantity><out_Quantity.quantity>558.437952</out_Quantity.quantity></Point><Point><position>5199</position><in_Quantity.quantity>0.000000</in_Quantity.quantity><out_Quantity.quantity>944.025273</out_Quantity.quantity></Point><Point><position>5200</position><in_Quantity.quantity>0.000000</in_Quantity.quantity><out_Quantity.quantity>478.389262</out_Quantity.quantity></Point><Point><position>5201</position><in_Quantity.quantity>0.000000</in_Quantity.quantity><out_Quantity.quantity>430.197832</out_Quantity.quantity></Point><Point><position>5202</position><in_Quantity.quantity>0.000000</in_Quantity.quantity><out_Quantity.quantity>158.083544</out_Quantity.quantity></Point><Point><position>5203</position><in_Quantity.quantity>0.000000</in_Quantity.quantity><out_Quantity.quantity>817.509701</out_Quantity.quantity></Point><Point><position>5204</position><in_Quantity.quantity>0.000000</in_Quantity.quantity><out_Quantity.quantity>658.306707</out_Quantity.quantity></Point><Point><position>5205</position><in_Quantity.quantity>0.000000</in_Quantity.quantity><out_Quantity.quantity>889.448023</out_Quantity.quantity></Point><Point><position>5206</position><in_Quantity.quantity>0.000000</in_Quantity.quantity><out_Quantity.quantity>934.548351</out_Quantity.quantity></Point><Point><position>5207</position><in_Quantity.quantity>0.000000</in_Quantity.quantity><out_Quantity.quantity>958.618675</out_Quantity.quantity></Point><Point><position>5208</position><in_Quantity.quantity>0.000000</in_Quantity.quantity><out_Quantity.quantity>753.530155</out_Quantity.quantity></Point><Point><position>5209</position><in_Quantity.quantity>0.000000</in_Quantity.quantity><out_Quantity.quantity>936.913782</out_Quantity.quantity></Point><Point><position>5210</position><in_Quantity.quantity>0.000000</in_Quantity.quantity><out_Quantity.quantity>309.834017</out_Quantity.quantity></Point><Point><position>5211</position><in_Quantity.quantity>0.000000</in_Quantity.quantity><out_Quantity.quantity>781.173379</out_Quantity.quantity></Point><Point><position>5212</position><in_Quantity.quantity>0.000000</in_Quantity.quantity><out_Quantity.quantity>521.805343</out_Quantity.quantity></Point><Point><position>5213</position><in_Quantity.quantity>0.000000</in_Quantity.quantity><out_Quantity.quantity>139.145092</out_Quantity.quantity></Point><Point><position>5214</position><in_Quantity.quantity>0.000000</in_Quantity.quantity><out_Quantity.quantity>594.222045</out_Quantity.quantity></Point><Point><position>5215</position><in_Quantity.quantity>0.000000</in_Quantity.quantity><out_Quantity.quantity>611.179419</out_Quantity.quantity></Point><Point><position>5216</position><in_Quantity.quantity>0.000000</in_Quantity.quantity><out_Quantity.quantity>159.883446</out_Quantity.quantity></Point><Point><position>5217</position><in_Quantity.quantity>0.000000</in_Quantity.quantity><out_Quantity.quantity>814.155887</out_Quantity.quantity></Point><Point><position>5218</position><in_Quantity.quantity>0.000000</in_Quantity.quantity><out_Quantity.quantity>596.256036</out_Quantity.quantity></Point><Point><position>5219</position><in_Quantity.quantity>0.000000</in_Quantity.quantity><out_Quantity.quantity>12.326415</out_Quantity.quantity></Point><Point><position>5220</position><in_Quantity.quantity>0.000000</in_Quantity.quantity><out_Quantity.quantity>341.626023</out_Quantity.quantity></Point><Point><position>5221</position><in_Quantity.quantity>0.000000</in_Quantity.quantity><out_Quantity.quantity>26.812897</out_Quantity.quantity></Point><Point><position>5222</position><in_Quantity.quantity>0.000000</in_Quantity.quantity><out_Quantity.quantity>721.510897</out_Quantity.quantity></Point><Point><position>5223</position><in_Quantity.quantity>0.000000</in_Quantity.quantity><out_Quantity.quantity>497.959551</out_Quantity.quantity></Point><Point><position>5224</position><in_Quantity.quantity>0.000000</in_Quantity.quantity><out_Quantity.quantity>679.614629</out_Quantity.quantity></Point><Point><position>5225</position><in_Quantity.quantity>0.000000</in_Quantity.quantity><out_Quantity.quantity>342.095350</out_Quantity.quantity></Point><Point><position>5226</position><in_Quantity.quantity>0.000000</in_Quantity.quantity><out_Quantity.quantity>716.157403</out_Quantity.quantity></Point><Point><position>5227</position><in_Quantity.quantity>0.000000</in_Quantity.quantity><out_Quantity.quantity>675.699319</out_Quantity.quantity></Point><Point><position>5228</position><in_Quantity.quantity>0.000000</in_Quantity.quantity><out_Quantity.quantity>816.151610</out_Quantity.quantity></Point><Point><position>5229</position><in_Quantity.quantity>0.000000</in_Quantity.quantity><out_Quantity.quantity>665.380922</out_Quantity.quantity></Point><Point><position>5230</position><in_Quantity.quantity>0.000000</in_Quantity.quantity><out_Quantity.quantity>426.484363</out_Quantity.quantity></Point><Point><position>5231</position><in_Quantity.quantity>0.000000</in_Quantity.quantity><out_Quantity.quantity>319.024802</out_Quantity.quantity></Point><Point><position>5232</position><in_Quantity.quantity>0.000000</in_Quantity.quantity><out_Quantity.quantity>530.236356</out_Quantity.quantity></Point><Point><position>5233</position><in_Quantity.quantity>0.000000</in_Quantity.quantity><out_Quantity.quantity>479.101931</out_Quantity.quantity></Point><Point><position>5234</position><in_Quantity.quantity>0.000000</in_Quantity.quantity><out_Quantity.quantity>803.516254</out_Quantity.quantity></Point><Point><position>5235</position><in_Quantity.quantity>0.000000</in_Quantity.quantity><out_Quantity.quantity>802.520648</out_Quantity.quantity></Point><Point><position>5236</position><in_Quantity.quantity>0.000000</in_Quantity.quantity><out_Quantity.quantity>780.620947</out_Quantity.quantity></Point><Point><position>5237</position><in_Quantity.quantity>0.000000</in_Quantity.quantity><out_Quantity.quantity>695.170295</out_Quantity.quantity></Point><Point><position>5238</position><in_Quantity.quantity>0.000000</in_Quantity.quantity><out_Quantity.quantity>504.447541</out_Quantity.quantity></Point><Point><position>5239</position><in_Quantity.quantity>0.000000</in_Quantity.quantity><out_Quantity.quantity>898.090004</out_Quantity.quantity></Point><Point><position>5240</position><in_Quantity.quantity>0.000000</in_Quantity.quantity><out_Quantity.quantity>475.040761</out_Quantity.quantity></Point><Point><position>5241</position><in_Quantity.quantity>0.000000</in_Quantity.quantity><out_Quantity.quantity>691.142428</out_Quantity.quantity></Point><Point><position>5242</position><in_Quantity.quantity>0.000000</in_Quantity.quantity><out_Quantity.quantity>401.580013</out_Quantity.quantity></Point><Point><position>5243</position><in_Quantity.quantity>0.000000</in_Quantity.quantity><out_Quantity.quantity>192.240099</out_Quantity.quantity></Point><Point><position>5244</position><in_Quantity.quantity>0.000000</in_Quantity.quantity><out_Quantity.quantity>899.214356</out_Quantity.quantity></Point><Point><position>5245</position><in_Quantity.quantity>0.000000</in_Quantity.quantity><out_Quantity.quantity>553.576931</out_Quantity.quantity></Point><Point><position>5246</position><in_Quantity.quantity>0.000000</in_Quantity.quantity><out_Quantity.quantity>17.658830</out_Quantity.quantity></Point><Point><position>5247</position><in_Quantity.quantity>0.000000</in_Quantity.quantity><out_Quantity.quantity>55.818834</out_Quantity.quantity></Point><Point><position>5248</position><in_Quantity.quantity>0.000000</in_Quantity.quantity><out_Quantity.quantity>617.442215</out_Quantity.quantity></Point><Point><position>5249</position><in_Quantity.quantity>0.000000</in_Quantity.quantity><out_Quantity.quantity>76.116394</out_Quantity.quantity></Point><Point><position>5250</position><in_Quantity.quantity>0.000000</in_Quantity.quantity><out_Quantity.quantity>642.456647</out_Quantity.quantity></Point><Point><position>5251</position><in_Quantity.quantity>0.000000</in_Quantity.quantity><out_Quantity.quantity>344.592497</out_Quantity.quantity></Point><Point><position>5252</position><in_Quantity.quantity>0.000000</in_Quantity.quantity><out_Quantity.quantity>314.537815</out_Quantity.quantity></Point><Point><position>5253</position><in_Quantity.quantity>0.000000</in_Quantity.quantity><out_Quantity.quantity>818.574752</out_Quantity.quantity></Point><Point><position>5254</position><in_Quantity.quantity>0.000000</in_Quantity.quantity><out_Quantity.quantity>138.889394</out_Quantity.quantity></Point><Point><position>5255</position><in_Quantity.quantity>0.000000</in_Quantity.quantity><out_Quantity.quantity>448.378532</out_Quantity.quantity></Point><Point><position>5256</position><in_Quantity.quantity>0.000000</in_Quantity.quantity><out_Quantity.quantity>574.571189</out_Quantity.quantity></Point><Point><position>5257</position><in_Quantity.quantity>0.000000</in_Quantity.quantity><out_Quantity.quantity>556.937143</out_Quantity.quantity></Point><Point><position>5258</position><in_Quantity.quantity>0.000000</in_Quantity.quantity><out_Quantity.quantity>952.444015</out_Quantity.quantity></Point><Point><position>5259</position><in_Quantity.quantity>0.000000</in_Quantity.quantity><out_Quantity.quantity>767.300598</out_Quantity.quantity></Point><Point><position>5260</position><in_Quantity.quantity>0.000000</in_Quantity.quantity><out_Quantity.quantity>532.746552</out_Quantity.quantity></Point><Point><position>5261</position><in_Quantity.quantity>0.000000</in_Quantity.quantity><out_Quantity.quantity>740.481730</out_Quantity.quantity></Point><Point><position>5262</position><in_Quantity.quantity>0.000000</in_Quantity.quantity><out_Quantity.quantity>544.215212</out_Quantity.quantity></Point><Point><position>5263</position><in_Quantity.quantity>0.000000</in_Quantity.quantity><out_Quantity.quantity>3.275128</out_Quantity.quantity></Point><Point><position>5264</position><in_Quantity.quantity>0.000000</in_Quantity.quantity><out_Quantity.quantity>772.880889</out_Quantity.quantity></Point><Point><position>5265</position><in_Quantity.quantity>0.000000</in_Quantity.quantity><out_Quantity.quantity>488.655742</out_Quantity.quantity></Point><Point><position>5266</position><in_Quantity.quantity>0.000000</in_Quantity.quantity><out_Quantity.quantity>192.483091</out_Quantity.quantity></Point><Point><position>5267</position><in_Quantity.quantity>0.000000</in_Quantity.quantity><out_Quantity.quantity>484.802696</out_Quantity.quantity></Point><Point><position>5268</position><in_Quantity.quantity>0.000000</in_Quantity.quantity><out_Quantity.quantity>673.145112</out_Quantity.quantity></Point><Point><position>5269</position><in_Quantity.quantity>0.000000</in_Quantity.quantity><out_Quantity.quantity>367.453856</out_Quantity.quantity></Point><Point><position>5270</position><in_Quantity.quantity>0.000000</in_Quantity.quantity><out_Quantity.quantity>577.318983</out_Quantity.quantity></Point><Point><position>5271</position><in_Quantity.quantity>0.000000</in_Quantity.quantity><out_Quantity.quantity>309.601778</out_Quantity.quantity></Point><Point><position>5272</position><in_Quantity.quantity>0.000000</in_Quantity.quantity><out_Quantity.quantity>720.230145</out_Quantity.quantity></Point><Point><position>5273</position><in_Quantity.quantity>0.000000</in_Quantity.quantity><out_Quantity.quantity>42.435260</out_Quantity.quantity></Point><Point><position>5274</position><in_Quantity.quantity>0.000000</in_Quantity.quantity><out_Quantity.quantity>783.756960</out_Quantity.quantity></Point><Point><position>5275</position><in_Quantity.quantity>0.000000</in_Quantity.quantity><out_Quantity.quantity>916.965977</out_Quantity.quantity></Point><Point><position>5276</position><in_Quantity.quantity>0.000000</in_Quantity.quantity><out_Quantity.quantity>804.903664</out_Quantity.quantity></Point><Point><position>5277</position><in_Quantity.quantity>0.000000</in_Quantity.quantity><out_Quantity.quantity>56.146571</out_Quantity.quantity></Point><Point><position>5278</position><in_Quantity.quantity>0.000000</in_Quantity.quantity><out_Quantity.quantity>651.706355</out_Quantity.quantity></Point><Point><position>5279</position><in_Quantity.quantity>0.000000</in_Quantity.quantity><out_Quantity.quantity>936.163392</out_Quantity.quantity></Point><Point><position>5280</position><in_Quantity.quantity>0.000000</in_Quantity.quantity><out_Quantity.quantity>102.304653</out_Quantity.quantity></Point><Point><position>5281</position><in_Quantity.quantity>0.000000</in_Quantity.quantity><out_Quantity.quantity>34.018733</out_Quantity.quantity></Point><Point><position>5282</position><in_Quantity.quantity>0.000000</in_Quantity.quantity><out_Quantity.quantity>715.219165</out_Quantity.quantity></Point><Point><position>5283</position><in_Quantity.quantity>0.000000</in_Quantity.quantity><out_Quantity.quantity>841.834456</out_Quantity.quantity></Point><Point><position>5284</position><in_Quantity.quantity>0.000000</in_Quantity.quantity><out_Quantity.quantity>897.798296</out_Quantity.quantity></Point><Point><position>5285</position><in_Quantity.quantity>0.000000</in_Quantity.quantity><out_Quantity.quantity>198.390481</out_Quantity.quantity></Point><Point><position>5286</position><in_Quantity.quantity>0.000000</in_Quantity.quantity><out_Quantity.quantity>264.295347</out_Quantity.quantity></Point><Point><position>5287</position><in_Quantity.quantity>0.000000</in_Quantity.quantity><out_Quantity.quantity>212.124033</out_Quantity.quantity></Point><Point><position>5288</position><in_Quantity.quantity>0.000000</in_Quantity.quantity><out_Quantity.quantity>472.272499</out_Quantity.quantity></Point><Point><position>5289</position><in_Quantity.quantity>0.000000</in_Quantity.quantity><out_Quantity.quantity>534.573974</out_Quantity.quantity></Point><Point><position>5290</position><in_Quantity.quantity>0.000000</in_Quantity.quantity><out_Quantity.quantity>941.507052</out_Quantity.quantity></Point><Point><position>5291</position><in_Quantity.quantity>0.000000</in_Quantity.quantity><out_Quantity.quantity>810.871270</out_Quantity.quantity></Point><Point><position>5292</position><in_Quantity.quantity>0.000000</in_Quantity.quantity><out_Quantity.quantity>215.558860</out_Quantity.quantity></Point><Point><position>5293</position><in_Quantity.quantity>0.000000</in_Quantity.quantity><out_Quantity.quantity>133.840367</out_Quantity.quantity></Point><Point><position>5294</position><in_Quantity.quantity>0.000000</in_Quantity.quantity><out_Quantity.quantity>659.508325</out_Quantity.quantity></Point><Point><position>5295</position><in_Quantity.quantity>0.000000</in_Quantity.quantity><out_Quantity.quantity>694.742796</out_Quantity.quantity></Point><Point><position>5296</position><in_Quantity.quantity>0.000000</in_Quantity.quantity><out_Quantity.quantity>465.177996</out_Quantity.quantity></Point><Point><position>5297</position><in_Quantity.quantity>0.000000</in_Quantity.quantity><out_Quantity.quantity>261.136114</out_Quantity.quantity></Point><Point><position>5298</position><in_Quantity.quantity>0.000000</in_Quantity.quantity><out_Quantity.quantity>97.613985</out_Quantity.quantity></Point><Point><position>5299</position><in_Quantity.quantity>0.000000</in_Quantity.quantity><out_Quantity.quantity>99.908185</out_Quantity.quantity></Point><Point><position>5300</position><in_Quantity.quantity>0.000000</in_Quantity.quantity><out_Quantity.quantity>18.411321</out_Quantity.quantity></Point><Point><position>5301</position><in_Quantity.quantity>0.000000</in_Quantity.quantity><out_Quantity.quantity>495.393762</out_Quantity.quantity></Point><Point><position>5302</position><in_Quantity.quantity>0.000000</in_Quantity.quantity><out_Quantity.quantity>379.390321</out_Quantity.quantity></Point><Point><position>5303</position><in_Quantity.quantity>0.000000</in_Quantity.quantity><out_Quantity.quantity>744.506346</out_Quantity.quantity></Point><Point><position>5304</position><in_Quantity.quantity>0.000000</in_Quantity.quantity><out_Quantity.quantity>123.997766</out_Quantity.quantity></Point><Point><position>5305</position><in_Quantity.quantity>0.000000</in_Quantity.quantity><out_Quantity.quantity>904.656806</out_Quantity.quantity></Point><Point><position>5306</position><in_Quantity.quantity>0.000000</in_Quantity.quantity><out_Quantity.quantity>535.869903</out_Quantity.quantity></Point><Point><position>5307</position><in_Quantity.quantity>0.000000</in_Quantity.quantity><out_Quantity.quantity>700.111638</out_Quantity.quantity></Point><Point><position>5308</position><in_Quantity.quantity>0.000000</in_Quantity.quantity><out_Quantity.quantity>226.755748</out_Quantity.quantity></Point><Point><position>5309</position><in_Quantity.quantity>0.000000</in_Quantity.quantity><out_Quantity.quantity>336.938499</out_Quantity.quantity></Point><Point><position>5310</position><in_Quantity.quantity>0.000000</in_Quantity.quantity><out_Quantity.quantity>335.428891</out_Quantity.quantity></Point><Point><position>5311</position><in_Quantity.quantity>0.000000</in_Quantity.quantity><out_Quantity.quantity>844.812652</out_Quantity.quantity></Point><Point><position>5312</position><in_Quantity.quantity>0.000000</in_Quantity.quantity><out_Quantity.quantity>966.993158</out_Quantity.quantity></Point><Point><position>5313</position><in_Quantity.quantity>0.000000</in_Quantity.quantity><out_Quantity.quantity>904.301757</out_Quantity.quantity></Point><Point><position>5314</position><in_Quantity.quantity>0.000000</in_Quantity.quantity><out_Quantity.quantity>622.688897</out_Quantity.quantity></Point><Point><position>5315</position><in_Quantity.quantity>0.000000</in_Quantity.quantity><out_Quantity.quantity>224.521123</out_Quantity.quantity></Point><Point><position>5316</position><in_Quantity.quantity>0.000000</in_Quantity.quantity><out_Quantity.quantity>874.265918</out_Quantity.quantity></Point><Point><position>5317</position><in_Quantity.quantity>0.000000</in_Quantity.quantity><out_Quantity.quantity>856.187209</out_Quantity.quantity></Point><Point><position>5318</position><in_Quantity.quantity>0.000000</in_Quantity.quantity><out_Quantity.quantity>257.420269</out_Quantity.quantity></Point><Point><position>5319</position><in_Quantity.quantity>0.000000</in_Quantity.quantity><out_Quantity.quantity>563.719333</out_Quantity.quantity></Point><Point><position>5320</position><in_Quantity.quantity>0.000000</in_Quantity.quantity><out_Quantity.quantity>917.770395</out_Quantity.quantity></Point><Point><position>5321</position><in_Quantity.quantity>0.000000</in_Quantity.quantity><out_Quantity.quantity>192.999960</out_Quantity.quantity></Point><Point><position>5322</position><in_Quantity.quantity>0.000000</in_Quantity.quantity><out_Quantity.quantity>436.731205</out_Quantity.quantity></Point><Point><position>5323</position><in_Quantity.quantity>0.000000</in_Quantity.quantity><out_Quantity.quantity>323.857712</out_Quantity.quantity></Point><Point><position>5324</position><in_Quantity.quantity>0.000000</in_Quantity.quantity><out_Quantity.quantity>990.565191</out_Quantity.quantity></Point><Point><position>5325</position><in_Quantity.quantity>0.000000</in_Quantity.quantity><out_Quantity.quantity>767.684312</out_Quantity.quantity></Point><Point><position>5326</position><in_Quantity.quantity>0.000000</in_Quantity.quantity><out_Quantity.quantity>759.152064</out_Quantity.quantity></Point><Point><position>5327</position><in_Quantity.quantity>0.000000</in_Quantity.quantity><out_Quantity.quantity>461.840974</out_Quantity.quantity></Point><Point><position>5328</position><in_Quantity.quantity>0.000000</in_Quantity.quantity><out_Quantity.quantity>643.455449</out_Quantity.quantity></Point><Point><position>5329</position><in_Quantity.quantity>0.000000</in_Quantity.quantity><out_Quantity.quantity>357.449426</out_Quantity.quantity></Point><Point><position>5330</position><in_Quantity.quantity>0.000000</in_Quantity.quantity><out_Quantity.quantity>195.547755</out_Quantity.quantity></Point><Point><position>5331</position><in_Quantity.quantity>0.000000</in_Quantity.quantity><out_Quantity.quantity>142.668038</out_Quantity.quantity></Point><Point><position>5332</position><in_Quantity.quantity>0.000000</in_Quantity.quantity><out_Quantity.quantity>294.980014</out_Quantity.quantity></Point><Point><position>5333</position><in_Quantity.quantity>0.000000</in_Quantity.quantity><out_Quantity.quantity>157.314993</out_Quantity.quantity></Point><Point><position>5334</position><in_Quantity.quantity>0.000000</in_Quantity.quantity><out_Quantity.quantity>23.904432</out_Quantity.quantity></Point><Point><position>5335</position><in_Quantity.quantity>0.000000</in_Quantity.quantity><out_Quantity.quantity>587.432905</out_Quantity.quantity></Point><Point><position>5336</position><in_Quantity.quantity>0.000000</in_Quantity.quantity><out_Quantity.quantity>418.735280</out_Quantity.quantity></Point><Point><position>5337</position><in_Quantity.quantity>0.000000</in_Quantity.quantity><out_Quantity.quantity>70.463356</out_Quantity.quantity></Point><Point><position>5338</position><in_Quantity.quantity>0.000000</in_Quantity.quantity><out_Quantity.quantity>174.130003</out_Quantity.quantity></Point><Point><position>5339</position><in_Quantity.quantity>0.000000</in_Quantity.quantity><out_Quantity.quantity>100.453282</out_Quantity.quantity></Point><Point><position>5340</position><in_Quantity.quantity>0.000000</in_Quantity.quantity><out_Quantity.quantity>644.914247</out_Quantity.quantity></Point><Point><position>5341</position><in_Quantity.quantity>0.000000</in_Quantity.quantity><out_Quantity.quantity>283.115625</out_Quantity.quantity></Point><Point><position>5342</position><in_Quantity.quantity>0.000000</in_Quantity.quantity><out_Quantity.quantity>579.850937</out_Quantity.quantity></Point><Point><position>5343</position><in_Quantity.quantity>0.000000</in_Quantity.quantity><out_Quantity.quantity>164.446271</out_Quantity.quantity></Point><Point><position>5344</position><in_Quantity.quantity>0.000000</in_Quantity.quantity><out_Quantity.quantity>829.160116</out_Quantity.quantity></Point><Point><position>5345</position><in_Quantity.quantity>0.000000</in_Quantity.quantity><out_Quantity.quantity>537.906676</out_Quantity.quantity></Point><Point><position>5346</position><in_Quantity.quantity>0.000000</in_Quantity.quantity><out_Quantity.quantity>974.275929</out_Quantity.quantity></Point><Point><position>5347</position><in_Quantity.quantity>0.000000</in_Quantity.quantity><out_Quantity.quantity>541.792992</out_Quantity.quantity></Point><Point><position>5348</position><in_Quantity.quantity>0.000000</in_Quantity.quantity><out_Quantity.quantity>936.811826</out_Quantity.quantity></Point><Point><position>5349</position><in_Quantity.quantity>0.000000</in_Quantity.quantity><out_Quantity.quantity>783.025603</out_Quantity.quantity></Point><Point><position>5350</position><in_Quantity.quantity>0.000000</in_Quantity.quantity><out_Quantity.quantity>523.996075</out_Quantity.quantity></Point><Point><position>5351</position><in_Quantity.quantity>0.000000</in_Quantity.quantity><out_Quantity.quantity>679.289251</out_Quantity.quantity></Point><Point><position>5352</position><in_Quantity.quantity>0.000000</in_Quantity.quantity><out_Quantity.quantity>45.294855</out_Quantity.quantity></Point><Point><position>5353</position><in_Quantity.quantity>0.000000</in_Quantity.quantity><out_Quantity.quantity>952.276285</out_Quantity.quantity></Point><Point><position>5354</position><in_Quantity.quantity>0.000000</in_Quantity.quantity><out_Quantity.quantity>537.013152</out_Quantity.quantity></Point><Point><position>5355</position><in_Quantity.quantity>0.000000</in_Quantity.quantity><out_Quantity.quantity>766.908916</out_Quantity.quantity></Point><Point><position>5356</position><in_Quantity.quantity>0.000000</in_Quantity.quantity><out_Quantity.quantity>649.233458</out_Quantity.quantity></Point><Point><position>5357</position><in_Quantity.quantity>0.000000</in_Quantity.quantity><out_Quantity.quantity>512.682592</out_Quantity.quantity></Point><Point><position>5358</position><in_Quantity.quantity>0.000000</in_Quantity.quantity><out_Quantity.quantity>493.555668</out_Quantity.quantity></Point><Point><position>5359</position><in_Quantity.quantity>0.000000</in_Quantity.quantity><out_Quantity.quantity>57.061501</out_Quantity.quantity></Point><Point><position>5360</position><in_Quantity.quantity>0.000000</in_Quantity.quantity><out_Quantity.quantity>844.385667</out_Quantity.quantity></Point><Point><position>5361</position><in_Quantity.quantity>0.000000</in_Quantity.quantity><out_Quantity.quantity>24.140369</out_Quantity.quantity></Point><Point><position>5362</position><in_Quantity.quantity>0.000000</in_Quantity.quantity><out_Quantity.quantity>112.648813</out_Quantity.quantity></Point><Point><position>5363</position><in_Quantity.quantity>0.000000</in_Quantity.quantity><out_Quantity.quantity>748.107725</out_Quantity.quantity></Point><Point><position>5364</position><in_Quantity.quantity>0.000000</in_Quantity.quantity><out_Quantity.quantity>681.817273</out_Quantity.quantity></Point><Point><position>5365</position><in_Quantity.quantity>0.000000</in_Quantity.quantity><out_Quantity.quantity>960.762263</out_Quantity.quantity></Point><Point><position>5366</position><in_Quantity.quantity>0.000000</in_Quantity.quantity><out_Quantity.quantity>127.112077</out_Quantity.quantity></Point><Point><position>5367</position><in_Quantity.quantity>0.000000</in_Quantity.quantity><out_Quantity.quantity>419.682255</out_Quantity.quantity></Point><Point><position>5368</position><in_Quantity.quantity>0.000000</in_Quantity.quantity><out_Quantity.quantity>135.633033</out_Quantity.quantity></Point><Point><position>5369</position><in_Quantity.quantity>0.000000</in_Quantity.quantity><out_Quantity.quantity>723.724158</out_Quantity.quantity></Point><Point><position>5370</position><in_Quantity.quantity>0.000000</in_Quantity.quantity><out_Quantity.quantity>655.105346</out_Quantity.quantity></Point><Point><position>5371</position><in_Quantity.quantity>0.000000</in_Quantity.quantity><out_Quantity.quantity>564.002541</out_Quantity.quantity></Point><Point><position>5372</position><in_Quantity.quantity>0.000000</in_Quantity.quantity><out_Quantity.quantity>938.695045</out_Quantity.quantity></Point><Point><position>5373</position><in_Quantity.quantity>0.000000</in_Quantity.quantity><out_Quantity.quantity>720.721690</out_Quantity.quantity></Point><Point><position>5374</position><in_Quantity.quantity>0.000000</in_Quantity.quantity><out_Quantity.quantity>861.280585</out_Quantity.quantity></Point><Point><position>5375</position><in_Quantity.quantity>0.000000</in_Quantity.quantity><out_Quantity.quantity>358.668235</out_Quantity.quantity></Point><Point><position>5376</position><in_Quantity.quantity>0.000000</in_Quantity.quantity><out_Quantity.quantity>253.232490</out_Quantity.quantity></Point><Point><position>5377</position><in_Quantity.quantity>0.000000</in_Quantity.quantity><out_Quantity.quantity>303.182409</out_Quantity.quantity></Point><Point><position>5378</position><in_Quantity.quantity>0.000000</in_Quantity.quantity><out_Quantity.quantity>3.384161</out_Quantity.quantity></Point><Point><position>5379</position><in_Quantity.quantity>0.000000</in_Quantity.quantity><out_Quantity.quantity>419.782621</out_Quantity.quantity></Point><Point><position>5380</position><in_Quantity.quantity>0.000000</in_Quantity.quantity><out_Quantity.quantity>273.956541</out_Quantity.quantity></Point><Point><position>5381</position><in_Quantity.quantity>0.000000</in_Quantity.quantity><out_Quantity.quantity>78.267627</out_Quantity.quantity></Point><Point><position>5382</position><in_Quantity.quantity>0.000000</in_Quantity.quantity><out_Quantity.quantity>410.243508</out_Quantity.quantity></Point><Point><position>5383</position><in_Quantity.quantity>0.000000</in_Quantity.quantity><out_Quantity.quantity>365.145030</out_Quantity.quantity></Point><Point><position>5384</position><in_Quantity.quantity>0.000000</in_Quantity.quantity><out_Quantity.quantity>964.877440</out_Quantity.quantity></Point><Point><position>5385</position><in_Quantity.quantity>0.000000</in_Quantity.quantity><out_Quantity.quantity>651.855763</out_Quantity.quantity></Point><Point><position>5386</position><in_Quantity.quantity>0.000000</in_Quantity.quantity><out_Quantity.quantity>231.840089</out_Quantity.quantity></Point><Point><position>5387</position><in_Quantity.quantity>0.000000</in_Quantity.quantity><out_Quantity.quantity>479.162720</out_Quantity.quantity></Point><Point><position>5388</position><in_Quantity.quantity>0.000000</in_Quantity.quantity><out_Quantity.quantity>76.742242</out_Quantity.quantity></Point><Point><position>5389</position><in_Quantity.quantity>0.000000</in_Quantity.quantity><out_Quantity.quantity>681.722851</out_Quantity.quantity></Point><Point><position>5390</position><in_Quantity.quantity>0.000000</in_Quantity.quantity><out_Quantity.quantity>897.459875</out_Quantity.quantity></Point><Point><position>5391</position><in_Quantity.quantity>0.000000</in_Quantity.quantity><out_Quantity.quantity>912.666431</out_Quantity.quantity></Point><Point><position>5392</position><in_Quantity.quantity>0.000000</in_Quantity.quantity><out_Quantity.quantity>963.938079</out_Quantity.quantity></Point><Point><position>5393</position><in_Quantity.quantity>0.000000</in_Quantity.quantity><out_Quantity.quantity>850.032136</out_Quantity.quantity></Point><Point><position>5394</position><in_Quantity.quantity>0.000000</in_Quantity.quantity><out_Quantity.quantity>606.065364</out_Quantity.quantity></Point><Point><position>5395</position><in_Quantity.quantity>0.000000</in_Quantity.quantity><out_Quantity.quantity>291.340074</out_Quantity.quantity></Point><Point><position>5396</position><in_Quantity.quantity>0.000000</in_Quantity.quantity><out_Quantity.quantity>764.162903</out_Quantity.quantity></Point><Point><position>5397</position><in_Quantity.quantity>0.000000</in_Quantity.quantity><out_Quantity.quantity>452.132148</out_Quantity.quantity></Point><Point><position>5398</position><in_Quantity.quantity>0.000000</in_Quantity.quantity><out_Quantity.quantity>103.621213</out_Quantity.quantity></Point><Point><position>5399</position><in_Quantity.quantity>0.000000</in_Quantity.quantity><out_Quantity.quantity>753.433883</out_Quantity.quantity></Point><Point><position>5400</position><in_Quantity.quantity>0.000000</in_Quantity.quantity><out_Quantity.quantity>995.668777</out_Quantity.quantity></Point><Point><position>5401</position><in_Quantity.quantity>0.000000</in_Quantity.quantity><out_Quantity.quantity>888.755807</out_Quantity.quantity></Point><Point><position>5402</position><in_Quantity.quantity>0.000000</in_Quantity.quantity><out_Quantity.quantity>311.212062</out_Quantity.quantity></Point><Point><position>5403</position><in_Quantity.quantity>0.000000</in_Quantity.quantity><out_Quantity.quantity>827.454172</out_Quantity.quantity></Point><Point><position>5404</position><in_Quantity.quantity>0.000000</in_Quantity.quantity><out_Quantity.quantity>94.262330</out_Quantity.quantity></Point><Point><position>5405</position><in_Quantity.quantity>0.000000</in_Quantity.quantity><out_Quantity.quantity>841.221613</out_Quantity.quantity></Point><Point><position>5406</position><in_Quantity.quantity>0.000000</in_Quantity.quantity><out_Quantity.quantity>744.381145</out_Quantity.quantity></Point><Point><position>5407</position><in_Quantity.quantity>0.000000</in_Quantity.quantity><out_Quantity.quantity>720.369215</out_Quantity.quantity></Point><Point><position>5408</position><in_Quantity.quantity>0.000000</in_Quantity.quantity><out_Quantity.quantity>106.329608</out_Quantity.quantity></Point><Point><position>5409</position><in_Quantity.quantity>0.000000</in_Quantity.quantity><out_Quantity.quantity>252.469950</out_Quantity.quantity></Point><Point><position>5410</position><in_Quantity.quantity>0.000000</in_Quantity.quantity><out_Quantity.quantity>889.622405</out_Quantity.quantity></Point><Point><position>5411</position><in_Quantity.quantity>0.000000</in_Quantity.quantity><out_Quantity.quantity>611.400154</out_Quantity.quantity></Point><Point><position>5412</position><in_Quantity.quantity>0.000000</in_Quantity.quantity><out_Quantity.quantity>846.938062</out_Quantity.quantity></Point><Point><position>5413</position><in_Quantity.quantity>0.000000</in_Quantity.quantity><out_Quantity.quantity>695.501163</out_Quantity.quantity></Point><Point><position>5414</position><in_Quantity.quantity>0.000000</in_Quantity.quantity><out_Quantity.quantity>378.075703</out_Quantity.quantity></Point><Point><position>5415</position><in_Quantity.quantity>0.000000</in_Quantity.quantity><out_Quantity.quantity>408.058128</out_Quantity.quantity></Point><Point><position>5416</position><in_Quantity.quantity>0.000000</in_Quantity.quantity><out_Quantity.quantity>204.731404</out_Quantity.quantity></Point><Point><position>5417</position><in_Quantity.quantity>0.000000</in_Quantity.quantity><out_Quantity.quantity>379.728746</out_Quantity.quantity></Point><Point><position>5418</position><in_Quantity.quantity>0.000000</in_Quantity.quantity><out_Quantity.quantity>284.036502</out_Quantity.quantity></Point><Point><position>5419</position><in_Quantity.quantity>0.000000</in_Quantity.quantity><out_Quantity.quantity>360.822484</out_Quantity.quantity></Point><Point><position>5420</position><in_Quantity.quantity>0.000000</in_Quantity.quantity><out_Quantity.quantity>660.799428</out_Quantity.quantity></Point><Point><position>5421</position><in_Quantity.quantity>0.000000</in_Quantity.quantity><out_Quantity.quantity>853.987295</out_Quantity.quantity></Point><Point><position>5422</position><in_Quantity.quantity>0.000000</in_Quantity.quantity><out_Quantity.quantity>903.641768</out_Quantity.quantity></Point><Point><position>5423</position><in_Quantity.quantity>0.000000</in_Quantity.quantity><out_Quantity.quantity>405.180965</out_Quantity.quantity></Point><Point><position>5424</position><in_Quantity.quantity>0.000000</in_Quantity.quantity><out_Quantity.quantity>148.406274</out_Quantity.quantity></Point><Point><position>5425</position><in_Quantity.quantity>0.000000</in_Quantity.quantity><out_Quantity.quantity>770.280611</out_Quantity.quantity></Point><Point><position>5426</position><in_Quantity.quantity>0.000000</in_Quantity.quantity><out_Quantity.quantity>896.953862</out_Quantity.quantity></Point><Point><position>5427</position><in_Quantity.quantity>0.000000</in_Quantity.quantity><out_Quantity.quantity>329.467834</out_Quantity.quantity></Point><Point><position>5428</position><in_Quantity.quantity>0.000000</in_Quantity.quantity><out_Quantity.quantity>562.646886</out_Quantity.quantity></Point><Point><position>5429</position><in_Quantity.quantity>0.000000</in_Quantity.quantity><out_Quantity.quantity>858.008534</out_Quantity.quantity></Point><Point><position>5430</position><in_Quantity.quantity>0.000000</in_Quantity.quantity><out_Quantity.quantity>717.712629</out_Quantity.quantity></Point><Point><position>5431</position><in_Quantity.quantity>0.000000</in_Quantity.quantity><out_Quantity.quantity>806.322340</out_Quantity.quantity></Point><Point><position>5432</position><in_Quantity.quantity>0.000000</in_Quantity.quantity><out_Quantity.quantity>620.042653</out_Quantity.quantity></Point><Point><position>5433</position><in_Quantity.quantity>0.000000</in_Quantity.quantity><out_Quantity.quantity>90.722976</out_Quantity.quantity></Point><Point><position>5434</position><in_Quantity.quantity>0.000000</in_Quantity.quantity><out_Quantity.quantity>105.181820</out_Quantity.quantity></Point><Point><position>5435</position><in_Quantity.quantity>0.000000</in_Quantity.quantity><out_Quantity.quantity>802.865611</out_Quantity.quantity></Point><Point><position>5436</position><in_Quantity.quantity>0.000000</in_Quantity.quantity><out_Quantity.quantity>741.689358</out_Quantity.quantity></Point><Point><position>5437</position><in_Quantity.quantity>0.000000</in_Quantity.quantity><out_Quantity.quantity>863.163405</out_Quantity.quantity></Point><Point><position>5438</position><in_Quantity.quantity>0.000000</in_Quantity.quantity><out_Quantity.quantity>17.831374</out_Quantity.quantity></Point><Point><position>5439</position><in_Quantity.quantity>0.000000</in_Quantity.quantity><out_Quantity.quantity>832.111565</out_Quantity.quantity></Point><Point><position>5440</position><in_Quantity.quantity>0.000000</in_Quantity.quantity><out_Quantity.quantity>924.210762</out_Quantity.quantity></Point><Point><position>5441</position><in_Quantity.quantity>0.000000</in_Quantity.quantity><out_Quantity.quantity>12.221678</out_Quantity.quantity></Point><Point><position>5442</position><in_Quantity.quantity>0.000000</in_Quantity.quantity><out_Quantity.quantity>772.596817</out_Quantity.quantity></Point><Point><position>5443</position><in_Quantity.quantity>0.000000</in_Quantity.quantity><out_Quantity.quantity>125.484418</out_Quantity.quantity></Point><Point><position>5444</position><in_Quantity.quantity>0.000000</in_Quantity.quantity><out_Quantity.quantity>640.618447</out_Quantity.quantity></Point><Point><position>5445</position><in_Quantity.quantity>0.000000</in_Quantity.quantity><out_Quantity.quantity>116.904549</out_Quantity.quantity></Point><Point><position>5446</position><in_Quantity.quantity>0.000000</in_Quantity.quantity><out_Quantity.quantity>768.632100</out_Quantity.quantity></Point><Point><position>5447</position><in_Quantity.quantity>0.000000</in_Quantity.quantity><out_Quantity.quantity>206.989350</out_Quantity.quantity></Point><Point><position>5448</position><in_Quantity.quantity>0.000000</in_Quantity.quantity><out_Quantity.quantity>456.986626</out_Quantity.quantity></Point><Point><position>5449</position><in_Quantity.quantity>0.000000</in_Quantity.quantity><out_Quantity.quantity>349.805773</out_Quantity.quantity></Point><Point><position>5450</position><in_Quantity.quantity>0.000000</in_Quantity.quantity><out_Quantity.quantity>269.282896</out_Quantity.quantity></Point><Point><position>5451</position><in_Quantity.quantity>0.000000</in_Quantity.quantity><out_Quantity.quantity>156.724015</out_Quantity.quantity></Point><Point><position>5452</position><in_Quantity.quantity>0.000000</in_Quantity.quantity><out_Quantity.quantity>517.627634</out_Quantity.quantity></Point><Point><position>5453</position><in_Quantity.quantity>0.000000</in_Quantity.quantity><out_Quantity.quantity>462.805907</out_Quantity.quantity></Point><Point><position>5454</position><in_Quantity.quantity>0.000000</in_Quantity.quantity><out_Quantity.quantity>31.321095</out_Quantity.quantity></Point><Point><position>5455</position><in_Quantity.quantity>0.000000</in_Quantity.quantity><out_Quantity.quantity>365.243464</out_Quantity.quantity></Point><Point><position>5456</position><in_Quantity.quantity>0.000000</in_Quantity.quantity><out_Quantity.quantity>900.491794</out_Quantity.quantity></Point><Point><position>5457</position><in_Quantity.quantity>0.000000</in_Quantity.quantity><out_Quantity.quantity>476.738864</out_Quantity.quantity></Point><Point><position>5458</position><in_Quantity.quantity>0.000000</in_Quantity.quantity><out_Quantity.quantity>391.580430</out_Quantity.quantity></Point><Point><position>5459</position><in_Quantity.quantity>0.000000</in_Quantity.quantity><out_Quantity.quantity>987.111999</out_Quantity.quantity></Point><Point><position>5460</position><in_Quantity.quantity>0.000000</in_Quantity.quantity><out_Quantity.quantity>186.014724</out_Quantity.quantity></Point><Point><position>5461</position><in_Quantity.quantity>0.000000</in_Quantity.quantity><out_Quantity.quantity>76.013236</out_Quantity.quantity></Point><Point><position>5462</position><in_Quantity.quantity>0.000000</in_Quantity.quantity><out_Quantity.quantity>844.679988</out_Quantity.quantity></Point><Point><position>5463</position><in_Quantity.quantity>0.000000</in_Quantity.quantity><out_Quantity.quantity>204.760379</out_Quantity.quantity></Point><Point><position>5464</position><in_Quantity.quantity>0.000000</in_Quantity.quantity><out_Quantity.quantity>605.351217</out_Quantity.quantity></Point><Point><position>5465</position><in_Quantity.quantity>0.000000</in_Quantity.quantity><out_Quantity.quantity>451.344453</out_Quantity.quantity></Point><Point><position>5466</position><in_Quantity.quantity>0.000000</in_Quantity.quantity><out_Quantity.quantity>938.345780</out_Quantity.quantity></Point><Point><position>5467</position><in_Quantity.quantity>0.000000</in_Quantity.quantity><out_Quantity.quantity>960.115571</out_Quantity.quantity></Point><Point><position>5468</position><in_Quantity.quantity>0.000000</in_Quantity.quantity><out_Quantity.quantity>517.736519</out_Quantity.quantity></Point><Point><position>5469</position><in_Quantity.quantity>0.000000</in_Quantity.quantity><out_Quantity.quantity>738.349763</out_Quantity.quantity></Point><Point><position>5470</position><in_Quantity.quantity>0.000000</in_Quantity.quantity><out_Quantity.quantity>90.510577</out_Quantity.quantity></Point><Point><position>5471</position><in_Quantity.quantity>0.000000</in_Quantity.quantity><out_Quantity.quantity>717.899674</out_Quantity.quantity></Point><Point><position>5472</position><in_Quantity.quantity>0.000000</in_Quantity.quantity><out_Quantity.quantity>380.693968</out_Quantity.quantity></Point><Point><position>5473</position><in_Quantity.quantity>0.000000</in_Quantity.quantity><out_Quantity.quantity>741.536693</out_Quantity.quantity></Point><Point><position>5474</position><in_Quantity.quantity>0.000000</in_Quantity.quantity><out_Quantity.quantity>705.322113</out_Quantity.quantity></Point><Point><position>5475</position><in_Quantity.quantity>0.000000</in_Quantity.quantity><out_Quantity.quantity>803.286858</out_Quantity.quantity></Point><Point><position>5476</position><in_Quantity.quantity>0.000000</in_Quantity.quantity><out_Quantity.quantity>149.930378</out_Quantity.quantity></Point><Point><position>5477</position><in_Quantity.quantity>0.000000</in_Quantity.quantity><out_Quantity.quantity>767.094150</out_Quantity.quantity></Point><Point><position>5478</position><in_Quantity.quantity>0.000000</in_Quantity.quantity><out_Quantity.quantity>532.105877</out_Quantity.quantity></Point><Point><position>5479</position><in_Quantity.quantity>0.000000</in_Quantity.quantity><out_Quantity.quantity>360.598215</out_Quantity.quantity></Point><Point><position>5480</position><in_Quantity.quantity>0.000000</in_Quantity.quantity><out_Quantity.quantity>611.787689</out_Quantity.quantity></Point><Point><position>5481</position><in_Quantity.quantity>0.000000</in_Quantity.quantity><out_Quantity.quantity>978.741190</out_Quantity.quantity></Point><Point><position>5482</position><in_Quantity.quantity>0.000000</in_Quantity.quantity><out_Quantity.quantity>116.309288</out_Quantity.quantity></Point><Point><position>5483</position><in_Quantity.quantity>0.000000</in_Quantity.quantity><out_Quantity.quantity>415.978327</out_Quantity.quantity></Point><Point><position>5484</position><in_Quantity.quantity>0.000000</in_Quantity.quantity><out_Quantity.quantity>298.238456</out_Quantity.quantity></Point><Point><position>5485</position><in_Quantity.quantity>0.000000</in_Quantity.quantity><out_Quantity.quantity>237.316686</out_Quantity.quantity></Point><Point><position>5486</position><in_Quantity.quantity>0.000000</in_Quantity.quantity><out_Quantity.quantity>680.573222</out_Quantity.quantity></Point><Point><position>5487</position><in_Quantity.quantity>0.000000</in_Quantity.quantity><out_Quantity.quantity>198.967299</out_Quantity.quantity></Point><Point><position>5488</position><in_Quantity.quantity>0.000000</in_Quantity.quantity><out_Quantity.quantity>301.767454</out_Quantity.quantity></Point><Point><position>5489</position><in_Quantity.quantity>0.000000</in_Quantity.quantity><out_Quantity.quantity>506.684728</out_Quantity.quantity></Point><Point><position>5490</position><in_Quantity.quantity>0.000000</in_Quantity.quantity><out_Quantity.quantity>608.894341</out_Quantity.quantity></Point><Point><position>5491</position><in_Quantity.quantity>0.000000</in_Quantity.quantity><out_Quantity.quantity>707.100139</out_Quantity.quantity></Point><Point><position>5492</position><in_Quantity.quantity>0.000000</in_Quantity.quantity><out_Quantity.quantity>352.778652</out_Quantity.quantity></Point><Point><position>5493</position><in_Quantity.quantity>0.000000</in_Quantity.quantity><out_Quantity.quantity>266.972381</out_Quantity.quantity></Point><Point><position>5494</position><in_Quantity.quantity>0.000000</in_Quantity.quantity><out_Quantity.quantity>114.108392</out_Quantity.quantity></Point><Point><position>5495</position><in_Quantity.quantity>0.000000</in_Quantity.quantity><out_Quantity.quantity>26.514849</out_Quantity.quantity></Point><Point><position>5496</position><in_Quantity.quantity>0.000000</in_Quantity.quantity><out_Quantity.quantity>193.413402</out_Quantity.quantity></Point><Point><position>5497</position><in_Quantity.quantity>0.000000</in_Quantity.quantity><out_Quantity.quantity>261.035283</out_Quantity.quantity></Point><Point><position>5498</position><in_Quantity.quantity>0.000000</in_Quantity.quantity><out_Quantity.quantity>38.595505</out_Quantity.quantity></Point><Point><position>5499</position><in_Quantity.quantity>0.000000</in_Quantity.quantity><out_Quantity.quantity>759.669799</out_Quantity.quantity></Point><Point><position>5500</position><in_Quantity.quantity>0.000000</in_Quantity.quantity><out_Quantity.quantity>876.245849</out_Quantity.quantity></Point><Point><position>5501</position><in_Quantity.quantity>0.000000</in_Quantity.quantity><out_Quantity.quantity>734.355127</out_Quantity.quantity></Point><Point><position>5502</position><in_Quantity.quantity>0.000000</in_Quantity.quantity><out_Quantity.quantity>721.049256</out_Quantity.quantity></Point><Point><position>5503</position><in_Quantity.quantity>0.000000</in_Quantity.quantity><out_Quantity.quantity>882.992644</out_Quantity.quantity></Point><Point><position>5504</position><in_Quantity.quantity>0.000000</in_Quantity.quantity><out_Quantity.quantity>647.193180</out_Quantity.quantity></Point><Point><position>5505</position><in_Quantity.quantity>0.000000</in_Quantity.quantity><out_Quantity.quantity>310.922789</out_Quantity.quantity></Point><Point><position>5506</position><in_Quantity.quantity>0.000000</in_Quantity.quantity><out_Quantity.quantity>326.540807</out_Quantity.quantity></Point><Point><position>5507</position><in_Quantity.quantity>0.000000</in_Quantity.quantity><out_Quantity.quantity>692.046881</out_Quantity.quantity></Point><Point><position>5508</position><in_Quantity.quantity>0.000000</in_Quantity.quantity><out_Quantity.quantity>887.057112</out_Quantity.quantity></Point><Point><position>5509</position><in_Quantity.quantity>0.000000</in_Quantity.quantity><out_Quantity.quantity>334.993920</out_Quantity.quantity></Point><Point><position>5510</position><in_Quantity.quantity>0.000000</in_Quantity.quantity><out_Quantity.quantity>703.652038</out_Quantity.quantity></Point><Point><position>5511</position><in_Quantity.quantity>0.000000</in_Quantity.quantity><out_Quantity.quantity>405.585787</out_Quantity.quantity></Point><Point><position>5512</position><in_Quantity.quantity>0.000000</in_Quantity.quantity><out_Quantity.quantity>96.850126</out_Quantity.quantity></Point><Point><position>5513</position><in_Quantity.quantity>0.000000</in_Quantity.quantity><out_Quantity.quantity>516.630461</out_Quantity.quantity></Point><Point><position>5514</position><in_Quantity.quantity>0.000000</in_Quantity.quantity><out_Quantity.quantity>952.438611</out_Quantity.quantity></Point><Point><position>5515</position><in_Quantity.quantity>0.000000</in_Quantity.quantity><out_Quantity.quantity>322.113491</out_Quantity.quantity></Point><Point><position>5516</position><in_Quantity.quantity>0.000000</in_Quantity.quantity><out_Quantity.quantity>917.582169</out_Quantity.quantity></Point><Point><position>5517</position><in_Quantity.quantity>0.000000</in_Quantity.quantity><out_Quantity.quantity>532.000442</out_Quantity.quantity></Point><Point><position>5518</position><in_Quantity.quantity>0.000000</in_Quantity.quantity><out_Quantity.quantity>332.172402</out_Quantity.quantity></Point><Point><position>5519</position><in_Quantity.quantity>0.000000</in_Quantity.quantity><out_Quantity.quantity>619.185120</out_Quantity.quantity></Point><Point><position>5520</position><in_Quantity.quantity>0.000000</in_Quantity.quantity><out_Quantity.quantity>836.955573</out_Quantity.quantity></Point><Point><position>5521</position><in_Quantity.quantity>0.000000</in_Quantity.quantity><out_Quantity.quantity>391.969299</out_Quantity.quantity></Point><Point><position>5522</position><in_Quantity.quantity>0.000000</in_Quantity.quantity><out_Quantity.quantity>358.129360</out_Quantity.quantity></Point><Point><position>5523</position><in_Quantity.quantity>0.000000</in_Quantity.quantity><out_Quantity.quantity>993.142641</out_Quantity.quantity></Point><Point><position>5524</position><in_Quantity.quantity>0.000000</in_Quantity.quantity><out_Quantity.quantity>807.035512</out_Quantity.quantity></Point><Point><position>5525</position><in_Quantity.quantity>0.000000</in_Quantity.quantity><out_Quantity.quantity>218.035566</out_Quantity.quantity></Point><Point><position>5526</position><in_Quantity.quantity>0.000000</in_Quantity.quantity><out_Quantity.quantity>496.233845</out_Quantity.quantity></Point><Point><position>5527</position><in_Quantity.quantity>0.000000</in_Quantity.quantity><out_Quantity.quantity>81.302499</out_Quantity.quantity></Point><Point><position>5528</position><in_Quantity.quantity>0.000000</in_Quantity.quantity><out_Quantity.quantity>246.511055</out_Quantity.quantity></Point><Point><position>5529</position><in_Quantity.quantity>0.000000</in_Quantity.quantity><out_Quantity.quantity>361.713591</out_Quantity.quantity></Point><Point><position>5530</position><in_Quantity.quantity>0.000000</in_Quantity.quantity><out_Quantity.quantity>460.230745</out_Quantity.quantity></Point><Point><position>5531</position><in_Quantity.quantity>0.000000</in_Quantity.quantity><out_Quantity.quantity>354.802087</out_Quantity.quantity></Point><Point><position>5532</position><in_Quantity.quantity>0.000000</in_Quantity.quantity><out_Quantity.quantity>437.441043</out_Quantity.quantity></Point><Point><position>5533</position><in_Quantity.quantity>0.000000</in_Quantity.quantity><out_Quantity.quantity>219.528106</out_Quantity.quantity></Point><Point><position>5534</position><in_Quantity.quantity>0.000000</in_Quantity.quantity><out_Quantity.quantity>104.005572</out_Quantity.quantity></Point><Point><position>5535</position><in_Quantity.quantity>0.000000</in_Quantity.quantity><out_Quantity.quantity>939.464054</out_Quantity.quantity></Point><Point><position>5536</position><in_Quantity.quantity>0.000000</in_Quantity.quantity><out_Quantity.quantity>804.812685</out_Quantity.quantity></Point><Point><position>5537</position><in_Quantity.quantity>0.000000</in_Quantity.quantity><out_Quantity.quantity>508.803208</out_Quantity.quantity></Point><Point><position>5538</position><in_Quantity.quantity>0.000000</in_Quantity.quantity><out_Quantity.quantity>190.181365</out_Quantity.quantity></Point><Point><position>5539</position><in_Quantity.quantity>0.000000</in_Quantity.quantity><out_Quantity.quantity>546.236252</out_Quantity.quantity></Point><Point><position>5540</position><in_Quantity.quantity>0.000000</in_Quantity.quantity><out_Quantity.quantity>58.715762</out_Quantity.quantity></Point><Point><position>5541</position><in_Quantity.quantity>0.000000</in_Quantity.quantity><out_Quantity.quantity>716.707853</out_Quantity.quantity></Point><Point><position>5542</position><in_Quantity.quantity>0.000000</in_Quantity.quantity><out_Quantity.quantity>614.608314</out_Quantity.quantity></Point><Point><position>5543</position><in_Quantity.quantity>0.000000</in_Quantity.quantity><out_Quantity.quantity>484.201114</out_Quantity.quantity></Point><Point><position>5544</position><in_Quantity.quantity>0.000000</in_Quantity.quantity><out_Quantity.quantity>803.934630</out_Quantity.quantity></Point><Point><position>5545</position><in_Quantity.quantity>0.000000</in_Quantity.quantity><out_Quantity.quantity>103.723176</out_Quantity.quantity></Point><Point><position>5546</position><in_Quantity.quantity>0.000000</in_Quantity.quantity><out_Quantity.quantity>820.947094</out_Quantity.quantity></Point><Point><position>5547</position><in_Quantity.quantity>0.000000</in_Quantity.quantity><out_Quantity.quantity>486.582696</out_Quantity.quantity></Point><Point><position>5548</position><in_Quantity.quantity>0.000000</in_Quantity.quantity><out_Quantity.quantity>697.940693</out_Quantity.quantity></Point><Point><position>5549</position><in_Quantity.quantity>0.000000</in_Quantity.quantity><out_Quantity.quantity>925.640218</out_Quantity.quantity></Point><Point><position>5550</position><in_Quantity.quantity>0.000000</in_Quantity.quantity><out_Quantity.quantity>41.942615</out_Quantity.quantity></Point><Point><position>5551</position><in_Quantity.quantity>0.000000</in_Quantity.quantity><out_Quantity.quantity>623.792756</out_Quantity.quantity></Point><Point><position>5552</position><in_Quantity.quantity>0.000000</in_Quantity.quantity><out_Quantity.quantity>355.314029</out_Quantity.quantity></Point><Point><position>5553</position><in_Quantity.quantity>0.000000</in_Quantity.quantity><out_Quantity.quantity>630.594193</out_Quantity.quantity></Point><Point><position>5554</position><in_Quantity.quantity>0.000000</in_Quantity.quantity><out_Quantity.quantity>706.269697</out_Quantity.quantity></Point><Point><position>5555</position><in_Quantity.quantity>0.000000</in_Quantity.quantity><out_Quantity.quantity>150.853876</out_Quantity.quantity></Point><Point><position>5556</position><in_Quantity.quantity>0.000000</in_Quantity.quantity><out_Quantity.quantity>764.811998</out_Quantity.quantity></Point><Point><position>5557</position><in_Quantity.quantity>0.000000</in_Quantity.quantity><out_Quantity.quantity>0.067184</out_Quantity.quantity></Point><Point><position>5558</position><in_Quantity.quantity>0.000000</in_Quantity.quantity><out_Quantity.quantity>99.296870</out_Quantity.quantity></Point><Point><position>5559</position><in_Quantity.quantity>0.000000</in_Quantity.quantity><out_Quantity.quantity>775.008912</out_Quantity.quantity></Point><Point><position>5560</position><in_Quantity.quantity>0.000000</in_Quantity.quantity><out_Quantity.quantity>844.842802</out_Quantity.quantity></Point><Point><position>5561</position><in_Quantity.quantity>0.000000</in_Quantity.quantity><out_Quantity.quantity>653.625696</out_Quantity.quantity></Point><Point><position>5562</position><in_Quantity.quantity>0.000000</in_Quantity.quantity><out_Quantity.quantity>572.297456</out_Quantity.quantity></Point><Point><position>5563</position><in_Quantity.quantity>0.000000</in_Quantity.quantity><out_Quantity.quantity>199.503972</out_Quantity.quantity></Point><Point><position>5564</position><in_Quantity.quantity>0.000000</in_Quantity.quantity><out_Quantity.quantity>987.289166</out_Quantity.quantity></Point><Point><position>5565</position><in_Quantity.quantity>0.000000</in_Quantity.quantity><out_Quantity.quantity>770.472617</out_Quantity.quantity></Point><Point><position>5566</position><in_Quantity.quantity>0.000000</in_Quantity.quantity><out_Quantity.quantity>638.095735</out_Quantity.quantity></Point><Point><position>5567</position><in_Quantity.quantity>0.000000</in_Quantity.quantity><out_Quantity.quantity>340.088771</out_Quantity.quantity></Point><Point><position>5568</position><in_Quantity.quantity>0.000000</in_Quantity.quantity><out_Quantity.quantity>603.874580</out_Quantity.quantity></Point><Point><position>5569</position><in_Quantity.quantity>0.000000</in_Quantity.quantity><out_Quantity.quantity>269.383794</out_Quantity.quantity></Point><Point><position>5570</position><in_Quantity.quantity>0.000000</in_Quantity.quantity><out_Quantity.quantity>828.188588</out_Quantity.quantity></Point><Point><position>5571</position><in_Quantity.quantity>0.000000</in_Quantity.quantity><out_Quantity.quantity>95.443183</out_Quantity.quantity></Point><Point><position>5572</position><in_Quantity.quantity>0.000000</in_Quantity.quantity><out_Quantity.quantity>493.693719</out_Quantity.quantity></Point><Point><position>5573</position><in_Quantity.quantity>0.000000</in_Quantity.quantity><out_Quantity.quantity>39.692317</out_Quantity.quantity></Point><Point><position>5574</position><in_Quantity.quantity>0.000000</in_Quantity.quantity><out_Quantity.quantity>303.657176</out_Quantity.quantity></Point><Point><position>5575</position><in_Quantity.quantity>0.000000</in_Quantity.quantity><out_Quantity.quantity>88.169317</out_Quantity.quantity></Point><Point><position>5576</position><in_Quantity.quantity>0.000000</in_Quantity.quantity><out_Quantity.quantity>303.368699</out_Quantity.quantity></Point><Point><position>5577</position><in_Quantity.quantity>0.000000</in_Quantity.quantity><out_Quantity.quantity>527.271424</out_Quantity.quantity></Point><Point><position>5578</position><in_Quantity.quantity>0.000000</in_Quantity.quantity><out_Quantity.quantity>379.538738</out_Quantity.quantity></Point><Point><position>5579</position><in_Quantity.quantity>0.000000</in_Quantity.quantity><out_Quantity.quantity>216.792564</out_Quantity.quantity></Point><Point><position>5580</position><in_Quantity.quantity>0.000000</in_Quantity.quantity><out_Quantity.quantity>156.721175</out_Quantity.quantity></Point><Point><position>5581</position><in_Quantity.quantity>0.000000</in_Quantity.quantity><out_Quantity.quantity>347.414551</out_Quantity.quantity></Point><Point><position>5582</position><in_Quantity.quantity>0.000000</in_Quantity.quantity><out_Quantity.quantity>937.962558</out_Quantity.quantity></Point><Point><position>5583</position><in_Quantity.quantity>0.000000</in_Quantity.quantity><out_Quantity.quantity>237.355901</out_Quantity.quantity></Point><Point><position>5584</position><in_Quantity.quantity>0.000000</in_Quantity.quantity><out_Quantity.quantity>818.303875</out_Quantity.quantity></Point><Point><position>5585</position><in_Quantity.quantity>0.000000</in_Quantity.quantity><out_Quantity.quantity>713.016961</out_Quantity.quantity></Point><Point><position>5586</position><in_Quantity.quantity>0.000000</in_Quantity.quantity><out_Quantity.quantity>246.864283</out_Quantity.quantity></Point><Point><position>5587</position><in_Quantity.quantity>0.000000</in_Quantity.quantity><out_Quantity.quantity>767.929573</out_Quantity.quantity></Point><Point><position>5588</position><in_Quantity.quantity>0.000000</in_Quantity.quantity><out_Quantity.quantity>482.762171</out_Quantity.quantity></Point><Point><position>5589</position><in_Quantity.quantity>0.000000</in_Quantity.quantity><out_Quantity.quantity>702.855344</out_Quantity.quantity></Point><Point><position>5590</position><in_Quantity.quantity>0.000000</in_Quantity.quantity><out_Quantity.quantity>77.670113</out_Quantity.quantity></Point><Point><position>5591</position><in_Quantity.quantity>0.000000</in_Quantity.quantity><out_Quantity.quantity>937.925716</out_Quantity.quantity></Point><Point><position>5592</position><in_Quantity.quantity>0.000000</in_Quantity.quantity><out_Quantity.quantity>532.210070</out_Quantity.quantity></Point><Point><position>5593</position><in_Quantity.quantity>0.000000</in_Quantity.quantity><out_Quantity.quantity>835.354598</out_Quantity.quantity></Point><Point><position>5594</position><in_Quantity.quantity>0.000000</in_Quantity.quantity><out_Quantity.quantity>660.600695</out_Quantity.quantity></Point><Point><position>5595</position><in_Quantity.quantity>0.000000</in_Quantity.quantity><out_Quantity.quantity>866.964410</out_Quantity.quantity></Point><Point><position>5596</position><in_Quantity.quantity>0.000000</in_Quantity.quantity><out_Quantity.quantity>564.250931</out_Quantity.quantity></Point><Point><position>5597</position><in_Quantity.quantity>0.000000</in_Quantity.quantity><out_Quantity.quantity>616.530363</out_Quantity.quantity></Point><Point><position>5598</position><in_Quantity.quantity>0.000000</in_Quantity.quantity><out_Quantity.quantity>995.593089</out_Quantity.quantity></Point><Point><position>5599</position><in_Quantity.quantity>0.000000</in_Quantity.quantity><out_Quantity.quantity>183.868406</out_Quantity.quantity></Point><Point><position>5600</position><in_Quantity.quantity>0.000000</in_Quantity.quantity><out_Quantity.quantity>520.402395</out_Quantity.quantity></Point><Point><position>5601</position><in_Quantity.quantity>0.000000</in_Quantity.quantity><out_Quantity.quantity>610.039113</out_Quantity.quantity></Point><Point><position>5602</position><in_Quantity.quantity>0.000000</in_Quantity.quantity><out_Quantity.quantity>265.541215</out_Quantity.quantity></Point><Point><position>5603</position><in_Quantity.quantity>0.000000</in_Quantity.quantity><out_Quantity.quantity>342.974220</out_Quantity.quantity></Point><Point><position>5604</position><in_Quantity.quantity>0.000000</in_Quantity.quantity><out_Quantity.quantity>660.508854</out_Quantity.quantity></Point><Point><position>5605</position><in_Quantity.quantity>0.000000</in_Quantity.quantity><out_Quantity.quantity>738.994953</out_Quantity.quantity></Point><Point><position>5606</position><in_Quantity.quantity>0.000000</in_Quantity.quantity><out_Quantity.quantity>581.636048</out_Quantity.quantity></Point><Point><position>5607</position><in_Quantity.quantity>0.000000</in_Quantity.quantity><out_Quantity.quantity>515.304621</out_Quantity.quantity></Point><Point><position>5608</position><in_Quantity.quantity>0.000000</in_Quantity.quantity><out_Quantity.quantity>298.430832</out_Quantity.quantity></Point><Point><position>5609</position><in_Quantity.quantity>0.000000</in_Quantity.quantity><out_Quantity.quantity>116.289612</out_Quantity.quantity></Point><Point><position>5610</position><in_Quantity.quantity>0.000000</in_Quantity.quantity><out_Quantity.quantity>386.105199</out_Quantity.quantity></Point><Point><position>5611</position><in_Quantity.quantity>0.000000</in_Quantity.quantity><out_Quantity.quantity>893.158047</out_Quantity.quantity></Point><Point><position>5612</position><in_Quantity.quantity>0.000000</in_Quantity.quantity><out_Quantity.quantity>374.184064</out_Quantity.quantity></Point><Point><position>5613</position><in_Quantity.quantity>0.000000</in_Quantity.quantity><out_Quantity.quantity>573.776461</out_Quantity.quantity></Point><Point><position>5614</position><in_Quantity.quantity>0.000000</in_Quantity.quantity><out_Quantity.quantity>759.130980</out_Quantity.quantity></Point><Point><position>5615</position><in_Quantity.quantity>0.000000</in_Quantity.quantity><out_Quantity.quantity>79.537816</out_Quantity.quantity></Point><Point><position>5616</position><in_Quantity.quantity>0.000000</in_Quantity.quantity><out_Quantity.quantity>549.337076</out_Quantity.quantity></Point><Point><position>5617</position><in_Quantity.quantity>0.000000</in_Quantity.quantity><out_Quantity.quantity>491.289052</out_Quantity.quantity></Point><Point><position>5618</position><in_Quantity.quantity>0.000000</in_Quantity.quantity><out_Quantity.quantity>42.461747</out_Quantity.quantity></Point><Point><position>5619</position><in_Quantity.quantity>0.000000</in_Quantity.quantity><out_Quantity.quantity>154.850197</out_Quantity.quantity></Point><Point><position>5620</position><in_Quantity.quantity>0.000000</in_Quantity.quantity><out_Quantity.quantity>230.419158</out_Quantity.quantity></Point><Point><position>5621</position><in_Quantity.quantity>0.000000</in_Quantity.quantity><out_Quantity.quantity>399.987693</out_Quantity.quantity></Point><Point><position>5622</position><in_Quantity.quantity>0.000000</in_Quantity.quantity><out_Quantity.quantity>792.288837</out_Quantity.quantity></Point><Point><position>5623</position><in_Quantity.quantity>0.000000</in_Quantity.quantity><out_Quantity.quantity>468.950685</out_Quantity.quantity></Point><Point><position>5624</position><in_Quantity.quantity>0.000000</in_Quantity.quantity><out_Quantity.quantity>551.676409</out_Quantity.quantity></Point><Point><position>5625</position><in_Quantity.quantity>0.000000</in_Quantity.quantity><out_Quantity.quantity>811.387631</out_Quantity.quantity></Point><Point><position>5626</position><in_Quantity.quantity>0.000000</in_Quantity.quantity><out_Quantity.quantity>622.236049</out_Quantity.quantity></Point><Point><position>5627</position><in_Quantity.quantity>0.000000</in_Quantity.quantity><out_Quantity.quantity>88.880550</out_Quantity.quantity></Point><Point><position>5628</position><in_Quantity.quantity>0.000000</in_Quantity.quantity><out_Quantity.quantity>821.596371</out_Quantity.quantity></Point><Point><position>5629</position><in_Quantity.quantity>0.000000</in_Quantity.quantity><out_Quantity.quantity>313.162954</out_Quantity.quantity></Point><Point><position>5630</position><in_Quantity.quantity>0.000000</in_Quantity.quantity><out_Quantity.quantity>236.877544</out_Quantity.quantity></Point><Point><position>5631</position><in_Quantity.quantity>0.000000</in_Quantity.quantity><out_Quantity.quantity>480.874737</out_Quantity.quantity></Point><Point><position>5632</position><in_Quantity.quantity>0.000000</in_Quantity.quantity><out_Quantity.quantity>533.885937</out_Quantity.quantity></Point><Point><position>5633</position><in_Quantity.quantity>0.000000</in_Quantity.quantity><out_Quantity.quantity>384.870725</out_Quantity.quantity></Point><Point><position>5634</position><in_Quantity.quantity>0.000000</in_Quantity.quantity><out_Quantity.quantity>910.809907</out_Quantity.quantity></Point><Point><position>5635</position><in_Quantity.quantity>0.000000</in_Quantity.quantity><out_Quantity.quantity>775.588257</out_Quantity.quantity></Point><Point><position>5636</position><in_Quantity.quantity>0.000000</in_Quantity.quantity><out_Quantity.quantity>548.098292</out_Quantity.quantity></Point><Point><position>5637</position><in_Quantity.quantity>0.000000</in_Quantity.quantity><out_Quantity.quantity>506.329405</out_Quantity.quantity></Point><Point><position>5638</position><in_Quantity.quantity>0.000000</in_Quantity.quantity><out_Quantity.quantity>83.923400</out_Quantity.quantity></Point><Point><position>5639</position><in_Quantity.quantity>0.000000</in_Quantity.quantity><out_Quantity.quantity>583.761760</out_Quantity.quantity></Point><Point><position>5640</position><in_Quantity.quantity>0.000000</in_Quantity.quantity><out_Quantity.quantity>506.210118</out_Quantity.quantity></Point><Point><position>5641</position><in_Quantity.quantity>0.000000</in_Quantity.quantity><out_Quantity.quantity>466.680099</out_Quantity.quantity></Point><Point><position>5642</position><in_Quantity.quantity>0.000000</in_Quantity.quantity><out_Quantity.quantity>143.642514</out_Quantity.quantity></Point><Point><position>5643</position><in_Quantity.quantity>0.000000</in_Quantity.quantity><out_Quantity.quantity>999.966421</out_Quantity.quantity></Point><Point><position>5644</position><in_Quantity.quantity>0.000000</in_Quantity.quantity><out_Quantity.quantity>856.249062</out_Quantity.quantity></Point><Point><position>5645</position><in_Quantity.quantity>0.000000</in_Quantity.quantity><out_Quantity.quantity>529.195737</out_Quantity.quantity></Point><Point><position>5646</position><in_Quantity.quantity>0.000000</in_Quantity.quantity><out_Quantity.quantity>695.589398</out_Quantity.quantity></Point><Point><position>5647</position><in_Quantity.quantity>0.000000</in_Quantity.quantity><out_Quantity.quantity>672.386928</out_Quantity.quantity></Point><Point><position>5648</position><in_Quantity.quantity>0.000000</in_Quantity.quantity><out_Quantity.quantity>229.080985</out_Quantity.quantity></Point><Point><position>5649</position><in_Quantity.quantity>0.000000</in_Quantity.quantity><out_Quantity.quantity>564.237788</out_Quantity.quantity></Point><Point><position>5650</position><in_Quantity.quantity>0.000000</in_Quantity.quantity><out_Quantity.quantity>488.975214</out_Quantity.quantity></Point><Point><position>5651</position><in_Quantity.quantity>0.000000</in_Quantity.quantity><out_Quantity.quantity>79.310808</out_Quantity.quantity></Point><Point><position>5652</position><in_Quantity.quantity>0.000000</in_Quantity.quantity><out_Quantity.quantity>358.554103</out_Quantity.quantity></Point><Point><position>5653</position><in_Quantity.quantity>0.000000</in_Quantity.quantity><out_Quantity.quantity>15.204177</out_Quantity.quantity></Point><Point><position>5654</position><in_Quantity.quantity>0.000000</in_Quantity.quantity><out_Quantity.quantity>165.964657</out_Quantity.quantity></Point><Point><position>5655</position><in_Quantity.quantity>0.000000</in_Quantity.quantity><out_Quantity.quantity>965.906996</out_Quantity.quantity></Point><Point><position>5656</position><in_Quantity.quantity>0.000000</in_Quantity.quantity><out_Quantity.quantity>692.340793</out_Quantity.quantity></Point><Point><position>5657</position><in_Quantity.quantity>0.000000</in_Quantity.quantity><out_Quantity.quantity>143.401333</out_Quantity.quantity></Point><Point><position>5658</position><in_Quantity.quantity>0.000000</in_Quantity.quantity><out_Quantity.quantity>239.650958</out_Quantity.quantity></Point><Point><position>5659</position><in_Quantity.quantity>0.000000</in_Quantity.quantity><out_Quantity.quantity>585.913331</out_Quantity.quantity></Point><Point><position>5660</position><in_Quantity.quantity>0.000000</in_Quantity.quantity><out_Quantity.quantity>306.999276</out_Quantity.quantity></Point><Point><position>5661</position><in_Quantity.quantity>0.000000</in_Quantity.quantity><out_Quantity.quantity>515.926521</out_Quantity.quantity></Point><Point><position>5662</position><in_Quantity.quantity>0.000000</in_Quantity.quantity><out_Quantity.quantity>246.176854</out_Quantity.quantity></Point><Point><position>5663</position><in_Quantity.quantity>0.000000</in_Quantity.quantity><out_Quantity.quantity>288.841224</out_Quantity.quantity></Point><Point><position>5664</position><in_Quantity.quantity>0.000000</in_Quantity.quantity><out_Quantity.quantity>204.844579</out_Quantity.quantity></Point><Point><position>5665</position><in_Quantity.quantity>0.000000</in_Quantity.quantity><out_Quantity.quantity>232.675693</out_Quantity.quantity></Point><Point><position>5666</position><in_Quantity.quantity>0.000000</in_Quantity.quantity><out_Quantity.quantity>683.908339</out_Quantity.quantity></Point><Point><position>5667</position><in_Quantity.quantity>0.000000</in_Quantity.quantity><out_Quantity.quantity>904.096412</out_Quantity.quantity></Point><Point><position>5668</position><in_Quantity.quantity>0.000000</in_Quantity.quantity><out_Quantity.quantity>796.570063</out_Quantity.quantity></Point><Point><position>5669</position><in_Quantity.quantity>0.000000</in_Quantity.quantity><out_Quantity.quantity>526.210223</out_Quantity.quantity></Point><Point><position>5670</position><in_Quantity.quantity>0.000000</in_Quantity.quantity><out_Quantity.quantity>306.280945</out_Quantity.quantity></Point><Point><position>5671</position><in_Quantity.quantity>0.000000</in_Quantity.quantity><out_Quantity.quantity>475.002601</out_Quantity.quantity></Point><Point><position>5672</position><in_Quantity.quantity>0.000000</in_Quantity.quantity><out_Quantity.quantity>303.130916</out_Quantity.quantity></Point><Point><position>5673</position><in_Quantity.quantity>0.000000</in_Quantity.quantity><out_Quantity.quantity>482.715293</out_Quantity.quantity></Point><Point><position>5674</position><in_Quantity.quantity>0.000000</in_Quantity.quantity><out_Quantity.quantity>526.057731</out_Quantity.quantity></Point><Point><position>5675</position><in_Quantity.quantity>0.000000</in_Quantity.quantity><out_Quantity.quantity>422.058099</out_Quantity.quantity></Point><Point><position>5676</position><in_Quantity.quantity>0.000000</in_Quantity.quantity><out_Quantity.quantity>690.337235</out_Quantity.quantity></Point><Point><position>5677</position><in_Quantity.quantity>0.000000</in_Quantity.quantity><out_Quantity.quantity>191.513124</out_Quantity.quantity></Point><Point><position>5678</position><in_Quantity.quantity>0.000000</in_Quantity.quantity><out_Quantity.quantity>379.750155</out_Quantity.quantity></Point><Point><position>5679</position><in_Quantity.quantity>0.000000</in_Quantity.quantity><out_Quantity.quantity>575.153603</out_Quantity.quantity></Point><Point><position>5680</position><in_Quantity.quantity>0.000000</in_Quantity.quantity><out_Quantity.quantity>454.394134</out_Quantity.quantity></Point><Point><position>5681</position><in_Quantity.quantity>0.000000</in_Quantity.quantity><out_Quantity.quantity>792.086301</out_Quantity.quantity></Point><Point><position>5682</position><in_Quantity.quantity>0.000000</in_Quantity.quantity><out_Quantity.quantity>265.267350</out_Quantity.quantity></Point><Point><position>5683</position><in_Quantity.quantity>0.000000</in_Quantity.quantity><out_Quantity.quantity>782.305185</out_Quantity.quantity></Point><Point><position>5684</position><in_Quantity.quantity>0.000000</in_Quantity.quantity><out_Quantity.quantity>587.089594</out_Quantity.quantity></Point><Point><position>5685</position><in_Quantity.quantity>0.000000</in_Quantity.quantity><out_Quantity.quantity>306.680612</out_Quantity.quantity></Point><Point><position>5686</position><in_Quantity.quantity>0.000000</in_Quantity.quantity><out_Quantity.quantity>80.774374</out_Quantity.quantity></Point><Point><position>5687</position><in_Quantity.quantity>0.000000</in_Quantity.quantity><out_Quantity.quantity>616.220618</out_Quantity.quantity></Point><Point><position>5688</position><in_Quantity.quantity>0.000000</in_Quantity.quantity><out_Quantity.quantity>17.559253</out_Quantity.quantity></Point><Point><position>5689</position><in_Quantity.quantity>0.000000</in_Quantity.quantity><out_Quantity.quantity>833.456362</out_Quantity.quantity></Point><Point><position>5690</position><in_Quantity.quantity>0.000000</in_Quantity.quantity><out_Quantity.quantity>71.745936</out_Quantity.quantity></Point><Point><position>5691</position><in_Quantity.quantity>0.000000</in_Quantity.quantity><out_Quantity.quantity>984.191013</out_Quantity.quantity></Point><Point><position>5692</position><in_Quantity.quantity>0.000000</in_Quantity.quantity><out_Quantity.quantity>163.457656</out_Quantity.quantity></Point><Point><position>5693</position><in_Quantity.quantity>0.000000</in_Quantity.quantity><out_Quantity.quantity>603.407457</out_Quantity.quantity></Point><Point><position>5694</position><in_Quantity.quantity>0.000000</in_Quantity.quantity><out_Quantity.quantity>358.392837</out_Quantity.quantity></Point><Point><position>5695</position><in_Quantity.quantity>0.000000</in_Quantity.quantity><out_Quantity.quantity>203.538672</out_Quantity.quantity></Point><Point><position>5696</position><in_Quantity.quantity>0.000000</in_Quantity.quantity><out_Quantity.quantity>7.578210</out_Quantity.quantity></Point><Point><position>5697</position><in_Quantity.quantity>0.000000</in_Quantity.quantity><out_Quantity.quantity>716.121719</out_Quantity.quantity></Point><Point><position>5698</position><in_Quantity.quantity>0.000000</in_Quantity.quantity><out_Quantity.quantity>564.649934</out_Quantity.quantity></Point><Point><position>5699</position><in_Quantity.quantity>0.000000</in_Quantity.quantity><out_Quantity.quantity>547.444769</out_Quantity.quantity></Point><Point><position>5700</position><in_Quantity.quantity>0.000000</in_Quantity.quantity><out_Quantity.quantity>2.820258</out_Quantity.quantity></Point><Point><position>5701</position><in_Quantity.quantity>0.000000</in_Quantity.quantity><out_Quantity.quantity>567.400062</out_Quantity.quantity></Point><Point><position>5702</position><in_Quantity.quantity>0.000000</in_Quantity.quantity><out_Quantity.quantity>275.449798</out_Quantity.quantity></Point><Point><position>5703</position><in_Quantity.quantity>0.000000</in_Quantity.quantity><out_Quantity.quantity>116.339303</out_Quantity.quantity></Point><Point><position>5704</position><in_Quantity.quantity>0.000000</in_Quantity.quantity><out_Quantity.quantity>933.272351</out_Quantity.quantity></Point><Point><position>5705</position><in_Quantity.quantity>0.000000</in_Quantity.quantity><out_Quantity.quantity>193.097535</out_Quantity.quantity></Point><Point><position>5706</position><in_Quantity.quantity>0.000000</in_Quantity.quantity><out_Quantity.quantity>182.035452</out_Quantity.quantity></Point><Point><position>5707</position><in_Quantity.quantity>0.000000</in_Quantity.quantity><out_Quantity.quantity>191.217843</out_Quantity.quantity></Point><Point><position>5708</position><in_Quantity.quantity>0.000000</in_Quantity.quantity><out_Quantity.quantity>447.864335</out_Quantity.quantity></Point><Point><position>5709</position><in_Quantity.quantity>0.000000</in_Quantity.quantity><out_Quantity.quantity>795.191902</out_Quantity.quantity></Point><Point><position>5710</position><in_Quantity.quantity>0.000000</in_Quantity.quantity><out_Quantity.quantity>989.134094</out_Quantity.quantity></Point><Point><position>5711</position><in_Quantity.quantity>0.000000</in_Quantity.quantity><out_Quantity.quantity>86.447966</out_Quantity.quantity></Point><Point><position>5712</position><in_Quantity.quantity>0.000000</in_Quantity.quantity><out_Quantity.quantity>363.094513</out_Quantity.quantity></Point><Point><position>5713</position><in_Quantity.quantity>0.000000</in_Quantity.quantity><out_Quantity.quantity>523.798946</out_Quantity.quantity></Point><Point><position>5714</position><in_Quantity.quantity>0.000000</in_Quantity.quantity><out_Quantity.quantity>990.465404</out_Quantity.quantity></Point><Point><position>5715</position><in_Quantity.quantity>0.000000</in_Quantity.quantity><out_Quantity.quantity>706.992697</out_Quantity.quantity></Point><Point><position>5716</position><in_Quantity.quantity>0.000000</in_Quantity.quantity><out_Quantity.quantity>63.730867</out_Quantity.quantity></Point><Point><position>5717</position><in_Quantity.quantity>0.000000</in_Quantity.quantity><out_Quantity.quantity>253.952734</out_Quantity.quantity></Point><Point><position>5718</position><in_Quantity.quantity>0.000000</in_Quantity.quantity><out_Quantity.quantity>34.486267</out_Quantity.quantity></Point><Point><position>5719</position><in_Quantity.quantity>0.000000</in_Quantity.quantity><out_Quantity.quantity>656.926193</out_Quantity.quantity></Point><Point><position>5720</position><in_Quantity.quantity>0.000000</in_Quantity.quantity><out_Quantity.quantity>936.580347</out_Quantity.quantity></Point><Point><position>5721</position><in_Quantity.quantity>0.000000</in_Quantity.quantity><out_Quantity.quantity>146.508075</out_Quantity.quantity></Point><Point><position>5722</position><in_Quantity.quantity>0.000000</in_Quantity.quantity><out_Quantity.quantity>313.937527</out_Quantity.quantity></Point><Point><position>5723</position><in_Quantity.quantity>0.000000</in_Quantity.quantity><out_Quantity.quantity>473.165851</out_Quantity.quantity></Point><Point><position>5724</position><in_Quantity.quantity>0.000000</in_Quantity.quantity><out_Quantity.quantity>363.302049</out_Quantity.quantity></Point><Point><position>5725</position><in_Quantity.quantity>0.000000</in_Quantity.quantity><out_Quantity.quantity>429.331099</out_Quantity.quantity></Point><Point><position>5726</position><in_Quantity.quantity>0.000000</in_Quantity.quantity><out_Quantity.quantity>821.136389</out_Quantity.quantity></Point><Point><position>5727</position><in_Quantity.quantity>0.000000</in_Quantity.quantity><out_Quantity.quantity>434.642815</out_Quantity.quantity></Point><Point><position>5728</position><in_Quantity.quantity>0.000000</in_Quantity.quantity><out_Quantity.quantity>671.420373</out_Quantity.quantity></Point><Point><position>5729</position><in_Quantity.quantity>0.000000</in_Quantity.quantity><out_Quantity.quantity>347.005060</out_Quantity.quantity></Point><Point><position>5730</position><in_Quantity.quantity>0.000000</in_Quantity.quantity><out_Quantity.quantity>31.458709</out_Quantity.quantity></Point><Point><position>5731</position><in_Quantity.quantity>0.000000</in_Quantity.quantity><out_Quantity.quantity>291.045433</out_Quantity.quantity></Point><Point><position>5732</position><in_Quantity.quantity>0.000000</in_Quantity.quantity><out_Quantity.quantity>373.119538</out_Quantity.quantity></Point><Point><position>5733</position><in_Quantity.quantity>0.000000</in_Quantity.quantity><out_Quantity.quantity>420.223212</out_Quantity.quantity></Point><Point><position>5734</position><in_Quantity.quantity>0.000000</in_Quantity.quantity><out_Quantity.quantity>124.454141</out_Quantity.quantity></Point><Point><position>5735</position><in_Quantity.quantity>0.000000</in_Quantity.quantity><out_Quantity.quantity>38.065733</out_Quantity.quantity></Point><Point><position>5736</position><in_Quantity.quantity>0.000000</in_Quantity.quantity><out_Quantity.quantity>569.045908</out_Quantity.quantity></Point><Point><position>5737</position><in_Quantity.quantity>0.000000</in_Quantity.quantity><out_Quantity.quantity>947.532931</out_Quantity.quantity></Point><Point><position>5738</position><in_Quantity.quantity>0.000000</in_Quantity.quantity><out_Quantity.quantity>368.124139</out_Quantity.quantity></Point><Point><position>5739</position><in_Quantity.quantity>0.000000</in_Quantity.quantity><out_Quantity.quantity>376.610173</out_Quantity.quantity></Point><Point><position>5740</position><in_Quantity.quantity>0.000000</in_Quantity.quantity><out_Quantity.quantity>462.628038</out_Quantity.quantity></Point><Point><position>5741</position><in_Quantity.quantity>0.000000</in_Quantity.quantity><out_Quantity.quantity>661.485261</out_Quantity.quantity></Point><Point><position>5742</position><in_Quantity.quantity>0.000000</in_Quantity.quantity><out_Quantity.quantity>777.142096</out_Quantity.quantity></Point><Point><position>5743</position><in_Quantity.quantity>0.000000</in_Quantity.quantity><out_Quantity.quantity>566.242360</out_Quantity.quantity></Point><Point><position>5744</position><in_Quantity.quantity>0.000000</in_Quantity.quantity><out_Quantity.quantity>431.738846</out_Quantity.quantity></Point><Point><position>5745</position><in_Quantity.quantity>0.000000</in_Quantity.quantity><out_Quantity.quantity>281.988725</out_Quantity.quantity></Point><Point><position>5746</position><in_Quantity.quantity>0.000000</in_Quantity.quantity><out_Quantity.quantity>329.123290</out_Quantity.quantity></Point><Point><position>5747</position><in_Quantity.quantity>0.000000</in_Quantity.quantity><out_Quantity.quantity>84.519443</out_Quantity.quantity></Point><Point><position>5748</position><in_Quantity.quantity>0.000000</in_Quantity.quantity><out_Quantity.quantity>543.730050</out_Quantity.quantity></Point><Point><position>5749</position><in_Quantity.quantity>0.000000</in_Quantity.quantity><out_Quantity.quantity>843.837114</out_Quantity.quantity></Point><Point><position>5750</position><in_Quantity.quantity>0.000000</in_Quantity.quantity><out_Quantity.quantity>909.608203</out_Quantity.quantity></Point><Point><position>5751</position><in_Quantity.quantity>0.000000</in_Quantity.quantity><out_Quantity.quantity>618.714721</out_Quantity.quantity></Point><Point><position>5752</position><in_Quantity.quantity>0.000000</in_Quantity.quantity><out_Quantity.quantity>30.887984</out_Quantity.quantity></Point><Point><position>5753</position><in_Quantity.quantity>0.000000</in_Quantity.quantity><out_Quantity.quantity>787.327896</out_Quantity.quantity></Point><Point><position>5754</position><in_Quantity.quantity>0.000000</in_Quantity.quantity><out_Quantity.quantity>948.384635</out_Quantity.quantity></Point><Point><position>5755</position><in_Quantity.quantity>0.000000</in_Quantity.quantity><out_Quantity.quantity>114.795887</out_Quantity.quantity></Point><Point><position>5756</position><in_Quantity.quantity>0.000000</in_Quantity.quantity><out_Quantity.quantity>231.102779</out_Quantity.quantity></Point><Point><position>5757</position><in_Quantity.quantity>0.000000</in_Quantity.quantity><out_Quantity.quantity>73.920715</out_Quantity.quantity></Point><Point><position>5758</position><in_Quantity.quantity>0.000000</in_Quantity.quantity><out_Quantity.quantity>645.606413</out_Quantity.quantity></Point><Point><position>5759</position><in_Quantity.quantity>0.000000</in_Quantity.quantity><out_Quantity.quantity>77.218405</out_Quantity.quantity></Point><Point><position>5760</position><in_Quantity.quantity>0.000000</in_Quantity.quantity><out_Quantity.quantity>436.985749</out_Quantity.quantity></Point><Point><position>5761</position><in_Quantity.quantity>0.000000</in_Quantity.quantity><out_Quantity.quantity>112.138104</out_Quantity.quantity></Point><Point><position>5762</position><in_Quantity.quantity>0.000000</in_Quantity.quantity><out_Quantity.quantity>248.716028</out_Quantity.quantity></Point><Point><position>5763</position><in_Quantity.quantity>0.000000</in_Quantity.quantity><out_Quantity.quantity>157.044811</out_Quantity.quantity></Point><Point><position>5764</position><in_Quantity.quantity>0.000000</in_Quantity.quantity><out_Quantity.quantity>411.877206</out_Quantity.quantity></Point><Point><position>5765</position><in_Quantity.quantity>0.000000</in_Quantity.quantity><out_Quantity.quantity>726.889089</out_Quantity.quantity></Point><Point><position>5766</position><in_Quantity.quantity>0.000000</in_Quantity.quantity><out_Quantity.quantity>557.267302</out_Quantity.quantity></Point><Point><position>5767</position><in_Quantity.quantity>0.000000</in_Quantity.quantity><out_Quantity.quantity>481.035775</out_Quantity.quantity></Point><Point><position>5768</position><in_Quantity.quantity>0.000000</in_Quantity.quantity><out_Quantity.quantity>858.450159</out_Quantity.quantity></Point><Point><position>5769</position><in_Quantity.quantity>0.000000</in_Quantity.quantity><out_Quantity.quantity>952.888780</out_Quantity.quantity></Point><Point><position>5770</position><in_Quantity.quantity>0.000000</in_Quantity.quantity><out_Quantity.quantity>312.474825</out_Quantity.quantity></Point><Point><position>5771</position><in_Quantity.quantity>0.000000</in_Quantity.quantity><out_Quantity.quantity>949.278644</out_Quantity.quantity></Point><Point><position>5772</position><in_Quantity.quantity>0.000000</in_Quantity.quantity><out_Quantity.quantity>727.186575</out_Quantity.quantity></Point><Point><position>5773</position><in_Quantity.quantity>0.000000</in_Quantity.quantity><out_Quantity.quantity>993.093456</out_Quantity.quantity></Point><Point><position>5774</position><in_Quantity.quantity>0.000000</in_Quantity.quantity><out_Quantity.quantity>110.428281</out_Quantity.quantity></Point><Point><position>5775</position><in_Quantity.quantity>0.000000</in_Quantity.quantity><out_Quantity.quantity>119.723291</out_Quantity.quantity></Point><Point><position>5776</position><in_Quantity.quantity>0.000000</in_Quantity.quantity><out_Quantity.quantity>203.015120</out_Quantity.quantity></Point><Point><position>5777</position><in_Quantity.quantity>0.000000</in_Quantity.quantity><out_Quantity.quantity>845.086805</out_Quantity.quantity></Point><Point><position>5778</position><in_Quantity.quantity>0.000000</in_Quantity.quantity><out_Quantity.quantity>726.602944</out_Quantity.quantity></Point><Point><position>5779</position><in_Quantity.quantity>0.000000</in_Quantity.quantity><out_Quantity.quantity>416.371301</out_Quantity.quantity></Point><Point><position>5780</position><in_Quantity.quantity>0.000000</in_Quantity.quantity><out_Quantity.quantity>189.956342</out_Quantity.quantity></Point><Point><position>5781</position><in_Quantity.quantity>0.000000</in_Quantity.quantity><out_Quantity.quantity>436.595595</out_Quantity.quantity></Point><Point><position>5782</position><in_Quantity.quantity>0.000000</in_Quantity.quantity><out_Quantity.quantity>618.446696</out_Quantity.quantity></Point><Point><position>5783</position><in_Quantity.quantity>0.000000</in_Quantity.quantity><out_Quantity.quantity>700.804548</out_Quantity.quantity></Point><Point><position>5784</position><in_Quantity.quantity>0.000000</in_Quantity.quantity><out_Quantity.quantity>251.848931</out_Quantity.quantity></Point><Point><position>5785</position><in_Quantity.quantity>0.000000</in_Quantity.quantity><out_Quantity.quantity>605.494403</out_Quantity.quantity></Point><Point><position>5786</position><in_Quantity.quantity>0.000000</in_Quantity.quantity><out_Quantity.quantity>647.831383</out_Quantity.quantity></Point><Point><position>5787</position><in_Quantity.quantity>0.000000</in_Quantity.quantity><out_Quantity.quantity>623.614583</out_Quantity.quantity></Point><Point><position>5788</position><in_Quantity.quantity>0.000000</in_Quantity.quantity><out_Quantity.quantity>698.108954</out_Quantity.quantity></Point><Point><position>5789</position><in_Quantity.quantity>0.000000</in_Quantity.quantity><out_Quantity.quantity>720.519279</out_Quantity.quantity></Point><Point><position>5790</position><in_Quantity.quantity>0.000000</in_Quantity.quantity><out_Quantity.quantity>764.906168</out_Quantity.quantity></Point><Point><position>5791</position><in_Quantity.quantity>0.000000</in_Quantity.quantity><out_Quantity.quantity>716.396728</out_Quantity.quantity></Point><Point><position>5792</position><in_Quantity.quantity>0.000000</in_Quantity.quantity><out_Quantity.quantity>831.830023</out_Quantity.quantity></Point><Point><position>5793</position><in_Quantity.quantity>0.000000</in_Quantity.quantity><out_Quantity.quantity>725.305975</out_Quantity.quantity></Point><Point><position>5794</position><in_Quantity.quantity>0.000000</in_Quantity.quantity><out_Quantity.quantity>533.872852</out_Quantity.quantity></Point><Point><position>5795</position><in_Quantity.quantity>0.000000</in_Quantity.quantity><out_Quantity.quantity>616.407925</out_Quantity.quantity></Point><Point><position>5796</position><in_Quantity.quantity>0.000000</in_Quantity.quantity><out_Quantity.quantity>476.783971</out_Quantity.quantity></Point><Point><position>5797</position><in_Quantity.quantity>0.000000</in_Quantity.quantity><out_Quantity.quantity>36.241126</out_Quantity.quantity></Point><Point><position>5798</position><in_Quantity.quantity>0.000000</in_Quantity.quantity><out_Quantity.quantity>477.551103</out_Quantity.quantity></Point><Point><position>5799</position><in_Quantity.quantity>0.000000</in_Quantity.quantity><out_Quantity.quantity>943.003155</out_Quantity.quantity></Point><Point><position>5800</position><in_Quantity.quantity>0.000000</in_Quantity.quantity><out_Quantity.quantity>308.578363</out_Quantity.quantity></Point><Point><position>5801</position><in_Quantity.quantity>0.000000</in_Quantity.quantity><out_Quantity.quantity>794.733865</out_Quantity.quantity></Point><Point><position>5802</position><in_Quantity.quantity>0.000000</in_Quantity.quantity><out_Quantity.quantity>279.827070</out_Quantity.quantity></Point><Point><position>5803</position><in_Quantity.quantity>0.000000</in_Quantity.quantity><out_Quantity.quantity>461.556269</out_Quantity.quantity></Point><Point><position>5804</position><in_Quantity.quantity>0.000000</in_Quantity.quantity><out_Quantity.quantity>129.938713</out_Quantity.quantity></Point><Point><position>5805</position><in_Quantity.quantity>0.000000</in_Quantity.quantity><out_Quantity.quantity>380.366374</out_Quantity.quantity></Point><Point><position>5806</position><in_Quantity.quantity>0.000000</in_Quantity.quantity><out_Quantity.quantity>121.871834</out_Quantity.quantity></Point><Point><position>5807</position><in_Quantity.quantity>0.000000</in_Quantity.quantity><out_Quantity.quantity>898.602220</out_Quantity.quantity></Point><Point><position>5808</position><in_Quantity.quantity>0.000000</in_Quantity.quantity><out_Quantity.quantity>519.645522</out_Quantity.quantity></Point><Point><position>5809</position><in_Quantity.quantity>0.000000</in_Quantity.quantity><out_Quantity.quantity>270.600780</out_Quantity.quantity></Point><Point><position>5810</position><in_Quantity.quantity>0.000000</in_Quantity.quantity><out_Quantity.quantity>526.336953</out_Quantity.quantity></Point><Point><position>5811</position><in_Quantity.quantity>0.000000</in_Quantity.quantity><out_Quantity.quantity>781.634986</out_Quantity.quantity></Point><Point><position>5812</position><in_Quantity.quantity>0.000000</in_Quantity.quantity><out_Quantity.quantity>583.165485</out_Quantity.quantity></Point><Point><position>5813</position><in_Quantity.quantity>0.000000</in_Quantity.quantity><out_Quantity.quantity>229.787566</out_Quantity.quantity></Point><Point><position>5814</position><in_Quantity.quantity>0.000000</in_Quantity.quantity><out_Quantity.quantity>227.222138</out_Quantity.quantity></Point><Point><position>5815</position><in_Quantity.quantity>0.000000</in_Quantity.quantity><out_Quantity.quantity>646.869256</out_Quantity.quantity></Point><Point><position>5816</position><in_Quantity.quantity>0.000000</in_Quantity.quantity><out_Quantity.quantity>228.720510</out_Quantity.quantity></Point><Point><position>5817</position><in_Quantity.quantity>0.000000</in_Quantity.quantity><out_Quantity.quantity>625.805876</out_Quantity.quantity></Point><Point><position>5818</position><in_Quantity.quantity>0.000000</in_Quantity.quantity><out_Quantity.quantity>990.421227</out_Quantity.quantity></Point><Point><position>5819</position><in_Quantity.quantity>0.000000</in_Quantity.quantity><out_Quantity.quantity>652.060365</out_Quantity.quantity></Point><Point><position>5820</position><in_Quantity.quantity>0.000000</in_Quantity.quantity><out_Quantity.quantity>258.068894</out_Quantity.quantity></Point><Point><position>5821</position><in_Quantity.quantity>0.000000</in_Quantity.quantity><out_Quantity.quantity>170.891880</out_Quantity.quantity></Point><Point><position>5822</position><in_Quantity.quantity>0.000000</in_Quantity.quantity><out_Quantity.quantity>761.188263</out_Quantity.quantity></Point><Point><position>5823</position><in_Quantity.quantity>0.000000</in_Quantity.quantity><out_Quantity.quantity>676.578291</out_Quantity.quantity></Point><Point><position>5824</position><in_Quantity.quantity>0.000000</in_Quantity.quantity><out_Quantity.quantity>661.794162</out_Quantity.quantity></Point><Point><position>5825</position><in_Quantity.quantity>0.000000</in_Quantity.quantity><out_Quantity.quantity>827.675781</out_Quantity.quantity></Point><Point><position>5826</position><in_Quantity.quantity>0.000000</in_Quantity.quantity><out_Quantity.quantity>51.476217</out_Quantity.quantity></Point><Point><position>5827</position><in_Quantity.quantity>0.000000</in_Quantity.quantity><out_Quantity.quantity>21.247623</out_Quantity.quantity></Point><Point><position>5828</position><in_Quantity.quantity>0.000000</in_Quantity.quantity><out_Quantity.quantity>7.112619</out_Quantity.quantity></Point><Point><position>5829</position><in_Quantity.quantity>0.000000</in_Quantity.quantity><out_Quantity.quantity>903.833062</out_Quantity.quantity></Point><Point><position>5830</position><in_Quantity.quantity>0.000000</in_Quantity.quantity><out_Quantity.quantity>958.409898</out_Quantity.quantity></Point><Point><position>5831</position><in_Quantity.quantity>0.000000</in_Quantity.quantity><out_Quantity.quantity>407.070720</out_Quantity.quantity></Point><Point><position>5832</position><in_Quantity.quantity>0.000000</in_Quantity.quantity><out_Quantity.quantity>46.076485</out_Quantity.quantity></Point><Point><position>5833</position><in_Quantity.quantity>0.000000</in_Quantity.quantity><out_Quantity.quantity>569.557689</out_Quantity.quantity></Point><Point><position>5834</position><in_Quantity.quantity>0.000000</in_Quantity.quantity><out_Quantity.quantity>354.027464</out_Quantity.quantity></Point><Point><position>5835</position><in_Quantity.quantity>0.000000</in_Quantity.quantity><out_Quantity.quantity>24.112593</out_Quantity.quantity></Point><Point><position>5836</position><in_Quantity.quantity>0.000000</in_Quantity.quantity><out_Quantity.quantity>717.251729</out_Quantity.quantity></Point><Point><position>5837</position><in_Quantity.quantity>0.000000</in_Quantity.quantity><out_Quantity.quantity>587.504296</out_Quantity.quantity></Point><Point><position>5838</position><in_Quantity.quantity>0.000000</in_Quantity.quantity><out_Quantity.quantity>271.470461</out_Quantity.quantity></Point><Point><position>5839</position><in_Quantity.quantity>0.000000</in_Quantity.quantity><out_Quantity.quantity>933.792805</out_Quantity.quantity></Point><Point><position>5840</position><in_Quantity.quantity>0.000000</in_Quantity.quantity><out_Quantity.quantity>15.061261</out_Quantity.quantity></Point><Point><position>5841</position><in_Quantity.quantity>0.000000</in_Quantity.quantity><out_Quantity.quantity>226.389687</out_Quantity.quantity></Point><Point><position>5842</position><in_Quantity.quantity>0.000000</in_Quantity.quantity><out_Quantity.quantity>810.406851</out_Quantity.quantity></Point><Point><position>5843</position><in_Quantity.quantity>0.000000</in_Quantity.quantity><out_Quantity.quantity>470.574636</out_Quantity.quantity></Point><Point><position>5844</position><in_Quantity.quantity>0.000000</in_Quantity.quantity><out_Quantity.quantity>894.910309</out_Quantity.quantity></Point><Point><position>5845</position><in_Quantity.quantity>0.000000</in_Quantity.quantity><out_Quantity.quantity>516.994232</out_Quantity.quantity></Point><Point><position>5846</position><in_Quantity.quantity>0.000000</in_Quantity.quantity><out_Quantity.quantity>287.577353</out_Quantity.quantity></Point><Point><position>5847</position><in_Quantity.quantity>0.000000</in_Quantity.quantity><out_Quantity.quantity>186.706037</out_Quantity.quantity></Point><Point><position>5848</position><in_Quantity.quantity>0.000000</in_Quantity.quantity><out_Quantity.quantity>176.919201</out_Quantity.quantity></Point><Point><position>5849</position><in_Quantity.quantity>0.000000</in_Quantity.quantity><out_Quantity.quantity>641.995017</out_Quantity.quantity></Point><Point><position>5850</position><in_Quantity.quantity>0.000000</in_Quantity.quantity><out_Quantity.quantity>714.403479</out_Quantity.quantity></Point><Point><position>5851</position><in_Quantity.quantity>0.000000</in_Quantity.quantity><out_Quantity.quantity>199.255837</out_Quantity.quantity></Point><Point><position>5852</position><in_Quantity.quantity>0.000000</in_Quantity.quantity><out_Quantity.quantity>163.435550</out_Quantity.quantity></Point><Point><position>5853</position><in_Quantity.quantity>0.000000</in_Quantity.quantity><out_Quantity.quantity>764.231006</out_Quantity.quantity></Point><Point><position>5854</position><in_Quantity.quantity>0.000000</in_Quantity.quantity><out_Quantity.quantity>491.232591</out_Quantity.quantity></Point><Point><position>5855</position><in_Quantity.quantity>0.000000</in_Quantity.quantity><out_Quantity.quantity>272.235292</out_Quantity.quantity></Point><Point><position>5856</position><in_Quantity.quantity>0.000000</in_Quantity.quantity><out_Quantity.quantity>214.806573</out_Quantity.quantity></Point><Point><position>5857</position><in_Quantity.quantity>0.000000</in_Quantity.quantity><out_Quantity.quantity>375.098107</out_Quantity.quantity></Point><Point><position>5858</position><in_Quantity.quantity>0.000000</in_Quantity.quantity><out_Quantity.quantity>839.318114</out_Quantity.quantity></Point><Point><position>5859</position><in_Quantity.quantity>0.000000</in_Quantity.quantity><out_Quantity.quantity>850.924342</out_Quantity.quantity></Point><Point><position>5860</position><in_Quantity.quantity>0.000000</in_Quantity.quantity><out_Quantity.quantity>340.094262</out_Quantity.quantity></Point><Point><position>5861</position><in_Quantity.quantity>0.000000</in_Quantity.quantity><out_Quantity.quantity>796.684459</out_Quantity.quantity></Point><Point><position>5862</position><in_Quantity.quantity>0.000000</in_Quantity.quantity><out_Quantity.quantity>545.353606</out_Quantity.quantity></Point><Point><position>5863</position><in_Quantity.quantity>0.000000</in_Quantity.quantity><out_Quantity.quantity>572.778161</out_Quantity.quantity></Point><Point><position>5864</position><in_Quantity.quantity>0.000000</in_Quantity.quantity><out_Quantity.quantity>494.858449</out_Quantity.quantity></Point><Point><position>5865</position><in_Quantity.quantity>0.000000</in_Quantity.quantity><out_Quantity.quantity>388.834766</out_Quantity.quantity></Point><Point><position>5866</position><in_Quantity.quantity>0.000000</in_Quantity.quantity><out_Quantity.quantity>141.425747</out_Quantity.quantity></Point><Point><position>5867</position><in_Quantity.quantity>0.000000</in_Quantity.quantity><out_Quantity.quantity>391.005544</out_Quantity.quantity></Point><Point><position>5868</position><in_Quantity.quantity>0.000000</in_Quantity.quantity><out_Quantity.quantity>66.512735</out_Quantity.quantity></Point><Point><position>5869</position><in_Quantity.quantity>0.000000</in_Quantity.quantity><out_Quantity.quantity>817.882892</out_Quantity.quantity></Point><Point><position>5870</position><in_Quantity.quantity>0.000000</in_Quantity.quantity><out_Quantity.quantity>966.532850</out_Quantity.quantity></Point><Point><position>5871</position><in_Quantity.quantity>0.000000</in_Quantity.quantity><out_Quantity.quantity>775.700738</out_Quantity.quantity></Point><Point><position>5872</position><in_Quantity.quantity>0.000000</in_Quantity.quantity><out_Quantity.quantity>511.027737</out_Quantity.quantity></Point><Point><position>5873</position><in_Quantity.quantity>0.000000</in_Quantity.quantity><out_Quantity.quantity>155.958663</out_Quantity.quantity></Point><Point><position>5874</position><in_Quantity.quantity>0.000000</in_Quantity.quantity><out_Quantity.quantity>248.180677</out_Quantity.quantity></Point><Point><position>5875</position><in_Quantity.quantity>0.000000</in_Quantity.quantity><out_Quantity.quantity>889.564537</out_Quantity.quantity></Point><Point><position>5876</position><in_Quantity.quantity>0.000000</in_Quantity.quantity><out_Quantity.quantity>80.787499</out_Quantity.quantity></Point><Point><position>5877</position><in_Quantity.quantity>0.000000</in_Quantity.quantity><out_Quantity.quantity>10.601543</out_Quantity.quantity></Point><Point><position>5878</position><in_Quantity.quantity>0.000000</in_Quantity.quantity><out_Quantity.quantity>95.129503</out_Quantity.quantity></Point><Point><position>5879</position><in_Quantity.quantity>0.000000</in_Quantity.quantity><out_Quantity.quantity>104.473599</out_Quantity.quantity></Point><Point><position>5880</position><in_Quantity.quantity>0.000000</in_Quantity.quantity><out_Quantity.quantity>914.767660</out_Quantity.quantity></Point><Point><position>5881</position><in_Quantity.quantity>0.000000</in_Quantity.quantity><out_Quantity.quantity>289.532705</out_Quantity.quantity></Point><Point><position>5882</position><in_Quantity.quantity>0.000000</in_Quantity.quantity><out_Quantity.quantity>359.118627</out_Quantity.quantity></Point><Point><position>5883</position><in_Quantity.quantity>0.000000</in_Quantity.quantity><out_Quantity.quantity>707.978759</out_Quantity.quantity></Point><Point><position>5884</position><in_Quantity.quantity>0.000000</in_Quantity.quantity><out_Quantity.quantity>690.281259</out_Quantity.quantity></Point><Point><position>5885</position><in_Quantity.quantity>0.000000</in_Quantity.quantity><out_Quantity.quantity>776.128864</out_Quantity.quantity></Point><Point><position>5886</position><in_Quantity.quantity>0.000000</in_Quantity.quantity><out_Quantity.quantity>830.790155</out_Quantity.quantity></Point><Point><position>5887</position><in_Quantity.quantity>0.000000</in_Quantity.quantity><out_Quantity.quantity>217.960082</out_Quantity.quantity></Point><Point><position>5888</position><in_Quantity.quantity>0.000000</in_Quantity.quantity><out_Quantity.quantity>210.967930</out_Quantity.quantity></Point><Point><position>5889</position><in_Quantity.quantity>0.000000</in_Quantity.quantity><out_Quantity.quantity>122.099272</out_Quantity.quantity></Point><Point><position>5890</position><in_Quantity.quantity>0.000000</in_Quantity.quantity><out_Quantity.quantity>172.148165</out_Quantity.quantity></Point><Point><position>5891</position><in_Quantity.quantity>0.000000</in_Quantity.quantity><out_Quantity.quantity>692.586525</out_Quantity.quantity></Point><Point><position>5892</position><in_Quantity.quantity>0.000000</in_Quantity.quantity><out_Quantity.quantity>744.154936</out_Quantity.quantity></Point><Point><position>5893</position><in_Quantity.quantity>0.000000</in_Quantity.quantity><out_Quantity.quantity>729.521172</out_Quantity.quantity></Point><Point><position>5894</position><in_Quantity.quantity>0.000000</in_Quantity.quantity><out_Quantity.quantity>180.762073</out_Quantity.quantity></Point><Point><position>5895</position><in_Quantity.quantity>0.000000</in_Quantity.quantity><out_Quantity.quantity>284.158756</out_Quantity.quantity></Point><Point><position>5896</position><in_Quantity.quantity>0.000000</in_Quantity.quantity><out_Quantity.quantity>713.030828</out_Quantity.quantity></Point><Point><position>5897</position><in_Quantity.quantity>0.000000</in_Quantity.quantity><out_Quantity.quantity>63.156898</out_Quantity.quantity></Point><Point><position>5898</position><in_Quantity.quantity>0.000000</in_Quantity.quantity><out_Quantity.quantity>803.962830</out_Quantity.quantity></Point><Point><position>5899</position><in_Quantity.quantity>0.000000</in_Quantity.quantity><out_Quantity.quantity>147.808997</out_Quantity.quantity></Point><Point><position>5900</position><in_Quantity.quantity>0.000000</in_Quantity.quantity><out_Quantity.quantity>973.948421</out_Quantity.quantity></Point><Point><position>5901</position><in_Quantity.quantity>0.000000</in_Quantity.quantity><out_Quantity.quantity>722.678014</out_Quantity.quantity></Point><Point><position>5902</position><in_Quantity.quantity>0.000000</in_Quantity.quantity><out_Quantity.quantity>548.226660</out_Quantity.quantity></Point><Point><position>5903</position><in_Quantity.quantity>0.000000</in_Quantity.quantity><out_Quantity.quantity>59.462899</out_Quantity.quantity></Point><Point><position>5904</position><in_Quantity.quantity>0.000000</in_Quantity.quantity><out_Quantity.quantity>721.089339</out_Quantity.quantity></Point><Point><position>5905</position><in_Quantity.quantity>0.000000</in_Quantity.quantity><out_Quantity.quantity>384.603242</out_Quantity.quantity></Point><Point><position>5906</position><in_Quantity.quantity>0.000000</in_Quantity.quantity><out_Quantity.quantity>24.162649</out_Quantity.quantity></Point><Point><position>5907</position><in_Quantity.quantity>0.000000</in_Quantity.quantity><out_Quantity.quantity>982.926937</out_Quantity.quantity></Point><Point><position>5908</position><in_Quantity.quantity>0.000000</in_Quantity.quantity><out_Quantity.quantity>768.776524</out_Quantity.quantity></Point><Point><position>5909</position><in_Quantity.quantity>0.000000</in_Quantity.quantity><out_Quantity.quantity>514.109902</out_Quantity.quantity></Point><Point><position>5910</position><in_Quantity.quantity>0.000000</in_Quantity.quantity><out_Quantity.quantity>335.079310</out_Quantity.quantity></Point><Point><position>5911</position><in_Quantity.quantity>0.000000</in_Quantity.quantity><out_Quantity.quantity>427.171257</out_Quantity.quantity></Point><Point><position>5912</position><in_Quantity.quantity>0.000000</in_Quantity.quantity><out_Quantity.quantity>267.195708</out_Quantity.quantity></Point><Point><position>5913</position><in_Quantity.quantity>0.000000</in_Quantity.quantity><out_Quantity.quantity>238.328902</out_Quantity.quantity></Point><Point><position>5914</position><in_Quantity.quantity>0.000000</in_Quantity.quantity><out_Quantity.quantity>546.116928</out_Quantity.quantity></Point><Point><position>5915</position><in_Quantity.quantity>0.000000</in_Quantity.quantity><out_Quantity.quantity>483.777603</out_Quantity.quantity></Point><Point><position>5916</position><in_Quantity.quantity>0.000000</in_Quantity.quantity><out_Quantity.quantity>986.116675</out_Quantity.quantity></Point><Point><position>5917</position><in_Quantity.quantity>0.000000</in_Quantity.quantity><out_Quantity.quantity>166.544395</out_Quantity.quantity></Point><Point><position>5918</position><in_Quantity.quantity>0.000000</in_Quantity.quantity><out_Quantity.quantity>185.706700</out_Quantity.quantity></Point><Point><position>5919</position><in_Quantity.quantity>0.000000</in_Quantity.quantity><out_Quantity.quantity>209.165954</out_Quantity.quantity></Point><Point><position>5920</position><in_Quantity.quantity>0.000000</in_Quantity.quantity><out_Quantity.quantity>266.066520</out_Quantity.quantity></Point><Point><position>5921</position><in_Quantity.quantity>0.000000</in_Quantity.quantity><out_Quantity.quantity>909.033784</out_Quantity.quantity></Point><Point><position>5922</position><in_Quantity.quantity>0.000000</in_Quantity.quantity><out_Quantity.quantity>107.816835</out_Quantity.quantity></Point><Point><position>5923</position><in_Quantity.quantity>0.000000</in_Quantity.quantity><out_Quantity.quantity>978.769611</out_Quantity.quantity></Point><Point><position>5924</position><in_Quantity.quantity>0.000000</in_Quantity.quantity><out_Quantity.quantity>380.966792</out_Quantity.quantity></Point><Point><position>5925</position><in_Quantity.quantity>0.000000</in_Quantity.quantity><out_Quantity.quantity>562.603943</out_Quantity.quantity></Point><Point><position>5926</position><in_Quantity.quantity>0.000000</in_Quantity.quantity><out_Quantity.quantity>784.018391</out_Quantity.quantity></Point><Point><position>5927</position><in_Quantity.quantity>0.000000</in_Quantity.quantity><out_Quantity.quantity>184.584534</out_Quantity.quantity></Point><Point><position>5928</position><in_Quantity.quantity>0.000000</in_Quantity.quantity><out_Quantity.quantity>835.620410</out_Quantity.quantity></Point><Point><position>5929</position><in_Quantity.quantity>0.000000</in_Quantity.quantity><out_Quantity.quantity>911.120670</out_Quantity.quantity></Point><Point><position>5930</position><in_Quantity.quantity>0.000000</in_Quantity.quantity><out_Quantity.quantity>454.683318</out_Quantity.quantity></Point><Point><position>5931</position><in_Quantity.quantity>0.000000</in_Quantity.quantity><out_Quantity.quantity>926.547655</out_Quantity.quantity></Point><Point><position>5932</position><in_Quantity.quantity>0.000000</in_Quantity.quantity><out_Quantity.quantity>963.250630</out_Quantity.quantity></Point><Point><position>5933</position><in_Quantity.quantity>0.000000</in_Quantity.quantity><out_Quantity.quantity>339.721164</out_Quantity.quantity></Point><Point><position>5934</position><in_Quantity.quantity>0.000000</in_Quantity.quantity><out_Quantity.quantity>102.729560</out_Quantity.quantity></Point><Point><position>5935</position><in_Quantity.quantity>0.000000</in_Quantity.quantity><out_Quantity.quantity>482.097610</out_Quantity.quantity></Point><Point><position>5936</position><in_Quantity.quantity>0.000000</in_Quantity.quantity><out_Quantity.quantity>609.716477</out_Quantity.quantity></Point><Point><position>5937</position><in_Quantity.quantity>0.000000</in_Quantity.quantity><out_Quantity.quantity>23.916083</out_Quantity.quantity></Point><Point><position>5938</position><in_Quantity.quantity>0.000000</in_Quantity.quantity><out_Quantity.quantity>358.581525</out_Quantity.quantity></Point><Point><position>5939</position><in_Quantity.quantity>0.000000</in_Quantity.quantity><out_Quantity.quantity>13.434531</out_Quantity.quantity></Point><Point><position>5940</position><in_Quantity.quantity>0.000000</in_Quantity.quantity><out_Quantity.quantity>530.606455</out_Quantity.quantity></Point><Point><position>5941</position><in_Quantity.quantity>0.000000</in_Quantity.quantity><out_Quantity.quantity>446.778158</out_Quantity.quantity></Point><Point><position>5942</position><in_Quantity.quantity>0.000000</in_Quantity.quantity><out_Quantity.quantity>785.247332</out_Quantity.quantity></Point><Point><position>5943</position><in_Quantity.quantity>0.000000</in_Quantity.quantity><out_Quantity.quantity>420.535804</out_Quantity.quantity></Point><Point><position>5944</position><in_Quantity.quantity>0.000000</in_Quantity.quantity><out_Quantity.quantity>665.385266</out_Quantity.quantity></Point><Point><position>5945</position><in_Quantity.quantity>0.000000</in_Quantity.quantity><out_Quantity.quantity>513.083290</out_Quantity.quantity></Point><Point><position>5946</position><in_Quantity.quantity>0.000000</in_Quantity.quantity><out_Quantity.quantity>238.292492</out_Quantity.quantity></Point><Point><position>5947</position><in_Quantity.quantity>0.000000</in_Quantity.quantity><out_Quantity.quantity>357.026132</out_Quantity.quantity></Point><Point><position>5948</position><in_Quantity.quantity>0.000000</in_Quantity.quantity><out_Quantity.quantity>219.681860</out_Quantity.quantity></Point><Point><position>5949</position><in_Quantity.quantity>0.000000</in_Quantity.quantity><out_Quantity.quantity>298.406931</out_Quantity.quantity></Point><Point><position>5950</position><in_Quantity.quantity>0.000000</in_Quantity.quantity><out_Quantity.quantity>816.354290</out_Quantity.quantity></Point><Point><position>5951</position><in_Quantity.quantity>0.000000</in_Quantity.quantity><out_Quantity.quantity>833.697846</out_Quantity.quantity></Point><Point><position>5952</position><in_Quantity.quantity>0.000000</in_Quantity.quantity><out_Quantity.quantity>419.205654</out_Quantity.quantity></Point><Point><position>5953</position><in_Quantity.quantity>0.000000</in_Quantity.quantity><out_Quantity.quantity>42.160432</out_Quantity.quantity></Point><Point><position>5954</position><in_Quantity.quantity>0.000000</in_Quantity.quantity><out_Quantity.quantity>159.092532</out_Quantity.quantity></Point><Point><position>5955</position><in_Quantity.quantity>0.000000</in_Quantity.quantity><out_Quantity.quantity>275.463514</out_Quantity.quantity></Point><Point><position>5956</position><in_Quantity.quantity>0.000000</in_Quantity.quantity><out_Quantity.quantity>658.572445</out_Quantity.quantity></Point><Point><position>5957</position><in_Quantity.quantity>0.000000</in_Quantity.quantity><out_Quantity.quantity>657.720040</out_Quantity.quantity></Point><Point><position>5958</position><in_Quantity.quantity>0.000000</in_Quantity.quantity><out_Quantity.quantity>229.009326</out_Quantity.quantity></Point><Point><position>5959</position><in_Quantity.quantity>0.000000</in_Quantity.quantity><out_Quantity.quantity>891.283028</out_Quantity.quantity></Point><Point><position>5960</position><in_Quantity.quantity>0.000000</in_Quantity.quantity><out_Quantity.quantity>715.655428</out_Quantity.quantity></Point><Point><position>5961</position><in_Quantity.quantity>0.000000</in_Quantity.quantity><out_Quantity.quantity>463.579039</out_Quantity.quantity></Point><Point><position>5962</position><in_Quantity.quantity>0.000000</in_Quantity.quantity><out_Quantity.quantity>168.207730</out_Quantity.quantity></Point><Point><position>5963</position><in_Quantity.quantity>0.000000</in_Quantity.quantity><out_Quantity.quantity>619.228060</out_Quantity.quantity></Point><Point><position>5964</position><in_Quantity.quantity>0.000000</in_Quantity.quantity><out_Quantity.quantity>20.859523</out_Quantity.quantity></Point><Point><position>5965</position><in_Quantity.quantity>0.000000</in_Quantity.quantity><out_Quantity.quantity>813.643327</out_Quantity.quantity></Point><Point><position>5966</position><in_Quantity.quantity>0.000000</in_Quantity.quantity><out_Quantity.quantity>606.610466</out_Quantity.quantity></Point><Point><position>5967</position><in_Quantity.quantity>0.000000</in_Quantity.quantity><out_Quantity.quantity>86.555784</out_Quantity.quantity></Point><Point><position>5968</position><in_Quantity.quantity>0.000000</in_Quantity.quantity><out_Quantity.quantity>551.658592</out_Quantity.quantity></Point><Point><position>5969</position><in_Quantity.quantity>0.000000</in_Quantity.quantity><out_Quantity.quantity>773.254177</out_Quantity.quantity></Point><Point><position>5970</position><in_Quantity.quantity>0.000000</in_Quantity.quantity><out_Quantity.quantity>191.073636</out_Quantity.quantity></Point><Point><position>5971</position><in_Quantity.quantity>0.000000</in_Quantity.quantity><out_Quantity.quantity>137.097368</out_Quantity.quantity></Point><Point><position>5972</position><in_Quantity.quantity>0.000000</in_Quantity.quantity><out_Quantity.quantity>473.364254</out_Quantity.quantity></Point><Point><position>5973</position><in_Quantity.quantity>0.000000</in_Quantity.quantity><out_Quantity.quantity>118.669333</out_Quantity.quantity></Point><Point><position>5974</position><in_Quantity.quantity>0.000000</in_Quantity.quantity><out_Quantity.quantity>1.298396</out_Quantity.quantity></Point><Point><position>5975</position><in_Quantity.quantity>0.000000</in_Quantity.quantity><out_Quantity.quantity>406.814324</out_Quantity.quantity></Point><Point><position>5976</position><in_Quantity.quantity>0.000000</in_Quantity.quantity><out_Quantity.quantity>48.047297</out_Quantity.quantity></Point><Point><position>5977</position><in_Quantity.quantity>0.000000</in_Quantity.quantity><out_Quantity.quantity>659.582454</out_Quantity.quantity></Point><Point><position>5978</position><in_Quantity.quantity>0.000000</in_Quantity.quantity><out_Quantity.quantity>852.721743</out_Quantity.quantity></Point><Point><position>5979</position><in_Quantity.quantity>0.000000</in_Quantity.quantity><out_Quantity.quantity>345.580717</out_Quantity.quantity></Point><Point><position>5980</position><in_Quantity.quantity>0.000000</in_Quantity.quantity><out_Quantity.quantity>640.103484</out_Quantity.quantity></Point><Point><position>5981</position><in_Quantity.quantity>0.000000</in_Quantity.quantity><out_Quantity.quantity>180.349571</out_Quantity.quantity></Point><Point><position>5982</position><in_Quantity.quantity>0.000000</in_Quantity.quantity><out_Quantity.quantity>8.210619</out_Quantity.quantity></Point><Point><position>5983</position><in_Quantity.quantity>0.000000</in_Quantity.quantity><out_Quantity.quantity>48.121186</out_Quantity.quantity></Point><Point><position>5984</position><in_Quantity.quantity>0.000000</in_Quantity.quantity><out_Quantity.quantity>967.404664</out_Quantity.quantity></Point><Point><position>5985</position><in_Quantity.quantity>0.000000</in_Quantity.quantity><out_Quantity.quantity>912.049483</out_Quantity.quantity></Point><Point><position>5986</position><in_Quantity.quantity>0.000000</in_Quantity.quantity><out_Quantity.quantity>377.916913</out_Quantity.quantity></Point><Point><position>5987</position><in_Quantity.quantity>0.000000</in_Quantity.quantity><out_Quantity.quantity>969.892064</out_Quantity.quantity></Point><Point><position>5988</position><in_Quantity.quantity>0.000000</in_Quantity.quantity><out_Quantity.quantity>877.982827</out_Quantity.quantity></Point><Point><position>5989</position><in_Quantity.quantity>0.000000</in_Quantity.quantity><out_Quantity.quantity>906.669564</out_Quantity.quantity></Point><Point><position>5990</position><in_Quantity.quantity>0.000000</in_Quantity.quantity><out_Quantity.quantity>874.938153</out_Quantity.quantity></Point><Point><position>5991</position><in_Quantity.quantity>0.000000</in_Quantity.quantity><out_Quantity.quantity>386.305082</out_Quantity.quantity></Point><Point><position>5992</position><in_Quantity.quantity>0.000000</in_Quantity.quantity><out_Quantity.quantity>496.238700</out_Quantity.quantity></Point><Point><position>5993</position><in_Quantity.quantity>0.000000</in_Quantity.quantity><out_Quantity.quantity>515.545875</out_Quantity.quantity></Point><Point><position>5994</position><in_Quantity.quantity>0.000000</in_Quantity.quantity><out_Quantity.quantity>219.175944</out_Quantity.quantity></Point><Point><position>5995</position><in_Quantity.quantity>0.000000</in_Quantity.quantity><out_Quantity.quantity>869.216348</out_Quantity.quantity></Point><Point><position>5996</position><in_Quantity.quantity>0.000000</in_Quantity.quantity><out_Quantity.quantity>180.439493</out_Quantity.quantity></Point><Point><position>5997</position><in_Quantity.quantity>0.000000</in_Quantity.quantity><out_Quantity.quantity>905.556606</out_Quantity.quantity></Point><Point><position>5998</position><in_Quantity.quantity>0.000000</in_Quantity.quantity><out_Quantity.quantity>672.994235</out_Quantity.quantity></Point><Point><position>5999</position><in_Quantity.quantity>0.000000</in_Quantity.quantity><out_Quantity.quantity>883.045837</out_Quantity.quantity></Point><Point><position>6000</position><in_Quantity.quantity>0.000000</in_Quantity.quantity><out_Quantity.quantity>81.466484</out_Quantity.quantity></Point><Point><position>6001</position><in_Quantity.quantity>0.000000</in_Quantity.quantity><out_Quantity.quantity>60.921659</out_Quantity.quantity></Point><Point><position>6002</position><in_Quantity.quantity>0.000000</in_Quantity.quantity><out_Quantity.quantity>595.384904</out_Quantity.quantity></Point><Point><position>6003</position><in_Quantity.quantity>0.000000</in_Quantity.quantity><out_Quantity.quantity>109.004794</out_Quantity.quantity></Point><Point><position>6004</position><in_Quantity.quantity>0.000000</in_Quantity.quantity><out_Quantity.quantity>256.990606</out_Quantity.quantity></Point><Point><position>6005</position><in_Quantity.quantity>0.000000</in_Quantity.quantity><out_Quantity.quantity>220.111358</out_Quantity.quantity></Point><Point><position>6006</position><in_Quantity.quantity>0.000000</in_Quantity.quantity><out_Quantity.quantity>494.031424</out_Quantity.quantity></Point><Point><position>6007</position><in_Quantity.quantity>0.000000</in_Quantity.quantity><out_Quantity.quantity>995.401339</out_Quantity.quantity></Point><Point><position>6008</position><in_Quantity.quantity>0.000000</in_Quantity.quantity><out_Quantity.quantity>34.225554</out_Quantity.quantity></Point><Point><position>6009</position><in_Quantity.quantity>0.000000</in_Quantity.quantity><out_Quantity.quantity>547.481324</out_Quantity.quantity></Point><Point><position>6010</position><in_Quantity.quantity>0.000000</in_Quantity.quantity><out_Quantity.quantity>142.615825</out_Quantity.quantity></Point><Point><position>6011</position><in_Quantity.quantity>0.000000</in_Quantity.quantity><out_Quantity.quantity>764.250536</out_Quantity.quantity></Point><Point><position>6012</position><in_Quantity.quantity>0.000000</in_Quantity.quantity><out_Quantity.quantity>824.307500</out_Quantity.quantity></Point><Point><position>6013</position><in_Quantity.quantity>0.000000</in_Quantity.quantity><out_Quantity.quantity>286.923300</out_Quantity.quantity></Point><Point><position>6014</position><in_Quantity.quantity>0.000000</in_Quantity.quantity><out_Quantity.quantity>530.149225</out_Quantity.quantity></Point><Point><position>6015</position><in_Quantity.quantity>0.000000</in_Quantity.quantity><out_Quantity.quantity>132.927457</out_Quantity.quantity></Point><Point><position>6016</position><in_Quantity.quantity>0.000000</in_Quantity.quantity><out_Quantity.quantity>660.867632</out_Quantity.quantity></Point><Point><position>6017</position><in_Quantity.quantity>0.000000</in_Quantity.quantity><out_Quantity.quantity>247.293871</out_Quantity.quantity></Point><Point><position>6018</position><in_Quantity.quantity>0.000000</in_Quantity.quantity><out_Quantity.quantity>802.360433</out_Quantity.quantity></Point><Point><position>6019</position><in_Quantity.quantity>0.000000</in_Quantity.quantity><out_Quantity.quantity>683.619424</out_Quantity.quantity></Point><Point><position>6020</position><in_Quantity.quantity>0.000000</in_Quantity.quantity><out_Quantity.quantity>428.358581</out_Quantity.quantity></Point><Point><position>6021</position><in_Quantity.quantity>0.000000</in_Quantity.quantity><out_Quantity.quantity>905.442967</out_Quantity.quantity></Point><Point><position>6022</position><in_Quantity.quantity>0.000000</in_Quantity.quantity><out_Quantity.quantity>699.482798</out_Quantity.quantity></Point><Point><position>6023</position><in_Quantity.quantity>0.000000</in_Quantity.quantity><out_Quantity.quantity>113.520380</out_Quantity.quantity></Point><Point><position>6024</position><in_Quantity.quantity>0.000000</in_Quantity.quantity><out_Quantity.quantity>13.889318</out_Quantity.quantity></Point><Point><position>6025</position><in_Quantity.quantity>0.000000</in_Quantity.quantity><out_Quantity.quantity>706.109269</out_Quantity.quantity></Point><Point><position>6026</position><in_Quantity.quantity>0.000000</in_Quantity.quantity><out_Quantity.quantity>836.532180</out_Quantity.quantity></Point><Point><position>6027</position><in_Quantity.quantity>0.000000</in_Quantity.quantity><out_Quantity.quantity>157.158581</out_Quantity.quantity></Point><Point><position>6028</position><in_Quantity.quantity>0.000000</in_Quantity.quantity><out_Quantity.quantity>919.289414</out_Quantity.quantity></Point><Point><position>6029</position><in_Quantity.quantity>0.000000</in_Quantity.quantity><out_Quantity.quantity>968.776365</out_Quantity.quantity></Point><Point><position>6030</position><in_Quantity.quantity>0.000000</in_Quantity.quantity><out_Quantity.quantity>513.951559</out_Quantity.quantity></Point><Point><position>6031</position><in_Quantity.quantity>0.000000</in_Quantity.quantity><out_Quantity.quantity>111.540787</out_Quantity.quantity></Point><Point><position>6032</position><in_Quantity.quantity>0.000000</in_Quantity.quantity><out_Quantity.quantity>945.215767</out_Quantity.quantity></Point><Point><position>6033</position><in_Quantity.quantity>0.000000</in_Quantity.quantity><out_Quantity.quantity>895.257017</out_Quantity.quantity></Point><Point><position>6034</position><in_Quantity.quantity>0.000000</in_Quantity.quantity><out_Quantity.quantity>527.990418</out_Quantity.quantity></Point><Point><position>6035</position><in_Quantity.quantity>0.000000</in_Quantity.quantity><out_Quantity.quantity>606.043818</out_Quantity.quantity></Point><Point><position>6036</position><in_Quantity.quantity>0.000000</in_Quantity.quantity><out_Quantity.quantity>248.711772</out_Quantity.quantity></Point><Point><position>6037</position><in_Quantity.quantity>0.000000</in_Quantity.quantity><out_Quantity.quantity>278.799003</out_Quantity.quantity></Point><Point><position>6038</position><in_Quantity.quantity>0.000000</in_Quantity.quantity><out_Quantity.quantity>399.845612</out_Quantity.quantity></Point><Point><position>6039</position><in_Quantity.quantity>0.000000</in_Quantity.quantity><out_Quantity.quantity>546.345288</out_Quantity.quantity></Point><Point><position>6040</position><in_Quantity.quantity>0.000000</in_Quantity.quantity><out_Quantity.quantity>304.598437</out_Quantity.quantity></Point><Point><position>6041</position><in_Quantity.quantity>0.000000</in_Quantity.quantity><out_Quantity.quantity>198.914962</out_Quantity.quantity></Point><Point><position>6042</position><in_Quantity.quantity>0.000000</in_Quantity.quantity><out_Quantity.quantity>796.795105</out_Quantity.quantity></Point><Point><position>6043</position><in_Quantity.quantity>0.000000</in_Quantity.quantity><out_Quantity.quantity>599.744191</out_Quantity.quantity></Point><Point><position>6044</position><in_Quantity.quantity>0.000000</in_Quantity.quantity><out_Quantity.quantity>673.015624</out_Quantity.quantity></Point><Point><position>6045</position><in_Quantity.quantity>0.000000</in_Quantity.quantity><out_Quantity.quantity>862.957543</out_Quantity.quantity></Point><Point><position>6046</position><in_Quantity.quantity>0.000000</in_Quantity.quantity><out_Quantity.quantity>411.246367</out_Quantity.quantity></Point><Point><position>6047</position><in_Quantity.quantity>0.000000</in_Quantity.quantity><out_Quantity.quantity>658.658701</out_Quantity.quantity></Point><Point><position>6048</position><in_Quantity.quantity>0.000000</in_Quantity.quantity><out_Quantity.quantity>861.481655</out_Quantity.quantity></Point><Point><position>6049</position><in_Quantity.quantity>0.000000</in_Quantity.quantity><out_Quantity.quantity>83.722605</out_Quantity.quantity></Point><Point><position>6050</position><in_Quantity.quantity>0.000000</in_Quantity.quantity><out_Quantity.quantity>113.545381</out_Quantity.quantity></Point><Point><position>6051</position><in_Quantity.quantity>0.000000</in_Quantity.quantity><out_Quantity.quantity>96.524554</out_Quantity.quantity></Point><Point><position>6052</position><in_Quantity.quantity>0.000000</in_Quantity.quantity><out_Quantity.quantity>313.943167</out_Quantity.quantity></Point><Point><position>6053</position><in_Quantity.quantity>0.000000</in_Quantity.quantity><out_Quantity.quantity>748.921197</out_Quantity.quantity></Point><Point><position>6054</position><in_Quantity.quantity>0.000000</in_Quantity.quantity><out_Quantity.quantity>310.298454</out_Quantity.quantity></Point><Point><position>6055</position><in_Quantity.quantity>0.000000</in_Quantity.quantity><out_Quantity.quantity>63.754217</out_Quantity.quantity></Point><Point><position>6056</position><in_Quantity.quantity>0.000000</in_Quantity.quantity><out_Quantity.quantity>892.871136</out_Quantity.quantity></Point><Point><position>6057</position><in_Quantity.quantity>0.000000</in_Quantity.quantity><out_Quantity.quantity>520.013691</out_Quantity.quantity></Point><Point><position>6058</position><in_Quantity.quantity>0.000000</in_Quantity.quantity><out_Quantity.quantity>277.450424</out_Quantity.quantity></Point><Point><position>6059</position><in_Quantity.quantity>0.000000</in_Quantity.quantity><out_Quantity.quantity>405.077768</out_Quantity.quantity></Point><Point><position>6060</position><in_Quantity.quantity>0.000000</in_Quantity.quantity><out_Quantity.quantity>321.518223</out_Quantity.quantity></Point><Point><position>6061</position><in_Quantity.quantity>0.000000</in_Quantity.quantity><out_Quantity.quantity>311.662508</out_Quantity.quantity></Point><Point><position>6062</position><in_Quantity.quantity>0.000000</in_Quantity.quantity><out_Quantity.quantity>553.379267</out_Quantity.quantity></Point><Point><position>6063</position><in_Quantity.quantity>0.000000</in_Quantity.quantity><out_Quantity.quantity>18.115787</out_Quantity.quantity></Point><Point><position>6064</position><in_Quantity.quantity>0.000000</in_Quantity.quantity><out_Quantity.quantity>964.957115</out_Quantity.quantity></Point><Point><position>6065</position><in_Quantity.quantity>0.000000</in_Quantity.quantity><out_Quantity.quantity>893.708468</out_Quantity.quantity></Point><Point><position>6066</position><in_Quantity.quantity>0.000000</in_Quantity.quantity><out_Quantity.quantity>608.524562</out_Quantity.quantity></Point><Point><position>6067</position><in_Quantity.quantity>0.000000</in_Quantity.quantity><out_Quantity.quantity>809.831781</out_Quantity.quantity></Point><Point><position>6068</position><in_Quantity.quantity>0.000000</in_Quantity.quantity><out_Quantity.quantity>573.149096</out_Quantity.quantity></Point><Point><position>6069</position><in_Quantity.quantity>0.000000</in_Quantity.quantity><out_Quantity.quantity>643.029079</out_Quantity.quantity></Point><Point><position>6070</position><in_Quantity.quantity>0.000000</in_Quantity.quantity><out_Quantity.quantity>116.364123</out_Quantity.quantity></Point><Point><position>6071</position><in_Quantity.quantity>0.000000</in_Quantity.quantity><out_Quantity.quantity>642.813301</out_Quantity.quantity></Point><Point><position>6072</position><in_Quantity.quantity>0.000000</in_Quantity.quantity><out_Quantity.quantity>89.615285</out_Quantity.quantity></Point><Point><position>6073</position><in_Quantity.quantity>0.000000</in_Quantity.quantity><out_Quantity.quantity>632.506963</out_Quantity.quantity></Point><Point><position>6074</position><in_Quantity.quantity>0.000000</in_Quantity.quantity><out_Quantity.quantity>404.130971</out_Quantity.quantity></Point><Point><position>6075</position><in_Quantity.quantity>0.000000</in_Quantity.quantity><out_Quantity.quantity>714.641391</out_Quantity.quantity></Point><Point><position>6076</position><in_Quantity.quantity>0.000000</in_Quantity.quantity><out_Quantity.quantity>450.788164</out_Quantity.quantity></Point><Point><position>6077</position><in_Quantity.quantity>0.000000</in_Quantity.quantity><out_Quantity.quantity>152.814016</out_Quantity.quantity></Point><Point><position>6078</position><in_Quantity.quantity>0.000000</in_Quantity.quantity><out_Quantity.quantity>397.206364</out_Quantity.quantity></Point><Point><position>6079</position><in_Quantity.quantity>0.000000</in_Quantity.quantity><out_Quantity.quantity>753.086425</out_Quantity.quantity></Point><Point><position>6080</position><in_Quantity.quantity>0.000000</in_Quantity.quantity><out_Quantity.quantity>69.052808</out_Quantity.quantity></Point><Point><position>6081</position><in_Quantity.quantity>0.000000</in_Quantity.quantity><out_Quantity.quantity>390.834871</out_Quantity.quantity></Point><Point><position>6082</position><in_Quantity.quantity>0.000000</in_Quantity.quantity><out_Quantity.quantity>371.812953</out_Quantity.quantity></Point><Point><position>6083</position><in_Quantity.quantity>0.000000</in_Quantity.quantity><out_Quantity.quantity>467.621246</out_Quantity.quantity></Point><Point><position>6084</position><in_Quantity.quantity>0.000000</in_Quantity.quantity><out_Quantity.quantity>486.557178</out_Quantity.quantity></Point><Point><position>6085</position><in_Quantity.quantity>0.000000</in_Quantity.quantity><out_Quantity.quantity>270.684624</out_Quantity.quantity></Point><Point><position>6086</position><in_Quantity.quantity>0.000000</in_Quantity.quantity><out_Quantity.quantity>123.440741</out_Quantity.quantity></Point><Point><position>6087</position><in_Quantity.quantity>0.000000</in_Quantity.quantity><out_Quantity.quantity>4.267237</out_Quantity.quantity></Point><Point><position>6088</position><in_Quantity.quantity>0.000000</in_Quantity.quantity><out_Quantity.quantity>871.157172</out_Quantity.quantity></Point><Point><position>6089</position><in_Quantity.quantity>0.000000</in_Quantity.quantity><out_Quantity.quantity>585.670701</out_Quantity.quantity></Point><Point><position>6090</position><in_Quantity.quantity>0.000000</in_Quantity.quantity><out_Quantity.quantity>409.376154</out_Quantity.quantity></Point><Point><position>6091</position><in_Quantity.quantity>0.000000</in_Quantity.quantity><out_Quantity.quantity>830.232299</out_Quantity.quantity></Point><Point><position>6092</position><in_Quantity.quantity>0.000000</in_Quantity.quantity><out_Quantity.quantity>464.418612</out_Quantity.quantity></Point><Point><position>6093</position><in_Quantity.quantity>0.000000</in_Quantity.quantity><out_Quantity.quantity>743.183200</out_Quantity.quantity></Point><Point><position>6094</position><in_Quantity.quantity>0.000000</in_Quantity.quantity><out_Quantity.quantity>787.705114</out_Quantity.quantity></Point><Point><position>6095</position><in_Quantity.quantity>0.000000</in_Quantity.quantity><out_Quantity.quantity>675.410596</out_Quantity.quantity></Point><Point><position>6096</position><in_Quantity.quantity>0.000000</in_Quantity.quantity><out_Quantity.quantity>296.061850</out_Quantity.quantity></Point><Point><position>6097</position><in_Quantity.quantity>0.000000</in_Quantity.quantity><out_Quantity.quantity>211.948858</out_Quantity.quantity></Point><Point><position>6098</position><in_Quantity.quantity>0.000000</in_Quantity.quantity><out_Quantity.quantity>13.157097</out_Quantity.quantity></Point><Point><position>6099</position><in_Quantity.quantity>0.000000</in_Quantity.quantity><out_Quantity.quantity>872.736878</out_Quantity.quantity></Point><Point><position>6100</position><in_Quantity.quantity>0.000000</in_Quantity.quantity><out_Quantity.quantity>422.070010</out_Quantity.quantity></Point><Point><position>6101</position><in_Quantity.quantity>0.000000</in_Quantity.quantity><out_Quantity.quantity>679.902182</out_Quantity.quantity></Point><Point><position>6102</position><in_Quantity.quantity>0.000000</in_Quantity.quantity><out_Quantity.quantity>439.280001</out_Quantity.quantity></Point><Point><position>6103</position><in_Quantity.quantity>0.000000</in_Quantity.quantity><out_Quantity.quantity>475.540652</out_Quantity.quantity></Point><Point><position>6104</position><in_Quantity.quantity>0.000000</in_Quantity.quantity><out_Quantity.quantity>82.334108</out_Quantity.quantity></Point><Point><position>6105</position><in_Quantity.quantity>0.000000</in_Quantity.quantity><out_Quantity.quantity>221.891112</out_Quantity.quantity></Point><Point><position>6106</position><in_Quantity.quantity>0.000000</in_Quantity.quantity><out_Quantity.quantity>243.894870</out_Quantity.quantity></Point><Point><position>6107</position><in_Quantity.quantity>0.000000</in_Quantity.quantity><out_Quantity.quantity>216.575351</out_Quantity.quantity></Point><Point><position>6108</position><in_Quantity.quantity>0.000000</in_Quantity.quantity><out_Quantity.quantity>349.779040</out_Quantity.quantity></Point><Point><position>6109</position><in_Quantity.quantity>0.000000</in_Quantity.quantity><out_Quantity.quantity>589.829193</out_Quantity.quantity></Point><Point><position>6110</position><in_Quantity.quantity>0.000000</in_Quantity.quantity><out_Quantity.quantity>108.929980</out_Quantity.quantity></Point><Point><position>6111</position><in_Quantity.quantity>0.000000</in_Quantity.quantity><out_Quantity.quantity>655.123248</out_Quantity.quantity></Point><Point><position>6112</position><in_Quantity.quantity>0.000000</in_Quantity.quantity><out_Quantity.quantity>394.794170</out_Quantity.quantity></Point><Point><position>6113</position><in_Quantity.quantity>0.000000</in_Quantity.quantity><out_Quantity.quantity>474.412209</out_Quantity.quantity></Point><Point><position>6114</position><in_Quantity.quantity>0.000000</in_Quantity.quantity><out_Quantity.quantity>691.183628</out_Quantity.quantity></Point><Point><position>6115</position><in_Quantity.quantity>0.000000</in_Quantity.quantity><out_Quantity.quantity>716.550287</out_Quantity.quantity></Point><Point><position>6116</position><in_Quantity.quantity>0.000000</in_Quantity.quantity><out_Quantity.quantity>614.392816</out_Quantity.quantity></Point><Point><position>6117</position><in_Quantity.quantity>0.000000</in_Quantity.quantity><out_Quantity.quantity>379.916537</out_Quantity.quantity></Point><Point><position>6118</position><in_Quantity.quantity>0.000000</in_Quantity.quantity><out_Quantity.quantity>677.678024</out_Quantity.quantity></Point><Point><position>6119</position><in_Quantity.quantity>0.000000</in_Quantity.quantity><out_Quantity.quantity>562.335488</out_Quantity.quantity></Point><Point><position>6120</position><in_Quantity.quantity>0.000000</in_Quantity.quantity><out_Quantity.quantity>826.016952</out_Quantity.quantity></Point><Point><position>6121</position><in_Quantity.quantity>0.000000</in_Quantity.quantity><out_Quantity.quantity>897.779129</out_Quantity.quantity></Point><Point><position>6122</position><in_Quantity.quantity>0.000000</in_Quantity.quantity><out_Quantity.quantity>358.200486</out_Quantity.quantity></Point><Point><position>6123</position><in_Quantity.quantity>0.000000</in_Quantity.quantity><out_Quantity.quantity>196.840077</out_Quantity.quantity></Point><Point><position>6124</position><in_Quantity.quantity>0.000000</in_Quantity.quantity><out_Quantity.quantity>289.443506</out_Quantity.quantity></Point><Point><position>6125</position><in_Quantity.quantity>0.000000</in_Quantity.quantity><out_Quantity.quantity>574.036454</out_Quantity.quantity></Point><Point><position>6126</position><in_Quantity.quantity>0.000000</in_Quantity.quantity><out_Quantity.quantity>595.871685</out_Quantity.quantity></Point><Point><position>6127</position><in_Quantity.quantity>0.000000</in_Quantity.quantity><out_Quantity.quantity>474.031753</out_Quantity.quantity></Point><Point><position>6128</position><in_Quantity.quantity>0.000000</in_Quantity.quantity><out_Quantity.quantity>46.137527</out_Quantity.quantity></Point><Point><position>6129</position><in_Quantity.quantity>0.000000</in_Quantity.quantity><out_Quantity.quantity>158.623634</out_Quantity.quantity></Point><Point><position>6130</position><in_Quantity.quantity>0.000000</in_Quantity.quantity><out_Quantity.quantity>525.963762</out_Quantity.quantity></Point><Point><position>6131</position><in_Quantity.quantity>0.000000</in_Quantity.quantity><out_Quantity.quantity>642.673985</out_Quantity.quantity></Point><Point><position>6132</position><in_Quantity.quantity>0.000000</in_Quantity.quantity><out_Quantity.quantity>803.574457</out_Quantity.quantity></Point><Point><position>6133</position><in_Quantity.quantity>0.000000</in_Quantity.quantity><out_Quantity.quantity>663.284150</out_Quantity.quantity></Point><Point><position>6134</position><in_Quantity.quantity>0.000000</in_Quantity.quantity><out_Quantity.quantity>162.342896</out_Quantity.quantity></Point><Point><position>6135</position><in_Quantity.quantity>0.000000</in_Quantity.quantity><out_Quantity.quantity>483.135220</out_Quantity.quantity></Point><Point><position>6136</position><in_Quantity.quantity>0.000000</in_Quantity.quantity><out_Quantity.quantity>613.740649</out_Quantity.quantity></Point><Point><position>6137</position><in_Quantity.quantity>0.000000</in_Quantity.quantity><out_Quantity.quantity>909.411738</out_Quantity.quantity></Point><Point><position>6138</position><in_Quantity.quantity>0.000000</in_Quantity.quantity><out_Quantity.quantity>478.122918</out_Quantity.quantity></Point><Point><position>6139</position><in_Quantity.quantity>0.000000</in_Quantity.quantity><out_Quantity.quantity>903.332443</out_Quantity.quantity></Point><Point><position>6140</position><in_Quantity.quantity>0.000000</in_Quantity.quantity><out_Quantity.quantity>785.731601</out_Quantity.quantity></Point><Point><position>6141</position><in_Quantity.quantity>0.000000</in_Quantity.quantity><out_Quantity.quantity>630.073560</out_Quantity.quantity></Point><Point><position>6142</position><in_Quantity.quantity>0.000000</in_Quantity.quantity><out_Quantity.quantity>548.781980</out_Quantity.quantity></Point><Point><position>6143</position><in_Quantity.quantity>0.000000</in_Quantity.quantity><out_Quantity.quantity>191.176703</out_Quantity.quantity></Point><Point><position>6144</position><in_Quantity.quantity>0.000000</in_Quantity.quantity><out_Quantity.quantity>83.896155</out_Quantity.quantity></Point><Point><position>6145</position><in_Quantity.quantity>0.000000</in_Quantity.quantity><out_Quantity.quantity>184.927888</out_Quantity.quantity></Point><Point><position>6146</position><in_Quantity.quantity>0.000000</in_Quantity.quantity><out_Quantity.quantity>316.042784</out_Quantity.quantity></Point><Point><position>6147</position><in_Quantity.quantity>0.000000</in_Quantity.quantity><out_Quantity.quantity>687.214752</out_Quantity.quantity></Point><Point><position>6148</position><in_Quantity.quantity>0.000000</in_Quantity.quantity><out_Quantity.quantity>837.284028</out_Quantity.quantity></Point><Point><position>6149</position><in_Quantity.quantity>0.000000</in_Quantity.quantity><out_Quantity.quantity>762.441922</out_Quantity.quantity></Point><Point><position>6150</position><in_Quantity.quantity>0.000000</in_Quantity.quantity><out_Quantity.quantity>455.652893</out_Quantity.quantity></Point><Point><position>6151</position><in_Quantity.quantity>0.000000</in_Quantity.quantity><out_Quantity.quantity>641.584359</out_Quantity.quantity></Point><Point><position>6152</position><in_Quantity.quantity>0.000000</in_Quantity.quantity><out_Quantity.quantity>473.246920</out_Quantity.quantity></Point><Point><position>6153</position><in_Quantity.quantity>0.000000</in_Quantity.quantity><out_Quantity.quantity>542.012473</out_Quantity.quantity></Point><Point><position>6154</position><in_Quantity.quantity>0.000000</in_Quantity.quantity><out_Quantity.quantity>150.227465</out_Quantity.quantity></Point><Point><position>6155</position><in_Quantity.quantity>0.000000</in_Quantity.quantity><out_Quantity.quantity>432.364803</out_Quantity.quantity></Point><Point><position>6156</position><in_Quantity.quantity>0.000000</in_Quantity.quantity><out_Quantity.quantity>679.258000</out_Quantity.quantity></Point><Point><position>6157</position><in_Quantity.quantity>0.000000</in_Quantity.quantity><out_Quantity.quantity>889.476563</out_Quantity.quantity></Point><Point><position>6158</position><in_Quantity.quantity>0.000000</in_Quantity.quantity><out_Quantity.quantity>421.609358</out_Quantity.quantity></Point><Point><position>6159</position><in_Quantity.quantity>0.000000</in_Quantity.quantity><out_Quantity.quantity>667.898758</out_Quantity.quantity></Point><Point><position>6160</position><in_Quantity.quantity>0.000000</in_Quantity.quantity><out_Quantity.quantity>501.891815</out_Quantity.quantity></Point><Point><position>6161</position><in_Quantity.quantity>0.000000</in_Quantity.quantity><out_Quantity.quantity>286.861672</out_Quantity.quantity></Point><Point><position>6162</position><in_Quantity.quantity>0.000000</in_Quantity.quantity><out_Quantity.quantity>394.741873</out_Quantity.quantity></Point><Point><position>6163</position><in_Quantity.quantity>0.000000</in_Quantity.quantity><out_Quantity.quantity>227.536976</out_Quantity.quantity></Point><Point><position>6164</position><in_Quantity.quantity>0.000000</in_Quantity.quantity><out_Quantity.quantity>472.203893</out_Quantity.quantity></Point><Point><position>6165</position><in_Quantity.quantity>0.000000</in_Quantity.quantity><out_Quantity.quantity>413.934144</out_Quantity.quantity></Point><Point><position>6166</position><in_Quantity.quantity>0.000000</in_Quantity.quantity><out_Quantity.quantity>803.504324</out_Quantity.quantity></Point><Point><position>6167</position><in_Quantity.quantity>0.000000</in_Quantity.quantity><out_Quantity.quantity>514.101163</out_Quantity.quantity></Point><Point><position>6168</position><in_Quantity.quantity>0.000000</in_Quantity.quantity><out_Quantity.quantity>156.785740</out_Quantity.quantity></Point><Point><position>6169</position><in_Quantity.quantity>0.000000</in_Quantity.quantity><out_Quantity.quantity>883.601842</out_Quantity.quantity></Point><Point><position>6170</position><in_Quantity.quantity>0.000000</in_Quantity.quantity><out_Quantity.quantity>200.579761</out_Quantity.quantity></Point><Point><position>6171</position><in_Quantity.quantity>0.000000</in_Quantity.quantity><out_Quantity.quantity>344.569333</out_Quantity.quantity></Point><Point><position>6172</position><in_Quantity.quantity>0.000000</in_Quantity.quantity><out_Quantity.quantity>115.160311</out_Quantity.quantity></Point><Point><position>6173</position><in_Quantity.quantity>0.000000</in_Quantity.quantity><out_Quantity.quantity>259.586413</out_Quantity.quantity></Point><Point><position>6174</position><in_Quantity.quantity>0.000000</in_Quantity.quantity><out_Quantity.quantity>95.698382</out_Quantity.quantity></Point><Point><position>6175</position><in_Quantity.quantity>0.000000</in_Quantity.quantity><out_Quantity.quantity>215.453241</out_Quantity.quantity></Point><Point><position>6176</position><in_Quantity.quantity>0.000000</in_Quantity.quantity><out_Quantity.quantity>548.680641</out_Quantity.quantity></Point><Point><position>6177</position><in_Quantity.quantity>0.000000</in_Quantity.quantity><out_Quantity.quantity>979.401383</out_Quantity.quantity></Point><Point><position>6178</position><in_Quantity.quantity>0.000000</in_Quantity.quantity><out_Quantity.quantity>595.596040</out_Quantity.quantity></Point><Point><position>6179</position><in_Quantity.quantity>0.000000</in_Quantity.quantity><out_Quantity.quantity>700.101065</out_Quantity.quantity></Point><Point><position>6180</position><in_Quantity.quantity>0.000000</in_Quantity.quantity><out_Quantity.quantity>108.253536</out_Quantity.quantity></Point><Point><position>6181</position><in_Quantity.quantity>0.000000</in_Quantity.quantity><out_Quantity.quantity>33.705072</out_Quantity.quantity></Point><Point><position>6182</position><in_Quantity.quantity>0.000000</in_Quantity.quantity><out_Quantity.quantity>297.905273</out_Quantity.quantity></Point><Point><position>6183</position><in_Quantity.quantity>0.000000</in_Quantity.quantity><out_Quantity.quantity>33.546029</out_Quantity.quantity></Point><Point><position>6184</position><in_Quantity.quantity>0.000000</in_Quantity.quantity><out_Quantity.quantity>513.098454</out_Quantity.quantity></Point><Point><position>6185</position><in_Quantity.quantity>0.000000</in_Quantity.quantity><out_Quantity.quantity>953.091549</out_Quantity.quantity></Point><Point><position>6186</position><in_Quantity.quantity>0.000000</in_Quantity.quantity><out_Quantity.quantity>309.366297</out_Quantity.quantity></Point><Point><position>6187</position><in_Quantity.quantity>0.000000</in_Quantity.quantity><out_Quantity.quantity>73.014509</out_Quantity.quantity></Point><Point><position>6188</position><in_Quantity.quantity>0.000000</in_Quantity.quantity><out_Quantity.quantity>50.139531</out_Quantity.quantity></Point><Point><position>6189</position><in_Quantity.quantity>0.000000</in_Quantity.quantity><out_Quantity.quantity>930.924560</out_Quantity.quantity></Point><Point><position>6190</position><in_Quantity.quantity>0.000000</in_Quantity.quantity><out_Quantity.quantity>284.744215</out_Quantity.quantity></Point><Point><position>6191</position><in_Quantity.quantity>0.000000</in_Quantity.quantity><out_Quantity.quantity>735.480435</out_Quantity.quantity></Point><Point><position>6192</position><in_Quantity.quantity>0.000000</in_Quantity.quantity><out_Quantity.quantity>981.606324</out_Quantity.quantity></Point><Point><position>6193</position><in_Quantity.quantity>0.000000</in_Quantity.quantity><out_Quantity.quantity>407.498248</out_Quantity.quantity></Point><Point><position>6194</position><in_Quantity.quantity>0.000000</in_Quantity.quantity><out_Quantity.quantity>428.525806</out_Quantity.quantity></Point><Point><position>6195</position><in_Quantity.quantity>0.000000</in_Quantity.quantity><out_Quantity.quantity>737.810310</out_Quantity.quantity></Point><Point><position>6196</position><in_Quantity.quantity>0.000000</in_Quantity.quantity><out_Quantity.quantity>935.677968</out_Quantity.quantity></Point><Point><position>6197</position><in_Quantity.quantity>0.000000</in_Quantity.quantity><out_Quantity.quantity>363.487386</out_Quantity.quantity></Point><Point><position>6198</position><in_Quantity.quantity>0.000000</in_Quantity.quantity><out_Quantity.quantity>336.670013</out_Quantity.quantity></Point><Point><position>6199</position><in_Quantity.quantity>0.000000</in_Quantity.quantity><out_Quantity.quantity>226.490350</out_Quantity.quantity></Point><Point><position>6200</position><in_Quantity.quantity>0.000000</in_Quantity.quantity><out_Quantity.quantity>16.165876</out_Quantity.quantity></Point><Point><position>6201</position><in_Quantity.quantity>0.000000</in_Quantity.quantity><out_Quantity.quantity>644.763974</out_Quantity.quantity></Point><Point><position>6202</position><in_Quantity.quantity>0.000000</in_Quantity.quantity><out_Quantity.quantity>906.916435</out_Quantity.quantity></Point><Point><position>6203</position><in_Quantity.quantity>0.000000</in_Quantity.quantity><out_Quantity.quantity>694.387828</out_Quantity.quantity></Point><Point><position>6204</position><in_Quantity.quantity>0.000000</in_Quantity.quantity><out_Quantity.quantity>345.301261</out_Quantity.quantity></Point><Point><position>6205</position><in_Quantity.quantity>0.000000</in_Quantity.quantity><out_Quantity.quantity>335.345985</out_Quantity.quantity></Point><Point><position>6206</position><in_Quantity.quantity>0.000000</in_Quantity.quantity><out_Quantity.quantity>588.871508</out_Quantity.quantity></Point><Point><position>6207</position><in_Quantity.quantity>0.000000</in_Quantity.quantity><out_Quantity.quantity>598.826810</out_Quantity.quantity></Point><Point><position>6208</position><in_Quantity.quantity>0.000000</in_Quantity.quantity><out_Quantity.quantity>912.136158</out_Quantity.quantity></Point><Point><position>6209</position><in_Quantity.quantity>0.000000</in_Quantity.quantity><out_Quantity.quantity>287.094858</out_Quantity.quantity></Point><Point><position>6210</position><in_Quantity.quantity>0.000000</in_Quantity.quantity><out_Quantity.quantity>967.279876</out_Quantity.quantity></Point><Point><position>6211</position><in_Quantity.quantity>0.000000</in_Quantity.quantity><out_Quantity.quantity>683.713374</out_Quantity.quantity></Point><Point><position>6212</position><in_Quantity.quantity>0.000000</in_Quantity.quantity><out_Quantity.quantity>312.070051</out_Quantity.quantity></Point><Point><position>6213</position><in_Quantity.quantity>0.000000</in_Quantity.quantity><out_Quantity.quantity>526.063959</out_Quantity.quantity></Point><Point><position>6214</position><in_Quantity.quantity>0.000000</in_Quantity.quantity><out_Quantity.quantity>889.143087</out_Quantity.quantity></Point><Point><position>6215</position><in_Quantity.quantity>0.000000</in_Quantity.quantity><out_Quantity.quantity>95.002118</out_Quantity.quantity></Point><Point><position>6216</position><in_Quantity.quantity>0.000000</in_Quantity.quantity><out_Quantity.quantity>103.772155</out_Quantity.quantity></Point><Point><position>6217</position><in_Quantity.quantity>0.000000</in_Quantity.quantity><out_Quantity.quantity>901.787565</out_Quantity.quantity></Point><Point><position>6218</position><in_Quantity.quantity>0.000000</in_Quantity.quantity><out_Quantity.quantity>824.724829</out_Quantity.quantity></Point><Point><position>6219</position><in_Quantity.quantity>0.000000</in_Quantity.quantity><out_Quantity.quantity>392.169241</out_Quantity.quantity></Point><Point><position>6220</position><in_Quantity.quantity>0.000000</in_Quantity.quantity><out_Quantity.quantity>439.239764</out_Quantity.quantity></Point><Point><position>6221</position><in_Quantity.quantity>0.000000</in_Quantity.quantity><out_Quantity.quantity>783.208948</out_Quantity.quantity></Point><Point><position>6222</position><in_Quantity.quantity>0.000000</in_Quantity.quantity><out_Quantity.quantity>740.995360</out_Quantity.quantity></Point><Point><position>6223</position><in_Quantity.quantity>0.000000</in_Quantity.quantity><out_Quantity.quantity>351.303363</out_Quantity.quantity></Point><Point><position>6224</position><in_Quantity.quantity>0.000000</in_Quantity.quantity><out_Quantity.quantity>69.662809</out_Quantity.quantity></Point><Point><position>6225</position><in_Quantity.quantity>0.000000</in_Quantity.quantity><out_Quantity.quantity>397.847631</out_Quantity.quantity></Point><Point><position>6226</position><in_Quantity.quantity>0.000000</in_Quantity.quantity><out_Quantity.quantity>241.022613</out_Quantity.quantity></Point><Point><position>6227</position><in_Quantity.quantity>0.000000</in_Quantity.quantity><out_Quantity.quantity>455.089900</out_Quantity.quantity></Point><Point><position>6228</position><in_Quantity.quantity>0.000000</in_Quantity.quantity><out_Quantity.quantity>268.861404</out_Quantity.quantity></Point><Point><position>6229</position><in_Quantity.quantity>0.000000</in_Quantity.quantity><out_Quantity.quantity>729.075733</out_Quantity.quantity></Point><Point><position>6230</position><in_Quantity.quantity>0.000000</in_Quantity.quantity><out_Quantity.quantity>589.499823</out_Quantity.quantity></Point><Point><position>6231</position><in_Quantity.quantity>0.000000</in_Quantity.quantity><out_Quantity.quantity>495.416241</out_Quantity.quantity></Point><Point><position>6232</position><in_Quantity.quantity>0.000000</in_Quantity.quantity><out_Quantity.quantity>707.911986</out_Quantity.quantity></Point><Point><position>6233</position><in_Quantity.quantity>0.000000</in_Quantity.quantity><out_Quantity.quantity>711.856651</out_Quantity.quantity></Point><Point><position>6234</position><in_Quantity.quantity>0.000000</in_Quantity.quantity><out_Quantity.quantity>444.463659</out_Quantity.quantity></Point><Point><position>6235</position><in_Quantity.quantity>0.000000</in_Quantity.quantity><out_Quantity.quantity>642.728401</out_Quantity.quantity></Point><Point><position>6236</position><in_Quantity.quantity>0.000000</in_Quantity.quantity><out_Quantity.quantity>786.022721</out_Quantity.quantity></Point><Point><position>6237</position><in_Quantity.quantity>0.000000</in_Quantity.quantity><out_Quantity.quantity>6.415491</out_Quantity.quantity></Point><Point><position>6238</position><in_Quantity.quantity>0.000000</in_Quantity.quantity><out_Quantity.quantity>271.835597</out_Quantity.quantity></Point><Point><position>6239</position><in_Quantity.quantity>0.000000</in_Quantity.quantity><out_Quantity.quantity>688.951645</out_Quantity.quantity></Point><Point><position>6240</position><in_Quantity.quantity>0.000000</in_Quantity.quantity><out_Quantity.quantity>622.485806</out_Quantity.quantity></Point><Point><position>6241</position><in_Quantity.quantity>0.000000</in_Quantity.quantity><out_Quantity.quantity>485.177897</out_Quantity.quantity></Point><Point><position>6242</position><in_Quantity.quantity>0.000000</in_Quantity.quantity><out_Quantity.quantity>191.462626</out_Quantity.quantity></Point><Point><position>6243</position><in_Quantity.quantity>0.000000</in_Quantity.quantity><out_Quantity.quantity>110.733027</out_Quantity.quantity></Point><Point><position>6244</position><in_Quantity.quantity>0.000000</in_Quantity.quantity><out_Quantity.quantity>849.047499</out_Quantity.quantity></Point><Point><position>6245</position><in_Quantity.quantity>0.000000</in_Quantity.quantity><out_Quantity.quantity>545.673717</out_Quantity.quantity></Point><Point><position>6246</position><in_Quantity.quantity>0.000000</in_Quantity.quantity><out_Quantity.quantity>493.503831</out_Quantity.quantity></Point><Point><position>6247</position><in_Quantity.quantity>0.000000</in_Quantity.quantity><out_Quantity.quantity>755.742976</out_Quantity.quantity></Point><Point><position>6248</position><in_Quantity.quantity>0.000000</in_Quantity.quantity><out_Quantity.quantity>354.579908</out_Quantity.quantity></Point><Point><position>6249</position><in_Quantity.quantity>0.000000</in_Quantity.quantity><out_Quantity.quantity>429.004975</out_Quantity.quantity></Point><Point><position>6250</position><in_Quantity.quantity>0.000000</in_Quantity.quantity><out_Quantity.quantity>120.323427</out_Quantity.quantity></Point><Point><position>6251</position><in_Quantity.quantity>0.000000</in_Quantity.quantity><out_Quantity.quantity>642.705223</out_Quantity.quantity></Point><Point><position>6252</position><in_Quantity.quantity>0.000000</in_Quantity.quantity><out_Quantity.quantity>690.783506</out_Quantity.quantity></Point><Point><position>6253</position><in_Quantity.quantity>0.000000</in_Quantity.quantity><out_Quantity.quantity>473.379127</out_Quantity.quantity></Point><Point><position>6254</position><in_Quantity.quantity>0.000000</in_Quantity.quantity><out_Quantity.quantity>584.053559</out_Quantity.quantity></Point><Point><position>6255</position><in_Quantity.quantity>0.000000</in_Quantity.quantity><out_Quantity.quantity>523.275872</out_Quantity.quantity></Point><Point><position>6256</position><in_Quantity.quantity>0.000000</in_Quantity.quantity><out_Quantity.quantity>738.145356</out_Quantity.quantity></Point><Point><position>6257</position><in_Quantity.quantity>0.000000</in_Quantity.quantity><out_Quantity.quantity>852.642222</out_Quantity.quantity></Point><Point><position>6258</position><in_Quantity.quantity>0.000000</in_Quantity.quantity><out_Quantity.quantity>399.012232</out_Quantity.quantity></Point><Point><position>6259</position><in_Quantity.quantity>0.000000</in_Quantity.quantity><out_Quantity.quantity>334.916091</out_Quantity.quantity></Point><Point><position>6260</position><in_Quantity.quantity>0.000000</in_Quantity.quantity><out_Quantity.quantity>831.335197</out_Quantity.quantity></Point><Point><position>6261</position><in_Quantity.quantity>0.000000</in_Quantity.quantity><out_Quantity.quantity>698.030282</out_Quantity.quantity></Point><Point><position>6262</position><in_Quantity.quantity>0.000000</in_Quantity.quantity><out_Quantity.quantity>136.453672</out_Quantity.quantity></Point><Point><position>6263</position><in_Quantity.quantity>0.000000</in_Quantity.quantity><out_Quantity.quantity>756.333709</out_Quantity.quantity></Point><Point><position>6264</position><in_Quantity.quantity>0.000000</in_Quantity.quantity><out_Quantity.quantity>664.672011</out_Quantity.quantity></Point><Point><position>6265</position><in_Quantity.quantity>0.000000</in_Quantity.quantity><out_Quantity.quantity>899.366975</out_Quantity.quantity></Point><Point><position>6266</position><in_Quantity.quantity>0.000000</in_Quantity.quantity><out_Quantity.quantity>18.851838</out_Quantity.quantity></Point><Point><position>6267</position><in_Quantity.quantity>0.000000</in_Quantity.quantity><out_Quantity.quantity>434.922761</out_Quantity.quantity></Point><Point><position>6268</position><in_Quantity.quantity>0.000000</in_Quantity.quantity><out_Quantity.quantity>540.026568</out_Quantity.quantity></Point><Point><position>6269</position><in_Quantity.quantity>0.000000</in_Quantity.quantity><out_Quantity.quantity>864.342066</out_Quantity.quantity></Point><Point><position>6270</position><in_Quantity.quantity>0.000000</in_Quantity.quantity><out_Quantity.quantity>148.412344</out_Quantity.quantity></Point><Point><position>6271</position><in_Quantity.quantity>0.000000</in_Quantity.quantity><out_Quantity.quantity>870.479943</out_Quantity.quantity></Point><Point><position>6272</position><in_Quantity.quantity>0.000000</in_Quantity.quantity><out_Quantity.quantity>16.310914</out_Quantity.quantity></Point><Point><position>6273</position><in_Quantity.quantity>0.000000</in_Quantity.quantity><out_Quantity.quantity>374.079474</out_Quantity.quantity></Point><Point><position>6274</position><in_Quantity.quantity>0.000000</in_Quantity.quantity><out_Quantity.quantity>808.103103</out_Quantity.quantity></Point><Point><position>6275</position><in_Quantity.quantity>0.000000</in_Quantity.quantity><out_Quantity.quantity>62.225812</out_Quantity.quantity></Point><Point><position>6276</position><in_Quantity.quantity>0.000000</in_Quantity.quantity><out_Quantity.quantity>17.019370</out_Quantity.quantity></Point><Point><position>6277</position><in_Quantity.quantity>0.000000</in_Quantity.quantity><out_Quantity.quantity>464.779450</out_Quantity.quantity></Point><Point><position>6278</position><in_Quantity.quantity>0.000000</in_Quantity.quantity><out_Quantity.quantity>231.889002</out_Quantity.quantity></Point><Point><position>6279</position><in_Quantity.quantity>0.000000</in_Quantity.quantity><out_Quantity.quantity>75.860901</out_Quantity.quantity></Point><Point><position>6280</position><in_Quantity.quantity>0.000000</in_Quantity.quantity><out_Quantity.quantity>121.889822</out_Quantity.quantity></Point><Point><position>6281</position><in_Quantity.quantity>0.000000</in_Quantity.quantity><out_Quantity.quantity>46.147854</out_Quantity.quantity></Point><Point><position>6282</position><in_Quantity.quantity>0.000000</in_Quantity.quantity><out_Quantity.quantity>102.000777</out_Quantity.quantity></Point><Point><position>6283</position><in_Quantity.quantity>0.000000</in_Quantity.quantity><out_Quantity.quantity>887.445647</out_Quantity.quantity></Point><Point><position>6284</position><in_Quantity.quantity>0.000000</in_Quantity.quantity><out_Quantity.quantity>122.127894</out_Quantity.quantity></Point><Point><position>6285</position><in_Quantity.quantity>0.000000</in_Quantity.quantity><out_Quantity.quantity>182.803428</out_Quantity.quantity></Point><Point><position>6286</position><in_Quantity.quantity>0.000000</in_Quantity.quantity><out_Quantity.quantity>395.252884</out_Quantity.quantity></Point><Point><position>6287</position><in_Quantity.quantity>0.000000</in_Quantity.quantity><out_Quantity.quantity>948.309863</out_Quantity.quantity></Point><Point><position>6288</position><in_Quantity.quantity>0.000000</in_Quantity.quantity><out_Quantity.quantity>927.758336</out_Quantity.quantity></Point><Point><position>6289</position><in_Quantity.quantity>0.000000</in_Quantity.quantity><out_Quantity.quantity>961.225652</out_Quantity.quantity></Point><Point><position>6290</position><in_Quantity.quantity>0.000000</in_Quantity.quantity><out_Quantity.quantity>941.922411</out_Quantity.quantity></Point><Point><position>6291</position><in_Quantity.quantity>0.000000</in_Quantity.quantity><out_Quantity.quantity>858.820531</out_Quantity.quantity></Point><Point><position>6292</position><in_Quantity.quantity>0.000000</in_Quantity.quantity><out_Quantity.quantity>319.899301</out_Quantity.quantity></Point><Point><position>6293</position><in_Quantity.quantity>0.000000</in_Quantity.quantity><out_Quantity.quantity>271.465203</out_Quantity.quantity></Point><Point><position>6294</position><in_Quantity.quantity>0.000000</in_Quantity.quantity><out_Quantity.quantity>619.442706</out_Quantity.quantity></Point><Point><position>6295</position><in_Quantity.quantity>0.000000</in_Quantity.quantity><out_Quantity.quantity>132.510119</out_Quantity.quantity></Point><Point><position>6296</position><in_Quantity.quantity>0.000000</in_Quantity.quantity><out_Quantity.quantity>475.021560</out_Quantity.quantity></Point><Point><position>6297</position><in_Quantity.quantity>0.000000</in_Quantity.quantity><out_Quantity.quantity>827.393648</out_Quantity.quantity></Point><Point><position>6298</position><in_Quantity.quantity>0.000000</in_Quantity.quantity><out_Quantity.quantity>816.741464</out_Quantity.quantity></Point><Point><position>6299</position><in_Quantity.quantity>0.000000</in_Quantity.quantity><out_Quantity.quantity>952.435489</out_Quantity.quantity></Point><Point><position>6300</position><in_Quantity.quantity>0.000000</in_Quantity.quantity><out_Quantity.quantity>203.945291</out_Quantity.quantity></Point><Point><position>6301</position><in_Quantity.quantity>0.000000</in_Quantity.quantity><out_Quantity.quantity>223.980174</out_Quantity.quantity></Point><Point><position>6302</position><in_Quantity.quantity>0.000000</in_Quantity.quantity><out_Quantity.quantity>226.766310</out_Quantity.quantity></Point><Point><position>6303</position><in_Quantity.quantity>0.000000</in_Quantity.quantity><out_Quantity.quantity>863.785275</out_Quantity.quantity></Point><Point><position>6304</position><in_Quantity.quantity>0.000000</in_Quantity.quantity><out_Quantity.quantity>414.081860</out_Quantity.quantity></Point><Point><position>6305</position><in_Quantity.quantity>0.000000</in_Quantity.quantity><out_Quantity.quantity>852.040200</out_Quantity.quantity></Point><Point><position>6306</position><in_Quantity.quantity>0.000000</in_Quantity.quantity><out_Quantity.quantity>779.697207</out_Quantity.quantity></Point><Point><position>6307</position><in_Quantity.quantity>0.000000</in_Quantity.quantity><out_Quantity.quantity>949.737671</out_Quantity.quantity></Point><Point><position>6308</position><in_Quantity.quantity>0.000000</in_Quantity.quantity><out_Quantity.quantity>903.477179</out_Quantity.quantity></Point><Point><position>6309</position><in_Quantity.quantity>0.000000</in_Quantity.quantity><out_Quantity.quantity>846.785448</out_Quantity.quantity></Point><Point><position>6310</position><in_Quantity.quantity>0.000000</in_Quantity.quantity><out_Quantity.quantity>561.209867</out_Quantity.quantity></Point><Point><position>6311</position><in_Quantity.quantity>0.000000</in_Quantity.quantity><out_Quantity.quantity>500.412692</out_Quantity.quantity></Point><Point><position>6312</position><in_Quantity.quantity>0.000000</in_Quantity.quantity><out_Quantity.quantity>358.686595</out_Quantity.quantity></Point><Point><position>6313</position><in_Quantity.quantity>0.000000</in_Quantity.quantity><out_Quantity.quantity>564.354369</out_Quantity.quantity></Point><Point><position>6314</position><in_Quantity.quantity>0.000000</in_Quantity.quantity><out_Quantity.quantity>611.954604</out_Quantity.quantity></Point><Point><position>6315</position><in_Quantity.quantity>0.000000</in_Quantity.quantity><out_Quantity.quantity>204.744082</out_Quantity.quantity></Point><Point><position>6316</position><in_Quantity.quantity>0.000000</in_Quantity.quantity><out_Quantity.quantity>853.463744</out_Quantity.quantity></Point><Point><position>6317</position><in_Quantity.quantity>0.000000</in_Quantity.quantity><out_Quantity.quantity>79.882061</out_Quantity.quantity></Point><Point><position>6318</position><in_Quantity.quantity>0.000000</in_Quantity.quantity><out_Quantity.quantity>280.284391</out_Quantity.quantity></Point><Point><position>6319</position><in_Quantity.quantity>0.000000</in_Quantity.quantity><out_Quantity.quantity>171.582418</out_Quantity.quantity></Point><Point><position>6320</position><in_Quantity.quantity>0.000000</in_Quantity.quantity><out_Quantity.quantity>936.305353</out_Quantity.quantity></Point><Point><position>6321</position><in_Quantity.quantity>0.000000</in_Quantity.quantity><out_Quantity.quantity>220.732482</out_Quantity.quantity></Point><Point><position>6322</position><in_Quantity.quantity>0.000000</in_Quantity.quantity><out_Quantity.quantity>813.682604</out_Quantity.quantity></Point><Point><position>6323</position><in_Quantity.quantity>0.000000</in_Quantity.quantity><out_Quantity.quantity>261.741366</out_Quantity.quantity></Point><Point><position>6324</position><in_Quantity.quantity>0.000000</in_Quantity.quantity><out_Quantity.quantity>622.483951</out_Quantity.quantity></Point><Point><position>6325</position><in_Quantity.quantity>0.000000</in_Quantity.quantity><out_Quantity.quantity>154.241429</out_Quantity.quantity></Point><Point><position>6326</position><in_Quantity.quantity>0.000000</in_Quantity.quantity><out_Quantity.quantity>671.641445</out_Quantity.quantity></Point><Point><position>6327</position><in_Quantity.quantity>0.000000</in_Quantity.quantity><out_Quantity.quantity>915.685294</out_Quantity.quantity></Point><Point><position>6328</position><in_Quantity.quantity>0.000000</in_Quantity.quantity><out_Quantity.quantity>611.157266</out_Quantity.quantity></Point><Point><position>6329</position><in_Quantity.quantity>0.000000</in_Quantity.quantity><out_Quantity.quantity>785.999070</out_Quantity.quantity></Point><Point><position>6330</position><in_Quantity.quantity>0.000000</in_Quantity.quantity><out_Quantity.quantity>234.169799</out_Quantity.quantity></Point><Point><position>6331</position><in_Quantity.quantity>0.000000</in_Quantity.quantity><out_Quantity.quantity>67.356526</out_Quantity.quantity></Point><Point><position>6332</position><in_Quantity.quantity>0.000000</in_Quantity.quantity><out_Quantity.quantity>587.742032</out_Quantity.quantity></Point><Point><position>6333</position><in_Quantity.quantity>0.000000</in_Quantity.quantity><out_Quantity.quantity>181.740577</out_Quantity.quantity></Point><Point><position>6334</position><in_Quantity.quantity>0.000000</in_Quantity.quantity><out_Quantity.quantity>485.412444</out_Quantity.quantity></Point><Point><position>6335</position><in_Quantity.quantity>0.000000</in_Quantity.quantity><out_Quantity.quantity>735.308976</out_Quantity.quantity></Point><Point><position>6336</position><in_Quantity.quantity>0.000000</in_Quantity.quantity><out_Quantity.quantity>576.115099</out_Quantity.quantity></Point><Point><position>6337</position><in_Quantity.quantity>0.000000</in_Quantity.quantity><out_Quantity.quantity>813.494376</out_Quantity.quantity></Point><Point><position>6338</position><in_Quantity.quantity>0.000000</in_Quantity.quantity><out_Quantity.quantity>351.858920</out_Quantity.quantity></Point><Point><position>6339</position><in_Quantity.quantity>0.000000</in_Quantity.quantity><out_Quantity.quantity>409.588756</out_Quantity.quantity></Point><Point><position>6340</position><in_Quantity.quantity>0.000000</in_Quantity.quantity><out_Quantity.quantity>518.589634</out_Quantity.quantity></Point><Point><position>6341</position><in_Quantity.quantity>0.000000</in_Quantity.quantity><out_Quantity.quantity>638.966651</out_Quantity.quantity></Point><Point><position>6342</position><in_Quantity.quantity>0.000000</in_Quantity.quantity><out_Quantity.quantity>619.207050</out_Quantity.quantity></Point><Point><position>6343</position><in_Quantity.quantity>0.000000</in_Quantity.quantity><out_Quantity.quantity>450.501326</out_Quantity.quantity></Point><Point><position>6344</position><in_Quantity.quantity>0.000000</in_Quantity.quantity><out_Quantity.quantity>485.378145</out_Quantity.quantity></Point><Point><position>6345</position><in_Quantity.quantity>0.000000</in_Quantity.quantity><out_Quantity.quantity>42.667738</out_Quantity.quantity></Point><Point><position>6346</position><in_Quantity.quantity>0.000000</in_Quantity.quantity><out_Quantity.quantity>540.030559</out_Quantity.quantity></Point><Point><position>6347</position><in_Quantity.quantity>0.000000</in_Quantity.quantity><out_Quantity.quantity>466.833869</out_Quantity.quantity></Point><Point><position>6348</position><in_Quantity.quantity>0.000000</in_Quantity.quantity><out_Quantity.quantity>512.732925</out_Quantity.quantity></Point><Point><position>6349</position><in_Quantity.quantity>0.000000</in_Quantity.quantity><out_Quantity.quantity>786.516037</out_Quantity.quantity></Point><Point><position>6350</position><in_Quantity.quantity>0.000000</in_Quantity.quantity><out_Quantity.quantity>804.025917</out_Quantity.quantity></Point><Point><position>6351</position><in_Quantity.quantity>0.000000</in_Quantity.quantity><out_Quantity.quantity>600.103958</out_Quantity.quantity></Point><Point><position>6352</position><in_Quantity.quantity>0.000000</in_Quantity.quantity><out_Quantity.quantity>917.536973</out_Quantity.quantity></Point><Point><position>6353</position><in_Quantity.quantity>0.000000</in_Quantity.quantity><out_Quantity.quantity>649.656917</out_Quantity.quantity></Point><Point><position>6354</position><in_Quantity.quantity>0.000000</in_Quantity.quantity><out_Quantity.quantity>975.941514</out_Quantity.quantity></Point><Point><position>6355</position><in_Quantity.quantity>0.000000</in_Quantity.quantity><out_Quantity.quantity>534.501881</out_Quantity.quantity></Point><Point><position>6356</position><in_Quantity.quantity>0.000000</in_Quantity.quantity><out_Quantity.quantity>969.561709</out_Quantity.quantity></Point><Point><position>6357</position><in_Quantity.quantity>0.000000</in_Quantity.quantity><out_Quantity.quantity>522.913388</out_Quantity.quantity></Point><Point><position>6358</position><in_Quantity.quantity>0.000000</in_Quantity.quantity><out_Quantity.quantity>761.749407</out_Quantity.quantity></Point><Point><position>6359</position><in_Quantity.quantity>0.000000</in_Quantity.quantity><out_Quantity.quantity>877.080256</out_Quantity.quantity></Point><Point><position>6360</position><in_Quantity.quantity>0.000000</in_Quantity.quantity><out_Quantity.quantity>707.167577</out_Quantity.quantity></Point><Point><position>6361</position><in_Quantity.quantity>0.000000</in_Quantity.quantity><out_Quantity.quantity>651.238124</out_Quantity.quantity></Point><Point><position>6362</position><in_Quantity.quantity>0.000000</in_Quantity.quantity><out_Quantity.quantity>914.714288</out_Quantity.quantity></Point><Point><position>6363</position><in_Quantity.quantity>0.000000</in_Quantity.quantity><out_Quantity.quantity>514.398643</out_Quantity.quantity></Point><Point><position>6364</position><in_Quantity.quantity>0.000000</in_Quantity.quantity><out_Quantity.quantity>880.599578</out_Quantity.quantity></Point><Point><position>6365</position><in_Quantity.quantity>0.000000</in_Quantity.quantity><out_Quantity.quantity>342.020162</out_Quantity.quantity></Point><Point><position>6366</position><in_Quantity.quantity>0.000000</in_Quantity.quantity><out_Quantity.quantity>146.120286</out_Quantity.quantity></Point><Point><position>6367</position><in_Quantity.quantity>0.000000</in_Quantity.quantity><out_Quantity.quantity>306.010708</out_Quantity.quantity></Point><Point><position>6368</position><in_Quantity.quantity>0.000000</in_Quantity.quantity><out_Quantity.quantity>188.033239</out_Quantity.quantity></Point><Point><position>6369</position><in_Quantity.quantity>0.000000</in_Quantity.quantity><out_Quantity.quantity>41.879048</out_Quantity.quantity></Point><Point><position>6370</position><in_Quantity.quantity>0.000000</in_Quantity.quantity><out_Quantity.quantity>480.922121</out_Quantity.quantity></Point><Point><position>6371</position><in_Quantity.quantity>0.000000</in_Quantity.quantity><out_Quantity.quantity>505.402197</out_Quantity.quantity></Point><Point><position>6372</position><in_Quantity.quantity>0.000000</in_Quantity.quantity><out_Quantity.quantity>774.196986</out_Quantity.quantity></Point><Point><position>6373</position><in_Quantity.quantity>0.000000</in_Quantity.quantity><out_Quantity.quantity>719.529961</out_Quantity.quantity></Point><Point><position>6374</position><in_Quantity.quantity>0.000000</in_Quantity.quantity><out_Quantity.quantity>574.261285</out_Quantity.quantity></Point><Point><position>6375</position><in_Quantity.quantity>0.000000</in_Quantity.quantity><out_Quantity.quantity>296.518498</out_Quantity.quantity></Point><Point><position>6376</position><in_Quantity.quantity>0.000000</in_Quantity.quantity><out_Quantity.quantity>924.343181</out_Quantity.quantity></Point><Point><position>6377</position><in_Quantity.quantity>0.000000</in_Quantity.quantity><out_Quantity.quantity>396.831858</out_Quantity.quantity></Point><Point><position>6378</position><in_Quantity.quantity>0.000000</in_Quantity.quantity><out_Quantity.quantity>466.138566</out_Quantity.quantity></Point><Point><position>6379</position><in_Quantity.quantity>0.000000</in_Quantity.quantity><out_Quantity.quantity>634.088576</out_Quantity.quantity></Point><Point><position>6380</position><in_Quantity.quantity>0.000000</in_Quantity.quantity><out_Quantity.quantity>452.318294</out_Quantity.quantity></Point><Point><position>6381</position><in_Quantity.quantity>0.000000</in_Quantity.quantity><out_Quantity.quantity>599.443761</out_Quantity.quantity></Point><Point><position>6382</position><in_Quantity.quantity>0.000000</in_Quantity.quantity><out_Quantity.quantity>184.175851</out_Quantity.quantity></Point><Point><position>6383</position><in_Quantity.quantity>0.000000</in_Quantity.quantity><out_Quantity.quantity>964.472409</out_Quantity.quantity></Point><Point><position>6384</position><in_Quantity.quantity>0.000000</in_Quantity.quantity><out_Quantity.quantity>594.230449</out_Quantity.quantity></Point><Point><position>6385</position><in_Quantity.quantity>0.000000</in_Quantity.quantity><out_Quantity.quantity>892.259573</out_Quantity.quantity></Point><Point><position>6386</position><in_Quantity.quantity>0.000000</in_Quantity.quantity><out_Quantity.quantity>536.495009</out_Quantity.quantity></Point><Point><position>6387</position><in_Quantity.quantity>0.000000</in_Quantity.quantity><out_Quantity.quantity>756.109640</out_Quantity.quantity></Point><Point><position>6388</position><in_Quantity.quantity>0.000000</in_Quantity.quantity><out_Quantity.quantity>44.459305</out_Quantity.quantity></Point><Point><position>6389</position><in_Quantity.quantity>0.000000</in_Quantity.quantity><out_Quantity.quantity>130.194980</out_Quantity.quantity></Point><Point><position>6390</position><in_Quantity.quantity>0.000000</in_Quantity.quantity><out_Quantity.quantity>644.293670</out_Quantity.quantity></Point><Point><position>6391</position><in_Quantity.quantity>0.000000</in_Quantity.quantity><out_Quantity.quantity>375.975716</out_Quantity.quantity></Point><Point><position>6392</position><in_Quantity.quantity>0.000000</in_Quantity.quantity><out_Quantity.quantity>50.805282</out_Quantity.quantity></Point><Point><position>6393</position><in_Quantity.quantity>0.000000</in_Quantity.quantity><out_Quantity.quantity>896.348365</out_Quantity.quantity></Point><Point><position>6394</position><in_Quantity.quantity>0.000000</in_Quantity.quantity><out_Quantity.quantity>211.662869</out_Quantity.quantity></Point><Point><position>6395</position><in_Quantity.quantity>0.000000</in_Quantity.quantity><out_Quantity.quantity>803.447983</out_Quantity.quantity></Point><Point><position>6396</position><in_Quantity.quantity>0.000000</in_Quantity.quantity><out_Quantity.quantity>415.139934</out_Quantity.quantity></Point><Point><position>6397</position><in_Quantity.quantity>0.000000</in_Quantity.quantity><out_Quantity.quantity>45.244334</out_Quantity.quantity></Point><Point><position>6398</position><in_Quantity.quantity>0.000000</in_Quantity.quantity><out_Quantity.quantity>839.184678</out_Quantity.quantity></Point><Point><position>6399</position><in_Quantity.quantity>0.000000</in_Quantity.quantity><out_Quantity.quantity>757.691532</out_Quantity.quantity></Point><Point><position>6400</position><in_Quantity.quantity>0.000000</in_Quantity.quantity><out_Quantity.quantity>393.431736</out_Quantity.quantity></Point><Point><position>6401</position><in_Quantity.quantity>0.000000</in_Quantity.quantity><out_Quantity.quantity>448.112499</out_Quantity.quantity></Point><Point><position>6402</position><in_Quantity.quantity>0.000000</in_Quantity.quantity><out_Quantity.quantity>964.119836</out_Quantity.quantity></Point><Point><position>6403</position><in_Quantity.quantity>0.000000</in_Quantity.quantity><out_Quantity.quantity>418.839020</out_Quantity.quantity></Point><Point><position>6404</position><in_Quantity.quantity>0.000000</in_Quantity.quantity><out_Quantity.quantity>215.973115</out_Quantity.quantity></Point><Point><position>6405</position><in_Quantity.quantity>0.000000</in_Quantity.quantity><out_Quantity.quantity>750.900584</out_Quantity.quantity></Point><Point><position>6406</position><in_Quantity.quantity>0.000000</in_Quantity.quantity><out_Quantity.quantity>522.378563</out_Quantity.quantity></Point><Point><position>6407</position><in_Quantity.quantity>0.000000</in_Quantity.quantity><out_Quantity.quantity>559.400320</out_Quantity.quantity></Point><Point><position>6408</position><in_Quantity.quantity>0.000000</in_Quantity.quantity><out_Quantity.quantity>510.321808</out_Quantity.quantity></Point><Point><position>6409</position><in_Quantity.quantity>0.000000</in_Quantity.quantity><out_Quantity.quantity>61.231708</out_Quantity.quantity></Point><Point><position>6410</position><in_Quantity.quantity>0.000000</in_Quantity.quantity><out_Quantity.quantity>591.095901</out_Quantity.quantity></Point><Point><position>6411</position><in_Quantity.quantity>0.000000</in_Quantity.quantity><out_Quantity.quantity>159.726305</out_Quantity.quantity></Point><Point><position>6412</position><in_Quantity.quantity>0.000000</in_Quantity.quantity><out_Quantity.quantity>380.805070</out_Quantity.quantity></Point><Point><position>6413</position><in_Quantity.quantity>0.000000</in_Quantity.quantity><out_Quantity.quantity>962.946874</out_Quantity.quantity></Point><Point><position>6414</position><in_Quantity.quantity>0.000000</in_Quantity.quantity><out_Quantity.quantity>763.913615</out_Quantity.quantity></Point><Point><position>6415</position><in_Quantity.quantity>0.000000</in_Quantity.quantity><out_Quantity.quantity>545.788829</out_Quantity.quantity></Point><Point><position>6416</position><in_Quantity.quantity>0.000000</in_Quantity.quantity><out_Quantity.quantity>860.634519</out_Quantity.quantity></Point><Point><position>6417</position><in_Quantity.quantity>0.000000</in_Quantity.quantity><out_Quantity.quantity>188.527696</out_Quantity.quantity></Point><Point><position>6418</position><in_Quantity.quantity>0.000000</in_Quantity.quantity><out_Quantity.quantity>427.214283</out_Quantity.quantity></Point><Point><position>6419</position><in_Quantity.quantity>0.000000</in_Quantity.quantity><out_Quantity.quantity>450.280813</out_Quantity.quantity></Point><Point><position>6420</position><in_Quantity.quantity>0.000000</in_Quantity.quantity><out_Quantity.quantity>563.494874</out_Quantity.quantity></Point><Point><position>6421</position><in_Quantity.quantity>0.000000</in_Quantity.quantity><out_Quantity.quantity>407.222648</out_Quantity.quantity></Point><Point><position>6422</position><in_Quantity.quantity>0.000000</in_Quantity.quantity><out_Quantity.quantity>807.802854</out_Quantity.quantity></Point><Point><position>6423</position><in_Quantity.quantity>0.000000</in_Quantity.quantity><out_Quantity.quantity>326.695162</out_Quantity.quantity></Point><Point><position>6424</position><in_Quantity.quantity>0.000000</in_Quantity.quantity><out_Quantity.quantity>584.889229</out_Quantity.quantity></Point><Point><position>6425</position><in_Quantity.quantity>0.000000</in_Quantity.quantity><out_Quantity.quantity>58.404145</out_Quantity.quantity></Point><Point><position>6426</position><in_Quantity.quantity>0.000000</in_Quantity.quantity><out_Quantity.quantity>677.472813</out_Quantity.quantity></Point><Point><position>6427</position><in_Quantity.quantity>0.000000</in_Quantity.quantity><out_Quantity.quantity>223.112182</out_Quantity.quantity></Point><Point><position>6428</position><in_Quantity.quantity>0.000000</in_Quantity.quantity><out_Quantity.quantity>21.234177</out_Quantity.quantity></Point><Point><position>6429</position><in_Quantity.quantity>0.000000</in_Quantity.quantity><out_Quantity.quantity>940.029941</out_Quantity.quantity></Point><Point><position>6430</position><in_Quantity.quantity>0.000000</in_Quantity.quantity><out_Quantity.quantity>481.940680</out_Quantity.quantity></Point><Point><position>6431</position><in_Quantity.quantity>0.000000</in_Quantity.quantity><out_Quantity.quantity>611.985726</out_Quantity.quantity></Point><Point><position>6432</position><in_Quantity.quantity>0.000000</in_Quantity.quantity><out_Quantity.quantity>568.219849</out_Quantity.quantity></Point><Point><position>6433</position><in_Quantity.quantity>0.000000</in_Quantity.quantity><out_Quantity.quantity>549.162858</out_Quantity.quantity></Point><Point><position>6434</position><in_Quantity.quantity>0.000000</in_Quantity.quantity><out_Quantity.quantity>351.870798</out_Quantity.quantity></Point><Point><position>6435</position><in_Quantity.quantity>0.000000</in_Quantity.quantity><out_Quantity.quantity>129.955758</out_Quantity.quantity></Point><Point><position>6436</position><in_Quantity.quantity>0.000000</in_Quantity.quantity><out_Quantity.quantity>135.725889</out_Quantity.quantity></Point><Point><position>6437</position><in_Quantity.quantity>0.000000</in_Quantity.quantity><out_Quantity.quantity>935.342119</out_Quantity.quantity></Point><Point><position>6438</position><in_Quantity.quantity>0.000000</in_Quantity.quantity><out_Quantity.quantity>455.872515</out_Quantity.quantity></Point><Point><position>6439</position><in_Quantity.quantity>0.000000</in_Quantity.quantity><out_Quantity.quantity>890.518823</out_Quantity.quantity></Point><Point><position>6440</position><in_Quantity.quantity>0.000000</in_Quantity.quantity><out_Quantity.quantity>482.228299</out_Quantity.quantity></Point><Point><position>6441</position><in_Quantity.quantity>0.000000</in_Quantity.quantity><out_Quantity.quantity>773.778703</out_Quantity.quantity></Point><Point><position>6442</position><in_Quantity.quantity>0.000000</in_Quantity.quantity><out_Quantity.quantity>181.371660</out_Quantity.quantity></Point><Point><position>6443</position><in_Quantity.quantity>0.000000</in_Quantity.quantity><out_Quantity.quantity>227.194812</out_Quantity.quantity></Point><Point><position>6444</position><in_Quantity.quantity>0.000000</in_Quantity.quantity><out_Quantity.quantity>463.223744</out_Quantity.quantity></Point><Point><position>6445</position><in_Quantity.quantity>0.000000</in_Quantity.quantity><out_Quantity.quantity>856.321353</out_Quantity.quantity></Point><Point><position>6446</position><in_Quantity.quantity>0.000000</in_Quantity.quantity><out_Quantity.quantity>727.839572</out_Quantity.quantity></Point><Point><position>6447</position><in_Quantity.quantity>0.000000</in_Quantity.quantity><out_Quantity.quantity>512.062048</out_Quantity.quantity></Point><Point><position>6448</position><in_Quantity.quantity>0.000000</in_Quantity.quantity><out_Quantity.quantity>273.416498</out_Quantity.quantity></Point><Point><position>6449</position><in_Quantity.quantity>0.000000</in_Quantity.quantity><out_Quantity.quantity>724.329891</out_Quantity.quantity></Point><Point><position>6450</position><in_Quantity.quantity>0.000000</in_Quantity.quantity><out_Quantity.quantity>347.836036</out_Quantity.quantity></Point><Point><position>6451</position><in_Quantity.quantity>0.000000</in_Quantity.quantity><out_Quantity.quantity>36.908721</out_Quantity.quantity></Point><Point><position>6452</position><in_Quantity.quantity>0.000000</in_Quantity.quantity><out_Quantity.quantity>871.164907</out_Quantity.quantity></Point><Point><position>6453</position><in_Quantity.quantity>0.000000</in_Quantity.quantity><out_Quantity.quantity>455.307006</out_Quantity.quantity></Point><Point><position>6454</position><in_Quantity.quantity>0.000000</in_Quantity.quantity><out_Quantity.quantity>649.714966</out_Quantity.quantity></Point><Point><position>6455</position><in_Quantity.quantity>0.000000</in_Quantity.quantity><out_Quantity.quantity>394.798483</out_Quantity.quantity></Point><Point><position>6456</position><in_Quantity.quantity>0.000000</in_Quantity.quantity><out_Quantity.quantity>901.203143</out_Quantity.quantity></Point><Point><position>6457</position><in_Quantity.quantity>0.000000</in_Quantity.quantity><out_Quantity.quantity>943.120827</out_Quantity.quantity></Point><Point><position>6458</position><in_Quantity.quantity>0.000000</in_Quantity.quantity><out_Quantity.quantity>596.661713</out_Quantity.quantity></Point><Point><position>6459</position><in_Quantity.quantity>0.000000</in_Quantity.quantity><out_Quantity.quantity>708.796546</out_Quantity.quantity></Point><Point><position>6460</position><in_Quantity.quantity>0.000000</in_Quantity.quantity><out_Quantity.quantity>47.185477</out_Quantity.quantity></Point><Point><position>6461</position><in_Quantity.quantity>0.000000</in_Quantity.quantity><out_Quantity.quantity>974.523207</out_Quantity.quantity></Point><Point><position>6462</position><in_Quantity.quantity>0.000000</in_Quantity.quantity><out_Quantity.quantity>654.209172</out_Quantity.quantity></Point><Point><position>6463</position><in_Quantity.quantity>0.000000</in_Quantity.quantity><out_Quantity.quantity>251.162945</out_Quantity.quantity></Point><Point><position>6464</position><in_Quantity.quantity>0.000000</in_Quantity.quantity><out_Quantity.quantity>425.416062</out_Quantity.quantity></Point><Point><position>6465</position><in_Quantity.quantity>0.000000</in_Quantity.quantity><out_Quantity.quantity>20.838380</out_Quantity.quantity></Point><Point><position>6466</position><in_Quantity.quantity>0.000000</in_Quantity.quantity><out_Quantity.quantity>475.639861</out_Quantity.quantity></Point><Point><position>6467</position><in_Quantity.quantity>0.000000</in_Quantity.quantity><out_Quantity.quantity>404.402021</out_Quantity.quantity></Point><Point><position>6468</position><in_Quantity.quantity>0.000000</in_Quantity.quantity><out_Quantity.quantity>255.384782</out_Quantity.quantity></Point><Point><position>6469</position><in_Quantity.quantity>0.000000</in_Quantity.quantity><out_Quantity.quantity>12.728531</out_Quantity.quantity></Point><Point><position>6470</position><in_Quantity.quantity>0.000000</in_Quantity.quantity><out_Quantity.quantity>581.626159</out_Quantity.quantity></Point><Point><position>6471</position><in_Quantity.quantity>0.000000</in_Quantity.quantity><out_Quantity.quantity>483.134608</out_Quantity.quantity></Point><Point><position>6472</position><in_Quantity.quantity>0.000000</in_Quantity.quantity><out_Quantity.quantity>344.453287</out_Quantity.quantity></Point><Point><position>6473</position><in_Quantity.quantity>0.000000</in_Quantity.quantity><out_Quantity.quantity>876.391153</out_Quantity.quantity></Point><Point><position>6474</position><in_Quantity.quantity>0.000000</in_Quantity.quantity><out_Quantity.quantity>984.482883</out_Quantity.quantity></Point><Point><position>6475</position><in_Quantity.quantity>0.000000</in_Quantity.quantity><out_Quantity.quantity>162.531758</out_Quantity.quantity></Point><Point><position>6476</position><in_Quantity.quantity>0.000000</in_Quantity.quantity><out_Quantity.quantity>846.529109</out_Quantity.quantity></Point><Point><position>6477</position><in_Quantity.quantity>0.000000</in_Quantity.quantity><out_Quantity.quantity>77.253323</out_Quantity.quantity></Point><Point><position>6478</position><in_Quantity.quantity>0.000000</in_Quantity.quantity><out_Quantity.quantity>618.478092</out_Quantity.quantity></Point><Point><position>6479</position><in_Quantity.quantity>0.000000</in_Quantity.quantity><out_Quantity.quantity>638.662624</out_Quantity.quantity></Point><Point><position>6480</position><in_Quantity.quantity>0.000000</in_Quantity.quantity><out_Quantity.quantity>2.350596</out_Quantity.quantity></Point><Point><position>6481</position><in_Quantity.quantity>0.000000</in_Quantity.quantity><out_Quantity.quantity>10.360616</out_Quantity.quantity></Point><Point><position>6482</position><in_Quantity.quantity>0.000000</in_Quantity.quantity><out_Quantity.quantity>846.376186</out_Quantity.quantity></Point><Point><position>6483</position><in_Quantity.quantity>0.000000</in_Quantity.quantity><out_Quantity.quantity>310.673564</out_Quantity.quantity></Point><Point><position>6484</position><in_Quantity.quantity>0.000000</in_Quantity.quantity><out_Quantity.quantity>193.235519</out_Quantity.quantity></Point><Point><position>6485</position><in_Quantity.quantity>0.000000</in_Quantity.quantity><out_Quantity.quantity>936.585459</out_Quantity.quantity></Point><Point><position>6486</position><in_Quantity.quantity>0.000000</in_Quantity.quantity><out_Quantity.quantity>239.700679</out_Quantity.quantity></Point><Point><position>6487</position><in_Quantity.quantity>0.000000</in_Quantity.quantity><out_Quantity.quantity>214.149453</out_Quantity.quantity></Point><Point><position>6488</position><in_Quantity.quantity>0.000000</in_Quantity.quantity><out_Quantity.quantity>909.751075</out_Quantity.quantity></Point><Point><position>6489</position><in_Quantity.quantity>0.000000</in_Quantity.quantity><out_Quantity.quantity>79.372265</out_Quantity.quantity></Point><Point><position>6490</position><in_Quantity.quantity>0.000000</in_Quantity.quantity><out_Quantity.quantity>856.718715</out_Quantity.quantity></Point><Point><position>6491</position><in_Quantity.quantity>0.000000</in_Quantity.quantity><out_Quantity.quantity>993.091709</out_Quantity.quantity></Point><Point><position>6492</position><in_Quantity.quantity>0.000000</in_Quantity.quantity><out_Quantity.quantity>717.592614</out_Quantity.quantity></Point><Point><position>6493</position><in_Quantity.quantity>0.000000</in_Quantity.quantity><out_Quantity.quantity>744.046613</out_Quantity.quantity></Point><Point><position>6494</position><in_Quantity.quantity>0.000000</in_Quantity.quantity><out_Quantity.quantity>210.940774</out_Quantity.quantity></Point><Point><position>6495</position><in_Quantity.quantity>0.000000</in_Quantity.quantity><out_Quantity.quantity>782.018108</out_Quantity.quantity></Point><Point><position>6496</position><in_Quantity.quantity>0.000000</in_Quantity.quantity><out_Quantity.quantity>600.645707</out_Quantity.quantity></Point><Point><position>6497</position><in_Quantity.quantity>0.000000</in_Quantity.quantity><out_Quantity.quantity>319.700669</out_Quantity.quantity></Point><Point><position>6498</position><in_Quantity.quantity>0.000000</in_Quantity.quantity><out_Quantity.quantity>501.763023</out_Quantity.quantity></Point><Point><position>6499</position><in_Quantity.quantity>0.000000</in_Quantity.quantity><out_Quantity.quantity>837.074243</out_Quantity.quantity></Point><Point><position>6500</position><in_Quantity.quantity>0.000000</in_Quantity.quantity><out_Quantity.quantity>255.142044</out_Quantity.quantity></Point><Point><position>6501</position><in_Quantity.quantity>0.000000</in_Quantity.quantity><out_Quantity.quantity>194.941362</out_Quantity.quantity></Point><Point><position>6502</position><in_Quantity.quantity>0.000000</in_Quantity.quantity><out_Quantity.quantity>725.098042</out_Quantity.quantity></Point><Point><position>6503</position><in_Quantity.quantity>0.000000</in_Quantity.quantity><out_Quantity.quantity>678.442870</out_Quantity.quantity></Point><Point><position>6504</position><in_Quantity.quantity>0.000000</in_Quantity.quantity><out_Quantity.quantity>38.839724</out_Quantity.quantity></Point><Point><position>6505</position><in_Quantity.quantity>0.000000</in_Quantity.quantity><out_Quantity.quantity>211.330174</out_Quantity.quantity></Point><Point><position>6506</position><in_Quantity.quantity>0.000000</in_Quantity.quantity><out_Quantity.quantity>503.557425</out_Quantity.quantity></Point><Point><position>6507</position><in_Quantity.quantity>0.000000</in_Quantity.quantity><out_Quantity.quantity>399.142552</out_Quantity.quantity></Point><Point><position>6508</position><in_Quantity.quantity>0.000000</in_Quantity.quantity><out_Quantity.quantity>914.655005</out_Quantity.quantity></Point><Point><position>6509</position><in_Quantity.quantity>0.000000</in_Quantity.quantity><out_Quantity.quantity>934.539954</out_Quantity.quantity></Point><Point><position>6510</position><in_Quantity.quantity>0.000000</in_Quantity.quantity><out_Quantity.quantity>259.953436</out_Quantity.quantity></Point><Point><position>6511</position><in_Quantity.quantity>0.000000</in_Quantity.quantity><out_Quantity.quantity>928.421481</out_Quantity.quantity></Point><Point><position>6512</position><in_Quantity.quantity>0.000000</in_Quantity.quantity><out_Quantity.quantity>695.970520</out_Quantity.quantity></Point><Point><position>6513</position><in_Quantity.quantity>0.000000</in_Quantity.quantity><out_Quantity.quantity>706.221867</out_Quantity.quantity></Point><Point><position>6514</position><in_Quantity.quantity>0.000000</in_Quantity.quantity><out_Quantity.quantity>668.473865</out_Quantity.quantity></Point><Point><position>6515</position><in_Quantity.quantity>0.000000</in_Quantity.quantity><out_Quantity.quantity>758.752451</out_Quantity.quantity></Point><Point><position>6516</position><in_Quantity.quantity>0.000000</in_Quantity.quantity><out_Quantity.quantity>612.145225</out_Quantity.quantity></Point><Point><position>6517</position><in_Quantity.quantity>0.000000</in_Quantity.quantity><out_Quantity.quantity>849.493694</out_Quantity.quantity></Point><Point><position>6518</position><in_Quantity.quantity>0.000000</in_Quantity.quantity><out_Quantity.quantity>574.272760</out_Quantity.quantity></Point><Point><position>6519</position><in_Quantity.quantity>0.000000</in_Quantity.quantity><out_Quantity.quantity>689.148195</out_Quantity.quantity></Point><Point><position>6520</position><in_Quantity.quantity>0.000000</in_Quantity.quantity><out_Quantity.quantity>604.622600</out_Quantity.quantity></Point><Point><position>6521</position><in_Quantity.quantity>0.000000</in_Quantity.quantity><out_Quantity.quantity>367.295781</out_Quantity.quantity></Point><Point><position>6522</position><in_Quantity.quantity>0.000000</in_Quantity.quantity><out_Quantity.quantity>496.635141</out_Quantity.quantity></Point><Point><position>6523</position><in_Quantity.quantity>0.000000</in_Quantity.quantity><out_Quantity.quantity>804.040617</out_Quantity.quantity></Point><Point><position>6524</position><in_Quantity.quantity>0.000000</in_Quantity.quantity><out_Quantity.quantity>225.713877</out_Quantity.quantity></Point><Point><position>6525</position><in_Quantity.quantity>0.000000</in_Quantity.quantity><out_Quantity.quantity>88.365195</out_Quantity.quantity></Point><Point><position>6526</position><in_Quantity.quantity>0.000000</in_Quantity.quantity><out_Quantity.quantity>307.112115</out_Quantity.quantity></Point><Point><position>6527</position><in_Quantity.quantity>0.000000</in_Quantity.quantity><out_Quantity.quantity>583.212512</out_Quantity.quantity></Point><Point><position>6528</position><in_Quantity.quantity>0.000000</in_Quantity.quantity><out_Quantity.quantity>891.457157</out_Quantity.quantity></Point><Point><position>6529</position><in_Quantity.quantity>0.000000</in_Quantity.quantity><out_Quantity.quantity>470.060868</out_Quantity.quantity></Point><Point><position>6530</position><in_Quantity.quantity>0.000000</in_Quantity.quantity><out_Quantity.quantity>951.763808</out_Quantity.quantity></Point><Point><position>6531</position><in_Quantity.quantity>0.000000</in_Quantity.quantity><out_Quantity.quantity>312.480337</out_Quantity.quantity></Point><Point><position>6532</position><in_Quantity.quantity>0.000000</in_Quantity.quantity><out_Quantity.quantity>30.561566</out_Quantity.quantity></Point><Point><position>6533</position><in_Quantity.quantity>0.000000</in_Quantity.quantity><out_Quantity.quantity>304.310684</out_Quantity.quantity></Point><Point><position>6534</position><in_Quantity.quantity>0.000000</in_Quantity.quantity><out_Quantity.quantity>13.695507</out_Quantity.quantity></Point><Point><position>6535</position><in_Quantity.quantity>0.000000</in_Quantity.quantity><out_Quantity.quantity>705.656617</out_Quantity.quantity></Point><Point><position>6536</position><in_Quantity.quantity>0.000000</in_Quantity.quantity><out_Quantity.quantity>64.028544</out_Quantity.quantity></Point><Point><position>6537</position><in_Quantity.quantity>0.000000</in_Quantity.quantity><out_Quantity.quantity>891.215158</out_Quantity.quantity></Point><Point><position>6538</position><in_Quantity.quantity>0.000000</in_Quantity.quantity><out_Quantity.quantity>359.483271</out_Quantity.quantity></Point><Point><position>6539</position><in_Quantity.quantity>0.000000</in_Quantity.quantity><out_Quantity.quantity>525.858838</out_Quantity.quantity></Point><Point><position>6540</position><in_Quantity.quantity>0.000000</in_Quantity.quantity><out_Quantity.quantity>186.558845</out_Quantity.quantity></Point><Point><position>6541</position><in_Quantity.quantity>0.000000</in_Quantity.quantity><out_Quantity.quantity>95.563667</out_Quantity.quantity></Point><Point><position>6542</position><in_Quantity.quantity>0.000000</in_Quantity.quantity><out_Quantity.quantity>818.006896</out_Quantity.quantity></Point><Point><position>6543</position><in_Quantity.quantity>0.000000</in_Quantity.quantity><out_Quantity.quantity>672.100593</out_Quantity.quantity></Point><Point><position>6544</position><in_Quantity.quantity>0.000000</in_Quantity.quantity><out_Quantity.quantity>811.922388</out_Quantity.quantity></Point><Point><position>6545</position><in_Quantity.quantity>0.000000</in_Quantity.quantity><out_Quantity.quantity>863.282169</out_Quantity.quantity></Point><Point><position>6546</position><in_Quantity.quantity>0.000000</in_Quantity.quantity><out_Quantity.quantity>968.929474</out_Quantity.quantity></Point><Point><position>6547</position><in_Quantity.quantity>0.000000</in_Quantity.quantity><out_Quantity.quantity>663.400163</out_Quantity.quantity></Point><Point><position>6548</position><in_Quantity.quantity>0.000000</in_Quantity.quantity><out_Quantity.quantity>200.188473</out_Quantity.quantity></Point><Point><position>6549</position><in_Quantity.quantity>0.000000</in_Quantity.quantity><out_Quantity.quantity>625.975482</out_Quantity.quantity></Point><Point><position>6550</position><in_Quantity.quantity>0.000000</in_Quantity.quantity><out_Quantity.quantity>296.966730</out_Quantity.quantity></Point><Point><position>6551</position><in_Quantity.quantity>0.000000</in_Quantity.quantity><out_Quantity.quantity>456.950329</out_Quantity.quantity></Point><Point><position>6552</position><in_Quantity.quantity>0.000000</in_Quantity.quantity><out_Quantity.quantity>480.951369</out_Quantity.quantity></Point><Point><position>6553</position><in_Quantity.quantity>0.000000</in_Quantity.quantity><out_Quantity.quantity>83.492097</out_Quantity.quantity></Point><Point><position>6554</position><in_Quantity.quantity>0.000000</in_Quantity.quantity><out_Quantity.quantity>167.238787</out_Quantity.quantity></Point><Point><position>6555</position><in_Quantity.quantity>0.000000</in_Quantity.quantity><out_Quantity.quantity>442.657784</out_Quantity.quantity></Point><Point><position>6556</position><in_Quantity.quantity>0.000000</in_Quantity.quantity><out_Quantity.quantity>804.873512</out_Quantity.quantity></Point><Point><position>6557</position><in_Quantity.quantity>0.000000</in_Quantity.quantity><out_Quantity.quantity>639.289898</out_Quantity.quantity></Point><Point><position>6558</position><in_Quantity.quantity>0.000000</in_Quantity.quantity><out_Quantity.quantity>811.946957</out_Quantity.quantity></Point><Point><position>6559</position><in_Quantity.quantity>0.000000</in_Quantity.quantity><out_Quantity.quantity>957.576562</out_Quantity.quantity></Point><Point><position>6560</position><in_Quantity.quantity>0.000000</in_Quantity.quantity><out_Quantity.quantity>795.380277</out_Quantity.quantity></Point><Point><position>6561</position><in_Quantity.quantity>0.000000</in_Quantity.quantity><out_Quantity.quantity>110.962893</out_Quantity.quantity></Point><Point><position>6562</position><in_Quantity.quantity>0.000000</in_Quantity.quantity><out_Quantity.quantity>563.908954</out_Quantity.quantity></Point><Point><position>6563</position><in_Quantity.quantity>0.000000</in_Quantity.quantity><out_Quantity.quantity>591.351505</out_Quantity.quantity></Point><Point><position>6564</position><in_Quantity.quantity>0.000000</in_Quantity.quantity><out_Quantity.quantity>770.509244</out_Quantity.quantity></Point><Point><position>6565</position><in_Quantity.quantity>0.000000</in_Quantity.quantity><out_Quantity.quantity>138.193206</out_Quantity.quantity></Point><Point><position>6566</position><in_Quantity.quantity>0.000000</in_Quantity.quantity><out_Quantity.quantity>205.388281</out_Quantity.quantity></Point><Point><position>6567</position><in_Quantity.quantity>0.000000</in_Quantity.quantity><out_Quantity.quantity>558.542699</out_Quantity.quantity></Point><Point><position>6568</position><in_Quantity.quantity>0.000000</in_Quantity.quantity><out_Quantity.quantity>737.587589</out_Quantity.quantity></Point><Point><position>6569</position><in_Quantity.quantity>0.000000</in_Quantity.quantity><out_Quantity.quantity>437.935849</out_Quantity.quantity></Point><Point><position>6570</position><in_Quantity.quantity>0.000000</in_Quantity.quantity><out_Quantity.quantity>301.821275</out_Quantity.quantity></Point><Point><position>6571</position><in_Quantity.quantity>0.000000</in_Quantity.quantity><out_Quantity.quantity>814.512469</out_Quantity.quantity></Point><Point><position>6572</position><in_Quantity.quantity>0.000000</in_Quantity.quantity><out_Quantity.quantity>105.729329</out_Quantity.quantity></Point><Point><position>6573</position><in_Quantity.quantity>0.000000</in_Quantity.quantity><out_Quantity.quantity>321.525709</out_Quantity.quantity></Point><Point><position>6574</position><in_Quantity.quantity>0.000000</in_Quantity.quantity><out_Quantity.quantity>885.157971</out_Quantity.quantity></Point><Point><position>6575</position><in_Quantity.quantity>0.000000</in_Quantity.quantity><out_Quantity.quantity>764.928990</out_Quantity.quantity></Point><Point><position>6576</position><in_Quantity.quantity>0.000000</in_Quantity.quantity><out_Quantity.quantity>937.054729</out_Quantity.quantity></Point><Point><position>6577</position><in_Quantity.quantity>0.000000</in_Quantity.quantity><out_Quantity.quantity>933.613863</out_Quantity.quantity></Point><Point><position>6578</position><in_Quantity.quantity>0.000000</in_Quantity.quantity><out_Quantity.quantity>11.640214</out_Quantity.quantity></Point><Point><position>6579</position><in_Quantity.quantity>0.000000</in_Quantity.quantity><out_Quantity.quantity>196.194995</out_Quantity.quantity></Point><Point><position>6580</position><in_Quantity.quantity>0.000000</in_Quantity.quantity><out_Quantity.quantity>61.560693</out_Quantity.quantity></Point><Point><position>6581</position><in_Quantity.quantity>0.000000</in_Quantity.quantity><out_Quantity.quantity>594.851579</out_Quantity.quantity></Point><Point><position>6582</position><in_Quantity.quantity>0.000000</in_Quantity.quantity><out_Quantity.quantity>102.953684</out_Quantity.quantity></Point><Point><position>6583</position><in_Quantity.quantity>0.000000</in_Quantity.quantity><out_Quantity.quantity>738.173679</out_Quantity.quantity></Point><Point><position>6584</position><in_Quantity.quantity>0.000000</in_Quantity.quantity><out_Quantity.quantity>282.309285</out_Quantity.quantity></Point><Point><position>6585</position><in_Quantity.quantity>0.000000</in_Quantity.quantity><out_Quantity.quantity>535.262480</out_Quantity.quantity></Point><Point><position>6586</position><in_Quantity.quantity>0.000000</in_Quantity.quantity><out_Quantity.quantity>782.915973</out_Quantity.quantity></Point><Point><position>6587</position><in_Quantity.quantity>0.000000</in_Quantity.quantity><out_Quantity.quantity>451.820399</out_Quantity.quantity></Point><Point><position>6588</position><in_Quantity.quantity>0.000000</in_Quantity.quantity><out_Quantity.quantity>522.420934</out_Quantity.quantity></Point><Point><position>6589</position><in_Quantity.quantity>0.000000</in_Quantity.quantity><out_Quantity.quantity>300.705735</out_Quantity.quantity></Point><Point><position>6590</position><in_Quantity.quantity>0.000000</in_Quantity.quantity><out_Quantity.quantity>724.689137</out_Quantity.quantity></Point><Point><position>6591</position><in_Quantity.quantity>0.000000</in_Quantity.quantity><out_Quantity.quantity>490.932379</out_Quantity.quantity></Point><Point><position>6592</position><in_Quantity.quantity>0.000000</in_Quantity.quantity><out_Quantity.quantity>508.255081</out_Quantity.quantity></Point><Point><position>6593</position><in_Quantity.quantity>0.000000</in_Quantity.quantity><out_Quantity.quantity>687.685905</out_Quantity.quantity></Point><Point><position>6594</position><in_Quantity.quantity>0.000000</in_Quantity.quantity><out_Quantity.quantity>740.995103</out_Quantity.quantity></Point><Point><position>6595</position><in_Quantity.quantity>0.000000</in_Quantity.quantity><out_Quantity.quantity>546.797053</out_Quantity.quantity></Point><Point><position>6596</position><in_Quantity.quantity>0.000000</in_Quantity.quantity><out_Quantity.quantity>155.550519</out_Quantity.quantity></Point><Point><position>6597</position><in_Quantity.quantity>0.000000</in_Quantity.quantity><out_Quantity.quantity>586.383767</out_Quantity.quantity></Point><Point><position>6598</position><in_Quantity.quantity>0.000000</in_Quantity.quantity><out_Quantity.quantity>160.678789</out_Quantity.quantity></Point><Point><position>6599</position><in_Quantity.quantity>0.000000</in_Quantity.quantity><out_Quantity.quantity>424.626002</out_Quantity.quantity></Point><Point><position>6600</position><in_Quantity.quantity>0.000000</in_Quantity.quantity><out_Quantity.quantity>6.348909</out_Quantity.quantity></Point><Point><position>6601</position><in_Quantity.quantity>0.000000</in_Quantity.quantity><out_Quantity.quantity>368.274419</out_Quantity.quantity></Point><Point><position>6602</position><in_Quantity.quantity>0.000000</in_Quantity.quantity><out_Quantity.quantity>98.397238</out_Quantity.quantity></Point><Point><position>6603</position><in_Quantity.quantity>0.000000</in_Quantity.quantity><out_Quantity.quantity>492.860884</out_Quantity.quantity></Point><Point><position>6604</position><in_Quantity.quantity>0.000000</in_Quantity.quantity><out_Quantity.quantity>249.088486</out_Quantity.quantity></Point><Point><position>6605</position><in_Quantity.quantity>0.000000</in_Quantity.quantity><out_Quantity.quantity>982.712030</out_Quantity.quantity></Point><Point><position>6606</position><in_Quantity.quantity>0.000000</in_Quantity.quantity><out_Quantity.quantity>636.392607</out_Quantity.quantity></Point><Point><position>6607</position><in_Quantity.quantity>0.000000</in_Quantity.quantity><out_Quantity.quantity>155.537409</out_Quantity.quantity></Point><Point><position>6608</position><in_Quantity.quantity>0.000000</in_Quantity.quantity><out_Quantity.quantity>227.643843</out_Quantity.quantity></Point><Point><position>6609</position><in_Quantity.quantity>0.000000</in_Quantity.quantity><out_Quantity.quantity>912.974762</out_Quantity.quantity></Point><Point><position>6610</position><in_Quantity.quantity>0.000000</in_Quantity.quantity><out_Quantity.quantity>784.139548</out_Quantity.quantity></Point><Point><position>6611</position><in_Quantity.quantity>0.000000</in_Quantity.quantity><out_Quantity.quantity>573.151282</out_Quantity.quantity></Point><Point><position>6612</position><in_Quantity.quantity>0.000000</in_Quantity.quantity><out_Quantity.quantity>634.521217</out_Quantity.quantity></Point><Point><position>6613</position><in_Quantity.quantity>0.000000</in_Quantity.quantity><out_Quantity.quantity>262.888266</out_Quantity.quantity></Point><Point><position>6614</position><in_Quantity.quantity>0.000000</in_Quantity.quantity><out_Quantity.quantity>89.713704</out_Quantity.quantity></Point><Point><position>6615</position><in_Quantity.quantity>0.000000</in_Quantity.quantity><out_Quantity.quantity>182.858058</out_Quantity.quantity></Point><Point><position>6616</position><in_Quantity.quantity>0.000000</in_Quantity.quantity><out_Quantity.quantity>135.211362</out_Quantity.quantity></Point><Point><position>6617</position><in_Quantity.quantity>0.000000</in_Quantity.quantity><out_Quantity.quantity>240.196873</out_Quantity.quantity></Point><Point><position>6618</position><in_Quantity.quantity>0.000000</in_Quantity.quantity><out_Quantity.quantity>228.580280</out_Quantity.quantity></Point><Point><position>6619</position><in_Quantity.quantity>0.000000</in_Quantity.quantity><out_Quantity.quantity>344.218402</out_Quantity.quantity></Point><Point><position>6620</position><in_Quantity.quantity>0.000000</in_Quantity.quantity><out_Quantity.quantity>234.747536</out_Quantity.quantity></Point><Point><position>6621</position><in_Quantity.quantity>0.000000</in_Quantity.quantity><out_Quantity.quantity>289.540306</out_Quantity.quantity></Point><Point><position>6622</position><in_Quantity.quantity>0.000000</in_Quantity.quantity><out_Quantity.quantity>512.295398</out_Quantity.quantity></Point><Point><position>6623</position><in_Quantity.quantity>0.000000</in_Quantity.quantity><out_Quantity.quantity>491.918967</out_Quantity.quantity></Point><Point><position>6624</position><in_Quantity.quantity>0.000000</in_Quantity.quantity><out_Quantity.quantity>392.281352</out_Quantity.quantity></Point><Point><position>6625</position><in_Quantity.quantity>0.000000</in_Quantity.quantity><out_Quantity.quantity>40.114361</out_Quantity.quantity></Point><Point><position>6626</position><in_Quantity.quantity>0.000000</in_Quantity.quantity><out_Quantity.quantity>834.808498</out_Quantity.quantity></Point><Point><position>6627</position><in_Quantity.quantity>0.000000</in_Quantity.quantity><out_Quantity.quantity>981.379931</out_Quantity.quantity></Point><Point><position>6628</position><in_Quantity.quantity>0.000000</in_Quantity.quantity><out_Quantity.quantity>639.588648</out_Quantity.quantity></Point><Point><position>6629</position><in_Quantity.quantity>0.000000</in_Quantity.quantity><out_Quantity.quantity>97.391156</out_Quantity.quantity></Point><Point><position>6630</position><in_Quantity.quantity>0.000000</in_Quantity.quantity><out_Quantity.quantity>66.233070</out_Quantity.quantity></Point><Point><position>6631</position><in_Quantity.quantity>0.000000</in_Quantity.quantity><out_Quantity.quantity>523.095099</out_Quantity.quantity></Point><Point><position>6632</position><in_Quantity.quantity>0.000000</in_Quantity.quantity><out_Quantity.quantity>372.392554</out_Quantity.quantity></Point><Point><position>6633</position><in_Quantity.quantity>0.000000</in_Quantity.quantity><out_Quantity.quantity>107.957153</out_Quantity.quantity></Point><Point><position>6634</position><in_Quantity.quantity>0.000000</in_Quantity.quantity><out_Quantity.quantity>727.408509</out_Quantity.quantity></Point><Point><position>6635</position><in_Quantity.quantity>0.000000</in_Quantity.quantity><out_Quantity.quantity>739.308881</out_Quantity.quantity></Point><Point><position>6636</position><in_Quantity.quantity>0.000000</in_Quantity.quantity><out_Quantity.quantity>145.032585</out_Quantity.quantity></Point><Point><position>6637</position><in_Quantity.quantity>0.000000</in_Quantity.quantity><out_Quantity.quantity>634.393132</out_Quantity.quantity></Point><Point><position>6638</position><in_Quantity.quantity>0.000000</in_Quantity.quantity><out_Quantity.quantity>804.833679</out_Quantity.quantity></Point><Point><position>6639</position><in_Quantity.quantity>0.000000</in_Quantity.quantity><out_Quantity.quantity>220.630984</out_Quantity.quantity></Point><Point><position>6640</position><in_Quantity.quantity>0.000000</in_Quantity.quantity><out_Quantity.quantity>8.428054</out_Quantity.quantity></Point><Point><position>6641</position><in_Quantity.quantity>0.000000</in_Quantity.quantity><out_Quantity.quantity>344.313381</out_Quantity.quantity></Point><Point><position>6642</position><in_Quantity.quantity>0.000000</in_Quantity.quantity><out_Quantity.quantity>709.025908</out_Quantity.quantity></Point><Point><position>6643</position><in_Quantity.quantity>0.000000</in_Quantity.quantity><out_Quantity.quantity>571.487287</out_Quantity.quantity></Point><Point><position>6644</position><in_Quantity.quantity>0.000000</in_Quantity.quantity><out_Quantity.quantity>949.380426</out_Quantity.quantity></Point><Point><position>6645</position><in_Quantity.quantity>0.000000</in_Quantity.quantity><out_Quantity.quantity>558.156129</out_Quantity.quantity></Point><Point><position>6646</position><in_Quantity.quantity>0.000000</in_Quantity.quantity><out_Quantity.quantity>314.252767</out_Quantity.quantity></Point><Point><position>6647</position><in_Quantity.quantity>0.000000</in_Quantity.quantity><out_Quantity.quantity>114.072561</out_Quantity.quantity></Point><Point><position>6648</position><in_Quantity.quantity>0.000000</in_Quantity.quantity><out_Quantity.quantity>740.340378</out_Quantity.quantity></Point><Point><position>6649</position><in_Quantity.quantity>0.000000</in_Quantity.quantity><out_Quantity.quantity>764.261559</out_Quantity.quantity></Point><Point><position>6650</position><in_Quantity.quantity>0.000000</in_Quantity.quantity><out_Quantity.quantity>793.533595</out_Quantity.quantity></Point><Point><position>6651</position><in_Quantity.quantity>0.000000</in_Quantity.quantity><out_Quantity.quantity>399.448005</out_Quantity.quantity></Point><Point><position>6652</position><in_Quantity.quantity>0.000000</in_Quantity.quantity><out_Quantity.quantity>325.291366</out_Quantity.quantity></Point><Point><position>6653</position><in_Quantity.quantity>0.000000</in_Quantity.quantity><out_Quantity.quantity>16.948663</out_Quantity.quantity></Point><Point><position>6654</position><in_Quantity.quantity>0.000000</in_Quantity.quantity><out_Quantity.quantity>142.168558</out_Quantity.quantity></Point><Point><position>6655</position><in_Quantity.quantity>0.000000</in_Quantity.quantity><out_Quantity.quantity>536.599259</out_Quantity.quantity></Point><Point><position>6656</position><in_Quantity.quantity>0.000000</in_Quantity.quantity><out_Quantity.quantity>207.138569</out_Quantity.quantity></Point><Point><position>6657</position><in_Quantity.quantity>0.000000</in_Quantity.quantity><out_Quantity.quantity>495.878803</out_Quantity.quantity></Point><Point><position>6658</position><in_Quantity.quantity>0.000000</in_Quantity.quantity><out_Quantity.quantity>189.135432</out_Quantity.quantity></Point><Point><position>6659</position><in_Quantity.quantity>0.000000</in_Quantity.quantity><out_Quantity.quantity>415.100286</out_Quantity.quantity></Point><Point><position>6660</position><in_Quantity.quantity>0.000000</in_Quantity.quantity><out_Quantity.quantity>688.812277</out_Quantity.quantity></Point><Point><position>6661</position><in_Quantity.quantity>0.000000</in_Quantity.quantity><out_Quantity.quantity>437.454477</out_Quantity.quantity></Point><Point><position>6662</position><in_Quantity.quantity>0.000000</in_Quantity.quantity><out_Quantity.quantity>168.205577</out_Quantity.quantity></Point><Point><position>6663</position><in_Quantity.quantity>0.000000</in_Quantity.quantity><out_Quantity.quantity>418.836182</out_Quantity.quantity></Point><Point><position>6664</position><in_Quantity.quantity>0.000000</in_Quantity.quantity><out_Quantity.quantity>495.475995</out_Quantity.quantity></Point><Point><position>6665</position><in_Quantity.quantity>0.000000</in_Quantity.quantity><out_Quantity.quantity>446.048487</out_Quantity.quantity></Point><Point><position>6666</position><in_Quantity.quantity>0.000000</in_Quantity.quantity><out_Quantity.quantity>411.066488</out_Quantity.quantity></Point><Point><position>6667</position><in_Quantity.quantity>0.000000</in_Quantity.quantity><out_Quantity.quantity>683.259946</out_Quantity.quantity></Point><Point><position>6668</position><in_Quantity.quantity>0.000000</in_Quantity.quantity><out_Quantity.quantity>709.401606</out_Quantity.quantity></Point><Point><position>6669</position><in_Quantity.quantity>0.000000</in_Quantity.quantity><out_Quantity.quantity>0.821562</out_Quantity.quantity></Point><Point><position>6670</position><in_Quantity.quantity>0.000000</in_Quantity.quantity><out_Quantity.quantity>476.746870</out_Quantity.quantity></Point><Point><position>6671</position><in_Quantity.quantity>0.000000</in_Quantity.quantity><out_Quantity.quantity>606.916033</out_Quantity.quantity></Point><Point><position>6672</position><in_Quantity.quantity>0.000000</in_Quantity.quantity><out_Quantity.quantity>573.525251</out_Quantity.quantity></Point><Point><position>6673</position><in_Quantity.quantity>0.000000</in_Quantity.quantity><out_Quantity.quantity>951.680538</out_Quantity.quantity></Point><Point><position>6674</position><in_Quantity.quantity>0.000000</in_Quantity.quantity><out_Quantity.quantity>591.953608</out_Quantity.quantity></Point><Point><position>6675</position><in_Quantity.quantity>0.000000</in_Quantity.quantity><out_Quantity.quantity>32.884026</out_Quantity.quantity></Point><Point><position>6676</position><in_Quantity.quantity>0.000000</in_Quantity.quantity><out_Quantity.quantity>180.516136</out_Quantity.quantity></Point><Point><position>6677</position><in_Quantity.quantity>0.000000</in_Quantity.quantity><out_Quantity.quantity>430.349654</out_Quantity.quantity></Point><Point><position>6678</position><in_Quantity.quantity>0.000000</in_Quantity.quantity><out_Quantity.quantity>255.879635</out_Quantity.quantity></Point><Point><position>6679</position><in_Quantity.quantity>0.000000</in_Quantity.quantity><out_Quantity.quantity>154.134695</out_Quantity.quantity></Point><Point><position>6680</position><in_Quantity.quantity>0.000000</in_Quantity.quantity><out_Quantity.quantity>442.750129</out_Quantity.quantity></Point><Point><position>6681</position><in_Quantity.quantity>0.000000</in_Quantity.quantity><out_Quantity.quantity>238.625088</out_Quantity.quantity></Point><Point><position>6682</position><in_Quantity.quantity>0.000000</in_Quantity.quantity><out_Quantity.quantity>905.113744</out_Quantity.quantity></Point><Point><position>6683</position><in_Quantity.quantity>0.000000</in_Quantity.quantity><out_Quantity.quantity>552.057034</out_Quantity.quantity></Point><Point><position>6684</position><in_Quantity.quantity>0.000000</in_Quantity.quantity><out_Quantity.quantity>886.526504</out_Quantity.quantity></Point><Point><position>6685</position><in_Quantity.quantity>0.000000</in_Quantity.quantity><out_Quantity.quantity>346.284560</out_Quantity.quantity></Point><Point><position>6686</position><in_Quantity.quantity>0.000000</in_Quantity.quantity><out_Quantity.quantity>569.173347</out_Quantity.quantity></Point><Point><position>6687</position><in_Quantity.quantity>0.000000</in_Quantity.quantity><out_Quantity.quantity>376.272416</out_Quantity.quantity></Point><Point><position>6688</position><in_Quantity.quantity>0.000000</in_Quantity.quantity><out_Quantity.quantity>461.248609</out_Quantity.quantity></Point><Point><position>6689</position><in_Quantity.quantity>0.000000</in_Quantity.quantity><out_Quantity.quantity>948.987560</out_Quantity.quantity></Point><Point><position>6690</position><in_Quantity.quantity>0.000000</in_Quantity.quantity><out_Quantity.quantity>466.859120</out_Quantity.quantity></Point><Point><position>6691</position><in_Quantity.quantity>0.000000</in_Quantity.quantity><out_Quantity.quantity>47.739613</out_Quantity.quantity></Point><Point><position>6692</position><in_Quantity.quantity>0.000000</in_Quantity.quantity><out_Quantity.quantity>521.076082</out_Quantity.quantity></Point><Point><position>6693</position><in_Quantity.quantity>0.000000</in_Quantity.quantity><out_Quantity.quantity>993.247597</out_Quantity.quantity></Point><Point><position>6694</position><in_Quantity.quantity>0.000000</in_Quantity.quantity><out_Quantity.quantity>836.350389</out_Quantity.quantity></Point><Point><position>6695</position><in_Quantity.quantity>0.000000</in_Quantity.quantity><out_Quantity.quantity>572.028293</out_Quantity.quantity></Point><Point><position>6696</position><in_Quantity.quantity>0.000000</in_Quantity.quantity><out_Quantity.quantity>921.653620</out_Quantity.quantity></Point><Point><position>6697</position><in_Quantity.quantity>0.000000</in_Quantity.quantity><out_Quantity.quantity>22.940355</out_Quantity.quantity></Point><Point><position>6698</position><in_Quantity.quantity>0.000000</in_Quantity.quantity><out_Quantity.quantity>860.072567</out_Quantity.quantity></Point><Point><position>6699</position><in_Quantity.quantity>0.000000</in_Quantity.quantity><out_Quantity.quantity>390.056909</out_Quantity.quantity></Point><Point><position>6700</position><in_Quantity.quantity>0.000000</in_Quantity.quantity><out_Quantity.quantity>469.150253</out_Quantity.quantity></Point><Point><position>6701</position><in_Quantity.quantity>0.000000</in_Quantity.quantity><out_Quantity.quantity>578.253414</out_Quantity.quantity></Point><Point><position>6702</position><in_Quantity.quantity>0.000000</in_Quantity.quantity><out_Quantity.quantity>102.964012</out_Quantity.quantity></Point><Point><position>6703</position><in_Quantity.quantity>0.000000</in_Quantity.quantity><out_Quantity.quantity>736.572357</out_Quantity.quantity></Point><Point><position>6704</position><in_Quantity.quantity>0.000000</in_Quantity.quantity><out_Quantity.quantity>848.373248</out_Quantity.quantity></Point><Point><position>6705</position><in_Quantity.quantity>0.000000</in_Quantity.quantity><out_Quantity.quantity>443.461741</out_Quantity.quantity></Point><Point><position>6706</position><in_Quantity.quantity>0.000000</in_Quantity.quantity><out_Quantity.quantity>249.689523</out_Quantity.quantity></Point><Point><position>6707</position><in_Quantity.quantity>0.000000</in_Quantity.quantity><out_Quantity.quantity>27.258104</out_Quantity.quantity></Point><Point><position>6708</position><in_Quantity.quantity>0.000000</in_Quantity.quantity><out_Quantity.quantity>943.674692</out_Quantity.quantity></Point><Point><position>6709</position><in_Quantity.quantity>0.000000</in_Quantity.quantity><out_Quantity.quantity>121.482024</out_Quantity.quantity></Point><Point><position>6710</position><in_Quantity.quantity>0.000000</in_Quantity.quantity><out_Quantity.quantity>335.006933</out_Quantity.quantity></Point><Point><position>6711</position><in_Quantity.quantity>0.000000</in_Quantity.quantity><out_Quantity.quantity>647.931432</out_Quantity.quantity></Point><Point><position>6712</position><in_Quantity.quantity>0.000000</in_Quantity.quantity><out_Quantity.quantity>215.776289</out_Quantity.quantity></Point><Point><position>6713</position><in_Quantity.quantity>0.000000</in_Quantity.quantity><out_Quantity.quantity>324.723502</out_Quantity.quantity></Point><Point><position>6714</position><in_Quantity.quantity>0.000000</in_Quantity.quantity><out_Quantity.quantity>921.522588</out_Quantity.quantity></Point><Point><position>6715</position><in_Quantity.quantity>0.000000</in_Quantity.quantity><out_Quantity.quantity>880.809937</out_Quantity.quantity></Point><Point><position>6716</position><in_Quantity.quantity>0.000000</in_Quantity.quantity><out_Quantity.quantity>299.548789</out_Quantity.quantity></Point><Point><position>6717</position><in_Quantity.quantity>0.000000</in_Quantity.quantity><out_Quantity.quantity>769.552353</out_Quantity.quantity></Point><Point><position>6718</position><in_Quantity.quantity>0.000000</in_Quantity.quantity><out_Quantity.quantity>142.475478</out_Quantity.quantity></Point><Point><position>6719</position><in_Quantity.quantity>0.000000</in_Quantity.quantity><out_Quantity.quantity>794.642379</out_Quantity.quantity></Point><Point><position>6720</position><in_Quantity.quantity>0.000000</in_Quantity.quantity><out_Quantity.quantity>790.861320</out_Quantity.quantity></Point><Point><position>6721</position><in_Quantity.quantity>0.000000</in_Quantity.quantity><out_Quantity.quantity>751.716781</out_Quantity.quantity></Point><Point><position>6722</position><in_Quantity.quantity>0.000000</in_Quantity.quantity><out_Quantity.quantity>668.576711</out_Quantity.quantity></Point><Point><position>6723</position><in_Quantity.quantity>0.000000</in_Quantity.quantity><out_Quantity.quantity>290.723737</out_Quantity.quantity></Point><Point><position>6724</position><in_Quantity.quantity>0.000000</in_Quantity.quantity><out_Quantity.quantity>651.503051</out_Quantity.quantity></Point><Point><position>6725</position><in_Quantity.quantity>0.000000</in_Quantity.quantity><out_Quantity.quantity>230.023800</out_Quantity.quantity></Point><Point><position>6726</position><in_Quantity.quantity>0.000000</in_Quantity.quantity><out_Quantity.quantity>368.909118</out_Quantity.quantity></Point><Point><position>6727</position><in_Quantity.quantity>0.000000</in_Quantity.quantity><out_Quantity.quantity>190.519099</out_Quantity.quantity></Point><Point><position>6728</position><in_Quantity.quantity>0.000000</in_Quantity.quantity><out_Quantity.quantity>937.518577</out_Quantity.quantity></Point><Point><position>6729</position><in_Quantity.quantity>0.000000</in_Quantity.quantity><out_Quantity.quantity>291.762292</out_Quantity.quantity></Point><Point><position>6730</position><in_Quantity.quantity>0.000000</in_Quantity.quantity><out_Quantity.quantity>775.504350</out_Quantity.quantity></Point><Point><position>6731</position><in_Quantity.quantity>0.000000</in_Quantity.quantity><out_Quantity.quantity>478.213274</out_Quantity.quantity></Point><Point><position>6732</position><in_Quantity.quantity>0.000000</in_Quantity.quantity><out_Quantity.quantity>683.332362</out_Quantity.quantity></Point><Point><position>6733</position><in_Quantity.quantity>0.000000</in_Quantity.quantity><out_Quantity.quantity>15.178862</out_Quantity.quantity></Point><Point><position>6734</position><in_Quantity.quantity>0.000000</in_Quantity.quantity><out_Quantity.quantity>612.842916</out_Quantity.quantity></Point><Point><position>6735</position><in_Quantity.quantity>0.000000</in_Quantity.quantity><out_Quantity.quantity>988.135546</out_Quantity.quantity></Point><Point><position>6736</position><in_Quantity.quantity>0.000000</in_Quantity.quantity><out_Quantity.quantity>319.270852</out_Quantity.quantity></Point><Point><position>6737</position><in_Quantity.quantity>0.000000</in_Quantity.quantity><out_Quantity.quantity>858.896902</out_Quantity.quantity></Point><Point><position>6738</position><in_Quantity.quantity>0.000000</in_Quantity.quantity><out_Quantity.quantity>777.574937</out_Quantity.quantity></Point><Point><position>6739</position><in_Quantity.quantity>0.000000</in_Quantity.quantity><out_Quantity.quantity>47.489652</out_Quantity.quantity></Point><Point><position>6740</position><in_Quantity.quantity>0.000000</in_Quantity.quantity><out_Quantity.quantity>774.366946</out_Quantity.quantity></Point><Point><position>6741</position><in_Quantity.quantity>0.000000</in_Quantity.quantity><out_Quantity.quantity>152.964886</out_Quantity.quantity></Point><Point><position>6742</position><in_Quantity.quantity>0.000000</in_Quantity.quantity><out_Quantity.quantity>88.501519</out_Quantity.quantity></Point><Point><position>6743</position><in_Quantity.quantity>0.000000</in_Quantity.quantity><out_Quantity.quantity>875.802360</out_Quantity.quantity></Point><Point><position>6744</position><in_Quantity.quantity>0.000000</in_Quantity.quantity><out_Quantity.quantity>491.514004</out_Quantity.quantity></Point><Point><position>6745</position><in_Quantity.quantity>0.000000</in_Quantity.quantity><out_Quantity.quantity>64.436305</out_Quantity.quantity></Point><Point><position>6746</position><in_Quantity.quantity>0.000000</in_Quantity.quantity><out_Quantity.quantity>807.899164</out_Quantity.quantity></Point><Point><position>6747</position><in_Quantity.quantity>0.000000</in_Quantity.quantity><out_Quantity.quantity>601.268876</out_Quantity.quantity></Point><Point><position>6748</position><in_Quantity.quantity>0.000000</in_Quantity.quantity><out_Quantity.quantity>284.439492</out_Quantity.quantity></Point><Point><position>6749</position><in_Quantity.quantity>0.000000</in_Quantity.quantity><out_Quantity.quantity>142.194954</out_Quantity.quantity></Point><Point><position>6750</position><in_Quantity.quantity>0.000000</in_Quantity.quantity><out_Quantity.quantity>643.746815</out_Quantity.quantity></Point><Point><position>6751</position><in_Quantity.quantity>0.000000</in_Quantity.quantity><out_Quantity.quantity>210.456037</out_Quantity.quantity></Point><Point><position>6752</position><in_Quantity.quantity>0.000000</in_Quantity.quantity><out_Quantity.quantity>613.601174</out_Quantity.quantity></Point><Point><position>6753</position><in_Quantity.quantity>0.000000</in_Quantity.quantity><out_Quantity.quantity>147.538106</out_Quantity.quantity></Point><Point><position>6754</position><in_Quantity.quantity>0.000000</in_Quantity.quantity><out_Quantity.quantity>543.587642</out_Quantity.quantity></Point><Point><position>6755</position><in_Quantity.quantity>0.000000</in_Quantity.quantity><out_Quantity.quantity>174.174199</out_Quantity.quantity></Point><Point><position>6756</position><in_Quantity.quantity>0.000000</in_Quantity.quantity><out_Quantity.quantity>318.215030</out_Quantity.quantity></Point><Point><position>6757</position><in_Quantity.quantity>0.000000</in_Quantity.quantity><out_Quantity.quantity>648.865411</out_Quantity.quantity></Point><Point><position>6758</position><in_Quantity.quantity>0.000000</in_Quantity.quantity><out_Quantity.quantity>139.347230</out_Quantity.quantity></Point><Point><position>6759</position><in_Quantity.quantity>0.000000</in_Quantity.quantity><out_Quantity.quantity>549.866900</out_Quantity.quantity></Point><Point><position>6760</position><in_Quantity.quantity>0.000000</in_Quantity.quantity><out_Quantity.quantity>10.405510</out_Quantity.quantity></Point><Point><position>6761</position><in_Quantity.quantity>0.000000</in_Quantity.quantity><out_Quantity.quantity>997.973023</out_Quantity.quantity></Point><Point><position>6762</position><in_Quantity.quantity>0.000000</in_Quantity.quantity><out_Quantity.quantity>396.724466</out_Quantity.quantity></Point><Point><position>6763</position><in_Quantity.quantity>0.000000</in_Quantity.quantity><out_Quantity.quantity>997.481798</out_Quantity.quantity></Point><Point><position>6764</position><in_Quantity.quantity>0.000000</in_Quantity.quantity><out_Quantity.quantity>632.738085</out_Quantity.quantity></Point><Point><position>6765</position><in_Quantity.quantity>0.000000</in_Quantity.quantity><out_Quantity.quantity>722.138291</out_Quantity.quantity></Point><Point><position>6766</position><in_Quantity.quantity>0.000000</in_Quantity.quantity><out_Quantity.quantity>317.039424</out_Quantity.quantity></Point><Point><position>6767</position><in_Quantity.quantity>0.000000</in_Quantity.quantity><out_Quantity.quantity>316.680780</out_Quantity.quantity></Point><Point><position>6768</position><in_Quantity.quantity>0.000000</in_Quantity.quantity><out_Quantity.quantity>667.957248</out_Quantity.quantity></Point><Point><position>6769</position><in_Quantity.quantity>0.000000</in_Quantity.quantity><out_Quantity.quantity>339.039049</out_Quantity.quantity></Point><Point><position>6770</position><in_Quantity.quantity>0.000000</in_Quantity.quantity><out_Quantity.quantity>318.879983</out_Quantity.quantity></Point><Point><position>6771</position><in_Quantity.quantity>0.000000</in_Quantity.quantity><out_Quantity.quantity>998.332787</out_Quantity.quantity></Point><Point><position>6772</position><in_Quantity.quantity>0.000000</in_Quantity.quantity><out_Quantity.quantity>126.514728</out_Quantity.quantity></Point><Point><position>6773</position><in_Quantity.quantity>0.000000</in_Quantity.quantity><out_Quantity.quantity>313.198383</out_Quantity.quantity></Point><Point><position>6774</position><in_Quantity.quantity>0.000000</in_Quantity.quantity><out_Quantity.quantity>366.437410</out_Quantity.quantity></Point><Point><position>6775</position><in_Quantity.quantity>0.000000</in_Quantity.quantity><out_Quantity.quantity>88.020670</out_Quantity.quantity></Point><Point><position>6776</position><in_Quantity.quantity>0.000000</in_Quantity.quantity><out_Quantity.quantity>424.018629</out_Quantity.quantity></Point><Point><position>6777</position><in_Quantity.quantity>0.000000</in_Quantity.quantity><out_Quantity.quantity>524.071809</out_Quantity.quantity></Point><Point><position>6778</position><in_Quantity.quantity>0.000000</in_Quantity.quantity><out_Quantity.quantity>144.549101</out_Quantity.quantity></Point><Point><position>6779</position><in_Quantity.quantity>0.000000</in_Quantity.quantity><out_Quantity.quantity>192.656399</out_Quantity.quantity></Point><Point><position>6780</position><in_Quantity.quantity>0.000000</in_Quantity.quantity><out_Quantity.quantity>360.812009</out_Quantity.quantity></Point><Point><position>6781</position><in_Quantity.quantity>0.000000</in_Quantity.quantity><out_Quantity.quantity>987.424891</out_Quantity.quantity></Point><Point><position>6782</position><in_Quantity.quantity>0.000000</in_Quantity.quantity><out_Quantity.quantity>466.875041</out_Quantity.quantity></Point><Point><position>6783</position><in_Quantity.quantity>0.000000</in_Quantity.quantity><out_Quantity.quantity>509.572437</out_Quantity.quantity></Point><Point><position>6784</position><in_Quantity.quantity>0.000000</in_Quantity.quantity><out_Quantity.quantity>231.567813</out_Quantity.quantity></Point><Point><position>6785</position><in_Quantity.quantity>0.000000</in_Quantity.quantity><out_Quantity.quantity>149.374915</out_Quantity.quantity></Point><Point><position>6786</position><in_Quantity.quantity>0.000000</in_Quantity.quantity><out_Quantity.quantity>503.056861</out_Quantity.quantity></Point><Point><position>6787</position><in_Quantity.quantity>0.000000</in_Quantity.quantity><out_Quantity.quantity>224.528839</out_Quantity.quantity></Point><Point><position>6788</position><in_Quantity.quantity>0.000000</in_Quantity.quantity><out_Quantity.quantity>293.514470</out_Quantity.quantity></Point><Point><position>6789</position><in_Quantity.quantity>0.000000</in_Quantity.quantity><out_Quantity.quantity>700.467071</out_Quantity.quantity></Point><Point><position>6790</position><in_Quantity.quantity>0.000000</in_Quantity.quantity><out_Quantity.quantity>837.636345</out_Quantity.quantity></Point><Point><position>6791</position><in_Quantity.quantity>0.000000</in_Quantity.quantity><out_Quantity.quantity>401.169329</out_Quantity.quantity></Point><Point><position>6792</position><in_Quantity.quantity>0.000000</in_Quantity.quantity><out_Quantity.quantity>785.962659</out_Quantity.quantity></Point><Point><position>6793</position><in_Quantity.quantity>0.000000</in_Quantity.quantity><out_Quantity.quantity>126.707214</out_Quantity.quantity></Point><Point><position>6794</position><in_Quantity.quantity>0.000000</in_Quantity.quantity><out_Quantity.quantity>760.192214</out_Quantity.quantity></Point><Point><position>6795</position><in_Quantity.quantity>0.000000</in_Quantity.quantity><out_Quantity.quantity>37.288290</out_Quantity.quantity></Point><Point><position>6796</position><in_Quantity.quantity>0.000000</in_Quantity.quantity><out_Quantity.quantity>494.885551</out_Quantity.quantity></Point><Point><position>6797</position><in_Quantity.quantity>0.000000</in_Quantity.quantity><out_Quantity.quantity>587.219396</out_Quantity.quantity></Point><Point><position>6798</position><in_Quantity.quantity>0.000000</in_Quantity.quantity><out_Quantity.quantity>890.203333</out_Quantity.quantity></Point><Point><position>6799</position><in_Quantity.quantity>0.000000</in_Quantity.quantity><out_Quantity.quantity>448.006768</out_Quantity.quantity></Point><Point><position>6800</position><in_Quantity.quantity>0.000000</in_Quantity.quantity><out_Quantity.quantity>144.675198</out_Quantity.quantity></Point><Point><position>6801</position><in_Quantity.quantity>0.000000</in_Quantity.quantity><out_Quantity.quantity>273.277377</out_Quantity.quantity></Point><Point><position>6802</position><in_Quantity.quantity>0.000000</in_Quantity.quantity><out_Quantity.quantity>573.006749</out_Quantity.quantity></Point><Point><position>6803</position><in_Quantity.quantity>0.000000</in_Quantity.quantity><out_Quantity.quantity>831.862617</out_Quantity.quantity></Point><Point><position>6804</position><in_Quantity.quantity>0.000000</in_Quantity.quantity><out_Quantity.quantity>907.599151</out_Quantity.quantity></Point><Point><position>6805</position><in_Quantity.quantity>0.000000</in_Quantity.quantity><out_Quantity.quantity>808.183083</out_Quantity.quantity></Point><Point><position>6806</position><in_Quantity.quantity>0.000000</in_Quantity.quantity><out_Quantity.quantity>352.052813</out_Quantity.quantity></Point><Point><position>6807</position><in_Quantity.quantity>0.000000</in_Quantity.quantity><out_Quantity.quantity>202.418144</out_Quantity.quantity></Point><Point><position>6808</position><in_Quantity.quantity>0.000000</in_Quantity.quantity><out_Quantity.quantity>600.086985</out_Quantity.quantity></Point><Point><position>6809</position><in_Quantity.quantity>0.000000</in_Quantity.quantity><out_Quantity.quantity>35.034416</out_Quantity.quantity></Point><Point><position>6810</position><in_Quantity.quantity>0.000000</in_Quantity.quantity><out_Quantity.quantity>808.982510</out_Quantity.quantity></Point><Point><position>6811</position><in_Quantity.quantity>0.000000</in_Quantity.quantity><out_Quantity.quantity>980.376521</out_Quantity.quantity></Point><Point><position>6812</position><in_Quantity.quantity>0.000000</in_Quantity.quantity><out_Quantity.quantity>899.279260</out_Quantity.quantity></Point><Point><position>6813</position><in_Quantity.quantity>0.000000</in_Quantity.quantity><out_Quantity.quantity>880.765630</out_Quantity.quantity></Point><Point><position>6814</position><in_Quantity.quantity>0.000000</in_Quantity.quantity><out_Quantity.quantity>418.849731</out_Quantity.quantity></Point><Point><position>6815</position><in_Quantity.quantity>0.000000</in_Quantity.quantity><out_Quantity.quantity>637.934003</out_Quantity.quantity></Point><Point><position>6816</position><in_Quantity.quantity>0.000000</in_Quantity.quantity><out_Quantity.quantity>727.277321</out_Quantity.quantity></Point><Point><position>6817</position><in_Quantity.quantity>0.000000</in_Quantity.quantity><out_Quantity.quantity>631.902421</out_Quantity.quantity></Point><Point><position>6818</position><in_Quantity.quantity>0.000000</in_Quantity.quantity><out_Quantity.quantity>668.100531</out_Quantity.quantity></Point><Point><position>6819</position><in_Quantity.quantity>0.000000</in_Quantity.quantity><out_Quantity.quantity>305.336552</out_Quantity.quantity></Point><Point><position>6820</position><in_Quantity.quantity>0.000000</in_Quantity.quantity><out_Quantity.quantity>312.958610</out_Quantity.quantity></Point><Point><position>6821</position><in_Quantity.quantity>0.000000</in_Quantity.quantity><out_Quantity.quantity>397.670429</out_Quantity.quantity></Point><Point><position>6822</position><in_Quantity.quantity>0.000000</in_Quantity.quantity><out_Quantity.quantity>483.835200</out_Quantity.quantity></Point><Point><position>6823</position><in_Quantity.quantity>0.000000</in_Quantity.quantity><out_Quantity.quantity>309.930797</out_Quantity.quantity></Point><Point><position>6824</position><in_Quantity.quantity>0.000000</in_Quantity.quantity><out_Quantity.quantity>151.932677</out_Quantity.quantity></Point><Point><position>6825</position><in_Quantity.quantity>0.000000</in_Quantity.quantity><out_Quantity.quantity>556.368884</out_Quantity.quantity></Point><Point><position>6826</position><in_Quantity.quantity>0.000000</in_Quantity.quantity><out_Quantity.quantity>184.635658</out_Quantity.quantity></Point><Point><position>6827</position><in_Quantity.quantity>0.000000</in_Quantity.quantity><out_Quantity.quantity>721.788519</out_Quantity.quantity></Point><Point><position>6828</position><in_Quantity.quantity>0.000000</in_Quantity.quantity><out_Quantity.quantity>904.401971</out_Quantity.quantity></Point><Point><position>6829</position><in_Quantity.quantity>0.000000</in_Quantity.quantity><out_Quantity.quantity>364.306674</out_Quantity.quantity></Point><Point><position>6830</position><in_Quantity.quantity>0.000000</in_Quantity.quantity><out_Quantity.quantity>430.986385</out_Quantity.quantity></Point><Point><position>6831</position><in_Quantity.quantity>0.000000</in_Quantity.quantity><out_Quantity.quantity>131.907812</out_Quantity.quantity></Point><Point><position>6832</position><in_Quantity.quantity>0.000000</in_Quantity.quantity><out_Quantity.quantity>888.209074</out_Quantity.quantity></Point><Point><position>6833</position><in_Quantity.quantity>0.000000</in_Quantity.quantity><out_Quantity.quantity>240.281616</out_Quantity.quantity></Point><Point><position>6834</position><in_Quantity.quantity>0.000000</in_Quantity.quantity><out_Quantity.quantity>608.532550</out_Quantity.quantity></Point><Point><position>6835</position><in_Quantity.quantity>0.000000</in_Quantity.quantity><out_Quantity.quantity>874.246694</out_Quantity.quantity></Point><Point><position>6836</position><in_Quantity.quantity>0.000000</in_Quantity.quantity><out_Quantity.quantity>342.140316</out_Quantity.quantity></Point><Point><position>6837</position><in_Quantity.quantity>0.000000</in_Quantity.quantity><out_Quantity.quantity>203.055574</out_Quantity.quantity></Point><Point><position>6838</position><in_Quantity.quantity>0.000000</in_Quantity.quantity><out_Quantity.quantity>730.085838</out_Quantity.quantity></Point><Point><position>6839</position><in_Quantity.quantity>0.000000</in_Quantity.quantity><out_Quantity.quantity>247.039691</out_Quantity.quantity></Point><Point><position>6840</position><in_Quantity.quantity>0.000000</in_Quantity.quantity><out_Quantity.quantity>85.698886</out_Quantity.quantity></Point><Point><position>6841</position><in_Quantity.quantity>0.000000</in_Quantity.quantity><out_Quantity.quantity>209.492985</out_Quantity.quantity></Point><Point><position>6842</position><in_Quantity.quantity>0.000000</in_Quantity.quantity><out_Quantity.quantity>220.243521</out_Quantity.quantity></Point><Point><position>6843</position><in_Quantity.quantity>0.000000</in_Quantity.quantity><out_Quantity.quantity>484.013029</out_Quantity.quantity></Point><Point><position>6844</position><in_Quantity.quantity>0.000000</in_Quantity.quantity><out_Quantity.quantity>444.355022</out_Quantity.quantity></Point><Point><position>6845</position><in_Quantity.quantity>0.000000</in_Quantity.quantity><out_Quantity.quantity>268.111753</out_Quantity.quantity></Point><Point><position>6846</position><in_Quantity.quantity>0.000000</in_Quantity.quantity><out_Quantity.quantity>155.799566</out_Quantity.quantity></Point><Point><position>6847</position><in_Quantity.quantity>0.000000</in_Quantity.quantity><out_Quantity.quantity>987.770961</out_Quantity.quantity></Point><Point><position>6848</position><in_Quantity.quantity>0.000000</in_Quantity.quantity><out_Quantity.quantity>513.361741</out_Quantity.quantity></Point><Point><position>6849</position><in_Quantity.quantity>0.000000</in_Quantity.quantity><out_Quantity.quantity>396.532494</out_Quantity.quantity></Point><Point><position>6850</position><in_Quantity.quantity>0.000000</in_Quantity.quantity><out_Quantity.quantity>199.567173</out_Quantity.quantity></Point><Point><position>6851</position><in_Quantity.quantity>0.000000</in_Quantity.quantity><out_Quantity.quantity>833.168873</out_Quantity.quantity></Point><Point><position>6852</position><in_Quantity.quantity>0.000000</in_Quantity.quantity><out_Quantity.quantity>304.283309</out_Quantity.quantity></Point><Point><position>6853</position><in_Quantity.quantity>0.000000</in_Quantity.quantity><out_Quantity.quantity>368.388545</out_Quantity.quantity></Point><Point><position>6854</position><in_Quantity.quantity>0.000000</in_Quantity.quantity><out_Quantity.quantity>554.177711</out_Quantity.quantity></Point><Point><position>6855</position><in_Quantity.quantity>0.000000</in_Quantity.quantity><out_Quantity.quantity>489.440933</out_Quantity.quantity></Point><Point><position>6856</position><in_Quantity.quantity>0.000000</in_Quantity.quantity><out_Quantity.quantity>828.623033</out_Quantity.quantity></Point><Point><position>6857</position><in_Quantity.quantity>0.000000</in_Quantity.quantity><out_Quantity.quantity>612.919435</out_Quantity.quantity></Point><Point><position>6858</position><in_Quantity.quantity>0.000000</in_Quantity.quantity><out_Quantity.quantity>32.319792</out_Quantity.quantity></Point><Point><position>6859</position><in_Quantity.quantity>0.000000</in_Quantity.quantity><out_Quantity.quantity>517.461297</out_Quantity.quantity></Point><Point><position>6860</position><in_Quantity.quantity>0.000000</in_Quantity.quantity><out_Quantity.quantity>721.322623</out_Quantity.quantity></Point><Point><position>6861</position><in_Quantity.quantity>0.000000</in_Quantity.quantity><out_Quantity.quantity>981.361093</out_Quantity.quantity></Point><Point><position>6862</position><in_Quantity.quantity>0.000000</in_Quantity.quantity><out_Quantity.quantity>717.956627</out_Quantity.quantity></Point><Point><position>6863</position><in_Quantity.quantity>0.000000</in_Quantity.quantity><out_Quantity.quantity>293.734826</out_Quantity.quantity></Point><Point><position>6864</position><in_Quantity.quantity>0.000000</in_Quantity.quantity><out_Quantity.quantity>817.139691</out_Quantity.quantity></Point><Point><position>6865</position><in_Quantity.quantity>0.000000</in_Quantity.quantity><out_Quantity.quantity>808.454940</out_Quantity.quantity></Point><Point><position>6866</position><in_Quantity.quantity>0.000000</in_Quantity.quantity><out_Quantity.quantity>760.790287</out_Quantity.quantity></Point><Point><position>6867</position><in_Quantity.quantity>0.000000</in_Quantity.quantity><out_Quantity.quantity>396.916872</out_Quantity.quantity></Point><Point><position>6868</position><in_Quantity.quantity>0.000000</in_Quantity.quantity><out_Quantity.quantity>720.629700</out_Quantity.quantity></Point><Point><position>6869</position><in_Quantity.quantity>0.000000</in_Quantity.quantity><out_Quantity.quantity>379.858628</out_Quantity.quantity></Point><Point><position>6870</position><in_Quantity.quantity>0.000000</in_Quantity.quantity><out_Quantity.quantity>601.593114</out_Quantity.quantity></Point><Point><position>6871</position><in_Quantity.quantity>0.000000</in_Quantity.quantity><out_Quantity.quantity>403.062557</out_Quantity.quantity></Point><Point><position>6872</position><in_Quantity.quantity>0.000000</in_Quantity.quantity><out_Quantity.quantity>962.081271</out_Quantity.quantity></Point><Point><position>6873</position><in_Quantity.quantity>0.000000</in_Quantity.quantity><out_Quantity.quantity>250.061967</out_Quantity.quantity></Point><Point><position>6874</position><in_Quantity.quantity>0.000000</in_Quantity.quantity><out_Quantity.quantity>210.763895</out_Quantity.quantity></Point><Point><position>6875</position><in_Quantity.quantity>0.000000</in_Quantity.quantity><out_Quantity.quantity>525.267325</out_Quantity.quantity></Point><Point><position>6876</position><in_Quantity.quantity>0.000000</in_Quantity.quantity><out_Quantity.quantity>538.002881</out_Quantity.quantity></Point><Point><position>6877</position><in_Quantity.quantity>0.000000</in_Quantity.quantity><out_Quantity.quantity>339.537080</out_Quantity.quantity></Point><Point><position>6878</position><in_Quantity.quantity>0.000000</in_Quantity.quantity><out_Quantity.quantity>406.615899</out_Quantity.quantity></Point><Point><position>6879</position><in_Quantity.quantity>0.000000</in_Quantity.quantity><out_Quantity.quantity>668.101386</out_Quantity.quantity></Point><Point><position>6880</position><in_Quantity.quantity>0.000000</in_Quantity.quantity><out_Quantity.quantity>215.837474</out_Quantity.quantity></Point><Point><position>6881</position><in_Quantity.quantity>0.000000</in_Quantity.quantity><out_Quantity.quantity>619.689575</out_Quantity.quantity></Point><Point><position>6882</position><in_Quantity.quantity>0.000000</in_Quantity.quantity><out_Quantity.quantity>291.492831</out_Quantity.quantity></Point><Point><position>6883</position><in_Quantity.quantity>0.000000</in_Quantity.quantity><out_Quantity.quantity>152.582251</out_Quantity.quantity></Point><Point><position>6884</position><in_Quantity.quantity>0.000000</in_Quantity.quantity><out_Quantity.quantity>284.711810</out_Quantity.quantity></Point><Point><position>6885</position><in_Quantity.quantity>0.000000</in_Quantity.quantity><out_Quantity.quantity>2.772185</out_Quantity.quantity></Point><Point><position>6886</position><in_Quantity.quantity>0.000000</in_Quantity.quantity><out_Quantity.quantity>439.340885</out_Quantity.quantity></Point><Point><position>6887</position><in_Quantity.quantity>0.000000</in_Quantity.quantity><out_Quantity.quantity>594.596659</out_Quantity.quantity></Point><Point><position>6888</position><in_Quantity.quantity>0.000000</in_Quantity.quantity><out_Quantity.quantity>982.215949</out_Quantity.quantity></Point><Point><position>6889</position><in_Quantity.quantity>0.000000</in_Quantity.quantity><out_Quantity.quantity>546.441921</out_Quantity.quantity></Point><Point><position>6890</position><in_Quantity.quantity>0.000000</in_Quantity.quantity><out_Quantity.quantity>582.253929</out_Quantity.quantity></Point><Point><position>6891</position><in_Quantity.quantity>0.000000</in_Quantity.quantity><out_Quantity.quantity>57.980781</out_Quantity.quantity></Point><Point><position>6892</position><in_Quantity.quantity>0.000000</in_Quantity.quantity><out_Quantity.quantity>150.541998</out_Quantity.quantity></Point><Point><position>6893</position><in_Quantity.quantity>0.000000</in_Quantity.quantity><out_Quantity.quantity>815.516119</out_Quantity.quantity></Point><Point><position>6894</position><in_Quantity.quantity>0.000000</in_Quantity.quantity><out_Quantity.quantity>930.209884</out_Quantity.quantity></Point><Point><position>6895</position><in_Quantity.quantity>0.000000</in_Quantity.quantity><out_Quantity.quantity>304.645874</out_Quantity.quantity></Point><Point><position>6896</position><in_Quantity.quantity>0.000000</in_Quantity.quantity><out_Quantity.quantity>86.122570</out_Quantity.quantity></Point><Point><position>6897</position><in_Quantity.quantity>0.000000</in_Quantity.quantity><out_Quantity.quantity>599.081927</out_Quantity.quantity></Point><Point><position>6898</position><in_Quantity.quantity>0.000000</in_Quantity.quantity><out_Quantity.quantity>906.087216</out_Quantity.quantity></Point><Point><position>6899</position><in_Quantity.quantity>0.000000</in_Quantity.quantity><out_Quantity.quantity>571.672731</out_Quantity.quantity></Point><Point><position>6900</position><in_Quantity.quantity>0.000000</in_Quantity.quantity><out_Quantity.quantity>99.482136</out_Quantity.quantity></Point><Point><position>6901</position><in_Quantity.quantity>0.000000</in_Quantity.quantity><out_Quantity.quantity>466.757178</out_Quantity.quantity></Point><Point><position>6902</position><in_Quantity.quantity>0.000000</in_Quantity.quantity><out_Quantity.quantity>860.925346</out_Quantity.quantity></Point><Point><position>6903</position><in_Quantity.quantity>0.000000</in_Quantity.quantity><out_Quantity.quantity>530.554526</out_Quantity.quantity></Point><Point><position>6904</position><in_Quantity.quantity>0.000000</in_Quantity.quantity><out_Quantity.quantity>935.036775</out_Quantity.quantity></Point><Point><position>6905</position><in_Quantity.quantity>0.000000</in_Quantity.quantity><out_Quantity.quantity>82.920267</out_Quantity.quantity></Point><Point><position>6906</position><in_Quantity.quantity>0.000000</in_Quantity.quantity><out_Quantity.quantity>976.067151</out_Quantity.quantity></Point><Point><position>6907</position><in_Quantity.quantity>0.000000</in_Quantity.quantity><out_Quantity.quantity>778.300961</out_Quantity.quantity></Point><Point><position>6908</position><in_Quantity.quantity>0.000000</in_Quantity.quantity><out_Quantity.quantity>165.356920</out_Quantity.quantity></Point><Point><position>6909</position><in_Quantity.quantity>0.000000</in_Quantity.quantity><out_Quantity.quantity>964.162800</out_Quantity.quantity></Point><Point><position>6910</position><in_Quantity.quantity>0.000000</in_Quantity.quantity><out_Quantity.quantity>141.528304</out_Quantity.quantity></Point><Point><position>6911</position><in_Quantity.quantity>0.000000</in_Quantity.quantity><out_Quantity.quantity>60.559851</out_Quantity.quantity></Point><Point><position>6912</position><in_Quantity.quantity>0.000000</in_Quantity.quantity><out_Quantity.quantity>447.781732</out_Quantity.quantity></Point><Point><position>6913</position><in_Quantity.quantity>0.000000</in_Quantity.quantity><out_Quantity.quantity>426.071841</out_Quantity.quantity></Point><Point><position>6914</position><in_Quantity.quantity>0.000000</in_Quantity.quantity><out_Quantity.quantity>381.784346</out_Quantity.quantity></Point><Point><position>6915</position><in_Quantity.quantity>0.000000</in_Quantity.quantity><out_Quantity.quantity>886.731387</out_Quantity.quantity></Point><Point><position>6916</position><in_Quantity.quantity>0.000000</in_Quantity.quantity><out_Quantity.quantity>912.303730</out_Quantity.quantity></Point><Point><position>6917</position><in_Quantity.quantity>0.000000</in_Quantity.quantity><out_Quantity.quantity>814.497352</out_Quantity.quantity></Point><Point><position>6918</position><in_Quantity.quantity>0.000000</in_Quantity.quantity><out_Quantity.quantity>403.147766</out_Quantity.quantity></Point><Point><position>6919</position><in_Quantity.quantity>0.000000</in_Quantity.quantity><out_Quantity.quantity>452.041344</out_Quantity.quantity></Point><Point><position>6920</position><in_Quantity.quantity>0.000000</in_Quantity.quantity><out_Quantity.quantity>149.245033</out_Quantity.quantity></Point><Point><position>6921</position><in_Quantity.quantity>0.000000</in_Quantity.quantity><out_Quantity.quantity>603.359833</out_Quantity.quantity></Point><Point><position>6922</position><in_Quantity.quantity>0.000000</in_Quantity.quantity><out_Quantity.quantity>914.940768</out_Quantity.quantity></Point><Point><position>6923</position><in_Quantity.quantity>0.000000</in_Quantity.quantity><out_Quantity.quantity>822.182485</out_Quantity.quantity></Point><Point><position>6924</position><in_Quantity.quantity>0.000000</in_Quantity.quantity><out_Quantity.quantity>576.614080</out_Quantity.quantity></Point><Point><position>6925</position><in_Quantity.quantity>0.000000</in_Quantity.quantity><out_Quantity.quantity>547.865164</out_Quantity.quantity></Point><Point><position>6926</position><in_Quantity.quantity>0.000000</in_Quantity.quantity><out_Quantity.quantity>289.623963</out_Quantity.quantity></Point><Point><position>6927</position><in_Quantity.quantity>0.000000</in_Quantity.quantity><out_Quantity.quantity>968.472967</out_Quantity.quantity></Point><Point><position>6928</position><in_Quantity.quantity>0.000000</in_Quantity.quantity><out_Quantity.quantity>429.939019</out_Quantity.quantity></Point><Point><position>6929</position><in_Quantity.quantity>0.000000</in_Quantity.quantity><out_Quantity.quantity>203.887334</out_Quantity.quantity></Point><Point><position>6930</position><in_Quantity.quantity>0.000000</in_Quantity.quantity><out_Quantity.quantity>717.199209</out_Quantity.quantity></Point><Point><position>6931</position><in_Quantity.quantity>0.000000</in_Quantity.quantity><out_Quantity.quantity>551.341173</out_Quantity.quantity></Point><Point><position>6932</position><in_Quantity.quantity>0.000000</in_Quantity.quantity><out_Quantity.quantity>10.659042</out_Quantity.quantity></Point><Point><position>6933</position><in_Quantity.quantity>0.000000</in_Quantity.quantity><out_Quantity.quantity>908.562872</out_Quantity.quantity></Point><Point><position>6934</position><in_Quantity.quantity>0.000000</in_Quantity.quantity><out_Quantity.quantity>525.460412</out_Quantity.quantity></Point><Point><position>6935</position><in_Quantity.quantity>0.000000</in_Quantity.quantity><out_Quantity.quantity>479.790313</out_Quantity.quantity></Point><Point><position>6936</position><in_Quantity.quantity>0.000000</in_Quantity.quantity><out_Quantity.quantity>808.066600</out_Quantity.quantity></Point><Point><position>6937</position><in_Quantity.quantity>0.000000</in_Quantity.quantity><out_Quantity.quantity>886.615748</out_Quantity.quantity></Point><Point><position>6938</position><in_Quantity.quantity>0.000000</in_Quantity.quantity><out_Quantity.quantity>875.963093</out_Quantity.quantity></Point><Point><position>6939</position><in_Quantity.quantity>0.000000</in_Quantity.quantity><out_Quantity.quantity>909.440468</out_Quantity.quantity></Point><Point><position>6940</position><in_Quantity.quantity>0.000000</in_Quantity.quantity><out_Quantity.quantity>984.314454</out_Quantity.quantity></Point><Point><position>6941</position><in_Quantity.quantity>0.000000</in_Quantity.quantity><out_Quantity.quantity>461.349702</out_Quantity.quantity></Point><Point><position>6942</position><in_Quantity.quantity>0.000000</in_Quantity.quantity><out_Quantity.quantity>347.305243</out_Quantity.quantity></Point><Point><position>6943</position><in_Quantity.quantity>0.000000</in_Quantity.quantity><out_Quantity.quantity>836.887017</out_Quantity.quantity></Point><Point><position>6944</position><in_Quantity.quantity>0.000000</in_Quantity.quantity><out_Quantity.quantity>581.465731</out_Quantity.quantity></Point><Point><position>6945</position><in_Quantity.quantity>0.000000</in_Quantity.quantity><out_Quantity.quantity>643.647091</out_Quantity.quantity></Point><Point><position>6946</position><in_Quantity.quantity>0.000000</in_Quantity.quantity><out_Quantity.quantity>277.919798</out_Quantity.quantity></Point><Point><position>6947</position><in_Quantity.quantity>0.000000</in_Quantity.quantity><out_Quantity.quantity>644.885159</out_Quantity.quantity></Point><Point><position>6948</position><in_Quantity.quantity>0.000000</in_Quantity.quantity><out_Quantity.quantity>806.216258</out_Quantity.quantity></Point><Point><position>6949</position><in_Quantity.quantity>0.000000</in_Quantity.quantity><out_Quantity.quantity>702.117235</out_Quantity.quantity></Point><Point><position>6950</position><in_Quantity.quantity>0.000000</in_Quantity.quantity><out_Quantity.quantity>558.259154</out_Quantity.quantity></Point><Point><position>6951</position><in_Quantity.quantity>0.000000</in_Quantity.quantity><out_Quantity.quantity>554.889818</out_Quantity.quantity></Point><Point><position>6952</position><in_Quantity.quantity>0.000000</in_Quantity.quantity><out_Quantity.quantity>91.694614</out_Quantity.quantity></Point><Point><position>6953</position><in_Quantity.quantity>0.000000</in_Quantity.quantity><out_Quantity.quantity>112.336348</out_Quantity.quantity></Point><Point><position>6954</position><in_Quantity.quantity>0.000000</in_Quantity.quantity><out_Quantity.quantity>582.094336</out_Quantity.quantity></Point><Point><position>6955</position><in_Quantity.quantity>0.000000</in_Quantity.quantity><out_Quantity.quantity>273.457751</out_Quantity.quantity></Point><Point><position>6956</position><in_Quantity.quantity>0.000000</in_Quantity.quantity><out_Quantity.quantity>210.964886</out_Quantity.quantity></Point><Point><position>6957</position><in_Quantity.quantity>0.000000</in_Quantity.quantity><out_Quantity.quantity>77.285940</out_Quantity.quantity></Point><Point><position>6958</position><in_Quantity.quantity>0.000000</in_Quantity.quantity><out_Quantity.quantity>771.623183</out_Quantity.quantity></Point><Point><position>6959</position><in_Quantity.quantity>0.000000</in_Quantity.quantity><out_Quantity.quantity>898.792317</out_Quantity.quantity></Point><Point><position>6960</position><in_Quantity.quantity>0.000000</in_Quantity.quantity><out_Quantity.quantity>48.034352</out_Quantity.quantity></Point><Point><position>6961</position><in_Quantity.quantity>0.000000</in_Quantity.quantity><out_Quantity.quantity>302.203879</out_Quantity.quantity></Point><Point><position>6962</position><in_Quantity.quantity>0.000000</in_Quantity.quantity><out_Quantity.quantity>324.041513</out_Quantity.quantity></Point><Point><position>6963</position><in_Quantity.quantity>0.000000</in_Quantity.quantity><out_Quantity.quantity>978.201247</out_Quantity.quantity></Point><Point><position>6964</position><in_Quantity.quantity>0.000000</in_Quantity.quantity><out_Quantity.quantity>738.644872</out_Quantity.quantity></Point><Point><position>6965</position><in_Quantity.quantity>0.000000</in_Quantity.quantity><out_Quantity.quantity>537.549357</out_Quantity.quantity></Point><Point><position>6966</position><in_Quantity.quantity>0.000000</in_Quantity.quantity><out_Quantity.quantity>584.722498</out_Quantity.quantity></Point><Point><position>6967</position><in_Quantity.quantity>0.000000</in_Quantity.quantity><out_Quantity.quantity>410.738309</out_Quantity.quantity></Point><Point><position>6968</position><in_Quantity.quantity>0.000000</in_Quantity.quantity><out_Quantity.quantity>915.693166</out_Quantity.quantity></Point><Point><position>6969</position><in_Quantity.quantity>0.000000</in_Quantity.quantity><out_Quantity.quantity>920.077392</out_Quantity.quantity></Point><Point><position>6970</position><in_Quantity.quantity>0.000000</in_Quantity.quantity><out_Quantity.quantity>60.146975</out_Quantity.quantity></Point><Point><position>6971</position><in_Quantity.quantity>0.000000</in_Quantity.quantity><out_Quantity.quantity>491.021403</out_Quantity.quantity></Point><Point><position>6972</position><in_Quantity.quantity>0.000000</in_Quantity.quantity><out_Quantity.quantity>481.091849</out_Quantity.quantity></Point><Point><position>6973</position><in_Quantity.quantity>0.000000</in_Quantity.quantity><out_Quantity.quantity>970.013728</out_Quantity.quantity></Point><Point><position>6974</position><in_Quantity.quantity>0.000000</in_Quantity.quantity><out_Quantity.quantity>319.446426</out_Quantity.quantity></Point><Point><position>6975</position><in_Quantity.quantity>0.000000</in_Quantity.quantity><out_Quantity.quantity>59.605779</out_Quantity.quantity></Point><Point><position>6976</position><in_Quantity.quantity>0.000000</in_Quantity.quantity><out_Quantity.quantity>301.152760</out_Quantity.quantity></Point><Point><position>6977</position><in_Quantity.quantity>0.000000</in_Quantity.quantity><out_Quantity.quantity>387.467992</out_Quantity.quantity></Point><Point><position>6978</position><in_Quantity.quantity>0.000000</in_Quantity.quantity><out_Quantity.quantity>836.051888</out_Quantity.quantity></Point><Point><position>6979</position><in_Quantity.quantity>0.000000</in_Quantity.quantity><out_Quantity.quantity>766.492206</out_Quantity.quantity></Point><Point><position>6980</position><in_Quantity.quantity>0.000000</in_Quantity.quantity><out_Quantity.quantity>950.939135</out_Quantity.quantity></Point><Point><position>6981</position><in_Quantity.quantity>0.000000</in_Quantity.quantity><out_Quantity.quantity>829.548870</out_Quantity.quantity></Point><Point><position>6982</position><in_Quantity.quantity>0.000000</in_Quantity.quantity><out_Quantity.quantity>924.244520</out_Quantity.quantity></Point><Point><position>6983</position><in_Quantity.quantity>0.000000</in_Quantity.quantity><out_Quantity.quantity>770.131099</out_Quantity.quantity></Point><Point><position>6984</position><in_Quantity.quantity>0.000000</in_Quantity.quantity><out_Quantity.quantity>488.284462</out_Quantity.quantity></Point><Point><position>6985</position><in_Quantity.quantity>0.000000</in_Quantity.quantity><out_Quantity.quantity>600.335414</out_Quantity.quantity></Point><Point><position>6986</position><in_Quantity.quantity>0.000000</in_Quantity.quantity><out_Quantity.quantity>409.781833</out_Quantity.quantity></Point><Point><position>6987</position><in_Quantity.quantity>0.000000</in_Quantity.quantity><out_Quantity.quantity>849.083098</out_Quantity.quantity></Point><Point><position>6988</position><in_Quantity.quantity>0.000000</in_Quantity.quantity><out_Quantity.quantity>824.333023</out_Quantity.quantity></Point><Point><position>6989</position><in_Quantity.quantity>0.000000</in_Quantity.quantity><out_Quantity.quantity>145.109311</out_Quantity.quantity></Point><Point><position>6990</position><in_Quantity.quantity>0.000000</in_Quantity.quantity><out_Quantity.quantity>580.680179</out_Quantity.quantity></Point><Point><position>6991</position><in_Quantity.quantity>0.000000</in_Quantity.quantity><out_Quantity.quantity>321.957215</out_Quantity.quantity></Point><Point><position>6992</position><in_Quantity.quantity>0.000000</in_Quantity.quantity><out_Quantity.quantity>314.988842</out_Quantity.quantity></Point><Point><position>6993</position><in_Quantity.quantity>0.000000</in_Quantity.quantity><out_Quantity.quantity>757.896335</out_Quantity.quantity></Point><Point><position>6994</position><in_Quantity.quantity>0.000000</in_Quantity.quantity><out_Quantity.quantity>469.529959</out_Quantity.quantity></Point><Point><position>6995</position><in_Quantity.quantity>0.000000</in_Quantity.quantity><out_Quantity.quantity>693.019072</out_Quantity.quantity></Point><Point><position>6996</position><in_Quantity.quantity>0.000000</in_Quantity.quantity><out_Quantity.quantity>964.220314</out_Quantity.quantity></Point><Point><position>6997</position><in_Quantity.quantity>0.000000</in_Quantity.quantity><out_Quantity.quantity>414.929374</out_Quantity.quantity></Point><Point><position>6998</position><in_Quantity.quantity>0.000000</in_Quantity.quantity><out_Quantity.quantity>469.587231</out_Quantity.quantity></Point><Point><position>6999</position><in_Quantity.quantity>0.000000</in_Quantity.quantity><out_Quantity.quantity>109.975309</out_Quantity.quantity></Point><Point><position>7000</position><in_Quantity.quantity>0.000000</in_Quantity.quantity><out_Quantity.quantity>418.042975</out_Quantity.quantity></Point><Point><position>7001</position><in_Quantity.quantity>0.000000</in_Quantity.quantity><out_Quantity.quantity>657.560379</out_Quantity.quantity></Point><Point><position>7002</position><in_Quantity.quantity>0.000000</in_Quantity.quantity><out_Quantity.quantity>116.081678</out_Quantity.quantity></Point><Point><position>7003</position><in_Quantity.quantity>0.000000</in_Quantity.quantity><out_Quantity.quantity>861.974541</out_Quantity.quantity></Point><Point><position>7004</position><in_Quantity.quantity>0.000000</in_Quantity.quantity><out_Quantity.quantity>545.478950</out_Quantity.quantity></Point><Point><position>7005</position><in_Quantity.quantity>0.000000</in_Quantity.quantity><out_Quantity.quantity>6.040179</out_Quantity.quantity></Point><Point><position>7006</position><in_Quantity.quantity>0.000000</in_Quantity.quantity><out_Quantity.quantity>673.577698</out_Quantity.quantity></Point><Point><position>7007</position><in_Quantity.quantity>0.000000</in_Quantity.quantity><out_Quantity.quantity>329.022528</out_Quantity.quantity></Point><Point><position>7008</position><in_Quantity.quantity>0.000000</in_Quantity.quantity><out_Quantity.quantity>567.161368</out_Quantity.quantity></Point><Point><position>7009</position><in_Quantity.quantity>0.000000</in_Quantity.quantity><out_Quantity.quantity>953.276064</out_Quantity.quantity></Point><Point><position>7010</position><in_Quantity.quantity>0.000000</in_Quantity.quantity><out_Quantity.quantity>890.891372</out_Quantity.quantity></Point><Point><position>7011</position><in_Quantity.quantity>0.000000</in_Quantity.quantity><out_Quantity.quantity>951.090272</out_Quantity.quantity></Point><Point><position>7012</position><in_Quantity.quantity>0.000000</in_Quantity.quantity><out_Quantity.quantity>252.391361</out_Quantity.quantity></Point><Point><position>7013</position><in_Quantity.quantity>0.000000</in_Quantity.quantity><out_Quantity.quantity>621.592673</out_Quantity.quantity></Point><Point><position>7014</position><in_Quantity.quantity>0.000000</in_Quantity.quantity><out_Quantity.quantity>838.495218</out_Quantity.quantity></Point><Point><position>7015</position><in_Quantity.quantity>0.000000</in_Quantity.quantity><out_Quantity.quantity>40.269673</out_Quantity.quantity></Point><Point><position>7016</position><in_Quantity.quantity>0.000000</in_Quantity.quantity><out_Quantity.quantity>985.987054</out_Quantity.quantity></Point><Point><position>7017</position><in_Quantity.quantity>0.000000</in_Quantity.quantity><out_Quantity.quantity>850.456252</out_Quantity.quantity></Point><Point><position>7018</position><in_Quantity.quantity>0.000000</in_Quantity.quantity><out_Quantity.quantity>849.384124</out_Quantity.quantity></Point><Point><position>7019</position><in_Quantity.quantity>0.000000</in_Quantity.quantity><out_Quantity.quantity>311.683289</out_Quantity.quantity></Point><Point><position>7020</position><in_Quantity.quantity>0.000000</in_Quantity.quantity><out_Quantity.quantity>5.512369</out_Quantity.quantity></Point><Point><position>7021</position><in_Quantity.quantity>0.000000</in_Quantity.quantity><out_Quantity.quantity>459.886356</out_Quantity.quantity></Point><Point><position>7022</position><in_Quantity.quantity>0.000000</in_Quantity.quantity><out_Quantity.quantity>114.892455</out_Quantity.quantity></Point><Point><position>7023</position><in_Quantity.quantity>0.000000</in_Quantity.quantity><out_Quantity.quantity>93.414427</out_Quantity.quantity></Point><Point><position>7024</position><in_Quantity.quantity>0.000000</in_Quantity.quantity><out_Quantity.quantity>384.636378</out_Quantity.quantity></Point><Point><position>7025</position><in_Quantity.quantity>0.000000</in_Quantity.quantity><out_Quantity.quantity>168.825692</out_Quantity.quantity></Point><Point><position>7026</position><in_Quantity.quantity>0.000000</in_Quantity.quantity><out_Quantity.quantity>568.879937</out_Quantity.quantity></Point><Point><position>7027</position><in_Quantity.quantity>0.000000</in_Quantity.quantity><out_Quantity.quantity>262.455776</out_Quantity.quantity></Point><Point><position>7028</position><in_Quantity.quantity>0.000000</in_Quantity.quantity><out_Quantity.quantity>216.249820</out_Quantity.quantity></Point><Point><position>7029</position><in_Quantity.quantity>0.000000</in_Quantity.quantity><out_Quantity.quantity>888.248888</out_Quantity.quantity></Point><Point><position>7030</position><in_Quantity.quantity>0.000000</in_Quantity.quantity><out_Quantity.quantity>251.584228</out_Quantity.quantity></Point><Point><position>7031</position><in_Quantity.quantity>0.000000</in_Quantity.quantity><out_Quantity.quantity>615.573723</out_Quantity.quantity></Point><Point><position>7032</position><in_Quantity.quantity>0.000000</in_Quantity.quantity><out_Quantity.quantity>140.648808</out_Quantity.quantity></Point><Point><position>7033</position><in_Quantity.quantity>0.000000</in_Quantity.quantity><out_Quantity.quantity>75.478672</out_Quantity.quantity></Point><Point><position>7034</position><in_Quantity.quantity>0.000000</in_Quantity.quantity><out_Quantity.quantity>23.404807</out_Quantity.quantity></Point><Point><position>7035</position><in_Quantity.quantity>0.000000</in_Quantity.quantity><out_Quantity.quantity>786.280083</out_Quantity.quantity></Point><Point><position>7036</position><in_Quantity.quantity>0.000000</in_Quantity.quantity><out_Quantity.quantity>332.343001</out_Quantity.quantity></Point><Point><position>7037</position><in_Quantity.quantity>0.000000</in_Quantity.quantity><out_Quantity.quantity>388.808180</out_Quantity.quantity></Point><Point><position>7038</position><in_Quantity.quantity>0.000000</in_Quantity.quantity><out_Quantity.quantity>871.824404</out_Quantity.quantity></Point><Point><position>7039</position><in_Quantity.quantity>0.000000</in_Quantity.quantity><out_Quantity.quantity>685.230821</out_Quantity.quantity></Point><Point><position>7040</position><in_Quantity.quantity>0.000000</in_Quantity.quantity><out_Quantity.quantity>336.032653</out_Quantity.quantity></Point><Point><position>7041</position><in_Quantity.quantity>0.000000</in_Quantity.quantity><out_Quantity.quantity>155.921150</out_Quantity.quantity></Point><Point><position>7042</position><in_Quantity.quantity>0.000000</in_Quantity.quantity><out_Quantity.quantity>865.338970</out_Quantity.quantity></Point><Point><position>7043</position><in_Quantity.quantity>0.000000</in_Quantity.quantity><out_Quantity.quantity>864.942998</out_Quantity.quantity></Point><Point><position>7044</position><in_Quantity.quantity>0.000000</in_Quantity.quantity><out_Quantity.quantity>653.695226</out_Quantity.quantity></Point><Point><position>7045</position><in_Quantity.quantity>0.000000</in_Quantity.quantity><out_Quantity.quantity>577.092308</out_Quantity.quantity></Point><Point><position>7046</position><in_Quantity.quantity>0.000000</in_Quantity.quantity><out_Quantity.quantity>311.658921</out_Quantity.quantity></Point><Point><position>7047</position><in_Quantity.quantity>0.000000</in_Quantity.quantity><out_Quantity.quantity>273.224521</out_Quantity.quantity></Point><Point><position>7048</position><in_Quantity.quantity>0.000000</in_Quantity.quantity><out_Quantity.quantity>122.299151</out_Quantity.quantity></Point><Point><position>7049</position><in_Quantity.quantity>0.000000</in_Quantity.quantity><out_Quantity.quantity>987.163345</out_Quantity.quantity></Point><Point><position>7050</position><in_Quantity.quantity>0.000000</in_Quantity.quantity><out_Quantity.quantity>543.205360</out_Quantity.quantity></Point><Point><position>7051</position><in_Quantity.quantity>0.000000</in_Quantity.quantity><out_Quantity.quantity>84.387714</out_Quantity.quantity></Point><Point><position>7052</position><in_Quantity.quantity>0.000000</in_Quantity.quantity><out_Quantity.quantity>784.890676</out_Quantity.quantity></Point><Point><position>7053</position><in_Quantity.quantity>0.000000</in_Quantity.quantity><out_Quantity.quantity>155.362485</out_Quantity.quantity></Point><Point><position>7054</position><in_Quantity.quantity>0.000000</in_Quantity.quantity><out_Quantity.quantity>658.367077</out_Quantity.quantity></Point><Point><position>7055</position><in_Quantity.quantity>0.000000</in_Quantity.quantity><out_Quantity.quantity>827.349411</out_Quantity.quantity></Point><Point><position>7056</position><in_Quantity.quantity>0.000000</in_Quantity.quantity><out_Quantity.quantity>11.802816</out_Quantity.quantity></Point><Point><position>7057</position><in_Quantity.quantity>0.000000</in_Quantity.quantity><out_Quantity.quantity>324.212864</out_Quantity.quantity></Point><Point><position>7058</position><in_Quantity.quantity>0.000000</in_Quantity.quantity><out_Quantity.quantity>311.877855</out_Quantity.quantity></Point><Point><position>7059</position><in_Quantity.quantity>0.000000</in_Quantity.quantity><out_Quantity.quantity>633.911993</out_Quantity.quantity></Point><Point><position>7060</position><in_Quantity.quantity>0.000000</in_Quantity.quantity><out_Quantity.quantity>487.266703</out_Quantity.quantity></Point><Point><position>7061</position><in_Quantity.quantity>0.000000</in_Quantity.quantity><out_Quantity.quantity>507.120835</out_Quantity.quantity></Point><Point><position>7062</position><in_Quantity.quantity>0.000000</in_Quantity.quantity><out_Quantity.quantity>714.072091</out_Quantity.quantity></Point><Point><position>7063</position><in_Quantity.quantity>0.000000</in_Quantity.quantity><out_Quantity.quantity>286.683119</out_Quantity.quantity></Point><Point><position>7064</position><in_Quantity.quantity>0.000000</in_Quantity.quantity><out_Quantity.quantity>416.356474</out_Quantity.quantity></Point><Point><position>7065</position><in_Quantity.quantity>0.000000</in_Quantity.quantity><out_Quantity.quantity>45.572149</out_Quantity.quantity></Point><Point><position>7066</position><in_Quantity.quantity>0.000000</in_Quantity.quantity><out_Quantity.quantity>344.337771</out_Quantity.quantity></Point><Point><position>7067</position><in_Quantity.quantity>0.000000</in_Quantity.quantity><out_Quantity.quantity>653.884720</out_Quantity.quantity></Point><Point><position>7068</position><in_Quantity.quantity>0.000000</in_Quantity.quantity><out_Quantity.quantity>499.392505</out_Quantity.quantity></Point><Point><position>7069</position><in_Quantity.quantity>0.000000</in_Quantity.quantity><out_Quantity.quantity>122.957061</out_Quantity.quantity></Point><Point><position>7070</position><in_Quantity.quantity>0.000000</in_Quantity.quantity><out_Quantity.quantity>32.796622</out_Quantity.quantity></Point><Point><position>7071</position><in_Quantity.quantity>0.000000</in_Quantity.quantity><out_Quantity.quantity>446.130297</out_Quantity.quantity></Point><Point><position>7072</position><in_Quantity.quantity>0.000000</in_Quantity.quantity><out_Quantity.quantity>515.351333</out_Quantity.quantity></Point><Point><position>7073</position><in_Quantity.quantity>0.000000</in_Quantity.quantity><out_Quantity.quantity>361.170760</out_Quantity.quantity></Point><Point><position>7074</position><in_Quantity.quantity>0.000000</in_Quantity.quantity><out_Quantity.quantity>641.793158</out_Quantity.quantity></Point><Point><position>7075</position><in_Quantity.quantity>0.000000</in_Quantity.quantity><out_Quantity.quantity>182.874056</out_Quantity.quantity></Point><Point><position>7076</position><in_Quantity.quantity>0.000000</in_Quantity.quantity><out_Quantity.quantity>205.214932</out_Quantity.quantity></Point><Point><position>7077</position><in_Quantity.quantity>0.000000</in_Quantity.quantity><out_Quantity.quantity>907.489705</out_Quantity.quantity></Point><Point><position>7078</position><in_Quantity.quantity>0.000000</in_Quantity.quantity><out_Quantity.quantity>697.407911</out_Quantity.quantity></Point><Point><position>7079</position><in_Quantity.quantity>0.000000</in_Quantity.quantity><out_Quantity.quantity>276.696089</out_Quantity.quantity></Point><Point><position>7080</position><in_Quantity.quantity>0.000000</in_Quantity.quantity><out_Quantity.quantity>406.068467</out_Quantity.quantity></Point><Point><position>7081</position><in_Quantity.quantity>0.000000</in_Quantity.quantity><out_Quantity.quantity>313.969600</out_Quantity.quantity></Point><Point><position>7082</position><in_Quantity.quantity>0.000000</in_Quantity.quantity><out_Quantity.quantity>155.637689</out_Quantity.quantity></Point><Point><position>7083</position><in_Quantity.quantity>0.000000</in_Quantity.quantity><out_Quantity.quantity>641.330575</out_Quantity.quantity></Point><Point><position>7084</position><in_Quantity.quantity>0.000000</in_Quantity.quantity><out_Quantity.quantity>183.057860</out_Quantity.quantity></Point><Point><position>7085</position><in_Quantity.quantity>0.000000</in_Quantity.quantity><out_Quantity.quantity>565.167784</out_Quantity.quantity></Point><Point><position>7086</position><in_Quantity.quantity>0.000000</in_Quantity.quantity><out_Quantity.quantity>930.406967</out_Quantity.quantity></Point><Point><position>7087</position><in_Quantity.quantity>0.000000</in_Quantity.quantity><out_Quantity.quantity>56.266615</out_Quantity.quantity></Point><Point><position>7088</position><in_Quantity.quantity>0.000000</in_Quantity.quantity><out_Quantity.quantity>1.644042</out_Quantity.quantity></Point><Point><position>7089</position><in_Quantity.quantity>0.000000</in_Quantity.quantity><out_Quantity.quantity>405.809284</out_Quantity.quantity></Point><Point><position>7090</position><in_Quantity.quantity>0.000000</in_Quantity.quantity><out_Quantity.quantity>639.519909</out_Quantity.quantity></Point><Point><position>7091</position><in_Quantity.quantity>0.000000</in_Quantity.quantity><out_Quantity.quantity>289.535646</out_Quantity.quantity></Point><Point><position>7092</position><in_Quantity.quantity>0.000000</in_Quantity.quantity><out_Quantity.quantity>762.709872</out_Quantity.quantity></Point><Point><position>7093</position><in_Quantity.quantity>0.000000</in_Quantity.quantity><out_Quantity.quantity>109.025162</out_Quantity.quantity></Point><Point><position>7094</position><in_Quantity.quantity>0.000000</in_Quantity.quantity><out_Quantity.quantity>56.642422</out_Quantity.quantity></Point><Point><position>7095</position><in_Quantity.quantity>0.000000</in_Quantity.quantity><out_Quantity.quantity>491.077109</out_Quantity.quantity></Point><Point><position>7096</position><in_Quantity.quantity>0.000000</in_Quantity.quantity><out_Quantity.quantity>860.273105</out_Quantity.quantity></Point><Point><position>7097</position><in_Quantity.quantity>0.000000</in_Quantity.quantity><out_Quantity.quantity>764.507203</out_Quantity.quantity></Point><Point><position>7098</position><in_Quantity.quantity>0.000000</in_Quantity.quantity><out_Quantity.quantity>47.783178</out_Quantity.quantity></Point><Point><position>7099</position><in_Quantity.quantity>0.000000</in_Quantity.quantity><out_Quantity.quantity>675.467607</out_Quantity.quantity></Point><Point><position>7100</position><in_Quantity.quantity>0.000000</in_Quantity.quantity><out_Quantity.quantity>961.663537</out_Quantity.quantity></Point><Point><position>7101</position><in_Quantity.quantity>0.000000</in_Quantity.quantity><out_Quantity.quantity>294.808346</out_Quantity.quantity></Point><Point><position>7102</position><in_Quantity.quantity>0.000000</in_Quantity.quantity><out_Quantity.quantity>474.769610</out_Quantity.quantity></Point><Point><position>7103</position><in_Quantity.quantity>0.000000</in_Quantity.quantity><out_Quantity.quantity>398.746431</out_Quantity.quantity></Point><Point><position>7104</position><in_Quantity.quantity>0.000000</in_Quantity.quantity><out_Quantity.quantity>606.532001</out_Quantity.quantity></Point><Point><position>7105</position><in_Quantity.quantity>0.000000</in_Quantity.quantity><out_Quantity.quantity>285.226042</out_Quantity.quantity></Point><Point><position>7106</position><in_Quantity.quantity>0.000000</in_Quantity.quantity><out_Quantity.quantity>213.412410</out_Quantity.quantity></Point><Point><position>7107</position><in_Quantity.quantity>0.000000</in_Quantity.quantity><out_Quantity.quantity>210.763562</out_Quantity.quantity></Point><Point><position>7108</position><in_Quantity.quantity>0.000000</in_Quantity.quantity><out_Quantity.quantity>395.941791</out_Quantity.quantity></Point><Point><position>7109</position><in_Quantity.quantity>0.000000</in_Quantity.quantity><out_Quantity.quantity>724.930520</out_Quantity.quantity></Point><Point><position>7110</position><in_Quantity.quantity>0.000000</in_Quantity.quantity><out_Quantity.quantity>935.293378</out_Quantity.quantity></Point><Point><position>7111</position><in_Quantity.quantity>0.000000</in_Quantity.quantity><out_Quantity.quantity>45.776595</out_Quantity.quantity></Point><Point><position>7112</position><in_Quantity.quantity>0.000000</in_Quantity.quantity><out_Quantity.quantity>159.957608</out_Quantity.quantity></Point><Point><position>7113</position><in_Quantity.quantity>0.000000</in_Quantity.quantity><out_Quantity.quantity>138.402760</out_Quantity.quantity></Point><Point><position>7114</position><in_Quantity.quantity>0.000000</in_Quantity.quantity><out_Quantity.quantity>220.096164</out_Quantity.quantity></Point><Point><position>7115</position><in_Quantity.quantity>0.000000</in_Quantity.quantity><out_Quantity.quantity>117.336633</out_Quantity.quantity></Point><Point><position>7116</position><in_Quantity.quantity>0.000000</in_Quantity.quantity><out_Quantity.quantity>951.657358</out_Quantity.quantity></Point><Point><position>7117</position><in_Quantity.quantity>0.000000</in_Quantity.quantity><out_Quantity.quantity>400.912174</out_Quantity.quantity></Point><Point><position>7118</position><in_Quantity.quantity>0.000000</in_Quantity.quantity><out_Quantity.quantity>165.819506</out_Quantity.quantity></Point><Point><position>7119</position><in_Quantity.quantity>0.000000</in_Quantity.quantity><out_Quantity.quantity>720.003595</out_Quantity.quantity></Point><Point><position>7120</position><in_Quantity.quantity>0.000000</in_Quantity.quantity><out_Quantity.quantity>157.594494</out_Quantity.quantity></Point><Point><position>7121</position><in_Quantity.quantity>0.000000</in_Quantity.quantity><out_Quantity.quantity>267.643240</out_Quantity.quantity></Point><Point><position>7122</position><in_Quantity.quantity>0.000000</in_Quantity.quantity><out_Quantity.quantity>848.711966</out_Quantity.quantity></Point><Point><position>7123</position><in_Quantity.quantity>0.000000</in_Quantity.quantity><out_Quantity.quantity>879.608468</out_Quantity.quantity></Point><Point><position>7124</position><in_Quantity.quantity>0.000000</in_Quantity.quantity><out_Quantity.quantity>156.504351</out_Quantity.quantity></Point><Point><position>7125</position><in_Quantity.quantity>0.000000</in_Quantity.quantity><out_Quantity.quantity>321.070727</out_Quantity.quantity></Point><Point><position>7126</position><in_Quantity.quantity>0.000000</in_Quantity.quantity><out_Quantity.quantity>199.553904</out_Quantity.quantity></Point><Point><position>7127</position><in_Quantity.quantity>0.000000</in_Quantity.quantity><out_Quantity.quantity>329.004939</out_Quantity.quantity></Point><Point><position>7128</position><in_Quantity.quantity>0.000000</in_Quantity.quantity><out_Quantity.quantity>894.326102</out_Quantity.quantity></Point><Point><position>7129</position><in_Quantity.quantity>0.000000</in_Quantity.quantity><out_Quantity.quantity>131.460394</out_Quantity.quantity></Point><Point><position>7130</position><in_Quantity.quantity>0.000000</in_Quantity.quantity><out_Quantity.quantity>631.945176</out_Quantity.quantity></Point><Point><position>7131</position><in_Quantity.quantity>0.000000</in_Quantity.quantity><out_Quantity.quantity>384.981823</out_Quantity.quantity></Point><Point><position>7132</position><in_Quantity.quantity>0.000000</in_Quantity.quantity><out_Quantity.quantity>94.851620</out_Quantity.quantity></Point><Point><position>7133</position><in_Quantity.quantity>0.000000</in_Quantity.quantity><out_Quantity.quantity>33.737771</out_Quantity.quantity></Point><Point><position>7134</position><in_Quantity.quantity>0.000000</in_Quantity.quantity><out_Quantity.quantity>932.015497</out_Quantity.quantity></Point><Point><position>7135</position><in_Quantity.quantity>0.000000</in_Quantity.quantity><out_Quantity.quantity>752.945274</out_Quantity.quantity></Point><Point><position>7136</position><in_Quantity.quantity>0.000000</in_Quantity.quantity><out_Quantity.quantity>961.026543</out_Quantity.quantity></Point><Point><position>7137</position><in_Quantity.quantity>0.000000</in_Quantity.quantity><out_Quantity.quantity>400.681146</out_Quantity.quantity></Point><Point><position>7138</position><in_Quantity.quantity>0.000000</in_Quantity.quantity><out_Quantity.quantity>407.081961</out_Quantity.quantity></Point><Point><position>7139</position><in_Quantity.quantity>0.000000</in_Quantity.quantity><out_Quantity.quantity>905.628805</out_Quantity.quantity></Point><Point><position>7140</position><in_Quantity.quantity>0.000000</in_Quantity.quantity><out_Quantity.quantity>773.134068</out_Quantity.quantity></Point><Point><position>7141</position><in_Quantity.quantity>0.000000</in_Quantity.quantity><out_Quantity.quantity>777.428964</out_Quantity.quantity></Point><Point><position>7142</position><in_Quantity.quantity>0.000000</in_Quantity.quantity><out_Quantity.quantity>553.757500</out_Quantity.quantity></Point><Point><position>7143</position><in_Quantity.quantity>0.000000</in_Quantity.quantity><out_Quantity.quantity>764.213426</out_Quantity.quantity></Point><Point><position>7144</position><in_Quantity.quantity>0.000000</in_Quantity.quantity><out_Quantity.quantity>157.331972</out_Quantity.quantity></Point><Point><position>7145</position><in_Quantity.quantity>0.000000</in_Quantity.quantity><out_Quantity.quantity>927.864183</out_Quantity.quantity></Point><Point><position>7146</position><in_Quantity.quantity>0.000000</in_Quantity.quantity><out_Quantity.quantity>206.626767</out_Quantity.quantity></Point><Point><position>7147</position><in_Quantity.quantity>0.000000</in_Quantity.quantity><out_Quantity.quantity>727.270991</out_Quantity.quantity></Point><Point><position>7148</position><in_Quantity.quantity>0.000000</in_Quantity.quantity><out_Quantity.quantity>214.249869</out_Quantity.quantity></Point><Point><position>7149</position><in_Quantity.quantity>0.000000</in_Quantity.quantity><out_Quantity.quantity>931.776479</out_Quantity.quantity></Point><Point><position>7150</position><in_Quantity.quantity>0.000000</in_Quantity.quantity><out_Quantity.quantity>532.317540</out_Quantity.quantity></Point><Point><position>7151</position><in_Quantity.quantity>0.000000</in_Quantity.quantity><out_Quantity.quantity>636.231377</out_Quantity.quantity></Point><Point><position>7152</position><in_Quantity.quantity>0.000000</in_Quantity.quantity><out_Quantity.quantity>526.209963</out_Quantity.quantity></Point><Point><position>7153</position><in_Quantity.quantity>0.000000</in_Quantity.quantity><out_Quantity.quantity>266.439077</out_Quantity.quantity></Point><Point><position>7154</position><in_Quantity.quantity>0.000000</in_Quantity.quantity><out_Quantity.quantity>427.773624</out_Quantity.quantity></Point><Point><position>7155</position><in_Quantity.quantity>0.000000</in_Quantity.quantity><out_Quantity.quantity>39.609197</out_Quantity.quantity></Point><Point><position>7156</position><in_Quantity.quantity>0.000000</in_Quantity.quantity><out_Quantity.quantity>918.338953</out_Quantity.quantity></Point><Point><position>7157</position><in_Quantity.quantity>0.000000</in_Quantity.quantity><out_Quantity.quantity>27.594397</out_Quantity.quantity></Point><Point><position>7158</position><in_Quantity.quantity>0.000000</in_Quantity.quantity><out_Quantity.quantity>139.710596</out_Quantity.quantity></Point><Point><position>7159</position><in_Quantity.quantity>0.000000</in_Quantity.quantity><out_Quantity.quantity>133.066881</out_Quantity.quantity></Point><Point><position>7160</position><in_Quantity.quantity>0.000000</in_Quantity.quantity><out_Quantity.quantity>872.347398</out_Quantity.quantity></Point><Point><position>7161</position><in_Quantity.quantity>0.000000</in_Quantity.quantity><out_Quantity.quantity>116.540908</out_Quantity.quantity></Point><Point><position>7162</position><in_Quantity.quantity>0.000000</in_Quantity.quantity><out_Quantity.quantity>608.306510</out_Quantity.quantity></Point><Point><position>7163</position><in_Quantity.quantity>0.000000</in_Quantity.quantity><out_Quantity.quantity>220.990048</out_Quantity.quantity></Point><Point><position>7164</position><in_Quantity.quantity>0.000000</in_Quantity.quantity><out_Quantity.quantity>730.427143</out_Quantity.quantity></Point><Point><position>7165</position><in_Quantity.quantity>0.000000</in_Quantity.quantity><out_Quantity.quantity>897.730233</out_Quantity.quantity></Point><Point><position>7166</position><in_Quantity.quantity>0.000000</in_Quantity.quantity><out_Quantity.quantity>350.531180</out_Quantity.quantity></Point><Point><position>7167</position><in_Quantity.quantity>0.000000</in_Quantity.quantity><out_Quantity.quantity>876.364000</out_Quantity.quantity></Point><Point><position>7168</position><in_Quantity.quantity>0.000000</in_Quantity.quantity><out_Quantity.quantity>0.972696</out_Quantity.quantity></Point><Point><position>7169</position><in_Quantity.quantity>0.000000</in_Quantity.quantity><out_Quantity.quantity>7.809007</out_Quantity.quantity></Point><Point><position>7170</position><in_Quantity.quantity>0.000000</in_Quantity.quantity><out_Quantity.quantity>482.294458</out_Quantity.quantity></Point><Point><position>7171</position><in_Quantity.quantity>0.000000</in_Quantity.quantity><out_Quantity.quantity>594.487437</out_Quantity.quantity></Point><Point><position>7172</position><in_Quantity.quantity>0.000000</in_Quantity.quantity><out_Quantity.quantity>437.137108</out_Quantity.quantity></Point><Point><position>7173</position><in_Quantity.quantity>0.000000</in_Quantity.quantity><out_Quantity.quantity>630.472152</out_Quantity.quantity></Point><Point><position>7174</position><in_Quantity.quantity>0.000000</in_Quantity.quantity><out_Quantity.quantity>757.254148</out_Quantity.quantity></Point><Point><position>7175</position><in_Quantity.quantity>0.000000</in_Quantity.quantity><out_Quantity.quantity>732.048739</out_Quantity.quantity></Point><Point><position>7176</position><in_Quantity.quantity>0.000000</in_Quantity.quantity><out_Quantity.quantity>515.763213</out_Quantity.quantity></Point><Point><position>7177</position><in_Quantity.quantity>0.000000</in_Quantity.quantity><out_Quantity.quantity>416.840396</out_Quantity.quantity></Point><Point><position>7178</position><in_Quantity.quantity>0.000000</in_Quantity.quantity><out_Quantity.quantity>983.682015</out_Quantity.quantity></Point><Point><position>7179</position><in_Quantity.quantity>0.000000</in_Quantity.quantity><out_Quantity.quantity>951.493445</out_Quantity.quantity></Point><Point><position>7180</position><in_Quantity.quantity>0.000000</in_Quantity.quantity><out_Quantity.quantity>696.419057</out_Quantity.quantity></Point><Point><position>7181</position><in_Quantity.quantity>0.000000</in_Quantity.quantity><out_Quantity.quantity>425.712764</out_Quantity.quantity></Point><Point><position>7182</position><in_Quantity.quantity>0.000000</in_Quantity.quantity><out_Quantity.quantity>729.519297</out_Quantity.quantity></Point><Point><position>7183</position><in_Quantity.quantity>0.000000</in_Quantity.quantity><out_Quantity.quantity>287.149247</out_Quantity.quantity></Point><Point><position>7184</position><in_Quantity.quantity>0.000000</in_Quantity.quantity><out_Quantity.quantity>724.277818</out_Quantity.quantity></Point><Point><position>7185</position><in_Quantity.quantity>0.000000</in_Quantity.quantity><out_Quantity.quantity>185.277493</out_Quantity.quantity></Point><Point><position>7186</position><in_Quantity.quantity>0.000000</in_Quantity.quantity><out_Quantity.quantity>158.031597</out_Quantity.quantity></Point><Point><position>7187</position><in_Quantity.quantity>0.000000</in_Quantity.quantity><out_Quantity.quantity>517.433053</out_Quantity.quantity></Point><Point><position>7188</position><in_Quantity.quantity>0.000000</in_Quantity.quantity><out_Quantity.quantity>810.057106</out_Quantity.quantity></Point><Point><position>7189</position><in_Quantity.quantity>0.000000</in_Quantity.quantity><out_Quantity.quantity>56.801263</out_Quantity.quantity></Point><Point><position>7190</position><in_Quantity.quantity>0.000000</in_Quantity.quantity><out_Quantity.quantity>377.052600</out_Quantity.quantity></Point><Point><position>7191</position><in_Quantity.quantity>0.000000</in_Quantity.quantity><out_Quantity.quantity>416.792178</out_Quantity.quantity></Point><Point><position>7192</position><in_Quantity.quantity>0.000000</in_Quantity.quantity><out_Quantity.quantity>85.901187</out_Quantity.quantity></Point><Point><position>7193</position><in_Quantity.quantity>0.000000</in_Quantity.quantity><out_Quantity.quantity>942.447963</out_Quantity.quantity></Point><Point><position>7194</position><in_Quantity.quantity>0.000000</in_Quantity.quantity><out_Quantity.quantity>754.924336</out_Quantity.quantity></Point><Point><position>7195</position><in_Quantity.quantity>0.000000</in_Quantity.quantity><out_Quantity.quantity>262.369977</out_Quantity.quantity></Point><Point><position>7196</position><in_Quantity.quantity>0.000000</in_Quantity.quantity><out_Quantity.quantity>688.357891</out_Quantity.quantity></Point><Point><position>7197</position><in_Quantity.quantity>0.000000</in_Quantity.quantity><out_Quantity.quantity>95.341025</out_Quantity.quantity></Point><Point><position>7198</position><in_Quantity.quantity>0.000000</in_Quantity.quantity><out_Quantity.quantity>279.227705</out_Quantity.quantity></Point><Point><position>7199</position><in_Quantity.quantity>0.000000</in_Quantity.quantity><out_Quantity.quantity>766.228903</out_Quantity.quantity></Point><Point><position>7200</position><in_Quantity.quantity>0.000000</in_Quantity.quantity><out_Quantity.quantity>517.568416</out_Quantity.quantity></Point><Point><position>7201</position><in_Quantity.quantity>0.000000</in_Quantity.quantity><out_Quantity.quantity>699.702312</out_Quantity.quantity></Point><Point><position>7202</position><in_Quantity.quantity>0.000000</in_Quantity.quantity><out_Quantity.quantity>766.635341</out_Quantity.quantity></Point><Point><position>7203</position><in_Quantity.quantity>0.000000</in_Quantity.quantity><out_Quantity.quantity>972.391944</out_Quantity.quantity></Point><Point><position>7204</position><in_Quantity.quantity>0.000000</in_Quantity.quantity><out_Quantity.quantity>210.309825</out_Quantity.quantity></Point><Point><position>7205</position><in_Quantity.quantity>0.000000</in_Quantity.quantity><out_Quantity.quantity>232.976722</out_Quantity.quantity></Point><Point><position>7206</position><in_Quantity.quantity>0.000000</in_Quantity.quantity><out_Quantity.quantity>661.969563</out_Quantity.quantity></Point><Point><position>7207</position><in_Quantity.quantity>0.000000</in_Quantity.quantity><out_Quantity.quantity>158.140649</out_Quantity.quantity></Point><Point><position>7208</position><in_Quantity.quantity>0.000000</in_Quantity.quantity><out_Quantity.quantity>86.866872</out_Quantity.quantity></Point><Point><position>7209</position><in_Quantity.quantity>0.000000</in_Quantity.quantity><out_Quantity.quantity>630.592996</out_Quantity.quantity></Point><Point><position>7210</position><in_Quantity.quantity>0.000000</in_Quantity.quantity><out_Quantity.quantity>232.982744</out_Quantity.quantity></Point><Point><position>7211</position><in_Quantity.quantity>0.000000</in_Quantity.quantity><out_Quantity.quantity>509.082434</out_Quantity.quantity></Point><Point><position>7212</position><in_Quantity.quantity>0.000000</in_Quantity.quantity><out_Quantity.quantity>607.164727</out_Quantity.quantity></Point><Point><position>7213</position><in_Quantity.quantity>0.000000</in_Quantity.quantity><out_Quantity.quantity>601.360421</out_Quantity.quantity></Point><Point><position>7214</position><in_Quantity.quantity>0.000000</in_Quantity.quantity><out_Quantity.quantity>538.250121</out_Quantity.quantity></Point><Point><position>7215</position><in_Quantity.quantity>0.000000</in_Quantity.quantity><out_Quantity.quantity>545.746464</out_Quantity.quantity></Point><Point><position>7216</position><in_Quantity.quantity>0.000000</in_Quantity.quantity><out_Quantity.quantity>208.314967</out_Quantity.quantity></Point><Point><position>7217</position><in_Quantity.quantity>0.000000</in_Quantity.quantity><out_Quantity.quantity>745.223312</out_Quantity.quantity></Point><Point><position>7218</position><in_Quantity.quantity>0.000000</in_Quantity.quantity><out_Quantity.quantity>325.536554</out_Quantity.quantity></Point><Point><position>7219</position><in_Quantity.quantity>0.000000</in_Quantity.quantity><out_Quantity.quantity>667.188752</out_Quantity.quantity></Point><Point><position>7220</position><in_Quantity.quantity>0.000000</in_Quantity.quantity><out_Quantity.quantity>509.235926</out_Quantity.quantity></Point><Point><position>7221</position><in_Quantity.quantity>0.000000</in_Quantity.quantity><out_Quantity.quantity>299.633110</out_Quantity.quantity></Point><Point><position>7222</position><in_Quantity.quantity>0.000000</in_Quantity.quantity><out_Quantity.quantity>908.823977</out_Quantity.quantity></Point><Point><position>7223</position><in_Quantity.quantity>0.000000</in_Quantity.quantity><out_Quantity.quantity>848.279660</out_Quantity.quantity></Point><Point><position>7224</position><in_Quantity.quantity>0.000000</in_Quantity.quantity><out_Quantity.quantity>145.382930</out_Quantity.quantity></Point><Point><position>7225</position><in_Quantity.quantity>0.000000</in_Quantity.quantity><out_Quantity.quantity>599.045137</out_Quantity.quantity></Point><Point><position>7226</position><in_Quantity.quantity>0.000000</in_Quantity.quantity><out_Quantity.quantity>687.281408</out_Quantity.quantity></Point><Point><position>7227</position><in_Quantity.quantity>0.000000</in_Quantity.quantity><out_Quantity.quantity>46.208861</out_Quantity.quantity></Point><Point><position>7228</position><in_Quantity.quantity>0.000000</in_Quantity.quantity><out_Quantity.quantity>265.669888</out_Quantity.quantity></Point><Point><position>7229</position><in_Quantity.quantity>0.000000</in_Quantity.quantity><out_Quantity.quantity>450.657033</out_Quantity.quantity></Point><Point><position>7230</position><in_Quantity.quantity>0.000000</in_Quantity.quantity><out_Quantity.quantity>443.389518</out_Quantity.quantity></Point><Point><position>7231</position><in_Quantity.quantity>0.000000</in_Quantity.quantity><out_Quantity.quantity>289.480503</out_Quantity.quantity></Point><Point><position>7232</position><in_Quantity.quantity>0.000000</in_Quantity.quantity><out_Quantity.quantity>57.537479</out_Quantity.quantity></Point><Point><position>7233</position><in_Quantity.quantity>0.000000</in_Quantity.quantity><out_Quantity.quantity>369.187045</out_Quantity.quantity></Point><Point><position>7234</position><in_Quantity.quantity>0.000000</in_Quantity.quantity><out_Quantity.quantity>538.902591</out_Quantity.quantity></Point><Point><position>7235</position><in_Quantity.quantity>0.000000</in_Quantity.quantity><out_Quantity.quantity>575.852882</out_Quantity.quantity></Point><Point><position>7236</position><in_Quantity.quantity>0.000000</in_Quantity.quantity><out_Quantity.quantity>738.839708</out_Quantity.quantity></Point><Point><position>7237</position><in_Quantity.quantity>0.000000</in_Quantity.quantity><out_Quantity.quantity>790.663331</out_Quantity.quantity></Point><Point><position>7238</position><in_Quantity.quantity>0.000000</in_Quantity.quantity><out_Quantity.quantity>554.403955</out_Quantity.quantity></Point><Point><position>7239</position><in_Quantity.quantity>0.000000</in_Quantity.quantity><out_Quantity.quantity>558.181424</out_Quantity.quantity></Point><Point><position>7240</position><in_Quantity.quantity>0.000000</in_Quantity.quantity><out_Quantity.quantity>11.612639</out_Quantity.quantity></Point><Point><position>7241</position><in_Quantity.quantity>0.000000</in_Quantity.quantity><out_Quantity.quantity>15.701356</out_Quantity.quantity></Point><Point><position>7242</position><in_Quantity.quantity>0.000000</in_Quantity.quantity><out_Quantity.quantity>168.746575</out_Quantity.quantity></Point><Point><position>7243</position><in_Quantity.quantity>0.000000</in_Quantity.quantity><out_Quantity.quantity>737.404491</out_Quantity.quantity></Point><Point><position>7244</position><in_Quantity.quantity>0.000000</in_Quantity.quantity><out_Quantity.quantity>925.953931</out_Quantity.quantity></Point><Point><position>7245</position><in_Quantity.quantity>0.000000</in_Quantity.quantity><out_Quantity.quantity>495.964355</out_Quantity.quantity></Point><Point><position>7246</position><in_Quantity.quantity>0.000000</in_Quantity.quantity><out_Quantity.quantity>569.878069</out_Quantity.quantity></Point><Point><position>7247</position><in_Quantity.quantity>0.000000</in_Quantity.quantity><out_Quantity.quantity>695.492593</out_Quantity.quantity></Point><Point><position>7248</position><in_Quantity.quantity>0.000000</in_Quantity.quantity><out_Quantity.quantity>496.764294</out_Quantity.quantity></Point><Point><position>7249</position><in_Quantity.quantity>0.000000</in_Quantity.quantity><out_Quantity.quantity>139.911266</out_Quantity.quantity></Point><Point><position>7250</position><in_Quantity.quantity>0.000000</in_Quantity.quantity><out_Quantity.quantity>450.698166</out_Quantity.quantity></Point><Point><position>7251</position><in_Quantity.quantity>0.000000</in_Quantity.quantity><out_Quantity.quantity>89.386563</out_Quantity.quantity></Point><Point><position>7252</position><in_Quantity.quantity>0.000000</in_Quantity.quantity><out_Quantity.quantity>958.093658</out_Quantity.quantity></Point><Point><position>7253</position><in_Quantity.quantity>0.000000</in_Quantity.quantity><out_Quantity.quantity>298.285192</out_Quantity.quantity></Point><Point><position>7254</position><in_Quantity.quantity>0.000000</in_Quantity.quantity><out_Quantity.quantity>571.900991</out_Quantity.quantity></Point><Point><position>7255</position><in_Quantity.quantity>0.000000</in_Quantity.quantity><out_Quantity.quantity>794.647603</out_Quantity.quantity></Point><Point><position>7256</position><in_Quantity.quantity>0.000000</in_Quantity.quantity><out_Quantity.quantity>848.235071</out_Quantity.quantity></Point><Point><position>7257</position><in_Quantity.quantity>0.000000</in_Quantity.quantity><out_Quantity.quantity>246.337421</out_Quantity.quantity></Point><Point><position>7258</position><in_Quantity.quantity>0.000000</in_Quantity.quantity><out_Quantity.quantity>107.168615</out_Quantity.quantity></Point><Point><position>7259</position><in_Quantity.quantity>0.000000</in_Quantity.quantity><out_Quantity.quantity>302.819314</out_Quantity.quantity></Point><Point><position>7260</position><in_Quantity.quantity>0.000000</in_Quantity.quantity><out_Quantity.quantity>254.276877</out_Quantity.quantity></Point><Point><position>7261</position><in_Quantity.quantity>0.000000</in_Quantity.quantity><out_Quantity.quantity>990.087446</out_Quantity.quantity></Point><Point><position>7262</position><in_Quantity.quantity>0.000000</in_Quantity.quantity><out_Quantity.quantity>199.494208</out_Quantity.quantity></Point><Point><position>7263</position><in_Quantity.quantity>0.000000</in_Quantity.quantity><out_Quantity.quantity>967.678136</out_Quantity.quantity></Point><Point><position>7264</position><in_Quantity.quantity>0.000000</in_Quantity.quantity><out_Quantity.quantity>189.361009</out_Quantity.quantity></Point><Point><position>7265</position><in_Quantity.quantity>0.000000</in_Quantity.quantity><out_Quantity.quantity>672.982997</out_Quantity.quantity></Point><Point><position>7266</position><in_Quantity.quantity>0.000000</in_Quantity.quantity><out_Quantity.quantity>385.664096</out_Quantity.quantity></Point><Point><position>7267</position><in_Quantity.quantity>0.000000</in_Quantity.quantity><out_Quantity.quantity>919.166842</out_Quantity.quantity></Point><Point><position>7268</position><in_Quantity.quantity>0.000000</in_Quantity.quantity><out_Quantity.quantity>336.623525</out_Quantity.quantity></Point><Point><position>7269</position><in_Quantity.quantity>0.000000</in_Quantity.quantity><out_Quantity.quantity>936.031870</out_Quantity.quantity></Point><Point><position>7270</position><in_Quantity.quantity>0.000000</in_Quantity.quantity><out_Quantity.quantity>185.012985</out_Quantity.quantity></Point><Point><position>7271</position><in_Quantity.quantity>0.000000</in_Quantity.quantity><out_Quantity.quantity>760.044511</out_Quantity.quantity></Point><Point><position>7272</position><in_Quantity.quantity>0.000000</in_Quantity.quantity><out_Quantity.quantity>882.045586</out_Quantity.quantity></Point><Point><position>7273</position><in_Quantity.quantity>0.000000</in_Quantity.quantity><out_Quantity.quantity>74.909488</out_Quantity.quantity></Point><Point><position>7274</position><in_Quantity.quantity>0.000000</in_Quantity.quantity><out_Quantity.quantity>355.402387</out_Quantity.quantity></Point><Point><position>7275</position><in_Quantity.quantity>0.000000</in_Quantity.quantity><out_Quantity.quantity>323.359624</out_Quantity.quantity></Point><Point><position>7276</position><in_Quantity.quantity>0.000000</in_Quantity.quantity><out_Quantity.quantity>369.625875</out_Quantity.quantity></Point><Point><position>7277</position><in_Quantity.quantity>0.000000</in_Quantity.quantity><out_Quantity.quantity>976.459931</out_Quantity.quantity></Point><Point><position>7278</position><in_Quantity.quantity>0.000000</in_Quantity.quantity><out_Quantity.quantity>368.354758</out_Quantity.quantity></Point><Point><position>7279</position><in_Quantity.quantity>0.000000</in_Quantity.quantity><out_Quantity.quantity>382.180271</out_Quantity.quantity></Point><Point><position>7280</position><in_Quantity.quantity>0.000000</in_Quantity.quantity><out_Quantity.quantity>120.305840</out_Quantity.quantity></Point><Point><position>7281</position><in_Quantity.quantity>0.000000</in_Quantity.quantity><out_Quantity.quantity>705.854241</out_Quantity.quantity></Point><Point><position>7282</position><in_Quantity.quantity>0.000000</in_Quantity.quantity><out_Quantity.quantity>130.796868</out_Quantity.quantity></Point><Point><position>7283</position><in_Quantity.quantity>0.000000</in_Quantity.quantity><out_Quantity.quantity>929.060941</out_Quantity.quantity></Point><Point><position>7284</position><in_Quantity.quantity>0.000000</in_Quantity.quantity><out_Quantity.quantity>329.044527</out_Quantity.quantity></Point><Point><position>7285</position><in_Quantity.quantity>0.000000</in_Quantity.quantity><out_Quantity.quantity>238.546949</out_Quantity.quantity></Point><Point><position>7286</position><in_Quantity.quantity>0.000000</in_Quantity.quantity><out_Quantity.quantity>669.536226</out_Quantity.quantity></Point><Point><position>7287</position><in_Quantity.quantity>0.000000</in_Quantity.quantity><out_Quantity.quantity>421.775410</out_Quantity.quantity></Point><Point><position>7288</position><in_Quantity.quantity>0.000000</in_Quantity.quantity><out_Quantity.quantity>786.976668</out_Quantity.quantity></Point><Point><position>7289</position><in_Quantity.quantity>0.000000</in_Quantity.quantity><out_Quantity.quantity>953.275237</out_Quantity.quantity></Point><Point><position>7290</position><in_Quantity.quantity>0.000000</in_Quantity.quantity><out_Quantity.quantity>783.009869</out_Quantity.quantity></Point><Point><position>7291</position><in_Quantity.quantity>0.000000</in_Quantity.quantity><out_Quantity.quantity>66.921020</out_Quantity.quantity></Point><Point><position>7292</position><in_Quantity.quantity>0.000000</in_Quantity.quantity><out_Quantity.quantity>636.437455</out_Quantity.quantity></Point><Point><position>7293</position><in_Quantity.quantity>0.000000</in_Quantity.quantity><out_Quantity.quantity>376.754408</out_Quantity.quantity></Point><Point><position>7294</position><in_Quantity.quantity>0.000000</in_Quantity.quantity><out_Quantity.quantity>957.866010</out_Quantity.quantity></Point><Point><position>7295</position><in_Quantity.quantity>0.000000</in_Quantity.quantity><out_Quantity.quantity>224.919829</out_Quantity.quantity></Point><Point><position>7296</position><in_Quantity.quantity>0.000000</in_Quantity.quantity><out_Quantity.quantity>577.577495</out_Quantity.quantity></Point><Point><position>7297</position><in_Quantity.quantity>0.000000</in_Quantity.quantity><out_Quantity.quantity>115.618615</out_Quantity.quantity></Point><Point><position>7298</position><in_Quantity.quantity>0.000000</in_Quantity.quantity><out_Quantity.quantity>373.967620</out_Quantity.quantity></Point><Point><position>7299</position><in_Quantity.quantity>0.000000</in_Quantity.quantity><out_Quantity.quantity>156.716853</out_Quantity.quantity></Point><Point><position>7300</position><in_Quantity.quantity>0.000000</in_Quantity.quantity><out_Quantity.quantity>626.988557</out_Quantity.quantity></Point><Point><position>7301</position><in_Quantity.quantity>0.000000</in_Quantity.quantity><out_Quantity.quantity>856.566202</out_Quantity.quantity></Point><Point><position>7302</position><in_Quantity.quantity>0.000000</in_Quantity.quantity><out_Quantity.quantity>848.563478</out_Quantity.quantity></Point><Point><position>7303</position><in_Quantity.quantity>0.000000</in_Quantity.quantity><out_Quantity.quantity>739.889276</out_Quantity.quantity></Point><Point><position>7304</position><in_Quantity.quantity>0.000000</in_Quantity.quantity><out_Quantity.quantity>60.851330</out_Quantity.quantity></Point><Point><position>7305</position><in_Quantity.quantity>0.000000</in_Quantity.quantity><out_Quantity.quantity>812.510268</out_Quantity.quantity></Point><Point><position>7306</position><in_Quantity.quantity>0.000000</in_Quantity.quantity><out_Quantity.quantity>255.176751</out_Quantity.quantity></Point><Point><position>7307</position><in_Quantity.quantity>0.000000</in_Quantity.quantity><out_Quantity.quantity>187.869493</out_Quantity.quantity></Point><Point><position>7308</position><in_Quantity.quantity>0.000000</in_Quantity.quantity><out_Quantity.quantity>734.785048</out_Quantity.quantity></Point><Point><position>7309</position><in_Quantity.quantity>0.000000</in_Quantity.quantity><out_Quantity.quantity>487.961984</out_Quantity.quantity></Point><Point><position>7310</position><in_Quantity.quantity>0.000000</in_Quantity.quantity><out_Quantity.quantity>343.476122</out_Quantity.quantity></Point><Point><position>7311</position><in_Quantity.quantity>0.000000</in_Quantity.quantity><out_Quantity.quantity>649.369703</out_Quantity.quantity></Point><Point><position>7312</position><in_Quantity.quantity>0.000000</in_Quantity.quantity><out_Quantity.quantity>122.875376</out_Quantity.quantity></Point><Point><position>7313</position><in_Quantity.quantity>0.000000</in_Quantity.quantity><out_Quantity.quantity>946.985102</out_Quantity.quantity></Point><Point><position>7314</position><in_Quantity.quantity>0.000000</in_Quantity.quantity><out_Quantity.quantity>435.449037</out_Quantity.quantity></Point><Point><position>7315</position><in_Quantity.quantity>0.000000</in_Quantity.quantity><out_Quantity.quantity>36.524838</out_Quantity.quantity></Point><Point><position>7316</position><in_Quantity.quantity>0.000000</in_Quantity.quantity><out_Quantity.quantity>500.387387</out_Quantity.quantity></Point><Point><position>7317</position><in_Quantity.quantity>0.000000</in_Quantity.quantity><out_Quantity.quantity>66.390980</out_Quantity.quantity></Point><Point><position>7318</position><in_Quantity.quantity>0.000000</in_Quantity.quantity><out_Quantity.quantity>224.883905</out_Quantity.quantity></Point><Point><position>7319</position><in_Quantity.quantity>0.000000</in_Quantity.quantity><out_Quantity.quantity>811.916305</out_Quantity.quantity></Point><Point><position>7320</position><in_Quantity.quantity>0.000000</in_Quantity.quantity><out_Quantity.quantity>509.224585</out_Quantity.quantity></Point><Point><position>7321</position><in_Quantity.quantity>0.000000</in_Quantity.quantity><out_Quantity.quantity>954.237878</out_Quantity.quantity></Point><Point><position>7322</position><in_Quantity.quantity>0.000000</in_Quantity.quantity><out_Quantity.quantity>11.868935</out_Quantity.quantity></Point><Point><position>7323</position><in_Quantity.quantity>0.000000</in_Quantity.quantity><out_Quantity.quantity>652.350456</out_Quantity.quantity></Point><Point><position>7324</position><in_Quantity.quantity>0.000000</in_Quantity.quantity><out_Quantity.quantity>764.149699</out_Quantity.quantity></Point><Point><position>7325</position><in_Quantity.quantity>0.000000</in_Quantity.quantity><out_Quantity.quantity>288.595956</out_Quantity.quantity></Point><Point><position>7326</position><in_Quantity.quantity>0.000000</in_Quantity.quantity><out_Quantity.quantity>555.766419</out_Quantity.quantity></Point><Point><position>7327</position><in_Quantity.quantity>0.000000</in_Quantity.quantity><out_Quantity.quantity>42.556685</out_Quantity.quantity></Point><Point><position>7328</position><in_Quantity.quantity>0.000000</in_Quantity.quantity><out_Quantity.quantity>234.276601</out_Quantity.quantity></Point><Point><position>7329</position><in_Quantity.quantity>0.000000</in_Quantity.quantity><out_Quantity.quantity>556.244927</out_Quantity.quantity></Point><Point><position>7330</position><in_Quantity.quantity>0.000000</in_Quantity.quantity><out_Quantity.quantity>120.289161</out_Quantity.quantity></Point><Point><position>7331</position><in_Quantity.quantity>0.000000</in_Quantity.quantity><out_Quantity.quantity>406.751773</out_Quantity.quantity></Point><Point><position>7332</position><in_Quantity.quantity>0.000000</in_Quantity.quantity><out_Quantity.quantity>989.503434</out_Quantity.quantity></Point><Point><position>7333</position><in_Quantity.quantity>0.000000</in_Quantity.quantity><out_Quantity.quantity>34.978612</out_Quantity.quantity></Point><Point><position>7334</position><in_Quantity.quantity>0.000000</in_Quantity.quantity><out_Quantity.quantity>383.237907</out_Quantity.quantity></Point><Point><position>7335</position><in_Quantity.quantity>0.000000</in_Quantity.quantity><out_Quantity.quantity>912.270014</out_Quantity.quantity></Point><Point><position>7336</position><in_Quantity.quantity>0.000000</in_Quantity.quantity><out_Quantity.quantity>715.285587</out_Quantity.quantity></Point><Point><position>7337</position><in_Quantity.quantity>0.000000</in_Quantity.quantity><out_Quantity.quantity>347.152701</out_Quantity.quantity></Point><Point><position>7338</position><in_Quantity.quantity>0.000000</in_Quantity.quantity><out_Quantity.quantity>970.788352</out_Quantity.quantity></Point><Point><position>7339</position><in_Quantity.quantity>0.000000</in_Quantity.quantity><out_Quantity.quantity>950.835224</out_Quantity.quantity></Point><Point><position>7340</position><in_Quantity.quantity>0.000000</in_Quantity.quantity><out_Quantity.quantity>958.501879</out_Quantity.quantity></Point><Point><position>7341</position><in_Quantity.quantity>0.000000</in_Quantity.quantity><out_Quantity.quantity>379.293878</out_Quantity.quantity></Point><Point><position>7342</position><in_Quantity.quantity>0.000000</in_Quantity.quantity><out_Quantity.quantity>245.854478</out_Quantity.quantity></Point><Point><position>7343</position><in_Quantity.quantity>0.000000</in_Quantity.quantity><out_Quantity.quantity>399.877369</out_Quantity.quantity></Point><Point><position>7344</position><in_Quantity.quantity>0.000000</in_Quantity.quantity><out_Quantity.quantity>264.446454</out_Quantity.quantity></Point><Point><position>7345</position><in_Quantity.quantity>0.000000</in_Quantity.quantity><out_Quantity.quantity>97.879480</out_Quantity.quantity></Point><Point><position>7346</position><in_Quantity.quantity>0.000000</in_Quantity.quantity><out_Quantity.quantity>454.697897</out_Quantity.quantity></Point><Point><position>7347</position><in_Quantity.quantity>0.000000</in_Quantity.quantity><out_Quantity.quantity>845.069999</out_Quantity.quantity></Point><Point><position>7348</position><in_Quantity.quantity>0.000000</in_Quantity.quantity><out_Quantity.quantity>453.510001</out_Quantity.quantity></Point><Point><position>7349</position><in_Quantity.quantity>0.000000</in_Quantity.quantity><out_Quantity.quantity>29.919566</out_Quantity.quantity></Point><Point><position>7350</position><in_Quantity.quantity>0.000000</in_Quantity.quantity><out_Quantity.quantity>862.224771</out_Quantity.quantity></Point><Point><position>7351</position><in_Quantity.quantity>0.000000</in_Quantity.quantity><out_Quantity.quantity>7.971357</out_Quantity.quantity></Point><Point><position>7352</position><in_Quantity.quantity>0.000000</in_Quantity.quantity><out_Quantity.quantity>590.306480</out_Quantity.quantity></Point><Point><position>7353</position><in_Quantity.quantity>0.000000</in_Quantity.quantity><out_Quantity.quantity>103.363437</out_Quantity.quantity></Point><Point><position>7354</position><in_Quantity.quantity>0.000000</in_Quantity.quantity><out_Quantity.quantity>531.139059</out_Quantity.quantity></Point><Point><position>7355</position><in_Quantity.quantity>0.000000</in_Quantity.quantity><out_Quantity.quantity>936.398573</out_Quantity.quantity></Point><Point><position>7356</position><in_Quantity.quantity>0.000000</in_Quantity.quantity><out_Quantity.quantity>463.001424</out_Quantity.quantity></Point><Point><position>7357</position><in_Quantity.quantity>0.000000</in_Quantity.quantity><out_Quantity.quantity>472.591666</out_Quantity.quantity></Point><Point><position>7358</position><in_Quantity.quantity>0.000000</in_Quantity.quantity><out_Quantity.quantity>772.501436</out_Quantity.quantity></Point><Point><position>7359</position><in_Quantity.quantity>0.000000</in_Quantity.quantity><out_Quantity.quantity>522.361377</out_Quantity.quantity></Point><Point><position>7360</position><in_Quantity.quantity>0.000000</in_Quantity.quantity><out_Quantity.quantity>868.735221</out_Quantity.quantity></Point><Point><position>7361</position><in_Quantity.quantity>0.000000</in_Quantity.quantity><out_Quantity.quantity>757.570857</out_Quantity.quantity></Point><Point><position>7362</position><in_Quantity.quantity>0.000000</in_Quantity.quantity><out_Quantity.quantity>258.780140</out_Quantity.quantity></Point><Point><position>7363</position><in_Quantity.quantity>0.000000</in_Quantity.quantity><out_Quantity.quantity>397.202909</out_Quantity.quantity></Point><Point><position>7364</position><in_Quantity.quantity>0.000000</in_Quantity.quantity><out_Quantity.quantity>127.365552</out_Quantity.quantity></Point><Point><position>7365</position><in_Quantity.quantity>0.000000</in_Quantity.quantity><out_Quantity.quantity>437.407429</out_Quantity.quantity></Point><Point><position>7366</position><in_Quantity.quantity>0.000000</in_Quantity.quantity><out_Quantity.quantity>707.093383</out_Quantity.quantity></Point><Point><position>7367</position><in_Quantity.quantity>0.000000</in_Quantity.quantity><out_Quantity.quantity>293.573588</out_Quantity.quantity></Point><Point><position>7368</position><in_Quantity.quantity>0.000000</in_Quantity.quantity><out_Quantity.quantity>762.721822</out_Quantity.quantity></Point><Point><position>7369</position><in_Quantity.quantity>0.000000</in_Quantity.quantity><out_Quantity.quantity>631.255935</out_Quantity.quantity></Point><Point><position>7370</position><in_Quantity.quantity>0.000000</in_Quantity.quantity><out_Quantity.quantity>241.100073</out_Quantity.quantity></Point><Point><position>7371</position><in_Quantity.quantity>0.000000</in_Quantity.quantity><out_Quantity.quantity>576.650664</out_Quantity.quantity></Point><Point><position>7372</position><in_Quantity.quantity>0.000000</in_Quantity.quantity><out_Quantity.quantity>577.261984</out_Quantity.quantity></Point><Point><position>7373</position><in_Quantity.quantity>0.000000</in_Quantity.quantity><out_Quantity.quantity>325.257826</out_Quantity.quantity></Point><Point><position>7374</position><in_Quantity.quantity>0.000000</in_Quantity.quantity><out_Quantity.quantity>774.945172</out_Quantity.quantity></Point><Point><position>7375</position><in_Quantity.quantity>0.000000</in_Quantity.quantity><out_Quantity.quantity>951.602423</out_Quantity.quantity></Point><Point><position>7376</position><in_Quantity.quantity>0.000000</in_Quantity.quantity><out_Quantity.quantity>622.557886</out_Quantity.quantity></Point><Point><position>7377</position><in_Quantity.quantity>0.000000</in_Quantity.quantity><out_Quantity.quantity>874.243283</out_Quantity.quantity></Point><Point><position>7378</position><in_Quantity.quantity>0.000000</in_Quantity.quantity><out_Quantity.quantity>536.039326</out_Quantity.quantity></Point><Point><position>7379</position><in_Quantity.quantity>0.000000</in_Quantity.quantity><out_Quantity.quantity>571.879619</out_Quantity.quantity></Point><Point><position>7380</position><in_Quantity.quantity>0.000000</in_Quantity.quantity><out_Quantity.quantity>951.641128</out_Quantity.quantity></Point><Point><position>7381</position><in_Quantity.quantity>0.000000</in_Quantity.quantity><out_Quantity.quantity>541.939200</out_Quantity.quantity></Point><Point><position>7382</position><in_Quantity.quantity>0.000000</in_Quantity.quantity><out_Quantity.quantity>306.320991</out_Quantity.quantity></Point><Point><position>7383</position><in_Quantity.quantity>0.000000</in_Quantity.quantity><out_Quantity.quantity>853.751826</out_Quantity.quantity></Point><Point><position>7384</position><in_Quantity.quantity>0.000000</in_Quantity.quantity><out_Quantity.quantity>805.139191</out_Quantity.quantity></Point><Point><position>7385</position><in_Quantity.quantity>0.000000</in_Quantity.quantity><out_Quantity.quantity>54.234947</out_Quantity.quantity></Point><Point><position>7386</position><in_Quantity.quantity>0.000000</in_Quantity.quantity><out_Quantity.quantity>878.095491</out_Quantity.quantity></Point><Point><position>7387</position><in_Quantity.quantity>0.000000</in_Quantity.quantity><out_Quantity.quantity>339.731639</out_Quantity.quantity></Point><Point><position>7388</position><in_Quantity.quantity>0.000000</in_Quantity.quantity><out_Quantity.quantity>287.762585</out_Quantity.quantity></Point><Point><position>7389</position><in_Quantity.quantity>0.000000</in_Quantity.quantity><out_Quantity.quantity>567.098028</out_Quantity.quantity></Point><Point><position>7390</position><in_Quantity.quantity>0.000000</in_Quantity.quantity><out_Quantity.quantity>711.192718</out_Quantity.quantity></Point><Point><position>7391</position><in_Quantity.quantity>0.000000</in_Quantity.quantity><out_Quantity.quantity>802.072550</out_Quantity.quantity></Point><Point><position>7392</position><in_Quantity.quantity>0.000000</in_Quantity.quantity><out_Quantity.quantity>256.722806</out_Quantity.quantity></Point><Point><position>7393</position><in_Quantity.quantity>0.000000</in_Quantity.quantity><out_Quantity.quantity>829.306337</out_Quantity.quantity></Point><Point><position>7394</position><in_Quantity.quantity>0.000000</in_Quantity.quantity><out_Quantity.quantity>302.470546</out_Quantity.quantity></Point><Point><position>7395</position><in_Quantity.quantity>0.000000</in_Quantity.quantity><out_Quantity.quantity>524.169280</out_Quantity.quantity></Point><Point><position>7396</position><in_Quantity.quantity>0.000000</in_Quantity.quantity><out_Quantity.quantity>224.061690</out_Quantity.quantity></Point><Point><position>7397</position><in_Quantity.quantity>0.000000</in_Quantity.quantity><out_Quantity.quantity>776.068504</out_Quantity.quantity></Point><Point><position>7398</position><in_Quantity.quantity>0.000000</in_Quantity.quantity><out_Quantity.quantity>10.967564</out_Quantity.quantity></Point><Point><position>7399</position><in_Quantity.quantity>0.000000</in_Quantity.quantity><out_Quantity.quantity>287.288807</out_Quantity.quantity></Point><Point><position>7400</position><in_Quantity.quantity>0.000000</in_Quantity.quantity><out_Quantity.quantity>414.695654</out_Quantity.quantity></Point><Point><position>7401</position><in_Quantity.quantity>0.000000</in_Quantity.quantity><out_Quantity.quantity>473.174726</out_Quantity.quantity></Point><Point><position>7402</position><in_Quantity.quantity>0.000000</in_Quantity.quantity><out_Quantity.quantity>502.614917</out_Quantity.quantity></Point><Point><position>7403</position><in_Quantity.quantity>0.000000</in_Quantity.quantity><out_Quantity.quantity>256.006113</out_Quantity.quantity></Point><Point><position>7404</position><in_Quantity.quantity>0.000000</in_Quantity.quantity><out_Quantity.quantity>499.497015</out_Quantity.quantity></Point><Point><position>7405</position><in_Quantity.quantity>0.000000</in_Quantity.quantity><out_Quantity.quantity>310.240384</out_Quantity.quantity></Point><Point><position>7406</position><in_Quantity.quantity>0.000000</in_Quantity.quantity><out_Quantity.quantity>75.874582</out_Quantity.quantity></Point><Point><position>7407</position><in_Quantity.quantity>0.000000</in_Quantity.quantity><out_Quantity.quantity>949.011222</out_Quantity.quantity></Point><Point><position>7408</position><in_Quantity.quantity>0.000000</in_Quantity.quantity><out_Quantity.quantity>588.292684</out_Quantity.quantity></Point><Point><position>7409</position><in_Quantity.quantity>0.000000</in_Quantity.quantity><out_Quantity.quantity>931.740397</out_Quantity.quantity></Point><Point><position>7410</position><in_Quantity.quantity>0.000000</in_Quantity.quantity><out_Quantity.quantity>599.056585</out_Quantity.quantity></Point><Point><position>7411</position><in_Quantity.quantity>0.000000</in_Quantity.quantity><out_Quantity.quantity>97.956166</out_Quantity.quantity></Point><Point><position>7412</position><in_Quantity.quantity>0.000000</in_Quantity.quantity><out_Quantity.quantity>246.763734</out_Quantity.quantity></Point><Point><position>7413</position><in_Quantity.quantity>0.000000</in_Quantity.quantity><out_Quantity.quantity>331.073908</out_Quantity.quantity></Point><Point><position>7414</position><in_Quantity.quantity>0.000000</in_Quantity.quantity><out_Quantity.quantity>462.757953</out_Quantity.quantity></Point><Point><position>7415</position><in_Quantity.quantity>0.000000</in_Quantity.quantity><out_Quantity.quantity>137.896124</out_Quantity.quantity></Point><Point><position>7416</position><in_Quantity.quantity>0.000000</in_Quantity.quantity><out_Quantity.quantity>329.686532</out_Quantity.quantity></Point><Point><position>7417</position><in_Quantity.quantity>0.000000</in_Quantity.quantity><out_Quantity.quantity>994.253689</out_Quantity.quantity></Point><Point><position>7418</position><in_Quantity.quantity>0.000000</in_Quantity.quantity><out_Quantity.quantity>326.791431</out_Quantity.quantity></Point><Point><position>7419</position><in_Quantity.quantity>0.000000</in_Quantity.quantity><out_Quantity.quantity>52.265085</out_Quantity.quantity></Point><Point><position>7420</position><in_Quantity.quantity>0.000000</in_Quantity.quantity><out_Quantity.quantity>682.448454</out_Quantity.quantity></Point><Point><position>7421</position><in_Quantity.quantity>0.000000</in_Quantity.quantity><out_Quantity.quantity>560.931892</out_Quantity.quantity></Point><Point><position>7422</position><in_Quantity.quantity>0.000000</in_Quantity.quantity><out_Quantity.quantity>179.474534</out_Quantity.quantity></Point><Point><position>7423</position><in_Quantity.quantity>0.000000</in_Quantity.quantity><out_Quantity.quantity>342.567058</out_Quantity.quantity></Point><Point><position>7424</position><in_Quantity.quantity>0.000000</in_Quantity.quantity><out_Quantity.quantity>538.484217</out_Quantity.quantity></Point><Point><position>7425</position><in_Quantity.quantity>0.000000</in_Quantity.quantity><out_Quantity.quantity>937.749611</out_Quantity.quantity></Point><Point><position>7426</position><in_Quantity.quantity>0.000000</in_Quantity.quantity><out_Quantity.quantity>261.698800</out_Quantity.quantity></Point><Point><position>7427</position><in_Quantity.quantity>0.000000</in_Quantity.quantity><out_Quantity.quantity>438.714128</out_Quantity.quantity></Point><Point><position>7428</position><in_Quantity.quantity>0.000000</in_Quantity.quantity><out_Quantity.quantity>409.425930</out_Quantity.quantity></Point><Point><position>7429</position><in_Quantity.quantity>0.000000</in_Quantity.quantity><out_Quantity.quantity>518.354354</out_Quantity.quantity></Point><Point><position>7430</position><in_Quantity.quantity>0.000000</in_Quantity.quantity><out_Quantity.quantity>516.814322</out_Quantity.quantity></Point><Point><position>7431</position><in_Quantity.quantity>0.000000</in_Quantity.quantity><out_Quantity.quantity>260.052686</out_Quantity.quantity></Point><Point><position>7432</position><in_Quantity.quantity>0.000000</in_Quantity.quantity><out_Quantity.quantity>98.538903</out_Quantity.quantity></Point><Point><position>7433</position><in_Quantity.quantity>0.000000</in_Quantity.quantity><out_Quantity.quantity>541.517292</out_Quantity.quantity></Point><Point><position>7434</position><in_Quantity.quantity>0.000000</in_Quantity.quantity><out_Quantity.quantity>811.907614</out_Quantity.quantity></Point><Point><position>7435</position><in_Quantity.quantity>0.000000</in_Quantity.quantity><out_Quantity.quantity>193.892517</out_Quantity.quantity></Point><Point><position>7436</position><in_Quantity.quantity>0.000000</in_Quantity.quantity><out_Quantity.quantity>337.482249</out_Quantity.quantity></Point><Point><position>7437</position><in_Quantity.quantity>0.000000</in_Quantity.quantity><out_Quantity.quantity>117.567305</out_Quantity.quantity></Point><Point><position>7438</position><in_Quantity.quantity>0.000000</in_Quantity.quantity><out_Quantity.quantity>631.732728</out_Quantity.quantity></Point><Point><position>7439</position><in_Quantity.quantity>0.000000</in_Quantity.quantity><out_Quantity.quantity>155.305012</out_Quantity.quantity></Point><Point><position>7440</position><in_Quantity.quantity>0.000000</in_Quantity.quantity><out_Quantity.quantity>400.358679</out_Quantity.quantity></Point><Point><position>7441</position><in_Quantity.quantity>0.000000</in_Quantity.quantity><out_Quantity.quantity>872.222239</out_Quantity.quantity></Point><Point><position>7442</position><in_Quantity.quantity>0.000000</in_Quantity.quantity><out_Quantity.quantity>850.075759</out_Quantity.quantity></Point><Point><position>7443</position><in_Quantity.quantity>0.000000</in_Quantity.quantity><out_Quantity.quantity>806.078038</out_Quantity.quantity></Point><Point><position>7444</position><in_Quantity.quantity>0.000000</in_Quantity.quantity><out_Quantity.quantity>702.014574</out_Quantity.quantity></Point><Point><position>7445</position><in_Quantity.quantity>0.000000</in_Quantity.quantity><out_Quantity.quantity>241.734325</out_Quantity.quantity></Point><Point><position>7446</position><in_Quantity.quantity>0.000000</in_Quantity.quantity><out_Quantity.quantity>417.376247</out_Quantity.quantity></Point><Point><position>7447</position><in_Quantity.quantity>0.000000</in_Quantity.quantity><out_Quantity.quantity>415.714372</out_Quantity.quantity></Point><Point><position>7448</position><in_Quantity.quantity>0.000000</in_Quantity.quantity><out_Quantity.quantity>509.816356</out_Quantity.quantity></Point><Point><position>7449</position><in_Quantity.quantity>0.000000</in_Quantity.quantity><out_Quantity.quantity>621.064466</out_Quantity.quantity></Point><Point><position>7450</position><in_Quantity.quantity>0.000000</in_Quantity.quantity><out_Quantity.quantity>982.226701</out_Quantity.quantity></Point><Point><position>7451</position><in_Quantity.quantity>0.000000</in_Quantity.quantity><out_Quantity.quantity>268.200510</out_Quantity.quantity></Point><Point><position>7452</position><in_Quantity.quantity>0.000000</in_Quantity.quantity><out_Quantity.quantity>871.222095</out_Quantity.quantity></Point><Point><position>7453</position><in_Quantity.quantity>0.000000</in_Quantity.quantity><out_Quantity.quantity>614.038193</out_Quantity.quantity></Point><Point><position>7454</position><in_Quantity.quantity>0.000000</in_Quantity.quantity><out_Quantity.quantity>710.456930</out_Quantity.quantity></Point><Point><position>7455</position><in_Quantity.quantity>0.000000</in_Quantity.quantity><out_Quantity.quantity>610.515886</out_Quantity.quantity></Point><Point><position>7456</position><in_Quantity.quantity>0.000000</in_Quantity.quantity><out_Quantity.quantity>586.975856</out_Quantity.quantity></Point><Point><position>7457</position><in_Quantity.quantity>0.000000</in_Quantity.quantity><out_Quantity.quantity>890.870959</out_Quantity.quantity></Point><Point><position>7458</position><in_Quantity.quantity>0.000000</in_Quantity.quantity><out_Quantity.quantity>421.907531</out_Quantity.quantity></Point><Point><position>7459</position><in_Quantity.quantity>0.000000</in_Quantity.quantity><out_Quantity.quantity>2.915594</out_Quantity.quantity></Point><Point><position>7460</position><in_Quantity.quantity>0.000000</in_Quantity.quantity><out_Quantity.quantity>57.742629</out_Quantity.quantity></Point><Point><position>7461</position><in_Quantity.quantity>0.000000</in_Quantity.quantity><out_Quantity.quantity>485.263119</out_Quantity.quantity></Point><Point><position>7462</position><in_Quantity.quantity>0.000000</in_Quantity.quantity><out_Quantity.quantity>416.127411</out_Quantity.quantity></Point><Point><position>7463</position><in_Quantity.quantity>0.000000</in_Quantity.quantity><out_Quantity.quantity>45.256313</out_Quantity.quantity></Point><Point><position>7464</position><in_Quantity.quantity>0.000000</in_Quantity.quantity><out_Quantity.quantity>259.708857</out_Quantity.quantity></Point><Point><position>7465</position><in_Quantity.quantity>0.000000</in_Quantity.quantity><out_Quantity.quantity>888.568777</out_Quantity.quantity></Point><Point><position>7466</position><in_Quantity.quantity>0.000000</in_Quantity.quantity><out_Quantity.quantity>209.150116</out_Quantity.quantity></Point><Point><position>7467</position><in_Quantity.quantity>0.000000</in_Quantity.quantity><out_Quantity.quantity>163.170590</out_Quantity.quantity></Point><Point><position>7468</position><in_Quantity.quantity>0.000000</in_Quantity.quantity><out_Quantity.quantity>381.250453</out_Quantity.quantity></Point><Point><position>7469</position><in_Quantity.quantity>0.000000</in_Quantity.quantity><out_Quantity.quantity>406.587909</out_Quantity.quantity></Point><Point><position>7470</position><in_Quantity.quantity>0.000000</in_Quantity.quantity><out_Quantity.quantity>284.615281</out_Quantity.quantity></Point><Point><position>7471</position><in_Quantity.quantity>0.000000</in_Quantity.quantity><out_Quantity.quantity>23.918209</out_Quantity.quantity></Point><Point><position>7472</position><in_Quantity.quantity>0.000000</in_Quantity.quantity><out_Quantity.quantity>974.534084</out_Quantity.quantity></Point><Point><position>7473</position><in_Quantity.quantity>0.000000</in_Quantity.quantity><out_Quantity.quantity>520.319778</out_Quantity.quantity></Point><Point><position>7474</position><in_Quantity.quantity>0.000000</in_Quantity.quantity><out_Quantity.quantity>400.447966</out_Quantity.quantity></Point><Point><position>7475</position><in_Quantity.quantity>0.000000</in_Quantity.quantity><out_Quantity.quantity>5.940887</out_Quantity.quantity></Point><Point><position>7476</position><in_Quantity.quantity>0.000000</in_Quantity.quantity><out_Quantity.quantity>430.087136</out_Quantity.quantity></Point><Point><position>7477</position><in_Quantity.quantity>0.000000</in_Quantity.quantity><out_Quantity.quantity>185.600322</out_Quantity.quantity></Point><Point><position>7478</position><in_Quantity.quantity>0.000000</in_Quantity.quantity><out_Quantity.quantity>318.661370</out_Quantity.quantity></Point><Point><position>7479</position><in_Quantity.quantity>0.000000</in_Quantity.quantity><out_Quantity.quantity>208.519439</out_Quantity.quantity></Point><Point><position>7480</position><in_Quantity.quantity>0.000000</in_Quantity.quantity><out_Quantity.quantity>894.647237</out_Quantity.quantity></Point><Point><position>7481</position><in_Quantity.quantity>0.000000</in_Quantity.quantity><out_Quantity.quantity>956.144070</out_Quantity.quantity></Point><Point><position>7482</position><in_Quantity.quantity>0.000000</in_Quantity.quantity><out_Quantity.quantity>674.907193</out_Quantity.quantity></Point><Point><position>7483</position><in_Quantity.quantity>0.000000</in_Quantity.quantity><out_Quantity.quantity>375.350268</out_Quantity.quantity></Point><Point><position>7484</position><in_Quantity.quantity>0.000000</in_Quantity.quantity><out_Quantity.quantity>60.290779</out_Quantity.quantity></Point><Point><position>7485</position><in_Quantity.quantity>0.000000</in_Quantity.quantity><out_Quantity.quantity>620.358885</out_Quantity.quantity></Point><Point><position>7486</position><in_Quantity.quantity>0.000000</in_Quantity.quantity><out_Quantity.quantity>839.383182</out_Quantity.quantity></Point><Point><position>7487</position><in_Quantity.quantity>0.000000</in_Quantity.quantity><out_Quantity.quantity>891.666181</out_Quantity.quantity></Point><Point><position>7488</position><in_Quantity.quantity>0.000000</in_Quantity.quantity><out_Quantity.quantity>346.700080</out_Quantity.quantity></Point><Point><position>7489</position><in_Quantity.quantity>0.000000</in_Quantity.quantity><out_Quantity.quantity>349.458840</out_Quantity.quantity></Point><Point><position>7490</position><in_Quantity.quantity>0.000000</in_Quantity.quantity><out_Quantity.quantity>536.669799</out_Quantity.quantity></Point><Point><position>7491</position><in_Quantity.quantity>0.000000</in_Quantity.quantity><out_Quantity.quantity>463.871047</out_Quantity.quantity></Point><Point><position>7492</position><in_Quantity.quantity>0.000000</in_Quantity.quantity><out_Quantity.quantity>332.934628</out_Quantity.quantity></Point><Point><position>7493</position><in_Quantity.quantity>0.000000</in_Quantity.quantity><out_Quantity.quantity>296.724249</out_Quantity.quantity></Point><Point><position>7494</position><in_Quantity.quantity>0.000000</in_Quantity.quantity><out_Quantity.quantity>739.325242</out_Quantity.quantity></Point><Point><position>7495</position><in_Quantity.quantity>0.000000</in_Quantity.quantity><out_Quantity.quantity>629.995431</out_Quantity.quantity></Point><Point><position>7496</position><in_Quantity.quantity>0.000000</in_Quantity.quantity><out_Quantity.quantity>174.278126</out_Quantity.quantity></Point><Point><position>7497</position><in_Quantity.quantity>0.000000</in_Quantity.quantity><out_Quantity.quantity>514.059084</out_Quantity.quantity></Point><Point><position>7498</position><in_Quantity.quantity>0.000000</in_Quantity.quantity><out_Quantity.quantity>118.730606</out_Quantity.quantity></Point><Point><position>7499</position><in_Quantity.quantity>0.000000</in_Quantity.quantity><out_Quantity.quantity>480.012884</out_Quantity.quantity></Point><Point><position>7500</position><in_Quantity.quantity>0.000000</in_Quantity.quantity><out_Quantity.quantity>381.360382</out_Quantity.quantity></Point><Point><position>7501</position><in_Quantity.quantity>0.000000</in_Quantity.quantity><out_Quantity.quantity>785.984943</out_Quantity.quantity></Point><Point><position>7502</position><in_Quantity.quantity>0.000000</in_Quantity.quantity><out_Quantity.quantity>463.689255</out_Quantity.quantity></Point><Point><position>7503</position><in_Quantity.quantity>0.000000</in_Quantity.quantity><out_Quantity.quantity>819.599830</out_Quantity.quantity></Point><Point><position>7504</position><in_Quantity.quantity>0.000000</in_Quantity.quantity><out_Quantity.quantity>759.670488</out_Quantity.quantity></Point><Point><position>7505</position><in_Quantity.quantity>0.000000</in_Quantity.quantity><out_Quantity.quantity>706.373601</out_Quantity.quantity></Point><Point><position>7506</position><in_Quantity.quantity>0.000000</in_Quantity.quantity><out_Quantity.quantity>198.937581</out_Quantity.quantity></Point><Point><position>7507</position><in_Quantity.quantity>0.000000</in_Quantity.quantity><out_Quantity.quantity>617.929826</out_Quantity.quantity></Point><Point><position>7508</position><in_Quantity.quantity>0.000000</in_Quantity.quantity><out_Quantity.quantity>932.896414</out_Quantity.quantity></Point><Point><position>7509</position><in_Quantity.quantity>0.000000</in_Quantity.quantity><out_Quantity.quantity>826.645067</out_Quantity.quantity></Point><Point><position>7510</position><in_Quantity.quantity>0.000000</in_Quantity.quantity><out_Quantity.quantity>629.827846</out_Quantity.quantity></Point><Point><position>7511</position><in_Quantity.quantity>0.000000</in_Quantity.quantity><out_Quantity.quantity>751.098789</out_Quantity.quantity></Point><Point><position>7512</position><in_Quantity.quantity>0.000000</in_Quantity.quantity><out_Quantity.quantity>100.068545</out_Quantity.quantity></Point><Point><position>7513</position><in_Quantity.quantity>0.000000</in_Quantity.quantity><out_Quantity.quantity>929.891609</out_Quantity.quantity></Point><Point><position>7514</position><in_Quantity.quantity>0.000000</in_Quantity.quantity><out_Quantity.quantity>117.665269</out_Quantity.quantity></Point><Point><position>7515</position><in_Quantity.quantity>0.000000</in_Quantity.quantity><out_Quantity.quantity>249.213075</out_Quantity.quantity></Point><Point><position>7516</position><in_Quantity.quantity>0.000000</in_Quantity.quantity><out_Quantity.quantity>961.053995</out_Quantity.quantity></Point><Point><position>7517</position><in_Quantity.quantity>0.000000</in_Quantity.quantity><out_Quantity.quantity>683.607597</out_Quantity.quantity></Point><Point><position>7518</position><in_Quantity.quantity>0.000000</in_Quantity.quantity><out_Quantity.quantity>654.051865</out_Quantity.quantity></Point><Point><position>7519</position><in_Quantity.quantity>0.000000</in_Quantity.quantity><out_Quantity.quantity>392.091139</out_Quantity.quantity></Point><Point><position>7520</position><in_Quantity.quantity>0.000000</in_Quantity.quantity><out_Quantity.quantity>792.258055</out_Quantity.quantity></Point><Point><position>7521</position><in_Quantity.quantity>0.000000</in_Quantity.quantity><out_Quantity.quantity>528.917990</out_Quantity.quantity></Point><Point><position>7522</position><in_Quantity.quantity>0.000000</in_Quantity.quantity><out_Quantity.quantity>789.749293</out_Quantity.quantity></Point><Point><position>7523</position><in_Quantity.quantity>0.000000</in_Quantity.quantity><out_Quantity.quantity>506.157472</out_Quantity.quantity></Point><Point><position>7524</position><in_Quantity.quantity>0.000000</in_Quantity.quantity><out_Quantity.quantity>878.388365</out_Quantity.quantity></Point><Point><position>7525</position><in_Quantity.quantity>0.000000</in_Quantity.quantity><out_Quantity.quantity>355.551437</out_Quantity.quantity></Point><Point><position>7526</position><in_Quantity.quantity>0.000000</in_Quantity.quantity><out_Quantity.quantity>805.850977</out_Quantity.quantity></Point><Point><position>7527</position><in_Quantity.quantity>0.000000</in_Quantity.quantity><out_Quantity.quantity>585.512447</out_Quantity.quantity></Point><Point><position>7528</position><in_Quantity.quantity>0.000000</in_Quantity.quantity><out_Quantity.quantity>902.374858</out_Quantity.quantity></Point><Point><position>7529</position><in_Quantity.quantity>0.000000</in_Quantity.quantity><out_Quantity.quantity>569.999086</out_Quantity.quantity></Point><Point><position>7530</position><in_Quantity.quantity>0.000000</in_Quantity.quantity><out_Quantity.quantity>746.599016</out_Quantity.quantity></Point><Point><position>7531</position><in_Quantity.quantity>0.000000</in_Quantity.quantity><out_Quantity.quantity>32.536419</out_Quantity.quantity></Point><Point><position>7532</position><in_Quantity.quantity>0.000000</in_Quantity.quantity><out_Quantity.quantity>20.252943</out_Quantity.quantity></Point><Point><position>7533</position><in_Quantity.quantity>0.000000</in_Quantity.quantity><out_Quantity.quantity>974.093099</out_Quantity.quantity></Point><Point><position>7534</position><in_Quantity.quantity>0.000000</in_Quantity.quantity><out_Quantity.quantity>242.396768</out_Quantity.quantity></Point><Point><position>7535</position><in_Quantity.quantity>0.000000</in_Quantity.quantity><out_Quantity.quantity>547.679991</out_Quantity.quantity></Point><Point><position>7536</position><in_Quantity.quantity>0.000000</in_Quantity.quantity><out_Quantity.quantity>775.131740</out_Quantity.quantity></Point><Point><position>7537</position><in_Quantity.quantity>0.000000</in_Quantity.quantity><out_Quantity.quantity>136.422567</out_Quantity.quantity></Point><Point><position>7538</position><in_Quantity.quantity>0.000000</in_Quantity.quantity><out_Quantity.quantity>454.165615</out_Quantity.quantity></Point><Point><position>7539</position><in_Quantity.quantity>0.000000</in_Quantity.quantity><out_Quantity.quantity>325.972938</out_Quantity.quantity></Point><Point><position>7540</position><in_Quantity.quantity>0.000000</in_Quantity.quantity><out_Quantity.quantity>84.053107</out_Quantity.quantity></Point><Point><position>7541</position><in_Quantity.quantity>0.000000</in_Quantity.quantity><out_Quantity.quantity>597.656931</out_Quantity.quantity></Point><Point><position>7542</position><in_Quantity.quantity>0.000000</in_Quantity.quantity><out_Quantity.quantity>519.476089</out_Quantity.quantity></Point><Point><position>7543</position><in_Quantity.quantity>0.000000</in_Quantity.quantity><out_Quantity.quantity>5.345929</out_Quantity.quantity></Point><Point><position>7544</position><in_Quantity.quantity>0.000000</in_Quantity.quantity><out_Quantity.quantity>48.587076</out_Quantity.quantity></Point><Point><position>7545</position><in_Quantity.quantity>0.000000</in_Quantity.quantity><out_Quantity.quantity>781.368331</out_Quantity.quantity></Point><Point><position>7546</position><in_Quantity.quantity>0.000000</in_Quantity.quantity><out_Quantity.quantity>86.741644</out_Quantity.quantity></Point><Point><position>7547</position><in_Quantity.quantity>0.000000</in_Quantity.quantity><out_Quantity.quantity>573.365635</out_Quantity.quantity></Point><Point><position>7548</position><in_Quantity.quantity>0.000000</in_Quantity.quantity><out_Quantity.quantity>537.103503</out_Quantity.quantity></Point><Point><position>7549</position><in_Quantity.quantity>0.000000</in_Quantity.quantity><out_Quantity.quantity>794.143474</out_Quantity.quantity></Point><Point><position>7550</position><in_Quantity.quantity>0.000000</in_Quantity.quantity><out_Quantity.quantity>647.517987</out_Quantity.quantity></Point><Point><position>7551</position><in_Quantity.quantity>0.000000</in_Quantity.quantity><out_Quantity.quantity>905.975922</out_Quantity.quantity></Point><Point><position>7552</position><in_Quantity.quantity>0.000000</in_Quantity.quantity><out_Quantity.quantity>37.562085</out_Quantity.quantity></Point><Point><position>7553</position><in_Quantity.quantity>0.000000</in_Quantity.quantity><out_Quantity.quantity>690.499056</out_Quantity.quantity></Point><Point><position>7554</position><in_Quantity.quantity>0.000000</in_Quantity.quantity><out_Quantity.quantity>561.340402</out_Quantity.quantity></Point><Point><position>7555</position><in_Quantity.quantity>0.000000</in_Quantity.quantity><out_Quantity.quantity>932.213497</out_Quantity.quantity></Point><Point><position>7556</position><in_Quantity.quantity>0.000000</in_Quantity.quantity><out_Quantity.quantity>352.635748</out_Quantity.quantity></Point><Point><position>7557</position><in_Quantity.quantity>0.000000</in_Quantity.quantity><out_Quantity.quantity>543.424513</out_Quantity.quantity></Point><Point><position>7558</position><in_Quantity.quantity>0.000000</in_Quantity.quantity><out_Quantity.quantity>782.474854</out_Quantity.quantity></Point><Point><position>7559</position><in_Quantity.quantity>0.000000</in_Quantity.quantity><out_Quantity.quantity>246.265886</out_Quantity.quantity></Point><Point><position>7560</position><in_Quantity.quantity>0.000000</in_Quantity.quantity><out_Quantity.quantity>85.516266</out_Quantity.quantity></Point><Point><position>7561</position><in_Quantity.quantity>0.000000</in_Quantity.quantity><out_Quantity.quantity>668.492134</out_Quantity.quantity></Point><Point><position>7562</position><in_Quantity.quantity>0.000000</in_Quantity.quantity><out_Quantity.quantity>522.872776</out_Quantity.quantity></Point><Point><position>7563</position><in_Quantity.quantity>0.000000</in_Quantity.quantity><out_Quantity.quantity>876.928946</out_Quantity.quantity></Point><Point><position>7564</position><in_Quantity.quantity>0.000000</in_Quantity.quantity><out_Quantity.quantity>835.982371</out_Quantity.quantity></Point><Point><position>7565</position><in_Quantity.quantity>0.000000</in_Quantity.quantity><out_Quantity.quantity>288.498394</out_Quantity.quantity></Point><Point><position>7566</position><in_Quantity.quantity>0.000000</in_Quantity.quantity><out_Quantity.quantity>674.263587</out_Quantity.quantity></Point><Point><position>7567</position><in_Quantity.quantity>0.000000</in_Quantity.quantity><out_Quantity.quantity>530.078410</out_Quantity.quantity></Point><Point><position>7568</position><in_Quantity.quantity>0.000000</in_Quantity.quantity><out_Quantity.quantity>919.340056</out_Quantity.quantity></Point><Point><position>7569</position><in_Quantity.quantity>0.000000</in_Quantity.quantity><out_Quantity.quantity>523.305021</out_Quantity.quantity></Point><Point><position>7570</position><in_Quantity.quantity>0.000000</in_Quantity.quantity><out_Quantity.quantity>800.009287</out_Quantity.quantity></Point><Point><position>7571</position><in_Quantity.quantity>0.000000</in_Quantity.quantity><out_Quantity.quantity>983.434090</out_Quantity.quantity></Point><Point><position>7572</position><in_Quantity.quantity>0.000000</in_Quantity.quantity><out_Quantity.quantity>328.155409</out_Quantity.quantity></Point><Point><position>7573</position><in_Quantity.quantity>0.000000</in_Quantity.quantity><out_Quantity.quantity>917.162644</out_Quantity.quantity></Point><Point><position>7574</position><in_Quantity.quantity>0.000000</in_Quantity.quantity><out_Quantity.quantity>642.082957</out_Quantity.quantity></Point><Point><position>7575</position><in_Quantity.quantity>0.000000</in_Quantity.quantity><out_Quantity.quantity>897.409783</out_Quantity.quantity></Point><Point><position>7576</position><in_Quantity.quantity>0.000000</in_Quantity.quantity><out_Quantity.quantity>797.547494</out_Quantity.quantity></Point><Point><position>7577</position><in_Quantity.quantity>0.000000</in_Quantity.quantity><out_Quantity.quantity>66.658100</out_Quantity.quantity></Point><Point><position>7578</position><in_Quantity.quantity>0.000000</in_Quantity.quantity><out_Quantity.quantity>810.619458</out_Quantity.quantity></Point><Point><position>7579</position><in_Quantity.quantity>0.000000</in_Quantity.quantity><out_Quantity.quantity>431.765813</out_Quantity.quantity></Point><Point><position>7580</position><in_Quantity.quantity>0.000000</in_Quantity.quantity><out_Quantity.quantity>810.980173</out_Quantity.quantity></Point><Point><position>7581</position><in_Quantity.quantity>0.000000</in_Quantity.quantity><out_Quantity.quantity>180.167544</out_Quantity.quantity></Point><Point><position>7582</position><in_Quantity.quantity>0.000000</in_Quantity.quantity><out_Quantity.quantity>107.016642</out_Quantity.quantity></Point><Point><position>7583</position><in_Quantity.quantity>0.000000</in_Quantity.quantity><out_Quantity.quantity>663.783052</out_Quantity.quantity></Point><Point><position>7584</position><in_Quantity.quantity>0.000000</in_Quantity.quantity><out_Quantity.quantity>85.301145</out_Quantity.quantity></Point><Point><position>7585</position><in_Quantity.quantity>0.000000</in_Quantity.quantity><out_Quantity.quantity>193.410503</out_Quantity.quantity></Point><Point><position>7586</position><in_Quantity.quantity>0.000000</in_Quantity.quantity><out_Quantity.quantity>571.534852</out_Quantity.quantity></Point><Point><position>7587</position><in_Quantity.quantity>0.000000</in_Quantity.quantity><out_Quantity.quantity>528.396579</out_Quantity.quantity></Point><Point><position>7588</position><in_Quantity.quantity>0.000000</in_Quantity.quantity><out_Quantity.quantity>584.562976</out_Quantity.quantity></Point><Point><position>7589</position><in_Quantity.quantity>0.000000</in_Quantity.quantity><out_Quantity.quantity>138.547003</out_Quantity.quantity></Point><Point><position>7590</position><in_Quantity.quantity>0.000000</in_Quantity.quantity><out_Quantity.quantity>409.593960</out_Quantity.quantity></Point><Point><position>7591</position><in_Quantity.quantity>0.000000</in_Quantity.quantity><out_Quantity.quantity>360.805911</out_Quantity.quantity></Point><Point><position>7592</position><in_Quantity.quantity>0.000000</in_Quantity.quantity><out_Quantity.quantity>378.493035</out_Quantity.quantity></Point><Point><position>7593</position><in_Quantity.quantity>0.000000</in_Quantity.quantity><out_Quantity.quantity>905.496025</out_Quantity.quantity></Point><Point><position>7594</position><in_Quantity.quantity>0.000000</in_Quantity.quantity><out_Quantity.quantity>72.218112</out_Quantity.quantity></Point><Point><position>7595</position><in_Quantity.quantity>0.000000</in_Quantity.quantity><out_Quantity.quantity>717.569312</out_Quantity.quantity></Point><Point><position>7596</position><in_Quantity.quantity>0.000000</in_Quantity.quantity><out_Quantity.quantity>600.191679</out_Quantity.quantity></Point><Point><position>7597</position><in_Quantity.quantity>0.000000</in_Quantity.quantity><out_Quantity.quantity>505.089464</out_Quantity.quantity></Point><Point><position>7598</position><in_Quantity.quantity>0.000000</in_Quantity.quantity><out_Quantity.quantity>840.804230</out_Quantity.quantity></Point><Point><position>7599</position><in_Quantity.quantity>0.000000</in_Quantity.quantity><out_Quantity.quantity>977.757583</out_Quantity.quantity></Point><Point><position>7600</position><in_Quantity.quantity>0.000000</in_Quantity.quantity><out_Quantity.quantity>846.810378</out_Quantity.quantity></Point><Point><position>7601</position><in_Quantity.quantity>0.000000</in_Quantity.quantity><out_Quantity.quantity>643.027398</out_Quantity.quantity></Point><Point><position>7602</position><in_Quantity.quantity>0.000000</in_Quantity.quantity><out_Quantity.quantity>432.661196</out_Quantity.quantity></Point><Point><position>7603</position><in_Quantity.quantity>0.000000</in_Quantity.quantity><out_Quantity.quantity>894.646232</out_Quantity.quantity></Point><Point><position>7604</position><in_Quantity.quantity>0.000000</in_Quantity.quantity><out_Quantity.quantity>333.090754</out_Quantity.quantity></Point><Point><position>7605</position><in_Quantity.quantity>0.000000</in_Quantity.quantity><out_Quantity.quantity>768.071732</out_Quantity.quantity></Point><Point><position>7606</position><in_Quantity.quantity>0.000000</in_Quantity.quantity><out_Quantity.quantity>637.497965</out_Quantity.quantity></Point><Point><position>7607</position><in_Quantity.quantity>0.000000</in_Quantity.quantity><out_Quantity.quantity>205.095116</out_Quantity.quantity></Point><Point><position>7608</position><in_Quantity.quantity>0.000000</in_Quantity.quantity><out_Quantity.quantity>360.836358</out_Quantity.quantity></Point><Point><position>7609</position><in_Quantity.quantity>0.000000</in_Quantity.quantity><out_Quantity.quantity>658.629224</out_Quantity.quantity></Point><Point><position>7610</position><in_Quantity.quantity>0.000000</in_Quantity.quantity><out_Quantity.quantity>797.453032</out_Quantity.quantity></Point><Point><position>7611</position><in_Quantity.quantity>0.000000</in_Quantity.quantity><out_Quantity.quantity>738.991236</out_Quantity.quantity></Point><Point><position>7612</position><in_Quantity.quantity>0.000000</in_Quantity.quantity><out_Quantity.quantity>303.056712</out_Quantity.quantity></Point><Point><position>7613</position><in_Quantity.quantity>0.000000</in_Quantity.quantity><out_Quantity.quantity>179.570423</out_Quantity.quantity></Point><Point><position>7614</position><in_Quantity.quantity>0.000000</in_Quantity.quantity><out_Quantity.quantity>189.304254</out_Quantity.quantity></Point><Point><position>7615</position><in_Quantity.quantity>0.000000</in_Quantity.quantity><out_Quantity.quantity>275.532305</out_Quantity.quantity></Point><Point><position>7616</position><in_Quantity.quantity>0.000000</in_Quantity.quantity><out_Quantity.quantity>449.758055</out_Quantity.quantity></Point><Point><position>7617</position><in_Quantity.quantity>0.000000</in_Quantity.quantity><out_Quantity.quantity>248.449085</out_Quantity.quantity></Point><Point><position>7618</position><in_Quantity.quantity>0.000000</in_Quantity.quantity><out_Quantity.quantity>810.548773</out_Quantity.quantity></Point><Point><position>7619</position><in_Quantity.quantity>0.000000</in_Quantity.quantity><out_Quantity.quantity>28.524592</out_Quantity.quantity></Point><Point><position>7620</position><in_Quantity.quantity>0.000000</in_Quantity.quantity><out_Quantity.quantity>522.349814</out_Quantity.quantity></Point><Point><position>7621</position><in_Quantity.quantity>0.000000</in_Quantity.quantity><out_Quantity.quantity>910.864560</out_Quantity.quantity></Point><Point><position>7622</position><in_Quantity.quantity>0.000000</in_Quantity.quantity><out_Quantity.quantity>856.876644</out_Quantity.quantity></Point><Point><position>7623</position><in_Quantity.quantity>0.000000</in_Quantity.quantity><out_Quantity.quantity>732.664869</out_Quantity.quantity></Point><Point><position>7624</position><in_Quantity.quantity>0.000000</in_Quantity.quantity><out_Quantity.quantity>901.752970</out_Quantity.quantity></Point><Point><position>7625</position><in_Quantity.quantity>0.000000</in_Quantity.quantity><out_Quantity.quantity>620.700328</out_Quantity.quantity></Point><Point><position>7626</position><in_Quantity.quantity>0.000000</in_Quantity.quantity><out_Quantity.quantity>814.474697</out_Quantity.quantity></Point><Point><position>7627</position><in_Quantity.quantity>0.000000</in_Quantity.quantity><out_Quantity.quantity>854.945127</out_Quantity.quantity></Point><Point><position>7628</position><in_Quantity.quantity>0.000000</in_Quantity.quantity><out_Quantity.quantity>281.835096</out_Quantity.quantity></Point><Point><position>7629</position><in_Quantity.quantity>0.000000</in_Quantity.quantity><out_Quantity.quantity>998.579201</out_Quantity.quantity></Point><Point><position>7630</position><in_Quantity.quantity>0.000000</in_Quantity.quantity><out_Quantity.quantity>569.569937</out_Quantity.quantity></Point><Point><position>7631</position><in_Quantity.quantity>0.000000</in_Quantity.quantity><out_Quantity.quantity>53.156710</out_Quantity.quantity></Point><Point><position>7632</position><in_Quantity.quantity>0.000000</in_Quantity.quantity><out_Quantity.quantity>637.753608</out_Quantity.quantity></Point><Point><position>7633</position><in_Quantity.quantity>0.000000</in_Quantity.quantity><out_Quantity.quantity>401.893221</out_Quantity.quantity></Point><Point><position>7634</position><in_Quantity.quantity>0.000000</in_Quantity.quantity><out_Quantity.quantity>170.435873</out_Quantity.quantity></Point><Point><position>7635</position><in_Quantity.quantity>0.000000</in_Quantity.quantity><out_Quantity.quantity>205.411690</out_Quantity.quantity></Point><Point><position>7636</position><in_Quantity.quantity>0.000000</in_Quantity.quantity><out_Quantity.quantity>685.976022</out_Quantity.quantity></Point><Point><position>7637</position><in_Quantity.quantity>0.000000</in_Quantity.quantity><out_Quantity.quantity>847.849221</out_Quantity.quantity></Point><Point><position>7638</position><in_Quantity.quantity>0.000000</in_Quantity.quantity><out_Quantity.quantity>335.228890</out_Quantity.quantity></Point><Point><position>7639</position><in_Quantity.quantity>0.000000</in_Quantity.quantity><out_Quantity.quantity>479.733844</out_Quantity.quantity></Point><Point><position>7640</position><in_Quantity.quantity>0.000000</in_Quantity.quantity><out_Quantity.quantity>257.064402</out_Quantity.quantity></Point><Point><position>7641</position><in_Quantity.quantity>0.000000</in_Quantity.quantity><out_Quantity.quantity>785.890025</out_Quantity.quantity></Point><Point><position>7642</position><in_Quantity.quantity>0.000000</in_Quantity.quantity><out_Quantity.quantity>702.445134</out_Quantity.quantity></Point><Point><position>7643</position><in_Quantity.quantity>0.000000</in_Quantity.quantity><out_Quantity.quantity>135.091049</out_Quantity.quantity></Point><Point><position>7644</position><in_Quantity.quantity>0.000000</in_Quantity.quantity><out_Quantity.quantity>364.083615</out_Quantity.quantity></Point><Point><position>7645</position><in_Quantity.quantity>0.000000</in_Quantity.quantity><out_Quantity.quantity>615.444406</out_Quantity.quantity></Point><Point><position>7646</position><in_Quantity.quantity>0.000000</in_Quantity.quantity><out_Quantity.quantity>935.074744</out_Quantity.quantity></Point><Point><position>7647</position><in_Quantity.quantity>0.000000</in_Quantity.quantity><out_Quantity.quantity>833.189021</out_Quantity.quantity></Point><Point><position>7648</position><in_Quantity.quantity>0.000000</in_Quantity.quantity><out_Quantity.quantity>451.496375</out_Quantity.quantity></Point><Point><position>7649</position><in_Quantity.quantity>0.000000</in_Quantity.quantity><out_Quantity.quantity>367.493475</out_Quantity.quantity></Point><Point><position>7650</position><in_Quantity.quantity>0.000000</in_Quantity.quantity><out_Quantity.quantity>143.269937</out_Quantity.quantity></Point><Point><position>7651</position><in_Quantity.quantity>0.000000</in_Quantity.quantity><out_Quantity.quantity>478.059509</out_Quantity.quantity></Point><Point><position>7652</position><in_Quantity.quantity>0.000000</in_Quantity.quantity><out_Quantity.quantity>98.205629</out_Quantity.quantity></Point><Point><position>7653</position><in_Quantity.quantity>0.000000</in_Quantity.quantity><out_Quantity.quantity>941.619125</out_Quantity.quantity></Point><Point><position>7654</position><in_Quantity.quantity>0.000000</in_Quantity.quantity><out_Quantity.quantity>988.582561</out_Quantity.quantity></Point><Point><position>7655</position><in_Quantity.quantity>0.000000</in_Quantity.quantity><out_Quantity.quantity>991.209226</out_Quantity.quantity></Point><Point><position>7656</position><in_Quantity.quantity>0.000000</in_Quantity.quantity><out_Quantity.quantity>965.038858</out_Quantity.quantity></Point><Point><position>7657</position><in_Quantity.quantity>0.000000</in_Quantity.quantity><out_Quantity.quantity>696.340461</out_Quantity.quantity></Point><Point><position>7658</position><in_Quantity.quantity>0.000000</in_Quantity.quantity><out_Quantity.quantity>561.497181</out_Quantity.quantity></Point><Point><position>7659</position><in_Quantity.quantity>0.000000</in_Quantity.quantity><out_Quantity.quantity>764.841615</out_Quantity.quantity></Point><Point><position>7660</position><in_Quantity.quantity>0.000000</in_Quantity.quantity><out_Quantity.quantity>20.624223</out_Quantity.quantity></Point><Point><position>7661</position><in_Quantity.quantity>0.000000</in_Quantity.quantity><out_Quantity.quantity>752.585031</out_Quantity.quantity></Point><Point><position>7662</position><in_Quantity.quantity>0.000000</in_Quantity.quantity><out_Quantity.quantity>465.307366</out_Quantity.quantity></Point><Point><position>7663</position><in_Quantity.quantity>0.000000</in_Quantity.quantity><out_Quantity.quantity>558.505957</out_Quantity.quantity></Point><Point><position>7664</position><in_Quantity.quantity>0.000000</in_Quantity.quantity><out_Quantity.quantity>284.019219</out_Quantity.quantity></Point><Point><position>7665</position><in_Quantity.quantity>0.000000</in_Quantity.quantity><out_Quantity.quantity>827.849430</out_Quantity.quantity></Point><Point><position>7666</position><in_Quantity.quantity>0.000000</in_Quantity.quantity><out_Quantity.quantity>58.234549</out_Quantity.quantity></Point><Point><position>7667</position><in_Quantity.quantity>0.000000</in_Quantity.quantity><out_Quantity.quantity>342.982368</out_Quantity.quantity></Point><Point><position>7668</position><in_Quantity.quantity>0.000000</in_Quantity.quantity><out_Quantity.quantity>19.701683</out_Quantity.quantity></Point><Point><position>7669</position><in_Quantity.quantity>0.000000</in_Quantity.quantity><out_Quantity.quantity>405.488142</out_Quantity.quantity></Point><Point><position>7670</position><in_Quantity.quantity>0.000000</in_Quantity.quantity><out_Quantity.quantity>884.257218</out_Quantity.quantity></Point><Point><position>7671</position><in_Quantity.quantity>0.000000</in_Quantity.quantity><out_Quantity.quantity>959.291605</out_Quantity.quantity></Point><Point><position>7672</position><in_Quantity.quantity>0.000000</in_Quantity.quantity><out_Quantity.quantity>379.847280</out_Quantity.quantity></Point><Point><position>7673</position><in_Quantity.quantity>0.000000</in_Quantity.quantity><out_Quantity.quantity>455.123739</out_Quantity.quantity></Point><Point><position>7674</position><in_Quantity.quantity>0.000000</in_Quantity.quantity><out_Quantity.quantity>259.310838</out_Quantity.quantity></Point><Point><position>7675</position><in_Quantity.quantity>0.000000</in_Quantity.quantity><out_Quantity.quantity>622.558699</out_Quantity.quantity></Point><Point><position>7676</position><in_Quantity.quantity>0.000000</in_Quantity.quantity><out_Quantity.quantity>99.941044</out_Quantity.quantity></Point><Point><position>7677</position><in_Quantity.quantity>0.000000</in_Quantity.quantity><out_Quantity.quantity>69.082118</out_Quantity.quantity></Point><Point><position>7678</position><in_Quantity.quantity>0.000000</in_Quantity.quantity><out_Quantity.quantity>157.505239</out_Quantity.quantity></Point><Point><position>7679</position><in_Quantity.quantity>0.000000</in_Quantity.quantity><out_Quantity.quantity>215.233000</out_Quantity.quantity></Point><Point><position>7680</position><in_Quantity.quantity>0.000000</in_Quantity.quantity><out_Quantity.quantity>141.926998</out_Quantity.quantity></Point><Point><position>7681</position><in_Quantity.quantity>0.000000</in_Quantity.quantity><out_Quantity.quantity>235.930535</out_Quantity.quantity></Point><Point><position>7682</position><in_Quantity.quantity>0.000000</in_Quantity.quantity><out_Quantity.quantity>283.273705</out_Quantity.quantity></Point><Point><position>7683</position><in_Quantity.quantity>0.000000</in_Quantity.quantity><out_Quantity.quantity>103.742041</out_Quantity.quantity></Point><Point><position>7684</position><in_Quantity.quantity>0.000000</in_Quantity.quantity><out_Quantity.quantity>673.838663</out_Quantity.quantity></Point><Point><position>7685</position><in_Quantity.quantity>0.000000</in_Quantity.quantity><out_Quantity.quantity>942.506261</out_Quantity.quantity></Point><Point><position>7686</position><in_Quantity.quantity>0.000000</in_Quantity.quantity><out_Quantity.quantity>16.218919</out_Quantity.quantity></Point><Point><position>7687</position><in_Quantity.quantity>0.000000</in_Quantity.quantity><out_Quantity.quantity>846.833015</out_Quantity.quantity></Point><Point><position>7688</position><in_Quantity.quantity>0.000000</in_Quantity.quantity><out_Quantity.quantity>352.738029</out_Quantity.quantity></Point><Point><position>7689</position><in_Quantity.quantity>0.000000</in_Quantity.quantity><out_Quantity.quantity>516.821877</out_Quantity.quantity></Point><Point><position>7690</position><in_Quantity.quantity>0.000000</in_Quantity.quantity><out_Quantity.quantity>84.020771</out_Quantity.quantity></Point><Point><position>7691</position><in_Quantity.quantity>0.000000</in_Quantity.quantity><out_Quantity.quantity>630.798797</out_Quantity.quantity></Point><Point><position>7692</position><in_Quantity.quantity>0.000000</in_Quantity.quantity><out_Quantity.quantity>603.385006</out_Quantity.quantity></Point><Point><position>7693</position><in_Quantity.quantity>0.000000</in_Quantity.quantity><out_Quantity.quantity>713.821469</out_Quantity.quantity></Point><Point><position>7694</position><in_Quantity.quantity>0.000000</in_Quantity.quantity><out_Quantity.quantity>934.150416</out_Quantity.quantity></Point><Point><position>7695</position><in_Quantity.quantity>0.000000</in_Quantity.quantity><out_Quantity.quantity>457.576469</out_Quantity.quantity></Point><Point><position>7696</position><in_Quantity.quantity>0.000000</in_Quantity.quantity><out_Quantity.quantity>34.502601</out_Quantity.quantity></Point><Point><position>7697</position><in_Quantity.quantity>0.000000</in_Quantity.quantity><out_Quantity.quantity>649.741258</out_Quantity.quantity></Point><Point><position>7698</position><in_Quantity.quantity>0.000000</in_Quantity.quantity><out_Quantity.quantity>143.878697</out_Quantity.quantity></Point><Point><position>7699</position><in_Quantity.quantity>0.000000</in_Quantity.quantity><out_Quantity.quantity>576.421490</out_Quantity.quantity></Point><Point><position>7700</position><in_Quantity.quantity>0.000000</in_Quantity.quantity><out_Quantity.quantity>563.378408</out_Quantity.quantity></Point><Point><position>7701</position><in_Quantity.quantity>0.000000</in_Quantity.quantity><out_Quantity.quantity>339.250524</out_Quantity.quantity></Point><Point><position>7702</position><in_Quantity.quantity>0.000000</in_Quantity.quantity><out_Quantity.quantity>531.963451</out_Quantity.quantity></Point><Point><position>7703</position><in_Quantity.quantity>0.000000</in_Quantity.quantity><out_Quantity.quantity>257.991156</out_Quantity.quantity></Point><Point><position>7704</position><in_Quantity.quantity>0.000000</in_Quantity.quantity><out_Quantity.quantity>525.256458</out_Quantity.quantity></Point><Point><position>7705</position><in_Quantity.quantity>0.000000</in_Quantity.quantity><out_Quantity.quantity>346.620954</out_Quantity.quantity></Point><Point><position>7706</position><in_Quantity.quantity>0.000000</in_Quantity.quantity><out_Quantity.quantity>345.369112</out_Quantity.quantity></Point><Point><position>7707</position><in_Quantity.quantity>0.000000</in_Quantity.quantity><out_Quantity.quantity>302.035230</out_Quantity.quantity></Point><Point><position>7708</position><in_Quantity.quantity>0.000000</in_Quantity.quantity><out_Quantity.quantity>121.617515</out_Quantity.quantity></Point><Point><position>7709</position><in_Quantity.quantity>0.000000</in_Quantity.quantity><out_Quantity.quantity>486.265693</out_Quantity.quantity></Point><Point><position>7710</position><in_Quantity.quantity>0.000000</in_Quantity.quantity><out_Quantity.quantity>5.778844</out_Quantity.quantity></Point><Point><position>7711</position><in_Quantity.quantity>0.000000</in_Quantity.quantity><out_Quantity.quantity>318.165714</out_Quantity.quantity></Point><Point><position>7712</position><in_Quantity.quantity>0.000000</in_Quantity.quantity><out_Quantity.quantity>522.253534</out_Quantity.quantity></Point><Point><position>7713</position><in_Quantity.quantity>0.000000</in_Quantity.quantity><out_Quantity.quantity>390.356133</out_Quantity.quantity></Point><Point><position>7714</position><in_Quantity.quantity>0.000000</in_Quantity.quantity><out_Quantity.quantity>69.866000</out_Quantity.quantity></Point><Point><position>7715</position><in_Quantity.quantity>0.000000</in_Quantity.quantity><out_Quantity.quantity>572.600988</out_Quantity.quantity></Point><Point><position>7716</position><in_Quantity.quantity>0.000000</in_Quantity.quantity><out_Quantity.quantity>533.254634</out_Quantity.quantity></Point><Point><position>7717</position><in_Quantity.quantity>0.000000</in_Quantity.quantity><out_Quantity.quantity>54.371988</out_Quantity.quantity></Point><Point><position>7718</position><in_Quantity.quantity>0.000000</in_Quantity.quantity><out_Quantity.quantity>66.909315</out_Quantity.quantity></Point><Point><position>7719</position><in_Quantity.quantity>0.000000</in_Quantity.quantity><out_Quantity.quantity>306.782659</out_Quantity.quantity></Point><Point><position>7720</position><in_Quantity.quantity>0.000000</in_Quantity.quantity><out_Quantity.quantity>814.307077</out_Quantity.quantity></Point><Point><position>7721</position><in_Quantity.quantity>0.000000</in_Quantity.quantity><out_Quantity.quantity>516.097123</out_Quantity.quantity></Point><Point><position>7722</position><in_Quantity.quantity>0.000000</in_Quantity.quantity><out_Quantity.quantity>630.845682</out_Quantity.quantity></Point><Point><position>7723</position><in_Quantity.quantity>0.000000</in_Quantity.quantity><out_Quantity.quantity>291.413178</out_Quantity.quantity></Point><Point><position>7724</position><in_Quantity.quantity>0.000000</in_Quantity.quantity><out_Quantity.quantity>609.242244</out_Quantity.quantity></Point><Point><position>7725</position><in_Quantity.quantity>0.000000</in_Quantity.quantity><out_Quantity.quantity>44.993001</out_Quantity.quantity></Point><Point><position>7726</position><in_Quantity.quantity>0.000000</in_Quantity.quantity><out_Quantity.quantity>528.245616</out_Quantity.quantity></Point><Point><position>7727</position><in_Quantity.quantity>0.000000</in_Quantity.quantity><out_Quantity.quantity>64.403977</out_Quantity.quantity></Point><Point><position>7728</position><in_Quantity.quantity>0.000000</in_Quantity.quantity><out_Quantity.quantity>579.914145</out_Quantity.quantity></Point><Point><position>7729</position><in_Quantity.quantity>0.000000</in_Quantity.quantity><out_Quantity.quantity>543.158749</out_Quantity.quantity></Point><Point><position>7730</position><in_Quantity.quantity>0.000000</in_Quantity.quantity><out_Quantity.quantity>981.868963</out_Quantity.quantity></Point><Point><position>7731</position><in_Quantity.quantity>0.000000</in_Quantity.quantity><out_Quantity.quantity>619.674561</out_Quantity.quantity></Point><Point><position>7732</position><in_Quantity.quantity>0.000000</in_Quantity.quantity><out_Quantity.quantity>833.576045</out_Quantity.quantity></Point><Point><position>7733</position><in_Quantity.quantity>0.000000</in_Quantity.quantity><out_Quantity.quantity>265.459102</out_Quantity.quantity></Point><Point><position>7734</position><in_Quantity.quantity>0.000000</in_Quantity.quantity><out_Quantity.quantity>582.125870</out_Quantity.quantity></Point><Point><position>7735</position><in_Quantity.quantity>0.000000</in_Quantity.quantity><out_Quantity.quantity>822.269771</out_Quantity.quantity></Point><Point><position>7736</position><in_Quantity.quantity>0.000000</in_Quantity.quantity><out_Quantity.quantity>908.518239</out_Quantity.quantity></Point><Point><position>7737</position><in_Quantity.quantity>0.000000</in_Quantity.quantity><out_Quantity.quantity>59.965873</out_Quantity.quantity></Point><Point><position>7738</position><in_Quantity.quantity>0.000000</in_Quantity.quantity><out_Quantity.quantity>932.084716</out_Quantity.quantity></Point><Point><position>7739</position><in_Quantity.quantity>0.000000</in_Quantity.quantity><out_Quantity.quantity>437.937876</out_Quantity.quantity></Point><Point><position>7740</position><in_Quantity.quantity>0.000000</in_Quantity.quantity><out_Quantity.quantity>505.300768</out_Quantity.quantity></Point><Point><position>7741</position><in_Quantity.quantity>0.000000</in_Quantity.quantity><out_Quantity.quantity>272.227655</out_Quantity.quantity></Point><Point><position>7742</position><in_Quantity.quantity>0.000000</in_Quantity.quantity><out_Quantity.quantity>966.792823</out_Quantity.quantity></Point><Point><position>7743</position><in_Quantity.quantity>0.000000</in_Quantity.quantity><out_Quantity.quantity>169.446840</out_Quantity.quantity></Point><Point><position>7744</position><in_Quantity.quantity>0.000000</in_Quantity.quantity><out_Quantity.quantity>691.270867</out_Quantity.quantity></Point><Point><position>7745</position><in_Quantity.quantity>0.000000</in_Quantity.quantity><out_Quantity.quantity>15.860071</out_Quantity.quantity></Point><Point><position>7746</position><in_Quantity.quantity>0.000000</in_Quantity.quantity><out_Quantity.quantity>988.770386</out_Quantity.quantity></Point><Point><position>7747</position><in_Quantity.quantity>0.000000</in_Quantity.quantity><out_Quantity.quantity>13.081660</out_Quantity.quantity></Point><Point><position>7748</position><in_Quantity.quantity>0.000000</in_Quantity.quantity><out_Quantity.quantity>213.913954</out_Quantity.quantity></Point><Point><position>7749</position><in_Quantity.quantity>0.000000</in_Quantity.quantity><out_Quantity.quantity>136.093153</out_Quantity.quantity></Point><Point><position>7750</position><in_Quantity.quantity>0.000000</in_Quantity.quantity><out_Quantity.quantity>711.509347</out_Quantity.quantity></Point><Point><position>7751</position><in_Quantity.quantity>0.000000</in_Quantity.quantity><out_Quantity.quantity>170.591445</out_Quantity.quantity></Point><Point><position>7752</position><in_Quantity.quantity>0.000000</in_Quantity.quantity><out_Quantity.quantity>945.985759</out_Quantity.quantity></Point><Point><position>7753</position><in_Quantity.quantity>0.000000</in_Quantity.quantity><out_Quantity.quantity>511.930496</out_Quantity.quantity></Point><Point><position>7754</position><in_Quantity.quantity>0.000000</in_Quantity.quantity><out_Quantity.quantity>368.907487</out_Quantity.quantity></Point><Point><position>7755</position><in_Quantity.quantity>0.000000</in_Quantity.quantity><out_Quantity.quantity>535.097486</out_Quantity.quantity></Point><Point><position>7756</position><in_Quantity.quantity>0.000000</in_Quantity.quantity><out_Quantity.quantity>789.950629</out_Quantity.quantity></Point><Point><position>7757</position><in_Quantity.quantity>0.000000</in_Quantity.quantity><out_Quantity.quantity>299.676538</out_Quantity.quantity></Point><Point><position>7758</position><in_Quantity.quantity>0.000000</in_Quantity.quantity><out_Quantity.quantity>708.174802</out_Quantity.quantity></Point><Point><position>7759</position><in_Quantity.quantity>0.000000</in_Quantity.quantity><out_Quantity.quantity>887.065183</out_Quantity.quantity></Point><Point><position>7760</position><in_Quantity.quantity>0.000000</in_Quantity.quantity><out_Quantity.quantity>673.751382</out_Quantity.quantity></Point><Point><position>7761</position><in_Quantity.quantity>0.000000</in_Quantity.quantity><out_Quantity.quantity>495.570191</out_Quantity.quantity></Point><Point><position>7762</position><in_Quantity.quantity>0.000000</in_Quantity.quantity><out_Quantity.quantity>311.242949</out_Quantity.quantity></Point><Point><position>7763</position><in_Quantity.quantity>0.000000</in_Quantity.quantity><out_Quantity.quantity>686.359730</out_Quantity.quantity></Point><Point><position>7764</position><in_Quantity.quantity>0.000000</in_Quantity.quantity><out_Quantity.quantity>933.035474</out_Quantity.quantity></Point><Point><position>7765</position><in_Quantity.quantity>0.000000</in_Quantity.quantity><out_Quantity.quantity>247.922044</out_Quantity.quantity></Point><Point><position>7766</position><in_Quantity.quantity>0.000000</in_Quantity.quantity><out_Quantity.quantity>648.203744</out_Quantity.quantity></Point><Point><position>7767</position><in_Quantity.quantity>0.000000</in_Quantity.quantity><out_Quantity.quantity>59.433634</out_Quantity.quantity></Point><Point><position>7768</position><in_Quantity.quantity>0.000000</in_Quantity.quantity><out_Quantity.quantity>662.802244</out_Quantity.quantity></Point><Point><position>7769</position><in_Quantity.quantity>0.000000</in_Quantity.quantity><out_Quantity.quantity>139.394354</out_Quantity.quantity></Point><Point><position>7770</position><in_Quantity.quantity>0.000000</in_Quantity.quantity><out_Quantity.quantity>806.625802</out_Quantity.quantity></Point><Point><position>7771</position><in_Quantity.quantity>0.000000</in_Quantity.quantity><out_Quantity.quantity>354.628768</out_Quantity.quantity></Point><Point><position>7772</position><in_Quantity.quantity>0.000000</in_Quantity.quantity><out_Quantity.quantity>490.146047</out_Quantity.quantity></Point><Point><position>7773</position><in_Quantity.quantity>0.000000</in_Quantity.quantity><out_Quantity.quantity>130.476235</out_Quantity.quantity></Point><Point><position>7774</position><in_Quantity.quantity>0.000000</in_Quantity.quantity><out_Quantity.quantity>406.948690</out_Quantity.quantity></Point><Point><position>7775</position><in_Quantity.quantity>0.000000</in_Quantity.quantity><out_Quantity.quantity>622.806523</out_Quantity.quantity></Point><Point><position>7776</position><in_Quantity.quantity>0.000000</in_Quantity.quantity><out_Quantity.quantity>938.405516</out_Quantity.quantity></Point><Point><position>7777</position><in_Quantity.quantity>0.000000</in_Quantity.quantity><out_Quantity.quantity>840.964492</out_Quantity.quantity></Point><Point><position>7778</position><in_Quantity.quantity>0.000000</in_Quantity.quantity><out_Quantity.quantity>736.241280</out_Quantity.quantity></Point><Point><position>7779</position><in_Quantity.quantity>0.000000</in_Quantity.quantity><out_Quantity.quantity>111.318359</out_Quantity.quantity></Point><Point><position>7780</position><in_Quantity.quantity>0.000000</in_Quantity.quantity><out_Quantity.quantity>544.422911</out_Quantity.quantity></Point><Point><position>7781</position><in_Quantity.quantity>0.000000</in_Quantity.quantity><out_Quantity.quantity>839.017434</out_Quantity.quantity></Point><Point><position>7782</position><in_Quantity.quantity>0.000000</in_Quantity.quantity><out_Quantity.quantity>5.978872</out_Quantity.quantity></Point><Point><position>7783</position><in_Quantity.quantity>0.000000</in_Quantity.quantity><out_Quantity.quantity>347.515184</out_Quantity.quantity></Point><Point><position>7784</position><in_Quantity.quantity>0.000000</in_Quantity.quantity><out_Quantity.quantity>924.593852</out_Quantity.quantity></Point><Point><position>7785</position><in_Quantity.quantity>0.000000</in_Quantity.quantity><out_Quantity.quantity>471.736333</out_Quantity.quantity></Point><Point><position>7786</position><in_Quantity.quantity>0.000000</in_Quantity.quantity><out_Quantity.quantity>503.658930</out_Quantity.quantity></Point><Point><position>7787</position><in_Quantity.quantity>0.000000</in_Quantity.quantity><out_Quantity.quantity>945.809139</out_Quantity.quantity></Point><Point><position>7788</position><in_Quantity.quantity>0.000000</in_Quantity.quantity><out_Quantity.quantity>901.363586</out_Quantity.quantity></Point><Point><position>7789</position><in_Quantity.quantity>0.000000</in_Quantity.quantity><out_Quantity.quantity>638.707882</out_Quantity.quantity></Point><Point><position>7790</position><in_Quantity.quantity>0.000000</in_Quantity.quantity><out_Quantity.quantity>733.778537</out_Quantity.quantity></Point><Point><position>7791</position><in_Quantity.quantity>0.000000</in_Quantity.quantity><out_Quantity.quantity>801.992033</out_Quantity.quantity></Point><Point><position>7792</position><in_Quantity.quantity>0.000000</in_Quantity.quantity><out_Quantity.quantity>42.530289</out_Quantity.quantity></Point><Point><position>7793</position><in_Quantity.quantity>0.000000</in_Quantity.quantity><out_Quantity.quantity>480.706832</out_Quantity.quantity></Point><Point><position>7794</position><in_Quantity.quantity>0.000000</in_Quantity.quantity><out_Quantity.quantity>541.578840</out_Quantity.quantity></Point><Point><position>7795</position><in_Quantity.quantity>0.000000</in_Quantity.quantity><out_Quantity.quantity>699.340846</out_Quantity.quantity></Point><Point><position>7796</position><in_Quantity.quantity>0.000000</in_Quantity.quantity><out_Quantity.quantity>170.042443</out_Quantity.quantity></Point><Point><position>7797</position><in_Quantity.quantity>0.000000</in_Quantity.quantity><out_Quantity.quantity>845.982018</out_Quantity.quantity></Point><Point><position>7798</position><in_Quantity.quantity>0.000000</in_Quantity.quantity><out_Quantity.quantity>40.123678</out_Quantity.quantity></Point><Point><position>7799</position><in_Quantity.quantity>0.000000</in_Quantity.quantity><out_Quantity.quantity>979.422908</out_Quantity.quantity></Point><Point><position>7800</position><in_Quantity.quantity>0.000000</in_Quantity.quantity><out_Quantity.quantity>332.544040</out_Quantity.quantity></Point><Point><position>7801</position><in_Quantity.quantity>0.000000</in_Quantity.quantity><out_Quantity.quantity>257.410908</out_Quantity.quantity></Point><Point><position>7802</position><in_Quantity.quantity>0.000000</in_Quantity.quantity><out_Quantity.quantity>185.547602</out_Quantity.quantity></Point><Point><position>7803</position><in_Quantity.quantity>0.000000</in_Quantity.quantity><out_Quantity.quantity>774.049745</out_Quantity.quantity></Point><Point><position>7804</position><in_Quantity.quantity>0.000000</in_Quantity.quantity><out_Quantity.quantity>905.825256</out_Quantity.quantity></Point><Point><position>7805</position><in_Quantity.quantity>0.000000</in_Quantity.quantity><out_Quantity.quantity>407.098911</out_Quantity.quantity></Point><Point><position>7806</position><in_Quantity.quantity>0.000000</in_Quantity.quantity><out_Quantity.quantity>443.088248</out_Quantity.quantity></Point><Point><position>7807</position><in_Quantity.quantity>0.000000</in_Quantity.quantity><out_Quantity.quantity>198.356639</out_Quantity.quantity></Point><Point><position>7808</position><in_Quantity.quantity>0.000000</in_Quantity.quantity><out_Quantity.quantity>104.379881</out_Quantity.quantity></Point><Point><position>7809</position><in_Quantity.quantity>0.000000</in_Quantity.quantity><out_Quantity.quantity>988.377304</out_Quantity.quantity></Point><Point><position>7810</position><in_Quantity.quantity>0.000000</in_Quantity.quantity><out_Quantity.quantity>422.993764</out_Quantity.quantity></Point><Point><position>7811</position><in_Quantity.quantity>0.000000</in_Quantity.quantity><out_Quantity.quantity>718.976447</out_Quantity.quantity></Point><Point><position>7812</position><in_Quantity.quantity>0.000000</in_Quantity.quantity><out_Quantity.quantity>782.097923</out_Quantity.quantity></Point><Point><position>7813</position><in_Quantity.quantity>0.000000</in_Quantity.quantity><out_Quantity.quantity>603.240265</out_Quantity.quantity></Point><Point><position>7814</position><in_Quantity.quantity>0.000000</in_Quantity.quantity><out_Quantity.quantity>567.251430</out_Quantity.quantity></Point><Point><position>7815</position><in_Quantity.quantity>0.000000</in_Quantity.quantity><out_Quantity.quantity>858.964554</out_Quantity.quantity></Point><Point><position>7816</position><in_Quantity.quantity>0.000000</in_Quantity.quantity><out_Quantity.quantity>496.438941</out_Quantity.quantity></Point><Point><position>7817</position><in_Quantity.quantity>0.000000</in_Quantity.quantity><out_Quantity.quantity>556.037432</out_Quantity.quantity></Point><Point><position>7818</position><in_Quantity.quantity>0.000000</in_Quantity.quantity><out_Quantity.quantity>937.811163</out_Quantity.quantity></Point><Point><position>7819</position><in_Quantity.quantity>0.000000</in_Quantity.quantity><out_Quantity.quantity>436.050152</out_Quantity.quantity></Point><Point><position>7820</position><in_Quantity.quantity>0.000000</in_Quantity.quantity><out_Quantity.quantity>119.026805</out_Quantity.quantity></Point><Point><position>7821</position><in_Quantity.quantity>0.000000</in_Quantity.quantity><out_Quantity.quantity>633.520312</out_Quantity.quantity></Point><Point><position>7822</position><in_Quantity.quantity>0.000000</in_Quantity.quantity><out_Quantity.quantity>235.485423</out_Quantity.quantity></Point><Point><position>7823</position><in_Quantity.quantity>0.000000</in_Quantity.quantity><out_Quantity.quantity>569.588206</out_Quantity.quantity></Point><Point><position>7824</position><in_Quantity.quantity>0.000000</in_Quantity.quantity><out_Quantity.quantity>536.602814</out_Quantity.quantity></Point><Point><position>7825</position><in_Quantity.quantity>0.000000</in_Quantity.quantity><out_Quantity.quantity>833.285547</out_Quantity.quantity></Point><Point><position>7826</position><in_Quantity.quantity>0.000000</in_Quantity.quantity><out_Quantity.quantity>939.865582</out_Quantity.quantity></Point><Point><position>7827</position><in_Quantity.quantity>0.000000</in_Quantity.quantity><out_Quantity.quantity>395.709477</out_Quantity.quantity></Point><Point><position>7828</position><in_Quantity.quantity>0.000000</in_Quantity.quantity><out_Quantity.quantity>623.159854</out_Quantity.quantity></Point><Point><position>7829</position><in_Quantity.quantity>0.000000</in_Quantity.quantity><out_Quantity.quantity>773.321482</out_Quantity.quantity></Point><Point><position>7830</position><in_Quantity.quantity>0.000000</in_Quantity.quantity><out_Quantity.quantity>521.805742</out_Quantity.quantity></Point><Point><position>7831</position><in_Quantity.quantity>0.000000</in_Quantity.quantity><out_Quantity.quantity>796.069993</out_Quantity.quantity></Point><Point><position>7832</position><in_Quantity.quantity>0.000000</in_Quantity.quantity><out_Quantity.quantity>677.190487</out_Quantity.quantity></Point><Point><position>7833</position><in_Quantity.quantity>0.000000</in_Quantity.quantity><out_Quantity.quantity>493.913111</out_Quantity.quantity></Point><Point><position>7834</position><in_Quantity.quantity>0.000000</in_Quantity.quantity><out_Quantity.quantity>338.201806</out_Quantity.quantity></Point><Point><position>7835</position><in_Quantity.quantity>0.000000</in_Quantity.quantity><out_Quantity.quantity>200.932934</out_Quantity.quantity></Point><Point><position>7836</position><in_Quantity.quantity>0.000000</in_Quantity.quantity><out_Quantity.quantity>456.236478</out_Quantity.quantity></Point><Point><position>7837</position><in_Quantity.quantity>0.000000</in_Quantity.quantity><out_Quantity.quantity>775.139719</out_Quantity.quantity></Point><Point><position>7838</position><in_Quantity.quantity>0.000000</in_Quantity.quantity><out_Quantity.quantity>682.834695</out_Quantity.quantity></Point><Point><position>7839</position><in_Quantity.quantity>0.000000</in_Quantity.quantity><out_Quantity.quantity>283.144313</out_Quantity.quantity></Point><Point><position>7840</position><in_Quantity.quantity>0.000000</in_Quantity.quantity><out_Quantity.quantity>384.817341</out_Quantity.quantity></Point><Point><position>7841</position><in_Quantity.quantity>0.000000</in_Quantity.quantity><out_Quantity.quantity>911.862250</out_Quantity.quantity></Point><Point><position>7842</position><in_Quantity.quantity>0.000000</in_Quantity.quantity><out_Quantity.quantity>608.546826</out_Quantity.quantity></Point><Point><position>7843</position><in_Quantity.quantity>0.000000</in_Quantity.quantity><out_Quantity.quantity>136.329625</out_Quantity.quantity></Point><Point><position>7844</position><in_Quantity.quantity>0.000000</in_Quantity.quantity><out_Quantity.quantity>761.431342</out_Quantity.quantity></Point><Point><position>7845</position><in_Quantity.quantity>0.000000</in_Quantity.quantity><out_Quantity.quantity>577.948622</out_Quantity.quantity></Point><Point><position>7846</position><in_Quantity.quantity>0.000000</in_Quantity.quantity><out_Quantity.quantity>573.380326</out_Quantity.quantity></Point><Point><position>7847</position><in_Quantity.quantity>0.000000</in_Quantity.quantity><out_Quantity.quantity>402.672917</out_Quantity.quantity></Point><Point><position>7848</position><in_Quantity.quantity>0.000000</in_Quantity.quantity><out_Quantity.quantity>87.939847</out_Quantity.quantity></Point><Point><position>7849</position><in_Quantity.quantity>0.000000</in_Quantity.quantity><out_Quantity.quantity>95.296531</out_Quantity.quantity></Point><Point><position>7850</position><in_Quantity.quantity>0.000000</in_Quantity.quantity><out_Quantity.quantity>605.827050</out_Quantity.quantity></Point><Point><position>7851</position><in_Quantity.quantity>0.000000</in_Quantity.quantity><out_Quantity.quantity>517.736626</out_Quantity.quantity></Point><Point><position>7852</position><in_Quantity.quantity>0.000000</in_Quantity.quantity><out_Quantity.quantity>788.687753</out_Quantity.quantity></Point><Point><position>7853</position><in_Quantity.quantity>0.000000</in_Quantity.quantity><out_Quantity.quantity>569.494411</out_Quantity.quantity></Point><Point><position>7854</position><in_Quantity.quantity>0.000000</in_Quantity.quantity><out_Quantity.quantity>109.491734</out_Quantity.quantity></Point><Point><position>7855</position><in_Quantity.quantity>0.000000</in_Quantity.quantity><out_Quantity.quantity>965.658843</out_Quantity.quantity></Point><Point><position>7856</position><in_Quantity.quantity>0.000000</in_Quantity.quantity><out_Quantity.quantity>691.646260</out_Quantity.quantity></Point><Point><position>7857</position><in_Quantity.quantity>0.000000</in_Quantity.quantity><out_Quantity.quantity>425.095507</out_Quantity.quantity></Point><Point><position>7858</position><in_Quantity.quantity>0.000000</in_Quantity.quantity><out_Quantity.quantity>110.036945</out_Quantity.quantity></Point><Point><position>7859</position><in_Quantity.quantity>0.000000</in_Quantity.quantity><out_Quantity.quantity>549.301057</out_Quantity.quantity></Point><Point><position>7860</position><in_Quantity.quantity>0.000000</in_Quantity.quantity><out_Quantity.quantity>642.567697</out_Quantity.quantity></Point><Point><position>7861</position><in_Quantity.quantity>0.000000</in_Quantity.quantity><out_Quantity.quantity>959.480979</out_Quantity.quantity></Point><Point><position>7862</position><in_Quantity.quantity>0.000000</in_Quantity.quantity><out_Quantity.quantity>560.922486</out_Quantity.quantity></Point><Point><position>7863</position><in_Quantity.quantity>0.000000</in_Quantity.quantity><out_Quantity.quantity>554.884774</out_Quantity.quantity></Point><Point><position>7864</position><in_Quantity.quantity>0.000000</in_Quantity.quantity><out_Quantity.quantity>786.446936</out_Quantity.quantity></Point><Point><position>7865</position><in_Quantity.quantity>0.000000</in_Quantity.quantity><out_Quantity.quantity>63.659456</out_Quantity.quantity></Point><Point><position>7866</position><in_Quantity.quantity>0.000000</in_Quantity.quantity><out_Quantity.quantity>31.353703</out_Quantity.quantity></Point><Point><position>7867</position><in_Quantity.quantity>0.000000</in_Quantity.quantity><out_Quantity.quantity>761.766006</out_Quantity.quantity></Point><Point><position>7868</position><in_Quantity.quantity>0.000000</in_Quantity.quantity><out_Quantity.quantity>599.458297</out_Quantity.quantity></Point><Point><position>7869</position><in_Quantity.quantity>0.000000</in_Quantity.quantity><out_Quantity.quantity>264.666768</out_Quantity.quantity></Point><Point><position>7870</position><in_Quantity.quantity>0.000000</in_Quantity.quantity><out_Quantity.quantity>23.315623</out_Quantity.quantity></Point><Point><position>7871</position><in_Quantity.quantity>0.000000</in_Quantity.quantity><out_Quantity.quantity>1.588392</out_Quantity.quantity></Point><Point><position>7872</position><in_Quantity.quantity>0.000000</in_Quantity.quantity><out_Quantity.quantity>802.012045</out_Quantity.quantity></Point><Point><position>7873</position><in_Quantity.quantity>0.000000</in_Quantity.quantity><out_Quantity.quantity>378.293670</out_Quantity.quantity></Point><Point><position>7874</position><in_Quantity.quantity>0.000000</in_Quantity.quantity><out_Quantity.quantity>286.522516</out_Quantity.quantity></Point><Point><position>7875</position><in_Quantity.quantity>0.000000</in_Quantity.quantity><out_Quantity.quantity>95.736501</out_Quantity.quantity></Point><Point><position>7876</position><in_Quantity.quantity>0.000000</in_Quantity.quantity><out_Quantity.quantity>922.315475</out_Quantity.quantity></Point><Point><position>7877</position><in_Quantity.quantity>0.000000</in_Quantity.quantity><out_Quantity.quantity>439.906189</out_Quantity.quantity></Point><Point><position>7878</position><in_Quantity.quantity>0.000000</in_Quantity.quantity><out_Quantity.quantity>822.094422</out_Quantity.quantity></Point><Point><position>7879</position><in_Quantity.quantity>0.000000</in_Quantity.quantity><out_Quantity.quantity>316.732210</out_Quantity.quantity></Point><Point><position>7880</position><in_Quantity.quantity>0.000000</in_Quantity.quantity><out_Quantity.quantity>656.159605</out_Quantity.quantity></Point><Point><position>7881</position><in_Quantity.quantity>0.000000</in_Quantity.quantity><out_Quantity.quantity>644.981504</out_Quantity.quantity></Point><Point><position>7882</position><in_Quantity.quantity>0.000000</in_Quantity.quantity><out_Quantity.quantity>885.658235</out_Quantity.quantity></Point><Point><position>7883</position><in_Quantity.quantity>0.000000</in_Quantity.quantity><out_Quantity.quantity>78.143676</out_Quantity.quantity></Point><Point><position>7884</position><in_Quantity.quantity>0.000000</in_Quantity.quantity><out_Quantity.quantity>263.710245</out_Quantity.quantity></Point><Point><position>7885</position><in_Quantity.quantity>0.000000</in_Quantity.quantity><out_Quantity.quantity>131.804058</out_Quantity.quantity></Point><Point><position>7886</position><in_Quantity.quantity>0.000000</in_Quantity.quantity><out_Quantity.quantity>762.882261</out_Quantity.quantity></Point><Point><position>7887</position><in_Quantity.quantity>0.000000</in_Quantity.quantity><out_Quantity.quantity>2.988000</out_Quantity.quantity></Point><Point><position>7888</position><in_Quantity.quantity>0.000000</in_Quantity.quantity><out_Quantity.quantity>354.745546</out_Quantity.quantity></Point><Point><position>7889</position><in_Quantity.quantity>0.000000</in_Quantity.quantity><out_Quantity.quantity>937.844480</out_Quantity.quantity></Point><Point><position>7890</position><in_Quantity.quantity>0.000000</in_Quantity.quantity><out_Quantity.quantity>872.959094</out_Quantity.quantity></Point><Point><position>7891</position><in_Quantity.quantity>0.000000</in_Quantity.quantity><out_Quantity.quantity>86.994290</out_Quantity.quantity></Point><Point><position>7892</position><in_Quantity.quantity>0.000000</in_Quantity.quantity><out_Quantity.quantity>228.859817</out_Quantity.quantity></Point><Point><position>7893</position><in_Quantity.quantity>0.000000</in_Quantity.quantity><out_Quantity.quantity>1.625068</out_Quantity.quantity></Point><Point><position>7894</position><in_Quantity.quantity>0.000000</in_Quantity.quantity><out_Quantity.quantity>225.450986</out_Quantity.quantity></Point><Point><position>7895</position><in_Quantity.quantity>0.000000</in_Quantity.quantity><out_Quantity.quantity>833.043101</out_Quantity.quantity></Point><Point><position>7896</position><in_Quantity.quantity>0.000000</in_Quantity.quantity><out_Quantity.quantity>775.097104</out_Quantity.quantity></Point><Point><position>7897</position><in_Quantity.quantity>0.000000</in_Quantity.quantity><out_Quantity.quantity>944.236566</out_Quantity.quantity></Point><Point><position>7898</position><in_Quantity.quantity>0.000000</in_Quantity.quantity><out_Quantity.quantity>700.186303</out_Quantity.quantity></Point><Point><position>7899</position><in_Quantity.quantity>0.000000</in_Quantity.quantity><out_Quantity.quantity>660.871123</out_Quantity.quantity></Point><Point><position>7900</position><in_Quantity.quantity>0.000000</in_Quantity.quantity><out_Quantity.quantity>692.180863</out_Quantity.quantity></Point><Point><position>7901</position><in_Quantity.quantity>0.000000</in_Quantity.quantity><out_Quantity.quantity>822.654854</out_Quantity.quantity></Point><Point><position>7902</position><in_Quantity.quantity>0.000000</in_Quantity.quantity><out_Quantity.quantity>236.142475</out_Quantity.quantity></Point><Point><position>7903</position><in_Quantity.quantity>0.000000</in_Quantity.quantity><out_Quantity.quantity>940.191075</out_Quantity.quantity></Point><Point><position>7904</position><in_Quantity.quantity>0.000000</in_Quantity.quantity><out_Quantity.quantity>728.905749</out_Quantity.quantity></Point><Point><position>7905</position><in_Quantity.quantity>0.000000</in_Quantity.quantity><out_Quantity.quantity>362.959343</out_Quantity.quantity></Point><Point><position>7906</position><in_Quantity.quantity>0.000000</in_Quantity.quantity><out_Quantity.quantity>350.493261</out_Quantity.quantity></Point><Point><position>7907</position><in_Quantity.quantity>0.000000</in_Quantity.quantity><out_Quantity.quantity>962.296685</out_Quantity.quantity></Point><Point><position>7908</position><in_Quantity.quantity>0.000000</in_Quantity.quantity><out_Quantity.quantity>464.405503</out_Quantity.quantity></Point><Point><position>7909</position><in_Quantity.quantity>0.000000</in_Quantity.quantity><out_Quantity.quantity>210.676760</out_Quantity.quantity></Point><Point><position>7910</position><in_Quantity.quantity>0.000000</in_Quantity.quantity><out_Quantity.quantity>497.505135</out_Quantity.quantity></Point><Point><position>7911</position><in_Quantity.quantity>0.000000</in_Quantity.quantity><out_Quantity.quantity>893.524227</out_Quantity.quantity></Point><Point><position>7912</position><in_Quantity.quantity>0.000000</in_Quantity.quantity><out_Quantity.quantity>623.015089</out_Quantity.quantity></Point><Point><position>7913</position><in_Quantity.quantity>0.000000</in_Quantity.quantity><out_Quantity.quantity>969.239451</out_Quantity.quantity></Point><Point><position>7914</position><in_Quantity.quantity>0.000000</in_Quantity.quantity><out_Quantity.quantity>928.189845</out_Quantity.quantity></Point><Point><position>7915</position><in_Quantity.quantity>0.000000</in_Quantity.quantity><out_Quantity.quantity>779.038194</out_Quantity.quantity></Point><Point><position>7916</position><in_Quantity.quantity>0.000000</in_Quantity.quantity><out_Quantity.quantity>611.797364</out_Quantity.quantity></Point><Point><position>7917</position><in_Quantity.quantity>0.000000</in_Quantity.quantity><out_Quantity.quantity>126.222027</out_Quantity.quantity></Point><Point><position>7918</position><in_Quantity.quantity>0.000000</in_Quantity.quantity><out_Quantity.quantity>664.969272</out_Quantity.quantity></Point><Point><position>7919</position><in_Quantity.quantity>0.000000</in_Quantity.quantity><out_Quantity.quantity>330.687431</out_Quantity.quantity></Point><Point><position>7920</position><in_Quantity.quantity>0.000000</in_Quantity.quantity><out_Quantity.quantity>825.820075</out_Quantity.quantity></Point><Point><position>7921</position><in_Quantity.quantity>0.000000</in_Quantity.quantity><out_Quantity.quantity>297.842135</out_Quantity.quantity></Point><Point><position>7922</position><in_Quantity.quantity>0.000000</in_Quantity.quantity><out_Quantity.quantity>609.348394</out_Quantity.quantity></Point><Point><position>7923</position><in_Quantity.quantity>0.000000</in_Quantity.quantity><out_Quantity.quantity>570.190046</out_Quantity.quantity></Point><Point><position>7924</position><in_Quantity.quantity>0.000000</in_Quantity.quantity><out_Quantity.quantity>46.761422</out_Quantity.quantity></Point><Point><position>7925</position><in_Quantity.quantity>0.000000</in_Quantity.quantity><out_Quantity.quantity>893.648951</out_Quantity.quantity></Point><Point><position>7926</position><in_Quantity.quantity>0.000000</in_Quantity.quantity><out_Quantity.quantity>176.131379</out_Quantity.quantity></Point><Point><position>7927</position><in_Quantity.quantity>0.000000</in_Quantity.quantity><out_Quantity.quantity>2.503816</out_Quantity.quantity></Point><Point><position>7928</position><in_Quantity.quantity>0.000000</in_Quantity.quantity><out_Quantity.quantity>705.210841</out_Quantity.quantity></Point><Point><position>7929</position><in_Quantity.quantity>0.000000</in_Quantity.quantity><out_Quantity.quantity>660.321959</out_Quantity.quantity></Point><Point><position>7930</position><in_Quantity.quantity>0.000000</in_Quantity.quantity><out_Quantity.quantity>327.808576</out_Quantity.quantity></Point><Point><position>7931</position><in_Quantity.quantity>0.000000</in_Quantity.quantity><out_Quantity.quantity>368.723666</out_Quantity.quantity></Point><Point><position>7932</position><in_Quantity.quantity>0.000000</in_Quantity.quantity><out_Quantity.quantity>378.146466</out_Quantity.quantity></Point><Point><position>7933</position><in_Quantity.quantity>0.000000</in_Quantity.quantity><out_Quantity.quantity>806.324720</out_Quantity.quantity></Point><Point><position>7934</position><in_Quantity.quantity>0.000000</in_Quantity.quantity><out_Quantity.quantity>166.808240</out_Quantity.quantity></Point><Point><position>7935</position><in_Quantity.quantity>0.000000</in_Quantity.quantity><out_Quantity.quantity>974.961366</out_Quantity.quantity></Point><Point><position>7936</position><in_Quantity.quantity>0.000000</in_Quantity.quantity><out_Quantity.quantity>895.666094</out_Quantity.quantity></Point><Point><position>7937</position><in_Quantity.quantity>0.000000</in_Quantity.quantity><out_Quantity.quantity>856.003815</out_Quantity.quantity></Point><Point><position>7938</position><in_Quantity.quantity>0.000000</in_Quantity.quantity><out_Quantity.quantity>297.468587</out_Quantity.quantity></Point><Point><position>7939</position><in_Quantity.quantity>0.000000</in_Quantity.quantity><out_Quantity.quantity>35.657055</out_Quantity.quantity></Point><Point><position>7940</position><in_Quantity.quantity>0.000000</in_Quantity.quantity><out_Quantity.quantity>978.364790</out_Quantity.quantity></Point><Point><position>7941</position><in_Quantity.quantity>0.000000</in_Quantity.quantity><out_Quantity.quantity>250.662286</out_Quantity.quantity></Point><Point><position>7942</position><in_Quantity.quantity>0.000000</in_Quantity.quantity><out_Quantity.quantity>988.825352</out_Quantity.quantity></Point><Point><position>7943</position><in_Quantity.quantity>0.000000</in_Quantity.quantity><out_Quantity.quantity>9.712086</out_Quantity.quantity></Point><Point><position>7944</position><in_Quantity.quantity>0.000000</in_Quantity.quantity><out_Quantity.quantity>484.432535</out_Quantity.quantity></Point><Point><position>7945</position><in_Quantity.quantity>0.000000</in_Quantity.quantity><out_Quantity.quantity>170.953179</out_Quantity.quantity></Point><Point><position>7946</position><in_Quantity.quantity>0.000000</in_Quantity.quantity><out_Quantity.quantity>196.795138</out_Quantity.quantity></Point><Point><position>7947</position><in_Quantity.quantity>0.000000</in_Quantity.quantity><out_Quantity.quantity>613.933291</out_Quantity.quantity></Point><Point><position>7948</position><in_Quantity.quantity>0.000000</in_Quantity.quantity><out_Quantity.quantity>901.380827</out_Quantity.quantity></Point><Point><position>7949</position><in_Quantity.quantity>0.000000</in_Quantity.quantity><out_Quantity.quantity>213.278595</out_Quantity.quantity></Point><Point><position>7950</position><in_Quantity.quantity>0.000000</in_Quantity.quantity><out_Quantity.quantity>857.169189</out_Quantity.quantity></Point><Point><position>7951</position><in_Quantity.quantity>0.000000</in_Quantity.quantity><out_Quantity.quantity>481.643146</out_Quantity.quantity></Point><Point><position>7952</position><in_Quantity.quantity>0.000000</in_Quantity.quantity><out_Quantity.quantity>277.671202</out_Quantity.quantity></Point><Point><position>7953</position><in_Quantity.quantity>0.000000</in_Quantity.quantity><out_Quantity.quantity>555.325008</out_Quantity.quantity></Point><Point><position>7954</position><in_Quantity.quantity>0.000000</in_Quantity.quantity><out_Quantity.quantity>7.293437</out_Quantity.quantity></Point><Point><position>7955</position><in_Quantity.quantity>0.000000</in_Quantity.quantity><out_Quantity.quantity>307.463317</out_Quantity.quantity></Point><Point><position>7956</position><in_Quantity.quantity>0.000000</in_Quantity.quantity><out_Quantity.quantity>758.137111</out_Quantity.quantity></Point><Point><position>7957</position><in_Quantity.quantity>0.000000</in_Quantity.quantity><out_Quantity.quantity>857.895687</out_Quantity.quantity></Point><Point><position>7958</position><in_Quantity.quantity>0.000000</in_Quantity.quantity><out_Quantity.quantity>542.840064</out_Quantity.quantity></Point><Point><position>7959</position><in_Quantity.quantity>0.000000</in_Quantity.quantity><out_Quantity.quantity>277.472393</out_Quantity.quantity></Point><Point><position>7960</position><in_Quantity.quantity>0.000000</in_Quantity.quantity><out_Quantity.quantity>98.883768</out_Quantity.quantity></Point><Point><position>7961</position><in_Quantity.quantity>0.000000</in_Quantity.quantity><out_Quantity.quantity>354.586033</out_Quantity.quantity></Point><Point><position>7962</position><in_Quantity.quantity>0.000000</in_Quantity.quantity><out_Quantity.quantity>177.234083</out_Quantity.quantity></Point><Point><position>7963</position><in_Quantity.quantity>0.000000</in_Quantity.quantity><out_Quantity.quantity>801.708861</out_Quantity.quantity></Point><Point><position>7964</position><in_Quantity.quantity>0.000000</in_Quantity.quantity><out_Quantity.quantity>439.782737</out_Quantity.quantity></Point><Point><position>7965</position><in_Quantity.quantity>0.000000</in_Quantity.quantity><out_Quantity.quantity>675.589266</out_Quantity.quantity></Point><Point><position>7966</position><in_Quantity.quantity>0.000000</in_Quantity.quantity><out_Quantity.quantity>500.207432</out_Quantity.quantity></Point><Point><position>7967</position><in_Quantity.quantity>0.000000</in_Quantity.quantity><out_Quantity.quantity>454.259887</out_Quantity.quantity></Point><Point><position>7968</position><in_Quantity.quantity>0.000000</in_Quantity.quantity><out_Quantity.quantity>480.607826</out_Quantity.quantity></Point><Point><position>7969</position><in_Quantity.quantity>0.000000</in_Quantity.quantity><out_Quantity.quantity>559.030079</out_Quantity.quantity></Point><Point><position>7970</position><in_Quantity.quantity>0.000000</in_Quantity.quantity><out_Quantity.quantity>834.852326</out_Quantity.quantity></Point><Point><position>7971</position><in_Quantity.quantity>0.000000</in_Quantity.quantity><out_Quantity.quantity>938.269258</out_Quantity.quantity></Point><Point><position>7972</position><in_Quantity.quantity>0.000000</in_Quantity.quantity><out_Quantity.quantity>184.781519</out_Quantity.quantity></Point><Point><position>7973</position><in_Quantity.quantity>0.000000</in_Quantity.quantity><out_Quantity.quantity>659.030063</out_Quantity.quantity></Point><Point><position>7974</position><in_Quantity.quantity>0.000000</in_Quantity.quantity><out_Quantity.quantity>472.230335</out_Quantity.quantity></Point><Point><position>7975</position><in_Quantity.quantity>0.000000</in_Quantity.quantity><out_Quantity.quantity>103.571407</out_Quantity.quantity></Point><Point><position>7976</position><in_Quantity.quantity>0.000000</in_Quantity.quantity><out_Quantity.quantity>576.793146</out_Quantity.quantity></Point><Point><position>7977</position><in_Quantity.quantity>0.000000</in_Quantity.quantity><out_Quantity.quantity>795.920453</out_Quantity.quantity></Point><Point><position>7978</position><in_Quantity.quantity>0.000000</in_Quantity.quantity><out_Quantity.quantity>925.668903</out_Quantity.quantity></Point><Point><position>7979</position><in_Quantity.quantity>0.000000</in_Quantity.quantity><out_Quantity.quantity>32.629732</out_Quantity.quantity></Point><Point><position>7980</position><in_Quantity.quantity>0.000000</in_Quantity.quantity><out_Quantity.quantity>815.829890</out_Quantity.quantity></Point><Point><position>7981</position><in_Quantity.quantity>0.000000</in_Quantity.quantity><out_Quantity.quantity>689.528184</out_Quantity.quantity></Point><Point><position>7982</position><in_Quantity.quantity>0.000000</in_Quantity.quantity><out_Quantity.quantity>584.572357</out_Quantity.quantity></Point><Point><position>7983</position><in_Quantity.quantity>0.000000</in_Quantity.quantity><out_Quantity.quantity>80.393412</out_Quantity.quantity></Point><Point><position>7984</position><in_Quantity.quantity>0.000000</in_Quantity.quantity><out_Quantity.quantity>685.134376</out_Quantity.quantity></Point><Point><position>7985</position><in_Quantity.quantity>0.000000</in_Quantity.quantity><out_Quantity.quantity>100.110115</out_Quantity.quantity></Point><Point><position>7986</position><in_Quantity.quantity>0.000000</in_Quantity.quantity><out_Quantity.quantity>959.301867</out_Quantity.quantity></Point><Point><position>7987</position><in_Quantity.quantity>0.000000</in_Quantity.quantity><out_Quantity.quantity>951.761567</out_Quantity.quantity></Point><Point><position>7988</position><in_Quantity.quantity>0.000000</in_Quantity.quantity><out_Quantity.quantity>449.506793</out_Quantity.quantity></Point><Point><position>7989</position><in_Quantity.quantity>0.000000</in_Quantity.quantity><out_Quantity.quantity>370.740134</out_Quantity.quantity></Point><Point><position>7990</position><in_Quantity.quantity>0.000000</in_Quantity.quantity><out_Quantity.quantity>305.690736</out_Quantity.quantity></Point><Point><position>7991</position><in_Quantity.quantity>0.000000</in_Quantity.quantity><out_Quantity.quantity>489.142594</out_Quantity.quantity></Point><Point><position>7992</position><in_Quantity.quantity>0.000000</in_Quantity.quantity><out_Quantity.quantity>614.778005</out_Quantity.quantity></Point><Point><position>7993</position><in_Quantity.quantity>0.000000</in_Quantity.quantity><out_Quantity.quantity>156.389668</out_Quantity.quantity></Point><Point><position>7994</position><in_Quantity.quantity>0.000000</in_Quantity.quantity><out_Quantity.quantity>540.615746</out_Quantity.quantity></Point><Point><position>7995</position><in_Quantity.quantity>0.000000</in_Quantity.quantity><out_Quantity.quantity>793.289873</out_Quantity.quantity></Point><Point><position>7996</position><in_Quantity.quantity>0.000000</in_Quantity.quantity><out_Quantity.quantity>504.846293</out_Quantity.quantity></Point><Point><position>7997</position><in_Quantity.quantity>0.000000</in_Quantity.quantity><out_Quantity.quantity>640.495881</out_Quantity.quantity></Point><Point><position>7998</position><in_Quantity.quantity>0.000000</in_Quantity.quantity><out_Quantity.quantity>304.609838</out_Quantity.quantity></Point><Point><position>7999</position><in_Quantity.quantity>0.000000</in_Quantity.quantity><out_Quantity.quantity>558.841182</out_Quantity.quantity></Point><Point><position>8000</position><in_Quantity.quantity>0.000000</in_Quantity.quantity><out_Quantity.quantity>570.012309</out_Quantity.quantity></Point><Point><position>8001</position><in_Quantity.quantity>0.000000</in_Quantity.quantity><out_Quantity.quantity>665.924101</out_Quantity.quantity></Point><Point><position>8002</position><in_Quantity.quantity>0.000000</in_Quantity.quantity><out_Quantity.quantity>977.032819</out_Quantity.quantity></Point><Point><position>8003</position><in_Quantity.quantity>0.000000</in_Quantity.quantity><out_Quantity.quantity>627.111220</out_Quantity.quantity></Point><Point><position>8004</position><in_Quantity.quantity>0.000000</in_Quantity.quantity><out_Quantity.quantity>472.485004</out_Quantity.quantity></Point><Point><position>8005</position><in_Quantity.quantity>0.000000</in_Quantity.quantity><out_Quantity.quantity>884.188270</out_Quantity.quantity></Point><Point><position>8006</position><in_Quantity.quantity>0.000000</in_Quantity.quantity><out_Quantity.quantity>462.263492</out_Quantity.quantity></Point><Point><position>8007</position><in_Quantity.quantity>0.000000</in_Quantity.quantity><out_Quantity.quantity>485.539324</out_Quantity.quantity></Point><Point><position>8008</position><in_Quantity.quantity>0.000000</in_Quantity.quantity><out_Quantity.quantity>674.179695</out_Quantity.quantity></Point><Point><position>8009</position><in_Quantity.quantity>0.000000</in_Quantity.quantity><out_Quantity.quantity>759.128325</out_Quantity.quantity></Point><Point><position>8010</position><in_Quantity.quantity>0.000000</in_Quantity.quantity><out_Quantity.quantity>94.768230</out_Quantity.quantity></Point><Point><position>8011</position><in_Quantity.quantity>0.000000</in_Quantity.quantity><out_Quantity.quantity>762.425205</out_Quantity.quantity></Point><Point><position>8012</position><in_Quantity.quantity>0.000000</in_Quantity.quantity><out_Quantity.quantity>128.617195</out_Quantity.quantity></Point><Point><position>8013</position><in_Quantity.quantity>0.000000</in_Quantity.quantity><out_Quantity.quantity>76.013532</out_Quantity.quantity></Point><Point><position>8014</position><in_Quantity.quantity>0.000000</in_Quantity.quantity><out_Quantity.quantity>758.140960</out_Quantity.quantity></Point><Point><position>8015</position><in_Quantity.quantity>0.000000</in_Quantity.quantity><out_Quantity.quantity>562.200273</out_Quantity.quantity></Point><Point><position>8016</position><in_Quantity.quantity>0.000000</in_Quantity.quantity><out_Quantity.quantity>993.373879</out_Quantity.quantity></Point><Point><position>8017</position><in_Quantity.quantity>0.000000</in_Quantity.quantity><out_Quantity.quantity>905.244674</out_Quantity.quantity></Point><Point><position>8018</position><in_Quantity.quantity>0.000000</in_Quantity.quantity><out_Quantity.quantity>14.872690</out_Quantity.quantity></Point><Point><position>8019</position><in_Quantity.quantity>0.000000</in_Quantity.quantity><out_Quantity.quantity>873.364075</out_Quantity.quantity></Point><Point><position>8020</position><in_Quantity.quantity>0.000000</in_Quantity.quantity><out_Quantity.quantity>714.273677</out_Quantity.quantity></Point><Point><position>8021</position><in_Quantity.quantity>0.000000</in_Quantity.quantity><out_Quantity.quantity>16.485643</out_Quantity.quantity></Point><Point><position>8022</position><in_Quantity.quantity>0.000000</in_Quantity.quantity><out_Quantity.quantity>432.895097</out_Quantity.quantity></Point><Point><position>8023</position><in_Quantity.quantity>0.000000</in_Quantity.quantity><out_Quantity.quantity>884.080433</out_Quantity.quantity></Point><Point><position>8024</position><in_Quantity.quantity>0.000000</in_Quantity.quantity><out_Quantity.quantity>237.559463</out_Quantity.quantity></Point><Point><position>8025</position><in_Quantity.quantity>0.000000</in_Quantity.quantity><out_Quantity.quantity>193.019548</out_Quantity.quantity></Point><Point><position>8026</position><in_Quantity.quantity>0.000000</in_Quantity.quantity><out_Quantity.quantity>938.856830</out_Quantity.quantity></Point><Point><position>8027</position><in_Quantity.quantity>0.000000</in_Quantity.quantity><out_Quantity.quantity>109.748954</out_Quantity.quantity></Point><Point><position>8028</position><in_Quantity.quantity>0.000000</in_Quantity.quantity><out_Quantity.quantity>790.276496</out_Quantity.quantity></Point><Point><position>8029</position><in_Quantity.quantity>0.000000</in_Quantity.quantity><out_Quantity.quantity>37.659503</out_Quantity.quantity></Point><Point><position>8030</position><in_Quantity.quantity>0.000000</in_Quantity.quantity><out_Quantity.quantity>436.058585</out_Quantity.quantity></Point><Point><position>8031</position><in_Quantity.quantity>0.000000</in_Quantity.quantity><out_Quantity.quantity>852.349919</out_Quantity.quantity></Point><Point><position>8032</position><in_Quantity.quantity>0.000000</in_Quantity.quantity><out_Quantity.quantity>451.958457</out_Quantity.quantity></Point><Point><position>8033</position><in_Quantity.quantity>0.000000</in_Quantity.quantity><out_Quantity.quantity>15.737812</out_Quantity.quantity></Point><Point><position>8034</position><in_Quantity.quantity>0.000000</in_Quantity.quantity><out_Quantity.quantity>743.535240</out_Quantity.quantity></Point><Point><position>8035</position><in_Quantity.quantity>0.000000</in_Quantity.quantity><out_Quantity.quantity>341.784503</out_Quantity.quantity></Point><Point><position>8036</position><in_Quantity.quantity>0.000000</in_Quantity.quantity><out_Quantity.quantity>16.033219</out_Quantity.quantity></Point><Point><position>8037</position><in_Quantity.quantity>0.000000</in_Quantity.quantity><out_Quantity.quantity>155.429750</out_Quantity.quantity></Point><Point><position>8038</position><in_Quantity.quantity>0.000000</in_Quantity.quantity><out_Quantity.quantity>989.389478</out_Quantity.quantity></Point><Point><position>8039</position><in_Quantity.quantity>0.000000</in_Quantity.quantity><out_Quantity.quantity>367.389660</out_Quantity.quantity></Point><Point><position>8040</position><in_Quantity.quantity>0.000000</in_Quantity.quantity><out_Quantity.quantity>920.651258</out_Quantity.quantity></Point><Point><position>8041</position><in_Quantity.quantity>0.000000</in_Quantity.quantity><out_Quantity.quantity>881.231356</out_Quantity.quantity></Point><Point><position>8042</position><in_Quantity.quantity>0.000000</in_Quantity.quantity><out_Quantity.quantity>802.216809</out_Quantity.quantity></Point><Point><position>8043</position><in_Quantity.quantity>0.000000</in_Quantity.quantity><out_Quantity.quantity>110.418916</out_Quantity.quantity></Point><Point><position>8044</position><in_Quantity.quantity>0.000000</in_Quantity.quantity><out_Quantity.quantity>261.356070</out_Quantity.quantity></Point><Point><position>8045</position><in_Quantity.quantity>0.000000</in_Quantity.quantity><out_Quantity.quantity>473.535413</out_Quantity.quantity></Point><Point><position>8046</position><in_Quantity.quantity>0.000000</in_Quantity.quantity><out_Quantity.quantity>708.809518</out_Quantity.quantity></Point><Point><position>8047</position><in_Quantity.quantity>0.000000</in_Quantity.quantity><out_Quantity.quantity>942.169336</out_Quantity.quantity></Point><Point><position>8048</position><in_Quantity.quantity>0.000000</in_Quantity.quantity><out_Quantity.quantity>774.609236</out_Quantity.quantity></Point><Point><position>8049</position><in_Quantity.quantity>0.000000</in_Quantity.quantity><out_Quantity.quantity>6.506307</out_Quantity.quantity></Point><Point><position>8050</position><in_Quantity.quantity>0.000000</in_Quantity.quantity><out_Quantity.quantity>783.357625</out_Quantity.quantity></Point><Point><position>8051</position><in_Quantity.quantity>0.000000</in_Quantity.quantity><out_Quantity.quantity>66.846220</out_Quantity.quantity></Point><Point><position>8052</position><in_Quantity.quantity>0.000000</in_Quantity.quantity><out_Quantity.quantity>160.542066</out_Quantity.quantity></Point><Point><position>8053</position><in_Quantity.quantity>0.000000</in_Quantity.quantity><out_Quantity.quantity>624.205887</out_Quantity.quantity></Point><Point><position>8054</position><in_Quantity.quantity>0.000000</in_Quantity.quantity><out_Quantity.quantity>542.208505</out_Quantity.quantity></Point><Point><position>8055</position><in_Quantity.quantity>0.000000</in_Quantity.quantity><out_Quantity.quantity>366.257791</out_Quantity.quantity></Point><Point><position>8056</position><in_Quantity.quantity>0.000000</in_Quantity.quantity><out_Quantity.quantity>468.825865</out_Quantity.quantity></Point><Point><position>8057</position><in_Quantity.quantity>0.000000</in_Quantity.quantity><out_Quantity.quantity>4.421607</out_Quantity.quantity></Point><Point><position>8058</position><in_Quantity.quantity>0.000000</in_Quantity.quantity><out_Quantity.quantity>708.735591</out_Quantity.quantity></Point><Point><position>8059</position><in_Quantity.quantity>0.000000</in_Quantity.quantity><out_Quantity.quantity>239.339834</out_Quantity.quantity></Point><Point><position>8060</position><in_Quantity.quantity>0.000000</in_Quantity.quantity><out_Quantity.quantity>641.895009</out_Quantity.quantity></Point><Point><position>8061</position><in_Quantity.quantity>0.000000</in_Quantity.quantity><out_Quantity.quantity>625.094199</out_Quantity.quantity></Point><Point><position>8062</position><in_Quantity.quantity>0.000000</in_Quantity.quantity><out_Quantity.quantity>732.781972</out_Quantity.quantity></Point><Point><position>8063</position><in_Quantity.quantity>0.000000</in_Quantity.quantity><out_Quantity.quantity>322.075768</out_Quantity.quantity></Point><Point><position>8064</position><in_Quantity.quantity>0.000000</in_Quantity.quantity><out_Quantity.quantity>459.641315</out_Quantity.quantity></Point><Point><position>8065</position><in_Quantity.quantity>0.000000</in_Quantity.quantity><out_Quantity.quantity>796.324377</out_Quantity.quantity></Point><Point><position>8066</position><in_Quantity.quantity>0.000000</in_Quantity.quantity><out_Quantity.quantity>64.215917</out_Quantity.quantity></Point><Point><position>8067</position><in_Quantity.quantity>0.000000</in_Quantity.quantity><out_Quantity.quantity>25.360791</out_Quantity.quantity></Point><Point><position>8068</position><in_Quantity.quantity>0.000000</in_Quantity.quantity><out_Quantity.quantity>823.182741</out_Quantity.quantity></Point><Point><position>8069</position><in_Quantity.quantity>0.000000</in_Quantity.quantity><out_Quantity.quantity>517.137305</out_Quantity.quantity></Point><Point><position>8070</position><in_Quantity.quantity>0.000000</in_Quantity.quantity><out_Quantity.quantity>831.968209</out_Quantity.quantity></Point><Point><position>8071</position><in_Quantity.quantity>0.000000</in_Quantity.quantity><out_Quantity.quantity>42.953484</out_Quantity.quantity></Point><Point><position>8072</position><in_Quantity.quantity>0.000000</in_Quantity.quantity><out_Quantity.quantity>679.489103</out_Quantity.quantity></Point><Point><position>8073</position><in_Quantity.quantity>0.000000</in_Quantity.quantity><out_Quantity.quantity>97.279023</out_Quantity.quantity></Point><Point><position>8074</position><in_Quantity.quantity>0.000000</in_Quantity.quantity><out_Quantity.quantity>745.155990</out_Quantity.quantity></Point><Point><position>8075</position><in_Quantity.quantity>0.000000</in_Quantity.quantity><out_Quantity.quantity>948.311628</out_Quantity.quantity></Point><Point><position>8076</position><in_Quantity.quantity>0.000000</in_Quantity.quantity><out_Quantity.quantity>228.586224</out_Quantity.quantity></Point><Point><position>8077</position><in_Quantity.quantity>0.000000</in_Quantity.quantity><out_Quantity.quantity>359.274280</out_Quantity.quantity></Point><Point><position>8078</position><in_Quantity.quantity>0.000000</in_Quantity.quantity><out_Quantity.quantity>12.159069</out_Quantity.quantity></Point><Point><position>8079</position><in_Quantity.quantity>0.000000</in_Quantity.quantity><out_Quantity.quantity>199.111968</out_Quantity.quantity></Point><Point><position>8080</position><in_Quantity.quantity>0.000000</in_Quantity.quantity><out_Quantity.quantity>366.868624</out_Quantity.quantity></Point><Point><position>8081</position><in_Quantity.quantity>0.000000</in_Quantity.quantity><out_Quantity.quantity>897.550896</out_Quantity.quantity></Point><Point><position>8082</position><in_Quantity.quantity>0.000000</in_Quantity.quantity><out_Quantity.quantity>35.800411</out_Quantity.quantity></Point><Point><position>8083</position><in_Quantity.quantity>0.000000</in_Quantity.quantity><out_Quantity.quantity>601.781171</out_Quantity.quantity></Point><Point><position>8084</position><in_Quantity.quantity>0.000000</in_Quantity.quantity><out_Quantity.quantity>638.182112</out_Quantity.quantity></Point><Point><position>8085</position><in_Quantity.quantity>0.000000</in_Quantity.quantity><out_Quantity.quantity>197.896957</out_Quantity.quantity></Point><Point><position>8086</position><in_Quantity.quantity>0.000000</in_Quantity.quantity><out_Quantity.quantity>87.231956</out_Quantity.quantity></Point><Point><position>8087</position><in_Quantity.quantity>0.000000</in_Quantity.quantity><out_Quantity.quantity>372.387547</out_Quantity.quantity></Point><Point><position>8088</position><in_Quantity.quantity>0.000000</in_Quantity.quantity><out_Quantity.quantity>963.407963</out_Quantity.quantity></Point><Point><position>8089</position><in_Quantity.quantity>0.000000</in_Quantity.quantity><out_Quantity.quantity>300.026366</out_Quantity.quantity></Point><Point><position>8090</position><in_Quantity.quantity>0.000000</in_Quantity.quantity><out_Quantity.quantity>628.266487</out_Quantity.quantity></Point><Point><position>8091</position><in_Quantity.quantity>0.000000</in_Quantity.quantity><out_Quantity.quantity>870.733649</out_Quantity.quantity></Point><Point><position>8092</position><in_Quantity.quantity>0.000000</in_Quantity.quantity><out_Quantity.quantity>595.455044</out_Quantity.quantity></Point><Point><position>8093</position><in_Quantity.quantity>0.000000</in_Quantity.quantity><out_Quantity.quantity>876.367279</out_Quantity.quantity></Point><Point><position>8094</position><in_Quantity.quantity>0.000000</in_Quantity.quantity><out_Quantity.quantity>419.006856</out_Quantity.quantity></Point><Point><position>8095</position><in_Quantity.quantity>0.000000</in_Quantity.quantity><out_Quantity.quantity>641.160936</out_Quantity.quantity></Point><Point><position>8096</position><in_Quantity.quantity>0.000000</in_Quantity.quantity><out_Quantity.quantity>891.899038</out_Quantity.quantity></Point><Point><position>8097</position><in_Quantity.quantity>0.000000</in_Quantity.quantity><out_Quantity.quantity>606.440103</out_Quantity.quantity></Point><Point><position>8098</position><in_Quantity.quantity>0.000000</in_Quantity.quantity><out_Quantity.quantity>464.197658</out_Quantity.quantity></Point><Point><position>8099</position><in_Quantity.quantity>0.000000</in_Quantity.quantity><out_Quantity.quantity>951.890440</out_Quantity.quantity></Point><Point><position>8100</position><in_Quantity.quantity>0.000000</in_Quantity.quantity><out_Quantity.quantity>677.843033</out_Quantity.quantity></Point><Point><position>8101</position><in_Quantity.quantity>0.000000</in_Quantity.quantity><out_Quantity.quantity>642.811299</out_Quantity.quantity></Point><Point><position>8102</position><in_Quantity.quantity>0.000000</in_Quantity.quantity><out_Quantity.quantity>937.122316</out_Quantity.quantity></Point><Point><position>8103</position><in_Quantity.quantity>0.000000</in_Quantity.quantity><out_Quantity.quantity>952.692908</out_Quantity.quantity></Point><Point><position>8104</position><in_Quantity.quantity>0.000000</in_Quantity.quantity><out_Quantity.quantity>979.380735</out_Quantity.quantity></Point><Point><position>8105</position><in_Quantity.quantity>0.000000</in_Quantity.quantity><out_Quantity.quantity>97.118764</out_Quantity.quantity></Point><Point><position>8106</position><in_Quantity.quantity>0.000000</in_Quantity.quantity><out_Quantity.quantity>567.398294</out_Quantity.quantity></Point><Point><position>8107</position><in_Quantity.quantity>0.000000</in_Quantity.quantity><out_Quantity.quantity>28.342105</out_Quantity.quantity></Point><Point><position>8108</position><in_Quantity.quantity>0.000000</in_Quantity.quantity><out_Quantity.quantity>901.465847</out_Quantity.quantity></Point><Point><position>8109</position><in_Quantity.quantity>0.000000</in_Quantity.quantity><out_Quantity.quantity>46.802715</out_Quantity.quantity></Point><Point><position>8110</position><in_Quantity.quantity>0.000000</in_Quantity.quantity><out_Quantity.quantity>789.167326</out_Quantity.quantity></Point><Point><position>8111</position><in_Quantity.quantity>0.000000</in_Quantity.quantity><out_Quantity.quantity>850.140090</out_Quantity.quantity></Point><Point><position>8112</position><in_Quantity.quantity>0.000000</in_Quantity.quantity><out_Quantity.quantity>92.611818</out_Quantity.quantity></Point><Point><position>8113</position><in_Quantity.quantity>0.000000</in_Quantity.quantity><out_Quantity.quantity>272.901118</out_Quantity.quantity></Point><Point><position>8114</position><in_Quantity.quantity>0.000000</in_Quantity.quantity><out_Quantity.quantity>395.717145</out_Quantity.quantity></Point><Point><position>8115</position><in_Quantity.quantity>0.000000</in_Quantity.quantity><out_Quantity.quantity>168.016242</out_Quantity.quantity></Point><Point><position>8116</position><in_Quantity.quantity>0.000000</in_Quantity.quantity><out_Quantity.quantity>762.044850</out_Quantity.quantity></Point><Point><position>8117</position><in_Quantity.quantity>0.000000</in_Quantity.quantity><out_Quantity.quantity>946.152698</out_Quantity.quantity></Point><Point><position>8118</position><in_Quantity.quantity>0.000000</in_Quantity.quantity><out_Quantity.quantity>230.819918</out_Quantity.quantity></Point><Point><position>8119</position><in_Quantity.quantity>0.000000</in_Quantity.quantity><out_Quantity.quantity>702.504781</out_Quantity.quantity></Point><Point><position>8120</position><in_Quantity.quantity>0.000000</in_Quantity.quantity><out_Quantity.quantity>59.373193</out_Quantity.quantity></Point><Point><position>8121</position><in_Quantity.quantity>0.000000</in_Quantity.quantity><out_Quantity.quantity>224.770001</out_Quantity.quantity></Point><Point><position>8122</position><in_Quantity.quantity>0.000000</in_Quantity.quantity><out_Quantity.quantity>153.382577</out_Quantity.quantity></Point><Point><position>8123</position><in_Quantity.quantity>0.000000</in_Quantity.quantity><out_Quantity.quantity>590.162950</out_Quantity.quantity></Point><Point><position>8124</position><in_Quantity.quantity>0.000000</in_Quantity.quantity><out_Quantity.quantity>180.019422</out_Quantity.quantity></Point><Point><position>8125</position><in_Quantity.quantity>0.000000</in_Quantity.quantity><out_Quantity.quantity>203.641010</out_Quantity.quantity></Point><Point><position>8126</position><in_Quantity.quantity>0.000000</in_Quantity.quantity><out_Quantity.quantity>329.503109</out_Quantity.quantity></Point><Point><position>8127</position><in_Quantity.quantity>0.000000</in_Quantity.quantity><out_Quantity.quantity>218.997250</out_Quantity.quantity></Point><Point><position>8128</position><in_Quantity.quantity>0.000000</in_Quantity.quantity><out_Quantity.quantity>360.567302</out_Quantity.quantity></Point><Point><position>8129</position><in_Quantity.quantity>0.000000</in_Quantity.quantity><out_Quantity.quantity>247.709277</out_Quantity.quantity></Point><Point><position>8130</position><in_Quantity.quantity>0.000000</in_Quantity.quantity><out_Quantity.quantity>959.720226</out_Quantity.quantity></Point><Point><position>8131</position><in_Quantity.quantity>0.000000</in_Quantity.quantity><out_Quantity.quantity>620.105004</out_Quantity.quantity></Point><Point><position>8132</position><in_Quantity.quantity>0.000000</in_Quantity.quantity><out_Quantity.quantity>945.103244</out_Quantity.quantity></Point><Point><position>8133</position><in_Quantity.quantity>0.000000</in_Quantity.quantity><out_Quantity.quantity>457.141296</out_Quantity.quantity></Point><Point><position>8134</position><in_Quantity.quantity>0.000000</in_Quantity.quantity><out_Quantity.quantity>140.883148</out_Quantity.quantity></Point><Point><position>8135</position><in_Quantity.quantity>0.000000</in_Quantity.quantity><out_Quantity.quantity>534.488779</out_Quantity.quantity></Point><Point><position>8136</position><in_Quantity.quantity>0.000000</in_Quantity.quantity><out_Quantity.quantity>174.477842</out_Quantity.quantity></Point><Point><position>8137</position><in_Quantity.quantity>0.000000</in_Quantity.quantity><out_Quantity.quantity>442.812478</out_Quantity.quantity></Point><Point><position>8138</position><in_Quantity.quantity>0.000000</in_Quantity.quantity><out_Quantity.quantity>803.451618</out_Quantity.quantity></Point><Point><position>8139</position><in_Quantity.quantity>0.000000</in_Quantity.quantity><out_Quantity.quantity>612.668788</out_Quantity.quantity></Point><Point><position>8140</position><in_Quantity.quantity>0.000000</in_Quantity.quantity><out_Quantity.quantity>985.647297</out_Quantity.quantity></Point><Point><position>8141</position><in_Quantity.quantity>0.000000</in_Quantity.quantity><out_Quantity.quantity>463.897645</out_Quantity.quantity></Point><Point><position>8142</position><in_Quantity.quantity>0.000000</in_Quantity.quantity><out_Quantity.quantity>393.883334</out_Quantity.quantity></Point><Point><position>8143</position><in_Quantity.quantity>0.000000</in_Quantity.quantity><out_Quantity.quantity>594.130672</out_Quantity.quantity></Point><Point><position>8144</position><in_Quantity.quantity>0.000000</in_Quantity.quantity><out_Quantity.quantity>448.185489</out_Quantity.quantity></Point><Point><position>8145</position><in_Quantity.quantity>0.000000</in_Quantity.quantity><out_Quantity.quantity>885.865539</out_Quantity.quantity></Point><Point><position>8146</position><in_Quantity.quantity>0.000000</in_Quantity.quantity><out_Quantity.quantity>105.400733</out_Quantity.quantity></Point><Point><position>8147</position><in_Quantity.quantity>0.000000</in_Quantity.quantity><out_Quantity.quantity>906.864539</out_Quantity.quantity></Point><Point><position>8148</position><in_Quantity.quantity>0.000000</in_Quantity.quantity><out_Quantity.quantity>101.426977</out_Quantity.quantity></Point><Point><position>8149</position><in_Quantity.quantity>0.000000</in_Quantity.quantity><out_Quantity.quantity>930.588615</out_Quantity.quantity></Point><Point><position>8150</position><in_Quantity.quantity>0.000000</in_Quantity.quantity><out_Quantity.quantity>348.729440</out_Quantity.quantity></Point><Point><position>8151</position><in_Quantity.quantity>0.000000</in_Quantity.quantity><out_Quantity.quantity>198.337736</out_Quantity.quantity></Point><Point><position>8152</position><in_Quantity.quantity>0.000000</in_Quantity.quantity><out_Quantity.quantity>469.660249</out_Quantity.quantity></Point><Point><position>8153</position><in_Quantity.quantity>0.000000</in_Quantity.quantity><out_Quantity.quantity>561.044069</out_Quantity.quantity></Point><Point><position>8154</position><in_Quantity.quantity>0.000000</in_Quantity.quantity><out_Quantity.quantity>538.914525</out_Quantity.quantity></Point><Point><position>8155</position><in_Quantity.quantity>0.000000</in_Quantity.quantity><out_Quantity.quantity>761.754355</out_Quantity.quantity></Point><Point><position>8156</position><in_Quantity.quantity>0.000000</in_Quantity.quantity><out_Quantity.quantity>247.731546</out_Quantity.quantity></Point><Point><position>8157</position><in_Quantity.quantity>0.000000</in_Quantity.quantity><out_Quantity.quantity>669.430216</out_Quantity.quantity></Point><Point><position>8158</position><in_Quantity.quantity>0.000000</in_Quantity.quantity><out_Quantity.quantity>706.902197</out_Quantity.quantity></Point><Point><position>8159</position><in_Quantity.quantity>0.000000</in_Quantity.quantity><out_Quantity.quantity>917.134389</out_Quantity.quantity></Point><Point><position>8160</position><in_Quantity.quantity>0.000000</in_Quantity.quantity><out_Quantity.quantity>158.788452</out_Quantity.quantity></Point><Point><position>8161</position><in_Quantity.quantity>0.000000</in_Quantity.quantity><out_Quantity.quantity>500.995524</out_Quantity.quantity></Point><Point><position>8162</position><in_Quantity.quantity>0.000000</in_Quantity.quantity><out_Quantity.quantity>777.573890</out_Quantity.quantity></Point><Point><position>8163</position><in_Quantity.quantity>0.000000</in_Quantity.quantity><out_Quantity.quantity>737.030264</out_Quantity.quantity></Point><Point><position>8164</position><in_Quantity.quantity>0.000000</in_Quantity.quantity><out_Quantity.quantity>281.364464</out_Quantity.quantity></Point><Point><position>8165</position><in_Quantity.quantity>0.000000</in_Quantity.quantity><out_Quantity.quantity>193.510455</out_Quantity.quantity></Point><Point><position>8166</position><in_Quantity.quantity>0.000000</in_Quantity.quantity><out_Quantity.quantity>455.421191</out_Quantity.quantity></Point><Point><position>8167</position><in_Quantity.quantity>0.000000</in_Quantity.quantity><out_Quantity.quantity>157.223894</out_Quantity.quantity></Point><Point><position>8168</position><in_Quantity.quantity>0.000000</in_Quantity.quantity><out_Quantity.quantity>686.196702</out_Quantity.quantity></Point><Point><position>8169</position><in_Quantity.quantity>0.000000</in_Quantity.quantity><out_Quantity.quantity>369.882880</out_Quantity.quantity></Point><Point><position>8170</position><in_Quantity.quantity>0.000000</in_Quantity.quantity><out_Quantity.quantity>522.332491</out_Quantity.quantity></Point><Point><position>8171</position><in_Quantity.quantity>0.000000</in_Quantity.quantity><out_Quantity.quantity>435.333938</out_Quantity.quantity></Point><Point><position>8172</position><in_Quantity.quantity>0.000000</in_Quantity.quantity><out_Quantity.quantity>369.704254</out_Quantity.quantity></Point><Point><position>8173</position><in_Quantity.quantity>0.000000</in_Quantity.quantity><out_Quantity.quantity>323.793543</out_Quantity.quantity></Point><Point><position>8174</position><in_Quantity.quantity>0.000000</in_Quantity.quantity><out_Quantity.quantity>12.685273</out_Quantity.quantity></Point><Point><position>8175</position><in_Quantity.quantity>0.000000</in_Quantity.quantity><out_Quantity.quantity>127.766757</out_Quantity.quantity></Point><Point><position>8176</position><in_Quantity.quantity>0.000000</in_Quantity.quantity><out_Quantity.quantity>571.507124</out_Quantity.quantity></Point><Point><position>8177</position><in_Quantity.quantity>0.000000</in_Quantity.quantity><out_Quantity.quantity>245.175498</out_Quantity.quantity></Point><Point><position>8178</position><in_Quantity.quantity>0.000000</in_Quantity.quantity><out_Quantity.quantity>706.844913</out_Quantity.quantity></Point><Point><position>8179</position><in_Quantity.quantity>0.000000</in_Quantity.quantity><out_Quantity.quantity>168.500238</out_Quantity.quantity></Point><Point><position>8180</position><in_Quantity.quantity>0.000000</in_Quantity.quantity><out_Quantity.quantity>817.254122</out_Quantity.quantity></Point><Point><position>8181</position><in_Quantity.quantity>0.000000</in_Quantity.quantity><out_Quantity.quantity>253.299893</out_Quantity.quantity></Point><Point><position>8182</position><in_Quantity.quantity>0.000000</in_Quantity.quantity><out_Quantity.quantity>41.555804</out_Quantity.quantity></Point><Point><position>8183</position><in_Quantity.quantity>0.000000</in_Quantity.quantity><out_Quantity.quantity>649.714484</out_Quantity.quantity></Point><Point><position>8184</position><in_Quantity.quantity>0.000000</in_Quantity.quantity><out_Quantity.quantity>65.844983</out_Quantity.quantity></Point><Point><position>8185</position><in_Quantity.quantity>0.000000</in_Quantity.quantity><out_Quantity.quantity>584.635439</out_Quantity.quantity></Point><Point><position>8186</position><in_Quantity.quantity>0.000000</in_Quantity.quantity><out_Quantity.quantity>516.478463</out_Quantity.quantity></Point><Point><position>8187</position><in_Quantity.quantity>0.000000</in_Quantity.quantity><out_Quantity.quantity>618.599279</out_Quantity.quantity></Point><Point><position>8188</position><in_Quantity.quantity>0.000000</in_Quantity.quantity><out_Quantity.quantity>109.819706</out_Quantity.quantity></Point><Point><position>8189</position><in_Quantity.quantity>0.000000</in_Quantity.quantity><out_Quantity.quantity>892.605007</out_Quantity.quantity></Point><Point><position>8190</position><in_Quantity.quantity>0.000000</in_Quantity.quantity><out_Quantity.quantity>481.234273</out_Quantity.quantity></Point><Point><position>8191</position><in_Quantity.quantity>0.000000</in_Quantity.quantity><out_Quantity.quantity>666.405017</out_Quantity.quantity></Point><Point><position>8192</position><in_Quantity.quantity>0.000000</in_Quantity.quantity><out_Quantity.quantity>310.368271</out_Quantity.quantity></Point><Point><position>8193</position><in_Quantity.quantity>0.000000</in_Quantity.quantity><out_Quantity.quantity>299.709222</out_Quantity.quantity></Point><Point><position>8194</position><in_Quantity.quantity>0.000000</in_Quantity.quantity><out_Quantity.quantity>226.232601</out_Quantity.quantity></Point><Point><position>8195</position><in_Quantity.quantity>0.000000</in_Quantity.quantity><out_Quantity.quantity>373.348233</out_Quantity.quantity></Point><Point><position>8196</position><in_Quantity.quantity>0.000000</in_Quantity.quantity><out_Quantity.quantity>524.631145</out_Quantity.quantity></Point><Point><position>8197</position><in_Quantity.quantity>0.000000</in_Quantity.quantity><out_Quantity.quantity>926.667610</out_Quantity.quantity></Point><Point><position>8198</position><in_Quantity.quantity>0.000000</in_Quantity.quantity><out_Quantity.quantity>669.823171</out_Quantity.quantity></Point><Point><position>8199</position><in_Quantity.quantity>0.000000</in_Quantity.quantity><out_Quantity.quantity>728.199966</out_Quantity.quantity></Point><Point><position>8200</position><in_Quantity.quantity>0.000000</in_Quantity.quantity><out_Quantity.quantity>582.651627</out_Quantity.quantity></Point><Point><position>8201</position><in_Quantity.quantity>0.000000</in_Quantity.quantity><out_Quantity.quantity>838.758106</out_Quantity.quantity></Point><Point><position>8202</position><in_Quantity.quantity>0.000000</in_Quantity.quantity><out_Quantity.quantity>889.056763</out_Quantity.quantity></Point><Point><position>8203</position><in_Quantity.quantity>0.000000</in_Quantity.quantity><out_Quantity.quantity>552.537539</out_Quantity.quantity></Point><Point><position>8204</position><in_Quantity.quantity>0.000000</in_Quantity.quantity><out_Quantity.quantity>972.108825</out_Quantity.quantity></Point><Point><position>8205</position><in_Quantity.quantity>0.000000</in_Quantity.quantity><out_Quantity.quantity>582.320256</out_Quantity.quantity></Point><Point><position>8206</position><in_Quantity.quantity>0.000000</in_Quantity.quantity><out_Quantity.quantity>116.718523</out_Quantity.quantity></Point><Point><position>8207</position><in_Quantity.quantity>0.000000</in_Quantity.quantity><out_Quantity.quantity>59.646143</out_Quantity.quantity></Point><Point><position>8208</position><in_Quantity.quantity>0.000000</in_Quantity.quantity><out_Quantity.quantity>349.280327</out_Quantity.quantity></Point><Point><position>8209</position><in_Quantity.quantity>0.000000</in_Quantity.quantity><out_Quantity.quantity>730.866223</out_Quantity.quantity></Point><Point><position>8210</position><in_Quantity.quantity>0.000000</in_Quantity.quantity><out_Quantity.quantity>836.065515</out_Quantity.quantity></Point><Point><position>8211</position><in_Quantity.quantity>0.000000</in_Quantity.quantity><out_Quantity.quantity>273.500900</out_Quantity.quantity></Point><Point><position>8212</position><in_Quantity.quantity>0.000000</in_Quantity.quantity><out_Quantity.quantity>590.479463</out_Quantity.quantity></Point><Point><position>8213</position><in_Quantity.quantity>0.000000</in_Quantity.quantity><out_Quantity.quantity>713.656931</out_Quantity.quantity></Point><Point><position>8214</position><in_Quantity.quantity>0.000000</in_Quantity.quantity><out_Quantity.quantity>463.007901</out_Quantity.quantity></Point><Point><position>8215</position><in_Quantity.quantity>0.000000</in_Quantity.quantity><out_Quantity.quantity>285.113229</out_Quantity.quantity></Point><Point><position>8216</position><in_Quantity.quantity>0.000000</in_Quantity.quantity><out_Quantity.quantity>492.824383</out_Quantity.quantity></Point><Point><position>8217</position><in_Quantity.quantity>0.000000</in_Quantity.quantity><out_Quantity.quantity>643.315038</out_Quantity.quantity></Point><Point><position>8218</position><in_Quantity.quantity>0.000000</in_Quantity.quantity><out_Quantity.quantity>256.431450</out_Quantity.quantity></Point><Point><position>8219</position><in_Quantity.quantity>0.000000</in_Quantity.quantity><out_Quantity.quantity>188.769987</out_Quantity.quantity></Point><Point><position>8220</position><in_Quantity.quantity>0.000000</in_Quantity.quantity><out_Quantity.quantity>806.436525</out_Quantity.quantity></Point><Point><position>8221</position><in_Quantity.quantity>0.000000</in_Quantity.quantity><out_Quantity.quantity>418.413644</out_Quantity.quantity></Point><Point><position>8222</position><in_Quantity.quantity>0.000000</in_Quantity.quantity><out_Quantity.quantity>787.036668</out_Quantity.quantity></Point><Point><position>8223</position><in_Quantity.quantity>0.000000</in_Quantity.quantity><out_Quantity.quantity>475.092923</out_Quantity.quantity></Point><Point><position>8224</position><in_Quantity.quantity>0.000000</in_Quantity.quantity><out_Quantity.quantity>130.985869</out_Quantity.quantity></Point><Point><position>8225</position><in_Quantity.quantity>0.000000</in_Quantity.quantity><out_Quantity.quantity>830.603547</out_Quantity.quantity></Point><Point><position>8226</position><in_Quantity.quantity>0.000000</in_Quantity.quantity><out_Quantity.quantity>947.180927</out_Quantity.quantity></Point><Point><position>8227</position><in_Quantity.quantity>0.000000</in_Quantity.quantity><out_Quantity.quantity>164.901369</out_Quantity.quantity></Point><Point><position>8228</position><in_Quantity.quantity>0.000000</in_Quantity.quantity><out_Quantity.quantity>120.438468</out_Quantity.quantity></Point><Point><position>8229</position><in_Quantity.quantity>0.000000</in_Quantity.quantity><out_Quantity.quantity>473.900534</out_Quantity.quantity></Point><Point><position>8230</position><in_Quantity.quantity>0.000000</in_Quantity.quantity><out_Quantity.quantity>366.555004</out_Quantity.quantity></Point><Point><position>8231</position><in_Quantity.quantity>0.000000</in_Quantity.quantity><out_Quantity.quantity>872.211943</out_Quantity.quantity></Point><Point><position>8232</position><in_Quantity.quantity>0.000000</in_Quantity.quantity><out_Quantity.quantity>108.675951</out_Quantity.quantity></Point><Point><position>8233</position><in_Quantity.quantity>0.000000</in_Quantity.quantity><out_Quantity.quantity>516.633940</out_Quantity.quantity></Point><Point><position>8234</position><in_Quantity.quantity>0.000000</in_Quantity.quantity><out_Quantity.quantity>23.380568</out_Quantity.quantity></Point><Point><position>8235</position><in_Quantity.quantity>0.000000</in_Quantity.quantity><out_Quantity.quantity>839.054213</out_Quantity.quantity></Point><Point><position>8236</position><in_Quantity.quantity>0.000000</in_Quantity.quantity><out_Quantity.quantity>313.269706</out_Quantity.quantity></Point><Point><position>8237</position><in_Quantity.quantity>0.000000</in_Quantity.quantity><out_Quantity.quantity>32.345211</out_Quantity.quantity></Point><Point><position>8238</position><in_Quantity.quantity>0.000000</in_Quantity.quantity><out_Quantity.quantity>232.302699</out_Quantity.quantity></Point><Point><position>8239</position><in_Quantity.quantity>0.000000</in_Quantity.quantity><out_Quantity.quantity>961.271342</out_Quantity.quantity></Point><Point><position>8240</position><in_Quantity.quantity>0.000000</in_Quantity.quantity><out_Quantity.quantity>140.175376</out_Quantity.quantity></Point><Point><position>8241</position><in_Quantity.quantity>0.000000</in_Quantity.quantity><out_Quantity.quantity>680.015690</out_Quantity.quantity></Point><Point><position>8242</position><in_Quantity.quantity>0.000000</in_Quantity.quantity><out_Quantity.quantity>936.815195</out_Quantity.quantity></Point><Point><position>8243</position><in_Quantity.quantity>0.000000</in_Quantity.quantity><out_Quantity.quantity>961.866666</out_Quantity.quantity></Point><Point><position>8244</position><in_Quantity.quantity>0.000000</in_Quantity.quantity><out_Quantity.quantity>105.377157</out_Quantity.quantity></Point><Point><position>8245</position><in_Quantity.quantity>0.000000</in_Quantity.quantity><out_Quantity.quantity>711.932846</out_Quantity.quantity></Point><Point><position>8246</position><in_Quantity.quantity>0.000000</in_Quantity.quantity><out_Quantity.quantity>591.957096</out_Quantity.quantity></Point><Point><position>8247</position><in_Quantity.quantity>0.000000</in_Quantity.quantity><out_Quantity.quantity>356.080430</out_Quantity.quantity></Point><Point><position>8248</position><in_Quantity.quantity>0.000000</in_Quantity.quantity><out_Quantity.quantity>22.960704</out_Quantity.quantity></Point><Point><position>8249</position><in_Quantity.quantity>0.000000</in_Quantity.quantity><out_Quantity.quantity>925.485973</out_Quantity.quantity></Point><Point><position>8250</position><in_Quantity.quantity>0.000000</in_Quantity.quantity><out_Quantity.quantity>395.965385</out_Quantity.quantity></Point><Point><position>8251</position><in_Quantity.quantity>0.000000</in_Quantity.quantity><out_Quantity.quantity>496.538323</out_Quantity.quantity></Point><Point><position>8252</position><in_Quantity.quantity>0.000000</in_Quantity.quantity><out_Quantity.quantity>913.665088</out_Quantity.quantity></Point><Point><position>8253</position><in_Quantity.quantity>0.000000</in_Quantity.quantity><out_Quantity.quantity>242.412624</out_Quantity.quantity></Point><Point><position>8254</position><in_Quantity.quantity>0.000000</in_Quantity.quantity><out_Quantity.quantity>122.440582</out_Quantity.quantity></Point><Point><position>8255</position><in_Quantity.quantity>0.000000</in_Quantity.quantity><out_Quantity.quantity>990.336698</out_Quantity.quantity></Point><Point><position>8256</position><in_Quantity.quantity>0.000000</in_Quantity.quantity><out_Quantity.quantity>607.426272</out_Quantity.quantity></Point><Point><position>8257</position><in_Quantity.quantity>0.000000</in_Quantity.quantity><out_Quantity.quantity>347.961825</out_Quantity.quantity></Point><Point><position>8258</position><in_Quantity.quantity>0.000000</in_Quantity.quantity><out_Quantity.quantity>996.905945</out_Quantity.quantity></Point><Point><position>8259</position><in_Quantity.quantity>0.000000</in_Quantity.quantity><out_Quantity.quantity>438.688220</out_Quantity.quantity></Point><Point><position>8260</position><in_Quantity.quantity>0.000000</in_Quantity.quantity><out_Quantity.quantity>655.043058</out_Quantity.quantity></Point><Point><position>8261</position><in_Quantity.quantity>0.000000</in_Quantity.quantity><out_Quantity.quantity>946.680005</out_Quantity.quantity></Point><Point><position>8262</position><in_Quantity.quantity>0.000000</in_Quantity.quantity><out_Quantity.quantity>987.851774</out_Quantity.quantity></Point><Point><position>8263</position><in_Quantity.quantity>0.000000</in_Quantity.quantity><out_Quantity.quantity>944.792924</out_Quantity.quantity></Point><Point><position>8264</position><in_Quantity.quantity>0.000000</in_Quantity.quantity><out_Quantity.quantity>4.518137</out_Quantity.quantity></Point><Point><position>8265</position><in_Quantity.quantity>0.000000</in_Quantity.quantity><out_Quantity.quantity>252.148026</out_Quantity.quantity></Point><Point><position>8266</position><in_Quantity.quantity>0.000000</in_Quantity.quantity><out_Quantity.quantity>552.361160</out_Quantity.quantity></Point><Point><position>8267</position><in_Quantity.quantity>0.000000</in_Quantity.quantity><out_Quantity.quantity>167.491897</out_Quantity.quantity></Point><Point><position>8268</position><in_Quantity.quantity>0.000000</in_Quantity.quantity><out_Quantity.quantity>216.860224</out_Quantity.quantity></Point><Point><position>8269</position><in_Quantity.quantity>0.000000</in_Quantity.quantity><out_Quantity.quantity>750.650297</out_Quantity.quantity></Point><Point><position>8270</position><in_Quantity.quantity>0.000000</in_Quantity.quantity><out_Quantity.quantity>457.981279</out_Quantity.quantity></Point><Point><position>8271</position><in_Quantity.quantity>0.000000</in_Quantity.quantity><out_Quantity.quantity>441.565089</out_Quantity.quantity></Point><Point><position>8272</position><in_Quantity.quantity>0.000000</in_Quantity.quantity><out_Quantity.quantity>821.210966</out_Quantity.quantity></Point><Point><position>8273</position><in_Quantity.quantity>0.000000</in_Quantity.quantity><out_Quantity.quantity>852.375561</out_Quantity.quantity></Point><Point><position>8274</position><in_Quantity.quantity>0.000000</in_Quantity.quantity><out_Quantity.quantity>780.587081</out_Quantity.quantity></Point><Point><position>8275</position><in_Quantity.quantity>0.000000</in_Quantity.quantity><out_Quantity.quantity>311.432929</out_Quantity.quantity></Point><Point><position>8276</position><in_Quantity.quantity>0.000000</in_Quantity.quantity><out_Quantity.quantity>188.362719</out_Quantity.quantity></Point><Point><position>8277</position><in_Quantity.quantity>0.000000</in_Quantity.quantity><out_Quantity.quantity>34.666247</out_Quantity.quantity></Point><Point><position>8278</position><in_Quantity.quantity>0.000000</in_Quantity.quantity><out_Quantity.quantity>388.159691</out_Quantity.quantity></Point><Point><position>8279</position><in_Quantity.quantity>0.000000</in_Quantity.quantity><out_Quantity.quantity>734.561503</out_Quantity.quantity></Point><Point><position>8280</position><in_Quantity.quantity>0.000000</in_Quantity.quantity><out_Quantity.quantity>733.239409</out_Quantity.quantity></Point><Point><position>8281</position><in_Quantity.quantity>0.000000</in_Quantity.quantity><out_Quantity.quantity>952.340500</out_Quantity.quantity></Point><Point><position>8282</position><in_Quantity.quantity>0.000000</in_Quantity.quantity><out_Quantity.quantity>281.698578</out_Quantity.quantity></Point><Point><position>8283</position><in_Quantity.quantity>0.000000</in_Quantity.quantity><out_Quantity.quantity>577.459310</out_Quantity.quantity></Point><Point><position>8284</position><in_Quantity.quantity>0.000000</in_Quantity.quantity><out_Quantity.quantity>438.127939</out_Quantity.quantity></Point><Point><position>8285</position><in_Quantity.quantity>0.000000</in_Quantity.quantity><out_Quantity.quantity>584.743471</out_Quantity.quantity></Point><Point><position>8286</position><in_Quantity.quantity>0.000000</in_Quantity.quantity><out_Quantity.quantity>692.663897</out_Quantity.quantity></Point><Point><position>8287</position><in_Quantity.quantity>0.000000</in_Quantity.quantity><out_Quantity.quantity>379.820743</out_Quantity.quantity></Point><Point><position>8288</position><in_Quantity.quantity>0.000000</in_Quantity.quantity><out_Quantity.quantity>618.451113</out_Quantity.quantity></Point><Point><position>8289</position><in_Quantity.quantity>0.000000</in_Quantity.quantity><out_Quantity.quantity>905.649829</out_Quantity.quantity></Point><Point><position>8290</position><in_Quantity.quantity>0.000000</in_Quantity.quantity><out_Quantity.quantity>160.277483</out_Quantity.quantity></Point><Point><position>8291</position><in_Quantity.quantity>0.000000</in_Quantity.quantity><out_Quantity.quantity>88.530421</out_Quantity.quantity></Point><Point><position>8292</position><in_Quantity.quantity>0.000000</in_Quantity.quantity><out_Quantity.quantity>289.555307</out_Quantity.quantity></Point><Point><position>8293</position><in_Quantity.quantity>0.000000</in_Quantity.quantity><out_Quantity.quantity>604.911894</out_Quantity.quantity></Point><Point><position>8294</position><in_Quantity.quantity>0.000000</in_Quantity.quantity><out_Quantity.quantity>526.247568</out_Quantity.quantity></Point><Point><position>8295</position><in_Quantity.quantity>0.000000</in_Quantity.quantity><out_Quantity.quantity>687.727870</out_Quantity.quantity></Point><Point><position>8296</position><in_Quantity.quantity>0.000000</in_Quantity.quantity><out_Quantity.quantity>258.281007</out_Quantity.quantity></Point><Point><position>8297</position><in_Quantity.quantity>0.000000</in_Quantity.quantity><out_Quantity.quantity>573.652871</out_Quantity.quantity></Point><Point><position>8298</position><in_Quantity.quantity>0.000000</in_Quantity.quantity><out_Quantity.quantity>344.366642</out_Quantity.quantity></Point><Point><position>8299</position><in_Quantity.quantity>0.000000</in_Quantity.quantity><out_Quantity.quantity>595.867174</out_Quantity.quantity></Point><Point><position>8300</position><in_Quantity.quantity>0.000000</in_Quantity.quantity><out_Quantity.quantity>606.525597</out_Quantity.quantity></Point><Point><position>8301</position><in_Quantity.quantity>0.000000</in_Quantity.quantity><out_Quantity.quantity>969.546637</out_Quantity.quantity></Point><Point><position>8302</position><in_Quantity.quantity>0.000000</in_Quantity.quantity><out_Quantity.quantity>731.860243</out_Quantity.quantity></Point><Point><position>8303</position><in_Quantity.quantity>0.000000</in_Quantity.quantity><out_Quantity.quantity>250.855974</out_Quantity.quantity></Point><Point><position>8304</position><in_Quantity.quantity>0.000000</in_Quantity.quantity><out_Quantity.quantity>814.437645</out_Quantity.quantity></Point><Point><position>8305</position><in_Quantity.quantity>0.000000</in_Quantity.quantity><out_Quantity.quantity>780.624354</out_Quantity.quantity></Point><Point><position>8306</position><in_Quantity.quantity>0.000000</in_Quantity.quantity><out_Quantity.quantity>510.555143</out_Quantity.quantity></Point><Point><position>8307</position><in_Quantity.quantity>0.000000</in_Quantity.quantity><out_Quantity.quantity>466.097567</out_Quantity.quantity></Point><Point><position>8308</position><in_Quantity.quantity>0.000000</in_Quantity.quantity><out_Quantity.quantity>813.173288</out_Quantity.quantity></Point><Point><position>8309</position><in_Quantity.quantity>0.000000</in_Quantity.quantity><out_Quantity.quantity>290.254825</out_Quantity.quantity></Point><Point><position>8310</position><in_Quantity.quantity>0.000000</in_Quantity.quantity><out_Quantity.quantity>669.804482</out_Quantity.quantity></Point><Point><position>8311</position><in_Quantity.quantity>0.000000</in_Quantity.quantity><out_Quantity.quantity>720.995792</out_Quantity.quantity></Point><Point><position>8312</position><in_Quantity.quantity>0.000000</in_Quantity.quantity><out_Quantity.quantity>901.879041</out_Quantity.quantity></Point><Point><position>8313</position><in_Quantity.quantity>0.000000</in_Quantity.quantity><out_Quantity.quantity>663.944088</out_Quantity.quantity></Point><Point><position>8314</position><in_Quantity.quantity>0.000000</in_Quantity.quantity><out_Quantity.quantity>365.933378</out_Quantity.quantity></Point><Point><position>8315</position><in_Quantity.quantity>0.000000</in_Quantity.quantity><out_Quantity.quantity>788.464075</out_Quantity.quantity></Point><Point><position>8316</position><in_Quantity.quantity>0.000000</in_Quantity.quantity><out_Quantity.quantity>217.337964</out_Quantity.quantity></Point><Point><position>8317</position><in_Quantity.quantity>0.000000</in_Quantity.quantity><out_Quantity.quantity>397.512504</out_Quantity.quantity></Point><Point><position>8318</position><in_Quantity.quantity>0.000000</in_Quantity.quantity><out_Quantity.quantity>910.697359</out_Quantity.quantity></Point><Point><position>8319</position><in_Quantity.quantity>0.000000</in_Quantity.quantity><out_Quantity.quantity>637.247052</out_Quantity.quantity></Point><Point><position>8320</position><in_Quantity.quantity>0.000000</in_Quantity.quantity><out_Quantity.quantity>713.929900</out_Quantity.quantity></Point><Point><position>8321</position><in_Quantity.quantity>0.000000</in_Quantity.quantity><out_Quantity.quantity>827.011706</out_Quantity.quantity></Point><Point><position>8322</position><in_Quantity.quantity>0.000000</in_Quantity.quantity><out_Quantity.quantity>753.346984</out_Quantity.quantity></Point><Point><position>8323</position><in_Quantity.quantity>0.000000</in_Quantity.quantity><out_Quantity.quantity>931.069705</out_Quantity.quantity></Point><Point><position>8324</position><in_Quantity.quantity>0.000000</in_Quantity.quantity><out_Quantity.quantity>170.602404</out_Quantity.quantity></Point><Point><position>8325</position><in_Quantity.quantity>0.000000</in_Quantity.quantity><out_Quantity.quantity>971.920641</out_Quantity.quantity></Point><Point><position>8326</position><in_Quantity.quantity>0.000000</in_Quantity.quantity><out_Quantity.quantity>219.197926</out_Quantity.quantity></Point><Point><position>8327</position><in_Quantity.quantity>0.000000</in_Quantity.quantity><out_Quantity.quantity>137.157871</out_Quantity.quantity></Point><Point><position>8328</position><in_Quantity.quantity>0.000000</in_Quantity.quantity><out_Quantity.quantity>690.147241</out_Quantity.quantity></Point><Point><position>8329</position><in_Quantity.quantity>0.000000</in_Quantity.quantity><out_Quantity.quantity>857.083378</out_Quantity.quantity></Point><Point><position>8330</position><in_Quantity.quantity>0.000000</in_Quantity.quantity><out_Quantity.quantity>726.034459</out_Quantity.quantity></Point><Point><position>8331</position><in_Quantity.quantity>0.000000</in_Quantity.quantity><out_Quantity.quantity>229.091795</out_Quantity.quantity></Point><Point><position>8332</position><in_Quantity.quantity>0.000000</in_Quantity.quantity><out_Quantity.quantity>29.647616</out_Quantity.quantity></Point><Point><position>8333</position><in_Quantity.quantity>0.000000</in_Quantity.quantity><out_Quantity.quantity>368.349919</out_Quantity.quantity></Point><Point><position>8334</position><in_Quantity.quantity>0.000000</in_Quantity.quantity><out_Quantity.quantity>70.628661</out_Quantity.quantity></Point><Point><position>8335</position><in_Quantity.quantity>0.000000</in_Quantity.quantity><out_Quantity.quantity>656.369815</out_Quantity.quantity></Point><Point><position>8336</position><in_Quantity.quantity>0.000000</in_Quantity.quantity><out_Quantity.quantity>252.666679</out_Quantity.quantity></Point><Point><position>8337</position><in_Quantity.quantity>0.000000</in_Quantity.quantity><out_Quantity.quantity>654.406454</out_Quantity.quantity></Point><Point><position>8338</position><in_Quantity.quantity>0.000000</in_Quantity.quantity><out_Quantity.quantity>50.197138</out_Quantity.quantity></Point><Point><position>8339</position><in_Quantity.quantity>0.000000</in_Quantity.quantity><out_Quantity.quantity>664.915915</out_Quantity.quantity></Point><Point><position>8340</position><in_Quantity.quantity>0.000000</in_Quantity.quantity><out_Quantity.quantity>138.573793</out_Quantity.quantity></Point><Point><position>8341</position><in_Quantity.quantity>0.000000</in_Quantity.quantity><out_Quantity.quantity>676.650884</out_Quantity.quantity></Point><Point><position>8342</position><in_Quantity.quantity>0.000000</in_Quantity.quantity><out_Quantity.quantity>127.180245</out_Quantity.quantity></Point><Point><position>8343</position><in_Quantity.quantity>0.000000</in_Quantity.quantity><out_Quantity.quantity>926.453557</out_Quantity.quantity></Point><Point><position>8344</position><in_Quantity.quantity>0.000000</in_Quantity.quantity><out_Quantity.quantity>550.833512</out_Quantity.quantity></Point><Point><position>8345</position><in_Quantity.quantity>0.000000</in_Quantity.quantity><out_Quantity.quantity>106.323840</out_Quantity.quantity></Point><Point><position>8346</position><in_Quantity.quantity>0.000000</in_Quantity.quantity><out_Quantity.quantity>237.832922</out_Quantity.quantity></Point><Point><position>8347</position><in_Quantity.quantity>0.000000</in_Quantity.quantity><out_Quantity.quantity>220.885460</out_Quantity.quantity></Point><Point><position>8348</position><in_Quantity.quantity>0.000000</in_Quantity.quantity><out_Quantity.quantity>476.251701</out_Quantity.quantity></Point><Point><position>8349</position><in_Quantity.quantity>0.000000</in_Quantity.quantity><out_Quantity.quantity>212.298948</out_Quantity.quantity></Point><Point><position>8350</position><in_Quantity.quantity>0.000000</in_Quantity.quantity><out_Quantity.quantity>481.281970</out_Quantity.quantity></Point><Point><position>8351</position><in_Quantity.quantity>0.000000</in_Quantity.quantity><out_Quantity.quantity>70.412821</out_Quantity.quantity></Point><Point><position>8352</position><in_Quantity.quantity>0.000000</in_Quantity.quantity><out_Quantity.quantity>404.158836</out_Quantity.quantity></Point><Point><position>8353</position><in_Quantity.quantity>0.000000</in_Quantity.quantity><out_Quantity.quantity>216.455371</out_Quantity.quantity></Point><Point><position>8354</position><in_Quantity.quantity>0.000000</in_Quantity.quantity><out_Quantity.quantity>516.327743</out_Quantity.quantity></Point><Point><position>8355</position><in_Quantity.quantity>0.000000</in_Quantity.quantity><out_Quantity.quantity>814.054511</out_Quantity.quantity></Point><Point><position>8356</position><in_Quantity.quantity>0.000000</in_Quantity.quantity><out_Quantity.quantity>508.312790</out_Quantity.quantity></Point><Point><position>8357</position><in_Quantity.quantity>0.000000</in_Quantity.quantity><out_Quantity.quantity>456.622590</out_Quantity.quantity></Point><Point><position>8358</position><in_Quantity.quantity>0.000000</in_Quantity.quantity><out_Quantity.quantity>217.048306</out_Quantity.quantity></Point><Point><position>8359</position><in_Quantity.quantity>0.000000</in_Quantity.quantity><out_Quantity.quantity>195.380252</out_Quantity.quantity></Point><Point><position>8360</position><in_Quantity.quantity>0.000000</in_Quantity.quantity><out_Quantity.quantity>317.099550</out_Quantity.quantity></Point><Point><position>8361</position><in_Quantity.quantity>0.000000</in_Quantity.quantity><out_Quantity.quantity>986.814604</out_Quantity.quantity></Point><Point><position>8362</position><in_Quantity.quantity>0.000000</in_Quantity.quantity><out_Quantity.quantity>704.046743</out_Quantity.quantity></Point><Point><position>8363</position><in_Quantity.quantity>0.000000</in_Quantity.quantity><out_Quantity.quantity>64.202879</out_Quantity.quantity></Point><Point><position>8364</position><in_Quantity.quantity>0.000000</in_Quantity.quantity><out_Quantity.quantity>226.988299</out_Quantity.quantity></Point><Point><position>8365</position><in_Quantity.quantity>0.000000</in_Quantity.quantity><out_Quantity.quantity>705.154151</out_Quantity.quantity></Point><Point><position>8366</position><in_Quantity.quantity>0.000000</in_Quantity.quantity><out_Quantity.quantity>130.411610</out_Quantity.quantity></Point><Point><position>8367</position><in_Quantity.quantity>0.000000</in_Quantity.quantity><out_Quantity.quantity>677.738886</out_Quantity.quantity></Point><Point><position>8368</position><in_Quantity.quantity>0.000000</in_Quantity.quantity><out_Quantity.quantity>550.146492</out_Quantity.quantity></Point><Point><position>8369</position><in_Quantity.quantity>0.000000</in_Quantity.quantity><out_Quantity.quantity>531.978708</out_Quantity.quantity></Point><Point><position>8370</position><in_Quantity.quantity>0.000000</in_Quantity.quantity><out_Quantity.quantity>421.611098</out_Quantity.quantity></Point><Point><position>8371</position><in_Quantity.quantity>0.000000</in_Quantity.quantity><out_Quantity.quantity>291.074177</out_Quantity.quantity></Point><Point><position>8372</position><in_Quantity.quantity>0.000000</in_Quantity.quantity><out_Quantity.quantity>953.236322</out_Quantity.quantity></Point><Point><position>8373</position><in_Quantity.quantity>0.000000</in_Quantity.quantity><out_Quantity.quantity>721.485394</out_Quantity.quantity></Point><Point><position>8374</position><in_Quantity.quantity>0.000000</in_Quantity.quantity><out_Quantity.quantity>177.847981</out_Quantity.quantity></Point><Point><position>8375</position><in_Quantity.quantity>0.000000</in_Quantity.quantity><out_Quantity.quantity>799.254419</out_Quantity.quantity></Point><Point><position>8376</position><in_Quantity.quantity>0.000000</in_Quantity.quantity><out_Quantity.quantity>793.200364</out_Quantity.quantity></Point><Point><position>8377</position><in_Quantity.quantity>0.000000</in_Quantity.quantity><out_Quantity.quantity>586.220801</out_Quantity.quantity></Point><Point><position>8378</position><in_Quantity.quantity>0.000000</in_Quantity.quantity><out_Quantity.quantity>336.161981</out_Quantity.quantity></Point><Point><position>8379</position><in_Quantity.quantity>0.000000</in_Quantity.quantity><out_Quantity.quantity>678.584067</out_Quantity.quantity></Point><Point><position>8380</position><in_Quantity.quantity>0.000000</in_Quantity.quantity><out_Quantity.quantity>666.284562</out_Quantity.quantity></Point><Point><position>8381</position><in_Quantity.quantity>0.000000</in_Quantity.quantity><out_Quantity.quantity>946.575948</out_Quantity.quantity></Point><Point><position>8382</position><in_Quantity.quantity>0.000000</in_Quantity.quantity><out_Quantity.quantity>377.664715</out_Quantity.quantity></Point><Point><position>8383</position><in_Quantity.quantity>0.000000</in_Quantity.quantity><out_Quantity.quantity>896.803533</out_Quantity.quantity></Point><Point><position>8384</position><in_Quantity.quantity>0.000000</in_Quantity.quantity><out_Quantity.quantity>835.975842</out_Quantity.quantity></Point><Point><position>8385</position><in_Quantity.quantity>0.000000</in_Quantity.quantity><out_Quantity.quantity>947.926570</out_Quantity.quantity></Point><Point><position>8386</position><in_Quantity.quantity>0.000000</in_Quantity.quantity><out_Quantity.quantity>251.764376</out_Quantity.quantity></Point><Point><position>8387</position><in_Quantity.quantity>0.000000</in_Quantity.quantity><out_Quantity.quantity>774.131262</out_Quantity.quantity></Point><Point><position>8388</position><in_Quantity.quantity>0.000000</in_Quantity.quantity><out_Quantity.quantity>357.098676</out_Quantity.quantity></Point><Point><position>8389</position><in_Quantity.quantity>0.000000</in_Quantity.quantity><out_Quantity.quantity>609.121459</out_Quantity.quantity></Point><Point><position>8390</position><in_Quantity.quantity>0.000000</in_Quantity.quantity><out_Quantity.quantity>483.088298</out_Quantity.quantity></Point><Point><position>8391</position><in_Quantity.quantity>0.000000</in_Quantity.quantity><out_Quantity.quantity>433.569935</out_Quantity.quantity></Point><Point><position>8392</position><in_Quantity.quantity>0.000000</in_Quantity.quantity><out_Quantity.quantity>963.103742</out_Quantity.quantity></Point><Point><position>8393</position><in_Quantity.quantity>0.000000</in_Quantity.quantity><out_Quantity.quantity>14.333782</out_Quantity.quantity></Point><Point><position>8394</position><in_Quantity.quantity>0.000000</in_Quantity.quantity><out_Quantity.quantity>91.010901</out_Quantity.quantity></Point><Point><position>8395</position><in_Quantity.quantity>0.000000</in_Quantity.quantity><out_Quantity.quantity>991.901656</out_Quantity.quantity></Point><Point><position>8396</position><in_Quantity.quantity>0.000000</in_Quantity.quantity><out_Quantity.quantity>630.192964</out_Quantity.quantity></Point><Point><position>8397</position><in_Quantity.quantity>0.000000</in_Quantity.quantity><out_Quantity.quantity>332.993108</out_Quantity.quantity></Point><Point><position>8398</position><in_Quantity.quantity>0.000000</in_Quantity.quantity><out_Quantity.quantity>715.514211</out_Quantity.quantity></Point><Point><position>8399</position><in_Quantity.quantity>0.000000</in_Quantity.quantity><out_Quantity.quantity>618.308337</out_Quantity.quantity></Point><Point><position>8400</position><in_Quantity.quantity>0.000000</in_Quantity.quantity><out_Quantity.quantity>382.566828</out_Quantity.quantity></Point><Point><position>8401</position><in_Quantity.quantity>0.000000</in_Quantity.quantity><out_Quantity.quantity>214.600106</out_Quantity.quantity></Point><Point><position>8402</position><in_Quantity.quantity>0.000000</in_Quantity.quantity><out_Quantity.quantity>446.047852</out_Quantity.quantity></Point><Point><position>8403</position><in_Quantity.quantity>0.000000</in_Quantity.quantity><out_Quantity.quantity>865.382146</out_Quantity.quantity></Point><Point><position>8404</position><in_Quantity.quantity>0.000000</in_Quantity.quantity><out_Quantity.quantity>738.528386</out_Quantity.quantity></Point><Point><position>8405</position><in_Quantity.quantity>0.000000</in_Quantity.quantity><out_Quantity.quantity>837.669435</out_Quantity.quantity></Point><Point><position>8406</position><in_Quantity.quantity>0.000000</in_Quantity.quantity><out_Quantity.quantity>608.631776</out_Quantity.quantity></Point><Point><position>8407</position><in_Quantity.quantity>0.000000</in_Quantity.quantity><out_Quantity.quantity>783.293204</out_Quantity.quantity></Point><Point><position>8408</position><in_Quantity.quantity>0.000000</in_Quantity.quantity><out_Quantity.quantity>614.028909</out_Quantity.quantity></Point><Point><position>8409</position><in_Quantity.quantity>0.000000</in_Quantity.quantity><out_Quantity.quantity>183.784754</out_Quantity.quantity></Point><Point><position>8410</position><in_Quantity.quantity>0.000000</in_Quantity.quantity><out_Quantity.quantity>479.188065</out_Quantity.quantity></Point><Point><position>8411</position><in_Quantity.quantity>0.000000</in_Quantity.quantity><out_Quantity.quantity>796.038143</out_Quantity.quantity></Point><Point><position>8412</position><in_Quantity.quantity>0.000000</in_Quantity.quantity><out_Quantity.quantity>601.668827</out_Quantity.quantity></Point><Point><position>8413</position><in_Quantity.quantity>0.000000</in_Quantity.quantity><out_Quantity.quantity>839.174126</out_Quantity.quantity></Point><Point><position>8414</position><in_Quantity.quantity>0.000000</in_Quantity.quantity><out_Quantity.quantity>19.003060</out_Quantity.quantity></Point><Point><position>8415</position><in_Quantity.quantity>0.000000</in_Quantity.quantity><out_Quantity.quantity>685.970819</out_Quantity.quantity></Point><Point><position>8416</position><in_Quantity.quantity>0.000000</in_Quantity.quantity><out_Quantity.quantity>433.238459</out_Quantity.quantity></Point><Point><position>8417</position><in_Quantity.quantity>0.000000</in_Quantity.quantity><out_Quantity.quantity>338.533703</out_Quantity.quantity></Point><Point><position>8418</position><in_Quantity.quantity>0.000000</in_Quantity.quantity><out_Quantity.quantity>710.241543</out_Quantity.quantity></Point><Point><position>8419</position><in_Quantity.quantity>0.000000</in_Quantity.quantity><out_Quantity.quantity>602.307610</out_Quantity.quantity></Point><Point><position>8420</position><in_Quantity.quantity>0.000000</in_Quantity.quantity><out_Quantity.quantity>217.926269</out_Quantity.quantity></Point><Point><position>8421</position><in_Quantity.quantity>0.000000</in_Quantity.quantity><out_Quantity.quantity>202.815305</out_Quantity.quantity></Point><Point><position>8422</position><in_Quantity.quantity>0.000000</in_Quantity.quantity><out_Quantity.quantity>373.520396</out_Quantity.quantity></Point><Point><position>8423</position><in_Quantity.quantity>0.000000</in_Quantity.quantity><out_Quantity.quantity>0.968060</out_Quantity.quantity></Point><Point><position>8424</position><in_Quantity.quantity>0.000000</in_Quantity.quantity><out_Quantity.quantity>328.821890</out_Quantity.quantity></Point><Point><position>8425</position><in_Quantity.quantity>0.000000</in_Quantity.quantity><out_Quantity.quantity>845.356831</out_Quantity.quantity></Point><Point><position>8426</position><in_Quantity.quantity>0.000000</in_Quantity.quantity><out_Quantity.quantity>808.032782</out_Quantity.quantity></Point><Point><position>8427</position><in_Quantity.quantity>0.000000</in_Quantity.quantity><out_Quantity.quantity>884.163370</out_Quantity.quantity></Point><Point><position>8428</position><in_Quantity.quantity>0.000000</in_Quantity.quantity><out_Quantity.quantity>816.068921</out_Quantity.quantity></Point><Point><position>8429</position><in_Quantity.quantity>0.000000</in_Quantity.quantity><out_Quantity.quantity>974.005287</out_Quantity.quantity></Point><Point><position>8430</position><in_Quantity.quantity>0.000000</in_Quantity.quantity><out_Quantity.quantity>310.667382</out_Quantity.quantity></Point><Point><position>8431</position><in_Quantity.quantity>0.000000</in_Quantity.quantity><out_Quantity.quantity>731.436891</out_Quantity.quantity></Point><Point><position>8432</position><in_Quantity.quantity>0.000000</in_Quantity.quantity><out_Quantity.quantity>120.042787</out_Quantity.quantity></Point><Point><position>8433</position><in_Quantity.quantity>0.000000</in_Quantity.quantity><out_Quantity.quantity>697.718654</out_Quantity.quantity></Point><Point><position>8434</position><in_Quantity.quantity>0.000000</in_Quantity.quantity><out_Quantity.quantity>154.645797</out_Quantity.quantity></Point><Point><position>8435</position><in_Quantity.quantity>0.000000</in_Quantity.quantity><out_Quantity.quantity>270.954898</out_Quantity.quantity></Point><Point><position>8436</position><in_Quantity.quantity>0.000000</in_Quantity.quantity><out_Quantity.quantity>219.263251</out_Quantity.quantity></Point><Point><position>8437</position><in_Quantity.quantity>0.000000</in_Quantity.quantity><out_Quantity.quantity>133.973104</out_Quantity.quantity></Point><Point><position>8438</position><in_Quantity.quantity>0.000000</in_Quantity.quantity><out_Quantity.quantity>220.729652</out_Quantity.quantity></Point><Point><position>8439</position><in_Quantity.quantity>0.000000</in_Quantity.quantity><out_Quantity.quantity>866.255636</out_Quantity.quantity></Point><Point><position>8440</position><in_Quantity.quantity>0.000000</in_Quantity.quantity><out_Quantity.quantity>315.477521</out_Quantity.quantity></Point><Point><position>8441</position><in_Quantity.quantity>0.000000</in_Quantity.quantity><out_Quantity.quantity>257.172714</out_Quantity.quantity></Point><Point><position>8442</position><in_Quantity.quantity>0.000000</in_Quantity.quantity><out_Quantity.quantity>399.420044</out_Quantity.quantity></Point><Point><position>8443</position><in_Quantity.quantity>0.000000</in_Quantity.quantity><out_Quantity.quantity>988.435085</out_Quantity.quantity></Point><Point><position>8444</position><in_Quantity.quantity>0.000000</in_Quantity.quantity><out_Quantity.quantity>865.455402</out_Quantity.quantity></Point><Point><position>8445</position><in_Quantity.quantity>0.000000</in_Quantity.quantity><out_Quantity.quantity>368.224712</out_Quantity.quantity></Point><Point><position>8446</position><in_Quantity.quantity>0.000000</in_Quantity.quantity><out_Quantity.quantity>87.351906</out_Quantity.quantity></Point><Point><position>8447</position><in_Quantity.quantity>0.000000</in_Quantity.quantity><out_Quantity.quantity>200.789187</out_Quantity.quantity></Point><Point><position>8448</position><in_Quantity.quantity>0.000000</in_Quantity.quantity><out_Quantity.quantity>473.634664</out_Quantity.quantity></Point><Point><position>8449</position><in_Quantity.quantity>0.000000</in_Quantity.quantity><out_Quantity.quantity>243.137634</out_Quantity.quantity></Point><Point><position>8450</position><in_Quantity.quantity>0.000000</in_Quantity.quantity><out_Quantity.quantity>765.437046</out_Quantity.quantity></Point><Point><position>8451</position><in_Quantity.quantity>0.000000</in_Quantity.quantity><out_Quantity.quantity>315.306168</out_Quantity.quantity></Point><Point><position>8452</position><in_Quantity.quantity>0.000000</in_Quantity.quantity><out_Quantity.quantity>201.864451</out_Quantity.quantity></Point><Point><position>8453</position><in_Quantity.quantity>0.000000</in_Quantity.quantity><out_Quantity.quantity>604.319836</out_Quantity.quantity></Point><Point><position>8454</position><in_Quantity.quantity>0.000000</in_Quantity.quantity><out_Quantity.quantity>420.495055</out_Quantity.quantity></Point><Point><position>8455</position><in_Quantity.quantity>0.000000</in_Quantity.quantity><out_Quantity.quantity>465.425449</out_Quantity.quantity></Point><Point><position>8456</position><in_Quantity.quantity>0.000000</in_Quantity.quantity><out_Quantity.quantity>909.192562</out_Quantity.quantity></Point><Point><position>8457</position><in_Quantity.quantity>0.000000</in_Quantity.quantity><out_Quantity.quantity>538.994426</out_Quantity.quantity></Point><Point><position>8458</position><in_Quantity.quantity>0.000000</in_Quantity.quantity><out_Quantity.quantity>149.183843</out_Quantity.quantity></Point><Point><position>8459</position><in_Quantity.quantity>0.000000</in_Quantity.quantity><out_Quantity.quantity>652.009060</out_Quantity.quantity></Point><Point><position>8460</position><in_Quantity.quantity>0.000000</in_Quantity.quantity><out_Quantity.quantity>282.996233</out_Quantity.quantity></Point><Point><position>8461</position><in_Quantity.quantity>0.000000</in_Quantity.quantity><out_Quantity.quantity>249.910096</out_Quantity.quantity></Point><Point><position>8462</position><in_Quantity.quantity>0.000000</in_Quantity.quantity><out_Quantity.quantity>276.198509</out_Quantity.quantity></Point><Point><position>8463</position><in_Quantity.quantity>0.000000</in_Quantity.quantity><out_Quantity.quantity>340.847527</out_Quantity.quantity></Point><Point><position>8464</position><in_Quantity.quantity>0.000000</in_Quantity.quantity><out_Quantity.quantity>344.835482</out_Quantity.quantity></Point><Point><position>8465</position><in_Quantity.quantity>0.000000</in_Quantity.quantity><out_Quantity.quantity>537.835849</out_Quantity.quantity></Point><Point><position>8466</position><in_Quantity.quantity>0.000000</in_Quantity.quantity><out_Quantity.quantity>699.279923</out_Quantity.quantity></Point><Point><position>8467</position><in_Quantity.quantity>0.000000</in_Quantity.quantity><out_Quantity.quantity>582.912090</out_Quantity.quantity></Point><Point><position>8468</position><in_Quantity.quantity>0.000000</in_Quantity.quantity><out_Quantity.quantity>246.924790</out_Quantity.quantity></Point><Point><position>8469</position><in_Quantity.quantity>0.000000</in_Quantity.quantity><out_Quantity.quantity>808.386053</out_Quantity.quantity></Point><Point><position>8470</position><in_Quantity.quantity>0.000000</in_Quantity.quantity><out_Quantity.quantity>501.637238</out_Quantity.quantity></Point><Point><position>8471</position><in_Quantity.quantity>0.000000</in_Quantity.quantity><out_Quantity.quantity>82.645348</out_Quantity.quantity></Point><Point><position>8472</position><in_Quantity.quantity>0.000000</in_Quantity.quantity><out_Quantity.quantity>199.674921</out_Quantity.quantity></Point><Point><position>8473</position><in_Quantity.quantity>0.000000</in_Quantity.quantity><out_Quantity.quantity>826.643860</out_Quantity.quantity></Point><Point><position>8474</position><in_Quantity.quantity>0.000000</in_Quantity.quantity><out_Quantity.quantity>798.211706</out_Quantity.quantity></Point><Point><position>8475</position><in_Quantity.quantity>0.000000</in_Quantity.quantity><out_Quantity.quantity>313.750930</out_Quantity.quantity></Point><Point><position>8476</position><in_Quantity.quantity>0.000000</in_Quantity.quantity><out_Quantity.quantity>969.934003</out_Quantity.quantity></Point><Point><position>8477</position><in_Quantity.quantity>0.000000</in_Quantity.quantity><out_Quantity.quantity>216.202180</out_Quantity.quantity></Point><Point><position>8478</position><in_Quantity.quantity>0.000000</in_Quantity.quantity><out_Quantity.quantity>300.495408</out_Quantity.quantity></Point><Point><position>8479</position><in_Quantity.quantity>0.000000</in_Quantity.quantity><out_Quantity.quantity>82.807138</out_Quantity.quantity></Point><Point><position>8480</position><in_Quantity.quantity>0.000000</in_Quantity.quantity><out_Quantity.quantity>18.048602</out_Quantity.quantity></Point><Point><position>8481</position><in_Quantity.quantity>0.000000</in_Quantity.quantity><out_Quantity.quantity>954.525528</out_Quantity.quantity></Point><Point><position>8482</position><in_Quantity.quantity>0.000000</in_Quantity.quantity><out_Quantity.quantity>244.412010</out_Quantity.quantity></Point><Point><position>8483</position><in_Quantity.quantity>0.000000</in_Quantity.quantity><out_Quantity.quantity>675.493832</out_Quantity.quantity></Point><Point><position>8484</position><in_Quantity.quantity>0.000000</in_Quantity.quantity><out_Quantity.quantity>294.456062</out_Quantity.quantity></Point><Point><position>8485</position><in_Quantity.quantity>0.000000</in_Quantity.quantity><out_Quantity.quantity>438.510565</out_Quantity.quantity></Point><Point><position>8486</position><in_Quantity.quantity>0.000000</in_Quantity.quantity><out_Quantity.quantity>198.330552</out_Quantity.quantity></Point><Point><position>8487</position><in_Quantity.quantity>0.000000</in_Quantity.quantity><out_Quantity.quantity>581.597444</out_Quantity.quantity></Point><Point><position>8488</position><in_Quantity.quantity>0.000000</in_Quantity.quantity><out_Quantity.quantity>501.200808</out_Quantity.quantity></Point><Point><position>8489</position><in_Quantity.quantity>0.000000</in_Quantity.quantity><out_Quantity.quantity>611.809288</out_Quantity.quantity></Point><Point><position>8490</position><in_Quantity.quantity>0.000000</in_Quantity.quantity><out_Quantity.quantity>292.236115</out_Quantity.quantity></Point><Point><position>8491</position><in_Quantity.quantity>0.000000</in_Quantity.quantity><out_Quantity.quantity>276.539805</out_Quantity.quantity></Point><Point><position>8492</position><in_Quantity.quantity>0.000000</in_Quantity.quantity><out_Quantity.quantity>421.721280</out_Quantity.quantity></Point><Point><position>8493</position><in_Quantity.quantity>0.000000</in_Quantity.quantity><out_Quantity.quantity>357.142842</out_Quantity.quantity></Point><Point><position>8494</position><in_Quantity.quantity>0.000000</in_Quantity.quantity><out_Quantity.quantity>620.598644</out_Quantity.quantity></Point><Point><position>8495</position><in_Quantity.quantity>0.000000</in_Quantity.quantity><out_Quantity.quantity>348.013501</out_Quantity.quantity></Point><Point><position>8496</position><in_Quantity.quantity>0.000000</in_Quantity.quantity><out_Quantity.quantity>154.935246</out_Quantity.quantity></Point><Point><position>8497</position><in_Quantity.quantity>0.000000</in_Quantity.quantity><out_Quantity.quantity>42.395195</out_Quantity.quantity></Point><Point><position>8498</position><in_Quantity.quantity>0.000000</in_Quantity.quantity><out_Quantity.quantity>606.861406</out_Quantity.quantity></Point><Point><position>8499</position><in_Quantity.quantity>0.000000</in_Quantity.quantity><out_Quantity.quantity>903.433824</out_Quantity.quantity></Point><Point><position>8500</position><in_Quantity.quantity>0.000000</in_Quantity.quantity><out_Quantity.quantity>566.196083</out_Quantity.quantity></Point><Point><position>8501</position><in_Quantity.quantity>0.000000</in_Quantity.quantity><out_Quantity.quantity>965.952800</out_Quantity.quantity></Point><Point><position>8502</position><in_Quantity.quantity>0.000000</in_Quantity.quantity><out_Quantity.quantity>199.562887</out_Quantity.quantity></Point><Point><position>8503</position><in_Quantity.quantity>0.000000</in_Quantity.quantity><out_Quantity.quantity>778.391944</out_Quantity.quantity></Point><Point><position>8504</position><in_Quantity.quantity>0.000000</in_Quantity.quantity><out_Quantity.quantity>598.859271</out_Quantity.quantity></Point><Point><position>8505</position><in_Quantity.quantity>0.000000</in_Quantity.quantity><out_Quantity.quantity>779.885661</out_Quantity.quantity></Point><Point><position>8506</position><in_Quantity.quantity>0.000000</in_Quantity.quantity><out_Quantity.quantity>122.400920</out_Quantity.quantity></Point><Point><position>8507</position><in_Quantity.quantity>0.000000</in_Quantity.quantity><out_Quantity.quantity>541.735947</out_Quantity.quantity></Point><Point><position>8508</position><in_Quantity.quantity>0.000000</in_Quantity.quantity><out_Quantity.quantity>500.995173</out_Quantity.quantity></Point><Point><position>8509</position><in_Quantity.quantity>0.000000</in_Quantity.quantity><out_Quantity.quantity>186.571909</out_Quantity.quantity></Point><Point><position>8510</position><in_Quantity.quantity>0.000000</in_Quantity.quantity><out_Quantity.quantity>239.410267</out_Quantity.quantity></Point><Point><position>8511</position><in_Quantity.quantity>0.000000</in_Quantity.quantity><out_Quantity.quantity>267.887811</out_Quantity.quantity></Point><Point><position>8512</position><in_Quantity.quantity>0.000000</in_Quantity.quantity><out_Quantity.quantity>780.338250</out_Quantity.quantity></Point><Point><position>8513</position><in_Quantity.quantity>0.000000</in_Quantity.quantity><out_Quantity.quantity>9.103549</out_Quantity.quantity></Point><Point><position>8514</position><in_Quantity.quantity>0.000000</in_Quantity.quantity><out_Quantity.quantity>698.235153</out_Quantity.quantity></Point><Point><position>8515</position><in_Quantity.quantity>0.000000</in_Quantity.quantity><out_Quantity.quantity>10.737477</out_Quantity.quantity></Point><Point><position>8516</position><in_Quantity.quantity>0.000000</in_Quantity.quantity><out_Quantity.quantity>736.695503</out_Quantity.quantity></Point><Point><position>8517</position><in_Quantity.quantity>0.000000</in_Quantity.quantity><out_Quantity.quantity>37.498024</out_Quantity.quantity></Point><Point><position>8518</position><in_Quantity.quantity>0.000000</in_Quantity.quantity><out_Quantity.quantity>443.514799</out_Quantity.quantity></Point><Point><position>8519</position><in_Quantity.quantity>0.000000</in_Quantity.quantity><out_Quantity.quantity>766.480117</out_Quantity.quantity></Point><Point><position>8520</position><in_Quantity.quantity>0.000000</in_Quantity.quantity><out_Quantity.quantity>31.128404</out_Quantity.quantity></Point><Point><position>8521</position><in_Quantity.quantity>0.000000</in_Quantity.quantity><out_Quantity.quantity>270.970854</out_Quantity.quantity></Point><Point><position>8522</position><in_Quantity.quantity>0.000000</in_Quantity.quantity><out_Quantity.quantity>90.708666</out_Quantity.quantity></Point><Point><position>8523</position><in_Quantity.quantity>0.000000</in_Quantity.quantity><out_Quantity.quantity>654.076795</out_Quantity.quantity></Point><Point><position>8524</position><in_Quantity.quantity>0.000000</in_Quantity.quantity><out_Quantity.quantity>18.747934</out_Quantity.quantity></Point><Point><position>8525</position><in_Quantity.quantity>0.000000</in_Quantity.quantity><out_Quantity.quantity>487.385783</out_Quantity.quantity></Point><Point><position>8526</position><in_Quantity.quantity>0.000000</in_Quantity.quantity><out_Quantity.quantity>212.898383</out_Quantity.quantity></Point><Point><position>8527</position><in_Quantity.quantity>0.000000</in_Quantity.quantity><out_Quantity.quantity>146.363286</out_Quantity.quantity></Point><Point><position>8528</position><in_Quantity.quantity>0.000000</in_Quantity.quantity><out_Quantity.quantity>58.271338</out_Quantity.quantity></Point><Point><position>8529</position><in_Quantity.quantity>0.000000</in_Quantity.quantity><out_Quantity.quantity>211.766700</out_Quantity.quantity></Point><Point><position>8530</position><in_Quantity.quantity>0.000000</in_Quantity.quantity><out_Quantity.quantity>578.837235</out_Quantity.quantity></Point><Point><position>8531</position><in_Quantity.quantity>0.000000</in_Quantity.quantity><out_Quantity.quantity>836.796883</out_Quantity.quantity></Point><Point><position>8532</position><in_Quantity.quantity>0.000000</in_Quantity.quantity><out_Quantity.quantity>773.203116</out_Quantity.quantity></Point><Point><position>8533</position><in_Quantity.quantity>0.000000</in_Quantity.quantity><out_Quantity.quantity>973.477642</out_Quantity.quantity></Point><Point><position>8534</position><in_Quantity.quantity>0.000000</in_Quantity.quantity><out_Quantity.quantity>545.551974</out_Quantity.quantity></Point><Point><position>8535</position><in_Quantity.quantity>0.000000</in_Quantity.quantity><out_Quantity.quantity>861.953778</out_Quantity.quantity></Point><Point><position>8536</position><in_Quantity.quantity>0.000000</in_Quantity.quantity><out_Quantity.quantity>487.143425</out_Quantity.quantity></Point><Point><position>8537</position><in_Quantity.quantity>0.000000</in_Quantity.quantity><out_Quantity.quantity>142.343844</out_Quantity.quantity></Point><Point><position>8538</position><in_Quantity.quantity>0.000000</in_Quantity.quantity><out_Quantity.quantity>482.228440</out_Quantity.quantity></Point><Point><position>8539</position><in_Quantity.quantity>0.000000</in_Quantity.quantity><out_Quantity.quantity>722.034330</out_Quantity.quantity></Point><Point><position>8540</position><in_Quantity.quantity>0.000000</in_Quantity.quantity><out_Quantity.quantity>606.439685</out_Quantity.quantity></Point><Point><position>8541</position><in_Quantity.quantity>0.000000</in_Quantity.quantity><out_Quantity.quantity>713.077288</out_Quantity.quantity></Point><Point><position>8542</position><in_Quantity.quantity>0.000000</in_Quantity.quantity><out_Quantity.quantity>685.705898</out_Quantity.quantity></Point><Point><position>8543</position><in_Quantity.quantity>0.000000</in_Quantity.quantity><out_Quantity.quantity>97.401803</out_Quantity.quantity></Point><Point><position>8544</position><in_Quantity.quantity>0.000000</in_Quantity.quantity><out_Quantity.quantity>820.182041</out_Quantity.quantity></Point><Point><position>8545</position><in_Quantity.quantity>0.000000</in_Quantity.quantity><out_Quantity.quantity>463.619630</out_Quantity.quantity></Point><Point><position>8546</position><in_Quantity.quantity>0.000000</in_Quantity.quantity><out_Quantity.quantity>141.352737</out_Quantity.quantity></Point><Point><position>8547</position><in_Quantity.quantity>0.000000</in_Quantity.quantity><out_Quantity.quantity>835.238690</out_Quantity.quantity></Point><Point><position>8548</position><in_Quantity.quantity>0.000000</in_Quantity.quantity><out_Quantity.quantity>354.809799</out_Quantity.quantity></Point><Point><position>8549</position><in_Quantity.quantity>0.000000</in_Quantity.quantity><out_Quantity.quantity>547.491831</out_Quantity.quantity></Point><Point><position>8550</position><in_Quantity.quantity>0.000000</in_Quantity.quantity><out_Quantity.quantity>1.484803</out_Quantity.quantity></Point><Point><position>8551</position><in_Quantity.quantity>0.000000</in_Quantity.quantity><out_Quantity.quantity>965.185157</out_Quantity.quantity></Point><Point><position>8552</position><in_Quantity.quantity>0.000000</in_Quantity.quantity><out_Quantity.quantity>240.471206</out_Quantity.quantity></Point><Point><position>8553</position><in_Quantity.quantity>0.000000</in_Quantity.quantity><out_Quantity.quantity>957.395231</out_Quantity.quantity></Point><Point><position>8554</position><in_Quantity.quantity>0.000000</in_Quantity.quantity><out_Quantity.quantity>812.323673</out_Quantity.quantity></Point><Point><position>8555</position><in_Quantity.quantity>0.000000</in_Quantity.quantity><out_Quantity.quantity>20.229375</out_Quantity.quantity></Point><Point><position>8556</position><in_Quantity.quantity>0.000000</in_Quantity.quantity><out_Quantity.quantity>522.385624</out_Quantity.quantity></Point><Point><position>8557</position><in_Quantity.quantity>0.000000</in_Quantity.quantity><out_Quantity.quantity>816.349175</out_Quantity.quantity></Point><Point><position>8558</position><in_Quantity.quantity>0.000000</in_Quantity.quantity><out_Quantity.quantity>392.465907</out_Quantity.quantity></Point><Point><position>8559</position><in_Quantity.quantity>0.000000</in_Quantity.quantity><out_Quantity.quantity>263.486285</out_Quantity.quantity></Point><Point><position>8560</position><in_Quantity.quantity>0.000000</in_Quantity.quantity><out_Quantity.quantity>464.521570</out_Quantity.quantity></Point><Point><position>8561</position><in_Quantity.quantity>0.000000</in_Quantity.quantity><out_Quantity.quantity>808.687111</out_Quantity.quantity></Point><Point><position>8562</position><in_Quantity.quantity>0.000000</in_Quantity.quantity><out_Quantity.quantity>967.394362</out_Quantity.quantity></Point><Point><position>8563</position><in_Quantity.quantity>0.000000</in_Quantity.quantity><out_Quantity.quantity>913.401239</out_Quantity.quantity></Point><Point><position>8564</position><in_Quantity.quantity>0.000000</in_Quantity.quantity><out_Quantity.quantity>785.907683</out_Quantity.quantity></Point><Point><position>8565</position><in_Quantity.quantity>0.000000</in_Quantity.quantity><out_Quantity.quantity>352.905062</out_Quantity.quantity></Point><Point><position>8566</position><in_Quantity.quantity>0.000000</in_Quantity.quantity><out_Quantity.quantity>762.206986</out_Quantity.quantity></Point><Point><position>8567</position><in_Quantity.quantity>0.000000</in_Quantity.quantity><out_Quantity.quantity>208.157135</out_Quantity.quantity></Point><Point><position>8568</position><in_Quantity.quantity>0.000000</in_Quantity.quantity><out_Quantity.quantity>531.393841</out_Quantity.quantity></Point><Point><position>8569</position><in_Quantity.quantity>0.000000</in_Quantity.quantity><out_Quantity.quantity>129.239502</out_Quantity.quantity></Point><Point><position>8570</position><in_Quantity.quantity>0.000000</in_Quantity.quantity><out_Quantity.quantity>91.067064</out_Quantity.quantity></Point><Point><position>8571</position><in_Quantity.quantity>0.000000</in_Quantity.quantity><out_Quantity.quantity>679.917734</out_Quantity.quantity></Point><Point><position>8572</position><in_Quantity.quantity>0.000000</in_Quantity.quantity><out_Quantity.quantity>369.641137</out_Quantity.quantity></Point><Point><position>8573</position><in_Quantity.quantity>0.000000</in_Quantity.quantity><out_Quantity.quantity>472.503041</out_Quantity.quantity></Point><Point><position>8574</position><in_Quantity.quantity>0.000000</in_Quantity.quantity><out_Quantity.quantity>950.706188</out_Quantity.quantity></Point><Point><position>8575</position><in_Quantity.quantity>0.000000</in_Quantity.quantity><out_Quantity.quantity>181.877815</out_Quantity.quantity></Point><Point><position>8576</position><in_Quantity.quantity>0.000000</in_Quantity.quantity><out_Quantity.quantity>870.088514</out_Quantity.quantity></Point><Point><position>8577</position><in_Quantity.quantity>0.000000</in_Quantity.quantity><out_Quantity.quantity>19.203005</out_Quantity.quantity></Point><Point><position>8578</position><in_Quantity.quantity>0.000000</in_Quantity.quantity><out_Quantity.quantity>481.193040</out_Quantity.quantity></Point><Point><position>8579</position><in_Quantity.quantity>0.000000</in_Quantity.quantity><out_Quantity.quantity>117.903127</out_Quantity.quantity></Point><Point><position>8580</position><in_Quantity.quantity>0.000000</in_Quantity.quantity><out_Quantity.quantity>161.488332</out_Quantity.quantity></Point><Point><position>8581</position><in_Quantity.quantity>0.000000</in_Quantity.quantity><out_Quantity.quantity>291.681875</out_Quantity.quantity></Point><Point><position>8582</position><in_Quantity.quantity>0.000000</in_Quantity.quantity><out_Quantity.quantity>167.657397</out_Quantity.quantity></Point><Point><position>8583</position><in_Quantity.quantity>0.000000</in_Quantity.quantity><out_Quantity.quantity>664.269437</out_Quantity.quantity></Point><Point><position>8584</position><in_Quantity.quantity>0.000000</in_Quantity.quantity><out_Quantity.quantity>244.189782</out_Quantity.quantity></Point><Point><position>8585</position><in_Quantity.quantity>0.000000</in_Quantity.quantity><out_Quantity.quantity>941.633538</out_Quantity.quantity></Point><Point><position>8586</position><in_Quantity.quantity>0.000000</in_Quantity.quantity><out_Quantity.quantity>627.313758</out_Quantity.quantity></Point><Point><position>8587</position><in_Quantity.quantity>0.000000</in_Quantity.quantity><out_Quantity.quantity>773.289310</out_Quantity.quantity></Point><Point><position>8588</position><in_Quantity.quantity>0.000000</in_Quantity.quantity><out_Quantity.quantity>713.716478</out_Quantity.quantity></Point><Point><position>8589</position><in_Quantity.quantity>0.000000</in_Quantity.quantity><out_Quantity.quantity>237.271590</out_Quantity.quantity></Point><Point><position>8590</position><in_Quantity.quantity>0.000000</in_Quantity.quantity><out_Quantity.quantity>977.401915</out_Quantity.quantity></Point><Point><position>8591</position><in_Quantity.quantity>0.000000</in_Quantity.quantity><out_Quantity.quantity>550.957765</out_Quantity.quantity></Point><Point><position>8592</position><in_Quantity.quantity>0.000000</in_Quantity.quantity><out_Quantity.quantity>328.338339</out_Quantity.quantity></Point><Point><position>8593</position><in_Quantity.quantity>0.000000</in_Quantity.quantity><out_Quantity.quantity>260.614075</out_Quantity.quantity></Point><Point><position>8594</position><in_Quantity.quantity>0.000000</in_Quantity.quantity><out_Quantity.quantity>548.102315</out_Quantity.quantity></Point><Point><position>8595</position><in_Quantity.quantity>0.000000</in_Quantity.quantity><out_Quantity.quantity>875.827739</out_Quantity.quantity></Point><Point><position>8596</position><in_Quantity.quantity>0.000000</in_Quantity.quantity><out_Quantity.quantity>875.695126</out_Quantity.quantity></Point><Point><position>8597</position><in_Quantity.quantity>0.000000</in_Quantity.quantity><out_Quantity.quantity>807.313804</out_Quantity.quantity></Point><Point><position>8598</position><in_Quantity.quantity>0.000000</in_Quantity.quantity><out_Quantity.quantity>560.845570</out_Quantity.quantity></Point><Point><position>8599</position><in_Quantity.quantity>0.000000</in_Quantity.quantity><out_Quantity.quantity>354.104274</out_Quantity.quantity></Point><Point><position>8600</position><in_Quantity.quantity>0.000000</in_Quantity.quantity><out_Quantity.quantity>391.805315</out_Quantity.quantity></Point><Point><position>8601</position><in_Quantity.quantity>0.000000</in_Quantity.quantity><out_Quantity.quantity>624.763632</out_Quantity.quantity></Point><Point><position>8602</position><in_Quantity.quantity>0.000000</in_Quantity.quantity><out_Quantity.quantity>368.498482</out_Quantity.quantity></Point><Point><position>8603</position><in_Quantity.quantity>0.000000</in_Quantity.quantity><out_Quantity.quantity>989.767071</out_Quantity.quantity></Point><Point><position>8604</position><in_Quantity.quantity>0.000000</in_Quantity.quantity><out_Quantity.quantity>132.446802</out_Quantity.quantity></Point><Point><position>8605</position><in_Quantity.quantity>0.000000</in_Quantity.quantity><out_Quantity.quantity>849.475186</out_Quantity.quantity></Point><Point><position>8606</position><in_Quantity.quantity>0.000000</in_Quantity.quantity><out_Quantity.quantity>209.760169</out_Quantity.quantity></Point><Point><position>8607</position><in_Quantity.quantity>0.000000</in_Quantity.quantity><out_Quantity.quantity>6.770154</out_Quantity.quantity></Point><Point><position>8608</position><in_Quantity.quantity>0.000000</in_Quantity.quantity><out_Quantity.quantity>108.373120</out_Quantity.quantity></Point><Point><position>8609</position><in_Quantity.quantity>0.000000</in_Quantity.quantity><out_Quantity.quantity>952.723630</out_Quantity.quantity></Point><Point><position>8610</position><in_Quantity.quantity>0.000000</in_Quantity.quantity><out_Quantity.quantity>461.789908</out_Quantity.quantity></Point><Point><position>8611</position><in_Quantity.quantity>0.000000</in_Quantity.quantity><out_Quantity.quantity>197.891556</out_Quantity.quantity></Point><Point><position>8612</position><in_Quantity.quantity>0.000000</in_Quantity.quantity><out_Quantity.quantity>556.419654</out_Quantity.quantity></Point><Point><position>8613</position><in_Quantity.quantity>0.000000</in_Quantity.quantity><out_Quantity.quantity>305.907468</out_Quantity.quantity></Point><Point><position>8614</position><in_Quantity.quantity>0.000000</in_Quantity.quantity><out_Quantity.quantity>739.026609</out_Quantity.quantity></Point><Point><position>8615</position><in_Quantity.quantity>0.000000</in_Quantity.quantity><out_Quantity.quantity>182.981543</out_Quantity.quantity></Point><Point><position>8616</position><in_Quantity.quantity>0.000000</in_Quantity.quantity><out_Quantity.quantity>845.918539</out_Quantity.quantity></Point><Point><position>8617</position><in_Quantity.quantity>0.000000</in_Quantity.quantity><out_Quantity.quantity>595.068423</out_Quantity.quantity></Point><Point><position>8618</position><in_Quantity.quantity>0.000000</in_Quantity.quantity><out_Quantity.quantity>127.181915</out_Quantity.quantity></Point><Point><position>8619</position><in_Quantity.quantity>0.000000</in_Quantity.quantity><out_Quantity.quantity>946.914238</out_Quantity.quantity></Point><Point><position>8620</position><in_Quantity.quantity>0.000000</in_Quantity.quantity><out_Quantity.quantity>799.819506</out_Quantity.quantity></Point><Point><position>8621</position><in_Quantity.quantity>0.000000</in_Quantity.quantity><out_Quantity.quantity>458.917663</out_Quantity.quantity></Point><Point><position>8622</position><in_Quantity.quantity>0.000000</in_Quantity.quantity><out_Quantity.quantity>79.702653</out_Quantity.quantity></Point><Point><position>8623</position><in_Quantity.quantity>0.000000</in_Quantity.quantity><out_Quantity.quantity>727.774365</out_Quantity.quantity></Point><Point><position>8624</position><in_Quantity.quantity>0.000000</in_Quantity.quantity><out_Quantity.quantity>299.784948</out_Quantity.quantity></Point><Point><position>8625</position><in_Quantity.quantity>0.000000</in_Quantity.quantity><out_Quantity.quantity>114.849797</out_Quantity.quantity></Point><Point><position>8626</position><in_Quantity.quantity>0.000000</in_Quantity.quantity><out_Quantity.quantity>517.853798</out_Quantity.quantity></Point><Point><position>8627</position><in_Quantity.quantity>0.000000</in_Quantity.quantity><out_Quantity.quantity>922.490086</out_Quantity.quantity></Point><Point><position>8628</position><in_Quantity.quantity>0.000000</in_Quantity.quantity><out_Quantity.quantity>325.446076</out_Quantity.quantity></Point><Point><position>8629</position><in_Quantity.quantity>0.000000</in_Quantity.quantity><out_Quantity.quantity>939.554110</out_Quantity.quantity></Point><Point><position>8630</position><in_Quantity.quantity>0.000000</in_Quantity.quantity><out_Quantity.quantity>924.317070</out_Quantity.quantity></Point><Point><position>8631</position><in_Quantity.quantity>0.000000</in_Quantity.quantity><out_Quantity.quantity>211.022520</out_Quantity.quantity></Point><Point><position>8632</position><in_Quantity.quantity>0.000000</in_Quantity.quantity><out_Quantity.quantity>252.916589</out_Quantity.quantity></Point><Point><position>8633</position><in_Quantity.quantity>0.000000</in_Quantity.quantity><out_Quantity.quantity>290.940277</out_Quantity.quantity></Point><Point><position>8634</position><in_Quantity.quantity>0.000000</in_Quantity.quantity><out_Quantity.quantity>780.278563</out_Quantity.quantity></Point><Point><position>8635</position><in_Quantity.quantity>0.000000</in_Quantity.quantity><out_Quantity.quantity>581.458467</out_Quantity.quantity></Point><Point><position>8636</position><in_Quantity.quantity>0.000000</in_Quantity.quantity><out_Quantity.quantity>64.625310</out_Quantity.quantity></Point><Point><position>8637</position><in_Quantity.quantity>0.000000</in_Quantity.quantity><out_Quantity.quantity>487.190826</out_Quantity.quantity></Point><Point><position>8638</position><in_Quantity.quantity>0.000000</in_Quantity.quantity><out_Quantity.quantity>665.639655</out_Quantity.quantity></Point><Point><position>8639</position><in_Quantity.quantity>0.000000</in_Quantity.quantity><out_Quantity.quantity>923.058544</out_Quantity.quantity></Point><Point><position>8640</position><in_Quantity.quantity>0.000000</in_Quantity.quantity><out_Quantity.quantity>888.145288</out_Quantity.quantity></Point><Point><position>8641</position><in_Quantity.quantity>0.000000</in_Quantity.quantity><out_Quantity.quantity>414.367307</out_Quantity.quantity></Point><Point><position>8642</position><in_Quantity.quantity>0.000000</in_Quantity.quantity><out_Quantity.quantity>885.474674</out_Quantity.quantity></Point><Point><position>8643</position><in_Quantity.quantity>0.000000</in_Quantity.quantity><out_Quantity.quantity>896.857534</out_Quantity.quantity></Point><Point><position>8644</position><in_Quantity.quantity>0.000000</in_Quantity.quantity><out_Quantity.quantity>767.243389</out_Quantity.quantity></Point><Point><position>8645</position><in_Quantity.quantity>0.000000</in_Quantity.quantity><out_Quantity.quantity>822.111594</out_Quantity.quantity></Point><Point><position>8646</position><in_Quantity.quantity>0.000000</in_Quantity.quantity><out_Quantity.quantity>759.148465</out_Quantity.quantity></Point><Point><position>8647</position><in_Quantity.quantity>0.000000</in_Quantity.quantity><out_Quantity.quantity>691.240116</out_Quantity.quantity></Point><Point><position>8648</position><in_Quantity.quantity>0.000000</in_Quantity.quantity><out_Quantity.quantity>501.861906</out_Quantity.quantity></Point><Point><position>8649</position><in_Quantity.quantity>0.000000</in_Quantity.quantity><out_Quantity.quantity>925.707931</out_Quantity.quantity></Point><Point><position>8650</position><in_Quantity.quantity>0.000000</in_Quantity.quantity><out_Quantity.quantity>276.325695</out_Quantity.quantity></Point><Point><position>8651</position><in_Quantity.quantity>0.000000</in_Quantity.quantity><out_Quantity.quantity>510.820871</out_Quantity.quantity></Point><Point><position>8652</position><in_Quantity.quantity>0.000000</in_Quantity.quantity><out_Quantity.quantity>792.361070</out_Quantity.quantity></Point><Point><position>8653</position><in_Quantity.quantity>0.000000</in_Quantity.quantity><out_Quantity.quantity>425.459251</out_Quantity.quantity></Point><Point><position>8654</position><in_Quantity.quantity>0.000000</in_Quantity.quantity><out_Quantity.quantity>859.101358</out_Quantity.quantity></Point><Point><position>8655</position><in_Quantity.quantity>0.000000</in_Quantity.quantity><out_Quantity.quantity>255.692695</out_Quantity.quantity></Point><Point><position>8656</position><in_Quantity.quantity>0.000000</in_Quantity.quantity><out_Quantity.quantity>93.413902</out_Quantity.quantity></Point><Point><position>8657</position><in_Quantity.quantity>0.000000</in_Quantity.quantity><out_Quantity.quantity>707.539408</out_Quantity.quantity></Point><Point><position>8658</position><in_Quantity.quantity>0.000000</in_Quantity.quantity><out_Quantity.quantity>531.396110</out_Quantity.quantity></Point><Point><position>8659</position><in_Quantity.quantity>0.000000</in_Quantity.quantity><out_Quantity.quantity>113.860481</out_Quantity.quantity></Point><Point><position>8660</position><in_Quantity.quantity>0.000000</in_Quantity.quantity><out_Quantity.quantity>705.549644</out_Quantity.quantity></Point><Point><position>8661</position><in_Quantity.quantity>0.000000</in_Quantity.quantity><out_Quantity.quantity>18.875842</out_Quantity.quantity></Point><Point><position>8662</position><in_Quantity.quantity>0.000000</in_Quantity.quantity><out_Quantity.quantity>389.244586</out_Quantity.quantity></Point><Point><position>8663</position><in_Quantity.quantity>0.000000</in_Quantity.quantity><out_Quantity.quantity>729.154582</out_Quantity.quantity></Point><Point><position>8664</position><in_Quantity.quantity>0.000000</in_Quantity.quantity><out_Quantity.quantity>179.155164</out_Quantity.quantity></Point><Point><position>8665</position><in_Quantity.quantity>0.000000</in_Quantity.quantity><out_Quantity.quantity>678.751850</out_Quantity.quantity></Point><Point><position>8666</position><in_Quantity.quantity>0.000000</in_Quantity.quantity><out_Quantity.quantity>715.753510</out_Quantity.quantity></Point><Point><position>8667</position><in_Quantity.quantity>0.000000</in_Quantity.quantity><out_Quantity.quantity>340.060246</out_Quantity.quantity></Point><Point><position>8668</position><in_Quantity.quantity>0.000000</in_Quantity.quantity><out_Quantity.quantity>318.917430</out_Quantity.quantity></Point><Point><position>8669</position><in_Quantity.quantity>0.000000</in_Quantity.quantity><out_Quantity.quantity>506.518274</out_Quantity.quantity></Point><Point><position>8670</position><in_Quantity.quantity>0.000000</in_Quantity.quantity><out_Quantity.quantity>543.628798</out_Quantity.quantity></Point><Point><position>8671</position><in_Quantity.quantity>0.000000</in_Quantity.quantity><out_Quantity.quantity>835.564078</out_Quantity.quantity></Point><Point><position>8672</position><in_Quantity.quantity>0.000000</in_Quantity.quantity><out_Quantity.quantity>244.937647</out_Quantity.quantity></Point><Point><position>8673</position><in_Quantity.quantity>0.000000</in_Quantity.quantity><out_Quantity.quantity>32.369889</out_Quantity.quantity></Point><Point><position>8674</position><in_Quantity.quantity>0.000000</in_Quantity.quantity><out_Quantity.quantity>116.311710</out_Quantity.quantity></Point><Point><position>8675</position><in_Quantity.quantity>0.000000</in_Quantity.quantity><out_Quantity.quantity>758.186865</out_Quantity.quantity></Point><Point><position>8676</position><in_Quantity.quantity>0.000000</in_Quantity.quantity><out_Quantity.quantity>11.454853</out_Quantity.quantity></Point><Point><position>8677</position><in_Quantity.quantity>0.000000</in_Quantity.quantity><out_Quantity.quantity>902.861669</out_Quantity.quantity></Point><Point><position>8678</position><in_Quantity.quantity>0.000000</in_Quantity.quantity><out_Quantity.quantity>333.930040</out_Quantity.quantity></Point><Point><position>8679</position><in_Quantity.quantity>0.000000</in_Quantity.quantity><out_Quantity.quantity>923.938691</out_Quantity.quantity></Point><Point><position>8680</position><in_Quantity.quantity>0.000000</in_Quantity.quantity><out_Quantity.quantity>175.040445</out_Quantity.quantity></Point><Point><position>8681</position><in_Quantity.quantity>0.000000</in_Quantity.quantity><out_Quantity.quantity>578.839543</out_Quantity.quantity></Point><Point><position>8682</position><in_Quantity.quantity>0.000000</in_Quantity.quantity><out_Quantity.quantity>56.148585</out_Quantity.quantity></Point><Point><position>8683</position><in_Quantity.quantity>0.000000</in_Quantity.quantity><out_Quantity.quantity>889.984231</out_Quantity.quantity></Point><Point><position>8684</position><in_Quantity.quantity>0.000000</in_Quantity.quantity><out_Quantity.quantity>330.691739</out_Quantity.quantity></Point><Point><position>8685</position><in_Quantity.quantity>0.000000</in_Quantity.quantity><out_Quantity.quantity>318.015853</out_Quantity.quantity></Point><Point><position>8686</position><in_Quantity.quantity>0.000000</in_Quantity.quantity><out_Quantity.quantity>67.154294</out_Quantity.quantity></Point><Point><position>8687</position><in_Quantity.quantity>0.000000</in_Quantity.quantity><out_Quantity.quantity>213.809598</out_Quantity.quantity></Point><Point><position>8688</position><in_Quantity.quantity>0.000000</in_Quantity.quantity><out_Quantity.quantity>692.751320</out_Quantity.quantity></Point><Point><position>8689</position><in_Quantity.quantity>0.000000</in_Quantity.quantity><out_Quantity.quantity>53.316250</out_Quantity.quantity></Point><Point><position>8690</position><in_Quantity.quantity>0.000000</in_Quantity.quantity><out_Quantity.quantity>942.766598</out_Quantity.quantity></Point><Point><position>8691</position><in_Quantity.quantity>0.000000</in_Quantity.quantity><out_Quantity.quantity>10.787217</out_Quantity.quantity></Point><Point><position>8692</position><in_Quantity.quantity>0.000000</in_Quantity.quantity><out_Quantity.quantity>398.769305</out_Quantity.quantity></Point><Point><position>8693</position><in_Quantity.quantity>0.000000</in_Quantity.quantity><out_Quantity.quantity>897.461504</out_Quantity.quantity></Point><Point><position>8694</position><in_Quantity.quantity>0.000000</in_Quantity.quantity><out_Quantity.quantity>852.147714</out_Quantity.quantity></Point><Point><position>8695</position><in_Quantity.quantity>0.000000</in_Quantity.quantity><out_Quantity.quantity>403.585299</out_Quantity.quantity></Point><Point><position>8696</position><in_Quantity.quantity>0.000000</in_Quantity.quantity><out_Quantity.quantity>404.482095</out_Quantity.quantity></Point><Point><position>8697</position><in_Quantity.quantity>0.000000</in_Quantity.quantity><out_Quantity.quantity>290.861477</out_Quantity.quantity></Point><Point><position>8698</position><in_Quantity.quantity>0.000000</in_Quantity.quantity><out_Quantity.quantity>386.005076</out_Quantity.quantity></Point><Point><position>8699</position><in_Quantity.quantity>0.000000</in_Quantity.quantity><out_Quantity.quantity>371.797267</out_Quantity.quantity></Point><Point><position>8700</position><in_Quantity.quantity>0.000000</in_Quantity.quantity><out_Quantity.quantity>808.408861</out_Quantity.quantity></Point><Point><position>8701</position><in_Quantity.quantity>0.000000</in_Quantity.quantity><out_Quantity.quantity>986.757724</out_Quantity.quantity></Point><Point><position>8702</position><in_Quantity.quantity>0.000000</in_Quantity.quantity><out_Quantity.quantity>601.766952</out_Quantity.quantity></Point><Point><position>8703</position><in_Quantity.quantity>0.000000</in_Quantity.quantity><out_Quantity.quantity>975.246734</out_Quantity.quantity></Point><Point><position>8704</position><in_Quantity.quantity>0.000000</in_Quantity.quantity><out_Quantity.quantity>648.706136</out_Quantity.quantity></Point><Point><position>8705</position><in_Quantity.quantity>0.000000</in_Quantity.quantity><out_Quantity.quantity>86.755245</out_Quantity.quantity></Point><Point><position>8706</position><in_Quantity.quantity>0.000000</in_Quantity.quantity><out_Quantity.quantity>958.421736</out_Quantity.quantity></Point><Point><position>8707</position><in_Quantity.quantity>0.000000</in_Quantity.quantity><out_Quantity.quantity>306.030886</out_Quantity.quantity></Point><Point><position>8708</position><in_Quantity.quantity>0.000000</in_Quantity.quantity><out_Quantity.quantity>845.302794</out_Quantity.quantity></Point><Point><position>8709</position><in_Quantity.quantity>0.000000</in_Quantity.quantity><out_Quantity.quantity>652.990067</out_Quantity.quantity></Point><Point><position>8710</position><in_Quantity.quantity>0.000000</in_Quantity.quantity><out_Quantity.quantity>374.283404</out_Quantity.quantity></Point><Point><position>8711</position><in_Quantity.quantity>0.000000</in_Quantity.quantity><out_Quantity.quantity>170.497305</out_Quantity.quantity></Point><Point><position>8712</position><in_Quantity.quantity>0.000000</in_Quantity.quantity><out_Quantity.quantity>369.999048</out_Quantity.quantity></Point><Point><position>8713</position><in_Quantity.quantity>0.000000</in_Quantity.quantity><out_Quantity.quantity>642.035889</out_Quantity.quantity></Point><Point><position>8714</position><in_Quantity.quantity>0.000000</in_Quantity.quantity><out_Quantity.quantity>103.290327</out_Quantity.quantity></Point><Point><position>8715</position><in_Quantity.quantity>0.000000</in_Quantity.quantity><out_Quantity.quantity>919.013209</out_Quantity.quantity></Point><Point><position>8716</position><in_Quantity.quantity>0.000000</in_Quantity.quantity><out_Quantity.quantity>552.124957</out_Quantity.quantity></Point><Point><position>8717</position><in_Quantity.quantity>0.000000</in_Quantity.quantity><out_Quantity.quantity>796.212966</out_Quantity.quantity></Point><Point><position>8718</position><in_Quantity.quantity>0.000000</in_Quantity.quantity><out_Quantity.quantity>82.027682</out_Quantity.quantity></Point><Point><position>8719</position><in_Quantity.quantity>0.000000</in_Quantity.quantity><out_Quantity.quantity>260.614591</out_Quantity.quantity></Point><Point><position>8720</position><in_Quantity.quantity>0.000000</in_Quantity.quantity><out_Quantity.quantity>851.956568</out_Quantity.quantity></Point><Point><position>8721</position><in_Quantity.quantity>0.000000</in_Quantity.quantity><out_Quantity.quantity>272.985158</out_Quantity.quantity></Point><Point><position>8722</position><in_Quantity.quantity>0.000000</in_Quantity.quantity><out_Quantity.quantity>537.287779</out_Quantity.quantity></Point><Point><position>8723</position><in_Quantity.quantity>0.000000</in_Quantity.quantity><out_Quantity.quantity>272.060889</out_Quantity.quantity></Point><Point><position>8724</position><in_Quantity.quantity>0.000000</in_Quantity.quantity><out_Quantity.quantity>940.006547</out_Quantity.quantity></Point><Point><position>8725</position><in_Quantity.quantity>0.000000</in_Quantity.quantity><out_Quantity.quantity>723.551735</out_Quantity.quantity></Point><Point><position>8726</position><in_Quantity.quantity>0.000000</in_Quantity.quantity><out_Quantity.quantity>725.272926</out_Quantity.quantity></Point><Point><position>8727</position><in_Quantity.quantity>0.000000</in_Quantity.quantity><out_Quantity.quantity>532.811432</out_Quantity.quantity></Point><Point><position>8728</position><in_Quantity.quantity>0.000000</in_Quantity.quantity><out_Quantity.quantity>808.001592</out_Quantity.quantity></Point><Point><position>8729</position><in_Quantity.quantity>0.000000</in_Quantity.quantity><out_Quantity.quantity>503.811825</out_Quantity.quantity></Point><Point><position>8730</position><in_Quantity.quantity>0.000000</in_Quantity.quantity><out_Quantity.quantity>142.913990</out_Quantity.quantity></Point><Point><position>8731</position><in_Quantity.quantity>0.000000</in_Quantity.quantity><out_Quantity.quantity>151.600796</out_Quantity.quantity></Point><Point><position>8732</position><in_Quantity.quantity>0.000000</in_Quantity.quantity><out_Quantity.quantity>37.658273</out_Quantity.quantity></Point><Point><position>8733</position><in_Quantity.quantity>0.000000</in_Quantity.quantity><out_Quantity.quantity>622.726912</out_Quantity.quantity></Point><Point><position>8734</position><in_Quantity.quantity>0.000000</in_Quantity.quantity><out_Quantity.quantity>70.113027</out_Quantity.quantity></Point><Point><position>8735</position><in_Quantity.quantity>0.000000</in_Quantity.quantity><out_Quantity.quantity>249.988285</out_Quantity.quantity></Point><Point><position>8736</position><in_Quantity.quantity>0.000000</in_Quantity.quantity><out_Quantity.quantity>750.283261</out_Quantity.quantity></Point><Point><position>8737</position><in_Quantity.quantity>0.000000</in_Quantity.quantity><out_Quantity.quantity>637.422210</out_Quantity.quantity></Point><Point><position>8738</position><in_Quantity.quantity>0.000000</in_Quantity.quantity><out_Quantity.quantity>352.542253</out_Quantity.quantity></Point><Point><position>8739</position><in_Quantity.quantity>0.000000</in_Quantity.quantity><out_Quantity.quantity>800.497885</out_Quantity.quantity></Point><Point><position>8740</position><in_Quantity.quantity>0.000000</in_Quantity.quantity><out_Quantity.quantity>73.468131</out_Quantity.quantity></Point><Point><position>8741</position><in_Quantity.quantity>0.000000</in_Quantity.quantity><out_Quantity.quantity>462.756701</out_Quantity.quantity></Point><Point><position>8742</position><in_Quantity.quantity>0.000000</in_Quantity.quantity><out_Quantity.quantity>955.222623</out_Quantity.quantity></Point><Point><position>8743</position><in_Quantity.quantity>0.000000</in_Quantity.quantity><out_Quantity.quantity>821.267047</out_Quantity.quantity></Point><Point><position>8744</position><in_Quantity.quantity>0.000000</in_Quantity.quantity><out_Quantity.quantity>387.430950</out_Quantity.quantity></Point><Point><position>8745</position><in_Quantity.quantity>0.000000</in_Quantity.quantity><out_Quantity.quantity>854.624514</out_Quantity.quantity></Point><Point><position>8746</position><in_Quantity.quantity>0.000000</in_Quantity.quantity><out_Quantity.quantity>746.596093</out_Quantity.quantity></Point><Point><position>8747</position><in_Quantity.quantity>0.000000</in_Quantity.quantity><out_Quantity.quantity>628.455610</out_Quantity.quantity></Point><Point><position>8748</position><in_Quantity.quantity>0.000000</in_Quantity.quantity><out_Quantity.quantity>319.647899</out_Quantity.quantity></Point><Point><position>8749</position><in_Quantity.quantity>0.000000</in_Quantity.quantity><out_Quantity.quantity>232.088247</out_Quantity.quantity></Point><Point><position>8750</position><in_Quantity.quantity>0.000000</in_Quantity.quantity><out_Quantity.quantity>85.576712</out_Quantity.quantity></Point><Point><position>8751</position><in_Quantity.quantity>0.000000</in_Quantity.quantity><out_Quantity.quantity>385.941639</out_Quantity.quantity></Point><Point><position>8752</position><in_Quantity.quantity>0.000000</in_Quantity.quantity><out_Quantity.quantity>420.816196</out_Quantity.quantity></Point><Point><position>8753</position><in_Quantity.quantity>0.000000</in_Quantity.quantity><out_Quantity.quantity>657.900302</out_Quantity.quantity></Point><Point><position>8754</position><in_Quantity.quantity>0.000000</in_Quantity.quantity><out_Quantity.quantity>330.340644</out_Quantity.quantity></Point><Point><position>8755</position><in_Quantity.quantity>0.000000</in_Quantity.quantity><out_Quantity.quantity>731.145348</out_Quantity.quantity></Point><Point><position>8756</position><in_Quantity.quantity>0.000000</in_Quantity.quantity><out_Quantity.quantity>961.078388</out_Quantity.quantity></Point><Point><position>8757</position><in_Quantity.quantity>0.000000</in_Quantity.quantity><out_Quantity.quantity>766.274619</out_Quantity.quantity></Point><Point><position>8758</position><in_Quantity.quantity>0.000000</in_Quantity.quantity><out_Quantity.quantity>569.342176</out_Quantity.quantity></Point><Point><position>8759</position><in_Quantity.quantity>0.000000</in_Quantity.quantity><out_Quantity.quantity>205.210589</out_Quantity.quantity></Point><Point><position>8760</position><in_Quantity.quantity>0.000000</in_Quantity.quantity><out_Quantity.quantity>335.108575</out_Quantity.quantity></Point><Point><position>8761</position><in_Quantity.quantity>0.000000</in_Quantity.quantity><out_Quantity.quantity>188.238089</out_Quantity.quantity></Point><Point><position>8762</position><in_Quantity.quantity>0.000000</in_Quantity.quantity><out_Quantity.quantity>240.259204</out_Quantity.quantity></Point><Point><position>8763</position><in_Quantity.quantity>0.000000</in_Quantity.quantity><out_Quantity.quantity>753.159808</out_Quantity.quantity></Point><Point><position>8764</position><in_Quantity.quantity>0.000000</in_Quantity.quantity><out_Quantity.quantity>623.750998</out_Quantity.quantity></Point><Point><position>8765</position><in_Quantity.quantity>0.000000</in_Quantity.quantity><out_Quantity.quantity>973.208707</out_Quantity.quantity></Point><Point><position>8766</position><in_Quantity.quantity>0.000000</in_Quantity.quantity><out_Quantity.quantity>238.498070</out_Quantity.quantity></Point><Point><position>8767</position><in_Quantity.quantity>0.000000</in_Quantity.quantity><out_Quantity.quantity>97.104333</out_Quantity.quantity></Point><Point><position>8768</position><in_Quantity.quantity>0.000000</in_Quantity.quantity><out_Quantity.quantity>354.562705</out_Quantity.quantity></Point><Point><position>8769</position><in_Quantity.quantity>0.000000</in_Quantity.quantity><out_Quantity.quantity>289.295749</out_Quantity.quantity></Point><Point><position>8770</position><in_Quantity.quantity>0.000000</in_Quantity.quantity><out_Quantity.quantity>539.650535</out_Quantity.quantity></Point><Point><position>8771</position><in_Quantity.quantity>0.000000</in_Quantity.quantity><out_Quantity.quantity>357.911164</out_Quantity.quantity></Point><Point><position>8772</position><in_Quantity.quantity>0.000000</in_Quantity.quantity><out_Quantity.quantity>895.269177</out_Quantity.quantity></Point><Point><position>8773</position><in_Quantity.quantity>0.000000</in_Quantity.quantity><out_Quantity.quantity>341.781416</out_Quantity.quantity></Point><Point><position>8774</position><in_Quantity.quantity>0.000000</in_Quantity.quantity><out_Quantity.quantity>479.482619</out_Quantity.quantity></Point><Point><position>8775</position><in_Quantity.quantity>0.000000</in_Quantity.quantity><out_Quantity.quantity>492.386600</out_Quantity.quantity></Point><Point><position>8776</position><in_Quantity.quantity>0.000000</in_Quantity.quantity><out_Quantity.quantity>232.439066</out_Quantity.quantity></Point><Point><position>8777</position><in_Quantity.quantity>0.000000</in_Quantity.quantity><out_Quantity.quantity>9.697419</out_Quantity.quantity></Point><Point><position>8778</position><in_Quantity.quantity>0.000000</in_Quantity.quantity><out_Quantity.quantity>693.021855</out_Quantity.quantity></Point><Point><position>8779</position><in_Quantity.quantity>0.000000</in_Quantity.quantity><out_Quantity.quantity>843.415731</out_Quantity.quantity></Point><Point><position>8780</position><in_Quantity.quantity>0.000000</in_Quantity.quantity><out_Quantity.quantity>767.194261</out_Quantity.quantity></Point><Point><position>8781</position><in_Quantity.quantity>0.000000</in_Quantity.quantity><out_Quantity.quantity>755.344905</out_Quantity.quantity></Point><Point><position>8782</position><in_Quantity.quantity>0.000000</in_Quantity.quantity><out_Quantity.quantity>125.042973</out_Quantity.quantity></Point><Point><position>8783</position><in_Quantity.quantity>0.000000</in_Quantity.quantity><out_Quantity.quantity>451.748807</out_Quantity.quantity></Point><Point><position>8784</position><in_Quantity.quantity>0.000000</in_Quantity.quantity><out_Quantity.quantity>222.145339</out_Quantity.quantity></Point><Point><position>8785</position><in_Quantity.quantity>0.000000</in_Quantity.quantity><out_Quantity.quantity>410.064172</out_Quantity.quantity></Point><Point><position>8786</position><in_Quantity.quantity>0.000000</in_Quantity.quantity><out_Quantity.quantity>659.816831</out_Quantity.quantity></Point><Point><position>8787</position><in_Quantity.quantity>0.000000</in_Quantity.quantity><out_Quantity.quantity>425.087316</out_Quantity.quantity></Point><Point><position>8788</position><in_Quantity.quantity>0.000000</in_Quantity.quantity><out_Quantity.quantity>3.270987</out_Quantity.quantity></Point><Point><position>8789</position><in_Quantity.quantity>0.000000</in_Quantity.quantity><out_Quantity.quantity>501.771935</out_Quantity.quantity></Point><Point><position>8790</position><in_Quantity.quantity>0.000000</in_Quantity.quantity><out_Quantity.quantity>938.124422</out_Quantity.quantity></Point><Point><position>8791</position><in_Quantity.quantity>0.000000</in_Quantity.quantity><out_Quantity.quantity>175.320606</out_Quantity.quantity></Point><Point><position>8792</position><in_Quantity.quantity>0.000000</in_Quantity.quantity><out_Quantity.quantity>534.795945</out_Quantity.quantity></Point><Point><position>8793</position><in_Quantity.quantity>0.000000</in_Quantity.quantity><out_Quantity.quantity>196.536328</out_Quantity.quantity></Point><Point><position>8794</position><in_Quantity.quantity>0.000000</in_Quantity.quantity><out_Quantity.quantity>975.320315</out_Quantity.quantity></Point><Point><position>8795</position><in_Quantity.quantity>0.000000</in_Quantity.quantity><out_Quantity.quantity>797.565714</out_Quantity.quantity></Point><Point><position>8796</position><in_Quantity.quantity>0.000000</in_Quantity.quantity><out_Quantity.quantity>425.920952</out_Quantity.quantity></Point><Point><position>8797</position><in_Quantity.quantity>0.000000</in_Quantity.quantity><out_Quantity.quantity>824.624707</out_Quantity.quantity></Point><Point><position>8798</position><in_Quantity.quantity>0.000000</in_Quantity.quantity><out_Quantity.quantity>793.896369</out_Quantity.quantity></Point><Point><position>8799</position><in_Quantity.quantity>0.000000</in_Quantity.quantity><out_Quantity.quantity>338.741848</out_Quantity.quantity></Point><Point><position>8800</position><in_Quantity.quantity>0.000000</in_Quantity.quantity><out_Quantity.quantity>777.010500</out_Quantity.quantity></Point><Point><position>8801</position><in_Quantity.quantity>0.000000</in_Quantity.quantity><out_Quantity.quantity>524.041837</out_Quantity.quantity></Point><Point><position>8802</position><in_Quantity.quantity>0.000000</in_Quantity.quantity><out_Quantity.quantity>465.375183</out_Quantity.quantity></Point><Point><position>8803</position><in_Quantity.quantity>0.000000</in_Quantity.quantity><out_Quantity.quantity>446.504649</out_Quantity.quantity></Point><Point><position>8804</position><in_Quantity.quantity>0.000000</in_Quantity.quantity><out_Quantity.quantity>190.686453</out_Quantity.quantity></Point><Point><position>8805</position><in_Quantity.quantity>0.000000</in_Quantity.quantity><out_Quantity.quantity>926.358282</out_Quantity.quantity></Point><Point><position>8806</position><in_Quantity.quantity>0.000000</in_Quantity.quantity><out_Quantity.quantity>665.151479</out_Quantity.quantity></Point><Point><position>8807</position><in_Quantity.quantity>0.000000</in_Quantity.quantity><out_Quantity.quantity>713.706269</out_Quantity.quantity></Point><Point><position>8808</position><in_Quantity.quantity>0.000000</in_Quantity.quantity><out_Quantity.quantity>300.278365</out_Quantity.quantity></Point><Point><position>8809</position><in_Quantity.quantity>0.000000</in_Quantity.quantity><out_Quantity.quantity>203.228022</out_Quantity.quantity></Point><Point><position>8810</position><in_Quantity.quantity>0.000000</in_Quantity.quantity><out_Quantity.quantity>470.162626</out_Quantity.quantity></Point><Point><position>8811</position><in_Quantity.quantity>0.000000</in_Quantity.quantity><out_Quantity.quantity>710.994446</out_Quantity.quantity></Point><Point><position>8812</position><in_Quantity.quantity>0.000000</in_Quantity.quantity><out_Quantity.quantity>172.991039</out_Quantity.quantity></Point><Point><position>8813</position><in_Quantity.quantity>0.000000</in_Quantity.quantity><out_Quantity.quantity>886.283758</out_Quantity.quantity></Point><Point><position>8814</position><in_Quantity.quantity>0.000000</in_Quantity.quantity><out_Quantity.quantity>466.804761</out_Quantity.quantity></Point><Point><position>8815</position><in_Quantity.quantity>0.000000</in_Quantity.quantity><out_Quantity.quantity>986.148158</out_Quantity.quantity></Point><Point><position>8816</position><in_Quantity.quantity>0.000000</in_Quantity.quantity><out_Quantity.quantity>610.081369</out_Quantity.quantity></Point><Point><position>8817</position><in_Quantity.quantity>0.000000</in_Quantity.quantity><out_Quantity.quantity>582.880325</out_Quantity.quantity></Point><Point><position>8818</position><in_Quantity.quantity>0.000000</in_Quantity.quantity><out_Quantity.quantity>671.766615</out_Quantity.quantity></Point><Point><position>8819</position><in_Quantity.quantity>0.000000</in_Quantity.quantity><out_Quantity.quantity>44.449471</out_Quantity.quantity></Point><Point><position>8820</position><in_Quantity.quantity>0.000000</in_Quantity.quantity><out_Quantity.quantity>16.527998</out_Quantity.quantity></Point><Point><position>8821</position><in_Quantity.quantity>0.000000</in_Quantity.quantity><out_Quantity.quantity>844.090259</out_Quantity.quantity></Point><Point><position>8822</position><in_Quantity.quantity>0.000000</in_Quantity.quantity><out_Quantity.quantity>730.135335</out_Quantity.quantity></Point><Point><position>8823</position><in_Quantity.quantity>0.000000</in_Quantity.quantity><out_Quantity.quantity>925.263121</out_Quantity.quantity></Point><Point><position>8824</position><in_Quantity.quantity>0.000000</in_Quantity.quantity><out_Quantity.quantity>883.389656</out_Quantity.quantity></Point><Point><position>8825</position><in_Quantity.quantity>0.000000</in_Quantity.quantity><out_Quantity.quantity>340.180208</out_Quantity.quantity></Point><Point><position>8826</position><in_Quantity.quantity>0.000000</in_Quantity.quantity><out_Quantity.quantity>740.832929</out_Quantity.quantity></Point><Point><position>8827</position><in_Quantity.quantity>0.000000</in_Quantity.quantity><out_Quantity.quantity>517.762892</out_Quantity.quantity></Point><Point><position>8828</position><in_Quantity.quantity>0.000000</in_Quantity.quantity><out_Quantity.quantity>385.221644</out_Quantity.quantity></Point><Point><position>8829</position><in_Quantity.quantity>0.000000</in_Quantity.quantity><out_Quantity.quantity>749.861812</out_Quantity.quantity></Point><Point><position>8830</position><in_Quantity.quantity>0.000000</in_Quantity.quantity><out_Quantity.quantity>860.776217</out_Quantity.quantity></Point><Point><position>8831</position><in_Quantity.quantity>0.000000</in_Quantity.quantity><out_Quantity.quantity>703.250832</out_Quantity.quantity></Point><Point><position>8832</position><in_Quantity.quantity>0.000000</in_Quantity.quantity><out_Quantity.quantity>856.786260</out_Quantity.quantity></Point><Point><position>8833</position><in_Quantity.quantity>0.000000</in_Quantity.quantity><out_Quantity.quantity>31.045206</out_Quantity.quantity></Point><Point><position>8834</position><in_Quantity.quantity>0.000000</in_Quantity.quantity><out_Quantity.quantity>714.865693</out_Quantity.quantity></Point><Point><position>8835</position><in_Quantity.quantity>0.000000</in_Quantity.quantity><out_Quantity.quantity>39.723621</out_Quantity.quantity></Point><Point><position>8836</position><in_Quantity.quantity>0.000000</in_Quantity.quantity><out_Quantity.quantity>848.924179</out_Quantity.quantity></Point><Point><position>8837</position><in_Quantity.quantity>0.000000</in_Quantity.quantity><out_Quantity.quantity>615.237269</out_Quantity.quantity></Point><Point><position>8838</position><in_Quantity.quantity>0.000000</in_Quantity.quantity><out_Quantity.quantity>205.183884</out_Quantity.quantity></Point><Point><position>8839</position><in_Quantity.quantity>0.000000</in_Quantity.quantity><out_Quantity.quantity>608.418887</out_Quantity.quantity></Point><Point><position>8840</position><in_Quantity.quantity>0.000000</in_Quantity.quantity><out_Quantity.quantity>446.668590</out_Quantity.quantity></Point><Point><position>8841</position><in_Quantity.quantity>0.000000</in_Quantity.quantity><out_Quantity.quantity>496.177289</out_Quantity.quantity></Point><Point><position>8842</position><in_Quantity.quantity>0.000000</in_Quantity.quantity><out_Quantity.quantity>762.532003</out_Quantity.quantity></Point><Point><position>8843</position><in_Quantity.quantity>0.000000</in_Quantity.quantity><out_Quantity.quantity>911.066024</out_Quantity.quantity></Point><Point><position>8844</position><in_Quantity.quantity>0.000000</in_Quantity.quantity><out_Quantity.quantity>57.244366</out_Quantity.quantity></Point><Point><position>8845</position><in_Quantity.quantity>0.000000</in_Quantity.quantity><out_Quantity.quantity>83.251135</out_Quantity.quantity></Point><Point><position>8846</position><in_Quantity.quantity>0.000000</in_Quantity.quantity><out_Quantity.quantity>70.214448</out_Quantity.quantity></Point><Point><position>8847</position><in_Quantity.quantity>0.000000</in_Quantity.quantity><out_Quantity.quantity>992.001405</out_Quantity.quantity></Point><Point><position>8848</position><in_Quantity.quantity>0.000000</in_Quantity.quantity><out_Quantity.quantity>179.565903</out_Quantity.quantity></Point><Point><position>8849</position><in_Quantity.quantity>0.000000</in_Quantity.quantity><out_Quantity.quantity>295.665766</out_Quantity.quantity></Point><Point><position>8850</position><in_Quantity.quantity>0.000000</in_Quantity.quantity><out_Quantity.quantity>778.355084</out_Quantity.quantity></Point><Point><position>8851</position><in_Quantity.quantity>0.000000</in_Quantity.quantity><out_Quantity.quantity>289.394084</out_Quantity.quantity></Point><Point><position>8852</position><in_Quantity.quantity>0.000000</in_Quantity.quantity><out_Quantity.quantity>306.238192</out_Quantity.quantity></Point><Point><position>8853</position><in_Quantity.quantity>0.000000</in_Quantity.quantity><out_Quantity.quantity>613.734760</out_Quantity.quantity></Point><Point><position>8854</position><in_Quantity.quantity>0.000000</in_Quantity.quantity><out_Quantity.quantity>718.371317</out_Quantity.quantity></Point><Point><position>8855</position><in_Quantity.quantity>0.000000</in_Quantity.quantity><out_Quantity.quantity>907.543267</out_Quantity.quantity></Point><Point><position>8856</position><in_Quantity.quantity>0.000000</in_Quantity.quantity><out_Quantity.quantity>366.430559</out_Quantity.quantity></Point><Point><position>8857</position><in_Quantity.quantity>0.000000</in_Quantity.quantity><out_Quantity.quantity>951.840504</out_Quantity.quantity></Point><Point><position>8858</position><in_Quantity.quantity>0.000000</in_Quantity.quantity><out_Quantity.quantity>74.011981</out_Quantity.quantity></Point><Point><position>8859</position><in_Quantity.quantity>0.000000</in_Quantity.quantity><out_Quantity.quantity>595.556650</out_Quantity.quantity></Point><Point><position>8860</position><in_Quantity.quantity>0.000000</in_Quantity.quantity><out_Quantity.quantity>81.388476</out_Quantity.quantity></Point><Point><position>8861</position><in_Quantity.quantity>0.000000</in_Quantity.quantity><out_Quantity.quantity>374.908968</out_Quantity.quantity></Point><Point><position>8862</position><in_Quantity.quantity>0.000000</in_Quantity.quantity><out_Quantity.quantity>314.669260</out_Quantity.quantity></Point><Point><position>8863</position><in_Quantity.quantity>0.000000</in_Quantity.quantity><out_Quantity.quantity>269.094262</out_Quantity.quantity></Point><Point><position>8864</position><in_Quantity.quantity>0.000000</in_Quantity.quantity><out_Quantity.quantity>217.662692</out_Quantity.quantity></Point><Point><position>8865</position><in_Quantity.quantity>0.000000</in_Quantity.quantity><out_Quantity.quantity>233.303297</out_Quantity.quantity></Point><Point><position>8866</position><in_Quantity.quantity>0.000000</in_Quantity.quantity><out_Quantity.quantity>508.379528</out_Quantity.quantity></Point><Point><position>8867</position><in_Quantity.quantity>0.000000</in_Quantity.quantity><out_Quantity.quantity>793.807135</out_Quantity.quantity></Point><Point><position>8868</position><in_Quantity.quantity>0.000000</in_Quantity.quantity><out_Quantity.quantity>816.922800</out_Quantity.quantity></Point><Point><position>8869</position><in_Quantity.quantity>0.000000</in_Quantity.quantity><out_Quantity.quantity>556.116607</out_Quantity.quantity></Point><Point><position>8870</position><in_Quantity.quantity>0.000000</in_Quantity.quantity><out_Quantity.quantity>670.174084</out_Quantity.quantity></Point><Point><position>8871</position><in_Quantity.quantity>0.000000</in_Quantity.quantity><out_Quantity.quantity>519.590308</out_Quantity.quantity></Point><Point><position>8872</position><in_Quantity.quantity>0.000000</in_Quantity.quantity><out_Quantity.quantity>648.976524</out_Quantity.quantity></Point><Point><position>8873</position><in_Quantity.quantity>0.000000</in_Quantity.quantity><out_Quantity.quantity>821.618513</out_Quantity.quantity></Point><Point><position>8874</position><in_Quantity.quantity>0.000000</in_Quantity.quantity><out_Quantity.quantity>940.301558</out_Quantity.quantity></Point><Point><position>8875</position><in_Quantity.quantity>0.000000</in_Quantity.quantity><out_Quantity.quantity>570.092013</out_Quantity.quantity></Point><Point><position>8876</position><in_Quantity.quantity>0.000000</in_Quantity.quantity><out_Quantity.quantity>563.468729</out_Quantity.quantity></Point><Point><position>8877</position><in_Quantity.quantity>0.000000</in_Quantity.quantity><out_Quantity.quantity>880.098146</out_Quantity.quantity></Point><Point><position>8878</position><in_Quantity.quantity>0.000000</in_Quantity.quantity><out_Quantity.quantity>945.403458</out_Quantity.quantity></Point><Point><position>8879</position><in_Quantity.quantity>0.000000</in_Quantity.quantity><out_Quantity.quantity>641.840168</out_Quantity.quantity></Point><Point><position>8880</position><in_Quantity.quantity>0.000000</in_Quantity.quantity><out_Quantity.quantity>517.495339</out_Quantity.quantity></Point><Point><position>8881</position><in_Quantity.quantity>0.000000</in_Quantity.quantity><out_Quantity.quantity>371.948166</out_Quantity.quantity></Point><Point><position>8882</position><in_Quantity.quantity>0.000000</in_Quantity.quantity><out_Quantity.quantity>321.320821</out_Quantity.quantity></Point><Point><position>8883</position><in_Quantity.quantity>0.000000</in_Quantity.quantity><out_Quantity.quantity>848.618179</out_Quantity.quantity></Point><Point><position>8884</position><in_Quantity.quantity>0.000000</in_Quantity.quantity><out_Quantity.quantity>868.833780</out_Quantity.quantity></Point><Point><position>8885</position><in_Quantity.quantity>0.000000</in_Quantity.quantity><out_Quantity.quantity>185.411894</out_Quantity.quantity></Point><Point><position>8886</position><in_Quantity.quantity>0.000000</in_Quantity.quantity><out_Quantity.quantity>611.070134</out_Quantity.quantity></Point><Point><position>8887</position><in_Quantity.quantity>0.000000</in_Quantity.quantity><out_Quantity.quantity>747.073097</out_Quantity.quantity></Point><Point><position>8888</position><in_Quantity.quantity>0.000000</in_Quantity.quantity><out_Quantity.quantity>888.104686</out_Quantity.quantity></Point><Point><position>8889</position><in_Quantity.quantity>0.000000</in_Quantity.quantity><out_Quantity.quantity>412.716993</out_Quantity.quantity></Point><Point><position>8890</position><in_Quantity.quantity>0.000000</in_Quantity.quantity><out_Quantity.quantity>909.331013</out_Quantity.quantity></Point><Point><position>8891</position><in_Quantity.quantity>0.000000</in_Quantity.quantity><out_Quantity.quantity>759.198239</out_Quantity.quantity></Point><Point><position>8892</position><in_Quantity.quantity>0.000000</in_Quantity.quantity><out_Quantity.quantity>683.350310</out_Quantity.quantity></Point><Point><position>8893</position><in_Quantity.quantity>0.000000</in_Quantity.quantity><out_Quantity.quantity>421.801976</out_Quantity.quantity></Point><Point><position>8894</position><in_Quantity.quantity>0.000000</in_Quantity.quantity><out_Quantity.quantity>583.787579</out_Quantity.quantity></Point><Point><position>8895</position><in_Quantity.quantity>0.000000</in_Quantity.quantity><out_Quantity.quantity>417.425559</out_Quantity.quantity></Point><Point><position>8896</position><in_Quantity.quantity>0.000000</in_Quantity.quantity><out_Quantity.quantity>989.191884</out_Quantity.quantity></Point><Point><position>8897</position><in_Quantity.quantity>0.000000</in_Quantity.quantity><out_Quantity.quantity>311.499737</out_Quantity.quantity></Point><Point><position>8898</position><in_Quantity.quantity>0.000000</in_Quantity.quantity><out_Quantity.quantity>132.891922</out_Quantity.quantity></Point><Point><position>8899</position><in_Quantity.quantity>0.000000</in_Quantity.quantity><out_Quantity.quantity>691.151665</out_Quantity.quantity></Point><Point><position>8900</position><in_Quantity.quantity>0.000000</in_Quantity.quantity><out_Quantity.quantity>976.724893</out_Quantity.quantity></Point><Point><position>8901</position><in_Quantity.quantity>0.000000</in_Quantity.quantity><out_Quantity.quantity>739.112542</out_Quantity.quantity></Point><Point><position>8902</position><in_Quantity.quantity>0.000000</in_Quantity.quantity><out_Quantity.quantity>983.353608</out_Quantity.quantity></Point><Point><position>8903</position><in_Quantity.quantity>0.000000</in_Quantity.quantity><out_Quantity.quantity>350.774674</out_Quantity.quantity></Point><Point><position>8904</position><in_Quantity.quantity>0.000000</in_Quantity.quantity><out_Quantity.quantity>704.612459</out_Quantity.quantity></Point><Point><position>8905</position><in_Quantity.quantity>0.000000</in_Quantity.quantity><out_Quantity.quantity>603.056834</out_Quantity.quantity></Point><Point><position>8906</position><in_Quantity.quantity>0.000000</in_Quantity.quantity><out_Quantity.quantity>35.893394</out_Quantity.quantity></Point><Point><position>8907</position><in_Quantity.quantity>0.000000</in_Quantity.quantity><out_Quantity.quantity>254.583606</out_Quantity.quantity></Point><Point><position>8908</position><in_Quantity.quantity>0.000000</in_Quantity.quantity><out_Quantity.quantity>888.213671</out_Quantity.quantity></Point><Point><position>8909</position><in_Quantity.quantity>0.000000</in_Quantity.quantity><out_Quantity.quantity>888.829445</out_Quantity.quantity></Point><Point><position>8910</position><in_Quantity.quantity>0.000000</in_Quantity.quantity><out_Quantity.quantity>871.527682</out_Quantity.quantity></Point><Point><position>8911</position><in_Quantity.quantity>0.000000</in_Quantity.quantity><out_Quantity.quantity>932.775650</out_Quantity.quantity></Point><Point><position>8912</position><in_Quantity.quantity>0.000000</in_Quantity.quantity><out_Quantity.quantity>311.637449</out_Quantity.quantity></Point><Point><position>8913</position><in_Quantity.quantity>0.000000</in_Quantity.quantity><out_Quantity.quantity>99.403288</out_Quantity.quantity></Point><Point><position>8914</position><in_Quantity.quantity>0.000000</in_Quantity.quantity><out_Quantity.quantity>442.873361</out_Quantity.quantity></Point><Point><position>8915</position><in_Quantity.quantity>0.000000</in_Quantity.quantity><out_Quantity.quantity>748.383653</out_Quantity.quantity></Point><Point><position>8916</position><in_Quantity.quantity>0.000000</in_Quantity.quantity><out_Quantity.quantity>502.569509</out_Quantity.quantity></Point><Point><position>8917</position><in_Quantity.quantity>0.000000</in_Quantity.quantity><out_Quantity.quantity>424.511453</out_Quantity.quantity></Point><Point><position>8918</position><in_Quantity.quantity>0.000000</in_Quantity.quantity><out_Quantity.quantity>216.983237</out_Quantity.quantity></Point><Point><position>8919</position><in_Quantity.quantity>0.000000</in_Quantity.quantity><out_Quantity.quantity>428.413403</out_Quantity.quantity></Point><Point><position>8920</position><in_Quantity.quantity>0.000000</in_Quantity.quantity><out_Quantity.quantity>292.331990</out_Quantity.quantity></Point><Point><position>8921</position><in_Quantity.quantity>0.000000</in_Quantity.quantity><out_Quantity.quantity>540.301839</out_Quantity.quantity></Point><Point><position>8922</position><in_Quantity.quantity>0.000000</in_Quantity.quantity><out_Quantity.quantity>311.085606</out_Quantity.quantity></Point><Point><position>8923</position><in_Quantity.quantity>0.000000</in_Quantity.quantity><out_Quantity.quantity>586.696855</out_Quantity.quantity></Point><Point><position>8924</position><in_Quantity.quantity>0.000000</in_Quantity.quantity><out_Quantity.quantity>577.941101</out_Quantity.quantity></Point><Point><position>8925</position><in_Quantity.quantity>0.000000</in_Quantity.quantity><out_Quantity.quantity>379.441462</out_Quantity.quantity></Point><Point><position>8926</position><in_Quantity.quantity>0.000000</in_Quantity.quantity><out_Quantity.quantity>874.816143</out_Quantity.quantity></Point><Point><position>8927</position><in_Quantity.quantity>0.000000</in_Quantity.quantity><out_Quantity.quantity>397.475321</out_Quantity.quantity></Point><Point><position>8928</position><in_Quantity.quantity>0.000000</in_Quantity.quantity><out_Quantity.quantity>962.028601</out_Quantity.quantity></Point><Point><position>8929</position><in_Quantity.quantity>0.000000</in_Quantity.quantity><out_Quantity.quantity>935.504095</out_Quantity.quantity></Point><Point><position>8930</position><in_Quantity.quantity>0.000000</in_Quantity.quantity><out_Quantity.quantity>434.011820</out_Quantity.quantity></Point><Point><position>8931</position><in_Quantity.quantity>0.000000</in_Quantity.quantity><out_Quantity.quantity>791.998060</out_Quantity.quantity></Point><Point><position>8932</position><in_Quantity.quantity>0.000000</in_Quantity.quantity><out_Quantity.quantity>840.723482</out_Quantity.quantity></Point><Point><position>8933</position><in_Quantity.quantity>0.000000</in_Quantity.quantity><out_Quantity.quantity>566.658891</out_Quantity.quantity></Point><Point><position>8934</position><in_Quantity.quantity>0.000000</in_Quantity.quantity><out_Quantity.quantity>958.210605</out_Quantity.quantity></Point><Point><position>8935</position><in_Quantity.quantity>0.000000</in_Quantity.quantity><out_Quantity.quantity>546.353055</out_Quantity.quantity></Point><Point><position>8936</position><in_Quantity.quantity>0.000000</in_Quantity.quantity><out_Quantity.quantity>222.666087</out_Quantity.quantity></Point><Point><position>8937</position><in_Quantity.quantity>0.000000</in_Quantity.quantity><out_Quantity.quantity>921.939074</out_Quantity.quantity></Point><Point><position>8938</position><in_Quantity.quantity>0.000000</in_Quantity.quantity><out_Quantity.quantity>372.134707</out_Quantity.quantity></Point><Point><position>8939</position><in_Quantity.quantity>0.000000</in_Quantity.quantity><out_Quantity.quantity>122.103791</out_Quantity.quantity></Point><Point><position>8940</position><in_Quantity.quantity>0.000000</in_Quantity.quantity><out_Quantity.quantity>23.843140</out_Quantity.quantity></Point><Point><position>8941</position><in_Quantity.quantity>0.000000</in_Quantity.quantity><out_Quantity.quantity>177.361250</out_Quantity.quantity></Point><Point><position>8942</position><in_Quantity.quantity>0.000000</in_Quantity.quantity><out_Quantity.quantity>520.000270</out_Quantity.quantity></Point><Point><position>8943</position><in_Quantity.quantity>0.000000</in_Quantity.quantity><out_Quantity.quantity>73.963652</out_Quantity.quantity></Point><Point><position>8944</position><in_Quantity.quantity>0.000000</in_Quantity.quantity><out_Quantity.quantity>590.790727</out_Quantity.quantity></Point><Point><position>8945</position><in_Quantity.quantity>0.000000</in_Quantity.quantity><out_Quantity.quantity>66.933614</out_Quantity.quantity></Point><Point><position>8946</position><in_Quantity.quantity>0.000000</in_Quantity.quantity><out_Quantity.quantity>716.103946</out_Quantity.quantity></Point><Point><position>8947</position><in_Quantity.quantity>0.000000</in_Quantity.quantity><out_Quantity.quantity>279.014442</out_Quantity.quantity></Point><Point><position>8948</position><in_Quantity.quantity>0.000000</in_Quantity.quantity><out_Quantity.quantity>513.122542</out_Quantity.quantity></Point><Point><position>8949</position><in_Quantity.quantity>0.000000</in_Quantity.quantity><out_Quantity.quantity>146.769883</out_Quantity.quantity></Point><Point><position>8950</position><in_Quantity.quantity>0.000000</in_Quantity.quantity><out_Quantity.quantity>172.291494</out_Quantity.quantity></Point><Point><position>8951</position><in_Quantity.quantity>0.000000</in_Quantity.quantity><out_Quantity.quantity>788.078118</out_Quantity.quantity></Point><Point><position>8952</position><in_Quantity.quantity>0.000000</in_Quantity.quantity><out_Quantity.quantity>782.277023</out_Quantity.quantity></Point><Point><position>8953</position><in_Quantity.quantity>0.000000</in_Quantity.quantity><out_Quantity.quantity>286.802292</out_Quantity.quantity></Point><Point><position>8954</position><in_Quantity.quantity>0.000000</in_Quantity.quantity><out_Quantity.quantity>371.493008</out_Quantity.quantity></Point><Point><position>8955</position><in_Quantity.quantity>0.000000</in_Quantity.quantity><out_Quantity.quantity>258.083214</out_Quantity.quantity></Point><Point><position>8956</position><in_Quantity.quantity>0.000000</in_Quantity.quantity><out_Quantity.quantity>724.296972</out_Quantity.quantity></Point><Point><position>8957</position><in_Quantity.quantity>0.000000</in_Quantity.quantity><out_Quantity.quantity>919.352820</out_Quantity.quantity></Point><Point><position>8958</position><in_Quantity.quantity>0.000000</in_Quantity.quantity><out_Quantity.quantity>880.838754</out_Quantity.quantity></Point><Point><position>8959</position><in_Quantity.quantity>0.000000</in_Quantity.quantity><out_Quantity.quantity>771.396164</out_Quantity.quantity></Point><Point><position>8960</position><in_Quantity.quantity>0.000000</in_Quantity.quantity><out_Quantity.quantity>325.832687</out_Quantity.quantity></Point><Point><position>8961</position><in_Quantity.quantity>0.000000</in_Quantity.quantity><out_Quantity.quantity>555.461512</out_Quantity.quantity></Point><Point><position>8962</position><in_Quantity.quantity>0.000000</in_Quantity.quantity><out_Quantity.quantity>524.109972</out_Quantity.quantity></Point><Point><position>8963</position><in_Quantity.quantity>0.000000</in_Quantity.quantity><out_Quantity.quantity>354.591676</out_Quantity.quantity></Point><Point><position>8964</position><in_Quantity.quantity>0.000000</in_Quantity.quantity><out_Quantity.quantity>784.976123</out_Quantity.quantity></Point><Point><position>8965</position><in_Quantity.quantity>0.000000</in_Quantity.quantity><out_Quantity.quantity>650.432855</out_Quantity.quantity></Point><Point><position>8966</position><in_Quantity.quantity>0.000000</in_Quantity.quantity><out_Quantity.quantity>710.786752</out_Quantity.quantity></Point><Point><position>8967</position><in_Quantity.quantity>0.000000</in_Quantity.quantity><out_Quantity.quantity>390.479077</out_Quantity.quantity></Point><Point><position>8968</position><in_Quantity.quantity>0.000000</in_Quantity.quantity><out_Quantity.quantity>506.908400</out_Quantity.quantity></Point><Point><position>8969</position><in_Quantity.quantity>0.000000</in_Quantity.quantity><out_Quantity.quantity>675.377274</out_Quantity.quantity></Point><Point><position>8970</position><in_Quantity.quantity>0.000000</in_Quantity.quantity><out_Quantity.quantity>581.730081</out_Quantity.quantity></Point><Point><position>8971</position><in_Quantity.quantity>0.000000</in_Quantity.quantity><out_Quantity.quantity>193.807805</out_Quantity.quantity></Point><Point><position>8972</position><in_Quantity.quantity>0.000000</in_Quantity.quantity><out_Quantity.quantity>850.258786</out_Quantity.quantity></Point><Point><position>8973</position><in_Quantity.quantity>0.000000</in_Quantity.quantity><out_Quantity.quantity>158.188504</out_Quantity.quantity></Point><Point><position>8974</position><in_Quantity.quantity>0.000000</in_Quantity.quantity><out_Quantity.quantity>703.118178</out_Quantity.quantity></Point><Point><position>8975</position><in_Quantity.quantity>0.000000</in_Quantity.quantity><out_Quantity.quantity>522.975201</out_Quantity.quantity></Point><Point><position>8976</position><in_Quantity.quantity>0.000000</in_Quantity.quantity><out_Quantity.quantity>543.534481</out_Quantity.quantity></Point><Point><position>8977</position><in_Quantity.quantity>0.000000</in_Quantity.quantity><out_Quantity.quantity>350.792266</out_Quantity.quantity></Point><Point><position>8978</position><in_Quantity.quantity>0.000000</in_Quantity.quantity><out_Quantity.quantity>478.340184</out_Quantity.quantity></Point><Point><position>8979</position><in_Quantity.quantity>0.000000</in_Quantity.quantity><out_Quantity.quantity>758.955545</out_Quantity.quantity></Point><Point><position>8980</position><in_Quantity.quantity>0.000000</in_Quantity.quantity><out_Quantity.quantity>671.921682</out_Quantity.quantity></Point><Point><position>8981</position><in_Quantity.quantity>0.000000</in_Quantity.quantity><out_Quantity.quantity>736.305774</out_Quantity.quantity></Point><Point><position>8982</position><in_Quantity.quantity>0.000000</in_Quantity.quantity><out_Quantity.quantity>78.790518</out_Quantity.quantity></Point><Point><position>8983</position><in_Quantity.quantity>0.000000</in_Quantity.quantity><out_Quantity.quantity>358.934686</out_Quantity.quantity></Point><Point><position>8984</position><in_Quantity.quantity>0.000000</in_Quantity.quantity><out_Quantity.quantity>274.508448</out_Quantity.quantity></Point><Point><position>8985</position><in_Quantity.quantity>0.000000</in_Quantity.quantity><out_Quantity.quantity>510.670129</out_Quantity.quantity></Point><Point><position>8986</position><in_Quantity.quantity>0.000000</in_Quantity.quantity><out_Quantity.quantity>776.657946</out_Quantity.quantity></Point><Point><position>8987</position><in_Quantity.quantity>0.000000</in_Quantity.quantity><out_Quantity.quantity>909.518573</out_Quantity.quantity></Point><Point><position>8988</position><in_Quantity.quantity>0.000000</in_Quantity.quantity><out_Quantity.quantity>764.826117</out_Quantity.quantity></Point><Point><position>8989</position><in_Quantity.quantity>0.000000</in_Quantity.quantity><out_Quantity.quantity>40.319497</out_Quantity.quantity></Point><Point><position>8990</position><in_Quantity.quantity>0.000000</in_Quantity.quantity><out_Quantity.quantity>27.591318</out_Quantity.quantity></Point><Point><position>8991</position><in_Quantity.quantity>0.000000</in_Quantity.quantity><out_Quantity.quantity>121.735975</out_Quantity.quantity></Point><Point><position>8992</position><in_Quantity.quantity>0.000000</in_Quantity.quantity><out_Quantity.quantity>15.945156</out_Quantity.quantity></Point><Point><position>8993</position><in_Quantity.quantity>0.000000</in_Quantity.quantity><out_Quantity.quantity>965.855265</out_Quantity.quantity></Point><Point><position>8994</position><in_Quantity.quantity>0.000000</in_Quantity.quantity><out_Quantity.quantity>471.204692</out_Quantity.quantity></Point><Point><position>8995</position><in_Quantity.quantity>0.000000</in_Quantity.quantity><out_Quantity.quantity>985.485007</out_Quantity.quantity></Point><Point><position>8996</position><in_Quantity.quantity>0.000000</in_Quantity.quantity><out_Quantity.quantity>179.819906</out_Quantity.quantity></Point><Point><position>8997</position><in_Quantity.quantity>0.000000</in_Quantity.quantity><out_Quantity.quantity>760.111218</out_Quantity.quantity></Point><Point><position>8998</position><in_Quantity.quantity>0.000000</in_Quantity.quantity><out_Quantity.quantity>979.277587</out_Quantity.quantity></Point><Point><position>8999</position><in_Quantity.quantity>0.000000</in_Quantity.quantity><out_Quantity.quantity>8.590751</out_Quantity.quantity></Point><Point><position>9000</position><in_Quantity.quantity>0.000000</in_Quantity.quantity><out_Quantity.quantity>257.454111</out_Quantity.quantity></Point><Point><position>9001</position><in_Quantity.quantity>0.000000</in_Quantity.quantity><out_Quantity.quantity>438.347103</out_Quantity.quantity></Point><Point><position>9002</position><in_Quantity.quantity>0.000000</in_Quantity.quantity><out_Quantity.quantity>282.569364</out_Quantity.quantity></Point><Point><position>9003</position><in_Quantity.quantity>0.000000</in_Quantity.quantity><out_Quantity.quantity>563.160436</out_Quantity.quantity></Point><Point><position>9004</position><in_Quantity.quantity>0.000000</in_Quantity.quantity><out_Quantity.quantity>744.162286</out_Quantity.quantity></Point><Point><position>9005</position><in_Quantity.quantity>0.000000</in_Quantity.quantity><out_Quantity.quantity>926.849470</out_Quantity.quantity></Point><Point><position>9006</position><in_Quantity.quantity>0.000000</in_Quantity.quantity><out_Quantity.quantity>205.143976</out_Quantity.quantity></Point><Point><position>9007</position><in_Quantity.quantity>0.000000</in_Quantity.quantity><out_Quantity.quantity>343.341209</out_Quantity.quantity></Point><Point><position>9008</position><in_Quantity.quantity>0.000000</in_Quantity.quantity><out_Quantity.quantity>851.719578</out_Quantity.quantity></Point><Point><position>9009</position><in_Quantity.quantity>0.000000</in_Quantity.quantity><out_Quantity.quantity>253.150813</out_Quantity.quantity></Point><Point><position>9010</position><in_Quantity.quantity>0.000000</in_Quantity.quantity><out_Quantity.quantity>538.304834</out_Quantity.quantity></Point><Point><position>9011</position><in_Quantity.quantity>0.000000</in_Quantity.quantity><out_Quantity.quantity>652.656446</out_Quantity.quantity></Point><Point><position>9012</position><in_Quantity.quantity>0.000000</in_Quantity.quantity><out_Quantity.quantity>283.926064</out_Quantity.quantity></Point><Point><position>9013</position><in_Quantity.quantity>0.000000</in_Quantity.quantity><out_Quantity.quantity>924.661380</out_Quantity.quantity></Point><Point><position>9014</position><in_Quantity.quantity>0.000000</in_Quantity.quantity><out_Quantity.quantity>692.852172</out_Quantity.quantity></Point><Point><position>9015</position><in_Quantity.quantity>0.000000</in_Quantity.quantity><out_Quantity.quantity>286.035964</out_Quantity.quantity></Point><Point><position>9016</position><in_Quantity.quantity>0.000000</in_Quantity.quantity><out_Quantity.quantity>91.521931</out_Quantity.quantity></Point><Point><position>9017</position><in_Quantity.quantity>0.000000</in_Quantity.quantity><out_Quantity.quantity>237.485739</out_Quantity.quantity></Point><Point><position>9018</position><in_Quantity.quantity>0.000000</in_Quantity.quantity><out_Quantity.quantity>721.457739</out_Quantity.quantity></Point><Point><position>9019</position><in_Quantity.quantity>0.000000</in_Quantity.quantity><out_Quantity.quantity>755.039593</out_Quantity.quantity></Point><Point><position>9020</position><in_Quantity.quantity>0.000000</in_Quantity.quantity><out_Quantity.quantity>255.315176</out_Quantity.quantity></Point><Point><position>9021</position><in_Quantity.quantity>0.000000</in_Quantity.quantity><out_Quantity.quantity>927.308571</out_Quantity.quantity></Point><Point><position>9022</position><in_Quantity.quantity>0.000000</in_Quantity.quantity><out_Quantity.quantity>586.723918</out_Quantity.quantity></Point><Point><position>9023</position><in_Quantity.quantity>0.000000</in_Quantity.quantity><out_Quantity.quantity>904.442934</out_Quantity.quantity></Point><Point><position>9024</position><in_Quantity.quantity>0.000000</in_Quantity.quantity><out_Quantity.quantity>12.776248</out_Quantity.quantity></Point><Point><position>9025</position><in_Quantity.quantity>0.000000</in_Quantity.quantity><out_Quantity.quantity>937.092251</out_Quantity.quantity></Point><Point><position>9026</position><in_Quantity.quantity>0.000000</in_Quantity.quantity><out_Quantity.quantity>90.489529</out_Quantity.quantity></Point><Point><position>9027</position><in_Quantity.quantity>0.000000</in_Quantity.quantity><out_Quantity.quantity>155.139288</out_Quantity.quantity></Point><Point><position>9028</position><in_Quantity.quantity>0.000000</in_Quantity.quantity><out_Quantity.quantity>425.937162</out_Quantity.quantity></Point><Point><position>9029</position><in_Quantity.quantity>0.000000</in_Quantity.quantity><out_Quantity.quantity>402.898527</out_Quantity.quantity></Point><Point><position>9030</position><in_Quantity.quantity>0.000000</in_Quantity.quantity><out_Quantity.quantity>615.080862</out_Quantity.quantity></Point><Point><position>9031</position><in_Quantity.quantity>0.000000</in_Quantity.quantity><out_Quantity.quantity>547.898598</out_Quantity.quantity></Point><Point><position>9032</position><in_Quantity.quantity>0.000000</in_Quantity.quantity><out_Quantity.quantity>627.539721</out_Quantity.quantity></Point><Point><position>9033</position><in_Quantity.quantity>0.000000</in_Quantity.quantity><out_Quantity.quantity>654.401611</out_Quantity.quantity></Point><Point><position>9034</position><in_Quantity.quantity>0.000000</in_Quantity.quantity><out_Quantity.quantity>30.155766</out_Quantity.quantity></Point><Point><position>9035</position><in_Quantity.quantity>0.000000</in_Quantity.quantity><out_Quantity.quantity>410.299624</out_Quantity.quantity></Point><Point><position>9036</position><in_Quantity.quantity>0.000000</in_Quantity.quantity><out_Quantity.quantity>465.661593</out_Quantity.quantity></Point><Point><position>9037</position><in_Quantity.quantity>0.000000</in_Quantity.quantity><out_Quantity.quantity>859.104139</out_Quantity.quantity></Point><Point><position>9038</position><in_Quantity.quantity>0.000000</in_Quantity.quantity><out_Quantity.quantity>162.846683</out_Quantity.quantity></Point><Point><position>9039</position><in_Quantity.quantity>0.000000</in_Quantity.quantity><out_Quantity.quantity>606.244761</out_Quantity.quantity></Point><Point><position>9040</position><in_Quantity.quantity>0.000000</in_Quantity.quantity><out_Quantity.quantity>749.705067</out_Quantity.quantity></Point><Point><position>9041</position><in_Quantity.quantity>0.000000</in_Quantity.quantity><out_Quantity.quantity>947.403494</out_Quantity.quantity></Point><Point><position>9042</position><in_Quantity.quantity>0.000000</in_Quantity.quantity><out_Quantity.quantity>481.079855</out_Quantity.quantity></Point><Point><position>9043</position><in_Quantity.quantity>0.000000</in_Quantity.quantity><out_Quantity.quantity>392.416134</out_Quantity.quantity></Point><Point><position>9044</position><in_Quantity.quantity>0.000000</in_Quantity.quantity><out_Quantity.quantity>886.702484</out_Quantity.quantity></Point><Point><position>9045</position><in_Quantity.quantity>0.000000</in_Quantity.quantity><out_Quantity.quantity>309.887097</out_Quantity.quantity></Point><Point><position>9046</position><in_Quantity.quantity>0.000000</in_Quantity.quantity><out_Quantity.quantity>16.053372</out_Quantity.quantity></Point><Point><position>9047</position><in_Quantity.quantity>0.000000</in_Quantity.quantity><out_Quantity.quantity>960.202042</out_Quantity.quantity></Point><Point><position>9048</position><in_Quantity.quantity>0.000000</in_Quantity.quantity><out_Quantity.quantity>425.183315</out_Quantity.quantity></Point><Point><position>9049</position><in_Quantity.quantity>0.000000</in_Quantity.quantity><out_Quantity.quantity>770.652624</out_Quantity.quantity></Point><Point><position>9050</position><in_Quantity.quantity>0.000000</in_Quantity.quantity><out_Quantity.quantity>277.313953</out_Quantity.quantity></Point><Point><position>9051</position><in_Quantity.quantity>0.000000</in_Quantity.quantity><out_Quantity.quantity>32.952435</out_Quantity.quantity></Point><Point><position>9052</position><in_Quantity.quantity>0.000000</in_Quantity.quantity><out_Quantity.quantity>424.376432</out_Quantity.quantity></Point><Point><position>9053</position><in_Quantity.quantity>0.000000</in_Quantity.quantity><out_Quantity.quantity>975.476317</out_Quantity.quantity></Point><Point><position>9054</position><in_Quantity.quantity>0.000000</in_Quantity.quantity><out_Quantity.quantity>529.630313</out_Quantity.quantity></Point><Point><position>9055</position><in_Quantity.quantity>0.000000</in_Quantity.quantity><out_Quantity.quantity>431.885670</out_Quantity.quantity></Point><Point><position>9056</position><in_Quantity.quantity>0.000000</in_Quantity.quantity><out_Quantity.quantity>860.953670</out_Quantity.quantity></Point><Point><position>9057</position><in_Quantity.quantity>0.000000</in_Quantity.quantity><out_Quantity.quantity>42.386725</out_Quantity.quantity></Point><Point><position>9058</position><in_Quantity.quantity>0.000000</in_Quantity.quantity><out_Quantity.quantity>820.359147</out_Quantity.quantity></Point><Point><position>9059</position><in_Quantity.quantity>0.000000</in_Quantity.quantity><out_Quantity.quantity>112.310817</out_Quantity.quantity></Point><Point><position>9060</position><in_Quantity.quantity>0.000000</in_Quantity.quantity><out_Quantity.quantity>335.686787</out_Quantity.quantity></Point><Point><position>9061</position><in_Quantity.quantity>0.000000</in_Quantity.quantity><out_Quantity.quantity>281.384105</out_Quantity.quantity></Point><Point><position>9062</position><in_Quantity.quantity>0.000000</in_Quantity.quantity><out_Quantity.quantity>151.622207</out_Quantity.quantity></Point><Point><position>9063</position><in_Quantity.quantity>0.000000</in_Quantity.quantity><out_Quantity.quantity>359.856435</out_Quantity.quantity></Point><Point><position>9064</position><in_Quantity.quantity>0.000000</in_Quantity.quantity><out_Quantity.quantity>709.971862</out_Quantity.quantity></Point><Point><position>9065</position><in_Quantity.quantity>0.000000</in_Quantity.quantity><out_Quantity.quantity>606.825559</out_Quantity.quantity></Point><Point><position>9066</position><in_Quantity.quantity>0.000000</in_Quantity.quantity><out_Quantity.quantity>791.279224</out_Quantity.quantity></Point><Point><position>9067</position><in_Quantity.quantity>0.000000</in_Quantity.quantity><out_Quantity.quantity>199.122666</out_Quantity.quantity></Point><Point><position>9068</position><in_Quantity.quantity>0.000000</in_Quantity.quantity><out_Quantity.quantity>812.725046</out_Quantity.quantity></Point><Point><position>9069</position><in_Quantity.quantity>0.000000</in_Quantity.quantity><out_Quantity.quantity>111.464567</out_Quantity.quantity></Point><Point><position>9070</position><in_Quantity.quantity>0.000000</in_Quantity.quantity><out_Quantity.quantity>233.969206</out_Quantity.quantity></Point><Point><position>9071</position><in_Quantity.quantity>0.000000</in_Quantity.quantity><out_Quantity.quantity>978.440546</out_Quantity.quantity></Point><Point><position>9072</position><in_Quantity.quantity>0.000000</in_Quantity.quantity><out_Quantity.quantity>906.272371</out_Quantity.quantity></Point><Point><position>9073</position><in_Quantity.quantity>0.000000</in_Quantity.quantity><out_Quantity.quantity>297.522024</out_Quantity.quantity></Point><Point><position>9074</position><in_Quantity.quantity>0.000000</in_Quantity.quantity><out_Quantity.quantity>274.035613</out_Quantity.quantity></Point><Point><position>9075</position><in_Quantity.quantity>0.000000</in_Quantity.quantity><out_Quantity.quantity>477.201351</out_Quantity.quantity></Point><Point><position>9076</position><in_Quantity.quantity>0.000000</in_Quantity.quantity><out_Quantity.quantity>781.355286</out_Quantity.quantity></Point><Point><position>9077</position><in_Quantity.quantity>0.000000</in_Quantity.quantity><out_Quantity.quantity>490.877324</out_Quantity.quantity></Point><Point><position>9078</position><in_Quantity.quantity>0.000000</in_Quantity.quantity><out_Quantity.quantity>355.757385</out_Quantity.quantity></Point><Point><position>9079</position><in_Quantity.quantity>0.000000</in_Quantity.quantity><out_Quantity.quantity>300.140808</out_Quantity.quantity></Point><Point><position>9080</position><in_Quantity.quantity>0.000000</in_Quantity.quantity><out_Quantity.quantity>732.723585</out_Quantity.quantity></Point><Point><position>9081</position><in_Quantity.quantity>0.000000</in_Quantity.quantity><out_Quantity.quantity>642.878883</out_Quantity.quantity></Point><Point><position>9082</position><in_Quantity.quantity>0.000000</in_Quantity.quantity><out_Quantity.quantity>697.962371</out_Quantity.quantity></Point><Point><position>9083</position><in_Quantity.quantity>0.000000</in_Quantity.quantity><out_Quantity.quantity>357.754084</out_Quantity.quantity></Point><Point><position>9084</position><in_Quantity.quantity>0.000000</in_Quantity.quantity><out_Quantity.quantity>659.881020</out_Quantity.quantity></Point><Point><position>9085</position><in_Quantity.quantity>0.000000</in_Quantity.quantity><out_Quantity.quantity>427.302514</out_Quantity.quantity></Point><Point><position>9086</position><in_Quantity.quantity>0.000000</in_Quantity.quantity><out_Quantity.quantity>772.148189</out_Quantity.quantity></Point><Point><position>9087</position><in_Quantity.quantity>0.000000</in_Quantity.quantity><out_Quantity.quantity>709.344505</out_Quantity.quantity></Point><Point><position>9088</position><in_Quantity.quantity>0.000000</in_Quantity.quantity><out_Quantity.quantity>77.279538</out_Quantity.quantity></Point><Point><position>9089</position><in_Quantity.quantity>0.000000</in_Quantity.quantity><out_Quantity.quantity>841.949277</out_Quantity.quantity></Point><Point><position>9090</position><in_Quantity.quantity>0.000000</in_Quantity.quantity><out_Quantity.quantity>20.214096</out_Quantity.quantity></Point><Point><position>9091</position><in_Quantity.quantity>0.000000</in_Quantity.quantity><out_Quantity.quantity>198.258895</out_Quantity.quantity></Point><Point><position>9092</position><in_Quantity.quantity>0.000000</in_Quantity.quantity><out_Quantity.quantity>833.173322</out_Quantity.quantity></Point><Point><position>9093</position><in_Quantity.quantity>0.000000</in_Quantity.quantity><out_Quantity.quantity>294.702451</out_Quantity.quantity></Point><Point><position>9094</position><in_Quantity.quantity>0.000000</in_Quantity.quantity><out_Quantity.quantity>694.002400</out_Quantity.quantity></Point><Point><position>9095</position><in_Quantity.quantity>0.000000</in_Quantity.quantity><out_Quantity.quantity>238.345758</out_Quantity.quantity></Point><Point><position>9096</position><in_Quantity.quantity>0.000000</in_Quantity.quantity><out_Quantity.quantity>899.104725</out_Quantity.quantity></Point><Point><position>9097</position><in_Quantity.quantity>0.000000</in_Quantity.quantity><out_Quantity.quantity>884.500121</out_Quantity.quantity></Point><Point><position>9098</position><in_Quantity.quantity>0.000000</in_Quantity.quantity><out_Quantity.quantity>425.557282</out_Quantity.quantity></Point><Point><position>9099</position><in_Quantity.quantity>0.000000</in_Quantity.quantity><out_Quantity.quantity>787.969048</out_Quantity.quantity></Point><Point><position>9100</position><in_Quantity.quantity>0.000000</in_Quantity.quantity><out_Quantity.quantity>760.127687</out_Quantity.quantity></Point><Point><position>9101</position><in_Quantity.quantity>0.000000</in_Quantity.quantity><out_Quantity.quantity>73.683272</out_Quantity.quantity></Point><Point><position>9102</position><in_Quantity.quantity>0.000000</in_Quantity.quantity><out_Quantity.quantity>744.949568</out_Quantity.quantity></Point><Point><position>9103</position><in_Quantity.quantity>0.000000</in_Quantity.quantity><out_Quantity.quantity>779.392319</out_Quantity.quantity></Point><Point><position>9104</position><in_Quantity.quantity>0.000000</in_Quantity.quantity><out_Quantity.quantity>426.748670</out_Quantity.quantity></Point><Point><position>9105</position><in_Quantity.quantity>0.000000</in_Quantity.quantity><out_Quantity.quantity>596.491186</out_Quantity.quantity></Point><Point><position>9106</position><in_Quantity.quantity>0.000000</in_Quantity.quantity><out_Quantity.quantity>993.525035</out_Quantity.quantity></Point><Point><position>9107</position><in_Quantity.quantity>0.000000</in_Quantity.quantity><out_Quantity.quantity>981.765439</out_Quantity.quantity></Point><Point><position>9108</position><in_Quantity.quantity>0.000000</in_Quantity.quantity><out_Quantity.quantity>725.298512</out_Quantity.quantity></Point><Point><position>9109</position><in_Quantity.quantity>0.000000</in_Quantity.quantity><out_Quantity.quantity>407.525852</out_Quantity.quantity></Point><Point><position>9110</position><in_Quantity.quantity>0.000000</in_Quantity.quantity><out_Quantity.quantity>790.078433</out_Quantity.quantity></Point><Point><position>9111</position><in_Quantity.quantity>0.000000</in_Quantity.quantity><out_Quantity.quantity>482.086078</out_Quantity.quantity></Point><Point><position>9112</position><in_Quantity.quantity>0.000000</in_Quantity.quantity><out_Quantity.quantity>425.861355</out_Quantity.quantity></Point><Point><position>9113</position><in_Quantity.quantity>0.000000</in_Quantity.quantity><out_Quantity.quantity>593.966305</out_Quantity.quantity></Point><Point><position>9114</position><in_Quantity.quantity>0.000000</in_Quantity.quantity><out_Quantity.quantity>43.041356</out_Quantity.quantity></Point><Point><position>9115</position><in_Quantity.quantity>0.000000</in_Quantity.quantity><out_Quantity.quantity>715.593565</out_Quantity.quantity></Point><Point><position>9116</position><in_Quantity.quantity>0.000000</in_Quantity.quantity><out_Quantity.quantity>284.658373</out_Quantity.quantity></Point><Point><position>9117</position><in_Quantity.quantity>0.000000</in_Quantity.quantity><out_Quantity.quantity>736.980326</out_Quantity.quantity></Point><Point><position>9118</position><in_Quantity.quantity>0.000000</in_Quantity.quantity><out_Quantity.quantity>161.998591</out_Quantity.quantity></Point><Point><position>9119</position><in_Quantity.quantity>0.000000</in_Quantity.quantity><out_Quantity.quantity>613.260971</out_Quantity.quantity></Point><Point><position>9120</position><in_Quantity.quantity>0.000000</in_Quantity.quantity><out_Quantity.quantity>177.905386</out_Quantity.quantity></Point><Point><position>9121</position><in_Quantity.quantity>0.000000</in_Quantity.quantity><out_Quantity.quantity>699.833769</out_Quantity.quantity></Point><Point><position>9122</position><in_Quantity.quantity>0.000000</in_Quantity.quantity><out_Quantity.quantity>688.532546</out_Quantity.quantity></Point><Point><position>9123</position><in_Quantity.quantity>0.000000</in_Quantity.quantity><out_Quantity.quantity>659.915376</out_Quantity.quantity></Point><Point><position>9124</position><in_Quantity.quantity>0.000000</in_Quantity.quantity><out_Quantity.quantity>186.832954</out_Quantity.quantity></Point><Point><position>9125</position><in_Quantity.quantity>0.000000</in_Quantity.quantity><out_Quantity.quantity>226.568883</out_Quantity.quantity></Point><Point><position>9126</position><in_Quantity.quantity>0.000000</in_Quantity.quantity><out_Quantity.quantity>657.826629</out_Quantity.quantity></Point><Point><position>9127</position><in_Quantity.quantity>0.000000</in_Quantity.quantity><out_Quantity.quantity>105.167354</out_Quantity.quantity></Point><Point><position>9128</position><in_Quantity.quantity>0.000000</in_Quantity.quantity><out_Quantity.quantity>218.761261</out_Quantity.quantity></Point><Point><position>9129</position><in_Quantity.quantity>0.000000</in_Quantity.quantity><out_Quantity.quantity>680.310496</out_Quantity.quantity></Point><Point><position>9130</position><in_Quantity.quantity>0.000000</in_Quantity.quantity><out_Quantity.quantity>990.266192</out_Quantity.quantity></Point><Point><position>9131</position><in_Quantity.quantity>0.000000</in_Quantity.quantity><out_Quantity.quantity>315.376696</out_Quantity.quantity></Point><Point><position>9132</position><in_Quantity.quantity>0.000000</in_Quantity.quantity><out_Quantity.quantity>623.852787</out_Quantity.quantity></Point><Point><position>9133</position><in_Quantity.quantity>0.000000</in_Quantity.quantity><out_Quantity.quantity>614.224450</out_Quantity.quantity></Point><Point><position>9134</position><in_Quantity.quantity>0.000000</in_Quantity.quantity><out_Quantity.quantity>401.283657</out_Quantity.quantity></Point><Point><position>9135</position><in_Quantity.quantity>0.000000</in_Quantity.quantity><out_Quantity.quantity>480.352827</out_Quantity.quantity></Point><Point><position>9136</position><in_Quantity.quantity>0.000000</in_Quantity.quantity><out_Quantity.quantity>52.433676</out_Quantity.quantity></Point><Point><position>9137</position><in_Quantity.quantity>0.000000</in_Quantity.quantity><out_Quantity.quantity>633.182939</out_Quantity.quantity></Point><Point><position>9138</position><in_Quantity.quantity>0.000000</in_Quantity.quantity><out_Quantity.quantity>9.666914</out_Quantity.quantity></Point><Point><position>9139</position><in_Quantity.quantity>0.000000</in_Quantity.quantity><out_Quantity.quantity>236.254858</out_Quantity.quantity></Point><Point><position>9140</position><in_Quantity.quantity>0.000000</in_Quantity.quantity><out_Quantity.quantity>818.731909</out_Quantity.quantity></Point><Point><position>9141</position><in_Quantity.quantity>0.000000</in_Quantity.quantity><out_Quantity.quantity>783.949401</out_Quantity.quantity></Point><Point><position>9142</position><in_Quantity.quantity>0.000000</in_Quantity.quantity><out_Quantity.quantity>331.219147</out_Quantity.quantity></Point><Point><position>9143</position><in_Quantity.quantity>0.000000</in_Quantity.quantity><out_Quantity.quantity>282.081378</out_Quantity.quantity></Point><Point><position>9144</position><in_Quantity.quantity>0.000000</in_Quantity.quantity><out_Quantity.quantity>389.675772</out_Quantity.quantity></Point><Point><position>9145</position><in_Quantity.quantity>0.000000</in_Quantity.quantity><out_Quantity.quantity>333.788526</out_Quantity.quantity></Point><Point><position>9146</position><in_Quantity.quantity>0.000000</in_Quantity.quantity><out_Quantity.quantity>717.318291</out_Quantity.quantity></Point><Point><position>9147</position><in_Quantity.quantity>0.000000</in_Quantity.quantity><out_Quantity.quantity>883.624871</out_Quantity.quantity></Point><Point><position>9148</position><in_Quantity.quantity>0.000000</in_Quantity.quantity><out_Quantity.quantity>232.707135</out_Quantity.quantity></Point><Point><position>9149</position><in_Quantity.quantity>0.000000</in_Quantity.quantity><out_Quantity.quantity>984.578464</out_Quantity.quantity></Point><Point><position>9150</position><in_Quantity.quantity>0.000000</in_Quantity.quantity><out_Quantity.quantity>785.772292</out_Quantity.quantity></Point><Point><position>9151</position><in_Quantity.quantity>0.000000</in_Quantity.quantity><out_Quantity.quantity>18.162463</out_Quantity.quantity></Point><Point><position>9152</position><in_Quantity.quantity>0.000000</in_Quantity.quantity><out_Quantity.quantity>870.255616</out_Quantity.quantity></Point><Point><position>9153</position><in_Quantity.quantity>0.000000</in_Quantity.quantity><out_Quantity.quantity>677.922760</out_Quantity.quantity></Point><Point><position>9154</position><in_Quantity.quantity>0.000000</in_Quantity.quantity><out_Quantity.quantity>252.454141</out_Quantity.quantity></Point><Point><position>9155</position><in_Quantity.quantity>0.000000</in_Quantity.quantity><out_Quantity.quantity>501.465209</out_Quantity.quantity></Point><Point><position>9156</position><in_Quantity.quantity>0.000000</in_Quantity.quantity><out_Quantity.quantity>913.944951</out_Quantity.quantity></Point><Point><position>9157</position><in_Quantity.quantity>0.000000</in_Quantity.quantity><out_Quantity.quantity>507.999168</out_Quantity.quantity></Point><Point><position>9158</position><in_Quantity.quantity>0.000000</in_Quantity.quantity><out_Quantity.quantity>321.964582</out_Quantity.quantity></Point><Point><position>9159</position><in_Quantity.quantity>0.000000</in_Quantity.quantity><out_Quantity.quantity>538.066496</out_Quantity.quantity></Point><Point><position>9160</position><in_Quantity.quantity>0.000000</in_Quantity.quantity><out_Quantity.quantity>461.142234</out_Quantity.quantity></Point><Point><position>9161</position><in_Quantity.quantity>0.000000</in_Quantity.quantity><out_Quantity.quantity>358.437848</out_Quantity.quantity></Point><Point><position>9162</position><in_Quantity.quantity>0.000000</in_Quantity.quantity><out_Quantity.quantity>641.965250</out_Quantity.quantity></Point><Point><position>9163</position><in_Quantity.quantity>0.000000</in_Quantity.quantity><out_Quantity.quantity>621.808407</out_Quantity.quantity></Point><Point><position>9164</position><in_Quantity.quantity>0.000000</in_Quantity.quantity><out_Quantity.quantity>90.810395</out_Quantity.quantity></Point><Point><position>9165</position><in_Quantity.quantity>0.000000</in_Quantity.quantity><out_Quantity.quantity>857.248417</out_Quantity.quantity></Point><Point><position>9166</position><in_Quantity.quantity>0.000000</in_Quantity.quantity><out_Quantity.quantity>368.779208</out_Quantity.quantity></Point><Point><position>9167</position><in_Quantity.quantity>0.000000</in_Quantity.quantity><out_Quantity.quantity>441.853815</out_Quantity.quantity></Point><Point><position>9168</position><in_Quantity.quantity>0.000000</in_Quantity.quantity><out_Quantity.quantity>858.496203</out_Quantity.quantity></Point><Point><position>9169</position><in_Quantity.quantity>0.000000</in_Quantity.quantity><out_Quantity.quantity>581.571926</out_Quantity.quantity></Point><Point><position>9170</position><in_Quantity.quantity>0.000000</in_Quantity.quantity><out_Quantity.quantity>275.306840</out_Quantity.quantity></Point><Point><position>9171</position><in_Quantity.quantity>0.000000</in_Quantity.quantity><out_Quantity.quantity>654.086258</out_Quantity.quantity></Point><Point><position>9172</position><in_Quantity.quantity>0.000000</in_Quantity.quantity><out_Quantity.quantity>491.371985</out_Quantity.quantity></Point><Point><position>9173</position><in_Quantity.quantity>0.000000</in_Quantity.quantity><out_Quantity.quantity>698.600567</out_Quantity.quantity></Point><Point><position>9174</position><in_Quantity.quantity>0.000000</in_Quantity.quantity><out_Quantity.quantity>164.769355</out_Quantity.quantity></Point><Point><position>9175</position><in_Quantity.quantity>0.000000</in_Quantity.quantity><out_Quantity.quantity>89.818311</out_Quantity.quantity></Point><Point><position>9176</position><in_Quantity.quantity>0.000000</in_Quantity.quantity><out_Quantity.quantity>385.044230</out_Quantity.quantity></Point><Point><position>9177</position><in_Quantity.quantity>0.000000</in_Quantity.quantity><out_Quantity.quantity>400.545481</out_Quantity.quantity></Point><Point><position>9178</position><in_Quantity.quantity>0.000000</in_Quantity.quantity><out_Quantity.quantity>455.802963</out_Quantity.quantity></Point><Point><position>9179</position><in_Quantity.quantity>0.000000</in_Quantity.quantity><out_Quantity.quantity>633.391615</out_Quantity.quantity></Point><Point><position>9180</position><in_Quantity.quantity>0.000000</in_Quantity.quantity><out_Quantity.quantity>620.677630</out_Quantity.quantity></Point><Point><position>9181</position><in_Quantity.quantity>0.000000</in_Quantity.quantity><out_Quantity.quantity>636.223082</out_Quantity.quantity></Point><Point><position>9182</position><in_Quantity.quantity>0.000000</in_Quantity.quantity><out_Quantity.quantity>946.461667</out_Quantity.quantity></Point><Point><position>9183</position><in_Quantity.quantity>0.000000</in_Quantity.quantity><out_Quantity.quantity>175.355969</out_Quantity.quantity></Point><Point><position>9184</position><in_Quantity.quantity>0.000000</in_Quantity.quantity><out_Quantity.quantity>470.331365</out_Quantity.quantity></Point><Point><position>9185</position><in_Quantity.quantity>0.000000</in_Quantity.quantity><out_Quantity.quantity>753.720229</out_Quantity.quantity></Point><Point><position>9186</position><in_Quantity.quantity>0.000000</in_Quantity.quantity><out_Quantity.quantity>958.206242</out_Quantity.quantity></Point><Point><position>9187</position><in_Quantity.quantity>0.000000</in_Quantity.quantity><out_Quantity.quantity>76.917980</out_Quantity.quantity></Point><Point><position>9188</position><in_Quantity.quantity>0.000000</in_Quantity.quantity><out_Quantity.quantity>721.136988</out_Quantity.quantity></Point><Point><position>9189</position><in_Quantity.quantity>0.000000</in_Quantity.quantity><out_Quantity.quantity>656.622060</out_Quantity.quantity></Point><Point><position>9190</position><in_Quantity.quantity>0.000000</in_Quantity.quantity><out_Quantity.quantity>140.386555</out_Quantity.quantity></Point><Point><position>9191</position><in_Quantity.quantity>0.000000</in_Quantity.quantity><out_Quantity.quantity>848.306701</out_Quantity.quantity></Point><Point><position>9192</position><in_Quantity.quantity>0.000000</in_Quantity.quantity><out_Quantity.quantity>237.322687</out_Quantity.quantity></Point><Point><position>9193</position><in_Quantity.quantity>0.000000</in_Quantity.quantity><out_Quantity.quantity>858.428395</out_Quantity.quantity></Point><Point><position>9194</position><in_Quantity.quantity>0.000000</in_Quantity.quantity><out_Quantity.quantity>327.054234</out_Quantity.quantity></Point><Point><position>9195</position><in_Quantity.quantity>0.000000</in_Quantity.quantity><out_Quantity.quantity>750.682325</out_Quantity.quantity></Point><Point><position>9196</position><in_Quantity.quantity>0.000000</in_Quantity.quantity><out_Quantity.quantity>150.258239</out_Quantity.quantity></Point><Point><position>9197</position><in_Quantity.quantity>0.000000</in_Quantity.quantity><out_Quantity.quantity>102.135807</out_Quantity.quantity></Point><Point><position>9198</position><in_Quantity.quantity>0.000000</in_Quantity.quantity><out_Quantity.quantity>58.048992</out_Quantity.quantity></Point><Point><position>9199</position><in_Quantity.quantity>0.000000</in_Quantity.quantity><out_Quantity.quantity>762.651180</out_Quantity.quantity></Point><Point><position>9200</position><in_Quantity.quantity>0.000000</in_Quantity.quantity><out_Quantity.quantity>180.030833</out_Quantity.quantity></Point><Point><position>9201</position><in_Quantity.quantity>0.000000</in_Quantity.quantity><out_Quantity.quantity>449.372187</out_Quantity.quantity></Point><Point><position>9202</position><in_Quantity.quantity>0.000000</in_Quantity.quantity><out_Quantity.quantity>512.784723</out_Quantity.quantity></Point><Point><position>9203</position><in_Quantity.quantity>0.000000</in_Quantity.quantity><out_Quantity.quantity>945.120403</out_Quantity.quantity></Point><Point><position>9204</position><in_Quantity.quantity>0.000000</in_Quantity.quantity><out_Quantity.quantity>481.478448</out_Quantity.quantity></Point><Point><position>9205</position><in_Quantity.quantity>0.000000</in_Quantity.quantity><out_Quantity.quantity>976.340784</out_Quantity.quantity></Point><Point><position>9206</position><in_Quantity.quantity>0.000000</in_Quantity.quantity><out_Quantity.quantity>409.129584</out_Quantity.quantity></Point><Point><position>9207</position><in_Quantity.quantity>0.000000</in_Quantity.quantity><out_Quantity.quantity>127.979839</out_Quantity.quantity></Point><Point><position>9208</position><in_Quantity.quantity>0.000000</in_Quantity.quantity><out_Quantity.quantity>293.633196</out_Quantity.quantity></Point><Point><position>9209</position><in_Quantity.quantity>0.000000</in_Quantity.quantity><out_Quantity.quantity>931.214904</out_Quantity.quantity></Point><Point><position>9210</position><in_Quantity.quantity>0.000000</in_Quantity.quantity><out_Quantity.quantity>564.976813</out_Quantity.quantity></Point><Point><position>9211</position><in_Quantity.quantity>0.000000</in_Quantity.quantity><out_Quantity.quantity>655.403248</out_Quantity.quantity></Point><Point><position>9212</position><in_Quantity.quantity>0.000000</in_Quantity.quantity><out_Quantity.quantity>215.024918</out_Quantity.quantity></Point><Point><position>9213</position><in_Quantity.quantity>0.000000</in_Quantity.quantity><out_Quantity.quantity>726.426148</out_Quantity.quantity></Point><Point><position>9214</position><in_Quantity.quantity>0.000000</in_Quantity.quantity><out_Quantity.quantity>717.886664</out_Quantity.quantity></Point><Point><position>9215</position><in_Quantity.quantity>0.000000</in_Quantity.quantity><out_Quantity.quantity>263.323062</out_Quantity.quantity></Point><Point><position>9216</position><in_Quantity.quantity>0.000000</in_Quantity.quantity><out_Quantity.quantity>961.818883</out_Quantity.quantity></Point><Point><position>9217</position><in_Quantity.quantity>0.000000</in_Quantity.quantity><out_Quantity.quantity>463.999558</out_Quantity.quantity></Point><Point><position>9218</position><in_Quantity.quantity>0.000000</in_Quantity.quantity><out_Quantity.quantity>198.745224</out_Quantity.quantity></Point><Point><position>9219</position><in_Quantity.quantity>0.000000</in_Quantity.quantity><out_Quantity.quantity>650.890894</out_Quantity.quantity></Point><Point><position>9220</position><in_Quantity.quantity>0.000000</in_Quantity.quantity><out_Quantity.quantity>961.465131</out_Quantity.quantity></Point><Point><position>9221</position><in_Quantity.quantity>0.000000</in_Quantity.quantity><out_Quantity.quantity>754.498179</out_Quantity.quantity></Point><Point><position>9222</position><in_Quantity.quantity>0.000000</in_Quantity.quantity><out_Quantity.quantity>525.630838</out_Quantity.quantity></Point><Point><position>9223</position><in_Quantity.quantity>0.000000</in_Quantity.quantity><out_Quantity.quantity>426.804128</out_Quantity.quantity></Point><Point><position>9224</position><in_Quantity.quantity>0.000000</in_Quantity.quantity><out_Quantity.quantity>934.916919</out_Quantity.quantity></Point><Point><position>9225</position><in_Quantity.quantity>0.000000</in_Quantity.quantity><out_Quantity.quantity>914.359506</out_Quantity.quantity></Point><Point><position>9226</position><in_Quantity.quantity>0.000000</in_Quantity.quantity><out_Quantity.quantity>671.503366</out_Quantity.quantity></Point><Point><position>9227</position><in_Quantity.quantity>0.000000</in_Quantity.quantity><out_Quantity.quantity>191.915512</out_Quantity.quantity></Point><Point><position>9228</position><in_Quantity.quantity>0.000000</in_Quantity.quantity><out_Quantity.quantity>207.259928</out_Quantity.quantity></Point><Point><position>9229</position><in_Quantity.quantity>0.000000</in_Quantity.quantity><out_Quantity.quantity>149.181340</out_Quantity.quantity></Point><Point><position>9230</position><in_Quantity.quantity>0.000000</in_Quantity.quantity><out_Quantity.quantity>213.634499</out_Quantity.quantity></Point><Point><position>9231</position><in_Quantity.quantity>0.000000</in_Quantity.quantity><out_Quantity.quantity>456.940671</out_Quantity.quantity></Point><Point><position>9232</position><in_Quantity.quantity>0.000000</in_Quantity.quantity><out_Quantity.quantity>909.054084</out_Quantity.quantity></Point><Point><position>9233</position><in_Quantity.quantity>0.000000</in_Quantity.quantity><out_Quantity.quantity>609.712200</out_Quantity.quantity></Point><Point><position>9234</position><in_Quantity.quantity>0.000000</in_Quantity.quantity><out_Quantity.quantity>818.628785</out_Quantity.quantity></Point><Point><position>9235</position><in_Quantity.quantity>0.000000</in_Quantity.quantity><out_Quantity.quantity>220.779709</out_Quantity.quantity></Point><Point><position>9236</position><in_Quantity.quantity>0.000000</in_Quantity.quantity><out_Quantity.quantity>399.683429</out_Quantity.quantity></Point><Point><position>9237</position><in_Quantity.quantity>0.000000</in_Quantity.quantity><out_Quantity.quantity>651.481509</out_Quantity.quantity></Point><Point><position>9238</position><in_Quantity.quantity>0.000000</in_Quantity.quantity><out_Quantity.quantity>74.593896</out_Quantity.quantity></Point><Point><position>9239</position><in_Quantity.quantity>0.000000</in_Quantity.quantity><out_Quantity.quantity>853.363665</out_Quantity.quantity></Point><Point><position>9240</position><in_Quantity.quantity>0.000000</in_Quantity.quantity><out_Quantity.quantity>871.322178</out_Quantity.quantity></Point><Point><position>9241</position><in_Quantity.quantity>0.000000</in_Quantity.quantity><out_Quantity.quantity>457.730998</out_Quantity.quantity></Point><Point><position>9242</position><in_Quantity.quantity>0.000000</in_Quantity.quantity><out_Quantity.quantity>785.720150</out_Quantity.quantity></Point><Point><position>9243</position><in_Quantity.quantity>0.000000</in_Quantity.quantity><out_Quantity.quantity>603.505599</out_Quantity.quantity></Point><Point><position>9244</position><in_Quantity.quantity>0.000000</in_Quantity.quantity><out_Quantity.quantity>948.277465</out_Quantity.quantity></Point><Point><position>9245</position><in_Quantity.quantity>0.000000</in_Quantity.quantity><out_Quantity.quantity>411.826249</out_Quantity.quantity></Point><Point><position>9246</position><in_Quantity.quantity>0.000000</in_Quantity.quantity><out_Quantity.quantity>20.254004</out_Quantity.quantity></Point><Point><position>9247</position><in_Quantity.quantity>0.000000</in_Quantity.quantity><out_Quantity.quantity>236.779698</out_Quantity.quantity></Point><Point><position>9248</position><in_Quantity.quantity>0.000000</in_Quantity.quantity><out_Quantity.quantity>677.942053</out_Quantity.quantity></Point><Point><position>9249</position><in_Quantity.quantity>0.000000</in_Quantity.quantity><out_Quantity.quantity>747.163089</out_Quantity.quantity></Point><Point><position>9250</position><in_Quantity.quantity>0.000000</in_Quantity.quantity><out_Quantity.quantity>287.968043</out_Quantity.quantity></Point><Point><position>9251</position><in_Quantity.quantity>0.000000</in_Quantity.quantity><out_Quantity.quantity>836.632375</out_Quantity.quantity></Point><Point><position>9252</position><in_Quantity.quantity>0.000000</in_Quantity.quantity><out_Quantity.quantity>919.649745</out_Quantity.quantity></Point><Point><position>9253</position><in_Quantity.quantity>0.000000</in_Quantity.quantity><out_Quantity.quantity>29.310070</out_Quantity.quantity></Point><Point><position>9254</position><in_Quantity.quantity>0.000000</in_Quantity.quantity><out_Quantity.quantity>841.751131</out_Quantity.quantity></Point><Point><position>9255</position><in_Quantity.quantity>0.000000</in_Quantity.quantity><out_Quantity.quantity>457.185364</out_Quantity.quantity></Point><Point><position>9256</position><in_Quantity.quantity>0.000000</in_Quantity.quantity><out_Quantity.quantity>702.986171</out_Quantity.quantity></Point><Point><position>9257</position><in_Quantity.quantity>0.000000</in_Quantity.quantity><out_Quantity.quantity>692.063021</out_Quantity.quantity></Point><Point><position>9258</position><in_Quantity.quantity>0.000000</in_Quantity.quantity><out_Quantity.quantity>877.291016</out_Quantity.quantity></Point><Point><position>9259</position><in_Quantity.quantity>0.000000</in_Quantity.quantity><out_Quantity.quantity>12.856256</out_Quantity.quantity></Point><Point><position>9260</position><in_Quantity.quantity>0.000000</in_Quantity.quantity><out_Quantity.quantity>440.475022</out_Quantity.quantity></Point><Point><position>9261</position><in_Quantity.quantity>0.000000</in_Quantity.quantity><out_Quantity.quantity>50.776055</out_Quantity.quantity></Point><Point><position>9262</position><in_Quantity.quantity>0.000000</in_Quantity.quantity><out_Quantity.quantity>52.891263</out_Quantity.quantity></Point><Point><position>9263</position><in_Quantity.quantity>0.000000</in_Quantity.quantity><out_Quantity.quantity>979.119292</out_Quantity.quantity></Point><Point><position>9264</position><in_Quantity.quantity>0.000000</in_Quantity.quantity><out_Quantity.quantity>902.484667</out_Quantity.quantity></Point><Point><position>9265</position><in_Quantity.quantity>0.000000</in_Quantity.quantity><out_Quantity.quantity>342.247697</out_Quantity.quantity></Point><Point><position>9266</position><in_Quantity.quantity>0.000000</in_Quantity.quantity><out_Quantity.quantity>756.593773</out_Quantity.quantity></Point><Point><position>9267</position><in_Quantity.quantity>0.000000</in_Quantity.quantity><out_Quantity.quantity>309.265020</out_Quantity.quantity></Point><Point><position>9268</position><in_Quantity.quantity>0.000000</in_Quantity.quantity><out_Quantity.quantity>629.202201</out_Quantity.quantity></Point><Point><position>9269</position><in_Quantity.quantity>0.000000</in_Quantity.quantity><out_Quantity.quantity>908.769581</out_Quantity.quantity></Point><Point><position>9270</position><in_Quantity.quantity>0.000000</in_Quantity.quantity><out_Quantity.quantity>138.003307</out_Quantity.quantity></Point><Point><position>9271</position><in_Quantity.quantity>0.000000</in_Quantity.quantity><out_Quantity.quantity>922.061246</out_Quantity.quantity></Point><Point><position>9272</position><in_Quantity.quantity>0.000000</in_Quantity.quantity><out_Quantity.quantity>461.056459</out_Quantity.quantity></Point><Point><position>9273</position><in_Quantity.quantity>0.000000</in_Quantity.quantity><out_Quantity.quantity>83.330335</out_Quantity.quantity></Point><Point><position>9274</position><in_Quantity.quantity>0.000000</in_Quantity.quantity><out_Quantity.quantity>675.023554</out_Quantity.quantity></Point><Point><position>9275</position><in_Quantity.quantity>0.000000</in_Quantity.quantity><out_Quantity.quantity>311.755618</out_Quantity.quantity></Point><Point><position>9276</position><in_Quantity.quantity>0.000000</in_Quantity.quantity><out_Quantity.quantity>9.027683</out_Quantity.quantity></Point><Point><position>9277</position><in_Quantity.quantity>0.000000</in_Quantity.quantity><out_Quantity.quantity>556.160992</out_Quantity.quantity></Point><Point><position>9278</position><in_Quantity.quantity>0.000000</in_Quantity.quantity><out_Quantity.quantity>842.365922</out_Quantity.quantity></Point><Point><position>9279</position><in_Quantity.quantity>0.000000</in_Quantity.quantity><out_Quantity.quantity>114.476949</out_Quantity.quantity></Point><Point><position>9280</position><in_Quantity.quantity>0.000000</in_Quantity.quantity><out_Quantity.quantity>626.509807</out_Quantity.quantity></Point><Point><position>9281</position><in_Quantity.quantity>0.000000</in_Quantity.quantity><out_Quantity.quantity>654.179323</out_Quantity.quantity></Point><Point><position>9282</position><in_Quantity.quantity>0.000000</in_Quantity.quantity><out_Quantity.quantity>961.451852</out_Quantity.quantity></Point><Point><position>9283</position><in_Quantity.quantity>0.000000</in_Quantity.quantity><out_Quantity.quantity>374.019019</out_Quantity.quantity></Point><Point><position>9284</position><in_Quantity.quantity>0.000000</in_Quantity.quantity><out_Quantity.quantity>39.450122</out_Quantity.quantity></Point><Point><position>9285</position><in_Quantity.quantity>0.000000</in_Quantity.quantity><out_Quantity.quantity>491.370476</out_Quantity.quantity></Point><Point><position>9286</position><in_Quantity.quantity>0.000000</in_Quantity.quantity><out_Quantity.quantity>931.020268</out_Quantity.quantity></Point><Point><position>9287</position><in_Quantity.quantity>0.000000</in_Quantity.quantity><out_Quantity.quantity>762.590242</out_Quantity.quantity></Point><Point><position>9288</position><in_Quantity.quantity>0.000000</in_Quantity.quantity><out_Quantity.quantity>776.935013</out_Quantity.quantity></Point><Point><position>9289</position><in_Quantity.quantity>0.000000</in_Quantity.quantity><out_Quantity.quantity>912.368914</out_Quantity.quantity></Point><Point><position>9290</position><in_Quantity.quantity>0.000000</in_Quantity.quantity><out_Quantity.quantity>985.014985</out_Quantity.quantity></Point><Point><position>9291</position><in_Quantity.quantity>0.000000</in_Quantity.quantity><out_Quantity.quantity>990.468393</out_Quantity.quantity></Point><Point><position>9292</position><in_Quantity.quantity>0.000000</in_Quantity.quantity><out_Quantity.quantity>562.019740</out_Quantity.quantity></Point><Point><position>9293</position><in_Quantity.quantity>0.000000</in_Quantity.quantity><out_Quantity.quantity>410.297019</out_Quantity.quantity></Point><Point><position>9294</position><in_Quantity.quantity>0.000000</in_Quantity.quantity><out_Quantity.quantity>440.929328</out_Quantity.quantity></Point><Point><position>9295</position><in_Quantity.quantity>0.000000</in_Quantity.quantity><out_Quantity.quantity>379.947539</out_Quantity.quantity></Point><Point><position>9296</position><in_Quantity.quantity>0.000000</in_Quantity.quantity><out_Quantity.quantity>1.427837</out_Quantity.quantity></Point><Point><position>9297</position><in_Quantity.quantity>0.000000</in_Quantity.quantity><out_Quantity.quantity>988.565419</out_Quantity.quantity></Point><Point><position>9298</position><in_Quantity.quantity>0.000000</in_Quantity.quantity><out_Quantity.quantity>980.884268</out_Quantity.quantity></Point><Point><position>9299</position><in_Quantity.quantity>0.000000</in_Quantity.quantity><out_Quantity.quantity>106.309120</out_Quantity.quantity></Point><Point><position>9300</position><in_Quantity.quantity>0.000000</in_Quantity.quantity><out_Quantity.quantity>796.041722</out_Quantity.quantity></Point><Point><position>9301</position><in_Quantity.quantity>0.000000</in_Quantity.quantity><out_Quantity.quantity>262.710157</out_Quantity.quantity></Point><Point><position>9302</position><in_Quantity.quantity>0.000000</in_Quantity.quantity><out_Quantity.quantity>654.260228</out_Quantity.quantity></Point><Point><position>9303</position><in_Quantity.quantity>0.000000</in_Quantity.quantity><out_Quantity.quantity>247.587579</out_Quantity.quantity></Point><Point><position>9304</position><in_Quantity.quantity>0.000000</in_Quantity.quantity><out_Quantity.quantity>436.983212</out_Quantity.quantity></Point><Point><position>9305</position><in_Quantity.quantity>0.000000</in_Quantity.quantity><out_Quantity.quantity>538.635632</out_Quantity.quantity></Point><Point><position>9306</position><in_Quantity.quantity>0.000000</in_Quantity.quantity><out_Quantity.quantity>730.022313</out_Quantity.quantity></Point><Point><position>9307</position><in_Quantity.quantity>0.000000</in_Quantity.quantity><out_Quantity.quantity>846.203572</out_Quantity.quantity></Point><Point><position>9308</position><in_Quantity.quantity>0.000000</in_Quantity.quantity><out_Quantity.quantity>318.345912</out_Quantity.quantity></Point><Point><position>9309</position><in_Quantity.quantity>0.000000</in_Quantity.quantity><out_Quantity.quantity>784.886044</out_Quantity.quantity></Point><Point><position>9310</position><in_Quantity.quantity>0.000000</in_Quantity.quantity><out_Quantity.quantity>205.259012</out_Quantity.quantity></Point><Point><position>9311</position><in_Quantity.quantity>0.000000</in_Quantity.quantity><out_Quantity.quantity>766.443345</out_Quantity.quantity></Point><Point><position>9312</position><in_Quantity.quantity>0.000000</in_Quantity.quantity><out_Quantity.quantity>845.877474</out_Quantity.quantity></Point><Point><position>9313</position><in_Quantity.quantity>0.000000</in_Quantity.quantity><out_Quantity.quantity>721.230183</out_Quantity.quantity></Point><Point><position>9314</position><in_Quantity.quantity>0.000000</in_Quantity.quantity><out_Quantity.quantity>201.099686</out_Quantity.quantity></Point><Point><position>9315</position><in_Quantity.quantity>0.000000</in_Quantity.quantity><out_Quantity.quantity>68.441443</out_Quantity.quantity></Point><Point><position>9316</position><in_Quantity.quantity>0.000000</in_Quantity.quantity><out_Quantity.quantity>15.390563</out_Quantity.quantity></Point><Point><position>9317</position><in_Quantity.quantity>0.000000</in_Quantity.quantity><out_Quantity.quantity>354.433538</out_Quantity.quantity></Point><Point><position>9318</position><in_Quantity.quantity>0.000000</in_Quantity.quantity><out_Quantity.quantity>712.395710</out_Quantity.quantity></Point><Point><position>9319</position><in_Quantity.quantity>0.000000</in_Quantity.quantity><out_Quantity.quantity>779.877792</out_Quantity.quantity></Point><Point><position>9320</position><in_Quantity.quantity>0.000000</in_Quantity.quantity><out_Quantity.quantity>966.205241</out_Quantity.quantity></Point><Point><position>9321</position><in_Quantity.quantity>0.000000</in_Quantity.quantity><out_Quantity.quantity>608.558852</out_Quantity.quantity></Point><Point><position>9322</position><in_Quantity.quantity>0.000000</in_Quantity.quantity><out_Quantity.quantity>576.003756</out_Quantity.quantity></Point><Point><position>9323</position><in_Quantity.quantity>0.000000</in_Quantity.quantity><out_Quantity.quantity>688.725508</out_Quantity.quantity></Point><Point><position>9324</position><in_Quantity.quantity>0.000000</in_Quantity.quantity><out_Quantity.quantity>15.797983</out_Quantity.quantity></Point><Point><position>9325</position><in_Quantity.quantity>0.000000</in_Quantity.quantity><out_Quantity.quantity>686.309480</out_Quantity.quantity></Point><Point><position>9326</position><in_Quantity.quantity>0.000000</in_Quantity.quantity><out_Quantity.quantity>701.620759</out_Quantity.quantity></Point><Point><position>9327</position><in_Quantity.quantity>0.000000</in_Quantity.quantity><out_Quantity.quantity>334.003090</out_Quantity.quantity></Point><Point><position>9328</position><in_Quantity.quantity>0.000000</in_Quantity.quantity><out_Quantity.quantity>210.645099</out_Quantity.quantity></Point><Point><position>9329</position><in_Quantity.quantity>0.000000</in_Quantity.quantity><out_Quantity.quantity>472.182952</out_Quantity.quantity></Point><Point><position>9330</position><in_Quantity.quantity>0.000000</in_Quantity.quantity><out_Quantity.quantity>265.505894</out_Quantity.quantity></Point><Point><position>9331</position><in_Quantity.quantity>0.000000</in_Quantity.quantity><out_Quantity.quantity>415.042764</out_Quantity.quantity></Point><Point><position>9332</position><in_Quantity.quantity>0.000000</in_Quantity.quantity><out_Quantity.quantity>342.651226</out_Quantity.quantity></Point><Point><position>9333</position><in_Quantity.quantity>0.000000</in_Quantity.quantity><out_Quantity.quantity>464.652965</out_Quantity.quantity></Point><Point><position>9334</position><in_Quantity.quantity>0.000000</in_Quantity.quantity><out_Quantity.quantity>888.748874</out_Quantity.quantity></Point><Point><position>9335</position><in_Quantity.quantity>0.000000</in_Quantity.quantity><out_Quantity.quantity>561.938399</out_Quantity.quantity></Point><Point><position>9336</position><in_Quantity.quantity>0.000000</in_Quantity.quantity><out_Quantity.quantity>449.618872</out_Quantity.quantity></Point><Point><position>9337</position><in_Quantity.quantity>0.000000</in_Quantity.quantity><out_Quantity.quantity>342.183534</out_Quantity.quantity></Point><Point><position>9338</position><in_Quantity.quantity>0.000000</in_Quantity.quantity><out_Quantity.quantity>73.181444</out_Quantity.quantity></Point><Point><position>9339</position><in_Quantity.quantity>0.000000</in_Quantity.quantity><out_Quantity.quantity>817.991095</out_Quantity.quantity></Point><Point><position>9340</position><in_Quantity.quantity>0.000000</in_Quantity.quantity><out_Quantity.quantity>251.383270</out_Quantity.quantity></Point><Point><position>9341</position><in_Quantity.quantity>0.000000</in_Quantity.quantity><out_Quantity.quantity>978.795853</out_Quantity.quantity></Point><Point><position>9342</position><in_Quantity.quantity>0.000000</in_Quantity.quantity><out_Quantity.quantity>162.824461</out_Quantity.quantity></Point><Point><position>9343</position><in_Quantity.quantity>0.000000</in_Quantity.quantity><out_Quantity.quantity>158.550638</out_Quantity.quantity></Point><Point><position>9344</position><in_Quantity.quantity>0.000000</in_Quantity.quantity><out_Quantity.quantity>210.123361</out_Quantity.quantity></Point><Point><position>9345</position><in_Quantity.quantity>0.000000</in_Quantity.quantity><out_Quantity.quantity>444.258635</out_Quantity.quantity></Point><Point><position>9346</position><in_Quantity.quantity>0.000000</in_Quantity.quantity><out_Quantity.quantity>610.491825</out_Quantity.quantity></Point><Point><position>9347</position><in_Quantity.quantity>0.000000</in_Quantity.quantity><out_Quantity.quantity>848.502830</out_Quantity.quantity></Point><Point><position>9348</position><in_Quantity.quantity>0.000000</in_Quantity.quantity><out_Quantity.quantity>911.827633</out_Quantity.quantity></Point><Point><position>9349</position><in_Quantity.quantity>0.000000</in_Quantity.quantity><out_Quantity.quantity>550.910874</out_Quantity.quantity></Point><Point><position>9350</position><in_Quantity.quantity>0.000000</in_Quantity.quantity><out_Quantity.quantity>179.393492</out_Quantity.quantity></Point><Point><position>9351</position><in_Quantity.quantity>0.000000</in_Quantity.quantity><out_Quantity.quantity>822.589433</out_Quantity.quantity></Point><Point><position>9352</position><in_Quantity.quantity>0.000000</in_Quantity.quantity><out_Quantity.quantity>78.170577</out_Quantity.quantity></Point><Point><position>9353</position><in_Quantity.quantity>0.000000</in_Quantity.quantity><out_Quantity.quantity>583.388775</out_Quantity.quantity></Point><Point><position>9354</position><in_Quantity.quantity>0.000000</in_Quantity.quantity><out_Quantity.quantity>260.850392</out_Quantity.quantity></Point><Point><position>9355</position><in_Quantity.quantity>0.000000</in_Quantity.quantity><out_Quantity.quantity>145.720313</out_Quantity.quantity></Point><Point><position>9356</position><in_Quantity.quantity>0.000000</in_Quantity.quantity><out_Quantity.quantity>75.316618</out_Quantity.quantity></Point><Point><position>9357</position><in_Quantity.quantity>0.000000</in_Quantity.quantity><out_Quantity.quantity>706.028132</out_Quantity.quantity></Point><Point><position>9358</position><in_Quantity.quantity>0.000000</in_Quantity.quantity><out_Quantity.quantity>590.489941</out_Quantity.quantity></Point><Point><position>9359</position><in_Quantity.quantity>0.000000</in_Quantity.quantity><out_Quantity.quantity>647.944620</out_Quantity.quantity></Point><Point><position>9360</position><in_Quantity.quantity>0.000000</in_Quantity.quantity><out_Quantity.quantity>672.472600</out_Quantity.quantity></Point><Point><position>9361</position><in_Quantity.quantity>0.000000</in_Quantity.quantity><out_Quantity.quantity>203.081909</out_Quantity.quantity></Point><Point><position>9362</position><in_Quantity.quantity>0.000000</in_Quantity.quantity><out_Quantity.quantity>552.953312</out_Quantity.quantity></Point><Point><position>9363</position><in_Quantity.quantity>0.000000</in_Quantity.quantity><out_Quantity.quantity>424.530349</out_Quantity.quantity></Point><Point><position>9364</position><in_Quantity.quantity>0.000000</in_Quantity.quantity><out_Quantity.quantity>245.327235</out_Quantity.quantity></Point><Point><position>9365</position><in_Quantity.quantity>0.000000</in_Quantity.quantity><out_Quantity.quantity>407.196433</out_Quantity.quantity></Point><Point><position>9366</position><in_Quantity.quantity>0.000000</in_Quantity.quantity><out_Quantity.quantity>428.404803</out_Quantity.quantity></Point><Point><position>9367</position><in_Quantity.quantity>0.000000</in_Quantity.quantity><out_Quantity.quantity>111.528194</out_Quantity.quantity></Point><Point><position>9368</position><in_Quantity.quantity>0.000000</in_Quantity.quantity><out_Quantity.quantity>628.947650</out_Quantity.quantity></Point><Point><position>9369</position><in_Quantity.quantity>0.000000</in_Quantity.quantity><out_Quantity.quantity>180.522489</out_Quantity.quantity></Point><Point><position>9370</position><in_Quantity.quantity>0.000000</in_Quantity.quantity><out_Quantity.quantity>668.908718</out_Quantity.quantity></Point><Point><position>9371</position><in_Quantity.quantity>0.000000</in_Quantity.quantity><out_Quantity.quantity>749.758863</out_Quantity.quantity></Point><Point><position>9372</position><in_Quantity.quantity>0.000000</in_Quantity.quantity><out_Quantity.quantity>787.304550</out_Quantity.quantity></Point><Point><position>9373</position><in_Quantity.quantity>0.000000</in_Quantity.quantity><out_Quantity.quantity>376.496205</out_Quantity.quantity></Point><Point><position>9374</position><in_Quantity.quantity>0.000000</in_Quantity.quantity><out_Quantity.quantity>399.559172</out_Quantity.quantity></Point><Point><position>9375</position><in_Quantity.quantity>0.000000</in_Quantity.quantity><out_Quantity.quantity>849.936008</out_Quantity.quantity></Point><Point><position>9376</position><in_Quantity.quantity>0.000000</in_Quantity.quantity><out_Quantity.quantity>586.813804</out_Quantity.quantity></Point><Point><position>9377</position><in_Quantity.quantity>0.000000</in_Quantity.quantity><out_Quantity.quantity>121.931735</out_Quantity.quantity></Point><Point><position>9378</position><in_Quantity.quantity>0.000000</in_Quantity.quantity><out_Quantity.quantity>704.153585</out_Quantity.quantity></Point><Point><position>9379</position><in_Quantity.quantity>0.000000</in_Quantity.quantity><out_Quantity.quantity>264.189835</out_Quantity.quantity></Point><Point><position>9380</position><in_Quantity.quantity>0.000000</in_Quantity.quantity><out_Quantity.quantity>735.213385</out_Quantity.quantity></Point><Point><position>9381</position><in_Quantity.quantity>0.000000</in_Quantity.quantity><out_Quantity.quantity>35.731929</out_Quantity.quantity></Point><Point><position>9382</position><in_Quantity.quantity>0.000000</in_Quantity.quantity><out_Quantity.quantity>860.948086</out_Quantity.quantity></Point><Point><position>9383</position><in_Quantity.quantity>0.000000</in_Quantity.quantity><out_Quantity.quantity>927.988821</out_Quantity.quantity></Point><Point><position>9384</position><in_Quantity.quantity>0.000000</in_Quantity.quantity><out_Quantity.quantity>900.242475</out_Quantity.quantity></Point><Point><position>9385</position><in_Quantity.quantity>0.000000</in_Quantity.quantity><out_Quantity.quantity>667.642492</out_Quantity.quantity></Point><Point><position>9386</position><in_Quantity.quantity>0.000000</in_Quantity.quantity><out_Quantity.quantity>957.237724</out_Quantity.quantity></Point><Point><position>9387</position><in_Quantity.quantity>0.000000</in_Quantity.quantity><out_Quantity.quantity>907.159049</out_Quantity.quantity></Point><Point><position>9388</position><in_Quantity.quantity>0.000000</in_Quantity.quantity><out_Quantity.quantity>209.371979</out_Quantity.quantity></Point><Point><position>9389</position><in_Quantity.quantity>0.000000</in_Quantity.quantity><out_Quantity.quantity>597.116031</out_Quantity.quantity></Point><Point><position>9390</position><in_Quantity.quantity>0.000000</in_Quantity.quantity><out_Quantity.quantity>805.815042</out_Quantity.quantity></Point><Point><position>9391</position><in_Quantity.quantity>0.000000</in_Quantity.quantity><out_Quantity.quantity>554.167134</out_Quantity.quantity></Point><Point><position>9392</position><in_Quantity.quantity>0.000000</in_Quantity.quantity><out_Quantity.quantity>899.910575</out_Quantity.quantity></Point><Point><position>9393</position><in_Quantity.quantity>0.000000</in_Quantity.quantity><out_Quantity.quantity>464.679153</out_Quantity.quantity></Point><Point><position>9394</position><in_Quantity.quantity>0.000000</in_Quantity.quantity><out_Quantity.quantity>756.084556</out_Quantity.quantity></Point><Point><position>9395</position><in_Quantity.quantity>0.000000</in_Quantity.quantity><out_Quantity.quantity>412.388835</out_Quantity.quantity></Point><Point><position>9396</position><in_Quantity.quantity>0.000000</in_Quantity.quantity><out_Quantity.quantity>379.295083</out_Quantity.quantity></Point><Point><position>9397</position><in_Quantity.quantity>0.000000</in_Quantity.quantity><out_Quantity.quantity>719.660108</out_Quantity.quantity></Point><Point><position>9398</position><in_Quantity.quantity>0.000000</in_Quantity.quantity><out_Quantity.quantity>933.676844</out_Quantity.quantity></Point><Point><position>9399</position><in_Quantity.quantity>0.000000</in_Quantity.quantity><out_Quantity.quantity>18.396943</out_Quantity.quantity></Point><Point><position>9400</position><in_Quantity.quantity>0.000000</in_Quantity.quantity><out_Quantity.quantity>349.108995</out_Quantity.quantity></Point><Point><position>9401</position><in_Quantity.quantity>0.000000</in_Quantity.quantity><out_Quantity.quantity>694.339066</out_Quantity.quantity></Point><Point><position>9402</position><in_Quantity.quantity>0.000000</in_Quantity.quantity><out_Quantity.quantity>464.014942</out_Quantity.quantity></Point><Point><position>9403</position><in_Quantity.quantity>0.000000</in_Quantity.quantity><out_Quantity.quantity>895.954163</out_Quantity.quantity></Point><Point><position>9404</position><in_Quantity.quantity>0.000000</in_Quantity.quantity><out_Quantity.quantity>98.943840</out_Quantity.quantity></Point><Point><position>9405</position><in_Quantity.quantity>0.000000</in_Quantity.quantity><out_Quantity.quantity>267.201629</out_Quantity.quantity></Point><Point><position>9406</position><in_Quantity.quantity>0.000000</in_Quantity.quantity><out_Quantity.quantity>962.450609</out_Quantity.quantity></Point><Point><position>9407</position><in_Quantity.quantity>0.000000</in_Quantity.quantity><out_Quantity.quantity>71.018102</out_Quantity.quantity></Point><Point><position>9408</position><in_Quantity.quantity>0.000000</in_Quantity.quantity><out_Quantity.quantity>950.761019</out_Quantity.quantity></Point><Point><position>9409</position><in_Quantity.quantity>0.000000</in_Quantity.quantity><out_Quantity.quantity>424.406182</out_Quantity.quantity></Point><Point><position>9410</position><in_Quantity.quantity>0.000000</in_Quantity.quantity><out_Quantity.quantity>938.864378</out_Quantity.quantity></Point><Point><position>9411</position><in_Quantity.quantity>0.000000</in_Quantity.quantity><out_Quantity.quantity>699.127600</out_Quantity.quantity></Point><Point><position>9412</position><in_Quantity.quantity>0.000000</in_Quantity.quantity><out_Quantity.quantity>392.694362</out_Quantity.quantity></Point><Point><position>9413</position><in_Quantity.quantity>0.000000</in_Quantity.quantity><out_Quantity.quantity>7.070253</out_Quantity.quantity></Point><Point><position>9414</position><in_Quantity.quantity>0.000000</in_Quantity.quantity><out_Quantity.quantity>955.412818</out_Quantity.quantity></Point><Point><position>9415</position><in_Quantity.quantity>0.000000</in_Quantity.quantity><out_Quantity.quantity>805.977390</out_Quantity.quantity></Point><Point><position>9416</position><in_Quantity.quantity>0.000000</in_Quantity.quantity><out_Quantity.quantity>724.830797</out_Quantity.quantity></Point><Point><position>9417</position><in_Quantity.quantity>0.000000</in_Quantity.quantity><out_Quantity.quantity>844.146313</out_Quantity.quantity></Point><Point><position>9418</position><in_Quantity.quantity>0.000000</in_Quantity.quantity><out_Quantity.quantity>516.963282</out_Quantity.quantity></Point><Point><position>9419</position><in_Quantity.quantity>0.000000</in_Quantity.quantity><out_Quantity.quantity>810.250257</out_Quantity.quantity></Point><Point><position>9420</position><in_Quantity.quantity>0.000000</in_Quantity.quantity><out_Quantity.quantity>907.062444</out_Quantity.quantity></Point><Point><position>9421</position><in_Quantity.quantity>0.000000</in_Quantity.quantity><out_Quantity.quantity>126.613845</out_Quantity.quantity></Point><Point><position>9422</position><in_Quantity.quantity>0.000000</in_Quantity.quantity><out_Quantity.quantity>974.371622</out_Quantity.quantity></Point><Point><position>9423</position><in_Quantity.quantity>0.000000</in_Quantity.quantity><out_Quantity.quantity>463.880172</out_Quantity.quantity></Point><Point><position>9424</position><in_Quantity.quantity>0.000000</in_Quantity.quantity><out_Quantity.quantity>449.811244</out_Quantity.quantity></Point><Point><position>9425</position><in_Quantity.quantity>0.000000</in_Quantity.quantity><out_Quantity.quantity>682.384571</out_Quantity.quantity></Point><Point><position>9426</position><in_Quantity.quantity>0.000000</in_Quantity.quantity><out_Quantity.quantity>864.301756</out_Quantity.quantity></Point><Point><position>9427</position><in_Quantity.quantity>0.000000</in_Quantity.quantity><out_Quantity.quantity>935.818951</out_Quantity.quantity></Point><Point><position>9428</position><in_Quantity.quantity>0.000000</in_Quantity.quantity><out_Quantity.quantity>836.663551</out_Quantity.quantity></Point><Point><position>9429</position><in_Quantity.quantity>0.000000</in_Quantity.quantity><out_Quantity.quantity>552.781954</out_Quantity.quantity></Point><Point><position>9430</position><in_Quantity.quantity>0.000000</in_Quantity.quantity><out_Quantity.quantity>636.760340</out_Quantity.quantity></Point><Point><position>9431</position><in_Quantity.quantity>0.000000</in_Quantity.quantity><out_Quantity.quantity>833.404024</out_Quantity.quantity></Point><Point><position>9432</position><in_Quantity.quantity>0.000000</in_Quantity.quantity><out_Quantity.quantity>105.429246</out_Quantity.quantity></Point><Point><position>9433</position><in_Quantity.quantity>0.000000</in_Quantity.quantity><out_Quantity.quantity>100.124106</out_Quantity.quantity></Point><Point><position>9434</position><in_Quantity.quantity>0.000000</in_Quantity.quantity><out_Quantity.quantity>361.881593</out_Quantity.quantity></Point><Point><position>9435</position><in_Quantity.quantity>0.000000</in_Quantity.quantity><out_Quantity.quantity>218.055683</out_Quantity.quantity></Point><Point><position>9436</position><in_Quantity.quantity>0.000000</in_Quantity.quantity><out_Quantity.quantity>663.980005</out_Quantity.quantity></Point><Point><position>9437</position><in_Quantity.quantity>0.000000</in_Quantity.quantity><out_Quantity.quantity>654.200947</out_Quantity.quantity></Point><Point><position>9438</position><in_Quantity.quantity>0.000000</in_Quantity.quantity><out_Quantity.quantity>898.091402</out_Quantity.quantity></Point><Point><position>9439</position><in_Quantity.quantity>0.000000</in_Quantity.quantity><out_Quantity.quantity>455.670437</out_Quantity.quantity></Point><Point><position>9440</position><in_Quantity.quantity>0.000000</in_Quantity.quantity><out_Quantity.quantity>149.396731</out_Quantity.quantity></Point><Point><position>9441</position><in_Quantity.quantity>0.000000</in_Quantity.quantity><out_Quantity.quantity>127.852914</out_Quantity.quantity></Point><Point><position>9442</position><in_Quantity.quantity>0.000000</in_Quantity.quantity><out_Quantity.quantity>798.989160</out_Quantity.quantity></Point><Point><position>9443</position><in_Quantity.quantity>0.000000</in_Quantity.quantity><out_Quantity.quantity>141.460143</out_Quantity.quantity></Point><Point><position>9444</position><in_Quantity.quantity>0.000000</in_Quantity.quantity><out_Quantity.quantity>27.970451</out_Quantity.quantity></Point><Point><position>9445</position><in_Quantity.quantity>0.000000</in_Quantity.quantity><out_Quantity.quantity>648.076205</out_Quantity.quantity></Point><Point><position>9446</position><in_Quantity.quantity>0.000000</in_Quantity.quantity><out_Quantity.quantity>900.052106</out_Quantity.quantity></Point><Point><position>9447</position><in_Quantity.quantity>0.000000</in_Quantity.quantity><out_Quantity.quantity>496.175168</out_Quantity.quantity></Point><Point><position>9448</position><in_Quantity.quantity>0.000000</in_Quantity.quantity><out_Quantity.quantity>789.768396</out_Quantity.quantity></Point><Point><position>9449</position><in_Quantity.quantity>0.000000</in_Quantity.quantity><out_Quantity.quantity>166.582647</out_Quantity.quantity></Point><Point><position>9450</position><in_Quantity.quantity>0.000000</in_Quantity.quantity><out_Quantity.quantity>468.516179</out_Quantity.quantity></Point><Point><position>9451</position><in_Quantity.quantity>0.000000</in_Quantity.quantity><out_Quantity.quantity>18.226021</out_Quantity.quantity></Point><Point><position>9452</position><in_Quantity.quantity>0.000000</in_Quantity.quantity><out_Quantity.quantity>312.210820</out_Quantity.quantity></Point><Point><position>9453</position><in_Quantity.quantity>0.000000</in_Quantity.quantity><out_Quantity.quantity>293.250705</out_Quantity.quantity></Point><Point><position>9454</position><in_Quantity.quantity>0.000000</in_Quantity.quantity><out_Quantity.quantity>385.004875</out_Quantity.quantity></Point><Point><position>9455</position><in_Quantity.quantity>0.000000</in_Quantity.quantity><out_Quantity.quantity>450.257666</out_Quantity.quantity></Point><Point><position>9456</position><in_Quantity.quantity>0.000000</in_Quantity.quantity><out_Quantity.quantity>427.003883</out_Quantity.quantity></Point><Point><position>9457</position><in_Quantity.quantity>0.000000</in_Quantity.quantity><out_Quantity.quantity>606.929618</out_Quantity.quantity></Point><Point><position>9458</position><in_Quantity.quantity>0.000000</in_Quantity.quantity><out_Quantity.quantity>241.630958</out_Quantity.quantity></Point><Point><position>9459</position><in_Quantity.quantity>0.000000</in_Quantity.quantity><out_Quantity.quantity>671.398372</out_Quantity.quantity></Point><Point><position>9460</position><in_Quantity.quantity>0.000000</in_Quantity.quantity><out_Quantity.quantity>598.943426</out_Quantity.quantity></Point><Point><position>9461</position><in_Quantity.quantity>0.000000</in_Quantity.quantity><out_Quantity.quantity>786.499185</out_Quantity.quantity></Point><Point><position>9462</position><in_Quantity.quantity>0.000000</in_Quantity.quantity><out_Quantity.quantity>400.837731</out_Quantity.quantity></Point><Point><position>9463</position><in_Quantity.quantity>0.000000</in_Quantity.quantity><out_Quantity.quantity>289.545272</out_Quantity.quantity></Point><Point><position>9464</position><in_Quantity.quantity>0.000000</in_Quantity.quantity><out_Quantity.quantity>948.813053</out_Quantity.quantity></Point><Point><position>9465</position><in_Quantity.quantity>0.000000</in_Quantity.quantity><out_Quantity.quantity>614.814965</out_Quantity.quantity></Point><Point><position>9466</position><in_Quantity.quantity>0.000000</in_Quantity.quantity><out_Quantity.quantity>569.339831</out_Quantity.quantity></Point><Point><position>9467</position><in_Quantity.quantity>0.000000</in_Quantity.quantity><out_Quantity.quantity>66.662868</out_Quantity.quantity></Point><Point><position>9468</position><in_Quantity.quantity>0.000000</in_Quantity.quantity><out_Quantity.quantity>256.474019</out_Quantity.quantity></Point><Point><position>9469</position><in_Quantity.quantity>0.000000</in_Quantity.quantity><out_Quantity.quantity>422.637432</out_Quantity.quantity></Point><Point><position>9470</position><in_Quantity.quantity>0.000000</in_Quantity.quantity><out_Quantity.quantity>601.417002</out_Quantity.quantity></Point><Point><position>9471</position><in_Quantity.quantity>0.000000</in_Quantity.quantity><out_Quantity.quantity>650.460822</out_Quantity.quantity></Point><Point><position>9472</position><in_Quantity.quantity>0.000000</in_Quantity.quantity><out_Quantity.quantity>740.883801</out_Quantity.quantity></Point><Point><position>9473</position><in_Quantity.quantity>0.000000</in_Quantity.quantity><out_Quantity.quantity>780.738322</out_Quantity.quantity></Point><Point><position>9474</position><in_Quantity.quantity>0.000000</in_Quantity.quantity><out_Quantity.quantity>200.599866</out_Quantity.quantity></Point><Point><position>9475</position><in_Quantity.quantity>0.000000</in_Quantity.quantity><out_Quantity.quantity>572.080728</out_Quantity.quantity></Point><Point><position>9476</position><in_Quantity.quantity>0.000000</in_Quantity.quantity><out_Quantity.quantity>6.894648</out_Quantity.quantity></Point><Point><position>9477</position><in_Quantity.quantity>0.000000</in_Quantity.quantity><out_Quantity.quantity>210.401913</out_Quantity.quantity></Point><Point><position>9478</position><in_Quantity.quantity>0.000000</in_Quantity.quantity><out_Quantity.quantity>651.079043</out_Quantity.quantity></Point><Point><position>9479</position><in_Quantity.quantity>0.000000</in_Quantity.quantity><out_Quantity.quantity>874.932864</out_Quantity.quantity></Point><Point><position>9480</position><in_Quantity.quantity>0.000000</in_Quantity.quantity><out_Quantity.quantity>113.861046</out_Quantity.quantity></Point><Point><position>9481</position><in_Quantity.quantity>0.000000</in_Quantity.quantity><out_Quantity.quantity>367.788671</out_Quantity.quantity></Point><Point><position>9482</position><in_Quantity.quantity>0.000000</in_Quantity.quantity><out_Quantity.quantity>172.399243</out_Quantity.quantity></Point><Point><position>9483</position><in_Quantity.quantity>0.000000</in_Quantity.quantity><out_Quantity.quantity>442.896140</out_Quantity.quantity></Point><Point><position>9484</position><in_Quantity.quantity>0.000000</in_Quantity.quantity><out_Quantity.quantity>296.857496</out_Quantity.quantity></Point><Point><position>9485</position><in_Quantity.quantity>0.000000</in_Quantity.quantity><out_Quantity.quantity>579.782311</out_Quantity.quantity></Point><Point><position>9486</position><in_Quantity.quantity>0.000000</in_Quantity.quantity><out_Quantity.quantity>441.225442</out_Quantity.quantity></Point><Point><position>9487</position><in_Quantity.quantity>0.000000</in_Quantity.quantity><out_Quantity.quantity>628.110217</out_Quantity.quantity></Point><Point><position>9488</position><in_Quantity.quantity>0.000000</in_Quantity.quantity><out_Quantity.quantity>312.797110</out_Quantity.quantity></Point><Point><position>9489</position><in_Quantity.quantity>0.000000</in_Quantity.quantity><out_Quantity.quantity>390.825278</out_Quantity.quantity></Point><Point><position>9490</position><in_Quantity.quantity>0.000000</in_Quantity.quantity><out_Quantity.quantity>700.438340</out_Quantity.quantity></Point><Point><position>9491</position><in_Quantity.quantity>0.000000</in_Quantity.quantity><out_Quantity.quantity>506.325330</out_Quantity.quantity></Point><Point><position>9492</position><in_Quantity.quantity>0.000000</in_Quantity.quantity><out_Quantity.quantity>814.351728</out_Quantity.quantity></Point><Point><position>9493</position><in_Quantity.quantity>0.000000</in_Quantity.quantity><out_Quantity.quantity>879.930413</out_Quantity.quantity></Point><Point><position>9494</position><in_Quantity.quantity>0.000000</in_Quantity.quantity><out_Quantity.quantity>129.501974</out_Quantity.quantity></Point><Point><position>9495</position><in_Quantity.quantity>0.000000</in_Quantity.quantity><out_Quantity.quantity>199.748934</out_Quantity.quantity></Point><Point><position>9496</position><in_Quantity.quantity>0.000000</in_Quantity.quantity><out_Quantity.quantity>41.338784</out_Quantity.quantity></Point><Point><position>9497</position><in_Quantity.quantity>0.000000</in_Quantity.quantity><out_Quantity.quantity>992.181571</out_Quantity.quantity></Point><Point><position>9498</position><in_Quantity.quantity>0.000000</in_Quantity.quantity><out_Quantity.quantity>871.355917</out_Quantity.quantity></Point><Point><position>9499</position><in_Quantity.quantity>0.000000</in_Quantity.quantity><out_Quantity.quantity>186.273778</out_Quantity.quantity></Point><Point><position>9500</position><in_Quantity.quantity>0.000000</in_Quantity.quantity><out_Quantity.quantity>452.546038</out_Quantity.quantity></Point><Point><position>9501</position><in_Quantity.quantity>0.000000</in_Quantity.quantity><out_Quantity.quantity>59.974146</out_Quantity.quantity></Point><Point><position>9502</position><in_Quantity.quantity>0.000000</in_Quantity.quantity><out_Quantity.quantity>147.203043</out_Quantity.quantity></Point><Point><position>9503</position><in_Quantity.quantity>0.000000</in_Quantity.quantity><out_Quantity.quantity>557.629360</out_Quantity.quantity></Point><Point><position>9504</position><in_Quantity.quantity>0.000000</in_Quantity.quantity><out_Quantity.quantity>85.737444</out_Quantity.quantity></Point><Point><position>9505</position><in_Quantity.quantity>0.000000</in_Quantity.quantity><out_Quantity.quantity>83.734661</out_Quantity.quantity></Point><Point><position>9506</position><in_Quantity.quantity>0.000000</in_Quantity.quantity><out_Quantity.quantity>28.732851</out_Quantity.quantity></Point><Point><position>9507</position><in_Quantity.quantity>0.000000</in_Quantity.quantity><out_Quantity.quantity>903.046983</out_Quantity.quantity></Point><Point><position>9508</position><in_Quantity.quantity>0.000000</in_Quantity.quantity><out_Quantity.quantity>45.841558</out_Quantity.quantity></Point><Point><position>9509</position><in_Quantity.quantity>0.000000</in_Quantity.quantity><out_Quantity.quantity>126.901165</out_Quantity.quantity></Point><Point><position>9510</position><in_Quantity.quantity>0.000000</in_Quantity.quantity><out_Quantity.quantity>145.510166</out_Quantity.quantity></Point><Point><position>9511</position><in_Quantity.quantity>0.000000</in_Quantity.quantity><out_Quantity.quantity>839.129907</out_Quantity.quantity></Point><Point><position>9512</position><in_Quantity.quantity>0.000000</in_Quantity.quantity><out_Quantity.quantity>937.776639</out_Quantity.quantity></Point><Point><position>9513</position><in_Quantity.quantity>0.000000</in_Quantity.quantity><out_Quantity.quantity>756.498712</out_Quantity.quantity></Point><Point><position>9514</position><in_Quantity.quantity>0.000000</in_Quantity.quantity><out_Quantity.quantity>689.434530</out_Quantity.quantity></Point><Point><position>9515</position><in_Quantity.quantity>0.000000</in_Quantity.quantity><out_Quantity.quantity>790.999369</out_Quantity.quantity></Point><Point><position>9516</position><in_Quantity.quantity>0.000000</in_Quantity.quantity><out_Quantity.quantity>628.520987</out_Quantity.quantity></Point><Point><position>9517</position><in_Quantity.quantity>0.000000</in_Quantity.quantity><out_Quantity.quantity>857.140118</out_Quantity.quantity></Point><Point><position>9518</position><in_Quantity.quantity>0.000000</in_Quantity.quantity><out_Quantity.quantity>858.599732</out_Quantity.quantity></Point><Point><position>9519</position><in_Quantity.quantity>0.000000</in_Quantity.quantity><out_Quantity.quantity>530.069287</out_Quantity.quantity></Point><Point><position>9520</position><in_Quantity.quantity>0.000000</in_Quantity.quantity><out_Quantity.quantity>330.935131</out_Quantity.quantity></Point><Point><position>9521</position><in_Quantity.quantity>0.000000</in_Quantity.quantity><out_Quantity.quantity>665.789988</out_Quantity.quantity></Point><Point><position>9522</position><in_Quantity.quantity>0.000000</in_Quantity.quantity><out_Quantity.quantity>315.526448</out_Quantity.quantity></Point><Point><position>9523</position><in_Quantity.quantity>0.000000</in_Quantity.quantity><out_Quantity.quantity>497.787290</out_Quantity.quantity></Point><Point><position>9524</position><in_Quantity.quantity>0.000000</in_Quantity.quantity><out_Quantity.quantity>276.636131</out_Quantity.quantity></Point><Point><position>9525</position><in_Quantity.quantity>0.000000</in_Quantity.quantity><out_Quantity.quantity>595.732357</out_Quantity.quantity></Point><Point><position>9526</position><in_Quantity.quantity>0.000000</in_Quantity.quantity><out_Quantity.quantity>344.856179</out_Quantity.quantity></Point><Point><position>9527</position><in_Quantity.quantity>0.000000</in_Quantity.quantity><out_Quantity.quantity>2.508020</out_Quantity.quantity></Point><Point><position>9528</position><in_Quantity.quantity>0.000000</in_Quantity.quantity><out_Quantity.quantity>323.123241</out_Quantity.quantity></Point><Point><position>9529</position><in_Quantity.quantity>0.000000</in_Quantity.quantity><out_Quantity.quantity>667.030703</out_Quantity.quantity></Point><Point><position>9530</position><in_Quantity.quantity>0.000000</in_Quantity.quantity><out_Quantity.quantity>321.341630</out_Quantity.quantity></Point><Point><position>9531</position><in_Quantity.quantity>0.000000</in_Quantity.quantity><out_Quantity.quantity>456.872926</out_Quantity.quantity></Point><Point><position>9532</position><in_Quantity.quantity>0.000000</in_Quantity.quantity><out_Quantity.quantity>667.960304</out_Quantity.quantity></Point><Point><position>9533</position><in_Quantity.quantity>0.000000</in_Quantity.quantity><out_Quantity.quantity>879.565397</out_Quantity.quantity></Point><Point><position>9534</position><in_Quantity.quantity>0.000000</in_Quantity.quantity><out_Quantity.quantity>926.578849</out_Quantity.quantity></Point><Point><position>9535</position><in_Quantity.quantity>0.000000</in_Quantity.quantity><out_Quantity.quantity>887.831213</out_Quantity.quantity></Point><Point><position>9536</position><in_Quantity.quantity>0.000000</in_Quantity.quantity><out_Quantity.quantity>993.810800</out_Quantity.quantity></Point><Point><position>9537</position><in_Quantity.quantity>0.000000</in_Quantity.quantity><out_Quantity.quantity>695.527594</out_Quantity.quantity></Point><Point><position>9538</position><in_Quantity.quantity>0.000000</in_Quantity.quantity><out_Quantity.quantity>726.784438</out_Quantity.quantity></Point><Point><position>9539</position><in_Quantity.quantity>0.000000</in_Quantity.quantity><out_Quantity.quantity>271.641276</out_Quantity.quantity></Point><Point><position>9540</position><in_Quantity.quantity>0.000000</in_Quantity.quantity><out_Quantity.quantity>881.285295</out_Quantity.quantity></Point><Point><position>9541</position><in_Quantity.quantity>0.000000</in_Quantity.quantity><out_Quantity.quantity>635.736158</out_Quantity.quantity></Point><Point><position>9542</position><in_Quantity.quantity>0.000000</in_Quantity.quantity><out_Quantity.quantity>240.042035</out_Quantity.quantity></Point><Point><position>9543</position><in_Quantity.quantity>0.000000</in_Quantity.quantity><out_Quantity.quantity>574.541453</out_Quantity.quantity></Point><Point><position>9544</position><in_Quantity.quantity>0.000000</in_Quantity.quantity><out_Quantity.quantity>393.823241</out_Quantity.quantity></Point><Point><position>9545</position><in_Quantity.quantity>0.000000</in_Quantity.quantity><out_Quantity.quantity>197.813948</out_Quantity.quantity></Point><Point><position>9546</position><in_Quantity.quantity>0.000000</in_Quantity.quantity><out_Quantity.quantity>498.498250</out_Quantity.quantity></Point><Point><position>9547</position><in_Quantity.quantity>0.000000</in_Quantity.quantity><out_Quantity.quantity>57.678484</out_Quantity.quantity></Point><Point><position>9548</position><in_Quantity.quantity>0.000000</in_Quantity.quantity><out_Quantity.quantity>412.416472</out_Quantity.quantity></Point><Point><position>9549</position><in_Quantity.quantity>0.000000</in_Quantity.quantity><out_Quantity.quantity>247.794809</out_Quantity.quantity></Point><Point><position>9550</position><in_Quantity.quantity>0.000000</in_Quantity.quantity><out_Quantity.quantity>763.434328</out_Quantity.quantity></Point><Point><position>9551</position><in_Quantity.quantity>0.000000</in_Quantity.quantity><out_Quantity.quantity>603.301081</out_Quantity.quantity></Point><Point><position>9552</position><in_Quantity.quantity>0.000000</in_Quantity.quantity><out_Quantity.quantity>449.088918</out_Quantity.quantity></Point><Point><position>9553</position><in_Quantity.quantity>0.000000</in_Quantity.quantity><out_Quantity.quantity>906.303039</out_Quantity.quantity></Point><Point><position>9554</position><in_Quantity.quantity>0.000000</in_Quantity.quantity><out_Quantity.quantity>737.464707</out_Quantity.quantity></Point><Point><position>9555</position><in_Quantity.quantity>0.000000</in_Quantity.quantity><out_Quantity.quantity>858.174347</out_Quantity.quantity></Point><Point><position>9556</position><in_Quantity.quantity>0.000000</in_Quantity.quantity><out_Quantity.quantity>713.147755</out_Quantity.quantity></Point><Point><position>9557</position><in_Quantity.quantity>0.000000</in_Quantity.quantity><out_Quantity.quantity>709.326767</out_Quantity.quantity></Point><Point><position>9558</position><in_Quantity.quantity>0.000000</in_Quantity.quantity><out_Quantity.quantity>883.963254</out_Quantity.quantity></Point><Point><position>9559</position><in_Quantity.quantity>0.000000</in_Quantity.quantity><out_Quantity.quantity>934.305168</out_Quantity.quantity></Point><Point><position>9560</position><in_Quantity.quantity>0.000000</in_Quantity.quantity><out_Quantity.quantity>16.719078</out_Quantity.quantity></Point><Point><position>9561</position><in_Quantity.quantity>0.000000</in_Quantity.quantity><out_Quantity.quantity>137.039943</out_Quantity.quantity></Point><Point><position>9562</position><in_Quantity.quantity>0.000000</in_Quantity.quantity><out_Quantity.quantity>81.083252</out_Quantity.quantity></Point><Point><position>9563</position><in_Quantity.quantity>0.000000</in_Quantity.quantity><out_Quantity.quantity>742.180903</out_Quantity.quantity></Point><Point><position>9564</position><in_Quantity.quantity>0.000000</in_Quantity.quantity><out_Quantity.quantity>971.426727</out_Quantity.quantity></Point><Point><position>9565</position><in_Quantity.quantity>0.000000</in_Quantity.quantity><out_Quantity.quantity>845.913357</out_Quantity.quantity></Point><Point><position>9566</position><in_Quantity.quantity>0.000000</in_Quantity.quantity><out_Quantity.quantity>458.317345</out_Quantity.quantity></Point><Point><position>9567</position><in_Quantity.quantity>0.000000</in_Quantity.quantity><out_Quantity.quantity>690.993271</out_Quantity.quantity></Point><Point><position>9568</position><in_Quantity.quantity>0.000000</in_Quantity.quantity><out_Quantity.quantity>716.448503</out_Quantity.quantity></Point><Point><position>9569</position><in_Quantity.quantity>0.000000</in_Quantity.quantity><out_Quantity.quantity>641.977790</out_Quantity.quantity></Point><Point><position>9570</position><in_Quantity.quantity>0.000000</in_Quantity.quantity><out_Quantity.quantity>787.662079</out_Quantity.quantity></Point><Point><position>9571</position><in_Quantity.quantity>0.000000</in_Quantity.quantity><out_Quantity.quantity>559.055811</out_Quantity.quantity></Point><Point><position>9572</position><in_Quantity.quantity>0.000000</in_Quantity.quantity><out_Quantity.quantity>616.867101</out_Quantity.quantity></Point><Point><position>9573</position><in_Quantity.quantity>0.000000</in_Quantity.quantity><out_Quantity.quantity>283.272679</out_Quantity.quantity></Point><Point><position>9574</position><in_Quantity.quantity>0.000000</in_Quantity.quantity><out_Quantity.quantity>528.911898</out_Quantity.quantity></Point><Point><position>9575</position><in_Quantity.quantity>0.000000</in_Quantity.quantity><out_Quantity.quantity>608.478859</out_Quantity.quantity></Point><Point><position>9576</position><in_Quantity.quantity>0.000000</in_Quantity.quantity><out_Quantity.quantity>233.060279</out_Quantity.quantity></Point><Point><position>9577</position><in_Quantity.quantity>0.000000</in_Quantity.quantity><out_Quantity.quantity>267.466728</out_Quantity.quantity></Point><Point><position>9578</position><in_Quantity.quantity>0.000000</in_Quantity.quantity><out_Quantity.quantity>869.023729</out_Quantity.quantity></Point><Point><position>9579</position><in_Quantity.quantity>0.000000</in_Quantity.quantity><out_Quantity.quantity>144.849324</out_Quantity.quantity></Point><Point><position>9580</position><in_Quantity.quantity>0.000000</in_Quantity.quantity><out_Quantity.quantity>25.596099</out_Quantity.quantity></Point><Point><position>9581</position><in_Quantity.quantity>0.000000</in_Quantity.quantity><out_Quantity.quantity>220.434845</out_Quantity.quantity></Point><Point><position>9582</position><in_Quantity.quantity>0.000000</in_Quantity.quantity><out_Quantity.quantity>682.314947</out_Quantity.quantity></Point><Point><position>9583</position><in_Quantity.quantity>0.000000</in_Quantity.quantity><out_Quantity.quantity>104.090752</out_Quantity.quantity></Point><Point><position>9584</position><in_Quantity.quantity>0.000000</in_Quantity.quantity><out_Quantity.quantity>392.831165</out_Quantity.quantity></Point><Point><position>9585</position><in_Quantity.quantity>0.000000</in_Quantity.quantity><out_Quantity.quantity>849.366194</out_Quantity.quantity></Point><Point><position>9586</position><in_Quantity.quantity>0.000000</in_Quantity.quantity><out_Quantity.quantity>386.097358</out_Quantity.quantity></Point><Point><position>9587</position><in_Quantity.quantity>0.000000</in_Quantity.quantity><out_Quantity.quantity>757.912228</out_Quantity.quantity></Point><Point><position>9588</position><in_Quantity.quantity>0.000000</in_Quantity.quantity><out_Quantity.quantity>661.489422</out_Quantity.quantity></Point><Point><position>9589</position><in_Quantity.quantity>0.000000</in_Quantity.quantity><out_Quantity.quantity>93.517778</out_Quantity.quantity></Point><Point><position>9590</position><in_Quantity.quantity>0.000000</in_Quantity.quantity><out_Quantity.quantity>932.294914</out_Quantity.quantity></Point><Point><position>9591</position><in_Quantity.quantity>0.000000</in_Quantity.quantity><out_Quantity.quantity>258.265456</out_Quantity.quantity></Point><Point><position>9592</position><in_Quantity.quantity>0.000000</in_Quantity.quantity><out_Quantity.quantity>380.577492</out_Quantity.quantity></Point><Point><position>9593</position><in_Quantity.quantity>0.000000</in_Quantity.quantity><out_Quantity.quantity>625.368287</out_Quantity.quantity></Point><Point><position>9594</position><in_Quantity.quantity>0.000000</in_Quantity.quantity><out_Quantity.quantity>143.262586</out_Quantity.quantity></Point><Point><position>9595</position><in_Quantity.quantity>0.000000</in_Quantity.quantity><out_Quantity.quantity>925.972922</out_Quantity.quantity></Point><Point><position>9596</position><in_Quantity.quantity>0.000000</in_Quantity.quantity><out_Quantity.quantity>306.162301</out_Quantity.quantity></Point><Point><position>9597</position><in_Quantity.quantity>0.000000</in_Quantity.quantity><out_Quantity.quantity>188.173915</out_Quantity.quantity></Point><Point><position>9598</position><in_Quantity.quantity>0.000000</in_Quantity.quantity><out_Quantity.quantity>74.862876</out_Quantity.quantity></Point><Point><position>9599</position><in_Quantity.quantity>0.000000</in_Quantity.quantity><out_Quantity.quantity>721.364169</out_Quantity.quantity></Point><Point><position>9600</position><in_Quantity.quantity>0.000000</in_Quantity.quantity><out_Quantity.quantity>817.410269</out_Quantity.quantity></Point><Point><position>9601</position><in_Quantity.quantity>0.000000</in_Quantity.quantity><out_Quantity.quantity>310.358023</out_Quantity.quantity></Point><Point><position>9602</position><in_Quantity.quantity>0.000000</in_Quantity.quantity><out_Quantity.quantity>580.381484</out_Quantity.quantity></Point><Point><position>9603</position><in_Quantity.quantity>0.000000</in_Quantity.quantity><out_Quantity.quantity>855.773925</out_Quantity.quantity></Point><Point><position>9604</position><in_Quantity.quantity>0.000000</in_Quantity.quantity><out_Quantity.quantity>362.368054</out_Quantity.quantity></Point><Point><position>9605</position><in_Quantity.quantity>0.000000</in_Quantity.quantity><out_Quantity.quantity>542.621430</out_Quantity.quantity></Point><Point><position>9606</position><in_Quantity.quantity>0.000000</in_Quantity.quantity><out_Quantity.quantity>763.652042</out_Quantity.quantity></Point><Point><position>9607</position><in_Quantity.quantity>0.000000</in_Quantity.quantity><out_Quantity.quantity>523.839069</out_Quantity.quantity></Point><Point><position>9608</position><in_Quantity.quantity>0.000000</in_Quantity.quantity><out_Quantity.quantity>697.539811</out_Quantity.quantity></Point><Point><position>9609</position><in_Quantity.quantity>0.000000</in_Quantity.quantity><out_Quantity.quantity>67.017644</out_Quantity.quantity></Point><Point><position>9610</position><in_Quantity.quantity>0.000000</in_Quantity.quantity><out_Quantity.quantity>332.654957</out_Quantity.quantity></Point><Point><position>9611</position><in_Quantity.quantity>0.000000</in_Quantity.quantity><out_Quantity.quantity>26.919085</out_Quantity.quantity></Point><Point><position>9612</position><in_Quantity.quantity>0.000000</in_Quantity.quantity><out_Quantity.quantity>890.902086</out_Quantity.quantity></Point><Point><position>9613</position><in_Quantity.quantity>0.000000</in_Quantity.quantity><out_Quantity.quantity>741.786838</out_Quantity.quantity></Point><Point><position>9614</position><in_Quantity.quantity>0.000000</in_Quantity.quantity><out_Quantity.quantity>921.539173</out_Quantity.quantity></Point><Point><position>9615</position><in_Quantity.quantity>0.000000</in_Quantity.quantity><out_Quantity.quantity>167.104791</out_Quantity.quantity></Point><Point><position>9616</position><in_Quantity.quantity>0.000000</in_Quantity.quantity><out_Quantity.quantity>631.340197</out_Quantity.quantity></Point><Point><position>9617</position><in_Quantity.quantity>0.000000</in_Quantity.quantity><out_Quantity.quantity>261.936236</out_Quantity.quantity></Point><Point><position>9618</position><in_Quantity.quantity>0.000000</in_Quantity.quantity><out_Quantity.quantity>984.612993</out_Quantity.quantity></Point><Point><position>9619</position><in_Quantity.quantity>0.000000</in_Quantity.quantity><out_Quantity.quantity>997.547537</out_Quantity.quantity></Point><Point><position>9620</position><in_Quantity.quantity>0.000000</in_Quantity.quantity><out_Quantity.quantity>584.845769</out_Quantity.quantity></Point><Point><position>9621</position><in_Quantity.quantity>0.000000</in_Quantity.quantity><out_Quantity.quantity>263.696639</out_Quantity.quantity></Point><Point><position>9622</position><in_Quantity.quantity>0.000000</in_Quantity.quantity><out_Quantity.quantity>427.742703</out_Quantity.quantity></Point><Point><position>9623</position><in_Quantity.quantity>0.000000</in_Quantity.quantity><out_Quantity.quantity>681.010315</out_Quantity.quantity></Point><Point><position>9624</position><in_Quantity.quantity>0.000000</in_Quantity.quantity><out_Quantity.quantity>789.709394</out_Quantity.quantity></Point><Point><position>9625</position><in_Quantity.quantity>0.000000</in_Quantity.quantity><out_Quantity.quantity>232.212305</out_Quantity.quantity></Point><Point><position>9626</position><in_Quantity.quantity>0.000000</in_Quantity.quantity><out_Quantity.quantity>837.139930</out_Quantity.quantity></Point><Point><position>9627</position><in_Quantity.quantity>0.000000</in_Quantity.quantity><out_Quantity.quantity>978.667577</out_Quantity.quantity></Point><Point><position>9628</position><in_Quantity.quantity>0.000000</in_Quantity.quantity><out_Quantity.quantity>37.059335</out_Quantity.quantity></Point><Point><position>9629</position><in_Quantity.quantity>0.000000</in_Quantity.quantity><out_Quantity.quantity>758.875917</out_Quantity.quantity></Point><Point><position>9630</position><in_Quantity.quantity>0.000000</in_Quantity.quantity><out_Quantity.quantity>279.584871</out_Quantity.quantity></Point><Point><position>9631</position><in_Quantity.quantity>0.000000</in_Quantity.quantity><out_Quantity.quantity>734.524867</out_Quantity.quantity></Point><Point><position>9632</position><in_Quantity.quantity>0.000000</in_Quantity.quantity><out_Quantity.quantity>530.372529</out_Quantity.quantity></Point><Point><position>9633</position><in_Quantity.quantity>0.000000</in_Quantity.quantity><out_Quantity.quantity>541.584525</out_Quantity.quantity></Point><Point><position>9634</position><in_Quantity.quantity>0.000000</in_Quantity.quantity><out_Quantity.quantity>646.097640</out_Quantity.quantity></Point><Point><position>9635</position><in_Quantity.quantity>0.000000</in_Quantity.quantity><out_Quantity.quantity>170.698670</out_Quantity.quantity></Point><Point><position>9636</position><in_Quantity.quantity>0.000000</in_Quantity.quantity><out_Quantity.quantity>27.055775</out_Quantity.quantity></Point><Point><position>9637</position><in_Quantity.quantity>0.000000</in_Quantity.quantity><out_Quantity.quantity>656.173889</out_Quantity.quantity></Point><Point><position>9638</position><in_Quantity.quantity>0.000000</in_Quantity.quantity><out_Quantity.quantity>804.296194</out_Quantity.quantity></Point><Point><position>9639</position><in_Quantity.quantity>0.000000</in_Quantity.quantity><out_Quantity.quantity>848.439238</out_Quantity.quantity></Point><Point><position>9640</position><in_Quantity.quantity>0.000000</in_Quantity.quantity><out_Quantity.quantity>546.260626</out_Quantity.quantity></Point><Point><position>9641</position><in_Quantity.quantity>0.000000</in_Quantity.quantity><out_Quantity.quantity>871.791548</out_Quantity.quantity></Point><Point><position>9642</position><in_Quantity.quantity>0.000000</in_Quantity.quantity><out_Quantity.quantity>841.249198</out_Quantity.quantity></Point><Point><position>9643</position><in_Quantity.quantity>0.000000</in_Quantity.quantity><out_Quantity.quantity>696.534284</out_Quantity.quantity></Point><Point><position>9644</position><in_Quantity.quantity>0.000000</in_Quantity.quantity><out_Quantity.quantity>249.723406</out_Quantity.quantity></Point><Point><position>9645</position><in_Quantity.quantity>0.000000</in_Quantity.quantity><out_Quantity.quantity>182.239275</out_Quantity.quantity></Point><Point><position>9646</position><in_Quantity.quantity>0.000000</in_Quantity.quantity><out_Quantity.quantity>488.224420</out_Quantity.quantity></Point><Point><position>9647</position><in_Quantity.quantity>0.000000</in_Quantity.quantity><out_Quantity.quantity>881.770911</out_Quantity.quantity></Point><Point><position>9648</position><in_Quantity.quantity>0.000000</in_Quantity.quantity><out_Quantity.quantity>401.880605</out_Quantity.quantity></Point><Point><position>9649</position><in_Quantity.quantity>0.000000</in_Quantity.quantity><out_Quantity.quantity>164.775317</out_Quantity.quantity></Point><Point><position>9650</position><in_Quantity.quantity>0.000000</in_Quantity.quantity><out_Quantity.quantity>842.275389</out_Quantity.quantity></Point><Point><position>9651</position><in_Quantity.quantity>0.000000</in_Quantity.quantity><out_Quantity.quantity>472.884000</out_Quantity.quantity></Point><Point><position>9652</position><in_Quantity.quantity>0.000000</in_Quantity.quantity><out_Quantity.quantity>328.474295</out_Quantity.quantity></Point><Point><position>9653</position><in_Quantity.quantity>0.000000</in_Quantity.quantity><out_Quantity.quantity>287.571790</out_Quantity.quantity></Point><Point><position>9654</position><in_Quantity.quantity>0.000000</in_Quantity.quantity><out_Quantity.quantity>76.693942</out_Quantity.quantity></Point><Point><position>9655</position><in_Quantity.quantity>0.000000</in_Quantity.quantity><out_Quantity.quantity>588.743846</out_Quantity.quantity></Point><Point><position>9656</position><in_Quantity.quantity>0.000000</in_Quantity.quantity><out_Quantity.quantity>994.608552</out_Quantity.quantity></Point><Point><position>9657</position><in_Quantity.quantity>0.000000</in_Quantity.quantity><out_Quantity.quantity>814.164162</out_Quantity.quantity></Point><Point><position>9658</position><in_Quantity.quantity>0.000000</in_Quantity.quantity><out_Quantity.quantity>222.354932</out_Quantity.quantity></Point><Point><position>9659</position><in_Quantity.quantity>0.000000</in_Quantity.quantity><out_Quantity.quantity>563.802493</out_Quantity.quantity></Point><Point><position>9660</position><in_Quantity.quantity>0.000000</in_Quantity.quantity><out_Quantity.quantity>425.170292</out_Quantity.quantity></Point><Point><position>9661</position><in_Quantity.quantity>0.000000</in_Quantity.quantity><out_Quantity.quantity>753.471251</out_Quantity.quantity></Point><Point><position>9662</position><in_Quantity.quantity>0.000000</in_Quantity.quantity><out_Quantity.quantity>788.733248</out_Quantity.quantity></Point><Point><position>9663</position><in_Quantity.quantity>0.000000</in_Quantity.quantity><out_Quantity.quantity>369.793041</out_Quantity.quantity></Point><Point><position>9664</position><in_Quantity.quantity>0.000000</in_Quantity.quantity><out_Quantity.quantity>94.615731</out_Quantity.quantity></Point><Point><position>9665</position><in_Quantity.quantity>0.000000</in_Quantity.quantity><out_Quantity.quantity>855.298964</out_Quantity.quantity></Point><Point><position>9666</position><in_Quantity.quantity>0.000000</in_Quantity.quantity><out_Quantity.quantity>160.971988</out_Quantity.quantity></Point><Point><position>9667</position><in_Quantity.quantity>0.000000</in_Quantity.quantity><out_Quantity.quantity>231.820163</out_Quantity.quantity></Point><Point><position>9668</position><in_Quantity.quantity>0.000000</in_Quantity.quantity><out_Quantity.quantity>93.235904</out_Quantity.quantity></Point><Point><position>9669</position><in_Quantity.quantity>0.000000</in_Quantity.quantity><out_Quantity.quantity>157.481500</out_Quantity.quantity></Point><Point><position>9670</position><in_Quantity.quantity>0.000000</in_Quantity.quantity><out_Quantity.quantity>644.965347</out_Quantity.quantity></Point><Point><position>9671</position><in_Quantity.quantity>0.000000</in_Quantity.quantity><out_Quantity.quantity>209.534792</out_Quantity.quantity></Point><Point><position>9672</position><in_Quantity.quantity>0.000000</in_Quantity.quantity><out_Quantity.quantity>558.865147</out_Quantity.quantity></Point><Point><position>9673</position><in_Quantity.quantity>0.000000</in_Quantity.quantity><out_Quantity.quantity>662.448382</out_Quantity.quantity></Point><Point><position>9674</position><in_Quantity.quantity>0.000000</in_Quantity.quantity><out_Quantity.quantity>265.545310</out_Quantity.quantity></Point><Point><position>9675</position><in_Quantity.quantity>0.000000</in_Quantity.quantity><out_Quantity.quantity>486.237945</out_Quantity.quantity></Point><Point><position>9676</position><in_Quantity.quantity>0.000000</in_Quantity.quantity><out_Quantity.quantity>9.471955</out_Quantity.quantity></Point><Point><position>9677</position><in_Quantity.quantity>0.000000</in_Quantity.quantity><out_Quantity.quantity>31.087991</out_Quantity.quantity></Point><Point><position>9678</position><in_Quantity.quantity>0.000000</in_Quantity.quantity><out_Quantity.quantity>225.102499</out_Quantity.quantity></Point><Point><position>9679</position><in_Quantity.quantity>0.000000</in_Quantity.quantity><out_Quantity.quantity>109.805763</out_Quantity.quantity></Point><Point><position>9680</position><in_Quantity.quantity>0.000000</in_Quantity.quantity><out_Quantity.quantity>963.169336</out_Quantity.quantity></Point><Point><position>9681</position><in_Quantity.quantity>0.000000</in_Quantity.quantity><out_Quantity.quantity>638.005498</out_Quantity.quantity></Point><Point><position>9682</position><in_Quantity.quantity>0.000000</in_Quantity.quantity><out_Quantity.quantity>594.328095</out_Quantity.quantity></Point><Point><position>9683</position><in_Quantity.quantity>0.000000</in_Quantity.quantity><out_Quantity.quantity>203.084118</out_Quantity.quantity></Point><Point><position>9684</position><in_Quantity.quantity>0.000000</in_Quantity.quantity><out_Quantity.quantity>922.876206</out_Quantity.quantity></Point><Point><position>9685</position><in_Quantity.quantity>0.000000</in_Quantity.quantity><out_Quantity.quantity>627.903135</out_Quantity.quantity></Point><Point><position>9686</position><in_Quantity.quantity>0.000000</in_Quantity.quantity><out_Quantity.quantity>7.180760</out_Quantity.quantity></Point><Point><position>9687</position><in_Quantity.quantity>0.000000</in_Quantity.quantity><out_Quantity.quantity>506.963788</out_Quantity.quantity></Point><Point><position>9688</position><in_Quantity.quantity>0.000000</in_Quantity.quantity><out_Quantity.quantity>194.764344</out_Quantity.quantity></Point><Point><position>9689</position><in_Quantity.quantity>0.000000</in_Quantity.quantity><out_Quantity.quantity>770.085125</out_Quantity.quantity></Point><Point><position>9690</position><in_Quantity.quantity>0.000000</in_Quantity.quantity><out_Quantity.quantity>656.273977</out_Quantity.quantity></Point><Point><position>9691</position><in_Quantity.quantity>0.000000</in_Quantity.quantity><out_Quantity.quantity>38.629197</out_Quantity.quantity></Point><Point><position>9692</position><in_Quantity.quantity>0.000000</in_Quantity.quantity><out_Quantity.quantity>43.156761</out_Quantity.quantity></Point><Point><position>9693</position><in_Quantity.quantity>0.000000</in_Quantity.quantity><out_Quantity.quantity>838.291436</out_Quantity.quantity></Point><Point><position>9694</position><in_Quantity.quantity>0.000000</in_Quantity.quantity><out_Quantity.quantity>837.592294</out_Quantity.quantity></Point><Point><position>9695</position><in_Quantity.quantity>0.000000</in_Quantity.quantity><out_Quantity.quantity>35.943642</out_Quantity.quantity></Point><Point><position>9696</position><in_Quantity.quantity>0.000000</in_Quantity.quantity><out_Quantity.quantity>94.693333</out_Quantity.quantity></Point><Point><position>9697</position><in_Quantity.quantity>0.000000</in_Quantity.quantity><out_Quantity.quantity>652.137213</out_Quantity.quantity></Point><Point><position>9698</position><in_Quantity.quantity>0.000000</in_Quantity.quantity><out_Quantity.quantity>305.394872</out_Quantity.quantity></Point><Point><position>9699</position><in_Quantity.quantity>0.000000</in_Quantity.quantity><out_Quantity.quantity>110.124337</out_Quantity.quantity></Point><Point><position>9700</position><in_Quantity.quantity>0.000000</in_Quantity.quantity><out_Quantity.quantity>822.990622</out_Quantity.quantity></Point><Point><position>9701</position><in_Quantity.quantity>0.000000</in_Quantity.quantity><out_Quantity.quantity>210.962703</out_Quantity.quantity></Point><Point><position>9702</position><in_Quantity.quantity>0.000000</in_Quantity.quantity><out_Quantity.quantity>756.330630</out_Quantity.quantity></Point><Point><position>9703</position><in_Quantity.quantity>0.000000</in_Quantity.quantity><out_Quantity.quantity>747.670108</out_Quantity.quantity></Point><Point><position>9704</position><in_Quantity.quantity>0.000000</in_Quantity.quantity><out_Quantity.quantity>8.253981</out_Quantity.quantity></Point><Point><position>9705</position><in_Quantity.quantity>0.000000</in_Quantity.quantity><out_Quantity.quantity>719.678898</out_Quantity.quantity></Point><Point><position>9706</position><in_Quantity.quantity>0.000000</in_Quantity.quantity><out_Quantity.quantity>688.646697</out_Quantity.quantity></Point><Point><position>9707</position><in_Quantity.quantity>0.000000</in_Quantity.quantity><out_Quantity.quantity>297.345723</out_Quantity.quantity></Point><Point><position>9708</position><in_Quantity.quantity>0.000000</in_Quantity.quantity><out_Quantity.quantity>566.449761</out_Quantity.quantity></Point><Point><position>9709</position><in_Quantity.quantity>0.000000</in_Quantity.quantity><out_Quantity.quantity>560.948434</out_Quantity.quantity></Point><Point><position>9710</position><in_Quantity.quantity>0.000000</in_Quantity.quantity><out_Quantity.quantity>935.928691</out_Quantity.quantity></Point><Point><position>9711</position><in_Quantity.quantity>0.000000</in_Quantity.quantity><out_Quantity.quantity>732.432574</out_Quantity.quantity></Point><Point><position>9712</position><in_Quantity.quantity>0.000000</in_Quantity.quantity><out_Quantity.quantity>628.050643</out_Quantity.quantity></Point><Point><position>9713</position><in_Quantity.quantity>0.000000</in_Quantity.quantity><out_Quantity.quantity>196.632278</out_Quantity.quantity></Point><Point><position>9714</position><in_Quantity.quantity>0.000000</in_Quantity.quantity><out_Quantity.quantity>676.337997</out_Quantity.quantity></Point><Point><position>9715</position><in_Quantity.quantity>0.000000</in_Quantity.quantity><out_Quantity.quantity>235.453787</out_Quantity.quantity></Point><Point><position>9716</position><in_Quantity.quantity>0.000000</in_Quantity.quantity><out_Quantity.quantity>688.377392</out_Quantity.quantity></Point><Point><position>9717</position><in_Quantity.quantity>0.000000</in_Quantity.quantity><out_Quantity.quantity>128.209284</out_Quantity.quantity></Point><Point><position>9718</position><in_Quantity.quantity>0.000000</in_Quantity.quantity><out_Quantity.quantity>422.091094</out_Quantity.quantity></Point><Point><position>9719</position><in_Quantity.quantity>0.000000</in_Quantity.quantity><out_Quantity.quantity>981.766102</out_Quantity.quantity></Point><Point><position>9720</position><in_Quantity.quantity>0.000000</in_Quantity.quantity><out_Quantity.quantity>120.843751</out_Quantity.quantity></Point><Point><position>9721</position><in_Quantity.quantity>0.000000</in_Quantity.quantity><out_Quantity.quantity>208.399573</out_Quantity.quantity></Point><Point><position>9722</position><in_Quantity.quantity>0.000000</in_Quantity.quantity><out_Quantity.quantity>410.998886</out_Quantity.quantity></Point><Point><position>9723</position><in_Quantity.quantity>0.000000</in_Quantity.quantity><out_Quantity.quantity>221.891676</out_Quantity.quantity></Point><Point><position>9724</position><in_Quantity.quantity>0.000000</in_Quantity.quantity><out_Quantity.quantity>806.869830</out_Quantity.quantity></Point><Point><position>9725</position><in_Quantity.quantity>0.000000</in_Quantity.quantity><out_Quantity.quantity>40.300645</out_Quantity.quantity></Point><Point><position>9726</position><in_Quantity.quantity>0.000000</in_Quantity.quantity><out_Quantity.quantity>896.140358</out_Quantity.quantity></Point><Point><position>9727</position><in_Quantity.quantity>0.000000</in_Quantity.quantity><out_Quantity.quantity>382.200354</out_Quantity.quantity></Point><Point><position>9728</position><in_Quantity.quantity>0.000000</in_Quantity.quantity><out_Quantity.quantity>569.805063</out_Quantity.quantity></Point><Point><position>9729</position><in_Quantity.quantity>0.000000</in_Quantity.quantity><out_Quantity.quantity>360.839217</out_Quantity.quantity></Point><Point><position>9730</position><in_Quantity.quantity>0.000000</in_Quantity.quantity><out_Quantity.quantity>40.442394</out_Quantity.quantity></Point><Point><position>9731</position><in_Quantity.quantity>0.000000</in_Quantity.quantity><out_Quantity.quantity>252.565572</out_Quantity.quantity></Point><Point><position>9732</position><in_Quantity.quantity>0.000000</in_Quantity.quantity><out_Quantity.quantity>989.447513</out_Quantity.quantity></Point><Point><position>9733</position><in_Quantity.quantity>0.000000</in_Quantity.quantity><out_Quantity.quantity>936.350563</out_Quantity.quantity></Point><Point><position>9734</position><in_Quantity.quantity>0.000000</in_Quantity.quantity><out_Quantity.quantity>387.948000</out_Quantity.quantity></Point><Point><position>9735</position><in_Quantity.quantity>0.000000</in_Quantity.quantity><out_Quantity.quantity>351.051096</out_Quantity.quantity></Point><Point><position>9736</position><in_Quantity.quantity>0.000000</in_Quantity.quantity><out_Quantity.quantity>669.622526</out_Quantity.quantity></Point><Point><position>9737</position><in_Quantity.quantity>0.000000</in_Quantity.quantity><out_Quantity.quantity>778.994296</out_Quantity.quantity></Point><Point><position>9738</position><in_Quantity.quantity>0.000000</in_Quantity.quantity><out_Quantity.quantity>727.904344</out_Quantity.quantity></Point><Point><position>9739</position><in_Quantity.quantity>0.000000</in_Quantity.quantity><out_Quantity.quantity>976.127291</out_Quantity.quantity></Point><Point><position>9740</position><in_Quantity.quantity>0.000000</in_Quantity.quantity><out_Quantity.quantity>899.965327</out_Quantity.quantity></Point><Point><position>9741</position><in_Quantity.quantity>0.000000</in_Quantity.quantity><out_Quantity.quantity>508.739367</out_Quantity.quantity></Point><Point><position>9742</position><in_Quantity.quantity>0.000000</in_Quantity.quantity><out_Quantity.quantity>114.505623</out_Quantity.quantity></Point><Point><position>9743</position><in_Quantity.quantity>0.000000</in_Quantity.quantity><out_Quantity.quantity>991.717363</out_Quantity.quantity></Point><Point><position>9744</position><in_Quantity.quantity>0.000000</in_Quantity.quantity><out_Quantity.quantity>995.147076</out_Quantity.quantity></Point><Point><position>9745</position><in_Quantity.quantity>0.000000</in_Quantity.quantity><out_Quantity.quantity>760.152410</out_Quantity.quantity></Point><Point><position>9746</position><in_Quantity.quantity>0.000000</in_Quantity.quantity><out_Quantity.quantity>139.460246</out_Quantity.quantity></Point><Point><position>9747</position><in_Quantity.quantity>0.000000</in_Quantity.quantity><out_Quantity.quantity>356.452734</out_Quantity.quantity></Point><Point><position>9748</position><in_Quantity.quantity>0.000000</in_Quantity.quantity><out_Quantity.quantity>76.098042</out_Quantity.quantity></Point><Point><position>9749</position><in_Quantity.quantity>0.000000</in_Quantity.quantity><out_Quantity.quantity>3.836722</out_Quantity.quantity></Point><Point><position>9750</position><in_Quantity.quantity>0.000000</in_Quantity.quantity><out_Quantity.quantity>734.111941</out_Quantity.quantity></Point><Point><position>9751</position><in_Quantity.quantity>0.000000</in_Quantity.quantity><out_Quantity.quantity>511.783064</out_Quantity.quantity></Point><Point><position>9752</position><in_Quantity.quantity>0.000000</in_Quantity.quantity><out_Quantity.quantity>786.832435</out_Quantity.quantity></Point><Point><position>9753</position><in_Quantity.quantity>0.000000</in_Quantity.quantity><out_Quantity.quantity>386.723415</out_Quantity.quantity></Point><Point><position>9754</position><in_Quantity.quantity>0.000000</in_Quantity.quantity><out_Quantity.quantity>715.330040</out_Quantity.quantity></Point><Point><position>9755</position><in_Quantity.quantity>0.000000</in_Quantity.quantity><out_Quantity.quantity>802.354866</out_Quantity.quantity></Point><Point><position>9756</position><in_Quantity.quantity>0.000000</in_Quantity.quantity><out_Quantity.quantity>902.738979</out_Quantity.quantity></Point><Point><position>9757</position><in_Quantity.quantity>0.000000</in_Quantity.quantity><out_Quantity.quantity>681.669101</out_Quantity.quantity></Point><Point><position>9758</position><in_Quantity.quantity>0.000000</in_Quantity.quantity><out_Quantity.quantity>763.558588</out_Quantity.quantity></Point><Point><position>9759</position><in_Quantity.quantity>0.000000</in_Quantity.quantity><out_Quantity.quantity>849.035118</out_Quantity.quantity></Point><Point><position>9760</position><in_Quantity.quantity>0.000000</in_Quantity.quantity><out_Quantity.quantity>233.336365</out_Quantity.quantity></Point><Point><position>9761</position><in_Quantity.quantity>0.000000</in_Quantity.quantity><out_Quantity.quantity>431.106441</out_Quantity.quantity></Point><Point><position>9762</position><in_Quantity.quantity>0.000000</in_Quantity.quantity><out_Quantity.quantity>842.177157</out_Quantity.quantity></Point><Point><position>9763</position><in_Quantity.quantity>0.000000</in_Quantity.quantity><out_Quantity.quantity>285.372236</out_Quantity.quantity></Point><Point><position>9764</position><in_Quantity.quantity>0.000000</in_Quantity.quantity><out_Quantity.quantity>943.915868</out_Quantity.quantity></Point><Point><position>9765</position><in_Quantity.quantity>0.000000</in_Quantity.quantity><out_Quantity.quantity>211.398024</out_Quantity.quantity></Point><Point><position>9766</position><in_Quantity.quantity>0.000000</in_Quantity.quantity><out_Quantity.quantity>943.524806</out_Quantity.quantity></Point><Point><position>9767</position><in_Quantity.quantity>0.000000</in_Quantity.quantity><out_Quantity.quantity>592.577343</out_Quantity.quantity></Point><Point><position>9768</position><in_Quantity.quantity>0.000000</in_Quantity.quantity><out_Quantity.quantity>999.419416</out_Quantity.quantity></Point><Point><position>9769</position><in_Quantity.quantity>0.000000</in_Quantity.quantity><out_Quantity.quantity>103.706636</out_Quantity.quantity></Point><Point><position>9770</position><in_Quantity.quantity>0.000000</in_Quantity.quantity><out_Quantity.quantity>228.186560</out_Quantity.quantity></Point><Point><position>9771</position><in_Quantity.quantity>0.000000</in_Quantity.quantity><out_Quantity.quantity>819.978719</out_Quantity.quantity></Point><Point><position>9772</position><in_Quantity.quantity>0.000000</in_Quantity.quantity><out_Quantity.quantity>530.123162</out_Quantity.quantity></Point><Point><position>9773</position><in_Quantity.quantity>0.000000</in_Quantity.quantity><out_Quantity.quantity>803.478868</out_Quantity.quantity></Point><Point><position>9774</position><in_Quantity.quantity>0.000000</in_Quantity.quantity><out_Quantity.quantity>945.545402</out_Quantity.quantity></Point><Point><position>9775</position><in_Quantity.quantity>0.000000</in_Quantity.quantity><out_Quantity.quantity>948.639896</out_Quantity.quantity></Point><Point><position>9776</position><in_Quantity.quantity>0.000000</in_Quantity.quantity><out_Quantity.quantity>475.522111</out_Quantity.quantity></Point><Point><position>9777</position><in_Quantity.quantity>0.000000</in_Quantity.quantity><out_Quantity.quantity>264.864846</out_Quantity.quantity></Point><Point><position>9778</position><in_Quantity.quantity>0.000000</in_Quantity.quantity><out_Quantity.quantity>84.380119</out_Quantity.quantity></Point><Point><position>9779</position><in_Quantity.quantity>0.000000</in_Quantity.quantity><out_Quantity.quantity>582.170894</out_Quantity.quantity></Point><Point><position>9780</position><in_Quantity.quantity>0.000000</in_Quantity.quantity><out_Quantity.quantity>59.974519</out_Quantity.quantity></Point><Point><position>9781</position><in_Quantity.quantity>0.000000</in_Quantity.quantity><out_Quantity.quantity>173.140328</out_Quantity.quantity></Point><Point><position>9782</position><in_Quantity.quantity>0.000000</in_Quantity.quantity><out_Quantity.quantity>980.267888</out_Quantity.quantity></Point><Point><position>9783</position><in_Quantity.quantity>0.000000</in_Quantity.quantity><out_Quantity.quantity>823.468136</out_Quantity.quantity></Point><Point><position>9784</position><in_Quantity.quantity>0.000000</in_Quantity.quantity><out_Quantity.quantity>78.794955</out_Quantity.quantity></Point><Point><position>9785</position><in_Quantity.quantity>0.000000</in_Quantity.quantity><out_Quantity.quantity>782.531644</out_Quantity.quantity></Point><Point><position>9786</position><in_Quantity.quantity>0.000000</in_Quantity.quantity><out_Quantity.quantity>151.219876</out_Quantity.quantity></Point><Point><position>9787</position><in_Quantity.quantity>0.000000</in_Quantity.quantity><out_Quantity.quantity>482.415533</out_Quantity.quantity></Point><Point><position>9788</position><in_Quantity.quantity>0.000000</in_Quantity.quantity><out_Quantity.quantity>86.203199</out_Quantity.quantity></Point><Point><position>9789</position><in_Quantity.quantity>0.000000</in_Quantity.quantity><out_Quantity.quantity>880.885244</out_Quantity.quantity></Point><Point><position>9790</position><in_Quantity.quantity>0.000000</in_Quantity.quantity><out_Quantity.quantity>857.124453</out_Quantity.quantity></Point><Point><position>9791</position><in_Quantity.quantity>0.000000</in_Quantity.quantity><out_Quantity.quantity>662.686713</out_Quantity.quantity></Point><Point><position>9792</position><in_Quantity.quantity>0.000000</in_Quantity.quantity><out_Quantity.quantity>330.107679</out_Quantity.quantity></Point><Point><position>9793</position><in_Quantity.quantity>0.000000</in_Quantity.quantity><out_Quantity.quantity>311.761348</out_Quantity.quantity></Point><Point><position>9794</position><in_Quantity.quantity>0.000000</in_Quantity.quantity><out_Quantity.quantity>878.295405</out_Quantity.quantity></Point><Point><position>9795</position><in_Quantity.quantity>0.000000</in_Quantity.quantity><out_Quantity.quantity>489.193917</out_Quantity.quantity></Point><Point><position>9796</position><in_Quantity.quantity>0.000000</in_Quantity.quantity><out_Quantity.quantity>421.450003</out_Quantity.quantity></Point><Point><position>9797</position><in_Quantity.quantity>0.000000</in_Quantity.quantity><out_Quantity.quantity>761.025551</out_Quantity.quantity></Point><Point><position>9798</position><in_Quantity.quantity>0.000000</in_Quantity.quantity><out_Quantity.quantity>515.041313</out_Quantity.quantity></Point><Point><position>9799</position><in_Quantity.quantity>0.000000</in_Quantity.quantity><out_Quantity.quantity>774.912119</out_Quantity.quantity></Point><Point><position>9800</position><in_Quantity.quantity>0.000000</in_Quantity.quantity><out_Quantity.quantity>792.358432</out_Quantity.quantity></Point><Point><position>9801</position><in_Quantity.quantity>0.000000</in_Quantity.quantity><out_Quantity.quantity>738.116594</out_Quantity.quantity></Point><Point><position>9802</position><in_Quantity.quantity>0.000000</in_Quantity.quantity><out_Quantity.quantity>637.642618</out_Quantity.quantity></Point><Point><position>9803</position><in_Quantity.quantity>0.000000</in_Quantity.quantity><out_Quantity.quantity>293.944135</out_Quantity.quantity></Point><Point><position>9804</position><in_Quantity.quantity>0.000000</in_Quantity.quantity><out_Quantity.quantity>28.370273</out_Quantity.quantity></Point><Point><position>9805</position><in_Quantity.quantity>0.000000</in_Quantity.quantity><out_Quantity.quantity>475.917192</out_Quantity.quantity></Point><Point><position>9806</position><in_Quantity.quantity>0.000000</in_Quantity.quantity><out_Quantity.quantity>902.571801</out_Quantity.quantity></Point><Point><position>9807</position><in_Quantity.quantity>0.000000</in_Quantity.quantity><out_Quantity.quantity>157.358898</out_Quantity.quantity></Point><Point><position>9808</position><in_Quantity.quantity>0.000000</in_Quantity.quantity><out_Quantity.quantity>637.566394</out_Quantity.quantity></Point><Point><position>9809</position><in_Quantity.quantity>0.000000</in_Quantity.quantity><out_Quantity.quantity>718.687503</out_Quantity.quantity></Point><Point><position>9810</position><in_Quantity.quantity>0.000000</in_Quantity.quantity><out_Quantity.quantity>266.502593</out_Quantity.quantity></Point><Point><position>9811</position><in_Quantity.quantity>0.000000</in_Quantity.quantity><out_Quantity.quantity>654.290366</out_Quantity.quantity></Point><Point><position>9812</position><in_Quantity.quantity>0.000000</in_Quantity.quantity><out_Quantity.quantity>743.544657</out_Quantity.quantity></Point><Point><position>9813</position><in_Quantity.quantity>0.000000</in_Quantity.quantity><out_Quantity.quantity>865.493882</out_Quantity.quantity></Point><Point><position>9814</position><in_Quantity.quantity>0.000000</in_Quantity.quantity><out_Quantity.quantity>172.226461</out_Quantity.quantity></Point><Point><position>9815</position><in_Quantity.quantity>0.000000</in_Quantity.quantity><out_Quantity.quantity>637.206349</out_Quantity.quantity></Point><Point><position>9816</position><in_Quantity.quantity>0.000000</in_Quantity.quantity><out_Quantity.quantity>760.719079</out_Quantity.quantity></Point><Point><position>9817</position><in_Quantity.quantity>0.000000</in_Quantity.quantity><out_Quantity.quantity>857.976543</out_Quantity.quantity></Point><Point><position>9818</position><in_Quantity.quantity>0.000000</in_Quantity.quantity><out_Quantity.quantity>308.552277</out_Quantity.quantity></Point><Point><position>9819</position><in_Quantity.quantity>0.000000</in_Quantity.quantity><out_Quantity.quantity>78.239166</out_Quantity.quantity></Point><Point><position>9820</position><in_Quantity.quantity>0.000000</in_Quantity.quantity><out_Quantity.quantity>44.608482</out_Quantity.quantity></Point><Point><position>9821</position><in_Quantity.quantity>0.000000</in_Quantity.quantity><out_Quantity.quantity>662.142026</out_Quantity.quantity></Point><Point><position>9822</position><in_Quantity.quantity>0.000000</in_Quantity.quantity><out_Quantity.quantity>719.578516</out_Quantity.quantity></Point><Point><position>9823</position><in_Quantity.quantity>0.000000</in_Quantity.quantity><out_Quantity.quantity>972.684829</out_Quantity.quantity></Point><Point><position>9824</position><in_Quantity.quantity>0.000000</in_Quantity.quantity><out_Quantity.quantity>972.024647</out_Quantity.quantity></Point><Point><position>9825</position><in_Quantity.quantity>0.000000</in_Quantity.quantity><out_Quantity.quantity>472.226783</out_Quantity.quantity></Point><Point><position>9826</position><in_Quantity.quantity>0.000000</in_Quantity.quantity><out_Quantity.quantity>642.242140</out_Quantity.quantity></Point><Point><position>9827</position><in_Quantity.quantity>0.000000</in_Quantity.quantity><out_Quantity.quantity>138.358931</out_Quantity.quantity></Point><Point><position>9828</position><in_Quantity.quantity>0.000000</in_Quantity.quantity><out_Quantity.quantity>561.542767</out_Quantity.quantity></Point><Point><position>9829</position><in_Quantity.quantity>0.000000</in_Quantity.quantity><out_Quantity.quantity>246.523521</out_Quantity.quantity></Point><Point><position>9830</position><in_Quantity.quantity>0.000000</in_Quantity.quantity><out_Quantity.quantity>149.729786</out_Quantity.quantity></Point><Point><position>9831</position><in_Quantity.quantity>0.000000</in_Quantity.quantity><out_Quantity.quantity>940.485700</out_Quantity.quantity></Point><Point><position>9832</position><in_Quantity.quantity>0.000000</in_Quantity.quantity><out_Quantity.quantity>497.774169</out_Quantity.quantity></Point><Point><position>9833</position><in_Quantity.quantity>0.000000</in_Quantity.quantity><out_Quantity.quantity>41.837247</out_Quantity.quantity></Point><Point><position>9834</position><in_Quantity.quantity>0.000000</in_Quantity.quantity><out_Quantity.quantity>440.990640</out_Quantity.quantity></Point><Point><position>9835</position><in_Quantity.quantity>0.000000</in_Quantity.quantity><out_Quantity.quantity>197.901651</out_Quantity.quantity></Point><Point><position>9836</position><in_Quantity.quantity>0.000000</in_Quantity.quantity><out_Quantity.quantity>524.106477</out_Quantity.quantity></Point><Point><position>9837</position><in_Quantity.quantity>0.000000</in_Quantity.quantity><out_Quantity.quantity>35.934564</out_Quantity.quantity></Point><Point><position>9838</position><in_Quantity.quantity>0.000000</in_Quantity.quantity><out_Quantity.quantity>967.787315</out_Quantity.quantity></Point><Point><position>9839</position><in_Quantity.quantity>0.000000</in_Quantity.quantity><out_Quantity.quantity>654.584440</out_Quantity.quantity></Point><Point><position>9840</position><in_Quantity.quantity>0.000000</in_Quantity.quantity><out_Quantity.quantity>551.798006</out_Quantity.quantity></Point><Point><position>9841</position><in_Quantity.quantity>0.000000</in_Quantity.quantity><out_Quantity.quantity>955.738134</out_Quantity.quantity></Point><Point><position>9842</position><in_Quantity.quantity>0.000000</in_Quantity.quantity><out_Quantity.quantity>238.776461</out_Quantity.quantity></Point><Point><position>9843</position><in_Quantity.quantity>0.000000</in_Quantity.quantity><out_Quantity.quantity>704.695385</out_Quantity.quantity></Point><Point><position>9844</position><in_Quantity.quantity>0.000000</in_Quantity.quantity><out_Quantity.quantity>836.119108</out_Quantity.quantity></Point><Point><position>9845</position><in_Quantity.quantity>0.000000</in_Quantity.quantity><out_Quantity.quantity>875.540012</out_Quantity.quantity></Point><Point><position>9846</position><in_Quantity.quantity>0.000000</in_Quantity.quantity><out_Quantity.quantity>968.139983</out_Quantity.quantity></Point><Point><position>9847</position><in_Quantity.quantity>0.000000</in_Quantity.quantity><out_Quantity.quantity>147.100465</out_Quantity.quantity></Point><Point><position>9848</position><in_Quantity.quantity>0.000000</in_Quantity.quantity><out_Quantity.quantity>715.983226</out_Quantity.quantity></Point><Point><position>9849</position><in_Quantity.quantity>0.000000</in_Quantity.quantity><out_Quantity.quantity>776.080126</out_Quantity.quantity></Point><Point><position>9850</position><in_Quantity.quantity>0.000000</in_Quantity.quantity><out_Quantity.quantity>465.644594</out_Quantity.quantity></Point><Point><position>9851</position><in_Quantity.quantity>0.000000</in_Quantity.quantity><out_Quantity.quantity>495.840968</out_Quantity.quantity></Point><Point><position>9852</position><in_Quantity.quantity>0.000000</in_Quantity.quantity><out_Quantity.quantity>766.932173</out_Quantity.quantity></Point><Point><position>9853</position><in_Quantity.quantity>0.000000</in_Quantity.quantity><out_Quantity.quantity>973.289552</out_Quantity.quantity></Point><Point><position>9854</position><in_Quantity.quantity>0.000000</in_Quantity.quantity><out_Quantity.quantity>891.554423</out_Quantity.quantity></Point><Point><position>9855</position><in_Quantity.quantity>0.000000</in_Quantity.quantity><out_Quantity.quantity>758.032741</out_Quantity.quantity></Point><Point><position>9856</position><in_Quantity.quantity>0.000000</in_Quantity.quantity><out_Quantity.quantity>750.914524</out_Quantity.quantity></Point><Point><position>9857</position><in_Quantity.quantity>0.000000</in_Quantity.quantity><out_Quantity.quantity>748.042066</out_Quantity.quantity></Point><Point><position>9858</position><in_Quantity.quantity>0.000000</in_Quantity.quantity><out_Quantity.quantity>453.251719</out_Quantity.quantity></Point><Point><position>9859</position><in_Quantity.quantity>0.000000</in_Quantity.quantity><out_Quantity.quantity>301.348645</out_Quantity.quantity></Point><Point><position>9860</position><in_Quantity.quantity>0.000000</in_Quantity.quantity><out_Quantity.quantity>79.356794</out_Quantity.quantity></Point><Point><position>9861</position><in_Quantity.quantity>0.000000</in_Quantity.quantity><out_Quantity.quantity>151.925148</out_Quantity.quantity></Point><Point><position>9862</position><in_Quantity.quantity>0.000000</in_Quantity.quantity><out_Quantity.quantity>517.037429</out_Quantity.quantity></Point><Point><position>9863</position><in_Quantity.quantity>0.000000</in_Quantity.quantity><out_Quantity.quantity>849.965969</out_Quantity.quantity></Point><Point><position>9864</position><in_Quantity.quantity>0.000000</in_Quantity.quantity><out_Quantity.quantity>693.764319</out_Quantity.quantity></Point><Point><position>9865</position><in_Quantity.quantity>0.000000</in_Quantity.quantity><out_Quantity.quantity>590.502201</out_Quantity.quantity></Point><Point><position>9866</position><in_Quantity.quantity>0.000000</in_Quantity.quantity><out_Quantity.quantity>929.490153</out_Quantity.quantity></Point><Point><position>9867</position><in_Quantity.quantity>0.000000</in_Quantity.quantity><out_Quantity.quantity>229.009496</out_Quantity.quantity></Point><Point><position>9868</position><in_Quantity.quantity>0.000000</in_Quantity.quantity><out_Quantity.quantity>338.733109</out_Quantity.quantity></Point><Point><position>9869</position><in_Quantity.quantity>0.000000</in_Quantity.quantity><out_Quantity.quantity>603.999322</out_Quantity.quantity></Point><Point><position>9870</position><in_Quantity.quantity>0.000000</in_Quantity.quantity><out_Quantity.quantity>979.842730</out_Quantity.quantity></Point><Point><position>9871</position><in_Quantity.quantity>0.000000</in_Quantity.quantity><out_Quantity.quantity>573.164048</out_Quantity.quantity></Point><Point><position>9872</position><in_Quantity.quantity>0.000000</in_Quantity.quantity><out_Quantity.quantity>343.421635</out_Quantity.quantity></Point><Point><position>9873</position><in_Quantity.quantity>0.000000</in_Quantity.quantity><out_Quantity.quantity>991.078399</out_Quantity.quantity></Point><Point><position>9874</position><in_Quantity.quantity>0.000000</in_Quantity.quantity><out_Quantity.quantity>746.408967</out_Quantity.quantity></Point><Point><position>9875</position><in_Quantity.quantity>0.000000</in_Quantity.quantity><out_Quantity.quantity>960.223745</out_Quantity.quantity></Point><Point><position>9876</position><in_Quantity.quantity>0.000000</in_Quantity.quantity><out_Quantity.quantity>531.034205</out_Quantity.quantity></Point><Point><position>9877</position><in_Quantity.quantity>0.000000</in_Quantity.quantity><out_Quantity.quantity>507.567115</out_Quantity.quantity></Point><Point><position>9878</position><in_Quantity.quantity>0.000000</in_Quantity.quantity><out_Quantity.quantity>870.216333</out_Quantity.quantity></Point><Point><position>9879</position><in_Quantity.quantity>0.000000</in_Quantity.quantity><out_Quantity.quantity>534.137564</out_Quantity.quantity></Point><Point><position>9880</position><in_Quantity.quantity>0.000000</in_Quantity.quantity><out_Quantity.quantity>175.440275</out_Quantity.quantity></Point><Point><position>9881</position><in_Quantity.quantity>0.000000</in_Quantity.quantity><out_Quantity.quantity>365.031599</out_Quantity.quantity></Point><Point><position>9882</position><in_Quantity.quantity>0.000000</in_Quantity.quantity><out_Quantity.quantity>886.593991</out_Quantity.quantity></Point><Point><position>9883</position><in_Quantity.quantity>0.000000</in_Quantity.quantity><out_Quantity.quantity>193.645192</out_Quantity.quantity></Point><Point><position>9884</position><in_Quantity.quantity>0.000000</in_Quantity.quantity><out_Quantity.quantity>807.413206</out_Quantity.quantity></Point><Point><position>9885</position><in_Quantity.quantity>0.000000</in_Quantity.quantity><out_Quantity.quantity>925.529057</out_Quantity.quantity></Point><Point><position>9886</position><in_Quantity.quantity>0.000000</in_Quantity.quantity><out_Quantity.quantity>521.490535</out_Quantity.quantity></Point><Point><position>9887</position><in_Quantity.quantity>0.000000</in_Quantity.quantity><out_Quantity.quantity>591.006488</out_Quantity.quantity></Point><Point><position>9888</position><in_Quantity.quantity>0.000000</in_Quantity.quantity><out_Quantity.quantity>212.173337</out_Quantity.quantity></Point><Point><position>9889</position><in_Quantity.quantity>0.000000</in_Quantity.quantity><out_Quantity.quantity>569.693063</out_Quantity.quantity></Point><Point><position>9890</position><in_Quantity.quantity>0.000000</in_Quantity.quantity><out_Quantity.quantity>32.702268</out_Quantity.quantity></Point><Point><position>9891</position><in_Quantity.quantity>0.000000</in_Quantity.quantity><out_Quantity.quantity>18.106843</out_Quantity.quantity></Point><Point><position>9892</position><in_Quantity.quantity>0.000000</in_Quantity.quantity><out_Quantity.quantity>224.169573</out_Quantity.quantity></Point><Point><position>9893</position><in_Quantity.quantity>0.000000</in_Quantity.quantity><out_Quantity.quantity>154.383390</out_Quantity.quantity></Point><Point><position>9894</position><in_Quantity.quantity>0.000000</in_Quantity.quantity><out_Quantity.quantity>807.152333</out_Quantity.quantity></Point><Point><position>9895</position><in_Quantity.quantity>0.000000</in_Quantity.quantity><out_Quantity.quantity>868.255695</out_Quantity.quantity></Point><Point><position>9896</position><in_Quantity.quantity>0.000000</in_Quantity.quantity><out_Quantity.quantity>17.827950</out_Quantity.quantity></Point><Point><position>9897</position><in_Quantity.quantity>0.000000</in_Quantity.quantity><out_Quantity.quantity>795.696591</out_Quantity.quantity></Point><Point><position>9898</position><in_Quantity.quantity>0.000000</in_Quantity.quantity><out_Quantity.quantity>128.619407</out_Quantity.quantity></Point><Point><position>9899</position><in_Quantity.quantity>0.000000</in_Quantity.quantity><out_Quantity.quantity>598.792165</out_Quantity.quantity></Point><Point><position>9900</position><in_Quantity.quantity>0.000000</in_Quantity.quantity><out_Quantity.quantity>594.676081</out_Quantity.quantity></Point><Point><position>9901</position><in_Quantity.quantity>0.000000</in_Quantity.quantity><out_Quantity.quantity>917.911190</out_Quantity.quantity></Point><Point><position>9902</position><in_Quantity.quantity>0.000000</in_Quantity.quantity><out_Quantity.quantity>97.702011</out_Quantity.quantity></Point><Point><position>9903</position><in_Quantity.quantity>0.000000</in_Quantity.quantity><out_Quantity.quantity>301.422457</out_Quantity.quantity></Point><Point><position>9904</position><in_Quantity.quantity>0.000000</in_Quantity.quantity><out_Quantity.quantity>68.839714</out_Quantity.quantity></Point><Point><position>9905</position><in_Quantity.quantity>0.000000</in_Quantity.quantity><out_Quantity.quantity>972.715190</out_Quantity.quantity></Point><Point><position>9906</position><in_Quantity.quantity>0.000000</in_Quantity.quantity><out_Quantity.quantity>706.033874</out_Quantity.quantity></Point><Point><position>9907</position><in_Quantity.quantity>0.000000</in_Quantity.quantity><out_Quantity.quantity>702.137368</out_Quantity.quantity></Point><Point><position>9908</position><in_Quantity.quantity>0.000000</in_Quantity.quantity><out_Quantity.quantity>118.456164</out_Quantity.quantity></Point><Point><position>9909</position><in_Quantity.quantity>0.000000</in_Quantity.quantity><out_Quantity.quantity>79.120824</out_Quantity.quantity></Point><Point><position>9910</position><in_Quantity.quantity>0.000000</in_Quantity.quantity><out_Quantity.quantity>527.859055</out_Quantity.quantity></Point><Point><position>9911</position><in_Quantity.quantity>0.000000</in_Quantity.quantity><out_Quantity.quantity>77.849591</out_Quantity.quantity></Point><Point><position>9912</position><in_Quantity.quantity>0.000000</in_Quantity.quantity><out_Quantity.quantity>383.287921</out_Quantity.quantity></Point><Point><position>9913</position><in_Quantity.quantity>0.000000</in_Quantity.quantity><out_Quantity.quantity>532.636723</out_Quantity.quantity></Point><Point><position>9914</position><in_Quantity.quantity>0.000000</in_Quantity.quantity><out_Quantity.quantity>724.709082</out_Quantity.quantity></Point><Point><position>9915</position><in_Quantity.quantity>0.000000</in_Quantity.quantity><out_Quantity.quantity>31.327361</out_Quantity.quantity></Point><Point><position>9916</position><in_Quantity.quantity>0.000000</in_Quantity.quantity><out_Quantity.quantity>695.390820</out_Quantity.quantity></Point><Point><position>9917</position><in_Quantity.quantity>0.000000</in_Quantity.quantity><out_Quantity.quantity>730.164464</out_Quantity.quantity></Point><Point><position>9918</position><in_Quantity.quantity>0.000000</in_Quantity.quantity><out_Quantity.quantity>849.505428</out_Quantity.quantity></Point><Point><position>9919</position><in_Quantity.quantity>0.000000</in_Quantity.quantity><out_Quantity.quantity>574.761770</out_Quantity.quantity></Point><Point><position>9920</position><in_Quantity.quantity>0.000000</in_Quantity.quantity><out_Quantity.quantity>465.466294</out_Quantity.quantity></Point><Point><position>9921</position><in_Quantity.quantity>0.000000</in_Quantity.quantity><out_Quantity.quantity>939.433710</out_Quantity.quantity></Point><Point><position>9922</position><in_Quantity.quantity>0.000000</in_Quantity.quantity><out_Quantity.quantity>964.742221</out_Quantity.quantity></Point><Point><position>9923</position><in_Quantity.quantity>0.000000</in_Quantity.quantity><out_Quantity.quantity>112.666224</out_Quantity.quantity></Point><Point><position>9924</position><in_Quantity.quantity>0.000000</in_Quantity.quantity><out_Quantity.quantity>942.423085</out_Quantity.quantity></Point><Point><position>9925</position><in_Quantity.quantity>0.000000</in_Quantity.quantity><out_Quantity.quantity>833.399987</out_Quantity.quantity></Point><Point><position>9926</position><in_Quantity.quantity>0.000000</in_Quantity.quantity><out_Quantity.quantity>802.169732</out_Quantity.quantity></Point><Point><position>9927</position><in_Quantity.quantity>0.000000</in_Quantity.quantity><out_Quantity.quantity>565.760249</out_Quantity.quantity></Point><Point><position>9928</position><in_Quantity.quantity>0.000000</in_Quantity.quantity><out_Quantity.quantity>569.547571</out_Quantity.quantity></Point><Point><position>9929</position><in_Quantity.quantity>0.000000</in_Quantity.quantity><out_Quantity.quantity>460.141939</out_Quantity.quantity></Point><Point><position>9930</position><in_Quantity.quantity>0.000000</in_Quantity.quantity><out_Quantity.quantity>864.688215</out_Quantity.quantity></Point><Point><position>9931</position><in_Quantity.quantity>0.000000</in_Quantity.quantity><out_Quantity.quantity>421.789843</out_Quantity.quantity></Point><Point><position>9932</position><in_Quantity.quantity>0.000000</in_Quantity.quantity><out_Quantity.quantity>408.624345</out_Quantity.quantity></Point><Point><position>9933</position><in_Quantity.quantity>0.000000</in_Quantity.quantity><out_Quantity.quantity>558.473071</out_Quantity.quantity></Point><Point><position>9934</position><in_Quantity.quantity>0.000000</in_Quantity.quantity><out_Quantity.quantity>249.917588</out_Quantity.quantity></Point><Point><position>9935</position><in_Quantity.quantity>0.000000</in_Quantity.quantity><out_Quantity.quantity>217.783825</out_Quantity.quantity></Point><Point><position>9936</position><in_Quantity.quantity>0.000000</in_Quantity.quantity><out_Quantity.quantity>839.833569</out_Quantity.quantity></Point><Point><position>9937</position><in_Quantity.quantity>0.000000</in_Quantity.quantity><out_Quantity.quantity>468.582989</out_Quantity.quantity></Point><Point><position>9938</position><in_Quantity.quantity>0.000000</in_Quantity.quantity><out_Quantity.quantity>988.839230</out_Quantity.quantity></Point><Point><position>9939</position><in_Quantity.quantity>0.000000</in_Quantity.quantity><out_Quantity.quantity>652.183734</out_Quantity.quantity></Point><Point><position>9940</position><in_Quantity.quantity>0.000000</in_Quantity.quantity><out_Quantity.quantity>460.189344</out_Quantity.quantity></Point><Point><position>9941</position><in_Quantity.quantity>0.000000</in_Quantity.quantity><out_Quantity.quantity>234.523682</out_Quantity.quantity></Point><Point><position>9942</position><in_Quantity.quantity>0.000000</in_Quantity.quantity><out_Quantity.quantity>312.461035</out_Quantity.quantity></Point><Point><position>9943</position><in_Quantity.quantity>0.000000</in_Quantity.quantity><out_Quantity.quantity>937.844870</out_Quantity.quantity></Point><Point><position>9944</position><in_Quantity.quantity>0.000000</in_Quantity.quantity><out_Quantity.quantity>201.945314</out_Quantity.quantity></Point><Point><position>9945</position><in_Quantity.quantity>0.000000</in_Quantity.quantity><out_Quantity.quantity>994.771263</out_Quantity.quantity></Point><Point><position>9946</position><in_Quantity.quantity>0.000000</in_Quantity.quantity><out_Quantity.quantity>35.141873</out_Quantity.quantity></Point><Point><position>9947</position><in_Quantity.quantity>0.000000</in_Quantity.quantity><out_Quantity.quantity>753.813158</out_Quantity.quantity></Point><Point><position>9948</position><in_Quantity.quantity>0.000000</in_Quantity.quantity><out_Quantity.quantity>198.347718</out_Quantity.quantity></Point><Point><position>9949</position><in_Quantity.quantity>0.000000</in_Quantity.quantity><out_Quantity.quantity>740.884139</out_Quantity.quantity></Point><Point><position>9950</position><in_Quantity.quantity>0.000000</in_Quantity.quantity><out_Quantity.quantity>501.994674</out_Quantity.quantity></Point><Point><position>9951</position><in_Quantity.quantity>0.000000</in_Quantity.quantity><out_Quantity.quantity>589.034024</out_Quantity.quantity></Point><Point><position>9952</position><in_Quantity.quantity>0.000000</in_Quantity.quantity><out_Quantity.quantity>520.809389</out_Quantity.quantity></Point><Point><position>9953</position><in_Quantity.quantity>0.000000</in_Quantity.quantity><out_Quantity.quantity>192.802881</out_Quantity.quantity></Point><Point><position>9954</position><in_Quantity.quantity>0.000000</in_Quantity.quantity><out_Quantity.quantity>362.192354</out_Quantity.quantity></Point><Point><position>9955</position><in_Quantity.quantity>0.000000</in_Quantity.quantity><out_Quantity.quantity>734.064773</out_Quantity.quantity></Point><Point><position>9956</position><in_Quantity.quantity>0.000000</in_Quantity.quantity><out_Quantity.quantity>486.786577</out_Quantity.quantity></Point><Point><position>9957</position><in_Quantity.quantity>0.000000</in_Quantity.quantity><out_Quantity.quantity>48.737370</out_Quantity.quantity></Point><Point><position>9958</position><in_Quantity.quantity>0.000000</in_Quantity.quantity><out_Quantity.quantity>934.658541</out_Quantity.quantity></Point><Point><position>9959</position><in_Quantity.quantity>0.000000</in_Quantity.quantity><out_Quantity.quantity>429.725912</out_Quantity.quantity></Point><Point><position>9960</position><in_Quantity.quantity>0.000000</in_Quantity.quantity><out_Quantity.quantity>180.390149</out_Quantity.quantity></Point><Point><position>9961</position><in_Quantity.quantity>0.000000</in_Quantity.quantity><out_Quantity.quantity>976.447511</out_Quantity.quantity></Point><Point><position>9962</position><in_Quantity.quantity>0.000000</in_Quantity.quantity><out_Quantity.quantity>209.008788</out_Quantity.quantity></Point><Point><position>9963</position><in_Quantity.quantity>0.000000</in_Quantity.quantity><out_Quantity.quantity>735.226074</out_Quantity.quantity></Point><Point><position>9964</position><in_Quantity.quantity>0.000000</in_Quantity.quantity><out_Quantity.quantity>699.256317</out_Quantity.quantity></Point><Point><position>9965</position><in_Quantity.quantity>0.000000</in_Quantity.quantity><out_Quantity.quantity>903.924924</out_Quantity.quantity></Point><Point><position>9966</position><in_Quantity.quantity>0.000000</in_Quantity.quantity><out_Quantity.quantity>139.615306</out_Quantity.quantity></Point><Point><position>9967</position><in_Quantity.quantity>0.000000</in_Quantity.quantity><out_Quantity.quantity>336.811961</out_Quantity.quantity></Point><Point><position>9968</position><in_Quantity.quantity>0.000000</in_Quantity.quantity><out_Quantity.quantity>331.254142</out_Quantity.quantity></Point><Point><position>9969</position><in_Quantity.quantity>0.000000</in_Quantity.quantity><out_Quantity.quantity>8.026253</out_Quantity.quantity></Point><Point><position>9970</position><in_Quantity.quantity>0.000000</in_Quantity.quantity><out_Quantity.quantity>701.149239</out_Quantity.quantity></Point><Point><position>9971</position><in_Quantity.quantity>0.000000</in_Quantity.quantity><out_Quantity.quantity>676.595034</out_Quantity.quantity></Point><Point><position>9972</position><in_Quantity.quantity>0.000000</in_Quantity.quantity><out_Quantity.quantity>800.440522</out_Quantity.quantity></Point><Point><position>9973</position><in_Quantity.quantity>0.000000</in_Quantity.quantity><out_Quantity.quantity>270.389498</out_Quantity.quantity></Point><Point><position>9974</position><in_Quantity.quantity>0.000000</in_Quantity.quantity><out_Quantity.quantity>412.478568</out_Quantity.quantity></Point><Point><position>9975</position><in_Quantity.quantity>0.000000</in_Quantity.quantity><out_Quantity.quantity>58.948710</out_Quantity.quantity></Point><Point><position>9976</position><in_Quantity.quantity>0.000000</in_Quantity.quantity><out_Quantity.quantity>388.614393</out_Quantity.quantity></Point><Point><position>9977</position><in_Quantity.quantity>0.000000</in_Quantity.quantity><out_Quantity.quantity>491.751079</out_Quantity.quantity></Point><Point><position>9978</position><in_Quantity.quantity>0.000000</in_Quantity.quantity><out_Quantity.quantity>866.595447</out_Quantity.quantity></Point><Point><position>9979</position><in_Quantity.quantity>0.000000</in_Quantity.quantity><out_Quantity.quantity>256.677384</out_Quantity.quantity></Point><Point><position>9980</position><in_Quantity.quantity>0.000000</in_Quantity.quantity><out_Quantity.quantity>365.534938</out_Quantity.quantity></Point><Point><position>9981</position><in_Quantity.quantity>0.000000</in_Quantity.quantity><out_Quantity.quantity>342.524246</out_Quantity.quantity></Point><Point><position>9982</position><in_Quantity.quantity>0.000000</in_Quantity.quantity><out_Quantity.quantity>603.287528</out_Quantity.quantity></Point><Point><position>9983</position><in_Quantity.quantity>0.000000</in_Quantity.quantity><out_Quantity.quantity>991.785526</out_Quantity.quantity></Point><Point><position>9984</position><in_Quantity.quantity>0.000000</in_Quantity.quantity><out_Quantity.quantity>874.317597</out_Quantity.quantity></Point><Point><position>9985</position><in_Quantity.quantity>0.000000</in_Quantity.quantity><out_Quantity.quantity>880.214715</out_Quantity.quantity></Point><Point><position>9986</position><in_Quantity.quantity>0.000000</in_Quantity.quantity><out_Quantity.quantity>366.601938</out_Quantity.quantity></Point><Point><position>9987</position><in_Quantity.quantity>0.000000</in_Quantity.quantity><out_Quantity.quantity>574.621758</out_Quantity.quantity></Point><Point><position>9988</position><in_Quantity.quantity>0.000000</in_Quantity.quantity><out_Quantity.quantity>172.478717</out_Quantity.quantity></Point><Point><position>9989</position><in_Quantity.quantity>0.000000</in_Quantity.quantity><out_Quantity.quantity>838.725531</out_Quantity.quantity></Point><Point><position>9990</position><in_Quantity.quantity>0.000000</in_Quantity.quantity><out_Quantity.quantity>877.901323</out_Quantity.quantity></Point><Point><position>9991</position><in_Quantity.quantity>0.000000</in_Quantity.quantity><out_Quantity.quantity>654.460662</out_Quantity.quantity></Point><Point><position>9992</position><in_Quantity.quantity>0.000000</in_Quantity.quantity><out_Quantity.quantity>190.098688</out_Quantity.quantity></Point><Point><position>9993</position><in_Quantity.quantity>0.000000</in_Quantity.quantity><out_Quantity.quantity>813.457251</out_Quantity.quantity></Point><Point><position>9994</position><in_Quantity.quantity>0.000000</in_Quantity.quantity><out_Quantity.quantity>419.840119</out_Quantity.quantity></Point><Point><position>9995</position><in_Quantity.quantity>0.000000</in_Quantity.quantity><out_Quantity.quantity>506.787414</out_Quantity.quantity></Point><Point><position>9996</position><in_Quantity.quantity>0.000000</in_Quantity.quantity><out_Quantity.quantity>349.996981</out_Quantity.quantity></Point><Point><position>9997</position><in_Quantity.quantity>0.000000</in_Quantity.quantity><out_Quantity.quantity>930.045282</out_Quantity.quantity></Point><Point><position>9998</position><in_Quantity.quantity>0.000000</in_Quantity.quantity><out_Quantity.quantity>567.968799</out_Quantity.quantity></Point><Point><position>9999</position><in_Quantity.quantity>0.000000</in_Quantity.quantity><out_Quantity.quantity>381.811714</out_Quantity.quantity></Point><Point><position>10000</position><in_Quantity.quantity>0.000000</in_Quantity.quantity><out_Quantity.quantity>709.930637</out_Quantity.quantity></Point><Point><position>10001</position><in_Quantity.quantity>0.000000</in_Quantity.quantity><out_Quantity.quantity>794.057441</out_Quantity.quantity></Point><Point><position>10002</position><in_Quantity.quantity>0.000000</in_Quantity.quantity><out_Quantity.quantity>184.077485</out_Quantity.quantity></Point><Point><position>10003</position><in_Quantity.quantity>0.000000</in_Quantity.quantity><out_Quantity.quantity>287.208366</out_Quantity.quantity></Point><Point><position>10004</position><in_Quantity.quantity>0.000000</in_Quantity.quantity><out_Quantity.quantity>943.277775</out_Quantity.quantity></Point><Point><position>10005</position><in_Quantity.quantity>0.000000</in_Quantity.quantity><out_Quantity.quantity>142.703570</out_Quantity.quantity></Point><Point><position>10006</position><in_Quantity.quantity>0.000000</in_Quantity.quantity><out_Quantity.quantity>434.081678</out_Quantity.quantity></Point><Point><position>10007</position><in_Quantity.quantity>0.000000</in_Quantity.quantity><out_Quantity.quantity>323.277690</out_Quantity.quantity></Point><Point><position>10008</position><in_Quantity.quantity>0.000000</in_Quantity.quantity><out_Quantity.quantity>714.728618</out_Quantity.quantity></Point><Point><position>10009</position><in_Quantity.quantity>0.000000</in_Quantity.quantity><out_Quantity.quantity>418.013631</out_Quantity.quantity></Point><Point><position>10010</position><in_Quantity.quantity>0.000000</in_Quantity.quantity><out_Quantity.quantity>679.631623</out_Quantity.quantity></Point><Point><position>10011</position><in_Quantity.quantity>0.000000</in_Quantity.quantity><out_Quantity.quantity>802.332101</out_Quantity.quantity></Point><Point><position>10012</position><in_Quantity.quantity>0.000000</in_Quantity.quantity><out_Quantity.quantity>564.952851</out_Quantity.quantity></Point><Point><position>10013</position><in_Quantity.quantity>0.000000</in_Quantity.quantity><out_Quantity.quantity>692.218752</out_Quantity.quantity></Point><Point><position>10014</position><in_Quantity.quantity>0.000000</in_Quantity.quantity><out_Quantity.quantity>496.978384</out_Quantity.quantity></Point><Point><position>10015</position><in_Quantity.quantity>0.000000</in_Quantity.quantity><out_Quantity.quantity>582.137038</out_Quantity.quantity></Point><Point><position>10016</position><in_Quantity.quantity>0.000000</in_Quantity.quantity><out_Quantity.quantity>910.262102</out_Quantity.quantity></Point><Point><position>10017</position><in_Quantity.quantity>0.000000</in_Quantity.quantity><out_Quantity.quantity>142.507343</out_Quantity.quantity></Point><Point><position>10018</position><in_Quantity.quantity>0.000000</in_Quantity.quantity><out_Quantity.quantity>470.152661</out_Quantity.quantity></Point><Point><position>10019</position><in_Quantity.quantity>0.000000</in_Quantity.quantity><out_Quantity.quantity>71.689872</out_Quantity.quantity></Point><Point><position>10020</position><in_Quantity.quantity>0.000000</in_Quantity.quantity><out_Quantity.quantity>762.561620</out_Quantity.quantity></Point><Point><position>10021</position><in_Quantity.quantity>0.000000</in_Quantity.quantity><out_Quantity.quantity>1.099212</out_Quantity.quantity></Point><Point><position>10022</position><in_Quantity.quantity>0.000000</in_Quantity.quantity><out_Quantity.quantity>758.837036</out_Quantity.quantity></Point><Point><position>10023</position><in_Quantity.quantity>0.000000</in_Quantity.quantity><out_Quantity.quantity>927.961909</out_Quantity.quantity></Point><Point><position>10024</position><in_Quantity.quantity>0.000000</in_Quantity.quantity><out_Quantity.quantity>565.929100</out_Quantity.quantity></Point><Point><position>10025</position><in_Quantity.quantity>0.000000</in_Quantity.quantity><out_Quantity.quantity>970.633251</out_Quantity.quantity></Point><Point><position>10026</position><in_Quantity.quantity>0.000000</in_Quantity.quantity><out_Quantity.quantity>329.700268</out_Quantity.quantity></Point><Point><position>10027</position><in_Quantity.quantity>0.000000</in_Quantity.quantity><out_Quantity.quantity>230.005327</out_Quantity.quantity></Point><Point><position>10028</position><in_Quantity.quantity>0.000000</in_Quantity.quantity><out_Quantity.quantity>685.762671</out_Quantity.quantity></Point><Point><position>10029</position><in_Quantity.quantity>0.000000</in_Quantity.quantity><out_Quantity.quantity>815.835175</out_Quantity.quantity></Point><Point><position>10030</position><in_Quantity.quantity>0.000000</in_Quantity.quantity><out_Quantity.quantity>159.112489</out_Quantity.quantity></Point><Point><position>10031</position><in_Quantity.quantity>0.000000</in_Quantity.quantity><out_Quantity.quantity>452.761000</out_Quantity.quantity></Point><Point><position>10032</position><in_Quantity.quantity>0.000000</in_Quantity.quantity><out_Quantity.quantity>551.403109</out_Quantity.quantity></Point><Point><position>10033</position><in_Quantity.quantity>0.000000</in_Quantity.quantity><out_Quantity.quantity>472.099230</out_Quantity.quantity></Point><Point><position>10034</position><in_Quantity.quantity>0.000000</in_Quantity.quantity><out_Quantity.quantity>961.060353</out_Quantity.quantity></Point><Point><position>10035</position><in_Quantity.quantity>0.000000</in_Quantity.quantity><out_Quantity.quantity>475.343076</out_Quantity.quantity></Point><Point><position>10036</position><in_Quantity.quantity>0.000000</in_Quantity.quantity><out_Quantity.quantity>476.685998</out_Quantity.quantity></Point><Point><position>10037</position><in_Quantity.quantity>0.000000</in_Quantity.quantity><out_Quantity.quantity>811.222104</out_Quantity.quantity></Point><Point><position>10038</position><in_Quantity.quantity>0.000000</in_Quantity.quantity><out_Quantity.quantity>373.282427</out_Quantity.quantity></Point><Point><position>10039</position><in_Quantity.quantity>0.000000</in_Quantity.quantity><out_Quantity.quantity>698.053312</out_Quantity.quantity></Point><Point><position>10040</position><in_Quantity.quantity>0.000000</in_Quantity.quantity><out_Quantity.quantity>255.413542</out_Quantity.quantity></Point><Point><position>10041</position><in_Quantity.quantity>0.000000</in_Quantity.quantity><out_Quantity.quantity>107.937592</out_Quantity.quantity></Point><Point><position>10042</position><in_Quantity.quantity>0.000000</in_Quantity.quantity><out_Quantity.quantity>462.938740</out_Quantity.quantity></Point><Point><position>10043</position><in_Quantity.quantity>0.000000</in_Quantity.quantity><out_Quantity.quantity>739.409943</out_Quantity.quantity></Point><Point><position>10044</position><in_Quantity.quantity>0.000000</in_Quantity.quantity><out_Quantity.quantity>839.875086</out_Quantity.quantity></Point><Point><position>10045</position><in_Quantity.quantity>0.000000</in_Quantity.quantity><out_Quantity.quantity>233.960284</out_Quantity.quantity></Point><Point><position>10046</position><in_Quantity.quantity>0.000000</in_Quantity.quantity><out_Quantity.quantity>441.833136</out_Quantity.quantity></Point><Point><position>10047</position><in_Quantity.quantity>0.000000</in_Quantity.quantity><out_Quantity.quantity>394.792820</out_Quantity.quantity></Point><Point><position>10048</position><in_Quantity.quantity>0.000000</in_Quantity.quantity><out_Quantity.quantity>710.619391</out_Quantity.quantity></Point><Point><position>10049</position><in_Quantity.quantity>0.000000</in_Quantity.quantity><out_Quantity.quantity>899.556671</out_Quantity.quantity></Point><Point><position>10050</position><in_Quantity.quantity>0.000000</in_Quantity.quantity><out_Quantity.quantity>272.163140</out_Quantity.quantity></Point><Point><position>10051</position><in_Quantity.quantity>0.000000</in_Quantity.quantity><out_Quantity.quantity>503.965465</out_Quantity.quantity></Point><Point><position>10052</position><in_Quantity.quantity>0.000000</in_Quantity.quantity><out_Quantity.quantity>81.969851</out_Quantity.quantity></Point><Point><position>10053</position><in_Quantity.quantity>0.000000</in_Quantity.quantity><out_Quantity.quantity>740.794823</out_Quantity.quantity></Point><Point><position>10054</position><in_Quantity.quantity>0.000000</in_Quantity.quantity><out_Quantity.quantity>994.384636</out_Quantity.quantity></Point><Point><position>10055</position><in_Quantity.quantity>0.000000</in_Quantity.quantity><out_Quantity.quantity>724.207398</out_Quantity.quantity></Point><Point><position>10056</position><in_Quantity.quantity>0.000000</in_Quantity.quantity><out_Quantity.quantity>120.215681</out_Quantity.quantity></Point><Point><position>10057</position><in_Quantity.quantity>0.000000</in_Quantity.quantity><out_Quantity.quantity>667.490731</out_Quantity.quantity></Point><Point><position>10058</position><in_Quantity.quantity>0.000000</in_Quantity.quantity><out_Quantity.quantity>274.401400</out_Quantity.quantity></Point><Point><position>10059</position><in_Quantity.quantity>0.000000</in_Quantity.quantity><out_Quantity.quantity>926.004363</out_Quantity.quantity></Point><Point><position>10060</position><in_Quantity.quantity>0.000000</in_Quantity.quantity><out_Quantity.quantity>813.180787</out_Quantity.quantity></Point><Point><position>10061</position><in_Quantity.quantity>0.000000</in_Quantity.quantity><out_Quantity.quantity>802.134060</out_Quantity.quantity></Point><Point><position>10062</position><in_Quantity.quantity>0.000000</in_Quantity.quantity><out_Quantity.quantity>140.839328</out_Quantity.quantity></Point><Point><position>10063</position><in_Quantity.quantity>0.000000</in_Quantity.quantity><out_Quantity.quantity>950.225827</out_Quantity.quantity></Point><Point><position>10064</position><in_Quantity.quantity>0.000000</in_Quantity.quantity><out_Quantity.quantity>367.559868</out_Quantity.quantity></Point><Point><position>10065</position><in_Quantity.quantity>0.000000</in_Quantity.quantity><out_Quantity.quantity>604.726523</out_Quantity.quantity></Point><Point><position>10066</position><in_Quantity.quantity>0.000000</in_Quantity.quantity><out_Quantity.quantity>925.849440</out_Quantity.quantity></Point><Point><position>10067</position><in_Quantity.quantity>0.000000</in_Quantity.quantity><out_Quantity.quantity>655.096764</out_Quantity.quantity></Point><Point><position>10068</position><in_Quantity.quantity>0.000000</in_Quantity.quantity><out_Quantity.quantity>965.606120</out_Quantity.quantity></Point><Point><position>10069</position><in_Quantity.quantity>0.000000</in_Quantity.quantity><out_Quantity.quantity>54.607657</out_Quantity.quantity></Point><Point><position>10070</position><in_Quantity.quantity>0.000000</in_Quantity.quantity><out_Quantity.quantity>249.749896</out_Quantity.quantity></Point><Point><position>10071</position><in_Quantity.quantity>0.000000</in_Quantity.quantity><out_Quantity.quantity>919.235563</out_Quantity.quantity></Point><Point><position>10072</position><in_Quantity.quantity>0.000000</in_Quantity.quantity><out_Quantity.quantity>728.645781</out_Quantity.quantity></Point><Point><position>10073</position><in_Quantity.quantity>0.000000</in_Quantity.quantity><out_Quantity.quantity>328.604169</out_Quantity.quantity></Point><Point><position>10074</position><in_Quantity.quantity>0.000000</in_Quantity.quantity><out_Quantity.quantity>864.780628</out_Quantity.quantity></Point><Point><position>10075</position><in_Quantity.quantity>0.000000</in_Quantity.quantity><out_Quantity.quantity>718.687606</out_Quantity.quantity></Point><Point><position>10076</position><in_Quantity.quantity>0.000000</in_Quantity.quantity><out_Quantity.quantity>117.626047</out_Quantity.quantity></Point><Point><position>10077</position><in_Quantity.quantity>0.000000</in_Quantity.quantity><out_Quantity.quantity>423.114988</out_Quantity.quantity></Point><Point><position>10078</position><in_Quantity.quantity>0.000000</in_Quantity.quantity><out_Quantity.quantity>499.313178</out_Quantity.quantity></Point><Point><position>10079</position><in_Quantity.quantity>0.000000</in_Quantity.quantity><out_Quantity.quantity>360.411943</out_Quantity.quantity></Point><Point><position>10080</position><in_Quantity.quantity>0.000000</in_Quantity.quantity><out_Quantity.quantity>249.455624</out_Quantity.quantity></Point><Point><position>10081</position><in_Quantity.quantity>0.000000</in_Quantity.quantity><out_Quantity.quantity>221.627547</out_Quantity.quantity></Point><Point><position>10082</position><in_Quantity.quantity>0.000000</in_Quantity.quantity><out_Quantity.quantity>523.596526</out_Quantity.quantity></Point><Point><position>10083</position><in_Quantity.quantity>0.000000</in_Quantity.quantity><out_Quantity.quantity>411.331135</out_Quantity.quantity></Point><Point><position>10084</position><in_Quantity.quantity>0.000000</in_Quantity.quantity><out_Quantity.quantity>238.784502</out_Quantity.quantity></Point><Point><position>10085</position><in_Quantity.quantity>0.000000</in_Quantity.quantity><out_Quantity.quantity>746.744801</out_Quantity.quantity></Point><Point><position>10086</position><in_Quantity.quantity>0.000000</in_Quantity.quantity><out_Quantity.quantity>150.060445</out_Quantity.quantity></Point><Point><position>10087</position><in_Quantity.quantity>0.000000</in_Quantity.quantity><out_Quantity.quantity>819.138584</out_Quantity.quantity></Point><Point><position>10088</position><in_Quantity.quantity>0.000000</in_Quantity.quantity><out_Quantity.quantity>172.061760</out_Quantity.quantity></Point><Point><position>10089</position><in_Quantity.quantity>0.000000</in_Quantity.quantity><out_Quantity.quantity>722.428629</out_Quantity.quantity></Point><Point><position>10090</position><in_Quantity.quantity>0.000000</in_Quantity.quantity><out_Quantity.quantity>290.078721</out_Quantity.quantity></Point><Point><position>10091</position><in_Quantity.quantity>0.000000</in_Quantity.quantity><out_Quantity.quantity>741.254026</out_Quantity.quantity></Point><Point><position>10092</position><in_Quantity.quantity>0.000000</in_Quantity.quantity><out_Quantity.quantity>453.486706</out_Quantity.quantity></Point><Point><position>10093</position><in_Quantity.quantity>0.000000</in_Quantity.quantity><out_Quantity.quantity>875.123225</out_Quantity.quantity></Point><Point><position>10094</position><in_Quantity.quantity>0.000000</in_Quantity.quantity><out_Quantity.quantity>438.288840</out_Quantity.quantity></Point><Point><position>10095</position><in_Quantity.quantity>0.000000</in_Quantity.quantity><out_Quantity.quantity>559.638089</out_Quantity.quantity></Point><Point><position>10096</position><in_Quantity.quantity>0.000000</in_Quantity.quantity><out_Quantity.quantity>958.930220</out_Quantity.quantity></Point><Point><position>10097</position><in_Quantity.quantity>0.000000</in_Quantity.quantity><out_Quantity.quantity>614.712680</out_Quantity.quantity></Point><Point><position>10098</position><in_Quantity.quantity>0.000000</in_Quantity.quantity><out_Quantity.quantity>705.994219</out_Quantity.quantity></Point><Point><position>10099</position><in_Quantity.quantity>0.000000</in_Quantity.quantity><out_Quantity.quantity>394.681787</out_Quantity.quantity></Point><Point><position>10100</position><in_Quantity.quantity>0.000000</in_Quantity.quantity><out_Quantity.quantity>957.047485</out_Quantity.quantity></Point><Point><position>10101</position><in_Quantity.quantity>0.000000</in_Quantity.quantity><out_Quantity.quantity>16.148347</out_Quantity.quantity></Point><Point><position>10102</position><in_Quantity.quantity>0.000000</in_Quantity.quantity><out_Quantity.quantity>552.903433</out_Quantity.quantity></Point><Point><position>10103</position><in_Quantity.quantity>0.000000</in_Quantity.quantity><out_Quantity.quantity>621.589044</out_Quantity.quantity></Point><Point><position>10104</position><in_Quantity.quantity>0.000000</in_Quantity.quantity><out_Quantity.quantity>722.405228</out_Quantity.quantity></Point><Point><position>10105</position><in_Quantity.quantity>0.000000</in_Quantity.quantity><out_Quantity.quantity>60.172468</out_Quantity.quantity></Point><Point><position>10106</position><in_Quantity.quantity>0.000000</in_Quantity.quantity><out_Quantity.quantity>269.145045</out_Quantity.quantity></Point><Point><position>10107</position><in_Quantity.quantity>0.000000</in_Quantity.quantity><out_Quantity.quantity>864.818029</out_Quantity.quantity></Point><Point><position>10108</position><in_Quantity.quantity>0.000000</in_Quantity.quantity><out_Quantity.quantity>377.274828</out_Quantity.quantity></Point><Point><position>10109</position><in_Quantity.quantity>0.000000</in_Quantity.quantity><out_Quantity.quantity>858.549203</out_Quantity.quantity></Point><Point><position>10110</position><in_Quantity.quantity>0.000000</in_Quantity.quantity><out_Quantity.quantity>405.830929</out_Quantity.quantity></Point><Point><position>10111</position><in_Quantity.quantity>0.000000</in_Quantity.quantity><out_Quantity.quantity>519.419043</out_Quantity.quantity></Point><Point><position>10112</position><in_Quantity.quantity>0.000000</in_Quantity.quantity><out_Quantity.quantity>476.476507</out_Quantity.quantity></Point><Point><position>10113</position><in_Quantity.quantity>0.000000</in_Quantity.quantity><out_Quantity.quantity>365.661520</out_Quantity.quantity></Point><Point><position>10114</position><in_Quantity.quantity>0.000000</in_Quantity.quantity><out_Quantity.quantity>717.917145</out_Quantity.quantity></Point><Point><position>10115</position><in_Quantity.quantity>0.000000</in_Quantity.quantity><out_Quantity.quantity>541.069534</out_Quantity.quantity></Point><Point><position>10116</position><in_Quantity.quantity>0.000000</in_Quantity.quantity><out_Quantity.quantity>452.920319</out_Quantity.quantity></Point><Point><position>10117</position><in_Quantity.quantity>0.000000</in_Quantity.quantity><out_Quantity.quantity>508.697604</out_Quantity.quantity></Point><Point><position>10118</position><in_Quantity.quantity>0.000000</in_Quantity.quantity><out_Quantity.quantity>803.326844</out_Quantity.quantity></Point><Point><position>10119</position><in_Quantity.quantity>0.000000</in_Quantity.quantity><out_Quantity.quantity>430.719946</out_Quantity.quantity></Point><Point><position>10120</position><in_Quantity.quantity>0.000000</in_Quantity.quantity><out_Quantity.quantity>308.600076</out_Quantity.quantity></Point><Point><position>10121</position><in_Quantity.quantity>0.000000</in_Quantity.quantity><out_Quantity.quantity>886.306482</out_Quantity.quantity></Point><Point><position>10122</position><in_Quantity.quantity>0.000000</in_Quantity.quantity><out_Quantity.quantity>971.503335</out_Quantity.quantity></Point><Point><position>10123</position><in_Quantity.quantity>0.000000</in_Quantity.quantity><out_Quantity.quantity>965.419533</out_Quantity.quantity></Point><Point><position>10124</position><in_Quantity.quantity>0.000000</in_Quantity.quantity><out_Quantity.quantity>233.076485</out_Quantity.quantity></Point><Point><position>10125</position><in_Quantity.quantity>0.000000</in_Quantity.quantity><out_Quantity.quantity>237.691613</out_Quantity.quantity></Point><Point><position>10126</position><in_Quantity.quantity>0.000000</in_Quantity.quantity><out_Quantity.quantity>388.954880</out_Quantity.quantity></Point><Point><position>10127</position><in_Quantity.quantity>0.000000</in_Quantity.quantity><out_Quantity.quantity>995.141721</out_Quantity.quantity></Point><Point><position>10128</position><in_Quantity.quantity>0.000000</in_Quantity.quantity><out_Quantity.quantity>642.388474</out_Quantity.quantity></Point><Point><position>10129</position><in_Quantity.quantity>0.000000</in_Quantity.quantity><out_Quantity.quantity>975.380445</out_Quantity.quantity></Point><Point><position>10130</position><in_Quantity.quantity>0.000000</in_Quantity.quantity><out_Quantity.quantity>228.274169</out_Quantity.quantity></Point><Point><position>10131</position><in_Quantity.quantity>0.000000</in_Quantity.quantity><out_Quantity.quantity>939.828278</out_Quantity.quantity></Point><Point><position>10132</position><in_Quantity.quantity>0.000000</in_Quantity.quantity><out_Quantity.quantity>76.946189</out_Quantity.quantity></Point><Point><position>10133</position><in_Quantity.quantity>0.000000</in_Quantity.quantity><out_Quantity.quantity>563.670327</out_Quantity.quantity></Point><Point><position>10134</position><in_Quantity.quantity>0.000000</in_Quantity.quantity><out_Quantity.quantity>760.598443</out_Quantity.quantity></Point><Point><position>10135</position><in_Quantity.quantity>0.000000</in_Quantity.quantity><out_Quantity.quantity>694.966756</out_Quantity.quantity></Point><Point><position>10136</position><in_Quantity.quantity>0.000000</in_Quantity.quantity><out_Quantity.quantity>581.358769</out_Quantity.quantity></Point><Point><position>10137</position><in_Quantity.quantity>0.000000</in_Quantity.quantity><out_Quantity.quantity>327.696958</out_Quantity.quantity></Point><Point><position>10138</position><in_Quantity.quantity>0.000000</in_Quantity.quantity><out_Quantity.quantity>135.365403</out_Quantity.quantity></Point><Point><position>10139</position><in_Quantity.quantity>0.000000</in_Quantity.quantity><out_Quantity.quantity>774.044337</out_Quantity.quantity></Point><Point><position>10140</position><in_Quantity.quantity>0.000000</in_Quantity.quantity><out_Quantity.quantity>78.847287</out_Quantity.quantity></Point><Point><position>10141</position><in_Quantity.quantity>0.000000</in_Quantity.quantity><out_Quantity.quantity>171.786847</out_Quantity.quantity></Point><Point><position>10142</position><in_Quantity.quantity>0.000000</in_Quantity.quantity><out_Quantity.quantity>865.716926</out_Quantity.quantity></Point><Point><position>10143</position><in_Quantity.quantity>0.000000</in_Quantity.quantity><out_Quantity.quantity>785.424458</out_Quantity.quantity></Point><Point><position>10144</position><in_Quantity.quantity>0.000000</in_Quantity.quantity><out_Quantity.quantity>681.357137</out_Quantity.quantity></Point><Point><position>10145</position><in_Quantity.quantity>0.000000</in_Quantity.quantity><out_Quantity.quantity>822.492235</out_Quantity.quantity></Point><Point><position>10146</position><in_Quantity.quantity>0.000000</in_Quantity.quantity><out_Quantity.quantity>641.185735</out_Quantity.quantity></Point><Point><position>10147</position><in_Quantity.quantity>0.000000</in_Quantity.quantity><out_Quantity.quantity>387.856980</out_Quantity.quantity></Point><Point><position>10148</position><in_Quantity.quantity>0.000000</in_Quantity.quantity><out_Quantity.quantity>730.406003</out_Quantity.quantity></Point><Point><position>10149</position><in_Quantity.quantity>0.000000</in_Quantity.quantity><out_Quantity.quantity>181.710296</out_Quantity.quantity></Point><Point><position>10150</position><in_Quantity.quantity>0.000000</in_Quantity.quantity><out_Quantity.quantity>529.320939</out_Quantity.quantity></Point><Point><position>10151</position><in_Quantity.quantity>0.000000</in_Quantity.quantity><out_Quantity.quantity>750.316401</out_Quantity.quantity></Point><Point><position>10152</position><in_Quantity.quantity>0.000000</in_Quantity.quantity><out_Quantity.quantity>834.795553</out_Quantity.quantity></Point><Point><position>10153</position><in_Quantity.quantity>0.000000</in_Quantity.quantity><out_Quantity.quantity>12.878609</out_Quantity.quantity></Point><Point><position>10154</position><in_Quantity.quantity>0.000000</in_Quantity.quantity><out_Quantity.quantity>248.969624</out_Quantity.quantity></Point><Point><position>10155</position><in_Quantity.quantity>0.000000</in_Quantity.quantity><out_Quantity.quantity>626.436864</out_Quantity.quantity></Point><Point><position>10156</position><in_Quantity.quantity>0.000000</in_Quantity.quantity><out_Quantity.quantity>174.454986</out_Quantity.quantity></Point><Point><position>10157</position><in_Quantity.quantity>0.000000</in_Quantity.quantity><out_Quantity.quantity>416.135154</out_Quantity.quantity></Point><Point><position>10158</position><in_Quantity.quantity>0.000000</in_Quantity.quantity><out_Quantity.quantity>550.971469</out_Quantity.quantity></Point><Point><position>10159</position><in_Quantity.quantity>0.000000</in_Quantity.quantity><out_Quantity.quantity>76.601090</out_Quantity.quantity></Point><Point><position>10160</position><in_Quantity.quantity>0.000000</in_Quantity.quantity><out_Quantity.quantity>834.305912</out_Quantity.quantity></Point><Point><position>10161</position><in_Quantity.quantity>0.000000</in_Quantity.quantity><out_Quantity.quantity>813.259458</out_Quantity.quantity></Point><Point><position>10162</position><in_Quantity.quantity>0.000000</in_Quantity.quantity><out_Quantity.quantity>652.181539</out_Quantity.quantity></Point><Point><position>10163</position><in_Quantity.quantity>0.000000</in_Quantity.quantity><out_Quantity.quantity>971.912576</out_Quantity.quantity></Point><Point><position>10164</position><in_Quantity.quantity>0.000000</in_Quantity.quantity><out_Quantity.quantity>43.911835</out_Quantity.quantity></Point><Point><position>10165</position><in_Quantity.quantity>0.000000</in_Quantity.quantity><out_Quantity.quantity>907.766927</out_Quantity.quantity></Point><Point><position>10166</position><in_Quantity.quantity>0.000000</in_Quantity.quantity><out_Quantity.quantity>585.992662</out_Quantity.quantity></Point><Point><position>10167</position><in_Quantity.quantity>0.000000</in_Quantity.quantity><out_Quantity.quantity>931.219925</out_Quantity.quantity></Point><Point><position>10168</position><in_Quantity.quantity>0.000000</in_Quantity.quantity><out_Quantity.quantity>361.710079</out_Quantity.quantity></Point><Point><position>10169</position><in_Quantity.quantity>0.000000</in_Quantity.quantity><out_Quantity.quantity>541.137514</out_Quantity.quantity></Point><Point><position>10170</position><in_Quantity.quantity>0.000000</in_Quantity.quantity><out_Quantity.quantity>879.820746</out_Quantity.quantity></Point><Point><position>10171</position><in_Quantity.quantity>0.000000</in_Quantity.quantity><out_Quantity.quantity>146.244173</out_Quantity.quantity></Point><Point><position>10172</position><in_Quantity.quantity>0.000000</in_Quantity.quantity><out_Quantity.quantity>141.767459</out_Quantity.quantity></Point><Point><position>10173</position><in_Quantity.quantity>0.000000</in_Quantity.quantity><out_Quantity.quantity>942.059282</out_Quantity.quantity></Point><Point><position>10174</position><in_Quantity.quantity>0.000000</in_Quantity.quantity><out_Quantity.quantity>642.315112</out_Quantity.quantity></Point><Point><position>10175</position><in_Quantity.quantity>0.000000</in_Quantity.quantity><out_Quantity.quantity>341.522284</out_Quantity.quantity></Point><Point><position>10176</position><in_Quantity.quantity>0.000000</in_Quantity.quantity><out_Quantity.quantity>538.823352</out_Quantity.quantity></Point><Point><position>10177</position><in_Quantity.quantity>0.000000</in_Quantity.quantity><out_Quantity.quantity>535.566928</out_Quantity.quantity></Point><Point><position>10178</position><in_Quantity.quantity>0.000000</in_Quantity.quantity><out_Quantity.quantity>644.634223</out_Quantity.quantity></Point><Point><position>10179</position><in_Quantity.quantity>0.000000</in_Quantity.quantity><out_Quantity.quantity>103.091698</out_Quantity.quantity></Point><Point><position>10180</position><in_Quantity.quantity>0.000000</in_Quantity.quantity><out_Quantity.quantity>952.873328</out_Quantity.quantity></Point><Point><position>10181</position><in_Quantity.quantity>0.000000</in_Quantity.quantity><out_Quantity.quantity>71.333439</out_Quantity.quantity></Point><Point><position>10182</position><in_Quantity.quantity>0.000000</in_Quantity.quantity><out_Quantity.quantity>678.287345</out_Quantity.quantity></Point><Point><position>10183</position><in_Quantity.quantity>0.000000</in_Quantity.quantity><out_Quantity.quantity>932.002899</out_Quantity.quantity></Point><Point><position>10184</position><in_Quantity.quantity>0.000000</in_Quantity.quantity><out_Quantity.quantity>372.928330</out_Quantity.quantity></Point><Point><position>10185</position><in_Quantity.quantity>0.000000</in_Quantity.quantity><out_Quantity.quantity>553.038002</out_Quantity.quantity></Point><Point><position>10186</position><in_Quantity.quantity>0.000000</in_Quantity.quantity><out_Quantity.quantity>965.750899</out_Quantity.quantity></Point><Point><position>10187</position><in_Quantity.quantity>0.000000</in_Quantity.quantity><out_Quantity.quantity>37.424751</out_Quantity.quantity></Point><Point><position>10188</position><in_Quantity.quantity>0.000000</in_Quantity.quantity><out_Quantity.quantity>771.555224</out_Quantity.quantity></Point><Point><position>10189</position><in_Quantity.quantity>0.000000</in_Quantity.quantity><out_Quantity.quantity>410.408133</out_Quantity.quantity></Point><Point><position>10190</position><in_Quantity.quantity>0.000000</in_Quantity.quantity><out_Quantity.quantity>97.029601</out_Quantity.quantity></Point><Point><position>10191</position><in_Quantity.quantity>0.000000</in_Quantity.quantity><out_Quantity.quantity>259.954876</out_Quantity.quantity></Point><Point><position>10192</position><in_Quantity.quantity>0.000000</in_Quantity.quantity><out_Quantity.quantity>893.685097</out_Quantity.quantity></Point><Point><position>10193</position><in_Quantity.quantity>0.000000</in_Quantity.quantity><out_Quantity.quantity>29.732065</out_Quantity.quantity></Point><Point><position>10194</position><in_Quantity.quantity>0.000000</in_Quantity.quantity><out_Quantity.quantity>833.539711</out_Quantity.quantity></Point><Point><position>10195</position><in_Quantity.quantity>0.000000</in_Quantity.quantity><out_Quantity.quantity>54.818050</out_Quantity.quantity></Point><Point><position>10196</position><in_Quantity.quantity>0.000000</in_Quantity.quantity><out_Quantity.quantity>570.170360</out_Quantity.quantity></Point><Point><position>10197</position><in_Quantity.quantity>0.000000</in_Quantity.quantity><out_Quantity.quantity>439.805192</out_Quantity.quantity></Point><Point><position>10198</position><in_Quantity.quantity>0.000000</in_Quantity.quantity><out_Quantity.quantity>426.066982</out_Quantity.quantity></Point><Point><position>10199</position><in_Quantity.quantity>0.000000</in_Quantity.quantity><out_Quantity.quantity>942.666788</out_Quantity.quantity></Point><Point><position>10200</position><in_Quantity.quantity>0.000000</in_Quantity.quantity><out_Quantity.quantity>207.022245</out_Quantity.quantity></Point><Point><position>10201</position><in_Quantity.quantity>0.000000</in_Quantity.quantity><out_Quantity.quantity>459.654506</out_Quantity.quantity></Point><Point><position>10202</position><in_Quantity.quantity>0.000000</in_Quantity.quantity><out_Quantity.quantity>340.788832</out_Quantity.quantity></Point><Point><position>10203</position><in_Quantity.quantity>0.000000</in_Quantity.quantity><out_Quantity.quantity>578.449836</out_Quantity.quantity></Point><Point><position>10204</position><in_Quantity.quantity>0.000000</in_Quantity.quantity><out_Quantity.quantity>370.800958</out_Quantity.quantity></Point><Point><position>10205</position><in_Quantity.quantity>0.000000</in_Quantity.quantity><out_Quantity.quantity>834.261358</out_Quantity.quantity></Point><Point><position>10206</position><in_Quantity.quantity>0.000000</in_Quantity.quantity><out_Quantity.quantity>9.017909</out_Quantity.quantity></Point><Point><position>10207</position><in_Quantity.quantity>0.000000</in_Quantity.quantity><out_Quantity.quantity>658.962321</out_Quantity.quantity></Point><Point><position>10208</position><in_Quantity.quantity>0.000000</in_Quantity.quantity><out_Quantity.quantity>595.058858</out_Quantity.quantity></Point><Point><position>10209</position><in_Quantity.quantity>0.000000</in_Quantity.quantity><out_Quantity.quantity>361.012675</out_Quantity.quantity></Point><Point><position>10210</position><in_Quantity.quantity>0.000000</in_Quantity.quantity><out_Quantity.quantity>577.317727</out_Quantity.quantity></Point><Point><position>10211</position><in_Quantity.quantity>0.000000</in_Quantity.quantity><out_Quantity.quantity>386.543205</out_Quantity.quantity></Point><Point><position>10212</position><in_Quantity.quantity>0.000000</in_Quantity.quantity><out_Quantity.quantity>427.323476</out_Quantity.quantity></Point><Point><position>10213</position><in_Quantity.quantity>0.000000</in_Quantity.quantity><out_Quantity.quantity>638.847738</out_Quantity.quantity></Point><Point><position>10214</position><in_Quantity.quantity>0.000000</in_Quantity.quantity><out_Quantity.quantity>504.296360</out_Quantity.quantity></Point><Point><position>10215</position><in_Quantity.quantity>0.000000</in_Quantity.quantity><out_Quantity.quantity>44.587180</out_Quantity.quantity></Point><Point><position>10216</position><in_Quantity.quantity>0.000000</in_Quantity.quantity><out_Quantity.quantity>678.807189</out_Quantity.quantity></Point><Point><position>10217</position><in_Quantity.quantity>0.000000</in_Quantity.quantity><out_Quantity.quantity>133.297305</out_Quantity.quantity></Point><Point><position>10218</position><in_Quantity.quantity>0.000000</in_Quantity.quantity><out_Quantity.quantity>605.148860</out_Quantity.quantity></Point><Point><position>10219</position><in_Quantity.quantity>0.000000</in_Quantity.quantity><out_Quantity.quantity>427.154547</out_Quantity.quantity></Point><Point><position>10220</position><in_Quantity.quantity>0.000000</in_Quantity.quantity><out_Quantity.quantity>480.122616</out_Quantity.quantity></Point><Point><position>10221</position><in_Quantity.quantity>0.000000</in_Quantity.quantity><out_Quantity.quantity>557.339014</out_Quantity.quantity></Point><Point><position>10222</position><in_Quantity.quantity>0.000000</in_Quantity.quantity><out_Quantity.quantity>613.763996</out_Quantity.quantity></Point><Point><position>10223</position><in_Quantity.quantity>0.000000</in_Quantity.quantity><out_Quantity.quantity>834.222815</out_Quantity.quantity></Point><Point><position>10224</position><in_Quantity.quantity>0.000000</in_Quantity.quantity><out_Quantity.quantity>965.684988</out_Quantity.quantity></Point><Point><position>10225</position><in_Quantity.quantity>0.000000</in_Quantity.quantity><out_Quantity.quantity>81.309411</out_Quantity.quantity></Point><Point><position>10226</position><in_Quantity.quantity>0.000000</in_Quantity.quantity><out_Quantity.quantity>599.947093</out_Quantity.quantity></Point><Point><position>10227</position><in_Quantity.quantity>0.000000</in_Quantity.quantity><out_Quantity.quantity>337.511334</out_Quantity.quantity></Point><Point><position>10228</position><in_Quantity.quantity>0.000000</in_Quantity.quantity><out_Quantity.quantity>554.237080</out_Quantity.quantity></Point><Point><position>10229</position><in_Quantity.quantity>0.000000</in_Quantity.quantity><out_Quantity.quantity>79.802297</out_Quantity.quantity></Point><Point><position>10230</position><in_Quantity.quantity>0.000000</in_Quantity.quantity><out_Quantity.quantity>877.748095</out_Quantity.quantity></Point><Point><position>10231</position><in_Quantity.quantity>0.000000</in_Quantity.quantity><out_Quantity.quantity>497.687606</out_Quantity.quantity></Point><Point><position>10232</position><in_Quantity.quantity>0.000000</in_Quantity.quantity><out_Quantity.quantity>591.790639</out_Quantity.quantity></Point><Point><position>10233</position><in_Quantity.quantity>0.000000</in_Quantity.quantity><out_Quantity.quantity>329.718291</out_Quantity.quantity></Point><Point><position>10234</position><in_Quantity.quantity>0.000000</in_Quantity.quantity><out_Quantity.quantity>235.230090</out_Quantity.quantity></Point><Point><position>10235</position><in_Quantity.quantity>0.000000</in_Quantity.quantity><out_Quantity.quantity>851.475976</out_Quantity.quantity></Point><Point><position>10236</position><in_Quantity.quantity>0.000000</in_Quantity.quantity><out_Quantity.quantity>25.596714</out_Quantity.quantity></Point><Point><position>10237</position><in_Quantity.quantity>0.000000</in_Quantity.quantity><out_Quantity.quantity>834.584051</out_Quantity.quantity></Point><Point><position>10238</position><in_Quantity.quantity>0.000000</in_Quantity.quantity><out_Quantity.quantity>997.099556</out_Quantity.quantity></Point><Point><position>10239</position><in_Quantity.quantity>0.000000</in_Quantity.quantity><out_Quantity.quantity>459.875477</out_Quantity.quantity></Point><Point><position>10240</position><in_Quantity.quantity>0.000000</in_Quantity.quantity><out_Quantity.quantity>243.923117</out_Quantity.quantity></Point><Point><position>10241</position><in_Quantity.quantity>0.000000</in_Quantity.quantity><out_Quantity.quantity>424.240733</out_Quantity.quantity></Point><Point><position>10242</position><in_Quantity.quantity>0.000000</in_Quantity.quantity><out_Quantity.quantity>298.303260</out_Quantity.quantity></Point><Point><position>10243</position><in_Quantity.quantity>0.000000</in_Quantity.quantity><out_Quantity.quantity>830.032616</out_Quantity.quantity></Point><Point><position>10244</position><in_Quantity.quantity>0.000000</in_Quantity.quantity><out_Quantity.quantity>203.342945</out_Quantity.quantity></Point><Point><position>10245</position><in_Quantity.quantity>0.000000</in_Quantity.quantity><out_Quantity.quantity>235.635671</out_Quantity.quantity></Point><Point><position>10246</position><in_Quantity.quantity>0.000000</in_Quantity.quantity><out_Quantity.quantity>208.736693</out_Quantity.quantity></Point><Point><position>10247</position><in_Quantity.quantity>0.000000</in_Quantity.quantity><out_Quantity.quantity>206.439534</out_Quantity.quantity></Point><Point><position>10248</position><in_Quantity.quantity>0.000000</in_Quantity.quantity><out_Quantity.quantity>492.030309</out_Quantity.quantity></Point><Point><position>10249</position><in_Quantity.quantity>0.000000</in_Quantity.quantity><out_Quantity.quantity>233.888375</out_Quantity.quantity></Point><Point><position>10250</position><in_Quantity.quantity>0.000000</in_Quantity.quantity><out_Quantity.quantity>37.413642</out_Quantity.quantity></Point><Point><position>10251</position><in_Quantity.quantity>0.000000</in_Quantity.quantity><out_Quantity.quantity>892.908135</out_Quantity.quantity></Point><Point><position>10252</position><in_Quantity.quantity>0.000000</in_Quantity.quantity><out_Quantity.quantity>923.429413</out_Quantity.quantity></Point><Point><position>10253</position><in_Quantity.quantity>0.000000</in_Quantity.quantity><out_Quantity.quantity>512.152311</out_Quantity.quantity></Point><Point><position>10254</position><in_Quantity.quantity>0.000000</in_Quantity.quantity><out_Quantity.quantity>259.572324</out_Quantity.quantity></Point><Point><position>10255</position><in_Quantity.quantity>0.000000</in_Quantity.quantity><out_Quantity.quantity>193.827853</out_Quantity.quantity></Point><Point><position>10256</position><in_Quantity.quantity>0.000000</in_Quantity.quantity><out_Quantity.quantity>136.152674</out_Quantity.quantity></Point><Point><position>10257</position><in_Quantity.quantity>0.000000</in_Quantity.quantity><out_Quantity.quantity>623.969934</out_Quantity.quantity></Point><Point><position>10258</position><in_Quantity.quantity>0.000000</in_Quantity.quantity><out_Quantity.quantity>134.645359</out_Quantity.quantity></Point><Point><position>10259</position><in_Quantity.quantity>0.000000</in_Quantity.quantity><out_Quantity.quantity>389.542641</out_Quantity.quantity></Point><Point><position>10260</position><in_Quantity.quantity>0.000000</in_Quantity.quantity><out_Quantity.quantity>966.503166</out_Quantity.quantity></Point><Point><position>10261</position><in_Quantity.quantity>0.000000</in_Quantity.quantity><out_Quantity.quantity>575.892935</out_Quantity.quantity></Point><Point><position>10262</position><in_Quantity.quantity>0.000000</in_Quantity.quantity><out_Quantity.quantity>872.067506</out_Quantity.quantity></Point><Point><position>10263</position><in_Quantity.quantity>0.000000</in_Quantity.quantity><out_Quantity.quantity>175.358129</out_Quantity.quantity></Point><Point><position>10264</position><in_Quantity.quantity>0.000000</in_Quantity.quantity><out_Quantity.quantity>650.960096</out_Quantity.quantity></Point><Point><position>10265</position><in_Quantity.quantity>0.000000</in_Quantity.quantity><out_Quantity.quantity>100.070246</out_Quantity.quantity></Point><Point><position>10266</position><in_Quantity.quantity>0.000000</in_Quantity.quantity><out_Quantity.quantity>838.235978</out_Quantity.quantity></Point><Point><position>10267</position><in_Quantity.quantity>0.000000</in_Quantity.quantity><out_Quantity.quantity>422.067869</out_Quantity.quantity></Point><Point><position>10268</position><in_Quantity.quantity>0.000000</in_Quantity.quantity><out_Quantity.quantity>121.479431</out_Quantity.quantity></Point><Point><position>10269</position><in_Quantity.quantity>0.000000</in_Quantity.quantity><out_Quantity.quantity>568.767122</out_Quantity.quantity></Point><Point><position>10270</position><in_Quantity.quantity>0.000000</in_Quantity.quantity><out_Quantity.quantity>925.047484</out_Quantity.quantity></Point><Point><position>10271</position><in_Quantity.quantity>0.000000</in_Quantity.quantity><out_Quantity.quantity>296.536658</out_Quantity.quantity></Point><Point><position>10272</position><in_Quantity.quantity>0.000000</in_Quantity.quantity><out_Quantity.quantity>939.814014</out_Quantity.quantity></Point><Point><position>10273</position><in_Quantity.quantity>0.000000</in_Quantity.quantity><out_Quantity.quantity>10.056634</out_Quantity.quantity></Point><Point><position>10274</position><in_Quantity.quantity>0.000000</in_Quantity.quantity><out_Quantity.quantity>639.034938</out_Quantity.quantity></Point><Point><position>10275</position><in_Quantity.quantity>0.000000</in_Quantity.quantity><out_Quantity.quantity>636.153296</out_Quantity.quantity></Point><Point><position>10276</position><in_Quantity.quantity>0.000000</in_Quantity.quantity><out_Quantity.quantity>502.187537</out_Quantity.quantity></Point><Point><position>10277</position><in_Quantity.quantity>0.000000</in_Quantity.quantity><out_Quantity.quantity>46.305581</out_Quantity.quantity></Point><Point><position>10278</position><in_Quantity.quantity>0.000000</in_Quantity.quantity><out_Quantity.quantity>365.557333</out_Quantity.quantity></Point><Point><position>10279</position><in_Quantity.quantity>0.000000</in_Quantity.quantity><out_Quantity.quantity>124.761127</out_Quantity.quantity></Point><Point><position>10280</position><in_Quantity.quantity>0.000000</in_Quantity.quantity><out_Quantity.quantity>231.606460</out_Quantity.quantity></Point><Point><position>10281</position><in_Quantity.quantity>0.000000</in_Quantity.quantity><out_Quantity.quantity>700.662877</out_Quantity.quantity></Point><Point><position>10282</position><in_Quantity.quantity>0.000000</in_Quantity.quantity><out_Quantity.quantity>716.443114</out_Quantity.quantity></Point><Point><position>10283</position><in_Quantity.quantity>0.000000</in_Quantity.quantity><out_Quantity.quantity>884.233432</out_Quantity.quantity></Point><Point><position>10284</position><in_Quantity.quantity>0.000000</in_Quantity.quantity><out_Quantity.quantity>215.768524</out_Quantity.quantity></Point><Point><position>10285</position><in_Quantity.quantity>0.000000</in_Quantity.quantity><out_Quantity.quantity>808.254970</out_Quantity.quantity></Point><Point><position>10286</position><in_Quantity.quantity>0.000000</in_Quantity.quantity><out_Quantity.quantity>512.332647</out_Quantity.quantity></Point><Point><position>10287</position><in_Quantity.quantity>0.000000</in_Quantity.quantity><out_Quantity.quantity>444.789191</out_Quantity.quantity></Point><Point><position>10288</position><in_Quantity.quantity>0.000000</in_Quantity.quantity><out_Quantity.quantity>388.980364</out_Quantity.quantity></Point><Point><position>10289</position><in_Quantity.quantity>0.000000</in_Quantity.quantity><out_Quantity.quantity>287.734461</out_Quantity.quantity></Point><Point><position>10290</position><in_Quantity.quantity>0.000000</in_Quantity.quantity><out_Quantity.quantity>515.527215</out_Quantity.quantity></Point><Point><position>10291</position><in_Quantity.quantity>0.000000</in_Quantity.quantity><out_Quantity.quantity>944.945805</out_Quantity.quantity></Point><Point><position>10292</position><in_Quantity.quantity>0.000000</in_Quantity.quantity><out_Quantity.quantity>384.931572</out_Quantity.quantity></Point><Point><position>10293</position><in_Quantity.quantity>0.000000</in_Quantity.quantity><out_Quantity.quantity>562.962942</out_Quantity.quantity></Point><Point><position>10294</position><in_Quantity.quantity>0.000000</in_Quantity.quantity><out_Quantity.quantity>593.940535</out_Quantity.quantity></Point><Point><position>10295</position><in_Quantity.quantity>0.000000</in_Quantity.quantity><out_Quantity.quantity>67.973339</out_Quantity.quantity></Point><Point><position>10296</position><in_Quantity.quantity>0.000000</in_Quantity.quantity><out_Quantity.quantity>440.835617</out_Quantity.quantity></Point><Point><position>10297</position><in_Quantity.quantity>0.000000</in_Quantity.quantity><out_Quantity.quantity>819.874967</out_Quantity.quantity></Point><Point><position>10298</position><in_Quantity.quantity>0.000000</in_Quantity.quantity><out_Quantity.quantity>104.921037</out_Quantity.quantity></Point><Point><position>10299</position><in_Quantity.quantity>0.000000</in_Quantity.quantity><out_Quantity.quantity>756.633709</out_Quantity.quantity></Point><Point><position>10300</position><in_Quantity.quantity>0.000000</in_Quantity.quantity><out_Quantity.quantity>792.123704</out_Quantity.quantity></Point><Point><position>10301</position><in_Quantity.quantity>0.000000</in_Quantity.quantity><out_Quantity.quantity>665.623818</out_Quantity.quantity></Point><Point><position>10302</position><in_Quantity.quantity>0.000000</in_Quantity.quantity><out_Quantity.quantity>115.538554</out_Quantity.quantity></Point><Point><position>10303</position><in_Quantity.quantity>0.000000</in_Quantity.quantity><out_Quantity.quantity>665.328960</out_Quantity.quantity></Point><Point><position>10304</position><in_Quantity.quantity>0.000000</in_Quantity.quantity><out_Quantity.quantity>937.953420</out_Quantity.quantity></Point><Point><position>10305</position><in_Quantity.quantity>0.000000</in_Quantity.quantity><out_Quantity.quantity>376.635167</out_Quantity.quantity></Point><Point><position>10306</position><in_Quantity.quantity>0.000000</in_Quantity.quantity><out_Quantity.quantity>246.019487</out_Quantity.quantity></Point><Point><position>10307</position><in_Quantity.quantity>0.000000</in_Quantity.quantity><out_Quantity.quantity>944.313981</out_Quantity.quantity></Point><Point><position>10308</position><in_Quantity.quantity>0.000000</in_Quantity.quantity><out_Quantity.quantity>735.510798</out_Quantity.quantity></Point><Point><position>10309</position><in_Quantity.quantity>0.000000</in_Quantity.quantity><out_Quantity.quantity>877.724715</out_Quantity.quantity></Point><Point><position>10310</position><in_Quantity.quantity>0.000000</in_Quantity.quantity><out_Quantity.quantity>253.979732</out_Quantity.quantity></Point><Point><position>10311</position><in_Quantity.quantity>0.000000</in_Quantity.quantity><out_Quantity.quantity>999.109449</out_Quantity.quantity></Point><Point><position>10312</position><in_Quantity.quantity>0.000000</in_Quantity.quantity><out_Quantity.quantity>488.665259</out_Quantity.quantity></Point><Point><position>10313</position><in_Quantity.quantity>0.000000</in_Quantity.quantity><out_Quantity.quantity>635.315928</out_Quantity.quantity></Point><Point><position>10314</position><in_Quantity.quantity>0.000000</in_Quantity.quantity><out_Quantity.quantity>984.451039</out_Quantity.quantity></Point><Point><position>10315</position><in_Quantity.quantity>0.000000</in_Quantity.quantity><out_Quantity.quantity>44.904733</out_Quantity.quantity></Point><Point><position>10316</position><in_Quantity.quantity>0.000000</in_Quantity.quantity><out_Quantity.quantity>383.891839</out_Quantity.quantity></Point><Point><position>10317</position><in_Quantity.quantity>0.000000</in_Quantity.quantity><out_Quantity.quantity>743.556460</out_Quantity.quantity></Point><Point><position>10318</position><in_Quantity.quantity>0.000000</in_Quantity.quantity><out_Quantity.quantity>575.356251</out_Quantity.quantity></Point><Point><position>10319</position><in_Quantity.quantity>0.000000</in_Quantity.quantity><out_Quantity.quantity>836.849102</out_Quantity.quantity></Point><Point><position>10320</position><in_Quantity.quantity>0.000000</in_Quantity.quantity><out_Quantity.quantity>873.120411</out_Quantity.quantity></Point><Point><position>10321</position><in_Quantity.quantity>0.000000</in_Quantity.quantity><out_Quantity.quantity>540.244043</out_Quantity.quantity></Point><Point><position>10322</position><in_Quantity.quantity>0.000000</in_Quantity.quantity><out_Quantity.quantity>704.465794</out_Quantity.quantity></Point><Point><position>10323</position><in_Quantity.quantity>0.000000</in_Quantity.quantity><out_Quantity.quantity>301.628792</out_Quantity.quantity></Point><Point><position>10324</position><in_Quantity.quantity>0.000000</in_Quantity.quantity><out_Quantity.quantity>864.140515</out_Quantity.quantity></Point><Point><position>10325</position><in_Quantity.quantity>0.000000</in_Quantity.quantity><out_Quantity.quantity>730.268880</out_Quantity.quantity></Point><Point><position>10326</position><in_Quantity.quantity>0.000000</in_Quantity.quantity><out_Quantity.quantity>762.067089</out_Quantity.quantity></Point><Point><position>10327</position><in_Quantity.quantity>0.000000</in_Quantity.quantity><out_Quantity.quantity>17.469654</out_Quantity.quantity></Point><Point><position>10328</position><in_Quantity.quantity>0.000000</in_Quantity.quantity><out_Quantity.quantity>653.603715</out_Quantity.quantity></Point><Point><position>10329</position><in_Quantity.quantity>0.000000</in_Quantity.quantity><out_Quantity.quantity>574.021137</out_Quantity.quantity></Point><Point><position>10330</position><in_Quantity.quantity>0.000000</in_Quantity.quantity><out_Quantity.quantity>623.230456</out_Quantity.quantity></Point><Point><position>10331</position><in_Quantity.quantity>0.000000</in_Quantity.quantity><out_Quantity.quantity>543.367104</out_Quantity.quantity></Point><Point><position>10332</position><in_Quantity.quantity>0.000000</in_Quantity.quantity><out_Quantity.quantity>890.592572</out_Quantity.quantity></Point><Point><position>10333</position><in_Quantity.quantity>0.000000</in_Quantity.quantity><out_Quantity.quantity>338.044808</out_Quantity.quantity></Point><Point><position>10334</position><in_Quantity.quantity>0.000000</in_Quantity.quantity><out_Quantity.quantity>561.474218</out_Quantity.quantity></Point><Point><position>10335</position><in_Quantity.quantity>0.000000</in_Quantity.quantity><out_Quantity.quantity>681.633699</out_Quantity.quantity></Point><Point><position>10336</position><in_Quantity.quantity>0.000000</in_Quantity.quantity><out_Quantity.quantity>365.867860</out_Quantity.quantity></Point><Point><position>10337</position><in_Quantity.quantity>0.000000</in_Quantity.quantity><out_Quantity.quantity>847.084161</out_Quantity.quantity></Point><Point><position>10338</position><in_Quantity.quantity>0.000000</in_Quantity.quantity><out_Quantity.quantity>2.532935</out_Quantity.quantity></Point><Point><position>10339</position><in_Quantity.quantity>0.000000</in_Quantity.quantity><out_Quantity.quantity>784.560817</out_Quantity.quantity></Point><Point><position>10340</position><in_Quantity.quantity>0.000000</in_Quantity.quantity><out_Quantity.quantity>296.173000</out_Quantity.quantity></Point><Point><position>10341</position><in_Quantity.quantity>0.000000</in_Quantity.quantity><out_Quantity.quantity>912.229103</out_Quantity.quantity></Point><Point><position>10342</position><in_Quantity.quantity>0.000000</in_Quantity.quantity><out_Quantity.quantity>117.622308</out_Quantity.quantity></Point><Point><position>10343</position><in_Quantity.quantity>0.000000</in_Quantity.quantity><out_Quantity.quantity>271.225214</out_Quantity.quantity></Point><Point><position>10344</position><in_Quantity.quantity>0.000000</in_Quantity.quantity><out_Quantity.quantity>871.293527</out_Quantity.quantity></Point><Point><position>10345</position><in_Quantity.quantity>0.000000</in_Quantity.quantity><out_Quantity.quantity>529.165263</out_Quantity.quantity></Point><Point><position>10346</position><in_Quantity.quantity>0.000000</in_Quantity.quantity><out_Quantity.quantity>360.907905</out_Quantity.quantity></Point><Point><position>10347</position><in_Quantity.quantity>0.000000</in_Quantity.quantity><out_Quantity.quantity>217.911988</out_Quantity.quantity></Point><Point><position>10348</position><in_Quantity.quantity>0.000000</in_Quantity.quantity><out_Quantity.quantity>992.909727</out_Quantity.quantity></Point><Point><position>10349</position><in_Quantity.quantity>0.000000</in_Quantity.quantity><out_Quantity.quantity>301.076467</out_Quantity.quantity></Point><Point><position>10350</position><in_Quantity.quantity>0.000000</in_Quantity.quantity><out_Quantity.quantity>801.091212</out_Quantity.quantity></Point><Point><position>10351</position><in_Quantity.quantity>0.000000</in_Quantity.quantity><out_Quantity.quantity>661.146719</out_Quantity.quantity></Point><Point><position>10352</position><in_Quantity.quantity>0.000000</in_Quantity.quantity><out_Quantity.quantity>48.603073</out_Quantity.quantity></Point><Point><position>10353</position><in_Quantity.quantity>0.000000</in_Quantity.quantity><out_Quantity.quantity>766.321198</out_Quantity.quantity></Point><Point><position>10354</position><in_Quantity.quantity>0.000000</in_Quantity.quantity><out_Quantity.quantity>266.968325</out_Quantity.quantity></Point><Point><position>10355</position><in_Quantity.quantity>0.000000</in_Quantity.quantity><out_Quantity.quantity>850.898708</out_Quantity.quantity></Point><Point><position>10356</position><in_Quantity.quantity>0.000000</in_Quantity.quantity><out_Quantity.quantity>779.357131</out_Quantity.quantity></Point><Point><position>10357</position><in_Quantity.quantity>0.000000</in_Quantity.quantity><out_Quantity.quantity>749.640566</out_Quantity.quantity></Point><Point><position>10358</position><in_Quantity.quantity>0.000000</in_Quantity.quantity><out_Quantity.quantity>201.538401</out_Quantity.quantity></Point><Point><position>10359</position><in_Quantity.quantity>0.000000</in_Quantity.quantity><out_Quantity.quantity>473.768886</out_Quantity.quantity></Point><Point><position>10360</position><in_Quantity.quantity>0.000000</in_Quantity.quantity><out_Quantity.quantity>704.830189</out_Quantity.quantity></Point><Point><position>10361</position><in_Quantity.quantity>0.000000</in_Quantity.quantity><out_Quantity.quantity>257.644792</out_Quantity.quantity></Point><Point><position>10362</position><in_Quantity.quantity>0.000000</in_Quantity.quantity><out_Quantity.quantity>339.833060</out_Quantity.quantity></Point><Point><position>10363</position><in_Quantity.quantity>0.000000</in_Quantity.quantity><out_Quantity.quantity>457.072656</out_Quantity.quantity></Point><Point><position>10364</position><in_Quantity.quantity>0.000000</in_Quantity.quantity><out_Quantity.quantity>836.523773</out_Quantity.quantity></Point><Point><position>10365</position><in_Quantity.quantity>0.000000</in_Quantity.quantity><out_Quantity.quantity>108.739669</out_Quantity.quantity></Point><Point><position>10366</position><in_Quantity.quantity>0.000000</in_Quantity.quantity><out_Quantity.quantity>811.630409</out_Quantity.quantity></Point><Point><position>10367</position><in_Quantity.quantity>0.000000</in_Quantity.quantity><out_Quantity.quantity>132.553157</out_Quantity.quantity></Point><Point><position>10368</position><in_Quantity.quantity>0.000000</in_Quantity.quantity><out_Quantity.quantity>829.708246</out_Quantity.quantity></Point><Point><position>10369</position><in_Quantity.quantity>0.000000</in_Quantity.quantity><out_Quantity.quantity>158.581768</out_Quantity.quantity></Point><Point><position>10370</position><in_Quantity.quantity>0.000000</in_Quantity.quantity><out_Quantity.quantity>313.363743</out_Quantity.quantity></Point><Point><position>10371</position><in_Quantity.quantity>0.000000</in_Quantity.quantity><out_Quantity.quantity>818.408945</out_Quantity.quantity></Point><Point><position>10372</position><in_Quantity.quantity>0.000000</in_Quantity.quantity><out_Quantity.quantity>485.724913</out_Quantity.quantity></Point><Point><position>10373</position><in_Quantity.quantity>0.000000</in_Quantity.quantity><out_Quantity.quantity>680.760967</out_Quantity.quantity></Point><Point><position>10374</position><in_Quantity.quantity>0.000000</in_Quantity.quantity><out_Quantity.quantity>64.784572</out_Quantity.quantity></Point><Point><position>10375</position><in_Quantity.quantity>0.000000</in_Quantity.quantity><out_Quantity.quantity>25.267052</out_Quantity.quantity></Point><Point><position>10376</position><in_Quantity.quantity>0.000000</in_Quantity.quantity><out_Quantity.quantity>209.890866</out_Quantity.quantity></Point><Point><position>10377</position><in_Quantity.quantity>0.000000</in_Quantity.quantity><out_Quantity.quantity>426.046641</out_Quantity.quantity></Point><Point><position>10378</position><in_Quantity.quantity>0.000000</in_Quantity.quantity><out_Quantity.quantity>539.345463</out_Quantity.quantity></Point><Point><position>10379</position><in_Quantity.quantity>0.000000</in_Quantity.quantity><out_Quantity.quantity>393.844228</out_Quantity.quantity></Point><Point><position>10380</position><in_Quantity.quantity>0.000000</in_Quantity.quantity><out_Quantity.quantity>547.168937</out_Quantity.quantity></Point><Point><position>10381</position><in_Quantity.quantity>0.000000</in_Quantity.quantity><out_Quantity.quantity>392.179474</out_Quantity.quantity></Point><Point><position>10382</position><in_Quantity.quantity>0.000000</in_Quantity.quantity><out_Quantity.quantity>881.856169</out_Quantity.quantity></Point><Point><position>10383</position><in_Quantity.quantity>0.000000</in_Quantity.quantity><out_Quantity.quantity>689.860437</out_Quantity.quantity></Point><Point><position>10384</position><in_Quantity.quantity>0.000000</in_Quantity.quantity><out_Quantity.quantity>701.826993</out_Quantity.quantity></Point><Point><position>10385</position><in_Quantity.quantity>0.000000</in_Quantity.quantity><out_Quantity.quantity>30.162194</out_Quantity.quantity></Point><Point><position>10386</position><in_Quantity.quantity>0.000000</in_Quantity.quantity><out_Quantity.quantity>73.858497</out_Quantity.quantity></Point><Point><position>10387</position><in_Quantity.quantity>0.000000</in_Quantity.quantity><out_Quantity.quantity>304.811126</out_Quantity.quantity></Point><Point><position>10388</position><in_Quantity.quantity>0.000000</in_Quantity.quantity><out_Quantity.quantity>549.901226</out_Quantity.quantity></Point><Point><position>10389</position><in_Quantity.quantity>0.000000</in_Quantity.quantity><out_Quantity.quantity>706.993705</out_Quantity.quantity></Point><Point><position>10390</position><in_Quantity.quantity>0.000000</in_Quantity.quantity><out_Quantity.quantity>68.321234</out_Quantity.quantity></Point><Point><position>10391</position><in_Quantity.quantity>0.000000</in_Quantity.quantity><out_Quantity.quantity>791.622603</out_Quantity.quantity></Point><Point><position>10392</position><in_Quantity.quantity>0.000000</in_Quantity.quantity><out_Quantity.quantity>256.084372</out_Quantity.quantity></Point><Point><position>10393</position><in_Quantity.quantity>0.000000</in_Quantity.quantity><out_Quantity.quantity>21.507702</out_Quantity.quantity></Point><Point><position>10394</position><in_Quantity.quantity>0.000000</in_Quantity.quantity><out_Quantity.quantity>573.950679</out_Quantity.quantity></Point><Point><position>10395</position><in_Quantity.quantity>0.000000</in_Quantity.quantity><out_Quantity.quantity>712.446031</out_Quantity.quantity></Point><Point><position>10396</position><in_Quantity.quantity>0.000000</in_Quantity.quantity><out_Quantity.quantity>912.639374</out_Quantity.quantity></Point><Point><position>10397</position><in_Quantity.quantity>0.000000</in_Quantity.quantity><out_Quantity.quantity>943.435908</out_Quantity.quantity></Point><Point><position>10398</position><in_Quantity.quantity>0.000000</in_Quantity.quantity><out_Quantity.quantity>400.585162</out_Quantity.quantity></Point><Point><position>10399</position><in_Quantity.quantity>0.000000</in_Quantity.quantity><out_Quantity.quantity>763.885940</out_Quantity.quantity></Point><Point><position>10400</position><in_Quantity.quantity>0.000000</in_Quantity.quantity><out_Quantity.quantity>84.873086</out_Quantity.quantity></Point><Point><position>10401</position><in_Quantity.quantity>0.000000</in_Quantity.quantity><out_Quantity.quantity>287.559700</out_Quantity.quantity></Point><Point><position>10402</position><in_Quantity.quantity>0.000000</in_Quantity.quantity><out_Quantity.quantity>790.134574</out_Quantity.quantity></Point><Point><position>10403</position><in_Quantity.quantity>0.000000</in_Quantity.quantity><out_Quantity.quantity>821.005084</out_Quantity.quantity></Point><Point><position>10404</position><in_Quantity.quantity>0.000000</in_Quantity.quantity><out_Quantity.quantity>10.667405</out_Quantity.quantity></Point><Point><position>10405</position><in_Quantity.quantity>0.000000</in_Quantity.quantity><out_Quantity.quantity>407.019939</out_Quantity.quantity></Point><Point><position>10406</position><in_Quantity.quantity>0.000000</in_Quantity.quantity><out_Quantity.quantity>616.984157</out_Quantity.quantity></Point><Point><position>10407</position><in_Quantity.quantity>0.000000</in_Quantity.quantity><out_Quantity.quantity>271.460304</out_Quantity.quantity></Point><Point><position>10408</position><in_Quantity.quantity>0.000000</in_Quantity.quantity><out_Quantity.quantity>696.808779</out_Quantity.quantity></Point><Point><position>10409</position><in_Quantity.quantity>0.000000</in_Quantity.quantity><out_Quantity.quantity>864.839999</out_Quantity.quantity></Point><Point><position>10410</position><in_Quantity.quantity>0.000000</in_Quantity.quantity><out_Quantity.quantity>437.314196</out_Quantity.quantity></Point><Point><position>10411</position><in_Quantity.quantity>0.000000</in_Quantity.quantity><out_Quantity.quantity>749.431841</out_Quantity.quantity></Point><Point><position>10412</position><in_Quantity.quantity>0.000000</in_Quantity.quantity><out_Quantity.quantity>111.639838</out_Quantity.quantity></Point><Point><position>10413</position><in_Quantity.quantity>0.000000</in_Quantity.quantity><out_Quantity.quantity>169.502212</out_Quantity.quantity></Point><Point><position>10414</position><in_Quantity.quantity>0.000000</in_Quantity.quantity><out_Quantity.quantity>833.395337</out_Quantity.quantity></Point><Point><position>10415</position><in_Quantity.quantity>0.000000</in_Quantity.quantity><out_Quantity.quantity>634.661287</out_Quantity.quantity></Point><Point><position>10416</position><in_Quantity.quantity>0.000000</in_Quantity.quantity><out_Quantity.quantity>400.901252</out_Quantity.quantity></Point><Point><position>10417</position><in_Quantity.quantity>0.000000</in_Quantity.quantity><out_Quantity.quantity>513.509070</out_Quantity.quantity></Point><Point><position>10418</position><in_Quantity.quantity>0.000000</in_Quantity.quantity><out_Quantity.quantity>221.102569</out_Quantity.quantity></Point><Point><position>10419</position><in_Quantity.quantity>0.000000</in_Quantity.quantity><out_Quantity.quantity>404.895696</out_Quantity.quantity></Point><Point><position>10420</position><in_Quantity.quantity>0.000000</in_Quantity.quantity><out_Quantity.quantity>274.823088</out_Quantity.quantity></Point><Point><position>10421</position><in_Quantity.quantity>0.000000</in_Quantity.quantity><out_Quantity.quantity>669.718825</out_Quantity.quantity></Point><Point><position>10422</position><in_Quantity.quantity>0.000000</in_Quantity.quantity><out_Quantity.quantity>940.252547</out_Quantity.quantity></Point><Point><position>10423</position><in_Quantity.quantity>0.000000</in_Quantity.quantity><out_Quantity.quantity>258.477202</out_Quantity.quantity></Point><Point><position>10424</position><in_Quantity.quantity>0.000000</in_Quantity.quantity><out_Quantity.quantity>682.704366</out_Quantity.quantity></Point><Point><position>10425</position><in_Quantity.quantity>0.000000</in_Quantity.quantity><out_Quantity.quantity>4.430143</out_Quantity.quantity></Point><Point><position>10426</position><in_Quantity.quantity>0.000000</in_Quantity.quantity><out_Quantity.quantity>823.773051</out_Quantity.quantity></Point><Point><position>10427</position><in_Quantity.quantity>0.000000</in_Quantity.quantity><out_Quantity.quantity>508.763949</out_Quantity.quantity></Point><Point><position>10428</position><in_Quantity.quantity>0.000000</in_Quantity.quantity><out_Quantity.quantity>86.481592</out_Quantity.quantity></Point><Point><position>10429</position><in_Quantity.quantity>0.000000</in_Quantity.quantity><out_Quantity.quantity>176.961279</out_Quantity.quantity></Point><Point><position>10430</position><in_Quantity.quantity>0.000000</in_Quantity.quantity><out_Quantity.quantity>301.288632</out_Quantity.quantity></Point><Point><position>10431</position><in_Quantity.quantity>0.000000</in_Quantity.quantity><out_Quantity.quantity>589.988702</out_Quantity.quantity></Point><Point><position>10432</position><in_Quantity.quantity>0.000000</in_Quantity.quantity><out_Quantity.quantity>188.577804</out_Quantity.quantity></Point><Point><position>10433</position><in_Quantity.quantity>0.000000</in_Quantity.quantity><out_Quantity.quantity>301.130933</out_Quantity.quantity></Point><Point><position>10434</position><in_Quantity.quantity>0.000000</in_Quantity.quantity><out_Quantity.quantity>950.721476</out_Quantity.quantity></Point><Point><position>10435</position><in_Quantity.quantity>0.000000</in_Quantity.quantity><out_Quantity.quantity>121.199783</out_Quantity.quantity></Point><Point><position>10436</position><in_Quantity.quantity>0.000000</in_Quantity.quantity><out_Quantity.quantity>316.653722</out_Quantity.quantity></Point><Point><position>10437</position><in_Quantity.quantity>0.000000</in_Quantity.quantity><out_Quantity.quantity>649.806164</out_Quantity.quantity></Point><Point><position>10438</position><in_Quantity.quantity>0.000000</in_Quantity.quantity><out_Quantity.quantity>334.719980</out_Quantity.quantity></Point><Point><position>10439</position><in_Quantity.quantity>0.000000</in_Quantity.quantity><out_Quantity.quantity>119.240236</out_Quantity.quantity></Point><Point><position>10440</position><in_Quantity.quantity>0.000000</in_Quantity.quantity><out_Quantity.quantity>30.775389</out_Quantity.quantity></Point><Point><position>10441</position><in_Quantity.quantity>0.000000</in_Quantity.quantity><out_Quantity.quantity>558.147925</out_Quantity.quantity></Point><Point><position>10442</position><in_Quantity.quantity>0.000000</in_Quantity.quantity><out_Quantity.quantity>506.843138</out_Quantity.quantity></Point><Point><position>10443</position><in_Quantity.quantity>0.000000</in_Quantity.quantity><out_Quantity.quantity>179.546765</out_Quantity.quantity></Point><Point><position>10444</position><in_Quantity.quantity>0.000000</in_Quantity.quantity><out_Quantity.quantity>268.351781</out_Quantity.quantity></Point><Point><position>10445</position><in_Quantity.quantity>0.000000</in_Quantity.quantity><out_Quantity.quantity>340.950018</out_Quantity.quantity></Point><Point><position>10446</position><in_Quantity.quantity>0.000000</in_Quantity.quantity><out_Quantity.quantity>783.611744</out_Quantity.quantity></Point><Point><position>10447</position><in_Quantity.quantity>0.000000</in_Quantity.quantity><out_Quantity.quantity>653.502440</out_Quantity.quantity></Point><Point><position>10448</position><in_Quantity.quantity>0.000000</in_Quantity.quantity><out_Quantity.quantity>277.126586</out_Quantity.quantity></Point><Point><position>10449</position><in_Quantity.quantity>0.000000</in_Quantity.quantity><out_Quantity.quantity>861.772146</out_Quantity.quantity></Point><Point><position>10450</position><in_Quantity.quantity>0.000000</in_Quantity.quantity><out_Quantity.quantity>955.719137</out_Quantity.quantity></Point><Point><position>10451</position><in_Quantity.quantity>0.000000</in_Quantity.quantity><out_Quantity.quantity>96.822800</out_Quantity.quantity></Point><Point><position>10452</position><in_Quantity.quantity>0.000000</in_Quantity.quantity><out_Quantity.quantity>613.348203</out_Quantity.quantity></Point><Point><position>10453</position><in_Quantity.quantity>0.000000</in_Quantity.quantity><out_Quantity.quantity>952.720179</out_Quantity.quantity></Point><Point><position>10454</position><in_Quantity.quantity>0.000000</in_Quantity.quantity><out_Quantity.quantity>31.301663</out_Quantity.quantity></Point><Point><position>10455</position><in_Quantity.quantity>0.000000</in_Quantity.quantity><out_Quantity.quantity>756.123260</out_Quantity.quantity></Point><Point><position>10456</position><in_Quantity.quantity>0.000000</in_Quantity.quantity><out_Quantity.quantity>781.742898</out_Quantity.quantity></Point><Point><position>10457</position><in_Quantity.quantity>0.000000</in_Quantity.quantity><out_Quantity.quantity>796.948835</out_Quantity.quantity></Point><Point><position>10458</position><in_Quantity.quantity>0.000000</in_Quantity.quantity><out_Quantity.quantity>584.325425</out_Quantity.quantity></Point><Point><position>10459</position><in_Quantity.quantity>0.000000</in_Quantity.quantity><out_Quantity.quantity>373.023261</out_Quantity.quantity></Point><Point><position>10460</position><in_Quantity.quantity>0.000000</in_Quantity.quantity><out_Quantity.quantity>418.949861</out_Quantity.quantity></Point><Point><position>10461</position><in_Quantity.quantity>0.000000</in_Quantity.quantity><out_Quantity.quantity>799.266296</out_Quantity.quantity></Point><Point><position>10462</position><in_Quantity.quantity>0.000000</in_Quantity.quantity><out_Quantity.quantity>819.196177</out_Quantity.quantity></Point><Point><position>10463</position><in_Quantity.quantity>0.000000</in_Quantity.quantity><out_Quantity.quantity>5.285873</out_Quantity.quantity></Point><Point><position>10464</position><in_Quantity.quantity>0.000000</in_Quantity.quantity><out_Quantity.quantity>935.827886</out_Quantity.quantity></Point><Point><position>10465</position><in_Quantity.quantity>0.000000</in_Quantity.quantity><out_Quantity.quantity>274.725115</out_Quantity.quantity></Point><Point><position>10466</position><in_Quantity.quantity>0.000000</in_Quantity.quantity><out_Quantity.quantity>25.800774</out_Quantity.quantity></Point><Point><position>10467</position><in_Quantity.quantity>0.000000</in_Quantity.quantity><out_Quantity.quantity>620.621881</out_Quantity.quantity></Point><Point><position>10468</position><in_Quantity.quantity>0.000000</in_Quantity.quantity><out_Quantity.quantity>511.613544</out_Quantity.quantity></Point><Point><position>10469</position><in_Quantity.quantity>0.000000</in_Quantity.quantity><out_Quantity.quantity>15.316849</out_Quantity.quantity></Point><Point><position>10470</position><in_Quantity.quantity>0.000000</in_Quantity.quantity><out_Quantity.quantity>463.421493</out_Quantity.quantity></Point><Point><position>10471</position><in_Quantity.quantity>0.000000</in_Quantity.quantity><out_Quantity.quantity>812.013408</out_Quantity.quantity></Point><Point><position>10472</position><in_Quantity.quantity>0.000000</in_Quantity.quantity><out_Quantity.quantity>17.849692</out_Quantity.quantity></Point><Point><position>10473</position><in_Quantity.quantity>0.000000</in_Quantity.quantity><out_Quantity.quantity>362.547764</out_Quantity.quantity></Point><Point><position>10474</position><in_Quantity.quantity>0.000000</in_Quantity.quantity><out_Quantity.quantity>901.626584</out_Quantity.quantity></Point><Point><position>10475</position><in_Quantity.quantity>0.000000</in_Quantity.quantity><out_Quantity.quantity>365.545241</out_Quantity.quantity></Point><Point><position>10476</position><in_Quantity.quantity>0.000000</in_Quantity.quantity><out_Quantity.quantity>290.767547</out_Quantity.quantity></Point><Point><position>10477</position><in_Quantity.quantity>0.000000</in_Quantity.quantity><out_Quantity.quantity>230.016776</out_Quantity.quantity></Point><Point><position>10478</position><in_Quantity.quantity>0.000000</in_Quantity.quantity><out_Quantity.quantity>93.305552</out_Quantity.quantity></Point><Point><position>10479</position><in_Quantity.quantity>0.000000</in_Quantity.quantity><out_Quantity.quantity>929.792202</out_Quantity.quantity></Point><Point><position>10480</position><in_Quantity.quantity>0.000000</in_Quantity.quantity><out_Quantity.quantity>841.988508</out_Quantity.quantity></Point><Point><position>10481</position><in_Quantity.quantity>0.000000</in_Quantity.quantity><out_Quantity.quantity>87.370048</out_Quantity.quantity></Point><Point><position>10482</position><in_Quantity.quantity>0.000000</in_Quantity.quantity><out_Quantity.quantity>619.621657</out_Quantity.quantity></Point><Point><position>10483</position><in_Quantity.quantity>0.000000</in_Quantity.quantity><out_Quantity.quantity>536.572494</out_Quantity.quantity></Point><Point><position>10484</position><in_Quantity.quantity>0.000000</in_Quantity.quantity><out_Quantity.quantity>879.790097</out_Quantity.quantity></Point><Point><position>10485</position><in_Quantity.quantity>0.000000</in_Quantity.quantity><out_Quantity.quantity>358.352655</out_Quantity.quantity></Point><Point><position>10486</position><in_Quantity.quantity>0.000000</in_Quantity.quantity><out_Quantity.quantity>436.500002</out_Quantity.quantity></Point><Point><position>10487</position><in_Quantity.quantity>0.000000</in_Quantity.quantity><out_Quantity.quantity>610.431208</out_Quantity.quantity></Point><Point><position>10488</position><in_Quantity.quantity>0.000000</in_Quantity.quantity><out_Quantity.quantity>104.232441</out_Quantity.quantity></Point><Point><position>10489</position><in_Quantity.quantity>0.000000</in_Quantity.quantity><out_Quantity.quantity>874.671519</out_Quantity.quantity></Point><Point><position>10490</position><in_Quantity.quantity>0.000000</in_Quantity.quantity><out_Quantity.quantity>301.338756</out_Quantity.quantity></Point><Point><position>10491</position><in_Quantity.quantity>0.000000</in_Quantity.quantity><out_Quantity.quantity>929.570201</out_Quantity.quantity></Point><Point><position>10492</position><in_Quantity.quantity>0.000000</in_Quantity.quantity><out_Quantity.quantity>942.867086</out_Quantity.quantity></Point><Point><position>10493</position><in_Quantity.quantity>0.000000</in_Quantity.quantity><out_Quantity.quantity>789.954850</out_Quantity.quantity></Point><Point><position>10494</position><in_Quantity.quantity>0.000000</in_Quantity.quantity><out_Quantity.quantity>603.204986</out_Quantity.quantity></Point><Point><position>10495</position><in_Quantity.quantity>0.000000</in_Quantity.quantity><out_Quantity.quantity>660.835718</out_Quantity.quantity></Point><Point><position>10496</position><in_Quantity.quantity>0.000000</in_Quantity.quantity><out_Quantity.quantity>330.719887</out_Quantity.quantity></Point><Point><position>10497</position><in_Quantity.quantity>0.000000</in_Quantity.quantity><out_Quantity.quantity>842.580753</out_Quantity.quantity></Point><Point><position>10498</position><in_Quantity.quantity>0.000000</in_Quantity.quantity><out_Quantity.quantity>237.535882</out_Quantity.quantity></Point><Point><position>10499</position><in_Quantity.quantity>0.000000</in_Quantity.quantity><out_Quantity.quantity>442.520800</out_Quantity.quantity></Point><Point><position>10500</position><in_Quantity.quantity>0.000000</in_Quantity.quantity><out_Quantity.quantity>64.663685</out_Quantity.quantity></Point><Point><position>10501</position><in_Quantity.quantity>0.000000</in_Quantity.quantity><out_Quantity.quantity>48.402958</out_Quantity.quantity></Point><Point><position>10502</position><in_Quantity.quantity>0.000000</in_Quantity.quantity><out_Quantity.quantity>400.489254</out_Quantity.quantity></Point><Point><position>10503</position><in_Quantity.quantity>0.000000</in_Quantity.quantity><out_Quantity.quantity>612.045339</out_Quantity.quantity></Point><Point><position>10504</position><in_Quantity.quantity>0.000000</in_Quantity.quantity><out_Quantity.quantity>363.867660</out_Quantity.quantity></Point><Point><position>10505</position><in_Quantity.quantity>0.000000</in_Quantity.quantity><out_Quantity.quantity>87.862417</out_Quantity.quantity></Point><Point><position>10506</position><in_Quantity.quantity>0.000000</in_Quantity.quantity><out_Quantity.quantity>305.342556</out_Quantity.quantity></Point><Point><position>10507</position><in_Quantity.quantity>0.000000</in_Quantity.quantity><out_Quantity.quantity>464.462456</out_Quantity.quantity></Point><Point><position>10508</position><in_Quantity.quantity>0.000000</in_Quantity.quantity><out_Quantity.quantity>307.386075</out_Quantity.quantity></Point><Point><position>10509</position><in_Quantity.quantity>0.000000</in_Quantity.quantity><out_Quantity.quantity>11.000303</out_Quantity.quantity></Point><Point><position>10510</position><in_Quantity.quantity>0.000000</in_Quantity.quantity><out_Quantity.quantity>644.296655</out_Quantity.quantity></Point><Point><position>10511</position><in_Quantity.quantity>0.000000</in_Quantity.quantity><out_Quantity.quantity>416.763306</out_Quantity.quantity></Point><Point><position>10512</position><in_Quantity.quantity>0.000000</in_Quantity.quantity><out_Quantity.quantity>524.394009</out_Quantity.quantity></Point><Point><position>10513</position><in_Quantity.quantity>0.000000</in_Quantity.quantity><out_Quantity.quantity>679.456336</out_Quantity.quantity></Point><Point><position>10514</position><in_Quantity.quantity>0.000000</in_Quantity.quantity><out_Quantity.quantity>17.084077</out_Quantity.quantity></Point><Point><position>10515</position><in_Quantity.quantity>0.000000</in_Quantity.quantity><out_Quantity.quantity>705.814348</out_Quantity.quantity></Point><Point><position>10516</position><in_Quantity.quantity>0.000000</in_Quantity.quantity><out_Quantity.quantity>691.505359</out_Quantity.quantity></Point><Point><position>10517</position><in_Quantity.quantity>0.000000</in_Quantity.quantity><out_Quantity.quantity>584.044268</out_Quantity.quantity></Point><Point><position>10518</position><in_Quantity.quantity>0.000000</in_Quantity.quantity><out_Quantity.quantity>92.248599</out_Quantity.quantity></Point><Point><position>10519</position><in_Quantity.quantity>0.000000</in_Quantity.quantity><out_Quantity.quantity>995.500282</out_Quantity.quantity></Point><Point><position>10520</position><in_Quantity.quantity>0.000000</in_Quantity.quantity><out_Quantity.quantity>181.967573</out_Quantity.quantity></Point><Point><position>10521</position><in_Quantity.quantity>0.000000</in_Quantity.quantity><out_Quantity.quantity>179.583862</out_Quantity.quantity></Point><Point><position>10522</position><in_Quantity.quantity>0.000000</in_Quantity.quantity><out_Quantity.quantity>457.170396</out_Quantity.quantity></Point><Point><position>10523</position><in_Quantity.quantity>0.000000</in_Quantity.quantity><out_Quantity.quantity>755.145692</out_Quantity.quantity></Point><Point><position>10524</position><in_Quantity.quantity>0.000000</in_Quantity.quantity><out_Quantity.quantity>136.710622</out_Quantity.quantity></Point><Point><position>10525</position><in_Quantity.quantity>0.000000</in_Quantity.quantity><out_Quantity.quantity>750.980856</out_Quantity.quantity></Point><Point><position>10526</position><in_Quantity.quantity>0.000000</in_Quantity.quantity><out_Quantity.quantity>490.411627</out_Quantity.quantity></Point><Point><position>10527</position><in_Quantity.quantity>0.000000</in_Quantity.quantity><out_Quantity.quantity>326.076888</out_Quantity.quantity></Point><Point><position>10528</position><in_Quantity.quantity>0.000000</in_Quantity.quantity><out_Quantity.quantity>861.591742</out_Quantity.quantity></Point><Point><position>10529</position><in_Quantity.quantity>0.000000</in_Quantity.quantity><out_Quantity.quantity>892.365633</out_Quantity.quantity></Point><Point><position>10530</position><in_Quantity.quantity>0.000000</in_Quantity.quantity><out_Quantity.quantity>798.675331</out_Quantity.quantity></Point><Point><position>10531</position><in_Quantity.quantity>0.000000</in_Quantity.quantity><out_Quantity.quantity>612.657684</out_Quantity.quantity></Point><Point><position>10532</position><in_Quantity.quantity>0.000000</in_Quantity.quantity><out_Quantity.quantity>594.738751</out_Quantity.quantity></Point><Point><position>10533</position><in_Quantity.quantity>0.000000</in_Quantity.quantity><out_Quantity.quantity>196.104462</out_Quantity.quantity></Point><Point><position>10534</position><in_Quantity.quantity>0.000000</in_Quantity.quantity><out_Quantity.quantity>205.992398</out_Quantity.quantity></Point><Point><position>10535</position><in_Quantity.quantity>0.000000</in_Quantity.quantity><out_Quantity.quantity>15.182957</out_Quantity.quantity></Point><Point><position>10536</position><in_Quantity.quantity>0.000000</in_Quantity.quantity><out_Quantity.quantity>490.441650</out_Quantity.quantity></Point><Point><position>10537</position><in_Quantity.quantity>0.000000</in_Quantity.quantity><out_Quantity.quantity>984.457784</out_Quantity.quantity></Point><Point><position>10538</position><in_Quantity.quantity>0.000000</in_Quantity.quantity><out_Quantity.quantity>539.839123</out_Quantity.quantity></Point><Point><position>10539</position><in_Quantity.quantity>0.000000</in_Quantity.quantity><out_Quantity.quantity>991.660183</out_Quantity.quantity></Point><Point><position>10540</position><in_Quantity.quantity>0.000000</in_Quantity.quantity><out_Quantity.quantity>716.900106</out_Quantity.quantity></Point><Point><position>10541</position><in_Quantity.quantity>0.000000</in_Quantity.quantity><out_Quantity.quantity>50.711237</out_Quantity.quantity></Point><Point><position>10542</position><in_Quantity.quantity>0.000000</in_Quantity.quantity><out_Quantity.quantity>361.935238</out_Quantity.quantity></Point><Point><position>10543</position><in_Quantity.quantity>0.000000</in_Quantity.quantity><out_Quantity.quantity>882.610826</out_Quantity.quantity></Point><Point><position>10544</position><in_Quantity.quantity>0.000000</in_Quantity.quantity><out_Quantity.quantity>706.569466</out_Quantity.quantity></Point><Point><position>10545</position><in_Quantity.quantity>0.000000</in_Quantity.quantity><out_Quantity.quantity>489.996636</out_Quantity.quantity></Point><Point><position>10546</position><in_Quantity.quantity>0.000000</in_Quantity.quantity><out_Quantity.quantity>499.006674</out_Quantity.quantity></Point><Point><position>10547</position><in_Quantity.quantity>0.000000</in_Quantity.quantity><out_Quantity.quantity>631.363275</out_Quantity.quantity></Point><Point><position>10548</position><in_Quantity.quantity>0.000000</in_Quantity.quantity><out_Quantity.quantity>491.245869</out_Quantity.quantity></Point><Point><position>10549</position><in_Quantity.quantity>0.000000</in_Quantity.quantity><out_Quantity.quantity>904.758280</out_Quantity.quantity></Point><Point><position>10550</position><in_Quantity.quantity>0.000000</in_Quantity.quantity><out_Quantity.quantity>260.896227</out_Quantity.quantity></Point><Point><position>10551</position><in_Quantity.quantity>0.000000</in_Quantity.quantity><out_Quantity.quantity>492.864424</out_Quantity.quantity></Point><Point><position>10552</position><in_Quantity.quantity>0.000000</in_Quantity.quantity><out_Quantity.quantity>232.096039</out_Quantity.quantity></Point><Point><position>10553</position><in_Quantity.quantity>0.000000</in_Quantity.quantity><out_Quantity.quantity>895.592553</out_Quantity.quantity></Point><Point><position>10554</position><in_Quantity.quantity>0.000000</in_Quantity.quantity><out_Quantity.quantity>518.615278</out_Quantity.quantity></Point><Point><position>10555</position><in_Quantity.quantity>0.000000</in_Quantity.quantity><out_Quantity.quantity>450.780531</out_Quantity.quantity></Point><Point><position>10556</position><in_Quantity.quantity>0.000000</in_Quantity.quantity><out_Quantity.quantity>63.858472</out_Quantity.quantity></Point><Point><position>10557</position><in_Quantity.quantity>0.000000</in_Quantity.quantity><out_Quantity.quantity>397.180267</out_Quantity.quantity></Point><Point><position>10558</position><in_Quantity.quantity>0.000000</in_Quantity.quantity><out_Quantity.quantity>694.263592</out_Quantity.quantity></Point><Point><position>10559</position><in_Quantity.quantity>0.000000</in_Quantity.quantity><out_Quantity.quantity>113.178552</out_Quantity.quantity></Point><Point><position>10560</position><in_Quantity.quantity>0.000000</in_Quantity.quantity><out_Quantity.quantity>929.204065</out_Quantity.quantity></Point><Point><position>10561</position><in_Quantity.quantity>0.000000</in_Quantity.quantity><out_Quantity.quantity>678.741785</out_Quantity.quantity></Point><Point><position>10562</position><in_Quantity.quantity>0.000000</in_Quantity.quantity><out_Quantity.quantity>273.577363</out_Quantity.quantity></Point><Point><position>10563</position><in_Quantity.quantity>0.000000</in_Quantity.quantity><out_Quantity.quantity>291.752863</out_Quantity.quantity></Point><Point><position>10564</position><in_Quantity.quantity>0.000000</in_Quantity.quantity><out_Quantity.quantity>109.468763</out_Quantity.quantity></Point><Point><position>10565</position><in_Quantity.quantity>0.000000</in_Quantity.quantity><out_Quantity.quantity>198.692200</out_Quantity.quantity></Point><Point><position>10566</position><in_Quantity.quantity>0.000000</in_Quantity.quantity><out_Quantity.quantity>571.926420</out_Quantity.quantity></Point><Point><position>10567</position><in_Quantity.quantity>0.000000</in_Quantity.quantity><out_Quantity.quantity>837.873713</out_Quantity.quantity></Point><Point><position>10568</position><in_Quantity.quantity>0.000000</in_Quantity.quantity><out_Quantity.quantity>250.501809</out_Quantity.quantity></Point><Point><position>10569</position><in_Quantity.quantity>0.000000</in_Quantity.quantity><out_Quantity.quantity>977.804439</out_Quantity.quantity></Point><Point><position>10570</position><in_Quantity.quantity>0.000000</in_Quantity.quantity><out_Quantity.quantity>438.643689</out_Quantity.quantity></Point><Point><position>10571</position><in_Quantity.quantity>0.000000</in_Quantity.quantity><out_Quantity.quantity>620.992155</out_Quantity.quantity></Point><Point><position>10572</position><in_Quantity.quantity>0.000000</in_Quantity.quantity><out_Quantity.quantity>904.957629</out_Quantity.quantity></Point><Point><position>10573</position><in_Quantity.quantity>0.000000</in_Quantity.quantity><out_Quantity.quantity>873.655124</out_Quantity.quantity></Point><Point><position>10574</position><in_Quantity.quantity>0.000000</in_Quantity.quantity><out_Quantity.quantity>167.530638</out_Quantity.quantity></Point><Point><position>10575</position><in_Quantity.quantity>0.000000</in_Quantity.quantity><out_Quantity.quantity>689.400696</out_Quantity.quantity></Point><Point><position>10576</position><in_Quantity.quantity>0.000000</in_Quantity.quantity><out_Quantity.quantity>766.411543</out_Quantity.quantity></Point><Point><position>10577</position><in_Quantity.quantity>0.000000</in_Quantity.quantity><out_Quantity.quantity>524.573346</out_Quantity.quantity></Point><Point><position>10578</position><in_Quantity.quantity>0.000000</in_Quantity.quantity><out_Quantity.quantity>928.511807</out_Quantity.quantity></Point><Point><position>10579</position><in_Quantity.quantity>0.000000</in_Quantity.quantity><out_Quantity.quantity>431.157188</out_Quantity.quantity></Point><Point><position>10580</position><in_Quantity.quantity>0.000000</in_Quantity.quantity><out_Quantity.quantity>884.965153</out_Quantity.quantity></Point><Point><position>10581</position><in_Quantity.quantity>0.000000</in_Quantity.quantity><out_Quantity.quantity>817.578482</out_Quantity.quantity></Point><Point><position>10582</position><in_Quantity.quantity>0.000000</in_Quantity.quantity><out_Quantity.quantity>421.872562</out_Quantity.quantity></Point><Point><position>10583</position><in_Quantity.quantity>0.000000</in_Quantity.quantity><out_Quantity.quantity>4.374543</out_Quantity.quantity></Point><Point><position>10584</position><in_Quantity.quantity>0.000000</in_Quantity.quantity><out_Quantity.quantity>633.167366</out_Quantity.quantity></Point><Point><position>10585</position><in_Quantity.quantity>0.000000</in_Quantity.quantity><out_Quantity.quantity>335.787387</out_Quantity.quantity></Point><Point><position>10586</position><in_Quantity.quantity>0.000000</in_Quantity.quantity><out_Quantity.quantity>203.695411</out_Quantity.quantity></Point><Point><position>10587</position><in_Quantity.quantity>0.000000</in_Quantity.quantity><out_Quantity.quantity>735.069846</out_Quantity.quantity></Point><Point><position>10588</position><in_Quantity.quantity>0.000000</in_Quantity.quantity><out_Quantity.quantity>569.462698</out_Quantity.quantity></Point><Point><position>10589</position><in_Quantity.quantity>0.000000</in_Quantity.quantity><out_Quantity.quantity>963.886918</out_Quantity.quantity></Point><Point><position>10590</position><in_Quantity.quantity>0.000000</in_Quantity.quantity><out_Quantity.quantity>660.346783</out_Quantity.quantity></Point><Point><position>10591</position><in_Quantity.quantity>0.000000</in_Quantity.quantity><out_Quantity.quantity>968.954507</out_Quantity.quantity></Point><Point><position>10592</position><in_Quantity.quantity>0.000000</in_Quantity.quantity><out_Quantity.quantity>235.077334</out_Quantity.quantity></Point><Point><position>10593</position><in_Quantity.quantity>0.000000</in_Quantity.quantity><out_Quantity.quantity>601.387327</out_Quantity.quantity></Point><Point><position>10594</position><in_Quantity.quantity>0.000000</in_Quantity.quantity><out_Quantity.quantity>721.896014</out_Quantity.quantity></Point><Point><position>10595</position><in_Quantity.quantity>0.000000</in_Quantity.quantity><out_Quantity.quantity>799.946197</out_Quantity.quantity></Point><Point><position>10596</position><in_Quantity.quantity>0.000000</in_Quantity.quantity><out_Quantity.quantity>106.253410</out_Quantity.quantity></Point><Point><position>10597</position><in_Quantity.quantity>0.000000</in_Quantity.quantity><out_Quantity.quantity>339.798750</out_Quantity.quantity></Point><Point><position>10598</position><in_Quantity.quantity>0.000000</in_Quantity.quantity><out_Quantity.quantity>820.122475</out_Quantity.quantity></Point><Point><position>10599</position><in_Quantity.quantity>0.000000</in_Quantity.quantity><out_Quantity.quantity>54.315222</out_Quantity.quantity></Point><Point><position>10600</position><in_Quantity.quantity>0.000000</in_Quantity.quantity><out_Quantity.quantity>2.214435</out_Quantity.quantity></Point><Point><position>10601</position><in_Quantity.quantity>0.000000</in_Quantity.quantity><out_Quantity.quantity>662.406992</out_Quantity.quantity></Point><Point><position>10602</position><in_Quantity.quantity>0.000000</in_Quantity.quantity><out_Quantity.quantity>256.181110</out_Quantity.quantity></Point><Point><position>10603</position><in_Quantity.quantity>0.000000</in_Quantity.quantity><out_Quantity.quantity>920.639247</out_Quantity.quantity></Point><Point><position>10604</position><in_Quantity.quantity>0.000000</in_Quantity.quantity><out_Quantity.quantity>727.590616</out_Quantity.quantity></Point><Point><position>10605</position><in_Quantity.quantity>0.000000</in_Quantity.quantity><out_Quantity.quantity>944.430231</out_Quantity.quantity></Point><Point><position>10606</position><in_Quantity.quantity>0.000000</in_Quantity.quantity><out_Quantity.quantity>974.971388</out_Quantity.quantity></Point><Point><position>10607</position><in_Quantity.quantity>0.000000</in_Quantity.quantity><out_Quantity.quantity>224.428855</out_Quantity.quantity></Point><Point><position>10608</position><in_Quantity.quantity>0.000000</in_Quantity.quantity><out_Quantity.quantity>584.398614</out_Quantity.quantity></Point><Point><position>10609</position><in_Quantity.quantity>0.000000</in_Quantity.quantity><out_Quantity.quantity>804.206932</out_Quantity.quantity></Point><Point><position>10610</position><in_Quantity.quantity>0.000000</in_Quantity.quantity><out_Quantity.quantity>64.341706</out_Quantity.quantity></Point><Point><position>10611</position><in_Quantity.quantity>0.000000</in_Quantity.quantity><out_Quantity.quantity>575.191667</out_Quantity.quantity></Point><Point><position>10612</position><in_Quantity.quantity>0.000000</in_Quantity.quantity><out_Quantity.quantity>981.420581</out_Quantity.quantity></Point><Point><position>10613</position><in_Quantity.quantity>0.000000</in_Quantity.quantity><out_Quantity.quantity>378.369281</out_Quantity.quantity></Point><Point><position>10614</position><in_Quantity.quantity>0.000000</in_Quantity.quantity><out_Quantity.quantity>263.720263</out_Quantity.quantity></Point><Point><position>10615</position><in_Quantity.quantity>0.000000</in_Quantity.quantity><out_Quantity.quantity>752.483357</out_Quantity.quantity></Point><Point><position>10616</position><in_Quantity.quantity>0.000000</in_Quantity.quantity><out_Quantity.quantity>345.025693</out_Quantity.quantity></Point><Point><position>10617</position><in_Quantity.quantity>0.000000</in_Quantity.quantity><out_Quantity.quantity>446.965561</out_Quantity.quantity></Point><Point><position>10618</position><in_Quantity.quantity>0.000000</in_Quantity.quantity><out_Quantity.quantity>953.190871</out_Quantity.quantity></Point><Point><position>10619</position><in_Quantity.quantity>0.000000</in_Quantity.quantity><out_Quantity.quantity>480.285758</out_Quantity.quantity></Point><Point><position>10620</position><in_Quantity.quantity>0.000000</in_Quantity.quantity><out_Quantity.quantity>558.194280</out_Quantity.quantity></Point><Point><position>10621</position><in_Quantity.quantity>0.000000</in_Quantity.quantity><out_Quantity.quantity>613.648804</out_Quantity.quantity></Point><Point><position>10622</position><in_Quantity.quantity>0.000000</in_Quantity.quantity><out_Quantity.quantity>443.084417</out_Quantity.quantity></Point><Point><position>10623</position><in_Quantity.quantity>0.000000</in_Quantity.quantity><out_Quantity.quantity>825.556571</out_Quantity.quantity></Point><Point><position>10624</position><in_Quantity.quantity>0.000000</in_Quantity.quantity><out_Quantity.quantity>465.418880</out_Quantity.quantity></Point><Point><position>10625</position><in_Quantity.quantity>0.000000</in_Quantity.quantity><out_Quantity.quantity>89.178261</out_Quantity.quantity></Point><Point><position>10626</position><in_Quantity.quantity>0.000000</in_Quantity.quantity><out_Quantity.quantity>46.277363</out_Quantity.quantity></Point><Point><position>10627</position><in_Quantity.quantity>0.000000</in_Quantity.quantity><out_Quantity.quantity>814.451309</out_Quantity.quantity></Point><Point><position>10628</position><in_Quantity.quantity>0.000000</in_Quantity.quantity><out_Quantity.quantity>664.331983</out_Quantity.quantity></Point><Point><position>10629</position><in_Quantity.quantity>0.000000</in_Quantity.quantity><out_Quantity.quantity>851.375130</out_Quantity.quantity></Point><Point><position>10630</position><in_Quantity.quantity>0.000000</in_Quantity.quantity><out_Quantity.quantity>942.198512</out_Quantity.quantity></Point><Point><position>10631</position><in_Quantity.quantity>0.000000</in_Quantity.quantity><out_Quantity.quantity>201.265803</out_Quantity.quantity></Point><Point><position>10632</position><in_Quantity.quantity>0.000000</in_Quantity.quantity><out_Quantity.quantity>463.563091</out_Quantity.quantity></Point><Point><position>10633</position><in_Quantity.quantity>0.000000</in_Quantity.quantity><out_Quantity.quantity>913.252101</out_Quantity.quantity></Point><Point><position>10634</position><in_Quantity.quantity>0.000000</in_Quantity.quantity><out_Quantity.quantity>339.810110</out_Quantity.quantity></Point><Point><position>10635</position><in_Quantity.quantity>0.000000</in_Quantity.quantity><out_Quantity.quantity>655.074952</out_Quantity.quantity></Point><Point><position>10636</position><in_Quantity.quantity>0.000000</in_Quantity.quantity><out_Quantity.quantity>877.806570</out_Quantity.quantity></Point><Point><position>10637</position><in_Quantity.quantity>0.000000</in_Quantity.quantity><out_Quantity.quantity>87.540797</out_Quantity.quantity></Point><Point><position>10638</position><in_Quantity.quantity>0.000000</in_Quantity.quantity><out_Quantity.quantity>176.269460</out_Quantity.quantity></Point><Point><position>10639</position><in_Quantity.quantity>0.000000</in_Quantity.quantity><out_Quantity.quantity>696.321863</out_Quantity.quantity></Point><Point><position>10640</position><in_Quantity.quantity>0.000000</in_Quantity.quantity><out_Quantity.quantity>88.379265</out_Quantity.quantity></Point><Point><position>10641</position><in_Quantity.quantity>0.000000</in_Quantity.quantity><out_Quantity.quantity>583.905390</out_Quantity.quantity></Point><Point><position>10642</position><in_Quantity.quantity>0.000000</in_Quantity.quantity><out_Quantity.quantity>328.013669</out_Quantity.quantity></Point><Point><position>10643</position><in_Quantity.quantity>0.000000</in_Quantity.quantity><out_Quantity.quantity>120.007175</out_Quantity.quantity></Point><Point><position>10644</position><in_Quantity.quantity>0.000000</in_Quantity.quantity><out_Quantity.quantity>55.675510</out_Quantity.quantity></Point><Point><position>10645</position><in_Quantity.quantity>0.000000</in_Quantity.quantity><out_Quantity.quantity>40.538621</out_Quantity.quantity></Point><Point><position>10646</position><in_Quantity.quantity>0.000000</in_Quantity.quantity><out_Quantity.quantity>688.502013</out_Quantity.quantity></Point><Point><position>10647</position><in_Quantity.quantity>0.000000</in_Quantity.quantity><out_Quantity.quantity>922.088577</out_Quantity.quantity></Point><Point><position>10648</position><in_Quantity.quantity>0.000000</in_Quantity.quantity><out_Quantity.quantity>977.855493</out_Quantity.quantity></Point><Point><position>10649</position><in_Quantity.quantity>0.000000</in_Quantity.quantity><out_Quantity.quantity>784.662030</out_Quantity.quantity></Point><Point><position>10650</position><in_Quantity.quantity>0.000000</in_Quantity.quantity><out_Quantity.quantity>396.735412</out_Quantity.quantity></Point><Point><position>10651</position><in_Quantity.quantity>0.000000</in_Quantity.quantity><out_Quantity.quantity>364.813087</out_Quantity.quantity></Point><Point><position>10652</position><in_Quantity.quantity>0.000000</in_Quantity.quantity><out_Quantity.quantity>371.723290</out_Quantity.quantity></Point><Point><position>10653</position><in_Quantity.quantity>0.000000</in_Quantity.quantity><out_Quantity.quantity>695.877072</out_Quantity.quantity></Point><Point><position>10654</position><in_Quantity.quantity>0.000000</in_Quantity.quantity><out_Quantity.quantity>538.014209</out_Quantity.quantity></Point><Point><position>10655</position><in_Quantity.quantity>0.000000</in_Quantity.quantity><out_Quantity.quantity>50.986485</out_Quantity.quantity></Point><Point><position>10656</position><in_Quantity.quantity>0.000000</in_Quantity.quantity><out_Quantity.quantity>256.222906</out_Quantity.quantity></Point><Point><position>10657</position><in_Quantity.quantity>0.000000</in_Quantity.quantity><out_Quantity.quantity>518.468289</out_Quantity.quantity></Point><Point><position>10658</position><in_Quantity.quantity>0.000000</in_Quantity.quantity><out_Quantity.quantity>617.988002</out_Quantity.quantity></Point><Point><position>10659</position><in_Quantity.quantity>0.000000</in_Quantity.quantity><out_Quantity.quantity>275.340756</out_Quantity.quantity></Point><Point><position>10660</position><in_Quantity.quantity>0.000000</in_Quantity.quantity><out_Quantity.quantity>626.657715</out_Quantity.quantity></Point><Point><position>10661</position><in_Quantity.quantity>0.000000</in_Quantity.quantity><out_Quantity.quantity>608.626253</out_Quantity.quantity></Point><Point><position>10662</position><in_Quantity.quantity>0.000000</in_Quantity.quantity><out_Quantity.quantity>545.357802</out_Quantity.quantity></Point><Point><position>10663</position><in_Quantity.quantity>0.000000</in_Quantity.quantity><out_Quantity.quantity>145.088004</out_Quantity.quantity></Point><Point><position>10664</position><in_Quantity.quantity>0.000000</in_Quantity.quantity><out_Quantity.quantity>626.761713</out_Quantity.quantity></Point><Point><position>10665</position><in_Quantity.quantity>0.000000</in_Quantity.quantity><out_Quantity.quantity>417.523310</out_Quantity.quantity></Point><Point><position>10666</position><in_Quantity.quantity>0.000000</in_Quantity.quantity><out_Quantity.quantity>619.331227</out_Quantity.quantity></Point><Point><position>10667</position><in_Quantity.quantity>0.000000</in_Quantity.quantity><out_Quantity.quantity>931.553396</out_Quantity.quantity></Point><Point><position>10668</position><in_Quantity.quantity>0.000000</in_Quantity.quantity><out_Quantity.quantity>69.525772</out_Quantity.quantity></Point><Point><position>10669</position><in_Quantity.quantity>0.000000</in_Quantity.quantity><out_Quantity.quantity>661.138346</out_Quantity.quantity></Point><Point><position>10670</position><in_Quantity.quantity>0.000000</in_Quantity.quantity><out_Quantity.quantity>796.359565</out_Quantity.quantity></Point><Point><position>10671</position><in_Quantity.quantity>0.000000</in_Quantity.quantity><out_Quantity.quantity>388.856648</out_Quantity.quantity></Point><Point><position>10672</position><in_Quantity.quantity>0.000000</in_Quantity.quantity><out_Quantity.quantity>30.409075</out_Quantity.quantity></Point><Point><position>10673</position><in_Quantity.quantity>0.000000</in_Quantity.quantity><out_Quantity.quantity>81.537174</out_Quantity.quantity></Point><Point><position>10674</position><in_Quantity.quantity>0.000000</in_Quantity.quantity><out_Quantity.quantity>686.731385</out_Quantity.quantity></Point><Point><position>10675</position><in_Quantity.quantity>0.000000</in_Quantity.quantity><out_Quantity.quantity>40.156259</out_Quantity.quantity></Point><Point><position>10676</position><in_Quantity.quantity>0.000000</in_Quantity.quantity><out_Quantity.quantity>184.345301</out_Quantity.quantity></Point><Point><position>10677</position><in_Quantity.quantity>0.000000</in_Quantity.quantity><out_Quantity.quantity>718.539726</out_Quantity.quantity></Point><Point><position>10678</position><in_Quantity.quantity>0.000000</in_Quantity.quantity><out_Quantity.quantity>548.320393</out_Quantity.quantity></Point><Point><position>10679</position><in_Quantity.quantity>0.000000</in_Quantity.quantity><out_Quantity.quantity>502.173782</out_Quantity.quantity></Point><Point><position>10680</position><in_Quantity.quantity>0.000000</in_Quantity.quantity><out_Quantity.quantity>325.054849</out_Quantity.quantity></Point><Point><position>10681</position><in_Quantity.quantity>0.000000</in_Quantity.quantity><out_Quantity.quantity>177.115233</out_Quantity.quantity></Point><Point><position>10682</position><in_Quantity.quantity>0.000000</in_Quantity.quantity><out_Quantity.quantity>396.741790</out_Quantity.quantity></Point><Point><position>10683</position><in_Quantity.quantity>0.000000</in_Quantity.quantity><out_Quantity.quantity>837.106301</out_Quantity.quantity></Point><Point><position>10684</position><in_Quantity.quantity>0.000000</in_Quantity.quantity><out_Quantity.quantity>218.292997</out_Quantity.quantity></Point><Point><position>10685</position><in_Quantity.quantity>0.000000</in_Quantity.quantity><out_Quantity.quantity>651.067222</out_Quantity.quantity></Point><Point><position>10686</position><in_Quantity.quantity>0.000000</in_Quantity.quantity><out_Quantity.quantity>57.935567</out_Quantity.quantity></Point><Point><position>10687</position><in_Quantity.quantity>0.000000</in_Quantity.quantity><out_Quantity.quantity>549.920190</out_Quantity.quantity></Point><Point><position>10688</position><in_Quantity.quantity>0.000000</in_Quantity.quantity><out_Quantity.quantity>349.792660</out_Quantity.quantity></Point><Point><position>10689</position><in_Quantity.quantity>0.000000</in_Quantity.quantity><out_Quantity.quantity>901.855870</out_Quantity.quantity></Point><Point><position>10690</position><in_Quantity.quantity>0.000000</in_Quantity.quantity><out_Quantity.quantity>768.552972</out_Quantity.quantity></Point><Point><position>10691</position><in_Quantity.quantity>0.000000</in_Quantity.quantity><out_Quantity.quantity>553.269491</out_Quantity.quantity></Point><Point><position>10692</position><in_Quantity.quantity>0.000000</in_Quantity.quantity><out_Quantity.quantity>143.275745</out_Quantity.quantity></Point><Point><position>10693</position><in_Quantity.quantity>0.000000</in_Quantity.quantity><out_Quantity.quantity>14.956934</out_Quantity.quantity></Point><Point><position>10694</position><in_Quantity.quantity>0.000000</in_Quantity.quantity><out_Quantity.quantity>34.073347</out_Quantity.quantity></Point><Point><position>10695</position><in_Quantity.quantity>0.000000</in_Quantity.quantity><out_Quantity.quantity>604.357950</out_Quantity.quantity></Point><Point><position>10696</position><in_Quantity.quantity>0.000000</in_Quantity.quantity><out_Quantity.quantity>448.160001</out_Quantity.quantity></Point><Point><position>10697</position><in_Quantity.quantity>0.000000</in_Quantity.quantity><out_Quantity.quantity>656.919981</out_Quantity.quantity></Point><Point><position>10698</position><in_Quantity.quantity>0.000000</in_Quantity.quantity><out_Quantity.quantity>708.507260</out_Quantity.quantity></Point><Point><position>10699</position><in_Quantity.quantity>0.000000</in_Quantity.quantity><out_Quantity.quantity>445.949867</out_Quantity.quantity></Point><Point><position>10700</position><in_Quantity.quantity>0.000000</in_Quantity.quantity><out_Quantity.quantity>701.198102</out_Quantity.quantity></Point><Point><position>10701</position><in_Quantity.quantity>0.000000</in_Quantity.quantity><out_Quantity.quantity>154.330444</out_Quantity.quantity></Point><Point><position>10702</position><in_Quantity.quantity>0.000000</in_Quantity.quantity><out_Quantity.quantity>883.704309</out_Quantity.quantity></Point><Point><position>10703</position><in_Quantity.quantity>0.000000</in_Quantity.quantity><out_Quantity.quantity>255.840552</out_Quantity.quantity></Point><Point><position>10704</position><in_Quantity.quantity>0.000000</in_Quantity.quantity><out_Quantity.quantity>337.978773</out_Quantity.quantity></Point><Point><position>10705</position><in_Quantity.quantity>0.000000</in_Quantity.quantity><out_Quantity.quantity>580.294772</out_Quantity.quantity></Point><Point><position>10706</position><in_Quantity.quantity>0.000000</in_Quantity.quantity><out_Quantity.quantity>983.834740</out_Quantity.quantity></Point><Point><position>10707</position><in_Quantity.quantity>0.000000</in_Quantity.quantity><out_Quantity.quantity>824.696670</out_Quantity.quantity></Point><Point><position>10708</position><in_Quantity.quantity>0.000000</in_Quantity.quantity><out_Quantity.quantity>315.154655</out_Quantity.quantity></Point><Point><position>10709</position><in_Quantity.quantity>0.000000</in_Quantity.quantity><out_Quantity.quantity>997.752530</out_Quantity.quantity></Point><Point><position>10710</position><in_Quantity.quantity>0.000000</in_Quantity.quantity><out_Quantity.quantity>21.224820</out_Quantity.quantity></Point><Point><position>10711</position><in_Quantity.quantity>0.000000</in_Quantity.quantity><out_Quantity.quantity>599.451770</out_Quantity.quantity></Point><Point><position>10712</position><in_Quantity.quantity>0.000000</in_Quantity.quantity><out_Quantity.quantity>72.746837</out_Quantity.quantity></Point><Point><position>10713</position><in_Quantity.quantity>0.000000</in_Quantity.quantity><out_Quantity.quantity>65.186781</out_Quantity.quantity></Point><Point><position>10714</position><in_Quantity.quantity>0.000000</in_Quantity.quantity><out_Quantity.quantity>569.499591</out_Quantity.quantity></Point><Point><position>10715</position><in_Quantity.quantity>0.000000</in_Quantity.quantity><out_Quantity.quantity>188.587503</out_Quantity.quantity></Point><Point><position>10716</position><in_Quantity.quantity>0.000000</in_Quantity.quantity><out_Quantity.quantity>487.084829</out_Quantity.quantity></Point><Point><position>10717</position><in_Quantity.quantity>0.000000</in_Quantity.quantity><out_Quantity.quantity>215.700420</out_Quantity.quantity></Point><Point><position>10718</position><in_Quantity.quantity>0.000000</in_Quantity.quantity><out_Quantity.quantity>54.978564</out_Quantity.quantity></Point><Point><position>10719</position><in_Quantity.quantity>0.000000</in_Quantity.quantity><out_Quantity.quantity>115.945196</out_Quantity.quantity></Point><Point><position>10720</position><in_Quantity.quantity>0.000000</in_Quantity.quantity><out_Quantity.quantity>71.442033</out_Quantity.quantity></Point><Point><position>10721</position><in_Quantity.quantity>0.000000</in_Quantity.quantity><out_Quantity.quantity>524.858448</out_Quantity.quantity></Point><Point><position>10722</position><in_Quantity.quantity>0.000000</in_Quantity.quantity><out_Quantity.quantity>156.242286</out_Quantity.quantity></Point><Point><position>10723</position><in_Quantity.quantity>0.000000</in_Quantity.quantity><out_Quantity.quantity>649.752430</out_Quantity.quantity></Point><Point><position>10724</position><in_Quantity.quantity>0.000000</in_Quantity.quantity><out_Quantity.quantity>200.033478</out_Quantity.quantity></Point><Point><position>10725</position><in_Quantity.quantity>0.000000</in_Quantity.quantity><out_Quantity.quantity>307.720958</out_Quantity.quantity></Point><Point><position>10726</position><in_Quantity.quantity>0.000000</in_Quantity.quantity><out_Quantity.quantity>700.678864</out_Quantity.quantity></Point><Point><position>10727</position><in_Quantity.quantity>0.000000</in_Quantity.quantity><out_Quantity.quantity>116.948308</out_Quantity.quantity></Point><Point><position>10728</position><in_Quantity.quantity>0.000000</in_Quantity.quantity><out_Quantity.quantity>86.318280</out_Quantity.quantity></Point><Point><position>10729</position><in_Quantity.quantity>0.000000</in_Quantity.quantity><out_Quantity.quantity>313.845909</out_Quantity.quantity></Point><Point><position>10730</position><in_Quantity.quantity>0.000000</in_Quantity.quantity><out_Quantity.quantity>969.274275</out_Quantity.quantity></Point><Point><position>10731</position><in_Quantity.quantity>0.000000</in_Quantity.quantity><out_Quantity.quantity>685.235228</out_Quantity.quantity></Point><Point><position>10732</position><in_Quantity.quantity>0.000000</in_Quantity.quantity><out_Quantity.quantity>340.214794</out_Quantity.quantity></Point><Point><position>10733</position><in_Quantity.quantity>0.000000</in_Quantity.quantity><out_Quantity.quantity>621.533289</out_Quantity.quantity></Point><Point><position>10734</position><in_Quantity.quantity>0.000000</in_Quantity.quantity><out_Quantity.quantity>966.427097</out_Quantity.quantity></Point><Point><position>10735</position><in_Quantity.quantity>0.000000</in_Quantity.quantity><out_Quantity.quantity>458.823427</out_Quantity.quantity></Point><Point><position>10736</position><in_Quantity.quantity>0.000000</in_Quantity.quantity><out_Quantity.quantity>576.926883</out_Quantity.quantity></Point><Point><position>10737</position><in_Quantity.quantity>0.000000</in_Quantity.quantity><out_Quantity.quantity>334.992949</out_Quantity.quantity></Point><Point><position>10738</position><in_Quantity.quantity>0.000000</in_Quantity.quantity><out_Quantity.quantity>516.605836</out_Quantity.quantity></Point><Point><position>10739</position><in_Quantity.quantity>0.000000</in_Quantity.quantity><out_Quantity.quantity>844.495462</out_Quantity.quantity></Point><Point><position>10740</position><in_Quantity.quantity>0.000000</in_Quantity.quantity><out_Quantity.quantity>192.891092</out_Quantity.quantity></Point><Point><position>10741</position><in_Quantity.quantity>0.000000</in_Quantity.quantity><out_Quantity.quantity>896.362073</out_Quantity.quantity></Point><Point><position>10742</position><in_Quantity.quantity>0.000000</in_Quantity.quantity><out_Quantity.quantity>655.221919</out_Quantity.quantity></Point><Point><position>10743</position><in_Quantity.quantity>0.000000</in_Quantity.quantity><out_Quantity.quantity>52.714695</out_Quantity.quantity></Point><Point><position>10744</position><in_Quantity.quantity>0.000000</in_Quantity.quantity><out_Quantity.quantity>656.848507</out_Quantity.quantity></Point><Point><position>10745</position><in_Quantity.quantity>0.000000</in_Quantity.quantity><out_Quantity.quantity>267.356721</out_Quantity.quantity></Point><Point><position>10746</position><in_Quantity.quantity>0.000000</in_Quantity.quantity><out_Quantity.quantity>116.699082</out_Quantity.quantity></Point><Point><position>10747</position><in_Quantity.quantity>0.000000</in_Quantity.quantity><out_Quantity.quantity>595.247165</out_Quantity.quantity></Point><Point><position>10748</position><in_Quantity.quantity>0.000000</in_Quantity.quantity><out_Quantity.quantity>146.508134</out_Quantity.quantity></Point><Point><position>10749</position><in_Quantity.quantity>0.000000</in_Quantity.quantity><out_Quantity.quantity>302.881478</out_Quantity.quantity></Point><Point><position>10750</position><in_Quantity.quantity>0.000000</in_Quantity.quantity><out_Quantity.quantity>60.880289</out_Quantity.quantity></Point><Point><position>10751</position><in_Quantity.quantity>0.000000</in_Quantity.quantity><out_Quantity.quantity>132.068430</out_Quantity.quantity></Point><Point><position>10752</position><in_Quantity.quantity>0.000000</in_Quantity.quantity><out_Quantity.quantity>727.697152</out_Quantity.quantity></Point><Point><position>10753</position><in_Quantity.quantity>0.000000</in_Quantity.quantity><out_Quantity.quantity>734.228187</out_Quantity.quantity></Point><Point><position>10754</position><in_Quantity.quantity>0.000000</in_Quantity.quantity><out_Quantity.quantity>300.728055</out_Quantity.quantity></Point><Point><position>10755</position><in_Quantity.quantity>0.000000</in_Quantity.quantity><out_Quantity.quantity>854.340565</out_Quantity.quantity></Point><Point><position>10756</position><in_Quantity.quantity>0.000000</in_Quantity.quantity><out_Quantity.quantity>987.268933</out_Quantity.quantity></Point><Point><position>10757</position><in_Quantity.quantity>0.000000</in_Quantity.quantity><out_Quantity.quantity>83.283939</out_Quantity.quantity></Point><Point><position>10758</position><in_Quantity.quantity>0.000000</in_Quantity.quantity><out_Quantity.quantity>376.475588</out_Quantity.quantity></Point><Point><position>10759</position><in_Quantity.quantity>0.000000</in_Quantity.quantity><out_Quantity.quantity>220.679781</out_Quantity.quantity></Point><Point><position>10760</position><in_Quantity.quantity>0.000000</in_Quantity.quantity><out_Quantity.quantity>286.484759</out_Quantity.quantity></Point><Point><position>10761</position><in_Quantity.quantity>0.000000</in_Quantity.quantity><out_Quantity.quantity>635.038465</out_Quantity.quantity></Point><Point><position>10762</position><in_Quantity.quantity>0.000000</in_Quantity.quantity><out_Quantity.quantity>765.117204</out_Quantity.quantity></Point><Point><position>10763</position><in_Quantity.quantity>0.000000</in_Quantity.quantity><out_Quantity.quantity>658.082910</out_Quantity.quantity></Point><Point><position>10764</position><in_Quantity.quantity>0.000000</in_Quantity.quantity><out_Quantity.quantity>702.864371</out_Quantity.quantity></Point><Point><position>10765</position><in_Quantity.quantity>0.000000</in_Quantity.quantity><out_Quantity.quantity>541.669178</out_Quantity.quantity></Point><Point><position>10766</position><in_Quantity.quantity>0.000000</in_Quantity.quantity><out_Quantity.quantity>412.820542</out_Quantity.quantity></Point><Point><position>10767</position><in_Quantity.quantity>0.000000</in_Quantity.quantity><out_Quantity.quantity>193.785213</out_Quantity.quantity></Point><Point><position>10768</position><in_Quantity.quantity>0.000000</in_Quantity.quantity><out_Quantity.quantity>604.422990</out_Quantity.quantity></Point><Point><position>10769</position><in_Quantity.quantity>0.000000</in_Quantity.quantity><out_Quantity.quantity>549.043693</out_Quantity.quantity></Point><Point><position>10770</position><in_Quantity.quantity>0.000000</in_Quantity.quantity><out_Quantity.quantity>447.287525</out_Quantity.quantity></Point><Point><position>10771</position><in_Quantity.quantity>0.000000</in_Quantity.quantity><out_Quantity.quantity>274.258867</out_Quantity.quantity></Point><Point><position>10772</position><in_Quantity.quantity>0.000000</in_Quantity.quantity><out_Quantity.quantity>686.063822</out_Quantity.quantity></Point><Point><position>10773</position><in_Quantity.quantity>0.000000</in_Quantity.quantity><out_Quantity.quantity>58.998039</out_Quantity.quantity></Point><Point><position>10774</position><in_Quantity.quantity>0.000000</in_Quantity.quantity><out_Quantity.quantity>360.669144</out_Quantity.quantity></Point><Point><position>10775</position><in_Quantity.quantity>0.000000</in_Quantity.quantity><out_Quantity.quantity>461.450668</out_Quantity.quantity></Point><Point><position>10776</position><in_Quantity.quantity>0.000000</in_Quantity.quantity><out_Quantity.quantity>341.354762</out_Quantity.quantity></Point><Point><position>10777</position><in_Quantity.quantity>0.000000</in_Quantity.quantity><out_Quantity.quantity>810.961638</out_Quantity.quantity></Point><Point><position>10778</position><in_Quantity.quantity>0.000000</in_Quantity.quantity><out_Quantity.quantity>161.407209</out_Quantity.quantity></Point><Point><position>10779</position><in_Quantity.quantity>0.000000</in_Quantity.quantity><out_Quantity.quantity>197.750194</out_Quantity.quantity></Point><Point><position>10780</position><in_Quantity.quantity>0.000000</in_Quantity.quantity><out_Quantity.quantity>950.251479</out_Quantity.quantity></Point><Point><position>10781</position><in_Quantity.quantity>0.000000</in_Quantity.quantity><out_Quantity.quantity>891.298687</out_Quantity.quantity></Point><Point><position>10782</position><in_Quantity.quantity>0.000000</in_Quantity.quantity><out_Quantity.quantity>209.144019</out_Quantity.quantity></Point><Point><position>10783</position><in_Quantity.quantity>0.000000</in_Quantity.quantity><out_Quantity.quantity>988.842309</out_Quantity.quantity></Point><Point><position>10784</position><in_Quantity.quantity>0.000000</in_Quantity.quantity><out_Quantity.quantity>433.008425</out_Quantity.quantity></Point><Point><position>10785</position><in_Quantity.quantity>0.000000</in_Quantity.quantity><out_Quantity.quantity>284.380955</out_Quantity.quantity></Point><Point><position>10786</position><in_Quantity.quantity>0.000000</in_Quantity.quantity><out_Quantity.quantity>964.697644</out_Quantity.quantity></Point><Point><position>10787</position><in_Quantity.quantity>0.000000</in_Quantity.quantity><out_Quantity.quantity>230.641411</out_Quantity.quantity></Point><Point><position>10788</position><in_Quantity.quantity>0.000000</in_Quantity.quantity><out_Quantity.quantity>738.210146</out_Quantity.quantity></Point><Point><position>10789</position><in_Quantity.quantity>0.000000</in_Quantity.quantity><out_Quantity.quantity>738.322695</out_Quantity.quantity></Point><Point><position>10790</position><in_Quantity.quantity>0.000000</in_Quantity.quantity><out_Quantity.quantity>618.405279</out_Quantity.quantity></Point><Point><position>10791</position><in_Quantity.quantity>0.000000</in_Quantity.quantity><out_Quantity.quantity>645.107228</out_Quantity.quantity></Point><Point><position>10792</position><in_Quantity.quantity>0.000000</in_Quantity.quantity><out_Quantity.quantity>502.409142</out_Quantity.quantity></Point><Point><position>10793</position><in_Quantity.quantity>0.000000</in_Quantity.quantity><out_Quantity.quantity>427.765526</out_Quantity.quantity></Point><Point><position>10794</position><in_Quantity.quantity>0.000000</in_Quantity.quantity><out_Quantity.quantity>995.463100</out_Quantity.quantity></Point><Point><position>10795</position><in_Quantity.quantity>0.000000</in_Quantity.quantity><out_Quantity.quantity>655.342772</out_Quantity.quantity></Point><Point><position>10796</position><in_Quantity.quantity>0.000000</in_Quantity.quantity><out_Quantity.quantity>492.396083</out_Quantity.quantity></Point><Point><position>10797</position><in_Quantity.quantity>0.000000</in_Quantity.quantity><out_Quantity.quantity>912.850614</out_Quantity.quantity></Point><Point><position>10798</position><in_Quantity.quantity>0.000000</in_Quantity.quantity><out_Quantity.quantity>420.218418</out_Quantity.quantity></Point><Point><position>10799</position><in_Quantity.quantity>0.000000</in_Quantity.quantity><out_Quantity.quantity>410.212730</out_Quantity.quantity></Point><Point><position>10800</position><in_Quantity.quantity>0.000000</in_Quantity.quantity><out_Quantity.quantity>493.360448</out_Quantity.quantity></Point><Point><position>10801</position><in_Quantity.quantity>0.000000</in_Quantity.quantity><out_Quantity.quantity>627.765117</out_Quantity.quantity></Point><Point><position>10802</position><in_Quantity.quantity>0.000000</in_Quantity.quantity><out_Quantity.quantity>137.968673</out_Quantity.quantity></Point><Point><position>10803</position><in_Quantity.quantity>0.000000</in_Quantity.quantity><out_Quantity.quantity>313.057506</out_Quantity.quantity></Point><Point><position>10804</position><in_Quantity.quantity>0.000000</in_Quantity.quantity><out_Quantity.quantity>87.297788</out_Quantity.quantity></Point><Point><position>10805</position><in_Quantity.quantity>0.000000</in_Quantity.quantity><out_Quantity.quantity>631.310740</out_Quantity.quantity></Point><Point><position>10806</position><in_Quantity.quantity>0.000000</in_Quantity.quantity><out_Quantity.quantity>898.606191</out_Quantity.quantity></Point><Point><position>10807</position><in_Quantity.quantity>0.000000</in_Quantity.quantity><out_Quantity.quantity>879.966125</out_Quantity.quantity></Point><Point><position>10808</position><in_Quantity.quantity>0.000000</in_Quantity.quantity><out_Quantity.quantity>237.071185</out_Quantity.quantity></Point><Point><position>10809</position><in_Quantity.quantity>0.000000</in_Quantity.quantity><out_Quantity.quantity>955.273907</out_Quantity.quantity></Point><Point><position>10810</position><in_Quantity.quantity>0.000000</in_Quantity.quantity><out_Quantity.quantity>45.444808</out_Quantity.quantity></Point><Point><position>10811</position><in_Quantity.quantity>0.000000</in_Quantity.quantity><out_Quantity.quantity>721.413585</out_Quantity.quantity></Point><Point><position>10812</position><in_Quantity.quantity>0.000000</in_Quantity.quantity><out_Quantity.quantity>829.385268</out_Quantity.quantity></Point><Point><position>10813</position><in_Quantity.quantity>0.000000</in_Quantity.quantity><out_Quantity.quantity>478.201895</out_Quantity.quantity></Point><Point><position>10814</position><in_Quantity.quantity>0.000000</in_Quantity.quantity><out_Quantity.quantity>826.395520</out_Quantity.quantity></Point><Point><position>10815</position><in_Quantity.quantity>0.000000</in_Quantity.quantity><out_Quantity.quantity>184.821880</out_Quantity.quantity></Point><Point><position>10816</position><in_Quantity.quantity>0.000000</in_Quantity.quantity><out_Quantity.quantity>146.499522</out_Quantity.quantity></Point><Point><position>10817</position><in_Quantity.quantity>0.000000</in_Quantity.quantity><out_Quantity.quantity>976.664875</out_Quantity.quantity></Point><Point><position>10818</position><in_Quantity.quantity>0.000000</in_Quantity.quantity><out_Quantity.quantity>62.465915</out_Quantity.quantity></Point><Point><position>10819</position><in_Quantity.quantity>0.000000</in_Quantity.quantity><out_Quantity.quantity>57.079261</out_Quantity.quantity></Point><Point><position>10820</position><in_Quantity.quantity>0.000000</in_Quantity.quantity><out_Quantity.quantity>166.008814</out_Quantity.quantity></Point><Point><position>10821</position><in_Quantity.quantity>0.000000</in_Quantity.quantity><out_Quantity.quantity>157.668465</out_Quantity.quantity></Point><Point><position>10822</position><in_Quantity.quantity>0.000000</in_Quantity.quantity><out_Quantity.quantity>521.526868</out_Quantity.quantity></Point><Point><position>10823</position><in_Quantity.quantity>0.000000</in_Quantity.quantity><out_Quantity.quantity>777.081868</out_Quantity.quantity></Point><Point><position>10824</position><in_Quantity.quantity>0.000000</in_Quantity.quantity><out_Quantity.quantity>362.174292</out_Quantity.quantity></Point><Point><position>10825</position><in_Quantity.quantity>0.000000</in_Quantity.quantity><out_Quantity.quantity>753.605972</out_Quantity.quantity></Point><Point><position>10826</position><in_Quantity.quantity>0.000000</in_Quantity.quantity><out_Quantity.quantity>364.613041</out_Quantity.quantity></Point><Point><position>10827</position><in_Quantity.quantity>0.000000</in_Quantity.quantity><out_Quantity.quantity>550.016597</out_Quantity.quantity></Point><Point><position>10828</position><in_Quantity.quantity>0.000000</in_Quantity.quantity><out_Quantity.quantity>838.003215</out_Quantity.quantity></Point><Point><position>10829</position><in_Quantity.quantity>0.000000</in_Quantity.quantity><out_Quantity.quantity>865.464742</out_Quantity.quantity></Point><Point><position>10830</position><in_Quantity.quantity>0.000000</in_Quantity.quantity><out_Quantity.quantity>503.050526</out_Quantity.quantity></Point><Point><position>10831</position><in_Quantity.quantity>0.000000</in_Quantity.quantity><out_Quantity.quantity>828.613199</out_Quantity.quantity></Point><Point><position>10832</position><in_Quantity.quantity>0.000000</in_Quantity.quantity><out_Quantity.quantity>439.357579</out_Quantity.quantity></Point><Point><position>10833</position><in_Quantity.quantity>0.000000</in_Quantity.quantity><out_Quantity.quantity>705.421912</out_Quantity.quantity></Point><Point><position>10834</position><in_Quantity.quantity>0.000000</in_Quantity.quantity><out_Quantity.quantity>346.007022</out_Quantity.quantity></Point><Point><position>10835</position><in_Quantity.quantity>0.000000</in_Quantity.quantity><out_Quantity.quantity>896.914581</out_Quantity.quantity></Point><Point><position>10836</position><in_Quantity.quantity>0.000000</in_Quantity.quantity><out_Quantity.quantity>468.708424</out_Quantity.quantity></Point><Point><position>10837</position><in_Quantity.quantity>0.000000</in_Quantity.quantity><out_Quantity.quantity>337.544973</out_Quantity.quantity></Point><Point><position>10838</position><in_Quantity.quantity>0.000000</in_Quantity.quantity><out_Quantity.quantity>553.710550</out_Quantity.quantity></Point><Point><position>10839</position><in_Quantity.quantity>0.000000</in_Quantity.quantity><out_Quantity.quantity>550.980652</out_Quantity.quantity></Point><Point><position>10840</position><in_Quantity.quantity>0.000000</in_Quantity.quantity><out_Quantity.quantity>778.551782</out_Quantity.quantity></Point><Point><position>10841</position><in_Quantity.quantity>0.000000</in_Quantity.quantity><out_Quantity.quantity>213.460212</out_Quantity.quantity></Point><Point><position>10842</position><in_Quantity.quantity>0.000000</in_Quantity.quantity><out_Quantity.quantity>916.598978</out_Quantity.quantity></Point><Point><position>10843</position><in_Quantity.quantity>0.000000</in_Quantity.quantity><out_Quantity.quantity>212.281876</out_Quantity.quantity></Point><Point><position>10844</position><in_Quantity.quantity>0.000000</in_Quantity.quantity><out_Quantity.quantity>617.821393</out_Quantity.quantity></Point><Point><position>10845</position><in_Quantity.quantity>0.000000</in_Quantity.quantity><out_Quantity.quantity>155.360025</out_Quantity.quantity></Point><Point><position>10846</position><in_Quantity.quantity>0.000000</in_Quantity.quantity><out_Quantity.quantity>53.257122</out_Quantity.quantity></Point><Point><position>10847</position><in_Quantity.quantity>0.000000</in_Quantity.quantity><out_Quantity.quantity>282.740746</out_Quantity.quantity></Point><Point><position>10848</position><in_Quantity.quantity>0.000000</in_Quantity.quantity><out_Quantity.quantity>10.771799</out_Quantity.quantity></Point><Point><position>10849</position><in_Quantity.quantity>0.000000</in_Quantity.quantity><out_Quantity.quantity>887.592517</out_Quantity.quantity></Point><Point><position>10850</position><in_Quantity.quantity>0.000000</in_Quantity.quantity><out_Quantity.quantity>963.266757</out_Quantity.quantity></Point><Point><position>10851</position><in_Quantity.quantity>0.000000</in_Quantity.quantity><out_Quantity.quantity>751.873135</out_Quantity.quantity></Point><Point><position>10852</position><in_Quantity.quantity>0.000000</in_Quantity.quantity><out_Quantity.quantity>82.826029</out_Quantity.quantity></Point><Point><position>10853</position><in_Quantity.quantity>0.000000</in_Quantity.quantity><out_Quantity.quantity>432.017984</out_Quantity.quantity></Point><Point><position>10854</position><in_Quantity.quantity>0.000000</in_Quantity.quantity><out_Quantity.quantity>426.465259</out_Quantity.quantity></Point><Point><position>10855</position><in_Quantity.quantity>0.000000</in_Quantity.quantity><out_Quantity.quantity>337.822881</out_Quantity.quantity></Point><Point><position>10856</position><in_Quantity.quantity>0.000000</in_Quantity.quantity><out_Quantity.quantity>582.049320</out_Quantity.quantity></Point><Point><position>10857</position><in_Quantity.quantity>0.000000</in_Quantity.quantity><out_Quantity.quantity>989.879077</out_Quantity.quantity></Point><Point><position>10858</position><in_Quantity.quantity>0.000000</in_Quantity.quantity><out_Quantity.quantity>620.663186</out_Quantity.quantity></Point><Point><position>10859</position><in_Quantity.quantity>0.000000</in_Quantity.quantity><out_Quantity.quantity>460.033843</out_Quantity.quantity></Point><Point><position>10860</position><in_Quantity.quantity>0.000000</in_Quantity.quantity><out_Quantity.quantity>293.848053</out_Quantity.quantity></Point><Point><position>10861</position><in_Quantity.quantity>0.000000</in_Quantity.quantity><out_Quantity.quantity>68.842390</out_Quantity.quantity></Point><Point><position>10862</position><in_Quantity.quantity>0.000000</in_Quantity.quantity><out_Quantity.quantity>653.692739</out_Quantity.quantity></Point><Point><position>10863</position><in_Quantity.quantity>0.000000</in_Quantity.quantity><out_Quantity.quantity>496.140770</out_Quantity.quantity></Point><Point><position>10864</position><in_Quantity.quantity>0.000000</in_Quantity.quantity><out_Quantity.quantity>525.115928</out_Quantity.quantity></Point><Point><position>10865</position><in_Quantity.quantity>0.000000</in_Quantity.quantity><out_Quantity.quantity>151.582762</out_Quantity.quantity></Point><Point><position>10866</position><in_Quantity.quantity>0.000000</in_Quantity.quantity><out_Quantity.quantity>11.276828</out_Quantity.quantity></Point><Point><position>10867</position><in_Quantity.quantity>0.000000</in_Quantity.quantity><out_Quantity.quantity>385.056120</out_Quantity.quantity></Point><Point><position>10868</position><in_Quantity.quantity>0.000000</in_Quantity.quantity><out_Quantity.quantity>183.251726</out_Quantity.quantity></Point><Point><position>10869</position><in_Quantity.quantity>0.000000</in_Quantity.quantity><out_Quantity.quantity>111.489023</out_Quantity.quantity></Point><Point><position>10870</position><in_Quantity.quantity>0.000000</in_Quantity.quantity><out_Quantity.quantity>981.208454</out_Quantity.quantity></Point><Point><position>10871</position><in_Quantity.quantity>0.000000</in_Quantity.quantity><out_Quantity.quantity>738.397023</out_Quantity.quantity></Point><Point><position>10872</position><in_Quantity.quantity>0.000000</in_Quantity.quantity><out_Quantity.quantity>929.339312</out_Quantity.quantity></Point><Point><position>10873</position><in_Quantity.quantity>0.000000</in_Quantity.quantity><out_Quantity.quantity>789.081653</out_Quantity.quantity></Point><Point><position>10874</position><in_Quantity.quantity>0.000000</in_Quantity.quantity><out_Quantity.quantity>613.370169</out_Quantity.quantity></Point><Point><position>10875</position><in_Quantity.quantity>0.000000</in_Quantity.quantity><out_Quantity.quantity>308.026371</out_Quantity.quantity></Point><Point><position>10876</position><in_Quantity.quantity>0.000000</in_Quantity.quantity><out_Quantity.quantity>916.123326</out_Quantity.quantity></Point><Point><position>10877</position><in_Quantity.quantity>0.000000</in_Quantity.quantity><out_Quantity.quantity>958.645897</out_Quantity.quantity></Point><Point><position>10878</position><in_Quantity.quantity>0.000000</in_Quantity.quantity><out_Quantity.quantity>568.311043</out_Quantity.quantity></Point><Point><position>10879</position><in_Quantity.quantity>0.000000</in_Quantity.quantity><out_Quantity.quantity>585.297082</out_Quantity.quantity></Point><Point><position>10880</position><in_Quantity.quantity>0.000000</in_Quantity.quantity><out_Quantity.quantity>412.041675</out_Quantity.quantity></Point><Point><position>10881</position><in_Quantity.quantity>0.000000</in_Quantity.quantity><out_Quantity.quantity>520.511082</out_Quantity.quantity></Point><Point><position>10882</position><in_Quantity.quantity>0.000000</in_Quantity.quantity><out_Quantity.quantity>70.913630</out_Quantity.quantity></Point><Point><position>10883</position><in_Quantity.quantity>0.000000</in_Quantity.quantity><out_Quantity.quantity>674.319242</out_Quantity.quantity></Point><Point><position>10884</position><in_Quantity.quantity>0.000000</in_Quantity.quantity><out_Quantity.quantity>240.549312</out_Quantity.quantity></Point><Point><position>10885</position><in_Quantity.quantity>0.000000</in_Quantity.quantity><out_Quantity.quantity>196.429662</out_Quantity.quantity></Point><Point><position>10886</position><in_Quantity.quantity>0.000000</in_Quantity.quantity><out_Quantity.quantity>468.886831</out_Quantity.quantity></Point><Point><position>10887</position><in_Quantity.quantity>0.000000</in_Quantity.quantity><out_Quantity.quantity>597.935592</out_Quantity.quantity></Point><Point><position>10888</position><in_Quantity.quantity>0.000000</in_Quantity.quantity><out_Quantity.quantity>484.544777</out_Quantity.quantity></Point><Point><position>10889</position><in_Quantity.quantity>0.000000</in_Quantity.quantity><out_Quantity.quantity>307.552337</out_Quantity.quantity></Point><Point><position>10890</position><in_Quantity.quantity>0.000000</in_Quantity.quantity><out_Quantity.quantity>308.584410</out_Quantity.quantity></Point><Point><position>10891</position><in_Quantity.quantity>0.000000</in_Quantity.quantity><out_Quantity.quantity>801.048981</out_Quantity.quantity></Point><Point><position>10892</position><in_Quantity.quantity>0.000000</in_Quantity.quantity><out_Quantity.quantity>855.954439</out_Quantity.quantity></Point><Point><position>10893</position><in_Quantity.quantity>0.000000</in_Quantity.quantity><out_Quantity.quantity>124.464962</out_Quantity.quantity></Point><Point><position>10894</position><in_Quantity.quantity>0.000000</in_Quantity.quantity><out_Quantity.quantity>997.087553</out_Quantity.quantity></Point><Point><position>10895</position><in_Quantity.quantity>0.000000</in_Quantity.quantity><out_Quantity.quantity>841.706876</out_Quantity.quantity></Point><Point><position>10896</position><in_Quantity.quantity>0.000000</in_Quantity.quantity><out_Quantity.quantity>391.204792</out_Quantity.quantity></Point><Point><position>10897</position><in_Quantity.quantity>0.000000</in_Quantity.quantity><out_Quantity.quantity>461.071890</out_Quantity.quantity></Point><Point><position>10898</position><in_Quantity.quantity>0.000000</in_Quantity.quantity><out_Quantity.quantity>334.717881</out_Quantity.quantity></Point><Point><position>10899</position><in_Quantity.quantity>0.000000</in_Quantity.quantity><out_Quantity.quantity>432.349967</out_Quantity.quantity></Point><Point><position>10900</position><in_Quantity.quantity>0.000000</in_Quantity.quantity><out_Quantity.quantity>181.036224</out_Quantity.quantity></Point><Point><position>10901</position><in_Quantity.quantity>0.000000</in_Quantity.quantity><out_Quantity.quantity>510.061778</out_Quantity.quantity></Point><Point><position>10902</position><in_Quantity.quantity>0.000000</in_Quantity.quantity><out_Quantity.quantity>387.142987</out_Quantity.quantity></Point><Point><position>10903</position><in_Quantity.quantity>0.000000</in_Quantity.quantity><out_Quantity.quantity>579.042559</out_Quantity.quantity></Point><Point><position>10904</position><in_Quantity.quantity>0.000000</in_Quantity.quantity><out_Quantity.quantity>346.436716</out_Quantity.quantity></Point><Point><position>10905</position><in_Quantity.quantity>0.000000</in_Quantity.quantity><out_Quantity.quantity>526.733262</out_Quantity.quantity></Point><Point><position>10906</position><in_Quantity.quantity>0.000000</in_Quantity.quantity><out_Quantity.quantity>254.499207</out_Quantity.quantity></Point><Point><position>10907</position><in_Quantity.quantity>0.000000</in_Quantity.quantity><out_Quantity.quantity>221.193231</out_Quantity.quantity></Point><Point><position>10908</position><in_Quantity.quantity>0.000000</in_Quantity.quantity><out_Quantity.quantity>296.346529</out_Quantity.quantity></Point><Point><position>10909</position><in_Quantity.quantity>0.000000</in_Quantity.quantity><out_Quantity.quantity>527.604186</out_Quantity.quantity></Point><Point><position>10910</position><in_Quantity.quantity>0.000000</in_Quantity.quantity><out_Quantity.quantity>386.407938</out_Quantity.quantity></Point><Point><position>10911</position><in_Quantity.quantity>0.000000</in_Quantity.quantity><out_Quantity.quantity>818.479161</out_Quantity.quantity></Point><Point><position>10912</position><in_Quantity.quantity>0.000000</in_Quantity.quantity><out_Quantity.quantity>346.959919</out_Quantity.quantity></Point><Point><position>10913</position><in_Quantity.quantity>0.000000</in_Quantity.quantity><out_Quantity.quantity>260.019298</out_Quantity.quantity></Point><Point><position>10914</position><in_Quantity.quantity>0.000000</in_Quantity.quantity><out_Quantity.quantity>958.205876</out_Quantity.quantity></Point><Point><position>10915</position><in_Quantity.quantity>0.000000</in_Quantity.quantity><out_Quantity.quantity>195.500723</out_Quantity.quantity></Point><Point><position>10916</position><in_Quantity.quantity>0.000000</in_Quantity.quantity><out_Quantity.quantity>437.534728</out_Quantity.quantity></Point><Point><position>10917</position><in_Quantity.quantity>0.000000</in_Quantity.quantity><out_Quantity.quantity>450.465655</out_Quantity.quantity></Point><Point><position>10918</position><in_Quantity.quantity>0.000000</in_Quantity.quantity><out_Quantity.quantity>447.075054</out_Quantity.quantity></Point><Point><position>10919</position><in_Quantity.quantity>0.000000</in_Quantity.quantity><out_Quantity.quantity>596.713162</out_Quantity.quantity></Point><Point><position>10920</position><in_Quantity.quantity>0.000000</in_Quantity.quantity><out_Quantity.quantity>976.856295</out_Quantity.quantity></Point><Point><position>10921</position><in_Quantity.quantity>0.000000</in_Quantity.quantity><out_Quantity.quantity>206.196169</out_Quantity.quantity></Point><Point><position>10922</position><in_Quantity.quantity>0.000000</in_Quantity.quantity><out_Quantity.quantity>512.074075</out_Quantity.quantity></Point><Point><position>10923</position><in_Quantity.quantity>0.000000</in_Quantity.quantity><out_Quantity.quantity>436.365058</out_Quantity.quantity></Point><Point><position>10924</position><in_Quantity.quantity>0.000000</in_Quantity.quantity><out_Quantity.quantity>304.591668</out_Quantity.quantity></Point><Point><position>10925</position><in_Quantity.quantity>0.000000</in_Quantity.quantity><out_Quantity.quantity>960.762633</out_Quantity.quantity></Point><Point><position>10926</position><in_Quantity.quantity>0.000000</in_Quantity.quantity><out_Quantity.quantity>668.788576</out_Quantity.quantity></Point><Point><position>10927</position><in_Quantity.quantity>0.000000</in_Quantity.quantity><out_Quantity.quantity>869.049615</out_Quantity.quantity></Point><Point><position>10928</position><in_Quantity.quantity>0.000000</in_Quantity.quantity><out_Quantity.quantity>602.257633</out_Quantity.quantity></Point><Point><position>10929</position><in_Quantity.quantity>0.000000</in_Quantity.quantity><out_Quantity.quantity>441.622690</out_Quantity.quantity></Point><Point><position>10930</position><in_Quantity.quantity>0.000000</in_Quantity.quantity><out_Quantity.quantity>904.011808</out_Quantity.quantity></Point><Point><position>10931</position><in_Quantity.quantity>0.000000</in_Quantity.quantity><out_Quantity.quantity>64.697385</out_Quantity.quantity></Point><Point><position>10932</position><in_Quantity.quantity>0.000000</in_Quantity.quantity><out_Quantity.quantity>215.589735</out_Quantity.quantity></Point><Point><position>10933</position><in_Quantity.quantity>0.000000</in_Quantity.quantity><out_Quantity.quantity>287.890660</out_Quantity.quantity></Point><Point><position>10934</position><in_Quantity.quantity>0.000000</in_Quantity.quantity><out_Quantity.quantity>751.216225</out_Quantity.quantity></Point><Point><position>10935</position><in_Quantity.quantity>0.000000</in_Quantity.quantity><out_Quantity.quantity>341.742778</out_Quantity.quantity></Point><Point><position>10936</position><in_Quantity.quantity>0.000000</in_Quantity.quantity><out_Quantity.quantity>434.064711</out_Quantity.quantity></Point><Point><position>10937</position><in_Quantity.quantity>0.000000</in_Quantity.quantity><out_Quantity.quantity>982.236176</out_Quantity.quantity></Point><Point><position>10938</position><in_Quantity.quantity>0.000000</in_Quantity.quantity><out_Quantity.quantity>799.016067</out_Quantity.quantity></Point><Point><position>10939</position><in_Quantity.quantity>0.000000</in_Quantity.quantity><out_Quantity.quantity>730.672831</out_Quantity.quantity></Point><Point><position>10940</position><in_Quantity.quantity>0.000000</in_Quantity.quantity><out_Quantity.quantity>59.163117</out_Quantity.quantity></Point><Point><position>10941</position><in_Quantity.quantity>0.000000</in_Quantity.quantity><out_Quantity.quantity>337.549850</out_Quantity.quantity></Point><Point><position>10942</position><in_Quantity.quantity>0.000000</in_Quantity.quantity><out_Quantity.quantity>819.324800</out_Quantity.quantity></Point><Point><position>10943</position><in_Quantity.quantity>0.000000</in_Quantity.quantity><out_Quantity.quantity>989.887982</out_Quantity.quantity></Point><Point><position>10944</position><in_Quantity.quantity>0.000000</in_Quantity.quantity><out_Quantity.quantity>905.820114</out_Quantity.quantity></Point><Point><position>10945</position><in_Quantity.quantity>0.000000</in_Quantity.quantity><out_Quantity.quantity>76.126754</out_Quantity.quantity></Point><Point><position>10946</position><in_Quantity.quantity>0.000000</in_Quantity.quantity><out_Quantity.quantity>778.107699</out_Quantity.quantity></Point><Point><position>10947</position><in_Quantity.quantity>0.000000</in_Quantity.quantity><out_Quantity.quantity>716.337225</out_Quantity.quantity></Point><Point><position>10948</position><in_Quantity.quantity>0.000000</in_Quantity.quantity><out_Quantity.quantity>71.474121</out_Quantity.quantity></Point><Point><position>10949</position><in_Quantity.quantity>0.000000</in_Quantity.quantity><out_Quantity.quantity>30.606166</out_Quantity.quantity></Point><Point><position>10950</position><in_Quantity.quantity>0.000000</in_Quantity.quantity><out_Quantity.quantity>494.746948</out_Quantity.quantity></Point><Point><position>10951</position><in_Quantity.quantity>0.000000</in_Quantity.quantity><out_Quantity.quantity>135.990022</out_Quantity.quantity></Point><Point><position>10952</position><in_Quantity.quantity>0.000000</in_Quantity.quantity><out_Quantity.quantity>687.394362</out_Quantity.quantity></Point><Point><position>10953</position><in_Quantity.quantity>0.000000</in_Quantity.quantity><out_Quantity.quantity>651.089204</out_Quantity.quantity></Point><Point><position>10954</position><in_Quantity.quantity>0.000000</in_Quantity.quantity><out_Quantity.quantity>507.920279</out_Quantity.quantity></Point><Point><position>10955</position><in_Quantity.quantity>0.000000</in_Quantity.quantity><out_Quantity.quantity>822.901831</out_Quantity.quantity></Point><Point><position>10956</position><in_Quantity.quantity>0.000000</in_Quantity.quantity><out_Quantity.quantity>554.616638</out_Quantity.quantity></Point><Point><position>10957</position><in_Quantity.quantity>0.000000</in_Quantity.quantity><out_Quantity.quantity>721.961735</out_Quantity.quantity></Point><Point><position>10958</position><in_Quantity.quantity>0.000000</in_Quantity.quantity><out_Quantity.quantity>121.001687</out_Quantity.quantity></Point><Point><position>10959</position><in_Quantity.quantity>0.000000</in_Quantity.quantity><out_Quantity.quantity>756.859373</out_Quantity.quantity></Point><Point><position>10960</position><in_Quantity.quantity>0.000000</in_Quantity.quantity><out_Quantity.quantity>791.102006</out_Quantity.quantity></Point><Point><position>10961</position><in_Quantity.quantity>0.000000</in_Quantity.quantity><out_Quantity.quantity>998.962808</out_Quantity.quantity></Point><Point><position>10962</position><in_Quantity.quantity>0.000000</in_Quantity.quantity><out_Quantity.quantity>932.544763</out_Quantity.quantity></Point><Point><position>10963</position><in_Quantity.quantity>0.000000</in_Quantity.quantity><out_Quantity.quantity>572.838471</out_Quantity.quantity></Point><Point><position>10964</position><in_Quantity.quantity>0.000000</in_Quantity.quantity><out_Quantity.quantity>28.424076</out_Quantity.quantity></Point><Point><position>10965</position><in_Quantity.quantity>0.000000</in_Quantity.quantity><out_Quantity.quantity>651.104418</out_Quantity.quantity></Point><Point><position>10966</position><in_Quantity.quantity>0.000000</in_Quantity.quantity><out_Quantity.quantity>549.011982</out_Quantity.quantity></Point><Point><position>10967</position><in_Quantity.quantity>0.000000</in_Quantity.quantity><out_Quantity.quantity>932.700736</out_Quantity.quantity></Point><Point><position>10968</position><in_Quantity.quantity>0.000000</in_Quantity.quantity><out_Quantity.quantity>647.820566</out_Quantity.quantity></Point><Point><position>10969</position><in_Quantity.quantity>0.000000</in_Quantity.quantity><out_Quantity.quantity>194.122715</out_Quantity.quantity></Point><Point><position>10970</position><in_Quantity.quantity>0.000000</in_Quantity.quantity><out_Quantity.quantity>505.101927</out_Quantity.quantity></Point><Point><position>10971</position><in_Quantity.quantity>0.000000</in_Quantity.quantity><out_Quantity.quantity>741.383409</out_Quantity.quantity></Point><Point><position>10972</position><in_Quantity.quantity>0.000000</in_Quantity.quantity><out_Quantity.quantity>292.114186</out_Quantity.quantity></Point><Point><position>10973</position><in_Quantity.quantity>0.000000</in_Quantity.quantity><out_Quantity.quantity>221.730401</out_Quantity.quantity></Point><Point><position>10974</position><in_Quantity.quantity>0.000000</in_Quantity.quantity><out_Quantity.quantity>323.948351</out_Quantity.quantity></Point><Point><position>10975</position><in_Quantity.quantity>0.000000</in_Quantity.quantity><out_Quantity.quantity>509.320602</out_Quantity.quantity></Point><Point><position>10976</position><in_Quantity.quantity>0.000000</in_Quantity.quantity><out_Quantity.quantity>37.368752</out_Quantity.quantity></Point><Point><position>10977</position><in_Quantity.quantity>0.000000</in_Quantity.quantity><out_Quantity.quantity>959.604963</out_Quantity.quantity></Point><Point><position>10978</position><in_Quantity.quantity>0.000000</in_Quantity.quantity><out_Quantity.quantity>480.505410</out_Quantity.quantity></Point><Point><position>10979</position><in_Quantity.quantity>0.000000</in_Quantity.quantity><out_Quantity.quantity>363.077527</out_Quantity.quantity></Point><Point><position>10980</position><in_Quantity.quantity>0.000000</in_Quantity.quantity><out_Quantity.quantity>589.321129</out_Quantity.quantity></Point><Point><position>10981</position><in_Quantity.quantity>0.000000</in_Quantity.quantity><out_Quantity.quantity>396.100751</out_Quantity.quantity></Point><Point><position>10982</position><in_Quantity.quantity>0.000000</in_Quantity.quantity><out_Quantity.quantity>801.915070</out_Quantity.quantity></Point><Point><position>10983</position><in_Quantity.quantity>0.000000</in_Quantity.quantity><out_Quantity.quantity>365.040891</out_Quantity.quantity></Point><Point><position>10984</position><in_Quantity.quantity>0.000000</in_Quantity.quantity><out_Quantity.quantity>62.876022</out_Quantity.quantity></Point><Point><position>10985</position><in_Quantity.quantity>0.000000</in_Quantity.quantity><out_Quantity.quantity>94.942026</out_Quantity.quantity></Point><Point><position>10986</position><in_Quantity.quantity>0.000000</in_Quantity.quantity><out_Quantity.quantity>539.625593</out_Quantity.quantity></Point><Point><position>10987</position><in_Quantity.quantity>0.000000</in_Quantity.quantity><out_Quantity.quantity>300.514071</out_Quantity.quantity></Point><Point><position>10988</position><in_Quantity.quantity>0.000000</in_Quantity.quantity><out_Quantity.quantity>394.596251</out_Quantity.quantity></Point><Point><position>10989</position><in_Quantity.quantity>0.000000</in_Quantity.quantity><out_Quantity.quantity>574.007975</out_Quantity.quantity></Point><Point><position>10990</position><in_Quantity.quantity>0.000000</in_Quantity.quantity><out_Quantity.quantity>284.394733</out_Quantity.quantity></Point><Point><position>10991</position><in_Quantity.quantity>0.000000</in_Quantity.quantity><out_Quantity.quantity>419.839833</out_Quantity.quantity></Point><Point><position>10992</position><in_Quantity.quantity>0.000000</in_Quantity.quantity><out_Quantity.quantity>787.255729</out_Quantity.quantity></Point><Point><position>10993</position><in_Quantity.quantity>0.000000</in_Quantity.quantity><out_Quantity.quantity>386.071406</out_Quantity.quantity></Point><Point><position>10994</position><in_Quantity.quantity>0.000000</in_Quantity.quantity><out_Quantity.quantity>43.434774</out_Quantity.quantity></Point><Point><position>10995</position><in_Quantity.quantity>0.000000</in_Quantity.quantity><out_Quantity.quantity>522.155367</out_Quantity.quantity></Point><Point><position>10996</position><in_Quantity.quantity>0.000000</in_Quantity.quantity><out_Quantity.quantity>204.132308</out_Quantity.quantity></Point><Point><position>10997</position><in_Quantity.quantity>0.000000</in_Quantity.quantity><out_Quantity.quantity>628.327934</out_Quantity.quantity></Point><Point><position>10998</position><in_Quantity.quantity>0.000000</in_Quantity.quantity><out_Quantity.quantity>197.117147</out_Quantity.quantity></Point><Point><position>10999</position><in_Quantity.quantity>0.000000</in_Quantity.quantity><out_Quantity.quantity>37.581372</out_Quantity.quantity></Point><Point><position>11000</position><in_Quantity.quantity>0.000000</in_Quantity.quantity><out_Quantity.quantity>621.384791</out_Quantity.quantity></Point><Point><position>11001</position><in_Quantity.quantity>0.000000</in_Quantity.quantity><out_Quantity.quantity>646.934933</out_Quantity.quantity></Point><Point><position>11002</position><in_Quantity.quantity>0.000000</in_Quantity.quantity><out_Quantity.quantity>315.823174</out_Quantity.quantity></Point><Point><position>11003</position><in_Quantity.quantity>0.000000</in_Quantity.quantity><out_Quantity.quantity>307.887121</out_Quantity.quantity></Point><Point><position>11004</position><in_Quantity.quantity>0.000000</in_Quantity.quantity><out_Quantity.quantity>327.918588</out_Quantity.quantity></Point><Point><position>11005</position><in_Quantity.quantity>0.000000</in_Quantity.quantity><out_Quantity.quantity>674.245490</out_Quantity.quantity></Point><Point><position>11006</position><in_Quantity.quantity>0.000000</in_Quantity.quantity><out_Quantity.quantity>523.498417</out_Quantity.quantity></Point><Point><position>11007</position><in_Quantity.quantity>0.000000</in_Quantity.quantity><out_Quantity.quantity>241.797231</out_Quantity.quantity></Point><Point><position>11008</position><in_Quantity.quantity>0.000000</in_Quantity.quantity><out_Quantity.quantity>789.982652</out_Quantity.quantity></Point><Point><position>11009</position><in_Quantity.quantity>0.000000</in_Quantity.quantity><out_Quantity.quantity>663.253474</out_Quantity.quantity></Point><Point><position>11010</position><in_Quantity.quantity>0.000000</in_Quantity.quantity><out_Quantity.quantity>765.050499</out_Quantity.quantity></Point><Point><position>11011</position><in_Quantity.quantity>0.000000</in_Quantity.quantity><out_Quantity.quantity>558.923133</out_Quantity.quantity></Point><Point><position>11012</position><in_Quantity.quantity>0.000000</in_Quantity.quantity><out_Quantity.quantity>727.874515</out_Quantity.quantity></Point><Point><position>11013</position><in_Quantity.quantity>0.000000</in_Quantity.quantity><out_Quantity.quantity>154.248829</out_Quantity.quantity></Point><Point><position>11014</position><in_Quantity.quantity>0.000000</in_Quantity.quantity><out_Quantity.quantity>162.881753</out_Quantity.quantity></Point><Point><position>11015</position><in_Quantity.quantity>0.000000</in_Quantity.quantity><out_Quantity.quantity>580.964463</out_Quantity.quantity></Point><Point><position>11016</position><in_Quantity.quantity>0.000000</in_Quantity.quantity><out_Quantity.quantity>153.565289</out_Quantity.quantity></Point><Point><position>11017</position><in_Quantity.quantity>0.000000</in_Quantity.quantity><out_Quantity.quantity>131.742024</out_Quantity.quantity></Point><Point><position>11018</position><in_Quantity.quantity>0.000000</in_Quantity.quantity><out_Quantity.quantity>442.452328</out_Quantity.quantity></Point><Point><position>11019</position><in_Quantity.quantity>0.000000</in_Quantity.quantity><out_Quantity.quantity>905.896646</out_Quantity.quantity></Point><Point><position>11020</position><in_Quantity.quantity>0.000000</in_Quantity.quantity><out_Quantity.quantity>86.358830</out_Quantity.quantity></Point><Point><position>11021</position><in_Quantity.quantity>0.000000</in_Quantity.quantity><out_Quantity.quantity>371.411900</out_Quantity.quantity></Point><Point><position>11022</position><in_Quantity.quantity>0.000000</in_Quantity.quantity><out_Quantity.quantity>681.260726</out_Quantity.quantity></Point><Point><position>11023</position><in_Quantity.quantity>0.000000</in_Quantity.quantity><out_Quantity.quantity>702.992005</out_Quantity.quantity></Point><Point><position>11024</position><in_Quantity.quantity>0.000000</in_Quantity.quantity><out_Quantity.quantity>636.414834</out_Quantity.quantity></Point><Point><position>11025</position><in_Quantity.quantity>0.000000</in_Quantity.quantity><out_Quantity.quantity>786.338328</out_Quantity.quantity></Point><Point><position>11026</position><in_Quantity.quantity>0.000000</in_Quantity.quantity><out_Quantity.quantity>939.074030</out_Quantity.quantity></Point><Point><position>11027</position><in_Quantity.quantity>0.000000</in_Quantity.quantity><out_Quantity.quantity>711.124241</out_Quantity.quantity></Point><Point><position>11028</position><in_Quantity.quantity>0.000000</in_Quantity.quantity><out_Quantity.quantity>587.827341</out_Quantity.quantity></Point><Point><position>11029</position><in_Quantity.quantity>0.000000</in_Quantity.quantity><out_Quantity.quantity>731.020736</out_Quantity.quantity></Point><Point><position>11030</position><in_Quantity.quantity>0.000000</in_Quantity.quantity><out_Quantity.quantity>693.038854</out_Quantity.quantity></Point><Point><position>11031</position><in_Quantity.quantity>0.000000</in_Quantity.quantity><out_Quantity.quantity>373.546068</out_Quantity.quantity></Point><Point><position>11032</position><in_Quantity.quantity>0.000000</in_Quantity.quantity><out_Quantity.quantity>130.024128</out_Quantity.quantity></Point><Point><position>11033</position><in_Quantity.quantity>0.000000</in_Quantity.quantity><out_Quantity.quantity>563.698348</out_Quantity.quantity></Point><Point><position>11034</position><in_Quantity.quantity>0.000000</in_Quantity.quantity><out_Quantity.quantity>999.464014</out_Quantity.quantity></Point><Point><position>11035</position><in_Quantity.quantity>0.000000</in_Quantity.quantity><out_Quantity.quantity>34.686370</out_Quantity.quantity></Point><Point><position>11036</position><in_Quantity.quantity>0.000000</in_Quantity.quantity><out_Quantity.quantity>490.215339</out_Quantity.quantity></Point><Point><position>11037</position><in_Quantity.quantity>0.000000</in_Quantity.quantity><out_Quantity.quantity>471.044752</out_Quantity.quantity></Point><Point><position>11038</position><in_Quantity.quantity>0.000000</in_Quantity.quantity><out_Quantity.quantity>787.141930</out_Quantity.quantity></Point><Point><position>11039</position><in_Quantity.quantity>0.000000</in_Quantity.quantity><out_Quantity.quantity>174.992995</out_Quantity.quantity></Point><Point><position>11040</position><in_Quantity.quantity>0.000000</in_Quantity.quantity><out_Quantity.quantity>347.880433</out_Quantity.quantity></Point><Point><position>11041</position><in_Quantity.quantity>0.000000</in_Quantity.quantity><out_Quantity.quantity>622.061390</out_Quantity.quantity></Point><Point><position>11042</position><in_Quantity.quantity>0.000000</in_Quantity.quantity><out_Quantity.quantity>364.791812</out_Quantity.quantity></Point><Point><position>11043</position><in_Quantity.quantity>0.000000</in_Quantity.quantity><out_Quantity.quantity>706.717124</out_Quantity.quantity></Point><Point><position>11044</position><in_Quantity.quantity>0.000000</in_Quantity.quantity><out_Quantity.quantity>830.170820</out_Quantity.quantity></Point><Point><position>11045</position><in_Quantity.quantity>0.000000</in_Quantity.quantity><out_Quantity.quantity>983.980100</out_Quantity.quantity></Point><Point><position>11046</position><in_Quantity.quantity>0.000000</in_Quantity.quantity><out_Quantity.quantity>256.010933</out_Quantity.quantity></Point><Point><position>11047</position><in_Quantity.quantity>0.000000</in_Quantity.quantity><out_Quantity.quantity>933.563005</out_Quantity.quantity></Point><Point><position>11048</position><in_Quantity.quantity>0.000000</in_Quantity.quantity><out_Quantity.quantity>293.337716</out_Quantity.quantity></Point><Point><position>11049</position><in_Quantity.quantity>0.000000</in_Quantity.quantity><out_Quantity.quantity>773.443356</out_Quantity.quantity></Point><Point><position>11050</position><in_Quantity.quantity>0.000000</in_Quantity.quantity><out_Quantity.quantity>481.564670</out_Quantity.quantity></Point><Point><position>11051</position><in_Quantity.quantity>0.000000</in_Quantity.quantity><out_Quantity.quantity>207.084801</out_Quantity.quantity></Point><Point><position>11052</position><in_Quantity.quantity>0.000000</in_Quantity.quantity><out_Quantity.quantity>944.833451</out_Quantity.quantity></Point><Point><position>11053</position><in_Quantity.quantity>0.000000</in_Quantity.quantity><out_Quantity.quantity>53.164481</out_Quantity.quantity></Point><Point><position>11054</position><in_Quantity.quantity>0.000000</in_Quantity.quantity><out_Quantity.quantity>958.639410</out_Quantity.quantity></Point><Point><position>11055</position><in_Quantity.quantity>0.000000</in_Quantity.quantity><out_Quantity.quantity>336.921054</out_Quantity.quantity></Point><Point><position>11056</position><in_Quantity.quantity>0.000000</in_Quantity.quantity><out_Quantity.quantity>855.294336</out_Quantity.quantity></Point><Point><position>11057</position><in_Quantity.quantity>0.000000</in_Quantity.quantity><out_Quantity.quantity>972.530111</out_Quantity.quantity></Point><Point><position>11058</position><in_Quantity.quantity>0.000000</in_Quantity.quantity><out_Quantity.quantity>598.282833</out_Quantity.quantity></Point><Point><position>11059</position><in_Quantity.quantity>0.000000</in_Quantity.quantity><out_Quantity.quantity>383.498089</out_Quantity.quantity></Point><Point><position>11060</position><in_Quantity.quantity>0.000000</in_Quantity.quantity><out_Quantity.quantity>345.614973</out_Quantity.quantity></Point><Point><position>11061</position><in_Quantity.quantity>0.000000</in_Quantity.quantity><out_Quantity.quantity>769.179656</out_Quantity.quantity></Point><Point><position>11062</position><in_Quantity.quantity>0.000000</in_Quantity.quantity><out_Quantity.quantity>632.951099</out_Quantity.quantity></Point><Point><position>11063</position><in_Quantity.quantity>0.000000</in_Quantity.quantity><out_Quantity.quantity>229.045776</out_Quantity.quantity></Point><Point><position>11064</position><in_Quantity.quantity>0.000000</in_Quantity.quantity><out_Quantity.quantity>452.285845</out_Quantity.quantity></Point><Point><position>11065</position><in_Quantity.quantity>0.000000</in_Quantity.quantity><out_Quantity.quantity>491.660737</out_Quantity.quantity></Point><Point><position>11066</position><in_Quantity.quantity>0.000000</in_Quantity.quantity><out_Quantity.quantity>510.006509</out_Quantity.quantity></Point><Point><position>11067</position><in_Quantity.quantity>0.000000</in_Quantity.quantity><out_Quantity.quantity>597.318303</out_Quantity.quantity></Point><Point><position>11068</position><in_Quantity.quantity>0.000000</in_Quantity.quantity><out_Quantity.quantity>824.073679</out_Quantity.quantity></Point><Point><position>11069</position><in_Quantity.quantity>0.000000</in_Quantity.quantity><out_Quantity.quantity>565.935413</out_Quantity.quantity></Point><Point><position>11070</position><in_Quantity.quantity>0.000000</in_Quantity.quantity><out_Quantity.quantity>153.336754</out_Quantity.quantity></Point><Point><position>11071</position><in_Quantity.quantity>0.000000</in_Quantity.quantity><out_Quantity.quantity>374.059447</out_Quantity.quantity></Point><Point><position>11072</position><in_Quantity.quantity>0.000000</in_Quantity.quantity><out_Quantity.quantity>653.731507</out_Quantity.quantity></Point><Point><position>11073</position><in_Quantity.quantity>0.000000</in_Quantity.quantity><out_Quantity.quantity>54.348991</out_Quantity.quantity></Point><Point><position>11074</position><in_Quantity.quantity>0.000000</in_Quantity.quantity><out_Quantity.quantity>23.729837</out_Quantity.quantity></Point><Point><position>11075</position><in_Quantity.quantity>0.000000</in_Quantity.quantity><out_Quantity.quantity>565.553694</out_Quantity.quantity></Point><Point><position>11076</position><in_Quantity.quantity>0.000000</in_Quantity.quantity><out_Quantity.quantity>457.452638</out_Quantity.quantity></Point><Point><position>11077</position><in_Quantity.quantity>0.000000</in_Quantity.quantity><out_Quantity.quantity>98.684398</out_Quantity.quantity></Point><Point><position>11078</position><in_Quantity.quantity>0.000000</in_Quantity.quantity><out_Quantity.quantity>393.476561</out_Quantity.quantity></Point><Point><position>11079</position><in_Quantity.quantity>0.000000</in_Quantity.quantity><out_Quantity.quantity>4.285728</out_Quantity.quantity></Point><Point><position>11080</position><in_Quantity.quantity>0.000000</in_Quantity.quantity><out_Quantity.quantity>394.952435</out_Quantity.quantity></Point><Point><position>11081</position><in_Quantity.quantity>0.000000</in_Quantity.quantity><out_Quantity.quantity>10.937400</out_Quantity.quantity></Point><Point><position>11082</position><in_Quantity.quantity>0.000000</in_Quantity.quantity><out_Quantity.quantity>292.433666</out_Quantity.quantity></Point><Point><position>11083</position><in_Quantity.quantity>0.000000</in_Quantity.quantity><out_Quantity.quantity>598.186662</out_Quantity.quantity></Point><Point><position>11084</position><in_Quantity.quantity>0.000000</in_Quantity.quantity><out_Quantity.quantity>228.751925</out_Quantity.quantity></Point><Point><position>11085</position><in_Quantity.quantity>0.000000</in_Quantity.quantity><out_Quantity.quantity>281.323432</out_Quantity.quantity></Point><Point><position>11086</position><in_Quantity.quantity>0.000000</in_Quantity.quantity><out_Quantity.quantity>495.334275</out_Quantity.quantity></Point><Point><position>11087</position><in_Quantity.quantity>0.000000</in_Quantity.quantity><out_Quantity.quantity>780.354993</out_Quantity.quantity></Point><Point><position>11088</position><in_Quantity.quantity>0.000000</in_Quantity.quantity><out_Quantity.quantity>254.164923</out_Quantity.quantity></Point><Point><position>11089</position><in_Quantity.quantity>0.000000</in_Quantity.quantity><out_Quantity.quantity>845.648674</out_Quantity.quantity></Point><Point><position>11090</position><in_Quantity.quantity>0.000000</in_Quantity.quantity><out_Quantity.quantity>571.530733</out_Quantity.quantity></Point><Point><position>11091</position><in_Quantity.quantity>0.000000</in_Quantity.quantity><out_Quantity.quantity>332.384763</out_Quantity.quantity></Point><Point><position>11092</position><in_Quantity.quantity>0.000000</in_Quantity.quantity><out_Quantity.quantity>749.184266</out_Quantity.quantity></Point><Point><position>11093</position><in_Quantity.quantity>0.000000</in_Quantity.quantity><out_Quantity.quantity>794.264940</out_Quantity.quantity></Point><Point><position>11094</position><in_Quantity.quantity>0.000000</in_Quantity.quantity><out_Quantity.quantity>630.259287</out_Quantity.quantity></Point><Point><position>11095</position><in_Quantity.quantity>0.000000</in_Quantity.quantity><out_Quantity.quantity>63.021609</out_Quantity.quantity></Point><Point><position>11096</position><in_Quantity.quantity>0.000000</in_Quantity.quantity><out_Quantity.quantity>703.992257</out_Quantity.quantity></Point><Point><position>11097</position><in_Quantity.quantity>0.000000</in_Quantity.quantity><out_Quantity.quantity>380.957566</out_Quantity.quantity></Point><Point><position>11098</position><in_Quantity.quantity>0.000000</in_Quantity.quantity><out_Quantity.quantity>481.577374</out_Quantity.quantity></Point><Point><position>11099</position><in_Quantity.quantity>0.000000</in_Quantity.quantity><out_Quantity.quantity>884.594649</out_Quantity.quantity></Point><Point><position>11100</position><in_Quantity.quantity>0.000000</in_Quantity.quantity><out_Quantity.quantity>703.506903</out_Quantity.quantity></Point><Point><position>11101</position><in_Quantity.quantity>0.000000</in_Quantity.quantity><out_Quantity.quantity>540.159454</out_Quantity.quantity></Point><Point><position>11102</position><in_Quantity.quantity>0.000000</in_Quantity.quantity><out_Quantity.quantity>871.155285</out_Quantity.quantity></Point><Point><position>11103</position><in_Quantity.quantity>0.000000</in_Quantity.quantity><out_Quantity.quantity>18.630588</out_Quantity.quantity></Point><Point><position>11104</position><in_Quantity.quantity>0.000000</in_Quantity.quantity><out_Quantity.quantity>453.903440</out_Quantity.quantity></Point><Point><position>11105</position><in_Quantity.quantity>0.000000</in_Quantity.quantity><out_Quantity.quantity>147.537518</out_Quantity.quantity></Point><Point><position>11106</position><in_Quantity.quantity>0.000000</in_Quantity.quantity><out_Quantity.quantity>225.083984</out_Quantity.quantity></Point><Point><position>11107</position><in_Quantity.quantity>0.000000</in_Quantity.quantity><out_Quantity.quantity>349.198568</out_Quantity.quantity></Point><Point><position>11108</position><in_Quantity.quantity>0.000000</in_Quantity.quantity><out_Quantity.quantity>90.944372</out_Quantity.quantity></Point><Point><position>11109</position><in_Quantity.quantity>0.000000</in_Quantity.quantity><out_Quantity.quantity>195.544699</out_Quantity.quantity></Point><Point><position>11110</position><in_Quantity.quantity>0.000000</in_Quantity.quantity><out_Quantity.quantity>734.625353</out_Quantity.quantity></Point><Point><position>11111</position><in_Quantity.quantity>0.000000</in_Quantity.quantity><out_Quantity.quantity>547.226693</out_Quantity.quantity></Point><Point><position>11112</position><in_Quantity.quantity>0.000000</in_Quantity.quantity><out_Quantity.quantity>149.071761</out_Quantity.quantity></Point><Point><position>11113</position><in_Quantity.quantity>0.000000</in_Quantity.quantity><out_Quantity.quantity>134.923230</out_Quantity.quantity></Point><Point><position>11114</position><in_Quantity.quantity>0.000000</in_Quantity.quantity><out_Quantity.quantity>430.830718</out_Quantity.quantity></Point><Point><position>11115</position><in_Quantity.quantity>0.000000</in_Quantity.quantity><out_Quantity.quantity>721.637749</out_Quantity.quantity></Point><Point><position>11116</position><in_Quantity.quantity>0.000000</in_Quantity.quantity><out_Quantity.quantity>432.687599</out_Quantity.quantity></Point><Point><position>11117</position><in_Quantity.quantity>0.000000</in_Quantity.quantity><out_Quantity.quantity>694.447186</out_Quantity.quantity></Point><Point><position>11118</position><in_Quantity.quantity>0.000000</in_Quantity.quantity><out_Quantity.quantity>921.755664</out_Quantity.quantity></Point><Point><position>11119</position><in_Quantity.quantity>0.000000</in_Quantity.quantity><out_Quantity.quantity>980.793378</out_Quantity.quantity></Point><Point><position>11120</position><in_Quantity.quantity>0.000000</in_Quantity.quantity><out_Quantity.quantity>271.789480</out_Quantity.quantity></Point><Point><position>11121</position><in_Quantity.quantity>0.000000</in_Quantity.quantity><out_Quantity.quantity>628.834635</out_Quantity.quantity></Point><Point><position>11122</position><in_Quantity.quantity>0.000000</in_Quantity.quantity><out_Quantity.quantity>221.302024</out_Quantity.quantity></Point><Point><position>11123</position><in_Quantity.quantity>0.000000</in_Quantity.quantity><out_Quantity.quantity>415.358439</out_Quantity.quantity></Point><Point><position>11124</position><in_Quantity.quantity>0.000000</in_Quantity.quantity><out_Quantity.quantity>810.787112</out_Quantity.quantity></Point><Point><position>11125</position><in_Quantity.quantity>0.000000</in_Quantity.quantity><out_Quantity.quantity>120.789718</out_Quantity.quantity></Point><Point><position>11126</position><in_Quantity.quantity>0.000000</in_Quantity.quantity><out_Quantity.quantity>853.359235</out_Quantity.quantity></Point><Point><position>11127</position><in_Quantity.quantity>0.000000</in_Quantity.quantity><out_Quantity.quantity>886.190860</out_Quantity.quantity></Point><Point><position>11128</position><in_Quantity.quantity>0.000000</in_Quantity.quantity><out_Quantity.quantity>934.175341</out_Quantity.quantity></Point><Point><position>11129</position><in_Quantity.quantity>0.000000</in_Quantity.quantity><out_Quantity.quantity>988.206288</out_Quantity.quantity></Point><Point><position>11130</position><in_Quantity.quantity>0.000000</in_Quantity.quantity><out_Quantity.quantity>314.041524</out_Quantity.quantity></Point><Point><position>11131</position><in_Quantity.quantity>0.000000</in_Quantity.quantity><out_Quantity.quantity>680.702439</out_Quantity.quantity></Point><Point><position>11132</position><in_Quantity.quantity>0.000000</in_Quantity.quantity><out_Quantity.quantity>564.702479</out_Quantity.quantity></Point><Point><position>11133</position><in_Quantity.quantity>0.000000</in_Quantity.quantity><out_Quantity.quantity>908.061654</out_Quantity.quantity></Point><Point><position>11134</position><in_Quantity.quantity>0.000000</in_Quantity.quantity><out_Quantity.quantity>212.067239</out_Quantity.quantity></Point><Point><position>11135</position><in_Quantity.quantity>0.000000</in_Quantity.quantity><out_Quantity.quantity>253.884100</out_Quantity.quantity></Point><Point><position>11136</position><in_Quantity.quantity>0.000000</in_Quantity.quantity><out_Quantity.quantity>456.807013</out_Quantity.quantity></Point><Point><position>11137</position><in_Quantity.quantity>0.000000</in_Quantity.quantity><out_Quantity.quantity>560.636971</out_Quantity.quantity></Point><Point><position>11138</position><in_Quantity.quantity>0.000000</in_Quantity.quantity><out_Quantity.quantity>885.841877</out_Quantity.quantity></Point><Point><position>11139</position><in_Quantity.quantity>0.000000</in_Quantity.quantity><out_Quantity.quantity>707.392704</out_Quantity.quantity></Point><Point><position>11140</position><in_Quantity.quantity>0.000000</in_Quantity.quantity><out_Quantity.quantity>839.592894</out_Quantity.quantity></Point><Point><position>11141</position><in_Quantity.quantity>0.000000</in_Quantity.quantity><out_Quantity.quantity>349.813342</out_Quantity.quantity></Point><Point><position>11142</position><in_Quantity.quantity>0.000000</in_Quantity.quantity><out_Quantity.quantity>431.891635</out_Quantity.quantity></Point><Point><position>11143</position><in_Quantity.quantity>0.000000</in_Quantity.quantity><out_Quantity.quantity>229.442454</out_Quantity.quantity></Point><Point><position>11144</position><in_Quantity.quantity>0.000000</in_Quantity.quantity><out_Quantity.quantity>598.327104</out_Quantity.quantity></Point><Point><position>11145</position><in_Quantity.quantity>0.000000</in_Quantity.quantity><out_Quantity.quantity>479.206493</out_Quantity.quantity></Point><Point><position>11146</position><in_Quantity.quantity>0.000000</in_Quantity.quantity><out_Quantity.quantity>751.368191</out_Quantity.quantity></Point><Point><position>11147</position><in_Quantity.quantity>0.000000</in_Quantity.quantity><out_Quantity.quantity>529.436339</out_Quantity.quantity></Point><Point><position>11148</position><in_Quantity.quantity>0.000000</in_Quantity.quantity><out_Quantity.quantity>766.521065</out_Quantity.quantity></Point><Point><position>11149</position><in_Quantity.quantity>0.000000</in_Quantity.quantity><out_Quantity.quantity>886.987361</out_Quantity.quantity></Point><Point><position>11150</position><in_Quantity.quantity>0.000000</in_Quantity.quantity><out_Quantity.quantity>654.546030</out_Quantity.quantity></Point><Point><position>11151</position><in_Quantity.quantity>0.000000</in_Quantity.quantity><out_Quantity.quantity>681.602944</out_Quantity.quantity></Point><Point><position>11152</position><in_Quantity.quantity>0.000000</in_Quantity.quantity><out_Quantity.quantity>188.572487</out_Quantity.quantity></Point><Point><position>11153</position><in_Quantity.quantity>0.000000</in_Quantity.quantity><out_Quantity.quantity>369.767846</out_Quantity.quantity></Point><Point><position>11154</position><in_Quantity.quantity>0.000000</in_Quantity.quantity><out_Quantity.quantity>558.098899</out_Quantity.quantity></Point><Point><position>11155</position><in_Quantity.quantity>0.000000</in_Quantity.quantity><out_Quantity.quantity>340.590059</out_Quantity.quantity></Point><Point><position>11156</position><in_Quantity.quantity>0.000000</in_Quantity.quantity><out_Quantity.quantity>157.099260</out_Quantity.quantity></Point><Point><position>11157</position><in_Quantity.quantity>0.000000</in_Quantity.quantity><out_Quantity.quantity>180.072272</out_Quantity.quantity></Point><Point><position>11158</position><in_Quantity.quantity>0.000000</in_Quantity.quantity><out_Quantity.quantity>971.287896</out_Quantity.quantity></Point><Point><position>11159</position><in_Quantity.quantity>0.000000</in_Quantity.quantity><out_Quantity.quantity>174.410049</out_Quantity.quantity></Point><Point><position>11160</position><in_Quantity.quantity>0.000000</in_Quantity.quantity><out_Quantity.quantity>607.683927</out_Quantity.quantity></Point><Point><position>11161</position><in_Quantity.quantity>0.000000</in_Quantity.quantity><out_Quantity.quantity>765.606728</out_Quantity.quantity></Point><Point><position>11162</position><in_Quantity.quantity>0.000000</in_Quantity.quantity><out_Quantity.quantity>969.698054</out_Quantity.quantity></Point><Point><position>11163</position><in_Quantity.quantity>0.000000</in_Quantity.quantity><out_Quantity.quantity>71.600192</out_Quantity.quantity></Point><Point><position>11164</position><in_Quantity.quantity>0.000000</in_Quantity.quantity><out_Quantity.quantity>85.307420</out_Quantity.quantity></Point><Point><position>11165</position><in_Quantity.quantity>0.000000</in_Quantity.quantity><out_Quantity.quantity>632.315503</out_Quantity.quantity></Point><Point><position>11166</position><in_Quantity.quantity>0.000000</in_Quantity.quantity><out_Quantity.quantity>534.915598</out_Quantity.quantity></Point><Point><position>11167</position><in_Quantity.quantity>0.000000</in_Quantity.quantity><out_Quantity.quantity>683.374109</out_Quantity.quantity></Point><Point><position>11168</position><in_Quantity.quantity>0.000000</in_Quantity.quantity><out_Quantity.quantity>448.295896</out_Quantity.quantity></Point><Point><position>11169</position><in_Quantity.quantity>0.000000</in_Quantity.quantity><out_Quantity.quantity>638.005068</out_Quantity.quantity></Point><Point><position>11170</position><in_Quantity.quantity>0.000000</in_Quantity.quantity><out_Quantity.quantity>231.051894</out_Quantity.quantity></Point><Point><position>11171</position><in_Quantity.quantity>0.000000</in_Quantity.quantity><out_Quantity.quantity>551.729572</out_Quantity.quantity></Point><Point><position>11172</position><in_Quantity.quantity>0.000000</in_Quantity.quantity><out_Quantity.quantity>830.807018</out_Quantity.quantity></Point><Point><position>11173</position><in_Quantity.quantity>0.000000</in_Quantity.quantity><out_Quantity.quantity>850.057797</out_Quantity.quantity></Point><Point><position>11174</position><in_Quantity.quantity>0.000000</in_Quantity.quantity><out_Quantity.quantity>384.612229</out_Quantity.quantity></Point><Point><position>11175</position><in_Quantity.quantity>0.000000</in_Quantity.quantity><out_Quantity.quantity>862.937752</out_Quantity.quantity></Point><Point><position>11176</position><in_Quantity.quantity>0.000000</in_Quantity.quantity><out_Quantity.quantity>242.900814</out_Quantity.quantity></Point><Point><position>11177</position><in_Quantity.quantity>0.000000</in_Quantity.quantity><out_Quantity.quantity>444.963142</out_Quantity.quantity></Point><Point><position>11178</position><in_Quantity.quantity>0.000000</in_Quantity.quantity><out_Quantity.quantity>712.720712</out_Quantity.quantity></Point><Point><position>11179</position><in_Quantity.quantity>0.000000</in_Quantity.quantity><out_Quantity.quantity>446.115214</out_Quantity.quantity></Point><Point><position>11180</position><in_Quantity.quantity>0.000000</in_Quantity.quantity><out_Quantity.quantity>0.663998</out_Quantity.quantity></Point><Point><position>11181</position><in_Quantity.quantity>0.000000</in_Quantity.quantity><out_Quantity.quantity>913.286897</out_Quantity.quantity></Point><Point><position>11182</position><in_Quantity.quantity>0.000000</in_Quantity.quantity><out_Quantity.quantity>990.136988</out_Quantity.quantity></Point><Point><position>11183</position><in_Quantity.quantity>0.000000</in_Quantity.quantity><out_Quantity.quantity>49.449548</out_Quantity.quantity></Point><Point><position>11184</position><in_Quantity.quantity>0.000000</in_Quantity.quantity><out_Quantity.quantity>705.464937</out_Quantity.quantity></Point><Point><position>11185</position><in_Quantity.quantity>0.000000</in_Quantity.quantity><out_Quantity.quantity>779.525259</out_Quantity.quantity></Point><Point><position>11186</position><in_Quantity.quantity>0.000000</in_Quantity.quantity><out_Quantity.quantity>732.993024</out_Quantity.quantity></Point><Point><position>11187</position><in_Quantity.quantity>0.000000</in_Quantity.quantity><out_Quantity.quantity>208.880425</out_Quantity.quantity></Point><Point><position>11188</position><in_Quantity.quantity>0.000000</in_Quantity.quantity><out_Quantity.quantity>573.372954</out_Quantity.quantity></Point><Point><position>11189</position><in_Quantity.quantity>0.000000</in_Quantity.quantity><out_Quantity.quantity>998.764818</out_Quantity.quantity></Point><Point><position>11190</position><in_Quantity.quantity>0.000000</in_Quantity.quantity><out_Quantity.quantity>505.330125</out_Quantity.quantity></Point><Point><position>11191</position><in_Quantity.quantity>0.000000</in_Quantity.quantity><out_Quantity.quantity>758.637719</out_Quantity.quantity></Point><Point><position>11192</position><in_Quantity.quantity>0.000000</in_Quantity.quantity><out_Quantity.quantity>718.882375</out_Quantity.quantity></Point><Point><position>11193</position><in_Quantity.quantity>0.000000</in_Quantity.quantity><out_Quantity.quantity>665.828170</out_Quantity.quantity></Point><Point><position>11194</position><in_Quantity.quantity>0.000000</in_Quantity.quantity><out_Quantity.quantity>452.838418</out_Quantity.quantity></Point><Point><position>11195</position><in_Quantity.quantity>0.000000</in_Quantity.quantity><out_Quantity.quantity>741.889642</out_Quantity.quantity></Point><Point><position>11196</position><in_Quantity.quantity>0.000000</in_Quantity.quantity><out_Quantity.quantity>166.466693</out_Quantity.quantity></Point><Point><position>11197</position><in_Quantity.quantity>0.000000</in_Quantity.quantity><out_Quantity.quantity>968.260566</out_Quantity.quantity></Point><Point><position>11198</position><in_Quantity.quantity>0.000000</in_Quantity.quantity><out_Quantity.quantity>106.393409</out_Quantity.quantity></Point><Point><position>11199</position><in_Quantity.quantity>0.000000</in_Quantity.quantity><out_Quantity.quantity>850.757411</out_Quantity.quantity></Point><Point><position>11200</position><in_Quantity.quantity>0.000000</in_Quantity.quantity><out_Quantity.quantity>554.564902</out_Quantity.quantity></Point><Point><position>11201</position><in_Quantity.quantity>0.000000</in_Quantity.quantity><out_Quantity.quantity>818.511187</out_Quantity.quantity></Point><Point><position>11202</position><in_Quantity.quantity>0.000000</in_Quantity.quantity><out_Quantity.quantity>56.423632</out_Quantity.quantity></Point><Point><position>11203</position><in_Quantity.quantity>0.000000</in_Quantity.quantity><out_Quantity.quantity>499.390833</out_Quantity.quantity></Point><Point><position>11204</position><in_Quantity.quantity>0.000000</in_Quantity.quantity><out_Quantity.quantity>294.817629</out_Quantity.quantity></Point><Point><position>11205</position><in_Quantity.quantity>0.000000</in_Quantity.quantity><out_Quantity.quantity>27.201046</out_Quantity.quantity></Point><Point><position>11206</position><in_Quantity.quantity>0.000000</in_Quantity.quantity><out_Quantity.quantity>331.196739</out_Quantity.quantity></Point><Point><position>11207</position><in_Quantity.quantity>0.000000</in_Quantity.quantity><out_Quantity.quantity>389.680801</out_Quantity.quantity></Point><Point><position>11208</position><in_Quantity.quantity>0.000000</in_Quantity.quantity><out_Quantity.quantity>11.663036</out_Quantity.quantity></Point><Point><position>11209</position><in_Quantity.quantity>0.000000</in_Quantity.quantity><out_Quantity.quantity>386.558491</out_Quantity.quantity></Point><Point><position>11210</position><in_Quantity.quantity>0.000000</in_Quantity.quantity><out_Quantity.quantity>25.852942</out_Quantity.quantity></Point><Point><position>11211</position><in_Quantity.quantity>0.000000</in_Quantity.quantity><out_Quantity.quantity>838.663447</out_Quantity.quantity></Point><Point><position>11212</position><in_Quantity.quantity>0.000000</in_Quantity.quantity><out_Quantity.quantity>281.215212</out_Quantity.quantity></Point><Point><position>11213</position><in_Quantity.quantity>0.000000</in_Quantity.quantity><out_Quantity.quantity>470.209354</out_Quantity.quantity></Point><Point><position>11214</position><in_Quantity.quantity>0.000000</in_Quantity.quantity><out_Quantity.quantity>985.654841</out_Quantity.quantity></Point><Point><position>11215</position><in_Quantity.quantity>0.000000</in_Quantity.quantity><out_Quantity.quantity>114.376504</out_Quantity.quantity></Point><Point><position>11216</position><in_Quantity.quantity>0.000000</in_Quantity.quantity><out_Quantity.quantity>157.902264</out_Quantity.quantity></Point><Point><position>11217</position><in_Quantity.quantity>0.000000</in_Quantity.quantity><out_Quantity.quantity>38.737600</out_Quantity.quantity></Point><Point><position>11218</position><in_Quantity.quantity>0.000000</in_Quantity.quantity><out_Quantity.quantity>589.033391</out_Quantity.quantity></Point><Point><position>11219</position><in_Quantity.quantity>0.000000</in_Quantity.quantity><out_Quantity.quantity>763.610422</out_Quantity.quantity></Point><Point><position>11220</position><in_Quantity.quantity>0.000000</in_Quantity.quantity><out_Quantity.quantity>720.766010</out_Quantity.quantity></Point><Point><position>11221</position><in_Quantity.quantity>0.000000</in_Quantity.quantity><out_Quantity.quantity>978.680471</out_Quantity.quantity></Point><Point><position>11222</position><in_Quantity.quantity>0.000000</in_Quantity.quantity><out_Quantity.quantity>223.830854</out_Quantity.quantity></Point><Point><position>11223</position><in_Quantity.quantity>0.000000</in_Quantity.quantity><out_Quantity.quantity>627.113763</out_Quantity.quantity></Point><Point><position>11224</position><in_Quantity.quantity>0.000000</in_Quantity.quantity><out_Quantity.quantity>550.074721</out_Quantity.quantity></Point><Point><position>11225</position><in_Quantity.quantity>0.000000</in_Quantity.quantity><out_Quantity.quantity>594.666777</out_Quantity.quantity></Point><Point><position>11226</position><in_Quantity.quantity>0.000000</in_Quantity.quantity><out_Quantity.quantity>654.711311</out_Quantity.quantity></Point><Point><position>11227</position><in_Quantity.quantity>0.000000</in_Quantity.quantity><out_Quantity.quantity>882.248032</out_Quantity.quantity></Point><Point><position>11228</position><in_Quantity.quantity>0.000000</in_Quantity.quantity><out_Quantity.quantity>444.807550</out_Quantity.quantity></Point><Point><position>11229</position><in_Quantity.quantity>0.000000</in_Quantity.quantity><out_Quantity.quantity>573.881799</out_Quantity.quantity></Point><Point><position>11230</position><in_Quantity.quantity>0.000000</in_Quantity.quantity><out_Quantity.quantity>990.679357</out_Quantity.quantity></Point><Point><position>11231</position><in_Quantity.quantity>0.000000</in_Quantity.quantity><out_Quantity.quantity>651.760458</out_Quantity.quantity></Point><Point><position>11232</position><in_Quantity.quantity>0.000000</in_Quantity.quantity><out_Quantity.quantity>238.730465</out_Quantity.quantity></Point><Point><position>11233</position><in_Quantity.quantity>0.000000</in_Quantity.quantity><out_Quantity.quantity>459.824263</out_Quantity.quantity></Point><Point><position>11234</position><in_Quantity.quantity>0.000000</in_Quantity.quantity><out_Quantity.quantity>881.142177</out_Quantity.quantity></Point><Point><position>11235</position><in_Quantity.quantity>0.000000</in_Quantity.quantity><out_Quantity.quantity>441.634094</out_Quantity.quantity></Point><Point><position>11236</position><in_Quantity.quantity>0.000000</in_Quantity.quantity><out_Quantity.quantity>351.610127</out_Quantity.quantity></Point><Point><position>11237</position><in_Quantity.quantity>0.000000</in_Quantity.quantity><out_Quantity.quantity>954.122139</out_Quantity.quantity></Point><Point><position>11238</position><in_Quantity.quantity>0.000000</in_Quantity.quantity><out_Quantity.quantity>434.503679</out_Quantity.quantity></Point><Point><position>11239</position><in_Quantity.quantity>0.000000</in_Quantity.quantity><out_Quantity.quantity>799.983771</out_Quantity.quantity></Point><Point><position>11240</position><in_Quantity.quantity>0.000000</in_Quantity.quantity><out_Quantity.quantity>590.997995</out_Quantity.quantity></Point><Point><position>11241</position><in_Quantity.quantity>0.000000</in_Quantity.quantity><out_Quantity.quantity>377.715445</out_Quantity.quantity></Point><Point><position>11242</position><in_Quantity.quantity>0.000000</in_Quantity.quantity><out_Quantity.quantity>536.723073</out_Quantity.quantity></Point><Point><position>11243</position><in_Quantity.quantity>0.000000</in_Quantity.quantity><out_Quantity.quantity>824.848528</out_Quantity.quantity></Point><Point><position>11244</position><in_Quantity.quantity>0.000000</in_Quantity.quantity><out_Quantity.quantity>152.282024</out_Quantity.quantity></Point><Point><position>11245</position><in_Quantity.quantity>0.000000</in_Quantity.quantity><out_Quantity.quantity>786.452990</out_Quantity.quantity></Point><Point><position>11246</position><in_Quantity.quantity>0.000000</in_Quantity.quantity><out_Quantity.quantity>967.802792</out_Quantity.quantity></Point><Point><position>11247</position><in_Quantity.quantity>0.000000</in_Quantity.quantity><out_Quantity.quantity>405.482548</out_Quantity.quantity></Point><Point><position>11248</position><in_Quantity.quantity>0.000000</in_Quantity.quantity><out_Quantity.quantity>909.352485</out_Quantity.quantity></Point><Point><position>11249</position><in_Quantity.quantity>0.000000</in_Quantity.quantity><out_Quantity.quantity>358.412385</out_Quantity.quantity></Point><Point><position>11250</position><in_Quantity.quantity>0.000000</in_Quantity.quantity><out_Quantity.quantity>462.984997</out_Quantity.quantity></Point><Point><position>11251</position><in_Quantity.quantity>0.000000</in_Quantity.quantity><out_Quantity.quantity>664.263635</out_Quantity.quantity></Point><Point><position>11252</position><in_Quantity.quantity>0.000000</in_Quantity.quantity><out_Quantity.quantity>759.205622</out_Quantity.quantity></Point><Point><position>11253</position><in_Quantity.quantity>0.000000</in_Quantity.quantity><out_Quantity.quantity>954.717643</out_Quantity.quantity></Point><Point><position>11254</position><in_Quantity.quantity>0.000000</in_Quantity.quantity><out_Quantity.quantity>255.055747</out_Quantity.quantity></Point><Point><position>11255</position><in_Quantity.quantity>0.000000</in_Quantity.quantity><out_Quantity.quantity>753.311464</out_Quantity.quantity></Point><Point><position>11256</position><in_Quantity.quantity>0.000000</in_Quantity.quantity><out_Quantity.quantity>181.739183</out_Quantity.quantity></Point><Point><position>11257</position><in_Quantity.quantity>0.000000</in_Quantity.quantity><out_Quantity.quantity>335.245282</out_Quantity.quantity></Point><Point><position>11258</position><in_Quantity.quantity>0.000000</in_Quantity.quantity><out_Quantity.quantity>420.503767</out_Quantity.quantity></Point><Point><position>11259</position><in_Quantity.quantity>0.000000</in_Quantity.quantity><out_Quantity.quantity>184.931208</out_Quantity.quantity></Point><Point><position>11260</position><in_Quantity.quantity>0.000000</in_Quantity.quantity><out_Quantity.quantity>824.769206</out_Quantity.quantity></Point><Point><position>11261</position><in_Quantity.quantity>0.000000</in_Quantity.quantity><out_Quantity.quantity>498.136232</out_Quantity.quantity></Point><Point><position>11262</position><in_Quantity.quantity>0.000000</in_Quantity.quantity><out_Quantity.quantity>644.934046</out_Quantity.quantity></Point><Point><position>11263</position><in_Quantity.quantity>0.000000</in_Quantity.quantity><out_Quantity.quantity>362.824600</out_Quantity.quantity></Point><Point><position>11264</position><in_Quantity.quantity>0.000000</in_Quantity.quantity><out_Quantity.quantity>778.383017</out_Quantity.quantity></Point><Point><position>11265</position><in_Quantity.quantity>0.000000</in_Quantity.quantity><out_Quantity.quantity>993.718160</out_Quantity.quantity></Point><Point><position>11266</position><in_Quantity.quantity>0.000000</in_Quantity.quantity><out_Quantity.quantity>7.832650</out_Quantity.quantity></Point><Point><position>11267</position><in_Quantity.quantity>0.000000</in_Quantity.quantity><out_Quantity.quantity>398.023314</out_Quantity.quantity></Point><Point><position>11268</position><in_Quantity.quantity>0.000000</in_Quantity.quantity><out_Quantity.quantity>92.691147</out_Quantity.quantity></Point><Point><position>11269</position><in_Quantity.quantity>0.000000</in_Quantity.quantity><out_Quantity.quantity>146.774801</out_Quantity.quantity></Point><Point><position>11270</position><in_Quantity.quantity>0.000000</in_Quantity.quantity><out_Quantity.quantity>873.457968</out_Quantity.quantity></Point><Point><position>11271</position><in_Quantity.quantity>0.000000</in_Quantity.quantity><out_Quantity.quantity>442.499318</out_Quantity.quantity></Point><Point><position>11272</position><in_Quantity.quantity>0.000000</in_Quantity.quantity><out_Quantity.quantity>882.235743</out_Quantity.quantity></Point><Point><position>11273</position><in_Quantity.quantity>0.000000</in_Quantity.quantity><out_Quantity.quantity>498.675277</out_Quantity.quantity></Point><Point><position>11274</position><in_Quantity.quantity>0.000000</in_Quantity.quantity><out_Quantity.quantity>982.060840</out_Quantity.quantity></Point><Point><position>11275</position><in_Quantity.quantity>0.000000</in_Quantity.quantity><out_Quantity.quantity>398.874381</out_Quantity.quantity></Point><Point><position>11276</position><in_Quantity.quantity>0.000000</in_Quantity.quantity><out_Quantity.quantity>802.715570</out_Quantity.quantity></Point><Point><position>11277</position><in_Quantity.quantity>0.000000</in_Quantity.quantity><out_Quantity.quantity>173.262252</out_Quantity.quantity></Point><Point><position>11278</position><in_Quantity.quantity>0.000000</in_Quantity.quantity><out_Quantity.quantity>945.669204</out_Quantity.quantity></Point><Point><position>11279</position><in_Quantity.quantity>0.000000</in_Quantity.quantity><out_Quantity.quantity>439.590195</out_Quantity.quantity></Point><Point><position>11280</position><in_Quantity.quantity>0.000000</in_Quantity.quantity><out_Quantity.quantity>647.866486</out_Quantity.quantity></Point><Point><position>11281</position><in_Quantity.quantity>0.000000</in_Quantity.quantity><out_Quantity.quantity>56.000152</out_Quantity.quantity></Point><Point><position>11282</position><in_Quantity.quantity>0.000000</in_Quantity.quantity><out_Quantity.quantity>432.480248</out_Quantity.quantity></Point><Point><position>11283</position><in_Quantity.quantity>0.000000</in_Quantity.quantity><out_Quantity.quantity>664.590175</out_Quantity.quantity></Point><Point><position>11284</position><in_Quantity.quantity>0.000000</in_Quantity.quantity><out_Quantity.quantity>725.138994</out_Quantity.quantity></Point><Point><position>11285</position><in_Quantity.quantity>0.000000</in_Quantity.quantity><out_Quantity.quantity>845.203040</out_Quantity.quantity></Point><Point><position>11286</position><in_Quantity.quantity>0.000000</in_Quantity.quantity><out_Quantity.quantity>999.728036</out_Quantity.quantity></Point><Point><position>11287</position><in_Quantity.quantity>0.000000</in_Quantity.quantity><out_Quantity.quantity>499.549067</out_Quantity.quantity></Point><Point><position>11288</position><in_Quantity.quantity>0.000000</in_Quantity.quantity><out_Quantity.quantity>743.250677</out_Quantity.quantity></Point><Point><position>11289</position><in_Quantity.quantity>0.000000</in_Quantity.quantity><out_Quantity.quantity>463.434305</out_Quantity.quantity></Point><Point><position>11290</position><in_Quantity.quantity>0.000000</in_Quantity.quantity><out_Quantity.quantity>967.091948</out_Quantity.quantity></Point><Point><position>11291</position><in_Quantity.quantity>0.000000</in_Quantity.quantity><out_Quantity.quantity>471.403385</out_Quantity.quantity></Point><Point><position>11292</position><in_Quantity.quantity>0.000000</in_Quantity.quantity><out_Quantity.quantity>984.126588</out_Quantity.quantity></Point><Point><position>11293</position><in_Quantity.quantity>0.000000</in_Quantity.quantity><out_Quantity.quantity>149.648117</out_Quantity.quantity></Point><Point><position>11294</position><in_Quantity.quantity>0.000000</in_Quantity.quantity><out_Quantity.quantity>753.597528</out_Quantity.quantity></Point><Point><position>11295</position><in_Quantity.quantity>0.000000</in_Quantity.quantity><out_Quantity.quantity>421.987622</out_Quantity.quantity></Point><Point><position>11296</position><in_Quantity.quantity>0.000000</in_Quantity.quantity><out_Quantity.quantity>747.657633</out_Quantity.quantity></Point><Point><position>11297</position><in_Quantity.quantity>0.000000</in_Quantity.quantity><out_Quantity.quantity>241.322582</out_Quantity.quantity></Point><Point><position>11298</position><in_Quantity.quantity>0.000000</in_Quantity.quantity><out_Quantity.quantity>907.579548</out_Quantity.quantity></Point><Point><position>11299</position><in_Quantity.quantity>0.000000</in_Quantity.quantity><out_Quantity.quantity>990.521589</out_Quantity.quantity></Point><Point><position>11300</position><in_Quantity.quantity>0.000000</in_Quantity.quantity><out_Quantity.quantity>147.031021</out_Quantity.quantity></Point><Point><position>11301</position><in_Quantity.quantity>0.000000</in_Quantity.quantity><out_Quantity.quantity>923.786456</out_Quantity.quantity></Point><Point><position>11302</position><in_Quantity.quantity>0.000000</in_Quantity.quantity><out_Quantity.quantity>552.206208</out_Quantity.quantity></Point><Point><position>11303</position><in_Quantity.quantity>0.000000</in_Quantity.quantity><out_Quantity.quantity>321.442877</out_Quantity.quantity></Point><Point><position>11304</position><in_Quantity.quantity>0.000000</in_Quantity.quantity><out_Quantity.quantity>6.564422</out_Quantity.quantity></Point><Point><position>11305</position><in_Quantity.quantity>0.000000</in_Quantity.quantity><out_Quantity.quantity>86.958388</out_Quantity.quantity></Point><Point><position>11306</position><in_Quantity.quantity>0.000000</in_Quantity.quantity><out_Quantity.quantity>605.156619</out_Quantity.quantity></Point><Point><position>11307</position><in_Quantity.quantity>0.000000</in_Quantity.quantity><out_Quantity.quantity>638.372692</out_Quantity.quantity></Point><Point><position>11308</position><in_Quantity.quantity>0.000000</in_Quantity.quantity><out_Quantity.quantity>435.143095</out_Quantity.quantity></Point><Point><position>11309</position><in_Quantity.quantity>0.000000</in_Quantity.quantity><out_Quantity.quantity>407.560370</out_Quantity.quantity></Point><Point><position>11310</position><in_Quantity.quantity>0.000000</in_Quantity.quantity><out_Quantity.quantity>776.985482</out_Quantity.quantity></Point><Point><position>11311</position><in_Quantity.quantity>0.000000</in_Quantity.quantity><out_Quantity.quantity>693.407382</out_Quantity.quantity></Point><Point><position>11312</position><in_Quantity.quantity>0.000000</in_Quantity.quantity><out_Quantity.quantity>235.270917</out_Quantity.quantity></Point><Point><position>11313</position><in_Quantity.quantity>0.000000</in_Quantity.quantity><out_Quantity.quantity>694.821134</out_Quantity.quantity></Point><Point><position>11314</position><in_Quantity.quantity>0.000000</in_Quantity.quantity><out_Quantity.quantity>561.485095</out_Quantity.quantity></Point><Point><position>11315</position><in_Quantity.quantity>0.000000</in_Quantity.quantity><out_Quantity.quantity>334.931466</out_Quantity.quantity></Point><Point><position>11316</position><in_Quantity.quantity>0.000000</in_Quantity.quantity><out_Quantity.quantity>200.528684</out_Quantity.quantity></Point><Point><position>11317</position><in_Quantity.quantity>0.000000</in_Quantity.quantity><out_Quantity.quantity>110.295905</out_Quantity.quantity></Point><Point><position>11318</position><in_Quantity.quantity>0.000000</in_Quantity.quantity><out_Quantity.quantity>858.361109</out_Quantity.quantity></Point><Point><position>11319</position><in_Quantity.quantity>0.000000</in_Quantity.quantity><out_Quantity.quantity>497.237820</out_Quantity.quantity></Point><Point><position>11320</position><in_Quantity.quantity>0.000000</in_Quantity.quantity><out_Quantity.quantity>828.957982</out_Quantity.quantity></Point><Point><position>11321</position><in_Quantity.quantity>0.000000</in_Quantity.quantity><out_Quantity.quantity>935.324392</out_Quantity.quantity></Point><Point><position>11322</position><in_Quantity.quantity>0.000000</in_Quantity.quantity><out_Quantity.quantity>329.367915</out_Quantity.quantity></Point><Point><position>11323</position><in_Quantity.quantity>0.000000</in_Quantity.quantity><out_Quantity.quantity>195.346406</out_Quantity.quantity></Point><Point><position>11324</position><in_Quantity.quantity>0.000000</in_Quantity.quantity><out_Quantity.quantity>534.746768</out_Quantity.quantity></Point><Point><position>11325</position><in_Quantity.quantity>0.000000</in_Quantity.quantity><out_Quantity.quantity>940.299672</out_Quantity.quantity></Point><Point><position>11326</position><in_Quantity.quantity>0.000000</in_Quantity.quantity><out_Quantity.quantity>867.189888</out_Quantity.quantity></Point><Point><position>11327</position><in_Quantity.quantity>0.000000</in_Quantity.quantity><out_Quantity.quantity>262.109241</out_Quantity.quantity></Point><Point><position>11328</position><in_Quantity.quantity>0.000000</in_Quantity.quantity><out_Quantity.quantity>541.024194</out_Quantity.quantity></Point><Point><position>11329</position><in_Quantity.quantity>0.000000</in_Quantity.quantity><out_Quantity.quantity>780.204740</out_Quantity.quantity></Point><Point><position>11330</position><in_Quantity.quantity>0.000000</in_Quantity.quantity><out_Quantity.quantity>926.938107</out_Quantity.quantity></Point><Point><position>11331</position><in_Quantity.quantity>0.000000</in_Quantity.quantity><out_Quantity.quantity>710.239161</out_Quantity.quantity></Point><Point><position>11332</position><in_Quantity.quantity>0.000000</in_Quantity.quantity><out_Quantity.quantity>947.119093</out_Quantity.quantity></Point><Point><position>11333</position><in_Quantity.quantity>0.000000</in_Quantity.quantity><out_Quantity.quantity>85.717396</out_Quantity.quantity></Point><Point><position>11334</position><in_Quantity.quantity>0.000000</in_Quantity.quantity><out_Quantity.quantity>630.535050</out_Quantity.quantity></Point><Point><position>11335</position><in_Quantity.quantity>0.000000</in_Quantity.quantity><out_Quantity.quantity>829.469833</out_Quantity.quantity></Point><Point><position>11336</position><in_Quantity.quantity>0.000000</in_Quantity.quantity><out_Quantity.quantity>506.647634</out_Quantity.quantity></Point><Point><position>11337</position><in_Quantity.quantity>0.000000</in_Quantity.quantity><out_Quantity.quantity>311.593865</out_Quantity.quantity></Point><Point><position>11338</position><in_Quantity.quantity>0.000000</in_Quantity.quantity><out_Quantity.quantity>402.027413</out_Quantity.quantity></Point><Point><position>11339</position><in_Quantity.quantity>0.000000</in_Quantity.quantity><out_Quantity.quantity>129.426834</out_Quantity.quantity></Point><Point><position>11340</position><in_Quantity.quantity>0.000000</in_Quantity.quantity><out_Quantity.quantity>654.974137</out_Quantity.quantity></Point><Point><position>11341</position><in_Quantity.quantity>0.000000</in_Quantity.quantity><out_Quantity.quantity>505.984309</out_Quantity.quantity></Point><Point><position>11342</position><in_Quantity.quantity>0.000000</in_Quantity.quantity><out_Quantity.quantity>465.684534</out_Quantity.quantity></Point><Point><position>11343</position><in_Quantity.quantity>0.000000</in_Quantity.quantity><out_Quantity.quantity>986.924268</out_Quantity.quantity></Point><Point><position>11344</position><in_Quantity.quantity>0.000000</in_Quantity.quantity><out_Quantity.quantity>647.220886</out_Quantity.quantity></Point><Point><position>11345</position><in_Quantity.quantity>0.000000</in_Quantity.quantity><out_Quantity.quantity>739.168557</out_Quantity.quantity></Point><Point><position>11346</position><in_Quantity.quantity>0.000000</in_Quantity.quantity><out_Quantity.quantity>907.174675</out_Quantity.quantity></Point><Point><position>11347</position><in_Quantity.quantity>0.000000</in_Quantity.quantity><out_Quantity.quantity>207.011026</out_Quantity.quantity></Point><Point><position>11348</position><in_Quantity.quantity>0.000000</in_Quantity.quantity><out_Quantity.quantity>548.045420</out_Quantity.quantity></Point><Point><position>11349</position><in_Quantity.quantity>0.000000</in_Quantity.quantity><out_Quantity.quantity>305.911725</out_Quantity.quantity></Point><Point><position>11350</position><in_Quantity.quantity>0.000000</in_Quantity.quantity><out_Quantity.quantity>45.472161</out_Quantity.quantity></Point><Point><position>11351</position><in_Quantity.quantity>0.000000</in_Quantity.quantity><out_Quantity.quantity>932.483379</out_Quantity.quantity></Point><Point><position>11352</position><in_Quantity.quantity>0.000000</in_Quantity.quantity><out_Quantity.quantity>498.406452</out_Quantity.quantity></Point><Point><position>11353</position><in_Quantity.quantity>0.000000</in_Quantity.quantity><out_Quantity.quantity>334.805130</out_Quantity.quantity></Point><Point><position>11354</position><in_Quantity.quantity>0.000000</in_Quantity.quantity><out_Quantity.quantity>367.152033</out_Quantity.quantity></Point><Point><position>11355</position><in_Quantity.quantity>0.000000</in_Quantity.quantity><out_Quantity.quantity>1.980005</out_Quantity.quantity></Point><Point><position>11356</position><in_Quantity.quantity>0.000000</in_Quantity.quantity><out_Quantity.quantity>750.306560</out_Quantity.quantity></Point><Point><position>11357</position><in_Quantity.quantity>0.000000</in_Quantity.quantity><out_Quantity.quantity>856.541124</out_Quantity.quantity></Point><Point><position>11358</position><in_Quantity.quantity>0.000000</in_Quantity.quantity><out_Quantity.quantity>672.272124</out_Quantity.quantity></Point><Point><position>11359</position><in_Quantity.quantity>0.000000</in_Quantity.quantity><out_Quantity.quantity>61.456586</out_Quantity.quantity></Point><Point><position>11360</position><in_Quantity.quantity>0.000000</in_Quantity.quantity><out_Quantity.quantity>903.050401</out_Quantity.quantity></Point><Point><position>11361</position><in_Quantity.quantity>0.000000</in_Quantity.quantity><out_Quantity.quantity>212.194555</out_Quantity.quantity></Point><Point><position>11362</position><in_Quantity.quantity>0.000000</in_Quantity.quantity><out_Quantity.quantity>172.415246</out_Quantity.quantity></Point><Point><position>11363</position><in_Quantity.quantity>0.000000</in_Quantity.quantity><out_Quantity.quantity>704.902439</out_Quantity.quantity></Point><Point><position>11364</position><in_Quantity.quantity>0.000000</in_Quantity.quantity><out_Quantity.quantity>732.672766</out_Quantity.quantity></Point><Point><position>11365</position><in_Quantity.quantity>0.000000</in_Quantity.quantity><out_Quantity.quantity>883.260959</out_Quantity.quantity></Point><Point><position>11366</position><in_Quantity.quantity>0.000000</in_Quantity.quantity><out_Quantity.quantity>819.073474</out_Quantity.quantity></Point><Point><position>11367</position><in_Quantity.quantity>0.000000</in_Quantity.quantity><out_Quantity.quantity>652.385155</out_Quantity.quantity></Point><Point><position>11368</position><in_Quantity.quantity>0.000000</in_Quantity.quantity><out_Quantity.quantity>304.933496</out_Quantity.quantity></Point><Point><position>11369</position><in_Quantity.quantity>0.000000</in_Quantity.quantity><out_Quantity.quantity>682.288706</out_Quantity.quantity></Point><Point><position>11370</position><in_Quantity.quantity>0.000000</in_Quantity.quantity><out_Quantity.quantity>572.047659</out_Quantity.quantity></Point><Point><position>11371</position><in_Quantity.quantity>0.000000</in_Quantity.quantity><out_Quantity.quantity>736.003125</out_Quantity.quantity></Point><Point><position>11372</position><in_Quantity.quantity>0.000000</in_Quantity.quantity><out_Quantity.quantity>578.661465</out_Quantity.quantity></Point><Point><position>11373</position><in_Quantity.quantity>0.000000</in_Quantity.quantity><out_Quantity.quantity>373.209159</out_Quantity.quantity></Point><Point><position>11374</position><in_Quantity.quantity>0.000000</in_Quantity.quantity><out_Quantity.quantity>291.267830</out_Quantity.quantity></Point><Point><position>11375</position><in_Quantity.quantity>0.000000</in_Quantity.quantity><out_Quantity.quantity>997.710162</out_Quantity.quantity></Point><Point><position>11376</position><in_Quantity.quantity>0.000000</in_Quantity.quantity><out_Quantity.quantity>9.677502</out_Quantity.quantity></Point><Point><position>11377</position><in_Quantity.quantity>0.000000</in_Quantity.quantity><out_Quantity.quantity>812.349630</out_Quantity.quantity></Point><Point><position>11378</position><in_Quantity.quantity>0.000000</in_Quantity.quantity><out_Quantity.quantity>875.412428</out_Quantity.quantity></Point><Point><position>11379</position><in_Quantity.quantity>0.000000</in_Quantity.quantity><out_Quantity.quantity>185.672558</out_Quantity.quantity></Point><Point><position>11380</position><in_Quantity.quantity>0.000000</in_Quantity.quantity><out_Quantity.quantity>683.590265</out_Quantity.quantity></Point><Point><position>11381</position><in_Quantity.quantity>0.000000</in_Quantity.quantity><out_Quantity.quantity>388.865804</out_Quantity.quantity></Point><Point><position>11382</position><in_Quantity.quantity>0.000000</in_Quantity.quantity><out_Quantity.quantity>650.253390</out_Quantity.quantity></Point><Point><position>11383</position><in_Quantity.quantity>0.000000</in_Quantity.quantity><out_Quantity.quantity>583.997954</out_Quantity.quantity></Point><Point><position>11384</position><in_Quantity.quantity>0.000000</in_Quantity.quantity><out_Quantity.quantity>877.633453</out_Quantity.quantity></Point><Point><position>11385</position><in_Quantity.quantity>0.000000</in_Quantity.quantity><out_Quantity.quantity>25.186580</out_Quantity.quantity></Point><Point><position>11386</position><in_Quantity.quantity>0.000000</in_Quantity.quantity><out_Quantity.quantity>473.158141</out_Quantity.quantity></Point><Point><position>11387</position><in_Quantity.quantity>0.000000</in_Quantity.quantity><out_Quantity.quantity>687.859381</out_Quantity.quantity></Point><Point><position>11388</position><in_Quantity.quantity>0.000000</in_Quantity.quantity><out_Quantity.quantity>324.526574</out_Quantity.quantity></Point><Point><position>11389</position><in_Quantity.quantity>0.000000</in_Quantity.quantity><out_Quantity.quantity>967.862162</out_Quantity.quantity></Point><Point><position>11390</position><in_Quantity.quantity>0.000000</in_Quantity.quantity><out_Quantity.quantity>318.331798</out_Quantity.quantity></Point><Point><position>11391</position><in_Quantity.quantity>0.000000</in_Quantity.quantity><out_Quantity.quantity>610.291903</out_Quantity.quantity></Point><Point><position>11392</position><in_Quantity.quantity>0.000000</in_Quantity.quantity><out_Quantity.quantity>589.546938</out_Quantity.quantity></Point><Point><position>11393</position><in_Quantity.quantity>0.000000</in_Quantity.quantity><out_Quantity.quantity>128.613016</out_Quantity.quantity></Point><Point><position>11394</position><in_Quantity.quantity>0.000000</in_Quantity.quantity><out_Quantity.quantity>913.887739</out_Quantity.quantity></Point><Point><position>11395</position><in_Quantity.quantity>0.000000</in_Quantity.quantity><out_Quantity.quantity>235.781113</out_Quantity.quantity></Point><Point><position>11396</position><in_Quantity.quantity>0.000000</in_Quantity.quantity><out_Quantity.quantity>557.173545</out_Quantity.quantity></Point><Point><position>11397</position><in_Quantity.quantity>0.000000</in_Quantity.quantity><out_Quantity.quantity>648.949478</out_Quantity.quantity></Point><Point><position>11398</position><in_Quantity.quantity>0.000000</in_Quantity.quantity><out_Quantity.quantity>670.053175</out_Quantity.quantity></Point><Point><position>11399</position><in_Quantity.quantity>0.000000</in_Quantity.quantity><out_Quantity.quantity>394.375602</out_Quantity.quantity></Point><Point><position>11400</position><in_Quantity.quantity>0.000000</in_Quantity.quantity><out_Quantity.quantity>553.146233</out_Quantity.quantity></Point><Point><position>11401</position><in_Quantity.quantity>0.000000</in_Quantity.quantity><out_Quantity.quantity>608.137793</out_Quantity.quantity></Point><Point><position>11402</position><in_Quantity.quantity>0.000000</in_Quantity.quantity><out_Quantity.quantity>922.877669</out_Quantity.quantity></Point><Point><position>11403</position><in_Quantity.quantity>0.000000</in_Quantity.quantity><out_Quantity.quantity>397.051330</out_Quantity.quantity></Point><Point><position>11404</position><in_Quantity.quantity>0.000000</in_Quantity.quantity><out_Quantity.quantity>926.917146</out_Quantity.quantity></Point><Point><position>11405</position><in_Quantity.quantity>0.000000</in_Quantity.quantity><out_Quantity.quantity>242.844809</out_Quantity.quantity></Point><Point><position>11406</position><in_Quantity.quantity>0.000000</in_Quantity.quantity><out_Quantity.quantity>666.940132</out_Quantity.quantity></Point><Point><position>11407</position><in_Quantity.quantity>0.000000</in_Quantity.quantity><out_Quantity.quantity>684.804346</out_Quantity.quantity></Point><Point><position>11408</position><in_Quantity.quantity>0.000000</in_Quantity.quantity><out_Quantity.quantity>171.890121</out_Quantity.quantity></Point><Point><position>11409</position><in_Quantity.quantity>0.000000</in_Quantity.quantity><out_Quantity.quantity>741.979639</out_Quantity.quantity></Point><Point><position>11410</position><in_Quantity.quantity>0.000000</in_Quantity.quantity><out_Quantity.quantity>606.395105</out_Quantity.quantity></Point><Point><position>11411</position><in_Quantity.quantity>0.000000</in_Quantity.quantity><out_Quantity.quantity>678.875708</out_Quantity.quantity></Point><Point><position>11412</position><in_Quantity.quantity>0.000000</in_Quantity.quantity><out_Quantity.quantity>834.328745</out_Quantity.quantity></Point><Point><position>11413</position><in_Quantity.quantity>0.000000</in_Quantity.quantity><out_Quantity.quantity>628.450195</out_Quantity.quantity></Point><Point><position>11414</position><in_Quantity.quantity>0.000000</in_Quantity.quantity><out_Quantity.quantity>380.338271</out_Quantity.quantity></Point><Point><position>11415</position><in_Quantity.quantity>0.000000</in_Quantity.quantity><out_Quantity.quantity>735.297426</out_Quantity.quantity></Point><Point><position>11416</position><in_Quantity.quantity>0.000000</in_Quantity.quantity><out_Quantity.quantity>259.271760</out_Quantity.quantity></Point><Point><position>11417</position><in_Quantity.quantity>0.000000</in_Quantity.quantity><out_Quantity.quantity>773.023577</out_Quantity.quantity></Point><Point><position>11418</position><in_Quantity.quantity>0.000000</in_Quantity.quantity><out_Quantity.quantity>524.021262</out_Quantity.quantity></Point><Point><position>11419</position><in_Quantity.quantity>0.000000</in_Quantity.quantity><out_Quantity.quantity>265.507955</out_Quantity.quantity></Point><Point><position>11420</position><in_Quantity.quantity>0.000000</in_Quantity.quantity><out_Quantity.quantity>20.764462</out_Quantity.quantity></Point><Point><position>11421</position><in_Quantity.quantity>0.000000</in_Quantity.quantity><out_Quantity.quantity>83.061062</out_Quantity.quantity></Point><Point><position>11422</position><in_Quantity.quantity>0.000000</in_Quantity.quantity><out_Quantity.quantity>764.635629</out_Quantity.quantity></Point><Point><position>11423</position><in_Quantity.quantity>0.000000</in_Quantity.quantity><out_Quantity.quantity>441.793405</out_Quantity.quantity></Point><Point><position>11424</position><in_Quantity.quantity>0.000000</in_Quantity.quantity><out_Quantity.quantity>788.618586</out_Quantity.quantity></Point><Point><position>11425</position><in_Quantity.quantity>0.000000</in_Quantity.quantity><out_Quantity.quantity>506.716221</out_Quantity.quantity></Point><Point><position>11426</position><in_Quantity.quantity>0.000000</in_Quantity.quantity><out_Quantity.quantity>995.760373</out_Quantity.quantity></Point><Point><position>11427</position><in_Quantity.quantity>0.000000</in_Quantity.quantity><out_Quantity.quantity>634.595718</out_Quantity.quantity></Point><Point><position>11428</position><in_Quantity.quantity>0.000000</in_Quantity.quantity><out_Quantity.quantity>501.058971</out_Quantity.quantity></Point><Point><position>11429</position><in_Quantity.quantity>0.000000</in_Quantity.quantity><out_Quantity.quantity>383.104783</out_Quantity.quantity></Point><Point><position>11430</position><in_Quantity.quantity>0.000000</in_Quantity.quantity><out_Quantity.quantity>710.195555</out_Quantity.quantity></Point><Point><position>11431</position><in_Quantity.quantity>0.000000</in_Quantity.quantity><out_Quantity.quantity>753.491687</out_Quantity.quantity></Point><Point><position>11432</position><in_Quantity.quantity>0.000000</in_Quantity.quantity><out_Quantity.quantity>273.356847</out_Quantity.quantity></Point><Point><position>11433</position><in_Quantity.quantity>0.000000</in_Quantity.quantity><out_Quantity.quantity>686.438891</out_Quantity.quantity></Point><Point><position>11434</position><in_Quantity.quantity>0.000000</in_Quantity.quantity><out_Quantity.quantity>770.036131</out_Quantity.quantity></Point><Point><position>11435</position><in_Quantity.quantity>0.000000</in_Quantity.quantity><out_Quantity.quantity>552.511924</out_Quantity.quantity></Point><Point><position>11436</position><in_Quantity.quantity>0.000000</in_Quantity.quantity><out_Quantity.quantity>651.442676</out_Quantity.quantity></Point><Point><position>11437</position><in_Quantity.quantity>0.000000</in_Quantity.quantity><out_Quantity.quantity>340.201751</out_Quantity.quantity></Point><Point><position>11438</position><in_Quantity.quantity>0.000000</in_Quantity.quantity><out_Quantity.quantity>689.203284</out_Quantity.quantity></Point><Point><position>11439</position><in_Quantity.quantity>0.000000</in_Quantity.quantity><out_Quantity.quantity>297.468734</out_Quantity.quantity></Point><Point><position>11440</position><in_Quantity.quantity>0.000000</in_Quantity.quantity><out_Quantity.quantity>838.223120</out_Quantity.quantity></Point><Point><position>11441</position><in_Quantity.quantity>0.000000</in_Quantity.quantity><out_Quantity.quantity>361.292011</out_Quantity.quantity></Point><Point><position>11442</position><in_Quantity.quantity>0.000000</in_Quantity.quantity><out_Quantity.quantity>984.243774</out_Quantity.quantity></Point><Point><position>11443</position><in_Quantity.quantity>0.000000</in_Quantity.quantity><out_Quantity.quantity>187.584048</out_Quantity.quantity></Point><Point><position>11444</position><in_Quantity.quantity>0.000000</in_Quantity.quantity><out_Quantity.quantity>847.448804</out_Quantity.quantity></Point><Point><position>11445</position><in_Quantity.quantity>0.000000</in_Quantity.quantity><out_Quantity.quantity>28.302213</out_Quantity.quantity></Point><Point><position>11446</position><in_Quantity.quantity>0.000000</in_Quantity.quantity><out_Quantity.quantity>662.157413</out_Quantity.quantity></Point><Point><position>11447</position><in_Quantity.quantity>0.000000</in_Quantity.quantity><out_Quantity.quantity>111.757312</out_Quantity.quantity></Point><Point><position>11448</position><in_Quantity.quantity>0.000000</in_Quantity.quantity><out_Quantity.quantity>516.575203</out_Quantity.quantity></Point><Point><position>11449</position><in_Quantity.quantity>0.000000</in_Quantity.quantity><out_Quantity.quantity>429.011815</out_Quantity.quantity></Point><Point><position>11450</position><in_Quantity.quantity>0.000000</in_Quantity.quantity><out_Quantity.quantity>306.589843</out_Quantity.quantity></Point><Point><position>11451</position><in_Quantity.quantity>0.000000</in_Quantity.quantity><out_Quantity.quantity>364.685757</out_Quantity.quantity></Point><Point><position>11452</position><in_Quantity.quantity>0.000000</in_Quantity.quantity><out_Quantity.quantity>494.123613</out_Quantity.quantity></Point><Point><position>11453</position><in_Quantity.quantity>0.000000</in_Quantity.quantity><out_Quantity.quantity>485.666402</out_Quantity.quantity></Point><Point><position>11454</position><in_Quantity.quantity>0.000000</in_Quantity.quantity><out_Quantity.quantity>342.137032</out_Quantity.quantity></Point><Point><position>11455</position><in_Quantity.quantity>0.000000</in_Quantity.quantity><out_Quantity.quantity>699.559446</out_Quantity.quantity></Point><Point><position>11456</position><in_Quantity.quantity>0.000000</in_Quantity.quantity><out_Quantity.quantity>982.934783</out_Quantity.quantity></Point><Point><position>11457</position><in_Quantity.quantity>0.000000</in_Quantity.quantity><out_Quantity.quantity>714.404100</out_Quantity.quantity></Point><Point><position>11458</position><in_Quantity.quantity>0.000000</in_Quantity.quantity><out_Quantity.quantity>882.026957</out_Quantity.quantity></Point><Point><position>11459</position><in_Quantity.quantity>0.000000</in_Quantity.quantity><out_Quantity.quantity>416.154832</out_Quantity.quantity></Point><Point><position>11460</position><in_Quantity.quantity>0.000000</in_Quantity.quantity><out_Quantity.quantity>171.182795</out_Quantity.quantity></Point><Point><position>11461</position><in_Quantity.quantity>0.000000</in_Quantity.quantity><out_Quantity.quantity>640.615894</out_Quantity.quantity></Point><Point><position>11462</position><in_Quantity.quantity>0.000000</in_Quantity.quantity><out_Quantity.quantity>695.267042</out_Quantity.quantity></Point><Point><position>11463</position><in_Quantity.quantity>0.000000</in_Quantity.quantity><out_Quantity.quantity>885.301068</out_Quantity.quantity></Point><Point><position>11464</position><in_Quantity.quantity>0.000000</in_Quantity.quantity><out_Quantity.quantity>181.249022</out_Quantity.quantity></Point><Point><position>11465</position><in_Quantity.quantity>0.000000</in_Quantity.quantity><out_Quantity.quantity>799.225016</out_Quantity.quantity></Point><Point><position>11466</position><in_Quantity.quantity>0.000000</in_Quantity.quantity><out_Quantity.quantity>113.170364</out_Quantity.quantity></Point><Point><position>11467</position><in_Quantity.quantity>0.000000</in_Quantity.quantity><out_Quantity.quantity>71.466569</out_Quantity.quantity></Point><Point><position>11468</position><in_Quantity.quantity>0.000000</in_Quantity.quantity><out_Quantity.quantity>326.641669</out_Quantity.quantity></Point><Point><position>11469</position><in_Quantity.quantity>0.000000</in_Quantity.quantity><out_Quantity.quantity>380.552434</out_Quantity.quantity></Point><Point><position>11470</position><in_Quantity.quantity>0.000000</in_Quantity.quantity><out_Quantity.quantity>287.374947</out_Quantity.quantity></Point><Point><position>11471</position><in_Quantity.quantity>0.000000</in_Quantity.quantity><out_Quantity.quantity>19.218692</out_Quantity.quantity></Point><Point><position>11472</position><in_Quantity.quantity>0.000000</in_Quantity.quantity><out_Quantity.quantity>568.029859</out_Quantity.quantity></Point><Point><position>11473</position><in_Quantity.quantity>0.000000</in_Quantity.quantity><out_Quantity.quantity>356.539561</out_Quantity.quantity></Point><Point><position>11474</position><in_Quantity.quantity>0.000000</in_Quantity.quantity><out_Quantity.quantity>356.735134</out_Quantity.quantity></Point><Point><position>11475</position><in_Quantity.quantity>0.000000</in_Quantity.quantity><out_Quantity.quantity>119.601382</out_Quantity.quantity></Point><Point><position>11476</position><in_Quantity.quantity>0.000000</in_Quantity.quantity><out_Quantity.quantity>179.302194</out_Quantity.quantity></Point><Point><position>11477</position><in_Quantity.quantity>0.000000</in_Quantity.quantity><out_Quantity.quantity>460.171504</out_Quantity.quantity></Point><Point><position>11478</position><in_Quantity.quantity>0.000000</in_Quantity.quantity><out_Quantity.quantity>524.159431</out_Quantity.quantity></Point><Point><position>11479</position><in_Quantity.quantity>0.000000</in_Quantity.quantity><out_Quantity.quantity>551.054536</out_Quantity.quantity></Point><Point><position>11480</position><in_Quantity.quantity>0.000000</in_Quantity.quantity><out_Quantity.quantity>85.248303</out_Quantity.quantity></Point><Point><position>11481</position><in_Quantity.quantity>0.000000</in_Quantity.quantity><out_Quantity.quantity>305.352134</out_Quantity.quantity></Point><Point><position>11482</position><in_Quantity.quantity>0.000000</in_Quantity.quantity><out_Quantity.quantity>733.167516</out_Quantity.quantity></Point><Point><position>11483</position><in_Quantity.quantity>0.000000</in_Quantity.quantity><out_Quantity.quantity>151.565876</out_Quantity.quantity></Point><Point><position>11484</position><in_Quantity.quantity>0.000000</in_Quantity.quantity><out_Quantity.quantity>885.178427</out_Quantity.quantity></Point><Point><position>11485</position><in_Quantity.quantity>0.000000</in_Quantity.quantity><out_Quantity.quantity>74.323738</out_Quantity.quantity></Point><Point><position>11486</position><in_Quantity.quantity>0.000000</in_Quantity.quantity><out_Quantity.quantity>142.439048</out_Quantity.quantity></Point><Point><position>11487</position><in_Quantity.quantity>0.000000</in_Quantity.quantity><out_Quantity.quantity>173.269475</out_Quantity.quantity></Point><Point><position>11488</position><in_Quantity.quantity>0.000000</in_Quantity.quantity><out_Quantity.quantity>674.013737</out_Quantity.quantity></Point><Point><position>11489</position><in_Quantity.quantity>0.000000</in_Quantity.quantity><out_Quantity.quantity>82.928507</out_Quantity.quantity></Point><Point><position>11490</position><in_Quantity.quantity>0.000000</in_Quantity.quantity><out_Quantity.quantity>402.768770</out_Quantity.quantity></Point><Point><position>11491</position><in_Quantity.quantity>0.000000</in_Quantity.quantity><out_Quantity.quantity>883.623056</out_Quantity.quantity></Point><Point><position>11492</position><in_Quantity.quantity>0.000000</in_Quantity.quantity><out_Quantity.quantity>555.424689</out_Quantity.quantity></Point><Point><position>11493</position><in_Quantity.quantity>0.000000</in_Quantity.quantity><out_Quantity.quantity>704.542224</out_Quantity.quantity></Point><Point><position>11494</position><in_Quantity.quantity>0.000000</in_Quantity.quantity><out_Quantity.quantity>611.531433</out_Quantity.quantity></Point><Point><position>11495</position><in_Quantity.quantity>0.000000</in_Quantity.quantity><out_Quantity.quantity>327.826838</out_Quantity.quantity></Point><Point><position>11496</position><in_Quantity.quantity>0.000000</in_Quantity.quantity><out_Quantity.quantity>684.679005</out_Quantity.quantity></Point><Point><position>11497</position><in_Quantity.quantity>0.000000</in_Quantity.quantity><out_Quantity.quantity>696.378035</out_Quantity.quantity></Point><Point><position>11498</position><in_Quantity.quantity>0.000000</in_Quantity.quantity><out_Quantity.quantity>972.417373</out_Quantity.quantity></Point><Point><position>11499</position><in_Quantity.quantity>0.000000</in_Quantity.quantity><out_Quantity.quantity>620.992535</out_Quantity.quantity></Point><Point><position>11500</position><in_Quantity.quantity>0.000000</in_Quantity.quantity><out_Quantity.quantity>274.037457</out_Quantity.quantity></Point><Point><position>11501</position><in_Quantity.quantity>0.000000</in_Quantity.quantity><out_Quantity.quantity>325.406580</out_Quantity.quantity></Point><Point><position>11502</position><in_Quantity.quantity>0.000000</in_Quantity.quantity><out_Quantity.quantity>151.289336</out_Quantity.quantity></Point><Point><position>11503</position><in_Quantity.quantity>0.000000</in_Quantity.quantity><out_Quantity.quantity>437.063547</out_Quantity.quantity></Point><Point><position>11504</position><in_Quantity.quantity>0.000000</in_Quantity.quantity><out_Quantity.quantity>456.927482</out_Quantity.quantity></Point><Point><position>11505</position><in_Quantity.quantity>0.000000</in_Quantity.quantity><out_Quantity.quantity>245.822670</out_Quantity.quantity></Point><Point><position>11506</position><in_Quantity.quantity>0.000000</in_Quantity.quantity><out_Quantity.quantity>342.907430</out_Quantity.quantity></Point><Point><position>11507</position><in_Quantity.quantity>0.000000</in_Quantity.quantity><out_Quantity.quantity>427.390152</out_Quantity.quantity></Point><Point><position>11508</position><in_Quantity.quantity>0.000000</in_Quantity.quantity><out_Quantity.quantity>603.356725</out_Quantity.quantity></Point><Point><position>11509</position><in_Quantity.quantity>0.000000</in_Quantity.quantity><out_Quantity.quantity>82.203997</out_Quantity.quantity></Point><Point><position>11510</position><in_Quantity.quantity>0.000000</in_Quantity.quantity><out_Quantity.quantity>580.655988</out_Quantity.quantity></Point><Point><position>11511</position><in_Quantity.quantity>0.000000</in_Quantity.quantity><out_Quantity.quantity>663.417132</out_Quantity.quantity></Point><Point><position>11512</position><in_Quantity.quantity>0.000000</in_Quantity.quantity><out_Quantity.quantity>369.048748</out_Quantity.quantity></Point><Point><position>11513</position><in_Quantity.quantity>0.000000</in_Quantity.quantity><out_Quantity.quantity>126.752715</out_Quantity.quantity></Point><Point><position>11514</position><in_Quantity.quantity>0.000000</in_Quantity.quantity><out_Quantity.quantity>982.038562</out_Quantity.quantity></Point><Point><position>11515</position><in_Quantity.quantity>0.000000</in_Quantity.quantity><out_Quantity.quantity>894.741094</out_Quantity.quantity></Point><Point><position>11516</position><in_Quantity.quantity>0.000000</in_Quantity.quantity><out_Quantity.quantity>973.577697</out_Quantity.quantity></Point><Point><position>11517</position><in_Quantity.quantity>0.000000</in_Quantity.quantity><out_Quantity.quantity>12.493331</out_Quantity.quantity></Point><Point><position>11518</position><in_Quantity.quantity>0.000000</in_Quantity.quantity><out_Quantity.quantity>856.854820</out_Quantity.quantity></Point><Point><position>11519</position><in_Quantity.quantity>0.000000</in_Quantity.quantity><out_Quantity.quantity>987.139958</out_Quantity.quantity></Point><Point><position>11520</position><in_Quantity.quantity>0.000000</in_Quantity.quantity><out_Quantity.quantity>169.818446</out_Quantity.quantity></Point><Point><position>11521</position><in_Quantity.quantity>0.000000</in_Quantity.quantity><out_Quantity.quantity>224.175909</out_Quantity.quantity></Point><Point><position>11522</position><in_Quantity.quantity>0.000000</in_Quantity.quantity><out_Quantity.quantity>131.520463</out_Quantity.quantity></Point><Point><position>11523</position><in_Quantity.quantity>0.000000</in_Quantity.quantity><out_Quantity.quantity>217.414846</out_Quantity.quantity></Point><Point><position>11524</position><in_Quantity.quantity>0.000000</in_Quantity.quantity><out_Quantity.quantity>41.413030</out_Quantity.quantity></Point><Point><position>11525</position><in_Quantity.quantity>0.000000</in_Quantity.quantity><out_Quantity.quantity>354.230603</out_Quantity.quantity></Point><Point><position>11526</position><in_Quantity.quantity>0.000000</in_Quantity.quantity><out_Quantity.quantity>78.560978</out_Quantity.quantity></Point><Point><position>11527</position><in_Quantity.quantity>0.000000</in_Quantity.quantity><out_Quantity.quantity>520.169084</out_Quantity.quantity></Point><Point><position>11528</position><in_Quantity.quantity>0.000000</in_Quantity.quantity><out_Quantity.quantity>145.424150</out_Quantity.quantity></Point><Point><position>11529</position><in_Quantity.quantity>0.000000</in_Quantity.quantity><out_Quantity.quantity>276.690826</out_Quantity.quantity></Point><Point><position>11530</position><in_Quantity.quantity>0.000000</in_Quantity.quantity><out_Quantity.quantity>615.943811</out_Quantity.quantity></Point><Point><position>11531</position><in_Quantity.quantity>0.000000</in_Quantity.quantity><out_Quantity.quantity>411.951328</out_Quantity.quantity></Point><Point><position>11532</position><in_Quantity.quantity>0.000000</in_Quantity.quantity><out_Quantity.quantity>355.652251</out_Quantity.quantity></Point><Point><position>11533</position><in_Quantity.quantity>0.000000</in_Quantity.quantity><out_Quantity.quantity>958.710517</out_Quantity.quantity></Point><Point><position>11534</position><in_Quantity.quantity>0.000000</in_Quantity.quantity><out_Quantity.quantity>500.842111</out_Quantity.quantity></Point><Point><position>11535</position><in_Quantity.quantity>0.000000</in_Quantity.quantity><out_Quantity.quantity>489.777059</out_Quantity.quantity></Point><Point><position>11536</position><in_Quantity.quantity>0.000000</in_Quantity.quantity><out_Quantity.quantity>152.784176</out_Quantity.quantity></Point><Point><position>11537</position><in_Quantity.quantity>0.000000</in_Quantity.quantity><out_Quantity.quantity>43.624620</out_Quantity.quantity></Point><Point><position>11538</position><in_Quantity.quantity>0.000000</in_Quantity.quantity><out_Quantity.quantity>66.120962</out_Quantity.quantity></Point><Point><position>11539</position><in_Quantity.quantity>0.000000</in_Quantity.quantity><out_Quantity.quantity>821.142579</out_Quantity.quantity></Point><Point><position>11540</position><in_Quantity.quantity>0.000000</in_Quantity.quantity><out_Quantity.quantity>661.063264</out_Quantity.quantity></Point><Point><position>11541</position><in_Quantity.quantity>0.000000</in_Quantity.quantity><out_Quantity.quantity>51.348056</out_Quantity.quantity></Point><Point><position>11542</position><in_Quantity.quantity>0.000000</in_Quantity.quantity><out_Quantity.quantity>790.521343</out_Quantity.quantity></Point><Point><position>11543</position><in_Quantity.quantity>0.000000</in_Quantity.quantity><out_Quantity.quantity>242.378657</out_Quantity.quantity></Point><Point><position>11544</position><in_Quantity.quantity>0.000000</in_Quantity.quantity><out_Quantity.quantity>619.459181</out_Quantity.quantity></Point><Point><position>11545</position><in_Quantity.quantity>0.000000</in_Quantity.quantity><out_Quantity.quantity>765.109667</out_Quantity.quantity></Point><Point><position>11546</position><in_Quantity.quantity>0.000000</in_Quantity.quantity><out_Quantity.quantity>845.275086</out_Quantity.quantity></Point><Point><position>11547</position><in_Quantity.quantity>0.000000</in_Quantity.quantity><out_Quantity.quantity>504.475951</out_Quantity.quantity></Point><Point><position>11548</position><in_Quantity.quantity>0.000000</in_Quantity.quantity><out_Quantity.quantity>773.092645</out_Quantity.quantity></Point><Point><position>11549</position><in_Quantity.quantity>0.000000</in_Quantity.quantity><out_Quantity.quantity>630.786233</out_Quantity.quantity></Point><Point><position>11550</position><in_Quantity.quantity>0.000000</in_Quantity.quantity><out_Quantity.quantity>251.795480</out_Quantity.quantity></Point><Point><position>11551</position><in_Quantity.quantity>0.000000</in_Quantity.quantity><out_Quantity.quantity>366.423528</out_Quantity.quantity></Point><Point><position>11552</position><in_Quantity.quantity>0.000000</in_Quantity.quantity><out_Quantity.quantity>949.155523</out_Quantity.quantity></Point><Point><position>11553</position><in_Quantity.quantity>0.000000</in_Quantity.quantity><out_Quantity.quantity>67.317306</out_Quantity.quantity></Point><Point><position>11554</position><in_Quantity.quantity>0.000000</in_Quantity.quantity><out_Quantity.quantity>81.450102</out_Quantity.quantity></Point><Point><position>11555</position><in_Quantity.quantity>0.000000</in_Quantity.quantity><out_Quantity.quantity>89.600401</out_Quantity.quantity></Point><Point><position>11556</position><in_Quantity.quantity>0.000000</in_Quantity.quantity><out_Quantity.quantity>545.161558</out_Quantity.quantity></Point><Point><position>11557</position><in_Quantity.quantity>0.000000</in_Quantity.quantity><out_Quantity.quantity>847.729869</out_Quantity.quantity></Point><Point><position>11558</position><in_Quantity.quantity>0.000000</in_Quantity.quantity><out_Quantity.quantity>266.233501</out_Quantity.quantity></Point><Point><position>11559</position><in_Quantity.quantity>0.000000</in_Quantity.quantity><out_Quantity.quantity>884.067768</out_Quantity.quantity></Point><Point><position>11560</position><in_Quantity.quantity>0.000000</in_Quantity.quantity><out_Quantity.quantity>994.602142</out_Quantity.quantity></Point><Point><position>11561</position><in_Quantity.quantity>0.000000</in_Quantity.quantity><out_Quantity.quantity>693.551845</out_Quantity.quantity></Point><Point><position>11562</position><in_Quantity.quantity>0.000000</in_Quantity.quantity><out_Quantity.quantity>177.431469</out_Quantity.quantity></Point><Point><position>11563</position><in_Quantity.quantity>0.000000</in_Quantity.quantity><out_Quantity.quantity>142.387437</out_Quantity.quantity></Point><Point><position>11564</position><in_Quantity.quantity>0.000000</in_Quantity.quantity><out_Quantity.quantity>802.447430</out_Quantity.quantity></Point><Point><position>11565</position><in_Quantity.quantity>0.000000</in_Quantity.quantity><out_Quantity.quantity>429.336892</out_Quantity.quantity></Point><Point><position>11566</position><in_Quantity.quantity>0.000000</in_Quantity.quantity><out_Quantity.quantity>366.160422</out_Quantity.quantity></Point><Point><position>11567</position><in_Quantity.quantity>0.000000</in_Quantity.quantity><out_Quantity.quantity>424.740208</out_Quantity.quantity></Point><Point><position>11568</position><in_Quantity.quantity>0.000000</in_Quantity.quantity><out_Quantity.quantity>558.223337</out_Quantity.quantity></Point><Point><position>11569</position><in_Quantity.quantity>0.000000</in_Quantity.quantity><out_Quantity.quantity>212.803716</out_Quantity.quantity></Point><Point><position>11570</position><in_Quantity.quantity>0.000000</in_Quantity.quantity><out_Quantity.quantity>239.722873</out_Quantity.quantity></Point><Point><position>11571</position><in_Quantity.quantity>0.000000</in_Quantity.quantity><out_Quantity.quantity>676.051676</out_Quantity.quantity></Point><Point><position>11572</position><in_Quantity.quantity>0.000000</in_Quantity.quantity><out_Quantity.quantity>214.999934</out_Quantity.quantity></Point><Point><position>11573</position><in_Quantity.quantity>0.000000</in_Quantity.quantity><out_Quantity.quantity>94.287613</out_Quantity.quantity></Point><Point><position>11574</position><in_Quantity.quantity>0.000000</in_Quantity.quantity><out_Quantity.quantity>96.960277</out_Quantity.quantity></Point><Point><position>11575</position><in_Quantity.quantity>0.000000</in_Quantity.quantity><out_Quantity.quantity>561.992006</out_Quantity.quantity></Point><Point><position>11576</position><in_Quantity.quantity>0.000000</in_Quantity.quantity><out_Quantity.quantity>851.867711</out_Quantity.quantity></Point><Point><position>11577</position><in_Quantity.quantity>0.000000</in_Quantity.quantity><out_Quantity.quantity>849.780068</out_Quantity.quantity></Point><Point><position>11578</position><in_Quantity.quantity>0.000000</in_Quantity.quantity><out_Quantity.quantity>870.953488</out_Quantity.quantity></Point><Point><position>11579</position><in_Quantity.quantity>0.000000</in_Quantity.quantity><out_Quantity.quantity>297.360996</out_Quantity.quantity></Point><Point><position>11580</position><in_Quantity.quantity>0.000000</in_Quantity.quantity><out_Quantity.quantity>985.183411</out_Quantity.quantity></Point><Point><position>11581</position><in_Quantity.quantity>0.000000</in_Quantity.quantity><out_Quantity.quantity>158.300122</out_Quantity.quantity></Point><Point><position>11582</position><in_Quantity.quantity>0.000000</in_Quantity.quantity><out_Quantity.quantity>833.125022</out_Quantity.quantity></Point><Point><position>11583</position><in_Quantity.quantity>0.000000</in_Quantity.quantity><out_Quantity.quantity>14.173610</out_Quantity.quantity></Point><Point><position>11584</position><in_Quantity.quantity>0.000000</in_Quantity.quantity><out_Quantity.quantity>83.974880</out_Quantity.quantity></Point><Point><position>11585</position><in_Quantity.quantity>0.000000</in_Quantity.quantity><out_Quantity.quantity>703.776186</out_Quantity.quantity></Point><Point><position>11586</position><in_Quantity.quantity>0.000000</in_Quantity.quantity><out_Quantity.quantity>591.362165</out_Quantity.quantity></Point><Point><position>11587</position><in_Quantity.quantity>0.000000</in_Quantity.quantity><out_Quantity.quantity>291.745801</out_Quantity.quantity></Point><Point><position>11588</position><in_Quantity.quantity>0.000000</in_Quantity.quantity><out_Quantity.quantity>532.907409</out_Quantity.quantity></Point><Point><position>11589</position><in_Quantity.quantity>0.000000</in_Quantity.quantity><out_Quantity.quantity>359.149322</out_Quantity.quantity></Point><Point><position>11590</position><in_Quantity.quantity>0.000000</in_Quantity.quantity><out_Quantity.quantity>433.786776</out_Quantity.quantity></Point><Point><position>11591</position><in_Quantity.quantity>0.000000</in_Quantity.quantity><out_Quantity.quantity>351.363223</out_Quantity.quantity></Point><Point><position>11592</position><in_Quantity.quantity>0.000000</in_Quantity.quantity><out_Quantity.quantity>600.195646</out_Quantity.quantity></Point><Point><position>11593</position><in_Quantity.quantity>0.000000</in_Quantity.quantity><out_Quantity.quantity>114.057055</out_Quantity.quantity></Point><Point><position>11594</position><in_Quantity.quantity>0.000000</in_Quantity.quantity><out_Quantity.quantity>847.444562</out_Quantity.quantity></Point><Point><position>11595</position><in_Quantity.quantity>0.000000</in_Quantity.quantity><out_Quantity.quantity>341.447899</out_Quantity.quantity></Point><Point><position>11596</position><in_Quantity.quantity>0.000000</in_Quantity.quantity><out_Quantity.quantity>993.535804</out_Quantity.quantity></Point><Point><position>11597</position><in_Quantity.quantity>0.000000</in_Quantity.quantity><out_Quantity.quantity>607.094196</out_Quantity.quantity></Point><Point><position>11598</position><in_Quantity.quantity>0.000000</in_Quantity.quantity><out_Quantity.quantity>3.837864</out_Quantity.quantity></Point><Point><position>11599</position><in_Quantity.quantity>0.000000</in_Quantity.quantity><out_Quantity.quantity>242.078512</out_Quantity.quantity></Point><Point><position>11600</position><in_Quantity.quantity>0.000000</in_Quantity.quantity><out_Quantity.quantity>343.666614</out_Quantity.quantity></Point><Point><position>11601</position><in_Quantity.quantity>0.000000</in_Quantity.quantity><out_Quantity.quantity>934.633096</out_Quantity.quantity></Point><Point><position>11602</position><in_Quantity.quantity>0.000000</in_Quantity.quantity><out_Quantity.quantity>937.368779</out_Quantity.quantity></Point><Point><position>11603</position><in_Quantity.quantity>0.000000</in_Quantity.quantity><out_Quantity.quantity>694.406779</out_Quantity.quantity></Point><Point><position>11604</position><in_Quantity.quantity>0.000000</in_Quantity.quantity><out_Quantity.quantity>811.609037</out_Quantity.quantity></Point><Point><position>11605</position><in_Quantity.quantity>0.000000</in_Quantity.quantity><out_Quantity.quantity>313.294867</out_Quantity.quantity></Point><Point><position>11606</position><in_Quantity.quantity>0.000000</in_Quantity.quantity><out_Quantity.quantity>6.499518</out_Quantity.quantity></Point><Point><position>11607</position><in_Quantity.quantity>0.000000</in_Quantity.quantity><out_Quantity.quantity>595.495035</out_Quantity.quantity></Point><Point><position>11608</position><in_Quantity.quantity>0.000000</in_Quantity.quantity><out_Quantity.quantity>367.146340</out_Quantity.quantity></Point><Point><position>11609</position><in_Quantity.quantity>0.000000</in_Quantity.quantity><out_Quantity.quantity>169.260287</out_Quantity.quantity></Point><Point><position>11610</position><in_Quantity.quantity>0.000000</in_Quantity.quantity><out_Quantity.quantity>74.108148</out_Quantity.quantity></Point><Point><position>11611</position><in_Quantity.quantity>0.000000</in_Quantity.quantity><out_Quantity.quantity>171.824424</out_Quantity.quantity></Point><Point><position>11612</position><in_Quantity.quantity>0.000000</in_Quantity.quantity><out_Quantity.quantity>187.653893</out_Quantity.quantity></Point><Point><position>11613</position><in_Quantity.quantity>0.000000</in_Quantity.quantity><out_Quantity.quantity>128.330148</out_Quantity.quantity></Point><Point><position>11614</position><in_Quantity.quantity>0.000000</in_Quantity.quantity><out_Quantity.quantity>814.589681</out_Quantity.quantity></Point><Point><position>11615</position><in_Quantity.quantity>0.000000</in_Quantity.quantity><out_Quantity.quantity>587.601816</out_Quantity.quantity></Point><Point><position>11616</position><in_Quantity.quantity>0.000000</in_Quantity.quantity><out_Quantity.quantity>416.220847</out_Quantity.quantity></Point><Point><position>11617</position><in_Quantity.quantity>0.000000</in_Quantity.quantity><out_Quantity.quantity>874.053979</out_Quantity.quantity></Point><Point><position>11618</position><in_Quantity.quantity>0.000000</in_Quantity.quantity><out_Quantity.quantity>449.924394</out_Quantity.quantity></Point><Point><position>11619</position><in_Quantity.quantity>0.000000</in_Quantity.quantity><out_Quantity.quantity>497.943812</out_Quantity.quantity></Point><Point><position>11620</position><in_Quantity.quantity>0.000000</in_Quantity.quantity><out_Quantity.quantity>8.503341</out_Quantity.quantity></Point><Point><position>11621</position><in_Quantity.quantity>0.000000</in_Quantity.quantity><out_Quantity.quantity>27.977770</out_Quantity.quantity></Point><Point><position>11622</position><in_Quantity.quantity>0.000000</in_Quantity.quantity><out_Quantity.quantity>896.004068</out_Quantity.quantity></Point><Point><position>11623</position><in_Quantity.quantity>0.000000</in_Quantity.quantity><out_Quantity.quantity>480.522515</out_Quantity.quantity></Point><Point><position>11624</position><in_Quantity.quantity>0.000000</in_Quantity.quantity><out_Quantity.quantity>836.048770</out_Quantity.quantity></Point><Point><position>11625</position><in_Quantity.quantity>0.000000</in_Quantity.quantity><out_Quantity.quantity>842.189519</out_Quantity.quantity></Point><Point><position>11626</position><in_Quantity.quantity>0.000000</in_Quantity.quantity><out_Quantity.quantity>144.284893</out_Quantity.quantity></Point><Point><position>11627</position><in_Quantity.quantity>0.000000</in_Quantity.quantity><out_Quantity.quantity>665.808021</out_Quantity.quantity></Point><Point><position>11628</position><in_Quantity.quantity>0.000000</in_Quantity.quantity><out_Quantity.quantity>122.644069</out_Quantity.quantity></Point><Point><position>11629</position><in_Quantity.quantity>0.000000</in_Quantity.quantity><out_Quantity.quantity>443.155613</out_Quantity.quantity></Point><Point><position>11630</position><in_Quantity.quantity>0.000000</in_Quantity.quantity><out_Quantity.quantity>871.440924</out_Quantity.quantity></Point><Point><position>11631</position><in_Quantity.quantity>0.000000</in_Quantity.quantity><out_Quantity.quantity>956.504802</out_Quantity.quantity></Point><Point><position>11632</position><in_Quantity.quantity>0.000000</in_Quantity.quantity><out_Quantity.quantity>870.261870</out_Quantity.quantity></Point><Point><position>11633</position><in_Quantity.quantity>0.000000</in_Quantity.quantity><out_Quantity.quantity>89.032181</out_Quantity.quantity></Point><Point><position>11634</position><in_Quantity.quantity>0.000000</in_Quantity.quantity><out_Quantity.quantity>784.412038</out_Quantity.quantity></Point><Point><position>11635</position><in_Quantity.quantity>0.000000</in_Quantity.quantity><out_Quantity.quantity>119.393318</out_Quantity.quantity></Point><Point><position>11636</position><in_Quantity.quantity>0.000000</in_Quantity.quantity><out_Quantity.quantity>979.157553</out_Quantity.quantity></Point><Point><position>11637</position><in_Quantity.quantity>0.000000</in_Quantity.quantity><out_Quantity.quantity>820.341780</out_Quantity.quantity></Point><Point><position>11638</position><in_Quantity.quantity>0.000000</in_Quantity.quantity><out_Quantity.quantity>308.504251</out_Quantity.quantity></Point><Point><position>11639</position><in_Quantity.quantity>0.000000</in_Quantity.quantity><out_Quantity.quantity>145.999521</out_Quantity.quantity></Point><Point><position>11640</position><in_Quantity.quantity>0.000000</in_Quantity.quantity><out_Quantity.quantity>58.447270</out_Quantity.quantity></Point><Point><position>11641</position><in_Quantity.quantity>0.000000</in_Quantity.quantity><out_Quantity.quantity>808.160671</out_Quantity.quantity></Point><Point><position>11642</position><in_Quantity.quantity>0.000000</in_Quantity.quantity><out_Quantity.quantity>337.712038</out_Quantity.quantity></Point><Point><position>11643</position><in_Quantity.quantity>0.000000</in_Quantity.quantity><out_Quantity.quantity>100.117420</out_Quantity.quantity></Point><Point><position>11644</position><in_Quantity.quantity>0.000000</in_Quantity.quantity><out_Quantity.quantity>570.353587</out_Quantity.quantity></Point><Point><position>11645</position><in_Quantity.quantity>0.000000</in_Quantity.quantity><out_Quantity.quantity>559.202785</out_Quantity.quantity></Point><Point><position>11646</position><in_Quantity.quantity>0.000000</in_Quantity.quantity><out_Quantity.quantity>631.607557</out_Quantity.quantity></Point><Point><position>11647</position><in_Quantity.quantity>0.000000</in_Quantity.quantity><out_Quantity.quantity>166.722367</out_Quantity.quantity></Point><Point><position>11648</position><in_Quantity.quantity>0.000000</in_Quantity.quantity><out_Quantity.quantity>281.390803</out_Quantity.quantity></Point><Point><position>11649</position><in_Quantity.quantity>0.000000</in_Quantity.quantity><out_Quantity.quantity>176.503159</out_Quantity.quantity></Point><Point><position>11650</position><in_Quantity.quantity>0.000000</in_Quantity.quantity><out_Quantity.quantity>456.766879</out_Quantity.quantity></Point><Point><position>11651</position><in_Quantity.quantity>0.000000</in_Quantity.quantity><out_Quantity.quantity>100.521856</out_Quantity.quantity></Point><Point><position>11652</position><in_Quantity.quantity>0.000000</in_Quantity.quantity><out_Quantity.quantity>67.749112</out_Quantity.quantity></Point><Point><position>11653</position><in_Quantity.quantity>0.000000</in_Quantity.quantity><out_Quantity.quantity>183.005741</out_Quantity.quantity></Point><Point><position>11654</position><in_Quantity.quantity>0.000000</in_Quantity.quantity><out_Quantity.quantity>86.059507</out_Quantity.quantity></Point><Point><position>11655</position><in_Quantity.quantity>0.000000</in_Quantity.quantity><out_Quantity.quantity>389.233817</out_Quantity.quantity></Point><Point><position>11656</position><in_Quantity.quantity>0.000000</in_Quantity.quantity><out_Quantity.quantity>487.582448</out_Quantity.quantity></Point><Point><position>11657</position><in_Quantity.quantity>0.000000</in_Quantity.quantity><out_Quantity.quantity>482.454801</out_Quantity.quantity></Point><Point><position>11658</position><in_Quantity.quantity>0.000000</in_Quantity.quantity><out_Quantity.quantity>576.835082</out_Quantity.quantity></Point><Point><position>11659</position><in_Quantity.quantity>0.000000</in_Quantity.quantity><out_Quantity.quantity>807.239598</out_Quantity.quantity></Point><Point><position>11660</position><in_Quantity.quantity>0.000000</in_Quantity.quantity><out_Quantity.quantity>258.738191</out_Quantity.quantity></Point><Point><position>11661</position><in_Quantity.quantity>0.000000</in_Quantity.quantity><out_Quantity.quantity>624.640389</out_Quantity.quantity></Point><Point><position>11662</position><in_Quantity.quantity>0.000000</in_Quantity.quantity><out_Quantity.quantity>636.323577</out_Quantity.quantity></Point><Point><position>11663</position><in_Quantity.quantity>0.000000</in_Quantity.quantity><out_Quantity.quantity>634.337347</out_Quantity.quantity></Point><Point><position>11664</position><in_Quantity.quantity>0.000000</in_Quantity.quantity><out_Quantity.quantity>416.680576</out_Quantity.quantity></Point><Point><position>11665</position><in_Quantity.quantity>0.000000</in_Quantity.quantity><out_Quantity.quantity>284.625756</out_Quantity.quantity></Point><Point><position>11666</position><in_Quantity.quantity>0.000000</in_Quantity.quantity><out_Quantity.quantity>721.625802</out_Quantity.quantity></Point><Point><position>11667</position><in_Quantity.quantity>0.000000</in_Quantity.quantity><out_Quantity.quantity>369.976858</out_Quantity.quantity></Point><Point><position>11668</position><in_Quantity.quantity>0.000000</in_Quantity.quantity><out_Quantity.quantity>734.475071</out_Quantity.quantity></Point><Point><position>11669</position><in_Quantity.quantity>0.000000</in_Quantity.quantity><out_Quantity.quantity>454.323726</out_Quantity.quantity></Point><Point><position>11670</position><in_Quantity.quantity>0.000000</in_Quantity.quantity><out_Quantity.quantity>997.780883</out_Quantity.quantity></Point><Point><position>11671</position><in_Quantity.quantity>0.000000</in_Quantity.quantity><out_Quantity.quantity>924.499805</out_Quantity.quantity></Point><Point><position>11672</position><in_Quantity.quantity>0.000000</in_Quantity.quantity><out_Quantity.quantity>692.061172</out_Quantity.quantity></Point><Point><position>11673</position><in_Quantity.quantity>0.000000</in_Quantity.quantity><out_Quantity.quantity>378.674262</out_Quantity.quantity></Point><Point><position>11674</position><in_Quantity.quantity>0.000000</in_Quantity.quantity><out_Quantity.quantity>849.991208</out_Quantity.quantity></Point><Point><position>11675</position><in_Quantity.quantity>0.000000</in_Quantity.quantity><out_Quantity.quantity>947.790612</out_Quantity.quantity></Point><Point><position>11676</position><in_Quantity.quantity>0.000000</in_Quantity.quantity><out_Quantity.quantity>38.905812</out_Quantity.quantity></Point><Point><position>11677</position><in_Quantity.quantity>0.000000</in_Quantity.quantity><out_Quantity.quantity>326.099289</out_Quantity.quantity></Point><Point><position>11678</position><in_Quantity.quantity>0.000000</in_Quantity.quantity><out_Quantity.quantity>649.671340</out_Quantity.quantity></Point><Point><position>11679</position><in_Quantity.quantity>0.000000</in_Quantity.quantity><out_Quantity.quantity>773.213906</out_Quantity.quantity></Point><Point><position>11680</position><in_Quantity.quantity>0.000000</in_Quantity.quantity><out_Quantity.quantity>274.113643</out_Quantity.quantity></Point><Point><position>11681</position><in_Quantity.quantity>0.000000</in_Quantity.quantity><out_Quantity.quantity>144.618825</out_Quantity.quantity></Point><Point><position>11682</position><in_Quantity.quantity>0.000000</in_Quantity.quantity><out_Quantity.quantity>51.599709</out_Quantity.quantity></Point><Point><position>11683</position><in_Quantity.quantity>0.000000</in_Quantity.quantity><out_Quantity.quantity>720.686747</out_Quantity.quantity></Point><Point><position>11684</position><in_Quantity.quantity>0.000000</in_Quantity.quantity><out_Quantity.quantity>618.109608</out_Quantity.quantity></Point><Point><position>11685</position><in_Quantity.quantity>0.000000</in_Quantity.quantity><out_Quantity.quantity>413.992792</out_Quantity.quantity></Point><Point><position>11686</position><in_Quantity.quantity>0.000000</in_Quantity.quantity><out_Quantity.quantity>640.527795</out_Quantity.quantity></Point><Point><position>11687</position><in_Quantity.quantity>0.000000</in_Quantity.quantity><out_Quantity.quantity>208.700154</out_Quantity.quantity></Point><Point><position>11688</position><in_Quantity.quantity>0.000000</in_Quantity.quantity><out_Quantity.quantity>854.797695</out_Quantity.quantity></Point><Point><position>11689</position><in_Quantity.quantity>0.000000</in_Quantity.quantity><out_Quantity.quantity>885.571784</out_Quantity.quantity></Point><Point><position>11690</position><in_Quantity.quantity>0.000000</in_Quantity.quantity><out_Quantity.quantity>137.035124</out_Quantity.quantity></Point><Point><position>11691</position><in_Quantity.quantity>0.000000</in_Quantity.quantity><out_Quantity.quantity>985.155774</out_Quantity.quantity></Point><Point><position>11692</position><in_Quantity.quantity>0.000000</in_Quantity.quantity><out_Quantity.quantity>996.857850</out_Quantity.quantity></Point><Point><position>11693</position><in_Quantity.quantity>0.000000</in_Quantity.quantity><out_Quantity.quantity>729.064535</out_Quantity.quantity></Point><Point><position>11694</position><in_Quantity.quantity>0.000000</in_Quantity.quantity><out_Quantity.quantity>120.816702</out_Quantity.quantity></Point><Point><position>11695</position><in_Quantity.quantity>0.000000</in_Quantity.quantity><out_Quantity.quantity>207.925249</out_Quantity.quantity></Point><Point><position>11696</position><in_Quantity.quantity>0.000000</in_Quantity.quantity><out_Quantity.quantity>578.570756</out_Quantity.quantity></Point><Point><position>11697</position><in_Quantity.quantity>0.000000</in_Quantity.quantity><out_Quantity.quantity>268.499186</out_Quantity.quantity></Point><Point><position>11698</position><in_Quantity.quantity>0.000000</in_Quantity.quantity><out_Quantity.quantity>759.088443</out_Quantity.quantity></Point><Point><position>11699</position><in_Quantity.quantity>0.000000</in_Quantity.quantity><out_Quantity.quantity>803.784420</out_Quantity.quantity></Point><Point><position>11700</position><in_Quantity.quantity>0.000000</in_Quantity.quantity><out_Quantity.quantity>478.215980</out_Quantity.quantity></Point><Point><position>11701</position><in_Quantity.quantity>0.000000</in_Quantity.quantity><out_Quantity.quantity>378.176671</out_Quantity.quantity></Point><Point><position>11702</position><in_Quantity.quantity>0.000000</in_Quantity.quantity><out_Quantity.quantity>122.379985</out_Quantity.quantity></Point><Point><position>11703</position><in_Quantity.quantity>0.000000</in_Quantity.quantity><out_Quantity.quantity>27.901395</out_Quantity.quantity></Point><Point><position>11704</position><in_Quantity.quantity>0.000000</in_Quantity.quantity><out_Quantity.quantity>606.928036</out_Quantity.quantity></Point><Point><position>11705</position><in_Quantity.quantity>0.000000</in_Quantity.quantity><out_Quantity.quantity>119.584702</out_Quantity.quantity></Point><Point><position>11706</position><in_Quantity.quantity>0.000000</in_Quantity.quantity><out_Quantity.quantity>616.380519</out_Quantity.quantity></Point><Point><position>11707</position><in_Quantity.quantity>0.000000</in_Quantity.quantity><out_Quantity.quantity>647.636583</out_Quantity.quantity></Point><Point><position>11708</position><in_Quantity.quantity>0.000000</in_Quantity.quantity><out_Quantity.quantity>673.808732</out_Quantity.quantity></Point><Point><position>11709</position><in_Quantity.quantity>0.000000</in_Quantity.quantity><out_Quantity.quantity>854.111661</out_Quantity.quantity></Point><Point><position>11710</position><in_Quantity.quantity>0.000000</in_Quantity.quantity><out_Quantity.quantity>624.830188</out_Quantity.quantity></Point><Point><position>11711</position><in_Quantity.quantity>0.000000</in_Quantity.quantity><out_Quantity.quantity>88.544605</out_Quantity.quantity></Point><Point><position>11712</position><in_Quantity.quantity>0.000000</in_Quantity.quantity><out_Quantity.quantity>941.400289</out_Quantity.quantity></Point><Point><position>11713</position><in_Quantity.quantity>0.000000</in_Quantity.quantity><out_Quantity.quantity>343.150151</out_Quantity.quantity></Point><Point><position>11714</position><in_Quantity.quantity>0.000000</in_Quantity.quantity><out_Quantity.quantity>292.290772</out_Quantity.quantity></Point><Point><position>11715</position><in_Quantity.quantity>0.000000</in_Quantity.quantity><out_Quantity.quantity>114.652463</out_Quantity.quantity></Point><Point><position>11716</position><in_Quantity.quantity>0.000000</in_Quantity.quantity><out_Quantity.quantity>327.174623</out_Quantity.quantity></Point><Point><position>11717</position><in_Quantity.quantity>0.000000</in_Quantity.quantity><out_Quantity.quantity>230.631764</out_Quantity.quantity></Point><Point><position>11718</position><in_Quantity.quantity>0.000000</in_Quantity.quantity><out_Quantity.quantity>105.164332</out_Quantity.quantity></Point><Point><position>11719</position><in_Quantity.quantity>0.000000</in_Quantity.quantity><out_Quantity.quantity>313.935211</out_Quantity.quantity></Point><Point><position>11720</position><in_Quantity.quantity>0.000000</in_Quantity.quantity><out_Quantity.quantity>236.522110</out_Quantity.quantity></Point><Point><position>11721</position><in_Quantity.quantity>0.000000</in_Quantity.quantity><out_Quantity.quantity>649.131627</out_Quantity.quantity></Point><Point><position>11722</position><in_Quantity.quantity>0.000000</in_Quantity.quantity><out_Quantity.quantity>930.382572</out_Quantity.quantity></Point><Point><position>11723</position><in_Quantity.quantity>0.000000</in_Quantity.quantity><out_Quantity.quantity>315.632663</out_Quantity.quantity></Point><Point><position>11724</position><in_Quantity.quantity>0.000000</in_Quantity.quantity><out_Quantity.quantity>800.386311</out_Quantity.quantity></Point><Point><position>11725</position><in_Quantity.quantity>0.000000</in_Quantity.quantity><out_Quantity.quantity>665.578540</out_Quantity.quantity></Point><Point><position>11726</position><in_Quantity.quantity>0.000000</in_Quantity.quantity><out_Quantity.quantity>159.726206</out_Quantity.quantity></Point><Point><position>11727</position><in_Quantity.quantity>0.000000</in_Quantity.quantity><out_Quantity.quantity>938.362324</out_Quantity.quantity></Point><Point><position>11728</position><in_Quantity.quantity>0.000000</in_Quantity.quantity><out_Quantity.quantity>516.079820</out_Quantity.quantity></Point><Point><position>11729</position><in_Quantity.quantity>0.000000</in_Quantity.quantity><out_Quantity.quantity>603.630618</out_Quantity.quantity></Point><Point><position>11730</position><in_Quantity.quantity>0.000000</in_Quantity.quantity><out_Quantity.quantity>182.554543</out_Quantity.quantity></Point><Point><position>11731</position><in_Quantity.quantity>0.000000</in_Quantity.quantity><out_Quantity.quantity>925.183271</out_Quantity.quantity></Point><Point><position>11732</position><in_Quantity.quantity>0.000000</in_Quantity.quantity><out_Quantity.quantity>113.205710</out_Quantity.quantity></Point><Point><position>11733</position><in_Quantity.quantity>0.000000</in_Quantity.quantity><out_Quantity.quantity>244.721396</out_Quantity.quantity></Point><Point><position>11734</position><in_Quantity.quantity>0.000000</in_Quantity.quantity><out_Quantity.quantity>367.018061</out_Quantity.quantity></Point><Point><position>11735</position><in_Quantity.quantity>0.000000</in_Quantity.quantity><out_Quantity.quantity>851.840440</out_Quantity.quantity></Point><Point><position>11736</position><in_Quantity.quantity>0.000000</in_Quantity.quantity><out_Quantity.quantity>567.083243</out_Quantity.quantity></Point><Point><position>11737</position><in_Quantity.quantity>0.000000</in_Quantity.quantity><out_Quantity.quantity>769.343152</out_Quantity.quantity></Point><Point><position>11738</position><in_Quantity.quantity>0.000000</in_Quantity.quantity><out_Quantity.quantity>484.261188</out_Quantity.quantity></Point><Point><position>11739</position><in_Quantity.quantity>0.000000</in_Quantity.quantity><out_Quantity.quantity>382.829380</out_Quantity.quantity></Point><Point><position>11740</position><in_Quantity.quantity>0.000000</in_Quantity.quantity><out_Quantity.quantity>615.098929</out_Quantity.quantity></Point><Point><position>11741</position><in_Quantity.quantity>0.000000</in_Quantity.quantity><out_Quantity.quantity>330.012767</out_Quantity.quantity></Point><Point><position>11742</position><in_Quantity.quantity>0.000000</in_Quantity.quantity><out_Quantity.quantity>185.180942</out_Quantity.quantity></Point><Point><position>11743</position><in_Quantity.quantity>0.000000</in_Quantity.quantity><out_Quantity.quantity>598.418170</out_Quantity.quantity></Point><Point><position>11744</position><in_Quantity.quantity>0.000000</in_Quantity.quantity><out_Quantity.quantity>924.050606</out_Quantity.quantity></Point><Point><position>11745</position><in_Quantity.quantity>0.000000</in_Quantity.quantity><out_Quantity.quantity>269.128915</out_Quantity.quantity></Point><Point><position>11746</position><in_Quantity.quantity>0.000000</in_Quantity.quantity><out_Quantity.quantity>814.675988</out_Quantity.quantity></Point><Point><position>11747</position><in_Quantity.quantity>0.000000</in_Quantity.quantity><out_Quantity.quantity>632.655108</out_Quantity.quantity></Point><Point><position>11748</position><in_Quantity.quantity>0.000000</in_Quantity.quantity><out_Quantity.quantity>378.364935</out_Quantity.quantity></Point><Point><position>11749</position><in_Quantity.quantity>0.000000</in_Quantity.quantity><out_Quantity.quantity>990.544202</out_Quantity.quantity></Point><Point><position>11750</position><in_Quantity.quantity>0.000000</in_Quantity.quantity><out_Quantity.quantity>713.726834</out_Quantity.quantity></Point><Point><position>11751</position><in_Quantity.quantity>0.000000</in_Quantity.quantity><out_Quantity.quantity>386.012632</out_Quantity.quantity></Point><Point><position>11752</position><in_Quantity.quantity>0.000000</in_Quantity.quantity><out_Quantity.quantity>104.876985</out_Quantity.quantity></Point><Point><position>11753</position><in_Quantity.quantity>0.000000</in_Quantity.quantity><out_Quantity.quantity>514.707295</out_Quantity.quantity></Point><Point><position>11754</position><in_Quantity.quantity>0.000000</in_Quantity.quantity><out_Quantity.quantity>190.665656</out_Quantity.quantity></Point><Point><position>11755</position><in_Quantity.quantity>0.000000</in_Quantity.quantity><out_Quantity.quantity>774.612547</out_Quantity.quantity></Point><Point><position>11756</position><in_Quantity.quantity>0.000000</in_Quantity.quantity><out_Quantity.quantity>825.112530</out_Quantity.quantity></Point><Point><position>11757</position><in_Quantity.quantity>0.000000</in_Quantity.quantity><out_Quantity.quantity>87.168334</out_Quantity.quantity></Point><Point><position>11758</position><in_Quantity.quantity>0.000000</in_Quantity.quantity><out_Quantity.quantity>826.203033</out_Quantity.quantity></Point><Point><position>11759</position><in_Quantity.quantity>0.000000</in_Quantity.quantity><out_Quantity.quantity>646.214953</out_Quantity.quantity></Point><Point><position>11760</position><in_Quantity.quantity>0.000000</in_Quantity.quantity><out_Quantity.quantity>865.211881</out_Quantity.quantity></Point><Point><position>11761</position><in_Quantity.quantity>0.000000</in_Quantity.quantity><out_Quantity.quantity>651.199402</out_Quantity.quantity></Point><Point><position>11762</position><in_Quantity.quantity>0.000000</in_Quantity.quantity><out_Quantity.quantity>204.102769</out_Quantity.quantity></Point><Point><position>11763</position><in_Quantity.quantity>0.000000</in_Quantity.quantity><out_Quantity.quantity>793.187549</out_Quantity.quantity></Point><Point><position>11764</position><in_Quantity.quantity>0.000000</in_Quantity.quantity><out_Quantity.quantity>989.830192</out_Quantity.quantity></Point><Point><position>11765</position><in_Quantity.quantity>0.000000</in_Quantity.quantity><out_Quantity.quantity>923.543824</out_Quantity.quantity></Point><Point><position>11766</position><in_Quantity.quantity>0.000000</in_Quantity.quantity><out_Quantity.quantity>258.300609</out_Quantity.quantity></Point><Point><position>11767</position><in_Quantity.quantity>0.000000</in_Quantity.quantity><out_Quantity.quantity>642.753972</out_Quantity.quantity></Point><Point><position>11768</position><in_Quantity.quantity>0.000000</in_Quantity.quantity><out_Quantity.quantity>482.027517</out_Quantity.quantity></Point><Point><position>11769</position><in_Quantity.quantity>0.000000</in_Quantity.quantity><out_Quantity.quantity>390.569074</out_Quantity.quantity></Point><Point><position>11770</position><in_Quantity.quantity>0.000000</in_Quantity.quantity><out_Quantity.quantity>970.789657</out_Quantity.quantity></Point><Point><position>11771</position><in_Quantity.quantity>0.000000</in_Quantity.quantity><out_Quantity.quantity>277.843435</out_Quantity.quantity></Point><Point><position>11772</position><in_Quantity.quantity>0.000000</in_Quantity.quantity><out_Quantity.quantity>90.180667</out_Quantity.quantity></Point><Point><position>11773</position><in_Quantity.quantity>0.000000</in_Quantity.quantity><out_Quantity.quantity>426.743273</out_Quantity.quantity></Point><Point><position>11774</position><in_Quantity.quantity>0.000000</in_Quantity.quantity><out_Quantity.quantity>688.066530</out_Quantity.quantity></Point><Point><position>11775</position><in_Quantity.quantity>0.000000</in_Quantity.quantity><out_Quantity.quantity>585.658835</out_Quantity.quantity></Point><Point><position>11776</position><in_Quantity.quantity>0.000000</in_Quantity.quantity><out_Quantity.quantity>993.085292</out_Quantity.quantity></Point><Point><position>11777</position><in_Quantity.quantity>0.000000</in_Quantity.quantity><out_Quantity.quantity>674.712396</out_Quantity.quantity></Point><Point><position>11778</position><in_Quantity.quantity>0.000000</in_Quantity.quantity><out_Quantity.quantity>196.802373</out_Quantity.quantity></Point><Point><position>11779</position><in_Quantity.quantity>0.000000</in_Quantity.quantity><out_Quantity.quantity>762.333476</out_Quantity.quantity></Point><Point><position>11780</position><in_Quantity.quantity>0.000000</in_Quantity.quantity><out_Quantity.quantity>990.918977</out_Quantity.quantity></Point><Point><position>11781</position><in_Quantity.quantity>0.000000</in_Quantity.quantity><out_Quantity.quantity>307.914814</out_Quantity.quantity></Point><Point><position>11782</position><in_Quantity.quantity>0.000000</in_Quantity.quantity><out_Quantity.quantity>227.620587</out_Quantity.quantity></Point><Point><position>11783</position><in_Quantity.quantity>0.000000</in_Quantity.quantity><out_Quantity.quantity>997.802109</out_Quantity.quantity></Point><Point><position>11784</position><in_Quantity.quantity>0.000000</in_Quantity.quantity><out_Quantity.quantity>726.133146</out_Quantity.quantity></Point><Point><position>11785</position><in_Quantity.quantity>0.000000</in_Quantity.quantity><out_Quantity.quantity>465.805654</out_Quantity.quantity></Point><Point><position>11786</position><in_Quantity.quantity>0.000000</in_Quantity.quantity><out_Quantity.quantity>654.656505</out_Quantity.quantity></Point><Point><position>11787</position><in_Quantity.quantity>0.000000</in_Quantity.quantity><out_Quantity.quantity>76.877702</out_Quantity.quantity></Point><Point><position>11788</position><in_Quantity.quantity>0.000000</in_Quantity.quantity><out_Quantity.quantity>94.220921</out_Quantity.quantity></Point><Point><position>11789</position><in_Quantity.quantity>0.000000</in_Quantity.quantity><out_Quantity.quantity>431.159387</out_Quantity.quantity></Point><Point><position>11790</position><in_Quantity.quantity>0.000000</in_Quantity.quantity><out_Quantity.quantity>259.738565</out_Quantity.quantity></Point><Point><position>11791</position><in_Quantity.quantity>0.000000</in_Quantity.quantity><out_Quantity.quantity>287.645627</out_Quantity.quantity></Point><Point><position>11792</position><in_Quantity.quantity>0.000000</in_Quantity.quantity><out_Quantity.quantity>294.434789</out_Quantity.quantity></Point><Point><position>11793</position><in_Quantity.quantity>0.000000</in_Quantity.quantity><out_Quantity.quantity>143.046717</out_Quantity.quantity></Point><Point><position>11794</position><in_Quantity.quantity>0.000000</in_Quantity.quantity><out_Quantity.quantity>447.534546</out_Quantity.quantity></Point><Point><position>11795</position><in_Quantity.quantity>0.000000</in_Quantity.quantity><out_Quantity.quantity>220.558105</out_Quantity.quantity></Point><Point><position>11796</position><in_Quantity.quantity>0.000000</in_Quantity.quantity><out_Quantity.quantity>401.902967</out_Quantity.quantity></Point><Point><position>11797</position><in_Quantity.quantity>0.000000</in_Quantity.quantity><out_Quantity.quantity>775.567178</out_Quantity.quantity></Point><Point><position>11798</position><in_Quantity.quantity>0.000000</in_Quantity.quantity><out_Quantity.quantity>766.823319</out_Quantity.quantity></Point><Point><position>11799</position><in_Quantity.quantity>0.000000</in_Quantity.quantity><out_Quantity.quantity>185.860536</out_Quantity.quantity></Point><Point><position>11800</position><in_Quantity.quantity>0.000000</in_Quantity.quantity><out_Quantity.quantity>40.501489</out_Quantity.quantity></Point><Point><position>11801</position><in_Quantity.quantity>0.000000</in_Quantity.quantity><out_Quantity.quantity>771.959276</out_Quantity.quantity></Point><Point><position>11802</position><in_Quantity.quantity>0.000000</in_Quantity.quantity><out_Quantity.quantity>182.923346</out_Quantity.quantity></Point><Point><position>11803</position><in_Quantity.quantity>0.000000</in_Quantity.quantity><out_Quantity.quantity>572.995526</out_Quantity.quantity></Point><Point><position>11804</position><in_Quantity.quantity>0.000000</in_Quantity.quantity><out_Quantity.quantity>233.544752</out_Quantity.quantity></Point><Point><position>11805</position><in_Quantity.quantity>0.000000</in_Quantity.quantity><out_Quantity.quantity>733.962658</out_Quantity.quantity></Point><Point><position>11806</position><in_Quantity.quantity>0.000000</in_Quantity.quantity><out_Quantity.quantity>259.847320</out_Quantity.quantity></Point><Point><position>11807</position><in_Quantity.quantity>0.000000</in_Quantity.quantity><out_Quantity.quantity>179.759188</out_Quantity.quantity></Point><Point><position>11808</position><in_Quantity.quantity>0.000000</in_Quantity.quantity><out_Quantity.quantity>941.641768</out_Quantity.quantity></Point><Point><position>11809</position><in_Quantity.quantity>0.000000</in_Quantity.quantity><out_Quantity.quantity>883.585664</out_Quantity.quantity></Point><Point><position>11810</position><in_Quantity.quantity>0.000000</in_Quantity.quantity><out_Quantity.quantity>972.814795</out_Quantity.quantity></Point><Point><position>11811</position><in_Quantity.quantity>0.000000</in_Quantity.quantity><out_Quantity.quantity>539.946917</out_Quantity.quantity></Point><Point><position>11812</position><in_Quantity.quantity>0.000000</in_Quantity.quantity><out_Quantity.quantity>262.718978</out_Quantity.quantity></Point><Point><position>11813</position><in_Quantity.quantity>0.000000</in_Quantity.quantity><out_Quantity.quantity>437.607552</out_Quantity.quantity></Point><Point><position>11814</position><in_Quantity.quantity>0.000000</in_Quantity.quantity><out_Quantity.quantity>531.820136</out_Quantity.quantity></Point><Point><position>11815</position><in_Quantity.quantity>0.000000</in_Quantity.quantity><out_Quantity.quantity>536.181265</out_Quantity.quantity></Point><Point><position>11816</position><in_Quantity.quantity>0.000000</in_Quantity.quantity><out_Quantity.quantity>140.481586</out_Quantity.quantity></Point><Point><position>11817</position><in_Quantity.quantity>0.000000</in_Quantity.quantity><out_Quantity.quantity>510.833934</out_Quantity.quantity></Point><Point><position>11818</position><in_Quantity.quantity>0.000000</in_Quantity.quantity><out_Quantity.quantity>420.972841</out_Quantity.quantity></Point><Point><position>11819</position><in_Quantity.quantity>0.000000</in_Quantity.quantity><out_Quantity.quantity>735.472346</out_Quantity.quantity></Point><Point><position>11820</position><in_Quantity.quantity>0.000000</in_Quantity.quantity><out_Quantity.quantity>527.717691</out_Quantity.quantity></Point><Point><position>11821</position><in_Quantity.quantity>0.000000</in_Quantity.quantity><out_Quantity.quantity>252.071960</out_Quantity.quantity></Point><Point><position>11822</position><in_Quantity.quantity>0.000000</in_Quantity.quantity><out_Quantity.quantity>292.043414</out_Quantity.quantity></Point><Point><position>11823</position><in_Quantity.quantity>0.000000</in_Quantity.quantity><out_Quantity.quantity>240.943152</out_Quantity.quantity></Point><Point><position>11824</position><in_Quantity.quantity>0.000000</in_Quantity.quantity><out_Quantity.quantity>361.429029</out_Quantity.quantity></Point><Point><position>11825</position><in_Quantity.quantity>0.000000</in_Quantity.quantity><out_Quantity.quantity>817.881698</out_Quantity.quantity></Point><Point><position>11826</position><in_Quantity.quantity>0.000000</in_Quantity.quantity><out_Quantity.quantity>36.937306</out_Quantity.quantity></Point><Point><position>11827</position><in_Quantity.quantity>0.000000</in_Quantity.quantity><out_Quantity.quantity>677.676650</out_Quantity.quantity></Point><Point><position>11828</position><in_Quantity.quantity>0.000000</in_Quantity.quantity><out_Quantity.quantity>320.905412</out_Quantity.quantity></Point><Point><position>11829</position><in_Quantity.quantity>0.000000</in_Quantity.quantity><out_Quantity.quantity>123.746063</out_Quantity.quantity></Point><Point><position>11830</position><in_Quantity.quantity>0.000000</in_Quantity.quantity><out_Quantity.quantity>626.587122</out_Quantity.quantity></Point><Point><position>11831</position><in_Quantity.quantity>0.000000</in_Quantity.quantity><out_Quantity.quantity>925.626036</out_Quantity.quantity></Point><Point><position>11832</position><in_Quantity.quantity>0.000000</in_Quantity.quantity><out_Quantity.quantity>986.047973</out_Quantity.quantity></Point><Point><position>11833</position><in_Quantity.quantity>0.000000</in_Quantity.quantity><out_Quantity.quantity>712.774431</out_Quantity.quantity></Point><Point><position>11834</position><in_Quantity.quantity>0.000000</in_Quantity.quantity><out_Quantity.quantity>939.115201</out_Quantity.quantity></Point><Point><position>11835</position><in_Quantity.quantity>0.000000</in_Quantity.quantity><out_Quantity.quantity>687.746086</out_Quantity.quantity></Point><Point><position>11836</position><in_Quantity.quantity>0.000000</in_Quantity.quantity><out_Quantity.quantity>680.677081</out_Quantity.quantity></Point><Point><position>11837</position><in_Quantity.quantity>0.000000</in_Quantity.quantity><out_Quantity.quantity>980.388014</out_Quantity.quantity></Point><Point><position>11838</position><in_Quantity.quantity>0.000000</in_Quantity.quantity><out_Quantity.quantity>458.973255</out_Quantity.quantity></Point><Point><position>11839</position><in_Quantity.quantity>0.000000</in_Quantity.quantity><out_Quantity.quantity>185.608769</out_Quantity.quantity></Point><Point><position>11840</position><in_Quantity.quantity>0.000000</in_Quantity.quantity><out_Quantity.quantity>680.471497</out_Quantity.quantity></Point><Point><position>11841</position><in_Quantity.quantity>0.000000</in_Quantity.quantity><out_Quantity.quantity>984.641578</out_Quantity.quantity></Point><Point><position>11842</position><in_Quantity.quantity>0.000000</in_Quantity.quantity><out_Quantity.quantity>30.929484</out_Quantity.quantity></Point><Point><position>11843</position><in_Quantity.quantity>0.000000</in_Quantity.quantity><out_Quantity.quantity>568.929665</out_Quantity.quantity></Point><Point><position>11844</position><in_Quantity.quantity>0.000000</in_Quantity.quantity><out_Quantity.quantity>523.951755</out_Quantity.quantity></Point><Point><position>11845</position><in_Quantity.quantity>0.000000</in_Quantity.quantity><out_Quantity.quantity>330.291894</out_Quantity.quantity></Point><Point><position>11846</position><in_Quantity.quantity>0.000000</in_Quantity.quantity><out_Quantity.quantity>879.580313</out_Quantity.quantity></Point><Point><position>11847</position><in_Quantity.quantity>0.000000</in_Quantity.quantity><out_Quantity.quantity>212.250427</out_Quantity.quantity></Point><Point><position>11848</position><in_Quantity.quantity>0.000000</in_Quantity.quantity><out_Quantity.quantity>924.188570</out_Quantity.quantity></Point><Point><position>11849</position><in_Quantity.quantity>0.000000</in_Quantity.quantity><out_Quantity.quantity>213.384226</out_Quantity.quantity></Point><Point><position>11850</position><in_Quantity.quantity>0.000000</in_Quantity.quantity><out_Quantity.quantity>391.778858</out_Quantity.quantity></Point><Point><position>11851</position><in_Quantity.quantity>0.000000</in_Quantity.quantity><out_Quantity.quantity>604.058313</out_Quantity.quantity></Point><Point><position>11852</position><in_Quantity.quantity>0.000000</in_Quantity.quantity><out_Quantity.quantity>150.078028</out_Quantity.quantity></Point><Point><position>11853</position><in_Quantity.quantity>0.000000</in_Quantity.quantity><out_Quantity.quantity>499.210204</out_Quantity.quantity></Point><Point><position>11854</position><in_Quantity.quantity>0.000000</in_Quantity.quantity><out_Quantity.quantity>423.214352</out_Quantity.quantity></Point><Point><position>11855</position><in_Quantity.quantity>0.000000</in_Quantity.quantity><out_Quantity.quantity>177.413945</out_Quantity.quantity></Point><Point><position>11856</position><in_Quantity.quantity>0.000000</in_Quantity.quantity><out_Quantity.quantity>523.801728</out_Quantity.quantity></Point><Point><position>11857</position><in_Quantity.quantity>0.000000</in_Quantity.quantity><out_Quantity.quantity>535.075425</out_Quantity.quantity></Point><Point><position>11858</position><in_Quantity.quantity>0.000000</in_Quantity.quantity><out_Quantity.quantity>21.410675</out_Quantity.quantity></Point><Point><position>11859</position><in_Quantity.quantity>0.000000</in_Quantity.quantity><out_Quantity.quantity>937.563587</out_Quantity.quantity></Point><Point><position>11860</position><in_Quantity.quantity>0.000000</in_Quantity.quantity><out_Quantity.quantity>892.105833</out_Quantity.quantity></Point><Point><position>11861</position><in_Quantity.quantity>0.000000</in_Quantity.quantity><out_Quantity.quantity>686.483310</out_Quantity.quantity></Point><Point><position>11862</position><in_Quantity.quantity>0.000000</in_Quantity.quantity><out_Quantity.quantity>874.817457</out_Quantity.quantity></Point><Point><position>11863</position><in_Quantity.quantity>0.000000</in_Quantity.quantity><out_Quantity.quantity>208.388244</out_Quantity.quantity></Point><Point><position>11864</position><in_Quantity.quantity>0.000000</in_Quantity.quantity><out_Quantity.quantity>409.407189</out_Quantity.quantity></Point><Point><position>11865</position><in_Quantity.quantity>0.000000</in_Quantity.quantity><out_Quantity.quantity>609.712604</out_Quantity.quantity></Point><Point><position>11866</position><in_Quantity.quantity>0.000000</in_Quantity.quantity><out_Quantity.quantity>868.025879</out_Quantity.quantity></Point><Point><position>11867</position><in_Quantity.quantity>0.000000</in_Quantity.quantity><out_Quantity.quantity>464.399461</out_Quantity.quantity></Point><Point><position>11868</position><in_Quantity.quantity>0.000000</in_Quantity.quantity><out_Quantity.quantity>694.574980</out_Quantity.quantity></Point><Point><position>11869</position><in_Quantity.quantity>0.000000</in_Quantity.quantity><out_Quantity.quantity>123.533519</out_Quantity.quantity></Point><Point><position>11870</position><in_Quantity.quantity>0.000000</in_Quantity.quantity><out_Quantity.quantity>361.200753</out_Quantity.quantity></Point><Point><position>11871</position><in_Quantity.quantity>0.000000</in_Quantity.quantity><out_Quantity.quantity>558.623345</out_Quantity.quantity></Point><Point><position>11872</position><in_Quantity.quantity>0.000000</in_Quantity.quantity><out_Quantity.quantity>117.274906</out_Quantity.quantity></Point><Point><position>11873</position><in_Quantity.quantity>0.000000</in_Quantity.quantity><out_Quantity.quantity>565.303125</out_Quantity.quantity></Point><Point><position>11874</position><in_Quantity.quantity>0.000000</in_Quantity.quantity><out_Quantity.quantity>553.684487</out_Quantity.quantity></Point><Point><position>11875</position><in_Quantity.quantity>0.000000</in_Quantity.quantity><out_Quantity.quantity>261.557410</out_Quantity.quantity></Point><Point><position>11876</position><in_Quantity.quantity>0.000000</in_Quantity.quantity><out_Quantity.quantity>370.878889</out_Quantity.quantity></Point><Point><position>11877</position><in_Quantity.quantity>0.000000</in_Quantity.quantity><out_Quantity.quantity>317.156757</out_Quantity.quantity></Point><Point><position>11878</position><in_Quantity.quantity>0.000000</in_Quantity.quantity><out_Quantity.quantity>332.096380</out_Quantity.quantity></Point><Point><position>11879</position><in_Quantity.quantity>0.000000</in_Quantity.quantity><out_Quantity.quantity>219.474936</out_Quantity.quantity></Point><Point><position>11880</position><in_Quantity.quantity>0.000000</in_Quantity.quantity><out_Quantity.quantity>327.133084</out_Quantity.quantity></Point><Point><position>11881</position><in_Quantity.quantity>0.000000</in_Quantity.quantity><out_Quantity.quantity>49.154905</out_Quantity.quantity></Point><Point><position>11882</position><in_Quantity.quantity>0.000000</in_Quantity.quantity><out_Quantity.quantity>888.074870</out_Quantity.quantity></Point><Point><position>11883</position><in_Quantity.quantity>0.000000</in_Quantity.quantity><out_Quantity.quantity>588.690201</out_Quantity.quantity></Point><Point><position>11884</position><in_Quantity.quantity>0.000000</in_Quantity.quantity><out_Quantity.quantity>986.928109</out_Quantity.quantity></Point><Point><position>11885</position><in_Quantity.quantity>0.000000</in_Quantity.quantity><out_Quantity.quantity>27.139678</out_Quantity.quantity></Point><Point><position>11886</position><in_Quantity.quantity>0.000000</in_Quantity.quantity><out_Quantity.quantity>906.283370</out_Quantity.quantity></Point><Point><position>11887</position><in_Quantity.quantity>0.000000</in_Quantity.quantity><out_Quantity.quantity>467.775854</out_Quantity.quantity></Point><Point><position>11888</position><in_Quantity.quantity>0.000000</in_Quantity.quantity><out_Quantity.quantity>909.737208</out_Quantity.quantity></Point><Point><position>11889</position><in_Quantity.quantity>0.000000</in_Quantity.quantity><out_Quantity.quantity>360.817853</out_Quantity.quantity></Point><Point><position>11890</position><in_Quantity.quantity>0.000000</in_Quantity.quantity><out_Quantity.quantity>850.568215</out_Quantity.quantity></Point><Point><position>11891</position><in_Quantity.quantity>0.000000</in_Quantity.quantity><out_Quantity.quantity>126.281811</out_Quantity.quantity></Point><Point><position>11892</position><in_Quantity.quantity>0.000000</in_Quantity.quantity><out_Quantity.quantity>483.874434</out_Quantity.quantity></Point><Point><position>11893</position><in_Quantity.quantity>0.000000</in_Quantity.quantity><out_Quantity.quantity>559.631568</out_Quantity.quantity></Point><Point><position>11894</position><in_Quantity.quantity>0.000000</in_Quantity.quantity><out_Quantity.quantity>258.319314</out_Quantity.quantity></Point><Point><position>11895</position><in_Quantity.quantity>0.000000</in_Quantity.quantity><out_Quantity.quantity>9.403083</out_Quantity.quantity></Point><Point><position>11896</position><in_Quantity.quantity>0.000000</in_Quantity.quantity><out_Quantity.quantity>554.304218</out_Quantity.quantity></Point><Point><position>11897</position><in_Quantity.quantity>0.000000</in_Quantity.quantity><out_Quantity.quantity>541.240400</out_Quantity.quantity></Point><Point><position>11898</position><in_Quantity.quantity>0.000000</in_Quantity.quantity><out_Quantity.quantity>333.330406</out_Quantity.quantity></Point><Point><position>11899</position><in_Quantity.quantity>0.000000</in_Quantity.quantity><out_Quantity.quantity>423.432259</out_Quantity.quantity></Point><Point><position>11900</position><in_Quantity.quantity>0.000000</in_Quantity.quantity><out_Quantity.quantity>118.123609</out_Quantity.quantity></Point><Point><position>11901</position><in_Quantity.quantity>0.000000</in_Quantity.quantity><out_Quantity.quantity>421.617913</out_Quantity.quantity></Point><Point><position>11902</position><in_Quantity.quantity>0.000000</in_Quantity.quantity><out_Quantity.quantity>637.262218</out_Quantity.quantity></Point><Point><position>11903</position><in_Quantity.quantity>0.000000</in_Quantity.quantity><out_Quantity.quantity>944.977513</out_Quantity.quantity></Point><Point><position>11904</position><in_Quantity.quantity>0.000000</in_Quantity.quantity><out_Quantity.quantity>603.914371</out_Quantity.quantity></Point><Point><position>11905</position><in_Quantity.quantity>0.000000</in_Quantity.quantity><out_Quantity.quantity>802.711733</out_Quantity.quantity></Point><Point><position>11906</position><in_Quantity.quantity>0.000000</in_Quantity.quantity><out_Quantity.quantity>347.714257</out_Quantity.quantity></Point><Point><position>11907</position><in_Quantity.quantity>0.000000</in_Quantity.quantity><out_Quantity.quantity>994.352194</out_Quantity.quantity></Point><Point><position>11908</position><in_Quantity.quantity>0.000000</in_Quantity.quantity><out_Quantity.quantity>520.189345</out_Quantity.quantity></Point><Point><position>11909</position><in_Quantity.quantity>0.000000</in_Quantity.quantity><out_Quantity.quantity>794.447581</out_Quantity.quantity></Point><Point><position>11910</position><in_Quantity.quantity>0.000000</in_Quantity.quantity><out_Quantity.quantity>504.059636</out_Quantity.quantity></Point><Point><position>11911</position><in_Quantity.quantity>0.000000</in_Quantity.quantity><out_Quantity.quantity>15.495807</out_Quantity.quantity></Point><Point><position>11912</position><in_Quantity.quantity>0.000000</in_Quantity.quantity><out_Quantity.quantity>92.600351</out_Quantity.quantity></Point><Point><position>11913</position><in_Quantity.quantity>0.000000</in_Quantity.quantity><out_Quantity.quantity>755.390819</out_Quantity.quantity></Point><Point><position>11914</position><in_Quantity.quantity>0.000000</in_Quantity.quantity><out_Quantity.quantity>53.023952</out_Quantity.quantity></Point><Point><position>11915</position><in_Quantity.quantity>0.000000</in_Quantity.quantity><out_Quantity.quantity>26.841818</out_Quantity.quantity></Point><Point><position>11916</position><in_Quantity.quantity>0.000000</in_Quantity.quantity><out_Quantity.quantity>329.517460</out_Quantity.quantity></Point><Point><position>11917</position><in_Quantity.quantity>0.000000</in_Quantity.quantity><out_Quantity.quantity>265.770783</out_Quantity.quantity></Point><Point><position>11918</position><in_Quantity.quantity>0.000000</in_Quantity.quantity><out_Quantity.quantity>166.577739</out_Quantity.quantity></Point><Point><position>11919</position><in_Quantity.quantity>0.000000</in_Quantity.quantity><out_Quantity.quantity>30.479958</out_Quantity.quantity></Point><Point><position>11920</position><in_Quantity.quantity>0.000000</in_Quantity.quantity><out_Quantity.quantity>993.621396</out_Quantity.quantity></Point><Point><position>11921</position><in_Quantity.quantity>0.000000</in_Quantity.quantity><out_Quantity.quantity>329.784791</out_Quantity.quantity></Point><Point><position>11922</position><in_Quantity.quantity>0.000000</in_Quantity.quantity><out_Quantity.quantity>418.199653</out_Quantity.quantity></Point><Point><position>11923</position><in_Quantity.quantity>0.000000</in_Quantity.quantity><out_Quantity.quantity>916.016737</out_Quantity.quantity></Point><Point><position>11924</position><in_Quantity.quantity>0.000000</in_Quantity.quantity><out_Quantity.quantity>760.777085</out_Quantity.quantity></Point><Point><position>11925</position><in_Quantity.quantity>0.000000</in_Quantity.quantity><out_Quantity.quantity>569.398123</out_Quantity.quantity></Point><Point><position>11926</position><in_Quantity.quantity>0.000000</in_Quantity.quantity><out_Quantity.quantity>636.822917</out_Quantity.quantity></Point><Point><position>11927</position><in_Quantity.quantity>0.000000</in_Quantity.quantity><out_Quantity.quantity>301.285112</out_Quantity.quantity></Point><Point><position>11928</position><in_Quantity.quantity>0.000000</in_Quantity.quantity><out_Quantity.quantity>851.778201</out_Quantity.quantity></Point><Point><position>11929</position><in_Quantity.quantity>0.000000</in_Quantity.quantity><out_Quantity.quantity>883.515630</out_Quantity.quantity></Point><Point><position>11930</position><in_Quantity.quantity>0.000000</in_Quantity.quantity><out_Quantity.quantity>583.104321</out_Quantity.quantity></Point><Point><position>11931</position><in_Quantity.quantity>0.000000</in_Quantity.quantity><out_Quantity.quantity>968.925748</out_Quantity.quantity></Point><Point><position>11932</position><in_Quantity.quantity>0.000000</in_Quantity.quantity><out_Quantity.quantity>864.983398</out_Quantity.quantity></Point><Point><position>11933</position><in_Quantity.quantity>0.000000</in_Quantity.quantity><out_Quantity.quantity>443.586719</out_Quantity.quantity></Point><Point><position>11934</position><in_Quantity.quantity>0.000000</in_Quantity.quantity><out_Quantity.quantity>354.305030</out_Quantity.quantity></Point><Point><position>11935</position><in_Quantity.quantity>0.000000</in_Quantity.quantity><out_Quantity.quantity>797.887413</out_Quantity.quantity></Point><Point><position>11936</position><in_Quantity.quantity>0.000000</in_Quantity.quantity><out_Quantity.quantity>49.172653</out_Quantity.quantity></Point><Point><position>11937</position><in_Quantity.quantity>0.000000</in_Quantity.quantity><out_Quantity.quantity>49.430966</out_Quantity.quantity></Point><Point><position>11938</position><in_Quantity.quantity>0.000000</in_Quantity.quantity><out_Quantity.quantity>197.286976</out_Quantity.quantity></Point><Point><position>11939</position><in_Quantity.quantity>0.000000</in_Quantity.quantity><out_Quantity.quantity>964.343005</out_Quantity.quantity></Point><Point><position>11940</position><in_Quantity.quantity>0.000000</in_Quantity.quantity><out_Quantity.quantity>124.468578</out_Quantity.quantity></Point><Point><position>11941</position><in_Quantity.quantity>0.000000</in_Quantity.quantity><out_Quantity.quantity>280.851019</out_Quantity.quantity></Point><Point><position>11942</position><in_Quantity.quantity>0.000000</in_Quantity.quantity><out_Quantity.quantity>398.996337</out_Quantity.quantity></Point><Point><position>11943</position><in_Quantity.quantity>0.000000</in_Quantity.quantity><out_Quantity.quantity>152.695315</out_Quantity.quantity></Point><Point><position>11944</position><in_Quantity.quantity>0.000000</in_Quantity.quantity><out_Quantity.quantity>859.085102</out_Quantity.quantity></Point><Point><position>11945</position><in_Quantity.quantity>0.000000</in_Quantity.quantity><out_Quantity.quantity>83.785836</out_Quantity.quantity></Point><Point><position>11946</position><in_Quantity.quantity>0.000000</in_Quantity.quantity><out_Quantity.quantity>824.655400</out_Quantity.quantity></Point><Point><position>11947</position><in_Quantity.quantity>0.000000</in_Quantity.quantity><out_Quantity.quantity>262.861944</out_Quantity.quantity></Point><Point><position>11948</position><in_Quantity.quantity>0.000000</in_Quantity.quantity><out_Quantity.quantity>425.655736</out_Quantity.quantity></Point><Point><position>11949</position><in_Quantity.quantity>0.000000</in_Quantity.quantity><out_Quantity.quantity>789.140268</out_Quantity.quantity></Point><Point><position>11950</position><in_Quantity.quantity>0.000000</in_Quantity.quantity><out_Quantity.quantity>397.777488</out_Quantity.quantity></Point><Point><position>11951</position><in_Quantity.quantity>0.000000</in_Quantity.quantity><out_Quantity.quantity>212.780328</out_Quantity.quantity></Point><Point><position>11952</position><in_Quantity.quantity>0.000000</in_Quantity.quantity><out_Quantity.quantity>554.956054</out_Quantity.quantity></Point><Point><position>11953</position><in_Quantity.quantity>0.000000</in_Quantity.quantity><out_Quantity.quantity>769.758604</out_Quantity.quantity></Point><Point><position>11954</position><in_Quantity.quantity>0.000000</in_Quantity.quantity><out_Quantity.quantity>616.409720</out_Quantity.quantity></Point><Point><position>11955</position><in_Quantity.quantity>0.000000</in_Quantity.quantity><out_Quantity.quantity>696.128837</out_Quantity.quantity></Point><Point><position>11956</position><in_Quantity.quantity>0.000000</in_Quantity.quantity><out_Quantity.quantity>107.091001</out_Quantity.quantity></Point><Point><position>11957</position><in_Quantity.quantity>0.000000</in_Quantity.quantity><out_Quantity.quantity>743.175514</out_Quantity.quantity></Point><Point><position>11958</position><in_Quantity.quantity>0.000000</in_Quantity.quantity><out_Quantity.quantity>710.780969</out_Quantity.quantity></Point><Point><position>11959</position><in_Quantity.quantity>0.000000</in_Quantity.quantity><out_Quantity.quantity>725.931036</out_Quantity.quantity></Point><Point><position>11960</position><in_Quantity.quantity>0.000000</in_Quantity.quantity><out_Quantity.quantity>604.000074</out_Quantity.quantity></Point><Point><position>11961</position><in_Quantity.quantity>0.000000</in_Quantity.quantity><out_Quantity.quantity>595.592927</out_Quantity.quantity></Point><Point><position>11962</position><in_Quantity.quantity>0.000000</in_Quantity.quantity><out_Quantity.quantity>927.744181</out_Quantity.quantity></Point><Point><position>11963</position><in_Quantity.quantity>0.000000</in_Quantity.quantity><out_Quantity.quantity>759.842247</out_Quantity.quantity></Point><Point><position>11964</position><in_Quantity.quantity>0.000000</in_Quantity.quantity><out_Quantity.quantity>654.583690</out_Quantity.quantity></Point><Point><position>11965</position><in_Quantity.quantity>0.000000</in_Quantity.quantity><out_Quantity.quantity>391.092352</out_Quantity.quantity></Point><Point><position>11966</position><in_Quantity.quantity>0.000000</in_Quantity.quantity><out_Quantity.quantity>153.518219</out_Quantity.quantity></Point><Point><position>11967</position><in_Quantity.quantity>0.000000</in_Quantity.quantity><out_Quantity.quantity>854.969282</out_Quantity.quantity></Point><Point><position>11968</position><in_Quantity.quantity>0.000000</in_Quantity.quantity><out_Quantity.quantity>315.207221</out_Quantity.quantity></Point><Point><position>11969</position><in_Quantity.quantity>0.000000</in_Quantity.quantity><out_Quantity.quantity>525.163232</out_Quantity.quantity></Point><Point><position>11970</position><in_Quantity.quantity>0.000000</in_Quantity.quantity><out_Quantity.quantity>23.346099</out_Quantity.quantity></Point><Point><position>11971</position><in_Quantity.quantity>0.000000</in_Quantity.quantity><out_Quantity.quantity>180.389114</out_Quantity.quantity></Point><Point><position>11972</position><in_Quantity.quantity>0.000000</in_Quantity.quantity><out_Quantity.quantity>904.237345</out_Quantity.quantity></Point><Point><position>11973</position><in_Quantity.quantity>0.000000</in_Quantity.quantity><out_Quantity.quantity>6.040611</out_Quantity.quantity></Point><Point><position>11974</position><in_Quantity.quantity>0.000000</in_Quantity.quantity><out_Quantity.quantity>951.074730</out_Quantity.quantity></Point><Point><position>11975</position><in_Quantity.quantity>0.000000</in_Quantity.quantity><out_Quantity.quantity>973.681211</out_Quantity.quantity></Point><Point><position>11976</position><in_Quantity.quantity>0.000000</in_Quantity.quantity><out_Quantity.quantity>64.018819</out_Quantity.quantity></Point><Point><position>11977</position><in_Quantity.quantity>0.000000</in_Quantity.quantity><out_Quantity.quantity>597.122314</out_Quantity.quantity></Point><Point><position>11978</position><in_Quantity.quantity>0.000000</in_Quantity.quantity><out_Quantity.quantity>202.058763</out_Quantity.quantity></Point><Point><position>11979</position><in_Quantity.quantity>0.000000</in_Quantity.quantity><out_Quantity.quantity>420.439691</out_Quantity.quantity></Point><Point><position>11980</position><in_Quantity.quantity>0.000000</in_Quantity.quantity><out_Quantity.quantity>985.870715</out_Quantity.quantity></Point><Point><position>11981</position><in_Quantity.quantity>0.000000</in_Quantity.quantity><out_Quantity.quantity>358.737728</out_Quantity.quantity></Point><Point><position>11982</position><in_Quantity.quantity>0.000000</in_Quantity.quantity><out_Quantity.quantity>861.127182</out_Quantity.quantity></Point><Point><position>11983</position><in_Quantity.quantity>0.000000</in_Quantity.quantity><out_Quantity.quantity>969.693022</out_Quantity.quantity></Point><Point><position>11984</position><in_Quantity.quantity>0.000000</in_Quantity.quantity><out_Quantity.quantity>783.426257</out_Quantity.quantity></Point><Point><position>11985</position><in_Quantity.quantity>0.000000</in_Quantity.quantity><out_Quantity.quantity>472.804962</out_Quantity.quantity></Point><Point><position>11986</position><in_Quantity.quantity>0.000000</in_Quantity.quantity><out_Quantity.quantity>292.369903</out_Quantity.quantity></Point><Point><position>11987</position><in_Quantity.quantity>0.000000</in_Quantity.quantity><out_Quantity.quantity>582.264206</out_Quantity.quantity></Point><Point><position>11988</position><in_Quantity.quantity>0.000000</in_Quantity.quantity><out_Quantity.quantity>432.286121</out_Quantity.quantity></Point><Point><position>11989</position><in_Quantity.quantity>0.000000</in_Quantity.quantity><out_Quantity.quantity>181.915485</out_Quantity.quantity></Point><Point><position>11990</position><in_Quantity.quantity>0.000000</in_Quantity.quantity><out_Quantity.quantity>100.954243</out_Quantity.quantity></Point><Point><position>11991</position><in_Quantity.quantity>0.000000</in_Quantity.quantity><out_Quantity.quantity>441.692513</out_Quantity.quantity></Point><Point><position>11992</position><in_Quantity.quantity>0.000000</in_Quantity.quantity><out_Quantity.quantity>847.856024</out_Quantity.quantity></Point><Point><position>11993</position><in_Quantity.quantity>0.000000</in_Quantity.quantity><out_Quantity.quantity>156.571427</out_Quantity.quantity></Point><Point><position>11994</position><in_Quantity.quantity>0.000000</in_Quantity.quantity><out_Quantity.quantity>269.341767</out_Quantity.quantity></Point><Point><position>11995</position><in_Quantity.quantity>0.000000</in_Quantity.quantity><out_Quantity.quantity>425.094761</out_Quantity.quantity></Point><Point><position>11996</position><in_Quantity.quantity>0.000000</in_Quantity.quantity><out_Quantity.quantity>111.421217</out_Quantity.quantity></Point><Point><position>11997</position><in_Quantity.quantity>0.000000</in_Quantity.quantity><out_Quantity.quantity>947.059393</out_Quantity.quantity></Point><Point><position>11998</position><in_Quantity.quantity>0.000000</in_Quantity.quantity><out_Quantity.quantity>493.523681</out_Quantity.quantity></Point><Point><position>11999</position><in_Quantity.quantity>0.000000</in_Quantity.quantity><out_Quantity.quantity>887.836744</out_Quantity.quantity></Point><Point><position>12000</position><in_Quantity.quantity>0.000000</in_Quantity.quantity><out_Quantity.quantity>274.825588</out_Quantity.quantity></Point><Point><position>12001</position><in_Quantity.quantity>0.000000</in_Quantity.quantity><out_Quantity.quantity>358.414093</out_Quantity.quantity></Point><Point><position>12002</position><in_Quantity.quantity>0.000000</in_Quantity.quantity><out_Quantity.quantity>674.908990</out_Quantity.quantity></Point><Point><position>12003</position><in_Quantity.quantity>0.000000</in_Quantity.quantity><out_Quantity.quantity>121.348184</out_Quantity.quantity></Point><Point><position>12004</position><in_Quantity.quantity>0.000000</in_Quantity.quantity><out_Quantity.quantity>473.679682</out_Quantity.quantity></Point><Point><position>12005</position><in_Quantity.quantity>0.000000</in_Quantity.quantity><out_Quantity.quantity>374.171135</out_Quantity.quantity></Point><Point><position>12006</position><in_Quantity.quantity>0.000000</in_Quantity.quantity><out_Quantity.quantity>943.465126</out_Quantity.quantity></Point><Point><position>12007</position><in_Quantity.quantity>0.000000</in_Quantity.quantity><out_Quantity.quantity>343.558100</out_Quantity.quantity></Point><Point><position>12008</position><in_Quantity.quantity>0.000000</in_Quantity.quantity><out_Quantity.quantity>660.002990</out_Quantity.quantity></Point><Point><position>12009</position><in_Quantity.quantity>0.000000</in_Quantity.quantity><out_Quantity.quantity>147.816022</out_Quantity.quantity></Point><Point><position>12010</position><in_Quantity.quantity>0.000000</in_Quantity.quantity><out_Quantity.quantity>72.250395</out_Quantity.quantity></Point><Point><position>12011</position><in_Quantity.quantity>0.000000</in_Quantity.quantity><out_Quantity.quantity>84.372558</out_Quantity.quantity></Point><Point><position>12012</position><in_Quantity.quantity>0.000000</in_Quantity.quantity><out_Quantity.quantity>437.702311</out_Quantity.quantity></Point><Point><position>12013</position><in_Quantity.quantity>0.000000</in_Quantity.quantity><out_Quantity.quantity>836.672098</out_Quantity.quantity></Point><Point><position>12014</position><in_Quantity.quantity>0.000000</in_Quantity.quantity><out_Quantity.quantity>303.350428</out_Quantity.quantity></Point><Point><position>12015</position><in_Quantity.quantity>0.000000</in_Quantity.quantity><out_Quantity.quantity>225.171289</out_Quantity.quantity></Point><Point><position>12016</position><in_Quantity.quantity>0.000000</in_Quantity.quantity><out_Quantity.quantity>326.301867</out_Quantity.quantity></Point><Point><position>12017</position><in_Quantity.quantity>0.000000</in_Quantity.quantity><out_Quantity.quantity>610.040427</out_Quantity.quantity></Point><Point><position>12018</position><in_Quantity.quantity>0.000000</in_Quantity.quantity><out_Quantity.quantity>657.879566</out_Quantity.quantity></Point><Point><position>12019</position><in_Quantity.quantity>0.000000</in_Quantity.quantity><out_Quantity.quantity>775.956804</out_Quantity.quantity></Point><Point><position>12020</position><in_Quantity.quantity>0.000000</in_Quantity.quantity><out_Quantity.quantity>82.219507</out_Quantity.quantity></Point><Point><position>12021</position><in_Quantity.quantity>0.000000</in_Quantity.quantity><out_Quantity.quantity>988.104137</out_Quantity.quantity></Point><Point><position>12022</position><in_Quantity.quantity>0.000000</in_Quantity.quantity><out_Quantity.quantity>260.925215</out_Quantity.quantity></Point><Point><position>12023</position><in_Quantity.quantity>0.000000</in_Quantity.quantity><out_Quantity.quantity>106.408528</out_Quantity.quantity></Point><Point><position>12024</position><in_Quantity.quantity>0.000000</in_Quantity.quantity><out_Quantity.quantity>176.010613</out_Quantity.quantity></Point><Point><position>12025</position><in_Quantity.quantity>0.000000</in_Quantity.quantity><out_Quantity.quantity>37.870606</out_Quantity.quantity></Point><Point><position>12026</position><in_Quantity.quantity>0.000000</in_Quantity.quantity><out_Quantity.quantity>605.037378</out_Quantity.quantity></Point><Point><position>12027</position><in_Quantity.quantity>0.000000</in_Quantity.quantity><out_Quantity.quantity>336.308726</out_Quantity.quantity></Point><Point><position>12028</position><in_Quantity.quantity>0.000000</in_Quantity.quantity><out_Quantity.quantity>427.084294</out_Quantity.quantity></Point><Point><position>12029</position><in_Quantity.quantity>0.000000</in_Quantity.quantity><out_Quantity.quantity>588.143385</out_Quantity.quantity></Point><Point><position>12030</position><in_Quantity.quantity>0.000000</in_Quantity.quantity><out_Quantity.quantity>422.086143</out_Quantity.quantity></Point><Point><position>12031</position><in_Quantity.quantity>0.000000</in_Quantity.quantity><out_Quantity.quantity>861.457465</out_Quantity.quantity></Point><Point><position>12032</position><in_Quantity.quantity>0.000000</in_Quantity.quantity><out_Quantity.quantity>941.241645</out_Quantity.quantity></Point><Point><position>12033</position><in_Quantity.quantity>0.000000</in_Quantity.quantity><out_Quantity.quantity>394.109699</out_Quantity.quantity></Point><Point><position>12034</position><in_Quantity.quantity>0.000000</in_Quantity.quantity><out_Quantity.quantity>202.889131</out_Quantity.quantity></Point><Point><position>12035</position><in_Quantity.quantity>0.000000</in_Quantity.quantity><out_Quantity.quantity>412.990006</out_Quantity.quantity></Point><Point><position>12036</position><in_Quantity.quantity>0.000000</in_Quantity.quantity><out_Quantity.quantity>600.998110</out_Quantity.quantity></Point><Point><position>12037</position><in_Quantity.quantity>0.000000</in_Quantity.quantity><out_Quantity.quantity>636.115503</out_Quantity.quantity></Point><Point><position>12038</position><in_Quantity.quantity>0.000000</in_Quantity.quantity><out_Quantity.quantity>941.964368</out_Quantity.quantity></Point><Point><position>12039</position><in_Quantity.quantity>0.000000</in_Quantity.quantity><out_Quantity.quantity>645.561876</out_Quantity.quantity></Point><Point><position>12040</position><in_Quantity.quantity>0.000000</in_Quantity.quantity><out_Quantity.quantity>687.335089</out_Quantity.quantity></Point><Point><position>12041</position><in_Quantity.quantity>0.000000</in_Quantity.quantity><out_Quantity.quantity>433.302244</out_Quantity.quantity></Point><Point><position>12042</position><in_Quantity.quantity>0.000000</in_Quantity.quantity><out_Quantity.quantity>246.533973</out_Quantity.quantity></Point><Point><position>12043</position><in_Quantity.quantity>0.000000</in_Quantity.quantity><out_Quantity.quantity>432.619353</out_Quantity.quantity></Point><Point><position>12044</position><in_Quantity.quantity>0.000000</in_Quantity.quantity><out_Quantity.quantity>440.905740</out_Quantity.quantity></Point><Point><position>12045</position><in_Quantity.quantity>0.000000</in_Quantity.quantity><out_Quantity.quantity>258.258312</out_Quantity.quantity></Point><Point><position>12046</position><in_Quantity.quantity>0.000000</in_Quantity.quantity><out_Quantity.quantity>134.944022</out_Quantity.quantity></Point><Point><position>12047</position><in_Quantity.quantity>0.000000</in_Quantity.quantity><out_Quantity.quantity>60.717679</out_Quantity.quantity></Point><Point><position>12048</position><in_Quantity.quantity>0.000000</in_Quantity.quantity><out_Quantity.quantity>810.661572</out_Quantity.quantity></Point><Point><position>12049</position><in_Quantity.quantity>0.000000</in_Quantity.quantity><out_Quantity.quantity>977.521303</out_Quantity.quantity></Point><Point><position>12050</position><in_Quantity.quantity>0.000000</in_Quantity.quantity><out_Quantity.quantity>303.336475</out_Quantity.quantity></Point><Point><position>12051</position><in_Quantity.quantity>0.000000</in_Quantity.quantity><out_Quantity.quantity>518.391906</out_Quantity.quantity></Point><Point><position>12052</position><in_Quantity.quantity>0.000000</in_Quantity.quantity><out_Quantity.quantity>301.413496</out_Quantity.quantity></Point><Point><position>12053</position><in_Quantity.quantity>0.000000</in_Quantity.quantity><out_Quantity.quantity>534.664030</out_Quantity.quantity></Point><Point><position>12054</position><in_Quantity.quantity>0.000000</in_Quantity.quantity><out_Quantity.quantity>795.978420</out_Quantity.quantity></Point><Point><position>12055</position><in_Quantity.quantity>0.000000</in_Quantity.quantity><out_Quantity.quantity>233.084605</out_Quantity.quantity></Point><Point><position>12056</position><in_Quantity.quantity>0.000000</in_Quantity.quantity><out_Quantity.quantity>450.304628</out_Quantity.quantity></Point><Point><position>12057</position><in_Quantity.quantity>0.000000</in_Quantity.quantity><out_Quantity.quantity>997.938859</out_Quantity.quantity></Point><Point><position>12058</position><in_Quantity.quantity>0.000000</in_Quantity.quantity><out_Quantity.quantity>184.567024</out_Quantity.quantity></Point><Point><position>12059</position><in_Quantity.quantity>0.000000</in_Quantity.quantity><out_Quantity.quantity>133.302089</out_Quantity.quantity></Point><Point><position>12060</position><in_Quantity.quantity>0.000000</in_Quantity.quantity><out_Quantity.quantity>100.636621</out_Quantity.quantity></Point><Point><position>12061</position><in_Quantity.quantity>0.000000</in_Quantity.quantity><out_Quantity.quantity>423.036001</out_Quantity.quantity></Point><Point><position>12062</position><in_Quantity.quantity>0.000000</in_Quantity.quantity><out_Quantity.quantity>225.957159</out_Quantity.quantity></Point><Point><position>12063</position><in_Quantity.quantity>0.000000</in_Quantity.quantity><out_Quantity.quantity>697.193794</out_Quantity.quantity></Point><Point><position>12064</position><in_Quantity.quantity>0.000000</in_Quantity.quantity><out_Quantity.quantity>546.157772</out_Quantity.quantity></Point><Point><position>12065</position><in_Quantity.quantity>0.000000</in_Quantity.quantity><out_Quantity.quantity>166.889367</out_Quantity.quantity></Point><Point><position>12066</position><in_Quantity.quantity>0.000000</in_Quantity.quantity><out_Quantity.quantity>251.725035</out_Quantity.quantity></Point><Point><position>12067</position><in_Quantity.quantity>0.000000</in_Quantity.quantity><out_Quantity.quantity>766.564042</out_Quantity.quantity></Point><Point><position>12068</position><in_Quantity.quantity>0.000000</in_Quantity.quantity><out_Quantity.quantity>102.833663</out_Quantity.quantity></Point><Point><position>12069</position><in_Quantity.quantity>0.000000</in_Quantity.quantity><out_Quantity.quantity>37.866182</out_Quantity.quantity></Point><Point><position>12070</position><in_Quantity.quantity>0.000000</in_Quantity.quantity><out_Quantity.quantity>683.995663</out_Quantity.quantity></Point><Point><position>12071</position><in_Quantity.quantity>0.000000</in_Quantity.quantity><out_Quantity.quantity>26.744744</out_Quantity.quantity></Point><Point><position>12072</position><in_Quantity.quantity>0.000000</in_Quantity.quantity><out_Quantity.quantity>734.594880</out_Quantity.quantity></Point><Point><position>12073</position><in_Quantity.quantity>0.000000</in_Quantity.quantity><out_Quantity.quantity>746.612092</out_Quantity.quantity></Point><Point><position>12074</position><in_Quantity.quantity>0.000000</in_Quantity.quantity><out_Quantity.quantity>472.114227</out_Quantity.quantity></Point><Point><position>12075</position><in_Quantity.quantity>0.000000</in_Quantity.quantity><out_Quantity.quantity>547.708324</out_Quantity.quantity></Point><Point><position>12076</position><in_Quantity.quantity>0.000000</in_Quantity.quantity><out_Quantity.quantity>45.874291</out_Quantity.quantity></Point><Point><position>12077</position><in_Quantity.quantity>0.000000</in_Quantity.quantity><out_Quantity.quantity>207.152605</out_Quantity.quantity></Point><Point><position>12078</position><in_Quantity.quantity>0.000000</in_Quantity.quantity><out_Quantity.quantity>226.806272</out_Quantity.quantity></Point><Point><position>12079</position><in_Quantity.quantity>0.000000</in_Quantity.quantity><out_Quantity.quantity>928.554097</out_Quantity.quantity></Point><Point><position>12080</position><in_Quantity.quantity>0.000000</in_Quantity.quantity><out_Quantity.quantity>336.520596</out_Quantity.quantity></Point><Point><position>12081</position><in_Quantity.quantity>0.000000</in_Quantity.quantity><out_Quantity.quantity>934.782905</out_Quantity.quantity></Point><Point><position>12082</position><in_Quantity.quantity>0.000000</in_Quantity.quantity><out_Quantity.quantity>550.590512</out_Quantity.quantity></Point><Point><position>12083</position><in_Quantity.quantity>0.000000</in_Quantity.quantity><out_Quantity.quantity>395.202421</out_Quantity.quantity></Point><Point><position>12084</position><in_Quantity.quantity>0.000000</in_Quantity.quantity><out_Quantity.quantity>779.233371</out_Quantity.quantity></Point><Point><position>12085</position><in_Quantity.quantity>0.000000</in_Quantity.quantity><out_Quantity.quantity>173.590028</out_Quantity.quantity></Point><Point><position>12086</position><in_Quantity.quantity>0.000000</in_Quantity.quantity><out_Quantity.quantity>175.161256</out_Quantity.quantity></Point><Point><position>12087</position><in_Quantity.quantity>0.000000</in_Quantity.quantity><out_Quantity.quantity>494.599870</out_Quantity.quantity></Point><Point><position>12088</position><in_Quantity.quantity>0.000000</in_Quantity.quantity><out_Quantity.quantity>483.001845</out_Quantity.quantity></Point><Point><position>12089</position><in_Quantity.quantity>0.000000</in_Quantity.quantity><out_Quantity.quantity>266.430451</out_Quantity.quantity></Point><Point><position>12090</position><in_Quantity.quantity>0.000000</in_Quantity.quantity><out_Quantity.quantity>69.281870</out_Quantity.quantity></Point><Point><position>12091</position><in_Quantity.quantity>0.000000</in_Quantity.quantity><out_Quantity.quantity>628.695031</out_Quantity.quantity></Point><Point><position>12092</position><in_Quantity.quantity>0.000000</in_Quantity.quantity><out_Quantity.quantity>908.717780</out_Quantity.quantity></Point><Point><position>12093</position><in_Quantity.quantity>0.000000</in_Quantity.quantity><out_Quantity.quantity>230.521817</out_Quantity.quantity></Point><Point><position>12094</position><in_Quantity.quantity>0.000000</in_Quantity.quantity><out_Quantity.quantity>203.801331</out_Quantity.quantity></Point><Point><position>12095</position><in_Quantity.quantity>0.000000</in_Quantity.quantity><out_Quantity.quantity>1.520390</out_Quantity.quantity></Point><Point><position>12096</position><in_Quantity.quantity>0.000000</in_Quantity.quantity><out_Quantity.quantity>456.524946</out_Quantity.quantity></Point><Point><position>12097</position><in_Quantity.quantity>0.000000</in_Quantity.quantity><out_Quantity.quantity>760.773608</out_Quantity.quantity></Point><Point><position>12098</position><in_Quantity.quantity>0.000000</in_Quantity.quantity><out_Quantity.quantity>389.444894</out_Quantity.quantity></Point><Point><position>12099</position><in_Quantity.quantity>0.000000</in_Quantity.quantity><out_Quantity.quantity>38.369596</out_Quantity.quantity></Point><Point><position>12100</position><in_Quantity.quantity>0.000000</in_Quantity.quantity><out_Quantity.quantity>369.433102</out_Quantity.quantity></Point><Point><position>12101</position><in_Quantity.quantity>0.000000</in_Quantity.quantity><out_Quantity.quantity>215.216735</out_Quantity.quantity></Point><Point><position>12102</position><in_Quantity.quantity>0.000000</in_Quantity.quantity><out_Quantity.quantity>42.160798</out_Quantity.quantity></Point><Point><position>12103</position><in_Quantity.quantity>0.000000</in_Quantity.quantity><out_Quantity.quantity>601.057611</out_Quantity.quantity></Point><Point><position>12104</position><in_Quantity.quantity>0.000000</in_Quantity.quantity><out_Quantity.quantity>239.714807</out_Quantity.quantity></Point><Point><position>12105</position><in_Quantity.quantity>0.000000</in_Quantity.quantity><out_Quantity.quantity>651.911456</out_Quantity.quantity></Point><Point><position>12106</position><in_Quantity.quantity>0.000000</in_Quantity.quantity><out_Quantity.quantity>113.107702</out_Quantity.quantity></Point><Point><position>12107</position><in_Quantity.quantity>0.000000</in_Quantity.quantity><out_Quantity.quantity>588.799544</out_Quantity.quantity></Point><Point><position>12108</position><in_Quantity.quantity>0.000000</in_Quantity.quantity><out_Quantity.quantity>155.461302</out_Quantity.quantity></Point><Point><position>12109</position><in_Quantity.quantity>0.000000</in_Quantity.quantity><out_Quantity.quantity>366.302911</out_Quantity.quantity></Point><Point><position>12110</position><in_Quantity.quantity>0.000000</in_Quantity.quantity><out_Quantity.quantity>56.981866</out_Quantity.quantity></Point><Point><position>12111</position><in_Quantity.quantity>0.000000</in_Quantity.quantity><out_Quantity.quantity>635.497418</out_Quantity.quantity></Point><Point><position>12112</position><in_Quantity.quantity>0.000000</in_Quantity.quantity><out_Quantity.quantity>987.420829</out_Quantity.quantity></Point><Point><position>12113</position><in_Quantity.quantity>0.000000</in_Quantity.quantity><out_Quantity.quantity>954.745096</out_Quantity.quantity></Point><Point><position>12114</position><in_Quantity.quantity>0.000000</in_Quantity.quantity><out_Quantity.quantity>679.747041</out_Quantity.quantity></Point><Point><position>12115</position><in_Quantity.quantity>0.000000</in_Quantity.quantity><out_Quantity.quantity>168.746563</out_Quantity.quantity></Point><Point><position>12116</position><in_Quantity.quantity>0.000000</in_Quantity.quantity><out_Quantity.quantity>976.743632</out_Quantity.quantity></Point><Point><position>12117</position><in_Quantity.quantity>0.000000</in_Quantity.quantity><out_Quantity.quantity>797.561235</out_Quantity.quantity></Point><Point><position>12118</position><in_Quantity.quantity>0.000000</in_Quantity.quantity><out_Quantity.quantity>167.271824</out_Quantity.quantity></Point><Point><position>12119</position><in_Quantity.quantity>0.000000</in_Quantity.quantity><out_Quantity.quantity>384.466005</out_Quantity.quantity></Point><Point><position>12120</position><in_Quantity.quantity>0.000000</in_Quantity.quantity><out_Quantity.quantity>861.106869</out_Quantity.quantity></Point><Point><position>12121</position><in_Quantity.quantity>0.000000</in_Quantity.quantity><out_Quantity.quantity>303.269571</out_Quantity.quantity></Point><Point><position>12122</position><in_Quantity.quantity>0.000000</in_Quantity.quantity><out_Quantity.quantity>7.395301</out_Quantity.quantity></Point><Point><position>12123</position><in_Quantity.quantity>0.000000</in_Quantity.quantity><out_Quantity.quantity>214.569238</out_Quantity.quantity></Point><Point><position>12124</position><in_Quantity.quantity>0.000000</in_Quantity.quantity><out_Quantity.quantity>567.491089</out_Quantity.quantity></Point><Point><position>12125</position><in_Quantity.quantity>0.000000</in_Quantity.quantity><out_Quantity.quantity>92.539539</out_Quantity.quantity></Point><Point><position>12126</position><in_Quantity.quantity>0.000000</in_Quantity.quantity><out_Quantity.quantity>204.770620</out_Quantity.quantity></Point><Point><position>12127</position><in_Quantity.quantity>0.000000</in_Quantity.quantity><out_Quantity.quantity>194.620544</out_Quantity.quantity></Point><Point><position>12128</position><in_Quantity.quantity>0.000000</in_Quantity.quantity><out_Quantity.quantity>654.921117</out_Quantity.quantity></Point><Point><position>12129</position><in_Quantity.quantity>0.000000</in_Quantity.quantity><out_Quantity.quantity>146.005779</out_Quantity.quantity></Point><Point><position>12130</position><in_Quantity.quantity>0.000000</in_Quantity.quantity><out_Quantity.quantity>663.986965</out_Quantity.quantity></Point><Point><position>12131</position><in_Quantity.quantity>0.000000</in_Quantity.quantity><out_Quantity.quantity>320.443885</out_Quantity.quantity></Point><Point><position>12132</position><in_Quantity.quantity>0.000000</in_Quantity.quantity><out_Quantity.quantity>860.590118</out_Quantity.quantity></Point><Point><position>12133</position><in_Quantity.quantity>0.000000</in_Quantity.quantity><out_Quantity.quantity>258.444656</out_Quantity.quantity></Point><Point><position>12134</position><in_Quantity.quantity>0.000000</in_Quantity.quantity><out_Quantity.quantity>444.084657</out_Quantity.quantity></Point><Point><position>12135</position><in_Quantity.quantity>0.000000</in_Quantity.quantity><out_Quantity.quantity>823.125352</out_Quantity.quantity></Point><Point><position>12136</position><in_Quantity.quantity>0.000000</in_Quantity.quantity><out_Quantity.quantity>419.257176</out_Quantity.quantity></Point><Point><position>12137</position><in_Quantity.quantity>0.000000</in_Quantity.quantity><out_Quantity.quantity>627.794512</out_Quantity.quantity></Point><Point><position>12138</position><in_Quantity.quantity>0.000000</in_Quantity.quantity><out_Quantity.quantity>519.283790</out_Quantity.quantity></Point><Point><position>12139</position><in_Quantity.quantity>0.000000</in_Quantity.quantity><out_Quantity.quantity>628.252065</out_Quantity.quantity></Point><Point><position>12140</position><in_Quantity.quantity>0.000000</in_Quantity.quantity><out_Quantity.quantity>938.162539</out_Quantity.quantity></Point><Point><position>12141</position><in_Quantity.quantity>0.000000</in_Quantity.quantity><out_Quantity.quantity>195.197788</out_Quantity.quantity></Point><Point><position>12142</position><in_Quantity.quantity>0.000000</in_Quantity.quantity><out_Quantity.quantity>519.643626</out_Quantity.quantity></Point><Point><position>12143</position><in_Quantity.quantity>0.000000</in_Quantity.quantity><out_Quantity.quantity>899.459508</out_Quantity.quantity></Point><Point><position>12144</position><in_Quantity.quantity>0.000000</in_Quantity.quantity><out_Quantity.quantity>273.871246</out_Quantity.quantity></Point><Point><position>12145</position><in_Quantity.quantity>0.000000</in_Quantity.quantity><out_Quantity.quantity>979.283794</out_Quantity.quantity></Point><Point><position>12146</position><in_Quantity.quantity>0.000000</in_Quantity.quantity><out_Quantity.quantity>150.752230</out_Quantity.quantity></Point><Point><position>12147</position><in_Quantity.quantity>0.000000</in_Quantity.quantity><out_Quantity.quantity>875.981633</out_Quantity.quantity></Point><Point><position>12148</position><in_Quantity.quantity>0.000000</in_Quantity.quantity><out_Quantity.quantity>990.545909</out_Quantity.quantity></Point><Point><position>12149</position><in_Quantity.quantity>0.000000</in_Quantity.quantity><out_Quantity.quantity>93.694412</out_Quantity.quantity></Point><Point><position>12150</position><in_Quantity.quantity>0.000000</in_Quantity.quantity><out_Quantity.quantity>821.885396</out_Quantity.quantity></Point><Point><position>12151</position><in_Quantity.quantity>0.000000</in_Quantity.quantity><out_Quantity.quantity>504.498553</out_Quantity.quantity></Point><Point><position>12152</position><in_Quantity.quantity>0.000000</in_Quantity.quantity><out_Quantity.quantity>856.418561</out_Quantity.quantity></Point><Point><position>12153</position><in_Quantity.quantity>0.000000</in_Quantity.quantity><out_Quantity.quantity>221.597609</out_Quantity.quantity></Point><Point><position>12154</position><in_Quantity.quantity>0.000000</in_Quantity.quantity><out_Quantity.quantity>432.361054</out_Quantity.quantity></Point><Point><position>12155</position><in_Quantity.quantity>0.000000</in_Quantity.quantity><out_Quantity.quantity>912.370568</out_Quantity.quantity></Point><Point><position>12156</position><in_Quantity.quantity>0.000000</in_Quantity.quantity><out_Quantity.quantity>913.613245</out_Quantity.quantity></Point><Point><position>12157</position><in_Quantity.quantity>0.000000</in_Quantity.quantity><out_Quantity.quantity>195.837060</out_Quantity.quantity></Point><Point><position>12158</position><in_Quantity.quantity>0.000000</in_Quantity.quantity><out_Quantity.quantity>806.706192</out_Quantity.quantity></Point><Point><position>12159</position><in_Quantity.quantity>0.000000</in_Quantity.quantity><out_Quantity.quantity>60.470882</out_Quantity.quantity></Point><Point><position>12160</position><in_Quantity.quantity>0.000000</in_Quantity.quantity><out_Quantity.quantity>758.187957</out_Quantity.quantity></Point><Point><position>12161</position><in_Quantity.quantity>0.000000</in_Quantity.quantity><out_Quantity.quantity>917.072927</out_Quantity.quantity></Point><Point><position>12162</position><in_Quantity.quantity>0.000000</in_Quantity.quantity><out_Quantity.quantity>529.281838</out_Quantity.quantity></Point><Point><position>12163</position><in_Quantity.quantity>0.000000</in_Quantity.quantity><out_Quantity.quantity>394.398188</out_Quantity.quantity></Point><Point><position>12164</position><in_Quantity.quantity>0.000000</in_Quantity.quantity><out_Quantity.quantity>299.012746</out_Quantity.quantity></Point><Point><position>12165</position><in_Quantity.quantity>0.000000</in_Quantity.quantity><out_Quantity.quantity>134.820244</out_Quantity.quantity></Point><Point><position>12166</position><in_Quantity.quantity>0.000000</in_Quantity.quantity><out_Quantity.quantity>843.638586</out_Quantity.quantity></Point><Point><position>12167</position><in_Quantity.quantity>0.000000</in_Quantity.quantity><out_Quantity.quantity>800.369482</out_Quantity.quantity></Point><Point><position>12168</position><in_Quantity.quantity>0.000000</in_Quantity.quantity><out_Quantity.quantity>446.516521</out_Quantity.quantity></Point><Point><position>12169</position><in_Quantity.quantity>0.000000</in_Quantity.quantity><out_Quantity.quantity>406.967274</out_Quantity.quantity></Point><Point><position>12170</position><in_Quantity.quantity>0.000000</in_Quantity.quantity><out_Quantity.quantity>941.831730</out_Quantity.quantity></Point><Point><position>12171</position><in_Quantity.quantity>0.000000</in_Quantity.quantity><out_Quantity.quantity>5.064285</out_Quantity.quantity></Point><Point><position>12172</position><in_Quantity.quantity>0.000000</in_Quantity.quantity><out_Quantity.quantity>909.602578</out_Quantity.quantity></Point><Point><position>12173</position><in_Quantity.quantity>0.000000</in_Quantity.quantity><out_Quantity.quantity>636.031345</out_Quantity.quantity></Point><Point><position>12174</position><in_Quantity.quantity>0.000000</in_Quantity.quantity><out_Quantity.quantity>61.488430</out_Quantity.quantity></Point><Point><position>12175</position><in_Quantity.quantity>0.000000</in_Quantity.quantity><out_Quantity.quantity>439.738760</out_Quantity.quantity></Point><Point><position>12176</position><in_Quantity.quantity>0.000000</in_Quantity.quantity><out_Quantity.quantity>187.942140</out_Quantity.quantity></Point><Point><position>12177</position><in_Quantity.quantity>0.000000</in_Quantity.quantity><out_Quantity.quantity>152.458314</out_Quantity.quantity></Point><Point><position>12178</position><in_Quantity.quantity>0.000000</in_Quantity.quantity><out_Quantity.quantity>863.693061</out_Quantity.quantity></Point><Point><position>12179</position><in_Quantity.quantity>0.000000</in_Quantity.quantity><out_Quantity.quantity>36.784905</out_Quantity.quantity></Point><Point><position>12180</position><in_Quantity.quantity>0.000000</in_Quantity.quantity><out_Quantity.quantity>256.843901</out_Quantity.quantity></Point><Point><position>12181</position><in_Quantity.quantity>0.000000</in_Quantity.quantity><out_Quantity.quantity>231.517545</out_Quantity.quantity></Point><Point><position>12182</position><in_Quantity.quantity>0.000000</in_Quantity.quantity><out_Quantity.quantity>301.092798</out_Quantity.quantity></Point><Point><position>12183</position><in_Quantity.quantity>0.000000</in_Quantity.quantity><out_Quantity.quantity>558.139224</out_Quantity.quantity></Point><Point><position>12184</position><in_Quantity.quantity>0.000000</in_Quantity.quantity><out_Quantity.quantity>383.215662</out_Quantity.quantity></Point><Point><position>12185</position><in_Quantity.quantity>0.000000</in_Quantity.quantity><out_Quantity.quantity>274.952914</out_Quantity.quantity></Point><Point><position>12186</position><in_Quantity.quantity>0.000000</in_Quantity.quantity><out_Quantity.quantity>931.054285</out_Quantity.quantity></Point><Point><position>12187</position><in_Quantity.quantity>0.000000</in_Quantity.quantity><out_Quantity.quantity>408.723528</out_Quantity.quantity></Point><Point><position>12188</position><in_Quantity.quantity>0.000000</in_Quantity.quantity><out_Quantity.quantity>304.197841</out_Quantity.quantity></Point><Point><position>12189</position><in_Quantity.quantity>0.000000</in_Quantity.quantity><out_Quantity.quantity>843.269749</out_Quantity.quantity></Point><Point><position>12190</position><in_Quantity.quantity>0.000000</in_Quantity.quantity><out_Quantity.quantity>184.862538</out_Quantity.quantity></Point><Point><position>12191</position><in_Quantity.quantity>0.000000</in_Quantity.quantity><out_Quantity.quantity>875.593098</out_Quantity.quantity></Point><Point><position>12192</position><in_Quantity.quantity>0.000000</in_Quantity.quantity><out_Quantity.quantity>102.250366</out_Quantity.quantity></Point><Point><position>12193</position><in_Quantity.quantity>0.000000</in_Quantity.quantity><out_Quantity.quantity>43.443690</out_Quantity.quantity></Point><Point><position>12194</position><in_Quantity.quantity>0.000000</in_Quantity.quantity><out_Quantity.quantity>204.067858</out_Quantity.quantity></Point><Point><position>12195</position><in_Quantity.quantity>0.000000</in_Quantity.quantity><out_Quantity.quantity>916.122354</out_Quantity.quantity></Point><Point><position>12196</position><in_Quantity.quantity>0.000000</in_Quantity.quantity><out_Quantity.quantity>735.517700</out_Quantity.quantity></Point><Point><position>12197</position><in_Quantity.quantity>0.000000</in_Quantity.quantity><out_Quantity.quantity>452.572082</out_Quantity.quantity></Point><Point><position>12198</position><in_Quantity.quantity>0.000000</in_Quantity.quantity><out_Quantity.quantity>279.457165</out_Quantity.quantity></Point><Point><position>12199</position><in_Quantity.quantity>0.000000</in_Quantity.quantity><out_Quantity.quantity>461.316771</out_Quantity.quantity></Point><Point><position>12200</position><in_Quantity.quantity>0.000000</in_Quantity.quantity><out_Quantity.quantity>118.561992</out_Quantity.quantity></Point><Point><position>12201</position><in_Quantity.quantity>0.000000</in_Quantity.quantity><out_Quantity.quantity>291.179994</out_Quantity.quantity></Point><Point><position>12202</position><in_Quantity.quantity>0.000000</in_Quantity.quantity><out_Quantity.quantity>553.952119</out_Quantity.quantity></Point><Point><position>12203</position><in_Quantity.quantity>0.000000</in_Quantity.quantity><out_Quantity.quantity>682.041419</out_Quantity.quantity></Point><Point><position>12204</position><in_Quantity.quantity>0.000000</in_Quantity.quantity><out_Quantity.quantity>792.589228</out_Quantity.quantity></Point><Point><position>12205</position><in_Quantity.quantity>0.000000</in_Quantity.quantity><out_Quantity.quantity>990.783976</out_Quantity.quantity></Point><Point><position>12206</position><in_Quantity.quantity>0.000000</in_Quantity.quantity><out_Quantity.quantity>27.514110</out_Quantity.quantity></Point><Point><position>12207</position><in_Quantity.quantity>0.000000</in_Quantity.quantity><out_Quantity.quantity>287.804882</out_Quantity.quantity></Point><Point><position>12208</position><in_Quantity.quantity>0.000000</in_Quantity.quantity><out_Quantity.quantity>749.565444</out_Quantity.quantity></Point><Point><position>12209</position><in_Quantity.quantity>0.000000</in_Quantity.quantity><out_Quantity.quantity>211.126284</out_Quantity.quantity></Point><Point><position>12210</position><in_Quantity.quantity>0.000000</in_Quantity.quantity><out_Quantity.quantity>424.798153</out_Quantity.quantity></Point><Point><position>12211</position><in_Quantity.quantity>0.000000</in_Quantity.quantity><out_Quantity.quantity>651.731516</out_Quantity.quantity></Point><Point><position>12212</position><in_Quantity.quantity>0.000000</in_Quantity.quantity><out_Quantity.quantity>566.721038</out_Quantity.quantity></Point><Point><position>12213</position><in_Quantity.quantity>0.000000</in_Quantity.quantity><out_Quantity.quantity>126.319144</out_Quantity.quantity></Point><Point><position>12214</position><in_Quantity.quantity>0.000000</in_Quantity.quantity><out_Quantity.quantity>749.839954</out_Quantity.quantity></Point><Point><position>12215</position><in_Quantity.quantity>0.000000</in_Quantity.quantity><out_Quantity.quantity>333.130863</out_Quantity.quantity></Point><Point><position>12216</position><in_Quantity.quantity>0.000000</in_Quantity.quantity><out_Quantity.quantity>465.715605</out_Quantity.quantity></Point><Point><position>12217</position><in_Quantity.quantity>0.000000</in_Quantity.quantity><out_Quantity.quantity>624.409331</out_Quantity.quantity></Point><Point><position>12218</position><in_Quantity.quantity>0.000000</in_Quantity.quantity><out_Quantity.quantity>868.236371</out_Quantity.quantity></Point><Point><position>12219</position><in_Quantity.quantity>0.000000</in_Quantity.quantity><out_Quantity.quantity>735.083877</out_Quantity.quantity></Point><Point><position>12220</position><in_Quantity.quantity>0.000000</in_Quantity.quantity><out_Quantity.quantity>549.730365</out_Quantity.quantity></Point><Point><position>12221</position><in_Quantity.quantity>0.000000</in_Quantity.quantity><out_Quantity.quantity>309.129589</out_Quantity.quantity></Point><Point><position>12222</position><in_Quantity.quantity>0.000000</in_Quantity.quantity><out_Quantity.quantity>433.999607</out_Quantity.quantity></Point><Point><position>12223</position><in_Quantity.quantity>0.000000</in_Quantity.quantity><out_Quantity.quantity>999.444362</out_Quantity.quantity></Point><Point><position>12224</position><in_Quantity.quantity>0.000000</in_Quantity.quantity><out_Quantity.quantity>677.905508</out_Quantity.quantity></Point><Point><position>12225</position><in_Quantity.quantity>0.000000</in_Quantity.quantity><out_Quantity.quantity>281.988082</out_Quantity.quantity></Point><Point><position>12226</position><in_Quantity.quantity>0.000000</in_Quantity.quantity><out_Quantity.quantity>545.543248</out_Quantity.quantity></Point><Point><position>12227</position><in_Quantity.quantity>0.000000</in_Quantity.quantity><out_Quantity.quantity>17.617353</out_Quantity.quantity></Point><Point><position>12228</position><in_Quantity.quantity>0.000000</in_Quantity.quantity><out_Quantity.quantity>686.589665</out_Quantity.quantity></Point><Point><position>12229</position><in_Quantity.quantity>0.000000</in_Quantity.quantity><out_Quantity.quantity>165.838984</out_Quantity.quantity></Point><Point><position>12230</position><in_Quantity.quantity>0.000000</in_Quantity.quantity><out_Quantity.quantity>768.582851</out_Quantity.quantity></Point><Point><position>12231</position><in_Quantity.quantity>0.000000</in_Quantity.quantity><out_Quantity.quantity>327.720546</out_Quantity.quantity></Point><Point><position>12232</position><in_Quantity.quantity>0.000000</in_Quantity.quantity><out_Quantity.quantity>804.085295</out_Quantity.quantity></Point><Point><position>12233</position><in_Quantity.quantity>0.000000</in_Quantity.quantity><out_Quantity.quantity>714.720658</out_Quantity.quantity></Point><Point><position>12234</position><in_Quantity.quantity>0.000000</in_Quantity.quantity><out_Quantity.quantity>427.483186</out_Quantity.quantity></Point><Point><position>12235</position><in_Quantity.quantity>0.000000</in_Quantity.quantity><out_Quantity.quantity>929.760543</out_Quantity.quantity></Point><Point><position>12236</position><in_Quantity.quantity>0.000000</in_Quantity.quantity><out_Quantity.quantity>891.811644</out_Quantity.quantity></Point><Point><position>12237</position><in_Quantity.quantity>0.000000</in_Quantity.quantity><out_Quantity.quantity>369.986926</out_Quantity.quantity></Point><Point><position>12238</position><in_Quantity.quantity>0.000000</in_Quantity.quantity><out_Quantity.quantity>260.218050</out_Quantity.quantity></Point><Point><position>12239</position><in_Quantity.quantity>0.000000</in_Quantity.quantity><out_Quantity.quantity>243.116774</out_Quantity.quantity></Point><Point><position>12240</position><in_Quantity.quantity>0.000000</in_Quantity.quantity><out_Quantity.quantity>27.422332</out_Quantity.quantity></Point><Point><position>12241</position><in_Quantity.quantity>0.000000</in_Quantity.quantity><out_Quantity.quantity>472.789927</out_Quantity.quantity></Point><Point><position>12242</position><in_Quantity.quantity>0.000000</in_Quantity.quantity><out_Quantity.quantity>372.464548</out_Quantity.quantity></Point><Point><position>12243</position><in_Quantity.quantity>0.000000</in_Quantity.quantity><out_Quantity.quantity>19.143401</out_Quantity.quantity></Point><Point><position>12244</position><in_Quantity.quantity>0.000000</in_Quantity.quantity><out_Quantity.quantity>850.243708</out_Quantity.quantity></Point><Point><position>12245</position><in_Quantity.quantity>0.000000</in_Quantity.quantity><out_Quantity.quantity>57.453891</out_Quantity.quantity></Point><Point><position>12246</position><in_Quantity.quantity>0.000000</in_Quantity.quantity><out_Quantity.quantity>783.189579</out_Quantity.quantity></Point><Point><position>12247</position><in_Quantity.quantity>0.000000</in_Quantity.quantity><out_Quantity.quantity>829.945602</out_Quantity.quantity></Point><Point><position>12248</position><in_Quantity.quantity>0.000000</in_Quantity.quantity><out_Quantity.quantity>33.898918</out_Quantity.quantity></Point><Point><position>12249</position><in_Quantity.quantity>0.000000</in_Quantity.quantity><out_Quantity.quantity>712.588837</out_Quantity.quantity></Point><Point><position>12250</position><in_Quantity.quantity>0.000000</in_Quantity.quantity><out_Quantity.quantity>784.353375</out_Quantity.quantity></Point><Point><position>12251</position><in_Quantity.quantity>0.000000</in_Quantity.quantity><out_Quantity.quantity>544.371859</out_Quantity.quantity></Point><Point><position>12252</position><in_Quantity.quantity>0.000000</in_Quantity.quantity><out_Quantity.quantity>104.026877</out_Quantity.quantity></Point><Point><position>12253</position><in_Quantity.quantity>0.000000</in_Quantity.quantity><out_Quantity.quantity>289.140752</out_Quantity.quantity></Point><Point><position>12254</position><in_Quantity.quantity>0.000000</in_Quantity.quantity><out_Quantity.quantity>331.091830</out_Quantity.quantity></Point><Point><position>12255</position><in_Quantity.quantity>0.000000</in_Quantity.quantity><out_Quantity.quantity>359.754592</out_Quantity.quantity></Point><Point><position>12256</position><in_Quantity.quantity>0.000000</in_Quantity.quantity><out_Quantity.quantity>858.961854</out_Quantity.quantity></Point><Point><position>12257</position><in_Quantity.quantity>0.000000</in_Quantity.quantity><out_Quantity.quantity>831.842646</out_Quantity.quantity></Point><Point><position>12258</position><in_Quantity.quantity>0.000000</in_Quantity.quantity><out_Quantity.quantity>29.419341</out_Quantity.quantity></Point><Point><position>12259</position><in_Quantity.quantity>0.000000</in_Quantity.quantity><out_Quantity.quantity>324.017430</out_Quantity.quantity></Point><Point><position>12260</position><in_Quantity.quantity>0.000000</in_Quantity.quantity><out_Quantity.quantity>399.315131</out_Quantity.quantity></Point><Point><position>12261</position><in_Quantity.quantity>0.000000</in_Quantity.quantity><out_Quantity.quantity>379.174445</out_Quantity.quantity></Point><Point><position>12262</position><in_Quantity.quantity>0.000000</in_Quantity.quantity><out_Quantity.quantity>389.797870</out_Quantity.quantity></Point><Point><position>12263</position><in_Quantity.quantity>0.000000</in_Quantity.quantity><out_Quantity.quantity>777.381835</out_Quantity.quantity></Point><Point><position>12264</position><in_Quantity.quantity>0.000000</in_Quantity.quantity><out_Quantity.quantity>373.109178</out_Quantity.quantity></Point><Point><position>12265</position><in_Quantity.quantity>0.000000</in_Quantity.quantity><out_Quantity.quantity>592.460113</out_Quantity.quantity></Point><Point><position>12266</position><in_Quantity.quantity>0.000000</in_Quantity.quantity><out_Quantity.quantity>886.735588</out_Quantity.quantity></Point><Point><position>12267</position><in_Quantity.quantity>0.000000</in_Quantity.quantity><out_Quantity.quantity>360.087717</out_Quantity.quantity></Point><Point><position>12268</position><in_Quantity.quantity>0.000000</in_Quantity.quantity><out_Quantity.quantity>350.776226</out_Quantity.quantity></Point><Point><position>12269</position><in_Quantity.quantity>0.000000</in_Quantity.quantity><out_Quantity.quantity>879.961447</out_Quantity.quantity></Point><Point><position>12270</position><in_Quantity.quantity>0.000000</in_Quantity.quantity><out_Quantity.quantity>76.686063</out_Quantity.quantity></Point><Point><position>12271</position><in_Quantity.quantity>0.000000</in_Quantity.quantity><out_Quantity.quantity>740.034919</out_Quantity.quantity></Point><Point><position>12272</position><in_Quantity.quantity>0.000000</in_Quantity.quantity><out_Quantity.quantity>555.525033</out_Quantity.quantity></Point><Point><position>12273</position><in_Quantity.quantity>0.000000</in_Quantity.quantity><out_Quantity.quantity>737.558537</out_Quantity.quantity></Point><Point><position>12274</position><in_Quantity.quantity>0.000000</in_Quantity.quantity><out_Quantity.quantity>681.175860</out_Quantity.quantity></Point><Point><position>12275</position><in_Quantity.quantity>0.000000</in_Quantity.quantity><out_Quantity.quantity>638.357557</out_Quantity.quantity></Point><Point><position>12276</position><in_Quantity.quantity>0.000000</in_Quantity.quantity><out_Quantity.quantity>534.361005</out_Quantity.quantity></Point><Point><position>12277</position><in_Quantity.quantity>0.000000</in_Quantity.quantity><out_Quantity.quantity>510.174653</out_Quantity.quantity></Point><Point><position>12278</position><in_Quantity.quantity>0.000000</in_Quantity.quantity><out_Quantity.quantity>36.695314</out_Quantity.quantity></Point><Point><position>12279</position><in_Quantity.quantity>0.000000</in_Quantity.quantity><out_Quantity.quantity>603.258130</out_Quantity.quantity></Point><Point><position>12280</position><in_Quantity.quantity>0.000000</in_Quantity.quantity><out_Quantity.quantity>320.386533</out_Quantity.quantity></Point><Point><position>12281</position><in_Quantity.quantity>0.000000</in_Quantity.quantity><out_Quantity.quantity>125.977476</out_Quantity.quantity></Point><Point><position>12282</position><in_Quantity.quantity>0.000000</in_Quantity.quantity><out_Quantity.quantity>630.268878</out_Quantity.quantity></Point><Point><position>12283</position><in_Quantity.quantity>0.000000</in_Quantity.quantity><out_Quantity.quantity>512.252256</out_Quantity.quantity></Point><Point><position>12284</position><in_Quantity.quantity>0.000000</in_Quantity.quantity><out_Quantity.quantity>336.556900</out_Quantity.quantity></Point><Point><position>12285</position><in_Quantity.quantity>0.000000</in_Quantity.quantity><out_Quantity.quantity>455.824971</out_Quantity.quantity></Point><Point><position>12286</position><in_Quantity.quantity>0.000000</in_Quantity.quantity><out_Quantity.quantity>530.765129</out_Quantity.quantity></Point><Point><position>12287</position><in_Quantity.quantity>0.000000</in_Quantity.quantity><out_Quantity.quantity>709.730306</out_Quantity.quantity></Point><Point><position>12288</position><in_Quantity.quantity>0.000000</in_Quantity.quantity><out_Quantity.quantity>872.597938</out_Quantity.quantity></Point><Point><position>12289</position><in_Quantity.quantity>0.000000</in_Quantity.quantity><out_Quantity.quantity>741.945768</out_Quantity.quantity></Point><Point><position>12290</position><in_Quantity.quantity>0.000000</in_Quantity.quantity><out_Quantity.quantity>732.127825</out_Quantity.quantity></Point><Point><position>12291</position><in_Quantity.quantity>0.000000</in_Quantity.quantity><out_Quantity.quantity>538.765780</out_Quantity.quantity></Point><Point><position>12292</position><in_Quantity.quantity>0.000000</in_Quantity.quantity><out_Quantity.quantity>385.422681</out_Quantity.quantity></Point><Point><position>12293</position><in_Quantity.quantity>0.000000</in_Quantity.quantity><out_Quantity.quantity>219.223019</out_Quantity.quantity></Point><Point><position>12294</position><in_Quantity.quantity>0.000000</in_Quantity.quantity><out_Quantity.quantity>927.749954</out_Quantity.quantity></Point><Point><position>12295</position><in_Quantity.quantity>0.000000</in_Quantity.quantity><out_Quantity.quantity>750.852299</out_Quantity.quantity></Point><Point><position>12296</position><in_Quantity.quantity>0.000000</in_Quantity.quantity><out_Quantity.quantity>425.987820</out_Quantity.quantity></Point><Point><position>12297</position><in_Quantity.quantity>0.000000</in_Quantity.quantity><out_Quantity.quantity>133.514058</out_Quantity.quantity></Point><Point><position>12298</position><in_Quantity.quantity>0.000000</in_Quantity.quantity><out_Quantity.quantity>556.472421</out_Quantity.quantity></Point><Point><position>12299</position><in_Quantity.quantity>0.000000</in_Quantity.quantity><out_Quantity.quantity>897.432311</out_Quantity.quantity></Point><Point><position>12300</position><in_Quantity.quantity>0.000000</in_Quantity.quantity><out_Quantity.quantity>638.602646</out_Quantity.quantity></Point><Point><position>12301</position><in_Quantity.quantity>0.000000</in_Quantity.quantity><out_Quantity.quantity>399.287071</out_Quantity.quantity></Point><Point><position>12302</position><in_Quantity.quantity>0.000000</in_Quantity.quantity><out_Quantity.quantity>263.121986</out_Quantity.quantity></Point><Point><position>12303</position><in_Quantity.quantity>0.000000</in_Quantity.quantity><out_Quantity.quantity>889.558047</out_Quantity.quantity></Point><Point><position>12304</position><in_Quantity.quantity>0.000000</in_Quantity.quantity><out_Quantity.quantity>957.614700</out_Quantity.quantity></Point><Point><position>12305</position><in_Quantity.quantity>0.000000</in_Quantity.quantity><out_Quantity.quantity>921.561400</out_Quantity.quantity></Point><Point><position>12306</position><in_Quantity.quantity>0.000000</in_Quantity.quantity><out_Quantity.quantity>56.363438</out_Quantity.quantity></Point><Point><position>12307</position><in_Quantity.quantity>0.000000</in_Quantity.quantity><out_Quantity.quantity>616.514283</out_Quantity.quantity></Point><Point><position>12308</position><in_Quantity.quantity>0.000000</in_Quantity.quantity><out_Quantity.quantity>720.686063</out_Quantity.quantity></Point><Point><position>12309</position><in_Quantity.quantity>0.000000</in_Quantity.quantity><out_Quantity.quantity>653.235258</out_Quantity.quantity></Point><Point><position>12310</position><in_Quantity.quantity>0.000000</in_Quantity.quantity><out_Quantity.quantity>95.846431</out_Quantity.quantity></Point><Point><position>12311</position><in_Quantity.quantity>0.000000</in_Quantity.quantity><out_Quantity.quantity>821.295439</out_Quantity.quantity></Point><Point><position>12312</position><in_Quantity.quantity>0.000000</in_Quantity.quantity><out_Quantity.quantity>77.847305</out_Quantity.quantity></Point><Point><position>12313</position><in_Quantity.quantity>0.000000</in_Quantity.quantity><out_Quantity.quantity>91.918186</out_Quantity.quantity></Point><Point><position>12314</position><in_Quantity.quantity>0.000000</in_Quantity.quantity><out_Quantity.quantity>279.363171</out_Quantity.quantity></Point><Point><position>12315</position><in_Quantity.quantity>0.000000</in_Quantity.quantity><out_Quantity.quantity>628.963064</out_Quantity.quantity></Point><Point><position>12316</position><in_Quantity.quantity>0.000000</in_Quantity.quantity><out_Quantity.quantity>903.565663</out_Quantity.quantity></Point><Point><position>12317</position><in_Quantity.quantity>0.000000</in_Quantity.quantity><out_Quantity.quantity>246.786403</out_Quantity.quantity></Point><Point><position>12318</position><in_Quantity.quantity>0.000000</in_Quantity.quantity><out_Quantity.quantity>518.115832</out_Quantity.quantity></Point><Point><position>12319</position><in_Quantity.quantity>0.000000</in_Quantity.quantity><out_Quantity.quantity>337.979860</out_Quantity.quantity></Point><Point><position>12320</position><in_Quantity.quantity>0.000000</in_Quantity.quantity><out_Quantity.quantity>331.179737</out_Quantity.quantity></Point><Point><position>12321</position><in_Quantity.quantity>0.000000</in_Quantity.quantity><out_Quantity.quantity>719.211350</out_Quantity.quantity></Point><Point><position>12322</position><in_Quantity.quantity>0.000000</in_Quantity.quantity><out_Quantity.quantity>151.853328</out_Quantity.quantity></Point><Point><position>12323</position><in_Quantity.quantity>0.000000</in_Quantity.quantity><out_Quantity.quantity>663.169066</out_Quantity.quantity></Point><Point><position>12324</position><in_Quantity.quantity>0.000000</in_Quantity.quantity><out_Quantity.quantity>263.062001</out_Quantity.quantity></Point><Point><position>12325</position><in_Quantity.quantity>0.000000</in_Quantity.quantity><out_Quantity.quantity>294.874391</out_Quantity.quantity></Point><Point><position>12326</position><in_Quantity.quantity>0.000000</in_Quantity.quantity><out_Quantity.quantity>785.174400</out_Quantity.quantity></Point><Point><position>12327</position><in_Quantity.quantity>0.000000</in_Quantity.quantity><out_Quantity.quantity>345.767573</out_Quantity.quantity></Point><Point><position>12328</position><in_Quantity.quantity>0.000000</in_Quantity.quantity><out_Quantity.quantity>601.661155</out_Quantity.quantity></Point><Point><position>12329</position><in_Quantity.quantity>0.000000</in_Quantity.quantity><out_Quantity.quantity>697.674357</out_Quantity.quantity></Point><Point><position>12330</position><in_Quantity.quantity>0.000000</in_Quantity.quantity><out_Quantity.quantity>225.130640</out_Quantity.quantity></Point><Point><position>12331</position><in_Quantity.quantity>0.000000</in_Quantity.quantity><out_Quantity.quantity>764.311136</out_Quantity.quantity></Point><Point><position>12332</position><in_Quantity.quantity>0.000000</in_Quantity.quantity><out_Quantity.quantity>229.859524</out_Quantity.quantity></Point><Point><position>12333</position><in_Quantity.quantity>0.000000</in_Quantity.quantity><out_Quantity.quantity>26.316096</out_Quantity.quantity></Point><Point><position>12334</position><in_Quantity.quantity>0.000000</in_Quantity.quantity><out_Quantity.quantity>167.883723</out_Quantity.quantity></Point><Point><position>12335</position><in_Quantity.quantity>0.000000</in_Quantity.quantity><out_Quantity.quantity>426.774586</out_Quantity.quantity></Point><Point><position>12336</position><in_Quantity.quantity>0.000000</in_Quantity.quantity><out_Quantity.quantity>961.024408</out_Quantity.quantity></Point><Point><position>12337</position><in_Quantity.quantity>0.000000</in_Quantity.quantity><out_Quantity.quantity>207.584588</out_Quantity.quantity></Point><Point><position>12338</position><in_Quantity.quantity>0.000000</in_Quantity.quantity><out_Quantity.quantity>652.055864</out_Quantity.quantity></Point><Point><position>12339</position><in_Quantity.quantity>0.000000</in_Quantity.quantity><out_Quantity.quantity>87.884804</out_Quantity.quantity></Point><Point><position>12340</position><in_Quantity.quantity>0.000000</in_Quantity.quantity><out_Quantity.quantity>600.883875</out_Quantity.quantity></Point><Point><position>12341</position><in_Quantity.quantity>0.000000</in_Quantity.quantity><out_Quantity.quantity>224.939588</out_Quantity.quantity></Point><Point><position>12342</position><in_Quantity.quantity>0.000000</in_Quantity.quantity><out_Quantity.quantity>258.901292</out_Quantity.quantity></Point><Point><position>12343</position><in_Quantity.quantity>0.000000</in_Quantity.quantity><out_Quantity.quantity>124.281050</out_Quantity.quantity></Point><Point><position>12344</position><in_Quantity.quantity>0.000000</in_Quantity.quantity><out_Quantity.quantity>292.568269</out_Quantity.quantity></Point><Point><position>12345</position><in_Quantity.quantity>0.000000</in_Quantity.quantity><out_Quantity.quantity>672.732560</out_Quantity.quantity></Point><Point><position>12346</position><in_Quantity.quantity>0.000000</in_Quantity.quantity><out_Quantity.quantity>377.747740</out_Quantity.quantity></Point><Point><position>12347</position><in_Quantity.quantity>0.000000</in_Quantity.quantity><out_Quantity.quantity>832.853930</out_Quantity.quantity></Point><Point><position>12348</position><in_Quantity.quantity>0.000000</in_Quantity.quantity><out_Quantity.quantity>280.632209</out_Quantity.quantity></Point><Point><position>12349</position><in_Quantity.quantity>0.000000</in_Quantity.quantity><out_Quantity.quantity>745.231941</out_Quantity.quantity></Point><Point><position>12350</position><in_Quantity.quantity>0.000000</in_Quantity.quantity><out_Quantity.quantity>272.904824</out_Quantity.quantity></Point><Point><position>12351</position><in_Quantity.quantity>0.000000</in_Quantity.quantity><out_Quantity.quantity>598.988117</out_Quantity.quantity></Point><Point><position>12352</position><in_Quantity.quantity>0.000000</in_Quantity.quantity><out_Quantity.quantity>75.745544</out_Quantity.quantity></Point><Point><position>12353</position><in_Quantity.quantity>0.000000</in_Quantity.quantity><out_Quantity.quantity>711.059039</out_Quantity.quantity></Point><Point><position>12354</position><in_Quantity.quantity>0.000000</in_Quantity.quantity><out_Quantity.quantity>785.534081</out_Quantity.quantity></Point><Point><position>12355</position><in_Quantity.quantity>0.000000</in_Quantity.quantity><out_Quantity.quantity>598.739050</out_Quantity.quantity></Point><Point><position>12356</position><in_Quantity.quantity>0.000000</in_Quantity.quantity><out_Quantity.quantity>647.807103</out_Quantity.quantity></Point><Point><position>12357</position><in_Quantity.quantity>0.000000</in_Quantity.quantity><out_Quantity.quantity>951.661750</out_Quantity.quantity></Point><Point><position>12358</position><in_Quantity.quantity>0.000000</in_Quantity.quantity><out_Quantity.quantity>586.099462</out_Quantity.quantity></Point><Point><position>12359</position><in_Quantity.quantity>0.000000</in_Quantity.quantity><out_Quantity.quantity>539.303657</out_Quantity.quantity></Point><Point><position>12360</position><in_Quantity.quantity>0.000000</in_Quantity.quantity><out_Quantity.quantity>270.661041</out_Quantity.quantity></Point><Point><position>12361</position><in_Quantity.quantity>0.000000</in_Quantity.quantity><out_Quantity.quantity>11.521058</out_Quantity.quantity></Point><Point><position>12362</position><in_Quantity.quantity>0.000000</in_Quantity.quantity><out_Quantity.quantity>938.989160</out_Quantity.quantity></Point><Point><position>12363</position><in_Quantity.quantity>0.000000</in_Quantity.quantity><out_Quantity.quantity>146.967849</out_Quantity.quantity></Point><Point><position>12364</position><in_Quantity.quantity>0.000000</in_Quantity.quantity><out_Quantity.quantity>335.136300</out_Quantity.quantity></Point><Point><position>12365</position><in_Quantity.quantity>0.000000</in_Quantity.quantity><out_Quantity.quantity>75.913716</out_Quantity.quantity></Point><Point><position>12366</position><in_Quantity.quantity>0.000000</in_Quantity.quantity><out_Quantity.quantity>988.047763</out_Quantity.quantity></Point><Point><position>12367</position><in_Quantity.quantity>0.000000</in_Quantity.quantity><out_Quantity.quantity>485.239262</out_Quantity.quantity></Point><Point><position>12368</position><in_Quantity.quantity>0.000000</in_Quantity.quantity><out_Quantity.quantity>12.506931</out_Quantity.quantity></Point><Point><position>12369</position><in_Quantity.quantity>0.000000</in_Quantity.quantity><out_Quantity.quantity>63.891153</out_Quantity.quantity></Point><Point><position>12370</position><in_Quantity.quantity>0.000000</in_Quantity.quantity><out_Quantity.quantity>844.030933</out_Quantity.quantity></Point><Point><position>12371</position><in_Quantity.quantity>0.000000</in_Quantity.quantity><out_Quantity.quantity>692.861880</out_Quantity.quantity></Point><Point><position>12372</position><in_Quantity.quantity>0.000000</in_Quantity.quantity><out_Quantity.quantity>511.155314</out_Quantity.quantity></Point><Point><position>12373</position><in_Quantity.quantity>0.000000</in_Quantity.quantity><out_Quantity.quantity>64.497531</out_Quantity.quantity></Point><Point><position>12374</position><in_Quantity.quantity>0.000000</in_Quantity.quantity><out_Quantity.quantity>393.022060</out_Quantity.quantity></Point><Point><position>12375</position><in_Quantity.quantity>0.000000</in_Quantity.quantity><out_Quantity.quantity>216.263997</out_Quantity.quantity></Point><Point><position>12376</position><in_Quantity.quantity>0.000000</in_Quantity.quantity><out_Quantity.quantity>190.023708</out_Quantity.quantity></Point><Point><position>12377</position><in_Quantity.quantity>0.000000</in_Quantity.quantity><out_Quantity.quantity>614.268644</out_Quantity.quantity></Point><Point><position>12378</position><in_Quantity.quantity>0.000000</in_Quantity.quantity><out_Quantity.quantity>819.424076</out_Quantity.quantity></Point><Point><position>12379</position><in_Quantity.quantity>0.000000</in_Quantity.quantity><out_Quantity.quantity>730.375535</out_Quantity.quantity></Point><Point><position>12380</position><in_Quantity.quantity>0.000000</in_Quantity.quantity><out_Quantity.quantity>598.102276</out_Quantity.quantity></Point><Point><position>12381</position><in_Quantity.quantity>0.000000</in_Quantity.quantity><out_Quantity.quantity>408.424628</out_Quantity.quantity></Point><Point><position>12382</position><in_Quantity.quantity>0.000000</in_Quantity.quantity><out_Quantity.quantity>210.535208</out_Quantity.quantity></Point><Point><position>12383</position><in_Quantity.quantity>0.000000</in_Quantity.quantity><out_Quantity.quantity>765.190406</out_Quantity.quantity></Point><Point><position>12384</position><in_Quantity.quantity>0.000000</in_Quantity.quantity><out_Quantity.quantity>466.453639</out_Quantity.quantity></Point><Point><position>12385</position><in_Quantity.quantity>0.000000</in_Quantity.quantity><out_Quantity.quantity>384.322623</out_Quantity.quantity></Point><Point><position>12386</position><in_Quantity.quantity>0.000000</in_Quantity.quantity><out_Quantity.quantity>258.387140</out_Quantity.quantity></Point><Point><position>12387</position><in_Quantity.quantity>0.000000</in_Quantity.quantity><out_Quantity.quantity>256.965351</out_Quantity.quantity></Point><Point><position>12388</position><in_Quantity.quantity>0.000000</in_Quantity.quantity><out_Quantity.quantity>615.937633</out_Quantity.quantity></Point><Point><position>12389</position><in_Quantity.quantity>0.000000</in_Quantity.quantity><out_Quantity.quantity>913.317487</out_Quantity.quantity></Point><Point><position>12390</position><in_Quantity.quantity>0.000000</in_Quantity.quantity><out_Quantity.quantity>34.828600</out_Quantity.quantity></Point><Point><position>12391</position><in_Quantity.quantity>0.000000</in_Quantity.quantity><out_Quantity.quantity>608.193080</out_Quantity.quantity></Point><Point><position>12392</position><in_Quantity.quantity>0.000000</in_Quantity.quantity><out_Quantity.quantity>305.647725</out_Quantity.quantity></Point><Point><position>12393</position><in_Quantity.quantity>0.000000</in_Quantity.quantity><out_Quantity.quantity>889.014652</out_Quantity.quantity></Point><Point><position>12394</position><in_Quantity.quantity>0.000000</in_Quantity.quantity><out_Quantity.quantity>952.711269</out_Quantity.quantity></Point><Point><position>12395</position><in_Quantity.quantity>0.000000</in_Quantity.quantity><out_Quantity.quantity>766.543070</out_Quantity.quantity></Point><Point><position>12396</position><in_Quantity.quantity>0.000000</in_Quantity.quantity><out_Quantity.quantity>135.774215</out_Quantity.quantity></Point><Point><position>12397</position><in_Quantity.quantity>0.000000</in_Quantity.quantity><out_Quantity.quantity>908.657188</out_Quantity.quantity></Point><Point><position>12398</position><in_Quantity.quantity>0.000000</in_Quantity.quantity><out_Quantity.quantity>263.020587</out_Quantity.quantity></Point><Point><position>12399</position><in_Quantity.quantity>0.000000</in_Quantity.quantity><out_Quantity.quantity>793.929359</out_Quantity.quantity></Point><Point><position>12400</position><in_Quantity.quantity>0.000000</in_Quantity.quantity><out_Quantity.quantity>691.447573</out_Quantity.quantity></Point><Point><position>12401</position><in_Quantity.quantity>0.000000</in_Quantity.quantity><out_Quantity.quantity>809.130916</out_Quantity.quantity></Point><Point><position>12402</position><in_Quantity.quantity>0.000000</in_Quantity.quantity><out_Quantity.quantity>925.356954</out_Quantity.quantity></Point><Point><position>12403</position><in_Quantity.quantity>0.000000</in_Quantity.quantity><out_Quantity.quantity>838.683188</out_Quantity.quantity></Point><Point><position>12404</position><in_Quantity.quantity>0.000000</in_Quantity.quantity><out_Quantity.quantity>773.771119</out_Quantity.quantity></Point><Point><position>12405</position><in_Quantity.quantity>0.000000</in_Quantity.quantity><out_Quantity.quantity>301.954250</out_Quantity.quantity></Point><Point><position>12406</position><in_Quantity.quantity>0.000000</in_Quantity.quantity><out_Quantity.quantity>952.988897</out_Quantity.quantity></Point><Point><position>12407</position><in_Quantity.quantity>0.000000</in_Quantity.quantity><out_Quantity.quantity>521.079529</out_Quantity.quantity></Point><Point><position>12408</position><in_Quantity.quantity>0.000000</in_Quantity.quantity><out_Quantity.quantity>466.834631</out_Quantity.quantity></Point><Point><position>12409</position><in_Quantity.quantity>0.000000</in_Quantity.quantity><out_Quantity.quantity>58.692931</out_Quantity.quantity></Point><Point><position>12410</position><in_Quantity.quantity>0.000000</in_Quantity.quantity><out_Quantity.quantity>454.904644</out_Quantity.quantity></Point><Point><position>12411</position><in_Quantity.quantity>0.000000</in_Quantity.quantity><out_Quantity.quantity>648.229868</out_Quantity.quantity></Point><Point><position>12412</position><in_Quantity.quantity>0.000000</in_Quantity.quantity><out_Quantity.quantity>405.669872</out_Quantity.quantity></Point><Point><position>12413</position><in_Quantity.quantity>0.000000</in_Quantity.quantity><out_Quantity.quantity>507.285096</out_Quantity.quantity></Point><Point><position>12414</position><in_Quantity.quantity>0.000000</in_Quantity.quantity><out_Quantity.quantity>376.898011</out_Quantity.quantity></Point><Point><position>12415</position><in_Quantity.quantity>0.000000</in_Quantity.quantity><out_Quantity.quantity>540.330184</out_Quantity.quantity></Point><Point><position>12416</position><in_Quantity.quantity>0.000000</in_Quantity.quantity><out_Quantity.quantity>828.944035</out_Quantity.quantity></Point><Point><position>12417</position><in_Quantity.quantity>0.000000</in_Quantity.quantity><out_Quantity.quantity>584.747964</out_Quantity.quantity></Point><Point><position>12418</position><in_Quantity.quantity>0.000000</in_Quantity.quantity><out_Quantity.quantity>457.950642</out_Quantity.quantity></Point><Point><position>12419</position><in_Quantity.quantity>0.000000</in_Quantity.quantity><out_Quantity.quantity>882.512648</out_Quantity.quantity></Point><Point><position>12420</position><in_Quantity.quantity>0.000000</in_Quantity.quantity><out_Quantity.quantity>174.169004</out_Quantity.quantity></Point><Point><position>12421</position><in_Quantity.quantity>0.000000</in_Quantity.quantity><out_Quantity.quantity>739.557764</out_Quantity.quantity></Point><Point><position>12422</position><in_Quantity.quantity>0.000000</in_Quantity.quantity><out_Quantity.quantity>636.905752</out_Quantity.quantity></Point><Point><position>12423</position><in_Quantity.quantity>0.000000</in_Quantity.quantity><out_Quantity.quantity>92.111570</out_Quantity.quantity></Point><Point><position>12424</position><in_Quantity.quantity>0.000000</in_Quantity.quantity><out_Quantity.quantity>770.865270</out_Quantity.quantity></Point><Point><position>12425</position><in_Quantity.quantity>0.000000</in_Quantity.quantity><out_Quantity.quantity>458.211993</out_Quantity.quantity></Point><Point><position>12426</position><in_Quantity.quantity>0.000000</in_Quantity.quantity><out_Quantity.quantity>254.105822</out_Quantity.quantity></Point><Point><position>12427</position><in_Quantity.quantity>0.000000</in_Quantity.quantity><out_Quantity.quantity>660.291707</out_Quantity.quantity></Point><Point><position>12428</position><in_Quantity.quantity>0.000000</in_Quantity.quantity><out_Quantity.quantity>520.622327</out_Quantity.quantity></Point><Point><position>12429</position><in_Quantity.quantity>0.000000</in_Quantity.quantity><out_Quantity.quantity>78.757306</out_Quantity.quantity></Point><Point><position>12430</position><in_Quantity.quantity>0.000000</in_Quantity.quantity><out_Quantity.quantity>865.119652</out_Quantity.quantity></Point><Point><position>12431</position><in_Quantity.quantity>0.000000</in_Quantity.quantity><out_Quantity.quantity>338.717875</out_Quantity.quantity></Point><Point><position>12432</position><in_Quantity.quantity>0.000000</in_Quantity.quantity><out_Quantity.quantity>136.559123</out_Quantity.quantity></Point><Point><position>12433</position><in_Quantity.quantity>0.000000</in_Quantity.quantity><out_Quantity.quantity>701.991990</out_Quantity.quantity></Point><Point><position>12434</position><in_Quantity.quantity>0.000000</in_Quantity.quantity><out_Quantity.quantity>679.046167</out_Quantity.quantity></Point><Point><position>12435</position><in_Quantity.quantity>0.000000</in_Quantity.quantity><out_Quantity.quantity>514.339460</out_Quantity.quantity></Point><Point><position>12436</position><in_Quantity.quantity>0.000000</in_Quantity.quantity><out_Quantity.quantity>288.143919</out_Quantity.quantity></Point><Point><position>12437</position><in_Quantity.quantity>0.000000</in_Quantity.quantity><out_Quantity.quantity>778.918944</out_Quantity.quantity></Point><Point><position>12438</position><in_Quantity.quantity>0.000000</in_Quantity.quantity><out_Quantity.quantity>362.840189</out_Quantity.quantity></Point><Point><position>12439</position><in_Quantity.quantity>0.000000</in_Quantity.quantity><out_Quantity.quantity>154.320183</out_Quantity.quantity></Point><Point><position>12440</position><in_Quantity.quantity>0.000000</in_Quantity.quantity><out_Quantity.quantity>495.595762</out_Quantity.quantity></Point><Point><position>12441</position><in_Quantity.quantity>0.000000</in_Quantity.quantity><out_Quantity.quantity>327.117934</out_Quantity.quantity></Point><Point><position>12442</position><in_Quantity.quantity>0.000000</in_Quantity.quantity><out_Quantity.quantity>435.403470</out_Quantity.quantity></Point><Point><position>12443</position><in_Quantity.quantity>0.000000</in_Quantity.quantity><out_Quantity.quantity>477.538325</out_Quantity.quantity></Point><Point><position>12444</position><in_Quantity.quantity>0.000000</in_Quantity.quantity><out_Quantity.quantity>193.413197</out_Quantity.quantity></Point><Point><position>12445</position><in_Quantity.quantity>0.000000</in_Quantity.quantity><out_Quantity.quantity>958.795770</out_Quantity.quantity></Point><Point><position>12446</position><in_Quantity.quantity>0.000000</in_Quantity.quantity><out_Quantity.quantity>864.335632</out_Quantity.quantity></Point><Point><position>12447</position><in_Quantity.quantity>0.000000</in_Quantity.quantity><out_Quantity.quantity>183.247194</out_Quantity.quantity></Point><Point><position>12448</position><in_Quantity.quantity>0.000000</in_Quantity.quantity><out_Quantity.quantity>695.740166</out_Quantity.quantity></Point><Point><position>12449</position><in_Quantity.quantity>0.000000</in_Quantity.quantity><out_Quantity.quantity>692.686012</out_Quantity.quantity></Point><Point><position>12450</position><in_Quantity.quantity>0.000000</in_Quantity.quantity><out_Quantity.quantity>283.226331</out_Quantity.quantity></Point><Point><position>12451</position><in_Quantity.quantity>0.000000</in_Quantity.quantity><out_Quantity.quantity>787.930907</out_Quantity.quantity></Point><Point><position>12452</position><in_Quantity.quantity>0.000000</in_Quantity.quantity><out_Quantity.quantity>872.412126</out_Quantity.quantity></Point><Point><position>12453</position><in_Quantity.quantity>0.000000</in_Quantity.quantity><out_Quantity.quantity>644.576004</out_Quantity.quantity></Point><Point><position>12454</position><in_Quantity.quantity>0.000000</in_Quantity.quantity><out_Quantity.quantity>770.245981</out_Quantity.quantity></Point><Point><position>12455</position><in_Quantity.quantity>0.000000</in_Quantity.quantity><out_Quantity.quantity>964.577838</out_Quantity.quantity></Point><Point><position>12456</position><in_Quantity.quantity>0.000000</in_Quantity.quantity><out_Quantity.quantity>213.084337</out_Quantity.quantity></Point><Point><position>12457</position><in_Quantity.quantity>0.000000</in_Quantity.quantity><out_Quantity.quantity>354.997711</out_Quantity.quantity></Point><Point><position>12458</position><in_Quantity.quantity>0.000000</in_Quantity.quantity><out_Quantity.quantity>831.402824</out_Quantity.quantity></Point><Point><position>12459</position><in_Quantity.quantity>0.000000</in_Quantity.quantity><out_Quantity.quantity>584.899796</out_Quantity.quantity></Point><Point><position>12460</position><in_Quantity.quantity>0.000000</in_Quantity.quantity><out_Quantity.quantity>481.027026</out_Quantity.quantity></Point><Point><position>12461</position><in_Quantity.quantity>0.000000</in_Quantity.quantity><out_Quantity.quantity>82.177951</out_Quantity.quantity></Point><Point><position>12462</position><in_Quantity.quantity>0.000000</in_Quantity.quantity><out_Quantity.quantity>643.857578</out_Quantity.quantity></Point><Point><position>12463</position><in_Quantity.quantity>0.000000</in_Quantity.quantity><out_Quantity.quantity>411.249248</out_Quantity.quantity></Point><Point><position>12464</position><in_Quantity.quantity>0.000000</in_Quantity.quantity><out_Quantity.quantity>118.526285</out_Quantity.quantity></Point><Point><position>12465</position><in_Quantity.quantity>0.000000</in_Quantity.quantity><out_Quantity.quantity>444.928287</out_Quantity.quantity></Point><Point><position>12466</position><in_Quantity.quantity>0.000000</in_Quantity.quantity><out_Quantity.quantity>721.227881</out_Quantity.quantity></Point><Point><position>12467</position><in_Quantity.quantity>0.000000</in_Quantity.quantity><out_Quantity.quantity>732.446307</out_Quantity.quantity></Point><Point><position>12468</position><in_Quantity.quantity>0.000000</in_Quantity.quantity><out_Quantity.quantity>745.566344</out_Quantity.quantity></Point><Point><position>12469</position><in_Quantity.quantity>0.000000</in_Quantity.quantity><out_Quantity.quantity>142.829572</out_Quantity.quantity></Point><Point><position>12470</position><in_Quantity.quantity>0.000000</in_Quantity.quantity><out_Quantity.quantity>499.755082</out_Quantity.quantity></Point><Point><position>12471</position><in_Quantity.quantity>0.000000</in_Quantity.quantity><out_Quantity.quantity>776.707496</out_Quantity.quantity></Point><Point><position>12472</position><in_Quantity.quantity>0.000000</in_Quantity.quantity><out_Quantity.quantity>130.014898</out_Quantity.quantity></Point><Point><position>12473</position><in_Quantity.quantity>0.000000</in_Quantity.quantity><out_Quantity.quantity>178.802760</out_Quantity.quantity></Point><Point><position>12474</position><in_Quantity.quantity>0.000000</in_Quantity.quantity><out_Quantity.quantity>236.262025</out_Quantity.quantity></Point><Point><position>12475</position><in_Quantity.quantity>0.000000</in_Quantity.quantity><out_Quantity.quantity>869.469436</out_Quantity.quantity></Point><Point><position>12476</position><in_Quantity.quantity>0.000000</in_Quantity.quantity><out_Quantity.quantity>430.612266</out_Quantity.quantity></Point><Point><position>12477</position><in_Quantity.quantity>0.000000</in_Quantity.quantity><out_Quantity.quantity>450.697848</out_Quantity.quantity></Point><Point><position>12478</position><in_Quantity.quantity>0.000000</in_Quantity.quantity><out_Quantity.quantity>188.759618</out_Quantity.quantity></Point><Point><position>12479</position><in_Quantity.quantity>0.000000</in_Quantity.quantity><out_Quantity.quantity>566.374671</out_Quantity.quantity></Point><Point><position>12480</position><in_Quantity.quantity>0.000000</in_Quantity.quantity><out_Quantity.quantity>782.709401</out_Quantity.quantity></Point><Point><position>12481</position><in_Quantity.quantity>0.000000</in_Quantity.quantity><out_Quantity.quantity>893.384233</out_Quantity.quantity></Point><Point><position>12482</position><in_Quantity.quantity>0.000000</in_Quantity.quantity><out_Quantity.quantity>944.417843</out_Quantity.quantity></Point><Point><position>12483</position><in_Quantity.quantity>0.000000</in_Quantity.quantity><out_Quantity.quantity>797.373064</out_Quantity.quantity></Point><Point><position>12484</position><in_Quantity.quantity>0.000000</in_Quantity.quantity><out_Quantity.quantity>907.640194</out_Quantity.quantity></Point><Point><position>12485</position><in_Quantity.quantity>0.000000</in_Quantity.quantity><out_Quantity.quantity>581.725889</out_Quantity.quantity></Point><Point><position>12486</position><in_Quantity.quantity>0.000000</in_Quantity.quantity><out_Quantity.quantity>467.634785</out_Quantity.quantity></Point><Point><position>12487</position><in_Quantity.quantity>0.000000</in_Quantity.quantity><out_Quantity.quantity>707.213143</out_Quantity.quantity></Point><Point><position>12488</position><in_Quantity.quantity>0.000000</in_Quantity.quantity><out_Quantity.quantity>79.340333</out_Quantity.quantity></Point><Point><position>12489</position><in_Quantity.quantity>0.000000</in_Quantity.quantity><out_Quantity.quantity>693.854720</out_Quantity.quantity></Point><Point><position>12490</position><in_Quantity.quantity>0.000000</in_Quantity.quantity><out_Quantity.quantity>299.458307</out_Quantity.quantity></Point><Point><position>12491</position><in_Quantity.quantity>0.000000</in_Quantity.quantity><out_Quantity.quantity>9.779862</out_Quantity.quantity></Point><Point><position>12492</position><in_Quantity.quantity>0.000000</in_Quantity.quantity><out_Quantity.quantity>411.442058</out_Quantity.quantity></Point><Point><position>12493</position><in_Quantity.quantity>0.000000</in_Quantity.quantity><out_Quantity.quantity>702.121094</out_Quantity.quantity></Point><Point><position>12494</position><in_Quantity.quantity>0.000000</in_Quantity.quantity><out_Quantity.quantity>509.459368</out_Quantity.quantity></Point><Point><position>12495</position><in_Quantity.quantity>0.000000</in_Quantity.quantity><out_Quantity.quantity>858.707498</out_Quantity.quantity></Point><Point><position>12496</position><in_Quantity.quantity>0.000000</in_Quantity.quantity><out_Quantity.quantity>543.461450</out_Quantity.quantity></Point><Point><position>12497</position><in_Quantity.quantity>0.000000</in_Quantity.quantity><out_Quantity.quantity>524.396829</out_Quantity.quantity></Point><Point><position>12498</position><in_Quantity.quantity>0.000000</in_Quantity.quantity><out_Quantity.quantity>904.333329</out_Quantity.quantity></Point><Point><position>12499</position><in_Quantity.quantity>0.000000</in_Quantity.quantity><out_Quantity.quantity>346.670114</out_Quantity.quantity></Point><Point><position>12500</position><in_Quantity.quantity>0.000000</in_Quantity.quantity><out_Quantity.quantity>222.528336</out_Quantity.quantity></Point><Point><position>12501</position><in_Quantity.quantity>0.000000</in_Quantity.quantity><out_Quantity.quantity>604.357112</out_Quantity.quantity></Point><Point><position>12502</position><in_Quantity.quantity>0.000000</in_Quantity.quantity><out_Quantity.quantity>431.045681</out_Quantity.quantity></Point><Point><position>12503</position><in_Quantity.quantity>0.000000</in_Quantity.quantity><out_Quantity.quantity>157.623086</out_Quantity.quantity></Point><Point><position>12504</position><in_Quantity.quantity>0.000000</in_Quantity.quantity><out_Quantity.quantity>592.808210</out_Quantity.quantity></Point><Point><position>12505</position><in_Quantity.quantity>0.000000</in_Quantity.quantity><out_Quantity.quantity>365.820008</out_Quantity.quantity></Point><Point><position>12506</position><in_Quantity.quantity>0.000000</in_Quantity.quantity><out_Quantity.quantity>386.254534</out_Quantity.quantity></Point><Point><position>12507</position><in_Quantity.quantity>0.000000</in_Quantity.quantity><out_Quantity.quantity>804.951834</out_Quantity.quantity></Point><Point><position>12508</position><in_Quantity.quantity>0.000000</in_Quantity.quantity><out_Quantity.quantity>125.241964</out_Quantity.quantity></Point><Point><position>12509</position><in_Quantity.quantity>0.000000</in_Quantity.quantity><out_Quantity.quantity>212.689243</out_Quantity.quantity></Point><Point><position>12510</position><in_Quantity.quantity>0.000000</in_Quantity.quantity><out_Quantity.quantity>29.786946</out_Quantity.quantity></Point><Point><position>12511</position><in_Quantity.quantity>0.000000</in_Quantity.quantity><out_Quantity.quantity>378.200396</out_Quantity.quantity></Point><Point><position>12512</position><in_Quantity.quantity>0.000000</in_Quantity.quantity><out_Quantity.quantity>20.478867</out_Quantity.quantity></Point><Point><position>12513</position><in_Quantity.quantity>0.000000</in_Quantity.quantity><out_Quantity.quantity>279.621116</out_Quantity.quantity></Point><Point><position>12514</position><in_Quantity.quantity>0.000000</in_Quantity.quantity><out_Quantity.quantity>672.343012</out_Quantity.quantity></Point><Point><position>12515</position><in_Quantity.quantity>0.000000</in_Quantity.quantity><out_Quantity.quantity>666.137831</out_Quantity.quantity></Point><Point><position>12516</position><in_Quantity.quantity>0.000000</in_Quantity.quantity><out_Quantity.quantity>438.577216</out_Quantity.quantity></Point><Point><position>12517</position><in_Quantity.quantity>0.000000</in_Quantity.quantity><out_Quantity.quantity>295.277151</out_Quantity.quantity></Point><Point><position>12518</position><in_Quantity.quantity>0.000000</in_Quantity.quantity><out_Quantity.quantity>231.722056</out_Quantity.quantity></Point><Point><position>12519</position><in_Quantity.quantity>0.000000</in_Quantity.quantity><out_Quantity.quantity>796.435754</out_Quantity.quantity></Point><Point><position>12520</position><in_Quantity.quantity>0.000000</in_Quantity.quantity><out_Quantity.quantity>313.942862</out_Quantity.quantity></Point><Point><position>12521</position><in_Quantity.quantity>0.000000</in_Quantity.quantity><out_Quantity.quantity>98.099908</out_Quantity.quantity></Point><Point><position>12522</position><in_Quantity.quantity>0.000000</in_Quantity.quantity><out_Quantity.quantity>447.715549</out_Quantity.quantity></Point><Point><position>12523</position><in_Quantity.quantity>0.000000</in_Quantity.quantity><out_Quantity.quantity>464.044284</out_Quantity.quantity></Point><Point><position>12524</position><in_Quantity.quantity>0.000000</in_Quantity.quantity><out_Quantity.quantity>150.464412</out_Quantity.quantity></Point><Point><position>12525</position><in_Quantity.quantity>0.000000</in_Quantity.quantity><out_Quantity.quantity>640.261572</out_Quantity.quantity></Point><Point><position>12526</position><in_Quantity.quantity>0.000000</in_Quantity.quantity><out_Quantity.quantity>842.342697</out_Quantity.quantity></Point><Point><position>12527</position><in_Quantity.quantity>0.000000</in_Quantity.quantity><out_Quantity.quantity>881.111844</out_Quantity.quantity></Point><Point><position>12528</position><in_Quantity.quantity>0.000000</in_Quantity.quantity><out_Quantity.quantity>791.679885</out_Quantity.quantity></Point><Point><position>12529</position><in_Quantity.quantity>0.000000</in_Quantity.quantity><out_Quantity.quantity>654.457662</out_Quantity.quantity></Point><Point><position>12530</position><in_Quantity.quantity>0.000000</in_Quantity.quantity><out_Quantity.quantity>497.060206</out_Quantity.quantity></Point><Point><position>12531</position><in_Quantity.quantity>0.000000</in_Quantity.quantity><out_Quantity.quantity>614.831493</out_Quantity.quantity></Point><Point><position>12532</position><in_Quantity.quantity>0.000000</in_Quantity.quantity><out_Quantity.quantity>724.176525</out_Quantity.quantity></Point><Point><position>12533</position><in_Quantity.quantity>0.000000</in_Quantity.quantity><out_Quantity.quantity>562.808637</out_Quantity.quantity></Point><Point><position>12534</position><in_Quantity.quantity>0.000000</in_Quantity.quantity><out_Quantity.quantity>494.755780</out_Quantity.quantity></Point><Point><position>12535</position><in_Quantity.quantity>0.000000</in_Quantity.quantity><out_Quantity.quantity>669.927527</out_Quantity.quantity></Point><Point><position>12536</position><in_Quantity.quantity>0.000000</in_Quantity.quantity><out_Quantity.quantity>860.890208</out_Quantity.quantity></Point><Point><position>12537</position><in_Quantity.quantity>0.000000</in_Quantity.quantity><out_Quantity.quantity>597.378659</out_Quantity.quantity></Point><Point><position>12538</position><in_Quantity.quantity>0.000000</in_Quantity.quantity><out_Quantity.quantity>705.430581</out_Quantity.quantity></Point><Point><position>12539</position><in_Quantity.quantity>0.000000</in_Quantity.quantity><out_Quantity.quantity>48.604503</out_Quantity.quantity></Point><Point><position>12540</position><in_Quantity.quantity>0.000000</in_Quantity.quantity><out_Quantity.quantity>433.530474</out_Quantity.quantity></Point><Point><position>12541</position><in_Quantity.quantity>0.000000</in_Quantity.quantity><out_Quantity.quantity>892.261576</out_Quantity.quantity></Point><Point><position>12542</position><in_Quantity.quantity>0.000000</in_Quantity.quantity><out_Quantity.quantity>511.487507</out_Quantity.quantity></Point><Point><position>12543</position><in_Quantity.quantity>0.000000</in_Quantity.quantity><out_Quantity.quantity>294.081387</out_Quantity.quantity></Point><Point><position>12544</position><in_Quantity.quantity>0.000000</in_Quantity.quantity><out_Quantity.quantity>461.300270</out_Quantity.quantity></Point><Point><position>12545</position><in_Quantity.quantity>0.000000</in_Quantity.quantity><out_Quantity.quantity>987.369339</out_Quantity.quantity></Point><Point><position>12546</position><in_Quantity.quantity>0.000000</in_Quantity.quantity><out_Quantity.quantity>458.638999</out_Quantity.quantity></Point><Point><position>12547</position><in_Quantity.quantity>0.000000</in_Quantity.quantity><out_Quantity.quantity>978.234107</out_Quantity.quantity></Point><Point><position>12548</position><in_Quantity.quantity>0.000000</in_Quantity.quantity><out_Quantity.quantity>883.472037</out_Quantity.quantity></Point><Point><position>12549</position><in_Quantity.quantity>0.000000</in_Quantity.quantity><out_Quantity.quantity>747.152117</out_Quantity.quantity></Point><Point><position>12550</position><in_Quantity.quantity>0.000000</in_Quantity.quantity><out_Quantity.quantity>914.870776</out_Quantity.quantity></Point><Point><position>12551</position><in_Quantity.quantity>0.000000</in_Quantity.quantity><out_Quantity.quantity>328.501255</out_Quantity.quantity></Point><Point><position>12552</position><in_Quantity.quantity>0.000000</in_Quantity.quantity><out_Quantity.quantity>521.272260</out_Quantity.quantity></Point><Point><position>12553</position><in_Quantity.quantity>0.000000</in_Quantity.quantity><out_Quantity.quantity>552.800226</out_Quantity.quantity></Point><Point><position>12554</position><in_Quantity.quantity>0.000000</in_Quantity.quantity><out_Quantity.quantity>762.102218</out_Quantity.quantity></Point><Point><position>12555</position><in_Quantity.quantity>0.000000</in_Quantity.quantity><out_Quantity.quantity>919.334946</out_Quantity.quantity></Point><Point><position>12556</position><in_Quantity.quantity>0.000000</in_Quantity.quantity><out_Quantity.quantity>106.123935</out_Quantity.quantity></Point><Point><position>12557</position><in_Quantity.quantity>0.000000</in_Quantity.quantity><out_Quantity.quantity>228.905353</out_Quantity.quantity></Point><Point><position>12558</position><in_Quantity.quantity>0.000000</in_Quantity.quantity><out_Quantity.quantity>419.659461</out_Quantity.quantity></Point><Point><position>12559</position><in_Quantity.quantity>0.000000</in_Quantity.quantity><out_Quantity.quantity>151.722773</out_Quantity.quantity></Point><Point><position>12560</position><in_Quantity.quantity>0.000000</in_Quantity.quantity><out_Quantity.quantity>788.205564</out_Quantity.quantity></Point><Point><position>12561</position><in_Quantity.quantity>0.000000</in_Quantity.quantity><out_Quantity.quantity>142.524212</out_Quantity.quantity></Point><Point><position>12562</position><in_Quantity.quantity>0.000000</in_Quantity.quantity><out_Quantity.quantity>179.886194</out_Quantity.quantity></Point><Point><position>12563</position><in_Quantity.quantity>0.000000</in_Quantity.quantity><out_Quantity.quantity>788.452418</out_Quantity.quantity></Point><Point><position>12564</position><in_Quantity.quantity>0.000000</in_Quantity.quantity><out_Quantity.quantity>930.169279</out_Quantity.quantity></Point><Point><position>12565</position><in_Quantity.quantity>0.000000</in_Quantity.quantity><out_Quantity.quantity>336.089030</out_Quantity.quantity></Point><Point><position>12566</position><in_Quantity.quantity>0.000000</in_Quantity.quantity><out_Quantity.quantity>504.545534</out_Quantity.quantity></Point><Point><position>12567</position><in_Quantity.quantity>0.000000</in_Quantity.quantity><out_Quantity.quantity>920.069426</out_Quantity.quantity></Point><Point><position>12568</position><in_Quantity.quantity>0.000000</in_Quantity.quantity><out_Quantity.quantity>423.872634</out_Quantity.quantity></Point><Point><position>12569</position><in_Quantity.quantity>0.000000</in_Quantity.quantity><out_Quantity.quantity>598.875100</out_Quantity.quantity></Point><Point><position>12570</position><in_Quantity.quantity>0.000000</in_Quantity.quantity><out_Quantity.quantity>515.064368</out_Quantity.quantity></Point><Point><position>12571</position><in_Quantity.quantity>0.000000</in_Quantity.quantity><out_Quantity.quantity>751.222697</out_Quantity.quantity></Point><Point><position>12572</position><in_Quantity.quantity>0.000000</in_Quantity.quantity><out_Quantity.quantity>505.737584</out_Quantity.quantity></Point><Point><position>12573</position><in_Quantity.quantity>0.000000</in_Quantity.quantity><out_Quantity.quantity>744.037152</out_Quantity.quantity></Point><Point><position>12574</position><in_Quantity.quantity>0.000000</in_Quantity.quantity><out_Quantity.quantity>94.285483</out_Quantity.quantity></Point><Point><position>12575</position><in_Quantity.quantity>0.000000</in_Quantity.quantity><out_Quantity.quantity>79.895469</out_Quantity.quantity></Point><Point><position>12576</position><in_Quantity.quantity>0.000000</in_Quantity.quantity><out_Quantity.quantity>26.936845</out_Quantity.quantity></Point><Point><position>12577</position><in_Quantity.quantity>0.000000</in_Quantity.quantity><out_Quantity.quantity>539.383033</out_Quantity.quantity></Point><Point><position>12578</position><in_Quantity.quantity>0.000000</in_Quantity.quantity><out_Quantity.quantity>393.690239</out_Quantity.quantity></Point><Point><position>12579</position><in_Quantity.quantity>0.000000</in_Quantity.quantity><out_Quantity.quantity>161.224229</out_Quantity.quantity></Point><Point><position>12580</position><in_Quantity.quantity>0.000000</in_Quantity.quantity><out_Quantity.quantity>163.425092</out_Quantity.quantity></Point><Point><position>12581</position><in_Quantity.quantity>0.000000</in_Quantity.quantity><out_Quantity.quantity>144.806115</out_Quantity.quantity></Point><Point><position>12582</position><in_Quantity.quantity>0.000000</in_Quantity.quantity><out_Quantity.quantity>628.524072</out_Quantity.quantity></Point><Point><position>12583</position><in_Quantity.quantity>0.000000</in_Quantity.quantity><out_Quantity.quantity>99.628128</out_Quantity.quantity></Point><Point><position>12584</position><in_Quantity.quantity>0.000000</in_Quantity.quantity><out_Quantity.quantity>788.370851</out_Quantity.quantity></Point><Point><position>12585</position><in_Quantity.quantity>0.000000</in_Quantity.quantity><out_Quantity.quantity>142.057765</out_Quantity.quantity></Point><Point><position>12586</position><in_Quantity.quantity>0.000000</in_Quantity.quantity><out_Quantity.quantity>875.512258</out_Quantity.quantity></Point><Point><position>12587</position><in_Quantity.quantity>0.000000</in_Quantity.quantity><out_Quantity.quantity>775.317902</out_Quantity.quantity></Point><Point><position>12588</position><in_Quantity.quantity>0.000000</in_Quantity.quantity><out_Quantity.quantity>70.231019</out_Quantity.quantity></Point><Point><position>12589</position><in_Quantity.quantity>0.000000</in_Quantity.quantity><out_Quantity.quantity>416.310074</out_Quantity.quantity></Point><Point><position>12590</position><in_Quantity.quantity>0.000000</in_Quantity.quantity><out_Quantity.quantity>796.382258</out_Quantity.quantity></Point><Point><position>12591</position><in_Quantity.quantity>0.000000</in_Quantity.quantity><out_Quantity.quantity>529.240234</out_Quantity.quantity></Point><Point><position>12592</position><in_Quantity.quantity>0.000000</in_Quantity.quantity><out_Quantity.quantity>325.266725</out_Quantity.quantity></Point><Point><position>12593</position><in_Quantity.quantity>0.000000</in_Quantity.quantity><out_Quantity.quantity>605.178296</out_Quantity.quantity></Point><Point><position>12594</position><in_Quantity.quantity>0.000000</in_Quantity.quantity><out_Quantity.quantity>999.107482</out_Quantity.quantity></Point><Point><position>12595</position><in_Quantity.quantity>0.000000</in_Quantity.quantity><out_Quantity.quantity>268.052751</out_Quantity.quantity></Point><Point><position>12596</position><in_Quantity.quantity>0.000000</in_Quantity.quantity><out_Quantity.quantity>950.660033</out_Quantity.quantity></Point><Point><position>12597</position><in_Quantity.quantity>0.000000</in_Quantity.quantity><out_Quantity.quantity>553.545702</out_Quantity.quantity></Point><Point><position>12598</position><in_Quantity.quantity>0.000000</in_Quantity.quantity><out_Quantity.quantity>3.568255</out_Quantity.quantity></Point><Point><position>12599</position><in_Quantity.quantity>0.000000</in_Quantity.quantity><out_Quantity.quantity>437.238256</out_Quantity.quantity></Point><Point><position>12600</position><in_Quantity.quantity>0.000000</in_Quantity.quantity><out_Quantity.quantity>999.101775</out_Quantity.quantity></Point><Point><position>12601</position><in_Quantity.quantity>0.000000</in_Quantity.quantity><out_Quantity.quantity>967.767401</out_Quantity.quantity></Point><Point><position>12602</position><in_Quantity.quantity>0.000000</in_Quantity.quantity><out_Quantity.quantity>592.412641</out_Quantity.quantity></Point><Point><position>12603</position><in_Quantity.quantity>0.000000</in_Quantity.quantity><out_Quantity.quantity>977.880666</out_Quantity.quantity></Point><Point><position>12604</position><in_Quantity.quantity>0.000000</in_Quantity.quantity><out_Quantity.quantity>907.664279</out_Quantity.quantity></Point><Point><position>12605</position><in_Quantity.quantity>0.000000</in_Quantity.quantity><out_Quantity.quantity>206.608343</out_Quantity.quantity></Point><Point><position>12606</position><in_Quantity.quantity>0.000000</in_Quantity.quantity><out_Quantity.quantity>381.730556</out_Quantity.quantity></Point><Point><position>12607</position><in_Quantity.quantity>0.000000</in_Quantity.quantity><out_Quantity.quantity>684.786655</out_Quantity.quantity></Point><Point><position>12608</position><in_Quantity.quantity>0.000000</in_Quantity.quantity><out_Quantity.quantity>139.655429</out_Quantity.quantity></Point><Point><position>12609</position><in_Quantity.quantity>0.000000</in_Quantity.quantity><out_Quantity.quantity>43.267484</out_Quantity.quantity></Point><Point><position>12610</position><in_Quantity.quantity>0.000000</in_Quantity.quantity><out_Quantity.quantity>608.457605</out_Quantity.quantity></Point><Point><position>12611</position><in_Quantity.quantity>0.000000</in_Quantity.quantity><out_Quantity.quantity>308.885872</out_Quantity.quantity></Point><Point><position>12612</position><in_Quantity.quantity>0.000000</in_Quantity.quantity><out_Quantity.quantity>922.978816</out_Quantity.quantity></Point><Point><position>12613</position><in_Quantity.quantity>0.000000</in_Quantity.quantity><out_Quantity.quantity>680.976249</out_Quantity.quantity></Point><Point><position>12614</position><in_Quantity.quantity>0.000000</in_Quantity.quantity><out_Quantity.quantity>630.755916</out_Quantity.quantity></Point><Point><position>12615</position><in_Quantity.quantity>0.000000</in_Quantity.quantity><out_Quantity.quantity>771.438939</out_Quantity.quantity></Point><Point><position>12616</position><in_Quantity.quantity>0.000000</in_Quantity.quantity><out_Quantity.quantity>292.715518</out_Quantity.quantity></Point><Point><position>12617</position><in_Quantity.quantity>0.000000</in_Quantity.quantity><out_Quantity.quantity>840.558867</out_Quantity.quantity></Point><Point><position>12618</position><in_Quantity.quantity>0.000000</in_Quantity.quantity><out_Quantity.quantity>721.397483</out_Quantity.quantity></Point><Point><position>12619</position><in_Quantity.quantity>0.000000</in_Quantity.quantity><out_Quantity.quantity>532.300943</out_Quantity.quantity></Point><Point><position>12620</position><in_Quantity.quantity>0.000000</in_Quantity.quantity><out_Quantity.quantity>707.075368</out_Quantity.quantity></Point><Point><position>12621</position><in_Quantity.quantity>0.000000</in_Quantity.quantity><out_Quantity.quantity>435.995422</out_Quantity.quantity></Point><Point><position>12622</position><in_Quantity.quantity>0.000000</in_Quantity.quantity><out_Quantity.quantity>131.220151</out_Quantity.quantity></Point><Point><position>12623</position><in_Quantity.quantity>0.000000</in_Quantity.quantity><out_Quantity.quantity>940.316188</out_Quantity.quantity></Point><Point><position>12624</position><in_Quantity.quantity>0.000000</in_Quantity.quantity><out_Quantity.quantity>761.500903</out_Quantity.quantity></Point><Point><position>12625</position><in_Quantity.quantity>0.000000</in_Quantity.quantity><out_Quantity.quantity>71.218571</out_Quantity.quantity></Point><Point><position>12626</position><in_Quantity.quantity>0.000000</in_Quantity.quantity><out_Quantity.quantity>934.743355</out_Quantity.quantity></Point><Point><position>12627</position><in_Quantity.quantity>0.000000</in_Quantity.quantity><out_Quantity.quantity>401.490601</out_Quantity.quantity></Point><Point><position>12628</position><in_Quantity.quantity>0.000000</in_Quantity.quantity><out_Quantity.quantity>39.358877</out_Quantity.quantity></Point><Point><position>12629</position><in_Quantity.quantity>0.000000</in_Quantity.quantity><out_Quantity.quantity>360.601309</out_Quantity.quantity></Point><Point><position>12630</position><in_Quantity.quantity>0.000000</in_Quantity.quantity><out_Quantity.quantity>866.594221</out_Quantity.quantity></Point><Point><position>12631</position><in_Quantity.quantity>0.000000</in_Quantity.quantity><out_Quantity.quantity>362.541974</out_Quantity.quantity></Point><Point><position>12632</position><in_Quantity.quantity>0.000000</in_Quantity.quantity><out_Quantity.quantity>870.717276</out_Quantity.quantity></Point><Point><position>12633</position><in_Quantity.quantity>0.000000</in_Quantity.quantity><out_Quantity.quantity>154.732631</out_Quantity.quantity></Point><Point><position>12634</position><in_Quantity.quantity>0.000000</in_Quantity.quantity><out_Quantity.quantity>578.720837</out_Quantity.quantity></Point><Point><position>12635</position><in_Quantity.quantity>0.000000</in_Quantity.quantity><out_Quantity.quantity>305.880543</out_Quantity.quantity></Point><Point><position>12636</position><in_Quantity.quantity>0.000000</in_Quantity.quantity><out_Quantity.quantity>386.874416</out_Quantity.quantity></Point><Point><position>12637</position><in_Quantity.quantity>0.000000</in_Quantity.quantity><out_Quantity.quantity>584.029910</out_Quantity.quantity></Point><Point><position>12638</position><in_Quantity.quantity>0.000000</in_Quantity.quantity><out_Quantity.quantity>831.825889</out_Quantity.quantity></Point><Point><position>12639</position><in_Quantity.quantity>0.000000</in_Quantity.quantity><out_Quantity.quantity>271.718395</out_Quantity.quantity></Point><Point><position>12640</position><in_Quantity.quantity>0.000000</in_Quantity.quantity><out_Quantity.quantity>568.859332</out_Quantity.quantity></Point><Point><position>12641</position><in_Quantity.quantity>0.000000</in_Quantity.quantity><out_Quantity.quantity>783.703765</out_Quantity.quantity></Point><Point><position>12642</position><in_Quantity.quantity>0.000000</in_Quantity.quantity><out_Quantity.quantity>859.546420</out_Quantity.quantity></Point><Point><position>12643</position><in_Quantity.quantity>0.000000</in_Quantity.quantity><out_Quantity.quantity>66.213490</out_Quantity.quantity></Point><Point><position>12644</position><in_Quantity.quantity>0.000000</in_Quantity.quantity><out_Quantity.quantity>394.086865</out_Quantity.quantity></Point><Point><position>12645</position><in_Quantity.quantity>0.000000</in_Quantity.quantity><out_Quantity.quantity>127.931100</out_Quantity.quantity></Point><Point><position>12646</position><in_Quantity.quantity>0.000000</in_Quantity.quantity><out_Quantity.quantity>583.340638</out_Quantity.quantity></Point><Point><position>12647</position><in_Quantity.quantity>0.000000</in_Quantity.quantity><out_Quantity.quantity>687.667704</out_Quantity.quantity></Point><Point><position>12648</position><in_Quantity.quantity>0.000000</in_Quantity.quantity><out_Quantity.quantity>629.385101</out_Quantity.quantity></Point><Point><position>12649</position><in_Quantity.quantity>0.000000</in_Quantity.quantity><out_Quantity.quantity>34.936350</out_Quantity.quantity></Point><Point><position>12650</position><in_Quantity.quantity>0.000000</in_Quantity.quantity><out_Quantity.quantity>293.432587</out_Quantity.quantity></Point><Point><position>12651</position><in_Quantity.quantity>0.000000</in_Quantity.quantity><out_Quantity.quantity>325.296668</out_Quantity.quantity></Point><Point><position>12652</position><in_Quantity.quantity>0.000000</in_Quantity.quantity><out_Quantity.quantity>928.652403</out_Quantity.quantity></Point><Point><position>12653</position><in_Quantity.quantity>0.000000</in_Quantity.quantity><out_Quantity.quantity>582.817250</out_Quantity.quantity></Point><Point><position>12654</position><in_Quantity.quantity>0.000000</in_Quantity.quantity><out_Quantity.quantity>621.269338</out_Quantity.quantity></Point><Point><position>12655</position><in_Quantity.quantity>0.000000</in_Quantity.quantity><out_Quantity.quantity>861.034173</out_Quantity.quantity></Point><Point><position>12656</position><in_Quantity.quantity>0.000000</in_Quantity.quantity><out_Quantity.quantity>986.384137</out_Quantity.quantity></Point><Point><position>12657</position><in_Quantity.quantity>0.000000</in_Quantity.quantity><out_Quantity.quantity>135.264121</out_Quantity.quantity></Point><Point><position>12658</position><in_Quantity.quantity>0.000000</in_Quantity.quantity><out_Quantity.quantity>646.026167</out_Quantity.quantity></Point><Point><position>12659</position><in_Quantity.quantity>0.000000</in_Quantity.quantity><out_Quantity.quantity>578.884541</out_Quantity.quantity></Point><Point><position>12660</position><in_Quantity.quantity>0.000000</in_Quantity.quantity><out_Quantity.quantity>83.995456</out_Quantity.quantity></Point><Point><position>12661</position><in_Quantity.quantity>0.000000</in_Quantity.quantity><out_Quantity.quantity>216.055077</out_Quantity.quantity></Point><Point><position>12662</position><in_Quantity.quantity>0.000000</in_Quantity.quantity><out_Quantity.quantity>204.945192</out_Quantity.quantity></Point><Point><position>12663</position><in_Quantity.quantity>0.000000</in_Quantity.quantity><out_Quantity.quantity>80.388749</out_Quantity.quantity></Point><Point><position>12664</position><in_Quantity.quantity>0.000000</in_Quantity.quantity><out_Quantity.quantity>404.996611</out_Quantity.quantity></Point><Point><position>12665</position><in_Quantity.quantity>0.000000</in_Quantity.quantity><out_Quantity.quantity>763.987503</out_Quantity.quantity></Point><Point><position>12666</position><in_Quantity.quantity>0.000000</in_Quantity.quantity><out_Quantity.quantity>217.586744</out_Quantity.quantity></Point><Point><position>12667</position><in_Quantity.quantity>0.000000</in_Quantity.quantity><out_Quantity.quantity>586.305239</out_Quantity.quantity></Point><Point><position>12668</position><in_Quantity.quantity>0.000000</in_Quantity.quantity><out_Quantity.quantity>464.576109</out_Quantity.quantity></Point><Point><position>12669</position><in_Quantity.quantity>0.000000</in_Quantity.quantity><out_Quantity.quantity>424.554568</out_Quantity.quantity></Point><Point><position>12670</position><in_Quantity.quantity>0.000000</in_Quantity.quantity><out_Quantity.quantity>264.219088</out_Quantity.quantity></Point><Point><position>12671</position><in_Quantity.quantity>0.000000</in_Quantity.quantity><out_Quantity.quantity>410.388804</out_Quantity.quantity></Point><Point><position>12672</position><in_Quantity.quantity>0.000000</in_Quantity.quantity><out_Quantity.quantity>750.885521</out_Quantity.quantity></Point><Point><position>12673</position><in_Quantity.quantity>0.000000</in_Quantity.quantity><out_Quantity.quantity>308.616876</out_Quantity.quantity></Point><Point><position>12674</position><in_Quantity.quantity>0.000000</in_Quantity.quantity><out_Quantity.quantity>84.453628</out_Quantity.quantity></Point><Point><position>12675</position><in_Quantity.quantity>0.000000</in_Quantity.quantity><out_Quantity.quantity>379.165070</out_Quantity.quantity></Point><Point><position>12676</position><in_Quantity.quantity>0.000000</in_Quantity.quantity><out_Quantity.quantity>432.333978</out_Quantity.quantity></Point><Point><position>12677</position><in_Quantity.quantity>0.000000</in_Quantity.quantity><out_Quantity.quantity>124.404419</out_Quantity.quantity></Point><Point><position>12678</position><in_Quantity.quantity>0.000000</in_Quantity.quantity><out_Quantity.quantity>803.678741</out_Quantity.quantity></Point><Point><position>12679</position><in_Quantity.quantity>0.000000</in_Quantity.quantity><out_Quantity.quantity>534.602404</out_Quantity.quantity></Point><Point><position>12680</position><in_Quantity.quantity>0.000000</in_Quantity.quantity><out_Quantity.quantity>662.771401</out_Quantity.quantity></Point><Point><position>12681</position><in_Quantity.quantity>0.000000</in_Quantity.quantity><out_Quantity.quantity>252.434084</out_Quantity.quantity></Point><Point><position>12682</position><in_Quantity.quantity>0.000000</in_Quantity.quantity><out_Quantity.quantity>972.285644</out_Quantity.quantity></Point><Point><position>12683</position><in_Quantity.quantity>0.000000</in_Quantity.quantity><out_Quantity.quantity>844.108743</out_Quantity.quantity></Point><Point><position>12684</position><in_Quantity.quantity>0.000000</in_Quantity.quantity><out_Quantity.quantity>377.818747</out_Quantity.quantity></Point><Point><position>12685</position><in_Quantity.quantity>0.000000</in_Quantity.quantity><out_Quantity.quantity>485.498167</out_Quantity.quantity></Point><Point><position>12686</position><in_Quantity.quantity>0.000000</in_Quantity.quantity><out_Quantity.quantity>292.985171</out_Quantity.quantity></Point><Point><position>12687</position><in_Quantity.quantity>0.000000</in_Quantity.quantity><out_Quantity.quantity>50.112920</out_Quantity.quantity></Point><Point><position>12688</position><in_Quantity.quantity>0.000000</in_Quantity.quantity><out_Quantity.quantity>545.112181</out_Quantity.quantity></Point><Point><position>12689</position><in_Quantity.quantity>0.000000</in_Quantity.quantity><out_Quantity.quantity>562.900281</out_Quantity.quantity></Point><Point><position>12690</position><in_Quantity.quantity>0.000000</in_Quantity.quantity><out_Quantity.quantity>188.667633</out_Quantity.quantity></Point><Point><position>12691</position><in_Quantity.quantity>0.000000</in_Quantity.quantity><out_Quantity.quantity>659.196919</out_Quantity.quantity></Point><Point><position>12692</position><in_Quantity.quantity>0.000000</in_Quantity.quantity><out_Quantity.quantity>915.505522</out_Quantity.quantity></Point><Point><position>12693</position><in_Quantity.quantity>0.000000</in_Quantity.quantity><out_Quantity.quantity>888.068531</out_Quantity.quantity></Point><Point><position>12694</position><in_Quantity.quantity>0.000000</in_Quantity.quantity><out_Quantity.quantity>50.903576</out_Quantity.quantity></Point><Point><position>12695</position><in_Quantity.quantity>0.000000</in_Quantity.quantity><out_Quantity.quantity>922.162294</out_Quantity.quantity></Point><Point><position>12696</position><in_Quantity.quantity>0.000000</in_Quantity.quantity><out_Quantity.quantity>128.161690</out_Quantity.quantity></Point><Point><position>12697</position><in_Quantity.quantity>0.000000</in_Quantity.quantity><out_Quantity.quantity>359.563378</out_Quantity.quantity></Point><Point><position>12698</position><in_Quantity.quantity>0.000000</in_Quantity.quantity><out_Quantity.quantity>170.558810</out_Quantity.quantity></Point><Point><position>12699</position><in_Quantity.quantity>0.000000</in_Quantity.quantity><out_Quantity.quantity>850.664043</out_Quantity.quantity></Point><Point><position>12700</position><in_Quantity.quantity>0.000000</in_Quantity.quantity><out_Quantity.quantity>114.090704</out_Quantity.quantity></Point><Point><position>12701</position><in_Quantity.quantity>0.000000</in_Quantity.quantity><out_Quantity.quantity>973.674490</out_Quantity.quantity></Point><Point><position>12702</position><in_Quantity.quantity>0.000000</in_Quantity.quantity><out_Quantity.quantity>184.597142</out_Quantity.quantity></Point><Point><position>12703</position><in_Quantity.quantity>0.000000</in_Quantity.quantity><out_Quantity.quantity>769.797692</out_Quantity.quantity></Point><Point><position>12704</position><in_Quantity.quantity>0.000000</in_Quantity.quantity><out_Quantity.quantity>506.804117</out_Quantity.quantity></Point><Point><position>12705</position><in_Quantity.quantity>0.000000</in_Quantity.quantity><out_Quantity.quantity>607.341512</out_Quantity.quantity></Point><Point><position>12706</position><in_Quantity.quantity>0.000000</in_Quantity.quantity><out_Quantity.quantity>217.604555</out_Quantity.quantity></Point><Point><position>12707</position><in_Quantity.quantity>0.000000</in_Quantity.quantity><out_Quantity.quantity>138.465789</out_Quantity.quantity></Point><Point><position>12708</position><in_Quantity.quantity>0.000000</in_Quantity.quantity><out_Quantity.quantity>526.937830</out_Quantity.quantity></Point><Point><position>12709</position><in_Quantity.quantity>0.000000</in_Quantity.quantity><out_Quantity.quantity>134.863945</out_Quantity.quantity></Point><Point><position>12710</position><in_Quantity.quantity>0.000000</in_Quantity.quantity><out_Quantity.quantity>970.747515</out_Quantity.quantity></Point><Point><position>12711</position><in_Quantity.quantity>0.000000</in_Quantity.quantity><out_Quantity.quantity>942.445618</out_Quantity.quantity></Point><Point><position>12712</position><in_Quantity.quantity>0.000000</in_Quantity.quantity><out_Quantity.quantity>302.555959</out_Quantity.quantity></Point><Point><position>12713</position><in_Quantity.quantity>0.000000</in_Quantity.quantity><out_Quantity.quantity>396.008439</out_Quantity.quantity></Point><Point><position>12714</position><in_Quantity.quantity>0.000000</in_Quantity.quantity><out_Quantity.quantity>549.623250</out_Quantity.quantity></Point><Point><position>12715</position><in_Quantity.quantity>0.000000</in_Quantity.quantity><out_Quantity.quantity>156.169311</out_Quantity.quantity></Point><Point><position>12716</position><in_Quantity.quantity>0.000000</in_Quantity.quantity><out_Quantity.quantity>748.648262</out_Quantity.quantity></Point><Point><position>12717</position><in_Quantity.quantity>0.000000</in_Quantity.quantity><out_Quantity.quantity>240.720003</out_Quantity.quantity></Point><Point><position>12718</position><in_Quantity.quantity>0.000000</in_Quantity.quantity><out_Quantity.quantity>417.988590</out_Quantity.quantity></Point><Point><position>12719</position><in_Quantity.quantity>0.000000</in_Quantity.quantity><out_Quantity.quantity>974.073654</out_Quantity.quantity></Point><Point><position>12720</position><in_Quantity.quantity>0.000000</in_Quantity.quantity><out_Quantity.quantity>397.706068</out_Quantity.quantity></Point><Point><position>12721</position><in_Quantity.quantity>0.000000</in_Quantity.quantity><out_Quantity.quantity>703.418443</out_Quantity.quantity></Point><Point><position>12722</position><in_Quantity.quantity>0.000000</in_Quantity.quantity><out_Quantity.quantity>439.536907</out_Quantity.quantity></Point><Point><position>12723</position><in_Quantity.quantity>0.000000</in_Quantity.quantity><out_Quantity.quantity>453.022883</out_Quantity.quantity></Point><Point><position>12724</position><in_Quantity.quantity>0.000000</in_Quantity.quantity><out_Quantity.quantity>843.461174</out_Quantity.quantity></Point><Point><position>12725</position><in_Quantity.quantity>0.000000</in_Quantity.quantity><out_Quantity.quantity>206.985174</out_Quantity.quantity></Point><Point><position>12726</position><in_Quantity.quantity>0.000000</in_Quantity.quantity><out_Quantity.quantity>919.599095</out_Quantity.quantity></Point><Point><position>12727</position><in_Quantity.quantity>0.000000</in_Quantity.quantity><out_Quantity.quantity>804.813606</out_Quantity.quantity></Point><Point><position>12728</position><in_Quantity.quantity>0.000000</in_Quantity.quantity><out_Quantity.quantity>936.607225</out_Quantity.quantity></Point><Point><position>12729</position><in_Quantity.quantity>0.000000</in_Quantity.quantity><out_Quantity.quantity>792.027357</out_Quantity.quantity></Point><Point><position>12730</position><in_Quantity.quantity>0.000000</in_Quantity.quantity><out_Quantity.quantity>118.178559</out_Quantity.quantity></Point><Point><position>12731</position><in_Quantity.quantity>0.000000</in_Quantity.quantity><out_Quantity.quantity>217.930358</out_Quantity.quantity></Point><Point><position>12732</position><in_Quantity.quantity>0.000000</in_Quantity.quantity><out_Quantity.quantity>685.881914</out_Quantity.quantity></Point><Point><position>12733</position><in_Quantity.quantity>0.000000</in_Quantity.quantity><out_Quantity.quantity>966.708304</out_Quantity.quantity></Point><Point><position>12734</position><in_Quantity.quantity>0.000000</in_Quantity.quantity><out_Quantity.quantity>357.535082</out_Quantity.quantity></Point><Point><position>12735</position><in_Quantity.quantity>0.000000</in_Quantity.quantity><out_Quantity.quantity>165.235526</out_Quantity.quantity></Point><Point><position>12736</position><in_Quantity.quantity>0.000000</in_Quantity.quantity><out_Quantity.quantity>300.753618</out_Quantity.quantity></Point><Point><position>12737</position><in_Quantity.quantity>0.000000</in_Quantity.quantity><out_Quantity.quantity>751.329245</out_Quantity.quantity></Point><Point><position>12738</position><in_Quantity.quantity>0.000000</in_Quantity.quantity><out_Quantity.quantity>138.752696</out_Quantity.quantity></Point><Point><position>12739</position><in_Quantity.quantity>0.000000</in_Quantity.quantity><out_Quantity.quantity>224.666790</out_Quantity.quantity></Point><Point><position>12740</position><in_Quantity.quantity>0.000000</in_Quantity.quantity><out_Quantity.quantity>577.999825</out_Quantity.quantity></Point><Point><position>12741</position><in_Quantity.quantity>0.000000</in_Quantity.quantity><out_Quantity.quantity>845.929426</out_Quantity.quantity></Point><Point><position>12742</position><in_Quantity.quantity>0.000000</in_Quantity.quantity><out_Quantity.quantity>865.535333</out_Quantity.quantity></Point><Point><position>12743</position><in_Quantity.quantity>0.000000</in_Quantity.quantity><out_Quantity.quantity>587.067187</out_Quantity.quantity></Point><Point><position>12744</position><in_Quantity.quantity>0.000000</in_Quantity.quantity><out_Quantity.quantity>509.064451</out_Quantity.quantity></Point><Point><position>12745</position><in_Quantity.quantity>0.000000</in_Quantity.quantity><out_Quantity.quantity>786.660935</out_Quantity.quantity></Point><Point><position>12746</position><in_Quantity.quantity>0.000000</in_Quantity.quantity><out_Quantity.quantity>392.468986</out_Quantity.quantity></Point><Point><position>12747</position><in_Quantity.quantity>0.000000</in_Quantity.quantity><out_Quantity.quantity>990.044383</out_Quantity.quantity></Point><Point><position>12748</position><in_Quantity.quantity>0.000000</in_Quantity.quantity><out_Quantity.quantity>651.686940</out_Quantity.quantity></Point><Point><position>12749</position><in_Quantity.quantity>0.000000</in_Quantity.quantity><out_Quantity.quantity>381.711505</out_Quantity.quantity></Point><Point><position>12750</position><in_Quantity.quantity>0.000000</in_Quantity.quantity><out_Quantity.quantity>803.103400</out_Quantity.quantity></Point><Point><position>12751</position><in_Quantity.quantity>0.000000</in_Quantity.quantity><out_Quantity.quantity>31.272386</out_Quantity.quantity></Point><Point><position>12752</position><in_Quantity.quantity>0.000000</in_Quantity.quantity><out_Quantity.quantity>516.129477</out_Quantity.quantity></Point><Point><position>12753</position><in_Quantity.quantity>0.000000</in_Quantity.quantity><out_Quantity.quantity>354.761552</out_Quantity.quantity></Point><Point><position>12754</position><in_Quantity.quantity>0.000000</in_Quantity.quantity><out_Quantity.quantity>320.695642</out_Quantity.quantity></Point><Point><position>12755</position><in_Quantity.quantity>0.000000</in_Quantity.quantity><out_Quantity.quantity>751.691353</out_Quantity.quantity></Point><Point><position>12756</position><in_Quantity.quantity>0.000000</in_Quantity.quantity><out_Quantity.quantity>794.259582</out_Quantity.quantity></Point><Point><position>12757</position><in_Quantity.quantity>0.000000</in_Quantity.quantity><out_Quantity.quantity>558.767969</out_Quantity.quantity></Point><Point><position>12758</position><in_Quantity.quantity>0.000000</in_Quantity.quantity><out_Quantity.quantity>987.528190</out_Quantity.quantity></Point><Point><position>12759</position><in_Quantity.quantity>0.000000</in_Quantity.quantity><out_Quantity.quantity>649.205933</out_Quantity.quantity></Point><Point><position>12760</position><in_Quantity.quantity>0.000000</in_Quantity.quantity><out_Quantity.quantity>105.188550</out_Quantity.quantity></Point><Point><position>12761</position><in_Quantity.quantity>0.000000</in_Quantity.quantity><out_Quantity.quantity>448.663414</out_Quantity.quantity></Point><Point><position>12762</position><in_Quantity.quantity>0.000000</in_Quantity.quantity><out_Quantity.quantity>172.503117</out_Quantity.quantity></Point><Point><position>12763</position><in_Quantity.quantity>0.000000</in_Quantity.quantity><out_Quantity.quantity>439.610340</out_Quantity.quantity></Point><Point><position>12764</position><in_Quantity.quantity>0.000000</in_Quantity.quantity><out_Quantity.quantity>562.981591</out_Quantity.quantity></Point><Point><position>12765</position><in_Quantity.quantity>0.000000</in_Quantity.quantity><out_Quantity.quantity>420.282873</out_Quantity.quantity></Point><Point><position>12766</position><in_Quantity.quantity>0.000000</in_Quantity.quantity><out_Quantity.quantity>801.402633</out_Quantity.quantity></Point><Point><position>12767</position><in_Quantity.quantity>0.000000</in_Quantity.quantity><out_Quantity.quantity>953.333581</out_Quantity.quantity></Point><Point><position>12768</position><in_Quantity.quantity>0.000000</in_Quantity.quantity><out_Quantity.quantity>682.292093</out_Quantity.quantity></Point><Point><position>12769</position><in_Quantity.quantity>0.000000</in_Quantity.quantity><out_Quantity.quantity>917.211639</out_Quantity.quantity></Point><Point><position>12770</position><in_Quantity.quantity>0.000000</in_Quantity.quantity><out_Quantity.quantity>913.736951</out_Quantity.quantity></Point><Point><position>12771</position><in_Quantity.quantity>0.000000</in_Quantity.quantity><out_Quantity.quantity>809.736600</out_Quantity.quantity></Point><Point><position>12772</position><in_Quantity.quantity>0.000000</in_Quantity.quantity><out_Quantity.quantity>568.503193</out_Quantity.quantity></Point><Point><position>12773</position><in_Quantity.quantity>0.000000</in_Quantity.quantity><out_Quantity.quantity>460.073156</out_Quantity.quantity></Point><Point><position>12774</position><in_Quantity.quantity>0.000000</in_Quantity.quantity><out_Quantity.quantity>210.910569</out_Quantity.quantity></Point><Point><position>12775</position><in_Quantity.quantity>0.000000</in_Quantity.quantity><out_Quantity.quantity>403.766081</out_Quantity.quantity></Point><Point><position>12776</position><in_Quantity.quantity>0.000000</in_Quantity.quantity><out_Quantity.quantity>819.096814</out_Quantity.quantity></Point><Point><position>12777</position><in_Quantity.quantity>0.000000</in_Quantity.quantity><out_Quantity.quantity>514.021116</out_Quantity.quantity></Point><Point><position>12778</position><in_Quantity.quantity>0.000000</in_Quantity.quantity><out_Quantity.quantity>843.085760</out_Quantity.quantity></Point><Point><position>12779</position><in_Quantity.quantity>0.000000</in_Quantity.quantity><out_Quantity.quantity>620.608570</out_Quantity.quantity></Point><Point><position>12780</position><in_Quantity.quantity>0.000000</in_Quantity.quantity><out_Quantity.quantity>149.996620</out_Quantity.quantity></Point><Point><position>12781</position><in_Quantity.quantity>0.000000</in_Quantity.quantity><out_Quantity.quantity>284.063589</out_Quantity.quantity></Point><Point><position>12782</position><in_Quantity.quantity>0.000000</in_Quantity.quantity><out_Quantity.quantity>848.564956</out_Quantity.quantity></Point><Point><position>12783</position><in_Quantity.quantity>0.000000</in_Quantity.quantity><out_Quantity.quantity>918.909026</out_Quantity.quantity></Point><Point><position>12784</position><in_Quantity.quantity>0.000000</in_Quantity.quantity><out_Quantity.quantity>774.641210</out_Quantity.quantity></Point><Point><position>12785</position><in_Quantity.quantity>0.000000</in_Quantity.quantity><out_Quantity.quantity>995.868901</out_Quantity.quantity></Point><Point><position>12786</position><in_Quantity.quantity>0.000000</in_Quantity.quantity><out_Quantity.quantity>702.745688</out_Quantity.quantity></Point><Point><position>12787</position><in_Quantity.quantity>0.000000</in_Quantity.quantity><out_Quantity.quantity>277.018099</out_Quantity.quantity></Point><Point><position>12788</position><in_Quantity.quantity>0.000000</in_Quantity.quantity><out_Quantity.quantity>34.241134</out_Quantity.quantity></Point><Point><position>12789</position><in_Quantity.quantity>0.000000</in_Quantity.quantity><out_Quantity.quantity>636.443878</out_Quantity.quantity></Point><Point><position>12790</position><in_Quantity.quantity>0.000000</in_Quantity.quantity><out_Quantity.quantity>877.295138</out_Quantity.quantity></Point><Point><position>12791</position><in_Quantity.quantity>0.000000</in_Quantity.quantity><out_Quantity.quantity>667.471634</out_Quantity.quantity></Point><Point><position>12792</position><in_Quantity.quantity>0.000000</in_Quantity.quantity><out_Quantity.quantity>903.919903</out_Quantity.quantity></Point><Point><position>12793</position><in_Quantity.quantity>0.000000</in_Quantity.quantity><out_Quantity.quantity>343.422445</out_Quantity.quantity></Point><Point><position>12794</position><in_Quantity.quantity>0.000000</in_Quantity.quantity><out_Quantity.quantity>920.970958</out_Quantity.quantity></Point><Point><position>12795</position><in_Quantity.quantity>0.000000</in_Quantity.quantity><out_Quantity.quantity>223.874674</out_Quantity.quantity></Point><Point><position>12796</position><in_Quantity.quantity>0.000000</in_Quantity.quantity><out_Quantity.quantity>111.916915</out_Quantity.quantity></Point><Point><position>12797</position><in_Quantity.quantity>0.000000</in_Quantity.quantity><out_Quantity.quantity>282.550970</out_Quantity.quantity></Point><Point><position>12798</position><in_Quantity.quantity>0.000000</in_Quantity.quantity><out_Quantity.quantity>695.710611</out_Quantity.quantity></Point><Point><position>12799</position><in_Quantity.quantity>0.000000</in_Quantity.quantity><out_Quantity.quantity>825.305913</out_Quantity.quantity></Point><Point><position>12800</position><in_Quantity.quantity>0.000000</in_Quantity.quantity><out_Quantity.quantity>150.034624</out_Quantity.quantity></Point><Point><position>12801</position><in_Quantity.quantity>0.000000</in_Quantity.quantity><out_Quantity.quantity>732.343271</out_Quantity.quantity></Point><Point><position>12802</position><in_Quantity.quantity>0.000000</in_Quantity.quantity><out_Quantity.quantity>246.953941</out_Quantity.quantity></Point><Point><position>12803</position><in_Quantity.quantity>0.000000</in_Quantity.quantity><out_Quantity.quantity>456.048650</out_Quantity.quantity></Point><Point><position>12804</position><in_Quantity.quantity>0.000000</in_Quantity.quantity><out_Quantity.quantity>709.324346</out_Quantity.quantity></Point><Point><position>12805</position><in_Quantity.quantity>0.000000</in_Quantity.quantity><out_Quantity.quantity>63.766054</out_Quantity.quantity></Point><Point><position>12806</position><in_Quantity.quantity>0.000000</in_Quantity.quantity><out_Quantity.quantity>315.710096</out_Quantity.quantity></Point><Point><position>12807</position><in_Quantity.quantity>0.000000</in_Quantity.quantity><out_Quantity.quantity>884.177042</out_Quantity.quantity></Point><Point><position>12808</position><in_Quantity.quantity>0.000000</in_Quantity.quantity><out_Quantity.quantity>593.830907</out_Quantity.quantity></Point><Point><position>12809</position><in_Quantity.quantity>0.000000</in_Quantity.quantity><out_Quantity.quantity>222.896824</out_Quantity.quantity></Point><Point><position>12810</position><in_Quantity.quantity>0.000000</in_Quantity.quantity><out_Quantity.quantity>177.971620</out_Quantity.quantity></Point><Point><position>12811</position><in_Quantity.quantity>0.000000</in_Quantity.quantity><out_Quantity.quantity>790.796531</out_Quantity.quantity></Point><Point><position>12812</position><in_Quantity.quantity>0.000000</in_Quantity.quantity><out_Quantity.quantity>181.808827</out_Quantity.quantity></Point><Point><position>12813</position><in_Quantity.quantity>0.000000</in_Quantity.quantity><out_Quantity.quantity>128.978720</out_Quantity.quantity></Point><Point><position>12814</position><in_Quantity.quantity>0.000000</in_Quantity.quantity><out_Quantity.quantity>254.521174</out_Quantity.quantity></Point><Point><position>12815</position><in_Quantity.quantity>0.000000</in_Quantity.quantity><out_Quantity.quantity>863.845443</out_Quantity.quantity></Point><Point><position>12816</position><in_Quantity.quantity>0.000000</in_Quantity.quantity><out_Quantity.quantity>440.994158</out_Quantity.quantity></Point><Point><position>12817</position><in_Quantity.quantity>0.000000</in_Quantity.quantity><out_Quantity.quantity>638.371781</out_Quantity.quantity></Point><Point><position>12818</position><in_Quantity.quantity>0.000000</in_Quantity.quantity><out_Quantity.quantity>824.644570</out_Quantity.quantity></Point><Point><position>12819</position><in_Quantity.quantity>0.000000</in_Quantity.quantity><out_Quantity.quantity>7.237648</out_Quantity.quantity></Point><Point><position>12820</position><in_Quantity.quantity>0.000000</in_Quantity.quantity><out_Quantity.quantity>74.007456</out_Quantity.quantity></Point><Point><position>12821</position><in_Quantity.quantity>0.000000</in_Quantity.quantity><out_Quantity.quantity>710.703911</out_Quantity.quantity></Point><Point><position>12822</position><in_Quantity.quantity>0.000000</in_Quantity.quantity><out_Quantity.quantity>892.885276</out_Quantity.quantity></Point><Point><position>12823</position><in_Quantity.quantity>0.000000</in_Quantity.quantity><out_Quantity.quantity>166.506474</out_Quantity.quantity></Point><Point><position>12824</position><in_Quantity.quantity>0.000000</in_Quantity.quantity><out_Quantity.quantity>483.575830</out_Quantity.quantity></Point><Point><position>12825</position><in_Quantity.quantity>0.000000</in_Quantity.quantity><out_Quantity.quantity>449.901485</out_Quantity.quantity></Point><Point><position>12826</position><in_Quantity.quantity>0.000000</in_Quantity.quantity><out_Quantity.quantity>442.191147</out_Quantity.quantity></Point><Point><position>12827</position><in_Quantity.quantity>0.000000</in_Quantity.quantity><out_Quantity.quantity>68.092337</out_Quantity.quantity></Point><Point><position>12828</position><in_Quantity.quantity>0.000000</in_Quantity.quantity><out_Quantity.quantity>334.351236</out_Quantity.quantity></Point><Point><position>12829</position><in_Quantity.quantity>0.000000</in_Quantity.quantity><out_Quantity.quantity>187.051414</out_Quantity.quantity></Point><Point><position>12830</position><in_Quantity.quantity>0.000000</in_Quantity.quantity><out_Quantity.quantity>219.651364</out_Quantity.quantity></Point><Point><position>12831</position><in_Quantity.quantity>0.000000</in_Quantity.quantity><out_Quantity.quantity>283.104030</out_Quantity.quantity></Point><Point><position>12832</position><in_Quantity.quantity>0.000000</in_Quantity.quantity><out_Quantity.quantity>378.317973</out_Quantity.quantity></Point><Point><position>12833</position><in_Quantity.quantity>0.000000</in_Quantity.quantity><out_Quantity.quantity>533.178682</out_Quantity.quantity></Point><Point><position>12834</position><in_Quantity.quantity>0.000000</in_Quantity.quantity><out_Quantity.quantity>299.792862</out_Quantity.quantity></Point><Point><position>12835</position><in_Quantity.quantity>0.000000</in_Quantity.quantity><out_Quantity.quantity>153.353040</out_Quantity.quantity></Point><Point><position>12836</position><in_Quantity.quantity>0.000000</in_Quantity.quantity><out_Quantity.quantity>399.633512</out_Quantity.quantity></Point><Point><position>12837</position><in_Quantity.quantity>0.000000</in_Quantity.quantity><out_Quantity.quantity>3.007789</out_Quantity.quantity></Point><Point><position>12838</position><in_Quantity.quantity>0.000000</in_Quantity.quantity><out_Quantity.quantity>375.225205</out_Quantity.quantity></Point><Point><position>12839</position><in_Quantity.quantity>0.000000</in_Quantity.quantity><out_Quantity.quantity>500.053619</out_Quantity.quantity></Point><Point><position>12840</position><in_Quantity.quantity>0.000000</in_Quantity.quantity><out_Quantity.quantity>776.545989</out_Quantity.quantity></Point><Point><position>12841</position><in_Quantity.quantity>0.000000</in_Quantity.quantity><out_Quantity.quantity>315.866699</out_Quantity.quantity></Point><Point><position>12842</position><in_Quantity.quantity>0.000000</in_Quantity.quantity><out_Quantity.quantity>808.943923</out_Quantity.quantity></Point><Point><position>12843</position><in_Quantity.quantity>0.000000</in_Quantity.quantity><out_Quantity.quantity>417.064919</out_Quantity.quantity></Point><Point><position>12844</position><in_Quantity.quantity>0.000000</in_Quantity.quantity><out_Quantity.quantity>477.183727</out_Quantity.quantity></Point><Point><position>12845</position><in_Quantity.quantity>0.000000</in_Quantity.quantity><out_Quantity.quantity>582.558178</out_Quantity.quantity></Point><Point><position>12846</position><in_Quantity.quantity>0.000000</in_Quantity.quantity><out_Quantity.quantity>798.418845</out_Quantity.quantity></Point><Point><position>12847</position><in_Quantity.quantity>0.000000</in_Quantity.quantity><out_Quantity.quantity>603.482538</out_Quantity.quantity></Point><Point><position>12848</position><in_Quantity.quantity>0.000000</in_Quantity.quantity><out_Quantity.quantity>137.654961</out_Quantity.quantity></Point><Point><position>12849</position><in_Quantity.quantity>0.000000</in_Quantity.quantity><out_Quantity.quantity>737.414884</out_Quantity.quantity></Point><Point><position>12850</position><in_Quantity.quantity>0.000000</in_Quantity.quantity><out_Quantity.quantity>447.614366</out_Quantity.quantity></Point><Point><position>12851</position><in_Quantity.quantity>0.000000</in_Quantity.quantity><out_Quantity.quantity>881.105494</out_Quantity.quantity></Point><Point><position>12852</position><in_Quantity.quantity>0.000000</in_Quantity.quantity><out_Quantity.quantity>277.037856</out_Quantity.quantity></Point><Point><position>12853</position><in_Quantity.quantity>0.000000</in_Quantity.quantity><out_Quantity.quantity>592.662688</out_Quantity.quantity></Point><Point><position>12854</position><in_Quantity.quantity>0.000000</in_Quantity.quantity><out_Quantity.quantity>724.110495</out_Quantity.quantity></Point><Point><position>12855</position><in_Quantity.quantity>0.000000</in_Quantity.quantity><out_Quantity.quantity>105.859330</out_Quantity.quantity></Point><Point><position>12856</position><in_Quantity.quantity>0.000000</in_Quantity.quantity><out_Quantity.quantity>293.651794</out_Quantity.quantity></Point><Point><position>12857</position><in_Quantity.quantity>0.000000</in_Quantity.quantity><out_Quantity.quantity>555.376652</out_Quantity.quantity></Point><Point><position>12858</position><in_Quantity.quantity>0.000000</in_Quantity.quantity><out_Quantity.quantity>491.078750</out_Quantity.quantity></Point><Point><position>12859</position><in_Quantity.quantity>0.000000</in_Quantity.quantity><out_Quantity.quantity>700.450496</out_Quantity.quantity></Point><Point><position>12860</position><in_Quantity.quantity>0.000000</in_Quantity.quantity><out_Quantity.quantity>296.807840</out_Quantity.quantity></Point><Point><position>12861</position><in_Quantity.quantity>0.000000</in_Quantity.quantity><out_Quantity.quantity>354.650821</out_Quantity.quantity></Point><Point><position>12862</position><in_Quantity.quantity>0.000000</in_Quantity.quantity><out_Quantity.quantity>95.909217</out_Quantity.quantity></Point><Point><position>12863</position><in_Quantity.quantity>0.000000</in_Quantity.quantity><out_Quantity.quantity>408.498064</out_Quantity.quantity></Point><Point><position>12864</position><in_Quantity.quantity>0.000000</in_Quantity.quantity><out_Quantity.quantity>548.768286</out_Quantity.quantity></Point><Point><position>12865</position><in_Quantity.quantity>0.000000</in_Quantity.quantity><out_Quantity.quantity>510.674664</out_Quantity.quantity></Point><Point><position>12866</position><in_Quantity.quantity>0.000000</in_Quantity.quantity><out_Quantity.quantity>749.166734</out_Quantity.quantity></Point><Point><position>12867</position><in_Quantity.quantity>0.000000</in_Quantity.quantity><out_Quantity.quantity>236.653986</out_Quantity.quantity></Point><Point><position>12868</position><in_Quantity.quantity>0.000000</in_Quantity.quantity><out_Quantity.quantity>867.823595</out_Quantity.quantity></Point><Point><position>12869</position><in_Quantity.quantity>0.000000</in_Quantity.quantity><out_Quantity.quantity>195.988392</out_Quantity.quantity></Point><Point><position>12870</position><in_Quantity.quantity>0.000000</in_Quantity.quantity><out_Quantity.quantity>796.401803</out_Quantity.quantity></Point><Point><position>12871</position><in_Quantity.quantity>0.000000</in_Quantity.quantity><out_Quantity.quantity>908.517282</out_Quantity.quantity></Point><Point><position>12872</position><in_Quantity.quantity>0.000000</in_Quantity.quantity><out_Quantity.quantity>341.974966</out_Quantity.quantity></Point><Point><position>12873</position><in_Quantity.quantity>0.000000</in_Quantity.quantity><out_Quantity.quantity>913.901812</out_Quantity.quantity></Point><Point><position>12874</position><in_Quantity.quantity>0.000000</in_Quantity.quantity><out_Quantity.quantity>647.119504</out_Quantity.quantity></Point><Point><position>12875</position><in_Quantity.quantity>0.000000</in_Quantity.quantity><out_Quantity.quantity>860.026108</out_Quantity.quantity></Point><Point><position>12876</position><in_Quantity.quantity>0.000000</in_Quantity.quantity><out_Quantity.quantity>756.081079</out_Quantity.quantity></Point><Point><position>12877</position><in_Quantity.quantity>0.000000</in_Quantity.quantity><out_Quantity.quantity>290.985142</out_Quantity.quantity></Point><Point><position>12878</position><in_Quantity.quantity>0.000000</in_Quantity.quantity><out_Quantity.quantity>871.754280</out_Quantity.quantity></Point><Point><position>12879</position><in_Quantity.quantity>0.000000</in_Quantity.quantity><out_Quantity.quantity>160.391897</out_Quantity.quantity></Point><Point><position>12880</position><in_Quantity.quantity>0.000000</in_Quantity.quantity><out_Quantity.quantity>113.242439</out_Quantity.quantity></Point><Point><position>12881</position><in_Quantity.quantity>0.000000</in_Quantity.quantity><out_Quantity.quantity>445.572300</out_Quantity.quantity></Point><Point><position>12882</position><in_Quantity.quantity>0.000000</in_Quantity.quantity><out_Quantity.quantity>252.702029</out_Quantity.quantity></Point><Point><position>12883</position><in_Quantity.quantity>0.000000</in_Quantity.quantity><out_Quantity.quantity>72.896714</out_Quantity.quantity></Point><Point><position>12884</position><in_Quantity.quantity>0.000000</in_Quantity.quantity><out_Quantity.quantity>892.945282</out_Quantity.quantity></Point><Point><position>12885</position><in_Quantity.quantity>0.000000</in_Quantity.quantity><out_Quantity.quantity>573.022203</out_Quantity.quantity></Point><Point><position>12886</position><in_Quantity.quantity>0.000000</in_Quantity.quantity><out_Quantity.quantity>727.645583</out_Quantity.quantity></Point><Point><position>12887</position><in_Quantity.quantity>0.000000</in_Quantity.quantity><out_Quantity.quantity>841.582297</out_Quantity.quantity></Point><Point><position>12888</position><in_Quantity.quantity>0.000000</in_Quantity.quantity><out_Quantity.quantity>140.552506</out_Quantity.quantity></Point><Point><position>12889</position><in_Quantity.quantity>0.000000</in_Quantity.quantity><out_Quantity.quantity>537.218647</out_Quantity.quantity></Point><Point><position>12890</position><in_Quantity.quantity>0.000000</in_Quantity.quantity><out_Quantity.quantity>69.590158</out_Quantity.quantity></Point><Point><position>12891</position><in_Quantity.quantity>0.000000</in_Quantity.quantity><out_Quantity.quantity>487.792917</out_Quantity.quantity></Point><Point><position>12892</position><in_Quantity.quantity>0.000000</in_Quantity.quantity><out_Quantity.quantity>751.069872</out_Quantity.quantity></Point><Point><position>12893</position><in_Quantity.quantity>0.000000</in_Quantity.quantity><out_Quantity.quantity>548.048054</out_Quantity.quantity></Point><Point><position>12894</position><in_Quantity.quantity>0.000000</in_Quantity.quantity><out_Quantity.quantity>317.343248</out_Quantity.quantity></Point><Point><position>12895</position><in_Quantity.quantity>0.000000</in_Quantity.quantity><out_Quantity.quantity>734.220967</out_Quantity.quantity></Point><Point><position>12896</position><in_Quantity.quantity>0.000000</in_Quantity.quantity><out_Quantity.quantity>171.972323</out_Quantity.quantity></Point><Point><position>12897</position><in_Quantity.quantity>0.000000</in_Quantity.quantity><out_Quantity.quantity>972.367197</out_Quantity.quantity></Point><Point><position>12898</position><in_Quantity.quantity>0.000000</in_Quantity.quantity><out_Quantity.quantity>869.072772</out_Quantity.quantity></Point><Point><position>12899</position><in_Quantity.quantity>0.000000</in_Quantity.quantity><out_Quantity.quantity>789.502014</out_Quantity.quantity></Point><Point><position>12900</position><in_Quantity.quantity>0.000000</in_Quantity.quantity><out_Quantity.quantity>494.583031</out_Quantity.quantity></Point><Point><position>12901</position><in_Quantity.quantity>0.000000</in_Quantity.quantity><out_Quantity.quantity>55.221280</out_Quantity.quantity></Point><Point><position>12902</position><in_Quantity.quantity>0.000000</in_Quantity.quantity><out_Quantity.quantity>562.921778</out_Quantity.quantity></Point><Point><position>12903</position><in_Quantity.quantity>0.000000</in_Quantity.quantity><out_Quantity.quantity>815.844154</out_Quantity.quantity></Point><Point><position>12904</position><in_Quantity.quantity>0.000000</in_Quantity.quantity><out_Quantity.quantity>558.181726</out_Quantity.quantity></Point><Point><position>12905</position><in_Quantity.quantity>0.000000</in_Quantity.quantity><out_Quantity.quantity>511.682111</out_Quantity.quantity></Point><Point><position>12906</position><in_Quantity.quantity>0.000000</in_Quantity.quantity><out_Quantity.quantity>502.182947</out_Quantity.quantity></Point><Point><position>12907</position><in_Quantity.quantity>0.000000</in_Quantity.quantity><out_Quantity.quantity>961.950891</out_Quantity.quantity></Point><Point><position>12908</position><in_Quantity.quantity>0.000000</in_Quantity.quantity><out_Quantity.quantity>627.782742</out_Quantity.quantity></Point><Point><position>12909</position><in_Quantity.quantity>0.000000</in_Quantity.quantity><out_Quantity.quantity>447.944335</out_Quantity.quantity></Point><Point><position>12910</position><in_Quantity.quantity>0.000000</in_Quantity.quantity><out_Quantity.quantity>924.948796</out_Quantity.quantity></Point><Point><position>12911</position><in_Quantity.quantity>0.000000</in_Quantity.quantity><out_Quantity.quantity>202.017876</out_Quantity.quantity></Point><Point><position>12912</position><in_Quantity.quantity>0.000000</in_Quantity.quantity><out_Quantity.quantity>323.785280</out_Quantity.quantity></Point><Point><position>12913</position><in_Quantity.quantity>0.000000</in_Quantity.quantity><out_Quantity.quantity>276.862086</out_Quantity.quantity></Point><Point><position>12914</position><in_Quantity.quantity>0.000000</in_Quantity.quantity><out_Quantity.quantity>685.804445</out_Quantity.quantity></Point><Point><position>12915</position><in_Quantity.quantity>0.000000</in_Quantity.quantity><out_Quantity.quantity>72.985679</out_Quantity.quantity></Point><Point><position>12916</position><in_Quantity.quantity>0.000000</in_Quantity.quantity><out_Quantity.quantity>731.670677</out_Quantity.quantity></Point><Point><position>12917</position><in_Quantity.quantity>0.000000</in_Quantity.quantity><out_Quantity.quantity>520.124057</out_Quantity.quantity></Point><Point><position>12918</position><in_Quantity.quantity>0.000000</in_Quantity.quantity><out_Quantity.quantity>789.079230</out_Quantity.quantity></Point><Point><position>12919</position><in_Quantity.quantity>0.000000</in_Quantity.quantity><out_Quantity.quantity>844.166914</out_Quantity.quantity></Point><Point><position>12920</position><in_Quantity.quantity>0.000000</in_Quantity.quantity><out_Quantity.quantity>59.960213</out_Quantity.quantity></Point><Point><position>12921</position><in_Quantity.quantity>0.000000</in_Quantity.quantity><out_Quantity.quantity>694.227425</out_Quantity.quantity></Point><Point><position>12922</position><in_Quantity.quantity>0.000000</in_Quantity.quantity><out_Quantity.quantity>279.078574</out_Quantity.quantity></Point><Point><position>12923</position><in_Quantity.quantity>0.000000</in_Quantity.quantity><out_Quantity.quantity>132.844937</out_Quantity.quantity></Point><Point><position>12924</position><in_Quantity.quantity>0.000000</in_Quantity.quantity><out_Quantity.quantity>355.598908</out_Quantity.quantity></Point><Point><position>12925</position><in_Quantity.quantity>0.000000</in_Quantity.quantity><out_Quantity.quantity>24.506098</out_Quantity.quantity></Point><Point><position>12926</position><in_Quantity.quantity>0.000000</in_Quantity.quantity><out_Quantity.quantity>524.580583</out_Quantity.quantity></Point><Point><position>12927</position><in_Quantity.quantity>0.000000</in_Quantity.quantity><out_Quantity.quantity>770.827903</out_Quantity.quantity></Point><Point><position>12928</position><in_Quantity.quantity>0.000000</in_Quantity.quantity><out_Quantity.quantity>784.144821</out_Quantity.quantity></Point><Point><position>12929</position><in_Quantity.quantity>0.000000</in_Quantity.quantity><out_Quantity.quantity>89.958675</out_Quantity.quantity></Point><Point><position>12930</position><in_Quantity.quantity>0.000000</in_Quantity.quantity><out_Quantity.quantity>606.120519</out_Quantity.quantity></Point><Point><position>12931</position><in_Quantity.quantity>0.000000</in_Quantity.quantity><out_Quantity.quantity>518.518362</out_Quantity.quantity></Point><Point><position>12932</position><in_Quantity.quantity>0.000000</in_Quantity.quantity><out_Quantity.quantity>907.479853</out_Quantity.quantity></Point><Point><position>12933</position><in_Quantity.quantity>0.000000</in_Quantity.quantity><out_Quantity.quantity>722.555554</out_Quantity.quantity></Point><Point><position>12934</position><in_Quantity.quantity>0.000000</in_Quantity.quantity><out_Quantity.quantity>433.651951</out_Quantity.quantity></Point><Point><position>12935</position><in_Quantity.quantity>0.000000</in_Quantity.quantity><out_Quantity.quantity>590.568847</out_Quantity.quantity></Point><Point><position>12936</position><in_Quantity.quantity>0.000000</in_Quantity.quantity><out_Quantity.quantity>479.828429</out_Quantity.quantity></Point><Point><position>12937</position><in_Quantity.quantity>0.000000</in_Quantity.quantity><out_Quantity.quantity>459.198864</out_Quantity.quantity></Point><Point><position>12938</position><in_Quantity.quantity>0.000000</in_Quantity.quantity><out_Quantity.quantity>283.622147</out_Quantity.quantity></Point><Point><position>12939</position><in_Quantity.quantity>0.000000</in_Quantity.quantity><out_Quantity.quantity>200.396481</out_Quantity.quantity></Point><Point><position>12940</position><in_Quantity.quantity>0.000000</in_Quantity.quantity><out_Quantity.quantity>694.235708</out_Quantity.quantity></Point><Point><position>12941</position><in_Quantity.quantity>0.000000</in_Quantity.quantity><out_Quantity.quantity>319.726023</out_Quantity.quantity></Point><Point><position>12942</position><in_Quantity.quantity>0.000000</in_Quantity.quantity><out_Quantity.quantity>640.702526</out_Quantity.quantity></Point><Point><position>12943</position><in_Quantity.quantity>0.000000</in_Quantity.quantity><out_Quantity.quantity>888.862123</out_Quantity.quantity></Point><Point><position>12944</position><in_Quantity.quantity>0.000000</in_Quantity.quantity><out_Quantity.quantity>904.855236</out_Quantity.quantity></Point><Point><position>12945</position><in_Quantity.quantity>0.000000</in_Quantity.quantity><out_Quantity.quantity>767.155780</out_Quantity.quantity></Point><Point><position>12946</position><in_Quantity.quantity>0.000000</in_Quantity.quantity><out_Quantity.quantity>429.281059</out_Quantity.quantity></Point><Point><position>12947</position><in_Quantity.quantity>0.000000</in_Quantity.quantity><out_Quantity.quantity>880.968407</out_Quantity.quantity></Point><Point><position>12948</position><in_Quantity.quantity>0.000000</in_Quantity.quantity><out_Quantity.quantity>72.849603</out_Quantity.quantity></Point><Point><position>12949</position><in_Quantity.quantity>0.000000</in_Quantity.quantity><out_Quantity.quantity>726.758531</out_Quantity.quantity></Point><Point><position>12950</position><in_Quantity.quantity>0.000000</in_Quantity.quantity><out_Quantity.quantity>646.862344</out_Quantity.quantity></Point><Point><position>12951</position><in_Quantity.quantity>0.000000</in_Quantity.quantity><out_Quantity.quantity>464.688403</out_Quantity.quantity></Point><Point><position>12952</position><in_Quantity.quantity>0.000000</in_Quantity.quantity><out_Quantity.quantity>280.420321</out_Quantity.quantity></Point><Point><position>12953</position><in_Quantity.quantity>0.000000</in_Quantity.quantity><out_Quantity.quantity>472.898145</out_Quantity.quantity></Point><Point><position>12954</position><in_Quantity.quantity>0.000000</in_Quantity.quantity><out_Quantity.quantity>319.620078</out_Quantity.quantity></Point><Point><position>12955</position><in_Quantity.quantity>0.000000</in_Quantity.quantity><out_Quantity.quantity>219.200211</out_Quantity.quantity></Point><Point><position>12956</position><in_Quantity.quantity>0.000000</in_Quantity.quantity><out_Quantity.quantity>251.168414</out_Quantity.quantity></Point><Point><position>12957</position><in_Quantity.quantity>0.000000</in_Quantity.quantity><out_Quantity.quantity>803.975561</out_Quantity.quantity></Point><Point><position>12958</position><in_Quantity.quantity>0.000000</in_Quantity.quantity><out_Quantity.quantity>214.287913</out_Quantity.quantity></Point><Point><position>12959</position><in_Quantity.quantity>0.000000</in_Quantity.quantity><out_Quantity.quantity>463.034394</out_Quantity.quantity></Point><Point><position>12960</position><in_Quantity.quantity>0.000000</in_Quantity.quantity><out_Quantity.quantity>982.873017</out_Quantity.quantity></Point><Point><position>12961</position><in_Quantity.quantity>0.000000</in_Quantity.quantity><out_Quantity.quantity>692.357088</out_Quantity.quantity></Point><Point><position>12962</position><in_Quantity.quantity>0.000000</in_Quantity.quantity><out_Quantity.quantity>557.532691</out_Quantity.quantity></Point><Point><position>12963</position><in_Quantity.quantity>0.000000</in_Quantity.quantity><out_Quantity.quantity>227.446340</out_Quantity.quantity></Point><Point><position>12964</position><in_Quantity.quantity>0.000000</in_Quantity.quantity><out_Quantity.quantity>746.848825</out_Quantity.quantity></Point><Point><position>12965</position><in_Quantity.quantity>0.000000</in_Quantity.quantity><out_Quantity.quantity>916.934152</out_Quantity.quantity></Point><Point><position>12966</position><in_Quantity.quantity>0.000000</in_Quantity.quantity><out_Quantity.quantity>493.889214</out_Quantity.quantity></Point><Point><position>12967</position><in_Quantity.quantity>0.000000</in_Quantity.quantity><out_Quantity.quantity>419.951389</out_Quantity.quantity></Point><Point><position>12968</position><in_Quantity.quantity>0.000000</in_Quantity.quantity><out_Quantity.quantity>501.844164</out_Quantity.quantity></Point><Point><position>12969</position><in_Quantity.quantity>0.000000</in_Quantity.quantity><out_Quantity.quantity>214.730874</out_Quantity.quantity></Point><Point><position>12970</position><in_Quantity.quantity>0.000000</in_Quantity.quantity><out_Quantity.quantity>140.764942</out_Quantity.quantity></Point><Point><position>12971</position><in_Quantity.quantity>0.000000</in_Quantity.quantity><out_Quantity.quantity>387.609771</out_Quantity.quantity></Point><Point><position>12972</position><in_Quantity.quantity>0.000000</in_Quantity.quantity><out_Quantity.quantity>375.851128</out_Quantity.quantity></Point><Point><position>12973</position><in_Quantity.quantity>0.000000</in_Quantity.quantity><out_Quantity.quantity>33.386889</out_Quantity.quantity></Point><Point><position>12974</position><in_Quantity.quantity>0.000000</in_Quantity.quantity><out_Quantity.quantity>443.957774</out_Quantity.quantity></Point><Point><position>12975</position><in_Quantity.quantity>0.000000</in_Quantity.quantity><out_Quantity.quantity>113.858926</out_Quantity.quantity></Point><Point><position>12976</position><in_Quantity.quantity>0.000000</in_Quantity.quantity><out_Quantity.quantity>625.960157</out_Quantity.quantity></Point><Point><position>12977</position><in_Quantity.quantity>0.000000</in_Quantity.quantity><out_Quantity.quantity>48.448797</out_Quantity.quantity></Point><Point><position>12978</position><in_Quantity.quantity>0.000000</in_Quantity.quantity><out_Quantity.quantity>2.034574</out_Quantity.quantity></Point><Point><position>12979</position><in_Quantity.quantity>0.000000</in_Quantity.quantity><out_Quantity.quantity>533.935883</out_Quantity.quantity></Point><Point><position>12980</position><in_Quantity.quantity>0.000000</in_Quantity.quantity><out_Quantity.quantity>835.558418</out_Quantity.quantity></Point><Point><position>12981</position><in_Quantity.quantity>0.000000</in_Quantity.quantity><out_Quantity.quantity>795.604340</out_Quantity.quantity></Point><Point><position>12982</position><in_Quantity.quantity>0.000000</in_Quantity.quantity><out_Quantity.quantity>241.968788</out_Quantity.quantity></Point><Point><position>12983</position><in_Quantity.quantity>0.000000</in_Quantity.quantity><out_Quantity.quantity>967.287488</out_Quantity.quantity></Point><Point><position>12984</position><in_Quantity.quantity>0.000000</in_Quantity.quantity><out_Quantity.quantity>34.885438</out_Quantity.quantity></Point><Point><position>12985</position><in_Quantity.quantity>0.000000</in_Quantity.quantity><out_Quantity.quantity>204.501470</out_Quantity.quantity></Point><Point><position>12986</position><in_Quantity.quantity>0.000000</in_Quantity.quantity><out_Quantity.quantity>53.353410</out_Quantity.quantity></Point><Point><position>12987</position><in_Quantity.quantity>0.000000</in_Quantity.quantity><out_Quantity.quantity>659.724018</out_Quantity.quantity></Point><Point><position>12988</position><in_Quantity.quantity>0.000000</in_Quantity.quantity><out_Quantity.quantity>469.106726</out_Quantity.quantity></Point><Point><position>12989</position><in_Quantity.quantity>0.000000</in_Quantity.quantity><out_Quantity.quantity>537.182755</out_Quantity.quantity></Point><Point><position>12990</position><in_Quantity.quantity>0.000000</in_Quantity.quantity><out_Quantity.quantity>76.400190</out_Quantity.quantity></Point><Point><position>12991</position><in_Quantity.quantity>0.000000</in_Quantity.quantity><out_Quantity.quantity>28.754153</out_Quantity.quantity></Point><Point><position>12992</position><in_Quantity.quantity>0.000000</in_Quantity.quantity><out_Quantity.quantity>164.777491</out_Quantity.quantity></Point><Point><position>12993</position><in_Quantity.quantity>0.000000</in_Quantity.quantity><out_Quantity.quantity>536.523828</out_Quantity.quantity></Point><Point><position>12994</position><in_Quantity.quantity>0.000000</in_Quantity.quantity><out_Quantity.quantity>452.687043</out_Quantity.quantity></Point><Point><position>12995</position><in_Quantity.quantity>0.000000</in_Quantity.quantity><out_Quantity.quantity>144.158479</out_Quantity.quantity></Point><Point><position>12996</position><in_Quantity.quantity>0.000000</in_Quantity.quantity><out_Quantity.quantity>17.043890</out_Quantity.quantity></Point><Point><position>12997</position><in_Quantity.quantity>0.000000</in_Quantity.quantity><out_Quantity.quantity>764.133141</out_Quantity.quantity></Point><Point><position>12998</position><in_Quantity.quantity>0.000000</in_Quantity.quantity><out_Quantity.quantity>496.962386</out_Quantity.quantity></Point><Point><position>12999</position><in_Quantity.quantity>0.000000</in_Quantity.quantity><out_Quantity.quantity>767.517107</out_Quantity.quantity></Point><Point><position>13000</position><in_Quantity.quantity>0.000000</in_Quantity.quantity><out_Quantity.quantity>128.554445</out_Quantity.quantity></Point><Point><position>13001</position><in_Quantity.quantity>0.000000</in_Quantity.quantity><out_Quantity.quantity>473.104464</out_Quantity.quantity></Point><Point><position>13002</position><in_Quantity.quantity>0.000000</in_Quantity.quantity><out_Quantity.quantity>508.787939</out_Quantity.quantity></Point><Point><position>13003</position><in_Quantity.quantity>0.000000</in_Quantity.quantity><out_Quantity.quantity>865.384578</out_Quantity.quantity></Point><Point><position>13004</position><in_Quantity.quantity>0.000000</in_Quantity.quantity><out_Quantity.quantity>452.331795</out_Quantity.quantity></Point><Point><position>13005</position><in_Quantity.quantity>0.000000</in_Quantity.quantity><out_Quantity.quantity>521.739019</out_Quantity.quantity></Point><Point><position>13006</position><in_Quantity.quantity>0.000000</in_Quantity.quantity><out_Quantity.quantity>241.646146</out_Quantity.quantity></Point><Point><position>13007</position><in_Quantity.quantity>0.000000</in_Quantity.quantity><out_Quantity.quantity>254.207016</out_Quantity.quantity></Point><Point><position>13008</position><in_Quantity.quantity>0.000000</in_Quantity.quantity><out_Quantity.quantity>112.714583</out_Quantity.quantity></Point><Point><position>13009</position><in_Quantity.quantity>0.000000</in_Quantity.quantity><out_Quantity.quantity>544.967859</out_Quantity.quantity></Point><Point><position>13010</position><in_Quantity.quantity>0.000000</in_Quantity.quantity><out_Quantity.quantity>629.132820</out_Quantity.quantity></Point><Point><position>13011</position><in_Quantity.quantity>0.000000</in_Quantity.quantity><out_Quantity.quantity>885.856111</out_Quantity.quantity></Point><Point><position>13012</position><in_Quantity.quantity>0.000000</in_Quantity.quantity><out_Quantity.quantity>63.931468</out_Quantity.quantity></Point><Point><position>13013</position><in_Quantity.quantity>0.000000</in_Quantity.quantity><out_Quantity.quantity>405.678359</out_Quantity.quantity></Point><Point><position>13014</position><in_Quantity.quantity>0.000000</in_Quantity.quantity><out_Quantity.quantity>111.195968</out_Quantity.quantity></Point><Point><position>13015</position><in_Quantity.quantity>0.000000</in_Quantity.quantity><out_Quantity.quantity>426.768370</out_Quantity.quantity></Point><Point><position>13016</position><in_Quantity.quantity>0.000000</in_Quantity.quantity><out_Quantity.quantity>952.923510</out_Quantity.quantity></Point><Point><position>13017</position><in_Quantity.quantity>0.000000</in_Quantity.quantity><out_Quantity.quantity>857.785132</out_Quantity.quantity></Point><Point><position>13018</position><in_Quantity.quantity>0.000000</in_Quantity.quantity><out_Quantity.quantity>249.756415</out_Quantity.quantity></Point><Point><position>13019</position><in_Quantity.quantity>0.000000</in_Quantity.quantity><out_Quantity.quantity>283.724252</out_Quantity.quantity></Point><Point><position>13020</position><in_Quantity.quantity>0.000000</in_Quantity.quantity><out_Quantity.quantity>777.897094</out_Quantity.quantity></Point><Point><position>13021</position><in_Quantity.quantity>0.000000</in_Quantity.quantity><out_Quantity.quantity>863.281733</out_Quantity.quantity></Point><Point><position>13022</position><in_Quantity.quantity>0.000000</in_Quantity.quantity><out_Quantity.quantity>756.542824</out_Quantity.quantity></Point><Point><position>13023</position><in_Quantity.quantity>0.000000</in_Quantity.quantity><out_Quantity.quantity>278.131079</out_Quantity.quantity></Point><Point><position>13024</position><in_Quantity.quantity>0.000000</in_Quantity.quantity><out_Quantity.quantity>590.109452</out_Quantity.quantity></Point><Point><position>13025</position><in_Quantity.quantity>0.000000</in_Quantity.quantity><out_Quantity.quantity>350.652044</out_Quantity.quantity></Point><Point><position>13026</position><in_Quantity.quantity>0.000000</in_Quantity.quantity><out_Quantity.quantity>348.903395</out_Quantity.quantity></Point><Point><position>13027</position><in_Quantity.quantity>0.000000</in_Quantity.quantity><out_Quantity.quantity>397.469699</out_Quantity.quantity></Point><Point><position>13028</position><in_Quantity.quantity>0.000000</in_Quantity.quantity><out_Quantity.quantity>578.116270</out_Quantity.quantity></Point><Point><position>13029</position><in_Quantity.quantity>0.000000</in_Quantity.quantity><out_Quantity.quantity>330.367107</out_Quantity.quantity></Point><Point><position>13030</position><in_Quantity.quantity>0.000000</in_Quantity.quantity><out_Quantity.quantity>649.651011</out_Quantity.quantity></Point><Point><position>13031</position><in_Quantity.quantity>0.000000</in_Quantity.quantity><out_Quantity.quantity>51.153380</out_Quantity.quantity></Point><Point><position>13032</position><in_Quantity.quantity>0.000000</in_Quantity.quantity><out_Quantity.quantity>61.270013</out_Quantity.quantity></Point><Point><position>13033</position><in_Quantity.quantity>0.000000</in_Quantity.quantity><out_Quantity.quantity>728.556951</out_Quantity.quantity></Point><Point><position>13034</position><in_Quantity.quantity>0.000000</in_Quantity.quantity><out_Quantity.quantity>702.368706</out_Quantity.quantity></Point><Point><position>13035</position><in_Quantity.quantity>0.000000</in_Quantity.quantity><out_Quantity.quantity>602.645098</out_Quantity.quantity></Point><Point><position>13036</position><in_Quantity.quantity>0.000000</in_Quantity.quantity><out_Quantity.quantity>991.479292</out_Quantity.quantity></Point><Point><position>13037</position><in_Quantity.quantity>0.000000</in_Quantity.quantity><out_Quantity.quantity>330.377581</out_Quantity.quantity></Point><Point><position>13038</position><in_Quantity.quantity>0.000000</in_Quantity.quantity><out_Quantity.quantity>960.906274</out_Quantity.quantity></Point><Point><position>13039</position><in_Quantity.quantity>0.000000</in_Quantity.quantity><out_Quantity.quantity>112.060754</out_Quantity.quantity></Point><Point><position>13040</position><in_Quantity.quantity>0.000000</in_Quantity.quantity><out_Quantity.quantity>900.241650</out_Quantity.quantity></Point><Point><position>13041</position><in_Quantity.quantity>0.000000</in_Quantity.quantity><out_Quantity.quantity>659.057780</out_Quantity.quantity></Point><Point><position>13042</position><in_Quantity.quantity>0.000000</in_Quantity.quantity><out_Quantity.quantity>465.231267</out_Quantity.quantity></Point><Point><position>13043</position><in_Quantity.quantity>0.000000</in_Quantity.quantity><out_Quantity.quantity>847.380884</out_Quantity.quantity></Point><Point><position>13044</position><in_Quantity.quantity>0.000000</in_Quantity.quantity><out_Quantity.quantity>625.788209</out_Quantity.quantity></Point><Point><position>13045</position><in_Quantity.quantity>0.000000</in_Quantity.quantity><out_Quantity.quantity>851.223365</out_Quantity.quantity></Point><Point><position>13046</position><in_Quantity.quantity>0.000000</in_Quantity.quantity><out_Quantity.quantity>124.293528</out_Quantity.quantity></Point><Point><position>13047</position><in_Quantity.quantity>0.000000</in_Quantity.quantity><out_Quantity.quantity>652.166755</out_Quantity.quantity></Point><Point><position>13048</position><in_Quantity.quantity>0.000000</in_Quantity.quantity><out_Quantity.quantity>243.916045</out_Quantity.quantity></Point><Point><position>13049</position><in_Quantity.quantity>0.000000</in_Quantity.quantity><out_Quantity.quantity>115.747146</out_Quantity.quantity></Point><Point><position>13050</position><in_Quantity.quantity>0.000000</in_Quantity.quantity><out_Quantity.quantity>831.930871</out_Quantity.quantity></Point><Point><position>13051</position><in_Quantity.quantity>0.000000</in_Quantity.quantity><out_Quantity.quantity>787.619493</out_Quantity.quantity></Point><Point><position>13052</position><in_Quantity.quantity>0.000000</in_Quantity.quantity><out_Quantity.quantity>786.991265</out_Quantity.quantity></Point><Point><position>13053</position><in_Quantity.quantity>0.000000</in_Quantity.quantity><out_Quantity.quantity>361.278178</out_Quantity.quantity></Point><Point><position>13054</position><in_Quantity.quantity>0.000000</in_Quantity.quantity><out_Quantity.quantity>562.279480</out_Quantity.quantity></Point><Point><position>13055</position><in_Quantity.quantity>0.000000</in_Quantity.quantity><out_Quantity.quantity>427.025000</out_Quantity.quantity></Point><Point><position>13056</position><in_Quantity.quantity>0.000000</in_Quantity.quantity><out_Quantity.quantity>590.073831</out_Quantity.quantity></Point><Point><position>13057</position><in_Quantity.quantity>0.000000</in_Quantity.quantity><out_Quantity.quantity>740.127669</out_Quantity.quantity></Point><Point><position>13058</position><in_Quantity.quantity>0.000000</in_Quantity.quantity><out_Quantity.quantity>705.494078</out_Quantity.quantity></Point><Point><position>13059</position><in_Quantity.quantity>0.000000</in_Quantity.quantity><out_Quantity.quantity>279.039236</out_Quantity.quantity></Point><Point><position>13060</position><in_Quantity.quantity>0.000000</in_Quantity.quantity><out_Quantity.quantity>286.091063</out_Quantity.quantity></Point><Point><position>13061</position><in_Quantity.quantity>0.000000</in_Quantity.quantity><out_Quantity.quantity>145.527963</out_Quantity.quantity></Point><Point><position>13062</position><in_Quantity.quantity>0.000000</in_Quantity.quantity><out_Quantity.quantity>883.415796</out_Quantity.quantity></Point><Point><position>13063</position><in_Quantity.quantity>0.000000</in_Quantity.quantity><out_Quantity.quantity>918.053788</out_Quantity.quantity></Point><Point><position>13064</position><in_Quantity.quantity>0.000000</in_Quantity.quantity><out_Quantity.quantity>426.570957</out_Quantity.quantity></Point><Point><position>13065</position><in_Quantity.quantity>0.000000</in_Quantity.quantity><out_Quantity.quantity>468.274112</out_Quantity.quantity></Point><Point><position>13066</position><in_Quantity.quantity>0.000000</in_Quantity.quantity><out_Quantity.quantity>828.916493</out_Quantity.quantity></Point><Point><position>13067</position><in_Quantity.quantity>0.000000</in_Quantity.quantity><out_Quantity.quantity>976.954722</out_Quantity.quantity></Point><Point><position>13068</position><in_Quantity.quantity>0.000000</in_Quantity.quantity><out_Quantity.quantity>765.472972</out_Quantity.quantity></Point><Point><position>13069</position><in_Quantity.quantity>0.000000</in_Quantity.quantity><out_Quantity.quantity>799.902059</out_Quantity.quantity></Point><Point><position>13070</position><in_Quantity.quantity>0.000000</in_Quantity.quantity><out_Quantity.quantity>631.341208</out_Quantity.quantity></Point><Point><position>13071</position><in_Quantity.quantity>0.000000</in_Quantity.quantity><out_Quantity.quantity>827.338666</out_Quantity.quantity></Point><Point><position>13072</position><in_Quantity.quantity>0.000000</in_Quantity.quantity><out_Quantity.quantity>225.427974</out_Quantity.quantity></Point><Point><position>13073</position><in_Quantity.quantity>0.000000</in_Quantity.quantity><out_Quantity.quantity>266.259609</out_Quantity.quantity></Point><Point><position>13074</position><in_Quantity.quantity>0.000000</in_Quantity.quantity><out_Quantity.quantity>68.155613</out_Quantity.quantity></Point><Point><position>13075</position><in_Quantity.quantity>0.000000</in_Quantity.quantity><out_Quantity.quantity>215.499102</out_Quantity.quantity></Point><Point><position>13076</position><in_Quantity.quantity>0.000000</in_Quantity.quantity><out_Quantity.quantity>294.639344</out_Quantity.quantity></Point><Point><position>13077</position><in_Quantity.quantity>0.000000</in_Quantity.quantity><out_Quantity.quantity>796.726269</out_Quantity.quantity></Point><Point><position>13078</position><in_Quantity.quantity>0.000000</in_Quantity.quantity><out_Quantity.quantity>80.836444</out_Quantity.quantity></Point><Point><position>13079</position><in_Quantity.quantity>0.000000</in_Quantity.quantity><out_Quantity.quantity>296.971616</out_Quantity.quantity></Point><Point><position>13080</position><in_Quantity.quantity>0.000000</in_Quantity.quantity><out_Quantity.quantity>144.186759</out_Quantity.quantity></Point><Point><position>13081</position><in_Quantity.quantity>0.000000</in_Quantity.quantity><out_Quantity.quantity>205.756329</out_Quantity.quantity></Point><Point><position>13082</position><in_Quantity.quantity>0.000000</in_Quantity.quantity><out_Quantity.quantity>39.579898</out_Quantity.quantity></Point><Point><position>13083</position><in_Quantity.quantity>0.000000</in_Quantity.quantity><out_Quantity.quantity>310.542056</out_Quantity.quantity></Point><Point><position>13084</position><in_Quantity.quantity>0.000000</in_Quantity.quantity><out_Quantity.quantity>891.250536</out_Quantity.quantity></Point><Point><position>13085</position><in_Quantity.quantity>0.000000</in_Quantity.quantity><out_Quantity.quantity>269.025226</out_Quantity.quantity></Point><Point><position>13086</position><in_Quantity.quantity>0.000000</in_Quantity.quantity><out_Quantity.quantity>750.849362</out_Quantity.quantity></Point><Point><position>13087</position><in_Quantity.quantity>0.000000</in_Quantity.quantity><out_Quantity.quantity>258.740421</out_Quantity.quantity></Point><Point><position>13088</position><in_Quantity.quantity>0.000000</in_Quantity.quantity><out_Quantity.quantity>786.688304</out_Quantity.quantity></Point><Point><position>13089</position><in_Quantity.quantity>0.000000</in_Quantity.quantity><out_Quantity.quantity>598.830409</out_Quantity.quantity></Point><Point><position>13090</position><in_Quantity.quantity>0.000000</in_Quantity.quantity><out_Quantity.quantity>800.606143</out_Quantity.quantity></Point><Point><position>13091</position><in_Quantity.quantity>0.000000</in_Quantity.quantity><out_Quantity.quantity>115.498548</out_Quantity.quantity></Point><Point><position>13092</position><in_Quantity.quantity>0.000000</in_Quantity.quantity><out_Quantity.quantity>489.889042</out_Quantity.quantity></Point><Point><position>13093</position><in_Quantity.quantity>0.000000</in_Quantity.quantity><out_Quantity.quantity>775.320169</out_Quantity.quantity></Point><Point><position>13094</position><in_Quantity.quantity>0.000000</in_Quantity.quantity><out_Quantity.quantity>930.810645</out_Quantity.quantity></Point><Point><position>13095</position><in_Quantity.quantity>0.000000</in_Quantity.quantity><out_Quantity.quantity>428.422655</out_Quantity.quantity></Point><Point><position>13096</position><in_Quantity.quantity>0.000000</in_Quantity.quantity><out_Quantity.quantity>726.660805</out_Quantity.quantity></Point><Point><position>13097</position><in_Quantity.quantity>0.000000</in_Quantity.quantity><out_Quantity.quantity>868.187731</out_Quantity.quantity></Point><Point><position>13098</position><in_Quantity.quantity>0.000000</in_Quantity.quantity><out_Quantity.quantity>602.831627</out_Quantity.quantity></Point><Point><position>13099</position><in_Quantity.quantity>0.000000</in_Quantity.quantity><out_Quantity.quantity>262.238920</out_Quantity.quantity></Point><Point><position>13100</position><in_Quantity.quantity>0.000000</in_Quantity.quantity><out_Quantity.quantity>468.738589</out_Quantity.quantity></Point><Point><position>13101</position><in_Quantity.quantity>0.000000</in_Quantity.quantity><out_Quantity.quantity>829.560621</out_Quantity.quantity></Point><Point><position>13102</position><in_Quantity.quantity>0.000000</in_Quantity.quantity><out_Quantity.quantity>674.705800</out_Quantity.quantity></Point><Point><position>13103</position><in_Quantity.quantity>0.000000</in_Quantity.quantity><out_Quantity.quantity>689.071989</out_Quantity.quantity></Point><Point><position>13104</position><in_Quantity.quantity>0.000000</in_Quantity.quantity><out_Quantity.quantity>507.592414</out_Quantity.quantity></Point><Point><position>13105</position><in_Quantity.quantity>0.000000</in_Quantity.quantity><out_Quantity.quantity>93.331869</out_Quantity.quantity></Point><Point><position>13106</position><in_Quantity.quantity>0.000000</in_Quantity.quantity><out_Quantity.quantity>267.407266</out_Quantity.quantity></Point><Point><position>13107</position><in_Quantity.quantity>0.000000</in_Quantity.quantity><out_Quantity.quantity>309.781718</out_Quantity.quantity></Point><Point><position>13108</position><in_Quantity.quantity>0.000000</in_Quantity.quantity><out_Quantity.quantity>5.168065</out_Quantity.quantity></Point><Point><position>13109</position><in_Quantity.quantity>0.000000</in_Quantity.quantity><out_Quantity.quantity>53.839126</out_Quantity.quantity></Point><Point><position>13110</position><in_Quantity.quantity>0.000000</in_Quantity.quantity><out_Quantity.quantity>889.572404</out_Quantity.quantity></Point><Point><position>13111</position><in_Quantity.quantity>0.000000</in_Quantity.quantity><out_Quantity.quantity>116.696195</out_Quantity.quantity></Point><Point><position>13112</position><in_Quantity.quantity>0.000000</in_Quantity.quantity><out_Quantity.quantity>794.392592</out_Quantity.quantity></Point><Point><position>13113</position><in_Quantity.quantity>0.000000</in_Quantity.quantity><out_Quantity.quantity>89.806301</out_Quantity.quantity></Point><Point><position>13114</position><in_Quantity.quantity>0.000000</in_Quantity.quantity><out_Quantity.quantity>182.384659</out_Quantity.quantity></Point><Point><position>13115</position><in_Quantity.quantity>0.000000</in_Quantity.quantity><out_Quantity.quantity>271.391809</out_Quantity.quantity></Point><Point><position>13116</position><in_Quantity.quantity>0.000000</in_Quantity.quantity><out_Quantity.quantity>581.219925</out_Quantity.quantity></Point><Point><position>13117</position><in_Quantity.quantity>0.000000</in_Quantity.quantity><out_Quantity.quantity>723.406534</out_Quantity.quantity></Point><Point><position>13118</position><in_Quantity.quantity>0.000000</in_Quantity.quantity><out_Quantity.quantity>585.410513</out_Quantity.quantity></Point><Point><position>13119</position><in_Quantity.quantity>0.000000</in_Quantity.quantity><out_Quantity.quantity>381.527061</out_Quantity.quantity></Point><Point><position>13120</position><in_Quantity.quantity>0.000000</in_Quantity.quantity><out_Quantity.quantity>32.659002</out_Quantity.quantity></Point><Point><position>13121</position><in_Quantity.quantity>0.000000</in_Quantity.quantity><out_Quantity.quantity>783.017562</out_Quantity.quantity></Point><Point><position>13122</position><in_Quantity.quantity>0.000000</in_Quantity.quantity><out_Quantity.quantity>112.323998</out_Quantity.quantity></Point><Point><position>13123</position><in_Quantity.quantity>0.000000</in_Quantity.quantity><out_Quantity.quantity>843.810723</out_Quantity.quantity></Point><Point><position>13124</position><in_Quantity.quantity>0.000000</in_Quantity.quantity><out_Quantity.quantity>284.176607</out_Quantity.quantity></Point><Point><position>13125</position><in_Quantity.quantity>0.000000</in_Quantity.quantity><out_Quantity.quantity>643.151368</out_Quantity.quantity></Point><Point><position>13126</position><in_Quantity.quantity>0.000000</in_Quantity.quantity><out_Quantity.quantity>961.871683</out_Quantity.quantity></Point><Point><position>13127</position><in_Quantity.quantity>0.000000</in_Quantity.quantity><out_Quantity.quantity>689.052934</out_Quantity.quantity></Point><Point><position>13128</position><in_Quantity.quantity>0.000000</in_Quantity.quantity><out_Quantity.quantity>339.065713</out_Quantity.quantity></Point><Point><position>13129</position><in_Quantity.quantity>0.000000</in_Quantity.quantity><out_Quantity.quantity>668.527089</out_Quantity.quantity></Point><Point><position>13130</position><in_Quantity.quantity>0.000000</in_Quantity.quantity><out_Quantity.quantity>17.413188</out_Quantity.quantity></Point><Point><position>13131</position><in_Quantity.quantity>0.000000</in_Quantity.quantity><out_Quantity.quantity>186.017983</out_Quantity.quantity></Point><Point><position>13132</position><in_Quantity.quantity>0.000000</in_Quantity.quantity><out_Quantity.quantity>815.208493</out_Quantity.quantity></Point><Point><position>13133</position><in_Quantity.quantity>0.000000</in_Quantity.quantity><out_Quantity.quantity>42.340974</out_Quantity.quantity></Point><Point><position>13134</position><in_Quantity.quantity>0.000000</in_Quantity.quantity><out_Quantity.quantity>799.576411</out_Quantity.quantity></Point><Point><position>13135</position><in_Quantity.quantity>0.000000</in_Quantity.quantity><out_Quantity.quantity>2.145107</out_Quantity.quantity></Point><Point><position>13136</position><in_Quantity.quantity>0.000000</in_Quantity.quantity><out_Quantity.quantity>998.813701</out_Quantity.quantity></Point><Point><position>13137</position><in_Quantity.quantity>0.000000</in_Quantity.quantity><out_Quantity.quantity>548.746497</out_Quantity.quantity></Point><Point><position>13138</position><in_Quantity.quantity>0.000000</in_Quantity.quantity><out_Quantity.quantity>241.394336</out_Quantity.quantity></Point><Point><position>13139</position><in_Quantity.quantity>0.000000</in_Quantity.quantity><out_Quantity.quantity>588.515244</out_Quantity.quantity></Point><Point><position>13140</position><in_Quantity.quantity>0.000000</in_Quantity.quantity><out_Quantity.quantity>375.914745</out_Quantity.quantity></Point><Point><position>13141</position><in_Quantity.quantity>0.000000</in_Quantity.quantity><out_Quantity.quantity>902.645759</out_Quantity.quantity></Point><Point><position>13142</position><in_Quantity.quantity>0.000000</in_Quantity.quantity><out_Quantity.quantity>963.371700</out_Quantity.quantity></Point><Point><position>13143</position><in_Quantity.quantity>0.000000</in_Quantity.quantity><out_Quantity.quantity>297.058496</out_Quantity.quantity></Point><Point><position>13144</position><in_Quantity.quantity>0.000000</in_Quantity.quantity><out_Quantity.quantity>39.767831</out_Quantity.quantity></Point><Point><position>13145</position><in_Quantity.quantity>0.000000</in_Quantity.quantity><out_Quantity.quantity>53.035366</out_Quantity.quantity></Point><Point><position>13146</position><in_Quantity.quantity>0.000000</in_Quantity.quantity><out_Quantity.quantity>562.161875</out_Quantity.quantity></Point><Point><position>13147</position><in_Quantity.quantity>0.000000</in_Quantity.quantity><out_Quantity.quantity>102.650535</out_Quantity.quantity></Point><Point><position>13148</position><in_Quantity.quantity>0.000000</in_Quantity.quantity><out_Quantity.quantity>402.258173</out_Quantity.quantity></Point><Point><position>13149</position><in_Quantity.quantity>0.000000</in_Quantity.quantity><out_Quantity.quantity>347.622580</out_Quantity.quantity></Point><Point><position>13150</position><in_Quantity.quantity>0.000000</in_Quantity.quantity><out_Quantity.quantity>415.925953</out_Quantity.quantity></Point><Point><position>13151</position><in_Quantity.quantity>0.000000</in_Quantity.quantity><out_Quantity.quantity>582.176138</out_Quantity.quantity></Point><Point><position>13152</position><in_Quantity.quantity>0.000000</in_Quantity.quantity><out_Quantity.quantity>107.485380</out_Quantity.quantity></Point><Point><position>13153</position><in_Quantity.quantity>0.000000</in_Quantity.quantity><out_Quantity.quantity>272.150575</out_Quantity.quantity></Point><Point><position>13154</position><in_Quantity.quantity>0.000000</in_Quantity.quantity><out_Quantity.quantity>151.419644</out_Quantity.quantity></Point><Point><position>13155</position><in_Quantity.quantity>0.000000</in_Quantity.quantity><out_Quantity.quantity>69.317936</out_Quantity.quantity></Point><Point><position>13156</position><in_Quantity.quantity>0.000000</in_Quantity.quantity><out_Quantity.quantity>308.715680</out_Quantity.quantity></Point><Point><position>13157</position><in_Quantity.quantity>0.000000</in_Quantity.quantity><out_Quantity.quantity>246.992648</out_Quantity.quantity></Point><Point><position>13158</position><in_Quantity.quantity>0.000000</in_Quantity.quantity><out_Quantity.quantity>655.475664</out_Quantity.quantity></Point><Point><position>13159</position><in_Quantity.quantity>0.000000</in_Quantity.quantity><out_Quantity.quantity>16.036024</out_Quantity.quantity></Point><Point><position>13160</position><in_Quantity.quantity>0.000000</in_Quantity.quantity><out_Quantity.quantity>703.878941</out_Quantity.quantity></Point><Point><position>13161</position><in_Quantity.quantity>0.000000</in_Quantity.quantity><out_Quantity.quantity>241.212127</out_Quantity.quantity></Point><Point><position>13162</position><in_Quantity.quantity>0.000000</in_Quantity.quantity><out_Quantity.quantity>250.852896</out_Quantity.quantity></Point><Point><position>13163</position><in_Quantity.quantity>0.000000</in_Quantity.quantity><out_Quantity.quantity>216.459941</out_Quantity.quantity></Point><Point><position>13164</position><in_Quantity.quantity>0.000000</in_Quantity.quantity><out_Quantity.quantity>970.706996</out_Quantity.quantity></Point><Point><position>13165</position><in_Quantity.quantity>0.000000</in_Quantity.quantity><out_Quantity.quantity>804.343266</out_Quantity.quantity></Point><Point><position>13166</position><in_Quantity.quantity>0.000000</in_Quantity.quantity><out_Quantity.quantity>346.184902</out_Quantity.quantity></Point><Point><position>13167</position><in_Quantity.quantity>0.000000</in_Quantity.quantity><out_Quantity.quantity>331.579445</out_Quantity.quantity></Point><Point><position>13168</position><in_Quantity.quantity>0.000000</in_Quantity.quantity><out_Quantity.quantity>404.009840</out_Quantity.quantity></Point><Point><position>13169</position><in_Quantity.quantity>0.000000</in_Quantity.quantity><out_Quantity.quantity>358.639383</out_Quantity.quantity></Point><Point><position>13170</position><in_Quantity.quantity>0.000000</in_Quantity.quantity><out_Quantity.quantity>532.369332</out_Quantity.quantity></Point><Point><position>13171</position><in_Quantity.quantity>0.000000</in_Quantity.quantity><out_Quantity.quantity>849.665637</out_Quantity.quantity></Point><Point><position>13172</position><in_Quantity.quantity>0.000000</in_Quantity.quantity><out_Quantity.quantity>364.223609</out_Quantity.quantity></Point><Point><position>13173</position><in_Quantity.quantity>0.000000</in_Quantity.quantity><out_Quantity.quantity>854.931714</out_Quantity.quantity></Point><Point><position>13174</position><in_Quantity.quantity>0.000000</in_Quantity.quantity><out_Quantity.quantity>897.301875</out_Quantity.quantity></Point><Point><position>13175</position><in_Quantity.quantity>0.000000</in_Quantity.quantity><out_Quantity.quantity>742.697978</out_Quantity.quantity></Point><Point><position>13176</position><in_Quantity.quantity>0.000000</in_Quantity.quantity><out_Quantity.quantity>75.207891</out_Quantity.quantity></Point><Point><position>13177</position><in_Quantity.quantity>0.000000</in_Quantity.quantity><out_Quantity.quantity>753.092309</out_Quantity.quantity></Point><Point><position>13178</position><in_Quantity.quantity>0.000000</in_Quantity.quantity><out_Quantity.quantity>720.770362</out_Quantity.quantity></Point><Point><position>13179</position><in_Quantity.quantity>0.000000</in_Quantity.quantity><out_Quantity.quantity>667.912184</out_Quantity.quantity></Point><Point><position>13180</position><in_Quantity.quantity>0.000000</in_Quantity.quantity><out_Quantity.quantity>973.211725</out_Quantity.quantity></Point><Point><position>13181</position><in_Quantity.quantity>0.000000</in_Quantity.quantity><out_Quantity.quantity>939.596310</out_Quantity.quantity></Point><Point><position>13182</position><in_Quantity.quantity>0.000000</in_Quantity.quantity><out_Quantity.quantity>180.604257</out_Quantity.quantity></Point><Point><position>13183</position><in_Quantity.quantity>0.000000</in_Quantity.quantity><out_Quantity.quantity>632.955268</out_Quantity.quantity></Point><Point><position>13184</position><in_Quantity.quantity>0.000000</in_Quantity.quantity><out_Quantity.quantity>935.503514</out_Quantity.quantity></Point><Point><position>13185</position><in_Quantity.quantity>0.000000</in_Quantity.quantity><out_Quantity.quantity>187.556948</out_Quantity.quantity></Point><Point><position>13186</position><in_Quantity.quantity>0.000000</in_Quantity.quantity><out_Quantity.quantity>385.369898</out_Quantity.quantity></Point><Point><position>13187</position><in_Quantity.quantity>0.000000</in_Quantity.quantity><out_Quantity.quantity>939.887548</out_Quantity.quantity></Point><Point><position>13188</position><in_Quantity.quantity>0.000000</in_Quantity.quantity><out_Quantity.quantity>712.342725</out_Quantity.quantity></Point><Point><position>13189</position><in_Quantity.quantity>0.000000</in_Quantity.quantity><out_Quantity.quantity>937.783471</out_Quantity.quantity></Point><Point><position>13190</position><in_Quantity.quantity>0.000000</in_Quantity.quantity><out_Quantity.quantity>276.918413</out_Quantity.quantity></Point><Point><position>13191</position><in_Quantity.quantity>0.000000</in_Quantity.quantity><out_Quantity.quantity>589.560149</out_Quantity.quantity></Point><Point><position>13192</position><in_Quantity.quantity>0.000000</in_Quantity.quantity><out_Quantity.quantity>779.123223</out_Quantity.quantity></Point><Point><position>13193</position><in_Quantity.quantity>0.000000</in_Quantity.quantity><out_Quantity.quantity>896.922473</out_Quantity.quantity></Point><Point><position>13194</position><in_Quantity.quantity>0.000000</in_Quantity.quantity><out_Quantity.quantity>851.641096</out_Quantity.quantity></Point><Point><position>13195</position><in_Quantity.quantity>0.000000</in_Quantity.quantity><out_Quantity.quantity>223.201392</out_Quantity.quantity></Point><Point><position>13196</position><in_Quantity.quantity>0.000000</in_Quantity.quantity><out_Quantity.quantity>440.369462</out_Quantity.quantity></Point><Point><position>13197</position><in_Quantity.quantity>0.000000</in_Quantity.quantity><out_Quantity.quantity>247.728525</out_Quantity.quantity></Point><Point><position>13198</position><in_Quantity.quantity>0.000000</in_Quantity.quantity><out_Quantity.quantity>874.901447</out_Quantity.quantity></Point><Point><position>13199</position><in_Quantity.quantity>0.000000</in_Quantity.quantity><out_Quantity.quantity>589.161172</out_Quantity.quantity></Point><Point><position>13200</position><in_Quantity.quantity>0.000000</in_Quantity.quantity><out_Quantity.quantity>227.629622</out_Quantity.quantity></Point><Point><position>13201</position><in_Quantity.quantity>0.000000</in_Quantity.quantity><out_Quantity.quantity>415.804653</out_Quantity.quantity></Point><Point><position>13202</position><in_Quantity.quantity>0.000000</in_Quantity.quantity><out_Quantity.quantity>986.740623</out_Quantity.quantity></Point><Point><position>13203</position><in_Quantity.quantity>0.000000</in_Quantity.quantity><out_Quantity.quantity>909.224997</out_Quantity.quantity></Point><Point><position>13204</position><in_Quantity.quantity>0.000000</in_Quantity.quantity><out_Quantity.quantity>350.934141</out_Quantity.quantity></Point><Point><position>13205</position><in_Quantity.quantity>0.000000</in_Quantity.quantity><out_Quantity.quantity>45.105829</out_Quantity.quantity></Point><Point><position>13206</position><in_Quantity.quantity>0.000000</in_Quantity.quantity><out_Quantity.quantity>646.079024</out_Quantity.quantity></Point><Point><position>13207</position><in_Quantity.quantity>0.000000</in_Quantity.quantity><out_Quantity.quantity>794.911493</out_Quantity.quantity></Point><Point><position>13208</position><in_Quantity.quantity>0.000000</in_Quantity.quantity><out_Quantity.quantity>831.093064</out_Quantity.quantity></Point><Point><position>13209</position><in_Quantity.quantity>0.000000</in_Quantity.quantity><out_Quantity.quantity>28.804924</out_Quantity.quantity></Point><Point><position>13210</position><in_Quantity.quantity>0.000000</in_Quantity.quantity><out_Quantity.quantity>45.011987</out_Quantity.quantity></Point><Point><position>13211</position><in_Quantity.quantity>0.000000</in_Quantity.quantity><out_Quantity.quantity>594.915675</out_Quantity.quantity></Point><Point><position>13212</position><in_Quantity.quantity>0.000000</in_Quantity.quantity><out_Quantity.quantity>558.477530</out_Quantity.quantity></Point><Point><position>13213</position><in_Quantity.quantity>0.000000</in_Quantity.quantity><out_Quantity.quantity>639.902170</out_Quantity.quantity></Point><Point><position>13214</position><in_Quantity.quantity>0.000000</in_Quantity.quantity><out_Quantity.quantity>478.331332</out_Quantity.quantity></Point><Point><position>13215</position><in_Quantity.quantity>0.000000</in_Quantity.quantity><out_Quantity.quantity>427.150957</out_Quantity.quantity></Point><Point><position>13216</position><in_Quantity.quantity>0.000000</in_Quantity.quantity><out_Quantity.quantity>444.747759</out_Quantity.quantity></Point><Point><position>13217</position><in_Quantity.quantity>0.000000</in_Quantity.quantity><out_Quantity.quantity>914.395469</out_Quantity.quantity></Point><Point><position>13218</position><in_Quantity.quantity>0.000000</in_Quantity.quantity><out_Quantity.quantity>30.453338</out_Quantity.quantity></Point><Point><position>13219</position><in_Quantity.quantity>0.000000</in_Quantity.quantity><out_Quantity.quantity>420.975759</out_Quantity.quantity></Point><Point><position>13220</position><in_Quantity.quantity>0.000000</in_Quantity.quantity><out_Quantity.quantity>676.832730</out_Quantity.quantity></Point><Point><position>13221</position><in_Quantity.quantity>0.000000</in_Quantity.quantity><out_Quantity.quantity>404.762602</out_Quantity.quantity></Point><Point><position>13222</position><in_Quantity.quantity>0.000000</in_Quantity.quantity><out_Quantity.quantity>857.076280</out_Quantity.quantity></Point><Point><position>13223</position><in_Quantity.quantity>0.000000</in_Quantity.quantity><out_Quantity.quantity>420.420051</out_Quantity.quantity></Point><Point><position>13224</position><in_Quantity.quantity>0.000000</in_Quantity.quantity><out_Quantity.quantity>81.018895</out_Quantity.quantity></Point><Point><position>13225</position><in_Quantity.quantity>0.000000</in_Quantity.quantity><out_Quantity.quantity>908.511851</out_Quantity.quantity></Point><Point><position>13226</position><in_Quantity.quantity>0.000000</in_Quantity.quantity><out_Quantity.quantity>48.051038</out_Quantity.quantity></Point><Point><position>13227</position><in_Quantity.quantity>0.000000</in_Quantity.quantity><out_Quantity.quantity>917.835037</out_Quantity.quantity></Point><Point><position>13228</position><in_Quantity.quantity>0.000000</in_Quantity.quantity><out_Quantity.quantity>613.993163</out_Quantity.quantity></Point><Point><position>13229</position><in_Quantity.quantity>0.000000</in_Quantity.quantity><out_Quantity.quantity>587.734634</out_Quantity.quantity></Point><Point><position>13230</position><in_Quantity.quantity>0.000000</in_Quantity.quantity><out_Quantity.quantity>782.173837</out_Quantity.quantity></Point><Point><position>13231</position><in_Quantity.quantity>0.000000</in_Quantity.quantity><out_Quantity.quantity>465.993985</out_Quantity.quantity></Point><Point><position>13232</position><in_Quantity.quantity>0.000000</in_Quantity.quantity><out_Quantity.quantity>417.952139</out_Quantity.quantity></Point><Point><position>13233</position><in_Quantity.quantity>0.000000</in_Quantity.quantity><out_Quantity.quantity>841.082853</out_Quantity.quantity></Point><Point><position>13234</position><in_Quantity.quantity>0.000000</in_Quantity.quantity><out_Quantity.quantity>349.755873</out_Quantity.quantity></Point><Point><position>13235</position><in_Quantity.quantity>0.000000</in_Quantity.quantity><out_Quantity.quantity>564.064521</out_Quantity.quantity></Point><Point><position>13236</position><in_Quantity.quantity>0.000000</in_Quantity.quantity><out_Quantity.quantity>997.728940</out_Quantity.quantity></Point><Point><position>13237</position><in_Quantity.quantity>0.000000</in_Quantity.quantity><out_Quantity.quantity>344.196150</out_Quantity.quantity></Point><Point><position>13238</position><in_Quantity.quantity>0.000000</in_Quantity.quantity><out_Quantity.quantity>612.895769</out_Quantity.quantity></Point><Point><position>13239</position><in_Quantity.quantity>0.000000</in_Quantity.quantity><out_Quantity.quantity>513.676184</out_Quantity.quantity></Point><Point><position>13240</position><in_Quantity.quantity>0.000000</in_Quantity.quantity><out_Quantity.quantity>905.519528</out_Quantity.quantity></Point><Point><position>13241</position><in_Quantity.quantity>0.000000</in_Quantity.quantity><out_Quantity.quantity>719.380972</out_Quantity.quantity></Point><Point><position>13242</position><in_Quantity.quantity>0.000000</in_Quantity.quantity><out_Quantity.quantity>529.496492</out_Quantity.quantity></Point><Point><position>13243</position><in_Quantity.quantity>0.000000</in_Quantity.quantity><out_Quantity.quantity>519.357181</out_Quantity.quantity></Point><Point><position>13244</position><in_Quantity.quantity>0.000000</in_Quantity.quantity><out_Quantity.quantity>994.663386</out_Quantity.quantity></Point><Point><position>13245</position><in_Quantity.quantity>0.000000</in_Quantity.quantity><out_Quantity.quantity>146.341569</out_Quantity.quantity></Point><Point><position>13246</position><in_Quantity.quantity>0.000000</in_Quantity.quantity><out_Quantity.quantity>955.974023</out_Quantity.quantity></Point><Point><position>13247</position><in_Quantity.quantity>0.000000</in_Quantity.quantity><out_Quantity.quantity>376.655389</out_Quantity.quantity></Point><Point><position>13248</position><in_Quantity.quantity>0.000000</in_Quantity.quantity><out_Quantity.quantity>74.950559</out_Quantity.quantity></Point><Point><position>13249</position><in_Quantity.quantity>0.000000</in_Quantity.quantity><out_Quantity.quantity>303.248022</out_Quantity.quantity></Point><Point><position>13250</position><in_Quantity.quantity>0.000000</in_Quantity.quantity><out_Quantity.quantity>352.283705</out_Quantity.quantity></Point><Point><position>13251</position><in_Quantity.quantity>0.000000</in_Quantity.quantity><out_Quantity.quantity>644.651212</out_Quantity.quantity></Point><Point><position>13252</position><in_Quantity.quantity>0.000000</in_Quantity.quantity><out_Quantity.quantity>733.387118</out_Quantity.quantity></Point><Point><position>13253</position><in_Quantity.quantity>0.000000</in_Quantity.quantity><out_Quantity.quantity>540.636545</out_Quantity.quantity></Point><Point><position>13254</position><in_Quantity.quantity>0.000000</in_Quantity.quantity><out_Quantity.quantity>694.805910</out_Quantity.quantity></Point><Point><position>13255</position><in_Quantity.quantity>0.000000</in_Quantity.quantity><out_Quantity.quantity>776.745814</out_Quantity.quantity></Point><Point><position>13256</position><in_Quantity.quantity>0.000000</in_Quantity.quantity><out_Quantity.quantity>445.586027</out_Quantity.quantity></Point><Point><position>13257</position><in_Quantity.quantity>0.000000</in_Quantity.quantity><out_Quantity.quantity>8.915699</out_Quantity.quantity></Point><Point><position>13258</position><in_Quantity.quantity>0.000000</in_Quantity.quantity><out_Quantity.quantity>876.498753</out_Quantity.quantity></Point><Point><position>13259</position><in_Quantity.quantity>0.000000</in_Quantity.quantity><out_Quantity.quantity>511.394576</out_Quantity.quantity></Point><Point><position>13260</position><in_Quantity.quantity>0.000000</in_Quantity.quantity><out_Quantity.quantity>359.263363</out_Quantity.quantity></Point><Point><position>13261</position><in_Quantity.quantity>0.000000</in_Quantity.quantity><out_Quantity.quantity>712.499930</out_Quantity.quantity></Point><Point><position>13262</position><in_Quantity.quantity>0.000000</in_Quantity.quantity><out_Quantity.quantity>925.471894</out_Quantity.quantity></Point><Point><position>13263</position><in_Quantity.quantity>0.000000</in_Quantity.quantity><out_Quantity.quantity>647.053169</out_Quantity.quantity></Point><Point><position>13264</position><in_Quantity.quantity>0.000000</in_Quantity.quantity><out_Quantity.quantity>129.517415</out_Quantity.quantity></Point><Point><position>13265</position><in_Quantity.quantity>0.000000</in_Quantity.quantity><out_Quantity.quantity>880.815370</out_Quantity.quantity></Point><Point><position>13266</position><in_Quantity.quantity>0.000000</in_Quantity.quantity><out_Quantity.quantity>388.604876</out_Quantity.quantity></Point><Point><position>13267</position><in_Quantity.quantity>0.000000</in_Quantity.quantity><out_Quantity.quantity>718.577050</out_Quantity.quantity></Point><Point><position>13268</position><in_Quantity.quantity>0.000000</in_Quantity.quantity><out_Quantity.quantity>289.821618</out_Quantity.quantity></Point><Point><position>13269</position><in_Quantity.quantity>0.000000</in_Quantity.quantity><out_Quantity.quantity>496.960848</out_Quantity.quantity></Point><Point><position>13270</position><in_Quantity.quantity>0.000000</in_Quantity.quantity><out_Quantity.quantity>558.345925</out_Quantity.quantity></Point><Point><position>13271</position><in_Quantity.quantity>0.000000</in_Quantity.quantity><out_Quantity.quantity>662.362708</out_Quantity.quantity></Point><Point><position>13272</position><in_Quantity.quantity>0.000000</in_Quantity.quantity><out_Quantity.quantity>819.498313</out_Quantity.quantity></Point><Point><position>13273</position><in_Quantity.quantity>0.000000</in_Quantity.quantity><out_Quantity.quantity>823.941809</out_Quantity.quantity></Point><Point><position>13274</position><in_Quantity.quantity>0.000000</in_Quantity.quantity><out_Quantity.quantity>465.689988</out_Quantity.quantity></Point><Point><position>13275</position><in_Quantity.quantity>0.000000</in_Quantity.quantity><out_Quantity.quantity>354.677702</out_Quantity.quantity></Point><Point><position>13276</position><in_Quantity.quantity>0.000000</in_Quantity.quantity><out_Quantity.quantity>247.518181</out_Quantity.quantity></Point><Point><position>13277</position><in_Quantity.quantity>0.000000</in_Quantity.quantity><out_Quantity.quantity>604.951861</out_Quantity.quantity></Point><Point><position>13278</position><in_Quantity.quantity>0.000000</in_Quantity.quantity><out_Quantity.quantity>501.039432</out_Quantity.quantity></Point><Point><position>13279</position><in_Quantity.quantity>0.000000</in_Quantity.quantity><out_Quantity.quantity>673.068428</out_Quantity.quantity></Point><Point><position>13280</position><in_Quantity.quantity>0.000000</in_Quantity.quantity><out_Quantity.quantity>181.174344</out_Quantity.quantity></Point><Point><position>13281</position><in_Quantity.quantity>0.000000</in_Quantity.quantity><out_Quantity.quantity>25.860750</out_Quantity.quantity></Point><Point><position>13282</position><in_Quantity.quantity>0.000000</in_Quantity.quantity><out_Quantity.quantity>950.448051</out_Quantity.quantity></Point><Point><position>13283</position><in_Quantity.quantity>0.000000</in_Quantity.quantity><out_Quantity.quantity>731.055684</out_Quantity.quantity></Point><Point><position>13284</position><in_Quantity.quantity>0.000000</in_Quantity.quantity><out_Quantity.quantity>921.177542</out_Quantity.quantity></Point><Point><position>13285</position><in_Quantity.quantity>0.000000</in_Quantity.quantity><out_Quantity.quantity>486.743283</out_Quantity.quantity></Point><Point><position>13286</position><in_Quantity.quantity>0.000000</in_Quantity.quantity><out_Quantity.quantity>400.432904</out_Quantity.quantity></Point><Point><position>13287</position><in_Quantity.quantity>0.000000</in_Quantity.quantity><out_Quantity.quantity>753.837949</out_Quantity.quantity></Point><Point><position>13288</position><in_Quantity.quantity>0.000000</in_Quantity.quantity><out_Quantity.quantity>116.879833</out_Quantity.quantity></Point><Point><position>13289</position><in_Quantity.quantity>0.000000</in_Quantity.quantity><out_Quantity.quantity>640.085964</out_Quantity.quantity></Point><Point><position>13290</position><in_Quantity.quantity>0.000000</in_Quantity.quantity><out_Quantity.quantity>404.977874</out_Quantity.quantity></Point><Point><position>13291</position><in_Quantity.quantity>0.000000</in_Quantity.quantity><out_Quantity.quantity>451.679927</out_Quantity.quantity></Point><Point><position>13292</position><in_Quantity.quantity>0.000000</in_Quantity.quantity><out_Quantity.quantity>669.056432</out_Quantity.quantity></Point><Point><position>13293</position><in_Quantity.quantity>0.000000</in_Quantity.quantity><out_Quantity.quantity>603.738907</out_Quantity.quantity></Point><Point><position>13294</position><in_Quantity.quantity>0.000000</in_Quantity.quantity><out_Quantity.quantity>385.951001</out_Quantity.quantity></Point><Point><position>13295</position><in_Quantity.quantity>0.000000</in_Quantity.quantity><out_Quantity.quantity>520.551827</out_Quantity.quantity></Point><Point><position>13296</position><in_Quantity.quantity>0.000000</in_Quantity.quantity><out_Quantity.quantity>226.356771</out_Quantity.quantity></Point><Point><position>13297</position><in_Quantity.quantity>0.000000</in_Quantity.quantity><out_Quantity.quantity>905.302463</out_Quantity.quantity></Point><Point><position>13298</position><in_Quantity.quantity>0.000000</in_Quantity.quantity><out_Quantity.quantity>686.318458</out_Quantity.quantity></Point><Point><position>13299</position><in_Quantity.quantity>0.000000</in_Quantity.quantity><out_Quantity.quantity>424.484484</out_Quantity.quantity></Point><Point><position>13300</position><in_Quantity.quantity>0.000000</in_Quantity.quantity><out_Quantity.quantity>495.302673</out_Quantity.quantity></Point><Point><position>13301</position><in_Quantity.quantity>0.000000</in_Quantity.quantity><out_Quantity.quantity>264.979831</out_Quantity.quantity></Point><Point><position>13302</position><in_Quantity.quantity>0.000000</in_Quantity.quantity><out_Quantity.quantity>767.229832</out_Quantity.quantity></Point><Point><position>13303</position><in_Quantity.quantity>0.000000</in_Quantity.quantity><out_Quantity.quantity>922.476807</out_Quantity.quantity></Point><Point><position>13304</position><in_Quantity.quantity>0.000000</in_Quantity.quantity><out_Quantity.quantity>33.098419</out_Quantity.quantity></Point><Point><position>13305</position><in_Quantity.quantity>0.000000</in_Quantity.quantity><out_Quantity.quantity>475.541907</out_Quantity.quantity></Point><Point><position>13306</position><in_Quantity.quantity>0.000000</in_Quantity.quantity><out_Quantity.quantity>213.150925</out_Quantity.quantity></Point><Point><position>13307</position><in_Quantity.quantity>0.000000</in_Quantity.quantity><out_Quantity.quantity>448.732435</out_Quantity.quantity></Point><Point><position>13308</position><in_Quantity.quantity>0.000000</in_Quantity.quantity><out_Quantity.quantity>994.398179</out_Quantity.quantity></Point><Point><position>13309</position><in_Quantity.quantity>0.000000</in_Quantity.quantity><out_Quantity.quantity>193.833484</out_Quantity.quantity></Point><Point><position>13310</position><in_Quantity.quantity>0.000000</in_Quantity.quantity><out_Quantity.quantity>477.925056</out_Quantity.quantity></Point><Point><position>13311</position><in_Quantity.quantity>0.000000</in_Quantity.quantity><out_Quantity.quantity>188.245757</out_Quantity.quantity></Point><Point><position>13312</position><in_Quantity.quantity>0.000000</in_Quantity.quantity><out_Quantity.quantity>269.576602</out_Quantity.quantity></Point><Point><position>13313</position><in_Quantity.quantity>0.000000</in_Quantity.quantity><out_Quantity.quantity>511.204316</out_Quantity.quantity></Point><Point><position>13314</position><in_Quantity.quantity>0.000000</in_Quantity.quantity><out_Quantity.quantity>661.480898</out_Quantity.quantity></Point><Point><position>13315</position><in_Quantity.quantity>0.000000</in_Quantity.quantity><out_Quantity.quantity>116.262968</out_Quantity.quantity></Point><Point><position>13316</position><in_Quantity.quantity>0.000000</in_Quantity.quantity><out_Quantity.quantity>57.787052</out_Quantity.quantity></Point><Point><position>13317</position><in_Quantity.quantity>0.000000</in_Quantity.quantity><out_Quantity.quantity>713.237043</out_Quantity.quantity></Point><Point><position>13318</position><in_Quantity.quantity>0.000000</in_Quantity.quantity><out_Quantity.quantity>752.526299</out_Quantity.quantity></Point><Point><position>13319</position><in_Quantity.quantity>0.000000</in_Quantity.quantity><out_Quantity.quantity>743.074026</out_Quantity.quantity></Point><Point><position>13320</position><in_Quantity.quantity>0.000000</in_Quantity.quantity><out_Quantity.quantity>814.004579</out_Quantity.quantity></Point><Point><position>13321</position><in_Quantity.quantity>0.000000</in_Quantity.quantity><out_Quantity.quantity>744.738408</out_Quantity.quantity></Point><Point><position>13322</position><in_Quantity.quantity>0.000000</in_Quantity.quantity><out_Quantity.quantity>967.432375</out_Quantity.quantity></Point><Point><position>13323</position><in_Quantity.quantity>0.000000</in_Quantity.quantity><out_Quantity.quantity>372.647124</out_Quantity.quantity></Point><Point><position>13324</position><in_Quantity.quantity>0.000000</in_Quantity.quantity><out_Quantity.quantity>636.481116</out_Quantity.quantity></Point><Point><position>13325</position><in_Quantity.quantity>0.000000</in_Quantity.quantity><out_Quantity.quantity>400.818417</out_Quantity.quantity></Point><Point><position>13326</position><in_Quantity.quantity>0.000000</in_Quantity.quantity><out_Quantity.quantity>14.415943</out_Quantity.quantity></Point><Point><position>13327</position><in_Quantity.quantity>0.000000</in_Quantity.quantity><out_Quantity.quantity>711.412105</out_Quantity.quantity></Point><Point><position>13328</position><in_Quantity.quantity>0.000000</in_Quantity.quantity><out_Quantity.quantity>929.086745</out_Quantity.quantity></Point><Point><position>13329</position><in_Quantity.quantity>0.000000</in_Quantity.quantity><out_Quantity.quantity>104.246409</out_Quantity.quantity></Point><Point><position>13330</position><in_Quantity.quantity>0.000000</in_Quantity.quantity><out_Quantity.quantity>749.635078</out_Quantity.quantity></Point><Point><position>13331</position><in_Quantity.quantity>0.000000</in_Quantity.quantity><out_Quantity.quantity>390.677397</out_Quantity.quantity></Point><Point><position>13332</position><in_Quantity.quantity>0.000000</in_Quantity.quantity><out_Quantity.quantity>372.158363</out_Quantity.quantity></Point><Point><position>13333</position><in_Quantity.quantity>0.000000</in_Quantity.quantity><out_Quantity.quantity>454.721927</out_Quantity.quantity></Point><Point><position>13334</position><in_Quantity.quantity>0.000000</in_Quantity.quantity><out_Quantity.quantity>265.466416</out_Quantity.quantity></Point><Point><position>13335</position><in_Quantity.quantity>0.000000</in_Quantity.quantity><out_Quantity.quantity>886.208916</out_Quantity.quantity></Point><Point><position>13336</position><in_Quantity.quantity>0.000000</in_Quantity.quantity><out_Quantity.quantity>795.730239</out_Quantity.quantity></Point><Point><position>13337</position><in_Quantity.quantity>0.000000</in_Quantity.quantity><out_Quantity.quantity>753.680059</out_Quantity.quantity></Point><Point><position>13338</position><in_Quantity.quantity>0.000000</in_Quantity.quantity><out_Quantity.quantity>594.610305</out_Quantity.quantity></Point><Point><position>13339</position><in_Quantity.quantity>0.000000</in_Quantity.quantity><out_Quantity.quantity>743.236575</out_Quantity.quantity></Point><Point><position>13340</position><in_Quantity.quantity>0.000000</in_Quantity.quantity><out_Quantity.quantity>888.353292</out_Quantity.quantity></Point><Point><position>13341</position><in_Quantity.quantity>0.000000</in_Quantity.quantity><out_Quantity.quantity>920.680536</out_Quantity.quantity></Point><Point><position>13342</position><in_Quantity.quantity>0.000000</in_Quantity.quantity><out_Quantity.quantity>719.121447</out_Quantity.quantity></Point><Point><position>13343</position><in_Quantity.quantity>0.000000</in_Quantity.quantity><out_Quantity.quantity>688.736174</out_Quantity.quantity></Point><Point><position>13344</position><in_Quantity.quantity>0.000000</in_Quantity.quantity><out_Quantity.quantity>152.649548</out_Quantity.quantity></Point><Point><position>13345</position><in_Quantity.quantity>0.000000</in_Quantity.quantity><out_Quantity.quantity>286.508196</out_Quantity.quantity></Point><Point><position>13346</position><in_Quantity.quantity>0.000000</in_Quantity.quantity><out_Quantity.quantity>693.939303</out_Quantity.quantity></Point><Point><position>13347</position><in_Quantity.quantity>0.000000</in_Quantity.quantity><out_Quantity.quantity>924.705842</out_Quantity.quantity></Point><Point><position>13348</position><in_Quantity.quantity>0.000000</in_Quantity.quantity><out_Quantity.quantity>894.935720</out_Quantity.quantity></Point><Point><position>13349</position><in_Quantity.quantity>0.000000</in_Quantity.quantity><out_Quantity.quantity>415.423083</out_Quantity.quantity></Point><Point><position>13350</position><in_Quantity.quantity>0.000000</in_Quantity.quantity><out_Quantity.quantity>323.771589</out_Quantity.quantity></Point><Point><position>13351</position><in_Quantity.quantity>0.000000</in_Quantity.quantity><out_Quantity.quantity>153.870247</out_Quantity.quantity></Point><Point><position>13352</position><in_Quantity.quantity>0.000000</in_Quantity.quantity><out_Quantity.quantity>671.540869</out_Quantity.quantity></Point><Point><position>13353</position><in_Quantity.quantity>0.000000</in_Quantity.quantity><out_Quantity.quantity>98.689010</out_Quantity.quantity></Point><Point><position>13354</position><in_Quantity.quantity>0.000000</in_Quantity.quantity><out_Quantity.quantity>353.413176</out_Quantity.quantity></Point><Point><position>13355</position><in_Quantity.quantity>0.000000</in_Quantity.quantity><out_Quantity.quantity>453.526144</out_Quantity.quantity></Point><Point><position>13356</position><in_Quantity.quantity>0.000000</in_Quantity.quantity><out_Quantity.quantity>383.169584</out_Quantity.quantity></Point><Point><position>13357</position><in_Quantity.quantity>0.000000</in_Quantity.quantity><out_Quantity.quantity>314.928474</out_Quantity.quantity></Point><Point><position>13358</position><in_Quantity.quantity>0.000000</in_Quantity.quantity><out_Quantity.quantity>930.516163</out_Quantity.quantity></Point><Point><position>13359</position><in_Quantity.quantity>0.000000</in_Quantity.quantity><out_Quantity.quantity>719.311801</out_Quantity.quantity></Point><Point><position>13360</position><in_Quantity.quantity>0.000000</in_Quantity.quantity><out_Quantity.quantity>562.626426</out_Quantity.quantity></Point><Point><position>13361</position><in_Quantity.quantity>0.000000</in_Quantity.quantity><out_Quantity.quantity>238.746700</out_Quantity.quantity></Point><Point><position>13362</position><in_Quantity.quantity>0.000000</in_Quantity.quantity><out_Quantity.quantity>138.729525</out_Quantity.quantity></Point><Point><position>13363</position><in_Quantity.quantity>0.000000</in_Quantity.quantity><out_Quantity.quantity>674.603400</out_Quantity.quantity></Point><Point><position>13364</position><in_Quantity.quantity>0.000000</in_Quantity.quantity><out_Quantity.quantity>673.149464</out_Quantity.quantity></Point><Point><position>13365</position><in_Quantity.quantity>0.000000</in_Quantity.quantity><out_Quantity.quantity>63.163410</out_Quantity.quantity></Point><Point><position>13366</position><in_Quantity.quantity>0.000000</in_Quantity.quantity><out_Quantity.quantity>560.329829</out_Quantity.quantity></Point><Point><position>13367</position><in_Quantity.quantity>0.000000</in_Quantity.quantity><out_Quantity.quantity>688.408895</out_Quantity.quantity></Point><Point><position>13368</position><in_Quantity.quantity>0.000000</in_Quantity.quantity><out_Quantity.quantity>468.584181</out_Quantity.quantity></Point><Point><position>13369</position><in_Quantity.quantity>0.000000</in_Quantity.quantity><out_Quantity.quantity>5.991213</out_Quantity.quantity></Point><Point><position>13370</position><in_Quantity.quantity>0.000000</in_Quantity.quantity><out_Quantity.quantity>243.477170</out_Quantity.quantity></Point><Point><position>13371</position><in_Quantity.quantity>0.000000</in_Quantity.quantity><out_Quantity.quantity>398.122320</out_Quantity.quantity></Point><Point><position>13372</position><in_Quantity.quantity>0.000000</in_Quantity.quantity><out_Quantity.quantity>401.416623</out_Quantity.quantity></Point><Point><position>13373</position><in_Quantity.quantity>0.000000</in_Quantity.quantity><out_Quantity.quantity>337.498572</out_Quantity.quantity></Point><Point><position>13374</position><in_Quantity.quantity>0.000000</in_Quantity.quantity><out_Quantity.quantity>659.845700</out_Quantity.quantity></Point><Point><position>13375</position><in_Quantity.quantity>0.000000</in_Quantity.quantity><out_Quantity.quantity>266.291162</out_Quantity.quantity></Point><Point><position>13376</position><in_Quantity.quantity>0.000000</in_Quantity.quantity><out_Quantity.quantity>778.022557</out_Quantity.quantity></Point><Point><position>13377</position><in_Quantity.quantity>0.000000</in_Quantity.quantity><out_Quantity.quantity>995.417008</out_Quantity.quantity></Point><Point><position>13378</position><in_Quantity.quantity>0.000000</in_Quantity.quantity><out_Quantity.quantity>531.911709</out_Quantity.quantity></Point><Point><position>13379</position><in_Quantity.quantity>0.000000</in_Quantity.quantity><out_Quantity.quantity>13.049261</out_Quantity.quantity></Point><Point><position>13380</position><in_Quantity.quantity>0.000000</in_Quantity.quantity><out_Quantity.quantity>225.502326</out_Quantity.quantity></Point><Point><position>13381</position><in_Quantity.quantity>0.000000</in_Quantity.quantity><out_Quantity.quantity>375.911198</out_Quantity.quantity></Point><Point><position>13382</position><in_Quantity.quantity>0.000000</in_Quantity.quantity><out_Quantity.quantity>462.564154</out_Quantity.quantity></Point><Point><position>13383</position><in_Quantity.quantity>0.000000</in_Quantity.quantity><out_Quantity.quantity>395.297443</out_Quantity.quantity></Point><Point><position>13384</position><in_Quantity.quantity>0.000000</in_Quantity.quantity><out_Quantity.quantity>40.607963</out_Quantity.quantity></Point><Point><position>13385</position><in_Quantity.quantity>0.000000</in_Quantity.quantity><out_Quantity.quantity>145.096105</out_Quantity.quantity></Point><Point><position>13386</position><in_Quantity.quantity>0.000000</in_Quantity.quantity><out_Quantity.quantity>411.856302</out_Quantity.quantity></Point><Point><position>13387</position><in_Quantity.quantity>0.000000</in_Quantity.quantity><out_Quantity.quantity>298.076455</out_Quantity.quantity></Point><Point><position>13388</position><in_Quantity.quantity>0.000000</in_Quantity.quantity><out_Quantity.quantity>203.839427</out_Quantity.quantity></Point><Point><position>13389</position><in_Quantity.quantity>0.000000</in_Quantity.quantity><out_Quantity.quantity>110.087048</out_Quantity.quantity></Point><Point><position>13390</position><in_Quantity.quantity>0.000000</in_Quantity.quantity><out_Quantity.quantity>988.397049</out_Quantity.quantity></Point><Point><position>13391</position><in_Quantity.quantity>0.000000</in_Quantity.quantity><out_Quantity.quantity>972.239651</out_Quantity.quantity></Point><Point><position>13392</position><in_Quantity.quantity>0.000000</in_Quantity.quantity><out_Quantity.quantity>915.617827</out_Quantity.quantity></Point><Point><position>13393</position><in_Quantity.quantity>0.000000</in_Quantity.quantity><out_Quantity.quantity>877.105468</out_Quantity.quantity></Point><Point><position>13394</position><in_Quantity.quantity>0.000000</in_Quantity.quantity><out_Quantity.quantity>620.147392</out_Quantity.quantity></Point><Point><position>13395</position><in_Quantity.quantity>0.000000</in_Quantity.quantity><out_Quantity.quantity>798.419750</out_Quantity.quantity></Point><Point><position>13396</position><in_Quantity.quantity>0.000000</in_Quantity.quantity><out_Quantity.quantity>547.214732</out_Quantity.quantity></Point><Point><position>13397</position><in_Quantity.quantity>0.000000</in_Quantity.quantity><out_Quantity.quantity>815.639100</out_Quantity.quantity></Point><Point><position>13398</position><in_Quantity.quantity>0.000000</in_Quantity.quantity><out_Quantity.quantity>871.360698</out_Quantity.quantity></Point><Point><position>13399</position><in_Quantity.quantity>0.000000</in_Quantity.quantity><out_Quantity.quantity>339.341909</out_Quantity.quantity></Point><Point><position>13400</position><in_Quantity.quantity>0.000000</in_Quantity.quantity><out_Quantity.quantity>990.728267</out_Quantity.quantity></Point><Point><position>13401</position><in_Quantity.quantity>0.000000</in_Quantity.quantity><out_Quantity.quantity>342.079977</out_Quantity.quantity></Point><Point><position>13402</position><in_Quantity.quantity>0.000000</in_Quantity.quantity><out_Quantity.quantity>193.876462</out_Quantity.quantity></Point><Point><position>13403</position><in_Quantity.quantity>0.000000</in_Quantity.quantity><out_Quantity.quantity>135.531138</out_Quantity.quantity></Point><Point><position>13404</position><in_Quantity.quantity>0.000000</in_Quantity.quantity><out_Quantity.quantity>693.940060</out_Quantity.quantity></Point><Point><position>13405</position><in_Quantity.quantity>0.000000</in_Quantity.quantity><out_Quantity.quantity>173.437493</out_Quantity.quantity></Point><Point><position>13406</position><in_Quantity.quantity>0.000000</in_Quantity.quantity><out_Quantity.quantity>132.978515</out_Quantity.quantity></Point><Point><position>13407</position><in_Quantity.quantity>0.000000</in_Quantity.quantity><out_Quantity.quantity>681.550875</out_Quantity.quantity></Point><Point><position>13408</position><in_Quantity.quantity>0.000000</in_Quantity.quantity><out_Quantity.quantity>928.240376</out_Quantity.quantity></Point><Point><position>13409</position><in_Quantity.quantity>0.000000</in_Quantity.quantity><out_Quantity.quantity>357.638738</out_Quantity.quantity></Point><Point><position>13410</position><in_Quantity.quantity>0.000000</in_Quantity.quantity><out_Quantity.quantity>772.271389</out_Quantity.quantity></Point><Point><position>13411</position><in_Quantity.quantity>0.000000</in_Quantity.quantity><out_Quantity.quantity>100.905811</out_Quantity.quantity></Point><Point><position>13412</position><in_Quantity.quantity>0.000000</in_Quantity.quantity><out_Quantity.quantity>712.544856</out_Quantity.quantity></Point><Point><position>13413</position><in_Quantity.quantity>0.000000</in_Quantity.quantity><out_Quantity.quantity>700.507526</out_Quantity.quantity></Point><Point><position>13414</position><in_Quantity.quantity>0.000000</in_Quantity.quantity><out_Quantity.quantity>799.242337</out_Quantity.quantity></Point><Point><position>13415</position><in_Quantity.quantity>0.000000</in_Quantity.quantity><out_Quantity.quantity>16.121201</out_Quantity.quantity></Point><Point><position>13416</position><in_Quantity.quantity>0.000000</in_Quantity.quantity><out_Quantity.quantity>23.213301</out_Quantity.quantity></Point><Point><position>13417</position><in_Quantity.quantity>0.000000</in_Quantity.quantity><out_Quantity.quantity>643.876921</out_Quantity.quantity></Point><Point><position>13418</position><in_Quantity.quantity>0.000000</in_Quantity.quantity><out_Quantity.quantity>680.471434</out_Quantity.quantity></Point><Point><position>13419</position><in_Quantity.quantity>0.000000</in_Quantity.quantity><out_Quantity.quantity>750.463653</out_Quantity.quantity></Point><Point><position>13420</position><in_Quantity.quantity>0.000000</in_Quantity.quantity><out_Quantity.quantity>94.597326</out_Quantity.quantity></Point><Point><position>13421</position><in_Quantity.quantity>0.000000</in_Quantity.quantity><out_Quantity.quantity>588.250327</out_Quantity.quantity></Point><Point><position>13422</position><in_Quantity.quantity>0.000000</in_Quantity.quantity><out_Quantity.quantity>287.869476</out_Quantity.quantity></Point><Point><position>13423</position><in_Quantity.quantity>0.000000</in_Quantity.quantity><out_Quantity.quantity>860.917092</out_Quantity.quantity></Point><Point><position>13424</position><in_Quantity.quantity>0.000000</in_Quantity.quantity><out_Quantity.quantity>732.001818</out_Quantity.quantity></Point><Point><position>13425</position><in_Quantity.quantity>0.000000</in_Quantity.quantity><out_Quantity.quantity>183.005783</out_Quantity.quantity></Point><Point><position>13426</position><in_Quantity.quantity>0.000000</in_Quantity.quantity><out_Quantity.quantity>980.770132</out_Quantity.quantity></Point><Point><position>13427</position><in_Quantity.quantity>0.000000</in_Quantity.quantity><out_Quantity.quantity>190.175205</out_Quantity.quantity></Point><Point><position>13428</position><in_Quantity.quantity>0.000000</in_Quantity.quantity><out_Quantity.quantity>623.301290</out_Quantity.quantity></Point><Point><position>13429</position><in_Quantity.quantity>0.000000</in_Quantity.quantity><out_Quantity.quantity>194.881205</out_Quantity.quantity></Point><Point><position>13430</position><in_Quantity.quantity>0.000000</in_Quantity.quantity><out_Quantity.quantity>254.491601</out_Quantity.quantity></Point><Point><position>13431</position><in_Quantity.quantity>0.000000</in_Quantity.quantity><out_Quantity.quantity>626.815115</out_Quantity.quantity></Point><Point><position>13432</position><in_Quantity.quantity>0.000000</in_Quantity.quantity><out_Quantity.quantity>987.207303</out_Quantity.quantity></Point><Point><position>13433</position><in_Quantity.quantity>0.000000</in_Quantity.quantity><out_Quantity.quantity>575.005771</out_Quantity.quantity></Point><Point><position>13434</position><in_Quantity.quantity>0.000000</in_Quantity.quantity><out_Quantity.quantity>601.541744</out_Quantity.quantity></Point><Point><position>13435</position><in_Quantity.quantity>0.000000</in_Quantity.quantity><out_Quantity.quantity>357.439036</out_Quantity.quantity></Point><Point><position>13436</position><in_Quantity.quantity>0.000000</in_Quantity.quantity><out_Quantity.quantity>273.423012</out_Quantity.quantity></Point><Point><position>13437</position><in_Quantity.quantity>0.000000</in_Quantity.quantity><out_Quantity.quantity>882.554527</out_Quantity.quantity></Point><Point><position>13438</position><in_Quantity.quantity>0.000000</in_Quantity.quantity><out_Quantity.quantity>884.373337</out_Quantity.quantity></Point><Point><position>13439</position><in_Quantity.quantity>0.000000</in_Quantity.quantity><out_Quantity.quantity>464.202467</out_Quantity.quantity></Point><Point><position>13440</position><in_Quantity.quantity>0.000000</in_Quantity.quantity><out_Quantity.quantity>879.525438</out_Quantity.quantity></Point><Point><position>13441</position><in_Quantity.quantity>0.000000</in_Quantity.quantity><out_Quantity.quantity>944.409628</out_Quantity.quantity></Point><Point><position>13442</position><in_Quantity.quantity>0.000000</in_Quantity.quantity><out_Quantity.quantity>557.760226</out_Quantity.quantity></Point><Point><position>13443</position><in_Quantity.quantity>0.000000</in_Quantity.quantity><out_Quantity.quantity>861.985461</out_Quantity.quantity></Point><Point><position>13444</position><in_Quantity.quantity>0.000000</in_Quantity.quantity><out_Quantity.quantity>687.950907</out_Quantity.quantity></Point><Point><position>13445</position><in_Quantity.quantity>0.000000</in_Quantity.quantity><out_Quantity.quantity>437.023029</out_Quantity.quantity></Point><Point><position>13446</position><in_Quantity.quantity>0.000000</in_Quantity.quantity><out_Quantity.quantity>467.794628</out_Quantity.quantity></Point><Point><position>13447</position><in_Quantity.quantity>0.000000</in_Quantity.quantity><out_Quantity.quantity>139.005688</out_Quantity.quantity></Point><Point><position>13448</position><in_Quantity.quantity>0.000000</in_Quantity.quantity><out_Quantity.quantity>254.578973</out_Quantity.quantity></Point><Point><position>13449</position><in_Quantity.quantity>0.000000</in_Quantity.quantity><out_Quantity.quantity>841.495182</out_Quantity.quantity></Point><Point><position>13450</position><in_Quantity.quantity>0.000000</in_Quantity.quantity><out_Quantity.quantity>571.632479</out_Quantity.quantity></Point><Point><position>13451</position><in_Quantity.quantity>0.000000</in_Quantity.quantity><out_Quantity.quantity>354.681417</out_Quantity.quantity></Point><Point><position>13452</position><in_Quantity.quantity>0.000000</in_Quantity.quantity><out_Quantity.quantity>914.026639</out_Quantity.quantity></Point><Point><position>13453</position><in_Quantity.quantity>0.000000</in_Quantity.quantity><out_Quantity.quantity>954.163587</out_Quantity.quantity></Point><Point><position>13454</position><in_Quantity.quantity>0.000000</in_Quantity.quantity><out_Quantity.quantity>283.352320</out_Quantity.quantity></Point><Point><position>13455</position><in_Quantity.quantity>0.000000</in_Quantity.quantity><out_Quantity.quantity>325.756857</out_Quantity.quantity></Point><Point><position>13456</position><in_Quantity.quantity>0.000000</in_Quantity.quantity><out_Quantity.quantity>550.937168</out_Quantity.quantity></Point><Point><position>13457</position><in_Quantity.quantity>0.000000</in_Quantity.quantity><out_Quantity.quantity>695.547594</out_Quantity.quantity></Point><Point><position>13458</position><in_Quantity.quantity>0.000000</in_Quantity.quantity><out_Quantity.quantity>826.385990</out_Quantity.quantity></Point><Point><position>13459</position><in_Quantity.quantity>0.000000</in_Quantity.quantity><out_Quantity.quantity>774.553623</out_Quantity.quantity></Point><Point><position>13460</position><in_Quantity.quantity>0.000000</in_Quantity.quantity><out_Quantity.quantity>407.333394</out_Quantity.quantity></Point><Point><position>13461</position><in_Quantity.quantity>0.000000</in_Quantity.quantity><out_Quantity.quantity>825.532305</out_Quantity.quantity></Point><Point><position>13462</position><in_Quantity.quantity>0.000000</in_Quantity.quantity><out_Quantity.quantity>551.688516</out_Quantity.quantity></Point><Point><position>13463</position><in_Quantity.quantity>0.000000</in_Quantity.quantity><out_Quantity.quantity>296.763891</out_Quantity.quantity></Point><Point><position>13464</position><in_Quantity.quantity>0.000000</in_Quantity.quantity><out_Quantity.quantity>881.814430</out_Quantity.quantity></Point><Point><position>13465</position><in_Quantity.quantity>0.000000</in_Quantity.quantity><out_Quantity.quantity>742.521198</out_Quantity.quantity></Point><Point><position>13466</position><in_Quantity.quantity>0.000000</in_Quantity.quantity><out_Quantity.quantity>575.929540</out_Quantity.quantity></Point><Point><position>13467</position><in_Quantity.quantity>0.000000</in_Quantity.quantity><out_Quantity.quantity>290.542258</out_Quantity.quantity></Point><Point><position>13468</position><in_Quantity.quantity>0.000000</in_Quantity.quantity><out_Quantity.quantity>563.466813</out_Quantity.quantity></Point><Point><position>13469</position><in_Quantity.quantity>0.000000</in_Quantity.quantity><out_Quantity.quantity>865.896478</out_Quantity.quantity></Point><Point><position>13470</position><in_Quantity.quantity>0.000000</in_Quantity.quantity><out_Quantity.quantity>793.224132</out_Quantity.quantity></Point><Point><position>13471</position><in_Quantity.quantity>0.000000</in_Quantity.quantity><out_Quantity.quantity>786.143123</out_Quantity.quantity></Point><Point><position>13472</position><in_Quantity.quantity>0.000000</in_Quantity.quantity><out_Quantity.quantity>120.134412</out_Quantity.quantity></Point><Point><position>13473</position><in_Quantity.quantity>0.000000</in_Quantity.quantity><out_Quantity.quantity>639.982912</out_Quantity.quantity></Point><Point><position>13474</position><in_Quantity.quantity>0.000000</in_Quantity.quantity><out_Quantity.quantity>169.129455</out_Quantity.quantity></Point><Point><position>13475</position><in_Quantity.quantity>0.000000</in_Quantity.quantity><out_Quantity.quantity>133.754522</out_Quantity.quantity></Point><Point><position>13476</position><in_Quantity.quantity>0.000000</in_Quantity.quantity><out_Quantity.quantity>684.868881</out_Quantity.quantity></Point><Point><position>13477</position><in_Quantity.quantity>0.000000</in_Quantity.quantity><out_Quantity.quantity>589.250866</out_Quantity.quantity></Point><Point><position>13478</position><in_Quantity.quantity>0.000000</in_Quantity.quantity><out_Quantity.quantity>264.784779</out_Quantity.quantity></Point><Point><position>13479</position><in_Quantity.quantity>0.000000</in_Quantity.quantity><out_Quantity.quantity>244.871217</out_Quantity.quantity></Point><Point><position>13480</position><in_Quantity.quantity>0.000000</in_Quantity.quantity><out_Quantity.quantity>285.788995</out_Quantity.quantity></Point><Point><position>13481</position><in_Quantity.quantity>0.000000</in_Quantity.quantity><out_Quantity.quantity>69.469350</out_Quantity.quantity></Point><Point><position>13482</position><in_Quantity.quantity>0.000000</in_Quantity.quantity><out_Quantity.quantity>198.434529</out_Quantity.quantity></Point><Point><position>13483</position><in_Quantity.quantity>0.000000</in_Quantity.quantity><out_Quantity.quantity>24.115890</out_Quantity.quantity></Point><Point><position>13484</position><in_Quantity.quantity>0.000000</in_Quantity.quantity><out_Quantity.quantity>925.995511</out_Quantity.quantity></Point><Point><position>13485</position><in_Quantity.quantity>0.000000</in_Quantity.quantity><out_Quantity.quantity>913.585380</out_Quantity.quantity></Point><Point><position>13486</position><in_Quantity.quantity>0.000000</in_Quantity.quantity><out_Quantity.quantity>404.465220</out_Quantity.quantity></Point><Point><position>13487</position><in_Quantity.quantity>0.000000</in_Quantity.quantity><out_Quantity.quantity>813.860187</out_Quantity.quantity></Point><Point><position>13488</position><in_Quantity.quantity>0.000000</in_Quantity.quantity><out_Quantity.quantity>107.840160</out_Quantity.quantity></Point><Point><position>13489</position><in_Quantity.quantity>0.000000</in_Quantity.quantity><out_Quantity.quantity>896.034231</out_Quantity.quantity></Point><Point><position>13490</position><in_Quantity.quantity>0.000000</in_Quantity.quantity><out_Quantity.quantity>2.170348</out_Quantity.quantity></Point><Point><position>13491</position><in_Quantity.quantity>0.000000</in_Quantity.quantity><out_Quantity.quantity>260.171739</out_Quantity.quantity></Point><Point><position>13492</position><in_Quantity.quantity>0.000000</in_Quantity.quantity><out_Quantity.quantity>638.995016</out_Quantity.quantity></Point><Point><position>13493</position><in_Quantity.quantity>0.000000</in_Quantity.quantity><out_Quantity.quantity>114.923375</out_Quantity.quantity></Point><Point><position>13494</position><in_Quantity.quantity>0.000000</in_Quantity.quantity><out_Quantity.quantity>638.544736</out_Quantity.quantity></Point><Point><position>13495</position><in_Quantity.quantity>0.000000</in_Quantity.quantity><out_Quantity.quantity>164.388956</out_Quantity.quantity></Point><Point><position>13496</position><in_Quantity.quantity>0.000000</in_Quantity.quantity><out_Quantity.quantity>443.284695</out_Quantity.quantity></Point><Point><position>13497</position><in_Quantity.quantity>0.000000</in_Quantity.quantity><out_Quantity.quantity>955.268202</out_Quantity.quantity></Point><Point><position>13498</position><in_Quantity.quantity>0.000000</in_Quantity.quantity><out_Quantity.quantity>82.825480</out_Quantity.quantity></Point><Point><position>13499</position><in_Quantity.quantity>0.000000</in_Quantity.quantity><out_Quantity.quantity>878.663265</out_Quantity.quantity></Point><Point><position>13500</position><in_Quantity.quantity>0.000000</in_Quantity.quantity><out_Quantity.quantity>29.433622</out_Quantity.quantity></Point><Point><position>13501</position><in_Quantity.quantity>0.000000</in_Quantity.quantity><out_Quantity.quantity>736.691917</out_Quantity.quantity></Point><Point><position>13502</position><in_Quantity.quantity>0.000000</in_Quantity.quantity><out_Quantity.quantity>314.557620</out_Quantity.quantity></Point><Point><position>13503</position><in_Quantity.quantity>0.000000</in_Quantity.quantity><out_Quantity.quantity>164.918531</out_Quantity.quantity></Point><Point><position>13504</position><in_Quantity.quantity>0.000000</in_Quantity.quantity><out_Quantity.quantity>789.341621</out_Quantity.quantity></Point><Point><position>13505</position><in_Quantity.quantity>0.000000</in_Quantity.quantity><out_Quantity.quantity>427.798005</out_Quantity.quantity></Point><Point><position>13506</position><in_Quantity.quantity>0.000000</in_Quantity.quantity><out_Quantity.quantity>941.532398</out_Quantity.quantity></Point><Point><position>13507</position><in_Quantity.quantity>0.000000</in_Quantity.quantity><out_Quantity.quantity>433.487498</out_Quantity.quantity></Point><Point><position>13508</position><in_Quantity.quantity>0.000000</in_Quantity.quantity><out_Quantity.quantity>715.543778</out_Quantity.quantity></Point><Point><position>13509</position><in_Quantity.quantity>0.000000</in_Quantity.quantity><out_Quantity.quantity>151.836720</out_Quantity.quantity></Point><Point><position>13510</position><in_Quantity.quantity>0.000000</in_Quantity.quantity><out_Quantity.quantity>939.857590</out_Quantity.quantity></Point><Point><position>13511</position><in_Quantity.quantity>0.000000</in_Quantity.quantity><out_Quantity.quantity>113.870718</out_Quantity.quantity></Point><Point><position>13512</position><in_Quantity.quantity>0.000000</in_Quantity.quantity><out_Quantity.quantity>459.773967</out_Quantity.quantity></Point><Point><position>13513</position><in_Quantity.quantity>0.000000</in_Quantity.quantity><out_Quantity.quantity>562.505257</out_Quantity.quantity></Point><Point><position>13514</position><in_Quantity.quantity>0.000000</in_Quantity.quantity><out_Quantity.quantity>863.260401</out_Quantity.quantity></Point><Point><position>13515</position><in_Quantity.quantity>0.000000</in_Quantity.quantity><out_Quantity.quantity>945.638625</out_Quantity.quantity></Point><Point><position>13516</position><in_Quantity.quantity>0.000000</in_Quantity.quantity><out_Quantity.quantity>834.705595</out_Quantity.quantity></Point><Point><position>13517</position><in_Quantity.quantity>0.000000</in_Quantity.quantity><out_Quantity.quantity>930.595455</out_Quantity.quantity></Point><Point><position>13518</position><in_Quantity.quantity>0.000000</in_Quantity.quantity><out_Quantity.quantity>368.360053</out_Quantity.quantity></Point><Point><position>13519</position><in_Quantity.quantity>0.000000</in_Quantity.quantity><out_Quantity.quantity>743.899095</out_Quantity.quantity></Point><Point><position>13520</position><in_Quantity.quantity>0.000000</in_Quantity.quantity><out_Quantity.quantity>295.356514</out_Quantity.quantity></Point><Point><position>13521</position><in_Quantity.quantity>0.000000</in_Quantity.quantity><out_Quantity.quantity>296.956904</out_Quantity.quantity></Point><Point><position>13522</position><in_Quantity.quantity>0.000000</in_Quantity.quantity><out_Quantity.quantity>18.294189</out_Quantity.quantity></Point><Point><position>13523</position><in_Quantity.quantity>0.000000</in_Quantity.quantity><out_Quantity.quantity>176.968358</out_Quantity.quantity></Point><Point><position>13524</position><in_Quantity.quantity>0.000000</in_Quantity.quantity><out_Quantity.quantity>740.944695</out_Quantity.quantity></Point><Point><position>13525</position><in_Quantity.quantity>0.000000</in_Quantity.quantity><out_Quantity.quantity>913.358982</out_Quantity.quantity></Point><Point><position>13526</position><in_Quantity.quantity>0.000000</in_Quantity.quantity><out_Quantity.quantity>998.955309</out_Quantity.quantity></Point><Point><position>13527</position><in_Quantity.quantity>0.000000</in_Quantity.quantity><out_Quantity.quantity>563.858853</out_Quantity.quantity></Point><Point><position>13528</position><in_Quantity.quantity>0.000000</in_Quantity.quantity><out_Quantity.quantity>627.093723</out_Quantity.quantity></Point><Point><position>13529</position><in_Quantity.quantity>0.000000</in_Quantity.quantity><out_Quantity.quantity>157.265380</out_Quantity.quantity></Point><Point><position>13530</position><in_Quantity.quantity>0.000000</in_Quantity.quantity><out_Quantity.quantity>854.118832</out_Quantity.quantity></Point><Point><position>13531</position><in_Quantity.quantity>0.000000</in_Quantity.quantity><out_Quantity.quantity>131.840879</out_Quantity.quantity></Point><Point><position>13532</position><in_Quantity.quantity>0.000000</in_Quantity.quantity><out_Quantity.quantity>656.641303</out_Quantity.quantity></Point><Point><position>13533</position><in_Quantity.quantity>0.000000</in_Quantity.quantity><out_Quantity.quantity>76.676447</out_Quantity.quantity></Point><Point><position>13534</position><in_Quantity.quantity>0.000000</in_Quantity.quantity><out_Quantity.quantity>742.368875</out_Quantity.quantity></Point><Point><position>13535</position><in_Quantity.quantity>0.000000</in_Quantity.quantity><out_Quantity.quantity>544.450559</out_Quantity.quantity></Point><Point><position>13536</position><in_Quantity.quantity>0.000000</in_Quantity.quantity><out_Quantity.quantity>823.871032</out_Quantity.quantity></Point><Point><position>13537</position><in_Quantity.quantity>0.000000</in_Quantity.quantity><out_Quantity.quantity>278.813903</out_Quantity.quantity></Point><Point><position>13538</position><in_Quantity.quantity>0.000000</in_Quantity.quantity><out_Quantity.quantity>985.241747</out_Quantity.quantity></Point><Point><position>13539</position><in_Quantity.quantity>0.000000</in_Quantity.quantity><out_Quantity.quantity>181.675509</out_Quantity.quantity></Point><Point><position>13540</position><in_Quantity.quantity>0.000000</in_Quantity.quantity><out_Quantity.quantity>303.083531</out_Quantity.quantity></Point><Point><position>13541</position><in_Quantity.quantity>0.000000</in_Quantity.quantity><out_Quantity.quantity>179.301668</out_Quantity.quantity></Point><Point><position>13542</position><in_Quantity.quantity>0.000000</in_Quantity.quantity><out_Quantity.quantity>429.979090</out_Quantity.quantity></Point><Point><position>13543</position><in_Quantity.quantity>0.000000</in_Quantity.quantity><out_Quantity.quantity>632.950305</out_Quantity.quantity></Point><Point><position>13544</position><in_Quantity.quantity>0.000000</in_Quantity.quantity><out_Quantity.quantity>548.351719</out_Quantity.quantity></Point><Point><position>13545</position><in_Quantity.quantity>0.000000</in_Quantity.quantity><out_Quantity.quantity>911.000138</out_Quantity.quantity></Point><Point><position>13546</position><in_Quantity.quantity>0.000000</in_Quantity.quantity><out_Quantity.quantity>210.718655</out_Quantity.quantity></Point><Point><position>13547</position><in_Quantity.quantity>0.000000</in_Quantity.quantity><out_Quantity.quantity>794.614858</out_Quantity.quantity></Point><Point><position>13548</position><in_Quantity.quantity>0.000000</in_Quantity.quantity><out_Quantity.quantity>109.373878</out_Quantity.quantity></Point><Point><position>13549</position><in_Quantity.quantity>0.000000</in_Quantity.quantity><out_Quantity.quantity>875.963625</out_Quantity.quantity></Point><Point><position>13550</position><in_Quantity.quantity>0.000000</in_Quantity.quantity><out_Quantity.quantity>289.343765</out_Quantity.quantity></Point><Point><position>13551</position><in_Quantity.quantity>0.000000</in_Quantity.quantity><out_Quantity.quantity>959.395529</out_Quantity.quantity></Point><Point><position>13552</position><in_Quantity.quantity>0.000000</in_Quantity.quantity><out_Quantity.quantity>11.557631</out_Quantity.quantity></Point><Point><position>13553</position><in_Quantity.quantity>0.000000</in_Quantity.quantity><out_Quantity.quantity>2.150200</out_Quantity.quantity></Point><Point><position>13554</position><in_Quantity.quantity>0.000000</in_Quantity.quantity><out_Quantity.quantity>51.198576</out_Quantity.quantity></Point><Point><position>13555</position><in_Quantity.quantity>0.000000</in_Quantity.quantity><out_Quantity.quantity>437.991562</out_Quantity.quantity></Point><Point><position>13556</position><in_Quantity.quantity>0.000000</in_Quantity.quantity><out_Quantity.quantity>981.148792</out_Quantity.quantity></Point><Point><position>13557</position><in_Quantity.quantity>0.000000</in_Quantity.quantity><out_Quantity.quantity>117.795718</out_Quantity.quantity></Point><Point><position>13558</position><in_Quantity.quantity>0.000000</in_Quantity.quantity><out_Quantity.quantity>331.825037</out_Quantity.quantity></Point><Point><position>13559</position><in_Quantity.quantity>0.000000</in_Quantity.quantity><out_Quantity.quantity>109.013169</out_Quantity.quantity></Point><Point><position>13560</position><in_Quantity.quantity>0.000000</in_Quantity.quantity><out_Quantity.quantity>848.978919</out_Quantity.quantity></Point><Point><position>13561</position><in_Quantity.quantity>0.000000</in_Quantity.quantity><out_Quantity.quantity>68.776451</out_Quantity.quantity></Point><Point><position>13562</position><in_Quantity.quantity>0.000000</in_Quantity.quantity><out_Quantity.quantity>662.572602</out_Quantity.quantity></Point><Point><position>13563</position><in_Quantity.quantity>0.000000</in_Quantity.quantity><out_Quantity.quantity>523.965812</out_Quantity.quantity></Point><Point><position>13564</position><in_Quantity.quantity>0.000000</in_Quantity.quantity><out_Quantity.quantity>375.132457</out_Quantity.quantity></Point><Point><position>13565</position><in_Quantity.quantity>0.000000</in_Quantity.quantity><out_Quantity.quantity>698.489606</out_Quantity.quantity></Point><Point><position>13566</position><in_Quantity.quantity>0.000000</in_Quantity.quantity><out_Quantity.quantity>286.405530</out_Quantity.quantity></Point><Point><position>13567</position><in_Quantity.quantity>0.000000</in_Quantity.quantity><out_Quantity.quantity>400.210111</out_Quantity.quantity></Point><Point><position>13568</position><in_Quantity.quantity>0.000000</in_Quantity.quantity><out_Quantity.quantity>686.802963</out_Quantity.quantity></Point><Point><position>13569</position><in_Quantity.quantity>0.000000</in_Quantity.quantity><out_Quantity.quantity>737.813193</out_Quantity.quantity></Point><Point><position>13570</position><in_Quantity.quantity>0.000000</in_Quantity.quantity><out_Quantity.quantity>559.666723</out_Quantity.quantity></Point><Point><position>13571</position><in_Quantity.quantity>0.000000</in_Quantity.quantity><out_Quantity.quantity>892.721176</out_Quantity.quantity></Point><Point><position>13572</position><in_Quantity.quantity>0.000000</in_Quantity.quantity><out_Quantity.quantity>545.143336</out_Quantity.quantity></Point><Point><position>13573</position><in_Quantity.quantity>0.000000</in_Quantity.quantity><out_Quantity.quantity>741.194979</out_Quantity.quantity></Point><Point><position>13574</position><in_Quantity.quantity>0.000000</in_Quantity.quantity><out_Quantity.quantity>823.977417</out_Quantity.quantity></Point><Point><position>13575</position><in_Quantity.quantity>0.000000</in_Quantity.quantity><out_Quantity.quantity>288.917718</out_Quantity.quantity></Point><Point><position>13576</position><in_Quantity.quantity>0.000000</in_Quantity.quantity><out_Quantity.quantity>525.733367</out_Quantity.quantity></Point><Point><position>13577</position><in_Quantity.quantity>0.000000</in_Quantity.quantity><out_Quantity.quantity>999.621354</out_Quantity.quantity></Point><Point><position>13578</position><in_Quantity.quantity>0.000000</in_Quantity.quantity><out_Quantity.quantity>965.315793</out_Quantity.quantity></Point><Point><position>13579</position><in_Quantity.quantity>0.000000</in_Quantity.quantity><out_Quantity.quantity>979.913882</out_Quantity.quantity></Point><Point><position>13580</position><in_Quantity.quantity>0.000000</in_Quantity.quantity><out_Quantity.quantity>820.518927</out_Quantity.quantity></Point><Point><position>13581</position><in_Quantity.quantity>0.000000</in_Quantity.quantity><out_Quantity.quantity>330.581059</out_Quantity.quantity></Point><Point><position>13582</position><in_Quantity.quantity>0.000000</in_Quantity.quantity><out_Quantity.quantity>662.493269</out_Quantity.quantity></Point><Point><position>13583</position><in_Quantity.quantity>0.000000</in_Quantity.quantity><out_Quantity.quantity>631.251747</out_Quantity.quantity></Point><Point><position>13584</position><in_Quantity.quantity>0.000000</in_Quantity.quantity><out_Quantity.quantity>422.496872</out_Quantity.quantity></Point><Point><position>13585</position><in_Quantity.quantity>0.000000</in_Quantity.quantity><out_Quantity.quantity>526.044455</out_Quantity.quantity></Point><Point><position>13586</position><in_Quantity.quantity>0.000000</in_Quantity.quantity><out_Quantity.quantity>119.111585</out_Quantity.quantity></Point><Point><position>13587</position><in_Quantity.quantity>0.000000</in_Quantity.quantity><out_Quantity.quantity>514.544606</out_Quantity.quantity></Point><Point><position>13588</position><in_Quantity.quantity>0.000000</in_Quantity.quantity><out_Quantity.quantity>696.276548</out_Quantity.quantity></Point><Point><position>13589</position><in_Quantity.quantity>0.000000</in_Quantity.quantity><out_Quantity.quantity>592.326427</out_Quantity.quantity></Point><Point><position>13590</position><in_Quantity.quantity>0.000000</in_Quantity.quantity><out_Quantity.quantity>493.254908</out_Quantity.quantity></Point><Point><position>13591</position><in_Quantity.quantity>0.000000</in_Quantity.quantity><out_Quantity.quantity>995.603005</out_Quantity.quantity></Point><Point><position>13592</position><in_Quantity.quantity>0.000000</in_Quantity.quantity><out_Quantity.quantity>380.063945</out_Quantity.quantity></Point><Point><position>13593</position><in_Quantity.quantity>0.000000</in_Quantity.quantity><out_Quantity.quantity>844.896404</out_Quantity.quantity></Point><Point><position>13594</position><in_Quantity.quantity>0.000000</in_Quantity.quantity><out_Quantity.quantity>299.410733</out_Quantity.quantity></Point><Point><position>13595</position><in_Quantity.quantity>0.000000</in_Quantity.quantity><out_Quantity.quantity>387.776267</out_Quantity.quantity></Point><Point><position>13596</position><in_Quantity.quantity>0.000000</in_Quantity.quantity><out_Quantity.quantity>146.912073</out_Quantity.quantity></Point><Point><position>13597</position><in_Quantity.quantity>0.000000</in_Quantity.quantity><out_Quantity.quantity>234.569600</out_Quantity.quantity></Point><Point><position>13598</position><in_Quantity.quantity>0.000000</in_Quantity.quantity><out_Quantity.quantity>634.396745</out_Quantity.quantity></Point><Point><position>13599</position><in_Quantity.quantity>0.000000</in_Quantity.quantity><out_Quantity.quantity>214.389297</out_Quantity.quantity></Point><Point><position>13600</position><in_Quantity.quantity>0.000000</in_Quantity.quantity><out_Quantity.quantity>503.089538</out_Quantity.quantity></Point><Point><position>13601</position><in_Quantity.quantity>0.000000</in_Quantity.quantity><out_Quantity.quantity>961.968661</out_Quantity.quantity></Point><Point><position>13602</position><in_Quantity.quantity>0.000000</in_Quantity.quantity><out_Quantity.quantity>459.645484</out_Quantity.quantity></Point><Point><position>13603</position><in_Quantity.quantity>0.000000</in_Quantity.quantity><out_Quantity.quantity>144.196107</out_Quantity.quantity></Point><Point><position>13604</position><in_Quantity.quantity>0.000000</in_Quantity.quantity><out_Quantity.quantity>965.104236</out_Quantity.quantity></Point><Point><position>13605</position><in_Quantity.quantity>0.000000</in_Quantity.quantity><out_Quantity.quantity>759.977980</out_Quantity.quantity></Point><Point><position>13606</position><in_Quantity.quantity>0.000000</in_Quantity.quantity><out_Quantity.quantity>835.521898</out_Quantity.quantity></Point><Point><position>13607</position><in_Quantity.quantity>0.000000</in_Quantity.quantity><out_Quantity.quantity>387.325223</out_Quantity.quantity></Point><Point><position>13608</position><in_Quantity.quantity>0.000000</in_Quantity.quantity><out_Quantity.quantity>181.084539</out_Quantity.quantity></Point><Point><position>13609</position><in_Quantity.quantity>0.000000</in_Quantity.quantity><out_Quantity.quantity>463.850108</out_Quantity.quantity></Point><Point><position>13610</position><in_Quantity.quantity>0.000000</in_Quantity.quantity><out_Quantity.quantity>631.042920</out_Quantity.quantity></Point><Point><position>13611</position><in_Quantity.quantity>0.000000</in_Quantity.quantity><out_Quantity.quantity>604.963724</out_Quantity.quantity></Point><Point><position>13612</position><in_Quantity.quantity>0.000000</in_Quantity.quantity><out_Quantity.quantity>229.582406</out_Quantity.quantity></Point><Point><position>13613</position><in_Quantity.quantity>0.000000</in_Quantity.quantity><out_Quantity.quantity>376.268417</out_Quantity.quantity></Point><Point><position>13614</position><in_Quantity.quantity>0.000000</in_Quantity.quantity><out_Quantity.quantity>384.724309</out_Quantity.quantity></Point><Point><position>13615</position><in_Quantity.quantity>0.000000</in_Quantity.quantity><out_Quantity.quantity>872.637349</out_Quantity.quantity></Point><Point><position>13616</position><in_Quantity.quantity>0.000000</in_Quantity.quantity><out_Quantity.quantity>575.101127</out_Quantity.quantity></Point><Point><position>13617</position><in_Quantity.quantity>0.000000</in_Quantity.quantity><out_Quantity.quantity>781.043009</out_Quantity.quantity></Point><Point><position>13618</position><in_Quantity.quantity>0.000000</in_Quantity.quantity><out_Quantity.quantity>913.416201</out_Quantity.quantity></Point><Point><position>13619</position><in_Quantity.quantity>0.000000</in_Quantity.quantity><out_Quantity.quantity>381.307729</out_Quantity.quantity></Point><Point><position>13620</position><in_Quantity.quantity>0.000000</in_Quantity.quantity><out_Quantity.quantity>580.541267</out_Quantity.quantity></Point><Point><position>13621</position><in_Quantity.quantity>0.000000</in_Quantity.quantity><out_Quantity.quantity>65.021353</out_Quantity.quantity></Point><Point><position>13622</position><in_Quantity.quantity>0.000000</in_Quantity.quantity><out_Quantity.quantity>31.702087</out_Quantity.quantity></Point><Point><position>13623</position><in_Quantity.quantity>0.000000</in_Quantity.quantity><out_Quantity.quantity>705.486362</out_Quantity.quantity></Point><Point><position>13624</position><in_Quantity.quantity>0.000000</in_Quantity.quantity><out_Quantity.quantity>842.787848</out_Quantity.quantity></Point><Point><position>13625</position><in_Quantity.quantity>0.000000</in_Quantity.quantity><out_Quantity.quantity>8.581605</out_Quantity.quantity></Point><Point><position>13626</position><in_Quantity.quantity>0.000000</in_Quantity.quantity><out_Quantity.quantity>15.819598</out_Quantity.quantity></Point><Point><position>13627</position><in_Quantity.quantity>0.000000</in_Quantity.quantity><out_Quantity.quantity>271.615658</out_Quantity.quantity></Point><Point><position>13628</position><in_Quantity.quantity>0.000000</in_Quantity.quantity><out_Quantity.quantity>91.503927</out_Quantity.quantity></Point><Point><position>13629</position><in_Quantity.quantity>0.000000</in_Quantity.quantity><out_Quantity.quantity>25.198703</out_Quantity.quantity></Point><Point><position>13630</position><in_Quantity.quantity>0.000000</in_Quantity.quantity><out_Quantity.quantity>969.151034</out_Quantity.quantity></Point><Point><position>13631</position><in_Quantity.quantity>0.000000</in_Quantity.quantity><out_Quantity.quantity>256.907680</out_Quantity.quantity></Point><Point><position>13632</position><in_Quantity.quantity>0.000000</in_Quantity.quantity><out_Quantity.quantity>547.257249</out_Quantity.quantity></Point><Point><position>13633</position><in_Quantity.quantity>0.000000</in_Quantity.quantity><out_Quantity.quantity>33.382504</out_Quantity.quantity></Point><Point><position>13634</position><in_Quantity.quantity>0.000000</in_Quantity.quantity><out_Quantity.quantity>288.228539</out_Quantity.quantity></Point><Point><position>13635</position><in_Quantity.quantity>0.000000</in_Quantity.quantity><out_Quantity.quantity>849.140074</out_Quantity.quantity></Point><Point><position>13636</position><in_Quantity.quantity>0.000000</in_Quantity.quantity><out_Quantity.quantity>934.720825</out_Quantity.quantity></Point><Point><position>13637</position><in_Quantity.quantity>0.000000</in_Quantity.quantity><out_Quantity.quantity>913.149681</out_Quantity.quantity></Point><Point><position>13638</position><in_Quantity.quantity>0.000000</in_Quantity.quantity><out_Quantity.quantity>848.771507</out_Quantity.quantity></Point><Point><position>13639</position><in_Quantity.quantity>0.000000</in_Quantity.quantity><out_Quantity.quantity>885.282129</out_Quantity.quantity></Point><Point><position>13640</position><in_Quantity.quantity>0.000000</in_Quantity.quantity><out_Quantity.quantity>71.578690</out_Quantity.quantity></Point><Point><position>13641</position><in_Quantity.quantity>0.000000</in_Quantity.quantity><out_Quantity.quantity>930.202290</out_Quantity.quantity></Point><Point><position>13642</position><in_Quantity.quantity>0.000000</in_Quantity.quantity><out_Quantity.quantity>199.645706</out_Quantity.quantity></Point><Point><position>13643</position><in_Quantity.quantity>0.000000</in_Quantity.quantity><out_Quantity.quantity>531.885015</out_Quantity.quantity></Point><Point><position>13644</position><in_Quantity.quantity>0.000000</in_Quantity.quantity><out_Quantity.quantity>631.035879</out_Quantity.quantity></Point><Point><position>13645</position><in_Quantity.quantity>0.000000</in_Quantity.quantity><out_Quantity.quantity>776.622589</out_Quantity.quantity></Point><Point><position>13646</position><in_Quantity.quantity>0.000000</in_Quantity.quantity><out_Quantity.quantity>674.769115</out_Quantity.quantity></Point><Point><position>13647</position><in_Quantity.quantity>0.000000</in_Quantity.quantity><out_Quantity.quantity>849.514900</out_Quantity.quantity></Point><Point><position>13648</position><in_Quantity.quantity>0.000000</in_Quantity.quantity><out_Quantity.quantity>99.238974</out_Quantity.quantity></Point><Point><position>13649</position><in_Quantity.quantity>0.000000</in_Quantity.quantity><out_Quantity.quantity>189.522438</out_Quantity.quantity></Point><Point><position>13650</position><in_Quantity.quantity>0.000000</in_Quantity.quantity><out_Quantity.quantity>526.317356</out_Quantity.quantity></Point><Point><position>13651</position><in_Quantity.quantity>0.000000</in_Quantity.quantity><out_Quantity.quantity>147.353535</out_Quantity.quantity></Point><Point><position>13652</position><in_Quantity.quantity>0.000000</in_Quantity.quantity><out_Quantity.quantity>202.311124</out_Quantity.quantity></Point><Point><position>13653</position><in_Quantity.quantity>0.000000</in_Quantity.quantity><out_Quantity.quantity>665.626945</out_Quantity.quantity></Point><Point><position>13654</position><in_Quantity.quantity>0.000000</in_Quantity.quantity><out_Quantity.quantity>272.845271</out_Quantity.quantity></Point><Point><position>13655</position><in_Quantity.quantity>0.000000</in_Quantity.quantity><out_Quantity.quantity>154.470505</out_Quantity.quantity></Point><Point><position>13656</position><in_Quantity.quantity>0.000000</in_Quantity.quantity><out_Quantity.quantity>273.827711</out_Quantity.quantity></Point><Point><position>13657</position><in_Quantity.quantity>0.000000</in_Quantity.quantity><out_Quantity.quantity>750.372594</out_Quantity.quantity></Point><Point><position>13658</position><in_Quantity.quantity>0.000000</in_Quantity.quantity><out_Quantity.quantity>669.666082</out_Quantity.quantity></Point><Point><position>13659</position><in_Quantity.quantity>0.000000</in_Quantity.quantity><out_Quantity.quantity>947.676186</out_Quantity.quantity></Point><Point><position>13660</position><in_Quantity.quantity>0.000000</in_Quantity.quantity><out_Quantity.quantity>697.114938</out_Quantity.quantity></Point><Point><position>13661</position><in_Quantity.quantity>0.000000</in_Quantity.quantity><out_Quantity.quantity>104.727925</out_Quantity.quantity></Point><Point><position>13662</position><in_Quantity.quantity>0.000000</in_Quantity.quantity><out_Quantity.quantity>415.204462</out_Quantity.quantity></Point><Point><position>13663</position><in_Quantity.quantity>0.000000</in_Quantity.quantity><out_Quantity.quantity>99.173951</out_Quantity.quantity></Point><Point><position>13664</position><in_Quantity.quantity>0.000000</in_Quantity.quantity><out_Quantity.quantity>569.246801</out_Quantity.quantity></Point><Point><position>13665</position><in_Quantity.quantity>0.000000</in_Quantity.quantity><out_Quantity.quantity>889.362754</out_Quantity.quantity></Point><Point><position>13666</position><in_Quantity.quantity>0.000000</in_Quantity.quantity><out_Quantity.quantity>23.485986</out_Quantity.quantity></Point><Point><position>13667</position><in_Quantity.quantity>0.000000</in_Quantity.quantity><out_Quantity.quantity>484.284717</out_Quantity.quantity></Point><Point><position>13668</position><in_Quantity.quantity>0.000000</in_Quantity.quantity><out_Quantity.quantity>102.152878</out_Quantity.quantity></Point><Point><position>13669</position><in_Quantity.quantity>0.000000</in_Quantity.quantity><out_Quantity.quantity>254.624647</out_Quantity.quantity></Point><Point><position>13670</position><in_Quantity.quantity>0.000000</in_Quantity.quantity><out_Quantity.quantity>864.599415</out_Quantity.quantity></Point><Point><position>13671</position><in_Quantity.quantity>0.000000</in_Quantity.quantity><out_Quantity.quantity>418.287191</out_Quantity.quantity></Point><Point><position>13672</position><in_Quantity.quantity>0.000000</in_Quantity.quantity><out_Quantity.quantity>994.854345</out_Quantity.quantity></Point><Point><position>13673</position><in_Quantity.quantity>0.000000</in_Quantity.quantity><out_Quantity.quantity>779.686076</out_Quantity.quantity></Point><Point><position>13674</position><in_Quantity.quantity>0.000000</in_Quantity.quantity><out_Quantity.quantity>357.407229</out_Quantity.quantity></Point><Point><position>13675</position><in_Quantity.quantity>0.000000</in_Quantity.quantity><out_Quantity.quantity>807.114638</out_Quantity.quantity></Point><Point><position>13676</position><in_Quantity.quantity>0.000000</in_Quantity.quantity><out_Quantity.quantity>21.208575</out_Quantity.quantity></Point><Point><position>13677</position><in_Quantity.quantity>0.000000</in_Quantity.quantity><out_Quantity.quantity>738.112453</out_Quantity.quantity></Point><Point><position>13678</position><in_Quantity.quantity>0.000000</in_Quantity.quantity><out_Quantity.quantity>564.651908</out_Quantity.quantity></Point><Point><position>13679</position><in_Quantity.quantity>0.000000</in_Quantity.quantity><out_Quantity.quantity>256.889652</out_Quantity.quantity></Point><Point><position>13680</position><in_Quantity.quantity>0.000000</in_Quantity.quantity><out_Quantity.quantity>78.268431</out_Quantity.quantity></Point><Point><position>13681</position><in_Quantity.quantity>0.000000</in_Quantity.quantity><out_Quantity.quantity>27.491948</out_Quantity.quantity></Point><Point><position>13682</position><in_Quantity.quantity>0.000000</in_Quantity.quantity><out_Quantity.quantity>261.809546</out_Quantity.quantity></Point><Point><position>13683</position><in_Quantity.quantity>0.000000</in_Quantity.quantity><out_Quantity.quantity>380.808560</out_Quantity.quantity></Point><Point><position>13684</position><in_Quantity.quantity>0.000000</in_Quantity.quantity><out_Quantity.quantity>940.429251</out_Quantity.quantity></Point><Point><position>13685</position><in_Quantity.quantity>0.000000</in_Quantity.quantity><out_Quantity.quantity>928.053632</out_Quantity.quantity></Point><Point><position>13686</position><in_Quantity.quantity>0.000000</in_Quantity.quantity><out_Quantity.quantity>549.658890</out_Quantity.quantity></Point><Point><position>13687</position><in_Quantity.quantity>0.000000</in_Quantity.quantity><out_Quantity.quantity>948.161879</out_Quantity.quantity></Point><Point><position>13688</position><in_Quantity.quantity>0.000000</in_Quantity.quantity><out_Quantity.quantity>926.534521</out_Quantity.quantity></Point><Point><position>13689</position><in_Quantity.quantity>0.000000</in_Quantity.quantity><out_Quantity.quantity>711.696662</out_Quantity.quantity></Point><Point><position>13690</position><in_Quantity.quantity>0.000000</in_Quantity.quantity><out_Quantity.quantity>525.975540</out_Quantity.quantity></Point><Point><position>13691</position><in_Quantity.quantity>0.000000</in_Quantity.quantity><out_Quantity.quantity>176.040069</out_Quantity.quantity></Point><Point><position>13692</position><in_Quantity.quantity>0.000000</in_Quantity.quantity><out_Quantity.quantity>168.628984</out_Quantity.quantity></Point><Point><position>13693</position><in_Quantity.quantity>0.000000</in_Quantity.quantity><out_Quantity.quantity>725.855154</out_Quantity.quantity></Point><Point><position>13694</position><in_Quantity.quantity>0.000000</in_Quantity.quantity><out_Quantity.quantity>663.101655</out_Quantity.quantity></Point><Point><position>13695</position><in_Quantity.quantity>0.000000</in_Quantity.quantity><out_Quantity.quantity>943.082376</out_Quantity.quantity></Point><Point><position>13696</position><in_Quantity.quantity>0.000000</in_Quantity.quantity><out_Quantity.quantity>931.538384</out_Quantity.quantity></Point><Point><position>13697</position><in_Quantity.quantity>0.000000</in_Quantity.quantity><out_Quantity.quantity>793.895903</out_Quantity.quantity></Point><Point><position>13698</position><in_Quantity.quantity>0.000000</in_Quantity.quantity><out_Quantity.quantity>319.765735</out_Quantity.quantity></Point><Point><position>13699</position><in_Quantity.quantity>0.000000</in_Quantity.quantity><out_Quantity.quantity>933.904707</out_Quantity.quantity></Point><Point><position>13700</position><in_Quantity.quantity>0.000000</in_Quantity.quantity><out_Quantity.quantity>399.640948</out_Quantity.quantity></Point><Point><position>13701</position><in_Quantity.quantity>0.000000</in_Quantity.quantity><out_Quantity.quantity>572.204683</out_Quantity.quantity></Point><Point><position>13702</position><in_Quantity.quantity>0.000000</in_Quantity.quantity><out_Quantity.quantity>892.414894</out_Quantity.quantity></Point><Point><position>13703</position><in_Quantity.quantity>0.000000</in_Quantity.quantity><out_Quantity.quantity>355.141611</out_Quantity.quantity></Point><Point><position>13704</position><in_Quantity.quantity>0.000000</in_Quantity.quantity><out_Quantity.quantity>625.093320</out_Quantity.quantity></Point><Point><position>13705</position><in_Quantity.quantity>0.000000</in_Quantity.quantity><out_Quantity.quantity>252.152181</out_Quantity.quantity></Point><Point><position>13706</position><in_Quantity.quantity>0.000000</in_Quantity.quantity><out_Quantity.quantity>367.078967</out_Quantity.quantity></Point><Point><position>13707</position><in_Quantity.quantity>0.000000</in_Quantity.quantity><out_Quantity.quantity>334.111108</out_Quantity.quantity></Point><Point><position>13708</position><in_Quantity.quantity>0.000000</in_Quantity.quantity><out_Quantity.quantity>122.645963</out_Quantity.quantity></Point><Point><position>13709</position><in_Quantity.quantity>0.000000</in_Quantity.quantity><out_Quantity.quantity>304.789219</out_Quantity.quantity></Point><Point><position>13710</position><in_Quantity.quantity>0.000000</in_Quantity.quantity><out_Quantity.quantity>446.820708</out_Quantity.quantity></Point><Point><position>13711</position><in_Quantity.quantity>0.000000</in_Quantity.quantity><out_Quantity.quantity>31.081844</out_Quantity.quantity></Point><Point><position>13712</position><in_Quantity.quantity>0.000000</in_Quantity.quantity><out_Quantity.quantity>283.792867</out_Quantity.quantity></Point><Point><position>13713</position><in_Quantity.quantity>0.000000</in_Quantity.quantity><out_Quantity.quantity>318.218073</out_Quantity.quantity></Point><Point><position>13714</position><in_Quantity.quantity>0.000000</in_Quantity.quantity><out_Quantity.quantity>663.742286</out_Quantity.quantity></Point><Point><position>13715</position><in_Quantity.quantity>0.000000</in_Quantity.quantity><out_Quantity.quantity>369.681551</out_Quantity.quantity></Point><Point><position>13716</position><in_Quantity.quantity>0.000000</in_Quantity.quantity><out_Quantity.quantity>454.191955</out_Quantity.quantity></Point><Point><position>13717</position><in_Quantity.quantity>0.000000</in_Quantity.quantity><out_Quantity.quantity>397.311811</out_Quantity.quantity></Point><Point><position>13718</position><in_Quantity.quantity>0.000000</in_Quantity.quantity><out_Quantity.quantity>24.865286</out_Quantity.quantity></Point><Point><position>13719</position><in_Quantity.quantity>0.000000</in_Quantity.quantity><out_Quantity.quantity>832.702664</out_Quantity.quantity></Point><Point><position>13720</position><in_Quantity.quantity>0.000000</in_Quantity.quantity><out_Quantity.quantity>196.534835</out_Quantity.quantity></Point><Point><position>13721</position><in_Quantity.quantity>0.000000</in_Quantity.quantity><out_Quantity.quantity>499.245512</out_Quantity.quantity></Point><Point><position>13722</position><in_Quantity.quantity>0.000000</in_Quantity.quantity><out_Quantity.quantity>938.233411</out_Quantity.quantity></Point><Point><position>13723</position><in_Quantity.quantity>0.000000</in_Quantity.quantity><out_Quantity.quantity>581.820320</out_Quantity.quantity></Point><Point><position>13724</position><in_Quantity.quantity>0.000000</in_Quantity.quantity><out_Quantity.quantity>575.895309</out_Quantity.quantity></Point><Point><position>13725</position><in_Quantity.quantity>0.000000</in_Quantity.quantity><out_Quantity.quantity>525.855678</out_Quantity.quantity></Point><Point><position>13726</position><in_Quantity.quantity>0.000000</in_Quantity.quantity><out_Quantity.quantity>661.253058</out_Quantity.quantity></Point><Point><position>13727</position><in_Quantity.quantity>0.000000</in_Quantity.quantity><out_Quantity.quantity>260.878074</out_Quantity.quantity></Point><Point><position>13728</position><in_Quantity.quantity>0.000000</in_Quantity.quantity><out_Quantity.quantity>907.765445</out_Quantity.quantity></Point><Point><position>13729</position><in_Quantity.quantity>0.000000</in_Quantity.quantity><out_Quantity.quantity>813.198226</out_Quantity.quantity></Point><Point><position>13730</position><in_Quantity.quantity>0.000000</in_Quantity.quantity><out_Quantity.quantity>524.049597</out_Quantity.quantity></Point><Point><position>13731</position><in_Quantity.quantity>0.000000</in_Quantity.quantity><out_Quantity.quantity>11.196012</out_Quantity.quantity></Point><Point><position>13732</position><in_Quantity.quantity>0.000000</in_Quantity.quantity><out_Quantity.quantity>703.689733</out_Quantity.quantity></Point><Point><position>13733</position><in_Quantity.quantity>0.000000</in_Quantity.quantity><out_Quantity.quantity>41.493952</out_Quantity.quantity></Point><Point><position>13734</position><in_Quantity.quantity>0.000000</in_Quantity.quantity><out_Quantity.quantity>707.755742</out_Quantity.quantity></Point><Point><position>13735</position><in_Quantity.quantity>0.000000</in_Quantity.quantity><out_Quantity.quantity>43.842911</out_Quantity.quantity></Point><Point><position>13736</position><in_Quantity.quantity>0.000000</in_Quantity.quantity><out_Quantity.quantity>532.855556</out_Quantity.quantity></Point><Point><position>13737</position><in_Quantity.quantity>0.000000</in_Quantity.quantity><out_Quantity.quantity>813.861989</out_Quantity.quantity></Point><Point><position>13738</position><in_Quantity.quantity>0.000000</in_Quantity.quantity><out_Quantity.quantity>182.758108</out_Quantity.quantity></Point><Point><position>13739</position><in_Quantity.quantity>0.000000</in_Quantity.quantity><out_Quantity.quantity>163.976642</out_Quantity.quantity></Point><Point><position>13740</position><in_Quantity.quantity>0.000000</in_Quantity.quantity><out_Quantity.quantity>669.120981</out_Quantity.quantity></Point><Point><position>13741</position><in_Quantity.quantity>0.000000</in_Quantity.quantity><out_Quantity.quantity>809.370575</out_Quantity.quantity></Point><Point><position>13742</position><in_Quantity.quantity>0.000000</in_Quantity.quantity><out_Quantity.quantity>160.392464</out_Quantity.quantity></Point><Point><position>13743</position><in_Quantity.quantity>0.000000</in_Quantity.quantity><out_Quantity.quantity>352.093987</out_Quantity.quantity></Point><Point><position>13744</position><in_Quantity.quantity>0.000000</in_Quantity.quantity><out_Quantity.quantity>932.297848</out_Quantity.quantity></Point><Point><position>13745</position><in_Quantity.quantity>0.000000</in_Quantity.quantity><out_Quantity.quantity>258.832149</out_Quantity.quantity></Point><Point><position>13746</position><in_Quantity.quantity>0.000000</in_Quantity.quantity><out_Quantity.quantity>305.348556</out_Quantity.quantity></Point><Point><position>13747</position><in_Quantity.quantity>0.000000</in_Quantity.quantity><out_Quantity.quantity>177.370362</out_Quantity.quantity></Point><Point><position>13748</position><in_Quantity.quantity>0.000000</in_Quantity.quantity><out_Quantity.quantity>678.022115</out_Quantity.quantity></Point><Point><position>13749</position><in_Quantity.quantity>0.000000</in_Quantity.quantity><out_Quantity.quantity>629.900811</out_Quantity.quantity></Point><Point><position>13750</position><in_Quantity.quantity>0.000000</in_Quantity.quantity><out_Quantity.quantity>16.724135</out_Quantity.quantity></Point><Point><position>13751</position><in_Quantity.quantity>0.000000</in_Quantity.quantity><out_Quantity.quantity>611.729261</out_Quantity.quantity></Point><Point><position>13752</position><in_Quantity.quantity>0.000000</in_Quantity.quantity><out_Quantity.quantity>40.843470</out_Quantity.quantity></Point><Point><position>13753</position><in_Quantity.quantity>0.000000</in_Quantity.quantity><out_Quantity.quantity>608.564499</out_Quantity.quantity></Point><Point><position>13754</position><in_Quantity.quantity>0.000000</in_Quantity.quantity><out_Quantity.quantity>593.793596</out_Quantity.quantity></Point><Point><position>13755</position><in_Quantity.quantity>0.000000</in_Quantity.quantity><out_Quantity.quantity>213.856382</out_Quantity.quantity></Point><Point><position>13756</position><in_Quantity.quantity>0.000000</in_Quantity.quantity><out_Quantity.quantity>932.115270</out_Quantity.quantity></Point><Point><position>13757</position><in_Quantity.quantity>0.000000</in_Quantity.quantity><out_Quantity.quantity>233.023796</out_Quantity.quantity></Point><Point><position>13758</position><in_Quantity.quantity>0.000000</in_Quantity.quantity><out_Quantity.quantity>186.929631</out_Quantity.quantity></Point><Point><position>13759</position><in_Quantity.quantity>0.000000</in_Quantity.quantity><out_Quantity.quantity>828.432285</out_Quantity.quantity></Point><Point><position>13760</position><in_Quantity.quantity>0.000000</in_Quantity.quantity><out_Quantity.quantity>225.727143</out_Quantity.quantity></Point><Point><position>13761</position><in_Quantity.quantity>0.000000</in_Quantity.quantity><out_Quantity.quantity>526.629505</out_Quantity.quantity></Point><Point><position>13762</position><in_Quantity.quantity>0.000000</in_Quantity.quantity><out_Quantity.quantity>944.374654</out_Quantity.quantity></Point><Point><position>13763</position><in_Quantity.quantity>0.000000</in_Quantity.quantity><out_Quantity.quantity>732.875482</out_Quantity.quantity></Point><Point><position>13764</position><in_Quantity.quantity>0.000000</in_Quantity.quantity><out_Quantity.quantity>764.992346</out_Quantity.quantity></Point><Point><position>13765</position><in_Quantity.quantity>0.000000</in_Quantity.quantity><out_Quantity.quantity>489.515399</out_Quantity.quantity></Point><Point><position>13766</position><in_Quantity.quantity>0.000000</in_Quantity.quantity><out_Quantity.quantity>554.910797</out_Quantity.quantity></Point><Point><position>13767</position><in_Quantity.quantity>0.000000</in_Quantity.quantity><out_Quantity.quantity>935.202091</out_Quantity.quantity></Point><Point><position>13768</position><in_Quantity.quantity>0.000000</in_Quantity.quantity><out_Quantity.quantity>802.027314</out_Quantity.quantity></Point><Point><position>13769</position><in_Quantity.quantity>0.000000</in_Quantity.quantity><out_Quantity.quantity>493.779132</out_Quantity.quantity></Point><Point><position>13770</position><in_Quantity.quantity>0.000000</in_Quantity.quantity><out_Quantity.quantity>440.727056</out_Quantity.quantity></Point><Point><position>13771</position><in_Quantity.quantity>0.000000</in_Quantity.quantity><out_Quantity.quantity>217.218905</out_Quantity.quantity></Point><Point><position>13772</position><in_Quantity.quantity>0.000000</in_Quantity.quantity><out_Quantity.quantity>464.045085</out_Quantity.quantity></Point><Point><position>13773</position><in_Quantity.quantity>0.000000</in_Quantity.quantity><out_Quantity.quantity>481.930461</out_Quantity.quantity></Point><Point><position>13774</position><in_Quantity.quantity>0.000000</in_Quantity.quantity><out_Quantity.quantity>367.755019</out_Quantity.quantity></Point><Point><position>13775</position><in_Quantity.quantity>0.000000</in_Quantity.quantity><out_Quantity.quantity>171.796668</out_Quantity.quantity></Point><Point><position>13776</position><in_Quantity.quantity>0.000000</in_Quantity.quantity><out_Quantity.quantity>659.058637</out_Quantity.quantity></Point><Point><position>13777</position><in_Quantity.quantity>0.000000</in_Quantity.quantity><out_Quantity.quantity>482.796550</out_Quantity.quantity></Point><Point><position>13778</position><in_Quantity.quantity>0.000000</in_Quantity.quantity><out_Quantity.quantity>311.863712</out_Quantity.quantity></Point><Point><position>13779</position><in_Quantity.quantity>0.000000</in_Quantity.quantity><out_Quantity.quantity>598.765679</out_Quantity.quantity></Point><Point><position>13780</position><in_Quantity.quantity>0.000000</in_Quantity.quantity><out_Quantity.quantity>775.314695</out_Quantity.quantity></Point><Point><position>13781</position><in_Quantity.quantity>0.000000</in_Quantity.quantity><out_Quantity.quantity>48.294835</out_Quantity.quantity></Point><Point><position>13782</position><in_Quantity.quantity>0.000000</in_Quantity.quantity><out_Quantity.quantity>138.888645</out_Quantity.quantity></Point><Point><position>13783</position><in_Quantity.quantity>0.000000</in_Quantity.quantity><out_Quantity.quantity>213.544882</out_Quantity.quantity></Point><Point><position>13784</position><in_Quantity.quantity>0.000000</in_Quantity.quantity><out_Quantity.quantity>0.079782</out_Quantity.quantity></Point><Point><position>13785</position><in_Quantity.quantity>0.000000</in_Quantity.quantity><out_Quantity.quantity>360.308103</out_Quantity.quantity></Point><Point><position>13786</position><in_Quantity.quantity>0.000000</in_Quantity.quantity><out_Quantity.quantity>250.582994</out_Quantity.quantity></Point><Point><position>13787</position><in_Quantity.quantity>0.000000</in_Quantity.quantity><out_Quantity.quantity>509.469666</out_Quantity.quantity></Point><Point><position>13788</position><in_Quantity.quantity>0.000000</in_Quantity.quantity><out_Quantity.quantity>292.494142</out_Quantity.quantity></Point><Point><position>13789</position><in_Quantity.quantity>0.000000</in_Quantity.quantity><out_Quantity.quantity>176.868958</out_Quantity.quantity></Point><Point><position>13790</position><in_Quantity.quantity>0.000000</in_Quantity.quantity><out_Quantity.quantity>513.558381</out_Quantity.quantity></Point><Point><position>13791</position><in_Quantity.quantity>0.000000</in_Quantity.quantity><out_Quantity.quantity>832.979875</out_Quantity.quantity></Point><Point><position>13792</position><in_Quantity.quantity>0.000000</in_Quantity.quantity><out_Quantity.quantity>932.625236</out_Quantity.quantity></Point><Point><position>13793</position><in_Quantity.quantity>0.000000</in_Quantity.quantity><out_Quantity.quantity>416.587088</out_Quantity.quantity></Point><Point><position>13794</position><in_Quantity.quantity>0.000000</in_Quantity.quantity><out_Quantity.quantity>79.325653</out_Quantity.quantity></Point><Point><position>13795</position><in_Quantity.quantity>0.000000</in_Quantity.quantity><out_Quantity.quantity>431.833963</out_Quantity.quantity></Point><Point><position>13796</position><in_Quantity.quantity>0.000000</in_Quantity.quantity><out_Quantity.quantity>495.578617</out_Quantity.quantity></Point><Point><position>13797</position><in_Quantity.quantity>0.000000</in_Quantity.quantity><out_Quantity.quantity>947.343947</out_Quantity.quantity></Point><Point><position>13798</position><in_Quantity.quantity>0.000000</in_Quantity.quantity><out_Quantity.quantity>181.931280</out_Quantity.quantity></Point><Point><position>13799</position><in_Quantity.quantity>0.000000</in_Quantity.quantity><out_Quantity.quantity>40.699865</out_Quantity.quantity></Point><Point><position>13800</position><in_Quantity.quantity>0.000000</in_Quantity.quantity><out_Quantity.quantity>91.407355</out_Quantity.quantity></Point><Point><position>13801</position><in_Quantity.quantity>0.000000</in_Quantity.quantity><out_Quantity.quantity>306.990859</out_Quantity.quantity></Point><Point><position>13802</position><in_Quantity.quantity>0.000000</in_Quantity.quantity><out_Quantity.quantity>983.917276</out_Quantity.quantity></Point><Point><position>13803</position><in_Quantity.quantity>0.000000</in_Quantity.quantity><out_Quantity.quantity>446.108926</out_Quantity.quantity></Point><Point><position>13804</position><in_Quantity.quantity>0.000000</in_Quantity.quantity><out_Quantity.quantity>268.391592</out_Quantity.quantity></Point><Point><position>13805</position><in_Quantity.quantity>0.000000</in_Quantity.quantity><out_Quantity.quantity>327.779424</out_Quantity.quantity></Point><Point><position>13806</position><in_Quantity.quantity>0.000000</in_Quantity.quantity><out_Quantity.quantity>764.259938</out_Quantity.quantity></Point><Point><position>13807</position><in_Quantity.quantity>0.000000</in_Quantity.quantity><out_Quantity.quantity>522.176772</out_Quantity.quantity></Point><Point><position>13808</position><in_Quantity.quantity>0.000000</in_Quantity.quantity><out_Quantity.quantity>317.239925</out_Quantity.quantity></Point><Point><position>13809</position><in_Quantity.quantity>0.000000</in_Quantity.quantity><out_Quantity.quantity>76.083093</out_Quantity.quantity></Point><Point><position>13810</position><in_Quantity.quantity>0.000000</in_Quantity.quantity><out_Quantity.quantity>534.590562</out_Quantity.quantity></Point><Point><position>13811</position><in_Quantity.quantity>0.000000</in_Quantity.quantity><out_Quantity.quantity>822.171541</out_Quantity.quantity></Point><Point><position>13812</position><in_Quantity.quantity>0.000000</in_Quantity.quantity><out_Quantity.quantity>503.835709</out_Quantity.quantity></Point><Point><position>13813</position><in_Quantity.quantity>0.000000</in_Quantity.quantity><out_Quantity.quantity>95.257795</out_Quantity.quantity></Point><Point><position>13814</position><in_Quantity.quantity>0.000000</in_Quantity.quantity><out_Quantity.quantity>934.418396</out_Quantity.quantity></Point><Point><position>13815</position><in_Quantity.quantity>0.000000</in_Quantity.quantity><out_Quantity.quantity>475.334154</out_Quantity.quantity></Point><Point><position>13816</position><in_Quantity.quantity>0.000000</in_Quantity.quantity><out_Quantity.quantity>676.400555</out_Quantity.quantity></Point><Point><position>13817</position><in_Quantity.quantity>0.000000</in_Quantity.quantity><out_Quantity.quantity>805.788688</out_Quantity.quantity></Point><Point><position>13818</position><in_Quantity.quantity>0.000000</in_Quantity.quantity><out_Quantity.quantity>945.942372</out_Quantity.quantity></Point><Point><position>13819</position><in_Quantity.quantity>0.000000</in_Quantity.quantity><out_Quantity.quantity>151.576676</out_Quantity.quantity></Point><Point><position>13820</position><in_Quantity.quantity>0.000000</in_Quantity.quantity><out_Quantity.quantity>796.476839</out_Quantity.quantity></Point><Point><position>13821</position><in_Quantity.quantity>0.000000</in_Quantity.quantity><out_Quantity.quantity>995.099735</out_Quantity.quantity></Point><Point><position>13822</position><in_Quantity.quantity>0.000000</in_Quantity.quantity><out_Quantity.quantity>299.888555</out_Quantity.quantity></Point><Point><position>13823</position><in_Quantity.quantity>0.000000</in_Quantity.quantity><out_Quantity.quantity>148.331314</out_Quantity.quantity></Point><Point><position>13824</position><in_Quantity.quantity>0.000000</in_Quantity.quantity><out_Quantity.quantity>679.417652</out_Quantity.quantity></Point><Point><position>13825</position><in_Quantity.quantity>0.000000</in_Quantity.quantity><out_Quantity.quantity>159.947979</out_Quantity.quantity></Point><Point><position>13826</position><in_Quantity.quantity>0.000000</in_Quantity.quantity><out_Quantity.quantity>369.330920</out_Quantity.quantity></Point><Point><position>13827</position><in_Quantity.quantity>0.000000</in_Quantity.quantity><out_Quantity.quantity>360.114863</out_Quantity.quantity></Point><Point><position>13828</position><in_Quantity.quantity>0.000000</in_Quantity.quantity><out_Quantity.quantity>60.947652</out_Quantity.quantity></Point><Point><position>13829</position><in_Quantity.quantity>0.000000</in_Quantity.quantity><out_Quantity.quantity>39.573035</out_Quantity.quantity></Point><Point><position>13830</position><in_Quantity.quantity>0.000000</in_Quantity.quantity><out_Quantity.quantity>351.680680</out_Quantity.quantity></Point><Point><position>13831</position><in_Quantity.quantity>0.000000</in_Quantity.quantity><out_Quantity.quantity>217.271894</out_Quantity.quantity></Point><Point><position>13832</position><in_Quantity.quantity>0.000000</in_Quantity.quantity><out_Quantity.quantity>641.169952</out_Quantity.quantity></Point><Point><position>13833</position><in_Quantity.quantity>0.000000</in_Quantity.quantity><out_Quantity.quantity>657.292926</out_Quantity.quantity></Point><Point><position>13834</position><in_Quantity.quantity>0.000000</in_Quantity.quantity><out_Quantity.quantity>835.594572</out_Quantity.quantity></Point><Point><position>13835</position><in_Quantity.quantity>0.000000</in_Quantity.quantity><out_Quantity.quantity>968.050651</out_Quantity.quantity></Point><Point><position>13836</position><in_Quantity.quantity>0.000000</in_Quantity.quantity><out_Quantity.quantity>939.511079</out_Quantity.quantity></Point><Point><position>13837</position><in_Quantity.quantity>0.000000</in_Quantity.quantity><out_Quantity.quantity>209.055015</out_Quantity.quantity></Point><Point><position>13838</position><in_Quantity.quantity>0.000000</in_Quantity.quantity><out_Quantity.quantity>807.208460</out_Quantity.quantity></Point><Point><position>13839</position><in_Quantity.quantity>0.000000</in_Quantity.quantity><out_Quantity.quantity>813.399972</out_Quantity.quantity></Point><Point><position>13840</position><in_Quantity.quantity>0.000000</in_Quantity.quantity><out_Quantity.quantity>792.475592</out_Quantity.quantity></Point><Point><position>13841</position><in_Quantity.quantity>0.000000</in_Quantity.quantity><out_Quantity.quantity>385.201814</out_Quantity.quantity></Point><Point><position>13842</position><in_Quantity.quantity>0.000000</in_Quantity.quantity><out_Quantity.quantity>945.709917</out_Quantity.quantity></Point><Point><position>13843</position><in_Quantity.quantity>0.000000</in_Quantity.quantity><out_Quantity.quantity>642.503435</out_Quantity.quantity></Point><Point><position>13844</position><in_Quantity.quantity>0.000000</in_Quantity.quantity><out_Quantity.quantity>365.231467</out_Quantity.quantity></Point><Point><position>13845</position><in_Quantity.quantity>0.000000</in_Quantity.quantity><out_Quantity.quantity>260.598889</out_Quantity.quantity></Point><Point><position>13846</position><in_Quantity.quantity>0.000000</in_Quantity.quantity><out_Quantity.quantity>591.171656</out_Quantity.quantity></Point><Point><position>13847</position><in_Quantity.quantity>0.000000</in_Quantity.quantity><out_Quantity.quantity>989.678749</out_Quantity.quantity></Point><Point><position>13848</position><in_Quantity.quantity>0.000000</in_Quantity.quantity><out_Quantity.quantity>381.611859</out_Quantity.quantity></Point><Point><position>13849</position><in_Quantity.quantity>0.000000</in_Quantity.quantity><out_Quantity.quantity>251.979902</out_Quantity.quantity></Point><Point><position>13850</position><in_Quantity.quantity>0.000000</in_Quantity.quantity><out_Quantity.quantity>185.356463</out_Quantity.quantity></Point><Point><position>13851</position><in_Quantity.quantity>0.000000</in_Quantity.quantity><out_Quantity.quantity>376.233797</out_Quantity.quantity></Point><Point><position>13852</position><in_Quantity.quantity>0.000000</in_Quantity.quantity><out_Quantity.quantity>690.747882</out_Quantity.quantity></Point><Point><position>13853</position><in_Quantity.quantity>0.000000</in_Quantity.quantity><out_Quantity.quantity>61.398928</out_Quantity.quantity></Point><Point><position>13854</position><in_Quantity.quantity>0.000000</in_Quantity.quantity><out_Quantity.quantity>450.978730</out_Quantity.quantity></Point><Point><position>13855</position><in_Quantity.quantity>0.000000</in_Quantity.quantity><out_Quantity.quantity>831.941960</out_Quantity.quantity></Point><Point><position>13856</position><in_Quantity.quantity>0.000000</in_Quantity.quantity><out_Quantity.quantity>827.817449</out_Quantity.quantity></Point><Point><position>13857</position><in_Quantity.quantity>0.000000</in_Quantity.quantity><out_Quantity.quantity>898.272434</out_Quantity.quantity></Point><Point><position>13858</position><in_Quantity.quantity>0.000000</in_Quantity.quantity><out_Quantity.quantity>644.498204</out_Quantity.quantity></Point><Point><position>13859</position><in_Quantity.quantity>0.000000</in_Quantity.quantity><out_Quantity.quantity>760.301611</out_Quantity.quantity></Point><Point><position>13860</position><in_Quantity.quantity>0.000000</in_Quantity.quantity><out_Quantity.quantity>349.288753</out_Quantity.quantity></Point><Point><position>13861</position><in_Quantity.quantity>0.000000</in_Quantity.quantity><out_Quantity.quantity>543.275293</out_Quantity.quantity></Point><Point><position>13862</position><in_Quantity.quantity>0.000000</in_Quantity.quantity><out_Quantity.quantity>514.022939</out_Quantity.quantity></Point><Point><position>13863</position><in_Quantity.quantity>0.000000</in_Quantity.quantity><out_Quantity.quantity>833.690888</out_Quantity.quantity></Point><Point><position>13864</position><in_Quantity.quantity>0.000000</in_Quantity.quantity><out_Quantity.quantity>735.858307</out_Quantity.quantity></Point><Point><position>13865</position><in_Quantity.quantity>0.000000</in_Quantity.quantity><out_Quantity.quantity>792.652009</out_Quantity.quantity></Point><Point><position>13866</position><in_Quantity.quantity>0.000000</in_Quantity.quantity><out_Quantity.quantity>987.604963</out_Quantity.quantity></Point><Point><position>13867</position><in_Quantity.quantity>0.000000</in_Quantity.quantity><out_Quantity.quantity>123.706041</out_Quantity.quantity></Point><Point><position>13868</position><in_Quantity.quantity>0.000000</in_Quantity.quantity><out_Quantity.quantity>477.790897</out_Quantity.quantity></Point><Point><position>13869</position><in_Quantity.quantity>0.000000</in_Quantity.quantity><out_Quantity.quantity>187.470083</out_Quantity.quantity></Point><Point><position>13870</position><in_Quantity.quantity>0.000000</in_Quantity.quantity><out_Quantity.quantity>364.472517</out_Quantity.quantity></Point><Point><position>13871</position><in_Quantity.quantity>0.000000</in_Quantity.quantity><out_Quantity.quantity>879.263943</out_Quantity.quantity></Point><Point><position>13872</position><in_Quantity.quantity>0.000000</in_Quantity.quantity><out_Quantity.quantity>437.449698</out_Quantity.quantity></Point><Point><position>13873</position><in_Quantity.quantity>0.000000</in_Quantity.quantity><out_Quantity.quantity>741.329828</out_Quantity.quantity></Point><Point><position>13874</position><in_Quantity.quantity>0.000000</in_Quantity.quantity><out_Quantity.quantity>547.555618</out_Quantity.quantity></Point><Point><position>13875</position><in_Quantity.quantity>0.000000</in_Quantity.quantity><out_Quantity.quantity>939.968924</out_Quantity.quantity></Point><Point><position>13876</position><in_Quantity.quantity>0.000000</in_Quantity.quantity><out_Quantity.quantity>266.752641</out_Quantity.quantity></Point><Point><position>13877</position><in_Quantity.quantity>0.000000</in_Quantity.quantity><out_Quantity.quantity>318.644554</out_Quantity.quantity></Point><Point><position>13878</position><in_Quantity.quantity>0.000000</in_Quantity.quantity><out_Quantity.quantity>54.193120</out_Quantity.quantity></Point><Point><position>13879</position><in_Quantity.quantity>0.000000</in_Quantity.quantity><out_Quantity.quantity>942.438257</out_Quantity.quantity></Point><Point><position>13880</position><in_Quantity.quantity>0.000000</in_Quantity.quantity><out_Quantity.quantity>369.957129</out_Quantity.quantity></Point><Point><position>13881</position><in_Quantity.quantity>0.000000</in_Quantity.quantity><out_Quantity.quantity>447.721375</out_Quantity.quantity></Point><Point><position>13882</position><in_Quantity.quantity>0.000000</in_Quantity.quantity><out_Quantity.quantity>279.544464</out_Quantity.quantity></Point><Point><position>13883</position><in_Quantity.quantity>0.000000</in_Quantity.quantity><out_Quantity.quantity>65.148370</out_Quantity.quantity></Point><Point><position>13884</position><in_Quantity.quantity>0.000000</in_Quantity.quantity><out_Quantity.quantity>252.448834</out_Quantity.quantity></Point><Point><position>13885</position><in_Quantity.quantity>0.000000</in_Quantity.quantity><out_Quantity.quantity>103.843077</out_Quantity.quantity></Point><Point><position>13886</position><in_Quantity.quantity>0.000000</in_Quantity.quantity><out_Quantity.quantity>494.740716</out_Quantity.quantity></Point><Point><position>13887</position><in_Quantity.quantity>0.000000</in_Quantity.quantity><out_Quantity.quantity>641.185877</out_Quantity.quantity></Point><Point><position>13888</position><in_Quantity.quantity>0.000000</in_Quantity.quantity><out_Quantity.quantity>384.530852</out_Quantity.quantity></Point><Point><position>13889</position><in_Quantity.quantity>0.000000</in_Quantity.quantity><out_Quantity.quantity>632.423132</out_Quantity.quantity></Point><Point><position>13890</position><in_Quantity.quantity>0.000000</in_Quantity.quantity><out_Quantity.quantity>279.750248</out_Quantity.quantity></Point><Point><position>13891</position><in_Quantity.quantity>0.000000</in_Quantity.quantity><out_Quantity.quantity>277.103340</out_Quantity.quantity></Point><Point><position>13892</position><in_Quantity.quantity>0.000000</in_Quantity.quantity><out_Quantity.quantity>968.243508</out_Quantity.quantity></Point><Point><position>13893</position><in_Quantity.quantity>0.000000</in_Quantity.quantity><out_Quantity.quantity>138.426685</out_Quantity.quantity></Point><Point><position>13894</position><in_Quantity.quantity>0.000000</in_Quantity.quantity><out_Quantity.quantity>754.433991</out_Quantity.quantity></Point><Point><position>13895</position><in_Quantity.quantity>0.000000</in_Quantity.quantity><out_Quantity.quantity>313.839146</out_Quantity.quantity></Point><Point><position>13896</position><in_Quantity.quantity>0.000000</in_Quantity.quantity><out_Quantity.quantity>206.683347</out_Quantity.quantity></Point><Point><position>13897</position><in_Quantity.quantity>0.000000</in_Quantity.quantity><out_Quantity.quantity>156.467634</out_Quantity.quantity></Point><Point><position>13898</position><in_Quantity.quantity>0.000000</in_Quantity.quantity><out_Quantity.quantity>880.066294</out_Quantity.quantity></Point><Point><position>13899</position><in_Quantity.quantity>0.000000</in_Quantity.quantity><out_Quantity.quantity>314.228125</out_Quantity.quantity></Point><Point><position>13900</position><in_Quantity.quantity>0.000000</in_Quantity.quantity><out_Quantity.quantity>230.133430</out_Quantity.quantity></Point><Point><position>13901</position><in_Quantity.quantity>0.000000</in_Quantity.quantity><out_Quantity.quantity>262.547276</out_Quantity.quantity></Point><Point><position>13902</position><in_Quantity.quantity>0.000000</in_Quantity.quantity><out_Quantity.quantity>393.526638</out_Quantity.quantity></Point><Point><position>13903</position><in_Quantity.quantity>0.000000</in_Quantity.quantity><out_Quantity.quantity>610.896651</out_Quantity.quantity></Point><Point><position>13904</position><in_Quantity.quantity>0.000000</in_Quantity.quantity><out_Quantity.quantity>750.363788</out_Quantity.quantity></Point><Point><position>13905</position><in_Quantity.quantity>0.000000</in_Quantity.quantity><out_Quantity.quantity>465.838394</out_Quantity.quantity></Point><Point><position>13906</position><in_Quantity.quantity>0.000000</in_Quantity.quantity><out_Quantity.quantity>917.109973</out_Quantity.quantity></Point><Point><position>13907</position><in_Quantity.quantity>0.000000</in_Quantity.quantity><out_Quantity.quantity>937.271758</out_Quantity.quantity></Point><Point><position>13908</position><in_Quantity.quantity>0.000000</in_Quantity.quantity><out_Quantity.quantity>825.049519</out_Quantity.quantity></Point><Point><position>13909</position><in_Quantity.quantity>0.000000</in_Quantity.quantity><out_Quantity.quantity>536.780515</out_Quantity.quantity></Point><Point><position>13910</position><in_Quantity.quantity>0.000000</in_Quantity.quantity><out_Quantity.quantity>283.677834</out_Quantity.quantity></Point><Point><position>13911</position><in_Quantity.quantity>0.000000</in_Quantity.quantity><out_Quantity.quantity>108.618196</out_Quantity.quantity></Point><Point><position>13912</position><in_Quantity.quantity>0.000000</in_Quantity.quantity><out_Quantity.quantity>214.332394</out_Quantity.quantity></Point><Point><position>13913</position><in_Quantity.quantity>0.000000</in_Quantity.quantity><out_Quantity.quantity>53.488826</out_Quantity.quantity></Point><Point><position>13914</position><in_Quantity.quantity>0.000000</in_Quantity.quantity><out_Quantity.quantity>284.716389</out_Quantity.quantity></Point><Point><position>13915</position><in_Quantity.quantity>0.000000</in_Quantity.quantity><out_Quantity.quantity>164.117833</out_Quantity.quantity></Point><Point><position>13916</position><in_Quantity.quantity>0.000000</in_Quantity.quantity><out_Quantity.quantity>1.084429</out_Quantity.quantity></Point><Point><position>13917</position><in_Quantity.quantity>0.000000</in_Quantity.quantity><out_Quantity.quantity>25.588234</out_Quantity.quantity></Point><Point><position>13918</position><in_Quantity.quantity>0.000000</in_Quantity.quantity><out_Quantity.quantity>761.857135</out_Quantity.quantity></Point><Point><position>13919</position><in_Quantity.quantity>0.000000</in_Quantity.quantity><out_Quantity.quantity>635.937901</out_Quantity.quantity></Point><Point><position>13920</position><in_Quantity.quantity>0.000000</in_Quantity.quantity><out_Quantity.quantity>105.924545</out_Quantity.quantity></Point><Point><position>13921</position><in_Quantity.quantity>0.000000</in_Quantity.quantity><out_Quantity.quantity>237.068267</out_Quantity.quantity></Point><Point><position>13922</position><in_Quantity.quantity>0.000000</in_Quantity.quantity><out_Quantity.quantity>330.874169</out_Quantity.quantity></Point><Point><position>13923</position><in_Quantity.quantity>0.000000</in_Quantity.quantity><out_Quantity.quantity>424.110657</out_Quantity.quantity></Point><Point><position>13924</position><in_Quantity.quantity>0.000000</in_Quantity.quantity><out_Quantity.quantity>987.349732</out_Quantity.quantity></Point><Point><position>13925</position><in_Quantity.quantity>0.000000</in_Quantity.quantity><out_Quantity.quantity>575.319832</out_Quantity.quantity></Point><Point><position>13926</position><in_Quantity.quantity>0.000000</in_Quantity.quantity><out_Quantity.quantity>563.782205</out_Quantity.quantity></Point><Point><position>13927</position><in_Quantity.quantity>0.000000</in_Quantity.quantity><out_Quantity.quantity>268.185182</out_Quantity.quantity></Point><Point><position>13928</position><in_Quantity.quantity>0.000000</in_Quantity.quantity><out_Quantity.quantity>429.600894</out_Quantity.quantity></Point><Point><position>13929</position><in_Quantity.quantity>0.000000</in_Quantity.quantity><out_Quantity.quantity>851.728604</out_Quantity.quantity></Point><Point><position>13930</position><in_Quantity.quantity>0.000000</in_Quantity.quantity><out_Quantity.quantity>48.621166</out_Quantity.quantity></Point><Point><position>13931</position><in_Quantity.quantity>0.000000</in_Quantity.quantity><out_Quantity.quantity>384.319359</out_Quantity.quantity></Point><Point><position>13932</position><in_Quantity.quantity>0.000000</in_Quantity.quantity><out_Quantity.quantity>846.722024</out_Quantity.quantity></Point><Point><position>13933</position><in_Quantity.quantity>0.000000</in_Quantity.quantity><out_Quantity.quantity>566.608204</out_Quantity.quantity></Point><Point><position>13934</position><in_Quantity.quantity>0.000000</in_Quantity.quantity><out_Quantity.quantity>386.238579</out_Quantity.quantity></Point><Point><position>13935</position><in_Quantity.quantity>0.000000</in_Quantity.quantity><out_Quantity.quantity>918.765862</out_Quantity.quantity></Point><Point><position>13936</position><in_Quantity.quantity>0.000000</in_Quantity.quantity><out_Quantity.quantity>468.635370</out_Quantity.quantity></Point><Point><position>13937</position><in_Quantity.quantity>0.000000</in_Quantity.quantity><out_Quantity.quantity>628.589047</out_Quantity.quantity></Point><Point><position>13938</position><in_Quantity.quantity>0.000000</in_Quantity.quantity><out_Quantity.quantity>88.220224</out_Quantity.quantity></Point><Point><position>13939</position><in_Quantity.quantity>0.000000</in_Quantity.quantity><out_Quantity.quantity>983.175715</out_Quantity.quantity></Point><Point><position>13940</position><in_Quantity.quantity>0.000000</in_Quantity.quantity><out_Quantity.quantity>16.647591</out_Quantity.quantity></Point><Point><position>13941</position><in_Quantity.quantity>0.000000</in_Quantity.quantity><out_Quantity.quantity>853.151910</out_Quantity.quantity></Point><Point><position>13942</position><in_Quantity.quantity>0.000000</in_Quantity.quantity><out_Quantity.quantity>968.916682</out_Quantity.quantity></Point><Point><position>13943</position><in_Quantity.quantity>0.000000</in_Quantity.quantity><out_Quantity.quantity>471.554494</out_Quantity.quantity></Point><Point><position>13944</position><in_Quantity.quantity>0.000000</in_Quantity.quantity><out_Quantity.quantity>143.570331</out_Quantity.quantity></Point><Point><position>13945</position><in_Quantity.quantity>0.000000</in_Quantity.quantity><out_Quantity.quantity>478.687109</out_Quantity.quantity></Point><Point><position>13946</position><in_Quantity.quantity>0.000000</in_Quantity.quantity><out_Quantity.quantity>272.351553</out_Quantity.quantity></Point><Point><position>13947</position><in_Quantity.quantity>0.000000</in_Quantity.quantity><out_Quantity.quantity>364.764033</out_Quantity.quantity></Point><Point><position>13948</position><in_Quantity.quantity>0.000000</in_Quantity.quantity><out_Quantity.quantity>721.628048</out_Quantity.quantity></Point><Point><position>13949</position><in_Quantity.quantity>0.000000</in_Quantity.quantity><out_Quantity.quantity>724.102314</out_Quantity.quantity></Point><Point><position>13950</position><in_Quantity.quantity>0.000000</in_Quantity.quantity><out_Quantity.quantity>544.139489</out_Quantity.quantity></Point><Point><position>13951</position><in_Quantity.quantity>0.000000</in_Quantity.quantity><out_Quantity.quantity>399.056182</out_Quantity.quantity></Point><Point><position>13952</position><in_Quantity.quantity>0.000000</in_Quantity.quantity><out_Quantity.quantity>306.194425</out_Quantity.quantity></Point><Point><position>13953</position><in_Quantity.quantity>0.000000</in_Quantity.quantity><out_Quantity.quantity>382.978580</out_Quantity.quantity></Point><Point><position>13954</position><in_Quantity.quantity>0.000000</in_Quantity.quantity><out_Quantity.quantity>305.102665</out_Quantity.quantity></Point><Point><position>13955</position><in_Quantity.quantity>0.000000</in_Quantity.quantity><out_Quantity.quantity>43.816209</out_Quantity.quantity></Point><Point><position>13956</position><in_Quantity.quantity>0.000000</in_Quantity.quantity><out_Quantity.quantity>744.617172</out_Quantity.quantity></Point><Point><position>13957</position><in_Quantity.quantity>0.000000</in_Quantity.quantity><out_Quantity.quantity>831.262637</out_Quantity.quantity></Point><Point><position>13958</position><in_Quantity.quantity>0.000000</in_Quantity.quantity><out_Quantity.quantity>289.554163</out_Quantity.quantity></Point><Point><position>13959</position><in_Quantity.quantity>0.000000</in_Quantity.quantity><out_Quantity.quantity>980.185352</out_Quantity.quantity></Point><Point><position>13960</position><in_Quantity.quantity>0.000000</in_Quantity.quantity><out_Quantity.quantity>367.332961</out_Quantity.quantity></Point><Point><position>13961</position><in_Quantity.quantity>0.000000</in_Quantity.quantity><out_Quantity.quantity>595.820628</out_Quantity.quantity></Point><Point><position>13962</position><in_Quantity.quantity>0.000000</in_Quantity.quantity><out_Quantity.quantity>432.416917</out_Quantity.quantity></Point><Point><position>13963</position><in_Quantity.quantity>0.000000</in_Quantity.quantity><out_Quantity.quantity>640.300036</out_Quantity.quantity></Point><Point><position>13964</position><in_Quantity.quantity>0.000000</in_Quantity.quantity><out_Quantity.quantity>468.107992</out_Quantity.quantity></Point><Point><position>13965</position><in_Quantity.quantity>0.000000</in_Quantity.quantity><out_Quantity.quantity>354.305071</out_Quantity.quantity></Point><Point><position>13966</position><in_Quantity.quantity>0.000000</in_Quantity.quantity><out_Quantity.quantity>376.571043</out_Quantity.quantity></Point><Point><position>13967</position><in_Quantity.quantity>0.000000</in_Quantity.quantity><out_Quantity.quantity>457.347739</out_Quantity.quantity></Point><Point><position>13968</position><in_Quantity.quantity>0.000000</in_Quantity.quantity><out_Quantity.quantity>140.411147</out_Quantity.quantity></Point><Point><position>13969</position><in_Quantity.quantity>0.000000</in_Quantity.quantity><out_Quantity.quantity>615.441510</out_Quantity.quantity></Point><Point><position>13970</position><in_Quantity.quantity>0.000000</in_Quantity.quantity><out_Quantity.quantity>76.821010</out_Quantity.quantity></Point><Point><position>13971</position><in_Quantity.quantity>0.000000</in_Quantity.quantity><out_Quantity.quantity>278.185089</out_Quantity.quantity></Point><Point><position>13972</position><in_Quantity.quantity>0.000000</in_Quantity.quantity><out_Quantity.quantity>158.369859</out_Quantity.quantity></Point><Point><position>13973</position><in_Quantity.quantity>0.000000</in_Quantity.quantity><out_Quantity.quantity>287.500585</out_Quantity.quantity></Point><Point><position>13974</position><in_Quantity.quantity>0.000000</in_Quantity.quantity><out_Quantity.quantity>55.887193</out_Quantity.quantity></Point><Point><position>13975</position><in_Quantity.quantity>0.000000</in_Quantity.quantity><out_Quantity.quantity>443.695576</out_Quantity.quantity></Point><Point><position>13976</position><in_Quantity.quantity>0.000000</in_Quantity.quantity><out_Quantity.quantity>337.390627</out_Quantity.quantity></Point><Point><position>13977</position><in_Quantity.quantity>0.000000</in_Quantity.quantity><out_Quantity.quantity>270.824834</out_Quantity.quantity></Point><Point><position>13978</position><in_Quantity.quantity>0.000000</in_Quantity.quantity><out_Quantity.quantity>553.986820</out_Quantity.quantity></Point><Point><position>13979</position><in_Quantity.quantity>0.000000</in_Quantity.quantity><out_Quantity.quantity>58.522957</out_Quantity.quantity></Point><Point><position>13980</position><in_Quantity.quantity>0.000000</in_Quantity.quantity><out_Quantity.quantity>421.187401</out_Quantity.quantity></Point><Point><position>13981</position><in_Quantity.quantity>0.000000</in_Quantity.quantity><out_Quantity.quantity>560.916187</out_Quantity.quantity></Point><Point><position>13982</position><in_Quantity.quantity>0.000000</in_Quantity.quantity><out_Quantity.quantity>870.293516</out_Quantity.quantity></Point><Point><position>13983</position><in_Quantity.quantity>0.000000</in_Quantity.quantity><out_Quantity.quantity>707.699574</out_Quantity.quantity></Point><Point><position>13984</position><in_Quantity.quantity>0.000000</in_Quantity.quantity><out_Quantity.quantity>619.297674</out_Quantity.quantity></Point><Point><position>13985</position><in_Quantity.quantity>0.000000</in_Quantity.quantity><out_Quantity.quantity>200.922183</out_Quantity.quantity></Point><Point><position>13986</position><in_Quantity.quantity>0.000000</in_Quantity.quantity><out_Quantity.quantity>218.853373</out_Quantity.quantity></Point><Point><position>13987</position><in_Quantity.quantity>0.000000</in_Quantity.quantity><out_Quantity.quantity>45.260587</out_Quantity.quantity></Point><Point><position>13988</position><in_Quantity.quantity>0.000000</in_Quantity.quantity><out_Quantity.quantity>226.770822</out_Quantity.quantity></Point><Point><position>13989</position><in_Quantity.quantity>0.000000</in_Quantity.quantity><out_Quantity.quantity>443.619022</out_Quantity.quantity></Point><Point><position>13990</position><in_Quantity.quantity>0.000000</in_Quantity.quantity><out_Quantity.quantity>745.142747</out_Quantity.quantity></Point><Point><position>13991</position><in_Quantity.quantity>0.000000</in_Quantity.quantity><out_Quantity.quantity>968.753620</out_Quantity.quantity></Point><Point><position>13992</position><in_Quantity.quantity>0.000000</in_Quantity.quantity><out_Quantity.quantity>322.038245</out_Quantity.quantity></Point><Point><position>13993</position><in_Quantity.quantity>0.000000</in_Quantity.quantity><out_Quantity.quantity>597.947839</out_Quantity.quantity></Point><Point><position>13994</position><in_Quantity.quantity>0.000000</in_Quantity.quantity><out_Quantity.quantity>946.536859</out_Quantity.quantity></Point><Point><position>13995</position><in_Quantity.quantity>0.000000</in_Quantity.quantity><out_Quantity.quantity>948.900328</out_Quantity.quantity></Point><Point><position>13996</position><in_Quantity.quantity>0.000000</in_Quantity.quantity><out_Quantity.quantity>108.190406</out_Quantity.quantity></Point><Point><position>13997</position><in_Quantity.quantity>0.000000</in_Quantity.quantity><out_Quantity.quantity>644.320800</out_Quantity.quantity></Point><Point><position>13998</position><in_Quantity.quantity>0.000000</in_Quantity.quantity><out_Quantity.quantity>628.109466</out_Quantity.quantity></Point><Point><position>13999</position><in_Quantity.quantity>0.000000</in_Quantity.quantity><out_Quantity.quantity>762.561337</out_Quantity.quantity></Point><Point><position>14000</position><in_Quantity.quantity>0.000000</in_Quantity.quantity><out_Quantity.quantity>882.508846</out_Quantity.quantity></Point><Point><position>14001</position><in_Quantity.quantity>0.000000</in_Quantity.quantity><out_Quantity.quantity>343.375056</out_Quantity.quantity></Point><Point><position>14002</position><in_Quantity.quantity>0.000000</in_Quantity.quantity><out_Quantity.quantity>727.965295</out_Quantity.quantity></Point><Point><position>14003</position><in_Quantity.quantity>0.000000</in_Quantity.quantity><out_Quantity.quantity>431.862502</out_Quantity.quantity></Point><Point><position>14004</position><in_Quantity.quantity>0.000000</in_Quantity.quantity><out_Quantity.quantity>105.316685</out_Quantity.quantity></Point><Point><position>14005</position><in_Quantity.quantity>0.000000</in_Quantity.quantity><out_Quantity.quantity>695.630422</out_Quantity.quantity></Point><Point><position>14006</position><in_Quantity.quantity>0.000000</in_Quantity.quantity><out_Quantity.quantity>110.053437</out_Quantity.quantity></Point><Point><position>14007</position><in_Quantity.quantity>0.000000</in_Quantity.quantity><out_Quantity.quantity>461.592312</out_Quantity.quantity></Point><Point><position>14008</position><in_Quantity.quantity>0.000000</in_Quantity.quantity><out_Quantity.quantity>541.462626</out_Quantity.quantity></Point><Point><position>14009</position><in_Quantity.quantity>0.000000</in_Quantity.quantity><out_Quantity.quantity>248.463622</out_Quantity.quantity></Point><Point><position>14010</position><in_Quantity.quantity>0.000000</in_Quantity.quantity><out_Quantity.quantity>621.701803</out_Quantity.quantity></Point><Point><position>14011</position><in_Quantity.quantity>0.000000</in_Quantity.quantity><out_Quantity.quantity>434.308835</out_Quantity.quantity></Point><Point><position>14012</position><in_Quantity.quantity>0.000000</in_Quantity.quantity><out_Quantity.quantity>146.199850</out_Quantity.quantity></Point><Point><position>14013</position><in_Quantity.quantity>0.000000</in_Quantity.quantity><out_Quantity.quantity>886.023157</out_Quantity.quantity></Point><Point><position>14014</position><in_Quantity.quantity>0.000000</in_Quantity.quantity><out_Quantity.quantity>490.910299</out_Quantity.quantity></Point><Point><position>14015</position><in_Quantity.quantity>0.000000</in_Quantity.quantity><out_Quantity.quantity>688.690804</out_Quantity.quantity></Point><Point><position>14016</position><in_Quantity.quantity>0.000000</in_Quantity.quantity><out_Quantity.quantity>326.387124</out_Quantity.quantity></Point><Point><position>14017</position><in_Quantity.quantity>0.000000</in_Quantity.quantity><out_Quantity.quantity>318.055489</out_Quantity.quantity></Point><Point><position>14018</position><in_Quantity.quantity>0.000000</in_Quantity.quantity><out_Quantity.quantity>990.251744</out_Quantity.quantity></Point><Point><position>14019</position><in_Quantity.quantity>0.000000</in_Quantity.quantity><out_Quantity.quantity>916.371946</out_Quantity.quantity></Point><Point><position>14020</position><in_Quantity.quantity>0.000000</in_Quantity.quantity><out_Quantity.quantity>206.747060</out_Quantity.quantity></Point><Point><position>14021</position><in_Quantity.quantity>0.000000</in_Quantity.quantity><out_Quantity.quantity>274.497019</out_Quantity.quantity></Point><Point><position>14022</position><in_Quantity.quantity>0.000000</in_Quantity.quantity><out_Quantity.quantity>435.357236</out_Quantity.quantity></Point><Point><position>14023</position><in_Quantity.quantity>0.000000</in_Quantity.quantity><out_Quantity.quantity>281.963067</out_Quantity.quantity></Point><Point><position>14024</position><in_Quantity.quantity>0.000000</in_Quantity.quantity><out_Quantity.quantity>571.731424</out_Quantity.quantity></Point><Point><position>14025</position><in_Quantity.quantity>0.000000</in_Quantity.quantity><out_Quantity.quantity>758.853891</out_Quantity.quantity></Point><Point><position>14026</position><in_Quantity.quantity>0.000000</in_Quantity.quantity><out_Quantity.quantity>35.037467</out_Quantity.quantity></Point><Point><position>14027</position><in_Quantity.quantity>0.000000</in_Quantity.quantity><out_Quantity.quantity>992.054583</out_Quantity.quantity></Point><Point><position>14028</position><in_Quantity.quantity>0.000000</in_Quantity.quantity><out_Quantity.quantity>18.583968</out_Quantity.quantity></Point><Point><position>14029</position><in_Quantity.quantity>0.000000</in_Quantity.quantity><out_Quantity.quantity>547.881935</out_Quantity.quantity></Point><Point><position>14030</position><in_Quantity.quantity>0.000000</in_Quantity.quantity><out_Quantity.quantity>998.694836</out_Quantity.quantity></Point><Point><position>14031</position><in_Quantity.quantity>0.000000</in_Quantity.quantity><out_Quantity.quantity>520.149651</out_Quantity.quantity></Point><Point><position>14032</position><in_Quantity.quantity>0.000000</in_Quantity.quantity><out_Quantity.quantity>375.854480</out_Quantity.quantity></Point><Point><position>14033</position><in_Quantity.quantity>0.000000</in_Quantity.quantity><out_Quantity.quantity>953.888387</out_Quantity.quantity></Point><Point><position>14034</position><in_Quantity.quantity>0.000000</in_Quantity.quantity><out_Quantity.quantity>273.254400</out_Quantity.quantity></Point><Point><position>14035</position><in_Quantity.quantity>0.000000</in_Quantity.quantity><out_Quantity.quantity>810.627264</out_Quantity.quantity></Point><Point><position>14036</position><in_Quantity.quantity>0.000000</in_Quantity.quantity><out_Quantity.quantity>746.141708</out_Quantity.quantity></Point><Point><position>14037</position><in_Quantity.quantity>0.000000</in_Quantity.quantity><out_Quantity.quantity>758.311991</out_Quantity.quantity></Point><Point><position>14038</position><in_Quantity.quantity>0.000000</in_Quantity.quantity><out_Quantity.quantity>983.129569</out_Quantity.quantity></Point><Point><position>14039</position><in_Quantity.quantity>0.000000</in_Quantity.quantity><out_Quantity.quantity>402.660061</out_Quantity.quantity></Point><Point><position>14040</position><in_Quantity.quantity>0.000000</in_Quantity.quantity><out_Quantity.quantity>780.297012</out_Quantity.quantity></Point><Point><position>14041</position><in_Quantity.quantity>0.000000</in_Quantity.quantity><out_Quantity.quantity>143.783448</out_Quantity.quantity></Point><Point><position>14042</position><in_Quantity.quantity>0.000000</in_Quantity.quantity><out_Quantity.quantity>126.437320</out_Quantity.quantity></Point><Point><position>14043</position><in_Quantity.quantity>0.000000</in_Quantity.quantity><out_Quantity.quantity>216.799336</out_Quantity.quantity></Point><Point><position>14044</position><in_Quantity.quantity>0.000000</in_Quantity.quantity><out_Quantity.quantity>279.110380</out_Quantity.quantity></Point><Point><position>14045</position><in_Quantity.quantity>0.000000</in_Quantity.quantity><out_Quantity.quantity>672.219264</out_Quantity.quantity></Point><Point><position>14046</position><in_Quantity.quantity>0.000000</in_Quantity.quantity><out_Quantity.quantity>584.874916</out_Quantity.quantity></Point><Point><position>14047</position><in_Quantity.quantity>0.000000</in_Quantity.quantity><out_Quantity.quantity>541.889897</out_Quantity.quantity></Point><Point><position>14048</position><in_Quantity.quantity>0.000000</in_Quantity.quantity><out_Quantity.quantity>46.578736</out_Quantity.quantity></Point><Point><position>14049</position><in_Quantity.quantity>0.000000</in_Quantity.quantity><out_Quantity.quantity>400.193230</out_Quantity.quantity></Point><Point><position>14050</position><in_Quantity.quantity>0.000000</in_Quantity.quantity><out_Quantity.quantity>13.455073</out_Quantity.quantity></Point><Point><position>14051</position><in_Quantity.quantity>0.000000</in_Quantity.quantity><out_Quantity.quantity>929.660039</out_Quantity.quantity></Point><Point><position>14052</position><in_Quantity.quantity>0.000000</in_Quantity.quantity><out_Quantity.quantity>491.707425</out_Quantity.quantity></Point><Point><position>14053</position><in_Quantity.quantity>0.000000</in_Quantity.quantity><out_Quantity.quantity>264.092820</out_Quantity.quantity></Point><Point><position>14054</position><in_Quantity.quantity>0.000000</in_Quantity.quantity><out_Quantity.quantity>659.200885</out_Quantity.quantity></Point><Point><position>14055</position><in_Quantity.quantity>0.000000</in_Quantity.quantity><out_Quantity.quantity>613.463268</out_Quantity.quantity></Point><Point><position>14056</position><in_Quantity.quantity>0.000000</in_Quantity.quantity><out_Quantity.quantity>151.406047</out_Quantity.quantity></Point><Point><position>14057</position><in_Quantity.quantity>0.000000</in_Quantity.quantity><out_Quantity.quantity>168.612225</out_Quantity.quantity></Point><Point><position>14058</position><in_Quantity.quantity>0.000000</in_Quantity.quantity><out_Quantity.quantity>36.019657</out_Quantity.quantity></Point><Point><position>14059</position><in_Quantity.quantity>0.000000</in_Quantity.quantity><out_Quantity.quantity>196.635953</out_Quantity.quantity></Point><Point><position>14060</position><in_Quantity.quantity>0.000000</in_Quantity.quantity><out_Quantity.quantity>675.074823</out_Quantity.quantity></Point><Point><position>14061</position><in_Quantity.quantity>0.000000</in_Quantity.quantity><out_Quantity.quantity>77.502245</out_Quantity.quantity></Point><Point><position>14062</position><in_Quantity.quantity>0.000000</in_Quantity.quantity><out_Quantity.quantity>694.812062</out_Quantity.quantity></Point><Point><position>14063</position><in_Quantity.quantity>0.000000</in_Quantity.quantity><out_Quantity.quantity>467.300218</out_Quantity.quantity></Point><Point><position>14064</position><in_Quantity.quantity>0.000000</in_Quantity.quantity><out_Quantity.quantity>178.952861</out_Quantity.quantity></Point><Point><position>14065</position><in_Quantity.quantity>0.000000</in_Quantity.quantity><out_Quantity.quantity>34.889017</out_Quantity.quantity></Point><Point><position>14066</position><in_Quantity.quantity>0.000000</in_Quantity.quantity><out_Quantity.quantity>943.772270</out_Quantity.quantity></Point><Point><position>14067</position><in_Quantity.quantity>0.000000</in_Quantity.quantity><out_Quantity.quantity>65.707578</out_Quantity.quantity></Point><Point><position>14068</position><in_Quantity.quantity>0.000000</in_Quantity.quantity><out_Quantity.quantity>430.044676</out_Quantity.quantity></Point><Point><position>14069</position><in_Quantity.quantity>0.000000</in_Quantity.quantity><out_Quantity.quantity>415.576964</out_Quantity.quantity></Point><Point><position>14070</position><in_Quantity.quantity>0.000000</in_Quantity.quantity><out_Quantity.quantity>495.330643</out_Quantity.quantity></Point><Point><position>14071</position><in_Quantity.quantity>0.000000</in_Quantity.quantity><out_Quantity.quantity>880.051514</out_Quantity.quantity></Point><Point><position>14072</position><in_Quantity.quantity>0.000000</in_Quantity.quantity><out_Quantity.quantity>340.884709</out_Quantity.quantity></Point><Point><position>14073</position><in_Quantity.quantity>0.000000</in_Quantity.quantity><out_Quantity.quantity>26.511641</out_Quantity.quantity></Point><Point><position>14074</position><in_Quantity.quantity>0.000000</in_Quantity.quantity><out_Quantity.quantity>644.908816</out_Quantity.quantity></Point><Point><position>14075</position><in_Quantity.quantity>0.000000</in_Quantity.quantity><out_Quantity.quantity>610.396302</out_Quantity.quantity></Point><Point><position>14076</position><in_Quantity.quantity>0.000000</in_Quantity.quantity><out_Quantity.quantity>216.757731</out_Quantity.quantity></Point><Point><position>14077</position><in_Quantity.quantity>0.000000</in_Quantity.quantity><out_Quantity.quantity>108.667109</out_Quantity.quantity></Point><Point><position>14078</position><in_Quantity.quantity>0.000000</in_Quantity.quantity><out_Quantity.quantity>834.914614</out_Quantity.quantity></Point><Point><position>14079</position><in_Quantity.quantity>0.000000</in_Quantity.quantity><out_Quantity.quantity>643.937990</out_Quantity.quantity></Point><Point><position>14080</position><in_Quantity.quantity>0.000000</in_Quantity.quantity><out_Quantity.quantity>497.449804</out_Quantity.quantity></Point><Point><position>14081</position><in_Quantity.quantity>0.000000</in_Quantity.quantity><out_Quantity.quantity>564.899622</out_Quantity.quantity></Point><Point><position>14082</position><in_Quantity.quantity>0.000000</in_Quantity.quantity><out_Quantity.quantity>554.139744</out_Quantity.quantity></Point><Point><position>14083</position><in_Quantity.quantity>0.000000</in_Quantity.quantity><out_Quantity.quantity>668.889277</out_Quantity.quantity></Point><Point><position>14084</position><in_Quantity.quantity>0.000000</in_Quantity.quantity><out_Quantity.quantity>187.145248</out_Quantity.quantity></Point><Point><position>14085</position><in_Quantity.quantity>0.000000</in_Quantity.quantity><out_Quantity.quantity>548.088826</out_Quantity.quantity></Point><Point><position>14086</position><in_Quantity.quantity>0.000000</in_Quantity.quantity><out_Quantity.quantity>878.812349</out_Quantity.quantity></Point><Point><position>14087</position><in_Quantity.quantity>0.000000</in_Quantity.quantity><out_Quantity.quantity>905.807033</out_Quantity.quantity></Point><Point><position>14088</position><in_Quantity.quantity>0.000000</in_Quantity.quantity><out_Quantity.quantity>375.463969</out_Quantity.quantity></Point><Point><position>14089</position><in_Quantity.quantity>0.000000</in_Quantity.quantity><out_Quantity.quantity>328.027384</out_Quantity.quantity></Point><Point><position>14090</position><in_Quantity.quantity>0.000000</in_Quantity.quantity><out_Quantity.quantity>166.923985</out_Quantity.quantity></Point><Point><position>14091</position><in_Quantity.quantity>0.000000</in_Quantity.quantity><out_Quantity.quantity>978.951011</out_Quantity.quantity></Point><Point><position>14092</position><in_Quantity.quantity>0.000000</in_Quantity.quantity><out_Quantity.quantity>905.275884</out_Quantity.quantity></Point><Point><position>14093</position><in_Quantity.quantity>0.000000</in_Quantity.quantity><out_Quantity.quantity>849.471615</out_Quantity.quantity></Point><Point><position>14094</position><in_Quantity.quantity>0.000000</in_Quantity.quantity><out_Quantity.quantity>252.952834</out_Quantity.quantity></Point><Point><position>14095</position><in_Quantity.quantity>0.000000</in_Quantity.quantity><out_Quantity.quantity>169.834617</out_Quantity.quantity></Point><Point><position>14096</position><in_Quantity.quantity>0.000000</in_Quantity.quantity><out_Quantity.quantity>493.233372</out_Quantity.quantity></Point><Point><position>14097</position><in_Quantity.quantity>0.000000</in_Quantity.quantity><out_Quantity.quantity>274.504044</out_Quantity.quantity></Point><Point><position>14098</position><in_Quantity.quantity>0.000000</in_Quantity.quantity><out_Quantity.quantity>968.590944</out_Quantity.quantity></Point><Point><position>14099</position><in_Quantity.quantity>0.000000</in_Quantity.quantity><out_Quantity.quantity>933.363725</out_Quantity.quantity></Point><Point><position>14100</position><in_Quantity.quantity>0.000000</in_Quantity.quantity><out_Quantity.quantity>245.772862</out_Quantity.quantity></Point><Point><position>14101</position><in_Quantity.quantity>0.000000</in_Quantity.quantity><out_Quantity.quantity>84.245255</out_Quantity.quantity></Point><Point><position>14102</position><in_Quantity.quantity>0.000000</in_Quantity.quantity><out_Quantity.quantity>304.153573</out_Quantity.quantity></Point><Point><position>14103</position><in_Quantity.quantity>0.000000</in_Quantity.quantity><out_Quantity.quantity>638.936686</out_Quantity.quantity></Point><Point><position>14104</position><in_Quantity.quantity>0.000000</in_Quantity.quantity><out_Quantity.quantity>297.040147</out_Quantity.quantity></Point><Point><position>14105</position><in_Quantity.quantity>0.000000</in_Quantity.quantity><out_Quantity.quantity>986.485050</out_Quantity.quantity></Point><Point><position>14106</position><in_Quantity.quantity>0.000000</in_Quantity.quantity><out_Quantity.quantity>839.042660</out_Quantity.quantity></Point><Point><position>14107</position><in_Quantity.quantity>0.000000</in_Quantity.quantity><out_Quantity.quantity>658.365359</out_Quantity.quantity></Point><Point><position>14108</position><in_Quantity.quantity>0.000000</in_Quantity.quantity><out_Quantity.quantity>808.242049</out_Quantity.quantity></Point><Point><position>14109</position><in_Quantity.quantity>0.000000</in_Quantity.quantity><out_Quantity.quantity>574.150950</out_Quantity.quantity></Point><Point><position>14110</position><in_Quantity.quantity>0.000000</in_Quantity.quantity><out_Quantity.quantity>658.531774</out_Quantity.quantity></Point><Point><position>14111</position><in_Quantity.quantity>0.000000</in_Quantity.quantity><out_Quantity.quantity>126.983860</out_Quantity.quantity></Point><Point><position>14112</position><in_Quantity.quantity>0.000000</in_Quantity.quantity><out_Quantity.quantity>672.758687</out_Quantity.quantity></Point><Point><position>14113</position><in_Quantity.quantity>0.000000</in_Quantity.quantity><out_Quantity.quantity>185.862335</out_Quantity.quantity></Point><Point><position>14114</position><in_Quantity.quantity>0.000000</in_Quantity.quantity><out_Quantity.quantity>362.354263</out_Quantity.quantity></Point><Point><position>14115</position><in_Quantity.quantity>0.000000</in_Quantity.quantity><out_Quantity.quantity>828.124653</out_Quantity.quantity></Point><Point><position>14116</position><in_Quantity.quantity>0.000000</in_Quantity.quantity><out_Quantity.quantity>367.103098</out_Quantity.quantity></Point><Point><position>14117</position><in_Quantity.quantity>0.000000</in_Quantity.quantity><out_Quantity.quantity>460.807335</out_Quantity.quantity></Point><Point><position>14118</position><in_Quantity.quantity>0.000000</in_Quantity.quantity><out_Quantity.quantity>483.542872</out_Quantity.quantity></Point><Point><position>14119</position><in_Quantity.quantity>0.000000</in_Quantity.quantity><out_Quantity.quantity>724.868131</out_Quantity.quantity></Point><Point><position>14120</position><in_Quantity.quantity>0.000000</in_Quantity.quantity><out_Quantity.quantity>89.770644</out_Quantity.quantity></Point><Point><position>14121</position><in_Quantity.quantity>0.000000</in_Quantity.quantity><out_Quantity.quantity>589.060910</out_Quantity.quantity></Point><Point><position>14122</position><in_Quantity.quantity>0.000000</in_Quantity.quantity><out_Quantity.quantity>704.884518</out_Quantity.quantity></Point><Point><position>14123</position><in_Quantity.quantity>0.000000</in_Quantity.quantity><out_Quantity.quantity>341.328645</out_Quantity.quantity></Point><Point><position>14124</position><in_Quantity.quantity>0.000000</in_Quantity.quantity><out_Quantity.quantity>540.527753</out_Quantity.quantity></Point><Point><position>14125</position><in_Quantity.quantity>0.000000</in_Quantity.quantity><out_Quantity.quantity>622.664847</out_Quantity.quantity></Point><Point><position>14126</position><in_Quantity.quantity>0.000000</in_Quantity.quantity><out_Quantity.quantity>182.474598</out_Quantity.quantity></Point><Point><position>14127</position><in_Quantity.quantity>0.000000</in_Quantity.quantity><out_Quantity.quantity>438.914291</out_Quantity.quantity></Point><Point><position>14128</position><in_Quantity.quantity>0.000000</in_Quantity.quantity><out_Quantity.quantity>2.910087</out_Quantity.quantity></Point><Point><position>14129</position><in_Quantity.quantity>0.000000</in_Quantity.quantity><out_Quantity.quantity>313.201907</out_Quantity.quantity></Point><Point><position>14130</position><in_Quantity.quantity>0.000000</in_Quantity.quantity><out_Quantity.quantity>109.501369</out_Quantity.quantity></Point><Point><position>14131</position><in_Quantity.quantity>0.000000</in_Quantity.quantity><out_Quantity.quantity>884.993945</out_Quantity.quantity></Point><Point><position>14132</position><in_Quantity.quantity>0.000000</in_Quantity.quantity><out_Quantity.quantity>423.924044</out_Quantity.quantity></Point><Point><position>14133</position><in_Quantity.quantity>0.000000</in_Quantity.quantity><out_Quantity.quantity>161.662170</out_Quantity.quantity></Point><Point><position>14134</position><in_Quantity.quantity>0.000000</in_Quantity.quantity><out_Quantity.quantity>63.374710</out_Quantity.quantity></Point><Point><position>14135</position><in_Quantity.quantity>0.000000</in_Quantity.quantity><out_Quantity.quantity>212.301217</out_Quantity.quantity></Point><Point><position>14136</position><in_Quantity.quantity>0.000000</in_Quantity.quantity><out_Quantity.quantity>444.977096</out_Quantity.quantity></Point><Point><position>14137</position><in_Quantity.quantity>0.000000</in_Quantity.quantity><out_Quantity.quantity>841.391219</out_Quantity.quantity></Point><Point><position>14138</position><in_Quantity.quantity>0.000000</in_Quantity.quantity><out_Quantity.quantity>463.305149</out_Quantity.quantity></Point><Point><position>14139</position><in_Quantity.quantity>0.000000</in_Quantity.quantity><out_Quantity.quantity>919.367920</out_Quantity.quantity></Point><Point><position>14140</position><in_Quantity.quantity>0.000000</in_Quantity.quantity><out_Quantity.quantity>920.061644</out_Quantity.quantity></Point><Point><position>14141</position><in_Quantity.quantity>0.000000</in_Quantity.quantity><out_Quantity.quantity>374.594918</out_Quantity.quantity></Point><Point><position>14142</position><in_Quantity.quantity>0.000000</in_Quantity.quantity><out_Quantity.quantity>393.002346</out_Quantity.quantity></Point><Point><position>14143</position><in_Quantity.quantity>0.000000</in_Quantity.quantity><out_Quantity.quantity>21.666158</out_Quantity.quantity></Point><Point><position>14144</position><in_Quantity.quantity>0.000000</in_Quantity.quantity><out_Quantity.quantity>356.691919</out_Quantity.quantity></Point><Point><position>14145</position><in_Quantity.quantity>0.000000</in_Quantity.quantity><out_Quantity.quantity>59.054203</out_Quantity.quantity></Point><Point><position>14146</position><in_Quantity.quantity>0.000000</in_Quantity.quantity><out_Quantity.quantity>161.402912</out_Quantity.quantity></Point><Point><position>14147</position><in_Quantity.quantity>0.000000</in_Quantity.quantity><out_Quantity.quantity>398.598240</out_Quantity.quantity></Point><Point><position>14148</position><in_Quantity.quantity>0.000000</in_Quantity.quantity><out_Quantity.quantity>272.576558</out_Quantity.quantity></Point><Point><position>14149</position><in_Quantity.quantity>0.000000</in_Quantity.quantity><out_Quantity.quantity>959.264523</out_Quantity.quantity></Point><Point><position>14150</position><in_Quantity.quantity>0.000000</in_Quantity.quantity><out_Quantity.quantity>981.295924</out_Quantity.quantity></Point><Point><position>14151</position><in_Quantity.quantity>0.000000</in_Quantity.quantity><out_Quantity.quantity>508.237482</out_Quantity.quantity></Point><Point><position>14152</position><in_Quantity.quantity>0.000000</in_Quantity.quantity><out_Quantity.quantity>440.439996</out_Quantity.quantity></Point><Point><position>14153</position><in_Quantity.quantity>0.000000</in_Quantity.quantity><out_Quantity.quantity>803.691213</out_Quantity.quantity></Point><Point><position>14154</position><in_Quantity.quantity>0.000000</in_Quantity.quantity><out_Quantity.quantity>469.077763</out_Quantity.quantity></Point><Point><position>14155</position><in_Quantity.quantity>0.000000</in_Quantity.quantity><out_Quantity.quantity>331.107600</out_Quantity.quantity></Point><Point><position>14156</position><in_Quantity.quantity>0.000000</in_Quantity.quantity><out_Quantity.quantity>734.756523</out_Quantity.quantity></Point><Point><position>14157</position><in_Quantity.quantity>0.000000</in_Quantity.quantity><out_Quantity.quantity>888.112825</out_Quantity.quantity></Point><Point><position>14158</position><in_Quantity.quantity>0.000000</in_Quantity.quantity><out_Quantity.quantity>225.843863</out_Quantity.quantity></Point><Point><position>14159</position><in_Quantity.quantity>0.000000</in_Quantity.quantity><out_Quantity.quantity>475.524384</out_Quantity.quantity></Point><Point><position>14160</position><in_Quantity.quantity>0.000000</in_Quantity.quantity><out_Quantity.quantity>410.349442</out_Quantity.quantity></Point><Point><position>14161</position><in_Quantity.quantity>0.000000</in_Quantity.quantity><out_Quantity.quantity>846.585030</out_Quantity.quantity></Point><Point><position>14162</position><in_Quantity.quantity>0.000000</in_Quantity.quantity><out_Quantity.quantity>705.615591</out_Quantity.quantity></Point><Point><position>14163</position><in_Quantity.quantity>0.000000</in_Quantity.quantity><out_Quantity.quantity>617.041149</out_Quantity.quantity></Point><Point><position>14164</position><in_Quantity.quantity>0.000000</in_Quantity.quantity><out_Quantity.quantity>258.654219</out_Quantity.quantity></Point><Point><position>14165</position><in_Quantity.quantity>0.000000</in_Quantity.quantity><out_Quantity.quantity>904.580830</out_Quantity.quantity></Point><Point><position>14166</position><in_Quantity.quantity>0.000000</in_Quantity.quantity><out_Quantity.quantity>463.107166</out_Quantity.quantity></Point><Point><position>14167</position><in_Quantity.quantity>0.000000</in_Quantity.quantity><out_Quantity.quantity>617.569671</out_Quantity.quantity></Point><Point><position>14168</position><in_Quantity.quantity>0.000000</in_Quantity.quantity><out_Quantity.quantity>738.694578</out_Quantity.quantity></Point><Point><position>14169</position><in_Quantity.quantity>0.000000</in_Quantity.quantity><out_Quantity.quantity>149.690831</out_Quantity.quantity></Point><Point><position>14170</position><in_Quantity.quantity>0.000000</in_Quantity.quantity><out_Quantity.quantity>971.666858</out_Quantity.quantity></Point><Point><position>14171</position><in_Quantity.quantity>0.000000</in_Quantity.quantity><out_Quantity.quantity>633.924606</out_Quantity.quantity></Point><Point><position>14172</position><in_Quantity.quantity>0.000000</in_Quantity.quantity><out_Quantity.quantity>686.968911</out_Quantity.quantity></Point><Point><position>14173</position><in_Quantity.quantity>0.000000</in_Quantity.quantity><out_Quantity.quantity>847.153274</out_Quantity.quantity></Point><Point><position>14174</position><in_Quantity.quantity>0.000000</in_Quantity.quantity><out_Quantity.quantity>647.209241</out_Quantity.quantity></Point><Point><position>14175</position><in_Quantity.quantity>0.000000</in_Quantity.quantity><out_Quantity.quantity>24.597366</out_Quantity.quantity></Point><Point><position>14176</position><in_Quantity.quantity>0.000000</in_Quantity.quantity><out_Quantity.quantity>402.431180</out_Quantity.quantity></Point><Point><position>14177</position><in_Quantity.quantity>0.000000</in_Quantity.quantity><out_Quantity.quantity>943.428830</out_Quantity.quantity></Point><Point><position>14178</position><in_Quantity.quantity>0.000000</in_Quantity.quantity><out_Quantity.quantity>751.717909</out_Quantity.quantity></Point><Point><position>14179</position><in_Quantity.quantity>0.000000</in_Quantity.quantity><out_Quantity.quantity>765.587889</out_Quantity.quantity></Point><Point><position>14180</position><in_Quantity.quantity>0.000000</in_Quantity.quantity><out_Quantity.quantity>971.811085</out_Quantity.quantity></Point><Point><position>14181</position><in_Quantity.quantity>0.000000</in_Quantity.quantity><out_Quantity.quantity>992.094052</out_Quantity.quantity></Point><Point><position>14182</position><in_Quantity.quantity>0.000000</in_Quantity.quantity><out_Quantity.quantity>808.750282</out_Quantity.quantity></Point><Point><position>14183</position><in_Quantity.quantity>0.000000</in_Quantity.quantity><out_Quantity.quantity>292.150565</out_Quantity.quantity></Point><Point><position>14184</position><in_Quantity.quantity>0.000000</in_Quantity.quantity><out_Quantity.quantity>405.523619</out_Quantity.quantity></Point><Point><position>14185</position><in_Quantity.quantity>0.000000</in_Quantity.quantity><out_Quantity.quantity>892.116229</out_Quantity.quantity></Point><Point><position>14186</position><in_Quantity.quantity>0.000000</in_Quantity.quantity><out_Quantity.quantity>105.572229</out_Quantity.quantity></Point><Point><position>14187</position><in_Quantity.quantity>0.000000</in_Quantity.quantity><out_Quantity.quantity>678.272100</out_Quantity.quantity></Point><Point><position>14188</position><in_Quantity.quantity>0.000000</in_Quantity.quantity><out_Quantity.quantity>669.494010</out_Quantity.quantity></Point><Point><position>14189</position><in_Quantity.quantity>0.000000</in_Quantity.quantity><out_Quantity.quantity>592.518366</out_Quantity.quantity></Point><Point><position>14190</position><in_Quantity.quantity>0.000000</in_Quantity.quantity><out_Quantity.quantity>395.962648</out_Quantity.quantity></Point><Point><position>14191</position><in_Quantity.quantity>0.000000</in_Quantity.quantity><out_Quantity.quantity>214.011391</out_Quantity.quantity></Point><Point><position>14192</position><in_Quantity.quantity>0.000000</in_Quantity.quantity><out_Quantity.quantity>447.536699</out_Quantity.quantity></Point><Point><position>14193</position><in_Quantity.quantity>0.000000</in_Quantity.quantity><out_Quantity.quantity>890.347885</out_Quantity.quantity></Point><Point><position>14194</position><in_Quantity.quantity>0.000000</in_Quantity.quantity><out_Quantity.quantity>854.573162</out_Quantity.quantity></Point><Point><position>14195</position><in_Quantity.quantity>0.000000</in_Quantity.quantity><out_Quantity.quantity>521.332774</out_Quantity.quantity></Point><Point><position>14196</position><in_Quantity.quantity>0.000000</in_Quantity.quantity><out_Quantity.quantity>499.787541</out_Quantity.quantity></Point><Point><position>14197</position><in_Quantity.quantity>0.000000</in_Quantity.quantity><out_Quantity.quantity>416.005269</out_Quantity.quantity></Point><Point><position>14198</position><in_Quantity.quantity>0.000000</in_Quantity.quantity><out_Quantity.quantity>722.632369</out_Quantity.quantity></Point><Point><position>14199</position><in_Quantity.quantity>0.000000</in_Quantity.quantity><out_Quantity.quantity>0.906252</out_Quantity.quantity></Point><Point><position>14200</position><in_Quantity.quantity>0.000000</in_Quantity.quantity><out_Quantity.quantity>414.256657</out_Quantity.quantity></Point><Point><position>14201</position><in_Quantity.quantity>0.000000</in_Quantity.quantity><out_Quantity.quantity>371.263583</out_Quantity.quantity></Point><Point><position>14202</position><in_Quantity.quantity>0.000000</in_Quantity.quantity><out_Quantity.quantity>881.263964</out_Quantity.quantity></Point><Point><position>14203</position><in_Quantity.quantity>0.000000</in_Quantity.quantity><out_Quantity.quantity>430.931426</out_Quantity.quantity></Point><Point><position>14204</position><in_Quantity.quantity>0.000000</in_Quantity.quantity><out_Quantity.quantity>797.587930</out_Quantity.quantity></Point><Point><position>14205</position><in_Quantity.quantity>0.000000</in_Quantity.quantity><out_Quantity.quantity>447.924406</out_Quantity.quantity></Point><Point><position>14206</position><in_Quantity.quantity>0.000000</in_Quantity.quantity><out_Quantity.quantity>487.286839</out_Quantity.quantity></Point><Point><position>14207</position><in_Quantity.quantity>0.000000</in_Quantity.quantity><out_Quantity.quantity>565.471459</out_Quantity.quantity></Point><Point><position>14208</position><in_Quantity.quantity>0.000000</in_Quantity.quantity><out_Quantity.quantity>841.949569</out_Quantity.quantity></Point><Point><position>14209</position><in_Quantity.quantity>0.000000</in_Quantity.quantity><out_Quantity.quantity>45.792167</out_Quantity.quantity></Point><Point><position>14210</position><in_Quantity.quantity>0.000000</in_Quantity.quantity><out_Quantity.quantity>747.871267</out_Quantity.quantity></Point><Point><position>14211</position><in_Quantity.quantity>0.000000</in_Quantity.quantity><out_Quantity.quantity>213.810140</out_Quantity.quantity></Point><Point><position>14212</position><in_Quantity.quantity>0.000000</in_Quantity.quantity><out_Quantity.quantity>148.499848</out_Quantity.quantity></Point><Point><position>14213</position><in_Quantity.quantity>0.000000</in_Quantity.quantity><out_Quantity.quantity>447.049971</out_Quantity.quantity></Point><Point><position>14214</position><in_Quantity.quantity>0.000000</in_Quantity.quantity><out_Quantity.quantity>785.984543</out_Quantity.quantity></Point><Point><position>14215</position><in_Quantity.quantity>0.000000</in_Quantity.quantity><out_Quantity.quantity>986.571711</out_Quantity.quantity></Point><Point><position>14216</position><in_Quantity.quantity>0.000000</in_Quantity.quantity><out_Quantity.quantity>705.551468</out_Quantity.quantity></Point><Point><position>14217</position><in_Quantity.quantity>0.000000</in_Quantity.quantity><out_Quantity.quantity>318.655482</out_Quantity.quantity></Point><Point><position>14218</position><in_Quantity.quantity>0.000000</in_Quantity.quantity><out_Quantity.quantity>554.201670</out_Quantity.quantity></Point><Point><position>14219</position><in_Quantity.quantity>0.000000</in_Quantity.quantity><out_Quantity.quantity>670.593329</out_Quantity.quantity></Point><Point><position>14220</position><in_Quantity.quantity>0.000000</in_Quantity.quantity><out_Quantity.quantity>785.791451</out_Quantity.quantity></Point><Point><position>14221</position><in_Quantity.quantity>0.000000</in_Quantity.quantity><out_Quantity.quantity>402.994079</out_Quantity.quantity></Point><Point><position>14222</position><in_Quantity.quantity>0.000000</in_Quantity.quantity><out_Quantity.quantity>34.277809</out_Quantity.quantity></Point><Point><position>14223</position><in_Quantity.quantity>0.000000</in_Quantity.quantity><out_Quantity.quantity>705.150637</out_Quantity.quantity></Point><Point><position>14224</position><in_Quantity.quantity>0.000000</in_Quantity.quantity><out_Quantity.quantity>545.787631</out_Quantity.quantity></Point><Point><position>14225</position><in_Quantity.quantity>0.000000</in_Quantity.quantity><out_Quantity.quantity>676.409864</out_Quantity.quantity></Point><Point><position>14226</position><in_Quantity.quantity>0.000000</in_Quantity.quantity><out_Quantity.quantity>15.109202</out_Quantity.quantity></Point><Point><position>14227</position><in_Quantity.quantity>0.000000</in_Quantity.quantity><out_Quantity.quantity>223.404051</out_Quantity.quantity></Point><Point><position>14228</position><in_Quantity.quantity>0.000000</in_Quantity.quantity><out_Quantity.quantity>14.136380</out_Quantity.quantity></Point><Point><position>14229</position><in_Quantity.quantity>0.000000</in_Quantity.quantity><out_Quantity.quantity>599.573572</out_Quantity.quantity></Point><Point><position>14230</position><in_Quantity.quantity>0.000000</in_Quantity.quantity><out_Quantity.quantity>529.539911</out_Quantity.quantity></Point><Point><position>14231</position><in_Quantity.quantity>0.000000</in_Quantity.quantity><out_Quantity.quantity>80.557184</out_Quantity.quantity></Point><Point><position>14232</position><in_Quantity.quantity>0.000000</in_Quantity.quantity><out_Quantity.quantity>42.872013</out_Quantity.quantity></Point><Point><position>14233</position><in_Quantity.quantity>0.000000</in_Quantity.quantity><out_Quantity.quantity>492.399597</out_Quantity.quantity></Point><Point><position>14234</position><in_Quantity.quantity>0.000000</in_Quantity.quantity><out_Quantity.quantity>117.441239</out_Quantity.quantity></Point><Point><position>14235</position><in_Quantity.quantity>0.000000</in_Quantity.quantity><out_Quantity.quantity>916.252994</out_Quantity.quantity></Point><Point><position>14236</position><in_Quantity.quantity>0.000000</in_Quantity.quantity><out_Quantity.quantity>845.041806</out_Quantity.quantity></Point><Point><position>14237</position><in_Quantity.quantity>0.000000</in_Quantity.quantity><out_Quantity.quantity>423.962459</out_Quantity.quantity></Point><Point><position>14238</position><in_Quantity.quantity>0.000000</in_Quantity.quantity><out_Quantity.quantity>128.850497</out_Quantity.quantity></Point><Point><position>14239</position><in_Quantity.quantity>0.000000</in_Quantity.quantity><out_Quantity.quantity>216.065243</out_Quantity.quantity></Point><Point><position>14240</position><in_Quantity.quantity>0.000000</in_Quantity.quantity><out_Quantity.quantity>546.729103</out_Quantity.quantity></Point><Point><position>14241</position><in_Quantity.quantity>0.000000</in_Quantity.quantity><out_Quantity.quantity>514.992873</out_Quantity.quantity></Point><Point><position>14242</position><in_Quantity.quantity>0.000000</in_Quantity.quantity><out_Quantity.quantity>194.021305</out_Quantity.quantity></Point><Point><position>14243</position><in_Quantity.quantity>0.000000</in_Quantity.quantity><out_Quantity.quantity>297.555489</out_Quantity.quantity></Point><Point><position>14244</position><in_Quantity.quantity>0.000000</in_Quantity.quantity><out_Quantity.quantity>471.360324</out_Quantity.quantity></Point><Point><position>14245</position><in_Quantity.quantity>0.000000</in_Quantity.quantity><out_Quantity.quantity>401.078793</out_Quantity.quantity></Point><Point><position>14246</position><in_Quantity.quantity>0.000000</in_Quantity.quantity><out_Quantity.quantity>780.880262</out_Quantity.quantity></Point><Point><position>14247</position><in_Quantity.quantity>0.000000</in_Quantity.quantity><out_Quantity.quantity>541.413459</out_Quantity.quantity></Point><Point><position>14248</position><in_Quantity.quantity>0.000000</in_Quantity.quantity><out_Quantity.quantity>28.034153</out_Quantity.quantity></Point><Point><position>14249</position><in_Quantity.quantity>0.000000</in_Quantity.quantity><out_Quantity.quantity>517.530401</out_Quantity.quantity></Point><Point><position>14250</position><in_Quantity.quantity>0.000000</in_Quantity.quantity><out_Quantity.quantity>118.489218</out_Quantity.quantity></Point><Point><position>14251</position><in_Quantity.quantity>0.000000</in_Quantity.quantity><out_Quantity.quantity>775.343202</out_Quantity.quantity></Point><Point><position>14252</position><in_Quantity.quantity>0.000000</in_Quantity.quantity><out_Quantity.quantity>756.419385</out_Quantity.quantity></Point><Point><position>14253</position><in_Quantity.quantity>0.000000</in_Quantity.quantity><out_Quantity.quantity>756.860312</out_Quantity.quantity></Point><Point><position>14254</position><in_Quantity.quantity>0.000000</in_Quantity.quantity><out_Quantity.quantity>173.042718</out_Quantity.quantity></Point><Point><position>14255</position><in_Quantity.quantity>0.000000</in_Quantity.quantity><out_Quantity.quantity>557.523666</out_Quantity.quantity></Point><Point><position>14256</position><in_Quantity.quantity>0.000000</in_Quantity.quantity><out_Quantity.quantity>209.745817</out_Quantity.quantity></Point><Point><position>14257</position><in_Quantity.quantity>0.000000</in_Quantity.quantity><out_Quantity.quantity>706.473727</out_Quantity.quantity></Point><Point><position>14258</position><in_Quantity.quantity>0.000000</in_Quantity.quantity><out_Quantity.quantity>894.174254</out_Quantity.quantity></Point><Point><position>14259</position><in_Quantity.quantity>0.000000</in_Quantity.quantity><out_Quantity.quantity>379.428843</out_Quantity.quantity></Point><Point><position>14260</position><in_Quantity.quantity>0.000000</in_Quantity.quantity><out_Quantity.quantity>328.967442</out_Quantity.quantity></Point><Point><position>14261</position><in_Quantity.quantity>0.000000</in_Quantity.quantity><out_Quantity.quantity>40.999334</out_Quantity.quantity></Point><Point><position>14262</position><in_Quantity.quantity>0.000000</in_Quantity.quantity><out_Quantity.quantity>785.561209</out_Quantity.quantity></Point><Point><position>14263</position><in_Quantity.quantity>0.000000</in_Quantity.quantity><out_Quantity.quantity>270.696950</out_Quantity.quantity></Point><Point><position>14264</position><in_Quantity.quantity>0.000000</in_Quantity.quantity><out_Quantity.quantity>122.784594</out_Quantity.quantity></Point><Point><position>14265</position><in_Quantity.quantity>0.000000</in_Quantity.quantity><out_Quantity.quantity>947.543719</out_Quantity.quantity></Point><Point><position>14266</position><in_Quantity.quantity>0.000000</in_Quantity.quantity><out_Quantity.quantity>749.138951</out_Quantity.quantity></Point><Point><position>14267</position><in_Quantity.quantity>0.000000</in_Quantity.quantity><out_Quantity.quantity>503.042331</out_Quantity.quantity></Point><Point><position>14268</position><in_Quantity.quantity>0.000000</in_Quantity.quantity><out_Quantity.quantity>95.538913</out_Quantity.quantity></Point><Point><position>14269</position><in_Quantity.quantity>0.000000</in_Quantity.quantity><out_Quantity.quantity>566.427589</out_Quantity.quantity></Point><Point><position>14270</position><in_Quantity.quantity>0.000000</in_Quantity.quantity><out_Quantity.quantity>453.925875</out_Quantity.quantity></Point><Point><position>14271</position><in_Quantity.quantity>0.000000</in_Quantity.quantity><out_Quantity.quantity>981.215328</out_Quantity.quantity></Point><Point><position>14272</position><in_Quantity.quantity>0.000000</in_Quantity.quantity><out_Quantity.quantity>660.834633</out_Quantity.quantity></Point><Point><position>14273</position><in_Quantity.quantity>0.000000</in_Quantity.quantity><out_Quantity.quantity>997.432713</out_Quantity.quantity></Point><Point><position>14274</position><in_Quantity.quantity>0.000000</in_Quantity.quantity><out_Quantity.quantity>736.449347</out_Quantity.quantity></Point><Point><position>14275</position><in_Quantity.quantity>0.000000</in_Quantity.quantity><out_Quantity.quantity>471.705959</out_Quantity.quantity></Point><Point><position>14276</position><in_Quantity.quantity>0.000000</in_Quantity.quantity><out_Quantity.quantity>730.259383</out_Quantity.quantity></Point><Point><position>14277</position><in_Quantity.quantity>0.000000</in_Quantity.quantity><out_Quantity.quantity>210.348963</out_Quantity.quantity></Point><Point><position>14278</position><in_Quantity.quantity>0.000000</in_Quantity.quantity><out_Quantity.quantity>674.713982</out_Quantity.quantity></Point><Point><position>14279</position><in_Quantity.quantity>0.000000</in_Quantity.quantity><out_Quantity.quantity>161.427257</out_Quantity.quantity></Point><Point><position>14280</position><in_Quantity.quantity>0.000000</in_Quantity.quantity><out_Quantity.quantity>202.124917</out_Quantity.quantity></Point><Point><position>14281</position><in_Quantity.quantity>0.000000</in_Quantity.quantity><out_Quantity.quantity>161.035261</out_Quantity.quantity></Point><Point><position>14282</position><in_Quantity.quantity>0.000000</in_Quantity.quantity><out_Quantity.quantity>125.039785</out_Quantity.quantity></Point><Point><position>14283</position><in_Quantity.quantity>0.000000</in_Quantity.quantity><out_Quantity.quantity>748.577540</out_Quantity.quantity></Point><Point><position>14284</position><in_Quantity.quantity>0.000000</in_Quantity.quantity><out_Quantity.quantity>773.308404</out_Quantity.quantity></Point><Point><position>14285</position><in_Quantity.quantity>0.000000</in_Quantity.quantity><out_Quantity.quantity>671.009018</out_Quantity.quantity></Point><Point><position>14286</position><in_Quantity.quantity>0.000000</in_Quantity.quantity><out_Quantity.quantity>468.757094</out_Quantity.quantity></Point><Point><position>14287</position><in_Quantity.quantity>0.000000</in_Quantity.quantity><out_Quantity.quantity>577.867406</out_Quantity.quantity></Point><Point><position>14288</position><in_Quantity.quantity>0.000000</in_Quantity.quantity><out_Quantity.quantity>634.626466</out_Quantity.quantity></Point><Point><position>14289</position><in_Quantity.quantity>0.000000</in_Quantity.quantity><out_Quantity.quantity>507.334230</out_Quantity.quantity></Point><Point><position>14290</position><in_Quantity.quantity>0.000000</in_Quantity.quantity><out_Quantity.quantity>855.114130</out_Quantity.quantity></Point><Point><position>14291</position><in_Quantity.quantity>0.000000</in_Quantity.quantity><out_Quantity.quantity>852.960954</out_Quantity.quantity></Point><Point><position>14292</position><in_Quantity.quantity>0.000000</in_Quantity.quantity><out_Quantity.quantity>280.986770</out_Quantity.quantity></Point><Point><position>14293</position><in_Quantity.quantity>0.000000</in_Quantity.quantity><out_Quantity.quantity>912.737402</out_Quantity.quantity></Point><Point><position>14294</position><in_Quantity.quantity>0.000000</in_Quantity.quantity><out_Quantity.quantity>565.951899</out_Quantity.quantity></Point><Point><position>14295</position><in_Quantity.quantity>0.000000</in_Quantity.quantity><out_Quantity.quantity>216.386385</out_Quantity.quantity></Point><Point><position>14296</position><in_Quantity.quantity>0.000000</in_Quantity.quantity><out_Quantity.quantity>185.016514</out_Quantity.quantity></Point><Point><position>14297</position><in_Quantity.quantity>0.000000</in_Quantity.quantity><out_Quantity.quantity>602.201765</out_Quantity.quantity></Point><Point><position>14298</position><in_Quantity.quantity>0.000000</in_Quantity.quantity><out_Quantity.quantity>244.330445</out_Quantity.quantity></Point><Point><position>14299</position><in_Quantity.quantity>0.000000</in_Quantity.quantity><out_Quantity.quantity>769.510345</out_Quantity.quantity></Point><Point><position>14300</position><in_Quantity.quantity>0.000000</in_Quantity.quantity><out_Quantity.quantity>176.879915</out_Quantity.quantity></Point><Point><position>14301</position><in_Quantity.quantity>0.000000</in_Quantity.quantity><out_Quantity.quantity>677.326518</out_Quantity.quantity></Point><Point><position>14302</position><in_Quantity.quantity>0.000000</in_Quantity.quantity><out_Quantity.quantity>404.187708</out_Quantity.quantity></Point><Point><position>14303</position><in_Quantity.quantity>0.000000</in_Quantity.quantity><out_Quantity.quantity>848.961137</out_Quantity.quantity></Point><Point><position>14304</position><in_Quantity.quantity>0.000000</in_Quantity.quantity><out_Quantity.quantity>669.049550</out_Quantity.quantity></Point><Point><position>14305</position><in_Quantity.quantity>0.000000</in_Quantity.quantity><out_Quantity.quantity>164.736523</out_Quantity.quantity></Point><Point><position>14306</position><in_Quantity.quantity>0.000000</in_Quantity.quantity><out_Quantity.quantity>825.026359</out_Quantity.quantity></Point><Point><position>14307</position><in_Quantity.quantity>0.000000</in_Quantity.quantity><out_Quantity.quantity>574.924088</out_Quantity.quantity></Point><Point><position>14308</position><in_Quantity.quantity>0.000000</in_Quantity.quantity><out_Quantity.quantity>427.803180</out_Quantity.quantity></Point><Point><position>14309</position><in_Quantity.quantity>0.000000</in_Quantity.quantity><out_Quantity.quantity>199.493443</out_Quantity.quantity></Point><Point><position>14310</position><in_Quantity.quantity>0.000000</in_Quantity.quantity><out_Quantity.quantity>884.643197</out_Quantity.quantity></Point><Point><position>14311</position><in_Quantity.quantity>0.000000</in_Quantity.quantity><out_Quantity.quantity>134.703402</out_Quantity.quantity></Point><Point><position>14312</position><in_Quantity.quantity>0.000000</in_Quantity.quantity><out_Quantity.quantity>81.465226</out_Quantity.quantity></Point><Point><position>14313</position><in_Quantity.quantity>0.000000</in_Quantity.quantity><out_Quantity.quantity>535.544091</out_Quantity.quantity></Point><Point><position>14314</position><in_Quantity.quantity>0.000000</in_Quantity.quantity><out_Quantity.quantity>945.063420</out_Quantity.quantity></Point><Point><position>14315</position><in_Quantity.quantity>0.000000</in_Quantity.quantity><out_Quantity.quantity>397.362699</out_Quantity.quantity></Point><Point><position>14316</position><in_Quantity.quantity>0.000000</in_Quantity.quantity><out_Quantity.quantity>245.137461</out_Quantity.quantity></Point><Point><position>14317</position><in_Quantity.quantity>0.000000</in_Quantity.quantity><out_Quantity.quantity>757.624713</out_Quantity.quantity></Point><Point><position>14318</position><in_Quantity.quantity>0.000000</in_Quantity.quantity><out_Quantity.quantity>642.840801</out_Quantity.quantity></Point><Point><position>14319</position><in_Quantity.quantity>0.000000</in_Quantity.quantity><out_Quantity.quantity>917.868902</out_Quantity.quantity></Point><Point><position>14320</position><in_Quantity.quantity>0.000000</in_Quantity.quantity><out_Quantity.quantity>162.164633</out_Quantity.quantity></Point><Point><position>14321</position><in_Quantity.quantity>0.000000</in_Quantity.quantity><out_Quantity.quantity>185.287291</out_Quantity.quantity></Point><Point><position>14322</position><in_Quantity.quantity>0.000000</in_Quantity.quantity><out_Quantity.quantity>572.521074</out_Quantity.quantity></Point><Point><position>14323</position><in_Quantity.quantity>0.000000</in_Quantity.quantity><out_Quantity.quantity>799.500952</out_Quantity.quantity></Point><Point><position>14324</position><in_Quantity.quantity>0.000000</in_Quantity.quantity><out_Quantity.quantity>65.800768</out_Quantity.quantity></Point><Point><position>14325</position><in_Quantity.quantity>0.000000</in_Quantity.quantity><out_Quantity.quantity>505.445522</out_Quantity.quantity></Point><Point><position>14326</position><in_Quantity.quantity>0.000000</in_Quantity.quantity><out_Quantity.quantity>484.357106</out_Quantity.quantity></Point><Point><position>14327</position><in_Quantity.quantity>0.000000</in_Quantity.quantity><out_Quantity.quantity>899.916633</out_Quantity.quantity></Point><Point><position>14328</position><in_Quantity.quantity>0.000000</in_Quantity.quantity><out_Quantity.quantity>421.454176</out_Quantity.quantity></Point><Point><position>14329</position><in_Quantity.quantity>0.000000</in_Quantity.quantity><out_Quantity.quantity>92.390033</out_Quantity.quantity></Point><Point><position>14330</position><in_Quantity.quantity>0.000000</in_Quantity.quantity><out_Quantity.quantity>898.693995</out_Quantity.quantity></Point><Point><position>14331</position><in_Quantity.quantity>0.000000</in_Quantity.quantity><out_Quantity.quantity>688.845301</out_Quantity.quantity></Point><Point><position>14332</position><in_Quantity.quantity>0.000000</in_Quantity.quantity><out_Quantity.quantity>459.430043</out_Quantity.quantity></Point><Point><position>14333</position><in_Quantity.quantity>0.000000</in_Quantity.quantity><out_Quantity.quantity>445.324825</out_Quantity.quantity></Point><Point><position>14334</position><in_Quantity.quantity>0.000000</in_Quantity.quantity><out_Quantity.quantity>277.491900</out_Quantity.quantity></Point><Point><position>14335</position><in_Quantity.quantity>0.000000</in_Quantity.quantity><out_Quantity.quantity>803.196386</out_Quantity.quantity></Point><Point><position>14336</position><in_Quantity.quantity>0.000000</in_Quantity.quantity><out_Quantity.quantity>874.004830</out_Quantity.quantity></Point><Point><position>14337</position><in_Quantity.quantity>0.000000</in_Quantity.quantity><out_Quantity.quantity>320.118312</out_Quantity.quantity></Point><Point><position>14338</position><in_Quantity.quantity>0.000000</in_Quantity.quantity><out_Quantity.quantity>545.059706</out_Quantity.quantity></Point><Point><position>14339</position><in_Quantity.quantity>0.000000</in_Quantity.quantity><out_Quantity.quantity>825.616455</out_Quantity.quantity></Point><Point><position>14340</position><in_Quantity.quantity>0.000000</in_Quantity.quantity><out_Quantity.quantity>866.788950</out_Quantity.quantity></Point><Point><position>14341</position><in_Quantity.quantity>0.000000</in_Quantity.quantity><out_Quantity.quantity>444.265942</out_Quantity.quantity></Point><Point><position>14342</position><in_Quantity.quantity>0.000000</in_Quantity.quantity><out_Quantity.quantity>342.678552</out_Quantity.quantity></Point><Point><position>14343</position><in_Quantity.quantity>0.000000</in_Quantity.quantity><out_Quantity.quantity>721.325569</out_Quantity.quantity></Point><Point><position>14344</position><in_Quantity.quantity>0.000000</in_Quantity.quantity><out_Quantity.quantity>83.832586</out_Quantity.quantity></Point><Point><position>14345</position><in_Quantity.quantity>0.000000</in_Quantity.quantity><out_Quantity.quantity>385.576451</out_Quantity.quantity></Point><Point><position>14346</position><in_Quantity.quantity>0.000000</in_Quantity.quantity><out_Quantity.quantity>825.845589</out_Quantity.quantity></Point><Point><position>14347</position><in_Quantity.quantity>0.000000</in_Quantity.quantity><out_Quantity.quantity>214.618602</out_Quantity.quantity></Point><Point><position>14348</position><in_Quantity.quantity>0.000000</in_Quantity.quantity><out_Quantity.quantity>374.202986</out_Quantity.quantity></Point><Point><position>14349</position><in_Quantity.quantity>0.000000</in_Quantity.quantity><out_Quantity.quantity>758.564016</out_Quantity.quantity></Point><Point><position>14350</position><in_Quantity.quantity>0.000000</in_Quantity.quantity><out_Quantity.quantity>513.697967</out_Quantity.quantity></Point><Point><position>14351</position><in_Quantity.quantity>0.000000</in_Quantity.quantity><out_Quantity.quantity>640.091569</out_Quantity.quantity></Point><Point><position>14352</position><in_Quantity.quantity>0.000000</in_Quantity.quantity><out_Quantity.quantity>184.606591</out_Quantity.quantity></Point><Point><position>14353</position><in_Quantity.quantity>0.000000</in_Quantity.quantity><out_Quantity.quantity>502.670582</out_Quantity.quantity></Point><Point><position>14354</position><in_Quantity.quantity>0.000000</in_Quantity.quantity><out_Quantity.quantity>372.566601</out_Quantity.quantity></Point><Point><position>14355</position><in_Quantity.quantity>0.000000</in_Quantity.quantity><out_Quantity.quantity>180.696777</out_Quantity.quantity></Point><Point><position>14356</position><in_Quantity.quantity>0.000000</in_Quantity.quantity><out_Quantity.quantity>935.763512</out_Quantity.quantity></Point><Point><position>14357</position><in_Quantity.quantity>0.000000</in_Quantity.quantity><out_Quantity.quantity>651.307832</out_Quantity.quantity></Point><Point><position>14358</position><in_Quantity.quantity>0.000000</in_Quantity.quantity><out_Quantity.quantity>922.484374</out_Quantity.quantity></Point><Point><position>14359</position><in_Quantity.quantity>0.000000</in_Quantity.quantity><out_Quantity.quantity>174.236711</out_Quantity.quantity></Point><Point><position>14360</position><in_Quantity.quantity>0.000000</in_Quantity.quantity><out_Quantity.quantity>932.481959</out_Quantity.quantity></Point><Point><position>14361</position><in_Quantity.quantity>0.000000</in_Quantity.quantity><out_Quantity.quantity>340.850180</out_Quantity.quantity></Point><Point><position>14362</position><in_Quantity.quantity>0.000000</in_Quantity.quantity><out_Quantity.quantity>261.844853</out_Quantity.quantity></Point><Point><position>14363</position><in_Quantity.quantity>0.000000</in_Quantity.quantity><out_Quantity.quantity>955.665900</out_Quantity.quantity></Point><Point><position>14364</position><in_Quantity.quantity>0.000000</in_Quantity.quantity><out_Quantity.quantity>767.036029</out_Quantity.quantity></Point><Point><position>14365</position><in_Quantity.quantity>0.000000</in_Quantity.quantity><out_Quantity.quantity>87.729265</out_Quantity.quantity></Point><Point><position>14366</position><in_Quantity.quantity>0.000000</in_Quantity.quantity><out_Quantity.quantity>158.239830</out_Quantity.quantity></Point><Point><position>14367</position><in_Quantity.quantity>0.000000</in_Quantity.quantity><out_Quantity.quantity>80.033853</out_Quantity.quantity></Point><Point><position>14368</position><in_Quantity.quantity>0.000000</in_Quantity.quantity><out_Quantity.quantity>777.414954</out_Quantity.quantity></Point><Point><position>14369</position><in_Quantity.quantity>0.000000</in_Quantity.quantity><out_Quantity.quantity>654.578680</out_Quantity.quantity></Point><Point><position>14370</position><in_Quantity.quantity>0.000000</in_Quantity.quantity><out_Quantity.quantity>971.956590</out_Quantity.quantity></Point><Point><position>14371</position><in_Quantity.quantity>0.000000</in_Quantity.quantity><out_Quantity.quantity>701.464976</out_Quantity.quantity></Point><Point><position>14372</position><in_Quantity.quantity>0.000000</in_Quantity.quantity><out_Quantity.quantity>638.908202</out_Quantity.quantity></Point><Point><position>14373</position><in_Quantity.quantity>0.000000</in_Quantity.quantity><out_Quantity.quantity>879.405212</out_Quantity.quantity></Point><Point><position>14374</position><in_Quantity.quantity>0.000000</in_Quantity.quantity><out_Quantity.quantity>139.986260</out_Quantity.quantity></Point><Point><position>14375</position><in_Quantity.quantity>0.000000</in_Quantity.quantity><out_Quantity.quantity>831.569176</out_Quantity.quantity></Point><Point><position>14376</position><in_Quantity.quantity>0.000000</in_Quantity.quantity><out_Quantity.quantity>572.160414</out_Quantity.quantity></Point><Point><position>14377</position><in_Quantity.quantity>0.000000</in_Quantity.quantity><out_Quantity.quantity>77.885273</out_Quantity.quantity></Point><Point><position>14378</position><in_Quantity.quantity>0.000000</in_Quantity.quantity><out_Quantity.quantity>285.931478</out_Quantity.quantity></Point><Point><position>14379</position><in_Quantity.quantity>0.000000</in_Quantity.quantity><out_Quantity.quantity>406.134891</out_Quantity.quantity></Point><Point><position>14380</position><in_Quantity.quantity>0.000000</in_Quantity.quantity><out_Quantity.quantity>456.708881</out_Quantity.quantity></Point><Point><position>14381</position><in_Quantity.quantity>0.000000</in_Quantity.quantity><out_Quantity.quantity>480.506309</out_Quantity.quantity></Point><Point><position>14382</position><in_Quantity.quantity>0.000000</in_Quantity.quantity><out_Quantity.quantity>679.131973</out_Quantity.quantity></Point><Point><position>14383</position><in_Quantity.quantity>0.000000</in_Quantity.quantity><out_Quantity.quantity>829.449096</out_Quantity.quantity></Point><Point><position>14384</position><in_Quantity.quantity>0.000000</in_Quantity.quantity><out_Quantity.quantity>788.487804</out_Quantity.quantity></Point><Point><position>14385</position><in_Quantity.quantity>0.000000</in_Quantity.quantity><out_Quantity.quantity>395.853443</out_Quantity.quantity></Point><Point><position>14386</position><in_Quantity.quantity>0.000000</in_Quantity.quantity><out_Quantity.quantity>404.584402</out_Quantity.quantity></Point><Point><position>14387</position><in_Quantity.quantity>0.000000</in_Quantity.quantity><out_Quantity.quantity>757.210644</out_Quantity.quantity></Point><Point><position>14388</position><in_Quantity.quantity>0.000000</in_Quantity.quantity><out_Quantity.quantity>234.842322</out_Quantity.quantity></Point><Point><position>14389</position><in_Quantity.quantity>0.000000</in_Quantity.quantity><out_Quantity.quantity>133.066847</out_Quantity.quantity></Point><Point><position>14390</position><in_Quantity.quantity>0.000000</in_Quantity.quantity><out_Quantity.quantity>89.538703</out_Quantity.quantity></Point><Point><position>14391</position><in_Quantity.quantity>0.000000</in_Quantity.quantity><out_Quantity.quantity>779.027401</out_Quantity.quantity></Point><Point><position>14392</position><in_Quantity.quantity>0.000000</in_Quantity.quantity><out_Quantity.quantity>797.901903</out_Quantity.quantity></Point><Point><position>14393</position><in_Quantity.quantity>0.000000</in_Quantity.quantity><out_Quantity.quantity>566.942303</out_Quantity.quantity></Point><Point><position>14394</position><in_Quantity.quantity>0.000000</in_Quantity.quantity><out_Quantity.quantity>612.782091</out_Quantity.quantity></Point><Point><position>14395</position><in_Quantity.quantity>0.000000</in_Quantity.quantity><out_Quantity.quantity>639.976060</out_Quantity.quantity></Point><Point><position>14396</position><in_Quantity.quantity>0.000000</in_Quantity.quantity><out_Quantity.quantity>287.689488</out_Quantity.quantity></Point><Point><position>14397</position><in_Quantity.quantity>0.000000</in_Quantity.quantity><out_Quantity.quantity>375.279420</out_Quantity.quantity></Point><Point><position>14398</position><in_Quantity.quantity>0.000000</in_Quantity.quantity><out_Quantity.quantity>908.967434</out_Quantity.quantity></Point><Point><position>14399</position><in_Quantity.quantity>0.000000</in_Quantity.quantity><out_Quantity.quantity>163.157508</out_Quantity.quantity></Point><Point><position>14400</position><in_Quantity.quantity>0.000000</in_Quantity.quantity><out_Quantity.quantity>662.688619</out_Quantity.quantity></Point></Period></TimeSeries></EnergyAccount_MarketDocument></soapenv:Body>
</soapenv:Envelope>
