<?xml version="1.0"?>
<soapenv:Envelope xmlns:soapenv="http://schemas.xmlsoap.org/soap/envelope/" xmlns:wsse="http://docs.oasis-open.org/wss/2004/01/oasis-200401-wss-wssecurity-secext-1.0.xsd" xmlns:wsu="http://docs.oasis-open.org/wss/2004/01/oasis-200401-wss-wssecurity-utility-1.0.xsd">
  <soapenv:Header>
    <MessageAddressing xmlns="http://sys.svc.tennet.nl/MMCHub/Header/v1">
      <technicalMessageId>127c14af-1640-4e53-b182-b43b1688d14d</technicalMessageId>
      <correlationId>127c14af-1640-4e53-b182-b43b1688d14d</correlationId>
      <senderId>8719333027500</senderId>
      <receiverId>8716867999983</receiverId>
      <carrierId>8719333027500</carrierId>
      <contentType>ACTIVATED_FCR</contentType>
    </MessageAddressing>
  <wsse:Security soapenv:mustUnderstand="1"><wsse:BinarySecurityToken EncodingType="http://docs.oasis-open.org/wss/2004/01/oasis-200401-wss-soap-message-security-1.0#Base64Binary" wsu:Id="pfxe2f47f89-7144-4f32-e9f1-9e88b5c43c62" ValueType="http://docs.oasis-open.org/wss/2004/01/oasis-200401-wss-x509-token-profile-1.0#X509v3">MIIGNjCCBB6gAwIBAgIQAjudA9L/gOg5IBSTwOERjjANBgkqhkiG9w0BAQsFADBiMQswCQYDVQQGEwJVUzEXMBUGA1UEChMORGlnaUNlcnQsIEluYy4xOjA4BgNVBAMTMURpZ2lDZXJ0IEFzc3VyZWQgRzIgU01JTUUgUlNBNDA5NiBTSEEzODQgMjAyNCBDQTEwHhcNMjUwMTMwMDAwMDAwWhcNMjgwMTI5MjM1OTU5WjBsMRcwFQYDVQRhEw5OVFJOTC03MzEwMjQzMTELMAkGA1UEBhMCTkwxDzANBgNVBAcTBlZlZ2hlbDEUMBIGA1UEChMLQ292b2x0IEIuVi4xHTAbBgNVBAMMFHNlcnZpY2UtbmxAY292b2x0LmV1MIIBIjANBgkqhkiG9w0BAQEFAAOCAQ8AMIIBCgKCAQEA3668ejzvq08G4a4Qv1b0RqkGeKYa44ZAby9hr4n4xUkDo2THUjFku68YBLpqnl3FgA8utdQWX+YAYArsJzZ2cMolIDWw1A9ykItXwE+rNt1npVVlPonFSd7WPm0+20m9xwd3P16gSVHbjiUq/8J1en5zCGkTCgK6x7tyEbceMEwnRWHgxlqaRT2zYcDb3YkeC2pNyPKWXQvhV82br7+ZT2tVZ0Jz7PDPysR8ndIg5yjhNkaG+SHC4nzd/uLvkWGxkRafeqBWMS5NLPhxE4DQQUFWMOxTnwWy3KEr+qkOFhgMZEBmV1K06aZR1Au1Ih8ymW31r4RfcMi2ZxMvYFPTdwIDAQABo4IB3DCCAdgwHwYDVR0jBBgwFoAU95uiTtOXxfQ0D0MOgYXOkZMyr/kwHQYDVR0OBBYEFLgTYirHqTnZxKHMXW3GD6Hz8IvEMB8GA1UdEQQYMBaBFHNlcnZpY2UtbmxAY292b2x0LmV1MBQGA1UdIAQNMAswCQYHZ4EMAQUDATAOBgNVHQ8BAf8EBAMCB4AwEwYDVR0lBAwwCgYIKwYBBQUHAwQwgakGA1UdHwSBoTCBnjBNoEugSYZHaHR0cDovL2NybDMuZGlnaWNlcnQuY29tL0RpZ2lDZXJ0QXNzdXJlZEcyU01JTUVSU0E0MDk2U0hBMzg0MjAyNENBMS5jcmwwTaBLoEmGR2h0dHA6Ly9jcmw0LmRpZ2ljZXJ0LmNvbS9EaWdpQ2VydEFzc3VyZWRHMlNNSU1FUlNBNDA5NlNIQTM4NDIwMjRDQTEuY3JsMIGNBggrBgEFBQcBAQSBgDB+MCQGCCsGAQUFBzABhhhodHRwOi8vb2NzcC5kaWdpY2VydC5jb20wVgYIKwYBBQUHMAKGSmh0dHA6Ly9jYWNlcnRzLmRpZ2ljZXJ0LmNvbS9EaWdpQ2VydEFzc3VyZWRHMlNNSU1FUlNBNDA5NlNIQTM4NDIwMjRDQTEuY3J0MA0GCSqGSIb3DQEBCwUAA4ICAQAU0bQs5wwskLLuJwD5f0Cgn2Rgolk1p6ZqeGpZNpUcgDvR7ZRdtOc+jGPVqHTX+mpxw0HTUMVw29xTTd76kQkvFnZB4V9oGuyB8sRhMMYKC4fcucD7dZT4KuPaiK3amomF7Em92SMIE0qQxGish2NaEyctNqpCoPj22nJDvGTz6jyjNb8z7tn+FXTuIScIUnQyoKrWyvsknK6FV8ApaHpcDAWRrTAqTVjik9JOKkb6uzPAt+V60I+DTBjMqhimpEpwbGV6ksW3BJV58gBkICRxMT2AJM8wB8ZWRogG/AYV+csPeLNhi6CTbfe6rWaNw4sYYaDQnF2IgdCtZB4S8ktDXMWs3W4nY6wJM3fcWOTag3WiG/WetPobSSK2Vl4RPp57Po+eMW7QaiB83W2FVaVDUstS8DfBym7AgIxThT/v/B+W9T1nOfwSd9HTMcprYghMHxsBe50nTOUimSeOQxbWfH9u8O7TVMkVlu3nj49Xrc1Bw74FJ+pYSeuSUwiJkDqjay44za3m4zfncgwfN7cWbI2WCOqSH2wggy8LNmXg65m1r1axVjzTU0iwDQ6UO4smO6bv9VuLic9wP/dPmG3qERvE+kIYcT4UjpyRyMX+MYcw+xbcm/+q4QSNIVvWR8j+L1rkT63sm9j7XgfC/N7ZIuY+Slptf8QMqc8zt5l1Yg==</wsse:BinarySecurityToken><ds:Signature xmlns:ds="http://www.w3.org/2000/09/xmldsig#">
  <ds:SignedInfo><ds:CanonicalizationMethod Algorithm="http://www.w3.org/2001/10/xml-exc-c14n#"/>
    <ds:SignatureMethod Algorithm="http://www.w3.org/2001/04/xmldsig-more#rsa-sha256"/>
  <ds:Reference URI="#pfxb7cbdf91-de7e-d3bb-b1a8-e33a3e9b5d28"><ds:Transforms><ds:Transform Algorithm="http://www.w3.org/2001/10/xml-exc-c14n#"/></ds:Transforms><ds:DigestMethod Algorithm="http://www.w3.org/2000/09/xmldsig#sha1"/><ds:DigestValue>FPYfW/K0usjgjJ0a3TgNLX8dWgM=</ds:DigestValue></ds:Reference></ds:SignedInfo><ds:SignatureValue>ZZ6guEou1f/u8Mp5uqtPu34ID6ng5vzHZm8mkOSYFs2+jpr8e6pOZ32Hl3nmey6xuztimmVZNTTxEwXQi/0RQHYcBY8yR1rmjnwNZqW6XsbOWQZ+R3MgjF51/2+b4bHTPZLDgHgpbQcFWyedsgeS7RzX7NBAR9W0WcKdoIYaNgVPIYMuLG/GZDXAk2KGD+yUn2dqKf+gb54nTaTILThFE16Dnf7XvSMUgt/T2bFbbTbX9W9nFOf1ZEUYrKIES3OkqrzJWR+o72Th8B1UMN4Ts5sGqYTS/oUd/KtAiB9MROmTI1cdf38y2p2zESZWr3MmpiceMToz+gZsFxVY8oYciw==</ds:SignatureValue>
<ds:KeyInfo><wsse:SecurityTokenReference><wsse:Reference ValueType="http://docs.oasis-open.org/wss/2004/01/oasis-200401-wss-x509-token-profile-1.0#X509v3" URI="#pfxe2f47f89-7144-4f32-e9f1-9e88b5c43c62"/></wsse:SecurityTokenReference></ds:KeyInfo></ds:Signature></wsse:Security></soapenv:Header>
  <soapenv:Body wsu:Id="pfxb7cbdf91-de7e-d3bb-b1a8-e33a3e9b5d28"><EnergyAccount_MarketDocument xmlns="urn:iec62325.351:tc57wg16:451-4:energyaccountdocument:4:0"><mRID>DOC-FCR-19062025-5A-0001</mRID><revisionNumber>1</revisionNumber><type>A45</type><docStatus><value>A07</value></docStatus><process.processType>A28</process.processType><process.classificationType>A02</process.classificationType><sender_MarketParticipant.mRID codingScheme="A10">8719333027500</sender_MarketParticipant.mRID><sender_MarketParticipant.marketRole.type>A12</sender_MarketParticipant.marketRole.type><receiver_MarketParticipant.mRID codingScheme="A10">8716867999983</receiver_MarketParticipant.mRID><receiver_MarketParticipant.marketRole.type>A04</receiver_MarketParticipant.marketRole.type><createdDateTime>2025-06-19T05:00:00Z</createdDateTime><period.timeInterval><start>2025-06-17T22:00Z</start><end>2025-06-18T22:00Z</end></period.timeInterval><TimeSeries><mRID>TS-20250618-01</mRID><businessType>A11</businessType><product>8716867000016</product><objectAggregation>A02</objectAggregation><area_Domain.mRID codingScheme="A01">10YNL----------L</area_Domain.mRID><measure_Unit.name>MAW</measure_Unit.name><currency_Unit.name>EUR</currency_Unit.name><marketEvaluationPoint.mRID codingScheme="A01">871687910000500037</marketEvaluationPoint.mRID><Period><timeInterval><start>2025-06-17T22:00Z</start><end>2025-06-18T02:00Z</end></timeInterval><resolution>PT1S</resolution><Point><position>1</position><in_Quantity.quantity>0.000000</in_Quantity.quantity><out_Quantity.quantity>721.201627</out_Quantity.quantity></Point><Point><position>2</position><in_Quantity.quantity>0.000000</in_Quantity.quantity><out_Quantity.quantity>870.651207</out_Quantity.quantity></Point><Point><position>3</position><in_Quantity.quantity>0.000000</in_Quantity.quantity><out_Quantity.quantity>90.385528</out_Quantity.quantity></Point><Point><position>4</position><in_Quantity.quantity>0.000000</in_Quantity.quantity><out_Quantity.quantity>425.255293</out_Quantity.quantity></Point><Point><position>5</position><in_Quantity.quantity>0.000000</in_Quantity.quantity><out_Quantity.quantity>463.069216</out_Quantity.quantity></Point><Point><position>6</position><in_Quantity.quantity>0.000000</in_Quantity.quantity><out_Quantity.quantity>208.998515</out_Quantity.quantity></Point><Point><position>7</position><in_Quantity.quantity>0.000000</in_Quantity.quantity><out_Quantity.quantity>613.095021</out_Quantity.quantity></Point><Point><position>8</position><in_Quantity.quantity>0.000000</in_Quantity.quantity><out_Quantity.quantity>416.437791</out_Quantity.quantity></Point><Point><position>9</position><in_Quantity.quantity>0.000000</in_Quantity.quantity><out_Quantity.quantity>637.730661</out_Quantity.quantity></Point><Point><position>10</position><in_Quantity.quantity>0.000000</in_Quantity.quantity><out_Quantity.quantity>118.116425</out_Quantity.quantity></Point><Point><position>11</position><in_Quantity.quantity>0.000000</in_Quantity.quantity><out_Quantity.quantity>637.827899</out_Quantity.quantity></Point><Point><position>12</position><in_Quantity.quantity>0.000000</in_Quantity.quantity><out_Quantity.quantity>232.319488</out_Quantity.quantity></Point><Point><position>13</position><in_Quantity.quantity>0.000000</in_Quantity.quantity><out_Quantity.quantity>460.408524</out_Quantity.quantity></Point><Point><position>14</position><in_Quantity.quantity>0.000000</in_Quantity.quantity><out_Quantity.quantity>381.322698</out_Quantity.quantity></Point><Point><position>15</position><in_Quantity.quantity>0.000000</in_Quantity.quantity><out_Quantity.quantity>654.554093</out_Quantity.quantity></Point><Point><position>16</position><in_Quantity.quantity>0.000000</in_Quantity.quantity><out_Quantity.quantity>482.411023</out_Quantity.quantity></Point><Point><position>17</position><in_Quantity.quantity>0.000000</in_Quantity.quantity><out_Quantity.quantity>581.241963</out_Quantity.quantity></Point><Point><position>18</position><in_Quantity.quantity>0.000000</in_Quantity.quantity><out_Quantity.quantity>307.740058</out_Quantity.quantity></Point><Point><position>19</position><in_Quantity.quantity>0.000000</in_Quantity.quantity><out_Quantity.quantity>636.234667</out_Quantity.quantity></Point><Point><position>20</position><in_Quantity.quantity>0.000000</in_Quantity.quantity><out_Quantity.quantity>881.944900</out_Quantity.quantity></Point><Point><position>21</position><in_Quantity.quantity>0.000000</in_Quantity.quantity><out_Quantity.quantity>610.100328</out_Quantity.quantity></Point><Point><position>22</position><in_Quantity.quantity>0.000000</in_Quantity.quantity><out_Quantity.quantity>421.016478</out_Quantity.quantity></Point><Point><position>23</position><in_Quantity.quantity>0.000000</in_Quantity.quantity><out_Quantity.quantity>604.430646</out_Quantity.quantity></Point><Point><position>24</position><in_Quantity.quantity>0.000000</in_Quantity.quantity><out_Quantity.quantity>268.714765</out_Quantity.quantity></Point><Point><position>25</position><in_Quantity.quantity>0.000000</in_Quantity.quantity><out_Quantity.quantity>941.156809</out_Quantity.quantity></Point><Point><position>26</position><in_Quantity.quantity>0.000000</in_Quantity.quantity><out_Quantity.quantity>671.845677</out_Quantity.quantity></Point><Point><position>27</position><in_Quantity.quantity>0.000000</in_Quantity.quantity><out_Quantity.quantity>598.017313</out_Quantity.quantity></Point><Point><position>28</position><in_Quantity.quantity>0.000000</in_Quantity.quantity><out_Quantity.quantity>60.798319</out_Quantity.quantity></Point><Point><position>29</position><in_Quantity.quantity>0.000000</in_Quantity.quantity><out_Quantity.quantity>534.019029</out_Quantity.quantity></Point><Point><position>30</position><in_Quantity.quantity>0.000000</in_Quantity.quantity><out_Quantity.quantity>204.523158</out_Quantity.quantity></Point><Point><position>31</position><in_Quantity.quantity>0.000000</in_Quantity.quantity><out_Quantity.quantity>10.270435</out_Quantity.quantity></Point><Point><position>32</position><in_Quantity.quantity>0.000000</in_Quantity.quantity><out_Quantity.quantity>953.134315</out_Quantity.quantity></Point><Point><position>33</position><in_Quantity.quantity>0.000000</in_Quantity.quantity><out_Quantity.quantity>171.553704</out_Quantity.quantity></Point><Point><position>34</position><in_Quantity.quantity>0.000000</in_Quantity.quantity><out_Quantity.quantity>262.458444</out_Quantity.quantity></Point><Point><position>35</position><in_Quantity.quantity>0.000000</in_Quantity.quantity><out_Quantity.quantity>106.104058</out_Quantity.quantity></Point><Point><position>36</position><in_Quantity.quantity>0.000000</in_Quantity.quantity><out_Quantity.quantity>56.239047</out_Quantity.quantity></Point><Point><position>37</position><in_Quantity.quantity>0.000000</in_Quantity.quantity><out_Quantity.quantity>925.907457</out_Quantity.quantity></Point><Point><position>38</position><in_Quantity.quantity>0.000000</in_Quantity.quantity><out_Quantity.quantity>50.734066</out_Quantity.quantity></Point><Point><position>39</position><in_Quantity.quantity>0.000000</in_Quantity.quantity><out_Quantity.quantity>808.003061</out_Quantity.quantity></Point><Point><position>40</position><in_Quantity.quantity>0.000000</in_Quantity.quantity><out_Quantity.quantity>95.965020</out_Quantity.quantity></Point><Point><position>41</position><in_Quantity.quantity>0.000000</in_Quantity.quantity><out_Quantity.quantity>658.788724</out_Quantity.quantity></Point><Point><position>42</position><in_Quantity.quantity>0.000000</in_Quantity.quantity><out_Quantity.quantity>725.430338</out_Quantity.quantity></Point><Point><position>43</position><in_Quantity.quantity>0.000000</in_Quantity.quantity><out_Quantity.quantity>351.906006</out_Quantity.quantity></Point><Point><position>44</position><in_Quantity.quantity>0.000000</in_Quantity.quantity><out_Quantity.quantity>104.703644</out_Quantity.quantity></Point><Point><position>45</position><in_Quantity.quantity>0.000000</in_Quantity.quantity><out_Quantity.quantity>258.330041</out_Quantity.quantity></Point><Point><position>46</position><in_Quantity.quantity>0.000000</in_Quantity.quantity><out_Quantity.quantity>818.084297</out_Quantity.quantity></Point><Point><position>47</position><in_Quantity.quantity>0.000000</in_Quantity.quantity><out_Quantity.quantity>391.962844</out_Quantity.quantity></Point><Point><position>48</position><in_Quantity.quantity>0.000000</in_Quantity.quantity><out_Quantity.quantity>530.755493</out_Quantity.quantity></Point><Point><position>49</position><in_Quantity.quantity>0.000000</in_Quantity.quantity><out_Quantity.quantity>772.010398</out_Quantity.quantity></Point><Point><position>50</position><in_Quantity.quantity>0.000000</in_Quantity.quantity><out_Quantity.quantity>929.256545</out_Quantity.quantity></Point><Point><position>51</position><in_Quantity.quantity>0.000000</in_Quantity.quantity><out_Quantity.quantity>937.440452</out_Quantity.quantity></Point><Point><position>52</position><in_Quantity.quantity>0.000000</in_Quantity.quantity><out_Quantity.quantity>447.093366</out_Quantity.quantity></Point><Point><position>53</position><in_Quantity.quantity>0.000000</in_Quantity.quantity><out_Quantity.quantity>943.735766</out_Quantity.quantity></Point><Point><position>54</position><in_Quantity.quantity>0.000000</in_Quantity.quantity><out_Quantity.quantity>935.172935</out_Quantity.quantity></Point><Point><position>55</position><in_Quantity.quantity>0.000000</in_Quantity.quantity><out_Quantity.quantity>374.620338</out_Quantity.quantity></Point><Point><position>56</position><in_Quantity.quantity>0.000000</in_Quantity.quantity><out_Quantity.quantity>60.373035</out_Quantity.quantity></Point><Point><position>57</position><in_Quantity.quantity>0.000000</in_Quantity.quantity><out_Quantity.quantity>123.933657</out_Quantity.quantity></Point><Point><position>58</position><in_Quantity.quantity>0.000000</in_Quantity.quantity><out_Quantity.quantity>6.684784</out_Quantity.quantity></Point><Point><position>59</position><in_Quantity.quantity>0.000000</in_Quantity.quantity><out_Quantity.quantity>286.340399</out_Quantity.quantity></Point><Point><position>60</position><in_Quantity.quantity>0.000000</in_Quantity.quantity><out_Quantity.quantity>334.493972</out_Quantity.quantity></Point><Point><position>61</position><in_Quantity.quantity>0.000000</in_Quantity.quantity><out_Quantity.quantity>662.738557</out_Quantity.quantity></Point><Point><position>62</position><in_Quantity.quantity>0.000000</in_Quantity.quantity><out_Quantity.quantity>461.911997</out_Quantity.quantity></Point><Point><position>63</position><in_Quantity.quantity>0.000000</in_Quantity.quantity><out_Quantity.quantity>938.900423</out_Quantity.quantity></Point><Point><position>64</position><in_Quantity.quantity>0.000000</in_Quantity.quantity><out_Quantity.quantity>388.163300</out_Quantity.quantity></Point><Point><position>65</position><in_Quantity.quantity>0.000000</in_Quantity.quantity><out_Quantity.quantity>67.015030</out_Quantity.quantity></Point><Point><position>66</position><in_Quantity.quantity>0.000000</in_Quantity.quantity><out_Quantity.quantity>972.141372</out_Quantity.quantity></Point><Point><position>67</position><in_Quantity.quantity>0.000000</in_Quantity.quantity><out_Quantity.quantity>863.902356</out_Quantity.quantity></Point><Point><position>68</position><in_Quantity.quantity>0.000000</in_Quantity.quantity><out_Quantity.quantity>277.335153</out_Quantity.quantity></Point><Point><position>69</position><in_Quantity.quantity>0.000000</in_Quantity.quantity><out_Quantity.quantity>997.624243</out_Quantity.quantity></Point><Point><position>70</position><in_Quantity.quantity>0.000000</in_Quantity.quantity><out_Quantity.quantity>818.907011</out_Quantity.quantity></Point><Point><position>71</position><in_Quantity.quantity>0.000000</in_Quantity.quantity><out_Quantity.quantity>507.096135</out_Quantity.quantity></Point><Point><position>72</position><in_Quantity.quantity>0.000000</in_Quantity.quantity><out_Quantity.quantity>534.316275</out_Quantity.quantity></Point><Point><position>73</position><in_Quantity.quantity>0.000000</in_Quantity.quantity><out_Quantity.quantity>496.235441</out_Quantity.quantity></Point><Point><position>74</position><in_Quantity.quantity>0.000000</in_Quantity.quantity><out_Quantity.quantity>75.738299</out_Quantity.quantity></Point><Point><position>75</position><in_Quantity.quantity>0.000000</in_Quantity.quantity><out_Quantity.quantity>725.070599</out_Quantity.quantity></Point><Point><position>76</position><in_Quantity.quantity>0.000000</in_Quantity.quantity><out_Quantity.quantity>401.171505</out_Quantity.quantity></Point><Point><position>77</position><in_Quantity.quantity>0.000000</in_Quantity.quantity><out_Quantity.quantity>868.234553</out_Quantity.quantity></Point><Point><position>78</position><in_Quantity.quantity>0.000000</in_Quantity.quantity><out_Quantity.quantity>70.949641</out_Quantity.quantity></Point><Point><position>79</position><in_Quantity.quantity>0.000000</in_Quantity.quantity><out_Quantity.quantity>429.770020</out_Quantity.quantity></Point><Point><position>80</position><in_Quantity.quantity>0.000000</in_Quantity.quantity><out_Quantity.quantity>114.490876</out_Quantity.quantity></Point><Point><position>81</position><in_Quantity.quantity>0.000000</in_Quantity.quantity><out_Quantity.quantity>535.658052</out_Quantity.quantity></Point><Point><position>82</position><in_Quantity.quantity>0.000000</in_Quantity.quantity><out_Quantity.quantity>264.323990</out_Quantity.quantity></Point><Point><position>83</position><in_Quantity.quantity>0.000000</in_Quantity.quantity><out_Quantity.quantity>306.480795</out_Quantity.quantity></Point><Point><position>84</position><in_Quantity.quantity>0.000000</in_Quantity.quantity><out_Quantity.quantity>793.627500</out_Quantity.quantity></Point><Point><position>85</position><in_Quantity.quantity>0.000000</in_Quantity.quantity><out_Quantity.quantity>438.899426</out_Quantity.quantity></Point><Point><position>86</position><in_Quantity.quantity>0.000000</in_Quantity.quantity><out_Quantity.quantity>145.236844</out_Quantity.quantity></Point><Point><position>87</position><in_Quantity.quantity>0.000000</in_Quantity.quantity><out_Quantity.quantity>948.868784</out_Quantity.quantity></Point><Point><position>88</position><in_Quantity.quantity>0.000000</in_Quantity.quantity><out_Quantity.quantity>281.178750</out_Quantity.quantity></Point><Point><position>89</position><in_Quantity.quantity>0.000000</in_Quantity.quantity><out_Quantity.quantity>172.545184</out_Quantity.quantity></Point><Point><position>90</position><in_Quantity.quantity>0.000000</in_Quantity.quantity><out_Quantity.quantity>33.800749</out_Quantity.quantity></Point><Point><position>91</position><in_Quantity.quantity>0.000000</in_Quantity.quantity><out_Quantity.quantity>527.500804</out_Quantity.quantity></Point><Point><position>92</position><in_Quantity.quantity>0.000000</in_Quantity.quantity><out_Quantity.quantity>185.358530</out_Quantity.quantity></Point><Point><position>93</position><in_Quantity.quantity>0.000000</in_Quantity.quantity><out_Quantity.quantity>122.168634</out_Quantity.quantity></Point><Point><position>94</position><in_Quantity.quantity>0.000000</in_Quantity.quantity><out_Quantity.quantity>709.582149</out_Quantity.quantity></Point><Point><position>95</position><in_Quantity.quantity>0.000000</in_Quantity.quantity><out_Quantity.quantity>534.260920</out_Quantity.quantity></Point><Point><position>96</position><in_Quantity.quantity>0.000000</in_Quantity.quantity><out_Quantity.quantity>985.993953</out_Quantity.quantity></Point><Point><position>97</position><in_Quantity.quantity>0.000000</in_Quantity.quantity><out_Quantity.quantity>829.146531</out_Quantity.quantity></Point><Point><position>98</position><in_Quantity.quantity>0.000000</in_Quantity.quantity><out_Quantity.quantity>373.821005</out_Quantity.quantity></Point><Point><position>99</position><in_Quantity.quantity>0.000000</in_Quantity.quantity><out_Quantity.quantity>296.645931</out_Quantity.quantity></Point><Point><position>100</position><in_Quantity.quantity>0.000000</in_Quantity.quantity><out_Quantity.quantity>369.973524</out_Quantity.quantity></Point><Point><position>101</position><in_Quantity.quantity>0.000000</in_Quantity.quantity><out_Quantity.quantity>478.210624</out_Quantity.quantity></Point><Point><position>102</position><in_Quantity.quantity>0.000000</in_Quantity.quantity><out_Quantity.quantity>822.000662</out_Quantity.quantity></Point><Point><position>103</position><in_Quantity.quantity>0.000000</in_Quantity.quantity><out_Quantity.quantity>83.004437</out_Quantity.quantity></Point><Point><position>104</position><in_Quantity.quantity>0.000000</in_Quantity.quantity><out_Quantity.quantity>362.598099</out_Quantity.quantity></Point><Point><position>105</position><in_Quantity.quantity>0.000000</in_Quantity.quantity><out_Quantity.quantity>530.094332</out_Quantity.quantity></Point><Point><position>106</position><in_Quantity.quantity>0.000000</in_Quantity.quantity><out_Quantity.quantity>12.469710</out_Quantity.quantity></Point><Point><position>107</position><in_Quantity.quantity>0.000000</in_Quantity.quantity><out_Quantity.quantity>288.522924</out_Quantity.quantity></Point><Point><position>108</position><in_Quantity.quantity>0.000000</in_Quantity.quantity><out_Quantity.quantity>205.488508</out_Quantity.quantity></Point><Point><position>109</position><in_Quantity.quantity>0.000000</in_Quantity.quantity><out_Quantity.quantity>165.575976</out_Quantity.quantity></Point><Point><position>110</position><in_Quantity.quantity>0.000000</in_Quantity.quantity><out_Quantity.quantity>151.994622</out_Quantity.quantity></Point><Point><position>111</position><in_Quantity.quantity>0.000000</in_Quantity.quantity><out_Quantity.quantity>605.894567</out_Quantity.quantity></Point><Point><position>112</position><in_Quantity.quantity>0.000000</in_Quantity.quantity><out_Quantity.quantity>847.367986</out_Quantity.quantity></Point><Point><position>113</position><in_Quantity.quantity>0.000000</in_Quantity.quantity><out_Quantity.quantity>757.438115</out_Quantity.quantity></Point><Point><position>114</position><in_Quantity.quantity>0.000000</in_Quantity.quantity><out_Quantity.quantity>653.335452</out_Quantity.quantity></Point><Point><position>115</position><in_Quantity.quantity>0.000000</in_Quantity.quantity><out_Quantity.quantity>582.947108</out_Quantity.quantity></Point><Point><position>116</position><in_Quantity.quantity>0.000000</in_Quantity.quantity><out_Quantity.quantity>463.392763</out_Quantity.quantity></Point><Point><position>117</position><in_Quantity.quantity>0.000000</in_Quantity.quantity><out_Quantity.quantity>693.438482</out_Quantity.quantity></Point><Point><position>118</position><in_Quantity.quantity>0.000000</in_Quantity.quantity><out_Quantity.quantity>248.794519</out_Quantity.quantity></Point><Point><position>119</position><in_Quantity.quantity>0.000000</in_Quantity.quantity><out_Quantity.quantity>536.678878</out_Quantity.quantity></Point><Point><position>120</position><in_Quantity.quantity>0.000000</in_Quantity.quantity><out_Quantity.quantity>189.559753</out_Quantity.quantity></Point><Point><position>121</position><in_Quantity.quantity>0.000000</in_Quantity.quantity><out_Quantity.quantity>450.363211</out_Quantity.quantity></Point><Point><position>122</position><in_Quantity.quantity>0.000000</in_Quantity.quantity><out_Quantity.quantity>201.793960</out_Quantity.quantity></Point><Point><position>123</position><in_Quantity.quantity>0.000000</in_Quantity.quantity><out_Quantity.quantity>747.215813</out_Quantity.quantity></Point><Point><position>124</position><in_Quantity.quantity>0.000000</in_Quantity.quantity><out_Quantity.quantity>553.800859</out_Quantity.quantity></Point><Point><position>125</position><in_Quantity.quantity>0.000000</in_Quantity.quantity><out_Quantity.quantity>18.275745</out_Quantity.quantity></Point><Point><position>126</position><in_Quantity.quantity>0.000000</in_Quantity.quantity><out_Quantity.quantity>489.271123</out_Quantity.quantity></Point><Point><position>127</position><in_Quantity.quantity>0.000000</in_Quantity.quantity><out_Quantity.quantity>585.731795</out_Quantity.quantity></Point><Point><position>128</position><in_Quantity.quantity>0.000000</in_Quantity.quantity><out_Quantity.quantity>851.813264</out_Quantity.quantity></Point><Point><position>129</position><in_Quantity.quantity>0.000000</in_Quantity.quantity><out_Quantity.quantity>386.765991</out_Quantity.quantity></Point><Point><position>130</position><in_Quantity.quantity>0.000000</in_Quantity.quantity><out_Quantity.quantity>333.012774</out_Quantity.quantity></Point><Point><position>131</position><in_Quantity.quantity>0.000000</in_Quantity.quantity><out_Quantity.quantity>6.158519</out_Quantity.quantity></Point><Point><position>132</position><in_Quantity.quantity>0.000000</in_Quantity.quantity><out_Quantity.quantity>560.209059</out_Quantity.quantity></Point><Point><position>133</position><in_Quantity.quantity>0.000000</in_Quantity.quantity><out_Quantity.quantity>527.548338</out_Quantity.quantity></Point><Point><position>134</position><in_Quantity.quantity>0.000000</in_Quantity.quantity><out_Quantity.quantity>311.741891</out_Quantity.quantity></Point><Point><position>135</position><in_Quantity.quantity>0.000000</in_Quantity.quantity><out_Quantity.quantity>431.268007</out_Quantity.quantity></Point><Point><position>136</position><in_Quantity.quantity>0.000000</in_Quantity.quantity><out_Quantity.quantity>488.121156</out_Quantity.quantity></Point><Point><position>137</position><in_Quantity.quantity>0.000000</in_Quantity.quantity><out_Quantity.quantity>756.677611</out_Quantity.quantity></Point><Point><position>138</position><in_Quantity.quantity>0.000000</in_Quantity.quantity><out_Quantity.quantity>309.064049</out_Quantity.quantity></Point><Point><position>139</position><in_Quantity.quantity>0.000000</in_Quantity.quantity><out_Quantity.quantity>753.728037</out_Quantity.quantity></Point><Point><position>140</position><in_Quantity.quantity>0.000000</in_Quantity.quantity><out_Quantity.quantity>404.884574</out_Quantity.quantity></Point><Point><position>141</position><in_Quantity.quantity>0.000000</in_Quantity.quantity><out_Quantity.quantity>593.225857</out_Quantity.quantity></Point><Point><position>142</position><in_Quantity.quantity>0.000000</in_Quantity.quantity><out_Quantity.quantity>335.089298</out_Quantity.quantity></Point><Point><position>143</position><in_Quantity.quantity>0.000000</in_Quantity.quantity><out_Quantity.quantity>565.558046</out_Quantity.quantity></Point><Point><position>144</position><in_Quantity.quantity>0.000000</in_Quantity.quantity><out_Quantity.quantity>803.657314</out_Quantity.quantity></Point><Point><position>145</position><in_Quantity.quantity>0.000000</in_Quantity.quantity><out_Quantity.quantity>168.193504</out_Quantity.quantity></Point><Point><position>146</position><in_Quantity.quantity>0.000000</in_Quantity.quantity><out_Quantity.quantity>515.959999</out_Quantity.quantity></Point><Point><position>147</position><in_Quantity.quantity>0.000000</in_Quantity.quantity><out_Quantity.quantity>830.154214</out_Quantity.quantity></Point><Point><position>148</position><in_Quantity.quantity>0.000000</in_Quantity.quantity><out_Quantity.quantity>698.783868</out_Quantity.quantity></Point><Point><position>149</position><in_Quantity.quantity>0.000000</in_Quantity.quantity><out_Quantity.quantity>972.079470</out_Quantity.quantity></Point><Point><position>150</position><in_Quantity.quantity>0.000000</in_Quantity.quantity><out_Quantity.quantity>430.653880</out_Quantity.quantity></Point><Point><position>151</position><in_Quantity.quantity>0.000000</in_Quantity.quantity><out_Quantity.quantity>161.263195</out_Quantity.quantity></Point><Point><position>152</position><in_Quantity.quantity>0.000000</in_Quantity.quantity><out_Quantity.quantity>541.490879</out_Quantity.quantity></Point><Point><position>153</position><in_Quantity.quantity>0.000000</in_Quantity.quantity><out_Quantity.quantity>452.086807</out_Quantity.quantity></Point><Point><position>154</position><in_Quantity.quantity>0.000000</in_Quantity.quantity><out_Quantity.quantity>710.233093</out_Quantity.quantity></Point><Point><position>155</position><in_Quantity.quantity>0.000000</in_Quantity.quantity><out_Quantity.quantity>853.223368</out_Quantity.quantity></Point><Point><position>156</position><in_Quantity.quantity>0.000000</in_Quantity.quantity><out_Quantity.quantity>638.991978</out_Quantity.quantity></Point><Point><position>157</position><in_Quantity.quantity>0.000000</in_Quantity.quantity><out_Quantity.quantity>862.791212</out_Quantity.quantity></Point><Point><position>158</position><in_Quantity.quantity>0.000000</in_Quantity.quantity><out_Quantity.quantity>513.950288</out_Quantity.quantity></Point><Point><position>159</position><in_Quantity.quantity>0.000000</in_Quantity.quantity><out_Quantity.quantity>917.292636</out_Quantity.quantity></Point><Point><position>160</position><in_Quantity.quantity>0.000000</in_Quantity.quantity><out_Quantity.quantity>233.300341</out_Quantity.quantity></Point><Point><position>161</position><in_Quantity.quantity>0.000000</in_Quantity.quantity><out_Quantity.quantity>655.598780</out_Quantity.quantity></Point><Point><position>162</position><in_Quantity.quantity>0.000000</in_Quantity.quantity><out_Quantity.quantity>240.243772</out_Quantity.quantity></Point><Point><position>163</position><in_Quantity.quantity>0.000000</in_Quantity.quantity><out_Quantity.quantity>269.465887</out_Quantity.quantity></Point><Point><position>164</position><in_Quantity.quantity>0.000000</in_Quantity.quantity><out_Quantity.quantity>552.481579</out_Quantity.quantity></Point><Point><position>165</position><in_Quantity.quantity>0.000000</in_Quantity.quantity><out_Quantity.quantity>553.094051</out_Quantity.quantity></Point><Point><position>166</position><in_Quantity.quantity>0.000000</in_Quantity.quantity><out_Quantity.quantity>731.722758</out_Quantity.quantity></Point><Point><position>167</position><in_Quantity.quantity>0.000000</in_Quantity.quantity><out_Quantity.quantity>626.105232</out_Quantity.quantity></Point><Point><position>168</position><in_Quantity.quantity>0.000000</in_Quantity.quantity><out_Quantity.quantity>142.851084</out_Quantity.quantity></Point><Point><position>169</position><in_Quantity.quantity>0.000000</in_Quantity.quantity><out_Quantity.quantity>761.056710</out_Quantity.quantity></Point><Point><position>170</position><in_Quantity.quantity>0.000000</in_Quantity.quantity><out_Quantity.quantity>846.372248</out_Quantity.quantity></Point><Point><position>171</position><in_Quantity.quantity>0.000000</in_Quantity.quantity><out_Quantity.quantity>327.161916</out_Quantity.quantity></Point><Point><position>172</position><in_Quantity.quantity>0.000000</in_Quantity.quantity><out_Quantity.quantity>877.525374</out_Quantity.quantity></Point><Point><position>173</position><in_Quantity.quantity>0.000000</in_Quantity.quantity><out_Quantity.quantity>610.696869</out_Quantity.quantity></Point><Point><position>174</position><in_Quantity.quantity>0.000000</in_Quantity.quantity><out_Quantity.quantity>83.368821</out_Quantity.quantity></Point><Point><position>175</position><in_Quantity.quantity>0.000000</in_Quantity.quantity><out_Quantity.quantity>967.699846</out_Quantity.quantity></Point><Point><position>176</position><in_Quantity.quantity>0.000000</in_Quantity.quantity><out_Quantity.quantity>594.237021</out_Quantity.quantity></Point><Point><position>177</position><in_Quantity.quantity>0.000000</in_Quantity.quantity><out_Quantity.quantity>947.406130</out_Quantity.quantity></Point><Point><position>178</position><in_Quantity.quantity>0.000000</in_Quantity.quantity><out_Quantity.quantity>995.909514</out_Quantity.quantity></Point><Point><position>179</position><in_Quantity.quantity>0.000000</in_Quantity.quantity><out_Quantity.quantity>201.351265</out_Quantity.quantity></Point><Point><position>180</position><in_Quantity.quantity>0.000000</in_Quantity.quantity><out_Quantity.quantity>435.336817</out_Quantity.quantity></Point><Point><position>181</position><in_Quantity.quantity>0.000000</in_Quantity.quantity><out_Quantity.quantity>117.853786</out_Quantity.quantity></Point><Point><position>182</position><in_Quantity.quantity>0.000000</in_Quantity.quantity><out_Quantity.quantity>386.480947</out_Quantity.quantity></Point><Point><position>183</position><in_Quantity.quantity>0.000000</in_Quantity.quantity><out_Quantity.quantity>842.470462</out_Quantity.quantity></Point><Point><position>184</position><in_Quantity.quantity>0.000000</in_Quantity.quantity><out_Quantity.quantity>352.640830</out_Quantity.quantity></Point><Point><position>185</position><in_Quantity.quantity>0.000000</in_Quantity.quantity><out_Quantity.quantity>477.867436</out_Quantity.quantity></Point><Point><position>186</position><in_Quantity.quantity>0.000000</in_Quantity.quantity><out_Quantity.quantity>369.867751</out_Quantity.quantity></Point><Point><position>187</position><in_Quantity.quantity>0.000000</in_Quantity.quantity><out_Quantity.quantity>642.393518</out_Quantity.quantity></Point><Point><position>188</position><in_Quantity.quantity>0.000000</in_Quantity.quantity><out_Quantity.quantity>252.694883</out_Quantity.quantity></Point><Point><position>189</position><in_Quantity.quantity>0.000000</in_Quantity.quantity><out_Quantity.quantity>909.481664</out_Quantity.quantity></Point><Point><position>190</position><in_Quantity.quantity>0.000000</in_Quantity.quantity><out_Quantity.quantity>967.465400</out_Quantity.quantity></Point><Point><position>191</position><in_Quantity.quantity>0.000000</in_Quantity.quantity><out_Quantity.quantity>30.720847</out_Quantity.quantity></Point><Point><position>192</position><in_Quantity.quantity>0.000000</in_Quantity.quantity><out_Quantity.quantity>426.087154</out_Quantity.quantity></Point><Point><position>193</position><in_Quantity.quantity>0.000000</in_Quantity.quantity><out_Quantity.quantity>963.073628</out_Quantity.quantity></Point><Point><position>194</position><in_Quantity.quantity>0.000000</in_Quantity.quantity><out_Quantity.quantity>423.571109</out_Quantity.quantity></Point><Point><position>195</position><in_Quantity.quantity>0.000000</in_Quantity.quantity><out_Quantity.quantity>579.743618</out_Quantity.quantity></Point><Point><position>196</position><in_Quantity.quantity>0.000000</in_Quantity.quantity><out_Quantity.quantity>741.390245</out_Quantity.quantity></Point><Point><position>197</position><in_Quantity.quantity>0.000000</in_Quantity.quantity><out_Quantity.quantity>862.317890</out_Quantity.quantity></Point><Point><position>198</position><in_Quantity.quantity>0.000000</in_Quantity.quantity><out_Quantity.quantity>672.968658</out_Quantity.quantity></Point><Point><position>199</position><in_Quantity.quantity>0.000000</in_Quantity.quantity><out_Quantity.quantity>517.181547</out_Quantity.quantity></Point><Point><position>200</position><in_Quantity.quantity>0.000000</in_Quantity.quantity><out_Quantity.quantity>988.870427</out_Quantity.quantity></Point><Point><position>201</position><in_Quantity.quantity>0.000000</in_Quantity.quantity><out_Quantity.quantity>749.189352</out_Quantity.quantity></Point><Point><position>202</position><in_Quantity.quantity>0.000000</in_Quantity.quantity><out_Quantity.quantity>612.203233</out_Quantity.quantity></Point><Point><position>203</position><in_Quantity.quantity>0.000000</in_Quantity.quantity><out_Quantity.quantity>786.668818</out_Quantity.quantity></Point><Point><position>204</position><in_Quantity.quantity>0.000000</in_Quantity.quantity><out_Quantity.quantity>186.839585</out_Quantity.quantity></Point><Point><position>205</position><in_Quantity.quantity>0.000000</in_Quantity.quantity><out_Quantity.quantity>130.156934</out_Quantity.quantity></Point><Point><position>206</position><in_Quantity.quantity>0.000000</in_Quantity.quantity><out_Quantity.quantity>232.104453</out_Quantity.quantity></Point><Point><position>207</position><in_Quantity.quantity>0.000000</in_Quantity.quantity><out_Quantity.quantity>290.257943</out_Quantity.quantity></Point><Point><position>208</position><in_Quantity.quantity>0.000000</in_Quantity.quantity><out_Quantity.quantity>375.592137</out_Quantity.quantity></Point><Point><position>209</position><in_Quantity.quantity>0.000000</in_Quantity.quantity><out_Quantity.quantity>445.699579</out_Quantity.quantity></Point><Point><position>210</position><in_Quantity.quantity>0.000000</in_Quantity.quantity><out_Quantity.quantity>359.820228</out_Quantity.quantity></Point><Point><position>211</position><in_Quantity.quantity>0.000000</in_Quantity.quantity><out_Quantity.quantity>854.378191</out_Quantity.quantity></Point><Point><position>212</position><in_Quantity.quantity>0.000000</in_Quantity.quantity><out_Quantity.quantity>812.059755</out_Quantity.quantity></Point><Point><position>213</position><in_Quantity.quantity>0.000000</in_Quantity.quantity><out_Quantity.quantity>618.487166</out_Quantity.quantity></Point><Point><position>214</position><in_Quantity.quantity>0.000000</in_Quantity.quantity><out_Quantity.quantity>831.606550</out_Quantity.quantity></Point><Point><position>215</position><in_Quantity.quantity>0.000000</in_Quantity.quantity><out_Quantity.quantity>180.706199</out_Quantity.quantity></Point><Point><position>216</position><in_Quantity.quantity>0.000000</in_Quantity.quantity><out_Quantity.quantity>618.302136</out_Quantity.quantity></Point><Point><position>217</position><in_Quantity.quantity>0.000000</in_Quantity.quantity><out_Quantity.quantity>585.148004</out_Quantity.quantity></Point><Point><position>218</position><in_Quantity.quantity>0.000000</in_Quantity.quantity><out_Quantity.quantity>875.111602</out_Quantity.quantity></Point><Point><position>219</position><in_Quantity.quantity>0.000000</in_Quantity.quantity><out_Quantity.quantity>713.543617</out_Quantity.quantity></Point><Point><position>220</position><in_Quantity.quantity>0.000000</in_Quantity.quantity><out_Quantity.quantity>729.574202</out_Quantity.quantity></Point><Point><position>221</position><in_Quantity.quantity>0.000000</in_Quantity.quantity><out_Quantity.quantity>588.492131</out_Quantity.quantity></Point><Point><position>222</position><in_Quantity.quantity>0.000000</in_Quantity.quantity><out_Quantity.quantity>519.098156</out_Quantity.quantity></Point><Point><position>223</position><in_Quantity.quantity>0.000000</in_Quantity.quantity><out_Quantity.quantity>17.854100</out_Quantity.quantity></Point><Point><position>224</position><in_Quantity.quantity>0.000000</in_Quantity.quantity><out_Quantity.quantity>952.182748</out_Quantity.quantity></Point><Point><position>225</position><in_Quantity.quantity>0.000000</in_Quantity.quantity><out_Quantity.quantity>465.486887</out_Quantity.quantity></Point><Point><position>226</position><in_Quantity.quantity>0.000000</in_Quantity.quantity><out_Quantity.quantity>503.482777</out_Quantity.quantity></Point><Point><position>227</position><in_Quantity.quantity>0.000000</in_Quantity.quantity><out_Quantity.quantity>586.696931</out_Quantity.quantity></Point><Point><position>228</position><in_Quantity.quantity>0.000000</in_Quantity.quantity><out_Quantity.quantity>805.078568</out_Quantity.quantity></Point><Point><position>229</position><in_Quantity.quantity>0.000000</in_Quantity.quantity><out_Quantity.quantity>984.878219</out_Quantity.quantity></Point><Point><position>230</position><in_Quantity.quantity>0.000000</in_Quantity.quantity><out_Quantity.quantity>40.437748</out_Quantity.quantity></Point><Point><position>231</position><in_Quantity.quantity>0.000000</in_Quantity.quantity><out_Quantity.quantity>461.375138</out_Quantity.quantity></Point><Point><position>232</position><in_Quantity.quantity>0.000000</in_Quantity.quantity><out_Quantity.quantity>423.113467</out_Quantity.quantity></Point><Point><position>233</position><in_Quantity.quantity>0.000000</in_Quantity.quantity><out_Quantity.quantity>127.943231</out_Quantity.quantity></Point><Point><position>234</position><in_Quantity.quantity>0.000000</in_Quantity.quantity><out_Quantity.quantity>724.751868</out_Quantity.quantity></Point><Point><position>235</position><in_Quantity.quantity>0.000000</in_Quantity.quantity><out_Quantity.quantity>567.658573</out_Quantity.quantity></Point><Point><position>236</position><in_Quantity.quantity>0.000000</in_Quantity.quantity><out_Quantity.quantity>575.372999</out_Quantity.quantity></Point><Point><position>237</position><in_Quantity.quantity>0.000000</in_Quantity.quantity><out_Quantity.quantity>922.882332</out_Quantity.quantity></Point><Point><position>238</position><in_Quantity.quantity>0.000000</in_Quantity.quantity><out_Quantity.quantity>695.001573</out_Quantity.quantity></Point><Point><position>239</position><in_Quantity.quantity>0.000000</in_Quantity.quantity><out_Quantity.quantity>871.653200</out_Quantity.quantity></Point><Point><position>240</position><in_Quantity.quantity>0.000000</in_Quantity.quantity><out_Quantity.quantity>896.884341</out_Quantity.quantity></Point><Point><position>241</position><in_Quantity.quantity>0.000000</in_Quantity.quantity><out_Quantity.quantity>946.886930</out_Quantity.quantity></Point><Point><position>242</position><in_Quantity.quantity>0.000000</in_Quantity.quantity><out_Quantity.quantity>687.597998</out_Quantity.quantity></Point><Point><position>243</position><in_Quantity.quantity>0.000000</in_Quantity.quantity><out_Quantity.quantity>499.813025</out_Quantity.quantity></Point><Point><position>244</position><in_Quantity.quantity>0.000000</in_Quantity.quantity><out_Quantity.quantity>346.106240</out_Quantity.quantity></Point><Point><position>245</position><in_Quantity.quantity>0.000000</in_Quantity.quantity><out_Quantity.quantity>276.425905</out_Quantity.quantity></Point><Point><position>246</position><in_Quantity.quantity>0.000000</in_Quantity.quantity><out_Quantity.quantity>579.964414</out_Quantity.quantity></Point><Point><position>247</position><in_Quantity.quantity>0.000000</in_Quantity.quantity><out_Quantity.quantity>363.823209</out_Quantity.quantity></Point><Point><position>248</position><in_Quantity.quantity>0.000000</in_Quantity.quantity><out_Quantity.quantity>206.276891</out_Quantity.quantity></Point><Point><position>249</position><in_Quantity.quantity>0.000000</in_Quantity.quantity><out_Quantity.quantity>870.269888</out_Quantity.quantity></Point><Point><position>250</position><in_Quantity.quantity>0.000000</in_Quantity.quantity><out_Quantity.quantity>674.032415</out_Quantity.quantity></Point><Point><position>251</position><in_Quantity.quantity>0.000000</in_Quantity.quantity><out_Quantity.quantity>98.197376</out_Quantity.quantity></Point><Point><position>252</position><in_Quantity.quantity>0.000000</in_Quantity.quantity><out_Quantity.quantity>211.038297</out_Quantity.quantity></Point><Point><position>253</position><in_Quantity.quantity>0.000000</in_Quantity.quantity><out_Quantity.quantity>211.037885</out_Quantity.quantity></Point><Point><position>254</position><in_Quantity.quantity>0.000000</in_Quantity.quantity><out_Quantity.quantity>321.537833</out_Quantity.quantity></Point><Point><position>255</position><in_Quantity.quantity>0.000000</in_Quantity.quantity><out_Quantity.quantity>579.234466</out_Quantity.quantity></Point><Point><position>256</position><in_Quantity.quantity>0.000000</in_Quantity.quantity><out_Quantity.quantity>944.117231</out_Quantity.quantity></Point><Point><position>257</position><in_Quantity.quantity>0.000000</in_Quantity.quantity><out_Quantity.quantity>269.657070</out_Quantity.quantity></Point><Point><position>258</position><in_Quantity.quantity>0.000000</in_Quantity.quantity><out_Quantity.quantity>593.526561</out_Quantity.quantity></Point><Point><position>259</position><in_Quantity.quantity>0.000000</in_Quantity.quantity><out_Quantity.quantity>636.739411</out_Quantity.quantity></Point><Point><position>260</position><in_Quantity.quantity>0.000000</in_Quantity.quantity><out_Quantity.quantity>267.723661</out_Quantity.quantity></Point><Point><position>261</position><in_Quantity.quantity>0.000000</in_Quantity.quantity><out_Quantity.quantity>519.896095</out_Quantity.quantity></Point><Point><position>262</position><in_Quantity.quantity>0.000000</in_Quantity.quantity><out_Quantity.quantity>738.039820</out_Quantity.quantity></Point><Point><position>263</position><in_Quantity.quantity>0.000000</in_Quantity.quantity><out_Quantity.quantity>21.658766</out_Quantity.quantity></Point><Point><position>264</position><in_Quantity.quantity>0.000000</in_Quantity.quantity><out_Quantity.quantity>188.466991</out_Quantity.quantity></Point><Point><position>265</position><in_Quantity.quantity>0.000000</in_Quantity.quantity><out_Quantity.quantity>318.393723</out_Quantity.quantity></Point><Point><position>266</position><in_Quantity.quantity>0.000000</in_Quantity.quantity><out_Quantity.quantity>429.219481</out_Quantity.quantity></Point><Point><position>267</position><in_Quantity.quantity>0.000000</in_Quantity.quantity><out_Quantity.quantity>337.865317</out_Quantity.quantity></Point><Point><position>268</position><in_Quantity.quantity>0.000000</in_Quantity.quantity><out_Quantity.quantity>111.072503</out_Quantity.quantity></Point><Point><position>269</position><in_Quantity.quantity>0.000000</in_Quantity.quantity><out_Quantity.quantity>864.159929</out_Quantity.quantity></Point><Point><position>270</position><in_Quantity.quantity>0.000000</in_Quantity.quantity><out_Quantity.quantity>132.874667</out_Quantity.quantity></Point><Point><position>271</position><in_Quantity.quantity>0.000000</in_Quantity.quantity><out_Quantity.quantity>293.745191</out_Quantity.quantity></Point><Point><position>272</position><in_Quantity.quantity>0.000000</in_Quantity.quantity><out_Quantity.quantity>938.532126</out_Quantity.quantity></Point><Point><position>273</position><in_Quantity.quantity>0.000000</in_Quantity.quantity><out_Quantity.quantity>157.437982</out_Quantity.quantity></Point><Point><position>274</position><in_Quantity.quantity>0.000000</in_Quantity.quantity><out_Quantity.quantity>125.460125</out_Quantity.quantity></Point><Point><position>275</position><in_Quantity.quantity>0.000000</in_Quantity.quantity><out_Quantity.quantity>635.268276</out_Quantity.quantity></Point><Point><position>276</position><in_Quantity.quantity>0.000000</in_Quantity.quantity><out_Quantity.quantity>683.017181</out_Quantity.quantity></Point><Point><position>277</position><in_Quantity.quantity>0.000000</in_Quantity.quantity><out_Quantity.quantity>980.722020</out_Quantity.quantity></Point><Point><position>278</position><in_Quantity.quantity>0.000000</in_Quantity.quantity><out_Quantity.quantity>284.188555</out_Quantity.quantity></Point><Point><position>279</position><in_Quantity.quantity>0.000000</in_Quantity.quantity><out_Quantity.quantity>316.571722</out_Quantity.quantity></Point><Point><position>280</position><in_Quantity.quantity>0.000000</in_Quantity.quantity><out_Quantity.quantity>739.492169</out_Quantity.quantity></Point><Point><position>281</position><in_Quantity.quantity>0.000000</in_Quantity.quantity><out_Quantity.quantity>286.020039</out_Quantity.quantity></Point><Point><position>282</position><in_Quantity.quantity>0.000000</in_Quantity.quantity><out_Quantity.quantity>255.687030</out_Quantity.quantity></Point><Point><position>283</position><in_Quantity.quantity>0.000000</in_Quantity.quantity><out_Quantity.quantity>358.997447</out_Quantity.quantity></Point><Point><position>284</position><in_Quantity.quantity>0.000000</in_Quantity.quantity><out_Quantity.quantity>646.942407</out_Quantity.quantity></Point><Point><position>285</position><in_Quantity.quantity>0.000000</in_Quantity.quantity><out_Quantity.quantity>625.196161</out_Quantity.quantity></Point><Point><position>286</position><in_Quantity.quantity>0.000000</in_Quantity.quantity><out_Quantity.quantity>297.100331</out_Quantity.quantity></Point><Point><position>287</position><in_Quantity.quantity>0.000000</in_Quantity.quantity><out_Quantity.quantity>562.540404</out_Quantity.quantity></Point><Point><position>288</position><in_Quantity.quantity>0.000000</in_Quantity.quantity><out_Quantity.quantity>912.297347</out_Quantity.quantity></Point><Point><position>289</position><in_Quantity.quantity>0.000000</in_Quantity.quantity><out_Quantity.quantity>510.730461</out_Quantity.quantity></Point><Point><position>290</position><in_Quantity.quantity>0.000000</in_Quantity.quantity><out_Quantity.quantity>140.882306</out_Quantity.quantity></Point><Point><position>291</position><in_Quantity.quantity>0.000000</in_Quantity.quantity><out_Quantity.quantity>25.495335</out_Quantity.quantity></Point><Point><position>292</position><in_Quantity.quantity>0.000000</in_Quantity.quantity><out_Quantity.quantity>261.364570</out_Quantity.quantity></Point><Point><position>293</position><in_Quantity.quantity>0.000000</in_Quantity.quantity><out_Quantity.quantity>190.265991</out_Quantity.quantity></Point><Point><position>294</position><in_Quantity.quantity>0.000000</in_Quantity.quantity><out_Quantity.quantity>671.610854</out_Quantity.quantity></Point><Point><position>295</position><in_Quantity.quantity>0.000000</in_Quantity.quantity><out_Quantity.quantity>782.797575</out_Quantity.quantity></Point><Point><position>296</position><in_Quantity.quantity>0.000000</in_Quantity.quantity><out_Quantity.quantity>918.051660</out_Quantity.quantity></Point><Point><position>297</position><in_Quantity.quantity>0.000000</in_Quantity.quantity><out_Quantity.quantity>598.754902</out_Quantity.quantity></Point><Point><position>298</position><in_Quantity.quantity>0.000000</in_Quantity.quantity><out_Quantity.quantity>740.099189</out_Quantity.quantity></Point><Point><position>299</position><in_Quantity.quantity>0.000000</in_Quantity.quantity><out_Quantity.quantity>429.978304</out_Quantity.quantity></Point><Point><position>300</position><in_Quantity.quantity>0.000000</in_Quantity.quantity><out_Quantity.quantity>362.024881</out_Quantity.quantity></Point><Point><position>301</position><in_Quantity.quantity>0.000000</in_Quantity.quantity><out_Quantity.quantity>965.404908</out_Quantity.quantity></Point><Point><position>302</position><in_Quantity.quantity>0.000000</in_Quantity.quantity><out_Quantity.quantity>918.359771</out_Quantity.quantity></Point><Point><position>303</position><in_Quantity.quantity>0.000000</in_Quantity.quantity><out_Quantity.quantity>686.480014</out_Quantity.quantity></Point><Point><position>304</position><in_Quantity.quantity>0.000000</in_Quantity.quantity><out_Quantity.quantity>494.070805</out_Quantity.quantity></Point><Point><position>305</position><in_Quantity.quantity>0.000000</in_Quantity.quantity><out_Quantity.quantity>68.970429</out_Quantity.quantity></Point><Point><position>306</position><in_Quantity.quantity>0.000000</in_Quantity.quantity><out_Quantity.quantity>369.739596</out_Quantity.quantity></Point><Point><position>307</position><in_Quantity.quantity>0.000000</in_Quantity.quantity><out_Quantity.quantity>277.993625</out_Quantity.quantity></Point><Point><position>308</position><in_Quantity.quantity>0.000000</in_Quantity.quantity><out_Quantity.quantity>966.715963</out_Quantity.quantity></Point><Point><position>309</position><in_Quantity.quantity>0.000000</in_Quantity.quantity><out_Quantity.quantity>593.234228</out_Quantity.quantity></Point><Point><position>310</position><in_Quantity.quantity>0.000000</in_Quantity.quantity><out_Quantity.quantity>868.469796</out_Quantity.quantity></Point><Point><position>311</position><in_Quantity.quantity>0.000000</in_Quantity.quantity><out_Quantity.quantity>702.048643</out_Quantity.quantity></Point><Point><position>312</position><in_Quantity.quantity>0.000000</in_Quantity.quantity><out_Quantity.quantity>648.381002</out_Quantity.quantity></Point><Point><position>313</position><in_Quantity.quantity>0.000000</in_Quantity.quantity><out_Quantity.quantity>362.217968</out_Quantity.quantity></Point><Point><position>314</position><in_Quantity.quantity>0.000000</in_Quantity.quantity><out_Quantity.quantity>402.449529</out_Quantity.quantity></Point><Point><position>315</position><in_Quantity.quantity>0.000000</in_Quantity.quantity><out_Quantity.quantity>460.820345</out_Quantity.quantity></Point><Point><position>316</position><in_Quantity.quantity>0.000000</in_Quantity.quantity><out_Quantity.quantity>25.347043</out_Quantity.quantity></Point><Point><position>317</position><in_Quantity.quantity>0.000000</in_Quantity.quantity><out_Quantity.quantity>31.508180</out_Quantity.quantity></Point><Point><position>318</position><in_Quantity.quantity>0.000000</in_Quantity.quantity><out_Quantity.quantity>880.242617</out_Quantity.quantity></Point><Point><position>319</position><in_Quantity.quantity>0.000000</in_Quantity.quantity><out_Quantity.quantity>928.343508</out_Quantity.quantity></Point><Point><position>320</position><in_Quantity.quantity>0.000000</in_Quantity.quantity><out_Quantity.quantity>57.704181</out_Quantity.quantity></Point><Point><position>321</position><in_Quantity.quantity>0.000000</in_Quantity.quantity><out_Quantity.quantity>388.149829</out_Quantity.quantity></Point><Point><position>322</position><in_Quantity.quantity>0.000000</in_Quantity.quantity><out_Quantity.quantity>860.680313</out_Quantity.quantity></Point><Point><position>323</position><in_Quantity.quantity>0.000000</in_Quantity.quantity><out_Quantity.quantity>835.256191</out_Quantity.quantity></Point><Point><position>324</position><in_Quantity.quantity>0.000000</in_Quantity.quantity><out_Quantity.quantity>437.177613</out_Quantity.quantity></Point><Point><position>325</position><in_Quantity.quantity>0.000000</in_Quantity.quantity><out_Quantity.quantity>496.479070</out_Quantity.quantity></Point><Point><position>326</position><in_Quantity.quantity>0.000000</in_Quantity.quantity><out_Quantity.quantity>948.921869</out_Quantity.quantity></Point><Point><position>327</position><in_Quantity.quantity>0.000000</in_Quantity.quantity><out_Quantity.quantity>379.739544</out_Quantity.quantity></Point><Point><position>328</position><in_Quantity.quantity>0.000000</in_Quantity.quantity><out_Quantity.quantity>540.947161</out_Quantity.quantity></Point><Point><position>329</position><in_Quantity.quantity>0.000000</in_Quantity.quantity><out_Quantity.quantity>440.724080</out_Quantity.quantity></Point><Point><position>330</position><in_Quantity.quantity>0.000000</in_Quantity.quantity><out_Quantity.quantity>862.031107</out_Quantity.quantity></Point><Point><position>331</position><in_Quantity.quantity>0.000000</in_Quantity.quantity><out_Quantity.quantity>690.403898</out_Quantity.quantity></Point><Point><position>332</position><in_Quantity.quantity>0.000000</in_Quantity.quantity><out_Quantity.quantity>11.327936</out_Quantity.quantity></Point><Point><position>333</position><in_Quantity.quantity>0.000000</in_Quantity.quantity><out_Quantity.quantity>382.393553</out_Quantity.quantity></Point><Point><position>334</position><in_Quantity.quantity>0.000000</in_Quantity.quantity><out_Quantity.quantity>156.118643</out_Quantity.quantity></Point><Point><position>335</position><in_Quantity.quantity>0.000000</in_Quantity.quantity><out_Quantity.quantity>204.184831</out_Quantity.quantity></Point><Point><position>336</position><in_Quantity.quantity>0.000000</in_Quantity.quantity><out_Quantity.quantity>897.310243</out_Quantity.quantity></Point><Point><position>337</position><in_Quantity.quantity>0.000000</in_Quantity.quantity><out_Quantity.quantity>698.876227</out_Quantity.quantity></Point><Point><position>338</position><in_Quantity.quantity>0.000000</in_Quantity.quantity><out_Quantity.quantity>317.005053</out_Quantity.quantity></Point><Point><position>339</position><in_Quantity.quantity>0.000000</in_Quantity.quantity><out_Quantity.quantity>339.489132</out_Quantity.quantity></Point><Point><position>340</position><in_Quantity.quantity>0.000000</in_Quantity.quantity><out_Quantity.quantity>52.271307</out_Quantity.quantity></Point><Point><position>341</position><in_Quantity.quantity>0.000000</in_Quantity.quantity><out_Quantity.quantity>775.379870</out_Quantity.quantity></Point><Point><position>342</position><in_Quantity.quantity>0.000000</in_Quantity.quantity><out_Quantity.quantity>938.799736</out_Quantity.quantity></Point><Point><position>343</position><in_Quantity.quantity>0.000000</in_Quantity.quantity><out_Quantity.quantity>705.963542</out_Quantity.quantity></Point><Point><position>344</position><in_Quantity.quantity>0.000000</in_Quantity.quantity><out_Quantity.quantity>956.475258</out_Quantity.quantity></Point><Point><position>345</position><in_Quantity.quantity>0.000000</in_Quantity.quantity><out_Quantity.quantity>682.652721</out_Quantity.quantity></Point><Point><position>346</position><in_Quantity.quantity>0.000000</in_Quantity.quantity><out_Quantity.quantity>72.140382</out_Quantity.quantity></Point><Point><position>347</position><in_Quantity.quantity>0.000000</in_Quantity.quantity><out_Quantity.quantity>42.456647</out_Quantity.quantity></Point><Point><position>348</position><in_Quantity.quantity>0.000000</in_Quantity.quantity><out_Quantity.quantity>594.955870</out_Quantity.quantity></Point><Point><position>349</position><in_Quantity.quantity>0.000000</in_Quantity.quantity><out_Quantity.quantity>161.162286</out_Quantity.quantity></Point><Point><position>350</position><in_Quantity.quantity>0.000000</in_Quantity.quantity><out_Quantity.quantity>711.971686</out_Quantity.quantity></Point><Point><position>351</position><in_Quantity.quantity>0.000000</in_Quantity.quantity><out_Quantity.quantity>858.959716</out_Quantity.quantity></Point><Point><position>352</position><in_Quantity.quantity>0.000000</in_Quantity.quantity><out_Quantity.quantity>1.858896</out_Quantity.quantity></Point><Point><position>353</position><in_Quantity.quantity>0.000000</in_Quantity.quantity><out_Quantity.quantity>495.491620</out_Quantity.quantity></Point><Point><position>354</position><in_Quantity.quantity>0.000000</in_Quantity.quantity><out_Quantity.quantity>265.048381</out_Quantity.quantity></Point><Point><position>355</position><in_Quantity.quantity>0.000000</in_Quantity.quantity><out_Quantity.quantity>253.433181</out_Quantity.quantity></Point><Point><position>356</position><in_Quantity.quantity>0.000000</in_Quantity.quantity><out_Quantity.quantity>300.637514</out_Quantity.quantity></Point><Point><position>357</position><in_Quantity.quantity>0.000000</in_Quantity.quantity><out_Quantity.quantity>588.519287</out_Quantity.quantity></Point><Point><position>358</position><in_Quantity.quantity>0.000000</in_Quantity.quantity><out_Quantity.quantity>374.957169</out_Quantity.quantity></Point><Point><position>359</position><in_Quantity.quantity>0.000000</in_Quantity.quantity><out_Quantity.quantity>614.790066</out_Quantity.quantity></Point><Point><position>360</position><in_Quantity.quantity>0.000000</in_Quantity.quantity><out_Quantity.quantity>779.870315</out_Quantity.quantity></Point><Point><position>361</position><in_Quantity.quantity>0.000000</in_Quantity.quantity><out_Quantity.quantity>594.269233</out_Quantity.quantity></Point><Point><position>362</position><in_Quantity.quantity>0.000000</in_Quantity.quantity><out_Quantity.quantity>291.825497</out_Quantity.quantity></Point><Point><position>363</position><in_Quantity.quantity>0.000000</in_Quantity.quantity><out_Quantity.quantity>938.487309</out_Quantity.quantity></Point><Point><position>364</position><in_Quantity.quantity>0.000000</in_Quantity.quantity><out_Quantity.quantity>253.229408</out_Quantity.quantity></Point><Point><position>365</position><in_Quantity.quantity>0.000000</in_Quantity.quantity><out_Quantity.quantity>619.003390</out_Quantity.quantity></Point><Point><position>366</position><in_Quantity.quantity>0.000000</in_Quantity.quantity><out_Quantity.quantity>723.332463</out_Quantity.quantity></Point><Point><position>367</position><in_Quantity.quantity>0.000000</in_Quantity.quantity><out_Quantity.quantity>841.277716</out_Quantity.quantity></Point><Point><position>368</position><in_Quantity.quantity>0.000000</in_Quantity.quantity><out_Quantity.quantity>9.158970</out_Quantity.quantity></Point><Point><position>369</position><in_Quantity.quantity>0.000000</in_Quantity.quantity><out_Quantity.quantity>295.208260</out_Quantity.quantity></Point><Point><position>370</position><in_Quantity.quantity>0.000000</in_Quantity.quantity><out_Quantity.quantity>33.861602</out_Quantity.quantity></Point><Point><position>371</position><in_Quantity.quantity>0.000000</in_Quantity.quantity><out_Quantity.quantity>104.146183</out_Quantity.quantity></Point><Point><position>372</position><in_Quantity.quantity>0.000000</in_Quantity.quantity><out_Quantity.quantity>321.675559</out_Quantity.quantity></Point><Point><position>373</position><in_Quantity.quantity>0.000000</in_Quantity.quantity><out_Quantity.quantity>75.584262</out_Quantity.quantity></Point><Point><position>374</position><in_Quantity.quantity>0.000000</in_Quantity.quantity><out_Quantity.quantity>478.610541</out_Quantity.quantity></Point><Point><position>375</position><in_Quantity.quantity>0.000000</in_Quantity.quantity><out_Quantity.quantity>267.159488</out_Quantity.quantity></Point><Point><position>376</position><in_Quantity.quantity>0.000000</in_Quantity.quantity><out_Quantity.quantity>32.440880</out_Quantity.quantity></Point><Point><position>377</position><in_Quantity.quantity>0.000000</in_Quantity.quantity><out_Quantity.quantity>663.310961</out_Quantity.quantity></Point><Point><position>378</position><in_Quantity.quantity>0.000000</in_Quantity.quantity><out_Quantity.quantity>726.784593</out_Quantity.quantity></Point><Point><position>379</position><in_Quantity.quantity>0.000000</in_Quantity.quantity><out_Quantity.quantity>588.648508</out_Quantity.quantity></Point><Point><position>380</position><in_Quantity.quantity>0.000000</in_Quantity.quantity><out_Quantity.quantity>411.183588</out_Quantity.quantity></Point><Point><position>381</position><in_Quantity.quantity>0.000000</in_Quantity.quantity><out_Quantity.quantity>834.790923</out_Quantity.quantity></Point><Point><position>382</position><in_Quantity.quantity>0.000000</in_Quantity.quantity><out_Quantity.quantity>512.235226</out_Quantity.quantity></Point><Point><position>383</position><in_Quantity.quantity>0.000000</in_Quantity.quantity><out_Quantity.quantity>784.482267</out_Quantity.quantity></Point><Point><position>384</position><in_Quantity.quantity>0.000000</in_Quantity.quantity><out_Quantity.quantity>503.566974</out_Quantity.quantity></Point><Point><position>385</position><in_Quantity.quantity>0.000000</in_Quantity.quantity><out_Quantity.quantity>708.855381</out_Quantity.quantity></Point><Point><position>386</position><in_Quantity.quantity>0.000000</in_Quantity.quantity><out_Quantity.quantity>159.005986</out_Quantity.quantity></Point><Point><position>387</position><in_Quantity.quantity>0.000000</in_Quantity.quantity><out_Quantity.quantity>661.377050</out_Quantity.quantity></Point><Point><position>388</position><in_Quantity.quantity>0.000000</in_Quantity.quantity><out_Quantity.quantity>810.900793</out_Quantity.quantity></Point><Point><position>389</position><in_Quantity.quantity>0.000000</in_Quantity.quantity><out_Quantity.quantity>955.780952</out_Quantity.quantity></Point><Point><position>390</position><in_Quantity.quantity>0.000000</in_Quantity.quantity><out_Quantity.quantity>868.644854</out_Quantity.quantity></Point><Point><position>391</position><in_Quantity.quantity>0.000000</in_Quantity.quantity><out_Quantity.quantity>812.510839</out_Quantity.quantity></Point><Point><position>392</position><in_Quantity.quantity>0.000000</in_Quantity.quantity><out_Quantity.quantity>869.401736</out_Quantity.quantity></Point><Point><position>393</position><in_Quantity.quantity>0.000000</in_Quantity.quantity><out_Quantity.quantity>886.363064</out_Quantity.quantity></Point><Point><position>394</position><in_Quantity.quantity>0.000000</in_Quantity.quantity><out_Quantity.quantity>794.265917</out_Quantity.quantity></Point><Point><position>395</position><in_Quantity.quantity>0.000000</in_Quantity.quantity><out_Quantity.quantity>617.551933</out_Quantity.quantity></Point><Point><position>396</position><in_Quantity.quantity>0.000000</in_Quantity.quantity><out_Quantity.quantity>560.097431</out_Quantity.quantity></Point><Point><position>397</position><in_Quantity.quantity>0.000000</in_Quantity.quantity><out_Quantity.quantity>216.735651</out_Quantity.quantity></Point><Point><position>398</position><in_Quantity.quantity>0.000000</in_Quantity.quantity><out_Quantity.quantity>325.729876</out_Quantity.quantity></Point><Point><position>399</position><in_Quantity.quantity>0.000000</in_Quantity.quantity><out_Quantity.quantity>270.773063</out_Quantity.quantity></Point><Point><position>400</position><in_Quantity.quantity>0.000000</in_Quantity.quantity><out_Quantity.quantity>865.809102</out_Quantity.quantity></Point><Point><position>401</position><in_Quantity.quantity>0.000000</in_Quantity.quantity><out_Quantity.quantity>38.852615</out_Quantity.quantity></Point><Point><position>402</position><in_Quantity.quantity>0.000000</in_Quantity.quantity><out_Quantity.quantity>678.963782</out_Quantity.quantity></Point><Point><position>403</position><in_Quantity.quantity>0.000000</in_Quantity.quantity><out_Quantity.quantity>269.354209</out_Quantity.quantity></Point><Point><position>404</position><in_Quantity.quantity>0.000000</in_Quantity.quantity><out_Quantity.quantity>419.974288</out_Quantity.quantity></Point><Point><position>405</position><in_Quantity.quantity>0.000000</in_Quantity.quantity><out_Quantity.quantity>651.857747</out_Quantity.quantity></Point><Point><position>406</position><in_Quantity.quantity>0.000000</in_Quantity.quantity><out_Quantity.quantity>704.691467</out_Quantity.quantity></Point><Point><position>407</position><in_Quantity.quantity>0.000000</in_Quantity.quantity><out_Quantity.quantity>782.009574</out_Quantity.quantity></Point><Point><position>408</position><in_Quantity.quantity>0.000000</in_Quantity.quantity><out_Quantity.quantity>859.942455</out_Quantity.quantity></Point><Point><position>409</position><in_Quantity.quantity>0.000000</in_Quantity.quantity><out_Quantity.quantity>567.944168</out_Quantity.quantity></Point><Point><position>410</position><in_Quantity.quantity>0.000000</in_Quantity.quantity><out_Quantity.quantity>476.169851</out_Quantity.quantity></Point><Point><position>411</position><in_Quantity.quantity>0.000000</in_Quantity.quantity><out_Quantity.quantity>499.910486</out_Quantity.quantity></Point><Point><position>412</position><in_Quantity.quantity>0.000000</in_Quantity.quantity><out_Quantity.quantity>265.688008</out_Quantity.quantity></Point><Point><position>413</position><in_Quantity.quantity>0.000000</in_Quantity.quantity><out_Quantity.quantity>786.587745</out_Quantity.quantity></Point><Point><position>414</position><in_Quantity.quantity>0.000000</in_Quantity.quantity><out_Quantity.quantity>451.733758</out_Quantity.quantity></Point><Point><position>415</position><in_Quantity.quantity>0.000000</in_Quantity.quantity><out_Quantity.quantity>866.481284</out_Quantity.quantity></Point><Point><position>416</position><in_Quantity.quantity>0.000000</in_Quantity.quantity><out_Quantity.quantity>367.133945</out_Quantity.quantity></Point><Point><position>417</position><in_Quantity.quantity>0.000000</in_Quantity.quantity><out_Quantity.quantity>796.596020</out_Quantity.quantity></Point><Point><position>418</position><in_Quantity.quantity>0.000000</in_Quantity.quantity><out_Quantity.quantity>892.299089</out_Quantity.quantity></Point><Point><position>419</position><in_Quantity.quantity>0.000000</in_Quantity.quantity><out_Quantity.quantity>333.651047</out_Quantity.quantity></Point><Point><position>420</position><in_Quantity.quantity>0.000000</in_Quantity.quantity><out_Quantity.quantity>80.743799</out_Quantity.quantity></Point><Point><position>421</position><in_Quantity.quantity>0.000000</in_Quantity.quantity><out_Quantity.quantity>308.682870</out_Quantity.quantity></Point><Point><position>422</position><in_Quantity.quantity>0.000000</in_Quantity.quantity><out_Quantity.quantity>835.192412</out_Quantity.quantity></Point><Point><position>423</position><in_Quantity.quantity>0.000000</in_Quantity.quantity><out_Quantity.quantity>431.436923</out_Quantity.quantity></Point><Point><position>424</position><in_Quantity.quantity>0.000000</in_Quantity.quantity><out_Quantity.quantity>677.401293</out_Quantity.quantity></Point><Point><position>425</position><in_Quantity.quantity>0.000000</in_Quantity.quantity><out_Quantity.quantity>193.017533</out_Quantity.quantity></Point><Point><position>426</position><in_Quantity.quantity>0.000000</in_Quantity.quantity><out_Quantity.quantity>413.336718</out_Quantity.quantity></Point><Point><position>427</position><in_Quantity.quantity>0.000000</in_Quantity.quantity><out_Quantity.quantity>355.738113</out_Quantity.quantity></Point><Point><position>428</position><in_Quantity.quantity>0.000000</in_Quantity.quantity><out_Quantity.quantity>111.281125</out_Quantity.quantity></Point><Point><position>429</position><in_Quantity.quantity>0.000000</in_Quantity.quantity><out_Quantity.quantity>923.372487</out_Quantity.quantity></Point><Point><position>430</position><in_Quantity.quantity>0.000000</in_Quantity.quantity><out_Quantity.quantity>650.204345</out_Quantity.quantity></Point><Point><position>431</position><in_Quantity.quantity>0.000000</in_Quantity.quantity><out_Quantity.quantity>758.830581</out_Quantity.quantity></Point><Point><position>432</position><in_Quantity.quantity>0.000000</in_Quantity.quantity><out_Quantity.quantity>195.763688</out_Quantity.quantity></Point><Point><position>433</position><in_Quantity.quantity>0.000000</in_Quantity.quantity><out_Quantity.quantity>22.288438</out_Quantity.quantity></Point><Point><position>434</position><in_Quantity.quantity>0.000000</in_Quantity.quantity><out_Quantity.quantity>615.865486</out_Quantity.quantity></Point><Point><position>435</position><in_Quantity.quantity>0.000000</in_Quantity.quantity><out_Quantity.quantity>831.164984</out_Quantity.quantity></Point><Point><position>436</position><in_Quantity.quantity>0.000000</in_Quantity.quantity><out_Quantity.quantity>185.003400</out_Quantity.quantity></Point><Point><position>437</position><in_Quantity.quantity>0.000000</in_Quantity.quantity><out_Quantity.quantity>189.203781</out_Quantity.quantity></Point><Point><position>438</position><in_Quantity.quantity>0.000000</in_Quantity.quantity><out_Quantity.quantity>359.404644</out_Quantity.quantity></Point><Point><position>439</position><in_Quantity.quantity>0.000000</in_Quantity.quantity><out_Quantity.quantity>790.522978</out_Quantity.quantity></Point><Point><position>440</position><in_Quantity.quantity>0.000000</in_Quantity.quantity><out_Quantity.quantity>235.578203</out_Quantity.quantity></Point><Point><position>441</position><in_Quantity.quantity>0.000000</in_Quantity.quantity><out_Quantity.quantity>86.047605</out_Quantity.quantity></Point><Point><position>442</position><in_Quantity.quantity>0.000000</in_Quantity.quantity><out_Quantity.quantity>826.095341</out_Quantity.quantity></Point><Point><position>443</position><in_Quantity.quantity>0.000000</in_Quantity.quantity><out_Quantity.quantity>729.435082</out_Quantity.quantity></Point><Point><position>444</position><in_Quantity.quantity>0.000000</in_Quantity.quantity><out_Quantity.quantity>335.646155</out_Quantity.quantity></Point><Point><position>445</position><in_Quantity.quantity>0.000000</in_Quantity.quantity><out_Quantity.quantity>848.819180</out_Quantity.quantity></Point><Point><position>446</position><in_Quantity.quantity>0.000000</in_Quantity.quantity><out_Quantity.quantity>206.461343</out_Quantity.quantity></Point><Point><position>447</position><in_Quantity.quantity>0.000000</in_Quantity.quantity><out_Quantity.quantity>681.150032</out_Quantity.quantity></Point><Point><position>448</position><in_Quantity.quantity>0.000000</in_Quantity.quantity><out_Quantity.quantity>783.995515</out_Quantity.quantity></Point><Point><position>449</position><in_Quantity.quantity>0.000000</in_Quantity.quantity><out_Quantity.quantity>806.046375</out_Quantity.quantity></Point><Point><position>450</position><in_Quantity.quantity>0.000000</in_Quantity.quantity><out_Quantity.quantity>631.608066</out_Quantity.quantity></Point><Point><position>451</position><in_Quantity.quantity>0.000000</in_Quantity.quantity><out_Quantity.quantity>543.013028</out_Quantity.quantity></Point><Point><position>452</position><in_Quantity.quantity>0.000000</in_Quantity.quantity><out_Quantity.quantity>230.657645</out_Quantity.quantity></Point><Point><position>453</position><in_Quantity.quantity>0.000000</in_Quantity.quantity><out_Quantity.quantity>404.793561</out_Quantity.quantity></Point><Point><position>454</position><in_Quantity.quantity>0.000000</in_Quantity.quantity><out_Quantity.quantity>607.111399</out_Quantity.quantity></Point><Point><position>455</position><in_Quantity.quantity>0.000000</in_Quantity.quantity><out_Quantity.quantity>827.476637</out_Quantity.quantity></Point><Point><position>456</position><in_Quantity.quantity>0.000000</in_Quantity.quantity><out_Quantity.quantity>922.077280</out_Quantity.quantity></Point><Point><position>457</position><in_Quantity.quantity>0.000000</in_Quantity.quantity><out_Quantity.quantity>318.153875</out_Quantity.quantity></Point><Point><position>458</position><in_Quantity.quantity>0.000000</in_Quantity.quantity><out_Quantity.quantity>33.156778</out_Quantity.quantity></Point><Point><position>459</position><in_Quantity.quantity>0.000000</in_Quantity.quantity><out_Quantity.quantity>378.411269</out_Quantity.quantity></Point><Point><position>460</position><in_Quantity.quantity>0.000000</in_Quantity.quantity><out_Quantity.quantity>174.397098</out_Quantity.quantity></Point><Point><position>461</position><in_Quantity.quantity>0.000000</in_Quantity.quantity><out_Quantity.quantity>415.650986</out_Quantity.quantity></Point><Point><position>462</position><in_Quantity.quantity>0.000000</in_Quantity.quantity><out_Quantity.quantity>316.722527</out_Quantity.quantity></Point><Point><position>463</position><in_Quantity.quantity>0.000000</in_Quantity.quantity><out_Quantity.quantity>656.329898</out_Quantity.quantity></Point><Point><position>464</position><in_Quantity.quantity>0.000000</in_Quantity.quantity><out_Quantity.quantity>278.920252</out_Quantity.quantity></Point><Point><position>465</position><in_Quantity.quantity>0.000000</in_Quantity.quantity><out_Quantity.quantity>824.556215</out_Quantity.quantity></Point><Point><position>466</position><in_Quantity.quantity>0.000000</in_Quantity.quantity><out_Quantity.quantity>123.450257</out_Quantity.quantity></Point><Point><position>467</position><in_Quantity.quantity>0.000000</in_Quantity.quantity><out_Quantity.quantity>267.757414</out_Quantity.quantity></Point><Point><position>468</position><in_Quantity.quantity>0.000000</in_Quantity.quantity><out_Quantity.quantity>804.218211</out_Quantity.quantity></Point><Point><position>469</position><in_Quantity.quantity>0.000000</in_Quantity.quantity><out_Quantity.quantity>793.227636</out_Quantity.quantity></Point><Point><position>470</position><in_Quantity.quantity>0.000000</in_Quantity.quantity><out_Quantity.quantity>449.131488</out_Quantity.quantity></Point><Point><position>471</position><in_Quantity.quantity>0.000000</in_Quantity.quantity><out_Quantity.quantity>560.043357</out_Quantity.quantity></Point><Point><position>472</position><in_Quantity.quantity>0.000000</in_Quantity.quantity><out_Quantity.quantity>144.618492</out_Quantity.quantity></Point><Point><position>473</position><in_Quantity.quantity>0.000000</in_Quantity.quantity><out_Quantity.quantity>336.957033</out_Quantity.quantity></Point><Point><position>474</position><in_Quantity.quantity>0.000000</in_Quantity.quantity><out_Quantity.quantity>173.962660</out_Quantity.quantity></Point><Point><position>475</position><in_Quantity.quantity>0.000000</in_Quantity.quantity><out_Quantity.quantity>736.804218</out_Quantity.quantity></Point><Point><position>476</position><in_Quantity.quantity>0.000000</in_Quantity.quantity><out_Quantity.quantity>714.197572</out_Quantity.quantity></Point><Point><position>477</position><in_Quantity.quantity>0.000000</in_Quantity.quantity><out_Quantity.quantity>792.885494</out_Quantity.quantity></Point><Point><position>478</position><in_Quantity.quantity>0.000000</in_Quantity.quantity><out_Quantity.quantity>977.422904</out_Quantity.quantity></Point><Point><position>479</position><in_Quantity.quantity>0.000000</in_Quantity.quantity><out_Quantity.quantity>964.294243</out_Quantity.quantity></Point><Point><position>480</position><in_Quantity.quantity>0.000000</in_Quantity.quantity><out_Quantity.quantity>641.667353</out_Quantity.quantity></Point><Point><position>481</position><in_Quantity.quantity>0.000000</in_Quantity.quantity><out_Quantity.quantity>599.289912</out_Quantity.quantity></Point><Point><position>482</position><in_Quantity.quantity>0.000000</in_Quantity.quantity><out_Quantity.quantity>404.177000</out_Quantity.quantity></Point><Point><position>483</position><in_Quantity.quantity>0.000000</in_Quantity.quantity><out_Quantity.quantity>785.273410</out_Quantity.quantity></Point><Point><position>484</position><in_Quantity.quantity>0.000000</in_Quantity.quantity><out_Quantity.quantity>917.920225</out_Quantity.quantity></Point><Point><position>485</position><in_Quantity.quantity>0.000000</in_Quantity.quantity><out_Quantity.quantity>811.490108</out_Quantity.quantity></Point><Point><position>486</position><in_Quantity.quantity>0.000000</in_Quantity.quantity><out_Quantity.quantity>203.052513</out_Quantity.quantity></Point><Point><position>487</position><in_Quantity.quantity>0.000000</in_Quantity.quantity><out_Quantity.quantity>999.164355</out_Quantity.quantity></Point><Point><position>488</position><in_Quantity.quantity>0.000000</in_Quantity.quantity><out_Quantity.quantity>220.177841</out_Quantity.quantity></Point><Point><position>489</position><in_Quantity.quantity>0.000000</in_Quantity.quantity><out_Quantity.quantity>586.025533</out_Quantity.quantity></Point><Point><position>490</position><in_Quantity.quantity>0.000000</in_Quantity.quantity><out_Quantity.quantity>371.521284</out_Quantity.quantity></Point><Point><position>491</position><in_Quantity.quantity>0.000000</in_Quantity.quantity><out_Quantity.quantity>979.775087</out_Quantity.quantity></Point><Point><position>492</position><in_Quantity.quantity>0.000000</in_Quantity.quantity><out_Quantity.quantity>673.011023</out_Quantity.quantity></Point><Point><position>493</position><in_Quantity.quantity>0.000000</in_Quantity.quantity><out_Quantity.quantity>133.245508</out_Quantity.quantity></Point><Point><position>494</position><in_Quantity.quantity>0.000000</in_Quantity.quantity><out_Quantity.quantity>0.015110</out_Quantity.quantity></Point><Point><position>495</position><in_Quantity.quantity>0.000000</in_Quantity.quantity><out_Quantity.quantity>565.774015</out_Quantity.quantity></Point><Point><position>496</position><in_Quantity.quantity>0.000000</in_Quantity.quantity><out_Quantity.quantity>989.304811</out_Quantity.quantity></Point><Point><position>497</position><in_Quantity.quantity>0.000000</in_Quantity.quantity><out_Quantity.quantity>38.903935</out_Quantity.quantity></Point><Point><position>498</position><in_Quantity.quantity>0.000000</in_Quantity.quantity><out_Quantity.quantity>918.905079</out_Quantity.quantity></Point><Point><position>499</position><in_Quantity.quantity>0.000000</in_Quantity.quantity><out_Quantity.quantity>971.463968</out_Quantity.quantity></Point><Point><position>500</position><in_Quantity.quantity>0.000000</in_Quantity.quantity><out_Quantity.quantity>987.235790</out_Quantity.quantity></Point><Point><position>501</position><in_Quantity.quantity>0.000000</in_Quantity.quantity><out_Quantity.quantity>156.431172</out_Quantity.quantity></Point><Point><position>502</position><in_Quantity.quantity>0.000000</in_Quantity.quantity><out_Quantity.quantity>481.210483</out_Quantity.quantity></Point><Point><position>503</position><in_Quantity.quantity>0.000000</in_Quantity.quantity><out_Quantity.quantity>21.106369</out_Quantity.quantity></Point><Point><position>504</position><in_Quantity.quantity>0.000000</in_Quantity.quantity><out_Quantity.quantity>250.422618</out_Quantity.quantity></Point><Point><position>505</position><in_Quantity.quantity>0.000000</in_Quantity.quantity><out_Quantity.quantity>840.007960</out_Quantity.quantity></Point><Point><position>506</position><in_Quantity.quantity>0.000000</in_Quantity.quantity><out_Quantity.quantity>867.502436</out_Quantity.quantity></Point><Point><position>507</position><in_Quantity.quantity>0.000000</in_Quantity.quantity><out_Quantity.quantity>54.501690</out_Quantity.quantity></Point><Point><position>508</position><in_Quantity.quantity>0.000000</in_Quantity.quantity><out_Quantity.quantity>255.223256</out_Quantity.quantity></Point><Point><position>509</position><in_Quantity.quantity>0.000000</in_Quantity.quantity><out_Quantity.quantity>14.862948</out_Quantity.quantity></Point><Point><position>510</position><in_Quantity.quantity>0.000000</in_Quantity.quantity><out_Quantity.quantity>786.880933</out_Quantity.quantity></Point><Point><position>511</position><in_Quantity.quantity>0.000000</in_Quantity.quantity><out_Quantity.quantity>430.407950</out_Quantity.quantity></Point><Point><position>512</position><in_Quantity.quantity>0.000000</in_Quantity.quantity><out_Quantity.quantity>139.950477</out_Quantity.quantity></Point><Point><position>513</position><in_Quantity.quantity>0.000000</in_Quantity.quantity><out_Quantity.quantity>185.048139</out_Quantity.quantity></Point><Point><position>514</position><in_Quantity.quantity>0.000000</in_Quantity.quantity><out_Quantity.quantity>289.033152</out_Quantity.quantity></Point><Point><position>515</position><in_Quantity.quantity>0.000000</in_Quantity.quantity><out_Quantity.quantity>120.558529</out_Quantity.quantity></Point><Point><position>516</position><in_Quantity.quantity>0.000000</in_Quantity.quantity><out_Quantity.quantity>717.428524</out_Quantity.quantity></Point><Point><position>517</position><in_Quantity.quantity>0.000000</in_Quantity.quantity><out_Quantity.quantity>550.120536</out_Quantity.quantity></Point><Point><position>518</position><in_Quantity.quantity>0.000000</in_Quantity.quantity><out_Quantity.quantity>601.720798</out_Quantity.quantity></Point><Point><position>519</position><in_Quantity.quantity>0.000000</in_Quantity.quantity><out_Quantity.quantity>247.233416</out_Quantity.quantity></Point><Point><position>520</position><in_Quantity.quantity>0.000000</in_Quantity.quantity><out_Quantity.quantity>863.600341</out_Quantity.quantity></Point><Point><position>521</position><in_Quantity.quantity>0.000000</in_Quantity.quantity><out_Quantity.quantity>71.629126</out_Quantity.quantity></Point><Point><position>522</position><in_Quantity.quantity>0.000000</in_Quantity.quantity><out_Quantity.quantity>345.354639</out_Quantity.quantity></Point><Point><position>523</position><in_Quantity.quantity>0.000000</in_Quantity.quantity><out_Quantity.quantity>379.650555</out_Quantity.quantity></Point><Point><position>524</position><in_Quantity.quantity>0.000000</in_Quantity.quantity><out_Quantity.quantity>504.923008</out_Quantity.quantity></Point><Point><position>525</position><in_Quantity.quantity>0.000000</in_Quantity.quantity><out_Quantity.quantity>257.603111</out_Quantity.quantity></Point><Point><position>526</position><in_Quantity.quantity>0.000000</in_Quantity.quantity><out_Quantity.quantity>343.371922</out_Quantity.quantity></Point><Point><position>527</position><in_Quantity.quantity>0.000000</in_Quantity.quantity><out_Quantity.quantity>382.188679</out_Quantity.quantity></Point><Point><position>528</position><in_Quantity.quantity>0.000000</in_Quantity.quantity><out_Quantity.quantity>39.155767</out_Quantity.quantity></Point><Point><position>529</position><in_Quantity.quantity>0.000000</in_Quantity.quantity><out_Quantity.quantity>819.637237</out_Quantity.quantity></Point><Point><position>530</position><in_Quantity.quantity>0.000000</in_Quantity.quantity><out_Quantity.quantity>266.608673</out_Quantity.quantity></Point><Point><position>531</position><in_Quantity.quantity>0.000000</in_Quantity.quantity><out_Quantity.quantity>799.085679</out_Quantity.quantity></Point><Point><position>532</position><in_Quantity.quantity>0.000000</in_Quantity.quantity><out_Quantity.quantity>351.993193</out_Quantity.quantity></Point><Point><position>533</position><in_Quantity.quantity>0.000000</in_Quantity.quantity><out_Quantity.quantity>841.945696</out_Quantity.quantity></Point><Point><position>534</position><in_Quantity.quantity>0.000000</in_Quantity.quantity><out_Quantity.quantity>823.318334</out_Quantity.quantity></Point><Point><position>535</position><in_Quantity.quantity>0.000000</in_Quantity.quantity><out_Quantity.quantity>663.824418</out_Quantity.quantity></Point><Point><position>536</position><in_Quantity.quantity>0.000000</in_Quantity.quantity><out_Quantity.quantity>266.531562</out_Quantity.quantity></Point><Point><position>537</position><in_Quantity.quantity>0.000000</in_Quantity.quantity><out_Quantity.quantity>373.016739</out_Quantity.quantity></Point><Point><position>538</position><in_Quantity.quantity>0.000000</in_Quantity.quantity><out_Quantity.quantity>627.469613</out_Quantity.quantity></Point><Point><position>539</position><in_Quantity.quantity>0.000000</in_Quantity.quantity><out_Quantity.quantity>690.572921</out_Quantity.quantity></Point><Point><position>540</position><in_Quantity.quantity>0.000000</in_Quantity.quantity><out_Quantity.quantity>610.867995</out_Quantity.quantity></Point><Point><position>541</position><in_Quantity.quantity>0.000000</in_Quantity.quantity><out_Quantity.quantity>261.521924</out_Quantity.quantity></Point><Point><position>542</position><in_Quantity.quantity>0.000000</in_Quantity.quantity><out_Quantity.quantity>443.295350</out_Quantity.quantity></Point><Point><position>543</position><in_Quantity.quantity>0.000000</in_Quantity.quantity><out_Quantity.quantity>947.326998</out_Quantity.quantity></Point><Point><position>544</position><in_Quantity.quantity>0.000000</in_Quantity.quantity><out_Quantity.quantity>717.085928</out_Quantity.quantity></Point><Point><position>545</position><in_Quantity.quantity>0.000000</in_Quantity.quantity><out_Quantity.quantity>220.287037</out_Quantity.quantity></Point><Point><position>546</position><in_Quantity.quantity>0.000000</in_Quantity.quantity><out_Quantity.quantity>183.248317</out_Quantity.quantity></Point><Point><position>547</position><in_Quantity.quantity>0.000000</in_Quantity.quantity><out_Quantity.quantity>710.334059</out_Quantity.quantity></Point><Point><position>548</position><in_Quantity.quantity>0.000000</in_Quantity.quantity><out_Quantity.quantity>985.816871</out_Quantity.quantity></Point><Point><position>549</position><in_Quantity.quantity>0.000000</in_Quantity.quantity><out_Quantity.quantity>101.549767</out_Quantity.quantity></Point><Point><position>550</position><in_Quantity.quantity>0.000000</in_Quantity.quantity><out_Quantity.quantity>999.677994</out_Quantity.quantity></Point><Point><position>551</position><in_Quantity.quantity>0.000000</in_Quantity.quantity><out_Quantity.quantity>692.137051</out_Quantity.quantity></Point><Point><position>552</position><in_Quantity.quantity>0.000000</in_Quantity.quantity><out_Quantity.quantity>579.498349</out_Quantity.quantity></Point><Point><position>553</position><in_Quantity.quantity>0.000000</in_Quantity.quantity><out_Quantity.quantity>296.393873</out_Quantity.quantity></Point><Point><position>554</position><in_Quantity.quantity>0.000000</in_Quantity.quantity><out_Quantity.quantity>841.477161</out_Quantity.quantity></Point><Point><position>555</position><in_Quantity.quantity>0.000000</in_Quantity.quantity><out_Quantity.quantity>347.066297</out_Quantity.quantity></Point><Point><position>556</position><in_Quantity.quantity>0.000000</in_Quantity.quantity><out_Quantity.quantity>315.230449</out_Quantity.quantity></Point><Point><position>557</position><in_Quantity.quantity>0.000000</in_Quantity.quantity><out_Quantity.quantity>823.313768</out_Quantity.quantity></Point><Point><position>558</position><in_Quantity.quantity>0.000000</in_Quantity.quantity><out_Quantity.quantity>687.288102</out_Quantity.quantity></Point><Point><position>559</position><in_Quantity.quantity>0.000000</in_Quantity.quantity><out_Quantity.quantity>95.326851</out_Quantity.quantity></Point><Point><position>560</position><in_Quantity.quantity>0.000000</in_Quantity.quantity><out_Quantity.quantity>465.834114</out_Quantity.quantity></Point><Point><position>561</position><in_Quantity.quantity>0.000000</in_Quantity.quantity><out_Quantity.quantity>660.929286</out_Quantity.quantity></Point><Point><position>562</position><in_Quantity.quantity>0.000000</in_Quantity.quantity><out_Quantity.quantity>269.644312</out_Quantity.quantity></Point><Point><position>563</position><in_Quantity.quantity>0.000000</in_Quantity.quantity><out_Quantity.quantity>3.330444</out_Quantity.quantity></Point><Point><position>564</position><in_Quantity.quantity>0.000000</in_Quantity.quantity><out_Quantity.quantity>240.925507</out_Quantity.quantity></Point><Point><position>565</position><in_Quantity.quantity>0.000000</in_Quantity.quantity><out_Quantity.quantity>950.903839</out_Quantity.quantity></Point><Point><position>566</position><in_Quantity.quantity>0.000000</in_Quantity.quantity><out_Quantity.quantity>62.451652</out_Quantity.quantity></Point><Point><position>567</position><in_Quantity.quantity>0.000000</in_Quantity.quantity><out_Quantity.quantity>547.109181</out_Quantity.quantity></Point><Point><position>568</position><in_Quantity.quantity>0.000000</in_Quantity.quantity><out_Quantity.quantity>511.040422</out_Quantity.quantity></Point><Point><position>569</position><in_Quantity.quantity>0.000000</in_Quantity.quantity><out_Quantity.quantity>180.429648</out_Quantity.quantity></Point><Point><position>570</position><in_Quantity.quantity>0.000000</in_Quantity.quantity><out_Quantity.quantity>983.261504</out_Quantity.quantity></Point><Point><position>571</position><in_Quantity.quantity>0.000000</in_Quantity.quantity><out_Quantity.quantity>276.785574</out_Quantity.quantity></Point><Point><position>572</position><in_Quantity.quantity>0.000000</in_Quantity.quantity><out_Quantity.quantity>864.403878</out_Quantity.quantity></Point><Point><position>573</position><in_Quantity.quantity>0.000000</in_Quantity.quantity><out_Quantity.quantity>359.725317</out_Quantity.quantity></Point><Point><position>574</position><in_Quantity.quantity>0.000000</in_Quantity.quantity><out_Quantity.quantity>352.156865</out_Quantity.quantity></Point><Point><position>575</position><in_Quantity.quantity>0.000000</in_Quantity.quantity><out_Quantity.quantity>35.724209</out_Quantity.quantity></Point><Point><position>576</position><in_Quantity.quantity>0.000000</in_Quantity.quantity><out_Quantity.quantity>655.287888</out_Quantity.quantity></Point><Point><position>577</position><in_Quantity.quantity>0.000000</in_Quantity.quantity><out_Quantity.quantity>313.097719</out_Quantity.quantity></Point><Point><position>578</position><in_Quantity.quantity>0.000000</in_Quantity.quantity><out_Quantity.quantity>73.519252</out_Quantity.quantity></Point><Point><position>579</position><in_Quantity.quantity>0.000000</in_Quantity.quantity><out_Quantity.quantity>61.333523</out_Quantity.quantity></Point><Point><position>580</position><in_Quantity.quantity>0.000000</in_Quantity.quantity><out_Quantity.quantity>732.434949</out_Quantity.quantity></Point><Point><position>581</position><in_Quantity.quantity>0.000000</in_Quantity.quantity><out_Quantity.quantity>147.008999</out_Quantity.quantity></Point><Point><position>582</position><in_Quantity.quantity>0.000000</in_Quantity.quantity><out_Quantity.quantity>862.963649</out_Quantity.quantity></Point><Point><position>583</position><in_Quantity.quantity>0.000000</in_Quantity.quantity><out_Quantity.quantity>922.289228</out_Quantity.quantity></Point><Point><position>584</position><in_Quantity.quantity>0.000000</in_Quantity.quantity><out_Quantity.quantity>121.770904</out_Quantity.quantity></Point><Point><position>585</position><in_Quantity.quantity>0.000000</in_Quantity.quantity><out_Quantity.quantity>900.448674</out_Quantity.quantity></Point><Point><position>586</position><in_Quantity.quantity>0.000000</in_Quantity.quantity><out_Quantity.quantity>216.151516</out_Quantity.quantity></Point><Point><position>587</position><in_Quantity.quantity>0.000000</in_Quantity.quantity><out_Quantity.quantity>346.019898</out_Quantity.quantity></Point><Point><position>588</position><in_Quantity.quantity>0.000000</in_Quantity.quantity><out_Quantity.quantity>825.892093</out_Quantity.quantity></Point><Point><position>589</position><in_Quantity.quantity>0.000000</in_Quantity.quantity><out_Quantity.quantity>177.241696</out_Quantity.quantity></Point><Point><position>590</position><in_Quantity.quantity>0.000000</in_Quantity.quantity><out_Quantity.quantity>690.983636</out_Quantity.quantity></Point><Point><position>591</position><in_Quantity.quantity>0.000000</in_Quantity.quantity><out_Quantity.quantity>836.983237</out_Quantity.quantity></Point><Point><position>592</position><in_Quantity.quantity>0.000000</in_Quantity.quantity><out_Quantity.quantity>893.674160</out_Quantity.quantity></Point><Point><position>593</position><in_Quantity.quantity>0.000000</in_Quantity.quantity><out_Quantity.quantity>289.722619</out_Quantity.quantity></Point><Point><position>594</position><in_Quantity.quantity>0.000000</in_Quantity.quantity><out_Quantity.quantity>762.895595</out_Quantity.quantity></Point><Point><position>595</position><in_Quantity.quantity>0.000000</in_Quantity.quantity><out_Quantity.quantity>191.737662</out_Quantity.quantity></Point><Point><position>596</position><in_Quantity.quantity>0.000000</in_Quantity.quantity><out_Quantity.quantity>116.139145</out_Quantity.quantity></Point><Point><position>597</position><in_Quantity.quantity>0.000000</in_Quantity.quantity><out_Quantity.quantity>335.869859</out_Quantity.quantity></Point><Point><position>598</position><in_Quantity.quantity>0.000000</in_Quantity.quantity><out_Quantity.quantity>979.779714</out_Quantity.quantity></Point><Point><position>599</position><in_Quantity.quantity>0.000000</in_Quantity.quantity><out_Quantity.quantity>23.156024</out_Quantity.quantity></Point><Point><position>600</position><in_Quantity.quantity>0.000000</in_Quantity.quantity><out_Quantity.quantity>896.527015</out_Quantity.quantity></Point><Point><position>601</position><in_Quantity.quantity>0.000000</in_Quantity.quantity><out_Quantity.quantity>574.623028</out_Quantity.quantity></Point><Point><position>602</position><in_Quantity.quantity>0.000000</in_Quantity.quantity><out_Quantity.quantity>123.971887</out_Quantity.quantity></Point><Point><position>603</position><in_Quantity.quantity>0.000000</in_Quantity.quantity><out_Quantity.quantity>59.620005</out_Quantity.quantity></Point><Point><position>604</position><in_Quantity.quantity>0.000000</in_Quantity.quantity><out_Quantity.quantity>597.831080</out_Quantity.quantity></Point><Point><position>605</position><in_Quantity.quantity>0.000000</in_Quantity.quantity><out_Quantity.quantity>304.255104</out_Quantity.quantity></Point><Point><position>606</position><in_Quantity.quantity>0.000000</in_Quantity.quantity><out_Quantity.quantity>321.531584</out_Quantity.quantity></Point><Point><position>607</position><in_Quantity.quantity>0.000000</in_Quantity.quantity><out_Quantity.quantity>861.329468</out_Quantity.quantity></Point><Point><position>608</position><in_Quantity.quantity>0.000000</in_Quantity.quantity><out_Quantity.quantity>665.776982</out_Quantity.quantity></Point><Point><position>609</position><in_Quantity.quantity>0.000000</in_Quantity.quantity><out_Quantity.quantity>565.106252</out_Quantity.quantity></Point><Point><position>610</position><in_Quantity.quantity>0.000000</in_Quantity.quantity><out_Quantity.quantity>205.239685</out_Quantity.quantity></Point><Point><position>611</position><in_Quantity.quantity>0.000000</in_Quantity.quantity><out_Quantity.quantity>564.746546</out_Quantity.quantity></Point><Point><position>612</position><in_Quantity.quantity>0.000000</in_Quantity.quantity><out_Quantity.quantity>265.754243</out_Quantity.quantity></Point><Point><position>613</position><in_Quantity.quantity>0.000000</in_Quantity.quantity><out_Quantity.quantity>558.758681</out_Quantity.quantity></Point><Point><position>614</position><in_Quantity.quantity>0.000000</in_Quantity.quantity><out_Quantity.quantity>875.969887</out_Quantity.quantity></Point><Point><position>615</position><in_Quantity.quantity>0.000000</in_Quantity.quantity><out_Quantity.quantity>629.893933</out_Quantity.quantity></Point><Point><position>616</position><in_Quantity.quantity>0.000000</in_Quantity.quantity><out_Quantity.quantity>242.095520</out_Quantity.quantity></Point><Point><position>617</position><in_Quantity.quantity>0.000000</in_Quantity.quantity><out_Quantity.quantity>594.518840</out_Quantity.quantity></Point><Point><position>618</position><in_Quantity.quantity>0.000000</in_Quantity.quantity><out_Quantity.quantity>778.341723</out_Quantity.quantity></Point><Point><position>619</position><in_Quantity.quantity>0.000000</in_Quantity.quantity><out_Quantity.quantity>977.704504</out_Quantity.quantity></Point><Point><position>620</position><in_Quantity.quantity>0.000000</in_Quantity.quantity><out_Quantity.quantity>488.210391</out_Quantity.quantity></Point><Point><position>621</position><in_Quantity.quantity>0.000000</in_Quantity.quantity><out_Quantity.quantity>694.751994</out_Quantity.quantity></Point><Point><position>622</position><in_Quantity.quantity>0.000000</in_Quantity.quantity><out_Quantity.quantity>106.554923</out_Quantity.quantity></Point><Point><position>623</position><in_Quantity.quantity>0.000000</in_Quantity.quantity><out_Quantity.quantity>274.795485</out_Quantity.quantity></Point><Point><position>624</position><in_Quantity.quantity>0.000000</in_Quantity.quantity><out_Quantity.quantity>73.239871</out_Quantity.quantity></Point><Point><position>625</position><in_Quantity.quantity>0.000000</in_Quantity.quantity><out_Quantity.quantity>131.569487</out_Quantity.quantity></Point><Point><position>626</position><in_Quantity.quantity>0.000000</in_Quantity.quantity><out_Quantity.quantity>476.559120</out_Quantity.quantity></Point><Point><position>627</position><in_Quantity.quantity>0.000000</in_Quantity.quantity><out_Quantity.quantity>969.731611</out_Quantity.quantity></Point><Point><position>628</position><in_Quantity.quantity>0.000000</in_Quantity.quantity><out_Quantity.quantity>747.482727</out_Quantity.quantity></Point><Point><position>629</position><in_Quantity.quantity>0.000000</in_Quantity.quantity><out_Quantity.quantity>293.887103</out_Quantity.quantity></Point><Point><position>630</position><in_Quantity.quantity>0.000000</in_Quantity.quantity><out_Quantity.quantity>589.021632</out_Quantity.quantity></Point><Point><position>631</position><in_Quantity.quantity>0.000000</in_Quantity.quantity><out_Quantity.quantity>163.036474</out_Quantity.quantity></Point><Point><position>632</position><in_Quantity.quantity>0.000000</in_Quantity.quantity><out_Quantity.quantity>899.818004</out_Quantity.quantity></Point><Point><position>633</position><in_Quantity.quantity>0.000000</in_Quantity.quantity><out_Quantity.quantity>243.488919</out_Quantity.quantity></Point><Point><position>634</position><in_Quantity.quantity>0.000000</in_Quantity.quantity><out_Quantity.quantity>573.138394</out_Quantity.quantity></Point><Point><position>635</position><in_Quantity.quantity>0.000000</in_Quantity.quantity><out_Quantity.quantity>340.230032</out_Quantity.quantity></Point><Point><position>636</position><in_Quantity.quantity>0.000000</in_Quantity.quantity><out_Quantity.quantity>337.671223</out_Quantity.quantity></Point><Point><position>637</position><in_Quantity.quantity>0.000000</in_Quantity.quantity><out_Quantity.quantity>896.637657</out_Quantity.quantity></Point><Point><position>638</position><in_Quantity.quantity>0.000000</in_Quantity.quantity><out_Quantity.quantity>210.340403</out_Quantity.quantity></Point><Point><position>639</position><in_Quantity.quantity>0.000000</in_Quantity.quantity><out_Quantity.quantity>381.585975</out_Quantity.quantity></Point><Point><position>640</position><in_Quantity.quantity>0.000000</in_Quantity.quantity><out_Quantity.quantity>565.711692</out_Quantity.quantity></Point><Point><position>641</position><in_Quantity.quantity>0.000000</in_Quantity.quantity><out_Quantity.quantity>347.627714</out_Quantity.quantity></Point><Point><position>642</position><in_Quantity.quantity>0.000000</in_Quantity.quantity><out_Quantity.quantity>1.428104</out_Quantity.quantity></Point><Point><position>643</position><in_Quantity.quantity>0.000000</in_Quantity.quantity><out_Quantity.quantity>937.941356</out_Quantity.quantity></Point><Point><position>644</position><in_Quantity.quantity>0.000000</in_Quantity.quantity><out_Quantity.quantity>481.585052</out_Quantity.quantity></Point><Point><position>645</position><in_Quantity.quantity>0.000000</in_Quantity.quantity><out_Quantity.quantity>307.709121</out_Quantity.quantity></Point><Point><position>646</position><in_Quantity.quantity>0.000000</in_Quantity.quantity><out_Quantity.quantity>53.539145</out_Quantity.quantity></Point><Point><position>647</position><in_Quantity.quantity>0.000000</in_Quantity.quantity><out_Quantity.quantity>7.401062</out_Quantity.quantity></Point><Point><position>648</position><in_Quantity.quantity>0.000000</in_Quantity.quantity><out_Quantity.quantity>118.504609</out_Quantity.quantity></Point><Point><position>649</position><in_Quantity.quantity>0.000000</in_Quantity.quantity><out_Quantity.quantity>361.080650</out_Quantity.quantity></Point><Point><position>650</position><in_Quantity.quantity>0.000000</in_Quantity.quantity><out_Quantity.quantity>286.892887</out_Quantity.quantity></Point><Point><position>651</position><in_Quantity.quantity>0.000000</in_Quantity.quantity><out_Quantity.quantity>872.390549</out_Quantity.quantity></Point><Point><position>652</position><in_Quantity.quantity>0.000000</in_Quantity.quantity><out_Quantity.quantity>50.049145</out_Quantity.quantity></Point><Point><position>653</position><in_Quantity.quantity>0.000000</in_Quantity.quantity><out_Quantity.quantity>255.320721</out_Quantity.quantity></Point><Point><position>654</position><in_Quantity.quantity>0.000000</in_Quantity.quantity><out_Quantity.quantity>856.786772</out_Quantity.quantity></Point><Point><position>655</position><in_Quantity.quantity>0.000000</in_Quantity.quantity><out_Quantity.quantity>300.346196</out_Quantity.quantity></Point><Point><position>656</position><in_Quantity.quantity>0.000000</in_Quantity.quantity><out_Quantity.quantity>857.611442</out_Quantity.quantity></Point><Point><position>657</position><in_Quantity.quantity>0.000000</in_Quantity.quantity><out_Quantity.quantity>941.751600</out_Quantity.quantity></Point><Point><position>658</position><in_Quantity.quantity>0.000000</in_Quantity.quantity><out_Quantity.quantity>444.132737</out_Quantity.quantity></Point><Point><position>659</position><in_Quantity.quantity>0.000000</in_Quantity.quantity><out_Quantity.quantity>150.511371</out_Quantity.quantity></Point><Point><position>660</position><in_Quantity.quantity>0.000000</in_Quantity.quantity><out_Quantity.quantity>239.276232</out_Quantity.quantity></Point><Point><position>661</position><in_Quantity.quantity>0.000000</in_Quantity.quantity><out_Quantity.quantity>518.594956</out_Quantity.quantity></Point><Point><position>662</position><in_Quantity.quantity>0.000000</in_Quantity.quantity><out_Quantity.quantity>778.848173</out_Quantity.quantity></Point><Point><position>663</position><in_Quantity.quantity>0.000000</in_Quantity.quantity><out_Quantity.quantity>228.777477</out_Quantity.quantity></Point><Point><position>664</position><in_Quantity.quantity>0.000000</in_Quantity.quantity><out_Quantity.quantity>551.377362</out_Quantity.quantity></Point><Point><position>665</position><in_Quantity.quantity>0.000000</in_Quantity.quantity><out_Quantity.quantity>602.808964</out_Quantity.quantity></Point><Point><position>666</position><in_Quantity.quantity>0.000000</in_Quantity.quantity><out_Quantity.quantity>956.382359</out_Quantity.quantity></Point><Point><position>667</position><in_Quantity.quantity>0.000000</in_Quantity.quantity><out_Quantity.quantity>430.571742</out_Quantity.quantity></Point><Point><position>668</position><in_Quantity.quantity>0.000000</in_Quantity.quantity><out_Quantity.quantity>193.039529</out_Quantity.quantity></Point><Point><position>669</position><in_Quantity.quantity>0.000000</in_Quantity.quantity><out_Quantity.quantity>514.929840</out_Quantity.quantity></Point><Point><position>670</position><in_Quantity.quantity>0.000000</in_Quantity.quantity><out_Quantity.quantity>931.444587</out_Quantity.quantity></Point><Point><position>671</position><in_Quantity.quantity>0.000000</in_Quantity.quantity><out_Quantity.quantity>107.373332</out_Quantity.quantity></Point><Point><position>672</position><in_Quantity.quantity>0.000000</in_Quantity.quantity><out_Quantity.quantity>287.687338</out_Quantity.quantity></Point><Point><position>673</position><in_Quantity.quantity>0.000000</in_Quantity.quantity><out_Quantity.quantity>122.735693</out_Quantity.quantity></Point><Point><position>674</position><in_Quantity.quantity>0.000000</in_Quantity.quantity><out_Quantity.quantity>616.952707</out_Quantity.quantity></Point><Point><position>675</position><in_Quantity.quantity>0.000000</in_Quantity.quantity><out_Quantity.quantity>874.132241</out_Quantity.quantity></Point><Point><position>676</position><in_Quantity.quantity>0.000000</in_Quantity.quantity><out_Quantity.quantity>201.626456</out_Quantity.quantity></Point><Point><position>677</position><in_Quantity.quantity>0.000000</in_Quantity.quantity><out_Quantity.quantity>387.531614</out_Quantity.quantity></Point><Point><position>678</position><in_Quantity.quantity>0.000000</in_Quantity.quantity><out_Quantity.quantity>320.160744</out_Quantity.quantity></Point><Point><position>679</position><in_Quantity.quantity>0.000000</in_Quantity.quantity><out_Quantity.quantity>878.266412</out_Quantity.quantity></Point><Point><position>680</position><in_Quantity.quantity>0.000000</in_Quantity.quantity><out_Quantity.quantity>592.096444</out_Quantity.quantity></Point><Point><position>681</position><in_Quantity.quantity>0.000000</in_Quantity.quantity><out_Quantity.quantity>841.112645</out_Quantity.quantity></Point><Point><position>682</position><in_Quantity.quantity>0.000000</in_Quantity.quantity><out_Quantity.quantity>569.037362</out_Quantity.quantity></Point><Point><position>683</position><in_Quantity.quantity>0.000000</in_Quantity.quantity><out_Quantity.quantity>925.080886</out_Quantity.quantity></Point><Point><position>684</position><in_Quantity.quantity>0.000000</in_Quantity.quantity><out_Quantity.quantity>540.564968</out_Quantity.quantity></Point><Point><position>685</position><in_Quantity.quantity>0.000000</in_Quantity.quantity><out_Quantity.quantity>304.714344</out_Quantity.quantity></Point><Point><position>686</position><in_Quantity.quantity>0.000000</in_Quantity.quantity><out_Quantity.quantity>494.519400</out_Quantity.quantity></Point><Point><position>687</position><in_Quantity.quantity>0.000000</in_Quantity.quantity><out_Quantity.quantity>107.302568</out_Quantity.quantity></Point><Point><position>688</position><in_Quantity.quantity>0.000000</in_Quantity.quantity><out_Quantity.quantity>160.932111</out_Quantity.quantity></Point><Point><position>689</position><in_Quantity.quantity>0.000000</in_Quantity.quantity><out_Quantity.quantity>553.846012</out_Quantity.quantity></Point><Point><position>690</position><in_Quantity.quantity>0.000000</in_Quantity.quantity><out_Quantity.quantity>963.387981</out_Quantity.quantity></Point><Point><position>691</position><in_Quantity.quantity>0.000000</in_Quantity.quantity><out_Quantity.quantity>922.216982</out_Quantity.quantity></Point><Point><position>692</position><in_Quantity.quantity>0.000000</in_Quantity.quantity><out_Quantity.quantity>680.138272</out_Quantity.quantity></Point><Point><position>693</position><in_Quantity.quantity>0.000000</in_Quantity.quantity><out_Quantity.quantity>563.148044</out_Quantity.quantity></Point><Point><position>694</position><in_Quantity.quantity>0.000000</in_Quantity.quantity><out_Quantity.quantity>232.295485</out_Quantity.quantity></Point><Point><position>695</position><in_Quantity.quantity>0.000000</in_Quantity.quantity><out_Quantity.quantity>420.167794</out_Quantity.quantity></Point><Point><position>696</position><in_Quantity.quantity>0.000000</in_Quantity.quantity><out_Quantity.quantity>743.703184</out_Quantity.quantity></Point><Point><position>697</position><in_Quantity.quantity>0.000000</in_Quantity.quantity><out_Quantity.quantity>402.455706</out_Quantity.quantity></Point><Point><position>698</position><in_Quantity.quantity>0.000000</in_Quantity.quantity><out_Quantity.quantity>571.169993</out_Quantity.quantity></Point><Point><position>699</position><in_Quantity.quantity>0.000000</in_Quantity.quantity><out_Quantity.quantity>535.970102</out_Quantity.quantity></Point><Point><position>700</position><in_Quantity.quantity>0.000000</in_Quantity.quantity><out_Quantity.quantity>901.396645</out_Quantity.quantity></Point><Point><position>701</position><in_Quantity.quantity>0.000000</in_Quantity.quantity><out_Quantity.quantity>726.737821</out_Quantity.quantity></Point><Point><position>702</position><in_Quantity.quantity>0.000000</in_Quantity.quantity><out_Quantity.quantity>835.083575</out_Quantity.quantity></Point><Point><position>703</position><in_Quantity.quantity>0.000000</in_Quantity.quantity><out_Quantity.quantity>218.954130</out_Quantity.quantity></Point><Point><position>704</position><in_Quantity.quantity>0.000000</in_Quantity.quantity><out_Quantity.quantity>356.284403</out_Quantity.quantity></Point><Point><position>705</position><in_Quantity.quantity>0.000000</in_Quantity.quantity><out_Quantity.quantity>98.978103</out_Quantity.quantity></Point><Point><position>706</position><in_Quantity.quantity>0.000000</in_Quantity.quantity><out_Quantity.quantity>774.869594</out_Quantity.quantity></Point><Point><position>707</position><in_Quantity.quantity>0.000000</in_Quantity.quantity><out_Quantity.quantity>563.485745</out_Quantity.quantity></Point><Point><position>708</position><in_Quantity.quantity>0.000000</in_Quantity.quantity><out_Quantity.quantity>513.724440</out_Quantity.quantity></Point><Point><position>709</position><in_Quantity.quantity>0.000000</in_Quantity.quantity><out_Quantity.quantity>711.836999</out_Quantity.quantity></Point><Point><position>710</position><in_Quantity.quantity>0.000000</in_Quantity.quantity><out_Quantity.quantity>850.007816</out_Quantity.quantity></Point><Point><position>711</position><in_Quantity.quantity>0.000000</in_Quantity.quantity><out_Quantity.quantity>508.193967</out_Quantity.quantity></Point><Point><position>712</position><in_Quantity.quantity>0.000000</in_Quantity.quantity><out_Quantity.quantity>267.049550</out_Quantity.quantity></Point><Point><position>713</position><in_Quantity.quantity>0.000000</in_Quantity.quantity><out_Quantity.quantity>60.248593</out_Quantity.quantity></Point><Point><position>714</position><in_Quantity.quantity>0.000000</in_Quantity.quantity><out_Quantity.quantity>582.114296</out_Quantity.quantity></Point><Point><position>715</position><in_Quantity.quantity>0.000000</in_Quantity.quantity><out_Quantity.quantity>12.685291</out_Quantity.quantity></Point><Point><position>716</position><in_Quantity.quantity>0.000000</in_Quantity.quantity><out_Quantity.quantity>681.717694</out_Quantity.quantity></Point><Point><position>717</position><in_Quantity.quantity>0.000000</in_Quantity.quantity><out_Quantity.quantity>366.500660</out_Quantity.quantity></Point><Point><position>718</position><in_Quantity.quantity>0.000000</in_Quantity.quantity><out_Quantity.quantity>659.964019</out_Quantity.quantity></Point><Point><position>719</position><in_Quantity.quantity>0.000000</in_Quantity.quantity><out_Quantity.quantity>561.674037</out_Quantity.quantity></Point><Point><position>720</position><in_Quantity.quantity>0.000000</in_Quantity.quantity><out_Quantity.quantity>381.321970</out_Quantity.quantity></Point><Point><position>721</position><in_Quantity.quantity>0.000000</in_Quantity.quantity><out_Quantity.quantity>614.678123</out_Quantity.quantity></Point><Point><position>722</position><in_Quantity.quantity>0.000000</in_Quantity.quantity><out_Quantity.quantity>911.539802</out_Quantity.quantity></Point><Point><position>723</position><in_Quantity.quantity>0.000000</in_Quantity.quantity><out_Quantity.quantity>11.178029</out_Quantity.quantity></Point><Point><position>724</position><in_Quantity.quantity>0.000000</in_Quantity.quantity><out_Quantity.quantity>695.606784</out_Quantity.quantity></Point><Point><position>725</position><in_Quantity.quantity>0.000000</in_Quantity.quantity><out_Quantity.quantity>830.184383</out_Quantity.quantity></Point><Point><position>726</position><in_Quantity.quantity>0.000000</in_Quantity.quantity><out_Quantity.quantity>230.270030</out_Quantity.quantity></Point><Point><position>727</position><in_Quantity.quantity>0.000000</in_Quantity.quantity><out_Quantity.quantity>457.966806</out_Quantity.quantity></Point><Point><position>728</position><in_Quantity.quantity>0.000000</in_Quantity.quantity><out_Quantity.quantity>578.602244</out_Quantity.quantity></Point><Point><position>729</position><in_Quantity.quantity>0.000000</in_Quantity.quantity><out_Quantity.quantity>89.141736</out_Quantity.quantity></Point><Point><position>730</position><in_Quantity.quantity>0.000000</in_Quantity.quantity><out_Quantity.quantity>365.173027</out_Quantity.quantity></Point><Point><position>731</position><in_Quantity.quantity>0.000000</in_Quantity.quantity><out_Quantity.quantity>858.331935</out_Quantity.quantity></Point><Point><position>732</position><in_Quantity.quantity>0.000000</in_Quantity.quantity><out_Quantity.quantity>741.253429</out_Quantity.quantity></Point><Point><position>733</position><in_Quantity.quantity>0.000000</in_Quantity.quantity><out_Quantity.quantity>609.412388</out_Quantity.quantity></Point><Point><position>734</position><in_Quantity.quantity>0.000000</in_Quantity.quantity><out_Quantity.quantity>955.146747</out_Quantity.quantity></Point><Point><position>735</position><in_Quantity.quantity>0.000000</in_Quantity.quantity><out_Quantity.quantity>441.872553</out_Quantity.quantity></Point><Point><position>736</position><in_Quantity.quantity>0.000000</in_Quantity.quantity><out_Quantity.quantity>46.776750</out_Quantity.quantity></Point><Point><position>737</position><in_Quantity.quantity>0.000000</in_Quantity.quantity><out_Quantity.quantity>173.219362</out_Quantity.quantity></Point><Point><position>738</position><in_Quantity.quantity>0.000000</in_Quantity.quantity><out_Quantity.quantity>389.375188</out_Quantity.quantity></Point><Point><position>739</position><in_Quantity.quantity>0.000000</in_Quantity.quantity><out_Quantity.quantity>795.622312</out_Quantity.quantity></Point><Point><position>740</position><in_Quantity.quantity>0.000000</in_Quantity.quantity><out_Quantity.quantity>438.804061</out_Quantity.quantity></Point><Point><position>741</position><in_Quantity.quantity>0.000000</in_Quantity.quantity><out_Quantity.quantity>160.359602</out_Quantity.quantity></Point><Point><position>742</position><in_Quantity.quantity>0.000000</in_Quantity.quantity><out_Quantity.quantity>623.718618</out_Quantity.quantity></Point><Point><position>743</position><in_Quantity.quantity>0.000000</in_Quantity.quantity><out_Quantity.quantity>102.203133</out_Quantity.quantity></Point><Point><position>744</position><in_Quantity.quantity>0.000000</in_Quantity.quantity><out_Quantity.quantity>245.589065</out_Quantity.quantity></Point><Point><position>745</position><in_Quantity.quantity>0.000000</in_Quantity.quantity><out_Quantity.quantity>916.520862</out_Quantity.quantity></Point><Point><position>746</position><in_Quantity.quantity>0.000000</in_Quantity.quantity><out_Quantity.quantity>317.826772</out_Quantity.quantity></Point><Point><position>747</position><in_Quantity.quantity>0.000000</in_Quantity.quantity><out_Quantity.quantity>588.944630</out_Quantity.quantity></Point><Point><position>748</position><in_Quantity.quantity>0.000000</in_Quantity.quantity><out_Quantity.quantity>515.929834</out_Quantity.quantity></Point><Point><position>749</position><in_Quantity.quantity>0.000000</in_Quantity.quantity><out_Quantity.quantity>879.356586</out_Quantity.quantity></Point><Point><position>750</position><in_Quantity.quantity>0.000000</in_Quantity.quantity><out_Quantity.quantity>980.754751</out_Quantity.quantity></Point><Point><position>751</position><in_Quantity.quantity>0.000000</in_Quantity.quantity><out_Quantity.quantity>76.716237</out_Quantity.quantity></Point><Point><position>752</position><in_Quantity.quantity>0.000000</in_Quantity.quantity><out_Quantity.quantity>297.829357</out_Quantity.quantity></Point><Point><position>753</position><in_Quantity.quantity>0.000000</in_Quantity.quantity><out_Quantity.quantity>866.876397</out_Quantity.quantity></Point><Point><position>754</position><in_Quantity.quantity>0.000000</in_Quantity.quantity><out_Quantity.quantity>179.817954</out_Quantity.quantity></Point><Point><position>755</position><in_Quantity.quantity>0.000000</in_Quantity.quantity><out_Quantity.quantity>403.885239</out_Quantity.quantity></Point><Point><position>756</position><in_Quantity.quantity>0.000000</in_Quantity.quantity><out_Quantity.quantity>597.571794</out_Quantity.quantity></Point><Point><position>757</position><in_Quantity.quantity>0.000000</in_Quantity.quantity><out_Quantity.quantity>694.310584</out_Quantity.quantity></Point><Point><position>758</position><in_Quantity.quantity>0.000000</in_Quantity.quantity><out_Quantity.quantity>975.431728</out_Quantity.quantity></Point><Point><position>759</position><in_Quantity.quantity>0.000000</in_Quantity.quantity><out_Quantity.quantity>183.897107</out_Quantity.quantity></Point><Point><position>760</position><in_Quantity.quantity>0.000000</in_Quantity.quantity><out_Quantity.quantity>959.806911</out_Quantity.quantity></Point><Point><position>761</position><in_Quantity.quantity>0.000000</in_Quantity.quantity><out_Quantity.quantity>264.278485</out_Quantity.quantity></Point><Point><position>762</position><in_Quantity.quantity>0.000000</in_Quantity.quantity><out_Quantity.quantity>705.722617</out_Quantity.quantity></Point><Point><position>763</position><in_Quantity.quantity>0.000000</in_Quantity.quantity><out_Quantity.quantity>305.518264</out_Quantity.quantity></Point><Point><position>764</position><in_Quantity.quantity>0.000000</in_Quantity.quantity><out_Quantity.quantity>833.017539</out_Quantity.quantity></Point><Point><position>765</position><in_Quantity.quantity>0.000000</in_Quantity.quantity><out_Quantity.quantity>10.090742</out_Quantity.quantity></Point><Point><position>766</position><in_Quantity.quantity>0.000000</in_Quantity.quantity><out_Quantity.quantity>849.674034</out_Quantity.quantity></Point><Point><position>767</position><in_Quantity.quantity>0.000000</in_Quantity.quantity><out_Quantity.quantity>671.818044</out_Quantity.quantity></Point><Point><position>768</position><in_Quantity.quantity>0.000000</in_Quantity.quantity><out_Quantity.quantity>604.310890</out_Quantity.quantity></Point><Point><position>769</position><in_Quantity.quantity>0.000000</in_Quantity.quantity><out_Quantity.quantity>265.718644</out_Quantity.quantity></Point><Point><position>770</position><in_Quantity.quantity>0.000000</in_Quantity.quantity><out_Quantity.quantity>554.473260</out_Quantity.quantity></Point><Point><position>771</position><in_Quantity.quantity>0.000000</in_Quantity.quantity><out_Quantity.quantity>762.258281</out_Quantity.quantity></Point><Point><position>772</position><in_Quantity.quantity>0.000000</in_Quantity.quantity><out_Quantity.quantity>40.496311</out_Quantity.quantity></Point><Point><position>773</position><in_Quantity.quantity>0.000000</in_Quantity.quantity><out_Quantity.quantity>246.986572</out_Quantity.quantity></Point><Point><position>774</position><in_Quantity.quantity>0.000000</in_Quantity.quantity><out_Quantity.quantity>668.120959</out_Quantity.quantity></Point><Point><position>775</position><in_Quantity.quantity>0.000000</in_Quantity.quantity><out_Quantity.quantity>826.717213</out_Quantity.quantity></Point><Point><position>776</position><in_Quantity.quantity>0.000000</in_Quantity.quantity><out_Quantity.quantity>730.754496</out_Quantity.quantity></Point><Point><position>777</position><in_Quantity.quantity>0.000000</in_Quantity.quantity><out_Quantity.quantity>259.500305</out_Quantity.quantity></Point><Point><position>778</position><in_Quantity.quantity>0.000000</in_Quantity.quantity><out_Quantity.quantity>781.627480</out_Quantity.quantity></Point><Point><position>779</position><in_Quantity.quantity>0.000000</in_Quantity.quantity><out_Quantity.quantity>346.181372</out_Quantity.quantity></Point><Point><position>780</position><in_Quantity.quantity>0.000000</in_Quantity.quantity><out_Quantity.quantity>548.808343</out_Quantity.quantity></Point><Point><position>781</position><in_Quantity.quantity>0.000000</in_Quantity.quantity><out_Quantity.quantity>240.395423</out_Quantity.quantity></Point><Point><position>782</position><in_Quantity.quantity>0.000000</in_Quantity.quantity><out_Quantity.quantity>721.358248</out_Quantity.quantity></Point><Point><position>783</position><in_Quantity.quantity>0.000000</in_Quantity.quantity><out_Quantity.quantity>212.249245</out_Quantity.quantity></Point><Point><position>784</position><in_Quantity.quantity>0.000000</in_Quantity.quantity><out_Quantity.quantity>984.096533</out_Quantity.quantity></Point><Point><position>785</position><in_Quantity.quantity>0.000000</in_Quantity.quantity><out_Quantity.quantity>55.937236</out_Quantity.quantity></Point><Point><position>786</position><in_Quantity.quantity>0.000000</in_Quantity.quantity><out_Quantity.quantity>366.468355</out_Quantity.quantity></Point><Point><position>787</position><in_Quantity.quantity>0.000000</in_Quantity.quantity><out_Quantity.quantity>843.437845</out_Quantity.quantity></Point><Point><position>788</position><in_Quantity.quantity>0.000000</in_Quantity.quantity><out_Quantity.quantity>833.875367</out_Quantity.quantity></Point><Point><position>789</position><in_Quantity.quantity>0.000000</in_Quantity.quantity><out_Quantity.quantity>506.174502</out_Quantity.quantity></Point><Point><position>790</position><in_Quantity.quantity>0.000000</in_Quantity.quantity><out_Quantity.quantity>400.334513</out_Quantity.quantity></Point><Point><position>791</position><in_Quantity.quantity>0.000000</in_Quantity.quantity><out_Quantity.quantity>69.029726</out_Quantity.quantity></Point><Point><position>792</position><in_Quantity.quantity>0.000000</in_Quantity.quantity><out_Quantity.quantity>847.483913</out_Quantity.quantity></Point><Point><position>793</position><in_Quantity.quantity>0.000000</in_Quantity.quantity><out_Quantity.quantity>330.656348</out_Quantity.quantity></Point><Point><position>794</position><in_Quantity.quantity>0.000000</in_Quantity.quantity><out_Quantity.quantity>280.126141</out_Quantity.quantity></Point><Point><position>795</position><in_Quantity.quantity>0.000000</in_Quantity.quantity><out_Quantity.quantity>263.598227</out_Quantity.quantity></Point><Point><position>796</position><in_Quantity.quantity>0.000000</in_Quantity.quantity><out_Quantity.quantity>783.015348</out_Quantity.quantity></Point><Point><position>797</position><in_Quantity.quantity>0.000000</in_Quantity.quantity><out_Quantity.quantity>295.022960</out_Quantity.quantity></Point><Point><position>798</position><in_Quantity.quantity>0.000000</in_Quantity.quantity><out_Quantity.quantity>390.491943</out_Quantity.quantity></Point><Point><position>799</position><in_Quantity.quantity>0.000000</in_Quantity.quantity><out_Quantity.quantity>548.971912</out_Quantity.quantity></Point><Point><position>800</position><in_Quantity.quantity>0.000000</in_Quantity.quantity><out_Quantity.quantity>569.295644</out_Quantity.quantity></Point><Point><position>801</position><in_Quantity.quantity>0.000000</in_Quantity.quantity><out_Quantity.quantity>559.058725</out_Quantity.quantity></Point><Point><position>802</position><in_Quantity.quantity>0.000000</in_Quantity.quantity><out_Quantity.quantity>230.847312</out_Quantity.quantity></Point><Point><position>803</position><in_Quantity.quantity>0.000000</in_Quantity.quantity><out_Quantity.quantity>59.345226</out_Quantity.quantity></Point><Point><position>804</position><in_Quantity.quantity>0.000000</in_Quantity.quantity><out_Quantity.quantity>35.216224</out_Quantity.quantity></Point><Point><position>805</position><in_Quantity.quantity>0.000000</in_Quantity.quantity><out_Quantity.quantity>655.277618</out_Quantity.quantity></Point><Point><position>806</position><in_Quantity.quantity>0.000000</in_Quantity.quantity><out_Quantity.quantity>32.224768</out_Quantity.quantity></Point><Point><position>807</position><in_Quantity.quantity>0.000000</in_Quantity.quantity><out_Quantity.quantity>76.079323</out_Quantity.quantity></Point><Point><position>808</position><in_Quantity.quantity>0.000000</in_Quantity.quantity><out_Quantity.quantity>18.842915</out_Quantity.quantity></Point><Point><position>809</position><in_Quantity.quantity>0.000000</in_Quantity.quantity><out_Quantity.quantity>890.729822</out_Quantity.quantity></Point><Point><position>810</position><in_Quantity.quantity>0.000000</in_Quantity.quantity><out_Quantity.quantity>154.915834</out_Quantity.quantity></Point><Point><position>811</position><in_Quantity.quantity>0.000000</in_Quantity.quantity><out_Quantity.quantity>9.066306</out_Quantity.quantity></Point><Point><position>812</position><in_Quantity.quantity>0.000000</in_Quantity.quantity><out_Quantity.quantity>234.824039</out_Quantity.quantity></Point><Point><position>813</position><in_Quantity.quantity>0.000000</in_Quantity.quantity><out_Quantity.quantity>369.159582</out_Quantity.quantity></Point><Point><position>814</position><in_Quantity.quantity>0.000000</in_Quantity.quantity><out_Quantity.quantity>765.475677</out_Quantity.quantity></Point><Point><position>815</position><in_Quantity.quantity>0.000000</in_Quantity.quantity><out_Quantity.quantity>624.170798</out_Quantity.quantity></Point><Point><position>816</position><in_Quantity.quantity>0.000000</in_Quantity.quantity><out_Quantity.quantity>113.095918</out_Quantity.quantity></Point><Point><position>817</position><in_Quantity.quantity>0.000000</in_Quantity.quantity><out_Quantity.quantity>988.441755</out_Quantity.quantity></Point><Point><position>818</position><in_Quantity.quantity>0.000000</in_Quantity.quantity><out_Quantity.quantity>410.818116</out_Quantity.quantity></Point><Point><position>819</position><in_Quantity.quantity>0.000000</in_Quantity.quantity><out_Quantity.quantity>601.469185</out_Quantity.quantity></Point><Point><position>820</position><in_Quantity.quantity>0.000000</in_Quantity.quantity><out_Quantity.quantity>942.973443</out_Quantity.quantity></Point><Point><position>821</position><in_Quantity.quantity>0.000000</in_Quantity.quantity><out_Quantity.quantity>309.383956</out_Quantity.quantity></Point><Point><position>822</position><in_Quantity.quantity>0.000000</in_Quantity.quantity><out_Quantity.quantity>512.369817</out_Quantity.quantity></Point><Point><position>823</position><in_Quantity.quantity>0.000000</in_Quantity.quantity><out_Quantity.quantity>678.284296</out_Quantity.quantity></Point><Point><position>824</position><in_Quantity.quantity>0.000000</in_Quantity.quantity><out_Quantity.quantity>156.690860</out_Quantity.quantity></Point><Point><position>825</position><in_Quantity.quantity>0.000000</in_Quantity.quantity><out_Quantity.quantity>748.642737</out_Quantity.quantity></Point><Point><position>826</position><in_Quantity.quantity>0.000000</in_Quantity.quantity><out_Quantity.quantity>589.071097</out_Quantity.quantity></Point><Point><position>827</position><in_Quantity.quantity>0.000000</in_Quantity.quantity><out_Quantity.quantity>946.471584</out_Quantity.quantity></Point><Point><position>828</position><in_Quantity.quantity>0.000000</in_Quantity.quantity><out_Quantity.quantity>406.960299</out_Quantity.quantity></Point><Point><position>829</position><in_Quantity.quantity>0.000000</in_Quantity.quantity><out_Quantity.quantity>495.425835</out_Quantity.quantity></Point><Point><position>830</position><in_Quantity.quantity>0.000000</in_Quantity.quantity><out_Quantity.quantity>71.701897</out_Quantity.quantity></Point><Point><position>831</position><in_Quantity.quantity>0.000000</in_Quantity.quantity><out_Quantity.quantity>601.284959</out_Quantity.quantity></Point><Point><position>832</position><in_Quantity.quantity>0.000000</in_Quantity.quantity><out_Quantity.quantity>996.075231</out_Quantity.quantity></Point><Point><position>833</position><in_Quantity.quantity>0.000000</in_Quantity.quantity><out_Quantity.quantity>216.803836</out_Quantity.quantity></Point><Point><position>834</position><in_Quantity.quantity>0.000000</in_Quantity.quantity><out_Quantity.quantity>925.393921</out_Quantity.quantity></Point><Point><position>835</position><in_Quantity.quantity>0.000000</in_Quantity.quantity><out_Quantity.quantity>798.705437</out_Quantity.quantity></Point><Point><position>836</position><in_Quantity.quantity>0.000000</in_Quantity.quantity><out_Quantity.quantity>244.502772</out_Quantity.quantity></Point><Point><position>837</position><in_Quantity.quantity>0.000000</in_Quantity.quantity><out_Quantity.quantity>667.818602</out_Quantity.quantity></Point><Point><position>838</position><in_Quantity.quantity>0.000000</in_Quantity.quantity><out_Quantity.quantity>216.269960</out_Quantity.quantity></Point><Point><position>839</position><in_Quantity.quantity>0.000000</in_Quantity.quantity><out_Quantity.quantity>491.809678</out_Quantity.quantity></Point><Point><position>840</position><in_Quantity.quantity>0.000000</in_Quantity.quantity><out_Quantity.quantity>520.902524</out_Quantity.quantity></Point><Point><position>841</position><in_Quantity.quantity>0.000000</in_Quantity.quantity><out_Quantity.quantity>184.583051</out_Quantity.quantity></Point><Point><position>842</position><in_Quantity.quantity>0.000000</in_Quantity.quantity><out_Quantity.quantity>235.666526</out_Quantity.quantity></Point><Point><position>843</position><in_Quantity.quantity>0.000000</in_Quantity.quantity><out_Quantity.quantity>162.781772</out_Quantity.quantity></Point><Point><position>844</position><in_Quantity.quantity>0.000000</in_Quantity.quantity><out_Quantity.quantity>570.990180</out_Quantity.quantity></Point><Point><position>845</position><in_Quantity.quantity>0.000000</in_Quantity.quantity><out_Quantity.quantity>340.372579</out_Quantity.quantity></Point><Point><position>846</position><in_Quantity.quantity>0.000000</in_Quantity.quantity><out_Quantity.quantity>558.986585</out_Quantity.quantity></Point><Point><position>847</position><in_Quantity.quantity>0.000000</in_Quantity.quantity><out_Quantity.quantity>585.954460</out_Quantity.quantity></Point><Point><position>848</position><in_Quantity.quantity>0.000000</in_Quantity.quantity><out_Quantity.quantity>970.838398</out_Quantity.quantity></Point><Point><position>849</position><in_Quantity.quantity>0.000000</in_Quantity.quantity><out_Quantity.quantity>45.752093</out_Quantity.quantity></Point><Point><position>850</position><in_Quantity.quantity>0.000000</in_Quantity.quantity><out_Quantity.quantity>652.646703</out_Quantity.quantity></Point><Point><position>851</position><in_Quantity.quantity>0.000000</in_Quantity.quantity><out_Quantity.quantity>246.281210</out_Quantity.quantity></Point><Point><position>852</position><in_Quantity.quantity>0.000000</in_Quantity.quantity><out_Quantity.quantity>964.363413</out_Quantity.quantity></Point><Point><position>853</position><in_Quantity.quantity>0.000000</in_Quantity.quantity><out_Quantity.quantity>546.136645</out_Quantity.quantity></Point><Point><position>854</position><in_Quantity.quantity>0.000000</in_Quantity.quantity><out_Quantity.quantity>701.231325</out_Quantity.quantity></Point><Point><position>855</position><in_Quantity.quantity>0.000000</in_Quantity.quantity><out_Quantity.quantity>383.379479</out_Quantity.quantity></Point><Point><position>856</position><in_Quantity.quantity>0.000000</in_Quantity.quantity><out_Quantity.quantity>401.182379</out_Quantity.quantity></Point><Point><position>857</position><in_Quantity.quantity>0.000000</in_Quantity.quantity><out_Quantity.quantity>152.483449</out_Quantity.quantity></Point><Point><position>858</position><in_Quantity.quantity>0.000000</in_Quantity.quantity><out_Quantity.quantity>653.601722</out_Quantity.quantity></Point><Point><position>859</position><in_Quantity.quantity>0.000000</in_Quantity.quantity><out_Quantity.quantity>821.116027</out_Quantity.quantity></Point><Point><position>860</position><in_Quantity.quantity>0.000000</in_Quantity.quantity><out_Quantity.quantity>318.439212</out_Quantity.quantity></Point><Point><position>861</position><in_Quantity.quantity>0.000000</in_Quantity.quantity><out_Quantity.quantity>824.931138</out_Quantity.quantity></Point><Point><position>862</position><in_Quantity.quantity>0.000000</in_Quantity.quantity><out_Quantity.quantity>310.802402</out_Quantity.quantity></Point><Point><position>863</position><in_Quantity.quantity>0.000000</in_Quantity.quantity><out_Quantity.quantity>407.847454</out_Quantity.quantity></Point><Point><position>864</position><in_Quantity.quantity>0.000000</in_Quantity.quantity><out_Quantity.quantity>471.677486</out_Quantity.quantity></Point><Point><position>865</position><in_Quantity.quantity>0.000000</in_Quantity.quantity><out_Quantity.quantity>893.964944</out_Quantity.quantity></Point><Point><position>866</position><in_Quantity.quantity>0.000000</in_Quantity.quantity><out_Quantity.quantity>531.107304</out_Quantity.quantity></Point><Point><position>867</position><in_Quantity.quantity>0.000000</in_Quantity.quantity><out_Quantity.quantity>396.354940</out_Quantity.quantity></Point><Point><position>868</position><in_Quantity.quantity>0.000000</in_Quantity.quantity><out_Quantity.quantity>960.172321</out_Quantity.quantity></Point><Point><position>869</position><in_Quantity.quantity>0.000000</in_Quantity.quantity><out_Quantity.quantity>63.981047</out_Quantity.quantity></Point><Point><position>870</position><in_Quantity.quantity>0.000000</in_Quantity.quantity><out_Quantity.quantity>773.327208</out_Quantity.quantity></Point><Point><position>871</position><in_Quantity.quantity>0.000000</in_Quantity.quantity><out_Quantity.quantity>935.158250</out_Quantity.quantity></Point><Point><position>872</position><in_Quantity.quantity>0.000000</in_Quantity.quantity><out_Quantity.quantity>641.505046</out_Quantity.quantity></Point><Point><position>873</position><in_Quantity.quantity>0.000000</in_Quantity.quantity><out_Quantity.quantity>514.640961</out_Quantity.quantity></Point><Point><position>874</position><in_Quantity.quantity>0.000000</in_Quantity.quantity><out_Quantity.quantity>388.552189</out_Quantity.quantity></Point><Point><position>875</position><in_Quantity.quantity>0.000000</in_Quantity.quantity><out_Quantity.quantity>353.635190</out_Quantity.quantity></Point><Point><position>876</position><in_Quantity.quantity>0.000000</in_Quantity.quantity><out_Quantity.quantity>560.727822</out_Quantity.quantity></Point><Point><position>877</position><in_Quantity.quantity>0.000000</in_Quantity.quantity><out_Quantity.quantity>547.885228</out_Quantity.quantity></Point><Point><position>878</position><in_Quantity.quantity>0.000000</in_Quantity.quantity><out_Quantity.quantity>300.099214</out_Quantity.quantity></Point><Point><position>879</position><in_Quantity.quantity>0.000000</in_Quantity.quantity><out_Quantity.quantity>832.916237</out_Quantity.quantity></Point><Point><position>880</position><in_Quantity.quantity>0.000000</in_Quantity.quantity><out_Quantity.quantity>287.400611</out_Quantity.quantity></Point><Point><position>881</position><in_Quantity.quantity>0.000000</in_Quantity.quantity><out_Quantity.quantity>873.897929</out_Quantity.quantity></Point><Point><position>882</position><in_Quantity.quantity>0.000000</in_Quantity.quantity><out_Quantity.quantity>156.594801</out_Quantity.quantity></Point><Point><position>883</position><in_Quantity.quantity>0.000000</in_Quantity.quantity><out_Quantity.quantity>994.903210</out_Quantity.quantity></Point><Point><position>884</position><in_Quantity.quantity>0.000000</in_Quantity.quantity><out_Quantity.quantity>743.824890</out_Quantity.quantity></Point><Point><position>885</position><in_Quantity.quantity>0.000000</in_Quantity.quantity><out_Quantity.quantity>791.707645</out_Quantity.quantity></Point><Point><position>886</position><in_Quantity.quantity>0.000000</in_Quantity.quantity><out_Quantity.quantity>483.048415</out_Quantity.quantity></Point><Point><position>887</position><in_Quantity.quantity>0.000000</in_Quantity.quantity><out_Quantity.quantity>22.526265</out_Quantity.quantity></Point><Point><position>888</position><in_Quantity.quantity>0.000000</in_Quantity.quantity><out_Quantity.quantity>146.901333</out_Quantity.quantity></Point><Point><position>889</position><in_Quantity.quantity>0.000000</in_Quantity.quantity><out_Quantity.quantity>521.996733</out_Quantity.quantity></Point><Point><position>890</position><in_Quantity.quantity>0.000000</in_Quantity.quantity><out_Quantity.quantity>783.726098</out_Quantity.quantity></Point><Point><position>891</position><in_Quantity.quantity>0.000000</in_Quantity.quantity><out_Quantity.quantity>685.070881</out_Quantity.quantity></Point><Point><position>892</position><in_Quantity.quantity>0.000000</in_Quantity.quantity><out_Quantity.quantity>433.704646</out_Quantity.quantity></Point><Point><position>893</position><in_Quantity.quantity>0.000000</in_Quantity.quantity><out_Quantity.quantity>41.850619</out_Quantity.quantity></Point><Point><position>894</position><in_Quantity.quantity>0.000000</in_Quantity.quantity><out_Quantity.quantity>847.500292</out_Quantity.quantity></Point><Point><position>895</position><in_Quantity.quantity>0.000000</in_Quantity.quantity><out_Quantity.quantity>269.193532</out_Quantity.quantity></Point><Point><position>896</position><in_Quantity.quantity>0.000000</in_Quantity.quantity><out_Quantity.quantity>927.214848</out_Quantity.quantity></Point><Point><position>897</position><in_Quantity.quantity>0.000000</in_Quantity.quantity><out_Quantity.quantity>817.857560</out_Quantity.quantity></Point><Point><position>898</position><in_Quantity.quantity>0.000000</in_Quantity.quantity><out_Quantity.quantity>512.566051</out_Quantity.quantity></Point><Point><position>899</position><in_Quantity.quantity>0.000000</in_Quantity.quantity><out_Quantity.quantity>958.989525</out_Quantity.quantity></Point><Point><position>900</position><in_Quantity.quantity>0.000000</in_Quantity.quantity><out_Quantity.quantity>118.402478</out_Quantity.quantity></Point><Point><position>901</position><in_Quantity.quantity>0.000000</in_Quantity.quantity><out_Quantity.quantity>471.954807</out_Quantity.quantity></Point><Point><position>902</position><in_Quantity.quantity>0.000000</in_Quantity.quantity><out_Quantity.quantity>901.258084</out_Quantity.quantity></Point><Point><position>903</position><in_Quantity.quantity>0.000000</in_Quantity.quantity><out_Quantity.quantity>306.147919</out_Quantity.quantity></Point><Point><position>904</position><in_Quantity.quantity>0.000000</in_Quantity.quantity><out_Quantity.quantity>810.494426</out_Quantity.quantity></Point><Point><position>905</position><in_Quantity.quantity>0.000000</in_Quantity.quantity><out_Quantity.quantity>484.740670</out_Quantity.quantity></Point><Point><position>906</position><in_Quantity.quantity>0.000000</in_Quantity.quantity><out_Quantity.quantity>851.774322</out_Quantity.quantity></Point><Point><position>907</position><in_Quantity.quantity>0.000000</in_Quantity.quantity><out_Quantity.quantity>14.484636</out_Quantity.quantity></Point><Point><position>908</position><in_Quantity.quantity>0.000000</in_Quantity.quantity><out_Quantity.quantity>352.513186</out_Quantity.quantity></Point><Point><position>909</position><in_Quantity.quantity>0.000000</in_Quantity.quantity><out_Quantity.quantity>968.001477</out_Quantity.quantity></Point><Point><position>910</position><in_Quantity.quantity>0.000000</in_Quantity.quantity><out_Quantity.quantity>744.159615</out_Quantity.quantity></Point><Point><position>911</position><in_Quantity.quantity>0.000000</in_Quantity.quantity><out_Quantity.quantity>508.138859</out_Quantity.quantity></Point><Point><position>912</position><in_Quantity.quantity>0.000000</in_Quantity.quantity><out_Quantity.quantity>511.789744</out_Quantity.quantity></Point><Point><position>913</position><in_Quantity.quantity>0.000000</in_Quantity.quantity><out_Quantity.quantity>539.698797</out_Quantity.quantity></Point><Point><position>914</position><in_Quantity.quantity>0.000000</in_Quantity.quantity><out_Quantity.quantity>890.049766</out_Quantity.quantity></Point><Point><position>915</position><in_Quantity.quantity>0.000000</in_Quantity.quantity><out_Quantity.quantity>327.967772</out_Quantity.quantity></Point><Point><position>916</position><in_Quantity.quantity>0.000000</in_Quantity.quantity><out_Quantity.quantity>899.757496</out_Quantity.quantity></Point><Point><position>917</position><in_Quantity.quantity>0.000000</in_Quantity.quantity><out_Quantity.quantity>888.515400</out_Quantity.quantity></Point><Point><position>918</position><in_Quantity.quantity>0.000000</in_Quantity.quantity><out_Quantity.quantity>306.162597</out_Quantity.quantity></Point><Point><position>919</position><in_Quantity.quantity>0.000000</in_Quantity.quantity><out_Quantity.quantity>717.178543</out_Quantity.quantity></Point><Point><position>920</position><in_Quantity.quantity>0.000000</in_Quantity.quantity><out_Quantity.quantity>310.040080</out_Quantity.quantity></Point><Point><position>921</position><in_Quantity.quantity>0.000000</in_Quantity.quantity><out_Quantity.quantity>513.253357</out_Quantity.quantity></Point><Point><position>922</position><in_Quantity.quantity>0.000000</in_Quantity.quantity><out_Quantity.quantity>554.838442</out_Quantity.quantity></Point><Point><position>923</position><in_Quantity.quantity>0.000000</in_Quantity.quantity><out_Quantity.quantity>340.098738</out_Quantity.quantity></Point><Point><position>924</position><in_Quantity.quantity>0.000000</in_Quantity.quantity><out_Quantity.quantity>614.702282</out_Quantity.quantity></Point><Point><position>925</position><in_Quantity.quantity>0.000000</in_Quantity.quantity><out_Quantity.quantity>591.919046</out_Quantity.quantity></Point><Point><position>926</position><in_Quantity.quantity>0.000000</in_Quantity.quantity><out_Quantity.quantity>446.813117</out_Quantity.quantity></Point><Point><position>927</position><in_Quantity.quantity>0.000000</in_Quantity.quantity><out_Quantity.quantity>935.158112</out_Quantity.quantity></Point><Point><position>928</position><in_Quantity.quantity>0.000000</in_Quantity.quantity><out_Quantity.quantity>452.512348</out_Quantity.quantity></Point><Point><position>929</position><in_Quantity.quantity>0.000000</in_Quantity.quantity><out_Quantity.quantity>450.228427</out_Quantity.quantity></Point><Point><position>930</position><in_Quantity.quantity>0.000000</in_Quantity.quantity><out_Quantity.quantity>587.953894</out_Quantity.quantity></Point><Point><position>931</position><in_Quantity.quantity>0.000000</in_Quantity.quantity><out_Quantity.quantity>819.194551</out_Quantity.quantity></Point><Point><position>932</position><in_Quantity.quantity>0.000000</in_Quantity.quantity><out_Quantity.quantity>750.964189</out_Quantity.quantity></Point><Point><position>933</position><in_Quantity.quantity>0.000000</in_Quantity.quantity><out_Quantity.quantity>963.331202</out_Quantity.quantity></Point><Point><position>934</position><in_Quantity.quantity>0.000000</in_Quantity.quantity><out_Quantity.quantity>568.084604</out_Quantity.quantity></Point><Point><position>935</position><in_Quantity.quantity>0.000000</in_Quantity.quantity><out_Quantity.quantity>264.201816</out_Quantity.quantity></Point><Point><position>936</position><in_Quantity.quantity>0.000000</in_Quantity.quantity><out_Quantity.quantity>621.936169</out_Quantity.quantity></Point><Point><position>937</position><in_Quantity.quantity>0.000000</in_Quantity.quantity><out_Quantity.quantity>887.630186</out_Quantity.quantity></Point><Point><position>938</position><in_Quantity.quantity>0.000000</in_Quantity.quantity><out_Quantity.quantity>485.124068</out_Quantity.quantity></Point><Point><position>939</position><in_Quantity.quantity>0.000000</in_Quantity.quantity><out_Quantity.quantity>930.324499</out_Quantity.quantity></Point><Point><position>940</position><in_Quantity.quantity>0.000000</in_Quantity.quantity><out_Quantity.quantity>215.988075</out_Quantity.quantity></Point><Point><position>941</position><in_Quantity.quantity>0.000000</in_Quantity.quantity><out_Quantity.quantity>232.164135</out_Quantity.quantity></Point><Point><position>942</position><in_Quantity.quantity>0.000000</in_Quantity.quantity><out_Quantity.quantity>299.664375</out_Quantity.quantity></Point><Point><position>943</position><in_Quantity.quantity>0.000000</in_Quantity.quantity><out_Quantity.quantity>628.884241</out_Quantity.quantity></Point><Point><position>944</position><in_Quantity.quantity>0.000000</in_Quantity.quantity><out_Quantity.quantity>978.271971</out_Quantity.quantity></Point><Point><position>945</position><in_Quantity.quantity>0.000000</in_Quantity.quantity><out_Quantity.quantity>703.298094</out_Quantity.quantity></Point><Point><position>946</position><in_Quantity.quantity>0.000000</in_Quantity.quantity><out_Quantity.quantity>257.584673</out_Quantity.quantity></Point><Point><position>947</position><in_Quantity.quantity>0.000000</in_Quantity.quantity><out_Quantity.quantity>942.521034</out_Quantity.quantity></Point><Point><position>948</position><in_Quantity.quantity>0.000000</in_Quantity.quantity><out_Quantity.quantity>614.754662</out_Quantity.quantity></Point><Point><position>949</position><in_Quantity.quantity>0.000000</in_Quantity.quantity><out_Quantity.quantity>15.957337</out_Quantity.quantity></Point><Point><position>950</position><in_Quantity.quantity>0.000000</in_Quantity.quantity><out_Quantity.quantity>484.150890</out_Quantity.quantity></Point><Point><position>951</position><in_Quantity.quantity>0.000000</in_Quantity.quantity><out_Quantity.quantity>83.379228</out_Quantity.quantity></Point><Point><position>952</position><in_Quantity.quantity>0.000000</in_Quantity.quantity><out_Quantity.quantity>637.262862</out_Quantity.quantity></Point><Point><position>953</position><in_Quantity.quantity>0.000000</in_Quantity.quantity><out_Quantity.quantity>643.095070</out_Quantity.quantity></Point><Point><position>954</position><in_Quantity.quantity>0.000000</in_Quantity.quantity><out_Quantity.quantity>48.187655</out_Quantity.quantity></Point><Point><position>955</position><in_Quantity.quantity>0.000000</in_Quantity.quantity><out_Quantity.quantity>71.559462</out_Quantity.quantity></Point><Point><position>956</position><in_Quantity.quantity>0.000000</in_Quantity.quantity><out_Quantity.quantity>911.816734</out_Quantity.quantity></Point><Point><position>957</position><in_Quantity.quantity>0.000000</in_Quantity.quantity><out_Quantity.quantity>304.982451</out_Quantity.quantity></Point><Point><position>958</position><in_Quantity.quantity>0.000000</in_Quantity.quantity><out_Quantity.quantity>205.132804</out_Quantity.quantity></Point><Point><position>959</position><in_Quantity.quantity>0.000000</in_Quantity.quantity><out_Quantity.quantity>385.497575</out_Quantity.quantity></Point><Point><position>960</position><in_Quantity.quantity>0.000000</in_Quantity.quantity><out_Quantity.quantity>543.925367</out_Quantity.quantity></Point><Point><position>961</position><in_Quantity.quantity>0.000000</in_Quantity.quantity><out_Quantity.quantity>80.167536</out_Quantity.quantity></Point><Point><position>962</position><in_Quantity.quantity>0.000000</in_Quantity.quantity><out_Quantity.quantity>211.486290</out_Quantity.quantity></Point><Point><position>963</position><in_Quantity.quantity>0.000000</in_Quantity.quantity><out_Quantity.quantity>938.931191</out_Quantity.quantity></Point><Point><position>964</position><in_Quantity.quantity>0.000000</in_Quantity.quantity><out_Quantity.quantity>245.166462</out_Quantity.quantity></Point><Point><position>965</position><in_Quantity.quantity>0.000000</in_Quantity.quantity><out_Quantity.quantity>786.525394</out_Quantity.quantity></Point><Point><position>966</position><in_Quantity.quantity>0.000000</in_Quantity.quantity><out_Quantity.quantity>337.969889</out_Quantity.quantity></Point><Point><position>967</position><in_Quantity.quantity>0.000000</in_Quantity.quantity><out_Quantity.quantity>202.325334</out_Quantity.quantity></Point><Point><position>968</position><in_Quantity.quantity>0.000000</in_Quantity.quantity><out_Quantity.quantity>168.806237</out_Quantity.quantity></Point><Point><position>969</position><in_Quantity.quantity>0.000000</in_Quantity.quantity><out_Quantity.quantity>367.037039</out_Quantity.quantity></Point><Point><position>970</position><in_Quantity.quantity>0.000000</in_Quantity.quantity><out_Quantity.quantity>211.246694</out_Quantity.quantity></Point><Point><position>971</position><in_Quantity.quantity>0.000000</in_Quantity.quantity><out_Quantity.quantity>204.185577</out_Quantity.quantity></Point><Point><position>972</position><in_Quantity.quantity>0.000000</in_Quantity.quantity><out_Quantity.quantity>880.314314</out_Quantity.quantity></Point><Point><position>973</position><in_Quantity.quantity>0.000000</in_Quantity.quantity><out_Quantity.quantity>315.378547</out_Quantity.quantity></Point><Point><position>974</position><in_Quantity.quantity>0.000000</in_Quantity.quantity><out_Quantity.quantity>288.547980</out_Quantity.quantity></Point><Point><position>975</position><in_Quantity.quantity>0.000000</in_Quantity.quantity><out_Quantity.quantity>153.272325</out_Quantity.quantity></Point><Point><position>976</position><in_Quantity.quantity>0.000000</in_Quantity.quantity><out_Quantity.quantity>319.934958</out_Quantity.quantity></Point><Point><position>977</position><in_Quantity.quantity>0.000000</in_Quantity.quantity><out_Quantity.quantity>278.066775</out_Quantity.quantity></Point><Point><position>978</position><in_Quantity.quantity>0.000000</in_Quantity.quantity><out_Quantity.quantity>628.127854</out_Quantity.quantity></Point><Point><position>979</position><in_Quantity.quantity>0.000000</in_Quantity.quantity><out_Quantity.quantity>700.865250</out_Quantity.quantity></Point><Point><position>980</position><in_Quantity.quantity>0.000000</in_Quantity.quantity><out_Quantity.quantity>241.999339</out_Quantity.quantity></Point><Point><position>981</position><in_Quantity.quantity>0.000000</in_Quantity.quantity><out_Quantity.quantity>400.241676</out_Quantity.quantity></Point><Point><position>982</position><in_Quantity.quantity>0.000000</in_Quantity.quantity><out_Quantity.quantity>326.249780</out_Quantity.quantity></Point><Point><position>983</position><in_Quantity.quantity>0.000000</in_Quantity.quantity><out_Quantity.quantity>661.021255</out_Quantity.quantity></Point><Point><position>984</position><in_Quantity.quantity>0.000000</in_Quantity.quantity><out_Quantity.quantity>10.387584</out_Quantity.quantity></Point><Point><position>985</position><in_Quantity.quantity>0.000000</in_Quantity.quantity><out_Quantity.quantity>461.045202</out_Quantity.quantity></Point><Point><position>986</position><in_Quantity.quantity>0.000000</in_Quantity.quantity><out_Quantity.quantity>650.783290</out_Quantity.quantity></Point><Point><position>987</position><in_Quantity.quantity>0.000000</in_Quantity.quantity><out_Quantity.quantity>942.872600</out_Quantity.quantity></Point><Point><position>988</position><in_Quantity.quantity>0.000000</in_Quantity.quantity><out_Quantity.quantity>784.636422</out_Quantity.quantity></Point><Point><position>989</position><in_Quantity.quantity>0.000000</in_Quantity.quantity><out_Quantity.quantity>42.178511</out_Quantity.quantity></Point><Point><position>990</position><in_Quantity.quantity>0.000000</in_Quantity.quantity><out_Quantity.quantity>177.081103</out_Quantity.quantity></Point><Point><position>991</position><in_Quantity.quantity>0.000000</in_Quantity.quantity><out_Quantity.quantity>153.252524</out_Quantity.quantity></Point><Point><position>992</position><in_Quantity.quantity>0.000000</in_Quantity.quantity><out_Quantity.quantity>632.923075</out_Quantity.quantity></Point><Point><position>993</position><in_Quantity.quantity>0.000000</in_Quantity.quantity><out_Quantity.quantity>687.397763</out_Quantity.quantity></Point><Point><position>994</position><in_Quantity.quantity>0.000000</in_Quantity.quantity><out_Quantity.quantity>674.294113</out_Quantity.quantity></Point><Point><position>995</position><in_Quantity.quantity>0.000000</in_Quantity.quantity><out_Quantity.quantity>690.277233</out_Quantity.quantity></Point><Point><position>996</position><in_Quantity.quantity>0.000000</in_Quantity.quantity><out_Quantity.quantity>1.391495</out_Quantity.quantity></Point><Point><position>997</position><in_Quantity.quantity>0.000000</in_Quantity.quantity><out_Quantity.quantity>163.061874</out_Quantity.quantity></Point><Point><position>998</position><in_Quantity.quantity>0.000000</in_Quantity.quantity><out_Quantity.quantity>998.020362</out_Quantity.quantity></Point><Point><position>999</position><in_Quantity.quantity>0.000000</in_Quantity.quantity><out_Quantity.quantity>299.719585</out_Quantity.quantity></Point><Point><position>1000</position><in_Quantity.quantity>0.000000</in_Quantity.quantity><out_Quantity.quantity>860.196379</out_Quantity.quantity></Point><Point><position>1001</position><in_Quantity.quantity>0.000000</in_Quantity.quantity><out_Quantity.quantity>951.382700</out_Quantity.quantity></Point><Point><position>1002</position><in_Quantity.quantity>0.000000</in_Quantity.quantity><out_Quantity.quantity>638.156263</out_Quantity.quantity></Point><Point><position>1003</position><in_Quantity.quantity>0.000000</in_Quantity.quantity><out_Quantity.quantity>826.156667</out_Quantity.quantity></Point><Point><position>1004</position><in_Quantity.quantity>0.000000</in_Quantity.quantity><out_Quantity.quantity>901.171492</out_Quantity.quantity></Point><Point><position>1005</position><in_Quantity.quantity>0.000000</in_Quantity.quantity><out_Quantity.quantity>876.155297</out_Quantity.quantity></Point><Point><position>1006</position><in_Quantity.quantity>0.000000</in_Quantity.quantity><out_Quantity.quantity>522.526264</out_Quantity.quantity></Point><Point><position>1007</position><in_Quantity.quantity>0.000000</in_Quantity.quantity><out_Quantity.quantity>576.040148</out_Quantity.quantity></Point><Point><position>1008</position><in_Quantity.quantity>0.000000</in_Quantity.quantity><out_Quantity.quantity>254.022188</out_Quantity.quantity></Point><Point><position>1009</position><in_Quantity.quantity>0.000000</in_Quantity.quantity><out_Quantity.quantity>506.708854</out_Quantity.quantity></Point><Point><position>1010</position><in_Quantity.quantity>0.000000</in_Quantity.quantity><out_Quantity.quantity>818.934898</out_Quantity.quantity></Point><Point><position>1011</position><in_Quantity.quantity>0.000000</in_Quantity.quantity><out_Quantity.quantity>455.227990</out_Quantity.quantity></Point><Point><position>1012</position><in_Quantity.quantity>0.000000</in_Quantity.quantity><out_Quantity.quantity>551.043161</out_Quantity.quantity></Point><Point><position>1013</position><in_Quantity.quantity>0.000000</in_Quantity.quantity><out_Quantity.quantity>453.172911</out_Quantity.quantity></Point><Point><position>1014</position><in_Quantity.quantity>0.000000</in_Quantity.quantity><out_Quantity.quantity>709.188285</out_Quantity.quantity></Point><Point><position>1015</position><in_Quantity.quantity>0.000000</in_Quantity.quantity><out_Quantity.quantity>953.776353</out_Quantity.quantity></Point><Point><position>1016</position><in_Quantity.quantity>0.000000</in_Quantity.quantity><out_Quantity.quantity>461.321954</out_Quantity.quantity></Point><Point><position>1017</position><in_Quantity.quantity>0.000000</in_Quantity.quantity><out_Quantity.quantity>203.025964</out_Quantity.quantity></Point><Point><position>1018</position><in_Quantity.quantity>0.000000</in_Quantity.quantity><out_Quantity.quantity>819.029263</out_Quantity.quantity></Point><Point><position>1019</position><in_Quantity.quantity>0.000000</in_Quantity.quantity><out_Quantity.quantity>251.141099</out_Quantity.quantity></Point><Point><position>1020</position><in_Quantity.quantity>0.000000</in_Quantity.quantity><out_Quantity.quantity>862.380061</out_Quantity.quantity></Point><Point><position>1021</position><in_Quantity.quantity>0.000000</in_Quantity.quantity><out_Quantity.quantity>166.883646</out_Quantity.quantity></Point><Point><position>1022</position><in_Quantity.quantity>0.000000</in_Quantity.quantity><out_Quantity.quantity>875.368297</out_Quantity.quantity></Point><Point><position>1023</position><in_Quantity.quantity>0.000000</in_Quantity.quantity><out_Quantity.quantity>682.870689</out_Quantity.quantity></Point><Point><position>1024</position><in_Quantity.quantity>0.000000</in_Quantity.quantity><out_Quantity.quantity>86.471747</out_Quantity.quantity></Point><Point><position>1025</position><in_Quantity.quantity>0.000000</in_Quantity.quantity><out_Quantity.quantity>904.485278</out_Quantity.quantity></Point><Point><position>1026</position><in_Quantity.quantity>0.000000</in_Quantity.quantity><out_Quantity.quantity>129.447866</out_Quantity.quantity></Point><Point><position>1027</position><in_Quantity.quantity>0.000000</in_Quantity.quantity><out_Quantity.quantity>375.564507</out_Quantity.quantity></Point><Point><position>1028</position><in_Quantity.quantity>0.000000</in_Quantity.quantity><out_Quantity.quantity>223.633276</out_Quantity.quantity></Point><Point><position>1029</position><in_Quantity.quantity>0.000000</in_Quantity.quantity><out_Quantity.quantity>369.136309</out_Quantity.quantity></Point><Point><position>1030</position><in_Quantity.quantity>0.000000</in_Quantity.quantity><out_Quantity.quantity>70.725151</out_Quantity.quantity></Point><Point><position>1031</position><in_Quantity.quantity>0.000000</in_Quantity.quantity><out_Quantity.quantity>298.285433</out_Quantity.quantity></Point><Point><position>1032</position><in_Quantity.quantity>0.000000</in_Quantity.quantity><out_Quantity.quantity>62.726057</out_Quantity.quantity></Point><Point><position>1033</position><in_Quantity.quantity>0.000000</in_Quantity.quantity><out_Quantity.quantity>639.025377</out_Quantity.quantity></Point><Point><position>1034</position><in_Quantity.quantity>0.000000</in_Quantity.quantity><out_Quantity.quantity>523.077446</out_Quantity.quantity></Point><Point><position>1035</position><in_Quantity.quantity>0.000000</in_Quantity.quantity><out_Quantity.quantity>276.381171</out_Quantity.quantity></Point><Point><position>1036</position><in_Quantity.quantity>0.000000</in_Quantity.quantity><out_Quantity.quantity>952.366255</out_Quantity.quantity></Point><Point><position>1037</position><in_Quantity.quantity>0.000000</in_Quantity.quantity><out_Quantity.quantity>867.639249</out_Quantity.quantity></Point><Point><position>1038</position><in_Quantity.quantity>0.000000</in_Quantity.quantity><out_Quantity.quantity>960.771835</out_Quantity.quantity></Point><Point><position>1039</position><in_Quantity.quantity>0.000000</in_Quantity.quantity><out_Quantity.quantity>74.605661</out_Quantity.quantity></Point><Point><position>1040</position><in_Quantity.quantity>0.000000</in_Quantity.quantity><out_Quantity.quantity>48.974456</out_Quantity.quantity></Point><Point><position>1041</position><in_Quantity.quantity>0.000000</in_Quantity.quantity><out_Quantity.quantity>562.259299</out_Quantity.quantity></Point><Point><position>1042</position><in_Quantity.quantity>0.000000</in_Quantity.quantity><out_Quantity.quantity>903.355738</out_Quantity.quantity></Point><Point><position>1043</position><in_Quantity.quantity>0.000000</in_Quantity.quantity><out_Quantity.quantity>550.926774</out_Quantity.quantity></Point><Point><position>1044</position><in_Quantity.quantity>0.000000</in_Quantity.quantity><out_Quantity.quantity>374.795344</out_Quantity.quantity></Point><Point><position>1045</position><in_Quantity.quantity>0.000000</in_Quantity.quantity><out_Quantity.quantity>726.741564</out_Quantity.quantity></Point><Point><position>1046</position><in_Quantity.quantity>0.000000</in_Quantity.quantity><out_Quantity.quantity>780.964406</out_Quantity.quantity></Point><Point><position>1047</position><in_Quantity.quantity>0.000000</in_Quantity.quantity><out_Quantity.quantity>187.648047</out_Quantity.quantity></Point><Point><position>1048</position><in_Quantity.quantity>0.000000</in_Quantity.quantity><out_Quantity.quantity>163.715893</out_Quantity.quantity></Point><Point><position>1049</position><in_Quantity.quantity>0.000000</in_Quantity.quantity><out_Quantity.quantity>98.631589</out_Quantity.quantity></Point><Point><position>1050</position><in_Quantity.quantity>0.000000</in_Quantity.quantity><out_Quantity.quantity>15.140024</out_Quantity.quantity></Point><Point><position>1051</position><in_Quantity.quantity>0.000000</in_Quantity.quantity><out_Quantity.quantity>233.913493</out_Quantity.quantity></Point><Point><position>1052</position><in_Quantity.quantity>0.000000</in_Quantity.quantity><out_Quantity.quantity>189.659070</out_Quantity.quantity></Point><Point><position>1053</position><in_Quantity.quantity>0.000000</in_Quantity.quantity><out_Quantity.quantity>592.785106</out_Quantity.quantity></Point><Point><position>1054</position><in_Quantity.quantity>0.000000</in_Quantity.quantity><out_Quantity.quantity>272.570362</out_Quantity.quantity></Point><Point><position>1055</position><in_Quantity.quantity>0.000000</in_Quantity.quantity><out_Quantity.quantity>621.355943</out_Quantity.quantity></Point><Point><position>1056</position><in_Quantity.quantity>0.000000</in_Quantity.quantity><out_Quantity.quantity>857.984636</out_Quantity.quantity></Point><Point><position>1057</position><in_Quantity.quantity>0.000000</in_Quantity.quantity><out_Quantity.quantity>689.182902</out_Quantity.quantity></Point><Point><position>1058</position><in_Quantity.quantity>0.000000</in_Quantity.quantity><out_Quantity.quantity>499.855609</out_Quantity.quantity></Point><Point><position>1059</position><in_Quantity.quantity>0.000000</in_Quantity.quantity><out_Quantity.quantity>392.739866</out_Quantity.quantity></Point><Point><position>1060</position><in_Quantity.quantity>0.000000</in_Quantity.quantity><out_Quantity.quantity>731.927814</out_Quantity.quantity></Point><Point><position>1061</position><in_Quantity.quantity>0.000000</in_Quantity.quantity><out_Quantity.quantity>294.784968</out_Quantity.quantity></Point><Point><position>1062</position><in_Quantity.quantity>0.000000</in_Quantity.quantity><out_Quantity.quantity>857.818953</out_Quantity.quantity></Point><Point><position>1063</position><in_Quantity.quantity>0.000000</in_Quantity.quantity><out_Quantity.quantity>734.843539</out_Quantity.quantity></Point><Point><position>1064</position><in_Quantity.quantity>0.000000</in_Quantity.quantity><out_Quantity.quantity>964.383765</out_Quantity.quantity></Point><Point><position>1065</position><in_Quantity.quantity>0.000000</in_Quantity.quantity><out_Quantity.quantity>596.943377</out_Quantity.quantity></Point><Point><position>1066</position><in_Quantity.quantity>0.000000</in_Quantity.quantity><out_Quantity.quantity>445.668840</out_Quantity.quantity></Point><Point><position>1067</position><in_Quantity.quantity>0.000000</in_Quantity.quantity><out_Quantity.quantity>770.072399</out_Quantity.quantity></Point><Point><position>1068</position><in_Quantity.quantity>0.000000</in_Quantity.quantity><out_Quantity.quantity>288.938974</out_Quantity.quantity></Point><Point><position>1069</position><in_Quantity.quantity>0.000000</in_Quantity.quantity><out_Quantity.quantity>950.198212</out_Quantity.quantity></Point><Point><position>1070</position><in_Quantity.quantity>0.000000</in_Quantity.quantity><out_Quantity.quantity>9.724509</out_Quantity.quantity></Point><Point><position>1071</position><in_Quantity.quantity>0.000000</in_Quantity.quantity><out_Quantity.quantity>466.276428</out_Quantity.quantity></Point><Point><position>1072</position><in_Quantity.quantity>0.000000</in_Quantity.quantity><out_Quantity.quantity>617.939793</out_Quantity.quantity></Point><Point><position>1073</position><in_Quantity.quantity>0.000000</in_Quantity.quantity><out_Quantity.quantity>87.572263</out_Quantity.quantity></Point><Point><position>1074</position><in_Quantity.quantity>0.000000</in_Quantity.quantity><out_Quantity.quantity>460.688814</out_Quantity.quantity></Point><Point><position>1075</position><in_Quantity.quantity>0.000000</in_Quantity.quantity><out_Quantity.quantity>880.710493</out_Quantity.quantity></Point><Point><position>1076</position><in_Quantity.quantity>0.000000</in_Quantity.quantity><out_Quantity.quantity>207.041889</out_Quantity.quantity></Point><Point><position>1077</position><in_Quantity.quantity>0.000000</in_Quantity.quantity><out_Quantity.quantity>321.781741</out_Quantity.quantity></Point><Point><position>1078</position><in_Quantity.quantity>0.000000</in_Quantity.quantity><out_Quantity.quantity>332.106404</out_Quantity.quantity></Point><Point><position>1079</position><in_Quantity.quantity>0.000000</in_Quantity.quantity><out_Quantity.quantity>302.165505</out_Quantity.quantity></Point><Point><position>1080</position><in_Quantity.quantity>0.000000</in_Quantity.quantity><out_Quantity.quantity>475.815470</out_Quantity.quantity></Point><Point><position>1081</position><in_Quantity.quantity>0.000000</in_Quantity.quantity><out_Quantity.quantity>940.232368</out_Quantity.quantity></Point><Point><position>1082</position><in_Quantity.quantity>0.000000</in_Quantity.quantity><out_Quantity.quantity>344.501178</out_Quantity.quantity></Point><Point><position>1083</position><in_Quantity.quantity>0.000000</in_Quantity.quantity><out_Quantity.quantity>898.903630</out_Quantity.quantity></Point><Point><position>1084</position><in_Quantity.quantity>0.000000</in_Quantity.quantity><out_Quantity.quantity>28.197039</out_Quantity.quantity></Point><Point><position>1085</position><in_Quantity.quantity>0.000000</in_Quantity.quantity><out_Quantity.quantity>370.699426</out_Quantity.quantity></Point><Point><position>1086</position><in_Quantity.quantity>0.000000</in_Quantity.quantity><out_Quantity.quantity>165.777402</out_Quantity.quantity></Point><Point><position>1087</position><in_Quantity.quantity>0.000000</in_Quantity.quantity><out_Quantity.quantity>769.155326</out_Quantity.quantity></Point><Point><position>1088</position><in_Quantity.quantity>0.000000</in_Quantity.quantity><out_Quantity.quantity>257.054515</out_Quantity.quantity></Point><Point><position>1089</position><in_Quantity.quantity>0.000000</in_Quantity.quantity><out_Quantity.quantity>577.652215</out_Quantity.quantity></Point><Point><position>1090</position><in_Quantity.quantity>0.000000</in_Quantity.quantity><out_Quantity.quantity>509.492127</out_Quantity.quantity></Point><Point><position>1091</position><in_Quantity.quantity>0.000000</in_Quantity.quantity><out_Quantity.quantity>454.112268</out_Quantity.quantity></Point><Point><position>1092</position><in_Quantity.quantity>0.000000</in_Quantity.quantity><out_Quantity.quantity>772.012030</out_Quantity.quantity></Point><Point><position>1093</position><in_Quantity.quantity>0.000000</in_Quantity.quantity><out_Quantity.quantity>97.975300</out_Quantity.quantity></Point><Point><position>1094</position><in_Quantity.quantity>0.000000</in_Quantity.quantity><out_Quantity.quantity>470.176262</out_Quantity.quantity></Point><Point><position>1095</position><in_Quantity.quantity>0.000000</in_Quantity.quantity><out_Quantity.quantity>525.818849</out_Quantity.quantity></Point><Point><position>1096</position><in_Quantity.quantity>0.000000</in_Quantity.quantity><out_Quantity.quantity>889.790888</out_Quantity.quantity></Point><Point><position>1097</position><in_Quantity.quantity>0.000000</in_Quantity.quantity><out_Quantity.quantity>966.362558</out_Quantity.quantity></Point><Point><position>1098</position><in_Quantity.quantity>0.000000</in_Quantity.quantity><out_Quantity.quantity>244.566819</out_Quantity.quantity></Point><Point><position>1099</position><in_Quantity.quantity>0.000000</in_Quantity.quantity><out_Quantity.quantity>864.167448</out_Quantity.quantity></Point><Point><position>1100</position><in_Quantity.quantity>0.000000</in_Quantity.quantity><out_Quantity.quantity>301.457214</out_Quantity.quantity></Point><Point><position>1101</position><in_Quantity.quantity>0.000000</in_Quantity.quantity><out_Quantity.quantity>880.025084</out_Quantity.quantity></Point><Point><position>1102</position><in_Quantity.quantity>0.000000</in_Quantity.quantity><out_Quantity.quantity>32.296270</out_Quantity.quantity></Point><Point><position>1103</position><in_Quantity.quantity>0.000000</in_Quantity.quantity><out_Quantity.quantity>909.810917</out_Quantity.quantity></Point><Point><position>1104</position><in_Quantity.quantity>0.000000</in_Quantity.quantity><out_Quantity.quantity>274.957014</out_Quantity.quantity></Point><Point><position>1105</position><in_Quantity.quantity>0.000000</in_Quantity.quantity><out_Quantity.quantity>913.481921</out_Quantity.quantity></Point><Point><position>1106</position><in_Quantity.quantity>0.000000</in_Quantity.quantity><out_Quantity.quantity>512.340100</out_Quantity.quantity></Point><Point><position>1107</position><in_Quantity.quantity>0.000000</in_Quantity.quantity><out_Quantity.quantity>672.593023</out_Quantity.quantity></Point><Point><position>1108</position><in_Quantity.quantity>0.000000</in_Quantity.quantity><out_Quantity.quantity>264.446920</out_Quantity.quantity></Point><Point><position>1109</position><in_Quantity.quantity>0.000000</in_Quantity.quantity><out_Quantity.quantity>397.488899</out_Quantity.quantity></Point><Point><position>1110</position><in_Quantity.quantity>0.000000</in_Quantity.quantity><out_Quantity.quantity>220.880607</out_Quantity.quantity></Point><Point><position>1111</position><in_Quantity.quantity>0.000000</in_Quantity.quantity><out_Quantity.quantity>246.321199</out_Quantity.quantity></Point><Point><position>1112</position><in_Quantity.quantity>0.000000</in_Quantity.quantity><out_Quantity.quantity>903.029774</out_Quantity.quantity></Point><Point><position>1113</position><in_Quantity.quantity>0.000000</in_Quantity.quantity><out_Quantity.quantity>351.365770</out_Quantity.quantity></Point><Point><position>1114</position><in_Quantity.quantity>0.000000</in_Quantity.quantity><out_Quantity.quantity>402.383897</out_Quantity.quantity></Point><Point><position>1115</position><in_Quantity.quantity>0.000000</in_Quantity.quantity><out_Quantity.quantity>982.758909</out_Quantity.quantity></Point><Point><position>1116</position><in_Quantity.quantity>0.000000</in_Quantity.quantity><out_Quantity.quantity>175.123070</out_Quantity.quantity></Point><Point><position>1117</position><in_Quantity.quantity>0.000000</in_Quantity.quantity><out_Quantity.quantity>235.063578</out_Quantity.quantity></Point><Point><position>1118</position><in_Quantity.quantity>0.000000</in_Quantity.quantity><out_Quantity.quantity>834.598924</out_Quantity.quantity></Point><Point><position>1119</position><in_Quantity.quantity>0.000000</in_Quantity.quantity><out_Quantity.quantity>67.331342</out_Quantity.quantity></Point><Point><position>1120</position><in_Quantity.quantity>0.000000</in_Quantity.quantity><out_Quantity.quantity>465.426159</out_Quantity.quantity></Point><Point><position>1121</position><in_Quantity.quantity>0.000000</in_Quantity.quantity><out_Quantity.quantity>446.713137</out_Quantity.quantity></Point><Point><position>1122</position><in_Quantity.quantity>0.000000</in_Quantity.quantity><out_Quantity.quantity>751.052720</out_Quantity.quantity></Point><Point><position>1123</position><in_Quantity.quantity>0.000000</in_Quantity.quantity><out_Quantity.quantity>283.225100</out_Quantity.quantity></Point><Point><position>1124</position><in_Quantity.quantity>0.000000</in_Quantity.quantity><out_Quantity.quantity>973.781382</out_Quantity.quantity></Point><Point><position>1125</position><in_Quantity.quantity>0.000000</in_Quantity.quantity><out_Quantity.quantity>143.407028</out_Quantity.quantity></Point><Point><position>1126</position><in_Quantity.quantity>0.000000</in_Quantity.quantity><out_Quantity.quantity>388.670349</out_Quantity.quantity></Point><Point><position>1127</position><in_Quantity.quantity>0.000000</in_Quantity.quantity><out_Quantity.quantity>642.509075</out_Quantity.quantity></Point><Point><position>1128</position><in_Quantity.quantity>0.000000</in_Quantity.quantity><out_Quantity.quantity>392.214309</out_Quantity.quantity></Point><Point><position>1129</position><in_Quantity.quantity>0.000000</in_Quantity.quantity><out_Quantity.quantity>520.620852</out_Quantity.quantity></Point><Point><position>1130</position><in_Quantity.quantity>0.000000</in_Quantity.quantity><out_Quantity.quantity>243.452172</out_Quantity.quantity></Point><Point><position>1131</position><in_Quantity.quantity>0.000000</in_Quantity.quantity><out_Quantity.quantity>547.343250</out_Quantity.quantity></Point><Point><position>1132</position><in_Quantity.quantity>0.000000</in_Quantity.quantity><out_Quantity.quantity>490.965336</out_Quantity.quantity></Point><Point><position>1133</position><in_Quantity.quantity>0.000000</in_Quantity.quantity><out_Quantity.quantity>950.583730</out_Quantity.quantity></Point><Point><position>1134</position><in_Quantity.quantity>0.000000</in_Quantity.quantity><out_Quantity.quantity>172.496605</out_Quantity.quantity></Point><Point><position>1135</position><in_Quantity.quantity>0.000000</in_Quantity.quantity><out_Quantity.quantity>823.082448</out_Quantity.quantity></Point><Point><position>1136</position><in_Quantity.quantity>0.000000</in_Quantity.quantity><out_Quantity.quantity>146.526687</out_Quantity.quantity></Point><Point><position>1137</position><in_Quantity.quantity>0.000000</in_Quantity.quantity><out_Quantity.quantity>755.832876</out_Quantity.quantity></Point><Point><position>1138</position><in_Quantity.quantity>0.000000</in_Quantity.quantity><out_Quantity.quantity>873.913496</out_Quantity.quantity></Point><Point><position>1139</position><in_Quantity.quantity>0.000000</in_Quantity.quantity><out_Quantity.quantity>457.657709</out_Quantity.quantity></Point><Point><position>1140</position><in_Quantity.quantity>0.000000</in_Quantity.quantity><out_Quantity.quantity>633.621832</out_Quantity.quantity></Point><Point><position>1141</position><in_Quantity.quantity>0.000000</in_Quantity.quantity><out_Quantity.quantity>104.842926</out_Quantity.quantity></Point><Point><position>1142</position><in_Quantity.quantity>0.000000</in_Quantity.quantity><out_Quantity.quantity>857.078872</out_Quantity.quantity></Point><Point><position>1143</position><in_Quantity.quantity>0.000000</in_Quantity.quantity><out_Quantity.quantity>887.505049</out_Quantity.quantity></Point><Point><position>1144</position><in_Quantity.quantity>0.000000</in_Quantity.quantity><out_Quantity.quantity>512.048364</out_Quantity.quantity></Point><Point><position>1145</position><in_Quantity.quantity>0.000000</in_Quantity.quantity><out_Quantity.quantity>462.459152</out_Quantity.quantity></Point><Point><position>1146</position><in_Quantity.quantity>0.000000</in_Quantity.quantity><out_Quantity.quantity>944.003801</out_Quantity.quantity></Point><Point><position>1147</position><in_Quantity.quantity>0.000000</in_Quantity.quantity><out_Quantity.quantity>287.549967</out_Quantity.quantity></Point><Point><position>1148</position><in_Quantity.quantity>0.000000</in_Quantity.quantity><out_Quantity.quantity>422.634272</out_Quantity.quantity></Point><Point><position>1149</position><in_Quantity.quantity>0.000000</in_Quantity.quantity><out_Quantity.quantity>484.960542</out_Quantity.quantity></Point><Point><position>1150</position><in_Quantity.quantity>0.000000</in_Quantity.quantity><out_Quantity.quantity>537.505818</out_Quantity.quantity></Point><Point><position>1151</position><in_Quantity.quantity>0.000000</in_Quantity.quantity><out_Quantity.quantity>318.966570</out_Quantity.quantity></Point><Point><position>1152</position><in_Quantity.quantity>0.000000</in_Quantity.quantity><out_Quantity.quantity>93.060333</out_Quantity.quantity></Point><Point><position>1153</position><in_Quantity.quantity>0.000000</in_Quantity.quantity><out_Quantity.quantity>127.320143</out_Quantity.quantity></Point><Point><position>1154</position><in_Quantity.quantity>0.000000</in_Quantity.quantity><out_Quantity.quantity>178.096649</out_Quantity.quantity></Point><Point><position>1155</position><in_Quantity.quantity>0.000000</in_Quantity.quantity><out_Quantity.quantity>521.058267</out_Quantity.quantity></Point><Point><position>1156</position><in_Quantity.quantity>0.000000</in_Quantity.quantity><out_Quantity.quantity>436.650885</out_Quantity.quantity></Point><Point><position>1157</position><in_Quantity.quantity>0.000000</in_Quantity.quantity><out_Quantity.quantity>491.417036</out_Quantity.quantity></Point><Point><position>1158</position><in_Quantity.quantity>0.000000</in_Quantity.quantity><out_Quantity.quantity>508.273278</out_Quantity.quantity></Point><Point><position>1159</position><in_Quantity.quantity>0.000000</in_Quantity.quantity><out_Quantity.quantity>515.259734</out_Quantity.quantity></Point><Point><position>1160</position><in_Quantity.quantity>0.000000</in_Quantity.quantity><out_Quantity.quantity>667.891282</out_Quantity.quantity></Point><Point><position>1161</position><in_Quantity.quantity>0.000000</in_Quantity.quantity><out_Quantity.quantity>599.087808</out_Quantity.quantity></Point><Point><position>1162</position><in_Quantity.quantity>0.000000</in_Quantity.quantity><out_Quantity.quantity>186.401444</out_Quantity.quantity></Point><Point><position>1163</position><in_Quantity.quantity>0.000000</in_Quantity.quantity><out_Quantity.quantity>109.215391</out_Quantity.quantity></Point><Point><position>1164</position><in_Quantity.quantity>0.000000</in_Quantity.quantity><out_Quantity.quantity>976.412344</out_Quantity.quantity></Point><Point><position>1165</position><in_Quantity.quantity>0.000000</in_Quantity.quantity><out_Quantity.quantity>826.489789</out_Quantity.quantity></Point><Point><position>1166</position><in_Quantity.quantity>0.000000</in_Quantity.quantity><out_Quantity.quantity>258.845072</out_Quantity.quantity></Point><Point><position>1167</position><in_Quantity.quantity>0.000000</in_Quantity.quantity><out_Quantity.quantity>711.274651</out_Quantity.quantity></Point><Point><position>1168</position><in_Quantity.quantity>0.000000</in_Quantity.quantity><out_Quantity.quantity>184.180299</out_Quantity.quantity></Point><Point><position>1169</position><in_Quantity.quantity>0.000000</in_Quantity.quantity><out_Quantity.quantity>762.359379</out_Quantity.quantity></Point><Point><position>1170</position><in_Quantity.quantity>0.000000</in_Quantity.quantity><out_Quantity.quantity>468.584452</out_Quantity.quantity></Point><Point><position>1171</position><in_Quantity.quantity>0.000000</in_Quantity.quantity><out_Quantity.quantity>498.251346</out_Quantity.quantity></Point><Point><position>1172</position><in_Quantity.quantity>0.000000</in_Quantity.quantity><out_Quantity.quantity>94.246415</out_Quantity.quantity></Point><Point><position>1173</position><in_Quantity.quantity>0.000000</in_Quantity.quantity><out_Quantity.quantity>651.556541</out_Quantity.quantity></Point><Point><position>1174</position><in_Quantity.quantity>0.000000</in_Quantity.quantity><out_Quantity.quantity>313.695916</out_Quantity.quantity></Point><Point><position>1175</position><in_Quantity.quantity>0.000000</in_Quantity.quantity><out_Quantity.quantity>533.375549</out_Quantity.quantity></Point><Point><position>1176</position><in_Quantity.quantity>0.000000</in_Quantity.quantity><out_Quantity.quantity>810.540415</out_Quantity.quantity></Point><Point><position>1177</position><in_Quantity.quantity>0.000000</in_Quantity.quantity><out_Quantity.quantity>431.795804</out_Quantity.quantity></Point><Point><position>1178</position><in_Quantity.quantity>0.000000</in_Quantity.quantity><out_Quantity.quantity>593.678272</out_Quantity.quantity></Point><Point><position>1179</position><in_Quantity.quantity>0.000000</in_Quantity.quantity><out_Quantity.quantity>190.982183</out_Quantity.quantity></Point><Point><position>1180</position><in_Quantity.quantity>0.000000</in_Quantity.quantity><out_Quantity.quantity>403.696109</out_Quantity.quantity></Point><Point><position>1181</position><in_Quantity.quantity>0.000000</in_Quantity.quantity><out_Quantity.quantity>669.524902</out_Quantity.quantity></Point><Point><position>1182</position><in_Quantity.quantity>0.000000</in_Quantity.quantity><out_Quantity.quantity>471.547895</out_Quantity.quantity></Point><Point><position>1183</position><in_Quantity.quantity>0.000000</in_Quantity.quantity><out_Quantity.quantity>370.669996</out_Quantity.quantity></Point><Point><position>1184</position><in_Quantity.quantity>0.000000</in_Quantity.quantity><out_Quantity.quantity>908.180528</out_Quantity.quantity></Point><Point><position>1185</position><in_Quantity.quantity>0.000000</in_Quantity.quantity><out_Quantity.quantity>642.317105</out_Quantity.quantity></Point><Point><position>1186</position><in_Quantity.quantity>0.000000</in_Quantity.quantity><out_Quantity.quantity>778.380684</out_Quantity.quantity></Point><Point><position>1187</position><in_Quantity.quantity>0.000000</in_Quantity.quantity><out_Quantity.quantity>649.707807</out_Quantity.quantity></Point><Point><position>1188</position><in_Quantity.quantity>0.000000</in_Quantity.quantity><out_Quantity.quantity>683.813861</out_Quantity.quantity></Point><Point><position>1189</position><in_Quantity.quantity>0.000000</in_Quantity.quantity><out_Quantity.quantity>316.198748</out_Quantity.quantity></Point><Point><position>1190</position><in_Quantity.quantity>0.000000</in_Quantity.quantity><out_Quantity.quantity>730.084724</out_Quantity.quantity></Point><Point><position>1191</position><in_Quantity.quantity>0.000000</in_Quantity.quantity><out_Quantity.quantity>993.412239</out_Quantity.quantity></Point><Point><position>1192</position><in_Quantity.quantity>0.000000</in_Quantity.quantity><out_Quantity.quantity>2.929882</out_Quantity.quantity></Point><Point><position>1193</position><in_Quantity.quantity>0.000000</in_Quantity.quantity><out_Quantity.quantity>489.326912</out_Quantity.quantity></Point><Point><position>1194</position><in_Quantity.quantity>0.000000</in_Quantity.quantity><out_Quantity.quantity>473.887606</out_Quantity.quantity></Point><Point><position>1195</position><in_Quantity.quantity>0.000000</in_Quantity.quantity><out_Quantity.quantity>912.409204</out_Quantity.quantity></Point><Point><position>1196</position><in_Quantity.quantity>0.000000</in_Quantity.quantity><out_Quantity.quantity>126.820036</out_Quantity.quantity></Point><Point><position>1197</position><in_Quantity.quantity>0.000000</in_Quantity.quantity><out_Quantity.quantity>669.809583</out_Quantity.quantity></Point><Point><position>1198</position><in_Quantity.quantity>0.000000</in_Quantity.quantity><out_Quantity.quantity>772.590947</out_Quantity.quantity></Point><Point><position>1199</position><in_Quantity.quantity>0.000000</in_Quantity.quantity><out_Quantity.quantity>716.754995</out_Quantity.quantity></Point><Point><position>1200</position><in_Quantity.quantity>0.000000</in_Quantity.quantity><out_Quantity.quantity>241.358149</out_Quantity.quantity></Point><Point><position>1201</position><in_Quantity.quantity>0.000000</in_Quantity.quantity><out_Quantity.quantity>430.000533</out_Quantity.quantity></Point><Point><position>1202</position><in_Quantity.quantity>0.000000</in_Quantity.quantity><out_Quantity.quantity>278.234737</out_Quantity.quantity></Point><Point><position>1203</position><in_Quantity.quantity>0.000000</in_Quantity.quantity><out_Quantity.quantity>249.051320</out_Quantity.quantity></Point><Point><position>1204</position><in_Quantity.quantity>0.000000</in_Quantity.quantity><out_Quantity.quantity>573.755284</out_Quantity.quantity></Point><Point><position>1205</position><in_Quantity.quantity>0.000000</in_Quantity.quantity><out_Quantity.quantity>477.546178</out_Quantity.quantity></Point><Point><position>1206</position><in_Quantity.quantity>0.000000</in_Quantity.quantity><out_Quantity.quantity>247.066115</out_Quantity.quantity></Point><Point><position>1207</position><in_Quantity.quantity>0.000000</in_Quantity.quantity><out_Quantity.quantity>36.000126</out_Quantity.quantity></Point><Point><position>1208</position><in_Quantity.quantity>0.000000</in_Quantity.quantity><out_Quantity.quantity>857.734004</out_Quantity.quantity></Point><Point><position>1209</position><in_Quantity.quantity>0.000000</in_Quantity.quantity><out_Quantity.quantity>487.359731</out_Quantity.quantity></Point><Point><position>1210</position><in_Quantity.quantity>0.000000</in_Quantity.quantity><out_Quantity.quantity>17.874492</out_Quantity.quantity></Point><Point><position>1211</position><in_Quantity.quantity>0.000000</in_Quantity.quantity><out_Quantity.quantity>645.893324</out_Quantity.quantity></Point><Point><position>1212</position><in_Quantity.quantity>0.000000</in_Quantity.quantity><out_Quantity.quantity>133.082770</out_Quantity.quantity></Point><Point><position>1213</position><in_Quantity.quantity>0.000000</in_Quantity.quantity><out_Quantity.quantity>712.125277</out_Quantity.quantity></Point><Point><position>1214</position><in_Quantity.quantity>0.000000</in_Quantity.quantity><out_Quantity.quantity>485.778331</out_Quantity.quantity></Point><Point><position>1215</position><in_Quantity.quantity>0.000000</in_Quantity.quantity><out_Quantity.quantity>831.940679</out_Quantity.quantity></Point><Point><position>1216</position><in_Quantity.quantity>0.000000</in_Quantity.quantity><out_Quantity.quantity>825.380879</out_Quantity.quantity></Point><Point><position>1217</position><in_Quantity.quantity>0.000000</in_Quantity.quantity><out_Quantity.quantity>343.854723</out_Quantity.quantity></Point><Point><position>1218</position><in_Quantity.quantity>0.000000</in_Quantity.quantity><out_Quantity.quantity>261.146658</out_Quantity.quantity></Point><Point><position>1219</position><in_Quantity.quantity>0.000000</in_Quantity.quantity><out_Quantity.quantity>130.290533</out_Quantity.quantity></Point><Point><position>1220</position><in_Quantity.quantity>0.000000</in_Quantity.quantity><out_Quantity.quantity>428.972908</out_Quantity.quantity></Point><Point><position>1221</position><in_Quantity.quantity>0.000000</in_Quantity.quantity><out_Quantity.quantity>112.824247</out_Quantity.quantity></Point><Point><position>1222</position><in_Quantity.quantity>0.000000</in_Quantity.quantity><out_Quantity.quantity>85.820469</out_Quantity.quantity></Point><Point><position>1223</position><in_Quantity.quantity>0.000000</in_Quantity.quantity><out_Quantity.quantity>754.762534</out_Quantity.quantity></Point><Point><position>1224</position><in_Quantity.quantity>0.000000</in_Quantity.quantity><out_Quantity.quantity>794.604095</out_Quantity.quantity></Point><Point><position>1225</position><in_Quantity.quantity>0.000000</in_Quantity.quantity><out_Quantity.quantity>362.809671</out_Quantity.quantity></Point><Point><position>1226</position><in_Quantity.quantity>0.000000</in_Quantity.quantity><out_Quantity.quantity>994.208023</out_Quantity.quantity></Point><Point><position>1227</position><in_Quantity.quantity>0.000000</in_Quantity.quantity><out_Quantity.quantity>974.591307</out_Quantity.quantity></Point><Point><position>1228</position><in_Quantity.quantity>0.000000</in_Quantity.quantity><out_Quantity.quantity>581.452713</out_Quantity.quantity></Point><Point><position>1229</position><in_Quantity.quantity>0.000000</in_Quantity.quantity><out_Quantity.quantity>575.949457</out_Quantity.quantity></Point><Point><position>1230</position><in_Quantity.quantity>0.000000</in_Quantity.quantity><out_Quantity.quantity>23.850747</out_Quantity.quantity></Point><Point><position>1231</position><in_Quantity.quantity>0.000000</in_Quantity.quantity><out_Quantity.quantity>934.970312</out_Quantity.quantity></Point><Point><position>1232</position><in_Quantity.quantity>0.000000</in_Quantity.quantity><out_Quantity.quantity>686.045948</out_Quantity.quantity></Point><Point><position>1233</position><in_Quantity.quantity>0.000000</in_Quantity.quantity><out_Quantity.quantity>633.773919</out_Quantity.quantity></Point><Point><position>1234</position><in_Quantity.quantity>0.000000</in_Quantity.quantity><out_Quantity.quantity>16.936071</out_Quantity.quantity></Point><Point><position>1235</position><in_Quantity.quantity>0.000000</in_Quantity.quantity><out_Quantity.quantity>675.307232</out_Quantity.quantity></Point><Point><position>1236</position><in_Quantity.quantity>0.000000</in_Quantity.quantity><out_Quantity.quantity>330.457753</out_Quantity.quantity></Point><Point><position>1237</position><in_Quantity.quantity>0.000000</in_Quantity.quantity><out_Quantity.quantity>350.013617</out_Quantity.quantity></Point><Point><position>1238</position><in_Quantity.quantity>0.000000</in_Quantity.quantity><out_Quantity.quantity>77.670404</out_Quantity.quantity></Point><Point><position>1239</position><in_Quantity.quantity>0.000000</in_Quantity.quantity><out_Quantity.quantity>110.823373</out_Quantity.quantity></Point><Point><position>1240</position><in_Quantity.quantity>0.000000</in_Quantity.quantity><out_Quantity.quantity>304.215156</out_Quantity.quantity></Point><Point><position>1241</position><in_Quantity.quantity>0.000000</in_Quantity.quantity><out_Quantity.quantity>424.452046</out_Quantity.quantity></Point><Point><position>1242</position><in_Quantity.quantity>0.000000</in_Quantity.quantity><out_Quantity.quantity>592.999020</out_Quantity.quantity></Point><Point><position>1243</position><in_Quantity.quantity>0.000000</in_Quantity.quantity><out_Quantity.quantity>947.535241</out_Quantity.quantity></Point><Point><position>1244</position><in_Quantity.quantity>0.000000</in_Quantity.quantity><out_Quantity.quantity>630.298044</out_Quantity.quantity></Point><Point><position>1245</position><in_Quantity.quantity>0.000000</in_Quantity.quantity><out_Quantity.quantity>449.576832</out_Quantity.quantity></Point><Point><position>1246</position><in_Quantity.quantity>0.000000</in_Quantity.quantity><out_Quantity.quantity>726.307696</out_Quantity.quantity></Point><Point><position>1247</position><in_Quantity.quantity>0.000000</in_Quantity.quantity><out_Quantity.quantity>507.937729</out_Quantity.quantity></Point><Point><position>1248</position><in_Quantity.quantity>0.000000</in_Quantity.quantity><out_Quantity.quantity>583.712674</out_Quantity.quantity></Point><Point><position>1249</position><in_Quantity.quantity>0.000000</in_Quantity.quantity><out_Quantity.quantity>728.747444</out_Quantity.quantity></Point><Point><position>1250</position><in_Quantity.quantity>0.000000</in_Quantity.quantity><out_Quantity.quantity>446.791475</out_Quantity.quantity></Point><Point><position>1251</position><in_Quantity.quantity>0.000000</in_Quantity.quantity><out_Quantity.quantity>929.298357</out_Quantity.quantity></Point><Point><position>1252</position><in_Quantity.quantity>0.000000</in_Quantity.quantity><out_Quantity.quantity>65.911137</out_Quantity.quantity></Point><Point><position>1253</position><in_Quantity.quantity>0.000000</in_Quantity.quantity><out_Quantity.quantity>890.005806</out_Quantity.quantity></Point><Point><position>1254</position><in_Quantity.quantity>0.000000</in_Quantity.quantity><out_Quantity.quantity>933.529244</out_Quantity.quantity></Point><Point><position>1255</position><in_Quantity.quantity>0.000000</in_Quantity.quantity><out_Quantity.quantity>489.728401</out_Quantity.quantity></Point><Point><position>1256</position><in_Quantity.quantity>0.000000</in_Quantity.quantity><out_Quantity.quantity>844.742980</out_Quantity.quantity></Point><Point><position>1257</position><in_Quantity.quantity>0.000000</in_Quantity.quantity><out_Quantity.quantity>561.090331</out_Quantity.quantity></Point><Point><position>1258</position><in_Quantity.quantity>0.000000</in_Quantity.quantity><out_Quantity.quantity>415.874318</out_Quantity.quantity></Point><Point><position>1259</position><in_Quantity.quantity>0.000000</in_Quantity.quantity><out_Quantity.quantity>694.065457</out_Quantity.quantity></Point><Point><position>1260</position><in_Quantity.quantity>0.000000</in_Quantity.quantity><out_Quantity.quantity>858.217036</out_Quantity.quantity></Point><Point><position>1261</position><in_Quantity.quantity>0.000000</in_Quantity.quantity><out_Quantity.quantity>717.561252</out_Quantity.quantity></Point><Point><position>1262</position><in_Quantity.quantity>0.000000</in_Quantity.quantity><out_Quantity.quantity>852.433230</out_Quantity.quantity></Point><Point><position>1263</position><in_Quantity.quantity>0.000000</in_Quantity.quantity><out_Quantity.quantity>896.963554</out_Quantity.quantity></Point><Point><position>1264</position><in_Quantity.quantity>0.000000</in_Quantity.quantity><out_Quantity.quantity>577.467010</out_Quantity.quantity></Point><Point><position>1265</position><in_Quantity.quantity>0.000000</in_Quantity.quantity><out_Quantity.quantity>492.757100</out_Quantity.quantity></Point><Point><position>1266</position><in_Quantity.quantity>0.000000</in_Quantity.quantity><out_Quantity.quantity>209.697494</out_Quantity.quantity></Point><Point><position>1267</position><in_Quantity.quantity>0.000000</in_Quantity.quantity><out_Quantity.quantity>880.687296</out_Quantity.quantity></Point><Point><position>1268</position><in_Quantity.quantity>0.000000</in_Quantity.quantity><out_Quantity.quantity>340.670968</out_Quantity.quantity></Point><Point><position>1269</position><in_Quantity.quantity>0.000000</in_Quantity.quantity><out_Quantity.quantity>554.905193</out_Quantity.quantity></Point><Point><position>1270</position><in_Quantity.quantity>0.000000</in_Quantity.quantity><out_Quantity.quantity>870.043022</out_Quantity.quantity></Point><Point><position>1271</position><in_Quantity.quantity>0.000000</in_Quantity.quantity><out_Quantity.quantity>109.228910</out_Quantity.quantity></Point><Point><position>1272</position><in_Quantity.quantity>0.000000</in_Quantity.quantity><out_Quantity.quantity>542.021493</out_Quantity.quantity></Point><Point><position>1273</position><in_Quantity.quantity>0.000000</in_Quantity.quantity><out_Quantity.quantity>545.004674</out_Quantity.quantity></Point><Point><position>1274</position><in_Quantity.quantity>0.000000</in_Quantity.quantity><out_Quantity.quantity>556.763321</out_Quantity.quantity></Point><Point><position>1275</position><in_Quantity.quantity>0.000000</in_Quantity.quantity><out_Quantity.quantity>1.096841</out_Quantity.quantity></Point><Point><position>1276</position><in_Quantity.quantity>0.000000</in_Quantity.quantity><out_Quantity.quantity>591.641515</out_Quantity.quantity></Point><Point><position>1277</position><in_Quantity.quantity>0.000000</in_Quantity.quantity><out_Quantity.quantity>239.128958</out_Quantity.quantity></Point><Point><position>1278</position><in_Quantity.quantity>0.000000</in_Quantity.quantity><out_Quantity.quantity>936.079266</out_Quantity.quantity></Point><Point><position>1279</position><in_Quantity.quantity>0.000000</in_Quantity.quantity><out_Quantity.quantity>708.524147</out_Quantity.quantity></Point><Point><position>1280</position><in_Quantity.quantity>0.000000</in_Quantity.quantity><out_Quantity.quantity>519.976689</out_Quantity.quantity></Point><Point><position>1281</position><in_Quantity.quantity>0.000000</in_Quantity.quantity><out_Quantity.quantity>42.004749</out_Quantity.quantity></Point><Point><position>1282</position><in_Quantity.quantity>0.000000</in_Quantity.quantity><out_Quantity.quantity>350.277785</out_Quantity.quantity></Point><Point><position>1283</position><in_Quantity.quantity>0.000000</in_Quantity.quantity><out_Quantity.quantity>376.720592</out_Quantity.quantity></Point><Point><position>1284</position><in_Quantity.quantity>0.000000</in_Quantity.quantity><out_Quantity.quantity>879.452900</out_Quantity.quantity></Point><Point><position>1285</position><in_Quantity.quantity>0.000000</in_Quantity.quantity><out_Quantity.quantity>897.991075</out_Quantity.quantity></Point><Point><position>1286</position><in_Quantity.quantity>0.000000</in_Quantity.quantity><out_Quantity.quantity>993.925527</out_Quantity.quantity></Point><Point><position>1287</position><in_Quantity.quantity>0.000000</in_Quantity.quantity><out_Quantity.quantity>216.049492</out_Quantity.quantity></Point><Point><position>1288</position><in_Quantity.quantity>0.000000</in_Quantity.quantity><out_Quantity.quantity>633.500836</out_Quantity.quantity></Point><Point><position>1289</position><in_Quantity.quantity>0.000000</in_Quantity.quantity><out_Quantity.quantity>953.862391</out_Quantity.quantity></Point><Point><position>1290</position><in_Quantity.quantity>0.000000</in_Quantity.quantity><out_Quantity.quantity>91.804780</out_Quantity.quantity></Point><Point><position>1291</position><in_Quantity.quantity>0.000000</in_Quantity.quantity><out_Quantity.quantity>414.530265</out_Quantity.quantity></Point><Point><position>1292</position><in_Quantity.quantity>0.000000</in_Quantity.quantity><out_Quantity.quantity>796.163709</out_Quantity.quantity></Point><Point><position>1293</position><in_Quantity.quantity>0.000000</in_Quantity.quantity><out_Quantity.quantity>409.395199</out_Quantity.quantity></Point><Point><position>1294</position><in_Quantity.quantity>0.000000</in_Quantity.quantity><out_Quantity.quantity>566.183179</out_Quantity.quantity></Point><Point><position>1295</position><in_Quantity.quantity>0.000000</in_Quantity.quantity><out_Quantity.quantity>490.885725</out_Quantity.quantity></Point><Point><position>1296</position><in_Quantity.quantity>0.000000</in_Quantity.quantity><out_Quantity.quantity>257.373527</out_Quantity.quantity></Point><Point><position>1297</position><in_Quantity.quantity>0.000000</in_Quantity.quantity><out_Quantity.quantity>509.562129</out_Quantity.quantity></Point><Point><position>1298</position><in_Quantity.quantity>0.000000</in_Quantity.quantity><out_Quantity.quantity>666.600639</out_Quantity.quantity></Point><Point><position>1299</position><in_Quantity.quantity>0.000000</in_Quantity.quantity><out_Quantity.quantity>598.666335</out_Quantity.quantity></Point><Point><position>1300</position><in_Quantity.quantity>0.000000</in_Quantity.quantity><out_Quantity.quantity>127.512702</out_Quantity.quantity></Point><Point><position>1301</position><in_Quantity.quantity>0.000000</in_Quantity.quantity><out_Quantity.quantity>758.060411</out_Quantity.quantity></Point><Point><position>1302</position><in_Quantity.quantity>0.000000</in_Quantity.quantity><out_Quantity.quantity>997.145790</out_Quantity.quantity></Point><Point><position>1303</position><in_Quantity.quantity>0.000000</in_Quantity.quantity><out_Quantity.quantity>978.202403</out_Quantity.quantity></Point><Point><position>1304</position><in_Quantity.quantity>0.000000</in_Quantity.quantity><out_Quantity.quantity>212.915592</out_Quantity.quantity></Point><Point><position>1305</position><in_Quantity.quantity>0.000000</in_Quantity.quantity><out_Quantity.quantity>607.165602</out_Quantity.quantity></Point><Point><position>1306</position><in_Quantity.quantity>0.000000</in_Quantity.quantity><out_Quantity.quantity>447.999008</out_Quantity.quantity></Point><Point><position>1307</position><in_Quantity.quantity>0.000000</in_Quantity.quantity><out_Quantity.quantity>979.657825</out_Quantity.quantity></Point><Point><position>1308</position><in_Quantity.quantity>0.000000</in_Quantity.quantity><out_Quantity.quantity>748.013976</out_Quantity.quantity></Point><Point><position>1309</position><in_Quantity.quantity>0.000000</in_Quantity.quantity><out_Quantity.quantity>112.356161</out_Quantity.quantity></Point><Point><position>1310</position><in_Quantity.quantity>0.000000</in_Quantity.quantity><out_Quantity.quantity>557.048010</out_Quantity.quantity></Point><Point><position>1311</position><in_Quantity.quantity>0.000000</in_Quantity.quantity><out_Quantity.quantity>846.809774</out_Quantity.quantity></Point><Point><position>1312</position><in_Quantity.quantity>0.000000</in_Quantity.quantity><out_Quantity.quantity>543.189674</out_Quantity.quantity></Point><Point><position>1313</position><in_Quantity.quantity>0.000000</in_Quantity.quantity><out_Quantity.quantity>590.258072</out_Quantity.quantity></Point><Point><position>1314</position><in_Quantity.quantity>0.000000</in_Quantity.quantity><out_Quantity.quantity>762.520940</out_Quantity.quantity></Point><Point><position>1315</position><in_Quantity.quantity>0.000000</in_Quantity.quantity><out_Quantity.quantity>371.507168</out_Quantity.quantity></Point><Point><position>1316</position><in_Quantity.quantity>0.000000</in_Quantity.quantity><out_Quantity.quantity>852.095449</out_Quantity.quantity></Point><Point><position>1317</position><in_Quantity.quantity>0.000000</in_Quantity.quantity><out_Quantity.quantity>355.944916</out_Quantity.quantity></Point><Point><position>1318</position><in_Quantity.quantity>0.000000</in_Quantity.quantity><out_Quantity.quantity>176.438420</out_Quantity.quantity></Point><Point><position>1319</position><in_Quantity.quantity>0.000000</in_Quantity.quantity><out_Quantity.quantity>553.663739</out_Quantity.quantity></Point><Point><position>1320</position><in_Quantity.quantity>0.000000</in_Quantity.quantity><out_Quantity.quantity>705.499782</out_Quantity.quantity></Point><Point><position>1321</position><in_Quantity.quantity>0.000000</in_Quantity.quantity><out_Quantity.quantity>853.678489</out_Quantity.quantity></Point><Point><position>1322</position><in_Quantity.quantity>0.000000</in_Quantity.quantity><out_Quantity.quantity>211.164106</out_Quantity.quantity></Point><Point><position>1323</position><in_Quantity.quantity>0.000000</in_Quantity.quantity><out_Quantity.quantity>250.275448</out_Quantity.quantity></Point><Point><position>1324</position><in_Quantity.quantity>0.000000</in_Quantity.quantity><out_Quantity.quantity>661.803776</out_Quantity.quantity></Point><Point><position>1325</position><in_Quantity.quantity>0.000000</in_Quantity.quantity><out_Quantity.quantity>309.238225</out_Quantity.quantity></Point><Point><position>1326</position><in_Quantity.quantity>0.000000</in_Quantity.quantity><out_Quantity.quantity>937.651344</out_Quantity.quantity></Point><Point><position>1327</position><in_Quantity.quantity>0.000000</in_Quantity.quantity><out_Quantity.quantity>552.982481</out_Quantity.quantity></Point><Point><position>1328</position><in_Quantity.quantity>0.000000</in_Quantity.quantity><out_Quantity.quantity>153.271929</out_Quantity.quantity></Point><Point><position>1329</position><in_Quantity.quantity>0.000000</in_Quantity.quantity><out_Quantity.quantity>589.464446</out_Quantity.quantity></Point><Point><position>1330</position><in_Quantity.quantity>0.000000</in_Quantity.quantity><out_Quantity.quantity>386.191374</out_Quantity.quantity></Point><Point><position>1331</position><in_Quantity.quantity>0.000000</in_Quantity.quantity><out_Quantity.quantity>547.857637</out_Quantity.quantity></Point><Point><position>1332</position><in_Quantity.quantity>0.000000</in_Quantity.quantity><out_Quantity.quantity>740.564779</out_Quantity.quantity></Point><Point><position>1333</position><in_Quantity.quantity>0.000000</in_Quantity.quantity><out_Quantity.quantity>708.457384</out_Quantity.quantity></Point><Point><position>1334</position><in_Quantity.quantity>0.000000</in_Quantity.quantity><out_Quantity.quantity>345.547287</out_Quantity.quantity></Point><Point><position>1335</position><in_Quantity.quantity>0.000000</in_Quantity.quantity><out_Quantity.quantity>516.410693</out_Quantity.quantity></Point><Point><position>1336</position><in_Quantity.quantity>0.000000</in_Quantity.quantity><out_Quantity.quantity>198.536584</out_Quantity.quantity></Point><Point><position>1337</position><in_Quantity.quantity>0.000000</in_Quantity.quantity><out_Quantity.quantity>222.209740</out_Quantity.quantity></Point><Point><position>1338</position><in_Quantity.quantity>0.000000</in_Quantity.quantity><out_Quantity.quantity>144.994220</out_Quantity.quantity></Point><Point><position>1339</position><in_Quantity.quantity>0.000000</in_Quantity.quantity><out_Quantity.quantity>645.199648</out_Quantity.quantity></Point><Point><position>1340</position><in_Quantity.quantity>0.000000</in_Quantity.quantity><out_Quantity.quantity>63.335077</out_Quantity.quantity></Point><Point><position>1341</position><in_Quantity.quantity>0.000000</in_Quantity.quantity><out_Quantity.quantity>261.701397</out_Quantity.quantity></Point><Point><position>1342</position><in_Quantity.quantity>0.000000</in_Quantity.quantity><out_Quantity.quantity>67.974530</out_Quantity.quantity></Point><Point><position>1343</position><in_Quantity.quantity>0.000000</in_Quantity.quantity><out_Quantity.quantity>371.097501</out_Quantity.quantity></Point><Point><position>1344</position><in_Quantity.quantity>0.000000</in_Quantity.quantity><out_Quantity.quantity>550.922362</out_Quantity.quantity></Point><Point><position>1345</position><in_Quantity.quantity>0.000000</in_Quantity.quantity><out_Quantity.quantity>280.277716</out_Quantity.quantity></Point><Point><position>1346</position><in_Quantity.quantity>0.000000</in_Quantity.quantity><out_Quantity.quantity>63.070109</out_Quantity.quantity></Point><Point><position>1347</position><in_Quantity.quantity>0.000000</in_Quantity.quantity><out_Quantity.quantity>473.767808</out_Quantity.quantity></Point><Point><position>1348</position><in_Quantity.quantity>0.000000</in_Quantity.quantity><out_Quantity.quantity>131.674730</out_Quantity.quantity></Point><Point><position>1349</position><in_Quantity.quantity>0.000000</in_Quantity.quantity><out_Quantity.quantity>308.131672</out_Quantity.quantity></Point><Point><position>1350</position><in_Quantity.quantity>0.000000</in_Quantity.quantity><out_Quantity.quantity>980.658447</out_Quantity.quantity></Point><Point><position>1351</position><in_Quantity.quantity>0.000000</in_Quantity.quantity><out_Quantity.quantity>210.054158</out_Quantity.quantity></Point><Point><position>1352</position><in_Quantity.quantity>0.000000</in_Quantity.quantity><out_Quantity.quantity>165.368747</out_Quantity.quantity></Point><Point><position>1353</position><in_Quantity.quantity>0.000000</in_Quantity.quantity><out_Quantity.quantity>123.421923</out_Quantity.quantity></Point><Point><position>1354</position><in_Quantity.quantity>0.000000</in_Quantity.quantity><out_Quantity.quantity>212.581019</out_Quantity.quantity></Point><Point><position>1355</position><in_Quantity.quantity>0.000000</in_Quantity.quantity><out_Quantity.quantity>74.616273</out_Quantity.quantity></Point><Point><position>1356</position><in_Quantity.quantity>0.000000</in_Quantity.quantity><out_Quantity.quantity>792.047407</out_Quantity.quantity></Point><Point><position>1357</position><in_Quantity.quantity>0.000000</in_Quantity.quantity><out_Quantity.quantity>51.137790</out_Quantity.quantity></Point><Point><position>1358</position><in_Quantity.quantity>0.000000</in_Quantity.quantity><out_Quantity.quantity>821.702642</out_Quantity.quantity></Point><Point><position>1359</position><in_Quantity.quantity>0.000000</in_Quantity.quantity><out_Quantity.quantity>795.125135</out_Quantity.quantity></Point><Point><position>1360</position><in_Quantity.quantity>0.000000</in_Quantity.quantity><out_Quantity.quantity>953.214430</out_Quantity.quantity></Point><Point><position>1361</position><in_Quantity.quantity>0.000000</in_Quantity.quantity><out_Quantity.quantity>509.233713</out_Quantity.quantity></Point><Point><position>1362</position><in_Quantity.quantity>0.000000</in_Quantity.quantity><out_Quantity.quantity>993.830106</out_Quantity.quantity></Point><Point><position>1363</position><in_Quantity.quantity>0.000000</in_Quantity.quantity><out_Quantity.quantity>60.092988</out_Quantity.quantity></Point><Point><position>1364</position><in_Quantity.quantity>0.000000</in_Quantity.quantity><out_Quantity.quantity>699.921731</out_Quantity.quantity></Point><Point><position>1365</position><in_Quantity.quantity>0.000000</in_Quantity.quantity><out_Quantity.quantity>584.963055</out_Quantity.quantity></Point><Point><position>1366</position><in_Quantity.quantity>0.000000</in_Quantity.quantity><out_Quantity.quantity>613.758919</out_Quantity.quantity></Point><Point><position>1367</position><in_Quantity.quantity>0.000000</in_Quantity.quantity><out_Quantity.quantity>352.156714</out_Quantity.quantity></Point><Point><position>1368</position><in_Quantity.quantity>0.000000</in_Quantity.quantity><out_Quantity.quantity>794.882613</out_Quantity.quantity></Point><Point><position>1369</position><in_Quantity.quantity>0.000000</in_Quantity.quantity><out_Quantity.quantity>559.482290</out_Quantity.quantity></Point><Point><position>1370</position><in_Quantity.quantity>0.000000</in_Quantity.quantity><out_Quantity.quantity>682.151627</out_Quantity.quantity></Point><Point><position>1371</position><in_Quantity.quantity>0.000000</in_Quantity.quantity><out_Quantity.quantity>147.069212</out_Quantity.quantity></Point><Point><position>1372</position><in_Quantity.quantity>0.000000</in_Quantity.quantity><out_Quantity.quantity>704.335857</out_Quantity.quantity></Point><Point><position>1373</position><in_Quantity.quantity>0.000000</in_Quantity.quantity><out_Quantity.quantity>642.549178</out_Quantity.quantity></Point><Point><position>1374</position><in_Quantity.quantity>0.000000</in_Quantity.quantity><out_Quantity.quantity>451.367729</out_Quantity.quantity></Point><Point><position>1375</position><in_Quantity.quantity>0.000000</in_Quantity.quantity><out_Quantity.quantity>959.533614</out_Quantity.quantity></Point><Point><position>1376</position><in_Quantity.quantity>0.000000</in_Quantity.quantity><out_Quantity.quantity>581.025279</out_Quantity.quantity></Point><Point><position>1377</position><in_Quantity.quantity>0.000000</in_Quantity.quantity><out_Quantity.quantity>32.095875</out_Quantity.quantity></Point><Point><position>1378</position><in_Quantity.quantity>0.000000</in_Quantity.quantity><out_Quantity.quantity>884.449068</out_Quantity.quantity></Point><Point><position>1379</position><in_Quantity.quantity>0.000000</in_Quantity.quantity><out_Quantity.quantity>24.932166</out_Quantity.quantity></Point><Point><position>1380</position><in_Quantity.quantity>0.000000</in_Quantity.quantity><out_Quantity.quantity>314.344890</out_Quantity.quantity></Point><Point><position>1381</position><in_Quantity.quantity>0.000000</in_Quantity.quantity><out_Quantity.quantity>315.462537</out_Quantity.quantity></Point><Point><position>1382</position><in_Quantity.quantity>0.000000</in_Quantity.quantity><out_Quantity.quantity>716.527196</out_Quantity.quantity></Point><Point><position>1383</position><in_Quantity.quantity>0.000000</in_Quantity.quantity><out_Quantity.quantity>751.471193</out_Quantity.quantity></Point><Point><position>1384</position><in_Quantity.quantity>0.000000</in_Quantity.quantity><out_Quantity.quantity>105.525865</out_Quantity.quantity></Point><Point><position>1385</position><in_Quantity.quantity>0.000000</in_Quantity.quantity><out_Quantity.quantity>91.234577</out_Quantity.quantity></Point><Point><position>1386</position><in_Quantity.quantity>0.000000</in_Quantity.quantity><out_Quantity.quantity>385.001570</out_Quantity.quantity></Point><Point><position>1387</position><in_Quantity.quantity>0.000000</in_Quantity.quantity><out_Quantity.quantity>777.697953</out_Quantity.quantity></Point><Point><position>1388</position><in_Quantity.quantity>0.000000</in_Quantity.quantity><out_Quantity.quantity>455.871357</out_Quantity.quantity></Point><Point><position>1389</position><in_Quantity.quantity>0.000000</in_Quantity.quantity><out_Quantity.quantity>310.210063</out_Quantity.quantity></Point><Point><position>1390</position><in_Quantity.quantity>0.000000</in_Quantity.quantity><out_Quantity.quantity>249.341303</out_Quantity.quantity></Point><Point><position>1391</position><in_Quantity.quantity>0.000000</in_Quantity.quantity><out_Quantity.quantity>130.646844</out_Quantity.quantity></Point><Point><position>1392</position><in_Quantity.quantity>0.000000</in_Quantity.quantity><out_Quantity.quantity>632.233449</out_Quantity.quantity></Point><Point><position>1393</position><in_Quantity.quantity>0.000000</in_Quantity.quantity><out_Quantity.quantity>21.017542</out_Quantity.quantity></Point><Point><position>1394</position><in_Quantity.quantity>0.000000</in_Quantity.quantity><out_Quantity.quantity>37.946842</out_Quantity.quantity></Point><Point><position>1395</position><in_Quantity.quantity>0.000000</in_Quantity.quantity><out_Quantity.quantity>90.082848</out_Quantity.quantity></Point><Point><position>1396</position><in_Quantity.quantity>0.000000</in_Quantity.quantity><out_Quantity.quantity>675.294758</out_Quantity.quantity></Point><Point><position>1397</position><in_Quantity.quantity>0.000000</in_Quantity.quantity><out_Quantity.quantity>167.998555</out_Quantity.quantity></Point><Point><position>1398</position><in_Quantity.quantity>0.000000</in_Quantity.quantity><out_Quantity.quantity>555.683825</out_Quantity.quantity></Point><Point><position>1399</position><in_Quantity.quantity>0.000000</in_Quantity.quantity><out_Quantity.quantity>452.725936</out_Quantity.quantity></Point><Point><position>1400</position><in_Quantity.quantity>0.000000</in_Quantity.quantity><out_Quantity.quantity>276.394485</out_Quantity.quantity></Point><Point><position>1401</position><in_Quantity.quantity>0.000000</in_Quantity.quantity><out_Quantity.quantity>436.969722</out_Quantity.quantity></Point><Point><position>1402</position><in_Quantity.quantity>0.000000</in_Quantity.quantity><out_Quantity.quantity>636.139810</out_Quantity.quantity></Point><Point><position>1403</position><in_Quantity.quantity>0.000000</in_Quantity.quantity><out_Quantity.quantity>925.599189</out_Quantity.quantity></Point><Point><position>1404</position><in_Quantity.quantity>0.000000</in_Quantity.quantity><out_Quantity.quantity>773.757522</out_Quantity.quantity></Point><Point><position>1405</position><in_Quantity.quantity>0.000000</in_Quantity.quantity><out_Quantity.quantity>262.401209</out_Quantity.quantity></Point><Point><position>1406</position><in_Quantity.quantity>0.000000</in_Quantity.quantity><out_Quantity.quantity>512.566340</out_Quantity.quantity></Point><Point><position>1407</position><in_Quantity.quantity>0.000000</in_Quantity.quantity><out_Quantity.quantity>680.344973</out_Quantity.quantity></Point><Point><position>1408</position><in_Quantity.quantity>0.000000</in_Quantity.quantity><out_Quantity.quantity>804.278985</out_Quantity.quantity></Point><Point><position>1409</position><in_Quantity.quantity>0.000000</in_Quantity.quantity><out_Quantity.quantity>830.309053</out_Quantity.quantity></Point><Point><position>1410</position><in_Quantity.quantity>0.000000</in_Quantity.quantity><out_Quantity.quantity>716.288027</out_Quantity.quantity></Point><Point><position>1411</position><in_Quantity.quantity>0.000000</in_Quantity.quantity><out_Quantity.quantity>117.719267</out_Quantity.quantity></Point><Point><position>1412</position><in_Quantity.quantity>0.000000</in_Quantity.quantity><out_Quantity.quantity>407.334284</out_Quantity.quantity></Point><Point><position>1413</position><in_Quantity.quantity>0.000000</in_Quantity.quantity><out_Quantity.quantity>305.385028</out_Quantity.quantity></Point><Point><position>1414</position><in_Quantity.quantity>0.000000</in_Quantity.quantity><out_Quantity.quantity>257.931638</out_Quantity.quantity></Point><Point><position>1415</position><in_Quantity.quantity>0.000000</in_Quantity.quantity><out_Quantity.quantity>381.474980</out_Quantity.quantity></Point><Point><position>1416</position><in_Quantity.quantity>0.000000</in_Quantity.quantity><out_Quantity.quantity>198.663910</out_Quantity.quantity></Point><Point><position>1417</position><in_Quantity.quantity>0.000000</in_Quantity.quantity><out_Quantity.quantity>862.591792</out_Quantity.quantity></Point><Point><position>1418</position><in_Quantity.quantity>0.000000</in_Quantity.quantity><out_Quantity.quantity>866.348225</out_Quantity.quantity></Point><Point><position>1419</position><in_Quantity.quantity>0.000000</in_Quantity.quantity><out_Quantity.quantity>948.574614</out_Quantity.quantity></Point><Point><position>1420</position><in_Quantity.quantity>0.000000</in_Quantity.quantity><out_Quantity.quantity>578.649668</out_Quantity.quantity></Point><Point><position>1421</position><in_Quantity.quantity>0.000000</in_Quantity.quantity><out_Quantity.quantity>822.745542</out_Quantity.quantity></Point><Point><position>1422</position><in_Quantity.quantity>0.000000</in_Quantity.quantity><out_Quantity.quantity>288.664758</out_Quantity.quantity></Point><Point><position>1423</position><in_Quantity.quantity>0.000000</in_Quantity.quantity><out_Quantity.quantity>877.719480</out_Quantity.quantity></Point><Point><position>1424</position><in_Quantity.quantity>0.000000</in_Quantity.quantity><out_Quantity.quantity>876.371670</out_Quantity.quantity></Point><Point><position>1425</position><in_Quantity.quantity>0.000000</in_Quantity.quantity><out_Quantity.quantity>383.086330</out_Quantity.quantity></Point><Point><position>1426</position><in_Quantity.quantity>0.000000</in_Quantity.quantity><out_Quantity.quantity>952.129564</out_Quantity.quantity></Point><Point><position>1427</position><in_Quantity.quantity>0.000000</in_Quantity.quantity><out_Quantity.quantity>659.473878</out_Quantity.quantity></Point><Point><position>1428</position><in_Quantity.quantity>0.000000</in_Quantity.quantity><out_Quantity.quantity>702.742968</out_Quantity.quantity></Point><Point><position>1429</position><in_Quantity.quantity>0.000000</in_Quantity.quantity><out_Quantity.quantity>108.674705</out_Quantity.quantity></Point><Point><position>1430</position><in_Quantity.quantity>0.000000</in_Quantity.quantity><out_Quantity.quantity>371.962124</out_Quantity.quantity></Point><Point><position>1431</position><in_Quantity.quantity>0.000000</in_Quantity.quantity><out_Quantity.quantity>326.313926</out_Quantity.quantity></Point><Point><position>1432</position><in_Quantity.quantity>0.000000</in_Quantity.quantity><out_Quantity.quantity>160.872889</out_Quantity.quantity></Point><Point><position>1433</position><in_Quantity.quantity>0.000000</in_Quantity.quantity><out_Quantity.quantity>219.983178</out_Quantity.quantity></Point><Point><position>1434</position><in_Quantity.quantity>0.000000</in_Quantity.quantity><out_Quantity.quantity>190.394064</out_Quantity.quantity></Point><Point><position>1435</position><in_Quantity.quantity>0.000000</in_Quantity.quantity><out_Quantity.quantity>339.295309</out_Quantity.quantity></Point><Point><position>1436</position><in_Quantity.quantity>0.000000</in_Quantity.quantity><out_Quantity.quantity>213.902880</out_Quantity.quantity></Point><Point><position>1437</position><in_Quantity.quantity>0.000000</in_Quantity.quantity><out_Quantity.quantity>425.483936</out_Quantity.quantity></Point><Point><position>1438</position><in_Quantity.quantity>0.000000</in_Quantity.quantity><out_Quantity.quantity>892.275581</out_Quantity.quantity></Point><Point><position>1439</position><in_Quantity.quantity>0.000000</in_Quantity.quantity><out_Quantity.quantity>189.406233</out_Quantity.quantity></Point><Point><position>1440</position><in_Quantity.quantity>0.000000</in_Quantity.quantity><out_Quantity.quantity>571.953142</out_Quantity.quantity></Point><Point><position>1441</position><in_Quantity.quantity>0.000000</in_Quantity.quantity><out_Quantity.quantity>266.651993</out_Quantity.quantity></Point><Point><position>1442</position><in_Quantity.quantity>0.000000</in_Quantity.quantity><out_Quantity.quantity>59.866219</out_Quantity.quantity></Point><Point><position>1443</position><in_Quantity.quantity>0.000000</in_Quantity.quantity><out_Quantity.quantity>472.680727</out_Quantity.quantity></Point><Point><position>1444</position><in_Quantity.quantity>0.000000</in_Quantity.quantity><out_Quantity.quantity>752.380876</out_Quantity.quantity></Point><Point><position>1445</position><in_Quantity.quantity>0.000000</in_Quantity.quantity><out_Quantity.quantity>488.842833</out_Quantity.quantity></Point><Point><position>1446</position><in_Quantity.quantity>0.000000</in_Quantity.quantity><out_Quantity.quantity>644.437060</out_Quantity.quantity></Point><Point><position>1447</position><in_Quantity.quantity>0.000000</in_Quantity.quantity><out_Quantity.quantity>29.554741</out_Quantity.quantity></Point><Point><position>1448</position><in_Quantity.quantity>0.000000</in_Quantity.quantity><out_Quantity.quantity>852.125452</out_Quantity.quantity></Point><Point><position>1449</position><in_Quantity.quantity>0.000000</in_Quantity.quantity><out_Quantity.quantity>872.988660</out_Quantity.quantity></Point><Point><position>1450</position><in_Quantity.quantity>0.000000</in_Quantity.quantity><out_Quantity.quantity>252.702599</out_Quantity.quantity></Point><Point><position>1451</position><in_Quantity.quantity>0.000000</in_Quantity.quantity><out_Quantity.quantity>463.183192</out_Quantity.quantity></Point><Point><position>1452</position><in_Quantity.quantity>0.000000</in_Quantity.quantity><out_Quantity.quantity>637.673917</out_Quantity.quantity></Point><Point><position>1453</position><in_Quantity.quantity>0.000000</in_Quantity.quantity><out_Quantity.quantity>280.003517</out_Quantity.quantity></Point><Point><position>1454</position><in_Quantity.quantity>0.000000</in_Quantity.quantity><out_Quantity.quantity>403.071495</out_Quantity.quantity></Point><Point><position>1455</position><in_Quantity.quantity>0.000000</in_Quantity.quantity><out_Quantity.quantity>711.820803</out_Quantity.quantity></Point><Point><position>1456</position><in_Quantity.quantity>0.000000</in_Quantity.quantity><out_Quantity.quantity>94.102177</out_Quantity.quantity></Point><Point><position>1457</position><in_Quantity.quantity>0.000000</in_Quantity.quantity><out_Quantity.quantity>974.287296</out_Quantity.quantity></Point><Point><position>1458</position><in_Quantity.quantity>0.000000</in_Quantity.quantity><out_Quantity.quantity>246.360687</out_Quantity.quantity></Point><Point><position>1459</position><in_Quantity.quantity>0.000000</in_Quantity.quantity><out_Quantity.quantity>3.831691</out_Quantity.quantity></Point><Point><position>1460</position><in_Quantity.quantity>0.000000</in_Quantity.quantity><out_Quantity.quantity>63.480626</out_Quantity.quantity></Point><Point><position>1461</position><in_Quantity.quantity>0.000000</in_Quantity.quantity><out_Quantity.quantity>464.385160</out_Quantity.quantity></Point><Point><position>1462</position><in_Quantity.quantity>0.000000</in_Quantity.quantity><out_Quantity.quantity>998.049782</out_Quantity.quantity></Point><Point><position>1463</position><in_Quantity.quantity>0.000000</in_Quantity.quantity><out_Quantity.quantity>429.548900</out_Quantity.quantity></Point><Point><position>1464</position><in_Quantity.quantity>0.000000</in_Quantity.quantity><out_Quantity.quantity>539.753461</out_Quantity.quantity></Point><Point><position>1465</position><in_Quantity.quantity>0.000000</in_Quantity.quantity><out_Quantity.quantity>735.098480</out_Quantity.quantity></Point><Point><position>1466</position><in_Quantity.quantity>0.000000</in_Quantity.quantity><out_Quantity.quantity>743.505346</out_Quantity.quantity></Point><Point><position>1467</position><in_Quantity.quantity>0.000000</in_Quantity.quantity><out_Quantity.quantity>527.553744</out_Quantity.quantity></Point><Point><position>1468</position><in_Quantity.quantity>0.000000</in_Quantity.quantity><out_Quantity.quantity>144.182133</out_Quantity.quantity></Point><Point><position>1469</position><in_Quantity.quantity>0.000000</in_Quantity.quantity><out_Quantity.quantity>386.761720</out_Quantity.quantity></Point><Point><position>1470</position><in_Quantity.quantity>0.000000</in_Quantity.quantity><out_Quantity.quantity>502.576090</out_Quantity.quantity></Point><Point><position>1471</position><in_Quantity.quantity>0.000000</in_Quantity.quantity><out_Quantity.quantity>592.691767</out_Quantity.quantity></Point><Point><position>1472</position><in_Quantity.quantity>0.000000</in_Quantity.quantity><out_Quantity.quantity>75.668736</out_Quantity.quantity></Point><Point><position>1473</position><in_Quantity.quantity>0.000000</in_Quantity.quantity><out_Quantity.quantity>171.941679</out_Quantity.quantity></Point><Point><position>1474</position><in_Quantity.quantity>0.000000</in_Quantity.quantity><out_Quantity.quantity>50.810352</out_Quantity.quantity></Point><Point><position>1475</position><in_Quantity.quantity>0.000000</in_Quantity.quantity><out_Quantity.quantity>600.786898</out_Quantity.quantity></Point><Point><position>1476</position><in_Quantity.quantity>0.000000</in_Quantity.quantity><out_Quantity.quantity>727.434862</out_Quantity.quantity></Point><Point><position>1477</position><in_Quantity.quantity>0.000000</in_Quantity.quantity><out_Quantity.quantity>218.495036</out_Quantity.quantity></Point><Point><position>1478</position><in_Quantity.quantity>0.000000</in_Quantity.quantity><out_Quantity.quantity>540.875510</out_Quantity.quantity></Point><Point><position>1479</position><in_Quantity.quantity>0.000000</in_Quantity.quantity><out_Quantity.quantity>192.036154</out_Quantity.quantity></Point><Point><position>1480</position><in_Quantity.quantity>0.000000</in_Quantity.quantity><out_Quantity.quantity>506.656077</out_Quantity.quantity></Point><Point><position>1481</position><in_Quantity.quantity>0.000000</in_Quantity.quantity><out_Quantity.quantity>337.295256</out_Quantity.quantity></Point><Point><position>1482</position><in_Quantity.quantity>0.000000</in_Quantity.quantity><out_Quantity.quantity>622.226372</out_Quantity.quantity></Point><Point><position>1483</position><in_Quantity.quantity>0.000000</in_Quantity.quantity><out_Quantity.quantity>401.784830</out_Quantity.quantity></Point><Point><position>1484</position><in_Quantity.quantity>0.000000</in_Quantity.quantity><out_Quantity.quantity>617.688427</out_Quantity.quantity></Point><Point><position>1485</position><in_Quantity.quantity>0.000000</in_Quantity.quantity><out_Quantity.quantity>535.768155</out_Quantity.quantity></Point><Point><position>1486</position><in_Quantity.quantity>0.000000</in_Quantity.quantity><out_Quantity.quantity>150.180772</out_Quantity.quantity></Point><Point><position>1487</position><in_Quantity.quantity>0.000000</in_Quantity.quantity><out_Quantity.quantity>487.464292</out_Quantity.quantity></Point><Point><position>1488</position><in_Quantity.quantity>0.000000</in_Quantity.quantity><out_Quantity.quantity>819.036422</out_Quantity.quantity></Point><Point><position>1489</position><in_Quantity.quantity>0.000000</in_Quantity.quantity><out_Quantity.quantity>861.821785</out_Quantity.quantity></Point><Point><position>1490</position><in_Quantity.quantity>0.000000</in_Quantity.quantity><out_Quantity.quantity>989.848991</out_Quantity.quantity></Point><Point><position>1491</position><in_Quantity.quantity>0.000000</in_Quantity.quantity><out_Quantity.quantity>291.221275</out_Quantity.quantity></Point><Point><position>1492</position><in_Quantity.quantity>0.000000</in_Quantity.quantity><out_Quantity.quantity>926.989644</out_Quantity.quantity></Point><Point><position>1493</position><in_Quantity.quantity>0.000000</in_Quantity.quantity><out_Quantity.quantity>683.967683</out_Quantity.quantity></Point><Point><position>1494</position><in_Quantity.quantity>0.000000</in_Quantity.quantity><out_Quantity.quantity>382.592032</out_Quantity.quantity></Point><Point><position>1495</position><in_Quantity.quantity>0.000000</in_Quantity.quantity><out_Quantity.quantity>981.152591</out_Quantity.quantity></Point><Point><position>1496</position><in_Quantity.quantity>0.000000</in_Quantity.quantity><out_Quantity.quantity>739.867636</out_Quantity.quantity></Point><Point><position>1497</position><in_Quantity.quantity>0.000000</in_Quantity.quantity><out_Quantity.quantity>608.580124</out_Quantity.quantity></Point><Point><position>1498</position><in_Quantity.quantity>0.000000</in_Quantity.quantity><out_Quantity.quantity>77.859093</out_Quantity.quantity></Point><Point><position>1499</position><in_Quantity.quantity>0.000000</in_Quantity.quantity><out_Quantity.quantity>461.272405</out_Quantity.quantity></Point><Point><position>1500</position><in_Quantity.quantity>0.000000</in_Quantity.quantity><out_Quantity.quantity>713.398543</out_Quantity.quantity></Point><Point><position>1501</position><in_Quantity.quantity>0.000000</in_Quantity.quantity><out_Quantity.quantity>721.160897</out_Quantity.quantity></Point><Point><position>1502</position><in_Quantity.quantity>0.000000</in_Quantity.quantity><out_Quantity.quantity>564.056563</out_Quantity.quantity></Point><Point><position>1503</position><in_Quantity.quantity>0.000000</in_Quantity.quantity><out_Quantity.quantity>849.336378</out_Quantity.quantity></Point><Point><position>1504</position><in_Quantity.quantity>0.000000</in_Quantity.quantity><out_Quantity.quantity>141.470790</out_Quantity.quantity></Point><Point><position>1505</position><in_Quantity.quantity>0.000000</in_Quantity.quantity><out_Quantity.quantity>959.050590</out_Quantity.quantity></Point><Point><position>1506</position><in_Quantity.quantity>0.000000</in_Quantity.quantity><out_Quantity.quantity>437.198117</out_Quantity.quantity></Point><Point><position>1507</position><in_Quantity.quantity>0.000000</in_Quantity.quantity><out_Quantity.quantity>266.474953</out_Quantity.quantity></Point><Point><position>1508</position><in_Quantity.quantity>0.000000</in_Quantity.quantity><out_Quantity.quantity>453.667266</out_Quantity.quantity></Point><Point><position>1509</position><in_Quantity.quantity>0.000000</in_Quantity.quantity><out_Quantity.quantity>734.729954</out_Quantity.quantity></Point><Point><position>1510</position><in_Quantity.quantity>0.000000</in_Quantity.quantity><out_Quantity.quantity>471.662427</out_Quantity.quantity></Point><Point><position>1511</position><in_Quantity.quantity>0.000000</in_Quantity.quantity><out_Quantity.quantity>962.595988</out_Quantity.quantity></Point><Point><position>1512</position><in_Quantity.quantity>0.000000</in_Quantity.quantity><out_Quantity.quantity>542.869362</out_Quantity.quantity></Point><Point><position>1513</position><in_Quantity.quantity>0.000000</in_Quantity.quantity><out_Quantity.quantity>483.674666</out_Quantity.quantity></Point><Point><position>1514</position><in_Quantity.quantity>0.000000</in_Quantity.quantity><out_Quantity.quantity>312.875507</out_Quantity.quantity></Point><Point><position>1515</position><in_Quantity.quantity>0.000000</in_Quantity.quantity><out_Quantity.quantity>934.569213</out_Quantity.quantity></Point><Point><position>1516</position><in_Quantity.quantity>0.000000</in_Quantity.quantity><out_Quantity.quantity>833.824157</out_Quantity.quantity></Point><Point><position>1517</position><in_Quantity.quantity>0.000000</in_Quantity.quantity><out_Quantity.quantity>226.240848</out_Quantity.quantity></Point><Point><position>1518</position><in_Quantity.quantity>0.000000</in_Quantity.quantity><out_Quantity.quantity>608.458912</out_Quantity.quantity></Point><Point><position>1519</position><in_Quantity.quantity>0.000000</in_Quantity.quantity><out_Quantity.quantity>359.042389</out_Quantity.quantity></Point><Point><position>1520</position><in_Quantity.quantity>0.000000</in_Quantity.quantity><out_Quantity.quantity>195.434917</out_Quantity.quantity></Point><Point><position>1521</position><in_Quantity.quantity>0.000000</in_Quantity.quantity><out_Quantity.quantity>469.112216</out_Quantity.quantity></Point><Point><position>1522</position><in_Quantity.quantity>0.000000</in_Quantity.quantity><out_Quantity.quantity>586.233836</out_Quantity.quantity></Point><Point><position>1523</position><in_Quantity.quantity>0.000000</in_Quantity.quantity><out_Quantity.quantity>30.085125</out_Quantity.quantity></Point><Point><position>1524</position><in_Quantity.quantity>0.000000</in_Quantity.quantity><out_Quantity.quantity>535.676960</out_Quantity.quantity></Point><Point><position>1525</position><in_Quantity.quantity>0.000000</in_Quantity.quantity><out_Quantity.quantity>736.945619</out_Quantity.quantity></Point><Point><position>1526</position><in_Quantity.quantity>0.000000</in_Quantity.quantity><out_Quantity.quantity>60.864443</out_Quantity.quantity></Point><Point><position>1527</position><in_Quantity.quantity>0.000000</in_Quantity.quantity><out_Quantity.quantity>485.299271</out_Quantity.quantity></Point><Point><position>1528</position><in_Quantity.quantity>0.000000</in_Quantity.quantity><out_Quantity.quantity>653.659657</out_Quantity.quantity></Point><Point><position>1529</position><in_Quantity.quantity>0.000000</in_Quantity.quantity><out_Quantity.quantity>210.479615</out_Quantity.quantity></Point><Point><position>1530</position><in_Quantity.quantity>0.000000</in_Quantity.quantity><out_Quantity.quantity>276.702250</out_Quantity.quantity></Point><Point><position>1531</position><in_Quantity.quantity>0.000000</in_Quantity.quantity><out_Quantity.quantity>317.148337</out_Quantity.quantity></Point><Point><position>1532</position><in_Quantity.quantity>0.000000</in_Quantity.quantity><out_Quantity.quantity>903.924073</out_Quantity.quantity></Point><Point><position>1533</position><in_Quantity.quantity>0.000000</in_Quantity.quantity><out_Quantity.quantity>921.136710</out_Quantity.quantity></Point><Point><position>1534</position><in_Quantity.quantity>0.000000</in_Quantity.quantity><out_Quantity.quantity>958.433900</out_Quantity.quantity></Point><Point><position>1535</position><in_Quantity.quantity>0.000000</in_Quantity.quantity><out_Quantity.quantity>853.653218</out_Quantity.quantity></Point><Point><position>1536</position><in_Quantity.quantity>0.000000</in_Quantity.quantity><out_Quantity.quantity>46.827227</out_Quantity.quantity></Point><Point><position>1537</position><in_Quantity.quantity>0.000000</in_Quantity.quantity><out_Quantity.quantity>325.915829</out_Quantity.quantity></Point><Point><position>1538</position><in_Quantity.quantity>0.000000</in_Quantity.quantity><out_Quantity.quantity>788.528267</out_Quantity.quantity></Point><Point><position>1539</position><in_Quantity.quantity>0.000000</in_Quantity.quantity><out_Quantity.quantity>549.623517</out_Quantity.quantity></Point><Point><position>1540</position><in_Quantity.quantity>0.000000</in_Quantity.quantity><out_Quantity.quantity>438.620928</out_Quantity.quantity></Point><Point><position>1541</position><in_Quantity.quantity>0.000000</in_Quantity.quantity><out_Quantity.quantity>16.326399</out_Quantity.quantity></Point><Point><position>1542</position><in_Quantity.quantity>0.000000</in_Quantity.quantity><out_Quantity.quantity>24.014662</out_Quantity.quantity></Point><Point><position>1543</position><in_Quantity.quantity>0.000000</in_Quantity.quantity><out_Quantity.quantity>50.681901</out_Quantity.quantity></Point><Point><position>1544</position><in_Quantity.quantity>0.000000</in_Quantity.quantity><out_Quantity.quantity>686.014342</out_Quantity.quantity></Point><Point><position>1545</position><in_Quantity.quantity>0.000000</in_Quantity.quantity><out_Quantity.quantity>310.942104</out_Quantity.quantity></Point><Point><position>1546</position><in_Quantity.quantity>0.000000</in_Quantity.quantity><out_Quantity.quantity>150.543846</out_Quantity.quantity></Point><Point><position>1547</position><in_Quantity.quantity>0.000000</in_Quantity.quantity><out_Quantity.quantity>702.539175</out_Quantity.quantity></Point><Point><position>1548</position><in_Quantity.quantity>0.000000</in_Quantity.quantity><out_Quantity.quantity>410.985834</out_Quantity.quantity></Point><Point><position>1549</position><in_Quantity.quantity>0.000000</in_Quantity.quantity><out_Quantity.quantity>704.834700</out_Quantity.quantity></Point><Point><position>1550</position><in_Quantity.quantity>0.000000</in_Quantity.quantity><out_Quantity.quantity>646.625113</out_Quantity.quantity></Point><Point><position>1551</position><in_Quantity.quantity>0.000000</in_Quantity.quantity><out_Quantity.quantity>585.168220</out_Quantity.quantity></Point><Point><position>1552</position><in_Quantity.quantity>0.000000</in_Quantity.quantity><out_Quantity.quantity>664.602135</out_Quantity.quantity></Point><Point><position>1553</position><in_Quantity.quantity>0.000000</in_Quantity.quantity><out_Quantity.quantity>608.666316</out_Quantity.quantity></Point><Point><position>1554</position><in_Quantity.quantity>0.000000</in_Quantity.quantity><out_Quantity.quantity>732.123440</out_Quantity.quantity></Point><Point><position>1555</position><in_Quantity.quantity>0.000000</in_Quantity.quantity><out_Quantity.quantity>156.780260</out_Quantity.quantity></Point><Point><position>1556</position><in_Quantity.quantity>0.000000</in_Quantity.quantity><out_Quantity.quantity>285.291084</out_Quantity.quantity></Point><Point><position>1557</position><in_Quantity.quantity>0.000000</in_Quantity.quantity><out_Quantity.quantity>473.992217</out_Quantity.quantity></Point><Point><position>1558</position><in_Quantity.quantity>0.000000</in_Quantity.quantity><out_Quantity.quantity>28.632736</out_Quantity.quantity></Point><Point><position>1559</position><in_Quantity.quantity>0.000000</in_Quantity.quantity><out_Quantity.quantity>913.677303</out_Quantity.quantity></Point><Point><position>1560</position><in_Quantity.quantity>0.000000</in_Quantity.quantity><out_Quantity.quantity>976.725796</out_Quantity.quantity></Point><Point><position>1561</position><in_Quantity.quantity>0.000000</in_Quantity.quantity><out_Quantity.quantity>904.010392</out_Quantity.quantity></Point><Point><position>1562</position><in_Quantity.quantity>0.000000</in_Quantity.quantity><out_Quantity.quantity>982.754672</out_Quantity.quantity></Point><Point><position>1563</position><in_Quantity.quantity>0.000000</in_Quantity.quantity><out_Quantity.quantity>148.185421</out_Quantity.quantity></Point><Point><position>1564</position><in_Quantity.quantity>0.000000</in_Quantity.quantity><out_Quantity.quantity>662.743260</out_Quantity.quantity></Point><Point><position>1565</position><in_Quantity.quantity>0.000000</in_Quantity.quantity><out_Quantity.quantity>773.711846</out_Quantity.quantity></Point><Point><position>1566</position><in_Quantity.quantity>0.000000</in_Quantity.quantity><out_Quantity.quantity>566.786402</out_Quantity.quantity></Point><Point><position>1567</position><in_Quantity.quantity>0.000000</in_Quantity.quantity><out_Quantity.quantity>439.979699</out_Quantity.quantity></Point><Point><position>1568</position><in_Quantity.quantity>0.000000</in_Quantity.quantity><out_Quantity.quantity>390.095911</out_Quantity.quantity></Point><Point><position>1569</position><in_Quantity.quantity>0.000000</in_Quantity.quantity><out_Quantity.quantity>429.371192</out_Quantity.quantity></Point><Point><position>1570</position><in_Quantity.quantity>0.000000</in_Quantity.quantity><out_Quantity.quantity>259.004073</out_Quantity.quantity></Point><Point><position>1571</position><in_Quantity.quantity>0.000000</in_Quantity.quantity><out_Quantity.quantity>482.822678</out_Quantity.quantity></Point><Point><position>1572</position><in_Quantity.quantity>0.000000</in_Quantity.quantity><out_Quantity.quantity>106.913523</out_Quantity.quantity></Point><Point><position>1573</position><in_Quantity.quantity>0.000000</in_Quantity.quantity><out_Quantity.quantity>353.147099</out_Quantity.quantity></Point><Point><position>1574</position><in_Quantity.quantity>0.000000</in_Quantity.quantity><out_Quantity.quantity>547.770567</out_Quantity.quantity></Point><Point><position>1575</position><in_Quantity.quantity>0.000000</in_Quantity.quantity><out_Quantity.quantity>907.439551</out_Quantity.quantity></Point><Point><position>1576</position><in_Quantity.quantity>0.000000</in_Quantity.quantity><out_Quantity.quantity>570.262442</out_Quantity.quantity></Point><Point><position>1577</position><in_Quantity.quantity>0.000000</in_Quantity.quantity><out_Quantity.quantity>733.474066</out_Quantity.quantity></Point><Point><position>1578</position><in_Quantity.quantity>0.000000</in_Quantity.quantity><out_Quantity.quantity>661.417229</out_Quantity.quantity></Point><Point><position>1579</position><in_Quantity.quantity>0.000000</in_Quantity.quantity><out_Quantity.quantity>386.487810</out_Quantity.quantity></Point><Point><position>1580</position><in_Quantity.quantity>0.000000</in_Quantity.quantity><out_Quantity.quantity>437.542061</out_Quantity.quantity></Point><Point><position>1581</position><in_Quantity.quantity>0.000000</in_Quantity.quantity><out_Quantity.quantity>230.622593</out_Quantity.quantity></Point><Point><position>1582</position><in_Quantity.quantity>0.000000</in_Quantity.quantity><out_Quantity.quantity>888.787043</out_Quantity.quantity></Point><Point><position>1583</position><in_Quantity.quantity>0.000000</in_Quantity.quantity><out_Quantity.quantity>451.723871</out_Quantity.quantity></Point><Point><position>1584</position><in_Quantity.quantity>0.000000</in_Quantity.quantity><out_Quantity.quantity>79.267351</out_Quantity.quantity></Point><Point><position>1585</position><in_Quantity.quantity>0.000000</in_Quantity.quantity><out_Quantity.quantity>502.409423</out_Quantity.quantity></Point><Point><position>1586</position><in_Quantity.quantity>0.000000</in_Quantity.quantity><out_Quantity.quantity>707.570977</out_Quantity.quantity></Point><Point><position>1587</position><in_Quantity.quantity>0.000000</in_Quantity.quantity><out_Quantity.quantity>570.892080</out_Quantity.quantity></Point><Point><position>1588</position><in_Quantity.quantity>0.000000</in_Quantity.quantity><out_Quantity.quantity>452.215421</out_Quantity.quantity></Point><Point><position>1589</position><in_Quantity.quantity>0.000000</in_Quantity.quantity><out_Quantity.quantity>109.918706</out_Quantity.quantity></Point><Point><position>1590</position><in_Quantity.quantity>0.000000</in_Quantity.quantity><out_Quantity.quantity>428.268442</out_Quantity.quantity></Point><Point><position>1591</position><in_Quantity.quantity>0.000000</in_Quantity.quantity><out_Quantity.quantity>549.771895</out_Quantity.quantity></Point><Point><position>1592</position><in_Quantity.quantity>0.000000</in_Quantity.quantity><out_Quantity.quantity>109.947993</out_Quantity.quantity></Point><Point><position>1593</position><in_Quantity.quantity>0.000000</in_Quantity.quantity><out_Quantity.quantity>388.600663</out_Quantity.quantity></Point><Point><position>1594</position><in_Quantity.quantity>0.000000</in_Quantity.quantity><out_Quantity.quantity>984.068919</out_Quantity.quantity></Point><Point><position>1595</position><in_Quantity.quantity>0.000000</in_Quantity.quantity><out_Quantity.quantity>591.704501</out_Quantity.quantity></Point><Point><position>1596</position><in_Quantity.quantity>0.000000</in_Quantity.quantity><out_Quantity.quantity>34.091788</out_Quantity.quantity></Point><Point><position>1597</position><in_Quantity.quantity>0.000000</in_Quantity.quantity><out_Quantity.quantity>170.563287</out_Quantity.quantity></Point><Point><position>1598</position><in_Quantity.quantity>0.000000</in_Quantity.quantity><out_Quantity.quantity>739.655315</out_Quantity.quantity></Point><Point><position>1599</position><in_Quantity.quantity>0.000000</in_Quantity.quantity><out_Quantity.quantity>487.467144</out_Quantity.quantity></Point><Point><position>1600</position><in_Quantity.quantity>0.000000</in_Quantity.quantity><out_Quantity.quantity>987.138285</out_Quantity.quantity></Point><Point><position>1601</position><in_Quantity.quantity>0.000000</in_Quantity.quantity><out_Quantity.quantity>124.750559</out_Quantity.quantity></Point><Point><position>1602</position><in_Quantity.quantity>0.000000</in_Quantity.quantity><out_Quantity.quantity>921.796751</out_Quantity.quantity></Point><Point><position>1603</position><in_Quantity.quantity>0.000000</in_Quantity.quantity><out_Quantity.quantity>739.156594</out_Quantity.quantity></Point><Point><position>1604</position><in_Quantity.quantity>0.000000</in_Quantity.quantity><out_Quantity.quantity>57.724253</out_Quantity.quantity></Point><Point><position>1605</position><in_Quantity.quantity>0.000000</in_Quantity.quantity><out_Quantity.quantity>372.130978</out_Quantity.quantity></Point><Point><position>1606</position><in_Quantity.quantity>0.000000</in_Quantity.quantity><out_Quantity.quantity>92.973799</out_Quantity.quantity></Point><Point><position>1607</position><in_Quantity.quantity>0.000000</in_Quantity.quantity><out_Quantity.quantity>188.886417</out_Quantity.quantity></Point><Point><position>1608</position><in_Quantity.quantity>0.000000</in_Quantity.quantity><out_Quantity.quantity>43.969109</out_Quantity.quantity></Point><Point><position>1609</position><in_Quantity.quantity>0.000000</in_Quantity.quantity><out_Quantity.quantity>308.293561</out_Quantity.quantity></Point><Point><position>1610</position><in_Quantity.quantity>0.000000</in_Quantity.quantity><out_Quantity.quantity>257.162260</out_Quantity.quantity></Point><Point><position>1611</position><in_Quantity.quantity>0.000000</in_Quantity.quantity><out_Quantity.quantity>835.385886</out_Quantity.quantity></Point><Point><position>1612</position><in_Quantity.quantity>0.000000</in_Quantity.quantity><out_Quantity.quantity>283.397630</out_Quantity.quantity></Point><Point><position>1613</position><in_Quantity.quantity>0.000000</in_Quantity.quantity><out_Quantity.quantity>266.865344</out_Quantity.quantity></Point><Point><position>1614</position><in_Quantity.quantity>0.000000</in_Quantity.quantity><out_Quantity.quantity>960.067424</out_Quantity.quantity></Point><Point><position>1615</position><in_Quantity.quantity>0.000000</in_Quantity.quantity><out_Quantity.quantity>632.254099</out_Quantity.quantity></Point><Point><position>1616</position><in_Quantity.quantity>0.000000</in_Quantity.quantity><out_Quantity.quantity>894.068158</out_Quantity.quantity></Point><Point><position>1617</position><in_Quantity.quantity>0.000000</in_Quantity.quantity><out_Quantity.quantity>792.065385</out_Quantity.quantity></Point><Point><position>1618</position><in_Quantity.quantity>0.000000</in_Quantity.quantity><out_Quantity.quantity>278.017074</out_Quantity.quantity></Point><Point><position>1619</position><in_Quantity.quantity>0.000000</in_Quantity.quantity><out_Quantity.quantity>691.754190</out_Quantity.quantity></Point><Point><position>1620</position><in_Quantity.quantity>0.000000</in_Quantity.quantity><out_Quantity.quantity>679.023984</out_Quantity.quantity></Point><Point><position>1621</position><in_Quantity.quantity>0.000000</in_Quantity.quantity><out_Quantity.quantity>292.944154</out_Quantity.quantity></Point><Point><position>1622</position><in_Quantity.quantity>0.000000</in_Quantity.quantity><out_Quantity.quantity>62.150543</out_Quantity.quantity></Point><Point><position>1623</position><in_Quantity.quantity>0.000000</in_Quantity.quantity><out_Quantity.quantity>726.855061</out_Quantity.quantity></Point><Point><position>1624</position><in_Quantity.quantity>0.000000</in_Quantity.quantity><out_Quantity.quantity>403.892223</out_Quantity.quantity></Point><Point><position>1625</position><in_Quantity.quantity>0.000000</in_Quantity.quantity><out_Quantity.quantity>744.245816</out_Quantity.quantity></Point><Point><position>1626</position><in_Quantity.quantity>0.000000</in_Quantity.quantity><out_Quantity.quantity>173.769087</out_Quantity.quantity></Point><Point><position>1627</position><in_Quantity.quantity>0.000000</in_Quantity.quantity><out_Quantity.quantity>584.743192</out_Quantity.quantity></Point><Point><position>1628</position><in_Quantity.quantity>0.000000</in_Quantity.quantity><out_Quantity.quantity>116.514774</out_Quantity.quantity></Point><Point><position>1629</position><in_Quantity.quantity>0.000000</in_Quantity.quantity><out_Quantity.quantity>380.577833</out_Quantity.quantity></Point><Point><position>1630</position><in_Quantity.quantity>0.000000</in_Quantity.quantity><out_Quantity.quantity>100.497508</out_Quantity.quantity></Point><Point><position>1631</position><in_Quantity.quantity>0.000000</in_Quantity.quantity><out_Quantity.quantity>404.679123</out_Quantity.quantity></Point><Point><position>1632</position><in_Quantity.quantity>0.000000</in_Quantity.quantity><out_Quantity.quantity>912.165497</out_Quantity.quantity></Point><Point><position>1633</position><in_Quantity.quantity>0.000000</in_Quantity.quantity><out_Quantity.quantity>984.180377</out_Quantity.quantity></Point><Point><position>1634</position><in_Quantity.quantity>0.000000</in_Quantity.quantity><out_Quantity.quantity>576.941500</out_Quantity.quantity></Point><Point><position>1635</position><in_Quantity.quantity>0.000000</in_Quantity.quantity><out_Quantity.quantity>423.172539</out_Quantity.quantity></Point><Point><position>1636</position><in_Quantity.quantity>0.000000</in_Quantity.quantity><out_Quantity.quantity>956.163346</out_Quantity.quantity></Point><Point><position>1637</position><in_Quantity.quantity>0.000000</in_Quantity.quantity><out_Quantity.quantity>374.507143</out_Quantity.quantity></Point><Point><position>1638</position><in_Quantity.quantity>0.000000</in_Quantity.quantity><out_Quantity.quantity>429.261212</out_Quantity.quantity></Point><Point><position>1639</position><in_Quantity.quantity>0.000000</in_Quantity.quantity><out_Quantity.quantity>490.086957</out_Quantity.quantity></Point><Point><position>1640</position><in_Quantity.quantity>0.000000</in_Quantity.quantity><out_Quantity.quantity>708.006747</out_Quantity.quantity></Point><Point><position>1641</position><in_Quantity.quantity>0.000000</in_Quantity.quantity><out_Quantity.quantity>244.003192</out_Quantity.quantity></Point><Point><position>1642</position><in_Quantity.quantity>0.000000</in_Quantity.quantity><out_Quantity.quantity>654.327916</out_Quantity.quantity></Point><Point><position>1643</position><in_Quantity.quantity>0.000000</in_Quantity.quantity><out_Quantity.quantity>505.202757</out_Quantity.quantity></Point><Point><position>1644</position><in_Quantity.quantity>0.000000</in_Quantity.quantity><out_Quantity.quantity>883.266845</out_Quantity.quantity></Point><Point><position>1645</position><in_Quantity.quantity>0.000000</in_Quantity.quantity><out_Quantity.quantity>603.347582</out_Quantity.quantity></Point><Point><position>1646</position><in_Quantity.quantity>0.000000</in_Quantity.quantity><out_Quantity.quantity>236.286002</out_Quantity.quantity></Point><Point><position>1647</position><in_Quantity.quantity>0.000000</in_Quantity.quantity><out_Quantity.quantity>556.018233</out_Quantity.quantity></Point><Point><position>1648</position><in_Quantity.quantity>0.000000</in_Quantity.quantity><out_Quantity.quantity>468.405058</out_Quantity.quantity></Point><Point><position>1649</position><in_Quantity.quantity>0.000000</in_Quantity.quantity><out_Quantity.quantity>454.572774</out_Quantity.quantity></Point><Point><position>1650</position><in_Quantity.quantity>0.000000</in_Quantity.quantity><out_Quantity.quantity>921.544606</out_Quantity.quantity></Point><Point><position>1651</position><in_Quantity.quantity>0.000000</in_Quantity.quantity><out_Quantity.quantity>390.466942</out_Quantity.quantity></Point><Point><position>1652</position><in_Quantity.quantity>0.000000</in_Quantity.quantity><out_Quantity.quantity>971.089961</out_Quantity.quantity></Point><Point><position>1653</position><in_Quantity.quantity>0.000000</in_Quantity.quantity><out_Quantity.quantity>717.621545</out_Quantity.quantity></Point><Point><position>1654</position><in_Quantity.quantity>0.000000</in_Quantity.quantity><out_Quantity.quantity>528.656961</out_Quantity.quantity></Point><Point><position>1655</position><in_Quantity.quantity>0.000000</in_Quantity.quantity><out_Quantity.quantity>560.575377</out_Quantity.quantity></Point><Point><position>1656</position><in_Quantity.quantity>0.000000</in_Quantity.quantity><out_Quantity.quantity>28.955101</out_Quantity.quantity></Point><Point><position>1657</position><in_Quantity.quantity>0.000000</in_Quantity.quantity><out_Quantity.quantity>111.909985</out_Quantity.quantity></Point><Point><position>1658</position><in_Quantity.quantity>0.000000</in_Quantity.quantity><out_Quantity.quantity>997.858555</out_Quantity.quantity></Point><Point><position>1659</position><in_Quantity.quantity>0.000000</in_Quantity.quantity><out_Quantity.quantity>94.772630</out_Quantity.quantity></Point><Point><position>1660</position><in_Quantity.quantity>0.000000</in_Quantity.quantity><out_Quantity.quantity>871.454781</out_Quantity.quantity></Point><Point><position>1661</position><in_Quantity.quantity>0.000000</in_Quantity.quantity><out_Quantity.quantity>176.791098</out_Quantity.quantity></Point><Point><position>1662</position><in_Quantity.quantity>0.000000</in_Quantity.quantity><out_Quantity.quantity>243.379305</out_Quantity.quantity></Point><Point><position>1663</position><in_Quantity.quantity>0.000000</in_Quantity.quantity><out_Quantity.quantity>231.773788</out_Quantity.quantity></Point><Point><position>1664</position><in_Quantity.quantity>0.000000</in_Quantity.quantity><out_Quantity.quantity>16.141927</out_Quantity.quantity></Point><Point><position>1665</position><in_Quantity.quantity>0.000000</in_Quantity.quantity><out_Quantity.quantity>688.142853</out_Quantity.quantity></Point><Point><position>1666</position><in_Quantity.quantity>0.000000</in_Quantity.quantity><out_Quantity.quantity>863.004500</out_Quantity.quantity></Point><Point><position>1667</position><in_Quantity.quantity>0.000000</in_Quantity.quantity><out_Quantity.quantity>733.444344</out_Quantity.quantity></Point><Point><position>1668</position><in_Quantity.quantity>0.000000</in_Quantity.quantity><out_Quantity.quantity>307.457187</out_Quantity.quantity></Point><Point><position>1669</position><in_Quantity.quantity>0.000000</in_Quantity.quantity><out_Quantity.quantity>809.375828</out_Quantity.quantity></Point><Point><position>1670</position><in_Quantity.quantity>0.000000</in_Quantity.quantity><out_Quantity.quantity>689.274342</out_Quantity.quantity></Point><Point><position>1671</position><in_Quantity.quantity>0.000000</in_Quantity.quantity><out_Quantity.quantity>588.268905</out_Quantity.quantity></Point><Point><position>1672</position><in_Quantity.quantity>0.000000</in_Quantity.quantity><out_Quantity.quantity>182.164708</out_Quantity.quantity></Point><Point><position>1673</position><in_Quantity.quantity>0.000000</in_Quantity.quantity><out_Quantity.quantity>930.077356</out_Quantity.quantity></Point><Point><position>1674</position><in_Quantity.quantity>0.000000</in_Quantity.quantity><out_Quantity.quantity>287.599834</out_Quantity.quantity></Point><Point><position>1675</position><in_Quantity.quantity>0.000000</in_Quantity.quantity><out_Quantity.quantity>587.254547</out_Quantity.quantity></Point><Point><position>1676</position><in_Quantity.quantity>0.000000</in_Quantity.quantity><out_Quantity.quantity>838.283897</out_Quantity.quantity></Point><Point><position>1677</position><in_Quantity.quantity>0.000000</in_Quantity.quantity><out_Quantity.quantity>399.862125</out_Quantity.quantity></Point><Point><position>1678</position><in_Quantity.quantity>0.000000</in_Quantity.quantity><out_Quantity.quantity>631.213720</out_Quantity.quantity></Point><Point><position>1679</position><in_Quantity.quantity>0.000000</in_Quantity.quantity><out_Quantity.quantity>905.562156</out_Quantity.quantity></Point><Point><position>1680</position><in_Quantity.quantity>0.000000</in_Quantity.quantity><out_Quantity.quantity>780.375201</out_Quantity.quantity></Point><Point><position>1681</position><in_Quantity.quantity>0.000000</in_Quantity.quantity><out_Quantity.quantity>829.609825</out_Quantity.quantity></Point><Point><position>1682</position><in_Quantity.quantity>0.000000</in_Quantity.quantity><out_Quantity.quantity>200.524656</out_Quantity.quantity></Point><Point><position>1683</position><in_Quantity.quantity>0.000000</in_Quantity.quantity><out_Quantity.quantity>984.085896</out_Quantity.quantity></Point><Point><position>1684</position><in_Quantity.quantity>0.000000</in_Quantity.quantity><out_Quantity.quantity>672.407664</out_Quantity.quantity></Point><Point><position>1685</position><in_Quantity.quantity>0.000000</in_Quantity.quantity><out_Quantity.quantity>810.025031</out_Quantity.quantity></Point><Point><position>1686</position><in_Quantity.quantity>0.000000</in_Quantity.quantity><out_Quantity.quantity>808.052294</out_Quantity.quantity></Point><Point><position>1687</position><in_Quantity.quantity>0.000000</in_Quantity.quantity><out_Quantity.quantity>970.020996</out_Quantity.quantity></Point><Point><position>1688</position><in_Quantity.quantity>0.000000</in_Quantity.quantity><out_Quantity.quantity>585.401832</out_Quantity.quantity></Point><Point><position>1689</position><in_Quantity.quantity>0.000000</in_Quantity.quantity><out_Quantity.quantity>655.643318</out_Quantity.quantity></Point><Point><position>1690</position><in_Quantity.quantity>0.000000</in_Quantity.quantity><out_Quantity.quantity>692.729718</out_Quantity.quantity></Point><Point><position>1691</position><in_Quantity.quantity>0.000000</in_Quantity.quantity><out_Quantity.quantity>353.716406</out_Quantity.quantity></Point><Point><position>1692</position><in_Quantity.quantity>0.000000</in_Quantity.quantity><out_Quantity.quantity>368.791785</out_Quantity.quantity></Point><Point><position>1693</position><in_Quantity.quantity>0.000000</in_Quantity.quantity><out_Quantity.quantity>860.164889</out_Quantity.quantity></Point><Point><position>1694</position><in_Quantity.quantity>0.000000</in_Quantity.quantity><out_Quantity.quantity>329.416734</out_Quantity.quantity></Point><Point><position>1695</position><in_Quantity.quantity>0.000000</in_Quantity.quantity><out_Quantity.quantity>814.572721</out_Quantity.quantity></Point><Point><position>1696</position><in_Quantity.quantity>0.000000</in_Quantity.quantity><out_Quantity.quantity>179.651254</out_Quantity.quantity></Point><Point><position>1697</position><in_Quantity.quantity>0.000000</in_Quantity.quantity><out_Quantity.quantity>856.513456</out_Quantity.quantity></Point><Point><position>1698</position><in_Quantity.quantity>0.000000</in_Quantity.quantity><out_Quantity.quantity>110.667066</out_Quantity.quantity></Point><Point><position>1699</position><in_Quantity.quantity>0.000000</in_Quantity.quantity><out_Quantity.quantity>710.165590</out_Quantity.quantity></Point><Point><position>1700</position><in_Quantity.quantity>0.000000</in_Quantity.quantity><out_Quantity.quantity>535.207317</out_Quantity.quantity></Point><Point><position>1701</position><in_Quantity.quantity>0.000000</in_Quantity.quantity><out_Quantity.quantity>622.793453</out_Quantity.quantity></Point><Point><position>1702</position><in_Quantity.quantity>0.000000</in_Quantity.quantity><out_Quantity.quantity>972.436592</out_Quantity.quantity></Point><Point><position>1703</position><in_Quantity.quantity>0.000000</in_Quantity.quantity><out_Quantity.quantity>893.609649</out_Quantity.quantity></Point><Point><position>1704</position><in_Quantity.quantity>0.000000</in_Quantity.quantity><out_Quantity.quantity>825.888884</out_Quantity.quantity></Point><Point><position>1705</position><in_Quantity.quantity>0.000000</in_Quantity.quantity><out_Quantity.quantity>489.166454</out_Quantity.quantity></Point><Point><position>1706</position><in_Quantity.quantity>0.000000</in_Quantity.quantity><out_Quantity.quantity>221.070028</out_Quantity.quantity></Point><Point><position>1707</position><in_Quantity.quantity>0.000000</in_Quantity.quantity><out_Quantity.quantity>178.207704</out_Quantity.quantity></Point><Point><position>1708</position><in_Quantity.quantity>0.000000</in_Quantity.quantity><out_Quantity.quantity>392.152182</out_Quantity.quantity></Point><Point><position>1709</position><in_Quantity.quantity>0.000000</in_Quantity.quantity><out_Quantity.quantity>683.586196</out_Quantity.quantity></Point><Point><position>1710</position><in_Quantity.quantity>0.000000</in_Quantity.quantity><out_Quantity.quantity>162.507289</out_Quantity.quantity></Point><Point><position>1711</position><in_Quantity.quantity>0.000000</in_Quantity.quantity><out_Quantity.quantity>520.688706</out_Quantity.quantity></Point><Point><position>1712</position><in_Quantity.quantity>0.000000</in_Quantity.quantity><out_Quantity.quantity>878.193807</out_Quantity.quantity></Point><Point><position>1713</position><in_Quantity.quantity>0.000000</in_Quantity.quantity><out_Quantity.quantity>10.975738</out_Quantity.quantity></Point><Point><position>1714</position><in_Quantity.quantity>0.000000</in_Quantity.quantity><out_Quantity.quantity>684.391802</out_Quantity.quantity></Point><Point><position>1715</position><in_Quantity.quantity>0.000000</in_Quantity.quantity><out_Quantity.quantity>437.978247</out_Quantity.quantity></Point><Point><position>1716</position><in_Quantity.quantity>0.000000</in_Quantity.quantity><out_Quantity.quantity>307.073396</out_Quantity.quantity></Point><Point><position>1717</position><in_Quantity.quantity>0.000000</in_Quantity.quantity><out_Quantity.quantity>278.940602</out_Quantity.quantity></Point><Point><position>1718</position><in_Quantity.quantity>0.000000</in_Quantity.quantity><out_Quantity.quantity>419.694009</out_Quantity.quantity></Point><Point><position>1719</position><in_Quantity.quantity>0.000000</in_Quantity.quantity><out_Quantity.quantity>393.638470</out_Quantity.quantity></Point><Point><position>1720</position><in_Quantity.quantity>0.000000</in_Quantity.quantity><out_Quantity.quantity>504.523326</out_Quantity.quantity></Point><Point><position>1721</position><in_Quantity.quantity>0.000000</in_Quantity.quantity><out_Quantity.quantity>208.304615</out_Quantity.quantity></Point><Point><position>1722</position><in_Quantity.quantity>0.000000</in_Quantity.quantity><out_Quantity.quantity>445.680009</out_Quantity.quantity></Point><Point><position>1723</position><in_Quantity.quantity>0.000000</in_Quantity.quantity><out_Quantity.quantity>517.881320</out_Quantity.quantity></Point><Point><position>1724</position><in_Quantity.quantity>0.000000</in_Quantity.quantity><out_Quantity.quantity>185.990761</out_Quantity.quantity></Point><Point><position>1725</position><in_Quantity.quantity>0.000000</in_Quantity.quantity><out_Quantity.quantity>600.708577</out_Quantity.quantity></Point><Point><position>1726</position><in_Quantity.quantity>0.000000</in_Quantity.quantity><out_Quantity.quantity>297.472455</out_Quantity.quantity></Point><Point><position>1727</position><in_Quantity.quantity>0.000000</in_Quantity.quantity><out_Quantity.quantity>582.418484</out_Quantity.quantity></Point><Point><position>1728</position><in_Quantity.quantity>0.000000</in_Quantity.quantity><out_Quantity.quantity>448.490633</out_Quantity.quantity></Point><Point><position>1729</position><in_Quantity.quantity>0.000000</in_Quantity.quantity><out_Quantity.quantity>887.800093</out_Quantity.quantity></Point><Point><position>1730</position><in_Quantity.quantity>0.000000</in_Quantity.quantity><out_Quantity.quantity>180.618369</out_Quantity.quantity></Point><Point><position>1731</position><in_Quantity.quantity>0.000000</in_Quantity.quantity><out_Quantity.quantity>268.767396</out_Quantity.quantity></Point><Point><position>1732</position><in_Quantity.quantity>0.000000</in_Quantity.quantity><out_Quantity.quantity>409.936888</out_Quantity.quantity></Point><Point><position>1733</position><in_Quantity.quantity>0.000000</in_Quantity.quantity><out_Quantity.quantity>262.214830</out_Quantity.quantity></Point><Point><position>1734</position><in_Quantity.quantity>0.000000</in_Quantity.quantity><out_Quantity.quantity>277.655578</out_Quantity.quantity></Point><Point><position>1735</position><in_Quantity.quantity>0.000000</in_Quantity.quantity><out_Quantity.quantity>980.118774</out_Quantity.quantity></Point><Point><position>1736</position><in_Quantity.quantity>0.000000</in_Quantity.quantity><out_Quantity.quantity>134.175021</out_Quantity.quantity></Point><Point><position>1737</position><in_Quantity.quantity>0.000000</in_Quantity.quantity><out_Quantity.quantity>553.150700</out_Quantity.quantity></Point><Point><position>1738</position><in_Quantity.quantity>0.000000</in_Quantity.quantity><out_Quantity.quantity>226.016863</out_Quantity.quantity></Point><Point><position>1739</position><in_Quantity.quantity>0.000000</in_Quantity.quantity><out_Quantity.quantity>369.308185</out_Quantity.quantity></Point><Point><position>1740</position><in_Quantity.quantity>0.000000</in_Quantity.quantity><out_Quantity.quantity>215.280485</out_Quantity.quantity></Point><Point><position>1741</position><in_Quantity.quantity>0.000000</in_Quantity.quantity><out_Quantity.quantity>710.950525</out_Quantity.quantity></Point><Point><position>1742</position><in_Quantity.quantity>0.000000</in_Quantity.quantity><out_Quantity.quantity>502.949725</out_Quantity.quantity></Point><Point><position>1743</position><in_Quantity.quantity>0.000000</in_Quantity.quantity><out_Quantity.quantity>885.316628</out_Quantity.quantity></Point><Point><position>1744</position><in_Quantity.quantity>0.000000</in_Quantity.quantity><out_Quantity.quantity>252.221830</out_Quantity.quantity></Point><Point><position>1745</position><in_Quantity.quantity>0.000000</in_Quantity.quantity><out_Quantity.quantity>387.331143</out_Quantity.quantity></Point><Point><position>1746</position><in_Quantity.quantity>0.000000</in_Quantity.quantity><out_Quantity.quantity>169.738817</out_Quantity.quantity></Point><Point><position>1747</position><in_Quantity.quantity>0.000000</in_Quantity.quantity><out_Quantity.quantity>471.194523</out_Quantity.quantity></Point><Point><position>1748</position><in_Quantity.quantity>0.000000</in_Quantity.quantity><out_Quantity.quantity>648.934536</out_Quantity.quantity></Point><Point><position>1749</position><in_Quantity.quantity>0.000000</in_Quantity.quantity><out_Quantity.quantity>457.887155</out_Quantity.quantity></Point><Point><position>1750</position><in_Quantity.quantity>0.000000</in_Quantity.quantity><out_Quantity.quantity>964.592374</out_Quantity.quantity></Point><Point><position>1751</position><in_Quantity.quantity>0.000000</in_Quantity.quantity><out_Quantity.quantity>22.345036</out_Quantity.quantity></Point><Point><position>1752</position><in_Quantity.quantity>0.000000</in_Quantity.quantity><out_Quantity.quantity>95.016945</out_Quantity.quantity></Point><Point><position>1753</position><in_Quantity.quantity>0.000000</in_Quantity.quantity><out_Quantity.quantity>831.039904</out_Quantity.quantity></Point><Point><position>1754</position><in_Quantity.quantity>0.000000</in_Quantity.quantity><out_Quantity.quantity>335.014822</out_Quantity.quantity></Point><Point><position>1755</position><in_Quantity.quantity>0.000000</in_Quantity.quantity><out_Quantity.quantity>571.284397</out_Quantity.quantity></Point><Point><position>1756</position><in_Quantity.quantity>0.000000</in_Quantity.quantity><out_Quantity.quantity>631.318497</out_Quantity.quantity></Point><Point><position>1757</position><in_Quantity.quantity>0.000000</in_Quantity.quantity><out_Quantity.quantity>307.720895</out_Quantity.quantity></Point><Point><position>1758</position><in_Quantity.quantity>0.000000</in_Quantity.quantity><out_Quantity.quantity>714.099919</out_Quantity.quantity></Point><Point><position>1759</position><in_Quantity.quantity>0.000000</in_Quantity.quantity><out_Quantity.quantity>190.493493</out_Quantity.quantity></Point><Point><position>1760</position><in_Quantity.quantity>0.000000</in_Quantity.quantity><out_Quantity.quantity>103.068007</out_Quantity.quantity></Point><Point><position>1761</position><in_Quantity.quantity>0.000000</in_Quantity.quantity><out_Quantity.quantity>269.074013</out_Quantity.quantity></Point><Point><position>1762</position><in_Quantity.quantity>0.000000</in_Quantity.quantity><out_Quantity.quantity>919.775755</out_Quantity.quantity></Point><Point><position>1763</position><in_Quantity.quantity>0.000000</in_Quantity.quantity><out_Quantity.quantity>250.253698</out_Quantity.quantity></Point><Point><position>1764</position><in_Quantity.quantity>0.000000</in_Quantity.quantity><out_Quantity.quantity>354.119304</out_Quantity.quantity></Point><Point><position>1765</position><in_Quantity.quantity>0.000000</in_Quantity.quantity><out_Quantity.quantity>460.536613</out_Quantity.quantity></Point><Point><position>1766</position><in_Quantity.quantity>0.000000</in_Quantity.quantity><out_Quantity.quantity>923.570365</out_Quantity.quantity></Point><Point><position>1767</position><in_Quantity.quantity>0.000000</in_Quantity.quantity><out_Quantity.quantity>463.103131</out_Quantity.quantity></Point><Point><position>1768</position><in_Quantity.quantity>0.000000</in_Quantity.quantity><out_Quantity.quantity>828.451566</out_Quantity.quantity></Point><Point><position>1769</position><in_Quantity.quantity>0.000000</in_Quantity.quantity><out_Quantity.quantity>645.712346</out_Quantity.quantity></Point><Point><position>1770</position><in_Quantity.quantity>0.000000</in_Quantity.quantity><out_Quantity.quantity>60.977548</out_Quantity.quantity></Point><Point><position>1771</position><in_Quantity.quantity>0.000000</in_Quantity.quantity><out_Quantity.quantity>540.842000</out_Quantity.quantity></Point><Point><position>1772</position><in_Quantity.quantity>0.000000</in_Quantity.quantity><out_Quantity.quantity>878.147817</out_Quantity.quantity></Point><Point><position>1773</position><in_Quantity.quantity>0.000000</in_Quantity.quantity><out_Quantity.quantity>472.697295</out_Quantity.quantity></Point><Point><position>1774</position><in_Quantity.quantity>0.000000</in_Quantity.quantity><out_Quantity.quantity>18.266608</out_Quantity.quantity></Point><Point><position>1775</position><in_Quantity.quantity>0.000000</in_Quantity.quantity><out_Quantity.quantity>819.212677</out_Quantity.quantity></Point><Point><position>1776</position><in_Quantity.quantity>0.000000</in_Quantity.quantity><out_Quantity.quantity>752.638497</out_Quantity.quantity></Point><Point><position>1777</position><in_Quantity.quantity>0.000000</in_Quantity.quantity><out_Quantity.quantity>605.085470</out_Quantity.quantity></Point><Point><position>1778</position><in_Quantity.quantity>0.000000</in_Quantity.quantity><out_Quantity.quantity>1.069161</out_Quantity.quantity></Point><Point><position>1779</position><in_Quantity.quantity>0.000000</in_Quantity.quantity><out_Quantity.quantity>323.382081</out_Quantity.quantity></Point><Point><position>1780</position><in_Quantity.quantity>0.000000</in_Quantity.quantity><out_Quantity.quantity>417.004853</out_Quantity.quantity></Point><Point><position>1781</position><in_Quantity.quantity>0.000000</in_Quantity.quantity><out_Quantity.quantity>313.241098</out_Quantity.quantity></Point><Point><position>1782</position><in_Quantity.quantity>0.000000</in_Quantity.quantity><out_Quantity.quantity>593.621021</out_Quantity.quantity></Point><Point><position>1783</position><in_Quantity.quantity>0.000000</in_Quantity.quantity><out_Quantity.quantity>394.796575</out_Quantity.quantity></Point><Point><position>1784</position><in_Quantity.quantity>0.000000</in_Quantity.quantity><out_Quantity.quantity>83.802863</out_Quantity.quantity></Point><Point><position>1785</position><in_Quantity.quantity>0.000000</in_Quantity.quantity><out_Quantity.quantity>807.698822</out_Quantity.quantity></Point><Point><position>1786</position><in_Quantity.quantity>0.000000</in_Quantity.quantity><out_Quantity.quantity>726.200336</out_Quantity.quantity></Point><Point><position>1787</position><in_Quantity.quantity>0.000000</in_Quantity.quantity><out_Quantity.quantity>648.591736</out_Quantity.quantity></Point><Point><position>1788</position><in_Quantity.quantity>0.000000</in_Quantity.quantity><out_Quantity.quantity>180.989799</out_Quantity.quantity></Point><Point><position>1789</position><in_Quantity.quantity>0.000000</in_Quantity.quantity><out_Quantity.quantity>282.555700</out_Quantity.quantity></Point><Point><position>1790</position><in_Quantity.quantity>0.000000</in_Quantity.quantity><out_Quantity.quantity>720.167537</out_Quantity.quantity></Point><Point><position>1791</position><in_Quantity.quantity>0.000000</in_Quantity.quantity><out_Quantity.quantity>408.234423</out_Quantity.quantity></Point><Point><position>1792</position><in_Quantity.quantity>0.000000</in_Quantity.quantity><out_Quantity.quantity>317.945079</out_Quantity.quantity></Point><Point><position>1793</position><in_Quantity.quantity>0.000000</in_Quantity.quantity><out_Quantity.quantity>681.951164</out_Quantity.quantity></Point><Point><position>1794</position><in_Quantity.quantity>0.000000</in_Quantity.quantity><out_Quantity.quantity>88.356333</out_Quantity.quantity></Point><Point><position>1795</position><in_Quantity.quantity>0.000000</in_Quantity.quantity><out_Quantity.quantity>200.364484</out_Quantity.quantity></Point><Point><position>1796</position><in_Quantity.quantity>0.000000</in_Quantity.quantity><out_Quantity.quantity>881.671273</out_Quantity.quantity></Point><Point><position>1797</position><in_Quantity.quantity>0.000000</in_Quantity.quantity><out_Quantity.quantity>183.934485</out_Quantity.quantity></Point><Point><position>1798</position><in_Quantity.quantity>0.000000</in_Quantity.quantity><out_Quantity.quantity>18.029695</out_Quantity.quantity></Point><Point><position>1799</position><in_Quantity.quantity>0.000000</in_Quantity.quantity><out_Quantity.quantity>432.008162</out_Quantity.quantity></Point><Point><position>1800</position><in_Quantity.quantity>0.000000</in_Quantity.quantity><out_Quantity.quantity>346.803170</out_Quantity.quantity></Point><Point><position>1801</position><in_Quantity.quantity>0.000000</in_Quantity.quantity><out_Quantity.quantity>931.959304</out_Quantity.quantity></Point><Point><position>1802</position><in_Quantity.quantity>0.000000</in_Quantity.quantity><out_Quantity.quantity>756.264320</out_Quantity.quantity></Point><Point><position>1803</position><in_Quantity.quantity>0.000000</in_Quantity.quantity><out_Quantity.quantity>307.740187</out_Quantity.quantity></Point><Point><position>1804</position><in_Quantity.quantity>0.000000</in_Quantity.quantity><out_Quantity.quantity>579.422016</out_Quantity.quantity></Point><Point><position>1805</position><in_Quantity.quantity>0.000000</in_Quantity.quantity><out_Quantity.quantity>525.580257</out_Quantity.quantity></Point><Point><position>1806</position><in_Quantity.quantity>0.000000</in_Quantity.quantity><out_Quantity.quantity>429.438412</out_Quantity.quantity></Point><Point><position>1807</position><in_Quantity.quantity>0.000000</in_Quantity.quantity><out_Quantity.quantity>590.428453</out_Quantity.quantity></Point><Point><position>1808</position><in_Quantity.quantity>0.000000</in_Quantity.quantity><out_Quantity.quantity>123.821514</out_Quantity.quantity></Point><Point><position>1809</position><in_Quantity.quantity>0.000000</in_Quantity.quantity><out_Quantity.quantity>638.546863</out_Quantity.quantity></Point><Point><position>1810</position><in_Quantity.quantity>0.000000</in_Quantity.quantity><out_Quantity.quantity>460.996446</out_Quantity.quantity></Point><Point><position>1811</position><in_Quantity.quantity>0.000000</in_Quantity.quantity><out_Quantity.quantity>140.654630</out_Quantity.quantity></Point><Point><position>1812</position><in_Quantity.quantity>0.000000</in_Quantity.quantity><out_Quantity.quantity>615.875946</out_Quantity.quantity></Point><Point><position>1813</position><in_Quantity.quantity>0.000000</in_Quantity.quantity><out_Quantity.quantity>248.748745</out_Quantity.quantity></Point><Point><position>1814</position><in_Quantity.quantity>0.000000</in_Quantity.quantity><out_Quantity.quantity>434.634398</out_Quantity.quantity></Point><Point><position>1815</position><in_Quantity.quantity>0.000000</in_Quantity.quantity><out_Quantity.quantity>661.785785</out_Quantity.quantity></Point><Point><position>1816</position><in_Quantity.quantity>0.000000</in_Quantity.quantity><out_Quantity.quantity>5.701614</out_Quantity.quantity></Point><Point><position>1817</position><in_Quantity.quantity>0.000000</in_Quantity.quantity><out_Quantity.quantity>211.074485</out_Quantity.quantity></Point><Point><position>1818</position><in_Quantity.quantity>0.000000</in_Quantity.quantity><out_Quantity.quantity>467.383667</out_Quantity.quantity></Point><Point><position>1819</position><in_Quantity.quantity>0.000000</in_Quantity.quantity><out_Quantity.quantity>34.806281</out_Quantity.quantity></Point><Point><position>1820</position><in_Quantity.quantity>0.000000</in_Quantity.quantity><out_Quantity.quantity>841.642352</out_Quantity.quantity></Point><Point><position>1821</position><in_Quantity.quantity>0.000000</in_Quantity.quantity><out_Quantity.quantity>505.153110</out_Quantity.quantity></Point><Point><position>1822</position><in_Quantity.quantity>0.000000</in_Quantity.quantity><out_Quantity.quantity>286.601607</out_Quantity.quantity></Point><Point><position>1823</position><in_Quantity.quantity>0.000000</in_Quantity.quantity><out_Quantity.quantity>150.149942</out_Quantity.quantity></Point><Point><position>1824</position><in_Quantity.quantity>0.000000</in_Quantity.quantity><out_Quantity.quantity>758.902117</out_Quantity.quantity></Point><Point><position>1825</position><in_Quantity.quantity>0.000000</in_Quantity.quantity><out_Quantity.quantity>126.719988</out_Quantity.quantity></Point><Point><position>1826</position><in_Quantity.quantity>0.000000</in_Quantity.quantity><out_Quantity.quantity>954.333936</out_Quantity.quantity></Point><Point><position>1827</position><in_Quantity.quantity>0.000000</in_Quantity.quantity><out_Quantity.quantity>13.178014</out_Quantity.quantity></Point><Point><position>1828</position><in_Quantity.quantity>0.000000</in_Quantity.quantity><out_Quantity.quantity>382.772809</out_Quantity.quantity></Point><Point><position>1829</position><in_Quantity.quantity>0.000000</in_Quantity.quantity><out_Quantity.quantity>699.307416</out_Quantity.quantity></Point><Point><position>1830</position><in_Quantity.quantity>0.000000</in_Quantity.quantity><out_Quantity.quantity>114.568229</out_Quantity.quantity></Point><Point><position>1831</position><in_Quantity.quantity>0.000000</in_Quantity.quantity><out_Quantity.quantity>374.518590</out_Quantity.quantity></Point><Point><position>1832</position><in_Quantity.quantity>0.000000</in_Quantity.quantity><out_Quantity.quantity>805.469500</out_Quantity.quantity></Point><Point><position>1833</position><in_Quantity.quantity>0.000000</in_Quantity.quantity><out_Quantity.quantity>9.823717</out_Quantity.quantity></Point><Point><position>1834</position><in_Quantity.quantity>0.000000</in_Quantity.quantity><out_Quantity.quantity>942.400880</out_Quantity.quantity></Point><Point><position>1835</position><in_Quantity.quantity>0.000000</in_Quantity.quantity><out_Quantity.quantity>780.037423</out_Quantity.quantity></Point><Point><position>1836</position><in_Quantity.quantity>0.000000</in_Quantity.quantity><out_Quantity.quantity>900.868355</out_Quantity.quantity></Point><Point><position>1837</position><in_Quantity.quantity>0.000000</in_Quantity.quantity><out_Quantity.quantity>692.932409</out_Quantity.quantity></Point><Point><position>1838</position><in_Quantity.quantity>0.000000</in_Quantity.quantity><out_Quantity.quantity>733.477187</out_Quantity.quantity></Point><Point><position>1839</position><in_Quantity.quantity>0.000000</in_Quantity.quantity><out_Quantity.quantity>244.162781</out_Quantity.quantity></Point><Point><position>1840</position><in_Quantity.quantity>0.000000</in_Quantity.quantity><out_Quantity.quantity>318.574368</out_Quantity.quantity></Point><Point><position>1841</position><in_Quantity.quantity>0.000000</in_Quantity.quantity><out_Quantity.quantity>904.786707</out_Quantity.quantity></Point><Point><position>1842</position><in_Quantity.quantity>0.000000</in_Quantity.quantity><out_Quantity.quantity>444.940049</out_Quantity.quantity></Point><Point><position>1843</position><in_Quantity.quantity>0.000000</in_Quantity.quantity><out_Quantity.quantity>830.996174</out_Quantity.quantity></Point><Point><position>1844</position><in_Quantity.quantity>0.000000</in_Quantity.quantity><out_Quantity.quantity>516.618329</out_Quantity.quantity></Point><Point><position>1845</position><in_Quantity.quantity>0.000000</in_Quantity.quantity><out_Quantity.quantity>85.535237</out_Quantity.quantity></Point><Point><position>1846</position><in_Quantity.quantity>0.000000</in_Quantity.quantity><out_Quantity.quantity>977.002896</out_Quantity.quantity></Point><Point><position>1847</position><in_Quantity.quantity>0.000000</in_Quantity.quantity><out_Quantity.quantity>925.939354</out_Quantity.quantity></Point><Point><position>1848</position><in_Quantity.quantity>0.000000</in_Quantity.quantity><out_Quantity.quantity>589.636819</out_Quantity.quantity></Point><Point><position>1849</position><in_Quantity.quantity>0.000000</in_Quantity.quantity><out_Quantity.quantity>153.842561</out_Quantity.quantity></Point><Point><position>1850</position><in_Quantity.quantity>0.000000</in_Quantity.quantity><out_Quantity.quantity>297.013884</out_Quantity.quantity></Point><Point><position>1851</position><in_Quantity.quantity>0.000000</in_Quantity.quantity><out_Quantity.quantity>201.314829</out_Quantity.quantity></Point><Point><position>1852</position><in_Quantity.quantity>0.000000</in_Quantity.quantity><out_Quantity.quantity>624.682704</out_Quantity.quantity></Point><Point><position>1853</position><in_Quantity.quantity>0.000000</in_Quantity.quantity><out_Quantity.quantity>827.853965</out_Quantity.quantity></Point><Point><position>1854</position><in_Quantity.quantity>0.000000</in_Quantity.quantity><out_Quantity.quantity>293.235475</out_Quantity.quantity></Point><Point><position>1855</position><in_Quantity.quantity>0.000000</in_Quantity.quantity><out_Quantity.quantity>608.183135</out_Quantity.quantity></Point><Point><position>1856</position><in_Quantity.quantity>0.000000</in_Quantity.quantity><out_Quantity.quantity>464.610089</out_Quantity.quantity></Point><Point><position>1857</position><in_Quantity.quantity>0.000000</in_Quantity.quantity><out_Quantity.quantity>37.019475</out_Quantity.quantity></Point><Point><position>1858</position><in_Quantity.quantity>0.000000</in_Quantity.quantity><out_Quantity.quantity>413.907169</out_Quantity.quantity></Point><Point><position>1859</position><in_Quantity.quantity>0.000000</in_Quantity.quantity><out_Quantity.quantity>709.033442</out_Quantity.quantity></Point><Point><position>1860</position><in_Quantity.quantity>0.000000</in_Quantity.quantity><out_Quantity.quantity>950.388950</out_Quantity.quantity></Point><Point><position>1861</position><in_Quantity.quantity>0.000000</in_Quantity.quantity><out_Quantity.quantity>598.180233</out_Quantity.quantity></Point><Point><position>1862</position><in_Quantity.quantity>0.000000</in_Quantity.quantity><out_Quantity.quantity>950.466368</out_Quantity.quantity></Point><Point><position>1863</position><in_Quantity.quantity>0.000000</in_Quantity.quantity><out_Quantity.quantity>478.853614</out_Quantity.quantity></Point><Point><position>1864</position><in_Quantity.quantity>0.000000</in_Quantity.quantity><out_Quantity.quantity>935.953575</out_Quantity.quantity></Point><Point><position>1865</position><in_Quantity.quantity>0.000000</in_Quantity.quantity><out_Quantity.quantity>876.804923</out_Quantity.quantity></Point><Point><position>1866</position><in_Quantity.quantity>0.000000</in_Quantity.quantity><out_Quantity.quantity>963.245823</out_Quantity.quantity></Point><Point><position>1867</position><in_Quantity.quantity>0.000000</in_Quantity.quantity><out_Quantity.quantity>208.703379</out_Quantity.quantity></Point><Point><position>1868</position><in_Quantity.quantity>0.000000</in_Quantity.quantity><out_Quantity.quantity>926.221663</out_Quantity.quantity></Point><Point><position>1869</position><in_Quantity.quantity>0.000000</in_Quantity.quantity><out_Quantity.quantity>102.489812</out_Quantity.quantity></Point><Point><position>1870</position><in_Quantity.quantity>0.000000</in_Quantity.quantity><out_Quantity.quantity>57.083002</out_Quantity.quantity></Point><Point><position>1871</position><in_Quantity.quantity>0.000000</in_Quantity.quantity><out_Quantity.quantity>746.907633</out_Quantity.quantity></Point><Point><position>1872</position><in_Quantity.quantity>0.000000</in_Quantity.quantity><out_Quantity.quantity>578.745072</out_Quantity.quantity></Point><Point><position>1873</position><in_Quantity.quantity>0.000000</in_Quantity.quantity><out_Quantity.quantity>140.480690</out_Quantity.quantity></Point><Point><position>1874</position><in_Quantity.quantity>0.000000</in_Quantity.quantity><out_Quantity.quantity>8.748091</out_Quantity.quantity></Point><Point><position>1875</position><in_Quantity.quantity>0.000000</in_Quantity.quantity><out_Quantity.quantity>853.263699</out_Quantity.quantity></Point><Point><position>1876</position><in_Quantity.quantity>0.000000</in_Quantity.quantity><out_Quantity.quantity>286.699539</out_Quantity.quantity></Point><Point><position>1877</position><in_Quantity.quantity>0.000000</in_Quantity.quantity><out_Quantity.quantity>565.658544</out_Quantity.quantity></Point><Point><position>1878</position><in_Quantity.quantity>0.000000</in_Quantity.quantity><out_Quantity.quantity>743.756547</out_Quantity.quantity></Point><Point><position>1879</position><in_Quantity.quantity>0.000000</in_Quantity.quantity><out_Quantity.quantity>709.859680</out_Quantity.quantity></Point><Point><position>1880</position><in_Quantity.quantity>0.000000</in_Quantity.quantity><out_Quantity.quantity>864.588608</out_Quantity.quantity></Point><Point><position>1881</position><in_Quantity.quantity>0.000000</in_Quantity.quantity><out_Quantity.quantity>987.204046</out_Quantity.quantity></Point><Point><position>1882</position><in_Quantity.quantity>0.000000</in_Quantity.quantity><out_Quantity.quantity>752.039304</out_Quantity.quantity></Point><Point><position>1883</position><in_Quantity.quantity>0.000000</in_Quantity.quantity><out_Quantity.quantity>572.926952</out_Quantity.quantity></Point><Point><position>1884</position><in_Quantity.quantity>0.000000</in_Quantity.quantity><out_Quantity.quantity>367.542662</out_Quantity.quantity></Point><Point><position>1885</position><in_Quantity.quantity>0.000000</in_Quantity.quantity><out_Quantity.quantity>847.842416</out_Quantity.quantity></Point><Point><position>1886</position><in_Quantity.quantity>0.000000</in_Quantity.quantity><out_Quantity.quantity>28.224719</out_Quantity.quantity></Point><Point><position>1887</position><in_Quantity.quantity>0.000000</in_Quantity.quantity><out_Quantity.quantity>922.731861</out_Quantity.quantity></Point><Point><position>1888</position><in_Quantity.quantity>0.000000</in_Quantity.quantity><out_Quantity.quantity>969.894105</out_Quantity.quantity></Point><Point><position>1889</position><in_Quantity.quantity>0.000000</in_Quantity.quantity><out_Quantity.quantity>36.557538</out_Quantity.quantity></Point><Point><position>1890</position><in_Quantity.quantity>0.000000</in_Quantity.quantity><out_Quantity.quantity>675.017705</out_Quantity.quantity></Point><Point><position>1891</position><in_Quantity.quantity>0.000000</in_Quantity.quantity><out_Quantity.quantity>841.946392</out_Quantity.quantity></Point><Point><position>1892</position><in_Quantity.quantity>0.000000</in_Quantity.quantity><out_Quantity.quantity>520.293946</out_Quantity.quantity></Point><Point><position>1893</position><in_Quantity.quantity>0.000000</in_Quantity.quantity><out_Quantity.quantity>344.058879</out_Quantity.quantity></Point><Point><position>1894</position><in_Quantity.quantity>0.000000</in_Quantity.quantity><out_Quantity.quantity>619.084296</out_Quantity.quantity></Point><Point><position>1895</position><in_Quantity.quantity>0.000000</in_Quantity.quantity><out_Quantity.quantity>199.124894</out_Quantity.quantity></Point><Point><position>1896</position><in_Quantity.quantity>0.000000</in_Quantity.quantity><out_Quantity.quantity>955.974537</out_Quantity.quantity></Point><Point><position>1897</position><in_Quantity.quantity>0.000000</in_Quantity.quantity><out_Quantity.quantity>105.529866</out_Quantity.quantity></Point><Point><position>1898</position><in_Quantity.quantity>0.000000</in_Quantity.quantity><out_Quantity.quantity>110.304482</out_Quantity.quantity></Point><Point><position>1899</position><in_Quantity.quantity>0.000000</in_Quantity.quantity><out_Quantity.quantity>571.610495</out_Quantity.quantity></Point><Point><position>1900</position><in_Quantity.quantity>0.000000</in_Quantity.quantity><out_Quantity.quantity>971.888635</out_Quantity.quantity></Point><Point><position>1901</position><in_Quantity.quantity>0.000000</in_Quantity.quantity><out_Quantity.quantity>219.107928</out_Quantity.quantity></Point><Point><position>1902</position><in_Quantity.quantity>0.000000</in_Quantity.quantity><out_Quantity.quantity>118.205279</out_Quantity.quantity></Point><Point><position>1903</position><in_Quantity.quantity>0.000000</in_Quantity.quantity><out_Quantity.quantity>158.821671</out_Quantity.quantity></Point><Point><position>1904</position><in_Quantity.quantity>0.000000</in_Quantity.quantity><out_Quantity.quantity>927.675101</out_Quantity.quantity></Point><Point><position>1905</position><in_Quantity.quantity>0.000000</in_Quantity.quantity><out_Quantity.quantity>135.858628</out_Quantity.quantity></Point><Point><position>1906</position><in_Quantity.quantity>0.000000</in_Quantity.quantity><out_Quantity.quantity>588.883123</out_Quantity.quantity></Point><Point><position>1907</position><in_Quantity.quantity>0.000000</in_Quantity.quantity><out_Quantity.quantity>321.323662</out_Quantity.quantity></Point><Point><position>1908</position><in_Quantity.quantity>0.000000</in_Quantity.quantity><out_Quantity.quantity>212.281360</out_Quantity.quantity></Point><Point><position>1909</position><in_Quantity.quantity>0.000000</in_Quantity.quantity><out_Quantity.quantity>236.045960</out_Quantity.quantity></Point><Point><position>1910</position><in_Quantity.quantity>0.000000</in_Quantity.quantity><out_Quantity.quantity>150.859358</out_Quantity.quantity></Point><Point><position>1911</position><in_Quantity.quantity>0.000000</in_Quantity.quantity><out_Quantity.quantity>400.359106</out_Quantity.quantity></Point><Point><position>1912</position><in_Quantity.quantity>0.000000</in_Quantity.quantity><out_Quantity.quantity>170.428235</out_Quantity.quantity></Point><Point><position>1913</position><in_Quantity.quantity>0.000000</in_Quantity.quantity><out_Quantity.quantity>864.188539</out_Quantity.quantity></Point><Point><position>1914</position><in_Quantity.quantity>0.000000</in_Quantity.quantity><out_Quantity.quantity>798.039980</out_Quantity.quantity></Point><Point><position>1915</position><in_Quantity.quantity>0.000000</in_Quantity.quantity><out_Quantity.quantity>916.398174</out_Quantity.quantity></Point><Point><position>1916</position><in_Quantity.quantity>0.000000</in_Quantity.quantity><out_Quantity.quantity>229.726339</out_Quantity.quantity></Point><Point><position>1917</position><in_Quantity.quantity>0.000000</in_Quantity.quantity><out_Quantity.quantity>362.521193</out_Quantity.quantity></Point><Point><position>1918</position><in_Quantity.quantity>0.000000</in_Quantity.quantity><out_Quantity.quantity>606.652880</out_Quantity.quantity></Point><Point><position>1919</position><in_Quantity.quantity>0.000000</in_Quantity.quantity><out_Quantity.quantity>630.646527</out_Quantity.quantity></Point><Point><position>1920</position><in_Quantity.quantity>0.000000</in_Quantity.quantity><out_Quantity.quantity>741.933960</out_Quantity.quantity></Point><Point><position>1921</position><in_Quantity.quantity>0.000000</in_Quantity.quantity><out_Quantity.quantity>204.671000</out_Quantity.quantity></Point><Point><position>1922</position><in_Quantity.quantity>0.000000</in_Quantity.quantity><out_Quantity.quantity>671.130560</out_Quantity.quantity></Point><Point><position>1923</position><in_Quantity.quantity>0.000000</in_Quantity.quantity><out_Quantity.quantity>737.963019</out_Quantity.quantity></Point><Point><position>1924</position><in_Quantity.quantity>0.000000</in_Quantity.quantity><out_Quantity.quantity>456.373215</out_Quantity.quantity></Point><Point><position>1925</position><in_Quantity.quantity>0.000000</in_Quantity.quantity><out_Quantity.quantity>697.520148</out_Quantity.quantity></Point><Point><position>1926</position><in_Quantity.quantity>0.000000</in_Quantity.quantity><out_Quantity.quantity>900.074125</out_Quantity.quantity></Point><Point><position>1927</position><in_Quantity.quantity>0.000000</in_Quantity.quantity><out_Quantity.quantity>688.199080</out_Quantity.quantity></Point><Point><position>1928</position><in_Quantity.quantity>0.000000</in_Quantity.quantity><out_Quantity.quantity>207.171173</out_Quantity.quantity></Point><Point><position>1929</position><in_Quantity.quantity>0.000000</in_Quantity.quantity><out_Quantity.quantity>351.215113</out_Quantity.quantity></Point><Point><position>1930</position><in_Quantity.quantity>0.000000</in_Quantity.quantity><out_Quantity.quantity>528.098400</out_Quantity.quantity></Point><Point><position>1931</position><in_Quantity.quantity>0.000000</in_Quantity.quantity><out_Quantity.quantity>281.482835</out_Quantity.quantity></Point><Point><position>1932</position><in_Quantity.quantity>0.000000</in_Quantity.quantity><out_Quantity.quantity>233.819165</out_Quantity.quantity></Point><Point><position>1933</position><in_Quantity.quantity>0.000000</in_Quantity.quantity><out_Quantity.quantity>906.058793</out_Quantity.quantity></Point><Point><position>1934</position><in_Quantity.quantity>0.000000</in_Quantity.quantity><out_Quantity.quantity>372.076987</out_Quantity.quantity></Point><Point><position>1935</position><in_Quantity.quantity>0.000000</in_Quantity.quantity><out_Quantity.quantity>802.686617</out_Quantity.quantity></Point><Point><position>1936</position><in_Quantity.quantity>0.000000</in_Quantity.quantity><out_Quantity.quantity>240.384955</out_Quantity.quantity></Point><Point><position>1937</position><in_Quantity.quantity>0.000000</in_Quantity.quantity><out_Quantity.quantity>460.157089</out_Quantity.quantity></Point><Point><position>1938</position><in_Quantity.quantity>0.000000</in_Quantity.quantity><out_Quantity.quantity>890.170633</out_Quantity.quantity></Point><Point><position>1939</position><in_Quantity.quantity>0.000000</in_Quantity.quantity><out_Quantity.quantity>256.836257</out_Quantity.quantity></Point><Point><position>1940</position><in_Quantity.quantity>0.000000</in_Quantity.quantity><out_Quantity.quantity>582.209748</out_Quantity.quantity></Point><Point><position>1941</position><in_Quantity.quantity>0.000000</in_Quantity.quantity><out_Quantity.quantity>832.751812</out_Quantity.quantity></Point><Point><position>1942</position><in_Quantity.quantity>0.000000</in_Quantity.quantity><out_Quantity.quantity>251.621712</out_Quantity.quantity></Point><Point><position>1943</position><in_Quantity.quantity>0.000000</in_Quantity.quantity><out_Quantity.quantity>156.156313</out_Quantity.quantity></Point><Point><position>1944</position><in_Quantity.quantity>0.000000</in_Quantity.quantity><out_Quantity.quantity>477.839388</out_Quantity.quantity></Point><Point><position>1945</position><in_Quantity.quantity>0.000000</in_Quantity.quantity><out_Quantity.quantity>873.720031</out_Quantity.quantity></Point><Point><position>1946</position><in_Quantity.quantity>0.000000</in_Quantity.quantity><out_Quantity.quantity>547.111655</out_Quantity.quantity></Point><Point><position>1947</position><in_Quantity.quantity>0.000000</in_Quantity.quantity><out_Quantity.quantity>849.970272</out_Quantity.quantity></Point><Point><position>1948</position><in_Quantity.quantity>0.000000</in_Quantity.quantity><out_Quantity.quantity>488.589605</out_Quantity.quantity></Point><Point><position>1949</position><in_Quantity.quantity>0.000000</in_Quantity.quantity><out_Quantity.quantity>138.767318</out_Quantity.quantity></Point><Point><position>1950</position><in_Quantity.quantity>0.000000</in_Quantity.quantity><out_Quantity.quantity>91.734146</out_Quantity.quantity></Point><Point><position>1951</position><in_Quantity.quantity>0.000000</in_Quantity.quantity><out_Quantity.quantity>877.625514</out_Quantity.quantity></Point><Point><position>1952</position><in_Quantity.quantity>0.000000</in_Quantity.quantity><out_Quantity.quantity>658.974313</out_Quantity.quantity></Point><Point><position>1953</position><in_Quantity.quantity>0.000000</in_Quantity.quantity><out_Quantity.quantity>175.861282</out_Quantity.quantity></Point><Point><position>1954</position><in_Quantity.quantity>0.000000</in_Quantity.quantity><out_Quantity.quantity>384.674701</out_Quantity.quantity></Point><Point><position>1955</position><in_Quantity.quantity>0.000000</in_Quantity.quantity><out_Quantity.quantity>835.965260</out_Quantity.quantity></Point><Point><position>1956</position><in_Quantity.quantity>0.000000</in_Quantity.quantity><out_Quantity.quantity>955.152836</out_Quantity.quantity></Point><Point><position>1957</position><in_Quantity.quantity>0.000000</in_Quantity.quantity><out_Quantity.quantity>917.015233</out_Quantity.quantity></Point><Point><position>1958</position><in_Quantity.quantity>0.000000</in_Quantity.quantity><out_Quantity.quantity>652.685449</out_Quantity.quantity></Point><Point><position>1959</position><in_Quantity.quantity>0.000000</in_Quantity.quantity><out_Quantity.quantity>325.096007</out_Quantity.quantity></Point><Point><position>1960</position><in_Quantity.quantity>0.000000</in_Quantity.quantity><out_Quantity.quantity>954.849857</out_Quantity.quantity></Point><Point><position>1961</position><in_Quantity.quantity>0.000000</in_Quantity.quantity><out_Quantity.quantity>145.492641</out_Quantity.quantity></Point><Point><position>1962</position><in_Quantity.quantity>0.000000</in_Quantity.quantity><out_Quantity.quantity>185.665907</out_Quantity.quantity></Point><Point><position>1963</position><in_Quantity.quantity>0.000000</in_Quantity.quantity><out_Quantity.quantity>272.211709</out_Quantity.quantity></Point><Point><position>1964</position><in_Quantity.quantity>0.000000</in_Quantity.quantity><out_Quantity.quantity>96.247855</out_Quantity.quantity></Point><Point><position>1965</position><in_Quantity.quantity>0.000000</in_Quantity.quantity><out_Quantity.quantity>983.629298</out_Quantity.quantity></Point><Point><position>1966</position><in_Quantity.quantity>0.000000</in_Quantity.quantity><out_Quantity.quantity>874.407641</out_Quantity.quantity></Point><Point><position>1967</position><in_Quantity.quantity>0.000000</in_Quantity.quantity><out_Quantity.quantity>75.653732</out_Quantity.quantity></Point><Point><position>1968</position><in_Quantity.quantity>0.000000</in_Quantity.quantity><out_Quantity.quantity>110.142784</out_Quantity.quantity></Point><Point><position>1969</position><in_Quantity.quantity>0.000000</in_Quantity.quantity><out_Quantity.quantity>521.852961</out_Quantity.quantity></Point><Point><position>1970</position><in_Quantity.quantity>0.000000</in_Quantity.quantity><out_Quantity.quantity>819.547470</out_Quantity.quantity></Point><Point><position>1971</position><in_Quantity.quantity>0.000000</in_Quantity.quantity><out_Quantity.quantity>777.525917</out_Quantity.quantity></Point><Point><position>1972</position><in_Quantity.quantity>0.000000</in_Quantity.quantity><out_Quantity.quantity>503.568819</out_Quantity.quantity></Point><Point><position>1973</position><in_Quantity.quantity>0.000000</in_Quantity.quantity><out_Quantity.quantity>751.327102</out_Quantity.quantity></Point><Point><position>1974</position><in_Quantity.quantity>0.000000</in_Quantity.quantity><out_Quantity.quantity>709.961428</out_Quantity.quantity></Point><Point><position>1975</position><in_Quantity.quantity>0.000000</in_Quantity.quantity><out_Quantity.quantity>118.595231</out_Quantity.quantity></Point><Point><position>1976</position><in_Quantity.quantity>0.000000</in_Quantity.quantity><out_Quantity.quantity>600.878360</out_Quantity.quantity></Point><Point><position>1977</position><in_Quantity.quantity>0.000000</in_Quantity.quantity><out_Quantity.quantity>847.991167</out_Quantity.quantity></Point><Point><position>1978</position><in_Quantity.quantity>0.000000</in_Quantity.quantity><out_Quantity.quantity>561.856002</out_Quantity.quantity></Point><Point><position>1979</position><in_Quantity.quantity>0.000000</in_Quantity.quantity><out_Quantity.quantity>16.081310</out_Quantity.quantity></Point><Point><position>1980</position><in_Quantity.quantity>0.000000</in_Quantity.quantity><out_Quantity.quantity>409.457378</out_Quantity.quantity></Point><Point><position>1981</position><in_Quantity.quantity>0.000000</in_Quantity.quantity><out_Quantity.quantity>242.873248</out_Quantity.quantity></Point><Point><position>1982</position><in_Quantity.quantity>0.000000</in_Quantity.quantity><out_Quantity.quantity>444.662195</out_Quantity.quantity></Point><Point><position>1983</position><in_Quantity.quantity>0.000000</in_Quantity.quantity><out_Quantity.quantity>278.650684</out_Quantity.quantity></Point><Point><position>1984</position><in_Quantity.quantity>0.000000</in_Quantity.quantity><out_Quantity.quantity>624.278816</out_Quantity.quantity></Point><Point><position>1985</position><in_Quantity.quantity>0.000000</in_Quantity.quantity><out_Quantity.quantity>971.855786</out_Quantity.quantity></Point><Point><position>1986</position><in_Quantity.quantity>0.000000</in_Quantity.quantity><out_Quantity.quantity>990.123697</out_Quantity.quantity></Point><Point><position>1987</position><in_Quantity.quantity>0.000000</in_Quantity.quantity><out_Quantity.quantity>119.970442</out_Quantity.quantity></Point><Point><position>1988</position><in_Quantity.quantity>0.000000</in_Quantity.quantity><out_Quantity.quantity>416.474472</out_Quantity.quantity></Point><Point><position>1989</position><in_Quantity.quantity>0.000000</in_Quantity.quantity><out_Quantity.quantity>794.949891</out_Quantity.quantity></Point><Point><position>1990</position><in_Quantity.quantity>0.000000</in_Quantity.quantity><out_Quantity.quantity>404.196870</out_Quantity.quantity></Point><Point><position>1991</position><in_Quantity.quantity>0.000000</in_Quantity.quantity><out_Quantity.quantity>472.372964</out_Quantity.quantity></Point><Point><position>1992</position><in_Quantity.quantity>0.000000</in_Quantity.quantity><out_Quantity.quantity>564.252263</out_Quantity.quantity></Point><Point><position>1993</position><in_Quantity.quantity>0.000000</in_Quantity.quantity><out_Quantity.quantity>367.558988</out_Quantity.quantity></Point><Point><position>1994</position><in_Quantity.quantity>0.000000</in_Quantity.quantity><out_Quantity.quantity>611.688177</out_Quantity.quantity></Point><Point><position>1995</position><in_Quantity.quantity>0.000000</in_Quantity.quantity><out_Quantity.quantity>483.473820</out_Quantity.quantity></Point><Point><position>1996</position><in_Quantity.quantity>0.000000</in_Quantity.quantity><out_Quantity.quantity>567.305350</out_Quantity.quantity></Point><Point><position>1997</position><in_Quantity.quantity>0.000000</in_Quantity.quantity><out_Quantity.quantity>632.761905</out_Quantity.quantity></Point><Point><position>1998</position><in_Quantity.quantity>0.000000</in_Quantity.quantity><out_Quantity.quantity>258.193814</out_Quantity.quantity></Point><Point><position>1999</position><in_Quantity.quantity>0.000000</in_Quantity.quantity><out_Quantity.quantity>299.365160</out_Quantity.quantity></Point><Point><position>2000</position><in_Quantity.quantity>0.000000</in_Quantity.quantity><out_Quantity.quantity>643.999926</out_Quantity.quantity></Point><Point><position>2001</position><in_Quantity.quantity>0.000000</in_Quantity.quantity><out_Quantity.quantity>464.503374</out_Quantity.quantity></Point><Point><position>2002</position><in_Quantity.quantity>0.000000</in_Quantity.quantity><out_Quantity.quantity>138.371178</out_Quantity.quantity></Point><Point><position>2003</position><in_Quantity.quantity>0.000000</in_Quantity.quantity><out_Quantity.quantity>903.435954</out_Quantity.quantity></Point><Point><position>2004</position><in_Quantity.quantity>0.000000</in_Quantity.quantity><out_Quantity.quantity>754.693986</out_Quantity.quantity></Point><Point><position>2005</position><in_Quantity.quantity>0.000000</in_Quantity.quantity><out_Quantity.quantity>700.518852</out_Quantity.quantity></Point><Point><position>2006</position><in_Quantity.quantity>0.000000</in_Quantity.quantity><out_Quantity.quantity>292.610142</out_Quantity.quantity></Point><Point><position>2007</position><in_Quantity.quantity>0.000000</in_Quantity.quantity><out_Quantity.quantity>641.437039</out_Quantity.quantity></Point><Point><position>2008</position><in_Quantity.quantity>0.000000</in_Quantity.quantity><out_Quantity.quantity>985.581614</out_Quantity.quantity></Point><Point><position>2009</position><in_Quantity.quantity>0.000000</in_Quantity.quantity><out_Quantity.quantity>544.190593</out_Quantity.quantity></Point><Point><position>2010</position><in_Quantity.quantity>0.000000</in_Quantity.quantity><out_Quantity.quantity>661.700770</out_Quantity.quantity></Point><Point><position>2011</position><in_Quantity.quantity>0.000000</in_Quantity.quantity><out_Quantity.quantity>658.131836</out_Quantity.quantity></Point><Point><position>2012</position><in_Quantity.quantity>0.000000</in_Quantity.quantity><out_Quantity.quantity>323.733287</out_Quantity.quantity></Point><Point><position>2013</position><in_Quantity.quantity>0.000000</in_Quantity.quantity><out_Quantity.quantity>353.534105</out_Quantity.quantity></Point><Point><position>2014</position><in_Quantity.quantity>0.000000</in_Quantity.quantity><out_Quantity.quantity>243.777150</out_Quantity.quantity></Point><Point><position>2015</position><in_Quantity.quantity>0.000000</in_Quantity.quantity><out_Quantity.quantity>878.725075</out_Quantity.quantity></Point><Point><position>2016</position><in_Quantity.quantity>0.000000</in_Quantity.quantity><out_Quantity.quantity>143.233575</out_Quantity.quantity></Point><Point><position>2017</position><in_Quantity.quantity>0.000000</in_Quantity.quantity><out_Quantity.quantity>430.122089</out_Quantity.quantity></Point><Point><position>2018</position><in_Quantity.quantity>0.000000</in_Quantity.quantity><out_Quantity.quantity>45.731084</out_Quantity.quantity></Point><Point><position>2019</position><in_Quantity.quantity>0.000000</in_Quantity.quantity><out_Quantity.quantity>259.037944</out_Quantity.quantity></Point><Point><position>2020</position><in_Quantity.quantity>0.000000</in_Quantity.quantity><out_Quantity.quantity>268.079573</out_Quantity.quantity></Point><Point><position>2021</position><in_Quantity.quantity>0.000000</in_Quantity.quantity><out_Quantity.quantity>302.690191</out_Quantity.quantity></Point><Point><position>2022</position><in_Quantity.quantity>0.000000</in_Quantity.quantity><out_Quantity.quantity>888.175358</out_Quantity.quantity></Point><Point><position>2023</position><in_Quantity.quantity>0.000000</in_Quantity.quantity><out_Quantity.quantity>732.420166</out_Quantity.quantity></Point><Point><position>2024</position><in_Quantity.quantity>0.000000</in_Quantity.quantity><out_Quantity.quantity>121.034545</out_Quantity.quantity></Point><Point><position>2025</position><in_Quantity.quantity>0.000000</in_Quantity.quantity><out_Quantity.quantity>176.944408</out_Quantity.quantity></Point><Point><position>2026</position><in_Quantity.quantity>0.000000</in_Quantity.quantity><out_Quantity.quantity>730.572650</out_Quantity.quantity></Point><Point><position>2027</position><in_Quantity.quantity>0.000000</in_Quantity.quantity><out_Quantity.quantity>486.443562</out_Quantity.quantity></Point><Point><position>2028</position><in_Quantity.quantity>0.000000</in_Quantity.quantity><out_Quantity.quantity>338.449874</out_Quantity.quantity></Point><Point><position>2029</position><in_Quantity.quantity>0.000000</in_Quantity.quantity><out_Quantity.quantity>309.717857</out_Quantity.quantity></Point><Point><position>2030</position><in_Quantity.quantity>0.000000</in_Quantity.quantity><out_Quantity.quantity>693.273135</out_Quantity.quantity></Point><Point><position>2031</position><in_Quantity.quantity>0.000000</in_Quantity.quantity><out_Quantity.quantity>24.608491</out_Quantity.quantity></Point><Point><position>2032</position><in_Quantity.quantity>0.000000</in_Quantity.quantity><out_Quantity.quantity>482.144349</out_Quantity.quantity></Point><Point><position>2033</position><in_Quantity.quantity>0.000000</in_Quantity.quantity><out_Quantity.quantity>637.548377</out_Quantity.quantity></Point><Point><position>2034</position><in_Quantity.quantity>0.000000</in_Quantity.quantity><out_Quantity.quantity>837.476680</out_Quantity.quantity></Point><Point><position>2035</position><in_Quantity.quantity>0.000000</in_Quantity.quantity><out_Quantity.quantity>376.681108</out_Quantity.quantity></Point><Point><position>2036</position><in_Quantity.quantity>0.000000</in_Quantity.quantity><out_Quantity.quantity>687.625039</out_Quantity.quantity></Point><Point><position>2037</position><in_Quantity.quantity>0.000000</in_Quantity.quantity><out_Quantity.quantity>196.728739</out_Quantity.quantity></Point><Point><position>2038</position><in_Quantity.quantity>0.000000</in_Quantity.quantity><out_Quantity.quantity>136.384742</out_Quantity.quantity></Point><Point><position>2039</position><in_Quantity.quantity>0.000000</in_Quantity.quantity><out_Quantity.quantity>150.232871</out_Quantity.quantity></Point><Point><position>2040</position><in_Quantity.quantity>0.000000</in_Quantity.quantity><out_Quantity.quantity>50.691710</out_Quantity.quantity></Point><Point><position>2041</position><in_Quantity.quantity>0.000000</in_Quantity.quantity><out_Quantity.quantity>997.019450</out_Quantity.quantity></Point><Point><position>2042</position><in_Quantity.quantity>0.000000</in_Quantity.quantity><out_Quantity.quantity>582.721731</out_Quantity.quantity></Point><Point><position>2043</position><in_Quantity.quantity>0.000000</in_Quantity.quantity><out_Quantity.quantity>494.059377</out_Quantity.quantity></Point><Point><position>2044</position><in_Quantity.quantity>0.000000</in_Quantity.quantity><out_Quantity.quantity>422.335400</out_Quantity.quantity></Point><Point><position>2045</position><in_Quantity.quantity>0.000000</in_Quantity.quantity><out_Quantity.quantity>600.181714</out_Quantity.quantity></Point><Point><position>2046</position><in_Quantity.quantity>0.000000</in_Quantity.quantity><out_Quantity.quantity>18.661337</out_Quantity.quantity></Point><Point><position>2047</position><in_Quantity.quantity>0.000000</in_Quantity.quantity><out_Quantity.quantity>776.138769</out_Quantity.quantity></Point><Point><position>2048</position><in_Quantity.quantity>0.000000</in_Quantity.quantity><out_Quantity.quantity>431.204232</out_Quantity.quantity></Point><Point><position>2049</position><in_Quantity.quantity>0.000000</in_Quantity.quantity><out_Quantity.quantity>124.669166</out_Quantity.quantity></Point><Point><position>2050</position><in_Quantity.quantity>0.000000</in_Quantity.quantity><out_Quantity.quantity>703.256806</out_Quantity.quantity></Point><Point><position>2051</position><in_Quantity.quantity>0.000000</in_Quantity.quantity><out_Quantity.quantity>314.559972</out_Quantity.quantity></Point><Point><position>2052</position><in_Quantity.quantity>0.000000</in_Quantity.quantity><out_Quantity.quantity>757.590142</out_Quantity.quantity></Point><Point><position>2053</position><in_Quantity.quantity>0.000000</in_Quantity.quantity><out_Quantity.quantity>351.714749</out_Quantity.quantity></Point><Point><position>2054</position><in_Quantity.quantity>0.000000</in_Quantity.quantity><out_Quantity.quantity>298.733134</out_Quantity.quantity></Point><Point><position>2055</position><in_Quantity.quantity>0.000000</in_Quantity.quantity><out_Quantity.quantity>715.445833</out_Quantity.quantity></Point><Point><position>2056</position><in_Quantity.quantity>0.000000</in_Quantity.quantity><out_Quantity.quantity>108.080704</out_Quantity.quantity></Point><Point><position>2057</position><in_Quantity.quantity>0.000000</in_Quantity.quantity><out_Quantity.quantity>245.524356</out_Quantity.quantity></Point><Point><position>2058</position><in_Quantity.quantity>0.000000</in_Quantity.quantity><out_Quantity.quantity>392.816006</out_Quantity.quantity></Point><Point><position>2059</position><in_Quantity.quantity>0.000000</in_Quantity.quantity><out_Quantity.quantity>128.384376</out_Quantity.quantity></Point><Point><position>2060</position><in_Quantity.quantity>0.000000</in_Quantity.quantity><out_Quantity.quantity>734.740589</out_Quantity.quantity></Point><Point><position>2061</position><in_Quantity.quantity>0.000000</in_Quantity.quantity><out_Quantity.quantity>459.998330</out_Quantity.quantity></Point><Point><position>2062</position><in_Quantity.quantity>0.000000</in_Quantity.quantity><out_Quantity.quantity>638.485835</out_Quantity.quantity></Point><Point><position>2063</position><in_Quantity.quantity>0.000000</in_Quantity.quantity><out_Quantity.quantity>412.390356</out_Quantity.quantity></Point><Point><position>2064</position><in_Quantity.quantity>0.000000</in_Quantity.quantity><out_Quantity.quantity>578.915786</out_Quantity.quantity></Point><Point><position>2065</position><in_Quantity.quantity>0.000000</in_Quantity.quantity><out_Quantity.quantity>718.585320</out_Quantity.quantity></Point><Point><position>2066</position><in_Quantity.quantity>0.000000</in_Quantity.quantity><out_Quantity.quantity>362.026536</out_Quantity.quantity></Point><Point><position>2067</position><in_Quantity.quantity>0.000000</in_Quantity.quantity><out_Quantity.quantity>874.669757</out_Quantity.quantity></Point><Point><position>2068</position><in_Quantity.quantity>0.000000</in_Quantity.quantity><out_Quantity.quantity>446.123856</out_Quantity.quantity></Point><Point><position>2069</position><in_Quantity.quantity>0.000000</in_Quantity.quantity><out_Quantity.quantity>379.442107</out_Quantity.quantity></Point><Point><position>2070</position><in_Quantity.quantity>0.000000</in_Quantity.quantity><out_Quantity.quantity>133.660624</out_Quantity.quantity></Point><Point><position>2071</position><in_Quantity.quantity>0.000000</in_Quantity.quantity><out_Quantity.quantity>338.923659</out_Quantity.quantity></Point><Point><position>2072</position><in_Quantity.quantity>0.000000</in_Quantity.quantity><out_Quantity.quantity>320.939370</out_Quantity.quantity></Point><Point><position>2073</position><in_Quantity.quantity>0.000000</in_Quantity.quantity><out_Quantity.quantity>962.724804</out_Quantity.quantity></Point><Point><position>2074</position><in_Quantity.quantity>0.000000</in_Quantity.quantity><out_Quantity.quantity>261.269981</out_Quantity.quantity></Point><Point><position>2075</position><in_Quantity.quantity>0.000000</in_Quantity.quantity><out_Quantity.quantity>561.951082</out_Quantity.quantity></Point><Point><position>2076</position><in_Quantity.quantity>0.000000</in_Quantity.quantity><out_Quantity.quantity>997.282704</out_Quantity.quantity></Point><Point><position>2077</position><in_Quantity.quantity>0.000000</in_Quantity.quantity><out_Quantity.quantity>834.422385</out_Quantity.quantity></Point><Point><position>2078</position><in_Quantity.quantity>0.000000</in_Quantity.quantity><out_Quantity.quantity>725.551878</out_Quantity.quantity></Point><Point><position>2079</position><in_Quantity.quantity>0.000000</in_Quantity.quantity><out_Quantity.quantity>65.515548</out_Quantity.quantity></Point><Point><position>2080</position><in_Quantity.quantity>0.000000</in_Quantity.quantity><out_Quantity.quantity>408.591881</out_Quantity.quantity></Point><Point><position>2081</position><in_Quantity.quantity>0.000000</in_Quantity.quantity><out_Quantity.quantity>353.403546</out_Quantity.quantity></Point><Point><position>2082</position><in_Quantity.quantity>0.000000</in_Quantity.quantity><out_Quantity.quantity>343.185784</out_Quantity.quantity></Point><Point><position>2083</position><in_Quantity.quantity>0.000000</in_Quantity.quantity><out_Quantity.quantity>424.462587</out_Quantity.quantity></Point><Point><position>2084</position><in_Quantity.quantity>0.000000</in_Quantity.quantity><out_Quantity.quantity>943.031831</out_Quantity.quantity></Point><Point><position>2085</position><in_Quantity.quantity>0.000000</in_Quantity.quantity><out_Quantity.quantity>318.984276</out_Quantity.quantity></Point><Point><position>2086</position><in_Quantity.quantity>0.000000</in_Quantity.quantity><out_Quantity.quantity>829.018794</out_Quantity.quantity></Point><Point><position>2087</position><in_Quantity.quantity>0.000000</in_Quantity.quantity><out_Quantity.quantity>578.524053</out_Quantity.quantity></Point><Point><position>2088</position><in_Quantity.quantity>0.000000</in_Quantity.quantity><out_Quantity.quantity>120.139050</out_Quantity.quantity></Point><Point><position>2089</position><in_Quantity.quantity>0.000000</in_Quantity.quantity><out_Quantity.quantity>826.484883</out_Quantity.quantity></Point><Point><position>2090</position><in_Quantity.quantity>0.000000</in_Quantity.quantity><out_Quantity.quantity>422.169846</out_Quantity.quantity></Point><Point><position>2091</position><in_Quantity.quantity>0.000000</in_Quantity.quantity><out_Quantity.quantity>482.467999</out_Quantity.quantity></Point><Point><position>2092</position><in_Quantity.quantity>0.000000</in_Quantity.quantity><out_Quantity.quantity>788.005650</out_Quantity.quantity></Point><Point><position>2093</position><in_Quantity.quantity>0.000000</in_Quantity.quantity><out_Quantity.quantity>920.532506</out_Quantity.quantity></Point><Point><position>2094</position><in_Quantity.quantity>0.000000</in_Quantity.quantity><out_Quantity.quantity>779.772187</out_Quantity.quantity></Point><Point><position>2095</position><in_Quantity.quantity>0.000000</in_Quantity.quantity><out_Quantity.quantity>688.328766</out_Quantity.quantity></Point><Point><position>2096</position><in_Quantity.quantity>0.000000</in_Quantity.quantity><out_Quantity.quantity>376.852422</out_Quantity.quantity></Point><Point><position>2097</position><in_Quantity.quantity>0.000000</in_Quantity.quantity><out_Quantity.quantity>213.540255</out_Quantity.quantity></Point><Point><position>2098</position><in_Quantity.quantity>0.000000</in_Quantity.quantity><out_Quantity.quantity>706.193133</out_Quantity.quantity></Point><Point><position>2099</position><in_Quantity.quantity>0.000000</in_Quantity.quantity><out_Quantity.quantity>839.964605</out_Quantity.quantity></Point><Point><position>2100</position><in_Quantity.quantity>0.000000</in_Quantity.quantity><out_Quantity.quantity>163.833368</out_Quantity.quantity></Point><Point><position>2101</position><in_Quantity.quantity>0.000000</in_Quantity.quantity><out_Quantity.quantity>181.850325</out_Quantity.quantity></Point><Point><position>2102</position><in_Quantity.quantity>0.000000</in_Quantity.quantity><out_Quantity.quantity>684.992893</out_Quantity.quantity></Point><Point><position>2103</position><in_Quantity.quantity>0.000000</in_Quantity.quantity><out_Quantity.quantity>655.047824</out_Quantity.quantity></Point><Point><position>2104</position><in_Quantity.quantity>0.000000</in_Quantity.quantity><out_Quantity.quantity>324.630705</out_Quantity.quantity></Point><Point><position>2105</position><in_Quantity.quantity>0.000000</in_Quantity.quantity><out_Quantity.quantity>406.105114</out_Quantity.quantity></Point><Point><position>2106</position><in_Quantity.quantity>0.000000</in_Quantity.quantity><out_Quantity.quantity>549.475524</out_Quantity.quantity></Point><Point><position>2107</position><in_Quantity.quantity>0.000000</in_Quantity.quantity><out_Quantity.quantity>123.936343</out_Quantity.quantity></Point><Point><position>2108</position><in_Quantity.quantity>0.000000</in_Quantity.quantity><out_Quantity.quantity>401.307942</out_Quantity.quantity></Point><Point><position>2109</position><in_Quantity.quantity>0.000000</in_Quantity.quantity><out_Quantity.quantity>283.930060</out_Quantity.quantity></Point><Point><position>2110</position><in_Quantity.quantity>0.000000</in_Quantity.quantity><out_Quantity.quantity>542.700283</out_Quantity.quantity></Point><Point><position>2111</position><in_Quantity.quantity>0.000000</in_Quantity.quantity><out_Quantity.quantity>374.989027</out_Quantity.quantity></Point><Point><position>2112</position><in_Quantity.quantity>0.000000</in_Quantity.quantity><out_Quantity.quantity>657.053689</out_Quantity.quantity></Point><Point><position>2113</position><in_Quantity.quantity>0.000000</in_Quantity.quantity><out_Quantity.quantity>554.670889</out_Quantity.quantity></Point><Point><position>2114</position><in_Quantity.quantity>0.000000</in_Quantity.quantity><out_Quantity.quantity>703.244623</out_Quantity.quantity></Point><Point><position>2115</position><in_Quantity.quantity>0.000000</in_Quantity.quantity><out_Quantity.quantity>173.024871</out_Quantity.quantity></Point><Point><position>2116</position><in_Quantity.quantity>0.000000</in_Quantity.quantity><out_Quantity.quantity>332.421017</out_Quantity.quantity></Point><Point><position>2117</position><in_Quantity.quantity>0.000000</in_Quantity.quantity><out_Quantity.quantity>262.049112</out_Quantity.quantity></Point><Point><position>2118</position><in_Quantity.quantity>0.000000</in_Quantity.quantity><out_Quantity.quantity>984.452965</out_Quantity.quantity></Point><Point><position>2119</position><in_Quantity.quantity>0.000000</in_Quantity.quantity><out_Quantity.quantity>298.802853</out_Quantity.quantity></Point><Point><position>2120</position><in_Quantity.quantity>0.000000</in_Quantity.quantity><out_Quantity.quantity>193.230180</out_Quantity.quantity></Point><Point><position>2121</position><in_Quantity.quantity>0.000000</in_Quantity.quantity><out_Quantity.quantity>769.068803</out_Quantity.quantity></Point><Point><position>2122</position><in_Quantity.quantity>0.000000</in_Quantity.quantity><out_Quantity.quantity>90.213314</out_Quantity.quantity></Point><Point><position>2123</position><in_Quantity.quantity>0.000000</in_Quantity.quantity><out_Quantity.quantity>310.772710</out_Quantity.quantity></Point><Point><position>2124</position><in_Quantity.quantity>0.000000</in_Quantity.quantity><out_Quantity.quantity>539.516807</out_Quantity.quantity></Point><Point><position>2125</position><in_Quantity.quantity>0.000000</in_Quantity.quantity><out_Quantity.quantity>634.211377</out_Quantity.quantity></Point><Point><position>2126</position><in_Quantity.quantity>0.000000</in_Quantity.quantity><out_Quantity.quantity>424.440828</out_Quantity.quantity></Point><Point><position>2127</position><in_Quantity.quantity>0.000000</in_Quantity.quantity><out_Quantity.quantity>562.173990</out_Quantity.quantity></Point><Point><position>2128</position><in_Quantity.quantity>0.000000</in_Quantity.quantity><out_Quantity.quantity>947.165902</out_Quantity.quantity></Point><Point><position>2129</position><in_Quantity.quantity>0.000000</in_Quantity.quantity><out_Quantity.quantity>457.817201</out_Quantity.quantity></Point><Point><position>2130</position><in_Quantity.quantity>0.000000</in_Quantity.quantity><out_Quantity.quantity>344.243684</out_Quantity.quantity></Point><Point><position>2131</position><in_Quantity.quantity>0.000000</in_Quantity.quantity><out_Quantity.quantity>872.963933</out_Quantity.quantity></Point><Point><position>2132</position><in_Quantity.quantity>0.000000</in_Quantity.quantity><out_Quantity.quantity>350.926982</out_Quantity.quantity></Point><Point><position>2133</position><in_Quantity.quantity>0.000000</in_Quantity.quantity><out_Quantity.quantity>804.103626</out_Quantity.quantity></Point><Point><position>2134</position><in_Quantity.quantity>0.000000</in_Quantity.quantity><out_Quantity.quantity>658.987725</out_Quantity.quantity></Point><Point><position>2135</position><in_Quantity.quantity>0.000000</in_Quantity.quantity><out_Quantity.quantity>282.868630</out_Quantity.quantity></Point><Point><position>2136</position><in_Quantity.quantity>0.000000</in_Quantity.quantity><out_Quantity.quantity>723.814872</out_Quantity.quantity></Point><Point><position>2137</position><in_Quantity.quantity>0.000000</in_Quantity.quantity><out_Quantity.quantity>54.833514</out_Quantity.quantity></Point><Point><position>2138</position><in_Quantity.quantity>0.000000</in_Quantity.quantity><out_Quantity.quantity>58.012154</out_Quantity.quantity></Point><Point><position>2139</position><in_Quantity.quantity>0.000000</in_Quantity.quantity><out_Quantity.quantity>814.256516</out_Quantity.quantity></Point><Point><position>2140</position><in_Quantity.quantity>0.000000</in_Quantity.quantity><out_Quantity.quantity>477.071915</out_Quantity.quantity></Point><Point><position>2141</position><in_Quantity.quantity>0.000000</in_Quantity.quantity><out_Quantity.quantity>754.823425</out_Quantity.quantity></Point><Point><position>2142</position><in_Quantity.quantity>0.000000</in_Quantity.quantity><out_Quantity.quantity>806.476688</out_Quantity.quantity></Point><Point><position>2143</position><in_Quantity.quantity>0.000000</in_Quantity.quantity><out_Quantity.quantity>752.991163</out_Quantity.quantity></Point><Point><position>2144</position><in_Quantity.quantity>0.000000</in_Quantity.quantity><out_Quantity.quantity>381.541302</out_Quantity.quantity></Point><Point><position>2145</position><in_Quantity.quantity>0.000000</in_Quantity.quantity><out_Quantity.quantity>916.721084</out_Quantity.quantity></Point><Point><position>2146</position><in_Quantity.quantity>0.000000</in_Quantity.quantity><out_Quantity.quantity>508.582254</out_Quantity.quantity></Point><Point><position>2147</position><in_Quantity.quantity>0.000000</in_Quantity.quantity><out_Quantity.quantity>951.275672</out_Quantity.quantity></Point><Point><position>2148</position><in_Quantity.quantity>0.000000</in_Quantity.quantity><out_Quantity.quantity>898.603309</out_Quantity.quantity></Point><Point><position>2149</position><in_Quantity.quantity>0.000000</in_Quantity.quantity><out_Quantity.quantity>184.111978</out_Quantity.quantity></Point><Point><position>2150</position><in_Quantity.quantity>0.000000</in_Quantity.quantity><out_Quantity.quantity>96.690706</out_Quantity.quantity></Point><Point><position>2151</position><in_Quantity.quantity>0.000000</in_Quantity.quantity><out_Quantity.quantity>292.287297</out_Quantity.quantity></Point><Point><position>2152</position><in_Quantity.quantity>0.000000</in_Quantity.quantity><out_Quantity.quantity>834.491796</out_Quantity.quantity></Point><Point><position>2153</position><in_Quantity.quantity>0.000000</in_Quantity.quantity><out_Quantity.quantity>488.766922</out_Quantity.quantity></Point><Point><position>2154</position><in_Quantity.quantity>0.000000</in_Quantity.quantity><out_Quantity.quantity>560.407517</out_Quantity.quantity></Point><Point><position>2155</position><in_Quantity.quantity>0.000000</in_Quantity.quantity><out_Quantity.quantity>467.080278</out_Quantity.quantity></Point><Point><position>2156</position><in_Quantity.quantity>0.000000</in_Quantity.quantity><out_Quantity.quantity>435.490632</out_Quantity.quantity></Point><Point><position>2157</position><in_Quantity.quantity>0.000000</in_Quantity.quantity><out_Quantity.quantity>24.187891</out_Quantity.quantity></Point><Point><position>2158</position><in_Quantity.quantity>0.000000</in_Quantity.quantity><out_Quantity.quantity>769.192250</out_Quantity.quantity></Point><Point><position>2159</position><in_Quantity.quantity>0.000000</in_Quantity.quantity><out_Quantity.quantity>558.548151</out_Quantity.quantity></Point><Point><position>2160</position><in_Quantity.quantity>0.000000</in_Quantity.quantity><out_Quantity.quantity>107.709888</out_Quantity.quantity></Point><Point><position>2161</position><in_Quantity.quantity>0.000000</in_Quantity.quantity><out_Quantity.quantity>771.428705</out_Quantity.quantity></Point><Point><position>2162</position><in_Quantity.quantity>0.000000</in_Quantity.quantity><out_Quantity.quantity>131.997108</out_Quantity.quantity></Point><Point><position>2163</position><in_Quantity.quantity>0.000000</in_Quantity.quantity><out_Quantity.quantity>968.275800</out_Quantity.quantity></Point><Point><position>2164</position><in_Quantity.quantity>0.000000</in_Quantity.quantity><out_Quantity.quantity>318.164530</out_Quantity.quantity></Point><Point><position>2165</position><in_Quantity.quantity>0.000000</in_Quantity.quantity><out_Quantity.quantity>342.035938</out_Quantity.quantity></Point><Point><position>2166</position><in_Quantity.quantity>0.000000</in_Quantity.quantity><out_Quantity.quantity>579.937722</out_Quantity.quantity></Point><Point><position>2167</position><in_Quantity.quantity>0.000000</in_Quantity.quantity><out_Quantity.quantity>310.597070</out_Quantity.quantity></Point><Point><position>2168</position><in_Quantity.quantity>0.000000</in_Quantity.quantity><out_Quantity.quantity>380.107126</out_Quantity.quantity></Point><Point><position>2169</position><in_Quantity.quantity>0.000000</in_Quantity.quantity><out_Quantity.quantity>352.696723</out_Quantity.quantity></Point><Point><position>2170</position><in_Quantity.quantity>0.000000</in_Quantity.quantity><out_Quantity.quantity>107.044885</out_Quantity.quantity></Point><Point><position>2171</position><in_Quantity.quantity>0.000000</in_Quantity.quantity><out_Quantity.quantity>636.657856</out_Quantity.quantity></Point><Point><position>2172</position><in_Quantity.quantity>0.000000</in_Quantity.quantity><out_Quantity.quantity>554.951757</out_Quantity.quantity></Point><Point><position>2173</position><in_Quantity.quantity>0.000000</in_Quantity.quantity><out_Quantity.quantity>718.922519</out_Quantity.quantity></Point><Point><position>2174</position><in_Quantity.quantity>0.000000</in_Quantity.quantity><out_Quantity.quantity>32.234788</out_Quantity.quantity></Point><Point><position>2175</position><in_Quantity.quantity>0.000000</in_Quantity.quantity><out_Quantity.quantity>640.766073</out_Quantity.quantity></Point><Point><position>2176</position><in_Quantity.quantity>0.000000</in_Quantity.quantity><out_Quantity.quantity>741.392722</out_Quantity.quantity></Point><Point><position>2177</position><in_Quantity.quantity>0.000000</in_Quantity.quantity><out_Quantity.quantity>397.798817</out_Quantity.quantity></Point><Point><position>2178</position><in_Quantity.quantity>0.000000</in_Quantity.quantity><out_Quantity.quantity>111.480169</out_Quantity.quantity></Point><Point><position>2179</position><in_Quantity.quantity>0.000000</in_Quantity.quantity><out_Quantity.quantity>976.821186</out_Quantity.quantity></Point><Point><position>2180</position><in_Quantity.quantity>0.000000</in_Quantity.quantity><out_Quantity.quantity>163.204406</out_Quantity.quantity></Point><Point><position>2181</position><in_Quantity.quantity>0.000000</in_Quantity.quantity><out_Quantity.quantity>998.134134</out_Quantity.quantity></Point><Point><position>2182</position><in_Quantity.quantity>0.000000</in_Quantity.quantity><out_Quantity.quantity>812.424150</out_Quantity.quantity></Point><Point><position>2183</position><in_Quantity.quantity>0.000000</in_Quantity.quantity><out_Quantity.quantity>572.486958</out_Quantity.quantity></Point><Point><position>2184</position><in_Quantity.quantity>0.000000</in_Quantity.quantity><out_Quantity.quantity>692.385052</out_Quantity.quantity></Point><Point><position>2185</position><in_Quantity.quantity>0.000000</in_Quantity.quantity><out_Quantity.quantity>746.742165</out_Quantity.quantity></Point><Point><position>2186</position><in_Quantity.quantity>0.000000</in_Quantity.quantity><out_Quantity.quantity>367.101216</out_Quantity.quantity></Point><Point><position>2187</position><in_Quantity.quantity>0.000000</in_Quantity.quantity><out_Quantity.quantity>441.582063</out_Quantity.quantity></Point><Point><position>2188</position><in_Quantity.quantity>0.000000</in_Quantity.quantity><out_Quantity.quantity>139.635624</out_Quantity.quantity></Point><Point><position>2189</position><in_Quantity.quantity>0.000000</in_Quantity.quantity><out_Quantity.quantity>167.899751</out_Quantity.quantity></Point><Point><position>2190</position><in_Quantity.quantity>0.000000</in_Quantity.quantity><out_Quantity.quantity>400.983770</out_Quantity.quantity></Point><Point><position>2191</position><in_Quantity.quantity>0.000000</in_Quantity.quantity><out_Quantity.quantity>945.487653</out_Quantity.quantity></Point><Point><position>2192</position><in_Quantity.quantity>0.000000</in_Quantity.quantity><out_Quantity.quantity>66.232468</out_Quantity.quantity></Point><Point><position>2193</position><in_Quantity.quantity>0.000000</in_Quantity.quantity><out_Quantity.quantity>676.231493</out_Quantity.quantity></Point><Point><position>2194</position><in_Quantity.quantity>0.000000</in_Quantity.quantity><out_Quantity.quantity>570.606302</out_Quantity.quantity></Point><Point><position>2195</position><in_Quantity.quantity>0.000000</in_Quantity.quantity><out_Quantity.quantity>525.303208</out_Quantity.quantity></Point><Point><position>2196</position><in_Quantity.quantity>0.000000</in_Quantity.quantity><out_Quantity.quantity>811.757626</out_Quantity.quantity></Point><Point><position>2197</position><in_Quantity.quantity>0.000000</in_Quantity.quantity><out_Quantity.quantity>10.001039</out_Quantity.quantity></Point><Point><position>2198</position><in_Quantity.quantity>0.000000</in_Quantity.quantity><out_Quantity.quantity>871.251631</out_Quantity.quantity></Point><Point><position>2199</position><in_Quantity.quantity>0.000000</in_Quantity.quantity><out_Quantity.quantity>48.604078</out_Quantity.quantity></Point><Point><position>2200</position><in_Quantity.quantity>0.000000</in_Quantity.quantity><out_Quantity.quantity>862.886100</out_Quantity.quantity></Point><Point><position>2201</position><in_Quantity.quantity>0.000000</in_Quantity.quantity><out_Quantity.quantity>109.081992</out_Quantity.quantity></Point><Point><position>2202</position><in_Quantity.quantity>0.000000</in_Quantity.quantity><out_Quantity.quantity>696.545088</out_Quantity.quantity></Point><Point><position>2203</position><in_Quantity.quantity>0.000000</in_Quantity.quantity><out_Quantity.quantity>507.664442</out_Quantity.quantity></Point><Point><position>2204</position><in_Quantity.quantity>0.000000</in_Quantity.quantity><out_Quantity.quantity>54.918052</out_Quantity.quantity></Point><Point><position>2205</position><in_Quantity.quantity>0.000000</in_Quantity.quantity><out_Quantity.quantity>237.162571</out_Quantity.quantity></Point><Point><position>2206</position><in_Quantity.quantity>0.000000</in_Quantity.quantity><out_Quantity.quantity>420.859340</out_Quantity.quantity></Point><Point><position>2207</position><in_Quantity.quantity>0.000000</in_Quantity.quantity><out_Quantity.quantity>30.613788</out_Quantity.quantity></Point><Point><position>2208</position><in_Quantity.quantity>0.000000</in_Quantity.quantity><out_Quantity.quantity>186.130295</out_Quantity.quantity></Point><Point><position>2209</position><in_Quantity.quantity>0.000000</in_Quantity.quantity><out_Quantity.quantity>955.221165</out_Quantity.quantity></Point><Point><position>2210</position><in_Quantity.quantity>0.000000</in_Quantity.quantity><out_Quantity.quantity>313.792654</out_Quantity.quantity></Point><Point><position>2211</position><in_Quantity.quantity>0.000000</in_Quantity.quantity><out_Quantity.quantity>570.001699</out_Quantity.quantity></Point><Point><position>2212</position><in_Quantity.quantity>0.000000</in_Quantity.quantity><out_Quantity.quantity>328.284758</out_Quantity.quantity></Point><Point><position>2213</position><in_Quantity.quantity>0.000000</in_Quantity.quantity><out_Quantity.quantity>760.560955</out_Quantity.quantity></Point><Point><position>2214</position><in_Quantity.quantity>0.000000</in_Quantity.quantity><out_Quantity.quantity>528.406079</out_Quantity.quantity></Point><Point><position>2215</position><in_Quantity.quantity>0.000000</in_Quantity.quantity><out_Quantity.quantity>137.943644</out_Quantity.quantity></Point><Point><position>2216</position><in_Quantity.quantity>0.000000</in_Quantity.quantity><out_Quantity.quantity>515.923981</out_Quantity.quantity></Point><Point><position>2217</position><in_Quantity.quantity>0.000000</in_Quantity.quantity><out_Quantity.quantity>86.749257</out_Quantity.quantity></Point><Point><position>2218</position><in_Quantity.quantity>0.000000</in_Quantity.quantity><out_Quantity.quantity>281.348260</out_Quantity.quantity></Point><Point><position>2219</position><in_Quantity.quantity>0.000000</in_Quantity.quantity><out_Quantity.quantity>187.795169</out_Quantity.quantity></Point><Point><position>2220</position><in_Quantity.quantity>0.000000</in_Quantity.quantity><out_Quantity.quantity>705.221167</out_Quantity.quantity></Point><Point><position>2221</position><in_Quantity.quantity>0.000000</in_Quantity.quantity><out_Quantity.quantity>252.191098</out_Quantity.quantity></Point><Point><position>2222</position><in_Quantity.quantity>0.000000</in_Quantity.quantity><out_Quantity.quantity>104.691793</out_Quantity.quantity></Point><Point><position>2223</position><in_Quantity.quantity>0.000000</in_Quantity.quantity><out_Quantity.quantity>116.813980</out_Quantity.quantity></Point><Point><position>2224</position><in_Quantity.quantity>0.000000</in_Quantity.quantity><out_Quantity.quantity>881.895464</out_Quantity.quantity></Point><Point><position>2225</position><in_Quantity.quantity>0.000000</in_Quantity.quantity><out_Quantity.quantity>525.908412</out_Quantity.quantity></Point><Point><position>2226</position><in_Quantity.quantity>0.000000</in_Quantity.quantity><out_Quantity.quantity>571.854090</out_Quantity.quantity></Point><Point><position>2227</position><in_Quantity.quantity>0.000000</in_Quantity.quantity><out_Quantity.quantity>438.243801</out_Quantity.quantity></Point><Point><position>2228</position><in_Quantity.quantity>0.000000</in_Quantity.quantity><out_Quantity.quantity>835.665821</out_Quantity.quantity></Point><Point><position>2229</position><in_Quantity.quantity>0.000000</in_Quantity.quantity><out_Quantity.quantity>745.432420</out_Quantity.quantity></Point><Point><position>2230</position><in_Quantity.quantity>0.000000</in_Quantity.quantity><out_Quantity.quantity>601.558439</out_Quantity.quantity></Point><Point><position>2231</position><in_Quantity.quantity>0.000000</in_Quantity.quantity><out_Quantity.quantity>801.665863</out_Quantity.quantity></Point><Point><position>2232</position><in_Quantity.quantity>0.000000</in_Quantity.quantity><out_Quantity.quantity>189.381669</out_Quantity.quantity></Point><Point><position>2233</position><in_Quantity.quantity>0.000000</in_Quantity.quantity><out_Quantity.quantity>46.783868</out_Quantity.quantity></Point><Point><position>2234</position><in_Quantity.quantity>0.000000</in_Quantity.quantity><out_Quantity.quantity>729.270628</out_Quantity.quantity></Point><Point><position>2235</position><in_Quantity.quantity>0.000000</in_Quantity.quantity><out_Quantity.quantity>444.366703</out_Quantity.quantity></Point><Point><position>2236</position><in_Quantity.quantity>0.000000</in_Quantity.quantity><out_Quantity.quantity>207.388971</out_Quantity.quantity></Point><Point><position>2237</position><in_Quantity.quantity>0.000000</in_Quantity.quantity><out_Quantity.quantity>668.728395</out_Quantity.quantity></Point><Point><position>2238</position><in_Quantity.quantity>0.000000</in_Quantity.quantity><out_Quantity.quantity>261.305708</out_Quantity.quantity></Point><Point><position>2239</position><in_Quantity.quantity>0.000000</in_Quantity.quantity><out_Quantity.quantity>208.790802</out_Quantity.quantity></Point><Point><position>2240</position><in_Quantity.quantity>0.000000</in_Quantity.quantity><out_Quantity.quantity>288.267493</out_Quantity.quantity></Point><Point><position>2241</position><in_Quantity.quantity>0.000000</in_Quantity.quantity><out_Quantity.quantity>803.300933</out_Quantity.quantity></Point><Point><position>2242</position><in_Quantity.quantity>0.000000</in_Quantity.quantity><out_Quantity.quantity>57.897959</out_Quantity.quantity></Point><Point><position>2243</position><in_Quantity.quantity>0.000000</in_Quantity.quantity><out_Quantity.quantity>41.364753</out_Quantity.quantity></Point><Point><position>2244</position><in_Quantity.quantity>0.000000</in_Quantity.quantity><out_Quantity.quantity>191.423747</out_Quantity.quantity></Point><Point><position>2245</position><in_Quantity.quantity>0.000000</in_Quantity.quantity><out_Quantity.quantity>351.858619</out_Quantity.quantity></Point><Point><position>2246</position><in_Quantity.quantity>0.000000</in_Quantity.quantity><out_Quantity.quantity>740.077969</out_Quantity.quantity></Point><Point><position>2247</position><in_Quantity.quantity>0.000000</in_Quantity.quantity><out_Quantity.quantity>465.468969</out_Quantity.quantity></Point><Point><position>2248</position><in_Quantity.quantity>0.000000</in_Quantity.quantity><out_Quantity.quantity>78.309899</out_Quantity.quantity></Point><Point><position>2249</position><in_Quantity.quantity>0.000000</in_Quantity.quantity><out_Quantity.quantity>162.812012</out_Quantity.quantity></Point><Point><position>2250</position><in_Quantity.quantity>0.000000</in_Quantity.quantity><out_Quantity.quantity>752.508193</out_Quantity.quantity></Point><Point><position>2251</position><in_Quantity.quantity>0.000000</in_Quantity.quantity><out_Quantity.quantity>812.037339</out_Quantity.quantity></Point><Point><position>2252</position><in_Quantity.quantity>0.000000</in_Quantity.quantity><out_Quantity.quantity>884.052484</out_Quantity.quantity></Point><Point><position>2253</position><in_Quantity.quantity>0.000000</in_Quantity.quantity><out_Quantity.quantity>977.732065</out_Quantity.quantity></Point><Point><position>2254</position><in_Quantity.quantity>0.000000</in_Quantity.quantity><out_Quantity.quantity>377.279333</out_Quantity.quantity></Point><Point><position>2255</position><in_Quantity.quantity>0.000000</in_Quantity.quantity><out_Quantity.quantity>931.544060</out_Quantity.quantity></Point><Point><position>2256</position><in_Quantity.quantity>0.000000</in_Quantity.quantity><out_Quantity.quantity>25.087910</out_Quantity.quantity></Point><Point><position>2257</position><in_Quantity.quantity>0.000000</in_Quantity.quantity><out_Quantity.quantity>639.125014</out_Quantity.quantity></Point><Point><position>2258</position><in_Quantity.quantity>0.000000</in_Quantity.quantity><out_Quantity.quantity>916.850688</out_Quantity.quantity></Point><Point><position>2259</position><in_Quantity.quantity>0.000000</in_Quantity.quantity><out_Quantity.quantity>401.674431</out_Quantity.quantity></Point><Point><position>2260</position><in_Quantity.quantity>0.000000</in_Quantity.quantity><out_Quantity.quantity>162.398550</out_Quantity.quantity></Point><Point><position>2261</position><in_Quantity.quantity>0.000000</in_Quantity.quantity><out_Quantity.quantity>779.130807</out_Quantity.quantity></Point><Point><position>2262</position><in_Quantity.quantity>0.000000</in_Quantity.quantity><out_Quantity.quantity>108.119010</out_Quantity.quantity></Point><Point><position>2263</position><in_Quantity.quantity>0.000000</in_Quantity.quantity><out_Quantity.quantity>572.139081</out_Quantity.quantity></Point><Point><position>2264</position><in_Quantity.quantity>0.000000</in_Quantity.quantity><out_Quantity.quantity>504.824331</out_Quantity.quantity></Point><Point><position>2265</position><in_Quantity.quantity>0.000000</in_Quantity.quantity><out_Quantity.quantity>590.321678</out_Quantity.quantity></Point><Point><position>2266</position><in_Quantity.quantity>0.000000</in_Quantity.quantity><out_Quantity.quantity>593.814550</out_Quantity.quantity></Point><Point><position>2267</position><in_Quantity.quantity>0.000000</in_Quantity.quantity><out_Quantity.quantity>511.368007</out_Quantity.quantity></Point><Point><position>2268</position><in_Quantity.quantity>0.000000</in_Quantity.quantity><out_Quantity.quantity>23.526671</out_Quantity.quantity></Point><Point><position>2269</position><in_Quantity.quantity>0.000000</in_Quantity.quantity><out_Quantity.quantity>45.023324</out_Quantity.quantity></Point><Point><position>2270</position><in_Quantity.quantity>0.000000</in_Quantity.quantity><out_Quantity.quantity>285.085785</out_Quantity.quantity></Point><Point><position>2271</position><in_Quantity.quantity>0.000000</in_Quantity.quantity><out_Quantity.quantity>204.321421</out_Quantity.quantity></Point><Point><position>2272</position><in_Quantity.quantity>0.000000</in_Quantity.quantity><out_Quantity.quantity>86.036715</out_Quantity.quantity></Point><Point><position>2273</position><in_Quantity.quantity>0.000000</in_Quantity.quantity><out_Quantity.quantity>793.183359</out_Quantity.quantity></Point><Point><position>2274</position><in_Quantity.quantity>0.000000</in_Quantity.quantity><out_Quantity.quantity>585.014624</out_Quantity.quantity></Point><Point><position>2275</position><in_Quantity.quantity>0.000000</in_Quantity.quantity><out_Quantity.quantity>715.692879</out_Quantity.quantity></Point><Point><position>2276</position><in_Quantity.quantity>0.000000</in_Quantity.quantity><out_Quantity.quantity>949.247243</out_Quantity.quantity></Point><Point><position>2277</position><in_Quantity.quantity>0.000000</in_Quantity.quantity><out_Quantity.quantity>567.504890</out_Quantity.quantity></Point><Point><position>2278</position><in_Quantity.quantity>0.000000</in_Quantity.quantity><out_Quantity.quantity>78.056672</out_Quantity.quantity></Point><Point><position>2279</position><in_Quantity.quantity>0.000000</in_Quantity.quantity><out_Quantity.quantity>198.704332</out_Quantity.quantity></Point><Point><position>2280</position><in_Quantity.quantity>0.000000</in_Quantity.quantity><out_Quantity.quantity>191.480920</out_Quantity.quantity></Point><Point><position>2281</position><in_Quantity.quantity>0.000000</in_Quantity.quantity><out_Quantity.quantity>347.753691</out_Quantity.quantity></Point><Point><position>2282</position><in_Quantity.quantity>0.000000</in_Quantity.quantity><out_Quantity.quantity>505.813862</out_Quantity.quantity></Point><Point><position>2283</position><in_Quantity.quantity>0.000000</in_Quantity.quantity><out_Quantity.quantity>399.265495</out_Quantity.quantity></Point><Point><position>2284</position><in_Quantity.quantity>0.000000</in_Quantity.quantity><out_Quantity.quantity>794.411320</out_Quantity.quantity></Point><Point><position>2285</position><in_Quantity.quantity>0.000000</in_Quantity.quantity><out_Quantity.quantity>38.367405</out_Quantity.quantity></Point><Point><position>2286</position><in_Quantity.quantity>0.000000</in_Quantity.quantity><out_Quantity.quantity>949.027296</out_Quantity.quantity></Point><Point><position>2287</position><in_Quantity.quantity>0.000000</in_Quantity.quantity><out_Quantity.quantity>278.163559</out_Quantity.quantity></Point><Point><position>2288</position><in_Quantity.quantity>0.000000</in_Quantity.quantity><out_Quantity.quantity>428.238490</out_Quantity.quantity></Point><Point><position>2289</position><in_Quantity.quantity>0.000000</in_Quantity.quantity><out_Quantity.quantity>550.407338</out_Quantity.quantity></Point><Point><position>2290</position><in_Quantity.quantity>0.000000</in_Quantity.quantity><out_Quantity.quantity>115.643386</out_Quantity.quantity></Point><Point><position>2291</position><in_Quantity.quantity>0.000000</in_Quantity.quantity><out_Quantity.quantity>510.876902</out_Quantity.quantity></Point><Point><position>2292</position><in_Quantity.quantity>0.000000</in_Quantity.quantity><out_Quantity.quantity>411.892867</out_Quantity.quantity></Point><Point><position>2293</position><in_Quantity.quantity>0.000000</in_Quantity.quantity><out_Quantity.quantity>412.745495</out_Quantity.quantity></Point><Point><position>2294</position><in_Quantity.quantity>0.000000</in_Quantity.quantity><out_Quantity.quantity>663.486563</out_Quantity.quantity></Point><Point><position>2295</position><in_Quantity.quantity>0.000000</in_Quantity.quantity><out_Quantity.quantity>106.985224</out_Quantity.quantity></Point><Point><position>2296</position><in_Quantity.quantity>0.000000</in_Quantity.quantity><out_Quantity.quantity>76.212489</out_Quantity.quantity></Point><Point><position>2297</position><in_Quantity.quantity>0.000000</in_Quantity.quantity><out_Quantity.quantity>641.237704</out_Quantity.quantity></Point><Point><position>2298</position><in_Quantity.quantity>0.000000</in_Quantity.quantity><out_Quantity.quantity>535.802403</out_Quantity.quantity></Point><Point><position>2299</position><in_Quantity.quantity>0.000000</in_Quantity.quantity><out_Quantity.quantity>55.500692</out_Quantity.quantity></Point><Point><position>2300</position><in_Quantity.quantity>0.000000</in_Quantity.quantity><out_Quantity.quantity>84.401947</out_Quantity.quantity></Point><Point><position>2301</position><in_Quantity.quantity>0.000000</in_Quantity.quantity><out_Quantity.quantity>602.496455</out_Quantity.quantity></Point><Point><position>2302</position><in_Quantity.quantity>0.000000</in_Quantity.quantity><out_Quantity.quantity>430.139325</out_Quantity.quantity></Point><Point><position>2303</position><in_Quantity.quantity>0.000000</in_Quantity.quantity><out_Quantity.quantity>984.293686</out_Quantity.quantity></Point><Point><position>2304</position><in_Quantity.quantity>0.000000</in_Quantity.quantity><out_Quantity.quantity>64.960871</out_Quantity.quantity></Point><Point><position>2305</position><in_Quantity.quantity>0.000000</in_Quantity.quantity><out_Quantity.quantity>806.218074</out_Quantity.quantity></Point><Point><position>2306</position><in_Quantity.quantity>0.000000</in_Quantity.quantity><out_Quantity.quantity>354.911856</out_Quantity.quantity></Point><Point><position>2307</position><in_Quantity.quantity>0.000000</in_Quantity.quantity><out_Quantity.quantity>501.075877</out_Quantity.quantity></Point><Point><position>2308</position><in_Quantity.quantity>0.000000</in_Quantity.quantity><out_Quantity.quantity>753.586688</out_Quantity.quantity></Point><Point><position>2309</position><in_Quantity.quantity>0.000000</in_Quantity.quantity><out_Quantity.quantity>84.066343</out_Quantity.quantity></Point><Point><position>2310</position><in_Quantity.quantity>0.000000</in_Quantity.quantity><out_Quantity.quantity>676.362672</out_Quantity.quantity></Point><Point><position>2311</position><in_Quantity.quantity>0.000000</in_Quantity.quantity><out_Quantity.quantity>723.404323</out_Quantity.quantity></Point><Point><position>2312</position><in_Quantity.quantity>0.000000</in_Quantity.quantity><out_Quantity.quantity>299.897908</out_Quantity.quantity></Point><Point><position>2313</position><in_Quantity.quantity>0.000000</in_Quantity.quantity><out_Quantity.quantity>787.316213</out_Quantity.quantity></Point><Point><position>2314</position><in_Quantity.quantity>0.000000</in_Quantity.quantity><out_Quantity.quantity>882.592439</out_Quantity.quantity></Point><Point><position>2315</position><in_Quantity.quantity>0.000000</in_Quantity.quantity><out_Quantity.quantity>7.931816</out_Quantity.quantity></Point><Point><position>2316</position><in_Quantity.quantity>0.000000</in_Quantity.quantity><out_Quantity.quantity>871.547608</out_Quantity.quantity></Point><Point><position>2317</position><in_Quantity.quantity>0.000000</in_Quantity.quantity><out_Quantity.quantity>418.695718</out_Quantity.quantity></Point><Point><position>2318</position><in_Quantity.quantity>0.000000</in_Quantity.quantity><out_Quantity.quantity>412.118587</out_Quantity.quantity></Point><Point><position>2319</position><in_Quantity.quantity>0.000000</in_Quantity.quantity><out_Quantity.quantity>296.906389</out_Quantity.quantity></Point><Point><position>2320</position><in_Quantity.quantity>0.000000</in_Quantity.quantity><out_Quantity.quantity>141.676820</out_Quantity.quantity></Point><Point><position>2321</position><in_Quantity.quantity>0.000000</in_Quantity.quantity><out_Quantity.quantity>219.162382</out_Quantity.quantity></Point><Point><position>2322</position><in_Quantity.quantity>0.000000</in_Quantity.quantity><out_Quantity.quantity>882.961891</out_Quantity.quantity></Point><Point><position>2323</position><in_Quantity.quantity>0.000000</in_Quantity.quantity><out_Quantity.quantity>774.405125</out_Quantity.quantity></Point><Point><position>2324</position><in_Quantity.quantity>0.000000</in_Quantity.quantity><out_Quantity.quantity>968.317731</out_Quantity.quantity></Point><Point><position>2325</position><in_Quantity.quantity>0.000000</in_Quantity.quantity><out_Quantity.quantity>353.045684</out_Quantity.quantity></Point><Point><position>2326</position><in_Quantity.quantity>0.000000</in_Quantity.quantity><out_Quantity.quantity>993.826291</out_Quantity.quantity></Point><Point><position>2327</position><in_Quantity.quantity>0.000000</in_Quantity.quantity><out_Quantity.quantity>150.891162</out_Quantity.quantity></Point><Point><position>2328</position><in_Quantity.quantity>0.000000</in_Quantity.quantity><out_Quantity.quantity>697.401392</out_Quantity.quantity></Point><Point><position>2329</position><in_Quantity.quantity>0.000000</in_Quantity.quantity><out_Quantity.quantity>906.133024</out_Quantity.quantity></Point><Point><position>2330</position><in_Quantity.quantity>0.000000</in_Quantity.quantity><out_Quantity.quantity>350.748131</out_Quantity.quantity></Point><Point><position>2331</position><in_Quantity.quantity>0.000000</in_Quantity.quantity><out_Quantity.quantity>969.984575</out_Quantity.quantity></Point><Point><position>2332</position><in_Quantity.quantity>0.000000</in_Quantity.quantity><out_Quantity.quantity>825.638115</out_Quantity.quantity></Point><Point><position>2333</position><in_Quantity.quantity>0.000000</in_Quantity.quantity><out_Quantity.quantity>801.725677</out_Quantity.quantity></Point><Point><position>2334</position><in_Quantity.quantity>0.000000</in_Quantity.quantity><out_Quantity.quantity>286.182834</out_Quantity.quantity></Point><Point><position>2335</position><in_Quantity.quantity>0.000000</in_Quantity.quantity><out_Quantity.quantity>732.833403</out_Quantity.quantity></Point><Point><position>2336</position><in_Quantity.quantity>0.000000</in_Quantity.quantity><out_Quantity.quantity>983.300580</out_Quantity.quantity></Point><Point><position>2337</position><in_Quantity.quantity>0.000000</in_Quantity.quantity><out_Quantity.quantity>623.991374</out_Quantity.quantity></Point><Point><position>2338</position><in_Quantity.quantity>0.000000</in_Quantity.quantity><out_Quantity.quantity>877.167926</out_Quantity.quantity></Point><Point><position>2339</position><in_Quantity.quantity>0.000000</in_Quantity.quantity><out_Quantity.quantity>998.016957</out_Quantity.quantity></Point><Point><position>2340</position><in_Quantity.quantity>0.000000</in_Quantity.quantity><out_Quantity.quantity>59.677305</out_Quantity.quantity></Point><Point><position>2341</position><in_Quantity.quantity>0.000000</in_Quantity.quantity><out_Quantity.quantity>166.491884</out_Quantity.quantity></Point><Point><position>2342</position><in_Quantity.quantity>0.000000</in_Quantity.quantity><out_Quantity.quantity>418.308981</out_Quantity.quantity></Point><Point><position>2343</position><in_Quantity.quantity>0.000000</in_Quantity.quantity><out_Quantity.quantity>516.710713</out_Quantity.quantity></Point><Point><position>2344</position><in_Quantity.quantity>0.000000</in_Quantity.quantity><out_Quantity.quantity>355.505561</out_Quantity.quantity></Point><Point><position>2345</position><in_Quantity.quantity>0.000000</in_Quantity.quantity><out_Quantity.quantity>738.132258</out_Quantity.quantity></Point><Point><position>2346</position><in_Quantity.quantity>0.000000</in_Quantity.quantity><out_Quantity.quantity>980.930037</out_Quantity.quantity></Point><Point><position>2347</position><in_Quantity.quantity>0.000000</in_Quantity.quantity><out_Quantity.quantity>370.097192</out_Quantity.quantity></Point><Point><position>2348</position><in_Quantity.quantity>0.000000</in_Quantity.quantity><out_Quantity.quantity>399.191435</out_Quantity.quantity></Point><Point><position>2349</position><in_Quantity.quantity>0.000000</in_Quantity.quantity><out_Quantity.quantity>665.695657</out_Quantity.quantity></Point><Point><position>2350</position><in_Quantity.quantity>0.000000</in_Quantity.quantity><out_Quantity.quantity>697.887169</out_Quantity.quantity></Point><Point><position>2351</position><in_Quantity.quantity>0.000000</in_Quantity.quantity><out_Quantity.quantity>798.441834</out_Quantity.quantity></Point><Point><position>2352</position><in_Quantity.quantity>0.000000</in_Quantity.quantity><out_Quantity.quantity>952.802434</out_Quantity.quantity></Point><Point><position>2353</position><in_Quantity.quantity>0.000000</in_Quantity.quantity><out_Quantity.quantity>409.612645</out_Quantity.quantity></Point><Point><position>2354</position><in_Quantity.quantity>0.000000</in_Quantity.quantity><out_Quantity.quantity>40.240647</out_Quantity.quantity></Point><Point><position>2355</position><in_Quantity.quantity>0.000000</in_Quantity.quantity><out_Quantity.quantity>781.765769</out_Quantity.quantity></Point><Point><position>2356</position><in_Quantity.quantity>0.000000</in_Quantity.quantity><out_Quantity.quantity>110.435898</out_Quantity.quantity></Point><Point><position>2357</position><in_Quantity.quantity>0.000000</in_Quantity.quantity><out_Quantity.quantity>11.220857</out_Quantity.quantity></Point><Point><position>2358</position><in_Quantity.quantity>0.000000</in_Quantity.quantity><out_Quantity.quantity>280.262280</out_Quantity.quantity></Point><Point><position>2359</position><in_Quantity.quantity>0.000000</in_Quantity.quantity><out_Quantity.quantity>260.788010</out_Quantity.quantity></Point><Point><position>2360</position><in_Quantity.quantity>0.000000</in_Quantity.quantity><out_Quantity.quantity>327.942933</out_Quantity.quantity></Point><Point><position>2361</position><in_Quantity.quantity>0.000000</in_Quantity.quantity><out_Quantity.quantity>517.467975</out_Quantity.quantity></Point><Point><position>2362</position><in_Quantity.quantity>0.000000</in_Quantity.quantity><out_Quantity.quantity>607.636025</out_Quantity.quantity></Point><Point><position>2363</position><in_Quantity.quantity>0.000000</in_Quantity.quantity><out_Quantity.quantity>541.040392</out_Quantity.quantity></Point><Point><position>2364</position><in_Quantity.quantity>0.000000</in_Quantity.quantity><out_Quantity.quantity>557.545024</out_Quantity.quantity></Point><Point><position>2365</position><in_Quantity.quantity>0.000000</in_Quantity.quantity><out_Quantity.quantity>659.524728</out_Quantity.quantity></Point><Point><position>2366</position><in_Quantity.quantity>0.000000</in_Quantity.quantity><out_Quantity.quantity>702.920410</out_Quantity.quantity></Point><Point><position>2367</position><in_Quantity.quantity>0.000000</in_Quantity.quantity><out_Quantity.quantity>278.562055</out_Quantity.quantity></Point><Point><position>2368</position><in_Quantity.quantity>0.000000</in_Quantity.quantity><out_Quantity.quantity>624.537265</out_Quantity.quantity></Point><Point><position>2369</position><in_Quantity.quantity>0.000000</in_Quantity.quantity><out_Quantity.quantity>995.393209</out_Quantity.quantity></Point><Point><position>2370</position><in_Quantity.quantity>0.000000</in_Quantity.quantity><out_Quantity.quantity>222.551916</out_Quantity.quantity></Point><Point><position>2371</position><in_Quantity.quantity>0.000000</in_Quantity.quantity><out_Quantity.quantity>216.282577</out_Quantity.quantity></Point><Point><position>2372</position><in_Quantity.quantity>0.000000</in_Quantity.quantity><out_Quantity.quantity>712.129617</out_Quantity.quantity></Point><Point><position>2373</position><in_Quantity.quantity>0.000000</in_Quantity.quantity><out_Quantity.quantity>944.976584</out_Quantity.quantity></Point><Point><position>2374</position><in_Quantity.quantity>0.000000</in_Quantity.quantity><out_Quantity.quantity>420.183102</out_Quantity.quantity></Point><Point><position>2375</position><in_Quantity.quantity>0.000000</in_Quantity.quantity><out_Quantity.quantity>781.314213</out_Quantity.quantity></Point><Point><position>2376</position><in_Quantity.quantity>0.000000</in_Quantity.quantity><out_Quantity.quantity>950.835832</out_Quantity.quantity></Point><Point><position>2377</position><in_Quantity.quantity>0.000000</in_Quantity.quantity><out_Quantity.quantity>317.705050</out_Quantity.quantity></Point><Point><position>2378</position><in_Quantity.quantity>0.000000</in_Quantity.quantity><out_Quantity.quantity>609.419152</out_Quantity.quantity></Point><Point><position>2379</position><in_Quantity.quantity>0.000000</in_Quantity.quantity><out_Quantity.quantity>886.876338</out_Quantity.quantity></Point><Point><position>2380</position><in_Quantity.quantity>0.000000</in_Quantity.quantity><out_Quantity.quantity>539.905345</out_Quantity.quantity></Point><Point><position>2381</position><in_Quantity.quantity>0.000000</in_Quantity.quantity><out_Quantity.quantity>263.626011</out_Quantity.quantity></Point><Point><position>2382</position><in_Quantity.quantity>0.000000</in_Quantity.quantity><out_Quantity.quantity>888.425618</out_Quantity.quantity></Point><Point><position>2383</position><in_Quantity.quantity>0.000000</in_Quantity.quantity><out_Quantity.quantity>230.400400</out_Quantity.quantity></Point><Point><position>2384</position><in_Quantity.quantity>0.000000</in_Quantity.quantity><out_Quantity.quantity>1.345249</out_Quantity.quantity></Point><Point><position>2385</position><in_Quantity.quantity>0.000000</in_Quantity.quantity><out_Quantity.quantity>718.495937</out_Quantity.quantity></Point><Point><position>2386</position><in_Quantity.quantity>0.000000</in_Quantity.quantity><out_Quantity.quantity>903.329374</out_Quantity.quantity></Point><Point><position>2387</position><in_Quantity.quantity>0.000000</in_Quantity.quantity><out_Quantity.quantity>250.313822</out_Quantity.quantity></Point><Point><position>2388</position><in_Quantity.quantity>0.000000</in_Quantity.quantity><out_Quantity.quantity>343.345606</out_Quantity.quantity></Point><Point><position>2389</position><in_Quantity.quantity>0.000000</in_Quantity.quantity><out_Quantity.quantity>104.707351</out_Quantity.quantity></Point><Point><position>2390</position><in_Quantity.quantity>0.000000</in_Quantity.quantity><out_Quantity.quantity>688.245776</out_Quantity.quantity></Point><Point><position>2391</position><in_Quantity.quantity>0.000000</in_Quantity.quantity><out_Quantity.quantity>864.228967</out_Quantity.quantity></Point><Point><position>2392</position><in_Quantity.quantity>0.000000</in_Quantity.quantity><out_Quantity.quantity>923.103222</out_Quantity.quantity></Point><Point><position>2393</position><in_Quantity.quantity>0.000000</in_Quantity.quantity><out_Quantity.quantity>287.517175</out_Quantity.quantity></Point><Point><position>2394</position><in_Quantity.quantity>0.000000</in_Quantity.quantity><out_Quantity.quantity>100.615393</out_Quantity.quantity></Point><Point><position>2395</position><in_Quantity.quantity>0.000000</in_Quantity.quantity><out_Quantity.quantity>518.700235</out_Quantity.quantity></Point><Point><position>2396</position><in_Quantity.quantity>0.000000</in_Quantity.quantity><out_Quantity.quantity>574.525620</out_Quantity.quantity></Point><Point><position>2397</position><in_Quantity.quantity>0.000000</in_Quantity.quantity><out_Quantity.quantity>712.008932</out_Quantity.quantity></Point><Point><position>2398</position><in_Quantity.quantity>0.000000</in_Quantity.quantity><out_Quantity.quantity>346.281402</out_Quantity.quantity></Point><Point><position>2399</position><in_Quantity.quantity>0.000000</in_Quantity.quantity><out_Quantity.quantity>434.887697</out_Quantity.quantity></Point><Point><position>2400</position><in_Quantity.quantity>0.000000</in_Quantity.quantity><out_Quantity.quantity>650.731594</out_Quantity.quantity></Point><Point><position>2401</position><in_Quantity.quantity>0.000000</in_Quantity.quantity><out_Quantity.quantity>272.181172</out_Quantity.quantity></Point><Point><position>2402</position><in_Quantity.quantity>0.000000</in_Quantity.quantity><out_Quantity.quantity>360.381569</out_Quantity.quantity></Point><Point><position>2403</position><in_Quantity.quantity>0.000000</in_Quantity.quantity><out_Quantity.quantity>78.434979</out_Quantity.quantity></Point><Point><position>2404</position><in_Quantity.quantity>0.000000</in_Quantity.quantity><out_Quantity.quantity>639.978579</out_Quantity.quantity></Point><Point><position>2405</position><in_Quantity.quantity>0.000000</in_Quantity.quantity><out_Quantity.quantity>23.517382</out_Quantity.quantity></Point><Point><position>2406</position><in_Quantity.quantity>0.000000</in_Quantity.quantity><out_Quantity.quantity>780.159513</out_Quantity.quantity></Point><Point><position>2407</position><in_Quantity.quantity>0.000000</in_Quantity.quantity><out_Quantity.quantity>589.052358</out_Quantity.quantity></Point><Point><position>2408</position><in_Quantity.quantity>0.000000</in_Quantity.quantity><out_Quantity.quantity>65.161498</out_Quantity.quantity></Point><Point><position>2409</position><in_Quantity.quantity>0.000000</in_Quantity.quantity><out_Quantity.quantity>5.937092</out_Quantity.quantity></Point><Point><position>2410</position><in_Quantity.quantity>0.000000</in_Quantity.quantity><out_Quantity.quantity>483.926778</out_Quantity.quantity></Point><Point><position>2411</position><in_Quantity.quantity>0.000000</in_Quantity.quantity><out_Quantity.quantity>14.769004</out_Quantity.quantity></Point><Point><position>2412</position><in_Quantity.quantity>0.000000</in_Quantity.quantity><out_Quantity.quantity>872.999526</out_Quantity.quantity></Point><Point><position>2413</position><in_Quantity.quantity>0.000000</in_Quantity.quantity><out_Quantity.quantity>292.776338</out_Quantity.quantity></Point><Point><position>2414</position><in_Quantity.quantity>0.000000</in_Quantity.quantity><out_Quantity.quantity>385.421229</out_Quantity.quantity></Point><Point><position>2415</position><in_Quantity.quantity>0.000000</in_Quantity.quantity><out_Quantity.quantity>212.661195</out_Quantity.quantity></Point><Point><position>2416</position><in_Quantity.quantity>0.000000</in_Quantity.quantity><out_Quantity.quantity>702.793185</out_Quantity.quantity></Point><Point><position>2417</position><in_Quantity.quantity>0.000000</in_Quantity.quantity><out_Quantity.quantity>689.590671</out_Quantity.quantity></Point><Point><position>2418</position><in_Quantity.quantity>0.000000</in_Quantity.quantity><out_Quantity.quantity>887.452827</out_Quantity.quantity></Point><Point><position>2419</position><in_Quantity.quantity>0.000000</in_Quantity.quantity><out_Quantity.quantity>972.745862</out_Quantity.quantity></Point><Point><position>2420</position><in_Quantity.quantity>0.000000</in_Quantity.quantity><out_Quantity.quantity>957.974683</out_Quantity.quantity></Point><Point><position>2421</position><in_Quantity.quantity>0.000000</in_Quantity.quantity><out_Quantity.quantity>638.204965</out_Quantity.quantity></Point><Point><position>2422</position><in_Quantity.quantity>0.000000</in_Quantity.quantity><out_Quantity.quantity>699.819443</out_Quantity.quantity></Point><Point><position>2423</position><in_Quantity.quantity>0.000000</in_Quantity.quantity><out_Quantity.quantity>317.224594</out_Quantity.quantity></Point><Point><position>2424</position><in_Quantity.quantity>0.000000</in_Quantity.quantity><out_Quantity.quantity>284.939418</out_Quantity.quantity></Point><Point><position>2425</position><in_Quantity.quantity>0.000000</in_Quantity.quantity><out_Quantity.quantity>627.998831</out_Quantity.quantity></Point><Point><position>2426</position><in_Quantity.quantity>0.000000</in_Quantity.quantity><out_Quantity.quantity>798.213594</out_Quantity.quantity></Point><Point><position>2427</position><in_Quantity.quantity>0.000000</in_Quantity.quantity><out_Quantity.quantity>869.876156</out_Quantity.quantity></Point><Point><position>2428</position><in_Quantity.quantity>0.000000</in_Quantity.quantity><out_Quantity.quantity>700.308284</out_Quantity.quantity></Point><Point><position>2429</position><in_Quantity.quantity>0.000000</in_Quantity.quantity><out_Quantity.quantity>783.756295</out_Quantity.quantity></Point><Point><position>2430</position><in_Quantity.quantity>0.000000</in_Quantity.quantity><out_Quantity.quantity>336.222073</out_Quantity.quantity></Point><Point><position>2431</position><in_Quantity.quantity>0.000000</in_Quantity.quantity><out_Quantity.quantity>866.141223</out_Quantity.quantity></Point><Point><position>2432</position><in_Quantity.quantity>0.000000</in_Quantity.quantity><out_Quantity.quantity>917.195501</out_Quantity.quantity></Point><Point><position>2433</position><in_Quantity.quantity>0.000000</in_Quantity.quantity><out_Quantity.quantity>383.766260</out_Quantity.quantity></Point><Point><position>2434</position><in_Quantity.quantity>0.000000</in_Quantity.quantity><out_Quantity.quantity>709.870820</out_Quantity.quantity></Point><Point><position>2435</position><in_Quantity.quantity>0.000000</in_Quantity.quantity><out_Quantity.quantity>806.661493</out_Quantity.quantity></Point><Point><position>2436</position><in_Quantity.quantity>0.000000</in_Quantity.quantity><out_Quantity.quantity>927.183157</out_Quantity.quantity></Point><Point><position>2437</position><in_Quantity.quantity>0.000000</in_Quantity.quantity><out_Quantity.quantity>201.917072</out_Quantity.quantity></Point><Point><position>2438</position><in_Quantity.quantity>0.000000</in_Quantity.quantity><out_Quantity.quantity>327.244402</out_Quantity.quantity></Point><Point><position>2439</position><in_Quantity.quantity>0.000000</in_Quantity.quantity><out_Quantity.quantity>31.496885</out_Quantity.quantity></Point><Point><position>2440</position><in_Quantity.quantity>0.000000</in_Quantity.quantity><out_Quantity.quantity>201.060373</out_Quantity.quantity></Point><Point><position>2441</position><in_Quantity.quantity>0.000000</in_Quantity.quantity><out_Quantity.quantity>217.387375</out_Quantity.quantity></Point><Point><position>2442</position><in_Quantity.quantity>0.000000</in_Quantity.quantity><out_Quantity.quantity>692.581750</out_Quantity.quantity></Point><Point><position>2443</position><in_Quantity.quantity>0.000000</in_Quantity.quantity><out_Quantity.quantity>685.893385</out_Quantity.quantity></Point><Point><position>2444</position><in_Quantity.quantity>0.000000</in_Quantity.quantity><out_Quantity.quantity>803.113732</out_Quantity.quantity></Point><Point><position>2445</position><in_Quantity.quantity>0.000000</in_Quantity.quantity><out_Quantity.quantity>65.311248</out_Quantity.quantity></Point><Point><position>2446</position><in_Quantity.quantity>0.000000</in_Quantity.quantity><out_Quantity.quantity>174.227377</out_Quantity.quantity></Point><Point><position>2447</position><in_Quantity.quantity>0.000000</in_Quantity.quantity><out_Quantity.quantity>60.309698</out_Quantity.quantity></Point><Point><position>2448</position><in_Quantity.quantity>0.000000</in_Quantity.quantity><out_Quantity.quantity>791.976813</out_Quantity.quantity></Point><Point><position>2449</position><in_Quantity.quantity>0.000000</in_Quantity.quantity><out_Quantity.quantity>209.402608</out_Quantity.quantity></Point><Point><position>2450</position><in_Quantity.quantity>0.000000</in_Quantity.quantity><out_Quantity.quantity>639.603680</out_Quantity.quantity></Point><Point><position>2451</position><in_Quantity.quantity>0.000000</in_Quantity.quantity><out_Quantity.quantity>834.381726</out_Quantity.quantity></Point><Point><position>2452</position><in_Quantity.quantity>0.000000</in_Quantity.quantity><out_Quantity.quantity>173.075939</out_Quantity.quantity></Point><Point><position>2453</position><in_Quantity.quantity>0.000000</in_Quantity.quantity><out_Quantity.quantity>836.916318</out_Quantity.quantity></Point><Point><position>2454</position><in_Quantity.quantity>0.000000</in_Quantity.quantity><out_Quantity.quantity>80.346398</out_Quantity.quantity></Point><Point><position>2455</position><in_Quantity.quantity>0.000000</in_Quantity.quantity><out_Quantity.quantity>33.634018</out_Quantity.quantity></Point><Point><position>2456</position><in_Quantity.quantity>0.000000</in_Quantity.quantity><out_Quantity.quantity>280.219737</out_Quantity.quantity></Point><Point><position>2457</position><in_Quantity.quantity>0.000000</in_Quantity.quantity><out_Quantity.quantity>120.667725</out_Quantity.quantity></Point><Point><position>2458</position><in_Quantity.quantity>0.000000</in_Quantity.quantity><out_Quantity.quantity>427.148322</out_Quantity.quantity></Point><Point><position>2459</position><in_Quantity.quantity>0.000000</in_Quantity.quantity><out_Quantity.quantity>479.041027</out_Quantity.quantity></Point><Point><position>2460</position><in_Quantity.quantity>0.000000</in_Quantity.quantity><out_Quantity.quantity>369.980934</out_Quantity.quantity></Point><Point><position>2461</position><in_Quantity.quantity>0.000000</in_Quantity.quantity><out_Quantity.quantity>633.095234</out_Quantity.quantity></Point><Point><position>2462</position><in_Quantity.quantity>0.000000</in_Quantity.quantity><out_Quantity.quantity>360.093490</out_Quantity.quantity></Point><Point><position>2463</position><in_Quantity.quantity>0.000000</in_Quantity.quantity><out_Quantity.quantity>6.522627</out_Quantity.quantity></Point><Point><position>2464</position><in_Quantity.quantity>0.000000</in_Quantity.quantity><out_Quantity.quantity>965.545845</out_Quantity.quantity></Point><Point><position>2465</position><in_Quantity.quantity>0.000000</in_Quantity.quantity><out_Quantity.quantity>351.882541</out_Quantity.quantity></Point><Point><position>2466</position><in_Quantity.quantity>0.000000</in_Quantity.quantity><out_Quantity.quantity>600.421823</out_Quantity.quantity></Point><Point><position>2467</position><in_Quantity.quantity>0.000000</in_Quantity.quantity><out_Quantity.quantity>205.791358</out_Quantity.quantity></Point><Point><position>2468</position><in_Quantity.quantity>0.000000</in_Quantity.quantity><out_Quantity.quantity>73.326686</out_Quantity.quantity></Point><Point><position>2469</position><in_Quantity.quantity>0.000000</in_Quantity.quantity><out_Quantity.quantity>918.101618</out_Quantity.quantity></Point><Point><position>2470</position><in_Quantity.quantity>0.000000</in_Quantity.quantity><out_Quantity.quantity>281.214256</out_Quantity.quantity></Point><Point><position>2471</position><in_Quantity.quantity>0.000000</in_Quantity.quantity><out_Quantity.quantity>615.622833</out_Quantity.quantity></Point><Point><position>2472</position><in_Quantity.quantity>0.000000</in_Quantity.quantity><out_Quantity.quantity>41.281180</out_Quantity.quantity></Point><Point><position>2473</position><in_Quantity.quantity>0.000000</in_Quantity.quantity><out_Quantity.quantity>392.159125</out_Quantity.quantity></Point><Point><position>2474</position><in_Quantity.quantity>0.000000</in_Quantity.quantity><out_Quantity.quantity>503.277845</out_Quantity.quantity></Point><Point><position>2475</position><in_Quantity.quantity>0.000000</in_Quantity.quantity><out_Quantity.quantity>700.193469</out_Quantity.quantity></Point><Point><position>2476</position><in_Quantity.quantity>0.000000</in_Quantity.quantity><out_Quantity.quantity>394.010570</out_Quantity.quantity></Point><Point><position>2477</position><in_Quantity.quantity>0.000000</in_Quantity.quantity><out_Quantity.quantity>650.284535</out_Quantity.quantity></Point><Point><position>2478</position><in_Quantity.quantity>0.000000</in_Quantity.quantity><out_Quantity.quantity>120.580890</out_Quantity.quantity></Point><Point><position>2479</position><in_Quantity.quantity>0.000000</in_Quantity.quantity><out_Quantity.quantity>529.959409</out_Quantity.quantity></Point><Point><position>2480</position><in_Quantity.quantity>0.000000</in_Quantity.quantity><out_Quantity.quantity>84.010866</out_Quantity.quantity></Point><Point><position>2481</position><in_Quantity.quantity>0.000000</in_Quantity.quantity><out_Quantity.quantity>670.790558</out_Quantity.quantity></Point><Point><position>2482</position><in_Quantity.quantity>0.000000</in_Quantity.quantity><out_Quantity.quantity>610.813035</out_Quantity.quantity></Point><Point><position>2483</position><in_Quantity.quantity>0.000000</in_Quantity.quantity><out_Quantity.quantity>758.463274</out_Quantity.quantity></Point><Point><position>2484</position><in_Quantity.quantity>0.000000</in_Quantity.quantity><out_Quantity.quantity>517.956949</out_Quantity.quantity></Point><Point><position>2485</position><in_Quantity.quantity>0.000000</in_Quantity.quantity><out_Quantity.quantity>878.643181</out_Quantity.quantity></Point><Point><position>2486</position><in_Quantity.quantity>0.000000</in_Quantity.quantity><out_Quantity.quantity>227.126516</out_Quantity.quantity></Point><Point><position>2487</position><in_Quantity.quantity>0.000000</in_Quantity.quantity><out_Quantity.quantity>138.353652</out_Quantity.quantity></Point><Point><position>2488</position><in_Quantity.quantity>0.000000</in_Quantity.quantity><out_Quantity.quantity>358.702356</out_Quantity.quantity></Point><Point><position>2489</position><in_Quantity.quantity>0.000000</in_Quantity.quantity><out_Quantity.quantity>876.112873</out_Quantity.quantity></Point><Point><position>2490</position><in_Quantity.quantity>0.000000</in_Quantity.quantity><out_Quantity.quantity>157.980873</out_Quantity.quantity></Point><Point><position>2491</position><in_Quantity.quantity>0.000000</in_Quantity.quantity><out_Quantity.quantity>342.569614</out_Quantity.quantity></Point><Point><position>2492</position><in_Quantity.quantity>0.000000</in_Quantity.quantity><out_Quantity.quantity>948.069108</out_Quantity.quantity></Point><Point><position>2493</position><in_Quantity.quantity>0.000000</in_Quantity.quantity><out_Quantity.quantity>900.246948</out_Quantity.quantity></Point><Point><position>2494</position><in_Quantity.quantity>0.000000</in_Quantity.quantity><out_Quantity.quantity>687.595732</out_Quantity.quantity></Point><Point><position>2495</position><in_Quantity.quantity>0.000000</in_Quantity.quantity><out_Quantity.quantity>282.365650</out_Quantity.quantity></Point><Point><position>2496</position><in_Quantity.quantity>0.000000</in_Quantity.quantity><out_Quantity.quantity>502.793416</out_Quantity.quantity></Point><Point><position>2497</position><in_Quantity.quantity>0.000000</in_Quantity.quantity><out_Quantity.quantity>711.071195</out_Quantity.quantity></Point><Point><position>2498</position><in_Quantity.quantity>0.000000</in_Quantity.quantity><out_Quantity.quantity>967.159360</out_Quantity.quantity></Point><Point><position>2499</position><in_Quantity.quantity>0.000000</in_Quantity.quantity><out_Quantity.quantity>862.423686</out_Quantity.quantity></Point><Point><position>2500</position><in_Quantity.quantity>0.000000</in_Quantity.quantity><out_Quantity.quantity>220.802312</out_Quantity.quantity></Point><Point><position>2501</position><in_Quantity.quantity>0.000000</in_Quantity.quantity><out_Quantity.quantity>566.700808</out_Quantity.quantity></Point><Point><position>2502</position><in_Quantity.quantity>0.000000</in_Quantity.quantity><out_Quantity.quantity>353.485854</out_Quantity.quantity></Point><Point><position>2503</position><in_Quantity.quantity>0.000000</in_Quantity.quantity><out_Quantity.quantity>917.745077</out_Quantity.quantity></Point><Point><position>2504</position><in_Quantity.quantity>0.000000</in_Quantity.quantity><out_Quantity.quantity>399.957000</out_Quantity.quantity></Point><Point><position>2505</position><in_Quantity.quantity>0.000000</in_Quantity.quantity><out_Quantity.quantity>275.833057</out_Quantity.quantity></Point><Point><position>2506</position><in_Quantity.quantity>0.000000</in_Quantity.quantity><out_Quantity.quantity>655.979505</out_Quantity.quantity></Point><Point><position>2507</position><in_Quantity.quantity>0.000000</in_Quantity.quantity><out_Quantity.quantity>615.931693</out_Quantity.quantity></Point><Point><position>2508</position><in_Quantity.quantity>0.000000</in_Quantity.quantity><out_Quantity.quantity>822.532315</out_Quantity.quantity></Point><Point><position>2509</position><in_Quantity.quantity>0.000000</in_Quantity.quantity><out_Quantity.quantity>858.647817</out_Quantity.quantity></Point><Point><position>2510</position><in_Quantity.quantity>0.000000</in_Quantity.quantity><out_Quantity.quantity>107.814749</out_Quantity.quantity></Point><Point><position>2511</position><in_Quantity.quantity>0.000000</in_Quantity.quantity><out_Quantity.quantity>895.608535</out_Quantity.quantity></Point><Point><position>2512</position><in_Quantity.quantity>0.000000</in_Quantity.quantity><out_Quantity.quantity>957.614883</out_Quantity.quantity></Point><Point><position>2513</position><in_Quantity.quantity>0.000000</in_Quantity.quantity><out_Quantity.quantity>201.042683</out_Quantity.quantity></Point><Point><position>2514</position><in_Quantity.quantity>0.000000</in_Quantity.quantity><out_Quantity.quantity>67.218942</out_Quantity.quantity></Point><Point><position>2515</position><in_Quantity.quantity>0.000000</in_Quantity.quantity><out_Quantity.quantity>276.415071</out_Quantity.quantity></Point><Point><position>2516</position><in_Quantity.quantity>0.000000</in_Quantity.quantity><out_Quantity.quantity>84.584496</out_Quantity.quantity></Point><Point><position>2517</position><in_Quantity.quantity>0.000000</in_Quantity.quantity><out_Quantity.quantity>449.767551</out_Quantity.quantity></Point><Point><position>2518</position><in_Quantity.quantity>0.000000</in_Quantity.quantity><out_Quantity.quantity>157.139800</out_Quantity.quantity></Point><Point><position>2519</position><in_Quantity.quantity>0.000000</in_Quantity.quantity><out_Quantity.quantity>10.009629</out_Quantity.quantity></Point><Point><position>2520</position><in_Quantity.quantity>0.000000</in_Quantity.quantity><out_Quantity.quantity>314.020036</out_Quantity.quantity></Point><Point><position>2521</position><in_Quantity.quantity>0.000000</in_Quantity.quantity><out_Quantity.quantity>168.101597</out_Quantity.quantity></Point><Point><position>2522</position><in_Quantity.quantity>0.000000</in_Quantity.quantity><out_Quantity.quantity>17.629881</out_Quantity.quantity></Point><Point><position>2523</position><in_Quantity.quantity>0.000000</in_Quantity.quantity><out_Quantity.quantity>274.019664</out_Quantity.quantity></Point><Point><position>2524</position><in_Quantity.quantity>0.000000</in_Quantity.quantity><out_Quantity.quantity>227.643148</out_Quantity.quantity></Point><Point><position>2525</position><in_Quantity.quantity>0.000000</in_Quantity.quantity><out_Quantity.quantity>573.781603</out_Quantity.quantity></Point><Point><position>2526</position><in_Quantity.quantity>0.000000</in_Quantity.quantity><out_Quantity.quantity>726.288909</out_Quantity.quantity></Point><Point><position>2527</position><in_Quantity.quantity>0.000000</in_Quantity.quantity><out_Quantity.quantity>835.028272</out_Quantity.quantity></Point><Point><position>2528</position><in_Quantity.quantity>0.000000</in_Quantity.quantity><out_Quantity.quantity>737.423237</out_Quantity.quantity></Point><Point><position>2529</position><in_Quantity.quantity>0.000000</in_Quantity.quantity><out_Quantity.quantity>888.505484</out_Quantity.quantity></Point><Point><position>2530</position><in_Quantity.quantity>0.000000</in_Quantity.quantity><out_Quantity.quantity>376.625346</out_Quantity.quantity></Point><Point><position>2531</position><in_Quantity.quantity>0.000000</in_Quantity.quantity><out_Quantity.quantity>646.673019</out_Quantity.quantity></Point><Point><position>2532</position><in_Quantity.quantity>0.000000</in_Quantity.quantity><out_Quantity.quantity>494.910902</out_Quantity.quantity></Point><Point><position>2533</position><in_Quantity.quantity>0.000000</in_Quantity.quantity><out_Quantity.quantity>862.771311</out_Quantity.quantity></Point><Point><position>2534</position><in_Quantity.quantity>0.000000</in_Quantity.quantity><out_Quantity.quantity>460.755574</out_Quantity.quantity></Point><Point><position>2535</position><in_Quantity.quantity>0.000000</in_Quantity.quantity><out_Quantity.quantity>181.458113</out_Quantity.quantity></Point><Point><position>2536</position><in_Quantity.quantity>0.000000</in_Quantity.quantity><out_Quantity.quantity>855.114636</out_Quantity.quantity></Point><Point><position>2537</position><in_Quantity.quantity>0.000000</in_Quantity.quantity><out_Quantity.quantity>455.086578</out_Quantity.quantity></Point><Point><position>2538</position><in_Quantity.quantity>0.000000</in_Quantity.quantity><out_Quantity.quantity>767.638694</out_Quantity.quantity></Point><Point><position>2539</position><in_Quantity.quantity>0.000000</in_Quantity.quantity><out_Quantity.quantity>549.996668</out_Quantity.quantity></Point><Point><position>2540</position><in_Quantity.quantity>0.000000</in_Quantity.quantity><out_Quantity.quantity>485.202013</out_Quantity.quantity></Point><Point><position>2541</position><in_Quantity.quantity>0.000000</in_Quantity.quantity><out_Quantity.quantity>429.028498</out_Quantity.quantity></Point><Point><position>2542</position><in_Quantity.quantity>0.000000</in_Quantity.quantity><out_Quantity.quantity>958.704498</out_Quantity.quantity></Point><Point><position>2543</position><in_Quantity.quantity>0.000000</in_Quantity.quantity><out_Quantity.quantity>464.236378</out_Quantity.quantity></Point><Point><position>2544</position><in_Quantity.quantity>0.000000</in_Quantity.quantity><out_Quantity.quantity>714.914308</out_Quantity.quantity></Point><Point><position>2545</position><in_Quantity.quantity>0.000000</in_Quantity.quantity><out_Quantity.quantity>603.410197</out_Quantity.quantity></Point><Point><position>2546</position><in_Quantity.quantity>0.000000</in_Quantity.quantity><out_Quantity.quantity>128.243259</out_Quantity.quantity></Point><Point><position>2547</position><in_Quantity.quantity>0.000000</in_Quantity.quantity><out_Quantity.quantity>109.250112</out_Quantity.quantity></Point><Point><position>2548</position><in_Quantity.quantity>0.000000</in_Quantity.quantity><out_Quantity.quantity>956.291577</out_Quantity.quantity></Point><Point><position>2549</position><in_Quantity.quantity>0.000000</in_Quantity.quantity><out_Quantity.quantity>952.567134</out_Quantity.quantity></Point><Point><position>2550</position><in_Quantity.quantity>0.000000</in_Quantity.quantity><out_Quantity.quantity>378.449959</out_Quantity.quantity></Point><Point><position>2551</position><in_Quantity.quantity>0.000000</in_Quantity.quantity><out_Quantity.quantity>929.294359</out_Quantity.quantity></Point><Point><position>2552</position><in_Quantity.quantity>0.000000</in_Quantity.quantity><out_Quantity.quantity>795.926517</out_Quantity.quantity></Point><Point><position>2553</position><in_Quantity.quantity>0.000000</in_Quantity.quantity><out_Quantity.quantity>349.803660</out_Quantity.quantity></Point><Point><position>2554</position><in_Quantity.quantity>0.000000</in_Quantity.quantity><out_Quantity.quantity>519.591860</out_Quantity.quantity></Point><Point><position>2555</position><in_Quantity.quantity>0.000000</in_Quantity.quantity><out_Quantity.quantity>773.430139</out_Quantity.quantity></Point><Point><position>2556</position><in_Quantity.quantity>0.000000</in_Quantity.quantity><out_Quantity.quantity>925.949847</out_Quantity.quantity></Point><Point><position>2557</position><in_Quantity.quantity>0.000000</in_Quantity.quantity><out_Quantity.quantity>964.729540</out_Quantity.quantity></Point><Point><position>2558</position><in_Quantity.quantity>0.000000</in_Quantity.quantity><out_Quantity.quantity>41.703087</out_Quantity.quantity></Point><Point><position>2559</position><in_Quantity.quantity>0.000000</in_Quantity.quantity><out_Quantity.quantity>39.337830</out_Quantity.quantity></Point><Point><position>2560</position><in_Quantity.quantity>0.000000</in_Quantity.quantity><out_Quantity.quantity>122.754713</out_Quantity.quantity></Point><Point><position>2561</position><in_Quantity.quantity>0.000000</in_Quantity.quantity><out_Quantity.quantity>761.834341</out_Quantity.quantity></Point><Point><position>2562</position><in_Quantity.quantity>0.000000</in_Quantity.quantity><out_Quantity.quantity>326.728997</out_Quantity.quantity></Point><Point><position>2563</position><in_Quantity.quantity>0.000000</in_Quantity.quantity><out_Quantity.quantity>544.847343</out_Quantity.quantity></Point><Point><position>2564</position><in_Quantity.quantity>0.000000</in_Quantity.quantity><out_Quantity.quantity>128.724175</out_Quantity.quantity></Point><Point><position>2565</position><in_Quantity.quantity>0.000000</in_Quantity.quantity><out_Quantity.quantity>737.823520</out_Quantity.quantity></Point><Point><position>2566</position><in_Quantity.quantity>0.000000</in_Quantity.quantity><out_Quantity.quantity>185.116728</out_Quantity.quantity></Point><Point><position>2567</position><in_Quantity.quantity>0.000000</in_Quantity.quantity><out_Quantity.quantity>508.574433</out_Quantity.quantity></Point><Point><position>2568</position><in_Quantity.quantity>0.000000</in_Quantity.quantity><out_Quantity.quantity>337.866425</out_Quantity.quantity></Point><Point><position>2569</position><in_Quantity.quantity>0.000000</in_Quantity.quantity><out_Quantity.quantity>271.110185</out_Quantity.quantity></Point><Point><position>2570</position><in_Quantity.quantity>0.000000</in_Quantity.quantity><out_Quantity.quantity>409.007390</out_Quantity.quantity></Point><Point><position>2571</position><in_Quantity.quantity>0.000000</in_Quantity.quantity><out_Quantity.quantity>798.272886</out_Quantity.quantity></Point><Point><position>2572</position><in_Quantity.quantity>0.000000</in_Quantity.quantity><out_Quantity.quantity>135.925493</out_Quantity.quantity></Point><Point><position>2573</position><in_Quantity.quantity>0.000000</in_Quantity.quantity><out_Quantity.quantity>251.768084</out_Quantity.quantity></Point><Point><position>2574</position><in_Quantity.quantity>0.000000</in_Quantity.quantity><out_Quantity.quantity>445.332245</out_Quantity.quantity></Point><Point><position>2575</position><in_Quantity.quantity>0.000000</in_Quantity.quantity><out_Quantity.quantity>919.221236</out_Quantity.quantity></Point><Point><position>2576</position><in_Quantity.quantity>0.000000</in_Quantity.quantity><out_Quantity.quantity>103.946141</out_Quantity.quantity></Point><Point><position>2577</position><in_Quantity.quantity>0.000000</in_Quantity.quantity><out_Quantity.quantity>365.366720</out_Quantity.quantity></Point><Point><position>2578</position><in_Quantity.quantity>0.000000</in_Quantity.quantity><out_Quantity.quantity>76.577518</out_Quantity.quantity></Point><Point><position>2579</position><in_Quantity.quantity>0.000000</in_Quantity.quantity><out_Quantity.quantity>89.165485</out_Quantity.quantity></Point><Point><position>2580</position><in_Quantity.quantity>0.000000</in_Quantity.quantity><out_Quantity.quantity>12.806686</out_Quantity.quantity></Point><Point><position>2581</position><in_Quantity.quantity>0.000000</in_Quantity.quantity><out_Quantity.quantity>601.245578</out_Quantity.quantity></Point><Point><position>2582</position><in_Quantity.quantity>0.000000</in_Quantity.quantity><out_Quantity.quantity>722.590319</out_Quantity.quantity></Point><Point><position>2583</position><in_Quantity.quantity>0.000000</in_Quantity.quantity><out_Quantity.quantity>386.937582</out_Quantity.quantity></Point><Point><position>2584</position><in_Quantity.quantity>0.000000</in_Quantity.quantity><out_Quantity.quantity>447.062028</out_Quantity.quantity></Point><Point><position>2585</position><in_Quantity.quantity>0.000000</in_Quantity.quantity><out_Quantity.quantity>151.489767</out_Quantity.quantity></Point><Point><position>2586</position><in_Quantity.quantity>0.000000</in_Quantity.quantity><out_Quantity.quantity>115.929641</out_Quantity.quantity></Point><Point><position>2587</position><in_Quantity.quantity>0.000000</in_Quantity.quantity><out_Quantity.quantity>644.454214</out_Quantity.quantity></Point><Point><position>2588</position><in_Quantity.quantity>0.000000</in_Quantity.quantity><out_Quantity.quantity>360.398392</out_Quantity.quantity></Point><Point><position>2589</position><in_Quantity.quantity>0.000000</in_Quantity.quantity><out_Quantity.quantity>730.245241</out_Quantity.quantity></Point><Point><position>2590</position><in_Quantity.quantity>0.000000</in_Quantity.quantity><out_Quantity.quantity>91.415203</out_Quantity.quantity></Point><Point><position>2591</position><in_Quantity.quantity>0.000000</in_Quantity.quantity><out_Quantity.quantity>99.435016</out_Quantity.quantity></Point><Point><position>2592</position><in_Quantity.quantity>0.000000</in_Quantity.quantity><out_Quantity.quantity>284.937103</out_Quantity.quantity></Point><Point><position>2593</position><in_Quantity.quantity>0.000000</in_Quantity.quantity><out_Quantity.quantity>79.923655</out_Quantity.quantity></Point><Point><position>2594</position><in_Quantity.quantity>0.000000</in_Quantity.quantity><out_Quantity.quantity>364.656478</out_Quantity.quantity></Point><Point><position>2595</position><in_Quantity.quantity>0.000000</in_Quantity.quantity><out_Quantity.quantity>693.211596</out_Quantity.quantity></Point><Point><position>2596</position><in_Quantity.quantity>0.000000</in_Quantity.quantity><out_Quantity.quantity>355.581632</out_Quantity.quantity></Point><Point><position>2597</position><in_Quantity.quantity>0.000000</in_Quantity.quantity><out_Quantity.quantity>773.239448</out_Quantity.quantity></Point><Point><position>2598</position><in_Quantity.quantity>0.000000</in_Quantity.quantity><out_Quantity.quantity>391.973410</out_Quantity.quantity></Point><Point><position>2599</position><in_Quantity.quantity>0.000000</in_Quantity.quantity><out_Quantity.quantity>901.465258</out_Quantity.quantity></Point><Point><position>2600</position><in_Quantity.quantity>0.000000</in_Quantity.quantity><out_Quantity.quantity>840.068548</out_Quantity.quantity></Point><Point><position>2601</position><in_Quantity.quantity>0.000000</in_Quantity.quantity><out_Quantity.quantity>512.845109</out_Quantity.quantity></Point><Point><position>2602</position><in_Quantity.quantity>0.000000</in_Quantity.quantity><out_Quantity.quantity>293.595441</out_Quantity.quantity></Point><Point><position>2603</position><in_Quantity.quantity>0.000000</in_Quantity.quantity><out_Quantity.quantity>586.794847</out_Quantity.quantity></Point><Point><position>2604</position><in_Quantity.quantity>0.000000</in_Quantity.quantity><out_Quantity.quantity>412.308840</out_Quantity.quantity></Point><Point><position>2605</position><in_Quantity.quantity>0.000000</in_Quantity.quantity><out_Quantity.quantity>87.114915</out_Quantity.quantity></Point><Point><position>2606</position><in_Quantity.quantity>0.000000</in_Quantity.quantity><out_Quantity.quantity>966.864832</out_Quantity.quantity></Point><Point><position>2607</position><in_Quantity.quantity>0.000000</in_Quantity.quantity><out_Quantity.quantity>880.603042</out_Quantity.quantity></Point><Point><position>2608</position><in_Quantity.quantity>0.000000</in_Quantity.quantity><out_Quantity.quantity>403.327953</out_Quantity.quantity></Point><Point><position>2609</position><in_Quantity.quantity>0.000000</in_Quantity.quantity><out_Quantity.quantity>675.737587</out_Quantity.quantity></Point><Point><position>2610</position><in_Quantity.quantity>0.000000</in_Quantity.quantity><out_Quantity.quantity>14.381449</out_Quantity.quantity></Point><Point><position>2611</position><in_Quantity.quantity>0.000000</in_Quantity.quantity><out_Quantity.quantity>448.613213</out_Quantity.quantity></Point><Point><position>2612</position><in_Quantity.quantity>0.000000</in_Quantity.quantity><out_Quantity.quantity>576.484496</out_Quantity.quantity></Point><Point><position>2613</position><in_Quantity.quantity>0.000000</in_Quantity.quantity><out_Quantity.quantity>689.585913</out_Quantity.quantity></Point><Point><position>2614</position><in_Quantity.quantity>0.000000</in_Quantity.quantity><out_Quantity.quantity>900.931249</out_Quantity.quantity></Point><Point><position>2615</position><in_Quantity.quantity>0.000000</in_Quantity.quantity><out_Quantity.quantity>998.154169</out_Quantity.quantity></Point><Point><position>2616</position><in_Quantity.quantity>0.000000</in_Quantity.quantity><out_Quantity.quantity>457.120677</out_Quantity.quantity></Point><Point><position>2617</position><in_Quantity.quantity>0.000000</in_Quantity.quantity><out_Quantity.quantity>565.878932</out_Quantity.quantity></Point><Point><position>2618</position><in_Quantity.quantity>0.000000</in_Quantity.quantity><out_Quantity.quantity>609.049438</out_Quantity.quantity></Point><Point><position>2619</position><in_Quantity.quantity>0.000000</in_Quantity.quantity><out_Quantity.quantity>392.944753</out_Quantity.quantity></Point><Point><position>2620</position><in_Quantity.quantity>0.000000</in_Quantity.quantity><out_Quantity.quantity>117.741553</out_Quantity.quantity></Point><Point><position>2621</position><in_Quantity.quantity>0.000000</in_Quantity.quantity><out_Quantity.quantity>110.651089</out_Quantity.quantity></Point><Point><position>2622</position><in_Quantity.quantity>0.000000</in_Quantity.quantity><out_Quantity.quantity>717.123121</out_Quantity.quantity></Point><Point><position>2623</position><in_Quantity.quantity>0.000000</in_Quantity.quantity><out_Quantity.quantity>779.709896</out_Quantity.quantity></Point><Point><position>2624</position><in_Quantity.quantity>0.000000</in_Quantity.quantity><out_Quantity.quantity>656.294232</out_Quantity.quantity></Point><Point><position>2625</position><in_Quantity.quantity>0.000000</in_Quantity.quantity><out_Quantity.quantity>769.283948</out_Quantity.quantity></Point><Point><position>2626</position><in_Quantity.quantity>0.000000</in_Quantity.quantity><out_Quantity.quantity>131.087714</out_Quantity.quantity></Point><Point><position>2627</position><in_Quantity.quantity>0.000000</in_Quantity.quantity><out_Quantity.quantity>20.647865</out_Quantity.quantity></Point><Point><position>2628</position><in_Quantity.quantity>0.000000</in_Quantity.quantity><out_Quantity.quantity>736.236286</out_Quantity.quantity></Point><Point><position>2629</position><in_Quantity.quantity>0.000000</in_Quantity.quantity><out_Quantity.quantity>433.155349</out_Quantity.quantity></Point><Point><position>2630</position><in_Quantity.quantity>0.000000</in_Quantity.quantity><out_Quantity.quantity>141.330759</out_Quantity.quantity></Point><Point><position>2631</position><in_Quantity.quantity>0.000000</in_Quantity.quantity><out_Quantity.quantity>854.501892</out_Quantity.quantity></Point><Point><position>2632</position><in_Quantity.quantity>0.000000</in_Quantity.quantity><out_Quantity.quantity>778.705949</out_Quantity.quantity></Point><Point><position>2633</position><in_Quantity.quantity>0.000000</in_Quantity.quantity><out_Quantity.quantity>869.705150</out_Quantity.quantity></Point><Point><position>2634</position><in_Quantity.quantity>0.000000</in_Quantity.quantity><out_Quantity.quantity>960.705262</out_Quantity.quantity></Point><Point><position>2635</position><in_Quantity.quantity>0.000000</in_Quantity.quantity><out_Quantity.quantity>569.279781</out_Quantity.quantity></Point><Point><position>2636</position><in_Quantity.quantity>0.000000</in_Quantity.quantity><out_Quantity.quantity>376.125816</out_Quantity.quantity></Point><Point><position>2637</position><in_Quantity.quantity>0.000000</in_Quantity.quantity><out_Quantity.quantity>2.259157</out_Quantity.quantity></Point><Point><position>2638</position><in_Quantity.quantity>0.000000</in_Quantity.quantity><out_Quantity.quantity>852.993396</out_Quantity.quantity></Point><Point><position>2639</position><in_Quantity.quantity>0.000000</in_Quantity.quantity><out_Quantity.quantity>497.981327</out_Quantity.quantity></Point><Point><position>2640</position><in_Quantity.quantity>0.000000</in_Quantity.quantity><out_Quantity.quantity>538.064741</out_Quantity.quantity></Point><Point><position>2641</position><in_Quantity.quantity>0.000000</in_Quantity.quantity><out_Quantity.quantity>534.961570</out_Quantity.quantity></Point><Point><position>2642</position><in_Quantity.quantity>0.000000</in_Quantity.quantity><out_Quantity.quantity>768.239139</out_Quantity.quantity></Point><Point><position>2643</position><in_Quantity.quantity>0.000000</in_Quantity.quantity><out_Quantity.quantity>749.425554</out_Quantity.quantity></Point><Point><position>2644</position><in_Quantity.quantity>0.000000</in_Quantity.quantity><out_Quantity.quantity>256.744857</out_Quantity.quantity></Point><Point><position>2645</position><in_Quantity.quantity>0.000000</in_Quantity.quantity><out_Quantity.quantity>697.467267</out_Quantity.quantity></Point><Point><position>2646</position><in_Quantity.quantity>0.000000</in_Quantity.quantity><out_Quantity.quantity>526.986668</out_Quantity.quantity></Point><Point><position>2647</position><in_Quantity.quantity>0.000000</in_Quantity.quantity><out_Quantity.quantity>231.385988</out_Quantity.quantity></Point><Point><position>2648</position><in_Quantity.quantity>0.000000</in_Quantity.quantity><out_Quantity.quantity>676.469835</out_Quantity.quantity></Point><Point><position>2649</position><in_Quantity.quantity>0.000000</in_Quantity.quantity><out_Quantity.quantity>763.748278</out_Quantity.quantity></Point><Point><position>2650</position><in_Quantity.quantity>0.000000</in_Quantity.quantity><out_Quantity.quantity>114.928994</out_Quantity.quantity></Point><Point><position>2651</position><in_Quantity.quantity>0.000000</in_Quantity.quantity><out_Quantity.quantity>418.307669</out_Quantity.quantity></Point><Point><position>2652</position><in_Quantity.quantity>0.000000</in_Quantity.quantity><out_Quantity.quantity>646.112120</out_Quantity.quantity></Point><Point><position>2653</position><in_Quantity.quantity>0.000000</in_Quantity.quantity><out_Quantity.quantity>398.946233</out_Quantity.quantity></Point><Point><position>2654</position><in_Quantity.quantity>0.000000</in_Quantity.quantity><out_Quantity.quantity>331.677218</out_Quantity.quantity></Point><Point><position>2655</position><in_Quantity.quantity>0.000000</in_Quantity.quantity><out_Quantity.quantity>477.663671</out_Quantity.quantity></Point><Point><position>2656</position><in_Quantity.quantity>0.000000</in_Quantity.quantity><out_Quantity.quantity>355.030507</out_Quantity.quantity></Point><Point><position>2657</position><in_Quantity.quantity>0.000000</in_Quantity.quantity><out_Quantity.quantity>160.352941</out_Quantity.quantity></Point><Point><position>2658</position><in_Quantity.quantity>0.000000</in_Quantity.quantity><out_Quantity.quantity>350.037507</out_Quantity.quantity></Point><Point><position>2659</position><in_Quantity.quantity>0.000000</in_Quantity.quantity><out_Quantity.quantity>744.103631</out_Quantity.quantity></Point><Point><position>2660</position><in_Quantity.quantity>0.000000</in_Quantity.quantity><out_Quantity.quantity>401.573105</out_Quantity.quantity></Point><Point><position>2661</position><in_Quantity.quantity>0.000000</in_Quantity.quantity><out_Quantity.quantity>711.143683</out_Quantity.quantity></Point><Point><position>2662</position><in_Quantity.quantity>0.000000</in_Quantity.quantity><out_Quantity.quantity>168.460924</out_Quantity.quantity></Point><Point><position>2663</position><in_Quantity.quantity>0.000000</in_Quantity.quantity><out_Quantity.quantity>115.534224</out_Quantity.quantity></Point><Point><position>2664</position><in_Quantity.quantity>0.000000</in_Quantity.quantity><out_Quantity.quantity>963.010661</out_Quantity.quantity></Point><Point><position>2665</position><in_Quantity.quantity>0.000000</in_Quantity.quantity><out_Quantity.quantity>457.459938</out_Quantity.quantity></Point><Point><position>2666</position><in_Quantity.quantity>0.000000</in_Quantity.quantity><out_Quantity.quantity>652.344123</out_Quantity.quantity></Point><Point><position>2667</position><in_Quantity.quantity>0.000000</in_Quantity.quantity><out_Quantity.quantity>254.379541</out_Quantity.quantity></Point><Point><position>2668</position><in_Quantity.quantity>0.000000</in_Quantity.quantity><out_Quantity.quantity>552.476925</out_Quantity.quantity></Point><Point><position>2669</position><in_Quantity.quantity>0.000000</in_Quantity.quantity><out_Quantity.quantity>670.199757</out_Quantity.quantity></Point><Point><position>2670</position><in_Quantity.quantity>0.000000</in_Quantity.quantity><out_Quantity.quantity>293.709434</out_Quantity.quantity></Point><Point><position>2671</position><in_Quantity.quantity>0.000000</in_Quantity.quantity><out_Quantity.quantity>220.569268</out_Quantity.quantity></Point><Point><position>2672</position><in_Quantity.quantity>0.000000</in_Quantity.quantity><out_Quantity.quantity>109.783926</out_Quantity.quantity></Point><Point><position>2673</position><in_Quantity.quantity>0.000000</in_Quantity.quantity><out_Quantity.quantity>680.072417</out_Quantity.quantity></Point><Point><position>2674</position><in_Quantity.quantity>0.000000</in_Quantity.quantity><out_Quantity.quantity>389.051251</out_Quantity.quantity></Point><Point><position>2675</position><in_Quantity.quantity>0.000000</in_Quantity.quantity><out_Quantity.quantity>658.957473</out_Quantity.quantity></Point><Point><position>2676</position><in_Quantity.quantity>0.000000</in_Quantity.quantity><out_Quantity.quantity>724.949642</out_Quantity.quantity></Point><Point><position>2677</position><in_Quantity.quantity>0.000000</in_Quantity.quantity><out_Quantity.quantity>961.346494</out_Quantity.quantity></Point><Point><position>2678</position><in_Quantity.quantity>0.000000</in_Quantity.quantity><out_Quantity.quantity>969.770324</out_Quantity.quantity></Point><Point><position>2679</position><in_Quantity.quantity>0.000000</in_Quantity.quantity><out_Quantity.quantity>263.060231</out_Quantity.quantity></Point><Point><position>2680</position><in_Quantity.quantity>0.000000</in_Quantity.quantity><out_Quantity.quantity>709.110624</out_Quantity.quantity></Point><Point><position>2681</position><in_Quantity.quantity>0.000000</in_Quantity.quantity><out_Quantity.quantity>880.779568</out_Quantity.quantity></Point><Point><position>2682</position><in_Quantity.quantity>0.000000</in_Quantity.quantity><out_Quantity.quantity>947.345164</out_Quantity.quantity></Point><Point><position>2683</position><in_Quantity.quantity>0.000000</in_Quantity.quantity><out_Quantity.quantity>614.876765</out_Quantity.quantity></Point><Point><position>2684</position><in_Quantity.quantity>0.000000</in_Quantity.quantity><out_Quantity.quantity>726.950144</out_Quantity.quantity></Point><Point><position>2685</position><in_Quantity.quantity>0.000000</in_Quantity.quantity><out_Quantity.quantity>522.787985</out_Quantity.quantity></Point><Point><position>2686</position><in_Quantity.quantity>0.000000</in_Quantity.quantity><out_Quantity.quantity>203.518476</out_Quantity.quantity></Point><Point><position>2687</position><in_Quantity.quantity>0.000000</in_Quantity.quantity><out_Quantity.quantity>273.453214</out_Quantity.quantity></Point><Point><position>2688</position><in_Quantity.quantity>0.000000</in_Quantity.quantity><out_Quantity.quantity>742.988556</out_Quantity.quantity></Point><Point><position>2689</position><in_Quantity.quantity>0.000000</in_Quantity.quantity><out_Quantity.quantity>711.983096</out_Quantity.quantity></Point><Point><position>2690</position><in_Quantity.quantity>0.000000</in_Quantity.quantity><out_Quantity.quantity>283.191568</out_Quantity.quantity></Point><Point><position>2691</position><in_Quantity.quantity>0.000000</in_Quantity.quantity><out_Quantity.quantity>502.002759</out_Quantity.quantity></Point><Point><position>2692</position><in_Quantity.quantity>0.000000</in_Quantity.quantity><out_Quantity.quantity>541.726898</out_Quantity.quantity></Point><Point><position>2693</position><in_Quantity.quantity>0.000000</in_Quantity.quantity><out_Quantity.quantity>338.828831</out_Quantity.quantity></Point><Point><position>2694</position><in_Quantity.quantity>0.000000</in_Quantity.quantity><out_Quantity.quantity>720.316524</out_Quantity.quantity></Point><Point><position>2695</position><in_Quantity.quantity>0.000000</in_Quantity.quantity><out_Quantity.quantity>437.091966</out_Quantity.quantity></Point><Point><position>2696</position><in_Quantity.quantity>0.000000</in_Quantity.quantity><out_Quantity.quantity>331.655372</out_Quantity.quantity></Point><Point><position>2697</position><in_Quantity.quantity>0.000000</in_Quantity.quantity><out_Quantity.quantity>907.024689</out_Quantity.quantity></Point><Point><position>2698</position><in_Quantity.quantity>0.000000</in_Quantity.quantity><out_Quantity.quantity>474.632387</out_Quantity.quantity></Point><Point><position>2699</position><in_Quantity.quantity>0.000000</in_Quantity.quantity><out_Quantity.quantity>755.171978</out_Quantity.quantity></Point><Point><position>2700</position><in_Quantity.quantity>0.000000</in_Quantity.quantity><out_Quantity.quantity>367.577691</out_Quantity.quantity></Point><Point><position>2701</position><in_Quantity.quantity>0.000000</in_Quantity.quantity><out_Quantity.quantity>959.704858</out_Quantity.quantity></Point><Point><position>2702</position><in_Quantity.quantity>0.000000</in_Quantity.quantity><out_Quantity.quantity>280.365807</out_Quantity.quantity></Point><Point><position>2703</position><in_Quantity.quantity>0.000000</in_Quantity.quantity><out_Quantity.quantity>632.982455</out_Quantity.quantity></Point><Point><position>2704</position><in_Quantity.quantity>0.000000</in_Quantity.quantity><out_Quantity.quantity>645.179793</out_Quantity.quantity></Point><Point><position>2705</position><in_Quantity.quantity>0.000000</in_Quantity.quantity><out_Quantity.quantity>680.101687</out_Quantity.quantity></Point><Point><position>2706</position><in_Quantity.quantity>0.000000</in_Quantity.quantity><out_Quantity.quantity>109.721240</out_Quantity.quantity></Point><Point><position>2707</position><in_Quantity.quantity>0.000000</in_Quantity.quantity><out_Quantity.quantity>988.364746</out_Quantity.quantity></Point><Point><position>2708</position><in_Quantity.quantity>0.000000</in_Quantity.quantity><out_Quantity.quantity>653.572017</out_Quantity.quantity></Point><Point><position>2709</position><in_Quantity.quantity>0.000000</in_Quantity.quantity><out_Quantity.quantity>328.038081</out_Quantity.quantity></Point><Point><position>2710</position><in_Quantity.quantity>0.000000</in_Quantity.quantity><out_Quantity.quantity>795.679074</out_Quantity.quantity></Point><Point><position>2711</position><in_Quantity.quantity>0.000000</in_Quantity.quantity><out_Quantity.quantity>978.009025</out_Quantity.quantity></Point><Point><position>2712</position><in_Quantity.quantity>0.000000</in_Quantity.quantity><out_Quantity.quantity>229.840198</out_Quantity.quantity></Point><Point><position>2713</position><in_Quantity.quantity>0.000000</in_Quantity.quantity><out_Quantity.quantity>431.660967</out_Quantity.quantity></Point><Point><position>2714</position><in_Quantity.quantity>0.000000</in_Quantity.quantity><out_Quantity.quantity>849.169876</out_Quantity.quantity></Point><Point><position>2715</position><in_Quantity.quantity>0.000000</in_Quantity.quantity><out_Quantity.quantity>782.415524</out_Quantity.quantity></Point><Point><position>2716</position><in_Quantity.quantity>0.000000</in_Quantity.quantity><out_Quantity.quantity>840.547874</out_Quantity.quantity></Point><Point><position>2717</position><in_Quantity.quantity>0.000000</in_Quantity.quantity><out_Quantity.quantity>852.456718</out_Quantity.quantity></Point><Point><position>2718</position><in_Quantity.quantity>0.000000</in_Quantity.quantity><out_Quantity.quantity>865.469243</out_Quantity.quantity></Point><Point><position>2719</position><in_Quantity.quantity>0.000000</in_Quantity.quantity><out_Quantity.quantity>659.473583</out_Quantity.quantity></Point><Point><position>2720</position><in_Quantity.quantity>0.000000</in_Quantity.quantity><out_Quantity.quantity>186.540509</out_Quantity.quantity></Point><Point><position>2721</position><in_Quantity.quantity>0.000000</in_Quantity.quantity><out_Quantity.quantity>455.419225</out_Quantity.quantity></Point><Point><position>2722</position><in_Quantity.quantity>0.000000</in_Quantity.quantity><out_Quantity.quantity>961.913965</out_Quantity.quantity></Point><Point><position>2723</position><in_Quantity.quantity>0.000000</in_Quantity.quantity><out_Quantity.quantity>695.370231</out_Quantity.quantity></Point><Point><position>2724</position><in_Quantity.quantity>0.000000</in_Quantity.quantity><out_Quantity.quantity>983.244003</out_Quantity.quantity></Point><Point><position>2725</position><in_Quantity.quantity>0.000000</in_Quantity.quantity><out_Quantity.quantity>252.281877</out_Quantity.quantity></Point><Point><position>2726</position><in_Quantity.quantity>0.000000</in_Quantity.quantity><out_Quantity.quantity>880.073222</out_Quantity.quantity></Point><Point><position>2727</position><in_Quantity.quantity>0.000000</in_Quantity.quantity><out_Quantity.quantity>265.215416</out_Quantity.quantity></Point><Point><position>2728</position><in_Quantity.quantity>0.000000</in_Quantity.quantity><out_Quantity.quantity>978.882620</out_Quantity.quantity></Point><Point><position>2729</position><in_Quantity.quantity>0.000000</in_Quantity.quantity><out_Quantity.quantity>64.769103</out_Quantity.quantity></Point><Point><position>2730</position><in_Quantity.quantity>0.000000</in_Quantity.quantity><out_Quantity.quantity>747.823881</out_Quantity.quantity></Point><Point><position>2731</position><in_Quantity.quantity>0.000000</in_Quantity.quantity><out_Quantity.quantity>57.279226</out_Quantity.quantity></Point><Point><position>2732</position><in_Quantity.quantity>0.000000</in_Quantity.quantity><out_Quantity.quantity>990.492086</out_Quantity.quantity></Point><Point><position>2733</position><in_Quantity.quantity>0.000000</in_Quantity.quantity><out_Quantity.quantity>48.040482</out_Quantity.quantity></Point><Point><position>2734</position><in_Quantity.quantity>0.000000</in_Quantity.quantity><out_Quantity.quantity>608.292066</out_Quantity.quantity></Point><Point><position>2735</position><in_Quantity.quantity>0.000000</in_Quantity.quantity><out_Quantity.quantity>288.720476</out_Quantity.quantity></Point><Point><position>2736</position><in_Quantity.quantity>0.000000</in_Quantity.quantity><out_Quantity.quantity>588.672304</out_Quantity.quantity></Point><Point><position>2737</position><in_Quantity.quantity>0.000000</in_Quantity.quantity><out_Quantity.quantity>500.399307</out_Quantity.quantity></Point><Point><position>2738</position><in_Quantity.quantity>0.000000</in_Quantity.quantity><out_Quantity.quantity>512.273599</out_Quantity.quantity></Point><Point><position>2739</position><in_Quantity.quantity>0.000000</in_Quantity.quantity><out_Quantity.quantity>745.970527</out_Quantity.quantity></Point><Point><position>2740</position><in_Quantity.quantity>0.000000</in_Quantity.quantity><out_Quantity.quantity>267.258014</out_Quantity.quantity></Point><Point><position>2741</position><in_Quantity.quantity>0.000000</in_Quantity.quantity><out_Quantity.quantity>412.144562</out_Quantity.quantity></Point><Point><position>2742</position><in_Quantity.quantity>0.000000</in_Quantity.quantity><out_Quantity.quantity>390.740573</out_Quantity.quantity></Point><Point><position>2743</position><in_Quantity.quantity>0.000000</in_Quantity.quantity><out_Quantity.quantity>205.450973</out_Quantity.quantity></Point><Point><position>2744</position><in_Quantity.quantity>0.000000</in_Quantity.quantity><out_Quantity.quantity>67.924113</out_Quantity.quantity></Point><Point><position>2745</position><in_Quantity.quantity>0.000000</in_Quantity.quantity><out_Quantity.quantity>689.903436</out_Quantity.quantity></Point><Point><position>2746</position><in_Quantity.quantity>0.000000</in_Quantity.quantity><out_Quantity.quantity>691.552626</out_Quantity.quantity></Point><Point><position>2747</position><in_Quantity.quantity>0.000000</in_Quantity.quantity><out_Quantity.quantity>781.120046</out_Quantity.quantity></Point><Point><position>2748</position><in_Quantity.quantity>0.000000</in_Quantity.quantity><out_Quantity.quantity>799.442321</out_Quantity.quantity></Point><Point><position>2749</position><in_Quantity.quantity>0.000000</in_Quantity.quantity><out_Quantity.quantity>879.999572</out_Quantity.quantity></Point><Point><position>2750</position><in_Quantity.quantity>0.000000</in_Quantity.quantity><out_Quantity.quantity>739.515225</out_Quantity.quantity></Point><Point><position>2751</position><in_Quantity.quantity>0.000000</in_Quantity.quantity><out_Quantity.quantity>312.499737</out_Quantity.quantity></Point><Point><position>2752</position><in_Quantity.quantity>0.000000</in_Quantity.quantity><out_Quantity.quantity>229.415354</out_Quantity.quantity></Point><Point><position>2753</position><in_Quantity.quantity>0.000000</in_Quantity.quantity><out_Quantity.quantity>937.546809</out_Quantity.quantity></Point><Point><position>2754</position><in_Quantity.quantity>0.000000</in_Quantity.quantity><out_Quantity.quantity>18.101075</out_Quantity.quantity></Point><Point><position>2755</position><in_Quantity.quantity>0.000000</in_Quantity.quantity><out_Quantity.quantity>502.384314</out_Quantity.quantity></Point><Point><position>2756</position><in_Quantity.quantity>0.000000</in_Quantity.quantity><out_Quantity.quantity>983.114760</out_Quantity.quantity></Point><Point><position>2757</position><in_Quantity.quantity>0.000000</in_Quantity.quantity><out_Quantity.quantity>375.184212</out_Quantity.quantity></Point><Point><position>2758</position><in_Quantity.quantity>0.000000</in_Quantity.quantity><out_Quantity.quantity>34.500099</out_Quantity.quantity></Point><Point><position>2759</position><in_Quantity.quantity>0.000000</in_Quantity.quantity><out_Quantity.quantity>734.867259</out_Quantity.quantity></Point><Point><position>2760</position><in_Quantity.quantity>0.000000</in_Quantity.quantity><out_Quantity.quantity>289.695852</out_Quantity.quantity></Point><Point><position>2761</position><in_Quantity.quantity>0.000000</in_Quantity.quantity><out_Quantity.quantity>504.240347</out_Quantity.quantity></Point><Point><position>2762</position><in_Quantity.quantity>0.000000</in_Quantity.quantity><out_Quantity.quantity>962.492689</out_Quantity.quantity></Point><Point><position>2763</position><in_Quantity.quantity>0.000000</in_Quantity.quantity><out_Quantity.quantity>218.994446</out_Quantity.quantity></Point><Point><position>2764</position><in_Quantity.quantity>0.000000</in_Quantity.quantity><out_Quantity.quantity>700.612205</out_Quantity.quantity></Point><Point><position>2765</position><in_Quantity.quantity>0.000000</in_Quantity.quantity><out_Quantity.quantity>513.277230</out_Quantity.quantity></Point><Point><position>2766</position><in_Quantity.quantity>0.000000</in_Quantity.quantity><out_Quantity.quantity>56.606784</out_Quantity.quantity></Point><Point><position>2767</position><in_Quantity.quantity>0.000000</in_Quantity.quantity><out_Quantity.quantity>570.427962</out_Quantity.quantity></Point><Point><position>2768</position><in_Quantity.quantity>0.000000</in_Quantity.quantity><out_Quantity.quantity>207.924194</out_Quantity.quantity></Point><Point><position>2769</position><in_Quantity.quantity>0.000000</in_Quantity.quantity><out_Quantity.quantity>690.127445</out_Quantity.quantity></Point><Point><position>2770</position><in_Quantity.quantity>0.000000</in_Quantity.quantity><out_Quantity.quantity>45.643868</out_Quantity.quantity></Point><Point><position>2771</position><in_Quantity.quantity>0.000000</in_Quantity.quantity><out_Quantity.quantity>404.627052</out_Quantity.quantity></Point><Point><position>2772</position><in_Quantity.quantity>0.000000</in_Quantity.quantity><out_Quantity.quantity>465.534996</out_Quantity.quantity></Point><Point><position>2773</position><in_Quantity.quantity>0.000000</in_Quantity.quantity><out_Quantity.quantity>9.422260</out_Quantity.quantity></Point><Point><position>2774</position><in_Quantity.quantity>0.000000</in_Quantity.quantity><out_Quantity.quantity>327.366738</out_Quantity.quantity></Point><Point><position>2775</position><in_Quantity.quantity>0.000000</in_Quantity.quantity><out_Quantity.quantity>127.055764</out_Quantity.quantity></Point><Point><position>2776</position><in_Quantity.quantity>0.000000</in_Quantity.quantity><out_Quantity.quantity>109.593801</out_Quantity.quantity></Point><Point><position>2777</position><in_Quantity.quantity>0.000000</in_Quantity.quantity><out_Quantity.quantity>235.094004</out_Quantity.quantity></Point><Point><position>2778</position><in_Quantity.quantity>0.000000</in_Quantity.quantity><out_Quantity.quantity>339.973504</out_Quantity.quantity></Point><Point><position>2779</position><in_Quantity.quantity>0.000000</in_Quantity.quantity><out_Quantity.quantity>88.102293</out_Quantity.quantity></Point><Point><position>2780</position><in_Quantity.quantity>0.000000</in_Quantity.quantity><out_Quantity.quantity>654.210545</out_Quantity.quantity></Point><Point><position>2781</position><in_Quantity.quantity>0.000000</in_Quantity.quantity><out_Quantity.quantity>600.705812</out_Quantity.quantity></Point><Point><position>2782</position><in_Quantity.quantity>0.000000</in_Quantity.quantity><out_Quantity.quantity>446.859677</out_Quantity.quantity></Point><Point><position>2783</position><in_Quantity.quantity>0.000000</in_Quantity.quantity><out_Quantity.quantity>594.302655</out_Quantity.quantity></Point><Point><position>2784</position><in_Quantity.quantity>0.000000</in_Quantity.quantity><out_Quantity.quantity>622.571425</out_Quantity.quantity></Point><Point><position>2785</position><in_Quantity.quantity>0.000000</in_Quantity.quantity><out_Quantity.quantity>434.723303</out_Quantity.quantity></Point><Point><position>2786</position><in_Quantity.quantity>0.000000</in_Quantity.quantity><out_Quantity.quantity>200.703786</out_Quantity.quantity></Point><Point><position>2787</position><in_Quantity.quantity>0.000000</in_Quantity.quantity><out_Quantity.quantity>173.024363</out_Quantity.quantity></Point><Point><position>2788</position><in_Quantity.quantity>0.000000</in_Quantity.quantity><out_Quantity.quantity>437.786493</out_Quantity.quantity></Point><Point><position>2789</position><in_Quantity.quantity>0.000000</in_Quantity.quantity><out_Quantity.quantity>707.234961</out_Quantity.quantity></Point><Point><position>2790</position><in_Quantity.quantity>0.000000</in_Quantity.quantity><out_Quantity.quantity>435.392773</out_Quantity.quantity></Point><Point><position>2791</position><in_Quantity.quantity>0.000000</in_Quantity.quantity><out_Quantity.quantity>968.847709</out_Quantity.quantity></Point><Point><position>2792</position><in_Quantity.quantity>0.000000</in_Quantity.quantity><out_Quantity.quantity>408.772469</out_Quantity.quantity></Point><Point><position>2793</position><in_Quantity.quantity>0.000000</in_Quantity.quantity><out_Quantity.quantity>768.064326</out_Quantity.quantity></Point><Point><position>2794</position><in_Quantity.quantity>0.000000</in_Quantity.quantity><out_Quantity.quantity>300.024499</out_Quantity.quantity></Point><Point><position>2795</position><in_Quantity.quantity>0.000000</in_Quantity.quantity><out_Quantity.quantity>114.710169</out_Quantity.quantity></Point><Point><position>2796</position><in_Quantity.quantity>0.000000</in_Quantity.quantity><out_Quantity.quantity>359.031409</out_Quantity.quantity></Point><Point><position>2797</position><in_Quantity.quantity>0.000000</in_Quantity.quantity><out_Quantity.quantity>307.504148</out_Quantity.quantity></Point><Point><position>2798</position><in_Quantity.quantity>0.000000</in_Quantity.quantity><out_Quantity.quantity>777.917780</out_Quantity.quantity></Point><Point><position>2799</position><in_Quantity.quantity>0.000000</in_Quantity.quantity><out_Quantity.quantity>822.827097</out_Quantity.quantity></Point><Point><position>2800</position><in_Quantity.quantity>0.000000</in_Quantity.quantity><out_Quantity.quantity>685.803904</out_Quantity.quantity></Point><Point><position>2801</position><in_Quantity.quantity>0.000000</in_Quantity.quantity><out_Quantity.quantity>820.575921</out_Quantity.quantity></Point><Point><position>2802</position><in_Quantity.quantity>0.000000</in_Quantity.quantity><out_Quantity.quantity>87.870339</out_Quantity.quantity></Point><Point><position>2803</position><in_Quantity.quantity>0.000000</in_Quantity.quantity><out_Quantity.quantity>751.258862</out_Quantity.quantity></Point><Point><position>2804</position><in_Quantity.quantity>0.000000</in_Quantity.quantity><out_Quantity.quantity>378.384109</out_Quantity.quantity></Point><Point><position>2805</position><in_Quantity.quantity>0.000000</in_Quantity.quantity><out_Quantity.quantity>499.949879</out_Quantity.quantity></Point><Point><position>2806</position><in_Quantity.quantity>0.000000</in_Quantity.quantity><out_Quantity.quantity>873.889884</out_Quantity.quantity></Point><Point><position>2807</position><in_Quantity.quantity>0.000000</in_Quantity.quantity><out_Quantity.quantity>340.495505</out_Quantity.quantity></Point><Point><position>2808</position><in_Quantity.quantity>0.000000</in_Quantity.quantity><out_Quantity.quantity>316.721587</out_Quantity.quantity></Point><Point><position>2809</position><in_Quantity.quantity>0.000000</in_Quantity.quantity><out_Quantity.quantity>242.941382</out_Quantity.quantity></Point><Point><position>2810</position><in_Quantity.quantity>0.000000</in_Quantity.quantity><out_Quantity.quantity>789.168648</out_Quantity.quantity></Point><Point><position>2811</position><in_Quantity.quantity>0.000000</in_Quantity.quantity><out_Quantity.quantity>949.240576</out_Quantity.quantity></Point><Point><position>2812</position><in_Quantity.quantity>0.000000</in_Quantity.quantity><out_Quantity.quantity>342.495990</out_Quantity.quantity></Point><Point><position>2813</position><in_Quantity.quantity>0.000000</in_Quantity.quantity><out_Quantity.quantity>409.681918</out_Quantity.quantity></Point><Point><position>2814</position><in_Quantity.quantity>0.000000</in_Quantity.quantity><out_Quantity.quantity>380.327791</out_Quantity.quantity></Point><Point><position>2815</position><in_Quantity.quantity>0.000000</in_Quantity.quantity><out_Quantity.quantity>772.578214</out_Quantity.quantity></Point><Point><position>2816</position><in_Quantity.quantity>0.000000</in_Quantity.quantity><out_Quantity.quantity>3.774358</out_Quantity.quantity></Point><Point><position>2817</position><in_Quantity.quantity>0.000000</in_Quantity.quantity><out_Quantity.quantity>168.036808</out_Quantity.quantity></Point><Point><position>2818</position><in_Quantity.quantity>0.000000</in_Quantity.quantity><out_Quantity.quantity>902.414904</out_Quantity.quantity></Point><Point><position>2819</position><in_Quantity.quantity>0.000000</in_Quantity.quantity><out_Quantity.quantity>85.133487</out_Quantity.quantity></Point><Point><position>2820</position><in_Quantity.quantity>0.000000</in_Quantity.quantity><out_Quantity.quantity>779.320992</out_Quantity.quantity></Point><Point><position>2821</position><in_Quantity.quantity>0.000000</in_Quantity.quantity><out_Quantity.quantity>137.269248</out_Quantity.quantity></Point><Point><position>2822</position><in_Quantity.quantity>0.000000</in_Quantity.quantity><out_Quantity.quantity>235.078394</out_Quantity.quantity></Point><Point><position>2823</position><in_Quantity.quantity>0.000000</in_Quantity.quantity><out_Quantity.quantity>173.204687</out_Quantity.quantity></Point><Point><position>2824</position><in_Quantity.quantity>0.000000</in_Quantity.quantity><out_Quantity.quantity>927.493939</out_Quantity.quantity></Point><Point><position>2825</position><in_Quantity.quantity>0.000000</in_Quantity.quantity><out_Quantity.quantity>692.058216</out_Quantity.quantity></Point><Point><position>2826</position><in_Quantity.quantity>0.000000</in_Quantity.quantity><out_Quantity.quantity>957.521564</out_Quantity.quantity></Point><Point><position>2827</position><in_Quantity.quantity>0.000000</in_Quantity.quantity><out_Quantity.quantity>150.860141</out_Quantity.quantity></Point><Point><position>2828</position><in_Quantity.quantity>0.000000</in_Quantity.quantity><out_Quantity.quantity>394.821815</out_Quantity.quantity></Point><Point><position>2829</position><in_Quantity.quantity>0.000000</in_Quantity.quantity><out_Quantity.quantity>34.260999</out_Quantity.quantity></Point><Point><position>2830</position><in_Quantity.quantity>0.000000</in_Quantity.quantity><out_Quantity.quantity>275.870352</out_Quantity.quantity></Point><Point><position>2831</position><in_Quantity.quantity>0.000000</in_Quantity.quantity><out_Quantity.quantity>229.895099</out_Quantity.quantity></Point><Point><position>2832</position><in_Quantity.quantity>0.000000</in_Quantity.quantity><out_Quantity.quantity>812.853278</out_Quantity.quantity></Point><Point><position>2833</position><in_Quantity.quantity>0.000000</in_Quantity.quantity><out_Quantity.quantity>121.102065</out_Quantity.quantity></Point><Point><position>2834</position><in_Quantity.quantity>0.000000</in_Quantity.quantity><out_Quantity.quantity>69.923407</out_Quantity.quantity></Point><Point><position>2835</position><in_Quantity.quantity>0.000000</in_Quantity.quantity><out_Quantity.quantity>441.674474</out_Quantity.quantity></Point><Point><position>2836</position><in_Quantity.quantity>0.000000</in_Quantity.quantity><out_Quantity.quantity>441.920292</out_Quantity.quantity></Point><Point><position>2837</position><in_Quantity.quantity>0.000000</in_Quantity.quantity><out_Quantity.quantity>703.008721</out_Quantity.quantity></Point><Point><position>2838</position><in_Quantity.quantity>0.000000</in_Quantity.quantity><out_Quantity.quantity>487.616580</out_Quantity.quantity></Point><Point><position>2839</position><in_Quantity.quantity>0.000000</in_Quantity.quantity><out_Quantity.quantity>281.612277</out_Quantity.quantity></Point><Point><position>2840</position><in_Quantity.quantity>0.000000</in_Quantity.quantity><out_Quantity.quantity>45.382536</out_Quantity.quantity></Point><Point><position>2841</position><in_Quantity.quantity>0.000000</in_Quantity.quantity><out_Quantity.quantity>917.286437</out_Quantity.quantity></Point><Point><position>2842</position><in_Quantity.quantity>0.000000</in_Quantity.quantity><out_Quantity.quantity>500.046301</out_Quantity.quantity></Point><Point><position>2843</position><in_Quantity.quantity>0.000000</in_Quantity.quantity><out_Quantity.quantity>322.913349</out_Quantity.quantity></Point><Point><position>2844</position><in_Quantity.quantity>0.000000</in_Quantity.quantity><out_Quantity.quantity>922.792206</out_Quantity.quantity></Point><Point><position>2845</position><in_Quantity.quantity>0.000000</in_Quantity.quantity><out_Quantity.quantity>666.757908</out_Quantity.quantity></Point><Point><position>2846</position><in_Quantity.quantity>0.000000</in_Quantity.quantity><out_Quantity.quantity>297.768737</out_Quantity.quantity></Point><Point><position>2847</position><in_Quantity.quantity>0.000000</in_Quantity.quantity><out_Quantity.quantity>485.204145</out_Quantity.quantity></Point><Point><position>2848</position><in_Quantity.quantity>0.000000</in_Quantity.quantity><out_Quantity.quantity>12.318745</out_Quantity.quantity></Point><Point><position>2849</position><in_Quantity.quantity>0.000000</in_Quantity.quantity><out_Quantity.quantity>956.166044</out_Quantity.quantity></Point><Point><position>2850</position><in_Quantity.quantity>0.000000</in_Quantity.quantity><out_Quantity.quantity>316.951587</out_Quantity.quantity></Point><Point><position>2851</position><in_Quantity.quantity>0.000000</in_Quantity.quantity><out_Quantity.quantity>638.704934</out_Quantity.quantity></Point><Point><position>2852</position><in_Quantity.quantity>0.000000</in_Quantity.quantity><out_Quantity.quantity>567.642083</out_Quantity.quantity></Point><Point><position>2853</position><in_Quantity.quantity>0.000000</in_Quantity.quantity><out_Quantity.quantity>558.267568</out_Quantity.quantity></Point><Point><position>2854</position><in_Quantity.quantity>0.000000</in_Quantity.quantity><out_Quantity.quantity>354.270524</out_Quantity.quantity></Point><Point><position>2855</position><in_Quantity.quantity>0.000000</in_Quantity.quantity><out_Quantity.quantity>831.431431</out_Quantity.quantity></Point><Point><position>2856</position><in_Quantity.quantity>0.000000</in_Quantity.quantity><out_Quantity.quantity>254.836359</out_Quantity.quantity></Point><Point><position>2857</position><in_Quantity.quantity>0.000000</in_Quantity.quantity><out_Quantity.quantity>497.289892</out_Quantity.quantity></Point><Point><position>2858</position><in_Quantity.quantity>0.000000</in_Quantity.quantity><out_Quantity.quantity>750.399402</out_Quantity.quantity></Point><Point><position>2859</position><in_Quantity.quantity>0.000000</in_Quantity.quantity><out_Quantity.quantity>603.446098</out_Quantity.quantity></Point><Point><position>2860</position><in_Quantity.quantity>0.000000</in_Quantity.quantity><out_Quantity.quantity>487.850066</out_Quantity.quantity></Point><Point><position>2861</position><in_Quantity.quantity>0.000000</in_Quantity.quantity><out_Quantity.quantity>359.362999</out_Quantity.quantity></Point><Point><position>2862</position><in_Quantity.quantity>0.000000</in_Quantity.quantity><out_Quantity.quantity>291.459894</out_Quantity.quantity></Point><Point><position>2863</position><in_Quantity.quantity>0.000000</in_Quantity.quantity><out_Quantity.quantity>963.288803</out_Quantity.quantity></Point><Point><position>2864</position><in_Quantity.quantity>0.000000</in_Quantity.quantity><out_Quantity.quantity>898.669281</out_Quantity.quantity></Point><Point><position>2865</position><in_Quantity.quantity>0.000000</in_Quantity.quantity><out_Quantity.quantity>676.151274</out_Quantity.quantity></Point><Point><position>2866</position><in_Quantity.quantity>0.000000</in_Quantity.quantity><out_Quantity.quantity>286.957146</out_Quantity.quantity></Point><Point><position>2867</position><in_Quantity.quantity>0.000000</in_Quantity.quantity><out_Quantity.quantity>673.592091</out_Quantity.quantity></Point><Point><position>2868</position><in_Quantity.quantity>0.000000</in_Quantity.quantity><out_Quantity.quantity>831.277346</out_Quantity.quantity></Point><Point><position>2869</position><in_Quantity.quantity>0.000000</in_Quantity.quantity><out_Quantity.quantity>629.313306</out_Quantity.quantity></Point><Point><position>2870</position><in_Quantity.quantity>0.000000</in_Quantity.quantity><out_Quantity.quantity>27.575955</out_Quantity.quantity></Point><Point><position>2871</position><in_Quantity.quantity>0.000000</in_Quantity.quantity><out_Quantity.quantity>383.838976</out_Quantity.quantity></Point><Point><position>2872</position><in_Quantity.quantity>0.000000</in_Quantity.quantity><out_Quantity.quantity>22.178954</out_Quantity.quantity></Point><Point><position>2873</position><in_Quantity.quantity>0.000000</in_Quantity.quantity><out_Quantity.quantity>528.311109</out_Quantity.quantity></Point><Point><position>2874</position><in_Quantity.quantity>0.000000</in_Quantity.quantity><out_Quantity.quantity>913.070407</out_Quantity.quantity></Point><Point><position>2875</position><in_Quantity.quantity>0.000000</in_Quantity.quantity><out_Quantity.quantity>900.896967</out_Quantity.quantity></Point><Point><position>2876</position><in_Quantity.quantity>0.000000</in_Quantity.quantity><out_Quantity.quantity>865.299472</out_Quantity.quantity></Point><Point><position>2877</position><in_Quantity.quantity>0.000000</in_Quantity.quantity><out_Quantity.quantity>63.033101</out_Quantity.quantity></Point><Point><position>2878</position><in_Quantity.quantity>0.000000</in_Quantity.quantity><out_Quantity.quantity>485.837932</out_Quantity.quantity></Point><Point><position>2879</position><in_Quantity.quantity>0.000000</in_Quantity.quantity><out_Quantity.quantity>475.736279</out_Quantity.quantity></Point><Point><position>2880</position><in_Quantity.quantity>0.000000</in_Quantity.quantity><out_Quantity.quantity>225.991346</out_Quantity.quantity></Point><Point><position>2881</position><in_Quantity.quantity>0.000000</in_Quantity.quantity><out_Quantity.quantity>167.461203</out_Quantity.quantity></Point><Point><position>2882</position><in_Quantity.quantity>0.000000</in_Quantity.quantity><out_Quantity.quantity>182.101229</out_Quantity.quantity></Point><Point><position>2883</position><in_Quantity.quantity>0.000000</in_Quantity.quantity><out_Quantity.quantity>370.785087</out_Quantity.quantity></Point><Point><position>2884</position><in_Quantity.quantity>0.000000</in_Quantity.quantity><out_Quantity.quantity>3.476865</out_Quantity.quantity></Point><Point><position>2885</position><in_Quantity.quantity>0.000000</in_Quantity.quantity><out_Quantity.quantity>311.923565</out_Quantity.quantity></Point><Point><position>2886</position><in_Quantity.quantity>0.000000</in_Quantity.quantity><out_Quantity.quantity>426.460085</out_Quantity.quantity></Point><Point><position>2887</position><in_Quantity.quantity>0.000000</in_Quantity.quantity><out_Quantity.quantity>4.219138</out_Quantity.quantity></Point><Point><position>2888</position><in_Quantity.quantity>0.000000</in_Quantity.quantity><out_Quantity.quantity>124.816289</out_Quantity.quantity></Point><Point><position>2889</position><in_Quantity.quantity>0.000000</in_Quantity.quantity><out_Quantity.quantity>520.704829</out_Quantity.quantity></Point><Point><position>2890</position><in_Quantity.quantity>0.000000</in_Quantity.quantity><out_Quantity.quantity>685.458053</out_Quantity.quantity></Point><Point><position>2891</position><in_Quantity.quantity>0.000000</in_Quantity.quantity><out_Quantity.quantity>548.116934</out_Quantity.quantity></Point><Point><position>2892</position><in_Quantity.quantity>0.000000</in_Quantity.quantity><out_Quantity.quantity>519.634018</out_Quantity.quantity></Point><Point><position>2893</position><in_Quantity.quantity>0.000000</in_Quantity.quantity><out_Quantity.quantity>1.616406</out_Quantity.quantity></Point><Point><position>2894</position><in_Quantity.quantity>0.000000</in_Quantity.quantity><out_Quantity.quantity>645.098664</out_Quantity.quantity></Point><Point><position>2895</position><in_Quantity.quantity>0.000000</in_Quantity.quantity><out_Quantity.quantity>11.796453</out_Quantity.quantity></Point><Point><position>2896</position><in_Quantity.quantity>0.000000</in_Quantity.quantity><out_Quantity.quantity>175.120676</out_Quantity.quantity></Point><Point><position>2897</position><in_Quantity.quantity>0.000000</in_Quantity.quantity><out_Quantity.quantity>725.391683</out_Quantity.quantity></Point><Point><position>2898</position><in_Quantity.quantity>0.000000</in_Quantity.quantity><out_Quantity.quantity>44.332527</out_Quantity.quantity></Point><Point><position>2899</position><in_Quantity.quantity>0.000000</in_Quantity.quantity><out_Quantity.quantity>822.920260</out_Quantity.quantity></Point><Point><position>2900</position><in_Quantity.quantity>0.000000</in_Quantity.quantity><out_Quantity.quantity>887.028182</out_Quantity.quantity></Point><Point><position>2901</position><in_Quantity.quantity>0.000000</in_Quantity.quantity><out_Quantity.quantity>123.002805</out_Quantity.quantity></Point><Point><position>2902</position><in_Quantity.quantity>0.000000</in_Quantity.quantity><out_Quantity.quantity>430.244357</out_Quantity.quantity></Point><Point><position>2903</position><in_Quantity.quantity>0.000000</in_Quantity.quantity><out_Quantity.quantity>58.686007</out_Quantity.quantity></Point><Point><position>2904</position><in_Quantity.quantity>0.000000</in_Quantity.quantity><out_Quantity.quantity>444.244691</out_Quantity.quantity></Point><Point><position>2905</position><in_Quantity.quantity>0.000000</in_Quantity.quantity><out_Quantity.quantity>796.647154</out_Quantity.quantity></Point><Point><position>2906</position><in_Quantity.quantity>0.000000</in_Quantity.quantity><out_Quantity.quantity>950.615800</out_Quantity.quantity></Point><Point><position>2907</position><in_Quantity.quantity>0.000000</in_Quantity.quantity><out_Quantity.quantity>486.807239</out_Quantity.quantity></Point><Point><position>2908</position><in_Quantity.quantity>0.000000</in_Quantity.quantity><out_Quantity.quantity>430.367672</out_Quantity.quantity></Point><Point><position>2909</position><in_Quantity.quantity>0.000000</in_Quantity.quantity><out_Quantity.quantity>829.957177</out_Quantity.quantity></Point><Point><position>2910</position><in_Quantity.quantity>0.000000</in_Quantity.quantity><out_Quantity.quantity>774.068426</out_Quantity.quantity></Point><Point><position>2911</position><in_Quantity.quantity>0.000000</in_Quantity.quantity><out_Quantity.quantity>297.033569</out_Quantity.quantity></Point><Point><position>2912</position><in_Quantity.quantity>0.000000</in_Quantity.quantity><out_Quantity.quantity>540.627988</out_Quantity.quantity></Point><Point><position>2913</position><in_Quantity.quantity>0.000000</in_Quantity.quantity><out_Quantity.quantity>255.773106</out_Quantity.quantity></Point><Point><position>2914</position><in_Quantity.quantity>0.000000</in_Quantity.quantity><out_Quantity.quantity>760.560250</out_Quantity.quantity></Point><Point><position>2915</position><in_Quantity.quantity>0.000000</in_Quantity.quantity><out_Quantity.quantity>116.087324</out_Quantity.quantity></Point><Point><position>2916</position><in_Quantity.quantity>0.000000</in_Quantity.quantity><out_Quantity.quantity>627.741981</out_Quantity.quantity></Point><Point><position>2917</position><in_Quantity.quantity>0.000000</in_Quantity.quantity><out_Quantity.quantity>64.813272</out_Quantity.quantity></Point><Point><position>2918</position><in_Quantity.quantity>0.000000</in_Quantity.quantity><out_Quantity.quantity>18.554206</out_Quantity.quantity></Point><Point><position>2919</position><in_Quantity.quantity>0.000000</in_Quantity.quantity><out_Quantity.quantity>288.217613</out_Quantity.quantity></Point><Point><position>2920</position><in_Quantity.quantity>0.000000</in_Quantity.quantity><out_Quantity.quantity>394.569859</out_Quantity.quantity></Point><Point><position>2921</position><in_Quantity.quantity>0.000000</in_Quantity.quantity><out_Quantity.quantity>497.813569</out_Quantity.quantity></Point><Point><position>2922</position><in_Quantity.quantity>0.000000</in_Quantity.quantity><out_Quantity.quantity>775.415114</out_Quantity.quantity></Point><Point><position>2923</position><in_Quantity.quantity>0.000000</in_Quantity.quantity><out_Quantity.quantity>176.112191</out_Quantity.quantity></Point><Point><position>2924</position><in_Quantity.quantity>0.000000</in_Quantity.quantity><out_Quantity.quantity>852.365267</out_Quantity.quantity></Point><Point><position>2925</position><in_Quantity.quantity>0.000000</in_Quantity.quantity><out_Quantity.quantity>2.795792</out_Quantity.quantity></Point><Point><position>2926</position><in_Quantity.quantity>0.000000</in_Quantity.quantity><out_Quantity.quantity>900.886758</out_Quantity.quantity></Point><Point><position>2927</position><in_Quantity.quantity>0.000000</in_Quantity.quantity><out_Quantity.quantity>575.239002</out_Quantity.quantity></Point><Point><position>2928</position><in_Quantity.quantity>0.000000</in_Quantity.quantity><out_Quantity.quantity>704.005016</out_Quantity.quantity></Point><Point><position>2929</position><in_Quantity.quantity>0.000000</in_Quantity.quantity><out_Quantity.quantity>390.695594</out_Quantity.quantity></Point><Point><position>2930</position><in_Quantity.quantity>0.000000</in_Quantity.quantity><out_Quantity.quantity>771.620114</out_Quantity.quantity></Point><Point><position>2931</position><in_Quantity.quantity>0.000000</in_Quantity.quantity><out_Quantity.quantity>403.974351</out_Quantity.quantity></Point><Point><position>2932</position><in_Quantity.quantity>0.000000</in_Quantity.quantity><out_Quantity.quantity>761.006524</out_Quantity.quantity></Point><Point><position>2933</position><in_Quantity.quantity>0.000000</in_Quantity.quantity><out_Quantity.quantity>114.194157</out_Quantity.quantity></Point><Point><position>2934</position><in_Quantity.quantity>0.000000</in_Quantity.quantity><out_Quantity.quantity>545.374518</out_Quantity.quantity></Point><Point><position>2935</position><in_Quantity.quantity>0.000000</in_Quantity.quantity><out_Quantity.quantity>669.887299</out_Quantity.quantity></Point><Point><position>2936</position><in_Quantity.quantity>0.000000</in_Quantity.quantity><out_Quantity.quantity>885.538676</out_Quantity.quantity></Point><Point><position>2937</position><in_Quantity.quantity>0.000000</in_Quantity.quantity><out_Quantity.quantity>239.388299</out_Quantity.quantity></Point><Point><position>2938</position><in_Quantity.quantity>0.000000</in_Quantity.quantity><out_Quantity.quantity>479.197338</out_Quantity.quantity></Point><Point><position>2939</position><in_Quantity.quantity>0.000000</in_Quantity.quantity><out_Quantity.quantity>62.434235</out_Quantity.quantity></Point><Point><position>2940</position><in_Quantity.quantity>0.000000</in_Quantity.quantity><out_Quantity.quantity>852.876634</out_Quantity.quantity></Point><Point><position>2941</position><in_Quantity.quantity>0.000000</in_Quantity.quantity><out_Quantity.quantity>696.961647</out_Quantity.quantity></Point><Point><position>2942</position><in_Quantity.quantity>0.000000</in_Quantity.quantity><out_Quantity.quantity>327.282864</out_Quantity.quantity></Point><Point><position>2943</position><in_Quantity.quantity>0.000000</in_Quantity.quantity><out_Quantity.quantity>515.087017</out_Quantity.quantity></Point><Point><position>2944</position><in_Quantity.quantity>0.000000</in_Quantity.quantity><out_Quantity.quantity>998.859196</out_Quantity.quantity></Point><Point><position>2945</position><in_Quantity.quantity>0.000000</in_Quantity.quantity><out_Quantity.quantity>100.505208</out_Quantity.quantity></Point><Point><position>2946</position><in_Quantity.quantity>0.000000</in_Quantity.quantity><out_Quantity.quantity>634.692649</out_Quantity.quantity></Point><Point><position>2947</position><in_Quantity.quantity>0.000000</in_Quantity.quantity><out_Quantity.quantity>825.197738</out_Quantity.quantity></Point><Point><position>2948</position><in_Quantity.quantity>0.000000</in_Quantity.quantity><out_Quantity.quantity>316.001416</out_Quantity.quantity></Point><Point><position>2949</position><in_Quantity.quantity>0.000000</in_Quantity.quantity><out_Quantity.quantity>271.508061</out_Quantity.quantity></Point><Point><position>2950</position><in_Quantity.quantity>0.000000</in_Quantity.quantity><out_Quantity.quantity>75.701696</out_Quantity.quantity></Point><Point><position>2951</position><in_Quantity.quantity>0.000000</in_Quantity.quantity><out_Quantity.quantity>320.142590</out_Quantity.quantity></Point><Point><position>2952</position><in_Quantity.quantity>0.000000</in_Quantity.quantity><out_Quantity.quantity>867.503594</out_Quantity.quantity></Point><Point><position>2953</position><in_Quantity.quantity>0.000000</in_Quantity.quantity><out_Quantity.quantity>515.901483</out_Quantity.quantity></Point><Point><position>2954</position><in_Quantity.quantity>0.000000</in_Quantity.quantity><out_Quantity.quantity>744.220207</out_Quantity.quantity></Point><Point><position>2955</position><in_Quantity.quantity>0.000000</in_Quantity.quantity><out_Quantity.quantity>27.275093</out_Quantity.quantity></Point><Point><position>2956</position><in_Quantity.quantity>0.000000</in_Quantity.quantity><out_Quantity.quantity>614.494536</out_Quantity.quantity></Point><Point><position>2957</position><in_Quantity.quantity>0.000000</in_Quantity.quantity><out_Quantity.quantity>689.797801</out_Quantity.quantity></Point><Point><position>2958</position><in_Quantity.quantity>0.000000</in_Quantity.quantity><out_Quantity.quantity>938.530064</out_Quantity.quantity></Point><Point><position>2959</position><in_Quantity.quantity>0.000000</in_Quantity.quantity><out_Quantity.quantity>306.529196</out_Quantity.quantity></Point><Point><position>2960</position><in_Quantity.quantity>0.000000</in_Quantity.quantity><out_Quantity.quantity>293.020447</out_Quantity.quantity></Point><Point><position>2961</position><in_Quantity.quantity>0.000000</in_Quantity.quantity><out_Quantity.quantity>199.096341</out_Quantity.quantity></Point><Point><position>2962</position><in_Quantity.quantity>0.000000</in_Quantity.quantity><out_Quantity.quantity>138.201287</out_Quantity.quantity></Point><Point><position>2963</position><in_Quantity.quantity>0.000000</in_Quantity.quantity><out_Quantity.quantity>192.196844</out_Quantity.quantity></Point><Point><position>2964</position><in_Quantity.quantity>0.000000</in_Quantity.quantity><out_Quantity.quantity>512.112156</out_Quantity.quantity></Point><Point><position>2965</position><in_Quantity.quantity>0.000000</in_Quantity.quantity><out_Quantity.quantity>829.651722</out_Quantity.quantity></Point><Point><position>2966</position><in_Quantity.quantity>0.000000</in_Quantity.quantity><out_Quantity.quantity>536.276132</out_Quantity.quantity></Point><Point><position>2967</position><in_Quantity.quantity>0.000000</in_Quantity.quantity><out_Quantity.quantity>18.952002</out_Quantity.quantity></Point><Point><position>2968</position><in_Quantity.quantity>0.000000</in_Quantity.quantity><out_Quantity.quantity>785.701190</out_Quantity.quantity></Point><Point><position>2969</position><in_Quantity.quantity>0.000000</in_Quantity.quantity><out_Quantity.quantity>296.785165</out_Quantity.quantity></Point><Point><position>2970</position><in_Quantity.quantity>0.000000</in_Quantity.quantity><out_Quantity.quantity>853.534759</out_Quantity.quantity></Point><Point><position>2971</position><in_Quantity.quantity>0.000000</in_Quantity.quantity><out_Quantity.quantity>300.343475</out_Quantity.quantity></Point><Point><position>2972</position><in_Quantity.quantity>0.000000</in_Quantity.quantity><out_Quantity.quantity>593.876027</out_Quantity.quantity></Point><Point><position>2973</position><in_Quantity.quantity>0.000000</in_Quantity.quantity><out_Quantity.quantity>362.554253</out_Quantity.quantity></Point><Point><position>2974</position><in_Quantity.quantity>0.000000</in_Quantity.quantity><out_Quantity.quantity>32.120467</out_Quantity.quantity></Point><Point><position>2975</position><in_Quantity.quantity>0.000000</in_Quantity.quantity><out_Quantity.quantity>331.368322</out_Quantity.quantity></Point><Point><position>2976</position><in_Quantity.quantity>0.000000</in_Quantity.quantity><out_Quantity.quantity>997.040368</out_Quantity.quantity></Point><Point><position>2977</position><in_Quantity.quantity>0.000000</in_Quantity.quantity><out_Quantity.quantity>817.945013</out_Quantity.quantity></Point><Point><position>2978</position><in_Quantity.quantity>0.000000</in_Quantity.quantity><out_Quantity.quantity>125.265231</out_Quantity.quantity></Point><Point><position>2979</position><in_Quantity.quantity>0.000000</in_Quantity.quantity><out_Quantity.quantity>352.996252</out_Quantity.quantity></Point><Point><position>2980</position><in_Quantity.quantity>0.000000</in_Quantity.quantity><out_Quantity.quantity>979.261925</out_Quantity.quantity></Point><Point><position>2981</position><in_Quantity.quantity>0.000000</in_Quantity.quantity><out_Quantity.quantity>237.430679</out_Quantity.quantity></Point><Point><position>2982</position><in_Quantity.quantity>0.000000</in_Quantity.quantity><out_Quantity.quantity>564.050414</out_Quantity.quantity></Point><Point><position>2983</position><in_Quantity.quantity>0.000000</in_Quantity.quantity><out_Quantity.quantity>603.689807</out_Quantity.quantity></Point><Point><position>2984</position><in_Quantity.quantity>0.000000</in_Quantity.quantity><out_Quantity.quantity>185.657628</out_Quantity.quantity></Point><Point><position>2985</position><in_Quantity.quantity>0.000000</in_Quantity.quantity><out_Quantity.quantity>328.354257</out_Quantity.quantity></Point><Point><position>2986</position><in_Quantity.quantity>0.000000</in_Quantity.quantity><out_Quantity.quantity>715.704293</out_Quantity.quantity></Point><Point><position>2987</position><in_Quantity.quantity>0.000000</in_Quantity.quantity><out_Quantity.quantity>849.506743</out_Quantity.quantity></Point><Point><position>2988</position><in_Quantity.quantity>0.000000</in_Quantity.quantity><out_Quantity.quantity>176.387255</out_Quantity.quantity></Point><Point><position>2989</position><in_Quantity.quantity>0.000000</in_Quantity.quantity><out_Quantity.quantity>219.660121</out_Quantity.quantity></Point><Point><position>2990</position><in_Quantity.quantity>0.000000</in_Quantity.quantity><out_Quantity.quantity>55.899023</out_Quantity.quantity></Point><Point><position>2991</position><in_Quantity.quantity>0.000000</in_Quantity.quantity><out_Quantity.quantity>363.713734</out_Quantity.quantity></Point><Point><position>2992</position><in_Quantity.quantity>0.000000</in_Quantity.quantity><out_Quantity.quantity>939.632584</out_Quantity.quantity></Point><Point><position>2993</position><in_Quantity.quantity>0.000000</in_Quantity.quantity><out_Quantity.quantity>769.181554</out_Quantity.quantity></Point><Point><position>2994</position><in_Quantity.quantity>0.000000</in_Quantity.quantity><out_Quantity.quantity>921.464678</out_Quantity.quantity></Point><Point><position>2995</position><in_Quantity.quantity>0.000000</in_Quantity.quantity><out_Quantity.quantity>136.581598</out_Quantity.quantity></Point><Point><position>2996</position><in_Quantity.quantity>0.000000</in_Quantity.quantity><out_Quantity.quantity>43.319858</out_Quantity.quantity></Point><Point><position>2997</position><in_Quantity.quantity>0.000000</in_Quantity.quantity><out_Quantity.quantity>258.841311</out_Quantity.quantity></Point><Point><position>2998</position><in_Quantity.quantity>0.000000</in_Quantity.quantity><out_Quantity.quantity>494.794291</out_Quantity.quantity></Point><Point><position>2999</position><in_Quantity.quantity>0.000000</in_Quantity.quantity><out_Quantity.quantity>321.165986</out_Quantity.quantity></Point><Point><position>3000</position><in_Quantity.quantity>0.000000</in_Quantity.quantity><out_Quantity.quantity>689.601532</out_Quantity.quantity></Point><Point><position>3001</position><in_Quantity.quantity>0.000000</in_Quantity.quantity><out_Quantity.quantity>240.188875</out_Quantity.quantity></Point><Point><position>3002</position><in_Quantity.quantity>0.000000</in_Quantity.quantity><out_Quantity.quantity>730.384212</out_Quantity.quantity></Point><Point><position>3003</position><in_Quantity.quantity>0.000000</in_Quantity.quantity><out_Quantity.quantity>408.986834</out_Quantity.quantity></Point><Point><position>3004</position><in_Quantity.quantity>0.000000</in_Quantity.quantity><out_Quantity.quantity>324.621846</out_Quantity.quantity></Point><Point><position>3005</position><in_Quantity.quantity>0.000000</in_Quantity.quantity><out_Quantity.quantity>691.343393</out_Quantity.quantity></Point><Point><position>3006</position><in_Quantity.quantity>0.000000</in_Quantity.quantity><out_Quantity.quantity>919.219068</out_Quantity.quantity></Point><Point><position>3007</position><in_Quantity.quantity>0.000000</in_Quantity.quantity><out_Quantity.quantity>805.110449</out_Quantity.quantity></Point><Point><position>3008</position><in_Quantity.quantity>0.000000</in_Quantity.quantity><out_Quantity.quantity>737.995124</out_Quantity.quantity></Point><Point><position>3009</position><in_Quantity.quantity>0.000000</in_Quantity.quantity><out_Quantity.quantity>647.048190</out_Quantity.quantity></Point><Point><position>3010</position><in_Quantity.quantity>0.000000</in_Quantity.quantity><out_Quantity.quantity>598.661208</out_Quantity.quantity></Point><Point><position>3011</position><in_Quantity.quantity>0.000000</in_Quantity.quantity><out_Quantity.quantity>289.609141</out_Quantity.quantity></Point><Point><position>3012</position><in_Quantity.quantity>0.000000</in_Quantity.quantity><out_Quantity.quantity>228.712085</out_Quantity.quantity></Point><Point><position>3013</position><in_Quantity.quantity>0.000000</in_Quantity.quantity><out_Quantity.quantity>432.660593</out_Quantity.quantity></Point><Point><position>3014</position><in_Quantity.quantity>0.000000</in_Quantity.quantity><out_Quantity.quantity>831.154310</out_Quantity.quantity></Point><Point><position>3015</position><in_Quantity.quantity>0.000000</in_Quantity.quantity><out_Quantity.quantity>862.694122</out_Quantity.quantity></Point><Point><position>3016</position><in_Quantity.quantity>0.000000</in_Quantity.quantity><out_Quantity.quantity>555.299925</out_Quantity.quantity></Point><Point><position>3017</position><in_Quantity.quantity>0.000000</in_Quantity.quantity><out_Quantity.quantity>807.449957</out_Quantity.quantity></Point><Point><position>3018</position><in_Quantity.quantity>0.000000</in_Quantity.quantity><out_Quantity.quantity>891.634027</out_Quantity.quantity></Point><Point><position>3019</position><in_Quantity.quantity>0.000000</in_Quantity.quantity><out_Quantity.quantity>115.297816</out_Quantity.quantity></Point><Point><position>3020</position><in_Quantity.quantity>0.000000</in_Quantity.quantity><out_Quantity.quantity>207.898143</out_Quantity.quantity></Point><Point><position>3021</position><in_Quantity.quantity>0.000000</in_Quantity.quantity><out_Quantity.quantity>702.984809</out_Quantity.quantity></Point><Point><position>3022</position><in_Quantity.quantity>0.000000</in_Quantity.quantity><out_Quantity.quantity>683.307746</out_Quantity.quantity></Point><Point><position>3023</position><in_Quantity.quantity>0.000000</in_Quantity.quantity><out_Quantity.quantity>226.326109</out_Quantity.quantity></Point><Point><position>3024</position><in_Quantity.quantity>0.000000</in_Quantity.quantity><out_Quantity.quantity>305.868012</out_Quantity.quantity></Point><Point><position>3025</position><in_Quantity.quantity>0.000000</in_Quantity.quantity><out_Quantity.quantity>453.663617</out_Quantity.quantity></Point><Point><position>3026</position><in_Quantity.quantity>0.000000</in_Quantity.quantity><out_Quantity.quantity>301.695091</out_Quantity.quantity></Point><Point><position>3027</position><in_Quantity.quantity>0.000000</in_Quantity.quantity><out_Quantity.quantity>16.938933</out_Quantity.quantity></Point><Point><position>3028</position><in_Quantity.quantity>0.000000</in_Quantity.quantity><out_Quantity.quantity>256.463745</out_Quantity.quantity></Point><Point><position>3029</position><in_Quantity.quantity>0.000000</in_Quantity.quantity><out_Quantity.quantity>899.035035</out_Quantity.quantity></Point><Point><position>3030</position><in_Quantity.quantity>0.000000</in_Quantity.quantity><out_Quantity.quantity>853.572049</out_Quantity.quantity></Point><Point><position>3031</position><in_Quantity.quantity>0.000000</in_Quantity.quantity><out_Quantity.quantity>938.538612</out_Quantity.quantity></Point><Point><position>3032</position><in_Quantity.quantity>0.000000</in_Quantity.quantity><out_Quantity.quantity>910.412707</out_Quantity.quantity></Point><Point><position>3033</position><in_Quantity.quantity>0.000000</in_Quantity.quantity><out_Quantity.quantity>159.837256</out_Quantity.quantity></Point><Point><position>3034</position><in_Quantity.quantity>0.000000</in_Quantity.quantity><out_Quantity.quantity>487.998382</out_Quantity.quantity></Point><Point><position>3035</position><in_Quantity.quantity>0.000000</in_Quantity.quantity><out_Quantity.quantity>717.693435</out_Quantity.quantity></Point><Point><position>3036</position><in_Quantity.quantity>0.000000</in_Quantity.quantity><out_Quantity.quantity>233.925356</out_Quantity.quantity></Point><Point><position>3037</position><in_Quantity.quantity>0.000000</in_Quantity.quantity><out_Quantity.quantity>857.071609</out_Quantity.quantity></Point><Point><position>3038</position><in_Quantity.quantity>0.000000</in_Quantity.quantity><out_Quantity.quantity>422.993977</out_Quantity.quantity></Point><Point><position>3039</position><in_Quantity.quantity>0.000000</in_Quantity.quantity><out_Quantity.quantity>241.187259</out_Quantity.quantity></Point><Point><position>3040</position><in_Quantity.quantity>0.000000</in_Quantity.quantity><out_Quantity.quantity>463.219652</out_Quantity.quantity></Point><Point><position>3041</position><in_Quantity.quantity>0.000000</in_Quantity.quantity><out_Quantity.quantity>319.677173</out_Quantity.quantity></Point><Point><position>3042</position><in_Quantity.quantity>0.000000</in_Quantity.quantity><out_Quantity.quantity>846.197644</out_Quantity.quantity></Point><Point><position>3043</position><in_Quantity.quantity>0.000000</in_Quantity.quantity><out_Quantity.quantity>780.265252</out_Quantity.quantity></Point><Point><position>3044</position><in_Quantity.quantity>0.000000</in_Quantity.quantity><out_Quantity.quantity>391.226963</out_Quantity.quantity></Point><Point><position>3045</position><in_Quantity.quantity>0.000000</in_Quantity.quantity><out_Quantity.quantity>44.462049</out_Quantity.quantity></Point><Point><position>3046</position><in_Quantity.quantity>0.000000</in_Quantity.quantity><out_Quantity.quantity>836.857117</out_Quantity.quantity></Point><Point><position>3047</position><in_Quantity.quantity>0.000000</in_Quantity.quantity><out_Quantity.quantity>64.069543</out_Quantity.quantity></Point><Point><position>3048</position><in_Quantity.quantity>0.000000</in_Quantity.quantity><out_Quantity.quantity>322.951420</out_Quantity.quantity></Point><Point><position>3049</position><in_Quantity.quantity>0.000000</in_Quantity.quantity><out_Quantity.quantity>894.664599</out_Quantity.quantity></Point><Point><position>3050</position><in_Quantity.quantity>0.000000</in_Quantity.quantity><out_Quantity.quantity>105.827582</out_Quantity.quantity></Point><Point><position>3051</position><in_Quantity.quantity>0.000000</in_Quantity.quantity><out_Quantity.quantity>343.429183</out_Quantity.quantity></Point><Point><position>3052</position><in_Quantity.quantity>0.000000</in_Quantity.quantity><out_Quantity.quantity>683.495695</out_Quantity.quantity></Point><Point><position>3053</position><in_Quantity.quantity>0.000000</in_Quantity.quantity><out_Quantity.quantity>624.519051</out_Quantity.quantity></Point><Point><position>3054</position><in_Quantity.quantity>0.000000</in_Quantity.quantity><out_Quantity.quantity>789.830411</out_Quantity.quantity></Point><Point><position>3055</position><in_Quantity.quantity>0.000000</in_Quantity.quantity><out_Quantity.quantity>586.046482</out_Quantity.quantity></Point><Point><position>3056</position><in_Quantity.quantity>0.000000</in_Quantity.quantity><out_Quantity.quantity>227.548439</out_Quantity.quantity></Point><Point><position>3057</position><in_Quantity.quantity>0.000000</in_Quantity.quantity><out_Quantity.quantity>228.476148</out_Quantity.quantity></Point><Point><position>3058</position><in_Quantity.quantity>0.000000</in_Quantity.quantity><out_Quantity.quantity>288.182388</out_Quantity.quantity></Point><Point><position>3059</position><in_Quantity.quantity>0.000000</in_Quantity.quantity><out_Quantity.quantity>692.608441</out_Quantity.quantity></Point><Point><position>3060</position><in_Quantity.quantity>0.000000</in_Quantity.quantity><out_Quantity.quantity>580.426038</out_Quantity.quantity></Point><Point><position>3061</position><in_Quantity.quantity>0.000000</in_Quantity.quantity><out_Quantity.quantity>706.005671</out_Quantity.quantity></Point><Point><position>3062</position><in_Quantity.quantity>0.000000</in_Quantity.quantity><out_Quantity.quantity>543.590073</out_Quantity.quantity></Point><Point><position>3063</position><in_Quantity.quantity>0.000000</in_Quantity.quantity><out_Quantity.quantity>530.657643</out_Quantity.quantity></Point><Point><position>3064</position><in_Quantity.quantity>0.000000</in_Quantity.quantity><out_Quantity.quantity>557.634236</out_Quantity.quantity></Point><Point><position>3065</position><in_Quantity.quantity>0.000000</in_Quantity.quantity><out_Quantity.quantity>666.383353</out_Quantity.quantity></Point><Point><position>3066</position><in_Quantity.quantity>0.000000</in_Quantity.quantity><out_Quantity.quantity>524.002793</out_Quantity.quantity></Point><Point><position>3067</position><in_Quantity.quantity>0.000000</in_Quantity.quantity><out_Quantity.quantity>817.330821</out_Quantity.quantity></Point><Point><position>3068</position><in_Quantity.quantity>0.000000</in_Quantity.quantity><out_Quantity.quantity>64.829437</out_Quantity.quantity></Point><Point><position>3069</position><in_Quantity.quantity>0.000000</in_Quantity.quantity><out_Quantity.quantity>391.183867</out_Quantity.quantity></Point><Point><position>3070</position><in_Quantity.quantity>0.000000</in_Quantity.quantity><out_Quantity.quantity>842.609789</out_Quantity.quantity></Point><Point><position>3071</position><in_Quantity.quantity>0.000000</in_Quantity.quantity><out_Quantity.quantity>705.353625</out_Quantity.quantity></Point><Point><position>3072</position><in_Quantity.quantity>0.000000</in_Quantity.quantity><out_Quantity.quantity>297.143408</out_Quantity.quantity></Point><Point><position>3073</position><in_Quantity.quantity>0.000000</in_Quantity.quantity><out_Quantity.quantity>298.318453</out_Quantity.quantity></Point><Point><position>3074</position><in_Quantity.quantity>0.000000</in_Quantity.quantity><out_Quantity.quantity>495.108097</out_Quantity.quantity></Point><Point><position>3075</position><in_Quantity.quantity>0.000000</in_Quantity.quantity><out_Quantity.quantity>805.282998</out_Quantity.quantity></Point><Point><position>3076</position><in_Quantity.quantity>0.000000</in_Quantity.quantity><out_Quantity.quantity>276.080586</out_Quantity.quantity></Point><Point><position>3077</position><in_Quantity.quantity>0.000000</in_Quantity.quantity><out_Quantity.quantity>668.067309</out_Quantity.quantity></Point><Point><position>3078</position><in_Quantity.quantity>0.000000</in_Quantity.quantity><out_Quantity.quantity>469.662191</out_Quantity.quantity></Point><Point><position>3079</position><in_Quantity.quantity>0.000000</in_Quantity.quantity><out_Quantity.quantity>483.481689</out_Quantity.quantity></Point><Point><position>3080</position><in_Quantity.quantity>0.000000</in_Quantity.quantity><out_Quantity.quantity>684.240827</out_Quantity.quantity></Point><Point><position>3081</position><in_Quantity.quantity>0.000000</in_Quantity.quantity><out_Quantity.quantity>940.700864</out_Quantity.quantity></Point><Point><position>3082</position><in_Quantity.quantity>0.000000</in_Quantity.quantity><out_Quantity.quantity>804.749058</out_Quantity.quantity></Point><Point><position>3083</position><in_Quantity.quantity>0.000000</in_Quantity.quantity><out_Quantity.quantity>34.445304</out_Quantity.quantity></Point><Point><position>3084</position><in_Quantity.quantity>0.000000</in_Quantity.quantity><out_Quantity.quantity>882.729845</out_Quantity.quantity></Point><Point><position>3085</position><in_Quantity.quantity>0.000000</in_Quantity.quantity><out_Quantity.quantity>491.160976</out_Quantity.quantity></Point><Point><position>3086</position><in_Quantity.quantity>0.000000</in_Quantity.quantity><out_Quantity.quantity>273.841212</out_Quantity.quantity></Point><Point><position>3087</position><in_Quantity.quantity>0.000000</in_Quantity.quantity><out_Quantity.quantity>851.668460</out_Quantity.quantity></Point><Point><position>3088</position><in_Quantity.quantity>0.000000</in_Quantity.quantity><out_Quantity.quantity>458.554835</out_Quantity.quantity></Point><Point><position>3089</position><in_Quantity.quantity>0.000000</in_Quantity.quantity><out_Quantity.quantity>225.402628</out_Quantity.quantity></Point><Point><position>3090</position><in_Quantity.quantity>0.000000</in_Quantity.quantity><out_Quantity.quantity>673.734454</out_Quantity.quantity></Point><Point><position>3091</position><in_Quantity.quantity>0.000000</in_Quantity.quantity><out_Quantity.quantity>654.352475</out_Quantity.quantity></Point><Point><position>3092</position><in_Quantity.quantity>0.000000</in_Quantity.quantity><out_Quantity.quantity>244.255844</out_Quantity.quantity></Point><Point><position>3093</position><in_Quantity.quantity>0.000000</in_Quantity.quantity><out_Quantity.quantity>488.334358</out_Quantity.quantity></Point><Point><position>3094</position><in_Quantity.quantity>0.000000</in_Quantity.quantity><out_Quantity.quantity>887.060505</out_Quantity.quantity></Point><Point><position>3095</position><in_Quantity.quantity>0.000000</in_Quantity.quantity><out_Quantity.quantity>726.900204</out_Quantity.quantity></Point><Point><position>3096</position><in_Quantity.quantity>0.000000</in_Quantity.quantity><out_Quantity.quantity>11.796067</out_Quantity.quantity></Point><Point><position>3097</position><in_Quantity.quantity>0.000000</in_Quantity.quantity><out_Quantity.quantity>891.993368</out_Quantity.quantity></Point><Point><position>3098</position><in_Quantity.quantity>0.000000</in_Quantity.quantity><out_Quantity.quantity>279.994585</out_Quantity.quantity></Point><Point><position>3099</position><in_Quantity.quantity>0.000000</in_Quantity.quantity><out_Quantity.quantity>651.528823</out_Quantity.quantity></Point><Point><position>3100</position><in_Quantity.quantity>0.000000</in_Quantity.quantity><out_Quantity.quantity>902.452481</out_Quantity.quantity></Point><Point><position>3101</position><in_Quantity.quantity>0.000000</in_Quantity.quantity><out_Quantity.quantity>452.629856</out_Quantity.quantity></Point><Point><position>3102</position><in_Quantity.quantity>0.000000</in_Quantity.quantity><out_Quantity.quantity>78.664514</out_Quantity.quantity></Point><Point><position>3103</position><in_Quantity.quantity>0.000000</in_Quantity.quantity><out_Quantity.quantity>736.004651</out_Quantity.quantity></Point><Point><position>3104</position><in_Quantity.quantity>0.000000</in_Quantity.quantity><out_Quantity.quantity>823.590132</out_Quantity.quantity></Point><Point><position>3105</position><in_Quantity.quantity>0.000000</in_Quantity.quantity><out_Quantity.quantity>573.544641</out_Quantity.quantity></Point><Point><position>3106</position><in_Quantity.quantity>0.000000</in_Quantity.quantity><out_Quantity.quantity>561.127739</out_Quantity.quantity></Point><Point><position>3107</position><in_Quantity.quantity>0.000000</in_Quantity.quantity><out_Quantity.quantity>908.353816</out_Quantity.quantity></Point><Point><position>3108</position><in_Quantity.quantity>0.000000</in_Quantity.quantity><out_Quantity.quantity>821.097512</out_Quantity.quantity></Point><Point><position>3109</position><in_Quantity.quantity>0.000000</in_Quantity.quantity><out_Quantity.quantity>151.442556</out_Quantity.quantity></Point><Point><position>3110</position><in_Quantity.quantity>0.000000</in_Quantity.quantity><out_Quantity.quantity>417.458208</out_Quantity.quantity></Point><Point><position>3111</position><in_Quantity.quantity>0.000000</in_Quantity.quantity><out_Quantity.quantity>628.222525</out_Quantity.quantity></Point><Point><position>3112</position><in_Quantity.quantity>0.000000</in_Quantity.quantity><out_Quantity.quantity>623.771422</out_Quantity.quantity></Point><Point><position>3113</position><in_Quantity.quantity>0.000000</in_Quantity.quantity><out_Quantity.quantity>390.493017</out_Quantity.quantity></Point><Point><position>3114</position><in_Quantity.quantity>0.000000</in_Quantity.quantity><out_Quantity.quantity>484.549395</out_Quantity.quantity></Point><Point><position>3115</position><in_Quantity.quantity>0.000000</in_Quantity.quantity><out_Quantity.quantity>167.911472</out_Quantity.quantity></Point><Point><position>3116</position><in_Quantity.quantity>0.000000</in_Quantity.quantity><out_Quantity.quantity>877.296880</out_Quantity.quantity></Point><Point><position>3117</position><in_Quantity.quantity>0.000000</in_Quantity.quantity><out_Quantity.quantity>534.486901</out_Quantity.quantity></Point><Point><position>3118</position><in_Quantity.quantity>0.000000</in_Quantity.quantity><out_Quantity.quantity>60.401932</out_Quantity.quantity></Point><Point><position>3119</position><in_Quantity.quantity>0.000000</in_Quantity.quantity><out_Quantity.quantity>82.487761</out_Quantity.quantity></Point><Point><position>3120</position><in_Quantity.quantity>0.000000</in_Quantity.quantity><out_Quantity.quantity>901.594852</out_Quantity.quantity></Point><Point><position>3121</position><in_Quantity.quantity>0.000000</in_Quantity.quantity><out_Quantity.quantity>935.203365</out_Quantity.quantity></Point><Point><position>3122</position><in_Quantity.quantity>0.000000</in_Quantity.quantity><out_Quantity.quantity>991.224110</out_Quantity.quantity></Point><Point><position>3123</position><in_Quantity.quantity>0.000000</in_Quantity.quantity><out_Quantity.quantity>604.124060</out_Quantity.quantity></Point><Point><position>3124</position><in_Quantity.quantity>0.000000</in_Quantity.quantity><out_Quantity.quantity>23.250124</out_Quantity.quantity></Point><Point><position>3125</position><in_Quantity.quantity>0.000000</in_Quantity.quantity><out_Quantity.quantity>631.122669</out_Quantity.quantity></Point><Point><position>3126</position><in_Quantity.quantity>0.000000</in_Quantity.quantity><out_Quantity.quantity>300.129599</out_Quantity.quantity></Point><Point><position>3127</position><in_Quantity.quantity>0.000000</in_Quantity.quantity><out_Quantity.quantity>383.679996</out_Quantity.quantity></Point><Point><position>3128</position><in_Quantity.quantity>0.000000</in_Quantity.quantity><out_Quantity.quantity>670.795712</out_Quantity.quantity></Point><Point><position>3129</position><in_Quantity.quantity>0.000000</in_Quantity.quantity><out_Quantity.quantity>56.206529</out_Quantity.quantity></Point><Point><position>3130</position><in_Quantity.quantity>0.000000</in_Quantity.quantity><out_Quantity.quantity>305.922815</out_Quantity.quantity></Point><Point><position>3131</position><in_Quantity.quantity>0.000000</in_Quantity.quantity><out_Quantity.quantity>921.480437</out_Quantity.quantity></Point><Point><position>3132</position><in_Quantity.quantity>0.000000</in_Quantity.quantity><out_Quantity.quantity>163.321417</out_Quantity.quantity></Point><Point><position>3133</position><in_Quantity.quantity>0.000000</in_Quantity.quantity><out_Quantity.quantity>379.337326</out_Quantity.quantity></Point><Point><position>3134</position><in_Quantity.quantity>0.000000</in_Quantity.quantity><out_Quantity.quantity>416.487155</out_Quantity.quantity></Point><Point><position>3135</position><in_Quantity.quantity>0.000000</in_Quantity.quantity><out_Quantity.quantity>994.947422</out_Quantity.quantity></Point><Point><position>3136</position><in_Quantity.quantity>0.000000</in_Quantity.quantity><out_Quantity.quantity>896.864932</out_Quantity.quantity></Point><Point><position>3137</position><in_Quantity.quantity>0.000000</in_Quantity.quantity><out_Quantity.quantity>683.827961</out_Quantity.quantity></Point><Point><position>3138</position><in_Quantity.quantity>0.000000</in_Quantity.quantity><out_Quantity.quantity>408.999655</out_Quantity.quantity></Point><Point><position>3139</position><in_Quantity.quantity>0.000000</in_Quantity.quantity><out_Quantity.quantity>960.510794</out_Quantity.quantity></Point><Point><position>3140</position><in_Quantity.quantity>0.000000</in_Quantity.quantity><out_Quantity.quantity>529.469996</out_Quantity.quantity></Point><Point><position>3141</position><in_Quantity.quantity>0.000000</in_Quantity.quantity><out_Quantity.quantity>891.550574</out_Quantity.quantity></Point><Point><position>3142</position><in_Quantity.quantity>0.000000</in_Quantity.quantity><out_Quantity.quantity>185.219748</out_Quantity.quantity></Point><Point><position>3143</position><in_Quantity.quantity>0.000000</in_Quantity.quantity><out_Quantity.quantity>918.121013</out_Quantity.quantity></Point><Point><position>3144</position><in_Quantity.quantity>0.000000</in_Quantity.quantity><out_Quantity.quantity>922.010590</out_Quantity.quantity></Point><Point><position>3145</position><in_Quantity.quantity>0.000000</in_Quantity.quantity><out_Quantity.quantity>681.278087</out_Quantity.quantity></Point><Point><position>3146</position><in_Quantity.quantity>0.000000</in_Quantity.quantity><out_Quantity.quantity>977.177183</out_Quantity.quantity></Point><Point><position>3147</position><in_Quantity.quantity>0.000000</in_Quantity.quantity><out_Quantity.quantity>646.314862</out_Quantity.quantity></Point><Point><position>3148</position><in_Quantity.quantity>0.000000</in_Quantity.quantity><out_Quantity.quantity>75.402770</out_Quantity.quantity></Point><Point><position>3149</position><in_Quantity.quantity>0.000000</in_Quantity.quantity><out_Quantity.quantity>669.745455</out_Quantity.quantity></Point><Point><position>3150</position><in_Quantity.quantity>0.000000</in_Quantity.quantity><out_Quantity.quantity>185.318487</out_Quantity.quantity></Point><Point><position>3151</position><in_Quantity.quantity>0.000000</in_Quantity.quantity><out_Quantity.quantity>932.644215</out_Quantity.quantity></Point><Point><position>3152</position><in_Quantity.quantity>0.000000</in_Quantity.quantity><out_Quantity.quantity>605.470129</out_Quantity.quantity></Point><Point><position>3153</position><in_Quantity.quantity>0.000000</in_Quantity.quantity><out_Quantity.quantity>452.681798</out_Quantity.quantity></Point><Point><position>3154</position><in_Quantity.quantity>0.000000</in_Quantity.quantity><out_Quantity.quantity>880.983343</out_Quantity.quantity></Point><Point><position>3155</position><in_Quantity.quantity>0.000000</in_Quantity.quantity><out_Quantity.quantity>976.332924</out_Quantity.quantity></Point><Point><position>3156</position><in_Quantity.quantity>0.000000</in_Quantity.quantity><out_Quantity.quantity>634.671441</out_Quantity.quantity></Point><Point><position>3157</position><in_Quantity.quantity>0.000000</in_Quantity.quantity><out_Quantity.quantity>285.519482</out_Quantity.quantity></Point><Point><position>3158</position><in_Quantity.quantity>0.000000</in_Quantity.quantity><out_Quantity.quantity>265.348859</out_Quantity.quantity></Point><Point><position>3159</position><in_Quantity.quantity>0.000000</in_Quantity.quantity><out_Quantity.quantity>175.536786</out_Quantity.quantity></Point><Point><position>3160</position><in_Quantity.quantity>0.000000</in_Quantity.quantity><out_Quantity.quantity>860.487256</out_Quantity.quantity></Point><Point><position>3161</position><in_Quantity.quantity>0.000000</in_Quantity.quantity><out_Quantity.quantity>97.314233</out_Quantity.quantity></Point><Point><position>3162</position><in_Quantity.quantity>0.000000</in_Quantity.quantity><out_Quantity.quantity>703.053459</out_Quantity.quantity></Point><Point><position>3163</position><in_Quantity.quantity>0.000000</in_Quantity.quantity><out_Quantity.quantity>27.056332</out_Quantity.quantity></Point><Point><position>3164</position><in_Quantity.quantity>0.000000</in_Quantity.quantity><out_Quantity.quantity>722.816495</out_Quantity.quantity></Point><Point><position>3165</position><in_Quantity.quantity>0.000000</in_Quantity.quantity><out_Quantity.quantity>109.408263</out_Quantity.quantity></Point><Point><position>3166</position><in_Quantity.quantity>0.000000</in_Quantity.quantity><out_Quantity.quantity>106.261837</out_Quantity.quantity></Point><Point><position>3167</position><in_Quantity.quantity>0.000000</in_Quantity.quantity><out_Quantity.quantity>899.161677</out_Quantity.quantity></Point><Point><position>3168</position><in_Quantity.quantity>0.000000</in_Quantity.quantity><out_Quantity.quantity>881.021330</out_Quantity.quantity></Point><Point><position>3169</position><in_Quantity.quantity>0.000000</in_Quantity.quantity><out_Quantity.quantity>957.619872</out_Quantity.quantity></Point><Point><position>3170</position><in_Quantity.quantity>0.000000</in_Quantity.quantity><out_Quantity.quantity>920.574035</out_Quantity.quantity></Point><Point><position>3171</position><in_Quantity.quantity>0.000000</in_Quantity.quantity><out_Quantity.quantity>250.973376</out_Quantity.quantity></Point><Point><position>3172</position><in_Quantity.quantity>0.000000</in_Quantity.quantity><out_Quantity.quantity>831.039134</out_Quantity.quantity></Point><Point><position>3173</position><in_Quantity.quantity>0.000000</in_Quantity.quantity><out_Quantity.quantity>672.974323</out_Quantity.quantity></Point><Point><position>3174</position><in_Quantity.quantity>0.000000</in_Quantity.quantity><out_Quantity.quantity>687.752011</out_Quantity.quantity></Point><Point><position>3175</position><in_Quantity.quantity>0.000000</in_Quantity.quantity><out_Quantity.quantity>890.621072</out_Quantity.quantity></Point><Point><position>3176</position><in_Quantity.quantity>0.000000</in_Quantity.quantity><out_Quantity.quantity>378.925214</out_Quantity.quantity></Point><Point><position>3177</position><in_Quantity.quantity>0.000000</in_Quantity.quantity><out_Quantity.quantity>680.187530</out_Quantity.quantity></Point><Point><position>3178</position><in_Quantity.quantity>0.000000</in_Quantity.quantity><out_Quantity.quantity>12.742420</out_Quantity.quantity></Point><Point><position>3179</position><in_Quantity.quantity>0.000000</in_Quantity.quantity><out_Quantity.quantity>769.597914</out_Quantity.quantity></Point><Point><position>3180</position><in_Quantity.quantity>0.000000</in_Quantity.quantity><out_Quantity.quantity>84.892006</out_Quantity.quantity></Point><Point><position>3181</position><in_Quantity.quantity>0.000000</in_Quantity.quantity><out_Quantity.quantity>552.567398</out_Quantity.quantity></Point><Point><position>3182</position><in_Quantity.quantity>0.000000</in_Quantity.quantity><out_Quantity.quantity>108.349671</out_Quantity.quantity></Point><Point><position>3183</position><in_Quantity.quantity>0.000000</in_Quantity.quantity><out_Quantity.quantity>160.580453</out_Quantity.quantity></Point><Point><position>3184</position><in_Quantity.quantity>0.000000</in_Quantity.quantity><out_Quantity.quantity>335.022850</out_Quantity.quantity></Point><Point><position>3185</position><in_Quantity.quantity>0.000000</in_Quantity.quantity><out_Quantity.quantity>312.649424</out_Quantity.quantity></Point><Point><position>3186</position><in_Quantity.quantity>0.000000</in_Quantity.quantity><out_Quantity.quantity>11.492400</out_Quantity.quantity></Point><Point><position>3187</position><in_Quantity.quantity>0.000000</in_Quantity.quantity><out_Quantity.quantity>670.034183</out_Quantity.quantity></Point><Point><position>3188</position><in_Quantity.quantity>0.000000</in_Quantity.quantity><out_Quantity.quantity>477.745577</out_Quantity.quantity></Point><Point><position>3189</position><in_Quantity.quantity>0.000000</in_Quantity.quantity><out_Quantity.quantity>570.760246</out_Quantity.quantity></Point><Point><position>3190</position><in_Quantity.quantity>0.000000</in_Quantity.quantity><out_Quantity.quantity>569.829732</out_Quantity.quantity></Point><Point><position>3191</position><in_Quantity.quantity>0.000000</in_Quantity.quantity><out_Quantity.quantity>370.952054</out_Quantity.quantity></Point><Point><position>3192</position><in_Quantity.quantity>0.000000</in_Quantity.quantity><out_Quantity.quantity>940.381015</out_Quantity.quantity></Point><Point><position>3193</position><in_Quantity.quantity>0.000000</in_Quantity.quantity><out_Quantity.quantity>864.906964</out_Quantity.quantity></Point><Point><position>3194</position><in_Quantity.quantity>0.000000</in_Quantity.quantity><out_Quantity.quantity>916.845700</out_Quantity.quantity></Point><Point><position>3195</position><in_Quantity.quantity>0.000000</in_Quantity.quantity><out_Quantity.quantity>577.563286</out_Quantity.quantity></Point><Point><position>3196</position><in_Quantity.quantity>0.000000</in_Quantity.quantity><out_Quantity.quantity>855.949332</out_Quantity.quantity></Point><Point><position>3197</position><in_Quantity.quantity>0.000000</in_Quantity.quantity><out_Quantity.quantity>963.405880</out_Quantity.quantity></Point><Point><position>3198</position><in_Quantity.quantity>0.000000</in_Quantity.quantity><out_Quantity.quantity>866.205050</out_Quantity.quantity></Point><Point><position>3199</position><in_Quantity.quantity>0.000000</in_Quantity.quantity><out_Quantity.quantity>304.621416</out_Quantity.quantity></Point><Point><position>3200</position><in_Quantity.quantity>0.000000</in_Quantity.quantity><out_Quantity.quantity>923.317166</out_Quantity.quantity></Point><Point><position>3201</position><in_Quantity.quantity>0.000000</in_Quantity.quantity><out_Quantity.quantity>715.751736</out_Quantity.quantity></Point><Point><position>3202</position><in_Quantity.quantity>0.000000</in_Quantity.quantity><out_Quantity.quantity>542.908772</out_Quantity.quantity></Point><Point><position>3203</position><in_Quantity.quantity>0.000000</in_Quantity.quantity><out_Quantity.quantity>543.858142</out_Quantity.quantity></Point><Point><position>3204</position><in_Quantity.quantity>0.000000</in_Quantity.quantity><out_Quantity.quantity>219.848563</out_Quantity.quantity></Point><Point><position>3205</position><in_Quantity.quantity>0.000000</in_Quantity.quantity><out_Quantity.quantity>804.963142</out_Quantity.quantity></Point><Point><position>3206</position><in_Quantity.quantity>0.000000</in_Quantity.quantity><out_Quantity.quantity>269.063657</out_Quantity.quantity></Point><Point><position>3207</position><in_Quantity.quantity>0.000000</in_Quantity.quantity><out_Quantity.quantity>590.451640</out_Quantity.quantity></Point><Point><position>3208</position><in_Quantity.quantity>0.000000</in_Quantity.quantity><out_Quantity.quantity>231.293555</out_Quantity.quantity></Point><Point><position>3209</position><in_Quantity.quantity>0.000000</in_Quantity.quantity><out_Quantity.quantity>32.687754</out_Quantity.quantity></Point><Point><position>3210</position><in_Quantity.quantity>0.000000</in_Quantity.quantity><out_Quantity.quantity>769.033300</out_Quantity.quantity></Point><Point><position>3211</position><in_Quantity.quantity>0.000000</in_Quantity.quantity><out_Quantity.quantity>649.819477</out_Quantity.quantity></Point><Point><position>3212</position><in_Quantity.quantity>0.000000</in_Quantity.quantity><out_Quantity.quantity>231.925416</out_Quantity.quantity></Point><Point><position>3213</position><in_Quantity.quantity>0.000000</in_Quantity.quantity><out_Quantity.quantity>724.585830</out_Quantity.quantity></Point><Point><position>3214</position><in_Quantity.quantity>0.000000</in_Quantity.quantity><out_Quantity.quantity>264.807368</out_Quantity.quantity></Point><Point><position>3215</position><in_Quantity.quantity>0.000000</in_Quantity.quantity><out_Quantity.quantity>259.905742</out_Quantity.quantity></Point><Point><position>3216</position><in_Quantity.quantity>0.000000</in_Quantity.quantity><out_Quantity.quantity>402.729902</out_Quantity.quantity></Point><Point><position>3217</position><in_Quantity.quantity>0.000000</in_Quantity.quantity><out_Quantity.quantity>42.278842</out_Quantity.quantity></Point><Point><position>3218</position><in_Quantity.quantity>0.000000</in_Quantity.quantity><out_Quantity.quantity>122.581354</out_Quantity.quantity></Point><Point><position>3219</position><in_Quantity.quantity>0.000000</in_Quantity.quantity><out_Quantity.quantity>280.955536</out_Quantity.quantity></Point><Point><position>3220</position><in_Quantity.quantity>0.000000</in_Quantity.quantity><out_Quantity.quantity>525.130969</out_Quantity.quantity></Point><Point><position>3221</position><in_Quantity.quantity>0.000000</in_Quantity.quantity><out_Quantity.quantity>640.595611</out_Quantity.quantity></Point><Point><position>3222</position><in_Quantity.quantity>0.000000</in_Quantity.quantity><out_Quantity.quantity>419.981539</out_Quantity.quantity></Point><Point><position>3223</position><in_Quantity.quantity>0.000000</in_Quantity.quantity><out_Quantity.quantity>924.319944</out_Quantity.quantity></Point><Point><position>3224</position><in_Quantity.quantity>0.000000</in_Quantity.quantity><out_Quantity.quantity>387.209834</out_Quantity.quantity></Point><Point><position>3225</position><in_Quantity.quantity>0.000000</in_Quantity.quantity><out_Quantity.quantity>496.863491</out_Quantity.quantity></Point><Point><position>3226</position><in_Quantity.quantity>0.000000</in_Quantity.quantity><out_Quantity.quantity>356.340292</out_Quantity.quantity></Point><Point><position>3227</position><in_Quantity.quantity>0.000000</in_Quantity.quantity><out_Quantity.quantity>354.061555</out_Quantity.quantity></Point><Point><position>3228</position><in_Quantity.quantity>0.000000</in_Quantity.quantity><out_Quantity.quantity>45.767623</out_Quantity.quantity></Point><Point><position>3229</position><in_Quantity.quantity>0.000000</in_Quantity.quantity><out_Quantity.quantity>708.012049</out_Quantity.quantity></Point><Point><position>3230</position><in_Quantity.quantity>0.000000</in_Quantity.quantity><out_Quantity.quantity>422.383269</out_Quantity.quantity></Point><Point><position>3231</position><in_Quantity.quantity>0.000000</in_Quantity.quantity><out_Quantity.quantity>335.537188</out_Quantity.quantity></Point><Point><position>3232</position><in_Quantity.quantity>0.000000</in_Quantity.quantity><out_Quantity.quantity>758.598914</out_Quantity.quantity></Point><Point><position>3233</position><in_Quantity.quantity>0.000000</in_Quantity.quantity><out_Quantity.quantity>155.736029</out_Quantity.quantity></Point><Point><position>3234</position><in_Quantity.quantity>0.000000</in_Quantity.quantity><out_Quantity.quantity>388.909439</out_Quantity.quantity></Point><Point><position>3235</position><in_Quantity.quantity>0.000000</in_Quantity.quantity><out_Quantity.quantity>936.829349</out_Quantity.quantity></Point><Point><position>3236</position><in_Quantity.quantity>0.000000</in_Quantity.quantity><out_Quantity.quantity>950.707707</out_Quantity.quantity></Point><Point><position>3237</position><in_Quantity.quantity>0.000000</in_Quantity.quantity><out_Quantity.quantity>958.357617</out_Quantity.quantity></Point><Point><position>3238</position><in_Quantity.quantity>0.000000</in_Quantity.quantity><out_Quantity.quantity>342.785622</out_Quantity.quantity></Point><Point><position>3239</position><in_Quantity.quantity>0.000000</in_Quantity.quantity><out_Quantity.quantity>941.091478</out_Quantity.quantity></Point><Point><position>3240</position><in_Quantity.quantity>0.000000</in_Quantity.quantity><out_Quantity.quantity>69.528704</out_Quantity.quantity></Point><Point><position>3241</position><in_Quantity.quantity>0.000000</in_Quantity.quantity><out_Quantity.quantity>879.920369</out_Quantity.quantity></Point><Point><position>3242</position><in_Quantity.quantity>0.000000</in_Quantity.quantity><out_Quantity.quantity>10.714387</out_Quantity.quantity></Point><Point><position>3243</position><in_Quantity.quantity>0.000000</in_Quantity.quantity><out_Quantity.quantity>761.237843</out_Quantity.quantity></Point><Point><position>3244</position><in_Quantity.quantity>0.000000</in_Quantity.quantity><out_Quantity.quantity>919.488036</out_Quantity.quantity></Point><Point><position>3245</position><in_Quantity.quantity>0.000000</in_Quantity.quantity><out_Quantity.quantity>798.125146</out_Quantity.quantity></Point><Point><position>3246</position><in_Quantity.quantity>0.000000</in_Quantity.quantity><out_Quantity.quantity>898.589246</out_Quantity.quantity></Point><Point><position>3247</position><in_Quantity.quantity>0.000000</in_Quantity.quantity><out_Quantity.quantity>732.119403</out_Quantity.quantity></Point><Point><position>3248</position><in_Quantity.quantity>0.000000</in_Quantity.quantity><out_Quantity.quantity>427.190271</out_Quantity.quantity></Point><Point><position>3249</position><in_Quantity.quantity>0.000000</in_Quantity.quantity><out_Quantity.quantity>849.514754</out_Quantity.quantity></Point><Point><position>3250</position><in_Quantity.quantity>0.000000</in_Quantity.quantity><out_Quantity.quantity>983.154099</out_Quantity.quantity></Point><Point><position>3251</position><in_Quantity.quantity>0.000000</in_Quantity.quantity><out_Quantity.quantity>566.068930</out_Quantity.quantity></Point><Point><position>3252</position><in_Quantity.quantity>0.000000</in_Quantity.quantity><out_Quantity.quantity>589.289160</out_Quantity.quantity></Point><Point><position>3253</position><in_Quantity.quantity>0.000000</in_Quantity.quantity><out_Quantity.quantity>215.904018</out_Quantity.quantity></Point><Point><position>3254</position><in_Quantity.quantity>0.000000</in_Quantity.quantity><out_Quantity.quantity>325.541760</out_Quantity.quantity></Point><Point><position>3255</position><in_Quantity.quantity>0.000000</in_Quantity.quantity><out_Quantity.quantity>13.221211</out_Quantity.quantity></Point><Point><position>3256</position><in_Quantity.quantity>0.000000</in_Quantity.quantity><out_Quantity.quantity>305.342388</out_Quantity.quantity></Point><Point><position>3257</position><in_Quantity.quantity>0.000000</in_Quantity.quantity><out_Quantity.quantity>214.149744</out_Quantity.quantity></Point><Point><position>3258</position><in_Quantity.quantity>0.000000</in_Quantity.quantity><out_Quantity.quantity>954.461531</out_Quantity.quantity></Point><Point><position>3259</position><in_Quantity.quantity>0.000000</in_Quantity.quantity><out_Quantity.quantity>494.279286</out_Quantity.quantity></Point><Point><position>3260</position><in_Quantity.quantity>0.000000</in_Quantity.quantity><out_Quantity.quantity>715.539897</out_Quantity.quantity></Point><Point><position>3261</position><in_Quantity.quantity>0.000000</in_Quantity.quantity><out_Quantity.quantity>34.909832</out_Quantity.quantity></Point><Point><position>3262</position><in_Quantity.quantity>0.000000</in_Quantity.quantity><out_Quantity.quantity>595.142074</out_Quantity.quantity></Point><Point><position>3263</position><in_Quantity.quantity>0.000000</in_Quantity.quantity><out_Quantity.quantity>891.860428</out_Quantity.quantity></Point><Point><position>3264</position><in_Quantity.quantity>0.000000</in_Quantity.quantity><out_Quantity.quantity>330.627115</out_Quantity.quantity></Point><Point><position>3265</position><in_Quantity.quantity>0.000000</in_Quantity.quantity><out_Quantity.quantity>48.901317</out_Quantity.quantity></Point><Point><position>3266</position><in_Quantity.quantity>0.000000</in_Quantity.quantity><out_Quantity.quantity>706.676284</out_Quantity.quantity></Point><Point><position>3267</position><in_Quantity.quantity>0.000000</in_Quantity.quantity><out_Quantity.quantity>89.419436</out_Quantity.quantity></Point><Point><position>3268</position><in_Quantity.quantity>0.000000</in_Quantity.quantity><out_Quantity.quantity>715.592876</out_Quantity.quantity></Point><Point><position>3269</position><in_Quantity.quantity>0.000000</in_Quantity.quantity><out_Quantity.quantity>358.186997</out_Quantity.quantity></Point><Point><position>3270</position><in_Quantity.quantity>0.000000</in_Quantity.quantity><out_Quantity.quantity>878.250547</out_Quantity.quantity></Point><Point><position>3271</position><in_Quantity.quantity>0.000000</in_Quantity.quantity><out_Quantity.quantity>649.604399</out_Quantity.quantity></Point><Point><position>3272</position><in_Quantity.quantity>0.000000</in_Quantity.quantity><out_Quantity.quantity>601.678195</out_Quantity.quantity></Point><Point><position>3273</position><in_Quantity.quantity>0.000000</in_Quantity.quantity><out_Quantity.quantity>144.141098</out_Quantity.quantity></Point><Point><position>3274</position><in_Quantity.quantity>0.000000</in_Quantity.quantity><out_Quantity.quantity>943.544837</out_Quantity.quantity></Point><Point><position>3275</position><in_Quantity.quantity>0.000000</in_Quantity.quantity><out_Quantity.quantity>477.266811</out_Quantity.quantity></Point><Point><position>3276</position><in_Quantity.quantity>0.000000</in_Quantity.quantity><out_Quantity.quantity>228.501084</out_Quantity.quantity></Point><Point><position>3277</position><in_Quantity.quantity>0.000000</in_Quantity.quantity><out_Quantity.quantity>330.932596</out_Quantity.quantity></Point><Point><position>3278</position><in_Quantity.quantity>0.000000</in_Quantity.quantity><out_Quantity.quantity>172.451093</out_Quantity.quantity></Point><Point><position>3279</position><in_Quantity.quantity>0.000000</in_Quantity.quantity><out_Quantity.quantity>394.037040</out_Quantity.quantity></Point><Point><position>3280</position><in_Quantity.quantity>0.000000</in_Quantity.quantity><out_Quantity.quantity>879.000699</out_Quantity.quantity></Point><Point><position>3281</position><in_Quantity.quantity>0.000000</in_Quantity.quantity><out_Quantity.quantity>967.808641</out_Quantity.quantity></Point><Point><position>3282</position><in_Quantity.quantity>0.000000</in_Quantity.quantity><out_Quantity.quantity>795.049804</out_Quantity.quantity></Point><Point><position>3283</position><in_Quantity.quantity>0.000000</in_Quantity.quantity><out_Quantity.quantity>968.481784</out_Quantity.quantity></Point><Point><position>3284</position><in_Quantity.quantity>0.000000</in_Quantity.quantity><out_Quantity.quantity>19.356122</out_Quantity.quantity></Point><Point><position>3285</position><in_Quantity.quantity>0.000000</in_Quantity.quantity><out_Quantity.quantity>431.974851</out_Quantity.quantity></Point><Point><position>3286</position><in_Quantity.quantity>0.000000</in_Quantity.quantity><out_Quantity.quantity>957.483199</out_Quantity.quantity></Point><Point><position>3287</position><in_Quantity.quantity>0.000000</in_Quantity.quantity><out_Quantity.quantity>149.369054</out_Quantity.quantity></Point><Point><position>3288</position><in_Quantity.quantity>0.000000</in_Quantity.quantity><out_Quantity.quantity>50.181544</out_Quantity.quantity></Point><Point><position>3289</position><in_Quantity.quantity>0.000000</in_Quantity.quantity><out_Quantity.quantity>536.759069</out_Quantity.quantity></Point><Point><position>3290</position><in_Quantity.quantity>0.000000</in_Quantity.quantity><out_Quantity.quantity>541.833816</out_Quantity.quantity></Point><Point><position>3291</position><in_Quantity.quantity>0.000000</in_Quantity.quantity><out_Quantity.quantity>315.570552</out_Quantity.quantity></Point><Point><position>3292</position><in_Quantity.quantity>0.000000</in_Quantity.quantity><out_Quantity.quantity>291.503561</out_Quantity.quantity></Point><Point><position>3293</position><in_Quantity.quantity>0.000000</in_Quantity.quantity><out_Quantity.quantity>710.222940</out_Quantity.quantity></Point><Point><position>3294</position><in_Quantity.quantity>0.000000</in_Quantity.quantity><out_Quantity.quantity>384.057980</out_Quantity.quantity></Point><Point><position>3295</position><in_Quantity.quantity>0.000000</in_Quantity.quantity><out_Quantity.quantity>777.023782</out_Quantity.quantity></Point><Point><position>3296</position><in_Quantity.quantity>0.000000</in_Quantity.quantity><out_Quantity.quantity>24.773702</out_Quantity.quantity></Point><Point><position>3297</position><in_Quantity.quantity>0.000000</in_Quantity.quantity><out_Quantity.quantity>380.167068</out_Quantity.quantity></Point><Point><position>3298</position><in_Quantity.quantity>0.000000</in_Quantity.quantity><out_Quantity.quantity>187.713872</out_Quantity.quantity></Point><Point><position>3299</position><in_Quantity.quantity>0.000000</in_Quantity.quantity><out_Quantity.quantity>304.260799</out_Quantity.quantity></Point><Point><position>3300</position><in_Quantity.quantity>0.000000</in_Quantity.quantity><out_Quantity.quantity>282.728653</out_Quantity.quantity></Point><Point><position>3301</position><in_Quantity.quantity>0.000000</in_Quantity.quantity><out_Quantity.quantity>207.790214</out_Quantity.quantity></Point><Point><position>3302</position><in_Quantity.quantity>0.000000</in_Quantity.quantity><out_Quantity.quantity>546.898137</out_Quantity.quantity></Point><Point><position>3303</position><in_Quantity.quantity>0.000000</in_Quantity.quantity><out_Quantity.quantity>702.017534</out_Quantity.quantity></Point><Point><position>3304</position><in_Quantity.quantity>0.000000</in_Quantity.quantity><out_Quantity.quantity>444.761277</out_Quantity.quantity></Point><Point><position>3305</position><in_Quantity.quantity>0.000000</in_Quantity.quantity><out_Quantity.quantity>348.720059</out_Quantity.quantity></Point><Point><position>3306</position><in_Quantity.quantity>0.000000</in_Quantity.quantity><out_Quantity.quantity>938.627192</out_Quantity.quantity></Point><Point><position>3307</position><in_Quantity.quantity>0.000000</in_Quantity.quantity><out_Quantity.quantity>257.700254</out_Quantity.quantity></Point><Point><position>3308</position><in_Quantity.quantity>0.000000</in_Quantity.quantity><out_Quantity.quantity>936.230342</out_Quantity.quantity></Point><Point><position>3309</position><in_Quantity.quantity>0.000000</in_Quantity.quantity><out_Quantity.quantity>780.277383</out_Quantity.quantity></Point><Point><position>3310</position><in_Quantity.quantity>0.000000</in_Quantity.quantity><out_Quantity.quantity>850.837313</out_Quantity.quantity></Point><Point><position>3311</position><in_Quantity.quantity>0.000000</in_Quantity.quantity><out_Quantity.quantity>207.615771</out_Quantity.quantity></Point><Point><position>3312</position><in_Quantity.quantity>0.000000</in_Quantity.quantity><out_Quantity.quantity>554.298992</out_Quantity.quantity></Point><Point><position>3313</position><in_Quantity.quantity>0.000000</in_Quantity.quantity><out_Quantity.quantity>167.572817</out_Quantity.quantity></Point><Point><position>3314</position><in_Quantity.quantity>0.000000</in_Quantity.quantity><out_Quantity.quantity>322.544313</out_Quantity.quantity></Point><Point><position>3315</position><in_Quantity.quantity>0.000000</in_Quantity.quantity><out_Quantity.quantity>66.638618</out_Quantity.quantity></Point><Point><position>3316</position><in_Quantity.quantity>0.000000</in_Quantity.quantity><out_Quantity.quantity>896.724821</out_Quantity.quantity></Point><Point><position>3317</position><in_Quantity.quantity>0.000000</in_Quantity.quantity><out_Quantity.quantity>436.774597</out_Quantity.quantity></Point><Point><position>3318</position><in_Quantity.quantity>0.000000</in_Quantity.quantity><out_Quantity.quantity>696.166958</out_Quantity.quantity></Point><Point><position>3319</position><in_Quantity.quantity>0.000000</in_Quantity.quantity><out_Quantity.quantity>176.640999</out_Quantity.quantity></Point><Point><position>3320</position><in_Quantity.quantity>0.000000</in_Quantity.quantity><out_Quantity.quantity>908.950262</out_Quantity.quantity></Point><Point><position>3321</position><in_Quantity.quantity>0.000000</in_Quantity.quantity><out_Quantity.quantity>557.295524</out_Quantity.quantity></Point><Point><position>3322</position><in_Quantity.quantity>0.000000</in_Quantity.quantity><out_Quantity.quantity>450.954427</out_Quantity.quantity></Point><Point><position>3323</position><in_Quantity.quantity>0.000000</in_Quantity.quantity><out_Quantity.quantity>853.592392</out_Quantity.quantity></Point><Point><position>3324</position><in_Quantity.quantity>0.000000</in_Quantity.quantity><out_Quantity.quantity>182.804476</out_Quantity.quantity></Point><Point><position>3325</position><in_Quantity.quantity>0.000000</in_Quantity.quantity><out_Quantity.quantity>580.490057</out_Quantity.quantity></Point><Point><position>3326</position><in_Quantity.quantity>0.000000</in_Quantity.quantity><out_Quantity.quantity>394.015756</out_Quantity.quantity></Point><Point><position>3327</position><in_Quantity.quantity>0.000000</in_Quantity.quantity><out_Quantity.quantity>187.857622</out_Quantity.quantity></Point><Point><position>3328</position><in_Quantity.quantity>0.000000</in_Quantity.quantity><out_Quantity.quantity>731.456417</out_Quantity.quantity></Point><Point><position>3329</position><in_Quantity.quantity>0.000000</in_Quantity.quantity><out_Quantity.quantity>439.498317</out_Quantity.quantity></Point><Point><position>3330</position><in_Quantity.quantity>0.000000</in_Quantity.quantity><out_Quantity.quantity>176.522356</out_Quantity.quantity></Point><Point><position>3331</position><in_Quantity.quantity>0.000000</in_Quantity.quantity><out_Quantity.quantity>246.148845</out_Quantity.quantity></Point><Point><position>3332</position><in_Quantity.quantity>0.000000</in_Quantity.quantity><out_Quantity.quantity>809.864184</out_Quantity.quantity></Point><Point><position>3333</position><in_Quantity.quantity>0.000000</in_Quantity.quantity><out_Quantity.quantity>851.395003</out_Quantity.quantity></Point><Point><position>3334</position><in_Quantity.quantity>0.000000</in_Quantity.quantity><out_Quantity.quantity>52.811330</out_Quantity.quantity></Point><Point><position>3335</position><in_Quantity.quantity>0.000000</in_Quantity.quantity><out_Quantity.quantity>149.986016</out_Quantity.quantity></Point><Point><position>3336</position><in_Quantity.quantity>0.000000</in_Quantity.quantity><out_Quantity.quantity>774.805020</out_Quantity.quantity></Point><Point><position>3337</position><in_Quantity.quantity>0.000000</in_Quantity.quantity><out_Quantity.quantity>438.441854</out_Quantity.quantity></Point><Point><position>3338</position><in_Quantity.quantity>0.000000</in_Quantity.quantity><out_Quantity.quantity>54.317405</out_Quantity.quantity></Point><Point><position>3339</position><in_Quantity.quantity>0.000000</in_Quantity.quantity><out_Quantity.quantity>570.500109</out_Quantity.quantity></Point><Point><position>3340</position><in_Quantity.quantity>0.000000</in_Quantity.quantity><out_Quantity.quantity>603.556199</out_Quantity.quantity></Point><Point><position>3341</position><in_Quantity.quantity>0.000000</in_Quantity.quantity><out_Quantity.quantity>805.096602</out_Quantity.quantity></Point><Point><position>3342</position><in_Quantity.quantity>0.000000</in_Quantity.quantity><out_Quantity.quantity>74.260069</out_Quantity.quantity></Point><Point><position>3343</position><in_Quantity.quantity>0.000000</in_Quantity.quantity><out_Quantity.quantity>998.671979</out_Quantity.quantity></Point><Point><position>3344</position><in_Quantity.quantity>0.000000</in_Quantity.quantity><out_Quantity.quantity>886.088623</out_Quantity.quantity></Point><Point><position>3345</position><in_Quantity.quantity>0.000000</in_Quantity.quantity><out_Quantity.quantity>600.663393</out_Quantity.quantity></Point><Point><position>3346</position><in_Quantity.quantity>0.000000</in_Quantity.quantity><out_Quantity.quantity>604.029707</out_Quantity.quantity></Point><Point><position>3347</position><in_Quantity.quantity>0.000000</in_Quantity.quantity><out_Quantity.quantity>248.579907</out_Quantity.quantity></Point><Point><position>3348</position><in_Quantity.quantity>0.000000</in_Quantity.quantity><out_Quantity.quantity>295.800225</out_Quantity.quantity></Point><Point><position>3349</position><in_Quantity.quantity>0.000000</in_Quantity.quantity><out_Quantity.quantity>2.181807</out_Quantity.quantity></Point><Point><position>3350</position><in_Quantity.quantity>0.000000</in_Quantity.quantity><out_Quantity.quantity>896.155467</out_Quantity.quantity></Point><Point><position>3351</position><in_Quantity.quantity>0.000000</in_Quantity.quantity><out_Quantity.quantity>54.266926</out_Quantity.quantity></Point><Point><position>3352</position><in_Quantity.quantity>0.000000</in_Quantity.quantity><out_Quantity.quantity>142.897594</out_Quantity.quantity></Point><Point><position>3353</position><in_Quantity.quantity>0.000000</in_Quantity.quantity><out_Quantity.quantity>10.765580</out_Quantity.quantity></Point><Point><position>3354</position><in_Quantity.quantity>0.000000</in_Quantity.quantity><out_Quantity.quantity>148.839978</out_Quantity.quantity></Point><Point><position>3355</position><in_Quantity.quantity>0.000000</in_Quantity.quantity><out_Quantity.quantity>992.686331</out_Quantity.quantity></Point><Point><position>3356</position><in_Quantity.quantity>0.000000</in_Quantity.quantity><out_Quantity.quantity>317.333102</out_Quantity.quantity></Point><Point><position>3357</position><in_Quantity.quantity>0.000000</in_Quantity.quantity><out_Quantity.quantity>606.542326</out_Quantity.quantity></Point><Point><position>3358</position><in_Quantity.quantity>0.000000</in_Quantity.quantity><out_Quantity.quantity>870.195694</out_Quantity.quantity></Point><Point><position>3359</position><in_Quantity.quantity>0.000000</in_Quantity.quantity><out_Quantity.quantity>897.268684</out_Quantity.quantity></Point><Point><position>3360</position><in_Quantity.quantity>0.000000</in_Quantity.quantity><out_Quantity.quantity>75.146798</out_Quantity.quantity></Point><Point><position>3361</position><in_Quantity.quantity>0.000000</in_Quantity.quantity><out_Quantity.quantity>359.825090</out_Quantity.quantity></Point><Point><position>3362</position><in_Quantity.quantity>0.000000</in_Quantity.quantity><out_Quantity.quantity>185.539727</out_Quantity.quantity></Point><Point><position>3363</position><in_Quantity.quantity>0.000000</in_Quantity.quantity><out_Quantity.quantity>639.549685</out_Quantity.quantity></Point><Point><position>3364</position><in_Quantity.quantity>0.000000</in_Quantity.quantity><out_Quantity.quantity>821.552723</out_Quantity.quantity></Point><Point><position>3365</position><in_Quantity.quantity>0.000000</in_Quantity.quantity><out_Quantity.quantity>705.842817</out_Quantity.quantity></Point><Point><position>3366</position><in_Quantity.quantity>0.000000</in_Quantity.quantity><out_Quantity.quantity>714.540676</out_Quantity.quantity></Point><Point><position>3367</position><in_Quantity.quantity>0.000000</in_Quantity.quantity><out_Quantity.quantity>8.661611</out_Quantity.quantity></Point><Point><position>3368</position><in_Quantity.quantity>0.000000</in_Quantity.quantity><out_Quantity.quantity>122.049494</out_Quantity.quantity></Point><Point><position>3369</position><in_Quantity.quantity>0.000000</in_Quantity.quantity><out_Quantity.quantity>88.388660</out_Quantity.quantity></Point><Point><position>3370</position><in_Quantity.quantity>0.000000</in_Quantity.quantity><out_Quantity.quantity>868.787007</out_Quantity.quantity></Point><Point><position>3371</position><in_Quantity.quantity>0.000000</in_Quantity.quantity><out_Quantity.quantity>816.985350</out_Quantity.quantity></Point><Point><position>3372</position><in_Quantity.quantity>0.000000</in_Quantity.quantity><out_Quantity.quantity>228.958472</out_Quantity.quantity></Point><Point><position>3373</position><in_Quantity.quantity>0.000000</in_Quantity.quantity><out_Quantity.quantity>483.578808</out_Quantity.quantity></Point><Point><position>3374</position><in_Quantity.quantity>0.000000</in_Quantity.quantity><out_Quantity.quantity>582.598283</out_Quantity.quantity></Point><Point><position>3375</position><in_Quantity.quantity>0.000000</in_Quantity.quantity><out_Quantity.quantity>869.783776</out_Quantity.quantity></Point><Point><position>3376</position><in_Quantity.quantity>0.000000</in_Quantity.quantity><out_Quantity.quantity>247.899428</out_Quantity.quantity></Point><Point><position>3377</position><in_Quantity.quantity>0.000000</in_Quantity.quantity><out_Quantity.quantity>958.044684</out_Quantity.quantity></Point><Point><position>3378</position><in_Quantity.quantity>0.000000</in_Quantity.quantity><out_Quantity.quantity>378.576687</out_Quantity.quantity></Point><Point><position>3379</position><in_Quantity.quantity>0.000000</in_Quantity.quantity><out_Quantity.quantity>142.531410</out_Quantity.quantity></Point><Point><position>3380</position><in_Quantity.quantity>0.000000</in_Quantity.quantity><out_Quantity.quantity>478.520836</out_Quantity.quantity></Point><Point><position>3381</position><in_Quantity.quantity>0.000000</in_Quantity.quantity><out_Quantity.quantity>273.914865</out_Quantity.quantity></Point><Point><position>3382</position><in_Quantity.quantity>0.000000</in_Quantity.quantity><out_Quantity.quantity>64.266741</out_Quantity.quantity></Point><Point><position>3383</position><in_Quantity.quantity>0.000000</in_Quantity.quantity><out_Quantity.quantity>472.964382</out_Quantity.quantity></Point><Point><position>3384</position><in_Quantity.quantity>0.000000</in_Quantity.quantity><out_Quantity.quantity>628.482960</out_Quantity.quantity></Point><Point><position>3385</position><in_Quantity.quantity>0.000000</in_Quantity.quantity><out_Quantity.quantity>294.484896</out_Quantity.quantity></Point><Point><position>3386</position><in_Quantity.quantity>0.000000</in_Quantity.quantity><out_Quantity.quantity>825.877494</out_Quantity.quantity></Point><Point><position>3387</position><in_Quantity.quantity>0.000000</in_Quantity.quantity><out_Quantity.quantity>434.245459</out_Quantity.quantity></Point><Point><position>3388</position><in_Quantity.quantity>0.000000</in_Quantity.quantity><out_Quantity.quantity>112.151822</out_Quantity.quantity></Point><Point><position>3389</position><in_Quantity.quantity>0.000000</in_Quantity.quantity><out_Quantity.quantity>282.810119</out_Quantity.quantity></Point><Point><position>3390</position><in_Quantity.quantity>0.000000</in_Quantity.quantity><out_Quantity.quantity>841.555763</out_Quantity.quantity></Point><Point><position>3391</position><in_Quantity.quantity>0.000000</in_Quantity.quantity><out_Quantity.quantity>581.287058</out_Quantity.quantity></Point><Point><position>3392</position><in_Quantity.quantity>0.000000</in_Quantity.quantity><out_Quantity.quantity>826.363719</out_Quantity.quantity></Point><Point><position>3393</position><in_Quantity.quantity>0.000000</in_Quantity.quantity><out_Quantity.quantity>18.485823</out_Quantity.quantity></Point><Point><position>3394</position><in_Quantity.quantity>0.000000</in_Quantity.quantity><out_Quantity.quantity>195.556521</out_Quantity.quantity></Point><Point><position>3395</position><in_Quantity.quantity>0.000000</in_Quantity.quantity><out_Quantity.quantity>907.034782</out_Quantity.quantity></Point><Point><position>3396</position><in_Quantity.quantity>0.000000</in_Quantity.quantity><out_Quantity.quantity>581.020426</out_Quantity.quantity></Point><Point><position>3397</position><in_Quantity.quantity>0.000000</in_Quantity.quantity><out_Quantity.quantity>162.212975</out_Quantity.quantity></Point><Point><position>3398</position><in_Quantity.quantity>0.000000</in_Quantity.quantity><out_Quantity.quantity>446.692710</out_Quantity.quantity></Point><Point><position>3399</position><in_Quantity.quantity>0.000000</in_Quantity.quantity><out_Quantity.quantity>419.689450</out_Quantity.quantity></Point><Point><position>3400</position><in_Quantity.quantity>0.000000</in_Quantity.quantity><out_Quantity.quantity>949.012416</out_Quantity.quantity></Point><Point><position>3401</position><in_Quantity.quantity>0.000000</in_Quantity.quantity><out_Quantity.quantity>556.082210</out_Quantity.quantity></Point><Point><position>3402</position><in_Quantity.quantity>0.000000</in_Quantity.quantity><out_Quantity.quantity>582.749327</out_Quantity.quantity></Point><Point><position>3403</position><in_Quantity.quantity>0.000000</in_Quantity.quantity><out_Quantity.quantity>10.388186</out_Quantity.quantity></Point><Point><position>3404</position><in_Quantity.quantity>0.000000</in_Quantity.quantity><out_Quantity.quantity>669.991974</out_Quantity.quantity></Point><Point><position>3405</position><in_Quantity.quantity>0.000000</in_Quantity.quantity><out_Quantity.quantity>802.462817</out_Quantity.quantity></Point><Point><position>3406</position><in_Quantity.quantity>0.000000</in_Quantity.quantity><out_Quantity.quantity>791.443706</out_Quantity.quantity></Point><Point><position>3407</position><in_Quantity.quantity>0.000000</in_Quantity.quantity><out_Quantity.quantity>201.576682</out_Quantity.quantity></Point><Point><position>3408</position><in_Quantity.quantity>0.000000</in_Quantity.quantity><out_Quantity.quantity>302.685036</out_Quantity.quantity></Point><Point><position>3409</position><in_Quantity.quantity>0.000000</in_Quantity.quantity><out_Quantity.quantity>953.569390</out_Quantity.quantity></Point><Point><position>3410</position><in_Quantity.quantity>0.000000</in_Quantity.quantity><out_Quantity.quantity>729.897763</out_Quantity.quantity></Point><Point><position>3411</position><in_Quantity.quantity>0.000000</in_Quantity.quantity><out_Quantity.quantity>442.364487</out_Quantity.quantity></Point><Point><position>3412</position><in_Quantity.quantity>0.000000</in_Quantity.quantity><out_Quantity.quantity>790.170753</out_Quantity.quantity></Point><Point><position>3413</position><in_Quantity.quantity>0.000000</in_Quantity.quantity><out_Quantity.quantity>50.082363</out_Quantity.quantity></Point><Point><position>3414</position><in_Quantity.quantity>0.000000</in_Quantity.quantity><out_Quantity.quantity>250.173167</out_Quantity.quantity></Point><Point><position>3415</position><in_Quantity.quantity>0.000000</in_Quantity.quantity><out_Quantity.quantity>636.665742</out_Quantity.quantity></Point><Point><position>3416</position><in_Quantity.quantity>0.000000</in_Quantity.quantity><out_Quantity.quantity>886.852297</out_Quantity.quantity></Point><Point><position>3417</position><in_Quantity.quantity>0.000000</in_Quantity.quantity><out_Quantity.quantity>267.681861</out_Quantity.quantity></Point><Point><position>3418</position><in_Quantity.quantity>0.000000</in_Quantity.quantity><out_Quantity.quantity>510.003349</out_Quantity.quantity></Point><Point><position>3419</position><in_Quantity.quantity>0.000000</in_Quantity.quantity><out_Quantity.quantity>297.293139</out_Quantity.quantity></Point><Point><position>3420</position><in_Quantity.quantity>0.000000</in_Quantity.quantity><out_Quantity.quantity>809.322231</out_Quantity.quantity></Point><Point><position>3421</position><in_Quantity.quantity>0.000000</in_Quantity.quantity><out_Quantity.quantity>731.493986</out_Quantity.quantity></Point><Point><position>3422</position><in_Quantity.quantity>0.000000</in_Quantity.quantity><out_Quantity.quantity>404.366517</out_Quantity.quantity></Point><Point><position>3423</position><in_Quantity.quantity>0.000000</in_Quantity.quantity><out_Quantity.quantity>184.174959</out_Quantity.quantity></Point><Point><position>3424</position><in_Quantity.quantity>0.000000</in_Quantity.quantity><out_Quantity.quantity>797.643744</out_Quantity.quantity></Point><Point><position>3425</position><in_Quantity.quantity>0.000000</in_Quantity.quantity><out_Quantity.quantity>665.691965</out_Quantity.quantity></Point><Point><position>3426</position><in_Quantity.quantity>0.000000</in_Quantity.quantity><out_Quantity.quantity>169.947675</out_Quantity.quantity></Point><Point><position>3427</position><in_Quantity.quantity>0.000000</in_Quantity.quantity><out_Quantity.quantity>793.337102</out_Quantity.quantity></Point><Point><position>3428</position><in_Quantity.quantity>0.000000</in_Quantity.quantity><out_Quantity.quantity>207.751229</out_Quantity.quantity></Point><Point><position>3429</position><in_Quantity.quantity>0.000000</in_Quantity.quantity><out_Quantity.quantity>784.239229</out_Quantity.quantity></Point><Point><position>3430</position><in_Quantity.quantity>0.000000</in_Quantity.quantity><out_Quantity.quantity>775.440444</out_Quantity.quantity></Point><Point><position>3431</position><in_Quantity.quantity>0.000000</in_Quantity.quantity><out_Quantity.quantity>290.332307</out_Quantity.quantity></Point><Point><position>3432</position><in_Quantity.quantity>0.000000</in_Quantity.quantity><out_Quantity.quantity>760.888079</out_Quantity.quantity></Point><Point><position>3433</position><in_Quantity.quantity>0.000000</in_Quantity.quantity><out_Quantity.quantity>948.622671</out_Quantity.quantity></Point><Point><position>3434</position><in_Quantity.quantity>0.000000</in_Quantity.quantity><out_Quantity.quantity>350.670853</out_Quantity.quantity></Point><Point><position>3435</position><in_Quantity.quantity>0.000000</in_Quantity.quantity><out_Quantity.quantity>745.264346</out_Quantity.quantity></Point><Point><position>3436</position><in_Quantity.quantity>0.000000</in_Quantity.quantity><out_Quantity.quantity>930.017945</out_Quantity.quantity></Point><Point><position>3437</position><in_Quantity.quantity>0.000000</in_Quantity.quantity><out_Quantity.quantity>717.214580</out_Quantity.quantity></Point><Point><position>3438</position><in_Quantity.quantity>0.000000</in_Quantity.quantity><out_Quantity.quantity>840.985537</out_Quantity.quantity></Point><Point><position>3439</position><in_Quantity.quantity>0.000000</in_Quantity.quantity><out_Quantity.quantity>731.770613</out_Quantity.quantity></Point><Point><position>3440</position><in_Quantity.quantity>0.000000</in_Quantity.quantity><out_Quantity.quantity>982.957919</out_Quantity.quantity></Point><Point><position>3441</position><in_Quantity.quantity>0.000000</in_Quantity.quantity><out_Quantity.quantity>52.189850</out_Quantity.quantity></Point><Point><position>3442</position><in_Quantity.quantity>0.000000</in_Quantity.quantity><out_Quantity.quantity>861.148513</out_Quantity.quantity></Point><Point><position>3443</position><in_Quantity.quantity>0.000000</in_Quantity.quantity><out_Quantity.quantity>14.960354</out_Quantity.quantity></Point><Point><position>3444</position><in_Quantity.quantity>0.000000</in_Quantity.quantity><out_Quantity.quantity>27.862773</out_Quantity.quantity></Point><Point><position>3445</position><in_Quantity.quantity>0.000000</in_Quantity.quantity><out_Quantity.quantity>316.762216</out_Quantity.quantity></Point><Point><position>3446</position><in_Quantity.quantity>0.000000</in_Quantity.quantity><out_Quantity.quantity>282.618372</out_Quantity.quantity></Point><Point><position>3447</position><in_Quantity.quantity>0.000000</in_Quantity.quantity><out_Quantity.quantity>532.676267</out_Quantity.quantity></Point><Point><position>3448</position><in_Quantity.quantity>0.000000</in_Quantity.quantity><out_Quantity.quantity>852.419109</out_Quantity.quantity></Point><Point><position>3449</position><in_Quantity.quantity>0.000000</in_Quantity.quantity><out_Quantity.quantity>475.725358</out_Quantity.quantity></Point><Point><position>3450</position><in_Quantity.quantity>0.000000</in_Quantity.quantity><out_Quantity.quantity>550.661233</out_Quantity.quantity></Point><Point><position>3451</position><in_Quantity.quantity>0.000000</in_Quantity.quantity><out_Quantity.quantity>939.852506</out_Quantity.quantity></Point><Point><position>3452</position><in_Quantity.quantity>0.000000</in_Quantity.quantity><out_Quantity.quantity>73.652898</out_Quantity.quantity></Point><Point><position>3453</position><in_Quantity.quantity>0.000000</in_Quantity.quantity><out_Quantity.quantity>598.736545</out_Quantity.quantity></Point><Point><position>3454</position><in_Quantity.quantity>0.000000</in_Quantity.quantity><out_Quantity.quantity>965.507422</out_Quantity.quantity></Point><Point><position>3455</position><in_Quantity.quantity>0.000000</in_Quantity.quantity><out_Quantity.quantity>394.078468</out_Quantity.quantity></Point><Point><position>3456</position><in_Quantity.quantity>0.000000</in_Quantity.quantity><out_Quantity.quantity>929.657159</out_Quantity.quantity></Point><Point><position>3457</position><in_Quantity.quantity>0.000000</in_Quantity.quantity><out_Quantity.quantity>603.534792</out_Quantity.quantity></Point><Point><position>3458</position><in_Quantity.quantity>0.000000</in_Quantity.quantity><out_Quantity.quantity>508.542105</out_Quantity.quantity></Point><Point><position>3459</position><in_Quantity.quantity>0.000000</in_Quantity.quantity><out_Quantity.quantity>965.207555</out_Quantity.quantity></Point><Point><position>3460</position><in_Quantity.quantity>0.000000</in_Quantity.quantity><out_Quantity.quantity>207.492788</out_Quantity.quantity></Point><Point><position>3461</position><in_Quantity.quantity>0.000000</in_Quantity.quantity><out_Quantity.quantity>815.492163</out_Quantity.quantity></Point><Point><position>3462</position><in_Quantity.quantity>0.000000</in_Quantity.quantity><out_Quantity.quantity>564.844249</out_Quantity.quantity></Point><Point><position>3463</position><in_Quantity.quantity>0.000000</in_Quantity.quantity><out_Quantity.quantity>136.451504</out_Quantity.quantity></Point><Point><position>3464</position><in_Quantity.quantity>0.000000</in_Quantity.quantity><out_Quantity.quantity>976.569892</out_Quantity.quantity></Point><Point><position>3465</position><in_Quantity.quantity>0.000000</in_Quantity.quantity><out_Quantity.quantity>479.366019</out_Quantity.quantity></Point><Point><position>3466</position><in_Quantity.quantity>0.000000</in_Quantity.quantity><out_Quantity.quantity>655.978669</out_Quantity.quantity></Point><Point><position>3467</position><in_Quantity.quantity>0.000000</in_Quantity.quantity><out_Quantity.quantity>818.598947</out_Quantity.quantity></Point><Point><position>3468</position><in_Quantity.quantity>0.000000</in_Quantity.quantity><out_Quantity.quantity>908.095493</out_Quantity.quantity></Point><Point><position>3469</position><in_Quantity.quantity>0.000000</in_Quantity.quantity><out_Quantity.quantity>557.669818</out_Quantity.quantity></Point><Point><position>3470</position><in_Quantity.quantity>0.000000</in_Quantity.quantity><out_Quantity.quantity>506.665634</out_Quantity.quantity></Point><Point><position>3471</position><in_Quantity.quantity>0.000000</in_Quantity.quantity><out_Quantity.quantity>267.778131</out_Quantity.quantity></Point><Point><position>3472</position><in_Quantity.quantity>0.000000</in_Quantity.quantity><out_Quantity.quantity>202.746657</out_Quantity.quantity></Point><Point><position>3473</position><in_Quantity.quantity>0.000000</in_Quantity.quantity><out_Quantity.quantity>388.890222</out_Quantity.quantity></Point><Point><position>3474</position><in_Quantity.quantity>0.000000</in_Quantity.quantity><out_Quantity.quantity>194.325797</out_Quantity.quantity></Point><Point><position>3475</position><in_Quantity.quantity>0.000000</in_Quantity.quantity><out_Quantity.quantity>273.831434</out_Quantity.quantity></Point><Point><position>3476</position><in_Quantity.quantity>0.000000</in_Quantity.quantity><out_Quantity.quantity>858.982743</out_Quantity.quantity></Point><Point><position>3477</position><in_Quantity.quantity>0.000000</in_Quantity.quantity><out_Quantity.quantity>353.800993</out_Quantity.quantity></Point><Point><position>3478</position><in_Quantity.quantity>0.000000</in_Quantity.quantity><out_Quantity.quantity>164.034786</out_Quantity.quantity></Point><Point><position>3479</position><in_Quantity.quantity>0.000000</in_Quantity.quantity><out_Quantity.quantity>251.746504</out_Quantity.quantity></Point><Point><position>3480</position><in_Quantity.quantity>0.000000</in_Quantity.quantity><out_Quantity.quantity>256.238183</out_Quantity.quantity></Point><Point><position>3481</position><in_Quantity.quantity>0.000000</in_Quantity.quantity><out_Quantity.quantity>225.929239</out_Quantity.quantity></Point><Point><position>3482</position><in_Quantity.quantity>0.000000</in_Quantity.quantity><out_Quantity.quantity>170.820195</out_Quantity.quantity></Point><Point><position>3483</position><in_Quantity.quantity>0.000000</in_Quantity.quantity><out_Quantity.quantity>600.808145</out_Quantity.quantity></Point><Point><position>3484</position><in_Quantity.quantity>0.000000</in_Quantity.quantity><out_Quantity.quantity>957.731189</out_Quantity.quantity></Point><Point><position>3485</position><in_Quantity.quantity>0.000000</in_Quantity.quantity><out_Quantity.quantity>600.160770</out_Quantity.quantity></Point><Point><position>3486</position><in_Quantity.quantity>0.000000</in_Quantity.quantity><out_Quantity.quantity>164.055158</out_Quantity.quantity></Point><Point><position>3487</position><in_Quantity.quantity>0.000000</in_Quantity.quantity><out_Quantity.quantity>356.664231</out_Quantity.quantity></Point><Point><position>3488</position><in_Quantity.quantity>0.000000</in_Quantity.quantity><out_Quantity.quantity>922.632302</out_Quantity.quantity></Point><Point><position>3489</position><in_Quantity.quantity>0.000000</in_Quantity.quantity><out_Quantity.quantity>901.670588</out_Quantity.quantity></Point><Point><position>3490</position><in_Quantity.quantity>0.000000</in_Quantity.quantity><out_Quantity.quantity>306.202188</out_Quantity.quantity></Point><Point><position>3491</position><in_Quantity.quantity>0.000000</in_Quantity.quantity><out_Quantity.quantity>798.622947</out_Quantity.quantity></Point><Point><position>3492</position><in_Quantity.quantity>0.000000</in_Quantity.quantity><out_Quantity.quantity>263.704643</out_Quantity.quantity></Point><Point><position>3493</position><in_Quantity.quantity>0.000000</in_Quantity.quantity><out_Quantity.quantity>267.817715</out_Quantity.quantity></Point><Point><position>3494</position><in_Quantity.quantity>0.000000</in_Quantity.quantity><out_Quantity.quantity>990.588086</out_Quantity.quantity></Point><Point><position>3495</position><in_Quantity.quantity>0.000000</in_Quantity.quantity><out_Quantity.quantity>350.493503</out_Quantity.quantity></Point><Point><position>3496</position><in_Quantity.quantity>0.000000</in_Quantity.quantity><out_Quantity.quantity>284.201034</out_Quantity.quantity></Point><Point><position>3497</position><in_Quantity.quantity>0.000000</in_Quantity.quantity><out_Quantity.quantity>561.048542</out_Quantity.quantity></Point><Point><position>3498</position><in_Quantity.quantity>0.000000</in_Quantity.quantity><out_Quantity.quantity>418.347614</out_Quantity.quantity></Point><Point><position>3499</position><in_Quantity.quantity>0.000000</in_Quantity.quantity><out_Quantity.quantity>617.384124</out_Quantity.quantity></Point><Point><position>3500</position><in_Quantity.quantity>0.000000</in_Quantity.quantity><out_Quantity.quantity>497.200688</out_Quantity.quantity></Point><Point><position>3501</position><in_Quantity.quantity>0.000000</in_Quantity.quantity><out_Quantity.quantity>888.196282</out_Quantity.quantity></Point><Point><position>3502</position><in_Quantity.quantity>0.000000</in_Quantity.quantity><out_Quantity.quantity>806.782002</out_Quantity.quantity></Point><Point><position>3503</position><in_Quantity.quantity>0.000000</in_Quantity.quantity><out_Quantity.quantity>477.462865</out_Quantity.quantity></Point><Point><position>3504</position><in_Quantity.quantity>0.000000</in_Quantity.quantity><out_Quantity.quantity>80.627646</out_Quantity.quantity></Point><Point><position>3505</position><in_Quantity.quantity>0.000000</in_Quantity.quantity><out_Quantity.quantity>280.916364</out_Quantity.quantity></Point><Point><position>3506</position><in_Quantity.quantity>0.000000</in_Quantity.quantity><out_Quantity.quantity>280.970518</out_Quantity.quantity></Point><Point><position>3507</position><in_Quantity.quantity>0.000000</in_Quantity.quantity><out_Quantity.quantity>408.586271</out_Quantity.quantity></Point><Point><position>3508</position><in_Quantity.quantity>0.000000</in_Quantity.quantity><out_Quantity.quantity>331.105523</out_Quantity.quantity></Point><Point><position>3509</position><in_Quantity.quantity>0.000000</in_Quantity.quantity><out_Quantity.quantity>641.156592</out_Quantity.quantity></Point><Point><position>3510</position><in_Quantity.quantity>0.000000</in_Quantity.quantity><out_Quantity.quantity>322.524147</out_Quantity.quantity></Point><Point><position>3511</position><in_Quantity.quantity>0.000000</in_Quantity.quantity><out_Quantity.quantity>152.667569</out_Quantity.quantity></Point><Point><position>3512</position><in_Quantity.quantity>0.000000</in_Quantity.quantity><out_Quantity.quantity>153.404540</out_Quantity.quantity></Point><Point><position>3513</position><in_Quantity.quantity>0.000000</in_Quantity.quantity><out_Quantity.quantity>578.562478</out_Quantity.quantity></Point><Point><position>3514</position><in_Quantity.quantity>0.000000</in_Quantity.quantity><out_Quantity.quantity>376.984251</out_Quantity.quantity></Point><Point><position>3515</position><in_Quantity.quantity>0.000000</in_Quantity.quantity><out_Quantity.quantity>901.931672</out_Quantity.quantity></Point><Point><position>3516</position><in_Quantity.quantity>0.000000</in_Quantity.quantity><out_Quantity.quantity>708.220935</out_Quantity.quantity></Point><Point><position>3517</position><in_Quantity.quantity>0.000000</in_Quantity.quantity><out_Quantity.quantity>762.689666</out_Quantity.quantity></Point><Point><position>3518</position><in_Quantity.quantity>0.000000</in_Quantity.quantity><out_Quantity.quantity>591.996100</out_Quantity.quantity></Point><Point><position>3519</position><in_Quantity.quantity>0.000000</in_Quantity.quantity><out_Quantity.quantity>752.467924</out_Quantity.quantity></Point><Point><position>3520</position><in_Quantity.quantity>0.000000</in_Quantity.quantity><out_Quantity.quantity>173.121621</out_Quantity.quantity></Point><Point><position>3521</position><in_Quantity.quantity>0.000000</in_Quantity.quantity><out_Quantity.quantity>940.697144</out_Quantity.quantity></Point><Point><position>3522</position><in_Quantity.quantity>0.000000</in_Quantity.quantity><out_Quantity.quantity>849.185075</out_Quantity.quantity></Point><Point><position>3523</position><in_Quantity.quantity>0.000000</in_Quantity.quantity><out_Quantity.quantity>75.515577</out_Quantity.quantity></Point><Point><position>3524</position><in_Quantity.quantity>0.000000</in_Quantity.quantity><out_Quantity.quantity>248.414643</out_Quantity.quantity></Point><Point><position>3525</position><in_Quantity.quantity>0.000000</in_Quantity.quantity><out_Quantity.quantity>817.643857</out_Quantity.quantity></Point><Point><position>3526</position><in_Quantity.quantity>0.000000</in_Quantity.quantity><out_Quantity.quantity>23.934293</out_Quantity.quantity></Point><Point><position>3527</position><in_Quantity.quantity>0.000000</in_Quantity.quantity><out_Quantity.quantity>334.325333</out_Quantity.quantity></Point><Point><position>3528</position><in_Quantity.quantity>0.000000</in_Quantity.quantity><out_Quantity.quantity>759.134376</out_Quantity.quantity></Point><Point><position>3529</position><in_Quantity.quantity>0.000000</in_Quantity.quantity><out_Quantity.quantity>868.566421</out_Quantity.quantity></Point><Point><position>3530</position><in_Quantity.quantity>0.000000</in_Quantity.quantity><out_Quantity.quantity>467.740959</out_Quantity.quantity></Point><Point><position>3531</position><in_Quantity.quantity>0.000000</in_Quantity.quantity><out_Quantity.quantity>996.721629</out_Quantity.quantity></Point><Point><position>3532</position><in_Quantity.quantity>0.000000</in_Quantity.quantity><out_Quantity.quantity>473.537128</out_Quantity.quantity></Point><Point><position>3533</position><in_Quantity.quantity>0.000000</in_Quantity.quantity><out_Quantity.quantity>638.291589</out_Quantity.quantity></Point><Point><position>3534</position><in_Quantity.quantity>0.000000</in_Quantity.quantity><out_Quantity.quantity>56.656837</out_Quantity.quantity></Point><Point><position>3535</position><in_Quantity.quantity>0.000000</in_Quantity.quantity><out_Quantity.quantity>778.939518</out_Quantity.quantity></Point><Point><position>3536</position><in_Quantity.quantity>0.000000</in_Quantity.quantity><out_Quantity.quantity>993.371092</out_Quantity.quantity></Point><Point><position>3537</position><in_Quantity.quantity>0.000000</in_Quantity.quantity><out_Quantity.quantity>811.304985</out_Quantity.quantity></Point><Point><position>3538</position><in_Quantity.quantity>0.000000</in_Quantity.quantity><out_Quantity.quantity>783.827763</out_Quantity.quantity></Point><Point><position>3539</position><in_Quantity.quantity>0.000000</in_Quantity.quantity><out_Quantity.quantity>395.820364</out_Quantity.quantity></Point><Point><position>3540</position><in_Quantity.quantity>0.000000</in_Quantity.quantity><out_Quantity.quantity>919.854140</out_Quantity.quantity></Point><Point><position>3541</position><in_Quantity.quantity>0.000000</in_Quantity.quantity><out_Quantity.quantity>400.277979</out_Quantity.quantity></Point><Point><position>3542</position><in_Quantity.quantity>0.000000</in_Quantity.quantity><out_Quantity.quantity>17.659548</out_Quantity.quantity></Point><Point><position>3543</position><in_Quantity.quantity>0.000000</in_Quantity.quantity><out_Quantity.quantity>701.416634</out_Quantity.quantity></Point><Point><position>3544</position><in_Quantity.quantity>0.000000</in_Quantity.quantity><out_Quantity.quantity>13.682369</out_Quantity.quantity></Point><Point><position>3545</position><in_Quantity.quantity>0.000000</in_Quantity.quantity><out_Quantity.quantity>133.105534</out_Quantity.quantity></Point><Point><position>3546</position><in_Quantity.quantity>0.000000</in_Quantity.quantity><out_Quantity.quantity>9.105656</out_Quantity.quantity></Point><Point><position>3547</position><in_Quantity.quantity>0.000000</in_Quantity.quantity><out_Quantity.quantity>868.467752</out_Quantity.quantity></Point><Point><position>3548</position><in_Quantity.quantity>0.000000</in_Quantity.quantity><out_Quantity.quantity>197.809987</out_Quantity.quantity></Point><Point><position>3549</position><in_Quantity.quantity>0.000000</in_Quantity.quantity><out_Quantity.quantity>348.296441</out_Quantity.quantity></Point><Point><position>3550</position><in_Quantity.quantity>0.000000</in_Quantity.quantity><out_Quantity.quantity>294.702286</out_Quantity.quantity></Point><Point><position>3551</position><in_Quantity.quantity>0.000000</in_Quantity.quantity><out_Quantity.quantity>38.157317</out_Quantity.quantity></Point><Point><position>3552</position><in_Quantity.quantity>0.000000</in_Quantity.quantity><out_Quantity.quantity>15.830427</out_Quantity.quantity></Point><Point><position>3553</position><in_Quantity.quantity>0.000000</in_Quantity.quantity><out_Quantity.quantity>717.623915</out_Quantity.quantity></Point><Point><position>3554</position><in_Quantity.quantity>0.000000</in_Quantity.quantity><out_Quantity.quantity>110.964985</out_Quantity.quantity></Point><Point><position>3555</position><in_Quantity.quantity>0.000000</in_Quantity.quantity><out_Quantity.quantity>830.834802</out_Quantity.quantity></Point><Point><position>3556</position><in_Quantity.quantity>0.000000</in_Quantity.quantity><out_Quantity.quantity>55.287540</out_Quantity.quantity></Point><Point><position>3557</position><in_Quantity.quantity>0.000000</in_Quantity.quantity><out_Quantity.quantity>438.514859</out_Quantity.quantity></Point><Point><position>3558</position><in_Quantity.quantity>0.000000</in_Quantity.quantity><out_Quantity.quantity>700.130452</out_Quantity.quantity></Point><Point><position>3559</position><in_Quantity.quantity>0.000000</in_Quantity.quantity><out_Quantity.quantity>64.273241</out_Quantity.quantity></Point><Point><position>3560</position><in_Quantity.quantity>0.000000</in_Quantity.quantity><out_Quantity.quantity>743.551752</out_Quantity.quantity></Point><Point><position>3561</position><in_Quantity.quantity>0.000000</in_Quantity.quantity><out_Quantity.quantity>754.092243</out_Quantity.quantity></Point><Point><position>3562</position><in_Quantity.quantity>0.000000</in_Quantity.quantity><out_Quantity.quantity>759.409947</out_Quantity.quantity></Point><Point><position>3563</position><in_Quantity.quantity>0.000000</in_Quantity.quantity><out_Quantity.quantity>213.100001</out_Quantity.quantity></Point><Point><position>3564</position><in_Quantity.quantity>0.000000</in_Quantity.quantity><out_Quantity.quantity>797.916872</out_Quantity.quantity></Point><Point><position>3565</position><in_Quantity.quantity>0.000000</in_Quantity.quantity><out_Quantity.quantity>111.424575</out_Quantity.quantity></Point><Point><position>3566</position><in_Quantity.quantity>0.000000</in_Quantity.quantity><out_Quantity.quantity>393.353482</out_Quantity.quantity></Point><Point><position>3567</position><in_Quantity.quantity>0.000000</in_Quantity.quantity><out_Quantity.quantity>181.037255</out_Quantity.quantity></Point><Point><position>3568</position><in_Quantity.quantity>0.000000</in_Quantity.quantity><out_Quantity.quantity>432.549260</out_Quantity.quantity></Point><Point><position>3569</position><in_Quantity.quantity>0.000000</in_Quantity.quantity><out_Quantity.quantity>696.068384</out_Quantity.quantity></Point><Point><position>3570</position><in_Quantity.quantity>0.000000</in_Quantity.quantity><out_Quantity.quantity>524.133880</out_Quantity.quantity></Point><Point><position>3571</position><in_Quantity.quantity>0.000000</in_Quantity.quantity><out_Quantity.quantity>399.530466</out_Quantity.quantity></Point><Point><position>3572</position><in_Quantity.quantity>0.000000</in_Quantity.quantity><out_Quantity.quantity>659.802195</out_Quantity.quantity></Point><Point><position>3573</position><in_Quantity.quantity>0.000000</in_Quantity.quantity><out_Quantity.quantity>250.505574</out_Quantity.quantity></Point><Point><position>3574</position><in_Quantity.quantity>0.000000</in_Quantity.quantity><out_Quantity.quantity>643.126625</out_Quantity.quantity></Point><Point><position>3575</position><in_Quantity.quantity>0.000000</in_Quantity.quantity><out_Quantity.quantity>10.150251</out_Quantity.quantity></Point><Point><position>3576</position><in_Quantity.quantity>0.000000</in_Quantity.quantity><out_Quantity.quantity>875.041130</out_Quantity.quantity></Point><Point><position>3577</position><in_Quantity.quantity>0.000000</in_Quantity.quantity><out_Quantity.quantity>835.639741</out_Quantity.quantity></Point><Point><position>3578</position><in_Quantity.quantity>0.000000</in_Quantity.quantity><out_Quantity.quantity>671.371155</out_Quantity.quantity></Point><Point><position>3579</position><in_Quantity.quantity>0.000000</in_Quantity.quantity><out_Quantity.quantity>589.397564</out_Quantity.quantity></Point><Point><position>3580</position><in_Quantity.quantity>0.000000</in_Quantity.quantity><out_Quantity.quantity>862.911095</out_Quantity.quantity></Point><Point><position>3581</position><in_Quantity.quantity>0.000000</in_Quantity.quantity><out_Quantity.quantity>759.117750</out_Quantity.quantity></Point><Point><position>3582</position><in_Quantity.quantity>0.000000</in_Quantity.quantity><out_Quantity.quantity>343.329249</out_Quantity.quantity></Point><Point><position>3583</position><in_Quantity.quantity>0.000000</in_Quantity.quantity><out_Quantity.quantity>402.958684</out_Quantity.quantity></Point><Point><position>3584</position><in_Quantity.quantity>0.000000</in_Quantity.quantity><out_Quantity.quantity>632.839172</out_Quantity.quantity></Point><Point><position>3585</position><in_Quantity.quantity>0.000000</in_Quantity.quantity><out_Quantity.quantity>578.894232</out_Quantity.quantity></Point><Point><position>3586</position><in_Quantity.quantity>0.000000</in_Quantity.quantity><out_Quantity.quantity>60.758429</out_Quantity.quantity></Point><Point><position>3587</position><in_Quantity.quantity>0.000000</in_Quantity.quantity><out_Quantity.quantity>277.006237</out_Quantity.quantity></Point><Point><position>3588</position><in_Quantity.quantity>0.000000</in_Quantity.quantity><out_Quantity.quantity>297.980229</out_Quantity.quantity></Point><Point><position>3589</position><in_Quantity.quantity>0.000000</in_Quantity.quantity><out_Quantity.quantity>537.038333</out_Quantity.quantity></Point><Point><position>3590</position><in_Quantity.quantity>0.000000</in_Quantity.quantity><out_Quantity.quantity>517.632964</out_Quantity.quantity></Point><Point><position>3591</position><in_Quantity.quantity>0.000000</in_Quantity.quantity><out_Quantity.quantity>537.060016</out_Quantity.quantity></Point><Point><position>3592</position><in_Quantity.quantity>0.000000</in_Quantity.quantity><out_Quantity.quantity>410.456768</out_Quantity.quantity></Point><Point><position>3593</position><in_Quantity.quantity>0.000000</in_Quantity.quantity><out_Quantity.quantity>214.764185</out_Quantity.quantity></Point><Point><position>3594</position><in_Quantity.quantity>0.000000</in_Quantity.quantity><out_Quantity.quantity>251.139307</out_Quantity.quantity></Point><Point><position>3595</position><in_Quantity.quantity>0.000000</in_Quantity.quantity><out_Quantity.quantity>981.435329</out_Quantity.quantity></Point><Point><position>3596</position><in_Quantity.quantity>0.000000</in_Quantity.quantity><out_Quantity.quantity>695.495506</out_Quantity.quantity></Point><Point><position>3597</position><in_Quantity.quantity>0.000000</in_Quantity.quantity><out_Quantity.quantity>809.985952</out_Quantity.quantity></Point><Point><position>3598</position><in_Quantity.quantity>0.000000</in_Quantity.quantity><out_Quantity.quantity>125.255242</out_Quantity.quantity></Point><Point><position>3599</position><in_Quantity.quantity>0.000000</in_Quantity.quantity><out_Quantity.quantity>152.773251</out_Quantity.quantity></Point><Point><position>3600</position><in_Quantity.quantity>0.000000</in_Quantity.quantity><out_Quantity.quantity>434.144822</out_Quantity.quantity></Point><Point><position>3601</position><in_Quantity.quantity>0.000000</in_Quantity.quantity><out_Quantity.quantity>802.247955</out_Quantity.quantity></Point><Point><position>3602</position><in_Quantity.quantity>0.000000</in_Quantity.quantity><out_Quantity.quantity>809.765734</out_Quantity.quantity></Point><Point><position>3603</position><in_Quantity.quantity>0.000000</in_Quantity.quantity><out_Quantity.quantity>450.289597</out_Quantity.quantity></Point><Point><position>3604</position><in_Quantity.quantity>0.000000</in_Quantity.quantity><out_Quantity.quantity>624.713925</out_Quantity.quantity></Point><Point><position>3605</position><in_Quantity.quantity>0.000000</in_Quantity.quantity><out_Quantity.quantity>910.012876</out_Quantity.quantity></Point><Point><position>3606</position><in_Quantity.quantity>0.000000</in_Quantity.quantity><out_Quantity.quantity>775.325047</out_Quantity.quantity></Point><Point><position>3607</position><in_Quantity.quantity>0.000000</in_Quantity.quantity><out_Quantity.quantity>380.069873</out_Quantity.quantity></Point><Point><position>3608</position><in_Quantity.quantity>0.000000</in_Quantity.quantity><out_Quantity.quantity>385.486862</out_Quantity.quantity></Point><Point><position>3609</position><in_Quantity.quantity>0.000000</in_Quantity.quantity><out_Quantity.quantity>916.144536</out_Quantity.quantity></Point><Point><position>3610</position><in_Quantity.quantity>0.000000</in_Quantity.quantity><out_Quantity.quantity>460.296028</out_Quantity.quantity></Point><Point><position>3611</position><in_Quantity.quantity>0.000000</in_Quantity.quantity><out_Quantity.quantity>492.661192</out_Quantity.quantity></Point><Point><position>3612</position><in_Quantity.quantity>0.000000</in_Quantity.quantity><out_Quantity.quantity>478.142739</out_Quantity.quantity></Point><Point><position>3613</position><in_Quantity.quantity>0.000000</in_Quantity.quantity><out_Quantity.quantity>263.924283</out_Quantity.quantity></Point><Point><position>3614</position><in_Quantity.quantity>0.000000</in_Quantity.quantity><out_Quantity.quantity>948.837546</out_Quantity.quantity></Point><Point><position>3615</position><in_Quantity.quantity>0.000000</in_Quantity.quantity><out_Quantity.quantity>799.161800</out_Quantity.quantity></Point><Point><position>3616</position><in_Quantity.quantity>0.000000</in_Quantity.quantity><out_Quantity.quantity>377.568564</out_Quantity.quantity></Point><Point><position>3617</position><in_Quantity.quantity>0.000000</in_Quantity.quantity><out_Quantity.quantity>390.505092</out_Quantity.quantity></Point><Point><position>3618</position><in_Quantity.quantity>0.000000</in_Quantity.quantity><out_Quantity.quantity>381.750609</out_Quantity.quantity></Point><Point><position>3619</position><in_Quantity.quantity>0.000000</in_Quantity.quantity><out_Quantity.quantity>352.414230</out_Quantity.quantity></Point><Point><position>3620</position><in_Quantity.quantity>0.000000</in_Quantity.quantity><out_Quantity.quantity>138.871428</out_Quantity.quantity></Point><Point><position>3621</position><in_Quantity.quantity>0.000000</in_Quantity.quantity><out_Quantity.quantity>743.818582</out_Quantity.quantity></Point><Point><position>3622</position><in_Quantity.quantity>0.000000</in_Quantity.quantity><out_Quantity.quantity>9.589787</out_Quantity.quantity></Point><Point><position>3623</position><in_Quantity.quantity>0.000000</in_Quantity.quantity><out_Quantity.quantity>851.522747</out_Quantity.quantity></Point><Point><position>3624</position><in_Quantity.quantity>0.000000</in_Quantity.quantity><out_Quantity.quantity>550.544718</out_Quantity.quantity></Point><Point><position>3625</position><in_Quantity.quantity>0.000000</in_Quantity.quantity><out_Quantity.quantity>124.494428</out_Quantity.quantity></Point><Point><position>3626</position><in_Quantity.quantity>0.000000</in_Quantity.quantity><out_Quantity.quantity>461.165815</out_Quantity.quantity></Point><Point><position>3627</position><in_Quantity.quantity>0.000000</in_Quantity.quantity><out_Quantity.quantity>970.604988</out_Quantity.quantity></Point><Point><position>3628</position><in_Quantity.quantity>0.000000</in_Quantity.quantity><out_Quantity.quantity>324.095879</out_Quantity.quantity></Point><Point><position>3629</position><in_Quantity.quantity>0.000000</in_Quantity.quantity><out_Quantity.quantity>858.246909</out_Quantity.quantity></Point><Point><position>3630</position><in_Quantity.quantity>0.000000</in_Quantity.quantity><out_Quantity.quantity>32.439805</out_Quantity.quantity></Point><Point><position>3631</position><in_Quantity.quantity>0.000000</in_Quantity.quantity><out_Quantity.quantity>382.774542</out_Quantity.quantity></Point><Point><position>3632</position><in_Quantity.quantity>0.000000</in_Quantity.quantity><out_Quantity.quantity>894.811346</out_Quantity.quantity></Point><Point><position>3633</position><in_Quantity.quantity>0.000000</in_Quantity.quantity><out_Quantity.quantity>469.890136</out_Quantity.quantity></Point><Point><position>3634</position><in_Quantity.quantity>0.000000</in_Quantity.quantity><out_Quantity.quantity>318.439368</out_Quantity.quantity></Point><Point><position>3635</position><in_Quantity.quantity>0.000000</in_Quantity.quantity><out_Quantity.quantity>85.549302</out_Quantity.quantity></Point><Point><position>3636</position><in_Quantity.quantity>0.000000</in_Quantity.quantity><out_Quantity.quantity>231.621805</out_Quantity.quantity></Point><Point><position>3637</position><in_Quantity.quantity>0.000000</in_Quantity.quantity><out_Quantity.quantity>137.876114</out_Quantity.quantity></Point><Point><position>3638</position><in_Quantity.quantity>0.000000</in_Quantity.quantity><out_Quantity.quantity>174.645160</out_Quantity.quantity></Point><Point><position>3639</position><in_Quantity.quantity>0.000000</in_Quantity.quantity><out_Quantity.quantity>781.579443</out_Quantity.quantity></Point><Point><position>3640</position><in_Quantity.quantity>0.000000</in_Quantity.quantity><out_Quantity.quantity>889.386095</out_Quantity.quantity></Point><Point><position>3641</position><in_Quantity.quantity>0.000000</in_Quantity.quantity><out_Quantity.quantity>503.565361</out_Quantity.quantity></Point><Point><position>3642</position><in_Quantity.quantity>0.000000</in_Quantity.quantity><out_Quantity.quantity>676.976242</out_Quantity.quantity></Point><Point><position>3643</position><in_Quantity.quantity>0.000000</in_Quantity.quantity><out_Quantity.quantity>72.208095</out_Quantity.quantity></Point><Point><position>3644</position><in_Quantity.quantity>0.000000</in_Quantity.quantity><out_Quantity.quantity>363.522071</out_Quantity.quantity></Point><Point><position>3645</position><in_Quantity.quantity>0.000000</in_Quantity.quantity><out_Quantity.quantity>877.413745</out_Quantity.quantity></Point><Point><position>3646</position><in_Quantity.quantity>0.000000</in_Quantity.quantity><out_Quantity.quantity>310.457091</out_Quantity.quantity></Point><Point><position>3647</position><in_Quantity.quantity>0.000000</in_Quantity.quantity><out_Quantity.quantity>978.763162</out_Quantity.quantity></Point><Point><position>3648</position><in_Quantity.quantity>0.000000</in_Quantity.quantity><out_Quantity.quantity>858.428263</out_Quantity.quantity></Point><Point><position>3649</position><in_Quantity.quantity>0.000000</in_Quantity.quantity><out_Quantity.quantity>23.602457</out_Quantity.quantity></Point><Point><position>3650</position><in_Quantity.quantity>0.000000</in_Quantity.quantity><out_Quantity.quantity>632.952947</out_Quantity.quantity></Point><Point><position>3651</position><in_Quantity.quantity>0.000000</in_Quantity.quantity><out_Quantity.quantity>240.481370</out_Quantity.quantity></Point><Point><position>3652</position><in_Quantity.quantity>0.000000</in_Quantity.quantity><out_Quantity.quantity>879.404377</out_Quantity.quantity></Point><Point><position>3653</position><in_Quantity.quantity>0.000000</in_Quantity.quantity><out_Quantity.quantity>919.556968</out_Quantity.quantity></Point><Point><position>3654</position><in_Quantity.quantity>0.000000</in_Quantity.quantity><out_Quantity.quantity>866.449867</out_Quantity.quantity></Point><Point><position>3655</position><in_Quantity.quantity>0.000000</in_Quantity.quantity><out_Quantity.quantity>77.617873</out_Quantity.quantity></Point><Point><position>3656</position><in_Quantity.quantity>0.000000</in_Quantity.quantity><out_Quantity.quantity>160.392554</out_Quantity.quantity></Point><Point><position>3657</position><in_Quantity.quantity>0.000000</in_Quantity.quantity><out_Quantity.quantity>392.721387</out_Quantity.quantity></Point><Point><position>3658</position><in_Quantity.quantity>0.000000</in_Quantity.quantity><out_Quantity.quantity>721.182089</out_Quantity.quantity></Point><Point><position>3659</position><in_Quantity.quantity>0.000000</in_Quantity.quantity><out_Quantity.quantity>465.088350</out_Quantity.quantity></Point><Point><position>3660</position><in_Quantity.quantity>0.000000</in_Quantity.quantity><out_Quantity.quantity>604.828777</out_Quantity.quantity></Point><Point><position>3661</position><in_Quantity.quantity>0.000000</in_Quantity.quantity><out_Quantity.quantity>537.676158</out_Quantity.quantity></Point><Point><position>3662</position><in_Quantity.quantity>0.000000</in_Quantity.quantity><out_Quantity.quantity>930.179703</out_Quantity.quantity></Point><Point><position>3663</position><in_Quantity.quantity>0.000000</in_Quantity.quantity><out_Quantity.quantity>471.298508</out_Quantity.quantity></Point><Point><position>3664</position><in_Quantity.quantity>0.000000</in_Quantity.quantity><out_Quantity.quantity>615.225110</out_Quantity.quantity></Point><Point><position>3665</position><in_Quantity.quantity>0.000000</in_Quantity.quantity><out_Quantity.quantity>217.327946</out_Quantity.quantity></Point><Point><position>3666</position><in_Quantity.quantity>0.000000</in_Quantity.quantity><out_Quantity.quantity>350.942305</out_Quantity.quantity></Point><Point><position>3667</position><in_Quantity.quantity>0.000000</in_Quantity.quantity><out_Quantity.quantity>604.268108</out_Quantity.quantity></Point><Point><position>3668</position><in_Quantity.quantity>0.000000</in_Quantity.quantity><out_Quantity.quantity>279.964961</out_Quantity.quantity></Point><Point><position>3669</position><in_Quantity.quantity>0.000000</in_Quantity.quantity><out_Quantity.quantity>223.384259</out_Quantity.quantity></Point><Point><position>3670</position><in_Quantity.quantity>0.000000</in_Quantity.quantity><out_Quantity.quantity>109.496877</out_Quantity.quantity></Point><Point><position>3671</position><in_Quantity.quantity>0.000000</in_Quantity.quantity><out_Quantity.quantity>756.335700</out_Quantity.quantity></Point><Point><position>3672</position><in_Quantity.quantity>0.000000</in_Quantity.quantity><out_Quantity.quantity>37.275452</out_Quantity.quantity></Point><Point><position>3673</position><in_Quantity.quantity>0.000000</in_Quantity.quantity><out_Quantity.quantity>715.297689</out_Quantity.quantity></Point><Point><position>3674</position><in_Quantity.quantity>0.000000</in_Quantity.quantity><out_Quantity.quantity>500.643693</out_Quantity.quantity></Point><Point><position>3675</position><in_Quantity.quantity>0.000000</in_Quantity.quantity><out_Quantity.quantity>840.385878</out_Quantity.quantity></Point><Point><position>3676</position><in_Quantity.quantity>0.000000</in_Quantity.quantity><out_Quantity.quantity>885.488198</out_Quantity.quantity></Point><Point><position>3677</position><in_Quantity.quantity>0.000000</in_Quantity.quantity><out_Quantity.quantity>808.277615</out_Quantity.quantity></Point><Point><position>3678</position><in_Quantity.quantity>0.000000</in_Quantity.quantity><out_Quantity.quantity>422.466309</out_Quantity.quantity></Point><Point><position>3679</position><in_Quantity.quantity>0.000000</in_Quantity.quantity><out_Quantity.quantity>514.001089</out_Quantity.quantity></Point><Point><position>3680</position><in_Quantity.quantity>0.000000</in_Quantity.quantity><out_Quantity.quantity>859.098037</out_Quantity.quantity></Point><Point><position>3681</position><in_Quantity.quantity>0.000000</in_Quantity.quantity><out_Quantity.quantity>387.295809</out_Quantity.quantity></Point><Point><position>3682</position><in_Quantity.quantity>0.000000</in_Quantity.quantity><out_Quantity.quantity>164.938276</out_Quantity.quantity></Point><Point><position>3683</position><in_Quantity.quantity>0.000000</in_Quantity.quantity><out_Quantity.quantity>664.033811</out_Quantity.quantity></Point><Point><position>3684</position><in_Quantity.quantity>0.000000</in_Quantity.quantity><out_Quantity.quantity>178.386097</out_Quantity.quantity></Point><Point><position>3685</position><in_Quantity.quantity>0.000000</in_Quantity.quantity><out_Quantity.quantity>869.898596</out_Quantity.quantity></Point><Point><position>3686</position><in_Quantity.quantity>0.000000</in_Quantity.quantity><out_Quantity.quantity>522.897673</out_Quantity.quantity></Point><Point><position>3687</position><in_Quantity.quantity>0.000000</in_Quantity.quantity><out_Quantity.quantity>313.377018</out_Quantity.quantity></Point><Point><position>3688</position><in_Quantity.quantity>0.000000</in_Quantity.quantity><out_Quantity.quantity>669.992018</out_Quantity.quantity></Point><Point><position>3689</position><in_Quantity.quantity>0.000000</in_Quantity.quantity><out_Quantity.quantity>321.914440</out_Quantity.quantity></Point><Point><position>3690</position><in_Quantity.quantity>0.000000</in_Quantity.quantity><out_Quantity.quantity>397.562903</out_Quantity.quantity></Point><Point><position>3691</position><in_Quantity.quantity>0.000000</in_Quantity.quantity><out_Quantity.quantity>620.161893</out_Quantity.quantity></Point><Point><position>3692</position><in_Quantity.quantity>0.000000</in_Quantity.quantity><out_Quantity.quantity>410.553587</out_Quantity.quantity></Point><Point><position>3693</position><in_Quantity.quantity>0.000000</in_Quantity.quantity><out_Quantity.quantity>849.382268</out_Quantity.quantity></Point><Point><position>3694</position><in_Quantity.quantity>0.000000</in_Quantity.quantity><out_Quantity.quantity>211.781097</out_Quantity.quantity></Point><Point><position>3695</position><in_Quantity.quantity>0.000000</in_Quantity.quantity><out_Quantity.quantity>383.323122</out_Quantity.quantity></Point><Point><position>3696</position><in_Quantity.quantity>0.000000</in_Quantity.quantity><out_Quantity.quantity>476.701964</out_Quantity.quantity></Point><Point><position>3697</position><in_Quantity.quantity>0.000000</in_Quantity.quantity><out_Quantity.quantity>543.437758</out_Quantity.quantity></Point><Point><position>3698</position><in_Quantity.quantity>0.000000</in_Quantity.quantity><out_Quantity.quantity>79.833720</out_Quantity.quantity></Point><Point><position>3699</position><in_Quantity.quantity>0.000000</in_Quantity.quantity><out_Quantity.quantity>481.361183</out_Quantity.quantity></Point><Point><position>3700</position><in_Quantity.quantity>0.000000</in_Quantity.quantity><out_Quantity.quantity>512.275430</out_Quantity.quantity></Point><Point><position>3701</position><in_Quantity.quantity>0.000000</in_Quantity.quantity><out_Quantity.quantity>386.009206</out_Quantity.quantity></Point><Point><position>3702</position><in_Quantity.quantity>0.000000</in_Quantity.quantity><out_Quantity.quantity>365.635675</out_Quantity.quantity></Point><Point><position>3703</position><in_Quantity.quantity>0.000000</in_Quantity.quantity><out_Quantity.quantity>778.396507</out_Quantity.quantity></Point><Point><position>3704</position><in_Quantity.quantity>0.000000</in_Quantity.quantity><out_Quantity.quantity>129.986373</out_Quantity.quantity></Point><Point><position>3705</position><in_Quantity.quantity>0.000000</in_Quantity.quantity><out_Quantity.quantity>865.724552</out_Quantity.quantity></Point><Point><position>3706</position><in_Quantity.quantity>0.000000</in_Quantity.quantity><out_Quantity.quantity>308.338562</out_Quantity.quantity></Point><Point><position>3707</position><in_Quantity.quantity>0.000000</in_Quantity.quantity><out_Quantity.quantity>184.044272</out_Quantity.quantity></Point><Point><position>3708</position><in_Quantity.quantity>0.000000</in_Quantity.quantity><out_Quantity.quantity>767.962505</out_Quantity.quantity></Point><Point><position>3709</position><in_Quantity.quantity>0.000000</in_Quantity.quantity><out_Quantity.quantity>269.585018</out_Quantity.quantity></Point><Point><position>3710</position><in_Quantity.quantity>0.000000</in_Quantity.quantity><out_Quantity.quantity>186.409244</out_Quantity.quantity></Point><Point><position>3711</position><in_Quantity.quantity>0.000000</in_Quantity.quantity><out_Quantity.quantity>55.895452</out_Quantity.quantity></Point><Point><position>3712</position><in_Quantity.quantity>0.000000</in_Quantity.quantity><out_Quantity.quantity>325.411676</out_Quantity.quantity></Point><Point><position>3713</position><in_Quantity.quantity>0.000000</in_Quantity.quantity><out_Quantity.quantity>97.766659</out_Quantity.quantity></Point><Point><position>3714</position><in_Quantity.quantity>0.000000</in_Quantity.quantity><out_Quantity.quantity>535.948942</out_Quantity.quantity></Point><Point><position>3715</position><in_Quantity.quantity>0.000000</in_Quantity.quantity><out_Quantity.quantity>5.725089</out_Quantity.quantity></Point><Point><position>3716</position><in_Quantity.quantity>0.000000</in_Quantity.quantity><out_Quantity.quantity>26.868654</out_Quantity.quantity></Point><Point><position>3717</position><in_Quantity.quantity>0.000000</in_Quantity.quantity><out_Quantity.quantity>668.686203</out_Quantity.quantity></Point><Point><position>3718</position><in_Quantity.quantity>0.000000</in_Quantity.quantity><out_Quantity.quantity>369.333416</out_Quantity.quantity></Point><Point><position>3719</position><in_Quantity.quantity>0.000000</in_Quantity.quantity><out_Quantity.quantity>935.255073</out_Quantity.quantity></Point><Point><position>3720</position><in_Quantity.quantity>0.000000</in_Quantity.quantity><out_Quantity.quantity>709.810160</out_Quantity.quantity></Point><Point><position>3721</position><in_Quantity.quantity>0.000000</in_Quantity.quantity><out_Quantity.quantity>97.607334</out_Quantity.quantity></Point><Point><position>3722</position><in_Quantity.quantity>0.000000</in_Quantity.quantity><out_Quantity.quantity>951.061039</out_Quantity.quantity></Point><Point><position>3723</position><in_Quantity.quantity>0.000000</in_Quantity.quantity><out_Quantity.quantity>528.342671</out_Quantity.quantity></Point><Point><position>3724</position><in_Quantity.quantity>0.000000</in_Quantity.quantity><out_Quantity.quantity>496.899016</out_Quantity.quantity></Point><Point><position>3725</position><in_Quantity.quantity>0.000000</in_Quantity.quantity><out_Quantity.quantity>851.079927</out_Quantity.quantity></Point><Point><position>3726</position><in_Quantity.quantity>0.000000</in_Quantity.quantity><out_Quantity.quantity>13.858482</out_Quantity.quantity></Point><Point><position>3727</position><in_Quantity.quantity>0.000000</in_Quantity.quantity><out_Quantity.quantity>144.438140</out_Quantity.quantity></Point><Point><position>3728</position><in_Quantity.quantity>0.000000</in_Quantity.quantity><out_Quantity.quantity>952.170539</out_Quantity.quantity></Point><Point><position>3729</position><in_Quantity.quantity>0.000000</in_Quantity.quantity><out_Quantity.quantity>547.649187</out_Quantity.quantity></Point><Point><position>3730</position><in_Quantity.quantity>0.000000</in_Quantity.quantity><out_Quantity.quantity>877.264289</out_Quantity.quantity></Point><Point><position>3731</position><in_Quantity.quantity>0.000000</in_Quantity.quantity><out_Quantity.quantity>678.622257</out_Quantity.quantity></Point><Point><position>3732</position><in_Quantity.quantity>0.000000</in_Quantity.quantity><out_Quantity.quantity>515.717988</out_Quantity.quantity></Point><Point><position>3733</position><in_Quantity.quantity>0.000000</in_Quantity.quantity><out_Quantity.quantity>408.362251</out_Quantity.quantity></Point><Point><position>3734</position><in_Quantity.quantity>0.000000</in_Quantity.quantity><out_Quantity.quantity>506.475943</out_Quantity.quantity></Point><Point><position>3735</position><in_Quantity.quantity>0.000000</in_Quantity.quantity><out_Quantity.quantity>982.504598</out_Quantity.quantity></Point><Point><position>3736</position><in_Quantity.quantity>0.000000</in_Quantity.quantity><out_Quantity.quantity>24.981258</out_Quantity.quantity></Point><Point><position>3737</position><in_Quantity.quantity>0.000000</in_Quantity.quantity><out_Quantity.quantity>720.256853</out_Quantity.quantity></Point><Point><position>3738</position><in_Quantity.quantity>0.000000</in_Quantity.quantity><out_Quantity.quantity>785.385994</out_Quantity.quantity></Point><Point><position>3739</position><in_Quantity.quantity>0.000000</in_Quantity.quantity><out_Quantity.quantity>293.525675</out_Quantity.quantity></Point><Point><position>3740</position><in_Quantity.quantity>0.000000</in_Quantity.quantity><out_Quantity.quantity>133.444302</out_Quantity.quantity></Point><Point><position>3741</position><in_Quantity.quantity>0.000000</in_Quantity.quantity><out_Quantity.quantity>958.149234</out_Quantity.quantity></Point><Point><position>3742</position><in_Quantity.quantity>0.000000</in_Quantity.quantity><out_Quantity.quantity>78.217751</out_Quantity.quantity></Point><Point><position>3743</position><in_Quantity.quantity>0.000000</in_Quantity.quantity><out_Quantity.quantity>140.913211</out_Quantity.quantity></Point><Point><position>3744</position><in_Quantity.quantity>0.000000</in_Quantity.quantity><out_Quantity.quantity>657.900371</out_Quantity.quantity></Point><Point><position>3745</position><in_Quantity.quantity>0.000000</in_Quantity.quantity><out_Quantity.quantity>45.897964</out_Quantity.quantity></Point><Point><position>3746</position><in_Quantity.quantity>0.000000</in_Quantity.quantity><out_Quantity.quantity>541.063967</out_Quantity.quantity></Point><Point><position>3747</position><in_Quantity.quantity>0.000000</in_Quantity.quantity><out_Quantity.quantity>474.988781</out_Quantity.quantity></Point><Point><position>3748</position><in_Quantity.quantity>0.000000</in_Quantity.quantity><out_Quantity.quantity>10.239654</out_Quantity.quantity></Point><Point><position>3749</position><in_Quantity.quantity>0.000000</in_Quantity.quantity><out_Quantity.quantity>336.849870</out_Quantity.quantity></Point><Point><position>3750</position><in_Quantity.quantity>0.000000</in_Quantity.quantity><out_Quantity.quantity>787.264567</out_Quantity.quantity></Point><Point><position>3751</position><in_Quantity.quantity>0.000000</in_Quantity.quantity><out_Quantity.quantity>203.574500</out_Quantity.quantity></Point><Point><position>3752</position><in_Quantity.quantity>0.000000</in_Quantity.quantity><out_Quantity.quantity>706.660072</out_Quantity.quantity></Point><Point><position>3753</position><in_Quantity.quantity>0.000000</in_Quantity.quantity><out_Quantity.quantity>389.976151</out_Quantity.quantity></Point><Point><position>3754</position><in_Quantity.quantity>0.000000</in_Quantity.quantity><out_Quantity.quantity>405.365297</out_Quantity.quantity></Point><Point><position>3755</position><in_Quantity.quantity>0.000000</in_Quantity.quantity><out_Quantity.quantity>184.176047</out_Quantity.quantity></Point><Point><position>3756</position><in_Quantity.quantity>0.000000</in_Quantity.quantity><out_Quantity.quantity>38.287169</out_Quantity.quantity></Point><Point><position>3757</position><in_Quantity.quantity>0.000000</in_Quantity.quantity><out_Quantity.quantity>143.422802</out_Quantity.quantity></Point><Point><position>3758</position><in_Quantity.quantity>0.000000</in_Quantity.quantity><out_Quantity.quantity>495.354577</out_Quantity.quantity></Point><Point><position>3759</position><in_Quantity.quantity>0.000000</in_Quantity.quantity><out_Quantity.quantity>276.150008</out_Quantity.quantity></Point><Point><position>3760</position><in_Quantity.quantity>0.000000</in_Quantity.quantity><out_Quantity.quantity>160.052484</out_Quantity.quantity></Point><Point><position>3761</position><in_Quantity.quantity>0.000000</in_Quantity.quantity><out_Quantity.quantity>270.261691</out_Quantity.quantity></Point><Point><position>3762</position><in_Quantity.quantity>0.000000</in_Quantity.quantity><out_Quantity.quantity>703.763101</out_Quantity.quantity></Point><Point><position>3763</position><in_Quantity.quantity>0.000000</in_Quantity.quantity><out_Quantity.quantity>814.892046</out_Quantity.quantity></Point><Point><position>3764</position><in_Quantity.quantity>0.000000</in_Quantity.quantity><out_Quantity.quantity>464.187453</out_Quantity.quantity></Point><Point><position>3765</position><in_Quantity.quantity>0.000000</in_Quantity.quantity><out_Quantity.quantity>851.407706</out_Quantity.quantity></Point><Point><position>3766</position><in_Quantity.quantity>0.000000</in_Quantity.quantity><out_Quantity.quantity>526.598683</out_Quantity.quantity></Point><Point><position>3767</position><in_Quantity.quantity>0.000000</in_Quantity.quantity><out_Quantity.quantity>646.757290</out_Quantity.quantity></Point><Point><position>3768</position><in_Quantity.quantity>0.000000</in_Quantity.quantity><out_Quantity.quantity>830.338015</out_Quantity.quantity></Point><Point><position>3769</position><in_Quantity.quantity>0.000000</in_Quantity.quantity><out_Quantity.quantity>356.807282</out_Quantity.quantity></Point><Point><position>3770</position><in_Quantity.quantity>0.000000</in_Quantity.quantity><out_Quantity.quantity>274.540420</out_Quantity.quantity></Point><Point><position>3771</position><in_Quantity.quantity>0.000000</in_Quantity.quantity><out_Quantity.quantity>419.302917</out_Quantity.quantity></Point><Point><position>3772</position><in_Quantity.quantity>0.000000</in_Quantity.quantity><out_Quantity.quantity>549.218984</out_Quantity.quantity></Point><Point><position>3773</position><in_Quantity.quantity>0.000000</in_Quantity.quantity><out_Quantity.quantity>904.851943</out_Quantity.quantity></Point><Point><position>3774</position><in_Quantity.quantity>0.000000</in_Quantity.quantity><out_Quantity.quantity>257.373935</out_Quantity.quantity></Point><Point><position>3775</position><in_Quantity.quantity>0.000000</in_Quantity.quantity><out_Quantity.quantity>768.177809</out_Quantity.quantity></Point><Point><position>3776</position><in_Quantity.quantity>0.000000</in_Quantity.quantity><out_Quantity.quantity>989.349442</out_Quantity.quantity></Point><Point><position>3777</position><in_Quantity.quantity>0.000000</in_Quantity.quantity><out_Quantity.quantity>738.484944</out_Quantity.quantity></Point><Point><position>3778</position><in_Quantity.quantity>0.000000</in_Quantity.quantity><out_Quantity.quantity>356.967290</out_Quantity.quantity></Point><Point><position>3779</position><in_Quantity.quantity>0.000000</in_Quantity.quantity><out_Quantity.quantity>718.123508</out_Quantity.quantity></Point><Point><position>3780</position><in_Quantity.quantity>0.000000</in_Quantity.quantity><out_Quantity.quantity>347.248821</out_Quantity.quantity></Point><Point><position>3781</position><in_Quantity.quantity>0.000000</in_Quantity.quantity><out_Quantity.quantity>396.578481</out_Quantity.quantity></Point><Point><position>3782</position><in_Quantity.quantity>0.000000</in_Quantity.quantity><out_Quantity.quantity>848.906851</out_Quantity.quantity></Point><Point><position>3783</position><in_Quantity.quantity>0.000000</in_Quantity.quantity><out_Quantity.quantity>209.413414</out_Quantity.quantity></Point><Point><position>3784</position><in_Quantity.quantity>0.000000</in_Quantity.quantity><out_Quantity.quantity>187.757144</out_Quantity.quantity></Point><Point><position>3785</position><in_Quantity.quantity>0.000000</in_Quantity.quantity><out_Quantity.quantity>49.094317</out_Quantity.quantity></Point><Point><position>3786</position><in_Quantity.quantity>0.000000</in_Quantity.quantity><out_Quantity.quantity>871.497719</out_Quantity.quantity></Point><Point><position>3787</position><in_Quantity.quantity>0.000000</in_Quantity.quantity><out_Quantity.quantity>500.047570</out_Quantity.quantity></Point><Point><position>3788</position><in_Quantity.quantity>0.000000</in_Quantity.quantity><out_Quantity.quantity>306.744770</out_Quantity.quantity></Point><Point><position>3789</position><in_Quantity.quantity>0.000000</in_Quantity.quantity><out_Quantity.quantity>260.978051</out_Quantity.quantity></Point><Point><position>3790</position><in_Quantity.quantity>0.000000</in_Quantity.quantity><out_Quantity.quantity>291.966294</out_Quantity.quantity></Point><Point><position>3791</position><in_Quantity.quantity>0.000000</in_Quantity.quantity><out_Quantity.quantity>50.698855</out_Quantity.quantity></Point><Point><position>3792</position><in_Quantity.quantity>0.000000</in_Quantity.quantity><out_Quantity.quantity>607.576394</out_Quantity.quantity></Point><Point><position>3793</position><in_Quantity.quantity>0.000000</in_Quantity.quantity><out_Quantity.quantity>364.136442</out_Quantity.quantity></Point><Point><position>3794</position><in_Quantity.quantity>0.000000</in_Quantity.quantity><out_Quantity.quantity>273.039569</out_Quantity.quantity></Point><Point><position>3795</position><in_Quantity.quantity>0.000000</in_Quantity.quantity><out_Quantity.quantity>565.106701</out_Quantity.quantity></Point><Point><position>3796</position><in_Quantity.quantity>0.000000</in_Quantity.quantity><out_Quantity.quantity>774.517766</out_Quantity.quantity></Point><Point><position>3797</position><in_Quantity.quantity>0.000000</in_Quantity.quantity><out_Quantity.quantity>924.015317</out_Quantity.quantity></Point><Point><position>3798</position><in_Quantity.quantity>0.000000</in_Quantity.quantity><out_Quantity.quantity>893.543078</out_Quantity.quantity></Point><Point><position>3799</position><in_Quantity.quantity>0.000000</in_Quantity.quantity><out_Quantity.quantity>193.063335</out_Quantity.quantity></Point><Point><position>3800</position><in_Quantity.quantity>0.000000</in_Quantity.quantity><out_Quantity.quantity>340.192407</out_Quantity.quantity></Point><Point><position>3801</position><in_Quantity.quantity>0.000000</in_Quantity.quantity><out_Quantity.quantity>459.747211</out_Quantity.quantity></Point><Point><position>3802</position><in_Quantity.quantity>0.000000</in_Quantity.quantity><out_Quantity.quantity>287.209843</out_Quantity.quantity></Point><Point><position>3803</position><in_Quantity.quantity>0.000000</in_Quantity.quantity><out_Quantity.quantity>790.271953</out_Quantity.quantity></Point><Point><position>3804</position><in_Quantity.quantity>0.000000</in_Quantity.quantity><out_Quantity.quantity>263.252591</out_Quantity.quantity></Point><Point><position>3805</position><in_Quantity.quantity>0.000000</in_Quantity.quantity><out_Quantity.quantity>433.759265</out_Quantity.quantity></Point><Point><position>3806</position><in_Quantity.quantity>0.000000</in_Quantity.quantity><out_Quantity.quantity>776.936753</out_Quantity.quantity></Point><Point><position>3807</position><in_Quantity.quantity>0.000000</in_Quantity.quantity><out_Quantity.quantity>567.168687</out_Quantity.quantity></Point><Point><position>3808</position><in_Quantity.quantity>0.000000</in_Quantity.quantity><out_Quantity.quantity>741.846112</out_Quantity.quantity></Point><Point><position>3809</position><in_Quantity.quantity>0.000000</in_Quantity.quantity><out_Quantity.quantity>596.893914</out_Quantity.quantity></Point><Point><position>3810</position><in_Quantity.quantity>0.000000</in_Quantity.quantity><out_Quantity.quantity>724.822174</out_Quantity.quantity></Point><Point><position>3811</position><in_Quantity.quantity>0.000000</in_Quantity.quantity><out_Quantity.quantity>809.316550</out_Quantity.quantity></Point><Point><position>3812</position><in_Quantity.quantity>0.000000</in_Quantity.quantity><out_Quantity.quantity>317.619317</out_Quantity.quantity></Point><Point><position>3813</position><in_Quantity.quantity>0.000000</in_Quantity.quantity><out_Quantity.quantity>818.162426</out_Quantity.quantity></Point><Point><position>3814</position><in_Quantity.quantity>0.000000</in_Quantity.quantity><out_Quantity.quantity>278.487734</out_Quantity.quantity></Point><Point><position>3815</position><in_Quantity.quantity>0.000000</in_Quantity.quantity><out_Quantity.quantity>89.254842</out_Quantity.quantity></Point><Point><position>3816</position><in_Quantity.quantity>0.000000</in_Quantity.quantity><out_Quantity.quantity>971.148865</out_Quantity.quantity></Point><Point><position>3817</position><in_Quantity.quantity>0.000000</in_Quantity.quantity><out_Quantity.quantity>602.962307</out_Quantity.quantity></Point><Point><position>3818</position><in_Quantity.quantity>0.000000</in_Quantity.quantity><out_Quantity.quantity>896.192839</out_Quantity.quantity></Point><Point><position>3819</position><in_Quantity.quantity>0.000000</in_Quantity.quantity><out_Quantity.quantity>235.689115</out_Quantity.quantity></Point><Point><position>3820</position><in_Quantity.quantity>0.000000</in_Quantity.quantity><out_Quantity.quantity>673.700402</out_Quantity.quantity></Point><Point><position>3821</position><in_Quantity.quantity>0.000000</in_Quantity.quantity><out_Quantity.quantity>371.150736</out_Quantity.quantity></Point><Point><position>3822</position><in_Quantity.quantity>0.000000</in_Quantity.quantity><out_Quantity.quantity>243.899354</out_Quantity.quantity></Point><Point><position>3823</position><in_Quantity.quantity>0.000000</in_Quantity.quantity><out_Quantity.quantity>832.991011</out_Quantity.quantity></Point><Point><position>3824</position><in_Quantity.quantity>0.000000</in_Quantity.quantity><out_Quantity.quantity>780.652102</out_Quantity.quantity></Point><Point><position>3825</position><in_Quantity.quantity>0.000000</in_Quantity.quantity><out_Quantity.quantity>34.529281</out_Quantity.quantity></Point><Point><position>3826</position><in_Quantity.quantity>0.000000</in_Quantity.quantity><out_Quantity.quantity>421.460747</out_Quantity.quantity></Point><Point><position>3827</position><in_Quantity.quantity>0.000000</in_Quantity.quantity><out_Quantity.quantity>88.159603</out_Quantity.quantity></Point><Point><position>3828</position><in_Quantity.quantity>0.000000</in_Quantity.quantity><out_Quantity.quantity>721.805711</out_Quantity.quantity></Point><Point><position>3829</position><in_Quantity.quantity>0.000000</in_Quantity.quantity><out_Quantity.quantity>93.067609</out_Quantity.quantity></Point><Point><position>3830</position><in_Quantity.quantity>0.000000</in_Quantity.quantity><out_Quantity.quantity>64.029846</out_Quantity.quantity></Point><Point><position>3831</position><in_Quantity.quantity>0.000000</in_Quantity.quantity><out_Quantity.quantity>937.762346</out_Quantity.quantity></Point><Point><position>3832</position><in_Quantity.quantity>0.000000</in_Quantity.quantity><out_Quantity.quantity>877.526790</out_Quantity.quantity></Point><Point><position>3833</position><in_Quantity.quantity>0.000000</in_Quantity.quantity><out_Quantity.quantity>186.754955</out_Quantity.quantity></Point><Point><position>3834</position><in_Quantity.quantity>0.000000</in_Quantity.quantity><out_Quantity.quantity>322.719753</out_Quantity.quantity></Point><Point><position>3835</position><in_Quantity.quantity>0.000000</in_Quantity.quantity><out_Quantity.quantity>469.887590</out_Quantity.quantity></Point><Point><position>3836</position><in_Quantity.quantity>0.000000</in_Quantity.quantity><out_Quantity.quantity>55.560228</out_Quantity.quantity></Point><Point><position>3837</position><in_Quantity.quantity>0.000000</in_Quantity.quantity><out_Quantity.quantity>309.748687</out_Quantity.quantity></Point><Point><position>3838</position><in_Quantity.quantity>0.000000</in_Quantity.quantity><out_Quantity.quantity>516.801610</out_Quantity.quantity></Point><Point><position>3839</position><in_Quantity.quantity>0.000000</in_Quantity.quantity><out_Quantity.quantity>285.855774</out_Quantity.quantity></Point><Point><position>3840</position><in_Quantity.quantity>0.000000</in_Quantity.quantity><out_Quantity.quantity>304.072508</out_Quantity.quantity></Point><Point><position>3841</position><in_Quantity.quantity>0.000000</in_Quantity.quantity><out_Quantity.quantity>897.504898</out_Quantity.quantity></Point><Point><position>3842</position><in_Quantity.quantity>0.000000</in_Quantity.quantity><out_Quantity.quantity>130.978293</out_Quantity.quantity></Point><Point><position>3843</position><in_Quantity.quantity>0.000000</in_Quantity.quantity><out_Quantity.quantity>292.195088</out_Quantity.quantity></Point><Point><position>3844</position><in_Quantity.quantity>0.000000</in_Quantity.quantity><out_Quantity.quantity>872.982000</out_Quantity.quantity></Point><Point><position>3845</position><in_Quantity.quantity>0.000000</in_Quantity.quantity><out_Quantity.quantity>840.001485</out_Quantity.quantity></Point><Point><position>3846</position><in_Quantity.quantity>0.000000</in_Quantity.quantity><out_Quantity.quantity>383.854578</out_Quantity.quantity></Point><Point><position>3847</position><in_Quantity.quantity>0.000000</in_Quantity.quantity><out_Quantity.quantity>749.383725</out_Quantity.quantity></Point><Point><position>3848</position><in_Quantity.quantity>0.000000</in_Quantity.quantity><out_Quantity.quantity>79.346831</out_Quantity.quantity></Point><Point><position>3849</position><in_Quantity.quantity>0.000000</in_Quantity.quantity><out_Quantity.quantity>88.278485</out_Quantity.quantity></Point><Point><position>3850</position><in_Quantity.quantity>0.000000</in_Quantity.quantity><out_Quantity.quantity>987.493415</out_Quantity.quantity></Point><Point><position>3851</position><in_Quantity.quantity>0.000000</in_Quantity.quantity><out_Quantity.quantity>451.191786</out_Quantity.quantity></Point><Point><position>3852</position><in_Quantity.quantity>0.000000</in_Quantity.quantity><out_Quantity.quantity>956.918878</out_Quantity.quantity></Point><Point><position>3853</position><in_Quantity.quantity>0.000000</in_Quantity.quantity><out_Quantity.quantity>771.143233</out_Quantity.quantity></Point><Point><position>3854</position><in_Quantity.quantity>0.000000</in_Quantity.quantity><out_Quantity.quantity>920.335142</out_Quantity.quantity></Point><Point><position>3855</position><in_Quantity.quantity>0.000000</in_Quantity.quantity><out_Quantity.quantity>874.627937</out_Quantity.quantity></Point><Point><position>3856</position><in_Quantity.quantity>0.000000</in_Quantity.quantity><out_Quantity.quantity>658.894488</out_Quantity.quantity></Point><Point><position>3857</position><in_Quantity.quantity>0.000000</in_Quantity.quantity><out_Quantity.quantity>239.979320</out_Quantity.quantity></Point><Point><position>3858</position><in_Quantity.quantity>0.000000</in_Quantity.quantity><out_Quantity.quantity>103.550956</out_Quantity.quantity></Point><Point><position>3859</position><in_Quantity.quantity>0.000000</in_Quantity.quantity><out_Quantity.quantity>847.395696</out_Quantity.quantity></Point><Point><position>3860</position><in_Quantity.quantity>0.000000</in_Quantity.quantity><out_Quantity.quantity>525.078181</out_Quantity.quantity></Point><Point><position>3861</position><in_Quantity.quantity>0.000000</in_Quantity.quantity><out_Quantity.quantity>87.400116</out_Quantity.quantity></Point><Point><position>3862</position><in_Quantity.quantity>0.000000</in_Quantity.quantity><out_Quantity.quantity>834.480782</out_Quantity.quantity></Point><Point><position>3863</position><in_Quantity.quantity>0.000000</in_Quantity.quantity><out_Quantity.quantity>939.000291</out_Quantity.quantity></Point><Point><position>3864</position><in_Quantity.quantity>0.000000</in_Quantity.quantity><out_Quantity.quantity>136.313635</out_Quantity.quantity></Point><Point><position>3865</position><in_Quantity.quantity>0.000000</in_Quantity.quantity><out_Quantity.quantity>961.834110</out_Quantity.quantity></Point><Point><position>3866</position><in_Quantity.quantity>0.000000</in_Quantity.quantity><out_Quantity.quantity>744.046289</out_Quantity.quantity></Point><Point><position>3867</position><in_Quantity.quantity>0.000000</in_Quantity.quantity><out_Quantity.quantity>371.980324</out_Quantity.quantity></Point><Point><position>3868</position><in_Quantity.quantity>0.000000</in_Quantity.quantity><out_Quantity.quantity>503.072080</out_Quantity.quantity></Point><Point><position>3869</position><in_Quantity.quantity>0.000000</in_Quantity.quantity><out_Quantity.quantity>869.244068</out_Quantity.quantity></Point><Point><position>3870</position><in_Quantity.quantity>0.000000</in_Quantity.quantity><out_Quantity.quantity>168.484735</out_Quantity.quantity></Point><Point><position>3871</position><in_Quantity.quantity>0.000000</in_Quantity.quantity><out_Quantity.quantity>699.320401</out_Quantity.quantity></Point><Point><position>3872</position><in_Quantity.quantity>0.000000</in_Quantity.quantity><out_Quantity.quantity>698.772576</out_Quantity.quantity></Point><Point><position>3873</position><in_Quantity.quantity>0.000000</in_Quantity.quantity><out_Quantity.quantity>83.127152</out_Quantity.quantity></Point><Point><position>3874</position><in_Quantity.quantity>0.000000</in_Quantity.quantity><out_Quantity.quantity>421.241182</out_Quantity.quantity></Point><Point><position>3875</position><in_Quantity.quantity>0.000000</in_Quantity.quantity><out_Quantity.quantity>302.498292</out_Quantity.quantity></Point><Point><position>3876</position><in_Quantity.quantity>0.000000</in_Quantity.quantity><out_Quantity.quantity>425.666612</out_Quantity.quantity></Point><Point><position>3877</position><in_Quantity.quantity>0.000000</in_Quantity.quantity><out_Quantity.quantity>673.420830</out_Quantity.quantity></Point><Point><position>3878</position><in_Quantity.quantity>0.000000</in_Quantity.quantity><out_Quantity.quantity>160.167671</out_Quantity.quantity></Point><Point><position>3879</position><in_Quantity.quantity>0.000000</in_Quantity.quantity><out_Quantity.quantity>992.810133</out_Quantity.quantity></Point><Point><position>3880</position><in_Quantity.quantity>0.000000</in_Quantity.quantity><out_Quantity.quantity>588.583063</out_Quantity.quantity></Point><Point><position>3881</position><in_Quantity.quantity>0.000000</in_Quantity.quantity><out_Quantity.quantity>165.261859</out_Quantity.quantity></Point><Point><position>3882</position><in_Quantity.quantity>0.000000</in_Quantity.quantity><out_Quantity.quantity>682.414248</out_Quantity.quantity></Point><Point><position>3883</position><in_Quantity.quantity>0.000000</in_Quantity.quantity><out_Quantity.quantity>892.715656</out_Quantity.quantity></Point><Point><position>3884</position><in_Quantity.quantity>0.000000</in_Quantity.quantity><out_Quantity.quantity>373.718287</out_Quantity.quantity></Point><Point><position>3885</position><in_Quantity.quantity>0.000000</in_Quantity.quantity><out_Quantity.quantity>136.236076</out_Quantity.quantity></Point><Point><position>3886</position><in_Quantity.quantity>0.000000</in_Quantity.quantity><out_Quantity.quantity>426.599441</out_Quantity.quantity></Point><Point><position>3887</position><in_Quantity.quantity>0.000000</in_Quantity.quantity><out_Quantity.quantity>201.466479</out_Quantity.quantity></Point><Point><position>3888</position><in_Quantity.quantity>0.000000</in_Quantity.quantity><out_Quantity.quantity>857.105819</out_Quantity.quantity></Point><Point><position>3889</position><in_Quantity.quantity>0.000000</in_Quantity.quantity><out_Quantity.quantity>545.470358</out_Quantity.quantity></Point><Point><position>3890</position><in_Quantity.quantity>0.000000</in_Quantity.quantity><out_Quantity.quantity>264.662692</out_Quantity.quantity></Point><Point><position>3891</position><in_Quantity.quantity>0.000000</in_Quantity.quantity><out_Quantity.quantity>549.908514</out_Quantity.quantity></Point><Point><position>3892</position><in_Quantity.quantity>0.000000</in_Quantity.quantity><out_Quantity.quantity>967.349574</out_Quantity.quantity></Point><Point><position>3893</position><in_Quantity.quantity>0.000000</in_Quantity.quantity><out_Quantity.quantity>870.218185</out_Quantity.quantity></Point><Point><position>3894</position><in_Quantity.quantity>0.000000</in_Quantity.quantity><out_Quantity.quantity>920.456800</out_Quantity.quantity></Point><Point><position>3895</position><in_Quantity.quantity>0.000000</in_Quantity.quantity><out_Quantity.quantity>310.727572</out_Quantity.quantity></Point><Point><position>3896</position><in_Quantity.quantity>0.000000</in_Quantity.quantity><out_Quantity.quantity>495.918251</out_Quantity.quantity></Point><Point><position>3897</position><in_Quantity.quantity>0.000000</in_Quantity.quantity><out_Quantity.quantity>859.641129</out_Quantity.quantity></Point><Point><position>3898</position><in_Quantity.quantity>0.000000</in_Quantity.quantity><out_Quantity.quantity>455.144129</out_Quantity.quantity></Point><Point><position>3899</position><in_Quantity.quantity>0.000000</in_Quantity.quantity><out_Quantity.quantity>851.854258</out_Quantity.quantity></Point><Point><position>3900</position><in_Quantity.quantity>0.000000</in_Quantity.quantity><out_Quantity.quantity>907.963308</out_Quantity.quantity></Point><Point><position>3901</position><in_Quantity.quantity>0.000000</in_Quantity.quantity><out_Quantity.quantity>138.740937</out_Quantity.quantity></Point><Point><position>3902</position><in_Quantity.quantity>0.000000</in_Quantity.quantity><out_Quantity.quantity>258.489917</out_Quantity.quantity></Point><Point><position>3903</position><in_Quantity.quantity>0.000000</in_Quantity.quantity><out_Quantity.quantity>134.159509</out_Quantity.quantity></Point><Point><position>3904</position><in_Quantity.quantity>0.000000</in_Quantity.quantity><out_Quantity.quantity>667.472895</out_Quantity.quantity></Point><Point><position>3905</position><in_Quantity.quantity>0.000000</in_Quantity.quantity><out_Quantity.quantity>1.364651</out_Quantity.quantity></Point><Point><position>3906</position><in_Quantity.quantity>0.000000</in_Quantity.quantity><out_Quantity.quantity>101.000125</out_Quantity.quantity></Point><Point><position>3907</position><in_Quantity.quantity>0.000000</in_Quantity.quantity><out_Quantity.quantity>646.519487</out_Quantity.quantity></Point><Point><position>3908</position><in_Quantity.quantity>0.000000</in_Quantity.quantity><out_Quantity.quantity>223.276712</out_Quantity.quantity></Point><Point><position>3909</position><in_Quantity.quantity>0.000000</in_Quantity.quantity><out_Quantity.quantity>11.633417</out_Quantity.quantity></Point><Point><position>3910</position><in_Quantity.quantity>0.000000</in_Quantity.quantity><out_Quantity.quantity>973.680492</out_Quantity.quantity></Point><Point><position>3911</position><in_Quantity.quantity>0.000000</in_Quantity.quantity><out_Quantity.quantity>789.675586</out_Quantity.quantity></Point><Point><position>3912</position><in_Quantity.quantity>0.000000</in_Quantity.quantity><out_Quantity.quantity>307.185098</out_Quantity.quantity></Point><Point><position>3913</position><in_Quantity.quantity>0.000000</in_Quantity.quantity><out_Quantity.quantity>542.944310</out_Quantity.quantity></Point><Point><position>3914</position><in_Quantity.quantity>0.000000</in_Quantity.quantity><out_Quantity.quantity>468.889942</out_Quantity.quantity></Point><Point><position>3915</position><in_Quantity.quantity>0.000000</in_Quantity.quantity><out_Quantity.quantity>376.035784</out_Quantity.quantity></Point><Point><position>3916</position><in_Quantity.quantity>0.000000</in_Quantity.quantity><out_Quantity.quantity>108.034328</out_Quantity.quantity></Point><Point><position>3917</position><in_Quantity.quantity>0.000000</in_Quantity.quantity><out_Quantity.quantity>943.766308</out_Quantity.quantity></Point><Point><position>3918</position><in_Quantity.quantity>0.000000</in_Quantity.quantity><out_Quantity.quantity>744.833357</out_Quantity.quantity></Point><Point><position>3919</position><in_Quantity.quantity>0.000000</in_Quantity.quantity><out_Quantity.quantity>888.617424</out_Quantity.quantity></Point><Point><position>3920</position><in_Quantity.quantity>0.000000</in_Quantity.quantity><out_Quantity.quantity>243.191605</out_Quantity.quantity></Point><Point><position>3921</position><in_Quantity.quantity>0.000000</in_Quantity.quantity><out_Quantity.quantity>494.106713</out_Quantity.quantity></Point><Point><position>3922</position><in_Quantity.quantity>0.000000</in_Quantity.quantity><out_Quantity.quantity>100.086830</out_Quantity.quantity></Point><Point><position>3923</position><in_Quantity.quantity>0.000000</in_Quantity.quantity><out_Quantity.quantity>859.436766</out_Quantity.quantity></Point><Point><position>3924</position><in_Quantity.quantity>0.000000</in_Quantity.quantity><out_Quantity.quantity>257.146537</out_Quantity.quantity></Point><Point><position>3925</position><in_Quantity.quantity>0.000000</in_Quantity.quantity><out_Quantity.quantity>230.367432</out_Quantity.quantity></Point><Point><position>3926</position><in_Quantity.quantity>0.000000</in_Quantity.quantity><out_Quantity.quantity>710.756655</out_Quantity.quantity></Point><Point><position>3927</position><in_Quantity.quantity>0.000000</in_Quantity.quantity><out_Quantity.quantity>406.458823</out_Quantity.quantity></Point><Point><position>3928</position><in_Quantity.quantity>0.000000</in_Quantity.quantity><out_Quantity.quantity>438.577565</out_Quantity.quantity></Point><Point><position>3929</position><in_Quantity.quantity>0.000000</in_Quantity.quantity><out_Quantity.quantity>897.452151</out_Quantity.quantity></Point><Point><position>3930</position><in_Quantity.quantity>0.000000</in_Quantity.quantity><out_Quantity.quantity>375.674714</out_Quantity.quantity></Point><Point><position>3931</position><in_Quantity.quantity>0.000000</in_Quantity.quantity><out_Quantity.quantity>292.062538</out_Quantity.quantity></Point><Point><position>3932</position><in_Quantity.quantity>0.000000</in_Quantity.quantity><out_Quantity.quantity>5.130697</out_Quantity.quantity></Point><Point><position>3933</position><in_Quantity.quantity>0.000000</in_Quantity.quantity><out_Quantity.quantity>453.442360</out_Quantity.quantity></Point><Point><position>3934</position><in_Quantity.quantity>0.000000</in_Quantity.quantity><out_Quantity.quantity>974.517785</out_Quantity.quantity></Point><Point><position>3935</position><in_Quantity.quantity>0.000000</in_Quantity.quantity><out_Quantity.quantity>684.717672</out_Quantity.quantity></Point><Point><position>3936</position><in_Quantity.quantity>0.000000</in_Quantity.quantity><out_Quantity.quantity>191.665193</out_Quantity.quantity></Point><Point><position>3937</position><in_Quantity.quantity>0.000000</in_Quantity.quantity><out_Quantity.quantity>54.309832</out_Quantity.quantity></Point><Point><position>3938</position><in_Quantity.quantity>0.000000</in_Quantity.quantity><out_Quantity.quantity>31.197495</out_Quantity.quantity></Point><Point><position>3939</position><in_Quantity.quantity>0.000000</in_Quantity.quantity><out_Quantity.quantity>796.541443</out_Quantity.quantity></Point><Point><position>3940</position><in_Quantity.quantity>0.000000</in_Quantity.quantity><out_Quantity.quantity>177.245122</out_Quantity.quantity></Point><Point><position>3941</position><in_Quantity.quantity>0.000000</in_Quantity.quantity><out_Quantity.quantity>821.073154</out_Quantity.quantity></Point><Point><position>3942</position><in_Quantity.quantity>0.000000</in_Quantity.quantity><out_Quantity.quantity>956.093873</out_Quantity.quantity></Point><Point><position>3943</position><in_Quantity.quantity>0.000000</in_Quantity.quantity><out_Quantity.quantity>71.766345</out_Quantity.quantity></Point><Point><position>3944</position><in_Quantity.quantity>0.000000</in_Quantity.quantity><out_Quantity.quantity>719.499698</out_Quantity.quantity></Point><Point><position>3945</position><in_Quantity.quantity>0.000000</in_Quantity.quantity><out_Quantity.quantity>871.196383</out_Quantity.quantity></Point><Point><position>3946</position><in_Quantity.quantity>0.000000</in_Quantity.quantity><out_Quantity.quantity>421.659049</out_Quantity.quantity></Point><Point><position>3947</position><in_Quantity.quantity>0.000000</in_Quantity.quantity><out_Quantity.quantity>68.023490</out_Quantity.quantity></Point><Point><position>3948</position><in_Quantity.quantity>0.000000</in_Quantity.quantity><out_Quantity.quantity>662.600719</out_Quantity.quantity></Point><Point><position>3949</position><in_Quantity.quantity>0.000000</in_Quantity.quantity><out_Quantity.quantity>214.593788</out_Quantity.quantity></Point><Point><position>3950</position><in_Quantity.quantity>0.000000</in_Quantity.quantity><out_Quantity.quantity>818.280572</out_Quantity.quantity></Point><Point><position>3951</position><in_Quantity.quantity>0.000000</in_Quantity.quantity><out_Quantity.quantity>317.889296</out_Quantity.quantity></Point><Point><position>3952</position><in_Quantity.quantity>0.000000</in_Quantity.quantity><out_Quantity.quantity>985.059737</out_Quantity.quantity></Point><Point><position>3953</position><in_Quantity.quantity>0.000000</in_Quantity.quantity><out_Quantity.quantity>4.475779</out_Quantity.quantity></Point><Point><position>3954</position><in_Quantity.quantity>0.000000</in_Quantity.quantity><out_Quantity.quantity>71.306017</out_Quantity.quantity></Point><Point><position>3955</position><in_Quantity.quantity>0.000000</in_Quantity.quantity><out_Quantity.quantity>226.207813</out_Quantity.quantity></Point><Point><position>3956</position><in_Quantity.quantity>0.000000</in_Quantity.quantity><out_Quantity.quantity>353.492506</out_Quantity.quantity></Point><Point><position>3957</position><in_Quantity.quantity>0.000000</in_Quantity.quantity><out_Quantity.quantity>286.007035</out_Quantity.quantity></Point><Point><position>3958</position><in_Quantity.quantity>0.000000</in_Quantity.quantity><out_Quantity.quantity>967.897325</out_Quantity.quantity></Point><Point><position>3959</position><in_Quantity.quantity>0.000000</in_Quantity.quantity><out_Quantity.quantity>38.396755</out_Quantity.quantity></Point><Point><position>3960</position><in_Quantity.quantity>0.000000</in_Quantity.quantity><out_Quantity.quantity>349.913313</out_Quantity.quantity></Point><Point><position>3961</position><in_Quantity.quantity>0.000000</in_Quantity.quantity><out_Quantity.quantity>469.571518</out_Quantity.quantity></Point><Point><position>3962</position><in_Quantity.quantity>0.000000</in_Quantity.quantity><out_Quantity.quantity>86.438593</out_Quantity.quantity></Point><Point><position>3963</position><in_Quantity.quantity>0.000000</in_Quantity.quantity><out_Quantity.quantity>946.542735</out_Quantity.quantity></Point><Point><position>3964</position><in_Quantity.quantity>0.000000</in_Quantity.quantity><out_Quantity.quantity>19.543291</out_Quantity.quantity></Point><Point><position>3965</position><in_Quantity.quantity>0.000000</in_Quantity.quantity><out_Quantity.quantity>488.524507</out_Quantity.quantity></Point><Point><position>3966</position><in_Quantity.quantity>0.000000</in_Quantity.quantity><out_Quantity.quantity>488.667859</out_Quantity.quantity></Point><Point><position>3967</position><in_Quantity.quantity>0.000000</in_Quantity.quantity><out_Quantity.quantity>906.488746</out_Quantity.quantity></Point><Point><position>3968</position><in_Quantity.quantity>0.000000</in_Quantity.quantity><out_Quantity.quantity>54.655839</out_Quantity.quantity></Point><Point><position>3969</position><in_Quantity.quantity>0.000000</in_Quantity.quantity><out_Quantity.quantity>413.191881</out_Quantity.quantity></Point><Point><position>3970</position><in_Quantity.quantity>0.000000</in_Quantity.quantity><out_Quantity.quantity>456.740286</out_Quantity.quantity></Point><Point><position>3971</position><in_Quantity.quantity>0.000000</in_Quantity.quantity><out_Quantity.quantity>719.004355</out_Quantity.quantity></Point><Point><position>3972</position><in_Quantity.quantity>0.000000</in_Quantity.quantity><out_Quantity.quantity>251.654419</out_Quantity.quantity></Point><Point><position>3973</position><in_Quantity.quantity>0.000000</in_Quantity.quantity><out_Quantity.quantity>354.591239</out_Quantity.quantity></Point><Point><position>3974</position><in_Quantity.quantity>0.000000</in_Quantity.quantity><out_Quantity.quantity>504.051374</out_Quantity.quantity></Point><Point><position>3975</position><in_Quantity.quantity>0.000000</in_Quantity.quantity><out_Quantity.quantity>410.941814</out_Quantity.quantity></Point><Point><position>3976</position><in_Quantity.quantity>0.000000</in_Quantity.quantity><out_Quantity.quantity>422.656703</out_Quantity.quantity></Point><Point><position>3977</position><in_Quantity.quantity>0.000000</in_Quantity.quantity><out_Quantity.quantity>308.915435</out_Quantity.quantity></Point><Point><position>3978</position><in_Quantity.quantity>0.000000</in_Quantity.quantity><out_Quantity.quantity>278.996477</out_Quantity.quantity></Point><Point><position>3979</position><in_Quantity.quantity>0.000000</in_Quantity.quantity><out_Quantity.quantity>335.488270</out_Quantity.quantity></Point><Point><position>3980</position><in_Quantity.quantity>0.000000</in_Quantity.quantity><out_Quantity.quantity>917.960249</out_Quantity.quantity></Point><Point><position>3981</position><in_Quantity.quantity>0.000000</in_Quantity.quantity><out_Quantity.quantity>487.836020</out_Quantity.quantity></Point><Point><position>3982</position><in_Quantity.quantity>0.000000</in_Quantity.quantity><out_Quantity.quantity>16.869444</out_Quantity.quantity></Point><Point><position>3983</position><in_Quantity.quantity>0.000000</in_Quantity.quantity><out_Quantity.quantity>129.041988</out_Quantity.quantity></Point><Point><position>3984</position><in_Quantity.quantity>0.000000</in_Quantity.quantity><out_Quantity.quantity>167.994863</out_Quantity.quantity></Point><Point><position>3985</position><in_Quantity.quantity>0.000000</in_Quantity.quantity><out_Quantity.quantity>97.425195</out_Quantity.quantity></Point><Point><position>3986</position><in_Quantity.quantity>0.000000</in_Quantity.quantity><out_Quantity.quantity>926.810983</out_Quantity.quantity></Point><Point><position>3987</position><in_Quantity.quantity>0.000000</in_Quantity.quantity><out_Quantity.quantity>16.084459</out_Quantity.quantity></Point><Point><position>3988</position><in_Quantity.quantity>0.000000</in_Quantity.quantity><out_Quantity.quantity>706.425015</out_Quantity.quantity></Point><Point><position>3989</position><in_Quantity.quantity>0.000000</in_Quantity.quantity><out_Quantity.quantity>910.269770</out_Quantity.quantity></Point><Point><position>3990</position><in_Quantity.quantity>0.000000</in_Quantity.quantity><out_Quantity.quantity>590.204451</out_Quantity.quantity></Point><Point><position>3991</position><in_Quantity.quantity>0.000000</in_Quantity.quantity><out_Quantity.quantity>891.088699</out_Quantity.quantity></Point><Point><position>3992</position><in_Quantity.quantity>0.000000</in_Quantity.quantity><out_Quantity.quantity>159.463687</out_Quantity.quantity></Point><Point><position>3993</position><in_Quantity.quantity>0.000000</in_Quantity.quantity><out_Quantity.quantity>87.666556</out_Quantity.quantity></Point><Point><position>3994</position><in_Quantity.quantity>0.000000</in_Quantity.quantity><out_Quantity.quantity>562.323547</out_Quantity.quantity></Point><Point><position>3995</position><in_Quantity.quantity>0.000000</in_Quantity.quantity><out_Quantity.quantity>718.867154</out_Quantity.quantity></Point><Point><position>3996</position><in_Quantity.quantity>0.000000</in_Quantity.quantity><out_Quantity.quantity>385.329951</out_Quantity.quantity></Point><Point><position>3997</position><in_Quantity.quantity>0.000000</in_Quantity.quantity><out_Quantity.quantity>464.047951</out_Quantity.quantity></Point><Point><position>3998</position><in_Quantity.quantity>0.000000</in_Quantity.quantity><out_Quantity.quantity>937.206116</out_Quantity.quantity></Point><Point><position>3999</position><in_Quantity.quantity>0.000000</in_Quantity.quantity><out_Quantity.quantity>39.293158</out_Quantity.quantity></Point><Point><position>4000</position><in_Quantity.quantity>0.000000</in_Quantity.quantity><out_Quantity.quantity>260.371643</out_Quantity.quantity></Point><Point><position>4001</position><in_Quantity.quantity>0.000000</in_Quantity.quantity><out_Quantity.quantity>152.059764</out_Quantity.quantity></Point><Point><position>4002</position><in_Quantity.quantity>0.000000</in_Quantity.quantity><out_Quantity.quantity>937.332604</out_Quantity.quantity></Point><Point><position>4003</position><in_Quantity.quantity>0.000000</in_Quantity.quantity><out_Quantity.quantity>540.549126</out_Quantity.quantity></Point><Point><position>4004</position><in_Quantity.quantity>0.000000</in_Quantity.quantity><out_Quantity.quantity>694.749492</out_Quantity.quantity></Point><Point><position>4005</position><in_Quantity.quantity>0.000000</in_Quantity.quantity><out_Quantity.quantity>128.697984</out_Quantity.quantity></Point><Point><position>4006</position><in_Quantity.quantity>0.000000</in_Quantity.quantity><out_Quantity.quantity>801.772771</out_Quantity.quantity></Point><Point><position>4007</position><in_Quantity.quantity>0.000000</in_Quantity.quantity><out_Quantity.quantity>828.795506</out_Quantity.quantity></Point><Point><position>4008</position><in_Quantity.quantity>0.000000</in_Quantity.quantity><out_Quantity.quantity>551.634350</out_Quantity.quantity></Point><Point><position>4009</position><in_Quantity.quantity>0.000000</in_Quantity.quantity><out_Quantity.quantity>653.799967</out_Quantity.quantity></Point><Point><position>4010</position><in_Quantity.quantity>0.000000</in_Quantity.quantity><out_Quantity.quantity>693.077156</out_Quantity.quantity></Point><Point><position>4011</position><in_Quantity.quantity>0.000000</in_Quantity.quantity><out_Quantity.quantity>225.275388</out_Quantity.quantity></Point><Point><position>4012</position><in_Quantity.quantity>0.000000</in_Quantity.quantity><out_Quantity.quantity>893.769472</out_Quantity.quantity></Point><Point><position>4013</position><in_Quantity.quantity>0.000000</in_Quantity.quantity><out_Quantity.quantity>398.279655</out_Quantity.quantity></Point><Point><position>4014</position><in_Quantity.quantity>0.000000</in_Quantity.quantity><out_Quantity.quantity>338.987676</out_Quantity.quantity></Point><Point><position>4015</position><in_Quantity.quantity>0.000000</in_Quantity.quantity><out_Quantity.quantity>570.974510</out_Quantity.quantity></Point><Point><position>4016</position><in_Quantity.quantity>0.000000</in_Quantity.quantity><out_Quantity.quantity>857.077823</out_Quantity.quantity></Point><Point><position>4017</position><in_Quantity.quantity>0.000000</in_Quantity.quantity><out_Quantity.quantity>890.450444</out_Quantity.quantity></Point><Point><position>4018</position><in_Quantity.quantity>0.000000</in_Quantity.quantity><out_Quantity.quantity>628.440441</out_Quantity.quantity></Point><Point><position>4019</position><in_Quantity.quantity>0.000000</in_Quantity.quantity><out_Quantity.quantity>552.942446</out_Quantity.quantity></Point><Point><position>4020</position><in_Quantity.quantity>0.000000</in_Quantity.quantity><out_Quantity.quantity>38.532564</out_Quantity.quantity></Point><Point><position>4021</position><in_Quantity.quantity>0.000000</in_Quantity.quantity><out_Quantity.quantity>625.813540</out_Quantity.quantity></Point><Point><position>4022</position><in_Quantity.quantity>0.000000</in_Quantity.quantity><out_Quantity.quantity>50.668919</out_Quantity.quantity></Point><Point><position>4023</position><in_Quantity.quantity>0.000000</in_Quantity.quantity><out_Quantity.quantity>327.084682</out_Quantity.quantity></Point><Point><position>4024</position><in_Quantity.quantity>0.000000</in_Quantity.quantity><out_Quantity.quantity>353.708793</out_Quantity.quantity></Point><Point><position>4025</position><in_Quantity.quantity>0.000000</in_Quantity.quantity><out_Quantity.quantity>345.857883</out_Quantity.quantity></Point><Point><position>4026</position><in_Quantity.quantity>0.000000</in_Quantity.quantity><out_Quantity.quantity>792.060390</out_Quantity.quantity></Point><Point><position>4027</position><in_Quantity.quantity>0.000000</in_Quantity.quantity><out_Quantity.quantity>115.159961</out_Quantity.quantity></Point><Point><position>4028</position><in_Quantity.quantity>0.000000</in_Quantity.quantity><out_Quantity.quantity>528.946510</out_Quantity.quantity></Point><Point><position>4029</position><in_Quantity.quantity>0.000000</in_Quantity.quantity><out_Quantity.quantity>655.555299</out_Quantity.quantity></Point><Point><position>4030</position><in_Quantity.quantity>0.000000</in_Quantity.quantity><out_Quantity.quantity>568.900367</out_Quantity.quantity></Point><Point><position>4031</position><in_Quantity.quantity>0.000000</in_Quantity.quantity><out_Quantity.quantity>605.874265</out_Quantity.quantity></Point><Point><position>4032</position><in_Quantity.quantity>0.000000</in_Quantity.quantity><out_Quantity.quantity>394.233508</out_Quantity.quantity></Point><Point><position>4033</position><in_Quantity.quantity>0.000000</in_Quantity.quantity><out_Quantity.quantity>708.788513</out_Quantity.quantity></Point><Point><position>4034</position><in_Quantity.quantity>0.000000</in_Quantity.quantity><out_Quantity.quantity>221.247739</out_Quantity.quantity></Point><Point><position>4035</position><in_Quantity.quantity>0.000000</in_Quantity.quantity><out_Quantity.quantity>844.976863</out_Quantity.quantity></Point><Point><position>4036</position><in_Quantity.quantity>0.000000</in_Quantity.quantity><out_Quantity.quantity>498.954078</out_Quantity.quantity></Point><Point><position>4037</position><in_Quantity.quantity>0.000000</in_Quantity.quantity><out_Quantity.quantity>49.849057</out_Quantity.quantity></Point><Point><position>4038</position><in_Quantity.quantity>0.000000</in_Quantity.quantity><out_Quantity.quantity>990.287271</out_Quantity.quantity></Point><Point><position>4039</position><in_Quantity.quantity>0.000000</in_Quantity.quantity><out_Quantity.quantity>120.094005</out_Quantity.quantity></Point><Point><position>4040</position><in_Quantity.quantity>0.000000</in_Quantity.quantity><out_Quantity.quantity>324.623244</out_Quantity.quantity></Point><Point><position>4041</position><in_Quantity.quantity>0.000000</in_Quantity.quantity><out_Quantity.quantity>736.344218</out_Quantity.quantity></Point><Point><position>4042</position><in_Quantity.quantity>0.000000</in_Quantity.quantity><out_Quantity.quantity>598.140220</out_Quantity.quantity></Point><Point><position>4043</position><in_Quantity.quantity>0.000000</in_Quantity.quantity><out_Quantity.quantity>244.594031</out_Quantity.quantity></Point><Point><position>4044</position><in_Quantity.quantity>0.000000</in_Quantity.quantity><out_Quantity.quantity>53.531941</out_Quantity.quantity></Point><Point><position>4045</position><in_Quantity.quantity>0.000000</in_Quantity.quantity><out_Quantity.quantity>135.830597</out_Quantity.quantity></Point><Point><position>4046</position><in_Quantity.quantity>0.000000</in_Quantity.quantity><out_Quantity.quantity>349.801525</out_Quantity.quantity></Point><Point><position>4047</position><in_Quantity.quantity>0.000000</in_Quantity.quantity><out_Quantity.quantity>531.208464</out_Quantity.quantity></Point><Point><position>4048</position><in_Quantity.quantity>0.000000</in_Quantity.quantity><out_Quantity.quantity>86.898468</out_Quantity.quantity></Point><Point><position>4049</position><in_Quantity.quantity>0.000000</in_Quantity.quantity><out_Quantity.quantity>443.868753</out_Quantity.quantity></Point><Point><position>4050</position><in_Quantity.quantity>0.000000</in_Quantity.quantity><out_Quantity.quantity>494.063060</out_Quantity.quantity></Point><Point><position>4051</position><in_Quantity.quantity>0.000000</in_Quantity.quantity><out_Quantity.quantity>574.909980</out_Quantity.quantity></Point><Point><position>4052</position><in_Quantity.quantity>0.000000</in_Quantity.quantity><out_Quantity.quantity>386.517210</out_Quantity.quantity></Point><Point><position>4053</position><in_Quantity.quantity>0.000000</in_Quantity.quantity><out_Quantity.quantity>79.587191</out_Quantity.quantity></Point><Point><position>4054</position><in_Quantity.quantity>0.000000</in_Quantity.quantity><out_Quantity.quantity>95.767876</out_Quantity.quantity></Point><Point><position>4055</position><in_Quantity.quantity>0.000000</in_Quantity.quantity><out_Quantity.quantity>251.307701</out_Quantity.quantity></Point><Point><position>4056</position><in_Quantity.quantity>0.000000</in_Quantity.quantity><out_Quantity.quantity>117.219935</out_Quantity.quantity></Point><Point><position>4057</position><in_Quantity.quantity>0.000000</in_Quantity.quantity><out_Quantity.quantity>935.888304</out_Quantity.quantity></Point><Point><position>4058</position><in_Quantity.quantity>0.000000</in_Quantity.quantity><out_Quantity.quantity>323.311470</out_Quantity.quantity></Point><Point><position>4059</position><in_Quantity.quantity>0.000000</in_Quantity.quantity><out_Quantity.quantity>445.081494</out_Quantity.quantity></Point><Point><position>4060</position><in_Quantity.quantity>0.000000</in_Quantity.quantity><out_Quantity.quantity>395.201233</out_Quantity.quantity></Point><Point><position>4061</position><in_Quantity.quantity>0.000000</in_Quantity.quantity><out_Quantity.quantity>542.488367</out_Quantity.quantity></Point><Point><position>4062</position><in_Quantity.quantity>0.000000</in_Quantity.quantity><out_Quantity.quantity>4.669784</out_Quantity.quantity></Point><Point><position>4063</position><in_Quantity.quantity>0.000000</in_Quantity.quantity><out_Quantity.quantity>484.558806</out_Quantity.quantity></Point><Point><position>4064</position><in_Quantity.quantity>0.000000</in_Quantity.quantity><out_Quantity.quantity>32.656981</out_Quantity.quantity></Point><Point><position>4065</position><in_Quantity.quantity>0.000000</in_Quantity.quantity><out_Quantity.quantity>937.979406</out_Quantity.quantity></Point><Point><position>4066</position><in_Quantity.quantity>0.000000</in_Quantity.quantity><out_Quantity.quantity>421.931184</out_Quantity.quantity></Point><Point><position>4067</position><in_Quantity.quantity>0.000000</in_Quantity.quantity><out_Quantity.quantity>916.721463</out_Quantity.quantity></Point><Point><position>4068</position><in_Quantity.quantity>0.000000</in_Quantity.quantity><out_Quantity.quantity>452.333292</out_Quantity.quantity></Point><Point><position>4069</position><in_Quantity.quantity>0.000000</in_Quantity.quantity><out_Quantity.quantity>335.011974</out_Quantity.quantity></Point><Point><position>4070</position><in_Quantity.quantity>0.000000</in_Quantity.quantity><out_Quantity.quantity>458.144218</out_Quantity.quantity></Point><Point><position>4071</position><in_Quantity.quantity>0.000000</in_Quantity.quantity><out_Quantity.quantity>351.342816</out_Quantity.quantity></Point><Point><position>4072</position><in_Quantity.quantity>0.000000</in_Quantity.quantity><out_Quantity.quantity>496.492132</out_Quantity.quantity></Point><Point><position>4073</position><in_Quantity.quantity>0.000000</in_Quantity.quantity><out_Quantity.quantity>405.126981</out_Quantity.quantity></Point><Point><position>4074</position><in_Quantity.quantity>0.000000</in_Quantity.quantity><out_Quantity.quantity>673.419028</out_Quantity.quantity></Point><Point><position>4075</position><in_Quantity.quantity>0.000000</in_Quantity.quantity><out_Quantity.quantity>922.866295</out_Quantity.quantity></Point><Point><position>4076</position><in_Quantity.quantity>0.000000</in_Quantity.quantity><out_Quantity.quantity>304.527095</out_Quantity.quantity></Point><Point><position>4077</position><in_Quantity.quantity>0.000000</in_Quantity.quantity><out_Quantity.quantity>974.979950</out_Quantity.quantity></Point><Point><position>4078</position><in_Quantity.quantity>0.000000</in_Quantity.quantity><out_Quantity.quantity>228.860387</out_Quantity.quantity></Point><Point><position>4079</position><in_Quantity.quantity>0.000000</in_Quantity.quantity><out_Quantity.quantity>279.189531</out_Quantity.quantity></Point><Point><position>4080</position><in_Quantity.quantity>0.000000</in_Quantity.quantity><out_Quantity.quantity>83.271226</out_Quantity.quantity></Point><Point><position>4081</position><in_Quantity.quantity>0.000000</in_Quantity.quantity><out_Quantity.quantity>170.656961</out_Quantity.quantity></Point><Point><position>4082</position><in_Quantity.quantity>0.000000</in_Quantity.quantity><out_Quantity.quantity>741.304667</out_Quantity.quantity></Point><Point><position>4083</position><in_Quantity.quantity>0.000000</in_Quantity.quantity><out_Quantity.quantity>194.073692</out_Quantity.quantity></Point><Point><position>4084</position><in_Quantity.quantity>0.000000</in_Quantity.quantity><out_Quantity.quantity>764.324257</out_Quantity.quantity></Point><Point><position>4085</position><in_Quantity.quantity>0.000000</in_Quantity.quantity><out_Quantity.quantity>10.133828</out_Quantity.quantity></Point><Point><position>4086</position><in_Quantity.quantity>0.000000</in_Quantity.quantity><out_Quantity.quantity>471.060380</out_Quantity.quantity></Point><Point><position>4087</position><in_Quantity.quantity>0.000000</in_Quantity.quantity><out_Quantity.quantity>523.308334</out_Quantity.quantity></Point><Point><position>4088</position><in_Quantity.quantity>0.000000</in_Quantity.quantity><out_Quantity.quantity>765.834788</out_Quantity.quantity></Point><Point><position>4089</position><in_Quantity.quantity>0.000000</in_Quantity.quantity><out_Quantity.quantity>267.301277</out_Quantity.quantity></Point><Point><position>4090</position><in_Quantity.quantity>0.000000</in_Quantity.quantity><out_Quantity.quantity>305.903730</out_Quantity.quantity></Point><Point><position>4091</position><in_Quantity.quantity>0.000000</in_Quantity.quantity><out_Quantity.quantity>912.219358</out_Quantity.quantity></Point><Point><position>4092</position><in_Quantity.quantity>0.000000</in_Quantity.quantity><out_Quantity.quantity>443.682257</out_Quantity.quantity></Point><Point><position>4093</position><in_Quantity.quantity>0.000000</in_Quantity.quantity><out_Quantity.quantity>615.395491</out_Quantity.quantity></Point><Point><position>4094</position><in_Quantity.quantity>0.000000</in_Quantity.quantity><out_Quantity.quantity>567.747756</out_Quantity.quantity></Point><Point><position>4095</position><in_Quantity.quantity>0.000000</in_Quantity.quantity><out_Quantity.quantity>19.385770</out_Quantity.quantity></Point><Point><position>4096</position><in_Quantity.quantity>0.000000</in_Quantity.quantity><out_Quantity.quantity>733.784532</out_Quantity.quantity></Point><Point><position>4097</position><in_Quantity.quantity>0.000000</in_Quantity.quantity><out_Quantity.quantity>715.385203</out_Quantity.quantity></Point><Point><position>4098</position><in_Quantity.quantity>0.000000</in_Quantity.quantity><out_Quantity.quantity>899.180075</out_Quantity.quantity></Point><Point><position>4099</position><in_Quantity.quantity>0.000000</in_Quantity.quantity><out_Quantity.quantity>723.355413</out_Quantity.quantity></Point><Point><position>4100</position><in_Quantity.quantity>0.000000</in_Quantity.quantity><out_Quantity.quantity>404.640119</out_Quantity.quantity></Point><Point><position>4101</position><in_Quantity.quantity>0.000000</in_Quantity.quantity><out_Quantity.quantity>741.230033</out_Quantity.quantity></Point><Point><position>4102</position><in_Quantity.quantity>0.000000</in_Quantity.quantity><out_Quantity.quantity>231.023316</out_Quantity.quantity></Point><Point><position>4103</position><in_Quantity.quantity>0.000000</in_Quantity.quantity><out_Quantity.quantity>875.003612</out_Quantity.quantity></Point><Point><position>4104</position><in_Quantity.quantity>0.000000</in_Quantity.quantity><out_Quantity.quantity>193.562082</out_Quantity.quantity></Point><Point><position>4105</position><in_Quantity.quantity>0.000000</in_Quantity.quantity><out_Quantity.quantity>154.422363</out_Quantity.quantity></Point><Point><position>4106</position><in_Quantity.quantity>0.000000</in_Quantity.quantity><out_Quantity.quantity>442.554245</out_Quantity.quantity></Point><Point><position>4107</position><in_Quantity.quantity>0.000000</in_Quantity.quantity><out_Quantity.quantity>780.193141</out_Quantity.quantity></Point><Point><position>4108</position><in_Quantity.quantity>0.000000</in_Quantity.quantity><out_Quantity.quantity>511.048108</out_Quantity.quantity></Point><Point><position>4109</position><in_Quantity.quantity>0.000000</in_Quantity.quantity><out_Quantity.quantity>990.008986</out_Quantity.quantity></Point><Point><position>4110</position><in_Quantity.quantity>0.000000</in_Quantity.quantity><out_Quantity.quantity>990.938632</out_Quantity.quantity></Point><Point><position>4111</position><in_Quantity.quantity>0.000000</in_Quantity.quantity><out_Quantity.quantity>991.436808</out_Quantity.quantity></Point><Point><position>4112</position><in_Quantity.quantity>0.000000</in_Quantity.quantity><out_Quantity.quantity>55.768629</out_Quantity.quantity></Point><Point><position>4113</position><in_Quantity.quantity>0.000000</in_Quantity.quantity><out_Quantity.quantity>314.742826</out_Quantity.quantity></Point><Point><position>4114</position><in_Quantity.quantity>0.000000</in_Quantity.quantity><out_Quantity.quantity>498.738139</out_Quantity.quantity></Point><Point><position>4115</position><in_Quantity.quantity>0.000000</in_Quantity.quantity><out_Quantity.quantity>641.477407</out_Quantity.quantity></Point><Point><position>4116</position><in_Quantity.quantity>0.000000</in_Quantity.quantity><out_Quantity.quantity>838.362181</out_Quantity.quantity></Point><Point><position>4117</position><in_Quantity.quantity>0.000000</in_Quantity.quantity><out_Quantity.quantity>856.603950</out_Quantity.quantity></Point><Point><position>4118</position><in_Quantity.quantity>0.000000</in_Quantity.quantity><out_Quantity.quantity>147.000269</out_Quantity.quantity></Point><Point><position>4119</position><in_Quantity.quantity>0.000000</in_Quantity.quantity><out_Quantity.quantity>734.228627</out_Quantity.quantity></Point><Point><position>4120</position><in_Quantity.quantity>0.000000</in_Quantity.quantity><out_Quantity.quantity>239.698721</out_Quantity.quantity></Point><Point><position>4121</position><in_Quantity.quantity>0.000000</in_Quantity.quantity><out_Quantity.quantity>252.220325</out_Quantity.quantity></Point><Point><position>4122</position><in_Quantity.quantity>0.000000</in_Quantity.quantity><out_Quantity.quantity>952.396165</out_Quantity.quantity></Point><Point><position>4123</position><in_Quantity.quantity>0.000000</in_Quantity.quantity><out_Quantity.quantity>707.207464</out_Quantity.quantity></Point><Point><position>4124</position><in_Quantity.quantity>0.000000</in_Quantity.quantity><out_Quantity.quantity>998.925359</out_Quantity.quantity></Point><Point><position>4125</position><in_Quantity.quantity>0.000000</in_Quantity.quantity><out_Quantity.quantity>144.223353</out_Quantity.quantity></Point><Point><position>4126</position><in_Quantity.quantity>0.000000</in_Quantity.quantity><out_Quantity.quantity>611.060665</out_Quantity.quantity></Point><Point><position>4127</position><in_Quantity.quantity>0.000000</in_Quantity.quantity><out_Quantity.quantity>649.909211</out_Quantity.quantity></Point><Point><position>4128</position><in_Quantity.quantity>0.000000</in_Quantity.quantity><out_Quantity.quantity>734.881485</out_Quantity.quantity></Point><Point><position>4129</position><in_Quantity.quantity>0.000000</in_Quantity.quantity><out_Quantity.quantity>526.397858</out_Quantity.quantity></Point><Point><position>4130</position><in_Quantity.quantity>0.000000</in_Quantity.quantity><out_Quantity.quantity>952.731025</out_Quantity.quantity></Point><Point><position>4131</position><in_Quantity.quantity>0.000000</in_Quantity.quantity><out_Quantity.quantity>847.338020</out_Quantity.quantity></Point><Point><position>4132</position><in_Quantity.quantity>0.000000</in_Quantity.quantity><out_Quantity.quantity>838.006126</out_Quantity.quantity></Point><Point><position>4133</position><in_Quantity.quantity>0.000000</in_Quantity.quantity><out_Quantity.quantity>26.416185</out_Quantity.quantity></Point><Point><position>4134</position><in_Quantity.quantity>0.000000</in_Quantity.quantity><out_Quantity.quantity>275.004433</out_Quantity.quantity></Point><Point><position>4135</position><in_Quantity.quantity>0.000000</in_Quantity.quantity><out_Quantity.quantity>660.524465</out_Quantity.quantity></Point><Point><position>4136</position><in_Quantity.quantity>0.000000</in_Quantity.quantity><out_Quantity.quantity>246.859994</out_Quantity.quantity></Point><Point><position>4137</position><in_Quantity.quantity>0.000000</in_Quantity.quantity><out_Quantity.quantity>254.890131</out_Quantity.quantity></Point><Point><position>4138</position><in_Quantity.quantity>0.000000</in_Quantity.quantity><out_Quantity.quantity>456.805843</out_Quantity.quantity></Point><Point><position>4139</position><in_Quantity.quantity>0.000000</in_Quantity.quantity><out_Quantity.quantity>347.449982</out_Quantity.quantity></Point><Point><position>4140</position><in_Quantity.quantity>0.000000</in_Quantity.quantity><out_Quantity.quantity>504.470783</out_Quantity.quantity></Point><Point><position>4141</position><in_Quantity.quantity>0.000000</in_Quantity.quantity><out_Quantity.quantity>592.202585</out_Quantity.quantity></Point><Point><position>4142</position><in_Quantity.quantity>0.000000</in_Quantity.quantity><out_Quantity.quantity>831.145376</out_Quantity.quantity></Point><Point><position>4143</position><in_Quantity.quantity>0.000000</in_Quantity.quantity><out_Quantity.quantity>230.689065</out_Quantity.quantity></Point><Point><position>4144</position><in_Quantity.quantity>0.000000</in_Quantity.quantity><out_Quantity.quantity>385.230638</out_Quantity.quantity></Point><Point><position>4145</position><in_Quantity.quantity>0.000000</in_Quantity.quantity><out_Quantity.quantity>552.141526</out_Quantity.quantity></Point><Point><position>4146</position><in_Quantity.quantity>0.000000</in_Quantity.quantity><out_Quantity.quantity>655.764131</out_Quantity.quantity></Point><Point><position>4147</position><in_Quantity.quantity>0.000000</in_Quantity.quantity><out_Quantity.quantity>593.314125</out_Quantity.quantity></Point><Point><position>4148</position><in_Quantity.quantity>0.000000</in_Quantity.quantity><out_Quantity.quantity>282.433972</out_Quantity.quantity></Point><Point><position>4149</position><in_Quantity.quantity>0.000000</in_Quantity.quantity><out_Quantity.quantity>419.339351</out_Quantity.quantity></Point><Point><position>4150</position><in_Quantity.quantity>0.000000</in_Quantity.quantity><out_Quantity.quantity>454.868231</out_Quantity.quantity></Point><Point><position>4151</position><in_Quantity.quantity>0.000000</in_Quantity.quantity><out_Quantity.quantity>785.390427</out_Quantity.quantity></Point><Point><position>4152</position><in_Quantity.quantity>0.000000</in_Quantity.quantity><out_Quantity.quantity>550.144018</out_Quantity.quantity></Point><Point><position>4153</position><in_Quantity.quantity>0.000000</in_Quantity.quantity><out_Quantity.quantity>180.428867</out_Quantity.quantity></Point><Point><position>4154</position><in_Quantity.quantity>0.000000</in_Quantity.quantity><out_Quantity.quantity>448.482798</out_Quantity.quantity></Point><Point><position>4155</position><in_Quantity.quantity>0.000000</in_Quantity.quantity><out_Quantity.quantity>614.504194</out_Quantity.quantity></Point><Point><position>4156</position><in_Quantity.quantity>0.000000</in_Quantity.quantity><out_Quantity.quantity>104.032501</out_Quantity.quantity></Point><Point><position>4157</position><in_Quantity.quantity>0.000000</in_Quantity.quantity><out_Quantity.quantity>790.641651</out_Quantity.quantity></Point><Point><position>4158</position><in_Quantity.quantity>0.000000</in_Quantity.quantity><out_Quantity.quantity>152.524328</out_Quantity.quantity></Point><Point><position>4159</position><in_Quantity.quantity>0.000000</in_Quantity.quantity><out_Quantity.quantity>136.044752</out_Quantity.quantity></Point><Point><position>4160</position><in_Quantity.quantity>0.000000</in_Quantity.quantity><out_Quantity.quantity>230.703249</out_Quantity.quantity></Point><Point><position>4161</position><in_Quantity.quantity>0.000000</in_Quantity.quantity><out_Quantity.quantity>465.792755</out_Quantity.quantity></Point><Point><position>4162</position><in_Quantity.quantity>0.000000</in_Quantity.quantity><out_Quantity.quantity>805.853392</out_Quantity.quantity></Point><Point><position>4163</position><in_Quantity.quantity>0.000000</in_Quantity.quantity><out_Quantity.quantity>88.622939</out_Quantity.quantity></Point><Point><position>4164</position><in_Quantity.quantity>0.000000</in_Quantity.quantity><out_Quantity.quantity>392.249051</out_Quantity.quantity></Point><Point><position>4165</position><in_Quantity.quantity>0.000000</in_Quantity.quantity><out_Quantity.quantity>390.139188</out_Quantity.quantity></Point><Point><position>4166</position><in_Quantity.quantity>0.000000</in_Quantity.quantity><out_Quantity.quantity>407.601014</out_Quantity.quantity></Point><Point><position>4167</position><in_Quantity.quantity>0.000000</in_Quantity.quantity><out_Quantity.quantity>614.398411</out_Quantity.quantity></Point><Point><position>4168</position><in_Quantity.quantity>0.000000</in_Quantity.quantity><out_Quantity.quantity>836.203758</out_Quantity.quantity></Point><Point><position>4169</position><in_Quantity.quantity>0.000000</in_Quantity.quantity><out_Quantity.quantity>686.826489</out_Quantity.quantity></Point><Point><position>4170</position><in_Quantity.quantity>0.000000</in_Quantity.quantity><out_Quantity.quantity>635.933564</out_Quantity.quantity></Point><Point><position>4171</position><in_Quantity.quantity>0.000000</in_Quantity.quantity><out_Quantity.quantity>953.114049</out_Quantity.quantity></Point><Point><position>4172</position><in_Quantity.quantity>0.000000</in_Quantity.quantity><out_Quantity.quantity>82.973957</out_Quantity.quantity></Point><Point><position>4173</position><in_Quantity.quantity>0.000000</in_Quantity.quantity><out_Quantity.quantity>895.260159</out_Quantity.quantity></Point><Point><position>4174</position><in_Quantity.quantity>0.000000</in_Quantity.quantity><out_Quantity.quantity>772.081411</out_Quantity.quantity></Point><Point><position>4175</position><in_Quantity.quantity>0.000000</in_Quantity.quantity><out_Quantity.quantity>570.122272</out_Quantity.quantity></Point><Point><position>4176</position><in_Quantity.quantity>0.000000</in_Quantity.quantity><out_Quantity.quantity>77.520433</out_Quantity.quantity></Point><Point><position>4177</position><in_Quantity.quantity>0.000000</in_Quantity.quantity><out_Quantity.quantity>835.958782</out_Quantity.quantity></Point><Point><position>4178</position><in_Quantity.quantity>0.000000</in_Quantity.quantity><out_Quantity.quantity>355.057476</out_Quantity.quantity></Point><Point><position>4179</position><in_Quantity.quantity>0.000000</in_Quantity.quantity><out_Quantity.quantity>890.573855</out_Quantity.quantity></Point><Point><position>4180</position><in_Quantity.quantity>0.000000</in_Quantity.quantity><out_Quantity.quantity>570.345569</out_Quantity.quantity></Point><Point><position>4181</position><in_Quantity.quantity>0.000000</in_Quantity.quantity><out_Quantity.quantity>271.964556</out_Quantity.quantity></Point><Point><position>4182</position><in_Quantity.quantity>0.000000</in_Quantity.quantity><out_Quantity.quantity>379.008064</out_Quantity.quantity></Point><Point><position>4183</position><in_Quantity.quantity>0.000000</in_Quantity.quantity><out_Quantity.quantity>325.813125</out_Quantity.quantity></Point><Point><position>4184</position><in_Quantity.quantity>0.000000</in_Quantity.quantity><out_Quantity.quantity>784.917577</out_Quantity.quantity></Point><Point><position>4185</position><in_Quantity.quantity>0.000000</in_Quantity.quantity><out_Quantity.quantity>227.817700</out_Quantity.quantity></Point><Point><position>4186</position><in_Quantity.quantity>0.000000</in_Quantity.quantity><out_Quantity.quantity>80.715150</out_Quantity.quantity></Point><Point><position>4187</position><in_Quantity.quantity>0.000000</in_Quantity.quantity><out_Quantity.quantity>485.691831</out_Quantity.quantity></Point><Point><position>4188</position><in_Quantity.quantity>0.000000</in_Quantity.quantity><out_Quantity.quantity>28.703662</out_Quantity.quantity></Point><Point><position>4189</position><in_Quantity.quantity>0.000000</in_Quantity.quantity><out_Quantity.quantity>647.869904</out_Quantity.quantity></Point><Point><position>4190</position><in_Quantity.quantity>0.000000</in_Quantity.quantity><out_Quantity.quantity>315.381622</out_Quantity.quantity></Point><Point><position>4191</position><in_Quantity.quantity>0.000000</in_Quantity.quantity><out_Quantity.quantity>157.890699</out_Quantity.quantity></Point><Point><position>4192</position><in_Quantity.quantity>0.000000</in_Quantity.quantity><out_Quantity.quantity>850.123575</out_Quantity.quantity></Point><Point><position>4193</position><in_Quantity.quantity>0.000000</in_Quantity.quantity><out_Quantity.quantity>835.976353</out_Quantity.quantity></Point><Point><position>4194</position><in_Quantity.quantity>0.000000</in_Quantity.quantity><out_Quantity.quantity>126.991086</out_Quantity.quantity></Point><Point><position>4195</position><in_Quantity.quantity>0.000000</in_Quantity.quantity><out_Quantity.quantity>21.271555</out_Quantity.quantity></Point><Point><position>4196</position><in_Quantity.quantity>0.000000</in_Quantity.quantity><out_Quantity.quantity>125.926916</out_Quantity.quantity></Point><Point><position>4197</position><in_Quantity.quantity>0.000000</in_Quantity.quantity><out_Quantity.quantity>189.392343</out_Quantity.quantity></Point><Point><position>4198</position><in_Quantity.quantity>0.000000</in_Quantity.quantity><out_Quantity.quantity>831.193366</out_Quantity.quantity></Point><Point><position>4199</position><in_Quantity.quantity>0.000000</in_Quantity.quantity><out_Quantity.quantity>552.403278</out_Quantity.quantity></Point><Point><position>4200</position><in_Quantity.quantity>0.000000</in_Quantity.quantity><out_Quantity.quantity>771.122177</out_Quantity.quantity></Point><Point><position>4201</position><in_Quantity.quantity>0.000000</in_Quantity.quantity><out_Quantity.quantity>626.211657</out_Quantity.quantity></Point><Point><position>4202</position><in_Quantity.quantity>0.000000</in_Quantity.quantity><out_Quantity.quantity>224.567380</out_Quantity.quantity></Point><Point><position>4203</position><in_Quantity.quantity>0.000000</in_Quantity.quantity><out_Quantity.quantity>929.024673</out_Quantity.quantity></Point><Point><position>4204</position><in_Quantity.quantity>0.000000</in_Quantity.quantity><out_Quantity.quantity>481.244198</out_Quantity.quantity></Point><Point><position>4205</position><in_Quantity.quantity>0.000000</in_Quantity.quantity><out_Quantity.quantity>516.680679</out_Quantity.quantity></Point><Point><position>4206</position><in_Quantity.quantity>0.000000</in_Quantity.quantity><out_Quantity.quantity>573.721591</out_Quantity.quantity></Point><Point><position>4207</position><in_Quantity.quantity>0.000000</in_Quantity.quantity><out_Quantity.quantity>564.312769</out_Quantity.quantity></Point><Point><position>4208</position><in_Quantity.quantity>0.000000</in_Quantity.quantity><out_Quantity.quantity>473.590698</out_Quantity.quantity></Point><Point><position>4209</position><in_Quantity.quantity>0.000000</in_Quantity.quantity><out_Quantity.quantity>362.435101</out_Quantity.quantity></Point><Point><position>4210</position><in_Quantity.quantity>0.000000</in_Quantity.quantity><out_Quantity.quantity>534.653556</out_Quantity.quantity></Point><Point><position>4211</position><in_Quantity.quantity>0.000000</in_Quantity.quantity><out_Quantity.quantity>671.621596</out_Quantity.quantity></Point><Point><position>4212</position><in_Quantity.quantity>0.000000</in_Quantity.quantity><out_Quantity.quantity>630.899053</out_Quantity.quantity></Point><Point><position>4213</position><in_Quantity.quantity>0.000000</in_Quantity.quantity><out_Quantity.quantity>56.380503</out_Quantity.quantity></Point><Point><position>4214</position><in_Quantity.quantity>0.000000</in_Quantity.quantity><out_Quantity.quantity>540.272310</out_Quantity.quantity></Point><Point><position>4215</position><in_Quantity.quantity>0.000000</in_Quantity.quantity><out_Quantity.quantity>837.073284</out_Quantity.quantity></Point><Point><position>4216</position><in_Quantity.quantity>0.000000</in_Quantity.quantity><out_Quantity.quantity>79.728410</out_Quantity.quantity></Point><Point><position>4217</position><in_Quantity.quantity>0.000000</in_Quantity.quantity><out_Quantity.quantity>843.466153</out_Quantity.quantity></Point><Point><position>4218</position><in_Quantity.quantity>0.000000</in_Quantity.quantity><out_Quantity.quantity>864.054181</out_Quantity.quantity></Point><Point><position>4219</position><in_Quantity.quantity>0.000000</in_Quantity.quantity><out_Quantity.quantity>133.918311</out_Quantity.quantity></Point><Point><position>4220</position><in_Quantity.quantity>0.000000</in_Quantity.quantity><out_Quantity.quantity>142.288391</out_Quantity.quantity></Point><Point><position>4221</position><in_Quantity.quantity>0.000000</in_Quantity.quantity><out_Quantity.quantity>340.142298</out_Quantity.quantity></Point><Point><position>4222</position><in_Quantity.quantity>0.000000</in_Quantity.quantity><out_Quantity.quantity>88.738193</out_Quantity.quantity></Point><Point><position>4223</position><in_Quantity.quantity>0.000000</in_Quantity.quantity><out_Quantity.quantity>389.832618</out_Quantity.quantity></Point><Point><position>4224</position><in_Quantity.quantity>0.000000</in_Quantity.quantity><out_Quantity.quantity>703.764218</out_Quantity.quantity></Point><Point><position>4225</position><in_Quantity.quantity>0.000000</in_Quantity.quantity><out_Quantity.quantity>617.349210</out_Quantity.quantity></Point><Point><position>4226</position><in_Quantity.quantity>0.000000</in_Quantity.quantity><out_Quantity.quantity>824.510265</out_Quantity.quantity></Point><Point><position>4227</position><in_Quantity.quantity>0.000000</in_Quantity.quantity><out_Quantity.quantity>131.756028</out_Quantity.quantity></Point><Point><position>4228</position><in_Quantity.quantity>0.000000</in_Quantity.quantity><out_Quantity.quantity>728.497293</out_Quantity.quantity></Point><Point><position>4229</position><in_Quantity.quantity>0.000000</in_Quantity.quantity><out_Quantity.quantity>980.464304</out_Quantity.quantity></Point><Point><position>4230</position><in_Quantity.quantity>0.000000</in_Quantity.quantity><out_Quantity.quantity>957.855543</out_Quantity.quantity></Point><Point><position>4231</position><in_Quantity.quantity>0.000000</in_Quantity.quantity><out_Quantity.quantity>841.434568</out_Quantity.quantity></Point><Point><position>4232</position><in_Quantity.quantity>0.000000</in_Quantity.quantity><out_Quantity.quantity>426.452311</out_Quantity.quantity></Point><Point><position>4233</position><in_Quantity.quantity>0.000000</in_Quantity.quantity><out_Quantity.quantity>996.664735</out_Quantity.quantity></Point><Point><position>4234</position><in_Quantity.quantity>0.000000</in_Quantity.quantity><out_Quantity.quantity>795.245186</out_Quantity.quantity></Point><Point><position>4235</position><in_Quantity.quantity>0.000000</in_Quantity.quantity><out_Quantity.quantity>618.713310</out_Quantity.quantity></Point><Point><position>4236</position><in_Quantity.quantity>0.000000</in_Quantity.quantity><out_Quantity.quantity>172.236046</out_Quantity.quantity></Point><Point><position>4237</position><in_Quantity.quantity>0.000000</in_Quantity.quantity><out_Quantity.quantity>751.011759</out_Quantity.quantity></Point><Point><position>4238</position><in_Quantity.quantity>0.000000</in_Quantity.quantity><out_Quantity.quantity>418.230188</out_Quantity.quantity></Point><Point><position>4239</position><in_Quantity.quantity>0.000000</in_Quantity.quantity><out_Quantity.quantity>669.433170</out_Quantity.quantity></Point><Point><position>4240</position><in_Quantity.quantity>0.000000</in_Quantity.quantity><out_Quantity.quantity>791.903852</out_Quantity.quantity></Point><Point><position>4241</position><in_Quantity.quantity>0.000000</in_Quantity.quantity><out_Quantity.quantity>349.935161</out_Quantity.quantity></Point><Point><position>4242</position><in_Quantity.quantity>0.000000</in_Quantity.quantity><out_Quantity.quantity>331.784920</out_Quantity.quantity></Point><Point><position>4243</position><in_Quantity.quantity>0.000000</in_Quantity.quantity><out_Quantity.quantity>175.406745</out_Quantity.quantity></Point><Point><position>4244</position><in_Quantity.quantity>0.000000</in_Quantity.quantity><out_Quantity.quantity>269.546082</out_Quantity.quantity></Point><Point><position>4245</position><in_Quantity.quantity>0.000000</in_Quantity.quantity><out_Quantity.quantity>307.127388</out_Quantity.quantity></Point><Point><position>4246</position><in_Quantity.quantity>0.000000</in_Quantity.quantity><out_Quantity.quantity>396.783217</out_Quantity.quantity></Point><Point><position>4247</position><in_Quantity.quantity>0.000000</in_Quantity.quantity><out_Quantity.quantity>438.184297</out_Quantity.quantity></Point><Point><position>4248</position><in_Quantity.quantity>0.000000</in_Quantity.quantity><out_Quantity.quantity>229.533370</out_Quantity.quantity></Point><Point><position>4249</position><in_Quantity.quantity>0.000000</in_Quantity.quantity><out_Quantity.quantity>76.907441</out_Quantity.quantity></Point><Point><position>4250</position><in_Quantity.quantity>0.000000</in_Quantity.quantity><out_Quantity.quantity>869.837079</out_Quantity.quantity></Point><Point><position>4251</position><in_Quantity.quantity>0.000000</in_Quantity.quantity><out_Quantity.quantity>136.615157</out_Quantity.quantity></Point><Point><position>4252</position><in_Quantity.quantity>0.000000</in_Quantity.quantity><out_Quantity.quantity>437.907664</out_Quantity.quantity></Point><Point><position>4253</position><in_Quantity.quantity>0.000000</in_Quantity.quantity><out_Quantity.quantity>406.963126</out_Quantity.quantity></Point><Point><position>4254</position><in_Quantity.quantity>0.000000</in_Quantity.quantity><out_Quantity.quantity>30.388224</out_Quantity.quantity></Point><Point><position>4255</position><in_Quantity.quantity>0.000000</in_Quantity.quantity><out_Quantity.quantity>231.601208</out_Quantity.quantity></Point><Point><position>4256</position><in_Quantity.quantity>0.000000</in_Quantity.quantity><out_Quantity.quantity>540.485462</out_Quantity.quantity></Point><Point><position>4257</position><in_Quantity.quantity>0.000000</in_Quantity.quantity><out_Quantity.quantity>145.073741</out_Quantity.quantity></Point><Point><position>4258</position><in_Quantity.quantity>0.000000</in_Quantity.quantity><out_Quantity.quantity>684.568204</out_Quantity.quantity></Point><Point><position>4259</position><in_Quantity.quantity>0.000000</in_Quantity.quantity><out_Quantity.quantity>32.029549</out_Quantity.quantity></Point><Point><position>4260</position><in_Quantity.quantity>0.000000</in_Quantity.quantity><out_Quantity.quantity>749.912724</out_Quantity.quantity></Point><Point><position>4261</position><in_Quantity.quantity>0.000000</in_Quantity.quantity><out_Quantity.quantity>284.173111</out_Quantity.quantity></Point><Point><position>4262</position><in_Quantity.quantity>0.000000</in_Quantity.quantity><out_Quantity.quantity>876.787305</out_Quantity.quantity></Point><Point><position>4263</position><in_Quantity.quantity>0.000000</in_Quantity.quantity><out_Quantity.quantity>416.477004</out_Quantity.quantity></Point><Point><position>4264</position><in_Quantity.quantity>0.000000</in_Quantity.quantity><out_Quantity.quantity>705.617329</out_Quantity.quantity></Point><Point><position>4265</position><in_Quantity.quantity>0.000000</in_Quantity.quantity><out_Quantity.quantity>621.698758</out_Quantity.quantity></Point><Point><position>4266</position><in_Quantity.quantity>0.000000</in_Quantity.quantity><out_Quantity.quantity>25.421297</out_Quantity.quantity></Point><Point><position>4267</position><in_Quantity.quantity>0.000000</in_Quantity.quantity><out_Quantity.quantity>625.283620</out_Quantity.quantity></Point><Point><position>4268</position><in_Quantity.quantity>0.000000</in_Quantity.quantity><out_Quantity.quantity>570.899935</out_Quantity.quantity></Point><Point><position>4269</position><in_Quantity.quantity>0.000000</in_Quantity.quantity><out_Quantity.quantity>951.230105</out_Quantity.quantity></Point><Point><position>4270</position><in_Quantity.quantity>0.000000</in_Quantity.quantity><out_Quantity.quantity>255.061449</out_Quantity.quantity></Point><Point><position>4271</position><in_Quantity.quantity>0.000000</in_Quantity.quantity><out_Quantity.quantity>216.447702</out_Quantity.quantity></Point><Point><position>4272</position><in_Quantity.quantity>0.000000</in_Quantity.quantity><out_Quantity.quantity>965.412624</out_Quantity.quantity></Point><Point><position>4273</position><in_Quantity.quantity>0.000000</in_Quantity.quantity><out_Quantity.quantity>706.402094</out_Quantity.quantity></Point><Point><position>4274</position><in_Quantity.quantity>0.000000</in_Quantity.quantity><out_Quantity.quantity>618.816933</out_Quantity.quantity></Point><Point><position>4275</position><in_Quantity.quantity>0.000000</in_Quantity.quantity><out_Quantity.quantity>72.199316</out_Quantity.quantity></Point><Point><position>4276</position><in_Quantity.quantity>0.000000</in_Quantity.quantity><out_Quantity.quantity>835.541873</out_Quantity.quantity></Point><Point><position>4277</position><in_Quantity.quantity>0.000000</in_Quantity.quantity><out_Quantity.quantity>731.753296</out_Quantity.quantity></Point><Point><position>4278</position><in_Quantity.quantity>0.000000</in_Quantity.quantity><out_Quantity.quantity>303.641682</out_Quantity.quantity></Point><Point><position>4279</position><in_Quantity.quantity>0.000000</in_Quantity.quantity><out_Quantity.quantity>616.899202</out_Quantity.quantity></Point><Point><position>4280</position><in_Quantity.quantity>0.000000</in_Quantity.quantity><out_Quantity.quantity>864.899271</out_Quantity.quantity></Point><Point><position>4281</position><in_Quantity.quantity>0.000000</in_Quantity.quantity><out_Quantity.quantity>443.624843</out_Quantity.quantity></Point><Point><position>4282</position><in_Quantity.quantity>0.000000</in_Quantity.quantity><out_Quantity.quantity>876.304615</out_Quantity.quantity></Point><Point><position>4283</position><in_Quantity.quantity>0.000000</in_Quantity.quantity><out_Quantity.quantity>899.090155</out_Quantity.quantity></Point><Point><position>4284</position><in_Quantity.quantity>0.000000</in_Quantity.quantity><out_Quantity.quantity>867.738466</out_Quantity.quantity></Point><Point><position>4285</position><in_Quantity.quantity>0.000000</in_Quantity.quantity><out_Quantity.quantity>833.364169</out_Quantity.quantity></Point><Point><position>4286</position><in_Quantity.quantity>0.000000</in_Quantity.quantity><out_Quantity.quantity>467.022720</out_Quantity.quantity></Point><Point><position>4287</position><in_Quantity.quantity>0.000000</in_Quantity.quantity><out_Quantity.quantity>782.145232</out_Quantity.quantity></Point><Point><position>4288</position><in_Quantity.quantity>0.000000</in_Quantity.quantity><out_Quantity.quantity>174.854445</out_Quantity.quantity></Point><Point><position>4289</position><in_Quantity.quantity>0.000000</in_Quantity.quantity><out_Quantity.quantity>280.274754</out_Quantity.quantity></Point><Point><position>4290</position><in_Quantity.quantity>0.000000</in_Quantity.quantity><out_Quantity.quantity>557.013011</out_Quantity.quantity></Point><Point><position>4291</position><in_Quantity.quantity>0.000000</in_Quantity.quantity><out_Quantity.quantity>38.260365</out_Quantity.quantity></Point><Point><position>4292</position><in_Quantity.quantity>0.000000</in_Quantity.quantity><out_Quantity.quantity>389.923818</out_Quantity.quantity></Point><Point><position>4293</position><in_Quantity.quantity>0.000000</in_Quantity.quantity><out_Quantity.quantity>22.259387</out_Quantity.quantity></Point><Point><position>4294</position><in_Quantity.quantity>0.000000</in_Quantity.quantity><out_Quantity.quantity>266.095946</out_Quantity.quantity></Point><Point><position>4295</position><in_Quantity.quantity>0.000000</in_Quantity.quantity><out_Quantity.quantity>269.912543</out_Quantity.quantity></Point><Point><position>4296</position><in_Quantity.quantity>0.000000</in_Quantity.quantity><out_Quantity.quantity>221.784850</out_Quantity.quantity></Point><Point><position>4297</position><in_Quantity.quantity>0.000000</in_Quantity.quantity><out_Quantity.quantity>487.958389</out_Quantity.quantity></Point><Point><position>4298</position><in_Quantity.quantity>0.000000</in_Quantity.quantity><out_Quantity.quantity>676.191798</out_Quantity.quantity></Point><Point><position>4299</position><in_Quantity.quantity>0.000000</in_Quantity.quantity><out_Quantity.quantity>49.744651</out_Quantity.quantity></Point><Point><position>4300</position><in_Quantity.quantity>0.000000</in_Quantity.quantity><out_Quantity.quantity>840.683766</out_Quantity.quantity></Point><Point><position>4301</position><in_Quantity.quantity>0.000000</in_Quantity.quantity><out_Quantity.quantity>811.097333</out_Quantity.quantity></Point><Point><position>4302</position><in_Quantity.quantity>0.000000</in_Quantity.quantity><out_Quantity.quantity>798.571316</out_Quantity.quantity></Point><Point><position>4303</position><in_Quantity.quantity>0.000000</in_Quantity.quantity><out_Quantity.quantity>193.753630</out_Quantity.quantity></Point><Point><position>4304</position><in_Quantity.quantity>0.000000</in_Quantity.quantity><out_Quantity.quantity>222.840048</out_Quantity.quantity></Point><Point><position>4305</position><in_Quantity.quantity>0.000000</in_Quantity.quantity><out_Quantity.quantity>927.879866</out_Quantity.quantity></Point><Point><position>4306</position><in_Quantity.quantity>0.000000</in_Quantity.quantity><out_Quantity.quantity>73.400828</out_Quantity.quantity></Point><Point><position>4307</position><in_Quantity.quantity>0.000000</in_Quantity.quantity><out_Quantity.quantity>597.703416</out_Quantity.quantity></Point><Point><position>4308</position><in_Quantity.quantity>0.000000</in_Quantity.quantity><out_Quantity.quantity>186.688050</out_Quantity.quantity></Point><Point><position>4309</position><in_Quantity.quantity>0.000000</in_Quantity.quantity><out_Quantity.quantity>697.412873</out_Quantity.quantity></Point><Point><position>4310</position><in_Quantity.quantity>0.000000</in_Quantity.quantity><out_Quantity.quantity>3.787937</out_Quantity.quantity></Point><Point><position>4311</position><in_Quantity.quantity>0.000000</in_Quantity.quantity><out_Quantity.quantity>701.419685</out_Quantity.quantity></Point><Point><position>4312</position><in_Quantity.quantity>0.000000</in_Quantity.quantity><out_Quantity.quantity>813.454860</out_Quantity.quantity></Point><Point><position>4313</position><in_Quantity.quantity>0.000000</in_Quantity.quantity><out_Quantity.quantity>378.371139</out_Quantity.quantity></Point><Point><position>4314</position><in_Quantity.quantity>0.000000</in_Quantity.quantity><out_Quantity.quantity>290.168444</out_Quantity.quantity></Point><Point><position>4315</position><in_Quantity.quantity>0.000000</in_Quantity.quantity><out_Quantity.quantity>905.813535</out_Quantity.quantity></Point><Point><position>4316</position><in_Quantity.quantity>0.000000</in_Quantity.quantity><out_Quantity.quantity>148.472780</out_Quantity.quantity></Point><Point><position>4317</position><in_Quantity.quantity>0.000000</in_Quantity.quantity><out_Quantity.quantity>986.351766</out_Quantity.quantity></Point><Point><position>4318</position><in_Quantity.quantity>0.000000</in_Quantity.quantity><out_Quantity.quantity>911.273200</out_Quantity.quantity></Point><Point><position>4319</position><in_Quantity.quantity>0.000000</in_Quantity.quantity><out_Quantity.quantity>974.405566</out_Quantity.quantity></Point><Point><position>4320</position><in_Quantity.quantity>0.000000</in_Quantity.quantity><out_Quantity.quantity>418.288742</out_Quantity.quantity></Point><Point><position>4321</position><in_Quantity.quantity>0.000000</in_Quantity.quantity><out_Quantity.quantity>885.234164</out_Quantity.quantity></Point><Point><position>4322</position><in_Quantity.quantity>0.000000</in_Quantity.quantity><out_Quantity.quantity>986.798165</out_Quantity.quantity></Point><Point><position>4323</position><in_Quantity.quantity>0.000000</in_Quantity.quantity><out_Quantity.quantity>180.817989</out_Quantity.quantity></Point><Point><position>4324</position><in_Quantity.quantity>0.000000</in_Quantity.quantity><out_Quantity.quantity>286.846131</out_Quantity.quantity></Point><Point><position>4325</position><in_Quantity.quantity>0.000000</in_Quantity.quantity><out_Quantity.quantity>990.174559</out_Quantity.quantity></Point><Point><position>4326</position><in_Quantity.quantity>0.000000</in_Quantity.quantity><out_Quantity.quantity>933.795372</out_Quantity.quantity></Point><Point><position>4327</position><in_Quantity.quantity>0.000000</in_Quantity.quantity><out_Quantity.quantity>932.453653</out_Quantity.quantity></Point><Point><position>4328</position><in_Quantity.quantity>0.000000</in_Quantity.quantity><out_Quantity.quantity>191.054887</out_Quantity.quantity></Point><Point><position>4329</position><in_Quantity.quantity>0.000000</in_Quantity.quantity><out_Quantity.quantity>751.464582</out_Quantity.quantity></Point><Point><position>4330</position><in_Quantity.quantity>0.000000</in_Quantity.quantity><out_Quantity.quantity>221.295462</out_Quantity.quantity></Point><Point><position>4331</position><in_Quantity.quantity>0.000000</in_Quantity.quantity><out_Quantity.quantity>932.130881</out_Quantity.quantity></Point><Point><position>4332</position><in_Quantity.quantity>0.000000</in_Quantity.quantity><out_Quantity.quantity>34.554923</out_Quantity.quantity></Point><Point><position>4333</position><in_Quantity.quantity>0.000000</in_Quantity.quantity><out_Quantity.quantity>511.929252</out_Quantity.quantity></Point><Point><position>4334</position><in_Quantity.quantity>0.000000</in_Quantity.quantity><out_Quantity.quantity>981.665440</out_Quantity.quantity></Point><Point><position>4335</position><in_Quantity.quantity>0.000000</in_Quantity.quantity><out_Quantity.quantity>891.493257</out_Quantity.quantity></Point><Point><position>4336</position><in_Quantity.quantity>0.000000</in_Quantity.quantity><out_Quantity.quantity>81.853005</out_Quantity.quantity></Point><Point><position>4337</position><in_Quantity.quantity>0.000000</in_Quantity.quantity><out_Quantity.quantity>331.982649</out_Quantity.quantity></Point><Point><position>4338</position><in_Quantity.quantity>0.000000</in_Quantity.quantity><out_Quantity.quantity>700.265118</out_Quantity.quantity></Point><Point><position>4339</position><in_Quantity.quantity>0.000000</in_Quantity.quantity><out_Quantity.quantity>495.778304</out_Quantity.quantity></Point><Point><position>4340</position><in_Quantity.quantity>0.000000</in_Quantity.quantity><out_Quantity.quantity>973.993959</out_Quantity.quantity></Point><Point><position>4341</position><in_Quantity.quantity>0.000000</in_Quantity.quantity><out_Quantity.quantity>510.654347</out_Quantity.quantity></Point><Point><position>4342</position><in_Quantity.quantity>0.000000</in_Quantity.quantity><out_Quantity.quantity>531.882169</out_Quantity.quantity></Point><Point><position>4343</position><in_Quantity.quantity>0.000000</in_Quantity.quantity><out_Quantity.quantity>554.194435</out_Quantity.quantity></Point><Point><position>4344</position><in_Quantity.quantity>0.000000</in_Quantity.quantity><out_Quantity.quantity>335.764764</out_Quantity.quantity></Point><Point><position>4345</position><in_Quantity.quantity>0.000000</in_Quantity.quantity><out_Quantity.quantity>700.430664</out_Quantity.quantity></Point><Point><position>4346</position><in_Quantity.quantity>0.000000</in_Quantity.quantity><out_Quantity.quantity>586.998589</out_Quantity.quantity></Point><Point><position>4347</position><in_Quantity.quantity>0.000000</in_Quantity.quantity><out_Quantity.quantity>640.595715</out_Quantity.quantity></Point><Point><position>4348</position><in_Quantity.quantity>0.000000</in_Quantity.quantity><out_Quantity.quantity>805.494236</out_Quantity.quantity></Point><Point><position>4349</position><in_Quantity.quantity>0.000000</in_Quantity.quantity><out_Quantity.quantity>192.377996</out_Quantity.quantity></Point><Point><position>4350</position><in_Quantity.quantity>0.000000</in_Quantity.quantity><out_Quantity.quantity>314.246541</out_Quantity.quantity></Point><Point><position>4351</position><in_Quantity.quantity>0.000000</in_Quantity.quantity><out_Quantity.quantity>508.336648</out_Quantity.quantity></Point><Point><position>4352</position><in_Quantity.quantity>0.000000</in_Quantity.quantity><out_Quantity.quantity>617.720021</out_Quantity.quantity></Point><Point><position>4353</position><in_Quantity.quantity>0.000000</in_Quantity.quantity><out_Quantity.quantity>538.789561</out_Quantity.quantity></Point><Point><position>4354</position><in_Quantity.quantity>0.000000</in_Quantity.quantity><out_Quantity.quantity>87.093288</out_Quantity.quantity></Point><Point><position>4355</position><in_Quantity.quantity>0.000000</in_Quantity.quantity><out_Quantity.quantity>566.845036</out_Quantity.quantity></Point><Point><position>4356</position><in_Quantity.quantity>0.000000</in_Quantity.quantity><out_Quantity.quantity>714.975518</out_Quantity.quantity></Point><Point><position>4357</position><in_Quantity.quantity>0.000000</in_Quantity.quantity><out_Quantity.quantity>359.361414</out_Quantity.quantity></Point><Point><position>4358</position><in_Quantity.quantity>0.000000</in_Quantity.quantity><out_Quantity.quantity>644.509984</out_Quantity.quantity></Point><Point><position>4359</position><in_Quantity.quantity>0.000000</in_Quantity.quantity><out_Quantity.quantity>438.614987</out_Quantity.quantity></Point><Point><position>4360</position><in_Quantity.quantity>0.000000</in_Quantity.quantity><out_Quantity.quantity>495.298351</out_Quantity.quantity></Point><Point><position>4361</position><in_Quantity.quantity>0.000000</in_Quantity.quantity><out_Quantity.quantity>391.996299</out_Quantity.quantity></Point><Point><position>4362</position><in_Quantity.quantity>0.000000</in_Quantity.quantity><out_Quantity.quantity>447.051832</out_Quantity.quantity></Point><Point><position>4363</position><in_Quantity.quantity>0.000000</in_Quantity.quantity><out_Quantity.quantity>42.569191</out_Quantity.quantity></Point><Point><position>4364</position><in_Quantity.quantity>0.000000</in_Quantity.quantity><out_Quantity.quantity>198.382427</out_Quantity.quantity></Point><Point><position>4365</position><in_Quantity.quantity>0.000000</in_Quantity.quantity><out_Quantity.quantity>542.699647</out_Quantity.quantity></Point><Point><position>4366</position><in_Quantity.quantity>0.000000</in_Quantity.quantity><out_Quantity.quantity>844.497365</out_Quantity.quantity></Point><Point><position>4367</position><in_Quantity.quantity>0.000000</in_Quantity.quantity><out_Quantity.quantity>125.852020</out_Quantity.quantity></Point><Point><position>4368</position><in_Quantity.quantity>0.000000</in_Quantity.quantity><out_Quantity.quantity>255.878425</out_Quantity.quantity></Point><Point><position>4369</position><in_Quantity.quantity>0.000000</in_Quantity.quantity><out_Quantity.quantity>129.987194</out_Quantity.quantity></Point><Point><position>4370</position><in_Quantity.quantity>0.000000</in_Quantity.quantity><out_Quantity.quantity>986.936062</out_Quantity.quantity></Point><Point><position>4371</position><in_Quantity.quantity>0.000000</in_Quantity.quantity><out_Quantity.quantity>687.850102</out_Quantity.quantity></Point><Point><position>4372</position><in_Quantity.quantity>0.000000</in_Quantity.quantity><out_Quantity.quantity>638.622100</out_Quantity.quantity></Point><Point><position>4373</position><in_Quantity.quantity>0.000000</in_Quantity.quantity><out_Quantity.quantity>467.385698</out_Quantity.quantity></Point><Point><position>4374</position><in_Quantity.quantity>0.000000</in_Quantity.quantity><out_Quantity.quantity>604.809556</out_Quantity.quantity></Point><Point><position>4375</position><in_Quantity.quantity>0.000000</in_Quantity.quantity><out_Quantity.quantity>701.985944</out_Quantity.quantity></Point><Point><position>4376</position><in_Quantity.quantity>0.000000</in_Quantity.quantity><out_Quantity.quantity>593.357317</out_Quantity.quantity></Point><Point><position>4377</position><in_Quantity.quantity>0.000000</in_Quantity.quantity><out_Quantity.quantity>164.511732</out_Quantity.quantity></Point><Point><position>4378</position><in_Quantity.quantity>0.000000</in_Quantity.quantity><out_Quantity.quantity>25.992301</out_Quantity.quantity></Point><Point><position>4379</position><in_Quantity.quantity>0.000000</in_Quantity.quantity><out_Quantity.quantity>617.407459</out_Quantity.quantity></Point><Point><position>4380</position><in_Quantity.quantity>0.000000</in_Quantity.quantity><out_Quantity.quantity>493.266140</out_Quantity.quantity></Point><Point><position>4381</position><in_Quantity.quantity>0.000000</in_Quantity.quantity><out_Quantity.quantity>503.694682</out_Quantity.quantity></Point><Point><position>4382</position><in_Quantity.quantity>0.000000</in_Quantity.quantity><out_Quantity.quantity>572.643663</out_Quantity.quantity></Point><Point><position>4383</position><in_Quantity.quantity>0.000000</in_Quantity.quantity><out_Quantity.quantity>782.072488</out_Quantity.quantity></Point><Point><position>4384</position><in_Quantity.quantity>0.000000</in_Quantity.quantity><out_Quantity.quantity>104.673449</out_Quantity.quantity></Point><Point><position>4385</position><in_Quantity.quantity>0.000000</in_Quantity.quantity><out_Quantity.quantity>663.640360</out_Quantity.quantity></Point><Point><position>4386</position><in_Quantity.quantity>0.000000</in_Quantity.quantity><out_Quantity.quantity>492.565556</out_Quantity.quantity></Point><Point><position>4387</position><in_Quantity.quantity>0.000000</in_Quantity.quantity><out_Quantity.quantity>803.055829</out_Quantity.quantity></Point><Point><position>4388</position><in_Quantity.quantity>0.000000</in_Quantity.quantity><out_Quantity.quantity>571.748926</out_Quantity.quantity></Point><Point><position>4389</position><in_Quantity.quantity>0.000000</in_Quantity.quantity><out_Quantity.quantity>791.194036</out_Quantity.quantity></Point><Point><position>4390</position><in_Quantity.quantity>0.000000</in_Quantity.quantity><out_Quantity.quantity>747.773241</out_Quantity.quantity></Point><Point><position>4391</position><in_Quantity.quantity>0.000000</in_Quantity.quantity><out_Quantity.quantity>990.446785</out_Quantity.quantity></Point><Point><position>4392</position><in_Quantity.quantity>0.000000</in_Quantity.quantity><out_Quantity.quantity>539.198540</out_Quantity.quantity></Point><Point><position>4393</position><in_Quantity.quantity>0.000000</in_Quantity.quantity><out_Quantity.quantity>738.336432</out_Quantity.quantity></Point><Point><position>4394</position><in_Quantity.quantity>0.000000</in_Quantity.quantity><out_Quantity.quantity>645.008079</out_Quantity.quantity></Point><Point><position>4395</position><in_Quantity.quantity>0.000000</in_Quantity.quantity><out_Quantity.quantity>755.356972</out_Quantity.quantity></Point><Point><position>4396</position><in_Quantity.quantity>0.000000</in_Quantity.quantity><out_Quantity.quantity>58.049469</out_Quantity.quantity></Point><Point><position>4397</position><in_Quantity.quantity>0.000000</in_Quantity.quantity><out_Quantity.quantity>541.848610</out_Quantity.quantity></Point><Point><position>4398</position><in_Quantity.quantity>0.000000</in_Quantity.quantity><out_Quantity.quantity>264.330656</out_Quantity.quantity></Point><Point><position>4399</position><in_Quantity.quantity>0.000000</in_Quantity.quantity><out_Quantity.quantity>263.461771</out_Quantity.quantity></Point><Point><position>4400</position><in_Quantity.quantity>0.000000</in_Quantity.quantity><out_Quantity.quantity>647.549038</out_Quantity.quantity></Point><Point><position>4401</position><in_Quantity.quantity>0.000000</in_Quantity.quantity><out_Quantity.quantity>663.538402</out_Quantity.quantity></Point><Point><position>4402</position><in_Quantity.quantity>0.000000</in_Quantity.quantity><out_Quantity.quantity>358.010403</out_Quantity.quantity></Point><Point><position>4403</position><in_Quantity.quantity>0.000000</in_Quantity.quantity><out_Quantity.quantity>712.480032</out_Quantity.quantity></Point><Point><position>4404</position><in_Quantity.quantity>0.000000</in_Quantity.quantity><out_Quantity.quantity>745.949132</out_Quantity.quantity></Point><Point><position>4405</position><in_Quantity.quantity>0.000000</in_Quantity.quantity><out_Quantity.quantity>227.507211</out_Quantity.quantity></Point><Point><position>4406</position><in_Quantity.quantity>0.000000</in_Quantity.quantity><out_Quantity.quantity>382.680753</out_Quantity.quantity></Point><Point><position>4407</position><in_Quantity.quantity>0.000000</in_Quantity.quantity><out_Quantity.quantity>632.378001</out_Quantity.quantity></Point><Point><position>4408</position><in_Quantity.quantity>0.000000</in_Quantity.quantity><out_Quantity.quantity>835.964107</out_Quantity.quantity></Point><Point><position>4409</position><in_Quantity.quantity>0.000000</in_Quantity.quantity><out_Quantity.quantity>534.976179</out_Quantity.quantity></Point><Point><position>4410</position><in_Quantity.quantity>0.000000</in_Quantity.quantity><out_Quantity.quantity>653.312334</out_Quantity.quantity></Point><Point><position>4411</position><in_Quantity.quantity>0.000000</in_Quantity.quantity><out_Quantity.quantity>542.941241</out_Quantity.quantity></Point><Point><position>4412</position><in_Quantity.quantity>0.000000</in_Quantity.quantity><out_Quantity.quantity>267.381351</out_Quantity.quantity></Point><Point><position>4413</position><in_Quantity.quantity>0.000000</in_Quantity.quantity><out_Quantity.quantity>395.695602</out_Quantity.quantity></Point><Point><position>4414</position><in_Quantity.quantity>0.000000</in_Quantity.quantity><out_Quantity.quantity>816.217206</out_Quantity.quantity></Point><Point><position>4415</position><in_Quantity.quantity>0.000000</in_Quantity.quantity><out_Quantity.quantity>933.640047</out_Quantity.quantity></Point><Point><position>4416</position><in_Quantity.quantity>0.000000</in_Quantity.quantity><out_Quantity.quantity>659.615877</out_Quantity.quantity></Point><Point><position>4417</position><in_Quantity.quantity>0.000000</in_Quantity.quantity><out_Quantity.quantity>170.066531</out_Quantity.quantity></Point><Point><position>4418</position><in_Quantity.quantity>0.000000</in_Quantity.quantity><out_Quantity.quantity>934.287345</out_Quantity.quantity></Point><Point><position>4419</position><in_Quantity.quantity>0.000000</in_Quantity.quantity><out_Quantity.quantity>673.592255</out_Quantity.quantity></Point><Point><position>4420</position><in_Quantity.quantity>0.000000</in_Quantity.quantity><out_Quantity.quantity>125.367816</out_Quantity.quantity></Point><Point><position>4421</position><in_Quantity.quantity>0.000000</in_Quantity.quantity><out_Quantity.quantity>532.895462</out_Quantity.quantity></Point><Point><position>4422</position><in_Quantity.quantity>0.000000</in_Quantity.quantity><out_Quantity.quantity>252.662425</out_Quantity.quantity></Point><Point><position>4423</position><in_Quantity.quantity>0.000000</in_Quantity.quantity><out_Quantity.quantity>513.390909</out_Quantity.quantity></Point><Point><position>4424</position><in_Quantity.quantity>0.000000</in_Quantity.quantity><out_Quantity.quantity>566.084534</out_Quantity.quantity></Point><Point><position>4425</position><in_Quantity.quantity>0.000000</in_Quantity.quantity><out_Quantity.quantity>638.336562</out_Quantity.quantity></Point><Point><position>4426</position><in_Quantity.quantity>0.000000</in_Quantity.quantity><out_Quantity.quantity>416.462675</out_Quantity.quantity></Point><Point><position>4427</position><in_Quantity.quantity>0.000000</in_Quantity.quantity><out_Quantity.quantity>240.441013</out_Quantity.quantity></Point><Point><position>4428</position><in_Quantity.quantity>0.000000</in_Quantity.quantity><out_Quantity.quantity>77.755963</out_Quantity.quantity></Point><Point><position>4429</position><in_Quantity.quantity>0.000000</in_Quantity.quantity><out_Quantity.quantity>353.405239</out_Quantity.quantity></Point><Point><position>4430</position><in_Quantity.quantity>0.000000</in_Quantity.quantity><out_Quantity.quantity>741.819218</out_Quantity.quantity></Point><Point><position>4431</position><in_Quantity.quantity>0.000000</in_Quantity.quantity><out_Quantity.quantity>934.828130</out_Quantity.quantity></Point><Point><position>4432</position><in_Quantity.quantity>0.000000</in_Quantity.quantity><out_Quantity.quantity>887.664685</out_Quantity.quantity></Point><Point><position>4433</position><in_Quantity.quantity>0.000000</in_Quantity.quantity><out_Quantity.quantity>76.723647</out_Quantity.quantity></Point><Point><position>4434</position><in_Quantity.quantity>0.000000</in_Quantity.quantity><out_Quantity.quantity>24.809368</out_Quantity.quantity></Point><Point><position>4435</position><in_Quantity.quantity>0.000000</in_Quantity.quantity><out_Quantity.quantity>12.753880</out_Quantity.quantity></Point><Point><position>4436</position><in_Quantity.quantity>0.000000</in_Quantity.quantity><out_Quantity.quantity>484.061443</out_Quantity.quantity></Point><Point><position>4437</position><in_Quantity.quantity>0.000000</in_Quantity.quantity><out_Quantity.quantity>534.597728</out_Quantity.quantity></Point><Point><position>4438</position><in_Quantity.quantity>0.000000</in_Quantity.quantity><out_Quantity.quantity>933.639310</out_Quantity.quantity></Point><Point><position>4439</position><in_Quantity.quantity>0.000000</in_Quantity.quantity><out_Quantity.quantity>274.266098</out_Quantity.quantity></Point><Point><position>4440</position><in_Quantity.quantity>0.000000</in_Quantity.quantity><out_Quantity.quantity>893.783432</out_Quantity.quantity></Point><Point><position>4441</position><in_Quantity.quantity>0.000000</in_Quantity.quantity><out_Quantity.quantity>2.826557</out_Quantity.quantity></Point><Point><position>4442</position><in_Quantity.quantity>0.000000</in_Quantity.quantity><out_Quantity.quantity>1.819680</out_Quantity.quantity></Point><Point><position>4443</position><in_Quantity.quantity>0.000000</in_Quantity.quantity><out_Quantity.quantity>334.312358</out_Quantity.quantity></Point><Point><position>4444</position><in_Quantity.quantity>0.000000</in_Quantity.quantity><out_Quantity.quantity>483.380391</out_Quantity.quantity></Point><Point><position>4445</position><in_Quantity.quantity>0.000000</in_Quantity.quantity><out_Quantity.quantity>635.824860</out_Quantity.quantity></Point><Point><position>4446</position><in_Quantity.quantity>0.000000</in_Quantity.quantity><out_Quantity.quantity>316.296837</out_Quantity.quantity></Point><Point><position>4447</position><in_Quantity.quantity>0.000000</in_Quantity.quantity><out_Quantity.quantity>877.982860</out_Quantity.quantity></Point><Point><position>4448</position><in_Quantity.quantity>0.000000</in_Quantity.quantity><out_Quantity.quantity>718.264590</out_Quantity.quantity></Point><Point><position>4449</position><in_Quantity.quantity>0.000000</in_Quantity.quantity><out_Quantity.quantity>601.819782</out_Quantity.quantity></Point><Point><position>4450</position><in_Quantity.quantity>0.000000</in_Quantity.quantity><out_Quantity.quantity>419.622274</out_Quantity.quantity></Point><Point><position>4451</position><in_Quantity.quantity>0.000000</in_Quantity.quantity><out_Quantity.quantity>174.363693</out_Quantity.quantity></Point><Point><position>4452</position><in_Quantity.quantity>0.000000</in_Quantity.quantity><out_Quantity.quantity>66.135514</out_Quantity.quantity></Point><Point><position>4453</position><in_Quantity.quantity>0.000000</in_Quantity.quantity><out_Quantity.quantity>226.935018</out_Quantity.quantity></Point><Point><position>4454</position><in_Quantity.quantity>0.000000</in_Quantity.quantity><out_Quantity.quantity>322.449867</out_Quantity.quantity></Point><Point><position>4455</position><in_Quantity.quantity>0.000000</in_Quantity.quantity><out_Quantity.quantity>251.685089</out_Quantity.quantity></Point><Point><position>4456</position><in_Quantity.quantity>0.000000</in_Quantity.quantity><out_Quantity.quantity>190.261508</out_Quantity.quantity></Point><Point><position>4457</position><in_Quantity.quantity>0.000000</in_Quantity.quantity><out_Quantity.quantity>771.095504</out_Quantity.quantity></Point><Point><position>4458</position><in_Quantity.quantity>0.000000</in_Quantity.quantity><out_Quantity.quantity>686.337710</out_Quantity.quantity></Point><Point><position>4459</position><in_Quantity.quantity>0.000000</in_Quantity.quantity><out_Quantity.quantity>138.277030</out_Quantity.quantity></Point><Point><position>4460</position><in_Quantity.quantity>0.000000</in_Quantity.quantity><out_Quantity.quantity>798.859888</out_Quantity.quantity></Point><Point><position>4461</position><in_Quantity.quantity>0.000000</in_Quantity.quantity><out_Quantity.quantity>213.134462</out_Quantity.quantity></Point><Point><position>4462</position><in_Quantity.quantity>0.000000</in_Quantity.quantity><out_Quantity.quantity>124.543840</out_Quantity.quantity></Point><Point><position>4463</position><in_Quantity.quantity>0.000000</in_Quantity.quantity><out_Quantity.quantity>358.076216</out_Quantity.quantity></Point><Point><position>4464</position><in_Quantity.quantity>0.000000</in_Quantity.quantity><out_Quantity.quantity>147.440019</out_Quantity.quantity></Point><Point><position>4465</position><in_Quantity.quantity>0.000000</in_Quantity.quantity><out_Quantity.quantity>264.321774</out_Quantity.quantity></Point><Point><position>4466</position><in_Quantity.quantity>0.000000</in_Quantity.quantity><out_Quantity.quantity>564.398656</out_Quantity.quantity></Point><Point><position>4467</position><in_Quantity.quantity>0.000000</in_Quantity.quantity><out_Quantity.quantity>411.337390</out_Quantity.quantity></Point><Point><position>4468</position><in_Quantity.quantity>0.000000</in_Quantity.quantity><out_Quantity.quantity>64.869756</out_Quantity.quantity></Point><Point><position>4469</position><in_Quantity.quantity>0.000000</in_Quantity.quantity><out_Quantity.quantity>171.027769</out_Quantity.quantity></Point><Point><position>4470</position><in_Quantity.quantity>0.000000</in_Quantity.quantity><out_Quantity.quantity>229.199392</out_Quantity.quantity></Point><Point><position>4471</position><in_Quantity.quantity>0.000000</in_Quantity.quantity><out_Quantity.quantity>560.422564</out_Quantity.quantity></Point><Point><position>4472</position><in_Quantity.quantity>0.000000</in_Quantity.quantity><out_Quantity.quantity>281.724020</out_Quantity.quantity></Point><Point><position>4473</position><in_Quantity.quantity>0.000000</in_Quantity.quantity><out_Quantity.quantity>313.018023</out_Quantity.quantity></Point><Point><position>4474</position><in_Quantity.quantity>0.000000</in_Quantity.quantity><out_Quantity.quantity>651.506202</out_Quantity.quantity></Point><Point><position>4475</position><in_Quantity.quantity>0.000000</in_Quantity.quantity><out_Quantity.quantity>67.252271</out_Quantity.quantity></Point><Point><position>4476</position><in_Quantity.quantity>0.000000</in_Quantity.quantity><out_Quantity.quantity>565.564272</out_Quantity.quantity></Point><Point><position>4477</position><in_Quantity.quantity>0.000000</in_Quantity.quantity><out_Quantity.quantity>29.843725</out_Quantity.quantity></Point><Point><position>4478</position><in_Quantity.quantity>0.000000</in_Quantity.quantity><out_Quantity.quantity>85.007393</out_Quantity.quantity></Point><Point><position>4479</position><in_Quantity.quantity>0.000000</in_Quantity.quantity><out_Quantity.quantity>543.826078</out_Quantity.quantity></Point><Point><position>4480</position><in_Quantity.quantity>0.000000</in_Quantity.quantity><out_Quantity.quantity>169.625405</out_Quantity.quantity></Point><Point><position>4481</position><in_Quantity.quantity>0.000000</in_Quantity.quantity><out_Quantity.quantity>553.608336</out_Quantity.quantity></Point><Point><position>4482</position><in_Quantity.quantity>0.000000</in_Quantity.quantity><out_Quantity.quantity>990.364194</out_Quantity.quantity></Point><Point><position>4483</position><in_Quantity.quantity>0.000000</in_Quantity.quantity><out_Quantity.quantity>480.538748</out_Quantity.quantity></Point><Point><position>4484</position><in_Quantity.quantity>0.000000</in_Quantity.quantity><out_Quantity.quantity>429.118876</out_Quantity.quantity></Point><Point><position>4485</position><in_Quantity.quantity>0.000000</in_Quantity.quantity><out_Quantity.quantity>597.553329</out_Quantity.quantity></Point><Point><position>4486</position><in_Quantity.quantity>0.000000</in_Quantity.quantity><out_Quantity.quantity>155.258450</out_Quantity.quantity></Point><Point><position>4487</position><in_Quantity.quantity>0.000000</in_Quantity.quantity><out_Quantity.quantity>134.184350</out_Quantity.quantity></Point><Point><position>4488</position><in_Quantity.quantity>0.000000</in_Quantity.quantity><out_Quantity.quantity>229.418061</out_Quantity.quantity></Point><Point><position>4489</position><in_Quantity.quantity>0.000000</in_Quantity.quantity><out_Quantity.quantity>134.693432</out_Quantity.quantity></Point><Point><position>4490</position><in_Quantity.quantity>0.000000</in_Quantity.quantity><out_Quantity.quantity>459.923087</out_Quantity.quantity></Point><Point><position>4491</position><in_Quantity.quantity>0.000000</in_Quantity.quantity><out_Quantity.quantity>826.102799</out_Quantity.quantity></Point><Point><position>4492</position><in_Quantity.quantity>0.000000</in_Quantity.quantity><out_Quantity.quantity>864.006151</out_Quantity.quantity></Point><Point><position>4493</position><in_Quantity.quantity>0.000000</in_Quantity.quantity><out_Quantity.quantity>546.793043</out_Quantity.quantity></Point><Point><position>4494</position><in_Quantity.quantity>0.000000</in_Quantity.quantity><out_Quantity.quantity>343.156821</out_Quantity.quantity></Point><Point><position>4495</position><in_Quantity.quantity>0.000000</in_Quantity.quantity><out_Quantity.quantity>566.556977</out_Quantity.quantity></Point><Point><position>4496</position><in_Quantity.quantity>0.000000</in_Quantity.quantity><out_Quantity.quantity>683.832261</out_Quantity.quantity></Point><Point><position>4497</position><in_Quantity.quantity>0.000000</in_Quantity.quantity><out_Quantity.quantity>420.836722</out_Quantity.quantity></Point><Point><position>4498</position><in_Quantity.quantity>0.000000</in_Quantity.quantity><out_Quantity.quantity>284.664315</out_Quantity.quantity></Point><Point><position>4499</position><in_Quantity.quantity>0.000000</in_Quantity.quantity><out_Quantity.quantity>55.657401</out_Quantity.quantity></Point><Point><position>4500</position><in_Quantity.quantity>0.000000</in_Quantity.quantity><out_Quantity.quantity>426.160255</out_Quantity.quantity></Point><Point><position>4501</position><in_Quantity.quantity>0.000000</in_Quantity.quantity><out_Quantity.quantity>422.266836</out_Quantity.quantity></Point><Point><position>4502</position><in_Quantity.quantity>0.000000</in_Quantity.quantity><out_Quantity.quantity>212.278206</out_Quantity.quantity></Point><Point><position>4503</position><in_Quantity.quantity>0.000000</in_Quantity.quantity><out_Quantity.quantity>556.634592</out_Quantity.quantity></Point><Point><position>4504</position><in_Quantity.quantity>0.000000</in_Quantity.quantity><out_Quantity.quantity>869.024731</out_Quantity.quantity></Point><Point><position>4505</position><in_Quantity.quantity>0.000000</in_Quantity.quantity><out_Quantity.quantity>48.383152</out_Quantity.quantity></Point><Point><position>4506</position><in_Quantity.quantity>0.000000</in_Quantity.quantity><out_Quantity.quantity>83.502190</out_Quantity.quantity></Point><Point><position>4507</position><in_Quantity.quantity>0.000000</in_Quantity.quantity><out_Quantity.quantity>380.498270</out_Quantity.quantity></Point><Point><position>4508</position><in_Quantity.quantity>0.000000</in_Quantity.quantity><out_Quantity.quantity>297.150816</out_Quantity.quantity></Point><Point><position>4509</position><in_Quantity.quantity>0.000000</in_Quantity.quantity><out_Quantity.quantity>337.117974</out_Quantity.quantity></Point><Point><position>4510</position><in_Quantity.quantity>0.000000</in_Quantity.quantity><out_Quantity.quantity>285.826090</out_Quantity.quantity></Point><Point><position>4511</position><in_Quantity.quantity>0.000000</in_Quantity.quantity><out_Quantity.quantity>125.344379</out_Quantity.quantity></Point><Point><position>4512</position><in_Quantity.quantity>0.000000</in_Quantity.quantity><out_Quantity.quantity>564.876593</out_Quantity.quantity></Point><Point><position>4513</position><in_Quantity.quantity>0.000000</in_Quantity.quantity><out_Quantity.quantity>770.875369</out_Quantity.quantity></Point><Point><position>4514</position><in_Quantity.quantity>0.000000</in_Quantity.quantity><out_Quantity.quantity>47.481494</out_Quantity.quantity></Point><Point><position>4515</position><in_Quantity.quantity>0.000000</in_Quantity.quantity><out_Quantity.quantity>789.075364</out_Quantity.quantity></Point><Point><position>4516</position><in_Quantity.quantity>0.000000</in_Quantity.quantity><out_Quantity.quantity>147.410288</out_Quantity.quantity></Point><Point><position>4517</position><in_Quantity.quantity>0.000000</in_Quantity.quantity><out_Quantity.quantity>755.432825</out_Quantity.quantity></Point><Point><position>4518</position><in_Quantity.quantity>0.000000</in_Quantity.quantity><out_Quantity.quantity>442.496720</out_Quantity.quantity></Point><Point><position>4519</position><in_Quantity.quantity>0.000000</in_Quantity.quantity><out_Quantity.quantity>898.428687</out_Quantity.quantity></Point><Point><position>4520</position><in_Quantity.quantity>0.000000</in_Quantity.quantity><out_Quantity.quantity>16.050629</out_Quantity.quantity></Point><Point><position>4521</position><in_Quantity.quantity>0.000000</in_Quantity.quantity><out_Quantity.quantity>516.705920</out_Quantity.quantity></Point><Point><position>4522</position><in_Quantity.quantity>0.000000</in_Quantity.quantity><out_Quantity.quantity>526.328296</out_Quantity.quantity></Point><Point><position>4523</position><in_Quantity.quantity>0.000000</in_Quantity.quantity><out_Quantity.quantity>2.844205</out_Quantity.quantity></Point><Point><position>4524</position><in_Quantity.quantity>0.000000</in_Quantity.quantity><out_Quantity.quantity>889.416608</out_Quantity.quantity></Point><Point><position>4525</position><in_Quantity.quantity>0.000000</in_Quantity.quantity><out_Quantity.quantity>393.067206</out_Quantity.quantity></Point><Point><position>4526</position><in_Quantity.quantity>0.000000</in_Quantity.quantity><out_Quantity.quantity>6.062888</out_Quantity.quantity></Point><Point><position>4527</position><in_Quantity.quantity>0.000000</in_Quantity.quantity><out_Quantity.quantity>705.261793</out_Quantity.quantity></Point><Point><position>4528</position><in_Quantity.quantity>0.000000</in_Quantity.quantity><out_Quantity.quantity>937.609607</out_Quantity.quantity></Point><Point><position>4529</position><in_Quantity.quantity>0.000000</in_Quantity.quantity><out_Quantity.quantity>583.656568</out_Quantity.quantity></Point><Point><position>4530</position><in_Quantity.quantity>0.000000</in_Quantity.quantity><out_Quantity.quantity>422.501379</out_Quantity.quantity></Point><Point><position>4531</position><in_Quantity.quantity>0.000000</in_Quantity.quantity><out_Quantity.quantity>856.458595</out_Quantity.quantity></Point><Point><position>4532</position><in_Quantity.quantity>0.000000</in_Quantity.quantity><out_Quantity.quantity>866.050729</out_Quantity.quantity></Point><Point><position>4533</position><in_Quantity.quantity>0.000000</in_Quantity.quantity><out_Quantity.quantity>784.100103</out_Quantity.quantity></Point><Point><position>4534</position><in_Quantity.quantity>0.000000</in_Quantity.quantity><out_Quantity.quantity>839.006242</out_Quantity.quantity></Point><Point><position>4535</position><in_Quantity.quantity>0.000000</in_Quantity.quantity><out_Quantity.quantity>427.412795</out_Quantity.quantity></Point><Point><position>4536</position><in_Quantity.quantity>0.000000</in_Quantity.quantity><out_Quantity.quantity>737.428974</out_Quantity.quantity></Point><Point><position>4537</position><in_Quantity.quantity>0.000000</in_Quantity.quantity><out_Quantity.quantity>210.777100</out_Quantity.quantity></Point><Point><position>4538</position><in_Quantity.quantity>0.000000</in_Quantity.quantity><out_Quantity.quantity>738.847867</out_Quantity.quantity></Point><Point><position>4539</position><in_Quantity.quantity>0.000000</in_Quantity.quantity><out_Quantity.quantity>382.430235</out_Quantity.quantity></Point><Point><position>4540</position><in_Quantity.quantity>0.000000</in_Quantity.quantity><out_Quantity.quantity>469.588034</out_Quantity.quantity></Point><Point><position>4541</position><in_Quantity.quantity>0.000000</in_Quantity.quantity><out_Quantity.quantity>316.174570</out_Quantity.quantity></Point><Point><position>4542</position><in_Quantity.quantity>0.000000</in_Quantity.quantity><out_Quantity.quantity>87.722102</out_Quantity.quantity></Point><Point><position>4543</position><in_Quantity.quantity>0.000000</in_Quantity.quantity><out_Quantity.quantity>377.768903</out_Quantity.quantity></Point><Point><position>4544</position><in_Quantity.quantity>0.000000</in_Quantity.quantity><out_Quantity.quantity>615.979197</out_Quantity.quantity></Point><Point><position>4545</position><in_Quantity.quantity>0.000000</in_Quantity.quantity><out_Quantity.quantity>543.818252</out_Quantity.quantity></Point><Point><position>4546</position><in_Quantity.quantity>0.000000</in_Quantity.quantity><out_Quantity.quantity>133.352888</out_Quantity.quantity></Point><Point><position>4547</position><in_Quantity.quantity>0.000000</in_Quantity.quantity><out_Quantity.quantity>398.628399</out_Quantity.quantity></Point><Point><position>4548</position><in_Quantity.quantity>0.000000</in_Quantity.quantity><out_Quantity.quantity>468.764984</out_Quantity.quantity></Point><Point><position>4549</position><in_Quantity.quantity>0.000000</in_Quantity.quantity><out_Quantity.quantity>71.905744</out_Quantity.quantity></Point><Point><position>4550</position><in_Quantity.quantity>0.000000</in_Quantity.quantity><out_Quantity.quantity>979.490239</out_Quantity.quantity></Point><Point><position>4551</position><in_Quantity.quantity>0.000000</in_Quantity.quantity><out_Quantity.quantity>437.748688</out_Quantity.quantity></Point><Point><position>4552</position><in_Quantity.quantity>0.000000</in_Quantity.quantity><out_Quantity.quantity>843.712576</out_Quantity.quantity></Point><Point><position>4553</position><in_Quantity.quantity>0.000000</in_Quantity.quantity><out_Quantity.quantity>11.289785</out_Quantity.quantity></Point><Point><position>4554</position><in_Quantity.quantity>0.000000</in_Quantity.quantity><out_Quantity.quantity>375.181144</out_Quantity.quantity></Point><Point><position>4555</position><in_Quantity.quantity>0.000000</in_Quantity.quantity><out_Quantity.quantity>19.188045</out_Quantity.quantity></Point><Point><position>4556</position><in_Quantity.quantity>0.000000</in_Quantity.quantity><out_Quantity.quantity>978.216933</out_Quantity.quantity></Point><Point><position>4557</position><in_Quantity.quantity>0.000000</in_Quantity.quantity><out_Quantity.quantity>465.441646</out_Quantity.quantity></Point><Point><position>4558</position><in_Quantity.quantity>0.000000</in_Quantity.quantity><out_Quantity.quantity>361.116002</out_Quantity.quantity></Point><Point><position>4559</position><in_Quantity.quantity>0.000000</in_Quantity.quantity><out_Quantity.quantity>377.296605</out_Quantity.quantity></Point><Point><position>4560</position><in_Quantity.quantity>0.000000</in_Quantity.quantity><out_Quantity.quantity>714.080446</out_Quantity.quantity></Point><Point><position>4561</position><in_Quantity.quantity>0.000000</in_Quantity.quantity><out_Quantity.quantity>32.901863</out_Quantity.quantity></Point><Point><position>4562</position><in_Quantity.quantity>0.000000</in_Quantity.quantity><out_Quantity.quantity>584.840672</out_Quantity.quantity></Point><Point><position>4563</position><in_Quantity.quantity>0.000000</in_Quantity.quantity><out_Quantity.quantity>700.437888</out_Quantity.quantity></Point><Point><position>4564</position><in_Quantity.quantity>0.000000</in_Quantity.quantity><out_Quantity.quantity>360.805504</out_Quantity.quantity></Point><Point><position>4565</position><in_Quantity.quantity>0.000000</in_Quantity.quantity><out_Quantity.quantity>424.276113</out_Quantity.quantity></Point><Point><position>4566</position><in_Quantity.quantity>0.000000</in_Quantity.quantity><out_Quantity.quantity>748.735110</out_Quantity.quantity></Point><Point><position>4567</position><in_Quantity.quantity>0.000000</in_Quantity.quantity><out_Quantity.quantity>857.506315</out_Quantity.quantity></Point><Point><position>4568</position><in_Quantity.quantity>0.000000</in_Quantity.quantity><out_Quantity.quantity>377.428190</out_Quantity.quantity></Point><Point><position>4569</position><in_Quantity.quantity>0.000000</in_Quantity.quantity><out_Quantity.quantity>95.027949</out_Quantity.quantity></Point><Point><position>4570</position><in_Quantity.quantity>0.000000</in_Quantity.quantity><out_Quantity.quantity>609.900403</out_Quantity.quantity></Point><Point><position>4571</position><in_Quantity.quantity>0.000000</in_Quantity.quantity><out_Quantity.quantity>875.228041</out_Quantity.quantity></Point><Point><position>4572</position><in_Quantity.quantity>0.000000</in_Quantity.quantity><out_Quantity.quantity>492.101187</out_Quantity.quantity></Point><Point><position>4573</position><in_Quantity.quantity>0.000000</in_Quantity.quantity><out_Quantity.quantity>49.882656</out_Quantity.quantity></Point><Point><position>4574</position><in_Quantity.quantity>0.000000</in_Quantity.quantity><out_Quantity.quantity>206.007174</out_Quantity.quantity></Point><Point><position>4575</position><in_Quantity.quantity>0.000000</in_Quantity.quantity><out_Quantity.quantity>971.204114</out_Quantity.quantity></Point><Point><position>4576</position><in_Quantity.quantity>0.000000</in_Quantity.quantity><out_Quantity.quantity>19.555162</out_Quantity.quantity></Point><Point><position>4577</position><in_Quantity.quantity>0.000000</in_Quantity.quantity><out_Quantity.quantity>247.725947</out_Quantity.quantity></Point><Point><position>4578</position><in_Quantity.quantity>0.000000</in_Quantity.quantity><out_Quantity.quantity>680.339012</out_Quantity.quantity></Point><Point><position>4579</position><in_Quantity.quantity>0.000000</in_Quantity.quantity><out_Quantity.quantity>661.607398</out_Quantity.quantity></Point><Point><position>4580</position><in_Quantity.quantity>0.000000</in_Quantity.quantity><out_Quantity.quantity>817.890890</out_Quantity.quantity></Point><Point><position>4581</position><in_Quantity.quantity>0.000000</in_Quantity.quantity><out_Quantity.quantity>423.519276</out_Quantity.quantity></Point><Point><position>4582</position><in_Quantity.quantity>0.000000</in_Quantity.quantity><out_Quantity.quantity>902.204310</out_Quantity.quantity></Point><Point><position>4583</position><in_Quantity.quantity>0.000000</in_Quantity.quantity><out_Quantity.quantity>151.633661</out_Quantity.quantity></Point><Point><position>4584</position><in_Quantity.quantity>0.000000</in_Quantity.quantity><out_Quantity.quantity>460.208476</out_Quantity.quantity></Point><Point><position>4585</position><in_Quantity.quantity>0.000000</in_Quantity.quantity><out_Quantity.quantity>91.386749</out_Quantity.quantity></Point><Point><position>4586</position><in_Quantity.quantity>0.000000</in_Quantity.quantity><out_Quantity.quantity>505.920730</out_Quantity.quantity></Point><Point><position>4587</position><in_Quantity.quantity>0.000000</in_Quantity.quantity><out_Quantity.quantity>181.735970</out_Quantity.quantity></Point><Point><position>4588</position><in_Quantity.quantity>0.000000</in_Quantity.quantity><out_Quantity.quantity>3.194376</out_Quantity.quantity></Point><Point><position>4589</position><in_Quantity.quantity>0.000000</in_Quantity.quantity><out_Quantity.quantity>55.993103</out_Quantity.quantity></Point><Point><position>4590</position><in_Quantity.quantity>0.000000</in_Quantity.quantity><out_Quantity.quantity>269.660691</out_Quantity.quantity></Point><Point><position>4591</position><in_Quantity.quantity>0.000000</in_Quantity.quantity><out_Quantity.quantity>88.376111</out_Quantity.quantity></Point><Point><position>4592</position><in_Quantity.quantity>0.000000</in_Quantity.quantity><out_Quantity.quantity>529.362223</out_Quantity.quantity></Point><Point><position>4593</position><in_Quantity.quantity>0.000000</in_Quantity.quantity><out_Quantity.quantity>845.559153</out_Quantity.quantity></Point><Point><position>4594</position><in_Quantity.quantity>0.000000</in_Quantity.quantity><out_Quantity.quantity>67.806567</out_Quantity.quantity></Point><Point><position>4595</position><in_Quantity.quantity>0.000000</in_Quantity.quantity><out_Quantity.quantity>311.305168</out_Quantity.quantity></Point><Point><position>4596</position><in_Quantity.quantity>0.000000</in_Quantity.quantity><out_Quantity.quantity>950.294894</out_Quantity.quantity></Point><Point><position>4597</position><in_Quantity.quantity>0.000000</in_Quantity.quantity><out_Quantity.quantity>393.818235</out_Quantity.quantity></Point><Point><position>4598</position><in_Quantity.quantity>0.000000</in_Quantity.quantity><out_Quantity.quantity>344.010024</out_Quantity.quantity></Point><Point><position>4599</position><in_Quantity.quantity>0.000000</in_Quantity.quantity><out_Quantity.quantity>346.372339</out_Quantity.quantity></Point><Point><position>4600</position><in_Quantity.quantity>0.000000</in_Quantity.quantity><out_Quantity.quantity>155.371190</out_Quantity.quantity></Point><Point><position>4601</position><in_Quantity.quantity>0.000000</in_Quantity.quantity><out_Quantity.quantity>341.640938</out_Quantity.quantity></Point><Point><position>4602</position><in_Quantity.quantity>0.000000</in_Quantity.quantity><out_Quantity.quantity>241.189865</out_Quantity.quantity></Point><Point><position>4603</position><in_Quantity.quantity>0.000000</in_Quantity.quantity><out_Quantity.quantity>970.613467</out_Quantity.quantity></Point><Point><position>4604</position><in_Quantity.quantity>0.000000</in_Quantity.quantity><out_Quantity.quantity>957.502533</out_Quantity.quantity></Point><Point><position>4605</position><in_Quantity.quantity>0.000000</in_Quantity.quantity><out_Quantity.quantity>667.312164</out_Quantity.quantity></Point><Point><position>4606</position><in_Quantity.quantity>0.000000</in_Quantity.quantity><out_Quantity.quantity>595.060043</out_Quantity.quantity></Point><Point><position>4607</position><in_Quantity.quantity>0.000000</in_Quantity.quantity><out_Quantity.quantity>841.531686</out_Quantity.quantity></Point><Point><position>4608</position><in_Quantity.quantity>0.000000</in_Quantity.quantity><out_Quantity.quantity>791.524418</out_Quantity.quantity></Point><Point><position>4609</position><in_Quantity.quantity>0.000000</in_Quantity.quantity><out_Quantity.quantity>114.590528</out_Quantity.quantity></Point><Point><position>4610</position><in_Quantity.quantity>0.000000</in_Quantity.quantity><out_Quantity.quantity>679.637886</out_Quantity.quantity></Point><Point><position>4611</position><in_Quantity.quantity>0.000000</in_Quantity.quantity><out_Quantity.quantity>227.330145</out_Quantity.quantity></Point><Point><position>4612</position><in_Quantity.quantity>0.000000</in_Quantity.quantity><out_Quantity.quantity>271.702871</out_Quantity.quantity></Point><Point><position>4613</position><in_Quantity.quantity>0.000000</in_Quantity.quantity><out_Quantity.quantity>70.872086</out_Quantity.quantity></Point><Point><position>4614</position><in_Quantity.quantity>0.000000</in_Quantity.quantity><out_Quantity.quantity>451.572349</out_Quantity.quantity></Point><Point><position>4615</position><in_Quantity.quantity>0.000000</in_Quantity.quantity><out_Quantity.quantity>43.509804</out_Quantity.quantity></Point><Point><position>4616</position><in_Quantity.quantity>0.000000</in_Quantity.quantity><out_Quantity.quantity>420.932896</out_Quantity.quantity></Point><Point><position>4617</position><in_Quantity.quantity>0.000000</in_Quantity.quantity><out_Quantity.quantity>837.705760</out_Quantity.quantity></Point><Point><position>4618</position><in_Quantity.quantity>0.000000</in_Quantity.quantity><out_Quantity.quantity>426.118397</out_Quantity.quantity></Point><Point><position>4619</position><in_Quantity.quantity>0.000000</in_Quantity.quantity><out_Quantity.quantity>877.532993</out_Quantity.quantity></Point><Point><position>4620</position><in_Quantity.quantity>0.000000</in_Quantity.quantity><out_Quantity.quantity>106.523748</out_Quantity.quantity></Point><Point><position>4621</position><in_Quantity.quantity>0.000000</in_Quantity.quantity><out_Quantity.quantity>732.709041</out_Quantity.quantity></Point><Point><position>4622</position><in_Quantity.quantity>0.000000</in_Quantity.quantity><out_Quantity.quantity>90.659231</out_Quantity.quantity></Point><Point><position>4623</position><in_Quantity.quantity>0.000000</in_Quantity.quantity><out_Quantity.quantity>319.533617</out_Quantity.quantity></Point><Point><position>4624</position><in_Quantity.quantity>0.000000</in_Quantity.quantity><out_Quantity.quantity>186.899696</out_Quantity.quantity></Point><Point><position>4625</position><in_Quantity.quantity>0.000000</in_Quantity.quantity><out_Quantity.quantity>640.228791</out_Quantity.quantity></Point><Point><position>4626</position><in_Quantity.quantity>0.000000</in_Quantity.quantity><out_Quantity.quantity>829.552719</out_Quantity.quantity></Point><Point><position>4627</position><in_Quantity.quantity>0.000000</in_Quantity.quantity><out_Quantity.quantity>489.673526</out_Quantity.quantity></Point><Point><position>4628</position><in_Quantity.quantity>0.000000</in_Quantity.quantity><out_Quantity.quantity>447.986201</out_Quantity.quantity></Point><Point><position>4629</position><in_Quantity.quantity>0.000000</in_Quantity.quantity><out_Quantity.quantity>271.045487</out_Quantity.quantity></Point><Point><position>4630</position><in_Quantity.quantity>0.000000</in_Quantity.quantity><out_Quantity.quantity>829.608005</out_Quantity.quantity></Point><Point><position>4631</position><in_Quantity.quantity>0.000000</in_Quantity.quantity><out_Quantity.quantity>647.165427</out_Quantity.quantity></Point><Point><position>4632</position><in_Quantity.quantity>0.000000</in_Quantity.quantity><out_Quantity.quantity>548.432352</out_Quantity.quantity></Point><Point><position>4633</position><in_Quantity.quantity>0.000000</in_Quantity.quantity><out_Quantity.quantity>818.125530</out_Quantity.quantity></Point><Point><position>4634</position><in_Quantity.quantity>0.000000</in_Quantity.quantity><out_Quantity.quantity>710.119784</out_Quantity.quantity></Point><Point><position>4635</position><in_Quantity.quantity>0.000000</in_Quantity.quantity><out_Quantity.quantity>456.900452</out_Quantity.quantity></Point><Point><position>4636</position><in_Quantity.quantity>0.000000</in_Quantity.quantity><out_Quantity.quantity>690.084507</out_Quantity.quantity></Point><Point><position>4637</position><in_Quantity.quantity>0.000000</in_Quantity.quantity><out_Quantity.quantity>805.240224</out_Quantity.quantity></Point><Point><position>4638</position><in_Quantity.quantity>0.000000</in_Quantity.quantity><out_Quantity.quantity>872.059212</out_Quantity.quantity></Point><Point><position>4639</position><in_Quantity.quantity>0.000000</in_Quantity.quantity><out_Quantity.quantity>852.717086</out_Quantity.quantity></Point><Point><position>4640</position><in_Quantity.quantity>0.000000</in_Quantity.quantity><out_Quantity.quantity>690.439348</out_Quantity.quantity></Point><Point><position>4641</position><in_Quantity.quantity>0.000000</in_Quantity.quantity><out_Quantity.quantity>322.133926</out_Quantity.quantity></Point><Point><position>4642</position><in_Quantity.quantity>0.000000</in_Quantity.quantity><out_Quantity.quantity>476.120213</out_Quantity.quantity></Point><Point><position>4643</position><in_Quantity.quantity>0.000000</in_Quantity.quantity><out_Quantity.quantity>837.106736</out_Quantity.quantity></Point><Point><position>4644</position><in_Quantity.quantity>0.000000</in_Quantity.quantity><out_Quantity.quantity>493.781414</out_Quantity.quantity></Point><Point><position>4645</position><in_Quantity.quantity>0.000000</in_Quantity.quantity><out_Quantity.quantity>57.800904</out_Quantity.quantity></Point><Point><position>4646</position><in_Quantity.quantity>0.000000</in_Quantity.quantity><out_Quantity.quantity>580.769433</out_Quantity.quantity></Point><Point><position>4647</position><in_Quantity.quantity>0.000000</in_Quantity.quantity><out_Quantity.quantity>997.952184</out_Quantity.quantity></Point><Point><position>4648</position><in_Quantity.quantity>0.000000</in_Quantity.quantity><out_Quantity.quantity>878.703906</out_Quantity.quantity></Point><Point><position>4649</position><in_Quantity.quantity>0.000000</in_Quantity.quantity><out_Quantity.quantity>348.367459</out_Quantity.quantity></Point><Point><position>4650</position><in_Quantity.quantity>0.000000</in_Quantity.quantity><out_Quantity.quantity>690.740355</out_Quantity.quantity></Point><Point><position>4651</position><in_Quantity.quantity>0.000000</in_Quantity.quantity><out_Quantity.quantity>580.040891</out_Quantity.quantity></Point><Point><position>4652</position><in_Quantity.quantity>0.000000</in_Quantity.quantity><out_Quantity.quantity>782.358814</out_Quantity.quantity></Point><Point><position>4653</position><in_Quantity.quantity>0.000000</in_Quantity.quantity><out_Quantity.quantity>308.849329</out_Quantity.quantity></Point><Point><position>4654</position><in_Quantity.quantity>0.000000</in_Quantity.quantity><out_Quantity.quantity>562.525444</out_Quantity.quantity></Point><Point><position>4655</position><in_Quantity.quantity>0.000000</in_Quantity.quantity><out_Quantity.quantity>121.604265</out_Quantity.quantity></Point><Point><position>4656</position><in_Quantity.quantity>0.000000</in_Quantity.quantity><out_Quantity.quantity>619.614410</out_Quantity.quantity></Point><Point><position>4657</position><in_Quantity.quantity>0.000000</in_Quantity.quantity><out_Quantity.quantity>964.084194</out_Quantity.quantity></Point><Point><position>4658</position><in_Quantity.quantity>0.000000</in_Quantity.quantity><out_Quantity.quantity>295.779812</out_Quantity.quantity></Point><Point><position>4659</position><in_Quantity.quantity>0.000000</in_Quantity.quantity><out_Quantity.quantity>770.638633</out_Quantity.quantity></Point><Point><position>4660</position><in_Quantity.quantity>0.000000</in_Quantity.quantity><out_Quantity.quantity>99.683935</out_Quantity.quantity></Point><Point><position>4661</position><in_Quantity.quantity>0.000000</in_Quantity.quantity><out_Quantity.quantity>709.167304</out_Quantity.quantity></Point><Point><position>4662</position><in_Quantity.quantity>0.000000</in_Quantity.quantity><out_Quantity.quantity>757.536342</out_Quantity.quantity></Point><Point><position>4663</position><in_Quantity.quantity>0.000000</in_Quantity.quantity><out_Quantity.quantity>291.812897</out_Quantity.quantity></Point><Point><position>4664</position><in_Quantity.quantity>0.000000</in_Quantity.quantity><out_Quantity.quantity>730.346139</out_Quantity.quantity></Point><Point><position>4665</position><in_Quantity.quantity>0.000000</in_Quantity.quantity><out_Quantity.quantity>945.342925</out_Quantity.quantity></Point><Point><position>4666</position><in_Quantity.quantity>0.000000</in_Quantity.quantity><out_Quantity.quantity>336.665044</out_Quantity.quantity></Point><Point><position>4667</position><in_Quantity.quantity>0.000000</in_Quantity.quantity><out_Quantity.quantity>154.972300</out_Quantity.quantity></Point><Point><position>4668</position><in_Quantity.quantity>0.000000</in_Quantity.quantity><out_Quantity.quantity>303.405527</out_Quantity.quantity></Point><Point><position>4669</position><in_Quantity.quantity>0.000000</in_Quantity.quantity><out_Quantity.quantity>362.248976</out_Quantity.quantity></Point><Point><position>4670</position><in_Quantity.quantity>0.000000</in_Quantity.quantity><out_Quantity.quantity>789.700929</out_Quantity.quantity></Point><Point><position>4671</position><in_Quantity.quantity>0.000000</in_Quantity.quantity><out_Quantity.quantity>374.947479</out_Quantity.quantity></Point><Point><position>4672</position><in_Quantity.quantity>0.000000</in_Quantity.quantity><out_Quantity.quantity>922.247421</out_Quantity.quantity></Point><Point><position>4673</position><in_Quantity.quantity>0.000000</in_Quantity.quantity><out_Quantity.quantity>304.144093</out_Quantity.quantity></Point><Point><position>4674</position><in_Quantity.quantity>0.000000</in_Quantity.quantity><out_Quantity.quantity>583.932303</out_Quantity.quantity></Point><Point><position>4675</position><in_Quantity.quantity>0.000000</in_Quantity.quantity><out_Quantity.quantity>555.116702</out_Quantity.quantity></Point><Point><position>4676</position><in_Quantity.quantity>0.000000</in_Quantity.quantity><out_Quantity.quantity>46.551693</out_Quantity.quantity></Point><Point><position>4677</position><in_Quantity.quantity>0.000000</in_Quantity.quantity><out_Quantity.quantity>230.963876</out_Quantity.quantity></Point><Point><position>4678</position><in_Quantity.quantity>0.000000</in_Quantity.quantity><out_Quantity.quantity>106.007355</out_Quantity.quantity></Point><Point><position>4679</position><in_Quantity.quantity>0.000000</in_Quantity.quantity><out_Quantity.quantity>741.846196</out_Quantity.quantity></Point><Point><position>4680</position><in_Quantity.quantity>0.000000</in_Quantity.quantity><out_Quantity.quantity>205.931363</out_Quantity.quantity></Point><Point><position>4681</position><in_Quantity.quantity>0.000000</in_Quantity.quantity><out_Quantity.quantity>632.904086</out_Quantity.quantity></Point><Point><position>4682</position><in_Quantity.quantity>0.000000</in_Quantity.quantity><out_Quantity.quantity>126.066014</out_Quantity.quantity></Point><Point><position>4683</position><in_Quantity.quantity>0.000000</in_Quantity.quantity><out_Quantity.quantity>427.315645</out_Quantity.quantity></Point><Point><position>4684</position><in_Quantity.quantity>0.000000</in_Quantity.quantity><out_Quantity.quantity>124.958176</out_Quantity.quantity></Point><Point><position>4685</position><in_Quantity.quantity>0.000000</in_Quantity.quantity><out_Quantity.quantity>984.650207</out_Quantity.quantity></Point><Point><position>4686</position><in_Quantity.quantity>0.000000</in_Quantity.quantity><out_Quantity.quantity>744.465243</out_Quantity.quantity></Point><Point><position>4687</position><in_Quantity.quantity>0.000000</in_Quantity.quantity><out_Quantity.quantity>305.989097</out_Quantity.quantity></Point><Point><position>4688</position><in_Quantity.quantity>0.000000</in_Quantity.quantity><out_Quantity.quantity>774.697435</out_Quantity.quantity></Point><Point><position>4689</position><in_Quantity.quantity>0.000000</in_Quantity.quantity><out_Quantity.quantity>347.620472</out_Quantity.quantity></Point><Point><position>4690</position><in_Quantity.quantity>0.000000</in_Quantity.quantity><out_Quantity.quantity>839.131112</out_Quantity.quantity></Point><Point><position>4691</position><in_Quantity.quantity>0.000000</in_Quantity.quantity><out_Quantity.quantity>774.395891</out_Quantity.quantity></Point><Point><position>4692</position><in_Quantity.quantity>0.000000</in_Quantity.quantity><out_Quantity.quantity>898.532073</out_Quantity.quantity></Point><Point><position>4693</position><in_Quantity.quantity>0.000000</in_Quantity.quantity><out_Quantity.quantity>31.244640</out_Quantity.quantity></Point><Point><position>4694</position><in_Quantity.quantity>0.000000</in_Quantity.quantity><out_Quantity.quantity>145.727861</out_Quantity.quantity></Point><Point><position>4695</position><in_Quantity.quantity>0.000000</in_Quantity.quantity><out_Quantity.quantity>23.636534</out_Quantity.quantity></Point><Point><position>4696</position><in_Quantity.quantity>0.000000</in_Quantity.quantity><out_Quantity.quantity>742.173374</out_Quantity.quantity></Point><Point><position>4697</position><in_Quantity.quantity>0.000000</in_Quantity.quantity><out_Quantity.quantity>292.856183</out_Quantity.quantity></Point><Point><position>4698</position><in_Quantity.quantity>0.000000</in_Quantity.quantity><out_Quantity.quantity>73.441801</out_Quantity.quantity></Point><Point><position>4699</position><in_Quantity.quantity>0.000000</in_Quantity.quantity><out_Quantity.quantity>885.859492</out_Quantity.quantity></Point><Point><position>4700</position><in_Quantity.quantity>0.000000</in_Quantity.quantity><out_Quantity.quantity>227.736199</out_Quantity.quantity></Point><Point><position>4701</position><in_Quantity.quantity>0.000000</in_Quantity.quantity><out_Quantity.quantity>226.299646</out_Quantity.quantity></Point><Point><position>4702</position><in_Quantity.quantity>0.000000</in_Quantity.quantity><out_Quantity.quantity>475.582977</out_Quantity.quantity></Point><Point><position>4703</position><in_Quantity.quantity>0.000000</in_Quantity.quantity><out_Quantity.quantity>638.663777</out_Quantity.quantity></Point><Point><position>4704</position><in_Quantity.quantity>0.000000</in_Quantity.quantity><out_Quantity.quantity>298.654230</out_Quantity.quantity></Point><Point><position>4705</position><in_Quantity.quantity>0.000000</in_Quantity.quantity><out_Quantity.quantity>246.335258</out_Quantity.quantity></Point><Point><position>4706</position><in_Quantity.quantity>0.000000</in_Quantity.quantity><out_Quantity.quantity>899.047042</out_Quantity.quantity></Point><Point><position>4707</position><in_Quantity.quantity>0.000000</in_Quantity.quantity><out_Quantity.quantity>483.001776</out_Quantity.quantity></Point><Point><position>4708</position><in_Quantity.quantity>0.000000</in_Quantity.quantity><out_Quantity.quantity>128.324951</out_Quantity.quantity></Point><Point><position>4709</position><in_Quantity.quantity>0.000000</in_Quantity.quantity><out_Quantity.quantity>633.935167</out_Quantity.quantity></Point><Point><position>4710</position><in_Quantity.quantity>0.000000</in_Quantity.quantity><out_Quantity.quantity>733.742805</out_Quantity.quantity></Point><Point><position>4711</position><in_Quantity.quantity>0.000000</in_Quantity.quantity><out_Quantity.quantity>479.465384</out_Quantity.quantity></Point><Point><position>4712</position><in_Quantity.quantity>0.000000</in_Quantity.quantity><out_Quantity.quantity>356.014381</out_Quantity.quantity></Point><Point><position>4713</position><in_Quantity.quantity>0.000000</in_Quantity.quantity><out_Quantity.quantity>90.731779</out_Quantity.quantity></Point><Point><position>4714</position><in_Quantity.quantity>0.000000</in_Quantity.quantity><out_Quantity.quantity>639.002465</out_Quantity.quantity></Point><Point><position>4715</position><in_Quantity.quantity>0.000000</in_Quantity.quantity><out_Quantity.quantity>854.292007</out_Quantity.quantity></Point><Point><position>4716</position><in_Quantity.quantity>0.000000</in_Quantity.quantity><out_Quantity.quantity>846.963840</out_Quantity.quantity></Point><Point><position>4717</position><in_Quantity.quantity>0.000000</in_Quantity.quantity><out_Quantity.quantity>413.375225</out_Quantity.quantity></Point><Point><position>4718</position><in_Quantity.quantity>0.000000</in_Quantity.quantity><out_Quantity.quantity>352.452906</out_Quantity.quantity></Point><Point><position>4719</position><in_Quantity.quantity>0.000000</in_Quantity.quantity><out_Quantity.quantity>370.444364</out_Quantity.quantity></Point><Point><position>4720</position><in_Quantity.quantity>0.000000</in_Quantity.quantity><out_Quantity.quantity>915.424822</out_Quantity.quantity></Point><Point><position>4721</position><in_Quantity.quantity>0.000000</in_Quantity.quantity><out_Quantity.quantity>659.510161</out_Quantity.quantity></Point><Point><position>4722</position><in_Quantity.quantity>0.000000</in_Quantity.quantity><out_Quantity.quantity>95.989219</out_Quantity.quantity></Point><Point><position>4723</position><in_Quantity.quantity>0.000000</in_Quantity.quantity><out_Quantity.quantity>491.694310</out_Quantity.quantity></Point><Point><position>4724</position><in_Quantity.quantity>0.000000</in_Quantity.quantity><out_Quantity.quantity>880.710515</out_Quantity.quantity></Point><Point><position>4725</position><in_Quantity.quantity>0.000000</in_Quantity.quantity><out_Quantity.quantity>705.620467</out_Quantity.quantity></Point><Point><position>4726</position><in_Quantity.quantity>0.000000</in_Quantity.quantity><out_Quantity.quantity>846.923996</out_Quantity.quantity></Point><Point><position>4727</position><in_Quantity.quantity>0.000000</in_Quantity.quantity><out_Quantity.quantity>219.303835</out_Quantity.quantity></Point><Point><position>4728</position><in_Quantity.quantity>0.000000</in_Quantity.quantity><out_Quantity.quantity>586.932365</out_Quantity.quantity></Point><Point><position>4729</position><in_Quantity.quantity>0.000000</in_Quantity.quantity><out_Quantity.quantity>944.711608</out_Quantity.quantity></Point><Point><position>4730</position><in_Quantity.quantity>0.000000</in_Quantity.quantity><out_Quantity.quantity>899.572821</out_Quantity.quantity></Point><Point><position>4731</position><in_Quantity.quantity>0.000000</in_Quantity.quantity><out_Quantity.quantity>270.424409</out_Quantity.quantity></Point><Point><position>4732</position><in_Quantity.quantity>0.000000</in_Quantity.quantity><out_Quantity.quantity>659.567617</out_Quantity.quantity></Point><Point><position>4733</position><in_Quantity.quantity>0.000000</in_Quantity.quantity><out_Quantity.quantity>470.628100</out_Quantity.quantity></Point><Point><position>4734</position><in_Quantity.quantity>0.000000</in_Quantity.quantity><out_Quantity.quantity>682.039865</out_Quantity.quantity></Point><Point><position>4735</position><in_Quantity.quantity>0.000000</in_Quantity.quantity><out_Quantity.quantity>509.635230</out_Quantity.quantity></Point><Point><position>4736</position><in_Quantity.quantity>0.000000</in_Quantity.quantity><out_Quantity.quantity>340.307031</out_Quantity.quantity></Point><Point><position>4737</position><in_Quantity.quantity>0.000000</in_Quantity.quantity><out_Quantity.quantity>8.644032</out_Quantity.quantity></Point><Point><position>4738</position><in_Quantity.quantity>0.000000</in_Quantity.quantity><out_Quantity.quantity>603.694132</out_Quantity.quantity></Point><Point><position>4739</position><in_Quantity.quantity>0.000000</in_Quantity.quantity><out_Quantity.quantity>127.460313</out_Quantity.quantity></Point><Point><position>4740</position><in_Quantity.quantity>0.000000</in_Quantity.quantity><out_Quantity.quantity>925.027110</out_Quantity.quantity></Point><Point><position>4741</position><in_Quantity.quantity>0.000000</in_Quantity.quantity><out_Quantity.quantity>506.664311</out_Quantity.quantity></Point><Point><position>4742</position><in_Quantity.quantity>0.000000</in_Quantity.quantity><out_Quantity.quantity>214.577336</out_Quantity.quantity></Point><Point><position>4743</position><in_Quantity.quantity>0.000000</in_Quantity.quantity><out_Quantity.quantity>808.492444</out_Quantity.quantity></Point><Point><position>4744</position><in_Quantity.quantity>0.000000</in_Quantity.quantity><out_Quantity.quantity>850.009582</out_Quantity.quantity></Point><Point><position>4745</position><in_Quantity.quantity>0.000000</in_Quantity.quantity><out_Quantity.quantity>694.929468</out_Quantity.quantity></Point><Point><position>4746</position><in_Quantity.quantity>0.000000</in_Quantity.quantity><out_Quantity.quantity>581.642385</out_Quantity.quantity></Point><Point><position>4747</position><in_Quantity.quantity>0.000000</in_Quantity.quantity><out_Quantity.quantity>190.025599</out_Quantity.quantity></Point><Point><position>4748</position><in_Quantity.quantity>0.000000</in_Quantity.quantity><out_Quantity.quantity>72.357010</out_Quantity.quantity></Point><Point><position>4749</position><in_Quantity.quantity>0.000000</in_Quantity.quantity><out_Quantity.quantity>833.699110</out_Quantity.quantity></Point><Point><position>4750</position><in_Quantity.quantity>0.000000</in_Quantity.quantity><out_Quantity.quantity>849.256952</out_Quantity.quantity></Point><Point><position>4751</position><in_Quantity.quantity>0.000000</in_Quantity.quantity><out_Quantity.quantity>495.852832</out_Quantity.quantity></Point><Point><position>4752</position><in_Quantity.quantity>0.000000</in_Quantity.quantity><out_Quantity.quantity>259.538179</out_Quantity.quantity></Point><Point><position>4753</position><in_Quantity.quantity>0.000000</in_Quantity.quantity><out_Quantity.quantity>556.776133</out_Quantity.quantity></Point><Point><position>4754</position><in_Quantity.quantity>0.000000</in_Quantity.quantity><out_Quantity.quantity>464.642198</out_Quantity.quantity></Point><Point><position>4755</position><in_Quantity.quantity>0.000000</in_Quantity.quantity><out_Quantity.quantity>930.001888</out_Quantity.quantity></Point><Point><position>4756</position><in_Quantity.quantity>0.000000</in_Quantity.quantity><out_Quantity.quantity>299.522348</out_Quantity.quantity></Point><Point><position>4757</position><in_Quantity.quantity>0.000000</in_Quantity.quantity><out_Quantity.quantity>460.065748</out_Quantity.quantity></Point><Point><position>4758</position><in_Quantity.quantity>0.000000</in_Quantity.quantity><out_Quantity.quantity>200.507179</out_Quantity.quantity></Point><Point><position>4759</position><in_Quantity.quantity>0.000000</in_Quantity.quantity><out_Quantity.quantity>851.531918</out_Quantity.quantity></Point><Point><position>4760</position><in_Quantity.quantity>0.000000</in_Quantity.quantity><out_Quantity.quantity>621.020858</out_Quantity.quantity></Point><Point><position>4761</position><in_Quantity.quantity>0.000000</in_Quantity.quantity><out_Quantity.quantity>356.226366</out_Quantity.quantity></Point><Point><position>4762</position><in_Quantity.quantity>0.000000</in_Quantity.quantity><out_Quantity.quantity>290.561949</out_Quantity.quantity></Point><Point><position>4763</position><in_Quantity.quantity>0.000000</in_Quantity.quantity><out_Quantity.quantity>9.293638</out_Quantity.quantity></Point><Point><position>4764</position><in_Quantity.quantity>0.000000</in_Quantity.quantity><out_Quantity.quantity>133.702454</out_Quantity.quantity></Point><Point><position>4765</position><in_Quantity.quantity>0.000000</in_Quantity.quantity><out_Quantity.quantity>126.563316</out_Quantity.quantity></Point><Point><position>4766</position><in_Quantity.quantity>0.000000</in_Quantity.quantity><out_Quantity.quantity>919.025574</out_Quantity.quantity></Point><Point><position>4767</position><in_Quantity.quantity>0.000000</in_Quantity.quantity><out_Quantity.quantity>271.865344</out_Quantity.quantity></Point><Point><position>4768</position><in_Quantity.quantity>0.000000</in_Quantity.quantity><out_Quantity.quantity>570.819362</out_Quantity.quantity></Point><Point><position>4769</position><in_Quantity.quantity>0.000000</in_Quantity.quantity><out_Quantity.quantity>843.189456</out_Quantity.quantity></Point><Point><position>4770</position><in_Quantity.quantity>0.000000</in_Quantity.quantity><out_Quantity.quantity>483.239220</out_Quantity.quantity></Point><Point><position>4771</position><in_Quantity.quantity>0.000000</in_Quantity.quantity><out_Quantity.quantity>639.379527</out_Quantity.quantity></Point><Point><position>4772</position><in_Quantity.quantity>0.000000</in_Quantity.quantity><out_Quantity.quantity>331.572208</out_Quantity.quantity></Point><Point><position>4773</position><in_Quantity.quantity>0.000000</in_Quantity.quantity><out_Quantity.quantity>806.864253</out_Quantity.quantity></Point><Point><position>4774</position><in_Quantity.quantity>0.000000</in_Quantity.quantity><out_Quantity.quantity>155.524171</out_Quantity.quantity></Point><Point><position>4775</position><in_Quantity.quantity>0.000000</in_Quantity.quantity><out_Quantity.quantity>870.292808</out_Quantity.quantity></Point><Point><position>4776</position><in_Quantity.quantity>0.000000</in_Quantity.quantity><out_Quantity.quantity>829.370634</out_Quantity.quantity></Point><Point><position>4777</position><in_Quantity.quantity>0.000000</in_Quantity.quantity><out_Quantity.quantity>941.973014</out_Quantity.quantity></Point><Point><position>4778</position><in_Quantity.quantity>0.000000</in_Quantity.quantity><out_Quantity.quantity>741.992010</out_Quantity.quantity></Point><Point><position>4779</position><in_Quantity.quantity>0.000000</in_Quantity.quantity><out_Quantity.quantity>536.256336</out_Quantity.quantity></Point><Point><position>4780</position><in_Quantity.quantity>0.000000</in_Quantity.quantity><out_Quantity.quantity>825.340035</out_Quantity.quantity></Point><Point><position>4781</position><in_Quantity.quantity>0.000000</in_Quantity.quantity><out_Quantity.quantity>277.301670</out_Quantity.quantity></Point><Point><position>4782</position><in_Quantity.quantity>0.000000</in_Quantity.quantity><out_Quantity.quantity>262.892125</out_Quantity.quantity></Point><Point><position>4783</position><in_Quantity.quantity>0.000000</in_Quantity.quantity><out_Quantity.quantity>301.124163</out_Quantity.quantity></Point><Point><position>4784</position><in_Quantity.quantity>0.000000</in_Quantity.quantity><out_Quantity.quantity>422.656231</out_Quantity.quantity></Point><Point><position>4785</position><in_Quantity.quantity>0.000000</in_Quantity.quantity><out_Quantity.quantity>909.271181</out_Quantity.quantity></Point><Point><position>4786</position><in_Quantity.quantity>0.000000</in_Quantity.quantity><out_Quantity.quantity>544.740983</out_Quantity.quantity></Point><Point><position>4787</position><in_Quantity.quantity>0.000000</in_Quantity.quantity><out_Quantity.quantity>495.318916</out_Quantity.quantity></Point><Point><position>4788</position><in_Quantity.quantity>0.000000</in_Quantity.quantity><out_Quantity.quantity>701.663896</out_Quantity.quantity></Point><Point><position>4789</position><in_Quantity.quantity>0.000000</in_Quantity.quantity><out_Quantity.quantity>640.504161</out_Quantity.quantity></Point><Point><position>4790</position><in_Quantity.quantity>0.000000</in_Quantity.quantity><out_Quantity.quantity>535.085799</out_Quantity.quantity></Point><Point><position>4791</position><in_Quantity.quantity>0.000000</in_Quantity.quantity><out_Quantity.quantity>897.878773</out_Quantity.quantity></Point><Point><position>4792</position><in_Quantity.quantity>0.000000</in_Quantity.quantity><out_Quantity.quantity>551.639316</out_Quantity.quantity></Point><Point><position>4793</position><in_Quantity.quantity>0.000000</in_Quantity.quantity><out_Quantity.quantity>769.034644</out_Quantity.quantity></Point><Point><position>4794</position><in_Quantity.quantity>0.000000</in_Quantity.quantity><out_Quantity.quantity>831.618579</out_Quantity.quantity></Point><Point><position>4795</position><in_Quantity.quantity>0.000000</in_Quantity.quantity><out_Quantity.quantity>603.489959</out_Quantity.quantity></Point><Point><position>4796</position><in_Quantity.quantity>0.000000</in_Quantity.quantity><out_Quantity.quantity>372.647001</out_Quantity.quantity></Point><Point><position>4797</position><in_Quantity.quantity>0.000000</in_Quantity.quantity><out_Quantity.quantity>979.930715</out_Quantity.quantity></Point><Point><position>4798</position><in_Quantity.quantity>0.000000</in_Quantity.quantity><out_Quantity.quantity>702.566819</out_Quantity.quantity></Point><Point><position>4799</position><in_Quantity.quantity>0.000000</in_Quantity.quantity><out_Quantity.quantity>576.652241</out_Quantity.quantity></Point><Point><position>4800</position><in_Quantity.quantity>0.000000</in_Quantity.quantity><out_Quantity.quantity>34.241134</out_Quantity.quantity></Point><Point><position>4801</position><in_Quantity.quantity>0.000000</in_Quantity.quantity><out_Quantity.quantity>691.559493</out_Quantity.quantity></Point><Point><position>4802</position><in_Quantity.quantity>0.000000</in_Quantity.quantity><out_Quantity.quantity>305.261243</out_Quantity.quantity></Point><Point><position>4803</position><in_Quantity.quantity>0.000000</in_Quantity.quantity><out_Quantity.quantity>571.454342</out_Quantity.quantity></Point><Point><position>4804</position><in_Quantity.quantity>0.000000</in_Quantity.quantity><out_Quantity.quantity>914.336642</out_Quantity.quantity></Point><Point><position>4805</position><in_Quantity.quantity>0.000000</in_Quantity.quantity><out_Quantity.quantity>312.724180</out_Quantity.quantity></Point><Point><position>4806</position><in_Quantity.quantity>0.000000</in_Quantity.quantity><out_Quantity.quantity>862.498191</out_Quantity.quantity></Point><Point><position>4807</position><in_Quantity.quantity>0.000000</in_Quantity.quantity><out_Quantity.quantity>609.827559</out_Quantity.quantity></Point><Point><position>4808</position><in_Quantity.quantity>0.000000</in_Quantity.quantity><out_Quantity.quantity>578.824397</out_Quantity.quantity></Point><Point><position>4809</position><in_Quantity.quantity>0.000000</in_Quantity.quantity><out_Quantity.quantity>47.827210</out_Quantity.quantity></Point><Point><position>4810</position><in_Quantity.quantity>0.000000</in_Quantity.quantity><out_Quantity.quantity>76.838068</out_Quantity.quantity></Point><Point><position>4811</position><in_Quantity.quantity>0.000000</in_Quantity.quantity><out_Quantity.quantity>324.223651</out_Quantity.quantity></Point><Point><position>4812</position><in_Quantity.quantity>0.000000</in_Quantity.quantity><out_Quantity.quantity>349.158324</out_Quantity.quantity></Point><Point><position>4813</position><in_Quantity.quantity>0.000000</in_Quantity.quantity><out_Quantity.quantity>344.505434</out_Quantity.quantity></Point><Point><position>4814</position><in_Quantity.quantity>0.000000</in_Quantity.quantity><out_Quantity.quantity>298.389473</out_Quantity.quantity></Point><Point><position>4815</position><in_Quantity.quantity>0.000000</in_Quantity.quantity><out_Quantity.quantity>303.852215</out_Quantity.quantity></Point><Point><position>4816</position><in_Quantity.quantity>0.000000</in_Quantity.quantity><out_Quantity.quantity>853.951737</out_Quantity.quantity></Point><Point><position>4817</position><in_Quantity.quantity>0.000000</in_Quantity.quantity><out_Quantity.quantity>873.117947</out_Quantity.quantity></Point><Point><position>4818</position><in_Quantity.quantity>0.000000</in_Quantity.quantity><out_Quantity.quantity>909.356475</out_Quantity.quantity></Point><Point><position>4819</position><in_Quantity.quantity>0.000000</in_Quantity.quantity><out_Quantity.quantity>415.430019</out_Quantity.quantity></Point><Point><position>4820</position><in_Quantity.quantity>0.000000</in_Quantity.quantity><out_Quantity.quantity>240.846047</out_Quantity.quantity></Point><Point><position>4821</position><in_Quantity.quantity>0.000000</in_Quantity.quantity><out_Quantity.quantity>709.233318</out_Quantity.quantity></Point><Point><position>4822</position><in_Quantity.quantity>0.000000</in_Quantity.quantity><out_Quantity.quantity>371.092620</out_Quantity.quantity></Point><Point><position>4823</position><in_Quantity.quantity>0.000000</in_Quantity.quantity><out_Quantity.quantity>180.550869</out_Quantity.quantity></Point><Point><position>4824</position><in_Quantity.quantity>0.000000</in_Quantity.quantity><out_Quantity.quantity>304.591366</out_Quantity.quantity></Point><Point><position>4825</position><in_Quantity.quantity>0.000000</in_Quantity.quantity><out_Quantity.quantity>74.418968</out_Quantity.quantity></Point><Point><position>4826</position><in_Quantity.quantity>0.000000</in_Quantity.quantity><out_Quantity.quantity>323.886945</out_Quantity.quantity></Point><Point><position>4827</position><in_Quantity.quantity>0.000000</in_Quantity.quantity><out_Quantity.quantity>934.796071</out_Quantity.quantity></Point><Point><position>4828</position><in_Quantity.quantity>0.000000</in_Quantity.quantity><out_Quantity.quantity>420.920320</out_Quantity.quantity></Point><Point><position>4829</position><in_Quantity.quantity>0.000000</in_Quantity.quantity><out_Quantity.quantity>290.715992</out_Quantity.quantity></Point><Point><position>4830</position><in_Quantity.quantity>0.000000</in_Quantity.quantity><out_Quantity.quantity>661.955901</out_Quantity.quantity></Point><Point><position>4831</position><in_Quantity.quantity>0.000000</in_Quantity.quantity><out_Quantity.quantity>673.862411</out_Quantity.quantity></Point><Point><position>4832</position><in_Quantity.quantity>0.000000</in_Quantity.quantity><out_Quantity.quantity>489.011776</out_Quantity.quantity></Point><Point><position>4833</position><in_Quantity.quantity>0.000000</in_Quantity.quantity><out_Quantity.quantity>58.955840</out_Quantity.quantity></Point><Point><position>4834</position><in_Quantity.quantity>0.000000</in_Quantity.quantity><out_Quantity.quantity>117.851209</out_Quantity.quantity></Point><Point><position>4835</position><in_Quantity.quantity>0.000000</in_Quantity.quantity><out_Quantity.quantity>576.441391</out_Quantity.quantity></Point><Point><position>4836</position><in_Quantity.quantity>0.000000</in_Quantity.quantity><out_Quantity.quantity>150.585914</out_Quantity.quantity></Point><Point><position>4837</position><in_Quantity.quantity>0.000000</in_Quantity.quantity><out_Quantity.quantity>98.629699</out_Quantity.quantity></Point><Point><position>4838</position><in_Quantity.quantity>0.000000</in_Quantity.quantity><out_Quantity.quantity>626.205736</out_Quantity.quantity></Point><Point><position>4839</position><in_Quantity.quantity>0.000000</in_Quantity.quantity><out_Quantity.quantity>687.105630</out_Quantity.quantity></Point><Point><position>4840</position><in_Quantity.quantity>0.000000</in_Quantity.quantity><out_Quantity.quantity>494.187624</out_Quantity.quantity></Point><Point><position>4841</position><in_Quantity.quantity>0.000000</in_Quantity.quantity><out_Quantity.quantity>741.705476</out_Quantity.quantity></Point><Point><position>4842</position><in_Quantity.quantity>0.000000</in_Quantity.quantity><out_Quantity.quantity>644.220887</out_Quantity.quantity></Point><Point><position>4843</position><in_Quantity.quantity>0.000000</in_Quantity.quantity><out_Quantity.quantity>505.445735</out_Quantity.quantity></Point><Point><position>4844</position><in_Quantity.quantity>0.000000</in_Quantity.quantity><out_Quantity.quantity>303.111062</out_Quantity.quantity></Point><Point><position>4845</position><in_Quantity.quantity>0.000000</in_Quantity.quantity><out_Quantity.quantity>502.644837</out_Quantity.quantity></Point><Point><position>4846</position><in_Quantity.quantity>0.000000</in_Quantity.quantity><out_Quantity.quantity>527.408772</out_Quantity.quantity></Point><Point><position>4847</position><in_Quantity.quantity>0.000000</in_Quantity.quantity><out_Quantity.quantity>946.484446</out_Quantity.quantity></Point><Point><position>4848</position><in_Quantity.quantity>0.000000</in_Quantity.quantity><out_Quantity.quantity>363.008351</out_Quantity.quantity></Point><Point><position>4849</position><in_Quantity.quantity>0.000000</in_Quantity.quantity><out_Quantity.quantity>496.613993</out_Quantity.quantity></Point><Point><position>4850</position><in_Quantity.quantity>0.000000</in_Quantity.quantity><out_Quantity.quantity>458.546851</out_Quantity.quantity></Point><Point><position>4851</position><in_Quantity.quantity>0.000000</in_Quantity.quantity><out_Quantity.quantity>481.758841</out_Quantity.quantity></Point><Point><position>4852</position><in_Quantity.quantity>0.000000</in_Quantity.quantity><out_Quantity.quantity>724.842529</out_Quantity.quantity></Point><Point><position>4853</position><in_Quantity.quantity>0.000000</in_Quantity.quantity><out_Quantity.quantity>400.974567</out_Quantity.quantity></Point><Point><position>4854</position><in_Quantity.quantity>0.000000</in_Quantity.quantity><out_Quantity.quantity>495.428364</out_Quantity.quantity></Point><Point><position>4855</position><in_Quantity.quantity>0.000000</in_Quantity.quantity><out_Quantity.quantity>941.763597</out_Quantity.quantity></Point><Point><position>4856</position><in_Quantity.quantity>0.000000</in_Quantity.quantity><out_Quantity.quantity>938.284573</out_Quantity.quantity></Point><Point><position>4857</position><in_Quantity.quantity>0.000000</in_Quantity.quantity><out_Quantity.quantity>937.653733</out_Quantity.quantity></Point><Point><position>4858</position><in_Quantity.quantity>0.000000</in_Quantity.quantity><out_Quantity.quantity>292.732049</out_Quantity.quantity></Point><Point><position>4859</position><in_Quantity.quantity>0.000000</in_Quantity.quantity><out_Quantity.quantity>574.592396</out_Quantity.quantity></Point><Point><position>4860</position><in_Quantity.quantity>0.000000</in_Quantity.quantity><out_Quantity.quantity>245.428022</out_Quantity.quantity></Point><Point><position>4861</position><in_Quantity.quantity>0.000000</in_Quantity.quantity><out_Quantity.quantity>126.640830</out_Quantity.quantity></Point><Point><position>4862</position><in_Quantity.quantity>0.000000</in_Quantity.quantity><out_Quantity.quantity>200.694024</out_Quantity.quantity></Point><Point><position>4863</position><in_Quantity.quantity>0.000000</in_Quantity.quantity><out_Quantity.quantity>916.723852</out_Quantity.quantity></Point><Point><position>4864</position><in_Quantity.quantity>0.000000</in_Quantity.quantity><out_Quantity.quantity>170.307526</out_Quantity.quantity></Point><Point><position>4865</position><in_Quantity.quantity>0.000000</in_Quantity.quantity><out_Quantity.quantity>295.135051</out_Quantity.quantity></Point><Point><position>4866</position><in_Quantity.quantity>0.000000</in_Quantity.quantity><out_Quantity.quantity>816.661833</out_Quantity.quantity></Point><Point><position>4867</position><in_Quantity.quantity>0.000000</in_Quantity.quantity><out_Quantity.quantity>755.013177</out_Quantity.quantity></Point><Point><position>4868</position><in_Quantity.quantity>0.000000</in_Quantity.quantity><out_Quantity.quantity>873.944518</out_Quantity.quantity></Point><Point><position>4869</position><in_Quantity.quantity>0.000000</in_Quantity.quantity><out_Quantity.quantity>9.572256</out_Quantity.quantity></Point><Point><position>4870</position><in_Quantity.quantity>0.000000</in_Quantity.quantity><out_Quantity.quantity>631.098333</out_Quantity.quantity></Point><Point><position>4871</position><in_Quantity.quantity>0.000000</in_Quantity.quantity><out_Quantity.quantity>573.647366</out_Quantity.quantity></Point><Point><position>4872</position><in_Quantity.quantity>0.000000</in_Quantity.quantity><out_Quantity.quantity>556.806145</out_Quantity.quantity></Point><Point><position>4873</position><in_Quantity.quantity>0.000000</in_Quantity.quantity><out_Quantity.quantity>503.366118</out_Quantity.quantity></Point><Point><position>4874</position><in_Quantity.quantity>0.000000</in_Quantity.quantity><out_Quantity.quantity>161.561090</out_Quantity.quantity></Point><Point><position>4875</position><in_Quantity.quantity>0.000000</in_Quantity.quantity><out_Quantity.quantity>765.034410</out_Quantity.quantity></Point><Point><position>4876</position><in_Quantity.quantity>0.000000</in_Quantity.quantity><out_Quantity.quantity>268.129926</out_Quantity.quantity></Point><Point><position>4877</position><in_Quantity.quantity>0.000000</in_Quantity.quantity><out_Quantity.quantity>669.560573</out_Quantity.quantity></Point><Point><position>4878</position><in_Quantity.quantity>0.000000</in_Quantity.quantity><out_Quantity.quantity>393.574426</out_Quantity.quantity></Point><Point><position>4879</position><in_Quantity.quantity>0.000000</in_Quantity.quantity><out_Quantity.quantity>518.212506</out_Quantity.quantity></Point><Point><position>4880</position><in_Quantity.quantity>0.000000</in_Quantity.quantity><out_Quantity.quantity>465.850458</out_Quantity.quantity></Point><Point><position>4881</position><in_Quantity.quantity>0.000000</in_Quantity.quantity><out_Quantity.quantity>6.731309</out_Quantity.quantity></Point><Point><position>4882</position><in_Quantity.quantity>0.000000</in_Quantity.quantity><out_Quantity.quantity>571.423387</out_Quantity.quantity></Point><Point><position>4883</position><in_Quantity.quantity>0.000000</in_Quantity.quantity><out_Quantity.quantity>659.651774</out_Quantity.quantity></Point><Point><position>4884</position><in_Quantity.quantity>0.000000</in_Quantity.quantity><out_Quantity.quantity>485.069597</out_Quantity.quantity></Point><Point><position>4885</position><in_Quantity.quantity>0.000000</in_Quantity.quantity><out_Quantity.quantity>320.215502</out_Quantity.quantity></Point><Point><position>4886</position><in_Quantity.quantity>0.000000</in_Quantity.quantity><out_Quantity.quantity>880.394230</out_Quantity.quantity></Point><Point><position>4887</position><in_Quantity.quantity>0.000000</in_Quantity.quantity><out_Quantity.quantity>744.295940</out_Quantity.quantity></Point><Point><position>4888</position><in_Quantity.quantity>0.000000</in_Quantity.quantity><out_Quantity.quantity>540.029755</out_Quantity.quantity></Point><Point><position>4889</position><in_Quantity.quantity>0.000000</in_Quantity.quantity><out_Quantity.quantity>830.603837</out_Quantity.quantity></Point><Point><position>4890</position><in_Quantity.quantity>0.000000</in_Quantity.quantity><out_Quantity.quantity>924.206369</out_Quantity.quantity></Point><Point><position>4891</position><in_Quantity.quantity>0.000000</in_Quantity.quantity><out_Quantity.quantity>273.272214</out_Quantity.quantity></Point><Point><position>4892</position><in_Quantity.quantity>0.000000</in_Quantity.quantity><out_Quantity.quantity>748.355411</out_Quantity.quantity></Point><Point><position>4893</position><in_Quantity.quantity>0.000000</in_Quantity.quantity><out_Quantity.quantity>363.302911</out_Quantity.quantity></Point><Point><position>4894</position><in_Quantity.quantity>0.000000</in_Quantity.quantity><out_Quantity.quantity>205.887598</out_Quantity.quantity></Point><Point><position>4895</position><in_Quantity.quantity>0.000000</in_Quantity.quantity><out_Quantity.quantity>186.149328</out_Quantity.quantity></Point><Point><position>4896</position><in_Quantity.quantity>0.000000</in_Quantity.quantity><out_Quantity.quantity>947.098398</out_Quantity.quantity></Point><Point><position>4897</position><in_Quantity.quantity>0.000000</in_Quantity.quantity><out_Quantity.quantity>925.866528</out_Quantity.quantity></Point><Point><position>4898</position><in_Quantity.quantity>0.000000</in_Quantity.quantity><out_Quantity.quantity>234.005711</out_Quantity.quantity></Point><Point><position>4899</position><in_Quantity.quantity>0.000000</in_Quantity.quantity><out_Quantity.quantity>700.525630</out_Quantity.quantity></Point><Point><position>4900</position><in_Quantity.quantity>0.000000</in_Quantity.quantity><out_Quantity.quantity>709.816532</out_Quantity.quantity></Point><Point><position>4901</position><in_Quantity.quantity>0.000000</in_Quantity.quantity><out_Quantity.quantity>787.852083</out_Quantity.quantity></Point><Point><position>4902</position><in_Quantity.quantity>0.000000</in_Quantity.quantity><out_Quantity.quantity>711.877670</out_Quantity.quantity></Point><Point><position>4903</position><in_Quantity.quantity>0.000000</in_Quantity.quantity><out_Quantity.quantity>456.636578</out_Quantity.quantity></Point><Point><position>4904</position><in_Quantity.quantity>0.000000</in_Quantity.quantity><out_Quantity.quantity>99.380549</out_Quantity.quantity></Point><Point><position>4905</position><in_Quantity.quantity>0.000000</in_Quantity.quantity><out_Quantity.quantity>721.744439</out_Quantity.quantity></Point><Point><position>4906</position><in_Quantity.quantity>0.000000</in_Quantity.quantity><out_Quantity.quantity>298.965064</out_Quantity.quantity></Point><Point><position>4907</position><in_Quantity.quantity>0.000000</in_Quantity.quantity><out_Quantity.quantity>117.863198</out_Quantity.quantity></Point><Point><position>4908</position><in_Quantity.quantity>0.000000</in_Quantity.quantity><out_Quantity.quantity>999.795917</out_Quantity.quantity></Point><Point><position>4909</position><in_Quantity.quantity>0.000000</in_Quantity.quantity><out_Quantity.quantity>63.786962</out_Quantity.quantity></Point><Point><position>4910</position><in_Quantity.quantity>0.000000</in_Quantity.quantity><out_Quantity.quantity>70.280539</out_Quantity.quantity></Point><Point><position>4911</position><in_Quantity.quantity>0.000000</in_Quantity.quantity><out_Quantity.quantity>280.681151</out_Quantity.quantity></Point><Point><position>4912</position><in_Quantity.quantity>0.000000</in_Quantity.quantity><out_Quantity.quantity>920.339377</out_Quantity.quantity></Point><Point><position>4913</position><in_Quantity.quantity>0.000000</in_Quantity.quantity><out_Quantity.quantity>364.162196</out_Quantity.quantity></Point><Point><position>4914</position><in_Quantity.quantity>0.000000</in_Quantity.quantity><out_Quantity.quantity>482.278614</out_Quantity.quantity></Point><Point><position>4915</position><in_Quantity.quantity>0.000000</in_Quantity.quantity><out_Quantity.quantity>722.714855</out_Quantity.quantity></Point><Point><position>4916</position><in_Quantity.quantity>0.000000</in_Quantity.quantity><out_Quantity.quantity>29.334844</out_Quantity.quantity></Point><Point><position>4917</position><in_Quantity.quantity>0.000000</in_Quantity.quantity><out_Quantity.quantity>798.001105</out_Quantity.quantity></Point><Point><position>4918</position><in_Quantity.quantity>0.000000</in_Quantity.quantity><out_Quantity.quantity>280.456585</out_Quantity.quantity></Point><Point><position>4919</position><in_Quantity.quantity>0.000000</in_Quantity.quantity><out_Quantity.quantity>792.439947</out_Quantity.quantity></Point><Point><position>4920</position><in_Quantity.quantity>0.000000</in_Quantity.quantity><out_Quantity.quantity>738.849386</out_Quantity.quantity></Point><Point><position>4921</position><in_Quantity.quantity>0.000000</in_Quantity.quantity><out_Quantity.quantity>388.891224</out_Quantity.quantity></Point><Point><position>4922</position><in_Quantity.quantity>0.000000</in_Quantity.quantity><out_Quantity.quantity>912.622179</out_Quantity.quantity></Point><Point><position>4923</position><in_Quantity.quantity>0.000000</in_Quantity.quantity><out_Quantity.quantity>685.735059</out_Quantity.quantity></Point><Point><position>4924</position><in_Quantity.quantity>0.000000</in_Quantity.quantity><out_Quantity.quantity>580.224069</out_Quantity.quantity></Point><Point><position>4925</position><in_Quantity.quantity>0.000000</in_Quantity.quantity><out_Quantity.quantity>622.623959</out_Quantity.quantity></Point><Point><position>4926</position><in_Quantity.quantity>0.000000</in_Quantity.quantity><out_Quantity.quantity>2.037363</out_Quantity.quantity></Point><Point><position>4927</position><in_Quantity.quantity>0.000000</in_Quantity.quantity><out_Quantity.quantity>40.558034</out_Quantity.quantity></Point><Point><position>4928</position><in_Quantity.quantity>0.000000</in_Quantity.quantity><out_Quantity.quantity>110.739289</out_Quantity.quantity></Point><Point><position>4929</position><in_Quantity.quantity>0.000000</in_Quantity.quantity><out_Quantity.quantity>863.253900</out_Quantity.quantity></Point><Point><position>4930</position><in_Quantity.quantity>0.000000</in_Quantity.quantity><out_Quantity.quantity>814.952585</out_Quantity.quantity></Point><Point><position>4931</position><in_Quantity.quantity>0.000000</in_Quantity.quantity><out_Quantity.quantity>187.522796</out_Quantity.quantity></Point><Point><position>4932</position><in_Quantity.quantity>0.000000</in_Quantity.quantity><out_Quantity.quantity>728.139499</out_Quantity.quantity></Point><Point><position>4933</position><in_Quantity.quantity>0.000000</in_Quantity.quantity><out_Quantity.quantity>19.521487</out_Quantity.quantity></Point><Point><position>4934</position><in_Quantity.quantity>0.000000</in_Quantity.quantity><out_Quantity.quantity>188.950568</out_Quantity.quantity></Point><Point><position>4935</position><in_Quantity.quantity>0.000000</in_Quantity.quantity><out_Quantity.quantity>64.006174</out_Quantity.quantity></Point><Point><position>4936</position><in_Quantity.quantity>0.000000</in_Quantity.quantity><out_Quantity.quantity>770.287084</out_Quantity.quantity></Point><Point><position>4937</position><in_Quantity.quantity>0.000000</in_Quantity.quantity><out_Quantity.quantity>421.348254</out_Quantity.quantity></Point><Point><position>4938</position><in_Quantity.quantity>0.000000</in_Quantity.quantity><out_Quantity.quantity>993.597685</out_Quantity.quantity></Point><Point><position>4939</position><in_Quantity.quantity>0.000000</in_Quantity.quantity><out_Quantity.quantity>204.355468</out_Quantity.quantity></Point><Point><position>4940</position><in_Quantity.quantity>0.000000</in_Quantity.quantity><out_Quantity.quantity>403.127558</out_Quantity.quantity></Point><Point><position>4941</position><in_Quantity.quantity>0.000000</in_Quantity.quantity><out_Quantity.quantity>481.576390</out_Quantity.quantity></Point><Point><position>4942</position><in_Quantity.quantity>0.000000</in_Quantity.quantity><out_Quantity.quantity>43.582076</out_Quantity.quantity></Point><Point><position>4943</position><in_Quantity.quantity>0.000000</in_Quantity.quantity><out_Quantity.quantity>419.401384</out_Quantity.quantity></Point><Point><position>4944</position><in_Quantity.quantity>0.000000</in_Quantity.quantity><out_Quantity.quantity>131.902884</out_Quantity.quantity></Point><Point><position>4945</position><in_Quantity.quantity>0.000000</in_Quantity.quantity><out_Quantity.quantity>790.871130</out_Quantity.quantity></Point><Point><position>4946</position><in_Quantity.quantity>0.000000</in_Quantity.quantity><out_Quantity.quantity>579.813717</out_Quantity.quantity></Point><Point><position>4947</position><in_Quantity.quantity>0.000000</in_Quantity.quantity><out_Quantity.quantity>349.750944</out_Quantity.quantity></Point><Point><position>4948</position><in_Quantity.quantity>0.000000</in_Quantity.quantity><out_Quantity.quantity>474.975506</out_Quantity.quantity></Point><Point><position>4949</position><in_Quantity.quantity>0.000000</in_Quantity.quantity><out_Quantity.quantity>649.442302</out_Quantity.quantity></Point><Point><position>4950</position><in_Quantity.quantity>0.000000</in_Quantity.quantity><out_Quantity.quantity>453.422633</out_Quantity.quantity></Point><Point><position>4951</position><in_Quantity.quantity>0.000000</in_Quantity.quantity><out_Quantity.quantity>172.366116</out_Quantity.quantity></Point><Point><position>4952</position><in_Quantity.quantity>0.000000</in_Quantity.quantity><out_Quantity.quantity>471.215107</out_Quantity.quantity></Point><Point><position>4953</position><in_Quantity.quantity>0.000000</in_Quantity.quantity><out_Quantity.quantity>173.878053</out_Quantity.quantity></Point><Point><position>4954</position><in_Quantity.quantity>0.000000</in_Quantity.quantity><out_Quantity.quantity>208.396899</out_Quantity.quantity></Point><Point><position>4955</position><in_Quantity.quantity>0.000000</in_Quantity.quantity><out_Quantity.quantity>419.677532</out_Quantity.quantity></Point><Point><position>4956</position><in_Quantity.quantity>0.000000</in_Quantity.quantity><out_Quantity.quantity>2.324978</out_Quantity.quantity></Point><Point><position>4957</position><in_Quantity.quantity>0.000000</in_Quantity.quantity><out_Quantity.quantity>399.549035</out_Quantity.quantity></Point><Point><position>4958</position><in_Quantity.quantity>0.000000</in_Quantity.quantity><out_Quantity.quantity>434.738579</out_Quantity.quantity></Point><Point><position>4959</position><in_Quantity.quantity>0.000000</in_Quantity.quantity><out_Quantity.quantity>225.677662</out_Quantity.quantity></Point><Point><position>4960</position><in_Quantity.quantity>0.000000</in_Quantity.quantity><out_Quantity.quantity>887.409411</out_Quantity.quantity></Point><Point><position>4961</position><in_Quantity.quantity>0.000000</in_Quantity.quantity><out_Quantity.quantity>584.009389</out_Quantity.quantity></Point><Point><position>4962</position><in_Quantity.quantity>0.000000</in_Quantity.quantity><out_Quantity.quantity>911.835687</out_Quantity.quantity></Point><Point><position>4963</position><in_Quantity.quantity>0.000000</in_Quantity.quantity><out_Quantity.quantity>61.731814</out_Quantity.quantity></Point><Point><position>4964</position><in_Quantity.quantity>0.000000</in_Quantity.quantity><out_Quantity.quantity>359.385540</out_Quantity.quantity></Point><Point><position>4965</position><in_Quantity.quantity>0.000000</in_Quantity.quantity><out_Quantity.quantity>192.459117</out_Quantity.quantity></Point><Point><position>4966</position><in_Quantity.quantity>0.000000</in_Quantity.quantity><out_Quantity.quantity>941.247379</out_Quantity.quantity></Point><Point><position>4967</position><in_Quantity.quantity>0.000000</in_Quantity.quantity><out_Quantity.quantity>989.602959</out_Quantity.quantity></Point><Point><position>4968</position><in_Quantity.quantity>0.000000</in_Quantity.quantity><out_Quantity.quantity>602.797431</out_Quantity.quantity></Point><Point><position>4969</position><in_Quantity.quantity>0.000000</in_Quantity.quantity><out_Quantity.quantity>401.501096</out_Quantity.quantity></Point><Point><position>4970</position><in_Quantity.quantity>0.000000</in_Quantity.quantity><out_Quantity.quantity>786.284298</out_Quantity.quantity></Point><Point><position>4971</position><in_Quantity.quantity>0.000000</in_Quantity.quantity><out_Quantity.quantity>559.391622</out_Quantity.quantity></Point><Point><position>4972</position><in_Quantity.quantity>0.000000</in_Quantity.quantity><out_Quantity.quantity>710.469753</out_Quantity.quantity></Point><Point><position>4973</position><in_Quantity.quantity>0.000000</in_Quantity.quantity><out_Quantity.quantity>304.479079</out_Quantity.quantity></Point><Point><position>4974</position><in_Quantity.quantity>0.000000</in_Quantity.quantity><out_Quantity.quantity>128.628086</out_Quantity.quantity></Point><Point><position>4975</position><in_Quantity.quantity>0.000000</in_Quantity.quantity><out_Quantity.quantity>819.470337</out_Quantity.quantity></Point><Point><position>4976</position><in_Quantity.quantity>0.000000</in_Quantity.quantity><out_Quantity.quantity>258.453842</out_Quantity.quantity></Point><Point><position>4977</position><in_Quantity.quantity>0.000000</in_Quantity.quantity><out_Quantity.quantity>357.532413</out_Quantity.quantity></Point><Point><position>4978</position><in_Quantity.quantity>0.000000</in_Quantity.quantity><out_Quantity.quantity>512.005158</out_Quantity.quantity></Point><Point><position>4979</position><in_Quantity.quantity>0.000000</in_Quantity.quantity><out_Quantity.quantity>147.905123</out_Quantity.quantity></Point><Point><position>4980</position><in_Quantity.quantity>0.000000</in_Quantity.quantity><out_Quantity.quantity>423.010499</out_Quantity.quantity></Point><Point><position>4981</position><in_Quantity.quantity>0.000000</in_Quantity.quantity><out_Quantity.quantity>656.054145</out_Quantity.quantity></Point><Point><position>4982</position><in_Quantity.quantity>0.000000</in_Quantity.quantity><out_Quantity.quantity>278.619129</out_Quantity.quantity></Point><Point><position>4983</position><in_Quantity.quantity>0.000000</in_Quantity.quantity><out_Quantity.quantity>744.396962</out_Quantity.quantity></Point><Point><position>4984</position><in_Quantity.quantity>0.000000</in_Quantity.quantity><out_Quantity.quantity>924.719416</out_Quantity.quantity></Point><Point><position>4985</position><in_Quantity.quantity>0.000000</in_Quantity.quantity><out_Quantity.quantity>137.053636</out_Quantity.quantity></Point><Point><position>4986</position><in_Quantity.quantity>0.000000</in_Quantity.quantity><out_Quantity.quantity>93.813661</out_Quantity.quantity></Point><Point><position>4987</position><in_Quantity.quantity>0.000000</in_Quantity.quantity><out_Quantity.quantity>0.129991</out_Quantity.quantity></Point><Point><position>4988</position><in_Quantity.quantity>0.000000</in_Quantity.quantity><out_Quantity.quantity>991.203190</out_Quantity.quantity></Point><Point><position>4989</position><in_Quantity.quantity>0.000000</in_Quantity.quantity><out_Quantity.quantity>781.421056</out_Quantity.quantity></Point><Point><position>4990</position><in_Quantity.quantity>0.000000</in_Quantity.quantity><out_Quantity.quantity>612.814854</out_Quantity.quantity></Point><Point><position>4991</position><in_Quantity.quantity>0.000000</in_Quantity.quantity><out_Quantity.quantity>685.086202</out_Quantity.quantity></Point><Point><position>4992</position><in_Quantity.quantity>0.000000</in_Quantity.quantity><out_Quantity.quantity>877.054793</out_Quantity.quantity></Point><Point><position>4993</position><in_Quantity.quantity>0.000000</in_Quantity.quantity><out_Quantity.quantity>701.617350</out_Quantity.quantity></Point><Point><position>4994</position><in_Quantity.quantity>0.000000</in_Quantity.quantity><out_Quantity.quantity>166.414828</out_Quantity.quantity></Point><Point><position>4995</position><in_Quantity.quantity>0.000000</in_Quantity.quantity><out_Quantity.quantity>88.052713</out_Quantity.quantity></Point><Point><position>4996</position><in_Quantity.quantity>0.000000</in_Quantity.quantity><out_Quantity.quantity>608.615616</out_Quantity.quantity></Point><Point><position>4997</position><in_Quantity.quantity>0.000000</in_Quantity.quantity><out_Quantity.quantity>880.693276</out_Quantity.quantity></Point><Point><position>4998</position><in_Quantity.quantity>0.000000</in_Quantity.quantity><out_Quantity.quantity>637.839976</out_Quantity.quantity></Point><Point><position>4999</position><in_Quantity.quantity>0.000000</in_Quantity.quantity><out_Quantity.quantity>708.434870</out_Quantity.quantity></Point><Point><position>5000</position><in_Quantity.quantity>0.000000</in_Quantity.quantity><out_Quantity.quantity>227.455155</out_Quantity.quantity></Point><Point><position>5001</position><in_Quantity.quantity>0.000000</in_Quantity.quantity><out_Quantity.quantity>978.485418</out_Quantity.quantity></Point><Point><position>5002</position><in_Quantity.quantity>0.000000</in_Quantity.quantity><out_Quantity.quantity>727.214241</out_Quantity.quantity></Point><Point><position>5003</position><in_Quantity.quantity>0.000000</in_Quantity.quantity><out_Quantity.quantity>860.050844</out_Quantity.quantity></Point><Point><position>5004</position><in_Quantity.quantity>0.000000</in_Quantity.quantity><out_Quantity.quantity>431.924610</out_Quantity.quantity></Point><Point><position>5005</position><in_Quantity.quantity>0.000000</in_Quantity.quantity><out_Quantity.quantity>554.058015</out_Quantity.quantity></Point><Point><position>5006</position><in_Quantity.quantity>0.000000</in_Quantity.quantity><out_Quantity.quantity>190.400703</out_Quantity.quantity></Point><Point><position>5007</position><in_Quantity.quantity>0.000000</in_Quantity.quantity><out_Quantity.quantity>632.285168</out_Quantity.quantity></Point><Point><position>5008</position><in_Quantity.quantity>0.000000</in_Quantity.quantity><out_Quantity.quantity>321.117999</out_Quantity.quantity></Point><Point><position>5009</position><in_Quantity.quantity>0.000000</in_Quantity.quantity><out_Quantity.quantity>277.233228</out_Quantity.quantity></Point><Point><position>5010</position><in_Quantity.quantity>0.000000</in_Quantity.quantity><out_Quantity.quantity>757.396289</out_Quantity.quantity></Point><Point><position>5011</position><in_Quantity.quantity>0.000000</in_Quantity.quantity><out_Quantity.quantity>81.695625</out_Quantity.quantity></Point><Point><position>5012</position><in_Quantity.quantity>0.000000</in_Quantity.quantity><out_Quantity.quantity>671.252942</out_Quantity.quantity></Point><Point><position>5013</position><in_Quantity.quantity>0.000000</in_Quantity.quantity><out_Quantity.quantity>409.330697</out_Quantity.quantity></Point><Point><position>5014</position><in_Quantity.quantity>0.000000</in_Quantity.quantity><out_Quantity.quantity>22.643560</out_Quantity.quantity></Point><Point><position>5015</position><in_Quantity.quantity>0.000000</in_Quantity.quantity><out_Quantity.quantity>979.741823</out_Quantity.quantity></Point><Point><position>5016</position><in_Quantity.quantity>0.000000</in_Quantity.quantity><out_Quantity.quantity>74.316005</out_Quantity.quantity></Point><Point><position>5017</position><in_Quantity.quantity>0.000000</in_Quantity.quantity><out_Quantity.quantity>528.034850</out_Quantity.quantity></Point><Point><position>5018</position><in_Quantity.quantity>0.000000</in_Quantity.quantity><out_Quantity.quantity>814.808881</out_Quantity.quantity></Point><Point><position>5019</position><in_Quantity.quantity>0.000000</in_Quantity.quantity><out_Quantity.quantity>622.136189</out_Quantity.quantity></Point><Point><position>5020</position><in_Quantity.quantity>0.000000</in_Quantity.quantity><out_Quantity.quantity>839.681962</out_Quantity.quantity></Point><Point><position>5021</position><in_Quantity.quantity>0.000000</in_Quantity.quantity><out_Quantity.quantity>631.367324</out_Quantity.quantity></Point><Point><position>5022</position><in_Quantity.quantity>0.000000</in_Quantity.quantity><out_Quantity.quantity>885.545214</out_Quantity.quantity></Point><Point><position>5023</position><in_Quantity.quantity>0.000000</in_Quantity.quantity><out_Quantity.quantity>624.150190</out_Quantity.quantity></Point><Point><position>5024</position><in_Quantity.quantity>0.000000</in_Quantity.quantity><out_Quantity.quantity>420.982117</out_Quantity.quantity></Point><Point><position>5025</position><in_Quantity.quantity>0.000000</in_Quantity.quantity><out_Quantity.quantity>903.284162</out_Quantity.quantity></Point><Point><position>5026</position><in_Quantity.quantity>0.000000</in_Quantity.quantity><out_Quantity.quantity>894.467206</out_Quantity.quantity></Point><Point><position>5027</position><in_Quantity.quantity>0.000000</in_Quantity.quantity><out_Quantity.quantity>787.019449</out_Quantity.quantity></Point><Point><position>5028</position><in_Quantity.quantity>0.000000</in_Quantity.quantity><out_Quantity.quantity>265.291320</out_Quantity.quantity></Point><Point><position>5029</position><in_Quantity.quantity>0.000000</in_Quantity.quantity><out_Quantity.quantity>14.830708</out_Quantity.quantity></Point><Point><position>5030</position><in_Quantity.quantity>0.000000</in_Quantity.quantity><out_Quantity.quantity>853.369146</out_Quantity.quantity></Point><Point><position>5031</position><in_Quantity.quantity>0.000000</in_Quantity.quantity><out_Quantity.quantity>975.565499</out_Quantity.quantity></Point><Point><position>5032</position><in_Quantity.quantity>0.000000</in_Quantity.quantity><out_Quantity.quantity>367.882953</out_Quantity.quantity></Point><Point><position>5033</position><in_Quantity.quantity>0.000000</in_Quantity.quantity><out_Quantity.quantity>349.304972</out_Quantity.quantity></Point><Point><position>5034</position><in_Quantity.quantity>0.000000</in_Quantity.quantity><out_Quantity.quantity>963.352562</out_Quantity.quantity></Point><Point><position>5035</position><in_Quantity.quantity>0.000000</in_Quantity.quantity><out_Quantity.quantity>693.958420</out_Quantity.quantity></Point><Point><position>5036</position><in_Quantity.quantity>0.000000</in_Quantity.quantity><out_Quantity.quantity>890.649751</out_Quantity.quantity></Point><Point><position>5037</position><in_Quantity.quantity>0.000000</in_Quantity.quantity><out_Quantity.quantity>998.618853</out_Quantity.quantity></Point><Point><position>5038</position><in_Quantity.quantity>0.000000</in_Quantity.quantity><out_Quantity.quantity>82.832540</out_Quantity.quantity></Point><Point><position>5039</position><in_Quantity.quantity>0.000000</in_Quantity.quantity><out_Quantity.quantity>800.352991</out_Quantity.quantity></Point><Point><position>5040</position><in_Quantity.quantity>0.000000</in_Quantity.quantity><out_Quantity.quantity>873.921914</out_Quantity.quantity></Point><Point><position>5041</position><in_Quantity.quantity>0.000000</in_Quantity.quantity><out_Quantity.quantity>565.577246</out_Quantity.quantity></Point><Point><position>5042</position><in_Quantity.quantity>0.000000</in_Quantity.quantity><out_Quantity.quantity>60.914732</out_Quantity.quantity></Point><Point><position>5043</position><in_Quantity.quantity>0.000000</in_Quantity.quantity><out_Quantity.quantity>69.052128</out_Quantity.quantity></Point><Point><position>5044</position><in_Quantity.quantity>0.000000</in_Quantity.quantity><out_Quantity.quantity>806.401330</out_Quantity.quantity></Point><Point><position>5045</position><in_Quantity.quantity>0.000000</in_Quantity.quantity><out_Quantity.quantity>340.850120</out_Quantity.quantity></Point><Point><position>5046</position><in_Quantity.quantity>0.000000</in_Quantity.quantity><out_Quantity.quantity>262.041320</out_Quantity.quantity></Point><Point><position>5047</position><in_Quantity.quantity>0.000000</in_Quantity.quantity><out_Quantity.quantity>998.061668</out_Quantity.quantity></Point><Point><position>5048</position><in_Quantity.quantity>0.000000</in_Quantity.quantity><out_Quantity.quantity>191.605166</out_Quantity.quantity></Point><Point><position>5049</position><in_Quantity.quantity>0.000000</in_Quantity.quantity><out_Quantity.quantity>224.351043</out_Quantity.quantity></Point><Point><position>5050</position><in_Quantity.quantity>0.000000</in_Quantity.quantity><out_Quantity.quantity>842.363116</out_Quantity.quantity></Point><Point><position>5051</position><in_Quantity.quantity>0.000000</in_Quantity.quantity><out_Quantity.quantity>579.538234</out_Quantity.quantity></Point><Point><position>5052</position><in_Quantity.quantity>0.000000</in_Quantity.quantity><out_Quantity.quantity>296.507775</out_Quantity.quantity></Point><Point><position>5053</position><in_Quantity.quantity>0.000000</in_Quantity.quantity><out_Quantity.quantity>951.138649</out_Quantity.quantity></Point><Point><position>5054</position><in_Quantity.quantity>0.000000</in_Quantity.quantity><out_Quantity.quantity>182.074305</out_Quantity.quantity></Point><Point><position>5055</position><in_Quantity.quantity>0.000000</in_Quantity.quantity><out_Quantity.quantity>838.343983</out_Quantity.quantity></Point><Point><position>5056</position><in_Quantity.quantity>0.000000</in_Quantity.quantity><out_Quantity.quantity>250.557893</out_Quantity.quantity></Point><Point><position>5057</position><in_Quantity.quantity>0.000000</in_Quantity.quantity><out_Quantity.quantity>780.221877</out_Quantity.quantity></Point><Point><position>5058</position><in_Quantity.quantity>0.000000</in_Quantity.quantity><out_Quantity.quantity>164.884519</out_Quantity.quantity></Point><Point><position>5059</position><in_Quantity.quantity>0.000000</in_Quantity.quantity><out_Quantity.quantity>684.028003</out_Quantity.quantity></Point><Point><position>5060</position><in_Quantity.quantity>0.000000</in_Quantity.quantity><out_Quantity.quantity>369.652872</out_Quantity.quantity></Point><Point><position>5061</position><in_Quantity.quantity>0.000000</in_Quantity.quantity><out_Quantity.quantity>566.465502</out_Quantity.quantity></Point><Point><position>5062</position><in_Quantity.quantity>0.000000</in_Quantity.quantity><out_Quantity.quantity>314.970692</out_Quantity.quantity></Point><Point><position>5063</position><in_Quantity.quantity>0.000000</in_Quantity.quantity><out_Quantity.quantity>708.268510</out_Quantity.quantity></Point><Point><position>5064</position><in_Quantity.quantity>0.000000</in_Quantity.quantity><out_Quantity.quantity>862.671825</out_Quantity.quantity></Point><Point><position>5065</position><in_Quantity.quantity>0.000000</in_Quantity.quantity><out_Quantity.quantity>558.623046</out_Quantity.quantity></Point><Point><position>5066</position><in_Quantity.quantity>0.000000</in_Quantity.quantity><out_Quantity.quantity>298.047524</out_Quantity.quantity></Point><Point><position>5067</position><in_Quantity.quantity>0.000000</in_Quantity.quantity><out_Quantity.quantity>211.361455</out_Quantity.quantity></Point><Point><position>5068</position><in_Quantity.quantity>0.000000</in_Quantity.quantity><out_Quantity.quantity>285.869593</out_Quantity.quantity></Point><Point><position>5069</position><in_Quantity.quantity>0.000000</in_Quantity.quantity><out_Quantity.quantity>86.645800</out_Quantity.quantity></Point><Point><position>5070</position><in_Quantity.quantity>0.000000</in_Quantity.quantity><out_Quantity.quantity>562.268589</out_Quantity.quantity></Point><Point><position>5071</position><in_Quantity.quantity>0.000000</in_Quantity.quantity><out_Quantity.quantity>495.580402</out_Quantity.quantity></Point><Point><position>5072</position><in_Quantity.quantity>0.000000</in_Quantity.quantity><out_Quantity.quantity>320.093708</out_Quantity.quantity></Point><Point><position>5073</position><in_Quantity.quantity>0.000000</in_Quantity.quantity><out_Quantity.quantity>377.929628</out_Quantity.quantity></Point><Point><position>5074</position><in_Quantity.quantity>0.000000</in_Quantity.quantity><out_Quantity.quantity>720.673636</out_Quantity.quantity></Point><Point><position>5075</position><in_Quantity.quantity>0.000000</in_Quantity.quantity><out_Quantity.quantity>282.176651</out_Quantity.quantity></Point><Point><position>5076</position><in_Quantity.quantity>0.000000</in_Quantity.quantity><out_Quantity.quantity>190.976486</out_Quantity.quantity></Point><Point><position>5077</position><in_Quantity.quantity>0.000000</in_Quantity.quantity><out_Quantity.quantity>489.684958</out_Quantity.quantity></Point><Point><position>5078</position><in_Quantity.quantity>0.000000</in_Quantity.quantity><out_Quantity.quantity>881.971814</out_Quantity.quantity></Point><Point><position>5079</position><in_Quantity.quantity>0.000000</in_Quantity.quantity><out_Quantity.quantity>726.875873</out_Quantity.quantity></Point><Point><position>5080</position><in_Quantity.quantity>0.000000</in_Quantity.quantity><out_Quantity.quantity>611.800429</out_Quantity.quantity></Point><Point><position>5081</position><in_Quantity.quantity>0.000000</in_Quantity.quantity><out_Quantity.quantity>688.833389</out_Quantity.quantity></Point><Point><position>5082</position><in_Quantity.quantity>0.000000</in_Quantity.quantity><out_Quantity.quantity>354.356983</out_Quantity.quantity></Point><Point><position>5083</position><in_Quantity.quantity>0.000000</in_Quantity.quantity><out_Quantity.quantity>283.469920</out_Quantity.quantity></Point><Point><position>5084</position><in_Quantity.quantity>0.000000</in_Quantity.quantity><out_Quantity.quantity>451.070063</out_Quantity.quantity></Point><Point><position>5085</position><in_Quantity.quantity>0.000000</in_Quantity.quantity><out_Quantity.quantity>842.097531</out_Quantity.quantity></Point><Point><position>5086</position><in_Quantity.quantity>0.000000</in_Quantity.quantity><out_Quantity.quantity>292.361638</out_Quantity.quantity></Point><Point><position>5087</position><in_Quantity.quantity>0.000000</in_Quantity.quantity><out_Quantity.quantity>205.980414</out_Quantity.quantity></Point><Point><position>5088</position><in_Quantity.quantity>0.000000</in_Quantity.quantity><out_Quantity.quantity>940.831983</out_Quantity.quantity></Point><Point><position>5089</position><in_Quantity.quantity>0.000000</in_Quantity.quantity><out_Quantity.quantity>171.143836</out_Quantity.quantity></Point><Point><position>5090</position><in_Quantity.quantity>0.000000</in_Quantity.quantity><out_Quantity.quantity>898.830117</out_Quantity.quantity></Point><Point><position>5091</position><in_Quantity.quantity>0.000000</in_Quantity.quantity><out_Quantity.quantity>133.422963</out_Quantity.quantity></Point><Point><position>5092</position><in_Quantity.quantity>0.000000</in_Quantity.quantity><out_Quantity.quantity>774.522160</out_Quantity.quantity></Point><Point><position>5093</position><in_Quantity.quantity>0.000000</in_Quantity.quantity><out_Quantity.quantity>336.599618</out_Quantity.quantity></Point><Point><position>5094</position><in_Quantity.quantity>0.000000</in_Quantity.quantity><out_Quantity.quantity>170.961928</out_Quantity.quantity></Point><Point><position>5095</position><in_Quantity.quantity>0.000000</in_Quantity.quantity><out_Quantity.quantity>621.726092</out_Quantity.quantity></Point><Point><position>5096</position><in_Quantity.quantity>0.000000</in_Quantity.quantity><out_Quantity.quantity>639.295819</out_Quantity.quantity></Point><Point><position>5097</position><in_Quantity.quantity>0.000000</in_Quantity.quantity><out_Quantity.quantity>169.304900</out_Quantity.quantity></Point><Point><position>5098</position><in_Quantity.quantity>0.000000</in_Quantity.quantity><out_Quantity.quantity>933.012768</out_Quantity.quantity></Point><Point><position>5099</position><in_Quantity.quantity>0.000000</in_Quantity.quantity><out_Quantity.quantity>907.385396</out_Quantity.quantity></Point><Point><position>5100</position><in_Quantity.quantity>0.000000</in_Quantity.quantity><out_Quantity.quantity>172.846728</out_Quantity.quantity></Point><Point><position>5101</position><in_Quantity.quantity>0.000000</in_Quantity.quantity><out_Quantity.quantity>773.129886</out_Quantity.quantity></Point><Point><position>5102</position><in_Quantity.quantity>0.000000</in_Quantity.quantity><out_Quantity.quantity>644.098370</out_Quantity.quantity></Point><Point><position>5103</position><in_Quantity.quantity>0.000000</in_Quantity.quantity><out_Quantity.quantity>22.299030</out_Quantity.quantity></Point><Point><position>5104</position><in_Quantity.quantity>0.000000</in_Quantity.quantity><out_Quantity.quantity>891.301287</out_Quantity.quantity></Point><Point><position>5105</position><in_Quantity.quantity>0.000000</in_Quantity.quantity><out_Quantity.quantity>563.773042</out_Quantity.quantity></Point><Point><position>5106</position><in_Quantity.quantity>0.000000</in_Quantity.quantity><out_Quantity.quantity>712.261114</out_Quantity.quantity></Point><Point><position>5107</position><in_Quantity.quantity>0.000000</in_Quantity.quantity><out_Quantity.quantity>957.023380</out_Quantity.quantity></Point><Point><position>5108</position><in_Quantity.quantity>0.000000</in_Quantity.quantity><out_Quantity.quantity>932.283180</out_Quantity.quantity></Point><Point><position>5109</position><in_Quantity.quantity>0.000000</in_Quantity.quantity><out_Quantity.quantity>912.172017</out_Quantity.quantity></Point><Point><position>5110</position><in_Quantity.quantity>0.000000</in_Quantity.quantity><out_Quantity.quantity>881.577519</out_Quantity.quantity></Point><Point><position>5111</position><in_Quantity.quantity>0.000000</in_Quantity.quantity><out_Quantity.quantity>84.462470</out_Quantity.quantity></Point><Point><position>5112</position><in_Quantity.quantity>0.000000</in_Quantity.quantity><out_Quantity.quantity>310.211766</out_Quantity.quantity></Point><Point><position>5113</position><in_Quantity.quantity>0.000000</in_Quantity.quantity><out_Quantity.quantity>258.354783</out_Quantity.quantity></Point><Point><position>5114</position><in_Quantity.quantity>0.000000</in_Quantity.quantity><out_Quantity.quantity>683.905768</out_Quantity.quantity></Point><Point><position>5115</position><in_Quantity.quantity>0.000000</in_Quantity.quantity><out_Quantity.quantity>702.545220</out_Quantity.quantity></Point><Point><position>5116</position><in_Quantity.quantity>0.000000</in_Quantity.quantity><out_Quantity.quantity>101.466470</out_Quantity.quantity></Point><Point><position>5117</position><in_Quantity.quantity>0.000000</in_Quantity.quantity><out_Quantity.quantity>964.175545</out_Quantity.quantity></Point><Point><position>5118</position><in_Quantity.quantity>0.000000</in_Quantity.quantity><out_Quantity.quantity>290.896735</out_Quantity.quantity></Point><Point><position>5119</position><in_Quantity.quantity>0.000000</in_Quantity.quantity><out_Quantity.quantity>589.628810</out_Quantity.quantity></Point><Point><position>5120</position><in_Quantity.quantity>0.000000</in_Quantity.quantity><out_Quantity.quantity>965.251559</out_Quantity.quantity></Point><Point><position>5121</position><in_Quantity.quantity>0.000000</in_Quantity.quantity><out_Quantity.quantity>180.220949</out_Quantity.quantity></Point><Point><position>5122</position><in_Quantity.quantity>0.000000</in_Quantity.quantity><out_Quantity.quantity>273.010498</out_Quantity.quantity></Point><Point><position>5123</position><in_Quantity.quantity>0.000000</in_Quantity.quantity><out_Quantity.quantity>422.554617</out_Quantity.quantity></Point><Point><position>5124</position><in_Quantity.quantity>0.000000</in_Quantity.quantity><out_Quantity.quantity>192.516807</out_Quantity.quantity></Point><Point><position>5125</position><in_Quantity.quantity>0.000000</in_Quantity.quantity><out_Quantity.quantity>239.748721</out_Quantity.quantity></Point><Point><position>5126</position><in_Quantity.quantity>0.000000</in_Quantity.quantity><out_Quantity.quantity>635.133898</out_Quantity.quantity></Point><Point><position>5127</position><in_Quantity.quantity>0.000000</in_Quantity.quantity><out_Quantity.quantity>67.302730</out_Quantity.quantity></Point><Point><position>5128</position><in_Quantity.quantity>0.000000</in_Quantity.quantity><out_Quantity.quantity>980.963163</out_Quantity.quantity></Point><Point><position>5129</position><in_Quantity.quantity>0.000000</in_Quantity.quantity><out_Quantity.quantity>355.504107</out_Quantity.quantity></Point><Point><position>5130</position><in_Quantity.quantity>0.000000</in_Quantity.quantity><out_Quantity.quantity>945.854203</out_Quantity.quantity></Point><Point><position>5131</position><in_Quantity.quantity>0.000000</in_Quantity.quantity><out_Quantity.quantity>53.789760</out_Quantity.quantity></Point><Point><position>5132</position><in_Quantity.quantity>0.000000</in_Quantity.quantity><out_Quantity.quantity>261.874083</out_Quantity.quantity></Point><Point><position>5133</position><in_Quantity.quantity>0.000000</in_Quantity.quantity><out_Quantity.quantity>819.828517</out_Quantity.quantity></Point><Point><position>5134</position><in_Quantity.quantity>0.000000</in_Quantity.quantity><out_Quantity.quantity>749.839190</out_Quantity.quantity></Point><Point><position>5135</position><in_Quantity.quantity>0.000000</in_Quantity.quantity><out_Quantity.quantity>213.961876</out_Quantity.quantity></Point><Point><position>5136</position><in_Quantity.quantity>0.000000</in_Quantity.quantity><out_Quantity.quantity>223.382535</out_Quantity.quantity></Point><Point><position>5137</position><in_Quantity.quantity>0.000000</in_Quantity.quantity><out_Quantity.quantity>187.696800</out_Quantity.quantity></Point><Point><position>5138</position><in_Quantity.quantity>0.000000</in_Quantity.quantity><out_Quantity.quantity>356.042504</out_Quantity.quantity></Point><Point><position>5139</position><in_Quantity.quantity>0.000000</in_Quantity.quantity><out_Quantity.quantity>837.477436</out_Quantity.quantity></Point><Point><position>5140</position><in_Quantity.quantity>0.000000</in_Quantity.quantity><out_Quantity.quantity>282.169849</out_Quantity.quantity></Point><Point><position>5141</position><in_Quantity.quantity>0.000000</in_Quantity.quantity><out_Quantity.quantity>525.170748</out_Quantity.quantity></Point><Point><position>5142</position><in_Quantity.quantity>0.000000</in_Quantity.quantity><out_Quantity.quantity>602.323786</out_Quantity.quantity></Point><Point><position>5143</position><in_Quantity.quantity>0.000000</in_Quantity.quantity><out_Quantity.quantity>314.992330</out_Quantity.quantity></Point><Point><position>5144</position><in_Quantity.quantity>0.000000</in_Quantity.quantity><out_Quantity.quantity>923.405016</out_Quantity.quantity></Point><Point><position>5145</position><in_Quantity.quantity>0.000000</in_Quantity.quantity><out_Quantity.quantity>849.910551</out_Quantity.quantity></Point><Point><position>5146</position><in_Quantity.quantity>0.000000</in_Quantity.quantity><out_Quantity.quantity>819.861408</out_Quantity.quantity></Point><Point><position>5147</position><in_Quantity.quantity>0.000000</in_Quantity.quantity><out_Quantity.quantity>420.931953</out_Quantity.quantity></Point><Point><position>5148</position><in_Quantity.quantity>0.000000</in_Quantity.quantity><out_Quantity.quantity>515.931881</out_Quantity.quantity></Point><Point><position>5149</position><in_Quantity.quantity>0.000000</in_Quantity.quantity><out_Quantity.quantity>414.915435</out_Quantity.quantity></Point><Point><position>5150</position><in_Quantity.quantity>0.000000</in_Quantity.quantity><out_Quantity.quantity>414.125443</out_Quantity.quantity></Point><Point><position>5151</position><in_Quantity.quantity>0.000000</in_Quantity.quantity><out_Quantity.quantity>120.689976</out_Quantity.quantity></Point><Point><position>5152</position><in_Quantity.quantity>0.000000</in_Quantity.quantity><out_Quantity.quantity>748.228965</out_Quantity.quantity></Point><Point><position>5153</position><in_Quantity.quantity>0.000000</in_Quantity.quantity><out_Quantity.quantity>132.526688</out_Quantity.quantity></Point><Point><position>5154</position><in_Quantity.quantity>0.000000</in_Quantity.quantity><out_Quantity.quantity>21.827578</out_Quantity.quantity></Point><Point><position>5155</position><in_Quantity.quantity>0.000000</in_Quantity.quantity><out_Quantity.quantity>355.101523</out_Quantity.quantity></Point><Point><position>5156</position><in_Quantity.quantity>0.000000</in_Quantity.quantity><out_Quantity.quantity>397.568671</out_Quantity.quantity></Point><Point><position>5157</position><in_Quantity.quantity>0.000000</in_Quantity.quantity><out_Quantity.quantity>87.369900</out_Quantity.quantity></Point><Point><position>5158</position><in_Quantity.quantity>0.000000</in_Quantity.quantity><out_Quantity.quantity>714.654251</out_Quantity.quantity></Point><Point><position>5159</position><in_Quantity.quantity>0.000000</in_Quantity.quantity><out_Quantity.quantity>469.161706</out_Quantity.quantity></Point><Point><position>5160</position><in_Quantity.quantity>0.000000</in_Quantity.quantity><out_Quantity.quantity>458.696539</out_Quantity.quantity></Point><Point><position>5161</position><in_Quantity.quantity>0.000000</in_Quantity.quantity><out_Quantity.quantity>982.402047</out_Quantity.quantity></Point><Point><position>5162</position><in_Quantity.quantity>0.000000</in_Quantity.quantity><out_Quantity.quantity>577.590324</out_Quantity.quantity></Point><Point><position>5163</position><in_Quantity.quantity>0.000000</in_Quantity.quantity><out_Quantity.quantity>422.180715</out_Quantity.quantity></Point><Point><position>5164</position><in_Quantity.quantity>0.000000</in_Quantity.quantity><out_Quantity.quantity>280.803857</out_Quantity.quantity></Point><Point><position>5165</position><in_Quantity.quantity>0.000000</in_Quantity.quantity><out_Quantity.quantity>772.100276</out_Quantity.quantity></Point><Point><position>5166</position><in_Quantity.quantity>0.000000</in_Quantity.quantity><out_Quantity.quantity>361.369269</out_Quantity.quantity></Point><Point><position>5167</position><in_Quantity.quantity>0.000000</in_Quantity.quantity><out_Quantity.quantity>237.652430</out_Quantity.quantity></Point><Point><position>5168</position><in_Quantity.quantity>0.000000</in_Quantity.quantity><out_Quantity.quantity>562.953937</out_Quantity.quantity></Point><Point><position>5169</position><in_Quantity.quantity>0.000000</in_Quantity.quantity><out_Quantity.quantity>523.232117</out_Quantity.quantity></Point><Point><position>5170</position><in_Quantity.quantity>0.000000</in_Quantity.quantity><out_Quantity.quantity>36.822658</out_Quantity.quantity></Point><Point><position>5171</position><in_Quantity.quantity>0.000000</in_Quantity.quantity><out_Quantity.quantity>848.706347</out_Quantity.quantity></Point><Point><position>5172</position><in_Quantity.quantity>0.000000</in_Quantity.quantity><out_Quantity.quantity>681.383377</out_Quantity.quantity></Point><Point><position>5173</position><in_Quantity.quantity>0.000000</in_Quantity.quantity><out_Quantity.quantity>688.536208</out_Quantity.quantity></Point><Point><position>5174</position><in_Quantity.quantity>0.000000</in_Quantity.quantity><out_Quantity.quantity>391.600479</out_Quantity.quantity></Point><Point><position>5175</position><in_Quantity.quantity>0.000000</in_Quantity.quantity><out_Quantity.quantity>614.038955</out_Quantity.quantity></Point><Point><position>5176</position><in_Quantity.quantity>0.000000</in_Quantity.quantity><out_Quantity.quantity>935.677427</out_Quantity.quantity></Point><Point><position>5177</position><in_Quantity.quantity>0.000000</in_Quantity.quantity><out_Quantity.quantity>967.402047</out_Quantity.quantity></Point><Point><position>5178</position><in_Quantity.quantity>0.000000</in_Quantity.quantity><out_Quantity.quantity>440.179119</out_Quantity.quantity></Point><Point><position>5179</position><in_Quantity.quantity>0.000000</in_Quantity.quantity><out_Quantity.quantity>844.462174</out_Quantity.quantity></Point><Point><position>5180</position><in_Quantity.quantity>0.000000</in_Quantity.quantity><out_Quantity.quantity>993.174275</out_Quantity.quantity></Point><Point><position>5181</position><in_Quantity.quantity>0.000000</in_Quantity.quantity><out_Quantity.quantity>53.062341</out_Quantity.quantity></Point><Point><position>5182</position><in_Quantity.quantity>0.000000</in_Quantity.quantity><out_Quantity.quantity>571.418420</out_Quantity.quantity></Point><Point><position>5183</position><in_Quantity.quantity>0.000000</in_Quantity.quantity><out_Quantity.quantity>235.317029</out_Quantity.quantity></Point><Point><position>5184</position><in_Quantity.quantity>0.000000</in_Quantity.quantity><out_Quantity.quantity>716.163349</out_Quantity.quantity></Point><Point><position>5185</position><in_Quantity.quantity>0.000000</in_Quantity.quantity><out_Quantity.quantity>45.780631</out_Quantity.quantity></Point><Point><position>5186</position><in_Quantity.quantity>0.000000</in_Quantity.quantity><out_Quantity.quantity>535.690415</out_Quantity.quantity></Point><Point><position>5187</position><in_Quantity.quantity>0.000000</in_Quantity.quantity><out_Quantity.quantity>96.869775</out_Quantity.quantity></Point><Point><position>5188</position><in_Quantity.quantity>0.000000</in_Quantity.quantity><out_Quantity.quantity>519.665604</out_Quantity.quantity></Point><Point><position>5189</position><in_Quantity.quantity>0.000000</in_Quantity.quantity><out_Quantity.quantity>425.115414</out_Quantity.quantity></Point><Point><position>5190</position><in_Quantity.quantity>0.000000</in_Quantity.quantity><out_Quantity.quantity>928.280755</out_Quantity.quantity></Point><Point><position>5191</position><in_Quantity.quantity>0.000000</in_Quantity.quantity><out_Quantity.quantity>480.080633</out_Quantity.quantity></Point><Point><position>5192</position><in_Quantity.quantity>0.000000</in_Quantity.quantity><out_Quantity.quantity>924.368249</out_Quantity.quantity></Point><Point><position>5193</position><in_Quantity.quantity>0.000000</in_Quantity.quantity><out_Quantity.quantity>86.950569</out_Quantity.quantity></Point><Point><position>5194</position><in_Quantity.quantity>0.000000</in_Quantity.quantity><out_Quantity.quantity>526.860032</out_Quantity.quantity></Point><Point><position>5195</position><in_Quantity.quantity>0.000000</in_Quantity.quantity><out_Quantity.quantity>830.597857</out_Quantity.quantity></Point><Point><position>5196</position><in_Quantity.quantity>0.000000</in_Quantity.quantity><out_Quantity.quantity>747.142579</out_Quantity.quantity></Point><Point><position>5197</position><in_Quantity.quantity>0.000000</in_Quantity.quantity><out_Quantity.quantity>884.020637</out_Quantity.quantity></Point><Point><position>5198</position><in_Quantity.quantity>0.000000</in_Quantity.quantity><out_Quantity.quantity>185.907380</out_Quantity.quantity></Point><Point><position>5199</position><in_Quantity.quantity>0.000000</in_Quantity.quantity><out_Quantity.quantity>910.458093</out_Quantity.quantity></Point><Point><position>5200</position><in_Quantity.quantity>0.000000</in_Quantity.quantity><out_Quantity.quantity>983.066044</out_Quantity.quantity></Point><Point><position>5201</position><in_Quantity.quantity>0.000000</in_Quantity.quantity><out_Quantity.quantity>836.096049</out_Quantity.quantity></Point><Point><position>5202</position><in_Quantity.quantity>0.000000</in_Quantity.quantity><out_Quantity.quantity>413.373243</out_Quantity.quantity></Point><Point><position>5203</position><in_Quantity.quantity>0.000000</in_Quantity.quantity><out_Quantity.quantity>86.358776</out_Quantity.quantity></Point><Point><position>5204</position><in_Quantity.quantity>0.000000</in_Quantity.quantity><out_Quantity.quantity>335.891113</out_Quantity.quantity></Point><Point><position>5205</position><in_Quantity.quantity>0.000000</in_Quantity.quantity><out_Quantity.quantity>234.792850</out_Quantity.quantity></Point><Point><position>5206</position><in_Quantity.quantity>0.000000</in_Quantity.quantity><out_Quantity.quantity>82.778046</out_Quantity.quantity></Point><Point><position>5207</position><in_Quantity.quantity>0.000000</in_Quantity.quantity><out_Quantity.quantity>830.050205</out_Quantity.quantity></Point><Point><position>5208</position><in_Quantity.quantity>0.000000</in_Quantity.quantity><out_Quantity.quantity>955.193921</out_Quantity.quantity></Point><Point><position>5209</position><in_Quantity.quantity>0.000000</in_Quantity.quantity><out_Quantity.quantity>933.575150</out_Quantity.quantity></Point><Point><position>5210</position><in_Quantity.quantity>0.000000</in_Quantity.quantity><out_Quantity.quantity>916.000547</out_Quantity.quantity></Point><Point><position>5211</position><in_Quantity.quantity>0.000000</in_Quantity.quantity><out_Quantity.quantity>994.174035</out_Quantity.quantity></Point><Point><position>5212</position><in_Quantity.quantity>0.000000</in_Quantity.quantity><out_Quantity.quantity>307.432512</out_Quantity.quantity></Point><Point><position>5213</position><in_Quantity.quantity>0.000000</in_Quantity.quantity><out_Quantity.quantity>541.267617</out_Quantity.quantity></Point><Point><position>5214</position><in_Quantity.quantity>0.000000</in_Quantity.quantity><out_Quantity.quantity>158.165255</out_Quantity.quantity></Point><Point><position>5215</position><in_Quantity.quantity>0.000000</in_Quantity.quantity><out_Quantity.quantity>317.606599</out_Quantity.quantity></Point><Point><position>5216</position><in_Quantity.quantity>0.000000</in_Quantity.quantity><out_Quantity.quantity>377.500083</out_Quantity.quantity></Point><Point><position>5217</position><in_Quantity.quantity>0.000000</in_Quantity.quantity><out_Quantity.quantity>209.448803</out_Quantity.quantity></Point><Point><position>5218</position><in_Quantity.quantity>0.000000</in_Quantity.quantity><out_Quantity.quantity>527.411502</out_Quantity.quantity></Point><Point><position>5219</position><in_Quantity.quantity>0.000000</in_Quantity.quantity><out_Quantity.quantity>306.594566</out_Quantity.quantity></Point><Point><position>5220</position><in_Quantity.quantity>0.000000</in_Quantity.quantity><out_Quantity.quantity>34.724988</out_Quantity.quantity></Point><Point><position>5221</position><in_Quantity.quantity>0.000000</in_Quantity.quantity><out_Quantity.quantity>931.021116</out_Quantity.quantity></Point><Point><position>5222</position><in_Quantity.quantity>0.000000</in_Quantity.quantity><out_Quantity.quantity>830.622976</out_Quantity.quantity></Point><Point><position>5223</position><in_Quantity.quantity>0.000000</in_Quantity.quantity><out_Quantity.quantity>487.154998</out_Quantity.quantity></Point><Point><position>5224</position><in_Quantity.quantity>0.000000</in_Quantity.quantity><out_Quantity.quantity>56.234643</out_Quantity.quantity></Point><Point><position>5225</position><in_Quantity.quantity>0.000000</in_Quantity.quantity><out_Quantity.quantity>196.762785</out_Quantity.quantity></Point><Point><position>5226</position><in_Quantity.quantity>0.000000</in_Quantity.quantity><out_Quantity.quantity>578.723853</out_Quantity.quantity></Point><Point><position>5227</position><in_Quantity.quantity>0.000000</in_Quantity.quantity><out_Quantity.quantity>730.699650</out_Quantity.quantity></Point><Point><position>5228</position><in_Quantity.quantity>0.000000</in_Quantity.quantity><out_Quantity.quantity>408.977260</out_Quantity.quantity></Point><Point><position>5229</position><in_Quantity.quantity>0.000000</in_Quantity.quantity><out_Quantity.quantity>352.541045</out_Quantity.quantity></Point><Point><position>5230</position><in_Quantity.quantity>0.000000</in_Quantity.quantity><out_Quantity.quantity>689.161849</out_Quantity.quantity></Point><Point><position>5231</position><in_Quantity.quantity>0.000000</in_Quantity.quantity><out_Quantity.quantity>783.909817</out_Quantity.quantity></Point><Point><position>5232</position><in_Quantity.quantity>0.000000</in_Quantity.quantity><out_Quantity.quantity>113.073285</out_Quantity.quantity></Point><Point><position>5233</position><in_Quantity.quantity>0.000000</in_Quantity.quantity><out_Quantity.quantity>772.684763</out_Quantity.quantity></Point><Point><position>5234</position><in_Quantity.quantity>0.000000</in_Quantity.quantity><out_Quantity.quantity>28.459222</out_Quantity.quantity></Point><Point><position>5235</position><in_Quantity.quantity>0.000000</in_Quantity.quantity><out_Quantity.quantity>750.551750</out_Quantity.quantity></Point><Point><position>5236</position><in_Quantity.quantity>0.000000</in_Quantity.quantity><out_Quantity.quantity>250.149477</out_Quantity.quantity></Point><Point><position>5237</position><in_Quantity.quantity>0.000000</in_Quantity.quantity><out_Quantity.quantity>672.520003</out_Quantity.quantity></Point><Point><position>5238</position><in_Quantity.quantity>0.000000</in_Quantity.quantity><out_Quantity.quantity>856.381971</out_Quantity.quantity></Point><Point><position>5239</position><in_Quantity.quantity>0.000000</in_Quantity.quantity><out_Quantity.quantity>57.106198</out_Quantity.quantity></Point><Point><position>5240</position><in_Quantity.quantity>0.000000</in_Quantity.quantity><out_Quantity.quantity>198.458790</out_Quantity.quantity></Point><Point><position>5241</position><in_Quantity.quantity>0.000000</in_Quantity.quantity><out_Quantity.quantity>535.993133</out_Quantity.quantity></Point><Point><position>5242</position><in_Quantity.quantity>0.000000</in_Quantity.quantity><out_Quantity.quantity>921.165776</out_Quantity.quantity></Point><Point><position>5243</position><in_Quantity.quantity>0.000000</in_Quantity.quantity><out_Quantity.quantity>702.835261</out_Quantity.quantity></Point><Point><position>5244</position><in_Quantity.quantity>0.000000</in_Quantity.quantity><out_Quantity.quantity>23.112545</out_Quantity.quantity></Point><Point><position>5245</position><in_Quantity.quantity>0.000000</in_Quantity.quantity><out_Quantity.quantity>584.691882</out_Quantity.quantity></Point><Point><position>5246</position><in_Quantity.quantity>0.000000</in_Quantity.quantity><out_Quantity.quantity>807.612402</out_Quantity.quantity></Point><Point><position>5247</position><in_Quantity.quantity>0.000000</in_Quantity.quantity><out_Quantity.quantity>55.085978</out_Quantity.quantity></Point><Point><position>5248</position><in_Quantity.quantity>0.000000</in_Quantity.quantity><out_Quantity.quantity>588.052739</out_Quantity.quantity></Point><Point><position>5249</position><in_Quantity.quantity>0.000000</in_Quantity.quantity><out_Quantity.quantity>603.955350</out_Quantity.quantity></Point><Point><position>5250</position><in_Quantity.quantity>0.000000</in_Quantity.quantity><out_Quantity.quantity>183.700719</out_Quantity.quantity></Point><Point><position>5251</position><in_Quantity.quantity>0.000000</in_Quantity.quantity><out_Quantity.quantity>390.579034</out_Quantity.quantity></Point><Point><position>5252</position><in_Quantity.quantity>0.000000</in_Quantity.quantity><out_Quantity.quantity>391.057947</out_Quantity.quantity></Point><Point><position>5253</position><in_Quantity.quantity>0.000000</in_Quantity.quantity><out_Quantity.quantity>989.513180</out_Quantity.quantity></Point><Point><position>5254</position><in_Quantity.quantity>0.000000</in_Quantity.quantity><out_Quantity.quantity>313.471576</out_Quantity.quantity></Point><Point><position>5255</position><in_Quantity.quantity>0.000000</in_Quantity.quantity><out_Quantity.quantity>703.912743</out_Quantity.quantity></Point><Point><position>5256</position><in_Quantity.quantity>0.000000</in_Quantity.quantity><out_Quantity.quantity>546.270773</out_Quantity.quantity></Point><Point><position>5257</position><in_Quantity.quantity>0.000000</in_Quantity.quantity><out_Quantity.quantity>845.558151</out_Quantity.quantity></Point><Point><position>5258</position><in_Quantity.quantity>0.000000</in_Quantity.quantity><out_Quantity.quantity>750.472076</out_Quantity.quantity></Point><Point><position>5259</position><in_Quantity.quantity>0.000000</in_Quantity.quantity><out_Quantity.quantity>981.808825</out_Quantity.quantity></Point><Point><position>5260</position><in_Quantity.quantity>0.000000</in_Quantity.quantity><out_Quantity.quantity>136.133404</out_Quantity.quantity></Point><Point><position>5261</position><in_Quantity.quantity>0.000000</in_Quantity.quantity><out_Quantity.quantity>713.294174</out_Quantity.quantity></Point><Point><position>5262</position><in_Quantity.quantity>0.000000</in_Quantity.quantity><out_Quantity.quantity>829.827161</out_Quantity.quantity></Point><Point><position>5263</position><in_Quantity.quantity>0.000000</in_Quantity.quantity><out_Quantity.quantity>83.513554</out_Quantity.quantity></Point><Point><position>5264</position><in_Quantity.quantity>0.000000</in_Quantity.quantity><out_Quantity.quantity>547.452440</out_Quantity.quantity></Point><Point><position>5265</position><in_Quantity.quantity>0.000000</in_Quantity.quantity><out_Quantity.quantity>270.663690</out_Quantity.quantity></Point><Point><position>5266</position><in_Quantity.quantity>0.000000</in_Quantity.quantity><out_Quantity.quantity>526.852751</out_Quantity.quantity></Point><Point><position>5267</position><in_Quantity.quantity>0.000000</in_Quantity.quantity><out_Quantity.quantity>100.738429</out_Quantity.quantity></Point><Point><position>5268</position><in_Quantity.quantity>0.000000</in_Quantity.quantity><out_Quantity.quantity>925.800412</out_Quantity.quantity></Point><Point><position>5269</position><in_Quantity.quantity>0.000000</in_Quantity.quantity><out_Quantity.quantity>839.717039</out_Quantity.quantity></Point><Point><position>5270</position><in_Quantity.quantity>0.000000</in_Quantity.quantity><out_Quantity.quantity>750.873580</out_Quantity.quantity></Point><Point><position>5271</position><in_Quantity.quantity>0.000000</in_Quantity.quantity><out_Quantity.quantity>205.133281</out_Quantity.quantity></Point><Point><position>5272</position><in_Quantity.quantity>0.000000</in_Quantity.quantity><out_Quantity.quantity>715.860873</out_Quantity.quantity></Point><Point><position>5273</position><in_Quantity.quantity>0.000000</in_Quantity.quantity><out_Quantity.quantity>963.403643</out_Quantity.quantity></Point><Point><position>5274</position><in_Quantity.quantity>0.000000</in_Quantity.quantity><out_Quantity.quantity>512.025252</out_Quantity.quantity></Point><Point><position>5275</position><in_Quantity.quantity>0.000000</in_Quantity.quantity><out_Quantity.quantity>105.603043</out_Quantity.quantity></Point><Point><position>5276</position><in_Quantity.quantity>0.000000</in_Quantity.quantity><out_Quantity.quantity>114.107016</out_Quantity.quantity></Point><Point><position>5277</position><in_Quantity.quantity>0.000000</in_Quantity.quantity><out_Quantity.quantity>305.479007</out_Quantity.quantity></Point><Point><position>5278</position><in_Quantity.quantity>0.000000</in_Quantity.quantity><out_Quantity.quantity>910.363605</out_Quantity.quantity></Point><Point><position>5279</position><in_Quantity.quantity>0.000000</in_Quantity.quantity><out_Quantity.quantity>577.701141</out_Quantity.quantity></Point><Point><position>5280</position><in_Quantity.quantity>0.000000</in_Quantity.quantity><out_Quantity.quantity>322.667190</out_Quantity.quantity></Point><Point><position>5281</position><in_Quantity.quantity>0.000000</in_Quantity.quantity><out_Quantity.quantity>704.915484</out_Quantity.quantity></Point><Point><position>5282</position><in_Quantity.quantity>0.000000</in_Quantity.quantity><out_Quantity.quantity>72.416318</out_Quantity.quantity></Point><Point><position>5283</position><in_Quantity.quantity>0.000000</in_Quantity.quantity><out_Quantity.quantity>289.394566</out_Quantity.quantity></Point><Point><position>5284</position><in_Quantity.quantity>0.000000</in_Quantity.quantity><out_Quantity.quantity>430.182307</out_Quantity.quantity></Point><Point><position>5285</position><in_Quantity.quantity>0.000000</in_Quantity.quantity><out_Quantity.quantity>133.790339</out_Quantity.quantity></Point><Point><position>5286</position><in_Quantity.quantity>0.000000</in_Quantity.quantity><out_Quantity.quantity>557.808570</out_Quantity.quantity></Point><Point><position>5287</position><in_Quantity.quantity>0.000000</in_Quantity.quantity><out_Quantity.quantity>121.973376</out_Quantity.quantity></Point><Point><position>5288</position><in_Quantity.quantity>0.000000</in_Quantity.quantity><out_Quantity.quantity>488.164391</out_Quantity.quantity></Point><Point><position>5289</position><in_Quantity.quantity>0.000000</in_Quantity.quantity><out_Quantity.quantity>271.431298</out_Quantity.quantity></Point><Point><position>5290</position><in_Quantity.quantity>0.000000</in_Quantity.quantity><out_Quantity.quantity>475.313073</out_Quantity.quantity></Point><Point><position>5291</position><in_Quantity.quantity>0.000000</in_Quantity.quantity><out_Quantity.quantity>575.507281</out_Quantity.quantity></Point><Point><position>5292</position><in_Quantity.quantity>0.000000</in_Quantity.quantity><out_Quantity.quantity>702.661148</out_Quantity.quantity></Point><Point><position>5293</position><in_Quantity.quantity>0.000000</in_Quantity.quantity><out_Quantity.quantity>970.219590</out_Quantity.quantity></Point><Point><position>5294</position><in_Quantity.quantity>0.000000</in_Quantity.quantity><out_Quantity.quantity>650.554391</out_Quantity.quantity></Point><Point><position>5295</position><in_Quantity.quantity>0.000000</in_Quantity.quantity><out_Quantity.quantity>335.887706</out_Quantity.quantity></Point><Point><position>5296</position><in_Quantity.quantity>0.000000</in_Quantity.quantity><out_Quantity.quantity>392.829463</out_Quantity.quantity></Point><Point><position>5297</position><in_Quantity.quantity>0.000000</in_Quantity.quantity><out_Quantity.quantity>417.682040</out_Quantity.quantity></Point><Point><position>5298</position><in_Quantity.quantity>0.000000</in_Quantity.quantity><out_Quantity.quantity>205.712300</out_Quantity.quantity></Point><Point><position>5299</position><in_Quantity.quantity>0.000000</in_Quantity.quantity><out_Quantity.quantity>486.727033</out_Quantity.quantity></Point><Point><position>5300</position><in_Quantity.quantity>0.000000</in_Quantity.quantity><out_Quantity.quantity>292.392205</out_Quantity.quantity></Point><Point><position>5301</position><in_Quantity.quantity>0.000000</in_Quantity.quantity><out_Quantity.quantity>699.292430</out_Quantity.quantity></Point><Point><position>5302</position><in_Quantity.quantity>0.000000</in_Quantity.quantity><out_Quantity.quantity>903.299922</out_Quantity.quantity></Point><Point><position>5303</position><in_Quantity.quantity>0.000000</in_Quantity.quantity><out_Quantity.quantity>665.679184</out_Quantity.quantity></Point><Point><position>5304</position><in_Quantity.quantity>0.000000</in_Quantity.quantity><out_Quantity.quantity>573.835575</out_Quantity.quantity></Point><Point><position>5305</position><in_Quantity.quantity>0.000000</in_Quantity.quantity><out_Quantity.quantity>115.074590</out_Quantity.quantity></Point><Point><position>5306</position><in_Quantity.quantity>0.000000</in_Quantity.quantity><out_Quantity.quantity>172.110536</out_Quantity.quantity></Point><Point><position>5307</position><in_Quantity.quantity>0.000000</in_Quantity.quantity><out_Quantity.quantity>193.816588</out_Quantity.quantity></Point><Point><position>5308</position><in_Quantity.quantity>0.000000</in_Quantity.quantity><out_Quantity.quantity>349.634717</out_Quantity.quantity></Point><Point><position>5309</position><in_Quantity.quantity>0.000000</in_Quantity.quantity><out_Quantity.quantity>333.450524</out_Quantity.quantity></Point><Point><position>5310</position><in_Quantity.quantity>0.000000</in_Quantity.quantity><out_Quantity.quantity>239.301929</out_Quantity.quantity></Point><Point><position>5311</position><in_Quantity.quantity>0.000000</in_Quantity.quantity><out_Quantity.quantity>809.299019</out_Quantity.quantity></Point><Point><position>5312</position><in_Quantity.quantity>0.000000</in_Quantity.quantity><out_Quantity.quantity>750.937335</out_Quantity.quantity></Point><Point><position>5313</position><in_Quantity.quantity>0.000000</in_Quantity.quantity><out_Quantity.quantity>129.257923</out_Quantity.quantity></Point><Point><position>5314</position><in_Quantity.quantity>0.000000</in_Quantity.quantity><out_Quantity.quantity>824.789316</out_Quantity.quantity></Point><Point><position>5315</position><in_Quantity.quantity>0.000000</in_Quantity.quantity><out_Quantity.quantity>301.092414</out_Quantity.quantity></Point><Point><position>5316</position><in_Quantity.quantity>0.000000</in_Quantity.quantity><out_Quantity.quantity>138.123883</out_Quantity.quantity></Point><Point><position>5317</position><in_Quantity.quantity>0.000000</in_Quantity.quantity><out_Quantity.quantity>589.604613</out_Quantity.quantity></Point><Point><position>5318</position><in_Quantity.quantity>0.000000</in_Quantity.quantity><out_Quantity.quantity>327.872252</out_Quantity.quantity></Point><Point><position>5319</position><in_Quantity.quantity>0.000000</in_Quantity.quantity><out_Quantity.quantity>772.045103</out_Quantity.quantity></Point><Point><position>5320</position><in_Quantity.quantity>0.000000</in_Quantity.quantity><out_Quantity.quantity>992.733683</out_Quantity.quantity></Point><Point><position>5321</position><in_Quantity.quantity>0.000000</in_Quantity.quantity><out_Quantity.quantity>19.638582</out_Quantity.quantity></Point><Point><position>5322</position><in_Quantity.quantity>0.000000</in_Quantity.quantity><out_Quantity.quantity>974.348434</out_Quantity.quantity></Point><Point><position>5323</position><in_Quantity.quantity>0.000000</in_Quantity.quantity><out_Quantity.quantity>780.268544</out_Quantity.quantity></Point><Point><position>5324</position><in_Quantity.quantity>0.000000</in_Quantity.quantity><out_Quantity.quantity>460.264557</out_Quantity.quantity></Point><Point><position>5325</position><in_Quantity.quantity>0.000000</in_Quantity.quantity><out_Quantity.quantity>690.769195</out_Quantity.quantity></Point><Point><position>5326</position><in_Quantity.quantity>0.000000</in_Quantity.quantity><out_Quantity.quantity>292.540423</out_Quantity.quantity></Point><Point><position>5327</position><in_Quantity.quantity>0.000000</in_Quantity.quantity><out_Quantity.quantity>106.984505</out_Quantity.quantity></Point><Point><position>5328</position><in_Quantity.quantity>0.000000</in_Quantity.quantity><out_Quantity.quantity>915.990050</out_Quantity.quantity></Point><Point><position>5329</position><in_Quantity.quantity>0.000000</in_Quantity.quantity><out_Quantity.quantity>508.078724</out_Quantity.quantity></Point><Point><position>5330</position><in_Quantity.quantity>0.000000</in_Quantity.quantity><out_Quantity.quantity>960.659313</out_Quantity.quantity></Point><Point><position>5331</position><in_Quantity.quantity>0.000000</in_Quantity.quantity><out_Quantity.quantity>600.578131</out_Quantity.quantity></Point><Point><position>5332</position><in_Quantity.quantity>0.000000</in_Quantity.quantity><out_Quantity.quantity>905.177710</out_Quantity.quantity></Point><Point><position>5333</position><in_Quantity.quantity>0.000000</in_Quantity.quantity><out_Quantity.quantity>593.252170</out_Quantity.quantity></Point><Point><position>5334</position><in_Quantity.quantity>0.000000</in_Quantity.quantity><out_Quantity.quantity>33.230527</out_Quantity.quantity></Point><Point><position>5335</position><in_Quantity.quantity>0.000000</in_Quantity.quantity><out_Quantity.quantity>91.825460</out_Quantity.quantity></Point><Point><position>5336</position><in_Quantity.quantity>0.000000</in_Quantity.quantity><out_Quantity.quantity>949.831250</out_Quantity.quantity></Point><Point><position>5337</position><in_Quantity.quantity>0.000000</in_Quantity.quantity><out_Quantity.quantity>253.591689</out_Quantity.quantity></Point><Point><position>5338</position><in_Quantity.quantity>0.000000</in_Quantity.quantity><out_Quantity.quantity>715.836414</out_Quantity.quantity></Point><Point><position>5339</position><in_Quantity.quantity>0.000000</in_Quantity.quantity><out_Quantity.quantity>823.393792</out_Quantity.quantity></Point><Point><position>5340</position><in_Quantity.quantity>0.000000</in_Quantity.quantity><out_Quantity.quantity>746.592891</out_Quantity.quantity></Point><Point><position>5341</position><in_Quantity.quantity>0.000000</in_Quantity.quantity><out_Quantity.quantity>48.374666</out_Quantity.quantity></Point><Point><position>5342</position><in_Quantity.quantity>0.000000</in_Quantity.quantity><out_Quantity.quantity>800.747407</out_Quantity.quantity></Point><Point><position>5343</position><in_Quantity.quantity>0.000000</in_Quantity.quantity><out_Quantity.quantity>358.341468</out_Quantity.quantity></Point><Point><position>5344</position><in_Quantity.quantity>0.000000</in_Quantity.quantity><out_Quantity.quantity>467.821340</out_Quantity.quantity></Point><Point><position>5345</position><in_Quantity.quantity>0.000000</in_Quantity.quantity><out_Quantity.quantity>394.090340</out_Quantity.quantity></Point><Point><position>5346</position><in_Quantity.quantity>0.000000</in_Quantity.quantity><out_Quantity.quantity>176.512082</out_Quantity.quantity></Point><Point><position>5347</position><in_Quantity.quantity>0.000000</in_Quantity.quantity><out_Quantity.quantity>754.871605</out_Quantity.quantity></Point><Point><position>5348</position><in_Quantity.quantity>0.000000</in_Quantity.quantity><out_Quantity.quantity>314.122690</out_Quantity.quantity></Point><Point><position>5349</position><in_Quantity.quantity>0.000000</in_Quantity.quantity><out_Quantity.quantity>988.012047</out_Quantity.quantity></Point><Point><position>5350</position><in_Quantity.quantity>0.000000</in_Quantity.quantity><out_Quantity.quantity>440.788414</out_Quantity.quantity></Point><Point><position>5351</position><in_Quantity.quantity>0.000000</in_Quantity.quantity><out_Quantity.quantity>863.455147</out_Quantity.quantity></Point><Point><position>5352</position><in_Quantity.quantity>0.000000</in_Quantity.quantity><out_Quantity.quantity>772.647913</out_Quantity.quantity></Point><Point><position>5353</position><in_Quantity.quantity>0.000000</in_Quantity.quantity><out_Quantity.quantity>651.505542</out_Quantity.quantity></Point><Point><position>5354</position><in_Quantity.quantity>0.000000</in_Quantity.quantity><out_Quantity.quantity>845.861601</out_Quantity.quantity></Point><Point><position>5355</position><in_Quantity.quantity>0.000000</in_Quantity.quantity><out_Quantity.quantity>687.141588</out_Quantity.quantity></Point><Point><position>5356</position><in_Quantity.quantity>0.000000</in_Quantity.quantity><out_Quantity.quantity>3.798840</out_Quantity.quantity></Point><Point><position>5357</position><in_Quantity.quantity>0.000000</in_Quantity.quantity><out_Quantity.quantity>831.645321</out_Quantity.quantity></Point><Point><position>5358</position><in_Quantity.quantity>0.000000</in_Quantity.quantity><out_Quantity.quantity>252.245448</out_Quantity.quantity></Point><Point><position>5359</position><in_Quantity.quantity>0.000000</in_Quantity.quantity><out_Quantity.quantity>824.935344</out_Quantity.quantity></Point><Point><position>5360</position><in_Quantity.quantity>0.000000</in_Quantity.quantity><out_Quantity.quantity>217.986706</out_Quantity.quantity></Point><Point><position>5361</position><in_Quantity.quantity>0.000000</in_Quantity.quantity><out_Quantity.quantity>827.197518</out_Quantity.quantity></Point><Point><position>5362</position><in_Quantity.quantity>0.000000</in_Quantity.quantity><out_Quantity.quantity>614.172418</out_Quantity.quantity></Point><Point><position>5363</position><in_Quantity.quantity>0.000000</in_Quantity.quantity><out_Quantity.quantity>147.478906</out_Quantity.quantity></Point><Point><position>5364</position><in_Quantity.quantity>0.000000</in_Quantity.quantity><out_Quantity.quantity>195.920315</out_Quantity.quantity></Point><Point><position>5365</position><in_Quantity.quantity>0.000000</in_Quantity.quantity><out_Quantity.quantity>773.277172</out_Quantity.quantity></Point><Point><position>5366</position><in_Quantity.quantity>0.000000</in_Quantity.quantity><out_Quantity.quantity>474.242237</out_Quantity.quantity></Point><Point><position>5367</position><in_Quantity.quantity>0.000000</in_Quantity.quantity><out_Quantity.quantity>698.097455</out_Quantity.quantity></Point><Point><position>5368</position><in_Quantity.quantity>0.000000</in_Quantity.quantity><out_Quantity.quantity>103.908536</out_Quantity.quantity></Point><Point><position>5369</position><in_Quantity.quantity>0.000000</in_Quantity.quantity><out_Quantity.quantity>685.188888</out_Quantity.quantity></Point><Point><position>5370</position><in_Quantity.quantity>0.000000</in_Quantity.quantity><out_Quantity.quantity>378.493989</out_Quantity.quantity></Point><Point><position>5371</position><in_Quantity.quantity>0.000000</in_Quantity.quantity><out_Quantity.quantity>926.809325</out_Quantity.quantity></Point><Point><position>5372</position><in_Quantity.quantity>0.000000</in_Quantity.quantity><out_Quantity.quantity>625.414745</out_Quantity.quantity></Point><Point><position>5373</position><in_Quantity.quantity>0.000000</in_Quantity.quantity><out_Quantity.quantity>538.360755</out_Quantity.quantity></Point><Point><position>5374</position><in_Quantity.quantity>0.000000</in_Quantity.quantity><out_Quantity.quantity>623.514149</out_Quantity.quantity></Point><Point><position>5375</position><in_Quantity.quantity>0.000000</in_Quantity.quantity><out_Quantity.quantity>431.212266</out_Quantity.quantity></Point><Point><position>5376</position><in_Quantity.quantity>0.000000</in_Quantity.quantity><out_Quantity.quantity>243.593980</out_Quantity.quantity></Point><Point><position>5377</position><in_Quantity.quantity>0.000000</in_Quantity.quantity><out_Quantity.quantity>42.490255</out_Quantity.quantity></Point><Point><position>5378</position><in_Quantity.quantity>0.000000</in_Quantity.quantity><out_Quantity.quantity>37.466334</out_Quantity.quantity></Point><Point><position>5379</position><in_Quantity.quantity>0.000000</in_Quantity.quantity><out_Quantity.quantity>527.975607</out_Quantity.quantity></Point><Point><position>5380</position><in_Quantity.quantity>0.000000</in_Quantity.quantity><out_Quantity.quantity>370.274597</out_Quantity.quantity></Point><Point><position>5381</position><in_Quantity.quantity>0.000000</in_Quantity.quantity><out_Quantity.quantity>884.677811</out_Quantity.quantity></Point><Point><position>5382</position><in_Quantity.quantity>0.000000</in_Quantity.quantity><out_Quantity.quantity>806.730752</out_Quantity.quantity></Point><Point><position>5383</position><in_Quantity.quantity>0.000000</in_Quantity.quantity><out_Quantity.quantity>755.820590</out_Quantity.quantity></Point><Point><position>5384</position><in_Quantity.quantity>0.000000</in_Quantity.quantity><out_Quantity.quantity>274.029873</out_Quantity.quantity></Point><Point><position>5385</position><in_Quantity.quantity>0.000000</in_Quantity.quantity><out_Quantity.quantity>22.826835</out_Quantity.quantity></Point><Point><position>5386</position><in_Quantity.quantity>0.000000</in_Quantity.quantity><out_Quantity.quantity>311.460083</out_Quantity.quantity></Point><Point><position>5387</position><in_Quantity.quantity>0.000000</in_Quantity.quantity><out_Quantity.quantity>966.005345</out_Quantity.quantity></Point><Point><position>5388</position><in_Quantity.quantity>0.000000</in_Quantity.quantity><out_Quantity.quantity>526.873268</out_Quantity.quantity></Point><Point><position>5389</position><in_Quantity.quantity>0.000000</in_Quantity.quantity><out_Quantity.quantity>456.397656</out_Quantity.quantity></Point><Point><position>5390</position><in_Quantity.quantity>0.000000</in_Quantity.quantity><out_Quantity.quantity>15.400863</out_Quantity.quantity></Point><Point><position>5391</position><in_Quantity.quantity>0.000000</in_Quantity.quantity><out_Quantity.quantity>327.634037</out_Quantity.quantity></Point><Point><position>5392</position><in_Quantity.quantity>0.000000</in_Quantity.quantity><out_Quantity.quantity>423.915613</out_Quantity.quantity></Point><Point><position>5393</position><in_Quantity.quantity>0.000000</in_Quantity.quantity><out_Quantity.quantity>699.980811</out_Quantity.quantity></Point><Point><position>5394</position><in_Quantity.quantity>0.000000</in_Quantity.quantity><out_Quantity.quantity>108.536939</out_Quantity.quantity></Point><Point><position>5395</position><in_Quantity.quantity>0.000000</in_Quantity.quantity><out_Quantity.quantity>484.980727</out_Quantity.quantity></Point><Point><position>5396</position><in_Quantity.quantity>0.000000</in_Quantity.quantity><out_Quantity.quantity>846.922610</out_Quantity.quantity></Point><Point><position>5397</position><in_Quantity.quantity>0.000000</in_Quantity.quantity><out_Quantity.quantity>444.415151</out_Quantity.quantity></Point><Point><position>5398</position><in_Quantity.quantity>0.000000</in_Quantity.quantity><out_Quantity.quantity>820.764068</out_Quantity.quantity></Point><Point><position>5399</position><in_Quantity.quantity>0.000000</in_Quantity.quantity><out_Quantity.quantity>870.932718</out_Quantity.quantity></Point><Point><position>5400</position><in_Quantity.quantity>0.000000</in_Quantity.quantity><out_Quantity.quantity>938.953288</out_Quantity.quantity></Point><Point><position>5401</position><in_Quantity.quantity>0.000000</in_Quantity.quantity><out_Quantity.quantity>647.276333</out_Quantity.quantity></Point><Point><position>5402</position><in_Quantity.quantity>0.000000</in_Quantity.quantity><out_Quantity.quantity>448.292750</out_Quantity.quantity></Point><Point><position>5403</position><in_Quantity.quantity>0.000000</in_Quantity.quantity><out_Quantity.quantity>209.439510</out_Quantity.quantity></Point><Point><position>5404</position><in_Quantity.quantity>0.000000</in_Quantity.quantity><out_Quantity.quantity>429.214200</out_Quantity.quantity></Point><Point><position>5405</position><in_Quantity.quantity>0.000000</in_Quantity.quantity><out_Quantity.quantity>915.524726</out_Quantity.quantity></Point><Point><position>5406</position><in_Quantity.quantity>0.000000</in_Quantity.quantity><out_Quantity.quantity>183.277531</out_Quantity.quantity></Point><Point><position>5407</position><in_Quantity.quantity>0.000000</in_Quantity.quantity><out_Quantity.quantity>949.540614</out_Quantity.quantity></Point><Point><position>5408</position><in_Quantity.quantity>0.000000</in_Quantity.quantity><out_Quantity.quantity>527.689039</out_Quantity.quantity></Point><Point><position>5409</position><in_Quantity.quantity>0.000000</in_Quantity.quantity><out_Quantity.quantity>508.622234</out_Quantity.quantity></Point><Point><position>5410</position><in_Quantity.quantity>0.000000</in_Quantity.quantity><out_Quantity.quantity>11.696993</out_Quantity.quantity></Point><Point><position>5411</position><in_Quantity.quantity>0.000000</in_Quantity.quantity><out_Quantity.quantity>62.671044</out_Quantity.quantity></Point><Point><position>5412</position><in_Quantity.quantity>0.000000</in_Quantity.quantity><out_Quantity.quantity>572.410248</out_Quantity.quantity></Point><Point><position>5413</position><in_Quantity.quantity>0.000000</in_Quantity.quantity><out_Quantity.quantity>78.653191</out_Quantity.quantity></Point><Point><position>5414</position><in_Quantity.quantity>0.000000</in_Quantity.quantity><out_Quantity.quantity>185.729565</out_Quantity.quantity></Point><Point><position>5415</position><in_Quantity.quantity>0.000000</in_Quantity.quantity><out_Quantity.quantity>476.979926</out_Quantity.quantity></Point><Point><position>5416</position><in_Quantity.quantity>0.000000</in_Quantity.quantity><out_Quantity.quantity>226.533503</out_Quantity.quantity></Point><Point><position>5417</position><in_Quantity.quantity>0.000000</in_Quantity.quantity><out_Quantity.quantity>344.116399</out_Quantity.quantity></Point><Point><position>5418</position><in_Quantity.quantity>0.000000</in_Quantity.quantity><out_Quantity.quantity>47.543341</out_Quantity.quantity></Point><Point><position>5419</position><in_Quantity.quantity>0.000000</in_Quantity.quantity><out_Quantity.quantity>333.546213</out_Quantity.quantity></Point><Point><position>5420</position><in_Quantity.quantity>0.000000</in_Quantity.quantity><out_Quantity.quantity>322.797484</out_Quantity.quantity></Point><Point><position>5421</position><in_Quantity.quantity>0.000000</in_Quantity.quantity><out_Quantity.quantity>454.664349</out_Quantity.quantity></Point><Point><position>5422</position><in_Quantity.quantity>0.000000</in_Quantity.quantity><out_Quantity.quantity>813.885902</out_Quantity.quantity></Point><Point><position>5423</position><in_Quantity.quantity>0.000000</in_Quantity.quantity><out_Quantity.quantity>146.295996</out_Quantity.quantity></Point><Point><position>5424</position><in_Quantity.quantity>0.000000</in_Quantity.quantity><out_Quantity.quantity>405.325873</out_Quantity.quantity></Point><Point><position>5425</position><in_Quantity.quantity>0.000000</in_Quantity.quantity><out_Quantity.quantity>8.038752</out_Quantity.quantity></Point><Point><position>5426</position><in_Quantity.quantity>0.000000</in_Quantity.quantity><out_Quantity.quantity>463.952045</out_Quantity.quantity></Point><Point><position>5427</position><in_Quantity.quantity>0.000000</in_Quantity.quantity><out_Quantity.quantity>379.635697</out_Quantity.quantity></Point><Point><position>5428</position><in_Quantity.quantity>0.000000</in_Quantity.quantity><out_Quantity.quantity>975.477967</out_Quantity.quantity></Point><Point><position>5429</position><in_Quantity.quantity>0.000000</in_Quantity.quantity><out_Quantity.quantity>460.277610</out_Quantity.quantity></Point><Point><position>5430</position><in_Quantity.quantity>0.000000</in_Quantity.quantity><out_Quantity.quantity>484.101586</out_Quantity.quantity></Point><Point><position>5431</position><in_Quantity.quantity>0.000000</in_Quantity.quantity><out_Quantity.quantity>761.068667</out_Quantity.quantity></Point><Point><position>5432</position><in_Quantity.quantity>0.000000</in_Quantity.quantity><out_Quantity.quantity>382.328094</out_Quantity.quantity></Point><Point><position>5433</position><in_Quantity.quantity>0.000000</in_Quantity.quantity><out_Quantity.quantity>323.638670</out_Quantity.quantity></Point><Point><position>5434</position><in_Quantity.quantity>0.000000</in_Quantity.quantity><out_Quantity.quantity>727.413797</out_Quantity.quantity></Point><Point><position>5435</position><in_Quantity.quantity>0.000000</in_Quantity.quantity><out_Quantity.quantity>224.800506</out_Quantity.quantity></Point><Point><position>5436</position><in_Quantity.quantity>0.000000</in_Quantity.quantity><out_Quantity.quantity>325.253389</out_Quantity.quantity></Point><Point><position>5437</position><in_Quantity.quantity>0.000000</in_Quantity.quantity><out_Quantity.quantity>41.312507</out_Quantity.quantity></Point><Point><position>5438</position><in_Quantity.quantity>0.000000</in_Quantity.quantity><out_Quantity.quantity>243.934269</out_Quantity.quantity></Point><Point><position>5439</position><in_Quantity.quantity>0.000000</in_Quantity.quantity><out_Quantity.quantity>286.072242</out_Quantity.quantity></Point><Point><position>5440</position><in_Quantity.quantity>0.000000</in_Quantity.quantity><out_Quantity.quantity>65.995032</out_Quantity.quantity></Point><Point><position>5441</position><in_Quantity.quantity>0.000000</in_Quantity.quantity><out_Quantity.quantity>811.743466</out_Quantity.quantity></Point><Point><position>5442</position><in_Quantity.quantity>0.000000</in_Quantity.quantity><out_Quantity.quantity>758.299618</out_Quantity.quantity></Point><Point><position>5443</position><in_Quantity.quantity>0.000000</in_Quantity.quantity><out_Quantity.quantity>593.377285</out_Quantity.quantity></Point><Point><position>5444</position><in_Quantity.quantity>0.000000</in_Quantity.quantity><out_Quantity.quantity>329.393291</out_Quantity.quantity></Point><Point><position>5445</position><in_Quantity.quantity>0.000000</in_Quantity.quantity><out_Quantity.quantity>335.258883</out_Quantity.quantity></Point><Point><position>5446</position><in_Quantity.quantity>0.000000</in_Quantity.quantity><out_Quantity.quantity>435.151307</out_Quantity.quantity></Point><Point><position>5447</position><in_Quantity.quantity>0.000000</in_Quantity.quantity><out_Quantity.quantity>906.957006</out_Quantity.quantity></Point><Point><position>5448</position><in_Quantity.quantity>0.000000</in_Quantity.quantity><out_Quantity.quantity>191.535112</out_Quantity.quantity></Point><Point><position>5449</position><in_Quantity.quantity>0.000000</in_Quantity.quantity><out_Quantity.quantity>744.137433</out_Quantity.quantity></Point><Point><position>5450</position><in_Quantity.quantity>0.000000</in_Quantity.quantity><out_Quantity.quantity>567.153535</out_Quantity.quantity></Point><Point><position>5451</position><in_Quantity.quantity>0.000000</in_Quantity.quantity><out_Quantity.quantity>34.339219</out_Quantity.quantity></Point><Point><position>5452</position><in_Quantity.quantity>0.000000</in_Quantity.quantity><out_Quantity.quantity>955.014785</out_Quantity.quantity></Point><Point><position>5453</position><in_Quantity.quantity>0.000000</in_Quantity.quantity><out_Quantity.quantity>219.196879</out_Quantity.quantity></Point><Point><position>5454</position><in_Quantity.quantity>0.000000</in_Quantity.quantity><out_Quantity.quantity>277.184863</out_Quantity.quantity></Point><Point><position>5455</position><in_Quantity.quantity>0.000000</in_Quantity.quantity><out_Quantity.quantity>793.682962</out_Quantity.quantity></Point><Point><position>5456</position><in_Quantity.quantity>0.000000</in_Quantity.quantity><out_Quantity.quantity>219.166956</out_Quantity.quantity></Point><Point><position>5457</position><in_Quantity.quantity>0.000000</in_Quantity.quantity><out_Quantity.quantity>296.047772</out_Quantity.quantity></Point><Point><position>5458</position><in_Quantity.quantity>0.000000</in_Quantity.quantity><out_Quantity.quantity>853.506378</out_Quantity.quantity></Point><Point><position>5459</position><in_Quantity.quantity>0.000000</in_Quantity.quantity><out_Quantity.quantity>518.761423</out_Quantity.quantity></Point><Point><position>5460</position><in_Quantity.quantity>0.000000</in_Quantity.quantity><out_Quantity.quantity>391.717793</out_Quantity.quantity></Point><Point><position>5461</position><in_Quantity.quantity>0.000000</in_Quantity.quantity><out_Quantity.quantity>951.373176</out_Quantity.quantity></Point><Point><position>5462</position><in_Quantity.quantity>0.000000</in_Quantity.quantity><out_Quantity.quantity>872.952106</out_Quantity.quantity></Point><Point><position>5463</position><in_Quantity.quantity>0.000000</in_Quantity.quantity><out_Quantity.quantity>714.868928</out_Quantity.quantity></Point><Point><position>5464</position><in_Quantity.quantity>0.000000</in_Quantity.quantity><out_Quantity.quantity>945.704168</out_Quantity.quantity></Point><Point><position>5465</position><in_Quantity.quantity>0.000000</in_Quantity.quantity><out_Quantity.quantity>825.351443</out_Quantity.quantity></Point><Point><position>5466</position><in_Quantity.quantity>0.000000</in_Quantity.quantity><out_Quantity.quantity>977.641098</out_Quantity.quantity></Point><Point><position>5467</position><in_Quantity.quantity>0.000000</in_Quantity.quantity><out_Quantity.quantity>318.268892</out_Quantity.quantity></Point><Point><position>5468</position><in_Quantity.quantity>0.000000</in_Quantity.quantity><out_Quantity.quantity>981.058319</out_Quantity.quantity></Point><Point><position>5469</position><in_Quantity.quantity>0.000000</in_Quantity.quantity><out_Quantity.quantity>985.498386</out_Quantity.quantity></Point><Point><position>5470</position><in_Quantity.quantity>0.000000</in_Quantity.quantity><out_Quantity.quantity>805.078970</out_Quantity.quantity></Point><Point><position>5471</position><in_Quantity.quantity>0.000000</in_Quantity.quantity><out_Quantity.quantity>877.512762</out_Quantity.quantity></Point><Point><position>5472</position><in_Quantity.quantity>0.000000</in_Quantity.quantity><out_Quantity.quantity>59.874088</out_Quantity.quantity></Point><Point><position>5473</position><in_Quantity.quantity>0.000000</in_Quantity.quantity><out_Quantity.quantity>561.899976</out_Quantity.quantity></Point><Point><position>5474</position><in_Quantity.quantity>0.000000</in_Quantity.quantity><out_Quantity.quantity>219.427966</out_Quantity.quantity></Point><Point><position>5475</position><in_Quantity.quantity>0.000000</in_Quantity.quantity><out_Quantity.quantity>923.737345</out_Quantity.quantity></Point><Point><position>5476</position><in_Quantity.quantity>0.000000</in_Quantity.quantity><out_Quantity.quantity>110.857336</out_Quantity.quantity></Point><Point><position>5477</position><in_Quantity.quantity>0.000000</in_Quantity.quantity><out_Quantity.quantity>80.649133</out_Quantity.quantity></Point><Point><position>5478</position><in_Quantity.quantity>0.000000</in_Quantity.quantity><out_Quantity.quantity>742.833420</out_Quantity.quantity></Point><Point><position>5479</position><in_Quantity.quantity>0.000000</in_Quantity.quantity><out_Quantity.quantity>670.735478</out_Quantity.quantity></Point><Point><position>5480</position><in_Quantity.quantity>0.000000</in_Quantity.quantity><out_Quantity.quantity>909.072992</out_Quantity.quantity></Point><Point><position>5481</position><in_Quantity.quantity>0.000000</in_Quantity.quantity><out_Quantity.quantity>387.038661</out_Quantity.quantity></Point><Point><position>5482</position><in_Quantity.quantity>0.000000</in_Quantity.quantity><out_Quantity.quantity>27.155707</out_Quantity.quantity></Point><Point><position>5483</position><in_Quantity.quantity>0.000000</in_Quantity.quantity><out_Quantity.quantity>837.571557</out_Quantity.quantity></Point><Point><position>5484</position><in_Quantity.quantity>0.000000</in_Quantity.quantity><out_Quantity.quantity>656.036301</out_Quantity.quantity></Point><Point><position>5485</position><in_Quantity.quantity>0.000000</in_Quantity.quantity><out_Quantity.quantity>94.928363</out_Quantity.quantity></Point><Point><position>5486</position><in_Quantity.quantity>0.000000</in_Quantity.quantity><out_Quantity.quantity>748.497167</out_Quantity.quantity></Point><Point><position>5487</position><in_Quantity.quantity>0.000000</in_Quantity.quantity><out_Quantity.quantity>780.951883</out_Quantity.quantity></Point><Point><position>5488</position><in_Quantity.quantity>0.000000</in_Quantity.quantity><out_Quantity.quantity>761.363268</out_Quantity.quantity></Point><Point><position>5489</position><in_Quantity.quantity>0.000000</in_Quantity.quantity><out_Quantity.quantity>891.713818</out_Quantity.quantity></Point><Point><position>5490</position><in_Quantity.quantity>0.000000</in_Quantity.quantity><out_Quantity.quantity>838.427791</out_Quantity.quantity></Point><Point><position>5491</position><in_Quantity.quantity>0.000000</in_Quantity.quantity><out_Quantity.quantity>582.918864</out_Quantity.quantity></Point><Point><position>5492</position><in_Quantity.quantity>0.000000</in_Quantity.quantity><out_Quantity.quantity>391.383606</out_Quantity.quantity></Point><Point><position>5493</position><in_Quantity.quantity>0.000000</in_Quantity.quantity><out_Quantity.quantity>553.183622</out_Quantity.quantity></Point><Point><position>5494</position><in_Quantity.quantity>0.000000</in_Quantity.quantity><out_Quantity.quantity>813.443413</out_Quantity.quantity></Point><Point><position>5495</position><in_Quantity.quantity>0.000000</in_Quantity.quantity><out_Quantity.quantity>253.660111</out_Quantity.quantity></Point><Point><position>5496</position><in_Quantity.quantity>0.000000</in_Quantity.quantity><out_Quantity.quantity>731.453610</out_Quantity.quantity></Point><Point><position>5497</position><in_Quantity.quantity>0.000000</in_Quantity.quantity><out_Quantity.quantity>506.300004</out_Quantity.quantity></Point><Point><position>5498</position><in_Quantity.quantity>0.000000</in_Quantity.quantity><out_Quantity.quantity>69.648086</out_Quantity.quantity></Point><Point><position>5499</position><in_Quantity.quantity>0.000000</in_Quantity.quantity><out_Quantity.quantity>519.740598</out_Quantity.quantity></Point><Point><position>5500</position><in_Quantity.quantity>0.000000</in_Quantity.quantity><out_Quantity.quantity>324.488663</out_Quantity.quantity></Point><Point><position>5501</position><in_Quantity.quantity>0.000000</in_Quantity.quantity><out_Quantity.quantity>137.697197</out_Quantity.quantity></Point><Point><position>5502</position><in_Quantity.quantity>0.000000</in_Quantity.quantity><out_Quantity.quantity>651.546438</out_Quantity.quantity></Point><Point><position>5503</position><in_Quantity.quantity>0.000000</in_Quantity.quantity><out_Quantity.quantity>670.973497</out_Quantity.quantity></Point><Point><position>5504</position><in_Quantity.quantity>0.000000</in_Quantity.quantity><out_Quantity.quantity>668.740413</out_Quantity.quantity></Point><Point><position>5505</position><in_Quantity.quantity>0.000000</in_Quantity.quantity><out_Quantity.quantity>836.504370</out_Quantity.quantity></Point><Point><position>5506</position><in_Quantity.quantity>0.000000</in_Quantity.quantity><out_Quantity.quantity>924.436197</out_Quantity.quantity></Point><Point><position>5507</position><in_Quantity.quantity>0.000000</in_Quantity.quantity><out_Quantity.quantity>581.420546</out_Quantity.quantity></Point><Point><position>5508</position><in_Quantity.quantity>0.000000</in_Quantity.quantity><out_Quantity.quantity>37.186381</out_Quantity.quantity></Point><Point><position>5509</position><in_Quantity.quantity>0.000000</in_Quantity.quantity><out_Quantity.quantity>24.810343</out_Quantity.quantity></Point><Point><position>5510</position><in_Quantity.quantity>0.000000</in_Quantity.quantity><out_Quantity.quantity>794.639606</out_Quantity.quantity></Point><Point><position>5511</position><in_Quantity.quantity>0.000000</in_Quantity.quantity><out_Quantity.quantity>133.387137</out_Quantity.quantity></Point><Point><position>5512</position><in_Quantity.quantity>0.000000</in_Quantity.quantity><out_Quantity.quantity>78.382696</out_Quantity.quantity></Point><Point><position>5513</position><in_Quantity.quantity>0.000000</in_Quantity.quantity><out_Quantity.quantity>791.542003</out_Quantity.quantity></Point><Point><position>5514</position><in_Quantity.quantity>0.000000</in_Quantity.quantity><out_Quantity.quantity>79.282536</out_Quantity.quantity></Point><Point><position>5515</position><in_Quantity.quantity>0.000000</in_Quantity.quantity><out_Quantity.quantity>539.207838</out_Quantity.quantity></Point><Point><position>5516</position><in_Quantity.quantity>0.000000</in_Quantity.quantity><out_Quantity.quantity>712.479319</out_Quantity.quantity></Point><Point><position>5517</position><in_Quantity.quantity>0.000000</in_Quantity.quantity><out_Quantity.quantity>402.656563</out_Quantity.quantity></Point><Point><position>5518</position><in_Quantity.quantity>0.000000</in_Quantity.quantity><out_Quantity.quantity>739.942938</out_Quantity.quantity></Point><Point><position>5519</position><in_Quantity.quantity>0.000000</in_Quantity.quantity><out_Quantity.quantity>603.911105</out_Quantity.quantity></Point><Point><position>5520</position><in_Quantity.quantity>0.000000</in_Quantity.quantity><out_Quantity.quantity>864.099103</out_Quantity.quantity></Point><Point><position>5521</position><in_Quantity.quantity>0.000000</in_Quantity.quantity><out_Quantity.quantity>120.166960</out_Quantity.quantity></Point><Point><position>5522</position><in_Quantity.quantity>0.000000</in_Quantity.quantity><out_Quantity.quantity>729.452546</out_Quantity.quantity></Point><Point><position>5523</position><in_Quantity.quantity>0.000000</in_Quantity.quantity><out_Quantity.quantity>310.731224</out_Quantity.quantity></Point><Point><position>5524</position><in_Quantity.quantity>0.000000</in_Quantity.quantity><out_Quantity.quantity>372.871195</out_Quantity.quantity></Point><Point><position>5525</position><in_Quantity.quantity>0.000000</in_Quantity.quantity><out_Quantity.quantity>74.540249</out_Quantity.quantity></Point><Point><position>5526</position><in_Quantity.quantity>0.000000</in_Quantity.quantity><out_Quantity.quantity>917.921126</out_Quantity.quantity></Point><Point><position>5527</position><in_Quantity.quantity>0.000000</in_Quantity.quantity><out_Quantity.quantity>35.962498</out_Quantity.quantity></Point><Point><position>5528</position><in_Quantity.quantity>0.000000</in_Quantity.quantity><out_Quantity.quantity>32.854671</out_Quantity.quantity></Point><Point><position>5529</position><in_Quantity.quantity>0.000000</in_Quantity.quantity><out_Quantity.quantity>580.109986</out_Quantity.quantity></Point><Point><position>5530</position><in_Quantity.quantity>0.000000</in_Quantity.quantity><out_Quantity.quantity>776.939926</out_Quantity.quantity></Point><Point><position>5531</position><in_Quantity.quantity>0.000000</in_Quantity.quantity><out_Quantity.quantity>84.396245</out_Quantity.quantity></Point><Point><position>5532</position><in_Quantity.quantity>0.000000</in_Quantity.quantity><out_Quantity.quantity>897.636215</out_Quantity.quantity></Point><Point><position>5533</position><in_Quantity.quantity>0.000000</in_Quantity.quantity><out_Quantity.quantity>278.952296</out_Quantity.quantity></Point><Point><position>5534</position><in_Quantity.quantity>0.000000</in_Quantity.quantity><out_Quantity.quantity>962.207313</out_Quantity.quantity></Point><Point><position>5535</position><in_Quantity.quantity>0.000000</in_Quantity.quantity><out_Quantity.quantity>225.120704</out_Quantity.quantity></Point><Point><position>5536</position><in_Quantity.quantity>0.000000</in_Quantity.quantity><out_Quantity.quantity>886.879907</out_Quantity.quantity></Point><Point><position>5537</position><in_Quantity.quantity>0.000000</in_Quantity.quantity><out_Quantity.quantity>317.633212</out_Quantity.quantity></Point><Point><position>5538</position><in_Quantity.quantity>0.000000</in_Quantity.quantity><out_Quantity.quantity>974.607694</out_Quantity.quantity></Point><Point><position>5539</position><in_Quantity.quantity>0.000000</in_Quantity.quantity><out_Quantity.quantity>783.851590</out_Quantity.quantity></Point><Point><position>5540</position><in_Quantity.quantity>0.000000</in_Quantity.quantity><out_Quantity.quantity>155.418823</out_Quantity.quantity></Point><Point><position>5541</position><in_Quantity.quantity>0.000000</in_Quantity.quantity><out_Quantity.quantity>801.932019</out_Quantity.quantity></Point><Point><position>5542</position><in_Quantity.quantity>0.000000</in_Quantity.quantity><out_Quantity.quantity>490.980778</out_Quantity.quantity></Point><Point><position>5543</position><in_Quantity.quantity>0.000000</in_Quantity.quantity><out_Quantity.quantity>230.144035</out_Quantity.quantity></Point><Point><position>5544</position><in_Quantity.quantity>0.000000</in_Quantity.quantity><out_Quantity.quantity>194.987528</out_Quantity.quantity></Point><Point><position>5545</position><in_Quantity.quantity>0.000000</in_Quantity.quantity><out_Quantity.quantity>201.682082</out_Quantity.quantity></Point><Point><position>5546</position><in_Quantity.quantity>0.000000</in_Quantity.quantity><out_Quantity.quantity>280.455578</out_Quantity.quantity></Point><Point><position>5547</position><in_Quantity.quantity>0.000000</in_Quantity.quantity><out_Quantity.quantity>262.048788</out_Quantity.quantity></Point><Point><position>5548</position><in_Quantity.quantity>0.000000</in_Quantity.quantity><out_Quantity.quantity>527.728642</out_Quantity.quantity></Point><Point><position>5549</position><in_Quantity.quantity>0.000000</in_Quantity.quantity><out_Quantity.quantity>773.405573</out_Quantity.quantity></Point><Point><position>5550</position><in_Quantity.quantity>0.000000</in_Quantity.quantity><out_Quantity.quantity>345.294945</out_Quantity.quantity></Point><Point><position>5551</position><in_Quantity.quantity>0.000000</in_Quantity.quantity><out_Quantity.quantity>218.409489</out_Quantity.quantity></Point><Point><position>5552</position><in_Quantity.quantity>0.000000</in_Quantity.quantity><out_Quantity.quantity>200.498156</out_Quantity.quantity></Point><Point><position>5553</position><in_Quantity.quantity>0.000000</in_Quantity.quantity><out_Quantity.quantity>358.157330</out_Quantity.quantity></Point><Point><position>5554</position><in_Quantity.quantity>0.000000</in_Quantity.quantity><out_Quantity.quantity>985.962261</out_Quantity.quantity></Point><Point><position>5555</position><in_Quantity.quantity>0.000000</in_Quantity.quantity><out_Quantity.quantity>915.249960</out_Quantity.quantity></Point><Point><position>5556</position><in_Quantity.quantity>0.000000</in_Quantity.quantity><out_Quantity.quantity>873.947294</out_Quantity.quantity></Point><Point><position>5557</position><in_Quantity.quantity>0.000000</in_Quantity.quantity><out_Quantity.quantity>657.559155</out_Quantity.quantity></Point><Point><position>5558</position><in_Quantity.quantity>0.000000</in_Quantity.quantity><out_Quantity.quantity>927.193654</out_Quantity.quantity></Point><Point><position>5559</position><in_Quantity.quantity>0.000000</in_Quantity.quantity><out_Quantity.quantity>751.990956</out_Quantity.quantity></Point><Point><position>5560</position><in_Quantity.quantity>0.000000</in_Quantity.quantity><out_Quantity.quantity>944.679839</out_Quantity.quantity></Point><Point><position>5561</position><in_Quantity.quantity>0.000000</in_Quantity.quantity><out_Quantity.quantity>958.805108</out_Quantity.quantity></Point><Point><position>5562</position><in_Quantity.quantity>0.000000</in_Quantity.quantity><out_Quantity.quantity>388.416424</out_Quantity.quantity></Point><Point><position>5563</position><in_Quantity.quantity>0.000000</in_Quantity.quantity><out_Quantity.quantity>369.197198</out_Quantity.quantity></Point><Point><position>5564</position><in_Quantity.quantity>0.000000</in_Quantity.quantity><out_Quantity.quantity>574.062558</out_Quantity.quantity></Point><Point><position>5565</position><in_Quantity.quantity>0.000000</in_Quantity.quantity><out_Quantity.quantity>886.688737</out_Quantity.quantity></Point><Point><position>5566</position><in_Quantity.quantity>0.000000</in_Quantity.quantity><out_Quantity.quantity>738.795222</out_Quantity.quantity></Point><Point><position>5567</position><in_Quantity.quantity>0.000000</in_Quantity.quantity><out_Quantity.quantity>146.326335</out_Quantity.quantity></Point><Point><position>5568</position><in_Quantity.quantity>0.000000</in_Quantity.quantity><out_Quantity.quantity>640.893153</out_Quantity.quantity></Point><Point><position>5569</position><in_Quantity.quantity>0.000000</in_Quantity.quantity><out_Quantity.quantity>958.041749</out_Quantity.quantity></Point><Point><position>5570</position><in_Quantity.quantity>0.000000</in_Quantity.quantity><out_Quantity.quantity>716.470513</out_Quantity.quantity></Point><Point><position>5571</position><in_Quantity.quantity>0.000000</in_Quantity.quantity><out_Quantity.quantity>214.712488</out_Quantity.quantity></Point><Point><position>5572</position><in_Quantity.quantity>0.000000</in_Quantity.quantity><out_Quantity.quantity>744.321629</out_Quantity.quantity></Point><Point><position>5573</position><in_Quantity.quantity>0.000000</in_Quantity.quantity><out_Quantity.quantity>985.375801</out_Quantity.quantity></Point><Point><position>5574</position><in_Quantity.quantity>0.000000</in_Quantity.quantity><out_Quantity.quantity>622.981730</out_Quantity.quantity></Point><Point><position>5575</position><in_Quantity.quantity>0.000000</in_Quantity.quantity><out_Quantity.quantity>975.736031</out_Quantity.quantity></Point><Point><position>5576</position><in_Quantity.quantity>0.000000</in_Quantity.quantity><out_Quantity.quantity>405.174691</out_Quantity.quantity></Point><Point><position>5577</position><in_Quantity.quantity>0.000000</in_Quantity.quantity><out_Quantity.quantity>763.637106</out_Quantity.quantity></Point><Point><position>5578</position><in_Quantity.quantity>0.000000</in_Quantity.quantity><out_Quantity.quantity>873.968860</out_Quantity.quantity></Point><Point><position>5579</position><in_Quantity.quantity>0.000000</in_Quantity.quantity><out_Quantity.quantity>160.821478</out_Quantity.quantity></Point><Point><position>5580</position><in_Quantity.quantity>0.000000</in_Quantity.quantity><out_Quantity.quantity>444.154034</out_Quantity.quantity></Point><Point><position>5581</position><in_Quantity.quantity>0.000000</in_Quantity.quantity><out_Quantity.quantity>750.891506</out_Quantity.quantity></Point><Point><position>5582</position><in_Quantity.quantity>0.000000</in_Quantity.quantity><out_Quantity.quantity>693.541293</out_Quantity.quantity></Point><Point><position>5583</position><in_Quantity.quantity>0.000000</in_Quantity.quantity><out_Quantity.quantity>893.629991</out_Quantity.quantity></Point><Point><position>5584</position><in_Quantity.quantity>0.000000</in_Quantity.quantity><out_Quantity.quantity>515.546130</out_Quantity.quantity></Point><Point><position>5585</position><in_Quantity.quantity>0.000000</in_Quantity.quantity><out_Quantity.quantity>503.919763</out_Quantity.quantity></Point><Point><position>5586</position><in_Quantity.quantity>0.000000</in_Quantity.quantity><out_Quantity.quantity>183.591230</out_Quantity.quantity></Point><Point><position>5587</position><in_Quantity.quantity>0.000000</in_Quantity.quantity><out_Quantity.quantity>12.412006</out_Quantity.quantity></Point><Point><position>5588</position><in_Quantity.quantity>0.000000</in_Quantity.quantity><out_Quantity.quantity>309.283071</out_Quantity.quantity></Point><Point><position>5589</position><in_Quantity.quantity>0.000000</in_Quantity.quantity><out_Quantity.quantity>282.676105</out_Quantity.quantity></Point><Point><position>5590</position><in_Quantity.quantity>0.000000</in_Quantity.quantity><out_Quantity.quantity>169.790463</out_Quantity.quantity></Point><Point><position>5591</position><in_Quantity.quantity>0.000000</in_Quantity.quantity><out_Quantity.quantity>567.152738</out_Quantity.quantity></Point><Point><position>5592</position><in_Quantity.quantity>0.000000</in_Quantity.quantity><out_Quantity.quantity>600.109592</out_Quantity.quantity></Point><Point><position>5593</position><in_Quantity.quantity>0.000000</in_Quantity.quantity><out_Quantity.quantity>680.644189</out_Quantity.quantity></Point><Point><position>5594</position><in_Quantity.quantity>0.000000</in_Quantity.quantity><out_Quantity.quantity>233.081609</out_Quantity.quantity></Point><Point><position>5595</position><in_Quantity.quantity>0.000000</in_Quantity.quantity><out_Quantity.quantity>613.146457</out_Quantity.quantity></Point><Point><position>5596</position><in_Quantity.quantity>0.000000</in_Quantity.quantity><out_Quantity.quantity>190.530479</out_Quantity.quantity></Point><Point><position>5597</position><in_Quantity.quantity>0.000000</in_Quantity.quantity><out_Quantity.quantity>578.036860</out_Quantity.quantity></Point><Point><position>5598</position><in_Quantity.quantity>0.000000</in_Quantity.quantity><out_Quantity.quantity>42.809579</out_Quantity.quantity></Point><Point><position>5599</position><in_Quantity.quantity>0.000000</in_Quantity.quantity><out_Quantity.quantity>870.838472</out_Quantity.quantity></Point><Point><position>5600</position><in_Quantity.quantity>0.000000</in_Quantity.quantity><out_Quantity.quantity>358.290088</out_Quantity.quantity></Point><Point><position>5601</position><in_Quantity.quantity>0.000000</in_Quantity.quantity><out_Quantity.quantity>196.322669</out_Quantity.quantity></Point><Point><position>5602</position><in_Quantity.quantity>0.000000</in_Quantity.quantity><out_Quantity.quantity>145.889566</out_Quantity.quantity></Point><Point><position>5603</position><in_Quantity.quantity>0.000000</in_Quantity.quantity><out_Quantity.quantity>501.705020</out_Quantity.quantity></Point><Point><position>5604</position><in_Quantity.quantity>0.000000</in_Quantity.quantity><out_Quantity.quantity>215.922329</out_Quantity.quantity></Point><Point><position>5605</position><in_Quantity.quantity>0.000000</in_Quantity.quantity><out_Quantity.quantity>166.328843</out_Quantity.quantity></Point><Point><position>5606</position><in_Quantity.quantity>0.000000</in_Quantity.quantity><out_Quantity.quantity>899.214834</out_Quantity.quantity></Point><Point><position>5607</position><in_Quantity.quantity>0.000000</in_Quantity.quantity><out_Quantity.quantity>771.551214</out_Quantity.quantity></Point><Point><position>5608</position><in_Quantity.quantity>0.000000</in_Quantity.quantity><out_Quantity.quantity>204.100591</out_Quantity.quantity></Point><Point><position>5609</position><in_Quantity.quantity>0.000000</in_Quantity.quantity><out_Quantity.quantity>569.894829</out_Quantity.quantity></Point><Point><position>5610</position><in_Quantity.quantity>0.000000</in_Quantity.quantity><out_Quantity.quantity>720.867445</out_Quantity.quantity></Point><Point><position>5611</position><in_Quantity.quantity>0.000000</in_Quantity.quantity><out_Quantity.quantity>591.468504</out_Quantity.quantity></Point><Point><position>5612</position><in_Quantity.quantity>0.000000</in_Quantity.quantity><out_Quantity.quantity>435.549555</out_Quantity.quantity></Point><Point><position>5613</position><in_Quantity.quantity>0.000000</in_Quantity.quantity><out_Quantity.quantity>435.022612</out_Quantity.quantity></Point><Point><position>5614</position><in_Quantity.quantity>0.000000</in_Quantity.quantity><out_Quantity.quantity>392.202974</out_Quantity.quantity></Point><Point><position>5615</position><in_Quantity.quantity>0.000000</in_Quantity.quantity><out_Quantity.quantity>899.612376</out_Quantity.quantity></Point><Point><position>5616</position><in_Quantity.quantity>0.000000</in_Quantity.quantity><out_Quantity.quantity>394.146767</out_Quantity.quantity></Point><Point><position>5617</position><in_Quantity.quantity>0.000000</in_Quantity.quantity><out_Quantity.quantity>974.786320</out_Quantity.quantity></Point><Point><position>5618</position><in_Quantity.quantity>0.000000</in_Quantity.quantity><out_Quantity.quantity>814.731154</out_Quantity.quantity></Point><Point><position>5619</position><in_Quantity.quantity>0.000000</in_Quantity.quantity><out_Quantity.quantity>861.545684</out_Quantity.quantity></Point><Point><position>5620</position><in_Quantity.quantity>0.000000</in_Quantity.quantity><out_Quantity.quantity>38.769322</out_Quantity.quantity></Point><Point><position>5621</position><in_Quantity.quantity>0.000000</in_Quantity.quantity><out_Quantity.quantity>873.560677</out_Quantity.quantity></Point><Point><position>5622</position><in_Quantity.quantity>0.000000</in_Quantity.quantity><out_Quantity.quantity>851.923239</out_Quantity.quantity></Point><Point><position>5623</position><in_Quantity.quantity>0.000000</in_Quantity.quantity><out_Quantity.quantity>323.004891</out_Quantity.quantity></Point><Point><position>5624</position><in_Quantity.quantity>0.000000</in_Quantity.quantity><out_Quantity.quantity>765.096803</out_Quantity.quantity></Point><Point><position>5625</position><in_Quantity.quantity>0.000000</in_Quantity.quantity><out_Quantity.quantity>431.478318</out_Quantity.quantity></Point><Point><position>5626</position><in_Quantity.quantity>0.000000</in_Quantity.quantity><out_Quantity.quantity>715.215728</out_Quantity.quantity></Point><Point><position>5627</position><in_Quantity.quantity>0.000000</in_Quantity.quantity><out_Quantity.quantity>137.815565</out_Quantity.quantity></Point><Point><position>5628</position><in_Quantity.quantity>0.000000</in_Quantity.quantity><out_Quantity.quantity>430.102123</out_Quantity.quantity></Point><Point><position>5629</position><in_Quantity.quantity>0.000000</in_Quantity.quantity><out_Quantity.quantity>507.593007</out_Quantity.quantity></Point><Point><position>5630</position><in_Quantity.quantity>0.000000</in_Quantity.quantity><out_Quantity.quantity>644.432744</out_Quantity.quantity></Point><Point><position>5631</position><in_Quantity.quantity>0.000000</in_Quantity.quantity><out_Quantity.quantity>810.361606</out_Quantity.quantity></Point><Point><position>5632</position><in_Quantity.quantity>0.000000</in_Quantity.quantity><out_Quantity.quantity>570.720185</out_Quantity.quantity></Point><Point><position>5633</position><in_Quantity.quantity>0.000000</in_Quantity.quantity><out_Quantity.quantity>670.822279</out_Quantity.quantity></Point><Point><position>5634</position><in_Quantity.quantity>0.000000</in_Quantity.quantity><out_Quantity.quantity>928.371220</out_Quantity.quantity></Point><Point><position>5635</position><in_Quantity.quantity>0.000000</in_Quantity.quantity><out_Quantity.quantity>369.258470</out_Quantity.quantity></Point><Point><position>5636</position><in_Quantity.quantity>0.000000</in_Quantity.quantity><out_Quantity.quantity>738.702177</out_Quantity.quantity></Point><Point><position>5637</position><in_Quantity.quantity>0.000000</in_Quantity.quantity><out_Quantity.quantity>256.181582</out_Quantity.quantity></Point><Point><position>5638</position><in_Quantity.quantity>0.000000</in_Quantity.quantity><out_Quantity.quantity>518.592725</out_Quantity.quantity></Point><Point><position>5639</position><in_Quantity.quantity>0.000000</in_Quantity.quantity><out_Quantity.quantity>334.370440</out_Quantity.quantity></Point><Point><position>5640</position><in_Quantity.quantity>0.000000</in_Quantity.quantity><out_Quantity.quantity>39.783373</out_Quantity.quantity></Point><Point><position>5641</position><in_Quantity.quantity>0.000000</in_Quantity.quantity><out_Quantity.quantity>682.593543</out_Quantity.quantity></Point><Point><position>5642</position><in_Quantity.quantity>0.000000</in_Quantity.quantity><out_Quantity.quantity>553.525723</out_Quantity.quantity></Point><Point><position>5643</position><in_Quantity.quantity>0.000000</in_Quantity.quantity><out_Quantity.quantity>729.776421</out_Quantity.quantity></Point><Point><position>5644</position><in_Quantity.quantity>0.000000</in_Quantity.quantity><out_Quantity.quantity>317.085531</out_Quantity.quantity></Point><Point><position>5645</position><in_Quantity.quantity>0.000000</in_Quantity.quantity><out_Quantity.quantity>907.720539</out_Quantity.quantity></Point><Point><position>5646</position><in_Quantity.quantity>0.000000</in_Quantity.quantity><out_Quantity.quantity>201.065358</out_Quantity.quantity></Point><Point><position>5647</position><in_Quantity.quantity>0.000000</in_Quantity.quantity><out_Quantity.quantity>111.668740</out_Quantity.quantity></Point><Point><position>5648</position><in_Quantity.quantity>0.000000</in_Quantity.quantity><out_Quantity.quantity>117.265868</out_Quantity.quantity></Point><Point><position>5649</position><in_Quantity.quantity>0.000000</in_Quantity.quantity><out_Quantity.quantity>460.344940</out_Quantity.quantity></Point><Point><position>5650</position><in_Quantity.quantity>0.000000</in_Quantity.quantity><out_Quantity.quantity>323.861381</out_Quantity.quantity></Point><Point><position>5651</position><in_Quantity.quantity>0.000000</in_Quantity.quantity><out_Quantity.quantity>719.700259</out_Quantity.quantity></Point><Point><position>5652</position><in_Quantity.quantity>0.000000</in_Quantity.quantity><out_Quantity.quantity>983.013418</out_Quantity.quantity></Point><Point><position>5653</position><in_Quantity.quantity>0.000000</in_Quantity.quantity><out_Quantity.quantity>428.596698</out_Quantity.quantity></Point><Point><position>5654</position><in_Quantity.quantity>0.000000</in_Quantity.quantity><out_Quantity.quantity>820.223703</out_Quantity.quantity></Point><Point><position>5655</position><in_Quantity.quantity>0.000000</in_Quantity.quantity><out_Quantity.quantity>589.886605</out_Quantity.quantity></Point><Point><position>5656</position><in_Quantity.quantity>0.000000</in_Quantity.quantity><out_Quantity.quantity>283.377256</out_Quantity.quantity></Point><Point><position>5657</position><in_Quantity.quantity>0.000000</in_Quantity.quantity><out_Quantity.quantity>336.386902</out_Quantity.quantity></Point><Point><position>5658</position><in_Quantity.quantity>0.000000</in_Quantity.quantity><out_Quantity.quantity>849.208717</out_Quantity.quantity></Point><Point><position>5659</position><in_Quantity.quantity>0.000000</in_Quantity.quantity><out_Quantity.quantity>771.343205</out_Quantity.quantity></Point><Point><position>5660</position><in_Quantity.quantity>0.000000</in_Quantity.quantity><out_Quantity.quantity>260.904868</out_Quantity.quantity></Point><Point><position>5661</position><in_Quantity.quantity>0.000000</in_Quantity.quantity><out_Quantity.quantity>244.695749</out_Quantity.quantity></Point><Point><position>5662</position><in_Quantity.quantity>0.000000</in_Quantity.quantity><out_Quantity.quantity>343.572459</out_Quantity.quantity></Point><Point><position>5663</position><in_Quantity.quantity>0.000000</in_Quantity.quantity><out_Quantity.quantity>844.948892</out_Quantity.quantity></Point><Point><position>5664</position><in_Quantity.quantity>0.000000</in_Quantity.quantity><out_Quantity.quantity>513.748829</out_Quantity.quantity></Point><Point><position>5665</position><in_Quantity.quantity>0.000000</in_Quantity.quantity><out_Quantity.quantity>283.578254</out_Quantity.quantity></Point><Point><position>5666</position><in_Quantity.quantity>0.000000</in_Quantity.quantity><out_Quantity.quantity>613.885455</out_Quantity.quantity></Point><Point><position>5667</position><in_Quantity.quantity>0.000000</in_Quantity.quantity><out_Quantity.quantity>537.252429</out_Quantity.quantity></Point><Point><position>5668</position><in_Quantity.quantity>0.000000</in_Quantity.quantity><out_Quantity.quantity>320.677932</out_Quantity.quantity></Point><Point><position>5669</position><in_Quantity.quantity>0.000000</in_Quantity.quantity><out_Quantity.quantity>962.168524</out_Quantity.quantity></Point><Point><position>5670</position><in_Quantity.quantity>0.000000</in_Quantity.quantity><out_Quantity.quantity>519.009558</out_Quantity.quantity></Point><Point><position>5671</position><in_Quantity.quantity>0.000000</in_Quantity.quantity><out_Quantity.quantity>202.183027</out_Quantity.quantity></Point><Point><position>5672</position><in_Quantity.quantity>0.000000</in_Quantity.quantity><out_Quantity.quantity>192.572878</out_Quantity.quantity></Point><Point><position>5673</position><in_Quantity.quantity>0.000000</in_Quantity.quantity><out_Quantity.quantity>543.433387</out_Quantity.quantity></Point><Point><position>5674</position><in_Quantity.quantity>0.000000</in_Quantity.quantity><out_Quantity.quantity>585.816917</out_Quantity.quantity></Point><Point><position>5675</position><in_Quantity.quantity>0.000000</in_Quantity.quantity><out_Quantity.quantity>607.240193</out_Quantity.quantity></Point><Point><position>5676</position><in_Quantity.quantity>0.000000</in_Quantity.quantity><out_Quantity.quantity>940.608008</out_Quantity.quantity></Point><Point><position>5677</position><in_Quantity.quantity>0.000000</in_Quantity.quantity><out_Quantity.quantity>347.416684</out_Quantity.quantity></Point><Point><position>5678</position><in_Quantity.quantity>0.000000</in_Quantity.quantity><out_Quantity.quantity>972.442377</out_Quantity.quantity></Point><Point><position>5679</position><in_Quantity.quantity>0.000000</in_Quantity.quantity><out_Quantity.quantity>930.235029</out_Quantity.quantity></Point><Point><position>5680</position><in_Quantity.quantity>0.000000</in_Quantity.quantity><out_Quantity.quantity>434.592415</out_Quantity.quantity></Point><Point><position>5681</position><in_Quantity.quantity>0.000000</in_Quantity.quantity><out_Quantity.quantity>181.327268</out_Quantity.quantity></Point><Point><position>5682</position><in_Quantity.quantity>0.000000</in_Quantity.quantity><out_Quantity.quantity>630.542895</out_Quantity.quantity></Point><Point><position>5683</position><in_Quantity.quantity>0.000000</in_Quantity.quantity><out_Quantity.quantity>226.023453</out_Quantity.quantity></Point><Point><position>5684</position><in_Quantity.quantity>0.000000</in_Quantity.quantity><out_Quantity.quantity>461.920094</out_Quantity.quantity></Point><Point><position>5685</position><in_Quantity.quantity>0.000000</in_Quantity.quantity><out_Quantity.quantity>336.001655</out_Quantity.quantity></Point><Point><position>5686</position><in_Quantity.quantity>0.000000</in_Quantity.quantity><out_Quantity.quantity>23.767520</out_Quantity.quantity></Point><Point><position>5687</position><in_Quantity.quantity>0.000000</in_Quantity.quantity><out_Quantity.quantity>910.289429</out_Quantity.quantity></Point><Point><position>5688</position><in_Quantity.quantity>0.000000</in_Quantity.quantity><out_Quantity.quantity>295.038271</out_Quantity.quantity></Point><Point><position>5689</position><in_Quantity.quantity>0.000000</in_Quantity.quantity><out_Quantity.quantity>433.189959</out_Quantity.quantity></Point><Point><position>5690</position><in_Quantity.quantity>0.000000</in_Quantity.quantity><out_Quantity.quantity>826.071940</out_Quantity.quantity></Point><Point><position>5691</position><in_Quantity.quantity>0.000000</in_Quantity.quantity><out_Quantity.quantity>968.389415</out_Quantity.quantity></Point><Point><position>5692</position><in_Quantity.quantity>0.000000</in_Quantity.quantity><out_Quantity.quantity>155.584313</out_Quantity.quantity></Point><Point><position>5693</position><in_Quantity.quantity>0.000000</in_Quantity.quantity><out_Quantity.quantity>322.560092</out_Quantity.quantity></Point><Point><position>5694</position><in_Quantity.quantity>0.000000</in_Quantity.quantity><out_Quantity.quantity>371.463009</out_Quantity.quantity></Point><Point><position>5695</position><in_Quantity.quantity>0.000000</in_Quantity.quantity><out_Quantity.quantity>672.126956</out_Quantity.quantity></Point><Point><position>5696</position><in_Quantity.quantity>0.000000</in_Quantity.quantity><out_Quantity.quantity>880.545492</out_Quantity.quantity></Point><Point><position>5697</position><in_Quantity.quantity>0.000000</in_Quantity.quantity><out_Quantity.quantity>130.298757</out_Quantity.quantity></Point><Point><position>5698</position><in_Quantity.quantity>0.000000</in_Quantity.quantity><out_Quantity.quantity>152.306394</out_Quantity.quantity></Point><Point><position>5699</position><in_Quantity.quantity>0.000000</in_Quantity.quantity><out_Quantity.quantity>426.125470</out_Quantity.quantity></Point><Point><position>5700</position><in_Quantity.quantity>0.000000</in_Quantity.quantity><out_Quantity.quantity>279.544407</out_Quantity.quantity></Point><Point><position>5701</position><in_Quantity.quantity>0.000000</in_Quantity.quantity><out_Quantity.quantity>529.895685</out_Quantity.quantity></Point><Point><position>5702</position><in_Quantity.quantity>0.000000</in_Quantity.quantity><out_Quantity.quantity>903.313557</out_Quantity.quantity></Point><Point><position>5703</position><in_Quantity.quantity>0.000000</in_Quantity.quantity><out_Quantity.quantity>256.674502</out_Quantity.quantity></Point><Point><position>5704</position><in_Quantity.quantity>0.000000</in_Quantity.quantity><out_Quantity.quantity>421.569832</out_Quantity.quantity></Point><Point><position>5705</position><in_Quantity.quantity>0.000000</in_Quantity.quantity><out_Quantity.quantity>672.393036</out_Quantity.quantity></Point><Point><position>5706</position><in_Quantity.quantity>0.000000</in_Quantity.quantity><out_Quantity.quantity>48.347567</out_Quantity.quantity></Point><Point><position>5707</position><in_Quantity.quantity>0.000000</in_Quantity.quantity><out_Quantity.quantity>418.172713</out_Quantity.quantity></Point><Point><position>5708</position><in_Quantity.quantity>0.000000</in_Quantity.quantity><out_Quantity.quantity>632.821208</out_Quantity.quantity></Point><Point><position>5709</position><in_Quantity.quantity>0.000000</in_Quantity.quantity><out_Quantity.quantity>217.684201</out_Quantity.quantity></Point><Point><position>5710</position><in_Quantity.quantity>0.000000</in_Quantity.quantity><out_Quantity.quantity>720.852812</out_Quantity.quantity></Point><Point><position>5711</position><in_Quantity.quantity>0.000000</in_Quantity.quantity><out_Quantity.quantity>260.623451</out_Quantity.quantity></Point><Point><position>5712</position><in_Quantity.quantity>0.000000</in_Quantity.quantity><out_Quantity.quantity>426.884120</out_Quantity.quantity></Point><Point><position>5713</position><in_Quantity.quantity>0.000000</in_Quantity.quantity><out_Quantity.quantity>185.049779</out_Quantity.quantity></Point><Point><position>5714</position><in_Quantity.quantity>0.000000</in_Quantity.quantity><out_Quantity.quantity>92.628328</out_Quantity.quantity></Point><Point><position>5715</position><in_Quantity.quantity>0.000000</in_Quantity.quantity><out_Quantity.quantity>91.758982</out_Quantity.quantity></Point><Point><position>5716</position><in_Quantity.quantity>0.000000</in_Quantity.quantity><out_Quantity.quantity>822.428995</out_Quantity.quantity></Point><Point><position>5717</position><in_Quantity.quantity>0.000000</in_Quantity.quantity><out_Quantity.quantity>410.036645</out_Quantity.quantity></Point><Point><position>5718</position><in_Quantity.quantity>0.000000</in_Quantity.quantity><out_Quantity.quantity>473.110139</out_Quantity.quantity></Point><Point><position>5719</position><in_Quantity.quantity>0.000000</in_Quantity.quantity><out_Quantity.quantity>547.446974</out_Quantity.quantity></Point><Point><position>5720</position><in_Quantity.quantity>0.000000</in_Quantity.quantity><out_Quantity.quantity>808.090232</out_Quantity.quantity></Point><Point><position>5721</position><in_Quantity.quantity>0.000000</in_Quantity.quantity><out_Quantity.quantity>455.018062</out_Quantity.quantity></Point><Point><position>5722</position><in_Quantity.quantity>0.000000</in_Quantity.quantity><out_Quantity.quantity>344.351712</out_Quantity.quantity></Point><Point><position>5723</position><in_Quantity.quantity>0.000000</in_Quantity.quantity><out_Quantity.quantity>262.320688</out_Quantity.quantity></Point><Point><position>5724</position><in_Quantity.quantity>0.000000</in_Quantity.quantity><out_Quantity.quantity>277.957723</out_Quantity.quantity></Point><Point><position>5725</position><in_Quantity.quantity>0.000000</in_Quantity.quantity><out_Quantity.quantity>241.016345</out_Quantity.quantity></Point><Point><position>5726</position><in_Quantity.quantity>0.000000</in_Quantity.quantity><out_Quantity.quantity>739.970940</out_Quantity.quantity></Point><Point><position>5727</position><in_Quantity.quantity>0.000000</in_Quantity.quantity><out_Quantity.quantity>18.280470</out_Quantity.quantity></Point><Point><position>5728</position><in_Quantity.quantity>0.000000</in_Quantity.quantity><out_Quantity.quantity>485.970428</out_Quantity.quantity></Point><Point><position>5729</position><in_Quantity.quantity>0.000000</in_Quantity.quantity><out_Quantity.quantity>203.316515</out_Quantity.quantity></Point><Point><position>5730</position><in_Quantity.quantity>0.000000</in_Quantity.quantity><out_Quantity.quantity>966.528133</out_Quantity.quantity></Point><Point><position>5731</position><in_Quantity.quantity>0.000000</in_Quantity.quantity><out_Quantity.quantity>772.119097</out_Quantity.quantity></Point><Point><position>5732</position><in_Quantity.quantity>0.000000</in_Quantity.quantity><out_Quantity.quantity>120.527936</out_Quantity.quantity></Point><Point><position>5733</position><in_Quantity.quantity>0.000000</in_Quantity.quantity><out_Quantity.quantity>415.847086</out_Quantity.quantity></Point><Point><position>5734</position><in_Quantity.quantity>0.000000</in_Quantity.quantity><out_Quantity.quantity>926.531987</out_Quantity.quantity></Point><Point><position>5735</position><in_Quantity.quantity>0.000000</in_Quantity.quantity><out_Quantity.quantity>481.717873</out_Quantity.quantity></Point><Point><position>5736</position><in_Quantity.quantity>0.000000</in_Quantity.quantity><out_Quantity.quantity>269.980286</out_Quantity.quantity></Point><Point><position>5737</position><in_Quantity.quantity>0.000000</in_Quantity.quantity><out_Quantity.quantity>285.205952</out_Quantity.quantity></Point><Point><position>5738</position><in_Quantity.quantity>0.000000</in_Quantity.quantity><out_Quantity.quantity>757.562820</out_Quantity.quantity></Point><Point><position>5739</position><in_Quantity.quantity>0.000000</in_Quantity.quantity><out_Quantity.quantity>323.567982</out_Quantity.quantity></Point><Point><position>5740</position><in_Quantity.quantity>0.000000</in_Quantity.quantity><out_Quantity.quantity>464.871013</out_Quantity.quantity></Point><Point><position>5741</position><in_Quantity.quantity>0.000000</in_Quantity.quantity><out_Quantity.quantity>140.522493</out_Quantity.quantity></Point><Point><position>5742</position><in_Quantity.quantity>0.000000</in_Quantity.quantity><out_Quantity.quantity>374.289722</out_Quantity.quantity></Point><Point><position>5743</position><in_Quantity.quantity>0.000000</in_Quantity.quantity><out_Quantity.quantity>126.295132</out_Quantity.quantity></Point><Point><position>5744</position><in_Quantity.quantity>0.000000</in_Quantity.quantity><out_Quantity.quantity>304.128126</out_Quantity.quantity></Point><Point><position>5745</position><in_Quantity.quantity>0.000000</in_Quantity.quantity><out_Quantity.quantity>493.847833</out_Quantity.quantity></Point><Point><position>5746</position><in_Quantity.quantity>0.000000</in_Quantity.quantity><out_Quantity.quantity>707.832625</out_Quantity.quantity></Point><Point><position>5747</position><in_Quantity.quantity>0.000000</in_Quantity.quantity><out_Quantity.quantity>506.523988</out_Quantity.quantity></Point><Point><position>5748</position><in_Quantity.quantity>0.000000</in_Quantity.quantity><out_Quantity.quantity>521.013327</out_Quantity.quantity></Point><Point><position>5749</position><in_Quantity.quantity>0.000000</in_Quantity.quantity><out_Quantity.quantity>888.104669</out_Quantity.quantity></Point><Point><position>5750</position><in_Quantity.quantity>0.000000</in_Quantity.quantity><out_Quantity.quantity>515.056146</out_Quantity.quantity></Point><Point><position>5751</position><in_Quantity.quantity>0.000000</in_Quantity.quantity><out_Quantity.quantity>837.008265</out_Quantity.quantity></Point><Point><position>5752</position><in_Quantity.quantity>0.000000</in_Quantity.quantity><out_Quantity.quantity>332.760572</out_Quantity.quantity></Point><Point><position>5753</position><in_Quantity.quantity>0.000000</in_Quantity.quantity><out_Quantity.quantity>178.084216</out_Quantity.quantity></Point><Point><position>5754</position><in_Quantity.quantity>0.000000</in_Quantity.quantity><out_Quantity.quantity>192.813133</out_Quantity.quantity></Point><Point><position>5755</position><in_Quantity.quantity>0.000000</in_Quantity.quantity><out_Quantity.quantity>171.319108</out_Quantity.quantity></Point><Point><position>5756</position><in_Quantity.quantity>0.000000</in_Quantity.quantity><out_Quantity.quantity>71.913472</out_Quantity.quantity></Point><Point><position>5757</position><in_Quantity.quantity>0.000000</in_Quantity.quantity><out_Quantity.quantity>701.951648</out_Quantity.quantity></Point><Point><position>5758</position><in_Quantity.quantity>0.000000</in_Quantity.quantity><out_Quantity.quantity>498.221335</out_Quantity.quantity></Point><Point><position>5759</position><in_Quantity.quantity>0.000000</in_Quantity.quantity><out_Quantity.quantity>717.495768</out_Quantity.quantity></Point><Point><position>5760</position><in_Quantity.quantity>0.000000</in_Quantity.quantity><out_Quantity.quantity>973.908640</out_Quantity.quantity></Point><Point><position>5761</position><in_Quantity.quantity>0.000000</in_Quantity.quantity><out_Quantity.quantity>250.565388</out_Quantity.quantity></Point><Point><position>5762</position><in_Quantity.quantity>0.000000</in_Quantity.quantity><out_Quantity.quantity>514.648367</out_Quantity.quantity></Point><Point><position>5763</position><in_Quantity.quantity>0.000000</in_Quantity.quantity><out_Quantity.quantity>194.713342</out_Quantity.quantity></Point><Point><position>5764</position><in_Quantity.quantity>0.000000</in_Quantity.quantity><out_Quantity.quantity>925.970351</out_Quantity.quantity></Point><Point><position>5765</position><in_Quantity.quantity>0.000000</in_Quantity.quantity><out_Quantity.quantity>352.887818</out_Quantity.quantity></Point><Point><position>5766</position><in_Quantity.quantity>0.000000</in_Quantity.quantity><out_Quantity.quantity>715.162724</out_Quantity.quantity></Point><Point><position>5767</position><in_Quantity.quantity>0.000000</in_Quantity.quantity><out_Quantity.quantity>37.493870</out_Quantity.quantity></Point><Point><position>5768</position><in_Quantity.quantity>0.000000</in_Quantity.quantity><out_Quantity.quantity>424.983980</out_Quantity.quantity></Point><Point><position>5769</position><in_Quantity.quantity>0.000000</in_Quantity.quantity><out_Quantity.quantity>658.652110</out_Quantity.quantity></Point><Point><position>5770</position><in_Quantity.quantity>0.000000</in_Quantity.quantity><out_Quantity.quantity>225.092989</out_Quantity.quantity></Point><Point><position>5771</position><in_Quantity.quantity>0.000000</in_Quantity.quantity><out_Quantity.quantity>487.891143</out_Quantity.quantity></Point><Point><position>5772</position><in_Quantity.quantity>0.000000</in_Quantity.quantity><out_Quantity.quantity>762.973172</out_Quantity.quantity></Point><Point><position>5773</position><in_Quantity.quantity>0.000000</in_Quantity.quantity><out_Quantity.quantity>971.494239</out_Quantity.quantity></Point><Point><position>5774</position><in_Quantity.quantity>0.000000</in_Quantity.quantity><out_Quantity.quantity>776.602935</out_Quantity.quantity></Point><Point><position>5775</position><in_Quantity.quantity>0.000000</in_Quantity.quantity><out_Quantity.quantity>706.246757</out_Quantity.quantity></Point><Point><position>5776</position><in_Quantity.quantity>0.000000</in_Quantity.quantity><out_Quantity.quantity>663.689945</out_Quantity.quantity></Point><Point><position>5777</position><in_Quantity.quantity>0.000000</in_Quantity.quantity><out_Quantity.quantity>608.614784</out_Quantity.quantity></Point><Point><position>5778</position><in_Quantity.quantity>0.000000</in_Quantity.quantity><out_Quantity.quantity>75.670140</out_Quantity.quantity></Point><Point><position>5779</position><in_Quantity.quantity>0.000000</in_Quantity.quantity><out_Quantity.quantity>413.824405</out_Quantity.quantity></Point><Point><position>5780</position><in_Quantity.quantity>0.000000</in_Quantity.quantity><out_Quantity.quantity>402.391536</out_Quantity.quantity></Point><Point><position>5781</position><in_Quantity.quantity>0.000000</in_Quantity.quantity><out_Quantity.quantity>762.539130</out_Quantity.quantity></Point><Point><position>5782</position><in_Quantity.quantity>0.000000</in_Quantity.quantity><out_Quantity.quantity>752.038201</out_Quantity.quantity></Point><Point><position>5783</position><in_Quantity.quantity>0.000000</in_Quantity.quantity><out_Quantity.quantity>159.596440</out_Quantity.quantity></Point><Point><position>5784</position><in_Quantity.quantity>0.000000</in_Quantity.quantity><out_Quantity.quantity>581.835940</out_Quantity.quantity></Point><Point><position>5785</position><in_Quantity.quantity>0.000000</in_Quantity.quantity><out_Quantity.quantity>737.623770</out_Quantity.quantity></Point><Point><position>5786</position><in_Quantity.quantity>0.000000</in_Quantity.quantity><out_Quantity.quantity>609.278090</out_Quantity.quantity></Point><Point><position>5787</position><in_Quantity.quantity>0.000000</in_Quantity.quantity><out_Quantity.quantity>131.989518</out_Quantity.quantity></Point><Point><position>5788</position><in_Quantity.quantity>0.000000</in_Quantity.quantity><out_Quantity.quantity>662.733289</out_Quantity.quantity></Point><Point><position>5789</position><in_Quantity.quantity>0.000000</in_Quantity.quantity><out_Quantity.quantity>505.349894</out_Quantity.quantity></Point><Point><position>5790</position><in_Quantity.quantity>0.000000</in_Quantity.quantity><out_Quantity.quantity>628.220687</out_Quantity.quantity></Point><Point><position>5791</position><in_Quantity.quantity>0.000000</in_Quantity.quantity><out_Quantity.quantity>706.961622</out_Quantity.quantity></Point><Point><position>5792</position><in_Quantity.quantity>0.000000</in_Quantity.quantity><out_Quantity.quantity>157.905667</out_Quantity.quantity></Point><Point><position>5793</position><in_Quantity.quantity>0.000000</in_Quantity.quantity><out_Quantity.quantity>89.563183</out_Quantity.quantity></Point><Point><position>5794</position><in_Quantity.quantity>0.000000</in_Quantity.quantity><out_Quantity.quantity>68.234460</out_Quantity.quantity></Point><Point><position>5795</position><in_Quantity.quantity>0.000000</in_Quantity.quantity><out_Quantity.quantity>127.224995</out_Quantity.quantity></Point><Point><position>5796</position><in_Quantity.quantity>0.000000</in_Quantity.quantity><out_Quantity.quantity>644.716367</out_Quantity.quantity></Point><Point><position>5797</position><in_Quantity.quantity>0.000000</in_Quantity.quantity><out_Quantity.quantity>368.014902</out_Quantity.quantity></Point><Point><position>5798</position><in_Quantity.quantity>0.000000</in_Quantity.quantity><out_Quantity.quantity>808.674116</out_Quantity.quantity></Point><Point><position>5799</position><in_Quantity.quantity>0.000000</in_Quantity.quantity><out_Quantity.quantity>646.803583</out_Quantity.quantity></Point><Point><position>5800</position><in_Quantity.quantity>0.000000</in_Quantity.quantity><out_Quantity.quantity>533.122380</out_Quantity.quantity></Point><Point><position>5801</position><in_Quantity.quantity>0.000000</in_Quantity.quantity><out_Quantity.quantity>497.707403</out_Quantity.quantity></Point><Point><position>5802</position><in_Quantity.quantity>0.000000</in_Quantity.quantity><out_Quantity.quantity>623.208932</out_Quantity.quantity></Point><Point><position>5803</position><in_Quantity.quantity>0.000000</in_Quantity.quantity><out_Quantity.quantity>693.736016</out_Quantity.quantity></Point><Point><position>5804</position><in_Quantity.quantity>0.000000</in_Quantity.quantity><out_Quantity.quantity>73.277272</out_Quantity.quantity></Point><Point><position>5805</position><in_Quantity.quantity>0.000000</in_Quantity.quantity><out_Quantity.quantity>707.117815</out_Quantity.quantity></Point><Point><position>5806</position><in_Quantity.quantity>0.000000</in_Quantity.quantity><out_Quantity.quantity>323.058784</out_Quantity.quantity></Point><Point><position>5807</position><in_Quantity.quantity>0.000000</in_Quantity.quantity><out_Quantity.quantity>924.413227</out_Quantity.quantity></Point><Point><position>5808</position><in_Quantity.quantity>0.000000</in_Quantity.quantity><out_Quantity.quantity>582.080468</out_Quantity.quantity></Point><Point><position>5809</position><in_Quantity.quantity>0.000000</in_Quantity.quantity><out_Quantity.quantity>386.693986</out_Quantity.quantity></Point><Point><position>5810</position><in_Quantity.quantity>0.000000</in_Quantity.quantity><out_Quantity.quantity>513.441664</out_Quantity.quantity></Point><Point><position>5811</position><in_Quantity.quantity>0.000000</in_Quantity.quantity><out_Quantity.quantity>737.043961</out_Quantity.quantity></Point><Point><position>5812</position><in_Quantity.quantity>0.000000</in_Quantity.quantity><out_Quantity.quantity>432.493076</out_Quantity.quantity></Point><Point><position>5813</position><in_Quantity.quantity>0.000000</in_Quantity.quantity><out_Quantity.quantity>241.309157</out_Quantity.quantity></Point><Point><position>5814</position><in_Quantity.quantity>0.000000</in_Quantity.quantity><out_Quantity.quantity>120.637215</out_Quantity.quantity></Point><Point><position>5815</position><in_Quantity.quantity>0.000000</in_Quantity.quantity><out_Quantity.quantity>149.340786</out_Quantity.quantity></Point><Point><position>5816</position><in_Quantity.quantity>0.000000</in_Quantity.quantity><out_Quantity.quantity>840.417978</out_Quantity.quantity></Point><Point><position>5817</position><in_Quantity.quantity>0.000000</in_Quantity.quantity><out_Quantity.quantity>483.905135</out_Quantity.quantity></Point><Point><position>5818</position><in_Quantity.quantity>0.000000</in_Quantity.quantity><out_Quantity.quantity>102.426098</out_Quantity.quantity></Point><Point><position>5819</position><in_Quantity.quantity>0.000000</in_Quantity.quantity><out_Quantity.quantity>518.913279</out_Quantity.quantity></Point><Point><position>5820</position><in_Quantity.quantity>0.000000</in_Quantity.quantity><out_Quantity.quantity>259.078968</out_Quantity.quantity></Point><Point><position>5821</position><in_Quantity.quantity>0.000000</in_Quantity.quantity><out_Quantity.quantity>354.545268</out_Quantity.quantity></Point><Point><position>5822</position><in_Quantity.quantity>0.000000</in_Quantity.quantity><out_Quantity.quantity>325.607033</out_Quantity.quantity></Point><Point><position>5823</position><in_Quantity.quantity>0.000000</in_Quantity.quantity><out_Quantity.quantity>561.639809</out_Quantity.quantity></Point><Point><position>5824</position><in_Quantity.quantity>0.000000</in_Quantity.quantity><out_Quantity.quantity>101.725679</out_Quantity.quantity></Point><Point><position>5825</position><in_Quantity.quantity>0.000000</in_Quantity.quantity><out_Quantity.quantity>877.852445</out_Quantity.quantity></Point><Point><position>5826</position><in_Quantity.quantity>0.000000</in_Quantity.quantity><out_Quantity.quantity>561.925093</out_Quantity.quantity></Point><Point><position>5827</position><in_Quantity.quantity>0.000000</in_Quantity.quantity><out_Quantity.quantity>611.570698</out_Quantity.quantity></Point><Point><position>5828</position><in_Quantity.quantity>0.000000</in_Quantity.quantity><out_Quantity.quantity>847.053337</out_Quantity.quantity></Point><Point><position>5829</position><in_Quantity.quantity>0.000000</in_Quantity.quantity><out_Quantity.quantity>19.293337</out_Quantity.quantity></Point><Point><position>5830</position><in_Quantity.quantity>0.000000</in_Quantity.quantity><out_Quantity.quantity>947.929094</out_Quantity.quantity></Point><Point><position>5831</position><in_Quantity.quantity>0.000000</in_Quantity.quantity><out_Quantity.quantity>839.428042</out_Quantity.quantity></Point><Point><position>5832</position><in_Quantity.quantity>0.000000</in_Quantity.quantity><out_Quantity.quantity>609.433429</out_Quantity.quantity></Point><Point><position>5833</position><in_Quantity.quantity>0.000000</in_Quantity.quantity><out_Quantity.quantity>361.155133</out_Quantity.quantity></Point><Point><position>5834</position><in_Quantity.quantity>0.000000</in_Quantity.quantity><out_Quantity.quantity>779.995112</out_Quantity.quantity></Point><Point><position>5835</position><in_Quantity.quantity>0.000000</in_Quantity.quantity><out_Quantity.quantity>847.079915</out_Quantity.quantity></Point><Point><position>5836</position><in_Quantity.quantity>0.000000</in_Quantity.quantity><out_Quantity.quantity>936.366112</out_Quantity.quantity></Point><Point><position>5837</position><in_Quantity.quantity>0.000000</in_Quantity.quantity><out_Quantity.quantity>772.245529</out_Quantity.quantity></Point><Point><position>5838</position><in_Quantity.quantity>0.000000</in_Quantity.quantity><out_Quantity.quantity>135.081394</out_Quantity.quantity></Point><Point><position>5839</position><in_Quantity.quantity>0.000000</in_Quantity.quantity><out_Quantity.quantity>212.640681</out_Quantity.quantity></Point><Point><position>5840</position><in_Quantity.quantity>0.000000</in_Quantity.quantity><out_Quantity.quantity>339.535657</out_Quantity.quantity></Point><Point><position>5841</position><in_Quantity.quantity>0.000000</in_Quantity.quantity><out_Quantity.quantity>108.978980</out_Quantity.quantity></Point><Point><position>5842</position><in_Quantity.quantity>0.000000</in_Quantity.quantity><out_Quantity.quantity>374.573978</out_Quantity.quantity></Point><Point><position>5843</position><in_Quantity.quantity>0.000000</in_Quantity.quantity><out_Quantity.quantity>674.355442</out_Quantity.quantity></Point><Point><position>5844</position><in_Quantity.quantity>0.000000</in_Quantity.quantity><out_Quantity.quantity>859.907955</out_Quantity.quantity></Point><Point><position>5845</position><in_Quantity.quantity>0.000000</in_Quantity.quantity><out_Quantity.quantity>88.090623</out_Quantity.quantity></Point><Point><position>5846</position><in_Quantity.quantity>0.000000</in_Quantity.quantity><out_Quantity.quantity>335.886463</out_Quantity.quantity></Point><Point><position>5847</position><in_Quantity.quantity>0.000000</in_Quantity.quantity><out_Quantity.quantity>287.491763</out_Quantity.quantity></Point><Point><position>5848</position><in_Quantity.quantity>0.000000</in_Quantity.quantity><out_Quantity.quantity>401.596049</out_Quantity.quantity></Point><Point><position>5849</position><in_Quantity.quantity>0.000000</in_Quantity.quantity><out_Quantity.quantity>235.293520</out_Quantity.quantity></Point><Point><position>5850</position><in_Quantity.quantity>0.000000</in_Quantity.quantity><out_Quantity.quantity>78.491136</out_Quantity.quantity></Point><Point><position>5851</position><in_Quantity.quantity>0.000000</in_Quantity.quantity><out_Quantity.quantity>698.692160</out_Quantity.quantity></Point><Point><position>5852</position><in_Quantity.quantity>0.000000</in_Quantity.quantity><out_Quantity.quantity>991.367662</out_Quantity.quantity></Point><Point><position>5853</position><in_Quantity.quantity>0.000000</in_Quantity.quantity><out_Quantity.quantity>439.252381</out_Quantity.quantity></Point><Point><position>5854</position><in_Quantity.quantity>0.000000</in_Quantity.quantity><out_Quantity.quantity>658.394799</out_Quantity.quantity></Point><Point><position>5855</position><in_Quantity.quantity>0.000000</in_Quantity.quantity><out_Quantity.quantity>217.245485</out_Quantity.quantity></Point><Point><position>5856</position><in_Quantity.quantity>0.000000</in_Quantity.quantity><out_Quantity.quantity>587.028905</out_Quantity.quantity></Point><Point><position>5857</position><in_Quantity.quantity>0.000000</in_Quantity.quantity><out_Quantity.quantity>150.903457</out_Quantity.quantity></Point><Point><position>5858</position><in_Quantity.quantity>0.000000</in_Quantity.quantity><out_Quantity.quantity>150.848408</out_Quantity.quantity></Point><Point><position>5859</position><in_Quantity.quantity>0.000000</in_Quantity.quantity><out_Quantity.quantity>520.657276</out_Quantity.quantity></Point><Point><position>5860</position><in_Quantity.quantity>0.000000</in_Quantity.quantity><out_Quantity.quantity>334.793634</out_Quantity.quantity></Point><Point><position>5861</position><in_Quantity.quantity>0.000000</in_Quantity.quantity><out_Quantity.quantity>631.546713</out_Quantity.quantity></Point><Point><position>5862</position><in_Quantity.quantity>0.000000</in_Quantity.quantity><out_Quantity.quantity>363.178522</out_Quantity.quantity></Point><Point><position>5863</position><in_Quantity.quantity>0.000000</in_Quantity.quantity><out_Quantity.quantity>809.939312</out_Quantity.quantity></Point><Point><position>5864</position><in_Quantity.quantity>0.000000</in_Quantity.quantity><out_Quantity.quantity>699.764784</out_Quantity.quantity></Point><Point><position>5865</position><in_Quantity.quantity>0.000000</in_Quantity.quantity><out_Quantity.quantity>116.665214</out_Quantity.quantity></Point><Point><position>5866</position><in_Quantity.quantity>0.000000</in_Quantity.quantity><out_Quantity.quantity>440.621510</out_Quantity.quantity></Point><Point><position>5867</position><in_Quantity.quantity>0.000000</in_Quantity.quantity><out_Quantity.quantity>357.944695</out_Quantity.quantity></Point><Point><position>5868</position><in_Quantity.quantity>0.000000</in_Quantity.quantity><out_Quantity.quantity>500.541585</out_Quantity.quantity></Point><Point><position>5869</position><in_Quantity.quantity>0.000000</in_Quantity.quantity><out_Quantity.quantity>536.341362</out_Quantity.quantity></Point><Point><position>5870</position><in_Quantity.quantity>0.000000</in_Quantity.quantity><out_Quantity.quantity>963.228943</out_Quantity.quantity></Point><Point><position>5871</position><in_Quantity.quantity>0.000000</in_Quantity.quantity><out_Quantity.quantity>989.097432</out_Quantity.quantity></Point><Point><position>5872</position><in_Quantity.quantity>0.000000</in_Quantity.quantity><out_Quantity.quantity>649.739383</out_Quantity.quantity></Point><Point><position>5873</position><in_Quantity.quantity>0.000000</in_Quantity.quantity><out_Quantity.quantity>233.192751</out_Quantity.quantity></Point><Point><position>5874</position><in_Quantity.quantity>0.000000</in_Quantity.quantity><out_Quantity.quantity>582.664870</out_Quantity.quantity></Point><Point><position>5875</position><in_Quantity.quantity>0.000000</in_Quantity.quantity><out_Quantity.quantity>190.504816</out_Quantity.quantity></Point><Point><position>5876</position><in_Quantity.quantity>0.000000</in_Quantity.quantity><out_Quantity.quantity>695.574045</out_Quantity.quantity></Point><Point><position>5877</position><in_Quantity.quantity>0.000000</in_Quantity.quantity><out_Quantity.quantity>690.177974</out_Quantity.quantity></Point><Point><position>5878</position><in_Quantity.quantity>0.000000</in_Quantity.quantity><out_Quantity.quantity>235.721324</out_Quantity.quantity></Point><Point><position>5879</position><in_Quantity.quantity>0.000000</in_Quantity.quantity><out_Quantity.quantity>719.711946</out_Quantity.quantity></Point><Point><position>5880</position><in_Quantity.quantity>0.000000</in_Quantity.quantity><out_Quantity.quantity>578.160542</out_Quantity.quantity></Point><Point><position>5881</position><in_Quantity.quantity>0.000000</in_Quantity.quantity><out_Quantity.quantity>800.705469</out_Quantity.quantity></Point><Point><position>5882</position><in_Quantity.quantity>0.000000</in_Quantity.quantity><out_Quantity.quantity>783.306191</out_Quantity.quantity></Point><Point><position>5883</position><in_Quantity.quantity>0.000000</in_Quantity.quantity><out_Quantity.quantity>822.346307</out_Quantity.quantity></Point><Point><position>5884</position><in_Quantity.quantity>0.000000</in_Quantity.quantity><out_Quantity.quantity>548.907072</out_Quantity.quantity></Point><Point><position>5885</position><in_Quantity.quantity>0.000000</in_Quantity.quantity><out_Quantity.quantity>432.379485</out_Quantity.quantity></Point><Point><position>5886</position><in_Quantity.quantity>0.000000</in_Quantity.quantity><out_Quantity.quantity>616.437740</out_Quantity.quantity></Point><Point><position>5887</position><in_Quantity.quantity>0.000000</in_Quantity.quantity><out_Quantity.quantity>934.609626</out_Quantity.quantity></Point><Point><position>5888</position><in_Quantity.quantity>0.000000</in_Quantity.quantity><out_Quantity.quantity>705.851884</out_Quantity.quantity></Point><Point><position>5889</position><in_Quantity.quantity>0.000000</in_Quantity.quantity><out_Quantity.quantity>415.580696</out_Quantity.quantity></Point><Point><position>5890</position><in_Quantity.quantity>0.000000</in_Quantity.quantity><out_Quantity.quantity>543.964291</out_Quantity.quantity></Point><Point><position>5891</position><in_Quantity.quantity>0.000000</in_Quantity.quantity><out_Quantity.quantity>643.786180</out_Quantity.quantity></Point><Point><position>5892</position><in_Quantity.quantity>0.000000</in_Quantity.quantity><out_Quantity.quantity>803.576433</out_Quantity.quantity></Point><Point><position>5893</position><in_Quantity.quantity>0.000000</in_Quantity.quantity><out_Quantity.quantity>790.305903</out_Quantity.quantity></Point><Point><position>5894</position><in_Quantity.quantity>0.000000</in_Quantity.quantity><out_Quantity.quantity>742.539486</out_Quantity.quantity></Point><Point><position>5895</position><in_Quantity.quantity>0.000000</in_Quantity.quantity><out_Quantity.quantity>671.185186</out_Quantity.quantity></Point><Point><position>5896</position><in_Quantity.quantity>0.000000</in_Quantity.quantity><out_Quantity.quantity>135.567836</out_Quantity.quantity></Point><Point><position>5897</position><in_Quantity.quantity>0.000000</in_Quantity.quantity><out_Quantity.quantity>835.417420</out_Quantity.quantity></Point><Point><position>5898</position><in_Quantity.quantity>0.000000</in_Quantity.quantity><out_Quantity.quantity>85.732778</out_Quantity.quantity></Point><Point><position>5899</position><in_Quantity.quantity>0.000000</in_Quantity.quantity><out_Quantity.quantity>888.560398</out_Quantity.quantity></Point><Point><position>5900</position><in_Quantity.quantity>0.000000</in_Quantity.quantity><out_Quantity.quantity>688.450454</out_Quantity.quantity></Point><Point><position>5901</position><in_Quantity.quantity>0.000000</in_Quantity.quantity><out_Quantity.quantity>371.202174</out_Quantity.quantity></Point><Point><position>5902</position><in_Quantity.quantity>0.000000</in_Quantity.quantity><out_Quantity.quantity>25.870927</out_Quantity.quantity></Point><Point><position>5903</position><in_Quantity.quantity>0.000000</in_Quantity.quantity><out_Quantity.quantity>915.346058</out_Quantity.quantity></Point><Point><position>5904</position><in_Quantity.quantity>0.000000</in_Quantity.quantity><out_Quantity.quantity>845.301628</out_Quantity.quantity></Point><Point><position>5905</position><in_Quantity.quantity>0.000000</in_Quantity.quantity><out_Quantity.quantity>398.140472</out_Quantity.quantity></Point><Point><position>5906</position><in_Quantity.quantity>0.000000</in_Quantity.quantity><out_Quantity.quantity>374.562971</out_Quantity.quantity></Point><Point><position>5907</position><in_Quantity.quantity>0.000000</in_Quantity.quantity><out_Quantity.quantity>718.954615</out_Quantity.quantity></Point><Point><position>5908</position><in_Quantity.quantity>0.000000</in_Quantity.quantity><out_Quantity.quantity>230.183720</out_Quantity.quantity></Point><Point><position>5909</position><in_Quantity.quantity>0.000000</in_Quantity.quantity><out_Quantity.quantity>60.169813</out_Quantity.quantity></Point><Point><position>5910</position><in_Quantity.quantity>0.000000</in_Quantity.quantity><out_Quantity.quantity>867.964175</out_Quantity.quantity></Point><Point><position>5911</position><in_Quantity.quantity>0.000000</in_Quantity.quantity><out_Quantity.quantity>656.557949</out_Quantity.quantity></Point><Point><position>5912</position><in_Quantity.quantity>0.000000</in_Quantity.quantity><out_Quantity.quantity>500.633955</out_Quantity.quantity></Point><Point><position>5913</position><in_Quantity.quantity>0.000000</in_Quantity.quantity><out_Quantity.quantity>643.876876</out_Quantity.quantity></Point><Point><position>5914</position><in_Quantity.quantity>0.000000</in_Quantity.quantity><out_Quantity.quantity>691.782360</out_Quantity.quantity></Point><Point><position>5915</position><in_Quantity.quantity>0.000000</in_Quantity.quantity><out_Quantity.quantity>996.626483</out_Quantity.quantity></Point><Point><position>5916</position><in_Quantity.quantity>0.000000</in_Quantity.quantity><out_Quantity.quantity>158.687353</out_Quantity.quantity></Point><Point><position>5917</position><in_Quantity.quantity>0.000000</in_Quantity.quantity><out_Quantity.quantity>690.931146</out_Quantity.quantity></Point><Point><position>5918</position><in_Quantity.quantity>0.000000</in_Quantity.quantity><out_Quantity.quantity>11.856419</out_Quantity.quantity></Point><Point><position>5919</position><in_Quantity.quantity>0.000000</in_Quantity.quantity><out_Quantity.quantity>625.706433</out_Quantity.quantity></Point><Point><position>5920</position><in_Quantity.quantity>0.000000</in_Quantity.quantity><out_Quantity.quantity>70.965632</out_Quantity.quantity></Point><Point><position>5921</position><in_Quantity.quantity>0.000000</in_Quantity.quantity><out_Quantity.quantity>754.070760</out_Quantity.quantity></Point><Point><position>5922</position><in_Quantity.quantity>0.000000</in_Quantity.quantity><out_Quantity.quantity>642.903162</out_Quantity.quantity></Point><Point><position>5923</position><in_Quantity.quantity>0.000000</in_Quantity.quantity><out_Quantity.quantity>575.296911</out_Quantity.quantity></Point><Point><position>5924</position><in_Quantity.quantity>0.000000</in_Quantity.quantity><out_Quantity.quantity>888.111442</out_Quantity.quantity></Point><Point><position>5925</position><in_Quantity.quantity>0.000000</in_Quantity.quantity><out_Quantity.quantity>401.984256</out_Quantity.quantity></Point><Point><position>5926</position><in_Quantity.quantity>0.000000</in_Quantity.quantity><out_Quantity.quantity>761.951491</out_Quantity.quantity></Point><Point><position>5927</position><in_Quantity.quantity>0.000000</in_Quantity.quantity><out_Quantity.quantity>60.760467</out_Quantity.quantity></Point><Point><position>5928</position><in_Quantity.quantity>0.000000</in_Quantity.quantity><out_Quantity.quantity>336.025399</out_Quantity.quantity></Point><Point><position>5929</position><in_Quantity.quantity>0.000000</in_Quantity.quantity><out_Quantity.quantity>492.570228</out_Quantity.quantity></Point><Point><position>5930</position><in_Quantity.quantity>0.000000</in_Quantity.quantity><out_Quantity.quantity>673.671960</out_Quantity.quantity></Point><Point><position>5931</position><in_Quantity.quantity>0.000000</in_Quantity.quantity><out_Quantity.quantity>913.170511</out_Quantity.quantity></Point><Point><position>5932</position><in_Quantity.quantity>0.000000</in_Quantity.quantity><out_Quantity.quantity>693.688575</out_Quantity.quantity></Point><Point><position>5933</position><in_Quantity.quantity>0.000000</in_Quantity.quantity><out_Quantity.quantity>26.498510</out_Quantity.quantity></Point><Point><position>5934</position><in_Quantity.quantity>0.000000</in_Quantity.quantity><out_Quantity.quantity>721.596793</out_Quantity.quantity></Point><Point><position>5935</position><in_Quantity.quantity>0.000000</in_Quantity.quantity><out_Quantity.quantity>933.867807</out_Quantity.quantity></Point><Point><position>5936</position><in_Quantity.quantity>0.000000</in_Quantity.quantity><out_Quantity.quantity>928.457074</out_Quantity.quantity></Point><Point><position>5937</position><in_Quantity.quantity>0.000000</in_Quantity.quantity><out_Quantity.quantity>757.328258</out_Quantity.quantity></Point><Point><position>5938</position><in_Quantity.quantity>0.000000</in_Quantity.quantity><out_Quantity.quantity>303.628408</out_Quantity.quantity></Point><Point><position>5939</position><in_Quantity.quantity>0.000000</in_Quantity.quantity><out_Quantity.quantity>866.720645</out_Quantity.quantity></Point><Point><position>5940</position><in_Quantity.quantity>0.000000</in_Quantity.quantity><out_Quantity.quantity>70.285531</out_Quantity.quantity></Point><Point><position>5941</position><in_Quantity.quantity>0.000000</in_Quantity.quantity><out_Quantity.quantity>358.252856</out_Quantity.quantity></Point><Point><position>5942</position><in_Quantity.quantity>0.000000</in_Quantity.quantity><out_Quantity.quantity>283.575339</out_Quantity.quantity></Point><Point><position>5943</position><in_Quantity.quantity>0.000000</in_Quantity.quantity><out_Quantity.quantity>262.022022</out_Quantity.quantity></Point><Point><position>5944</position><in_Quantity.quantity>0.000000</in_Quantity.quantity><out_Quantity.quantity>65.053525</out_Quantity.quantity></Point><Point><position>5945</position><in_Quantity.quantity>0.000000</in_Quantity.quantity><out_Quantity.quantity>392.943781</out_Quantity.quantity></Point><Point><position>5946</position><in_Quantity.quantity>0.000000</in_Quantity.quantity><out_Quantity.quantity>58.738019</out_Quantity.quantity></Point><Point><position>5947</position><in_Quantity.quantity>0.000000</in_Quantity.quantity><out_Quantity.quantity>274.144620</out_Quantity.quantity></Point><Point><position>5948</position><in_Quantity.quantity>0.000000</in_Quantity.quantity><out_Quantity.quantity>903.808310</out_Quantity.quantity></Point><Point><position>5949</position><in_Quantity.quantity>0.000000</in_Quantity.quantity><out_Quantity.quantity>881.551240</out_Quantity.quantity></Point><Point><position>5950</position><in_Quantity.quantity>0.000000</in_Quantity.quantity><out_Quantity.quantity>323.063591</out_Quantity.quantity></Point><Point><position>5951</position><in_Quantity.quantity>0.000000</in_Quantity.quantity><out_Quantity.quantity>393.258430</out_Quantity.quantity></Point><Point><position>5952</position><in_Quantity.quantity>0.000000</in_Quantity.quantity><out_Quantity.quantity>141.414720</out_Quantity.quantity></Point><Point><position>5953</position><in_Quantity.quantity>0.000000</in_Quantity.quantity><out_Quantity.quantity>313.616478</out_Quantity.quantity></Point><Point><position>5954</position><in_Quantity.quantity>0.000000</in_Quantity.quantity><out_Quantity.quantity>304.487771</out_Quantity.quantity></Point><Point><position>5955</position><in_Quantity.quantity>0.000000</in_Quantity.quantity><out_Quantity.quantity>302.860573</out_Quantity.quantity></Point><Point><position>5956</position><in_Quantity.quantity>0.000000</in_Quantity.quantity><out_Quantity.quantity>881.887722</out_Quantity.quantity></Point><Point><position>5957</position><in_Quantity.quantity>0.000000</in_Quantity.quantity><out_Quantity.quantity>777.342659</out_Quantity.quantity></Point><Point><position>5958</position><in_Quantity.quantity>0.000000</in_Quantity.quantity><out_Quantity.quantity>754.223698</out_Quantity.quantity></Point><Point><position>5959</position><in_Quantity.quantity>0.000000</in_Quantity.quantity><out_Quantity.quantity>847.161338</out_Quantity.quantity></Point><Point><position>5960</position><in_Quantity.quantity>0.000000</in_Quantity.quantity><out_Quantity.quantity>10.879508</out_Quantity.quantity></Point><Point><position>5961</position><in_Quantity.quantity>0.000000</in_Quantity.quantity><out_Quantity.quantity>718.627360</out_Quantity.quantity></Point><Point><position>5962</position><in_Quantity.quantity>0.000000</in_Quantity.quantity><out_Quantity.quantity>229.452405</out_Quantity.quantity></Point><Point><position>5963</position><in_Quantity.quantity>0.000000</in_Quantity.quantity><out_Quantity.quantity>914.940627</out_Quantity.quantity></Point><Point><position>5964</position><in_Quantity.quantity>0.000000</in_Quantity.quantity><out_Quantity.quantity>598.143831</out_Quantity.quantity></Point><Point><position>5965</position><in_Quantity.quantity>0.000000</in_Quantity.quantity><out_Quantity.quantity>925.099902</out_Quantity.quantity></Point><Point><position>5966</position><in_Quantity.quantity>0.000000</in_Quantity.quantity><out_Quantity.quantity>195.481253</out_Quantity.quantity></Point><Point><position>5967</position><in_Quantity.quantity>0.000000</in_Quantity.quantity><out_Quantity.quantity>331.788256</out_Quantity.quantity></Point><Point><position>5968</position><in_Quantity.quantity>0.000000</in_Quantity.quantity><out_Quantity.quantity>468.069508</out_Quantity.quantity></Point><Point><position>5969</position><in_Quantity.quantity>0.000000</in_Quantity.quantity><out_Quantity.quantity>605.056926</out_Quantity.quantity></Point><Point><position>5970</position><in_Quantity.quantity>0.000000</in_Quantity.quantity><out_Quantity.quantity>58.862051</out_Quantity.quantity></Point><Point><position>5971</position><in_Quantity.quantity>0.000000</in_Quantity.quantity><out_Quantity.quantity>182.559514</out_Quantity.quantity></Point><Point><position>5972</position><in_Quantity.quantity>0.000000</in_Quantity.quantity><out_Quantity.quantity>100.868149</out_Quantity.quantity></Point><Point><position>5973</position><in_Quantity.quantity>0.000000</in_Quantity.quantity><out_Quantity.quantity>800.508104</out_Quantity.quantity></Point><Point><position>5974</position><in_Quantity.quantity>0.000000</in_Quantity.quantity><out_Quantity.quantity>412.518401</out_Quantity.quantity></Point><Point><position>5975</position><in_Quantity.quantity>0.000000</in_Quantity.quantity><out_Quantity.quantity>848.559220</out_Quantity.quantity></Point><Point><position>5976</position><in_Quantity.quantity>0.000000</in_Quantity.quantity><out_Quantity.quantity>159.205573</out_Quantity.quantity></Point><Point><position>5977</position><in_Quantity.quantity>0.000000</in_Quantity.quantity><out_Quantity.quantity>302.579617</out_Quantity.quantity></Point><Point><position>5978</position><in_Quantity.quantity>0.000000</in_Quantity.quantity><out_Quantity.quantity>516.900997</out_Quantity.quantity></Point><Point><position>5979</position><in_Quantity.quantity>0.000000</in_Quantity.quantity><out_Quantity.quantity>820.684572</out_Quantity.quantity></Point><Point><position>5980</position><in_Quantity.quantity>0.000000</in_Quantity.quantity><out_Quantity.quantity>911.323838</out_Quantity.quantity></Point><Point><position>5981</position><in_Quantity.quantity>0.000000</in_Quantity.quantity><out_Quantity.quantity>996.782888</out_Quantity.quantity></Point><Point><position>5982</position><in_Quantity.quantity>0.000000</in_Quantity.quantity><out_Quantity.quantity>791.420246</out_Quantity.quantity></Point><Point><position>5983</position><in_Quantity.quantity>0.000000</in_Quantity.quantity><out_Quantity.quantity>991.974905</out_Quantity.quantity></Point><Point><position>5984</position><in_Quantity.quantity>0.000000</in_Quantity.quantity><out_Quantity.quantity>545.679278</out_Quantity.quantity></Point><Point><position>5985</position><in_Quantity.quantity>0.000000</in_Quantity.quantity><out_Quantity.quantity>359.159748</out_Quantity.quantity></Point><Point><position>5986</position><in_Quantity.quantity>0.000000</in_Quantity.quantity><out_Quantity.quantity>907.192549</out_Quantity.quantity></Point><Point><position>5987</position><in_Quantity.quantity>0.000000</in_Quantity.quantity><out_Quantity.quantity>770.800895</out_Quantity.quantity></Point><Point><position>5988</position><in_Quantity.quantity>0.000000</in_Quantity.quantity><out_Quantity.quantity>173.255980</out_Quantity.quantity></Point><Point><position>5989</position><in_Quantity.quantity>0.000000</in_Quantity.quantity><out_Quantity.quantity>550.334378</out_Quantity.quantity></Point><Point><position>5990</position><in_Quantity.quantity>0.000000</in_Quantity.quantity><out_Quantity.quantity>579.367129</out_Quantity.quantity></Point><Point><position>5991</position><in_Quantity.quantity>0.000000</in_Quantity.quantity><out_Quantity.quantity>894.123729</out_Quantity.quantity></Point><Point><position>5992</position><in_Quantity.quantity>0.000000</in_Quantity.quantity><out_Quantity.quantity>179.916631</out_Quantity.quantity></Point><Point><position>5993</position><in_Quantity.quantity>0.000000</in_Quantity.quantity><out_Quantity.quantity>766.032868</out_Quantity.quantity></Point><Point><position>5994</position><in_Quantity.quantity>0.000000</in_Quantity.quantity><out_Quantity.quantity>688.927946</out_Quantity.quantity></Point><Point><position>5995</position><in_Quantity.quantity>0.000000</in_Quantity.quantity><out_Quantity.quantity>953.822276</out_Quantity.quantity></Point><Point><position>5996</position><in_Quantity.quantity>0.000000</in_Quantity.quantity><out_Quantity.quantity>441.469303</out_Quantity.quantity></Point><Point><position>5997</position><in_Quantity.quantity>0.000000</in_Quantity.quantity><out_Quantity.quantity>958.728389</out_Quantity.quantity></Point><Point><position>5998</position><in_Quantity.quantity>0.000000</in_Quantity.quantity><out_Quantity.quantity>302.676473</out_Quantity.quantity></Point><Point><position>5999</position><in_Quantity.quantity>0.000000</in_Quantity.quantity><out_Quantity.quantity>735.885961</out_Quantity.quantity></Point><Point><position>6000</position><in_Quantity.quantity>0.000000</in_Quantity.quantity><out_Quantity.quantity>628.363499</out_Quantity.quantity></Point><Point><position>6001</position><in_Quantity.quantity>0.000000</in_Quantity.quantity><out_Quantity.quantity>539.621002</out_Quantity.quantity></Point><Point><position>6002</position><in_Quantity.quantity>0.000000</in_Quantity.quantity><out_Quantity.quantity>228.340904</out_Quantity.quantity></Point><Point><position>6003</position><in_Quantity.quantity>0.000000</in_Quantity.quantity><out_Quantity.quantity>609.514058</out_Quantity.quantity></Point><Point><position>6004</position><in_Quantity.quantity>0.000000</in_Quantity.quantity><out_Quantity.quantity>301.600593</out_Quantity.quantity></Point><Point><position>6005</position><in_Quantity.quantity>0.000000</in_Quantity.quantity><out_Quantity.quantity>994.559174</out_Quantity.quantity></Point><Point><position>6006</position><in_Quantity.quantity>0.000000</in_Quantity.quantity><out_Quantity.quantity>915.429418</out_Quantity.quantity></Point><Point><position>6007</position><in_Quantity.quantity>0.000000</in_Quantity.quantity><out_Quantity.quantity>745.395792</out_Quantity.quantity></Point><Point><position>6008</position><in_Quantity.quantity>0.000000</in_Quantity.quantity><out_Quantity.quantity>871.662923</out_Quantity.quantity></Point><Point><position>6009</position><in_Quantity.quantity>0.000000</in_Quantity.quantity><out_Quantity.quantity>827.386150</out_Quantity.quantity></Point><Point><position>6010</position><in_Quantity.quantity>0.000000</in_Quantity.quantity><out_Quantity.quantity>509.479084</out_Quantity.quantity></Point><Point><position>6011</position><in_Quantity.quantity>0.000000</in_Quantity.quantity><out_Quantity.quantity>285.113560</out_Quantity.quantity></Point><Point><position>6012</position><in_Quantity.quantity>0.000000</in_Quantity.quantity><out_Quantity.quantity>856.361829</out_Quantity.quantity></Point><Point><position>6013</position><in_Quantity.quantity>0.000000</in_Quantity.quantity><out_Quantity.quantity>38.290115</out_Quantity.quantity></Point><Point><position>6014</position><in_Quantity.quantity>0.000000</in_Quantity.quantity><out_Quantity.quantity>403.804019</out_Quantity.quantity></Point><Point><position>6015</position><in_Quantity.quantity>0.000000</in_Quantity.quantity><out_Quantity.quantity>132.378396</out_Quantity.quantity></Point><Point><position>6016</position><in_Quantity.quantity>0.000000</in_Quantity.quantity><out_Quantity.quantity>2.910641</out_Quantity.quantity></Point><Point><position>6017</position><in_Quantity.quantity>0.000000</in_Quantity.quantity><out_Quantity.quantity>45.799591</out_Quantity.quantity></Point><Point><position>6018</position><in_Quantity.quantity>0.000000</in_Quantity.quantity><out_Quantity.quantity>183.433618</out_Quantity.quantity></Point><Point><position>6019</position><in_Quantity.quantity>0.000000</in_Quantity.quantity><out_Quantity.quantity>332.890475</out_Quantity.quantity></Point><Point><position>6020</position><in_Quantity.quantity>0.000000</in_Quantity.quantity><out_Quantity.quantity>508.801887</out_Quantity.quantity></Point><Point><position>6021</position><in_Quantity.quantity>0.000000</in_Quantity.quantity><out_Quantity.quantity>709.416230</out_Quantity.quantity></Point><Point><position>6022</position><in_Quantity.quantity>0.000000</in_Quantity.quantity><out_Quantity.quantity>361.700982</out_Quantity.quantity></Point><Point><position>6023</position><in_Quantity.quantity>0.000000</in_Quantity.quantity><out_Quantity.quantity>722.425137</out_Quantity.quantity></Point><Point><position>6024</position><in_Quantity.quantity>0.000000</in_Quantity.quantity><out_Quantity.quantity>646.622375</out_Quantity.quantity></Point><Point><position>6025</position><in_Quantity.quantity>0.000000</in_Quantity.quantity><out_Quantity.quantity>718.541108</out_Quantity.quantity></Point><Point><position>6026</position><in_Quantity.quantity>0.000000</in_Quantity.quantity><out_Quantity.quantity>356.442598</out_Quantity.quantity></Point><Point><position>6027</position><in_Quantity.quantity>0.000000</in_Quantity.quantity><out_Quantity.quantity>979.171208</out_Quantity.quantity></Point><Point><position>6028</position><in_Quantity.quantity>0.000000</in_Quantity.quantity><out_Quantity.quantity>795.053648</out_Quantity.quantity></Point><Point><position>6029</position><in_Quantity.quantity>0.000000</in_Quantity.quantity><out_Quantity.quantity>819.947951</out_Quantity.quantity></Point><Point><position>6030</position><in_Quantity.quantity>0.000000</in_Quantity.quantity><out_Quantity.quantity>103.937861</out_Quantity.quantity></Point><Point><position>6031</position><in_Quantity.quantity>0.000000</in_Quantity.quantity><out_Quantity.quantity>951.312271</out_Quantity.quantity></Point><Point><position>6032</position><in_Quantity.quantity>0.000000</in_Quantity.quantity><out_Quantity.quantity>212.219849</out_Quantity.quantity></Point><Point><position>6033</position><in_Quantity.quantity>0.000000</in_Quantity.quantity><out_Quantity.quantity>445.322943</out_Quantity.quantity></Point><Point><position>6034</position><in_Quantity.quantity>0.000000</in_Quantity.quantity><out_Quantity.quantity>148.901272</out_Quantity.quantity></Point><Point><position>6035</position><in_Quantity.quantity>0.000000</in_Quantity.quantity><out_Quantity.quantity>152.124889</out_Quantity.quantity></Point><Point><position>6036</position><in_Quantity.quantity>0.000000</in_Quantity.quantity><out_Quantity.quantity>451.720507</out_Quantity.quantity></Point><Point><position>6037</position><in_Quantity.quantity>0.000000</in_Quantity.quantity><out_Quantity.quantity>929.973291</out_Quantity.quantity></Point><Point><position>6038</position><in_Quantity.quantity>0.000000</in_Quantity.quantity><out_Quantity.quantity>927.568038</out_Quantity.quantity></Point><Point><position>6039</position><in_Quantity.quantity>0.000000</in_Quantity.quantity><out_Quantity.quantity>695.412814</out_Quantity.quantity></Point><Point><position>6040</position><in_Quantity.quantity>0.000000</in_Quantity.quantity><out_Quantity.quantity>240.655469</out_Quantity.quantity></Point><Point><position>6041</position><in_Quantity.quantity>0.000000</in_Quantity.quantity><out_Quantity.quantity>426.868139</out_Quantity.quantity></Point><Point><position>6042</position><in_Quantity.quantity>0.000000</in_Quantity.quantity><out_Quantity.quantity>713.869691</out_Quantity.quantity></Point><Point><position>6043</position><in_Quantity.quantity>0.000000</in_Quantity.quantity><out_Quantity.quantity>135.441737</out_Quantity.quantity></Point><Point><position>6044</position><in_Quantity.quantity>0.000000</in_Quantity.quantity><out_Quantity.quantity>894.324548</out_Quantity.quantity></Point><Point><position>6045</position><in_Quantity.quantity>0.000000</in_Quantity.quantity><out_Quantity.quantity>547.671246</out_Quantity.quantity></Point><Point><position>6046</position><in_Quantity.quantity>0.000000</in_Quantity.quantity><out_Quantity.quantity>441.716106</out_Quantity.quantity></Point><Point><position>6047</position><in_Quantity.quantity>0.000000</in_Quantity.quantity><out_Quantity.quantity>259.291325</out_Quantity.quantity></Point><Point><position>6048</position><in_Quantity.quantity>0.000000</in_Quantity.quantity><out_Quantity.quantity>356.567343</out_Quantity.quantity></Point><Point><position>6049</position><in_Quantity.quantity>0.000000</in_Quantity.quantity><out_Quantity.quantity>443.940143</out_Quantity.quantity></Point><Point><position>6050</position><in_Quantity.quantity>0.000000</in_Quantity.quantity><out_Quantity.quantity>145.715899</out_Quantity.quantity></Point><Point><position>6051</position><in_Quantity.quantity>0.000000</in_Quantity.quantity><out_Quantity.quantity>536.509514</out_Quantity.quantity></Point><Point><position>6052</position><in_Quantity.quantity>0.000000</in_Quantity.quantity><out_Quantity.quantity>794.236287</out_Quantity.quantity></Point><Point><position>6053</position><in_Quantity.quantity>0.000000</in_Quantity.quantity><out_Quantity.quantity>686.032818</out_Quantity.quantity></Point><Point><position>6054</position><in_Quantity.quantity>0.000000</in_Quantity.quantity><out_Quantity.quantity>698.351993</out_Quantity.quantity></Point><Point><position>6055</position><in_Quantity.quantity>0.000000</in_Quantity.quantity><out_Quantity.quantity>57.959556</out_Quantity.quantity></Point><Point><position>6056</position><in_Quantity.quantity>0.000000</in_Quantity.quantity><out_Quantity.quantity>207.851510</out_Quantity.quantity></Point><Point><position>6057</position><in_Quantity.quantity>0.000000</in_Quantity.quantity><out_Quantity.quantity>168.742059</out_Quantity.quantity></Point><Point><position>6058</position><in_Quantity.quantity>0.000000</in_Quantity.quantity><out_Quantity.quantity>757.282889</out_Quantity.quantity></Point><Point><position>6059</position><in_Quantity.quantity>0.000000</in_Quantity.quantity><out_Quantity.quantity>860.579301</out_Quantity.quantity></Point><Point><position>6060</position><in_Quantity.quantity>0.000000</in_Quantity.quantity><out_Quantity.quantity>521.747238</out_Quantity.quantity></Point><Point><position>6061</position><in_Quantity.quantity>0.000000</in_Quantity.quantity><out_Quantity.quantity>429.969920</out_Quantity.quantity></Point><Point><position>6062</position><in_Quantity.quantity>0.000000</in_Quantity.quantity><out_Quantity.quantity>286.869106</out_Quantity.quantity></Point><Point><position>6063</position><in_Quantity.quantity>0.000000</in_Quantity.quantity><out_Quantity.quantity>541.667557</out_Quantity.quantity></Point><Point><position>6064</position><in_Quantity.quantity>0.000000</in_Quantity.quantity><out_Quantity.quantity>547.683917</out_Quantity.quantity></Point><Point><position>6065</position><in_Quantity.quantity>0.000000</in_Quantity.quantity><out_Quantity.quantity>343.224239</out_Quantity.quantity></Point><Point><position>6066</position><in_Quantity.quantity>0.000000</in_Quantity.quantity><out_Quantity.quantity>261.788483</out_Quantity.quantity></Point><Point><position>6067</position><in_Quantity.quantity>0.000000</in_Quantity.quantity><out_Quantity.quantity>947.581850</out_Quantity.quantity></Point><Point><position>6068</position><in_Quantity.quantity>0.000000</in_Quantity.quantity><out_Quantity.quantity>273.568040</out_Quantity.quantity></Point><Point><position>6069</position><in_Quantity.quantity>0.000000</in_Quantity.quantity><out_Quantity.quantity>896.799977</out_Quantity.quantity></Point><Point><position>6070</position><in_Quantity.quantity>0.000000</in_Quantity.quantity><out_Quantity.quantity>36.935756</out_Quantity.quantity></Point><Point><position>6071</position><in_Quantity.quantity>0.000000</in_Quantity.quantity><out_Quantity.quantity>776.537995</out_Quantity.quantity></Point><Point><position>6072</position><in_Quantity.quantity>0.000000</in_Quantity.quantity><out_Quantity.quantity>4.882927</out_Quantity.quantity></Point><Point><position>6073</position><in_Quantity.quantity>0.000000</in_Quantity.quantity><out_Quantity.quantity>807.233857</out_Quantity.quantity></Point><Point><position>6074</position><in_Quantity.quantity>0.000000</in_Quantity.quantity><out_Quantity.quantity>277.182986</out_Quantity.quantity></Point><Point><position>6075</position><in_Quantity.quantity>0.000000</in_Quantity.quantity><out_Quantity.quantity>936.266466</out_Quantity.quantity></Point><Point><position>6076</position><in_Quantity.quantity>0.000000</in_Quantity.quantity><out_Quantity.quantity>888.323678</out_Quantity.quantity></Point><Point><position>6077</position><in_Quantity.quantity>0.000000</in_Quantity.quantity><out_Quantity.quantity>638.542153</out_Quantity.quantity></Point><Point><position>6078</position><in_Quantity.quantity>0.000000</in_Quantity.quantity><out_Quantity.quantity>892.547957</out_Quantity.quantity></Point><Point><position>6079</position><in_Quantity.quantity>0.000000</in_Quantity.quantity><out_Quantity.quantity>737.901702</out_Quantity.quantity></Point><Point><position>6080</position><in_Quantity.quantity>0.000000</in_Quantity.quantity><out_Quantity.quantity>897.215340</out_Quantity.quantity></Point><Point><position>6081</position><in_Quantity.quantity>0.000000</in_Quantity.quantity><out_Quantity.quantity>448.406556</out_Quantity.quantity></Point><Point><position>6082</position><in_Quantity.quantity>0.000000</in_Quantity.quantity><out_Quantity.quantity>835.734772</out_Quantity.quantity></Point><Point><position>6083</position><in_Quantity.quantity>0.000000</in_Quantity.quantity><out_Quantity.quantity>471.279918</out_Quantity.quantity></Point><Point><position>6084</position><in_Quantity.quantity>0.000000</in_Quantity.quantity><out_Quantity.quantity>537.468166</out_Quantity.quantity></Point><Point><position>6085</position><in_Quantity.quantity>0.000000</in_Quantity.quantity><out_Quantity.quantity>73.977956</out_Quantity.quantity></Point><Point><position>6086</position><in_Quantity.quantity>0.000000</in_Quantity.quantity><out_Quantity.quantity>895.719479</out_Quantity.quantity></Point><Point><position>6087</position><in_Quantity.quantity>0.000000</in_Quantity.quantity><out_Quantity.quantity>793.645107</out_Quantity.quantity></Point><Point><position>6088</position><in_Quantity.quantity>0.000000</in_Quantity.quantity><out_Quantity.quantity>764.180053</out_Quantity.quantity></Point><Point><position>6089</position><in_Quantity.quantity>0.000000</in_Quantity.quantity><out_Quantity.quantity>794.507197</out_Quantity.quantity></Point><Point><position>6090</position><in_Quantity.quantity>0.000000</in_Quantity.quantity><out_Quantity.quantity>7.650971</out_Quantity.quantity></Point><Point><position>6091</position><in_Quantity.quantity>0.000000</in_Quantity.quantity><out_Quantity.quantity>418.281928</out_Quantity.quantity></Point><Point><position>6092</position><in_Quantity.quantity>0.000000</in_Quantity.quantity><out_Quantity.quantity>272.687548</out_Quantity.quantity></Point><Point><position>6093</position><in_Quantity.quantity>0.000000</in_Quantity.quantity><out_Quantity.quantity>763.498335</out_Quantity.quantity></Point><Point><position>6094</position><in_Quantity.quantity>0.000000</in_Quantity.quantity><out_Quantity.quantity>592.024281</out_Quantity.quantity></Point><Point><position>6095</position><in_Quantity.quantity>0.000000</in_Quantity.quantity><out_Quantity.quantity>592.658162</out_Quantity.quantity></Point><Point><position>6096</position><in_Quantity.quantity>0.000000</in_Quantity.quantity><out_Quantity.quantity>245.633119</out_Quantity.quantity></Point><Point><position>6097</position><in_Quantity.quantity>0.000000</in_Quantity.quantity><out_Quantity.quantity>273.179422</out_Quantity.quantity></Point><Point><position>6098</position><in_Quantity.quantity>0.000000</in_Quantity.quantity><out_Quantity.quantity>244.115695</out_Quantity.quantity></Point><Point><position>6099</position><in_Quantity.quantity>0.000000</in_Quantity.quantity><out_Quantity.quantity>942.078234</out_Quantity.quantity></Point><Point><position>6100</position><in_Quantity.quantity>0.000000</in_Quantity.quantity><out_Quantity.quantity>147.085637</out_Quantity.quantity></Point><Point><position>6101</position><in_Quantity.quantity>0.000000</in_Quantity.quantity><out_Quantity.quantity>969.013210</out_Quantity.quantity></Point><Point><position>6102</position><in_Quantity.quantity>0.000000</in_Quantity.quantity><out_Quantity.quantity>412.153138</out_Quantity.quantity></Point><Point><position>6103</position><in_Quantity.quantity>0.000000</in_Quantity.quantity><out_Quantity.quantity>221.154567</out_Quantity.quantity></Point><Point><position>6104</position><in_Quantity.quantity>0.000000</in_Quantity.quantity><out_Quantity.quantity>320.312486</out_Quantity.quantity></Point><Point><position>6105</position><in_Quantity.quantity>0.000000</in_Quantity.quantity><out_Quantity.quantity>896.176970</out_Quantity.quantity></Point><Point><position>6106</position><in_Quantity.quantity>0.000000</in_Quantity.quantity><out_Quantity.quantity>594.996062</out_Quantity.quantity></Point><Point><position>6107</position><in_Quantity.quantity>0.000000</in_Quantity.quantity><out_Quantity.quantity>379.406661</out_Quantity.quantity></Point><Point><position>6108</position><in_Quantity.quantity>0.000000</in_Quantity.quantity><out_Quantity.quantity>371.669624</out_Quantity.quantity></Point><Point><position>6109</position><in_Quantity.quantity>0.000000</in_Quantity.quantity><out_Quantity.quantity>129.649395</out_Quantity.quantity></Point><Point><position>6110</position><in_Quantity.quantity>0.000000</in_Quantity.quantity><out_Quantity.quantity>76.086695</out_Quantity.quantity></Point><Point><position>6111</position><in_Quantity.quantity>0.000000</in_Quantity.quantity><out_Quantity.quantity>474.968911</out_Quantity.quantity></Point><Point><position>6112</position><in_Quantity.quantity>0.000000</in_Quantity.quantity><out_Quantity.quantity>805.693563</out_Quantity.quantity></Point><Point><position>6113</position><in_Quantity.quantity>0.000000</in_Quantity.quantity><out_Quantity.quantity>830.035672</out_Quantity.quantity></Point><Point><position>6114</position><in_Quantity.quantity>0.000000</in_Quantity.quantity><out_Quantity.quantity>134.511617</out_Quantity.quantity></Point><Point><position>6115</position><in_Quantity.quantity>0.000000</in_Quantity.quantity><out_Quantity.quantity>720.836862</out_Quantity.quantity></Point><Point><position>6116</position><in_Quantity.quantity>0.000000</in_Quantity.quantity><out_Quantity.quantity>959.898183</out_Quantity.quantity></Point><Point><position>6117</position><in_Quantity.quantity>0.000000</in_Quantity.quantity><out_Quantity.quantity>492.321465</out_Quantity.quantity></Point><Point><position>6118</position><in_Quantity.quantity>0.000000</in_Quantity.quantity><out_Quantity.quantity>354.969626</out_Quantity.quantity></Point><Point><position>6119</position><in_Quantity.quantity>0.000000</in_Quantity.quantity><out_Quantity.quantity>411.703599</out_Quantity.quantity></Point><Point><position>6120</position><in_Quantity.quantity>0.000000</in_Quantity.quantity><out_Quantity.quantity>653.977670</out_Quantity.quantity></Point><Point><position>6121</position><in_Quantity.quantity>0.000000</in_Quantity.quantity><out_Quantity.quantity>687.328212</out_Quantity.quantity></Point><Point><position>6122</position><in_Quantity.quantity>0.000000</in_Quantity.quantity><out_Quantity.quantity>889.656638</out_Quantity.quantity></Point><Point><position>6123</position><in_Quantity.quantity>0.000000</in_Quantity.quantity><out_Quantity.quantity>681.814210</out_Quantity.quantity></Point><Point><position>6124</position><in_Quantity.quantity>0.000000</in_Quantity.quantity><out_Quantity.quantity>563.364063</out_Quantity.quantity></Point><Point><position>6125</position><in_Quantity.quantity>0.000000</in_Quantity.quantity><out_Quantity.quantity>739.195303</out_Quantity.quantity></Point><Point><position>6126</position><in_Quantity.quantity>0.000000</in_Quantity.quantity><out_Quantity.quantity>97.948230</out_Quantity.quantity></Point><Point><position>6127</position><in_Quantity.quantity>0.000000</in_Quantity.quantity><out_Quantity.quantity>542.123962</out_Quantity.quantity></Point><Point><position>6128</position><in_Quantity.quantity>0.000000</in_Quantity.quantity><out_Quantity.quantity>775.874303</out_Quantity.quantity></Point><Point><position>6129</position><in_Quantity.quantity>0.000000</in_Quantity.quantity><out_Quantity.quantity>497.096602</out_Quantity.quantity></Point><Point><position>6130</position><in_Quantity.quantity>0.000000</in_Quantity.quantity><out_Quantity.quantity>278.214228</out_Quantity.quantity></Point><Point><position>6131</position><in_Quantity.quantity>0.000000</in_Quantity.quantity><out_Quantity.quantity>649.337124</out_Quantity.quantity></Point><Point><position>6132</position><in_Quantity.quantity>0.000000</in_Quantity.quantity><out_Quantity.quantity>28.416321</out_Quantity.quantity></Point><Point><position>6133</position><in_Quantity.quantity>0.000000</in_Quantity.quantity><out_Quantity.quantity>603.742219</out_Quantity.quantity></Point><Point><position>6134</position><in_Quantity.quantity>0.000000</in_Quantity.quantity><out_Quantity.quantity>471.626187</out_Quantity.quantity></Point><Point><position>6135</position><in_Quantity.quantity>0.000000</in_Quantity.quantity><out_Quantity.quantity>847.358929</out_Quantity.quantity></Point><Point><position>6136</position><in_Quantity.quantity>0.000000</in_Quantity.quantity><out_Quantity.quantity>71.141138</out_Quantity.quantity></Point><Point><position>6137</position><in_Quantity.quantity>0.000000</in_Quantity.quantity><out_Quantity.quantity>954.799595</out_Quantity.quantity></Point><Point><position>6138</position><in_Quantity.quantity>0.000000</in_Quantity.quantity><out_Quantity.quantity>11.821913</out_Quantity.quantity></Point><Point><position>6139</position><in_Quantity.quantity>0.000000</in_Quantity.quantity><out_Quantity.quantity>55.267783</out_Quantity.quantity></Point><Point><position>6140</position><in_Quantity.quantity>0.000000</in_Quantity.quantity><out_Quantity.quantity>288.525660</out_Quantity.quantity></Point><Point><position>6141</position><in_Quantity.quantity>0.000000</in_Quantity.quantity><out_Quantity.quantity>271.693550</out_Quantity.quantity></Point><Point><position>6142</position><in_Quantity.quantity>0.000000</in_Quantity.quantity><out_Quantity.quantity>435.050879</out_Quantity.quantity></Point><Point><position>6143</position><in_Quantity.quantity>0.000000</in_Quantity.quantity><out_Quantity.quantity>113.509720</out_Quantity.quantity></Point><Point><position>6144</position><in_Quantity.quantity>0.000000</in_Quantity.quantity><out_Quantity.quantity>622.772707</out_Quantity.quantity></Point><Point><position>6145</position><in_Quantity.quantity>0.000000</in_Quantity.quantity><out_Quantity.quantity>855.842969</out_Quantity.quantity></Point><Point><position>6146</position><in_Quantity.quantity>0.000000</in_Quantity.quantity><out_Quantity.quantity>44.201183</out_Quantity.quantity></Point><Point><position>6147</position><in_Quantity.quantity>0.000000</in_Quantity.quantity><out_Quantity.quantity>618.788771</out_Quantity.quantity></Point><Point><position>6148</position><in_Quantity.quantity>0.000000</in_Quantity.quantity><out_Quantity.quantity>578.980622</out_Quantity.quantity></Point><Point><position>6149</position><in_Quantity.quantity>0.000000</in_Quantity.quantity><out_Quantity.quantity>712.967102</out_Quantity.quantity></Point><Point><position>6150</position><in_Quantity.quantity>0.000000</in_Quantity.quantity><out_Quantity.quantity>756.186496</out_Quantity.quantity></Point><Point><position>6151</position><in_Quantity.quantity>0.000000</in_Quantity.quantity><out_Quantity.quantity>688.951353</out_Quantity.quantity></Point><Point><position>6152</position><in_Quantity.quantity>0.000000</in_Quantity.quantity><out_Quantity.quantity>195.199678</out_Quantity.quantity></Point><Point><position>6153</position><in_Quantity.quantity>0.000000</in_Quantity.quantity><out_Quantity.quantity>320.921996</out_Quantity.quantity></Point><Point><position>6154</position><in_Quantity.quantity>0.000000</in_Quantity.quantity><out_Quantity.quantity>299.241052</out_Quantity.quantity></Point><Point><position>6155</position><in_Quantity.quantity>0.000000</in_Quantity.quantity><out_Quantity.quantity>833.217173</out_Quantity.quantity></Point><Point><position>6156</position><in_Quantity.quantity>0.000000</in_Quantity.quantity><out_Quantity.quantity>660.056208</out_Quantity.quantity></Point><Point><position>6157</position><in_Quantity.quantity>0.000000</in_Quantity.quantity><out_Quantity.quantity>715.792262</out_Quantity.quantity></Point><Point><position>6158</position><in_Quantity.quantity>0.000000</in_Quantity.quantity><out_Quantity.quantity>366.577556</out_Quantity.quantity></Point><Point><position>6159</position><in_Quantity.quantity>0.000000</in_Quantity.quantity><out_Quantity.quantity>488.003625</out_Quantity.quantity></Point><Point><position>6160</position><in_Quantity.quantity>0.000000</in_Quantity.quantity><out_Quantity.quantity>110.021564</out_Quantity.quantity></Point><Point><position>6161</position><in_Quantity.quantity>0.000000</in_Quantity.quantity><out_Quantity.quantity>213.871613</out_Quantity.quantity></Point><Point><position>6162</position><in_Quantity.quantity>0.000000</in_Quantity.quantity><out_Quantity.quantity>335.387309</out_Quantity.quantity></Point><Point><position>6163</position><in_Quantity.quantity>0.000000</in_Quantity.quantity><out_Quantity.quantity>72.425468</out_Quantity.quantity></Point><Point><position>6164</position><in_Quantity.quantity>0.000000</in_Quantity.quantity><out_Quantity.quantity>69.570532</out_Quantity.quantity></Point><Point><position>6165</position><in_Quantity.quantity>0.000000</in_Quantity.quantity><out_Quantity.quantity>528.363692</out_Quantity.quantity></Point><Point><position>6166</position><in_Quantity.quantity>0.000000</in_Quantity.quantity><out_Quantity.quantity>394.026384</out_Quantity.quantity></Point><Point><position>6167</position><in_Quantity.quantity>0.000000</in_Quantity.quantity><out_Quantity.quantity>865.151222</out_Quantity.quantity></Point><Point><position>6168</position><in_Quantity.quantity>0.000000</in_Quantity.quantity><out_Quantity.quantity>311.990949</out_Quantity.quantity></Point><Point><position>6169</position><in_Quantity.quantity>0.000000</in_Quantity.quantity><out_Quantity.quantity>426.996697</out_Quantity.quantity></Point><Point><position>6170</position><in_Quantity.quantity>0.000000</in_Quantity.quantity><out_Quantity.quantity>109.459926</out_Quantity.quantity></Point><Point><position>6171</position><in_Quantity.quantity>0.000000</in_Quantity.quantity><out_Quantity.quantity>612.825496</out_Quantity.quantity></Point><Point><position>6172</position><in_Quantity.quantity>0.000000</in_Quantity.quantity><out_Quantity.quantity>483.155889</out_Quantity.quantity></Point><Point><position>6173</position><in_Quantity.quantity>0.000000</in_Quantity.quantity><out_Quantity.quantity>548.556918</out_Quantity.quantity></Point><Point><position>6174</position><in_Quantity.quantity>0.000000</in_Quantity.quantity><out_Quantity.quantity>286.540188</out_Quantity.quantity></Point><Point><position>6175</position><in_Quantity.quantity>0.000000</in_Quantity.quantity><out_Quantity.quantity>220.157078</out_Quantity.quantity></Point><Point><position>6176</position><in_Quantity.quantity>0.000000</in_Quantity.quantity><out_Quantity.quantity>974.964734</out_Quantity.quantity></Point><Point><position>6177</position><in_Quantity.quantity>0.000000</in_Quantity.quantity><out_Quantity.quantity>565.873714</out_Quantity.quantity></Point><Point><position>6178</position><in_Quantity.quantity>0.000000</in_Quantity.quantity><out_Quantity.quantity>714.459577</out_Quantity.quantity></Point><Point><position>6179</position><in_Quantity.quantity>0.000000</in_Quantity.quantity><out_Quantity.quantity>0.964727</out_Quantity.quantity></Point><Point><position>6180</position><in_Quantity.quantity>0.000000</in_Quantity.quantity><out_Quantity.quantity>917.356918</out_Quantity.quantity></Point><Point><position>6181</position><in_Quantity.quantity>0.000000</in_Quantity.quantity><out_Quantity.quantity>495.030396</out_Quantity.quantity></Point><Point><position>6182</position><in_Quantity.quantity>0.000000</in_Quantity.quantity><out_Quantity.quantity>703.738507</out_Quantity.quantity></Point><Point><position>6183</position><in_Quantity.quantity>0.000000</in_Quantity.quantity><out_Quantity.quantity>975.373748</out_Quantity.quantity></Point><Point><position>6184</position><in_Quantity.quantity>0.000000</in_Quantity.quantity><out_Quantity.quantity>332.455422</out_Quantity.quantity></Point><Point><position>6185</position><in_Quantity.quantity>0.000000</in_Quantity.quantity><out_Quantity.quantity>922.892892</out_Quantity.quantity></Point><Point><position>6186</position><in_Quantity.quantity>0.000000</in_Quantity.quantity><out_Quantity.quantity>958.851794</out_Quantity.quantity></Point><Point><position>6187</position><in_Quantity.quantity>0.000000</in_Quantity.quantity><out_Quantity.quantity>224.261021</out_Quantity.quantity></Point><Point><position>6188</position><in_Quantity.quantity>0.000000</in_Quantity.quantity><out_Quantity.quantity>706.376811</out_Quantity.quantity></Point><Point><position>6189</position><in_Quantity.quantity>0.000000</in_Quantity.quantity><out_Quantity.quantity>511.818243</out_Quantity.quantity></Point><Point><position>6190</position><in_Quantity.quantity>0.000000</in_Quantity.quantity><out_Quantity.quantity>22.120503</out_Quantity.quantity></Point><Point><position>6191</position><in_Quantity.quantity>0.000000</in_Quantity.quantity><out_Quantity.quantity>926.065675</out_Quantity.quantity></Point><Point><position>6192</position><in_Quantity.quantity>0.000000</in_Quantity.quantity><out_Quantity.quantity>421.665588</out_Quantity.quantity></Point><Point><position>6193</position><in_Quantity.quantity>0.000000</in_Quantity.quantity><out_Quantity.quantity>881.532186</out_Quantity.quantity></Point><Point><position>6194</position><in_Quantity.quantity>0.000000</in_Quantity.quantity><out_Quantity.quantity>704.928005</out_Quantity.quantity></Point><Point><position>6195</position><in_Quantity.quantity>0.000000</in_Quantity.quantity><out_Quantity.quantity>631.292420</out_Quantity.quantity></Point><Point><position>6196</position><in_Quantity.quantity>0.000000</in_Quantity.quantity><out_Quantity.quantity>878.287648</out_Quantity.quantity></Point><Point><position>6197</position><in_Quantity.quantity>0.000000</in_Quantity.quantity><out_Quantity.quantity>778.004109</out_Quantity.quantity></Point><Point><position>6198</position><in_Quantity.quantity>0.000000</in_Quantity.quantity><out_Quantity.quantity>56.047842</out_Quantity.quantity></Point><Point><position>6199</position><in_Quantity.quantity>0.000000</in_Quantity.quantity><out_Quantity.quantity>992.770824</out_Quantity.quantity></Point><Point><position>6200</position><in_Quantity.quantity>0.000000</in_Quantity.quantity><out_Quantity.quantity>680.658092</out_Quantity.quantity></Point><Point><position>6201</position><in_Quantity.quantity>0.000000</in_Quantity.quantity><out_Quantity.quantity>281.960586</out_Quantity.quantity></Point><Point><position>6202</position><in_Quantity.quantity>0.000000</in_Quantity.quantity><out_Quantity.quantity>591.238205</out_Quantity.quantity></Point><Point><position>6203</position><in_Quantity.quantity>0.000000</in_Quantity.quantity><out_Quantity.quantity>217.260840</out_Quantity.quantity></Point><Point><position>6204</position><in_Quantity.quantity>0.000000</in_Quantity.quantity><out_Quantity.quantity>284.581273</out_Quantity.quantity></Point><Point><position>6205</position><in_Quantity.quantity>0.000000</in_Quantity.quantity><out_Quantity.quantity>568.996033</out_Quantity.quantity></Point><Point><position>6206</position><in_Quantity.quantity>0.000000</in_Quantity.quantity><out_Quantity.quantity>695.024487</out_Quantity.quantity></Point><Point><position>6207</position><in_Quantity.quantity>0.000000</in_Quantity.quantity><out_Quantity.quantity>359.333180</out_Quantity.quantity></Point><Point><position>6208</position><in_Quantity.quantity>0.000000</in_Quantity.quantity><out_Quantity.quantity>27.391124</out_Quantity.quantity></Point><Point><position>6209</position><in_Quantity.quantity>0.000000</in_Quantity.quantity><out_Quantity.quantity>169.413777</out_Quantity.quantity></Point><Point><position>6210</position><in_Quantity.quantity>0.000000</in_Quantity.quantity><out_Quantity.quantity>548.472986</out_Quantity.quantity></Point><Point><position>6211</position><in_Quantity.quantity>0.000000</in_Quantity.quantity><out_Quantity.quantity>871.499715</out_Quantity.quantity></Point><Point><position>6212</position><in_Quantity.quantity>0.000000</in_Quantity.quantity><out_Quantity.quantity>139.477686</out_Quantity.quantity></Point><Point><position>6213</position><in_Quantity.quantity>0.000000</in_Quantity.quantity><out_Quantity.quantity>395.461569</out_Quantity.quantity></Point><Point><position>6214</position><in_Quantity.quantity>0.000000</in_Quantity.quantity><out_Quantity.quantity>122.752028</out_Quantity.quantity></Point><Point><position>6215</position><in_Quantity.quantity>0.000000</in_Quantity.quantity><out_Quantity.quantity>20.358026</out_Quantity.quantity></Point><Point><position>6216</position><in_Quantity.quantity>0.000000</in_Quantity.quantity><out_Quantity.quantity>538.631078</out_Quantity.quantity></Point><Point><position>6217</position><in_Quantity.quantity>0.000000</in_Quantity.quantity><out_Quantity.quantity>342.718027</out_Quantity.quantity></Point><Point><position>6218</position><in_Quantity.quantity>0.000000</in_Quantity.quantity><out_Quantity.quantity>298.080805</out_Quantity.quantity></Point><Point><position>6219</position><in_Quantity.quantity>0.000000</in_Quantity.quantity><out_Quantity.quantity>227.513050</out_Quantity.quantity></Point><Point><position>6220</position><in_Quantity.quantity>0.000000</in_Quantity.quantity><out_Quantity.quantity>4.312632</out_Quantity.quantity></Point><Point><position>6221</position><in_Quantity.quantity>0.000000</in_Quantity.quantity><out_Quantity.quantity>142.192163</out_Quantity.quantity></Point><Point><position>6222</position><in_Quantity.quantity>0.000000</in_Quantity.quantity><out_Quantity.quantity>992.827986</out_Quantity.quantity></Point><Point><position>6223</position><in_Quantity.quantity>0.000000</in_Quantity.quantity><out_Quantity.quantity>630.617535</out_Quantity.quantity></Point><Point><position>6224</position><in_Quantity.quantity>0.000000</in_Quantity.quantity><out_Quantity.quantity>752.351012</out_Quantity.quantity></Point><Point><position>6225</position><in_Quantity.quantity>0.000000</in_Quantity.quantity><out_Quantity.quantity>722.019332</out_Quantity.quantity></Point><Point><position>6226</position><in_Quantity.quantity>0.000000</in_Quantity.quantity><out_Quantity.quantity>49.539794</out_Quantity.quantity></Point><Point><position>6227</position><in_Quantity.quantity>0.000000</in_Quantity.quantity><out_Quantity.quantity>447.262760</out_Quantity.quantity></Point><Point><position>6228</position><in_Quantity.quantity>0.000000</in_Quantity.quantity><out_Quantity.quantity>405.788284</out_Quantity.quantity></Point><Point><position>6229</position><in_Quantity.quantity>0.000000</in_Quantity.quantity><out_Quantity.quantity>704.976692</out_Quantity.quantity></Point><Point><position>6230</position><in_Quantity.quantity>0.000000</in_Quantity.quantity><out_Quantity.quantity>677.094648</out_Quantity.quantity></Point><Point><position>6231</position><in_Quantity.quantity>0.000000</in_Quantity.quantity><out_Quantity.quantity>922.815737</out_Quantity.quantity></Point><Point><position>6232</position><in_Quantity.quantity>0.000000</in_Quantity.quantity><out_Quantity.quantity>836.042047</out_Quantity.quantity></Point><Point><position>6233</position><in_Quantity.quantity>0.000000</in_Quantity.quantity><out_Quantity.quantity>52.949778</out_Quantity.quantity></Point><Point><position>6234</position><in_Quantity.quantity>0.000000</in_Quantity.quantity><out_Quantity.quantity>969.372267</out_Quantity.quantity></Point><Point><position>6235</position><in_Quantity.quantity>0.000000</in_Quantity.quantity><out_Quantity.quantity>216.653132</out_Quantity.quantity></Point><Point><position>6236</position><in_Quantity.quantity>0.000000</in_Quantity.quantity><out_Quantity.quantity>41.998304</out_Quantity.quantity></Point><Point><position>6237</position><in_Quantity.quantity>0.000000</in_Quantity.quantity><out_Quantity.quantity>88.004496</out_Quantity.quantity></Point><Point><position>6238</position><in_Quantity.quantity>0.000000</in_Quantity.quantity><out_Quantity.quantity>469.787544</out_Quantity.quantity></Point><Point><position>6239</position><in_Quantity.quantity>0.000000</in_Quantity.quantity><out_Quantity.quantity>839.428591</out_Quantity.quantity></Point><Point><position>6240</position><in_Quantity.quantity>0.000000</in_Quantity.quantity><out_Quantity.quantity>628.610272</out_Quantity.quantity></Point><Point><position>6241</position><in_Quantity.quantity>0.000000</in_Quantity.quantity><out_Quantity.quantity>908.591202</out_Quantity.quantity></Point><Point><position>6242</position><in_Quantity.quantity>0.000000</in_Quantity.quantity><out_Quantity.quantity>103.289008</out_Quantity.quantity></Point><Point><position>6243</position><in_Quantity.quantity>0.000000</in_Quantity.quantity><out_Quantity.quantity>379.853772</out_Quantity.quantity></Point><Point><position>6244</position><in_Quantity.quantity>0.000000</in_Quantity.quantity><out_Quantity.quantity>537.901213</out_Quantity.quantity></Point><Point><position>6245</position><in_Quantity.quantity>0.000000</in_Quantity.quantity><out_Quantity.quantity>141.076408</out_Quantity.quantity></Point><Point><position>6246</position><in_Quantity.quantity>0.000000</in_Quantity.quantity><out_Quantity.quantity>973.077834</out_Quantity.quantity></Point><Point><position>6247</position><in_Quantity.quantity>0.000000</in_Quantity.quantity><out_Quantity.quantity>551.891245</out_Quantity.quantity></Point><Point><position>6248</position><in_Quantity.quantity>0.000000</in_Quantity.quantity><out_Quantity.quantity>481.076996</out_Quantity.quantity></Point><Point><position>6249</position><in_Quantity.quantity>0.000000</in_Quantity.quantity><out_Quantity.quantity>140.534802</out_Quantity.quantity></Point><Point><position>6250</position><in_Quantity.quantity>0.000000</in_Quantity.quantity><out_Quantity.quantity>593.409495</out_Quantity.quantity></Point><Point><position>6251</position><in_Quantity.quantity>0.000000</in_Quantity.quantity><out_Quantity.quantity>634.636502</out_Quantity.quantity></Point><Point><position>6252</position><in_Quantity.quantity>0.000000</in_Quantity.quantity><out_Quantity.quantity>870.824924</out_Quantity.quantity></Point><Point><position>6253</position><in_Quantity.quantity>0.000000</in_Quantity.quantity><out_Quantity.quantity>575.306341</out_Quantity.quantity></Point><Point><position>6254</position><in_Quantity.quantity>0.000000</in_Quantity.quantity><out_Quantity.quantity>580.205277</out_Quantity.quantity></Point><Point><position>6255</position><in_Quantity.quantity>0.000000</in_Quantity.quantity><out_Quantity.quantity>345.094832</out_Quantity.quantity></Point><Point><position>6256</position><in_Quantity.quantity>0.000000</in_Quantity.quantity><out_Quantity.quantity>575.846263</out_Quantity.quantity></Point><Point><position>6257</position><in_Quantity.quantity>0.000000</in_Quantity.quantity><out_Quantity.quantity>803.733854</out_Quantity.quantity></Point><Point><position>6258</position><in_Quantity.quantity>0.000000</in_Quantity.quantity><out_Quantity.quantity>358.619290</out_Quantity.quantity></Point><Point><position>6259</position><in_Quantity.quantity>0.000000</in_Quantity.quantity><out_Quantity.quantity>217.439143</out_Quantity.quantity></Point><Point><position>6260</position><in_Quantity.quantity>0.000000</in_Quantity.quantity><out_Quantity.quantity>195.163172</out_Quantity.quantity></Point><Point><position>6261</position><in_Quantity.quantity>0.000000</in_Quantity.quantity><out_Quantity.quantity>878.365799</out_Quantity.quantity></Point><Point><position>6262</position><in_Quantity.quantity>0.000000</in_Quantity.quantity><out_Quantity.quantity>804.685439</out_Quantity.quantity></Point><Point><position>6263</position><in_Quantity.quantity>0.000000</in_Quantity.quantity><out_Quantity.quantity>461.686127</out_Quantity.quantity></Point><Point><position>6264</position><in_Quantity.quantity>0.000000</in_Quantity.quantity><out_Quantity.quantity>664.709909</out_Quantity.quantity></Point><Point><position>6265</position><in_Quantity.quantity>0.000000</in_Quantity.quantity><out_Quantity.quantity>627.727167</out_Quantity.quantity></Point><Point><position>6266</position><in_Quantity.quantity>0.000000</in_Quantity.quantity><out_Quantity.quantity>940.737562</out_Quantity.quantity></Point><Point><position>6267</position><in_Quantity.quantity>0.000000</in_Quantity.quantity><out_Quantity.quantity>60.700776</out_Quantity.quantity></Point><Point><position>6268</position><in_Quantity.quantity>0.000000</in_Quantity.quantity><out_Quantity.quantity>13.271691</out_Quantity.quantity></Point><Point><position>6269</position><in_Quantity.quantity>0.000000</in_Quantity.quantity><out_Quantity.quantity>857.572040</out_Quantity.quantity></Point><Point><position>6270</position><in_Quantity.quantity>0.000000</in_Quantity.quantity><out_Quantity.quantity>174.119128</out_Quantity.quantity></Point><Point><position>6271</position><in_Quantity.quantity>0.000000</in_Quantity.quantity><out_Quantity.quantity>130.604144</out_Quantity.quantity></Point><Point><position>6272</position><in_Quantity.quantity>0.000000</in_Quantity.quantity><out_Quantity.quantity>595.284327</out_Quantity.quantity></Point><Point><position>6273</position><in_Quantity.quantity>0.000000</in_Quantity.quantity><out_Quantity.quantity>786.152479</out_Quantity.quantity></Point><Point><position>6274</position><in_Quantity.quantity>0.000000</in_Quantity.quantity><out_Quantity.quantity>511.411968</out_Quantity.quantity></Point><Point><position>6275</position><in_Quantity.quantity>0.000000</in_Quantity.quantity><out_Quantity.quantity>761.189075</out_Quantity.quantity></Point><Point><position>6276</position><in_Quantity.quantity>0.000000</in_Quantity.quantity><out_Quantity.quantity>229.544133</out_Quantity.quantity></Point><Point><position>6277</position><in_Quantity.quantity>0.000000</in_Quantity.quantity><out_Quantity.quantity>713.081005</out_Quantity.quantity></Point><Point><position>6278</position><in_Quantity.quantity>0.000000</in_Quantity.quantity><out_Quantity.quantity>471.920984</out_Quantity.quantity></Point><Point><position>6279</position><in_Quantity.quantity>0.000000</in_Quantity.quantity><out_Quantity.quantity>987.327622</out_Quantity.quantity></Point><Point><position>6280</position><in_Quantity.quantity>0.000000</in_Quantity.quantity><out_Quantity.quantity>765.533932</out_Quantity.quantity></Point><Point><position>6281</position><in_Quantity.quantity>0.000000</in_Quantity.quantity><out_Quantity.quantity>333.509069</out_Quantity.quantity></Point><Point><position>6282</position><in_Quantity.quantity>0.000000</in_Quantity.quantity><out_Quantity.quantity>552.906295</out_Quantity.quantity></Point><Point><position>6283</position><in_Quantity.quantity>0.000000</in_Quantity.quantity><out_Quantity.quantity>801.133817</out_Quantity.quantity></Point><Point><position>6284</position><in_Quantity.quantity>0.000000</in_Quantity.quantity><out_Quantity.quantity>525.474444</out_Quantity.quantity></Point><Point><position>6285</position><in_Quantity.quantity>0.000000</in_Quantity.quantity><out_Quantity.quantity>100.446457</out_Quantity.quantity></Point><Point><position>6286</position><in_Quantity.quantity>0.000000</in_Quantity.quantity><out_Quantity.quantity>14.072087</out_Quantity.quantity></Point><Point><position>6287</position><in_Quantity.quantity>0.000000</in_Quantity.quantity><out_Quantity.quantity>138.750190</out_Quantity.quantity></Point><Point><position>6288</position><in_Quantity.quantity>0.000000</in_Quantity.quantity><out_Quantity.quantity>47.717213</out_Quantity.quantity></Point><Point><position>6289</position><in_Quantity.quantity>0.000000</in_Quantity.quantity><out_Quantity.quantity>8.674119</out_Quantity.quantity></Point><Point><position>6290</position><in_Quantity.quantity>0.000000</in_Quantity.quantity><out_Quantity.quantity>474.358732</out_Quantity.quantity></Point><Point><position>6291</position><in_Quantity.quantity>0.000000</in_Quantity.quantity><out_Quantity.quantity>949.200194</out_Quantity.quantity></Point><Point><position>6292</position><in_Quantity.quantity>0.000000</in_Quantity.quantity><out_Quantity.quantity>274.771782</out_Quantity.quantity></Point><Point><position>6293</position><in_Quantity.quantity>0.000000</in_Quantity.quantity><out_Quantity.quantity>484.110083</out_Quantity.quantity></Point><Point><position>6294</position><in_Quantity.quantity>0.000000</in_Quantity.quantity><out_Quantity.quantity>994.081298</out_Quantity.quantity></Point><Point><position>6295</position><in_Quantity.quantity>0.000000</in_Quantity.quantity><out_Quantity.quantity>282.596885</out_Quantity.quantity></Point><Point><position>6296</position><in_Quantity.quantity>0.000000</in_Quantity.quantity><out_Quantity.quantity>768.016721</out_Quantity.quantity></Point><Point><position>6297</position><in_Quantity.quantity>0.000000</in_Quantity.quantity><out_Quantity.quantity>107.993062</out_Quantity.quantity></Point><Point><position>6298</position><in_Quantity.quantity>0.000000</in_Quantity.quantity><out_Quantity.quantity>781.660287</out_Quantity.quantity></Point><Point><position>6299</position><in_Quantity.quantity>0.000000</in_Quantity.quantity><out_Quantity.quantity>607.842458</out_Quantity.quantity></Point><Point><position>6300</position><in_Quantity.quantity>0.000000</in_Quantity.quantity><out_Quantity.quantity>993.578845</out_Quantity.quantity></Point><Point><position>6301</position><in_Quantity.quantity>0.000000</in_Quantity.quantity><out_Quantity.quantity>679.480286</out_Quantity.quantity></Point><Point><position>6302</position><in_Quantity.quantity>0.000000</in_Quantity.quantity><out_Quantity.quantity>148.277006</out_Quantity.quantity></Point><Point><position>6303</position><in_Quantity.quantity>0.000000</in_Quantity.quantity><out_Quantity.quantity>797.415722</out_Quantity.quantity></Point><Point><position>6304</position><in_Quantity.quantity>0.000000</in_Quantity.quantity><out_Quantity.quantity>318.914319</out_Quantity.quantity></Point><Point><position>6305</position><in_Quantity.quantity>0.000000</in_Quantity.quantity><out_Quantity.quantity>551.978532</out_Quantity.quantity></Point><Point><position>6306</position><in_Quantity.quantity>0.000000</in_Quantity.quantity><out_Quantity.quantity>712.824522</out_Quantity.quantity></Point><Point><position>6307</position><in_Quantity.quantity>0.000000</in_Quantity.quantity><out_Quantity.quantity>520.036288</out_Quantity.quantity></Point><Point><position>6308</position><in_Quantity.quantity>0.000000</in_Quantity.quantity><out_Quantity.quantity>173.239665</out_Quantity.quantity></Point><Point><position>6309</position><in_Quantity.quantity>0.000000</in_Quantity.quantity><out_Quantity.quantity>860.572797</out_Quantity.quantity></Point><Point><position>6310</position><in_Quantity.quantity>0.000000</in_Quantity.quantity><out_Quantity.quantity>406.021726</out_Quantity.quantity></Point><Point><position>6311</position><in_Quantity.quantity>0.000000</in_Quantity.quantity><out_Quantity.quantity>43.090394</out_Quantity.quantity></Point><Point><position>6312</position><in_Quantity.quantity>0.000000</in_Quantity.quantity><out_Quantity.quantity>184.674946</out_Quantity.quantity></Point><Point><position>6313</position><in_Quantity.quantity>0.000000</in_Quantity.quantity><out_Quantity.quantity>114.742381</out_Quantity.quantity></Point><Point><position>6314</position><in_Quantity.quantity>0.000000</in_Quantity.quantity><out_Quantity.quantity>973.230140</out_Quantity.quantity></Point><Point><position>6315</position><in_Quantity.quantity>0.000000</in_Quantity.quantity><out_Quantity.quantity>652.862686</out_Quantity.quantity></Point><Point><position>6316</position><in_Quantity.quantity>0.000000</in_Quantity.quantity><out_Quantity.quantity>360.048467</out_Quantity.quantity></Point><Point><position>6317</position><in_Quantity.quantity>0.000000</in_Quantity.quantity><out_Quantity.quantity>450.575860</out_Quantity.quantity></Point><Point><position>6318</position><in_Quantity.quantity>0.000000</in_Quantity.quantity><out_Quantity.quantity>852.698039</out_Quantity.quantity></Point><Point><position>6319</position><in_Quantity.quantity>0.000000</in_Quantity.quantity><out_Quantity.quantity>517.939485</out_Quantity.quantity></Point><Point><position>6320</position><in_Quantity.quantity>0.000000</in_Quantity.quantity><out_Quantity.quantity>860.111757</out_Quantity.quantity></Point><Point><position>6321</position><in_Quantity.quantity>0.000000</in_Quantity.quantity><out_Quantity.quantity>355.292448</out_Quantity.quantity></Point><Point><position>6322</position><in_Quantity.quantity>0.000000</in_Quantity.quantity><out_Quantity.quantity>377.503996</out_Quantity.quantity></Point><Point><position>6323</position><in_Quantity.quantity>0.000000</in_Quantity.quantity><out_Quantity.quantity>111.757349</out_Quantity.quantity></Point><Point><position>6324</position><in_Quantity.quantity>0.000000</in_Quantity.quantity><out_Quantity.quantity>205.962863</out_Quantity.quantity></Point><Point><position>6325</position><in_Quantity.quantity>0.000000</in_Quantity.quantity><out_Quantity.quantity>105.838729</out_Quantity.quantity></Point><Point><position>6326</position><in_Quantity.quantity>0.000000</in_Quantity.quantity><out_Quantity.quantity>354.800518</out_Quantity.quantity></Point><Point><position>6327</position><in_Quantity.quantity>0.000000</in_Quantity.quantity><out_Quantity.quantity>682.655576</out_Quantity.quantity></Point><Point><position>6328</position><in_Quantity.quantity>0.000000</in_Quantity.quantity><out_Quantity.quantity>545.948639</out_Quantity.quantity></Point><Point><position>6329</position><in_Quantity.quantity>0.000000</in_Quantity.quantity><out_Quantity.quantity>816.663255</out_Quantity.quantity></Point><Point><position>6330</position><in_Quantity.quantity>0.000000</in_Quantity.quantity><out_Quantity.quantity>841.454022</out_Quantity.quantity></Point><Point><position>6331</position><in_Quantity.quantity>0.000000</in_Quantity.quantity><out_Quantity.quantity>461.403509</out_Quantity.quantity></Point><Point><position>6332</position><in_Quantity.quantity>0.000000</in_Quantity.quantity><out_Quantity.quantity>492.364497</out_Quantity.quantity></Point><Point><position>6333</position><in_Quantity.quantity>0.000000</in_Quantity.quantity><out_Quantity.quantity>556.603790</out_Quantity.quantity></Point><Point><position>6334</position><in_Quantity.quantity>0.000000</in_Quantity.quantity><out_Quantity.quantity>177.632265</out_Quantity.quantity></Point><Point><position>6335</position><in_Quantity.quantity>0.000000</in_Quantity.quantity><out_Quantity.quantity>712.763683</out_Quantity.quantity></Point><Point><position>6336</position><in_Quantity.quantity>0.000000</in_Quantity.quantity><out_Quantity.quantity>710.473739</out_Quantity.quantity></Point><Point><position>6337</position><in_Quantity.quantity>0.000000</in_Quantity.quantity><out_Quantity.quantity>77.299512</out_Quantity.quantity></Point><Point><position>6338</position><in_Quantity.quantity>0.000000</in_Quantity.quantity><out_Quantity.quantity>591.900111</out_Quantity.quantity></Point><Point><position>6339</position><in_Quantity.quantity>0.000000</in_Quantity.quantity><out_Quantity.quantity>680.611987</out_Quantity.quantity></Point><Point><position>6340</position><in_Quantity.quantity>0.000000</in_Quantity.quantity><out_Quantity.quantity>349.934828</out_Quantity.quantity></Point><Point><position>6341</position><in_Quantity.quantity>0.000000</in_Quantity.quantity><out_Quantity.quantity>314.727493</out_Quantity.quantity></Point><Point><position>6342</position><in_Quantity.quantity>0.000000</in_Quantity.quantity><out_Quantity.quantity>529.958697</out_Quantity.quantity></Point><Point><position>6343</position><in_Quantity.quantity>0.000000</in_Quantity.quantity><out_Quantity.quantity>769.429072</out_Quantity.quantity></Point><Point><position>6344</position><in_Quantity.quantity>0.000000</in_Quantity.quantity><out_Quantity.quantity>829.137357</out_Quantity.quantity></Point><Point><position>6345</position><in_Quantity.quantity>0.000000</in_Quantity.quantity><out_Quantity.quantity>134.395209</out_Quantity.quantity></Point><Point><position>6346</position><in_Quantity.quantity>0.000000</in_Quantity.quantity><out_Quantity.quantity>290.142094</out_Quantity.quantity></Point><Point><position>6347</position><in_Quantity.quantity>0.000000</in_Quantity.quantity><out_Quantity.quantity>383.772223</out_Quantity.quantity></Point><Point><position>6348</position><in_Quantity.quantity>0.000000</in_Quantity.quantity><out_Quantity.quantity>486.304976</out_Quantity.quantity></Point><Point><position>6349</position><in_Quantity.quantity>0.000000</in_Quantity.quantity><out_Quantity.quantity>49.756634</out_Quantity.quantity></Point><Point><position>6350</position><in_Quantity.quantity>0.000000</in_Quantity.quantity><out_Quantity.quantity>171.005412</out_Quantity.quantity></Point><Point><position>6351</position><in_Quantity.quantity>0.000000</in_Quantity.quantity><out_Quantity.quantity>23.835563</out_Quantity.quantity></Point><Point><position>6352</position><in_Quantity.quantity>0.000000</in_Quantity.quantity><out_Quantity.quantity>380.239370</out_Quantity.quantity></Point><Point><position>6353</position><in_Quantity.quantity>0.000000</in_Quantity.quantity><out_Quantity.quantity>940.923963</out_Quantity.quantity></Point><Point><position>6354</position><in_Quantity.quantity>0.000000</in_Quantity.quantity><out_Quantity.quantity>129.663875</out_Quantity.quantity></Point><Point><position>6355</position><in_Quantity.quantity>0.000000</in_Quantity.quantity><out_Quantity.quantity>302.336071</out_Quantity.quantity></Point><Point><position>6356</position><in_Quantity.quantity>0.000000</in_Quantity.quantity><out_Quantity.quantity>834.710897</out_Quantity.quantity></Point><Point><position>6357</position><in_Quantity.quantity>0.000000</in_Quantity.quantity><out_Quantity.quantity>688.367168</out_Quantity.quantity></Point><Point><position>6358</position><in_Quantity.quantity>0.000000</in_Quantity.quantity><out_Quantity.quantity>497.298948</out_Quantity.quantity></Point><Point><position>6359</position><in_Quantity.quantity>0.000000</in_Quantity.quantity><out_Quantity.quantity>998.701541</out_Quantity.quantity></Point><Point><position>6360</position><in_Quantity.quantity>0.000000</in_Quantity.quantity><out_Quantity.quantity>527.382079</out_Quantity.quantity></Point><Point><position>6361</position><in_Quantity.quantity>0.000000</in_Quantity.quantity><out_Quantity.quantity>647.616999</out_Quantity.quantity></Point><Point><position>6362</position><in_Quantity.quantity>0.000000</in_Quantity.quantity><out_Quantity.quantity>947.343006</out_Quantity.quantity></Point><Point><position>6363</position><in_Quantity.quantity>0.000000</in_Quantity.quantity><out_Quantity.quantity>429.019003</out_Quantity.quantity></Point><Point><position>6364</position><in_Quantity.quantity>0.000000</in_Quantity.quantity><out_Quantity.quantity>867.695769</out_Quantity.quantity></Point><Point><position>6365</position><in_Quantity.quantity>0.000000</in_Quantity.quantity><out_Quantity.quantity>587.768170</out_Quantity.quantity></Point><Point><position>6366</position><in_Quantity.quantity>0.000000</in_Quantity.quantity><out_Quantity.quantity>804.675229</out_Quantity.quantity></Point><Point><position>6367</position><in_Quantity.quantity>0.000000</in_Quantity.quantity><out_Quantity.quantity>852.622908</out_Quantity.quantity></Point><Point><position>6368</position><in_Quantity.quantity>0.000000</in_Quantity.quantity><out_Quantity.quantity>261.694106</out_Quantity.quantity></Point><Point><position>6369</position><in_Quantity.quantity>0.000000</in_Quantity.quantity><out_Quantity.quantity>299.814775</out_Quantity.quantity></Point><Point><position>6370</position><in_Quantity.quantity>0.000000</in_Quantity.quantity><out_Quantity.quantity>60.180711</out_Quantity.quantity></Point><Point><position>6371</position><in_Quantity.quantity>0.000000</in_Quantity.quantity><out_Quantity.quantity>809.752610</out_Quantity.quantity></Point><Point><position>6372</position><in_Quantity.quantity>0.000000</in_Quantity.quantity><out_Quantity.quantity>133.319300</out_Quantity.quantity></Point><Point><position>6373</position><in_Quantity.quantity>0.000000</in_Quantity.quantity><out_Quantity.quantity>319.779540</out_Quantity.quantity></Point><Point><position>6374</position><in_Quantity.quantity>0.000000</in_Quantity.quantity><out_Quantity.quantity>911.747530</out_Quantity.quantity></Point><Point><position>6375</position><in_Quantity.quantity>0.000000</in_Quantity.quantity><out_Quantity.quantity>120.039061</out_Quantity.quantity></Point><Point><position>6376</position><in_Quantity.quantity>0.000000</in_Quantity.quantity><out_Quantity.quantity>736.257272</out_Quantity.quantity></Point><Point><position>6377</position><in_Quantity.quantity>0.000000</in_Quantity.quantity><out_Quantity.quantity>627.928611</out_Quantity.quantity></Point><Point><position>6378</position><in_Quantity.quantity>0.000000</in_Quantity.quantity><out_Quantity.quantity>360.030115</out_Quantity.quantity></Point><Point><position>6379</position><in_Quantity.quantity>0.000000</in_Quantity.quantity><out_Quantity.quantity>951.160848</out_Quantity.quantity></Point><Point><position>6380</position><in_Quantity.quantity>0.000000</in_Quantity.quantity><out_Quantity.quantity>167.603918</out_Quantity.quantity></Point><Point><position>6381</position><in_Quantity.quantity>0.000000</in_Quantity.quantity><out_Quantity.quantity>400.524315</out_Quantity.quantity></Point><Point><position>6382</position><in_Quantity.quantity>0.000000</in_Quantity.quantity><out_Quantity.quantity>247.624784</out_Quantity.quantity></Point><Point><position>6383</position><in_Quantity.quantity>0.000000</in_Quantity.quantity><out_Quantity.quantity>528.860135</out_Quantity.quantity></Point><Point><position>6384</position><in_Quantity.quantity>0.000000</in_Quantity.quantity><out_Quantity.quantity>923.905795</out_Quantity.quantity></Point><Point><position>6385</position><in_Quantity.quantity>0.000000</in_Quantity.quantity><out_Quantity.quantity>613.385576</out_Quantity.quantity></Point><Point><position>6386</position><in_Quantity.quantity>0.000000</in_Quantity.quantity><out_Quantity.quantity>179.810797</out_Quantity.quantity></Point><Point><position>6387</position><in_Quantity.quantity>0.000000</in_Quantity.quantity><out_Quantity.quantity>169.949677</out_Quantity.quantity></Point><Point><position>6388</position><in_Quantity.quantity>0.000000</in_Quantity.quantity><out_Quantity.quantity>625.452616</out_Quantity.quantity></Point><Point><position>6389</position><in_Quantity.quantity>0.000000</in_Quantity.quantity><out_Quantity.quantity>336.344856</out_Quantity.quantity></Point><Point><position>6390</position><in_Quantity.quantity>0.000000</in_Quantity.quantity><out_Quantity.quantity>352.154937</out_Quantity.quantity></Point><Point><position>6391</position><in_Quantity.quantity>0.000000</in_Quantity.quantity><out_Quantity.quantity>293.642853</out_Quantity.quantity></Point><Point><position>6392</position><in_Quantity.quantity>0.000000</in_Quantity.quantity><out_Quantity.quantity>668.248754</out_Quantity.quantity></Point><Point><position>6393</position><in_Quantity.quantity>0.000000</in_Quantity.quantity><out_Quantity.quantity>906.136876</out_Quantity.quantity></Point><Point><position>6394</position><in_Quantity.quantity>0.000000</in_Quantity.quantity><out_Quantity.quantity>810.358520</out_Quantity.quantity></Point><Point><position>6395</position><in_Quantity.quantity>0.000000</in_Quantity.quantity><out_Quantity.quantity>212.963993</out_Quantity.quantity></Point><Point><position>6396</position><in_Quantity.quantity>0.000000</in_Quantity.quantity><out_Quantity.quantity>748.938377</out_Quantity.quantity></Point><Point><position>6397</position><in_Quantity.quantity>0.000000</in_Quantity.quantity><out_Quantity.quantity>530.286616</out_Quantity.quantity></Point><Point><position>6398</position><in_Quantity.quantity>0.000000</in_Quantity.quantity><out_Quantity.quantity>29.839069</out_Quantity.quantity></Point><Point><position>6399</position><in_Quantity.quantity>0.000000</in_Quantity.quantity><out_Quantity.quantity>333.300148</out_Quantity.quantity></Point><Point><position>6400</position><in_Quantity.quantity>0.000000</in_Quantity.quantity><out_Quantity.quantity>158.725906</out_Quantity.quantity></Point><Point><position>6401</position><in_Quantity.quantity>0.000000</in_Quantity.quantity><out_Quantity.quantity>146.126537</out_Quantity.quantity></Point><Point><position>6402</position><in_Quantity.quantity>0.000000</in_Quantity.quantity><out_Quantity.quantity>518.154414</out_Quantity.quantity></Point><Point><position>6403</position><in_Quantity.quantity>0.000000</in_Quantity.quantity><out_Quantity.quantity>731.460702</out_Quantity.quantity></Point><Point><position>6404</position><in_Quantity.quantity>0.000000</in_Quantity.quantity><out_Quantity.quantity>973.161214</out_Quantity.quantity></Point><Point><position>6405</position><in_Quantity.quantity>0.000000</in_Quantity.quantity><out_Quantity.quantity>846.100455</out_Quantity.quantity></Point><Point><position>6406</position><in_Quantity.quantity>0.000000</in_Quantity.quantity><out_Quantity.quantity>577.457832</out_Quantity.quantity></Point><Point><position>6407</position><in_Quantity.quantity>0.000000</in_Quantity.quantity><out_Quantity.quantity>513.372864</out_Quantity.quantity></Point><Point><position>6408</position><in_Quantity.quantity>0.000000</in_Quantity.quantity><out_Quantity.quantity>186.001732</out_Quantity.quantity></Point><Point><position>6409</position><in_Quantity.quantity>0.000000</in_Quantity.quantity><out_Quantity.quantity>101.792759</out_Quantity.quantity></Point><Point><position>6410</position><in_Quantity.quantity>0.000000</in_Quantity.quantity><out_Quantity.quantity>610.090446</out_Quantity.quantity></Point><Point><position>6411</position><in_Quantity.quantity>0.000000</in_Quantity.quantity><out_Quantity.quantity>281.085821</out_Quantity.quantity></Point><Point><position>6412</position><in_Quantity.quantity>0.000000</in_Quantity.quantity><out_Quantity.quantity>254.761965</out_Quantity.quantity></Point><Point><position>6413</position><in_Quantity.quantity>0.000000</in_Quantity.quantity><out_Quantity.quantity>356.199558</out_Quantity.quantity></Point><Point><position>6414</position><in_Quantity.quantity>0.000000</in_Quantity.quantity><out_Quantity.quantity>59.129502</out_Quantity.quantity></Point><Point><position>6415</position><in_Quantity.quantity>0.000000</in_Quantity.quantity><out_Quantity.quantity>647.334842</out_Quantity.quantity></Point><Point><position>6416</position><in_Quantity.quantity>0.000000</in_Quantity.quantity><out_Quantity.quantity>529.343517</out_Quantity.quantity></Point><Point><position>6417</position><in_Quantity.quantity>0.000000</in_Quantity.quantity><out_Quantity.quantity>183.646735</out_Quantity.quantity></Point><Point><position>6418</position><in_Quantity.quantity>0.000000</in_Quantity.quantity><out_Quantity.quantity>385.741741</out_Quantity.quantity></Point><Point><position>6419</position><in_Quantity.quantity>0.000000</in_Quantity.quantity><out_Quantity.quantity>395.374044</out_Quantity.quantity></Point><Point><position>6420</position><in_Quantity.quantity>0.000000</in_Quantity.quantity><out_Quantity.quantity>212.840077</out_Quantity.quantity></Point><Point><position>6421</position><in_Quantity.quantity>0.000000</in_Quantity.quantity><out_Quantity.quantity>698.152662</out_Quantity.quantity></Point><Point><position>6422</position><in_Quantity.quantity>0.000000</in_Quantity.quantity><out_Quantity.quantity>332.521820</out_Quantity.quantity></Point><Point><position>6423</position><in_Quantity.quantity>0.000000</in_Quantity.quantity><out_Quantity.quantity>96.219547</out_Quantity.quantity></Point><Point><position>6424</position><in_Quantity.quantity>0.000000</in_Quantity.quantity><out_Quantity.quantity>706.428241</out_Quantity.quantity></Point><Point><position>6425</position><in_Quantity.quantity>0.000000</in_Quantity.quantity><out_Quantity.quantity>895.275397</out_Quantity.quantity></Point><Point><position>6426</position><in_Quantity.quantity>0.000000</in_Quantity.quantity><out_Quantity.quantity>854.534147</out_Quantity.quantity></Point><Point><position>6427</position><in_Quantity.quantity>0.000000</in_Quantity.quantity><out_Quantity.quantity>143.937573</out_Quantity.quantity></Point><Point><position>6428</position><in_Quantity.quantity>0.000000</in_Quantity.quantity><out_Quantity.quantity>282.471922</out_Quantity.quantity></Point><Point><position>6429</position><in_Quantity.quantity>0.000000</in_Quantity.quantity><out_Quantity.quantity>709.403092</out_Quantity.quantity></Point><Point><position>6430</position><in_Quantity.quantity>0.000000</in_Quantity.quantity><out_Quantity.quantity>542.526387</out_Quantity.quantity></Point><Point><position>6431</position><in_Quantity.quantity>0.000000</in_Quantity.quantity><out_Quantity.quantity>214.541588</out_Quantity.quantity></Point><Point><position>6432</position><in_Quantity.quantity>0.000000</in_Quantity.quantity><out_Quantity.quantity>294.664958</out_Quantity.quantity></Point><Point><position>6433</position><in_Quantity.quantity>0.000000</in_Quantity.quantity><out_Quantity.quantity>407.629134</out_Quantity.quantity></Point><Point><position>6434</position><in_Quantity.quantity>0.000000</in_Quantity.quantity><out_Quantity.quantity>922.337302</out_Quantity.quantity></Point><Point><position>6435</position><in_Quantity.quantity>0.000000</in_Quantity.quantity><out_Quantity.quantity>412.427122</out_Quantity.quantity></Point><Point><position>6436</position><in_Quantity.quantity>0.000000</in_Quantity.quantity><out_Quantity.quantity>134.670635</out_Quantity.quantity></Point><Point><position>6437</position><in_Quantity.quantity>0.000000</in_Quantity.quantity><out_Quantity.quantity>35.716115</out_Quantity.quantity></Point><Point><position>6438</position><in_Quantity.quantity>0.000000</in_Quantity.quantity><out_Quantity.quantity>5.986023</out_Quantity.quantity></Point><Point><position>6439</position><in_Quantity.quantity>0.000000</in_Quantity.quantity><out_Quantity.quantity>958.540557</out_Quantity.quantity></Point><Point><position>6440</position><in_Quantity.quantity>0.000000</in_Quantity.quantity><out_Quantity.quantity>642.801913</out_Quantity.quantity></Point><Point><position>6441</position><in_Quantity.quantity>0.000000</in_Quantity.quantity><out_Quantity.quantity>607.499703</out_Quantity.quantity></Point><Point><position>6442</position><in_Quantity.quantity>0.000000</in_Quantity.quantity><out_Quantity.quantity>13.678135</out_Quantity.quantity></Point><Point><position>6443</position><in_Quantity.quantity>0.000000</in_Quantity.quantity><out_Quantity.quantity>390.187528</out_Quantity.quantity></Point><Point><position>6444</position><in_Quantity.quantity>0.000000</in_Quantity.quantity><out_Quantity.quantity>768.264616</out_Quantity.quantity></Point><Point><position>6445</position><in_Quantity.quantity>0.000000</in_Quantity.quantity><out_Quantity.quantity>772.978008</out_Quantity.quantity></Point><Point><position>6446</position><in_Quantity.quantity>0.000000</in_Quantity.quantity><out_Quantity.quantity>346.189407</out_Quantity.quantity></Point><Point><position>6447</position><in_Quantity.quantity>0.000000</in_Quantity.quantity><out_Quantity.quantity>487.788755</out_Quantity.quantity></Point><Point><position>6448</position><in_Quantity.quantity>0.000000</in_Quantity.quantity><out_Quantity.quantity>469.602434</out_Quantity.quantity></Point><Point><position>6449</position><in_Quantity.quantity>0.000000</in_Quantity.quantity><out_Quantity.quantity>537.281331</out_Quantity.quantity></Point><Point><position>6450</position><in_Quantity.quantity>0.000000</in_Quantity.quantity><out_Quantity.quantity>546.948419</out_Quantity.quantity></Point><Point><position>6451</position><in_Quantity.quantity>0.000000</in_Quantity.quantity><out_Quantity.quantity>362.521849</out_Quantity.quantity></Point><Point><position>6452</position><in_Quantity.quantity>0.000000</in_Quantity.quantity><out_Quantity.quantity>222.502131</out_Quantity.quantity></Point><Point><position>6453</position><in_Quantity.quantity>0.000000</in_Quantity.quantity><out_Quantity.quantity>116.139547</out_Quantity.quantity></Point><Point><position>6454</position><in_Quantity.quantity>0.000000</in_Quantity.quantity><out_Quantity.quantity>664.345830</out_Quantity.quantity></Point><Point><position>6455</position><in_Quantity.quantity>0.000000</in_Quantity.quantity><out_Quantity.quantity>46.940545</out_Quantity.quantity></Point><Point><position>6456</position><in_Quantity.quantity>0.000000</in_Quantity.quantity><out_Quantity.quantity>530.436314</out_Quantity.quantity></Point><Point><position>6457</position><in_Quantity.quantity>0.000000</in_Quantity.quantity><out_Quantity.quantity>691.289449</out_Quantity.quantity></Point><Point><position>6458</position><in_Quantity.quantity>0.000000</in_Quantity.quantity><out_Quantity.quantity>191.792632</out_Quantity.quantity></Point><Point><position>6459</position><in_Quantity.quantity>0.000000</in_Quantity.quantity><out_Quantity.quantity>869.498050</out_Quantity.quantity></Point><Point><position>6460</position><in_Quantity.quantity>0.000000</in_Quantity.quantity><out_Quantity.quantity>971.943004</out_Quantity.quantity></Point><Point><position>6461</position><in_Quantity.quantity>0.000000</in_Quantity.quantity><out_Quantity.quantity>210.118793</out_Quantity.quantity></Point><Point><position>6462</position><in_Quantity.quantity>0.000000</in_Quantity.quantity><out_Quantity.quantity>103.369655</out_Quantity.quantity></Point><Point><position>6463</position><in_Quantity.quantity>0.000000</in_Quantity.quantity><out_Quantity.quantity>570.671497</out_Quantity.quantity></Point><Point><position>6464</position><in_Quantity.quantity>0.000000</in_Quantity.quantity><out_Quantity.quantity>557.300549</out_Quantity.quantity></Point><Point><position>6465</position><in_Quantity.quantity>0.000000</in_Quantity.quantity><out_Quantity.quantity>826.004801</out_Quantity.quantity></Point><Point><position>6466</position><in_Quantity.quantity>0.000000</in_Quantity.quantity><out_Quantity.quantity>729.589864</out_Quantity.quantity></Point><Point><position>6467</position><in_Quantity.quantity>0.000000</in_Quantity.quantity><out_Quantity.quantity>411.928537</out_Quantity.quantity></Point><Point><position>6468</position><in_Quantity.quantity>0.000000</in_Quantity.quantity><out_Quantity.quantity>108.325494</out_Quantity.quantity></Point><Point><position>6469</position><in_Quantity.quantity>0.000000</in_Quantity.quantity><out_Quantity.quantity>928.476776</out_Quantity.quantity></Point><Point><position>6470</position><in_Quantity.quantity>0.000000</in_Quantity.quantity><out_Quantity.quantity>584.294376</out_Quantity.quantity></Point><Point><position>6471</position><in_Quantity.quantity>0.000000</in_Quantity.quantity><out_Quantity.quantity>263.235738</out_Quantity.quantity></Point><Point><position>6472</position><in_Quantity.quantity>0.000000</in_Quantity.quantity><out_Quantity.quantity>653.015592</out_Quantity.quantity></Point><Point><position>6473</position><in_Quantity.quantity>0.000000</in_Quantity.quantity><out_Quantity.quantity>105.134926</out_Quantity.quantity></Point><Point><position>6474</position><in_Quantity.quantity>0.000000</in_Quantity.quantity><out_Quantity.quantity>333.849153</out_Quantity.quantity></Point><Point><position>6475</position><in_Quantity.quantity>0.000000</in_Quantity.quantity><out_Quantity.quantity>562.900710</out_Quantity.quantity></Point><Point><position>6476</position><in_Quantity.quantity>0.000000</in_Quantity.quantity><out_Quantity.quantity>992.349107</out_Quantity.quantity></Point><Point><position>6477</position><in_Quantity.quantity>0.000000</in_Quantity.quantity><out_Quantity.quantity>801.877486</out_Quantity.quantity></Point><Point><position>6478</position><in_Quantity.quantity>0.000000</in_Quantity.quantity><out_Quantity.quantity>407.648523</out_Quantity.quantity></Point><Point><position>6479</position><in_Quantity.quantity>0.000000</in_Quantity.quantity><out_Quantity.quantity>804.145210</out_Quantity.quantity></Point><Point><position>6480</position><in_Quantity.quantity>0.000000</in_Quantity.quantity><out_Quantity.quantity>578.862636</out_Quantity.quantity></Point><Point><position>6481</position><in_Quantity.quantity>0.000000</in_Quantity.quantity><out_Quantity.quantity>668.195071</out_Quantity.quantity></Point><Point><position>6482</position><in_Quantity.quantity>0.000000</in_Quantity.quantity><out_Quantity.quantity>874.863378</out_Quantity.quantity></Point><Point><position>6483</position><in_Quantity.quantity>0.000000</in_Quantity.quantity><out_Quantity.quantity>281.445189</out_Quantity.quantity></Point><Point><position>6484</position><in_Quantity.quantity>0.000000</in_Quantity.quantity><out_Quantity.quantity>68.316435</out_Quantity.quantity></Point><Point><position>6485</position><in_Quantity.quantity>0.000000</in_Quantity.quantity><out_Quantity.quantity>31.668649</out_Quantity.quantity></Point><Point><position>6486</position><in_Quantity.quantity>0.000000</in_Quantity.quantity><out_Quantity.quantity>444.008044</out_Quantity.quantity></Point><Point><position>6487</position><in_Quantity.quantity>0.000000</in_Quantity.quantity><out_Quantity.quantity>477.672313</out_Quantity.quantity></Point><Point><position>6488</position><in_Quantity.quantity>0.000000</in_Quantity.quantity><out_Quantity.quantity>875.154420</out_Quantity.quantity></Point><Point><position>6489</position><in_Quantity.quantity>0.000000</in_Quantity.quantity><out_Quantity.quantity>288.078274</out_Quantity.quantity></Point><Point><position>6490</position><in_Quantity.quantity>0.000000</in_Quantity.quantity><out_Quantity.quantity>903.220120</out_Quantity.quantity></Point><Point><position>6491</position><in_Quantity.quantity>0.000000</in_Quantity.quantity><out_Quantity.quantity>342.164815</out_Quantity.quantity></Point><Point><position>6492</position><in_Quantity.quantity>0.000000</in_Quantity.quantity><out_Quantity.quantity>64.042942</out_Quantity.quantity></Point><Point><position>6493</position><in_Quantity.quantity>0.000000</in_Quantity.quantity><out_Quantity.quantity>767.597118</out_Quantity.quantity></Point><Point><position>6494</position><in_Quantity.quantity>0.000000</in_Quantity.quantity><out_Quantity.quantity>762.848363</out_Quantity.quantity></Point><Point><position>6495</position><in_Quantity.quantity>0.000000</in_Quantity.quantity><out_Quantity.quantity>858.927210</out_Quantity.quantity></Point><Point><position>6496</position><in_Quantity.quantity>0.000000</in_Quantity.quantity><out_Quantity.quantity>211.942565</out_Quantity.quantity></Point><Point><position>6497</position><in_Quantity.quantity>0.000000</in_Quantity.quantity><out_Quantity.quantity>865.949799</out_Quantity.quantity></Point><Point><position>6498</position><in_Quantity.quantity>0.000000</in_Quantity.quantity><out_Quantity.quantity>70.686080</out_Quantity.quantity></Point><Point><position>6499</position><in_Quantity.quantity>0.000000</in_Quantity.quantity><out_Quantity.quantity>622.852732</out_Quantity.quantity></Point><Point><position>6500</position><in_Quantity.quantity>0.000000</in_Quantity.quantity><out_Quantity.quantity>857.764357</out_Quantity.quantity></Point><Point><position>6501</position><in_Quantity.quantity>0.000000</in_Quantity.quantity><out_Quantity.quantity>277.315449</out_Quantity.quantity></Point><Point><position>6502</position><in_Quantity.quantity>0.000000</in_Quantity.quantity><out_Quantity.quantity>834.546229</out_Quantity.quantity></Point><Point><position>6503</position><in_Quantity.quantity>0.000000</in_Quantity.quantity><out_Quantity.quantity>546.116262</out_Quantity.quantity></Point><Point><position>6504</position><in_Quantity.quantity>0.000000</in_Quantity.quantity><out_Quantity.quantity>676.173640</out_Quantity.quantity></Point><Point><position>6505</position><in_Quantity.quantity>0.000000</in_Quantity.quantity><out_Quantity.quantity>502.869018</out_Quantity.quantity></Point><Point><position>6506</position><in_Quantity.quantity>0.000000</in_Quantity.quantity><out_Quantity.quantity>527.041046</out_Quantity.quantity></Point><Point><position>6507</position><in_Quantity.quantity>0.000000</in_Quantity.quantity><out_Quantity.quantity>990.159576</out_Quantity.quantity></Point><Point><position>6508</position><in_Quantity.quantity>0.000000</in_Quantity.quantity><out_Quantity.quantity>377.146079</out_Quantity.quantity></Point><Point><position>6509</position><in_Quantity.quantity>0.000000</in_Quantity.quantity><out_Quantity.quantity>430.432992</out_Quantity.quantity></Point><Point><position>6510</position><in_Quantity.quantity>0.000000</in_Quantity.quantity><out_Quantity.quantity>74.717621</out_Quantity.quantity></Point><Point><position>6511</position><in_Quantity.quantity>0.000000</in_Quantity.quantity><out_Quantity.quantity>408.969495</out_Quantity.quantity></Point><Point><position>6512</position><in_Quantity.quantity>0.000000</in_Quantity.quantity><out_Quantity.quantity>182.129390</out_Quantity.quantity></Point><Point><position>6513</position><in_Quantity.quantity>0.000000</in_Quantity.quantity><out_Quantity.quantity>946.800773</out_Quantity.quantity></Point><Point><position>6514</position><in_Quantity.quantity>0.000000</in_Quantity.quantity><out_Quantity.quantity>896.870139</out_Quantity.quantity></Point><Point><position>6515</position><in_Quantity.quantity>0.000000</in_Quantity.quantity><out_Quantity.quantity>353.808826</out_Quantity.quantity></Point><Point><position>6516</position><in_Quantity.quantity>0.000000</in_Quantity.quantity><out_Quantity.quantity>339.855990</out_Quantity.quantity></Point><Point><position>6517</position><in_Quantity.quantity>0.000000</in_Quantity.quantity><out_Quantity.quantity>591.036855</out_Quantity.quantity></Point><Point><position>6518</position><in_Quantity.quantity>0.000000</in_Quantity.quantity><out_Quantity.quantity>103.431127</out_Quantity.quantity></Point><Point><position>6519</position><in_Quantity.quantity>0.000000</in_Quantity.quantity><out_Quantity.quantity>818.419165</out_Quantity.quantity></Point><Point><position>6520</position><in_Quantity.quantity>0.000000</in_Quantity.quantity><out_Quantity.quantity>87.574741</out_Quantity.quantity></Point><Point><position>6521</position><in_Quantity.quantity>0.000000</in_Quantity.quantity><out_Quantity.quantity>392.066718</out_Quantity.quantity></Point><Point><position>6522</position><in_Quantity.quantity>0.000000</in_Quantity.quantity><out_Quantity.quantity>221.549490</out_Quantity.quantity></Point><Point><position>6523</position><in_Quantity.quantity>0.000000</in_Quantity.quantity><out_Quantity.quantity>646.956047</out_Quantity.quantity></Point><Point><position>6524</position><in_Quantity.quantity>0.000000</in_Quantity.quantity><out_Quantity.quantity>241.247178</out_Quantity.quantity></Point><Point><position>6525</position><in_Quantity.quantity>0.000000</in_Quantity.quantity><out_Quantity.quantity>342.390358</out_Quantity.quantity></Point><Point><position>6526</position><in_Quantity.quantity>0.000000</in_Quantity.quantity><out_Quantity.quantity>52.869836</out_Quantity.quantity></Point><Point><position>6527</position><in_Quantity.quantity>0.000000</in_Quantity.quantity><out_Quantity.quantity>410.732760</out_Quantity.quantity></Point><Point><position>6528</position><in_Quantity.quantity>0.000000</in_Quantity.quantity><out_Quantity.quantity>360.941994</out_Quantity.quantity></Point><Point><position>6529</position><in_Quantity.quantity>0.000000</in_Quantity.quantity><out_Quantity.quantity>413.308956</out_Quantity.quantity></Point><Point><position>6530</position><in_Quantity.quantity>0.000000</in_Quantity.quantity><out_Quantity.quantity>869.164386</out_Quantity.quantity></Point><Point><position>6531</position><in_Quantity.quantity>0.000000</in_Quantity.quantity><out_Quantity.quantity>396.917269</out_Quantity.quantity></Point><Point><position>6532</position><in_Quantity.quantity>0.000000</in_Quantity.quantity><out_Quantity.quantity>707.159091</out_Quantity.quantity></Point><Point><position>6533</position><in_Quantity.quantity>0.000000</in_Quantity.quantity><out_Quantity.quantity>288.288999</out_Quantity.quantity></Point><Point><position>6534</position><in_Quantity.quantity>0.000000</in_Quantity.quantity><out_Quantity.quantity>607.202555</out_Quantity.quantity></Point><Point><position>6535</position><in_Quantity.quantity>0.000000</in_Quantity.quantity><out_Quantity.quantity>746.478001</out_Quantity.quantity></Point><Point><position>6536</position><in_Quantity.quantity>0.000000</in_Quantity.quantity><out_Quantity.quantity>31.072455</out_Quantity.quantity></Point><Point><position>6537</position><in_Quantity.quantity>0.000000</in_Quantity.quantity><out_Quantity.quantity>7.365958</out_Quantity.quantity></Point><Point><position>6538</position><in_Quantity.quantity>0.000000</in_Quantity.quantity><out_Quantity.quantity>598.421277</out_Quantity.quantity></Point><Point><position>6539</position><in_Quantity.quantity>0.000000</in_Quantity.quantity><out_Quantity.quantity>986.938704</out_Quantity.quantity></Point><Point><position>6540</position><in_Quantity.quantity>0.000000</in_Quantity.quantity><out_Quantity.quantity>402.325917</out_Quantity.quantity></Point><Point><position>6541</position><in_Quantity.quantity>0.000000</in_Quantity.quantity><out_Quantity.quantity>683.817691</out_Quantity.quantity></Point><Point><position>6542</position><in_Quantity.quantity>0.000000</in_Quantity.quantity><out_Quantity.quantity>166.837460</out_Quantity.quantity></Point><Point><position>6543</position><in_Quantity.quantity>0.000000</in_Quantity.quantity><out_Quantity.quantity>863.504780</out_Quantity.quantity></Point><Point><position>6544</position><in_Quantity.quantity>0.000000</in_Quantity.quantity><out_Quantity.quantity>919.194748</out_Quantity.quantity></Point><Point><position>6545</position><in_Quantity.quantity>0.000000</in_Quantity.quantity><out_Quantity.quantity>798.263016</out_Quantity.quantity></Point><Point><position>6546</position><in_Quantity.quantity>0.000000</in_Quantity.quantity><out_Quantity.quantity>987.912445</out_Quantity.quantity></Point><Point><position>6547</position><in_Quantity.quantity>0.000000</in_Quantity.quantity><out_Quantity.quantity>773.505977</out_Quantity.quantity></Point><Point><position>6548</position><in_Quantity.quantity>0.000000</in_Quantity.quantity><out_Quantity.quantity>65.823594</out_Quantity.quantity></Point><Point><position>6549</position><in_Quantity.quantity>0.000000</in_Quantity.quantity><out_Quantity.quantity>970.941935</out_Quantity.quantity></Point><Point><position>6550</position><in_Quantity.quantity>0.000000</in_Quantity.quantity><out_Quantity.quantity>117.189381</out_Quantity.quantity></Point><Point><position>6551</position><in_Quantity.quantity>0.000000</in_Quantity.quantity><out_Quantity.quantity>929.349912</out_Quantity.quantity></Point><Point><position>6552</position><in_Quantity.quantity>0.000000</in_Quantity.quantity><out_Quantity.quantity>998.206208</out_Quantity.quantity></Point><Point><position>6553</position><in_Quantity.quantity>0.000000</in_Quantity.quantity><out_Quantity.quantity>775.376276</out_Quantity.quantity></Point><Point><position>6554</position><in_Quantity.quantity>0.000000</in_Quantity.quantity><out_Quantity.quantity>89.035242</out_Quantity.quantity></Point><Point><position>6555</position><in_Quantity.quantity>0.000000</in_Quantity.quantity><out_Quantity.quantity>549.610344</out_Quantity.quantity></Point><Point><position>6556</position><in_Quantity.quantity>0.000000</in_Quantity.quantity><out_Quantity.quantity>276.844132</out_Quantity.quantity></Point><Point><position>6557</position><in_Quantity.quantity>0.000000</in_Quantity.quantity><out_Quantity.quantity>80.029030</out_Quantity.quantity></Point><Point><position>6558</position><in_Quantity.quantity>0.000000</in_Quantity.quantity><out_Quantity.quantity>310.976864</out_Quantity.quantity></Point><Point><position>6559</position><in_Quantity.quantity>0.000000</in_Quantity.quantity><out_Quantity.quantity>484.084393</out_Quantity.quantity></Point><Point><position>6560</position><in_Quantity.quantity>0.000000</in_Quantity.quantity><out_Quantity.quantity>387.971688</out_Quantity.quantity></Point><Point><position>6561</position><in_Quantity.quantity>0.000000</in_Quantity.quantity><out_Quantity.quantity>975.567686</out_Quantity.quantity></Point><Point><position>6562</position><in_Quantity.quantity>0.000000</in_Quantity.quantity><out_Quantity.quantity>505.925927</out_Quantity.quantity></Point><Point><position>6563</position><in_Quantity.quantity>0.000000</in_Quantity.quantity><out_Quantity.quantity>68.990295</out_Quantity.quantity></Point><Point><position>6564</position><in_Quantity.quantity>0.000000</in_Quantity.quantity><out_Quantity.quantity>307.927096</out_Quantity.quantity></Point><Point><position>6565</position><in_Quantity.quantity>0.000000</in_Quantity.quantity><out_Quantity.quantity>850.576161</out_Quantity.quantity></Point><Point><position>6566</position><in_Quantity.quantity>0.000000</in_Quantity.quantity><out_Quantity.quantity>666.323578</out_Quantity.quantity></Point><Point><position>6567</position><in_Quantity.quantity>0.000000</in_Quantity.quantity><out_Quantity.quantity>140.121920</out_Quantity.quantity></Point><Point><position>6568</position><in_Quantity.quantity>0.000000</in_Quantity.quantity><out_Quantity.quantity>997.149843</out_Quantity.quantity></Point><Point><position>6569</position><in_Quantity.quantity>0.000000</in_Quantity.quantity><out_Quantity.quantity>627.747302</out_Quantity.quantity></Point><Point><position>6570</position><in_Quantity.quantity>0.000000</in_Quantity.quantity><out_Quantity.quantity>387.897209</out_Quantity.quantity></Point><Point><position>6571</position><in_Quantity.quantity>0.000000</in_Quantity.quantity><out_Quantity.quantity>334.368223</out_Quantity.quantity></Point><Point><position>6572</position><in_Quantity.quantity>0.000000</in_Quantity.quantity><out_Quantity.quantity>793.162597</out_Quantity.quantity></Point><Point><position>6573</position><in_Quantity.quantity>0.000000</in_Quantity.quantity><out_Quantity.quantity>39.468369</out_Quantity.quantity></Point><Point><position>6574</position><in_Quantity.quantity>0.000000</in_Quantity.quantity><out_Quantity.quantity>121.966303</out_Quantity.quantity></Point><Point><position>6575</position><in_Quantity.quantity>0.000000</in_Quantity.quantity><out_Quantity.quantity>715.819746</out_Quantity.quantity></Point><Point><position>6576</position><in_Quantity.quantity>0.000000</in_Quantity.quantity><out_Quantity.quantity>746.566282</out_Quantity.quantity></Point><Point><position>6577</position><in_Quantity.quantity>0.000000</in_Quantity.quantity><out_Quantity.quantity>346.010493</out_Quantity.quantity></Point><Point><position>6578</position><in_Quantity.quantity>0.000000</in_Quantity.quantity><out_Quantity.quantity>825.997828</out_Quantity.quantity></Point><Point><position>6579</position><in_Quantity.quantity>0.000000</in_Quantity.quantity><out_Quantity.quantity>329.924574</out_Quantity.quantity></Point><Point><position>6580</position><in_Quantity.quantity>0.000000</in_Quantity.quantity><out_Quantity.quantity>207.152439</out_Quantity.quantity></Point><Point><position>6581</position><in_Quantity.quantity>0.000000</in_Quantity.quantity><out_Quantity.quantity>349.653208</out_Quantity.quantity></Point><Point><position>6582</position><in_Quantity.quantity>0.000000</in_Quantity.quantity><out_Quantity.quantity>380.715996</out_Quantity.quantity></Point><Point><position>6583</position><in_Quantity.quantity>0.000000</in_Quantity.quantity><out_Quantity.quantity>63.946339</out_Quantity.quantity></Point><Point><position>6584</position><in_Quantity.quantity>0.000000</in_Quantity.quantity><out_Quantity.quantity>991.932484</out_Quantity.quantity></Point><Point><position>6585</position><in_Quantity.quantity>0.000000</in_Quantity.quantity><out_Quantity.quantity>590.361428</out_Quantity.quantity></Point><Point><position>6586</position><in_Quantity.quantity>0.000000</in_Quantity.quantity><out_Quantity.quantity>108.398240</out_Quantity.quantity></Point><Point><position>6587</position><in_Quantity.quantity>0.000000</in_Quantity.quantity><out_Quantity.quantity>640.755091</out_Quantity.quantity></Point><Point><position>6588</position><in_Quantity.quantity>0.000000</in_Quantity.quantity><out_Quantity.quantity>811.969636</out_Quantity.quantity></Point><Point><position>6589</position><in_Quantity.quantity>0.000000</in_Quantity.quantity><out_Quantity.quantity>771.610103</out_Quantity.quantity></Point><Point><position>6590</position><in_Quantity.quantity>0.000000</in_Quantity.quantity><out_Quantity.quantity>275.379151</out_Quantity.quantity></Point><Point><position>6591</position><in_Quantity.quantity>0.000000</in_Quantity.quantity><out_Quantity.quantity>915.026515</out_Quantity.quantity></Point><Point><position>6592</position><in_Quantity.quantity>0.000000</in_Quantity.quantity><out_Quantity.quantity>292.014444</out_Quantity.quantity></Point><Point><position>6593</position><in_Quantity.quantity>0.000000</in_Quantity.quantity><out_Quantity.quantity>631.569306</out_Quantity.quantity></Point><Point><position>6594</position><in_Quantity.quantity>0.000000</in_Quantity.quantity><out_Quantity.quantity>884.805805</out_Quantity.quantity></Point><Point><position>6595</position><in_Quantity.quantity>0.000000</in_Quantity.quantity><out_Quantity.quantity>151.215204</out_Quantity.quantity></Point><Point><position>6596</position><in_Quantity.quantity>0.000000</in_Quantity.quantity><out_Quantity.quantity>442.355497</out_Quantity.quantity></Point><Point><position>6597</position><in_Quantity.quantity>0.000000</in_Quantity.quantity><out_Quantity.quantity>247.787925</out_Quantity.quantity></Point><Point><position>6598</position><in_Quantity.quantity>0.000000</in_Quantity.quantity><out_Quantity.quantity>63.344060</out_Quantity.quantity></Point><Point><position>6599</position><in_Quantity.quantity>0.000000</in_Quantity.quantity><out_Quantity.quantity>110.090664</out_Quantity.quantity></Point><Point><position>6600</position><in_Quantity.quantity>0.000000</in_Quantity.quantity><out_Quantity.quantity>423.679480</out_Quantity.quantity></Point><Point><position>6601</position><in_Quantity.quantity>0.000000</in_Quantity.quantity><out_Quantity.quantity>924.690525</out_Quantity.quantity></Point><Point><position>6602</position><in_Quantity.quantity>0.000000</in_Quantity.quantity><out_Quantity.quantity>848.112628</out_Quantity.quantity></Point><Point><position>6603</position><in_Quantity.quantity>0.000000</in_Quantity.quantity><out_Quantity.quantity>282.765859</out_Quantity.quantity></Point><Point><position>6604</position><in_Quantity.quantity>0.000000</in_Quantity.quantity><out_Quantity.quantity>253.634158</out_Quantity.quantity></Point><Point><position>6605</position><in_Quantity.quantity>0.000000</in_Quantity.quantity><out_Quantity.quantity>702.785723</out_Quantity.quantity></Point><Point><position>6606</position><in_Quantity.quantity>0.000000</in_Quantity.quantity><out_Quantity.quantity>991.439417</out_Quantity.quantity></Point><Point><position>6607</position><in_Quantity.quantity>0.000000</in_Quantity.quantity><out_Quantity.quantity>327.515550</out_Quantity.quantity></Point><Point><position>6608</position><in_Quantity.quantity>0.000000</in_Quantity.quantity><out_Quantity.quantity>977.042218</out_Quantity.quantity></Point><Point><position>6609</position><in_Quantity.quantity>0.000000</in_Quantity.quantity><out_Quantity.quantity>462.499242</out_Quantity.quantity></Point><Point><position>6610</position><in_Quantity.quantity>0.000000</in_Quantity.quantity><out_Quantity.quantity>661.547215</out_Quantity.quantity></Point><Point><position>6611</position><in_Quantity.quantity>0.000000</in_Quantity.quantity><out_Quantity.quantity>735.936486</out_Quantity.quantity></Point><Point><position>6612</position><in_Quantity.quantity>0.000000</in_Quantity.quantity><out_Quantity.quantity>569.588524</out_Quantity.quantity></Point><Point><position>6613</position><in_Quantity.quantity>0.000000</in_Quantity.quantity><out_Quantity.quantity>517.568137</out_Quantity.quantity></Point><Point><position>6614</position><in_Quantity.quantity>0.000000</in_Quantity.quantity><out_Quantity.quantity>640.621778</out_Quantity.quantity></Point><Point><position>6615</position><in_Quantity.quantity>0.000000</in_Quantity.quantity><out_Quantity.quantity>825.753667</out_Quantity.quantity></Point><Point><position>6616</position><in_Quantity.quantity>0.000000</in_Quantity.quantity><out_Quantity.quantity>866.844804</out_Quantity.quantity></Point><Point><position>6617</position><in_Quantity.quantity>0.000000</in_Quantity.quantity><out_Quantity.quantity>17.604883</out_Quantity.quantity></Point><Point><position>6618</position><in_Quantity.quantity>0.000000</in_Quantity.quantity><out_Quantity.quantity>665.892761</out_Quantity.quantity></Point><Point><position>6619</position><in_Quantity.quantity>0.000000</in_Quantity.quantity><out_Quantity.quantity>72.248605</out_Quantity.quantity></Point><Point><position>6620</position><in_Quantity.quantity>0.000000</in_Quantity.quantity><out_Quantity.quantity>319.729669</out_Quantity.quantity></Point><Point><position>6621</position><in_Quantity.quantity>0.000000</in_Quantity.quantity><out_Quantity.quantity>441.879676</out_Quantity.quantity></Point><Point><position>6622</position><in_Quantity.quantity>0.000000</in_Quantity.quantity><out_Quantity.quantity>407.653338</out_Quantity.quantity></Point><Point><position>6623</position><in_Quantity.quantity>0.000000</in_Quantity.quantity><out_Quantity.quantity>362.530869</out_Quantity.quantity></Point><Point><position>6624</position><in_Quantity.quantity>0.000000</in_Quantity.quantity><out_Quantity.quantity>325.102531</out_Quantity.quantity></Point><Point><position>6625</position><in_Quantity.quantity>0.000000</in_Quantity.quantity><out_Quantity.quantity>456.362259</out_Quantity.quantity></Point><Point><position>6626</position><in_Quantity.quantity>0.000000</in_Quantity.quantity><out_Quantity.quantity>753.221984</out_Quantity.quantity></Point><Point><position>6627</position><in_Quantity.quantity>0.000000</in_Quantity.quantity><out_Quantity.quantity>22.910460</out_Quantity.quantity></Point><Point><position>6628</position><in_Quantity.quantity>0.000000</in_Quantity.quantity><out_Quantity.quantity>363.542966</out_Quantity.quantity></Point><Point><position>6629</position><in_Quantity.quantity>0.000000</in_Quantity.quantity><out_Quantity.quantity>987.961388</out_Quantity.quantity></Point><Point><position>6630</position><in_Quantity.quantity>0.000000</in_Quantity.quantity><out_Quantity.quantity>622.536548</out_Quantity.quantity></Point><Point><position>6631</position><in_Quantity.quantity>0.000000</in_Quantity.quantity><out_Quantity.quantity>738.037648</out_Quantity.quantity></Point><Point><position>6632</position><in_Quantity.quantity>0.000000</in_Quantity.quantity><out_Quantity.quantity>911.119911</out_Quantity.quantity></Point><Point><position>6633</position><in_Quantity.quantity>0.000000</in_Quantity.quantity><out_Quantity.quantity>841.177981</out_Quantity.quantity></Point><Point><position>6634</position><in_Quantity.quantity>0.000000</in_Quantity.quantity><out_Quantity.quantity>135.857678</out_Quantity.quantity></Point><Point><position>6635</position><in_Quantity.quantity>0.000000</in_Quantity.quantity><out_Quantity.quantity>209.321082</out_Quantity.quantity></Point><Point><position>6636</position><in_Quantity.quantity>0.000000</in_Quantity.quantity><out_Quantity.quantity>965.530939</out_Quantity.quantity></Point><Point><position>6637</position><in_Quantity.quantity>0.000000</in_Quantity.quantity><out_Quantity.quantity>69.715838</out_Quantity.quantity></Point><Point><position>6638</position><in_Quantity.quantity>0.000000</in_Quantity.quantity><out_Quantity.quantity>348.575213</out_Quantity.quantity></Point><Point><position>6639</position><in_Quantity.quantity>0.000000</in_Quantity.quantity><out_Quantity.quantity>829.675644</out_Quantity.quantity></Point><Point><position>6640</position><in_Quantity.quantity>0.000000</in_Quantity.quantity><out_Quantity.quantity>975.983062</out_Quantity.quantity></Point><Point><position>6641</position><in_Quantity.quantity>0.000000</in_Quantity.quantity><out_Quantity.quantity>770.395162</out_Quantity.quantity></Point><Point><position>6642</position><in_Quantity.quantity>0.000000</in_Quantity.quantity><out_Quantity.quantity>683.458683</out_Quantity.quantity></Point><Point><position>6643</position><in_Quantity.quantity>0.000000</in_Quantity.quantity><out_Quantity.quantity>779.817060</out_Quantity.quantity></Point><Point><position>6644</position><in_Quantity.quantity>0.000000</in_Quantity.quantity><out_Quantity.quantity>940.044894</out_Quantity.quantity></Point><Point><position>6645</position><in_Quantity.quantity>0.000000</in_Quantity.quantity><out_Quantity.quantity>77.458020</out_Quantity.quantity></Point><Point><position>6646</position><in_Quantity.quantity>0.000000</in_Quantity.quantity><out_Quantity.quantity>964.190497</out_Quantity.quantity></Point><Point><position>6647</position><in_Quantity.quantity>0.000000</in_Quantity.quantity><out_Quantity.quantity>189.305776</out_Quantity.quantity></Point><Point><position>6648</position><in_Quantity.quantity>0.000000</in_Quantity.quantity><out_Quantity.quantity>496.534145</out_Quantity.quantity></Point><Point><position>6649</position><in_Quantity.quantity>0.000000</in_Quantity.quantity><out_Quantity.quantity>318.896849</out_Quantity.quantity></Point><Point><position>6650</position><in_Quantity.quantity>0.000000</in_Quantity.quantity><out_Quantity.quantity>286.767372</out_Quantity.quantity></Point><Point><position>6651</position><in_Quantity.quantity>0.000000</in_Quantity.quantity><out_Quantity.quantity>201.139165</out_Quantity.quantity></Point><Point><position>6652</position><in_Quantity.quantity>0.000000</in_Quantity.quantity><out_Quantity.quantity>869.376642</out_Quantity.quantity></Point><Point><position>6653</position><in_Quantity.quantity>0.000000</in_Quantity.quantity><out_Quantity.quantity>346.589924</out_Quantity.quantity></Point><Point><position>6654</position><in_Quantity.quantity>0.000000</in_Quantity.quantity><out_Quantity.quantity>689.208677</out_Quantity.quantity></Point><Point><position>6655</position><in_Quantity.quantity>0.000000</in_Quantity.quantity><out_Quantity.quantity>650.278882</out_Quantity.quantity></Point><Point><position>6656</position><in_Quantity.quantity>0.000000</in_Quantity.quantity><out_Quantity.quantity>353.655066</out_Quantity.quantity></Point><Point><position>6657</position><in_Quantity.quantity>0.000000</in_Quantity.quantity><out_Quantity.quantity>789.127416</out_Quantity.quantity></Point><Point><position>6658</position><in_Quantity.quantity>0.000000</in_Quantity.quantity><out_Quantity.quantity>54.426834</out_Quantity.quantity></Point><Point><position>6659</position><in_Quantity.quantity>0.000000</in_Quantity.quantity><out_Quantity.quantity>858.354428</out_Quantity.quantity></Point><Point><position>6660</position><in_Quantity.quantity>0.000000</in_Quantity.quantity><out_Quantity.quantity>363.208988</out_Quantity.quantity></Point><Point><position>6661</position><in_Quantity.quantity>0.000000</in_Quantity.quantity><out_Quantity.quantity>170.167719</out_Quantity.quantity></Point><Point><position>6662</position><in_Quantity.quantity>0.000000</in_Quantity.quantity><out_Quantity.quantity>530.481389</out_Quantity.quantity></Point><Point><position>6663</position><in_Quantity.quantity>0.000000</in_Quantity.quantity><out_Quantity.quantity>832.505379</out_Quantity.quantity></Point><Point><position>6664</position><in_Quantity.quantity>0.000000</in_Quantity.quantity><out_Quantity.quantity>305.217272</out_Quantity.quantity></Point><Point><position>6665</position><in_Quantity.quantity>0.000000</in_Quantity.quantity><out_Quantity.quantity>363.799189</out_Quantity.quantity></Point><Point><position>6666</position><in_Quantity.quantity>0.000000</in_Quantity.quantity><out_Quantity.quantity>505.763882</out_Quantity.quantity></Point><Point><position>6667</position><in_Quantity.quantity>0.000000</in_Quantity.quantity><out_Quantity.quantity>475.072867</out_Quantity.quantity></Point><Point><position>6668</position><in_Quantity.quantity>0.000000</in_Quantity.quantity><out_Quantity.quantity>21.467382</out_Quantity.quantity></Point><Point><position>6669</position><in_Quantity.quantity>0.000000</in_Quantity.quantity><out_Quantity.quantity>319.318919</out_Quantity.quantity></Point><Point><position>6670</position><in_Quantity.quantity>0.000000</in_Quantity.quantity><out_Quantity.quantity>375.855697</out_Quantity.quantity></Point><Point><position>6671</position><in_Quantity.quantity>0.000000</in_Quantity.quantity><out_Quantity.quantity>392.469118</out_Quantity.quantity></Point><Point><position>6672</position><in_Quantity.quantity>0.000000</in_Quantity.quantity><out_Quantity.quantity>189.992956</out_Quantity.quantity></Point><Point><position>6673</position><in_Quantity.quantity>0.000000</in_Quantity.quantity><out_Quantity.quantity>550.312395</out_Quantity.quantity></Point><Point><position>6674</position><in_Quantity.quantity>0.000000</in_Quantity.quantity><out_Quantity.quantity>449.609011</out_Quantity.quantity></Point><Point><position>6675</position><in_Quantity.quantity>0.000000</in_Quantity.quantity><out_Quantity.quantity>557.351179</out_Quantity.quantity></Point><Point><position>6676</position><in_Quantity.quantity>0.000000</in_Quantity.quantity><out_Quantity.quantity>463.705902</out_Quantity.quantity></Point><Point><position>6677</position><in_Quantity.quantity>0.000000</in_Quantity.quantity><out_Quantity.quantity>42.405003</out_Quantity.quantity></Point><Point><position>6678</position><in_Quantity.quantity>0.000000</in_Quantity.quantity><out_Quantity.quantity>547.521151</out_Quantity.quantity></Point><Point><position>6679</position><in_Quantity.quantity>0.000000</in_Quantity.quantity><out_Quantity.quantity>155.213477</out_Quantity.quantity></Point><Point><position>6680</position><in_Quantity.quantity>0.000000</in_Quantity.quantity><out_Quantity.quantity>686.240468</out_Quantity.quantity></Point><Point><position>6681</position><in_Quantity.quantity>0.000000</in_Quantity.quantity><out_Quantity.quantity>281.871664</out_Quantity.quantity></Point><Point><position>6682</position><in_Quantity.quantity>0.000000</in_Quantity.quantity><out_Quantity.quantity>636.213024</out_Quantity.quantity></Point><Point><position>6683</position><in_Quantity.quantity>0.000000</in_Quantity.quantity><out_Quantity.quantity>752.613911</out_Quantity.quantity></Point><Point><position>6684</position><in_Quantity.quantity>0.000000</in_Quantity.quantity><out_Quantity.quantity>978.878020</out_Quantity.quantity></Point><Point><position>6685</position><in_Quantity.quantity>0.000000</in_Quantity.quantity><out_Quantity.quantity>399.202621</out_Quantity.quantity></Point><Point><position>6686</position><in_Quantity.quantity>0.000000</in_Quantity.quantity><out_Quantity.quantity>17.518160</out_Quantity.quantity></Point><Point><position>6687</position><in_Quantity.quantity>0.000000</in_Quantity.quantity><out_Quantity.quantity>478.104860</out_Quantity.quantity></Point><Point><position>6688</position><in_Quantity.quantity>0.000000</in_Quantity.quantity><out_Quantity.quantity>515.874069</out_Quantity.quantity></Point><Point><position>6689</position><in_Quantity.quantity>0.000000</in_Quantity.quantity><out_Quantity.quantity>609.867791</out_Quantity.quantity></Point><Point><position>6690</position><in_Quantity.quantity>0.000000</in_Quantity.quantity><out_Quantity.quantity>329.924760</out_Quantity.quantity></Point><Point><position>6691</position><in_Quantity.quantity>0.000000</in_Quantity.quantity><out_Quantity.quantity>856.840417</out_Quantity.quantity></Point><Point><position>6692</position><in_Quantity.quantity>0.000000</in_Quantity.quantity><out_Quantity.quantity>108.490218</out_Quantity.quantity></Point><Point><position>6693</position><in_Quantity.quantity>0.000000</in_Quantity.quantity><out_Quantity.quantity>841.910215</out_Quantity.quantity></Point><Point><position>6694</position><in_Quantity.quantity>0.000000</in_Quantity.quantity><out_Quantity.quantity>762.863355</out_Quantity.quantity></Point><Point><position>6695</position><in_Quantity.quantity>0.000000</in_Quantity.quantity><out_Quantity.quantity>278.969109</out_Quantity.quantity></Point><Point><position>6696</position><in_Quantity.quantity>0.000000</in_Quantity.quantity><out_Quantity.quantity>830.078899</out_Quantity.quantity></Point><Point><position>6697</position><in_Quantity.quantity>0.000000</in_Quantity.quantity><out_Quantity.quantity>99.947676</out_Quantity.quantity></Point><Point><position>6698</position><in_Quantity.quantity>0.000000</in_Quantity.quantity><out_Quantity.quantity>132.344233</out_Quantity.quantity></Point><Point><position>6699</position><in_Quantity.quantity>0.000000</in_Quantity.quantity><out_Quantity.quantity>851.725162</out_Quantity.quantity></Point><Point><position>6700</position><in_Quantity.quantity>0.000000</in_Quantity.quantity><out_Quantity.quantity>753.193463</out_Quantity.quantity></Point><Point><position>6701</position><in_Quantity.quantity>0.000000</in_Quantity.quantity><out_Quantity.quantity>634.889218</out_Quantity.quantity></Point><Point><position>6702</position><in_Quantity.quantity>0.000000</in_Quantity.quantity><out_Quantity.quantity>795.003544</out_Quantity.quantity></Point><Point><position>6703</position><in_Quantity.quantity>0.000000</in_Quantity.quantity><out_Quantity.quantity>113.749953</out_Quantity.quantity></Point><Point><position>6704</position><in_Quantity.quantity>0.000000</in_Quantity.quantity><out_Quantity.quantity>245.930752</out_Quantity.quantity></Point><Point><position>6705</position><in_Quantity.quantity>0.000000</in_Quantity.quantity><out_Quantity.quantity>728.608234</out_Quantity.quantity></Point><Point><position>6706</position><in_Quantity.quantity>0.000000</in_Quantity.quantity><out_Quantity.quantity>273.737256</out_Quantity.quantity></Point><Point><position>6707</position><in_Quantity.quantity>0.000000</in_Quantity.quantity><out_Quantity.quantity>391.874271</out_Quantity.quantity></Point><Point><position>6708</position><in_Quantity.quantity>0.000000</in_Quantity.quantity><out_Quantity.quantity>409.675023</out_Quantity.quantity></Point><Point><position>6709</position><in_Quantity.quantity>0.000000</in_Quantity.quantity><out_Quantity.quantity>368.230304</out_Quantity.quantity></Point><Point><position>6710</position><in_Quantity.quantity>0.000000</in_Quantity.quantity><out_Quantity.quantity>223.074415</out_Quantity.quantity></Point><Point><position>6711</position><in_Quantity.quantity>0.000000</in_Quantity.quantity><out_Quantity.quantity>84.227369</out_Quantity.quantity></Point><Point><position>6712</position><in_Quantity.quantity>0.000000</in_Quantity.quantity><out_Quantity.quantity>678.933674</out_Quantity.quantity></Point><Point><position>6713</position><in_Quantity.quantity>0.000000</in_Quantity.quantity><out_Quantity.quantity>468.557027</out_Quantity.quantity></Point><Point><position>6714</position><in_Quantity.quantity>0.000000</in_Quantity.quantity><out_Quantity.quantity>234.289328</out_Quantity.quantity></Point><Point><position>6715</position><in_Quantity.quantity>0.000000</in_Quantity.quantity><out_Quantity.quantity>712.802904</out_Quantity.quantity></Point><Point><position>6716</position><in_Quantity.quantity>0.000000</in_Quantity.quantity><out_Quantity.quantity>596.465964</out_Quantity.quantity></Point><Point><position>6717</position><in_Quantity.quantity>0.000000</in_Quantity.quantity><out_Quantity.quantity>76.830733</out_Quantity.quantity></Point><Point><position>6718</position><in_Quantity.quantity>0.000000</in_Quantity.quantity><out_Quantity.quantity>959.686524</out_Quantity.quantity></Point><Point><position>6719</position><in_Quantity.quantity>0.000000</in_Quantity.quantity><out_Quantity.quantity>63.889547</out_Quantity.quantity></Point><Point><position>6720</position><in_Quantity.quantity>0.000000</in_Quantity.quantity><out_Quantity.quantity>882.120688</out_Quantity.quantity></Point><Point><position>6721</position><in_Quantity.quantity>0.000000</in_Quantity.quantity><out_Quantity.quantity>91.317956</out_Quantity.quantity></Point><Point><position>6722</position><in_Quantity.quantity>0.000000</in_Quantity.quantity><out_Quantity.quantity>205.926761</out_Quantity.quantity></Point><Point><position>6723</position><in_Quantity.quantity>0.000000</in_Quantity.quantity><out_Quantity.quantity>625.874538</out_Quantity.quantity></Point><Point><position>6724</position><in_Quantity.quantity>0.000000</in_Quantity.quantity><out_Quantity.quantity>822.293585</out_Quantity.quantity></Point><Point><position>6725</position><in_Quantity.quantity>0.000000</in_Quantity.quantity><out_Quantity.quantity>605.802662</out_Quantity.quantity></Point><Point><position>6726</position><in_Quantity.quantity>0.000000</in_Quantity.quantity><out_Quantity.quantity>183.929899</out_Quantity.quantity></Point><Point><position>6727</position><in_Quantity.quantity>0.000000</in_Quantity.quantity><out_Quantity.quantity>653.580794</out_Quantity.quantity></Point><Point><position>6728</position><in_Quantity.quantity>0.000000</in_Quantity.quantity><out_Quantity.quantity>340.856164</out_Quantity.quantity></Point><Point><position>6729</position><in_Quantity.quantity>0.000000</in_Quantity.quantity><out_Quantity.quantity>329.595999</out_Quantity.quantity></Point><Point><position>6730</position><in_Quantity.quantity>0.000000</in_Quantity.quantity><out_Quantity.quantity>740.101294</out_Quantity.quantity></Point><Point><position>6731</position><in_Quantity.quantity>0.000000</in_Quantity.quantity><out_Quantity.quantity>5.165768</out_Quantity.quantity></Point><Point><position>6732</position><in_Quantity.quantity>0.000000</in_Quantity.quantity><out_Quantity.quantity>617.535447</out_Quantity.quantity></Point><Point><position>6733</position><in_Quantity.quantity>0.000000</in_Quantity.quantity><out_Quantity.quantity>201.230300</out_Quantity.quantity></Point><Point><position>6734</position><in_Quantity.quantity>0.000000</in_Quantity.quantity><out_Quantity.quantity>722.061045</out_Quantity.quantity></Point><Point><position>6735</position><in_Quantity.quantity>0.000000</in_Quantity.quantity><out_Quantity.quantity>572.520834</out_Quantity.quantity></Point><Point><position>6736</position><in_Quantity.quantity>0.000000</in_Quantity.quantity><out_Quantity.quantity>819.428773</out_Quantity.quantity></Point><Point><position>6737</position><in_Quantity.quantity>0.000000</in_Quantity.quantity><out_Quantity.quantity>215.283024</out_Quantity.quantity></Point><Point><position>6738</position><in_Quantity.quantity>0.000000</in_Quantity.quantity><out_Quantity.quantity>601.398970</out_Quantity.quantity></Point><Point><position>6739</position><in_Quantity.quantity>0.000000</in_Quantity.quantity><out_Quantity.quantity>179.539870</out_Quantity.quantity></Point><Point><position>6740</position><in_Quantity.quantity>0.000000</in_Quantity.quantity><out_Quantity.quantity>210.336359</out_Quantity.quantity></Point><Point><position>6741</position><in_Quantity.quantity>0.000000</in_Quantity.quantity><out_Quantity.quantity>530.572745</out_Quantity.quantity></Point><Point><position>6742</position><in_Quantity.quantity>0.000000</in_Quantity.quantity><out_Quantity.quantity>470.088453</out_Quantity.quantity></Point><Point><position>6743</position><in_Quantity.quantity>0.000000</in_Quantity.quantity><out_Quantity.quantity>193.176870</out_Quantity.quantity></Point><Point><position>6744</position><in_Quantity.quantity>0.000000</in_Quantity.quantity><out_Quantity.quantity>205.916554</out_Quantity.quantity></Point><Point><position>6745</position><in_Quantity.quantity>0.000000</in_Quantity.quantity><out_Quantity.quantity>554.336268</out_Quantity.quantity></Point><Point><position>6746</position><in_Quantity.quantity>0.000000</in_Quantity.quantity><out_Quantity.quantity>899.509302</out_Quantity.quantity></Point><Point><position>6747</position><in_Quantity.quantity>0.000000</in_Quantity.quantity><out_Quantity.quantity>42.161680</out_Quantity.quantity></Point><Point><position>6748</position><in_Quantity.quantity>0.000000</in_Quantity.quantity><out_Quantity.quantity>746.236547</out_Quantity.quantity></Point><Point><position>6749</position><in_Quantity.quantity>0.000000</in_Quantity.quantity><out_Quantity.quantity>358.378047</out_Quantity.quantity></Point><Point><position>6750</position><in_Quantity.quantity>0.000000</in_Quantity.quantity><out_Quantity.quantity>952.818572</out_Quantity.quantity></Point><Point><position>6751</position><in_Quantity.quantity>0.000000</in_Quantity.quantity><out_Quantity.quantity>423.887785</out_Quantity.quantity></Point><Point><position>6752</position><in_Quantity.quantity>0.000000</in_Quantity.quantity><out_Quantity.quantity>381.359047</out_Quantity.quantity></Point><Point><position>6753</position><in_Quantity.quantity>0.000000</in_Quantity.quantity><out_Quantity.quantity>189.349757</out_Quantity.quantity></Point><Point><position>6754</position><in_Quantity.quantity>0.000000</in_Quantity.quantity><out_Quantity.quantity>425.344526</out_Quantity.quantity></Point><Point><position>6755</position><in_Quantity.quantity>0.000000</in_Quantity.quantity><out_Quantity.quantity>325.895500</out_Quantity.quantity></Point><Point><position>6756</position><in_Quantity.quantity>0.000000</in_Quantity.quantity><out_Quantity.quantity>692.543850</out_Quantity.quantity></Point><Point><position>6757</position><in_Quantity.quantity>0.000000</in_Quantity.quantity><out_Quantity.quantity>508.073549</out_Quantity.quantity></Point><Point><position>6758</position><in_Quantity.quantity>0.000000</in_Quantity.quantity><out_Quantity.quantity>156.090423</out_Quantity.quantity></Point><Point><position>6759</position><in_Quantity.quantity>0.000000</in_Quantity.quantity><out_Quantity.quantity>683.906027</out_Quantity.quantity></Point><Point><position>6760</position><in_Quantity.quantity>0.000000</in_Quantity.quantity><out_Quantity.quantity>400.909518</out_Quantity.quantity></Point><Point><position>6761</position><in_Quantity.quantity>0.000000</in_Quantity.quantity><out_Quantity.quantity>861.561370</out_Quantity.quantity></Point><Point><position>6762</position><in_Quantity.quantity>0.000000</in_Quantity.quantity><out_Quantity.quantity>862.360293</out_Quantity.quantity></Point><Point><position>6763</position><in_Quantity.quantity>0.000000</in_Quantity.quantity><out_Quantity.quantity>519.316748</out_Quantity.quantity></Point><Point><position>6764</position><in_Quantity.quantity>0.000000</in_Quantity.quantity><out_Quantity.quantity>660.937386</out_Quantity.quantity></Point><Point><position>6765</position><in_Quantity.quantity>0.000000</in_Quantity.quantity><out_Quantity.quantity>100.976646</out_Quantity.quantity></Point><Point><position>6766</position><in_Quantity.quantity>0.000000</in_Quantity.quantity><out_Quantity.quantity>570.222684</out_Quantity.quantity></Point><Point><position>6767</position><in_Quantity.quantity>0.000000</in_Quantity.quantity><out_Quantity.quantity>763.906615</out_Quantity.quantity></Point><Point><position>6768</position><in_Quantity.quantity>0.000000</in_Quantity.quantity><out_Quantity.quantity>771.326185</out_Quantity.quantity></Point><Point><position>6769</position><in_Quantity.quantity>0.000000</in_Quantity.quantity><out_Quantity.quantity>70.401410</out_Quantity.quantity></Point><Point><position>6770</position><in_Quantity.quantity>0.000000</in_Quantity.quantity><out_Quantity.quantity>342.480177</out_Quantity.quantity></Point><Point><position>6771</position><in_Quantity.quantity>0.000000</in_Quantity.quantity><out_Quantity.quantity>603.760070</out_Quantity.quantity></Point><Point><position>6772</position><in_Quantity.quantity>0.000000</in_Quantity.quantity><out_Quantity.quantity>241.132086</out_Quantity.quantity></Point><Point><position>6773</position><in_Quantity.quantity>0.000000</in_Quantity.quantity><out_Quantity.quantity>226.184669</out_Quantity.quantity></Point><Point><position>6774</position><in_Quantity.quantity>0.000000</in_Quantity.quantity><out_Quantity.quantity>608.004571</out_Quantity.quantity></Point><Point><position>6775</position><in_Quantity.quantity>0.000000</in_Quantity.quantity><out_Quantity.quantity>919.476947</out_Quantity.quantity></Point><Point><position>6776</position><in_Quantity.quantity>0.000000</in_Quantity.quantity><out_Quantity.quantity>56.775834</out_Quantity.quantity></Point><Point><position>6777</position><in_Quantity.quantity>0.000000</in_Quantity.quantity><out_Quantity.quantity>784.251481</out_Quantity.quantity></Point><Point><position>6778</position><in_Quantity.quantity>0.000000</in_Quantity.quantity><out_Quantity.quantity>63.458321</out_Quantity.quantity></Point><Point><position>6779</position><in_Quantity.quantity>0.000000</in_Quantity.quantity><out_Quantity.quantity>438.687137</out_Quantity.quantity></Point><Point><position>6780</position><in_Quantity.quantity>0.000000</in_Quantity.quantity><out_Quantity.quantity>512.827722</out_Quantity.quantity></Point><Point><position>6781</position><in_Quantity.quantity>0.000000</in_Quantity.quantity><out_Quantity.quantity>284.989533</out_Quantity.quantity></Point><Point><position>6782</position><in_Quantity.quantity>0.000000</in_Quantity.quantity><out_Quantity.quantity>442.054882</out_Quantity.quantity></Point><Point><position>6783</position><in_Quantity.quantity>0.000000</in_Quantity.quantity><out_Quantity.quantity>199.503336</out_Quantity.quantity></Point><Point><position>6784</position><in_Quantity.quantity>0.000000</in_Quantity.quantity><out_Quantity.quantity>751.281650</out_Quantity.quantity></Point><Point><position>6785</position><in_Quantity.quantity>0.000000</in_Quantity.quantity><out_Quantity.quantity>45.360386</out_Quantity.quantity></Point><Point><position>6786</position><in_Quantity.quantity>0.000000</in_Quantity.quantity><out_Quantity.quantity>872.335293</out_Quantity.quantity></Point><Point><position>6787</position><in_Quantity.quantity>0.000000</in_Quantity.quantity><out_Quantity.quantity>135.174793</out_Quantity.quantity></Point><Point><position>6788</position><in_Quantity.quantity>0.000000</in_Quantity.quantity><out_Quantity.quantity>692.911110</out_Quantity.quantity></Point><Point><position>6789</position><in_Quantity.quantity>0.000000</in_Quantity.quantity><out_Quantity.quantity>269.737960</out_Quantity.quantity></Point><Point><position>6790</position><in_Quantity.quantity>0.000000</in_Quantity.quantity><out_Quantity.quantity>988.929632</out_Quantity.quantity></Point><Point><position>6791</position><in_Quantity.quantity>0.000000</in_Quantity.quantity><out_Quantity.quantity>803.762292</out_Quantity.quantity></Point><Point><position>6792</position><in_Quantity.quantity>0.000000</in_Quantity.quantity><out_Quantity.quantity>558.081070</out_Quantity.quantity></Point><Point><position>6793</position><in_Quantity.quantity>0.000000</in_Quantity.quantity><out_Quantity.quantity>490.540909</out_Quantity.quantity></Point><Point><position>6794</position><in_Quantity.quantity>0.000000</in_Quantity.quantity><out_Quantity.quantity>211.072669</out_Quantity.quantity></Point><Point><position>6795</position><in_Quantity.quantity>0.000000</in_Quantity.quantity><out_Quantity.quantity>600.993867</out_Quantity.quantity></Point><Point><position>6796</position><in_Quantity.quantity>0.000000</in_Quantity.quantity><out_Quantity.quantity>582.692426</out_Quantity.quantity></Point><Point><position>6797</position><in_Quantity.quantity>0.000000</in_Quantity.quantity><out_Quantity.quantity>594.521696</out_Quantity.quantity></Point><Point><position>6798</position><in_Quantity.quantity>0.000000</in_Quantity.quantity><out_Quantity.quantity>378.344928</out_Quantity.quantity></Point><Point><position>6799</position><in_Quantity.quantity>0.000000</in_Quantity.quantity><out_Quantity.quantity>96.814739</out_Quantity.quantity></Point><Point><position>6800</position><in_Quantity.quantity>0.000000</in_Quantity.quantity><out_Quantity.quantity>785.927428</out_Quantity.quantity></Point><Point><position>6801</position><in_Quantity.quantity>0.000000</in_Quantity.quantity><out_Quantity.quantity>424.264331</out_Quantity.quantity></Point><Point><position>6802</position><in_Quantity.quantity>0.000000</in_Quantity.quantity><out_Quantity.quantity>26.249552</out_Quantity.quantity></Point><Point><position>6803</position><in_Quantity.quantity>0.000000</in_Quantity.quantity><out_Quantity.quantity>789.989118</out_Quantity.quantity></Point><Point><position>6804</position><in_Quantity.quantity>0.000000</in_Quantity.quantity><out_Quantity.quantity>198.336574</out_Quantity.quantity></Point><Point><position>6805</position><in_Quantity.quantity>0.000000</in_Quantity.quantity><out_Quantity.quantity>292.399859</out_Quantity.quantity></Point><Point><position>6806</position><in_Quantity.quantity>0.000000</in_Quantity.quantity><out_Quantity.quantity>778.812123</out_Quantity.quantity></Point><Point><position>6807</position><in_Quantity.quantity>0.000000</in_Quantity.quantity><out_Quantity.quantity>635.463262</out_Quantity.quantity></Point><Point><position>6808</position><in_Quantity.quantity>0.000000</in_Quantity.quantity><out_Quantity.quantity>954.712522</out_Quantity.quantity></Point><Point><position>6809</position><in_Quantity.quantity>0.000000</in_Quantity.quantity><out_Quantity.quantity>521.247236</out_Quantity.quantity></Point><Point><position>6810</position><in_Quantity.quantity>0.000000</in_Quantity.quantity><out_Quantity.quantity>646.363724</out_Quantity.quantity></Point><Point><position>6811</position><in_Quantity.quantity>0.000000</in_Quantity.quantity><out_Quantity.quantity>599.296294</out_Quantity.quantity></Point><Point><position>6812</position><in_Quantity.quantity>0.000000</in_Quantity.quantity><out_Quantity.quantity>455.100342</out_Quantity.quantity></Point><Point><position>6813</position><in_Quantity.quantity>0.000000</in_Quantity.quantity><out_Quantity.quantity>679.477073</out_Quantity.quantity></Point><Point><position>6814</position><in_Quantity.quantity>0.000000</in_Quantity.quantity><out_Quantity.quantity>928.843084</out_Quantity.quantity></Point><Point><position>6815</position><in_Quantity.quantity>0.000000</in_Quantity.quantity><out_Quantity.quantity>162.360310</out_Quantity.quantity></Point><Point><position>6816</position><in_Quantity.quantity>0.000000</in_Quantity.quantity><out_Quantity.quantity>806.702701</out_Quantity.quantity></Point><Point><position>6817</position><in_Quantity.quantity>0.000000</in_Quantity.quantity><out_Quantity.quantity>641.944201</out_Quantity.quantity></Point><Point><position>6818</position><in_Quantity.quantity>0.000000</in_Quantity.quantity><out_Quantity.quantity>353.146049</out_Quantity.quantity></Point><Point><position>6819</position><in_Quantity.quantity>0.000000</in_Quantity.quantity><out_Quantity.quantity>966.482249</out_Quantity.quantity></Point><Point><position>6820</position><in_Quantity.quantity>0.000000</in_Quantity.quantity><out_Quantity.quantity>202.686566</out_Quantity.quantity></Point><Point><position>6821</position><in_Quantity.quantity>0.000000</in_Quantity.quantity><out_Quantity.quantity>131.169063</out_Quantity.quantity></Point><Point><position>6822</position><in_Quantity.quantity>0.000000</in_Quantity.quantity><out_Quantity.quantity>90.095719</out_Quantity.quantity></Point><Point><position>6823</position><in_Quantity.quantity>0.000000</in_Quantity.quantity><out_Quantity.quantity>831.318077</out_Quantity.quantity></Point><Point><position>6824</position><in_Quantity.quantity>0.000000</in_Quantity.quantity><out_Quantity.quantity>106.802450</out_Quantity.quantity></Point><Point><position>6825</position><in_Quantity.quantity>0.000000</in_Quantity.quantity><out_Quantity.quantity>840.681079</out_Quantity.quantity></Point><Point><position>6826</position><in_Quantity.quantity>0.000000</in_Quantity.quantity><out_Quantity.quantity>540.934658</out_Quantity.quantity></Point><Point><position>6827</position><in_Quantity.quantity>0.000000</in_Quantity.quantity><out_Quantity.quantity>274.596366</out_Quantity.quantity></Point><Point><position>6828</position><in_Quantity.quantity>0.000000</in_Quantity.quantity><out_Quantity.quantity>56.249209</out_Quantity.quantity></Point><Point><position>6829</position><in_Quantity.quantity>0.000000</in_Quantity.quantity><out_Quantity.quantity>461.180975</out_Quantity.quantity></Point><Point><position>6830</position><in_Quantity.quantity>0.000000</in_Quantity.quantity><out_Quantity.quantity>858.423786</out_Quantity.quantity></Point><Point><position>6831</position><in_Quantity.quantity>0.000000</in_Quantity.quantity><out_Quantity.quantity>347.858685</out_Quantity.quantity></Point><Point><position>6832</position><in_Quantity.quantity>0.000000</in_Quantity.quantity><out_Quantity.quantity>678.396388</out_Quantity.quantity></Point><Point><position>6833</position><in_Quantity.quantity>0.000000</in_Quantity.quantity><out_Quantity.quantity>662.207941</out_Quantity.quantity></Point><Point><position>6834</position><in_Quantity.quantity>0.000000</in_Quantity.quantity><out_Quantity.quantity>175.749291</out_Quantity.quantity></Point><Point><position>6835</position><in_Quantity.quantity>0.000000</in_Quantity.quantity><out_Quantity.quantity>826.986496</out_Quantity.quantity></Point><Point><position>6836</position><in_Quantity.quantity>0.000000</in_Quantity.quantity><out_Quantity.quantity>960.396573</out_Quantity.quantity></Point><Point><position>6837</position><in_Quantity.quantity>0.000000</in_Quantity.quantity><out_Quantity.quantity>153.923838</out_Quantity.quantity></Point><Point><position>6838</position><in_Quantity.quantity>0.000000</in_Quantity.quantity><out_Quantity.quantity>41.906145</out_Quantity.quantity></Point><Point><position>6839</position><in_Quantity.quantity>0.000000</in_Quantity.quantity><out_Quantity.quantity>496.000036</out_Quantity.quantity></Point><Point><position>6840</position><in_Quantity.quantity>0.000000</in_Quantity.quantity><out_Quantity.quantity>770.734397</out_Quantity.quantity></Point><Point><position>6841</position><in_Quantity.quantity>0.000000</in_Quantity.quantity><out_Quantity.quantity>768.784931</out_Quantity.quantity></Point><Point><position>6842</position><in_Quantity.quantity>0.000000</in_Quantity.quantity><out_Quantity.quantity>83.079256</out_Quantity.quantity></Point><Point><position>6843</position><in_Quantity.quantity>0.000000</in_Quantity.quantity><out_Quantity.quantity>221.398466</out_Quantity.quantity></Point><Point><position>6844</position><in_Quantity.quantity>0.000000</in_Quantity.quantity><out_Quantity.quantity>959.960619</out_Quantity.quantity></Point><Point><position>6845</position><in_Quantity.quantity>0.000000</in_Quantity.quantity><out_Quantity.quantity>820.960412</out_Quantity.quantity></Point><Point><position>6846</position><in_Quantity.quantity>0.000000</in_Quantity.quantity><out_Quantity.quantity>702.997011</out_Quantity.quantity></Point><Point><position>6847</position><in_Quantity.quantity>0.000000</in_Quantity.quantity><out_Quantity.quantity>270.801139</out_Quantity.quantity></Point><Point><position>6848</position><in_Quantity.quantity>0.000000</in_Quantity.quantity><out_Quantity.quantity>634.596517</out_Quantity.quantity></Point><Point><position>6849</position><in_Quantity.quantity>0.000000</in_Quantity.quantity><out_Quantity.quantity>277.433785</out_Quantity.quantity></Point><Point><position>6850</position><in_Quantity.quantity>0.000000</in_Quantity.quantity><out_Quantity.quantity>996.079886</out_Quantity.quantity></Point><Point><position>6851</position><in_Quantity.quantity>0.000000</in_Quantity.quantity><out_Quantity.quantity>458.820558</out_Quantity.quantity></Point><Point><position>6852</position><in_Quantity.quantity>0.000000</in_Quantity.quantity><out_Quantity.quantity>757.786347</out_Quantity.quantity></Point><Point><position>6853</position><in_Quantity.quantity>0.000000</in_Quantity.quantity><out_Quantity.quantity>292.205781</out_Quantity.quantity></Point><Point><position>6854</position><in_Quantity.quantity>0.000000</in_Quantity.quantity><out_Quantity.quantity>545.265211</out_Quantity.quantity></Point><Point><position>6855</position><in_Quantity.quantity>0.000000</in_Quantity.quantity><out_Quantity.quantity>810.813529</out_Quantity.quantity></Point><Point><position>6856</position><in_Quantity.quantity>0.000000</in_Quantity.quantity><out_Quantity.quantity>464.758495</out_Quantity.quantity></Point><Point><position>6857</position><in_Quantity.quantity>0.000000</in_Quantity.quantity><out_Quantity.quantity>829.050317</out_Quantity.quantity></Point><Point><position>6858</position><in_Quantity.quantity>0.000000</in_Quantity.quantity><out_Quantity.quantity>8.703719</out_Quantity.quantity></Point><Point><position>6859</position><in_Quantity.quantity>0.000000</in_Quantity.quantity><out_Quantity.quantity>0.258414</out_Quantity.quantity></Point><Point><position>6860</position><in_Quantity.quantity>0.000000</in_Quantity.quantity><out_Quantity.quantity>823.907369</out_Quantity.quantity></Point><Point><position>6861</position><in_Quantity.quantity>0.000000</in_Quantity.quantity><out_Quantity.quantity>413.659627</out_Quantity.quantity></Point><Point><position>6862</position><in_Quantity.quantity>0.000000</in_Quantity.quantity><out_Quantity.quantity>82.243473</out_Quantity.quantity></Point><Point><position>6863</position><in_Quantity.quantity>0.000000</in_Quantity.quantity><out_Quantity.quantity>829.728299</out_Quantity.quantity></Point><Point><position>6864</position><in_Quantity.quantity>0.000000</in_Quantity.quantity><out_Quantity.quantity>168.519829</out_Quantity.quantity></Point><Point><position>6865</position><in_Quantity.quantity>0.000000</in_Quantity.quantity><out_Quantity.quantity>401.795860</out_Quantity.quantity></Point><Point><position>6866</position><in_Quantity.quantity>0.000000</in_Quantity.quantity><out_Quantity.quantity>842.684199</out_Quantity.quantity></Point><Point><position>6867</position><in_Quantity.quantity>0.000000</in_Quantity.quantity><out_Quantity.quantity>687.316753</out_Quantity.quantity></Point><Point><position>6868</position><in_Quantity.quantity>0.000000</in_Quantity.quantity><out_Quantity.quantity>930.574501</out_Quantity.quantity></Point><Point><position>6869</position><in_Quantity.quantity>0.000000</in_Quantity.quantity><out_Quantity.quantity>540.433795</out_Quantity.quantity></Point><Point><position>6870</position><in_Quantity.quantity>0.000000</in_Quantity.quantity><out_Quantity.quantity>289.376759</out_Quantity.quantity></Point><Point><position>6871</position><in_Quantity.quantity>0.000000</in_Quantity.quantity><out_Quantity.quantity>619.250720</out_Quantity.quantity></Point><Point><position>6872</position><in_Quantity.quantity>0.000000</in_Quantity.quantity><out_Quantity.quantity>378.354018</out_Quantity.quantity></Point><Point><position>6873</position><in_Quantity.quantity>0.000000</in_Quantity.quantity><out_Quantity.quantity>15.761082</out_Quantity.quantity></Point><Point><position>6874</position><in_Quantity.quantity>0.000000</in_Quantity.quantity><out_Quantity.quantity>249.550807</out_Quantity.quantity></Point><Point><position>6875</position><in_Quantity.quantity>0.000000</in_Quantity.quantity><out_Quantity.quantity>840.147273</out_Quantity.quantity></Point><Point><position>6876</position><in_Quantity.quantity>0.000000</in_Quantity.quantity><out_Quantity.quantity>765.738625</out_Quantity.quantity></Point><Point><position>6877</position><in_Quantity.quantity>0.000000</in_Quantity.quantity><out_Quantity.quantity>136.123523</out_Quantity.quantity></Point><Point><position>6878</position><in_Quantity.quantity>0.000000</in_Quantity.quantity><out_Quantity.quantity>753.281092</out_Quantity.quantity></Point><Point><position>6879</position><in_Quantity.quantity>0.000000</in_Quantity.quantity><out_Quantity.quantity>264.518779</out_Quantity.quantity></Point><Point><position>6880</position><in_Quantity.quantity>0.000000</in_Quantity.quantity><out_Quantity.quantity>425.306072</out_Quantity.quantity></Point><Point><position>6881</position><in_Quantity.quantity>0.000000</in_Quantity.quantity><out_Quantity.quantity>565.239631</out_Quantity.quantity></Point><Point><position>6882</position><in_Quantity.quantity>0.000000</in_Quantity.quantity><out_Quantity.quantity>16.745487</out_Quantity.quantity></Point><Point><position>6883</position><in_Quantity.quantity>0.000000</in_Quantity.quantity><out_Quantity.quantity>735.249867</out_Quantity.quantity></Point><Point><position>6884</position><in_Quantity.quantity>0.000000</in_Quantity.quantity><out_Quantity.quantity>805.531345</out_Quantity.quantity></Point><Point><position>6885</position><in_Quantity.quantity>0.000000</in_Quantity.quantity><out_Quantity.quantity>3.702546</out_Quantity.quantity></Point><Point><position>6886</position><in_Quantity.quantity>0.000000</in_Quantity.quantity><out_Quantity.quantity>181.622977</out_Quantity.quantity></Point><Point><position>6887</position><in_Quantity.quantity>0.000000</in_Quantity.quantity><out_Quantity.quantity>782.870706</out_Quantity.quantity></Point><Point><position>6888</position><in_Quantity.quantity>0.000000</in_Quantity.quantity><out_Quantity.quantity>262.897626</out_Quantity.quantity></Point><Point><position>6889</position><in_Quantity.quantity>0.000000</in_Quantity.quantity><out_Quantity.quantity>499.150300</out_Quantity.quantity></Point><Point><position>6890</position><in_Quantity.quantity>0.000000</in_Quantity.quantity><out_Quantity.quantity>397.848294</out_Quantity.quantity></Point><Point><position>6891</position><in_Quantity.quantity>0.000000</in_Quantity.quantity><out_Quantity.quantity>381.614219</out_Quantity.quantity></Point><Point><position>6892</position><in_Quantity.quantity>0.000000</in_Quantity.quantity><out_Quantity.quantity>934.507509</out_Quantity.quantity></Point><Point><position>6893</position><in_Quantity.quantity>0.000000</in_Quantity.quantity><out_Quantity.quantity>892.823405</out_Quantity.quantity></Point><Point><position>6894</position><in_Quantity.quantity>0.000000</in_Quantity.quantity><out_Quantity.quantity>95.776071</out_Quantity.quantity></Point><Point><position>6895</position><in_Quantity.quantity>0.000000</in_Quantity.quantity><out_Quantity.quantity>493.531321</out_Quantity.quantity></Point><Point><position>6896</position><in_Quantity.quantity>0.000000</in_Quantity.quantity><out_Quantity.quantity>25.119856</out_Quantity.quantity></Point><Point><position>6897</position><in_Quantity.quantity>0.000000</in_Quantity.quantity><out_Quantity.quantity>788.958861</out_Quantity.quantity></Point><Point><position>6898</position><in_Quantity.quantity>0.000000</in_Quantity.quantity><out_Quantity.quantity>436.575611</out_Quantity.quantity></Point><Point><position>6899</position><in_Quantity.quantity>0.000000</in_Quantity.quantity><out_Quantity.quantity>121.282154</out_Quantity.quantity></Point><Point><position>6900</position><in_Quantity.quantity>0.000000</in_Quantity.quantity><out_Quantity.quantity>958.193348</out_Quantity.quantity></Point><Point><position>6901</position><in_Quantity.quantity>0.000000</in_Quantity.quantity><out_Quantity.quantity>830.031824</out_Quantity.quantity></Point><Point><position>6902</position><in_Quantity.quantity>0.000000</in_Quantity.quantity><out_Quantity.quantity>176.415223</out_Quantity.quantity></Point><Point><position>6903</position><in_Quantity.quantity>0.000000</in_Quantity.quantity><out_Quantity.quantity>25.808476</out_Quantity.quantity></Point><Point><position>6904</position><in_Quantity.quantity>0.000000</in_Quantity.quantity><out_Quantity.quantity>978.295709</out_Quantity.quantity></Point><Point><position>6905</position><in_Quantity.quantity>0.000000</in_Quantity.quantity><out_Quantity.quantity>14.698137</out_Quantity.quantity></Point><Point><position>6906</position><in_Quantity.quantity>0.000000</in_Quantity.quantity><out_Quantity.quantity>590.954299</out_Quantity.quantity></Point><Point><position>6907</position><in_Quantity.quantity>0.000000</in_Quantity.quantity><out_Quantity.quantity>381.289005</out_Quantity.quantity></Point><Point><position>6908</position><in_Quantity.quantity>0.000000</in_Quantity.quantity><out_Quantity.quantity>137.389921</out_Quantity.quantity></Point><Point><position>6909</position><in_Quantity.quantity>0.000000</in_Quantity.quantity><out_Quantity.quantity>595.765721</out_Quantity.quantity></Point><Point><position>6910</position><in_Quantity.quantity>0.000000</in_Quantity.quantity><out_Quantity.quantity>286.253245</out_Quantity.quantity></Point><Point><position>6911</position><in_Quantity.quantity>0.000000</in_Quantity.quantity><out_Quantity.quantity>905.520529</out_Quantity.quantity></Point><Point><position>6912</position><in_Quantity.quantity>0.000000</in_Quantity.quantity><out_Quantity.quantity>258.500629</out_Quantity.quantity></Point><Point><position>6913</position><in_Quantity.quantity>0.000000</in_Quantity.quantity><out_Quantity.quantity>882.160534</out_Quantity.quantity></Point><Point><position>6914</position><in_Quantity.quantity>0.000000</in_Quantity.quantity><out_Quantity.quantity>647.297063</out_Quantity.quantity></Point><Point><position>6915</position><in_Quantity.quantity>0.000000</in_Quantity.quantity><out_Quantity.quantity>601.515218</out_Quantity.quantity></Point><Point><position>6916</position><in_Quantity.quantity>0.000000</in_Quantity.quantity><out_Quantity.quantity>973.230929</out_Quantity.quantity></Point><Point><position>6917</position><in_Quantity.quantity>0.000000</in_Quantity.quantity><out_Quantity.quantity>830.847055</out_Quantity.quantity></Point><Point><position>6918</position><in_Quantity.quantity>0.000000</in_Quantity.quantity><out_Quantity.quantity>972.646592</out_Quantity.quantity></Point><Point><position>6919</position><in_Quantity.quantity>0.000000</in_Quantity.quantity><out_Quantity.quantity>355.364793</out_Quantity.quantity></Point><Point><position>6920</position><in_Quantity.quantity>0.000000</in_Quantity.quantity><out_Quantity.quantity>918.908715</out_Quantity.quantity></Point><Point><position>6921</position><in_Quantity.quantity>0.000000</in_Quantity.quantity><out_Quantity.quantity>639.792831</out_Quantity.quantity></Point><Point><position>6922</position><in_Quantity.quantity>0.000000</in_Quantity.quantity><out_Quantity.quantity>879.477897</out_Quantity.quantity></Point><Point><position>6923</position><in_Quantity.quantity>0.000000</in_Quantity.quantity><out_Quantity.quantity>299.625782</out_Quantity.quantity></Point><Point><position>6924</position><in_Quantity.quantity>0.000000</in_Quantity.quantity><out_Quantity.quantity>291.972570</out_Quantity.quantity></Point><Point><position>6925</position><in_Quantity.quantity>0.000000</in_Quantity.quantity><out_Quantity.quantity>816.027706</out_Quantity.quantity></Point><Point><position>6926</position><in_Quantity.quantity>0.000000</in_Quantity.quantity><out_Quantity.quantity>385.161099</out_Quantity.quantity></Point><Point><position>6927</position><in_Quantity.quantity>0.000000</in_Quantity.quantity><out_Quantity.quantity>708.928345</out_Quantity.quantity></Point><Point><position>6928</position><in_Quantity.quantity>0.000000</in_Quantity.quantity><out_Quantity.quantity>239.800014</out_Quantity.quantity></Point><Point><position>6929</position><in_Quantity.quantity>0.000000</in_Quantity.quantity><out_Quantity.quantity>784.358384</out_Quantity.quantity></Point><Point><position>6930</position><in_Quantity.quantity>0.000000</in_Quantity.quantity><out_Quantity.quantity>59.468389</out_Quantity.quantity></Point><Point><position>6931</position><in_Quantity.quantity>0.000000</in_Quantity.quantity><out_Quantity.quantity>571.319290</out_Quantity.quantity></Point><Point><position>6932</position><in_Quantity.quantity>0.000000</in_Quantity.quantity><out_Quantity.quantity>436.090876</out_Quantity.quantity></Point><Point><position>6933</position><in_Quantity.quantity>0.000000</in_Quantity.quantity><out_Quantity.quantity>553.901808</out_Quantity.quantity></Point><Point><position>6934</position><in_Quantity.quantity>0.000000</in_Quantity.quantity><out_Quantity.quantity>662.308442</out_Quantity.quantity></Point><Point><position>6935</position><in_Quantity.quantity>0.000000</in_Quantity.quantity><out_Quantity.quantity>391.077306</out_Quantity.quantity></Point><Point><position>6936</position><in_Quantity.quantity>0.000000</in_Quantity.quantity><out_Quantity.quantity>743.670789</out_Quantity.quantity></Point><Point><position>6937</position><in_Quantity.quantity>0.000000</in_Quantity.quantity><out_Quantity.quantity>120.190571</out_Quantity.quantity></Point><Point><position>6938</position><in_Quantity.quantity>0.000000</in_Quantity.quantity><out_Quantity.quantity>40.755437</out_Quantity.quantity></Point><Point><position>6939</position><in_Quantity.quantity>0.000000</in_Quantity.quantity><out_Quantity.quantity>657.849628</out_Quantity.quantity></Point><Point><position>6940</position><in_Quantity.quantity>0.000000</in_Quantity.quantity><out_Quantity.quantity>9.531910</out_Quantity.quantity></Point><Point><position>6941</position><in_Quantity.quantity>0.000000</in_Quantity.quantity><out_Quantity.quantity>221.266164</out_Quantity.quantity></Point><Point><position>6942</position><in_Quantity.quantity>0.000000</in_Quantity.quantity><out_Quantity.quantity>752.255671</out_Quantity.quantity></Point><Point><position>6943</position><in_Quantity.quantity>0.000000</in_Quantity.quantity><out_Quantity.quantity>691.167201</out_Quantity.quantity></Point><Point><position>6944</position><in_Quantity.quantity>0.000000</in_Quantity.quantity><out_Quantity.quantity>889.373967</out_Quantity.quantity></Point><Point><position>6945</position><in_Quantity.quantity>0.000000</in_Quantity.quantity><out_Quantity.quantity>952.955739</out_Quantity.quantity></Point><Point><position>6946</position><in_Quantity.quantity>0.000000</in_Quantity.quantity><out_Quantity.quantity>191.507397</out_Quantity.quantity></Point><Point><position>6947</position><in_Quantity.quantity>0.000000</in_Quantity.quantity><out_Quantity.quantity>493.125665</out_Quantity.quantity></Point><Point><position>6948</position><in_Quantity.quantity>0.000000</in_Quantity.quantity><out_Quantity.quantity>155.506758</out_Quantity.quantity></Point><Point><position>6949</position><in_Quantity.quantity>0.000000</in_Quantity.quantity><out_Quantity.quantity>836.153641</out_Quantity.quantity></Point><Point><position>6950</position><in_Quantity.quantity>0.000000</in_Quantity.quantity><out_Quantity.quantity>849.194241</out_Quantity.quantity></Point><Point><position>6951</position><in_Quantity.quantity>0.000000</in_Quantity.quantity><out_Quantity.quantity>524.202367</out_Quantity.quantity></Point><Point><position>6952</position><in_Quantity.quantity>0.000000</in_Quantity.quantity><out_Quantity.quantity>299.941511</out_Quantity.quantity></Point><Point><position>6953</position><in_Quantity.quantity>0.000000</in_Quantity.quantity><out_Quantity.quantity>276.149454</out_Quantity.quantity></Point><Point><position>6954</position><in_Quantity.quantity>0.000000</in_Quantity.quantity><out_Quantity.quantity>292.311796</out_Quantity.quantity></Point><Point><position>6955</position><in_Quantity.quantity>0.000000</in_Quantity.quantity><out_Quantity.quantity>242.255411</out_Quantity.quantity></Point><Point><position>6956</position><in_Quantity.quantity>0.000000</in_Quantity.quantity><out_Quantity.quantity>59.014993</out_Quantity.quantity></Point><Point><position>6957</position><in_Quantity.quantity>0.000000</in_Quantity.quantity><out_Quantity.quantity>205.923984</out_Quantity.quantity></Point><Point><position>6958</position><in_Quantity.quantity>0.000000</in_Quantity.quantity><out_Quantity.quantity>182.467485</out_Quantity.quantity></Point><Point><position>6959</position><in_Quantity.quantity>0.000000</in_Quantity.quantity><out_Quantity.quantity>253.956422</out_Quantity.quantity></Point><Point><position>6960</position><in_Quantity.quantity>0.000000</in_Quantity.quantity><out_Quantity.quantity>947.399657</out_Quantity.quantity></Point><Point><position>6961</position><in_Quantity.quantity>0.000000</in_Quantity.quantity><out_Quantity.quantity>273.733065</out_Quantity.quantity></Point><Point><position>6962</position><in_Quantity.quantity>0.000000</in_Quantity.quantity><out_Quantity.quantity>521.734286</out_Quantity.quantity></Point><Point><position>6963</position><in_Quantity.quantity>0.000000</in_Quantity.quantity><out_Quantity.quantity>93.464303</out_Quantity.quantity></Point><Point><position>6964</position><in_Quantity.quantity>0.000000</in_Quantity.quantity><out_Quantity.quantity>653.784731</out_Quantity.quantity></Point><Point><position>6965</position><in_Quantity.quantity>0.000000</in_Quantity.quantity><out_Quantity.quantity>627.274960</out_Quantity.quantity></Point><Point><position>6966</position><in_Quantity.quantity>0.000000</in_Quantity.quantity><out_Quantity.quantity>813.072145</out_Quantity.quantity></Point><Point><position>6967</position><in_Quantity.quantity>0.000000</in_Quantity.quantity><out_Quantity.quantity>935.299362</out_Quantity.quantity></Point><Point><position>6968</position><in_Quantity.quantity>0.000000</in_Quantity.quantity><out_Quantity.quantity>566.019445</out_Quantity.quantity></Point><Point><position>6969</position><in_Quantity.quantity>0.000000</in_Quantity.quantity><out_Quantity.quantity>953.346308</out_Quantity.quantity></Point><Point><position>6970</position><in_Quantity.quantity>0.000000</in_Quantity.quantity><out_Quantity.quantity>326.226976</out_Quantity.quantity></Point><Point><position>6971</position><in_Quantity.quantity>0.000000</in_Quantity.quantity><out_Quantity.quantity>155.043224</out_Quantity.quantity></Point><Point><position>6972</position><in_Quantity.quantity>0.000000</in_Quantity.quantity><out_Quantity.quantity>250.263232</out_Quantity.quantity></Point><Point><position>6973</position><in_Quantity.quantity>0.000000</in_Quantity.quantity><out_Quantity.quantity>877.795361</out_Quantity.quantity></Point><Point><position>6974</position><in_Quantity.quantity>0.000000</in_Quantity.quantity><out_Quantity.quantity>699.068198</out_Quantity.quantity></Point><Point><position>6975</position><in_Quantity.quantity>0.000000</in_Quantity.quantity><out_Quantity.quantity>672.029052</out_Quantity.quantity></Point><Point><position>6976</position><in_Quantity.quantity>0.000000</in_Quantity.quantity><out_Quantity.quantity>609.961011</out_Quantity.quantity></Point><Point><position>6977</position><in_Quantity.quantity>0.000000</in_Quantity.quantity><out_Quantity.quantity>505.690751</out_Quantity.quantity></Point><Point><position>6978</position><in_Quantity.quantity>0.000000</in_Quantity.quantity><out_Quantity.quantity>86.912880</out_Quantity.quantity></Point><Point><position>6979</position><in_Quantity.quantity>0.000000</in_Quantity.quantity><out_Quantity.quantity>852.154496</out_Quantity.quantity></Point><Point><position>6980</position><in_Quantity.quantity>0.000000</in_Quantity.quantity><out_Quantity.quantity>423.246666</out_Quantity.quantity></Point><Point><position>6981</position><in_Quantity.quantity>0.000000</in_Quantity.quantity><out_Quantity.quantity>565.976565</out_Quantity.quantity></Point><Point><position>6982</position><in_Quantity.quantity>0.000000</in_Quantity.quantity><out_Quantity.quantity>951.920671</out_Quantity.quantity></Point><Point><position>6983</position><in_Quantity.quantity>0.000000</in_Quantity.quantity><out_Quantity.quantity>577.320861</out_Quantity.quantity></Point><Point><position>6984</position><in_Quantity.quantity>0.000000</in_Quantity.quantity><out_Quantity.quantity>126.442099</out_Quantity.quantity></Point><Point><position>6985</position><in_Quantity.quantity>0.000000</in_Quantity.quantity><out_Quantity.quantity>176.171034</out_Quantity.quantity></Point><Point><position>6986</position><in_Quantity.quantity>0.000000</in_Quantity.quantity><out_Quantity.quantity>371.124286</out_Quantity.quantity></Point><Point><position>6987</position><in_Quantity.quantity>0.000000</in_Quantity.quantity><out_Quantity.quantity>95.656160</out_Quantity.quantity></Point><Point><position>6988</position><in_Quantity.quantity>0.000000</in_Quantity.quantity><out_Quantity.quantity>439.650623</out_Quantity.quantity></Point><Point><position>6989</position><in_Quantity.quantity>0.000000</in_Quantity.quantity><out_Quantity.quantity>844.959396</out_Quantity.quantity></Point><Point><position>6990</position><in_Quantity.quantity>0.000000</in_Quantity.quantity><out_Quantity.quantity>843.092863</out_Quantity.quantity></Point><Point><position>6991</position><in_Quantity.quantity>0.000000</in_Quantity.quantity><out_Quantity.quantity>261.669535</out_Quantity.quantity></Point><Point><position>6992</position><in_Quantity.quantity>0.000000</in_Quantity.quantity><out_Quantity.quantity>790.739358</out_Quantity.quantity></Point><Point><position>6993</position><in_Quantity.quantity>0.000000</in_Quantity.quantity><out_Quantity.quantity>119.109640</out_Quantity.quantity></Point><Point><position>6994</position><in_Quantity.quantity>0.000000</in_Quantity.quantity><out_Quantity.quantity>690.892123</out_Quantity.quantity></Point><Point><position>6995</position><in_Quantity.quantity>0.000000</in_Quantity.quantity><out_Quantity.quantity>626.280867</out_Quantity.quantity></Point><Point><position>6996</position><in_Quantity.quantity>0.000000</in_Quantity.quantity><out_Quantity.quantity>511.895710</out_Quantity.quantity></Point><Point><position>6997</position><in_Quantity.quantity>0.000000</in_Quantity.quantity><out_Quantity.quantity>350.747623</out_Quantity.quantity></Point><Point><position>6998</position><in_Quantity.quantity>0.000000</in_Quantity.quantity><out_Quantity.quantity>193.894074</out_Quantity.quantity></Point><Point><position>6999</position><in_Quantity.quantity>0.000000</in_Quantity.quantity><out_Quantity.quantity>710.792975</out_Quantity.quantity></Point><Point><position>7000</position><in_Quantity.quantity>0.000000</in_Quantity.quantity><out_Quantity.quantity>225.174710</out_Quantity.quantity></Point><Point><position>7001</position><in_Quantity.quantity>0.000000</in_Quantity.quantity><out_Quantity.quantity>300.597997</out_Quantity.quantity></Point><Point><position>7002</position><in_Quantity.quantity>0.000000</in_Quantity.quantity><out_Quantity.quantity>68.497892</out_Quantity.quantity></Point><Point><position>7003</position><in_Quantity.quantity>0.000000</in_Quantity.quantity><out_Quantity.quantity>853.337382</out_Quantity.quantity></Point><Point><position>7004</position><in_Quantity.quantity>0.000000</in_Quantity.quantity><out_Quantity.quantity>2.243407</out_Quantity.quantity></Point><Point><position>7005</position><in_Quantity.quantity>0.000000</in_Quantity.quantity><out_Quantity.quantity>986.697737</out_Quantity.quantity></Point><Point><position>7006</position><in_Quantity.quantity>0.000000</in_Quantity.quantity><out_Quantity.quantity>975.596898</out_Quantity.quantity></Point><Point><position>7007</position><in_Quantity.quantity>0.000000</in_Quantity.quantity><out_Quantity.quantity>194.453469</out_Quantity.quantity></Point><Point><position>7008</position><in_Quantity.quantity>0.000000</in_Quantity.quantity><out_Quantity.quantity>182.040130</out_Quantity.quantity></Point><Point><position>7009</position><in_Quantity.quantity>0.000000</in_Quantity.quantity><out_Quantity.quantity>556.749077</out_Quantity.quantity></Point><Point><position>7010</position><in_Quantity.quantity>0.000000</in_Quantity.quantity><out_Quantity.quantity>747.522481</out_Quantity.quantity></Point><Point><position>7011</position><in_Quantity.quantity>0.000000</in_Quantity.quantity><out_Quantity.quantity>698.298841</out_Quantity.quantity></Point><Point><position>7012</position><in_Quantity.quantity>0.000000</in_Quantity.quantity><out_Quantity.quantity>507.340155</out_Quantity.quantity></Point><Point><position>7013</position><in_Quantity.quantity>0.000000</in_Quantity.quantity><out_Quantity.quantity>119.357058</out_Quantity.quantity></Point><Point><position>7014</position><in_Quantity.quantity>0.000000</in_Quantity.quantity><out_Quantity.quantity>734.323216</out_Quantity.quantity></Point><Point><position>7015</position><in_Quantity.quantity>0.000000</in_Quantity.quantity><out_Quantity.quantity>140.827807</out_Quantity.quantity></Point><Point><position>7016</position><in_Quantity.quantity>0.000000</in_Quantity.quantity><out_Quantity.quantity>916.216983</out_Quantity.quantity></Point><Point><position>7017</position><in_Quantity.quantity>0.000000</in_Quantity.quantity><out_Quantity.quantity>864.798369</out_Quantity.quantity></Point><Point><position>7018</position><in_Quantity.quantity>0.000000</in_Quantity.quantity><out_Quantity.quantity>804.978939</out_Quantity.quantity></Point><Point><position>7019</position><in_Quantity.quantity>0.000000</in_Quantity.quantity><out_Quantity.quantity>905.511255</out_Quantity.quantity></Point><Point><position>7020</position><in_Quantity.quantity>0.000000</in_Quantity.quantity><out_Quantity.quantity>370.811236</out_Quantity.quantity></Point><Point><position>7021</position><in_Quantity.quantity>0.000000</in_Quantity.quantity><out_Quantity.quantity>789.155922</out_Quantity.quantity></Point><Point><position>7022</position><in_Quantity.quantity>0.000000</in_Quantity.quantity><out_Quantity.quantity>664.722837</out_Quantity.quantity></Point><Point><position>7023</position><in_Quantity.quantity>0.000000</in_Quantity.quantity><out_Quantity.quantity>199.150678</out_Quantity.quantity></Point><Point><position>7024</position><in_Quantity.quantity>0.000000</in_Quantity.quantity><out_Quantity.quantity>587.229555</out_Quantity.quantity></Point><Point><position>7025</position><in_Quantity.quantity>0.000000</in_Quantity.quantity><out_Quantity.quantity>225.383140</out_Quantity.quantity></Point><Point><position>7026</position><in_Quantity.quantity>0.000000</in_Quantity.quantity><out_Quantity.quantity>291.748581</out_Quantity.quantity></Point><Point><position>7027</position><in_Quantity.quantity>0.000000</in_Quantity.quantity><out_Quantity.quantity>225.534080</out_Quantity.quantity></Point><Point><position>7028</position><in_Quantity.quantity>0.000000</in_Quantity.quantity><out_Quantity.quantity>664.178652</out_Quantity.quantity></Point><Point><position>7029</position><in_Quantity.quantity>0.000000</in_Quantity.quantity><out_Quantity.quantity>263.904005</out_Quantity.quantity></Point><Point><position>7030</position><in_Quantity.quantity>0.000000</in_Quantity.quantity><out_Quantity.quantity>391.603368</out_Quantity.quantity></Point><Point><position>7031</position><in_Quantity.quantity>0.000000</in_Quantity.quantity><out_Quantity.quantity>302.936504</out_Quantity.quantity></Point><Point><position>7032</position><in_Quantity.quantity>0.000000</in_Quantity.quantity><out_Quantity.quantity>188.521390</out_Quantity.quantity></Point><Point><position>7033</position><in_Quantity.quantity>0.000000</in_Quantity.quantity><out_Quantity.quantity>397.753059</out_Quantity.quantity></Point><Point><position>7034</position><in_Quantity.quantity>0.000000</in_Quantity.quantity><out_Quantity.quantity>607.798431</out_Quantity.quantity></Point><Point><position>7035</position><in_Quantity.quantity>0.000000</in_Quantity.quantity><out_Quantity.quantity>90.776416</out_Quantity.quantity></Point><Point><position>7036</position><in_Quantity.quantity>0.000000</in_Quantity.quantity><out_Quantity.quantity>462.473192</out_Quantity.quantity></Point><Point><position>7037</position><in_Quantity.quantity>0.000000</in_Quantity.quantity><out_Quantity.quantity>400.814724</out_Quantity.quantity></Point><Point><position>7038</position><in_Quantity.quantity>0.000000</in_Quantity.quantity><out_Quantity.quantity>965.207573</out_Quantity.quantity></Point><Point><position>7039</position><in_Quantity.quantity>0.000000</in_Quantity.quantity><out_Quantity.quantity>237.350511</out_Quantity.quantity></Point><Point><position>7040</position><in_Quantity.quantity>0.000000</in_Quantity.quantity><out_Quantity.quantity>974.806135</out_Quantity.quantity></Point><Point><position>7041</position><in_Quantity.quantity>0.000000</in_Quantity.quantity><out_Quantity.quantity>812.031152</out_Quantity.quantity></Point><Point><position>7042</position><in_Quantity.quantity>0.000000</in_Quantity.quantity><out_Quantity.quantity>744.471475</out_Quantity.quantity></Point><Point><position>7043</position><in_Quantity.quantity>0.000000</in_Quantity.quantity><out_Quantity.quantity>530.573130</out_Quantity.quantity></Point><Point><position>7044</position><in_Quantity.quantity>0.000000</in_Quantity.quantity><out_Quantity.quantity>411.125362</out_Quantity.quantity></Point><Point><position>7045</position><in_Quantity.quantity>0.000000</in_Quantity.quantity><out_Quantity.quantity>617.108112</out_Quantity.quantity></Point><Point><position>7046</position><in_Quantity.quantity>0.000000</in_Quantity.quantity><out_Quantity.quantity>274.363978</out_Quantity.quantity></Point><Point><position>7047</position><in_Quantity.quantity>0.000000</in_Quantity.quantity><out_Quantity.quantity>846.528527</out_Quantity.quantity></Point><Point><position>7048</position><in_Quantity.quantity>0.000000</in_Quantity.quantity><out_Quantity.quantity>67.715814</out_Quantity.quantity></Point><Point><position>7049</position><in_Quantity.quantity>0.000000</in_Quantity.quantity><out_Quantity.quantity>807.821003</out_Quantity.quantity></Point><Point><position>7050</position><in_Quantity.quantity>0.000000</in_Quantity.quantity><out_Quantity.quantity>167.127185</out_Quantity.quantity></Point><Point><position>7051</position><in_Quantity.quantity>0.000000</in_Quantity.quantity><out_Quantity.quantity>382.347230</out_Quantity.quantity></Point><Point><position>7052</position><in_Quantity.quantity>0.000000</in_Quantity.quantity><out_Quantity.quantity>691.955267</out_Quantity.quantity></Point><Point><position>7053</position><in_Quantity.quantity>0.000000</in_Quantity.quantity><out_Quantity.quantity>81.984101</out_Quantity.quantity></Point><Point><position>7054</position><in_Quantity.quantity>0.000000</in_Quantity.quantity><out_Quantity.quantity>567.359375</out_Quantity.quantity></Point><Point><position>7055</position><in_Quantity.quantity>0.000000</in_Quantity.quantity><out_Quantity.quantity>30.780646</out_Quantity.quantity></Point><Point><position>7056</position><in_Quantity.quantity>0.000000</in_Quantity.quantity><out_Quantity.quantity>712.737513</out_Quantity.quantity></Point><Point><position>7057</position><in_Quantity.quantity>0.000000</in_Quantity.quantity><out_Quantity.quantity>136.511764</out_Quantity.quantity></Point><Point><position>7058</position><in_Quantity.quantity>0.000000</in_Quantity.quantity><out_Quantity.quantity>210.902886</out_Quantity.quantity></Point><Point><position>7059</position><in_Quantity.quantity>0.000000</in_Quantity.quantity><out_Quantity.quantity>358.661266</out_Quantity.quantity></Point><Point><position>7060</position><in_Quantity.quantity>0.000000</in_Quantity.quantity><out_Quantity.quantity>42.188139</out_Quantity.quantity></Point><Point><position>7061</position><in_Quantity.quantity>0.000000</in_Quantity.quantity><out_Quantity.quantity>552.772464</out_Quantity.quantity></Point><Point><position>7062</position><in_Quantity.quantity>0.000000</in_Quantity.quantity><out_Quantity.quantity>481.301619</out_Quantity.quantity></Point><Point><position>7063</position><in_Quantity.quantity>0.000000</in_Quantity.quantity><out_Quantity.quantity>492.520779</out_Quantity.quantity></Point><Point><position>7064</position><in_Quantity.quantity>0.000000</in_Quantity.quantity><out_Quantity.quantity>401.950168</out_Quantity.quantity></Point><Point><position>7065</position><in_Quantity.quantity>0.000000</in_Quantity.quantity><out_Quantity.quantity>203.167114</out_Quantity.quantity></Point><Point><position>7066</position><in_Quantity.quantity>0.000000</in_Quantity.quantity><out_Quantity.quantity>552.199871</out_Quantity.quantity></Point><Point><position>7067</position><in_Quantity.quantity>0.000000</in_Quantity.quantity><out_Quantity.quantity>630.012492</out_Quantity.quantity></Point><Point><position>7068</position><in_Quantity.quantity>0.000000</in_Quantity.quantity><out_Quantity.quantity>246.942875</out_Quantity.quantity></Point><Point><position>7069</position><in_Quantity.quantity>0.000000</in_Quantity.quantity><out_Quantity.quantity>72.919156</out_Quantity.quantity></Point><Point><position>7070</position><in_Quantity.quantity>0.000000</in_Quantity.quantity><out_Quantity.quantity>191.442577</out_Quantity.quantity></Point><Point><position>7071</position><in_Quantity.quantity>0.000000</in_Quantity.quantity><out_Quantity.quantity>250.160797</out_Quantity.quantity></Point><Point><position>7072</position><in_Quantity.quantity>0.000000</in_Quantity.quantity><out_Quantity.quantity>536.627260</out_Quantity.quantity></Point><Point><position>7073</position><in_Quantity.quantity>0.000000</in_Quantity.quantity><out_Quantity.quantity>257.565121</out_Quantity.quantity></Point><Point><position>7074</position><in_Quantity.quantity>0.000000</in_Quantity.quantity><out_Quantity.quantity>349.909944</out_Quantity.quantity></Point><Point><position>7075</position><in_Quantity.quantity>0.000000</in_Quantity.quantity><out_Quantity.quantity>508.933421</out_Quantity.quantity></Point><Point><position>7076</position><in_Quantity.quantity>0.000000</in_Quantity.quantity><out_Quantity.quantity>574.058806</out_Quantity.quantity></Point><Point><position>7077</position><in_Quantity.quantity>0.000000</in_Quantity.quantity><out_Quantity.quantity>505.571390</out_Quantity.quantity></Point><Point><position>7078</position><in_Quantity.quantity>0.000000</in_Quantity.quantity><out_Quantity.quantity>310.390162</out_Quantity.quantity></Point><Point><position>7079</position><in_Quantity.quantity>0.000000</in_Quantity.quantity><out_Quantity.quantity>607.575732</out_Quantity.quantity></Point><Point><position>7080</position><in_Quantity.quantity>0.000000</in_Quantity.quantity><out_Quantity.quantity>375.638422</out_Quantity.quantity></Point><Point><position>7081</position><in_Quantity.quantity>0.000000</in_Quantity.quantity><out_Quantity.quantity>897.602455</out_Quantity.quantity></Point><Point><position>7082</position><in_Quantity.quantity>0.000000</in_Quantity.quantity><out_Quantity.quantity>212.468709</out_Quantity.quantity></Point><Point><position>7083</position><in_Quantity.quantity>0.000000</in_Quantity.quantity><out_Quantity.quantity>446.186103</out_Quantity.quantity></Point><Point><position>7084</position><in_Quantity.quantity>0.000000</in_Quantity.quantity><out_Quantity.quantity>934.444220</out_Quantity.quantity></Point><Point><position>7085</position><in_Quantity.quantity>0.000000</in_Quantity.quantity><out_Quantity.quantity>456.397174</out_Quantity.quantity></Point><Point><position>7086</position><in_Quantity.quantity>0.000000</in_Quantity.quantity><out_Quantity.quantity>865.574502</out_Quantity.quantity></Point><Point><position>7087</position><in_Quantity.quantity>0.000000</in_Quantity.quantity><out_Quantity.quantity>392.444861</out_Quantity.quantity></Point><Point><position>7088</position><in_Quantity.quantity>0.000000</in_Quantity.quantity><out_Quantity.quantity>142.094328</out_Quantity.quantity></Point><Point><position>7089</position><in_Quantity.quantity>0.000000</in_Quantity.quantity><out_Quantity.quantity>462.803697</out_Quantity.quantity></Point><Point><position>7090</position><in_Quantity.quantity>0.000000</in_Quantity.quantity><out_Quantity.quantity>660.681228</out_Quantity.quantity></Point><Point><position>7091</position><in_Quantity.quantity>0.000000</in_Quantity.quantity><out_Quantity.quantity>975.533766</out_Quantity.quantity></Point><Point><position>7092</position><in_Quantity.quantity>0.000000</in_Quantity.quantity><out_Quantity.quantity>162.897699</out_Quantity.quantity></Point><Point><position>7093</position><in_Quantity.quantity>0.000000</in_Quantity.quantity><out_Quantity.quantity>842.464777</out_Quantity.quantity></Point><Point><position>7094</position><in_Quantity.quantity>0.000000</in_Quantity.quantity><out_Quantity.quantity>902.980615</out_Quantity.quantity></Point><Point><position>7095</position><in_Quantity.quantity>0.000000</in_Quantity.quantity><out_Quantity.quantity>459.962727</out_Quantity.quantity></Point><Point><position>7096</position><in_Quantity.quantity>0.000000</in_Quantity.quantity><out_Quantity.quantity>241.556756</out_Quantity.quantity></Point><Point><position>7097</position><in_Quantity.quantity>0.000000</in_Quantity.quantity><out_Quantity.quantity>982.560552</out_Quantity.quantity></Point><Point><position>7098</position><in_Quantity.quantity>0.000000</in_Quantity.quantity><out_Quantity.quantity>149.573441</out_Quantity.quantity></Point><Point><position>7099</position><in_Quantity.quantity>0.000000</in_Quantity.quantity><out_Quantity.quantity>547.265793</out_Quantity.quantity></Point><Point><position>7100</position><in_Quantity.quantity>0.000000</in_Quantity.quantity><out_Quantity.quantity>547.048824</out_Quantity.quantity></Point><Point><position>7101</position><in_Quantity.quantity>0.000000</in_Quantity.quantity><out_Quantity.quantity>670.959853</out_Quantity.quantity></Point><Point><position>7102</position><in_Quantity.quantity>0.000000</in_Quantity.quantity><out_Quantity.quantity>303.572615</out_Quantity.quantity></Point><Point><position>7103</position><in_Quantity.quantity>0.000000</in_Quantity.quantity><out_Quantity.quantity>221.691797</out_Quantity.quantity></Point><Point><position>7104</position><in_Quantity.quantity>0.000000</in_Quantity.quantity><out_Quantity.quantity>459.047032</out_Quantity.quantity></Point><Point><position>7105</position><in_Quantity.quantity>0.000000</in_Quantity.quantity><out_Quantity.quantity>703.835927</out_Quantity.quantity></Point><Point><position>7106</position><in_Quantity.quantity>0.000000</in_Quantity.quantity><out_Quantity.quantity>649.549412</out_Quantity.quantity></Point><Point><position>7107</position><in_Quantity.quantity>0.000000</in_Quantity.quantity><out_Quantity.quantity>649.714863</out_Quantity.quantity></Point><Point><position>7108</position><in_Quantity.quantity>0.000000</in_Quantity.quantity><out_Quantity.quantity>26.381600</out_Quantity.quantity></Point><Point><position>7109</position><in_Quantity.quantity>0.000000</in_Quantity.quantity><out_Quantity.quantity>20.924835</out_Quantity.quantity></Point><Point><position>7110</position><in_Quantity.quantity>0.000000</in_Quantity.quantity><out_Quantity.quantity>94.981522</out_Quantity.quantity></Point><Point><position>7111</position><in_Quantity.quantity>0.000000</in_Quantity.quantity><out_Quantity.quantity>362.029334</out_Quantity.quantity></Point><Point><position>7112</position><in_Quantity.quantity>0.000000</in_Quantity.quantity><out_Quantity.quantity>14.409148</out_Quantity.quantity></Point><Point><position>7113</position><in_Quantity.quantity>0.000000</in_Quantity.quantity><out_Quantity.quantity>750.499184</out_Quantity.quantity></Point><Point><position>7114</position><in_Quantity.quantity>0.000000</in_Quantity.quantity><out_Quantity.quantity>366.831098</out_Quantity.quantity></Point><Point><position>7115</position><in_Quantity.quantity>0.000000</in_Quantity.quantity><out_Quantity.quantity>262.236181</out_Quantity.quantity></Point><Point><position>7116</position><in_Quantity.quantity>0.000000</in_Quantity.quantity><out_Quantity.quantity>769.275930</out_Quantity.quantity></Point><Point><position>7117</position><in_Quantity.quantity>0.000000</in_Quantity.quantity><out_Quantity.quantity>758.873747</out_Quantity.quantity></Point><Point><position>7118</position><in_Quantity.quantity>0.000000</in_Quantity.quantity><out_Quantity.quantity>704.889754</out_Quantity.quantity></Point><Point><position>7119</position><in_Quantity.quantity>0.000000</in_Quantity.quantity><out_Quantity.quantity>987.824285</out_Quantity.quantity></Point><Point><position>7120</position><in_Quantity.quantity>0.000000</in_Quantity.quantity><out_Quantity.quantity>692.935934</out_Quantity.quantity></Point><Point><position>7121</position><in_Quantity.quantity>0.000000</in_Quantity.quantity><out_Quantity.quantity>703.789071</out_Quantity.quantity></Point><Point><position>7122</position><in_Quantity.quantity>0.000000</in_Quantity.quantity><out_Quantity.quantity>298.735809</out_Quantity.quantity></Point><Point><position>7123</position><in_Quantity.quantity>0.000000</in_Quantity.quantity><out_Quantity.quantity>717.978248</out_Quantity.quantity></Point><Point><position>7124</position><in_Quantity.quantity>0.000000</in_Quantity.quantity><out_Quantity.quantity>193.178711</out_Quantity.quantity></Point><Point><position>7125</position><in_Quantity.quantity>0.000000</in_Quantity.quantity><out_Quantity.quantity>637.731962</out_Quantity.quantity></Point><Point><position>7126</position><in_Quantity.quantity>0.000000</in_Quantity.quantity><out_Quantity.quantity>109.179513</out_Quantity.quantity></Point><Point><position>7127</position><in_Quantity.quantity>0.000000</in_Quantity.quantity><out_Quantity.quantity>424.128239</out_Quantity.quantity></Point><Point><position>7128</position><in_Quantity.quantity>0.000000</in_Quantity.quantity><out_Quantity.quantity>160.427035</out_Quantity.quantity></Point><Point><position>7129</position><in_Quantity.quantity>0.000000</in_Quantity.quantity><out_Quantity.quantity>486.301762</out_Quantity.quantity></Point><Point><position>7130</position><in_Quantity.quantity>0.000000</in_Quantity.quantity><out_Quantity.quantity>987.957957</out_Quantity.quantity></Point><Point><position>7131</position><in_Quantity.quantity>0.000000</in_Quantity.quantity><out_Quantity.quantity>869.275675</out_Quantity.quantity></Point><Point><position>7132</position><in_Quantity.quantity>0.000000</in_Quantity.quantity><out_Quantity.quantity>613.804855</out_Quantity.quantity></Point><Point><position>7133</position><in_Quantity.quantity>0.000000</in_Quantity.quantity><out_Quantity.quantity>321.315907</out_Quantity.quantity></Point><Point><position>7134</position><in_Quantity.quantity>0.000000</in_Quantity.quantity><out_Quantity.quantity>279.704765</out_Quantity.quantity></Point><Point><position>7135</position><in_Quantity.quantity>0.000000</in_Quantity.quantity><out_Quantity.quantity>222.891240</out_Quantity.quantity></Point><Point><position>7136</position><in_Quantity.quantity>0.000000</in_Quantity.quantity><out_Quantity.quantity>932.659080</out_Quantity.quantity></Point><Point><position>7137</position><in_Quantity.quantity>0.000000</in_Quantity.quantity><out_Quantity.quantity>199.919687</out_Quantity.quantity></Point><Point><position>7138</position><in_Quantity.quantity>0.000000</in_Quantity.quantity><out_Quantity.quantity>785.120017</out_Quantity.quantity></Point><Point><position>7139</position><in_Quantity.quantity>0.000000</in_Quantity.quantity><out_Quantity.quantity>476.175060</out_Quantity.quantity></Point><Point><position>7140</position><in_Quantity.quantity>0.000000</in_Quantity.quantity><out_Quantity.quantity>712.901724</out_Quantity.quantity></Point><Point><position>7141</position><in_Quantity.quantity>0.000000</in_Quantity.quantity><out_Quantity.quantity>554.142447</out_Quantity.quantity></Point><Point><position>7142</position><in_Quantity.quantity>0.000000</in_Quantity.quantity><out_Quantity.quantity>684.595083</out_Quantity.quantity></Point><Point><position>7143</position><in_Quantity.quantity>0.000000</in_Quantity.quantity><out_Quantity.quantity>755.080710</out_Quantity.quantity></Point><Point><position>7144</position><in_Quantity.quantity>0.000000</in_Quantity.quantity><out_Quantity.quantity>583.333404</out_Quantity.quantity></Point><Point><position>7145</position><in_Quantity.quantity>0.000000</in_Quantity.quantity><out_Quantity.quantity>410.970782</out_Quantity.quantity></Point><Point><position>7146</position><in_Quantity.quantity>0.000000</in_Quantity.quantity><out_Quantity.quantity>90.490577</out_Quantity.quantity></Point><Point><position>7147</position><in_Quantity.quantity>0.000000</in_Quantity.quantity><out_Quantity.quantity>291.908383</out_Quantity.quantity></Point><Point><position>7148</position><in_Quantity.quantity>0.000000</in_Quantity.quantity><out_Quantity.quantity>903.934915</out_Quantity.quantity></Point><Point><position>7149</position><in_Quantity.quantity>0.000000</in_Quantity.quantity><out_Quantity.quantity>673.574175</out_Quantity.quantity></Point><Point><position>7150</position><in_Quantity.quantity>0.000000</in_Quantity.quantity><out_Quantity.quantity>749.351941</out_Quantity.quantity></Point><Point><position>7151</position><in_Quantity.quantity>0.000000</in_Quantity.quantity><out_Quantity.quantity>712.050350</out_Quantity.quantity></Point><Point><position>7152</position><in_Quantity.quantity>0.000000</in_Quantity.quantity><out_Quantity.quantity>325.594174</out_Quantity.quantity></Point><Point><position>7153</position><in_Quantity.quantity>0.000000</in_Quantity.quantity><out_Quantity.quantity>641.503354</out_Quantity.quantity></Point><Point><position>7154</position><in_Quantity.quantity>0.000000</in_Quantity.quantity><out_Quantity.quantity>192.083690</out_Quantity.quantity></Point><Point><position>7155</position><in_Quantity.quantity>0.000000</in_Quantity.quantity><out_Quantity.quantity>233.956007</out_Quantity.quantity></Point><Point><position>7156</position><in_Quantity.quantity>0.000000</in_Quantity.quantity><out_Quantity.quantity>525.613209</out_Quantity.quantity></Point><Point><position>7157</position><in_Quantity.quantity>0.000000</in_Quantity.quantity><out_Quantity.quantity>778.619030</out_Quantity.quantity></Point><Point><position>7158</position><in_Quantity.quantity>0.000000</in_Quantity.quantity><out_Quantity.quantity>564.262472</out_Quantity.quantity></Point><Point><position>7159</position><in_Quantity.quantity>0.000000</in_Quantity.quantity><out_Quantity.quantity>46.089738</out_Quantity.quantity></Point><Point><position>7160</position><in_Quantity.quantity>0.000000</in_Quantity.quantity><out_Quantity.quantity>200.077137</out_Quantity.quantity></Point><Point><position>7161</position><in_Quantity.quantity>0.000000</in_Quantity.quantity><out_Quantity.quantity>595.668507</out_Quantity.quantity></Point><Point><position>7162</position><in_Quantity.quantity>0.000000</in_Quantity.quantity><out_Quantity.quantity>536.193070</out_Quantity.quantity></Point><Point><position>7163</position><in_Quantity.quantity>0.000000</in_Quantity.quantity><out_Quantity.quantity>471.820820</out_Quantity.quantity></Point><Point><position>7164</position><in_Quantity.quantity>0.000000</in_Quantity.quantity><out_Quantity.quantity>865.897989</out_Quantity.quantity></Point><Point><position>7165</position><in_Quantity.quantity>0.000000</in_Quantity.quantity><out_Quantity.quantity>434.964675</out_Quantity.quantity></Point><Point><position>7166</position><in_Quantity.quantity>0.000000</in_Quantity.quantity><out_Quantity.quantity>32.532929</out_Quantity.quantity></Point><Point><position>7167</position><in_Quantity.quantity>0.000000</in_Quantity.quantity><out_Quantity.quantity>475.719477</out_Quantity.quantity></Point><Point><position>7168</position><in_Quantity.quantity>0.000000</in_Quantity.quantity><out_Quantity.quantity>298.867194</out_Quantity.quantity></Point><Point><position>7169</position><in_Quantity.quantity>0.000000</in_Quantity.quantity><out_Quantity.quantity>569.475881</out_Quantity.quantity></Point><Point><position>7170</position><in_Quantity.quantity>0.000000</in_Quantity.quantity><out_Quantity.quantity>68.213275</out_Quantity.quantity></Point><Point><position>7171</position><in_Quantity.quantity>0.000000</in_Quantity.quantity><out_Quantity.quantity>357.592104</out_Quantity.quantity></Point><Point><position>7172</position><in_Quantity.quantity>0.000000</in_Quantity.quantity><out_Quantity.quantity>852.975952</out_Quantity.quantity></Point><Point><position>7173</position><in_Quantity.quantity>0.000000</in_Quantity.quantity><out_Quantity.quantity>661.454893</out_Quantity.quantity></Point><Point><position>7174</position><in_Quantity.quantity>0.000000</in_Quantity.quantity><out_Quantity.quantity>52.207693</out_Quantity.quantity></Point><Point><position>7175</position><in_Quantity.quantity>0.000000</in_Quantity.quantity><out_Quantity.quantity>601.814291</out_Quantity.quantity></Point><Point><position>7176</position><in_Quantity.quantity>0.000000</in_Quantity.quantity><out_Quantity.quantity>860.317140</out_Quantity.quantity></Point><Point><position>7177</position><in_Quantity.quantity>0.000000</in_Quantity.quantity><out_Quantity.quantity>967.824120</out_Quantity.quantity></Point><Point><position>7178</position><in_Quantity.quantity>0.000000</in_Quantity.quantity><out_Quantity.quantity>47.224099</out_Quantity.quantity></Point><Point><position>7179</position><in_Quantity.quantity>0.000000</in_Quantity.quantity><out_Quantity.quantity>857.315210</out_Quantity.quantity></Point><Point><position>7180</position><in_Quantity.quantity>0.000000</in_Quantity.quantity><out_Quantity.quantity>868.230992</out_Quantity.quantity></Point><Point><position>7181</position><in_Quantity.quantity>0.000000</in_Quantity.quantity><out_Quantity.quantity>739.030943</out_Quantity.quantity></Point><Point><position>7182</position><in_Quantity.quantity>0.000000</in_Quantity.quantity><out_Quantity.quantity>591.519121</out_Quantity.quantity></Point><Point><position>7183</position><in_Quantity.quantity>0.000000</in_Quantity.quantity><out_Quantity.quantity>5.194099</out_Quantity.quantity></Point><Point><position>7184</position><in_Quantity.quantity>0.000000</in_Quantity.quantity><out_Quantity.quantity>377.513222</out_Quantity.quantity></Point><Point><position>7185</position><in_Quantity.quantity>0.000000</in_Quantity.quantity><out_Quantity.quantity>492.890785</out_Quantity.quantity></Point><Point><position>7186</position><in_Quantity.quantity>0.000000</in_Quantity.quantity><out_Quantity.quantity>906.190790</out_Quantity.quantity></Point><Point><position>7187</position><in_Quantity.quantity>0.000000</in_Quantity.quantity><out_Quantity.quantity>188.896168</out_Quantity.quantity></Point><Point><position>7188</position><in_Quantity.quantity>0.000000</in_Quantity.quantity><out_Quantity.quantity>95.578573</out_Quantity.quantity></Point><Point><position>7189</position><in_Quantity.quantity>0.000000</in_Quantity.quantity><out_Quantity.quantity>446.510450</out_Quantity.quantity></Point><Point><position>7190</position><in_Quantity.quantity>0.000000</in_Quantity.quantity><out_Quantity.quantity>733.601915</out_Quantity.quantity></Point><Point><position>7191</position><in_Quantity.quantity>0.000000</in_Quantity.quantity><out_Quantity.quantity>135.764151</out_Quantity.quantity></Point><Point><position>7192</position><in_Quantity.quantity>0.000000</in_Quantity.quantity><out_Quantity.quantity>195.588860</out_Quantity.quantity></Point><Point><position>7193</position><in_Quantity.quantity>0.000000</in_Quantity.quantity><out_Quantity.quantity>920.952430</out_Quantity.quantity></Point><Point><position>7194</position><in_Quantity.quantity>0.000000</in_Quantity.quantity><out_Quantity.quantity>291.834896</out_Quantity.quantity></Point><Point><position>7195</position><in_Quantity.quantity>0.000000</in_Quantity.quantity><out_Quantity.quantity>676.574289</out_Quantity.quantity></Point><Point><position>7196</position><in_Quantity.quantity>0.000000</in_Quantity.quantity><out_Quantity.quantity>40.906504</out_Quantity.quantity></Point><Point><position>7197</position><in_Quantity.quantity>0.000000</in_Quantity.quantity><out_Quantity.quantity>373.933988</out_Quantity.quantity></Point><Point><position>7198</position><in_Quantity.quantity>0.000000</in_Quantity.quantity><out_Quantity.quantity>112.023280</out_Quantity.quantity></Point><Point><position>7199</position><in_Quantity.quantity>0.000000</in_Quantity.quantity><out_Quantity.quantity>329.473653</out_Quantity.quantity></Point><Point><position>7200</position><in_Quantity.quantity>0.000000</in_Quantity.quantity><out_Quantity.quantity>54.067164</out_Quantity.quantity></Point><Point><position>7201</position><in_Quantity.quantity>0.000000</in_Quantity.quantity><out_Quantity.quantity>801.969895</out_Quantity.quantity></Point><Point><position>7202</position><in_Quantity.quantity>0.000000</in_Quantity.quantity><out_Quantity.quantity>407.006311</out_Quantity.quantity></Point><Point><position>7203</position><in_Quantity.quantity>0.000000</in_Quantity.quantity><out_Quantity.quantity>907.422025</out_Quantity.quantity></Point><Point><position>7204</position><in_Quantity.quantity>0.000000</in_Quantity.quantity><out_Quantity.quantity>430.980605</out_Quantity.quantity></Point><Point><position>7205</position><in_Quantity.quantity>0.000000</in_Quantity.quantity><out_Quantity.quantity>152.343060</out_Quantity.quantity></Point><Point><position>7206</position><in_Quantity.quantity>0.000000</in_Quantity.quantity><out_Quantity.quantity>436.581368</out_Quantity.quantity></Point><Point><position>7207</position><in_Quantity.quantity>0.000000</in_Quantity.quantity><out_Quantity.quantity>329.266718</out_Quantity.quantity></Point><Point><position>7208</position><in_Quantity.quantity>0.000000</in_Quantity.quantity><out_Quantity.quantity>147.046239</out_Quantity.quantity></Point><Point><position>7209</position><in_Quantity.quantity>0.000000</in_Quantity.quantity><out_Quantity.quantity>70.531386</out_Quantity.quantity></Point><Point><position>7210</position><in_Quantity.quantity>0.000000</in_Quantity.quantity><out_Quantity.quantity>378.075517</out_Quantity.quantity></Point><Point><position>7211</position><in_Quantity.quantity>0.000000</in_Quantity.quantity><out_Quantity.quantity>88.385659</out_Quantity.quantity></Point><Point><position>7212</position><in_Quantity.quantity>0.000000</in_Quantity.quantity><out_Quantity.quantity>897.414952</out_Quantity.quantity></Point><Point><position>7213</position><in_Quantity.quantity>0.000000</in_Quantity.quantity><out_Quantity.quantity>965.054529</out_Quantity.quantity></Point><Point><position>7214</position><in_Quantity.quantity>0.000000</in_Quantity.quantity><out_Quantity.quantity>776.538010</out_Quantity.quantity></Point><Point><position>7215</position><in_Quantity.quantity>0.000000</in_Quantity.quantity><out_Quantity.quantity>445.591013</out_Quantity.quantity></Point><Point><position>7216</position><in_Quantity.quantity>0.000000</in_Quantity.quantity><out_Quantity.quantity>867.585437</out_Quantity.quantity></Point><Point><position>7217</position><in_Quantity.quantity>0.000000</in_Quantity.quantity><out_Quantity.quantity>120.470313</out_Quantity.quantity></Point><Point><position>7218</position><in_Quantity.quantity>0.000000</in_Quantity.quantity><out_Quantity.quantity>738.621928</out_Quantity.quantity></Point><Point><position>7219</position><in_Quantity.quantity>0.000000</in_Quantity.quantity><out_Quantity.quantity>491.444224</out_Quantity.quantity></Point><Point><position>7220</position><in_Quantity.quantity>0.000000</in_Quantity.quantity><out_Quantity.quantity>899.747037</out_Quantity.quantity></Point><Point><position>7221</position><in_Quantity.quantity>0.000000</in_Quantity.quantity><out_Quantity.quantity>882.169112</out_Quantity.quantity></Point><Point><position>7222</position><in_Quantity.quantity>0.000000</in_Quantity.quantity><out_Quantity.quantity>795.145244</out_Quantity.quantity></Point><Point><position>7223</position><in_Quantity.quantity>0.000000</in_Quantity.quantity><out_Quantity.quantity>399.610053</out_Quantity.quantity></Point><Point><position>7224</position><in_Quantity.quantity>0.000000</in_Quantity.quantity><out_Quantity.quantity>906.260693</out_Quantity.quantity></Point><Point><position>7225</position><in_Quantity.quantity>0.000000</in_Quantity.quantity><out_Quantity.quantity>94.433047</out_Quantity.quantity></Point><Point><position>7226</position><in_Quantity.quantity>0.000000</in_Quantity.quantity><out_Quantity.quantity>530.599627</out_Quantity.quantity></Point><Point><position>7227</position><in_Quantity.quantity>0.000000</in_Quantity.quantity><out_Quantity.quantity>701.891177</out_Quantity.quantity></Point><Point><position>7228</position><in_Quantity.quantity>0.000000</in_Quantity.quantity><out_Quantity.quantity>43.714614</out_Quantity.quantity></Point><Point><position>7229</position><in_Quantity.quantity>0.000000</in_Quantity.quantity><out_Quantity.quantity>7.716217</out_Quantity.quantity></Point><Point><position>7230</position><in_Quantity.quantity>0.000000</in_Quantity.quantity><out_Quantity.quantity>925.893366</out_Quantity.quantity></Point><Point><position>7231</position><in_Quantity.quantity>0.000000</in_Quantity.quantity><out_Quantity.quantity>776.690424</out_Quantity.quantity></Point><Point><position>7232</position><in_Quantity.quantity>0.000000</in_Quantity.quantity><out_Quantity.quantity>195.718002</out_Quantity.quantity></Point><Point><position>7233</position><in_Quantity.quantity>0.000000</in_Quantity.quantity><out_Quantity.quantity>5.139274</out_Quantity.quantity></Point><Point><position>7234</position><in_Quantity.quantity>0.000000</in_Quantity.quantity><out_Quantity.quantity>536.690387</out_Quantity.quantity></Point><Point><position>7235</position><in_Quantity.quantity>0.000000</in_Quantity.quantity><out_Quantity.quantity>593.434100</out_Quantity.quantity></Point><Point><position>7236</position><in_Quantity.quantity>0.000000</in_Quantity.quantity><out_Quantity.quantity>599.703564</out_Quantity.quantity></Point><Point><position>7237</position><in_Quantity.quantity>0.000000</in_Quantity.quantity><out_Quantity.quantity>22.508178</out_Quantity.quantity></Point><Point><position>7238</position><in_Quantity.quantity>0.000000</in_Quantity.quantity><out_Quantity.quantity>372.821954</out_Quantity.quantity></Point><Point><position>7239</position><in_Quantity.quantity>0.000000</in_Quantity.quantity><out_Quantity.quantity>808.532054</out_Quantity.quantity></Point><Point><position>7240</position><in_Quantity.quantity>0.000000</in_Quantity.quantity><out_Quantity.quantity>703.060100</out_Quantity.quantity></Point><Point><position>7241</position><in_Quantity.quantity>0.000000</in_Quantity.quantity><out_Quantity.quantity>872.236031</out_Quantity.quantity></Point><Point><position>7242</position><in_Quantity.quantity>0.000000</in_Quantity.quantity><out_Quantity.quantity>143.100588</out_Quantity.quantity></Point><Point><position>7243</position><in_Quantity.quantity>0.000000</in_Quantity.quantity><out_Quantity.quantity>728.168705</out_Quantity.quantity></Point><Point><position>7244</position><in_Quantity.quantity>0.000000</in_Quantity.quantity><out_Quantity.quantity>956.740487</out_Quantity.quantity></Point><Point><position>7245</position><in_Quantity.quantity>0.000000</in_Quantity.quantity><out_Quantity.quantity>498.404550</out_Quantity.quantity></Point><Point><position>7246</position><in_Quantity.quantity>0.000000</in_Quantity.quantity><out_Quantity.quantity>758.075673</out_Quantity.quantity></Point><Point><position>7247</position><in_Quantity.quantity>0.000000</in_Quantity.quantity><out_Quantity.quantity>357.917692</out_Quantity.quantity></Point><Point><position>7248</position><in_Quantity.quantity>0.000000</in_Quantity.quantity><out_Quantity.quantity>625.634608</out_Quantity.quantity></Point><Point><position>7249</position><in_Quantity.quantity>0.000000</in_Quantity.quantity><out_Quantity.quantity>750.454693</out_Quantity.quantity></Point><Point><position>7250</position><in_Quantity.quantity>0.000000</in_Quantity.quantity><out_Quantity.quantity>311.966139</out_Quantity.quantity></Point><Point><position>7251</position><in_Quantity.quantity>0.000000</in_Quantity.quantity><out_Quantity.quantity>313.496942</out_Quantity.quantity></Point><Point><position>7252</position><in_Quantity.quantity>0.000000</in_Quantity.quantity><out_Quantity.quantity>97.677165</out_Quantity.quantity></Point><Point><position>7253</position><in_Quantity.quantity>0.000000</in_Quantity.quantity><out_Quantity.quantity>993.499212</out_Quantity.quantity></Point><Point><position>7254</position><in_Quantity.quantity>0.000000</in_Quantity.quantity><out_Quantity.quantity>20.099743</out_Quantity.quantity></Point><Point><position>7255</position><in_Quantity.quantity>0.000000</in_Quantity.quantity><out_Quantity.quantity>917.972830</out_Quantity.quantity></Point><Point><position>7256</position><in_Quantity.quantity>0.000000</in_Quantity.quantity><out_Quantity.quantity>269.053706</out_Quantity.quantity></Point><Point><position>7257</position><in_Quantity.quantity>0.000000</in_Quantity.quantity><out_Quantity.quantity>174.874504</out_Quantity.quantity></Point><Point><position>7258</position><in_Quantity.quantity>0.000000</in_Quantity.quantity><out_Quantity.quantity>350.738236</out_Quantity.quantity></Point><Point><position>7259</position><in_Quantity.quantity>0.000000</in_Quantity.quantity><out_Quantity.quantity>399.499468</out_Quantity.quantity></Point><Point><position>7260</position><in_Quantity.quantity>0.000000</in_Quantity.quantity><out_Quantity.quantity>233.597809</out_Quantity.quantity></Point><Point><position>7261</position><in_Quantity.quantity>0.000000</in_Quantity.quantity><out_Quantity.quantity>593.841213</out_Quantity.quantity></Point><Point><position>7262</position><in_Quantity.quantity>0.000000</in_Quantity.quantity><out_Quantity.quantity>378.243803</out_Quantity.quantity></Point><Point><position>7263</position><in_Quantity.quantity>0.000000</in_Quantity.quantity><out_Quantity.quantity>272.655059</out_Quantity.quantity></Point><Point><position>7264</position><in_Quantity.quantity>0.000000</in_Quantity.quantity><out_Quantity.quantity>771.541330</out_Quantity.quantity></Point><Point><position>7265</position><in_Quantity.quantity>0.000000</in_Quantity.quantity><out_Quantity.quantity>430.366571</out_Quantity.quantity></Point><Point><position>7266</position><in_Quantity.quantity>0.000000</in_Quantity.quantity><out_Quantity.quantity>998.817552</out_Quantity.quantity></Point><Point><position>7267</position><in_Quantity.quantity>0.000000</in_Quantity.quantity><out_Quantity.quantity>373.744822</out_Quantity.quantity></Point><Point><position>7268</position><in_Quantity.quantity>0.000000</in_Quantity.quantity><out_Quantity.quantity>215.349969</out_Quantity.quantity></Point><Point><position>7269</position><in_Quantity.quantity>0.000000</in_Quantity.quantity><out_Quantity.quantity>641.445647</out_Quantity.quantity></Point><Point><position>7270</position><in_Quantity.quantity>0.000000</in_Quantity.quantity><out_Quantity.quantity>228.589060</out_Quantity.quantity></Point><Point><position>7271</position><in_Quantity.quantity>0.000000</in_Quantity.quantity><out_Quantity.quantity>608.092672</out_Quantity.quantity></Point><Point><position>7272</position><in_Quantity.quantity>0.000000</in_Quantity.quantity><out_Quantity.quantity>157.391554</out_Quantity.quantity></Point><Point><position>7273</position><in_Quantity.quantity>0.000000</in_Quantity.quantity><out_Quantity.quantity>529.949005</out_Quantity.quantity></Point><Point><position>7274</position><in_Quantity.quantity>0.000000</in_Quantity.quantity><out_Quantity.quantity>56.081025</out_Quantity.quantity></Point><Point><position>7275</position><in_Quantity.quantity>0.000000</in_Quantity.quantity><out_Quantity.quantity>781.113755</out_Quantity.quantity></Point><Point><position>7276</position><in_Quantity.quantity>0.000000</in_Quantity.quantity><out_Quantity.quantity>751.096119</out_Quantity.quantity></Point><Point><position>7277</position><in_Quantity.quantity>0.000000</in_Quantity.quantity><out_Quantity.quantity>29.293982</out_Quantity.quantity></Point><Point><position>7278</position><in_Quantity.quantity>0.000000</in_Quantity.quantity><out_Quantity.quantity>374.955338</out_Quantity.quantity></Point><Point><position>7279</position><in_Quantity.quantity>0.000000</in_Quantity.quantity><out_Quantity.quantity>364.256486</out_Quantity.quantity></Point><Point><position>7280</position><in_Quantity.quantity>0.000000</in_Quantity.quantity><out_Quantity.quantity>957.113561</out_Quantity.quantity></Point><Point><position>7281</position><in_Quantity.quantity>0.000000</in_Quantity.quantity><out_Quantity.quantity>923.606375</out_Quantity.quantity></Point><Point><position>7282</position><in_Quantity.quantity>0.000000</in_Quantity.quantity><out_Quantity.quantity>316.750963</out_Quantity.quantity></Point><Point><position>7283</position><in_Quantity.quantity>0.000000</in_Quantity.quantity><out_Quantity.quantity>647.172198</out_Quantity.quantity></Point><Point><position>7284</position><in_Quantity.quantity>0.000000</in_Quantity.quantity><out_Quantity.quantity>723.471841</out_Quantity.quantity></Point><Point><position>7285</position><in_Quantity.quantity>0.000000</in_Quantity.quantity><out_Quantity.quantity>988.065374</out_Quantity.quantity></Point><Point><position>7286</position><in_Quantity.quantity>0.000000</in_Quantity.quantity><out_Quantity.quantity>45.482407</out_Quantity.quantity></Point><Point><position>7287</position><in_Quantity.quantity>0.000000</in_Quantity.quantity><out_Quantity.quantity>711.501578</out_Quantity.quantity></Point><Point><position>7288</position><in_Quantity.quantity>0.000000</in_Quantity.quantity><out_Quantity.quantity>455.583507</out_Quantity.quantity></Point><Point><position>7289</position><in_Quantity.quantity>0.000000</in_Quantity.quantity><out_Quantity.quantity>96.354967</out_Quantity.quantity></Point><Point><position>7290</position><in_Quantity.quantity>0.000000</in_Quantity.quantity><out_Quantity.quantity>92.916427</out_Quantity.quantity></Point><Point><position>7291</position><in_Quantity.quantity>0.000000</in_Quantity.quantity><out_Quantity.quantity>561.817973</out_Quantity.quantity></Point><Point><position>7292</position><in_Quantity.quantity>0.000000</in_Quantity.quantity><out_Quantity.quantity>678.221522</out_Quantity.quantity></Point><Point><position>7293</position><in_Quantity.quantity>0.000000</in_Quantity.quantity><out_Quantity.quantity>751.646579</out_Quantity.quantity></Point><Point><position>7294</position><in_Quantity.quantity>0.000000</in_Quantity.quantity><out_Quantity.quantity>792.152323</out_Quantity.quantity></Point><Point><position>7295</position><in_Quantity.quantity>0.000000</in_Quantity.quantity><out_Quantity.quantity>903.614834</out_Quantity.quantity></Point><Point><position>7296</position><in_Quantity.quantity>0.000000</in_Quantity.quantity><out_Quantity.quantity>364.273613</out_Quantity.quantity></Point><Point><position>7297</position><in_Quantity.quantity>0.000000</in_Quantity.quantity><out_Quantity.quantity>709.727753</out_Quantity.quantity></Point><Point><position>7298</position><in_Quantity.quantity>0.000000</in_Quantity.quantity><out_Quantity.quantity>162.765066</out_Quantity.quantity></Point><Point><position>7299</position><in_Quantity.quantity>0.000000</in_Quantity.quantity><out_Quantity.quantity>816.174080</out_Quantity.quantity></Point><Point><position>7300</position><in_Quantity.quantity>0.000000</in_Quantity.quantity><out_Quantity.quantity>66.787859</out_Quantity.quantity></Point><Point><position>7301</position><in_Quantity.quantity>0.000000</in_Quantity.quantity><out_Quantity.quantity>706.771642</out_Quantity.quantity></Point><Point><position>7302</position><in_Quantity.quantity>0.000000</in_Quantity.quantity><out_Quantity.quantity>933.935095</out_Quantity.quantity></Point><Point><position>7303</position><in_Quantity.quantity>0.000000</in_Quantity.quantity><out_Quantity.quantity>224.894637</out_Quantity.quantity></Point><Point><position>7304</position><in_Quantity.quantity>0.000000</in_Quantity.quantity><out_Quantity.quantity>303.735945</out_Quantity.quantity></Point><Point><position>7305</position><in_Quantity.quantity>0.000000</in_Quantity.quantity><out_Quantity.quantity>737.315544</out_Quantity.quantity></Point><Point><position>7306</position><in_Quantity.quantity>0.000000</in_Quantity.quantity><out_Quantity.quantity>919.930474</out_Quantity.quantity></Point><Point><position>7307</position><in_Quantity.quantity>0.000000</in_Quantity.quantity><out_Quantity.quantity>951.826034</out_Quantity.quantity></Point><Point><position>7308</position><in_Quantity.quantity>0.000000</in_Quantity.quantity><out_Quantity.quantity>53.176415</out_Quantity.quantity></Point><Point><position>7309</position><in_Quantity.quantity>0.000000</in_Quantity.quantity><out_Quantity.quantity>125.120413</out_Quantity.quantity></Point><Point><position>7310</position><in_Quantity.quantity>0.000000</in_Quantity.quantity><out_Quantity.quantity>527.705313</out_Quantity.quantity></Point><Point><position>7311</position><in_Quantity.quantity>0.000000</in_Quantity.quantity><out_Quantity.quantity>307.024384</out_Quantity.quantity></Point><Point><position>7312</position><in_Quantity.quantity>0.000000</in_Quantity.quantity><out_Quantity.quantity>984.765402</out_Quantity.quantity></Point><Point><position>7313</position><in_Quantity.quantity>0.000000</in_Quantity.quantity><out_Quantity.quantity>189.302375</out_Quantity.quantity></Point><Point><position>7314</position><in_Quantity.quantity>0.000000</in_Quantity.quantity><out_Quantity.quantity>704.702603</out_Quantity.quantity></Point><Point><position>7315</position><in_Quantity.quantity>0.000000</in_Quantity.quantity><out_Quantity.quantity>377.304181</out_Quantity.quantity></Point><Point><position>7316</position><in_Quantity.quantity>0.000000</in_Quantity.quantity><out_Quantity.quantity>696.604990</out_Quantity.quantity></Point><Point><position>7317</position><in_Quantity.quantity>0.000000</in_Quantity.quantity><out_Quantity.quantity>758.343975</out_Quantity.quantity></Point><Point><position>7318</position><in_Quantity.quantity>0.000000</in_Quantity.quantity><out_Quantity.quantity>202.532058</out_Quantity.quantity></Point><Point><position>7319</position><in_Quantity.quantity>0.000000</in_Quantity.quantity><out_Quantity.quantity>104.345691</out_Quantity.quantity></Point><Point><position>7320</position><in_Quantity.quantity>0.000000</in_Quantity.quantity><out_Quantity.quantity>421.213911</out_Quantity.quantity></Point><Point><position>7321</position><in_Quantity.quantity>0.000000</in_Quantity.quantity><out_Quantity.quantity>325.065435</out_Quantity.quantity></Point><Point><position>7322</position><in_Quantity.quantity>0.000000</in_Quantity.quantity><out_Quantity.quantity>918.881888</out_Quantity.quantity></Point><Point><position>7323</position><in_Quantity.quantity>0.000000</in_Quantity.quantity><out_Quantity.quantity>747.146944</out_Quantity.quantity></Point><Point><position>7324</position><in_Quantity.quantity>0.000000</in_Quantity.quantity><out_Quantity.quantity>527.039944</out_Quantity.quantity></Point><Point><position>7325</position><in_Quantity.quantity>0.000000</in_Quantity.quantity><out_Quantity.quantity>448.183304</out_Quantity.quantity></Point><Point><position>7326</position><in_Quantity.quantity>0.000000</in_Quantity.quantity><out_Quantity.quantity>727.023604</out_Quantity.quantity></Point><Point><position>7327</position><in_Quantity.quantity>0.000000</in_Quantity.quantity><out_Quantity.quantity>648.130190</out_Quantity.quantity></Point><Point><position>7328</position><in_Quantity.quantity>0.000000</in_Quantity.quantity><out_Quantity.quantity>844.134186</out_Quantity.quantity></Point><Point><position>7329</position><in_Quantity.quantity>0.000000</in_Quantity.quantity><out_Quantity.quantity>20.489668</out_Quantity.quantity></Point><Point><position>7330</position><in_Quantity.quantity>0.000000</in_Quantity.quantity><out_Quantity.quantity>420.325975</out_Quantity.quantity></Point><Point><position>7331</position><in_Quantity.quantity>0.000000</in_Quantity.quantity><out_Quantity.quantity>192.046745</out_Quantity.quantity></Point><Point><position>7332</position><in_Quantity.quantity>0.000000</in_Quantity.quantity><out_Quantity.quantity>320.860510</out_Quantity.quantity></Point><Point><position>7333</position><in_Quantity.quantity>0.000000</in_Quantity.quantity><out_Quantity.quantity>141.994410</out_Quantity.quantity></Point><Point><position>7334</position><in_Quantity.quantity>0.000000</in_Quantity.quantity><out_Quantity.quantity>12.721100</out_Quantity.quantity></Point><Point><position>7335</position><in_Quantity.quantity>0.000000</in_Quantity.quantity><out_Quantity.quantity>578.034929</out_Quantity.quantity></Point><Point><position>7336</position><in_Quantity.quantity>0.000000</in_Quantity.quantity><out_Quantity.quantity>869.695781</out_Quantity.quantity></Point><Point><position>7337</position><in_Quantity.quantity>0.000000</in_Quantity.quantity><out_Quantity.quantity>396.866953</out_Quantity.quantity></Point><Point><position>7338</position><in_Quantity.quantity>0.000000</in_Quantity.quantity><out_Quantity.quantity>9.310346</out_Quantity.quantity></Point><Point><position>7339</position><in_Quantity.quantity>0.000000</in_Quantity.quantity><out_Quantity.quantity>35.403664</out_Quantity.quantity></Point><Point><position>7340</position><in_Quantity.quantity>0.000000</in_Quantity.quantity><out_Quantity.quantity>19.946990</out_Quantity.quantity></Point><Point><position>7341</position><in_Quantity.quantity>0.000000</in_Quantity.quantity><out_Quantity.quantity>865.026711</out_Quantity.quantity></Point><Point><position>7342</position><in_Quantity.quantity>0.000000</in_Quantity.quantity><out_Quantity.quantity>885.353402</out_Quantity.quantity></Point><Point><position>7343</position><in_Quantity.quantity>0.000000</in_Quantity.quantity><out_Quantity.quantity>593.448531</out_Quantity.quantity></Point><Point><position>7344</position><in_Quantity.quantity>0.000000</in_Quantity.quantity><out_Quantity.quantity>279.787267</out_Quantity.quantity></Point><Point><position>7345</position><in_Quantity.quantity>0.000000</in_Quantity.quantity><out_Quantity.quantity>43.431042</out_Quantity.quantity></Point><Point><position>7346</position><in_Quantity.quantity>0.000000</in_Quantity.quantity><out_Quantity.quantity>407.056407</out_Quantity.quantity></Point><Point><position>7347</position><in_Quantity.quantity>0.000000</in_Quantity.quantity><out_Quantity.quantity>754.711858</out_Quantity.quantity></Point><Point><position>7348</position><in_Quantity.quantity>0.000000</in_Quantity.quantity><out_Quantity.quantity>157.256740</out_Quantity.quantity></Point><Point><position>7349</position><in_Quantity.quantity>0.000000</in_Quantity.quantity><out_Quantity.quantity>478.974709</out_Quantity.quantity></Point><Point><position>7350</position><in_Quantity.quantity>0.000000</in_Quantity.quantity><out_Quantity.quantity>791.516010</out_Quantity.quantity></Point><Point><position>7351</position><in_Quantity.quantity>0.000000</in_Quantity.quantity><out_Quantity.quantity>204.096015</out_Quantity.quantity></Point><Point><position>7352</position><in_Quantity.quantity>0.000000</in_Quantity.quantity><out_Quantity.quantity>249.105308</out_Quantity.quantity></Point><Point><position>7353</position><in_Quantity.quantity>0.000000</in_Quantity.quantity><out_Quantity.quantity>995.110628</out_Quantity.quantity></Point><Point><position>7354</position><in_Quantity.quantity>0.000000</in_Quantity.quantity><out_Quantity.quantity>477.235191</out_Quantity.quantity></Point><Point><position>7355</position><in_Quantity.quantity>0.000000</in_Quantity.quantity><out_Quantity.quantity>933.608327</out_Quantity.quantity></Point><Point><position>7356</position><in_Quantity.quantity>0.000000</in_Quantity.quantity><out_Quantity.quantity>998.203712</out_Quantity.quantity></Point><Point><position>7357</position><in_Quantity.quantity>0.000000</in_Quantity.quantity><out_Quantity.quantity>453.026079</out_Quantity.quantity></Point><Point><position>7358</position><in_Quantity.quantity>0.000000</in_Quantity.quantity><out_Quantity.quantity>293.986918</out_Quantity.quantity></Point><Point><position>7359</position><in_Quantity.quantity>0.000000</in_Quantity.quantity><out_Quantity.quantity>343.185266</out_Quantity.quantity></Point><Point><position>7360</position><in_Quantity.quantity>0.000000</in_Quantity.quantity><out_Quantity.quantity>21.547605</out_Quantity.quantity></Point><Point><position>7361</position><in_Quantity.quantity>0.000000</in_Quantity.quantity><out_Quantity.quantity>821.066738</out_Quantity.quantity></Point><Point><position>7362</position><in_Quantity.quantity>0.000000</in_Quantity.quantity><out_Quantity.quantity>299.434536</out_Quantity.quantity></Point><Point><position>7363</position><in_Quantity.quantity>0.000000</in_Quantity.quantity><out_Quantity.quantity>632.046488</out_Quantity.quantity></Point><Point><position>7364</position><in_Quantity.quantity>0.000000</in_Quantity.quantity><out_Quantity.quantity>191.371618</out_Quantity.quantity></Point><Point><position>7365</position><in_Quantity.quantity>0.000000</in_Quantity.quantity><out_Quantity.quantity>739.201783</out_Quantity.quantity></Point><Point><position>7366</position><in_Quantity.quantity>0.000000</in_Quantity.quantity><out_Quantity.quantity>551.311632</out_Quantity.quantity></Point><Point><position>7367</position><in_Quantity.quantity>0.000000</in_Quantity.quantity><out_Quantity.quantity>57.135992</out_Quantity.quantity></Point><Point><position>7368</position><in_Quantity.quantity>0.000000</in_Quantity.quantity><out_Quantity.quantity>160.504686</out_Quantity.quantity></Point><Point><position>7369</position><in_Quantity.quantity>0.000000</in_Quantity.quantity><out_Quantity.quantity>245.609963</out_Quantity.quantity></Point><Point><position>7370</position><in_Quantity.quantity>0.000000</in_Quantity.quantity><out_Quantity.quantity>289.318258</out_Quantity.quantity></Point><Point><position>7371</position><in_Quantity.quantity>0.000000</in_Quantity.quantity><out_Quantity.quantity>809.706451</out_Quantity.quantity></Point><Point><position>7372</position><in_Quantity.quantity>0.000000</in_Quantity.quantity><out_Quantity.quantity>370.554765</out_Quantity.quantity></Point><Point><position>7373</position><in_Quantity.quantity>0.000000</in_Quantity.quantity><out_Quantity.quantity>352.032857</out_Quantity.quantity></Point><Point><position>7374</position><in_Quantity.quantity>0.000000</in_Quantity.quantity><out_Quantity.quantity>337.587394</out_Quantity.quantity></Point><Point><position>7375</position><in_Quantity.quantity>0.000000</in_Quantity.quantity><out_Quantity.quantity>203.541026</out_Quantity.quantity></Point><Point><position>7376</position><in_Quantity.quantity>0.000000</in_Quantity.quantity><out_Quantity.quantity>337.359957</out_Quantity.quantity></Point><Point><position>7377</position><in_Quantity.quantity>0.000000</in_Quantity.quantity><out_Quantity.quantity>671.584588</out_Quantity.quantity></Point><Point><position>7378</position><in_Quantity.quantity>0.000000</in_Quantity.quantity><out_Quantity.quantity>108.826588</out_Quantity.quantity></Point><Point><position>7379</position><in_Quantity.quantity>0.000000</in_Quantity.quantity><out_Quantity.quantity>413.946205</out_Quantity.quantity></Point><Point><position>7380</position><in_Quantity.quantity>0.000000</in_Quantity.quantity><out_Quantity.quantity>574.843917</out_Quantity.quantity></Point><Point><position>7381</position><in_Quantity.quantity>0.000000</in_Quantity.quantity><out_Quantity.quantity>634.657008</out_Quantity.quantity></Point><Point><position>7382</position><in_Quantity.quantity>0.000000</in_Quantity.quantity><out_Quantity.quantity>960.931646</out_Quantity.quantity></Point><Point><position>7383</position><in_Quantity.quantity>0.000000</in_Quantity.quantity><out_Quantity.quantity>811.681149</out_Quantity.quantity></Point><Point><position>7384</position><in_Quantity.quantity>0.000000</in_Quantity.quantity><out_Quantity.quantity>515.173814</out_Quantity.quantity></Point><Point><position>7385</position><in_Quantity.quantity>0.000000</in_Quantity.quantity><out_Quantity.quantity>784.872047</out_Quantity.quantity></Point><Point><position>7386</position><in_Quantity.quantity>0.000000</in_Quantity.quantity><out_Quantity.quantity>752.496054</out_Quantity.quantity></Point><Point><position>7387</position><in_Quantity.quantity>0.000000</in_Quantity.quantity><out_Quantity.quantity>354.300450</out_Quantity.quantity></Point><Point><position>7388</position><in_Quantity.quantity>0.000000</in_Quantity.quantity><out_Quantity.quantity>379.716894</out_Quantity.quantity></Point><Point><position>7389</position><in_Quantity.quantity>0.000000</in_Quantity.quantity><out_Quantity.quantity>759.823275</out_Quantity.quantity></Point><Point><position>7390</position><in_Quantity.quantity>0.000000</in_Quantity.quantity><out_Quantity.quantity>683.579070</out_Quantity.quantity></Point><Point><position>7391</position><in_Quantity.quantity>0.000000</in_Quantity.quantity><out_Quantity.quantity>31.140759</out_Quantity.quantity></Point><Point><position>7392</position><in_Quantity.quantity>0.000000</in_Quantity.quantity><out_Quantity.quantity>417.533240</out_Quantity.quantity></Point><Point><position>7393</position><in_Quantity.quantity>0.000000</in_Quantity.quantity><out_Quantity.quantity>429.669472</out_Quantity.quantity></Point><Point><position>7394</position><in_Quantity.quantity>0.000000</in_Quantity.quantity><out_Quantity.quantity>127.949197</out_Quantity.quantity></Point><Point><position>7395</position><in_Quantity.quantity>0.000000</in_Quantity.quantity><out_Quantity.quantity>147.598031</out_Quantity.quantity></Point><Point><position>7396</position><in_Quantity.quantity>0.000000</in_Quantity.quantity><out_Quantity.quantity>159.275911</out_Quantity.quantity></Point><Point><position>7397</position><in_Quantity.quantity>0.000000</in_Quantity.quantity><out_Quantity.quantity>871.229502</out_Quantity.quantity></Point><Point><position>7398</position><in_Quantity.quantity>0.000000</in_Quantity.quantity><out_Quantity.quantity>341.078862</out_Quantity.quantity></Point><Point><position>7399</position><in_Quantity.quantity>0.000000</in_Quantity.quantity><out_Quantity.quantity>85.761852</out_Quantity.quantity></Point><Point><position>7400</position><in_Quantity.quantity>0.000000</in_Quantity.quantity><out_Quantity.quantity>575.002430</out_Quantity.quantity></Point><Point><position>7401</position><in_Quantity.quantity>0.000000</in_Quantity.quantity><out_Quantity.quantity>798.608853</out_Quantity.quantity></Point><Point><position>7402</position><in_Quantity.quantity>0.000000</in_Quantity.quantity><out_Quantity.quantity>699.734017</out_Quantity.quantity></Point><Point><position>7403</position><in_Quantity.quantity>0.000000</in_Quantity.quantity><out_Quantity.quantity>594.647080</out_Quantity.quantity></Point><Point><position>7404</position><in_Quantity.quantity>0.000000</in_Quantity.quantity><out_Quantity.quantity>996.540807</out_Quantity.quantity></Point><Point><position>7405</position><in_Quantity.quantity>0.000000</in_Quantity.quantity><out_Quantity.quantity>228.778335</out_Quantity.quantity></Point><Point><position>7406</position><in_Quantity.quantity>0.000000</in_Quantity.quantity><out_Quantity.quantity>735.377788</out_Quantity.quantity></Point><Point><position>7407</position><in_Quantity.quantity>0.000000</in_Quantity.quantity><out_Quantity.quantity>521.761171</out_Quantity.quantity></Point><Point><position>7408</position><in_Quantity.quantity>0.000000</in_Quantity.quantity><out_Quantity.quantity>983.184023</out_Quantity.quantity></Point><Point><position>7409</position><in_Quantity.quantity>0.000000</in_Quantity.quantity><out_Quantity.quantity>458.507587</out_Quantity.quantity></Point><Point><position>7410</position><in_Quantity.quantity>0.000000</in_Quantity.quantity><out_Quantity.quantity>574.510801</out_Quantity.quantity></Point><Point><position>7411</position><in_Quantity.quantity>0.000000</in_Quantity.quantity><out_Quantity.quantity>797.416702</out_Quantity.quantity></Point><Point><position>7412</position><in_Quantity.quantity>0.000000</in_Quantity.quantity><out_Quantity.quantity>540.704676</out_Quantity.quantity></Point><Point><position>7413</position><in_Quantity.quantity>0.000000</in_Quantity.quantity><out_Quantity.quantity>755.468382</out_Quantity.quantity></Point><Point><position>7414</position><in_Quantity.quantity>0.000000</in_Quantity.quantity><out_Quantity.quantity>780.292481</out_Quantity.quantity></Point><Point><position>7415</position><in_Quantity.quantity>0.000000</in_Quantity.quantity><out_Quantity.quantity>154.322550</out_Quantity.quantity></Point><Point><position>7416</position><in_Quantity.quantity>0.000000</in_Quantity.quantity><out_Quantity.quantity>117.356122</out_Quantity.quantity></Point><Point><position>7417</position><in_Quantity.quantity>0.000000</in_Quantity.quantity><out_Quantity.quantity>939.047552</out_Quantity.quantity></Point><Point><position>7418</position><in_Quantity.quantity>0.000000</in_Quantity.quantity><out_Quantity.quantity>701.492659</out_Quantity.quantity></Point><Point><position>7419</position><in_Quantity.quantity>0.000000</in_Quantity.quantity><out_Quantity.quantity>316.712027</out_Quantity.quantity></Point><Point><position>7420</position><in_Quantity.quantity>0.000000</in_Quantity.quantity><out_Quantity.quantity>610.829531</out_Quantity.quantity></Point><Point><position>7421</position><in_Quantity.quantity>0.000000</in_Quantity.quantity><out_Quantity.quantity>154.750406</out_Quantity.quantity></Point><Point><position>7422</position><in_Quantity.quantity>0.000000</in_Quantity.quantity><out_Quantity.quantity>484.268807</out_Quantity.quantity></Point><Point><position>7423</position><in_Quantity.quantity>0.000000</in_Quantity.quantity><out_Quantity.quantity>542.024903</out_Quantity.quantity></Point><Point><position>7424</position><in_Quantity.quantity>0.000000</in_Quantity.quantity><out_Quantity.quantity>117.592850</out_Quantity.quantity></Point><Point><position>7425</position><in_Quantity.quantity>0.000000</in_Quantity.quantity><out_Quantity.quantity>907.750410</out_Quantity.quantity></Point><Point><position>7426</position><in_Quantity.quantity>0.000000</in_Quantity.quantity><out_Quantity.quantity>158.678972</out_Quantity.quantity></Point><Point><position>7427</position><in_Quantity.quantity>0.000000</in_Quantity.quantity><out_Quantity.quantity>224.323576</out_Quantity.quantity></Point><Point><position>7428</position><in_Quantity.quantity>0.000000</in_Quantity.quantity><out_Quantity.quantity>513.284401</out_Quantity.quantity></Point><Point><position>7429</position><in_Quantity.quantity>0.000000</in_Quantity.quantity><out_Quantity.quantity>155.036201</out_Quantity.quantity></Point><Point><position>7430</position><in_Quantity.quantity>0.000000</in_Quantity.quantity><out_Quantity.quantity>845.197671</out_Quantity.quantity></Point><Point><position>7431</position><in_Quantity.quantity>0.000000</in_Quantity.quantity><out_Quantity.quantity>437.677656</out_Quantity.quantity></Point><Point><position>7432</position><in_Quantity.quantity>0.000000</in_Quantity.quantity><out_Quantity.quantity>655.474039</out_Quantity.quantity></Point><Point><position>7433</position><in_Quantity.quantity>0.000000</in_Quantity.quantity><out_Quantity.quantity>133.777886</out_Quantity.quantity></Point><Point><position>7434</position><in_Quantity.quantity>0.000000</in_Quantity.quantity><out_Quantity.quantity>342.671086</out_Quantity.quantity></Point><Point><position>7435</position><in_Quantity.quantity>0.000000</in_Quantity.quantity><out_Quantity.quantity>967.504534</out_Quantity.quantity></Point><Point><position>7436</position><in_Quantity.quantity>0.000000</in_Quantity.quantity><out_Quantity.quantity>19.058657</out_Quantity.quantity></Point><Point><position>7437</position><in_Quantity.quantity>0.000000</in_Quantity.quantity><out_Quantity.quantity>876.111554</out_Quantity.quantity></Point><Point><position>7438</position><in_Quantity.quantity>0.000000</in_Quantity.quantity><out_Quantity.quantity>884.937286</out_Quantity.quantity></Point><Point><position>7439</position><in_Quantity.quantity>0.000000</in_Quantity.quantity><out_Quantity.quantity>15.297853</out_Quantity.quantity></Point><Point><position>7440</position><in_Quantity.quantity>0.000000</in_Quantity.quantity><out_Quantity.quantity>668.429643</out_Quantity.quantity></Point><Point><position>7441</position><in_Quantity.quantity>0.000000</in_Quantity.quantity><out_Quantity.quantity>461.316118</out_Quantity.quantity></Point><Point><position>7442</position><in_Quantity.quantity>0.000000</in_Quantity.quantity><out_Quantity.quantity>765.731651</out_Quantity.quantity></Point><Point><position>7443</position><in_Quantity.quantity>0.000000</in_Quantity.quantity><out_Quantity.quantity>33.997343</out_Quantity.quantity></Point><Point><position>7444</position><in_Quantity.quantity>0.000000</in_Quantity.quantity><out_Quantity.quantity>373.719501</out_Quantity.quantity></Point><Point><position>7445</position><in_Quantity.quantity>0.000000</in_Quantity.quantity><out_Quantity.quantity>747.579374</out_Quantity.quantity></Point><Point><position>7446</position><in_Quantity.quantity>0.000000</in_Quantity.quantity><out_Quantity.quantity>524.941132</out_Quantity.quantity></Point><Point><position>7447</position><in_Quantity.quantity>0.000000</in_Quantity.quantity><out_Quantity.quantity>623.552156</out_Quantity.quantity></Point><Point><position>7448</position><in_Quantity.quantity>0.000000</in_Quantity.quantity><out_Quantity.quantity>273.839208</out_Quantity.quantity></Point><Point><position>7449</position><in_Quantity.quantity>0.000000</in_Quantity.quantity><out_Quantity.quantity>819.832031</out_Quantity.quantity></Point><Point><position>7450</position><in_Quantity.quantity>0.000000</in_Quantity.quantity><out_Quantity.quantity>725.063983</out_Quantity.quantity></Point><Point><position>7451</position><in_Quantity.quantity>0.000000</in_Quantity.quantity><out_Quantity.quantity>309.070054</out_Quantity.quantity></Point><Point><position>7452</position><in_Quantity.quantity>0.000000</in_Quantity.quantity><out_Quantity.quantity>180.277727</out_Quantity.quantity></Point><Point><position>7453</position><in_Quantity.quantity>0.000000</in_Quantity.quantity><out_Quantity.quantity>771.583666</out_Quantity.quantity></Point><Point><position>7454</position><in_Quantity.quantity>0.000000</in_Quantity.quantity><out_Quantity.quantity>121.410572</out_Quantity.quantity></Point><Point><position>7455</position><in_Quantity.quantity>0.000000</in_Quantity.quantity><out_Quantity.quantity>99.697402</out_Quantity.quantity></Point><Point><position>7456</position><in_Quantity.quantity>0.000000</in_Quantity.quantity><out_Quantity.quantity>758.265777</out_Quantity.quantity></Point><Point><position>7457</position><in_Quantity.quantity>0.000000</in_Quantity.quantity><out_Quantity.quantity>40.674469</out_Quantity.quantity></Point><Point><position>7458</position><in_Quantity.quantity>0.000000</in_Quantity.quantity><out_Quantity.quantity>364.869018</out_Quantity.quantity></Point><Point><position>7459</position><in_Quantity.quantity>0.000000</in_Quantity.quantity><out_Quantity.quantity>595.538748</out_Quantity.quantity></Point><Point><position>7460</position><in_Quantity.quantity>0.000000</in_Quantity.quantity><out_Quantity.quantity>345.416783</out_Quantity.quantity></Point><Point><position>7461</position><in_Quantity.quantity>0.000000</in_Quantity.quantity><out_Quantity.quantity>286.040131</out_Quantity.quantity></Point><Point><position>7462</position><in_Quantity.quantity>0.000000</in_Quantity.quantity><out_Quantity.quantity>715.367099</out_Quantity.quantity></Point><Point><position>7463</position><in_Quantity.quantity>0.000000</in_Quantity.quantity><out_Quantity.quantity>792.874457</out_Quantity.quantity></Point><Point><position>7464</position><in_Quantity.quantity>0.000000</in_Quantity.quantity><out_Quantity.quantity>500.129760</out_Quantity.quantity></Point><Point><position>7465</position><in_Quantity.quantity>0.000000</in_Quantity.quantity><out_Quantity.quantity>154.148867</out_Quantity.quantity></Point><Point><position>7466</position><in_Quantity.quantity>0.000000</in_Quantity.quantity><out_Quantity.quantity>995.486667</out_Quantity.quantity></Point><Point><position>7467</position><in_Quantity.quantity>0.000000</in_Quantity.quantity><out_Quantity.quantity>321.980398</out_Quantity.quantity></Point><Point><position>7468</position><in_Quantity.quantity>0.000000</in_Quantity.quantity><out_Quantity.quantity>891.907196</out_Quantity.quantity></Point><Point><position>7469</position><in_Quantity.quantity>0.000000</in_Quantity.quantity><out_Quantity.quantity>61.606007</out_Quantity.quantity></Point><Point><position>7470</position><in_Quantity.quantity>0.000000</in_Quantity.quantity><out_Quantity.quantity>588.493263</out_Quantity.quantity></Point><Point><position>7471</position><in_Quantity.quantity>0.000000</in_Quantity.quantity><out_Quantity.quantity>594.830988</out_Quantity.quantity></Point><Point><position>7472</position><in_Quantity.quantity>0.000000</in_Quantity.quantity><out_Quantity.quantity>313.269719</out_Quantity.quantity></Point><Point><position>7473</position><in_Quantity.quantity>0.000000</in_Quantity.quantity><out_Quantity.quantity>938.632651</out_Quantity.quantity></Point><Point><position>7474</position><in_Quantity.quantity>0.000000</in_Quantity.quantity><out_Quantity.quantity>475.487579</out_Quantity.quantity></Point><Point><position>7475</position><in_Quantity.quantity>0.000000</in_Quantity.quantity><out_Quantity.quantity>527.703521</out_Quantity.quantity></Point><Point><position>7476</position><in_Quantity.quantity>0.000000</in_Quantity.quantity><out_Quantity.quantity>755.121595</out_Quantity.quantity></Point><Point><position>7477</position><in_Quantity.quantity>0.000000</in_Quantity.quantity><out_Quantity.quantity>687.298032</out_Quantity.quantity></Point><Point><position>7478</position><in_Quantity.quantity>0.000000</in_Quantity.quantity><out_Quantity.quantity>477.505063</out_Quantity.quantity></Point><Point><position>7479</position><in_Quantity.quantity>0.000000</in_Quantity.quantity><out_Quantity.quantity>952.876797</out_Quantity.quantity></Point><Point><position>7480</position><in_Quantity.quantity>0.000000</in_Quantity.quantity><out_Quantity.quantity>598.780409</out_Quantity.quantity></Point><Point><position>7481</position><in_Quantity.quantity>0.000000</in_Quantity.quantity><out_Quantity.quantity>75.187983</out_Quantity.quantity></Point><Point><position>7482</position><in_Quantity.quantity>0.000000</in_Quantity.quantity><out_Quantity.quantity>660.217109</out_Quantity.quantity></Point><Point><position>7483</position><in_Quantity.quantity>0.000000</in_Quantity.quantity><out_Quantity.quantity>535.446600</out_Quantity.quantity></Point><Point><position>7484</position><in_Quantity.quantity>0.000000</in_Quantity.quantity><out_Quantity.quantity>717.481197</out_Quantity.quantity></Point><Point><position>7485</position><in_Quantity.quantity>0.000000</in_Quantity.quantity><out_Quantity.quantity>344.605085</out_Quantity.quantity></Point><Point><position>7486</position><in_Quantity.quantity>0.000000</in_Quantity.quantity><out_Quantity.quantity>772.462544</out_Quantity.quantity></Point><Point><position>7487</position><in_Quantity.quantity>0.000000</in_Quantity.quantity><out_Quantity.quantity>129.714027</out_Quantity.quantity></Point><Point><position>7488</position><in_Quantity.quantity>0.000000</in_Quantity.quantity><out_Quantity.quantity>727.220455</out_Quantity.quantity></Point><Point><position>7489</position><in_Quantity.quantity>0.000000</in_Quantity.quantity><out_Quantity.quantity>703.259199</out_Quantity.quantity></Point><Point><position>7490</position><in_Quantity.quantity>0.000000</in_Quantity.quantity><out_Quantity.quantity>957.471799</out_Quantity.quantity></Point><Point><position>7491</position><in_Quantity.quantity>0.000000</in_Quantity.quantity><out_Quantity.quantity>595.093775</out_Quantity.quantity></Point><Point><position>7492</position><in_Quantity.quantity>0.000000</in_Quantity.quantity><out_Quantity.quantity>162.416955</out_Quantity.quantity></Point><Point><position>7493</position><in_Quantity.quantity>0.000000</in_Quantity.quantity><out_Quantity.quantity>527.152732</out_Quantity.quantity></Point><Point><position>7494</position><in_Quantity.quantity>0.000000</in_Quantity.quantity><out_Quantity.quantity>710.596618</out_Quantity.quantity></Point><Point><position>7495</position><in_Quantity.quantity>0.000000</in_Quantity.quantity><out_Quantity.quantity>899.294228</out_Quantity.quantity></Point><Point><position>7496</position><in_Quantity.quantity>0.000000</in_Quantity.quantity><out_Quantity.quantity>393.957857</out_Quantity.quantity></Point><Point><position>7497</position><in_Quantity.quantity>0.000000</in_Quantity.quantity><out_Quantity.quantity>442.832497</out_Quantity.quantity></Point><Point><position>7498</position><in_Quantity.quantity>0.000000</in_Quantity.quantity><out_Quantity.quantity>64.668483</out_Quantity.quantity></Point><Point><position>7499</position><in_Quantity.quantity>0.000000</in_Quantity.quantity><out_Quantity.quantity>661.263334</out_Quantity.quantity></Point><Point><position>7500</position><in_Quantity.quantity>0.000000</in_Quantity.quantity><out_Quantity.quantity>357.729449</out_Quantity.quantity></Point><Point><position>7501</position><in_Quantity.quantity>0.000000</in_Quantity.quantity><out_Quantity.quantity>407.889968</out_Quantity.quantity></Point><Point><position>7502</position><in_Quantity.quantity>0.000000</in_Quantity.quantity><out_Quantity.quantity>49.091410</out_Quantity.quantity></Point><Point><position>7503</position><in_Quantity.quantity>0.000000</in_Quantity.quantity><out_Quantity.quantity>455.210413</out_Quantity.quantity></Point><Point><position>7504</position><in_Quantity.quantity>0.000000</in_Quantity.quantity><out_Quantity.quantity>795.303587</out_Quantity.quantity></Point><Point><position>7505</position><in_Quantity.quantity>0.000000</in_Quantity.quantity><out_Quantity.quantity>608.782947</out_Quantity.quantity></Point><Point><position>7506</position><in_Quantity.quantity>0.000000</in_Quantity.quantity><out_Quantity.quantity>646.149550</out_Quantity.quantity></Point><Point><position>7507</position><in_Quantity.quantity>0.000000</in_Quantity.quantity><out_Quantity.quantity>608.709290</out_Quantity.quantity></Point><Point><position>7508</position><in_Quantity.quantity>0.000000</in_Quantity.quantity><out_Quantity.quantity>96.661529</out_Quantity.quantity></Point><Point><position>7509</position><in_Quantity.quantity>0.000000</in_Quantity.quantity><out_Quantity.quantity>395.366970</out_Quantity.quantity></Point><Point><position>7510</position><in_Quantity.quantity>0.000000</in_Quantity.quantity><out_Quantity.quantity>577.296489</out_Quantity.quantity></Point><Point><position>7511</position><in_Quantity.quantity>0.000000</in_Quantity.quantity><out_Quantity.quantity>222.594431</out_Quantity.quantity></Point><Point><position>7512</position><in_Quantity.quantity>0.000000</in_Quantity.quantity><out_Quantity.quantity>309.691043</out_Quantity.quantity></Point><Point><position>7513</position><in_Quantity.quantity>0.000000</in_Quantity.quantity><out_Quantity.quantity>416.436369</out_Quantity.quantity></Point><Point><position>7514</position><in_Quantity.quantity>0.000000</in_Quantity.quantity><out_Quantity.quantity>555.222283</out_Quantity.quantity></Point><Point><position>7515</position><in_Quantity.quantity>0.000000</in_Quantity.quantity><out_Quantity.quantity>172.883642</out_Quantity.quantity></Point><Point><position>7516</position><in_Quantity.quantity>0.000000</in_Quantity.quantity><out_Quantity.quantity>262.630288</out_Quantity.quantity></Point><Point><position>7517</position><in_Quantity.quantity>0.000000</in_Quantity.quantity><out_Quantity.quantity>592.003336</out_Quantity.quantity></Point><Point><position>7518</position><in_Quantity.quantity>0.000000</in_Quantity.quantity><out_Quantity.quantity>171.080590</out_Quantity.quantity></Point><Point><position>7519</position><in_Quantity.quantity>0.000000</in_Quantity.quantity><out_Quantity.quantity>288.415805</out_Quantity.quantity></Point><Point><position>7520</position><in_Quantity.quantity>0.000000</in_Quantity.quantity><out_Quantity.quantity>703.785778</out_Quantity.quantity></Point><Point><position>7521</position><in_Quantity.quantity>0.000000</in_Quantity.quantity><out_Quantity.quantity>875.329390</out_Quantity.quantity></Point><Point><position>7522</position><in_Quantity.quantity>0.000000</in_Quantity.quantity><out_Quantity.quantity>350.927490</out_Quantity.quantity></Point><Point><position>7523</position><in_Quantity.quantity>0.000000</in_Quantity.quantity><out_Quantity.quantity>872.091690</out_Quantity.quantity></Point><Point><position>7524</position><in_Quantity.quantity>0.000000</in_Quantity.quantity><out_Quantity.quantity>796.460621</out_Quantity.quantity></Point><Point><position>7525</position><in_Quantity.quantity>0.000000</in_Quantity.quantity><out_Quantity.quantity>218.865754</out_Quantity.quantity></Point><Point><position>7526</position><in_Quantity.quantity>0.000000</in_Quantity.quantity><out_Quantity.quantity>307.762280</out_Quantity.quantity></Point><Point><position>7527</position><in_Quantity.quantity>0.000000</in_Quantity.quantity><out_Quantity.quantity>239.762345</out_Quantity.quantity></Point><Point><position>7528</position><in_Quantity.quantity>0.000000</in_Quantity.quantity><out_Quantity.quantity>55.994546</out_Quantity.quantity></Point><Point><position>7529</position><in_Quantity.quantity>0.000000</in_Quantity.quantity><out_Quantity.quantity>491.859763</out_Quantity.quantity></Point><Point><position>7530</position><in_Quantity.quantity>0.000000</in_Quantity.quantity><out_Quantity.quantity>921.527095</out_Quantity.quantity></Point><Point><position>7531</position><in_Quantity.quantity>0.000000</in_Quantity.quantity><out_Quantity.quantity>203.142008</out_Quantity.quantity></Point><Point><position>7532</position><in_Quantity.quantity>0.000000</in_Quantity.quantity><out_Quantity.quantity>52.862853</out_Quantity.quantity></Point><Point><position>7533</position><in_Quantity.quantity>0.000000</in_Quantity.quantity><out_Quantity.quantity>530.911371</out_Quantity.quantity></Point><Point><position>7534</position><in_Quantity.quantity>0.000000</in_Quantity.quantity><out_Quantity.quantity>203.721037</out_Quantity.quantity></Point><Point><position>7535</position><in_Quantity.quantity>0.000000</in_Quantity.quantity><out_Quantity.quantity>581.936424</out_Quantity.quantity></Point><Point><position>7536</position><in_Quantity.quantity>0.000000</in_Quantity.quantity><out_Quantity.quantity>231.298966</out_Quantity.quantity></Point><Point><position>7537</position><in_Quantity.quantity>0.000000</in_Quantity.quantity><out_Quantity.quantity>83.915024</out_Quantity.quantity></Point><Point><position>7538</position><in_Quantity.quantity>0.000000</in_Quantity.quantity><out_Quantity.quantity>863.873203</out_Quantity.quantity></Point><Point><position>7539</position><in_Quantity.quantity>0.000000</in_Quantity.quantity><out_Quantity.quantity>514.599528</out_Quantity.quantity></Point><Point><position>7540</position><in_Quantity.quantity>0.000000</in_Quantity.quantity><out_Quantity.quantity>384.165351</out_Quantity.quantity></Point><Point><position>7541</position><in_Quantity.quantity>0.000000</in_Quantity.quantity><out_Quantity.quantity>667.345827</out_Quantity.quantity></Point><Point><position>7542</position><in_Quantity.quantity>0.000000</in_Quantity.quantity><out_Quantity.quantity>966.603740</out_Quantity.quantity></Point><Point><position>7543</position><in_Quantity.quantity>0.000000</in_Quantity.quantity><out_Quantity.quantity>240.835307</out_Quantity.quantity></Point><Point><position>7544</position><in_Quantity.quantity>0.000000</in_Quantity.quantity><out_Quantity.quantity>468.162535</out_Quantity.quantity></Point><Point><position>7545</position><in_Quantity.quantity>0.000000</in_Quantity.quantity><out_Quantity.quantity>176.632539</out_Quantity.quantity></Point><Point><position>7546</position><in_Quantity.quantity>0.000000</in_Quantity.quantity><out_Quantity.quantity>249.087380</out_Quantity.quantity></Point><Point><position>7547</position><in_Quantity.quantity>0.000000</in_Quantity.quantity><out_Quantity.quantity>45.285997</out_Quantity.quantity></Point><Point><position>7548</position><in_Quantity.quantity>0.000000</in_Quantity.quantity><out_Quantity.quantity>362.012865</out_Quantity.quantity></Point><Point><position>7549</position><in_Quantity.quantity>0.000000</in_Quantity.quantity><out_Quantity.quantity>195.626370</out_Quantity.quantity></Point><Point><position>7550</position><in_Quantity.quantity>0.000000</in_Quantity.quantity><out_Quantity.quantity>752.425207</out_Quantity.quantity></Point><Point><position>7551</position><in_Quantity.quantity>0.000000</in_Quantity.quantity><out_Quantity.quantity>642.907880</out_Quantity.quantity></Point><Point><position>7552</position><in_Quantity.quantity>0.000000</in_Quantity.quantity><out_Quantity.quantity>400.515873</out_Quantity.quantity></Point><Point><position>7553</position><in_Quantity.quantity>0.000000</in_Quantity.quantity><out_Quantity.quantity>930.570662</out_Quantity.quantity></Point><Point><position>7554</position><in_Quantity.quantity>0.000000</in_Quantity.quantity><out_Quantity.quantity>697.468085</out_Quantity.quantity></Point><Point><position>7555</position><in_Quantity.quantity>0.000000</in_Quantity.quantity><out_Quantity.quantity>100.503453</out_Quantity.quantity></Point><Point><position>7556</position><in_Quantity.quantity>0.000000</in_Quantity.quantity><out_Quantity.quantity>124.970273</out_Quantity.quantity></Point><Point><position>7557</position><in_Quantity.quantity>0.000000</in_Quantity.quantity><out_Quantity.quantity>351.510146</out_Quantity.quantity></Point><Point><position>7558</position><in_Quantity.quantity>0.000000</in_Quantity.quantity><out_Quantity.quantity>925.362585</out_Quantity.quantity></Point><Point><position>7559</position><in_Quantity.quantity>0.000000</in_Quantity.quantity><out_Quantity.quantity>346.924898</out_Quantity.quantity></Point><Point><position>7560</position><in_Quantity.quantity>0.000000</in_Quantity.quantity><out_Quantity.quantity>903.007658</out_Quantity.quantity></Point><Point><position>7561</position><in_Quantity.quantity>0.000000</in_Quantity.quantity><out_Quantity.quantity>797.012114</out_Quantity.quantity></Point><Point><position>7562</position><in_Quantity.quantity>0.000000</in_Quantity.quantity><out_Quantity.quantity>100.976980</out_Quantity.quantity></Point><Point><position>7563</position><in_Quantity.quantity>0.000000</in_Quantity.quantity><out_Quantity.quantity>623.174922</out_Quantity.quantity></Point><Point><position>7564</position><in_Quantity.quantity>0.000000</in_Quantity.quantity><out_Quantity.quantity>652.988054</out_Quantity.quantity></Point><Point><position>7565</position><in_Quantity.quantity>0.000000</in_Quantity.quantity><out_Quantity.quantity>920.560314</out_Quantity.quantity></Point><Point><position>7566</position><in_Quantity.quantity>0.000000</in_Quantity.quantity><out_Quantity.quantity>549.698295</out_Quantity.quantity></Point><Point><position>7567</position><in_Quantity.quantity>0.000000</in_Quantity.quantity><out_Quantity.quantity>105.550100</out_Quantity.quantity></Point><Point><position>7568</position><in_Quantity.quantity>0.000000</in_Quantity.quantity><out_Quantity.quantity>847.626946</out_Quantity.quantity></Point><Point><position>7569</position><in_Quantity.quantity>0.000000</in_Quantity.quantity><out_Quantity.quantity>956.334486</out_Quantity.quantity></Point><Point><position>7570</position><in_Quantity.quantity>0.000000</in_Quantity.quantity><out_Quantity.quantity>168.620127</out_Quantity.quantity></Point><Point><position>7571</position><in_Quantity.quantity>0.000000</in_Quantity.quantity><out_Quantity.quantity>150.880327</out_Quantity.quantity></Point><Point><position>7572</position><in_Quantity.quantity>0.000000</in_Quantity.quantity><out_Quantity.quantity>455.086900</out_Quantity.quantity></Point><Point><position>7573</position><in_Quantity.quantity>0.000000</in_Quantity.quantity><out_Quantity.quantity>170.344292</out_Quantity.quantity></Point><Point><position>7574</position><in_Quantity.quantity>0.000000</in_Quantity.quantity><out_Quantity.quantity>635.693944</out_Quantity.quantity></Point><Point><position>7575</position><in_Quantity.quantity>0.000000</in_Quantity.quantity><out_Quantity.quantity>202.310514</out_Quantity.quantity></Point><Point><position>7576</position><in_Quantity.quantity>0.000000</in_Quantity.quantity><out_Quantity.quantity>150.140702</out_Quantity.quantity></Point><Point><position>7577</position><in_Quantity.quantity>0.000000</in_Quantity.quantity><out_Quantity.quantity>911.131781</out_Quantity.quantity></Point><Point><position>7578</position><in_Quantity.quantity>0.000000</in_Quantity.quantity><out_Quantity.quantity>407.201131</out_Quantity.quantity></Point><Point><position>7579</position><in_Quantity.quantity>0.000000</in_Quantity.quantity><out_Quantity.quantity>16.724250</out_Quantity.quantity></Point><Point><position>7580</position><in_Quantity.quantity>0.000000</in_Quantity.quantity><out_Quantity.quantity>133.395636</out_Quantity.quantity></Point><Point><position>7581</position><in_Quantity.quantity>0.000000</in_Quantity.quantity><out_Quantity.quantity>825.088967</out_Quantity.quantity></Point><Point><position>7582</position><in_Quantity.quantity>0.000000</in_Quantity.quantity><out_Quantity.quantity>206.890487</out_Quantity.quantity></Point><Point><position>7583</position><in_Quantity.quantity>0.000000</in_Quantity.quantity><out_Quantity.quantity>914.808988</out_Quantity.quantity></Point><Point><position>7584</position><in_Quantity.quantity>0.000000</in_Quantity.quantity><out_Quantity.quantity>781.392330</out_Quantity.quantity></Point><Point><position>7585</position><in_Quantity.quantity>0.000000</in_Quantity.quantity><out_Quantity.quantity>925.380584</out_Quantity.quantity></Point><Point><position>7586</position><in_Quantity.quantity>0.000000</in_Quantity.quantity><out_Quantity.quantity>66.853787</out_Quantity.quantity></Point><Point><position>7587</position><in_Quantity.quantity>0.000000</in_Quantity.quantity><out_Quantity.quantity>592.959090</out_Quantity.quantity></Point><Point><position>7588</position><in_Quantity.quantity>0.000000</in_Quantity.quantity><out_Quantity.quantity>985.131069</out_Quantity.quantity></Point><Point><position>7589</position><in_Quantity.quantity>0.000000</in_Quantity.quantity><out_Quantity.quantity>572.999414</out_Quantity.quantity></Point><Point><position>7590</position><in_Quantity.quantity>0.000000</in_Quantity.quantity><out_Quantity.quantity>752.439750</out_Quantity.quantity></Point><Point><position>7591</position><in_Quantity.quantity>0.000000</in_Quantity.quantity><out_Quantity.quantity>233.554547</out_Quantity.quantity></Point><Point><position>7592</position><in_Quantity.quantity>0.000000</in_Quantity.quantity><out_Quantity.quantity>394.744890</out_Quantity.quantity></Point><Point><position>7593</position><in_Quantity.quantity>0.000000</in_Quantity.quantity><out_Quantity.quantity>909.099388</out_Quantity.quantity></Point><Point><position>7594</position><in_Quantity.quantity>0.000000</in_Quantity.quantity><out_Quantity.quantity>634.081053</out_Quantity.quantity></Point><Point><position>7595</position><in_Quantity.quantity>0.000000</in_Quantity.quantity><out_Quantity.quantity>593.422272</out_Quantity.quantity></Point><Point><position>7596</position><in_Quantity.quantity>0.000000</in_Quantity.quantity><out_Quantity.quantity>770.706940</out_Quantity.quantity></Point><Point><position>7597</position><in_Quantity.quantity>0.000000</in_Quantity.quantity><out_Quantity.quantity>455.478634</out_Quantity.quantity></Point><Point><position>7598</position><in_Quantity.quantity>0.000000</in_Quantity.quantity><out_Quantity.quantity>118.096817</out_Quantity.quantity></Point><Point><position>7599</position><in_Quantity.quantity>0.000000</in_Quantity.quantity><out_Quantity.quantity>888.937757</out_Quantity.quantity></Point><Point><position>7600</position><in_Quantity.quantity>0.000000</in_Quantity.quantity><out_Quantity.quantity>907.739428</out_Quantity.quantity></Point><Point><position>7601</position><in_Quantity.quantity>0.000000</in_Quantity.quantity><out_Quantity.quantity>20.956777</out_Quantity.quantity></Point><Point><position>7602</position><in_Quantity.quantity>0.000000</in_Quantity.quantity><out_Quantity.quantity>620.839139</out_Quantity.quantity></Point><Point><position>7603</position><in_Quantity.quantity>0.000000</in_Quantity.quantity><out_Quantity.quantity>716.807902</out_Quantity.quantity></Point><Point><position>7604</position><in_Quantity.quantity>0.000000</in_Quantity.quantity><out_Quantity.quantity>312.090998</out_Quantity.quantity></Point><Point><position>7605</position><in_Quantity.quantity>0.000000</in_Quantity.quantity><out_Quantity.quantity>571.654272</out_Quantity.quantity></Point><Point><position>7606</position><in_Quantity.quantity>0.000000</in_Quantity.quantity><out_Quantity.quantity>940.582575</out_Quantity.quantity></Point><Point><position>7607</position><in_Quantity.quantity>0.000000</in_Quantity.quantity><out_Quantity.quantity>70.746836</out_Quantity.quantity></Point><Point><position>7608</position><in_Quantity.quantity>0.000000</in_Quantity.quantity><out_Quantity.quantity>518.686039</out_Quantity.quantity></Point><Point><position>7609</position><in_Quantity.quantity>0.000000</in_Quantity.quantity><out_Quantity.quantity>113.924521</out_Quantity.quantity></Point><Point><position>7610</position><in_Quantity.quantity>0.000000</in_Quantity.quantity><out_Quantity.quantity>770.264277</out_Quantity.quantity></Point><Point><position>7611</position><in_Quantity.quantity>0.000000</in_Quantity.quantity><out_Quantity.quantity>366.722572</out_Quantity.quantity></Point><Point><position>7612</position><in_Quantity.quantity>0.000000</in_Quantity.quantity><out_Quantity.quantity>87.395502</out_Quantity.quantity></Point><Point><position>7613</position><in_Quantity.quantity>0.000000</in_Quantity.quantity><out_Quantity.quantity>695.356032</out_Quantity.quantity></Point><Point><position>7614</position><in_Quantity.quantity>0.000000</in_Quantity.quantity><out_Quantity.quantity>59.822360</out_Quantity.quantity></Point><Point><position>7615</position><in_Quantity.quantity>0.000000</in_Quantity.quantity><out_Quantity.quantity>165.573871</out_Quantity.quantity></Point><Point><position>7616</position><in_Quantity.quantity>0.000000</in_Quantity.quantity><out_Quantity.quantity>58.985175</out_Quantity.quantity></Point><Point><position>7617</position><in_Quantity.quantity>0.000000</in_Quantity.quantity><out_Quantity.quantity>911.729892</out_Quantity.quantity></Point><Point><position>7618</position><in_Quantity.quantity>0.000000</in_Quantity.quantity><out_Quantity.quantity>11.171460</out_Quantity.quantity></Point><Point><position>7619</position><in_Quantity.quantity>0.000000</in_Quantity.quantity><out_Quantity.quantity>981.803182</out_Quantity.quantity></Point><Point><position>7620</position><in_Quantity.quantity>0.000000</in_Quantity.quantity><out_Quantity.quantity>915.101592</out_Quantity.quantity></Point><Point><position>7621</position><in_Quantity.quantity>0.000000</in_Quantity.quantity><out_Quantity.quantity>206.971239</out_Quantity.quantity></Point><Point><position>7622</position><in_Quantity.quantity>0.000000</in_Quantity.quantity><out_Quantity.quantity>358.978971</out_Quantity.quantity></Point><Point><position>7623</position><in_Quantity.quantity>0.000000</in_Quantity.quantity><out_Quantity.quantity>54.903197</out_Quantity.quantity></Point><Point><position>7624</position><in_Quantity.quantity>0.000000</in_Quantity.quantity><out_Quantity.quantity>925.668845</out_Quantity.quantity></Point><Point><position>7625</position><in_Quantity.quantity>0.000000</in_Quantity.quantity><out_Quantity.quantity>601.340985</out_Quantity.quantity></Point><Point><position>7626</position><in_Quantity.quantity>0.000000</in_Quantity.quantity><out_Quantity.quantity>150.006474</out_Quantity.quantity></Point><Point><position>7627</position><in_Quantity.quantity>0.000000</in_Quantity.quantity><out_Quantity.quantity>34.812373</out_Quantity.quantity></Point><Point><position>7628</position><in_Quantity.quantity>0.000000</in_Quantity.quantity><out_Quantity.quantity>428.332209</out_Quantity.quantity></Point><Point><position>7629</position><in_Quantity.quantity>0.000000</in_Quantity.quantity><out_Quantity.quantity>355.998853</out_Quantity.quantity></Point><Point><position>7630</position><in_Quantity.quantity>0.000000</in_Quantity.quantity><out_Quantity.quantity>63.462335</out_Quantity.quantity></Point><Point><position>7631</position><in_Quantity.quantity>0.000000</in_Quantity.quantity><out_Quantity.quantity>442.020928</out_Quantity.quantity></Point><Point><position>7632</position><in_Quantity.quantity>0.000000</in_Quantity.quantity><out_Quantity.quantity>321.270887</out_Quantity.quantity></Point><Point><position>7633</position><in_Quantity.quantity>0.000000</in_Quantity.quantity><out_Quantity.quantity>852.048244</out_Quantity.quantity></Point><Point><position>7634</position><in_Quantity.quantity>0.000000</in_Quantity.quantity><out_Quantity.quantity>432.014743</out_Quantity.quantity></Point><Point><position>7635</position><in_Quantity.quantity>0.000000</in_Quantity.quantity><out_Quantity.quantity>307.748204</out_Quantity.quantity></Point><Point><position>7636</position><in_Quantity.quantity>0.000000</in_Quantity.quantity><out_Quantity.quantity>110.635866</out_Quantity.quantity></Point><Point><position>7637</position><in_Quantity.quantity>0.000000</in_Quantity.quantity><out_Quantity.quantity>783.610553</out_Quantity.quantity></Point><Point><position>7638</position><in_Quantity.quantity>0.000000</in_Quantity.quantity><out_Quantity.quantity>494.969171</out_Quantity.quantity></Point><Point><position>7639</position><in_Quantity.quantity>0.000000</in_Quantity.quantity><out_Quantity.quantity>250.777052</out_Quantity.quantity></Point><Point><position>7640</position><in_Quantity.quantity>0.000000</in_Quantity.quantity><out_Quantity.quantity>123.174901</out_Quantity.quantity></Point><Point><position>7641</position><in_Quantity.quantity>0.000000</in_Quantity.quantity><out_Quantity.quantity>51.618384</out_Quantity.quantity></Point><Point><position>7642</position><in_Quantity.quantity>0.000000</in_Quantity.quantity><out_Quantity.quantity>950.944770</out_Quantity.quantity></Point><Point><position>7643</position><in_Quantity.quantity>0.000000</in_Quantity.quantity><out_Quantity.quantity>921.941970</out_Quantity.quantity></Point><Point><position>7644</position><in_Quantity.quantity>0.000000</in_Quantity.quantity><out_Quantity.quantity>14.068591</out_Quantity.quantity></Point><Point><position>7645</position><in_Quantity.quantity>0.000000</in_Quantity.quantity><out_Quantity.quantity>102.029041</out_Quantity.quantity></Point><Point><position>7646</position><in_Quantity.quantity>0.000000</in_Quantity.quantity><out_Quantity.quantity>884.784268</out_Quantity.quantity></Point><Point><position>7647</position><in_Quantity.quantity>0.000000</in_Quantity.quantity><out_Quantity.quantity>443.431644</out_Quantity.quantity></Point><Point><position>7648</position><in_Quantity.quantity>0.000000</in_Quantity.quantity><out_Quantity.quantity>613.199198</out_Quantity.quantity></Point><Point><position>7649</position><in_Quantity.quantity>0.000000</in_Quantity.quantity><out_Quantity.quantity>326.082487</out_Quantity.quantity></Point><Point><position>7650</position><in_Quantity.quantity>0.000000</in_Quantity.quantity><out_Quantity.quantity>974.037749</out_Quantity.quantity></Point><Point><position>7651</position><in_Quantity.quantity>0.000000</in_Quantity.quantity><out_Quantity.quantity>609.374893</out_Quantity.quantity></Point><Point><position>7652</position><in_Quantity.quantity>0.000000</in_Quantity.quantity><out_Quantity.quantity>391.102526</out_Quantity.quantity></Point><Point><position>7653</position><in_Quantity.quantity>0.000000</in_Quantity.quantity><out_Quantity.quantity>307.622454</out_Quantity.quantity></Point><Point><position>7654</position><in_Quantity.quantity>0.000000</in_Quantity.quantity><out_Quantity.quantity>991.942293</out_Quantity.quantity></Point><Point><position>7655</position><in_Quantity.quantity>0.000000</in_Quantity.quantity><out_Quantity.quantity>139.307468</out_Quantity.quantity></Point><Point><position>7656</position><in_Quantity.quantity>0.000000</in_Quantity.quantity><out_Quantity.quantity>901.627323</out_Quantity.quantity></Point><Point><position>7657</position><in_Quantity.quantity>0.000000</in_Quantity.quantity><out_Quantity.quantity>661.393111</out_Quantity.quantity></Point><Point><position>7658</position><in_Quantity.quantity>0.000000</in_Quantity.quantity><out_Quantity.quantity>59.767078</out_Quantity.quantity></Point><Point><position>7659</position><in_Quantity.quantity>0.000000</in_Quantity.quantity><out_Quantity.quantity>704.902828</out_Quantity.quantity></Point><Point><position>7660</position><in_Quantity.quantity>0.000000</in_Quantity.quantity><out_Quantity.quantity>916.935079</out_Quantity.quantity></Point><Point><position>7661</position><in_Quantity.quantity>0.000000</in_Quantity.quantity><out_Quantity.quantity>999.361052</out_Quantity.quantity></Point><Point><position>7662</position><in_Quantity.quantity>0.000000</in_Quantity.quantity><out_Quantity.quantity>552.668229</out_Quantity.quantity></Point><Point><position>7663</position><in_Quantity.quantity>0.000000</in_Quantity.quantity><out_Quantity.quantity>511.718874</out_Quantity.quantity></Point><Point><position>7664</position><in_Quantity.quantity>0.000000</in_Quantity.quantity><out_Quantity.quantity>344.879049</out_Quantity.quantity></Point><Point><position>7665</position><in_Quantity.quantity>0.000000</in_Quantity.quantity><out_Quantity.quantity>564.110535</out_Quantity.quantity></Point><Point><position>7666</position><in_Quantity.quantity>0.000000</in_Quantity.quantity><out_Quantity.quantity>89.731175</out_Quantity.quantity></Point><Point><position>7667</position><in_Quantity.quantity>0.000000</in_Quantity.quantity><out_Quantity.quantity>830.565550</out_Quantity.quantity></Point><Point><position>7668</position><in_Quantity.quantity>0.000000</in_Quantity.quantity><out_Quantity.quantity>886.354057</out_Quantity.quantity></Point><Point><position>7669</position><in_Quantity.quantity>0.000000</in_Quantity.quantity><out_Quantity.quantity>736.114828</out_Quantity.quantity></Point><Point><position>7670</position><in_Quantity.quantity>0.000000</in_Quantity.quantity><out_Quantity.quantity>204.442066</out_Quantity.quantity></Point><Point><position>7671</position><in_Quantity.quantity>0.000000</in_Quantity.quantity><out_Quantity.quantity>582.495939</out_Quantity.quantity></Point><Point><position>7672</position><in_Quantity.quantity>0.000000</in_Quantity.quantity><out_Quantity.quantity>53.500918</out_Quantity.quantity></Point><Point><position>7673</position><in_Quantity.quantity>0.000000</in_Quantity.quantity><out_Quantity.quantity>812.934113</out_Quantity.quantity></Point><Point><position>7674</position><in_Quantity.quantity>0.000000</in_Quantity.quantity><out_Quantity.quantity>977.913402</out_Quantity.quantity></Point><Point><position>7675</position><in_Quantity.quantity>0.000000</in_Quantity.quantity><out_Quantity.quantity>485.472742</out_Quantity.quantity></Point><Point><position>7676</position><in_Quantity.quantity>0.000000</in_Quantity.quantity><out_Quantity.quantity>43.076860</out_Quantity.quantity></Point><Point><position>7677</position><in_Quantity.quantity>0.000000</in_Quantity.quantity><out_Quantity.quantity>791.093211</out_Quantity.quantity></Point><Point><position>7678</position><in_Quantity.quantity>0.000000</in_Quantity.quantity><out_Quantity.quantity>800.481500</out_Quantity.quantity></Point><Point><position>7679</position><in_Quantity.quantity>0.000000</in_Quantity.quantity><out_Quantity.quantity>514.223613</out_Quantity.quantity></Point><Point><position>7680</position><in_Quantity.quantity>0.000000</in_Quantity.quantity><out_Quantity.quantity>236.022345</out_Quantity.quantity></Point><Point><position>7681</position><in_Quantity.quantity>0.000000</in_Quantity.quantity><out_Quantity.quantity>17.828402</out_Quantity.quantity></Point><Point><position>7682</position><in_Quantity.quantity>0.000000</in_Quantity.quantity><out_Quantity.quantity>531.765330</out_Quantity.quantity></Point><Point><position>7683</position><in_Quantity.quantity>0.000000</in_Quantity.quantity><out_Quantity.quantity>923.874245</out_Quantity.quantity></Point><Point><position>7684</position><in_Quantity.quantity>0.000000</in_Quantity.quantity><out_Quantity.quantity>934.633954</out_Quantity.quantity></Point><Point><position>7685</position><in_Quantity.quantity>0.000000</in_Quantity.quantity><out_Quantity.quantity>574.081616</out_Quantity.quantity></Point><Point><position>7686</position><in_Quantity.quantity>0.000000</in_Quantity.quantity><out_Quantity.quantity>849.730940</out_Quantity.quantity></Point><Point><position>7687</position><in_Quantity.quantity>0.000000</in_Quantity.quantity><out_Quantity.quantity>664.325705</out_Quantity.quantity></Point><Point><position>7688</position><in_Quantity.quantity>0.000000</in_Quantity.quantity><out_Quantity.quantity>379.289004</out_Quantity.quantity></Point><Point><position>7689</position><in_Quantity.quantity>0.000000</in_Quantity.quantity><out_Quantity.quantity>25.908684</out_Quantity.quantity></Point><Point><position>7690</position><in_Quantity.quantity>0.000000</in_Quantity.quantity><out_Quantity.quantity>124.458395</out_Quantity.quantity></Point><Point><position>7691</position><in_Quantity.quantity>0.000000</in_Quantity.quantity><out_Quantity.quantity>711.135820</out_Quantity.quantity></Point><Point><position>7692</position><in_Quantity.quantity>0.000000</in_Quantity.quantity><out_Quantity.quantity>96.535634</out_Quantity.quantity></Point><Point><position>7693</position><in_Quantity.quantity>0.000000</in_Quantity.quantity><out_Quantity.quantity>630.655612</out_Quantity.quantity></Point><Point><position>7694</position><in_Quantity.quantity>0.000000</in_Quantity.quantity><out_Quantity.quantity>767.400903</out_Quantity.quantity></Point><Point><position>7695</position><in_Quantity.quantity>0.000000</in_Quantity.quantity><out_Quantity.quantity>251.437497</out_Quantity.quantity></Point><Point><position>7696</position><in_Quantity.quantity>0.000000</in_Quantity.quantity><out_Quantity.quantity>89.210108</out_Quantity.quantity></Point><Point><position>7697</position><in_Quantity.quantity>0.000000</in_Quantity.quantity><out_Quantity.quantity>781.106066</out_Quantity.quantity></Point><Point><position>7698</position><in_Quantity.quantity>0.000000</in_Quantity.quantity><out_Quantity.quantity>842.262404</out_Quantity.quantity></Point><Point><position>7699</position><in_Quantity.quantity>0.000000</in_Quantity.quantity><out_Quantity.quantity>388.063181</out_Quantity.quantity></Point><Point><position>7700</position><in_Quantity.quantity>0.000000</in_Quantity.quantity><out_Quantity.quantity>894.443001</out_Quantity.quantity></Point><Point><position>7701</position><in_Quantity.quantity>0.000000</in_Quantity.quantity><out_Quantity.quantity>578.820207</out_Quantity.quantity></Point><Point><position>7702</position><in_Quantity.quantity>0.000000</in_Quantity.quantity><out_Quantity.quantity>663.032890</out_Quantity.quantity></Point><Point><position>7703</position><in_Quantity.quantity>0.000000</in_Quantity.quantity><out_Quantity.quantity>929.056112</out_Quantity.quantity></Point><Point><position>7704</position><in_Quantity.quantity>0.000000</in_Quantity.quantity><out_Quantity.quantity>434.707980</out_Quantity.quantity></Point><Point><position>7705</position><in_Quantity.quantity>0.000000</in_Quantity.quantity><out_Quantity.quantity>43.034645</out_Quantity.quantity></Point><Point><position>7706</position><in_Quantity.quantity>0.000000</in_Quantity.quantity><out_Quantity.quantity>671.118398</out_Quantity.quantity></Point><Point><position>7707</position><in_Quantity.quantity>0.000000</in_Quantity.quantity><out_Quantity.quantity>621.279318</out_Quantity.quantity></Point><Point><position>7708</position><in_Quantity.quantity>0.000000</in_Quantity.quantity><out_Quantity.quantity>354.537430</out_Quantity.quantity></Point><Point><position>7709</position><in_Quantity.quantity>0.000000</in_Quantity.quantity><out_Quantity.quantity>923.782896</out_Quantity.quantity></Point><Point><position>7710</position><in_Quantity.quantity>0.000000</in_Quantity.quantity><out_Quantity.quantity>771.587091</out_Quantity.quantity></Point><Point><position>7711</position><in_Quantity.quantity>0.000000</in_Quantity.quantity><out_Quantity.quantity>441.863091</out_Quantity.quantity></Point><Point><position>7712</position><in_Quantity.quantity>0.000000</in_Quantity.quantity><out_Quantity.quantity>786.667353</out_Quantity.quantity></Point><Point><position>7713</position><in_Quantity.quantity>0.000000</in_Quantity.quantity><out_Quantity.quantity>176.955708</out_Quantity.quantity></Point><Point><position>7714</position><in_Quantity.quantity>0.000000</in_Quantity.quantity><out_Quantity.quantity>818.338593</out_Quantity.quantity></Point><Point><position>7715</position><in_Quantity.quantity>0.000000</in_Quantity.quantity><out_Quantity.quantity>651.769822</out_Quantity.quantity></Point><Point><position>7716</position><in_Quantity.quantity>0.000000</in_Quantity.quantity><out_Quantity.quantity>623.687972</out_Quantity.quantity></Point><Point><position>7717</position><in_Quantity.quantity>0.000000</in_Quantity.quantity><out_Quantity.quantity>172.850330</out_Quantity.quantity></Point><Point><position>7718</position><in_Quantity.quantity>0.000000</in_Quantity.quantity><out_Quantity.quantity>83.585493</out_Quantity.quantity></Point><Point><position>7719</position><in_Quantity.quantity>0.000000</in_Quantity.quantity><out_Quantity.quantity>420.326237</out_Quantity.quantity></Point><Point><position>7720</position><in_Quantity.quantity>0.000000</in_Quantity.quantity><out_Quantity.quantity>608.848516</out_Quantity.quantity></Point><Point><position>7721</position><in_Quantity.quantity>0.000000</in_Quantity.quantity><out_Quantity.quantity>480.489710</out_Quantity.quantity></Point><Point><position>7722</position><in_Quantity.quantity>0.000000</in_Quantity.quantity><out_Quantity.quantity>834.343372</out_Quantity.quantity></Point><Point><position>7723</position><in_Quantity.quantity>0.000000</in_Quantity.quantity><out_Quantity.quantity>898.777398</out_Quantity.quantity></Point><Point><position>7724</position><in_Quantity.quantity>0.000000</in_Quantity.quantity><out_Quantity.quantity>566.691290</out_Quantity.quantity></Point><Point><position>7725</position><in_Quantity.quantity>0.000000</in_Quantity.quantity><out_Quantity.quantity>491.002383</out_Quantity.quantity></Point><Point><position>7726</position><in_Quantity.quantity>0.000000</in_Quantity.quantity><out_Quantity.quantity>583.232748</out_Quantity.quantity></Point><Point><position>7727</position><in_Quantity.quantity>0.000000</in_Quantity.quantity><out_Quantity.quantity>887.774490</out_Quantity.quantity></Point><Point><position>7728</position><in_Quantity.quantity>0.000000</in_Quantity.quantity><out_Quantity.quantity>936.912509</out_Quantity.quantity></Point><Point><position>7729</position><in_Quantity.quantity>0.000000</in_Quantity.quantity><out_Quantity.quantity>288.374457</out_Quantity.quantity></Point><Point><position>7730</position><in_Quantity.quantity>0.000000</in_Quantity.quantity><out_Quantity.quantity>642.652619</out_Quantity.quantity></Point><Point><position>7731</position><in_Quantity.quantity>0.000000</in_Quantity.quantity><out_Quantity.quantity>286.546902</out_Quantity.quantity></Point><Point><position>7732</position><in_Quantity.quantity>0.000000</in_Quantity.quantity><out_Quantity.quantity>394.381746</out_Quantity.quantity></Point><Point><position>7733</position><in_Quantity.quantity>0.000000</in_Quantity.quantity><out_Quantity.quantity>331.332401</out_Quantity.quantity></Point><Point><position>7734</position><in_Quantity.quantity>0.000000</in_Quantity.quantity><out_Quantity.quantity>125.468724</out_Quantity.quantity></Point><Point><position>7735</position><in_Quantity.quantity>0.000000</in_Quantity.quantity><out_Quantity.quantity>560.119539</out_Quantity.quantity></Point><Point><position>7736</position><in_Quantity.quantity>0.000000</in_Quantity.quantity><out_Quantity.quantity>667.547502</out_Quantity.quantity></Point><Point><position>7737</position><in_Quantity.quantity>0.000000</in_Quantity.quantity><out_Quantity.quantity>338.311885</out_Quantity.quantity></Point><Point><position>7738</position><in_Quantity.quantity>0.000000</in_Quantity.quantity><out_Quantity.quantity>231.713328</out_Quantity.quantity></Point><Point><position>7739</position><in_Quantity.quantity>0.000000</in_Quantity.quantity><out_Quantity.quantity>478.680340</out_Quantity.quantity></Point><Point><position>7740</position><in_Quantity.quantity>0.000000</in_Quantity.quantity><out_Quantity.quantity>445.610611</out_Quantity.quantity></Point><Point><position>7741</position><in_Quantity.quantity>0.000000</in_Quantity.quantity><out_Quantity.quantity>384.351417</out_Quantity.quantity></Point><Point><position>7742</position><in_Quantity.quantity>0.000000</in_Quantity.quantity><out_Quantity.quantity>189.518097</out_Quantity.quantity></Point><Point><position>7743</position><in_Quantity.quantity>0.000000</in_Quantity.quantity><out_Quantity.quantity>10.734536</out_Quantity.quantity></Point><Point><position>7744</position><in_Quantity.quantity>0.000000</in_Quantity.quantity><out_Quantity.quantity>69.859779</out_Quantity.quantity></Point><Point><position>7745</position><in_Quantity.quantity>0.000000</in_Quantity.quantity><out_Quantity.quantity>108.439622</out_Quantity.quantity></Point><Point><position>7746</position><in_Quantity.quantity>0.000000</in_Quantity.quantity><out_Quantity.quantity>634.762040</out_Quantity.quantity></Point><Point><position>7747</position><in_Quantity.quantity>0.000000</in_Quantity.quantity><out_Quantity.quantity>119.484781</out_Quantity.quantity></Point><Point><position>7748</position><in_Quantity.quantity>0.000000</in_Quantity.quantity><out_Quantity.quantity>796.679468</out_Quantity.quantity></Point><Point><position>7749</position><in_Quantity.quantity>0.000000</in_Quantity.quantity><out_Quantity.quantity>604.583799</out_Quantity.quantity></Point><Point><position>7750</position><in_Quantity.quantity>0.000000</in_Quantity.quantity><out_Quantity.quantity>804.476970</out_Quantity.quantity></Point><Point><position>7751</position><in_Quantity.quantity>0.000000</in_Quantity.quantity><out_Quantity.quantity>435.606530</out_Quantity.quantity></Point><Point><position>7752</position><in_Quantity.quantity>0.000000</in_Quantity.quantity><out_Quantity.quantity>103.784838</out_Quantity.quantity></Point><Point><position>7753</position><in_Quantity.quantity>0.000000</in_Quantity.quantity><out_Quantity.quantity>6.822541</out_Quantity.quantity></Point><Point><position>7754</position><in_Quantity.quantity>0.000000</in_Quantity.quantity><out_Quantity.quantity>277.227845</out_Quantity.quantity></Point><Point><position>7755</position><in_Quantity.quantity>0.000000</in_Quantity.quantity><out_Quantity.quantity>243.120805</out_Quantity.quantity></Point><Point><position>7756</position><in_Quantity.quantity>0.000000</in_Quantity.quantity><out_Quantity.quantity>589.830471</out_Quantity.quantity></Point><Point><position>7757</position><in_Quantity.quantity>0.000000</in_Quantity.quantity><out_Quantity.quantity>705.208786</out_Quantity.quantity></Point><Point><position>7758</position><in_Quantity.quantity>0.000000</in_Quantity.quantity><out_Quantity.quantity>285.417115</out_Quantity.quantity></Point><Point><position>7759</position><in_Quantity.quantity>0.000000</in_Quantity.quantity><out_Quantity.quantity>984.640287</out_Quantity.quantity></Point><Point><position>7760</position><in_Quantity.quantity>0.000000</in_Quantity.quantity><out_Quantity.quantity>405.246542</out_Quantity.quantity></Point><Point><position>7761</position><in_Quantity.quantity>0.000000</in_Quantity.quantity><out_Quantity.quantity>576.550597</out_Quantity.quantity></Point><Point><position>7762</position><in_Quantity.quantity>0.000000</in_Quantity.quantity><out_Quantity.quantity>49.454432</out_Quantity.quantity></Point><Point><position>7763</position><in_Quantity.quantity>0.000000</in_Quantity.quantity><out_Quantity.quantity>472.877546</out_Quantity.quantity></Point><Point><position>7764</position><in_Quantity.quantity>0.000000</in_Quantity.quantity><out_Quantity.quantity>249.928883</out_Quantity.quantity></Point><Point><position>7765</position><in_Quantity.quantity>0.000000</in_Quantity.quantity><out_Quantity.quantity>871.943347</out_Quantity.quantity></Point><Point><position>7766</position><in_Quantity.quantity>0.000000</in_Quantity.quantity><out_Quantity.quantity>818.052284</out_Quantity.quantity></Point><Point><position>7767</position><in_Quantity.quantity>0.000000</in_Quantity.quantity><out_Quantity.quantity>92.676643</out_Quantity.quantity></Point><Point><position>7768</position><in_Quantity.quantity>0.000000</in_Quantity.quantity><out_Quantity.quantity>56.438767</out_Quantity.quantity></Point><Point><position>7769</position><in_Quantity.quantity>0.000000</in_Quantity.quantity><out_Quantity.quantity>986.721138</out_Quantity.quantity></Point><Point><position>7770</position><in_Quantity.quantity>0.000000</in_Quantity.quantity><out_Quantity.quantity>927.241878</out_Quantity.quantity></Point><Point><position>7771</position><in_Quantity.quantity>0.000000</in_Quantity.quantity><out_Quantity.quantity>25.108383</out_Quantity.quantity></Point><Point><position>7772</position><in_Quantity.quantity>0.000000</in_Quantity.quantity><out_Quantity.quantity>574.861170</out_Quantity.quantity></Point><Point><position>7773</position><in_Quantity.quantity>0.000000</in_Quantity.quantity><out_Quantity.quantity>338.057519</out_Quantity.quantity></Point><Point><position>7774</position><in_Quantity.quantity>0.000000</in_Quantity.quantity><out_Quantity.quantity>128.518101</out_Quantity.quantity></Point><Point><position>7775</position><in_Quantity.quantity>0.000000</in_Quantity.quantity><out_Quantity.quantity>926.616239</out_Quantity.quantity></Point><Point><position>7776</position><in_Quantity.quantity>0.000000</in_Quantity.quantity><out_Quantity.quantity>605.114077</out_Quantity.quantity></Point><Point><position>7777</position><in_Quantity.quantity>0.000000</in_Quantity.quantity><out_Quantity.quantity>965.789328</out_Quantity.quantity></Point><Point><position>7778</position><in_Quantity.quantity>0.000000</in_Quantity.quantity><out_Quantity.quantity>989.370321</out_Quantity.quantity></Point><Point><position>7779</position><in_Quantity.quantity>0.000000</in_Quantity.quantity><out_Quantity.quantity>313.534723</out_Quantity.quantity></Point><Point><position>7780</position><in_Quantity.quantity>0.000000</in_Quantity.quantity><out_Quantity.quantity>579.276573</out_Quantity.quantity></Point><Point><position>7781</position><in_Quantity.quantity>0.000000</in_Quantity.quantity><out_Quantity.quantity>932.601625</out_Quantity.quantity></Point><Point><position>7782</position><in_Quantity.quantity>0.000000</in_Quantity.quantity><out_Quantity.quantity>723.548506</out_Quantity.quantity></Point><Point><position>7783</position><in_Quantity.quantity>0.000000</in_Quantity.quantity><out_Quantity.quantity>765.013727</out_Quantity.quantity></Point><Point><position>7784</position><in_Quantity.quantity>0.000000</in_Quantity.quantity><out_Quantity.quantity>962.664634</out_Quantity.quantity></Point><Point><position>7785</position><in_Quantity.quantity>0.000000</in_Quantity.quantity><out_Quantity.quantity>628.073713</out_Quantity.quantity></Point><Point><position>7786</position><in_Quantity.quantity>0.000000</in_Quantity.quantity><out_Quantity.quantity>728.324003</out_Quantity.quantity></Point><Point><position>7787</position><in_Quantity.quantity>0.000000</in_Quantity.quantity><out_Quantity.quantity>693.443076</out_Quantity.quantity></Point><Point><position>7788</position><in_Quantity.quantity>0.000000</in_Quantity.quantity><out_Quantity.quantity>795.246665</out_Quantity.quantity></Point><Point><position>7789</position><in_Quantity.quantity>0.000000</in_Quantity.quantity><out_Quantity.quantity>121.024528</out_Quantity.quantity></Point><Point><position>7790</position><in_Quantity.quantity>0.000000</in_Quantity.quantity><out_Quantity.quantity>994.106604</out_Quantity.quantity></Point><Point><position>7791</position><in_Quantity.quantity>0.000000</in_Quantity.quantity><out_Quantity.quantity>50.496783</out_Quantity.quantity></Point><Point><position>7792</position><in_Quantity.quantity>0.000000</in_Quantity.quantity><out_Quantity.quantity>804.785890</out_Quantity.quantity></Point><Point><position>7793</position><in_Quantity.quantity>0.000000</in_Quantity.quantity><out_Quantity.quantity>643.784993</out_Quantity.quantity></Point><Point><position>7794</position><in_Quantity.quantity>0.000000</in_Quantity.quantity><out_Quantity.quantity>519.169131</out_Quantity.quantity></Point><Point><position>7795</position><in_Quantity.quantity>0.000000</in_Quantity.quantity><out_Quantity.quantity>71.837835</out_Quantity.quantity></Point><Point><position>7796</position><in_Quantity.quantity>0.000000</in_Quantity.quantity><out_Quantity.quantity>668.168617</out_Quantity.quantity></Point><Point><position>7797</position><in_Quantity.quantity>0.000000</in_Quantity.quantity><out_Quantity.quantity>675.039486</out_Quantity.quantity></Point><Point><position>7798</position><in_Quantity.quantity>0.000000</in_Quantity.quantity><out_Quantity.quantity>606.037711</out_Quantity.quantity></Point><Point><position>7799</position><in_Quantity.quantity>0.000000</in_Quantity.quantity><out_Quantity.quantity>486.210191</out_Quantity.quantity></Point><Point><position>7800</position><in_Quantity.quantity>0.000000</in_Quantity.quantity><out_Quantity.quantity>533.845810</out_Quantity.quantity></Point><Point><position>7801</position><in_Quantity.quantity>0.000000</in_Quantity.quantity><out_Quantity.quantity>57.827313</out_Quantity.quantity></Point><Point><position>7802</position><in_Quantity.quantity>0.000000</in_Quantity.quantity><out_Quantity.quantity>474.794558</out_Quantity.quantity></Point><Point><position>7803</position><in_Quantity.quantity>0.000000</in_Quantity.quantity><out_Quantity.quantity>925.805917</out_Quantity.quantity></Point><Point><position>7804</position><in_Quantity.quantity>0.000000</in_Quantity.quantity><out_Quantity.quantity>652.375646</out_Quantity.quantity></Point><Point><position>7805</position><in_Quantity.quantity>0.000000</in_Quantity.quantity><out_Quantity.quantity>52.288611</out_Quantity.quantity></Point><Point><position>7806</position><in_Quantity.quantity>0.000000</in_Quantity.quantity><out_Quantity.quantity>370.095339</out_Quantity.quantity></Point><Point><position>7807</position><in_Quantity.quantity>0.000000</in_Quantity.quantity><out_Quantity.quantity>920.414021</out_Quantity.quantity></Point><Point><position>7808</position><in_Quantity.quantity>0.000000</in_Quantity.quantity><out_Quantity.quantity>852.895770</out_Quantity.quantity></Point><Point><position>7809</position><in_Quantity.quantity>0.000000</in_Quantity.quantity><out_Quantity.quantity>236.053664</out_Quantity.quantity></Point><Point><position>7810</position><in_Quantity.quantity>0.000000</in_Quantity.quantity><out_Quantity.quantity>122.792374</out_Quantity.quantity></Point><Point><position>7811</position><in_Quantity.quantity>0.000000</in_Quantity.quantity><out_Quantity.quantity>748.087763</out_Quantity.quantity></Point><Point><position>7812</position><in_Quantity.quantity>0.000000</in_Quantity.quantity><out_Quantity.quantity>954.910784</out_Quantity.quantity></Point><Point><position>7813</position><in_Quantity.quantity>0.000000</in_Quantity.quantity><out_Quantity.quantity>266.757546</out_Quantity.quantity></Point><Point><position>7814</position><in_Quantity.quantity>0.000000</in_Quantity.quantity><out_Quantity.quantity>590.097975</out_Quantity.quantity></Point><Point><position>7815</position><in_Quantity.quantity>0.000000</in_Quantity.quantity><out_Quantity.quantity>532.417207</out_Quantity.quantity></Point><Point><position>7816</position><in_Quantity.quantity>0.000000</in_Quantity.quantity><out_Quantity.quantity>593.220952</out_Quantity.quantity></Point><Point><position>7817</position><in_Quantity.quantity>0.000000</in_Quantity.quantity><out_Quantity.quantity>560.350965</out_Quantity.quantity></Point><Point><position>7818</position><in_Quantity.quantity>0.000000</in_Quantity.quantity><out_Quantity.quantity>697.671433</out_Quantity.quantity></Point><Point><position>7819</position><in_Quantity.quantity>0.000000</in_Quantity.quantity><out_Quantity.quantity>107.578370</out_Quantity.quantity></Point><Point><position>7820</position><in_Quantity.quantity>0.000000</in_Quantity.quantity><out_Quantity.quantity>700.248118</out_Quantity.quantity></Point><Point><position>7821</position><in_Quantity.quantity>0.000000</in_Quantity.quantity><out_Quantity.quantity>740.809094</out_Quantity.quantity></Point><Point><position>7822</position><in_Quantity.quantity>0.000000</in_Quantity.quantity><out_Quantity.quantity>112.057022</out_Quantity.quantity></Point><Point><position>7823</position><in_Quantity.quantity>0.000000</in_Quantity.quantity><out_Quantity.quantity>752.012625</out_Quantity.quantity></Point><Point><position>7824</position><in_Quantity.quantity>0.000000</in_Quantity.quantity><out_Quantity.quantity>46.098227</out_Quantity.quantity></Point><Point><position>7825</position><in_Quantity.quantity>0.000000</in_Quantity.quantity><out_Quantity.quantity>875.889636</out_Quantity.quantity></Point><Point><position>7826</position><in_Quantity.quantity>0.000000</in_Quantity.quantity><out_Quantity.quantity>519.528342</out_Quantity.quantity></Point><Point><position>7827</position><in_Quantity.quantity>0.000000</in_Quantity.quantity><out_Quantity.quantity>629.910693</out_Quantity.quantity></Point><Point><position>7828</position><in_Quantity.quantity>0.000000</in_Quantity.quantity><out_Quantity.quantity>681.665435</out_Quantity.quantity></Point><Point><position>7829</position><in_Quantity.quantity>0.000000</in_Quantity.quantity><out_Quantity.quantity>451.508095</out_Quantity.quantity></Point><Point><position>7830</position><in_Quantity.quantity>0.000000</in_Quantity.quantity><out_Quantity.quantity>144.959149</out_Quantity.quantity></Point><Point><position>7831</position><in_Quantity.quantity>0.000000</in_Quantity.quantity><out_Quantity.quantity>756.029760</out_Quantity.quantity></Point><Point><position>7832</position><in_Quantity.quantity>0.000000</in_Quantity.quantity><out_Quantity.quantity>598.309862</out_Quantity.quantity></Point><Point><position>7833</position><in_Quantity.quantity>0.000000</in_Quantity.quantity><out_Quantity.quantity>144.426900</out_Quantity.quantity></Point><Point><position>7834</position><in_Quantity.quantity>0.000000</in_Quantity.quantity><out_Quantity.quantity>994.484223</out_Quantity.quantity></Point><Point><position>7835</position><in_Quantity.quantity>0.000000</in_Quantity.quantity><out_Quantity.quantity>78.295486</out_Quantity.quantity></Point><Point><position>7836</position><in_Quantity.quantity>0.000000</in_Quantity.quantity><out_Quantity.quantity>949.497714</out_Quantity.quantity></Point><Point><position>7837</position><in_Quantity.quantity>0.000000</in_Quantity.quantity><out_Quantity.quantity>818.717548</out_Quantity.quantity></Point><Point><position>7838</position><in_Quantity.quantity>0.000000</in_Quantity.quantity><out_Quantity.quantity>263.983374</out_Quantity.quantity></Point><Point><position>7839</position><in_Quantity.quantity>0.000000</in_Quantity.quantity><out_Quantity.quantity>810.184216</out_Quantity.quantity></Point><Point><position>7840</position><in_Quantity.quantity>0.000000</in_Quantity.quantity><out_Quantity.quantity>416.703043</out_Quantity.quantity></Point><Point><position>7841</position><in_Quantity.quantity>0.000000</in_Quantity.quantity><out_Quantity.quantity>271.317349</out_Quantity.quantity></Point><Point><position>7842</position><in_Quantity.quantity>0.000000</in_Quantity.quantity><out_Quantity.quantity>80.209403</out_Quantity.quantity></Point><Point><position>7843</position><in_Quantity.quantity>0.000000</in_Quantity.quantity><out_Quantity.quantity>973.996940</out_Quantity.quantity></Point><Point><position>7844</position><in_Quantity.quantity>0.000000</in_Quantity.quantity><out_Quantity.quantity>180.912422</out_Quantity.quantity></Point><Point><position>7845</position><in_Quantity.quantity>0.000000</in_Quantity.quantity><out_Quantity.quantity>453.102915</out_Quantity.quantity></Point><Point><position>7846</position><in_Quantity.quantity>0.000000</in_Quantity.quantity><out_Quantity.quantity>770.651495</out_Quantity.quantity></Point><Point><position>7847</position><in_Quantity.quantity>0.000000</in_Quantity.quantity><out_Quantity.quantity>379.581265</out_Quantity.quantity></Point><Point><position>7848</position><in_Quantity.quantity>0.000000</in_Quantity.quantity><out_Quantity.quantity>500.805886</out_Quantity.quantity></Point><Point><position>7849</position><in_Quantity.quantity>0.000000</in_Quantity.quantity><out_Quantity.quantity>350.031349</out_Quantity.quantity></Point><Point><position>7850</position><in_Quantity.quantity>0.000000</in_Quantity.quantity><out_Quantity.quantity>808.398683</out_Quantity.quantity></Point><Point><position>7851</position><in_Quantity.quantity>0.000000</in_Quantity.quantity><out_Quantity.quantity>591.149503</out_Quantity.quantity></Point><Point><position>7852</position><in_Quantity.quantity>0.000000</in_Quantity.quantity><out_Quantity.quantity>69.238106</out_Quantity.quantity></Point><Point><position>7853</position><in_Quantity.quantity>0.000000</in_Quantity.quantity><out_Quantity.quantity>885.905735</out_Quantity.quantity></Point><Point><position>7854</position><in_Quantity.quantity>0.000000</in_Quantity.quantity><out_Quantity.quantity>655.410261</out_Quantity.quantity></Point><Point><position>7855</position><in_Quantity.quantity>0.000000</in_Quantity.quantity><out_Quantity.quantity>467.502469</out_Quantity.quantity></Point><Point><position>7856</position><in_Quantity.quantity>0.000000</in_Quantity.quantity><out_Quantity.quantity>59.122647</out_Quantity.quantity></Point><Point><position>7857</position><in_Quantity.quantity>0.000000</in_Quantity.quantity><out_Quantity.quantity>540.387244</out_Quantity.quantity></Point><Point><position>7858</position><in_Quantity.quantity>0.000000</in_Quantity.quantity><out_Quantity.quantity>828.421809</out_Quantity.quantity></Point><Point><position>7859</position><in_Quantity.quantity>0.000000</in_Quantity.quantity><out_Quantity.quantity>7.729765</out_Quantity.quantity></Point><Point><position>7860</position><in_Quantity.quantity>0.000000</in_Quantity.quantity><out_Quantity.quantity>65.210577</out_Quantity.quantity></Point><Point><position>7861</position><in_Quantity.quantity>0.000000</in_Quantity.quantity><out_Quantity.quantity>563.644940</out_Quantity.quantity></Point><Point><position>7862</position><in_Quantity.quantity>0.000000</in_Quantity.quantity><out_Quantity.quantity>36.050929</out_Quantity.quantity></Point><Point><position>7863</position><in_Quantity.quantity>0.000000</in_Quantity.quantity><out_Quantity.quantity>202.076069</out_Quantity.quantity></Point><Point><position>7864</position><in_Quantity.quantity>0.000000</in_Quantity.quantity><out_Quantity.quantity>553.892236</out_Quantity.quantity></Point><Point><position>7865</position><in_Quantity.quantity>0.000000</in_Quantity.quantity><out_Quantity.quantity>792.224064</out_Quantity.quantity></Point><Point><position>7866</position><in_Quantity.quantity>0.000000</in_Quantity.quantity><out_Quantity.quantity>542.860053</out_Quantity.quantity></Point><Point><position>7867</position><in_Quantity.quantity>0.000000</in_Quantity.quantity><out_Quantity.quantity>831.614137</out_Quantity.quantity></Point><Point><position>7868</position><in_Quantity.quantity>0.000000</in_Quantity.quantity><out_Quantity.quantity>379.967196</out_Quantity.quantity></Point><Point><position>7869</position><in_Quantity.quantity>0.000000</in_Quantity.quantity><out_Quantity.quantity>771.385864</out_Quantity.quantity></Point><Point><position>7870</position><in_Quantity.quantity>0.000000</in_Quantity.quantity><out_Quantity.quantity>434.166127</out_Quantity.quantity></Point><Point><position>7871</position><in_Quantity.quantity>0.000000</in_Quantity.quantity><out_Quantity.quantity>50.791642</out_Quantity.quantity></Point><Point><position>7872</position><in_Quantity.quantity>0.000000</in_Quantity.quantity><out_Quantity.quantity>990.458040</out_Quantity.quantity></Point><Point><position>7873</position><in_Quantity.quantity>0.000000</in_Quantity.quantity><out_Quantity.quantity>747.716774</out_Quantity.quantity></Point><Point><position>7874</position><in_Quantity.quantity>0.000000</in_Quantity.quantity><out_Quantity.quantity>742.316571</out_Quantity.quantity></Point><Point><position>7875</position><in_Quantity.quantity>0.000000</in_Quantity.quantity><out_Quantity.quantity>430.276304</out_Quantity.quantity></Point><Point><position>7876</position><in_Quantity.quantity>0.000000</in_Quantity.quantity><out_Quantity.quantity>115.958755</out_Quantity.quantity></Point><Point><position>7877</position><in_Quantity.quantity>0.000000</in_Quantity.quantity><out_Quantity.quantity>73.755025</out_Quantity.quantity></Point><Point><position>7878</position><in_Quantity.quantity>0.000000</in_Quantity.quantity><out_Quantity.quantity>979.722909</out_Quantity.quantity></Point><Point><position>7879</position><in_Quantity.quantity>0.000000</in_Quantity.quantity><out_Quantity.quantity>711.436746</out_Quantity.quantity></Point><Point><position>7880</position><in_Quantity.quantity>0.000000</in_Quantity.quantity><out_Quantity.quantity>161.654760</out_Quantity.quantity></Point><Point><position>7881</position><in_Quantity.quantity>0.000000</in_Quantity.quantity><out_Quantity.quantity>314.911578</out_Quantity.quantity></Point><Point><position>7882</position><in_Quantity.quantity>0.000000</in_Quantity.quantity><out_Quantity.quantity>14.877025</out_Quantity.quantity></Point><Point><position>7883</position><in_Quantity.quantity>0.000000</in_Quantity.quantity><out_Quantity.quantity>689.944207</out_Quantity.quantity></Point><Point><position>7884</position><in_Quantity.quantity>0.000000</in_Quantity.quantity><out_Quantity.quantity>932.119009</out_Quantity.quantity></Point><Point><position>7885</position><in_Quantity.quantity>0.000000</in_Quantity.quantity><out_Quantity.quantity>313.241921</out_Quantity.quantity></Point><Point><position>7886</position><in_Quantity.quantity>0.000000</in_Quantity.quantity><out_Quantity.quantity>298.906873</out_Quantity.quantity></Point><Point><position>7887</position><in_Quantity.quantity>0.000000</in_Quantity.quantity><out_Quantity.quantity>693.859383</out_Quantity.quantity></Point><Point><position>7888</position><in_Quantity.quantity>0.000000</in_Quantity.quantity><out_Quantity.quantity>359.122462</out_Quantity.quantity></Point><Point><position>7889</position><in_Quantity.quantity>0.000000</in_Quantity.quantity><out_Quantity.quantity>614.206019</out_Quantity.quantity></Point><Point><position>7890</position><in_Quantity.quantity>0.000000</in_Quantity.quantity><out_Quantity.quantity>133.001079</out_Quantity.quantity></Point><Point><position>7891</position><in_Quantity.quantity>0.000000</in_Quantity.quantity><out_Quantity.quantity>7.325339</out_Quantity.quantity></Point><Point><position>7892</position><in_Quantity.quantity>0.000000</in_Quantity.quantity><out_Quantity.quantity>711.047992</out_Quantity.quantity></Point><Point><position>7893</position><in_Quantity.quantity>0.000000</in_Quantity.quantity><out_Quantity.quantity>249.361855</out_Quantity.quantity></Point><Point><position>7894</position><in_Quantity.quantity>0.000000</in_Quantity.quantity><out_Quantity.quantity>86.213355</out_Quantity.quantity></Point><Point><position>7895</position><in_Quantity.quantity>0.000000</in_Quantity.quantity><out_Quantity.quantity>820.376253</out_Quantity.quantity></Point><Point><position>7896</position><in_Quantity.quantity>0.000000</in_Quantity.quantity><out_Quantity.quantity>353.769315</out_Quantity.quantity></Point><Point><position>7897</position><in_Quantity.quantity>0.000000</in_Quantity.quantity><out_Quantity.quantity>516.757807</out_Quantity.quantity></Point><Point><position>7898</position><in_Quantity.quantity>0.000000</in_Quantity.quantity><out_Quantity.quantity>896.248826</out_Quantity.quantity></Point><Point><position>7899</position><in_Quantity.quantity>0.000000</in_Quantity.quantity><out_Quantity.quantity>186.636235</out_Quantity.quantity></Point><Point><position>7900</position><in_Quantity.quantity>0.000000</in_Quantity.quantity><out_Quantity.quantity>636.487099</out_Quantity.quantity></Point><Point><position>7901</position><in_Quantity.quantity>0.000000</in_Quantity.quantity><out_Quantity.quantity>456.228411</out_Quantity.quantity></Point><Point><position>7902</position><in_Quantity.quantity>0.000000</in_Quantity.quantity><out_Quantity.quantity>744.390881</out_Quantity.quantity></Point><Point><position>7903</position><in_Quantity.quantity>0.000000</in_Quantity.quantity><out_Quantity.quantity>962.770157</out_Quantity.quantity></Point><Point><position>7904</position><in_Quantity.quantity>0.000000</in_Quantity.quantity><out_Quantity.quantity>907.352599</out_Quantity.quantity></Point><Point><position>7905</position><in_Quantity.quantity>0.000000</in_Quantity.quantity><out_Quantity.quantity>652.998730</out_Quantity.quantity></Point><Point><position>7906</position><in_Quantity.quantity>0.000000</in_Quantity.quantity><out_Quantity.quantity>360.542826</out_Quantity.quantity></Point><Point><position>7907</position><in_Quantity.quantity>0.000000</in_Quantity.quantity><out_Quantity.quantity>698.351586</out_Quantity.quantity></Point><Point><position>7908</position><in_Quantity.quantity>0.000000</in_Quantity.quantity><out_Quantity.quantity>566.156492</out_Quantity.quantity></Point><Point><position>7909</position><in_Quantity.quantity>0.000000</in_Quantity.quantity><out_Quantity.quantity>476.852180</out_Quantity.quantity></Point><Point><position>7910</position><in_Quantity.quantity>0.000000</in_Quantity.quantity><out_Quantity.quantity>462.980651</out_Quantity.quantity></Point><Point><position>7911</position><in_Quantity.quantity>0.000000</in_Quantity.quantity><out_Quantity.quantity>991.263740</out_Quantity.quantity></Point><Point><position>7912</position><in_Quantity.quantity>0.000000</in_Quantity.quantity><out_Quantity.quantity>691.977600</out_Quantity.quantity></Point><Point><position>7913</position><in_Quantity.quantity>0.000000</in_Quantity.quantity><out_Quantity.quantity>38.726273</out_Quantity.quantity></Point><Point><position>7914</position><in_Quantity.quantity>0.000000</in_Quantity.quantity><out_Quantity.quantity>376.836838</out_Quantity.quantity></Point><Point><position>7915</position><in_Quantity.quantity>0.000000</in_Quantity.quantity><out_Quantity.quantity>881.616583</out_Quantity.quantity></Point><Point><position>7916</position><in_Quantity.quantity>0.000000</in_Quantity.quantity><out_Quantity.quantity>352.605384</out_Quantity.quantity></Point><Point><position>7917</position><in_Quantity.quantity>0.000000</in_Quantity.quantity><out_Quantity.quantity>641.391076</out_Quantity.quantity></Point><Point><position>7918</position><in_Quantity.quantity>0.000000</in_Quantity.quantity><out_Quantity.quantity>374.590857</out_Quantity.quantity></Point><Point><position>7919</position><in_Quantity.quantity>0.000000</in_Quantity.quantity><out_Quantity.quantity>945.776792</out_Quantity.quantity></Point><Point><position>7920</position><in_Quantity.quantity>0.000000</in_Quantity.quantity><out_Quantity.quantity>72.057982</out_Quantity.quantity></Point><Point><position>7921</position><in_Quantity.quantity>0.000000</in_Quantity.quantity><out_Quantity.quantity>122.334335</out_Quantity.quantity></Point><Point><position>7922</position><in_Quantity.quantity>0.000000</in_Quantity.quantity><out_Quantity.quantity>843.211126</out_Quantity.quantity></Point><Point><position>7923</position><in_Quantity.quantity>0.000000</in_Quantity.quantity><out_Quantity.quantity>753.617999</out_Quantity.quantity></Point><Point><position>7924</position><in_Quantity.quantity>0.000000</in_Quantity.quantity><out_Quantity.quantity>380.318402</out_Quantity.quantity></Point><Point><position>7925</position><in_Quantity.quantity>0.000000</in_Quantity.quantity><out_Quantity.quantity>219.333768</out_Quantity.quantity></Point><Point><position>7926</position><in_Quantity.quantity>0.000000</in_Quantity.quantity><out_Quantity.quantity>5.485283</out_Quantity.quantity></Point><Point><position>7927</position><in_Quantity.quantity>0.000000</in_Quantity.quantity><out_Quantity.quantity>689.471930</out_Quantity.quantity></Point><Point><position>7928</position><in_Quantity.quantity>0.000000</in_Quantity.quantity><out_Quantity.quantity>923.664249</out_Quantity.quantity></Point><Point><position>7929</position><in_Quantity.quantity>0.000000</in_Quantity.quantity><out_Quantity.quantity>557.198315</out_Quantity.quantity></Point><Point><position>7930</position><in_Quantity.quantity>0.000000</in_Quantity.quantity><out_Quantity.quantity>124.875467</out_Quantity.quantity></Point><Point><position>7931</position><in_Quantity.quantity>0.000000</in_Quantity.quantity><out_Quantity.quantity>767.951050</out_Quantity.quantity></Point><Point><position>7932</position><in_Quantity.quantity>0.000000</in_Quantity.quantity><out_Quantity.quantity>980.306727</out_Quantity.quantity></Point><Point><position>7933</position><in_Quantity.quantity>0.000000</in_Quantity.quantity><out_Quantity.quantity>818.632565</out_Quantity.quantity></Point><Point><position>7934</position><in_Quantity.quantity>0.000000</in_Quantity.quantity><out_Quantity.quantity>337.513465</out_Quantity.quantity></Point><Point><position>7935</position><in_Quantity.quantity>0.000000</in_Quantity.quantity><out_Quantity.quantity>458.203520</out_Quantity.quantity></Point><Point><position>7936</position><in_Quantity.quantity>0.000000</in_Quantity.quantity><out_Quantity.quantity>143.615841</out_Quantity.quantity></Point><Point><position>7937</position><in_Quantity.quantity>0.000000</in_Quantity.quantity><out_Quantity.quantity>222.304321</out_Quantity.quantity></Point><Point><position>7938</position><in_Quantity.quantity>0.000000</in_Quantity.quantity><out_Quantity.quantity>938.238026</out_Quantity.quantity></Point><Point><position>7939</position><in_Quantity.quantity>0.000000</in_Quantity.quantity><out_Quantity.quantity>826.634815</out_Quantity.quantity></Point><Point><position>7940</position><in_Quantity.quantity>0.000000</in_Quantity.quantity><out_Quantity.quantity>623.617193</out_Quantity.quantity></Point><Point><position>7941</position><in_Quantity.quantity>0.000000</in_Quantity.quantity><out_Quantity.quantity>647.250933</out_Quantity.quantity></Point><Point><position>7942</position><in_Quantity.quantity>0.000000</in_Quantity.quantity><out_Quantity.quantity>920.870561</out_Quantity.quantity></Point><Point><position>7943</position><in_Quantity.quantity>0.000000</in_Quantity.quantity><out_Quantity.quantity>618.361842</out_Quantity.quantity></Point><Point><position>7944</position><in_Quantity.quantity>0.000000</in_Quantity.quantity><out_Quantity.quantity>287.957509</out_Quantity.quantity></Point><Point><position>7945</position><in_Quantity.quantity>0.000000</in_Quantity.quantity><out_Quantity.quantity>857.836657</out_Quantity.quantity></Point><Point><position>7946</position><in_Quantity.quantity>0.000000</in_Quantity.quantity><out_Quantity.quantity>818.520574</out_Quantity.quantity></Point><Point><position>7947</position><in_Quantity.quantity>0.000000</in_Quantity.quantity><out_Quantity.quantity>46.971069</out_Quantity.quantity></Point><Point><position>7948</position><in_Quantity.quantity>0.000000</in_Quantity.quantity><out_Quantity.quantity>14.668582</out_Quantity.quantity></Point><Point><position>7949</position><in_Quantity.quantity>0.000000</in_Quantity.quantity><out_Quantity.quantity>773.186067</out_Quantity.quantity></Point><Point><position>7950</position><in_Quantity.quantity>0.000000</in_Quantity.quantity><out_Quantity.quantity>736.681162</out_Quantity.quantity></Point><Point><position>7951</position><in_Quantity.quantity>0.000000</in_Quantity.quantity><out_Quantity.quantity>432.723448</out_Quantity.quantity></Point><Point><position>7952</position><in_Quantity.quantity>0.000000</in_Quantity.quantity><out_Quantity.quantity>304.598986</out_Quantity.quantity></Point><Point><position>7953</position><in_Quantity.quantity>0.000000</in_Quantity.quantity><out_Quantity.quantity>474.358238</out_Quantity.quantity></Point><Point><position>7954</position><in_Quantity.quantity>0.000000</in_Quantity.quantity><out_Quantity.quantity>292.073492</out_Quantity.quantity></Point><Point><position>7955</position><in_Quantity.quantity>0.000000</in_Quantity.quantity><out_Quantity.quantity>604.900733</out_Quantity.quantity></Point><Point><position>7956</position><in_Quantity.quantity>0.000000</in_Quantity.quantity><out_Quantity.quantity>219.978109</out_Quantity.quantity></Point><Point><position>7957</position><in_Quantity.quantity>0.000000</in_Quantity.quantity><out_Quantity.quantity>372.906674</out_Quantity.quantity></Point><Point><position>7958</position><in_Quantity.quantity>0.000000</in_Quantity.quantity><out_Quantity.quantity>804.809202</out_Quantity.quantity></Point><Point><position>7959</position><in_Quantity.quantity>0.000000</in_Quantity.quantity><out_Quantity.quantity>191.855024</out_Quantity.quantity></Point><Point><position>7960</position><in_Quantity.quantity>0.000000</in_Quantity.quantity><out_Quantity.quantity>263.367222</out_Quantity.quantity></Point><Point><position>7961</position><in_Quantity.quantity>0.000000</in_Quantity.quantity><out_Quantity.quantity>220.774676</out_Quantity.quantity></Point><Point><position>7962</position><in_Quantity.quantity>0.000000</in_Quantity.quantity><out_Quantity.quantity>902.866857</out_Quantity.quantity></Point><Point><position>7963</position><in_Quantity.quantity>0.000000</in_Quantity.quantity><out_Quantity.quantity>994.267944</out_Quantity.quantity></Point><Point><position>7964</position><in_Quantity.quantity>0.000000</in_Quantity.quantity><out_Quantity.quantity>389.586809</out_Quantity.quantity></Point><Point><position>7965</position><in_Quantity.quantity>0.000000</in_Quantity.quantity><out_Quantity.quantity>490.187407</out_Quantity.quantity></Point><Point><position>7966</position><in_Quantity.quantity>0.000000</in_Quantity.quantity><out_Quantity.quantity>326.248544</out_Quantity.quantity></Point><Point><position>7967</position><in_Quantity.quantity>0.000000</in_Quantity.quantity><out_Quantity.quantity>696.489188</out_Quantity.quantity></Point><Point><position>7968</position><in_Quantity.quantity>0.000000</in_Quantity.quantity><out_Quantity.quantity>306.570963</out_Quantity.quantity></Point><Point><position>7969</position><in_Quantity.quantity>0.000000</in_Quantity.quantity><out_Quantity.quantity>328.900810</out_Quantity.quantity></Point><Point><position>7970</position><in_Quantity.quantity>0.000000</in_Quantity.quantity><out_Quantity.quantity>947.774868</out_Quantity.quantity></Point><Point><position>7971</position><in_Quantity.quantity>0.000000</in_Quantity.quantity><out_Quantity.quantity>918.728246</out_Quantity.quantity></Point><Point><position>7972</position><in_Quantity.quantity>0.000000</in_Quantity.quantity><out_Quantity.quantity>372.620112</out_Quantity.quantity></Point><Point><position>7973</position><in_Quantity.quantity>0.000000</in_Quantity.quantity><out_Quantity.quantity>866.404201</out_Quantity.quantity></Point><Point><position>7974</position><in_Quantity.quantity>0.000000</in_Quantity.quantity><out_Quantity.quantity>599.410475</out_Quantity.quantity></Point><Point><position>7975</position><in_Quantity.quantity>0.000000</in_Quantity.quantity><out_Quantity.quantity>540.691975</out_Quantity.quantity></Point><Point><position>7976</position><in_Quantity.quantity>0.000000</in_Quantity.quantity><out_Quantity.quantity>776.136558</out_Quantity.quantity></Point><Point><position>7977</position><in_Quantity.quantity>0.000000</in_Quantity.quantity><out_Quantity.quantity>973.533075</out_Quantity.quantity></Point><Point><position>7978</position><in_Quantity.quantity>0.000000</in_Quantity.quantity><out_Quantity.quantity>217.334775</out_Quantity.quantity></Point><Point><position>7979</position><in_Quantity.quantity>0.000000</in_Quantity.quantity><out_Quantity.quantity>718.318706</out_Quantity.quantity></Point><Point><position>7980</position><in_Quantity.quantity>0.000000</in_Quantity.quantity><out_Quantity.quantity>866.081652</out_Quantity.quantity></Point><Point><position>7981</position><in_Quantity.quantity>0.000000</in_Quantity.quantity><out_Quantity.quantity>409.498210</out_Quantity.quantity></Point><Point><position>7982</position><in_Quantity.quantity>0.000000</in_Quantity.quantity><out_Quantity.quantity>576.423323</out_Quantity.quantity></Point><Point><position>7983</position><in_Quantity.quantity>0.000000</in_Quantity.quantity><out_Quantity.quantity>497.109557</out_Quantity.quantity></Point><Point><position>7984</position><in_Quantity.quantity>0.000000</in_Quantity.quantity><out_Quantity.quantity>907.479914</out_Quantity.quantity></Point><Point><position>7985</position><in_Quantity.quantity>0.000000</in_Quantity.quantity><out_Quantity.quantity>545.345701</out_Quantity.quantity></Point><Point><position>7986</position><in_Quantity.quantity>0.000000</in_Quantity.quantity><out_Quantity.quantity>572.532131</out_Quantity.quantity></Point><Point><position>7987</position><in_Quantity.quantity>0.000000</in_Quantity.quantity><out_Quantity.quantity>689.404955</out_Quantity.quantity></Point><Point><position>7988</position><in_Quantity.quantity>0.000000</in_Quantity.quantity><out_Quantity.quantity>969.511536</out_Quantity.quantity></Point><Point><position>7989</position><in_Quantity.quantity>0.000000</in_Quantity.quantity><out_Quantity.quantity>750.782679</out_Quantity.quantity></Point><Point><position>7990</position><in_Quantity.quantity>0.000000</in_Quantity.quantity><out_Quantity.quantity>133.046759</out_Quantity.quantity></Point><Point><position>7991</position><in_Quantity.quantity>0.000000</in_Quantity.quantity><out_Quantity.quantity>996.656810</out_Quantity.quantity></Point><Point><position>7992</position><in_Quantity.quantity>0.000000</in_Quantity.quantity><out_Quantity.quantity>407.786586</out_Quantity.quantity></Point><Point><position>7993</position><in_Quantity.quantity>0.000000</in_Quantity.quantity><out_Quantity.quantity>396.897561</out_Quantity.quantity></Point><Point><position>7994</position><in_Quantity.quantity>0.000000</in_Quantity.quantity><out_Quantity.quantity>892.184821</out_Quantity.quantity></Point><Point><position>7995</position><in_Quantity.quantity>0.000000</in_Quantity.quantity><out_Quantity.quantity>272.197707</out_Quantity.quantity></Point><Point><position>7996</position><in_Quantity.quantity>0.000000</in_Quantity.quantity><out_Quantity.quantity>223.417827</out_Quantity.quantity></Point><Point><position>7997</position><in_Quantity.quantity>0.000000</in_Quantity.quantity><out_Quantity.quantity>249.856299</out_Quantity.quantity></Point><Point><position>7998</position><in_Quantity.quantity>0.000000</in_Quantity.quantity><out_Quantity.quantity>108.039995</out_Quantity.quantity></Point><Point><position>7999</position><in_Quantity.quantity>0.000000</in_Quantity.quantity><out_Quantity.quantity>313.873991</out_Quantity.quantity></Point><Point><position>8000</position><in_Quantity.quantity>0.000000</in_Quantity.quantity><out_Quantity.quantity>447.328591</out_Quantity.quantity></Point><Point><position>8001</position><in_Quantity.quantity>0.000000</in_Quantity.quantity><out_Quantity.quantity>217.028078</out_Quantity.quantity></Point><Point><position>8002</position><in_Quantity.quantity>0.000000</in_Quantity.quantity><out_Quantity.quantity>292.832802</out_Quantity.quantity></Point><Point><position>8003</position><in_Quantity.quantity>0.000000</in_Quantity.quantity><out_Quantity.quantity>619.761615</out_Quantity.quantity></Point><Point><position>8004</position><in_Quantity.quantity>0.000000</in_Quantity.quantity><out_Quantity.quantity>564.970700</out_Quantity.quantity></Point><Point><position>8005</position><in_Quantity.quantity>0.000000</in_Quantity.quantity><out_Quantity.quantity>300.205143</out_Quantity.quantity></Point><Point><position>8006</position><in_Quantity.quantity>0.000000</in_Quantity.quantity><out_Quantity.quantity>824.453388</out_Quantity.quantity></Point><Point><position>8007</position><in_Quantity.quantity>0.000000</in_Quantity.quantity><out_Quantity.quantity>219.759016</out_Quantity.quantity></Point><Point><position>8008</position><in_Quantity.quantity>0.000000</in_Quantity.quantity><out_Quantity.quantity>303.644744</out_Quantity.quantity></Point><Point><position>8009</position><in_Quantity.quantity>0.000000</in_Quantity.quantity><out_Quantity.quantity>238.465647</out_Quantity.quantity></Point><Point><position>8010</position><in_Quantity.quantity>0.000000</in_Quantity.quantity><out_Quantity.quantity>756.680586</out_Quantity.quantity></Point><Point><position>8011</position><in_Quantity.quantity>0.000000</in_Quantity.quantity><out_Quantity.quantity>0.989144</out_Quantity.quantity></Point><Point><position>8012</position><in_Quantity.quantity>0.000000</in_Quantity.quantity><out_Quantity.quantity>907.703971</out_Quantity.quantity></Point><Point><position>8013</position><in_Quantity.quantity>0.000000</in_Quantity.quantity><out_Quantity.quantity>998.874270</out_Quantity.quantity></Point><Point><position>8014</position><in_Quantity.quantity>0.000000</in_Quantity.quantity><out_Quantity.quantity>447.075788</out_Quantity.quantity></Point><Point><position>8015</position><in_Quantity.quantity>0.000000</in_Quantity.quantity><out_Quantity.quantity>486.047503</out_Quantity.quantity></Point><Point><position>8016</position><in_Quantity.quantity>0.000000</in_Quantity.quantity><out_Quantity.quantity>90.652561</out_Quantity.quantity></Point><Point><position>8017</position><in_Quantity.quantity>0.000000</in_Quantity.quantity><out_Quantity.quantity>811.833566</out_Quantity.quantity></Point><Point><position>8018</position><in_Quantity.quantity>0.000000</in_Quantity.quantity><out_Quantity.quantity>687.987751</out_Quantity.quantity></Point><Point><position>8019</position><in_Quantity.quantity>0.000000</in_Quantity.quantity><out_Quantity.quantity>889.107746</out_Quantity.quantity></Point><Point><position>8020</position><in_Quantity.quantity>0.000000</in_Quantity.quantity><out_Quantity.quantity>404.590409</out_Quantity.quantity></Point><Point><position>8021</position><in_Quantity.quantity>0.000000</in_Quantity.quantity><out_Quantity.quantity>424.687042</out_Quantity.quantity></Point><Point><position>8022</position><in_Quantity.quantity>0.000000</in_Quantity.quantity><out_Quantity.quantity>87.666762</out_Quantity.quantity></Point><Point><position>8023</position><in_Quantity.quantity>0.000000</in_Quantity.quantity><out_Quantity.quantity>807.094391</out_Quantity.quantity></Point><Point><position>8024</position><in_Quantity.quantity>0.000000</in_Quantity.quantity><out_Quantity.quantity>891.861857</out_Quantity.quantity></Point><Point><position>8025</position><in_Quantity.quantity>0.000000</in_Quantity.quantity><out_Quantity.quantity>546.545687</out_Quantity.quantity></Point><Point><position>8026</position><in_Quantity.quantity>0.000000</in_Quantity.quantity><out_Quantity.quantity>406.456400</out_Quantity.quantity></Point><Point><position>8027</position><in_Quantity.quantity>0.000000</in_Quantity.quantity><out_Quantity.quantity>611.269509</out_Quantity.quantity></Point><Point><position>8028</position><in_Quantity.quantity>0.000000</in_Quantity.quantity><out_Quantity.quantity>504.749389</out_Quantity.quantity></Point><Point><position>8029</position><in_Quantity.quantity>0.000000</in_Quantity.quantity><out_Quantity.quantity>922.451242</out_Quantity.quantity></Point><Point><position>8030</position><in_Quantity.quantity>0.000000</in_Quantity.quantity><out_Quantity.quantity>585.995365</out_Quantity.quantity></Point><Point><position>8031</position><in_Quantity.quantity>0.000000</in_Quantity.quantity><out_Quantity.quantity>170.457393</out_Quantity.quantity></Point><Point><position>8032</position><in_Quantity.quantity>0.000000</in_Quantity.quantity><out_Quantity.quantity>90.218719</out_Quantity.quantity></Point><Point><position>8033</position><in_Quantity.quantity>0.000000</in_Quantity.quantity><out_Quantity.quantity>931.923036</out_Quantity.quantity></Point><Point><position>8034</position><in_Quantity.quantity>0.000000</in_Quantity.quantity><out_Quantity.quantity>770.570939</out_Quantity.quantity></Point><Point><position>8035</position><in_Quantity.quantity>0.000000</in_Quantity.quantity><out_Quantity.quantity>903.967308</out_Quantity.quantity></Point><Point><position>8036</position><in_Quantity.quantity>0.000000</in_Quantity.quantity><out_Quantity.quantity>537.229092</out_Quantity.quantity></Point><Point><position>8037</position><in_Quantity.quantity>0.000000</in_Quantity.quantity><out_Quantity.quantity>764.948180</out_Quantity.quantity></Point><Point><position>8038</position><in_Quantity.quantity>0.000000</in_Quantity.quantity><out_Quantity.quantity>5.079113</out_Quantity.quantity></Point><Point><position>8039</position><in_Quantity.quantity>0.000000</in_Quantity.quantity><out_Quantity.quantity>300.535485</out_Quantity.quantity></Point><Point><position>8040</position><in_Quantity.quantity>0.000000</in_Quantity.quantity><out_Quantity.quantity>370.129497</out_Quantity.quantity></Point><Point><position>8041</position><in_Quantity.quantity>0.000000</in_Quantity.quantity><out_Quantity.quantity>447.541255</out_Quantity.quantity></Point><Point><position>8042</position><in_Quantity.quantity>0.000000</in_Quantity.quantity><out_Quantity.quantity>880.202785</out_Quantity.quantity></Point><Point><position>8043</position><in_Quantity.quantity>0.000000</in_Quantity.quantity><out_Quantity.quantity>821.246056</out_Quantity.quantity></Point><Point><position>8044</position><in_Quantity.quantity>0.000000</in_Quantity.quantity><out_Quantity.quantity>844.345856</out_Quantity.quantity></Point><Point><position>8045</position><in_Quantity.quantity>0.000000</in_Quantity.quantity><out_Quantity.quantity>268.741452</out_Quantity.quantity></Point><Point><position>8046</position><in_Quantity.quantity>0.000000</in_Quantity.quantity><out_Quantity.quantity>168.857110</out_Quantity.quantity></Point><Point><position>8047</position><in_Quantity.quantity>0.000000</in_Quantity.quantity><out_Quantity.quantity>476.391851</out_Quantity.quantity></Point><Point><position>8048</position><in_Quantity.quantity>0.000000</in_Quantity.quantity><out_Quantity.quantity>810.357168</out_Quantity.quantity></Point><Point><position>8049</position><in_Quantity.quantity>0.000000</in_Quantity.quantity><out_Quantity.quantity>390.585805</out_Quantity.quantity></Point><Point><position>8050</position><in_Quantity.quantity>0.000000</in_Quantity.quantity><out_Quantity.quantity>887.810677</out_Quantity.quantity></Point><Point><position>8051</position><in_Quantity.quantity>0.000000</in_Quantity.quantity><out_Quantity.quantity>923.835022</out_Quantity.quantity></Point><Point><position>8052</position><in_Quantity.quantity>0.000000</in_Quantity.quantity><out_Quantity.quantity>979.145312</out_Quantity.quantity></Point><Point><position>8053</position><in_Quantity.quantity>0.000000</in_Quantity.quantity><out_Quantity.quantity>296.360907</out_Quantity.quantity></Point><Point><position>8054</position><in_Quantity.quantity>0.000000</in_Quantity.quantity><out_Quantity.quantity>809.751181</out_Quantity.quantity></Point><Point><position>8055</position><in_Quantity.quantity>0.000000</in_Quantity.quantity><out_Quantity.quantity>354.445391</out_Quantity.quantity></Point><Point><position>8056</position><in_Quantity.quantity>0.000000</in_Quantity.quantity><out_Quantity.quantity>496.613774</out_Quantity.quantity></Point><Point><position>8057</position><in_Quantity.quantity>0.000000</in_Quantity.quantity><out_Quantity.quantity>122.774272</out_Quantity.quantity></Point><Point><position>8058</position><in_Quantity.quantity>0.000000</in_Quantity.quantity><out_Quantity.quantity>588.758587</out_Quantity.quantity></Point><Point><position>8059</position><in_Quantity.quantity>0.000000</in_Quantity.quantity><out_Quantity.quantity>748.604516</out_Quantity.quantity></Point><Point><position>8060</position><in_Quantity.quantity>0.000000</in_Quantity.quantity><out_Quantity.quantity>301.025024</out_Quantity.quantity></Point><Point><position>8061</position><in_Quantity.quantity>0.000000</in_Quantity.quantity><out_Quantity.quantity>190.508469</out_Quantity.quantity></Point><Point><position>8062</position><in_Quantity.quantity>0.000000</in_Quantity.quantity><out_Quantity.quantity>189.727339</out_Quantity.quantity></Point><Point><position>8063</position><in_Quantity.quantity>0.000000</in_Quantity.quantity><out_Quantity.quantity>279.845908</out_Quantity.quantity></Point><Point><position>8064</position><in_Quantity.quantity>0.000000</in_Quantity.quantity><out_Quantity.quantity>233.483178</out_Quantity.quantity></Point><Point><position>8065</position><in_Quantity.quantity>0.000000</in_Quantity.quantity><out_Quantity.quantity>791.965832</out_Quantity.quantity></Point><Point><position>8066</position><in_Quantity.quantity>0.000000</in_Quantity.quantity><out_Quantity.quantity>399.538352</out_Quantity.quantity></Point><Point><position>8067</position><in_Quantity.quantity>0.000000</in_Quantity.quantity><out_Quantity.quantity>533.636683</out_Quantity.quantity></Point><Point><position>8068</position><in_Quantity.quantity>0.000000</in_Quantity.quantity><out_Quantity.quantity>103.714256</out_Quantity.quantity></Point><Point><position>8069</position><in_Quantity.quantity>0.000000</in_Quantity.quantity><out_Quantity.quantity>532.035235</out_Quantity.quantity></Point><Point><position>8070</position><in_Quantity.quantity>0.000000</in_Quantity.quantity><out_Quantity.quantity>943.018809</out_Quantity.quantity></Point><Point><position>8071</position><in_Quantity.quantity>0.000000</in_Quantity.quantity><out_Quantity.quantity>572.728589</out_Quantity.quantity></Point><Point><position>8072</position><in_Quantity.quantity>0.000000</in_Quantity.quantity><out_Quantity.quantity>697.136777</out_Quantity.quantity></Point><Point><position>8073</position><in_Quantity.quantity>0.000000</in_Quantity.quantity><out_Quantity.quantity>16.872872</out_Quantity.quantity></Point><Point><position>8074</position><in_Quantity.quantity>0.000000</in_Quantity.quantity><out_Quantity.quantity>141.424565</out_Quantity.quantity></Point><Point><position>8075</position><in_Quantity.quantity>0.000000</in_Quantity.quantity><out_Quantity.quantity>397.330562</out_Quantity.quantity></Point><Point><position>8076</position><in_Quantity.quantity>0.000000</in_Quantity.quantity><out_Quantity.quantity>577.817304</out_Quantity.quantity></Point><Point><position>8077</position><in_Quantity.quantity>0.000000</in_Quantity.quantity><out_Quantity.quantity>304.581959</out_Quantity.quantity></Point><Point><position>8078</position><in_Quantity.quantity>0.000000</in_Quantity.quantity><out_Quantity.quantity>720.318882</out_Quantity.quantity></Point><Point><position>8079</position><in_Quantity.quantity>0.000000</in_Quantity.quantity><out_Quantity.quantity>615.577822</out_Quantity.quantity></Point><Point><position>8080</position><in_Quantity.quantity>0.000000</in_Quantity.quantity><out_Quantity.quantity>259.720762</out_Quantity.quantity></Point><Point><position>8081</position><in_Quantity.quantity>0.000000</in_Quantity.quantity><out_Quantity.quantity>685.263903</out_Quantity.quantity></Point><Point><position>8082</position><in_Quantity.quantity>0.000000</in_Quantity.quantity><out_Quantity.quantity>278.602409</out_Quantity.quantity></Point><Point><position>8083</position><in_Quantity.quantity>0.000000</in_Quantity.quantity><out_Quantity.quantity>207.191890</out_Quantity.quantity></Point><Point><position>8084</position><in_Quantity.quantity>0.000000</in_Quantity.quantity><out_Quantity.quantity>563.069705</out_Quantity.quantity></Point><Point><position>8085</position><in_Quantity.quantity>0.000000</in_Quantity.quantity><out_Quantity.quantity>716.497766</out_Quantity.quantity></Point><Point><position>8086</position><in_Quantity.quantity>0.000000</in_Quantity.quantity><out_Quantity.quantity>627.493399</out_Quantity.quantity></Point><Point><position>8087</position><in_Quantity.quantity>0.000000</in_Quantity.quantity><out_Quantity.quantity>45.405826</out_Quantity.quantity></Point><Point><position>8088</position><in_Quantity.quantity>0.000000</in_Quantity.quantity><out_Quantity.quantity>62.961598</out_Quantity.quantity></Point><Point><position>8089</position><in_Quantity.quantity>0.000000</in_Quantity.quantity><out_Quantity.quantity>256.579325</out_Quantity.quantity></Point><Point><position>8090</position><in_Quantity.quantity>0.000000</in_Quantity.quantity><out_Quantity.quantity>99.367651</out_Quantity.quantity></Point><Point><position>8091</position><in_Quantity.quantity>0.000000</in_Quantity.quantity><out_Quantity.quantity>979.191063</out_Quantity.quantity></Point><Point><position>8092</position><in_Quantity.quantity>0.000000</in_Quantity.quantity><out_Quantity.quantity>561.462545</out_Quantity.quantity></Point><Point><position>8093</position><in_Quantity.quantity>0.000000</in_Quantity.quantity><out_Quantity.quantity>237.888112</out_Quantity.quantity></Point><Point><position>8094</position><in_Quantity.quantity>0.000000</in_Quantity.quantity><out_Quantity.quantity>949.499616</out_Quantity.quantity></Point><Point><position>8095</position><in_Quantity.quantity>0.000000</in_Quantity.quantity><out_Quantity.quantity>300.639505</out_Quantity.quantity></Point><Point><position>8096</position><in_Quantity.quantity>0.000000</in_Quantity.quantity><out_Quantity.quantity>520.498508</out_Quantity.quantity></Point><Point><position>8097</position><in_Quantity.quantity>0.000000</in_Quantity.quantity><out_Quantity.quantity>555.689755</out_Quantity.quantity></Point><Point><position>8098</position><in_Quantity.quantity>0.000000</in_Quantity.quantity><out_Quantity.quantity>42.045517</out_Quantity.quantity></Point><Point><position>8099</position><in_Quantity.quantity>0.000000</in_Quantity.quantity><out_Quantity.quantity>387.816793</out_Quantity.quantity></Point><Point><position>8100</position><in_Quantity.quantity>0.000000</in_Quantity.quantity><out_Quantity.quantity>942.928229</out_Quantity.quantity></Point><Point><position>8101</position><in_Quantity.quantity>0.000000</in_Quantity.quantity><out_Quantity.quantity>968.508229</out_Quantity.quantity></Point><Point><position>8102</position><in_Quantity.quantity>0.000000</in_Quantity.quantity><out_Quantity.quantity>777.460848</out_Quantity.quantity></Point><Point><position>8103</position><in_Quantity.quantity>0.000000</in_Quantity.quantity><out_Quantity.quantity>496.181928</out_Quantity.quantity></Point><Point><position>8104</position><in_Quantity.quantity>0.000000</in_Quantity.quantity><out_Quantity.quantity>787.788260</out_Quantity.quantity></Point><Point><position>8105</position><in_Quantity.quantity>0.000000</in_Quantity.quantity><out_Quantity.quantity>117.890226</out_Quantity.quantity></Point><Point><position>8106</position><in_Quantity.quantity>0.000000</in_Quantity.quantity><out_Quantity.quantity>305.693539</out_Quantity.quantity></Point><Point><position>8107</position><in_Quantity.quantity>0.000000</in_Quantity.quantity><out_Quantity.quantity>760.249235</out_Quantity.quantity></Point><Point><position>8108</position><in_Quantity.quantity>0.000000</in_Quantity.quantity><out_Quantity.quantity>343.550991</out_Quantity.quantity></Point><Point><position>8109</position><in_Quantity.quantity>0.000000</in_Quantity.quantity><out_Quantity.quantity>579.853173</out_Quantity.quantity></Point><Point><position>8110</position><in_Quantity.quantity>0.000000</in_Quantity.quantity><out_Quantity.quantity>821.700061</out_Quantity.quantity></Point><Point><position>8111</position><in_Quantity.quantity>0.000000</in_Quantity.quantity><out_Quantity.quantity>932.963266</out_Quantity.quantity></Point><Point><position>8112</position><in_Quantity.quantity>0.000000</in_Quantity.quantity><out_Quantity.quantity>973.847030</out_Quantity.quantity></Point><Point><position>8113</position><in_Quantity.quantity>0.000000</in_Quantity.quantity><out_Quantity.quantity>910.177336</out_Quantity.quantity></Point><Point><position>8114</position><in_Quantity.quantity>0.000000</in_Quantity.quantity><out_Quantity.quantity>276.156193</out_Quantity.quantity></Point><Point><position>8115</position><in_Quantity.quantity>0.000000</in_Quantity.quantity><out_Quantity.quantity>440.413314</out_Quantity.quantity></Point><Point><position>8116</position><in_Quantity.quantity>0.000000</in_Quantity.quantity><out_Quantity.quantity>942.574291</out_Quantity.quantity></Point><Point><position>8117</position><in_Quantity.quantity>0.000000</in_Quantity.quantity><out_Quantity.quantity>313.113162</out_Quantity.quantity></Point><Point><position>8118</position><in_Quantity.quantity>0.000000</in_Quantity.quantity><out_Quantity.quantity>404.631341</out_Quantity.quantity></Point><Point><position>8119</position><in_Quantity.quantity>0.000000</in_Quantity.quantity><out_Quantity.quantity>403.650689</out_Quantity.quantity></Point><Point><position>8120</position><in_Quantity.quantity>0.000000</in_Quantity.quantity><out_Quantity.quantity>819.296866</out_Quantity.quantity></Point><Point><position>8121</position><in_Quantity.quantity>0.000000</in_Quantity.quantity><out_Quantity.quantity>665.981684</out_Quantity.quantity></Point><Point><position>8122</position><in_Quantity.quantity>0.000000</in_Quantity.quantity><out_Quantity.quantity>940.835777</out_Quantity.quantity></Point><Point><position>8123</position><in_Quantity.quantity>0.000000</in_Quantity.quantity><out_Quantity.quantity>946.218121</out_Quantity.quantity></Point><Point><position>8124</position><in_Quantity.quantity>0.000000</in_Quantity.quantity><out_Quantity.quantity>486.163820</out_Quantity.quantity></Point><Point><position>8125</position><in_Quantity.quantity>0.000000</in_Quantity.quantity><out_Quantity.quantity>446.696550</out_Quantity.quantity></Point><Point><position>8126</position><in_Quantity.quantity>0.000000</in_Quantity.quantity><out_Quantity.quantity>983.010346</out_Quantity.quantity></Point><Point><position>8127</position><in_Quantity.quantity>0.000000</in_Quantity.quantity><out_Quantity.quantity>504.940653</out_Quantity.quantity></Point><Point><position>8128</position><in_Quantity.quantity>0.000000</in_Quantity.quantity><out_Quantity.quantity>755.336538</out_Quantity.quantity></Point><Point><position>8129</position><in_Quantity.quantity>0.000000</in_Quantity.quantity><out_Quantity.quantity>250.848824</out_Quantity.quantity></Point><Point><position>8130</position><in_Quantity.quantity>0.000000</in_Quantity.quantity><out_Quantity.quantity>970.034750</out_Quantity.quantity></Point><Point><position>8131</position><in_Quantity.quantity>0.000000</in_Quantity.quantity><out_Quantity.quantity>503.363869</out_Quantity.quantity></Point><Point><position>8132</position><in_Quantity.quantity>0.000000</in_Quantity.quantity><out_Quantity.quantity>917.546241</out_Quantity.quantity></Point><Point><position>8133</position><in_Quantity.quantity>0.000000</in_Quantity.quantity><out_Quantity.quantity>834.092837</out_Quantity.quantity></Point><Point><position>8134</position><in_Quantity.quantity>0.000000</in_Quantity.quantity><out_Quantity.quantity>192.874609</out_Quantity.quantity></Point><Point><position>8135</position><in_Quantity.quantity>0.000000</in_Quantity.quantity><out_Quantity.quantity>35.893022</out_Quantity.quantity></Point><Point><position>8136</position><in_Quantity.quantity>0.000000</in_Quantity.quantity><out_Quantity.quantity>979.248010</out_Quantity.quantity></Point><Point><position>8137</position><in_Quantity.quantity>0.000000</in_Quantity.quantity><out_Quantity.quantity>715.169889</out_Quantity.quantity></Point><Point><position>8138</position><in_Quantity.quantity>0.000000</in_Quantity.quantity><out_Quantity.quantity>279.564945</out_Quantity.quantity></Point><Point><position>8139</position><in_Quantity.quantity>0.000000</in_Quantity.quantity><out_Quantity.quantity>88.118130</out_Quantity.quantity></Point><Point><position>8140</position><in_Quantity.quantity>0.000000</in_Quantity.quantity><out_Quantity.quantity>687.659877</out_Quantity.quantity></Point><Point><position>8141</position><in_Quantity.quantity>0.000000</in_Quantity.quantity><out_Quantity.quantity>300.358598</out_Quantity.quantity></Point><Point><position>8142</position><in_Quantity.quantity>0.000000</in_Quantity.quantity><out_Quantity.quantity>764.049195</out_Quantity.quantity></Point><Point><position>8143</position><in_Quantity.quantity>0.000000</in_Quantity.quantity><out_Quantity.quantity>56.384503</out_Quantity.quantity></Point><Point><position>8144</position><in_Quantity.quantity>0.000000</in_Quantity.quantity><out_Quantity.quantity>439.514180</out_Quantity.quantity></Point><Point><position>8145</position><in_Quantity.quantity>0.000000</in_Quantity.quantity><out_Quantity.quantity>660.919501</out_Quantity.quantity></Point><Point><position>8146</position><in_Quantity.quantity>0.000000</in_Quantity.quantity><out_Quantity.quantity>501.319519</out_Quantity.quantity></Point><Point><position>8147</position><in_Quantity.quantity>0.000000</in_Quantity.quantity><out_Quantity.quantity>229.019352</out_Quantity.quantity></Point><Point><position>8148</position><in_Quantity.quantity>0.000000</in_Quantity.quantity><out_Quantity.quantity>185.171002</out_Quantity.quantity></Point><Point><position>8149</position><in_Quantity.quantity>0.000000</in_Quantity.quantity><out_Quantity.quantity>218.892419</out_Quantity.quantity></Point><Point><position>8150</position><in_Quantity.quantity>0.000000</in_Quantity.quantity><out_Quantity.quantity>30.211943</out_Quantity.quantity></Point><Point><position>8151</position><in_Quantity.quantity>0.000000</in_Quantity.quantity><out_Quantity.quantity>306.905652</out_Quantity.quantity></Point><Point><position>8152</position><in_Quantity.quantity>0.000000</in_Quantity.quantity><out_Quantity.quantity>789.243595</out_Quantity.quantity></Point><Point><position>8153</position><in_Quantity.quantity>0.000000</in_Quantity.quantity><out_Quantity.quantity>885.716072</out_Quantity.quantity></Point><Point><position>8154</position><in_Quantity.quantity>0.000000</in_Quantity.quantity><out_Quantity.quantity>124.678345</out_Quantity.quantity></Point><Point><position>8155</position><in_Quantity.quantity>0.000000</in_Quantity.quantity><out_Quantity.quantity>2.329727</out_Quantity.quantity></Point><Point><position>8156</position><in_Quantity.quantity>0.000000</in_Quantity.quantity><out_Quantity.quantity>590.211097</out_Quantity.quantity></Point><Point><position>8157</position><in_Quantity.quantity>0.000000</in_Quantity.quantity><out_Quantity.quantity>956.114501</out_Quantity.quantity></Point><Point><position>8158</position><in_Quantity.quantity>0.000000</in_Quantity.quantity><out_Quantity.quantity>32.846944</out_Quantity.quantity></Point><Point><position>8159</position><in_Quantity.quantity>0.000000</in_Quantity.quantity><out_Quantity.quantity>979.982986</out_Quantity.quantity></Point><Point><position>8160</position><in_Quantity.quantity>0.000000</in_Quantity.quantity><out_Quantity.quantity>594.978273</out_Quantity.quantity></Point><Point><position>8161</position><in_Quantity.quantity>0.000000</in_Quantity.quantity><out_Quantity.quantity>367.548384</out_Quantity.quantity></Point><Point><position>8162</position><in_Quantity.quantity>0.000000</in_Quantity.quantity><out_Quantity.quantity>544.620062</out_Quantity.quantity></Point><Point><position>8163</position><in_Quantity.quantity>0.000000</in_Quantity.quantity><out_Quantity.quantity>506.393724</out_Quantity.quantity></Point><Point><position>8164</position><in_Quantity.quantity>0.000000</in_Quantity.quantity><out_Quantity.quantity>532.708887</out_Quantity.quantity></Point><Point><position>8165</position><in_Quantity.quantity>0.000000</in_Quantity.quantity><out_Quantity.quantity>92.499154</out_Quantity.quantity></Point><Point><position>8166</position><in_Quantity.quantity>0.000000</in_Quantity.quantity><out_Quantity.quantity>103.036457</out_Quantity.quantity></Point><Point><position>8167</position><in_Quantity.quantity>0.000000</in_Quantity.quantity><out_Quantity.quantity>544.744824</out_Quantity.quantity></Point><Point><position>8168</position><in_Quantity.quantity>0.000000</in_Quantity.quantity><out_Quantity.quantity>529.182080</out_Quantity.quantity></Point><Point><position>8169</position><in_Quantity.quantity>0.000000</in_Quantity.quantity><out_Quantity.quantity>371.951441</out_Quantity.quantity></Point><Point><position>8170</position><in_Quantity.quantity>0.000000</in_Quantity.quantity><out_Quantity.quantity>898.303633</out_Quantity.quantity></Point><Point><position>8171</position><in_Quantity.quantity>0.000000</in_Quantity.quantity><out_Quantity.quantity>75.201934</out_Quantity.quantity></Point><Point><position>8172</position><in_Quantity.quantity>0.000000</in_Quantity.quantity><out_Quantity.quantity>450.936975</out_Quantity.quantity></Point><Point><position>8173</position><in_Quantity.quantity>0.000000</in_Quantity.quantity><out_Quantity.quantity>730.965218</out_Quantity.quantity></Point><Point><position>8174</position><in_Quantity.quantity>0.000000</in_Quantity.quantity><out_Quantity.quantity>988.101679</out_Quantity.quantity></Point><Point><position>8175</position><in_Quantity.quantity>0.000000</in_Quantity.quantity><out_Quantity.quantity>185.237314</out_Quantity.quantity></Point><Point><position>8176</position><in_Quantity.quantity>0.000000</in_Quantity.quantity><out_Quantity.quantity>847.734744</out_Quantity.quantity></Point><Point><position>8177</position><in_Quantity.quantity>0.000000</in_Quantity.quantity><out_Quantity.quantity>424.392340</out_Quantity.quantity></Point><Point><position>8178</position><in_Quantity.quantity>0.000000</in_Quantity.quantity><out_Quantity.quantity>947.751156</out_Quantity.quantity></Point><Point><position>8179</position><in_Quantity.quantity>0.000000</in_Quantity.quantity><out_Quantity.quantity>513.290221</out_Quantity.quantity></Point><Point><position>8180</position><in_Quantity.quantity>0.000000</in_Quantity.quantity><out_Quantity.quantity>604.139060</out_Quantity.quantity></Point><Point><position>8181</position><in_Quantity.quantity>0.000000</in_Quantity.quantity><out_Quantity.quantity>61.975515</out_Quantity.quantity></Point><Point><position>8182</position><in_Quantity.quantity>0.000000</in_Quantity.quantity><out_Quantity.quantity>828.094876</out_Quantity.quantity></Point><Point><position>8183</position><in_Quantity.quantity>0.000000</in_Quantity.quantity><out_Quantity.quantity>676.196582</out_Quantity.quantity></Point><Point><position>8184</position><in_Quantity.quantity>0.000000</in_Quantity.quantity><out_Quantity.quantity>671.815024</out_Quantity.quantity></Point><Point><position>8185</position><in_Quantity.quantity>0.000000</in_Quantity.quantity><out_Quantity.quantity>881.903093</out_Quantity.quantity></Point><Point><position>8186</position><in_Quantity.quantity>0.000000</in_Quantity.quantity><out_Quantity.quantity>259.011822</out_Quantity.quantity></Point><Point><position>8187</position><in_Quantity.quantity>0.000000</in_Quantity.quantity><out_Quantity.quantity>697.708716</out_Quantity.quantity></Point><Point><position>8188</position><in_Quantity.quantity>0.000000</in_Quantity.quantity><out_Quantity.quantity>199.339661</out_Quantity.quantity></Point><Point><position>8189</position><in_Quantity.quantity>0.000000</in_Quantity.quantity><out_Quantity.quantity>352.190424</out_Quantity.quantity></Point><Point><position>8190</position><in_Quantity.quantity>0.000000</in_Quantity.quantity><out_Quantity.quantity>335.289428</out_Quantity.quantity></Point><Point><position>8191</position><in_Quantity.quantity>0.000000</in_Quantity.quantity><out_Quantity.quantity>306.926847</out_Quantity.quantity></Point><Point><position>8192</position><in_Quantity.quantity>0.000000</in_Quantity.quantity><out_Quantity.quantity>751.170565</out_Quantity.quantity></Point><Point><position>8193</position><in_Quantity.quantity>0.000000</in_Quantity.quantity><out_Quantity.quantity>562.284640</out_Quantity.quantity></Point><Point><position>8194</position><in_Quantity.quantity>0.000000</in_Quantity.quantity><out_Quantity.quantity>172.438015</out_Quantity.quantity></Point><Point><position>8195</position><in_Quantity.quantity>0.000000</in_Quantity.quantity><out_Quantity.quantity>612.750670</out_Quantity.quantity></Point><Point><position>8196</position><in_Quantity.quantity>0.000000</in_Quantity.quantity><out_Quantity.quantity>410.834903</out_Quantity.quantity></Point><Point><position>8197</position><in_Quantity.quantity>0.000000</in_Quantity.quantity><out_Quantity.quantity>38.266532</out_Quantity.quantity></Point><Point><position>8198</position><in_Quantity.quantity>0.000000</in_Quantity.quantity><out_Quantity.quantity>312.928522</out_Quantity.quantity></Point><Point><position>8199</position><in_Quantity.quantity>0.000000</in_Quantity.quantity><out_Quantity.quantity>684.377934</out_Quantity.quantity></Point><Point><position>8200</position><in_Quantity.quantity>0.000000</in_Quantity.quantity><out_Quantity.quantity>340.083749</out_Quantity.quantity></Point><Point><position>8201</position><in_Quantity.quantity>0.000000</in_Quantity.quantity><out_Quantity.quantity>686.279617</out_Quantity.quantity></Point><Point><position>8202</position><in_Quantity.quantity>0.000000</in_Quantity.quantity><out_Quantity.quantity>245.828239</out_Quantity.quantity></Point><Point><position>8203</position><in_Quantity.quantity>0.000000</in_Quantity.quantity><out_Quantity.quantity>172.756350</out_Quantity.quantity></Point><Point><position>8204</position><in_Quantity.quantity>0.000000</in_Quantity.quantity><out_Quantity.quantity>354.562971</out_Quantity.quantity></Point><Point><position>8205</position><in_Quantity.quantity>0.000000</in_Quantity.quantity><out_Quantity.quantity>514.505751</out_Quantity.quantity></Point><Point><position>8206</position><in_Quantity.quantity>0.000000</in_Quantity.quantity><out_Quantity.quantity>412.993425</out_Quantity.quantity></Point><Point><position>8207</position><in_Quantity.quantity>0.000000</in_Quantity.quantity><out_Quantity.quantity>125.550977</out_Quantity.quantity></Point><Point><position>8208</position><in_Quantity.quantity>0.000000</in_Quantity.quantity><out_Quantity.quantity>611.730651</out_Quantity.quantity></Point><Point><position>8209</position><in_Quantity.quantity>0.000000</in_Quantity.quantity><out_Quantity.quantity>860.824635</out_Quantity.quantity></Point><Point><position>8210</position><in_Quantity.quantity>0.000000</in_Quantity.quantity><out_Quantity.quantity>124.196786</out_Quantity.quantity></Point><Point><position>8211</position><in_Quantity.quantity>0.000000</in_Quantity.quantity><out_Quantity.quantity>796.377813</out_Quantity.quantity></Point><Point><position>8212</position><in_Quantity.quantity>0.000000</in_Quantity.quantity><out_Quantity.quantity>794.975930</out_Quantity.quantity></Point><Point><position>8213</position><in_Quantity.quantity>0.000000</in_Quantity.quantity><out_Quantity.quantity>732.906058</out_Quantity.quantity></Point><Point><position>8214</position><in_Quantity.quantity>0.000000</in_Quantity.quantity><out_Quantity.quantity>972.325111</out_Quantity.quantity></Point><Point><position>8215</position><in_Quantity.quantity>0.000000</in_Quantity.quantity><out_Quantity.quantity>828.625337</out_Quantity.quantity></Point><Point><position>8216</position><in_Quantity.quantity>0.000000</in_Quantity.quantity><out_Quantity.quantity>269.337202</out_Quantity.quantity></Point><Point><position>8217</position><in_Quantity.quantity>0.000000</in_Quantity.quantity><out_Quantity.quantity>84.448037</out_Quantity.quantity></Point><Point><position>8218</position><in_Quantity.quantity>0.000000</in_Quantity.quantity><out_Quantity.quantity>195.580781</out_Quantity.quantity></Point><Point><position>8219</position><in_Quantity.quantity>0.000000</in_Quantity.quantity><out_Quantity.quantity>772.625884</out_Quantity.quantity></Point><Point><position>8220</position><in_Quantity.quantity>0.000000</in_Quantity.quantity><out_Quantity.quantity>171.110428</out_Quantity.quantity></Point><Point><position>8221</position><in_Quantity.quantity>0.000000</in_Quantity.quantity><out_Quantity.quantity>493.989112</out_Quantity.quantity></Point><Point><position>8222</position><in_Quantity.quantity>0.000000</in_Quantity.quantity><out_Quantity.quantity>998.431333</out_Quantity.quantity></Point><Point><position>8223</position><in_Quantity.quantity>0.000000</in_Quantity.quantity><out_Quantity.quantity>234.625595</out_Quantity.quantity></Point><Point><position>8224</position><in_Quantity.quantity>0.000000</in_Quantity.quantity><out_Quantity.quantity>419.273677</out_Quantity.quantity></Point><Point><position>8225</position><in_Quantity.quantity>0.000000</in_Quantity.quantity><out_Quantity.quantity>623.186488</out_Quantity.quantity></Point><Point><position>8226</position><in_Quantity.quantity>0.000000</in_Quantity.quantity><out_Quantity.quantity>571.937941</out_Quantity.quantity></Point><Point><position>8227</position><in_Quantity.quantity>0.000000</in_Quantity.quantity><out_Quantity.quantity>367.633330</out_Quantity.quantity></Point><Point><position>8228</position><in_Quantity.quantity>0.000000</in_Quantity.quantity><out_Quantity.quantity>624.649072</out_Quantity.quantity></Point><Point><position>8229</position><in_Quantity.quantity>0.000000</in_Quantity.quantity><out_Quantity.quantity>9.786512</out_Quantity.quantity></Point><Point><position>8230</position><in_Quantity.quantity>0.000000</in_Quantity.quantity><out_Quantity.quantity>172.511610</out_Quantity.quantity></Point><Point><position>8231</position><in_Quantity.quantity>0.000000</in_Quantity.quantity><out_Quantity.quantity>849.760543</out_Quantity.quantity></Point><Point><position>8232</position><in_Quantity.quantity>0.000000</in_Quantity.quantity><out_Quantity.quantity>181.597334</out_Quantity.quantity></Point><Point><position>8233</position><in_Quantity.quantity>0.000000</in_Quantity.quantity><out_Quantity.quantity>842.091695</out_Quantity.quantity></Point><Point><position>8234</position><in_Quantity.quantity>0.000000</in_Quantity.quantity><out_Quantity.quantity>482.977355</out_Quantity.quantity></Point><Point><position>8235</position><in_Quantity.quantity>0.000000</in_Quantity.quantity><out_Quantity.quantity>186.197871</out_Quantity.quantity></Point><Point><position>8236</position><in_Quantity.quantity>0.000000</in_Quantity.quantity><out_Quantity.quantity>929.943186</out_Quantity.quantity></Point><Point><position>8237</position><in_Quantity.quantity>0.000000</in_Quantity.quantity><out_Quantity.quantity>936.551297</out_Quantity.quantity></Point><Point><position>8238</position><in_Quantity.quantity>0.000000</in_Quantity.quantity><out_Quantity.quantity>750.668756</out_Quantity.quantity></Point><Point><position>8239</position><in_Quantity.quantity>0.000000</in_Quantity.quantity><out_Quantity.quantity>259.929390</out_Quantity.quantity></Point><Point><position>8240</position><in_Quantity.quantity>0.000000</in_Quantity.quantity><out_Quantity.quantity>344.537209</out_Quantity.quantity></Point><Point><position>8241</position><in_Quantity.quantity>0.000000</in_Quantity.quantity><out_Quantity.quantity>581.913897</out_Quantity.quantity></Point><Point><position>8242</position><in_Quantity.quantity>0.000000</in_Quantity.quantity><out_Quantity.quantity>659.905220</out_Quantity.quantity></Point><Point><position>8243</position><in_Quantity.quantity>0.000000</in_Quantity.quantity><out_Quantity.quantity>345.148016</out_Quantity.quantity></Point><Point><position>8244</position><in_Quantity.quantity>0.000000</in_Quantity.quantity><out_Quantity.quantity>511.948679</out_Quantity.quantity></Point><Point><position>8245</position><in_Quantity.quantity>0.000000</in_Quantity.quantity><out_Quantity.quantity>334.091745</out_Quantity.quantity></Point><Point><position>8246</position><in_Quantity.quantity>0.000000</in_Quantity.quantity><out_Quantity.quantity>285.768976</out_Quantity.quantity></Point><Point><position>8247</position><in_Quantity.quantity>0.000000</in_Quantity.quantity><out_Quantity.quantity>502.486272</out_Quantity.quantity></Point><Point><position>8248</position><in_Quantity.quantity>0.000000</in_Quantity.quantity><out_Quantity.quantity>466.039129</out_Quantity.quantity></Point><Point><position>8249</position><in_Quantity.quantity>0.000000</in_Quantity.quantity><out_Quantity.quantity>351.602152</out_Quantity.quantity></Point><Point><position>8250</position><in_Quantity.quantity>0.000000</in_Quantity.quantity><out_Quantity.quantity>14.105291</out_Quantity.quantity></Point><Point><position>8251</position><in_Quantity.quantity>0.000000</in_Quantity.quantity><out_Quantity.quantity>173.476703</out_Quantity.quantity></Point><Point><position>8252</position><in_Quantity.quantity>0.000000</in_Quantity.quantity><out_Quantity.quantity>876.466584</out_Quantity.quantity></Point><Point><position>8253</position><in_Quantity.quantity>0.000000</in_Quantity.quantity><out_Quantity.quantity>389.837104</out_Quantity.quantity></Point><Point><position>8254</position><in_Quantity.quantity>0.000000</in_Quantity.quantity><out_Quantity.quantity>406.573836</out_Quantity.quantity></Point><Point><position>8255</position><in_Quantity.quantity>0.000000</in_Quantity.quantity><out_Quantity.quantity>892.435848</out_Quantity.quantity></Point><Point><position>8256</position><in_Quantity.quantity>0.000000</in_Quantity.quantity><out_Quantity.quantity>841.477147</out_Quantity.quantity></Point><Point><position>8257</position><in_Quantity.quantity>0.000000</in_Quantity.quantity><out_Quantity.quantity>505.057068</out_Quantity.quantity></Point><Point><position>8258</position><in_Quantity.quantity>0.000000</in_Quantity.quantity><out_Quantity.quantity>411.142887</out_Quantity.quantity></Point><Point><position>8259</position><in_Quantity.quantity>0.000000</in_Quantity.quantity><out_Quantity.quantity>872.448938</out_Quantity.quantity></Point><Point><position>8260</position><in_Quantity.quantity>0.000000</in_Quantity.quantity><out_Quantity.quantity>582.218151</out_Quantity.quantity></Point><Point><position>8261</position><in_Quantity.quantity>0.000000</in_Quantity.quantity><out_Quantity.quantity>578.672056</out_Quantity.quantity></Point><Point><position>8262</position><in_Quantity.quantity>0.000000</in_Quantity.quantity><out_Quantity.quantity>465.025146</out_Quantity.quantity></Point><Point><position>8263</position><in_Quantity.quantity>0.000000</in_Quantity.quantity><out_Quantity.quantity>964.881638</out_Quantity.quantity></Point><Point><position>8264</position><in_Quantity.quantity>0.000000</in_Quantity.quantity><out_Quantity.quantity>303.697162</out_Quantity.quantity></Point><Point><position>8265</position><in_Quantity.quantity>0.000000</in_Quantity.quantity><out_Quantity.quantity>17.696243</out_Quantity.quantity></Point><Point><position>8266</position><in_Quantity.quantity>0.000000</in_Quantity.quantity><out_Quantity.quantity>373.879829</out_Quantity.quantity></Point><Point><position>8267</position><in_Quantity.quantity>0.000000</in_Quantity.quantity><out_Quantity.quantity>774.829377</out_Quantity.quantity></Point><Point><position>8268</position><in_Quantity.quantity>0.000000</in_Quantity.quantity><out_Quantity.quantity>785.270297</out_Quantity.quantity></Point><Point><position>8269</position><in_Quantity.quantity>0.000000</in_Quantity.quantity><out_Quantity.quantity>213.990179</out_Quantity.quantity></Point><Point><position>8270</position><in_Quantity.quantity>0.000000</in_Quantity.quantity><out_Quantity.quantity>300.669728</out_Quantity.quantity></Point><Point><position>8271</position><in_Quantity.quantity>0.000000</in_Quantity.quantity><out_Quantity.quantity>606.509452</out_Quantity.quantity></Point><Point><position>8272</position><in_Quantity.quantity>0.000000</in_Quantity.quantity><out_Quantity.quantity>71.361273</out_Quantity.quantity></Point><Point><position>8273</position><in_Quantity.quantity>0.000000</in_Quantity.quantity><out_Quantity.quantity>429.984450</out_Quantity.quantity></Point><Point><position>8274</position><in_Quantity.quantity>0.000000</in_Quantity.quantity><out_Quantity.quantity>722.071081</out_Quantity.quantity></Point><Point><position>8275</position><in_Quantity.quantity>0.000000</in_Quantity.quantity><out_Quantity.quantity>60.460472</out_Quantity.quantity></Point><Point><position>8276</position><in_Quantity.quantity>0.000000</in_Quantity.quantity><out_Quantity.quantity>946.168575</out_Quantity.quantity></Point><Point><position>8277</position><in_Quantity.quantity>0.000000</in_Quantity.quantity><out_Quantity.quantity>756.897915</out_Quantity.quantity></Point><Point><position>8278</position><in_Quantity.quantity>0.000000</in_Quantity.quantity><out_Quantity.quantity>511.068088</out_Quantity.quantity></Point><Point><position>8279</position><in_Quantity.quantity>0.000000</in_Quantity.quantity><out_Quantity.quantity>120.252075</out_Quantity.quantity></Point><Point><position>8280</position><in_Quantity.quantity>0.000000</in_Quantity.quantity><out_Quantity.quantity>244.397242</out_Quantity.quantity></Point><Point><position>8281</position><in_Quantity.quantity>0.000000</in_Quantity.quantity><out_Quantity.quantity>148.812804</out_Quantity.quantity></Point><Point><position>8282</position><in_Quantity.quantity>0.000000</in_Quantity.quantity><out_Quantity.quantity>555.655217</out_Quantity.quantity></Point><Point><position>8283</position><in_Quantity.quantity>0.000000</in_Quantity.quantity><out_Quantity.quantity>37.367852</out_Quantity.quantity></Point><Point><position>8284</position><in_Quantity.quantity>0.000000</in_Quantity.quantity><out_Quantity.quantity>461.477221</out_Quantity.quantity></Point><Point><position>8285</position><in_Quantity.quantity>0.000000</in_Quantity.quantity><out_Quantity.quantity>269.046162</out_Quantity.quantity></Point><Point><position>8286</position><in_Quantity.quantity>0.000000</in_Quantity.quantity><out_Quantity.quantity>96.477396</out_Quantity.quantity></Point><Point><position>8287</position><in_Quantity.quantity>0.000000</in_Quantity.quantity><out_Quantity.quantity>226.800840</out_Quantity.quantity></Point><Point><position>8288</position><in_Quantity.quantity>0.000000</in_Quantity.quantity><out_Quantity.quantity>431.238115</out_Quantity.quantity></Point><Point><position>8289</position><in_Quantity.quantity>0.000000</in_Quantity.quantity><out_Quantity.quantity>670.057711</out_Quantity.quantity></Point><Point><position>8290</position><in_Quantity.quantity>0.000000</in_Quantity.quantity><out_Quantity.quantity>282.441350</out_Quantity.quantity></Point><Point><position>8291</position><in_Quantity.quantity>0.000000</in_Quantity.quantity><out_Quantity.quantity>575.688759</out_Quantity.quantity></Point><Point><position>8292</position><in_Quantity.quantity>0.000000</in_Quantity.quantity><out_Quantity.quantity>524.076590</out_Quantity.quantity></Point><Point><position>8293</position><in_Quantity.quantity>0.000000</in_Quantity.quantity><out_Quantity.quantity>179.363248</out_Quantity.quantity></Point><Point><position>8294</position><in_Quantity.quantity>0.000000</in_Quantity.quantity><out_Quantity.quantity>636.531760</out_Quantity.quantity></Point><Point><position>8295</position><in_Quantity.quantity>0.000000</in_Quantity.quantity><out_Quantity.quantity>871.381950</out_Quantity.quantity></Point><Point><position>8296</position><in_Quantity.quantity>0.000000</in_Quantity.quantity><out_Quantity.quantity>221.098028</out_Quantity.quantity></Point><Point><position>8297</position><in_Quantity.quantity>0.000000</in_Quantity.quantity><out_Quantity.quantity>145.789497</out_Quantity.quantity></Point><Point><position>8298</position><in_Quantity.quantity>0.000000</in_Quantity.quantity><out_Quantity.quantity>457.509445</out_Quantity.quantity></Point><Point><position>8299</position><in_Quantity.quantity>0.000000</in_Quantity.quantity><out_Quantity.quantity>321.133809</out_Quantity.quantity></Point><Point><position>8300</position><in_Quantity.quantity>0.000000</in_Quantity.quantity><out_Quantity.quantity>726.686675</out_Quantity.quantity></Point><Point><position>8301</position><in_Quantity.quantity>0.000000</in_Quantity.quantity><out_Quantity.quantity>382.810038</out_Quantity.quantity></Point><Point><position>8302</position><in_Quantity.quantity>0.000000</in_Quantity.quantity><out_Quantity.quantity>87.147560</out_Quantity.quantity></Point><Point><position>8303</position><in_Quantity.quantity>0.000000</in_Quantity.quantity><out_Quantity.quantity>904.969900</out_Quantity.quantity></Point><Point><position>8304</position><in_Quantity.quantity>0.000000</in_Quantity.quantity><out_Quantity.quantity>287.390044</out_Quantity.quantity></Point><Point><position>8305</position><in_Quantity.quantity>0.000000</in_Quantity.quantity><out_Quantity.quantity>565.187130</out_Quantity.quantity></Point><Point><position>8306</position><in_Quantity.quantity>0.000000</in_Quantity.quantity><out_Quantity.quantity>296.222677</out_Quantity.quantity></Point><Point><position>8307</position><in_Quantity.quantity>0.000000</in_Quantity.quantity><out_Quantity.quantity>822.071692</out_Quantity.quantity></Point><Point><position>8308</position><in_Quantity.quantity>0.000000</in_Quantity.quantity><out_Quantity.quantity>647.980673</out_Quantity.quantity></Point><Point><position>8309</position><in_Quantity.quantity>0.000000</in_Quantity.quantity><out_Quantity.quantity>270.981929</out_Quantity.quantity></Point><Point><position>8310</position><in_Quantity.quantity>0.000000</in_Quantity.quantity><out_Quantity.quantity>549.318721</out_Quantity.quantity></Point><Point><position>8311</position><in_Quantity.quantity>0.000000</in_Quantity.quantity><out_Quantity.quantity>948.319157</out_Quantity.quantity></Point><Point><position>8312</position><in_Quantity.quantity>0.000000</in_Quantity.quantity><out_Quantity.quantity>265.725875</out_Quantity.quantity></Point><Point><position>8313</position><in_Quantity.quantity>0.000000</in_Quantity.quantity><out_Quantity.quantity>446.924602</out_Quantity.quantity></Point><Point><position>8314</position><in_Quantity.quantity>0.000000</in_Quantity.quantity><out_Quantity.quantity>32.368564</out_Quantity.quantity></Point><Point><position>8315</position><in_Quantity.quantity>0.000000</in_Quantity.quantity><out_Quantity.quantity>632.034510</out_Quantity.quantity></Point><Point><position>8316</position><in_Quantity.quantity>0.000000</in_Quantity.quantity><out_Quantity.quantity>592.114242</out_Quantity.quantity></Point><Point><position>8317</position><in_Quantity.quantity>0.000000</in_Quantity.quantity><out_Quantity.quantity>938.630115</out_Quantity.quantity></Point><Point><position>8318</position><in_Quantity.quantity>0.000000</in_Quantity.quantity><out_Quantity.quantity>341.235988</out_Quantity.quantity></Point><Point><position>8319</position><in_Quantity.quantity>0.000000</in_Quantity.quantity><out_Quantity.quantity>779.782368</out_Quantity.quantity></Point><Point><position>8320</position><in_Quantity.quantity>0.000000</in_Quantity.quantity><out_Quantity.quantity>219.526478</out_Quantity.quantity></Point><Point><position>8321</position><in_Quantity.quantity>0.000000</in_Quantity.quantity><out_Quantity.quantity>439.408140</out_Quantity.quantity></Point><Point><position>8322</position><in_Quantity.quantity>0.000000</in_Quantity.quantity><out_Quantity.quantity>156.575256</out_Quantity.quantity></Point><Point><position>8323</position><in_Quantity.quantity>0.000000</in_Quantity.quantity><out_Quantity.quantity>491.724867</out_Quantity.quantity></Point><Point><position>8324</position><in_Quantity.quantity>0.000000</in_Quantity.quantity><out_Quantity.quantity>3.580365</out_Quantity.quantity></Point><Point><position>8325</position><in_Quantity.quantity>0.000000</in_Quantity.quantity><out_Quantity.quantity>1.842171</out_Quantity.quantity></Point><Point><position>8326</position><in_Quantity.quantity>0.000000</in_Quantity.quantity><out_Quantity.quantity>750.386960</out_Quantity.quantity></Point><Point><position>8327</position><in_Quantity.quantity>0.000000</in_Quantity.quantity><out_Quantity.quantity>902.125253</out_Quantity.quantity></Point><Point><position>8328</position><in_Quantity.quantity>0.000000</in_Quantity.quantity><out_Quantity.quantity>606.239191</out_Quantity.quantity></Point><Point><position>8329</position><in_Quantity.quantity>0.000000</in_Quantity.quantity><out_Quantity.quantity>922.325482</out_Quantity.quantity></Point><Point><position>8330</position><in_Quantity.quantity>0.000000</in_Quantity.quantity><out_Quantity.quantity>651.405030</out_Quantity.quantity></Point><Point><position>8331</position><in_Quantity.quantity>0.000000</in_Quantity.quantity><out_Quantity.quantity>524.082729</out_Quantity.quantity></Point><Point><position>8332</position><in_Quantity.quantity>0.000000</in_Quantity.quantity><out_Quantity.quantity>137.411662</out_Quantity.quantity></Point><Point><position>8333</position><in_Quantity.quantity>0.000000</in_Quantity.quantity><out_Quantity.quantity>666.176035</out_Quantity.quantity></Point><Point><position>8334</position><in_Quantity.quantity>0.000000</in_Quantity.quantity><out_Quantity.quantity>818.485088</out_Quantity.quantity></Point><Point><position>8335</position><in_Quantity.quantity>0.000000</in_Quantity.quantity><out_Quantity.quantity>293.913196</out_Quantity.quantity></Point><Point><position>8336</position><in_Quantity.quantity>0.000000</in_Quantity.quantity><out_Quantity.quantity>627.660281</out_Quantity.quantity></Point><Point><position>8337</position><in_Quantity.quantity>0.000000</in_Quantity.quantity><out_Quantity.quantity>59.486920</out_Quantity.quantity></Point><Point><position>8338</position><in_Quantity.quantity>0.000000</in_Quantity.quantity><out_Quantity.quantity>876.354384</out_Quantity.quantity></Point><Point><position>8339</position><in_Quantity.quantity>0.000000</in_Quantity.quantity><out_Quantity.quantity>268.735781</out_Quantity.quantity></Point><Point><position>8340</position><in_Quantity.quantity>0.000000</in_Quantity.quantity><out_Quantity.quantity>932.077063</out_Quantity.quantity></Point><Point><position>8341</position><in_Quantity.quantity>0.000000</in_Quantity.quantity><out_Quantity.quantity>415.195006</out_Quantity.quantity></Point><Point><position>8342</position><in_Quantity.quantity>0.000000</in_Quantity.quantity><out_Quantity.quantity>863.274356</out_Quantity.quantity></Point><Point><position>8343</position><in_Quantity.quantity>0.000000</in_Quantity.quantity><out_Quantity.quantity>566.333726</out_Quantity.quantity></Point><Point><position>8344</position><in_Quantity.quantity>0.000000</in_Quantity.quantity><out_Quantity.quantity>540.914273</out_Quantity.quantity></Point><Point><position>8345</position><in_Quantity.quantity>0.000000</in_Quantity.quantity><out_Quantity.quantity>6.588301</out_Quantity.quantity></Point><Point><position>8346</position><in_Quantity.quantity>0.000000</in_Quantity.quantity><out_Quantity.quantity>845.713245</out_Quantity.quantity></Point><Point><position>8347</position><in_Quantity.quantity>0.000000</in_Quantity.quantity><out_Quantity.quantity>217.669508</out_Quantity.quantity></Point><Point><position>8348</position><in_Quantity.quantity>0.000000</in_Quantity.quantity><out_Quantity.quantity>349.380817</out_Quantity.quantity></Point><Point><position>8349</position><in_Quantity.quantity>0.000000</in_Quantity.quantity><out_Quantity.quantity>921.371751</out_Quantity.quantity></Point><Point><position>8350</position><in_Quantity.quantity>0.000000</in_Quantity.quantity><out_Quantity.quantity>764.234182</out_Quantity.quantity></Point><Point><position>8351</position><in_Quantity.quantity>0.000000</in_Quantity.quantity><out_Quantity.quantity>450.245225</out_Quantity.quantity></Point><Point><position>8352</position><in_Quantity.quantity>0.000000</in_Quantity.quantity><out_Quantity.quantity>480.741260</out_Quantity.quantity></Point><Point><position>8353</position><in_Quantity.quantity>0.000000</in_Quantity.quantity><out_Quantity.quantity>1.795524</out_Quantity.quantity></Point><Point><position>8354</position><in_Quantity.quantity>0.000000</in_Quantity.quantity><out_Quantity.quantity>551.099820</out_Quantity.quantity></Point><Point><position>8355</position><in_Quantity.quantity>0.000000</in_Quantity.quantity><out_Quantity.quantity>265.868667</out_Quantity.quantity></Point><Point><position>8356</position><in_Quantity.quantity>0.000000</in_Quantity.quantity><out_Quantity.quantity>249.186190</out_Quantity.quantity></Point><Point><position>8357</position><in_Quantity.quantity>0.000000</in_Quantity.quantity><out_Quantity.quantity>842.132034</out_Quantity.quantity></Point><Point><position>8358</position><in_Quantity.quantity>0.000000</in_Quantity.quantity><out_Quantity.quantity>807.320253</out_Quantity.quantity></Point><Point><position>8359</position><in_Quantity.quantity>0.000000</in_Quantity.quantity><out_Quantity.quantity>427.399768</out_Quantity.quantity></Point><Point><position>8360</position><in_Quantity.quantity>0.000000</in_Quantity.quantity><out_Quantity.quantity>137.509682</out_Quantity.quantity></Point><Point><position>8361</position><in_Quantity.quantity>0.000000</in_Quantity.quantity><out_Quantity.quantity>242.905091</out_Quantity.quantity></Point><Point><position>8362</position><in_Quantity.quantity>0.000000</in_Quantity.quantity><out_Quantity.quantity>436.978601</out_Quantity.quantity></Point><Point><position>8363</position><in_Quantity.quantity>0.000000</in_Quantity.quantity><out_Quantity.quantity>162.753598</out_Quantity.quantity></Point><Point><position>8364</position><in_Quantity.quantity>0.000000</in_Quantity.quantity><out_Quantity.quantity>472.903486</out_Quantity.quantity></Point><Point><position>8365</position><in_Quantity.quantity>0.000000</in_Quantity.quantity><out_Quantity.quantity>156.239779</out_Quantity.quantity></Point><Point><position>8366</position><in_Quantity.quantity>0.000000</in_Quantity.quantity><out_Quantity.quantity>355.005857</out_Quantity.quantity></Point><Point><position>8367</position><in_Quantity.quantity>0.000000</in_Quantity.quantity><out_Quantity.quantity>37.016083</out_Quantity.quantity></Point><Point><position>8368</position><in_Quantity.quantity>0.000000</in_Quantity.quantity><out_Quantity.quantity>662.974619</out_Quantity.quantity></Point><Point><position>8369</position><in_Quantity.quantity>0.000000</in_Quantity.quantity><out_Quantity.quantity>347.351607</out_Quantity.quantity></Point><Point><position>8370</position><in_Quantity.quantity>0.000000</in_Quantity.quantity><out_Quantity.quantity>554.600560</out_Quantity.quantity></Point><Point><position>8371</position><in_Quantity.quantity>0.000000</in_Quantity.quantity><out_Quantity.quantity>379.109727</out_Quantity.quantity></Point><Point><position>8372</position><in_Quantity.quantity>0.000000</in_Quantity.quantity><out_Quantity.quantity>689.304968</out_Quantity.quantity></Point><Point><position>8373</position><in_Quantity.quantity>0.000000</in_Quantity.quantity><out_Quantity.quantity>407.021387</out_Quantity.quantity></Point><Point><position>8374</position><in_Quantity.quantity>0.000000</in_Quantity.quantity><out_Quantity.quantity>122.791030</out_Quantity.quantity></Point><Point><position>8375</position><in_Quantity.quantity>0.000000</in_Quantity.quantity><out_Quantity.quantity>47.858254</out_Quantity.quantity></Point><Point><position>8376</position><in_Quantity.quantity>0.000000</in_Quantity.quantity><out_Quantity.quantity>855.588690</out_Quantity.quantity></Point><Point><position>8377</position><in_Quantity.quantity>0.000000</in_Quantity.quantity><out_Quantity.quantity>874.474335</out_Quantity.quantity></Point><Point><position>8378</position><in_Quantity.quantity>0.000000</in_Quantity.quantity><out_Quantity.quantity>667.214045</out_Quantity.quantity></Point><Point><position>8379</position><in_Quantity.quantity>0.000000</in_Quantity.quantity><out_Quantity.quantity>423.425109</out_Quantity.quantity></Point><Point><position>8380</position><in_Quantity.quantity>0.000000</in_Quantity.quantity><out_Quantity.quantity>147.934374</out_Quantity.quantity></Point><Point><position>8381</position><in_Quantity.quantity>0.000000</in_Quantity.quantity><out_Quantity.quantity>785.961574</out_Quantity.quantity></Point><Point><position>8382</position><in_Quantity.quantity>0.000000</in_Quantity.quantity><out_Quantity.quantity>617.483880</out_Quantity.quantity></Point><Point><position>8383</position><in_Quantity.quantity>0.000000</in_Quantity.quantity><out_Quantity.quantity>208.268441</out_Quantity.quantity></Point><Point><position>8384</position><in_Quantity.quantity>0.000000</in_Quantity.quantity><out_Quantity.quantity>349.490471</out_Quantity.quantity></Point><Point><position>8385</position><in_Quantity.quantity>0.000000</in_Quantity.quantity><out_Quantity.quantity>406.629236</out_Quantity.quantity></Point><Point><position>8386</position><in_Quantity.quantity>0.000000</in_Quantity.quantity><out_Quantity.quantity>950.223762</out_Quantity.quantity></Point><Point><position>8387</position><in_Quantity.quantity>0.000000</in_Quantity.quantity><out_Quantity.quantity>454.444620</out_Quantity.quantity></Point><Point><position>8388</position><in_Quantity.quantity>0.000000</in_Quantity.quantity><out_Quantity.quantity>978.795507</out_Quantity.quantity></Point><Point><position>8389</position><in_Quantity.quantity>0.000000</in_Quantity.quantity><out_Quantity.quantity>436.187405</out_Quantity.quantity></Point><Point><position>8390</position><in_Quantity.quantity>0.000000</in_Quantity.quantity><out_Quantity.quantity>877.538755</out_Quantity.quantity></Point><Point><position>8391</position><in_Quantity.quantity>0.000000</in_Quantity.quantity><out_Quantity.quantity>148.431858</out_Quantity.quantity></Point><Point><position>8392</position><in_Quantity.quantity>0.000000</in_Quantity.quantity><out_Quantity.quantity>890.727892</out_Quantity.quantity></Point><Point><position>8393</position><in_Quantity.quantity>0.000000</in_Quantity.quantity><out_Quantity.quantity>650.831280</out_Quantity.quantity></Point><Point><position>8394</position><in_Quantity.quantity>0.000000</in_Quantity.quantity><out_Quantity.quantity>132.740239</out_Quantity.quantity></Point><Point><position>8395</position><in_Quantity.quantity>0.000000</in_Quantity.quantity><out_Quantity.quantity>844.813680</out_Quantity.quantity></Point><Point><position>8396</position><in_Quantity.quantity>0.000000</in_Quantity.quantity><out_Quantity.quantity>272.704669</out_Quantity.quantity></Point><Point><position>8397</position><in_Quantity.quantity>0.000000</in_Quantity.quantity><out_Quantity.quantity>234.481335</out_Quantity.quantity></Point><Point><position>8398</position><in_Quantity.quantity>0.000000</in_Quantity.quantity><out_Quantity.quantity>110.936964</out_Quantity.quantity></Point><Point><position>8399</position><in_Quantity.quantity>0.000000</in_Quantity.quantity><out_Quantity.quantity>245.475922</out_Quantity.quantity></Point><Point><position>8400</position><in_Quantity.quantity>0.000000</in_Quantity.quantity><out_Quantity.quantity>440.083165</out_Quantity.quantity></Point><Point><position>8401</position><in_Quantity.quantity>0.000000</in_Quantity.quantity><out_Quantity.quantity>841.893835</out_Quantity.quantity></Point><Point><position>8402</position><in_Quantity.quantity>0.000000</in_Quantity.quantity><out_Quantity.quantity>232.290427</out_Quantity.quantity></Point><Point><position>8403</position><in_Quantity.quantity>0.000000</in_Quantity.quantity><out_Quantity.quantity>792.713708</out_Quantity.quantity></Point><Point><position>8404</position><in_Quantity.quantity>0.000000</in_Quantity.quantity><out_Quantity.quantity>731.379563</out_Quantity.quantity></Point><Point><position>8405</position><in_Quantity.quantity>0.000000</in_Quantity.quantity><out_Quantity.quantity>730.397098</out_Quantity.quantity></Point><Point><position>8406</position><in_Quantity.quantity>0.000000</in_Quantity.quantity><out_Quantity.quantity>777.379898</out_Quantity.quantity></Point><Point><position>8407</position><in_Quantity.quantity>0.000000</in_Quantity.quantity><out_Quantity.quantity>51.924790</out_Quantity.quantity></Point><Point><position>8408</position><in_Quantity.quantity>0.000000</in_Quantity.quantity><out_Quantity.quantity>948.586607</out_Quantity.quantity></Point><Point><position>8409</position><in_Quantity.quantity>0.000000</in_Quantity.quantity><out_Quantity.quantity>382.599217</out_Quantity.quantity></Point><Point><position>8410</position><in_Quantity.quantity>0.000000</in_Quantity.quantity><out_Quantity.quantity>820.615256</out_Quantity.quantity></Point><Point><position>8411</position><in_Quantity.quantity>0.000000</in_Quantity.quantity><out_Quantity.quantity>324.789372</out_Quantity.quantity></Point><Point><position>8412</position><in_Quantity.quantity>0.000000</in_Quantity.quantity><out_Quantity.quantity>329.031429</out_Quantity.quantity></Point><Point><position>8413</position><in_Quantity.quantity>0.000000</in_Quantity.quantity><out_Quantity.quantity>300.788671</out_Quantity.quantity></Point><Point><position>8414</position><in_Quantity.quantity>0.000000</in_Quantity.quantity><out_Quantity.quantity>432.202392</out_Quantity.quantity></Point><Point><position>8415</position><in_Quantity.quantity>0.000000</in_Quantity.quantity><out_Quantity.quantity>502.727639</out_Quantity.quantity></Point><Point><position>8416</position><in_Quantity.quantity>0.000000</in_Quantity.quantity><out_Quantity.quantity>771.770125</out_Quantity.quantity></Point><Point><position>8417</position><in_Quantity.quantity>0.000000</in_Quantity.quantity><out_Quantity.quantity>613.293162</out_Quantity.quantity></Point><Point><position>8418</position><in_Quantity.quantity>0.000000</in_Quantity.quantity><out_Quantity.quantity>491.662422</out_Quantity.quantity></Point><Point><position>8419</position><in_Quantity.quantity>0.000000</in_Quantity.quantity><out_Quantity.quantity>582.101134</out_Quantity.quantity></Point><Point><position>8420</position><in_Quantity.quantity>0.000000</in_Quantity.quantity><out_Quantity.quantity>286.716378</out_Quantity.quantity></Point><Point><position>8421</position><in_Quantity.quantity>0.000000</in_Quantity.quantity><out_Quantity.quantity>956.307526</out_Quantity.quantity></Point><Point><position>8422</position><in_Quantity.quantity>0.000000</in_Quantity.quantity><out_Quantity.quantity>533.965411</out_Quantity.quantity></Point><Point><position>8423</position><in_Quantity.quantity>0.000000</in_Quantity.quantity><out_Quantity.quantity>899.947369</out_Quantity.quantity></Point><Point><position>8424</position><in_Quantity.quantity>0.000000</in_Quantity.quantity><out_Quantity.quantity>706.115144</out_Quantity.quantity></Point><Point><position>8425</position><in_Quantity.quantity>0.000000</in_Quantity.quantity><out_Quantity.quantity>774.086103</out_Quantity.quantity></Point><Point><position>8426</position><in_Quantity.quantity>0.000000</in_Quantity.quantity><out_Quantity.quantity>795.086082</out_Quantity.quantity></Point><Point><position>8427</position><in_Quantity.quantity>0.000000</in_Quantity.quantity><out_Quantity.quantity>642.712555</out_Quantity.quantity></Point><Point><position>8428</position><in_Quantity.quantity>0.000000</in_Quantity.quantity><out_Quantity.quantity>935.571143</out_Quantity.quantity></Point><Point><position>8429</position><in_Quantity.quantity>0.000000</in_Quantity.quantity><out_Quantity.quantity>647.553782</out_Quantity.quantity></Point><Point><position>8430</position><in_Quantity.quantity>0.000000</in_Quantity.quantity><out_Quantity.quantity>880.741063</out_Quantity.quantity></Point><Point><position>8431</position><in_Quantity.quantity>0.000000</in_Quantity.quantity><out_Quantity.quantity>823.234271</out_Quantity.quantity></Point><Point><position>8432</position><in_Quantity.quantity>0.000000</in_Quantity.quantity><out_Quantity.quantity>672.423562</out_Quantity.quantity></Point><Point><position>8433</position><in_Quantity.quantity>0.000000</in_Quantity.quantity><out_Quantity.quantity>911.941752</out_Quantity.quantity></Point><Point><position>8434</position><in_Quantity.quantity>0.000000</in_Quantity.quantity><out_Quantity.quantity>609.418532</out_Quantity.quantity></Point><Point><position>8435</position><in_Quantity.quantity>0.000000</in_Quantity.quantity><out_Quantity.quantity>884.786013</out_Quantity.quantity></Point><Point><position>8436</position><in_Quantity.quantity>0.000000</in_Quantity.quantity><out_Quantity.quantity>418.952137</out_Quantity.quantity></Point><Point><position>8437</position><in_Quantity.quantity>0.000000</in_Quantity.quantity><out_Quantity.quantity>882.755776</out_Quantity.quantity></Point><Point><position>8438</position><in_Quantity.quantity>0.000000</in_Quantity.quantity><out_Quantity.quantity>832.474056</out_Quantity.quantity></Point><Point><position>8439</position><in_Quantity.quantity>0.000000</in_Quantity.quantity><out_Quantity.quantity>277.023266</out_Quantity.quantity></Point><Point><position>8440</position><in_Quantity.quantity>0.000000</in_Quantity.quantity><out_Quantity.quantity>196.083321</out_Quantity.quantity></Point><Point><position>8441</position><in_Quantity.quantity>0.000000</in_Quantity.quantity><out_Quantity.quantity>468.336077</out_Quantity.quantity></Point><Point><position>8442</position><in_Quantity.quantity>0.000000</in_Quantity.quantity><out_Quantity.quantity>756.565790</out_Quantity.quantity></Point><Point><position>8443</position><in_Quantity.quantity>0.000000</in_Quantity.quantity><out_Quantity.quantity>784.780609</out_Quantity.quantity></Point><Point><position>8444</position><in_Quantity.quantity>0.000000</in_Quantity.quantity><out_Quantity.quantity>191.829760</out_Quantity.quantity></Point><Point><position>8445</position><in_Quantity.quantity>0.000000</in_Quantity.quantity><out_Quantity.quantity>84.801937</out_Quantity.quantity></Point><Point><position>8446</position><in_Quantity.quantity>0.000000</in_Quantity.quantity><out_Quantity.quantity>554.332663</out_Quantity.quantity></Point><Point><position>8447</position><in_Quantity.quantity>0.000000</in_Quantity.quantity><out_Quantity.quantity>384.717044</out_Quantity.quantity></Point><Point><position>8448</position><in_Quantity.quantity>0.000000</in_Quantity.quantity><out_Quantity.quantity>712.381628</out_Quantity.quantity></Point><Point><position>8449</position><in_Quantity.quantity>0.000000</in_Quantity.quantity><out_Quantity.quantity>999.855018</out_Quantity.quantity></Point><Point><position>8450</position><in_Quantity.quantity>0.000000</in_Quantity.quantity><out_Quantity.quantity>417.761705</out_Quantity.quantity></Point><Point><position>8451</position><in_Quantity.quantity>0.000000</in_Quantity.quantity><out_Quantity.quantity>980.998788</out_Quantity.quantity></Point><Point><position>8452</position><in_Quantity.quantity>0.000000</in_Quantity.quantity><out_Quantity.quantity>32.101620</out_Quantity.quantity></Point><Point><position>8453</position><in_Quantity.quantity>0.000000</in_Quantity.quantity><out_Quantity.quantity>321.108641</out_Quantity.quantity></Point><Point><position>8454</position><in_Quantity.quantity>0.000000</in_Quantity.quantity><out_Quantity.quantity>89.469196</out_Quantity.quantity></Point><Point><position>8455</position><in_Quantity.quantity>0.000000</in_Quantity.quantity><out_Quantity.quantity>825.798288</out_Quantity.quantity></Point><Point><position>8456</position><in_Quantity.quantity>0.000000</in_Quantity.quantity><out_Quantity.quantity>466.126291</out_Quantity.quantity></Point><Point><position>8457</position><in_Quantity.quantity>0.000000</in_Quantity.quantity><out_Quantity.quantity>847.830252</out_Quantity.quantity></Point><Point><position>8458</position><in_Quantity.quantity>0.000000</in_Quantity.quantity><out_Quantity.quantity>108.324775</out_Quantity.quantity></Point><Point><position>8459</position><in_Quantity.quantity>0.000000</in_Quantity.quantity><out_Quantity.quantity>635.076476</out_Quantity.quantity></Point><Point><position>8460</position><in_Quantity.quantity>0.000000</in_Quantity.quantity><out_Quantity.quantity>844.253895</out_Quantity.quantity></Point><Point><position>8461</position><in_Quantity.quantity>0.000000</in_Quantity.quantity><out_Quantity.quantity>595.188946</out_Quantity.quantity></Point><Point><position>8462</position><in_Quantity.quantity>0.000000</in_Quantity.quantity><out_Quantity.quantity>156.686476</out_Quantity.quantity></Point><Point><position>8463</position><in_Quantity.quantity>0.000000</in_Quantity.quantity><out_Quantity.quantity>284.395379</out_Quantity.quantity></Point><Point><position>8464</position><in_Quantity.quantity>0.000000</in_Quantity.quantity><out_Quantity.quantity>839.587270</out_Quantity.quantity></Point><Point><position>8465</position><in_Quantity.quantity>0.000000</in_Quantity.quantity><out_Quantity.quantity>132.767065</out_Quantity.quantity></Point><Point><position>8466</position><in_Quantity.quantity>0.000000</in_Quantity.quantity><out_Quantity.quantity>69.130217</out_Quantity.quantity></Point><Point><position>8467</position><in_Quantity.quantity>0.000000</in_Quantity.quantity><out_Quantity.quantity>45.356870</out_Quantity.quantity></Point><Point><position>8468</position><in_Quantity.quantity>0.000000</in_Quantity.quantity><out_Quantity.quantity>370.432953</out_Quantity.quantity></Point><Point><position>8469</position><in_Quantity.quantity>0.000000</in_Quantity.quantity><out_Quantity.quantity>760.631011</out_Quantity.quantity></Point><Point><position>8470</position><in_Quantity.quantity>0.000000</in_Quantity.quantity><out_Quantity.quantity>313.679094</out_Quantity.quantity></Point><Point><position>8471</position><in_Quantity.quantity>0.000000</in_Quantity.quantity><out_Quantity.quantity>126.920167</out_Quantity.quantity></Point><Point><position>8472</position><in_Quantity.quantity>0.000000</in_Quantity.quantity><out_Quantity.quantity>120.504619</out_Quantity.quantity></Point><Point><position>8473</position><in_Quantity.quantity>0.000000</in_Quantity.quantity><out_Quantity.quantity>339.788634</out_Quantity.quantity></Point><Point><position>8474</position><in_Quantity.quantity>0.000000</in_Quantity.quantity><out_Quantity.quantity>534.241841</out_Quantity.quantity></Point><Point><position>8475</position><in_Quantity.quantity>0.000000</in_Quantity.quantity><out_Quantity.quantity>776.864059</out_Quantity.quantity></Point><Point><position>8476</position><in_Quantity.quantity>0.000000</in_Quantity.quantity><out_Quantity.quantity>911.898240</out_Quantity.quantity></Point><Point><position>8477</position><in_Quantity.quantity>0.000000</in_Quantity.quantity><out_Quantity.quantity>528.171000</out_Quantity.quantity></Point><Point><position>8478</position><in_Quantity.quantity>0.000000</in_Quantity.quantity><out_Quantity.quantity>485.951880</out_Quantity.quantity></Point><Point><position>8479</position><in_Quantity.quantity>0.000000</in_Quantity.quantity><out_Quantity.quantity>266.778166</out_Quantity.quantity></Point><Point><position>8480</position><in_Quantity.quantity>0.000000</in_Quantity.quantity><out_Quantity.quantity>948.025973</out_Quantity.quantity></Point><Point><position>8481</position><in_Quantity.quantity>0.000000</in_Quantity.quantity><out_Quantity.quantity>113.291400</out_Quantity.quantity></Point><Point><position>8482</position><in_Quantity.quantity>0.000000</in_Quantity.quantity><out_Quantity.quantity>726.060279</out_Quantity.quantity></Point><Point><position>8483</position><in_Quantity.quantity>0.000000</in_Quantity.quantity><out_Quantity.quantity>768.364782</out_Quantity.quantity></Point><Point><position>8484</position><in_Quantity.quantity>0.000000</in_Quantity.quantity><out_Quantity.quantity>619.597937</out_Quantity.quantity></Point><Point><position>8485</position><in_Quantity.quantity>0.000000</in_Quantity.quantity><out_Quantity.quantity>685.194431</out_Quantity.quantity></Point><Point><position>8486</position><in_Quantity.quantity>0.000000</in_Quantity.quantity><out_Quantity.quantity>994.752174</out_Quantity.quantity></Point><Point><position>8487</position><in_Quantity.quantity>0.000000</in_Quantity.quantity><out_Quantity.quantity>440.970504</out_Quantity.quantity></Point><Point><position>8488</position><in_Quantity.quantity>0.000000</in_Quantity.quantity><out_Quantity.quantity>141.626654</out_Quantity.quantity></Point><Point><position>8489</position><in_Quantity.quantity>0.000000</in_Quantity.quantity><out_Quantity.quantity>144.869868</out_Quantity.quantity></Point><Point><position>8490</position><in_Quantity.quantity>0.000000</in_Quantity.quantity><out_Quantity.quantity>118.813679</out_Quantity.quantity></Point><Point><position>8491</position><in_Quantity.quantity>0.000000</in_Quantity.quantity><out_Quantity.quantity>946.428013</out_Quantity.quantity></Point><Point><position>8492</position><in_Quantity.quantity>0.000000</in_Quantity.quantity><out_Quantity.quantity>21.605176</out_Quantity.quantity></Point><Point><position>8493</position><in_Quantity.quantity>0.000000</in_Quantity.quantity><out_Quantity.quantity>104.653682</out_Quantity.quantity></Point><Point><position>8494</position><in_Quantity.quantity>0.000000</in_Quantity.quantity><out_Quantity.quantity>911.751424</out_Quantity.quantity></Point><Point><position>8495</position><in_Quantity.quantity>0.000000</in_Quantity.quantity><out_Quantity.quantity>397.305053</out_Quantity.quantity></Point><Point><position>8496</position><in_Quantity.quantity>0.000000</in_Quantity.quantity><out_Quantity.quantity>367.335685</out_Quantity.quantity></Point><Point><position>8497</position><in_Quantity.quantity>0.000000</in_Quantity.quantity><out_Quantity.quantity>924.582768</out_Quantity.quantity></Point><Point><position>8498</position><in_Quantity.quantity>0.000000</in_Quantity.quantity><out_Quantity.quantity>532.016072</out_Quantity.quantity></Point><Point><position>8499</position><in_Quantity.quantity>0.000000</in_Quantity.quantity><out_Quantity.quantity>31.883018</out_Quantity.quantity></Point><Point><position>8500</position><in_Quantity.quantity>0.000000</in_Quantity.quantity><out_Quantity.quantity>144.702321</out_Quantity.quantity></Point><Point><position>8501</position><in_Quantity.quantity>0.000000</in_Quantity.quantity><out_Quantity.quantity>543.552443</out_Quantity.quantity></Point><Point><position>8502</position><in_Quantity.quantity>0.000000</in_Quantity.quantity><out_Quantity.quantity>992.674873</out_Quantity.quantity></Point><Point><position>8503</position><in_Quantity.quantity>0.000000</in_Quantity.quantity><out_Quantity.quantity>635.058929</out_Quantity.quantity></Point><Point><position>8504</position><in_Quantity.quantity>0.000000</in_Quantity.quantity><out_Quantity.quantity>987.291055</out_Quantity.quantity></Point><Point><position>8505</position><in_Quantity.quantity>0.000000</in_Quantity.quantity><out_Quantity.quantity>820.077946</out_Quantity.quantity></Point><Point><position>8506</position><in_Quantity.quantity>0.000000</in_Quantity.quantity><out_Quantity.quantity>485.420927</out_Quantity.quantity></Point><Point><position>8507</position><in_Quantity.quantity>0.000000</in_Quantity.quantity><out_Quantity.quantity>645.751497</out_Quantity.quantity></Point><Point><position>8508</position><in_Quantity.quantity>0.000000</in_Quantity.quantity><out_Quantity.quantity>602.655583</out_Quantity.quantity></Point><Point><position>8509</position><in_Quantity.quantity>0.000000</in_Quantity.quantity><out_Quantity.quantity>384.793161</out_Quantity.quantity></Point><Point><position>8510</position><in_Quantity.quantity>0.000000</in_Quantity.quantity><out_Quantity.quantity>660.576968</out_Quantity.quantity></Point><Point><position>8511</position><in_Quantity.quantity>0.000000</in_Quantity.quantity><out_Quantity.quantity>648.857800</out_Quantity.quantity></Point><Point><position>8512</position><in_Quantity.quantity>0.000000</in_Quantity.quantity><out_Quantity.quantity>544.482291</out_Quantity.quantity></Point><Point><position>8513</position><in_Quantity.quantity>0.000000</in_Quantity.quantity><out_Quantity.quantity>377.377591</out_Quantity.quantity></Point><Point><position>8514</position><in_Quantity.quantity>0.000000</in_Quantity.quantity><out_Quantity.quantity>783.419495</out_Quantity.quantity></Point><Point><position>8515</position><in_Quantity.quantity>0.000000</in_Quantity.quantity><out_Quantity.quantity>718.611452</out_Quantity.quantity></Point><Point><position>8516</position><in_Quantity.quantity>0.000000</in_Quantity.quantity><out_Quantity.quantity>110.981950</out_Quantity.quantity></Point><Point><position>8517</position><in_Quantity.quantity>0.000000</in_Quantity.quantity><out_Quantity.quantity>289.928640</out_Quantity.quantity></Point><Point><position>8518</position><in_Quantity.quantity>0.000000</in_Quantity.quantity><out_Quantity.quantity>18.279260</out_Quantity.quantity></Point><Point><position>8519</position><in_Quantity.quantity>0.000000</in_Quantity.quantity><out_Quantity.quantity>736.692478</out_Quantity.quantity></Point><Point><position>8520</position><in_Quantity.quantity>0.000000</in_Quantity.quantity><out_Quantity.quantity>51.296680</out_Quantity.quantity></Point><Point><position>8521</position><in_Quantity.quantity>0.000000</in_Quantity.quantity><out_Quantity.quantity>633.481468</out_Quantity.quantity></Point><Point><position>8522</position><in_Quantity.quantity>0.000000</in_Quantity.quantity><out_Quantity.quantity>428.191422</out_Quantity.quantity></Point><Point><position>8523</position><in_Quantity.quantity>0.000000</in_Quantity.quantity><out_Quantity.quantity>672.532396</out_Quantity.quantity></Point><Point><position>8524</position><in_Quantity.quantity>0.000000</in_Quantity.quantity><out_Quantity.quantity>212.818991</out_Quantity.quantity></Point><Point><position>8525</position><in_Quantity.quantity>0.000000</in_Quantity.quantity><out_Quantity.quantity>522.046775</out_Quantity.quantity></Point><Point><position>8526</position><in_Quantity.quantity>0.000000</in_Quantity.quantity><out_Quantity.quantity>785.794560</out_Quantity.quantity></Point><Point><position>8527</position><in_Quantity.quantity>0.000000</in_Quantity.quantity><out_Quantity.quantity>486.828761</out_Quantity.quantity></Point><Point><position>8528</position><in_Quantity.quantity>0.000000</in_Quantity.quantity><out_Quantity.quantity>319.554769</out_Quantity.quantity></Point><Point><position>8529</position><in_Quantity.quantity>0.000000</in_Quantity.quantity><out_Quantity.quantity>387.437353</out_Quantity.quantity></Point><Point><position>8530</position><in_Quantity.quantity>0.000000</in_Quantity.quantity><out_Quantity.quantity>835.058546</out_Quantity.quantity></Point><Point><position>8531</position><in_Quantity.quantity>0.000000</in_Quantity.quantity><out_Quantity.quantity>110.128560</out_Quantity.quantity></Point><Point><position>8532</position><in_Quantity.quantity>0.000000</in_Quantity.quantity><out_Quantity.quantity>963.460038</out_Quantity.quantity></Point><Point><position>8533</position><in_Quantity.quantity>0.000000</in_Quantity.quantity><out_Quantity.quantity>935.526013</out_Quantity.quantity></Point><Point><position>8534</position><in_Quantity.quantity>0.000000</in_Quantity.quantity><out_Quantity.quantity>803.061570</out_Quantity.quantity></Point><Point><position>8535</position><in_Quantity.quantity>0.000000</in_Quantity.quantity><out_Quantity.quantity>335.081584</out_Quantity.quantity></Point><Point><position>8536</position><in_Quantity.quantity>0.000000</in_Quantity.quantity><out_Quantity.quantity>391.960156</out_Quantity.quantity></Point><Point><position>8537</position><in_Quantity.quantity>0.000000</in_Quantity.quantity><out_Quantity.quantity>884.068964</out_Quantity.quantity></Point><Point><position>8538</position><in_Quantity.quantity>0.000000</in_Quantity.quantity><out_Quantity.quantity>133.610417</out_Quantity.quantity></Point><Point><position>8539</position><in_Quantity.quantity>0.000000</in_Quantity.quantity><out_Quantity.quantity>851.776236</out_Quantity.quantity></Point><Point><position>8540</position><in_Quantity.quantity>0.000000</in_Quantity.quantity><out_Quantity.quantity>335.762603</out_Quantity.quantity></Point><Point><position>8541</position><in_Quantity.quantity>0.000000</in_Quantity.quantity><out_Quantity.quantity>202.541360</out_Quantity.quantity></Point><Point><position>8542</position><in_Quantity.quantity>0.000000</in_Quantity.quantity><out_Quantity.quantity>353.061438</out_Quantity.quantity></Point><Point><position>8543</position><in_Quantity.quantity>0.000000</in_Quantity.quantity><out_Quantity.quantity>846.521470</out_Quantity.quantity></Point><Point><position>8544</position><in_Quantity.quantity>0.000000</in_Quantity.quantity><out_Quantity.quantity>235.070321</out_Quantity.quantity></Point><Point><position>8545</position><in_Quantity.quantity>0.000000</in_Quantity.quantity><out_Quantity.quantity>764.334979</out_Quantity.quantity></Point><Point><position>8546</position><in_Quantity.quantity>0.000000</in_Quantity.quantity><out_Quantity.quantity>250.114504</out_Quantity.quantity></Point><Point><position>8547</position><in_Quantity.quantity>0.000000</in_Quantity.quantity><out_Quantity.quantity>43.681697</out_Quantity.quantity></Point><Point><position>8548</position><in_Quantity.quantity>0.000000</in_Quantity.quantity><out_Quantity.quantity>744.803737</out_Quantity.quantity></Point><Point><position>8549</position><in_Quantity.quantity>0.000000</in_Quantity.quantity><out_Quantity.quantity>592.614700</out_Quantity.quantity></Point><Point><position>8550</position><in_Quantity.quantity>0.000000</in_Quantity.quantity><out_Quantity.quantity>270.589480</out_Quantity.quantity></Point><Point><position>8551</position><in_Quantity.quantity>0.000000</in_Quantity.quantity><out_Quantity.quantity>316.461521</out_Quantity.quantity></Point><Point><position>8552</position><in_Quantity.quantity>0.000000</in_Quantity.quantity><out_Quantity.quantity>223.445816</out_Quantity.quantity></Point><Point><position>8553</position><in_Quantity.quantity>0.000000</in_Quantity.quantity><out_Quantity.quantity>679.294403</out_Quantity.quantity></Point><Point><position>8554</position><in_Quantity.quantity>0.000000</in_Quantity.quantity><out_Quantity.quantity>957.478505</out_Quantity.quantity></Point><Point><position>8555</position><in_Quantity.quantity>0.000000</in_Quantity.quantity><out_Quantity.quantity>700.876285</out_Quantity.quantity></Point><Point><position>8556</position><in_Quantity.quantity>0.000000</in_Quantity.quantity><out_Quantity.quantity>589.414659</out_Quantity.quantity></Point><Point><position>8557</position><in_Quantity.quantity>0.000000</in_Quantity.quantity><out_Quantity.quantity>341.662172</out_Quantity.quantity></Point><Point><position>8558</position><in_Quantity.quantity>0.000000</in_Quantity.quantity><out_Quantity.quantity>392.015751</out_Quantity.quantity></Point><Point><position>8559</position><in_Quantity.quantity>0.000000</in_Quantity.quantity><out_Quantity.quantity>926.717193</out_Quantity.quantity></Point><Point><position>8560</position><in_Quantity.quantity>0.000000</in_Quantity.quantity><out_Quantity.quantity>555.688576</out_Quantity.quantity></Point><Point><position>8561</position><in_Quantity.quantity>0.000000</in_Quantity.quantity><out_Quantity.quantity>598.772027</out_Quantity.quantity></Point><Point><position>8562</position><in_Quantity.quantity>0.000000</in_Quantity.quantity><out_Quantity.quantity>834.191649</out_Quantity.quantity></Point><Point><position>8563</position><in_Quantity.quantity>0.000000</in_Quantity.quantity><out_Quantity.quantity>729.933579</out_Quantity.quantity></Point><Point><position>8564</position><in_Quantity.quantity>0.000000</in_Quantity.quantity><out_Quantity.quantity>27.926552</out_Quantity.quantity></Point><Point><position>8565</position><in_Quantity.quantity>0.000000</in_Quantity.quantity><out_Quantity.quantity>134.694571</out_Quantity.quantity></Point><Point><position>8566</position><in_Quantity.quantity>0.000000</in_Quantity.quantity><out_Quantity.quantity>409.543387</out_Quantity.quantity></Point><Point><position>8567</position><in_Quantity.quantity>0.000000</in_Quantity.quantity><out_Quantity.quantity>623.030396</out_Quantity.quantity></Point><Point><position>8568</position><in_Quantity.quantity>0.000000</in_Quantity.quantity><out_Quantity.quantity>359.868631</out_Quantity.quantity></Point><Point><position>8569</position><in_Quantity.quantity>0.000000</in_Quantity.quantity><out_Quantity.quantity>625.828111</out_Quantity.quantity></Point><Point><position>8570</position><in_Quantity.quantity>0.000000</in_Quantity.quantity><out_Quantity.quantity>874.306702</out_Quantity.quantity></Point><Point><position>8571</position><in_Quantity.quantity>0.000000</in_Quantity.quantity><out_Quantity.quantity>64.972477</out_Quantity.quantity></Point><Point><position>8572</position><in_Quantity.quantity>0.000000</in_Quantity.quantity><out_Quantity.quantity>782.334019</out_Quantity.quantity></Point><Point><position>8573</position><in_Quantity.quantity>0.000000</in_Quantity.quantity><out_Quantity.quantity>374.584550</out_Quantity.quantity></Point><Point><position>8574</position><in_Quantity.quantity>0.000000</in_Quantity.quantity><out_Quantity.quantity>817.063546</out_Quantity.quantity></Point><Point><position>8575</position><in_Quantity.quantity>0.000000</in_Quantity.quantity><out_Quantity.quantity>536.690692</out_Quantity.quantity></Point><Point><position>8576</position><in_Quantity.quantity>0.000000</in_Quantity.quantity><out_Quantity.quantity>40.737765</out_Quantity.quantity></Point><Point><position>8577</position><in_Quantity.quantity>0.000000</in_Quantity.quantity><out_Quantity.quantity>185.695185</out_Quantity.quantity></Point><Point><position>8578</position><in_Quantity.quantity>0.000000</in_Quantity.quantity><out_Quantity.quantity>984.179486</out_Quantity.quantity></Point><Point><position>8579</position><in_Quantity.quantity>0.000000</in_Quantity.quantity><out_Quantity.quantity>803.975010</out_Quantity.quantity></Point><Point><position>8580</position><in_Quantity.quantity>0.000000</in_Quantity.quantity><out_Quantity.quantity>443.782240</out_Quantity.quantity></Point><Point><position>8581</position><in_Quantity.quantity>0.000000</in_Quantity.quantity><out_Quantity.quantity>960.692254</out_Quantity.quantity></Point><Point><position>8582</position><in_Quantity.quantity>0.000000</in_Quantity.quantity><out_Quantity.quantity>991.590984</out_Quantity.quantity></Point><Point><position>8583</position><in_Quantity.quantity>0.000000</in_Quantity.quantity><out_Quantity.quantity>687.407509</out_Quantity.quantity></Point><Point><position>8584</position><in_Quantity.quantity>0.000000</in_Quantity.quantity><out_Quantity.quantity>840.278314</out_Quantity.quantity></Point><Point><position>8585</position><in_Quantity.quantity>0.000000</in_Quantity.quantity><out_Quantity.quantity>869.299720</out_Quantity.quantity></Point><Point><position>8586</position><in_Quantity.quantity>0.000000</in_Quantity.quantity><out_Quantity.quantity>595.917874</out_Quantity.quantity></Point><Point><position>8587</position><in_Quantity.quantity>0.000000</in_Quantity.quantity><out_Quantity.quantity>622.846019</out_Quantity.quantity></Point><Point><position>8588</position><in_Quantity.quantity>0.000000</in_Quantity.quantity><out_Quantity.quantity>893.020461</out_Quantity.quantity></Point><Point><position>8589</position><in_Quantity.quantity>0.000000</in_Quantity.quantity><out_Quantity.quantity>366.280026</out_Quantity.quantity></Point><Point><position>8590</position><in_Quantity.quantity>0.000000</in_Quantity.quantity><out_Quantity.quantity>437.426184</out_Quantity.quantity></Point><Point><position>8591</position><in_Quantity.quantity>0.000000</in_Quantity.quantity><out_Quantity.quantity>10.482095</out_Quantity.quantity></Point><Point><position>8592</position><in_Quantity.quantity>0.000000</in_Quantity.quantity><out_Quantity.quantity>364.685835</out_Quantity.quantity></Point><Point><position>8593</position><in_Quantity.quantity>0.000000</in_Quantity.quantity><out_Quantity.quantity>480.222555</out_Quantity.quantity></Point><Point><position>8594</position><in_Quantity.quantity>0.000000</in_Quantity.quantity><out_Quantity.quantity>415.384188</out_Quantity.quantity></Point><Point><position>8595</position><in_Quantity.quantity>0.000000</in_Quantity.quantity><out_Quantity.quantity>873.792749</out_Quantity.quantity></Point><Point><position>8596</position><in_Quantity.quantity>0.000000</in_Quantity.quantity><out_Quantity.quantity>541.883272</out_Quantity.quantity></Point><Point><position>8597</position><in_Quantity.quantity>0.000000</in_Quantity.quantity><out_Quantity.quantity>565.598873</out_Quantity.quantity></Point><Point><position>8598</position><in_Quantity.quantity>0.000000</in_Quantity.quantity><out_Quantity.quantity>768.771683</out_Quantity.quantity></Point><Point><position>8599</position><in_Quantity.quantity>0.000000</in_Quantity.quantity><out_Quantity.quantity>208.112677</out_Quantity.quantity></Point><Point><position>8600</position><in_Quantity.quantity>0.000000</in_Quantity.quantity><out_Quantity.quantity>812.814705</out_Quantity.quantity></Point><Point><position>8601</position><in_Quantity.quantity>0.000000</in_Quantity.quantity><out_Quantity.quantity>501.148403</out_Quantity.quantity></Point><Point><position>8602</position><in_Quantity.quantity>0.000000</in_Quantity.quantity><out_Quantity.quantity>634.866597</out_Quantity.quantity></Point><Point><position>8603</position><in_Quantity.quantity>0.000000</in_Quantity.quantity><out_Quantity.quantity>120.493983</out_Quantity.quantity></Point><Point><position>8604</position><in_Quantity.quantity>0.000000</in_Quantity.quantity><out_Quantity.quantity>851.183383</out_Quantity.quantity></Point><Point><position>8605</position><in_Quantity.quantity>0.000000</in_Quantity.quantity><out_Quantity.quantity>633.020560</out_Quantity.quantity></Point><Point><position>8606</position><in_Quantity.quantity>0.000000</in_Quantity.quantity><out_Quantity.quantity>420.132345</out_Quantity.quantity></Point><Point><position>8607</position><in_Quantity.quantity>0.000000</in_Quantity.quantity><out_Quantity.quantity>85.125259</out_Quantity.quantity></Point><Point><position>8608</position><in_Quantity.quantity>0.000000</in_Quantity.quantity><out_Quantity.quantity>713.566989</out_Quantity.quantity></Point><Point><position>8609</position><in_Quantity.quantity>0.000000</in_Quantity.quantity><out_Quantity.quantity>135.604848</out_Quantity.quantity></Point><Point><position>8610</position><in_Quantity.quantity>0.000000</in_Quantity.quantity><out_Quantity.quantity>730.876237</out_Quantity.quantity></Point><Point><position>8611</position><in_Quantity.quantity>0.000000</in_Quantity.quantity><out_Quantity.quantity>360.652654</out_Quantity.quantity></Point><Point><position>8612</position><in_Quantity.quantity>0.000000</in_Quantity.quantity><out_Quantity.quantity>261.916263</out_Quantity.quantity></Point><Point><position>8613</position><in_Quantity.quantity>0.000000</in_Quantity.quantity><out_Quantity.quantity>706.045642</out_Quantity.quantity></Point><Point><position>8614</position><in_Quantity.quantity>0.000000</in_Quantity.quantity><out_Quantity.quantity>53.871676</out_Quantity.quantity></Point><Point><position>8615</position><in_Quantity.quantity>0.000000</in_Quantity.quantity><out_Quantity.quantity>722.827022</out_Quantity.quantity></Point><Point><position>8616</position><in_Quantity.quantity>0.000000</in_Quantity.quantity><out_Quantity.quantity>302.543344</out_Quantity.quantity></Point><Point><position>8617</position><in_Quantity.quantity>0.000000</in_Quantity.quantity><out_Quantity.quantity>370.882156</out_Quantity.quantity></Point><Point><position>8618</position><in_Quantity.quantity>0.000000</in_Quantity.quantity><out_Quantity.quantity>16.458165</out_Quantity.quantity></Point><Point><position>8619</position><in_Quantity.quantity>0.000000</in_Quantity.quantity><out_Quantity.quantity>685.941139</out_Quantity.quantity></Point><Point><position>8620</position><in_Quantity.quantity>0.000000</in_Quantity.quantity><out_Quantity.quantity>15.157703</out_Quantity.quantity></Point><Point><position>8621</position><in_Quantity.quantity>0.000000</in_Quantity.quantity><out_Quantity.quantity>587.683381</out_Quantity.quantity></Point><Point><position>8622</position><in_Quantity.quantity>0.000000</in_Quantity.quantity><out_Quantity.quantity>67.208111</out_Quantity.quantity></Point><Point><position>8623</position><in_Quantity.quantity>0.000000</in_Quantity.quantity><out_Quantity.quantity>450.485882</out_Quantity.quantity></Point><Point><position>8624</position><in_Quantity.quantity>0.000000</in_Quantity.quantity><out_Quantity.quantity>436.733115</out_Quantity.quantity></Point><Point><position>8625</position><in_Quantity.quantity>0.000000</in_Quantity.quantity><out_Quantity.quantity>750.106037</out_Quantity.quantity></Point><Point><position>8626</position><in_Quantity.quantity>0.000000</in_Quantity.quantity><out_Quantity.quantity>437.198958</out_Quantity.quantity></Point><Point><position>8627</position><in_Quantity.quantity>0.000000</in_Quantity.quantity><out_Quantity.quantity>456.682921</out_Quantity.quantity></Point><Point><position>8628</position><in_Quantity.quantity>0.000000</in_Quantity.quantity><out_Quantity.quantity>756.187880</out_Quantity.quantity></Point><Point><position>8629</position><in_Quantity.quantity>0.000000</in_Quantity.quantity><out_Quantity.quantity>545.332708</out_Quantity.quantity></Point><Point><position>8630</position><in_Quantity.quantity>0.000000</in_Quantity.quantity><out_Quantity.quantity>677.230222</out_Quantity.quantity></Point><Point><position>8631</position><in_Quantity.quantity>0.000000</in_Quantity.quantity><out_Quantity.quantity>70.708167</out_Quantity.quantity></Point><Point><position>8632</position><in_Quantity.quantity>0.000000</in_Quantity.quantity><out_Quantity.quantity>635.699607</out_Quantity.quantity></Point><Point><position>8633</position><in_Quantity.quantity>0.000000</in_Quantity.quantity><out_Quantity.quantity>827.681961</out_Quantity.quantity></Point><Point><position>8634</position><in_Quantity.quantity>0.000000</in_Quantity.quantity><out_Quantity.quantity>824.299344</out_Quantity.quantity></Point><Point><position>8635</position><in_Quantity.quantity>0.000000</in_Quantity.quantity><out_Quantity.quantity>152.817530</out_Quantity.quantity></Point><Point><position>8636</position><in_Quantity.quantity>0.000000</in_Quantity.quantity><out_Quantity.quantity>900.252885</out_Quantity.quantity></Point><Point><position>8637</position><in_Quantity.quantity>0.000000</in_Quantity.quantity><out_Quantity.quantity>425.233769</out_Quantity.quantity></Point><Point><position>8638</position><in_Quantity.quantity>0.000000</in_Quantity.quantity><out_Quantity.quantity>545.730951</out_Quantity.quantity></Point><Point><position>8639</position><in_Quantity.quantity>0.000000</in_Quantity.quantity><out_Quantity.quantity>961.331264</out_Quantity.quantity></Point><Point><position>8640</position><in_Quantity.quantity>0.000000</in_Quantity.quantity><out_Quantity.quantity>794.590684</out_Quantity.quantity></Point><Point><position>8641</position><in_Quantity.quantity>0.000000</in_Quantity.quantity><out_Quantity.quantity>487.070912</out_Quantity.quantity></Point><Point><position>8642</position><in_Quantity.quantity>0.000000</in_Quantity.quantity><out_Quantity.quantity>241.985808</out_Quantity.quantity></Point><Point><position>8643</position><in_Quantity.quantity>0.000000</in_Quantity.quantity><out_Quantity.quantity>705.048560</out_Quantity.quantity></Point><Point><position>8644</position><in_Quantity.quantity>0.000000</in_Quantity.quantity><out_Quantity.quantity>422.476324</out_Quantity.quantity></Point><Point><position>8645</position><in_Quantity.quantity>0.000000</in_Quantity.quantity><out_Quantity.quantity>393.474451</out_Quantity.quantity></Point><Point><position>8646</position><in_Quantity.quantity>0.000000</in_Quantity.quantity><out_Quantity.quantity>333.683395</out_Quantity.quantity></Point><Point><position>8647</position><in_Quantity.quantity>0.000000</in_Quantity.quantity><out_Quantity.quantity>523.830861</out_Quantity.quantity></Point><Point><position>8648</position><in_Quantity.quantity>0.000000</in_Quantity.quantity><out_Quantity.quantity>845.590832</out_Quantity.quantity></Point><Point><position>8649</position><in_Quantity.quantity>0.000000</in_Quantity.quantity><out_Quantity.quantity>759.173404</out_Quantity.quantity></Point><Point><position>8650</position><in_Quantity.quantity>0.000000</in_Quantity.quantity><out_Quantity.quantity>722.327386</out_Quantity.quantity></Point><Point><position>8651</position><in_Quantity.quantity>0.000000</in_Quantity.quantity><out_Quantity.quantity>85.498323</out_Quantity.quantity></Point><Point><position>8652</position><in_Quantity.quantity>0.000000</in_Quantity.quantity><out_Quantity.quantity>835.869154</out_Quantity.quantity></Point><Point><position>8653</position><in_Quantity.quantity>0.000000</in_Quantity.quantity><out_Quantity.quantity>801.259866</out_Quantity.quantity></Point><Point><position>8654</position><in_Quantity.quantity>0.000000</in_Quantity.quantity><out_Quantity.quantity>163.285926</out_Quantity.quantity></Point><Point><position>8655</position><in_Quantity.quantity>0.000000</in_Quantity.quantity><out_Quantity.quantity>334.440958</out_Quantity.quantity></Point><Point><position>8656</position><in_Quantity.quantity>0.000000</in_Quantity.quantity><out_Quantity.quantity>475.694331</out_Quantity.quantity></Point><Point><position>8657</position><in_Quantity.quantity>0.000000</in_Quantity.quantity><out_Quantity.quantity>611.436009</out_Quantity.quantity></Point><Point><position>8658</position><in_Quantity.quantity>0.000000</in_Quantity.quantity><out_Quantity.quantity>345.793433</out_Quantity.quantity></Point><Point><position>8659</position><in_Quantity.quantity>0.000000</in_Quantity.quantity><out_Quantity.quantity>516.802377</out_Quantity.quantity></Point><Point><position>8660</position><in_Quantity.quantity>0.000000</in_Quantity.quantity><out_Quantity.quantity>196.575789</out_Quantity.quantity></Point><Point><position>8661</position><in_Quantity.quantity>0.000000</in_Quantity.quantity><out_Quantity.quantity>184.387265</out_Quantity.quantity></Point><Point><position>8662</position><in_Quantity.quantity>0.000000</in_Quantity.quantity><out_Quantity.quantity>867.299684</out_Quantity.quantity></Point><Point><position>8663</position><in_Quantity.quantity>0.000000</in_Quantity.quantity><out_Quantity.quantity>107.773919</out_Quantity.quantity></Point><Point><position>8664</position><in_Quantity.quantity>0.000000</in_Quantity.quantity><out_Quantity.quantity>199.388698</out_Quantity.quantity></Point><Point><position>8665</position><in_Quantity.quantity>0.000000</in_Quantity.quantity><out_Quantity.quantity>910.113765</out_Quantity.quantity></Point><Point><position>8666</position><in_Quantity.quantity>0.000000</in_Quantity.quantity><out_Quantity.quantity>312.711740</out_Quantity.quantity></Point><Point><position>8667</position><in_Quantity.quantity>0.000000</in_Quantity.quantity><out_Quantity.quantity>116.667044</out_Quantity.quantity></Point><Point><position>8668</position><in_Quantity.quantity>0.000000</in_Quantity.quantity><out_Quantity.quantity>189.880278</out_Quantity.quantity></Point><Point><position>8669</position><in_Quantity.quantity>0.000000</in_Quantity.quantity><out_Quantity.quantity>474.895018</out_Quantity.quantity></Point><Point><position>8670</position><in_Quantity.quantity>0.000000</in_Quantity.quantity><out_Quantity.quantity>753.269867</out_Quantity.quantity></Point><Point><position>8671</position><in_Quantity.quantity>0.000000</in_Quantity.quantity><out_Quantity.quantity>215.973401</out_Quantity.quantity></Point><Point><position>8672</position><in_Quantity.quantity>0.000000</in_Quantity.quantity><out_Quantity.quantity>265.967968</out_Quantity.quantity></Point><Point><position>8673</position><in_Quantity.quantity>0.000000</in_Quantity.quantity><out_Quantity.quantity>791.405543</out_Quantity.quantity></Point><Point><position>8674</position><in_Quantity.quantity>0.000000</in_Quantity.quantity><out_Quantity.quantity>184.419913</out_Quantity.quantity></Point><Point><position>8675</position><in_Quantity.quantity>0.000000</in_Quantity.quantity><out_Quantity.quantity>247.582628</out_Quantity.quantity></Point><Point><position>8676</position><in_Quantity.quantity>0.000000</in_Quantity.quantity><out_Quantity.quantity>247.310220</out_Quantity.quantity></Point><Point><position>8677</position><in_Quantity.quantity>0.000000</in_Quantity.quantity><out_Quantity.quantity>454.495419</out_Quantity.quantity></Point><Point><position>8678</position><in_Quantity.quantity>0.000000</in_Quantity.quantity><out_Quantity.quantity>654.595517</out_Quantity.quantity></Point><Point><position>8679</position><in_Quantity.quantity>0.000000</in_Quantity.quantity><out_Quantity.quantity>472.494510</out_Quantity.quantity></Point><Point><position>8680</position><in_Quantity.quantity>0.000000</in_Quantity.quantity><out_Quantity.quantity>665.800924</out_Quantity.quantity></Point><Point><position>8681</position><in_Quantity.quantity>0.000000</in_Quantity.quantity><out_Quantity.quantity>98.943803</out_Quantity.quantity></Point><Point><position>8682</position><in_Quantity.quantity>0.000000</in_Quantity.quantity><out_Quantity.quantity>857.753510</out_Quantity.quantity></Point><Point><position>8683</position><in_Quantity.quantity>0.000000</in_Quantity.quantity><out_Quantity.quantity>207.089435</out_Quantity.quantity></Point><Point><position>8684</position><in_Quantity.quantity>0.000000</in_Quantity.quantity><out_Quantity.quantity>811.524650</out_Quantity.quantity></Point><Point><position>8685</position><in_Quantity.quantity>0.000000</in_Quantity.quantity><out_Quantity.quantity>71.336525</out_Quantity.quantity></Point><Point><position>8686</position><in_Quantity.quantity>0.000000</in_Quantity.quantity><out_Quantity.quantity>1.107121</out_Quantity.quantity></Point><Point><position>8687</position><in_Quantity.quantity>0.000000</in_Quantity.quantity><out_Quantity.quantity>724.433070</out_Quantity.quantity></Point><Point><position>8688</position><in_Quantity.quantity>0.000000</in_Quantity.quantity><out_Quantity.quantity>228.590424</out_Quantity.quantity></Point><Point><position>8689</position><in_Quantity.quantity>0.000000</in_Quantity.quantity><out_Quantity.quantity>445.113652</out_Quantity.quantity></Point><Point><position>8690</position><in_Quantity.quantity>0.000000</in_Quantity.quantity><out_Quantity.quantity>79.400969</out_Quantity.quantity></Point><Point><position>8691</position><in_Quantity.quantity>0.000000</in_Quantity.quantity><out_Quantity.quantity>763.290868</out_Quantity.quantity></Point><Point><position>8692</position><in_Quantity.quantity>0.000000</in_Quantity.quantity><out_Quantity.quantity>237.061031</out_Quantity.quantity></Point><Point><position>8693</position><in_Quantity.quantity>0.000000</in_Quantity.quantity><out_Quantity.quantity>936.299121</out_Quantity.quantity></Point><Point><position>8694</position><in_Quantity.quantity>0.000000</in_Quantity.quantity><out_Quantity.quantity>593.640283</out_Quantity.quantity></Point><Point><position>8695</position><in_Quantity.quantity>0.000000</in_Quantity.quantity><out_Quantity.quantity>165.618710</out_Quantity.quantity></Point><Point><position>8696</position><in_Quantity.quantity>0.000000</in_Quantity.quantity><out_Quantity.quantity>647.956980</out_Quantity.quantity></Point><Point><position>8697</position><in_Quantity.quantity>0.000000</in_Quantity.quantity><out_Quantity.quantity>931.691223</out_Quantity.quantity></Point><Point><position>8698</position><in_Quantity.quantity>0.000000</in_Quantity.quantity><out_Quantity.quantity>554.719217</out_Quantity.quantity></Point><Point><position>8699</position><in_Quantity.quantity>0.000000</in_Quantity.quantity><out_Quantity.quantity>790.755776</out_Quantity.quantity></Point><Point><position>8700</position><in_Quantity.quantity>0.000000</in_Quantity.quantity><out_Quantity.quantity>813.694785</out_Quantity.quantity></Point><Point><position>8701</position><in_Quantity.quantity>0.000000</in_Quantity.quantity><out_Quantity.quantity>614.990617</out_Quantity.quantity></Point><Point><position>8702</position><in_Quantity.quantity>0.000000</in_Quantity.quantity><out_Quantity.quantity>339.312474</out_Quantity.quantity></Point><Point><position>8703</position><in_Quantity.quantity>0.000000</in_Quantity.quantity><out_Quantity.quantity>272.452737</out_Quantity.quantity></Point><Point><position>8704</position><in_Quantity.quantity>0.000000</in_Quantity.quantity><out_Quantity.quantity>694.620922</out_Quantity.quantity></Point><Point><position>8705</position><in_Quantity.quantity>0.000000</in_Quantity.quantity><out_Quantity.quantity>638.881459</out_Quantity.quantity></Point><Point><position>8706</position><in_Quantity.quantity>0.000000</in_Quantity.quantity><out_Quantity.quantity>925.908524</out_Quantity.quantity></Point><Point><position>8707</position><in_Quantity.quantity>0.000000</in_Quantity.quantity><out_Quantity.quantity>461.809651</out_Quantity.quantity></Point><Point><position>8708</position><in_Quantity.quantity>0.000000</in_Quantity.quantity><out_Quantity.quantity>849.174980</out_Quantity.quantity></Point><Point><position>8709</position><in_Quantity.quantity>0.000000</in_Quantity.quantity><out_Quantity.quantity>739.542722</out_Quantity.quantity></Point><Point><position>8710</position><in_Quantity.quantity>0.000000</in_Quantity.quantity><out_Quantity.quantity>849.449737</out_Quantity.quantity></Point><Point><position>8711</position><in_Quantity.quantity>0.000000</in_Quantity.quantity><out_Quantity.quantity>714.357267</out_Quantity.quantity></Point><Point><position>8712</position><in_Quantity.quantity>0.000000</in_Quantity.quantity><out_Quantity.quantity>579.719641</out_Quantity.quantity></Point><Point><position>8713</position><in_Quantity.quantity>0.000000</in_Quantity.quantity><out_Quantity.quantity>898.220724</out_Quantity.quantity></Point><Point><position>8714</position><in_Quantity.quantity>0.000000</in_Quantity.quantity><out_Quantity.quantity>311.246708</out_Quantity.quantity></Point><Point><position>8715</position><in_Quantity.quantity>0.000000</in_Quantity.quantity><out_Quantity.quantity>535.332428</out_Quantity.quantity></Point><Point><position>8716</position><in_Quantity.quantity>0.000000</in_Quantity.quantity><out_Quantity.quantity>40.369292</out_Quantity.quantity></Point><Point><position>8717</position><in_Quantity.quantity>0.000000</in_Quantity.quantity><out_Quantity.quantity>228.961507</out_Quantity.quantity></Point><Point><position>8718</position><in_Quantity.quantity>0.000000</in_Quantity.quantity><out_Quantity.quantity>950.019059</out_Quantity.quantity></Point><Point><position>8719</position><in_Quantity.quantity>0.000000</in_Quantity.quantity><out_Quantity.quantity>536.882996</out_Quantity.quantity></Point><Point><position>8720</position><in_Quantity.quantity>0.000000</in_Quantity.quantity><out_Quantity.quantity>229.184967</out_Quantity.quantity></Point><Point><position>8721</position><in_Quantity.quantity>0.000000</in_Quantity.quantity><out_Quantity.quantity>925.170821</out_Quantity.quantity></Point><Point><position>8722</position><in_Quantity.quantity>0.000000</in_Quantity.quantity><out_Quantity.quantity>314.298556</out_Quantity.quantity></Point><Point><position>8723</position><in_Quantity.quantity>0.000000</in_Quantity.quantity><out_Quantity.quantity>153.223434</out_Quantity.quantity></Point><Point><position>8724</position><in_Quantity.quantity>0.000000</in_Quantity.quantity><out_Quantity.quantity>426.968080</out_Quantity.quantity></Point><Point><position>8725</position><in_Quantity.quantity>0.000000</in_Quantity.quantity><out_Quantity.quantity>807.040805</out_Quantity.quantity></Point><Point><position>8726</position><in_Quantity.quantity>0.000000</in_Quantity.quantity><out_Quantity.quantity>402.651651</out_Quantity.quantity></Point><Point><position>8727</position><in_Quantity.quantity>0.000000</in_Quantity.quantity><out_Quantity.quantity>864.572691</out_Quantity.quantity></Point><Point><position>8728</position><in_Quantity.quantity>0.000000</in_Quantity.quantity><out_Quantity.quantity>254.589249</out_Quantity.quantity></Point><Point><position>8729</position><in_Quantity.quantity>0.000000</in_Quantity.quantity><out_Quantity.quantity>522.415612</out_Quantity.quantity></Point><Point><position>8730</position><in_Quantity.quantity>0.000000</in_Quantity.quantity><out_Quantity.quantity>764.591222</out_Quantity.quantity></Point><Point><position>8731</position><in_Quantity.quantity>0.000000</in_Quantity.quantity><out_Quantity.quantity>82.971267</out_Quantity.quantity></Point><Point><position>8732</position><in_Quantity.quantity>0.000000</in_Quantity.quantity><out_Quantity.quantity>970.081217</out_Quantity.quantity></Point><Point><position>8733</position><in_Quantity.quantity>0.000000</in_Quantity.quantity><out_Quantity.quantity>304.234906</out_Quantity.quantity></Point><Point><position>8734</position><in_Quantity.quantity>0.000000</in_Quantity.quantity><out_Quantity.quantity>889.889545</out_Quantity.quantity></Point><Point><position>8735</position><in_Quantity.quantity>0.000000</in_Quantity.quantity><out_Quantity.quantity>298.903540</out_Quantity.quantity></Point><Point><position>8736</position><in_Quantity.quantity>0.000000</in_Quantity.quantity><out_Quantity.quantity>852.162626</out_Quantity.quantity></Point><Point><position>8737</position><in_Quantity.quantity>0.000000</in_Quantity.quantity><out_Quantity.quantity>176.114470</out_Quantity.quantity></Point><Point><position>8738</position><in_Quantity.quantity>0.000000</in_Quantity.quantity><out_Quantity.quantity>801.653520</out_Quantity.quantity></Point><Point><position>8739</position><in_Quantity.quantity>0.000000</in_Quantity.quantity><out_Quantity.quantity>136.937565</out_Quantity.quantity></Point><Point><position>8740</position><in_Quantity.quantity>0.000000</in_Quantity.quantity><out_Quantity.quantity>503.572076</out_Quantity.quantity></Point><Point><position>8741</position><in_Quantity.quantity>0.000000</in_Quantity.quantity><out_Quantity.quantity>80.670088</out_Quantity.quantity></Point><Point><position>8742</position><in_Quantity.quantity>0.000000</in_Quantity.quantity><out_Quantity.quantity>289.682990</out_Quantity.quantity></Point><Point><position>8743</position><in_Quantity.quantity>0.000000</in_Quantity.quantity><out_Quantity.quantity>861.790433</out_Quantity.quantity></Point><Point><position>8744</position><in_Quantity.quantity>0.000000</in_Quantity.quantity><out_Quantity.quantity>552.405248</out_Quantity.quantity></Point><Point><position>8745</position><in_Quantity.quantity>0.000000</in_Quantity.quantity><out_Quantity.quantity>29.188880</out_Quantity.quantity></Point><Point><position>8746</position><in_Quantity.quantity>0.000000</in_Quantity.quantity><out_Quantity.quantity>509.657165</out_Quantity.quantity></Point><Point><position>8747</position><in_Quantity.quantity>0.000000</in_Quantity.quantity><out_Quantity.quantity>776.050957</out_Quantity.quantity></Point><Point><position>8748</position><in_Quantity.quantity>0.000000</in_Quantity.quantity><out_Quantity.quantity>513.716226</out_Quantity.quantity></Point><Point><position>8749</position><in_Quantity.quantity>0.000000</in_Quantity.quantity><out_Quantity.quantity>840.320238</out_Quantity.quantity></Point><Point><position>8750</position><in_Quantity.quantity>0.000000</in_Quantity.quantity><out_Quantity.quantity>548.125930</out_Quantity.quantity></Point><Point><position>8751</position><in_Quantity.quantity>0.000000</in_Quantity.quantity><out_Quantity.quantity>917.552782</out_Quantity.quantity></Point><Point><position>8752</position><in_Quantity.quantity>0.000000</in_Quantity.quantity><out_Quantity.quantity>842.254082</out_Quantity.quantity></Point><Point><position>8753</position><in_Quantity.quantity>0.000000</in_Quantity.quantity><out_Quantity.quantity>267.643982</out_Quantity.quantity></Point><Point><position>8754</position><in_Quantity.quantity>0.000000</in_Quantity.quantity><out_Quantity.quantity>654.648413</out_Quantity.quantity></Point><Point><position>8755</position><in_Quantity.quantity>0.000000</in_Quantity.quantity><out_Quantity.quantity>322.173600</out_Quantity.quantity></Point><Point><position>8756</position><in_Quantity.quantity>0.000000</in_Quantity.quantity><out_Quantity.quantity>843.413944</out_Quantity.quantity></Point><Point><position>8757</position><in_Quantity.quantity>0.000000</in_Quantity.quantity><out_Quantity.quantity>821.775214</out_Quantity.quantity></Point><Point><position>8758</position><in_Quantity.quantity>0.000000</in_Quantity.quantity><out_Quantity.quantity>179.335907</out_Quantity.quantity></Point><Point><position>8759</position><in_Quantity.quantity>0.000000</in_Quantity.quantity><out_Quantity.quantity>820.220034</out_Quantity.quantity></Point><Point><position>8760</position><in_Quantity.quantity>0.000000</in_Quantity.quantity><out_Quantity.quantity>20.783522</out_Quantity.quantity></Point><Point><position>8761</position><in_Quantity.quantity>0.000000</in_Quantity.quantity><out_Quantity.quantity>42.846431</out_Quantity.quantity></Point><Point><position>8762</position><in_Quantity.quantity>0.000000</in_Quantity.quantity><out_Quantity.quantity>3.866736</out_Quantity.quantity></Point><Point><position>8763</position><in_Quantity.quantity>0.000000</in_Quantity.quantity><out_Quantity.quantity>763.868732</out_Quantity.quantity></Point><Point><position>8764</position><in_Quantity.quantity>0.000000</in_Quantity.quantity><out_Quantity.quantity>393.637242</out_Quantity.quantity></Point><Point><position>8765</position><in_Quantity.quantity>0.000000</in_Quantity.quantity><out_Quantity.quantity>182.373849</out_Quantity.quantity></Point><Point><position>8766</position><in_Quantity.quantity>0.000000</in_Quantity.quantity><out_Quantity.quantity>507.034203</out_Quantity.quantity></Point><Point><position>8767</position><in_Quantity.quantity>0.000000</in_Quantity.quantity><out_Quantity.quantity>963.652688</out_Quantity.quantity></Point><Point><position>8768</position><in_Quantity.quantity>0.000000</in_Quantity.quantity><out_Quantity.quantity>730.680811</out_Quantity.quantity></Point><Point><position>8769</position><in_Quantity.quantity>0.000000</in_Quantity.quantity><out_Quantity.quantity>826.885903</out_Quantity.quantity></Point><Point><position>8770</position><in_Quantity.quantity>0.000000</in_Quantity.quantity><out_Quantity.quantity>423.425929</out_Quantity.quantity></Point><Point><position>8771</position><in_Quantity.quantity>0.000000</in_Quantity.quantity><out_Quantity.quantity>576.738005</out_Quantity.quantity></Point><Point><position>8772</position><in_Quantity.quantity>0.000000</in_Quantity.quantity><out_Quantity.quantity>24.295712</out_Quantity.quantity></Point><Point><position>8773</position><in_Quantity.quantity>0.000000</in_Quantity.quantity><out_Quantity.quantity>676.804652</out_Quantity.quantity></Point><Point><position>8774</position><in_Quantity.quantity>0.000000</in_Quantity.quantity><out_Quantity.quantity>991.555587</out_Quantity.quantity></Point><Point><position>8775</position><in_Quantity.quantity>0.000000</in_Quantity.quantity><out_Quantity.quantity>649.223910</out_Quantity.quantity></Point><Point><position>8776</position><in_Quantity.quantity>0.000000</in_Quantity.quantity><out_Quantity.quantity>340.713388</out_Quantity.quantity></Point><Point><position>8777</position><in_Quantity.quantity>0.000000</in_Quantity.quantity><out_Quantity.quantity>539.554923</out_Quantity.quantity></Point><Point><position>8778</position><in_Quantity.quantity>0.000000</in_Quantity.quantity><out_Quantity.quantity>866.825147</out_Quantity.quantity></Point><Point><position>8779</position><in_Quantity.quantity>0.000000</in_Quantity.quantity><out_Quantity.quantity>686.038425</out_Quantity.quantity></Point><Point><position>8780</position><in_Quantity.quantity>0.000000</in_Quantity.quantity><out_Quantity.quantity>694.038467</out_Quantity.quantity></Point><Point><position>8781</position><in_Quantity.quantity>0.000000</in_Quantity.quantity><out_Quantity.quantity>765.750279</out_Quantity.quantity></Point><Point><position>8782</position><in_Quantity.quantity>0.000000</in_Quantity.quantity><out_Quantity.quantity>214.633162</out_Quantity.quantity></Point><Point><position>8783</position><in_Quantity.quantity>0.000000</in_Quantity.quantity><out_Quantity.quantity>214.733480</out_Quantity.quantity></Point><Point><position>8784</position><in_Quantity.quantity>0.000000</in_Quantity.quantity><out_Quantity.quantity>577.218277</out_Quantity.quantity></Point><Point><position>8785</position><in_Quantity.quantity>0.000000</in_Quantity.quantity><out_Quantity.quantity>81.345056</out_Quantity.quantity></Point><Point><position>8786</position><in_Quantity.quantity>0.000000</in_Quantity.quantity><out_Quantity.quantity>949.133393</out_Quantity.quantity></Point><Point><position>8787</position><in_Quantity.quantity>0.000000</in_Quantity.quantity><out_Quantity.quantity>239.050742</out_Quantity.quantity></Point><Point><position>8788</position><in_Quantity.quantity>0.000000</in_Quantity.quantity><out_Quantity.quantity>399.967897</out_Quantity.quantity></Point><Point><position>8789</position><in_Quantity.quantity>0.000000</in_Quantity.quantity><out_Quantity.quantity>684.317646</out_Quantity.quantity></Point><Point><position>8790</position><in_Quantity.quantity>0.000000</in_Quantity.quantity><out_Quantity.quantity>124.654713</out_Quantity.quantity></Point><Point><position>8791</position><in_Quantity.quantity>0.000000</in_Quantity.quantity><out_Quantity.quantity>355.725585</out_Quantity.quantity></Point><Point><position>8792</position><in_Quantity.quantity>0.000000</in_Quantity.quantity><out_Quantity.quantity>187.882167</out_Quantity.quantity></Point><Point><position>8793</position><in_Quantity.quantity>0.000000</in_Quantity.quantity><out_Quantity.quantity>840.582451</out_Quantity.quantity></Point><Point><position>8794</position><in_Quantity.quantity>0.000000</in_Quantity.quantity><out_Quantity.quantity>615.398539</out_Quantity.quantity></Point><Point><position>8795</position><in_Quantity.quantity>0.000000</in_Quantity.quantity><out_Quantity.quantity>871.693444</out_Quantity.quantity></Point><Point><position>8796</position><in_Quantity.quantity>0.000000</in_Quantity.quantity><out_Quantity.quantity>697.236948</out_Quantity.quantity></Point><Point><position>8797</position><in_Quantity.quantity>0.000000</in_Quantity.quantity><out_Quantity.quantity>396.353035</out_Quantity.quantity></Point><Point><position>8798</position><in_Quantity.quantity>0.000000</in_Quantity.quantity><out_Quantity.quantity>723.484792</out_Quantity.quantity></Point><Point><position>8799</position><in_Quantity.quantity>0.000000</in_Quantity.quantity><out_Quantity.quantity>376.442539</out_Quantity.quantity></Point><Point><position>8800</position><in_Quantity.quantity>0.000000</in_Quantity.quantity><out_Quantity.quantity>3.809274</out_Quantity.quantity></Point><Point><position>8801</position><in_Quantity.quantity>0.000000</in_Quantity.quantity><out_Quantity.quantity>81.506799</out_Quantity.quantity></Point><Point><position>8802</position><in_Quantity.quantity>0.000000</in_Quantity.quantity><out_Quantity.quantity>556.125432</out_Quantity.quantity></Point><Point><position>8803</position><in_Quantity.quantity>0.000000</in_Quantity.quantity><out_Quantity.quantity>845.078355</out_Quantity.quantity></Point><Point><position>8804</position><in_Quantity.quantity>0.000000</in_Quantity.quantity><out_Quantity.quantity>779.199780</out_Quantity.quantity></Point><Point><position>8805</position><in_Quantity.quantity>0.000000</in_Quantity.quantity><out_Quantity.quantity>661.386036</out_Quantity.quantity></Point><Point><position>8806</position><in_Quantity.quantity>0.000000</in_Quantity.quantity><out_Quantity.quantity>770.754237</out_Quantity.quantity></Point><Point><position>8807</position><in_Quantity.quantity>0.000000</in_Quantity.quantity><out_Quantity.quantity>286.484493</out_Quantity.quantity></Point><Point><position>8808</position><in_Quantity.quantity>0.000000</in_Quantity.quantity><out_Quantity.quantity>383.720882</out_Quantity.quantity></Point><Point><position>8809</position><in_Quantity.quantity>0.000000</in_Quantity.quantity><out_Quantity.quantity>135.777810</out_Quantity.quantity></Point><Point><position>8810</position><in_Quantity.quantity>0.000000</in_Quantity.quantity><out_Quantity.quantity>321.207198</out_Quantity.quantity></Point><Point><position>8811</position><in_Quantity.quantity>0.000000</in_Quantity.quantity><out_Quantity.quantity>238.360629</out_Quantity.quantity></Point><Point><position>8812</position><in_Quantity.quantity>0.000000</in_Quantity.quantity><out_Quantity.quantity>559.894505</out_Quantity.quantity></Point><Point><position>8813</position><in_Quantity.quantity>0.000000</in_Quantity.quantity><out_Quantity.quantity>309.044848</out_Quantity.quantity></Point><Point><position>8814</position><in_Quantity.quantity>0.000000</in_Quantity.quantity><out_Quantity.quantity>598.972972</out_Quantity.quantity></Point><Point><position>8815</position><in_Quantity.quantity>0.000000</in_Quantity.quantity><out_Quantity.quantity>869.515411</out_Quantity.quantity></Point><Point><position>8816</position><in_Quantity.quantity>0.000000</in_Quantity.quantity><out_Quantity.quantity>496.853227</out_Quantity.quantity></Point><Point><position>8817</position><in_Quantity.quantity>0.000000</in_Quantity.quantity><out_Quantity.quantity>236.513399</out_Quantity.quantity></Point><Point><position>8818</position><in_Quantity.quantity>0.000000</in_Quantity.quantity><out_Quantity.quantity>744.818171</out_Quantity.quantity></Point><Point><position>8819</position><in_Quantity.quantity>0.000000</in_Quantity.quantity><out_Quantity.quantity>791.588111</out_Quantity.quantity></Point><Point><position>8820</position><in_Quantity.quantity>0.000000</in_Quantity.quantity><out_Quantity.quantity>698.728156</out_Quantity.quantity></Point><Point><position>8821</position><in_Quantity.quantity>0.000000</in_Quantity.quantity><out_Quantity.quantity>623.127637</out_Quantity.quantity></Point><Point><position>8822</position><in_Quantity.quantity>0.000000</in_Quantity.quantity><out_Quantity.quantity>2.149289</out_Quantity.quantity></Point><Point><position>8823</position><in_Quantity.quantity>0.000000</in_Quantity.quantity><out_Quantity.quantity>439.686803</out_Quantity.quantity></Point><Point><position>8824</position><in_Quantity.quantity>0.000000</in_Quantity.quantity><out_Quantity.quantity>260.128494</out_Quantity.quantity></Point><Point><position>8825</position><in_Quantity.quantity>0.000000</in_Quantity.quantity><out_Quantity.quantity>459.790182</out_Quantity.quantity></Point><Point><position>8826</position><in_Quantity.quantity>0.000000</in_Quantity.quantity><out_Quantity.quantity>746.510533</out_Quantity.quantity></Point><Point><position>8827</position><in_Quantity.quantity>0.000000</in_Quantity.quantity><out_Quantity.quantity>825.457710</out_Quantity.quantity></Point><Point><position>8828</position><in_Quantity.quantity>0.000000</in_Quantity.quantity><out_Quantity.quantity>479.715155</out_Quantity.quantity></Point><Point><position>8829</position><in_Quantity.quantity>0.000000</in_Quantity.quantity><out_Quantity.quantity>78.129145</out_Quantity.quantity></Point><Point><position>8830</position><in_Quantity.quantity>0.000000</in_Quantity.quantity><out_Quantity.quantity>927.738978</out_Quantity.quantity></Point><Point><position>8831</position><in_Quantity.quantity>0.000000</in_Quantity.quantity><out_Quantity.quantity>546.519855</out_Quantity.quantity></Point><Point><position>8832</position><in_Quantity.quantity>0.000000</in_Quantity.quantity><out_Quantity.quantity>146.930046</out_Quantity.quantity></Point><Point><position>8833</position><in_Quantity.quantity>0.000000</in_Quantity.quantity><out_Quantity.quantity>857.454041</out_Quantity.quantity></Point><Point><position>8834</position><in_Quantity.quantity>0.000000</in_Quantity.quantity><out_Quantity.quantity>759.158148</out_Quantity.quantity></Point><Point><position>8835</position><in_Quantity.quantity>0.000000</in_Quantity.quantity><out_Quantity.quantity>266.747662</out_Quantity.quantity></Point><Point><position>8836</position><in_Quantity.quantity>0.000000</in_Quantity.quantity><out_Quantity.quantity>638.152737</out_Quantity.quantity></Point><Point><position>8837</position><in_Quantity.quantity>0.000000</in_Quantity.quantity><out_Quantity.quantity>484.564679</out_Quantity.quantity></Point><Point><position>8838</position><in_Quantity.quantity>0.000000</in_Quantity.quantity><out_Quantity.quantity>838.935153</out_Quantity.quantity></Point><Point><position>8839</position><in_Quantity.quantity>0.000000</in_Quantity.quantity><out_Quantity.quantity>952.120026</out_Quantity.quantity></Point><Point><position>8840</position><in_Quantity.quantity>0.000000</in_Quantity.quantity><out_Quantity.quantity>693.583142</out_Quantity.quantity></Point><Point><position>8841</position><in_Quantity.quantity>0.000000</in_Quantity.quantity><out_Quantity.quantity>257.355873</out_Quantity.quantity></Point><Point><position>8842</position><in_Quantity.quantity>0.000000</in_Quantity.quantity><out_Quantity.quantity>113.465578</out_Quantity.quantity></Point><Point><position>8843</position><in_Quantity.quantity>0.000000</in_Quantity.quantity><out_Quantity.quantity>15.519002</out_Quantity.quantity></Point><Point><position>8844</position><in_Quantity.quantity>0.000000</in_Quantity.quantity><out_Quantity.quantity>249.780003</out_Quantity.quantity></Point><Point><position>8845</position><in_Quantity.quantity>0.000000</in_Quantity.quantity><out_Quantity.quantity>145.182671</out_Quantity.quantity></Point><Point><position>8846</position><in_Quantity.quantity>0.000000</in_Quantity.quantity><out_Quantity.quantity>816.652716</out_Quantity.quantity></Point><Point><position>8847</position><in_Quantity.quantity>0.000000</in_Quantity.quantity><out_Quantity.quantity>779.987677</out_Quantity.quantity></Point><Point><position>8848</position><in_Quantity.quantity>0.000000</in_Quantity.quantity><out_Quantity.quantity>332.222025</out_Quantity.quantity></Point><Point><position>8849</position><in_Quantity.quantity>0.000000</in_Quantity.quantity><out_Quantity.quantity>160.782389</out_Quantity.quantity></Point><Point><position>8850</position><in_Quantity.quantity>0.000000</in_Quantity.quantity><out_Quantity.quantity>263.427659</out_Quantity.quantity></Point><Point><position>8851</position><in_Quantity.quantity>0.000000</in_Quantity.quantity><out_Quantity.quantity>903.468933</out_Quantity.quantity></Point><Point><position>8852</position><in_Quantity.quantity>0.000000</in_Quantity.quantity><out_Quantity.quantity>266.314433</out_Quantity.quantity></Point><Point><position>8853</position><in_Quantity.quantity>0.000000</in_Quantity.quantity><out_Quantity.quantity>725.705561</out_Quantity.quantity></Point><Point><position>8854</position><in_Quantity.quantity>0.000000</in_Quantity.quantity><out_Quantity.quantity>450.787142</out_Quantity.quantity></Point><Point><position>8855</position><in_Quantity.quantity>0.000000</in_Quantity.quantity><out_Quantity.quantity>795.680696</out_Quantity.quantity></Point><Point><position>8856</position><in_Quantity.quantity>0.000000</in_Quantity.quantity><out_Quantity.quantity>570.332013</out_Quantity.quantity></Point><Point><position>8857</position><in_Quantity.quantity>0.000000</in_Quantity.quantity><out_Quantity.quantity>711.667065</out_Quantity.quantity></Point><Point><position>8858</position><in_Quantity.quantity>0.000000</in_Quantity.quantity><out_Quantity.quantity>973.153448</out_Quantity.quantity></Point><Point><position>8859</position><in_Quantity.quantity>0.000000</in_Quantity.quantity><out_Quantity.quantity>239.238752</out_Quantity.quantity></Point><Point><position>8860</position><in_Quantity.quantity>0.000000</in_Quantity.quantity><out_Quantity.quantity>182.288039</out_Quantity.quantity></Point><Point><position>8861</position><in_Quantity.quantity>0.000000</in_Quantity.quantity><out_Quantity.quantity>114.978167</out_Quantity.quantity></Point><Point><position>8862</position><in_Quantity.quantity>0.000000</in_Quantity.quantity><out_Quantity.quantity>871.035468</out_Quantity.quantity></Point><Point><position>8863</position><in_Quantity.quantity>0.000000</in_Quantity.quantity><out_Quantity.quantity>430.271944</out_Quantity.quantity></Point><Point><position>8864</position><in_Quantity.quantity>0.000000</in_Quantity.quantity><out_Quantity.quantity>889.855480</out_Quantity.quantity></Point><Point><position>8865</position><in_Quantity.quantity>0.000000</in_Quantity.quantity><out_Quantity.quantity>478.856094</out_Quantity.quantity></Point><Point><position>8866</position><in_Quantity.quantity>0.000000</in_Quantity.quantity><out_Quantity.quantity>414.409107</out_Quantity.quantity></Point><Point><position>8867</position><in_Quantity.quantity>0.000000</in_Quantity.quantity><out_Quantity.quantity>812.469092</out_Quantity.quantity></Point><Point><position>8868</position><in_Quantity.quantity>0.000000</in_Quantity.quantity><out_Quantity.quantity>132.662172</out_Quantity.quantity></Point><Point><position>8869</position><in_Quantity.quantity>0.000000</in_Quantity.quantity><out_Quantity.quantity>109.179768</out_Quantity.quantity></Point><Point><position>8870</position><in_Quantity.quantity>0.000000</in_Quantity.quantity><out_Quantity.quantity>750.998866</out_Quantity.quantity></Point><Point><position>8871</position><in_Quantity.quantity>0.000000</in_Quantity.quantity><out_Quantity.quantity>67.880733</out_Quantity.quantity></Point><Point><position>8872</position><in_Quantity.quantity>0.000000</in_Quantity.quantity><out_Quantity.quantity>837.637327</out_Quantity.quantity></Point><Point><position>8873</position><in_Quantity.quantity>0.000000</in_Quantity.quantity><out_Quantity.quantity>527.285363</out_Quantity.quantity></Point><Point><position>8874</position><in_Quantity.quantity>0.000000</in_Quantity.quantity><out_Quantity.quantity>833.667697</out_Quantity.quantity></Point><Point><position>8875</position><in_Quantity.quantity>0.000000</in_Quantity.quantity><out_Quantity.quantity>809.981429</out_Quantity.quantity></Point><Point><position>8876</position><in_Quantity.quantity>0.000000</in_Quantity.quantity><out_Quantity.quantity>498.595945</out_Quantity.quantity></Point><Point><position>8877</position><in_Quantity.quantity>0.000000</in_Quantity.quantity><out_Quantity.quantity>172.242462</out_Quantity.quantity></Point><Point><position>8878</position><in_Quantity.quantity>0.000000</in_Quantity.quantity><out_Quantity.quantity>389.008989</out_Quantity.quantity></Point><Point><position>8879</position><in_Quantity.quantity>0.000000</in_Quantity.quantity><out_Quantity.quantity>656.187215</out_Quantity.quantity></Point><Point><position>8880</position><in_Quantity.quantity>0.000000</in_Quantity.quantity><out_Quantity.quantity>481.162739</out_Quantity.quantity></Point><Point><position>8881</position><in_Quantity.quantity>0.000000</in_Quantity.quantity><out_Quantity.quantity>94.484582</out_Quantity.quantity></Point><Point><position>8882</position><in_Quantity.quantity>0.000000</in_Quantity.quantity><out_Quantity.quantity>848.802441</out_Quantity.quantity></Point><Point><position>8883</position><in_Quantity.quantity>0.000000</in_Quantity.quantity><out_Quantity.quantity>346.503182</out_Quantity.quantity></Point><Point><position>8884</position><in_Quantity.quantity>0.000000</in_Quantity.quantity><out_Quantity.quantity>335.847664</out_Quantity.quantity></Point><Point><position>8885</position><in_Quantity.quantity>0.000000</in_Quantity.quantity><out_Quantity.quantity>732.370451</out_Quantity.quantity></Point><Point><position>8886</position><in_Quantity.quantity>0.000000</in_Quantity.quantity><out_Quantity.quantity>314.720265</out_Quantity.quantity></Point><Point><position>8887</position><in_Quantity.quantity>0.000000</in_Quantity.quantity><out_Quantity.quantity>22.594556</out_Quantity.quantity></Point><Point><position>8888</position><in_Quantity.quantity>0.000000</in_Quantity.quantity><out_Quantity.quantity>623.935951</out_Quantity.quantity></Point><Point><position>8889</position><in_Quantity.quantity>0.000000</in_Quantity.quantity><out_Quantity.quantity>3.583610</out_Quantity.quantity></Point><Point><position>8890</position><in_Quantity.quantity>0.000000</in_Quantity.quantity><out_Quantity.quantity>974.565136</out_Quantity.quantity></Point><Point><position>8891</position><in_Quantity.quantity>0.000000</in_Quantity.quantity><out_Quantity.quantity>566.488402</out_Quantity.quantity></Point><Point><position>8892</position><in_Quantity.quantity>0.000000</in_Quantity.quantity><out_Quantity.quantity>939.638472</out_Quantity.quantity></Point><Point><position>8893</position><in_Quantity.quantity>0.000000</in_Quantity.quantity><out_Quantity.quantity>835.809003</out_Quantity.quantity></Point><Point><position>8894</position><in_Quantity.quantity>0.000000</in_Quantity.quantity><out_Quantity.quantity>410.940995</out_Quantity.quantity></Point><Point><position>8895</position><in_Quantity.quantity>0.000000</in_Quantity.quantity><out_Quantity.quantity>210.289963</out_Quantity.quantity></Point><Point><position>8896</position><in_Quantity.quantity>0.000000</in_Quantity.quantity><out_Quantity.quantity>916.984054</out_Quantity.quantity></Point><Point><position>8897</position><in_Quantity.quantity>0.000000</in_Quantity.quantity><out_Quantity.quantity>709.297977</out_Quantity.quantity></Point><Point><position>8898</position><in_Quantity.quantity>0.000000</in_Quantity.quantity><out_Quantity.quantity>457.612438</out_Quantity.quantity></Point><Point><position>8899</position><in_Quantity.quantity>0.000000</in_Quantity.quantity><out_Quantity.quantity>930.435030</out_Quantity.quantity></Point><Point><position>8900</position><in_Quantity.quantity>0.000000</in_Quantity.quantity><out_Quantity.quantity>201.950817</out_Quantity.quantity></Point><Point><position>8901</position><in_Quantity.quantity>0.000000</in_Quantity.quantity><out_Quantity.quantity>375.616754</out_Quantity.quantity></Point><Point><position>8902</position><in_Quantity.quantity>0.000000</in_Quantity.quantity><out_Quantity.quantity>964.630508</out_Quantity.quantity></Point><Point><position>8903</position><in_Quantity.quantity>0.000000</in_Quantity.quantity><out_Quantity.quantity>714.769812</out_Quantity.quantity></Point><Point><position>8904</position><in_Quantity.quantity>0.000000</in_Quantity.quantity><out_Quantity.quantity>73.757395</out_Quantity.quantity></Point><Point><position>8905</position><in_Quantity.quantity>0.000000</in_Quantity.quantity><out_Quantity.quantity>101.576843</out_Quantity.quantity></Point><Point><position>8906</position><in_Quantity.quantity>0.000000</in_Quantity.quantity><out_Quantity.quantity>559.324062</out_Quantity.quantity></Point><Point><position>8907</position><in_Quantity.quantity>0.000000</in_Quantity.quantity><out_Quantity.quantity>949.487843</out_Quantity.quantity></Point><Point><position>8908</position><in_Quantity.quantity>0.000000</in_Quantity.quantity><out_Quantity.quantity>250.540236</out_Quantity.quantity></Point><Point><position>8909</position><in_Quantity.quantity>0.000000</in_Quantity.quantity><out_Quantity.quantity>52.566422</out_Quantity.quantity></Point><Point><position>8910</position><in_Quantity.quantity>0.000000</in_Quantity.quantity><out_Quantity.quantity>407.623285</out_Quantity.quantity></Point><Point><position>8911</position><in_Quantity.quantity>0.000000</in_Quantity.quantity><out_Quantity.quantity>240.651073</out_Quantity.quantity></Point><Point><position>8912</position><in_Quantity.quantity>0.000000</in_Quantity.quantity><out_Quantity.quantity>369.106653</out_Quantity.quantity></Point><Point><position>8913</position><in_Quantity.quantity>0.000000</in_Quantity.quantity><out_Quantity.quantity>442.289209</out_Quantity.quantity></Point><Point><position>8914</position><in_Quantity.quantity>0.000000</in_Quantity.quantity><out_Quantity.quantity>140.852320</out_Quantity.quantity></Point><Point><position>8915</position><in_Quantity.quantity>0.000000</in_Quantity.quantity><out_Quantity.quantity>494.791222</out_Quantity.quantity></Point><Point><position>8916</position><in_Quantity.quantity>0.000000</in_Quantity.quantity><out_Quantity.quantity>878.491775</out_Quantity.quantity></Point><Point><position>8917</position><in_Quantity.quantity>0.000000</in_Quantity.quantity><out_Quantity.quantity>697.022205</out_Quantity.quantity></Point><Point><position>8918</position><in_Quantity.quantity>0.000000</in_Quantity.quantity><out_Quantity.quantity>497.728650</out_Quantity.quantity></Point><Point><position>8919</position><in_Quantity.quantity>0.000000</in_Quantity.quantity><out_Quantity.quantity>936.097194</out_Quantity.quantity></Point><Point><position>8920</position><in_Quantity.quantity>0.000000</in_Quantity.quantity><out_Quantity.quantity>264.397161</out_Quantity.quantity></Point><Point><position>8921</position><in_Quantity.quantity>0.000000</in_Quantity.quantity><out_Quantity.quantity>968.828681</out_Quantity.quantity></Point><Point><position>8922</position><in_Quantity.quantity>0.000000</in_Quantity.quantity><out_Quantity.quantity>407.587356</out_Quantity.quantity></Point><Point><position>8923</position><in_Quantity.quantity>0.000000</in_Quantity.quantity><out_Quantity.quantity>487.804621</out_Quantity.quantity></Point><Point><position>8924</position><in_Quantity.quantity>0.000000</in_Quantity.quantity><out_Quantity.quantity>883.990557</out_Quantity.quantity></Point><Point><position>8925</position><in_Quantity.quantity>0.000000</in_Quantity.quantity><out_Quantity.quantity>615.330624</out_Quantity.quantity></Point><Point><position>8926</position><in_Quantity.quantity>0.000000</in_Quantity.quantity><out_Quantity.quantity>475.428516</out_Quantity.quantity></Point><Point><position>8927</position><in_Quantity.quantity>0.000000</in_Quantity.quantity><out_Quantity.quantity>191.725945</out_Quantity.quantity></Point><Point><position>8928</position><in_Quantity.quantity>0.000000</in_Quantity.quantity><out_Quantity.quantity>552.277780</out_Quantity.quantity></Point><Point><position>8929</position><in_Quantity.quantity>0.000000</in_Quantity.quantity><out_Quantity.quantity>651.028578</out_Quantity.quantity></Point><Point><position>8930</position><in_Quantity.quantity>0.000000</in_Quantity.quantity><out_Quantity.quantity>754.379079</out_Quantity.quantity></Point><Point><position>8931</position><in_Quantity.quantity>0.000000</in_Quantity.quantity><out_Quantity.quantity>819.237383</out_Quantity.quantity></Point><Point><position>8932</position><in_Quantity.quantity>0.000000</in_Quantity.quantity><out_Quantity.quantity>526.525022</out_Quantity.quantity></Point><Point><position>8933</position><in_Quantity.quantity>0.000000</in_Quantity.quantity><out_Quantity.quantity>203.846969</out_Quantity.quantity></Point><Point><position>8934</position><in_Quantity.quantity>0.000000</in_Quantity.quantity><out_Quantity.quantity>943.598552</out_Quantity.quantity></Point><Point><position>8935</position><in_Quantity.quantity>0.000000</in_Quantity.quantity><out_Quantity.quantity>519.121488</out_Quantity.quantity></Point><Point><position>8936</position><in_Quantity.quantity>0.000000</in_Quantity.quantity><out_Quantity.quantity>220.036630</out_Quantity.quantity></Point><Point><position>8937</position><in_Quantity.quantity>0.000000</in_Quantity.quantity><out_Quantity.quantity>336.189595</out_Quantity.quantity></Point><Point><position>8938</position><in_Quantity.quantity>0.000000</in_Quantity.quantity><out_Quantity.quantity>36.932664</out_Quantity.quantity></Point><Point><position>8939</position><in_Quantity.quantity>0.000000</in_Quantity.quantity><out_Quantity.quantity>206.336084</out_Quantity.quantity></Point><Point><position>8940</position><in_Quantity.quantity>0.000000</in_Quantity.quantity><out_Quantity.quantity>18.075564</out_Quantity.quantity></Point><Point><position>8941</position><in_Quantity.quantity>0.000000</in_Quantity.quantity><out_Quantity.quantity>686.568007</out_Quantity.quantity></Point><Point><position>8942</position><in_Quantity.quantity>0.000000</in_Quantity.quantity><out_Quantity.quantity>893.998908</out_Quantity.quantity></Point><Point><position>8943</position><in_Quantity.quantity>0.000000</in_Quantity.quantity><out_Quantity.quantity>604.112369</out_Quantity.quantity></Point><Point><position>8944</position><in_Quantity.quantity>0.000000</in_Quantity.quantity><out_Quantity.quantity>263.388830</out_Quantity.quantity></Point><Point><position>8945</position><in_Quantity.quantity>0.000000</in_Quantity.quantity><out_Quantity.quantity>81.954371</out_Quantity.quantity></Point><Point><position>8946</position><in_Quantity.quantity>0.000000</in_Quantity.quantity><out_Quantity.quantity>700.782585</out_Quantity.quantity></Point><Point><position>8947</position><in_Quantity.quantity>0.000000</in_Quantity.quantity><out_Quantity.quantity>969.316676</out_Quantity.quantity></Point><Point><position>8948</position><in_Quantity.quantity>0.000000</in_Quantity.quantity><out_Quantity.quantity>390.666748</out_Quantity.quantity></Point><Point><position>8949</position><in_Quantity.quantity>0.000000</in_Quantity.quantity><out_Quantity.quantity>136.095582</out_Quantity.quantity></Point><Point><position>8950</position><in_Quantity.quantity>0.000000</in_Quantity.quantity><out_Quantity.quantity>434.486573</out_Quantity.quantity></Point><Point><position>8951</position><in_Quantity.quantity>0.000000</in_Quantity.quantity><out_Quantity.quantity>981.366896</out_Quantity.quantity></Point><Point><position>8952</position><in_Quantity.quantity>0.000000</in_Quantity.quantity><out_Quantity.quantity>966.760045</out_Quantity.quantity></Point><Point><position>8953</position><in_Quantity.quantity>0.000000</in_Quantity.quantity><out_Quantity.quantity>221.984236</out_Quantity.quantity></Point><Point><position>8954</position><in_Quantity.quantity>0.000000</in_Quantity.quantity><out_Quantity.quantity>341.474305</out_Quantity.quantity></Point><Point><position>8955</position><in_Quantity.quantity>0.000000</in_Quantity.quantity><out_Quantity.quantity>369.905449</out_Quantity.quantity></Point><Point><position>8956</position><in_Quantity.quantity>0.000000</in_Quantity.quantity><out_Quantity.quantity>837.026170</out_Quantity.quantity></Point><Point><position>8957</position><in_Quantity.quantity>0.000000</in_Quantity.quantity><out_Quantity.quantity>563.625156</out_Quantity.quantity></Point><Point><position>8958</position><in_Quantity.quantity>0.000000</in_Quantity.quantity><out_Quantity.quantity>325.115523</out_Quantity.quantity></Point><Point><position>8959</position><in_Quantity.quantity>0.000000</in_Quantity.quantity><out_Quantity.quantity>626.217057</out_Quantity.quantity></Point><Point><position>8960</position><in_Quantity.quantity>0.000000</in_Quantity.quantity><out_Quantity.quantity>372.402980</out_Quantity.quantity></Point><Point><position>8961</position><in_Quantity.quantity>0.000000</in_Quantity.quantity><out_Quantity.quantity>866.959542</out_Quantity.quantity></Point><Point><position>8962</position><in_Quantity.quantity>0.000000</in_Quantity.quantity><out_Quantity.quantity>191.189198</out_Quantity.quantity></Point><Point><position>8963</position><in_Quantity.quantity>0.000000</in_Quantity.quantity><out_Quantity.quantity>620.591944</out_Quantity.quantity></Point><Point><position>8964</position><in_Quantity.quantity>0.000000</in_Quantity.quantity><out_Quantity.quantity>951.187121</out_Quantity.quantity></Point><Point><position>8965</position><in_Quantity.quantity>0.000000</in_Quantity.quantity><out_Quantity.quantity>286.088575</out_Quantity.quantity></Point><Point><position>8966</position><in_Quantity.quantity>0.000000</in_Quantity.quantity><out_Quantity.quantity>116.443528</out_Quantity.quantity></Point><Point><position>8967</position><in_Quantity.quantity>0.000000</in_Quantity.quantity><out_Quantity.quantity>200.746063</out_Quantity.quantity></Point><Point><position>8968</position><in_Quantity.quantity>0.000000</in_Quantity.quantity><out_Quantity.quantity>365.489394</out_Quantity.quantity></Point><Point><position>8969</position><in_Quantity.quantity>0.000000</in_Quantity.quantity><out_Quantity.quantity>186.710634</out_Quantity.quantity></Point><Point><position>8970</position><in_Quantity.quantity>0.000000</in_Quantity.quantity><out_Quantity.quantity>285.636346</out_Quantity.quantity></Point><Point><position>8971</position><in_Quantity.quantity>0.000000</in_Quantity.quantity><out_Quantity.quantity>901.215921</out_Quantity.quantity></Point><Point><position>8972</position><in_Quantity.quantity>0.000000</in_Quantity.quantity><out_Quantity.quantity>800.040336</out_Quantity.quantity></Point><Point><position>8973</position><in_Quantity.quantity>0.000000</in_Quantity.quantity><out_Quantity.quantity>657.336581</out_Quantity.quantity></Point><Point><position>8974</position><in_Quantity.quantity>0.000000</in_Quantity.quantity><out_Quantity.quantity>928.655832</out_Quantity.quantity></Point><Point><position>8975</position><in_Quantity.quantity>0.000000</in_Quantity.quantity><out_Quantity.quantity>901.940415</out_Quantity.quantity></Point><Point><position>8976</position><in_Quantity.quantity>0.000000</in_Quantity.quantity><out_Quantity.quantity>775.130918</out_Quantity.quantity></Point><Point><position>8977</position><in_Quantity.quantity>0.000000</in_Quantity.quantity><out_Quantity.quantity>328.938502</out_Quantity.quantity></Point><Point><position>8978</position><in_Quantity.quantity>0.000000</in_Quantity.quantity><out_Quantity.quantity>847.358511</out_Quantity.quantity></Point><Point><position>8979</position><in_Quantity.quantity>0.000000</in_Quantity.quantity><out_Quantity.quantity>311.447337</out_Quantity.quantity></Point><Point><position>8980</position><in_Quantity.quantity>0.000000</in_Quantity.quantity><out_Quantity.quantity>526.262908</out_Quantity.quantity></Point><Point><position>8981</position><in_Quantity.quantity>0.000000</in_Quantity.quantity><out_Quantity.quantity>144.285938</out_Quantity.quantity></Point><Point><position>8982</position><in_Quantity.quantity>0.000000</in_Quantity.quantity><out_Quantity.quantity>570.608945</out_Quantity.quantity></Point><Point><position>8983</position><in_Quantity.quantity>0.000000</in_Quantity.quantity><out_Quantity.quantity>259.334275</out_Quantity.quantity></Point><Point><position>8984</position><in_Quantity.quantity>0.000000</in_Quantity.quantity><out_Quantity.quantity>369.086908</out_Quantity.quantity></Point><Point><position>8985</position><in_Quantity.quantity>0.000000</in_Quantity.quantity><out_Quantity.quantity>71.532675</out_Quantity.quantity></Point><Point><position>8986</position><in_Quantity.quantity>0.000000</in_Quantity.quantity><out_Quantity.quantity>926.615433</out_Quantity.quantity></Point><Point><position>8987</position><in_Quantity.quantity>0.000000</in_Quantity.quantity><out_Quantity.quantity>334.935901</out_Quantity.quantity></Point><Point><position>8988</position><in_Quantity.quantity>0.000000</in_Quantity.quantity><out_Quantity.quantity>461.133745</out_Quantity.quantity></Point><Point><position>8989</position><in_Quantity.quantity>0.000000</in_Quantity.quantity><out_Quantity.quantity>863.935667</out_Quantity.quantity></Point><Point><position>8990</position><in_Quantity.quantity>0.000000</in_Quantity.quantity><out_Quantity.quantity>214.957580</out_Quantity.quantity></Point><Point><position>8991</position><in_Quantity.quantity>0.000000</in_Quantity.quantity><out_Quantity.quantity>519.022772</out_Quantity.quantity></Point><Point><position>8992</position><in_Quantity.quantity>0.000000</in_Quantity.quantity><out_Quantity.quantity>212.320033</out_Quantity.quantity></Point><Point><position>8993</position><in_Quantity.quantity>0.000000</in_Quantity.quantity><out_Quantity.quantity>509.735689</out_Quantity.quantity></Point><Point><position>8994</position><in_Quantity.quantity>0.000000</in_Quantity.quantity><out_Quantity.quantity>802.527285</out_Quantity.quantity></Point><Point><position>8995</position><in_Quantity.quantity>0.000000</in_Quantity.quantity><out_Quantity.quantity>478.651520</out_Quantity.quantity></Point><Point><position>8996</position><in_Quantity.quantity>0.000000</in_Quantity.quantity><out_Quantity.quantity>850.192056</out_Quantity.quantity></Point><Point><position>8997</position><in_Quantity.quantity>0.000000</in_Quantity.quantity><out_Quantity.quantity>590.059846</out_Quantity.quantity></Point><Point><position>8998</position><in_Quantity.quantity>0.000000</in_Quantity.quantity><out_Quantity.quantity>847.639805</out_Quantity.quantity></Point><Point><position>8999</position><in_Quantity.quantity>0.000000</in_Quantity.quantity><out_Quantity.quantity>422.733668</out_Quantity.quantity></Point><Point><position>9000</position><in_Quantity.quantity>0.000000</in_Quantity.quantity><out_Quantity.quantity>778.987889</out_Quantity.quantity></Point><Point><position>9001</position><in_Quantity.quantity>0.000000</in_Quantity.quantity><out_Quantity.quantity>610.604786</out_Quantity.quantity></Point><Point><position>9002</position><in_Quantity.quantity>0.000000</in_Quantity.quantity><out_Quantity.quantity>796.053183</out_Quantity.quantity></Point><Point><position>9003</position><in_Quantity.quantity>0.000000</in_Quantity.quantity><out_Quantity.quantity>998.227044</out_Quantity.quantity></Point><Point><position>9004</position><in_Quantity.quantity>0.000000</in_Quantity.quantity><out_Quantity.quantity>426.779207</out_Quantity.quantity></Point><Point><position>9005</position><in_Quantity.quantity>0.000000</in_Quantity.quantity><out_Quantity.quantity>479.842572</out_Quantity.quantity></Point><Point><position>9006</position><in_Quantity.quantity>0.000000</in_Quantity.quantity><out_Quantity.quantity>593.536482</out_Quantity.quantity></Point><Point><position>9007</position><in_Quantity.quantity>0.000000</in_Quantity.quantity><out_Quantity.quantity>702.092676</out_Quantity.quantity></Point><Point><position>9008</position><in_Quantity.quantity>0.000000</in_Quantity.quantity><out_Quantity.quantity>948.468324</out_Quantity.quantity></Point><Point><position>9009</position><in_Quantity.quantity>0.000000</in_Quantity.quantity><out_Quantity.quantity>727.245728</out_Quantity.quantity></Point><Point><position>9010</position><in_Quantity.quantity>0.000000</in_Quantity.quantity><out_Quantity.quantity>756.770187</out_Quantity.quantity></Point><Point><position>9011</position><in_Quantity.quantity>0.000000</in_Quantity.quantity><out_Quantity.quantity>431.108556</out_Quantity.quantity></Point><Point><position>9012</position><in_Quantity.quantity>0.000000</in_Quantity.quantity><out_Quantity.quantity>660.214694</out_Quantity.quantity></Point><Point><position>9013</position><in_Quantity.quantity>0.000000</in_Quantity.quantity><out_Quantity.quantity>481.175619</out_Quantity.quantity></Point><Point><position>9014</position><in_Quantity.quantity>0.000000</in_Quantity.quantity><out_Quantity.quantity>697.297126</out_Quantity.quantity></Point><Point><position>9015</position><in_Quantity.quantity>0.000000</in_Quantity.quantity><out_Quantity.quantity>84.129855</out_Quantity.quantity></Point><Point><position>9016</position><in_Quantity.quantity>0.000000</in_Quantity.quantity><out_Quantity.quantity>447.865839</out_Quantity.quantity></Point><Point><position>9017</position><in_Quantity.quantity>0.000000</in_Quantity.quantity><out_Quantity.quantity>422.182510</out_Quantity.quantity></Point><Point><position>9018</position><in_Quantity.quantity>0.000000</in_Quantity.quantity><out_Quantity.quantity>780.800380</out_Quantity.quantity></Point><Point><position>9019</position><in_Quantity.quantity>0.000000</in_Quantity.quantity><out_Quantity.quantity>748.934082</out_Quantity.quantity></Point><Point><position>9020</position><in_Quantity.quantity>0.000000</in_Quantity.quantity><out_Quantity.quantity>636.876644</out_Quantity.quantity></Point><Point><position>9021</position><in_Quantity.quantity>0.000000</in_Quantity.quantity><out_Quantity.quantity>207.273098</out_Quantity.quantity></Point><Point><position>9022</position><in_Quantity.quantity>0.000000</in_Quantity.quantity><out_Quantity.quantity>810.539458</out_Quantity.quantity></Point><Point><position>9023</position><in_Quantity.quantity>0.000000</in_Quantity.quantity><out_Quantity.quantity>738.193939</out_Quantity.quantity></Point><Point><position>9024</position><in_Quantity.quantity>0.000000</in_Quantity.quantity><out_Quantity.quantity>883.476778</out_Quantity.quantity></Point><Point><position>9025</position><in_Quantity.quantity>0.000000</in_Quantity.quantity><out_Quantity.quantity>753.227250</out_Quantity.quantity></Point><Point><position>9026</position><in_Quantity.quantity>0.000000</in_Quantity.quantity><out_Quantity.quantity>442.312453</out_Quantity.quantity></Point><Point><position>9027</position><in_Quantity.quantity>0.000000</in_Quantity.quantity><out_Quantity.quantity>535.778955</out_Quantity.quantity></Point><Point><position>9028</position><in_Quantity.quantity>0.000000</in_Quantity.quantity><out_Quantity.quantity>591.370333</out_Quantity.quantity></Point><Point><position>9029</position><in_Quantity.quantity>0.000000</in_Quantity.quantity><out_Quantity.quantity>338.846336</out_Quantity.quantity></Point><Point><position>9030</position><in_Quantity.quantity>0.000000</in_Quantity.quantity><out_Quantity.quantity>609.270372</out_Quantity.quantity></Point><Point><position>9031</position><in_Quantity.quantity>0.000000</in_Quantity.quantity><out_Quantity.quantity>947.909745</out_Quantity.quantity></Point><Point><position>9032</position><in_Quantity.quantity>0.000000</in_Quantity.quantity><out_Quantity.quantity>664.161495</out_Quantity.quantity></Point><Point><position>9033</position><in_Quantity.quantity>0.000000</in_Quantity.quantity><out_Quantity.quantity>723.668139</out_Quantity.quantity></Point><Point><position>9034</position><in_Quantity.quantity>0.000000</in_Quantity.quantity><out_Quantity.quantity>485.474043</out_Quantity.quantity></Point><Point><position>9035</position><in_Quantity.quantity>0.000000</in_Quantity.quantity><out_Quantity.quantity>611.311978</out_Quantity.quantity></Point><Point><position>9036</position><in_Quantity.quantity>0.000000</in_Quantity.quantity><out_Quantity.quantity>761.674528</out_Quantity.quantity></Point><Point><position>9037</position><in_Quantity.quantity>0.000000</in_Quantity.quantity><out_Quantity.quantity>181.307742</out_Quantity.quantity></Point><Point><position>9038</position><in_Quantity.quantity>0.000000</in_Quantity.quantity><out_Quantity.quantity>864.494794</out_Quantity.quantity></Point><Point><position>9039</position><in_Quantity.quantity>0.000000</in_Quantity.quantity><out_Quantity.quantity>905.028546</out_Quantity.quantity></Point><Point><position>9040</position><in_Quantity.quantity>0.000000</in_Quantity.quantity><out_Quantity.quantity>608.127777</out_Quantity.quantity></Point><Point><position>9041</position><in_Quantity.quantity>0.000000</in_Quantity.quantity><out_Quantity.quantity>877.374602</out_Quantity.quantity></Point><Point><position>9042</position><in_Quantity.quantity>0.000000</in_Quantity.quantity><out_Quantity.quantity>579.773854</out_Quantity.quantity></Point><Point><position>9043</position><in_Quantity.quantity>0.000000</in_Quantity.quantity><out_Quantity.quantity>132.493263</out_Quantity.quantity></Point><Point><position>9044</position><in_Quantity.quantity>0.000000</in_Quantity.quantity><out_Quantity.quantity>468.128292</out_Quantity.quantity></Point><Point><position>9045</position><in_Quantity.quantity>0.000000</in_Quantity.quantity><out_Quantity.quantity>116.099940</out_Quantity.quantity></Point><Point><position>9046</position><in_Quantity.quantity>0.000000</in_Quantity.quantity><out_Quantity.quantity>980.523152</out_Quantity.quantity></Point><Point><position>9047</position><in_Quantity.quantity>0.000000</in_Quantity.quantity><out_Quantity.quantity>607.758681</out_Quantity.quantity></Point><Point><position>9048</position><in_Quantity.quantity>0.000000</in_Quantity.quantity><out_Quantity.quantity>4.703006</out_Quantity.quantity></Point><Point><position>9049</position><in_Quantity.quantity>0.000000</in_Quantity.quantity><out_Quantity.quantity>981.076270</out_Quantity.quantity></Point><Point><position>9050</position><in_Quantity.quantity>0.000000</in_Quantity.quantity><out_Quantity.quantity>410.835356</out_Quantity.quantity></Point><Point><position>9051</position><in_Quantity.quantity>0.000000</in_Quantity.quantity><out_Quantity.quantity>702.202210</out_Quantity.quantity></Point><Point><position>9052</position><in_Quantity.quantity>0.000000</in_Quantity.quantity><out_Quantity.quantity>493.499387</out_Quantity.quantity></Point><Point><position>9053</position><in_Quantity.quantity>0.000000</in_Quantity.quantity><out_Quantity.quantity>815.541984</out_Quantity.quantity></Point><Point><position>9054</position><in_Quantity.quantity>0.000000</in_Quantity.quantity><out_Quantity.quantity>274.224025</out_Quantity.quantity></Point><Point><position>9055</position><in_Quantity.quantity>0.000000</in_Quantity.quantity><out_Quantity.quantity>231.198515</out_Quantity.quantity></Point><Point><position>9056</position><in_Quantity.quantity>0.000000</in_Quantity.quantity><out_Quantity.quantity>490.419321</out_Quantity.quantity></Point><Point><position>9057</position><in_Quantity.quantity>0.000000</in_Quantity.quantity><out_Quantity.quantity>665.415909</out_Quantity.quantity></Point><Point><position>9058</position><in_Quantity.quantity>0.000000</in_Quantity.quantity><out_Quantity.quantity>755.685508</out_Quantity.quantity></Point><Point><position>9059</position><in_Quantity.quantity>0.000000</in_Quantity.quantity><out_Quantity.quantity>470.695790</out_Quantity.quantity></Point><Point><position>9060</position><in_Quantity.quantity>0.000000</in_Quantity.quantity><out_Quantity.quantity>763.268372</out_Quantity.quantity></Point><Point><position>9061</position><in_Quantity.quantity>0.000000</in_Quantity.quantity><out_Quantity.quantity>487.986502</out_Quantity.quantity></Point><Point><position>9062</position><in_Quantity.quantity>0.000000</in_Quantity.quantity><out_Quantity.quantity>243.341588</out_Quantity.quantity></Point><Point><position>9063</position><in_Quantity.quantity>0.000000</in_Quantity.quantity><out_Quantity.quantity>445.777903</out_Quantity.quantity></Point><Point><position>9064</position><in_Quantity.quantity>0.000000</in_Quantity.quantity><out_Quantity.quantity>485.820700</out_Quantity.quantity></Point><Point><position>9065</position><in_Quantity.quantity>0.000000</in_Quantity.quantity><out_Quantity.quantity>531.012829</out_Quantity.quantity></Point><Point><position>9066</position><in_Quantity.quantity>0.000000</in_Quantity.quantity><out_Quantity.quantity>159.900465</out_Quantity.quantity></Point><Point><position>9067</position><in_Quantity.quantity>0.000000</in_Quantity.quantity><out_Quantity.quantity>90.559461</out_Quantity.quantity></Point><Point><position>9068</position><in_Quantity.quantity>0.000000</in_Quantity.quantity><out_Quantity.quantity>814.809093</out_Quantity.quantity></Point><Point><position>9069</position><in_Quantity.quantity>0.000000</in_Quantity.quantity><out_Quantity.quantity>144.920537</out_Quantity.quantity></Point><Point><position>9070</position><in_Quantity.quantity>0.000000</in_Quantity.quantity><out_Quantity.quantity>751.167319</out_Quantity.quantity></Point><Point><position>9071</position><in_Quantity.quantity>0.000000</in_Quantity.quantity><out_Quantity.quantity>906.559045</out_Quantity.quantity></Point><Point><position>9072</position><in_Quantity.quantity>0.000000</in_Quantity.quantity><out_Quantity.quantity>918.860220</out_Quantity.quantity></Point><Point><position>9073</position><in_Quantity.quantity>0.000000</in_Quantity.quantity><out_Quantity.quantity>608.002815</out_Quantity.quantity></Point><Point><position>9074</position><in_Quantity.quantity>0.000000</in_Quantity.quantity><out_Quantity.quantity>776.513362</out_Quantity.quantity></Point><Point><position>9075</position><in_Quantity.quantity>0.000000</in_Quantity.quantity><out_Quantity.quantity>721.354704</out_Quantity.quantity></Point><Point><position>9076</position><in_Quantity.quantity>0.000000</in_Quantity.quantity><out_Quantity.quantity>675.785745</out_Quantity.quantity></Point><Point><position>9077</position><in_Quantity.quantity>0.000000</in_Quantity.quantity><out_Quantity.quantity>664.272562</out_Quantity.quantity></Point><Point><position>9078</position><in_Quantity.quantity>0.000000</in_Quantity.quantity><out_Quantity.quantity>444.267229</out_Quantity.quantity></Point><Point><position>9079</position><in_Quantity.quantity>0.000000</in_Quantity.quantity><out_Quantity.quantity>821.661607</out_Quantity.quantity></Point><Point><position>9080</position><in_Quantity.quantity>0.000000</in_Quantity.quantity><out_Quantity.quantity>174.741886</out_Quantity.quantity></Point><Point><position>9081</position><in_Quantity.quantity>0.000000</in_Quantity.quantity><out_Quantity.quantity>779.730084</out_Quantity.quantity></Point><Point><position>9082</position><in_Quantity.quantity>0.000000</in_Quantity.quantity><out_Quantity.quantity>981.210704</out_Quantity.quantity></Point><Point><position>9083</position><in_Quantity.quantity>0.000000</in_Quantity.quantity><out_Quantity.quantity>845.567440</out_Quantity.quantity></Point><Point><position>9084</position><in_Quantity.quantity>0.000000</in_Quantity.quantity><out_Quantity.quantity>462.981692</out_Quantity.quantity></Point><Point><position>9085</position><in_Quantity.quantity>0.000000</in_Quantity.quantity><out_Quantity.quantity>469.491123</out_Quantity.quantity></Point><Point><position>9086</position><in_Quantity.quantity>0.000000</in_Quantity.quantity><out_Quantity.quantity>130.145344</out_Quantity.quantity></Point><Point><position>9087</position><in_Quantity.quantity>0.000000</in_Quantity.quantity><out_Quantity.quantity>271.095671</out_Quantity.quantity></Point><Point><position>9088</position><in_Quantity.quantity>0.000000</in_Quantity.quantity><out_Quantity.quantity>345.584729</out_Quantity.quantity></Point><Point><position>9089</position><in_Quantity.quantity>0.000000</in_Quantity.quantity><out_Quantity.quantity>553.745030</out_Quantity.quantity></Point><Point><position>9090</position><in_Quantity.quantity>0.000000</in_Quantity.quantity><out_Quantity.quantity>695.192131</out_Quantity.quantity></Point><Point><position>9091</position><in_Quantity.quantity>0.000000</in_Quantity.quantity><out_Quantity.quantity>225.428600</out_Quantity.quantity></Point><Point><position>9092</position><in_Quantity.quantity>0.000000</in_Quantity.quantity><out_Quantity.quantity>543.658098</out_Quantity.quantity></Point><Point><position>9093</position><in_Quantity.quantity>0.000000</in_Quantity.quantity><out_Quantity.quantity>864.103379</out_Quantity.quantity></Point><Point><position>9094</position><in_Quantity.quantity>0.000000</in_Quantity.quantity><out_Quantity.quantity>630.346703</out_Quantity.quantity></Point><Point><position>9095</position><in_Quantity.quantity>0.000000</in_Quantity.quantity><out_Quantity.quantity>917.365661</out_Quantity.quantity></Point><Point><position>9096</position><in_Quantity.quantity>0.000000</in_Quantity.quantity><out_Quantity.quantity>873.857856</out_Quantity.quantity></Point><Point><position>9097</position><in_Quantity.quantity>0.000000</in_Quantity.quantity><out_Quantity.quantity>624.840300</out_Quantity.quantity></Point><Point><position>9098</position><in_Quantity.quantity>0.000000</in_Quantity.quantity><out_Quantity.quantity>981.829545</out_Quantity.quantity></Point><Point><position>9099</position><in_Quantity.quantity>0.000000</in_Quantity.quantity><out_Quantity.quantity>248.889156</out_Quantity.quantity></Point><Point><position>9100</position><in_Quantity.quantity>0.000000</in_Quantity.quantity><out_Quantity.quantity>918.448692</out_Quantity.quantity></Point><Point><position>9101</position><in_Quantity.quantity>0.000000</in_Quantity.quantity><out_Quantity.quantity>339.020055</out_Quantity.quantity></Point><Point><position>9102</position><in_Quantity.quantity>0.000000</in_Quantity.quantity><out_Quantity.quantity>461.828526</out_Quantity.quantity></Point><Point><position>9103</position><in_Quantity.quantity>0.000000</in_Quantity.quantity><out_Quantity.quantity>924.097475</out_Quantity.quantity></Point><Point><position>9104</position><in_Quantity.quantity>0.000000</in_Quantity.quantity><out_Quantity.quantity>461.584750</out_Quantity.quantity></Point><Point><position>9105</position><in_Quantity.quantity>0.000000</in_Quantity.quantity><out_Quantity.quantity>942.474317</out_Quantity.quantity></Point><Point><position>9106</position><in_Quantity.quantity>0.000000</in_Quantity.quantity><out_Quantity.quantity>168.165284</out_Quantity.quantity></Point><Point><position>9107</position><in_Quantity.quantity>0.000000</in_Quantity.quantity><out_Quantity.quantity>690.755067</out_Quantity.quantity></Point><Point><position>9108</position><in_Quantity.quantity>0.000000</in_Quantity.quantity><out_Quantity.quantity>469.992876</out_Quantity.quantity></Point><Point><position>9109</position><in_Quantity.quantity>0.000000</in_Quantity.quantity><out_Quantity.quantity>791.331193</out_Quantity.quantity></Point><Point><position>9110</position><in_Quantity.quantity>0.000000</in_Quantity.quantity><out_Quantity.quantity>253.080220</out_Quantity.quantity></Point><Point><position>9111</position><in_Quantity.quantity>0.000000</in_Quantity.quantity><out_Quantity.quantity>639.675017</out_Quantity.quantity></Point><Point><position>9112</position><in_Quantity.quantity>0.000000</in_Quantity.quantity><out_Quantity.quantity>677.775924</out_Quantity.quantity></Point><Point><position>9113</position><in_Quantity.quantity>0.000000</in_Quantity.quantity><out_Quantity.quantity>43.962735</out_Quantity.quantity></Point><Point><position>9114</position><in_Quantity.quantity>0.000000</in_Quantity.quantity><out_Quantity.quantity>181.376668</out_Quantity.quantity></Point><Point><position>9115</position><in_Quantity.quantity>0.000000</in_Quantity.quantity><out_Quantity.quantity>924.582882</out_Quantity.quantity></Point><Point><position>9116</position><in_Quantity.quantity>0.000000</in_Quantity.quantity><out_Quantity.quantity>678.450509</out_Quantity.quantity></Point><Point><position>9117</position><in_Quantity.quantity>0.000000</in_Quantity.quantity><out_Quantity.quantity>655.383161</out_Quantity.quantity></Point><Point><position>9118</position><in_Quantity.quantity>0.000000</in_Quantity.quantity><out_Quantity.quantity>255.457109</out_Quantity.quantity></Point><Point><position>9119</position><in_Quantity.quantity>0.000000</in_Quantity.quantity><out_Quantity.quantity>42.659312</out_Quantity.quantity></Point><Point><position>9120</position><in_Quantity.quantity>0.000000</in_Quantity.quantity><out_Quantity.quantity>917.873268</out_Quantity.quantity></Point><Point><position>9121</position><in_Quantity.quantity>0.000000</in_Quantity.quantity><out_Quantity.quantity>988.578559</out_Quantity.quantity></Point><Point><position>9122</position><in_Quantity.quantity>0.000000</in_Quantity.quantity><out_Quantity.quantity>87.555678</out_Quantity.quantity></Point><Point><position>9123</position><in_Quantity.quantity>0.000000</in_Quantity.quantity><out_Quantity.quantity>520.024105</out_Quantity.quantity></Point><Point><position>9124</position><in_Quantity.quantity>0.000000</in_Quantity.quantity><out_Quantity.quantity>773.424682</out_Quantity.quantity></Point><Point><position>9125</position><in_Quantity.quantity>0.000000</in_Quantity.quantity><out_Quantity.quantity>527.622162</out_Quantity.quantity></Point><Point><position>9126</position><in_Quantity.quantity>0.000000</in_Quantity.quantity><out_Quantity.quantity>205.529453</out_Quantity.quantity></Point><Point><position>9127</position><in_Quantity.quantity>0.000000</in_Quantity.quantity><out_Quantity.quantity>151.920170</out_Quantity.quantity></Point><Point><position>9128</position><in_Quantity.quantity>0.000000</in_Quantity.quantity><out_Quantity.quantity>349.717153</out_Quantity.quantity></Point><Point><position>9129</position><in_Quantity.quantity>0.000000</in_Quantity.quantity><out_Quantity.quantity>265.692859</out_Quantity.quantity></Point><Point><position>9130</position><in_Quantity.quantity>0.000000</in_Quantity.quantity><out_Quantity.quantity>659.611201</out_Quantity.quantity></Point><Point><position>9131</position><in_Quantity.quantity>0.000000</in_Quantity.quantity><out_Quantity.quantity>414.689175</out_Quantity.quantity></Point><Point><position>9132</position><in_Quantity.quantity>0.000000</in_Quantity.quantity><out_Quantity.quantity>572.772949</out_Quantity.quantity></Point><Point><position>9133</position><in_Quantity.quantity>0.000000</in_Quantity.quantity><out_Quantity.quantity>831.091091</out_Quantity.quantity></Point><Point><position>9134</position><in_Quantity.quantity>0.000000</in_Quantity.quantity><out_Quantity.quantity>745.161263</out_Quantity.quantity></Point><Point><position>9135</position><in_Quantity.quantity>0.000000</in_Quantity.quantity><out_Quantity.quantity>289.421092</out_Quantity.quantity></Point><Point><position>9136</position><in_Quantity.quantity>0.000000</in_Quantity.quantity><out_Quantity.quantity>627.180545</out_Quantity.quantity></Point><Point><position>9137</position><in_Quantity.quantity>0.000000</in_Quantity.quantity><out_Quantity.quantity>601.503525</out_Quantity.quantity></Point><Point><position>9138</position><in_Quantity.quantity>0.000000</in_Quantity.quantity><out_Quantity.quantity>996.785956</out_Quantity.quantity></Point><Point><position>9139</position><in_Quantity.quantity>0.000000</in_Quantity.quantity><out_Quantity.quantity>675.633995</out_Quantity.quantity></Point><Point><position>9140</position><in_Quantity.quantity>0.000000</in_Quantity.quantity><out_Quantity.quantity>245.233462</out_Quantity.quantity></Point><Point><position>9141</position><in_Quantity.quantity>0.000000</in_Quantity.quantity><out_Quantity.quantity>490.493760</out_Quantity.quantity></Point><Point><position>9142</position><in_Quantity.quantity>0.000000</in_Quantity.quantity><out_Quantity.quantity>124.806843</out_Quantity.quantity></Point><Point><position>9143</position><in_Quantity.quantity>0.000000</in_Quantity.quantity><out_Quantity.quantity>461.372868</out_Quantity.quantity></Point><Point><position>9144</position><in_Quantity.quantity>0.000000</in_Quantity.quantity><out_Quantity.quantity>383.690181</out_Quantity.quantity></Point><Point><position>9145</position><in_Quantity.quantity>0.000000</in_Quantity.quantity><out_Quantity.quantity>760.506608</out_Quantity.quantity></Point><Point><position>9146</position><in_Quantity.quantity>0.000000</in_Quantity.quantity><out_Quantity.quantity>579.788126</out_Quantity.quantity></Point><Point><position>9147</position><in_Quantity.quantity>0.000000</in_Quantity.quantity><out_Quantity.quantity>692.176752</out_Quantity.quantity></Point><Point><position>9148</position><in_Quantity.quantity>0.000000</in_Quantity.quantity><out_Quantity.quantity>413.040072</out_Quantity.quantity></Point><Point><position>9149</position><in_Quantity.quantity>0.000000</in_Quantity.quantity><out_Quantity.quantity>771.761167</out_Quantity.quantity></Point><Point><position>9150</position><in_Quantity.quantity>0.000000</in_Quantity.quantity><out_Quantity.quantity>144.576129</out_Quantity.quantity></Point><Point><position>9151</position><in_Quantity.quantity>0.000000</in_Quantity.quantity><out_Quantity.quantity>188.948356</out_Quantity.quantity></Point><Point><position>9152</position><in_Quantity.quantity>0.000000</in_Quantity.quantity><out_Quantity.quantity>470.563569</out_Quantity.quantity></Point><Point><position>9153</position><in_Quantity.quantity>0.000000</in_Quantity.quantity><out_Quantity.quantity>497.395810</out_Quantity.quantity></Point><Point><position>9154</position><in_Quantity.quantity>0.000000</in_Quantity.quantity><out_Quantity.quantity>119.920755</out_Quantity.quantity></Point><Point><position>9155</position><in_Quantity.quantity>0.000000</in_Quantity.quantity><out_Quantity.quantity>642.565199</out_Quantity.quantity></Point><Point><position>9156</position><in_Quantity.quantity>0.000000</in_Quantity.quantity><out_Quantity.quantity>415.585413</out_Quantity.quantity></Point><Point><position>9157</position><in_Quantity.quantity>0.000000</in_Quantity.quantity><out_Quantity.quantity>265.487967</out_Quantity.quantity></Point><Point><position>9158</position><in_Quantity.quantity>0.000000</in_Quantity.quantity><out_Quantity.quantity>294.233435</out_Quantity.quantity></Point><Point><position>9159</position><in_Quantity.quantity>0.000000</in_Quantity.quantity><out_Quantity.quantity>826.107435</out_Quantity.quantity></Point><Point><position>9160</position><in_Quantity.quantity>0.000000</in_Quantity.quantity><out_Quantity.quantity>452.475835</out_Quantity.quantity></Point><Point><position>9161</position><in_Quantity.quantity>0.000000</in_Quantity.quantity><out_Quantity.quantity>118.572560</out_Quantity.quantity></Point><Point><position>9162</position><in_Quantity.quantity>0.000000</in_Quantity.quantity><out_Quantity.quantity>204.646228</out_Quantity.quantity></Point><Point><position>9163</position><in_Quantity.quantity>0.000000</in_Quantity.quantity><out_Quantity.quantity>86.738598</out_Quantity.quantity></Point><Point><position>9164</position><in_Quantity.quantity>0.000000</in_Quantity.quantity><out_Quantity.quantity>958.968019</out_Quantity.quantity></Point><Point><position>9165</position><in_Quantity.quantity>0.000000</in_Quantity.quantity><out_Quantity.quantity>135.743396</out_Quantity.quantity></Point><Point><position>9166</position><in_Quantity.quantity>0.000000</in_Quantity.quantity><out_Quantity.quantity>724.292216</out_Quantity.quantity></Point><Point><position>9167</position><in_Quantity.quantity>0.000000</in_Quantity.quantity><out_Quantity.quantity>632.509478</out_Quantity.quantity></Point><Point><position>9168</position><in_Quantity.quantity>0.000000</in_Quantity.quantity><out_Quantity.quantity>198.378639</out_Quantity.quantity></Point><Point><position>9169</position><in_Quantity.quantity>0.000000</in_Quantity.quantity><out_Quantity.quantity>279.455367</out_Quantity.quantity></Point><Point><position>9170</position><in_Quantity.quantity>0.000000</in_Quantity.quantity><out_Quantity.quantity>179.952861</out_Quantity.quantity></Point><Point><position>9171</position><in_Quantity.quantity>0.000000</in_Quantity.quantity><out_Quantity.quantity>487.935692</out_Quantity.quantity></Point><Point><position>9172</position><in_Quantity.quantity>0.000000</in_Quantity.quantity><out_Quantity.quantity>789.979380</out_Quantity.quantity></Point><Point><position>9173</position><in_Quantity.quantity>0.000000</in_Quantity.quantity><out_Quantity.quantity>27.501720</out_Quantity.quantity></Point><Point><position>9174</position><in_Quantity.quantity>0.000000</in_Quantity.quantity><out_Quantity.quantity>469.186746</out_Quantity.quantity></Point><Point><position>9175</position><in_Quantity.quantity>0.000000</in_Quantity.quantity><out_Quantity.quantity>627.195505</out_Quantity.quantity></Point><Point><position>9176</position><in_Quantity.quantity>0.000000</in_Quantity.quantity><out_Quantity.quantity>86.512844</out_Quantity.quantity></Point><Point><position>9177</position><in_Quantity.quantity>0.000000</in_Quantity.quantity><out_Quantity.quantity>156.846160</out_Quantity.quantity></Point><Point><position>9178</position><in_Quantity.quantity>0.000000</in_Quantity.quantity><out_Quantity.quantity>706.193814</out_Quantity.quantity></Point><Point><position>9179</position><in_Quantity.quantity>0.000000</in_Quantity.quantity><out_Quantity.quantity>196.193988</out_Quantity.quantity></Point><Point><position>9180</position><in_Quantity.quantity>0.000000</in_Quantity.quantity><out_Quantity.quantity>751.959935</out_Quantity.quantity></Point><Point><position>9181</position><in_Quantity.quantity>0.000000</in_Quantity.quantity><out_Quantity.quantity>282.270656</out_Quantity.quantity></Point><Point><position>9182</position><in_Quantity.quantity>0.000000</in_Quantity.quantity><out_Quantity.quantity>585.753469</out_Quantity.quantity></Point><Point><position>9183</position><in_Quantity.quantity>0.000000</in_Quantity.quantity><out_Quantity.quantity>621.190342</out_Quantity.quantity></Point><Point><position>9184</position><in_Quantity.quantity>0.000000</in_Quantity.quantity><out_Quantity.quantity>475.888254</out_Quantity.quantity></Point><Point><position>9185</position><in_Quantity.quantity>0.000000</in_Quantity.quantity><out_Quantity.quantity>780.620692</out_Quantity.quantity></Point><Point><position>9186</position><in_Quantity.quantity>0.000000</in_Quantity.quantity><out_Quantity.quantity>449.212572</out_Quantity.quantity></Point><Point><position>9187</position><in_Quantity.quantity>0.000000</in_Quantity.quantity><out_Quantity.quantity>732.883275</out_Quantity.quantity></Point><Point><position>9188</position><in_Quantity.quantity>0.000000</in_Quantity.quantity><out_Quantity.quantity>993.257686</out_Quantity.quantity></Point><Point><position>9189</position><in_Quantity.quantity>0.000000</in_Quantity.quantity><out_Quantity.quantity>481.535251</out_Quantity.quantity></Point><Point><position>9190</position><in_Quantity.quantity>0.000000</in_Quantity.quantity><out_Quantity.quantity>776.886338</out_Quantity.quantity></Point><Point><position>9191</position><in_Quantity.quantity>0.000000</in_Quantity.quantity><out_Quantity.quantity>560.387830</out_Quantity.quantity></Point><Point><position>9192</position><in_Quantity.quantity>0.000000</in_Quantity.quantity><out_Quantity.quantity>257.081111</out_Quantity.quantity></Point><Point><position>9193</position><in_Quantity.quantity>0.000000</in_Quantity.quantity><out_Quantity.quantity>384.399922</out_Quantity.quantity></Point><Point><position>9194</position><in_Quantity.quantity>0.000000</in_Quantity.quantity><out_Quantity.quantity>425.914902</out_Quantity.quantity></Point><Point><position>9195</position><in_Quantity.quantity>0.000000</in_Quantity.quantity><out_Quantity.quantity>728.608342</out_Quantity.quantity></Point><Point><position>9196</position><in_Quantity.quantity>0.000000</in_Quantity.quantity><out_Quantity.quantity>731.068401</out_Quantity.quantity></Point><Point><position>9197</position><in_Quantity.quantity>0.000000</in_Quantity.quantity><out_Quantity.quantity>714.116539</out_Quantity.quantity></Point><Point><position>9198</position><in_Quantity.quantity>0.000000</in_Quantity.quantity><out_Quantity.quantity>746.446353</out_Quantity.quantity></Point><Point><position>9199</position><in_Quantity.quantity>0.000000</in_Quantity.quantity><out_Quantity.quantity>975.865273</out_Quantity.quantity></Point><Point><position>9200</position><in_Quantity.quantity>0.000000</in_Quantity.quantity><out_Quantity.quantity>157.924743</out_Quantity.quantity></Point><Point><position>9201</position><in_Quantity.quantity>0.000000</in_Quantity.quantity><out_Quantity.quantity>811.093043</out_Quantity.quantity></Point><Point><position>9202</position><in_Quantity.quantity>0.000000</in_Quantity.quantity><out_Quantity.quantity>133.488993</out_Quantity.quantity></Point><Point><position>9203</position><in_Quantity.quantity>0.000000</in_Quantity.quantity><out_Quantity.quantity>939.443462</out_Quantity.quantity></Point><Point><position>9204</position><in_Quantity.quantity>0.000000</in_Quantity.quantity><out_Quantity.quantity>782.219420</out_Quantity.quantity></Point><Point><position>9205</position><in_Quantity.quantity>0.000000</in_Quantity.quantity><out_Quantity.quantity>803.032006</out_Quantity.quantity></Point><Point><position>9206</position><in_Quantity.quantity>0.000000</in_Quantity.quantity><out_Quantity.quantity>565.829830</out_Quantity.quantity></Point><Point><position>9207</position><in_Quantity.quantity>0.000000</in_Quantity.quantity><out_Quantity.quantity>708.843963</out_Quantity.quantity></Point><Point><position>9208</position><in_Quantity.quantity>0.000000</in_Quantity.quantity><out_Quantity.quantity>448.929996</out_Quantity.quantity></Point><Point><position>9209</position><in_Quantity.quantity>0.000000</in_Quantity.quantity><out_Quantity.quantity>527.556790</out_Quantity.quantity></Point><Point><position>9210</position><in_Quantity.quantity>0.000000</in_Quantity.quantity><out_Quantity.quantity>201.334785</out_Quantity.quantity></Point><Point><position>9211</position><in_Quantity.quantity>0.000000</in_Quantity.quantity><out_Quantity.quantity>557.455095</out_Quantity.quantity></Point><Point><position>9212</position><in_Quantity.quantity>0.000000</in_Quantity.quantity><out_Quantity.quantity>345.397359</out_Quantity.quantity></Point><Point><position>9213</position><in_Quantity.quantity>0.000000</in_Quantity.quantity><out_Quantity.quantity>1.251748</out_Quantity.quantity></Point><Point><position>9214</position><in_Quantity.quantity>0.000000</in_Quantity.quantity><out_Quantity.quantity>843.682233</out_Quantity.quantity></Point><Point><position>9215</position><in_Quantity.quantity>0.000000</in_Quantity.quantity><out_Quantity.quantity>599.919331</out_Quantity.quantity></Point><Point><position>9216</position><in_Quantity.quantity>0.000000</in_Quantity.quantity><out_Quantity.quantity>119.796621</out_Quantity.quantity></Point><Point><position>9217</position><in_Quantity.quantity>0.000000</in_Quantity.quantity><out_Quantity.quantity>137.733034</out_Quantity.quantity></Point><Point><position>9218</position><in_Quantity.quantity>0.000000</in_Quantity.quantity><out_Quantity.quantity>105.442361</out_Quantity.quantity></Point><Point><position>9219</position><in_Quantity.quantity>0.000000</in_Quantity.quantity><out_Quantity.quantity>355.506872</out_Quantity.quantity></Point><Point><position>9220</position><in_Quantity.quantity>0.000000</in_Quantity.quantity><out_Quantity.quantity>736.523316</out_Quantity.quantity></Point><Point><position>9221</position><in_Quantity.quantity>0.000000</in_Quantity.quantity><out_Quantity.quantity>333.257772</out_Quantity.quantity></Point><Point><position>9222</position><in_Quantity.quantity>0.000000</in_Quantity.quantity><out_Quantity.quantity>143.231858</out_Quantity.quantity></Point><Point><position>9223</position><in_Quantity.quantity>0.000000</in_Quantity.quantity><out_Quantity.quantity>745.267751</out_Quantity.quantity></Point><Point><position>9224</position><in_Quantity.quantity>0.000000</in_Quantity.quantity><out_Quantity.quantity>972.970772</out_Quantity.quantity></Point><Point><position>9225</position><in_Quantity.quantity>0.000000</in_Quantity.quantity><out_Quantity.quantity>23.757252</out_Quantity.quantity></Point><Point><position>9226</position><in_Quantity.quantity>0.000000</in_Quantity.quantity><out_Quantity.quantity>458.039124</out_Quantity.quantity></Point><Point><position>9227</position><in_Quantity.quantity>0.000000</in_Quantity.quantity><out_Quantity.quantity>579.391164</out_Quantity.quantity></Point><Point><position>9228</position><in_Quantity.quantity>0.000000</in_Quantity.quantity><out_Quantity.quantity>608.615961</out_Quantity.quantity></Point><Point><position>9229</position><in_Quantity.quantity>0.000000</in_Quantity.quantity><out_Quantity.quantity>418.142228</out_Quantity.quantity></Point><Point><position>9230</position><in_Quantity.quantity>0.000000</in_Quantity.quantity><out_Quantity.quantity>337.060757</out_Quantity.quantity></Point><Point><position>9231</position><in_Quantity.quantity>0.000000</in_Quantity.quantity><out_Quantity.quantity>100.885308</out_Quantity.quantity></Point><Point><position>9232</position><in_Quantity.quantity>0.000000</in_Quantity.quantity><out_Quantity.quantity>945.073662</out_Quantity.quantity></Point><Point><position>9233</position><in_Quantity.quantity>0.000000</in_Quantity.quantity><out_Quantity.quantity>228.018703</out_Quantity.quantity></Point><Point><position>9234</position><in_Quantity.quantity>0.000000</in_Quantity.quantity><out_Quantity.quantity>465.104198</out_Quantity.quantity></Point><Point><position>9235</position><in_Quantity.quantity>0.000000</in_Quantity.quantity><out_Quantity.quantity>947.578736</out_Quantity.quantity></Point><Point><position>9236</position><in_Quantity.quantity>0.000000</in_Quantity.quantity><out_Quantity.quantity>892.282667</out_Quantity.quantity></Point><Point><position>9237</position><in_Quantity.quantity>0.000000</in_Quantity.quantity><out_Quantity.quantity>678.763253</out_Quantity.quantity></Point><Point><position>9238</position><in_Quantity.quantity>0.000000</in_Quantity.quantity><out_Quantity.quantity>56.513305</out_Quantity.quantity></Point><Point><position>9239</position><in_Quantity.quantity>0.000000</in_Quantity.quantity><out_Quantity.quantity>394.310997</out_Quantity.quantity></Point><Point><position>9240</position><in_Quantity.quantity>0.000000</in_Quantity.quantity><out_Quantity.quantity>771.961437</out_Quantity.quantity></Point><Point><position>9241</position><in_Quantity.quantity>0.000000</in_Quantity.quantity><out_Quantity.quantity>48.230854</out_Quantity.quantity></Point><Point><position>9242</position><in_Quantity.quantity>0.000000</in_Quantity.quantity><out_Quantity.quantity>123.073582</out_Quantity.quantity></Point><Point><position>9243</position><in_Quantity.quantity>0.000000</in_Quantity.quantity><out_Quantity.quantity>970.486575</out_Quantity.quantity></Point><Point><position>9244</position><in_Quantity.quantity>0.000000</in_Quantity.quantity><out_Quantity.quantity>674.087604</out_Quantity.quantity></Point><Point><position>9245</position><in_Quantity.quantity>0.000000</in_Quantity.quantity><out_Quantity.quantity>416.442243</out_Quantity.quantity></Point><Point><position>9246</position><in_Quantity.quantity>0.000000</in_Quantity.quantity><out_Quantity.quantity>211.921085</out_Quantity.quantity></Point><Point><position>9247</position><in_Quantity.quantity>0.000000</in_Quantity.quantity><out_Quantity.quantity>465.556682</out_Quantity.quantity></Point><Point><position>9248</position><in_Quantity.quantity>0.000000</in_Quantity.quantity><out_Quantity.quantity>888.839852</out_Quantity.quantity></Point><Point><position>9249</position><in_Quantity.quantity>0.000000</in_Quantity.quantity><out_Quantity.quantity>366.144221</out_Quantity.quantity></Point><Point><position>9250</position><in_Quantity.quantity>0.000000</in_Quantity.quantity><out_Quantity.quantity>901.108179</out_Quantity.quantity></Point><Point><position>9251</position><in_Quantity.quantity>0.000000</in_Quantity.quantity><out_Quantity.quantity>899.770069</out_Quantity.quantity></Point><Point><position>9252</position><in_Quantity.quantity>0.000000</in_Quantity.quantity><out_Quantity.quantity>52.433742</out_Quantity.quantity></Point><Point><position>9253</position><in_Quantity.quantity>0.000000</in_Quantity.quantity><out_Quantity.quantity>186.984178</out_Quantity.quantity></Point><Point><position>9254</position><in_Quantity.quantity>0.000000</in_Quantity.quantity><out_Quantity.quantity>295.550292</out_Quantity.quantity></Point><Point><position>9255</position><in_Quantity.quantity>0.000000</in_Quantity.quantity><out_Quantity.quantity>616.264629</out_Quantity.quantity></Point><Point><position>9256</position><in_Quantity.quantity>0.000000</in_Quantity.quantity><out_Quantity.quantity>263.124567</out_Quantity.quantity></Point><Point><position>9257</position><in_Quantity.quantity>0.000000</in_Quantity.quantity><out_Quantity.quantity>999.367027</out_Quantity.quantity></Point><Point><position>9258</position><in_Quantity.quantity>0.000000</in_Quantity.quantity><out_Quantity.quantity>290.574104</out_Quantity.quantity></Point><Point><position>9259</position><in_Quantity.quantity>0.000000</in_Quantity.quantity><out_Quantity.quantity>149.184878</out_Quantity.quantity></Point><Point><position>9260</position><in_Quantity.quantity>0.000000</in_Quantity.quantity><out_Quantity.quantity>269.311437</out_Quantity.quantity></Point><Point><position>9261</position><in_Quantity.quantity>0.000000</in_Quantity.quantity><out_Quantity.quantity>490.397779</out_Quantity.quantity></Point><Point><position>9262</position><in_Quantity.quantity>0.000000</in_Quantity.quantity><out_Quantity.quantity>970.019846</out_Quantity.quantity></Point><Point><position>9263</position><in_Quantity.quantity>0.000000</in_Quantity.quantity><out_Quantity.quantity>885.613067</out_Quantity.quantity></Point><Point><position>9264</position><in_Quantity.quantity>0.000000</in_Quantity.quantity><out_Quantity.quantity>356.108221</out_Quantity.quantity></Point><Point><position>9265</position><in_Quantity.quantity>0.000000</in_Quantity.quantity><out_Quantity.quantity>140.640043</out_Quantity.quantity></Point><Point><position>9266</position><in_Quantity.quantity>0.000000</in_Quantity.quantity><out_Quantity.quantity>608.941780</out_Quantity.quantity></Point><Point><position>9267</position><in_Quantity.quantity>0.000000</in_Quantity.quantity><out_Quantity.quantity>56.331110</out_Quantity.quantity></Point><Point><position>9268</position><in_Quantity.quantity>0.000000</in_Quantity.quantity><out_Quantity.quantity>136.523089</out_Quantity.quantity></Point><Point><position>9269</position><in_Quantity.quantity>0.000000</in_Quantity.quantity><out_Quantity.quantity>472.649369</out_Quantity.quantity></Point><Point><position>9270</position><in_Quantity.quantity>0.000000</in_Quantity.quantity><out_Quantity.quantity>503.111396</out_Quantity.quantity></Point><Point><position>9271</position><in_Quantity.quantity>0.000000</in_Quantity.quantity><out_Quantity.quantity>7.776971</out_Quantity.quantity></Point><Point><position>9272</position><in_Quantity.quantity>0.000000</in_Quantity.quantity><out_Quantity.quantity>473.410955</out_Quantity.quantity></Point><Point><position>9273</position><in_Quantity.quantity>0.000000</in_Quantity.quantity><out_Quantity.quantity>65.851813</out_Quantity.quantity></Point><Point><position>9274</position><in_Quantity.quantity>0.000000</in_Quantity.quantity><out_Quantity.quantity>233.440878</out_Quantity.quantity></Point><Point><position>9275</position><in_Quantity.quantity>0.000000</in_Quantity.quantity><out_Quantity.quantity>636.125144</out_Quantity.quantity></Point><Point><position>9276</position><in_Quantity.quantity>0.000000</in_Quantity.quantity><out_Quantity.quantity>770.793616</out_Quantity.quantity></Point><Point><position>9277</position><in_Quantity.quantity>0.000000</in_Quantity.quantity><out_Quantity.quantity>992.750404</out_Quantity.quantity></Point><Point><position>9278</position><in_Quantity.quantity>0.000000</in_Quantity.quantity><out_Quantity.quantity>74.171633</out_Quantity.quantity></Point><Point><position>9279</position><in_Quantity.quantity>0.000000</in_Quantity.quantity><out_Quantity.quantity>62.081686</out_Quantity.quantity></Point><Point><position>9280</position><in_Quantity.quantity>0.000000</in_Quantity.quantity><out_Quantity.quantity>581.523379</out_Quantity.quantity></Point><Point><position>9281</position><in_Quantity.quantity>0.000000</in_Quantity.quantity><out_Quantity.quantity>527.901104</out_Quantity.quantity></Point><Point><position>9282</position><in_Quantity.quantity>0.000000</in_Quantity.quantity><out_Quantity.quantity>304.251030</out_Quantity.quantity></Point><Point><position>9283</position><in_Quantity.quantity>0.000000</in_Quantity.quantity><out_Quantity.quantity>728.314442</out_Quantity.quantity></Point><Point><position>9284</position><in_Quantity.quantity>0.000000</in_Quantity.quantity><out_Quantity.quantity>986.863703</out_Quantity.quantity></Point><Point><position>9285</position><in_Quantity.quantity>0.000000</in_Quantity.quantity><out_Quantity.quantity>33.859276</out_Quantity.quantity></Point><Point><position>9286</position><in_Quantity.quantity>0.000000</in_Quantity.quantity><out_Quantity.quantity>84.921187</out_Quantity.quantity></Point><Point><position>9287</position><in_Quantity.quantity>0.000000</in_Quantity.quantity><out_Quantity.quantity>41.495966</out_Quantity.quantity></Point><Point><position>9288</position><in_Quantity.quantity>0.000000</in_Quantity.quantity><out_Quantity.quantity>58.607343</out_Quantity.quantity></Point><Point><position>9289</position><in_Quantity.quantity>0.000000</in_Quantity.quantity><out_Quantity.quantity>710.041483</out_Quantity.quantity></Point><Point><position>9290</position><in_Quantity.quantity>0.000000</in_Quantity.quantity><out_Quantity.quantity>876.501913</out_Quantity.quantity></Point><Point><position>9291</position><in_Quantity.quantity>0.000000</in_Quantity.quantity><out_Quantity.quantity>779.773325</out_Quantity.quantity></Point><Point><position>9292</position><in_Quantity.quantity>0.000000</in_Quantity.quantity><out_Quantity.quantity>757.848074</out_Quantity.quantity></Point><Point><position>9293</position><in_Quantity.quantity>0.000000</in_Quantity.quantity><out_Quantity.quantity>921.496537</out_Quantity.quantity></Point><Point><position>9294</position><in_Quantity.quantity>0.000000</in_Quantity.quantity><out_Quantity.quantity>325.190222</out_Quantity.quantity></Point><Point><position>9295</position><in_Quantity.quantity>0.000000</in_Quantity.quantity><out_Quantity.quantity>536.185217</out_Quantity.quantity></Point><Point><position>9296</position><in_Quantity.quantity>0.000000</in_Quantity.quantity><out_Quantity.quantity>725.030560</out_Quantity.quantity></Point><Point><position>9297</position><in_Quantity.quantity>0.000000</in_Quantity.quantity><out_Quantity.quantity>623.331897</out_Quantity.quantity></Point><Point><position>9298</position><in_Quantity.quantity>0.000000</in_Quantity.quantity><out_Quantity.quantity>293.066372</out_Quantity.quantity></Point><Point><position>9299</position><in_Quantity.quantity>0.000000</in_Quantity.quantity><out_Quantity.quantity>895.099629</out_Quantity.quantity></Point><Point><position>9300</position><in_Quantity.quantity>0.000000</in_Quantity.quantity><out_Quantity.quantity>285.666703</out_Quantity.quantity></Point><Point><position>9301</position><in_Quantity.quantity>0.000000</in_Quantity.quantity><out_Quantity.quantity>508.343625</out_Quantity.quantity></Point><Point><position>9302</position><in_Quantity.quantity>0.000000</in_Quantity.quantity><out_Quantity.quantity>778.981453</out_Quantity.quantity></Point><Point><position>9303</position><in_Quantity.quantity>0.000000</in_Quantity.quantity><out_Quantity.quantity>339.378859</out_Quantity.quantity></Point><Point><position>9304</position><in_Quantity.quantity>0.000000</in_Quantity.quantity><out_Quantity.quantity>198.118440</out_Quantity.quantity></Point><Point><position>9305</position><in_Quantity.quantity>0.000000</in_Quantity.quantity><out_Quantity.quantity>721.559558</out_Quantity.quantity></Point><Point><position>9306</position><in_Quantity.quantity>0.000000</in_Quantity.quantity><out_Quantity.quantity>833.297092</out_Quantity.quantity></Point><Point><position>9307</position><in_Quantity.quantity>0.000000</in_Quantity.quantity><out_Quantity.quantity>156.922562</out_Quantity.quantity></Point><Point><position>9308</position><in_Quantity.quantity>0.000000</in_Quantity.quantity><out_Quantity.quantity>248.318693</out_Quantity.quantity></Point><Point><position>9309</position><in_Quantity.quantity>0.000000</in_Quantity.quantity><out_Quantity.quantity>528.007187</out_Quantity.quantity></Point><Point><position>9310</position><in_Quantity.quantity>0.000000</in_Quantity.quantity><out_Quantity.quantity>179.949232</out_Quantity.quantity></Point><Point><position>9311</position><in_Quantity.quantity>0.000000</in_Quantity.quantity><out_Quantity.quantity>912.270942</out_Quantity.quantity></Point><Point><position>9312</position><in_Quantity.quantity>0.000000</in_Quantity.quantity><out_Quantity.quantity>869.969603</out_Quantity.quantity></Point><Point><position>9313</position><in_Quantity.quantity>0.000000</in_Quantity.quantity><out_Quantity.quantity>927.916600</out_Quantity.quantity></Point><Point><position>9314</position><in_Quantity.quantity>0.000000</in_Quantity.quantity><out_Quantity.quantity>725.899973</out_Quantity.quantity></Point><Point><position>9315</position><in_Quantity.quantity>0.000000</in_Quantity.quantity><out_Quantity.quantity>723.193459</out_Quantity.quantity></Point><Point><position>9316</position><in_Quantity.quantity>0.000000</in_Quantity.quantity><out_Quantity.quantity>332.048172</out_Quantity.quantity></Point><Point><position>9317</position><in_Quantity.quantity>0.000000</in_Quantity.quantity><out_Quantity.quantity>130.165087</out_Quantity.quantity></Point><Point><position>9318</position><in_Quantity.quantity>0.000000</in_Quantity.quantity><out_Quantity.quantity>599.576213</out_Quantity.quantity></Point><Point><position>9319</position><in_Quantity.quantity>0.000000</in_Quantity.quantity><out_Quantity.quantity>869.581096</out_Quantity.quantity></Point><Point><position>9320</position><in_Quantity.quantity>0.000000</in_Quantity.quantity><out_Quantity.quantity>28.481092</out_Quantity.quantity></Point><Point><position>9321</position><in_Quantity.quantity>0.000000</in_Quantity.quantity><out_Quantity.quantity>640.255972</out_Quantity.quantity></Point><Point><position>9322</position><in_Quantity.quantity>0.000000</in_Quantity.quantity><out_Quantity.quantity>83.265266</out_Quantity.quantity></Point><Point><position>9323</position><in_Quantity.quantity>0.000000</in_Quantity.quantity><out_Quantity.quantity>206.258713</out_Quantity.quantity></Point><Point><position>9324</position><in_Quantity.quantity>0.000000</in_Quantity.quantity><out_Quantity.quantity>988.774545</out_Quantity.quantity></Point><Point><position>9325</position><in_Quantity.quantity>0.000000</in_Quantity.quantity><out_Quantity.quantity>152.671409</out_Quantity.quantity></Point><Point><position>9326</position><in_Quantity.quantity>0.000000</in_Quantity.quantity><out_Quantity.quantity>21.592260</out_Quantity.quantity></Point><Point><position>9327</position><in_Quantity.quantity>0.000000</in_Quantity.quantity><out_Quantity.quantity>849.203821</out_Quantity.quantity></Point><Point><position>9328</position><in_Quantity.quantity>0.000000</in_Quantity.quantity><out_Quantity.quantity>517.301849</out_Quantity.quantity></Point><Point><position>9329</position><in_Quantity.quantity>0.000000</in_Quantity.quantity><out_Quantity.quantity>114.335021</out_Quantity.quantity></Point><Point><position>9330</position><in_Quantity.quantity>0.000000</in_Quantity.quantity><out_Quantity.quantity>687.602676</out_Quantity.quantity></Point><Point><position>9331</position><in_Quantity.quantity>0.000000</in_Quantity.quantity><out_Quantity.quantity>46.447280</out_Quantity.quantity></Point><Point><position>9332</position><in_Quantity.quantity>0.000000</in_Quantity.quantity><out_Quantity.quantity>892.431549</out_Quantity.quantity></Point><Point><position>9333</position><in_Quantity.quantity>0.000000</in_Quantity.quantity><out_Quantity.quantity>683.781357</out_Quantity.quantity></Point><Point><position>9334</position><in_Quantity.quantity>0.000000</in_Quantity.quantity><out_Quantity.quantity>979.836995</out_Quantity.quantity></Point><Point><position>9335</position><in_Quantity.quantity>0.000000</in_Quantity.quantity><out_Quantity.quantity>590.829607</out_Quantity.quantity></Point><Point><position>9336</position><in_Quantity.quantity>0.000000</in_Quantity.quantity><out_Quantity.quantity>814.046532</out_Quantity.quantity></Point><Point><position>9337</position><in_Quantity.quantity>0.000000</in_Quantity.quantity><out_Quantity.quantity>191.787110</out_Quantity.quantity></Point><Point><position>9338</position><in_Quantity.quantity>0.000000</in_Quantity.quantity><out_Quantity.quantity>760.537372</out_Quantity.quantity></Point><Point><position>9339</position><in_Quantity.quantity>0.000000</in_Quantity.quantity><out_Quantity.quantity>307.120100</out_Quantity.quantity></Point><Point><position>9340</position><in_Quantity.quantity>0.000000</in_Quantity.quantity><out_Quantity.quantity>53.763853</out_Quantity.quantity></Point><Point><position>9341</position><in_Quantity.quantity>0.000000</in_Quantity.quantity><out_Quantity.quantity>399.269596</out_Quantity.quantity></Point><Point><position>9342</position><in_Quantity.quantity>0.000000</in_Quantity.quantity><out_Quantity.quantity>432.196428</out_Quantity.quantity></Point><Point><position>9343</position><in_Quantity.quantity>0.000000</in_Quantity.quantity><out_Quantity.quantity>312.541725</out_Quantity.quantity></Point><Point><position>9344</position><in_Quantity.quantity>0.000000</in_Quantity.quantity><out_Quantity.quantity>394.243398</out_Quantity.quantity></Point><Point><position>9345</position><in_Quantity.quantity>0.000000</in_Quantity.quantity><out_Quantity.quantity>378.010173</out_Quantity.quantity></Point><Point><position>9346</position><in_Quantity.quantity>0.000000</in_Quantity.quantity><out_Quantity.quantity>854.210666</out_Quantity.quantity></Point><Point><position>9347</position><in_Quantity.quantity>0.000000</in_Quantity.quantity><out_Quantity.quantity>994.659826</out_Quantity.quantity></Point><Point><position>9348</position><in_Quantity.quantity>0.000000</in_Quantity.quantity><out_Quantity.quantity>613.697518</out_Quantity.quantity></Point><Point><position>9349</position><in_Quantity.quantity>0.000000</in_Quantity.quantity><out_Quantity.quantity>178.943966</out_Quantity.quantity></Point><Point><position>9350</position><in_Quantity.quantity>0.000000</in_Quantity.quantity><out_Quantity.quantity>61.377293</out_Quantity.quantity></Point><Point><position>9351</position><in_Quantity.quantity>0.000000</in_Quantity.quantity><out_Quantity.quantity>363.482224</out_Quantity.quantity></Point><Point><position>9352</position><in_Quantity.quantity>0.000000</in_Quantity.quantity><out_Quantity.quantity>804.330740</out_Quantity.quantity></Point><Point><position>9353</position><in_Quantity.quantity>0.000000</in_Quantity.quantity><out_Quantity.quantity>441.864305</out_Quantity.quantity></Point><Point><position>9354</position><in_Quantity.quantity>0.000000</in_Quantity.quantity><out_Quantity.quantity>397.122990</out_Quantity.quantity></Point><Point><position>9355</position><in_Quantity.quantity>0.000000</in_Quantity.quantity><out_Quantity.quantity>927.033320</out_Quantity.quantity></Point><Point><position>9356</position><in_Quantity.quantity>0.000000</in_Quantity.quantity><out_Quantity.quantity>459.669753</out_Quantity.quantity></Point><Point><position>9357</position><in_Quantity.quantity>0.000000</in_Quantity.quantity><out_Quantity.quantity>599.513216</out_Quantity.quantity></Point><Point><position>9358</position><in_Quantity.quantity>0.000000</in_Quantity.quantity><out_Quantity.quantity>553.395422</out_Quantity.quantity></Point><Point><position>9359</position><in_Quantity.quantity>0.000000</in_Quantity.quantity><out_Quantity.quantity>610.222071</out_Quantity.quantity></Point><Point><position>9360</position><in_Quantity.quantity>0.000000</in_Quantity.quantity><out_Quantity.quantity>14.646237</out_Quantity.quantity></Point><Point><position>9361</position><in_Quantity.quantity>0.000000</in_Quantity.quantity><out_Quantity.quantity>770.973073</out_Quantity.quantity></Point><Point><position>9362</position><in_Quantity.quantity>0.000000</in_Quantity.quantity><out_Quantity.quantity>969.382871</out_Quantity.quantity></Point><Point><position>9363</position><in_Quantity.quantity>0.000000</in_Quantity.quantity><out_Quantity.quantity>516.176490</out_Quantity.quantity></Point><Point><position>9364</position><in_Quantity.quantity>0.000000</in_Quantity.quantity><out_Quantity.quantity>331.920242</out_Quantity.quantity></Point><Point><position>9365</position><in_Quantity.quantity>0.000000</in_Quantity.quantity><out_Quantity.quantity>821.508033</out_Quantity.quantity></Point><Point><position>9366</position><in_Quantity.quantity>0.000000</in_Quantity.quantity><out_Quantity.quantity>47.865375</out_Quantity.quantity></Point><Point><position>9367</position><in_Quantity.quantity>0.000000</in_Quantity.quantity><out_Quantity.quantity>810.309770</out_Quantity.quantity></Point><Point><position>9368</position><in_Quantity.quantity>0.000000</in_Quantity.quantity><out_Quantity.quantity>669.032264</out_Quantity.quantity></Point><Point><position>9369</position><in_Quantity.quantity>0.000000</in_Quantity.quantity><out_Quantity.quantity>599.300526</out_Quantity.quantity></Point><Point><position>9370</position><in_Quantity.quantity>0.000000</in_Quantity.quantity><out_Quantity.quantity>452.117722</out_Quantity.quantity></Point><Point><position>9371</position><in_Quantity.quantity>0.000000</in_Quantity.quantity><out_Quantity.quantity>503.757673</out_Quantity.quantity></Point><Point><position>9372</position><in_Quantity.quantity>0.000000</in_Quantity.quantity><out_Quantity.quantity>326.169822</out_Quantity.quantity></Point><Point><position>9373</position><in_Quantity.quantity>0.000000</in_Quantity.quantity><out_Quantity.quantity>517.834337</out_Quantity.quantity></Point><Point><position>9374</position><in_Quantity.quantity>0.000000</in_Quantity.quantity><out_Quantity.quantity>964.236188</out_Quantity.quantity></Point><Point><position>9375</position><in_Quantity.quantity>0.000000</in_Quantity.quantity><out_Quantity.quantity>159.078510</out_Quantity.quantity></Point><Point><position>9376</position><in_Quantity.quantity>0.000000</in_Quantity.quantity><out_Quantity.quantity>667.501261</out_Quantity.quantity></Point><Point><position>9377</position><in_Quantity.quantity>0.000000</in_Quantity.quantity><out_Quantity.quantity>618.878354</out_Quantity.quantity></Point><Point><position>9378</position><in_Quantity.quantity>0.000000</in_Quantity.quantity><out_Quantity.quantity>599.541061</out_Quantity.quantity></Point><Point><position>9379</position><in_Quantity.quantity>0.000000</in_Quantity.quantity><out_Quantity.quantity>492.838145</out_Quantity.quantity></Point><Point><position>9380</position><in_Quantity.quantity>0.000000</in_Quantity.quantity><out_Quantity.quantity>984.311370</out_Quantity.quantity></Point><Point><position>9381</position><in_Quantity.quantity>0.000000</in_Quantity.quantity><out_Quantity.quantity>177.186801</out_Quantity.quantity></Point><Point><position>9382</position><in_Quantity.quantity>0.000000</in_Quantity.quantity><out_Quantity.quantity>740.469752</out_Quantity.quantity></Point><Point><position>9383</position><in_Quantity.quantity>0.000000</in_Quantity.quantity><out_Quantity.quantity>275.468457</out_Quantity.quantity></Point><Point><position>9384</position><in_Quantity.quantity>0.000000</in_Quantity.quantity><out_Quantity.quantity>542.125579</out_Quantity.quantity></Point><Point><position>9385</position><in_Quantity.quantity>0.000000</in_Quantity.quantity><out_Quantity.quantity>552.950007</out_Quantity.quantity></Point><Point><position>9386</position><in_Quantity.quantity>0.000000</in_Quantity.quantity><out_Quantity.quantity>806.246139</out_Quantity.quantity></Point><Point><position>9387</position><in_Quantity.quantity>0.000000</in_Quantity.quantity><out_Quantity.quantity>353.272754</out_Quantity.quantity></Point><Point><position>9388</position><in_Quantity.quantity>0.000000</in_Quantity.quantity><out_Quantity.quantity>875.110406</out_Quantity.quantity></Point><Point><position>9389</position><in_Quantity.quantity>0.000000</in_Quantity.quantity><out_Quantity.quantity>827.462507</out_Quantity.quantity></Point><Point><position>9390</position><in_Quantity.quantity>0.000000</in_Quantity.quantity><out_Quantity.quantity>356.245787</out_Quantity.quantity></Point><Point><position>9391</position><in_Quantity.quantity>0.000000</in_Quantity.quantity><out_Quantity.quantity>657.547423</out_Quantity.quantity></Point><Point><position>9392</position><in_Quantity.quantity>0.000000</in_Quantity.quantity><out_Quantity.quantity>588.092309</out_Quantity.quantity></Point><Point><position>9393</position><in_Quantity.quantity>0.000000</in_Quantity.quantity><out_Quantity.quantity>276.527843</out_Quantity.quantity></Point><Point><position>9394</position><in_Quantity.quantity>0.000000</in_Quantity.quantity><out_Quantity.quantity>217.569504</out_Quantity.quantity></Point><Point><position>9395</position><in_Quantity.quantity>0.000000</in_Quantity.quantity><out_Quantity.quantity>160.273619</out_Quantity.quantity></Point><Point><position>9396</position><in_Quantity.quantity>0.000000</in_Quantity.quantity><out_Quantity.quantity>230.833967</out_Quantity.quantity></Point><Point><position>9397</position><in_Quantity.quantity>0.000000</in_Quantity.quantity><out_Quantity.quantity>986.483553</out_Quantity.quantity></Point><Point><position>9398</position><in_Quantity.quantity>0.000000</in_Quantity.quantity><out_Quantity.quantity>457.533646</out_Quantity.quantity></Point><Point><position>9399</position><in_Quantity.quantity>0.000000</in_Quantity.quantity><out_Quantity.quantity>185.320662</out_Quantity.quantity></Point><Point><position>9400</position><in_Quantity.quantity>0.000000</in_Quantity.quantity><out_Quantity.quantity>335.252710</out_Quantity.quantity></Point><Point><position>9401</position><in_Quantity.quantity>0.000000</in_Quantity.quantity><out_Quantity.quantity>141.154848</out_Quantity.quantity></Point><Point><position>9402</position><in_Quantity.quantity>0.000000</in_Quantity.quantity><out_Quantity.quantity>835.765429</out_Quantity.quantity></Point><Point><position>9403</position><in_Quantity.quantity>0.000000</in_Quantity.quantity><out_Quantity.quantity>641.725277</out_Quantity.quantity></Point><Point><position>9404</position><in_Quantity.quantity>0.000000</in_Quantity.quantity><out_Quantity.quantity>329.057026</out_Quantity.quantity></Point><Point><position>9405</position><in_Quantity.quantity>0.000000</in_Quantity.quantity><out_Quantity.quantity>43.951640</out_Quantity.quantity></Point><Point><position>9406</position><in_Quantity.quantity>0.000000</in_Quantity.quantity><out_Quantity.quantity>600.276119</out_Quantity.quantity></Point><Point><position>9407</position><in_Quantity.quantity>0.000000</in_Quantity.quantity><out_Quantity.quantity>936.404899</out_Quantity.quantity></Point><Point><position>9408</position><in_Quantity.quantity>0.000000</in_Quantity.quantity><out_Quantity.quantity>699.285201</out_Quantity.quantity></Point><Point><position>9409</position><in_Quantity.quantity>0.000000</in_Quantity.quantity><out_Quantity.quantity>632.322610</out_Quantity.quantity></Point><Point><position>9410</position><in_Quantity.quantity>0.000000</in_Quantity.quantity><out_Quantity.quantity>239.312887</out_Quantity.quantity></Point><Point><position>9411</position><in_Quantity.quantity>0.000000</in_Quantity.quantity><out_Quantity.quantity>719.673853</out_Quantity.quantity></Point><Point><position>9412</position><in_Quantity.quantity>0.000000</in_Quantity.quantity><out_Quantity.quantity>339.196210</out_Quantity.quantity></Point><Point><position>9413</position><in_Quantity.quantity>0.000000</in_Quantity.quantity><out_Quantity.quantity>123.644555</out_Quantity.quantity></Point><Point><position>9414</position><in_Quantity.quantity>0.000000</in_Quantity.quantity><out_Quantity.quantity>670.997922</out_Quantity.quantity></Point><Point><position>9415</position><in_Quantity.quantity>0.000000</in_Quantity.quantity><out_Quantity.quantity>260.611431</out_Quantity.quantity></Point><Point><position>9416</position><in_Quantity.quantity>0.000000</in_Quantity.quantity><out_Quantity.quantity>689.937538</out_Quantity.quantity></Point><Point><position>9417</position><in_Quantity.quantity>0.000000</in_Quantity.quantity><out_Quantity.quantity>559.101078</out_Quantity.quantity></Point><Point><position>9418</position><in_Quantity.quantity>0.000000</in_Quantity.quantity><out_Quantity.quantity>515.538491</out_Quantity.quantity></Point><Point><position>9419</position><in_Quantity.quantity>0.000000</in_Quantity.quantity><out_Quantity.quantity>906.213139</out_Quantity.quantity></Point><Point><position>9420</position><in_Quantity.quantity>0.000000</in_Quantity.quantity><out_Quantity.quantity>272.942111</out_Quantity.quantity></Point><Point><position>9421</position><in_Quantity.quantity>0.000000</in_Quantity.quantity><out_Quantity.quantity>550.063637</out_Quantity.quantity></Point><Point><position>9422</position><in_Quantity.quantity>0.000000</in_Quantity.quantity><out_Quantity.quantity>282.043819</out_Quantity.quantity></Point><Point><position>9423</position><in_Quantity.quantity>0.000000</in_Quantity.quantity><out_Quantity.quantity>420.532094</out_Quantity.quantity></Point><Point><position>9424</position><in_Quantity.quantity>0.000000</in_Quantity.quantity><out_Quantity.quantity>769.297013</out_Quantity.quantity></Point><Point><position>9425</position><in_Quantity.quantity>0.000000</in_Quantity.quantity><out_Quantity.quantity>540.845097</out_Quantity.quantity></Point><Point><position>9426</position><in_Quantity.quantity>0.000000</in_Quantity.quantity><out_Quantity.quantity>427.061601</out_Quantity.quantity></Point><Point><position>9427</position><in_Quantity.quantity>0.000000</in_Quantity.quantity><out_Quantity.quantity>430.773851</out_Quantity.quantity></Point><Point><position>9428</position><in_Quantity.quantity>0.000000</in_Quantity.quantity><out_Quantity.quantity>820.745960</out_Quantity.quantity></Point><Point><position>9429</position><in_Quantity.quantity>0.000000</in_Quantity.quantity><out_Quantity.quantity>267.979291</out_Quantity.quantity></Point><Point><position>9430</position><in_Quantity.quantity>0.000000</in_Quantity.quantity><out_Quantity.quantity>352.180085</out_Quantity.quantity></Point><Point><position>9431</position><in_Quantity.quantity>0.000000</in_Quantity.quantity><out_Quantity.quantity>917.601332</out_Quantity.quantity></Point><Point><position>9432</position><in_Quantity.quantity>0.000000</in_Quantity.quantity><out_Quantity.quantity>671.045862</out_Quantity.quantity></Point><Point><position>9433</position><in_Quantity.quantity>0.000000</in_Quantity.quantity><out_Quantity.quantity>831.040778</out_Quantity.quantity></Point><Point><position>9434</position><in_Quantity.quantity>0.000000</in_Quantity.quantity><out_Quantity.quantity>878.590227</out_Quantity.quantity></Point><Point><position>9435</position><in_Quantity.quantity>0.000000</in_Quantity.quantity><out_Quantity.quantity>209.298267</out_Quantity.quantity></Point><Point><position>9436</position><in_Quantity.quantity>0.000000</in_Quantity.quantity><out_Quantity.quantity>539.866249</out_Quantity.quantity></Point><Point><position>9437</position><in_Quantity.quantity>0.000000</in_Quantity.quantity><out_Quantity.quantity>529.008126</out_Quantity.quantity></Point><Point><position>9438</position><in_Quantity.quantity>0.000000</in_Quantity.quantity><out_Quantity.quantity>593.475198</out_Quantity.quantity></Point><Point><position>9439</position><in_Quantity.quantity>0.000000</in_Quantity.quantity><out_Quantity.quantity>472.506775</out_Quantity.quantity></Point><Point><position>9440</position><in_Quantity.quantity>0.000000</in_Quantity.quantity><out_Quantity.quantity>423.672205</out_Quantity.quantity></Point><Point><position>9441</position><in_Quantity.quantity>0.000000</in_Quantity.quantity><out_Quantity.quantity>90.922486</out_Quantity.quantity></Point><Point><position>9442</position><in_Quantity.quantity>0.000000</in_Quantity.quantity><out_Quantity.quantity>852.575005</out_Quantity.quantity></Point><Point><position>9443</position><in_Quantity.quantity>0.000000</in_Quantity.quantity><out_Quantity.quantity>36.800192</out_Quantity.quantity></Point><Point><position>9444</position><in_Quantity.quantity>0.000000</in_Quantity.quantity><out_Quantity.quantity>996.056263</out_Quantity.quantity></Point><Point><position>9445</position><in_Quantity.quantity>0.000000</in_Quantity.quantity><out_Quantity.quantity>637.806775</out_Quantity.quantity></Point><Point><position>9446</position><in_Quantity.quantity>0.000000</in_Quantity.quantity><out_Quantity.quantity>246.525425</out_Quantity.quantity></Point><Point><position>9447</position><in_Quantity.quantity>0.000000</in_Quantity.quantity><out_Quantity.quantity>593.258702</out_Quantity.quantity></Point><Point><position>9448</position><in_Quantity.quantity>0.000000</in_Quantity.quantity><out_Quantity.quantity>594.756234</out_Quantity.quantity></Point><Point><position>9449</position><in_Quantity.quantity>0.000000</in_Quantity.quantity><out_Quantity.quantity>95.900289</out_Quantity.quantity></Point><Point><position>9450</position><in_Quantity.quantity>0.000000</in_Quantity.quantity><out_Quantity.quantity>741.967858</out_Quantity.quantity></Point><Point><position>9451</position><in_Quantity.quantity>0.000000</in_Quantity.quantity><out_Quantity.quantity>602.367978</out_Quantity.quantity></Point><Point><position>9452</position><in_Quantity.quantity>0.000000</in_Quantity.quantity><out_Quantity.quantity>41.065691</out_Quantity.quantity></Point><Point><position>9453</position><in_Quantity.quantity>0.000000</in_Quantity.quantity><out_Quantity.quantity>705.539227</out_Quantity.quantity></Point><Point><position>9454</position><in_Quantity.quantity>0.000000</in_Quantity.quantity><out_Quantity.quantity>152.584052</out_Quantity.quantity></Point><Point><position>9455</position><in_Quantity.quantity>0.000000</in_Quantity.quantity><out_Quantity.quantity>620.021457</out_Quantity.quantity></Point><Point><position>9456</position><in_Quantity.quantity>0.000000</in_Quantity.quantity><out_Quantity.quantity>992.491874</out_Quantity.quantity></Point><Point><position>9457</position><in_Quantity.quantity>0.000000</in_Quantity.quantity><out_Quantity.quantity>461.918796</out_Quantity.quantity></Point><Point><position>9458</position><in_Quantity.quantity>0.000000</in_Quantity.quantity><out_Quantity.quantity>225.341057</out_Quantity.quantity></Point><Point><position>9459</position><in_Quantity.quantity>0.000000</in_Quantity.quantity><out_Quantity.quantity>612.669629</out_Quantity.quantity></Point><Point><position>9460</position><in_Quantity.quantity>0.000000</in_Quantity.quantity><out_Quantity.quantity>907.264043</out_Quantity.quantity></Point><Point><position>9461</position><in_Quantity.quantity>0.000000</in_Quantity.quantity><out_Quantity.quantity>124.830000</out_Quantity.quantity></Point><Point><position>9462</position><in_Quantity.quantity>0.000000</in_Quantity.quantity><out_Quantity.quantity>968.413782</out_Quantity.quantity></Point><Point><position>9463</position><in_Quantity.quantity>0.000000</in_Quantity.quantity><out_Quantity.quantity>405.637337</out_Quantity.quantity></Point><Point><position>9464</position><in_Quantity.quantity>0.000000</in_Quantity.quantity><out_Quantity.quantity>241.516132</out_Quantity.quantity></Point><Point><position>9465</position><in_Quantity.quantity>0.000000</in_Quantity.quantity><out_Quantity.quantity>193.448797</out_Quantity.quantity></Point><Point><position>9466</position><in_Quantity.quantity>0.000000</in_Quantity.quantity><out_Quantity.quantity>475.171754</out_Quantity.quantity></Point><Point><position>9467</position><in_Quantity.quantity>0.000000</in_Quantity.quantity><out_Quantity.quantity>904.373412</out_Quantity.quantity></Point><Point><position>9468</position><in_Quantity.quantity>0.000000</in_Quantity.quantity><out_Quantity.quantity>684.551463</out_Quantity.quantity></Point><Point><position>9469</position><in_Quantity.quantity>0.000000</in_Quantity.quantity><out_Quantity.quantity>140.949872</out_Quantity.quantity></Point><Point><position>9470</position><in_Quantity.quantity>0.000000</in_Quantity.quantity><out_Quantity.quantity>674.312210</out_Quantity.quantity></Point><Point><position>9471</position><in_Quantity.quantity>0.000000</in_Quantity.quantity><out_Quantity.quantity>194.742392</out_Quantity.quantity></Point><Point><position>9472</position><in_Quantity.quantity>0.000000</in_Quantity.quantity><out_Quantity.quantity>28.654426</out_Quantity.quantity></Point><Point><position>9473</position><in_Quantity.quantity>0.000000</in_Quantity.quantity><out_Quantity.quantity>167.324934</out_Quantity.quantity></Point><Point><position>9474</position><in_Quantity.quantity>0.000000</in_Quantity.quantity><out_Quantity.quantity>47.126352</out_Quantity.quantity></Point><Point><position>9475</position><in_Quantity.quantity>0.000000</in_Quantity.quantity><out_Quantity.quantity>771.276133</out_Quantity.quantity></Point><Point><position>9476</position><in_Quantity.quantity>0.000000</in_Quantity.quantity><out_Quantity.quantity>986.167251</out_Quantity.quantity></Point><Point><position>9477</position><in_Quantity.quantity>0.000000</in_Quantity.quantity><out_Quantity.quantity>12.654974</out_Quantity.quantity></Point><Point><position>9478</position><in_Quantity.quantity>0.000000</in_Quantity.quantity><out_Quantity.quantity>685.769322</out_Quantity.quantity></Point><Point><position>9479</position><in_Quantity.quantity>0.000000</in_Quantity.quantity><out_Quantity.quantity>742.150452</out_Quantity.quantity></Point><Point><position>9480</position><in_Quantity.quantity>0.000000</in_Quantity.quantity><out_Quantity.quantity>722.281459</out_Quantity.quantity></Point><Point><position>9481</position><in_Quantity.quantity>0.000000</in_Quantity.quantity><out_Quantity.quantity>970.272105</out_Quantity.quantity></Point><Point><position>9482</position><in_Quantity.quantity>0.000000</in_Quantity.quantity><out_Quantity.quantity>883.687242</out_Quantity.quantity></Point><Point><position>9483</position><in_Quantity.quantity>0.000000</in_Quantity.quantity><out_Quantity.quantity>866.965296</out_Quantity.quantity></Point><Point><position>9484</position><in_Quantity.quantity>0.000000</in_Quantity.quantity><out_Quantity.quantity>743.019521</out_Quantity.quantity></Point><Point><position>9485</position><in_Quantity.quantity>0.000000</in_Quantity.quantity><out_Quantity.quantity>251.794466</out_Quantity.quantity></Point><Point><position>9486</position><in_Quantity.quantity>0.000000</in_Quantity.quantity><out_Quantity.quantity>174.841901</out_Quantity.quantity></Point><Point><position>9487</position><in_Quantity.quantity>0.000000</in_Quantity.quantity><out_Quantity.quantity>732.437937</out_Quantity.quantity></Point><Point><position>9488</position><in_Quantity.quantity>0.000000</in_Quantity.quantity><out_Quantity.quantity>908.485490</out_Quantity.quantity></Point><Point><position>9489</position><in_Quantity.quantity>0.000000</in_Quantity.quantity><out_Quantity.quantity>131.532413</out_Quantity.quantity></Point><Point><position>9490</position><in_Quantity.quantity>0.000000</in_Quantity.quantity><out_Quantity.quantity>709.300787</out_Quantity.quantity></Point><Point><position>9491</position><in_Quantity.quantity>0.000000</in_Quantity.quantity><out_Quantity.quantity>548.880183</out_Quantity.quantity></Point><Point><position>9492</position><in_Quantity.quantity>0.000000</in_Quantity.quantity><out_Quantity.quantity>539.847907</out_Quantity.quantity></Point><Point><position>9493</position><in_Quantity.quantity>0.000000</in_Quantity.quantity><out_Quantity.quantity>258.553785</out_Quantity.quantity></Point><Point><position>9494</position><in_Quantity.quantity>0.000000</in_Quantity.quantity><out_Quantity.quantity>753.534997</out_Quantity.quantity></Point><Point><position>9495</position><in_Quantity.quantity>0.000000</in_Quantity.quantity><out_Quantity.quantity>444.554154</out_Quantity.quantity></Point><Point><position>9496</position><in_Quantity.quantity>0.000000</in_Quantity.quantity><out_Quantity.quantity>669.185921</out_Quantity.quantity></Point><Point><position>9497</position><in_Quantity.quantity>0.000000</in_Quantity.quantity><out_Quantity.quantity>624.997968</out_Quantity.quantity></Point><Point><position>9498</position><in_Quantity.quantity>0.000000</in_Quantity.quantity><out_Quantity.quantity>659.768159</out_Quantity.quantity></Point><Point><position>9499</position><in_Quantity.quantity>0.000000</in_Quantity.quantity><out_Quantity.quantity>534.237893</out_Quantity.quantity></Point><Point><position>9500</position><in_Quantity.quantity>0.000000</in_Quantity.quantity><out_Quantity.quantity>170.422898</out_Quantity.quantity></Point><Point><position>9501</position><in_Quantity.quantity>0.000000</in_Quantity.quantity><out_Quantity.quantity>341.401335</out_Quantity.quantity></Point><Point><position>9502</position><in_Quantity.quantity>0.000000</in_Quantity.quantity><out_Quantity.quantity>880.520837</out_Quantity.quantity></Point><Point><position>9503</position><in_Quantity.quantity>0.000000</in_Quantity.quantity><out_Quantity.quantity>838.771095</out_Quantity.quantity></Point><Point><position>9504</position><in_Quantity.quantity>0.000000</in_Quantity.quantity><out_Quantity.quantity>578.622832</out_Quantity.quantity></Point><Point><position>9505</position><in_Quantity.quantity>0.000000</in_Quantity.quantity><out_Quantity.quantity>633.270128</out_Quantity.quantity></Point><Point><position>9506</position><in_Quantity.quantity>0.000000</in_Quantity.quantity><out_Quantity.quantity>194.706708</out_Quantity.quantity></Point><Point><position>9507</position><in_Quantity.quantity>0.000000</in_Quantity.quantity><out_Quantity.quantity>535.472786</out_Quantity.quantity></Point><Point><position>9508</position><in_Quantity.quantity>0.000000</in_Quantity.quantity><out_Quantity.quantity>923.034962</out_Quantity.quantity></Point><Point><position>9509</position><in_Quantity.quantity>0.000000</in_Quantity.quantity><out_Quantity.quantity>15.586172</out_Quantity.quantity></Point><Point><position>9510</position><in_Quantity.quantity>0.000000</in_Quantity.quantity><out_Quantity.quantity>443.600012</out_Quantity.quantity></Point><Point><position>9511</position><in_Quantity.quantity>0.000000</in_Quantity.quantity><out_Quantity.quantity>892.730279</out_Quantity.quantity></Point><Point><position>9512</position><in_Quantity.quantity>0.000000</in_Quantity.quantity><out_Quantity.quantity>102.200312</out_Quantity.quantity></Point><Point><position>9513</position><in_Quantity.quantity>0.000000</in_Quantity.quantity><out_Quantity.quantity>945.442551</out_Quantity.quantity></Point><Point><position>9514</position><in_Quantity.quantity>0.000000</in_Quantity.quantity><out_Quantity.quantity>223.558003</out_Quantity.quantity></Point><Point><position>9515</position><in_Quantity.quantity>0.000000</in_Quantity.quantity><out_Quantity.quantity>818.463564</out_Quantity.quantity></Point><Point><position>9516</position><in_Quantity.quantity>0.000000</in_Quantity.quantity><out_Quantity.quantity>711.833988</out_Quantity.quantity></Point><Point><position>9517</position><in_Quantity.quantity>0.000000</in_Quantity.quantity><out_Quantity.quantity>798.757116</out_Quantity.quantity></Point><Point><position>9518</position><in_Quantity.quantity>0.000000</in_Quantity.quantity><out_Quantity.quantity>115.284130</out_Quantity.quantity></Point><Point><position>9519</position><in_Quantity.quantity>0.000000</in_Quantity.quantity><out_Quantity.quantity>352.416796</out_Quantity.quantity></Point><Point><position>9520</position><in_Quantity.quantity>0.000000</in_Quantity.quantity><out_Quantity.quantity>399.392080</out_Quantity.quantity></Point><Point><position>9521</position><in_Quantity.quantity>0.000000</in_Quantity.quantity><out_Quantity.quantity>785.260962</out_Quantity.quantity></Point><Point><position>9522</position><in_Quantity.quantity>0.000000</in_Quantity.quantity><out_Quantity.quantity>97.932537</out_Quantity.quantity></Point><Point><position>9523</position><in_Quantity.quantity>0.000000</in_Quantity.quantity><out_Quantity.quantity>736.747728</out_Quantity.quantity></Point><Point><position>9524</position><in_Quantity.quantity>0.000000</in_Quantity.quantity><out_Quantity.quantity>254.595195</out_Quantity.quantity></Point><Point><position>9525</position><in_Quantity.quantity>0.000000</in_Quantity.quantity><out_Quantity.quantity>110.010501</out_Quantity.quantity></Point><Point><position>9526</position><in_Quantity.quantity>0.000000</in_Quantity.quantity><out_Quantity.quantity>770.536028</out_Quantity.quantity></Point><Point><position>9527</position><in_Quantity.quantity>0.000000</in_Quantity.quantity><out_Quantity.quantity>764.655543</out_Quantity.quantity></Point><Point><position>9528</position><in_Quantity.quantity>0.000000</in_Quantity.quantity><out_Quantity.quantity>251.485586</out_Quantity.quantity></Point><Point><position>9529</position><in_Quantity.quantity>0.000000</in_Quantity.quantity><out_Quantity.quantity>869.326536</out_Quantity.quantity></Point><Point><position>9530</position><in_Quantity.quantity>0.000000</in_Quantity.quantity><out_Quantity.quantity>678.935905</out_Quantity.quantity></Point><Point><position>9531</position><in_Quantity.quantity>0.000000</in_Quantity.quantity><out_Quantity.quantity>708.811869</out_Quantity.quantity></Point><Point><position>9532</position><in_Quantity.quantity>0.000000</in_Quantity.quantity><out_Quantity.quantity>730.494761</out_Quantity.quantity></Point><Point><position>9533</position><in_Quantity.quantity>0.000000</in_Quantity.quantity><out_Quantity.quantity>396.336375</out_Quantity.quantity></Point><Point><position>9534</position><in_Quantity.quantity>0.000000</in_Quantity.quantity><out_Quantity.quantity>898.360887</out_Quantity.quantity></Point><Point><position>9535</position><in_Quantity.quantity>0.000000</in_Quantity.quantity><out_Quantity.quantity>620.665320</out_Quantity.quantity></Point><Point><position>9536</position><in_Quantity.quantity>0.000000</in_Quantity.quantity><out_Quantity.quantity>902.927635</out_Quantity.quantity></Point><Point><position>9537</position><in_Quantity.quantity>0.000000</in_Quantity.quantity><out_Quantity.quantity>576.567293</out_Quantity.quantity></Point><Point><position>9538</position><in_Quantity.quantity>0.000000</in_Quantity.quantity><out_Quantity.quantity>310.089236</out_Quantity.quantity></Point><Point><position>9539</position><in_Quantity.quantity>0.000000</in_Quantity.quantity><out_Quantity.quantity>748.997373</out_Quantity.quantity></Point><Point><position>9540</position><in_Quantity.quantity>0.000000</in_Quantity.quantity><out_Quantity.quantity>433.338030</out_Quantity.quantity></Point><Point><position>9541</position><in_Quantity.quantity>0.000000</in_Quantity.quantity><out_Quantity.quantity>653.831144</out_Quantity.quantity></Point><Point><position>9542</position><in_Quantity.quantity>0.000000</in_Quantity.quantity><out_Quantity.quantity>615.479958</out_Quantity.quantity></Point><Point><position>9543</position><in_Quantity.quantity>0.000000</in_Quantity.quantity><out_Quantity.quantity>93.054202</out_Quantity.quantity></Point><Point><position>9544</position><in_Quantity.quantity>0.000000</in_Quantity.quantity><out_Quantity.quantity>25.764122</out_Quantity.quantity></Point><Point><position>9545</position><in_Quantity.quantity>0.000000</in_Quantity.quantity><out_Quantity.quantity>450.399676</out_Quantity.quantity></Point><Point><position>9546</position><in_Quantity.quantity>0.000000</in_Quantity.quantity><out_Quantity.quantity>791.340917</out_Quantity.quantity></Point><Point><position>9547</position><in_Quantity.quantity>0.000000</in_Quantity.quantity><out_Quantity.quantity>412.625586</out_Quantity.quantity></Point><Point><position>9548</position><in_Quantity.quantity>0.000000</in_Quantity.quantity><out_Quantity.quantity>578.561623</out_Quantity.quantity></Point><Point><position>9549</position><in_Quantity.quantity>0.000000</in_Quantity.quantity><out_Quantity.quantity>742.338652</out_Quantity.quantity></Point><Point><position>9550</position><in_Quantity.quantity>0.000000</in_Quantity.quantity><out_Quantity.quantity>281.592736</out_Quantity.quantity></Point><Point><position>9551</position><in_Quantity.quantity>0.000000</in_Quantity.quantity><out_Quantity.quantity>399.279667</out_Quantity.quantity></Point><Point><position>9552</position><in_Quantity.quantity>0.000000</in_Quantity.quantity><out_Quantity.quantity>753.937288</out_Quantity.quantity></Point><Point><position>9553</position><in_Quantity.quantity>0.000000</in_Quantity.quantity><out_Quantity.quantity>734.683499</out_Quantity.quantity></Point><Point><position>9554</position><in_Quantity.quantity>0.000000</in_Quantity.quantity><out_Quantity.quantity>800.449319</out_Quantity.quantity></Point><Point><position>9555</position><in_Quantity.quantity>0.000000</in_Quantity.quantity><out_Quantity.quantity>626.027068</out_Quantity.quantity></Point><Point><position>9556</position><in_Quantity.quantity>0.000000</in_Quantity.quantity><out_Quantity.quantity>727.567908</out_Quantity.quantity></Point><Point><position>9557</position><in_Quantity.quantity>0.000000</in_Quantity.quantity><out_Quantity.quantity>13.887245</out_Quantity.quantity></Point><Point><position>9558</position><in_Quantity.quantity>0.000000</in_Quantity.quantity><out_Quantity.quantity>930.350213</out_Quantity.quantity></Point><Point><position>9559</position><in_Quantity.quantity>0.000000</in_Quantity.quantity><out_Quantity.quantity>240.923550</out_Quantity.quantity></Point><Point><position>9560</position><in_Quantity.quantity>0.000000</in_Quantity.quantity><out_Quantity.quantity>809.302264</out_Quantity.quantity></Point><Point><position>9561</position><in_Quantity.quantity>0.000000</in_Quantity.quantity><out_Quantity.quantity>620.194787</out_Quantity.quantity></Point><Point><position>9562</position><in_Quantity.quantity>0.000000</in_Quantity.quantity><out_Quantity.quantity>450.712543</out_Quantity.quantity></Point><Point><position>9563</position><in_Quantity.quantity>0.000000</in_Quantity.quantity><out_Quantity.quantity>211.471063</out_Quantity.quantity></Point><Point><position>9564</position><in_Quantity.quantity>0.000000</in_Quantity.quantity><out_Quantity.quantity>387.201222</out_Quantity.quantity></Point><Point><position>9565</position><in_Quantity.quantity>0.000000</in_Quantity.quantity><out_Quantity.quantity>495.225449</out_Quantity.quantity></Point><Point><position>9566</position><in_Quantity.quantity>0.000000</in_Quantity.quantity><out_Quantity.quantity>944.583435</out_Quantity.quantity></Point><Point><position>9567</position><in_Quantity.quantity>0.000000</in_Quantity.quantity><out_Quantity.quantity>240.965922</out_Quantity.quantity></Point><Point><position>9568</position><in_Quantity.quantity>0.000000</in_Quantity.quantity><out_Quantity.quantity>585.483239</out_Quantity.quantity></Point><Point><position>9569</position><in_Quantity.quantity>0.000000</in_Quantity.quantity><out_Quantity.quantity>899.047588</out_Quantity.quantity></Point><Point><position>9570</position><in_Quantity.quantity>0.000000</in_Quantity.quantity><out_Quantity.quantity>612.753086</out_Quantity.quantity></Point><Point><position>9571</position><in_Quantity.quantity>0.000000</in_Quantity.quantity><out_Quantity.quantity>293.391591</out_Quantity.quantity></Point><Point><position>9572</position><in_Quantity.quantity>0.000000</in_Quantity.quantity><out_Quantity.quantity>825.634833</out_Quantity.quantity></Point><Point><position>9573</position><in_Quantity.quantity>0.000000</in_Quantity.quantity><out_Quantity.quantity>457.179125</out_Quantity.quantity></Point><Point><position>9574</position><in_Quantity.quantity>0.000000</in_Quantity.quantity><out_Quantity.quantity>720.087798</out_Quantity.quantity></Point><Point><position>9575</position><in_Quantity.quantity>0.000000</in_Quantity.quantity><out_Quantity.quantity>432.730958</out_Quantity.quantity></Point><Point><position>9576</position><in_Quantity.quantity>0.000000</in_Quantity.quantity><out_Quantity.quantity>925.769760</out_Quantity.quantity></Point><Point><position>9577</position><in_Quantity.quantity>0.000000</in_Quantity.quantity><out_Quantity.quantity>647.917093</out_Quantity.quantity></Point><Point><position>9578</position><in_Quantity.quantity>0.000000</in_Quantity.quantity><out_Quantity.quantity>251.604065</out_Quantity.quantity></Point><Point><position>9579</position><in_Quantity.quantity>0.000000</in_Quantity.quantity><out_Quantity.quantity>509.663087</out_Quantity.quantity></Point><Point><position>9580</position><in_Quantity.quantity>0.000000</in_Quantity.quantity><out_Quantity.quantity>178.590166</out_Quantity.quantity></Point><Point><position>9581</position><in_Quantity.quantity>0.000000</in_Quantity.quantity><out_Quantity.quantity>146.005018</out_Quantity.quantity></Point><Point><position>9582</position><in_Quantity.quantity>0.000000</in_Quantity.quantity><out_Quantity.quantity>985.136464</out_Quantity.quantity></Point><Point><position>9583</position><in_Quantity.quantity>0.000000</in_Quantity.quantity><out_Quantity.quantity>253.533186</out_Quantity.quantity></Point><Point><position>9584</position><in_Quantity.quantity>0.000000</in_Quantity.quantity><out_Quantity.quantity>335.692072</out_Quantity.quantity></Point><Point><position>9585</position><in_Quantity.quantity>0.000000</in_Quantity.quantity><out_Quantity.quantity>871.905947</out_Quantity.quantity></Point><Point><position>9586</position><in_Quantity.quantity>0.000000</in_Quantity.quantity><out_Quantity.quantity>329.594129</out_Quantity.quantity></Point><Point><position>9587</position><in_Quantity.quantity>0.000000</in_Quantity.quantity><out_Quantity.quantity>956.073426</out_Quantity.quantity></Point><Point><position>9588</position><in_Quantity.quantity>0.000000</in_Quantity.quantity><out_Quantity.quantity>42.963886</out_Quantity.quantity></Point><Point><position>9589</position><in_Quantity.quantity>0.000000</in_Quantity.quantity><out_Quantity.quantity>674.012175</out_Quantity.quantity></Point><Point><position>9590</position><in_Quantity.quantity>0.000000</in_Quantity.quantity><out_Quantity.quantity>336.214567</out_Quantity.quantity></Point><Point><position>9591</position><in_Quantity.quantity>0.000000</in_Quantity.quantity><out_Quantity.quantity>63.311082</out_Quantity.quantity></Point><Point><position>9592</position><in_Quantity.quantity>0.000000</in_Quantity.quantity><out_Quantity.quantity>236.275393</out_Quantity.quantity></Point><Point><position>9593</position><in_Quantity.quantity>0.000000</in_Quantity.quantity><out_Quantity.quantity>13.633923</out_Quantity.quantity></Point><Point><position>9594</position><in_Quantity.quantity>0.000000</in_Quantity.quantity><out_Quantity.quantity>45.050576</out_Quantity.quantity></Point><Point><position>9595</position><in_Quantity.quantity>0.000000</in_Quantity.quantity><out_Quantity.quantity>235.516422</out_Quantity.quantity></Point><Point><position>9596</position><in_Quantity.quantity>0.000000</in_Quantity.quantity><out_Quantity.quantity>905.199287</out_Quantity.quantity></Point><Point><position>9597</position><in_Quantity.quantity>0.000000</in_Quantity.quantity><out_Quantity.quantity>516.037445</out_Quantity.quantity></Point><Point><position>9598</position><in_Quantity.quantity>0.000000</in_Quantity.quantity><out_Quantity.quantity>319.724765</out_Quantity.quantity></Point><Point><position>9599</position><in_Quantity.quantity>0.000000</in_Quantity.quantity><out_Quantity.quantity>50.091014</out_Quantity.quantity></Point><Point><position>9600</position><in_Quantity.quantity>0.000000</in_Quantity.quantity><out_Quantity.quantity>350.362193</out_Quantity.quantity></Point><Point><position>9601</position><in_Quantity.quantity>0.000000</in_Quantity.quantity><out_Quantity.quantity>319.972110</out_Quantity.quantity></Point><Point><position>9602</position><in_Quantity.quantity>0.000000</in_Quantity.quantity><out_Quantity.quantity>845.939972</out_Quantity.quantity></Point><Point><position>9603</position><in_Quantity.quantity>0.000000</in_Quantity.quantity><out_Quantity.quantity>758.745793</out_Quantity.quantity></Point><Point><position>9604</position><in_Quantity.quantity>0.000000</in_Quantity.quantity><out_Quantity.quantity>525.278137</out_Quantity.quantity></Point><Point><position>9605</position><in_Quantity.quantity>0.000000</in_Quantity.quantity><out_Quantity.quantity>154.566290</out_Quantity.quantity></Point><Point><position>9606</position><in_Quantity.quantity>0.000000</in_Quantity.quantity><out_Quantity.quantity>240.949765</out_Quantity.quantity></Point><Point><position>9607</position><in_Quantity.quantity>0.000000</in_Quantity.quantity><out_Quantity.quantity>522.183312</out_Quantity.quantity></Point><Point><position>9608</position><in_Quantity.quantity>0.000000</in_Quantity.quantity><out_Quantity.quantity>306.876954</out_Quantity.quantity></Point><Point><position>9609</position><in_Quantity.quantity>0.000000</in_Quantity.quantity><out_Quantity.quantity>483.276189</out_Quantity.quantity></Point><Point><position>9610</position><in_Quantity.quantity>0.000000</in_Quantity.quantity><out_Quantity.quantity>121.667666</out_Quantity.quantity></Point><Point><position>9611</position><in_Quantity.quantity>0.000000</in_Quantity.quantity><out_Quantity.quantity>728.122543</out_Quantity.quantity></Point><Point><position>9612</position><in_Quantity.quantity>0.000000</in_Quantity.quantity><out_Quantity.quantity>466.446168</out_Quantity.quantity></Point><Point><position>9613</position><in_Quantity.quantity>0.000000</in_Quantity.quantity><out_Quantity.quantity>653.454484</out_Quantity.quantity></Point><Point><position>9614</position><in_Quantity.quantity>0.000000</in_Quantity.quantity><out_Quantity.quantity>596.861835</out_Quantity.quantity></Point><Point><position>9615</position><in_Quantity.quantity>0.000000</in_Quantity.quantity><out_Quantity.quantity>411.153556</out_Quantity.quantity></Point><Point><position>9616</position><in_Quantity.quantity>0.000000</in_Quantity.quantity><out_Quantity.quantity>278.594160</out_Quantity.quantity></Point><Point><position>9617</position><in_Quantity.quantity>0.000000</in_Quantity.quantity><out_Quantity.quantity>725.370885</out_Quantity.quantity></Point><Point><position>9618</position><in_Quantity.quantity>0.000000</in_Quantity.quantity><out_Quantity.quantity>905.828178</out_Quantity.quantity></Point><Point><position>9619</position><in_Quantity.quantity>0.000000</in_Quantity.quantity><out_Quantity.quantity>876.484665</out_Quantity.quantity></Point><Point><position>9620</position><in_Quantity.quantity>0.000000</in_Quantity.quantity><out_Quantity.quantity>718.387109</out_Quantity.quantity></Point><Point><position>9621</position><in_Quantity.quantity>0.000000</in_Quantity.quantity><out_Quantity.quantity>68.902612</out_Quantity.quantity></Point><Point><position>9622</position><in_Quantity.quantity>0.000000</in_Quantity.quantity><out_Quantity.quantity>407.375197</out_Quantity.quantity></Point><Point><position>9623</position><in_Quantity.quantity>0.000000</in_Quantity.quantity><out_Quantity.quantity>442.559062</out_Quantity.quantity></Point><Point><position>9624</position><in_Quantity.quantity>0.000000</in_Quantity.quantity><out_Quantity.quantity>223.482746</out_Quantity.quantity></Point><Point><position>9625</position><in_Quantity.quantity>0.000000</in_Quantity.quantity><out_Quantity.quantity>862.781288</out_Quantity.quantity></Point><Point><position>9626</position><in_Quantity.quantity>0.000000</in_Quantity.quantity><out_Quantity.quantity>993.781440</out_Quantity.quantity></Point><Point><position>9627</position><in_Quantity.quantity>0.000000</in_Quantity.quantity><out_Quantity.quantity>229.134135</out_Quantity.quantity></Point><Point><position>9628</position><in_Quantity.quantity>0.000000</in_Quantity.quantity><out_Quantity.quantity>970.912286</out_Quantity.quantity></Point><Point><position>9629</position><in_Quantity.quantity>0.000000</in_Quantity.quantity><out_Quantity.quantity>560.241591</out_Quantity.quantity></Point><Point><position>9630</position><in_Quantity.quantity>0.000000</in_Quantity.quantity><out_Quantity.quantity>448.722885</out_Quantity.quantity></Point><Point><position>9631</position><in_Quantity.quantity>0.000000</in_Quantity.quantity><out_Quantity.quantity>536.613034</out_Quantity.quantity></Point><Point><position>9632</position><in_Quantity.quantity>0.000000</in_Quantity.quantity><out_Quantity.quantity>23.514917</out_Quantity.quantity></Point><Point><position>9633</position><in_Quantity.quantity>0.000000</in_Quantity.quantity><out_Quantity.quantity>447.464122</out_Quantity.quantity></Point><Point><position>9634</position><in_Quantity.quantity>0.000000</in_Quantity.quantity><out_Quantity.quantity>206.933792</out_Quantity.quantity></Point><Point><position>9635</position><in_Quantity.quantity>0.000000</in_Quantity.quantity><out_Quantity.quantity>359.732576</out_Quantity.quantity></Point><Point><position>9636</position><in_Quantity.quantity>0.000000</in_Quantity.quantity><out_Quantity.quantity>782.525213</out_Quantity.quantity></Point><Point><position>9637</position><in_Quantity.quantity>0.000000</in_Quantity.quantity><out_Quantity.quantity>758.474452</out_Quantity.quantity></Point><Point><position>9638</position><in_Quantity.quantity>0.000000</in_Quantity.quantity><out_Quantity.quantity>313.107068</out_Quantity.quantity></Point><Point><position>9639</position><in_Quantity.quantity>0.000000</in_Quantity.quantity><out_Quantity.quantity>460.603720</out_Quantity.quantity></Point><Point><position>9640</position><in_Quantity.quantity>0.000000</in_Quantity.quantity><out_Quantity.quantity>433.711285</out_Quantity.quantity></Point><Point><position>9641</position><in_Quantity.quantity>0.000000</in_Quantity.quantity><out_Quantity.quantity>54.812387</out_Quantity.quantity></Point><Point><position>9642</position><in_Quantity.quantity>0.000000</in_Quantity.quantity><out_Quantity.quantity>668.060805</out_Quantity.quantity></Point><Point><position>9643</position><in_Quantity.quantity>0.000000</in_Quantity.quantity><out_Quantity.quantity>771.241219</out_Quantity.quantity></Point><Point><position>9644</position><in_Quantity.quantity>0.000000</in_Quantity.quantity><out_Quantity.quantity>0.754267</out_Quantity.quantity></Point><Point><position>9645</position><in_Quantity.quantity>0.000000</in_Quantity.quantity><out_Quantity.quantity>998.684246</out_Quantity.quantity></Point><Point><position>9646</position><in_Quantity.quantity>0.000000</in_Quantity.quantity><out_Quantity.quantity>430.028020</out_Quantity.quantity></Point><Point><position>9647</position><in_Quantity.quantity>0.000000</in_Quantity.quantity><out_Quantity.quantity>477.941925</out_Quantity.quantity></Point><Point><position>9648</position><in_Quantity.quantity>0.000000</in_Quantity.quantity><out_Quantity.quantity>243.666901</out_Quantity.quantity></Point><Point><position>9649</position><in_Quantity.quantity>0.000000</in_Quantity.quantity><out_Quantity.quantity>124.837129</out_Quantity.quantity></Point><Point><position>9650</position><in_Quantity.quantity>0.000000</in_Quantity.quantity><out_Quantity.quantity>365.802212</out_Quantity.quantity></Point><Point><position>9651</position><in_Quantity.quantity>0.000000</in_Quantity.quantity><out_Quantity.quantity>288.269550</out_Quantity.quantity></Point><Point><position>9652</position><in_Quantity.quantity>0.000000</in_Quantity.quantity><out_Quantity.quantity>108.797551</out_Quantity.quantity></Point><Point><position>9653</position><in_Quantity.quantity>0.000000</in_Quantity.quantity><out_Quantity.quantity>112.821847</out_Quantity.quantity></Point><Point><position>9654</position><in_Quantity.quantity>0.000000</in_Quantity.quantity><out_Quantity.quantity>536.214288</out_Quantity.quantity></Point><Point><position>9655</position><in_Quantity.quantity>0.000000</in_Quantity.quantity><out_Quantity.quantity>982.831124</out_Quantity.quantity></Point><Point><position>9656</position><in_Quantity.quantity>0.000000</in_Quantity.quantity><out_Quantity.quantity>493.876288</out_Quantity.quantity></Point><Point><position>9657</position><in_Quantity.quantity>0.000000</in_Quantity.quantity><out_Quantity.quantity>826.587359</out_Quantity.quantity></Point><Point><position>9658</position><in_Quantity.quantity>0.000000</in_Quantity.quantity><out_Quantity.quantity>332.296024</out_Quantity.quantity></Point><Point><position>9659</position><in_Quantity.quantity>0.000000</in_Quantity.quantity><out_Quantity.quantity>594.503949</out_Quantity.quantity></Point><Point><position>9660</position><in_Quantity.quantity>0.000000</in_Quantity.quantity><out_Quantity.quantity>973.989472</out_Quantity.quantity></Point><Point><position>9661</position><in_Quantity.quantity>0.000000</in_Quantity.quantity><out_Quantity.quantity>585.111922</out_Quantity.quantity></Point><Point><position>9662</position><in_Quantity.quantity>0.000000</in_Quantity.quantity><out_Quantity.quantity>299.003508</out_Quantity.quantity></Point><Point><position>9663</position><in_Quantity.quantity>0.000000</in_Quantity.quantity><out_Quantity.quantity>956.895152</out_Quantity.quantity></Point><Point><position>9664</position><in_Quantity.quantity>0.000000</in_Quantity.quantity><out_Quantity.quantity>45.710279</out_Quantity.quantity></Point><Point><position>9665</position><in_Quantity.quantity>0.000000</in_Quantity.quantity><out_Quantity.quantity>616.693724</out_Quantity.quantity></Point><Point><position>9666</position><in_Quantity.quantity>0.000000</in_Quantity.quantity><out_Quantity.quantity>273.685090</out_Quantity.quantity></Point><Point><position>9667</position><in_Quantity.quantity>0.000000</in_Quantity.quantity><out_Quantity.quantity>425.459538</out_Quantity.quantity></Point><Point><position>9668</position><in_Quantity.quantity>0.000000</in_Quantity.quantity><out_Quantity.quantity>559.997954</out_Quantity.quantity></Point><Point><position>9669</position><in_Quantity.quantity>0.000000</in_Quantity.quantity><out_Quantity.quantity>626.695395</out_Quantity.quantity></Point><Point><position>9670</position><in_Quantity.quantity>0.000000</in_Quantity.quantity><out_Quantity.quantity>656.321108</out_Quantity.quantity></Point><Point><position>9671</position><in_Quantity.quantity>0.000000</in_Quantity.quantity><out_Quantity.quantity>793.812626</out_Quantity.quantity></Point><Point><position>9672</position><in_Quantity.quantity>0.000000</in_Quantity.quantity><out_Quantity.quantity>611.649241</out_Quantity.quantity></Point><Point><position>9673</position><in_Quantity.quantity>0.000000</in_Quantity.quantity><out_Quantity.quantity>22.442830</out_Quantity.quantity></Point><Point><position>9674</position><in_Quantity.quantity>0.000000</in_Quantity.quantity><out_Quantity.quantity>369.781962</out_Quantity.quantity></Point><Point><position>9675</position><in_Quantity.quantity>0.000000</in_Quantity.quantity><out_Quantity.quantity>464.037476</out_Quantity.quantity></Point><Point><position>9676</position><in_Quantity.quantity>0.000000</in_Quantity.quantity><out_Quantity.quantity>843.061642</out_Quantity.quantity></Point><Point><position>9677</position><in_Quantity.quantity>0.000000</in_Quantity.quantity><out_Quantity.quantity>670.116287</out_Quantity.quantity></Point><Point><position>9678</position><in_Quantity.quantity>0.000000</in_Quantity.quantity><out_Quantity.quantity>909.902006</out_Quantity.quantity></Point><Point><position>9679</position><in_Quantity.quantity>0.000000</in_Quantity.quantity><out_Quantity.quantity>985.920632</out_Quantity.quantity></Point><Point><position>9680</position><in_Quantity.quantity>0.000000</in_Quantity.quantity><out_Quantity.quantity>812.766548</out_Quantity.quantity></Point><Point><position>9681</position><in_Quantity.quantity>0.000000</in_Quantity.quantity><out_Quantity.quantity>952.527020</out_Quantity.quantity></Point><Point><position>9682</position><in_Quantity.quantity>0.000000</in_Quantity.quantity><out_Quantity.quantity>65.683742</out_Quantity.quantity></Point><Point><position>9683</position><in_Quantity.quantity>0.000000</in_Quantity.quantity><out_Quantity.quantity>772.910828</out_Quantity.quantity></Point><Point><position>9684</position><in_Quantity.quantity>0.000000</in_Quantity.quantity><out_Quantity.quantity>822.697936</out_Quantity.quantity></Point><Point><position>9685</position><in_Quantity.quantity>0.000000</in_Quantity.quantity><out_Quantity.quantity>639.701333</out_Quantity.quantity></Point><Point><position>9686</position><in_Quantity.quantity>0.000000</in_Quantity.quantity><out_Quantity.quantity>179.722787</out_Quantity.quantity></Point><Point><position>9687</position><in_Quantity.quantity>0.000000</in_Quantity.quantity><out_Quantity.quantity>713.608131</out_Quantity.quantity></Point><Point><position>9688</position><in_Quantity.quantity>0.000000</in_Quantity.quantity><out_Quantity.quantity>658.799547</out_Quantity.quantity></Point><Point><position>9689</position><in_Quantity.quantity>0.000000</in_Quantity.quantity><out_Quantity.quantity>171.763644</out_Quantity.quantity></Point><Point><position>9690</position><in_Quantity.quantity>0.000000</in_Quantity.quantity><out_Quantity.quantity>74.129442</out_Quantity.quantity></Point><Point><position>9691</position><in_Quantity.quantity>0.000000</in_Quantity.quantity><out_Quantity.quantity>632.219620</out_Quantity.quantity></Point><Point><position>9692</position><in_Quantity.quantity>0.000000</in_Quantity.quantity><out_Quantity.quantity>180.220356</out_Quantity.quantity></Point><Point><position>9693</position><in_Quantity.quantity>0.000000</in_Quantity.quantity><out_Quantity.quantity>939.631766</out_Quantity.quantity></Point><Point><position>9694</position><in_Quantity.quantity>0.000000</in_Quantity.quantity><out_Quantity.quantity>747.360198</out_Quantity.quantity></Point><Point><position>9695</position><in_Quantity.quantity>0.000000</in_Quantity.quantity><out_Quantity.quantity>11.833445</out_Quantity.quantity></Point><Point><position>9696</position><in_Quantity.quantity>0.000000</in_Quantity.quantity><out_Quantity.quantity>274.420183</out_Quantity.quantity></Point><Point><position>9697</position><in_Quantity.quantity>0.000000</in_Quantity.quantity><out_Quantity.quantity>437.839096</out_Quantity.quantity></Point><Point><position>9698</position><in_Quantity.quantity>0.000000</in_Quantity.quantity><out_Quantity.quantity>813.780102</out_Quantity.quantity></Point><Point><position>9699</position><in_Quantity.quantity>0.000000</in_Quantity.quantity><out_Quantity.quantity>678.848604</out_Quantity.quantity></Point><Point><position>9700</position><in_Quantity.quantity>0.000000</in_Quantity.quantity><out_Quantity.quantity>75.316987</out_Quantity.quantity></Point><Point><position>9701</position><in_Quantity.quantity>0.000000</in_Quantity.quantity><out_Quantity.quantity>924.812069</out_Quantity.quantity></Point><Point><position>9702</position><in_Quantity.quantity>0.000000</in_Quantity.quantity><out_Quantity.quantity>441.406818</out_Quantity.quantity></Point><Point><position>9703</position><in_Quantity.quantity>0.000000</in_Quantity.quantity><out_Quantity.quantity>414.251538</out_Quantity.quantity></Point><Point><position>9704</position><in_Quantity.quantity>0.000000</in_Quantity.quantity><out_Quantity.quantity>351.322582</out_Quantity.quantity></Point><Point><position>9705</position><in_Quantity.quantity>0.000000</in_Quantity.quantity><out_Quantity.quantity>881.343381</out_Quantity.quantity></Point><Point><position>9706</position><in_Quantity.quantity>0.000000</in_Quantity.quantity><out_Quantity.quantity>818.122619</out_Quantity.quantity></Point><Point><position>9707</position><in_Quantity.quantity>0.000000</in_Quantity.quantity><out_Quantity.quantity>855.669766</out_Quantity.quantity></Point><Point><position>9708</position><in_Quantity.quantity>0.000000</in_Quantity.quantity><out_Quantity.quantity>182.327745</out_Quantity.quantity></Point><Point><position>9709</position><in_Quantity.quantity>0.000000</in_Quantity.quantity><out_Quantity.quantity>790.099976</out_Quantity.quantity></Point><Point><position>9710</position><in_Quantity.quantity>0.000000</in_Quantity.quantity><out_Quantity.quantity>891.428850</out_Quantity.quantity></Point><Point><position>9711</position><in_Quantity.quantity>0.000000</in_Quantity.quantity><out_Quantity.quantity>900.975105</out_Quantity.quantity></Point><Point><position>9712</position><in_Quantity.quantity>0.000000</in_Quantity.quantity><out_Quantity.quantity>933.294085</out_Quantity.quantity></Point><Point><position>9713</position><in_Quantity.quantity>0.000000</in_Quantity.quantity><out_Quantity.quantity>285.062964</out_Quantity.quantity></Point><Point><position>9714</position><in_Quantity.quantity>0.000000</in_Quantity.quantity><out_Quantity.quantity>985.533969</out_Quantity.quantity></Point><Point><position>9715</position><in_Quantity.quantity>0.000000</in_Quantity.quantity><out_Quantity.quantity>391.145105</out_Quantity.quantity></Point><Point><position>9716</position><in_Quantity.quantity>0.000000</in_Quantity.quantity><out_Quantity.quantity>910.754661</out_Quantity.quantity></Point><Point><position>9717</position><in_Quantity.quantity>0.000000</in_Quantity.quantity><out_Quantity.quantity>979.352101</out_Quantity.quantity></Point><Point><position>9718</position><in_Quantity.quantity>0.000000</in_Quantity.quantity><out_Quantity.quantity>620.222648</out_Quantity.quantity></Point><Point><position>9719</position><in_Quantity.quantity>0.000000</in_Quantity.quantity><out_Quantity.quantity>37.911852</out_Quantity.quantity></Point><Point><position>9720</position><in_Quantity.quantity>0.000000</in_Quantity.quantity><out_Quantity.quantity>694.470266</out_Quantity.quantity></Point><Point><position>9721</position><in_Quantity.quantity>0.000000</in_Quantity.quantity><out_Quantity.quantity>768.169108</out_Quantity.quantity></Point><Point><position>9722</position><in_Quantity.quantity>0.000000</in_Quantity.quantity><out_Quantity.quantity>831.710445</out_Quantity.quantity></Point><Point><position>9723</position><in_Quantity.quantity>0.000000</in_Quantity.quantity><out_Quantity.quantity>894.671692</out_Quantity.quantity></Point><Point><position>9724</position><in_Quantity.quantity>0.000000</in_Quantity.quantity><out_Quantity.quantity>185.140897</out_Quantity.quantity></Point><Point><position>9725</position><in_Quantity.quantity>0.000000</in_Quantity.quantity><out_Quantity.quantity>450.618396</out_Quantity.quantity></Point><Point><position>9726</position><in_Quantity.quantity>0.000000</in_Quantity.quantity><out_Quantity.quantity>421.427856</out_Quantity.quantity></Point><Point><position>9727</position><in_Quantity.quantity>0.000000</in_Quantity.quantity><out_Quantity.quantity>950.644828</out_Quantity.quantity></Point><Point><position>9728</position><in_Quantity.quantity>0.000000</in_Quantity.quantity><out_Quantity.quantity>0.101274</out_Quantity.quantity></Point><Point><position>9729</position><in_Quantity.quantity>0.000000</in_Quantity.quantity><out_Quantity.quantity>449.984378</out_Quantity.quantity></Point><Point><position>9730</position><in_Quantity.quantity>0.000000</in_Quantity.quantity><out_Quantity.quantity>562.179279</out_Quantity.quantity></Point><Point><position>9731</position><in_Quantity.quantity>0.000000</in_Quantity.quantity><out_Quantity.quantity>210.764646</out_Quantity.quantity></Point><Point><position>9732</position><in_Quantity.quantity>0.000000</in_Quantity.quantity><out_Quantity.quantity>249.995762</out_Quantity.quantity></Point><Point><position>9733</position><in_Quantity.quantity>0.000000</in_Quantity.quantity><out_Quantity.quantity>9.270720</out_Quantity.quantity></Point><Point><position>9734</position><in_Quantity.quantity>0.000000</in_Quantity.quantity><out_Quantity.quantity>634.419266</out_Quantity.quantity></Point><Point><position>9735</position><in_Quantity.quantity>0.000000</in_Quantity.quantity><out_Quantity.quantity>63.216154</out_Quantity.quantity></Point><Point><position>9736</position><in_Quantity.quantity>0.000000</in_Quantity.quantity><out_Quantity.quantity>68.358733</out_Quantity.quantity></Point><Point><position>9737</position><in_Quantity.quantity>0.000000</in_Quantity.quantity><out_Quantity.quantity>103.729221</out_Quantity.quantity></Point><Point><position>9738</position><in_Quantity.quantity>0.000000</in_Quantity.quantity><out_Quantity.quantity>919.220878</out_Quantity.quantity></Point><Point><position>9739</position><in_Quantity.quantity>0.000000</in_Quantity.quantity><out_Quantity.quantity>398.588055</out_Quantity.quantity></Point><Point><position>9740</position><in_Quantity.quantity>0.000000</in_Quantity.quantity><out_Quantity.quantity>224.209858</out_Quantity.quantity></Point><Point><position>9741</position><in_Quantity.quantity>0.000000</in_Quantity.quantity><out_Quantity.quantity>610.304100</out_Quantity.quantity></Point><Point><position>9742</position><in_Quantity.quantity>0.000000</in_Quantity.quantity><out_Quantity.quantity>597.906347</out_Quantity.quantity></Point><Point><position>9743</position><in_Quantity.quantity>0.000000</in_Quantity.quantity><out_Quantity.quantity>604.961683</out_Quantity.quantity></Point><Point><position>9744</position><in_Quantity.quantity>0.000000</in_Quantity.quantity><out_Quantity.quantity>70.308370</out_Quantity.quantity></Point><Point><position>9745</position><in_Quantity.quantity>0.000000</in_Quantity.quantity><out_Quantity.quantity>440.551590</out_Quantity.quantity></Point><Point><position>9746</position><in_Quantity.quantity>0.000000</in_Quantity.quantity><out_Quantity.quantity>335.112498</out_Quantity.quantity></Point><Point><position>9747</position><in_Quantity.quantity>0.000000</in_Quantity.quantity><out_Quantity.quantity>439.913061</out_Quantity.quantity></Point><Point><position>9748</position><in_Quantity.quantity>0.000000</in_Quantity.quantity><out_Quantity.quantity>309.258141</out_Quantity.quantity></Point><Point><position>9749</position><in_Quantity.quantity>0.000000</in_Quantity.quantity><out_Quantity.quantity>680.711900</out_Quantity.quantity></Point><Point><position>9750</position><in_Quantity.quantity>0.000000</in_Quantity.quantity><out_Quantity.quantity>824.535707</out_Quantity.quantity></Point><Point><position>9751</position><in_Quantity.quantity>0.000000</in_Quantity.quantity><out_Quantity.quantity>331.124594</out_Quantity.quantity></Point><Point><position>9752</position><in_Quantity.quantity>0.000000</in_Quantity.quantity><out_Quantity.quantity>129.582477</out_Quantity.quantity></Point><Point><position>9753</position><in_Quantity.quantity>0.000000</in_Quantity.quantity><out_Quantity.quantity>498.463006</out_Quantity.quantity></Point><Point><position>9754</position><in_Quantity.quantity>0.000000</in_Quantity.quantity><out_Quantity.quantity>466.720320</out_Quantity.quantity></Point><Point><position>9755</position><in_Quantity.quantity>0.000000</in_Quantity.quantity><out_Quantity.quantity>603.078979</out_Quantity.quantity></Point><Point><position>9756</position><in_Quantity.quantity>0.000000</in_Quantity.quantity><out_Quantity.quantity>888.915856</out_Quantity.quantity></Point><Point><position>9757</position><in_Quantity.quantity>0.000000</in_Quantity.quantity><out_Quantity.quantity>693.574921</out_Quantity.quantity></Point><Point><position>9758</position><in_Quantity.quantity>0.000000</in_Quantity.quantity><out_Quantity.quantity>842.895737</out_Quantity.quantity></Point><Point><position>9759</position><in_Quantity.quantity>0.000000</in_Quantity.quantity><out_Quantity.quantity>57.000416</out_Quantity.quantity></Point><Point><position>9760</position><in_Quantity.quantity>0.000000</in_Quantity.quantity><out_Quantity.quantity>541.982354</out_Quantity.quantity></Point><Point><position>9761</position><in_Quantity.quantity>0.000000</in_Quantity.quantity><out_Quantity.quantity>590.985385</out_Quantity.quantity></Point><Point><position>9762</position><in_Quantity.quantity>0.000000</in_Quantity.quantity><out_Quantity.quantity>160.975117</out_Quantity.quantity></Point><Point><position>9763</position><in_Quantity.quantity>0.000000</in_Quantity.quantity><out_Quantity.quantity>657.851784</out_Quantity.quantity></Point><Point><position>9764</position><in_Quantity.quantity>0.000000</in_Quantity.quantity><out_Quantity.quantity>22.158031</out_Quantity.quantity></Point><Point><position>9765</position><in_Quantity.quantity>0.000000</in_Quantity.quantity><out_Quantity.quantity>627.236972</out_Quantity.quantity></Point><Point><position>9766</position><in_Quantity.quantity>0.000000</in_Quantity.quantity><out_Quantity.quantity>55.545724</out_Quantity.quantity></Point><Point><position>9767</position><in_Quantity.quantity>0.000000</in_Quantity.quantity><out_Quantity.quantity>690.624314</out_Quantity.quantity></Point><Point><position>9768</position><in_Quantity.quantity>0.000000</in_Quantity.quantity><out_Quantity.quantity>72.705717</out_Quantity.quantity></Point><Point><position>9769</position><in_Quantity.quantity>0.000000</in_Quantity.quantity><out_Quantity.quantity>705.549506</out_Quantity.quantity></Point><Point><position>9770</position><in_Quantity.quantity>0.000000</in_Quantity.quantity><out_Quantity.quantity>727.022509</out_Quantity.quantity></Point><Point><position>9771</position><in_Quantity.quantity>0.000000</in_Quantity.quantity><out_Quantity.quantity>40.763573</out_Quantity.quantity></Point><Point><position>9772</position><in_Quantity.quantity>0.000000</in_Quantity.quantity><out_Quantity.quantity>284.991719</out_Quantity.quantity></Point><Point><position>9773</position><in_Quantity.quantity>0.000000</in_Quantity.quantity><out_Quantity.quantity>876.757600</out_Quantity.quantity></Point><Point><position>9774</position><in_Quantity.quantity>0.000000</in_Quantity.quantity><out_Quantity.quantity>120.063462</out_Quantity.quantity></Point><Point><position>9775</position><in_Quantity.quantity>0.000000</in_Quantity.quantity><out_Quantity.quantity>115.936489</out_Quantity.quantity></Point><Point><position>9776</position><in_Quantity.quantity>0.000000</in_Quantity.quantity><out_Quantity.quantity>316.273687</out_Quantity.quantity></Point><Point><position>9777</position><in_Quantity.quantity>0.000000</in_Quantity.quantity><out_Quantity.quantity>292.433117</out_Quantity.quantity></Point><Point><position>9778</position><in_Quantity.quantity>0.000000</in_Quantity.quantity><out_Quantity.quantity>612.736871</out_Quantity.quantity></Point><Point><position>9779</position><in_Quantity.quantity>0.000000</in_Quantity.quantity><out_Quantity.quantity>223.872872</out_Quantity.quantity></Point><Point><position>9780</position><in_Quantity.quantity>0.000000</in_Quantity.quantity><out_Quantity.quantity>683.624220</out_Quantity.quantity></Point><Point><position>9781</position><in_Quantity.quantity>0.000000</in_Quantity.quantity><out_Quantity.quantity>220.752777</out_Quantity.quantity></Point><Point><position>9782</position><in_Quantity.quantity>0.000000</in_Quantity.quantity><out_Quantity.quantity>930.672445</out_Quantity.quantity></Point><Point><position>9783</position><in_Quantity.quantity>0.000000</in_Quantity.quantity><out_Quantity.quantity>458.444784</out_Quantity.quantity></Point><Point><position>9784</position><in_Quantity.quantity>0.000000</in_Quantity.quantity><out_Quantity.quantity>105.830645</out_Quantity.quantity></Point><Point><position>9785</position><in_Quantity.quantity>0.000000</in_Quantity.quantity><out_Quantity.quantity>572.082156</out_Quantity.quantity></Point><Point><position>9786</position><in_Quantity.quantity>0.000000</in_Quantity.quantity><out_Quantity.quantity>439.254911</out_Quantity.quantity></Point><Point><position>9787</position><in_Quantity.quantity>0.000000</in_Quantity.quantity><out_Quantity.quantity>986.097926</out_Quantity.quantity></Point><Point><position>9788</position><in_Quantity.quantity>0.000000</in_Quantity.quantity><out_Quantity.quantity>690.280651</out_Quantity.quantity></Point><Point><position>9789</position><in_Quantity.quantity>0.000000</in_Quantity.quantity><out_Quantity.quantity>155.731329</out_Quantity.quantity></Point><Point><position>9790</position><in_Quantity.quantity>0.000000</in_Quantity.quantity><out_Quantity.quantity>538.991490</out_Quantity.quantity></Point><Point><position>9791</position><in_Quantity.quantity>0.000000</in_Quantity.quantity><out_Quantity.quantity>939.664100</out_Quantity.quantity></Point><Point><position>9792</position><in_Quantity.quantity>0.000000</in_Quantity.quantity><out_Quantity.quantity>929.725765</out_Quantity.quantity></Point><Point><position>9793</position><in_Quantity.quantity>0.000000</in_Quantity.quantity><out_Quantity.quantity>54.898270</out_Quantity.quantity></Point><Point><position>9794</position><in_Quantity.quantity>0.000000</in_Quantity.quantity><out_Quantity.quantity>78.434359</out_Quantity.quantity></Point><Point><position>9795</position><in_Quantity.quantity>0.000000</in_Quantity.quantity><out_Quantity.quantity>684.371882</out_Quantity.quantity></Point><Point><position>9796</position><in_Quantity.quantity>0.000000</in_Quantity.quantity><out_Quantity.quantity>135.473151</out_Quantity.quantity></Point><Point><position>9797</position><in_Quantity.quantity>0.000000</in_Quantity.quantity><out_Quantity.quantity>239.160711</out_Quantity.quantity></Point><Point><position>9798</position><in_Quantity.quantity>0.000000</in_Quantity.quantity><out_Quantity.quantity>467.699239</out_Quantity.quantity></Point><Point><position>9799</position><in_Quantity.quantity>0.000000</in_Quantity.quantity><out_Quantity.quantity>987.704199</out_Quantity.quantity></Point><Point><position>9800</position><in_Quantity.quantity>0.000000</in_Quantity.quantity><out_Quantity.quantity>690.673242</out_Quantity.quantity></Point><Point><position>9801</position><in_Quantity.quantity>0.000000</in_Quantity.quantity><out_Quantity.quantity>843.322637</out_Quantity.quantity></Point><Point><position>9802</position><in_Quantity.quantity>0.000000</in_Quantity.quantity><out_Quantity.quantity>541.169354</out_Quantity.quantity></Point><Point><position>9803</position><in_Quantity.quantity>0.000000</in_Quantity.quantity><out_Quantity.quantity>811.981647</out_Quantity.quantity></Point><Point><position>9804</position><in_Quantity.quantity>0.000000</in_Quantity.quantity><out_Quantity.quantity>938.813848</out_Quantity.quantity></Point><Point><position>9805</position><in_Quantity.quantity>0.000000</in_Quantity.quantity><out_Quantity.quantity>773.556124</out_Quantity.quantity></Point><Point><position>9806</position><in_Quantity.quantity>0.000000</in_Quantity.quantity><out_Quantity.quantity>136.976675</out_Quantity.quantity></Point><Point><position>9807</position><in_Quantity.quantity>0.000000</in_Quantity.quantity><out_Quantity.quantity>676.216655</out_Quantity.quantity></Point><Point><position>9808</position><in_Quantity.quantity>0.000000</in_Quantity.quantity><out_Quantity.quantity>31.936681</out_Quantity.quantity></Point><Point><position>9809</position><in_Quantity.quantity>0.000000</in_Quantity.quantity><out_Quantity.quantity>883.344465</out_Quantity.quantity></Point><Point><position>9810</position><in_Quantity.quantity>0.000000</in_Quantity.quantity><out_Quantity.quantity>188.244359</out_Quantity.quantity></Point><Point><position>9811</position><in_Quantity.quantity>0.000000</in_Quantity.quantity><out_Quantity.quantity>296.649499</out_Quantity.quantity></Point><Point><position>9812</position><in_Quantity.quantity>0.000000</in_Quantity.quantity><out_Quantity.quantity>868.890471</out_Quantity.quantity></Point><Point><position>9813</position><in_Quantity.quantity>0.000000</in_Quantity.quantity><out_Quantity.quantity>809.290746</out_Quantity.quantity></Point><Point><position>9814</position><in_Quantity.quantity>0.000000</in_Quantity.quantity><out_Quantity.quantity>802.881386</out_Quantity.quantity></Point><Point><position>9815</position><in_Quantity.quantity>0.000000</in_Quantity.quantity><out_Quantity.quantity>211.240522</out_Quantity.quantity></Point><Point><position>9816</position><in_Quantity.quantity>0.000000</in_Quantity.quantity><out_Quantity.quantity>38.793262</out_Quantity.quantity></Point><Point><position>9817</position><in_Quantity.quantity>0.000000</in_Quantity.quantity><out_Quantity.quantity>358.414251</out_Quantity.quantity></Point><Point><position>9818</position><in_Quantity.quantity>0.000000</in_Quantity.quantity><out_Quantity.quantity>40.181389</out_Quantity.quantity></Point><Point><position>9819</position><in_Quantity.quantity>0.000000</in_Quantity.quantity><out_Quantity.quantity>590.872616</out_Quantity.quantity></Point><Point><position>9820</position><in_Quantity.quantity>0.000000</in_Quantity.quantity><out_Quantity.quantity>78.599011</out_Quantity.quantity></Point><Point><position>9821</position><in_Quantity.quantity>0.000000</in_Quantity.quantity><out_Quantity.quantity>196.865892</out_Quantity.quantity></Point><Point><position>9822</position><in_Quantity.quantity>0.000000</in_Quantity.quantity><out_Quantity.quantity>284.254115</out_Quantity.quantity></Point><Point><position>9823</position><in_Quantity.quantity>0.000000</in_Quantity.quantity><out_Quantity.quantity>117.610347</out_Quantity.quantity></Point><Point><position>9824</position><in_Quantity.quantity>0.000000</in_Quantity.quantity><out_Quantity.quantity>351.566704</out_Quantity.quantity></Point><Point><position>9825</position><in_Quantity.quantity>0.000000</in_Quantity.quantity><out_Quantity.quantity>901.201550</out_Quantity.quantity></Point><Point><position>9826</position><in_Quantity.quantity>0.000000</in_Quantity.quantity><out_Quantity.quantity>110.277513</out_Quantity.quantity></Point><Point><position>9827</position><in_Quantity.quantity>0.000000</in_Quantity.quantity><out_Quantity.quantity>53.062366</out_Quantity.quantity></Point><Point><position>9828</position><in_Quantity.quantity>0.000000</in_Quantity.quantity><out_Quantity.quantity>8.078027</out_Quantity.quantity></Point><Point><position>9829</position><in_Quantity.quantity>0.000000</in_Quantity.quantity><out_Quantity.quantity>998.766406</out_Quantity.quantity></Point><Point><position>9830</position><in_Quantity.quantity>0.000000</in_Quantity.quantity><out_Quantity.quantity>953.602423</out_Quantity.quantity></Point><Point><position>9831</position><in_Quantity.quantity>0.000000</in_Quantity.quantity><out_Quantity.quantity>417.362495</out_Quantity.quantity></Point><Point><position>9832</position><in_Quantity.quantity>0.000000</in_Quantity.quantity><out_Quantity.quantity>885.895772</out_Quantity.quantity></Point><Point><position>9833</position><in_Quantity.quantity>0.000000</in_Quantity.quantity><out_Quantity.quantity>319.257050</out_Quantity.quantity></Point><Point><position>9834</position><in_Quantity.quantity>0.000000</in_Quantity.quantity><out_Quantity.quantity>303.613343</out_Quantity.quantity></Point><Point><position>9835</position><in_Quantity.quantity>0.000000</in_Quantity.quantity><out_Quantity.quantity>569.485960</out_Quantity.quantity></Point><Point><position>9836</position><in_Quantity.quantity>0.000000</in_Quantity.quantity><out_Quantity.quantity>875.356409</out_Quantity.quantity></Point><Point><position>9837</position><in_Quantity.quantity>0.000000</in_Quantity.quantity><out_Quantity.quantity>865.749692</out_Quantity.quantity></Point><Point><position>9838</position><in_Quantity.quantity>0.000000</in_Quantity.quantity><out_Quantity.quantity>911.152908</out_Quantity.quantity></Point><Point><position>9839</position><in_Quantity.quantity>0.000000</in_Quantity.quantity><out_Quantity.quantity>7.069482</out_Quantity.quantity></Point><Point><position>9840</position><in_Quantity.quantity>0.000000</in_Quantity.quantity><out_Quantity.quantity>301.319907</out_Quantity.quantity></Point><Point><position>9841</position><in_Quantity.quantity>0.000000</in_Quantity.quantity><out_Quantity.quantity>550.656933</out_Quantity.quantity></Point><Point><position>9842</position><in_Quantity.quantity>0.000000</in_Quantity.quantity><out_Quantity.quantity>659.815454</out_Quantity.quantity></Point><Point><position>9843</position><in_Quantity.quantity>0.000000</in_Quantity.quantity><out_Quantity.quantity>32.423753</out_Quantity.quantity></Point><Point><position>9844</position><in_Quantity.quantity>0.000000</in_Quantity.quantity><out_Quantity.quantity>935.020028</out_Quantity.quantity></Point><Point><position>9845</position><in_Quantity.quantity>0.000000</in_Quantity.quantity><out_Quantity.quantity>446.878306</out_Quantity.quantity></Point><Point><position>9846</position><in_Quantity.quantity>0.000000</in_Quantity.quantity><out_Quantity.quantity>741.169693</out_Quantity.quantity></Point><Point><position>9847</position><in_Quantity.quantity>0.000000</in_Quantity.quantity><out_Quantity.quantity>893.133961</out_Quantity.quantity></Point><Point><position>9848</position><in_Quantity.quantity>0.000000</in_Quantity.quantity><out_Quantity.quantity>541.896891</out_Quantity.quantity></Point><Point><position>9849</position><in_Quantity.quantity>0.000000</in_Quantity.quantity><out_Quantity.quantity>484.702429</out_Quantity.quantity></Point><Point><position>9850</position><in_Quantity.quantity>0.000000</in_Quantity.quantity><out_Quantity.quantity>452.666407</out_Quantity.quantity></Point><Point><position>9851</position><in_Quantity.quantity>0.000000</in_Quantity.quantity><out_Quantity.quantity>388.054954</out_Quantity.quantity></Point><Point><position>9852</position><in_Quantity.quantity>0.000000</in_Quantity.quantity><out_Quantity.quantity>537.760126</out_Quantity.quantity></Point><Point><position>9853</position><in_Quantity.quantity>0.000000</in_Quantity.quantity><out_Quantity.quantity>847.121722</out_Quantity.quantity></Point><Point><position>9854</position><in_Quantity.quantity>0.000000</in_Quantity.quantity><out_Quantity.quantity>160.005942</out_Quantity.quantity></Point><Point><position>9855</position><in_Quantity.quantity>0.000000</in_Quantity.quantity><out_Quantity.quantity>575.758246</out_Quantity.quantity></Point><Point><position>9856</position><in_Quantity.quantity>0.000000</in_Quantity.quantity><out_Quantity.quantity>844.279768</out_Quantity.quantity></Point><Point><position>9857</position><in_Quantity.quantity>0.000000</in_Quantity.quantity><out_Quantity.quantity>337.224842</out_Quantity.quantity></Point><Point><position>9858</position><in_Quantity.quantity>0.000000</in_Quantity.quantity><out_Quantity.quantity>472.862713</out_Quantity.quantity></Point><Point><position>9859</position><in_Quantity.quantity>0.000000</in_Quantity.quantity><out_Quantity.quantity>999.209211</out_Quantity.quantity></Point><Point><position>9860</position><in_Quantity.quantity>0.000000</in_Quantity.quantity><out_Quantity.quantity>697.566071</out_Quantity.quantity></Point><Point><position>9861</position><in_Quantity.quantity>0.000000</in_Quantity.quantity><out_Quantity.quantity>198.556975</out_Quantity.quantity></Point><Point><position>9862</position><in_Quantity.quantity>0.000000</in_Quantity.quantity><out_Quantity.quantity>71.357578</out_Quantity.quantity></Point><Point><position>9863</position><in_Quantity.quantity>0.000000</in_Quantity.quantity><out_Quantity.quantity>667.896661</out_Quantity.quantity></Point><Point><position>9864</position><in_Quantity.quantity>0.000000</in_Quantity.quantity><out_Quantity.quantity>382.314949</out_Quantity.quantity></Point><Point><position>9865</position><in_Quantity.quantity>0.000000</in_Quantity.quantity><out_Quantity.quantity>438.485919</out_Quantity.quantity></Point><Point><position>9866</position><in_Quantity.quantity>0.000000</in_Quantity.quantity><out_Quantity.quantity>943.470127</out_Quantity.quantity></Point><Point><position>9867</position><in_Quantity.quantity>0.000000</in_Quantity.quantity><out_Quantity.quantity>35.060891</out_Quantity.quantity></Point><Point><position>9868</position><in_Quantity.quantity>0.000000</in_Quantity.quantity><out_Quantity.quantity>863.557828</out_Quantity.quantity></Point><Point><position>9869</position><in_Quantity.quantity>0.000000</in_Quantity.quantity><out_Quantity.quantity>306.617632</out_Quantity.quantity></Point><Point><position>9870</position><in_Quantity.quantity>0.000000</in_Quantity.quantity><out_Quantity.quantity>690.153110</out_Quantity.quantity></Point><Point><position>9871</position><in_Quantity.quantity>0.000000</in_Quantity.quantity><out_Quantity.quantity>384.994583</out_Quantity.quantity></Point><Point><position>9872</position><in_Quantity.quantity>0.000000</in_Quantity.quantity><out_Quantity.quantity>232.905782</out_Quantity.quantity></Point><Point><position>9873</position><in_Quantity.quantity>0.000000</in_Quantity.quantity><out_Quantity.quantity>287.491466</out_Quantity.quantity></Point><Point><position>9874</position><in_Quantity.quantity>0.000000</in_Quantity.quantity><out_Quantity.quantity>608.036571</out_Quantity.quantity></Point><Point><position>9875</position><in_Quantity.quantity>0.000000</in_Quantity.quantity><out_Quantity.quantity>293.162680</out_Quantity.quantity></Point><Point><position>9876</position><in_Quantity.quantity>0.000000</in_Quantity.quantity><out_Quantity.quantity>167.600093</out_Quantity.quantity></Point><Point><position>9877</position><in_Quantity.quantity>0.000000</in_Quantity.quantity><out_Quantity.quantity>697.926526</out_Quantity.quantity></Point><Point><position>9878</position><in_Quantity.quantity>0.000000</in_Quantity.quantity><out_Quantity.quantity>10.847492</out_Quantity.quantity></Point><Point><position>9879</position><in_Quantity.quantity>0.000000</in_Quantity.quantity><out_Quantity.quantity>446.879967</out_Quantity.quantity></Point><Point><position>9880</position><in_Quantity.quantity>0.000000</in_Quantity.quantity><out_Quantity.quantity>51.779798</out_Quantity.quantity></Point><Point><position>9881</position><in_Quantity.quantity>0.000000</in_Quantity.quantity><out_Quantity.quantity>863.870401</out_Quantity.quantity></Point><Point><position>9882</position><in_Quantity.quantity>0.000000</in_Quantity.quantity><out_Quantity.quantity>818.465059</out_Quantity.quantity></Point><Point><position>9883</position><in_Quantity.quantity>0.000000</in_Quantity.quantity><out_Quantity.quantity>359.106053</out_Quantity.quantity></Point><Point><position>9884</position><in_Quantity.quantity>0.000000</in_Quantity.quantity><out_Quantity.quantity>600.560462</out_Quantity.quantity></Point><Point><position>9885</position><in_Quantity.quantity>0.000000</in_Quantity.quantity><out_Quantity.quantity>627.731344</out_Quantity.quantity></Point><Point><position>9886</position><in_Quantity.quantity>0.000000</in_Quantity.quantity><out_Quantity.quantity>95.207855</out_Quantity.quantity></Point><Point><position>9887</position><in_Quantity.quantity>0.000000</in_Quantity.quantity><out_Quantity.quantity>234.438263</out_Quantity.quantity></Point><Point><position>9888</position><in_Quantity.quantity>0.000000</in_Quantity.quantity><out_Quantity.quantity>344.509672</out_Quantity.quantity></Point><Point><position>9889</position><in_Quantity.quantity>0.000000</in_Quantity.quantity><out_Quantity.quantity>476.338937</out_Quantity.quantity></Point><Point><position>9890</position><in_Quantity.quantity>0.000000</in_Quantity.quantity><out_Quantity.quantity>275.166876</out_Quantity.quantity></Point><Point><position>9891</position><in_Quantity.quantity>0.000000</in_Quantity.quantity><out_Quantity.quantity>40.253824</out_Quantity.quantity></Point><Point><position>9892</position><in_Quantity.quantity>0.000000</in_Quantity.quantity><out_Quantity.quantity>420.640332</out_Quantity.quantity></Point><Point><position>9893</position><in_Quantity.quantity>0.000000</in_Quantity.quantity><out_Quantity.quantity>969.033761</out_Quantity.quantity></Point><Point><position>9894</position><in_Quantity.quantity>0.000000</in_Quantity.quantity><out_Quantity.quantity>534.262239</out_Quantity.quantity></Point><Point><position>9895</position><in_Quantity.quantity>0.000000</in_Quantity.quantity><out_Quantity.quantity>300.557552</out_Quantity.quantity></Point><Point><position>9896</position><in_Quantity.quantity>0.000000</in_Quantity.quantity><out_Quantity.quantity>505.460340</out_Quantity.quantity></Point><Point><position>9897</position><in_Quantity.quantity>0.000000</in_Quantity.quantity><out_Quantity.quantity>830.105409</out_Quantity.quantity></Point><Point><position>9898</position><in_Quantity.quantity>0.000000</in_Quantity.quantity><out_Quantity.quantity>865.696460</out_Quantity.quantity></Point><Point><position>9899</position><in_Quantity.quantity>0.000000</in_Quantity.quantity><out_Quantity.quantity>450.120849</out_Quantity.quantity></Point><Point><position>9900</position><in_Quantity.quantity>0.000000</in_Quantity.quantity><out_Quantity.quantity>946.863733</out_Quantity.quantity></Point><Point><position>9901</position><in_Quantity.quantity>0.000000</in_Quantity.quantity><out_Quantity.quantity>655.499924</out_Quantity.quantity></Point><Point><position>9902</position><in_Quantity.quantity>0.000000</in_Quantity.quantity><out_Quantity.quantity>624.749486</out_Quantity.quantity></Point><Point><position>9903</position><in_Quantity.quantity>0.000000</in_Quantity.quantity><out_Quantity.quantity>801.314882</out_Quantity.quantity></Point><Point><position>9904</position><in_Quantity.quantity>0.000000</in_Quantity.quantity><out_Quantity.quantity>176.804090</out_Quantity.quantity></Point><Point><position>9905</position><in_Quantity.quantity>0.000000</in_Quantity.quantity><out_Quantity.quantity>314.842242</out_Quantity.quantity></Point><Point><position>9906</position><in_Quantity.quantity>0.000000</in_Quantity.quantity><out_Quantity.quantity>681.166265</out_Quantity.quantity></Point><Point><position>9907</position><in_Quantity.quantity>0.000000</in_Quantity.quantity><out_Quantity.quantity>640.795663</out_Quantity.quantity></Point><Point><position>9908</position><in_Quantity.quantity>0.000000</in_Quantity.quantity><out_Quantity.quantity>819.466080</out_Quantity.quantity></Point><Point><position>9909</position><in_Quantity.quantity>0.000000</in_Quantity.quantity><out_Quantity.quantity>163.152361</out_Quantity.quantity></Point><Point><position>9910</position><in_Quantity.quantity>0.000000</in_Quantity.quantity><out_Quantity.quantity>811.189884</out_Quantity.quantity></Point><Point><position>9911</position><in_Quantity.quantity>0.000000</in_Quantity.quantity><out_Quantity.quantity>2.651220</out_Quantity.quantity></Point><Point><position>9912</position><in_Quantity.quantity>0.000000</in_Quantity.quantity><out_Quantity.quantity>194.694963</out_Quantity.quantity></Point><Point><position>9913</position><in_Quantity.quantity>0.000000</in_Quantity.quantity><out_Quantity.quantity>233.932556</out_Quantity.quantity></Point><Point><position>9914</position><in_Quantity.quantity>0.000000</in_Quantity.quantity><out_Quantity.quantity>604.373931</out_Quantity.quantity></Point><Point><position>9915</position><in_Quantity.quantity>0.000000</in_Quantity.quantity><out_Quantity.quantity>999.122176</out_Quantity.quantity></Point><Point><position>9916</position><in_Quantity.quantity>0.000000</in_Quantity.quantity><out_Quantity.quantity>317.450480</out_Quantity.quantity></Point><Point><position>9917</position><in_Quantity.quantity>0.000000</in_Quantity.quantity><out_Quantity.quantity>275.375038</out_Quantity.quantity></Point><Point><position>9918</position><in_Quantity.quantity>0.000000</in_Quantity.quantity><out_Quantity.quantity>282.952943</out_Quantity.quantity></Point><Point><position>9919</position><in_Quantity.quantity>0.000000</in_Quantity.quantity><out_Quantity.quantity>247.318323</out_Quantity.quantity></Point><Point><position>9920</position><in_Quantity.quantity>0.000000</in_Quantity.quantity><out_Quantity.quantity>111.904698</out_Quantity.quantity></Point><Point><position>9921</position><in_Quantity.quantity>0.000000</in_Quantity.quantity><out_Quantity.quantity>594.136417</out_Quantity.quantity></Point><Point><position>9922</position><in_Quantity.quantity>0.000000</in_Quantity.quantity><out_Quantity.quantity>910.326607</out_Quantity.quantity></Point><Point><position>9923</position><in_Quantity.quantity>0.000000</in_Quantity.quantity><out_Quantity.quantity>410.140612</out_Quantity.quantity></Point><Point><position>9924</position><in_Quantity.quantity>0.000000</in_Quantity.quantity><out_Quantity.quantity>6.085492</out_Quantity.quantity></Point><Point><position>9925</position><in_Quantity.quantity>0.000000</in_Quantity.quantity><out_Quantity.quantity>852.719628</out_Quantity.quantity></Point><Point><position>9926</position><in_Quantity.quantity>0.000000</in_Quantity.quantity><out_Quantity.quantity>784.745663</out_Quantity.quantity></Point><Point><position>9927</position><in_Quantity.quantity>0.000000</in_Quantity.quantity><out_Quantity.quantity>534.643528</out_Quantity.quantity></Point><Point><position>9928</position><in_Quantity.quantity>0.000000</in_Quantity.quantity><out_Quantity.quantity>410.168491</out_Quantity.quantity></Point><Point><position>9929</position><in_Quantity.quantity>0.000000</in_Quantity.quantity><out_Quantity.quantity>252.434244</out_Quantity.quantity></Point><Point><position>9930</position><in_Quantity.quantity>0.000000</in_Quantity.quantity><out_Quantity.quantity>282.456515</out_Quantity.quantity></Point><Point><position>9931</position><in_Quantity.quantity>0.000000</in_Quantity.quantity><out_Quantity.quantity>305.848212</out_Quantity.quantity></Point><Point><position>9932</position><in_Quantity.quantity>0.000000</in_Quantity.quantity><out_Quantity.quantity>340.746040</out_Quantity.quantity></Point><Point><position>9933</position><in_Quantity.quantity>0.000000</in_Quantity.quantity><out_Quantity.quantity>448.639841</out_Quantity.quantity></Point><Point><position>9934</position><in_Quantity.quantity>0.000000</in_Quantity.quantity><out_Quantity.quantity>731.703563</out_Quantity.quantity></Point><Point><position>9935</position><in_Quantity.quantity>0.000000</in_Quantity.quantity><out_Quantity.quantity>752.518289</out_Quantity.quantity></Point><Point><position>9936</position><in_Quantity.quantity>0.000000</in_Quantity.quantity><out_Quantity.quantity>85.304615</out_Quantity.quantity></Point><Point><position>9937</position><in_Quantity.quantity>0.000000</in_Quantity.quantity><out_Quantity.quantity>80.075364</out_Quantity.quantity></Point><Point><position>9938</position><in_Quantity.quantity>0.000000</in_Quantity.quantity><out_Quantity.quantity>84.850235</out_Quantity.quantity></Point><Point><position>9939</position><in_Quantity.quantity>0.000000</in_Quantity.quantity><out_Quantity.quantity>596.120075</out_Quantity.quantity></Point><Point><position>9940</position><in_Quantity.quantity>0.000000</in_Quantity.quantity><out_Quantity.quantity>788.241856</out_Quantity.quantity></Point><Point><position>9941</position><in_Quantity.quantity>0.000000</in_Quantity.quantity><out_Quantity.quantity>227.182355</out_Quantity.quantity></Point><Point><position>9942</position><in_Quantity.quantity>0.000000</in_Quantity.quantity><out_Quantity.quantity>360.175519</out_Quantity.quantity></Point><Point><position>9943</position><in_Quantity.quantity>0.000000</in_Quantity.quantity><out_Quantity.quantity>692.594526</out_Quantity.quantity></Point><Point><position>9944</position><in_Quantity.quantity>0.000000</in_Quantity.quantity><out_Quantity.quantity>984.842648</out_Quantity.quantity></Point><Point><position>9945</position><in_Quantity.quantity>0.000000</in_Quantity.quantity><out_Quantity.quantity>373.990539</out_Quantity.quantity></Point><Point><position>9946</position><in_Quantity.quantity>0.000000</in_Quantity.quantity><out_Quantity.quantity>971.745995</out_Quantity.quantity></Point><Point><position>9947</position><in_Quantity.quantity>0.000000</in_Quantity.quantity><out_Quantity.quantity>730.559062</out_Quantity.quantity></Point><Point><position>9948</position><in_Quantity.quantity>0.000000</in_Quantity.quantity><out_Quantity.quantity>789.372171</out_Quantity.quantity></Point><Point><position>9949</position><in_Quantity.quantity>0.000000</in_Quantity.quantity><out_Quantity.quantity>111.202460</out_Quantity.quantity></Point><Point><position>9950</position><in_Quantity.quantity>0.000000</in_Quantity.quantity><out_Quantity.quantity>157.421768</out_Quantity.quantity></Point><Point><position>9951</position><in_Quantity.quantity>0.000000</in_Quantity.quantity><out_Quantity.quantity>901.542019</out_Quantity.quantity></Point><Point><position>9952</position><in_Quantity.quantity>0.000000</in_Quantity.quantity><out_Quantity.quantity>855.867656</out_Quantity.quantity></Point><Point><position>9953</position><in_Quantity.quantity>0.000000</in_Quantity.quantity><out_Quantity.quantity>793.630245</out_Quantity.quantity></Point><Point><position>9954</position><in_Quantity.quantity>0.000000</in_Quantity.quantity><out_Quantity.quantity>415.698743</out_Quantity.quantity></Point><Point><position>9955</position><in_Quantity.quantity>0.000000</in_Quantity.quantity><out_Quantity.quantity>730.428548</out_Quantity.quantity></Point><Point><position>9956</position><in_Quantity.quantity>0.000000</in_Quantity.quantity><out_Quantity.quantity>363.671130</out_Quantity.quantity></Point><Point><position>9957</position><in_Quantity.quantity>0.000000</in_Quantity.quantity><out_Quantity.quantity>957.282919</out_Quantity.quantity></Point><Point><position>9958</position><in_Quantity.quantity>0.000000</in_Quantity.quantity><out_Quantity.quantity>871.943574</out_Quantity.quantity></Point><Point><position>9959</position><in_Quantity.quantity>0.000000</in_Quantity.quantity><out_Quantity.quantity>316.009258</out_Quantity.quantity></Point><Point><position>9960</position><in_Quantity.quantity>0.000000</in_Quantity.quantity><out_Quantity.quantity>109.645989</out_Quantity.quantity></Point><Point><position>9961</position><in_Quantity.quantity>0.000000</in_Quantity.quantity><out_Quantity.quantity>529.478019</out_Quantity.quantity></Point><Point><position>9962</position><in_Quantity.quantity>0.000000</in_Quantity.quantity><out_Quantity.quantity>999.489019</out_Quantity.quantity></Point><Point><position>9963</position><in_Quantity.quantity>0.000000</in_Quantity.quantity><out_Quantity.quantity>487.240876</out_Quantity.quantity></Point><Point><position>9964</position><in_Quantity.quantity>0.000000</in_Quantity.quantity><out_Quantity.quantity>665.873866</out_Quantity.quantity></Point><Point><position>9965</position><in_Quantity.quantity>0.000000</in_Quantity.quantity><out_Quantity.quantity>134.012020</out_Quantity.quantity></Point><Point><position>9966</position><in_Quantity.quantity>0.000000</in_Quantity.quantity><out_Quantity.quantity>207.357118</out_Quantity.quantity></Point><Point><position>9967</position><in_Quantity.quantity>0.000000</in_Quantity.quantity><out_Quantity.quantity>202.900231</out_Quantity.quantity></Point><Point><position>9968</position><in_Quantity.quantity>0.000000</in_Quantity.quantity><out_Quantity.quantity>451.134896</out_Quantity.quantity></Point><Point><position>9969</position><in_Quantity.quantity>0.000000</in_Quantity.quantity><out_Quantity.quantity>957.369944</out_Quantity.quantity></Point><Point><position>9970</position><in_Quantity.quantity>0.000000</in_Quantity.quantity><out_Quantity.quantity>368.470823</out_Quantity.quantity></Point><Point><position>9971</position><in_Quantity.quantity>0.000000</in_Quantity.quantity><out_Quantity.quantity>984.170660</out_Quantity.quantity></Point><Point><position>9972</position><in_Quantity.quantity>0.000000</in_Quantity.quantity><out_Quantity.quantity>533.516993</out_Quantity.quantity></Point><Point><position>9973</position><in_Quantity.quantity>0.000000</in_Quantity.quantity><out_Quantity.quantity>724.353596</out_Quantity.quantity></Point><Point><position>9974</position><in_Quantity.quantity>0.000000</in_Quantity.quantity><out_Quantity.quantity>810.154446</out_Quantity.quantity></Point><Point><position>9975</position><in_Quantity.quantity>0.000000</in_Quantity.quantity><out_Quantity.quantity>245.514805</out_Quantity.quantity></Point><Point><position>9976</position><in_Quantity.quantity>0.000000</in_Quantity.quantity><out_Quantity.quantity>788.411968</out_Quantity.quantity></Point><Point><position>9977</position><in_Quantity.quantity>0.000000</in_Quantity.quantity><out_Quantity.quantity>165.752486</out_Quantity.quantity></Point><Point><position>9978</position><in_Quantity.quantity>0.000000</in_Quantity.quantity><out_Quantity.quantity>422.889225</out_Quantity.quantity></Point><Point><position>9979</position><in_Quantity.quantity>0.000000</in_Quantity.quantity><out_Quantity.quantity>993.380068</out_Quantity.quantity></Point><Point><position>9980</position><in_Quantity.quantity>0.000000</in_Quantity.quantity><out_Quantity.quantity>868.147461</out_Quantity.quantity></Point><Point><position>9981</position><in_Quantity.quantity>0.000000</in_Quantity.quantity><out_Quantity.quantity>357.722155</out_Quantity.quantity></Point><Point><position>9982</position><in_Quantity.quantity>0.000000</in_Quantity.quantity><out_Quantity.quantity>701.264975</out_Quantity.quantity></Point><Point><position>9983</position><in_Quantity.quantity>0.000000</in_Quantity.quantity><out_Quantity.quantity>263.646704</out_Quantity.quantity></Point><Point><position>9984</position><in_Quantity.quantity>0.000000</in_Quantity.quantity><out_Quantity.quantity>265.838247</out_Quantity.quantity></Point><Point><position>9985</position><in_Quantity.quantity>0.000000</in_Quantity.quantity><out_Quantity.quantity>251.009724</out_Quantity.quantity></Point><Point><position>9986</position><in_Quantity.quantity>0.000000</in_Quantity.quantity><out_Quantity.quantity>539.529029</out_Quantity.quantity></Point><Point><position>9987</position><in_Quantity.quantity>0.000000</in_Quantity.quantity><out_Quantity.quantity>568.316057</out_Quantity.quantity></Point><Point><position>9988</position><in_Quantity.quantity>0.000000</in_Quantity.quantity><out_Quantity.quantity>428.235194</out_Quantity.quantity></Point><Point><position>9989</position><in_Quantity.quantity>0.000000</in_Quantity.quantity><out_Quantity.quantity>156.821784</out_Quantity.quantity></Point><Point><position>9990</position><in_Quantity.quantity>0.000000</in_Quantity.quantity><out_Quantity.quantity>155.354577</out_Quantity.quantity></Point><Point><position>9991</position><in_Quantity.quantity>0.000000</in_Quantity.quantity><out_Quantity.quantity>840.983076</out_Quantity.quantity></Point><Point><position>9992</position><in_Quantity.quantity>0.000000</in_Quantity.quantity><out_Quantity.quantity>62.912714</out_Quantity.quantity></Point><Point><position>9993</position><in_Quantity.quantity>0.000000</in_Quantity.quantity><out_Quantity.quantity>809.149385</out_Quantity.quantity></Point><Point><position>9994</position><in_Quantity.quantity>0.000000</in_Quantity.quantity><out_Quantity.quantity>886.509939</out_Quantity.quantity></Point><Point><position>9995</position><in_Quantity.quantity>0.000000</in_Quantity.quantity><out_Quantity.quantity>719.378538</out_Quantity.quantity></Point><Point><position>9996</position><in_Quantity.quantity>0.000000</in_Quantity.quantity><out_Quantity.quantity>904.947849</out_Quantity.quantity></Point><Point><position>9997</position><in_Quantity.quantity>0.000000</in_Quantity.quantity><out_Quantity.quantity>299.691176</out_Quantity.quantity></Point><Point><position>9998</position><in_Quantity.quantity>0.000000</in_Quantity.quantity><out_Quantity.quantity>151.221876</out_Quantity.quantity></Point><Point><position>9999</position><in_Quantity.quantity>0.000000</in_Quantity.quantity><out_Quantity.quantity>526.318583</out_Quantity.quantity></Point><Point><position>10000</position><in_Quantity.quantity>0.000000</in_Quantity.quantity><out_Quantity.quantity>873.705775</out_Quantity.quantity></Point><Point><position>10001</position><in_Quantity.quantity>0.000000</in_Quantity.quantity><out_Quantity.quantity>661.310032</out_Quantity.quantity></Point><Point><position>10002</position><in_Quantity.quantity>0.000000</in_Quantity.quantity><out_Quantity.quantity>273.433597</out_Quantity.quantity></Point><Point><position>10003</position><in_Quantity.quantity>0.000000</in_Quantity.quantity><out_Quantity.quantity>194.427738</out_Quantity.quantity></Point><Point><position>10004</position><in_Quantity.quantity>0.000000</in_Quantity.quantity><out_Quantity.quantity>310.792980</out_Quantity.quantity></Point><Point><position>10005</position><in_Quantity.quantity>0.000000</in_Quantity.quantity><out_Quantity.quantity>327.067976</out_Quantity.quantity></Point><Point><position>10006</position><in_Quantity.quantity>0.000000</in_Quantity.quantity><out_Quantity.quantity>21.565519</out_Quantity.quantity></Point><Point><position>10007</position><in_Quantity.quantity>0.000000</in_Quantity.quantity><out_Quantity.quantity>468.987784</out_Quantity.quantity></Point><Point><position>10008</position><in_Quantity.quantity>0.000000</in_Quantity.quantity><out_Quantity.quantity>390.863296</out_Quantity.quantity></Point><Point><position>10009</position><in_Quantity.quantity>0.000000</in_Quantity.quantity><out_Quantity.quantity>176.121747</out_Quantity.quantity></Point><Point><position>10010</position><in_Quantity.quantity>0.000000</in_Quantity.quantity><out_Quantity.quantity>625.305448</out_Quantity.quantity></Point><Point><position>10011</position><in_Quantity.quantity>0.000000</in_Quantity.quantity><out_Quantity.quantity>827.685604</out_Quantity.quantity></Point><Point><position>10012</position><in_Quantity.quantity>0.000000</in_Quantity.quantity><out_Quantity.quantity>362.528845</out_Quantity.quantity></Point><Point><position>10013</position><in_Quantity.quantity>0.000000</in_Quantity.quantity><out_Quantity.quantity>0.305930</out_Quantity.quantity></Point><Point><position>10014</position><in_Quantity.quantity>0.000000</in_Quantity.quantity><out_Quantity.quantity>298.236755</out_Quantity.quantity></Point><Point><position>10015</position><in_Quantity.quantity>0.000000</in_Quantity.quantity><out_Quantity.quantity>215.162413</out_Quantity.quantity></Point><Point><position>10016</position><in_Quantity.quantity>0.000000</in_Quantity.quantity><out_Quantity.quantity>665.591564</out_Quantity.quantity></Point><Point><position>10017</position><in_Quantity.quantity>0.000000</in_Quantity.quantity><out_Quantity.quantity>964.416436</out_Quantity.quantity></Point><Point><position>10018</position><in_Quantity.quantity>0.000000</in_Quantity.quantity><out_Quantity.quantity>852.187973</out_Quantity.quantity></Point><Point><position>10019</position><in_Quantity.quantity>0.000000</in_Quantity.quantity><out_Quantity.quantity>90.772137</out_Quantity.quantity></Point><Point><position>10020</position><in_Quantity.quantity>0.000000</in_Quantity.quantity><out_Quantity.quantity>648.769470</out_Quantity.quantity></Point><Point><position>10021</position><in_Quantity.quantity>0.000000</in_Quantity.quantity><out_Quantity.quantity>66.033562</out_Quantity.quantity></Point><Point><position>10022</position><in_Quantity.quantity>0.000000</in_Quantity.quantity><out_Quantity.quantity>138.866491</out_Quantity.quantity></Point><Point><position>10023</position><in_Quantity.quantity>0.000000</in_Quantity.quantity><out_Quantity.quantity>39.670593</out_Quantity.quantity></Point><Point><position>10024</position><in_Quantity.quantity>0.000000</in_Quantity.quantity><out_Quantity.quantity>376.482898</out_Quantity.quantity></Point><Point><position>10025</position><in_Quantity.quantity>0.000000</in_Quantity.quantity><out_Quantity.quantity>981.519840</out_Quantity.quantity></Point><Point><position>10026</position><in_Quantity.quantity>0.000000</in_Quantity.quantity><out_Quantity.quantity>950.584533</out_Quantity.quantity></Point><Point><position>10027</position><in_Quantity.quantity>0.000000</in_Quantity.quantity><out_Quantity.quantity>428.016877</out_Quantity.quantity></Point><Point><position>10028</position><in_Quantity.quantity>0.000000</in_Quantity.quantity><out_Quantity.quantity>926.541866</out_Quantity.quantity></Point><Point><position>10029</position><in_Quantity.quantity>0.000000</in_Quantity.quantity><out_Quantity.quantity>985.309260</out_Quantity.quantity></Point><Point><position>10030</position><in_Quantity.quantity>0.000000</in_Quantity.quantity><out_Quantity.quantity>677.742618</out_Quantity.quantity></Point><Point><position>10031</position><in_Quantity.quantity>0.000000</in_Quantity.quantity><out_Quantity.quantity>976.694698</out_Quantity.quantity></Point><Point><position>10032</position><in_Quantity.quantity>0.000000</in_Quantity.quantity><out_Quantity.quantity>653.317484</out_Quantity.quantity></Point><Point><position>10033</position><in_Quantity.quantity>0.000000</in_Quantity.quantity><out_Quantity.quantity>684.403592</out_Quantity.quantity></Point><Point><position>10034</position><in_Quantity.quantity>0.000000</in_Quantity.quantity><out_Quantity.quantity>966.870687</out_Quantity.quantity></Point><Point><position>10035</position><in_Quantity.quantity>0.000000</in_Quantity.quantity><out_Quantity.quantity>998.857680</out_Quantity.quantity></Point><Point><position>10036</position><in_Quantity.quantity>0.000000</in_Quantity.quantity><out_Quantity.quantity>394.536723</out_Quantity.quantity></Point><Point><position>10037</position><in_Quantity.quantity>0.000000</in_Quantity.quantity><out_Quantity.quantity>273.629927</out_Quantity.quantity></Point><Point><position>10038</position><in_Quantity.quantity>0.000000</in_Quantity.quantity><out_Quantity.quantity>983.893449</out_Quantity.quantity></Point><Point><position>10039</position><in_Quantity.quantity>0.000000</in_Quantity.quantity><out_Quantity.quantity>329.852216</out_Quantity.quantity></Point><Point><position>10040</position><in_Quantity.quantity>0.000000</in_Quantity.quantity><out_Quantity.quantity>557.168190</out_Quantity.quantity></Point><Point><position>10041</position><in_Quantity.quantity>0.000000</in_Quantity.quantity><out_Quantity.quantity>188.309431</out_Quantity.quantity></Point><Point><position>10042</position><in_Quantity.quantity>0.000000</in_Quantity.quantity><out_Quantity.quantity>337.144227</out_Quantity.quantity></Point><Point><position>10043</position><in_Quantity.quantity>0.000000</in_Quantity.quantity><out_Quantity.quantity>43.729247</out_Quantity.quantity></Point><Point><position>10044</position><in_Quantity.quantity>0.000000</in_Quantity.quantity><out_Quantity.quantity>504.604321</out_Quantity.quantity></Point><Point><position>10045</position><in_Quantity.quantity>0.000000</in_Quantity.quantity><out_Quantity.quantity>925.558355</out_Quantity.quantity></Point><Point><position>10046</position><in_Quantity.quantity>0.000000</in_Quantity.quantity><out_Quantity.quantity>848.311985</out_Quantity.quantity></Point><Point><position>10047</position><in_Quantity.quantity>0.000000</in_Quantity.quantity><out_Quantity.quantity>165.243921</out_Quantity.quantity></Point><Point><position>10048</position><in_Quantity.quantity>0.000000</in_Quantity.quantity><out_Quantity.quantity>663.920652</out_Quantity.quantity></Point><Point><position>10049</position><in_Quantity.quantity>0.000000</in_Quantity.quantity><out_Quantity.quantity>769.681582</out_Quantity.quantity></Point><Point><position>10050</position><in_Quantity.quantity>0.000000</in_Quantity.quantity><out_Quantity.quantity>574.489756</out_Quantity.quantity></Point><Point><position>10051</position><in_Quantity.quantity>0.000000</in_Quantity.quantity><out_Quantity.quantity>603.966167</out_Quantity.quantity></Point><Point><position>10052</position><in_Quantity.quantity>0.000000</in_Quantity.quantity><out_Quantity.quantity>297.857110</out_Quantity.quantity></Point><Point><position>10053</position><in_Quantity.quantity>0.000000</in_Quantity.quantity><out_Quantity.quantity>738.798619</out_Quantity.quantity></Point><Point><position>10054</position><in_Quantity.quantity>0.000000</in_Quantity.quantity><out_Quantity.quantity>346.655866</out_Quantity.quantity></Point><Point><position>10055</position><in_Quantity.quantity>0.000000</in_Quantity.quantity><out_Quantity.quantity>640.088227</out_Quantity.quantity></Point><Point><position>10056</position><in_Quantity.quantity>0.000000</in_Quantity.quantity><out_Quantity.quantity>172.640206</out_Quantity.quantity></Point><Point><position>10057</position><in_Quantity.quantity>0.000000</in_Quantity.quantity><out_Quantity.quantity>221.713684</out_Quantity.quantity></Point><Point><position>10058</position><in_Quantity.quantity>0.000000</in_Quantity.quantity><out_Quantity.quantity>127.197623</out_Quantity.quantity></Point><Point><position>10059</position><in_Quantity.quantity>0.000000</in_Quantity.quantity><out_Quantity.quantity>361.214728</out_Quantity.quantity></Point><Point><position>10060</position><in_Quantity.quantity>0.000000</in_Quantity.quantity><out_Quantity.quantity>638.393232</out_Quantity.quantity></Point><Point><position>10061</position><in_Quantity.quantity>0.000000</in_Quantity.quantity><out_Quantity.quantity>604.675384</out_Quantity.quantity></Point><Point><position>10062</position><in_Quantity.quantity>0.000000</in_Quantity.quantity><out_Quantity.quantity>710.794183</out_Quantity.quantity></Point><Point><position>10063</position><in_Quantity.quantity>0.000000</in_Quantity.quantity><out_Quantity.quantity>987.334976</out_Quantity.quantity></Point><Point><position>10064</position><in_Quantity.quantity>0.000000</in_Quantity.quantity><out_Quantity.quantity>985.645102</out_Quantity.quantity></Point><Point><position>10065</position><in_Quantity.quantity>0.000000</in_Quantity.quantity><out_Quantity.quantity>881.540099</out_Quantity.quantity></Point><Point><position>10066</position><in_Quantity.quantity>0.000000</in_Quantity.quantity><out_Quantity.quantity>35.515505</out_Quantity.quantity></Point><Point><position>10067</position><in_Quantity.quantity>0.000000</in_Quantity.quantity><out_Quantity.quantity>254.147588</out_Quantity.quantity></Point><Point><position>10068</position><in_Quantity.quantity>0.000000</in_Quantity.quantity><out_Quantity.quantity>419.782556</out_Quantity.quantity></Point><Point><position>10069</position><in_Quantity.quantity>0.000000</in_Quantity.quantity><out_Quantity.quantity>901.674472</out_Quantity.quantity></Point><Point><position>10070</position><in_Quantity.quantity>0.000000</in_Quantity.quantity><out_Quantity.quantity>720.034875</out_Quantity.quantity></Point><Point><position>10071</position><in_Quantity.quantity>0.000000</in_Quantity.quantity><out_Quantity.quantity>256.749608</out_Quantity.quantity></Point><Point><position>10072</position><in_Quantity.quantity>0.000000</in_Quantity.quantity><out_Quantity.quantity>367.835751</out_Quantity.quantity></Point><Point><position>10073</position><in_Quantity.quantity>0.000000</in_Quantity.quantity><out_Quantity.quantity>41.525055</out_Quantity.quantity></Point><Point><position>10074</position><in_Quantity.quantity>0.000000</in_Quantity.quantity><out_Quantity.quantity>608.876062</out_Quantity.quantity></Point><Point><position>10075</position><in_Quantity.quantity>0.000000</in_Quantity.quantity><out_Quantity.quantity>197.814198</out_Quantity.quantity></Point><Point><position>10076</position><in_Quantity.quantity>0.000000</in_Quantity.quantity><out_Quantity.quantity>963.191908</out_Quantity.quantity></Point><Point><position>10077</position><in_Quantity.quantity>0.000000</in_Quantity.quantity><out_Quantity.quantity>537.808038</out_Quantity.quantity></Point><Point><position>10078</position><in_Quantity.quantity>0.000000</in_Quantity.quantity><out_Quantity.quantity>843.031684</out_Quantity.quantity></Point><Point><position>10079</position><in_Quantity.quantity>0.000000</in_Quantity.quantity><out_Quantity.quantity>555.608777</out_Quantity.quantity></Point><Point><position>10080</position><in_Quantity.quantity>0.000000</in_Quantity.quantity><out_Quantity.quantity>822.788705</out_Quantity.quantity></Point><Point><position>10081</position><in_Quantity.quantity>0.000000</in_Quantity.quantity><out_Quantity.quantity>229.955854</out_Quantity.quantity></Point><Point><position>10082</position><in_Quantity.quantity>0.000000</in_Quantity.quantity><out_Quantity.quantity>105.466041</out_Quantity.quantity></Point><Point><position>10083</position><in_Quantity.quantity>0.000000</in_Quantity.quantity><out_Quantity.quantity>19.719268</out_Quantity.quantity></Point><Point><position>10084</position><in_Quantity.quantity>0.000000</in_Quantity.quantity><out_Quantity.quantity>228.938861</out_Quantity.quantity></Point><Point><position>10085</position><in_Quantity.quantity>0.000000</in_Quantity.quantity><out_Quantity.quantity>998.707072</out_Quantity.quantity></Point><Point><position>10086</position><in_Quantity.quantity>0.000000</in_Quantity.quantity><out_Quantity.quantity>987.277146</out_Quantity.quantity></Point><Point><position>10087</position><in_Quantity.quantity>0.000000</in_Quantity.quantity><out_Quantity.quantity>365.373029</out_Quantity.quantity></Point><Point><position>10088</position><in_Quantity.quantity>0.000000</in_Quantity.quantity><out_Quantity.quantity>508.694704</out_Quantity.quantity></Point><Point><position>10089</position><in_Quantity.quantity>0.000000</in_Quantity.quantity><out_Quantity.quantity>716.728087</out_Quantity.quantity></Point><Point><position>10090</position><in_Quantity.quantity>0.000000</in_Quantity.quantity><out_Quantity.quantity>247.416894</out_Quantity.quantity></Point><Point><position>10091</position><in_Quantity.quantity>0.000000</in_Quantity.quantity><out_Quantity.quantity>967.871896</out_Quantity.quantity></Point><Point><position>10092</position><in_Quantity.quantity>0.000000</in_Quantity.quantity><out_Quantity.quantity>719.847363</out_Quantity.quantity></Point><Point><position>10093</position><in_Quantity.quantity>0.000000</in_Quantity.quantity><out_Quantity.quantity>433.123310</out_Quantity.quantity></Point><Point><position>10094</position><in_Quantity.quantity>0.000000</in_Quantity.quantity><out_Quantity.quantity>749.858660</out_Quantity.quantity></Point><Point><position>10095</position><in_Quantity.quantity>0.000000</in_Quantity.quantity><out_Quantity.quantity>31.541280</out_Quantity.quantity></Point><Point><position>10096</position><in_Quantity.quantity>0.000000</in_Quantity.quantity><out_Quantity.quantity>389.739946</out_Quantity.quantity></Point><Point><position>10097</position><in_Quantity.quantity>0.000000</in_Quantity.quantity><out_Quantity.quantity>362.473138</out_Quantity.quantity></Point><Point><position>10098</position><in_Quantity.quantity>0.000000</in_Quantity.quantity><out_Quantity.quantity>246.241481</out_Quantity.quantity></Point><Point><position>10099</position><in_Quantity.quantity>0.000000</in_Quantity.quantity><out_Quantity.quantity>522.478123</out_Quantity.quantity></Point><Point><position>10100</position><in_Quantity.quantity>0.000000</in_Quantity.quantity><out_Quantity.quantity>556.495056</out_Quantity.quantity></Point><Point><position>10101</position><in_Quantity.quantity>0.000000</in_Quantity.quantity><out_Quantity.quantity>711.002971</out_Quantity.quantity></Point><Point><position>10102</position><in_Quantity.quantity>0.000000</in_Quantity.quantity><out_Quantity.quantity>384.272464</out_Quantity.quantity></Point><Point><position>10103</position><in_Quantity.quantity>0.000000</in_Quantity.quantity><out_Quantity.quantity>747.838490</out_Quantity.quantity></Point><Point><position>10104</position><in_Quantity.quantity>0.000000</in_Quantity.quantity><out_Quantity.quantity>775.911147</out_Quantity.quantity></Point><Point><position>10105</position><in_Quantity.quantity>0.000000</in_Quantity.quantity><out_Quantity.quantity>411.684909</out_Quantity.quantity></Point><Point><position>10106</position><in_Quantity.quantity>0.000000</in_Quantity.quantity><out_Quantity.quantity>147.625946</out_Quantity.quantity></Point><Point><position>10107</position><in_Quantity.quantity>0.000000</in_Quantity.quantity><out_Quantity.quantity>602.942443</out_Quantity.quantity></Point><Point><position>10108</position><in_Quantity.quantity>0.000000</in_Quantity.quantity><out_Quantity.quantity>575.880548</out_Quantity.quantity></Point><Point><position>10109</position><in_Quantity.quantity>0.000000</in_Quantity.quantity><out_Quantity.quantity>520.040566</out_Quantity.quantity></Point><Point><position>10110</position><in_Quantity.quantity>0.000000</in_Quantity.quantity><out_Quantity.quantity>901.460941</out_Quantity.quantity></Point><Point><position>10111</position><in_Quantity.quantity>0.000000</in_Quantity.quantity><out_Quantity.quantity>787.411178</out_Quantity.quantity></Point><Point><position>10112</position><in_Quantity.quantity>0.000000</in_Quantity.quantity><out_Quantity.quantity>936.340100</out_Quantity.quantity></Point><Point><position>10113</position><in_Quantity.quantity>0.000000</in_Quantity.quantity><out_Quantity.quantity>518.974087</out_Quantity.quantity></Point><Point><position>10114</position><in_Quantity.quantity>0.000000</in_Quantity.quantity><out_Quantity.quantity>977.553566</out_Quantity.quantity></Point><Point><position>10115</position><in_Quantity.quantity>0.000000</in_Quantity.quantity><out_Quantity.quantity>907.007887</out_Quantity.quantity></Point><Point><position>10116</position><in_Quantity.quantity>0.000000</in_Quantity.quantity><out_Quantity.quantity>296.910331</out_Quantity.quantity></Point><Point><position>10117</position><in_Quantity.quantity>0.000000</in_Quantity.quantity><out_Quantity.quantity>377.623926</out_Quantity.quantity></Point><Point><position>10118</position><in_Quantity.quantity>0.000000</in_Quantity.quantity><out_Quantity.quantity>961.697854</out_Quantity.quantity></Point><Point><position>10119</position><in_Quantity.quantity>0.000000</in_Quantity.quantity><out_Quantity.quantity>878.215651</out_Quantity.quantity></Point><Point><position>10120</position><in_Quantity.quantity>0.000000</in_Quantity.quantity><out_Quantity.quantity>110.180804</out_Quantity.quantity></Point><Point><position>10121</position><in_Quantity.quantity>0.000000</in_Quantity.quantity><out_Quantity.quantity>207.006213</out_Quantity.quantity></Point><Point><position>10122</position><in_Quantity.quantity>0.000000</in_Quantity.quantity><out_Quantity.quantity>485.067390</out_Quantity.quantity></Point><Point><position>10123</position><in_Quantity.quantity>0.000000</in_Quantity.quantity><out_Quantity.quantity>376.587077</out_Quantity.quantity></Point><Point><position>10124</position><in_Quantity.quantity>0.000000</in_Quantity.quantity><out_Quantity.quantity>5.141549</out_Quantity.quantity></Point><Point><position>10125</position><in_Quantity.quantity>0.000000</in_Quantity.quantity><out_Quantity.quantity>147.091244</out_Quantity.quantity></Point><Point><position>10126</position><in_Quantity.quantity>0.000000</in_Quantity.quantity><out_Quantity.quantity>884.708930</out_Quantity.quantity></Point><Point><position>10127</position><in_Quantity.quantity>0.000000</in_Quantity.quantity><out_Quantity.quantity>473.847486</out_Quantity.quantity></Point><Point><position>10128</position><in_Quantity.quantity>0.000000</in_Quantity.quantity><out_Quantity.quantity>203.401712</out_Quantity.quantity></Point><Point><position>10129</position><in_Quantity.quantity>0.000000</in_Quantity.quantity><out_Quantity.quantity>787.896554</out_Quantity.quantity></Point><Point><position>10130</position><in_Quantity.quantity>0.000000</in_Quantity.quantity><out_Quantity.quantity>446.834655</out_Quantity.quantity></Point><Point><position>10131</position><in_Quantity.quantity>0.000000</in_Quantity.quantity><out_Quantity.quantity>10.927286</out_Quantity.quantity></Point><Point><position>10132</position><in_Quantity.quantity>0.000000</in_Quantity.quantity><out_Quantity.quantity>456.955726</out_Quantity.quantity></Point><Point><position>10133</position><in_Quantity.quantity>0.000000</in_Quantity.quantity><out_Quantity.quantity>296.438208</out_Quantity.quantity></Point><Point><position>10134</position><in_Quantity.quantity>0.000000</in_Quantity.quantity><out_Quantity.quantity>277.312473</out_Quantity.quantity></Point><Point><position>10135</position><in_Quantity.quantity>0.000000</in_Quantity.quantity><out_Quantity.quantity>759.399925</out_Quantity.quantity></Point><Point><position>10136</position><in_Quantity.quantity>0.000000</in_Quantity.quantity><out_Quantity.quantity>967.548677</out_Quantity.quantity></Point><Point><position>10137</position><in_Quantity.quantity>0.000000</in_Quantity.quantity><out_Quantity.quantity>285.558754</out_Quantity.quantity></Point><Point><position>10138</position><in_Quantity.quantity>0.000000</in_Quantity.quantity><out_Quantity.quantity>65.300788</out_Quantity.quantity></Point><Point><position>10139</position><in_Quantity.quantity>0.000000</in_Quantity.quantity><out_Quantity.quantity>135.782732</out_Quantity.quantity></Point><Point><position>10140</position><in_Quantity.quantity>0.000000</in_Quantity.quantity><out_Quantity.quantity>373.156930</out_Quantity.quantity></Point><Point><position>10141</position><in_Quantity.quantity>0.000000</in_Quantity.quantity><out_Quantity.quantity>249.961401</out_Quantity.quantity></Point><Point><position>10142</position><in_Quantity.quantity>0.000000</in_Quantity.quantity><out_Quantity.quantity>258.389455</out_Quantity.quantity></Point><Point><position>10143</position><in_Quantity.quantity>0.000000</in_Quantity.quantity><out_Quantity.quantity>255.739017</out_Quantity.quantity></Point><Point><position>10144</position><in_Quantity.quantity>0.000000</in_Quantity.quantity><out_Quantity.quantity>478.504237</out_Quantity.quantity></Point><Point><position>10145</position><in_Quantity.quantity>0.000000</in_Quantity.quantity><out_Quantity.quantity>837.474106</out_Quantity.quantity></Point><Point><position>10146</position><in_Quantity.quantity>0.000000</in_Quantity.quantity><out_Quantity.quantity>421.358037</out_Quantity.quantity></Point><Point><position>10147</position><in_Quantity.quantity>0.000000</in_Quantity.quantity><out_Quantity.quantity>71.431764</out_Quantity.quantity></Point><Point><position>10148</position><in_Quantity.quantity>0.000000</in_Quantity.quantity><out_Quantity.quantity>676.713165</out_Quantity.quantity></Point><Point><position>10149</position><in_Quantity.quantity>0.000000</in_Quantity.quantity><out_Quantity.quantity>633.172180</out_Quantity.quantity></Point><Point><position>10150</position><in_Quantity.quantity>0.000000</in_Quantity.quantity><out_Quantity.quantity>264.990486</out_Quantity.quantity></Point><Point><position>10151</position><in_Quantity.quantity>0.000000</in_Quantity.quantity><out_Quantity.quantity>340.733301</out_Quantity.quantity></Point><Point><position>10152</position><in_Quantity.quantity>0.000000</in_Quantity.quantity><out_Quantity.quantity>379.353771</out_Quantity.quantity></Point><Point><position>10153</position><in_Quantity.quantity>0.000000</in_Quantity.quantity><out_Quantity.quantity>780.021671</out_Quantity.quantity></Point><Point><position>10154</position><in_Quantity.quantity>0.000000</in_Quantity.quantity><out_Quantity.quantity>588.004832</out_Quantity.quantity></Point><Point><position>10155</position><in_Quantity.quantity>0.000000</in_Quantity.quantity><out_Quantity.quantity>803.538378</out_Quantity.quantity></Point><Point><position>10156</position><in_Quantity.quantity>0.000000</in_Quantity.quantity><out_Quantity.quantity>136.341202</out_Quantity.quantity></Point><Point><position>10157</position><in_Quantity.quantity>0.000000</in_Quantity.quantity><out_Quantity.quantity>953.631614</out_Quantity.quantity></Point><Point><position>10158</position><in_Quantity.quantity>0.000000</in_Quantity.quantity><out_Quantity.quantity>359.186388</out_Quantity.quantity></Point><Point><position>10159</position><in_Quantity.quantity>0.000000</in_Quantity.quantity><out_Quantity.quantity>159.703699</out_Quantity.quantity></Point><Point><position>10160</position><in_Quantity.quantity>0.000000</in_Quantity.quantity><out_Quantity.quantity>916.768841</out_Quantity.quantity></Point><Point><position>10161</position><in_Quantity.quantity>0.000000</in_Quantity.quantity><out_Quantity.quantity>251.725510</out_Quantity.quantity></Point><Point><position>10162</position><in_Quantity.quantity>0.000000</in_Quantity.quantity><out_Quantity.quantity>123.110809</out_Quantity.quantity></Point><Point><position>10163</position><in_Quantity.quantity>0.000000</in_Quantity.quantity><out_Quantity.quantity>362.028192</out_Quantity.quantity></Point><Point><position>10164</position><in_Quantity.quantity>0.000000</in_Quantity.quantity><out_Quantity.quantity>455.143366</out_Quantity.quantity></Point><Point><position>10165</position><in_Quantity.quantity>0.000000</in_Quantity.quantity><out_Quantity.quantity>142.138213</out_Quantity.quantity></Point><Point><position>10166</position><in_Quantity.quantity>0.000000</in_Quantity.quantity><out_Quantity.quantity>357.571883</out_Quantity.quantity></Point><Point><position>10167</position><in_Quantity.quantity>0.000000</in_Quantity.quantity><out_Quantity.quantity>120.552407</out_Quantity.quantity></Point><Point><position>10168</position><in_Quantity.quantity>0.000000</in_Quantity.quantity><out_Quantity.quantity>749.692004</out_Quantity.quantity></Point><Point><position>10169</position><in_Quantity.quantity>0.000000</in_Quantity.quantity><out_Quantity.quantity>698.467515</out_Quantity.quantity></Point><Point><position>10170</position><in_Quantity.quantity>0.000000</in_Quantity.quantity><out_Quantity.quantity>331.495533</out_Quantity.quantity></Point><Point><position>10171</position><in_Quantity.quantity>0.000000</in_Quantity.quantity><out_Quantity.quantity>377.363368</out_Quantity.quantity></Point><Point><position>10172</position><in_Quantity.quantity>0.000000</in_Quantity.quantity><out_Quantity.quantity>799.069671</out_Quantity.quantity></Point><Point><position>10173</position><in_Quantity.quantity>0.000000</in_Quantity.quantity><out_Quantity.quantity>835.654022</out_Quantity.quantity></Point><Point><position>10174</position><in_Quantity.quantity>0.000000</in_Quantity.quantity><out_Quantity.quantity>628.015736</out_Quantity.quantity></Point><Point><position>10175</position><in_Quantity.quantity>0.000000</in_Quantity.quantity><out_Quantity.quantity>188.312218</out_Quantity.quantity></Point><Point><position>10176</position><in_Quantity.quantity>0.000000</in_Quantity.quantity><out_Quantity.quantity>400.612190</out_Quantity.quantity></Point><Point><position>10177</position><in_Quantity.quantity>0.000000</in_Quantity.quantity><out_Quantity.quantity>533.303841</out_Quantity.quantity></Point><Point><position>10178</position><in_Quantity.quantity>0.000000</in_Quantity.quantity><out_Quantity.quantity>199.273348</out_Quantity.quantity></Point><Point><position>10179</position><in_Quantity.quantity>0.000000</in_Quantity.quantity><out_Quantity.quantity>435.925837</out_Quantity.quantity></Point><Point><position>10180</position><in_Quantity.quantity>0.000000</in_Quantity.quantity><out_Quantity.quantity>614.337364</out_Quantity.quantity></Point><Point><position>10181</position><in_Quantity.quantity>0.000000</in_Quantity.quantity><out_Quantity.quantity>165.168397</out_Quantity.quantity></Point><Point><position>10182</position><in_Quantity.quantity>0.000000</in_Quantity.quantity><out_Quantity.quantity>223.525617</out_Quantity.quantity></Point><Point><position>10183</position><in_Quantity.quantity>0.000000</in_Quantity.quantity><out_Quantity.quantity>135.055289</out_Quantity.quantity></Point><Point><position>10184</position><in_Quantity.quantity>0.000000</in_Quantity.quantity><out_Quantity.quantity>243.432125</out_Quantity.quantity></Point><Point><position>10185</position><in_Quantity.quantity>0.000000</in_Quantity.quantity><out_Quantity.quantity>869.864901</out_Quantity.quantity></Point><Point><position>10186</position><in_Quantity.quantity>0.000000</in_Quantity.quantity><out_Quantity.quantity>632.557270</out_Quantity.quantity></Point><Point><position>10187</position><in_Quantity.quantity>0.000000</in_Quantity.quantity><out_Quantity.quantity>968.119697</out_Quantity.quantity></Point><Point><position>10188</position><in_Quantity.quantity>0.000000</in_Quantity.quantity><out_Quantity.quantity>682.963776</out_Quantity.quantity></Point><Point><position>10189</position><in_Quantity.quantity>0.000000</in_Quantity.quantity><out_Quantity.quantity>143.697175</out_Quantity.quantity></Point><Point><position>10190</position><in_Quantity.quantity>0.000000</in_Quantity.quantity><out_Quantity.quantity>340.898297</out_Quantity.quantity></Point><Point><position>10191</position><in_Quantity.quantity>0.000000</in_Quantity.quantity><out_Quantity.quantity>632.939440</out_Quantity.quantity></Point><Point><position>10192</position><in_Quantity.quantity>0.000000</in_Quantity.quantity><out_Quantity.quantity>983.748071</out_Quantity.quantity></Point><Point><position>10193</position><in_Quantity.quantity>0.000000</in_Quantity.quantity><out_Quantity.quantity>839.791515</out_Quantity.quantity></Point><Point><position>10194</position><in_Quantity.quantity>0.000000</in_Quantity.quantity><out_Quantity.quantity>737.795847</out_Quantity.quantity></Point><Point><position>10195</position><in_Quantity.quantity>0.000000</in_Quantity.quantity><out_Quantity.quantity>856.814908</out_Quantity.quantity></Point><Point><position>10196</position><in_Quantity.quantity>0.000000</in_Quantity.quantity><out_Quantity.quantity>27.641086</out_Quantity.quantity></Point><Point><position>10197</position><in_Quantity.quantity>0.000000</in_Quantity.quantity><out_Quantity.quantity>682.697132</out_Quantity.quantity></Point><Point><position>10198</position><in_Quantity.quantity>0.000000</in_Quantity.quantity><out_Quantity.quantity>620.796743</out_Quantity.quantity></Point><Point><position>10199</position><in_Quantity.quantity>0.000000</in_Quantity.quantity><out_Quantity.quantity>897.716392</out_Quantity.quantity></Point><Point><position>10200</position><in_Quantity.quantity>0.000000</in_Quantity.quantity><out_Quantity.quantity>732.012561</out_Quantity.quantity></Point><Point><position>10201</position><in_Quantity.quantity>0.000000</in_Quantity.quantity><out_Quantity.quantity>832.296130</out_Quantity.quantity></Point><Point><position>10202</position><in_Quantity.quantity>0.000000</in_Quantity.quantity><out_Quantity.quantity>356.766777</out_Quantity.quantity></Point><Point><position>10203</position><in_Quantity.quantity>0.000000</in_Quantity.quantity><out_Quantity.quantity>514.097053</out_Quantity.quantity></Point><Point><position>10204</position><in_Quantity.quantity>0.000000</in_Quantity.quantity><out_Quantity.quantity>2.851267</out_Quantity.quantity></Point><Point><position>10205</position><in_Quantity.quantity>0.000000</in_Quantity.quantity><out_Quantity.quantity>303.838241</out_Quantity.quantity></Point><Point><position>10206</position><in_Quantity.quantity>0.000000</in_Quantity.quantity><out_Quantity.quantity>631.055064</out_Quantity.quantity></Point><Point><position>10207</position><in_Quantity.quantity>0.000000</in_Quantity.quantity><out_Quantity.quantity>834.364596</out_Quantity.quantity></Point><Point><position>10208</position><in_Quantity.quantity>0.000000</in_Quantity.quantity><out_Quantity.quantity>956.062185</out_Quantity.quantity></Point><Point><position>10209</position><in_Quantity.quantity>0.000000</in_Quantity.quantity><out_Quantity.quantity>31.173784</out_Quantity.quantity></Point><Point><position>10210</position><in_Quantity.quantity>0.000000</in_Quantity.quantity><out_Quantity.quantity>694.035206</out_Quantity.quantity></Point><Point><position>10211</position><in_Quantity.quantity>0.000000</in_Quantity.quantity><out_Quantity.quantity>555.116674</out_Quantity.quantity></Point><Point><position>10212</position><in_Quantity.quantity>0.000000</in_Quantity.quantity><out_Quantity.quantity>340.620372</out_Quantity.quantity></Point><Point><position>10213</position><in_Quantity.quantity>0.000000</in_Quantity.quantity><out_Quantity.quantity>741.555157</out_Quantity.quantity></Point><Point><position>10214</position><in_Quantity.quantity>0.000000</in_Quantity.quantity><out_Quantity.quantity>285.024850</out_Quantity.quantity></Point><Point><position>10215</position><in_Quantity.quantity>0.000000</in_Quantity.quantity><out_Quantity.quantity>581.813321</out_Quantity.quantity></Point><Point><position>10216</position><in_Quantity.quantity>0.000000</in_Quantity.quantity><out_Quantity.quantity>617.237344</out_Quantity.quantity></Point><Point><position>10217</position><in_Quantity.quantity>0.000000</in_Quantity.quantity><out_Quantity.quantity>681.437811</out_Quantity.quantity></Point><Point><position>10218</position><in_Quantity.quantity>0.000000</in_Quantity.quantity><out_Quantity.quantity>626.899117</out_Quantity.quantity></Point><Point><position>10219</position><in_Quantity.quantity>0.000000</in_Quantity.quantity><out_Quantity.quantity>762.636807</out_Quantity.quantity></Point><Point><position>10220</position><in_Quantity.quantity>0.000000</in_Quantity.quantity><out_Quantity.quantity>592.807910</out_Quantity.quantity></Point><Point><position>10221</position><in_Quantity.quantity>0.000000</in_Quantity.quantity><out_Quantity.quantity>374.692142</out_Quantity.quantity></Point><Point><position>10222</position><in_Quantity.quantity>0.000000</in_Quantity.quantity><out_Quantity.quantity>914.149241</out_Quantity.quantity></Point><Point><position>10223</position><in_Quantity.quantity>0.000000</in_Quantity.quantity><out_Quantity.quantity>364.176321</out_Quantity.quantity></Point><Point><position>10224</position><in_Quantity.quantity>0.000000</in_Quantity.quantity><out_Quantity.quantity>742.696120</out_Quantity.quantity></Point><Point><position>10225</position><in_Quantity.quantity>0.000000</in_Quantity.quantity><out_Quantity.quantity>445.585255</out_Quantity.quantity></Point><Point><position>10226</position><in_Quantity.quantity>0.000000</in_Quantity.quantity><out_Quantity.quantity>257.771225</out_Quantity.quantity></Point><Point><position>10227</position><in_Quantity.quantity>0.000000</in_Quantity.quantity><out_Quantity.quantity>423.323250</out_Quantity.quantity></Point><Point><position>10228</position><in_Quantity.quantity>0.000000</in_Quantity.quantity><out_Quantity.quantity>128.681277</out_Quantity.quantity></Point><Point><position>10229</position><in_Quantity.quantity>0.000000</in_Quantity.quantity><out_Quantity.quantity>84.990160</out_Quantity.quantity></Point><Point><position>10230</position><in_Quantity.quantity>0.000000</in_Quantity.quantity><out_Quantity.quantity>65.336284</out_Quantity.quantity></Point><Point><position>10231</position><in_Quantity.quantity>0.000000</in_Quantity.quantity><out_Quantity.quantity>901.069914</out_Quantity.quantity></Point><Point><position>10232</position><in_Quantity.quantity>0.000000</in_Quantity.quantity><out_Quantity.quantity>892.472215</out_Quantity.quantity></Point><Point><position>10233</position><in_Quantity.quantity>0.000000</in_Quantity.quantity><out_Quantity.quantity>768.367831</out_Quantity.quantity></Point><Point><position>10234</position><in_Quantity.quantity>0.000000</in_Quantity.quantity><out_Quantity.quantity>976.065346</out_Quantity.quantity></Point><Point><position>10235</position><in_Quantity.quantity>0.000000</in_Quantity.quantity><out_Quantity.quantity>373.883440</out_Quantity.quantity></Point><Point><position>10236</position><in_Quantity.quantity>0.000000</in_Quantity.quantity><out_Quantity.quantity>92.075521</out_Quantity.quantity></Point><Point><position>10237</position><in_Quantity.quantity>0.000000</in_Quantity.quantity><out_Quantity.quantity>846.626055</out_Quantity.quantity></Point><Point><position>10238</position><in_Quantity.quantity>0.000000</in_Quantity.quantity><out_Quantity.quantity>508.113960</out_Quantity.quantity></Point><Point><position>10239</position><in_Quantity.quantity>0.000000</in_Quantity.quantity><out_Quantity.quantity>568.678328</out_Quantity.quantity></Point><Point><position>10240</position><in_Quantity.quantity>0.000000</in_Quantity.quantity><out_Quantity.quantity>190.376316</out_Quantity.quantity></Point><Point><position>10241</position><in_Quantity.quantity>0.000000</in_Quantity.quantity><out_Quantity.quantity>205.576208</out_Quantity.quantity></Point><Point><position>10242</position><in_Quantity.quantity>0.000000</in_Quantity.quantity><out_Quantity.quantity>343.704036</out_Quantity.quantity></Point><Point><position>10243</position><in_Quantity.quantity>0.000000</in_Quantity.quantity><out_Quantity.quantity>170.261590</out_Quantity.quantity></Point><Point><position>10244</position><in_Quantity.quantity>0.000000</in_Quantity.quantity><out_Quantity.quantity>722.432312</out_Quantity.quantity></Point><Point><position>10245</position><in_Quantity.quantity>0.000000</in_Quantity.quantity><out_Quantity.quantity>460.373964</out_Quantity.quantity></Point><Point><position>10246</position><in_Quantity.quantity>0.000000</in_Quantity.quantity><out_Quantity.quantity>927.094135</out_Quantity.quantity></Point><Point><position>10247</position><in_Quantity.quantity>0.000000</in_Quantity.quantity><out_Quantity.quantity>106.081561</out_Quantity.quantity></Point><Point><position>10248</position><in_Quantity.quantity>0.000000</in_Quantity.quantity><out_Quantity.quantity>747.502334</out_Quantity.quantity></Point><Point><position>10249</position><in_Quantity.quantity>0.000000</in_Quantity.quantity><out_Quantity.quantity>631.035550</out_Quantity.quantity></Point><Point><position>10250</position><in_Quantity.quantity>0.000000</in_Quantity.quantity><out_Quantity.quantity>820.034935</out_Quantity.quantity></Point><Point><position>10251</position><in_Quantity.quantity>0.000000</in_Quantity.quantity><out_Quantity.quantity>764.915592</out_Quantity.quantity></Point><Point><position>10252</position><in_Quantity.quantity>0.000000</in_Quantity.quantity><out_Quantity.quantity>546.849201</out_Quantity.quantity></Point><Point><position>10253</position><in_Quantity.quantity>0.000000</in_Quantity.quantity><out_Quantity.quantity>857.457138</out_Quantity.quantity></Point><Point><position>10254</position><in_Quantity.quantity>0.000000</in_Quantity.quantity><out_Quantity.quantity>179.605661</out_Quantity.quantity></Point><Point><position>10255</position><in_Quantity.quantity>0.000000</in_Quantity.quantity><out_Quantity.quantity>882.869201</out_Quantity.quantity></Point><Point><position>10256</position><in_Quantity.quantity>0.000000</in_Quantity.quantity><out_Quantity.quantity>876.488452</out_Quantity.quantity></Point><Point><position>10257</position><in_Quantity.quantity>0.000000</in_Quantity.quantity><out_Quantity.quantity>895.555350</out_Quantity.quantity></Point><Point><position>10258</position><in_Quantity.quantity>0.000000</in_Quantity.quantity><out_Quantity.quantity>963.302026</out_Quantity.quantity></Point><Point><position>10259</position><in_Quantity.quantity>0.000000</in_Quantity.quantity><out_Quantity.quantity>672.582549</out_Quantity.quantity></Point><Point><position>10260</position><in_Quantity.quantity>0.000000</in_Quantity.quantity><out_Quantity.quantity>908.928463</out_Quantity.quantity></Point><Point><position>10261</position><in_Quantity.quantity>0.000000</in_Quantity.quantity><out_Quantity.quantity>943.345330</out_Quantity.quantity></Point><Point><position>10262</position><in_Quantity.quantity>0.000000</in_Quantity.quantity><out_Quantity.quantity>108.488859</out_Quantity.quantity></Point><Point><position>10263</position><in_Quantity.quantity>0.000000</in_Quantity.quantity><out_Quantity.quantity>790.752336</out_Quantity.quantity></Point><Point><position>10264</position><in_Quantity.quantity>0.000000</in_Quantity.quantity><out_Quantity.quantity>182.641161</out_Quantity.quantity></Point><Point><position>10265</position><in_Quantity.quantity>0.000000</in_Quantity.quantity><out_Quantity.quantity>522.206229</out_Quantity.quantity></Point><Point><position>10266</position><in_Quantity.quantity>0.000000</in_Quantity.quantity><out_Quantity.quantity>617.942429</out_Quantity.quantity></Point><Point><position>10267</position><in_Quantity.quantity>0.000000</in_Quantity.quantity><out_Quantity.quantity>502.799697</out_Quantity.quantity></Point><Point><position>10268</position><in_Quantity.quantity>0.000000</in_Quantity.quantity><out_Quantity.quantity>850.041698</out_Quantity.quantity></Point><Point><position>10269</position><in_Quantity.quantity>0.000000</in_Quantity.quantity><out_Quantity.quantity>775.419821</out_Quantity.quantity></Point><Point><position>10270</position><in_Quantity.quantity>0.000000</in_Quantity.quantity><out_Quantity.quantity>910.377334</out_Quantity.quantity></Point><Point><position>10271</position><in_Quantity.quantity>0.000000</in_Quantity.quantity><out_Quantity.quantity>255.265412</out_Quantity.quantity></Point><Point><position>10272</position><in_Quantity.quantity>0.000000</in_Quantity.quantity><out_Quantity.quantity>92.379293</out_Quantity.quantity></Point><Point><position>10273</position><in_Quantity.quantity>0.000000</in_Quantity.quantity><out_Quantity.quantity>760.970284</out_Quantity.quantity></Point><Point><position>10274</position><in_Quantity.quantity>0.000000</in_Quantity.quantity><out_Quantity.quantity>346.294472</out_Quantity.quantity></Point><Point><position>10275</position><in_Quantity.quantity>0.000000</in_Quantity.quantity><out_Quantity.quantity>971.149825</out_Quantity.quantity></Point><Point><position>10276</position><in_Quantity.quantity>0.000000</in_Quantity.quantity><out_Quantity.quantity>554.588382</out_Quantity.quantity></Point><Point><position>10277</position><in_Quantity.quantity>0.000000</in_Quantity.quantity><out_Quantity.quantity>737.485584</out_Quantity.quantity></Point><Point><position>10278</position><in_Quantity.quantity>0.000000</in_Quantity.quantity><out_Quantity.quantity>889.941236</out_Quantity.quantity></Point><Point><position>10279</position><in_Quantity.quantity>0.000000</in_Quantity.quantity><out_Quantity.quantity>524.933669</out_Quantity.quantity></Point><Point><position>10280</position><in_Quantity.quantity>0.000000</in_Quantity.quantity><out_Quantity.quantity>361.740555</out_Quantity.quantity></Point><Point><position>10281</position><in_Quantity.quantity>0.000000</in_Quantity.quantity><out_Quantity.quantity>52.878529</out_Quantity.quantity></Point><Point><position>10282</position><in_Quantity.quantity>0.000000</in_Quantity.quantity><out_Quantity.quantity>838.051834</out_Quantity.quantity></Point><Point><position>10283</position><in_Quantity.quantity>0.000000</in_Quantity.quantity><out_Quantity.quantity>862.412184</out_Quantity.quantity></Point><Point><position>10284</position><in_Quantity.quantity>0.000000</in_Quantity.quantity><out_Quantity.quantity>0.745383</out_Quantity.quantity></Point><Point><position>10285</position><in_Quantity.quantity>0.000000</in_Quantity.quantity><out_Quantity.quantity>347.053917</out_Quantity.quantity></Point><Point><position>10286</position><in_Quantity.quantity>0.000000</in_Quantity.quantity><out_Quantity.quantity>436.942000</out_Quantity.quantity></Point><Point><position>10287</position><in_Quantity.quantity>0.000000</in_Quantity.quantity><out_Quantity.quantity>942.054293</out_Quantity.quantity></Point><Point><position>10288</position><in_Quantity.quantity>0.000000</in_Quantity.quantity><out_Quantity.quantity>976.204286</out_Quantity.quantity></Point><Point><position>10289</position><in_Quantity.quantity>0.000000</in_Quantity.quantity><out_Quantity.quantity>404.945588</out_Quantity.quantity></Point><Point><position>10290</position><in_Quantity.quantity>0.000000</in_Quantity.quantity><out_Quantity.quantity>967.981407</out_Quantity.quantity></Point><Point><position>10291</position><in_Quantity.quantity>0.000000</in_Quantity.quantity><out_Quantity.quantity>20.922691</out_Quantity.quantity></Point><Point><position>10292</position><in_Quantity.quantity>0.000000</in_Quantity.quantity><out_Quantity.quantity>671.302834</out_Quantity.quantity></Point><Point><position>10293</position><in_Quantity.quantity>0.000000</in_Quantity.quantity><out_Quantity.quantity>203.750647</out_Quantity.quantity></Point><Point><position>10294</position><in_Quantity.quantity>0.000000</in_Quantity.quantity><out_Quantity.quantity>137.027750</out_Quantity.quantity></Point><Point><position>10295</position><in_Quantity.quantity>0.000000</in_Quantity.quantity><out_Quantity.quantity>319.393027</out_Quantity.quantity></Point><Point><position>10296</position><in_Quantity.quantity>0.000000</in_Quantity.quantity><out_Quantity.quantity>440.835408</out_Quantity.quantity></Point><Point><position>10297</position><in_Quantity.quantity>0.000000</in_Quantity.quantity><out_Quantity.quantity>314.324682</out_Quantity.quantity></Point><Point><position>10298</position><in_Quantity.quantity>0.000000</in_Quantity.quantity><out_Quantity.quantity>457.793561</out_Quantity.quantity></Point><Point><position>10299</position><in_Quantity.quantity>0.000000</in_Quantity.quantity><out_Quantity.quantity>890.644720</out_Quantity.quantity></Point><Point><position>10300</position><in_Quantity.quantity>0.000000</in_Quantity.quantity><out_Quantity.quantity>509.536808</out_Quantity.quantity></Point><Point><position>10301</position><in_Quantity.quantity>0.000000</in_Quantity.quantity><out_Quantity.quantity>427.750134</out_Quantity.quantity></Point><Point><position>10302</position><in_Quantity.quantity>0.000000</in_Quantity.quantity><out_Quantity.quantity>674.887760</out_Quantity.quantity></Point><Point><position>10303</position><in_Quantity.quantity>0.000000</in_Quantity.quantity><out_Quantity.quantity>791.858693</out_Quantity.quantity></Point><Point><position>10304</position><in_Quantity.quantity>0.000000</in_Quantity.quantity><out_Quantity.quantity>854.343723</out_Quantity.quantity></Point><Point><position>10305</position><in_Quantity.quantity>0.000000</in_Quantity.quantity><out_Quantity.quantity>368.191797</out_Quantity.quantity></Point><Point><position>10306</position><in_Quantity.quantity>0.000000</in_Quantity.quantity><out_Quantity.quantity>325.107423</out_Quantity.quantity></Point><Point><position>10307</position><in_Quantity.quantity>0.000000</in_Quantity.quantity><out_Quantity.quantity>158.679526</out_Quantity.quantity></Point><Point><position>10308</position><in_Quantity.quantity>0.000000</in_Quantity.quantity><out_Quantity.quantity>108.557140</out_Quantity.quantity></Point><Point><position>10309</position><in_Quantity.quantity>0.000000</in_Quantity.quantity><out_Quantity.quantity>686.906279</out_Quantity.quantity></Point><Point><position>10310</position><in_Quantity.quantity>0.000000</in_Quantity.quantity><out_Quantity.quantity>464.123220</out_Quantity.quantity></Point><Point><position>10311</position><in_Quantity.quantity>0.000000</in_Quantity.quantity><out_Quantity.quantity>962.829585</out_Quantity.quantity></Point><Point><position>10312</position><in_Quantity.quantity>0.000000</in_Quantity.quantity><out_Quantity.quantity>421.018783</out_Quantity.quantity></Point><Point><position>10313</position><in_Quantity.quantity>0.000000</in_Quantity.quantity><out_Quantity.quantity>994.230341</out_Quantity.quantity></Point><Point><position>10314</position><in_Quantity.quantity>0.000000</in_Quantity.quantity><out_Quantity.quantity>775.225983</out_Quantity.quantity></Point><Point><position>10315</position><in_Quantity.quantity>0.000000</in_Quantity.quantity><out_Quantity.quantity>634.212687</out_Quantity.quantity></Point><Point><position>10316</position><in_Quantity.quantity>0.000000</in_Quantity.quantity><out_Quantity.quantity>586.288788</out_Quantity.quantity></Point><Point><position>10317</position><in_Quantity.quantity>0.000000</in_Quantity.quantity><out_Quantity.quantity>491.870642</out_Quantity.quantity></Point><Point><position>10318</position><in_Quantity.quantity>0.000000</in_Quantity.quantity><out_Quantity.quantity>747.225425</out_Quantity.quantity></Point><Point><position>10319</position><in_Quantity.quantity>0.000000</in_Quantity.quantity><out_Quantity.quantity>829.498554</out_Quantity.quantity></Point><Point><position>10320</position><in_Quantity.quantity>0.000000</in_Quantity.quantity><out_Quantity.quantity>746.956337</out_Quantity.quantity></Point><Point><position>10321</position><in_Quantity.quantity>0.000000</in_Quantity.quantity><out_Quantity.quantity>746.491467</out_Quantity.quantity></Point><Point><position>10322</position><in_Quantity.quantity>0.000000</in_Quantity.quantity><out_Quantity.quantity>129.835735</out_Quantity.quantity></Point><Point><position>10323</position><in_Quantity.quantity>0.000000</in_Quantity.quantity><out_Quantity.quantity>695.970697</out_Quantity.quantity></Point><Point><position>10324</position><in_Quantity.quantity>0.000000</in_Quantity.quantity><out_Quantity.quantity>963.312738</out_Quantity.quantity></Point><Point><position>10325</position><in_Quantity.quantity>0.000000</in_Quantity.quantity><out_Quantity.quantity>310.454708</out_Quantity.quantity></Point><Point><position>10326</position><in_Quantity.quantity>0.000000</in_Quantity.quantity><out_Quantity.quantity>394.894409</out_Quantity.quantity></Point><Point><position>10327</position><in_Quantity.quantity>0.000000</in_Quantity.quantity><out_Quantity.quantity>623.707734</out_Quantity.quantity></Point><Point><position>10328</position><in_Quantity.quantity>0.000000</in_Quantity.quantity><out_Quantity.quantity>0.631423</out_Quantity.quantity></Point><Point><position>10329</position><in_Quantity.quantity>0.000000</in_Quantity.quantity><out_Quantity.quantity>718.861932</out_Quantity.quantity></Point><Point><position>10330</position><in_Quantity.quantity>0.000000</in_Quantity.quantity><out_Quantity.quantity>148.991981</out_Quantity.quantity></Point><Point><position>10331</position><in_Quantity.quantity>0.000000</in_Quantity.quantity><out_Quantity.quantity>763.859835</out_Quantity.quantity></Point><Point><position>10332</position><in_Quantity.quantity>0.000000</in_Quantity.quantity><out_Quantity.quantity>285.117154</out_Quantity.quantity></Point><Point><position>10333</position><in_Quantity.quantity>0.000000</in_Quantity.quantity><out_Quantity.quantity>953.341314</out_Quantity.quantity></Point><Point><position>10334</position><in_Quantity.quantity>0.000000</in_Quantity.quantity><out_Quantity.quantity>625.450683</out_Quantity.quantity></Point><Point><position>10335</position><in_Quantity.quantity>0.000000</in_Quantity.quantity><out_Quantity.quantity>755.619773</out_Quantity.quantity></Point><Point><position>10336</position><in_Quantity.quantity>0.000000</in_Quantity.quantity><out_Quantity.quantity>415.245399</out_Quantity.quantity></Point><Point><position>10337</position><in_Quantity.quantity>0.000000</in_Quantity.quantity><out_Quantity.quantity>42.312734</out_Quantity.quantity></Point><Point><position>10338</position><in_Quantity.quantity>0.000000</in_Quantity.quantity><out_Quantity.quantity>733.479976</out_Quantity.quantity></Point><Point><position>10339</position><in_Quantity.quantity>0.000000</in_Quantity.quantity><out_Quantity.quantity>122.384318</out_Quantity.quantity></Point><Point><position>10340</position><in_Quantity.quantity>0.000000</in_Quantity.quantity><out_Quantity.quantity>411.185089</out_Quantity.quantity></Point><Point><position>10341</position><in_Quantity.quantity>0.000000</in_Quantity.quantity><out_Quantity.quantity>14.280294</out_Quantity.quantity></Point><Point><position>10342</position><in_Quantity.quantity>0.000000</in_Quantity.quantity><out_Quantity.quantity>923.770645</out_Quantity.quantity></Point><Point><position>10343</position><in_Quantity.quantity>0.000000</in_Quantity.quantity><out_Quantity.quantity>848.686658</out_Quantity.quantity></Point><Point><position>10344</position><in_Quantity.quantity>0.000000</in_Quantity.quantity><out_Quantity.quantity>831.668628</out_Quantity.quantity></Point><Point><position>10345</position><in_Quantity.quantity>0.000000</in_Quantity.quantity><out_Quantity.quantity>722.321937</out_Quantity.quantity></Point><Point><position>10346</position><in_Quantity.quantity>0.000000</in_Quantity.quantity><out_Quantity.quantity>969.476457</out_Quantity.quantity></Point><Point><position>10347</position><in_Quantity.quantity>0.000000</in_Quantity.quantity><out_Quantity.quantity>513.899310</out_Quantity.quantity></Point><Point><position>10348</position><in_Quantity.quantity>0.000000</in_Quantity.quantity><out_Quantity.quantity>746.823662</out_Quantity.quantity></Point><Point><position>10349</position><in_Quantity.quantity>0.000000</in_Quantity.quantity><out_Quantity.quantity>132.387888</out_Quantity.quantity></Point><Point><position>10350</position><in_Quantity.quantity>0.000000</in_Quantity.quantity><out_Quantity.quantity>270.227876</out_Quantity.quantity></Point><Point><position>10351</position><in_Quantity.quantity>0.000000</in_Quantity.quantity><out_Quantity.quantity>68.739434</out_Quantity.quantity></Point><Point><position>10352</position><in_Quantity.quantity>0.000000</in_Quantity.quantity><out_Quantity.quantity>294.274557</out_Quantity.quantity></Point><Point><position>10353</position><in_Quantity.quantity>0.000000</in_Quantity.quantity><out_Quantity.quantity>568.402879</out_Quantity.quantity></Point><Point><position>10354</position><in_Quantity.quantity>0.000000</in_Quantity.quantity><out_Quantity.quantity>247.107003</out_Quantity.quantity></Point><Point><position>10355</position><in_Quantity.quantity>0.000000</in_Quantity.quantity><out_Quantity.quantity>91.740700</out_Quantity.quantity></Point><Point><position>10356</position><in_Quantity.quantity>0.000000</in_Quantity.quantity><out_Quantity.quantity>949.457745</out_Quantity.quantity></Point><Point><position>10357</position><in_Quantity.quantity>0.000000</in_Quantity.quantity><out_Quantity.quantity>113.303258</out_Quantity.quantity></Point><Point><position>10358</position><in_Quantity.quantity>0.000000</in_Quantity.quantity><out_Quantity.quantity>131.888614</out_Quantity.quantity></Point><Point><position>10359</position><in_Quantity.quantity>0.000000</in_Quantity.quantity><out_Quantity.quantity>424.896015</out_Quantity.quantity></Point><Point><position>10360</position><in_Quantity.quantity>0.000000</in_Quantity.quantity><out_Quantity.quantity>829.820454</out_Quantity.quantity></Point><Point><position>10361</position><in_Quantity.quantity>0.000000</in_Quantity.quantity><out_Quantity.quantity>395.701471</out_Quantity.quantity></Point><Point><position>10362</position><in_Quantity.quantity>0.000000</in_Quantity.quantity><out_Quantity.quantity>719.460010</out_Quantity.quantity></Point><Point><position>10363</position><in_Quantity.quantity>0.000000</in_Quantity.quantity><out_Quantity.quantity>386.266856</out_Quantity.quantity></Point><Point><position>10364</position><in_Quantity.quantity>0.000000</in_Quantity.quantity><out_Quantity.quantity>89.070095</out_Quantity.quantity></Point><Point><position>10365</position><in_Quantity.quantity>0.000000</in_Quantity.quantity><out_Quantity.quantity>497.965250</out_Quantity.quantity></Point><Point><position>10366</position><in_Quantity.quantity>0.000000</in_Quantity.quantity><out_Quantity.quantity>98.282303</out_Quantity.quantity></Point><Point><position>10367</position><in_Quantity.quantity>0.000000</in_Quantity.quantity><out_Quantity.quantity>651.832713</out_Quantity.quantity></Point><Point><position>10368</position><in_Quantity.quantity>0.000000</in_Quantity.quantity><out_Quantity.quantity>906.078035</out_Quantity.quantity></Point><Point><position>10369</position><in_Quantity.quantity>0.000000</in_Quantity.quantity><out_Quantity.quantity>107.198219</out_Quantity.quantity></Point><Point><position>10370</position><in_Quantity.quantity>0.000000</in_Quantity.quantity><out_Quantity.quantity>708.913933</out_Quantity.quantity></Point><Point><position>10371</position><in_Quantity.quantity>0.000000</in_Quantity.quantity><out_Quantity.quantity>169.780974</out_Quantity.quantity></Point><Point><position>10372</position><in_Quantity.quantity>0.000000</in_Quantity.quantity><out_Quantity.quantity>663.666282</out_Quantity.quantity></Point><Point><position>10373</position><in_Quantity.quantity>0.000000</in_Quantity.quantity><out_Quantity.quantity>769.695967</out_Quantity.quantity></Point><Point><position>10374</position><in_Quantity.quantity>0.000000</in_Quantity.quantity><out_Quantity.quantity>777.622705</out_Quantity.quantity></Point><Point><position>10375</position><in_Quantity.quantity>0.000000</in_Quantity.quantity><out_Quantity.quantity>196.941333</out_Quantity.quantity></Point><Point><position>10376</position><in_Quantity.quantity>0.000000</in_Quantity.quantity><out_Quantity.quantity>22.710947</out_Quantity.quantity></Point><Point><position>10377</position><in_Quantity.quantity>0.000000</in_Quantity.quantity><out_Quantity.quantity>0.984190</out_Quantity.quantity></Point><Point><position>10378</position><in_Quantity.quantity>0.000000</in_Quantity.quantity><out_Quantity.quantity>236.516761</out_Quantity.quantity></Point><Point><position>10379</position><in_Quantity.quantity>0.000000</in_Quantity.quantity><out_Quantity.quantity>915.065817</out_Quantity.quantity></Point><Point><position>10380</position><in_Quantity.quantity>0.000000</in_Quantity.quantity><out_Quantity.quantity>47.456054</out_Quantity.quantity></Point><Point><position>10381</position><in_Quantity.quantity>0.000000</in_Quantity.quantity><out_Quantity.quantity>47.236912</out_Quantity.quantity></Point><Point><position>10382</position><in_Quantity.quantity>0.000000</in_Quantity.quantity><out_Quantity.quantity>346.648964</out_Quantity.quantity></Point><Point><position>10383</position><in_Quantity.quantity>0.000000</in_Quantity.quantity><out_Quantity.quantity>25.183958</out_Quantity.quantity></Point><Point><position>10384</position><in_Quantity.quantity>0.000000</in_Quantity.quantity><out_Quantity.quantity>446.267474</out_Quantity.quantity></Point><Point><position>10385</position><in_Quantity.quantity>0.000000</in_Quantity.quantity><out_Quantity.quantity>589.630579</out_Quantity.quantity></Point><Point><position>10386</position><in_Quantity.quantity>0.000000</in_Quantity.quantity><out_Quantity.quantity>535.475970</out_Quantity.quantity></Point><Point><position>10387</position><in_Quantity.quantity>0.000000</in_Quantity.quantity><out_Quantity.quantity>587.432915</out_Quantity.quantity></Point><Point><position>10388</position><in_Quantity.quantity>0.000000</in_Quantity.quantity><out_Quantity.quantity>598.327256</out_Quantity.quantity></Point><Point><position>10389</position><in_Quantity.quantity>0.000000</in_Quantity.quantity><out_Quantity.quantity>846.720240</out_Quantity.quantity></Point><Point><position>10390</position><in_Quantity.quantity>0.000000</in_Quantity.quantity><out_Quantity.quantity>509.788359</out_Quantity.quantity></Point><Point><position>10391</position><in_Quantity.quantity>0.000000</in_Quantity.quantity><out_Quantity.quantity>299.088498</out_Quantity.quantity></Point><Point><position>10392</position><in_Quantity.quantity>0.000000</in_Quantity.quantity><out_Quantity.quantity>765.196142</out_Quantity.quantity></Point><Point><position>10393</position><in_Quantity.quantity>0.000000</in_Quantity.quantity><out_Quantity.quantity>774.483351</out_Quantity.quantity></Point><Point><position>10394</position><in_Quantity.quantity>0.000000</in_Quantity.quantity><out_Quantity.quantity>716.788265</out_Quantity.quantity></Point><Point><position>10395</position><in_Quantity.quantity>0.000000</in_Quantity.quantity><out_Quantity.quantity>958.293703</out_Quantity.quantity></Point><Point><position>10396</position><in_Quantity.quantity>0.000000</in_Quantity.quantity><out_Quantity.quantity>776.098388</out_Quantity.quantity></Point><Point><position>10397</position><in_Quantity.quantity>0.000000</in_Quantity.quantity><out_Quantity.quantity>530.765971</out_Quantity.quantity></Point><Point><position>10398</position><in_Quantity.quantity>0.000000</in_Quantity.quantity><out_Quantity.quantity>393.958534</out_Quantity.quantity></Point><Point><position>10399</position><in_Quantity.quantity>0.000000</in_Quantity.quantity><out_Quantity.quantity>966.742197</out_Quantity.quantity></Point><Point><position>10400</position><in_Quantity.quantity>0.000000</in_Quantity.quantity><out_Quantity.quantity>225.605658</out_Quantity.quantity></Point><Point><position>10401</position><in_Quantity.quantity>0.000000</in_Quantity.quantity><out_Quantity.quantity>932.068831</out_Quantity.quantity></Point><Point><position>10402</position><in_Quantity.quantity>0.000000</in_Quantity.quantity><out_Quantity.quantity>967.908035</out_Quantity.quantity></Point><Point><position>10403</position><in_Quantity.quantity>0.000000</in_Quantity.quantity><out_Quantity.quantity>319.073513</out_Quantity.quantity></Point><Point><position>10404</position><in_Quantity.quantity>0.000000</in_Quantity.quantity><out_Quantity.quantity>735.722043</out_Quantity.quantity></Point><Point><position>10405</position><in_Quantity.quantity>0.000000</in_Quantity.quantity><out_Quantity.quantity>831.127763</out_Quantity.quantity></Point><Point><position>10406</position><in_Quantity.quantity>0.000000</in_Quantity.quantity><out_Quantity.quantity>174.698945</out_Quantity.quantity></Point><Point><position>10407</position><in_Quantity.quantity>0.000000</in_Quantity.quantity><out_Quantity.quantity>390.980147</out_Quantity.quantity></Point><Point><position>10408</position><in_Quantity.quantity>0.000000</in_Quantity.quantity><out_Quantity.quantity>885.036013</out_Quantity.quantity></Point><Point><position>10409</position><in_Quantity.quantity>0.000000</in_Quantity.quantity><out_Quantity.quantity>260.326728</out_Quantity.quantity></Point><Point><position>10410</position><in_Quantity.quantity>0.000000</in_Quantity.quantity><out_Quantity.quantity>863.583486</out_Quantity.quantity></Point><Point><position>10411</position><in_Quantity.quantity>0.000000</in_Quantity.quantity><out_Quantity.quantity>488.539151</out_Quantity.quantity></Point><Point><position>10412</position><in_Quantity.quantity>0.000000</in_Quantity.quantity><out_Quantity.quantity>572.000703</out_Quantity.quantity></Point><Point><position>10413</position><in_Quantity.quantity>0.000000</in_Quantity.quantity><out_Quantity.quantity>775.004438</out_Quantity.quantity></Point><Point><position>10414</position><in_Quantity.quantity>0.000000</in_Quantity.quantity><out_Quantity.quantity>376.676428</out_Quantity.quantity></Point><Point><position>10415</position><in_Quantity.quantity>0.000000</in_Quantity.quantity><out_Quantity.quantity>546.671031</out_Quantity.quantity></Point><Point><position>10416</position><in_Quantity.quantity>0.000000</in_Quantity.quantity><out_Quantity.quantity>829.956185</out_Quantity.quantity></Point><Point><position>10417</position><in_Quantity.quantity>0.000000</in_Quantity.quantity><out_Quantity.quantity>923.696462</out_Quantity.quantity></Point><Point><position>10418</position><in_Quantity.quantity>0.000000</in_Quantity.quantity><out_Quantity.quantity>354.960650</out_Quantity.quantity></Point><Point><position>10419</position><in_Quantity.quantity>0.000000</in_Quantity.quantity><out_Quantity.quantity>754.432574</out_Quantity.quantity></Point><Point><position>10420</position><in_Quantity.quantity>0.000000</in_Quantity.quantity><out_Quantity.quantity>212.589407</out_Quantity.quantity></Point><Point><position>10421</position><in_Quantity.quantity>0.000000</in_Quantity.quantity><out_Quantity.quantity>734.665349</out_Quantity.quantity></Point><Point><position>10422</position><in_Quantity.quantity>0.000000</in_Quantity.quantity><out_Quantity.quantity>71.677023</out_Quantity.quantity></Point><Point><position>10423</position><in_Quantity.quantity>0.000000</in_Quantity.quantity><out_Quantity.quantity>223.000439</out_Quantity.quantity></Point><Point><position>10424</position><in_Quantity.quantity>0.000000</in_Quantity.quantity><out_Quantity.quantity>881.741041</out_Quantity.quantity></Point><Point><position>10425</position><in_Quantity.quantity>0.000000</in_Quantity.quantity><out_Quantity.quantity>534.904421</out_Quantity.quantity></Point><Point><position>10426</position><in_Quantity.quantity>0.000000</in_Quantity.quantity><out_Quantity.quantity>979.302548</out_Quantity.quantity></Point><Point><position>10427</position><in_Quantity.quantity>0.000000</in_Quantity.quantity><out_Quantity.quantity>966.203839</out_Quantity.quantity></Point><Point><position>10428</position><in_Quantity.quantity>0.000000</in_Quantity.quantity><out_Quantity.quantity>591.606436</out_Quantity.quantity></Point><Point><position>10429</position><in_Quantity.quantity>0.000000</in_Quantity.quantity><out_Quantity.quantity>699.714438</out_Quantity.quantity></Point><Point><position>10430</position><in_Quantity.quantity>0.000000</in_Quantity.quantity><out_Quantity.quantity>353.015229</out_Quantity.quantity></Point><Point><position>10431</position><in_Quantity.quantity>0.000000</in_Quantity.quantity><out_Quantity.quantity>676.467703</out_Quantity.quantity></Point><Point><position>10432</position><in_Quantity.quantity>0.000000</in_Quantity.quantity><out_Quantity.quantity>350.243061</out_Quantity.quantity></Point><Point><position>10433</position><in_Quantity.quantity>0.000000</in_Quantity.quantity><out_Quantity.quantity>584.575367</out_Quantity.quantity></Point><Point><position>10434</position><in_Quantity.quantity>0.000000</in_Quantity.quantity><out_Quantity.quantity>629.242540</out_Quantity.quantity></Point><Point><position>10435</position><in_Quantity.quantity>0.000000</in_Quantity.quantity><out_Quantity.quantity>820.355832</out_Quantity.quantity></Point><Point><position>10436</position><in_Quantity.quantity>0.000000</in_Quantity.quantity><out_Quantity.quantity>417.816599</out_Quantity.quantity></Point><Point><position>10437</position><in_Quantity.quantity>0.000000</in_Quantity.quantity><out_Quantity.quantity>492.768890</out_Quantity.quantity></Point><Point><position>10438</position><in_Quantity.quantity>0.000000</in_Quantity.quantity><out_Quantity.quantity>725.648050</out_Quantity.quantity></Point><Point><position>10439</position><in_Quantity.quantity>0.000000</in_Quantity.quantity><out_Quantity.quantity>115.540727</out_Quantity.quantity></Point><Point><position>10440</position><in_Quantity.quantity>0.000000</in_Quantity.quantity><out_Quantity.quantity>823.771198</out_Quantity.quantity></Point><Point><position>10441</position><in_Quantity.quantity>0.000000</in_Quantity.quantity><out_Quantity.quantity>866.457733</out_Quantity.quantity></Point><Point><position>10442</position><in_Quantity.quantity>0.000000</in_Quantity.quantity><out_Quantity.quantity>787.178165</out_Quantity.quantity></Point><Point><position>10443</position><in_Quantity.quantity>0.000000</in_Quantity.quantity><out_Quantity.quantity>220.836412</out_Quantity.quantity></Point><Point><position>10444</position><in_Quantity.quantity>0.000000</in_Quantity.quantity><out_Quantity.quantity>146.122267</out_Quantity.quantity></Point><Point><position>10445</position><in_Quantity.quantity>0.000000</in_Quantity.quantity><out_Quantity.quantity>871.684421</out_Quantity.quantity></Point><Point><position>10446</position><in_Quantity.quantity>0.000000</in_Quantity.quantity><out_Quantity.quantity>239.980547</out_Quantity.quantity></Point><Point><position>10447</position><in_Quantity.quantity>0.000000</in_Quantity.quantity><out_Quantity.quantity>914.803842</out_Quantity.quantity></Point><Point><position>10448</position><in_Quantity.quantity>0.000000</in_Quantity.quantity><out_Quantity.quantity>399.235995</out_Quantity.quantity></Point><Point><position>10449</position><in_Quantity.quantity>0.000000</in_Quantity.quantity><out_Quantity.quantity>315.119498</out_Quantity.quantity></Point><Point><position>10450</position><in_Quantity.quantity>0.000000</in_Quantity.quantity><out_Quantity.quantity>12.587001</out_Quantity.quantity></Point><Point><position>10451</position><in_Quantity.quantity>0.000000</in_Quantity.quantity><out_Quantity.quantity>323.910740</out_Quantity.quantity></Point><Point><position>10452</position><in_Quantity.quantity>0.000000</in_Quantity.quantity><out_Quantity.quantity>847.269830</out_Quantity.quantity></Point><Point><position>10453</position><in_Quantity.quantity>0.000000</in_Quantity.quantity><out_Quantity.quantity>580.228163</out_Quantity.quantity></Point><Point><position>10454</position><in_Quantity.quantity>0.000000</in_Quantity.quantity><out_Quantity.quantity>112.379494</out_Quantity.quantity></Point><Point><position>10455</position><in_Quantity.quantity>0.000000</in_Quantity.quantity><out_Quantity.quantity>945.828991</out_Quantity.quantity></Point><Point><position>10456</position><in_Quantity.quantity>0.000000</in_Quantity.quantity><out_Quantity.quantity>204.764113</out_Quantity.quantity></Point><Point><position>10457</position><in_Quantity.quantity>0.000000</in_Quantity.quantity><out_Quantity.quantity>904.431363</out_Quantity.quantity></Point><Point><position>10458</position><in_Quantity.quantity>0.000000</in_Quantity.quantity><out_Quantity.quantity>903.117051</out_Quantity.quantity></Point><Point><position>10459</position><in_Quantity.quantity>0.000000</in_Quantity.quantity><out_Quantity.quantity>54.147548</out_Quantity.quantity></Point><Point><position>10460</position><in_Quantity.quantity>0.000000</in_Quantity.quantity><out_Quantity.quantity>303.547574</out_Quantity.quantity></Point><Point><position>10461</position><in_Quantity.quantity>0.000000</in_Quantity.quantity><out_Quantity.quantity>970.049825</out_Quantity.quantity></Point><Point><position>10462</position><in_Quantity.quantity>0.000000</in_Quantity.quantity><out_Quantity.quantity>419.225183</out_Quantity.quantity></Point><Point><position>10463</position><in_Quantity.quantity>0.000000</in_Quantity.quantity><out_Quantity.quantity>540.575328</out_Quantity.quantity></Point><Point><position>10464</position><in_Quantity.quantity>0.000000</in_Quantity.quantity><out_Quantity.quantity>693.691783</out_Quantity.quantity></Point><Point><position>10465</position><in_Quantity.quantity>0.000000</in_Quantity.quantity><out_Quantity.quantity>407.391507</out_Quantity.quantity></Point><Point><position>10466</position><in_Quantity.quantity>0.000000</in_Quantity.quantity><out_Quantity.quantity>0.942925</out_Quantity.quantity></Point><Point><position>10467</position><in_Quantity.quantity>0.000000</in_Quantity.quantity><out_Quantity.quantity>311.804357</out_Quantity.quantity></Point><Point><position>10468</position><in_Quantity.quantity>0.000000</in_Quantity.quantity><out_Quantity.quantity>637.813778</out_Quantity.quantity></Point><Point><position>10469</position><in_Quantity.quantity>0.000000</in_Quantity.quantity><out_Quantity.quantity>395.079630</out_Quantity.quantity></Point><Point><position>10470</position><in_Quantity.quantity>0.000000</in_Quantity.quantity><out_Quantity.quantity>246.796903</out_Quantity.quantity></Point><Point><position>10471</position><in_Quantity.quantity>0.000000</in_Quantity.quantity><out_Quantity.quantity>461.115090</out_Quantity.quantity></Point><Point><position>10472</position><in_Quantity.quantity>0.000000</in_Quantity.quantity><out_Quantity.quantity>923.252579</out_Quantity.quantity></Point><Point><position>10473</position><in_Quantity.quantity>0.000000</in_Quantity.quantity><out_Quantity.quantity>440.228828</out_Quantity.quantity></Point><Point><position>10474</position><in_Quantity.quantity>0.000000</in_Quantity.quantity><out_Quantity.quantity>657.166539</out_Quantity.quantity></Point><Point><position>10475</position><in_Quantity.quantity>0.000000</in_Quantity.quantity><out_Quantity.quantity>281.881574</out_Quantity.quantity></Point><Point><position>10476</position><in_Quantity.quantity>0.000000</in_Quantity.quantity><out_Quantity.quantity>222.707071</out_Quantity.quantity></Point><Point><position>10477</position><in_Quantity.quantity>0.000000</in_Quantity.quantity><out_Quantity.quantity>5.686580</out_Quantity.quantity></Point><Point><position>10478</position><in_Quantity.quantity>0.000000</in_Quantity.quantity><out_Quantity.quantity>70.351702</out_Quantity.quantity></Point><Point><position>10479</position><in_Quantity.quantity>0.000000</in_Quantity.quantity><out_Quantity.quantity>805.430034</out_Quantity.quantity></Point><Point><position>10480</position><in_Quantity.quantity>0.000000</in_Quantity.quantity><out_Quantity.quantity>164.704960</out_Quantity.quantity></Point><Point><position>10481</position><in_Quantity.quantity>0.000000</in_Quantity.quantity><out_Quantity.quantity>57.774522</out_Quantity.quantity></Point><Point><position>10482</position><in_Quantity.quantity>0.000000</in_Quantity.quantity><out_Quantity.quantity>849.741995</out_Quantity.quantity></Point><Point><position>10483</position><in_Quantity.quantity>0.000000</in_Quantity.quantity><out_Quantity.quantity>996.421320</out_Quantity.quantity></Point><Point><position>10484</position><in_Quantity.quantity>0.000000</in_Quantity.quantity><out_Quantity.quantity>132.667180</out_Quantity.quantity></Point><Point><position>10485</position><in_Quantity.quantity>0.000000</in_Quantity.quantity><out_Quantity.quantity>403.138797</out_Quantity.quantity></Point><Point><position>10486</position><in_Quantity.quantity>0.000000</in_Quantity.quantity><out_Quantity.quantity>462.232702</out_Quantity.quantity></Point><Point><position>10487</position><in_Quantity.quantity>0.000000</in_Quantity.quantity><out_Quantity.quantity>109.660138</out_Quantity.quantity></Point><Point><position>10488</position><in_Quantity.quantity>0.000000</in_Quantity.quantity><out_Quantity.quantity>767.874067</out_Quantity.quantity></Point><Point><position>10489</position><in_Quantity.quantity>0.000000</in_Quantity.quantity><out_Quantity.quantity>343.602168</out_Quantity.quantity></Point><Point><position>10490</position><in_Quantity.quantity>0.000000</in_Quantity.quantity><out_Quantity.quantity>694.034791</out_Quantity.quantity></Point><Point><position>10491</position><in_Quantity.quantity>0.000000</in_Quantity.quantity><out_Quantity.quantity>530.870088</out_Quantity.quantity></Point><Point><position>10492</position><in_Quantity.quantity>0.000000</in_Quantity.quantity><out_Quantity.quantity>233.065019</out_Quantity.quantity></Point><Point><position>10493</position><in_Quantity.quantity>0.000000</in_Quantity.quantity><out_Quantity.quantity>395.711820</out_Quantity.quantity></Point><Point><position>10494</position><in_Quantity.quantity>0.000000</in_Quantity.quantity><out_Quantity.quantity>752.064250</out_Quantity.quantity></Point><Point><position>10495</position><in_Quantity.quantity>0.000000</in_Quantity.quantity><out_Quantity.quantity>820.288830</out_Quantity.quantity></Point><Point><position>10496</position><in_Quantity.quantity>0.000000</in_Quantity.quantity><out_Quantity.quantity>223.255614</out_Quantity.quantity></Point><Point><position>10497</position><in_Quantity.quantity>0.000000</in_Quantity.quantity><out_Quantity.quantity>152.455606</out_Quantity.quantity></Point><Point><position>10498</position><in_Quantity.quantity>0.000000</in_Quantity.quantity><out_Quantity.quantity>104.035289</out_Quantity.quantity></Point><Point><position>10499</position><in_Quantity.quantity>0.000000</in_Quantity.quantity><out_Quantity.quantity>156.169351</out_Quantity.quantity></Point><Point><position>10500</position><in_Quantity.quantity>0.000000</in_Quantity.quantity><out_Quantity.quantity>228.902530</out_Quantity.quantity></Point><Point><position>10501</position><in_Quantity.quantity>0.000000</in_Quantity.quantity><out_Quantity.quantity>728.540731</out_Quantity.quantity></Point><Point><position>10502</position><in_Quantity.quantity>0.000000</in_Quantity.quantity><out_Quantity.quantity>515.328198</out_Quantity.quantity></Point><Point><position>10503</position><in_Quantity.quantity>0.000000</in_Quantity.quantity><out_Quantity.quantity>485.752486</out_Quantity.quantity></Point><Point><position>10504</position><in_Quantity.quantity>0.000000</in_Quantity.quantity><out_Quantity.quantity>422.062575</out_Quantity.quantity></Point><Point><position>10505</position><in_Quantity.quantity>0.000000</in_Quantity.quantity><out_Quantity.quantity>813.296885</out_Quantity.quantity></Point><Point><position>10506</position><in_Quantity.quantity>0.000000</in_Quantity.quantity><out_Quantity.quantity>282.430903</out_Quantity.quantity></Point><Point><position>10507</position><in_Quantity.quantity>0.000000</in_Quantity.quantity><out_Quantity.quantity>265.414496</out_Quantity.quantity></Point><Point><position>10508</position><in_Quantity.quantity>0.000000</in_Quantity.quantity><out_Quantity.quantity>617.998170</out_Quantity.quantity></Point><Point><position>10509</position><in_Quantity.quantity>0.000000</in_Quantity.quantity><out_Quantity.quantity>582.659611</out_Quantity.quantity></Point><Point><position>10510</position><in_Quantity.quantity>0.000000</in_Quantity.quantity><out_Quantity.quantity>485.355536</out_Quantity.quantity></Point><Point><position>10511</position><in_Quantity.quantity>0.000000</in_Quantity.quantity><out_Quantity.quantity>959.513829</out_Quantity.quantity></Point><Point><position>10512</position><in_Quantity.quantity>0.000000</in_Quantity.quantity><out_Quantity.quantity>304.511742</out_Quantity.quantity></Point><Point><position>10513</position><in_Quantity.quantity>0.000000</in_Quantity.quantity><out_Quantity.quantity>511.962921</out_Quantity.quantity></Point><Point><position>10514</position><in_Quantity.quantity>0.000000</in_Quantity.quantity><out_Quantity.quantity>126.714487</out_Quantity.quantity></Point><Point><position>10515</position><in_Quantity.quantity>0.000000</in_Quantity.quantity><out_Quantity.quantity>250.620813</out_Quantity.quantity></Point><Point><position>10516</position><in_Quantity.quantity>0.000000</in_Quantity.quantity><out_Quantity.quantity>611.053718</out_Quantity.quantity></Point><Point><position>10517</position><in_Quantity.quantity>0.000000</in_Quantity.quantity><out_Quantity.quantity>721.159338</out_Quantity.quantity></Point><Point><position>10518</position><in_Quantity.quantity>0.000000</in_Quantity.quantity><out_Quantity.quantity>400.444720</out_Quantity.quantity></Point><Point><position>10519</position><in_Quantity.quantity>0.000000</in_Quantity.quantity><out_Quantity.quantity>176.275276</out_Quantity.quantity></Point><Point><position>10520</position><in_Quantity.quantity>0.000000</in_Quantity.quantity><out_Quantity.quantity>99.376901</out_Quantity.quantity></Point><Point><position>10521</position><in_Quantity.quantity>0.000000</in_Quantity.quantity><out_Quantity.quantity>243.131649</out_Quantity.quantity></Point><Point><position>10522</position><in_Quantity.quantity>0.000000</in_Quantity.quantity><out_Quantity.quantity>194.700782</out_Quantity.quantity></Point><Point><position>10523</position><in_Quantity.quantity>0.000000</in_Quantity.quantity><out_Quantity.quantity>572.033452</out_Quantity.quantity></Point><Point><position>10524</position><in_Quantity.quantity>0.000000</in_Quantity.quantity><out_Quantity.quantity>745.446150</out_Quantity.quantity></Point><Point><position>10525</position><in_Quantity.quantity>0.000000</in_Quantity.quantity><out_Quantity.quantity>505.730852</out_Quantity.quantity></Point><Point><position>10526</position><in_Quantity.quantity>0.000000</in_Quantity.quantity><out_Quantity.quantity>16.834479</out_Quantity.quantity></Point><Point><position>10527</position><in_Quantity.quantity>0.000000</in_Quantity.quantity><out_Quantity.quantity>50.310104</out_Quantity.quantity></Point><Point><position>10528</position><in_Quantity.quantity>0.000000</in_Quantity.quantity><out_Quantity.quantity>493.168720</out_Quantity.quantity></Point><Point><position>10529</position><in_Quantity.quantity>0.000000</in_Quantity.quantity><out_Quantity.quantity>111.248746</out_Quantity.quantity></Point><Point><position>10530</position><in_Quantity.quantity>0.000000</in_Quantity.quantity><out_Quantity.quantity>832.778653</out_Quantity.quantity></Point><Point><position>10531</position><in_Quantity.quantity>0.000000</in_Quantity.quantity><out_Quantity.quantity>545.223285</out_Quantity.quantity></Point><Point><position>10532</position><in_Quantity.quantity>0.000000</in_Quantity.quantity><out_Quantity.quantity>336.533037</out_Quantity.quantity></Point><Point><position>10533</position><in_Quantity.quantity>0.000000</in_Quantity.quantity><out_Quantity.quantity>41.646631</out_Quantity.quantity></Point><Point><position>10534</position><in_Quantity.quantity>0.000000</in_Quantity.quantity><out_Quantity.quantity>28.594557</out_Quantity.quantity></Point><Point><position>10535</position><in_Quantity.quantity>0.000000</in_Quantity.quantity><out_Quantity.quantity>909.335022</out_Quantity.quantity></Point><Point><position>10536</position><in_Quantity.quantity>0.000000</in_Quantity.quantity><out_Quantity.quantity>361.221682</out_Quantity.quantity></Point><Point><position>10537</position><in_Quantity.quantity>0.000000</in_Quantity.quantity><out_Quantity.quantity>283.739150</out_Quantity.quantity></Point><Point><position>10538</position><in_Quantity.quantity>0.000000</in_Quantity.quantity><out_Quantity.quantity>590.324117</out_Quantity.quantity></Point><Point><position>10539</position><in_Quantity.quantity>0.000000</in_Quantity.quantity><out_Quantity.quantity>523.590795</out_Quantity.quantity></Point><Point><position>10540</position><in_Quantity.quantity>0.000000</in_Quantity.quantity><out_Quantity.quantity>143.339861</out_Quantity.quantity></Point><Point><position>10541</position><in_Quantity.quantity>0.000000</in_Quantity.quantity><out_Quantity.quantity>359.357323</out_Quantity.quantity></Point><Point><position>10542</position><in_Quantity.quantity>0.000000</in_Quantity.quantity><out_Quantity.quantity>117.259373</out_Quantity.quantity></Point><Point><position>10543</position><in_Quantity.quantity>0.000000</in_Quantity.quantity><out_Quantity.quantity>24.255025</out_Quantity.quantity></Point><Point><position>10544</position><in_Quantity.quantity>0.000000</in_Quantity.quantity><out_Quantity.quantity>152.058091</out_Quantity.quantity></Point><Point><position>10545</position><in_Quantity.quantity>0.000000</in_Quantity.quantity><out_Quantity.quantity>436.769555</out_Quantity.quantity></Point><Point><position>10546</position><in_Quantity.quantity>0.000000</in_Quantity.quantity><out_Quantity.quantity>743.857279</out_Quantity.quantity></Point><Point><position>10547</position><in_Quantity.quantity>0.000000</in_Quantity.quantity><out_Quantity.quantity>926.942318</out_Quantity.quantity></Point><Point><position>10548</position><in_Quantity.quantity>0.000000</in_Quantity.quantity><out_Quantity.quantity>9.797687</out_Quantity.quantity></Point><Point><position>10549</position><in_Quantity.quantity>0.000000</in_Quantity.quantity><out_Quantity.quantity>198.661266</out_Quantity.quantity></Point><Point><position>10550</position><in_Quantity.quantity>0.000000</in_Quantity.quantity><out_Quantity.quantity>58.754582</out_Quantity.quantity></Point><Point><position>10551</position><in_Quantity.quantity>0.000000</in_Quantity.quantity><out_Quantity.quantity>403.906004</out_Quantity.quantity></Point><Point><position>10552</position><in_Quantity.quantity>0.000000</in_Quantity.quantity><out_Quantity.quantity>762.555549</out_Quantity.quantity></Point><Point><position>10553</position><in_Quantity.quantity>0.000000</in_Quantity.quantity><out_Quantity.quantity>754.837642</out_Quantity.quantity></Point><Point><position>10554</position><in_Quantity.quantity>0.000000</in_Quantity.quantity><out_Quantity.quantity>997.438143</out_Quantity.quantity></Point><Point><position>10555</position><in_Quantity.quantity>0.000000</in_Quantity.quantity><out_Quantity.quantity>344.010697</out_Quantity.quantity></Point><Point><position>10556</position><in_Quantity.quantity>0.000000</in_Quantity.quantity><out_Quantity.quantity>636.285821</out_Quantity.quantity></Point><Point><position>10557</position><in_Quantity.quantity>0.000000</in_Quantity.quantity><out_Quantity.quantity>761.725716</out_Quantity.quantity></Point><Point><position>10558</position><in_Quantity.quantity>0.000000</in_Quantity.quantity><out_Quantity.quantity>953.411853</out_Quantity.quantity></Point><Point><position>10559</position><in_Quantity.quantity>0.000000</in_Quantity.quantity><out_Quantity.quantity>230.694177</out_Quantity.quantity></Point><Point><position>10560</position><in_Quantity.quantity>0.000000</in_Quantity.quantity><out_Quantity.quantity>590.436417</out_Quantity.quantity></Point><Point><position>10561</position><in_Quantity.quantity>0.000000</in_Quantity.quantity><out_Quantity.quantity>357.889883</out_Quantity.quantity></Point><Point><position>10562</position><in_Quantity.quantity>0.000000</in_Quantity.quantity><out_Quantity.quantity>893.978485</out_Quantity.quantity></Point><Point><position>10563</position><in_Quantity.quantity>0.000000</in_Quantity.quantity><out_Quantity.quantity>560.451954</out_Quantity.quantity></Point><Point><position>10564</position><in_Quantity.quantity>0.000000</in_Quantity.quantity><out_Quantity.quantity>486.739307</out_Quantity.quantity></Point><Point><position>10565</position><in_Quantity.quantity>0.000000</in_Quantity.quantity><out_Quantity.quantity>441.733251</out_Quantity.quantity></Point><Point><position>10566</position><in_Quantity.quantity>0.000000</in_Quantity.quantity><out_Quantity.quantity>863.992678</out_Quantity.quantity></Point><Point><position>10567</position><in_Quantity.quantity>0.000000</in_Quantity.quantity><out_Quantity.quantity>251.165915</out_Quantity.quantity></Point><Point><position>10568</position><in_Quantity.quantity>0.000000</in_Quantity.quantity><out_Quantity.quantity>370.841617</out_Quantity.quantity></Point><Point><position>10569</position><in_Quantity.quantity>0.000000</in_Quantity.quantity><out_Quantity.quantity>577.487300</out_Quantity.quantity></Point><Point><position>10570</position><in_Quantity.quantity>0.000000</in_Quantity.quantity><out_Quantity.quantity>531.380930</out_Quantity.quantity></Point><Point><position>10571</position><in_Quantity.quantity>0.000000</in_Quantity.quantity><out_Quantity.quantity>66.422714</out_Quantity.quantity></Point><Point><position>10572</position><in_Quantity.quantity>0.000000</in_Quantity.quantity><out_Quantity.quantity>225.901155</out_Quantity.quantity></Point><Point><position>10573</position><in_Quantity.quantity>0.000000</in_Quantity.quantity><out_Quantity.quantity>559.003827</out_Quantity.quantity></Point><Point><position>10574</position><in_Quantity.quantity>0.000000</in_Quantity.quantity><out_Quantity.quantity>114.514755</out_Quantity.quantity></Point><Point><position>10575</position><in_Quantity.quantity>0.000000</in_Quantity.quantity><out_Quantity.quantity>695.899646</out_Quantity.quantity></Point><Point><position>10576</position><in_Quantity.quantity>0.000000</in_Quantity.quantity><out_Quantity.quantity>142.112276</out_Quantity.quantity></Point><Point><position>10577</position><in_Quantity.quantity>0.000000</in_Quantity.quantity><out_Quantity.quantity>515.049891</out_Quantity.quantity></Point><Point><position>10578</position><in_Quantity.quantity>0.000000</in_Quantity.quantity><out_Quantity.quantity>790.627921</out_Quantity.quantity></Point><Point><position>10579</position><in_Quantity.quantity>0.000000</in_Quantity.quantity><out_Quantity.quantity>166.753802</out_Quantity.quantity></Point><Point><position>10580</position><in_Quantity.quantity>0.000000</in_Quantity.quantity><out_Quantity.quantity>79.568777</out_Quantity.quantity></Point><Point><position>10581</position><in_Quantity.quantity>0.000000</in_Quantity.quantity><out_Quantity.quantity>729.456666</out_Quantity.quantity></Point><Point><position>10582</position><in_Quantity.quantity>0.000000</in_Quantity.quantity><out_Quantity.quantity>271.694808</out_Quantity.quantity></Point><Point><position>10583</position><in_Quantity.quantity>0.000000</in_Quantity.quantity><out_Quantity.quantity>13.092003</out_Quantity.quantity></Point><Point><position>10584</position><in_Quantity.quantity>0.000000</in_Quantity.quantity><out_Quantity.quantity>236.572491</out_Quantity.quantity></Point><Point><position>10585</position><in_Quantity.quantity>0.000000</in_Quantity.quantity><out_Quantity.quantity>928.019662</out_Quantity.quantity></Point><Point><position>10586</position><in_Quantity.quantity>0.000000</in_Quantity.quantity><out_Quantity.quantity>304.043192</out_Quantity.quantity></Point><Point><position>10587</position><in_Quantity.quantity>0.000000</in_Quantity.quantity><out_Quantity.quantity>558.700826</out_Quantity.quantity></Point><Point><position>10588</position><in_Quantity.quantity>0.000000</in_Quantity.quantity><out_Quantity.quantity>894.682284</out_Quantity.quantity></Point><Point><position>10589</position><in_Quantity.quantity>0.000000</in_Quantity.quantity><out_Quantity.quantity>537.339008</out_Quantity.quantity></Point><Point><position>10590</position><in_Quantity.quantity>0.000000</in_Quantity.quantity><out_Quantity.quantity>983.642623</out_Quantity.quantity></Point><Point><position>10591</position><in_Quantity.quantity>0.000000</in_Quantity.quantity><out_Quantity.quantity>10.512279</out_Quantity.quantity></Point><Point><position>10592</position><in_Quantity.quantity>0.000000</in_Quantity.quantity><out_Quantity.quantity>356.397102</out_Quantity.quantity></Point><Point><position>10593</position><in_Quantity.quantity>0.000000</in_Quantity.quantity><out_Quantity.quantity>554.169939</out_Quantity.quantity></Point><Point><position>10594</position><in_Quantity.quantity>0.000000</in_Quantity.quantity><out_Quantity.quantity>682.756018</out_Quantity.quantity></Point><Point><position>10595</position><in_Quantity.quantity>0.000000</in_Quantity.quantity><out_Quantity.quantity>402.721456</out_Quantity.quantity></Point><Point><position>10596</position><in_Quantity.quantity>0.000000</in_Quantity.quantity><out_Quantity.quantity>707.485339</out_Quantity.quantity></Point><Point><position>10597</position><in_Quantity.quantity>0.000000</in_Quantity.quantity><out_Quantity.quantity>810.089831</out_Quantity.quantity></Point><Point><position>10598</position><in_Quantity.quantity>0.000000</in_Quantity.quantity><out_Quantity.quantity>776.898562</out_Quantity.quantity></Point><Point><position>10599</position><in_Quantity.quantity>0.000000</in_Quantity.quantity><out_Quantity.quantity>382.155570</out_Quantity.quantity></Point><Point><position>10600</position><in_Quantity.quantity>0.000000</in_Quantity.quantity><out_Quantity.quantity>258.626885</out_Quantity.quantity></Point><Point><position>10601</position><in_Quantity.quantity>0.000000</in_Quantity.quantity><out_Quantity.quantity>94.999184</out_Quantity.quantity></Point><Point><position>10602</position><in_Quantity.quantity>0.000000</in_Quantity.quantity><out_Quantity.quantity>289.832179</out_Quantity.quantity></Point><Point><position>10603</position><in_Quantity.quantity>0.000000</in_Quantity.quantity><out_Quantity.quantity>98.410275</out_Quantity.quantity></Point><Point><position>10604</position><in_Quantity.quantity>0.000000</in_Quantity.quantity><out_Quantity.quantity>627.537937</out_Quantity.quantity></Point><Point><position>10605</position><in_Quantity.quantity>0.000000</in_Quantity.quantity><out_Quantity.quantity>771.437444</out_Quantity.quantity></Point><Point><position>10606</position><in_Quantity.quantity>0.000000</in_Quantity.quantity><out_Quantity.quantity>65.827851</out_Quantity.quantity></Point><Point><position>10607</position><in_Quantity.quantity>0.000000</in_Quantity.quantity><out_Quantity.quantity>671.107745</out_Quantity.quantity></Point><Point><position>10608</position><in_Quantity.quantity>0.000000</in_Quantity.quantity><out_Quantity.quantity>561.496622</out_Quantity.quantity></Point><Point><position>10609</position><in_Quantity.quantity>0.000000</in_Quantity.quantity><out_Quantity.quantity>99.788808</out_Quantity.quantity></Point><Point><position>10610</position><in_Quantity.quantity>0.000000</in_Quantity.quantity><out_Quantity.quantity>937.921056</out_Quantity.quantity></Point><Point><position>10611</position><in_Quantity.quantity>0.000000</in_Quantity.quantity><out_Quantity.quantity>114.286636</out_Quantity.quantity></Point><Point><position>10612</position><in_Quantity.quantity>0.000000</in_Quantity.quantity><out_Quantity.quantity>96.272485</out_Quantity.quantity></Point><Point><position>10613</position><in_Quantity.quantity>0.000000</in_Quantity.quantity><out_Quantity.quantity>820.507760</out_Quantity.quantity></Point><Point><position>10614</position><in_Quantity.quantity>0.000000</in_Quantity.quantity><out_Quantity.quantity>617.816192</out_Quantity.quantity></Point><Point><position>10615</position><in_Quantity.quantity>0.000000</in_Quantity.quantity><out_Quantity.quantity>381.194751</out_Quantity.quantity></Point><Point><position>10616</position><in_Quantity.quantity>0.000000</in_Quantity.quantity><out_Quantity.quantity>77.004984</out_Quantity.quantity></Point><Point><position>10617</position><in_Quantity.quantity>0.000000</in_Quantity.quantity><out_Quantity.quantity>616.708008</out_Quantity.quantity></Point><Point><position>10618</position><in_Quantity.quantity>0.000000</in_Quantity.quantity><out_Quantity.quantity>743.956838</out_Quantity.quantity></Point><Point><position>10619</position><in_Quantity.quantity>0.000000</in_Quantity.quantity><out_Quantity.quantity>153.270153</out_Quantity.quantity></Point><Point><position>10620</position><in_Quantity.quantity>0.000000</in_Quantity.quantity><out_Quantity.quantity>263.678371</out_Quantity.quantity></Point><Point><position>10621</position><in_Quantity.quantity>0.000000</in_Quantity.quantity><out_Quantity.quantity>442.517980</out_Quantity.quantity></Point><Point><position>10622</position><in_Quantity.quantity>0.000000</in_Quantity.quantity><out_Quantity.quantity>836.496402</out_Quantity.quantity></Point><Point><position>10623</position><in_Quantity.quantity>0.000000</in_Quantity.quantity><out_Quantity.quantity>320.371184</out_Quantity.quantity></Point><Point><position>10624</position><in_Quantity.quantity>0.000000</in_Quantity.quantity><out_Quantity.quantity>580.126166</out_Quantity.quantity></Point><Point><position>10625</position><in_Quantity.quantity>0.000000</in_Quantity.quantity><out_Quantity.quantity>656.527073</out_Quantity.quantity></Point><Point><position>10626</position><in_Quantity.quantity>0.000000</in_Quantity.quantity><out_Quantity.quantity>234.604573</out_Quantity.quantity></Point><Point><position>10627</position><in_Quantity.quantity>0.000000</in_Quantity.quantity><out_Quantity.quantity>115.972189</out_Quantity.quantity></Point><Point><position>10628</position><in_Quantity.quantity>0.000000</in_Quantity.quantity><out_Quantity.quantity>202.403935</out_Quantity.quantity></Point><Point><position>10629</position><in_Quantity.quantity>0.000000</in_Quantity.quantity><out_Quantity.quantity>588.572145</out_Quantity.quantity></Point><Point><position>10630</position><in_Quantity.quantity>0.000000</in_Quantity.quantity><out_Quantity.quantity>266.147172</out_Quantity.quantity></Point><Point><position>10631</position><in_Quantity.quantity>0.000000</in_Quantity.quantity><out_Quantity.quantity>283.972712</out_Quantity.quantity></Point><Point><position>10632</position><in_Quantity.quantity>0.000000</in_Quantity.quantity><out_Quantity.quantity>564.867277</out_Quantity.quantity></Point><Point><position>10633</position><in_Quantity.quantity>0.000000</in_Quantity.quantity><out_Quantity.quantity>131.777841</out_Quantity.quantity></Point><Point><position>10634</position><in_Quantity.quantity>0.000000</in_Quantity.quantity><out_Quantity.quantity>978.783076</out_Quantity.quantity></Point><Point><position>10635</position><in_Quantity.quantity>0.000000</in_Quantity.quantity><out_Quantity.quantity>676.908897</out_Quantity.quantity></Point><Point><position>10636</position><in_Quantity.quantity>0.000000</in_Quantity.quantity><out_Quantity.quantity>345.738149</out_Quantity.quantity></Point><Point><position>10637</position><in_Quantity.quantity>0.000000</in_Quantity.quantity><out_Quantity.quantity>372.158317</out_Quantity.quantity></Point><Point><position>10638</position><in_Quantity.quantity>0.000000</in_Quantity.quantity><out_Quantity.quantity>889.949243</out_Quantity.quantity></Point><Point><position>10639</position><in_Quantity.quantity>0.000000</in_Quantity.quantity><out_Quantity.quantity>592.954675</out_Quantity.quantity></Point><Point><position>10640</position><in_Quantity.quantity>0.000000</in_Quantity.quantity><out_Quantity.quantity>976.307076</out_Quantity.quantity></Point><Point><position>10641</position><in_Quantity.quantity>0.000000</in_Quantity.quantity><out_Quantity.quantity>458.649293</out_Quantity.quantity></Point><Point><position>10642</position><in_Quantity.quantity>0.000000</in_Quantity.quantity><out_Quantity.quantity>263.806174</out_Quantity.quantity></Point><Point><position>10643</position><in_Quantity.quantity>0.000000</in_Quantity.quantity><out_Quantity.quantity>512.028422</out_Quantity.quantity></Point><Point><position>10644</position><in_Quantity.quantity>0.000000</in_Quantity.quantity><out_Quantity.quantity>348.444291</out_Quantity.quantity></Point><Point><position>10645</position><in_Quantity.quantity>0.000000</in_Quantity.quantity><out_Quantity.quantity>636.620142</out_Quantity.quantity></Point><Point><position>10646</position><in_Quantity.quantity>0.000000</in_Quantity.quantity><out_Quantity.quantity>994.762886</out_Quantity.quantity></Point><Point><position>10647</position><in_Quantity.quantity>0.000000</in_Quantity.quantity><out_Quantity.quantity>736.665581</out_Quantity.quantity></Point><Point><position>10648</position><in_Quantity.quantity>0.000000</in_Quantity.quantity><out_Quantity.quantity>609.655185</out_Quantity.quantity></Point><Point><position>10649</position><in_Quantity.quantity>0.000000</in_Quantity.quantity><out_Quantity.quantity>463.563809</out_Quantity.quantity></Point><Point><position>10650</position><in_Quantity.quantity>0.000000</in_Quantity.quantity><out_Quantity.quantity>533.287158</out_Quantity.quantity></Point><Point><position>10651</position><in_Quantity.quantity>0.000000</in_Quantity.quantity><out_Quantity.quantity>580.844862</out_Quantity.quantity></Point><Point><position>10652</position><in_Quantity.quantity>0.000000</in_Quantity.quantity><out_Quantity.quantity>133.939558</out_Quantity.quantity></Point><Point><position>10653</position><in_Quantity.quantity>0.000000</in_Quantity.quantity><out_Quantity.quantity>893.861911</out_Quantity.quantity></Point><Point><position>10654</position><in_Quantity.quantity>0.000000</in_Quantity.quantity><out_Quantity.quantity>705.425191</out_Quantity.quantity></Point><Point><position>10655</position><in_Quantity.quantity>0.000000</in_Quantity.quantity><out_Quantity.quantity>475.072771</out_Quantity.quantity></Point><Point><position>10656</position><in_Quantity.quantity>0.000000</in_Quantity.quantity><out_Quantity.quantity>403.042330</out_Quantity.quantity></Point><Point><position>10657</position><in_Quantity.quantity>0.000000</in_Quantity.quantity><out_Quantity.quantity>313.972760</out_Quantity.quantity></Point><Point><position>10658</position><in_Quantity.quantity>0.000000</in_Quantity.quantity><out_Quantity.quantity>17.023888</out_Quantity.quantity></Point><Point><position>10659</position><in_Quantity.quantity>0.000000</in_Quantity.quantity><out_Quantity.quantity>616.148704</out_Quantity.quantity></Point><Point><position>10660</position><in_Quantity.quantity>0.000000</in_Quantity.quantity><out_Quantity.quantity>48.773330</out_Quantity.quantity></Point><Point><position>10661</position><in_Quantity.quantity>0.000000</in_Quantity.quantity><out_Quantity.quantity>314.864888</out_Quantity.quantity></Point><Point><position>10662</position><in_Quantity.quantity>0.000000</in_Quantity.quantity><out_Quantity.quantity>138.996429</out_Quantity.quantity></Point><Point><position>10663</position><in_Quantity.quantity>0.000000</in_Quantity.quantity><out_Quantity.quantity>828.598107</out_Quantity.quantity></Point><Point><position>10664</position><in_Quantity.quantity>0.000000</in_Quantity.quantity><out_Quantity.quantity>629.305269</out_Quantity.quantity></Point><Point><position>10665</position><in_Quantity.quantity>0.000000</in_Quantity.quantity><out_Quantity.quantity>492.328769</out_Quantity.quantity></Point><Point><position>10666</position><in_Quantity.quantity>0.000000</in_Quantity.quantity><out_Quantity.quantity>69.726735</out_Quantity.quantity></Point><Point><position>10667</position><in_Quantity.quantity>0.000000</in_Quantity.quantity><out_Quantity.quantity>115.632134</out_Quantity.quantity></Point><Point><position>10668</position><in_Quantity.quantity>0.000000</in_Quantity.quantity><out_Quantity.quantity>156.521931</out_Quantity.quantity></Point><Point><position>10669</position><in_Quantity.quantity>0.000000</in_Quantity.quantity><out_Quantity.quantity>473.471500</out_Quantity.quantity></Point><Point><position>10670</position><in_Quantity.quantity>0.000000</in_Quantity.quantity><out_Quantity.quantity>401.888976</out_Quantity.quantity></Point><Point><position>10671</position><in_Quantity.quantity>0.000000</in_Quantity.quantity><out_Quantity.quantity>44.205498</out_Quantity.quantity></Point><Point><position>10672</position><in_Quantity.quantity>0.000000</in_Quantity.quantity><out_Quantity.quantity>25.639545</out_Quantity.quantity></Point><Point><position>10673</position><in_Quantity.quantity>0.000000</in_Quantity.quantity><out_Quantity.quantity>680.073499</out_Quantity.quantity></Point><Point><position>10674</position><in_Quantity.quantity>0.000000</in_Quantity.quantity><out_Quantity.quantity>919.913951</out_Quantity.quantity></Point><Point><position>10675</position><in_Quantity.quantity>0.000000</in_Quantity.quantity><out_Quantity.quantity>383.634697</out_Quantity.quantity></Point><Point><position>10676</position><in_Quantity.quantity>0.000000</in_Quantity.quantity><out_Quantity.quantity>72.161092</out_Quantity.quantity></Point><Point><position>10677</position><in_Quantity.quantity>0.000000</in_Quantity.quantity><out_Quantity.quantity>820.805942</out_Quantity.quantity></Point><Point><position>10678</position><in_Quantity.quantity>0.000000</in_Quantity.quantity><out_Quantity.quantity>155.347280</out_Quantity.quantity></Point><Point><position>10679</position><in_Quantity.quantity>0.000000</in_Quantity.quantity><out_Quantity.quantity>881.202245</out_Quantity.quantity></Point><Point><position>10680</position><in_Quantity.quantity>0.000000</in_Quantity.quantity><out_Quantity.quantity>440.222235</out_Quantity.quantity></Point><Point><position>10681</position><in_Quantity.quantity>0.000000</in_Quantity.quantity><out_Quantity.quantity>111.116283</out_Quantity.quantity></Point><Point><position>10682</position><in_Quantity.quantity>0.000000</in_Quantity.quantity><out_Quantity.quantity>498.805883</out_Quantity.quantity></Point><Point><position>10683</position><in_Quantity.quantity>0.000000</in_Quantity.quantity><out_Quantity.quantity>84.295750</out_Quantity.quantity></Point><Point><position>10684</position><in_Quantity.quantity>0.000000</in_Quantity.quantity><out_Quantity.quantity>486.689396</out_Quantity.quantity></Point><Point><position>10685</position><in_Quantity.quantity>0.000000</in_Quantity.quantity><out_Quantity.quantity>935.547308</out_Quantity.quantity></Point><Point><position>10686</position><in_Quantity.quantity>0.000000</in_Quantity.quantity><out_Quantity.quantity>497.041524</out_Quantity.quantity></Point><Point><position>10687</position><in_Quantity.quantity>0.000000</in_Quantity.quantity><out_Quantity.quantity>352.968022</out_Quantity.quantity></Point><Point><position>10688</position><in_Quantity.quantity>0.000000</in_Quantity.quantity><out_Quantity.quantity>960.052794</out_Quantity.quantity></Point><Point><position>10689</position><in_Quantity.quantity>0.000000</in_Quantity.quantity><out_Quantity.quantity>5.788104</out_Quantity.quantity></Point><Point><position>10690</position><in_Quantity.quantity>0.000000</in_Quantity.quantity><out_Quantity.quantity>323.143622</out_Quantity.quantity></Point><Point><position>10691</position><in_Quantity.quantity>0.000000</in_Quantity.quantity><out_Quantity.quantity>877.226199</out_Quantity.quantity></Point><Point><position>10692</position><in_Quantity.quantity>0.000000</in_Quantity.quantity><out_Quantity.quantity>961.881638</out_Quantity.quantity></Point><Point><position>10693</position><in_Quantity.quantity>0.000000</in_Quantity.quantity><out_Quantity.quantity>742.738273</out_Quantity.quantity></Point><Point><position>10694</position><in_Quantity.quantity>0.000000</in_Quantity.quantity><out_Quantity.quantity>630.281326</out_Quantity.quantity></Point><Point><position>10695</position><in_Quantity.quantity>0.000000</in_Quantity.quantity><out_Quantity.quantity>770.371549</out_Quantity.quantity></Point><Point><position>10696</position><in_Quantity.quantity>0.000000</in_Quantity.quantity><out_Quantity.quantity>581.604567</out_Quantity.quantity></Point><Point><position>10697</position><in_Quantity.quantity>0.000000</in_Quantity.quantity><out_Quantity.quantity>332.812378</out_Quantity.quantity></Point><Point><position>10698</position><in_Quantity.quantity>0.000000</in_Quantity.quantity><out_Quantity.quantity>213.019545</out_Quantity.quantity></Point><Point><position>10699</position><in_Quantity.quantity>0.000000</in_Quantity.quantity><out_Quantity.quantity>284.634874</out_Quantity.quantity></Point><Point><position>10700</position><in_Quantity.quantity>0.000000</in_Quantity.quantity><out_Quantity.quantity>420.977013</out_Quantity.quantity></Point><Point><position>10701</position><in_Quantity.quantity>0.000000</in_Quantity.quantity><out_Quantity.quantity>410.772274</out_Quantity.quantity></Point><Point><position>10702</position><in_Quantity.quantity>0.000000</in_Quantity.quantity><out_Quantity.quantity>231.672560</out_Quantity.quantity></Point><Point><position>10703</position><in_Quantity.quantity>0.000000</in_Quantity.quantity><out_Quantity.quantity>679.908320</out_Quantity.quantity></Point><Point><position>10704</position><in_Quantity.quantity>0.000000</in_Quantity.quantity><out_Quantity.quantity>863.677929</out_Quantity.quantity></Point><Point><position>10705</position><in_Quantity.quantity>0.000000</in_Quantity.quantity><out_Quantity.quantity>619.271362</out_Quantity.quantity></Point><Point><position>10706</position><in_Quantity.quantity>0.000000</in_Quantity.quantity><out_Quantity.quantity>245.639951</out_Quantity.quantity></Point><Point><position>10707</position><in_Quantity.quantity>0.000000</in_Quantity.quantity><out_Quantity.quantity>716.184539</out_Quantity.quantity></Point><Point><position>10708</position><in_Quantity.quantity>0.000000</in_Quantity.quantity><out_Quantity.quantity>143.468652</out_Quantity.quantity></Point><Point><position>10709</position><in_Quantity.quantity>0.000000</in_Quantity.quantity><out_Quantity.quantity>43.481336</out_Quantity.quantity></Point><Point><position>10710</position><in_Quantity.quantity>0.000000</in_Quantity.quantity><out_Quantity.quantity>983.263764</out_Quantity.quantity></Point><Point><position>10711</position><in_Quantity.quantity>0.000000</in_Quantity.quantity><out_Quantity.quantity>442.667229</out_Quantity.quantity></Point><Point><position>10712</position><in_Quantity.quantity>0.000000</in_Quantity.quantity><out_Quantity.quantity>481.889971</out_Quantity.quantity></Point><Point><position>10713</position><in_Quantity.quantity>0.000000</in_Quantity.quantity><out_Quantity.quantity>834.145242</out_Quantity.quantity></Point><Point><position>10714</position><in_Quantity.quantity>0.000000</in_Quantity.quantity><out_Quantity.quantity>847.440149</out_Quantity.quantity></Point><Point><position>10715</position><in_Quantity.quantity>0.000000</in_Quantity.quantity><out_Quantity.quantity>400.382916</out_Quantity.quantity></Point><Point><position>10716</position><in_Quantity.quantity>0.000000</in_Quantity.quantity><out_Quantity.quantity>578.308854</out_Quantity.quantity></Point><Point><position>10717</position><in_Quantity.quantity>0.000000</in_Quantity.quantity><out_Quantity.quantity>86.465667</out_Quantity.quantity></Point><Point><position>10718</position><in_Quantity.quantity>0.000000</in_Quantity.quantity><out_Quantity.quantity>972.408732</out_Quantity.quantity></Point><Point><position>10719</position><in_Quantity.quantity>0.000000</in_Quantity.quantity><out_Quantity.quantity>729.425095</out_Quantity.quantity></Point><Point><position>10720</position><in_Quantity.quantity>0.000000</in_Quantity.quantity><out_Quantity.quantity>776.384142</out_Quantity.quantity></Point><Point><position>10721</position><in_Quantity.quantity>0.000000</in_Quantity.quantity><out_Quantity.quantity>350.024406</out_Quantity.quantity></Point><Point><position>10722</position><in_Quantity.quantity>0.000000</in_Quantity.quantity><out_Quantity.quantity>63.108195</out_Quantity.quantity></Point><Point><position>10723</position><in_Quantity.quantity>0.000000</in_Quantity.quantity><out_Quantity.quantity>643.919372</out_Quantity.quantity></Point><Point><position>10724</position><in_Quantity.quantity>0.000000</in_Quantity.quantity><out_Quantity.quantity>690.748704</out_Quantity.quantity></Point><Point><position>10725</position><in_Quantity.quantity>0.000000</in_Quantity.quantity><out_Quantity.quantity>647.647863</out_Quantity.quantity></Point><Point><position>10726</position><in_Quantity.quantity>0.000000</in_Quantity.quantity><out_Quantity.quantity>377.358572</out_Quantity.quantity></Point><Point><position>10727</position><in_Quantity.quantity>0.000000</in_Quantity.quantity><out_Quantity.quantity>694.965297</out_Quantity.quantity></Point><Point><position>10728</position><in_Quantity.quantity>0.000000</in_Quantity.quantity><out_Quantity.quantity>551.270717</out_Quantity.quantity></Point><Point><position>10729</position><in_Quantity.quantity>0.000000</in_Quantity.quantity><out_Quantity.quantity>92.165563</out_Quantity.quantity></Point><Point><position>10730</position><in_Quantity.quantity>0.000000</in_Quantity.quantity><out_Quantity.quantity>125.821334</out_Quantity.quantity></Point><Point><position>10731</position><in_Quantity.quantity>0.000000</in_Quantity.quantity><out_Quantity.quantity>969.929340</out_Quantity.quantity></Point><Point><position>10732</position><in_Quantity.quantity>0.000000</in_Quantity.quantity><out_Quantity.quantity>21.278882</out_Quantity.quantity></Point><Point><position>10733</position><in_Quantity.quantity>0.000000</in_Quantity.quantity><out_Quantity.quantity>54.287882</out_Quantity.quantity></Point><Point><position>10734</position><in_Quantity.quantity>0.000000</in_Quantity.quantity><out_Quantity.quantity>633.767124</out_Quantity.quantity></Point><Point><position>10735</position><in_Quantity.quantity>0.000000</in_Quantity.quantity><out_Quantity.quantity>736.130415</out_Quantity.quantity></Point><Point><position>10736</position><in_Quantity.quantity>0.000000</in_Quantity.quantity><out_Quantity.quantity>408.681289</out_Quantity.quantity></Point><Point><position>10737</position><in_Quantity.quantity>0.000000</in_Quantity.quantity><out_Quantity.quantity>292.982388</out_Quantity.quantity></Point><Point><position>10738</position><in_Quantity.quantity>0.000000</in_Quantity.quantity><out_Quantity.quantity>596.190733</out_Quantity.quantity></Point><Point><position>10739</position><in_Quantity.quantity>0.000000</in_Quantity.quantity><out_Quantity.quantity>324.268795</out_Quantity.quantity></Point><Point><position>10740</position><in_Quantity.quantity>0.000000</in_Quantity.quantity><out_Quantity.quantity>642.525282</out_Quantity.quantity></Point><Point><position>10741</position><in_Quantity.quantity>0.000000</in_Quantity.quantity><out_Quantity.quantity>701.962929</out_Quantity.quantity></Point><Point><position>10742</position><in_Quantity.quantity>0.000000</in_Quantity.quantity><out_Quantity.quantity>79.435477</out_Quantity.quantity></Point><Point><position>10743</position><in_Quantity.quantity>0.000000</in_Quantity.quantity><out_Quantity.quantity>398.809431</out_Quantity.quantity></Point><Point><position>10744</position><in_Quantity.quantity>0.000000</in_Quantity.quantity><out_Quantity.quantity>655.722788</out_Quantity.quantity></Point><Point><position>10745</position><in_Quantity.quantity>0.000000</in_Quantity.quantity><out_Quantity.quantity>64.712187</out_Quantity.quantity></Point><Point><position>10746</position><in_Quantity.quantity>0.000000</in_Quantity.quantity><out_Quantity.quantity>882.795290</out_Quantity.quantity></Point><Point><position>10747</position><in_Quantity.quantity>0.000000</in_Quantity.quantity><out_Quantity.quantity>106.352729</out_Quantity.quantity></Point><Point><position>10748</position><in_Quantity.quantity>0.000000</in_Quantity.quantity><out_Quantity.quantity>980.075110</out_Quantity.quantity></Point><Point><position>10749</position><in_Quantity.quantity>0.000000</in_Quantity.quantity><out_Quantity.quantity>673.976392</out_Quantity.quantity></Point><Point><position>10750</position><in_Quantity.quantity>0.000000</in_Quantity.quantity><out_Quantity.quantity>963.989425</out_Quantity.quantity></Point><Point><position>10751</position><in_Quantity.quantity>0.000000</in_Quantity.quantity><out_Quantity.quantity>36.156415</out_Quantity.quantity></Point><Point><position>10752</position><in_Quantity.quantity>0.000000</in_Quantity.quantity><out_Quantity.quantity>142.532521</out_Quantity.quantity></Point><Point><position>10753</position><in_Quantity.quantity>0.000000</in_Quantity.quantity><out_Quantity.quantity>812.650406</out_Quantity.quantity></Point><Point><position>10754</position><in_Quantity.quantity>0.000000</in_Quantity.quantity><out_Quantity.quantity>3.413622</out_Quantity.quantity></Point><Point><position>10755</position><in_Quantity.quantity>0.000000</in_Quantity.quantity><out_Quantity.quantity>72.805707</out_Quantity.quantity></Point><Point><position>10756</position><in_Quantity.quantity>0.000000</in_Quantity.quantity><out_Quantity.quantity>766.593646</out_Quantity.quantity></Point><Point><position>10757</position><in_Quantity.quantity>0.000000</in_Quantity.quantity><out_Quantity.quantity>553.043828</out_Quantity.quantity></Point><Point><position>10758</position><in_Quantity.quantity>0.000000</in_Quantity.quantity><out_Quantity.quantity>745.318211</out_Quantity.quantity></Point><Point><position>10759</position><in_Quantity.quantity>0.000000</in_Quantity.quantity><out_Quantity.quantity>984.990812</out_Quantity.quantity></Point><Point><position>10760</position><in_Quantity.quantity>0.000000</in_Quantity.quantity><out_Quantity.quantity>735.549146</out_Quantity.quantity></Point><Point><position>10761</position><in_Quantity.quantity>0.000000</in_Quantity.quantity><out_Quantity.quantity>335.056164</out_Quantity.quantity></Point><Point><position>10762</position><in_Quantity.quantity>0.000000</in_Quantity.quantity><out_Quantity.quantity>225.536634</out_Quantity.quantity></Point><Point><position>10763</position><in_Quantity.quantity>0.000000</in_Quantity.quantity><out_Quantity.quantity>42.808768</out_Quantity.quantity></Point><Point><position>10764</position><in_Quantity.quantity>0.000000</in_Quantity.quantity><out_Quantity.quantity>491.143279</out_Quantity.quantity></Point><Point><position>10765</position><in_Quantity.quantity>0.000000</in_Quantity.quantity><out_Quantity.quantity>27.312807</out_Quantity.quantity></Point><Point><position>10766</position><in_Quantity.quantity>0.000000</in_Quantity.quantity><out_Quantity.quantity>919.743711</out_Quantity.quantity></Point><Point><position>10767</position><in_Quantity.quantity>0.000000</in_Quantity.quantity><out_Quantity.quantity>13.488763</out_Quantity.quantity></Point><Point><position>10768</position><in_Quantity.quantity>0.000000</in_Quantity.quantity><out_Quantity.quantity>389.329671</out_Quantity.quantity></Point><Point><position>10769</position><in_Quantity.quantity>0.000000</in_Quantity.quantity><out_Quantity.quantity>96.550992</out_Quantity.quantity></Point><Point><position>10770</position><in_Quantity.quantity>0.000000</in_Quantity.quantity><out_Quantity.quantity>494.899011</out_Quantity.quantity></Point><Point><position>10771</position><in_Quantity.quantity>0.000000</in_Quantity.quantity><out_Quantity.quantity>195.885676</out_Quantity.quantity></Point><Point><position>10772</position><in_Quantity.quantity>0.000000</in_Quantity.quantity><out_Quantity.quantity>754.470974</out_Quantity.quantity></Point><Point><position>10773</position><in_Quantity.quantity>0.000000</in_Quantity.quantity><out_Quantity.quantity>762.356079</out_Quantity.quantity></Point><Point><position>10774</position><in_Quantity.quantity>0.000000</in_Quantity.quantity><out_Quantity.quantity>293.531614</out_Quantity.quantity></Point><Point><position>10775</position><in_Quantity.quantity>0.000000</in_Quantity.quantity><out_Quantity.quantity>953.002072</out_Quantity.quantity></Point><Point><position>10776</position><in_Quantity.quantity>0.000000</in_Quantity.quantity><out_Quantity.quantity>766.914586</out_Quantity.quantity></Point><Point><position>10777</position><in_Quantity.quantity>0.000000</in_Quantity.quantity><out_Quantity.quantity>849.661547</out_Quantity.quantity></Point><Point><position>10778</position><in_Quantity.quantity>0.000000</in_Quantity.quantity><out_Quantity.quantity>209.136724</out_Quantity.quantity></Point><Point><position>10779</position><in_Quantity.quantity>0.000000</in_Quantity.quantity><out_Quantity.quantity>493.847943</out_Quantity.quantity></Point><Point><position>10780</position><in_Quantity.quantity>0.000000</in_Quantity.quantity><out_Quantity.quantity>699.128181</out_Quantity.quantity></Point><Point><position>10781</position><in_Quantity.quantity>0.000000</in_Quantity.quantity><out_Quantity.quantity>218.636620</out_Quantity.quantity></Point><Point><position>10782</position><in_Quantity.quantity>0.000000</in_Quantity.quantity><out_Quantity.quantity>330.163586</out_Quantity.quantity></Point><Point><position>10783</position><in_Quantity.quantity>0.000000</in_Quantity.quantity><out_Quantity.quantity>607.283684</out_Quantity.quantity></Point><Point><position>10784</position><in_Quantity.quantity>0.000000</in_Quantity.quantity><out_Quantity.quantity>782.138129</out_Quantity.quantity></Point><Point><position>10785</position><in_Quantity.quantity>0.000000</in_Quantity.quantity><out_Quantity.quantity>487.794562</out_Quantity.quantity></Point><Point><position>10786</position><in_Quantity.quantity>0.000000</in_Quantity.quantity><out_Quantity.quantity>508.350880</out_Quantity.quantity></Point><Point><position>10787</position><in_Quantity.quantity>0.000000</in_Quantity.quantity><out_Quantity.quantity>32.565058</out_Quantity.quantity></Point><Point><position>10788</position><in_Quantity.quantity>0.000000</in_Quantity.quantity><out_Quantity.quantity>785.237955</out_Quantity.quantity></Point><Point><position>10789</position><in_Quantity.quantity>0.000000</in_Quantity.quantity><out_Quantity.quantity>764.542202</out_Quantity.quantity></Point><Point><position>10790</position><in_Quantity.quantity>0.000000</in_Quantity.quantity><out_Quantity.quantity>596.271208</out_Quantity.quantity></Point><Point><position>10791</position><in_Quantity.quantity>0.000000</in_Quantity.quantity><out_Quantity.quantity>541.879758</out_Quantity.quantity></Point><Point><position>10792</position><in_Quantity.quantity>0.000000</in_Quantity.quantity><out_Quantity.quantity>985.294080</out_Quantity.quantity></Point><Point><position>10793</position><in_Quantity.quantity>0.000000</in_Quantity.quantity><out_Quantity.quantity>421.478531</out_Quantity.quantity></Point><Point><position>10794</position><in_Quantity.quantity>0.000000</in_Quantity.quantity><out_Quantity.quantity>369.420779</out_Quantity.quantity></Point><Point><position>10795</position><in_Quantity.quantity>0.000000</in_Quantity.quantity><out_Quantity.quantity>480.904752</out_Quantity.quantity></Point><Point><position>10796</position><in_Quantity.quantity>0.000000</in_Quantity.quantity><out_Quantity.quantity>103.042015</out_Quantity.quantity></Point><Point><position>10797</position><in_Quantity.quantity>0.000000</in_Quantity.quantity><out_Quantity.quantity>172.878638</out_Quantity.quantity></Point><Point><position>10798</position><in_Quantity.quantity>0.000000</in_Quantity.quantity><out_Quantity.quantity>360.634269</out_Quantity.quantity></Point><Point><position>10799</position><in_Quantity.quantity>0.000000</in_Quantity.quantity><out_Quantity.quantity>957.567330</out_Quantity.quantity></Point><Point><position>10800</position><in_Quantity.quantity>0.000000</in_Quantity.quantity><out_Quantity.quantity>736.959257</out_Quantity.quantity></Point><Point><position>10801</position><in_Quantity.quantity>0.000000</in_Quantity.quantity><out_Quantity.quantity>421.211509</out_Quantity.quantity></Point><Point><position>10802</position><in_Quantity.quantity>0.000000</in_Quantity.quantity><out_Quantity.quantity>843.344979</out_Quantity.quantity></Point><Point><position>10803</position><in_Quantity.quantity>0.000000</in_Quantity.quantity><out_Quantity.quantity>576.106348</out_Quantity.quantity></Point><Point><position>10804</position><in_Quantity.quantity>0.000000</in_Quantity.quantity><out_Quantity.quantity>39.944425</out_Quantity.quantity></Point><Point><position>10805</position><in_Quantity.quantity>0.000000</in_Quantity.quantity><out_Quantity.quantity>503.998392</out_Quantity.quantity></Point><Point><position>10806</position><in_Quantity.quantity>0.000000</in_Quantity.quantity><out_Quantity.quantity>904.113296</out_Quantity.quantity></Point><Point><position>10807</position><in_Quantity.quantity>0.000000</in_Quantity.quantity><out_Quantity.quantity>911.527029</out_Quantity.quantity></Point><Point><position>10808</position><in_Quantity.quantity>0.000000</in_Quantity.quantity><out_Quantity.quantity>931.593834</out_Quantity.quantity></Point><Point><position>10809</position><in_Quantity.quantity>0.000000</in_Quantity.quantity><out_Quantity.quantity>765.870033</out_Quantity.quantity></Point><Point><position>10810</position><in_Quantity.quantity>0.000000</in_Quantity.quantity><out_Quantity.quantity>331.391040</out_Quantity.quantity></Point><Point><position>10811</position><in_Quantity.quantity>0.000000</in_Quantity.quantity><out_Quantity.quantity>303.167012</out_Quantity.quantity></Point><Point><position>10812</position><in_Quantity.quantity>0.000000</in_Quantity.quantity><out_Quantity.quantity>392.461077</out_Quantity.quantity></Point><Point><position>10813</position><in_Quantity.quantity>0.000000</in_Quantity.quantity><out_Quantity.quantity>53.379715</out_Quantity.quantity></Point><Point><position>10814</position><in_Quantity.quantity>0.000000</in_Quantity.quantity><out_Quantity.quantity>479.348814</out_Quantity.quantity></Point><Point><position>10815</position><in_Quantity.quantity>0.000000</in_Quantity.quantity><out_Quantity.quantity>799.980114</out_Quantity.quantity></Point><Point><position>10816</position><in_Quantity.quantity>0.000000</in_Quantity.quantity><out_Quantity.quantity>89.374221</out_Quantity.quantity></Point><Point><position>10817</position><in_Quantity.quantity>0.000000</in_Quantity.quantity><out_Quantity.quantity>555.181242</out_Quantity.quantity></Point><Point><position>10818</position><in_Quantity.quantity>0.000000</in_Quantity.quantity><out_Quantity.quantity>956.697090</out_Quantity.quantity></Point><Point><position>10819</position><in_Quantity.quantity>0.000000</in_Quantity.quantity><out_Quantity.quantity>93.957246</out_Quantity.quantity></Point><Point><position>10820</position><in_Quantity.quantity>0.000000</in_Quantity.quantity><out_Quantity.quantity>329.589556</out_Quantity.quantity></Point><Point><position>10821</position><in_Quantity.quantity>0.000000</in_Quantity.quantity><out_Quantity.quantity>556.301614</out_Quantity.quantity></Point><Point><position>10822</position><in_Quantity.quantity>0.000000</in_Quantity.quantity><out_Quantity.quantity>882.919413</out_Quantity.quantity></Point><Point><position>10823</position><in_Quantity.quantity>0.000000</in_Quantity.quantity><out_Quantity.quantity>283.905730</out_Quantity.quantity></Point><Point><position>10824</position><in_Quantity.quantity>0.000000</in_Quantity.quantity><out_Quantity.quantity>320.136524</out_Quantity.quantity></Point><Point><position>10825</position><in_Quantity.quantity>0.000000</in_Quantity.quantity><out_Quantity.quantity>13.728436</out_Quantity.quantity></Point><Point><position>10826</position><in_Quantity.quantity>0.000000</in_Quantity.quantity><out_Quantity.quantity>39.632182</out_Quantity.quantity></Point><Point><position>10827</position><in_Quantity.quantity>0.000000</in_Quantity.quantity><out_Quantity.quantity>298.649197</out_Quantity.quantity></Point><Point><position>10828</position><in_Quantity.quantity>0.000000</in_Quantity.quantity><out_Quantity.quantity>27.546357</out_Quantity.quantity></Point><Point><position>10829</position><in_Quantity.quantity>0.000000</in_Quantity.quantity><out_Quantity.quantity>570.202541</out_Quantity.quantity></Point><Point><position>10830</position><in_Quantity.quantity>0.000000</in_Quantity.quantity><out_Quantity.quantity>552.657885</out_Quantity.quantity></Point><Point><position>10831</position><in_Quantity.quantity>0.000000</in_Quantity.quantity><out_Quantity.quantity>795.871906</out_Quantity.quantity></Point><Point><position>10832</position><in_Quantity.quantity>0.000000</in_Quantity.quantity><out_Quantity.quantity>32.309894</out_Quantity.quantity></Point><Point><position>10833</position><in_Quantity.quantity>0.000000</in_Quantity.quantity><out_Quantity.quantity>531.091214</out_Quantity.quantity></Point><Point><position>10834</position><in_Quantity.quantity>0.000000</in_Quantity.quantity><out_Quantity.quantity>38.651640</out_Quantity.quantity></Point><Point><position>10835</position><in_Quantity.quantity>0.000000</in_Quantity.quantity><out_Quantity.quantity>257.024553</out_Quantity.quantity></Point><Point><position>10836</position><in_Quantity.quantity>0.000000</in_Quantity.quantity><out_Quantity.quantity>37.918842</out_Quantity.quantity></Point><Point><position>10837</position><in_Quantity.quantity>0.000000</in_Quantity.quantity><out_Quantity.quantity>569.520950</out_Quantity.quantity></Point><Point><position>10838</position><in_Quantity.quantity>0.000000</in_Quantity.quantity><out_Quantity.quantity>241.865535</out_Quantity.quantity></Point><Point><position>10839</position><in_Quantity.quantity>0.000000</in_Quantity.quantity><out_Quantity.quantity>77.244330</out_Quantity.quantity></Point><Point><position>10840</position><in_Quantity.quantity>0.000000</in_Quantity.quantity><out_Quantity.quantity>413.502012</out_Quantity.quantity></Point><Point><position>10841</position><in_Quantity.quantity>0.000000</in_Quantity.quantity><out_Quantity.quantity>133.301629</out_Quantity.quantity></Point><Point><position>10842</position><in_Quantity.quantity>0.000000</in_Quantity.quantity><out_Quantity.quantity>4.164230</out_Quantity.quantity></Point><Point><position>10843</position><in_Quantity.quantity>0.000000</in_Quantity.quantity><out_Quantity.quantity>196.387574</out_Quantity.quantity></Point><Point><position>10844</position><in_Quantity.quantity>0.000000</in_Quantity.quantity><out_Quantity.quantity>599.863541</out_Quantity.quantity></Point><Point><position>10845</position><in_Quantity.quantity>0.000000</in_Quantity.quantity><out_Quantity.quantity>645.668521</out_Quantity.quantity></Point><Point><position>10846</position><in_Quantity.quantity>0.000000</in_Quantity.quantity><out_Quantity.quantity>859.103902</out_Quantity.quantity></Point><Point><position>10847</position><in_Quantity.quantity>0.000000</in_Quantity.quantity><out_Quantity.quantity>240.515305</out_Quantity.quantity></Point><Point><position>10848</position><in_Quantity.quantity>0.000000</in_Quantity.quantity><out_Quantity.quantity>671.832393</out_Quantity.quantity></Point><Point><position>10849</position><in_Quantity.quantity>0.000000</in_Quantity.quantity><out_Quantity.quantity>607.073282</out_Quantity.quantity></Point><Point><position>10850</position><in_Quantity.quantity>0.000000</in_Quantity.quantity><out_Quantity.quantity>601.275273</out_Quantity.quantity></Point><Point><position>10851</position><in_Quantity.quantity>0.000000</in_Quantity.quantity><out_Quantity.quantity>318.390914</out_Quantity.quantity></Point><Point><position>10852</position><in_Quantity.quantity>0.000000</in_Quantity.quantity><out_Quantity.quantity>906.192373</out_Quantity.quantity></Point><Point><position>10853</position><in_Quantity.quantity>0.000000</in_Quantity.quantity><out_Quantity.quantity>529.416530</out_Quantity.quantity></Point><Point><position>10854</position><in_Quantity.quantity>0.000000</in_Quantity.quantity><out_Quantity.quantity>760.621016</out_Quantity.quantity></Point><Point><position>10855</position><in_Quantity.quantity>0.000000</in_Quantity.quantity><out_Quantity.quantity>292.657599</out_Quantity.quantity></Point><Point><position>10856</position><in_Quantity.quantity>0.000000</in_Quantity.quantity><out_Quantity.quantity>549.042441</out_Quantity.quantity></Point><Point><position>10857</position><in_Quantity.quantity>0.000000</in_Quantity.quantity><out_Quantity.quantity>373.103043</out_Quantity.quantity></Point><Point><position>10858</position><in_Quantity.quantity>0.000000</in_Quantity.quantity><out_Quantity.quantity>643.592047</out_Quantity.quantity></Point><Point><position>10859</position><in_Quantity.quantity>0.000000</in_Quantity.quantity><out_Quantity.quantity>503.461559</out_Quantity.quantity></Point><Point><position>10860</position><in_Quantity.quantity>0.000000</in_Quantity.quantity><out_Quantity.quantity>516.441298</out_Quantity.quantity></Point><Point><position>10861</position><in_Quantity.quantity>0.000000</in_Quantity.quantity><out_Quantity.quantity>251.948729</out_Quantity.quantity></Point><Point><position>10862</position><in_Quantity.quantity>0.000000</in_Quantity.quantity><out_Quantity.quantity>13.026867</out_Quantity.quantity></Point><Point><position>10863</position><in_Quantity.quantity>0.000000</in_Quantity.quantity><out_Quantity.quantity>885.725734</out_Quantity.quantity></Point><Point><position>10864</position><in_Quantity.quantity>0.000000</in_Quantity.quantity><out_Quantity.quantity>783.821881</out_Quantity.quantity></Point><Point><position>10865</position><in_Quantity.quantity>0.000000</in_Quantity.quantity><out_Quantity.quantity>424.942082</out_Quantity.quantity></Point><Point><position>10866</position><in_Quantity.quantity>0.000000</in_Quantity.quantity><out_Quantity.quantity>229.616107</out_Quantity.quantity></Point><Point><position>10867</position><in_Quantity.quantity>0.000000</in_Quantity.quantity><out_Quantity.quantity>694.197468</out_Quantity.quantity></Point><Point><position>10868</position><in_Quantity.quantity>0.000000</in_Quantity.quantity><out_Quantity.quantity>550.880562</out_Quantity.quantity></Point><Point><position>10869</position><in_Quantity.quantity>0.000000</in_Quantity.quantity><out_Quantity.quantity>926.844526</out_Quantity.quantity></Point><Point><position>10870</position><in_Quantity.quantity>0.000000</in_Quantity.quantity><out_Quantity.quantity>681.596429</out_Quantity.quantity></Point><Point><position>10871</position><in_Quantity.quantity>0.000000</in_Quantity.quantity><out_Quantity.quantity>833.849215</out_Quantity.quantity></Point><Point><position>10872</position><in_Quantity.quantity>0.000000</in_Quantity.quantity><out_Quantity.quantity>452.075229</out_Quantity.quantity></Point><Point><position>10873</position><in_Quantity.quantity>0.000000</in_Quantity.quantity><out_Quantity.quantity>350.621143</out_Quantity.quantity></Point><Point><position>10874</position><in_Quantity.quantity>0.000000</in_Quantity.quantity><out_Quantity.quantity>295.504104</out_Quantity.quantity></Point><Point><position>10875</position><in_Quantity.quantity>0.000000</in_Quantity.quantity><out_Quantity.quantity>684.632666</out_Quantity.quantity></Point><Point><position>10876</position><in_Quantity.quantity>0.000000</in_Quantity.quantity><out_Quantity.quantity>396.204934</out_Quantity.quantity></Point><Point><position>10877</position><in_Quantity.quantity>0.000000</in_Quantity.quantity><out_Quantity.quantity>567.341658</out_Quantity.quantity></Point><Point><position>10878</position><in_Quantity.quantity>0.000000</in_Quantity.quantity><out_Quantity.quantity>973.042495</out_Quantity.quantity></Point><Point><position>10879</position><in_Quantity.quantity>0.000000</in_Quantity.quantity><out_Quantity.quantity>769.326749</out_Quantity.quantity></Point><Point><position>10880</position><in_Quantity.quantity>0.000000</in_Quantity.quantity><out_Quantity.quantity>405.985077</out_Quantity.quantity></Point><Point><position>10881</position><in_Quantity.quantity>0.000000</in_Quantity.quantity><out_Quantity.quantity>526.912408</out_Quantity.quantity></Point><Point><position>10882</position><in_Quantity.quantity>0.000000</in_Quantity.quantity><out_Quantity.quantity>671.001761</out_Quantity.quantity></Point><Point><position>10883</position><in_Quantity.quantity>0.000000</in_Quantity.quantity><out_Quantity.quantity>751.907212</out_Quantity.quantity></Point><Point><position>10884</position><in_Quantity.quantity>0.000000</in_Quantity.quantity><out_Quantity.quantity>593.575269</out_Quantity.quantity></Point><Point><position>10885</position><in_Quantity.quantity>0.000000</in_Quantity.quantity><out_Quantity.quantity>657.211670</out_Quantity.quantity></Point><Point><position>10886</position><in_Quantity.quantity>0.000000</in_Quantity.quantity><out_Quantity.quantity>528.955526</out_Quantity.quantity></Point><Point><position>10887</position><in_Quantity.quantity>0.000000</in_Quantity.quantity><out_Quantity.quantity>643.687815</out_Quantity.quantity></Point><Point><position>10888</position><in_Quantity.quantity>0.000000</in_Quantity.quantity><out_Quantity.quantity>626.601929</out_Quantity.quantity></Point><Point><position>10889</position><in_Quantity.quantity>0.000000</in_Quantity.quantity><out_Quantity.quantity>849.412660</out_Quantity.quantity></Point><Point><position>10890</position><in_Quantity.quantity>0.000000</in_Quantity.quantity><out_Quantity.quantity>779.399862</out_Quantity.quantity></Point><Point><position>10891</position><in_Quantity.quantity>0.000000</in_Quantity.quantity><out_Quantity.quantity>557.997170</out_Quantity.quantity></Point><Point><position>10892</position><in_Quantity.quantity>0.000000</in_Quantity.quantity><out_Quantity.quantity>569.253149</out_Quantity.quantity></Point><Point><position>10893</position><in_Quantity.quantity>0.000000</in_Quantity.quantity><out_Quantity.quantity>373.606214</out_Quantity.quantity></Point><Point><position>10894</position><in_Quantity.quantity>0.000000</in_Quantity.quantity><out_Quantity.quantity>279.603535</out_Quantity.quantity></Point><Point><position>10895</position><in_Quantity.quantity>0.000000</in_Quantity.quantity><out_Quantity.quantity>251.195915</out_Quantity.quantity></Point><Point><position>10896</position><in_Quantity.quantity>0.000000</in_Quantity.quantity><out_Quantity.quantity>956.916046</out_Quantity.quantity></Point><Point><position>10897</position><in_Quantity.quantity>0.000000</in_Quantity.quantity><out_Quantity.quantity>642.912573</out_Quantity.quantity></Point><Point><position>10898</position><in_Quantity.quantity>0.000000</in_Quantity.quantity><out_Quantity.quantity>648.459690</out_Quantity.quantity></Point><Point><position>10899</position><in_Quantity.quantity>0.000000</in_Quantity.quantity><out_Quantity.quantity>387.518030</out_Quantity.quantity></Point><Point><position>10900</position><in_Quantity.quantity>0.000000</in_Quantity.quantity><out_Quantity.quantity>24.987371</out_Quantity.quantity></Point><Point><position>10901</position><in_Quantity.quantity>0.000000</in_Quantity.quantity><out_Quantity.quantity>655.414725</out_Quantity.quantity></Point><Point><position>10902</position><in_Quantity.quantity>0.000000</in_Quantity.quantity><out_Quantity.quantity>568.010908</out_Quantity.quantity></Point><Point><position>10903</position><in_Quantity.quantity>0.000000</in_Quantity.quantity><out_Quantity.quantity>127.823583</out_Quantity.quantity></Point><Point><position>10904</position><in_Quantity.quantity>0.000000</in_Quantity.quantity><out_Quantity.quantity>235.008020</out_Quantity.quantity></Point><Point><position>10905</position><in_Quantity.quantity>0.000000</in_Quantity.quantity><out_Quantity.quantity>19.311326</out_Quantity.quantity></Point><Point><position>10906</position><in_Quantity.quantity>0.000000</in_Quantity.quantity><out_Quantity.quantity>269.687866</out_Quantity.quantity></Point><Point><position>10907</position><in_Quantity.quantity>0.000000</in_Quantity.quantity><out_Quantity.quantity>266.120582</out_Quantity.quantity></Point><Point><position>10908</position><in_Quantity.quantity>0.000000</in_Quantity.quantity><out_Quantity.quantity>804.081256</out_Quantity.quantity></Point><Point><position>10909</position><in_Quantity.quantity>0.000000</in_Quantity.quantity><out_Quantity.quantity>428.382093</out_Quantity.quantity></Point><Point><position>10910</position><in_Quantity.quantity>0.000000</in_Quantity.quantity><out_Quantity.quantity>835.688098</out_Quantity.quantity></Point><Point><position>10911</position><in_Quantity.quantity>0.000000</in_Quantity.quantity><out_Quantity.quantity>883.789791</out_Quantity.quantity></Point><Point><position>10912</position><in_Quantity.quantity>0.000000</in_Quantity.quantity><out_Quantity.quantity>12.893495</out_Quantity.quantity></Point><Point><position>10913</position><in_Quantity.quantity>0.000000</in_Quantity.quantity><out_Quantity.quantity>412.792238</out_Quantity.quantity></Point><Point><position>10914</position><in_Quantity.quantity>0.000000</in_Quantity.quantity><out_Quantity.quantity>583.013899</out_Quantity.quantity></Point><Point><position>10915</position><in_Quantity.quantity>0.000000</in_Quantity.quantity><out_Quantity.quantity>71.068208</out_Quantity.quantity></Point><Point><position>10916</position><in_Quantity.quantity>0.000000</in_Quantity.quantity><out_Quantity.quantity>839.782292</out_Quantity.quantity></Point><Point><position>10917</position><in_Quantity.quantity>0.000000</in_Quantity.quantity><out_Quantity.quantity>590.408592</out_Quantity.quantity></Point><Point><position>10918</position><in_Quantity.quantity>0.000000</in_Quantity.quantity><out_Quantity.quantity>490.442195</out_Quantity.quantity></Point><Point><position>10919</position><in_Quantity.quantity>0.000000</in_Quantity.quantity><out_Quantity.quantity>785.131054</out_Quantity.quantity></Point><Point><position>10920</position><in_Quantity.quantity>0.000000</in_Quantity.quantity><out_Quantity.quantity>22.624407</out_Quantity.quantity></Point><Point><position>10921</position><in_Quantity.quantity>0.000000</in_Quantity.quantity><out_Quantity.quantity>807.078326</out_Quantity.quantity></Point><Point><position>10922</position><in_Quantity.quantity>0.000000</in_Quantity.quantity><out_Quantity.quantity>991.751311</out_Quantity.quantity></Point><Point><position>10923</position><in_Quantity.quantity>0.000000</in_Quantity.quantity><out_Quantity.quantity>548.386764</out_Quantity.quantity></Point><Point><position>10924</position><in_Quantity.quantity>0.000000</in_Quantity.quantity><out_Quantity.quantity>691.159210</out_Quantity.quantity></Point><Point><position>10925</position><in_Quantity.quantity>0.000000</in_Quantity.quantity><out_Quantity.quantity>75.198027</out_Quantity.quantity></Point><Point><position>10926</position><in_Quantity.quantity>0.000000</in_Quantity.quantity><out_Quantity.quantity>657.187249</out_Quantity.quantity></Point><Point><position>10927</position><in_Quantity.quantity>0.000000</in_Quantity.quantity><out_Quantity.quantity>111.495842</out_Quantity.quantity></Point><Point><position>10928</position><in_Quantity.quantity>0.000000</in_Quantity.quantity><out_Quantity.quantity>434.130233</out_Quantity.quantity></Point><Point><position>10929</position><in_Quantity.quantity>0.000000</in_Quantity.quantity><out_Quantity.quantity>317.748184</out_Quantity.quantity></Point><Point><position>10930</position><in_Quantity.quantity>0.000000</in_Quantity.quantity><out_Quantity.quantity>649.068031</out_Quantity.quantity></Point><Point><position>10931</position><in_Quantity.quantity>0.000000</in_Quantity.quantity><out_Quantity.quantity>664.666399</out_Quantity.quantity></Point><Point><position>10932</position><in_Quantity.quantity>0.000000</in_Quantity.quantity><out_Quantity.quantity>910.233463</out_Quantity.quantity></Point><Point><position>10933</position><in_Quantity.quantity>0.000000</in_Quantity.quantity><out_Quantity.quantity>674.394868</out_Quantity.quantity></Point><Point><position>10934</position><in_Quantity.quantity>0.000000</in_Quantity.quantity><out_Quantity.quantity>479.920932</out_Quantity.quantity></Point><Point><position>10935</position><in_Quantity.quantity>0.000000</in_Quantity.quantity><out_Quantity.quantity>462.249769</out_Quantity.quantity></Point><Point><position>10936</position><in_Quantity.quantity>0.000000</in_Quantity.quantity><out_Quantity.quantity>172.537669</out_Quantity.quantity></Point><Point><position>10937</position><in_Quantity.quantity>0.000000</in_Quantity.quantity><out_Quantity.quantity>782.995096</out_Quantity.quantity></Point><Point><position>10938</position><in_Quantity.quantity>0.000000</in_Quantity.quantity><out_Quantity.quantity>802.247197</out_Quantity.quantity></Point><Point><position>10939</position><in_Quantity.quantity>0.000000</in_Quantity.quantity><out_Quantity.quantity>541.985650</out_Quantity.quantity></Point><Point><position>10940</position><in_Quantity.quantity>0.000000</in_Quantity.quantity><out_Quantity.quantity>126.309618</out_Quantity.quantity></Point><Point><position>10941</position><in_Quantity.quantity>0.000000</in_Quantity.quantity><out_Quantity.quantity>239.139677</out_Quantity.quantity></Point><Point><position>10942</position><in_Quantity.quantity>0.000000</in_Quantity.quantity><out_Quantity.quantity>294.384270</out_Quantity.quantity></Point><Point><position>10943</position><in_Quantity.quantity>0.000000</in_Quantity.quantity><out_Quantity.quantity>25.564117</out_Quantity.quantity></Point><Point><position>10944</position><in_Quantity.quantity>0.000000</in_Quantity.quantity><out_Quantity.quantity>195.819307</out_Quantity.quantity></Point><Point><position>10945</position><in_Quantity.quantity>0.000000</in_Quantity.quantity><out_Quantity.quantity>454.016945</out_Quantity.quantity></Point><Point><position>10946</position><in_Quantity.quantity>0.000000</in_Quantity.quantity><out_Quantity.quantity>254.850225</out_Quantity.quantity></Point><Point><position>10947</position><in_Quantity.quantity>0.000000</in_Quantity.quantity><out_Quantity.quantity>912.244918</out_Quantity.quantity></Point><Point><position>10948</position><in_Quantity.quantity>0.000000</in_Quantity.quantity><out_Quantity.quantity>883.370133</out_Quantity.quantity></Point><Point><position>10949</position><in_Quantity.quantity>0.000000</in_Quantity.quantity><out_Quantity.quantity>653.754858</out_Quantity.quantity></Point><Point><position>10950</position><in_Quantity.quantity>0.000000</in_Quantity.quantity><out_Quantity.quantity>635.792908</out_Quantity.quantity></Point><Point><position>10951</position><in_Quantity.quantity>0.000000</in_Quantity.quantity><out_Quantity.quantity>245.941734</out_Quantity.quantity></Point><Point><position>10952</position><in_Quantity.quantity>0.000000</in_Quantity.quantity><out_Quantity.quantity>572.565575</out_Quantity.quantity></Point><Point><position>10953</position><in_Quantity.quantity>0.000000</in_Quantity.quantity><out_Quantity.quantity>181.314076</out_Quantity.quantity></Point><Point><position>10954</position><in_Quantity.quantity>0.000000</in_Quantity.quantity><out_Quantity.quantity>848.979383</out_Quantity.quantity></Point><Point><position>10955</position><in_Quantity.quantity>0.000000</in_Quantity.quantity><out_Quantity.quantity>301.554318</out_Quantity.quantity></Point><Point><position>10956</position><in_Quantity.quantity>0.000000</in_Quantity.quantity><out_Quantity.quantity>75.902666</out_Quantity.quantity></Point><Point><position>10957</position><in_Quantity.quantity>0.000000</in_Quantity.quantity><out_Quantity.quantity>538.840152</out_Quantity.quantity></Point><Point><position>10958</position><in_Quantity.quantity>0.000000</in_Quantity.quantity><out_Quantity.quantity>297.800173</out_Quantity.quantity></Point><Point><position>10959</position><in_Quantity.quantity>0.000000</in_Quantity.quantity><out_Quantity.quantity>13.536651</out_Quantity.quantity></Point><Point><position>10960</position><in_Quantity.quantity>0.000000</in_Quantity.quantity><out_Quantity.quantity>649.165999</out_Quantity.quantity></Point><Point><position>10961</position><in_Quantity.quantity>0.000000</in_Quantity.quantity><out_Quantity.quantity>290.818790</out_Quantity.quantity></Point><Point><position>10962</position><in_Quantity.quantity>0.000000</in_Quantity.quantity><out_Quantity.quantity>577.405986</out_Quantity.quantity></Point><Point><position>10963</position><in_Quantity.quantity>0.000000</in_Quantity.quantity><out_Quantity.quantity>690.116911</out_Quantity.quantity></Point><Point><position>10964</position><in_Quantity.quantity>0.000000</in_Quantity.quantity><out_Quantity.quantity>876.555305</out_Quantity.quantity></Point><Point><position>10965</position><in_Quantity.quantity>0.000000</in_Quantity.quantity><out_Quantity.quantity>141.878590</out_Quantity.quantity></Point><Point><position>10966</position><in_Quantity.quantity>0.000000</in_Quantity.quantity><out_Quantity.quantity>195.357010</out_Quantity.quantity></Point><Point><position>10967</position><in_Quantity.quantity>0.000000</in_Quantity.quantity><out_Quantity.quantity>846.439502</out_Quantity.quantity></Point><Point><position>10968</position><in_Quantity.quantity>0.000000</in_Quantity.quantity><out_Quantity.quantity>623.943402</out_Quantity.quantity></Point><Point><position>10969</position><in_Quantity.quantity>0.000000</in_Quantity.quantity><out_Quantity.quantity>692.374744</out_Quantity.quantity></Point><Point><position>10970</position><in_Quantity.quantity>0.000000</in_Quantity.quantity><out_Quantity.quantity>779.728590</out_Quantity.quantity></Point><Point><position>10971</position><in_Quantity.quantity>0.000000</in_Quantity.quantity><out_Quantity.quantity>23.798034</out_Quantity.quantity></Point><Point><position>10972</position><in_Quantity.quantity>0.000000</in_Quantity.quantity><out_Quantity.quantity>385.674248</out_Quantity.quantity></Point><Point><position>10973</position><in_Quantity.quantity>0.000000</in_Quantity.quantity><out_Quantity.quantity>843.520319</out_Quantity.quantity></Point><Point><position>10974</position><in_Quantity.quantity>0.000000</in_Quantity.quantity><out_Quantity.quantity>260.676034</out_Quantity.quantity></Point><Point><position>10975</position><in_Quantity.quantity>0.000000</in_Quantity.quantity><out_Quantity.quantity>945.762631</out_Quantity.quantity></Point><Point><position>10976</position><in_Quantity.quantity>0.000000</in_Quantity.quantity><out_Quantity.quantity>602.880702</out_Quantity.quantity></Point><Point><position>10977</position><in_Quantity.quantity>0.000000</in_Quantity.quantity><out_Quantity.quantity>841.920020</out_Quantity.quantity></Point><Point><position>10978</position><in_Quantity.quantity>0.000000</in_Quantity.quantity><out_Quantity.quantity>928.486906</out_Quantity.quantity></Point><Point><position>10979</position><in_Quantity.quantity>0.000000</in_Quantity.quantity><out_Quantity.quantity>512.682018</out_Quantity.quantity></Point><Point><position>10980</position><in_Quantity.quantity>0.000000</in_Quantity.quantity><out_Quantity.quantity>742.837781</out_Quantity.quantity></Point><Point><position>10981</position><in_Quantity.quantity>0.000000</in_Quantity.quantity><out_Quantity.quantity>839.967828</out_Quantity.quantity></Point><Point><position>10982</position><in_Quantity.quantity>0.000000</in_Quantity.quantity><out_Quantity.quantity>891.201366</out_Quantity.quantity></Point><Point><position>10983</position><in_Quantity.quantity>0.000000</in_Quantity.quantity><out_Quantity.quantity>327.581488</out_Quantity.quantity></Point><Point><position>10984</position><in_Quantity.quantity>0.000000</in_Quantity.quantity><out_Quantity.quantity>392.144323</out_Quantity.quantity></Point><Point><position>10985</position><in_Quantity.quantity>0.000000</in_Quantity.quantity><out_Quantity.quantity>598.714751</out_Quantity.quantity></Point><Point><position>10986</position><in_Quantity.quantity>0.000000</in_Quantity.quantity><out_Quantity.quantity>975.581858</out_Quantity.quantity></Point><Point><position>10987</position><in_Quantity.quantity>0.000000</in_Quantity.quantity><out_Quantity.quantity>856.743523</out_Quantity.quantity></Point><Point><position>10988</position><in_Quantity.quantity>0.000000</in_Quantity.quantity><out_Quantity.quantity>281.919559</out_Quantity.quantity></Point><Point><position>10989</position><in_Quantity.quantity>0.000000</in_Quantity.quantity><out_Quantity.quantity>661.565928</out_Quantity.quantity></Point><Point><position>10990</position><in_Quantity.quantity>0.000000</in_Quantity.quantity><out_Quantity.quantity>896.778544</out_Quantity.quantity></Point><Point><position>10991</position><in_Quantity.quantity>0.000000</in_Quantity.quantity><out_Quantity.quantity>840.835493</out_Quantity.quantity></Point><Point><position>10992</position><in_Quantity.quantity>0.000000</in_Quantity.quantity><out_Quantity.quantity>128.441995</out_Quantity.quantity></Point><Point><position>10993</position><in_Quantity.quantity>0.000000</in_Quantity.quantity><out_Quantity.quantity>957.117217</out_Quantity.quantity></Point><Point><position>10994</position><in_Quantity.quantity>0.000000</in_Quantity.quantity><out_Quantity.quantity>649.670643</out_Quantity.quantity></Point><Point><position>10995</position><in_Quantity.quantity>0.000000</in_Quantity.quantity><out_Quantity.quantity>230.549910</out_Quantity.quantity></Point><Point><position>10996</position><in_Quantity.quantity>0.000000</in_Quantity.quantity><out_Quantity.quantity>967.369467</out_Quantity.quantity></Point><Point><position>10997</position><in_Quantity.quantity>0.000000</in_Quantity.quantity><out_Quantity.quantity>348.839447</out_Quantity.quantity></Point><Point><position>10998</position><in_Quantity.quantity>0.000000</in_Quantity.quantity><out_Quantity.quantity>382.371887</out_Quantity.quantity></Point><Point><position>10999</position><in_Quantity.quantity>0.000000</in_Quantity.quantity><out_Quantity.quantity>963.583247</out_Quantity.quantity></Point><Point><position>11000</position><in_Quantity.quantity>0.000000</in_Quantity.quantity><out_Quantity.quantity>512.272730</out_Quantity.quantity></Point><Point><position>11001</position><in_Quantity.quantity>0.000000</in_Quantity.quantity><out_Quantity.quantity>574.068801</out_Quantity.quantity></Point><Point><position>11002</position><in_Quantity.quantity>0.000000</in_Quantity.quantity><out_Quantity.quantity>835.759580</out_Quantity.quantity></Point><Point><position>11003</position><in_Quantity.quantity>0.000000</in_Quantity.quantity><out_Quantity.quantity>319.124839</out_Quantity.quantity></Point><Point><position>11004</position><in_Quantity.quantity>0.000000</in_Quantity.quantity><out_Quantity.quantity>363.939548</out_Quantity.quantity></Point><Point><position>11005</position><in_Quantity.quantity>0.000000</in_Quantity.quantity><out_Quantity.quantity>590.875286</out_Quantity.quantity></Point><Point><position>11006</position><in_Quantity.quantity>0.000000</in_Quantity.quantity><out_Quantity.quantity>365.360257</out_Quantity.quantity></Point><Point><position>11007</position><in_Quantity.quantity>0.000000</in_Quantity.quantity><out_Quantity.quantity>755.092366</out_Quantity.quantity></Point><Point><position>11008</position><in_Quantity.quantity>0.000000</in_Quantity.quantity><out_Quantity.quantity>234.327619</out_Quantity.quantity></Point><Point><position>11009</position><in_Quantity.quantity>0.000000</in_Quantity.quantity><out_Quantity.quantity>762.391879</out_Quantity.quantity></Point><Point><position>11010</position><in_Quantity.quantity>0.000000</in_Quantity.quantity><out_Quantity.quantity>724.539152</out_Quantity.quantity></Point><Point><position>11011</position><in_Quantity.quantity>0.000000</in_Quantity.quantity><out_Quantity.quantity>396.155242</out_Quantity.quantity></Point><Point><position>11012</position><in_Quantity.quantity>0.000000</in_Quantity.quantity><out_Quantity.quantity>965.586498</out_Quantity.quantity></Point><Point><position>11013</position><in_Quantity.quantity>0.000000</in_Quantity.quantity><out_Quantity.quantity>561.574070</out_Quantity.quantity></Point><Point><position>11014</position><in_Quantity.quantity>0.000000</in_Quantity.quantity><out_Quantity.quantity>940.948662</out_Quantity.quantity></Point><Point><position>11015</position><in_Quantity.quantity>0.000000</in_Quantity.quantity><out_Quantity.quantity>281.608603</out_Quantity.quantity></Point><Point><position>11016</position><in_Quantity.quantity>0.000000</in_Quantity.quantity><out_Quantity.quantity>217.348160</out_Quantity.quantity></Point><Point><position>11017</position><in_Quantity.quantity>0.000000</in_Quantity.quantity><out_Quantity.quantity>36.803575</out_Quantity.quantity></Point><Point><position>11018</position><in_Quantity.quantity>0.000000</in_Quantity.quantity><out_Quantity.quantity>715.356789</out_Quantity.quantity></Point><Point><position>11019</position><in_Quantity.quantity>0.000000</in_Quantity.quantity><out_Quantity.quantity>292.062762</out_Quantity.quantity></Point><Point><position>11020</position><in_Quantity.quantity>0.000000</in_Quantity.quantity><out_Quantity.quantity>673.028368</out_Quantity.quantity></Point><Point><position>11021</position><in_Quantity.quantity>0.000000</in_Quantity.quantity><out_Quantity.quantity>539.611968</out_Quantity.quantity></Point><Point><position>11022</position><in_Quantity.quantity>0.000000</in_Quantity.quantity><out_Quantity.quantity>663.982496</out_Quantity.quantity></Point><Point><position>11023</position><in_Quantity.quantity>0.000000</in_Quantity.quantity><out_Quantity.quantity>480.017452</out_Quantity.quantity></Point><Point><position>11024</position><in_Quantity.quantity>0.000000</in_Quantity.quantity><out_Quantity.quantity>674.404728</out_Quantity.quantity></Point><Point><position>11025</position><in_Quantity.quantity>0.000000</in_Quantity.quantity><out_Quantity.quantity>0.761397</out_Quantity.quantity></Point><Point><position>11026</position><in_Quantity.quantity>0.000000</in_Quantity.quantity><out_Quantity.quantity>936.666017</out_Quantity.quantity></Point><Point><position>11027</position><in_Quantity.quantity>0.000000</in_Quantity.quantity><out_Quantity.quantity>216.289180</out_Quantity.quantity></Point><Point><position>11028</position><in_Quantity.quantity>0.000000</in_Quantity.quantity><out_Quantity.quantity>906.961206</out_Quantity.quantity></Point><Point><position>11029</position><in_Quantity.quantity>0.000000</in_Quantity.quantity><out_Quantity.quantity>828.755464</out_Quantity.quantity></Point><Point><position>11030</position><in_Quantity.quantity>0.000000</in_Quantity.quantity><out_Quantity.quantity>38.754132</out_Quantity.quantity></Point><Point><position>11031</position><in_Quantity.quantity>0.000000</in_Quantity.quantity><out_Quantity.quantity>53.410236</out_Quantity.quantity></Point><Point><position>11032</position><in_Quantity.quantity>0.000000</in_Quantity.quantity><out_Quantity.quantity>83.331343</out_Quantity.quantity></Point><Point><position>11033</position><in_Quantity.quantity>0.000000</in_Quantity.quantity><out_Quantity.quantity>241.022653</out_Quantity.quantity></Point><Point><position>11034</position><in_Quantity.quantity>0.000000</in_Quantity.quantity><out_Quantity.quantity>336.863204</out_Quantity.quantity></Point><Point><position>11035</position><in_Quantity.quantity>0.000000</in_Quantity.quantity><out_Quantity.quantity>721.657395</out_Quantity.quantity></Point><Point><position>11036</position><in_Quantity.quantity>0.000000</in_Quantity.quantity><out_Quantity.quantity>790.177953</out_Quantity.quantity></Point><Point><position>11037</position><in_Quantity.quantity>0.000000</in_Quantity.quantity><out_Quantity.quantity>603.988765</out_Quantity.quantity></Point><Point><position>11038</position><in_Quantity.quantity>0.000000</in_Quantity.quantity><out_Quantity.quantity>324.953592</out_Quantity.quantity></Point><Point><position>11039</position><in_Quantity.quantity>0.000000</in_Quantity.quantity><out_Quantity.quantity>812.531987</out_Quantity.quantity></Point><Point><position>11040</position><in_Quantity.quantity>0.000000</in_Quantity.quantity><out_Quantity.quantity>335.794770</out_Quantity.quantity></Point><Point><position>11041</position><in_Quantity.quantity>0.000000</in_Quantity.quantity><out_Quantity.quantity>742.008458</out_Quantity.quantity></Point><Point><position>11042</position><in_Quantity.quantity>0.000000</in_Quantity.quantity><out_Quantity.quantity>481.304596</out_Quantity.quantity></Point><Point><position>11043</position><in_Quantity.quantity>0.000000</in_Quantity.quantity><out_Quantity.quantity>818.013151</out_Quantity.quantity></Point><Point><position>11044</position><in_Quantity.quantity>0.000000</in_Quantity.quantity><out_Quantity.quantity>403.236343</out_Quantity.quantity></Point><Point><position>11045</position><in_Quantity.quantity>0.000000</in_Quantity.quantity><out_Quantity.quantity>883.532792</out_Quantity.quantity></Point><Point><position>11046</position><in_Quantity.quantity>0.000000</in_Quantity.quantity><out_Quantity.quantity>867.510000</out_Quantity.quantity></Point><Point><position>11047</position><in_Quantity.quantity>0.000000</in_Quantity.quantity><out_Quantity.quantity>866.074275</out_Quantity.quantity></Point><Point><position>11048</position><in_Quantity.quantity>0.000000</in_Quantity.quantity><out_Quantity.quantity>82.926866</out_Quantity.quantity></Point><Point><position>11049</position><in_Quantity.quantity>0.000000</in_Quantity.quantity><out_Quantity.quantity>471.288646</out_Quantity.quantity></Point><Point><position>11050</position><in_Quantity.quantity>0.000000</in_Quantity.quantity><out_Quantity.quantity>403.812197</out_Quantity.quantity></Point><Point><position>11051</position><in_Quantity.quantity>0.000000</in_Quantity.quantity><out_Quantity.quantity>239.439772</out_Quantity.quantity></Point><Point><position>11052</position><in_Quantity.quantity>0.000000</in_Quantity.quantity><out_Quantity.quantity>511.722214</out_Quantity.quantity></Point><Point><position>11053</position><in_Quantity.quantity>0.000000</in_Quantity.quantity><out_Quantity.quantity>356.311577</out_Quantity.quantity></Point><Point><position>11054</position><in_Quantity.quantity>0.000000</in_Quantity.quantity><out_Quantity.quantity>183.930024</out_Quantity.quantity></Point><Point><position>11055</position><in_Quantity.quantity>0.000000</in_Quantity.quantity><out_Quantity.quantity>226.499524</out_Quantity.quantity></Point><Point><position>11056</position><in_Quantity.quantity>0.000000</in_Quantity.quantity><out_Quantity.quantity>845.737019</out_Quantity.quantity></Point><Point><position>11057</position><in_Quantity.quantity>0.000000</in_Quantity.quantity><out_Quantity.quantity>448.315851</out_Quantity.quantity></Point><Point><position>11058</position><in_Quantity.quantity>0.000000</in_Quantity.quantity><out_Quantity.quantity>926.881705</out_Quantity.quantity></Point><Point><position>11059</position><in_Quantity.quantity>0.000000</in_Quantity.quantity><out_Quantity.quantity>931.291124</out_Quantity.quantity></Point><Point><position>11060</position><in_Quantity.quantity>0.000000</in_Quantity.quantity><out_Quantity.quantity>689.988266</out_Quantity.quantity></Point><Point><position>11061</position><in_Quantity.quantity>0.000000</in_Quantity.quantity><out_Quantity.quantity>812.436768</out_Quantity.quantity></Point><Point><position>11062</position><in_Quantity.quantity>0.000000</in_Quantity.quantity><out_Quantity.quantity>738.956396</out_Quantity.quantity></Point><Point><position>11063</position><in_Quantity.quantity>0.000000</in_Quantity.quantity><out_Quantity.quantity>628.202385</out_Quantity.quantity></Point><Point><position>11064</position><in_Quantity.quantity>0.000000</in_Quantity.quantity><out_Quantity.quantity>168.017272</out_Quantity.quantity></Point><Point><position>11065</position><in_Quantity.quantity>0.000000</in_Quantity.quantity><out_Quantity.quantity>161.061977</out_Quantity.quantity></Point><Point><position>11066</position><in_Quantity.quantity>0.000000</in_Quantity.quantity><out_Quantity.quantity>80.648788</out_Quantity.quantity></Point><Point><position>11067</position><in_Quantity.quantity>0.000000</in_Quantity.quantity><out_Quantity.quantity>858.386931</out_Quantity.quantity></Point><Point><position>11068</position><in_Quantity.quantity>0.000000</in_Quantity.quantity><out_Quantity.quantity>433.489085</out_Quantity.quantity></Point><Point><position>11069</position><in_Quantity.quantity>0.000000</in_Quantity.quantity><out_Quantity.quantity>846.505181</out_Quantity.quantity></Point><Point><position>11070</position><in_Quantity.quantity>0.000000</in_Quantity.quantity><out_Quantity.quantity>494.760116</out_Quantity.quantity></Point><Point><position>11071</position><in_Quantity.quantity>0.000000</in_Quantity.quantity><out_Quantity.quantity>543.627590</out_Quantity.quantity></Point><Point><position>11072</position><in_Quantity.quantity>0.000000</in_Quantity.quantity><out_Quantity.quantity>739.908406</out_Quantity.quantity></Point><Point><position>11073</position><in_Quantity.quantity>0.000000</in_Quantity.quantity><out_Quantity.quantity>939.149528</out_Quantity.quantity></Point><Point><position>11074</position><in_Quantity.quantity>0.000000</in_Quantity.quantity><out_Quantity.quantity>122.778249</out_Quantity.quantity></Point><Point><position>11075</position><in_Quantity.quantity>0.000000</in_Quantity.quantity><out_Quantity.quantity>456.258855</out_Quantity.quantity></Point><Point><position>11076</position><in_Quantity.quantity>0.000000</in_Quantity.quantity><out_Quantity.quantity>727.725016</out_Quantity.quantity></Point><Point><position>11077</position><in_Quantity.quantity>0.000000</in_Quantity.quantity><out_Quantity.quantity>415.424863</out_Quantity.quantity></Point><Point><position>11078</position><in_Quantity.quantity>0.000000</in_Quantity.quantity><out_Quantity.quantity>945.650454</out_Quantity.quantity></Point><Point><position>11079</position><in_Quantity.quantity>0.000000</in_Quantity.quantity><out_Quantity.quantity>567.232772</out_Quantity.quantity></Point><Point><position>11080</position><in_Quantity.quantity>0.000000</in_Quantity.quantity><out_Quantity.quantity>467.401593</out_Quantity.quantity></Point><Point><position>11081</position><in_Quantity.quantity>0.000000</in_Quantity.quantity><out_Quantity.quantity>42.630141</out_Quantity.quantity></Point><Point><position>11082</position><in_Quantity.quantity>0.000000</in_Quantity.quantity><out_Quantity.quantity>679.093785</out_Quantity.quantity></Point><Point><position>11083</position><in_Quantity.quantity>0.000000</in_Quantity.quantity><out_Quantity.quantity>795.318121</out_Quantity.quantity></Point><Point><position>11084</position><in_Quantity.quantity>0.000000</in_Quantity.quantity><out_Quantity.quantity>4.522580</out_Quantity.quantity></Point><Point><position>11085</position><in_Quantity.quantity>0.000000</in_Quantity.quantity><out_Quantity.quantity>962.331220</out_Quantity.quantity></Point><Point><position>11086</position><in_Quantity.quantity>0.000000</in_Quantity.quantity><out_Quantity.quantity>365.349080</out_Quantity.quantity></Point><Point><position>11087</position><in_Quantity.quantity>0.000000</in_Quantity.quantity><out_Quantity.quantity>875.209808</out_Quantity.quantity></Point><Point><position>11088</position><in_Quantity.quantity>0.000000</in_Quantity.quantity><out_Quantity.quantity>116.805493</out_Quantity.quantity></Point><Point><position>11089</position><in_Quantity.quantity>0.000000</in_Quantity.quantity><out_Quantity.quantity>458.748678</out_Quantity.quantity></Point><Point><position>11090</position><in_Quantity.quantity>0.000000</in_Quantity.quantity><out_Quantity.quantity>969.993340</out_Quantity.quantity></Point><Point><position>11091</position><in_Quantity.quantity>0.000000</in_Quantity.quantity><out_Quantity.quantity>129.818502</out_Quantity.quantity></Point><Point><position>11092</position><in_Quantity.quantity>0.000000</in_Quantity.quantity><out_Quantity.quantity>49.769244</out_Quantity.quantity></Point><Point><position>11093</position><in_Quantity.quantity>0.000000</in_Quantity.quantity><out_Quantity.quantity>158.139483</out_Quantity.quantity></Point><Point><position>11094</position><in_Quantity.quantity>0.000000</in_Quantity.quantity><out_Quantity.quantity>9.997038</out_Quantity.quantity></Point><Point><position>11095</position><in_Quantity.quantity>0.000000</in_Quantity.quantity><out_Quantity.quantity>744.214066</out_Quantity.quantity></Point><Point><position>11096</position><in_Quantity.quantity>0.000000</in_Quantity.quantity><out_Quantity.quantity>761.504593</out_Quantity.quantity></Point><Point><position>11097</position><in_Quantity.quantity>0.000000</in_Quantity.quantity><out_Quantity.quantity>835.720305</out_Quantity.quantity></Point><Point><position>11098</position><in_Quantity.quantity>0.000000</in_Quantity.quantity><out_Quantity.quantity>884.947819</out_Quantity.quantity></Point><Point><position>11099</position><in_Quantity.quantity>0.000000</in_Quantity.quantity><out_Quantity.quantity>972.552883</out_Quantity.quantity></Point><Point><position>11100</position><in_Quantity.quantity>0.000000</in_Quantity.quantity><out_Quantity.quantity>576.859767</out_Quantity.quantity></Point><Point><position>11101</position><in_Quantity.quantity>0.000000</in_Quantity.quantity><out_Quantity.quantity>776.739621</out_Quantity.quantity></Point><Point><position>11102</position><in_Quantity.quantity>0.000000</in_Quantity.quantity><out_Quantity.quantity>401.125981</out_Quantity.quantity></Point><Point><position>11103</position><in_Quantity.quantity>0.000000</in_Quantity.quantity><out_Quantity.quantity>38.087509</out_Quantity.quantity></Point><Point><position>11104</position><in_Quantity.quantity>0.000000</in_Quantity.quantity><out_Quantity.quantity>259.944465</out_Quantity.quantity></Point><Point><position>11105</position><in_Quantity.quantity>0.000000</in_Quantity.quantity><out_Quantity.quantity>543.581276</out_Quantity.quantity></Point><Point><position>11106</position><in_Quantity.quantity>0.000000</in_Quantity.quantity><out_Quantity.quantity>349.613217</out_Quantity.quantity></Point><Point><position>11107</position><in_Quantity.quantity>0.000000</in_Quantity.quantity><out_Quantity.quantity>997.014220</out_Quantity.quantity></Point><Point><position>11108</position><in_Quantity.quantity>0.000000</in_Quantity.quantity><out_Quantity.quantity>534.881175</out_Quantity.quantity></Point><Point><position>11109</position><in_Quantity.quantity>0.000000</in_Quantity.quantity><out_Quantity.quantity>860.680169</out_Quantity.quantity></Point><Point><position>11110</position><in_Quantity.quantity>0.000000</in_Quantity.quantity><out_Quantity.quantity>698.378075</out_Quantity.quantity></Point><Point><position>11111</position><in_Quantity.quantity>0.000000</in_Quantity.quantity><out_Quantity.quantity>523.691350</out_Quantity.quantity></Point><Point><position>11112</position><in_Quantity.quantity>0.000000</in_Quantity.quantity><out_Quantity.quantity>141.105861</out_Quantity.quantity></Point><Point><position>11113</position><in_Quantity.quantity>0.000000</in_Quantity.quantity><out_Quantity.quantity>576.597545</out_Quantity.quantity></Point><Point><position>11114</position><in_Quantity.quantity>0.000000</in_Quantity.quantity><out_Quantity.quantity>927.636558</out_Quantity.quantity></Point><Point><position>11115</position><in_Quantity.quantity>0.000000</in_Quantity.quantity><out_Quantity.quantity>371.402070</out_Quantity.quantity></Point><Point><position>11116</position><in_Quantity.quantity>0.000000</in_Quantity.quantity><out_Quantity.quantity>981.949280</out_Quantity.quantity></Point><Point><position>11117</position><in_Quantity.quantity>0.000000</in_Quantity.quantity><out_Quantity.quantity>231.018749</out_Quantity.quantity></Point><Point><position>11118</position><in_Quantity.quantity>0.000000</in_Quantity.quantity><out_Quantity.quantity>664.304107</out_Quantity.quantity></Point><Point><position>11119</position><in_Quantity.quantity>0.000000</in_Quantity.quantity><out_Quantity.quantity>453.771257</out_Quantity.quantity></Point><Point><position>11120</position><in_Quantity.quantity>0.000000</in_Quantity.quantity><out_Quantity.quantity>859.831780</out_Quantity.quantity></Point><Point><position>11121</position><in_Quantity.quantity>0.000000</in_Quantity.quantity><out_Quantity.quantity>177.196955</out_Quantity.quantity></Point><Point><position>11122</position><in_Quantity.quantity>0.000000</in_Quantity.quantity><out_Quantity.quantity>556.342798</out_Quantity.quantity></Point><Point><position>11123</position><in_Quantity.quantity>0.000000</in_Quantity.quantity><out_Quantity.quantity>989.237687</out_Quantity.quantity></Point><Point><position>11124</position><in_Quantity.quantity>0.000000</in_Quantity.quantity><out_Quantity.quantity>346.448328</out_Quantity.quantity></Point><Point><position>11125</position><in_Quantity.quantity>0.000000</in_Quantity.quantity><out_Quantity.quantity>193.544182</out_Quantity.quantity></Point><Point><position>11126</position><in_Quantity.quantity>0.000000</in_Quantity.quantity><out_Quantity.quantity>788.097238</out_Quantity.quantity></Point><Point><position>11127</position><in_Quantity.quantity>0.000000</in_Quantity.quantity><out_Quantity.quantity>608.391949</out_Quantity.quantity></Point><Point><position>11128</position><in_Quantity.quantity>0.000000</in_Quantity.quantity><out_Quantity.quantity>148.321656</out_Quantity.quantity></Point><Point><position>11129</position><in_Quantity.quantity>0.000000</in_Quantity.quantity><out_Quantity.quantity>792.912596</out_Quantity.quantity></Point><Point><position>11130</position><in_Quantity.quantity>0.000000</in_Quantity.quantity><out_Quantity.quantity>445.975607</out_Quantity.quantity></Point><Point><position>11131</position><in_Quantity.quantity>0.000000</in_Quantity.quantity><out_Quantity.quantity>122.663837</out_Quantity.quantity></Point><Point><position>11132</position><in_Quantity.quantity>0.000000</in_Quantity.quantity><out_Quantity.quantity>893.106540</out_Quantity.quantity></Point><Point><position>11133</position><in_Quantity.quantity>0.000000</in_Quantity.quantity><out_Quantity.quantity>219.982532</out_Quantity.quantity></Point><Point><position>11134</position><in_Quantity.quantity>0.000000</in_Quantity.quantity><out_Quantity.quantity>46.739536</out_Quantity.quantity></Point><Point><position>11135</position><in_Quantity.quantity>0.000000</in_Quantity.quantity><out_Quantity.quantity>656.120435</out_Quantity.quantity></Point><Point><position>11136</position><in_Quantity.quantity>0.000000</in_Quantity.quantity><out_Quantity.quantity>925.923897</out_Quantity.quantity></Point><Point><position>11137</position><in_Quantity.quantity>0.000000</in_Quantity.quantity><out_Quantity.quantity>57.237851</out_Quantity.quantity></Point><Point><position>11138</position><in_Quantity.quantity>0.000000</in_Quantity.quantity><out_Quantity.quantity>726.318782</out_Quantity.quantity></Point><Point><position>11139</position><in_Quantity.quantity>0.000000</in_Quantity.quantity><out_Quantity.quantity>603.597666</out_Quantity.quantity></Point><Point><position>11140</position><in_Quantity.quantity>0.000000</in_Quantity.quantity><out_Quantity.quantity>356.266578</out_Quantity.quantity></Point><Point><position>11141</position><in_Quantity.quantity>0.000000</in_Quantity.quantity><out_Quantity.quantity>177.977181</out_Quantity.quantity></Point><Point><position>11142</position><in_Quantity.quantity>0.000000</in_Quantity.quantity><out_Quantity.quantity>135.957696</out_Quantity.quantity></Point><Point><position>11143</position><in_Quantity.quantity>0.000000</in_Quantity.quantity><out_Quantity.quantity>657.329498</out_Quantity.quantity></Point><Point><position>11144</position><in_Quantity.quantity>0.000000</in_Quantity.quantity><out_Quantity.quantity>704.057515</out_Quantity.quantity></Point><Point><position>11145</position><in_Quantity.quantity>0.000000</in_Quantity.quantity><out_Quantity.quantity>176.604687</out_Quantity.quantity></Point><Point><position>11146</position><in_Quantity.quantity>0.000000</in_Quantity.quantity><out_Quantity.quantity>50.437245</out_Quantity.quantity></Point><Point><position>11147</position><in_Quantity.quantity>0.000000</in_Quantity.quantity><out_Quantity.quantity>451.661892</out_Quantity.quantity></Point><Point><position>11148</position><in_Quantity.quantity>0.000000</in_Quantity.quantity><out_Quantity.quantity>683.545282</out_Quantity.quantity></Point><Point><position>11149</position><in_Quantity.quantity>0.000000</in_Quantity.quantity><out_Quantity.quantity>21.040384</out_Quantity.quantity></Point><Point><position>11150</position><in_Quantity.quantity>0.000000</in_Quantity.quantity><out_Quantity.quantity>384.380417</out_Quantity.quantity></Point><Point><position>11151</position><in_Quantity.quantity>0.000000</in_Quantity.quantity><out_Quantity.quantity>587.842544</out_Quantity.quantity></Point><Point><position>11152</position><in_Quantity.quantity>0.000000</in_Quantity.quantity><out_Quantity.quantity>301.960347</out_Quantity.quantity></Point><Point><position>11153</position><in_Quantity.quantity>0.000000</in_Quantity.quantity><out_Quantity.quantity>696.664521</out_Quantity.quantity></Point><Point><position>11154</position><in_Quantity.quantity>0.000000</in_Quantity.quantity><out_Quantity.quantity>16.737501</out_Quantity.quantity></Point><Point><position>11155</position><in_Quantity.quantity>0.000000</in_Quantity.quantity><out_Quantity.quantity>622.392977</out_Quantity.quantity></Point><Point><position>11156</position><in_Quantity.quantity>0.000000</in_Quantity.quantity><out_Quantity.quantity>419.041692</out_Quantity.quantity></Point><Point><position>11157</position><in_Quantity.quantity>0.000000</in_Quantity.quantity><out_Quantity.quantity>789.173785</out_Quantity.quantity></Point><Point><position>11158</position><in_Quantity.quantity>0.000000</in_Quantity.quantity><out_Quantity.quantity>565.201937</out_Quantity.quantity></Point><Point><position>11159</position><in_Quantity.quantity>0.000000</in_Quantity.quantity><out_Quantity.quantity>916.217842</out_Quantity.quantity></Point><Point><position>11160</position><in_Quantity.quantity>0.000000</in_Quantity.quantity><out_Quantity.quantity>572.628022</out_Quantity.quantity></Point><Point><position>11161</position><in_Quantity.quantity>0.000000</in_Quantity.quantity><out_Quantity.quantity>852.041710</out_Quantity.quantity></Point><Point><position>11162</position><in_Quantity.quantity>0.000000</in_Quantity.quantity><out_Quantity.quantity>722.818468</out_Quantity.quantity></Point><Point><position>11163</position><in_Quantity.quantity>0.000000</in_Quantity.quantity><out_Quantity.quantity>464.873528</out_Quantity.quantity></Point><Point><position>11164</position><in_Quantity.quantity>0.000000</in_Quantity.quantity><out_Quantity.quantity>53.866876</out_Quantity.quantity></Point><Point><position>11165</position><in_Quantity.quantity>0.000000</in_Quantity.quantity><out_Quantity.quantity>677.125904</out_Quantity.quantity></Point><Point><position>11166</position><in_Quantity.quantity>0.000000</in_Quantity.quantity><out_Quantity.quantity>161.549954</out_Quantity.quantity></Point><Point><position>11167</position><in_Quantity.quantity>0.000000</in_Quantity.quantity><out_Quantity.quantity>619.880566</out_Quantity.quantity></Point><Point><position>11168</position><in_Quantity.quantity>0.000000</in_Quantity.quantity><out_Quantity.quantity>907.572836</out_Quantity.quantity></Point><Point><position>11169</position><in_Quantity.quantity>0.000000</in_Quantity.quantity><out_Quantity.quantity>45.474949</out_Quantity.quantity></Point><Point><position>11170</position><in_Quantity.quantity>0.000000</in_Quantity.quantity><out_Quantity.quantity>391.021317</out_Quantity.quantity></Point><Point><position>11171</position><in_Quantity.quantity>0.000000</in_Quantity.quantity><out_Quantity.quantity>598.136285</out_Quantity.quantity></Point><Point><position>11172</position><in_Quantity.quantity>0.000000</in_Quantity.quantity><out_Quantity.quantity>178.239595</out_Quantity.quantity></Point><Point><position>11173</position><in_Quantity.quantity>0.000000</in_Quantity.quantity><out_Quantity.quantity>137.196501</out_Quantity.quantity></Point><Point><position>11174</position><in_Quantity.quantity>0.000000</in_Quantity.quantity><out_Quantity.quantity>942.664030</out_Quantity.quantity></Point><Point><position>11175</position><in_Quantity.quantity>0.000000</in_Quantity.quantity><out_Quantity.quantity>522.106428</out_Quantity.quantity></Point><Point><position>11176</position><in_Quantity.quantity>0.000000</in_Quantity.quantity><out_Quantity.quantity>486.682578</out_Quantity.quantity></Point><Point><position>11177</position><in_Quantity.quantity>0.000000</in_Quantity.quantity><out_Quantity.quantity>549.506949</out_Quantity.quantity></Point><Point><position>11178</position><in_Quantity.quantity>0.000000</in_Quantity.quantity><out_Quantity.quantity>551.063584</out_Quantity.quantity></Point><Point><position>11179</position><in_Quantity.quantity>0.000000</in_Quantity.quantity><out_Quantity.quantity>278.069576</out_Quantity.quantity></Point><Point><position>11180</position><in_Quantity.quantity>0.000000</in_Quantity.quantity><out_Quantity.quantity>173.063667</out_Quantity.quantity></Point><Point><position>11181</position><in_Quantity.quantity>0.000000</in_Quantity.quantity><out_Quantity.quantity>202.873510</out_Quantity.quantity></Point><Point><position>11182</position><in_Quantity.quantity>0.000000</in_Quantity.quantity><out_Quantity.quantity>821.345863</out_Quantity.quantity></Point><Point><position>11183</position><in_Quantity.quantity>0.000000</in_Quantity.quantity><out_Quantity.quantity>55.486387</out_Quantity.quantity></Point><Point><position>11184</position><in_Quantity.quantity>0.000000</in_Quantity.quantity><out_Quantity.quantity>56.464783</out_Quantity.quantity></Point><Point><position>11185</position><in_Quantity.quantity>0.000000</in_Quantity.quantity><out_Quantity.quantity>390.119590</out_Quantity.quantity></Point><Point><position>11186</position><in_Quantity.quantity>0.000000</in_Quantity.quantity><out_Quantity.quantity>240.481343</out_Quantity.quantity></Point><Point><position>11187</position><in_Quantity.quantity>0.000000</in_Quantity.quantity><out_Quantity.quantity>778.137106</out_Quantity.quantity></Point><Point><position>11188</position><in_Quantity.quantity>0.000000</in_Quantity.quantity><out_Quantity.quantity>527.620221</out_Quantity.quantity></Point><Point><position>11189</position><in_Quantity.quantity>0.000000</in_Quantity.quantity><out_Quantity.quantity>713.100362</out_Quantity.quantity></Point><Point><position>11190</position><in_Quantity.quantity>0.000000</in_Quantity.quantity><out_Quantity.quantity>953.683096</out_Quantity.quantity></Point><Point><position>11191</position><in_Quantity.quantity>0.000000</in_Quantity.quantity><out_Quantity.quantity>468.747568</out_Quantity.quantity></Point><Point><position>11192</position><in_Quantity.quantity>0.000000</in_Quantity.quantity><out_Quantity.quantity>182.526766</out_Quantity.quantity></Point><Point><position>11193</position><in_Quantity.quantity>0.000000</in_Quantity.quantity><out_Quantity.quantity>949.743286</out_Quantity.quantity></Point><Point><position>11194</position><in_Quantity.quantity>0.000000</in_Quantity.quantity><out_Quantity.quantity>534.108875</out_Quantity.quantity></Point><Point><position>11195</position><in_Quantity.quantity>0.000000</in_Quantity.quantity><out_Quantity.quantity>46.629883</out_Quantity.quantity></Point><Point><position>11196</position><in_Quantity.quantity>0.000000</in_Quantity.quantity><out_Quantity.quantity>590.496824</out_Quantity.quantity></Point><Point><position>11197</position><in_Quantity.quantity>0.000000</in_Quantity.quantity><out_Quantity.quantity>722.416299</out_Quantity.quantity></Point><Point><position>11198</position><in_Quantity.quantity>0.000000</in_Quantity.quantity><out_Quantity.quantity>273.592127</out_Quantity.quantity></Point><Point><position>11199</position><in_Quantity.quantity>0.000000</in_Quantity.quantity><out_Quantity.quantity>715.671263</out_Quantity.quantity></Point><Point><position>11200</position><in_Quantity.quantity>0.000000</in_Quantity.quantity><out_Quantity.quantity>738.448998</out_Quantity.quantity></Point><Point><position>11201</position><in_Quantity.quantity>0.000000</in_Quantity.quantity><out_Quantity.quantity>23.815772</out_Quantity.quantity></Point><Point><position>11202</position><in_Quantity.quantity>0.000000</in_Quantity.quantity><out_Quantity.quantity>189.486798</out_Quantity.quantity></Point><Point><position>11203</position><in_Quantity.quantity>0.000000</in_Quantity.quantity><out_Quantity.quantity>259.481696</out_Quantity.quantity></Point><Point><position>11204</position><in_Quantity.quantity>0.000000</in_Quantity.quantity><out_Quantity.quantity>194.027886</out_Quantity.quantity></Point><Point><position>11205</position><in_Quantity.quantity>0.000000</in_Quantity.quantity><out_Quantity.quantity>121.848867</out_Quantity.quantity></Point><Point><position>11206</position><in_Quantity.quantity>0.000000</in_Quantity.quantity><out_Quantity.quantity>377.881885</out_Quantity.quantity></Point><Point><position>11207</position><in_Quantity.quantity>0.000000</in_Quantity.quantity><out_Quantity.quantity>168.146442</out_Quantity.quantity></Point><Point><position>11208</position><in_Quantity.quantity>0.000000</in_Quantity.quantity><out_Quantity.quantity>212.914022</out_Quantity.quantity></Point><Point><position>11209</position><in_Quantity.quantity>0.000000</in_Quantity.quantity><out_Quantity.quantity>689.199297</out_Quantity.quantity></Point><Point><position>11210</position><in_Quantity.quantity>0.000000</in_Quantity.quantity><out_Quantity.quantity>525.198993</out_Quantity.quantity></Point><Point><position>11211</position><in_Quantity.quantity>0.000000</in_Quantity.quantity><out_Quantity.quantity>270.309498</out_Quantity.quantity></Point><Point><position>11212</position><in_Quantity.quantity>0.000000</in_Quantity.quantity><out_Quantity.quantity>193.425601</out_Quantity.quantity></Point><Point><position>11213</position><in_Quantity.quantity>0.000000</in_Quantity.quantity><out_Quantity.quantity>17.734675</out_Quantity.quantity></Point><Point><position>11214</position><in_Quantity.quantity>0.000000</in_Quantity.quantity><out_Quantity.quantity>981.807121</out_Quantity.quantity></Point><Point><position>11215</position><in_Quantity.quantity>0.000000</in_Quantity.quantity><out_Quantity.quantity>904.943840</out_Quantity.quantity></Point><Point><position>11216</position><in_Quantity.quantity>0.000000</in_Quantity.quantity><out_Quantity.quantity>649.108122</out_Quantity.quantity></Point><Point><position>11217</position><in_Quantity.quantity>0.000000</in_Quantity.quantity><out_Quantity.quantity>299.976977</out_Quantity.quantity></Point><Point><position>11218</position><in_Quantity.quantity>0.000000</in_Quantity.quantity><out_Quantity.quantity>383.746598</out_Quantity.quantity></Point><Point><position>11219</position><in_Quantity.quantity>0.000000</in_Quantity.quantity><out_Quantity.quantity>204.077468</out_Quantity.quantity></Point><Point><position>11220</position><in_Quantity.quantity>0.000000</in_Quantity.quantity><out_Quantity.quantity>150.196726</out_Quantity.quantity></Point><Point><position>11221</position><in_Quantity.quantity>0.000000</in_Quantity.quantity><out_Quantity.quantity>307.406792</out_Quantity.quantity></Point><Point><position>11222</position><in_Quantity.quantity>0.000000</in_Quantity.quantity><out_Quantity.quantity>731.718293</out_Quantity.quantity></Point><Point><position>11223</position><in_Quantity.quantity>0.000000</in_Quantity.quantity><out_Quantity.quantity>577.342251</out_Quantity.quantity></Point><Point><position>11224</position><in_Quantity.quantity>0.000000</in_Quantity.quantity><out_Quantity.quantity>407.566977</out_Quantity.quantity></Point><Point><position>11225</position><in_Quantity.quantity>0.000000</in_Quantity.quantity><out_Quantity.quantity>378.389201</out_Quantity.quantity></Point><Point><position>11226</position><in_Quantity.quantity>0.000000</in_Quantity.quantity><out_Quantity.quantity>873.470362</out_Quantity.quantity></Point><Point><position>11227</position><in_Quantity.quantity>0.000000</in_Quantity.quantity><out_Quantity.quantity>102.123555</out_Quantity.quantity></Point><Point><position>11228</position><in_Quantity.quantity>0.000000</in_Quantity.quantity><out_Quantity.quantity>509.267308</out_Quantity.quantity></Point><Point><position>11229</position><in_Quantity.quantity>0.000000</in_Quantity.quantity><out_Quantity.quantity>515.189823</out_Quantity.quantity></Point><Point><position>11230</position><in_Quantity.quantity>0.000000</in_Quantity.quantity><out_Quantity.quantity>103.701410</out_Quantity.quantity></Point><Point><position>11231</position><in_Quantity.quantity>0.000000</in_Quantity.quantity><out_Quantity.quantity>685.005243</out_Quantity.quantity></Point><Point><position>11232</position><in_Quantity.quantity>0.000000</in_Quantity.quantity><out_Quantity.quantity>415.424001</out_Quantity.quantity></Point><Point><position>11233</position><in_Quantity.quantity>0.000000</in_Quantity.quantity><out_Quantity.quantity>127.136109</out_Quantity.quantity></Point><Point><position>11234</position><in_Quantity.quantity>0.000000</in_Quantity.quantity><out_Quantity.quantity>701.444839</out_Quantity.quantity></Point><Point><position>11235</position><in_Quantity.quantity>0.000000</in_Quantity.quantity><out_Quantity.quantity>80.855608</out_Quantity.quantity></Point><Point><position>11236</position><in_Quantity.quantity>0.000000</in_Quantity.quantity><out_Quantity.quantity>524.386125</out_Quantity.quantity></Point><Point><position>11237</position><in_Quantity.quantity>0.000000</in_Quantity.quantity><out_Quantity.quantity>693.800717</out_Quantity.quantity></Point><Point><position>11238</position><in_Quantity.quantity>0.000000</in_Quantity.quantity><out_Quantity.quantity>559.514515</out_Quantity.quantity></Point><Point><position>11239</position><in_Quantity.quantity>0.000000</in_Quantity.quantity><out_Quantity.quantity>449.011557</out_Quantity.quantity></Point><Point><position>11240</position><in_Quantity.quantity>0.000000</in_Quantity.quantity><out_Quantity.quantity>745.997239</out_Quantity.quantity></Point><Point><position>11241</position><in_Quantity.quantity>0.000000</in_Quantity.quantity><out_Quantity.quantity>240.679782</out_Quantity.quantity></Point><Point><position>11242</position><in_Quantity.quantity>0.000000</in_Quantity.quantity><out_Quantity.quantity>82.550712</out_Quantity.quantity></Point><Point><position>11243</position><in_Quantity.quantity>0.000000</in_Quantity.quantity><out_Quantity.quantity>264.395814</out_Quantity.quantity></Point><Point><position>11244</position><in_Quantity.quantity>0.000000</in_Quantity.quantity><out_Quantity.quantity>412.502553</out_Quantity.quantity></Point><Point><position>11245</position><in_Quantity.quantity>0.000000</in_Quantity.quantity><out_Quantity.quantity>670.061822</out_Quantity.quantity></Point><Point><position>11246</position><in_Quantity.quantity>0.000000</in_Quantity.quantity><out_Quantity.quantity>448.736799</out_Quantity.quantity></Point><Point><position>11247</position><in_Quantity.quantity>0.000000</in_Quantity.quantity><out_Quantity.quantity>76.179148</out_Quantity.quantity></Point><Point><position>11248</position><in_Quantity.quantity>0.000000</in_Quantity.quantity><out_Quantity.quantity>131.650347</out_Quantity.quantity></Point><Point><position>11249</position><in_Quantity.quantity>0.000000</in_Quantity.quantity><out_Quantity.quantity>374.729481</out_Quantity.quantity></Point><Point><position>11250</position><in_Quantity.quantity>0.000000</in_Quantity.quantity><out_Quantity.quantity>280.558563</out_Quantity.quantity></Point><Point><position>11251</position><in_Quantity.quantity>0.000000</in_Quantity.quantity><out_Quantity.quantity>556.315069</out_Quantity.quantity></Point><Point><position>11252</position><in_Quantity.quantity>0.000000</in_Quantity.quantity><out_Quantity.quantity>810.253329</out_Quantity.quantity></Point><Point><position>11253</position><in_Quantity.quantity>0.000000</in_Quantity.quantity><out_Quantity.quantity>406.914283</out_Quantity.quantity></Point><Point><position>11254</position><in_Quantity.quantity>0.000000</in_Quantity.quantity><out_Quantity.quantity>475.026546</out_Quantity.quantity></Point><Point><position>11255</position><in_Quantity.quantity>0.000000</in_Quantity.quantity><out_Quantity.quantity>583.049652</out_Quantity.quantity></Point><Point><position>11256</position><in_Quantity.quantity>0.000000</in_Quantity.quantity><out_Quantity.quantity>480.124306</out_Quantity.quantity></Point><Point><position>11257</position><in_Quantity.quantity>0.000000</in_Quantity.quantity><out_Quantity.quantity>74.930476</out_Quantity.quantity></Point><Point><position>11258</position><in_Quantity.quantity>0.000000</in_Quantity.quantity><out_Quantity.quantity>435.505672</out_Quantity.quantity></Point><Point><position>11259</position><in_Quantity.quantity>0.000000</in_Quantity.quantity><out_Quantity.quantity>436.414206</out_Quantity.quantity></Point><Point><position>11260</position><in_Quantity.quantity>0.000000</in_Quantity.quantity><out_Quantity.quantity>37.741923</out_Quantity.quantity></Point><Point><position>11261</position><in_Quantity.quantity>0.000000</in_Quantity.quantity><out_Quantity.quantity>601.476266</out_Quantity.quantity></Point><Point><position>11262</position><in_Quantity.quantity>0.000000</in_Quantity.quantity><out_Quantity.quantity>949.083513</out_Quantity.quantity></Point><Point><position>11263</position><in_Quantity.quantity>0.000000</in_Quantity.quantity><out_Quantity.quantity>427.190810</out_Quantity.quantity></Point><Point><position>11264</position><in_Quantity.quantity>0.000000</in_Quantity.quantity><out_Quantity.quantity>421.167784</out_Quantity.quantity></Point><Point><position>11265</position><in_Quantity.quantity>0.000000</in_Quantity.quantity><out_Quantity.quantity>492.698017</out_Quantity.quantity></Point><Point><position>11266</position><in_Quantity.quantity>0.000000</in_Quantity.quantity><out_Quantity.quantity>836.589428</out_Quantity.quantity></Point><Point><position>11267</position><in_Quantity.quantity>0.000000</in_Quantity.quantity><out_Quantity.quantity>643.174179</out_Quantity.quantity></Point><Point><position>11268</position><in_Quantity.quantity>0.000000</in_Quantity.quantity><out_Quantity.quantity>299.703767</out_Quantity.quantity></Point><Point><position>11269</position><in_Quantity.quantity>0.000000</in_Quantity.quantity><out_Quantity.quantity>76.294919</out_Quantity.quantity></Point><Point><position>11270</position><in_Quantity.quantity>0.000000</in_Quantity.quantity><out_Quantity.quantity>296.124936</out_Quantity.quantity></Point><Point><position>11271</position><in_Quantity.quantity>0.000000</in_Quantity.quantity><out_Quantity.quantity>639.213766</out_Quantity.quantity></Point><Point><position>11272</position><in_Quantity.quantity>0.000000</in_Quantity.quantity><out_Quantity.quantity>800.148073</out_Quantity.quantity></Point><Point><position>11273</position><in_Quantity.quantity>0.000000</in_Quantity.quantity><out_Quantity.quantity>35.625559</out_Quantity.quantity></Point><Point><position>11274</position><in_Quantity.quantity>0.000000</in_Quantity.quantity><out_Quantity.quantity>980.039232</out_Quantity.quantity></Point><Point><position>11275</position><in_Quantity.quantity>0.000000</in_Quantity.quantity><out_Quantity.quantity>384.894929</out_Quantity.quantity></Point><Point><position>11276</position><in_Quantity.quantity>0.000000</in_Quantity.quantity><out_Quantity.quantity>52.253836</out_Quantity.quantity></Point><Point><position>11277</position><in_Quantity.quantity>0.000000</in_Quantity.quantity><out_Quantity.quantity>425.946283</out_Quantity.quantity></Point><Point><position>11278</position><in_Quantity.quantity>0.000000</in_Quantity.quantity><out_Quantity.quantity>643.102557</out_Quantity.quantity></Point><Point><position>11279</position><in_Quantity.quantity>0.000000</in_Quantity.quantity><out_Quantity.quantity>97.134411</out_Quantity.quantity></Point><Point><position>11280</position><in_Quantity.quantity>0.000000</in_Quantity.quantity><out_Quantity.quantity>508.232675</out_Quantity.quantity></Point><Point><position>11281</position><in_Quantity.quantity>0.000000</in_Quantity.quantity><out_Quantity.quantity>914.725641</out_Quantity.quantity></Point><Point><position>11282</position><in_Quantity.quantity>0.000000</in_Quantity.quantity><out_Quantity.quantity>244.160576</out_Quantity.quantity></Point><Point><position>11283</position><in_Quantity.quantity>0.000000</in_Quantity.quantity><out_Quantity.quantity>528.853731</out_Quantity.quantity></Point><Point><position>11284</position><in_Quantity.quantity>0.000000</in_Quantity.quantity><out_Quantity.quantity>560.698514</out_Quantity.quantity></Point><Point><position>11285</position><in_Quantity.quantity>0.000000</in_Quantity.quantity><out_Quantity.quantity>301.343538</out_Quantity.quantity></Point><Point><position>11286</position><in_Quantity.quantity>0.000000</in_Quantity.quantity><out_Quantity.quantity>496.992851</out_Quantity.quantity></Point><Point><position>11287</position><in_Quantity.quantity>0.000000</in_Quantity.quantity><out_Quantity.quantity>753.705186</out_Quantity.quantity></Point><Point><position>11288</position><in_Quantity.quantity>0.000000</in_Quantity.quantity><out_Quantity.quantity>988.202753</out_Quantity.quantity></Point><Point><position>11289</position><in_Quantity.quantity>0.000000</in_Quantity.quantity><out_Quantity.quantity>803.894449</out_Quantity.quantity></Point><Point><position>11290</position><in_Quantity.quantity>0.000000</in_Quantity.quantity><out_Quantity.quantity>603.040652</out_Quantity.quantity></Point><Point><position>11291</position><in_Quantity.quantity>0.000000</in_Quantity.quantity><out_Quantity.quantity>829.719779</out_Quantity.quantity></Point><Point><position>11292</position><in_Quantity.quantity>0.000000</in_Quantity.quantity><out_Quantity.quantity>217.647577</out_Quantity.quantity></Point><Point><position>11293</position><in_Quantity.quantity>0.000000</in_Quantity.quantity><out_Quantity.quantity>157.544953</out_Quantity.quantity></Point><Point><position>11294</position><in_Quantity.quantity>0.000000</in_Quantity.quantity><out_Quantity.quantity>25.772035</out_Quantity.quantity></Point><Point><position>11295</position><in_Quantity.quantity>0.000000</in_Quantity.quantity><out_Quantity.quantity>454.122138</out_Quantity.quantity></Point><Point><position>11296</position><in_Quantity.quantity>0.000000</in_Quantity.quantity><out_Quantity.quantity>939.915164</out_Quantity.quantity></Point><Point><position>11297</position><in_Quantity.quantity>0.000000</in_Quantity.quantity><out_Quantity.quantity>594.670599</out_Quantity.quantity></Point><Point><position>11298</position><in_Quantity.quantity>0.000000</in_Quantity.quantity><out_Quantity.quantity>552.269580</out_Quantity.quantity></Point><Point><position>11299</position><in_Quantity.quantity>0.000000</in_Quantity.quantity><out_Quantity.quantity>691.332790</out_Quantity.quantity></Point><Point><position>11300</position><in_Quantity.quantity>0.000000</in_Quantity.quantity><out_Quantity.quantity>944.428456</out_Quantity.quantity></Point><Point><position>11301</position><in_Quantity.quantity>0.000000</in_Quantity.quantity><out_Quantity.quantity>538.009725</out_Quantity.quantity></Point><Point><position>11302</position><in_Quantity.quantity>0.000000</in_Quantity.quantity><out_Quantity.quantity>80.197556</out_Quantity.quantity></Point><Point><position>11303</position><in_Quantity.quantity>0.000000</in_Quantity.quantity><out_Quantity.quantity>469.632521</out_Quantity.quantity></Point><Point><position>11304</position><in_Quantity.quantity>0.000000</in_Quantity.quantity><out_Quantity.quantity>539.370003</out_Quantity.quantity></Point><Point><position>11305</position><in_Quantity.quantity>0.000000</in_Quantity.quantity><out_Quantity.quantity>37.777534</out_Quantity.quantity></Point><Point><position>11306</position><in_Quantity.quantity>0.000000</in_Quantity.quantity><out_Quantity.quantity>585.139021</out_Quantity.quantity></Point><Point><position>11307</position><in_Quantity.quantity>0.000000</in_Quantity.quantity><out_Quantity.quantity>292.678513</out_Quantity.quantity></Point><Point><position>11308</position><in_Quantity.quantity>0.000000</in_Quantity.quantity><out_Quantity.quantity>109.097798</out_Quantity.quantity></Point><Point><position>11309</position><in_Quantity.quantity>0.000000</in_Quantity.quantity><out_Quantity.quantity>530.620583</out_Quantity.quantity></Point><Point><position>11310</position><in_Quantity.quantity>0.000000</in_Quantity.quantity><out_Quantity.quantity>36.651430</out_Quantity.quantity></Point><Point><position>11311</position><in_Quantity.quantity>0.000000</in_Quantity.quantity><out_Quantity.quantity>128.234211</out_Quantity.quantity></Point><Point><position>11312</position><in_Quantity.quantity>0.000000</in_Quantity.quantity><out_Quantity.quantity>461.747584</out_Quantity.quantity></Point><Point><position>11313</position><in_Quantity.quantity>0.000000</in_Quantity.quantity><out_Quantity.quantity>54.417623</out_Quantity.quantity></Point><Point><position>11314</position><in_Quantity.quantity>0.000000</in_Quantity.quantity><out_Quantity.quantity>619.774000</out_Quantity.quantity></Point><Point><position>11315</position><in_Quantity.quantity>0.000000</in_Quantity.quantity><out_Quantity.quantity>489.647188</out_Quantity.quantity></Point><Point><position>11316</position><in_Quantity.quantity>0.000000</in_Quantity.quantity><out_Quantity.quantity>411.279249</out_Quantity.quantity></Point><Point><position>11317</position><in_Quantity.quantity>0.000000</in_Quantity.quantity><out_Quantity.quantity>693.583299</out_Quantity.quantity></Point><Point><position>11318</position><in_Quantity.quantity>0.000000</in_Quantity.quantity><out_Quantity.quantity>464.129546</out_Quantity.quantity></Point><Point><position>11319</position><in_Quantity.quantity>0.000000</in_Quantity.quantity><out_Quantity.quantity>944.676420</out_Quantity.quantity></Point><Point><position>11320</position><in_Quantity.quantity>0.000000</in_Quantity.quantity><out_Quantity.quantity>756.215377</out_Quantity.quantity></Point><Point><position>11321</position><in_Quantity.quantity>0.000000</in_Quantity.quantity><out_Quantity.quantity>275.773863</out_Quantity.quantity></Point><Point><position>11322</position><in_Quantity.quantity>0.000000</in_Quantity.quantity><out_Quantity.quantity>399.634329</out_Quantity.quantity></Point><Point><position>11323</position><in_Quantity.quantity>0.000000</in_Quantity.quantity><out_Quantity.quantity>604.463389</out_Quantity.quantity></Point><Point><position>11324</position><in_Quantity.quantity>0.000000</in_Quantity.quantity><out_Quantity.quantity>519.043664</out_Quantity.quantity></Point><Point><position>11325</position><in_Quantity.quantity>0.000000</in_Quantity.quantity><out_Quantity.quantity>548.746675</out_Quantity.quantity></Point><Point><position>11326</position><in_Quantity.quantity>0.000000</in_Quantity.quantity><out_Quantity.quantity>561.208421</out_Quantity.quantity></Point><Point><position>11327</position><in_Quantity.quantity>0.000000</in_Quantity.quantity><out_Quantity.quantity>899.245841</out_Quantity.quantity></Point><Point><position>11328</position><in_Quantity.quantity>0.000000</in_Quantity.quantity><out_Quantity.quantity>10.264981</out_Quantity.quantity></Point><Point><position>11329</position><in_Quantity.quantity>0.000000</in_Quantity.quantity><out_Quantity.quantity>868.986007</out_Quantity.quantity></Point><Point><position>11330</position><in_Quantity.quantity>0.000000</in_Quantity.quantity><out_Quantity.quantity>827.443340</out_Quantity.quantity></Point><Point><position>11331</position><in_Quantity.quantity>0.000000</in_Quantity.quantity><out_Quantity.quantity>8.170351</out_Quantity.quantity></Point><Point><position>11332</position><in_Quantity.quantity>0.000000</in_Quantity.quantity><out_Quantity.quantity>823.044932</out_Quantity.quantity></Point><Point><position>11333</position><in_Quantity.quantity>0.000000</in_Quantity.quantity><out_Quantity.quantity>435.646088</out_Quantity.quantity></Point><Point><position>11334</position><in_Quantity.quantity>0.000000</in_Quantity.quantity><out_Quantity.quantity>985.396028</out_Quantity.quantity></Point><Point><position>11335</position><in_Quantity.quantity>0.000000</in_Quantity.quantity><out_Quantity.quantity>149.962491</out_Quantity.quantity></Point><Point><position>11336</position><in_Quantity.quantity>0.000000</in_Quantity.quantity><out_Quantity.quantity>203.855175</out_Quantity.quantity></Point><Point><position>11337</position><in_Quantity.quantity>0.000000</in_Quantity.quantity><out_Quantity.quantity>934.741082</out_Quantity.quantity></Point><Point><position>11338</position><in_Quantity.quantity>0.000000</in_Quantity.quantity><out_Quantity.quantity>61.684416</out_Quantity.quantity></Point><Point><position>11339</position><in_Quantity.quantity>0.000000</in_Quantity.quantity><out_Quantity.quantity>272.109684</out_Quantity.quantity></Point><Point><position>11340</position><in_Quantity.quantity>0.000000</in_Quantity.quantity><out_Quantity.quantity>972.915409</out_Quantity.quantity></Point><Point><position>11341</position><in_Quantity.quantity>0.000000</in_Quantity.quantity><out_Quantity.quantity>907.210653</out_Quantity.quantity></Point><Point><position>11342</position><in_Quantity.quantity>0.000000</in_Quantity.quantity><out_Quantity.quantity>287.194754</out_Quantity.quantity></Point><Point><position>11343</position><in_Quantity.quantity>0.000000</in_Quantity.quantity><out_Quantity.quantity>172.793269</out_Quantity.quantity></Point><Point><position>11344</position><in_Quantity.quantity>0.000000</in_Quantity.quantity><out_Quantity.quantity>885.682586</out_Quantity.quantity></Point><Point><position>11345</position><in_Quantity.quantity>0.000000</in_Quantity.quantity><out_Quantity.quantity>56.215528</out_Quantity.quantity></Point><Point><position>11346</position><in_Quantity.quantity>0.000000</in_Quantity.quantity><out_Quantity.quantity>147.278585</out_Quantity.quantity></Point><Point><position>11347</position><in_Quantity.quantity>0.000000</in_Quantity.quantity><out_Quantity.quantity>682.235662</out_Quantity.quantity></Point><Point><position>11348</position><in_Quantity.quantity>0.000000</in_Quantity.quantity><out_Quantity.quantity>971.698091</out_Quantity.quantity></Point><Point><position>11349</position><in_Quantity.quantity>0.000000</in_Quantity.quantity><out_Quantity.quantity>17.933495</out_Quantity.quantity></Point><Point><position>11350</position><in_Quantity.quantity>0.000000</in_Quantity.quantity><out_Quantity.quantity>366.820846</out_Quantity.quantity></Point><Point><position>11351</position><in_Quantity.quantity>0.000000</in_Quantity.quantity><out_Quantity.quantity>967.875155</out_Quantity.quantity></Point><Point><position>11352</position><in_Quantity.quantity>0.000000</in_Quantity.quantity><out_Quantity.quantity>771.163727</out_Quantity.quantity></Point><Point><position>11353</position><in_Quantity.quantity>0.000000</in_Quantity.quantity><out_Quantity.quantity>359.487506</out_Quantity.quantity></Point><Point><position>11354</position><in_Quantity.quantity>0.000000</in_Quantity.quantity><out_Quantity.quantity>980.435399</out_Quantity.quantity></Point><Point><position>11355</position><in_Quantity.quantity>0.000000</in_Quantity.quantity><out_Quantity.quantity>936.458031</out_Quantity.quantity></Point><Point><position>11356</position><in_Quantity.quantity>0.000000</in_Quantity.quantity><out_Quantity.quantity>485.237881</out_Quantity.quantity></Point><Point><position>11357</position><in_Quantity.quantity>0.000000</in_Quantity.quantity><out_Quantity.quantity>754.941219</out_Quantity.quantity></Point><Point><position>11358</position><in_Quantity.quantity>0.000000</in_Quantity.quantity><out_Quantity.quantity>546.264678</out_Quantity.quantity></Point><Point><position>11359</position><in_Quantity.quantity>0.000000</in_Quantity.quantity><out_Quantity.quantity>337.060301</out_Quantity.quantity></Point><Point><position>11360</position><in_Quantity.quantity>0.000000</in_Quantity.quantity><out_Quantity.quantity>141.607283</out_Quantity.quantity></Point><Point><position>11361</position><in_Quantity.quantity>0.000000</in_Quantity.quantity><out_Quantity.quantity>185.860000</out_Quantity.quantity></Point><Point><position>11362</position><in_Quantity.quantity>0.000000</in_Quantity.quantity><out_Quantity.quantity>909.419861</out_Quantity.quantity></Point><Point><position>11363</position><in_Quantity.quantity>0.000000</in_Quantity.quantity><out_Quantity.quantity>541.996758</out_Quantity.quantity></Point><Point><position>11364</position><in_Quantity.quantity>0.000000</in_Quantity.quantity><out_Quantity.quantity>521.381407</out_Quantity.quantity></Point><Point><position>11365</position><in_Quantity.quantity>0.000000</in_Quantity.quantity><out_Quantity.quantity>608.017873</out_Quantity.quantity></Point><Point><position>11366</position><in_Quantity.quantity>0.000000</in_Quantity.quantity><out_Quantity.quantity>948.244606</out_Quantity.quantity></Point><Point><position>11367</position><in_Quantity.quantity>0.000000</in_Quantity.quantity><out_Quantity.quantity>770.516902</out_Quantity.quantity></Point><Point><position>11368</position><in_Quantity.quantity>0.000000</in_Quantity.quantity><out_Quantity.quantity>908.381565</out_Quantity.quantity></Point><Point><position>11369</position><in_Quantity.quantity>0.000000</in_Quantity.quantity><out_Quantity.quantity>700.951066</out_Quantity.quantity></Point><Point><position>11370</position><in_Quantity.quantity>0.000000</in_Quantity.quantity><out_Quantity.quantity>385.279712</out_Quantity.quantity></Point><Point><position>11371</position><in_Quantity.quantity>0.000000</in_Quantity.quantity><out_Quantity.quantity>496.927353</out_Quantity.quantity></Point><Point><position>11372</position><in_Quantity.quantity>0.000000</in_Quantity.quantity><out_Quantity.quantity>797.284126</out_Quantity.quantity></Point><Point><position>11373</position><in_Quantity.quantity>0.000000</in_Quantity.quantity><out_Quantity.quantity>543.991512</out_Quantity.quantity></Point><Point><position>11374</position><in_Quantity.quantity>0.000000</in_Quantity.quantity><out_Quantity.quantity>71.340975</out_Quantity.quantity></Point><Point><position>11375</position><in_Quantity.quantity>0.000000</in_Quantity.quantity><out_Quantity.quantity>186.349129</out_Quantity.quantity></Point><Point><position>11376</position><in_Quantity.quantity>0.000000</in_Quantity.quantity><out_Quantity.quantity>797.812017</out_Quantity.quantity></Point><Point><position>11377</position><in_Quantity.quantity>0.000000</in_Quantity.quantity><out_Quantity.quantity>623.917299</out_Quantity.quantity></Point><Point><position>11378</position><in_Quantity.quantity>0.000000</in_Quantity.quantity><out_Quantity.quantity>19.722063</out_Quantity.quantity></Point><Point><position>11379</position><in_Quantity.quantity>0.000000</in_Quantity.quantity><out_Quantity.quantity>255.100067</out_Quantity.quantity></Point><Point><position>11380</position><in_Quantity.quantity>0.000000</in_Quantity.quantity><out_Quantity.quantity>156.588585</out_Quantity.quantity></Point><Point><position>11381</position><in_Quantity.quantity>0.000000</in_Quantity.quantity><out_Quantity.quantity>884.084878</out_Quantity.quantity></Point><Point><position>11382</position><in_Quantity.quantity>0.000000</in_Quantity.quantity><out_Quantity.quantity>16.130289</out_Quantity.quantity></Point><Point><position>11383</position><in_Quantity.quantity>0.000000</in_Quantity.quantity><out_Quantity.quantity>288.198186</out_Quantity.quantity></Point><Point><position>11384</position><in_Quantity.quantity>0.000000</in_Quantity.quantity><out_Quantity.quantity>761.919257</out_Quantity.quantity></Point><Point><position>11385</position><in_Quantity.quantity>0.000000</in_Quantity.quantity><out_Quantity.quantity>909.565049</out_Quantity.quantity></Point><Point><position>11386</position><in_Quantity.quantity>0.000000</in_Quantity.quantity><out_Quantity.quantity>841.442597</out_Quantity.quantity></Point><Point><position>11387</position><in_Quantity.quantity>0.000000</in_Quantity.quantity><out_Quantity.quantity>991.816845</out_Quantity.quantity></Point><Point><position>11388</position><in_Quantity.quantity>0.000000</in_Quantity.quantity><out_Quantity.quantity>964.839573</out_Quantity.quantity></Point><Point><position>11389</position><in_Quantity.quantity>0.000000</in_Quantity.quantity><out_Quantity.quantity>387.058482</out_Quantity.quantity></Point><Point><position>11390</position><in_Quantity.quantity>0.000000</in_Quantity.quantity><out_Quantity.quantity>143.292928</out_Quantity.quantity></Point><Point><position>11391</position><in_Quantity.quantity>0.000000</in_Quantity.quantity><out_Quantity.quantity>775.038773</out_Quantity.quantity></Point><Point><position>11392</position><in_Quantity.quantity>0.000000</in_Quantity.quantity><out_Quantity.quantity>693.555137</out_Quantity.quantity></Point><Point><position>11393</position><in_Quantity.quantity>0.000000</in_Quantity.quantity><out_Quantity.quantity>430.582999</out_Quantity.quantity></Point><Point><position>11394</position><in_Quantity.quantity>0.000000</in_Quantity.quantity><out_Quantity.quantity>406.095969</out_Quantity.quantity></Point><Point><position>11395</position><in_Quantity.quantity>0.000000</in_Quantity.quantity><out_Quantity.quantity>401.095038</out_Quantity.quantity></Point><Point><position>11396</position><in_Quantity.quantity>0.000000</in_Quantity.quantity><out_Quantity.quantity>971.956983</out_Quantity.quantity></Point><Point><position>11397</position><in_Quantity.quantity>0.000000</in_Quantity.quantity><out_Quantity.quantity>879.246341</out_Quantity.quantity></Point><Point><position>11398</position><in_Quantity.quantity>0.000000</in_Quantity.quantity><out_Quantity.quantity>472.564119</out_Quantity.quantity></Point><Point><position>11399</position><in_Quantity.quantity>0.000000</in_Quantity.quantity><out_Quantity.quantity>766.875707</out_Quantity.quantity></Point><Point><position>11400</position><in_Quantity.quantity>0.000000</in_Quantity.quantity><out_Quantity.quantity>164.539789</out_Quantity.quantity></Point><Point><position>11401</position><in_Quantity.quantity>0.000000</in_Quantity.quantity><out_Quantity.quantity>644.262905</out_Quantity.quantity></Point><Point><position>11402</position><in_Quantity.quantity>0.000000</in_Quantity.quantity><out_Quantity.quantity>152.718745</out_Quantity.quantity></Point><Point><position>11403</position><in_Quantity.quantity>0.000000</in_Quantity.quantity><out_Quantity.quantity>196.202842</out_Quantity.quantity></Point><Point><position>11404</position><in_Quantity.quantity>0.000000</in_Quantity.quantity><out_Quantity.quantity>831.343244</out_Quantity.quantity></Point><Point><position>11405</position><in_Quantity.quantity>0.000000</in_Quantity.quantity><out_Quantity.quantity>872.497784</out_Quantity.quantity></Point><Point><position>11406</position><in_Quantity.quantity>0.000000</in_Quantity.quantity><out_Quantity.quantity>799.741384</out_Quantity.quantity></Point><Point><position>11407</position><in_Quantity.quantity>0.000000</in_Quantity.quantity><out_Quantity.quantity>52.108409</out_Quantity.quantity></Point><Point><position>11408</position><in_Quantity.quantity>0.000000</in_Quantity.quantity><out_Quantity.quantity>617.254848</out_Quantity.quantity></Point><Point><position>11409</position><in_Quantity.quantity>0.000000</in_Quantity.quantity><out_Quantity.quantity>636.589489</out_Quantity.quantity></Point><Point><position>11410</position><in_Quantity.quantity>0.000000</in_Quantity.quantity><out_Quantity.quantity>90.144171</out_Quantity.quantity></Point><Point><position>11411</position><in_Quantity.quantity>0.000000</in_Quantity.quantity><out_Quantity.quantity>688.175049</out_Quantity.quantity></Point><Point><position>11412</position><in_Quantity.quantity>0.000000</in_Quantity.quantity><out_Quantity.quantity>112.857162</out_Quantity.quantity></Point><Point><position>11413</position><in_Quantity.quantity>0.000000</in_Quantity.quantity><out_Quantity.quantity>821.995591</out_Quantity.quantity></Point><Point><position>11414</position><in_Quantity.quantity>0.000000</in_Quantity.quantity><out_Quantity.quantity>274.288103</out_Quantity.quantity></Point><Point><position>11415</position><in_Quantity.quantity>0.000000</in_Quantity.quantity><out_Quantity.quantity>625.054313</out_Quantity.quantity></Point><Point><position>11416</position><in_Quantity.quantity>0.000000</in_Quantity.quantity><out_Quantity.quantity>743.934390</out_Quantity.quantity></Point><Point><position>11417</position><in_Quantity.quantity>0.000000</in_Quantity.quantity><out_Quantity.quantity>664.118207</out_Quantity.quantity></Point><Point><position>11418</position><in_Quantity.quantity>0.000000</in_Quantity.quantity><out_Quantity.quantity>301.381232</out_Quantity.quantity></Point><Point><position>11419</position><in_Quantity.quantity>0.000000</in_Quantity.quantity><out_Quantity.quantity>795.641273</out_Quantity.quantity></Point><Point><position>11420</position><in_Quantity.quantity>0.000000</in_Quantity.quantity><out_Quantity.quantity>89.808135</out_Quantity.quantity></Point><Point><position>11421</position><in_Quantity.quantity>0.000000</in_Quantity.quantity><out_Quantity.quantity>711.203757</out_Quantity.quantity></Point><Point><position>11422</position><in_Quantity.quantity>0.000000</in_Quantity.quantity><out_Quantity.quantity>905.794078</out_Quantity.quantity></Point><Point><position>11423</position><in_Quantity.quantity>0.000000</in_Quantity.quantity><out_Quantity.quantity>369.344603</out_Quantity.quantity></Point><Point><position>11424</position><in_Quantity.quantity>0.000000</in_Quantity.quantity><out_Quantity.quantity>790.757904</out_Quantity.quantity></Point><Point><position>11425</position><in_Quantity.quantity>0.000000</in_Quantity.quantity><out_Quantity.quantity>418.634748</out_Quantity.quantity></Point><Point><position>11426</position><in_Quantity.quantity>0.000000</in_Quantity.quantity><out_Quantity.quantity>355.710753</out_Quantity.quantity></Point><Point><position>11427</position><in_Quantity.quantity>0.000000</in_Quantity.quantity><out_Quantity.quantity>336.122023</out_Quantity.quantity></Point><Point><position>11428</position><in_Quantity.quantity>0.000000</in_Quantity.quantity><out_Quantity.quantity>999.129558</out_Quantity.quantity></Point><Point><position>11429</position><in_Quantity.quantity>0.000000</in_Quantity.quantity><out_Quantity.quantity>389.010223</out_Quantity.quantity></Point><Point><position>11430</position><in_Quantity.quantity>0.000000</in_Quantity.quantity><out_Quantity.quantity>106.978508</out_Quantity.quantity></Point><Point><position>11431</position><in_Quantity.quantity>0.000000</in_Quantity.quantity><out_Quantity.quantity>110.953043</out_Quantity.quantity></Point><Point><position>11432</position><in_Quantity.quantity>0.000000</in_Quantity.quantity><out_Quantity.quantity>175.518993</out_Quantity.quantity></Point><Point><position>11433</position><in_Quantity.quantity>0.000000</in_Quantity.quantity><out_Quantity.quantity>705.295330</out_Quantity.quantity></Point><Point><position>11434</position><in_Quantity.quantity>0.000000</in_Quantity.quantity><out_Quantity.quantity>829.961667</out_Quantity.quantity></Point><Point><position>11435</position><in_Quantity.quantity>0.000000</in_Quantity.quantity><out_Quantity.quantity>663.950585</out_Quantity.quantity></Point><Point><position>11436</position><in_Quantity.quantity>0.000000</in_Quantity.quantity><out_Quantity.quantity>90.478898</out_Quantity.quantity></Point><Point><position>11437</position><in_Quantity.quantity>0.000000</in_Quantity.quantity><out_Quantity.quantity>152.782497</out_Quantity.quantity></Point><Point><position>11438</position><in_Quantity.quantity>0.000000</in_Quantity.quantity><out_Quantity.quantity>559.152924</out_Quantity.quantity></Point><Point><position>11439</position><in_Quantity.quantity>0.000000</in_Quantity.quantity><out_Quantity.quantity>315.457556</out_Quantity.quantity></Point><Point><position>11440</position><in_Quantity.quantity>0.000000</in_Quantity.quantity><out_Quantity.quantity>928.257020</out_Quantity.quantity></Point><Point><position>11441</position><in_Quantity.quantity>0.000000</in_Quantity.quantity><out_Quantity.quantity>279.941244</out_Quantity.quantity></Point><Point><position>11442</position><in_Quantity.quantity>0.000000</in_Quantity.quantity><out_Quantity.quantity>939.607974</out_Quantity.quantity></Point><Point><position>11443</position><in_Quantity.quantity>0.000000</in_Quantity.quantity><out_Quantity.quantity>867.956796</out_Quantity.quantity></Point><Point><position>11444</position><in_Quantity.quantity>0.000000</in_Quantity.quantity><out_Quantity.quantity>980.114419</out_Quantity.quantity></Point><Point><position>11445</position><in_Quantity.quantity>0.000000</in_Quantity.quantity><out_Quantity.quantity>285.688512</out_Quantity.quantity></Point><Point><position>11446</position><in_Quantity.quantity>0.000000</in_Quantity.quantity><out_Quantity.quantity>420.779490</out_Quantity.quantity></Point><Point><position>11447</position><in_Quantity.quantity>0.000000</in_Quantity.quantity><out_Quantity.quantity>531.487439</out_Quantity.quantity></Point><Point><position>11448</position><in_Quantity.quantity>0.000000</in_Quantity.quantity><out_Quantity.quantity>655.073941</out_Quantity.quantity></Point><Point><position>11449</position><in_Quantity.quantity>0.000000</in_Quantity.quantity><out_Quantity.quantity>924.412389</out_Quantity.quantity></Point><Point><position>11450</position><in_Quantity.quantity>0.000000</in_Quantity.quantity><out_Quantity.quantity>322.140691</out_Quantity.quantity></Point><Point><position>11451</position><in_Quantity.quantity>0.000000</in_Quantity.quantity><out_Quantity.quantity>160.765974</out_Quantity.quantity></Point><Point><position>11452</position><in_Quantity.quantity>0.000000</in_Quantity.quantity><out_Quantity.quantity>26.005608</out_Quantity.quantity></Point><Point><position>11453</position><in_Quantity.quantity>0.000000</in_Quantity.quantity><out_Quantity.quantity>756.921650</out_Quantity.quantity></Point><Point><position>11454</position><in_Quantity.quantity>0.000000</in_Quantity.quantity><out_Quantity.quantity>367.852958</out_Quantity.quantity></Point><Point><position>11455</position><in_Quantity.quantity>0.000000</in_Quantity.quantity><out_Quantity.quantity>86.618182</out_Quantity.quantity></Point><Point><position>11456</position><in_Quantity.quantity>0.000000</in_Quantity.quantity><out_Quantity.quantity>341.063111</out_Quantity.quantity></Point><Point><position>11457</position><in_Quantity.quantity>0.000000</in_Quantity.quantity><out_Quantity.quantity>726.946604</out_Quantity.quantity></Point><Point><position>11458</position><in_Quantity.quantity>0.000000</in_Quantity.quantity><out_Quantity.quantity>359.506050</out_Quantity.quantity></Point><Point><position>11459</position><in_Quantity.quantity>0.000000</in_Quantity.quantity><out_Quantity.quantity>691.750666</out_Quantity.quantity></Point><Point><position>11460</position><in_Quantity.quantity>0.000000</in_Quantity.quantity><out_Quantity.quantity>701.392801</out_Quantity.quantity></Point><Point><position>11461</position><in_Quantity.quantity>0.000000</in_Quantity.quantity><out_Quantity.quantity>204.632285</out_Quantity.quantity></Point><Point><position>11462</position><in_Quantity.quantity>0.000000</in_Quantity.quantity><out_Quantity.quantity>966.467471</out_Quantity.quantity></Point><Point><position>11463</position><in_Quantity.quantity>0.000000</in_Quantity.quantity><out_Quantity.quantity>680.550448</out_Quantity.quantity></Point><Point><position>11464</position><in_Quantity.quantity>0.000000</in_Quantity.quantity><out_Quantity.quantity>984.115011</out_Quantity.quantity></Point><Point><position>11465</position><in_Quantity.quantity>0.000000</in_Quantity.quantity><out_Quantity.quantity>63.540890</out_Quantity.quantity></Point><Point><position>11466</position><in_Quantity.quantity>0.000000</in_Quantity.quantity><out_Quantity.quantity>210.546390</out_Quantity.quantity></Point><Point><position>11467</position><in_Quantity.quantity>0.000000</in_Quantity.quantity><out_Quantity.quantity>7.559818</out_Quantity.quantity></Point><Point><position>11468</position><in_Quantity.quantity>0.000000</in_Quantity.quantity><out_Quantity.quantity>733.478458</out_Quantity.quantity></Point><Point><position>11469</position><in_Quantity.quantity>0.000000</in_Quantity.quantity><out_Quantity.quantity>619.827492</out_Quantity.quantity></Point><Point><position>11470</position><in_Quantity.quantity>0.000000</in_Quantity.quantity><out_Quantity.quantity>596.675569</out_Quantity.quantity></Point><Point><position>11471</position><in_Quantity.quantity>0.000000</in_Quantity.quantity><out_Quantity.quantity>825.075987</out_Quantity.quantity></Point><Point><position>11472</position><in_Quantity.quantity>0.000000</in_Quantity.quantity><out_Quantity.quantity>784.993057</out_Quantity.quantity></Point><Point><position>11473</position><in_Quantity.quantity>0.000000</in_Quantity.quantity><out_Quantity.quantity>708.929682</out_Quantity.quantity></Point><Point><position>11474</position><in_Quantity.quantity>0.000000</in_Quantity.quantity><out_Quantity.quantity>516.950067</out_Quantity.quantity></Point><Point><position>11475</position><in_Quantity.quantity>0.000000</in_Quantity.quantity><out_Quantity.quantity>210.471020</out_Quantity.quantity></Point><Point><position>11476</position><in_Quantity.quantity>0.000000</in_Quantity.quantity><out_Quantity.quantity>356.104280</out_Quantity.quantity></Point><Point><position>11477</position><in_Quantity.quantity>0.000000</in_Quantity.quantity><out_Quantity.quantity>837.558061</out_Quantity.quantity></Point><Point><position>11478</position><in_Quantity.quantity>0.000000</in_Quantity.quantity><out_Quantity.quantity>985.063509</out_Quantity.quantity></Point><Point><position>11479</position><in_Quantity.quantity>0.000000</in_Quantity.quantity><out_Quantity.quantity>365.920082</out_Quantity.quantity></Point><Point><position>11480</position><in_Quantity.quantity>0.000000</in_Quantity.quantity><out_Quantity.quantity>281.397083</out_Quantity.quantity></Point><Point><position>11481</position><in_Quantity.quantity>0.000000</in_Quantity.quantity><out_Quantity.quantity>53.993078</out_Quantity.quantity></Point><Point><position>11482</position><in_Quantity.quantity>0.000000</in_Quantity.quantity><out_Quantity.quantity>12.955355</out_Quantity.quantity></Point><Point><position>11483</position><in_Quantity.quantity>0.000000</in_Quantity.quantity><out_Quantity.quantity>56.162355</out_Quantity.quantity></Point><Point><position>11484</position><in_Quantity.quantity>0.000000</in_Quantity.quantity><out_Quantity.quantity>469.117996</out_Quantity.quantity></Point><Point><position>11485</position><in_Quantity.quantity>0.000000</in_Quantity.quantity><out_Quantity.quantity>500.166026</out_Quantity.quantity></Point><Point><position>11486</position><in_Quantity.quantity>0.000000</in_Quantity.quantity><out_Quantity.quantity>330.552142</out_Quantity.quantity></Point><Point><position>11487</position><in_Quantity.quantity>0.000000</in_Quantity.quantity><out_Quantity.quantity>244.813534</out_Quantity.quantity></Point><Point><position>11488</position><in_Quantity.quantity>0.000000</in_Quantity.quantity><out_Quantity.quantity>899.668729</out_Quantity.quantity></Point><Point><position>11489</position><in_Quantity.quantity>0.000000</in_Quantity.quantity><out_Quantity.quantity>292.001585</out_Quantity.quantity></Point><Point><position>11490</position><in_Quantity.quantity>0.000000</in_Quantity.quantity><out_Quantity.quantity>482.071377</out_Quantity.quantity></Point><Point><position>11491</position><in_Quantity.quantity>0.000000</in_Quantity.quantity><out_Quantity.quantity>839.026815</out_Quantity.quantity></Point><Point><position>11492</position><in_Quantity.quantity>0.000000</in_Quantity.quantity><out_Quantity.quantity>746.021998</out_Quantity.quantity></Point><Point><position>11493</position><in_Quantity.quantity>0.000000</in_Quantity.quantity><out_Quantity.quantity>218.528902</out_Quantity.quantity></Point><Point><position>11494</position><in_Quantity.quantity>0.000000</in_Quantity.quantity><out_Quantity.quantity>974.398174</out_Quantity.quantity></Point><Point><position>11495</position><in_Quantity.quantity>0.000000</in_Quantity.quantity><out_Quantity.quantity>730.227944</out_Quantity.quantity></Point><Point><position>11496</position><in_Quantity.quantity>0.000000</in_Quantity.quantity><out_Quantity.quantity>466.975761</out_Quantity.quantity></Point><Point><position>11497</position><in_Quantity.quantity>0.000000</in_Quantity.quantity><out_Quantity.quantity>330.738405</out_Quantity.quantity></Point><Point><position>11498</position><in_Quantity.quantity>0.000000</in_Quantity.quantity><out_Quantity.quantity>553.901458</out_Quantity.quantity></Point><Point><position>11499</position><in_Quantity.quantity>0.000000</in_Quantity.quantity><out_Quantity.quantity>181.965651</out_Quantity.quantity></Point><Point><position>11500</position><in_Quantity.quantity>0.000000</in_Quantity.quantity><out_Quantity.quantity>545.326197</out_Quantity.quantity></Point><Point><position>11501</position><in_Quantity.quantity>0.000000</in_Quantity.quantity><out_Quantity.quantity>487.803726</out_Quantity.quantity></Point><Point><position>11502</position><in_Quantity.quantity>0.000000</in_Quantity.quantity><out_Quantity.quantity>475.176661</out_Quantity.quantity></Point><Point><position>11503</position><in_Quantity.quantity>0.000000</in_Quantity.quantity><out_Quantity.quantity>559.621249</out_Quantity.quantity></Point><Point><position>11504</position><in_Quantity.quantity>0.000000</in_Quantity.quantity><out_Quantity.quantity>9.197091</out_Quantity.quantity></Point><Point><position>11505</position><in_Quantity.quantity>0.000000</in_Quantity.quantity><out_Quantity.quantity>152.639651</out_Quantity.quantity></Point><Point><position>11506</position><in_Quantity.quantity>0.000000</in_Quantity.quantity><out_Quantity.quantity>37.788477</out_Quantity.quantity></Point><Point><position>11507</position><in_Quantity.quantity>0.000000</in_Quantity.quantity><out_Quantity.quantity>71.438075</out_Quantity.quantity></Point><Point><position>11508</position><in_Quantity.quantity>0.000000</in_Quantity.quantity><out_Quantity.quantity>767.902063</out_Quantity.quantity></Point><Point><position>11509</position><in_Quantity.quantity>0.000000</in_Quantity.quantity><out_Quantity.quantity>60.393535</out_Quantity.quantity></Point><Point><position>11510</position><in_Quantity.quantity>0.000000</in_Quantity.quantity><out_Quantity.quantity>680.723194</out_Quantity.quantity></Point><Point><position>11511</position><in_Quantity.quantity>0.000000</in_Quantity.quantity><out_Quantity.quantity>741.639624</out_Quantity.quantity></Point><Point><position>11512</position><in_Quantity.quantity>0.000000</in_Quantity.quantity><out_Quantity.quantity>412.709488</out_Quantity.quantity></Point><Point><position>11513</position><in_Quantity.quantity>0.000000</in_Quantity.quantity><out_Quantity.quantity>423.088368</out_Quantity.quantity></Point><Point><position>11514</position><in_Quantity.quantity>0.000000</in_Quantity.quantity><out_Quantity.quantity>202.758217</out_Quantity.quantity></Point><Point><position>11515</position><in_Quantity.quantity>0.000000</in_Quantity.quantity><out_Quantity.quantity>7.067461</out_Quantity.quantity></Point><Point><position>11516</position><in_Quantity.quantity>0.000000</in_Quantity.quantity><out_Quantity.quantity>268.248836</out_Quantity.quantity></Point><Point><position>11517</position><in_Quantity.quantity>0.000000</in_Quantity.quantity><out_Quantity.quantity>881.143359</out_Quantity.quantity></Point><Point><position>11518</position><in_Quantity.quantity>0.000000</in_Quantity.quantity><out_Quantity.quantity>735.931807</out_Quantity.quantity></Point><Point><position>11519</position><in_Quantity.quantity>0.000000</in_Quantity.quantity><out_Quantity.quantity>256.693814</out_Quantity.quantity></Point><Point><position>11520</position><in_Quantity.quantity>0.000000</in_Quantity.quantity><out_Quantity.quantity>55.420975</out_Quantity.quantity></Point><Point><position>11521</position><in_Quantity.quantity>0.000000</in_Quantity.quantity><out_Quantity.quantity>590.905385</out_Quantity.quantity></Point><Point><position>11522</position><in_Quantity.quantity>0.000000</in_Quantity.quantity><out_Quantity.quantity>103.357872</out_Quantity.quantity></Point><Point><position>11523</position><in_Quantity.quantity>0.000000</in_Quantity.quantity><out_Quantity.quantity>786.995709</out_Quantity.quantity></Point><Point><position>11524</position><in_Quantity.quantity>0.000000</in_Quantity.quantity><out_Quantity.quantity>966.810134</out_Quantity.quantity></Point><Point><position>11525</position><in_Quantity.quantity>0.000000</in_Quantity.quantity><out_Quantity.quantity>946.082161</out_Quantity.quantity></Point><Point><position>11526</position><in_Quantity.quantity>0.000000</in_Quantity.quantity><out_Quantity.quantity>916.883545</out_Quantity.quantity></Point><Point><position>11527</position><in_Quantity.quantity>0.000000</in_Quantity.quantity><out_Quantity.quantity>126.067520</out_Quantity.quantity></Point><Point><position>11528</position><in_Quantity.quantity>0.000000</in_Quantity.quantity><out_Quantity.quantity>188.828327</out_Quantity.quantity></Point><Point><position>11529</position><in_Quantity.quantity>0.000000</in_Quantity.quantity><out_Quantity.quantity>922.956108</out_Quantity.quantity></Point><Point><position>11530</position><in_Quantity.quantity>0.000000</in_Quantity.quantity><out_Quantity.quantity>994.199405</out_Quantity.quantity></Point><Point><position>11531</position><in_Quantity.quantity>0.000000</in_Quantity.quantity><out_Quantity.quantity>642.043593</out_Quantity.quantity></Point><Point><position>11532</position><in_Quantity.quantity>0.000000</in_Quantity.quantity><out_Quantity.quantity>810.808583</out_Quantity.quantity></Point><Point><position>11533</position><in_Quantity.quantity>0.000000</in_Quantity.quantity><out_Quantity.quantity>164.216962</out_Quantity.quantity></Point><Point><position>11534</position><in_Quantity.quantity>0.000000</in_Quantity.quantity><out_Quantity.quantity>910.747004</out_Quantity.quantity></Point><Point><position>11535</position><in_Quantity.quantity>0.000000</in_Quantity.quantity><out_Quantity.quantity>545.557939</out_Quantity.quantity></Point><Point><position>11536</position><in_Quantity.quantity>0.000000</in_Quantity.quantity><out_Quantity.quantity>409.531003</out_Quantity.quantity></Point><Point><position>11537</position><in_Quantity.quantity>0.000000</in_Quantity.quantity><out_Quantity.quantity>429.758748</out_Quantity.quantity></Point><Point><position>11538</position><in_Quantity.quantity>0.000000</in_Quantity.quantity><out_Quantity.quantity>825.603344</out_Quantity.quantity></Point><Point><position>11539</position><in_Quantity.quantity>0.000000</in_Quantity.quantity><out_Quantity.quantity>33.145547</out_Quantity.quantity></Point><Point><position>11540</position><in_Quantity.quantity>0.000000</in_Quantity.quantity><out_Quantity.quantity>312.707017</out_Quantity.quantity></Point><Point><position>11541</position><in_Quantity.quantity>0.000000</in_Quantity.quantity><out_Quantity.quantity>263.224478</out_Quantity.quantity></Point><Point><position>11542</position><in_Quantity.quantity>0.000000</in_Quantity.quantity><out_Quantity.quantity>80.947546</out_Quantity.quantity></Point><Point><position>11543</position><in_Quantity.quantity>0.000000</in_Quantity.quantity><out_Quantity.quantity>27.982060</out_Quantity.quantity></Point><Point><position>11544</position><in_Quantity.quantity>0.000000</in_Quantity.quantity><out_Quantity.quantity>564.354588</out_Quantity.quantity></Point><Point><position>11545</position><in_Quantity.quantity>0.000000</in_Quantity.quantity><out_Quantity.quantity>349.594459</out_Quantity.quantity></Point><Point><position>11546</position><in_Quantity.quantity>0.000000</in_Quantity.quantity><out_Quantity.quantity>106.338319</out_Quantity.quantity></Point><Point><position>11547</position><in_Quantity.quantity>0.000000</in_Quantity.quantity><out_Quantity.quantity>847.680189</out_Quantity.quantity></Point><Point><position>11548</position><in_Quantity.quantity>0.000000</in_Quantity.quantity><out_Quantity.quantity>889.371873</out_Quantity.quantity></Point><Point><position>11549</position><in_Quantity.quantity>0.000000</in_Quantity.quantity><out_Quantity.quantity>861.402351</out_Quantity.quantity></Point><Point><position>11550</position><in_Quantity.quantity>0.000000</in_Quantity.quantity><out_Quantity.quantity>483.241414</out_Quantity.quantity></Point><Point><position>11551</position><in_Quantity.quantity>0.000000</in_Quantity.quantity><out_Quantity.quantity>753.057111</out_Quantity.quantity></Point><Point><position>11552</position><in_Quantity.quantity>0.000000</in_Quantity.quantity><out_Quantity.quantity>274.666681</out_Quantity.quantity></Point><Point><position>11553</position><in_Quantity.quantity>0.000000</in_Quantity.quantity><out_Quantity.quantity>687.693321</out_Quantity.quantity></Point><Point><position>11554</position><in_Quantity.quantity>0.000000</in_Quantity.quantity><out_Quantity.quantity>962.100598</out_Quantity.quantity></Point><Point><position>11555</position><in_Quantity.quantity>0.000000</in_Quantity.quantity><out_Quantity.quantity>523.345363</out_Quantity.quantity></Point><Point><position>11556</position><in_Quantity.quantity>0.000000</in_Quantity.quantity><out_Quantity.quantity>126.398105</out_Quantity.quantity></Point><Point><position>11557</position><in_Quantity.quantity>0.000000</in_Quantity.quantity><out_Quantity.quantity>829.710049</out_Quantity.quantity></Point><Point><position>11558</position><in_Quantity.quantity>0.000000</in_Quantity.quantity><out_Quantity.quantity>992.213220</out_Quantity.quantity></Point><Point><position>11559</position><in_Quantity.quantity>0.000000</in_Quantity.quantity><out_Quantity.quantity>62.457777</out_Quantity.quantity></Point><Point><position>11560</position><in_Quantity.quantity>0.000000</in_Quantity.quantity><out_Quantity.quantity>126.549153</out_Quantity.quantity></Point><Point><position>11561</position><in_Quantity.quantity>0.000000</in_Quantity.quantity><out_Quantity.quantity>780.064196</out_Quantity.quantity></Point><Point><position>11562</position><in_Quantity.quantity>0.000000</in_Quantity.quantity><out_Quantity.quantity>902.948828</out_Quantity.quantity></Point><Point><position>11563</position><in_Quantity.quantity>0.000000</in_Quantity.quantity><out_Quantity.quantity>668.557434</out_Quantity.quantity></Point><Point><position>11564</position><in_Quantity.quantity>0.000000</in_Quantity.quantity><out_Quantity.quantity>861.906545</out_Quantity.quantity></Point><Point><position>11565</position><in_Quantity.quantity>0.000000</in_Quantity.quantity><out_Quantity.quantity>689.022763</out_Quantity.quantity></Point><Point><position>11566</position><in_Quantity.quantity>0.000000</in_Quantity.quantity><out_Quantity.quantity>835.470071</out_Quantity.quantity></Point><Point><position>11567</position><in_Quantity.quantity>0.000000</in_Quantity.quantity><out_Quantity.quantity>695.214364</out_Quantity.quantity></Point><Point><position>11568</position><in_Quantity.quantity>0.000000</in_Quantity.quantity><out_Quantity.quantity>948.632877</out_Quantity.quantity></Point><Point><position>11569</position><in_Quantity.quantity>0.000000</in_Quantity.quantity><out_Quantity.quantity>222.198517</out_Quantity.quantity></Point><Point><position>11570</position><in_Quantity.quantity>0.000000</in_Quantity.quantity><out_Quantity.quantity>356.897581</out_Quantity.quantity></Point><Point><position>11571</position><in_Quantity.quantity>0.000000</in_Quantity.quantity><out_Quantity.quantity>468.549369</out_Quantity.quantity></Point><Point><position>11572</position><in_Quantity.quantity>0.000000</in_Quantity.quantity><out_Quantity.quantity>459.988546</out_Quantity.quantity></Point><Point><position>11573</position><in_Quantity.quantity>0.000000</in_Quantity.quantity><out_Quantity.quantity>463.522581</out_Quantity.quantity></Point><Point><position>11574</position><in_Quantity.quantity>0.000000</in_Quantity.quantity><out_Quantity.quantity>472.017114</out_Quantity.quantity></Point><Point><position>11575</position><in_Quantity.quantity>0.000000</in_Quantity.quantity><out_Quantity.quantity>545.713706</out_Quantity.quantity></Point><Point><position>11576</position><in_Quantity.quantity>0.000000</in_Quantity.quantity><out_Quantity.quantity>864.164404</out_Quantity.quantity></Point><Point><position>11577</position><in_Quantity.quantity>0.000000</in_Quantity.quantity><out_Quantity.quantity>721.074632</out_Quantity.quantity></Point><Point><position>11578</position><in_Quantity.quantity>0.000000</in_Quantity.quantity><out_Quantity.quantity>464.913310</out_Quantity.quantity></Point><Point><position>11579</position><in_Quantity.quantity>0.000000</in_Quantity.quantity><out_Quantity.quantity>431.568030</out_Quantity.quantity></Point><Point><position>11580</position><in_Quantity.quantity>0.000000</in_Quantity.quantity><out_Quantity.quantity>11.350725</out_Quantity.quantity></Point><Point><position>11581</position><in_Quantity.quantity>0.000000</in_Quantity.quantity><out_Quantity.quantity>738.668451</out_Quantity.quantity></Point><Point><position>11582</position><in_Quantity.quantity>0.000000</in_Quantity.quantity><out_Quantity.quantity>983.981246</out_Quantity.quantity></Point><Point><position>11583</position><in_Quantity.quantity>0.000000</in_Quantity.quantity><out_Quantity.quantity>559.332279</out_Quantity.quantity></Point><Point><position>11584</position><in_Quantity.quantity>0.000000</in_Quantity.quantity><out_Quantity.quantity>526.005861</out_Quantity.quantity></Point><Point><position>11585</position><in_Quantity.quantity>0.000000</in_Quantity.quantity><out_Quantity.quantity>378.626209</out_Quantity.quantity></Point><Point><position>11586</position><in_Quantity.quantity>0.000000</in_Quantity.quantity><out_Quantity.quantity>228.902524</out_Quantity.quantity></Point><Point><position>11587</position><in_Quantity.quantity>0.000000</in_Quantity.quantity><out_Quantity.quantity>379.698078</out_Quantity.quantity></Point><Point><position>11588</position><in_Quantity.quantity>0.000000</in_Quantity.quantity><out_Quantity.quantity>715.007574</out_Quantity.quantity></Point><Point><position>11589</position><in_Quantity.quantity>0.000000</in_Quantity.quantity><out_Quantity.quantity>975.271512</out_Quantity.quantity></Point><Point><position>11590</position><in_Quantity.quantity>0.000000</in_Quantity.quantity><out_Quantity.quantity>730.814087</out_Quantity.quantity></Point><Point><position>11591</position><in_Quantity.quantity>0.000000</in_Quantity.quantity><out_Quantity.quantity>717.048106</out_Quantity.quantity></Point><Point><position>11592</position><in_Quantity.quantity>0.000000</in_Quantity.quantity><out_Quantity.quantity>178.387297</out_Quantity.quantity></Point><Point><position>11593</position><in_Quantity.quantity>0.000000</in_Quantity.quantity><out_Quantity.quantity>587.403172</out_Quantity.quantity></Point><Point><position>11594</position><in_Quantity.quantity>0.000000</in_Quantity.quantity><out_Quantity.quantity>810.627048</out_Quantity.quantity></Point><Point><position>11595</position><in_Quantity.quantity>0.000000</in_Quantity.quantity><out_Quantity.quantity>355.459257</out_Quantity.quantity></Point><Point><position>11596</position><in_Quantity.quantity>0.000000</in_Quantity.quantity><out_Quantity.quantity>102.208221</out_Quantity.quantity></Point><Point><position>11597</position><in_Quantity.quantity>0.000000</in_Quantity.quantity><out_Quantity.quantity>679.650305</out_Quantity.quantity></Point><Point><position>11598</position><in_Quantity.quantity>0.000000</in_Quantity.quantity><out_Quantity.quantity>54.873317</out_Quantity.quantity></Point><Point><position>11599</position><in_Quantity.quantity>0.000000</in_Quantity.quantity><out_Quantity.quantity>187.275464</out_Quantity.quantity></Point><Point><position>11600</position><in_Quantity.quantity>0.000000</in_Quantity.quantity><out_Quantity.quantity>816.734539</out_Quantity.quantity></Point><Point><position>11601</position><in_Quantity.quantity>0.000000</in_Quantity.quantity><out_Quantity.quantity>884.966892</out_Quantity.quantity></Point><Point><position>11602</position><in_Quantity.quantity>0.000000</in_Quantity.quantity><out_Quantity.quantity>17.770397</out_Quantity.quantity></Point><Point><position>11603</position><in_Quantity.quantity>0.000000</in_Quantity.quantity><out_Quantity.quantity>861.230019</out_Quantity.quantity></Point><Point><position>11604</position><in_Quantity.quantity>0.000000</in_Quantity.quantity><out_Quantity.quantity>497.173972</out_Quantity.quantity></Point><Point><position>11605</position><in_Quantity.quantity>0.000000</in_Quantity.quantity><out_Quantity.quantity>725.194318</out_Quantity.quantity></Point><Point><position>11606</position><in_Quantity.quantity>0.000000</in_Quantity.quantity><out_Quantity.quantity>714.374371</out_Quantity.quantity></Point><Point><position>11607</position><in_Quantity.quantity>0.000000</in_Quantity.quantity><out_Quantity.quantity>995.134165</out_Quantity.quantity></Point><Point><position>11608</position><in_Quantity.quantity>0.000000</in_Quantity.quantity><out_Quantity.quantity>731.770257</out_Quantity.quantity></Point><Point><position>11609</position><in_Quantity.quantity>0.000000</in_Quantity.quantity><out_Quantity.quantity>923.366287</out_Quantity.quantity></Point><Point><position>11610</position><in_Quantity.quantity>0.000000</in_Quantity.quantity><out_Quantity.quantity>318.162270</out_Quantity.quantity></Point><Point><position>11611</position><in_Quantity.quantity>0.000000</in_Quantity.quantity><out_Quantity.quantity>362.055513</out_Quantity.quantity></Point><Point><position>11612</position><in_Quantity.quantity>0.000000</in_Quantity.quantity><out_Quantity.quantity>747.664029</out_Quantity.quantity></Point><Point><position>11613</position><in_Quantity.quantity>0.000000</in_Quantity.quantity><out_Quantity.quantity>242.004821</out_Quantity.quantity></Point><Point><position>11614</position><in_Quantity.quantity>0.000000</in_Quantity.quantity><out_Quantity.quantity>623.025057</out_Quantity.quantity></Point><Point><position>11615</position><in_Quantity.quantity>0.000000</in_Quantity.quantity><out_Quantity.quantity>857.336303</out_Quantity.quantity></Point><Point><position>11616</position><in_Quantity.quantity>0.000000</in_Quantity.quantity><out_Quantity.quantity>556.090545</out_Quantity.quantity></Point><Point><position>11617</position><in_Quantity.quantity>0.000000</in_Quantity.quantity><out_Quantity.quantity>41.403604</out_Quantity.quantity></Point><Point><position>11618</position><in_Quantity.quantity>0.000000</in_Quantity.quantity><out_Quantity.quantity>262.503216</out_Quantity.quantity></Point><Point><position>11619</position><in_Quantity.quantity>0.000000</in_Quantity.quantity><out_Quantity.quantity>256.556548</out_Quantity.quantity></Point><Point><position>11620</position><in_Quantity.quantity>0.000000</in_Quantity.quantity><out_Quantity.quantity>805.038239</out_Quantity.quantity></Point><Point><position>11621</position><in_Quantity.quantity>0.000000</in_Quantity.quantity><out_Quantity.quantity>86.643622</out_Quantity.quantity></Point><Point><position>11622</position><in_Quantity.quantity>0.000000</in_Quantity.quantity><out_Quantity.quantity>492.742236</out_Quantity.quantity></Point><Point><position>11623</position><in_Quantity.quantity>0.000000</in_Quantity.quantity><out_Quantity.quantity>608.914896</out_Quantity.quantity></Point><Point><position>11624</position><in_Quantity.quantity>0.000000</in_Quantity.quantity><out_Quantity.quantity>917.106996</out_Quantity.quantity></Point><Point><position>11625</position><in_Quantity.quantity>0.000000</in_Quantity.quantity><out_Quantity.quantity>997.734632</out_Quantity.quantity></Point><Point><position>11626</position><in_Quantity.quantity>0.000000</in_Quantity.quantity><out_Quantity.quantity>446.956181</out_Quantity.quantity></Point><Point><position>11627</position><in_Quantity.quantity>0.000000</in_Quantity.quantity><out_Quantity.quantity>945.798370</out_Quantity.quantity></Point><Point><position>11628</position><in_Quantity.quantity>0.000000</in_Quantity.quantity><out_Quantity.quantity>942.043773</out_Quantity.quantity></Point><Point><position>11629</position><in_Quantity.quantity>0.000000</in_Quantity.quantity><out_Quantity.quantity>946.661851</out_Quantity.quantity></Point><Point><position>11630</position><in_Quantity.quantity>0.000000</in_Quantity.quantity><out_Quantity.quantity>195.054887</out_Quantity.quantity></Point><Point><position>11631</position><in_Quantity.quantity>0.000000</in_Quantity.quantity><out_Quantity.quantity>168.078806</out_Quantity.quantity></Point><Point><position>11632</position><in_Quantity.quantity>0.000000</in_Quantity.quantity><out_Quantity.quantity>818.368897</out_Quantity.quantity></Point><Point><position>11633</position><in_Quantity.quantity>0.000000</in_Quantity.quantity><out_Quantity.quantity>759.278918</out_Quantity.quantity></Point><Point><position>11634</position><in_Quantity.quantity>0.000000</in_Quantity.quantity><out_Quantity.quantity>779.797667</out_Quantity.quantity></Point><Point><position>11635</position><in_Quantity.quantity>0.000000</in_Quantity.quantity><out_Quantity.quantity>373.027477</out_Quantity.quantity></Point><Point><position>11636</position><in_Quantity.quantity>0.000000</in_Quantity.quantity><out_Quantity.quantity>498.276288</out_Quantity.quantity></Point><Point><position>11637</position><in_Quantity.quantity>0.000000</in_Quantity.quantity><out_Quantity.quantity>992.541751</out_Quantity.quantity></Point><Point><position>11638</position><in_Quantity.quantity>0.000000</in_Quantity.quantity><out_Quantity.quantity>496.425360</out_Quantity.quantity></Point><Point><position>11639</position><in_Quantity.quantity>0.000000</in_Quantity.quantity><out_Quantity.quantity>978.702675</out_Quantity.quantity></Point><Point><position>11640</position><in_Quantity.quantity>0.000000</in_Quantity.quantity><out_Quantity.quantity>440.189358</out_Quantity.quantity></Point><Point><position>11641</position><in_Quantity.quantity>0.000000</in_Quantity.quantity><out_Quantity.quantity>831.127147</out_Quantity.quantity></Point><Point><position>11642</position><in_Quantity.quantity>0.000000</in_Quantity.quantity><out_Quantity.quantity>714.380266</out_Quantity.quantity></Point><Point><position>11643</position><in_Quantity.quantity>0.000000</in_Quantity.quantity><out_Quantity.quantity>238.554693</out_Quantity.quantity></Point><Point><position>11644</position><in_Quantity.quantity>0.000000</in_Quantity.quantity><out_Quantity.quantity>193.084389</out_Quantity.quantity></Point><Point><position>11645</position><in_Quantity.quantity>0.000000</in_Quantity.quantity><out_Quantity.quantity>322.609377</out_Quantity.quantity></Point><Point><position>11646</position><in_Quantity.quantity>0.000000</in_Quantity.quantity><out_Quantity.quantity>580.927151</out_Quantity.quantity></Point><Point><position>11647</position><in_Quantity.quantity>0.000000</in_Quantity.quantity><out_Quantity.quantity>785.069793</out_Quantity.quantity></Point><Point><position>11648</position><in_Quantity.quantity>0.000000</in_Quantity.quantity><out_Quantity.quantity>591.316568</out_Quantity.quantity></Point><Point><position>11649</position><in_Quantity.quantity>0.000000</in_Quantity.quantity><out_Quantity.quantity>719.837432</out_Quantity.quantity></Point><Point><position>11650</position><in_Quantity.quantity>0.000000</in_Quantity.quantity><out_Quantity.quantity>118.394410</out_Quantity.quantity></Point><Point><position>11651</position><in_Quantity.quantity>0.000000</in_Quantity.quantity><out_Quantity.quantity>467.323232</out_Quantity.quantity></Point><Point><position>11652</position><in_Quantity.quantity>0.000000</in_Quantity.quantity><out_Quantity.quantity>881.757421</out_Quantity.quantity></Point><Point><position>11653</position><in_Quantity.quantity>0.000000</in_Quantity.quantity><out_Quantity.quantity>791.923483</out_Quantity.quantity></Point><Point><position>11654</position><in_Quantity.quantity>0.000000</in_Quantity.quantity><out_Quantity.quantity>841.841187</out_Quantity.quantity></Point><Point><position>11655</position><in_Quantity.quantity>0.000000</in_Quantity.quantity><out_Quantity.quantity>67.312917</out_Quantity.quantity></Point><Point><position>11656</position><in_Quantity.quantity>0.000000</in_Quantity.quantity><out_Quantity.quantity>50.197610</out_Quantity.quantity></Point><Point><position>11657</position><in_Quantity.quantity>0.000000</in_Quantity.quantity><out_Quantity.quantity>137.707846</out_Quantity.quantity></Point><Point><position>11658</position><in_Quantity.quantity>0.000000</in_Quantity.quantity><out_Quantity.quantity>817.638477</out_Quantity.quantity></Point><Point><position>11659</position><in_Quantity.quantity>0.000000</in_Quantity.quantity><out_Quantity.quantity>627.891819</out_Quantity.quantity></Point><Point><position>11660</position><in_Quantity.quantity>0.000000</in_Quantity.quantity><out_Quantity.quantity>915.679614</out_Quantity.quantity></Point><Point><position>11661</position><in_Quantity.quantity>0.000000</in_Quantity.quantity><out_Quantity.quantity>676.570443</out_Quantity.quantity></Point><Point><position>11662</position><in_Quantity.quantity>0.000000</in_Quantity.quantity><out_Quantity.quantity>474.995837</out_Quantity.quantity></Point><Point><position>11663</position><in_Quantity.quantity>0.000000</in_Quantity.quantity><out_Quantity.quantity>889.345706</out_Quantity.quantity></Point><Point><position>11664</position><in_Quantity.quantity>0.000000</in_Quantity.quantity><out_Quantity.quantity>668.166690</out_Quantity.quantity></Point><Point><position>11665</position><in_Quantity.quantity>0.000000</in_Quantity.quantity><out_Quantity.quantity>562.672198</out_Quantity.quantity></Point><Point><position>11666</position><in_Quantity.quantity>0.000000</in_Quantity.quantity><out_Quantity.quantity>761.747465</out_Quantity.quantity></Point><Point><position>11667</position><in_Quantity.quantity>0.000000</in_Quantity.quantity><out_Quantity.quantity>985.733401</out_Quantity.quantity></Point><Point><position>11668</position><in_Quantity.quantity>0.000000</in_Quantity.quantity><out_Quantity.quantity>317.360276</out_Quantity.quantity></Point><Point><position>11669</position><in_Quantity.quantity>0.000000</in_Quantity.quantity><out_Quantity.quantity>336.758259</out_Quantity.quantity></Point><Point><position>11670</position><in_Quantity.quantity>0.000000</in_Quantity.quantity><out_Quantity.quantity>519.853351</out_Quantity.quantity></Point><Point><position>11671</position><in_Quantity.quantity>0.000000</in_Quantity.quantity><out_Quantity.quantity>977.866345</out_Quantity.quantity></Point><Point><position>11672</position><in_Quantity.quantity>0.000000</in_Quantity.quantity><out_Quantity.quantity>965.686970</out_Quantity.quantity></Point><Point><position>11673</position><in_Quantity.quantity>0.000000</in_Quantity.quantity><out_Quantity.quantity>856.151779</out_Quantity.quantity></Point><Point><position>11674</position><in_Quantity.quantity>0.000000</in_Quantity.quantity><out_Quantity.quantity>540.426217</out_Quantity.quantity></Point><Point><position>11675</position><in_Quantity.quantity>0.000000</in_Quantity.quantity><out_Quantity.quantity>865.647484</out_Quantity.quantity></Point><Point><position>11676</position><in_Quantity.quantity>0.000000</in_Quantity.quantity><out_Quantity.quantity>201.285987</out_Quantity.quantity></Point><Point><position>11677</position><in_Quantity.quantity>0.000000</in_Quantity.quantity><out_Quantity.quantity>757.013033</out_Quantity.quantity></Point><Point><position>11678</position><in_Quantity.quantity>0.000000</in_Quantity.quantity><out_Quantity.quantity>113.883361</out_Quantity.quantity></Point><Point><position>11679</position><in_Quantity.quantity>0.000000</in_Quantity.quantity><out_Quantity.quantity>879.590012</out_Quantity.quantity></Point><Point><position>11680</position><in_Quantity.quantity>0.000000</in_Quantity.quantity><out_Quantity.quantity>229.962006</out_Quantity.quantity></Point><Point><position>11681</position><in_Quantity.quantity>0.000000</in_Quantity.quantity><out_Quantity.quantity>699.760260</out_Quantity.quantity></Point><Point><position>11682</position><in_Quantity.quantity>0.000000</in_Quantity.quantity><out_Quantity.quantity>693.487474</out_Quantity.quantity></Point><Point><position>11683</position><in_Quantity.quantity>0.000000</in_Quantity.quantity><out_Quantity.quantity>927.945496</out_Quantity.quantity></Point><Point><position>11684</position><in_Quantity.quantity>0.000000</in_Quantity.quantity><out_Quantity.quantity>100.824104</out_Quantity.quantity></Point><Point><position>11685</position><in_Quantity.quantity>0.000000</in_Quantity.quantity><out_Quantity.quantity>149.914505</out_Quantity.quantity></Point><Point><position>11686</position><in_Quantity.quantity>0.000000</in_Quantity.quantity><out_Quantity.quantity>581.788667</out_Quantity.quantity></Point><Point><position>11687</position><in_Quantity.quantity>0.000000</in_Quantity.quantity><out_Quantity.quantity>808.775548</out_Quantity.quantity></Point><Point><position>11688</position><in_Quantity.quantity>0.000000</in_Quantity.quantity><out_Quantity.quantity>447.698857</out_Quantity.quantity></Point><Point><position>11689</position><in_Quantity.quantity>0.000000</in_Quantity.quantity><out_Quantity.quantity>249.995685</out_Quantity.quantity></Point><Point><position>11690</position><in_Quantity.quantity>0.000000</in_Quantity.quantity><out_Quantity.quantity>830.367730</out_Quantity.quantity></Point><Point><position>11691</position><in_Quantity.quantity>0.000000</in_Quantity.quantity><out_Quantity.quantity>512.722900</out_Quantity.quantity></Point><Point><position>11692</position><in_Quantity.quantity>0.000000</in_Quantity.quantity><out_Quantity.quantity>336.747956</out_Quantity.quantity></Point><Point><position>11693</position><in_Quantity.quantity>0.000000</in_Quantity.quantity><out_Quantity.quantity>644.942971</out_Quantity.quantity></Point><Point><position>11694</position><in_Quantity.quantity>0.000000</in_Quantity.quantity><out_Quantity.quantity>785.642293</out_Quantity.quantity></Point><Point><position>11695</position><in_Quantity.quantity>0.000000</in_Quantity.quantity><out_Quantity.quantity>619.887249</out_Quantity.quantity></Point><Point><position>11696</position><in_Quantity.quantity>0.000000</in_Quantity.quantity><out_Quantity.quantity>480.024506</out_Quantity.quantity></Point><Point><position>11697</position><in_Quantity.quantity>0.000000</in_Quantity.quantity><out_Quantity.quantity>564.328234</out_Quantity.quantity></Point><Point><position>11698</position><in_Quantity.quantity>0.000000</in_Quantity.quantity><out_Quantity.quantity>354.682111</out_Quantity.quantity></Point><Point><position>11699</position><in_Quantity.quantity>0.000000</in_Quantity.quantity><out_Quantity.quantity>507.968187</out_Quantity.quantity></Point><Point><position>11700</position><in_Quantity.quantity>0.000000</in_Quantity.quantity><out_Quantity.quantity>50.897177</out_Quantity.quantity></Point><Point><position>11701</position><in_Quantity.quantity>0.000000</in_Quantity.quantity><out_Quantity.quantity>365.808257</out_Quantity.quantity></Point><Point><position>11702</position><in_Quantity.quantity>0.000000</in_Quantity.quantity><out_Quantity.quantity>941.846456</out_Quantity.quantity></Point><Point><position>11703</position><in_Quantity.quantity>0.000000</in_Quantity.quantity><out_Quantity.quantity>183.301432</out_Quantity.quantity></Point><Point><position>11704</position><in_Quantity.quantity>0.000000</in_Quantity.quantity><out_Quantity.quantity>519.028949</out_Quantity.quantity></Point><Point><position>11705</position><in_Quantity.quantity>0.000000</in_Quantity.quantity><out_Quantity.quantity>103.471256</out_Quantity.quantity></Point><Point><position>11706</position><in_Quantity.quantity>0.000000</in_Quantity.quantity><out_Quantity.quantity>335.841896</out_Quantity.quantity></Point><Point><position>11707</position><in_Quantity.quantity>0.000000</in_Quantity.quantity><out_Quantity.quantity>118.557209</out_Quantity.quantity></Point><Point><position>11708</position><in_Quantity.quantity>0.000000</in_Quantity.quantity><out_Quantity.quantity>940.686429</out_Quantity.quantity></Point><Point><position>11709</position><in_Quantity.quantity>0.000000</in_Quantity.quantity><out_Quantity.quantity>839.479704</out_Quantity.quantity></Point><Point><position>11710</position><in_Quantity.quantity>0.000000</in_Quantity.quantity><out_Quantity.quantity>881.373184</out_Quantity.quantity></Point><Point><position>11711</position><in_Quantity.quantity>0.000000</in_Quantity.quantity><out_Quantity.quantity>423.850927</out_Quantity.quantity></Point><Point><position>11712</position><in_Quantity.quantity>0.000000</in_Quantity.quantity><out_Quantity.quantity>212.055011</out_Quantity.quantity></Point><Point><position>11713</position><in_Quantity.quantity>0.000000</in_Quantity.quantity><out_Quantity.quantity>346.035258</out_Quantity.quantity></Point><Point><position>11714</position><in_Quantity.quantity>0.000000</in_Quantity.quantity><out_Quantity.quantity>208.014031</out_Quantity.quantity></Point><Point><position>11715</position><in_Quantity.quantity>0.000000</in_Quantity.quantity><out_Quantity.quantity>179.303270</out_Quantity.quantity></Point><Point><position>11716</position><in_Quantity.quantity>0.000000</in_Quantity.quantity><out_Quantity.quantity>6.453508</out_Quantity.quantity></Point><Point><position>11717</position><in_Quantity.quantity>0.000000</in_Quantity.quantity><out_Quantity.quantity>273.378328</out_Quantity.quantity></Point><Point><position>11718</position><in_Quantity.quantity>0.000000</in_Quantity.quantity><out_Quantity.quantity>726.995929</out_Quantity.quantity></Point><Point><position>11719</position><in_Quantity.quantity>0.000000</in_Quantity.quantity><out_Quantity.quantity>573.123032</out_Quantity.quantity></Point><Point><position>11720</position><in_Quantity.quantity>0.000000</in_Quantity.quantity><out_Quantity.quantity>211.024489</out_Quantity.quantity></Point><Point><position>11721</position><in_Quantity.quantity>0.000000</in_Quantity.quantity><out_Quantity.quantity>82.946465</out_Quantity.quantity></Point><Point><position>11722</position><in_Quantity.quantity>0.000000</in_Quantity.quantity><out_Quantity.quantity>350.304158</out_Quantity.quantity></Point><Point><position>11723</position><in_Quantity.quantity>0.000000</in_Quantity.quantity><out_Quantity.quantity>653.169748</out_Quantity.quantity></Point><Point><position>11724</position><in_Quantity.quantity>0.000000</in_Quantity.quantity><out_Quantity.quantity>698.062975</out_Quantity.quantity></Point><Point><position>11725</position><in_Quantity.quantity>0.000000</in_Quantity.quantity><out_Quantity.quantity>938.971505</out_Quantity.quantity></Point><Point><position>11726</position><in_Quantity.quantity>0.000000</in_Quantity.quantity><out_Quantity.quantity>280.111027</out_Quantity.quantity></Point><Point><position>11727</position><in_Quantity.quantity>0.000000</in_Quantity.quantity><out_Quantity.quantity>271.373634</out_Quantity.quantity></Point><Point><position>11728</position><in_Quantity.quantity>0.000000</in_Quantity.quantity><out_Quantity.quantity>179.928582</out_Quantity.quantity></Point><Point><position>11729</position><in_Quantity.quantity>0.000000</in_Quantity.quantity><out_Quantity.quantity>950.167380</out_Quantity.quantity></Point><Point><position>11730</position><in_Quantity.quantity>0.000000</in_Quantity.quantity><out_Quantity.quantity>613.348334</out_Quantity.quantity></Point><Point><position>11731</position><in_Quantity.quantity>0.000000</in_Quantity.quantity><out_Quantity.quantity>839.569176</out_Quantity.quantity></Point><Point><position>11732</position><in_Quantity.quantity>0.000000</in_Quantity.quantity><out_Quantity.quantity>485.475475</out_Quantity.quantity></Point><Point><position>11733</position><in_Quantity.quantity>0.000000</in_Quantity.quantity><out_Quantity.quantity>765.445788</out_Quantity.quantity></Point><Point><position>11734</position><in_Quantity.quantity>0.000000</in_Quantity.quantity><out_Quantity.quantity>675.549903</out_Quantity.quantity></Point><Point><position>11735</position><in_Quantity.quantity>0.000000</in_Quantity.quantity><out_Quantity.quantity>906.302979</out_Quantity.quantity></Point><Point><position>11736</position><in_Quantity.quantity>0.000000</in_Quantity.quantity><out_Quantity.quantity>445.313152</out_Quantity.quantity></Point><Point><position>11737</position><in_Quantity.quantity>0.000000</in_Quantity.quantity><out_Quantity.quantity>782.160379</out_Quantity.quantity></Point><Point><position>11738</position><in_Quantity.quantity>0.000000</in_Quantity.quantity><out_Quantity.quantity>356.012936</out_Quantity.quantity></Point><Point><position>11739</position><in_Quantity.quantity>0.000000</in_Quantity.quantity><out_Quantity.quantity>524.862604</out_Quantity.quantity></Point><Point><position>11740</position><in_Quantity.quantity>0.000000</in_Quantity.quantity><out_Quantity.quantity>192.868517</out_Quantity.quantity></Point><Point><position>11741</position><in_Quantity.quantity>0.000000</in_Quantity.quantity><out_Quantity.quantity>737.384116</out_Quantity.quantity></Point><Point><position>11742</position><in_Quantity.quantity>0.000000</in_Quantity.quantity><out_Quantity.quantity>526.415466</out_Quantity.quantity></Point><Point><position>11743</position><in_Quantity.quantity>0.000000</in_Quantity.quantity><out_Quantity.quantity>191.012385</out_Quantity.quantity></Point><Point><position>11744</position><in_Quantity.quantity>0.000000</in_Quantity.quantity><out_Quantity.quantity>124.773753</out_Quantity.quantity></Point><Point><position>11745</position><in_Quantity.quantity>0.000000</in_Quantity.quantity><out_Quantity.quantity>359.509092</out_Quantity.quantity></Point><Point><position>11746</position><in_Quantity.quantity>0.000000</in_Quantity.quantity><out_Quantity.quantity>511.679729</out_Quantity.quantity></Point><Point><position>11747</position><in_Quantity.quantity>0.000000</in_Quantity.quantity><out_Quantity.quantity>182.541783</out_Quantity.quantity></Point><Point><position>11748</position><in_Quantity.quantity>0.000000</in_Quantity.quantity><out_Quantity.quantity>784.361137</out_Quantity.quantity></Point><Point><position>11749</position><in_Quantity.quantity>0.000000</in_Quantity.quantity><out_Quantity.quantity>73.195254</out_Quantity.quantity></Point><Point><position>11750</position><in_Quantity.quantity>0.000000</in_Quantity.quantity><out_Quantity.quantity>368.221643</out_Quantity.quantity></Point><Point><position>11751</position><in_Quantity.quantity>0.000000</in_Quantity.quantity><out_Quantity.quantity>121.961786</out_Quantity.quantity></Point><Point><position>11752</position><in_Quantity.quantity>0.000000</in_Quantity.quantity><out_Quantity.quantity>828.999566</out_Quantity.quantity></Point><Point><position>11753</position><in_Quantity.quantity>0.000000</in_Quantity.quantity><out_Quantity.quantity>61.233360</out_Quantity.quantity></Point><Point><position>11754</position><in_Quantity.quantity>0.000000</in_Quantity.quantity><out_Quantity.quantity>505.387588</out_Quantity.quantity></Point><Point><position>11755</position><in_Quantity.quantity>0.000000</in_Quantity.quantity><out_Quantity.quantity>988.736362</out_Quantity.quantity></Point><Point><position>11756</position><in_Quantity.quantity>0.000000</in_Quantity.quantity><out_Quantity.quantity>690.954330</out_Quantity.quantity></Point><Point><position>11757</position><in_Quantity.quantity>0.000000</in_Quantity.quantity><out_Quantity.quantity>185.132528</out_Quantity.quantity></Point><Point><position>11758</position><in_Quantity.quantity>0.000000</in_Quantity.quantity><out_Quantity.quantity>541.579750</out_Quantity.quantity></Point><Point><position>11759</position><in_Quantity.quantity>0.000000</in_Quantity.quantity><out_Quantity.quantity>530.257905</out_Quantity.quantity></Point><Point><position>11760</position><in_Quantity.quantity>0.000000</in_Quantity.quantity><out_Quantity.quantity>334.805779</out_Quantity.quantity></Point><Point><position>11761</position><in_Quantity.quantity>0.000000</in_Quantity.quantity><out_Quantity.quantity>443.420251</out_Quantity.quantity></Point><Point><position>11762</position><in_Quantity.quantity>0.000000</in_Quantity.quantity><out_Quantity.quantity>136.015219</out_Quantity.quantity></Point><Point><position>11763</position><in_Quantity.quantity>0.000000</in_Quantity.quantity><out_Quantity.quantity>307.586173</out_Quantity.quantity></Point><Point><position>11764</position><in_Quantity.quantity>0.000000</in_Quantity.quantity><out_Quantity.quantity>122.056489</out_Quantity.quantity></Point><Point><position>11765</position><in_Quantity.quantity>0.000000</in_Quantity.quantity><out_Quantity.quantity>899.470926</out_Quantity.quantity></Point><Point><position>11766</position><in_Quantity.quantity>0.000000</in_Quantity.quantity><out_Quantity.quantity>538.155961</out_Quantity.quantity></Point><Point><position>11767</position><in_Quantity.quantity>0.000000</in_Quantity.quantity><out_Quantity.quantity>522.469035</out_Quantity.quantity></Point><Point><position>11768</position><in_Quantity.quantity>0.000000</in_Quantity.quantity><out_Quantity.quantity>752.937466</out_Quantity.quantity></Point><Point><position>11769</position><in_Quantity.quantity>0.000000</in_Quantity.quantity><out_Quantity.quantity>604.429830</out_Quantity.quantity></Point><Point><position>11770</position><in_Quantity.quantity>0.000000</in_Quantity.quantity><out_Quantity.quantity>353.753088</out_Quantity.quantity></Point><Point><position>11771</position><in_Quantity.quantity>0.000000</in_Quantity.quantity><out_Quantity.quantity>995.287807</out_Quantity.quantity></Point><Point><position>11772</position><in_Quantity.quantity>0.000000</in_Quantity.quantity><out_Quantity.quantity>105.821433</out_Quantity.quantity></Point><Point><position>11773</position><in_Quantity.quantity>0.000000</in_Quantity.quantity><out_Quantity.quantity>475.880948</out_Quantity.quantity></Point><Point><position>11774</position><in_Quantity.quantity>0.000000</in_Quantity.quantity><out_Quantity.quantity>827.686308</out_Quantity.quantity></Point><Point><position>11775</position><in_Quantity.quantity>0.000000</in_Quantity.quantity><out_Quantity.quantity>734.723439</out_Quantity.quantity></Point><Point><position>11776</position><in_Quantity.quantity>0.000000</in_Quantity.quantity><out_Quantity.quantity>726.097214</out_Quantity.quantity></Point><Point><position>11777</position><in_Quantity.quantity>0.000000</in_Quantity.quantity><out_Quantity.quantity>170.542900</out_Quantity.quantity></Point><Point><position>11778</position><in_Quantity.quantity>0.000000</in_Quantity.quantity><out_Quantity.quantity>514.076183</out_Quantity.quantity></Point><Point><position>11779</position><in_Quantity.quantity>0.000000</in_Quantity.quantity><out_Quantity.quantity>70.885906</out_Quantity.quantity></Point><Point><position>11780</position><in_Quantity.quantity>0.000000</in_Quantity.quantity><out_Quantity.quantity>879.877525</out_Quantity.quantity></Point><Point><position>11781</position><in_Quantity.quantity>0.000000</in_Quantity.quantity><out_Quantity.quantity>182.314404</out_Quantity.quantity></Point><Point><position>11782</position><in_Quantity.quantity>0.000000</in_Quantity.quantity><out_Quantity.quantity>498.019994</out_Quantity.quantity></Point><Point><position>11783</position><in_Quantity.quantity>0.000000</in_Quantity.quantity><out_Quantity.quantity>58.350871</out_Quantity.quantity></Point><Point><position>11784</position><in_Quantity.quantity>0.000000</in_Quantity.quantity><out_Quantity.quantity>411.538670</out_Quantity.quantity></Point><Point><position>11785</position><in_Quantity.quantity>0.000000</in_Quantity.quantity><out_Quantity.quantity>564.979625</out_Quantity.quantity></Point><Point><position>11786</position><in_Quantity.quantity>0.000000</in_Quantity.quantity><out_Quantity.quantity>259.074704</out_Quantity.quantity></Point><Point><position>11787</position><in_Quantity.quantity>0.000000</in_Quantity.quantity><out_Quantity.quantity>559.726875</out_Quantity.quantity></Point><Point><position>11788</position><in_Quantity.quantity>0.000000</in_Quantity.quantity><out_Quantity.quantity>948.279665</out_Quantity.quantity></Point><Point><position>11789</position><in_Quantity.quantity>0.000000</in_Quantity.quantity><out_Quantity.quantity>142.083531</out_Quantity.quantity></Point><Point><position>11790</position><in_Quantity.quantity>0.000000</in_Quantity.quantity><out_Quantity.quantity>922.406493</out_Quantity.quantity></Point><Point><position>11791</position><in_Quantity.quantity>0.000000</in_Quantity.quantity><out_Quantity.quantity>187.213612</out_Quantity.quantity></Point><Point><position>11792</position><in_Quantity.quantity>0.000000</in_Quantity.quantity><out_Quantity.quantity>909.523666</out_Quantity.quantity></Point><Point><position>11793</position><in_Quantity.quantity>0.000000</in_Quantity.quantity><out_Quantity.quantity>153.466855</out_Quantity.quantity></Point><Point><position>11794</position><in_Quantity.quantity>0.000000</in_Quantity.quantity><out_Quantity.quantity>80.630329</out_Quantity.quantity></Point><Point><position>11795</position><in_Quantity.quantity>0.000000</in_Quantity.quantity><out_Quantity.quantity>873.814030</out_Quantity.quantity></Point><Point><position>11796</position><in_Quantity.quantity>0.000000</in_Quantity.quantity><out_Quantity.quantity>830.202719</out_Quantity.quantity></Point><Point><position>11797</position><in_Quantity.quantity>0.000000</in_Quantity.quantity><out_Quantity.quantity>528.901271</out_Quantity.quantity></Point><Point><position>11798</position><in_Quantity.quantity>0.000000</in_Quantity.quantity><out_Quantity.quantity>242.679114</out_Quantity.quantity></Point><Point><position>11799</position><in_Quantity.quantity>0.000000</in_Quantity.quantity><out_Quantity.quantity>787.648840</out_Quantity.quantity></Point><Point><position>11800</position><in_Quantity.quantity>0.000000</in_Quantity.quantity><out_Quantity.quantity>51.615532</out_Quantity.quantity></Point><Point><position>11801</position><in_Quantity.quantity>0.000000</in_Quantity.quantity><out_Quantity.quantity>564.802941</out_Quantity.quantity></Point><Point><position>11802</position><in_Quantity.quantity>0.000000</in_Quantity.quantity><out_Quantity.quantity>404.536994</out_Quantity.quantity></Point><Point><position>11803</position><in_Quantity.quantity>0.000000</in_Quantity.quantity><out_Quantity.quantity>648.181626</out_Quantity.quantity></Point><Point><position>11804</position><in_Quantity.quantity>0.000000</in_Quantity.quantity><out_Quantity.quantity>157.726419</out_Quantity.quantity></Point><Point><position>11805</position><in_Quantity.quantity>0.000000</in_Quantity.quantity><out_Quantity.quantity>395.219352</out_Quantity.quantity></Point><Point><position>11806</position><in_Quantity.quantity>0.000000</in_Quantity.quantity><out_Quantity.quantity>679.520403</out_Quantity.quantity></Point><Point><position>11807</position><in_Quantity.quantity>0.000000</in_Quantity.quantity><out_Quantity.quantity>978.345000</out_Quantity.quantity></Point><Point><position>11808</position><in_Quantity.quantity>0.000000</in_Quantity.quantity><out_Quantity.quantity>785.548823</out_Quantity.quantity></Point><Point><position>11809</position><in_Quantity.quantity>0.000000</in_Quantity.quantity><out_Quantity.quantity>222.458056</out_Quantity.quantity></Point><Point><position>11810</position><in_Quantity.quantity>0.000000</in_Quantity.quantity><out_Quantity.quantity>735.961239</out_Quantity.quantity></Point><Point><position>11811</position><in_Quantity.quantity>0.000000</in_Quantity.quantity><out_Quantity.quantity>461.328425</out_Quantity.quantity></Point><Point><position>11812</position><in_Quantity.quantity>0.000000</in_Quantity.quantity><out_Quantity.quantity>239.688174</out_Quantity.quantity></Point><Point><position>11813</position><in_Quantity.quantity>0.000000</in_Quantity.quantity><out_Quantity.quantity>678.665764</out_Quantity.quantity></Point><Point><position>11814</position><in_Quantity.quantity>0.000000</in_Quantity.quantity><out_Quantity.quantity>195.355311</out_Quantity.quantity></Point><Point><position>11815</position><in_Quantity.quantity>0.000000</in_Quantity.quantity><out_Quantity.quantity>100.692413</out_Quantity.quantity></Point><Point><position>11816</position><in_Quantity.quantity>0.000000</in_Quantity.quantity><out_Quantity.quantity>257.277296</out_Quantity.quantity></Point><Point><position>11817</position><in_Quantity.quantity>0.000000</in_Quantity.quantity><out_Quantity.quantity>85.200617</out_Quantity.quantity></Point><Point><position>11818</position><in_Quantity.quantity>0.000000</in_Quantity.quantity><out_Quantity.quantity>818.006745</out_Quantity.quantity></Point><Point><position>11819</position><in_Quantity.quantity>0.000000</in_Quantity.quantity><out_Quantity.quantity>302.994705</out_Quantity.quantity></Point><Point><position>11820</position><in_Quantity.quantity>0.000000</in_Quantity.quantity><out_Quantity.quantity>928.754711</out_Quantity.quantity></Point><Point><position>11821</position><in_Quantity.quantity>0.000000</in_Quantity.quantity><out_Quantity.quantity>30.127437</out_Quantity.quantity></Point><Point><position>11822</position><in_Quantity.quantity>0.000000</in_Quantity.quantity><out_Quantity.quantity>609.745280</out_Quantity.quantity></Point><Point><position>11823</position><in_Quantity.quantity>0.000000</in_Quantity.quantity><out_Quantity.quantity>980.473010</out_Quantity.quantity></Point><Point><position>11824</position><in_Quantity.quantity>0.000000</in_Quantity.quantity><out_Quantity.quantity>606.218148</out_Quantity.quantity></Point><Point><position>11825</position><in_Quantity.quantity>0.000000</in_Quantity.quantity><out_Quantity.quantity>767.150033</out_Quantity.quantity></Point><Point><position>11826</position><in_Quantity.quantity>0.000000</in_Quantity.quantity><out_Quantity.quantity>862.090857</out_Quantity.quantity></Point><Point><position>11827</position><in_Quantity.quantity>0.000000</in_Quantity.quantity><out_Quantity.quantity>379.511360</out_Quantity.quantity></Point><Point><position>11828</position><in_Quantity.quantity>0.000000</in_Quantity.quantity><out_Quantity.quantity>191.736185</out_Quantity.quantity></Point><Point><position>11829</position><in_Quantity.quantity>0.000000</in_Quantity.quantity><out_Quantity.quantity>88.204598</out_Quantity.quantity></Point><Point><position>11830</position><in_Quantity.quantity>0.000000</in_Quantity.quantity><out_Quantity.quantity>772.819774</out_Quantity.quantity></Point><Point><position>11831</position><in_Quantity.quantity>0.000000</in_Quantity.quantity><out_Quantity.quantity>246.330302</out_Quantity.quantity></Point><Point><position>11832</position><in_Quantity.quantity>0.000000</in_Quantity.quantity><out_Quantity.quantity>261.120466</out_Quantity.quantity></Point><Point><position>11833</position><in_Quantity.quantity>0.000000</in_Quantity.quantity><out_Quantity.quantity>497.750745</out_Quantity.quantity></Point><Point><position>11834</position><in_Quantity.quantity>0.000000</in_Quantity.quantity><out_Quantity.quantity>276.775606</out_Quantity.quantity></Point><Point><position>11835</position><in_Quantity.quantity>0.000000</in_Quantity.quantity><out_Quantity.quantity>926.135092</out_Quantity.quantity></Point><Point><position>11836</position><in_Quantity.quantity>0.000000</in_Quantity.quantity><out_Quantity.quantity>348.069351</out_Quantity.quantity></Point><Point><position>11837</position><in_Quantity.quantity>0.000000</in_Quantity.quantity><out_Quantity.quantity>27.061095</out_Quantity.quantity></Point><Point><position>11838</position><in_Quantity.quantity>0.000000</in_Quantity.quantity><out_Quantity.quantity>61.116488</out_Quantity.quantity></Point><Point><position>11839</position><in_Quantity.quantity>0.000000</in_Quantity.quantity><out_Quantity.quantity>365.190512</out_Quantity.quantity></Point><Point><position>11840</position><in_Quantity.quantity>0.000000</in_Quantity.quantity><out_Quantity.quantity>182.972972</out_Quantity.quantity></Point><Point><position>11841</position><in_Quantity.quantity>0.000000</in_Quantity.quantity><out_Quantity.quantity>204.224522</out_Quantity.quantity></Point><Point><position>11842</position><in_Quantity.quantity>0.000000</in_Quantity.quantity><out_Quantity.quantity>478.600792</out_Quantity.quantity></Point><Point><position>11843</position><in_Quantity.quantity>0.000000</in_Quantity.quantity><out_Quantity.quantity>301.593598</out_Quantity.quantity></Point><Point><position>11844</position><in_Quantity.quantity>0.000000</in_Quantity.quantity><out_Quantity.quantity>633.103694</out_Quantity.quantity></Point><Point><position>11845</position><in_Quantity.quantity>0.000000</in_Quantity.quantity><out_Quantity.quantity>558.952919</out_Quantity.quantity></Point><Point><position>11846</position><in_Quantity.quantity>0.000000</in_Quantity.quantity><out_Quantity.quantity>800.468753</out_Quantity.quantity></Point><Point><position>11847</position><in_Quantity.quantity>0.000000</in_Quantity.quantity><out_Quantity.quantity>562.209468</out_Quantity.quantity></Point><Point><position>11848</position><in_Quantity.quantity>0.000000</in_Quantity.quantity><out_Quantity.quantity>710.038347</out_Quantity.quantity></Point><Point><position>11849</position><in_Quantity.quantity>0.000000</in_Quantity.quantity><out_Quantity.quantity>693.425813</out_Quantity.quantity></Point><Point><position>11850</position><in_Quantity.quantity>0.000000</in_Quantity.quantity><out_Quantity.quantity>888.140520</out_Quantity.quantity></Point><Point><position>11851</position><in_Quantity.quantity>0.000000</in_Quantity.quantity><out_Quantity.quantity>831.041381</out_Quantity.quantity></Point><Point><position>11852</position><in_Quantity.quantity>0.000000</in_Quantity.quantity><out_Quantity.quantity>362.497725</out_Quantity.quantity></Point><Point><position>11853</position><in_Quantity.quantity>0.000000</in_Quantity.quantity><out_Quantity.quantity>126.594348</out_Quantity.quantity></Point><Point><position>11854</position><in_Quantity.quantity>0.000000</in_Quantity.quantity><out_Quantity.quantity>99.466467</out_Quantity.quantity></Point><Point><position>11855</position><in_Quantity.quantity>0.000000</in_Quantity.quantity><out_Quantity.quantity>114.252958</out_Quantity.quantity></Point><Point><position>11856</position><in_Quantity.quantity>0.000000</in_Quantity.quantity><out_Quantity.quantity>266.206593</out_Quantity.quantity></Point><Point><position>11857</position><in_Quantity.quantity>0.000000</in_Quantity.quantity><out_Quantity.quantity>272.565061</out_Quantity.quantity></Point><Point><position>11858</position><in_Quantity.quantity>0.000000</in_Quantity.quantity><out_Quantity.quantity>840.717450</out_Quantity.quantity></Point><Point><position>11859</position><in_Quantity.quantity>0.000000</in_Quantity.quantity><out_Quantity.quantity>573.023121</out_Quantity.quantity></Point><Point><position>11860</position><in_Quantity.quantity>0.000000</in_Quantity.quantity><out_Quantity.quantity>379.001142</out_Quantity.quantity></Point><Point><position>11861</position><in_Quantity.quantity>0.000000</in_Quantity.quantity><out_Quantity.quantity>580.985295</out_Quantity.quantity></Point><Point><position>11862</position><in_Quantity.quantity>0.000000</in_Quantity.quantity><out_Quantity.quantity>679.447331</out_Quantity.quantity></Point><Point><position>11863</position><in_Quantity.quantity>0.000000</in_Quantity.quantity><out_Quantity.quantity>941.279166</out_Quantity.quantity></Point><Point><position>11864</position><in_Quantity.quantity>0.000000</in_Quantity.quantity><out_Quantity.quantity>581.353042</out_Quantity.quantity></Point><Point><position>11865</position><in_Quantity.quantity>0.000000</in_Quantity.quantity><out_Quantity.quantity>513.915871</out_Quantity.quantity></Point><Point><position>11866</position><in_Quantity.quantity>0.000000</in_Quantity.quantity><out_Quantity.quantity>840.465289</out_Quantity.quantity></Point><Point><position>11867</position><in_Quantity.quantity>0.000000</in_Quantity.quantity><out_Quantity.quantity>48.884480</out_Quantity.quantity></Point><Point><position>11868</position><in_Quantity.quantity>0.000000</in_Quantity.quantity><out_Quantity.quantity>422.980519</out_Quantity.quantity></Point><Point><position>11869</position><in_Quantity.quantity>0.000000</in_Quantity.quantity><out_Quantity.quantity>921.144744</out_Quantity.quantity></Point><Point><position>11870</position><in_Quantity.quantity>0.000000</in_Quantity.quantity><out_Quantity.quantity>585.710773</out_Quantity.quantity></Point><Point><position>11871</position><in_Quantity.quantity>0.000000</in_Quantity.quantity><out_Quantity.quantity>476.160997</out_Quantity.quantity></Point><Point><position>11872</position><in_Quantity.quantity>0.000000</in_Quantity.quantity><out_Quantity.quantity>658.720776</out_Quantity.quantity></Point><Point><position>11873</position><in_Quantity.quantity>0.000000</in_Quantity.quantity><out_Quantity.quantity>704.853484</out_Quantity.quantity></Point><Point><position>11874</position><in_Quantity.quantity>0.000000</in_Quantity.quantity><out_Quantity.quantity>203.380659</out_Quantity.quantity></Point><Point><position>11875</position><in_Quantity.quantity>0.000000</in_Quantity.quantity><out_Quantity.quantity>753.683205</out_Quantity.quantity></Point><Point><position>11876</position><in_Quantity.quantity>0.000000</in_Quantity.quantity><out_Quantity.quantity>290.479362</out_Quantity.quantity></Point><Point><position>11877</position><in_Quantity.quantity>0.000000</in_Quantity.quantity><out_Quantity.quantity>956.577420</out_Quantity.quantity></Point><Point><position>11878</position><in_Quantity.quantity>0.000000</in_Quantity.quantity><out_Quantity.quantity>912.513994</out_Quantity.quantity></Point><Point><position>11879</position><in_Quantity.quantity>0.000000</in_Quantity.quantity><out_Quantity.quantity>825.985054</out_Quantity.quantity></Point><Point><position>11880</position><in_Quantity.quantity>0.000000</in_Quantity.quantity><out_Quantity.quantity>269.548686</out_Quantity.quantity></Point><Point><position>11881</position><in_Quantity.quantity>0.000000</in_Quantity.quantity><out_Quantity.quantity>457.125531</out_Quantity.quantity></Point><Point><position>11882</position><in_Quantity.quantity>0.000000</in_Quantity.quantity><out_Quantity.quantity>401.798068</out_Quantity.quantity></Point><Point><position>11883</position><in_Quantity.quantity>0.000000</in_Quantity.quantity><out_Quantity.quantity>78.018043</out_Quantity.quantity></Point><Point><position>11884</position><in_Quantity.quantity>0.000000</in_Quantity.quantity><out_Quantity.quantity>322.182248</out_Quantity.quantity></Point><Point><position>11885</position><in_Quantity.quantity>0.000000</in_Quantity.quantity><out_Quantity.quantity>295.825758</out_Quantity.quantity></Point><Point><position>11886</position><in_Quantity.quantity>0.000000</in_Quantity.quantity><out_Quantity.quantity>735.000271</out_Quantity.quantity></Point><Point><position>11887</position><in_Quantity.quantity>0.000000</in_Quantity.quantity><out_Quantity.quantity>467.055081</out_Quantity.quantity></Point><Point><position>11888</position><in_Quantity.quantity>0.000000</in_Quantity.quantity><out_Quantity.quantity>52.705951</out_Quantity.quantity></Point><Point><position>11889</position><in_Quantity.quantity>0.000000</in_Quantity.quantity><out_Quantity.quantity>366.383472</out_Quantity.quantity></Point><Point><position>11890</position><in_Quantity.quantity>0.000000</in_Quantity.quantity><out_Quantity.quantity>552.649114</out_Quantity.quantity></Point><Point><position>11891</position><in_Quantity.quantity>0.000000</in_Quantity.quantity><out_Quantity.quantity>564.560773</out_Quantity.quantity></Point><Point><position>11892</position><in_Quantity.quantity>0.000000</in_Quantity.quantity><out_Quantity.quantity>268.144012</out_Quantity.quantity></Point><Point><position>11893</position><in_Quantity.quantity>0.000000</in_Quantity.quantity><out_Quantity.quantity>116.963176</out_Quantity.quantity></Point><Point><position>11894</position><in_Quantity.quantity>0.000000</in_Quantity.quantity><out_Quantity.quantity>740.580460</out_Quantity.quantity></Point><Point><position>11895</position><in_Quantity.quantity>0.000000</in_Quantity.quantity><out_Quantity.quantity>294.638983</out_Quantity.quantity></Point><Point><position>11896</position><in_Quantity.quantity>0.000000</in_Quantity.quantity><out_Quantity.quantity>504.449768</out_Quantity.quantity></Point><Point><position>11897</position><in_Quantity.quantity>0.000000</in_Quantity.quantity><out_Quantity.quantity>274.353513</out_Quantity.quantity></Point><Point><position>11898</position><in_Quantity.quantity>0.000000</in_Quantity.quantity><out_Quantity.quantity>35.981506</out_Quantity.quantity></Point><Point><position>11899</position><in_Quantity.quantity>0.000000</in_Quantity.quantity><out_Quantity.quantity>21.868511</out_Quantity.quantity></Point><Point><position>11900</position><in_Quantity.quantity>0.000000</in_Quantity.quantity><out_Quantity.quantity>877.542255</out_Quantity.quantity></Point><Point><position>11901</position><in_Quantity.quantity>0.000000</in_Quantity.quantity><out_Quantity.quantity>458.224841</out_Quantity.quantity></Point><Point><position>11902</position><in_Quantity.quantity>0.000000</in_Quantity.quantity><out_Quantity.quantity>783.630147</out_Quantity.quantity></Point><Point><position>11903</position><in_Quantity.quantity>0.000000</in_Quantity.quantity><out_Quantity.quantity>385.196266</out_Quantity.quantity></Point><Point><position>11904</position><in_Quantity.quantity>0.000000</in_Quantity.quantity><out_Quantity.quantity>100.947220</out_Quantity.quantity></Point><Point><position>11905</position><in_Quantity.quantity>0.000000</in_Quantity.quantity><out_Quantity.quantity>192.146182</out_Quantity.quantity></Point><Point><position>11906</position><in_Quantity.quantity>0.000000</in_Quantity.quantity><out_Quantity.quantity>115.235481</out_Quantity.quantity></Point><Point><position>11907</position><in_Quantity.quantity>0.000000</in_Quantity.quantity><out_Quantity.quantity>322.577486</out_Quantity.quantity></Point><Point><position>11908</position><in_Quantity.quantity>0.000000</in_Quantity.quantity><out_Quantity.quantity>854.850349</out_Quantity.quantity></Point><Point><position>11909</position><in_Quantity.quantity>0.000000</in_Quantity.quantity><out_Quantity.quantity>596.693138</out_Quantity.quantity></Point><Point><position>11910</position><in_Quantity.quantity>0.000000</in_Quantity.quantity><out_Quantity.quantity>90.863834</out_Quantity.quantity></Point><Point><position>11911</position><in_Quantity.quantity>0.000000</in_Quantity.quantity><out_Quantity.quantity>233.168273</out_Quantity.quantity></Point><Point><position>11912</position><in_Quantity.quantity>0.000000</in_Quantity.quantity><out_Quantity.quantity>368.780323</out_Quantity.quantity></Point><Point><position>11913</position><in_Quantity.quantity>0.000000</in_Quantity.quantity><out_Quantity.quantity>779.040628</out_Quantity.quantity></Point><Point><position>11914</position><in_Quantity.quantity>0.000000</in_Quantity.quantity><out_Quantity.quantity>641.990747</out_Quantity.quantity></Point><Point><position>11915</position><in_Quantity.quantity>0.000000</in_Quantity.quantity><out_Quantity.quantity>439.646773</out_Quantity.quantity></Point><Point><position>11916</position><in_Quantity.quantity>0.000000</in_Quantity.quantity><out_Quantity.quantity>503.891888</out_Quantity.quantity></Point><Point><position>11917</position><in_Quantity.quantity>0.000000</in_Quantity.quantity><out_Quantity.quantity>7.178148</out_Quantity.quantity></Point><Point><position>11918</position><in_Quantity.quantity>0.000000</in_Quantity.quantity><out_Quantity.quantity>318.995243</out_Quantity.quantity></Point><Point><position>11919</position><in_Quantity.quantity>0.000000</in_Quantity.quantity><out_Quantity.quantity>420.491812</out_Quantity.quantity></Point><Point><position>11920</position><in_Quantity.quantity>0.000000</in_Quantity.quantity><out_Quantity.quantity>168.370364</out_Quantity.quantity></Point><Point><position>11921</position><in_Quantity.quantity>0.000000</in_Quantity.quantity><out_Quantity.quantity>897.228589</out_Quantity.quantity></Point><Point><position>11922</position><in_Quantity.quantity>0.000000</in_Quantity.quantity><out_Quantity.quantity>501.087947</out_Quantity.quantity></Point><Point><position>11923</position><in_Quantity.quantity>0.000000</in_Quantity.quantity><out_Quantity.quantity>629.235502</out_Quantity.quantity></Point><Point><position>11924</position><in_Quantity.quantity>0.000000</in_Quantity.quantity><out_Quantity.quantity>212.891673</out_Quantity.quantity></Point><Point><position>11925</position><in_Quantity.quantity>0.000000</in_Quantity.quantity><out_Quantity.quantity>753.078657</out_Quantity.quantity></Point><Point><position>11926</position><in_Quantity.quantity>0.000000</in_Quantity.quantity><out_Quantity.quantity>688.558887</out_Quantity.quantity></Point><Point><position>11927</position><in_Quantity.quantity>0.000000</in_Quantity.quantity><out_Quantity.quantity>733.673651</out_Quantity.quantity></Point><Point><position>11928</position><in_Quantity.quantity>0.000000</in_Quantity.quantity><out_Quantity.quantity>987.335823</out_Quantity.quantity></Point><Point><position>11929</position><in_Quantity.quantity>0.000000</in_Quantity.quantity><out_Quantity.quantity>789.261096</out_Quantity.quantity></Point><Point><position>11930</position><in_Quantity.quantity>0.000000</in_Quantity.quantity><out_Quantity.quantity>412.431782</out_Quantity.quantity></Point><Point><position>11931</position><in_Quantity.quantity>0.000000</in_Quantity.quantity><out_Quantity.quantity>90.023945</out_Quantity.quantity></Point><Point><position>11932</position><in_Quantity.quantity>0.000000</in_Quantity.quantity><out_Quantity.quantity>826.974515</out_Quantity.quantity></Point><Point><position>11933</position><in_Quantity.quantity>0.000000</in_Quantity.quantity><out_Quantity.quantity>872.552350</out_Quantity.quantity></Point><Point><position>11934</position><in_Quantity.quantity>0.000000</in_Quantity.quantity><out_Quantity.quantity>646.704350</out_Quantity.quantity></Point><Point><position>11935</position><in_Quantity.quantity>0.000000</in_Quantity.quantity><out_Quantity.quantity>405.459720</out_Quantity.quantity></Point><Point><position>11936</position><in_Quantity.quantity>0.000000</in_Quantity.quantity><out_Quantity.quantity>995.590963</out_Quantity.quantity></Point><Point><position>11937</position><in_Quantity.quantity>0.000000</in_Quantity.quantity><out_Quantity.quantity>535.585730</out_Quantity.quantity></Point><Point><position>11938</position><in_Quantity.quantity>0.000000</in_Quantity.quantity><out_Quantity.quantity>770.174494</out_Quantity.quantity></Point><Point><position>11939</position><in_Quantity.quantity>0.000000</in_Quantity.quantity><out_Quantity.quantity>339.395603</out_Quantity.quantity></Point><Point><position>11940</position><in_Quantity.quantity>0.000000</in_Quantity.quantity><out_Quantity.quantity>251.691285</out_Quantity.quantity></Point><Point><position>11941</position><in_Quantity.quantity>0.000000</in_Quantity.quantity><out_Quantity.quantity>10.446998</out_Quantity.quantity></Point><Point><position>11942</position><in_Quantity.quantity>0.000000</in_Quantity.quantity><out_Quantity.quantity>733.403465</out_Quantity.quantity></Point><Point><position>11943</position><in_Quantity.quantity>0.000000</in_Quantity.quantity><out_Quantity.quantity>215.413288</out_Quantity.quantity></Point><Point><position>11944</position><in_Quantity.quantity>0.000000</in_Quantity.quantity><out_Quantity.quantity>56.721129</out_Quantity.quantity></Point><Point><position>11945</position><in_Quantity.quantity>0.000000</in_Quantity.quantity><out_Quantity.quantity>339.207387</out_Quantity.quantity></Point><Point><position>11946</position><in_Quantity.quantity>0.000000</in_Quantity.quantity><out_Quantity.quantity>115.407733</out_Quantity.quantity></Point><Point><position>11947</position><in_Quantity.quantity>0.000000</in_Quantity.quantity><out_Quantity.quantity>284.942139</out_Quantity.quantity></Point><Point><position>11948</position><in_Quantity.quantity>0.000000</in_Quantity.quantity><out_Quantity.quantity>875.029835</out_Quantity.quantity></Point><Point><position>11949</position><in_Quantity.quantity>0.000000</in_Quantity.quantity><out_Quantity.quantity>130.418616</out_Quantity.quantity></Point><Point><position>11950</position><in_Quantity.quantity>0.000000</in_Quantity.quantity><out_Quantity.quantity>495.729925</out_Quantity.quantity></Point><Point><position>11951</position><in_Quantity.quantity>0.000000</in_Quantity.quantity><out_Quantity.quantity>938.948412</out_Quantity.quantity></Point><Point><position>11952</position><in_Quantity.quantity>0.000000</in_Quantity.quantity><out_Quantity.quantity>519.734555</out_Quantity.quantity></Point><Point><position>11953</position><in_Quantity.quantity>0.000000</in_Quantity.quantity><out_Quantity.quantity>261.569084</out_Quantity.quantity></Point><Point><position>11954</position><in_Quantity.quantity>0.000000</in_Quantity.quantity><out_Quantity.quantity>995.591330</out_Quantity.quantity></Point><Point><position>11955</position><in_Quantity.quantity>0.000000</in_Quantity.quantity><out_Quantity.quantity>854.345229</out_Quantity.quantity></Point><Point><position>11956</position><in_Quantity.quantity>0.000000</in_Quantity.quantity><out_Quantity.quantity>178.257908</out_Quantity.quantity></Point><Point><position>11957</position><in_Quantity.quantity>0.000000</in_Quantity.quantity><out_Quantity.quantity>810.603703</out_Quantity.quantity></Point><Point><position>11958</position><in_Quantity.quantity>0.000000</in_Quantity.quantity><out_Quantity.quantity>349.486592</out_Quantity.quantity></Point><Point><position>11959</position><in_Quantity.quantity>0.000000</in_Quantity.quantity><out_Quantity.quantity>56.483749</out_Quantity.quantity></Point><Point><position>11960</position><in_Quantity.quantity>0.000000</in_Quantity.quantity><out_Quantity.quantity>683.265238</out_Quantity.quantity></Point><Point><position>11961</position><in_Quantity.quantity>0.000000</in_Quantity.quantity><out_Quantity.quantity>582.804734</out_Quantity.quantity></Point><Point><position>11962</position><in_Quantity.quantity>0.000000</in_Quantity.quantity><out_Quantity.quantity>353.826202</out_Quantity.quantity></Point><Point><position>11963</position><in_Quantity.quantity>0.000000</in_Quantity.quantity><out_Quantity.quantity>423.467387</out_Quantity.quantity></Point><Point><position>11964</position><in_Quantity.quantity>0.000000</in_Quantity.quantity><out_Quantity.quantity>820.915289</out_Quantity.quantity></Point><Point><position>11965</position><in_Quantity.quantity>0.000000</in_Quantity.quantity><out_Quantity.quantity>334.335917</out_Quantity.quantity></Point><Point><position>11966</position><in_Quantity.quantity>0.000000</in_Quantity.quantity><out_Quantity.quantity>276.817743</out_Quantity.quantity></Point><Point><position>11967</position><in_Quantity.quantity>0.000000</in_Quantity.quantity><out_Quantity.quantity>118.060993</out_Quantity.quantity></Point><Point><position>11968</position><in_Quantity.quantity>0.000000</in_Quantity.quantity><out_Quantity.quantity>495.620248</out_Quantity.quantity></Point><Point><position>11969</position><in_Quantity.quantity>0.000000</in_Quantity.quantity><out_Quantity.quantity>526.599582</out_Quantity.quantity></Point><Point><position>11970</position><in_Quantity.quantity>0.000000</in_Quantity.quantity><out_Quantity.quantity>760.073286</out_Quantity.quantity></Point><Point><position>11971</position><in_Quantity.quantity>0.000000</in_Quantity.quantity><out_Quantity.quantity>573.254514</out_Quantity.quantity></Point><Point><position>11972</position><in_Quantity.quantity>0.000000</in_Quantity.quantity><out_Quantity.quantity>404.323958</out_Quantity.quantity></Point><Point><position>11973</position><in_Quantity.quantity>0.000000</in_Quantity.quantity><out_Quantity.quantity>108.702432</out_Quantity.quantity></Point><Point><position>11974</position><in_Quantity.quantity>0.000000</in_Quantity.quantity><out_Quantity.quantity>225.400147</out_Quantity.quantity></Point><Point><position>11975</position><in_Quantity.quantity>0.000000</in_Quantity.quantity><out_Quantity.quantity>401.455363</out_Quantity.quantity></Point><Point><position>11976</position><in_Quantity.quantity>0.000000</in_Quantity.quantity><out_Quantity.quantity>29.890966</out_Quantity.quantity></Point><Point><position>11977</position><in_Quantity.quantity>0.000000</in_Quantity.quantity><out_Quantity.quantity>782.155115</out_Quantity.quantity></Point><Point><position>11978</position><in_Quantity.quantity>0.000000</in_Quantity.quantity><out_Quantity.quantity>914.329671</out_Quantity.quantity></Point><Point><position>11979</position><in_Quantity.quantity>0.000000</in_Quantity.quantity><out_Quantity.quantity>201.655043</out_Quantity.quantity></Point><Point><position>11980</position><in_Quantity.quantity>0.000000</in_Quantity.quantity><out_Quantity.quantity>729.897106</out_Quantity.quantity></Point><Point><position>11981</position><in_Quantity.quantity>0.000000</in_Quantity.quantity><out_Quantity.quantity>844.095480</out_Quantity.quantity></Point><Point><position>11982</position><in_Quantity.quantity>0.000000</in_Quantity.quantity><out_Quantity.quantity>394.618317</out_Quantity.quantity></Point><Point><position>11983</position><in_Quantity.quantity>0.000000</in_Quantity.quantity><out_Quantity.quantity>32.877956</out_Quantity.quantity></Point><Point><position>11984</position><in_Quantity.quantity>0.000000</in_Quantity.quantity><out_Quantity.quantity>732.247790</out_Quantity.quantity></Point><Point><position>11985</position><in_Quantity.quantity>0.000000</in_Quantity.quantity><out_Quantity.quantity>243.014753</out_Quantity.quantity></Point><Point><position>11986</position><in_Quantity.quantity>0.000000</in_Quantity.quantity><out_Quantity.quantity>323.622330</out_Quantity.quantity></Point><Point><position>11987</position><in_Quantity.quantity>0.000000</in_Quantity.quantity><out_Quantity.quantity>214.414406</out_Quantity.quantity></Point><Point><position>11988</position><in_Quantity.quantity>0.000000</in_Quantity.quantity><out_Quantity.quantity>249.486731</out_Quantity.quantity></Point><Point><position>11989</position><in_Quantity.quantity>0.000000</in_Quantity.quantity><out_Quantity.quantity>480.745575</out_Quantity.quantity></Point><Point><position>11990</position><in_Quantity.quantity>0.000000</in_Quantity.quantity><out_Quantity.quantity>661.745663</out_Quantity.quantity></Point><Point><position>11991</position><in_Quantity.quantity>0.000000</in_Quantity.quantity><out_Quantity.quantity>849.843276</out_Quantity.quantity></Point><Point><position>11992</position><in_Quantity.quantity>0.000000</in_Quantity.quantity><out_Quantity.quantity>419.244340</out_Quantity.quantity></Point><Point><position>11993</position><in_Quantity.quantity>0.000000</in_Quantity.quantity><out_Quantity.quantity>573.167323</out_Quantity.quantity></Point><Point><position>11994</position><in_Quantity.quantity>0.000000</in_Quantity.quantity><out_Quantity.quantity>497.105158</out_Quantity.quantity></Point><Point><position>11995</position><in_Quantity.quantity>0.000000</in_Quantity.quantity><out_Quantity.quantity>691.627144</out_Quantity.quantity></Point><Point><position>11996</position><in_Quantity.quantity>0.000000</in_Quantity.quantity><out_Quantity.quantity>638.272150</out_Quantity.quantity></Point><Point><position>11997</position><in_Quantity.quantity>0.000000</in_Quantity.quantity><out_Quantity.quantity>406.899333</out_Quantity.quantity></Point><Point><position>11998</position><in_Quantity.quantity>0.000000</in_Quantity.quantity><out_Quantity.quantity>864.783388</out_Quantity.quantity></Point><Point><position>11999</position><in_Quantity.quantity>0.000000</in_Quantity.quantity><out_Quantity.quantity>238.117913</out_Quantity.quantity></Point><Point><position>12000</position><in_Quantity.quantity>0.000000</in_Quantity.quantity><out_Quantity.quantity>580.361759</out_Quantity.quantity></Point><Point><position>12001</position><in_Quantity.quantity>0.000000</in_Quantity.quantity><out_Quantity.quantity>173.393263</out_Quantity.quantity></Point><Point><position>12002</position><in_Quantity.quantity>0.000000</in_Quantity.quantity><out_Quantity.quantity>163.495820</out_Quantity.quantity></Point><Point><position>12003</position><in_Quantity.quantity>0.000000</in_Quantity.quantity><out_Quantity.quantity>391.433738</out_Quantity.quantity></Point><Point><position>12004</position><in_Quantity.quantity>0.000000</in_Quantity.quantity><out_Quantity.quantity>328.638353</out_Quantity.quantity></Point><Point><position>12005</position><in_Quantity.quantity>0.000000</in_Quantity.quantity><out_Quantity.quantity>418.541483</out_Quantity.quantity></Point><Point><position>12006</position><in_Quantity.quantity>0.000000</in_Quantity.quantity><out_Quantity.quantity>321.894648</out_Quantity.quantity></Point><Point><position>12007</position><in_Quantity.quantity>0.000000</in_Quantity.quantity><out_Quantity.quantity>860.496272</out_Quantity.quantity></Point><Point><position>12008</position><in_Quantity.quantity>0.000000</in_Quantity.quantity><out_Quantity.quantity>237.426407</out_Quantity.quantity></Point><Point><position>12009</position><in_Quantity.quantity>0.000000</in_Quantity.quantity><out_Quantity.quantity>189.136996</out_Quantity.quantity></Point><Point><position>12010</position><in_Quantity.quantity>0.000000</in_Quantity.quantity><out_Quantity.quantity>884.100003</out_Quantity.quantity></Point><Point><position>12011</position><in_Quantity.quantity>0.000000</in_Quantity.quantity><out_Quantity.quantity>952.704089</out_Quantity.quantity></Point><Point><position>12012</position><in_Quantity.quantity>0.000000</in_Quantity.quantity><out_Quantity.quantity>799.451019</out_Quantity.quantity></Point><Point><position>12013</position><in_Quantity.quantity>0.000000</in_Quantity.quantity><out_Quantity.quantity>81.150217</out_Quantity.quantity></Point><Point><position>12014</position><in_Quantity.quantity>0.000000</in_Quantity.quantity><out_Quantity.quantity>787.075250</out_Quantity.quantity></Point><Point><position>12015</position><in_Quantity.quantity>0.000000</in_Quantity.quantity><out_Quantity.quantity>596.086191</out_Quantity.quantity></Point><Point><position>12016</position><in_Quantity.quantity>0.000000</in_Quantity.quantity><out_Quantity.quantity>759.881578</out_Quantity.quantity></Point><Point><position>12017</position><in_Quantity.quantity>0.000000</in_Quantity.quantity><out_Quantity.quantity>708.409085</out_Quantity.quantity></Point><Point><position>12018</position><in_Quantity.quantity>0.000000</in_Quantity.quantity><out_Quantity.quantity>776.809142</out_Quantity.quantity></Point><Point><position>12019</position><in_Quantity.quantity>0.000000</in_Quantity.quantity><out_Quantity.quantity>265.751580</out_Quantity.quantity></Point><Point><position>12020</position><in_Quantity.quantity>0.000000</in_Quantity.quantity><out_Quantity.quantity>405.309169</out_Quantity.quantity></Point><Point><position>12021</position><in_Quantity.quantity>0.000000</in_Quantity.quantity><out_Quantity.quantity>981.091429</out_Quantity.quantity></Point><Point><position>12022</position><in_Quantity.quantity>0.000000</in_Quantity.quantity><out_Quantity.quantity>147.374068</out_Quantity.quantity></Point><Point><position>12023</position><in_Quantity.quantity>0.000000</in_Quantity.quantity><out_Quantity.quantity>484.638961</out_Quantity.quantity></Point><Point><position>12024</position><in_Quantity.quantity>0.000000</in_Quantity.quantity><out_Quantity.quantity>595.641984</out_Quantity.quantity></Point><Point><position>12025</position><in_Quantity.quantity>0.000000</in_Quantity.quantity><out_Quantity.quantity>552.405201</out_Quantity.quantity></Point><Point><position>12026</position><in_Quantity.quantity>0.000000</in_Quantity.quantity><out_Quantity.quantity>278.198733</out_Quantity.quantity></Point><Point><position>12027</position><in_Quantity.quantity>0.000000</in_Quantity.quantity><out_Quantity.quantity>797.135437</out_Quantity.quantity></Point><Point><position>12028</position><in_Quantity.quantity>0.000000</in_Quantity.quantity><out_Quantity.quantity>490.622661</out_Quantity.quantity></Point><Point><position>12029</position><in_Quantity.quantity>0.000000</in_Quantity.quantity><out_Quantity.quantity>898.735918</out_Quantity.quantity></Point><Point><position>12030</position><in_Quantity.quantity>0.000000</in_Quantity.quantity><out_Quantity.quantity>472.806387</out_Quantity.quantity></Point><Point><position>12031</position><in_Quantity.quantity>0.000000</in_Quantity.quantity><out_Quantity.quantity>513.948010</out_Quantity.quantity></Point><Point><position>12032</position><in_Quantity.quantity>0.000000</in_Quantity.quantity><out_Quantity.quantity>123.951288</out_Quantity.quantity></Point><Point><position>12033</position><in_Quantity.quantity>0.000000</in_Quantity.quantity><out_Quantity.quantity>365.132346</out_Quantity.quantity></Point><Point><position>12034</position><in_Quantity.quantity>0.000000</in_Quantity.quantity><out_Quantity.quantity>657.317490</out_Quantity.quantity></Point><Point><position>12035</position><in_Quantity.quantity>0.000000</in_Quantity.quantity><out_Quantity.quantity>473.204841</out_Quantity.quantity></Point><Point><position>12036</position><in_Quantity.quantity>0.000000</in_Quantity.quantity><out_Quantity.quantity>954.127094</out_Quantity.quantity></Point><Point><position>12037</position><in_Quantity.quantity>0.000000</in_Quantity.quantity><out_Quantity.quantity>143.649737</out_Quantity.quantity></Point><Point><position>12038</position><in_Quantity.quantity>0.000000</in_Quantity.quantity><out_Quantity.quantity>493.977781</out_Quantity.quantity></Point><Point><position>12039</position><in_Quantity.quantity>0.000000</in_Quantity.quantity><out_Quantity.quantity>974.904255</out_Quantity.quantity></Point><Point><position>12040</position><in_Quantity.quantity>0.000000</in_Quantity.quantity><out_Quantity.quantity>328.144278</out_Quantity.quantity></Point><Point><position>12041</position><in_Quantity.quantity>0.000000</in_Quantity.quantity><out_Quantity.quantity>81.635755</out_Quantity.quantity></Point><Point><position>12042</position><in_Quantity.quantity>0.000000</in_Quantity.quantity><out_Quantity.quantity>141.633716</out_Quantity.quantity></Point><Point><position>12043</position><in_Quantity.quantity>0.000000</in_Quantity.quantity><out_Quantity.quantity>182.144436</out_Quantity.quantity></Point><Point><position>12044</position><in_Quantity.quantity>0.000000</in_Quantity.quantity><out_Quantity.quantity>385.614173</out_Quantity.quantity></Point><Point><position>12045</position><in_Quantity.quantity>0.000000</in_Quantity.quantity><out_Quantity.quantity>967.189420</out_Quantity.quantity></Point><Point><position>12046</position><in_Quantity.quantity>0.000000</in_Quantity.quantity><out_Quantity.quantity>29.508624</out_Quantity.quantity></Point><Point><position>12047</position><in_Quantity.quantity>0.000000</in_Quantity.quantity><out_Quantity.quantity>601.453682</out_Quantity.quantity></Point><Point><position>12048</position><in_Quantity.quantity>0.000000</in_Quantity.quantity><out_Quantity.quantity>575.691758</out_Quantity.quantity></Point><Point><position>12049</position><in_Quantity.quantity>0.000000</in_Quantity.quantity><out_Quantity.quantity>138.325618</out_Quantity.quantity></Point><Point><position>12050</position><in_Quantity.quantity>0.000000</in_Quantity.quantity><out_Quantity.quantity>238.850383</out_Quantity.quantity></Point><Point><position>12051</position><in_Quantity.quantity>0.000000</in_Quantity.quantity><out_Quantity.quantity>555.217587</out_Quantity.quantity></Point><Point><position>12052</position><in_Quantity.quantity>0.000000</in_Quantity.quantity><out_Quantity.quantity>931.540841</out_Quantity.quantity></Point><Point><position>12053</position><in_Quantity.quantity>0.000000</in_Quantity.quantity><out_Quantity.quantity>628.534920</out_Quantity.quantity></Point><Point><position>12054</position><in_Quantity.quantity>0.000000</in_Quantity.quantity><out_Quantity.quantity>70.382485</out_Quantity.quantity></Point><Point><position>12055</position><in_Quantity.quantity>0.000000</in_Quantity.quantity><out_Quantity.quantity>106.955520</out_Quantity.quantity></Point><Point><position>12056</position><in_Quantity.quantity>0.000000</in_Quantity.quantity><out_Quantity.quantity>578.495538</out_Quantity.quantity></Point><Point><position>12057</position><in_Quantity.quantity>0.000000</in_Quantity.quantity><out_Quantity.quantity>241.817748</out_Quantity.quantity></Point><Point><position>12058</position><in_Quantity.quantity>0.000000</in_Quantity.quantity><out_Quantity.quantity>386.879464</out_Quantity.quantity></Point><Point><position>12059</position><in_Quantity.quantity>0.000000</in_Quantity.quantity><out_Quantity.quantity>854.578334</out_Quantity.quantity></Point><Point><position>12060</position><in_Quantity.quantity>0.000000</in_Quantity.quantity><out_Quantity.quantity>312.201622</out_Quantity.quantity></Point><Point><position>12061</position><in_Quantity.quantity>0.000000</in_Quantity.quantity><out_Quantity.quantity>253.617182</out_Quantity.quantity></Point><Point><position>12062</position><in_Quantity.quantity>0.000000</in_Quantity.quantity><out_Quantity.quantity>208.025987</out_Quantity.quantity></Point><Point><position>12063</position><in_Quantity.quantity>0.000000</in_Quantity.quantity><out_Quantity.quantity>22.071725</out_Quantity.quantity></Point><Point><position>12064</position><in_Quantity.quantity>0.000000</in_Quantity.quantity><out_Quantity.quantity>52.712113</out_Quantity.quantity></Point><Point><position>12065</position><in_Quantity.quantity>0.000000</in_Quantity.quantity><out_Quantity.quantity>989.956523</out_Quantity.quantity></Point><Point><position>12066</position><in_Quantity.quantity>0.000000</in_Quantity.quantity><out_Quantity.quantity>424.397862</out_Quantity.quantity></Point><Point><position>12067</position><in_Quantity.quantity>0.000000</in_Quantity.quantity><out_Quantity.quantity>353.429805</out_Quantity.quantity></Point><Point><position>12068</position><in_Quantity.quantity>0.000000</in_Quantity.quantity><out_Quantity.quantity>79.088219</out_Quantity.quantity></Point><Point><position>12069</position><in_Quantity.quantity>0.000000</in_Quantity.quantity><out_Quantity.quantity>744.366266</out_Quantity.quantity></Point><Point><position>12070</position><in_Quantity.quantity>0.000000</in_Quantity.quantity><out_Quantity.quantity>218.586774</out_Quantity.quantity></Point><Point><position>12071</position><in_Quantity.quantity>0.000000</in_Quantity.quantity><out_Quantity.quantity>249.134119</out_Quantity.quantity></Point><Point><position>12072</position><in_Quantity.quantity>0.000000</in_Quantity.quantity><out_Quantity.quantity>147.707559</out_Quantity.quantity></Point><Point><position>12073</position><in_Quantity.quantity>0.000000</in_Quantity.quantity><out_Quantity.quantity>212.319997</out_Quantity.quantity></Point><Point><position>12074</position><in_Quantity.quantity>0.000000</in_Quantity.quantity><out_Quantity.quantity>426.024808</out_Quantity.quantity></Point><Point><position>12075</position><in_Quantity.quantity>0.000000</in_Quantity.quantity><out_Quantity.quantity>797.438873</out_Quantity.quantity></Point><Point><position>12076</position><in_Quantity.quantity>0.000000</in_Quantity.quantity><out_Quantity.quantity>802.338366</out_Quantity.quantity></Point><Point><position>12077</position><in_Quantity.quantity>0.000000</in_Quantity.quantity><out_Quantity.quantity>37.366580</out_Quantity.quantity></Point><Point><position>12078</position><in_Quantity.quantity>0.000000</in_Quantity.quantity><out_Quantity.quantity>928.214296</out_Quantity.quantity></Point><Point><position>12079</position><in_Quantity.quantity>0.000000</in_Quantity.quantity><out_Quantity.quantity>937.952651</out_Quantity.quantity></Point><Point><position>12080</position><in_Quantity.quantity>0.000000</in_Quantity.quantity><out_Quantity.quantity>520.229632</out_Quantity.quantity></Point><Point><position>12081</position><in_Quantity.quantity>0.000000</in_Quantity.quantity><out_Quantity.quantity>270.245828</out_Quantity.quantity></Point><Point><position>12082</position><in_Quantity.quantity>0.000000</in_Quantity.quantity><out_Quantity.quantity>798.250116</out_Quantity.quantity></Point><Point><position>12083</position><in_Quantity.quantity>0.000000</in_Quantity.quantity><out_Quantity.quantity>531.495189</out_Quantity.quantity></Point><Point><position>12084</position><in_Quantity.quantity>0.000000</in_Quantity.quantity><out_Quantity.quantity>499.491618</out_Quantity.quantity></Point><Point><position>12085</position><in_Quantity.quantity>0.000000</in_Quantity.quantity><out_Quantity.quantity>522.877579</out_Quantity.quantity></Point><Point><position>12086</position><in_Quantity.quantity>0.000000</in_Quantity.quantity><out_Quantity.quantity>868.127152</out_Quantity.quantity></Point><Point><position>12087</position><in_Quantity.quantity>0.000000</in_Quantity.quantity><out_Quantity.quantity>765.431845</out_Quantity.quantity></Point><Point><position>12088</position><in_Quantity.quantity>0.000000</in_Quantity.quantity><out_Quantity.quantity>490.460258</out_Quantity.quantity></Point><Point><position>12089</position><in_Quantity.quantity>0.000000</in_Quantity.quantity><out_Quantity.quantity>219.146044</out_Quantity.quantity></Point><Point><position>12090</position><in_Quantity.quantity>0.000000</in_Quantity.quantity><out_Quantity.quantity>506.012370</out_Quantity.quantity></Point><Point><position>12091</position><in_Quantity.quantity>0.000000</in_Quantity.quantity><out_Quantity.quantity>536.328839</out_Quantity.quantity></Point><Point><position>12092</position><in_Quantity.quantity>0.000000</in_Quantity.quantity><out_Quantity.quantity>472.725326</out_Quantity.quantity></Point><Point><position>12093</position><in_Quantity.quantity>0.000000</in_Quantity.quantity><out_Quantity.quantity>542.336469</out_Quantity.quantity></Point><Point><position>12094</position><in_Quantity.quantity>0.000000</in_Quantity.quantity><out_Quantity.quantity>479.255413</out_Quantity.quantity></Point><Point><position>12095</position><in_Quantity.quantity>0.000000</in_Quantity.quantity><out_Quantity.quantity>576.476314</out_Quantity.quantity></Point><Point><position>12096</position><in_Quantity.quantity>0.000000</in_Quantity.quantity><out_Quantity.quantity>741.463301</out_Quantity.quantity></Point><Point><position>12097</position><in_Quantity.quantity>0.000000</in_Quantity.quantity><out_Quantity.quantity>744.529946</out_Quantity.quantity></Point><Point><position>12098</position><in_Quantity.quantity>0.000000</in_Quantity.quantity><out_Quantity.quantity>638.068029</out_Quantity.quantity></Point><Point><position>12099</position><in_Quantity.quantity>0.000000</in_Quantity.quantity><out_Quantity.quantity>113.644702</out_Quantity.quantity></Point><Point><position>12100</position><in_Quantity.quantity>0.000000</in_Quantity.quantity><out_Quantity.quantity>53.122755</out_Quantity.quantity></Point><Point><position>12101</position><in_Quantity.quantity>0.000000</in_Quantity.quantity><out_Quantity.quantity>87.216646</out_Quantity.quantity></Point><Point><position>12102</position><in_Quantity.quantity>0.000000</in_Quantity.quantity><out_Quantity.quantity>494.298215</out_Quantity.quantity></Point><Point><position>12103</position><in_Quantity.quantity>0.000000</in_Quantity.quantity><out_Quantity.quantity>187.006209</out_Quantity.quantity></Point><Point><position>12104</position><in_Quantity.quantity>0.000000</in_Quantity.quantity><out_Quantity.quantity>662.949698</out_Quantity.quantity></Point><Point><position>12105</position><in_Quantity.quantity>0.000000</in_Quantity.quantity><out_Quantity.quantity>255.354898</out_Quantity.quantity></Point><Point><position>12106</position><in_Quantity.quantity>0.000000</in_Quantity.quantity><out_Quantity.quantity>761.560926</out_Quantity.quantity></Point><Point><position>12107</position><in_Quantity.quantity>0.000000</in_Quantity.quantity><out_Quantity.quantity>809.413563</out_Quantity.quantity></Point><Point><position>12108</position><in_Quantity.quantity>0.000000</in_Quantity.quantity><out_Quantity.quantity>553.415503</out_Quantity.quantity></Point><Point><position>12109</position><in_Quantity.quantity>0.000000</in_Quantity.quantity><out_Quantity.quantity>306.067472</out_Quantity.quantity></Point><Point><position>12110</position><in_Quantity.quantity>0.000000</in_Quantity.quantity><out_Quantity.quantity>402.517016</out_Quantity.quantity></Point><Point><position>12111</position><in_Quantity.quantity>0.000000</in_Quantity.quantity><out_Quantity.quantity>358.900605</out_Quantity.quantity></Point><Point><position>12112</position><in_Quantity.quantity>0.000000</in_Quantity.quantity><out_Quantity.quantity>412.739646</out_Quantity.quantity></Point><Point><position>12113</position><in_Quantity.quantity>0.000000</in_Quantity.quantity><out_Quantity.quantity>562.458479</out_Quantity.quantity></Point><Point><position>12114</position><in_Quantity.quantity>0.000000</in_Quantity.quantity><out_Quantity.quantity>885.370733</out_Quantity.quantity></Point><Point><position>12115</position><in_Quantity.quantity>0.000000</in_Quantity.quantity><out_Quantity.quantity>115.415257</out_Quantity.quantity></Point><Point><position>12116</position><in_Quantity.quantity>0.000000</in_Quantity.quantity><out_Quantity.quantity>315.601723</out_Quantity.quantity></Point><Point><position>12117</position><in_Quantity.quantity>0.000000</in_Quantity.quantity><out_Quantity.quantity>722.334302</out_Quantity.quantity></Point><Point><position>12118</position><in_Quantity.quantity>0.000000</in_Quantity.quantity><out_Quantity.quantity>344.583017</out_Quantity.quantity></Point><Point><position>12119</position><in_Quantity.quantity>0.000000</in_Quantity.quantity><out_Quantity.quantity>491.695493</out_Quantity.quantity></Point><Point><position>12120</position><in_Quantity.quantity>0.000000</in_Quantity.quantity><out_Quantity.quantity>668.891767</out_Quantity.quantity></Point><Point><position>12121</position><in_Quantity.quantity>0.000000</in_Quantity.quantity><out_Quantity.quantity>513.716537</out_Quantity.quantity></Point><Point><position>12122</position><in_Quantity.quantity>0.000000</in_Quantity.quantity><out_Quantity.quantity>721.280306</out_Quantity.quantity></Point><Point><position>12123</position><in_Quantity.quantity>0.000000</in_Quantity.quantity><out_Quantity.quantity>442.069903</out_Quantity.quantity></Point><Point><position>12124</position><in_Quantity.quantity>0.000000</in_Quantity.quantity><out_Quantity.quantity>197.009265</out_Quantity.quantity></Point><Point><position>12125</position><in_Quantity.quantity>0.000000</in_Quantity.quantity><out_Quantity.quantity>282.432868</out_Quantity.quantity></Point><Point><position>12126</position><in_Quantity.quantity>0.000000</in_Quantity.quantity><out_Quantity.quantity>917.577638</out_Quantity.quantity></Point><Point><position>12127</position><in_Quantity.quantity>0.000000</in_Quantity.quantity><out_Quantity.quantity>595.927831</out_Quantity.quantity></Point><Point><position>12128</position><in_Quantity.quantity>0.000000</in_Quantity.quantity><out_Quantity.quantity>454.770597</out_Quantity.quantity></Point><Point><position>12129</position><in_Quantity.quantity>0.000000</in_Quantity.quantity><out_Quantity.quantity>852.947908</out_Quantity.quantity></Point><Point><position>12130</position><in_Quantity.quantity>0.000000</in_Quantity.quantity><out_Quantity.quantity>650.596244</out_Quantity.quantity></Point><Point><position>12131</position><in_Quantity.quantity>0.000000</in_Quantity.quantity><out_Quantity.quantity>253.583731</out_Quantity.quantity></Point><Point><position>12132</position><in_Quantity.quantity>0.000000</in_Quantity.quantity><out_Quantity.quantity>34.146018</out_Quantity.quantity></Point><Point><position>12133</position><in_Quantity.quantity>0.000000</in_Quantity.quantity><out_Quantity.quantity>807.552283</out_Quantity.quantity></Point><Point><position>12134</position><in_Quantity.quantity>0.000000</in_Quantity.quantity><out_Quantity.quantity>632.412126</out_Quantity.quantity></Point><Point><position>12135</position><in_Quantity.quantity>0.000000</in_Quantity.quantity><out_Quantity.quantity>702.552278</out_Quantity.quantity></Point><Point><position>12136</position><in_Quantity.quantity>0.000000</in_Quantity.quantity><out_Quantity.quantity>518.296550</out_Quantity.quantity></Point><Point><position>12137</position><in_Quantity.quantity>0.000000</in_Quantity.quantity><out_Quantity.quantity>447.635128</out_Quantity.quantity></Point><Point><position>12138</position><in_Quantity.quantity>0.000000</in_Quantity.quantity><out_Quantity.quantity>389.457074</out_Quantity.quantity></Point><Point><position>12139</position><in_Quantity.quantity>0.000000</in_Quantity.quantity><out_Quantity.quantity>207.377629</out_Quantity.quantity></Point><Point><position>12140</position><in_Quantity.quantity>0.000000</in_Quantity.quantity><out_Quantity.quantity>159.195572</out_Quantity.quantity></Point><Point><position>12141</position><in_Quantity.quantity>0.000000</in_Quantity.quantity><out_Quantity.quantity>141.848533</out_Quantity.quantity></Point><Point><position>12142</position><in_Quantity.quantity>0.000000</in_Quantity.quantity><out_Quantity.quantity>371.063920</out_Quantity.quantity></Point><Point><position>12143</position><in_Quantity.quantity>0.000000</in_Quantity.quantity><out_Quantity.quantity>105.923133</out_Quantity.quantity></Point><Point><position>12144</position><in_Quantity.quantity>0.000000</in_Quantity.quantity><out_Quantity.quantity>721.273844</out_Quantity.quantity></Point><Point><position>12145</position><in_Quantity.quantity>0.000000</in_Quantity.quantity><out_Quantity.quantity>490.737710</out_Quantity.quantity></Point><Point><position>12146</position><in_Quantity.quantity>0.000000</in_Quantity.quantity><out_Quantity.quantity>438.141008</out_Quantity.quantity></Point><Point><position>12147</position><in_Quantity.quantity>0.000000</in_Quantity.quantity><out_Quantity.quantity>989.706410</out_Quantity.quantity></Point><Point><position>12148</position><in_Quantity.quantity>0.000000</in_Quantity.quantity><out_Quantity.quantity>168.959582</out_Quantity.quantity></Point><Point><position>12149</position><in_Quantity.quantity>0.000000</in_Quantity.quantity><out_Quantity.quantity>178.574385</out_Quantity.quantity></Point><Point><position>12150</position><in_Quantity.quantity>0.000000</in_Quantity.quantity><out_Quantity.quantity>311.378374</out_Quantity.quantity></Point><Point><position>12151</position><in_Quantity.quantity>0.000000</in_Quantity.quantity><out_Quantity.quantity>386.944040</out_Quantity.quantity></Point><Point><position>12152</position><in_Quantity.quantity>0.000000</in_Quantity.quantity><out_Quantity.quantity>468.691979</out_Quantity.quantity></Point><Point><position>12153</position><in_Quantity.quantity>0.000000</in_Quantity.quantity><out_Quantity.quantity>556.156720</out_Quantity.quantity></Point><Point><position>12154</position><in_Quantity.quantity>0.000000</in_Quantity.quantity><out_Quantity.quantity>997.600919</out_Quantity.quantity></Point><Point><position>12155</position><in_Quantity.quantity>0.000000</in_Quantity.quantity><out_Quantity.quantity>316.725864</out_Quantity.quantity></Point><Point><position>12156</position><in_Quantity.quantity>0.000000</in_Quantity.quantity><out_Quantity.quantity>695.875763</out_Quantity.quantity></Point><Point><position>12157</position><in_Quantity.quantity>0.000000</in_Quantity.quantity><out_Quantity.quantity>576.649343</out_Quantity.quantity></Point><Point><position>12158</position><in_Quantity.quantity>0.000000</in_Quantity.quantity><out_Quantity.quantity>863.996890</out_Quantity.quantity></Point><Point><position>12159</position><in_Quantity.quantity>0.000000</in_Quantity.quantity><out_Quantity.quantity>632.665105</out_Quantity.quantity></Point><Point><position>12160</position><in_Quantity.quantity>0.000000</in_Quantity.quantity><out_Quantity.quantity>185.364842</out_Quantity.quantity></Point><Point><position>12161</position><in_Quantity.quantity>0.000000</in_Quantity.quantity><out_Quantity.quantity>280.458201</out_Quantity.quantity></Point><Point><position>12162</position><in_Quantity.quantity>0.000000</in_Quantity.quantity><out_Quantity.quantity>615.300041</out_Quantity.quantity></Point><Point><position>12163</position><in_Quantity.quantity>0.000000</in_Quantity.quantity><out_Quantity.quantity>348.389104</out_Quantity.quantity></Point><Point><position>12164</position><in_Quantity.quantity>0.000000</in_Quantity.quantity><out_Quantity.quantity>901.880874</out_Quantity.quantity></Point><Point><position>12165</position><in_Quantity.quantity>0.000000</in_Quantity.quantity><out_Quantity.quantity>931.031067</out_Quantity.quantity></Point><Point><position>12166</position><in_Quantity.quantity>0.000000</in_Quantity.quantity><out_Quantity.quantity>164.247397</out_Quantity.quantity></Point><Point><position>12167</position><in_Quantity.quantity>0.000000</in_Quantity.quantity><out_Quantity.quantity>378.099839</out_Quantity.quantity></Point><Point><position>12168</position><in_Quantity.quantity>0.000000</in_Quantity.quantity><out_Quantity.quantity>959.708709</out_Quantity.quantity></Point><Point><position>12169</position><in_Quantity.quantity>0.000000</in_Quantity.quantity><out_Quantity.quantity>826.744708</out_Quantity.quantity></Point><Point><position>12170</position><in_Quantity.quantity>0.000000</in_Quantity.quantity><out_Quantity.quantity>832.496193</out_Quantity.quantity></Point><Point><position>12171</position><in_Quantity.quantity>0.000000</in_Quantity.quantity><out_Quantity.quantity>777.886858</out_Quantity.quantity></Point><Point><position>12172</position><in_Quantity.quantity>0.000000</in_Quantity.quantity><out_Quantity.quantity>697.172738</out_Quantity.quantity></Point><Point><position>12173</position><in_Quantity.quantity>0.000000</in_Quantity.quantity><out_Quantity.quantity>752.014528</out_Quantity.quantity></Point><Point><position>12174</position><in_Quantity.quantity>0.000000</in_Quantity.quantity><out_Quantity.quantity>884.263516</out_Quantity.quantity></Point><Point><position>12175</position><in_Quantity.quantity>0.000000</in_Quantity.quantity><out_Quantity.quantity>536.245292</out_Quantity.quantity></Point><Point><position>12176</position><in_Quantity.quantity>0.000000</in_Quantity.quantity><out_Quantity.quantity>584.995870</out_Quantity.quantity></Point><Point><position>12177</position><in_Quantity.quantity>0.000000</in_Quantity.quantity><out_Quantity.quantity>533.688431</out_Quantity.quantity></Point><Point><position>12178</position><in_Quantity.quantity>0.000000</in_Quantity.quantity><out_Quantity.quantity>907.587111</out_Quantity.quantity></Point><Point><position>12179</position><in_Quantity.quantity>0.000000</in_Quantity.quantity><out_Quantity.quantity>233.588318</out_Quantity.quantity></Point><Point><position>12180</position><in_Quantity.quantity>0.000000</in_Quantity.quantity><out_Quantity.quantity>257.463718</out_Quantity.quantity></Point><Point><position>12181</position><in_Quantity.quantity>0.000000</in_Quantity.quantity><out_Quantity.quantity>257.509288</out_Quantity.quantity></Point><Point><position>12182</position><in_Quantity.quantity>0.000000</in_Quantity.quantity><out_Quantity.quantity>268.895568</out_Quantity.quantity></Point><Point><position>12183</position><in_Quantity.quantity>0.000000</in_Quantity.quantity><out_Quantity.quantity>985.700087</out_Quantity.quantity></Point><Point><position>12184</position><in_Quantity.quantity>0.000000</in_Quantity.quantity><out_Quantity.quantity>852.640986</out_Quantity.quantity></Point><Point><position>12185</position><in_Quantity.quantity>0.000000</in_Quantity.quantity><out_Quantity.quantity>639.067482</out_Quantity.quantity></Point><Point><position>12186</position><in_Quantity.quantity>0.000000</in_Quantity.quantity><out_Quantity.quantity>893.494276</out_Quantity.quantity></Point><Point><position>12187</position><in_Quantity.quantity>0.000000</in_Quantity.quantity><out_Quantity.quantity>52.810620</out_Quantity.quantity></Point><Point><position>12188</position><in_Quantity.quantity>0.000000</in_Quantity.quantity><out_Quantity.quantity>242.605000</out_Quantity.quantity></Point><Point><position>12189</position><in_Quantity.quantity>0.000000</in_Quantity.quantity><out_Quantity.quantity>784.048403</out_Quantity.quantity></Point><Point><position>12190</position><in_Quantity.quantity>0.000000</in_Quantity.quantity><out_Quantity.quantity>713.292182</out_Quantity.quantity></Point><Point><position>12191</position><in_Quantity.quantity>0.000000</in_Quantity.quantity><out_Quantity.quantity>726.542287</out_Quantity.quantity></Point><Point><position>12192</position><in_Quantity.quantity>0.000000</in_Quantity.quantity><out_Quantity.quantity>99.288319</out_Quantity.quantity></Point><Point><position>12193</position><in_Quantity.quantity>0.000000</in_Quantity.quantity><out_Quantity.quantity>545.922448</out_Quantity.quantity></Point><Point><position>12194</position><in_Quantity.quantity>0.000000</in_Quantity.quantity><out_Quantity.quantity>863.284337</out_Quantity.quantity></Point><Point><position>12195</position><in_Quantity.quantity>0.000000</in_Quantity.quantity><out_Quantity.quantity>243.409501</out_Quantity.quantity></Point><Point><position>12196</position><in_Quantity.quantity>0.000000</in_Quantity.quantity><out_Quantity.quantity>91.034644</out_Quantity.quantity></Point><Point><position>12197</position><in_Quantity.quantity>0.000000</in_Quantity.quantity><out_Quantity.quantity>464.992246</out_Quantity.quantity></Point><Point><position>12198</position><in_Quantity.quantity>0.000000</in_Quantity.quantity><out_Quantity.quantity>470.439805</out_Quantity.quantity></Point><Point><position>12199</position><in_Quantity.quantity>0.000000</in_Quantity.quantity><out_Quantity.quantity>352.257941</out_Quantity.quantity></Point><Point><position>12200</position><in_Quantity.quantity>0.000000</in_Quantity.quantity><out_Quantity.quantity>182.651927</out_Quantity.quantity></Point><Point><position>12201</position><in_Quantity.quantity>0.000000</in_Quantity.quantity><out_Quantity.quantity>335.657003</out_Quantity.quantity></Point><Point><position>12202</position><in_Quantity.quantity>0.000000</in_Quantity.quantity><out_Quantity.quantity>788.045954</out_Quantity.quantity></Point><Point><position>12203</position><in_Quantity.quantity>0.000000</in_Quantity.quantity><out_Quantity.quantity>582.521395</out_Quantity.quantity></Point><Point><position>12204</position><in_Quantity.quantity>0.000000</in_Quantity.quantity><out_Quantity.quantity>266.214610</out_Quantity.quantity></Point><Point><position>12205</position><in_Quantity.quantity>0.000000</in_Quantity.quantity><out_Quantity.quantity>160.170778</out_Quantity.quantity></Point><Point><position>12206</position><in_Quantity.quantity>0.000000</in_Quantity.quantity><out_Quantity.quantity>779.785101</out_Quantity.quantity></Point><Point><position>12207</position><in_Quantity.quantity>0.000000</in_Quantity.quantity><out_Quantity.quantity>549.588129</out_Quantity.quantity></Point><Point><position>12208</position><in_Quantity.quantity>0.000000</in_Quantity.quantity><out_Quantity.quantity>925.107094</out_Quantity.quantity></Point><Point><position>12209</position><in_Quantity.quantity>0.000000</in_Quantity.quantity><out_Quantity.quantity>835.588646</out_Quantity.quantity></Point><Point><position>12210</position><in_Quantity.quantity>0.000000</in_Quantity.quantity><out_Quantity.quantity>759.133199</out_Quantity.quantity></Point><Point><position>12211</position><in_Quantity.quantity>0.000000</in_Quantity.quantity><out_Quantity.quantity>238.797731</out_Quantity.quantity></Point><Point><position>12212</position><in_Quantity.quantity>0.000000</in_Quantity.quantity><out_Quantity.quantity>740.565195</out_Quantity.quantity></Point><Point><position>12213</position><in_Quantity.quantity>0.000000</in_Quantity.quantity><out_Quantity.quantity>241.226694</out_Quantity.quantity></Point><Point><position>12214</position><in_Quantity.quantity>0.000000</in_Quantity.quantity><out_Quantity.quantity>298.870936</out_Quantity.quantity></Point><Point><position>12215</position><in_Quantity.quantity>0.000000</in_Quantity.quantity><out_Quantity.quantity>606.760046</out_Quantity.quantity></Point><Point><position>12216</position><in_Quantity.quantity>0.000000</in_Quantity.quantity><out_Quantity.quantity>299.383161</out_Quantity.quantity></Point><Point><position>12217</position><in_Quantity.quantity>0.000000</in_Quantity.quantity><out_Quantity.quantity>592.403712</out_Quantity.quantity></Point><Point><position>12218</position><in_Quantity.quantity>0.000000</in_Quantity.quantity><out_Quantity.quantity>273.938297</out_Quantity.quantity></Point><Point><position>12219</position><in_Quantity.quantity>0.000000</in_Quantity.quantity><out_Quantity.quantity>567.697281</out_Quantity.quantity></Point><Point><position>12220</position><in_Quantity.quantity>0.000000</in_Quantity.quantity><out_Quantity.quantity>317.690043</out_Quantity.quantity></Point><Point><position>12221</position><in_Quantity.quantity>0.000000</in_Quantity.quantity><out_Quantity.quantity>656.322216</out_Quantity.quantity></Point><Point><position>12222</position><in_Quantity.quantity>0.000000</in_Quantity.quantity><out_Quantity.quantity>53.845029</out_Quantity.quantity></Point><Point><position>12223</position><in_Quantity.quantity>0.000000</in_Quantity.quantity><out_Quantity.quantity>899.352049</out_Quantity.quantity></Point><Point><position>12224</position><in_Quantity.quantity>0.000000</in_Quantity.quantity><out_Quantity.quantity>952.864114</out_Quantity.quantity></Point><Point><position>12225</position><in_Quantity.quantity>0.000000</in_Quantity.quantity><out_Quantity.quantity>36.363637</out_Quantity.quantity></Point><Point><position>12226</position><in_Quantity.quantity>0.000000</in_Quantity.quantity><out_Quantity.quantity>218.691290</out_Quantity.quantity></Point><Point><position>12227</position><in_Quantity.quantity>0.000000</in_Quantity.quantity><out_Quantity.quantity>459.010409</out_Quantity.quantity></Point><Point><position>12228</position><in_Quantity.quantity>0.000000</in_Quantity.quantity><out_Quantity.quantity>19.121996</out_Quantity.quantity></Point><Point><position>12229</position><in_Quantity.quantity>0.000000</in_Quantity.quantity><out_Quantity.quantity>714.958944</out_Quantity.quantity></Point><Point><position>12230</position><in_Quantity.quantity>0.000000</in_Quantity.quantity><out_Quantity.quantity>968.691268</out_Quantity.quantity></Point><Point><position>12231</position><in_Quantity.quantity>0.000000</in_Quantity.quantity><out_Quantity.quantity>770.682888</out_Quantity.quantity></Point><Point><position>12232</position><in_Quantity.quantity>0.000000</in_Quantity.quantity><out_Quantity.quantity>930.379813</out_Quantity.quantity></Point><Point><position>12233</position><in_Quantity.quantity>0.000000</in_Quantity.quantity><out_Quantity.quantity>351.083463</out_Quantity.quantity></Point><Point><position>12234</position><in_Quantity.quantity>0.000000</in_Quantity.quantity><out_Quantity.quantity>986.709968</out_Quantity.quantity></Point><Point><position>12235</position><in_Quantity.quantity>0.000000</in_Quantity.quantity><out_Quantity.quantity>679.245590</out_Quantity.quantity></Point><Point><position>12236</position><in_Quantity.quantity>0.000000</in_Quantity.quantity><out_Quantity.quantity>789.415112</out_Quantity.quantity></Point><Point><position>12237</position><in_Quantity.quantity>0.000000</in_Quantity.quantity><out_Quantity.quantity>267.853571</out_Quantity.quantity></Point><Point><position>12238</position><in_Quantity.quantity>0.000000</in_Quantity.quantity><out_Quantity.quantity>371.233135</out_Quantity.quantity></Point><Point><position>12239</position><in_Quantity.quantity>0.000000</in_Quantity.quantity><out_Quantity.quantity>937.558826</out_Quantity.quantity></Point><Point><position>12240</position><in_Quantity.quantity>0.000000</in_Quantity.quantity><out_Quantity.quantity>591.084438</out_Quantity.quantity></Point><Point><position>12241</position><in_Quantity.quantity>0.000000</in_Quantity.quantity><out_Quantity.quantity>549.110319</out_Quantity.quantity></Point><Point><position>12242</position><in_Quantity.quantity>0.000000</in_Quantity.quantity><out_Quantity.quantity>782.539027</out_Quantity.quantity></Point><Point><position>12243</position><in_Quantity.quantity>0.000000</in_Quantity.quantity><out_Quantity.quantity>969.663760</out_Quantity.quantity></Point><Point><position>12244</position><in_Quantity.quantity>0.000000</in_Quantity.quantity><out_Quantity.quantity>615.986532</out_Quantity.quantity></Point><Point><position>12245</position><in_Quantity.quantity>0.000000</in_Quantity.quantity><out_Quantity.quantity>146.808266</out_Quantity.quantity></Point><Point><position>12246</position><in_Quantity.quantity>0.000000</in_Quantity.quantity><out_Quantity.quantity>403.609506</out_Quantity.quantity></Point><Point><position>12247</position><in_Quantity.quantity>0.000000</in_Quantity.quantity><out_Quantity.quantity>461.865286</out_Quantity.quantity></Point><Point><position>12248</position><in_Quantity.quantity>0.000000</in_Quantity.quantity><out_Quantity.quantity>640.622281</out_Quantity.quantity></Point><Point><position>12249</position><in_Quantity.quantity>0.000000</in_Quantity.quantity><out_Quantity.quantity>423.079958</out_Quantity.quantity></Point><Point><position>12250</position><in_Quantity.quantity>0.000000</in_Quantity.quantity><out_Quantity.quantity>583.014535</out_Quantity.quantity></Point><Point><position>12251</position><in_Quantity.quantity>0.000000</in_Quantity.quantity><out_Quantity.quantity>680.025890</out_Quantity.quantity></Point><Point><position>12252</position><in_Quantity.quantity>0.000000</in_Quantity.quantity><out_Quantity.quantity>340.862884</out_Quantity.quantity></Point><Point><position>12253</position><in_Quantity.quantity>0.000000</in_Quantity.quantity><out_Quantity.quantity>707.921048</out_Quantity.quantity></Point><Point><position>12254</position><in_Quantity.quantity>0.000000</in_Quantity.quantity><out_Quantity.quantity>531.465440</out_Quantity.quantity></Point><Point><position>12255</position><in_Quantity.quantity>0.000000</in_Quantity.quantity><out_Quantity.quantity>689.221404</out_Quantity.quantity></Point><Point><position>12256</position><in_Quantity.quantity>0.000000</in_Quantity.quantity><out_Quantity.quantity>258.101384</out_Quantity.quantity></Point><Point><position>12257</position><in_Quantity.quantity>0.000000</in_Quantity.quantity><out_Quantity.quantity>678.469004</out_Quantity.quantity></Point><Point><position>12258</position><in_Quantity.quantity>0.000000</in_Quantity.quantity><out_Quantity.quantity>505.517085</out_Quantity.quantity></Point><Point><position>12259</position><in_Quantity.quantity>0.000000</in_Quantity.quantity><out_Quantity.quantity>515.041337</out_Quantity.quantity></Point><Point><position>12260</position><in_Quantity.quantity>0.000000</in_Quantity.quantity><out_Quantity.quantity>571.057558</out_Quantity.quantity></Point><Point><position>12261</position><in_Quantity.quantity>0.000000</in_Quantity.quantity><out_Quantity.quantity>470.221117</out_Quantity.quantity></Point><Point><position>12262</position><in_Quantity.quantity>0.000000</in_Quantity.quantity><out_Quantity.quantity>626.855794</out_Quantity.quantity></Point><Point><position>12263</position><in_Quantity.quantity>0.000000</in_Quantity.quantity><out_Quantity.quantity>441.600475</out_Quantity.quantity></Point><Point><position>12264</position><in_Quantity.quantity>0.000000</in_Quantity.quantity><out_Quantity.quantity>420.748390</out_Quantity.quantity></Point><Point><position>12265</position><in_Quantity.quantity>0.000000</in_Quantity.quantity><out_Quantity.quantity>25.130288</out_Quantity.quantity></Point><Point><position>12266</position><in_Quantity.quantity>0.000000</in_Quantity.quantity><out_Quantity.quantity>784.205803</out_Quantity.quantity></Point><Point><position>12267</position><in_Quantity.quantity>0.000000</in_Quantity.quantity><out_Quantity.quantity>662.206976</out_Quantity.quantity></Point><Point><position>12268</position><in_Quantity.quantity>0.000000</in_Quantity.quantity><out_Quantity.quantity>117.277926</out_Quantity.quantity></Point><Point><position>12269</position><in_Quantity.quantity>0.000000</in_Quantity.quantity><out_Quantity.quantity>46.663296</out_Quantity.quantity></Point><Point><position>12270</position><in_Quantity.quantity>0.000000</in_Quantity.quantity><out_Quantity.quantity>698.253962</out_Quantity.quantity></Point><Point><position>12271</position><in_Quantity.quantity>0.000000</in_Quantity.quantity><out_Quantity.quantity>772.069400</out_Quantity.quantity></Point><Point><position>12272</position><in_Quantity.quantity>0.000000</in_Quantity.quantity><out_Quantity.quantity>803.989416</out_Quantity.quantity></Point><Point><position>12273</position><in_Quantity.quantity>0.000000</in_Quantity.quantity><out_Quantity.quantity>954.370545</out_Quantity.quantity></Point><Point><position>12274</position><in_Quantity.quantity>0.000000</in_Quantity.quantity><out_Quantity.quantity>704.658438</out_Quantity.quantity></Point><Point><position>12275</position><in_Quantity.quantity>0.000000</in_Quantity.quantity><out_Quantity.quantity>45.524997</out_Quantity.quantity></Point><Point><position>12276</position><in_Quantity.quantity>0.000000</in_Quantity.quantity><out_Quantity.quantity>45.915792</out_Quantity.quantity></Point><Point><position>12277</position><in_Quantity.quantity>0.000000</in_Quantity.quantity><out_Quantity.quantity>913.526492</out_Quantity.quantity></Point><Point><position>12278</position><in_Quantity.quantity>0.000000</in_Quantity.quantity><out_Quantity.quantity>833.271911</out_Quantity.quantity></Point><Point><position>12279</position><in_Quantity.quantity>0.000000</in_Quantity.quantity><out_Quantity.quantity>787.160459</out_Quantity.quantity></Point><Point><position>12280</position><in_Quantity.quantity>0.000000</in_Quantity.quantity><out_Quantity.quantity>471.711162</out_Quantity.quantity></Point><Point><position>12281</position><in_Quantity.quantity>0.000000</in_Quantity.quantity><out_Quantity.quantity>518.129862</out_Quantity.quantity></Point><Point><position>12282</position><in_Quantity.quantity>0.000000</in_Quantity.quantity><out_Quantity.quantity>986.194573</out_Quantity.quantity></Point><Point><position>12283</position><in_Quantity.quantity>0.000000</in_Quantity.quantity><out_Quantity.quantity>112.073448</out_Quantity.quantity></Point><Point><position>12284</position><in_Quantity.quantity>0.000000</in_Quantity.quantity><out_Quantity.quantity>997.151432</out_Quantity.quantity></Point><Point><position>12285</position><in_Quantity.quantity>0.000000</in_Quantity.quantity><out_Quantity.quantity>822.919712</out_Quantity.quantity></Point><Point><position>12286</position><in_Quantity.quantity>0.000000</in_Quantity.quantity><out_Quantity.quantity>472.102176</out_Quantity.quantity></Point><Point><position>12287</position><in_Quantity.quantity>0.000000</in_Quantity.quantity><out_Quantity.quantity>573.197844</out_Quantity.quantity></Point><Point><position>12288</position><in_Quantity.quantity>0.000000</in_Quantity.quantity><out_Quantity.quantity>557.446164</out_Quantity.quantity></Point><Point><position>12289</position><in_Quantity.quantity>0.000000</in_Quantity.quantity><out_Quantity.quantity>618.349355</out_Quantity.quantity></Point><Point><position>12290</position><in_Quantity.quantity>0.000000</in_Quantity.quantity><out_Quantity.quantity>592.784379</out_Quantity.quantity></Point><Point><position>12291</position><in_Quantity.quantity>0.000000</in_Quantity.quantity><out_Quantity.quantity>991.876626</out_Quantity.quantity></Point><Point><position>12292</position><in_Quantity.quantity>0.000000</in_Quantity.quantity><out_Quantity.quantity>26.899960</out_Quantity.quantity></Point><Point><position>12293</position><in_Quantity.quantity>0.000000</in_Quantity.quantity><out_Quantity.quantity>488.607563</out_Quantity.quantity></Point><Point><position>12294</position><in_Quantity.quantity>0.000000</in_Quantity.quantity><out_Quantity.quantity>336.086645</out_Quantity.quantity></Point><Point><position>12295</position><in_Quantity.quantity>0.000000</in_Quantity.quantity><out_Quantity.quantity>634.350331</out_Quantity.quantity></Point><Point><position>12296</position><in_Quantity.quantity>0.000000</in_Quantity.quantity><out_Quantity.quantity>412.827728</out_Quantity.quantity></Point><Point><position>12297</position><in_Quantity.quantity>0.000000</in_Quantity.quantity><out_Quantity.quantity>111.423706</out_Quantity.quantity></Point><Point><position>12298</position><in_Quantity.quantity>0.000000</in_Quantity.quantity><out_Quantity.quantity>576.479012</out_Quantity.quantity></Point><Point><position>12299</position><in_Quantity.quantity>0.000000</in_Quantity.quantity><out_Quantity.quantity>430.724897</out_Quantity.quantity></Point><Point><position>12300</position><in_Quantity.quantity>0.000000</in_Quantity.quantity><out_Quantity.quantity>384.357753</out_Quantity.quantity></Point><Point><position>12301</position><in_Quantity.quantity>0.000000</in_Quantity.quantity><out_Quantity.quantity>658.107944</out_Quantity.quantity></Point><Point><position>12302</position><in_Quantity.quantity>0.000000</in_Quantity.quantity><out_Quantity.quantity>978.975064</out_Quantity.quantity></Point><Point><position>12303</position><in_Quantity.quantity>0.000000</in_Quantity.quantity><out_Quantity.quantity>458.573699</out_Quantity.quantity></Point><Point><position>12304</position><in_Quantity.quantity>0.000000</in_Quantity.quantity><out_Quantity.quantity>362.100680</out_Quantity.quantity></Point><Point><position>12305</position><in_Quantity.quantity>0.000000</in_Quantity.quantity><out_Quantity.quantity>508.713703</out_Quantity.quantity></Point><Point><position>12306</position><in_Quantity.quantity>0.000000</in_Quantity.quantity><out_Quantity.quantity>364.840320</out_Quantity.quantity></Point><Point><position>12307</position><in_Quantity.quantity>0.000000</in_Quantity.quantity><out_Quantity.quantity>599.166444</out_Quantity.quantity></Point><Point><position>12308</position><in_Quantity.quantity>0.000000</in_Quantity.quantity><out_Quantity.quantity>409.882314</out_Quantity.quantity></Point><Point><position>12309</position><in_Quantity.quantity>0.000000</in_Quantity.quantity><out_Quantity.quantity>949.512921</out_Quantity.quantity></Point><Point><position>12310</position><in_Quantity.quantity>0.000000</in_Quantity.quantity><out_Quantity.quantity>976.548731</out_Quantity.quantity></Point><Point><position>12311</position><in_Quantity.quantity>0.000000</in_Quantity.quantity><out_Quantity.quantity>954.429442</out_Quantity.quantity></Point><Point><position>12312</position><in_Quantity.quantity>0.000000</in_Quantity.quantity><out_Quantity.quantity>95.541235</out_Quantity.quantity></Point><Point><position>12313</position><in_Quantity.quantity>0.000000</in_Quantity.quantity><out_Quantity.quantity>700.609372</out_Quantity.quantity></Point><Point><position>12314</position><in_Quantity.quantity>0.000000</in_Quantity.quantity><out_Quantity.quantity>556.810216</out_Quantity.quantity></Point><Point><position>12315</position><in_Quantity.quantity>0.000000</in_Quantity.quantity><out_Quantity.quantity>574.204995</out_Quantity.quantity></Point><Point><position>12316</position><in_Quantity.quantity>0.000000</in_Quantity.quantity><out_Quantity.quantity>418.005532</out_Quantity.quantity></Point><Point><position>12317</position><in_Quantity.quantity>0.000000</in_Quantity.quantity><out_Quantity.quantity>240.037948</out_Quantity.quantity></Point><Point><position>12318</position><in_Quantity.quantity>0.000000</in_Quantity.quantity><out_Quantity.quantity>36.324588</out_Quantity.quantity></Point><Point><position>12319</position><in_Quantity.quantity>0.000000</in_Quantity.quantity><out_Quantity.quantity>308.557856</out_Quantity.quantity></Point><Point><position>12320</position><in_Quantity.quantity>0.000000</in_Quantity.quantity><out_Quantity.quantity>504.362774</out_Quantity.quantity></Point><Point><position>12321</position><in_Quantity.quantity>0.000000</in_Quantity.quantity><out_Quantity.quantity>663.835523</out_Quantity.quantity></Point><Point><position>12322</position><in_Quantity.quantity>0.000000</in_Quantity.quantity><out_Quantity.quantity>393.072411</out_Quantity.quantity></Point><Point><position>12323</position><in_Quantity.quantity>0.000000</in_Quantity.quantity><out_Quantity.quantity>991.044150</out_Quantity.quantity></Point><Point><position>12324</position><in_Quantity.quantity>0.000000</in_Quantity.quantity><out_Quantity.quantity>914.300491</out_Quantity.quantity></Point><Point><position>12325</position><in_Quantity.quantity>0.000000</in_Quantity.quantity><out_Quantity.quantity>931.892558</out_Quantity.quantity></Point><Point><position>12326</position><in_Quantity.quantity>0.000000</in_Quantity.quantity><out_Quantity.quantity>818.790971</out_Quantity.quantity></Point><Point><position>12327</position><in_Quantity.quantity>0.000000</in_Quantity.quantity><out_Quantity.quantity>300.180079</out_Quantity.quantity></Point><Point><position>12328</position><in_Quantity.quantity>0.000000</in_Quantity.quantity><out_Quantity.quantity>42.164431</out_Quantity.quantity></Point><Point><position>12329</position><in_Quantity.quantity>0.000000</in_Quantity.quantity><out_Quantity.quantity>526.492301</out_Quantity.quantity></Point><Point><position>12330</position><in_Quantity.quantity>0.000000</in_Quantity.quantity><out_Quantity.quantity>853.823116</out_Quantity.quantity></Point><Point><position>12331</position><in_Quantity.quantity>0.000000</in_Quantity.quantity><out_Quantity.quantity>494.415039</out_Quantity.quantity></Point><Point><position>12332</position><in_Quantity.quantity>0.000000</in_Quantity.quantity><out_Quantity.quantity>953.044551</out_Quantity.quantity></Point><Point><position>12333</position><in_Quantity.quantity>0.000000</in_Quantity.quantity><out_Quantity.quantity>442.309403</out_Quantity.quantity></Point><Point><position>12334</position><in_Quantity.quantity>0.000000</in_Quantity.quantity><out_Quantity.quantity>563.862915</out_Quantity.quantity></Point><Point><position>12335</position><in_Quantity.quantity>0.000000</in_Quantity.quantity><out_Quantity.quantity>140.778437</out_Quantity.quantity></Point><Point><position>12336</position><in_Quantity.quantity>0.000000</in_Quantity.quantity><out_Quantity.quantity>5.140212</out_Quantity.quantity></Point><Point><position>12337</position><in_Quantity.quantity>0.000000</in_Quantity.quantity><out_Quantity.quantity>356.852606</out_Quantity.quantity></Point><Point><position>12338</position><in_Quantity.quantity>0.000000</in_Quantity.quantity><out_Quantity.quantity>19.053187</out_Quantity.quantity></Point><Point><position>12339</position><in_Quantity.quantity>0.000000</in_Quantity.quantity><out_Quantity.quantity>9.850682</out_Quantity.quantity></Point><Point><position>12340</position><in_Quantity.quantity>0.000000</in_Quantity.quantity><out_Quantity.quantity>533.723743</out_Quantity.quantity></Point><Point><position>12341</position><in_Quantity.quantity>0.000000</in_Quantity.quantity><out_Quantity.quantity>292.548271</out_Quantity.quantity></Point><Point><position>12342</position><in_Quantity.quantity>0.000000</in_Quantity.quantity><out_Quantity.quantity>227.842040</out_Quantity.quantity></Point><Point><position>12343</position><in_Quantity.quantity>0.000000</in_Quantity.quantity><out_Quantity.quantity>448.143975</out_Quantity.quantity></Point><Point><position>12344</position><in_Quantity.quantity>0.000000</in_Quantity.quantity><out_Quantity.quantity>745.062951</out_Quantity.quantity></Point><Point><position>12345</position><in_Quantity.quantity>0.000000</in_Quantity.quantity><out_Quantity.quantity>183.782714</out_Quantity.quantity></Point><Point><position>12346</position><in_Quantity.quantity>0.000000</in_Quantity.quantity><out_Quantity.quantity>510.516288</out_Quantity.quantity></Point><Point><position>12347</position><in_Quantity.quantity>0.000000</in_Quantity.quantity><out_Quantity.quantity>222.157368</out_Quantity.quantity></Point><Point><position>12348</position><in_Quantity.quantity>0.000000</in_Quantity.quantity><out_Quantity.quantity>981.032127</out_Quantity.quantity></Point><Point><position>12349</position><in_Quantity.quantity>0.000000</in_Quantity.quantity><out_Quantity.quantity>932.074583</out_Quantity.quantity></Point><Point><position>12350</position><in_Quantity.quantity>0.000000</in_Quantity.quantity><out_Quantity.quantity>356.935135</out_Quantity.quantity></Point><Point><position>12351</position><in_Quantity.quantity>0.000000</in_Quantity.quantity><out_Quantity.quantity>854.856001</out_Quantity.quantity></Point><Point><position>12352</position><in_Quantity.quantity>0.000000</in_Quantity.quantity><out_Quantity.quantity>128.538217</out_Quantity.quantity></Point><Point><position>12353</position><in_Quantity.quantity>0.000000</in_Quantity.quantity><out_Quantity.quantity>838.103019</out_Quantity.quantity></Point><Point><position>12354</position><in_Quantity.quantity>0.000000</in_Quantity.quantity><out_Quantity.quantity>237.009384</out_Quantity.quantity></Point><Point><position>12355</position><in_Quantity.quantity>0.000000</in_Quantity.quantity><out_Quantity.quantity>530.931640</out_Quantity.quantity></Point><Point><position>12356</position><in_Quantity.quantity>0.000000</in_Quantity.quantity><out_Quantity.quantity>114.830821</out_Quantity.quantity></Point><Point><position>12357</position><in_Quantity.quantity>0.000000</in_Quantity.quantity><out_Quantity.quantity>887.243004</out_Quantity.quantity></Point><Point><position>12358</position><in_Quantity.quantity>0.000000</in_Quantity.quantity><out_Quantity.quantity>266.142562</out_Quantity.quantity></Point><Point><position>12359</position><in_Quantity.quantity>0.000000</in_Quantity.quantity><out_Quantity.quantity>711.340166</out_Quantity.quantity></Point><Point><position>12360</position><in_Quantity.quantity>0.000000</in_Quantity.quantity><out_Quantity.quantity>29.777161</out_Quantity.quantity></Point><Point><position>12361</position><in_Quantity.quantity>0.000000</in_Quantity.quantity><out_Quantity.quantity>596.128376</out_Quantity.quantity></Point><Point><position>12362</position><in_Quantity.quantity>0.000000</in_Quantity.quantity><out_Quantity.quantity>771.717186</out_Quantity.quantity></Point><Point><position>12363</position><in_Quantity.quantity>0.000000</in_Quantity.quantity><out_Quantity.quantity>8.470682</out_Quantity.quantity></Point><Point><position>12364</position><in_Quantity.quantity>0.000000</in_Quantity.quantity><out_Quantity.quantity>88.916140</out_Quantity.quantity></Point><Point><position>12365</position><in_Quantity.quantity>0.000000</in_Quantity.quantity><out_Quantity.quantity>669.666353</out_Quantity.quantity></Point><Point><position>12366</position><in_Quantity.quantity>0.000000</in_Quantity.quantity><out_Quantity.quantity>741.582408</out_Quantity.quantity></Point><Point><position>12367</position><in_Quantity.quantity>0.000000</in_Quantity.quantity><out_Quantity.quantity>675.551500</out_Quantity.quantity></Point><Point><position>12368</position><in_Quantity.quantity>0.000000</in_Quantity.quantity><out_Quantity.quantity>692.800348</out_Quantity.quantity></Point><Point><position>12369</position><in_Quantity.quantity>0.000000</in_Quantity.quantity><out_Quantity.quantity>66.328998</out_Quantity.quantity></Point><Point><position>12370</position><in_Quantity.quantity>0.000000</in_Quantity.quantity><out_Quantity.quantity>488.339089</out_Quantity.quantity></Point><Point><position>12371</position><in_Quantity.quantity>0.000000</in_Quantity.quantity><out_Quantity.quantity>523.907195</out_Quantity.quantity></Point><Point><position>12372</position><in_Quantity.quantity>0.000000</in_Quantity.quantity><out_Quantity.quantity>875.952974</out_Quantity.quantity></Point><Point><position>12373</position><in_Quantity.quantity>0.000000</in_Quantity.quantity><out_Quantity.quantity>760.495823</out_Quantity.quantity></Point><Point><position>12374</position><in_Quantity.quantity>0.000000</in_Quantity.quantity><out_Quantity.quantity>358.274846</out_Quantity.quantity></Point><Point><position>12375</position><in_Quantity.quantity>0.000000</in_Quantity.quantity><out_Quantity.quantity>629.526204</out_Quantity.quantity></Point><Point><position>12376</position><in_Quantity.quantity>0.000000</in_Quantity.quantity><out_Quantity.quantity>663.237933</out_Quantity.quantity></Point><Point><position>12377</position><in_Quantity.quantity>0.000000</in_Quantity.quantity><out_Quantity.quantity>524.964488</out_Quantity.quantity></Point><Point><position>12378</position><in_Quantity.quantity>0.000000</in_Quantity.quantity><out_Quantity.quantity>776.013762</out_Quantity.quantity></Point><Point><position>12379</position><in_Quantity.quantity>0.000000</in_Quantity.quantity><out_Quantity.quantity>597.456324</out_Quantity.quantity></Point><Point><position>12380</position><in_Quantity.quantity>0.000000</in_Quantity.quantity><out_Quantity.quantity>372.075838</out_Quantity.quantity></Point><Point><position>12381</position><in_Quantity.quantity>0.000000</in_Quantity.quantity><out_Quantity.quantity>274.546563</out_Quantity.quantity></Point><Point><position>12382</position><in_Quantity.quantity>0.000000</in_Quantity.quantity><out_Quantity.quantity>597.364439</out_Quantity.quantity></Point><Point><position>12383</position><in_Quantity.quantity>0.000000</in_Quantity.quantity><out_Quantity.quantity>178.166773</out_Quantity.quantity></Point><Point><position>12384</position><in_Quantity.quantity>0.000000</in_Quantity.quantity><out_Quantity.quantity>14.767905</out_Quantity.quantity></Point><Point><position>12385</position><in_Quantity.quantity>0.000000</in_Quantity.quantity><out_Quantity.quantity>254.573012</out_Quantity.quantity></Point><Point><position>12386</position><in_Quantity.quantity>0.000000</in_Quantity.quantity><out_Quantity.quantity>369.192689</out_Quantity.quantity></Point><Point><position>12387</position><in_Quantity.quantity>0.000000</in_Quantity.quantity><out_Quantity.quantity>361.982591</out_Quantity.quantity></Point><Point><position>12388</position><in_Quantity.quantity>0.000000</in_Quantity.quantity><out_Quantity.quantity>449.865365</out_Quantity.quantity></Point><Point><position>12389</position><in_Quantity.quantity>0.000000</in_Quantity.quantity><out_Quantity.quantity>235.121055</out_Quantity.quantity></Point><Point><position>12390</position><in_Quantity.quantity>0.000000</in_Quantity.quantity><out_Quantity.quantity>652.685825</out_Quantity.quantity></Point><Point><position>12391</position><in_Quantity.quantity>0.000000</in_Quantity.quantity><out_Quantity.quantity>365.447235</out_Quantity.quantity></Point><Point><position>12392</position><in_Quantity.quantity>0.000000</in_Quantity.quantity><out_Quantity.quantity>605.339927</out_Quantity.quantity></Point><Point><position>12393</position><in_Quantity.quantity>0.000000</in_Quantity.quantity><out_Quantity.quantity>153.562704</out_Quantity.quantity></Point><Point><position>12394</position><in_Quantity.quantity>0.000000</in_Quantity.quantity><out_Quantity.quantity>816.796182</out_Quantity.quantity></Point><Point><position>12395</position><in_Quantity.quantity>0.000000</in_Quantity.quantity><out_Quantity.quantity>370.466849</out_Quantity.quantity></Point><Point><position>12396</position><in_Quantity.quantity>0.000000</in_Quantity.quantity><out_Quantity.quantity>190.474076</out_Quantity.quantity></Point><Point><position>12397</position><in_Quantity.quantity>0.000000</in_Quantity.quantity><out_Quantity.quantity>622.006818</out_Quantity.quantity></Point><Point><position>12398</position><in_Quantity.quantity>0.000000</in_Quantity.quantity><out_Quantity.quantity>117.760505</out_Quantity.quantity></Point><Point><position>12399</position><in_Quantity.quantity>0.000000</in_Quantity.quantity><out_Quantity.quantity>990.503623</out_Quantity.quantity></Point><Point><position>12400</position><in_Quantity.quantity>0.000000</in_Quantity.quantity><out_Quantity.quantity>827.127128</out_Quantity.quantity></Point><Point><position>12401</position><in_Quantity.quantity>0.000000</in_Quantity.quantity><out_Quantity.quantity>732.697192</out_Quantity.quantity></Point><Point><position>12402</position><in_Quantity.quantity>0.000000</in_Quantity.quantity><out_Quantity.quantity>792.809071</out_Quantity.quantity></Point><Point><position>12403</position><in_Quantity.quantity>0.000000</in_Quantity.quantity><out_Quantity.quantity>336.248519</out_Quantity.quantity></Point><Point><position>12404</position><in_Quantity.quantity>0.000000</in_Quantity.quantity><out_Quantity.quantity>551.293268</out_Quantity.quantity></Point><Point><position>12405</position><in_Quantity.quantity>0.000000</in_Quantity.quantity><out_Quantity.quantity>803.367785</out_Quantity.quantity></Point><Point><position>12406</position><in_Quantity.quantity>0.000000</in_Quantity.quantity><out_Quantity.quantity>916.039699</out_Quantity.quantity></Point><Point><position>12407</position><in_Quantity.quantity>0.000000</in_Quantity.quantity><out_Quantity.quantity>207.617583</out_Quantity.quantity></Point><Point><position>12408</position><in_Quantity.quantity>0.000000</in_Quantity.quantity><out_Quantity.quantity>214.591843</out_Quantity.quantity></Point><Point><position>12409</position><in_Quantity.quantity>0.000000</in_Quantity.quantity><out_Quantity.quantity>215.126660</out_Quantity.quantity></Point><Point><position>12410</position><in_Quantity.quantity>0.000000</in_Quantity.quantity><out_Quantity.quantity>819.460714</out_Quantity.quantity></Point><Point><position>12411</position><in_Quantity.quantity>0.000000</in_Quantity.quantity><out_Quantity.quantity>489.655606</out_Quantity.quantity></Point><Point><position>12412</position><in_Quantity.quantity>0.000000</in_Quantity.quantity><out_Quantity.quantity>165.436772</out_Quantity.quantity></Point><Point><position>12413</position><in_Quantity.quantity>0.000000</in_Quantity.quantity><out_Quantity.quantity>577.599121</out_Quantity.quantity></Point><Point><position>12414</position><in_Quantity.quantity>0.000000</in_Quantity.quantity><out_Quantity.quantity>466.682376</out_Quantity.quantity></Point><Point><position>12415</position><in_Quantity.quantity>0.000000</in_Quantity.quantity><out_Quantity.quantity>421.514674</out_Quantity.quantity></Point><Point><position>12416</position><in_Quantity.quantity>0.000000</in_Quantity.quantity><out_Quantity.quantity>210.855774</out_Quantity.quantity></Point><Point><position>12417</position><in_Quantity.quantity>0.000000</in_Quantity.quantity><out_Quantity.quantity>25.263105</out_Quantity.quantity></Point><Point><position>12418</position><in_Quantity.quantity>0.000000</in_Quantity.quantity><out_Quantity.quantity>208.310955</out_Quantity.quantity></Point><Point><position>12419</position><in_Quantity.quantity>0.000000</in_Quantity.quantity><out_Quantity.quantity>723.768205</out_Quantity.quantity></Point><Point><position>12420</position><in_Quantity.quantity>0.000000</in_Quantity.quantity><out_Quantity.quantity>854.880345</out_Quantity.quantity></Point><Point><position>12421</position><in_Quantity.quantity>0.000000</in_Quantity.quantity><out_Quantity.quantity>78.082591</out_Quantity.quantity></Point><Point><position>12422</position><in_Quantity.quantity>0.000000</in_Quantity.quantity><out_Quantity.quantity>351.433581</out_Quantity.quantity></Point><Point><position>12423</position><in_Quantity.quantity>0.000000</in_Quantity.quantity><out_Quantity.quantity>906.475625</out_Quantity.quantity></Point><Point><position>12424</position><in_Quantity.quantity>0.000000</in_Quantity.quantity><out_Quantity.quantity>885.550988</out_Quantity.quantity></Point><Point><position>12425</position><in_Quantity.quantity>0.000000</in_Quantity.quantity><out_Quantity.quantity>934.191681</out_Quantity.quantity></Point><Point><position>12426</position><in_Quantity.quantity>0.000000</in_Quantity.quantity><out_Quantity.quantity>840.828436</out_Quantity.quantity></Point><Point><position>12427</position><in_Quantity.quantity>0.000000</in_Quantity.quantity><out_Quantity.quantity>426.238313</out_Quantity.quantity></Point><Point><position>12428</position><in_Quantity.quantity>0.000000</in_Quantity.quantity><out_Quantity.quantity>114.790726</out_Quantity.quantity></Point><Point><position>12429</position><in_Quantity.quantity>0.000000</in_Quantity.quantity><out_Quantity.quantity>427.641017</out_Quantity.quantity></Point><Point><position>12430</position><in_Quantity.quantity>0.000000</in_Quantity.quantity><out_Quantity.quantity>408.715170</out_Quantity.quantity></Point><Point><position>12431</position><in_Quantity.quantity>0.000000</in_Quantity.quantity><out_Quantity.quantity>553.050403</out_Quantity.quantity></Point><Point><position>12432</position><in_Quantity.quantity>0.000000</in_Quantity.quantity><out_Quantity.quantity>642.497749</out_Quantity.quantity></Point><Point><position>12433</position><in_Quantity.quantity>0.000000</in_Quantity.quantity><out_Quantity.quantity>265.029730</out_Quantity.quantity></Point><Point><position>12434</position><in_Quantity.quantity>0.000000</in_Quantity.quantity><out_Quantity.quantity>682.676751</out_Quantity.quantity></Point><Point><position>12435</position><in_Quantity.quantity>0.000000</in_Quantity.quantity><out_Quantity.quantity>994.226016</out_Quantity.quantity></Point><Point><position>12436</position><in_Quantity.quantity>0.000000</in_Quantity.quantity><out_Quantity.quantity>495.497439</out_Quantity.quantity></Point><Point><position>12437</position><in_Quantity.quantity>0.000000</in_Quantity.quantity><out_Quantity.quantity>321.237891</out_Quantity.quantity></Point><Point><position>12438</position><in_Quantity.quantity>0.000000</in_Quantity.quantity><out_Quantity.quantity>588.639684</out_Quantity.quantity></Point><Point><position>12439</position><in_Quantity.quantity>0.000000</in_Quantity.quantity><out_Quantity.quantity>453.994072</out_Quantity.quantity></Point><Point><position>12440</position><in_Quantity.quantity>0.000000</in_Quantity.quantity><out_Quantity.quantity>997.156632</out_Quantity.quantity></Point><Point><position>12441</position><in_Quantity.quantity>0.000000</in_Quantity.quantity><out_Quantity.quantity>194.189674</out_Quantity.quantity></Point><Point><position>12442</position><in_Quantity.quantity>0.000000</in_Quantity.quantity><out_Quantity.quantity>862.810399</out_Quantity.quantity></Point><Point><position>12443</position><in_Quantity.quantity>0.000000</in_Quantity.quantity><out_Quantity.quantity>73.564522</out_Quantity.quantity></Point><Point><position>12444</position><in_Quantity.quantity>0.000000</in_Quantity.quantity><out_Quantity.quantity>797.886306</out_Quantity.quantity></Point><Point><position>12445</position><in_Quantity.quantity>0.000000</in_Quantity.quantity><out_Quantity.quantity>883.433907</out_Quantity.quantity></Point><Point><position>12446</position><in_Quantity.quantity>0.000000</in_Quantity.quantity><out_Quantity.quantity>49.448476</out_Quantity.quantity></Point><Point><position>12447</position><in_Quantity.quantity>0.000000</in_Quantity.quantity><out_Quantity.quantity>37.660934</out_Quantity.quantity></Point><Point><position>12448</position><in_Quantity.quantity>0.000000</in_Quantity.quantity><out_Quantity.quantity>391.501813</out_Quantity.quantity></Point><Point><position>12449</position><in_Quantity.quantity>0.000000</in_Quantity.quantity><out_Quantity.quantity>261.409478</out_Quantity.quantity></Point><Point><position>12450</position><in_Quantity.quantity>0.000000</in_Quantity.quantity><out_Quantity.quantity>563.285735</out_Quantity.quantity></Point><Point><position>12451</position><in_Quantity.quantity>0.000000</in_Quantity.quantity><out_Quantity.quantity>312.146159</out_Quantity.quantity></Point><Point><position>12452</position><in_Quantity.quantity>0.000000</in_Quantity.quantity><out_Quantity.quantity>879.421423</out_Quantity.quantity></Point><Point><position>12453</position><in_Quantity.quantity>0.000000</in_Quantity.quantity><out_Quantity.quantity>265.014488</out_Quantity.quantity></Point><Point><position>12454</position><in_Quantity.quantity>0.000000</in_Quantity.quantity><out_Quantity.quantity>383.783553</out_Quantity.quantity></Point><Point><position>12455</position><in_Quantity.quantity>0.000000</in_Quantity.quantity><out_Quantity.quantity>813.930157</out_Quantity.quantity></Point><Point><position>12456</position><in_Quantity.quantity>0.000000</in_Quantity.quantity><out_Quantity.quantity>892.102626</out_Quantity.quantity></Point><Point><position>12457</position><in_Quantity.quantity>0.000000</in_Quantity.quantity><out_Quantity.quantity>419.024876</out_Quantity.quantity></Point><Point><position>12458</position><in_Quantity.quantity>0.000000</in_Quantity.quantity><out_Quantity.quantity>824.890187</out_Quantity.quantity></Point><Point><position>12459</position><in_Quantity.quantity>0.000000</in_Quantity.quantity><out_Quantity.quantity>704.952772</out_Quantity.quantity></Point><Point><position>12460</position><in_Quantity.quantity>0.000000</in_Quantity.quantity><out_Quantity.quantity>429.251658</out_Quantity.quantity></Point><Point><position>12461</position><in_Quantity.quantity>0.000000</in_Quantity.quantity><out_Quantity.quantity>59.906389</out_Quantity.quantity></Point><Point><position>12462</position><in_Quantity.quantity>0.000000</in_Quantity.quantity><out_Quantity.quantity>610.916134</out_Quantity.quantity></Point><Point><position>12463</position><in_Quantity.quantity>0.000000</in_Quantity.quantity><out_Quantity.quantity>597.079068</out_Quantity.quantity></Point><Point><position>12464</position><in_Quantity.quantity>0.000000</in_Quantity.quantity><out_Quantity.quantity>480.759588</out_Quantity.quantity></Point><Point><position>12465</position><in_Quantity.quantity>0.000000</in_Quantity.quantity><out_Quantity.quantity>929.367750</out_Quantity.quantity></Point><Point><position>12466</position><in_Quantity.quantity>0.000000</in_Quantity.quantity><out_Quantity.quantity>641.761706</out_Quantity.quantity></Point><Point><position>12467</position><in_Quantity.quantity>0.000000</in_Quantity.quantity><out_Quantity.quantity>337.542132</out_Quantity.quantity></Point><Point><position>12468</position><in_Quantity.quantity>0.000000</in_Quantity.quantity><out_Quantity.quantity>118.898541</out_Quantity.quantity></Point><Point><position>12469</position><in_Quantity.quantity>0.000000</in_Quantity.quantity><out_Quantity.quantity>215.190708</out_Quantity.quantity></Point><Point><position>12470</position><in_Quantity.quantity>0.000000</in_Quantity.quantity><out_Quantity.quantity>127.791528</out_Quantity.quantity></Point><Point><position>12471</position><in_Quantity.quantity>0.000000</in_Quantity.quantity><out_Quantity.quantity>175.251362</out_Quantity.quantity></Point><Point><position>12472</position><in_Quantity.quantity>0.000000</in_Quantity.quantity><out_Quantity.quantity>210.072312</out_Quantity.quantity></Point><Point><position>12473</position><in_Quantity.quantity>0.000000</in_Quantity.quantity><out_Quantity.quantity>699.712309</out_Quantity.quantity></Point><Point><position>12474</position><in_Quantity.quantity>0.000000</in_Quantity.quantity><out_Quantity.quantity>380.851687</out_Quantity.quantity></Point><Point><position>12475</position><in_Quantity.quantity>0.000000</in_Quantity.quantity><out_Quantity.quantity>173.255200</out_Quantity.quantity></Point><Point><position>12476</position><in_Quantity.quantity>0.000000</in_Quantity.quantity><out_Quantity.quantity>608.038934</out_Quantity.quantity></Point><Point><position>12477</position><in_Quantity.quantity>0.000000</in_Quantity.quantity><out_Quantity.quantity>635.564983</out_Quantity.quantity></Point><Point><position>12478</position><in_Quantity.quantity>0.000000</in_Quantity.quantity><out_Quantity.quantity>801.701150</out_Quantity.quantity></Point><Point><position>12479</position><in_Quantity.quantity>0.000000</in_Quantity.quantity><out_Quantity.quantity>264.142206</out_Quantity.quantity></Point><Point><position>12480</position><in_Quantity.quantity>0.000000</in_Quantity.quantity><out_Quantity.quantity>309.591454</out_Quantity.quantity></Point><Point><position>12481</position><in_Quantity.quantity>0.000000</in_Quantity.quantity><out_Quantity.quantity>366.291136</out_Quantity.quantity></Point><Point><position>12482</position><in_Quantity.quantity>0.000000</in_Quantity.quantity><out_Quantity.quantity>338.361177</out_Quantity.quantity></Point><Point><position>12483</position><in_Quantity.quantity>0.000000</in_Quantity.quantity><out_Quantity.quantity>325.707898</out_Quantity.quantity></Point><Point><position>12484</position><in_Quantity.quantity>0.000000</in_Quantity.quantity><out_Quantity.quantity>101.954434</out_Quantity.quantity></Point><Point><position>12485</position><in_Quantity.quantity>0.000000</in_Quantity.quantity><out_Quantity.quantity>36.332673</out_Quantity.quantity></Point><Point><position>12486</position><in_Quantity.quantity>0.000000</in_Quantity.quantity><out_Quantity.quantity>733.039697</out_Quantity.quantity></Point><Point><position>12487</position><in_Quantity.quantity>0.000000</in_Quantity.quantity><out_Quantity.quantity>554.913376</out_Quantity.quantity></Point><Point><position>12488</position><in_Quantity.quantity>0.000000</in_Quantity.quantity><out_Quantity.quantity>865.259631</out_Quantity.quantity></Point><Point><position>12489</position><in_Quantity.quantity>0.000000</in_Quantity.quantity><out_Quantity.quantity>952.181096</out_Quantity.quantity></Point><Point><position>12490</position><in_Quantity.quantity>0.000000</in_Quantity.quantity><out_Quantity.quantity>201.781481</out_Quantity.quantity></Point><Point><position>12491</position><in_Quantity.quantity>0.000000</in_Quantity.quantity><out_Quantity.quantity>562.625321</out_Quantity.quantity></Point><Point><position>12492</position><in_Quantity.quantity>0.000000</in_Quantity.quantity><out_Quantity.quantity>266.534127</out_Quantity.quantity></Point><Point><position>12493</position><in_Quantity.quantity>0.000000</in_Quantity.quantity><out_Quantity.quantity>108.710517</out_Quantity.quantity></Point><Point><position>12494</position><in_Quantity.quantity>0.000000</in_Quantity.quantity><out_Quantity.quantity>451.069827</out_Quantity.quantity></Point><Point><position>12495</position><in_Quantity.quantity>0.000000</in_Quantity.quantity><out_Quantity.quantity>27.350754</out_Quantity.quantity></Point><Point><position>12496</position><in_Quantity.quantity>0.000000</in_Quantity.quantity><out_Quantity.quantity>81.931321</out_Quantity.quantity></Point><Point><position>12497</position><in_Quantity.quantity>0.000000</in_Quantity.quantity><out_Quantity.quantity>318.107201</out_Quantity.quantity></Point><Point><position>12498</position><in_Quantity.quantity>0.000000</in_Quantity.quantity><out_Quantity.quantity>818.481576</out_Quantity.quantity></Point><Point><position>12499</position><in_Quantity.quantity>0.000000</in_Quantity.quantity><out_Quantity.quantity>416.438048</out_Quantity.quantity></Point><Point><position>12500</position><in_Quantity.quantity>0.000000</in_Quantity.quantity><out_Quantity.quantity>464.243863</out_Quantity.quantity></Point><Point><position>12501</position><in_Quantity.quantity>0.000000</in_Quantity.quantity><out_Quantity.quantity>819.001115</out_Quantity.quantity></Point><Point><position>12502</position><in_Quantity.quantity>0.000000</in_Quantity.quantity><out_Quantity.quantity>953.746182</out_Quantity.quantity></Point><Point><position>12503</position><in_Quantity.quantity>0.000000</in_Quantity.quantity><out_Quantity.quantity>425.596774</out_Quantity.quantity></Point><Point><position>12504</position><in_Quantity.quantity>0.000000</in_Quantity.quantity><out_Quantity.quantity>912.827432</out_Quantity.quantity></Point><Point><position>12505</position><in_Quantity.quantity>0.000000</in_Quantity.quantity><out_Quantity.quantity>853.889308</out_Quantity.quantity></Point><Point><position>12506</position><in_Quantity.quantity>0.000000</in_Quantity.quantity><out_Quantity.quantity>808.280183</out_Quantity.quantity></Point><Point><position>12507</position><in_Quantity.quantity>0.000000</in_Quantity.quantity><out_Quantity.quantity>423.266461</out_Quantity.quantity></Point><Point><position>12508</position><in_Quantity.quantity>0.000000</in_Quantity.quantity><out_Quantity.quantity>432.075565</out_Quantity.quantity></Point><Point><position>12509</position><in_Quantity.quantity>0.000000</in_Quantity.quantity><out_Quantity.quantity>25.172632</out_Quantity.quantity></Point><Point><position>12510</position><in_Quantity.quantity>0.000000</in_Quantity.quantity><out_Quantity.quantity>443.534987</out_Quantity.quantity></Point><Point><position>12511</position><in_Quantity.quantity>0.000000</in_Quantity.quantity><out_Quantity.quantity>361.622568</out_Quantity.quantity></Point><Point><position>12512</position><in_Quantity.quantity>0.000000</in_Quantity.quantity><out_Quantity.quantity>24.326395</out_Quantity.quantity></Point><Point><position>12513</position><in_Quantity.quantity>0.000000</in_Quantity.quantity><out_Quantity.quantity>91.873653</out_Quantity.quantity></Point><Point><position>12514</position><in_Quantity.quantity>0.000000</in_Quantity.quantity><out_Quantity.quantity>814.729560</out_Quantity.quantity></Point><Point><position>12515</position><in_Quantity.quantity>0.000000</in_Quantity.quantity><out_Quantity.quantity>102.284616</out_Quantity.quantity></Point><Point><position>12516</position><in_Quantity.quantity>0.000000</in_Quantity.quantity><out_Quantity.quantity>59.856890</out_Quantity.quantity></Point><Point><position>12517</position><in_Quantity.quantity>0.000000</in_Quantity.quantity><out_Quantity.quantity>520.903503</out_Quantity.quantity></Point><Point><position>12518</position><in_Quantity.quantity>0.000000</in_Quantity.quantity><out_Quantity.quantity>478.642086</out_Quantity.quantity></Point><Point><position>12519</position><in_Quantity.quantity>0.000000</in_Quantity.quantity><out_Quantity.quantity>977.533255</out_Quantity.quantity></Point><Point><position>12520</position><in_Quantity.quantity>0.000000</in_Quantity.quantity><out_Quantity.quantity>312.134936</out_Quantity.quantity></Point><Point><position>12521</position><in_Quantity.quantity>0.000000</in_Quantity.quantity><out_Quantity.quantity>153.145896</out_Quantity.quantity></Point><Point><position>12522</position><in_Quantity.quantity>0.000000</in_Quantity.quantity><out_Quantity.quantity>699.824018</out_Quantity.quantity></Point><Point><position>12523</position><in_Quantity.quantity>0.000000</in_Quantity.quantity><out_Quantity.quantity>27.381041</out_Quantity.quantity></Point><Point><position>12524</position><in_Quantity.quantity>0.000000</in_Quantity.quantity><out_Quantity.quantity>265.944293</out_Quantity.quantity></Point><Point><position>12525</position><in_Quantity.quantity>0.000000</in_Quantity.quantity><out_Quantity.quantity>739.152341</out_Quantity.quantity></Point><Point><position>12526</position><in_Quantity.quantity>0.000000</in_Quantity.quantity><out_Quantity.quantity>756.609093</out_Quantity.quantity></Point><Point><position>12527</position><in_Quantity.quantity>0.000000</in_Quantity.quantity><out_Quantity.quantity>904.563863</out_Quantity.quantity></Point><Point><position>12528</position><in_Quantity.quantity>0.000000</in_Quantity.quantity><out_Quantity.quantity>548.164670</out_Quantity.quantity></Point><Point><position>12529</position><in_Quantity.quantity>0.000000</in_Quantity.quantity><out_Quantity.quantity>851.965200</out_Quantity.quantity></Point><Point><position>12530</position><in_Quantity.quantity>0.000000</in_Quantity.quantity><out_Quantity.quantity>476.450451</out_Quantity.quantity></Point><Point><position>12531</position><in_Quantity.quantity>0.000000</in_Quantity.quantity><out_Quantity.quantity>720.623055</out_Quantity.quantity></Point><Point><position>12532</position><in_Quantity.quantity>0.000000</in_Quantity.quantity><out_Quantity.quantity>873.812842</out_Quantity.quantity></Point><Point><position>12533</position><in_Quantity.quantity>0.000000</in_Quantity.quantity><out_Quantity.quantity>330.875455</out_Quantity.quantity></Point><Point><position>12534</position><in_Quantity.quantity>0.000000</in_Quantity.quantity><out_Quantity.quantity>717.766426</out_Quantity.quantity></Point><Point><position>12535</position><in_Quantity.quantity>0.000000</in_Quantity.quantity><out_Quantity.quantity>564.341234</out_Quantity.quantity></Point><Point><position>12536</position><in_Quantity.quantity>0.000000</in_Quantity.quantity><out_Quantity.quantity>821.008524</out_Quantity.quantity></Point><Point><position>12537</position><in_Quantity.quantity>0.000000</in_Quantity.quantity><out_Quantity.quantity>501.971328</out_Quantity.quantity></Point><Point><position>12538</position><in_Quantity.quantity>0.000000</in_Quantity.quantity><out_Quantity.quantity>857.044974</out_Quantity.quantity></Point><Point><position>12539</position><in_Quantity.quantity>0.000000</in_Quantity.quantity><out_Quantity.quantity>348.125240</out_Quantity.quantity></Point><Point><position>12540</position><in_Quantity.quantity>0.000000</in_Quantity.quantity><out_Quantity.quantity>533.798764</out_Quantity.quantity></Point><Point><position>12541</position><in_Quantity.quantity>0.000000</in_Quantity.quantity><out_Quantity.quantity>765.292717</out_Quantity.quantity></Point><Point><position>12542</position><in_Quantity.quantity>0.000000</in_Quantity.quantity><out_Quantity.quantity>818.044914</out_Quantity.quantity></Point><Point><position>12543</position><in_Quantity.quantity>0.000000</in_Quantity.quantity><out_Quantity.quantity>321.137155</out_Quantity.quantity></Point><Point><position>12544</position><in_Quantity.quantity>0.000000</in_Quantity.quantity><out_Quantity.quantity>579.920553</out_Quantity.quantity></Point><Point><position>12545</position><in_Quantity.quantity>0.000000</in_Quantity.quantity><out_Quantity.quantity>97.574041</out_Quantity.quantity></Point><Point><position>12546</position><in_Quantity.quantity>0.000000</in_Quantity.quantity><out_Quantity.quantity>762.794143</out_Quantity.quantity></Point><Point><position>12547</position><in_Quantity.quantity>0.000000</in_Quantity.quantity><out_Quantity.quantity>456.724673</out_Quantity.quantity></Point><Point><position>12548</position><in_Quantity.quantity>0.000000</in_Quantity.quantity><out_Quantity.quantity>707.120346</out_Quantity.quantity></Point><Point><position>12549</position><in_Quantity.quantity>0.000000</in_Quantity.quantity><out_Quantity.quantity>906.058854</out_Quantity.quantity></Point><Point><position>12550</position><in_Quantity.quantity>0.000000</in_Quantity.quantity><out_Quantity.quantity>714.053094</out_Quantity.quantity></Point><Point><position>12551</position><in_Quantity.quantity>0.000000</in_Quantity.quantity><out_Quantity.quantity>596.365066</out_Quantity.quantity></Point><Point><position>12552</position><in_Quantity.quantity>0.000000</in_Quantity.quantity><out_Quantity.quantity>899.662440</out_Quantity.quantity></Point><Point><position>12553</position><in_Quantity.quantity>0.000000</in_Quantity.quantity><out_Quantity.quantity>392.816705</out_Quantity.quantity></Point><Point><position>12554</position><in_Quantity.quantity>0.000000</in_Quantity.quantity><out_Quantity.quantity>919.516486</out_Quantity.quantity></Point><Point><position>12555</position><in_Quantity.quantity>0.000000</in_Quantity.quantity><out_Quantity.quantity>62.668634</out_Quantity.quantity></Point><Point><position>12556</position><in_Quantity.quantity>0.000000</in_Quantity.quantity><out_Quantity.quantity>770.940961</out_Quantity.quantity></Point><Point><position>12557</position><in_Quantity.quantity>0.000000</in_Quantity.quantity><out_Quantity.quantity>595.716217</out_Quantity.quantity></Point><Point><position>12558</position><in_Quantity.quantity>0.000000</in_Quantity.quantity><out_Quantity.quantity>101.583706</out_Quantity.quantity></Point><Point><position>12559</position><in_Quantity.quantity>0.000000</in_Quantity.quantity><out_Quantity.quantity>95.206597</out_Quantity.quantity></Point><Point><position>12560</position><in_Quantity.quantity>0.000000</in_Quantity.quantity><out_Quantity.quantity>225.115290</out_Quantity.quantity></Point><Point><position>12561</position><in_Quantity.quantity>0.000000</in_Quantity.quantity><out_Quantity.quantity>330.022796</out_Quantity.quantity></Point><Point><position>12562</position><in_Quantity.quantity>0.000000</in_Quantity.quantity><out_Quantity.quantity>937.840670</out_Quantity.quantity></Point><Point><position>12563</position><in_Quantity.quantity>0.000000</in_Quantity.quantity><out_Quantity.quantity>497.974725</out_Quantity.quantity></Point><Point><position>12564</position><in_Quantity.quantity>0.000000</in_Quantity.quantity><out_Quantity.quantity>453.300745</out_Quantity.quantity></Point><Point><position>12565</position><in_Quantity.quantity>0.000000</in_Quantity.quantity><out_Quantity.quantity>521.900544</out_Quantity.quantity></Point><Point><position>12566</position><in_Quantity.quantity>0.000000</in_Quantity.quantity><out_Quantity.quantity>567.239522</out_Quantity.quantity></Point><Point><position>12567</position><in_Quantity.quantity>0.000000</in_Quantity.quantity><out_Quantity.quantity>505.791523</out_Quantity.quantity></Point><Point><position>12568</position><in_Quantity.quantity>0.000000</in_Quantity.quantity><out_Quantity.quantity>449.870003</out_Quantity.quantity></Point><Point><position>12569</position><in_Quantity.quantity>0.000000</in_Quantity.quantity><out_Quantity.quantity>819.670295</out_Quantity.quantity></Point><Point><position>12570</position><in_Quantity.quantity>0.000000</in_Quantity.quantity><out_Quantity.quantity>51.489712</out_Quantity.quantity></Point><Point><position>12571</position><in_Quantity.quantity>0.000000</in_Quantity.quantity><out_Quantity.quantity>910.864888</out_Quantity.quantity></Point><Point><position>12572</position><in_Quantity.quantity>0.000000</in_Quantity.quantity><out_Quantity.quantity>837.688534</out_Quantity.quantity></Point><Point><position>12573</position><in_Quantity.quantity>0.000000</in_Quantity.quantity><out_Quantity.quantity>727.952275</out_Quantity.quantity></Point><Point><position>12574</position><in_Quantity.quantity>0.000000</in_Quantity.quantity><out_Quantity.quantity>704.968404</out_Quantity.quantity></Point><Point><position>12575</position><in_Quantity.quantity>0.000000</in_Quantity.quantity><out_Quantity.quantity>458.545671</out_Quantity.quantity></Point><Point><position>12576</position><in_Quantity.quantity>0.000000</in_Quantity.quantity><out_Quantity.quantity>619.486318</out_Quantity.quantity></Point><Point><position>12577</position><in_Quantity.quantity>0.000000</in_Quantity.quantity><out_Quantity.quantity>216.723956</out_Quantity.quantity></Point><Point><position>12578</position><in_Quantity.quantity>0.000000</in_Quantity.quantity><out_Quantity.quantity>756.395997</out_Quantity.quantity></Point><Point><position>12579</position><in_Quantity.quantity>0.000000</in_Quantity.quantity><out_Quantity.quantity>863.025838</out_Quantity.quantity></Point><Point><position>12580</position><in_Quantity.quantity>0.000000</in_Quantity.quantity><out_Quantity.quantity>410.207247</out_Quantity.quantity></Point><Point><position>12581</position><in_Quantity.quantity>0.000000</in_Quantity.quantity><out_Quantity.quantity>675.932440</out_Quantity.quantity></Point><Point><position>12582</position><in_Quantity.quantity>0.000000</in_Quantity.quantity><out_Quantity.quantity>909.115488</out_Quantity.quantity></Point><Point><position>12583</position><in_Quantity.quantity>0.000000</in_Quantity.quantity><out_Quantity.quantity>57.226441</out_Quantity.quantity></Point><Point><position>12584</position><in_Quantity.quantity>0.000000</in_Quantity.quantity><out_Quantity.quantity>39.892383</out_Quantity.quantity></Point><Point><position>12585</position><in_Quantity.quantity>0.000000</in_Quantity.quantity><out_Quantity.quantity>204.287171</out_Quantity.quantity></Point><Point><position>12586</position><in_Quantity.quantity>0.000000</in_Quantity.quantity><out_Quantity.quantity>612.812813</out_Quantity.quantity></Point><Point><position>12587</position><in_Quantity.quantity>0.000000</in_Quantity.quantity><out_Quantity.quantity>905.017166</out_Quantity.quantity></Point><Point><position>12588</position><in_Quantity.quantity>0.000000</in_Quantity.quantity><out_Quantity.quantity>927.028484</out_Quantity.quantity></Point><Point><position>12589</position><in_Quantity.quantity>0.000000</in_Quantity.quantity><out_Quantity.quantity>353.344569</out_Quantity.quantity></Point><Point><position>12590</position><in_Quantity.quantity>0.000000</in_Quantity.quantity><out_Quantity.quantity>611.713357</out_Quantity.quantity></Point><Point><position>12591</position><in_Quantity.quantity>0.000000</in_Quantity.quantity><out_Quantity.quantity>723.328899</out_Quantity.quantity></Point><Point><position>12592</position><in_Quantity.quantity>0.000000</in_Quantity.quantity><out_Quantity.quantity>52.415466</out_Quantity.quantity></Point><Point><position>12593</position><in_Quantity.quantity>0.000000</in_Quantity.quantity><out_Quantity.quantity>720.260347</out_Quantity.quantity></Point><Point><position>12594</position><in_Quantity.quantity>0.000000</in_Quantity.quantity><out_Quantity.quantity>538.575835</out_Quantity.quantity></Point><Point><position>12595</position><in_Quantity.quantity>0.000000</in_Quantity.quantity><out_Quantity.quantity>533.633711</out_Quantity.quantity></Point><Point><position>12596</position><in_Quantity.quantity>0.000000</in_Quantity.quantity><out_Quantity.quantity>447.568182</out_Quantity.quantity></Point><Point><position>12597</position><in_Quantity.quantity>0.000000</in_Quantity.quantity><out_Quantity.quantity>271.000828</out_Quantity.quantity></Point><Point><position>12598</position><in_Quantity.quantity>0.000000</in_Quantity.quantity><out_Quantity.quantity>215.127921</out_Quantity.quantity></Point><Point><position>12599</position><in_Quantity.quantity>0.000000</in_Quantity.quantity><out_Quantity.quantity>727.902216</out_Quantity.quantity></Point><Point><position>12600</position><in_Quantity.quantity>0.000000</in_Quantity.quantity><out_Quantity.quantity>806.463271</out_Quantity.quantity></Point><Point><position>12601</position><in_Quantity.quantity>0.000000</in_Quantity.quantity><out_Quantity.quantity>134.757274</out_Quantity.quantity></Point><Point><position>12602</position><in_Quantity.quantity>0.000000</in_Quantity.quantity><out_Quantity.quantity>751.396479</out_Quantity.quantity></Point><Point><position>12603</position><in_Quantity.quantity>0.000000</in_Quantity.quantity><out_Quantity.quantity>629.755980</out_Quantity.quantity></Point><Point><position>12604</position><in_Quantity.quantity>0.000000</in_Quantity.quantity><out_Quantity.quantity>691.849244</out_Quantity.quantity></Point><Point><position>12605</position><in_Quantity.quantity>0.000000</in_Quantity.quantity><out_Quantity.quantity>391.446659</out_Quantity.quantity></Point><Point><position>12606</position><in_Quantity.quantity>0.000000</in_Quantity.quantity><out_Quantity.quantity>969.716221</out_Quantity.quantity></Point><Point><position>12607</position><in_Quantity.quantity>0.000000</in_Quantity.quantity><out_Quantity.quantity>501.011953</out_Quantity.quantity></Point><Point><position>12608</position><in_Quantity.quantity>0.000000</in_Quantity.quantity><out_Quantity.quantity>259.340538</out_Quantity.quantity></Point><Point><position>12609</position><in_Quantity.quantity>0.000000</in_Quantity.quantity><out_Quantity.quantity>323.572569</out_Quantity.quantity></Point><Point><position>12610</position><in_Quantity.quantity>0.000000</in_Quantity.quantity><out_Quantity.quantity>190.272823</out_Quantity.quantity></Point><Point><position>12611</position><in_Quantity.quantity>0.000000</in_Quantity.quantity><out_Quantity.quantity>299.492738</out_Quantity.quantity></Point><Point><position>12612</position><in_Quantity.quantity>0.000000</in_Quantity.quantity><out_Quantity.quantity>653.530059</out_Quantity.quantity></Point><Point><position>12613</position><in_Quantity.quantity>0.000000</in_Quantity.quantity><out_Quantity.quantity>860.894060</out_Quantity.quantity></Point><Point><position>12614</position><in_Quantity.quantity>0.000000</in_Quantity.quantity><out_Quantity.quantity>837.338936</out_Quantity.quantity></Point><Point><position>12615</position><in_Quantity.quantity>0.000000</in_Quantity.quantity><out_Quantity.quantity>434.795557</out_Quantity.quantity></Point><Point><position>12616</position><in_Quantity.quantity>0.000000</in_Quantity.quantity><out_Quantity.quantity>529.559219</out_Quantity.quantity></Point><Point><position>12617</position><in_Quantity.quantity>0.000000</in_Quantity.quantity><out_Quantity.quantity>489.331533</out_Quantity.quantity></Point><Point><position>12618</position><in_Quantity.quantity>0.000000</in_Quantity.quantity><out_Quantity.quantity>989.981753</out_Quantity.quantity></Point><Point><position>12619</position><in_Quantity.quantity>0.000000</in_Quantity.quantity><out_Quantity.quantity>401.416535</out_Quantity.quantity></Point><Point><position>12620</position><in_Quantity.quantity>0.000000</in_Quantity.quantity><out_Quantity.quantity>173.663127</out_Quantity.quantity></Point><Point><position>12621</position><in_Quantity.quantity>0.000000</in_Quantity.quantity><out_Quantity.quantity>177.541482</out_Quantity.quantity></Point><Point><position>12622</position><in_Quantity.quantity>0.000000</in_Quantity.quantity><out_Quantity.quantity>472.113732</out_Quantity.quantity></Point><Point><position>12623</position><in_Quantity.quantity>0.000000</in_Quantity.quantity><out_Quantity.quantity>382.838128</out_Quantity.quantity></Point><Point><position>12624</position><in_Quantity.quantity>0.000000</in_Quantity.quantity><out_Quantity.quantity>497.070015</out_Quantity.quantity></Point><Point><position>12625</position><in_Quantity.quantity>0.000000</in_Quantity.quantity><out_Quantity.quantity>962.539401</out_Quantity.quantity></Point><Point><position>12626</position><in_Quantity.quantity>0.000000</in_Quantity.quantity><out_Quantity.quantity>215.098606</out_Quantity.quantity></Point><Point><position>12627</position><in_Quantity.quantity>0.000000</in_Quantity.quantity><out_Quantity.quantity>674.707517</out_Quantity.quantity></Point><Point><position>12628</position><in_Quantity.quantity>0.000000</in_Quantity.quantity><out_Quantity.quantity>16.367896</out_Quantity.quantity></Point><Point><position>12629</position><in_Quantity.quantity>0.000000</in_Quantity.quantity><out_Quantity.quantity>216.947175</out_Quantity.quantity></Point><Point><position>12630</position><in_Quantity.quantity>0.000000</in_Quantity.quantity><out_Quantity.quantity>691.889695</out_Quantity.quantity></Point><Point><position>12631</position><in_Quantity.quantity>0.000000</in_Quantity.quantity><out_Quantity.quantity>311.233622</out_Quantity.quantity></Point><Point><position>12632</position><in_Quantity.quantity>0.000000</in_Quantity.quantity><out_Quantity.quantity>783.851974</out_Quantity.quantity></Point><Point><position>12633</position><in_Quantity.quantity>0.000000</in_Quantity.quantity><out_Quantity.quantity>55.082755</out_Quantity.quantity></Point><Point><position>12634</position><in_Quantity.quantity>0.000000</in_Quantity.quantity><out_Quantity.quantity>223.720966</out_Quantity.quantity></Point><Point><position>12635</position><in_Quantity.quantity>0.000000</in_Quantity.quantity><out_Quantity.quantity>996.660801</out_Quantity.quantity></Point><Point><position>12636</position><in_Quantity.quantity>0.000000</in_Quantity.quantity><out_Quantity.quantity>840.983849</out_Quantity.quantity></Point><Point><position>12637</position><in_Quantity.quantity>0.000000</in_Quantity.quantity><out_Quantity.quantity>378.655158</out_Quantity.quantity></Point><Point><position>12638</position><in_Quantity.quantity>0.000000</in_Quantity.quantity><out_Quantity.quantity>479.861248</out_Quantity.quantity></Point><Point><position>12639</position><in_Quantity.quantity>0.000000</in_Quantity.quantity><out_Quantity.quantity>173.887263</out_Quantity.quantity></Point><Point><position>12640</position><in_Quantity.quantity>0.000000</in_Quantity.quantity><out_Quantity.quantity>943.843158</out_Quantity.quantity></Point><Point><position>12641</position><in_Quantity.quantity>0.000000</in_Quantity.quantity><out_Quantity.quantity>551.274089</out_Quantity.quantity></Point><Point><position>12642</position><in_Quantity.quantity>0.000000</in_Quantity.quantity><out_Quantity.quantity>153.828482</out_Quantity.quantity></Point><Point><position>12643</position><in_Quantity.quantity>0.000000</in_Quantity.quantity><out_Quantity.quantity>26.014672</out_Quantity.quantity></Point><Point><position>12644</position><in_Quantity.quantity>0.000000</in_Quantity.quantity><out_Quantity.quantity>73.818834</out_Quantity.quantity></Point><Point><position>12645</position><in_Quantity.quantity>0.000000</in_Quantity.quantity><out_Quantity.quantity>409.114976</out_Quantity.quantity></Point><Point><position>12646</position><in_Quantity.quantity>0.000000</in_Quantity.quantity><out_Quantity.quantity>913.518779</out_Quantity.quantity></Point><Point><position>12647</position><in_Quantity.quantity>0.000000</in_Quantity.quantity><out_Quantity.quantity>343.479018</out_Quantity.quantity></Point><Point><position>12648</position><in_Quantity.quantity>0.000000</in_Quantity.quantity><out_Quantity.quantity>472.601343</out_Quantity.quantity></Point><Point><position>12649</position><in_Quantity.quantity>0.000000</in_Quantity.quantity><out_Quantity.quantity>788.489651</out_Quantity.quantity></Point><Point><position>12650</position><in_Quantity.quantity>0.000000</in_Quantity.quantity><out_Quantity.quantity>957.669295</out_Quantity.quantity></Point><Point><position>12651</position><in_Quantity.quantity>0.000000</in_Quantity.quantity><out_Quantity.quantity>331.905670</out_Quantity.quantity></Point><Point><position>12652</position><in_Quantity.quantity>0.000000</in_Quantity.quantity><out_Quantity.quantity>418.729172</out_Quantity.quantity></Point><Point><position>12653</position><in_Quantity.quantity>0.000000</in_Quantity.quantity><out_Quantity.quantity>532.208183</out_Quantity.quantity></Point><Point><position>12654</position><in_Quantity.quantity>0.000000</in_Quantity.quantity><out_Quantity.quantity>790.004780</out_Quantity.quantity></Point><Point><position>12655</position><in_Quantity.quantity>0.000000</in_Quantity.quantity><out_Quantity.quantity>506.939567</out_Quantity.quantity></Point><Point><position>12656</position><in_Quantity.quantity>0.000000</in_Quantity.quantity><out_Quantity.quantity>394.599050</out_Quantity.quantity></Point><Point><position>12657</position><in_Quantity.quantity>0.000000</in_Quantity.quantity><out_Quantity.quantity>345.896913</out_Quantity.quantity></Point><Point><position>12658</position><in_Quantity.quantity>0.000000</in_Quantity.quantity><out_Quantity.quantity>722.653119</out_Quantity.quantity></Point><Point><position>12659</position><in_Quantity.quantity>0.000000</in_Quantity.quantity><out_Quantity.quantity>131.735776</out_Quantity.quantity></Point><Point><position>12660</position><in_Quantity.quantity>0.000000</in_Quantity.quantity><out_Quantity.quantity>764.238683</out_Quantity.quantity></Point><Point><position>12661</position><in_Quantity.quantity>0.000000</in_Quantity.quantity><out_Quantity.quantity>483.956774</out_Quantity.quantity></Point><Point><position>12662</position><in_Quantity.quantity>0.000000</in_Quantity.quantity><out_Quantity.quantity>706.884593</out_Quantity.quantity></Point><Point><position>12663</position><in_Quantity.quantity>0.000000</in_Quantity.quantity><out_Quantity.quantity>509.541068</out_Quantity.quantity></Point><Point><position>12664</position><in_Quantity.quantity>0.000000</in_Quantity.quantity><out_Quantity.quantity>452.985439</out_Quantity.quantity></Point><Point><position>12665</position><in_Quantity.quantity>0.000000</in_Quantity.quantity><out_Quantity.quantity>892.438854</out_Quantity.quantity></Point><Point><position>12666</position><in_Quantity.quantity>0.000000</in_Quantity.quantity><out_Quantity.quantity>196.562611</out_Quantity.quantity></Point><Point><position>12667</position><in_Quantity.quantity>0.000000</in_Quantity.quantity><out_Quantity.quantity>548.128335</out_Quantity.quantity></Point><Point><position>12668</position><in_Quantity.quantity>0.000000</in_Quantity.quantity><out_Quantity.quantity>775.001552</out_Quantity.quantity></Point><Point><position>12669</position><in_Quantity.quantity>0.000000</in_Quantity.quantity><out_Quantity.quantity>164.415101</out_Quantity.quantity></Point><Point><position>12670</position><in_Quantity.quantity>0.000000</in_Quantity.quantity><out_Quantity.quantity>299.967124</out_Quantity.quantity></Point><Point><position>12671</position><in_Quantity.quantity>0.000000</in_Quantity.quantity><out_Quantity.quantity>699.639220</out_Quantity.quantity></Point><Point><position>12672</position><in_Quantity.quantity>0.000000</in_Quantity.quantity><out_Quantity.quantity>928.865255</out_Quantity.quantity></Point><Point><position>12673</position><in_Quantity.quantity>0.000000</in_Quantity.quantity><out_Quantity.quantity>621.217286</out_Quantity.quantity></Point><Point><position>12674</position><in_Quantity.quantity>0.000000</in_Quantity.quantity><out_Quantity.quantity>540.608286</out_Quantity.quantity></Point><Point><position>12675</position><in_Quantity.quantity>0.000000</in_Quantity.quantity><out_Quantity.quantity>148.140655</out_Quantity.quantity></Point><Point><position>12676</position><in_Quantity.quantity>0.000000</in_Quantity.quantity><out_Quantity.quantity>86.000533</out_Quantity.quantity></Point><Point><position>12677</position><in_Quantity.quantity>0.000000</in_Quantity.quantity><out_Quantity.quantity>848.659592</out_Quantity.quantity></Point><Point><position>12678</position><in_Quantity.quantity>0.000000</in_Quantity.quantity><out_Quantity.quantity>371.255937</out_Quantity.quantity></Point><Point><position>12679</position><in_Quantity.quantity>0.000000</in_Quantity.quantity><out_Quantity.quantity>240.386182</out_Quantity.quantity></Point><Point><position>12680</position><in_Quantity.quantity>0.000000</in_Quantity.quantity><out_Quantity.quantity>442.920232</out_Quantity.quantity></Point><Point><position>12681</position><in_Quantity.quantity>0.000000</in_Quantity.quantity><out_Quantity.quantity>106.198537</out_Quantity.quantity></Point><Point><position>12682</position><in_Quantity.quantity>0.000000</in_Quantity.quantity><out_Quantity.quantity>298.775682</out_Quantity.quantity></Point><Point><position>12683</position><in_Quantity.quantity>0.000000</in_Quantity.quantity><out_Quantity.quantity>302.557603</out_Quantity.quantity></Point><Point><position>12684</position><in_Quantity.quantity>0.000000</in_Quantity.quantity><out_Quantity.quantity>60.794582</out_Quantity.quantity></Point><Point><position>12685</position><in_Quantity.quantity>0.000000</in_Quantity.quantity><out_Quantity.quantity>368.479645</out_Quantity.quantity></Point><Point><position>12686</position><in_Quantity.quantity>0.000000</in_Quantity.quantity><out_Quantity.quantity>576.531746</out_Quantity.quantity></Point><Point><position>12687</position><in_Quantity.quantity>0.000000</in_Quantity.quantity><out_Quantity.quantity>941.569102</out_Quantity.quantity></Point><Point><position>12688</position><in_Quantity.quantity>0.000000</in_Quantity.quantity><out_Quantity.quantity>427.666772</out_Quantity.quantity></Point><Point><position>12689</position><in_Quantity.quantity>0.000000</in_Quantity.quantity><out_Quantity.quantity>972.248688</out_Quantity.quantity></Point><Point><position>12690</position><in_Quantity.quantity>0.000000</in_Quantity.quantity><out_Quantity.quantity>234.106602</out_Quantity.quantity></Point><Point><position>12691</position><in_Quantity.quantity>0.000000</in_Quantity.quantity><out_Quantity.quantity>902.589518</out_Quantity.quantity></Point><Point><position>12692</position><in_Quantity.quantity>0.000000</in_Quantity.quantity><out_Quantity.quantity>840.366805</out_Quantity.quantity></Point><Point><position>12693</position><in_Quantity.quantity>0.000000</in_Quantity.quantity><out_Quantity.quantity>817.495100</out_Quantity.quantity></Point><Point><position>12694</position><in_Quantity.quantity>0.000000</in_Quantity.quantity><out_Quantity.quantity>120.541841</out_Quantity.quantity></Point><Point><position>12695</position><in_Quantity.quantity>0.000000</in_Quantity.quantity><out_Quantity.quantity>190.620045</out_Quantity.quantity></Point><Point><position>12696</position><in_Quantity.quantity>0.000000</in_Quantity.quantity><out_Quantity.quantity>35.761158</out_Quantity.quantity></Point><Point><position>12697</position><in_Quantity.quantity>0.000000</in_Quantity.quantity><out_Quantity.quantity>748.708666</out_Quantity.quantity></Point><Point><position>12698</position><in_Quantity.quantity>0.000000</in_Quantity.quantity><out_Quantity.quantity>269.250069</out_Quantity.quantity></Point><Point><position>12699</position><in_Quantity.quantity>0.000000</in_Quantity.quantity><out_Quantity.quantity>563.880476</out_Quantity.quantity></Point><Point><position>12700</position><in_Quantity.quantity>0.000000</in_Quantity.quantity><out_Quantity.quantity>504.165214</out_Quantity.quantity></Point><Point><position>12701</position><in_Quantity.quantity>0.000000</in_Quantity.quantity><out_Quantity.quantity>485.021744</out_Quantity.quantity></Point><Point><position>12702</position><in_Quantity.quantity>0.000000</in_Quantity.quantity><out_Quantity.quantity>597.861701</out_Quantity.quantity></Point><Point><position>12703</position><in_Quantity.quantity>0.000000</in_Quantity.quantity><out_Quantity.quantity>739.568267</out_Quantity.quantity></Point><Point><position>12704</position><in_Quantity.quantity>0.000000</in_Quantity.quantity><out_Quantity.quantity>366.366186</out_Quantity.quantity></Point><Point><position>12705</position><in_Quantity.quantity>0.000000</in_Quantity.quantity><out_Quantity.quantity>475.470170</out_Quantity.quantity></Point><Point><position>12706</position><in_Quantity.quantity>0.000000</in_Quantity.quantity><out_Quantity.quantity>162.438445</out_Quantity.quantity></Point><Point><position>12707</position><in_Quantity.quantity>0.000000</in_Quantity.quantity><out_Quantity.quantity>704.051811</out_Quantity.quantity></Point><Point><position>12708</position><in_Quantity.quantity>0.000000</in_Quantity.quantity><out_Quantity.quantity>537.793764</out_Quantity.quantity></Point><Point><position>12709</position><in_Quantity.quantity>0.000000</in_Quantity.quantity><out_Quantity.quantity>483.817373</out_Quantity.quantity></Point><Point><position>12710</position><in_Quantity.quantity>0.000000</in_Quantity.quantity><out_Quantity.quantity>765.344335</out_Quantity.quantity></Point><Point><position>12711</position><in_Quantity.quantity>0.000000</in_Quantity.quantity><out_Quantity.quantity>945.067474</out_Quantity.quantity></Point><Point><position>12712</position><in_Quantity.quantity>0.000000</in_Quantity.quantity><out_Quantity.quantity>782.406665</out_Quantity.quantity></Point><Point><position>12713</position><in_Quantity.quantity>0.000000</in_Quantity.quantity><out_Quantity.quantity>975.501773</out_Quantity.quantity></Point><Point><position>12714</position><in_Quantity.quantity>0.000000</in_Quantity.quantity><out_Quantity.quantity>504.744408</out_Quantity.quantity></Point><Point><position>12715</position><in_Quantity.quantity>0.000000</in_Quantity.quantity><out_Quantity.quantity>185.131405</out_Quantity.quantity></Point><Point><position>12716</position><in_Quantity.quantity>0.000000</in_Quantity.quantity><out_Quantity.quantity>99.097394</out_Quantity.quantity></Point><Point><position>12717</position><in_Quantity.quantity>0.000000</in_Quantity.quantity><out_Quantity.quantity>740.192600</out_Quantity.quantity></Point><Point><position>12718</position><in_Quantity.quantity>0.000000</in_Quantity.quantity><out_Quantity.quantity>236.694648</out_Quantity.quantity></Point><Point><position>12719</position><in_Quantity.quantity>0.000000</in_Quantity.quantity><out_Quantity.quantity>471.384582</out_Quantity.quantity></Point><Point><position>12720</position><in_Quantity.quantity>0.000000</in_Quantity.quantity><out_Quantity.quantity>315.652801</out_Quantity.quantity></Point><Point><position>12721</position><in_Quantity.quantity>0.000000</in_Quantity.quantity><out_Quantity.quantity>863.549389</out_Quantity.quantity></Point><Point><position>12722</position><in_Quantity.quantity>0.000000</in_Quantity.quantity><out_Quantity.quantity>526.408055</out_Quantity.quantity></Point><Point><position>12723</position><in_Quantity.quantity>0.000000</in_Quantity.quantity><out_Quantity.quantity>105.977845</out_Quantity.quantity></Point><Point><position>12724</position><in_Quantity.quantity>0.000000</in_Quantity.quantity><out_Quantity.quantity>276.040783</out_Quantity.quantity></Point><Point><position>12725</position><in_Quantity.quantity>0.000000</in_Quantity.quantity><out_Quantity.quantity>426.094089</out_Quantity.quantity></Point><Point><position>12726</position><in_Quantity.quantity>0.000000</in_Quantity.quantity><out_Quantity.quantity>669.544187</out_Quantity.quantity></Point><Point><position>12727</position><in_Quantity.quantity>0.000000</in_Quantity.quantity><out_Quantity.quantity>992.993815</out_Quantity.quantity></Point><Point><position>12728</position><in_Quantity.quantity>0.000000</in_Quantity.quantity><out_Quantity.quantity>360.808153</out_Quantity.quantity></Point><Point><position>12729</position><in_Quantity.quantity>0.000000</in_Quantity.quantity><out_Quantity.quantity>701.112873</out_Quantity.quantity></Point><Point><position>12730</position><in_Quantity.quantity>0.000000</in_Quantity.quantity><out_Quantity.quantity>935.901388</out_Quantity.quantity></Point><Point><position>12731</position><in_Quantity.quantity>0.000000</in_Quantity.quantity><out_Quantity.quantity>547.753848</out_Quantity.quantity></Point><Point><position>12732</position><in_Quantity.quantity>0.000000</in_Quantity.quantity><out_Quantity.quantity>112.737683</out_Quantity.quantity></Point><Point><position>12733</position><in_Quantity.quantity>0.000000</in_Quantity.quantity><out_Quantity.quantity>153.476497</out_Quantity.quantity></Point><Point><position>12734</position><in_Quantity.quantity>0.000000</in_Quantity.quantity><out_Quantity.quantity>767.930259</out_Quantity.quantity></Point><Point><position>12735</position><in_Quantity.quantity>0.000000</in_Quantity.quantity><out_Quantity.quantity>792.293170</out_Quantity.quantity></Point><Point><position>12736</position><in_Quantity.quantity>0.000000</in_Quantity.quantity><out_Quantity.quantity>235.573520</out_Quantity.quantity></Point><Point><position>12737</position><in_Quantity.quantity>0.000000</in_Quantity.quantity><out_Quantity.quantity>914.315788</out_Quantity.quantity></Point><Point><position>12738</position><in_Quantity.quantity>0.000000</in_Quantity.quantity><out_Quantity.quantity>323.939008</out_Quantity.quantity></Point><Point><position>12739</position><in_Quantity.quantity>0.000000</in_Quantity.quantity><out_Quantity.quantity>319.698112</out_Quantity.quantity></Point><Point><position>12740</position><in_Quantity.quantity>0.000000</in_Quantity.quantity><out_Quantity.quantity>812.605391</out_Quantity.quantity></Point><Point><position>12741</position><in_Quantity.quantity>0.000000</in_Quantity.quantity><out_Quantity.quantity>624.378049</out_Quantity.quantity></Point><Point><position>12742</position><in_Quantity.quantity>0.000000</in_Quantity.quantity><out_Quantity.quantity>511.692695</out_Quantity.quantity></Point><Point><position>12743</position><in_Quantity.quantity>0.000000</in_Quantity.quantity><out_Quantity.quantity>397.323281</out_Quantity.quantity></Point><Point><position>12744</position><in_Quantity.quantity>0.000000</in_Quantity.quantity><out_Quantity.quantity>449.756064</out_Quantity.quantity></Point><Point><position>12745</position><in_Quantity.quantity>0.000000</in_Quantity.quantity><out_Quantity.quantity>833.724611</out_Quantity.quantity></Point><Point><position>12746</position><in_Quantity.quantity>0.000000</in_Quantity.quantity><out_Quantity.quantity>455.895640</out_Quantity.quantity></Point><Point><position>12747</position><in_Quantity.quantity>0.000000</in_Quantity.quantity><out_Quantity.quantity>808.501816</out_Quantity.quantity></Point><Point><position>12748</position><in_Quantity.quantity>0.000000</in_Quantity.quantity><out_Quantity.quantity>151.780866</out_Quantity.quantity></Point><Point><position>12749</position><in_Quantity.quantity>0.000000</in_Quantity.quantity><out_Quantity.quantity>249.737327</out_Quantity.quantity></Point><Point><position>12750</position><in_Quantity.quantity>0.000000</in_Quantity.quantity><out_Quantity.quantity>239.909198</out_Quantity.quantity></Point><Point><position>12751</position><in_Quantity.quantity>0.000000</in_Quantity.quantity><out_Quantity.quantity>73.552207</out_Quantity.quantity></Point><Point><position>12752</position><in_Quantity.quantity>0.000000</in_Quantity.quantity><out_Quantity.quantity>598.936840</out_Quantity.quantity></Point><Point><position>12753</position><in_Quantity.quantity>0.000000</in_Quantity.quantity><out_Quantity.quantity>107.838595</out_Quantity.quantity></Point><Point><position>12754</position><in_Quantity.quantity>0.000000</in_Quantity.quantity><out_Quantity.quantity>732.754877</out_Quantity.quantity></Point><Point><position>12755</position><in_Quantity.quantity>0.000000</in_Quantity.quantity><out_Quantity.quantity>164.159361</out_Quantity.quantity></Point><Point><position>12756</position><in_Quantity.quantity>0.000000</in_Quantity.quantity><out_Quantity.quantity>602.430642</out_Quantity.quantity></Point><Point><position>12757</position><in_Quantity.quantity>0.000000</in_Quantity.quantity><out_Quantity.quantity>649.861133</out_Quantity.quantity></Point><Point><position>12758</position><in_Quantity.quantity>0.000000</in_Quantity.quantity><out_Quantity.quantity>23.306127</out_Quantity.quantity></Point><Point><position>12759</position><in_Quantity.quantity>0.000000</in_Quantity.quantity><out_Quantity.quantity>272.810293</out_Quantity.quantity></Point><Point><position>12760</position><in_Quantity.quantity>0.000000</in_Quantity.quantity><out_Quantity.quantity>325.721547</out_Quantity.quantity></Point><Point><position>12761</position><in_Quantity.quantity>0.000000</in_Quantity.quantity><out_Quantity.quantity>318.639737</out_Quantity.quantity></Point><Point><position>12762</position><in_Quantity.quantity>0.000000</in_Quantity.quantity><out_Quantity.quantity>704.694274</out_Quantity.quantity></Point><Point><position>12763</position><in_Quantity.quantity>0.000000</in_Quantity.quantity><out_Quantity.quantity>461.396084</out_Quantity.quantity></Point><Point><position>12764</position><in_Quantity.quantity>0.000000</in_Quantity.quantity><out_Quantity.quantity>415.034930</out_Quantity.quantity></Point><Point><position>12765</position><in_Quantity.quantity>0.000000</in_Quantity.quantity><out_Quantity.quantity>908.476131</out_Quantity.quantity></Point><Point><position>12766</position><in_Quantity.quantity>0.000000</in_Quantity.quantity><out_Quantity.quantity>597.721674</out_Quantity.quantity></Point><Point><position>12767</position><in_Quantity.quantity>0.000000</in_Quantity.quantity><out_Quantity.quantity>231.423717</out_Quantity.quantity></Point><Point><position>12768</position><in_Quantity.quantity>0.000000</in_Quantity.quantity><out_Quantity.quantity>884.438169</out_Quantity.quantity></Point><Point><position>12769</position><in_Quantity.quantity>0.000000</in_Quantity.quantity><out_Quantity.quantity>808.651426</out_Quantity.quantity></Point><Point><position>12770</position><in_Quantity.quantity>0.000000</in_Quantity.quantity><out_Quantity.quantity>561.629664</out_Quantity.quantity></Point><Point><position>12771</position><in_Quantity.quantity>0.000000</in_Quantity.quantity><out_Quantity.quantity>493.963971</out_Quantity.quantity></Point><Point><position>12772</position><in_Quantity.quantity>0.000000</in_Quantity.quantity><out_Quantity.quantity>696.686490</out_Quantity.quantity></Point><Point><position>12773</position><in_Quantity.quantity>0.000000</in_Quantity.quantity><out_Quantity.quantity>142.307623</out_Quantity.quantity></Point><Point><position>12774</position><in_Quantity.quantity>0.000000</in_Quantity.quantity><out_Quantity.quantity>960.024260</out_Quantity.quantity></Point><Point><position>12775</position><in_Quantity.quantity>0.000000</in_Quantity.quantity><out_Quantity.quantity>818.773274</out_Quantity.quantity></Point><Point><position>12776</position><in_Quantity.quantity>0.000000</in_Quantity.quantity><out_Quantity.quantity>224.609435</out_Quantity.quantity></Point><Point><position>12777</position><in_Quantity.quantity>0.000000</in_Quantity.quantity><out_Quantity.quantity>235.213856</out_Quantity.quantity></Point><Point><position>12778</position><in_Quantity.quantity>0.000000</in_Quantity.quantity><out_Quantity.quantity>223.968095</out_Quantity.quantity></Point><Point><position>12779</position><in_Quantity.quantity>0.000000</in_Quantity.quantity><out_Quantity.quantity>711.691434</out_Quantity.quantity></Point><Point><position>12780</position><in_Quantity.quantity>0.000000</in_Quantity.quantity><out_Quantity.quantity>924.690608</out_Quantity.quantity></Point><Point><position>12781</position><in_Quantity.quantity>0.000000</in_Quantity.quantity><out_Quantity.quantity>778.187233</out_Quantity.quantity></Point><Point><position>12782</position><in_Quantity.quantity>0.000000</in_Quantity.quantity><out_Quantity.quantity>39.813095</out_Quantity.quantity></Point><Point><position>12783</position><in_Quantity.quantity>0.000000</in_Quantity.quantity><out_Quantity.quantity>946.530756</out_Quantity.quantity></Point><Point><position>12784</position><in_Quantity.quantity>0.000000</in_Quantity.quantity><out_Quantity.quantity>27.360642</out_Quantity.quantity></Point><Point><position>12785</position><in_Quantity.quantity>0.000000</in_Quantity.quantity><out_Quantity.quantity>276.893038</out_Quantity.quantity></Point><Point><position>12786</position><in_Quantity.quantity>0.000000</in_Quantity.quantity><out_Quantity.quantity>983.717654</out_Quantity.quantity></Point><Point><position>12787</position><in_Quantity.quantity>0.000000</in_Quantity.quantity><out_Quantity.quantity>391.981344</out_Quantity.quantity></Point><Point><position>12788</position><in_Quantity.quantity>0.000000</in_Quantity.quantity><out_Quantity.quantity>848.682149</out_Quantity.quantity></Point><Point><position>12789</position><in_Quantity.quantity>0.000000</in_Quantity.quantity><out_Quantity.quantity>209.858125</out_Quantity.quantity></Point><Point><position>12790</position><in_Quantity.quantity>0.000000</in_Quantity.quantity><out_Quantity.quantity>476.486636</out_Quantity.quantity></Point><Point><position>12791</position><in_Quantity.quantity>0.000000</in_Quantity.quantity><out_Quantity.quantity>676.984313</out_Quantity.quantity></Point><Point><position>12792</position><in_Quantity.quantity>0.000000</in_Quantity.quantity><out_Quantity.quantity>243.081356</out_Quantity.quantity></Point><Point><position>12793</position><in_Quantity.quantity>0.000000</in_Quantity.quantity><out_Quantity.quantity>162.851741</out_Quantity.quantity></Point><Point><position>12794</position><in_Quantity.quantity>0.000000</in_Quantity.quantity><out_Quantity.quantity>810.202725</out_Quantity.quantity></Point><Point><position>12795</position><in_Quantity.quantity>0.000000</in_Quantity.quantity><out_Quantity.quantity>789.259322</out_Quantity.quantity></Point><Point><position>12796</position><in_Quantity.quantity>0.000000</in_Quantity.quantity><out_Quantity.quantity>530.256486</out_Quantity.quantity></Point><Point><position>12797</position><in_Quantity.quantity>0.000000</in_Quantity.quantity><out_Quantity.quantity>237.964817</out_Quantity.quantity></Point><Point><position>12798</position><in_Quantity.quantity>0.000000</in_Quantity.quantity><out_Quantity.quantity>535.928191</out_Quantity.quantity></Point><Point><position>12799</position><in_Quantity.quantity>0.000000</in_Quantity.quantity><out_Quantity.quantity>324.987854</out_Quantity.quantity></Point><Point><position>12800</position><in_Quantity.quantity>0.000000</in_Quantity.quantity><out_Quantity.quantity>157.411806</out_Quantity.quantity></Point><Point><position>12801</position><in_Quantity.quantity>0.000000</in_Quantity.quantity><out_Quantity.quantity>29.539261</out_Quantity.quantity></Point><Point><position>12802</position><in_Quantity.quantity>0.000000</in_Quantity.quantity><out_Quantity.quantity>341.771267</out_Quantity.quantity></Point><Point><position>12803</position><in_Quantity.quantity>0.000000</in_Quantity.quantity><out_Quantity.quantity>277.716746</out_Quantity.quantity></Point><Point><position>12804</position><in_Quantity.quantity>0.000000</in_Quantity.quantity><out_Quantity.quantity>410.453270</out_Quantity.quantity></Point><Point><position>12805</position><in_Quantity.quantity>0.000000</in_Quantity.quantity><out_Quantity.quantity>934.127179</out_Quantity.quantity></Point><Point><position>12806</position><in_Quantity.quantity>0.000000</in_Quantity.quantity><out_Quantity.quantity>269.414758</out_Quantity.quantity></Point><Point><position>12807</position><in_Quantity.quantity>0.000000</in_Quantity.quantity><out_Quantity.quantity>586.346102</out_Quantity.quantity></Point><Point><position>12808</position><in_Quantity.quantity>0.000000</in_Quantity.quantity><out_Quantity.quantity>749.366771</out_Quantity.quantity></Point><Point><position>12809</position><in_Quantity.quantity>0.000000</in_Quantity.quantity><out_Quantity.quantity>236.614091</out_Quantity.quantity></Point><Point><position>12810</position><in_Quantity.quantity>0.000000</in_Quantity.quantity><out_Quantity.quantity>439.860300</out_Quantity.quantity></Point><Point><position>12811</position><in_Quantity.quantity>0.000000</in_Quantity.quantity><out_Quantity.quantity>490.059969</out_Quantity.quantity></Point><Point><position>12812</position><in_Quantity.quantity>0.000000</in_Quantity.quantity><out_Quantity.quantity>282.334951</out_Quantity.quantity></Point><Point><position>12813</position><in_Quantity.quantity>0.000000</in_Quantity.quantity><out_Quantity.quantity>543.413432</out_Quantity.quantity></Point><Point><position>12814</position><in_Quantity.quantity>0.000000</in_Quantity.quantity><out_Quantity.quantity>767.945577</out_Quantity.quantity></Point><Point><position>12815</position><in_Quantity.quantity>0.000000</in_Quantity.quantity><out_Quantity.quantity>328.900197</out_Quantity.quantity></Point><Point><position>12816</position><in_Quantity.quantity>0.000000</in_Quantity.quantity><out_Quantity.quantity>276.779272</out_Quantity.quantity></Point><Point><position>12817</position><in_Quantity.quantity>0.000000</in_Quantity.quantity><out_Quantity.quantity>207.870518</out_Quantity.quantity></Point><Point><position>12818</position><in_Quantity.quantity>0.000000</in_Quantity.quantity><out_Quantity.quantity>930.992510</out_Quantity.quantity></Point><Point><position>12819</position><in_Quantity.quantity>0.000000</in_Quantity.quantity><out_Quantity.quantity>295.564812</out_Quantity.quantity></Point><Point><position>12820</position><in_Quantity.quantity>0.000000</in_Quantity.quantity><out_Quantity.quantity>220.399902</out_Quantity.quantity></Point><Point><position>12821</position><in_Quantity.quantity>0.000000</in_Quantity.quantity><out_Quantity.quantity>956.884738</out_Quantity.quantity></Point><Point><position>12822</position><in_Quantity.quantity>0.000000</in_Quantity.quantity><out_Quantity.quantity>261.437869</out_Quantity.quantity></Point><Point><position>12823</position><in_Quantity.quantity>0.000000</in_Quantity.quantity><out_Quantity.quantity>628.692895</out_Quantity.quantity></Point><Point><position>12824</position><in_Quantity.quantity>0.000000</in_Quantity.quantity><out_Quantity.quantity>346.802614</out_Quantity.quantity></Point><Point><position>12825</position><in_Quantity.quantity>0.000000</in_Quantity.quantity><out_Quantity.quantity>224.856136</out_Quantity.quantity></Point><Point><position>12826</position><in_Quantity.quantity>0.000000</in_Quantity.quantity><out_Quantity.quantity>957.884863</out_Quantity.quantity></Point><Point><position>12827</position><in_Quantity.quantity>0.000000</in_Quantity.quantity><out_Quantity.quantity>835.010596</out_Quantity.quantity></Point><Point><position>12828</position><in_Quantity.quantity>0.000000</in_Quantity.quantity><out_Quantity.quantity>9.201187</out_Quantity.quantity></Point><Point><position>12829</position><in_Quantity.quantity>0.000000</in_Quantity.quantity><out_Quantity.quantity>84.987256</out_Quantity.quantity></Point><Point><position>12830</position><in_Quantity.quantity>0.000000</in_Quantity.quantity><out_Quantity.quantity>24.074542</out_Quantity.quantity></Point><Point><position>12831</position><in_Quantity.quantity>0.000000</in_Quantity.quantity><out_Quantity.quantity>86.940080</out_Quantity.quantity></Point><Point><position>12832</position><in_Quantity.quantity>0.000000</in_Quantity.quantity><out_Quantity.quantity>756.429786</out_Quantity.quantity></Point><Point><position>12833</position><in_Quantity.quantity>0.000000</in_Quantity.quantity><out_Quantity.quantity>995.560044</out_Quantity.quantity></Point><Point><position>12834</position><in_Quantity.quantity>0.000000</in_Quantity.quantity><out_Quantity.quantity>898.684484</out_Quantity.quantity></Point><Point><position>12835</position><in_Quantity.quantity>0.000000</in_Quantity.quantity><out_Quantity.quantity>523.144189</out_Quantity.quantity></Point><Point><position>12836</position><in_Quantity.quantity>0.000000</in_Quantity.quantity><out_Quantity.quantity>845.972289</out_Quantity.quantity></Point><Point><position>12837</position><in_Quantity.quantity>0.000000</in_Quantity.quantity><out_Quantity.quantity>50.850493</out_Quantity.quantity></Point><Point><position>12838</position><in_Quantity.quantity>0.000000</in_Quantity.quantity><out_Quantity.quantity>306.866776</out_Quantity.quantity></Point><Point><position>12839</position><in_Quantity.quantity>0.000000</in_Quantity.quantity><out_Quantity.quantity>177.403434</out_Quantity.quantity></Point><Point><position>12840</position><in_Quantity.quantity>0.000000</in_Quantity.quantity><out_Quantity.quantity>682.005015</out_Quantity.quantity></Point><Point><position>12841</position><in_Quantity.quantity>0.000000</in_Quantity.quantity><out_Quantity.quantity>748.291274</out_Quantity.quantity></Point><Point><position>12842</position><in_Quantity.quantity>0.000000</in_Quantity.quantity><out_Quantity.quantity>97.226800</out_Quantity.quantity></Point><Point><position>12843</position><in_Quantity.quantity>0.000000</in_Quantity.quantity><out_Quantity.quantity>161.503050</out_Quantity.quantity></Point><Point><position>12844</position><in_Quantity.quantity>0.000000</in_Quantity.quantity><out_Quantity.quantity>295.879193</out_Quantity.quantity></Point><Point><position>12845</position><in_Quantity.quantity>0.000000</in_Quantity.quantity><out_Quantity.quantity>877.832174</out_Quantity.quantity></Point><Point><position>12846</position><in_Quantity.quantity>0.000000</in_Quantity.quantity><out_Quantity.quantity>797.104930</out_Quantity.quantity></Point><Point><position>12847</position><in_Quantity.quantity>0.000000</in_Quantity.quantity><out_Quantity.quantity>182.061912</out_Quantity.quantity></Point><Point><position>12848</position><in_Quantity.quantity>0.000000</in_Quantity.quantity><out_Quantity.quantity>550.931869</out_Quantity.quantity></Point><Point><position>12849</position><in_Quantity.quantity>0.000000</in_Quantity.quantity><out_Quantity.quantity>717.097162</out_Quantity.quantity></Point><Point><position>12850</position><in_Quantity.quantity>0.000000</in_Quantity.quantity><out_Quantity.quantity>301.786130</out_Quantity.quantity></Point><Point><position>12851</position><in_Quantity.quantity>0.000000</in_Quantity.quantity><out_Quantity.quantity>688.427048</out_Quantity.quantity></Point><Point><position>12852</position><in_Quantity.quantity>0.000000</in_Quantity.quantity><out_Quantity.quantity>853.592509</out_Quantity.quantity></Point><Point><position>12853</position><in_Quantity.quantity>0.000000</in_Quantity.quantity><out_Quantity.quantity>532.583192</out_Quantity.quantity></Point><Point><position>12854</position><in_Quantity.quantity>0.000000</in_Quantity.quantity><out_Quantity.quantity>965.477930</out_Quantity.quantity></Point><Point><position>12855</position><in_Quantity.quantity>0.000000</in_Quantity.quantity><out_Quantity.quantity>669.878859</out_Quantity.quantity></Point><Point><position>12856</position><in_Quantity.quantity>0.000000</in_Quantity.quantity><out_Quantity.quantity>141.466164</out_Quantity.quantity></Point><Point><position>12857</position><in_Quantity.quantity>0.000000</in_Quantity.quantity><out_Quantity.quantity>246.151270</out_Quantity.quantity></Point><Point><position>12858</position><in_Quantity.quantity>0.000000</in_Quantity.quantity><out_Quantity.quantity>435.056359</out_Quantity.quantity></Point><Point><position>12859</position><in_Quantity.quantity>0.000000</in_Quantity.quantity><out_Quantity.quantity>538.549856</out_Quantity.quantity></Point><Point><position>12860</position><in_Quantity.quantity>0.000000</in_Quantity.quantity><out_Quantity.quantity>84.253619</out_Quantity.quantity></Point><Point><position>12861</position><in_Quantity.quantity>0.000000</in_Quantity.quantity><out_Quantity.quantity>649.581967</out_Quantity.quantity></Point><Point><position>12862</position><in_Quantity.quantity>0.000000</in_Quantity.quantity><out_Quantity.quantity>81.914074</out_Quantity.quantity></Point><Point><position>12863</position><in_Quantity.quantity>0.000000</in_Quantity.quantity><out_Quantity.quantity>14.694055</out_Quantity.quantity></Point><Point><position>12864</position><in_Quantity.quantity>0.000000</in_Quantity.quantity><out_Quantity.quantity>938.894227</out_Quantity.quantity></Point><Point><position>12865</position><in_Quantity.quantity>0.000000</in_Quantity.quantity><out_Quantity.quantity>467.412842</out_Quantity.quantity></Point><Point><position>12866</position><in_Quantity.quantity>0.000000</in_Quantity.quantity><out_Quantity.quantity>805.695005</out_Quantity.quantity></Point><Point><position>12867</position><in_Quantity.quantity>0.000000</in_Quantity.quantity><out_Quantity.quantity>471.642680</out_Quantity.quantity></Point><Point><position>12868</position><in_Quantity.quantity>0.000000</in_Quantity.quantity><out_Quantity.quantity>457.437537</out_Quantity.quantity></Point><Point><position>12869</position><in_Quantity.quantity>0.000000</in_Quantity.quantity><out_Quantity.quantity>609.444498</out_Quantity.quantity></Point><Point><position>12870</position><in_Quantity.quantity>0.000000</in_Quantity.quantity><out_Quantity.quantity>345.424321</out_Quantity.quantity></Point><Point><position>12871</position><in_Quantity.quantity>0.000000</in_Quantity.quantity><out_Quantity.quantity>995.860015</out_Quantity.quantity></Point><Point><position>12872</position><in_Quantity.quantity>0.000000</in_Quantity.quantity><out_Quantity.quantity>308.631549</out_Quantity.quantity></Point><Point><position>12873</position><in_Quantity.quantity>0.000000</in_Quantity.quantity><out_Quantity.quantity>841.356955</out_Quantity.quantity></Point><Point><position>12874</position><in_Quantity.quantity>0.000000</in_Quantity.quantity><out_Quantity.quantity>117.478733</out_Quantity.quantity></Point><Point><position>12875</position><in_Quantity.quantity>0.000000</in_Quantity.quantity><out_Quantity.quantity>681.031317</out_Quantity.quantity></Point><Point><position>12876</position><in_Quantity.quantity>0.000000</in_Quantity.quantity><out_Quantity.quantity>675.668010</out_Quantity.quantity></Point><Point><position>12877</position><in_Quantity.quantity>0.000000</in_Quantity.quantity><out_Quantity.quantity>238.362023</out_Quantity.quantity></Point><Point><position>12878</position><in_Quantity.quantity>0.000000</in_Quantity.quantity><out_Quantity.quantity>492.944368</out_Quantity.quantity></Point><Point><position>12879</position><in_Quantity.quantity>0.000000</in_Quantity.quantity><out_Quantity.quantity>468.504096</out_Quantity.quantity></Point><Point><position>12880</position><in_Quantity.quantity>0.000000</in_Quantity.quantity><out_Quantity.quantity>176.426829</out_Quantity.quantity></Point><Point><position>12881</position><in_Quantity.quantity>0.000000</in_Quantity.quantity><out_Quantity.quantity>26.360180</out_Quantity.quantity></Point><Point><position>12882</position><in_Quantity.quantity>0.000000</in_Quantity.quantity><out_Quantity.quantity>509.138981</out_Quantity.quantity></Point><Point><position>12883</position><in_Quantity.quantity>0.000000</in_Quantity.quantity><out_Quantity.quantity>74.947210</out_Quantity.quantity></Point><Point><position>12884</position><in_Quantity.quantity>0.000000</in_Quantity.quantity><out_Quantity.quantity>407.245164</out_Quantity.quantity></Point><Point><position>12885</position><in_Quantity.quantity>0.000000</in_Quantity.quantity><out_Quantity.quantity>928.288695</out_Quantity.quantity></Point><Point><position>12886</position><in_Quantity.quantity>0.000000</in_Quantity.quantity><out_Quantity.quantity>703.195473</out_Quantity.quantity></Point><Point><position>12887</position><in_Quantity.quantity>0.000000</in_Quantity.quantity><out_Quantity.quantity>985.241679</out_Quantity.quantity></Point><Point><position>12888</position><in_Quantity.quantity>0.000000</in_Quantity.quantity><out_Quantity.quantity>263.892474</out_Quantity.quantity></Point><Point><position>12889</position><in_Quantity.quantity>0.000000</in_Quantity.quantity><out_Quantity.quantity>491.336877</out_Quantity.quantity></Point><Point><position>12890</position><in_Quantity.quantity>0.000000</in_Quantity.quantity><out_Quantity.quantity>556.787388</out_Quantity.quantity></Point><Point><position>12891</position><in_Quantity.quantity>0.000000</in_Quantity.quantity><out_Quantity.quantity>362.783155</out_Quantity.quantity></Point><Point><position>12892</position><in_Quantity.quantity>0.000000</in_Quantity.quantity><out_Quantity.quantity>7.291520</out_Quantity.quantity></Point><Point><position>12893</position><in_Quantity.quantity>0.000000</in_Quantity.quantity><out_Quantity.quantity>27.476146</out_Quantity.quantity></Point><Point><position>12894</position><in_Quantity.quantity>0.000000</in_Quantity.quantity><out_Quantity.quantity>367.315500</out_Quantity.quantity></Point><Point><position>12895</position><in_Quantity.quantity>0.000000</in_Quantity.quantity><out_Quantity.quantity>246.754977</out_Quantity.quantity></Point><Point><position>12896</position><in_Quantity.quantity>0.000000</in_Quantity.quantity><out_Quantity.quantity>828.055907</out_Quantity.quantity></Point><Point><position>12897</position><in_Quantity.quantity>0.000000</in_Quantity.quantity><out_Quantity.quantity>54.641578</out_Quantity.quantity></Point><Point><position>12898</position><in_Quantity.quantity>0.000000</in_Quantity.quantity><out_Quantity.quantity>782.051541</out_Quantity.quantity></Point><Point><position>12899</position><in_Quantity.quantity>0.000000</in_Quantity.quantity><out_Quantity.quantity>194.054368</out_Quantity.quantity></Point><Point><position>12900</position><in_Quantity.quantity>0.000000</in_Quantity.quantity><out_Quantity.quantity>123.544553</out_Quantity.quantity></Point><Point><position>12901</position><in_Quantity.quantity>0.000000</in_Quantity.quantity><out_Quantity.quantity>115.122378</out_Quantity.quantity></Point><Point><position>12902</position><in_Quantity.quantity>0.000000</in_Quantity.quantity><out_Quantity.quantity>829.672944</out_Quantity.quantity></Point><Point><position>12903</position><in_Quantity.quantity>0.000000</in_Quantity.quantity><out_Quantity.quantity>72.274249</out_Quantity.quantity></Point><Point><position>12904</position><in_Quantity.quantity>0.000000</in_Quantity.quantity><out_Quantity.quantity>727.807703</out_Quantity.quantity></Point><Point><position>12905</position><in_Quantity.quantity>0.000000</in_Quantity.quantity><out_Quantity.quantity>66.394667</out_Quantity.quantity></Point><Point><position>12906</position><in_Quantity.quantity>0.000000</in_Quantity.quantity><out_Quantity.quantity>296.224690</out_Quantity.quantity></Point><Point><position>12907</position><in_Quantity.quantity>0.000000</in_Quantity.quantity><out_Quantity.quantity>62.826414</out_Quantity.quantity></Point><Point><position>12908</position><in_Quantity.quantity>0.000000</in_Quantity.quantity><out_Quantity.quantity>875.992778</out_Quantity.quantity></Point><Point><position>12909</position><in_Quantity.quantity>0.000000</in_Quantity.quantity><out_Quantity.quantity>510.557686</out_Quantity.quantity></Point><Point><position>12910</position><in_Quantity.quantity>0.000000</in_Quantity.quantity><out_Quantity.quantity>536.284179</out_Quantity.quantity></Point><Point><position>12911</position><in_Quantity.quantity>0.000000</in_Quantity.quantity><out_Quantity.quantity>327.656289</out_Quantity.quantity></Point><Point><position>12912</position><in_Quantity.quantity>0.000000</in_Quantity.quantity><out_Quantity.quantity>511.085798</out_Quantity.quantity></Point><Point><position>12913</position><in_Quantity.quantity>0.000000</in_Quantity.quantity><out_Quantity.quantity>225.095107</out_Quantity.quantity></Point><Point><position>12914</position><in_Quantity.quantity>0.000000</in_Quantity.quantity><out_Quantity.quantity>133.873780</out_Quantity.quantity></Point><Point><position>12915</position><in_Quantity.quantity>0.000000</in_Quantity.quantity><out_Quantity.quantity>198.893475</out_Quantity.quantity></Point><Point><position>12916</position><in_Quantity.quantity>0.000000</in_Quantity.quantity><out_Quantity.quantity>830.796020</out_Quantity.quantity></Point><Point><position>12917</position><in_Quantity.quantity>0.000000</in_Quantity.quantity><out_Quantity.quantity>120.162421</out_Quantity.quantity></Point><Point><position>12918</position><in_Quantity.quantity>0.000000</in_Quantity.quantity><out_Quantity.quantity>25.165378</out_Quantity.quantity></Point><Point><position>12919</position><in_Quantity.quantity>0.000000</in_Quantity.quantity><out_Quantity.quantity>354.194215</out_Quantity.quantity></Point><Point><position>12920</position><in_Quantity.quantity>0.000000</in_Quantity.quantity><out_Quantity.quantity>278.072303</out_Quantity.quantity></Point><Point><position>12921</position><in_Quantity.quantity>0.000000</in_Quantity.quantity><out_Quantity.quantity>507.326574</out_Quantity.quantity></Point><Point><position>12922</position><in_Quantity.quantity>0.000000</in_Quantity.quantity><out_Quantity.quantity>206.143409</out_Quantity.quantity></Point><Point><position>12923</position><in_Quantity.quantity>0.000000</in_Quantity.quantity><out_Quantity.quantity>258.331225</out_Quantity.quantity></Point><Point><position>12924</position><in_Quantity.quantity>0.000000</in_Quantity.quantity><out_Quantity.quantity>386.279119</out_Quantity.quantity></Point><Point><position>12925</position><in_Quantity.quantity>0.000000</in_Quantity.quantity><out_Quantity.quantity>918.482874</out_Quantity.quantity></Point><Point><position>12926</position><in_Quantity.quantity>0.000000</in_Quantity.quantity><out_Quantity.quantity>210.039513</out_Quantity.quantity></Point><Point><position>12927</position><in_Quantity.quantity>0.000000</in_Quantity.quantity><out_Quantity.quantity>971.232411</out_Quantity.quantity></Point><Point><position>12928</position><in_Quantity.quantity>0.000000</in_Quantity.quantity><out_Quantity.quantity>72.688526</out_Quantity.quantity></Point><Point><position>12929</position><in_Quantity.quantity>0.000000</in_Quantity.quantity><out_Quantity.quantity>515.530671</out_Quantity.quantity></Point><Point><position>12930</position><in_Quantity.quantity>0.000000</in_Quantity.quantity><out_Quantity.quantity>727.310320</out_Quantity.quantity></Point><Point><position>12931</position><in_Quantity.quantity>0.000000</in_Quantity.quantity><out_Quantity.quantity>670.508094</out_Quantity.quantity></Point><Point><position>12932</position><in_Quantity.quantity>0.000000</in_Quantity.quantity><out_Quantity.quantity>546.943322</out_Quantity.quantity></Point><Point><position>12933</position><in_Quantity.quantity>0.000000</in_Quantity.quantity><out_Quantity.quantity>139.110157</out_Quantity.quantity></Point><Point><position>12934</position><in_Quantity.quantity>0.000000</in_Quantity.quantity><out_Quantity.quantity>249.893749</out_Quantity.quantity></Point><Point><position>12935</position><in_Quantity.quantity>0.000000</in_Quantity.quantity><out_Quantity.quantity>529.220221</out_Quantity.quantity></Point><Point><position>12936</position><in_Quantity.quantity>0.000000</in_Quantity.quantity><out_Quantity.quantity>706.108022</out_Quantity.quantity></Point><Point><position>12937</position><in_Quantity.quantity>0.000000</in_Quantity.quantity><out_Quantity.quantity>168.283460</out_Quantity.quantity></Point><Point><position>12938</position><in_Quantity.quantity>0.000000</in_Quantity.quantity><out_Quantity.quantity>772.513634</out_Quantity.quantity></Point><Point><position>12939</position><in_Quantity.quantity>0.000000</in_Quantity.quantity><out_Quantity.quantity>739.401451</out_Quantity.quantity></Point><Point><position>12940</position><in_Quantity.quantity>0.000000</in_Quantity.quantity><out_Quantity.quantity>349.193170</out_Quantity.quantity></Point><Point><position>12941</position><in_Quantity.quantity>0.000000</in_Quantity.quantity><out_Quantity.quantity>546.553984</out_Quantity.quantity></Point><Point><position>12942</position><in_Quantity.quantity>0.000000</in_Quantity.quantity><out_Quantity.quantity>925.265436</out_Quantity.quantity></Point><Point><position>12943</position><in_Quantity.quantity>0.000000</in_Quantity.quantity><out_Quantity.quantity>202.015749</out_Quantity.quantity></Point><Point><position>12944</position><in_Quantity.quantity>0.000000</in_Quantity.quantity><out_Quantity.quantity>63.842538</out_Quantity.quantity></Point><Point><position>12945</position><in_Quantity.quantity>0.000000</in_Quantity.quantity><out_Quantity.quantity>347.182910</out_Quantity.quantity></Point><Point><position>12946</position><in_Quantity.quantity>0.000000</in_Quantity.quantity><out_Quantity.quantity>556.380546</out_Quantity.quantity></Point><Point><position>12947</position><in_Quantity.quantity>0.000000</in_Quantity.quantity><out_Quantity.quantity>41.617797</out_Quantity.quantity></Point><Point><position>12948</position><in_Quantity.quantity>0.000000</in_Quantity.quantity><out_Quantity.quantity>874.863973</out_Quantity.quantity></Point><Point><position>12949</position><in_Quantity.quantity>0.000000</in_Quantity.quantity><out_Quantity.quantity>417.423452</out_Quantity.quantity></Point><Point><position>12950</position><in_Quantity.quantity>0.000000</in_Quantity.quantity><out_Quantity.quantity>843.320047</out_Quantity.quantity></Point><Point><position>12951</position><in_Quantity.quantity>0.000000</in_Quantity.quantity><out_Quantity.quantity>116.959764</out_Quantity.quantity></Point><Point><position>12952</position><in_Quantity.quantity>0.000000</in_Quantity.quantity><out_Quantity.quantity>974.442507</out_Quantity.quantity></Point><Point><position>12953</position><in_Quantity.quantity>0.000000</in_Quantity.quantity><out_Quantity.quantity>913.816495</out_Quantity.quantity></Point><Point><position>12954</position><in_Quantity.quantity>0.000000</in_Quantity.quantity><out_Quantity.quantity>845.454899</out_Quantity.quantity></Point><Point><position>12955</position><in_Quantity.quantity>0.000000</in_Quantity.quantity><out_Quantity.quantity>639.836774</out_Quantity.quantity></Point><Point><position>12956</position><in_Quantity.quantity>0.000000</in_Quantity.quantity><out_Quantity.quantity>506.331353</out_Quantity.quantity></Point><Point><position>12957</position><in_Quantity.quantity>0.000000</in_Quantity.quantity><out_Quantity.quantity>854.196031</out_Quantity.quantity></Point><Point><position>12958</position><in_Quantity.quantity>0.000000</in_Quantity.quantity><out_Quantity.quantity>528.506995</out_Quantity.quantity></Point><Point><position>12959</position><in_Quantity.quantity>0.000000</in_Quantity.quantity><out_Quantity.quantity>217.123135</out_Quantity.quantity></Point><Point><position>12960</position><in_Quantity.quantity>0.000000</in_Quantity.quantity><out_Quantity.quantity>248.453322</out_Quantity.quantity></Point><Point><position>12961</position><in_Quantity.quantity>0.000000</in_Quantity.quantity><out_Quantity.quantity>182.975677</out_Quantity.quantity></Point><Point><position>12962</position><in_Quantity.quantity>0.000000</in_Quantity.quantity><out_Quantity.quantity>252.841643</out_Quantity.quantity></Point><Point><position>12963</position><in_Quantity.quantity>0.000000</in_Quantity.quantity><out_Quantity.quantity>750.645831</out_Quantity.quantity></Point><Point><position>12964</position><in_Quantity.quantity>0.000000</in_Quantity.quantity><out_Quantity.quantity>96.650887</out_Quantity.quantity></Point><Point><position>12965</position><in_Quantity.quantity>0.000000</in_Quantity.quantity><out_Quantity.quantity>968.189825</out_Quantity.quantity></Point><Point><position>12966</position><in_Quantity.quantity>0.000000</in_Quantity.quantity><out_Quantity.quantity>930.642516</out_Quantity.quantity></Point><Point><position>12967</position><in_Quantity.quantity>0.000000</in_Quantity.quantity><out_Quantity.quantity>861.768228</out_Quantity.quantity></Point><Point><position>12968</position><in_Quantity.quantity>0.000000</in_Quantity.quantity><out_Quantity.quantity>374.441007</out_Quantity.quantity></Point><Point><position>12969</position><in_Quantity.quantity>0.000000</in_Quantity.quantity><out_Quantity.quantity>323.328805</out_Quantity.quantity></Point><Point><position>12970</position><in_Quantity.quantity>0.000000</in_Quantity.quantity><out_Quantity.quantity>276.607103</out_Quantity.quantity></Point><Point><position>12971</position><in_Quantity.quantity>0.000000</in_Quantity.quantity><out_Quantity.quantity>311.931765</out_Quantity.quantity></Point><Point><position>12972</position><in_Quantity.quantity>0.000000</in_Quantity.quantity><out_Quantity.quantity>357.545316</out_Quantity.quantity></Point><Point><position>12973</position><in_Quantity.quantity>0.000000</in_Quantity.quantity><out_Quantity.quantity>506.192603</out_Quantity.quantity></Point><Point><position>12974</position><in_Quantity.quantity>0.000000</in_Quantity.quantity><out_Quantity.quantity>984.828483</out_Quantity.quantity></Point><Point><position>12975</position><in_Quantity.quantity>0.000000</in_Quantity.quantity><out_Quantity.quantity>928.236807</out_Quantity.quantity></Point><Point><position>12976</position><in_Quantity.quantity>0.000000</in_Quantity.quantity><out_Quantity.quantity>352.288100</out_Quantity.quantity></Point><Point><position>12977</position><in_Quantity.quantity>0.000000</in_Quantity.quantity><out_Quantity.quantity>80.590026</out_Quantity.quantity></Point><Point><position>12978</position><in_Quantity.quantity>0.000000</in_Quantity.quantity><out_Quantity.quantity>801.674693</out_Quantity.quantity></Point><Point><position>12979</position><in_Quantity.quantity>0.000000</in_Quantity.quantity><out_Quantity.quantity>262.637676</out_Quantity.quantity></Point><Point><position>12980</position><in_Quantity.quantity>0.000000</in_Quantity.quantity><out_Quantity.quantity>818.125838</out_Quantity.quantity></Point><Point><position>12981</position><in_Quantity.quantity>0.000000</in_Quantity.quantity><out_Quantity.quantity>215.762085</out_Quantity.quantity></Point><Point><position>12982</position><in_Quantity.quantity>0.000000</in_Quantity.quantity><out_Quantity.quantity>579.827573</out_Quantity.quantity></Point><Point><position>12983</position><in_Quantity.quantity>0.000000</in_Quantity.quantity><out_Quantity.quantity>83.803357</out_Quantity.quantity></Point><Point><position>12984</position><in_Quantity.quantity>0.000000</in_Quantity.quantity><out_Quantity.quantity>36.713858</out_Quantity.quantity></Point><Point><position>12985</position><in_Quantity.quantity>0.000000</in_Quantity.quantity><out_Quantity.quantity>155.392488</out_Quantity.quantity></Point><Point><position>12986</position><in_Quantity.quantity>0.000000</in_Quantity.quantity><out_Quantity.quantity>951.613802</out_Quantity.quantity></Point><Point><position>12987</position><in_Quantity.quantity>0.000000</in_Quantity.quantity><out_Quantity.quantity>157.818971</out_Quantity.quantity></Point><Point><position>12988</position><in_Quantity.quantity>0.000000</in_Quantity.quantity><out_Quantity.quantity>951.892673</out_Quantity.quantity></Point><Point><position>12989</position><in_Quantity.quantity>0.000000</in_Quantity.quantity><out_Quantity.quantity>528.579045</out_Quantity.quantity></Point><Point><position>12990</position><in_Quantity.quantity>0.000000</in_Quantity.quantity><out_Quantity.quantity>378.325087</out_Quantity.quantity></Point><Point><position>12991</position><in_Quantity.quantity>0.000000</in_Quantity.quantity><out_Quantity.quantity>512.576026</out_Quantity.quantity></Point><Point><position>12992</position><in_Quantity.quantity>0.000000</in_Quantity.quantity><out_Quantity.quantity>678.540103</out_Quantity.quantity></Point><Point><position>12993</position><in_Quantity.quantity>0.000000</in_Quantity.quantity><out_Quantity.quantity>820.188254</out_Quantity.quantity></Point><Point><position>12994</position><in_Quantity.quantity>0.000000</in_Quantity.quantity><out_Quantity.quantity>81.473922</out_Quantity.quantity></Point><Point><position>12995</position><in_Quantity.quantity>0.000000</in_Quantity.quantity><out_Quantity.quantity>696.766971</out_Quantity.quantity></Point><Point><position>12996</position><in_Quantity.quantity>0.000000</in_Quantity.quantity><out_Quantity.quantity>978.331517</out_Quantity.quantity></Point><Point><position>12997</position><in_Quantity.quantity>0.000000</in_Quantity.quantity><out_Quantity.quantity>642.570422</out_Quantity.quantity></Point><Point><position>12998</position><in_Quantity.quantity>0.000000</in_Quantity.quantity><out_Quantity.quantity>570.014329</out_Quantity.quantity></Point><Point><position>12999</position><in_Quantity.quantity>0.000000</in_Quantity.quantity><out_Quantity.quantity>802.892175</out_Quantity.quantity></Point><Point><position>13000</position><in_Quantity.quantity>0.000000</in_Quantity.quantity><out_Quantity.quantity>346.172182</out_Quantity.quantity></Point><Point><position>13001</position><in_Quantity.quantity>0.000000</in_Quantity.quantity><out_Quantity.quantity>458.520490</out_Quantity.quantity></Point><Point><position>13002</position><in_Quantity.quantity>0.000000</in_Quantity.quantity><out_Quantity.quantity>275.051296</out_Quantity.quantity></Point><Point><position>13003</position><in_Quantity.quantity>0.000000</in_Quantity.quantity><out_Quantity.quantity>900.183333</out_Quantity.quantity></Point><Point><position>13004</position><in_Quantity.quantity>0.000000</in_Quantity.quantity><out_Quantity.quantity>677.085333</out_Quantity.quantity></Point><Point><position>13005</position><in_Quantity.quantity>0.000000</in_Quantity.quantity><out_Quantity.quantity>549.863447</out_Quantity.quantity></Point><Point><position>13006</position><in_Quantity.quantity>0.000000</in_Quantity.quantity><out_Quantity.quantity>54.650440</out_Quantity.quantity></Point><Point><position>13007</position><in_Quantity.quantity>0.000000</in_Quantity.quantity><out_Quantity.quantity>968.873066</out_Quantity.quantity></Point><Point><position>13008</position><in_Quantity.quantity>0.000000</in_Quantity.quantity><out_Quantity.quantity>891.924561</out_Quantity.quantity></Point><Point><position>13009</position><in_Quantity.quantity>0.000000</in_Quantity.quantity><out_Quantity.quantity>188.851191</out_Quantity.quantity></Point><Point><position>13010</position><in_Quantity.quantity>0.000000</in_Quantity.quantity><out_Quantity.quantity>918.101341</out_Quantity.quantity></Point><Point><position>13011</position><in_Quantity.quantity>0.000000</in_Quantity.quantity><out_Quantity.quantity>957.741917</out_Quantity.quantity></Point><Point><position>13012</position><in_Quantity.quantity>0.000000</in_Quantity.quantity><out_Quantity.quantity>91.140018</out_Quantity.quantity></Point><Point><position>13013</position><in_Quantity.quantity>0.000000</in_Quantity.quantity><out_Quantity.quantity>428.023705</out_Quantity.quantity></Point><Point><position>13014</position><in_Quantity.quantity>0.000000</in_Quantity.quantity><out_Quantity.quantity>119.543900</out_Quantity.quantity></Point><Point><position>13015</position><in_Quantity.quantity>0.000000</in_Quantity.quantity><out_Quantity.quantity>79.161662</out_Quantity.quantity></Point><Point><position>13016</position><in_Quantity.quantity>0.000000</in_Quantity.quantity><out_Quantity.quantity>915.923668</out_Quantity.quantity></Point><Point><position>13017</position><in_Quantity.quantity>0.000000</in_Quantity.quantity><out_Quantity.quantity>596.302501</out_Quantity.quantity></Point><Point><position>13018</position><in_Quantity.quantity>0.000000</in_Quantity.quantity><out_Quantity.quantity>4.769234</out_Quantity.quantity></Point><Point><position>13019</position><in_Quantity.quantity>0.000000</in_Quantity.quantity><out_Quantity.quantity>901.006925</out_Quantity.quantity></Point><Point><position>13020</position><in_Quantity.quantity>0.000000</in_Quantity.quantity><out_Quantity.quantity>735.784311</out_Quantity.quantity></Point><Point><position>13021</position><in_Quantity.quantity>0.000000</in_Quantity.quantity><out_Quantity.quantity>240.613881</out_Quantity.quantity></Point><Point><position>13022</position><in_Quantity.quantity>0.000000</in_Quantity.quantity><out_Quantity.quantity>571.501842</out_Quantity.quantity></Point><Point><position>13023</position><in_Quantity.quantity>0.000000</in_Quantity.quantity><out_Quantity.quantity>788.489708</out_Quantity.quantity></Point><Point><position>13024</position><in_Quantity.quantity>0.000000</in_Quantity.quantity><out_Quantity.quantity>786.864026</out_Quantity.quantity></Point><Point><position>13025</position><in_Quantity.quantity>0.000000</in_Quantity.quantity><out_Quantity.quantity>47.181824</out_Quantity.quantity></Point><Point><position>13026</position><in_Quantity.quantity>0.000000</in_Quantity.quantity><out_Quantity.quantity>861.740933</out_Quantity.quantity></Point><Point><position>13027</position><in_Quantity.quantity>0.000000</in_Quantity.quantity><out_Quantity.quantity>826.853811</out_Quantity.quantity></Point><Point><position>13028</position><in_Quantity.quantity>0.000000</in_Quantity.quantity><out_Quantity.quantity>727.908285</out_Quantity.quantity></Point><Point><position>13029</position><in_Quantity.quantity>0.000000</in_Quantity.quantity><out_Quantity.quantity>267.731712</out_Quantity.quantity></Point><Point><position>13030</position><in_Quantity.quantity>0.000000</in_Quantity.quantity><out_Quantity.quantity>475.733873</out_Quantity.quantity></Point><Point><position>13031</position><in_Quantity.quantity>0.000000</in_Quantity.quantity><out_Quantity.quantity>420.390521</out_Quantity.quantity></Point><Point><position>13032</position><in_Quantity.quantity>0.000000</in_Quantity.quantity><out_Quantity.quantity>84.655706</out_Quantity.quantity></Point><Point><position>13033</position><in_Quantity.quantity>0.000000</in_Quantity.quantity><out_Quantity.quantity>364.323475</out_Quantity.quantity></Point><Point><position>13034</position><in_Quantity.quantity>0.000000</in_Quantity.quantity><out_Quantity.quantity>909.437634</out_Quantity.quantity></Point><Point><position>13035</position><in_Quantity.quantity>0.000000</in_Quantity.quantity><out_Quantity.quantity>369.713690</out_Quantity.quantity></Point><Point><position>13036</position><in_Quantity.quantity>0.000000</in_Quantity.quantity><out_Quantity.quantity>373.496317</out_Quantity.quantity></Point><Point><position>13037</position><in_Quantity.quantity>0.000000</in_Quantity.quantity><out_Quantity.quantity>425.798115</out_Quantity.quantity></Point><Point><position>13038</position><in_Quantity.quantity>0.000000</in_Quantity.quantity><out_Quantity.quantity>714.122765</out_Quantity.quantity></Point><Point><position>13039</position><in_Quantity.quantity>0.000000</in_Quantity.quantity><out_Quantity.quantity>983.343602</out_Quantity.quantity></Point><Point><position>13040</position><in_Quantity.quantity>0.000000</in_Quantity.quantity><out_Quantity.quantity>997.831143</out_Quantity.quantity></Point><Point><position>13041</position><in_Quantity.quantity>0.000000</in_Quantity.quantity><out_Quantity.quantity>438.091106</out_Quantity.quantity></Point><Point><position>13042</position><in_Quantity.quantity>0.000000</in_Quantity.quantity><out_Quantity.quantity>975.972012</out_Quantity.quantity></Point><Point><position>13043</position><in_Quantity.quantity>0.000000</in_Quantity.quantity><out_Quantity.quantity>791.510483</out_Quantity.quantity></Point><Point><position>13044</position><in_Quantity.quantity>0.000000</in_Quantity.quantity><out_Quantity.quantity>546.935723</out_Quantity.quantity></Point><Point><position>13045</position><in_Quantity.quantity>0.000000</in_Quantity.quantity><out_Quantity.quantity>524.023788</out_Quantity.quantity></Point><Point><position>13046</position><in_Quantity.quantity>0.000000</in_Quantity.quantity><out_Quantity.quantity>799.091665</out_Quantity.quantity></Point><Point><position>13047</position><in_Quantity.quantity>0.000000</in_Quantity.quantity><out_Quantity.quantity>436.496254</out_Quantity.quantity></Point><Point><position>13048</position><in_Quantity.quantity>0.000000</in_Quantity.quantity><out_Quantity.quantity>379.521894</out_Quantity.quantity></Point><Point><position>13049</position><in_Quantity.quantity>0.000000</in_Quantity.quantity><out_Quantity.quantity>478.894010</out_Quantity.quantity></Point><Point><position>13050</position><in_Quantity.quantity>0.000000</in_Quantity.quantity><out_Quantity.quantity>75.730427</out_Quantity.quantity></Point><Point><position>13051</position><in_Quantity.quantity>0.000000</in_Quantity.quantity><out_Quantity.quantity>565.128839</out_Quantity.quantity></Point><Point><position>13052</position><in_Quantity.quantity>0.000000</in_Quantity.quantity><out_Quantity.quantity>984.947880</out_Quantity.quantity></Point><Point><position>13053</position><in_Quantity.quantity>0.000000</in_Quantity.quantity><out_Quantity.quantity>120.259512</out_Quantity.quantity></Point><Point><position>13054</position><in_Quantity.quantity>0.000000</in_Quantity.quantity><out_Quantity.quantity>603.660660</out_Quantity.quantity></Point><Point><position>13055</position><in_Quantity.quantity>0.000000</in_Quantity.quantity><out_Quantity.quantity>79.124475</out_Quantity.quantity></Point><Point><position>13056</position><in_Quantity.quantity>0.000000</in_Quantity.quantity><out_Quantity.quantity>523.676761</out_Quantity.quantity></Point><Point><position>13057</position><in_Quantity.quantity>0.000000</in_Quantity.quantity><out_Quantity.quantity>726.339708</out_Quantity.quantity></Point><Point><position>13058</position><in_Quantity.quantity>0.000000</in_Quantity.quantity><out_Quantity.quantity>369.062848</out_Quantity.quantity></Point><Point><position>13059</position><in_Quantity.quantity>0.000000</in_Quantity.quantity><out_Quantity.quantity>275.471823</out_Quantity.quantity></Point><Point><position>13060</position><in_Quantity.quantity>0.000000</in_Quantity.quantity><out_Quantity.quantity>295.140207</out_Quantity.quantity></Point><Point><position>13061</position><in_Quantity.quantity>0.000000</in_Quantity.quantity><out_Quantity.quantity>991.587551</out_Quantity.quantity></Point><Point><position>13062</position><in_Quantity.quantity>0.000000</in_Quantity.quantity><out_Quantity.quantity>576.151459</out_Quantity.quantity></Point><Point><position>13063</position><in_Quantity.quantity>0.000000</in_Quantity.quantity><out_Quantity.quantity>800.763381</out_Quantity.quantity></Point><Point><position>13064</position><in_Quantity.quantity>0.000000</in_Quantity.quantity><out_Quantity.quantity>466.351363</out_Quantity.quantity></Point><Point><position>13065</position><in_Quantity.quantity>0.000000</in_Quantity.quantity><out_Quantity.quantity>79.722492</out_Quantity.quantity></Point><Point><position>13066</position><in_Quantity.quantity>0.000000</in_Quantity.quantity><out_Quantity.quantity>480.141673</out_Quantity.quantity></Point><Point><position>13067</position><in_Quantity.quantity>0.000000</in_Quantity.quantity><out_Quantity.quantity>169.701750</out_Quantity.quantity></Point><Point><position>13068</position><in_Quantity.quantity>0.000000</in_Quantity.quantity><out_Quantity.quantity>429.645429</out_Quantity.quantity></Point><Point><position>13069</position><in_Quantity.quantity>0.000000</in_Quantity.quantity><out_Quantity.quantity>27.355392</out_Quantity.quantity></Point><Point><position>13070</position><in_Quantity.quantity>0.000000</in_Quantity.quantity><out_Quantity.quantity>797.830697</out_Quantity.quantity></Point><Point><position>13071</position><in_Quantity.quantity>0.000000</in_Quantity.quantity><out_Quantity.quantity>347.480643</out_Quantity.quantity></Point><Point><position>13072</position><in_Quantity.quantity>0.000000</in_Quantity.quantity><out_Quantity.quantity>985.455679</out_Quantity.quantity></Point><Point><position>13073</position><in_Quantity.quantity>0.000000</in_Quantity.quantity><out_Quantity.quantity>948.879469</out_Quantity.quantity></Point><Point><position>13074</position><in_Quantity.quantity>0.000000</in_Quantity.quantity><out_Quantity.quantity>652.484002</out_Quantity.quantity></Point><Point><position>13075</position><in_Quantity.quantity>0.000000</in_Quantity.quantity><out_Quantity.quantity>241.607173</out_Quantity.quantity></Point><Point><position>13076</position><in_Quantity.quantity>0.000000</in_Quantity.quantity><out_Quantity.quantity>353.936365</out_Quantity.quantity></Point><Point><position>13077</position><in_Quantity.quantity>0.000000</in_Quantity.quantity><out_Quantity.quantity>16.719457</out_Quantity.quantity></Point><Point><position>13078</position><in_Quantity.quantity>0.000000</in_Quantity.quantity><out_Quantity.quantity>256.200100</out_Quantity.quantity></Point><Point><position>13079</position><in_Quantity.quantity>0.000000</in_Quantity.quantity><out_Quantity.quantity>225.722078</out_Quantity.quantity></Point><Point><position>13080</position><in_Quantity.quantity>0.000000</in_Quantity.quantity><out_Quantity.quantity>433.563664</out_Quantity.quantity></Point><Point><position>13081</position><in_Quantity.quantity>0.000000</in_Quantity.quantity><out_Quantity.quantity>765.448670</out_Quantity.quantity></Point><Point><position>13082</position><in_Quantity.quantity>0.000000</in_Quantity.quantity><out_Quantity.quantity>763.166650</out_Quantity.quantity></Point><Point><position>13083</position><in_Quantity.quantity>0.000000</in_Quantity.quantity><out_Quantity.quantity>244.971928</out_Quantity.quantity></Point><Point><position>13084</position><in_Quantity.quantity>0.000000</in_Quantity.quantity><out_Quantity.quantity>603.620448</out_Quantity.quantity></Point><Point><position>13085</position><in_Quantity.quantity>0.000000</in_Quantity.quantity><out_Quantity.quantity>995.594783</out_Quantity.quantity></Point><Point><position>13086</position><in_Quantity.quantity>0.000000</in_Quantity.quantity><out_Quantity.quantity>883.605465</out_Quantity.quantity></Point><Point><position>13087</position><in_Quantity.quantity>0.000000</in_Quantity.quantity><out_Quantity.quantity>607.668921</out_Quantity.quantity></Point><Point><position>13088</position><in_Quantity.quantity>0.000000</in_Quantity.quantity><out_Quantity.quantity>224.643811</out_Quantity.quantity></Point><Point><position>13089</position><in_Quantity.quantity>0.000000</in_Quantity.quantity><out_Quantity.quantity>848.862704</out_Quantity.quantity></Point><Point><position>13090</position><in_Quantity.quantity>0.000000</in_Quantity.quantity><out_Quantity.quantity>153.025711</out_Quantity.quantity></Point><Point><position>13091</position><in_Quantity.quantity>0.000000</in_Quantity.quantity><out_Quantity.quantity>135.998492</out_Quantity.quantity></Point><Point><position>13092</position><in_Quantity.quantity>0.000000</in_Quantity.quantity><out_Quantity.quantity>778.507231</out_Quantity.quantity></Point><Point><position>13093</position><in_Quantity.quantity>0.000000</in_Quantity.quantity><out_Quantity.quantity>402.231387</out_Quantity.quantity></Point><Point><position>13094</position><in_Quantity.quantity>0.000000</in_Quantity.quantity><out_Quantity.quantity>507.474454</out_Quantity.quantity></Point><Point><position>13095</position><in_Quantity.quantity>0.000000</in_Quantity.quantity><out_Quantity.quantity>409.491342</out_Quantity.quantity></Point><Point><position>13096</position><in_Quantity.quantity>0.000000</in_Quantity.quantity><out_Quantity.quantity>646.233483</out_Quantity.quantity></Point><Point><position>13097</position><in_Quantity.quantity>0.000000</in_Quantity.quantity><out_Quantity.quantity>747.408878</out_Quantity.quantity></Point><Point><position>13098</position><in_Quantity.quantity>0.000000</in_Quantity.quantity><out_Quantity.quantity>532.465611</out_Quantity.quantity></Point><Point><position>13099</position><in_Quantity.quantity>0.000000</in_Quantity.quantity><out_Quantity.quantity>713.903093</out_Quantity.quantity></Point><Point><position>13100</position><in_Quantity.quantity>0.000000</in_Quantity.quantity><out_Quantity.quantity>854.948892</out_Quantity.quantity></Point><Point><position>13101</position><in_Quantity.quantity>0.000000</in_Quantity.quantity><out_Quantity.quantity>770.922105</out_Quantity.quantity></Point><Point><position>13102</position><in_Quantity.quantity>0.000000</in_Quantity.quantity><out_Quantity.quantity>9.391792</out_Quantity.quantity></Point><Point><position>13103</position><in_Quantity.quantity>0.000000</in_Quantity.quantity><out_Quantity.quantity>455.868806</out_Quantity.quantity></Point><Point><position>13104</position><in_Quantity.quantity>0.000000</in_Quantity.quantity><out_Quantity.quantity>510.024551</out_Quantity.quantity></Point><Point><position>13105</position><in_Quantity.quantity>0.000000</in_Quantity.quantity><out_Quantity.quantity>843.242550</out_Quantity.quantity></Point><Point><position>13106</position><in_Quantity.quantity>0.000000</in_Quantity.quantity><out_Quantity.quantity>185.157032</out_Quantity.quantity></Point><Point><position>13107</position><in_Quantity.quantity>0.000000</in_Quantity.quantity><out_Quantity.quantity>319.162914</out_Quantity.quantity></Point><Point><position>13108</position><in_Quantity.quantity>0.000000</in_Quantity.quantity><out_Quantity.quantity>687.208472</out_Quantity.quantity></Point><Point><position>13109</position><in_Quantity.quantity>0.000000</in_Quantity.quantity><out_Quantity.quantity>357.375898</out_Quantity.quantity></Point><Point><position>13110</position><in_Quantity.quantity>0.000000</in_Quantity.quantity><out_Quantity.quantity>586.669369</out_Quantity.quantity></Point><Point><position>13111</position><in_Quantity.quantity>0.000000</in_Quantity.quantity><out_Quantity.quantity>257.832837</out_Quantity.quantity></Point><Point><position>13112</position><in_Quantity.quantity>0.000000</in_Quantity.quantity><out_Quantity.quantity>66.379803</out_Quantity.quantity></Point><Point><position>13113</position><in_Quantity.quantity>0.000000</in_Quantity.quantity><out_Quantity.quantity>712.390263</out_Quantity.quantity></Point><Point><position>13114</position><in_Quantity.quantity>0.000000</in_Quantity.quantity><out_Quantity.quantity>800.667704</out_Quantity.quantity></Point><Point><position>13115</position><in_Quantity.quantity>0.000000</in_Quantity.quantity><out_Quantity.quantity>511.572857</out_Quantity.quantity></Point><Point><position>13116</position><in_Quantity.quantity>0.000000</in_Quantity.quantity><out_Quantity.quantity>387.410599</out_Quantity.quantity></Point><Point><position>13117</position><in_Quantity.quantity>0.000000</in_Quantity.quantity><out_Quantity.quantity>414.876781</out_Quantity.quantity></Point><Point><position>13118</position><in_Quantity.quantity>0.000000</in_Quantity.quantity><out_Quantity.quantity>894.905789</out_Quantity.quantity></Point><Point><position>13119</position><in_Quantity.quantity>0.000000</in_Quantity.quantity><out_Quantity.quantity>132.518531</out_Quantity.quantity></Point><Point><position>13120</position><in_Quantity.quantity>0.000000</in_Quantity.quantity><out_Quantity.quantity>513.825359</out_Quantity.quantity></Point><Point><position>13121</position><in_Quantity.quantity>0.000000</in_Quantity.quantity><out_Quantity.quantity>855.174562</out_Quantity.quantity></Point><Point><position>13122</position><in_Quantity.quantity>0.000000</in_Quantity.quantity><out_Quantity.quantity>255.282462</out_Quantity.quantity></Point><Point><position>13123</position><in_Quantity.quantity>0.000000</in_Quantity.quantity><out_Quantity.quantity>607.990327</out_Quantity.quantity></Point><Point><position>13124</position><in_Quantity.quantity>0.000000</in_Quantity.quantity><out_Quantity.quantity>162.665975</out_Quantity.quantity></Point><Point><position>13125</position><in_Quantity.quantity>0.000000</in_Quantity.quantity><out_Quantity.quantity>447.658293</out_Quantity.quantity></Point><Point><position>13126</position><in_Quantity.quantity>0.000000</in_Quantity.quantity><out_Quantity.quantity>487.512439</out_Quantity.quantity></Point><Point><position>13127</position><in_Quantity.quantity>0.000000</in_Quantity.quantity><out_Quantity.quantity>812.682393</out_Quantity.quantity></Point><Point><position>13128</position><in_Quantity.quantity>0.000000</in_Quantity.quantity><out_Quantity.quantity>784.219595</out_Quantity.quantity></Point><Point><position>13129</position><in_Quantity.quantity>0.000000</in_Quantity.quantity><out_Quantity.quantity>99.575078</out_Quantity.quantity></Point><Point><position>13130</position><in_Quantity.quantity>0.000000</in_Quantity.quantity><out_Quantity.quantity>690.391197</out_Quantity.quantity></Point><Point><position>13131</position><in_Quantity.quantity>0.000000</in_Quantity.quantity><out_Quantity.quantity>605.428169</out_Quantity.quantity></Point><Point><position>13132</position><in_Quantity.quantity>0.000000</in_Quantity.quantity><out_Quantity.quantity>70.969889</out_Quantity.quantity></Point><Point><position>13133</position><in_Quantity.quantity>0.000000</in_Quantity.quantity><out_Quantity.quantity>460.373937</out_Quantity.quantity></Point><Point><position>13134</position><in_Quantity.quantity>0.000000</in_Quantity.quantity><out_Quantity.quantity>996.560172</out_Quantity.quantity></Point><Point><position>13135</position><in_Quantity.quantity>0.000000</in_Quantity.quantity><out_Quantity.quantity>728.952996</out_Quantity.quantity></Point><Point><position>13136</position><in_Quantity.quantity>0.000000</in_Quantity.quantity><out_Quantity.quantity>538.764588</out_Quantity.quantity></Point><Point><position>13137</position><in_Quantity.quantity>0.000000</in_Quantity.quantity><out_Quantity.quantity>260.204754</out_Quantity.quantity></Point><Point><position>13138</position><in_Quantity.quantity>0.000000</in_Quantity.quantity><out_Quantity.quantity>141.679435</out_Quantity.quantity></Point><Point><position>13139</position><in_Quantity.quantity>0.000000</in_Quantity.quantity><out_Quantity.quantity>976.828471</out_Quantity.quantity></Point><Point><position>13140</position><in_Quantity.quantity>0.000000</in_Quantity.quantity><out_Quantity.quantity>203.448254</out_Quantity.quantity></Point><Point><position>13141</position><in_Quantity.quantity>0.000000</in_Quantity.quantity><out_Quantity.quantity>831.451262</out_Quantity.quantity></Point><Point><position>13142</position><in_Quantity.quantity>0.000000</in_Quantity.quantity><out_Quantity.quantity>491.329629</out_Quantity.quantity></Point><Point><position>13143</position><in_Quantity.quantity>0.000000</in_Quantity.quantity><out_Quantity.quantity>957.422427</out_Quantity.quantity></Point><Point><position>13144</position><in_Quantity.quantity>0.000000</in_Quantity.quantity><out_Quantity.quantity>115.304582</out_Quantity.quantity></Point><Point><position>13145</position><in_Quantity.quantity>0.000000</in_Quantity.quantity><out_Quantity.quantity>648.468478</out_Quantity.quantity></Point><Point><position>13146</position><in_Quantity.quantity>0.000000</in_Quantity.quantity><out_Quantity.quantity>973.683490</out_Quantity.quantity></Point><Point><position>13147</position><in_Quantity.quantity>0.000000</in_Quantity.quantity><out_Quantity.quantity>838.893356</out_Quantity.quantity></Point><Point><position>13148</position><in_Quantity.quantity>0.000000</in_Quantity.quantity><out_Quantity.quantity>173.266846</out_Quantity.quantity></Point><Point><position>13149</position><in_Quantity.quantity>0.000000</in_Quantity.quantity><out_Quantity.quantity>10.942955</out_Quantity.quantity></Point><Point><position>13150</position><in_Quantity.quantity>0.000000</in_Quantity.quantity><out_Quantity.quantity>726.084071</out_Quantity.quantity></Point><Point><position>13151</position><in_Quantity.quantity>0.000000</in_Quantity.quantity><out_Quantity.quantity>585.403287</out_Quantity.quantity></Point><Point><position>13152</position><in_Quantity.quantity>0.000000</in_Quantity.quantity><out_Quantity.quantity>682.086238</out_Quantity.quantity></Point><Point><position>13153</position><in_Quantity.quantity>0.000000</in_Quantity.quantity><out_Quantity.quantity>476.632778</out_Quantity.quantity></Point><Point><position>13154</position><in_Quantity.quantity>0.000000</in_Quantity.quantity><out_Quantity.quantity>801.174529</out_Quantity.quantity></Point><Point><position>13155</position><in_Quantity.quantity>0.000000</in_Quantity.quantity><out_Quantity.quantity>618.923720</out_Quantity.quantity></Point><Point><position>13156</position><in_Quantity.quantity>0.000000</in_Quantity.quantity><out_Quantity.quantity>870.047830</out_Quantity.quantity></Point><Point><position>13157</position><in_Quantity.quantity>0.000000</in_Quantity.quantity><out_Quantity.quantity>764.704951</out_Quantity.quantity></Point><Point><position>13158</position><in_Quantity.quantity>0.000000</in_Quantity.quantity><out_Quantity.quantity>110.943978</out_Quantity.quantity></Point><Point><position>13159</position><in_Quantity.quantity>0.000000</in_Quantity.quantity><out_Quantity.quantity>545.204805</out_Quantity.quantity></Point><Point><position>13160</position><in_Quantity.quantity>0.000000</in_Quantity.quantity><out_Quantity.quantity>269.436357</out_Quantity.quantity></Point><Point><position>13161</position><in_Quantity.quantity>0.000000</in_Quantity.quantity><out_Quantity.quantity>201.748493</out_Quantity.quantity></Point><Point><position>13162</position><in_Quantity.quantity>0.000000</in_Quantity.quantity><out_Quantity.quantity>210.821483</out_Quantity.quantity></Point><Point><position>13163</position><in_Quantity.quantity>0.000000</in_Quantity.quantity><out_Quantity.quantity>489.739610</out_Quantity.quantity></Point><Point><position>13164</position><in_Quantity.quantity>0.000000</in_Quantity.quantity><out_Quantity.quantity>910.311271</out_Quantity.quantity></Point><Point><position>13165</position><in_Quantity.quantity>0.000000</in_Quantity.quantity><out_Quantity.quantity>53.398542</out_Quantity.quantity></Point><Point><position>13166</position><in_Quantity.quantity>0.000000</in_Quantity.quantity><out_Quantity.quantity>774.277564</out_Quantity.quantity></Point><Point><position>13167</position><in_Quantity.quantity>0.000000</in_Quantity.quantity><out_Quantity.quantity>530.218041</out_Quantity.quantity></Point><Point><position>13168</position><in_Quantity.quantity>0.000000</in_Quantity.quantity><out_Quantity.quantity>178.799062</out_Quantity.quantity></Point><Point><position>13169</position><in_Quantity.quantity>0.000000</in_Quantity.quantity><out_Quantity.quantity>93.314968</out_Quantity.quantity></Point><Point><position>13170</position><in_Quantity.quantity>0.000000</in_Quantity.quantity><out_Quantity.quantity>805.422558</out_Quantity.quantity></Point><Point><position>13171</position><in_Quantity.quantity>0.000000</in_Quantity.quantity><out_Quantity.quantity>616.803526</out_Quantity.quantity></Point><Point><position>13172</position><in_Quantity.quantity>0.000000</in_Quantity.quantity><out_Quantity.quantity>530.933500</out_Quantity.quantity></Point><Point><position>13173</position><in_Quantity.quantity>0.000000</in_Quantity.quantity><out_Quantity.quantity>281.690972</out_Quantity.quantity></Point><Point><position>13174</position><in_Quantity.quantity>0.000000</in_Quantity.quantity><out_Quantity.quantity>727.904713</out_Quantity.quantity></Point><Point><position>13175</position><in_Quantity.quantity>0.000000</in_Quantity.quantity><out_Quantity.quantity>217.138182</out_Quantity.quantity></Point><Point><position>13176</position><in_Quantity.quantity>0.000000</in_Quantity.quantity><out_Quantity.quantity>815.074355</out_Quantity.quantity></Point><Point><position>13177</position><in_Quantity.quantity>0.000000</in_Quantity.quantity><out_Quantity.quantity>581.918570</out_Quantity.quantity></Point><Point><position>13178</position><in_Quantity.quantity>0.000000</in_Quantity.quantity><out_Quantity.quantity>284.188210</out_Quantity.quantity></Point><Point><position>13179</position><in_Quantity.quantity>0.000000</in_Quantity.quantity><out_Quantity.quantity>957.015193</out_Quantity.quantity></Point><Point><position>13180</position><in_Quantity.quantity>0.000000</in_Quantity.quantity><out_Quantity.quantity>599.487694</out_Quantity.quantity></Point><Point><position>13181</position><in_Quantity.quantity>0.000000</in_Quantity.quantity><out_Quantity.quantity>155.187831</out_Quantity.quantity></Point><Point><position>13182</position><in_Quantity.quantity>0.000000</in_Quantity.quantity><out_Quantity.quantity>192.190726</out_Quantity.quantity></Point><Point><position>13183</position><in_Quantity.quantity>0.000000</in_Quantity.quantity><out_Quantity.quantity>271.399307</out_Quantity.quantity></Point><Point><position>13184</position><in_Quantity.quantity>0.000000</in_Quantity.quantity><out_Quantity.quantity>349.856656</out_Quantity.quantity></Point><Point><position>13185</position><in_Quantity.quantity>0.000000</in_Quantity.quantity><out_Quantity.quantity>384.471086</out_Quantity.quantity></Point><Point><position>13186</position><in_Quantity.quantity>0.000000</in_Quantity.quantity><out_Quantity.quantity>774.992042</out_Quantity.quantity></Point><Point><position>13187</position><in_Quantity.quantity>0.000000</in_Quantity.quantity><out_Quantity.quantity>395.037516</out_Quantity.quantity></Point><Point><position>13188</position><in_Quantity.quantity>0.000000</in_Quantity.quantity><out_Quantity.quantity>79.825486</out_Quantity.quantity></Point><Point><position>13189</position><in_Quantity.quantity>0.000000</in_Quantity.quantity><out_Quantity.quantity>537.787054</out_Quantity.quantity></Point><Point><position>13190</position><in_Quantity.quantity>0.000000</in_Quantity.quantity><out_Quantity.quantity>983.312855</out_Quantity.quantity></Point><Point><position>13191</position><in_Quantity.quantity>0.000000</in_Quantity.quantity><out_Quantity.quantity>23.728006</out_Quantity.quantity></Point><Point><position>13192</position><in_Quantity.quantity>0.000000</in_Quantity.quantity><out_Quantity.quantity>613.918729</out_Quantity.quantity></Point><Point><position>13193</position><in_Quantity.quantity>0.000000</in_Quantity.quantity><out_Quantity.quantity>21.055531</out_Quantity.quantity></Point><Point><position>13194</position><in_Quantity.quantity>0.000000</in_Quantity.quantity><out_Quantity.quantity>659.024194</out_Quantity.quantity></Point><Point><position>13195</position><in_Quantity.quantity>0.000000</in_Quantity.quantity><out_Quantity.quantity>484.426829</out_Quantity.quantity></Point><Point><position>13196</position><in_Quantity.quantity>0.000000</in_Quantity.quantity><out_Quantity.quantity>411.665092</out_Quantity.quantity></Point><Point><position>13197</position><in_Quantity.quantity>0.000000</in_Quantity.quantity><out_Quantity.quantity>526.588978</out_Quantity.quantity></Point><Point><position>13198</position><in_Quantity.quantity>0.000000</in_Quantity.quantity><out_Quantity.quantity>504.935424</out_Quantity.quantity></Point><Point><position>13199</position><in_Quantity.quantity>0.000000</in_Quantity.quantity><out_Quantity.quantity>318.028027</out_Quantity.quantity></Point><Point><position>13200</position><in_Quantity.quantity>0.000000</in_Quantity.quantity><out_Quantity.quantity>554.856650</out_Quantity.quantity></Point><Point><position>13201</position><in_Quantity.quantity>0.000000</in_Quantity.quantity><out_Quantity.quantity>350.111711</out_Quantity.quantity></Point><Point><position>13202</position><in_Quantity.quantity>0.000000</in_Quantity.quantity><out_Quantity.quantity>590.118612</out_Quantity.quantity></Point><Point><position>13203</position><in_Quantity.quantity>0.000000</in_Quantity.quantity><out_Quantity.quantity>637.207446</out_Quantity.quantity></Point><Point><position>13204</position><in_Quantity.quantity>0.000000</in_Quantity.quantity><out_Quantity.quantity>191.410752</out_Quantity.quantity></Point><Point><position>13205</position><in_Quantity.quantity>0.000000</in_Quantity.quantity><out_Quantity.quantity>383.685481</out_Quantity.quantity></Point><Point><position>13206</position><in_Quantity.quantity>0.000000</in_Quantity.quantity><out_Quantity.quantity>796.250520</out_Quantity.quantity></Point><Point><position>13207</position><in_Quantity.quantity>0.000000</in_Quantity.quantity><out_Quantity.quantity>487.069917</out_Quantity.quantity></Point><Point><position>13208</position><in_Quantity.quantity>0.000000</in_Quantity.quantity><out_Quantity.quantity>267.712814</out_Quantity.quantity></Point><Point><position>13209</position><in_Quantity.quantity>0.000000</in_Quantity.quantity><out_Quantity.quantity>400.558178</out_Quantity.quantity></Point><Point><position>13210</position><in_Quantity.quantity>0.000000</in_Quantity.quantity><out_Quantity.quantity>55.876530</out_Quantity.quantity></Point><Point><position>13211</position><in_Quantity.quantity>0.000000</in_Quantity.quantity><out_Quantity.quantity>403.623246</out_Quantity.quantity></Point><Point><position>13212</position><in_Quantity.quantity>0.000000</in_Quantity.quantity><out_Quantity.quantity>861.638810</out_Quantity.quantity></Point><Point><position>13213</position><in_Quantity.quantity>0.000000</in_Quantity.quantity><out_Quantity.quantity>321.635060</out_Quantity.quantity></Point><Point><position>13214</position><in_Quantity.quantity>0.000000</in_Quantity.quantity><out_Quantity.quantity>329.116926</out_Quantity.quantity></Point><Point><position>13215</position><in_Quantity.quantity>0.000000</in_Quantity.quantity><out_Quantity.quantity>47.455490</out_Quantity.quantity></Point><Point><position>13216</position><in_Quantity.quantity>0.000000</in_Quantity.quantity><out_Quantity.quantity>763.753755</out_Quantity.quantity></Point><Point><position>13217</position><in_Quantity.quantity>0.000000</in_Quantity.quantity><out_Quantity.quantity>459.419013</out_Quantity.quantity></Point><Point><position>13218</position><in_Quantity.quantity>0.000000</in_Quantity.quantity><out_Quantity.quantity>874.187564</out_Quantity.quantity></Point><Point><position>13219</position><in_Quantity.quantity>0.000000</in_Quantity.quantity><out_Quantity.quantity>423.009788</out_Quantity.quantity></Point><Point><position>13220</position><in_Quantity.quantity>0.000000</in_Quantity.quantity><out_Quantity.quantity>176.777829</out_Quantity.quantity></Point><Point><position>13221</position><in_Quantity.quantity>0.000000</in_Quantity.quantity><out_Quantity.quantity>367.661741</out_Quantity.quantity></Point><Point><position>13222</position><in_Quantity.quantity>0.000000</in_Quantity.quantity><out_Quantity.quantity>243.039803</out_Quantity.quantity></Point><Point><position>13223</position><in_Quantity.quantity>0.000000</in_Quantity.quantity><out_Quantity.quantity>735.249246</out_Quantity.quantity></Point><Point><position>13224</position><in_Quantity.quantity>0.000000</in_Quantity.quantity><out_Quantity.quantity>391.192196</out_Quantity.quantity></Point><Point><position>13225</position><in_Quantity.quantity>0.000000</in_Quantity.quantity><out_Quantity.quantity>838.584764</out_Quantity.quantity></Point><Point><position>13226</position><in_Quantity.quantity>0.000000</in_Quantity.quantity><out_Quantity.quantity>991.666278</out_Quantity.quantity></Point><Point><position>13227</position><in_Quantity.quantity>0.000000</in_Quantity.quantity><out_Quantity.quantity>331.200821</out_Quantity.quantity></Point><Point><position>13228</position><in_Quantity.quantity>0.000000</in_Quantity.quantity><out_Quantity.quantity>345.890534</out_Quantity.quantity></Point><Point><position>13229</position><in_Quantity.quantity>0.000000</in_Quantity.quantity><out_Quantity.quantity>883.240940</out_Quantity.quantity></Point><Point><position>13230</position><in_Quantity.quantity>0.000000</in_Quantity.quantity><out_Quantity.quantity>556.168121</out_Quantity.quantity></Point><Point><position>13231</position><in_Quantity.quantity>0.000000</in_Quantity.quantity><out_Quantity.quantity>256.507622</out_Quantity.quantity></Point><Point><position>13232</position><in_Quantity.quantity>0.000000</in_Quantity.quantity><out_Quantity.quantity>861.281360</out_Quantity.quantity></Point><Point><position>13233</position><in_Quantity.quantity>0.000000</in_Quantity.quantity><out_Quantity.quantity>16.524028</out_Quantity.quantity></Point><Point><position>13234</position><in_Quantity.quantity>0.000000</in_Quantity.quantity><out_Quantity.quantity>743.513878</out_Quantity.quantity></Point><Point><position>13235</position><in_Quantity.quantity>0.000000</in_Quantity.quantity><out_Quantity.quantity>823.850251</out_Quantity.quantity></Point><Point><position>13236</position><in_Quantity.quantity>0.000000</in_Quantity.quantity><out_Quantity.quantity>46.219015</out_Quantity.quantity></Point><Point><position>13237</position><in_Quantity.quantity>0.000000</in_Quantity.quantity><out_Quantity.quantity>146.046463</out_Quantity.quantity></Point><Point><position>13238</position><in_Quantity.quantity>0.000000</in_Quantity.quantity><out_Quantity.quantity>404.752386</out_Quantity.quantity></Point><Point><position>13239</position><in_Quantity.quantity>0.000000</in_Quantity.quantity><out_Quantity.quantity>138.542837</out_Quantity.quantity></Point><Point><position>13240</position><in_Quantity.quantity>0.000000</in_Quantity.quantity><out_Quantity.quantity>744.257136</out_Quantity.quantity></Point><Point><position>13241</position><in_Quantity.quantity>0.000000</in_Quantity.quantity><out_Quantity.quantity>567.349475</out_Quantity.quantity></Point><Point><position>13242</position><in_Quantity.quantity>0.000000</in_Quantity.quantity><out_Quantity.quantity>217.077782</out_Quantity.quantity></Point><Point><position>13243</position><in_Quantity.quantity>0.000000</in_Quantity.quantity><out_Quantity.quantity>250.177079</out_Quantity.quantity></Point><Point><position>13244</position><in_Quantity.quantity>0.000000</in_Quantity.quantity><out_Quantity.quantity>473.496878</out_Quantity.quantity></Point><Point><position>13245</position><in_Quantity.quantity>0.000000</in_Quantity.quantity><out_Quantity.quantity>97.098988</out_Quantity.quantity></Point><Point><position>13246</position><in_Quantity.quantity>0.000000</in_Quantity.quantity><out_Quantity.quantity>840.528856</out_Quantity.quantity></Point><Point><position>13247</position><in_Quantity.quantity>0.000000</in_Quantity.quantity><out_Quantity.quantity>11.890407</out_Quantity.quantity></Point><Point><position>13248</position><in_Quantity.quantity>0.000000</in_Quantity.quantity><out_Quantity.quantity>368.876541</out_Quantity.quantity></Point><Point><position>13249</position><in_Quantity.quantity>0.000000</in_Quantity.quantity><out_Quantity.quantity>66.772964</out_Quantity.quantity></Point><Point><position>13250</position><in_Quantity.quantity>0.000000</in_Quantity.quantity><out_Quantity.quantity>584.803812</out_Quantity.quantity></Point><Point><position>13251</position><in_Quantity.quantity>0.000000</in_Quantity.quantity><out_Quantity.quantity>683.882621</out_Quantity.quantity></Point><Point><position>13252</position><in_Quantity.quantity>0.000000</in_Quantity.quantity><out_Quantity.quantity>524.161803</out_Quantity.quantity></Point><Point><position>13253</position><in_Quantity.quantity>0.000000</in_Quantity.quantity><out_Quantity.quantity>209.711524</out_Quantity.quantity></Point><Point><position>13254</position><in_Quantity.quantity>0.000000</in_Quantity.quantity><out_Quantity.quantity>438.771985</out_Quantity.quantity></Point><Point><position>13255</position><in_Quantity.quantity>0.000000</in_Quantity.quantity><out_Quantity.quantity>851.539527</out_Quantity.quantity></Point><Point><position>13256</position><in_Quantity.quantity>0.000000</in_Quantity.quantity><out_Quantity.quantity>444.827777</out_Quantity.quantity></Point><Point><position>13257</position><in_Quantity.quantity>0.000000</in_Quantity.quantity><out_Quantity.quantity>352.715391</out_Quantity.quantity></Point><Point><position>13258</position><in_Quantity.quantity>0.000000</in_Quantity.quantity><out_Quantity.quantity>444.507107</out_Quantity.quantity></Point><Point><position>13259</position><in_Quantity.quantity>0.000000</in_Quantity.quantity><out_Quantity.quantity>77.959845</out_Quantity.quantity></Point><Point><position>13260</position><in_Quantity.quantity>0.000000</in_Quantity.quantity><out_Quantity.quantity>25.097682</out_Quantity.quantity></Point><Point><position>13261</position><in_Quantity.quantity>0.000000</in_Quantity.quantity><out_Quantity.quantity>721.436721</out_Quantity.quantity></Point><Point><position>13262</position><in_Quantity.quantity>0.000000</in_Quantity.quantity><out_Quantity.quantity>577.184372</out_Quantity.quantity></Point><Point><position>13263</position><in_Quantity.quantity>0.000000</in_Quantity.quantity><out_Quantity.quantity>180.560914</out_Quantity.quantity></Point><Point><position>13264</position><in_Quantity.quantity>0.000000</in_Quantity.quantity><out_Quantity.quantity>235.559705</out_Quantity.quantity></Point><Point><position>13265</position><in_Quantity.quantity>0.000000</in_Quantity.quantity><out_Quantity.quantity>784.709510</out_Quantity.quantity></Point><Point><position>13266</position><in_Quantity.quantity>0.000000</in_Quantity.quantity><out_Quantity.quantity>104.553755</out_Quantity.quantity></Point><Point><position>13267</position><in_Quantity.quantity>0.000000</in_Quantity.quantity><out_Quantity.quantity>578.404744</out_Quantity.quantity></Point><Point><position>13268</position><in_Quantity.quantity>0.000000</in_Quantity.quantity><out_Quantity.quantity>859.252740</out_Quantity.quantity></Point><Point><position>13269</position><in_Quantity.quantity>0.000000</in_Quantity.quantity><out_Quantity.quantity>582.706418</out_Quantity.quantity></Point><Point><position>13270</position><in_Quantity.quantity>0.000000</in_Quantity.quantity><out_Quantity.quantity>693.495388</out_Quantity.quantity></Point><Point><position>13271</position><in_Quantity.quantity>0.000000</in_Quantity.quantity><out_Quantity.quantity>456.438326</out_Quantity.quantity></Point><Point><position>13272</position><in_Quantity.quantity>0.000000</in_Quantity.quantity><out_Quantity.quantity>184.600201</out_Quantity.quantity></Point><Point><position>13273</position><in_Quantity.quantity>0.000000</in_Quantity.quantity><out_Quantity.quantity>639.136929</out_Quantity.quantity></Point><Point><position>13274</position><in_Quantity.quantity>0.000000</in_Quantity.quantity><out_Quantity.quantity>591.110451</out_Quantity.quantity></Point><Point><position>13275</position><in_Quantity.quantity>0.000000</in_Quantity.quantity><out_Quantity.quantity>876.679281</out_Quantity.quantity></Point><Point><position>13276</position><in_Quantity.quantity>0.000000</in_Quantity.quantity><out_Quantity.quantity>536.917316</out_Quantity.quantity></Point><Point><position>13277</position><in_Quantity.quantity>0.000000</in_Quantity.quantity><out_Quantity.quantity>812.629632</out_Quantity.quantity></Point><Point><position>13278</position><in_Quantity.quantity>0.000000</in_Quantity.quantity><out_Quantity.quantity>940.734325</out_Quantity.quantity></Point><Point><position>13279</position><in_Quantity.quantity>0.000000</in_Quantity.quantity><out_Quantity.quantity>16.905189</out_Quantity.quantity></Point><Point><position>13280</position><in_Quantity.quantity>0.000000</in_Quantity.quantity><out_Quantity.quantity>922.353374</out_Quantity.quantity></Point><Point><position>13281</position><in_Quantity.quantity>0.000000</in_Quantity.quantity><out_Quantity.quantity>424.869663</out_Quantity.quantity></Point><Point><position>13282</position><in_Quantity.quantity>0.000000</in_Quantity.quantity><out_Quantity.quantity>500.819249</out_Quantity.quantity></Point><Point><position>13283</position><in_Quantity.quantity>0.000000</in_Quantity.quantity><out_Quantity.quantity>999.272780</out_Quantity.quantity></Point><Point><position>13284</position><in_Quantity.quantity>0.000000</in_Quantity.quantity><out_Quantity.quantity>108.865730</out_Quantity.quantity></Point><Point><position>13285</position><in_Quantity.quantity>0.000000</in_Quantity.quantity><out_Quantity.quantity>197.502278</out_Quantity.quantity></Point><Point><position>13286</position><in_Quantity.quantity>0.000000</in_Quantity.quantity><out_Quantity.quantity>93.812903</out_Quantity.quantity></Point><Point><position>13287</position><in_Quantity.quantity>0.000000</in_Quantity.quantity><out_Quantity.quantity>535.212860</out_Quantity.quantity></Point><Point><position>13288</position><in_Quantity.quantity>0.000000</in_Quantity.quantity><out_Quantity.quantity>520.001415</out_Quantity.quantity></Point><Point><position>13289</position><in_Quantity.quantity>0.000000</in_Quantity.quantity><out_Quantity.quantity>133.919111</out_Quantity.quantity></Point><Point><position>13290</position><in_Quantity.quantity>0.000000</in_Quantity.quantity><out_Quantity.quantity>841.333861</out_Quantity.quantity></Point><Point><position>13291</position><in_Quantity.quantity>0.000000</in_Quantity.quantity><out_Quantity.quantity>351.387475</out_Quantity.quantity></Point><Point><position>13292</position><in_Quantity.quantity>0.000000</in_Quantity.quantity><out_Quantity.quantity>362.055690</out_Quantity.quantity></Point><Point><position>13293</position><in_Quantity.quantity>0.000000</in_Quantity.quantity><out_Quantity.quantity>395.639235</out_Quantity.quantity></Point><Point><position>13294</position><in_Quantity.quantity>0.000000</in_Quantity.quantity><out_Quantity.quantity>892.890269</out_Quantity.quantity></Point><Point><position>13295</position><in_Quantity.quantity>0.000000</in_Quantity.quantity><out_Quantity.quantity>941.632904</out_Quantity.quantity></Point><Point><position>13296</position><in_Quantity.quantity>0.000000</in_Quantity.quantity><out_Quantity.quantity>294.603903</out_Quantity.quantity></Point><Point><position>13297</position><in_Quantity.quantity>0.000000</in_Quantity.quantity><out_Quantity.quantity>150.011309</out_Quantity.quantity></Point><Point><position>13298</position><in_Quantity.quantity>0.000000</in_Quantity.quantity><out_Quantity.quantity>583.376982</out_Quantity.quantity></Point><Point><position>13299</position><in_Quantity.quantity>0.000000</in_Quantity.quantity><out_Quantity.quantity>106.973181</out_Quantity.quantity></Point><Point><position>13300</position><in_Quantity.quantity>0.000000</in_Quantity.quantity><out_Quantity.quantity>430.980538</out_Quantity.quantity></Point><Point><position>13301</position><in_Quantity.quantity>0.000000</in_Quantity.quantity><out_Quantity.quantity>78.763702</out_Quantity.quantity></Point><Point><position>13302</position><in_Quantity.quantity>0.000000</in_Quantity.quantity><out_Quantity.quantity>495.911645</out_Quantity.quantity></Point><Point><position>13303</position><in_Quantity.quantity>0.000000</in_Quantity.quantity><out_Quantity.quantity>98.590575</out_Quantity.quantity></Point><Point><position>13304</position><in_Quantity.quantity>0.000000</in_Quantity.quantity><out_Quantity.quantity>883.045212</out_Quantity.quantity></Point><Point><position>13305</position><in_Quantity.quantity>0.000000</in_Quantity.quantity><out_Quantity.quantity>59.856945</out_Quantity.quantity></Point><Point><position>13306</position><in_Quantity.quantity>0.000000</in_Quantity.quantity><out_Quantity.quantity>384.640819</out_Quantity.quantity></Point><Point><position>13307</position><in_Quantity.quantity>0.000000</in_Quantity.quantity><out_Quantity.quantity>393.312851</out_Quantity.quantity></Point><Point><position>13308</position><in_Quantity.quantity>0.000000</in_Quantity.quantity><out_Quantity.quantity>347.568831</out_Quantity.quantity></Point><Point><position>13309</position><in_Quantity.quantity>0.000000</in_Quantity.quantity><out_Quantity.quantity>378.663066</out_Quantity.quantity></Point><Point><position>13310</position><in_Quantity.quantity>0.000000</in_Quantity.quantity><out_Quantity.quantity>592.781619</out_Quantity.quantity></Point><Point><position>13311</position><in_Quantity.quantity>0.000000</in_Quantity.quantity><out_Quantity.quantity>711.968556</out_Quantity.quantity></Point><Point><position>13312</position><in_Quantity.quantity>0.000000</in_Quantity.quantity><out_Quantity.quantity>547.426688</out_Quantity.quantity></Point><Point><position>13313</position><in_Quantity.quantity>0.000000</in_Quantity.quantity><out_Quantity.quantity>215.805497</out_Quantity.quantity></Point><Point><position>13314</position><in_Quantity.quantity>0.000000</in_Quantity.quantity><out_Quantity.quantity>249.235555</out_Quantity.quantity></Point><Point><position>13315</position><in_Quantity.quantity>0.000000</in_Quantity.quantity><out_Quantity.quantity>22.470291</out_Quantity.quantity></Point><Point><position>13316</position><in_Quantity.quantity>0.000000</in_Quantity.quantity><out_Quantity.quantity>295.493145</out_Quantity.quantity></Point><Point><position>13317</position><in_Quantity.quantity>0.000000</in_Quantity.quantity><out_Quantity.quantity>781.249139</out_Quantity.quantity></Point><Point><position>13318</position><in_Quantity.quantity>0.000000</in_Quantity.quantity><out_Quantity.quantity>992.621261</out_Quantity.quantity></Point><Point><position>13319</position><in_Quantity.quantity>0.000000</in_Quantity.quantity><out_Quantity.quantity>161.999290</out_Quantity.quantity></Point><Point><position>13320</position><in_Quantity.quantity>0.000000</in_Quantity.quantity><out_Quantity.quantity>613.383348</out_Quantity.quantity></Point><Point><position>13321</position><in_Quantity.quantity>0.000000</in_Quantity.quantity><out_Quantity.quantity>754.595658</out_Quantity.quantity></Point><Point><position>13322</position><in_Quantity.quantity>0.000000</in_Quantity.quantity><out_Quantity.quantity>173.864285</out_Quantity.quantity></Point><Point><position>13323</position><in_Quantity.quantity>0.000000</in_Quantity.quantity><out_Quantity.quantity>530.153257</out_Quantity.quantity></Point><Point><position>13324</position><in_Quantity.quantity>0.000000</in_Quantity.quantity><out_Quantity.quantity>663.876742</out_Quantity.quantity></Point><Point><position>13325</position><in_Quantity.quantity>0.000000</in_Quantity.quantity><out_Quantity.quantity>212.918115</out_Quantity.quantity></Point><Point><position>13326</position><in_Quantity.quantity>0.000000</in_Quantity.quantity><out_Quantity.quantity>284.578573</out_Quantity.quantity></Point><Point><position>13327</position><in_Quantity.quantity>0.000000</in_Quantity.quantity><out_Quantity.quantity>895.115634</out_Quantity.quantity></Point><Point><position>13328</position><in_Quantity.quantity>0.000000</in_Quantity.quantity><out_Quantity.quantity>54.155820</out_Quantity.quantity></Point><Point><position>13329</position><in_Quantity.quantity>0.000000</in_Quantity.quantity><out_Quantity.quantity>829.191994</out_Quantity.quantity></Point><Point><position>13330</position><in_Quantity.quantity>0.000000</in_Quantity.quantity><out_Quantity.quantity>597.492299</out_Quantity.quantity></Point><Point><position>13331</position><in_Quantity.quantity>0.000000</in_Quantity.quantity><out_Quantity.quantity>731.403658</out_Quantity.quantity></Point><Point><position>13332</position><in_Quantity.quantity>0.000000</in_Quantity.quantity><out_Quantity.quantity>266.435352</out_Quantity.quantity></Point><Point><position>13333</position><in_Quantity.quantity>0.000000</in_Quantity.quantity><out_Quantity.quantity>328.172241</out_Quantity.quantity></Point><Point><position>13334</position><in_Quantity.quantity>0.000000</in_Quantity.quantity><out_Quantity.quantity>435.545837</out_Quantity.quantity></Point><Point><position>13335</position><in_Quantity.quantity>0.000000</in_Quantity.quantity><out_Quantity.quantity>823.107697</out_Quantity.quantity></Point><Point><position>13336</position><in_Quantity.quantity>0.000000</in_Quantity.quantity><out_Quantity.quantity>286.891609</out_Quantity.quantity></Point><Point><position>13337</position><in_Quantity.quantity>0.000000</in_Quantity.quantity><out_Quantity.quantity>636.557205</out_Quantity.quantity></Point><Point><position>13338</position><in_Quantity.quantity>0.000000</in_Quantity.quantity><out_Quantity.quantity>899.677821</out_Quantity.quantity></Point><Point><position>13339</position><in_Quantity.quantity>0.000000</in_Quantity.quantity><out_Quantity.quantity>878.607244</out_Quantity.quantity></Point><Point><position>13340</position><in_Quantity.quantity>0.000000</in_Quantity.quantity><out_Quantity.quantity>40.075727</out_Quantity.quantity></Point><Point><position>13341</position><in_Quantity.quantity>0.000000</in_Quantity.quantity><out_Quantity.quantity>599.617324</out_Quantity.quantity></Point><Point><position>13342</position><in_Quantity.quantity>0.000000</in_Quantity.quantity><out_Quantity.quantity>129.853311</out_Quantity.quantity></Point><Point><position>13343</position><in_Quantity.quantity>0.000000</in_Quantity.quantity><out_Quantity.quantity>317.845644</out_Quantity.quantity></Point><Point><position>13344</position><in_Quantity.quantity>0.000000</in_Quantity.quantity><out_Quantity.quantity>109.597502</out_Quantity.quantity></Point><Point><position>13345</position><in_Quantity.quantity>0.000000</in_Quantity.quantity><out_Quantity.quantity>911.192964</out_Quantity.quantity></Point><Point><position>13346</position><in_Quantity.quantity>0.000000</in_Quantity.quantity><out_Quantity.quantity>43.175992</out_Quantity.quantity></Point><Point><position>13347</position><in_Quantity.quantity>0.000000</in_Quantity.quantity><out_Quantity.quantity>536.336131</out_Quantity.quantity></Point><Point><position>13348</position><in_Quantity.quantity>0.000000</in_Quantity.quantity><out_Quantity.quantity>478.173550</out_Quantity.quantity></Point><Point><position>13349</position><in_Quantity.quantity>0.000000</in_Quantity.quantity><out_Quantity.quantity>993.262171</out_Quantity.quantity></Point><Point><position>13350</position><in_Quantity.quantity>0.000000</in_Quantity.quantity><out_Quantity.quantity>472.013105</out_Quantity.quantity></Point><Point><position>13351</position><in_Quantity.quantity>0.000000</in_Quantity.quantity><out_Quantity.quantity>78.282446</out_Quantity.quantity></Point><Point><position>13352</position><in_Quantity.quantity>0.000000</in_Quantity.quantity><out_Quantity.quantity>178.532748</out_Quantity.quantity></Point><Point><position>13353</position><in_Quantity.quantity>0.000000</in_Quantity.quantity><out_Quantity.quantity>765.105763</out_Quantity.quantity></Point><Point><position>13354</position><in_Quantity.quantity>0.000000</in_Quantity.quantity><out_Quantity.quantity>805.571162</out_Quantity.quantity></Point><Point><position>13355</position><in_Quantity.quantity>0.000000</in_Quantity.quantity><out_Quantity.quantity>670.143534</out_Quantity.quantity></Point><Point><position>13356</position><in_Quantity.quantity>0.000000</in_Quantity.quantity><out_Quantity.quantity>791.273924</out_Quantity.quantity></Point><Point><position>13357</position><in_Quantity.quantity>0.000000</in_Quantity.quantity><out_Quantity.quantity>873.451660</out_Quantity.quantity></Point><Point><position>13358</position><in_Quantity.quantity>0.000000</in_Quantity.quantity><out_Quantity.quantity>1.231092</out_Quantity.quantity></Point><Point><position>13359</position><in_Quantity.quantity>0.000000</in_Quantity.quantity><out_Quantity.quantity>962.726122</out_Quantity.quantity></Point><Point><position>13360</position><in_Quantity.quantity>0.000000</in_Quantity.quantity><out_Quantity.quantity>750.895440</out_Quantity.quantity></Point><Point><position>13361</position><in_Quantity.quantity>0.000000</in_Quantity.quantity><out_Quantity.quantity>695.494261</out_Quantity.quantity></Point><Point><position>13362</position><in_Quantity.quantity>0.000000</in_Quantity.quantity><out_Quantity.quantity>840.770700</out_Quantity.quantity></Point><Point><position>13363</position><in_Quantity.quantity>0.000000</in_Quantity.quantity><out_Quantity.quantity>81.085005</out_Quantity.quantity></Point><Point><position>13364</position><in_Quantity.quantity>0.000000</in_Quantity.quantity><out_Quantity.quantity>670.188652</out_Quantity.quantity></Point><Point><position>13365</position><in_Quantity.quantity>0.000000</in_Quantity.quantity><out_Quantity.quantity>452.727968</out_Quantity.quantity></Point><Point><position>13366</position><in_Quantity.quantity>0.000000</in_Quantity.quantity><out_Quantity.quantity>315.968461</out_Quantity.quantity></Point><Point><position>13367</position><in_Quantity.quantity>0.000000</in_Quantity.quantity><out_Quantity.quantity>984.365754</out_Quantity.quantity></Point><Point><position>13368</position><in_Quantity.quantity>0.000000</in_Quantity.quantity><out_Quantity.quantity>152.932142</out_Quantity.quantity></Point><Point><position>13369</position><in_Quantity.quantity>0.000000</in_Quantity.quantity><out_Quantity.quantity>371.042166</out_Quantity.quantity></Point><Point><position>13370</position><in_Quantity.quantity>0.000000</in_Quantity.quantity><out_Quantity.quantity>735.429741</out_Quantity.quantity></Point><Point><position>13371</position><in_Quantity.quantity>0.000000</in_Quantity.quantity><out_Quantity.quantity>675.544103</out_Quantity.quantity></Point><Point><position>13372</position><in_Quantity.quantity>0.000000</in_Quantity.quantity><out_Quantity.quantity>935.129198</out_Quantity.quantity></Point><Point><position>13373</position><in_Quantity.quantity>0.000000</in_Quantity.quantity><out_Quantity.quantity>259.714992</out_Quantity.quantity></Point><Point><position>13374</position><in_Quantity.quantity>0.000000</in_Quantity.quantity><out_Quantity.quantity>112.144791</out_Quantity.quantity></Point><Point><position>13375</position><in_Quantity.quantity>0.000000</in_Quantity.quantity><out_Quantity.quantity>656.758529</out_Quantity.quantity></Point><Point><position>13376</position><in_Quantity.quantity>0.000000</in_Quantity.quantity><out_Quantity.quantity>126.297797</out_Quantity.quantity></Point><Point><position>13377</position><in_Quantity.quantity>0.000000</in_Quantity.quantity><out_Quantity.quantity>673.938511</out_Quantity.quantity></Point><Point><position>13378</position><in_Quantity.quantity>0.000000</in_Quantity.quantity><out_Quantity.quantity>923.544270</out_Quantity.quantity></Point><Point><position>13379</position><in_Quantity.quantity>0.000000</in_Quantity.quantity><out_Quantity.quantity>232.022139</out_Quantity.quantity></Point><Point><position>13380</position><in_Quantity.quantity>0.000000</in_Quantity.quantity><out_Quantity.quantity>958.587375</out_Quantity.quantity></Point><Point><position>13381</position><in_Quantity.quantity>0.000000</in_Quantity.quantity><out_Quantity.quantity>66.979295</out_Quantity.quantity></Point><Point><position>13382</position><in_Quantity.quantity>0.000000</in_Quantity.quantity><out_Quantity.quantity>603.818026</out_Quantity.quantity></Point><Point><position>13383</position><in_Quantity.quantity>0.000000</in_Quantity.quantity><out_Quantity.quantity>880.716996</out_Quantity.quantity></Point><Point><position>13384</position><in_Quantity.quantity>0.000000</in_Quantity.quantity><out_Quantity.quantity>664.557009</out_Quantity.quantity></Point><Point><position>13385</position><in_Quantity.quantity>0.000000</in_Quantity.quantity><out_Quantity.quantity>748.697863</out_Quantity.quantity></Point><Point><position>13386</position><in_Quantity.quantity>0.000000</in_Quantity.quantity><out_Quantity.quantity>46.811114</out_Quantity.quantity></Point><Point><position>13387</position><in_Quantity.quantity>0.000000</in_Quantity.quantity><out_Quantity.quantity>712.862530</out_Quantity.quantity></Point><Point><position>13388</position><in_Quantity.quantity>0.000000</in_Quantity.quantity><out_Quantity.quantity>64.354255</out_Quantity.quantity></Point><Point><position>13389</position><in_Quantity.quantity>0.000000</in_Quantity.quantity><out_Quantity.quantity>400.031034</out_Quantity.quantity></Point><Point><position>13390</position><in_Quantity.quantity>0.000000</in_Quantity.quantity><out_Quantity.quantity>180.127809</out_Quantity.quantity></Point><Point><position>13391</position><in_Quantity.quantity>0.000000</in_Quantity.quantity><out_Quantity.quantity>407.673951</out_Quantity.quantity></Point><Point><position>13392</position><in_Quantity.quantity>0.000000</in_Quantity.quantity><out_Quantity.quantity>349.529983</out_Quantity.quantity></Point><Point><position>13393</position><in_Quantity.quantity>0.000000</in_Quantity.quantity><out_Quantity.quantity>865.065783</out_Quantity.quantity></Point><Point><position>13394</position><in_Quantity.quantity>0.000000</in_Quantity.quantity><out_Quantity.quantity>473.241090</out_Quantity.quantity></Point><Point><position>13395</position><in_Quantity.quantity>0.000000</in_Quantity.quantity><out_Quantity.quantity>479.159724</out_Quantity.quantity></Point><Point><position>13396</position><in_Quantity.quantity>0.000000</in_Quantity.quantity><out_Quantity.quantity>129.407714</out_Quantity.quantity></Point><Point><position>13397</position><in_Quantity.quantity>0.000000</in_Quantity.quantity><out_Quantity.quantity>351.236870</out_Quantity.quantity></Point><Point><position>13398</position><in_Quantity.quantity>0.000000</in_Quantity.quantity><out_Quantity.quantity>854.561836</out_Quantity.quantity></Point><Point><position>13399</position><in_Quantity.quantity>0.000000</in_Quantity.quantity><out_Quantity.quantity>940.056580</out_Quantity.quantity></Point><Point><position>13400</position><in_Quantity.quantity>0.000000</in_Quantity.quantity><out_Quantity.quantity>30.560409</out_Quantity.quantity></Point><Point><position>13401</position><in_Quantity.quantity>0.000000</in_Quantity.quantity><out_Quantity.quantity>216.837184</out_Quantity.quantity></Point><Point><position>13402</position><in_Quantity.quantity>0.000000</in_Quantity.quantity><out_Quantity.quantity>634.198297</out_Quantity.quantity></Point><Point><position>13403</position><in_Quantity.quantity>0.000000</in_Quantity.quantity><out_Quantity.quantity>983.391668</out_Quantity.quantity></Point><Point><position>13404</position><in_Quantity.quantity>0.000000</in_Quantity.quantity><out_Quantity.quantity>42.475011</out_Quantity.quantity></Point><Point><position>13405</position><in_Quantity.quantity>0.000000</in_Quantity.quantity><out_Quantity.quantity>430.087358</out_Quantity.quantity></Point><Point><position>13406</position><in_Quantity.quantity>0.000000</in_Quantity.quantity><out_Quantity.quantity>812.472669</out_Quantity.quantity></Point><Point><position>13407</position><in_Quantity.quantity>0.000000</in_Quantity.quantity><out_Quantity.quantity>660.788996</out_Quantity.quantity></Point><Point><position>13408</position><in_Quantity.quantity>0.000000</in_Quantity.quantity><out_Quantity.quantity>116.152469</out_Quantity.quantity></Point><Point><position>13409</position><in_Quantity.quantity>0.000000</in_Quantity.quantity><out_Quantity.quantity>346.581247</out_Quantity.quantity></Point><Point><position>13410</position><in_Quantity.quantity>0.000000</in_Quantity.quantity><out_Quantity.quantity>589.033458</out_Quantity.quantity></Point><Point><position>13411</position><in_Quantity.quantity>0.000000</in_Quantity.quantity><out_Quantity.quantity>911.210051</out_Quantity.quantity></Point><Point><position>13412</position><in_Quantity.quantity>0.000000</in_Quantity.quantity><out_Quantity.quantity>667.449226</out_Quantity.quantity></Point><Point><position>13413</position><in_Quantity.quantity>0.000000</in_Quantity.quantity><out_Quantity.quantity>695.252196</out_Quantity.quantity></Point><Point><position>13414</position><in_Quantity.quantity>0.000000</in_Quantity.quantity><out_Quantity.quantity>685.785178</out_Quantity.quantity></Point><Point><position>13415</position><in_Quantity.quantity>0.000000</in_Quantity.quantity><out_Quantity.quantity>893.730567</out_Quantity.quantity></Point><Point><position>13416</position><in_Quantity.quantity>0.000000</in_Quantity.quantity><out_Quantity.quantity>529.178963</out_Quantity.quantity></Point><Point><position>13417</position><in_Quantity.quantity>0.000000</in_Quantity.quantity><out_Quantity.quantity>826.319022</out_Quantity.quantity></Point><Point><position>13418</position><in_Quantity.quantity>0.000000</in_Quantity.quantity><out_Quantity.quantity>685.560605</out_Quantity.quantity></Point><Point><position>13419</position><in_Quantity.quantity>0.000000</in_Quantity.quantity><out_Quantity.quantity>394.261982</out_Quantity.quantity></Point><Point><position>13420</position><in_Quantity.quantity>0.000000</in_Quantity.quantity><out_Quantity.quantity>606.935904</out_Quantity.quantity></Point><Point><position>13421</position><in_Quantity.quantity>0.000000</in_Quantity.quantity><out_Quantity.quantity>107.504544</out_Quantity.quantity></Point><Point><position>13422</position><in_Quantity.quantity>0.000000</in_Quantity.quantity><out_Quantity.quantity>649.470395</out_Quantity.quantity></Point><Point><position>13423</position><in_Quantity.quantity>0.000000</in_Quantity.quantity><out_Quantity.quantity>654.059909</out_Quantity.quantity></Point><Point><position>13424</position><in_Quantity.quantity>0.000000</in_Quantity.quantity><out_Quantity.quantity>229.729255</out_Quantity.quantity></Point><Point><position>13425</position><in_Quantity.quantity>0.000000</in_Quantity.quantity><out_Quantity.quantity>61.514845</out_Quantity.quantity></Point><Point><position>13426</position><in_Quantity.quantity>0.000000</in_Quantity.quantity><out_Quantity.quantity>548.205272</out_Quantity.quantity></Point><Point><position>13427</position><in_Quantity.quantity>0.000000</in_Quantity.quantity><out_Quantity.quantity>449.795271</out_Quantity.quantity></Point><Point><position>13428</position><in_Quantity.quantity>0.000000</in_Quantity.quantity><out_Quantity.quantity>979.680682</out_Quantity.quantity></Point><Point><position>13429</position><in_Quantity.quantity>0.000000</in_Quantity.quantity><out_Quantity.quantity>643.518861</out_Quantity.quantity></Point><Point><position>13430</position><in_Quantity.quantity>0.000000</in_Quantity.quantity><out_Quantity.quantity>490.632643</out_Quantity.quantity></Point><Point><position>13431</position><in_Quantity.quantity>0.000000</in_Quantity.quantity><out_Quantity.quantity>426.078867</out_Quantity.quantity></Point><Point><position>13432</position><in_Quantity.quantity>0.000000</in_Quantity.quantity><out_Quantity.quantity>328.890044</out_Quantity.quantity></Point><Point><position>13433</position><in_Quantity.quantity>0.000000</in_Quantity.quantity><out_Quantity.quantity>422.958856</out_Quantity.quantity></Point><Point><position>13434</position><in_Quantity.quantity>0.000000</in_Quantity.quantity><out_Quantity.quantity>306.152158</out_Quantity.quantity></Point><Point><position>13435</position><in_Quantity.quantity>0.000000</in_Quantity.quantity><out_Quantity.quantity>132.019433</out_Quantity.quantity></Point><Point><position>13436</position><in_Quantity.quantity>0.000000</in_Quantity.quantity><out_Quantity.quantity>481.236813</out_Quantity.quantity></Point><Point><position>13437</position><in_Quantity.quantity>0.000000</in_Quantity.quantity><out_Quantity.quantity>730.378438</out_Quantity.quantity></Point><Point><position>13438</position><in_Quantity.quantity>0.000000</in_Quantity.quantity><out_Quantity.quantity>763.940763</out_Quantity.quantity></Point><Point><position>13439</position><in_Quantity.quantity>0.000000</in_Quantity.quantity><out_Quantity.quantity>858.644814</out_Quantity.quantity></Point><Point><position>13440</position><in_Quantity.quantity>0.000000</in_Quantity.quantity><out_Quantity.quantity>779.631676</out_Quantity.quantity></Point><Point><position>13441</position><in_Quantity.quantity>0.000000</in_Quantity.quantity><out_Quantity.quantity>97.398734</out_Quantity.quantity></Point><Point><position>13442</position><in_Quantity.quantity>0.000000</in_Quantity.quantity><out_Quantity.quantity>81.804755</out_Quantity.quantity></Point><Point><position>13443</position><in_Quantity.quantity>0.000000</in_Quantity.quantity><out_Quantity.quantity>195.961361</out_Quantity.quantity></Point><Point><position>13444</position><in_Quantity.quantity>0.000000</in_Quantity.quantity><out_Quantity.quantity>528.672971</out_Quantity.quantity></Point><Point><position>13445</position><in_Quantity.quantity>0.000000</in_Quantity.quantity><out_Quantity.quantity>829.613475</out_Quantity.quantity></Point><Point><position>13446</position><in_Quantity.quantity>0.000000</in_Quantity.quantity><out_Quantity.quantity>301.501965</out_Quantity.quantity></Point><Point><position>13447</position><in_Quantity.quantity>0.000000</in_Quantity.quantity><out_Quantity.quantity>797.985576</out_Quantity.quantity></Point><Point><position>13448</position><in_Quantity.quantity>0.000000</in_Quantity.quantity><out_Quantity.quantity>104.772643</out_Quantity.quantity></Point><Point><position>13449</position><in_Quantity.quantity>0.000000</in_Quantity.quantity><out_Quantity.quantity>861.053354</out_Quantity.quantity></Point><Point><position>13450</position><in_Quantity.quantity>0.000000</in_Quantity.quantity><out_Quantity.quantity>400.971524</out_Quantity.quantity></Point><Point><position>13451</position><in_Quantity.quantity>0.000000</in_Quantity.quantity><out_Quantity.quantity>960.033160</out_Quantity.quantity></Point><Point><position>13452</position><in_Quantity.quantity>0.000000</in_Quantity.quantity><out_Quantity.quantity>59.533506</out_Quantity.quantity></Point><Point><position>13453</position><in_Quantity.quantity>0.000000</in_Quantity.quantity><out_Quantity.quantity>949.414815</out_Quantity.quantity></Point><Point><position>13454</position><in_Quantity.quantity>0.000000</in_Quantity.quantity><out_Quantity.quantity>767.156717</out_Quantity.quantity></Point><Point><position>13455</position><in_Quantity.quantity>0.000000</in_Quantity.quantity><out_Quantity.quantity>963.910449</out_Quantity.quantity></Point><Point><position>13456</position><in_Quantity.quantity>0.000000</in_Quantity.quantity><out_Quantity.quantity>334.083831</out_Quantity.quantity></Point><Point><position>13457</position><in_Quantity.quantity>0.000000</in_Quantity.quantity><out_Quantity.quantity>177.350007</out_Quantity.quantity></Point><Point><position>13458</position><in_Quantity.quantity>0.000000</in_Quantity.quantity><out_Quantity.quantity>175.545222</out_Quantity.quantity></Point><Point><position>13459</position><in_Quantity.quantity>0.000000</in_Quantity.quantity><out_Quantity.quantity>440.635487</out_Quantity.quantity></Point><Point><position>13460</position><in_Quantity.quantity>0.000000</in_Quantity.quantity><out_Quantity.quantity>768.349840</out_Quantity.quantity></Point><Point><position>13461</position><in_Quantity.quantity>0.000000</in_Quantity.quantity><out_Quantity.quantity>479.723381</out_Quantity.quantity></Point><Point><position>13462</position><in_Quantity.quantity>0.000000</in_Quantity.quantity><out_Quantity.quantity>535.097525</out_Quantity.quantity></Point><Point><position>13463</position><in_Quantity.quantity>0.000000</in_Quantity.quantity><out_Quantity.quantity>79.716520</out_Quantity.quantity></Point><Point><position>13464</position><in_Quantity.quantity>0.000000</in_Quantity.quantity><out_Quantity.quantity>318.100114</out_Quantity.quantity></Point><Point><position>13465</position><in_Quantity.quantity>0.000000</in_Quantity.quantity><out_Quantity.quantity>328.983126</out_Quantity.quantity></Point><Point><position>13466</position><in_Quantity.quantity>0.000000</in_Quantity.quantity><out_Quantity.quantity>939.865122</out_Quantity.quantity></Point><Point><position>13467</position><in_Quantity.quantity>0.000000</in_Quantity.quantity><out_Quantity.quantity>506.434901</out_Quantity.quantity></Point><Point><position>13468</position><in_Quantity.quantity>0.000000</in_Quantity.quantity><out_Quantity.quantity>540.061068</out_Quantity.quantity></Point><Point><position>13469</position><in_Quantity.quantity>0.000000</in_Quantity.quantity><out_Quantity.quantity>520.537908</out_Quantity.quantity></Point><Point><position>13470</position><in_Quantity.quantity>0.000000</in_Quantity.quantity><out_Quantity.quantity>154.241163</out_Quantity.quantity></Point><Point><position>13471</position><in_Quantity.quantity>0.000000</in_Quantity.quantity><out_Quantity.quantity>828.013550</out_Quantity.quantity></Point><Point><position>13472</position><in_Quantity.quantity>0.000000</in_Quantity.quantity><out_Quantity.quantity>219.018631</out_Quantity.quantity></Point><Point><position>13473</position><in_Quantity.quantity>0.000000</in_Quantity.quantity><out_Quantity.quantity>995.866409</out_Quantity.quantity></Point><Point><position>13474</position><in_Quantity.quantity>0.000000</in_Quantity.quantity><out_Quantity.quantity>354.800451</out_Quantity.quantity></Point><Point><position>13475</position><in_Quantity.quantity>0.000000</in_Quantity.quantity><out_Quantity.quantity>796.136028</out_Quantity.quantity></Point><Point><position>13476</position><in_Quantity.quantity>0.000000</in_Quantity.quantity><out_Quantity.quantity>498.890411</out_Quantity.quantity></Point><Point><position>13477</position><in_Quantity.quantity>0.000000</in_Quantity.quantity><out_Quantity.quantity>394.558478</out_Quantity.quantity></Point><Point><position>13478</position><in_Quantity.quantity>0.000000</in_Quantity.quantity><out_Quantity.quantity>694.516746</out_Quantity.quantity></Point><Point><position>13479</position><in_Quantity.quantity>0.000000</in_Quantity.quantity><out_Quantity.quantity>471.638990</out_Quantity.quantity></Point><Point><position>13480</position><in_Quantity.quantity>0.000000</in_Quantity.quantity><out_Quantity.quantity>876.033003</out_Quantity.quantity></Point><Point><position>13481</position><in_Quantity.quantity>0.000000</in_Quantity.quantity><out_Quantity.quantity>372.827530</out_Quantity.quantity></Point><Point><position>13482</position><in_Quantity.quantity>0.000000</in_Quantity.quantity><out_Quantity.quantity>396.782307</out_Quantity.quantity></Point><Point><position>13483</position><in_Quantity.quantity>0.000000</in_Quantity.quantity><out_Quantity.quantity>884.814125</out_Quantity.quantity></Point><Point><position>13484</position><in_Quantity.quantity>0.000000</in_Quantity.quantity><out_Quantity.quantity>259.562052</out_Quantity.quantity></Point><Point><position>13485</position><in_Quantity.quantity>0.000000</in_Quantity.quantity><out_Quantity.quantity>903.579445</out_Quantity.quantity></Point><Point><position>13486</position><in_Quantity.quantity>0.000000</in_Quantity.quantity><out_Quantity.quantity>462.383747</out_Quantity.quantity></Point><Point><position>13487</position><in_Quantity.quantity>0.000000</in_Quantity.quantity><out_Quantity.quantity>620.448977</out_Quantity.quantity></Point><Point><position>13488</position><in_Quantity.quantity>0.000000</in_Quantity.quantity><out_Quantity.quantity>982.349131</out_Quantity.quantity></Point><Point><position>13489</position><in_Quantity.quantity>0.000000</in_Quantity.quantity><out_Quantity.quantity>965.348454</out_Quantity.quantity></Point><Point><position>13490</position><in_Quantity.quantity>0.000000</in_Quantity.quantity><out_Quantity.quantity>231.630309</out_Quantity.quantity></Point><Point><position>13491</position><in_Quantity.quantity>0.000000</in_Quantity.quantity><out_Quantity.quantity>937.136371</out_Quantity.quantity></Point><Point><position>13492</position><in_Quantity.quantity>0.000000</in_Quantity.quantity><out_Quantity.quantity>706.614268</out_Quantity.quantity></Point><Point><position>13493</position><in_Quantity.quantity>0.000000</in_Quantity.quantity><out_Quantity.quantity>125.880591</out_Quantity.quantity></Point><Point><position>13494</position><in_Quantity.quantity>0.000000</in_Quantity.quantity><out_Quantity.quantity>831.912301</out_Quantity.quantity></Point><Point><position>13495</position><in_Quantity.quantity>0.000000</in_Quantity.quantity><out_Quantity.quantity>861.223948</out_Quantity.quantity></Point><Point><position>13496</position><in_Quantity.quantity>0.000000</in_Quantity.quantity><out_Quantity.quantity>74.771420</out_Quantity.quantity></Point><Point><position>13497</position><in_Quantity.quantity>0.000000</in_Quantity.quantity><out_Quantity.quantity>821.883545</out_Quantity.quantity></Point><Point><position>13498</position><in_Quantity.quantity>0.000000</in_Quantity.quantity><out_Quantity.quantity>528.955046</out_Quantity.quantity></Point><Point><position>13499</position><in_Quantity.quantity>0.000000</in_Quantity.quantity><out_Quantity.quantity>733.229227</out_Quantity.quantity></Point><Point><position>13500</position><in_Quantity.quantity>0.000000</in_Quantity.quantity><out_Quantity.quantity>534.514415</out_Quantity.quantity></Point><Point><position>13501</position><in_Quantity.quantity>0.000000</in_Quantity.quantity><out_Quantity.quantity>489.087507</out_Quantity.quantity></Point><Point><position>13502</position><in_Quantity.quantity>0.000000</in_Quantity.quantity><out_Quantity.quantity>685.283636</out_Quantity.quantity></Point><Point><position>13503</position><in_Quantity.quantity>0.000000</in_Quantity.quantity><out_Quantity.quantity>678.911876</out_Quantity.quantity></Point><Point><position>13504</position><in_Quantity.quantity>0.000000</in_Quantity.quantity><out_Quantity.quantity>587.958476</out_Quantity.quantity></Point><Point><position>13505</position><in_Quantity.quantity>0.000000</in_Quantity.quantity><out_Quantity.quantity>968.310704</out_Quantity.quantity></Point><Point><position>13506</position><in_Quantity.quantity>0.000000</in_Quantity.quantity><out_Quantity.quantity>328.265491</out_Quantity.quantity></Point><Point><position>13507</position><in_Quantity.quantity>0.000000</in_Quantity.quantity><out_Quantity.quantity>21.693511</out_Quantity.quantity></Point><Point><position>13508</position><in_Quantity.quantity>0.000000</in_Quantity.quantity><out_Quantity.quantity>998.781114</out_Quantity.quantity></Point><Point><position>13509</position><in_Quantity.quantity>0.000000</in_Quantity.quantity><out_Quantity.quantity>854.657666</out_Quantity.quantity></Point><Point><position>13510</position><in_Quantity.quantity>0.000000</in_Quantity.quantity><out_Quantity.quantity>962.877827</out_Quantity.quantity></Point><Point><position>13511</position><in_Quantity.quantity>0.000000</in_Quantity.quantity><out_Quantity.quantity>46.204054</out_Quantity.quantity></Point><Point><position>13512</position><in_Quantity.quantity>0.000000</in_Quantity.quantity><out_Quantity.quantity>349.222303</out_Quantity.quantity></Point><Point><position>13513</position><in_Quantity.quantity>0.000000</in_Quantity.quantity><out_Quantity.quantity>156.829609</out_Quantity.quantity></Point><Point><position>13514</position><in_Quantity.quantity>0.000000</in_Quantity.quantity><out_Quantity.quantity>18.832339</out_Quantity.quantity></Point><Point><position>13515</position><in_Quantity.quantity>0.000000</in_Quantity.quantity><out_Quantity.quantity>518.095679</out_Quantity.quantity></Point><Point><position>13516</position><in_Quantity.quantity>0.000000</in_Quantity.quantity><out_Quantity.quantity>579.073179</out_Quantity.quantity></Point><Point><position>13517</position><in_Quantity.quantity>0.000000</in_Quantity.quantity><out_Quantity.quantity>706.649823</out_Quantity.quantity></Point><Point><position>13518</position><in_Quantity.quantity>0.000000</in_Quantity.quantity><out_Quantity.quantity>31.451902</out_Quantity.quantity></Point><Point><position>13519</position><in_Quantity.quantity>0.000000</in_Quantity.quantity><out_Quantity.quantity>243.995429</out_Quantity.quantity></Point><Point><position>13520</position><in_Quantity.quantity>0.000000</in_Quantity.quantity><out_Quantity.quantity>653.713414</out_Quantity.quantity></Point><Point><position>13521</position><in_Quantity.quantity>0.000000</in_Quantity.quantity><out_Quantity.quantity>560.300380</out_Quantity.quantity></Point><Point><position>13522</position><in_Quantity.quantity>0.000000</in_Quantity.quantity><out_Quantity.quantity>782.186458</out_Quantity.quantity></Point><Point><position>13523</position><in_Quantity.quantity>0.000000</in_Quantity.quantity><out_Quantity.quantity>755.181958</out_Quantity.quantity></Point><Point><position>13524</position><in_Quantity.quantity>0.000000</in_Quantity.quantity><out_Quantity.quantity>498.901907</out_Quantity.quantity></Point><Point><position>13525</position><in_Quantity.quantity>0.000000</in_Quantity.quantity><out_Quantity.quantity>680.801307</out_Quantity.quantity></Point><Point><position>13526</position><in_Quantity.quantity>0.000000</in_Quantity.quantity><out_Quantity.quantity>185.976873</out_Quantity.quantity></Point><Point><position>13527</position><in_Quantity.quantity>0.000000</in_Quantity.quantity><out_Quantity.quantity>308.781546</out_Quantity.quantity></Point><Point><position>13528</position><in_Quantity.quantity>0.000000</in_Quantity.quantity><out_Quantity.quantity>729.358946</out_Quantity.quantity></Point><Point><position>13529</position><in_Quantity.quantity>0.000000</in_Quantity.quantity><out_Quantity.quantity>189.826676</out_Quantity.quantity></Point><Point><position>13530</position><in_Quantity.quantity>0.000000</in_Quantity.quantity><out_Quantity.quantity>282.650417</out_Quantity.quantity></Point><Point><position>13531</position><in_Quantity.quantity>0.000000</in_Quantity.quantity><out_Quantity.quantity>764.859251</out_Quantity.quantity></Point><Point><position>13532</position><in_Quantity.quantity>0.000000</in_Quantity.quantity><out_Quantity.quantity>326.123422</out_Quantity.quantity></Point><Point><position>13533</position><in_Quantity.quantity>0.000000</in_Quantity.quantity><out_Quantity.quantity>358.364046</out_Quantity.quantity></Point><Point><position>13534</position><in_Quantity.quantity>0.000000</in_Quantity.quantity><out_Quantity.quantity>80.270000</out_Quantity.quantity></Point><Point><position>13535</position><in_Quantity.quantity>0.000000</in_Quantity.quantity><out_Quantity.quantity>236.004257</out_Quantity.quantity></Point><Point><position>13536</position><in_Quantity.quantity>0.000000</in_Quantity.quantity><out_Quantity.quantity>203.104898</out_Quantity.quantity></Point><Point><position>13537</position><in_Quantity.quantity>0.000000</in_Quantity.quantity><out_Quantity.quantity>133.204881</out_Quantity.quantity></Point><Point><position>13538</position><in_Quantity.quantity>0.000000</in_Quantity.quantity><out_Quantity.quantity>904.829293</out_Quantity.quantity></Point><Point><position>13539</position><in_Quantity.quantity>0.000000</in_Quantity.quantity><out_Quantity.quantity>675.558499</out_Quantity.quantity></Point><Point><position>13540</position><in_Quantity.quantity>0.000000</in_Quantity.quantity><out_Quantity.quantity>952.366890</out_Quantity.quantity></Point><Point><position>13541</position><in_Quantity.quantity>0.000000</in_Quantity.quantity><out_Quantity.quantity>557.072311</out_Quantity.quantity></Point><Point><position>13542</position><in_Quantity.quantity>0.000000</in_Quantity.quantity><out_Quantity.quantity>918.214087</out_Quantity.quantity></Point><Point><position>13543</position><in_Quantity.quantity>0.000000</in_Quantity.quantity><out_Quantity.quantity>628.734908</out_Quantity.quantity></Point><Point><position>13544</position><in_Quantity.quantity>0.000000</in_Quantity.quantity><out_Quantity.quantity>349.776744</out_Quantity.quantity></Point><Point><position>13545</position><in_Quantity.quantity>0.000000</in_Quantity.quantity><out_Quantity.quantity>257.988897</out_Quantity.quantity></Point><Point><position>13546</position><in_Quantity.quantity>0.000000</in_Quantity.quantity><out_Quantity.quantity>108.903777</out_Quantity.quantity></Point><Point><position>13547</position><in_Quantity.quantity>0.000000</in_Quantity.quantity><out_Quantity.quantity>723.744088</out_Quantity.quantity></Point><Point><position>13548</position><in_Quantity.quantity>0.000000</in_Quantity.quantity><out_Quantity.quantity>149.551072</out_Quantity.quantity></Point><Point><position>13549</position><in_Quantity.quantity>0.000000</in_Quantity.quantity><out_Quantity.quantity>446.642335</out_Quantity.quantity></Point><Point><position>13550</position><in_Quantity.quantity>0.000000</in_Quantity.quantity><out_Quantity.quantity>534.553814</out_Quantity.quantity></Point><Point><position>13551</position><in_Quantity.quantity>0.000000</in_Quantity.quantity><out_Quantity.quantity>968.351850</out_Quantity.quantity></Point><Point><position>13552</position><in_Quantity.quantity>0.000000</in_Quantity.quantity><out_Quantity.quantity>639.878947</out_Quantity.quantity></Point><Point><position>13553</position><in_Quantity.quantity>0.000000</in_Quantity.quantity><out_Quantity.quantity>333.794618</out_Quantity.quantity></Point><Point><position>13554</position><in_Quantity.quantity>0.000000</in_Quantity.quantity><out_Quantity.quantity>896.895308</out_Quantity.quantity></Point><Point><position>13555</position><in_Quantity.quantity>0.000000</in_Quantity.quantity><out_Quantity.quantity>274.678414</out_Quantity.quantity></Point><Point><position>13556</position><in_Quantity.quantity>0.000000</in_Quantity.quantity><out_Quantity.quantity>595.938643</out_Quantity.quantity></Point><Point><position>13557</position><in_Quantity.quantity>0.000000</in_Quantity.quantity><out_Quantity.quantity>766.735157</out_Quantity.quantity></Point><Point><position>13558</position><in_Quantity.quantity>0.000000</in_Quantity.quantity><out_Quantity.quantity>152.285290</out_Quantity.quantity></Point><Point><position>13559</position><in_Quantity.quantity>0.000000</in_Quantity.quantity><out_Quantity.quantity>971.575485</out_Quantity.quantity></Point><Point><position>13560</position><in_Quantity.quantity>0.000000</in_Quantity.quantity><out_Quantity.quantity>909.927988</out_Quantity.quantity></Point><Point><position>13561</position><in_Quantity.quantity>0.000000</in_Quantity.quantity><out_Quantity.quantity>202.782658</out_Quantity.quantity></Point><Point><position>13562</position><in_Quantity.quantity>0.000000</in_Quantity.quantity><out_Quantity.quantity>364.458828</out_Quantity.quantity></Point><Point><position>13563</position><in_Quantity.quantity>0.000000</in_Quantity.quantity><out_Quantity.quantity>141.596140</out_Quantity.quantity></Point><Point><position>13564</position><in_Quantity.quantity>0.000000</in_Quantity.quantity><out_Quantity.quantity>28.993627</out_Quantity.quantity></Point><Point><position>13565</position><in_Quantity.quantity>0.000000</in_Quantity.quantity><out_Quantity.quantity>872.468113</out_Quantity.quantity></Point><Point><position>13566</position><in_Quantity.quantity>0.000000</in_Quantity.quantity><out_Quantity.quantity>201.091710</out_Quantity.quantity></Point><Point><position>13567</position><in_Quantity.quantity>0.000000</in_Quantity.quantity><out_Quantity.quantity>29.074466</out_Quantity.quantity></Point><Point><position>13568</position><in_Quantity.quantity>0.000000</in_Quantity.quantity><out_Quantity.quantity>561.522098</out_Quantity.quantity></Point><Point><position>13569</position><in_Quantity.quantity>0.000000</in_Quantity.quantity><out_Quantity.quantity>575.539181</out_Quantity.quantity></Point><Point><position>13570</position><in_Quantity.quantity>0.000000</in_Quantity.quantity><out_Quantity.quantity>796.750120</out_Quantity.quantity></Point><Point><position>13571</position><in_Quantity.quantity>0.000000</in_Quantity.quantity><out_Quantity.quantity>312.396216</out_Quantity.quantity></Point><Point><position>13572</position><in_Quantity.quantity>0.000000</in_Quantity.quantity><out_Quantity.quantity>42.220587</out_Quantity.quantity></Point><Point><position>13573</position><in_Quantity.quantity>0.000000</in_Quantity.quantity><out_Quantity.quantity>238.691449</out_Quantity.quantity></Point><Point><position>13574</position><in_Quantity.quantity>0.000000</in_Quantity.quantity><out_Quantity.quantity>66.611301</out_Quantity.quantity></Point><Point><position>13575</position><in_Quantity.quantity>0.000000</in_Quantity.quantity><out_Quantity.quantity>695.602624</out_Quantity.quantity></Point><Point><position>13576</position><in_Quantity.quantity>0.000000</in_Quantity.quantity><out_Quantity.quantity>599.954526</out_Quantity.quantity></Point><Point><position>13577</position><in_Quantity.quantity>0.000000</in_Quantity.quantity><out_Quantity.quantity>218.511284</out_Quantity.quantity></Point><Point><position>13578</position><in_Quantity.quantity>0.000000</in_Quantity.quantity><out_Quantity.quantity>290.893380</out_Quantity.quantity></Point><Point><position>13579</position><in_Quantity.quantity>0.000000</in_Quantity.quantity><out_Quantity.quantity>986.548761</out_Quantity.quantity></Point><Point><position>13580</position><in_Quantity.quantity>0.000000</in_Quantity.quantity><out_Quantity.quantity>179.725938</out_Quantity.quantity></Point><Point><position>13581</position><in_Quantity.quantity>0.000000</in_Quantity.quantity><out_Quantity.quantity>569.503879</out_Quantity.quantity></Point><Point><position>13582</position><in_Quantity.quantity>0.000000</in_Quantity.quantity><out_Quantity.quantity>882.438412</out_Quantity.quantity></Point><Point><position>13583</position><in_Quantity.quantity>0.000000</in_Quantity.quantity><out_Quantity.quantity>327.309972</out_Quantity.quantity></Point><Point><position>13584</position><in_Quantity.quantity>0.000000</in_Quantity.quantity><out_Quantity.quantity>106.591425</out_Quantity.quantity></Point><Point><position>13585</position><in_Quantity.quantity>0.000000</in_Quantity.quantity><out_Quantity.quantity>30.513987</out_Quantity.quantity></Point><Point><position>13586</position><in_Quantity.quantity>0.000000</in_Quantity.quantity><out_Quantity.quantity>732.777072</out_Quantity.quantity></Point><Point><position>13587</position><in_Quantity.quantity>0.000000</in_Quantity.quantity><out_Quantity.quantity>727.291996</out_Quantity.quantity></Point><Point><position>13588</position><in_Quantity.quantity>0.000000</in_Quantity.quantity><out_Quantity.quantity>107.665607</out_Quantity.quantity></Point><Point><position>13589</position><in_Quantity.quantity>0.000000</in_Quantity.quantity><out_Quantity.quantity>331.121072</out_Quantity.quantity></Point><Point><position>13590</position><in_Quantity.quantity>0.000000</in_Quantity.quantity><out_Quantity.quantity>720.121019</out_Quantity.quantity></Point><Point><position>13591</position><in_Quantity.quantity>0.000000</in_Quantity.quantity><out_Quantity.quantity>201.305151</out_Quantity.quantity></Point><Point><position>13592</position><in_Quantity.quantity>0.000000</in_Quantity.quantity><out_Quantity.quantity>16.667973</out_Quantity.quantity></Point><Point><position>13593</position><in_Quantity.quantity>0.000000</in_Quantity.quantity><out_Quantity.quantity>385.501506</out_Quantity.quantity></Point><Point><position>13594</position><in_Quantity.quantity>0.000000</in_Quantity.quantity><out_Quantity.quantity>335.167810</out_Quantity.quantity></Point><Point><position>13595</position><in_Quantity.quantity>0.000000</in_Quantity.quantity><out_Quantity.quantity>493.842894</out_Quantity.quantity></Point><Point><position>13596</position><in_Quantity.quantity>0.000000</in_Quantity.quantity><out_Quantity.quantity>163.018592</out_Quantity.quantity></Point><Point><position>13597</position><in_Quantity.quantity>0.000000</in_Quantity.quantity><out_Quantity.quantity>954.743521</out_Quantity.quantity></Point><Point><position>13598</position><in_Quantity.quantity>0.000000</in_Quantity.quantity><out_Quantity.quantity>450.680553</out_Quantity.quantity></Point><Point><position>13599</position><in_Quantity.quantity>0.000000</in_Quantity.quantity><out_Quantity.quantity>74.715849</out_Quantity.quantity></Point><Point><position>13600</position><in_Quantity.quantity>0.000000</in_Quantity.quantity><out_Quantity.quantity>958.811058</out_Quantity.quantity></Point><Point><position>13601</position><in_Quantity.quantity>0.000000</in_Quantity.quantity><out_Quantity.quantity>425.331830</out_Quantity.quantity></Point><Point><position>13602</position><in_Quantity.quantity>0.000000</in_Quantity.quantity><out_Quantity.quantity>314.319605</out_Quantity.quantity></Point><Point><position>13603</position><in_Quantity.quantity>0.000000</in_Quantity.quantity><out_Quantity.quantity>162.295493</out_Quantity.quantity></Point><Point><position>13604</position><in_Quantity.quantity>0.000000</in_Quantity.quantity><out_Quantity.quantity>633.373207</out_Quantity.quantity></Point><Point><position>13605</position><in_Quantity.quantity>0.000000</in_Quantity.quantity><out_Quantity.quantity>118.127667</out_Quantity.quantity></Point><Point><position>13606</position><in_Quantity.quantity>0.000000</in_Quantity.quantity><out_Quantity.quantity>53.014484</out_Quantity.quantity></Point><Point><position>13607</position><in_Quantity.quantity>0.000000</in_Quantity.quantity><out_Quantity.quantity>143.211993</out_Quantity.quantity></Point><Point><position>13608</position><in_Quantity.quantity>0.000000</in_Quantity.quantity><out_Quantity.quantity>169.809678</out_Quantity.quantity></Point><Point><position>13609</position><in_Quantity.quantity>0.000000</in_Quantity.quantity><out_Quantity.quantity>831.446901</out_Quantity.quantity></Point><Point><position>13610</position><in_Quantity.quantity>0.000000</in_Quantity.quantity><out_Quantity.quantity>81.610705</out_Quantity.quantity></Point><Point><position>13611</position><in_Quantity.quantity>0.000000</in_Quantity.quantity><out_Quantity.quantity>572.705831</out_Quantity.quantity></Point><Point><position>13612</position><in_Quantity.quantity>0.000000</in_Quantity.quantity><out_Quantity.quantity>745.256769</out_Quantity.quantity></Point><Point><position>13613</position><in_Quantity.quantity>0.000000</in_Quantity.quantity><out_Quantity.quantity>940.383305</out_Quantity.quantity></Point><Point><position>13614</position><in_Quantity.quantity>0.000000</in_Quantity.quantity><out_Quantity.quantity>132.990163</out_Quantity.quantity></Point><Point><position>13615</position><in_Quantity.quantity>0.000000</in_Quantity.quantity><out_Quantity.quantity>711.755640</out_Quantity.quantity></Point><Point><position>13616</position><in_Quantity.quantity>0.000000</in_Quantity.quantity><out_Quantity.quantity>510.950646</out_Quantity.quantity></Point><Point><position>13617</position><in_Quantity.quantity>0.000000</in_Quantity.quantity><out_Quantity.quantity>901.111182</out_Quantity.quantity></Point><Point><position>13618</position><in_Quantity.quantity>0.000000</in_Quantity.quantity><out_Quantity.quantity>416.466883</out_Quantity.quantity></Point><Point><position>13619</position><in_Quantity.quantity>0.000000</in_Quantity.quantity><out_Quantity.quantity>655.457748</out_Quantity.quantity></Point><Point><position>13620</position><in_Quantity.quantity>0.000000</in_Quantity.quantity><out_Quantity.quantity>481.210796</out_Quantity.quantity></Point><Point><position>13621</position><in_Quantity.quantity>0.000000</in_Quantity.quantity><out_Quantity.quantity>383.066635</out_Quantity.quantity></Point><Point><position>13622</position><in_Quantity.quantity>0.000000</in_Quantity.quantity><out_Quantity.quantity>814.709600</out_Quantity.quantity></Point><Point><position>13623</position><in_Quantity.quantity>0.000000</in_Quantity.quantity><out_Quantity.quantity>143.330957</out_Quantity.quantity></Point><Point><position>13624</position><in_Quantity.quantity>0.000000</in_Quantity.quantity><out_Quantity.quantity>512.633736</out_Quantity.quantity></Point><Point><position>13625</position><in_Quantity.quantity>0.000000</in_Quantity.quantity><out_Quantity.quantity>701.674138</out_Quantity.quantity></Point><Point><position>13626</position><in_Quantity.quantity>0.000000</in_Quantity.quantity><out_Quantity.quantity>488.485687</out_Quantity.quantity></Point><Point><position>13627</position><in_Quantity.quantity>0.000000</in_Quantity.quantity><out_Quantity.quantity>564.925807</out_Quantity.quantity></Point><Point><position>13628</position><in_Quantity.quantity>0.000000</in_Quantity.quantity><out_Quantity.quantity>655.032910</out_Quantity.quantity></Point><Point><position>13629</position><in_Quantity.quantity>0.000000</in_Quantity.quantity><out_Quantity.quantity>215.446943</out_Quantity.quantity></Point><Point><position>13630</position><in_Quantity.quantity>0.000000</in_Quantity.quantity><out_Quantity.quantity>88.810040</out_Quantity.quantity></Point><Point><position>13631</position><in_Quantity.quantity>0.000000</in_Quantity.quantity><out_Quantity.quantity>59.717797</out_Quantity.quantity></Point><Point><position>13632</position><in_Quantity.quantity>0.000000</in_Quantity.quantity><out_Quantity.quantity>278.142243</out_Quantity.quantity></Point><Point><position>13633</position><in_Quantity.quantity>0.000000</in_Quantity.quantity><out_Quantity.quantity>962.214535</out_Quantity.quantity></Point><Point><position>13634</position><in_Quantity.quantity>0.000000</in_Quantity.quantity><out_Quantity.quantity>437.907302</out_Quantity.quantity></Point><Point><position>13635</position><in_Quantity.quantity>0.000000</in_Quantity.quantity><out_Quantity.quantity>481.934575</out_Quantity.quantity></Point><Point><position>13636</position><in_Quantity.quantity>0.000000</in_Quantity.quantity><out_Quantity.quantity>145.286734</out_Quantity.quantity></Point><Point><position>13637</position><in_Quantity.quantity>0.000000</in_Quantity.quantity><out_Quantity.quantity>220.479454</out_Quantity.quantity></Point><Point><position>13638</position><in_Quantity.quantity>0.000000</in_Quantity.quantity><out_Quantity.quantity>886.228267</out_Quantity.quantity></Point><Point><position>13639</position><in_Quantity.quantity>0.000000</in_Quantity.quantity><out_Quantity.quantity>692.953485</out_Quantity.quantity></Point><Point><position>13640</position><in_Quantity.quantity>0.000000</in_Quantity.quantity><out_Quantity.quantity>138.797437</out_Quantity.quantity></Point><Point><position>13641</position><in_Quantity.quantity>0.000000</in_Quantity.quantity><out_Quantity.quantity>602.314218</out_Quantity.quantity></Point><Point><position>13642</position><in_Quantity.quantity>0.000000</in_Quantity.quantity><out_Quantity.quantity>414.907496</out_Quantity.quantity></Point><Point><position>13643</position><in_Quantity.quantity>0.000000</in_Quantity.quantity><out_Quantity.quantity>630.923065</out_Quantity.quantity></Point><Point><position>13644</position><in_Quantity.quantity>0.000000</in_Quantity.quantity><out_Quantity.quantity>83.247065</out_Quantity.quantity></Point><Point><position>13645</position><in_Quantity.quantity>0.000000</in_Quantity.quantity><out_Quantity.quantity>48.398370</out_Quantity.quantity></Point><Point><position>13646</position><in_Quantity.quantity>0.000000</in_Quantity.quantity><out_Quantity.quantity>663.319714</out_Quantity.quantity></Point><Point><position>13647</position><in_Quantity.quantity>0.000000</in_Quantity.quantity><out_Quantity.quantity>883.908046</out_Quantity.quantity></Point><Point><position>13648</position><in_Quantity.quantity>0.000000</in_Quantity.quantity><out_Quantity.quantity>273.576651</out_Quantity.quantity></Point><Point><position>13649</position><in_Quantity.quantity>0.000000</in_Quantity.quantity><out_Quantity.quantity>975.192134</out_Quantity.quantity></Point><Point><position>13650</position><in_Quantity.quantity>0.000000</in_Quantity.quantity><out_Quantity.quantity>147.396397</out_Quantity.quantity></Point><Point><position>13651</position><in_Quantity.quantity>0.000000</in_Quantity.quantity><out_Quantity.quantity>893.239631</out_Quantity.quantity></Point><Point><position>13652</position><in_Quantity.quantity>0.000000</in_Quantity.quantity><out_Quantity.quantity>974.797608</out_Quantity.quantity></Point><Point><position>13653</position><in_Quantity.quantity>0.000000</in_Quantity.quantity><out_Quantity.quantity>396.477988</out_Quantity.quantity></Point><Point><position>13654</position><in_Quantity.quantity>0.000000</in_Quantity.quantity><out_Quantity.quantity>463.334279</out_Quantity.quantity></Point><Point><position>13655</position><in_Quantity.quantity>0.000000</in_Quantity.quantity><out_Quantity.quantity>444.469268</out_Quantity.quantity></Point><Point><position>13656</position><in_Quantity.quantity>0.000000</in_Quantity.quantity><out_Quantity.quantity>698.607040</out_Quantity.quantity></Point><Point><position>13657</position><in_Quantity.quantity>0.000000</in_Quantity.quantity><out_Quantity.quantity>38.583735</out_Quantity.quantity></Point><Point><position>13658</position><in_Quantity.quantity>0.000000</in_Quantity.quantity><out_Quantity.quantity>490.678125</out_Quantity.quantity></Point><Point><position>13659</position><in_Quantity.quantity>0.000000</in_Quantity.quantity><out_Quantity.quantity>753.974667</out_Quantity.quantity></Point><Point><position>13660</position><in_Quantity.quantity>0.000000</in_Quantity.quantity><out_Quantity.quantity>798.445666</out_Quantity.quantity></Point><Point><position>13661</position><in_Quantity.quantity>0.000000</in_Quantity.quantity><out_Quantity.quantity>541.089749</out_Quantity.quantity></Point><Point><position>13662</position><in_Quantity.quantity>0.000000</in_Quantity.quantity><out_Quantity.quantity>926.748921</out_Quantity.quantity></Point><Point><position>13663</position><in_Quantity.quantity>0.000000</in_Quantity.quantity><out_Quantity.quantity>865.882839</out_Quantity.quantity></Point><Point><position>13664</position><in_Quantity.quantity>0.000000</in_Quantity.quantity><out_Quantity.quantity>146.553062</out_Quantity.quantity></Point><Point><position>13665</position><in_Quantity.quantity>0.000000</in_Quantity.quantity><out_Quantity.quantity>39.947317</out_Quantity.quantity></Point><Point><position>13666</position><in_Quantity.quantity>0.000000</in_Quantity.quantity><out_Quantity.quantity>239.568836</out_Quantity.quantity></Point><Point><position>13667</position><in_Quantity.quantity>0.000000</in_Quantity.quantity><out_Quantity.quantity>906.285616</out_Quantity.quantity></Point><Point><position>13668</position><in_Quantity.quantity>0.000000</in_Quantity.quantity><out_Quantity.quantity>662.685641</out_Quantity.quantity></Point><Point><position>13669</position><in_Quantity.quantity>0.000000</in_Quantity.quantity><out_Quantity.quantity>560.670495</out_Quantity.quantity></Point><Point><position>13670</position><in_Quantity.quantity>0.000000</in_Quantity.quantity><out_Quantity.quantity>99.305221</out_Quantity.quantity></Point><Point><position>13671</position><in_Quantity.quantity>0.000000</in_Quantity.quantity><out_Quantity.quantity>746.339289</out_Quantity.quantity></Point><Point><position>13672</position><in_Quantity.quantity>0.000000</in_Quantity.quantity><out_Quantity.quantity>478.142833</out_Quantity.quantity></Point><Point><position>13673</position><in_Quantity.quantity>0.000000</in_Quantity.quantity><out_Quantity.quantity>603.446976</out_Quantity.quantity></Point><Point><position>13674</position><in_Quantity.quantity>0.000000</in_Quantity.quantity><out_Quantity.quantity>193.521167</out_Quantity.quantity></Point><Point><position>13675</position><in_Quantity.quantity>0.000000</in_Quantity.quantity><out_Quantity.quantity>731.763249</out_Quantity.quantity></Point><Point><position>13676</position><in_Quantity.quantity>0.000000</in_Quantity.quantity><out_Quantity.quantity>341.340856</out_Quantity.quantity></Point><Point><position>13677</position><in_Quantity.quantity>0.000000</in_Quantity.quantity><out_Quantity.quantity>717.320610</out_Quantity.quantity></Point><Point><position>13678</position><in_Quantity.quantity>0.000000</in_Quantity.quantity><out_Quantity.quantity>446.337789</out_Quantity.quantity></Point><Point><position>13679</position><in_Quantity.quantity>0.000000</in_Quantity.quantity><out_Quantity.quantity>234.561688</out_Quantity.quantity></Point><Point><position>13680</position><in_Quantity.quantity>0.000000</in_Quantity.quantity><out_Quantity.quantity>927.721720</out_Quantity.quantity></Point><Point><position>13681</position><in_Quantity.quantity>0.000000</in_Quantity.quantity><out_Quantity.quantity>928.416498</out_Quantity.quantity></Point><Point><position>13682</position><in_Quantity.quantity>0.000000</in_Quantity.quantity><out_Quantity.quantity>259.840485</out_Quantity.quantity></Point><Point><position>13683</position><in_Quantity.quantity>0.000000</in_Quantity.quantity><out_Quantity.quantity>859.127177</out_Quantity.quantity></Point><Point><position>13684</position><in_Quantity.quantity>0.000000</in_Quantity.quantity><out_Quantity.quantity>784.951592</out_Quantity.quantity></Point><Point><position>13685</position><in_Quantity.quantity>0.000000</in_Quantity.quantity><out_Quantity.quantity>122.565365</out_Quantity.quantity></Point><Point><position>13686</position><in_Quantity.quantity>0.000000</in_Quantity.quantity><out_Quantity.quantity>158.594647</out_Quantity.quantity></Point><Point><position>13687</position><in_Quantity.quantity>0.000000</in_Quantity.quantity><out_Quantity.quantity>510.884266</out_Quantity.quantity></Point><Point><position>13688</position><in_Quantity.quantity>0.000000</in_Quantity.quantity><out_Quantity.quantity>660.951419</out_Quantity.quantity></Point><Point><position>13689</position><in_Quantity.quantity>0.000000</in_Quantity.quantity><out_Quantity.quantity>562.016002</out_Quantity.quantity></Point><Point><position>13690</position><in_Quantity.quantity>0.000000</in_Quantity.quantity><out_Quantity.quantity>62.382092</out_Quantity.quantity></Point><Point><position>13691</position><in_Quantity.quantity>0.000000</in_Quantity.quantity><out_Quantity.quantity>580.995076</out_Quantity.quantity></Point><Point><position>13692</position><in_Quantity.quantity>0.000000</in_Quantity.quantity><out_Quantity.quantity>379.950592</out_Quantity.quantity></Point><Point><position>13693</position><in_Quantity.quantity>0.000000</in_Quantity.quantity><out_Quantity.quantity>752.523157</out_Quantity.quantity></Point><Point><position>13694</position><in_Quantity.quantity>0.000000</in_Quantity.quantity><out_Quantity.quantity>446.335464</out_Quantity.quantity></Point><Point><position>13695</position><in_Quantity.quantity>0.000000</in_Quantity.quantity><out_Quantity.quantity>449.569716</out_Quantity.quantity></Point><Point><position>13696</position><in_Quantity.quantity>0.000000</in_Quantity.quantity><out_Quantity.quantity>840.145945</out_Quantity.quantity></Point><Point><position>13697</position><in_Quantity.quantity>0.000000</in_Quantity.quantity><out_Quantity.quantity>95.104590</out_Quantity.quantity></Point><Point><position>13698</position><in_Quantity.quantity>0.000000</in_Quantity.quantity><out_Quantity.quantity>650.923753</out_Quantity.quantity></Point><Point><position>13699</position><in_Quantity.quantity>0.000000</in_Quantity.quantity><out_Quantity.quantity>253.865581</out_Quantity.quantity></Point><Point><position>13700</position><in_Quantity.quantity>0.000000</in_Quantity.quantity><out_Quantity.quantity>279.907466</out_Quantity.quantity></Point><Point><position>13701</position><in_Quantity.quantity>0.000000</in_Quantity.quantity><out_Quantity.quantity>833.878493</out_Quantity.quantity></Point><Point><position>13702</position><in_Quantity.quantity>0.000000</in_Quantity.quantity><out_Quantity.quantity>944.054355</out_Quantity.quantity></Point><Point><position>13703</position><in_Quantity.quantity>0.000000</in_Quantity.quantity><out_Quantity.quantity>710.307652</out_Quantity.quantity></Point><Point><position>13704</position><in_Quantity.quantity>0.000000</in_Quantity.quantity><out_Quantity.quantity>582.150973</out_Quantity.quantity></Point><Point><position>13705</position><in_Quantity.quantity>0.000000</in_Quantity.quantity><out_Quantity.quantity>204.507443</out_Quantity.quantity></Point><Point><position>13706</position><in_Quantity.quantity>0.000000</in_Quantity.quantity><out_Quantity.quantity>331.272105</out_Quantity.quantity></Point><Point><position>13707</position><in_Quantity.quantity>0.000000</in_Quantity.quantity><out_Quantity.quantity>340.287003</out_Quantity.quantity></Point><Point><position>13708</position><in_Quantity.quantity>0.000000</in_Quantity.quantity><out_Quantity.quantity>629.979967</out_Quantity.quantity></Point><Point><position>13709</position><in_Quantity.quantity>0.000000</in_Quantity.quantity><out_Quantity.quantity>73.531022</out_Quantity.quantity></Point><Point><position>13710</position><in_Quantity.quantity>0.000000</in_Quantity.quantity><out_Quantity.quantity>550.856419</out_Quantity.quantity></Point><Point><position>13711</position><in_Quantity.quantity>0.000000</in_Quantity.quantity><out_Quantity.quantity>618.353828</out_Quantity.quantity></Point><Point><position>13712</position><in_Quantity.quantity>0.000000</in_Quantity.quantity><out_Quantity.quantity>381.349983</out_Quantity.quantity></Point><Point><position>13713</position><in_Quantity.quantity>0.000000</in_Quantity.quantity><out_Quantity.quantity>835.131275</out_Quantity.quantity></Point><Point><position>13714</position><in_Quantity.quantity>0.000000</in_Quantity.quantity><out_Quantity.quantity>620.276059</out_Quantity.quantity></Point><Point><position>13715</position><in_Quantity.quantity>0.000000</in_Quantity.quantity><out_Quantity.quantity>737.238663</out_Quantity.quantity></Point><Point><position>13716</position><in_Quantity.quantity>0.000000</in_Quantity.quantity><out_Quantity.quantity>659.130031</out_Quantity.quantity></Point><Point><position>13717</position><in_Quantity.quantity>0.000000</in_Quantity.quantity><out_Quantity.quantity>434.474464</out_Quantity.quantity></Point><Point><position>13718</position><in_Quantity.quantity>0.000000</in_Quantity.quantity><out_Quantity.quantity>741.477966</out_Quantity.quantity></Point><Point><position>13719</position><in_Quantity.quantity>0.000000</in_Quantity.quantity><out_Quantity.quantity>981.702611</out_Quantity.quantity></Point><Point><position>13720</position><in_Quantity.quantity>0.000000</in_Quantity.quantity><out_Quantity.quantity>338.578412</out_Quantity.quantity></Point><Point><position>13721</position><in_Quantity.quantity>0.000000</in_Quantity.quantity><out_Quantity.quantity>199.339361</out_Quantity.quantity></Point><Point><position>13722</position><in_Quantity.quantity>0.000000</in_Quantity.quantity><out_Quantity.quantity>993.823297</out_Quantity.quantity></Point><Point><position>13723</position><in_Quantity.quantity>0.000000</in_Quantity.quantity><out_Quantity.quantity>134.137015</out_Quantity.quantity></Point><Point><position>13724</position><in_Quantity.quantity>0.000000</in_Quantity.quantity><out_Quantity.quantity>512.092771</out_Quantity.quantity></Point><Point><position>13725</position><in_Quantity.quantity>0.000000</in_Quantity.quantity><out_Quantity.quantity>213.930360</out_Quantity.quantity></Point><Point><position>13726</position><in_Quantity.quantity>0.000000</in_Quantity.quantity><out_Quantity.quantity>275.319175</out_Quantity.quantity></Point><Point><position>13727</position><in_Quantity.quantity>0.000000</in_Quantity.quantity><out_Quantity.quantity>939.104021</out_Quantity.quantity></Point><Point><position>13728</position><in_Quantity.quantity>0.000000</in_Quantity.quantity><out_Quantity.quantity>509.481938</out_Quantity.quantity></Point><Point><position>13729</position><in_Quantity.quantity>0.000000</in_Quantity.quantity><out_Quantity.quantity>82.516299</out_Quantity.quantity></Point><Point><position>13730</position><in_Quantity.quantity>0.000000</in_Quantity.quantity><out_Quantity.quantity>692.834020</out_Quantity.quantity></Point><Point><position>13731</position><in_Quantity.quantity>0.000000</in_Quantity.quantity><out_Quantity.quantity>195.149855</out_Quantity.quantity></Point><Point><position>13732</position><in_Quantity.quantity>0.000000</in_Quantity.quantity><out_Quantity.quantity>261.222275</out_Quantity.quantity></Point><Point><position>13733</position><in_Quantity.quantity>0.000000</in_Quantity.quantity><out_Quantity.quantity>125.128232</out_Quantity.quantity></Point><Point><position>13734</position><in_Quantity.quantity>0.000000</in_Quantity.quantity><out_Quantity.quantity>624.973358</out_Quantity.quantity></Point><Point><position>13735</position><in_Quantity.quantity>0.000000</in_Quantity.quantity><out_Quantity.quantity>263.700889</out_Quantity.quantity></Point><Point><position>13736</position><in_Quantity.quantity>0.000000</in_Quantity.quantity><out_Quantity.quantity>445.559353</out_Quantity.quantity></Point><Point><position>13737</position><in_Quantity.quantity>0.000000</in_Quantity.quantity><out_Quantity.quantity>242.771809</out_Quantity.quantity></Point><Point><position>13738</position><in_Quantity.quantity>0.000000</in_Quantity.quantity><out_Quantity.quantity>198.192286</out_Quantity.quantity></Point><Point><position>13739</position><in_Quantity.quantity>0.000000</in_Quantity.quantity><out_Quantity.quantity>84.141332</out_Quantity.quantity></Point><Point><position>13740</position><in_Quantity.quantity>0.000000</in_Quantity.quantity><out_Quantity.quantity>561.947259</out_Quantity.quantity></Point><Point><position>13741</position><in_Quantity.quantity>0.000000</in_Quantity.quantity><out_Quantity.quantity>796.486580</out_Quantity.quantity></Point><Point><position>13742</position><in_Quantity.quantity>0.000000</in_Quantity.quantity><out_Quantity.quantity>517.903593</out_Quantity.quantity></Point><Point><position>13743</position><in_Quantity.quantity>0.000000</in_Quantity.quantity><out_Quantity.quantity>340.120972</out_Quantity.quantity></Point><Point><position>13744</position><in_Quantity.quantity>0.000000</in_Quantity.quantity><out_Quantity.quantity>206.797327</out_Quantity.quantity></Point><Point><position>13745</position><in_Quantity.quantity>0.000000</in_Quantity.quantity><out_Quantity.quantity>556.846365</out_Quantity.quantity></Point><Point><position>13746</position><in_Quantity.quantity>0.000000</in_Quantity.quantity><out_Quantity.quantity>169.558790</out_Quantity.quantity></Point><Point><position>13747</position><in_Quantity.quantity>0.000000</in_Quantity.quantity><out_Quantity.quantity>701.076865</out_Quantity.quantity></Point><Point><position>13748</position><in_Quantity.quantity>0.000000</in_Quantity.quantity><out_Quantity.quantity>249.399921</out_Quantity.quantity></Point><Point><position>13749</position><in_Quantity.quantity>0.000000</in_Quantity.quantity><out_Quantity.quantity>414.039726</out_Quantity.quantity></Point><Point><position>13750</position><in_Quantity.quantity>0.000000</in_Quantity.quantity><out_Quantity.quantity>680.421906</out_Quantity.quantity></Point><Point><position>13751</position><in_Quantity.quantity>0.000000</in_Quantity.quantity><out_Quantity.quantity>553.679632</out_Quantity.quantity></Point><Point><position>13752</position><in_Quantity.quantity>0.000000</in_Quantity.quantity><out_Quantity.quantity>998.246811</out_Quantity.quantity></Point><Point><position>13753</position><in_Quantity.quantity>0.000000</in_Quantity.quantity><out_Quantity.quantity>782.329079</out_Quantity.quantity></Point><Point><position>13754</position><in_Quantity.quantity>0.000000</in_Quantity.quantity><out_Quantity.quantity>258.040579</out_Quantity.quantity></Point><Point><position>13755</position><in_Quantity.quantity>0.000000</in_Quantity.quantity><out_Quantity.quantity>496.153640</out_Quantity.quantity></Point><Point><position>13756</position><in_Quantity.quantity>0.000000</in_Quantity.quantity><out_Quantity.quantity>16.031792</out_Quantity.quantity></Point><Point><position>13757</position><in_Quantity.quantity>0.000000</in_Quantity.quantity><out_Quantity.quantity>122.143853</out_Quantity.quantity></Point><Point><position>13758</position><in_Quantity.quantity>0.000000</in_Quantity.quantity><out_Quantity.quantity>888.522987</out_Quantity.quantity></Point><Point><position>13759</position><in_Quantity.quantity>0.000000</in_Quantity.quantity><out_Quantity.quantity>620.539109</out_Quantity.quantity></Point><Point><position>13760</position><in_Quantity.quantity>0.000000</in_Quantity.quantity><out_Quantity.quantity>866.871361</out_Quantity.quantity></Point><Point><position>13761</position><in_Quantity.quantity>0.000000</in_Quantity.quantity><out_Quantity.quantity>607.513848</out_Quantity.quantity></Point><Point><position>13762</position><in_Quantity.quantity>0.000000</in_Quantity.quantity><out_Quantity.quantity>793.576388</out_Quantity.quantity></Point><Point><position>13763</position><in_Quantity.quantity>0.000000</in_Quantity.quantity><out_Quantity.quantity>468.579097</out_Quantity.quantity></Point><Point><position>13764</position><in_Quantity.quantity>0.000000</in_Quantity.quantity><out_Quantity.quantity>104.956122</out_Quantity.quantity></Point><Point><position>13765</position><in_Quantity.quantity>0.000000</in_Quantity.quantity><out_Quantity.quantity>448.715969</out_Quantity.quantity></Point><Point><position>13766</position><in_Quantity.quantity>0.000000</in_Quantity.quantity><out_Quantity.quantity>555.201878</out_Quantity.quantity></Point><Point><position>13767</position><in_Quantity.quantity>0.000000</in_Quantity.quantity><out_Quantity.quantity>551.782800</out_Quantity.quantity></Point><Point><position>13768</position><in_Quantity.quantity>0.000000</in_Quantity.quantity><out_Quantity.quantity>662.033926</out_Quantity.quantity></Point><Point><position>13769</position><in_Quantity.quantity>0.000000</in_Quantity.quantity><out_Quantity.quantity>562.130398</out_Quantity.quantity></Point><Point><position>13770</position><in_Quantity.quantity>0.000000</in_Quantity.quantity><out_Quantity.quantity>303.798863</out_Quantity.quantity></Point><Point><position>13771</position><in_Quantity.quantity>0.000000</in_Quantity.quantity><out_Quantity.quantity>951.625602</out_Quantity.quantity></Point><Point><position>13772</position><in_Quantity.quantity>0.000000</in_Quantity.quantity><out_Quantity.quantity>147.092572</out_Quantity.quantity></Point><Point><position>13773</position><in_Quantity.quantity>0.000000</in_Quantity.quantity><out_Quantity.quantity>833.299271</out_Quantity.quantity></Point><Point><position>13774</position><in_Quantity.quantity>0.000000</in_Quantity.quantity><out_Quantity.quantity>643.211950</out_Quantity.quantity></Point><Point><position>13775</position><in_Quantity.quantity>0.000000</in_Quantity.quantity><out_Quantity.quantity>200.900355</out_Quantity.quantity></Point><Point><position>13776</position><in_Quantity.quantity>0.000000</in_Quantity.quantity><out_Quantity.quantity>919.182905</out_Quantity.quantity></Point><Point><position>13777</position><in_Quantity.quantity>0.000000</in_Quantity.quantity><out_Quantity.quantity>218.060706</out_Quantity.quantity></Point><Point><position>13778</position><in_Quantity.quantity>0.000000</in_Quantity.quantity><out_Quantity.quantity>844.391577</out_Quantity.quantity></Point><Point><position>13779</position><in_Quantity.quantity>0.000000</in_Quantity.quantity><out_Quantity.quantity>722.578532</out_Quantity.quantity></Point><Point><position>13780</position><in_Quantity.quantity>0.000000</in_Quantity.quantity><out_Quantity.quantity>281.460771</out_Quantity.quantity></Point><Point><position>13781</position><in_Quantity.quantity>0.000000</in_Quantity.quantity><out_Quantity.quantity>324.540782</out_Quantity.quantity></Point><Point><position>13782</position><in_Quantity.quantity>0.000000</in_Quantity.quantity><out_Quantity.quantity>629.187991</out_Quantity.quantity></Point><Point><position>13783</position><in_Quantity.quantity>0.000000</in_Quantity.quantity><out_Quantity.quantity>764.881286</out_Quantity.quantity></Point><Point><position>13784</position><in_Quantity.quantity>0.000000</in_Quantity.quantity><out_Quantity.quantity>104.635950</out_Quantity.quantity></Point><Point><position>13785</position><in_Quantity.quantity>0.000000</in_Quantity.quantity><out_Quantity.quantity>68.578761</out_Quantity.quantity></Point><Point><position>13786</position><in_Quantity.quantity>0.000000</in_Quantity.quantity><out_Quantity.quantity>254.003452</out_Quantity.quantity></Point><Point><position>13787</position><in_Quantity.quantity>0.000000</in_Quantity.quantity><out_Quantity.quantity>604.520863</out_Quantity.quantity></Point><Point><position>13788</position><in_Quantity.quantity>0.000000</in_Quantity.quantity><out_Quantity.quantity>851.143733</out_Quantity.quantity></Point><Point><position>13789</position><in_Quantity.quantity>0.000000</in_Quantity.quantity><out_Quantity.quantity>221.616230</out_Quantity.quantity></Point><Point><position>13790</position><in_Quantity.quantity>0.000000</in_Quantity.quantity><out_Quantity.quantity>936.431772</out_Quantity.quantity></Point><Point><position>13791</position><in_Quantity.quantity>0.000000</in_Quantity.quantity><out_Quantity.quantity>759.164090</out_Quantity.quantity></Point><Point><position>13792</position><in_Quantity.quantity>0.000000</in_Quantity.quantity><out_Quantity.quantity>635.923937</out_Quantity.quantity></Point><Point><position>13793</position><in_Quantity.quantity>0.000000</in_Quantity.quantity><out_Quantity.quantity>420.607036</out_Quantity.quantity></Point><Point><position>13794</position><in_Quantity.quantity>0.000000</in_Quantity.quantity><out_Quantity.quantity>144.315199</out_Quantity.quantity></Point><Point><position>13795</position><in_Quantity.quantity>0.000000</in_Quantity.quantity><out_Quantity.quantity>541.982481</out_Quantity.quantity></Point><Point><position>13796</position><in_Quantity.quantity>0.000000</in_Quantity.quantity><out_Quantity.quantity>62.407101</out_Quantity.quantity></Point><Point><position>13797</position><in_Quantity.quantity>0.000000</in_Quantity.quantity><out_Quantity.quantity>485.809770</out_Quantity.quantity></Point><Point><position>13798</position><in_Quantity.quantity>0.000000</in_Quantity.quantity><out_Quantity.quantity>443.704527</out_Quantity.quantity></Point><Point><position>13799</position><in_Quantity.quantity>0.000000</in_Quantity.quantity><out_Quantity.quantity>459.804534</out_Quantity.quantity></Point><Point><position>13800</position><in_Quantity.quantity>0.000000</in_Quantity.quantity><out_Quantity.quantity>832.691449</out_Quantity.quantity></Point><Point><position>13801</position><in_Quantity.quantity>0.000000</in_Quantity.quantity><out_Quantity.quantity>812.710464</out_Quantity.quantity></Point><Point><position>13802</position><in_Quantity.quantity>0.000000</in_Quantity.quantity><out_Quantity.quantity>885.496140</out_Quantity.quantity></Point><Point><position>13803</position><in_Quantity.quantity>0.000000</in_Quantity.quantity><out_Quantity.quantity>659.084817</out_Quantity.quantity></Point><Point><position>13804</position><in_Quantity.quantity>0.000000</in_Quantity.quantity><out_Quantity.quantity>134.642218</out_Quantity.quantity></Point><Point><position>13805</position><in_Quantity.quantity>0.000000</in_Quantity.quantity><out_Quantity.quantity>867.926286</out_Quantity.quantity></Point><Point><position>13806</position><in_Quantity.quantity>0.000000</in_Quantity.quantity><out_Quantity.quantity>642.177813</out_Quantity.quantity></Point><Point><position>13807</position><in_Quantity.quantity>0.000000</in_Quantity.quantity><out_Quantity.quantity>300.933262</out_Quantity.quantity></Point><Point><position>13808</position><in_Quantity.quantity>0.000000</in_Quantity.quantity><out_Quantity.quantity>961.103540</out_Quantity.quantity></Point><Point><position>13809</position><in_Quantity.quantity>0.000000</in_Quantity.quantity><out_Quantity.quantity>964.805226</out_Quantity.quantity></Point><Point><position>13810</position><in_Quantity.quantity>0.000000</in_Quantity.quantity><out_Quantity.quantity>439.106437</out_Quantity.quantity></Point><Point><position>13811</position><in_Quantity.quantity>0.000000</in_Quantity.quantity><out_Quantity.quantity>936.232977</out_Quantity.quantity></Point><Point><position>13812</position><in_Quantity.quantity>0.000000</in_Quantity.quantity><out_Quantity.quantity>117.292665</out_Quantity.quantity></Point><Point><position>13813</position><in_Quantity.quantity>0.000000</in_Quantity.quantity><out_Quantity.quantity>335.369290</out_Quantity.quantity></Point><Point><position>13814</position><in_Quantity.quantity>0.000000</in_Quantity.quantity><out_Quantity.quantity>835.392016</out_Quantity.quantity></Point><Point><position>13815</position><in_Quantity.quantity>0.000000</in_Quantity.quantity><out_Quantity.quantity>215.401956</out_Quantity.quantity></Point><Point><position>13816</position><in_Quantity.quantity>0.000000</in_Quantity.quantity><out_Quantity.quantity>442.727430</out_Quantity.quantity></Point><Point><position>13817</position><in_Quantity.quantity>0.000000</in_Quantity.quantity><out_Quantity.quantity>966.383004</out_Quantity.quantity></Point><Point><position>13818</position><in_Quantity.quantity>0.000000</in_Quantity.quantity><out_Quantity.quantity>80.228884</out_Quantity.quantity></Point><Point><position>13819</position><in_Quantity.quantity>0.000000</in_Quantity.quantity><out_Quantity.quantity>3.894415</out_Quantity.quantity></Point><Point><position>13820</position><in_Quantity.quantity>0.000000</in_Quantity.quantity><out_Quantity.quantity>912.127485</out_Quantity.quantity></Point><Point><position>13821</position><in_Quantity.quantity>0.000000</in_Quantity.quantity><out_Quantity.quantity>675.278523</out_Quantity.quantity></Point><Point><position>13822</position><in_Quantity.quantity>0.000000</in_Quantity.quantity><out_Quantity.quantity>665.544911</out_Quantity.quantity></Point><Point><position>13823</position><in_Quantity.quantity>0.000000</in_Quantity.quantity><out_Quantity.quantity>336.559931</out_Quantity.quantity></Point><Point><position>13824</position><in_Quantity.quantity>0.000000</in_Quantity.quantity><out_Quantity.quantity>548.812875</out_Quantity.quantity></Point><Point><position>13825</position><in_Quantity.quantity>0.000000</in_Quantity.quantity><out_Quantity.quantity>898.438453</out_Quantity.quantity></Point><Point><position>13826</position><in_Quantity.quantity>0.000000</in_Quantity.quantity><out_Quantity.quantity>423.961360</out_Quantity.quantity></Point><Point><position>13827</position><in_Quantity.quantity>0.000000</in_Quantity.quantity><out_Quantity.quantity>271.332930</out_Quantity.quantity></Point><Point><position>13828</position><in_Quantity.quantity>0.000000</in_Quantity.quantity><out_Quantity.quantity>887.637883</out_Quantity.quantity></Point><Point><position>13829</position><in_Quantity.quantity>0.000000</in_Quantity.quantity><out_Quantity.quantity>189.207279</out_Quantity.quantity></Point><Point><position>13830</position><in_Quantity.quantity>0.000000</in_Quantity.quantity><out_Quantity.quantity>104.234563</out_Quantity.quantity></Point><Point><position>13831</position><in_Quantity.quantity>0.000000</in_Quantity.quantity><out_Quantity.quantity>469.917983</out_Quantity.quantity></Point><Point><position>13832</position><in_Quantity.quantity>0.000000</in_Quantity.quantity><out_Quantity.quantity>455.574951</out_Quantity.quantity></Point><Point><position>13833</position><in_Quantity.quantity>0.000000</in_Quantity.quantity><out_Quantity.quantity>993.548070</out_Quantity.quantity></Point><Point><position>13834</position><in_Quantity.quantity>0.000000</in_Quantity.quantity><out_Quantity.quantity>264.049301</out_Quantity.quantity></Point><Point><position>13835</position><in_Quantity.quantity>0.000000</in_Quantity.quantity><out_Quantity.quantity>474.971643</out_Quantity.quantity></Point><Point><position>13836</position><in_Quantity.quantity>0.000000</in_Quantity.quantity><out_Quantity.quantity>620.944338</out_Quantity.quantity></Point><Point><position>13837</position><in_Quantity.quantity>0.000000</in_Quantity.quantity><out_Quantity.quantity>673.351568</out_Quantity.quantity></Point><Point><position>13838</position><in_Quantity.quantity>0.000000</in_Quantity.quantity><out_Quantity.quantity>734.622209</out_Quantity.quantity></Point><Point><position>13839</position><in_Quantity.quantity>0.000000</in_Quantity.quantity><out_Quantity.quantity>864.911127</out_Quantity.quantity></Point><Point><position>13840</position><in_Quantity.quantity>0.000000</in_Quantity.quantity><out_Quantity.quantity>498.522796</out_Quantity.quantity></Point><Point><position>13841</position><in_Quantity.quantity>0.000000</in_Quantity.quantity><out_Quantity.quantity>992.016622</out_Quantity.quantity></Point><Point><position>13842</position><in_Quantity.quantity>0.000000</in_Quantity.quantity><out_Quantity.quantity>857.682579</out_Quantity.quantity></Point><Point><position>13843</position><in_Quantity.quantity>0.000000</in_Quantity.quantity><out_Quantity.quantity>701.645785</out_Quantity.quantity></Point><Point><position>13844</position><in_Quantity.quantity>0.000000</in_Quantity.quantity><out_Quantity.quantity>299.966482</out_Quantity.quantity></Point><Point><position>13845</position><in_Quantity.quantity>0.000000</in_Quantity.quantity><out_Quantity.quantity>394.460616</out_Quantity.quantity></Point><Point><position>13846</position><in_Quantity.quantity>0.000000</in_Quantity.quantity><out_Quantity.quantity>706.085201</out_Quantity.quantity></Point><Point><position>13847</position><in_Quantity.quantity>0.000000</in_Quantity.quantity><out_Quantity.quantity>352.100596</out_Quantity.quantity></Point><Point><position>13848</position><in_Quantity.quantity>0.000000</in_Quantity.quantity><out_Quantity.quantity>729.061129</out_Quantity.quantity></Point><Point><position>13849</position><in_Quantity.quantity>0.000000</in_Quantity.quantity><out_Quantity.quantity>875.185283</out_Quantity.quantity></Point><Point><position>13850</position><in_Quantity.quantity>0.000000</in_Quantity.quantity><out_Quantity.quantity>686.556648</out_Quantity.quantity></Point><Point><position>13851</position><in_Quantity.quantity>0.000000</in_Quantity.quantity><out_Quantity.quantity>815.224321</out_Quantity.quantity></Point><Point><position>13852</position><in_Quantity.quantity>0.000000</in_Quantity.quantity><out_Quantity.quantity>238.125570</out_Quantity.quantity></Point><Point><position>13853</position><in_Quantity.quantity>0.000000</in_Quantity.quantity><out_Quantity.quantity>39.025191</out_Quantity.quantity></Point><Point><position>13854</position><in_Quantity.quantity>0.000000</in_Quantity.quantity><out_Quantity.quantity>782.942680</out_Quantity.quantity></Point><Point><position>13855</position><in_Quantity.quantity>0.000000</in_Quantity.quantity><out_Quantity.quantity>213.181374</out_Quantity.quantity></Point><Point><position>13856</position><in_Quantity.quantity>0.000000</in_Quantity.quantity><out_Quantity.quantity>307.497003</out_Quantity.quantity></Point><Point><position>13857</position><in_Quantity.quantity>0.000000</in_Quantity.quantity><out_Quantity.quantity>48.666646</out_Quantity.quantity></Point><Point><position>13858</position><in_Quantity.quantity>0.000000</in_Quantity.quantity><out_Quantity.quantity>46.189031</out_Quantity.quantity></Point><Point><position>13859</position><in_Quantity.quantity>0.000000</in_Quantity.quantity><out_Quantity.quantity>96.932293</out_Quantity.quantity></Point><Point><position>13860</position><in_Quantity.quantity>0.000000</in_Quantity.quantity><out_Quantity.quantity>277.876261</out_Quantity.quantity></Point><Point><position>13861</position><in_Quantity.quantity>0.000000</in_Quantity.quantity><out_Quantity.quantity>591.956543</out_Quantity.quantity></Point><Point><position>13862</position><in_Quantity.quantity>0.000000</in_Quantity.quantity><out_Quantity.quantity>928.053414</out_Quantity.quantity></Point><Point><position>13863</position><in_Quantity.quantity>0.000000</in_Quantity.quantity><out_Quantity.quantity>180.418591</out_Quantity.quantity></Point><Point><position>13864</position><in_Quantity.quantity>0.000000</in_Quantity.quantity><out_Quantity.quantity>859.796581</out_Quantity.quantity></Point><Point><position>13865</position><in_Quantity.quantity>0.000000</in_Quantity.quantity><out_Quantity.quantity>787.447314</out_Quantity.quantity></Point><Point><position>13866</position><in_Quantity.quantity>0.000000</in_Quantity.quantity><out_Quantity.quantity>600.862448</out_Quantity.quantity></Point><Point><position>13867</position><in_Quantity.quantity>0.000000</in_Quantity.quantity><out_Quantity.quantity>319.025446</out_Quantity.quantity></Point><Point><position>13868</position><in_Quantity.quantity>0.000000</in_Quantity.quantity><out_Quantity.quantity>852.952291</out_Quantity.quantity></Point><Point><position>13869</position><in_Quantity.quantity>0.000000</in_Quantity.quantity><out_Quantity.quantity>188.255511</out_Quantity.quantity></Point><Point><position>13870</position><in_Quantity.quantity>0.000000</in_Quantity.quantity><out_Quantity.quantity>602.500594</out_Quantity.quantity></Point><Point><position>13871</position><in_Quantity.quantity>0.000000</in_Quantity.quantity><out_Quantity.quantity>911.700522</out_Quantity.quantity></Point><Point><position>13872</position><in_Quantity.quantity>0.000000</in_Quantity.quantity><out_Quantity.quantity>944.115747</out_Quantity.quantity></Point><Point><position>13873</position><in_Quantity.quantity>0.000000</in_Quantity.quantity><out_Quantity.quantity>373.571422</out_Quantity.quantity></Point><Point><position>13874</position><in_Quantity.quantity>0.000000</in_Quantity.quantity><out_Quantity.quantity>970.397822</out_Quantity.quantity></Point><Point><position>13875</position><in_Quantity.quantity>0.000000</in_Quantity.quantity><out_Quantity.quantity>75.877064</out_Quantity.quantity></Point><Point><position>13876</position><in_Quantity.quantity>0.000000</in_Quantity.quantity><out_Quantity.quantity>805.628239</out_Quantity.quantity></Point><Point><position>13877</position><in_Quantity.quantity>0.000000</in_Quantity.quantity><out_Quantity.quantity>725.075422</out_Quantity.quantity></Point><Point><position>13878</position><in_Quantity.quantity>0.000000</in_Quantity.quantity><out_Quantity.quantity>412.303704</out_Quantity.quantity></Point><Point><position>13879</position><in_Quantity.quantity>0.000000</in_Quantity.quantity><out_Quantity.quantity>596.722857</out_Quantity.quantity></Point><Point><position>13880</position><in_Quantity.quantity>0.000000</in_Quantity.quantity><out_Quantity.quantity>369.826463</out_Quantity.quantity></Point><Point><position>13881</position><in_Quantity.quantity>0.000000</in_Quantity.quantity><out_Quantity.quantity>551.034109</out_Quantity.quantity></Point><Point><position>13882</position><in_Quantity.quantity>0.000000</in_Quantity.quantity><out_Quantity.quantity>502.184993</out_Quantity.quantity></Point><Point><position>13883</position><in_Quantity.quantity>0.000000</in_Quantity.quantity><out_Quantity.quantity>492.167579</out_Quantity.quantity></Point><Point><position>13884</position><in_Quantity.quantity>0.000000</in_Quantity.quantity><out_Quantity.quantity>386.337199</out_Quantity.quantity></Point><Point><position>13885</position><in_Quantity.quantity>0.000000</in_Quantity.quantity><out_Quantity.quantity>813.411832</out_Quantity.quantity></Point><Point><position>13886</position><in_Quantity.quantity>0.000000</in_Quantity.quantity><out_Quantity.quantity>424.392792</out_Quantity.quantity></Point><Point><position>13887</position><in_Quantity.quantity>0.000000</in_Quantity.quantity><out_Quantity.quantity>912.433940</out_Quantity.quantity></Point><Point><position>13888</position><in_Quantity.quantity>0.000000</in_Quantity.quantity><out_Quantity.quantity>100.728498</out_Quantity.quantity></Point><Point><position>13889</position><in_Quantity.quantity>0.000000</in_Quantity.quantity><out_Quantity.quantity>995.861842</out_Quantity.quantity></Point><Point><position>13890</position><in_Quantity.quantity>0.000000</in_Quantity.quantity><out_Quantity.quantity>264.302425</out_Quantity.quantity></Point><Point><position>13891</position><in_Quantity.quantity>0.000000</in_Quantity.quantity><out_Quantity.quantity>155.699460</out_Quantity.quantity></Point><Point><position>13892</position><in_Quantity.quantity>0.000000</in_Quantity.quantity><out_Quantity.quantity>519.148365</out_Quantity.quantity></Point><Point><position>13893</position><in_Quantity.quantity>0.000000</in_Quantity.quantity><out_Quantity.quantity>129.417969</out_Quantity.quantity></Point><Point><position>13894</position><in_Quantity.quantity>0.000000</in_Quantity.quantity><out_Quantity.quantity>599.755749</out_Quantity.quantity></Point><Point><position>13895</position><in_Quantity.quantity>0.000000</in_Quantity.quantity><out_Quantity.quantity>120.481115</out_Quantity.quantity></Point><Point><position>13896</position><in_Quantity.quantity>0.000000</in_Quantity.quantity><out_Quantity.quantity>555.299434</out_Quantity.quantity></Point><Point><position>13897</position><in_Quantity.quantity>0.000000</in_Quantity.quantity><out_Quantity.quantity>358.917849</out_Quantity.quantity></Point><Point><position>13898</position><in_Quantity.quantity>0.000000</in_Quantity.quantity><out_Quantity.quantity>147.079360</out_Quantity.quantity></Point><Point><position>13899</position><in_Quantity.quantity>0.000000</in_Quantity.quantity><out_Quantity.quantity>97.108990</out_Quantity.quantity></Point><Point><position>13900</position><in_Quantity.quantity>0.000000</in_Quantity.quantity><out_Quantity.quantity>583.827964</out_Quantity.quantity></Point><Point><position>13901</position><in_Quantity.quantity>0.000000</in_Quantity.quantity><out_Quantity.quantity>641.526825</out_Quantity.quantity></Point><Point><position>13902</position><in_Quantity.quantity>0.000000</in_Quantity.quantity><out_Quantity.quantity>410.147979</out_Quantity.quantity></Point><Point><position>13903</position><in_Quantity.quantity>0.000000</in_Quantity.quantity><out_Quantity.quantity>685.755715</out_Quantity.quantity></Point><Point><position>13904</position><in_Quantity.quantity>0.000000</in_Quantity.quantity><out_Quantity.quantity>238.515532</out_Quantity.quantity></Point><Point><position>13905</position><in_Quantity.quantity>0.000000</in_Quantity.quantity><out_Quantity.quantity>670.571194</out_Quantity.quantity></Point><Point><position>13906</position><in_Quantity.quantity>0.000000</in_Quantity.quantity><out_Quantity.quantity>878.190433</out_Quantity.quantity></Point><Point><position>13907</position><in_Quantity.quantity>0.000000</in_Quantity.quantity><out_Quantity.quantity>652.091955</out_Quantity.quantity></Point><Point><position>13908</position><in_Quantity.quantity>0.000000</in_Quantity.quantity><out_Quantity.quantity>972.260970</out_Quantity.quantity></Point><Point><position>13909</position><in_Quantity.quantity>0.000000</in_Quantity.quantity><out_Quantity.quantity>739.506821</out_Quantity.quantity></Point><Point><position>13910</position><in_Quantity.quantity>0.000000</in_Quantity.quantity><out_Quantity.quantity>676.608678</out_Quantity.quantity></Point><Point><position>13911</position><in_Quantity.quantity>0.000000</in_Quantity.quantity><out_Quantity.quantity>711.029616</out_Quantity.quantity></Point><Point><position>13912</position><in_Quantity.quantity>0.000000</in_Quantity.quantity><out_Quantity.quantity>58.563367</out_Quantity.quantity></Point><Point><position>13913</position><in_Quantity.quantity>0.000000</in_Quantity.quantity><out_Quantity.quantity>42.817234</out_Quantity.quantity></Point><Point><position>13914</position><in_Quantity.quantity>0.000000</in_Quantity.quantity><out_Quantity.quantity>943.108281</out_Quantity.quantity></Point><Point><position>13915</position><in_Quantity.quantity>0.000000</in_Quantity.quantity><out_Quantity.quantity>613.611295</out_Quantity.quantity></Point><Point><position>13916</position><in_Quantity.quantity>0.000000</in_Quantity.quantity><out_Quantity.quantity>245.937323</out_Quantity.quantity></Point><Point><position>13917</position><in_Quantity.quantity>0.000000</in_Quantity.quantity><out_Quantity.quantity>754.661500</out_Quantity.quantity></Point><Point><position>13918</position><in_Quantity.quantity>0.000000</in_Quantity.quantity><out_Quantity.quantity>39.406014</out_Quantity.quantity></Point><Point><position>13919</position><in_Quantity.quantity>0.000000</in_Quantity.quantity><out_Quantity.quantity>375.040299</out_Quantity.quantity></Point><Point><position>13920</position><in_Quantity.quantity>0.000000</in_Quantity.quantity><out_Quantity.quantity>647.675052</out_Quantity.quantity></Point><Point><position>13921</position><in_Quantity.quantity>0.000000</in_Quantity.quantity><out_Quantity.quantity>535.945975</out_Quantity.quantity></Point><Point><position>13922</position><in_Quantity.quantity>0.000000</in_Quantity.quantity><out_Quantity.quantity>758.299421</out_Quantity.quantity></Point><Point><position>13923</position><in_Quantity.quantity>0.000000</in_Quantity.quantity><out_Quantity.quantity>497.315698</out_Quantity.quantity></Point><Point><position>13924</position><in_Quantity.quantity>0.000000</in_Quantity.quantity><out_Quantity.quantity>741.425305</out_Quantity.quantity></Point><Point><position>13925</position><in_Quantity.quantity>0.000000</in_Quantity.quantity><out_Quantity.quantity>355.085058</out_Quantity.quantity></Point><Point><position>13926</position><in_Quantity.quantity>0.000000</in_Quantity.quantity><out_Quantity.quantity>667.022949</out_Quantity.quantity></Point><Point><position>13927</position><in_Quantity.quantity>0.000000</in_Quantity.quantity><out_Quantity.quantity>784.987384</out_Quantity.quantity></Point><Point><position>13928</position><in_Quantity.quantity>0.000000</in_Quantity.quantity><out_Quantity.quantity>320.274803</out_Quantity.quantity></Point><Point><position>13929</position><in_Quantity.quantity>0.000000</in_Quantity.quantity><out_Quantity.quantity>231.095231</out_Quantity.quantity></Point><Point><position>13930</position><in_Quantity.quantity>0.000000</in_Quantity.quantity><out_Quantity.quantity>861.448568</out_Quantity.quantity></Point><Point><position>13931</position><in_Quantity.quantity>0.000000</in_Quantity.quantity><out_Quantity.quantity>445.364678</out_Quantity.quantity></Point><Point><position>13932</position><in_Quantity.quantity>0.000000</in_Quantity.quantity><out_Quantity.quantity>471.239371</out_Quantity.quantity></Point><Point><position>13933</position><in_Quantity.quantity>0.000000</in_Quantity.quantity><out_Quantity.quantity>244.224564</out_Quantity.quantity></Point><Point><position>13934</position><in_Quantity.quantity>0.000000</in_Quantity.quantity><out_Quantity.quantity>549.198595</out_Quantity.quantity></Point><Point><position>13935</position><in_Quantity.quantity>0.000000</in_Quantity.quantity><out_Quantity.quantity>477.729955</out_Quantity.quantity></Point><Point><position>13936</position><in_Quantity.quantity>0.000000</in_Quantity.quantity><out_Quantity.quantity>133.306429</out_Quantity.quantity></Point><Point><position>13937</position><in_Quantity.quantity>0.000000</in_Quantity.quantity><out_Quantity.quantity>149.607891</out_Quantity.quantity></Point><Point><position>13938</position><in_Quantity.quantity>0.000000</in_Quantity.quantity><out_Quantity.quantity>701.755162</out_Quantity.quantity></Point><Point><position>13939</position><in_Quantity.quantity>0.000000</in_Quantity.quantity><out_Quantity.quantity>670.718301</out_Quantity.quantity></Point><Point><position>13940</position><in_Quantity.quantity>0.000000</in_Quantity.quantity><out_Quantity.quantity>978.246851</out_Quantity.quantity></Point><Point><position>13941</position><in_Quantity.quantity>0.000000</in_Quantity.quantity><out_Quantity.quantity>589.165046</out_Quantity.quantity></Point><Point><position>13942</position><in_Quantity.quantity>0.000000</in_Quantity.quantity><out_Quantity.quantity>747.441632</out_Quantity.quantity></Point><Point><position>13943</position><in_Quantity.quantity>0.000000</in_Quantity.quantity><out_Quantity.quantity>213.138818</out_Quantity.quantity></Point><Point><position>13944</position><in_Quantity.quantity>0.000000</in_Quantity.quantity><out_Quantity.quantity>915.669593</out_Quantity.quantity></Point><Point><position>13945</position><in_Quantity.quantity>0.000000</in_Quantity.quantity><out_Quantity.quantity>160.265218</out_Quantity.quantity></Point><Point><position>13946</position><in_Quantity.quantity>0.000000</in_Quantity.quantity><out_Quantity.quantity>410.953911</out_Quantity.quantity></Point><Point><position>13947</position><in_Quantity.quantity>0.000000</in_Quantity.quantity><out_Quantity.quantity>24.778759</out_Quantity.quantity></Point><Point><position>13948</position><in_Quantity.quantity>0.000000</in_Quantity.quantity><out_Quantity.quantity>434.141694</out_Quantity.quantity></Point><Point><position>13949</position><in_Quantity.quantity>0.000000</in_Quantity.quantity><out_Quantity.quantity>487.124028</out_Quantity.quantity></Point><Point><position>13950</position><in_Quantity.quantity>0.000000</in_Quantity.quantity><out_Quantity.quantity>991.213797</out_Quantity.quantity></Point><Point><position>13951</position><in_Quantity.quantity>0.000000</in_Quantity.quantity><out_Quantity.quantity>762.618052</out_Quantity.quantity></Point><Point><position>13952</position><in_Quantity.quantity>0.000000</in_Quantity.quantity><out_Quantity.quantity>148.762954</out_Quantity.quantity></Point><Point><position>13953</position><in_Quantity.quantity>0.000000</in_Quantity.quantity><out_Quantity.quantity>25.351466</out_Quantity.quantity></Point><Point><position>13954</position><in_Quantity.quantity>0.000000</in_Quantity.quantity><out_Quantity.quantity>457.793431</out_Quantity.quantity></Point><Point><position>13955</position><in_Quantity.quantity>0.000000</in_Quantity.quantity><out_Quantity.quantity>805.606391</out_Quantity.quantity></Point><Point><position>13956</position><in_Quantity.quantity>0.000000</in_Quantity.quantity><out_Quantity.quantity>997.099069</out_Quantity.quantity></Point><Point><position>13957</position><in_Quantity.quantity>0.000000</in_Quantity.quantity><out_Quantity.quantity>781.893780</out_Quantity.quantity></Point><Point><position>13958</position><in_Quantity.quantity>0.000000</in_Quantity.quantity><out_Quantity.quantity>357.923520</out_Quantity.quantity></Point><Point><position>13959</position><in_Quantity.quantity>0.000000</in_Quantity.quantity><out_Quantity.quantity>929.583389</out_Quantity.quantity></Point><Point><position>13960</position><in_Quantity.quantity>0.000000</in_Quantity.quantity><out_Quantity.quantity>50.214377</out_Quantity.quantity></Point><Point><position>13961</position><in_Quantity.quantity>0.000000</in_Quantity.quantity><out_Quantity.quantity>995.899947</out_Quantity.quantity></Point><Point><position>13962</position><in_Quantity.quantity>0.000000</in_Quantity.quantity><out_Quantity.quantity>185.467490</out_Quantity.quantity></Point><Point><position>13963</position><in_Quantity.quantity>0.000000</in_Quantity.quantity><out_Quantity.quantity>231.949401</out_Quantity.quantity></Point><Point><position>13964</position><in_Quantity.quantity>0.000000</in_Quantity.quantity><out_Quantity.quantity>90.446170</out_Quantity.quantity></Point><Point><position>13965</position><in_Quantity.quantity>0.000000</in_Quantity.quantity><out_Quantity.quantity>222.997136</out_Quantity.quantity></Point><Point><position>13966</position><in_Quantity.quantity>0.000000</in_Quantity.quantity><out_Quantity.quantity>434.536240</out_Quantity.quantity></Point><Point><position>13967</position><in_Quantity.quantity>0.000000</in_Quantity.quantity><out_Quantity.quantity>973.895229</out_Quantity.quantity></Point><Point><position>13968</position><in_Quantity.quantity>0.000000</in_Quantity.quantity><out_Quantity.quantity>14.083996</out_Quantity.quantity></Point><Point><position>13969</position><in_Quantity.quantity>0.000000</in_Quantity.quantity><out_Quantity.quantity>635.964679</out_Quantity.quantity></Point><Point><position>13970</position><in_Quantity.quantity>0.000000</in_Quantity.quantity><out_Quantity.quantity>506.823758</out_Quantity.quantity></Point><Point><position>13971</position><in_Quantity.quantity>0.000000</in_Quantity.quantity><out_Quantity.quantity>615.167059</out_Quantity.quantity></Point><Point><position>13972</position><in_Quantity.quantity>0.000000</in_Quantity.quantity><out_Quantity.quantity>733.524073</out_Quantity.quantity></Point><Point><position>13973</position><in_Quantity.quantity>0.000000</in_Quantity.quantity><out_Quantity.quantity>181.980856</out_Quantity.quantity></Point><Point><position>13974</position><in_Quantity.quantity>0.000000</in_Quantity.quantity><out_Quantity.quantity>399.020740</out_Quantity.quantity></Point><Point><position>13975</position><in_Quantity.quantity>0.000000</in_Quantity.quantity><out_Quantity.quantity>470.312361</out_Quantity.quantity></Point><Point><position>13976</position><in_Quantity.quantity>0.000000</in_Quantity.quantity><out_Quantity.quantity>761.603081</out_Quantity.quantity></Point><Point><position>13977</position><in_Quantity.quantity>0.000000</in_Quantity.quantity><out_Quantity.quantity>455.157508</out_Quantity.quantity></Point><Point><position>13978</position><in_Quantity.quantity>0.000000</in_Quantity.quantity><out_Quantity.quantity>45.327925</out_Quantity.quantity></Point><Point><position>13979</position><in_Quantity.quantity>0.000000</in_Quantity.quantity><out_Quantity.quantity>19.551800</out_Quantity.quantity></Point><Point><position>13980</position><in_Quantity.quantity>0.000000</in_Quantity.quantity><out_Quantity.quantity>259.897156</out_Quantity.quantity></Point><Point><position>13981</position><in_Quantity.quantity>0.000000</in_Quantity.quantity><out_Quantity.quantity>984.121413</out_Quantity.quantity></Point><Point><position>13982</position><in_Quantity.quantity>0.000000</in_Quantity.quantity><out_Quantity.quantity>440.255764</out_Quantity.quantity></Point><Point><position>13983</position><in_Quantity.quantity>0.000000</in_Quantity.quantity><out_Quantity.quantity>901.610594</out_Quantity.quantity></Point><Point><position>13984</position><in_Quantity.quantity>0.000000</in_Quantity.quantity><out_Quantity.quantity>588.828601</out_Quantity.quantity></Point><Point><position>13985</position><in_Quantity.quantity>0.000000</in_Quantity.quantity><out_Quantity.quantity>2.667810</out_Quantity.quantity></Point><Point><position>13986</position><in_Quantity.quantity>0.000000</in_Quantity.quantity><out_Quantity.quantity>340.833808</out_Quantity.quantity></Point><Point><position>13987</position><in_Quantity.quantity>0.000000</in_Quantity.quantity><out_Quantity.quantity>145.928284</out_Quantity.quantity></Point><Point><position>13988</position><in_Quantity.quantity>0.000000</in_Quantity.quantity><out_Quantity.quantity>73.827024</out_Quantity.quantity></Point><Point><position>13989</position><in_Quantity.quantity>0.000000</in_Quantity.quantity><out_Quantity.quantity>698.793306</out_Quantity.quantity></Point><Point><position>13990</position><in_Quantity.quantity>0.000000</in_Quantity.quantity><out_Quantity.quantity>476.869509</out_Quantity.quantity></Point><Point><position>13991</position><in_Quantity.quantity>0.000000</in_Quantity.quantity><out_Quantity.quantity>224.912942</out_Quantity.quantity></Point><Point><position>13992</position><in_Quantity.quantity>0.000000</in_Quantity.quantity><out_Quantity.quantity>733.301666</out_Quantity.quantity></Point><Point><position>13993</position><in_Quantity.quantity>0.000000</in_Quantity.quantity><out_Quantity.quantity>606.198411</out_Quantity.quantity></Point><Point><position>13994</position><in_Quantity.quantity>0.000000</in_Quantity.quantity><out_Quantity.quantity>92.119288</out_Quantity.quantity></Point><Point><position>13995</position><in_Quantity.quantity>0.000000</in_Quantity.quantity><out_Quantity.quantity>779.910683</out_Quantity.quantity></Point><Point><position>13996</position><in_Quantity.quantity>0.000000</in_Quantity.quantity><out_Quantity.quantity>122.000925</out_Quantity.quantity></Point><Point><position>13997</position><in_Quantity.quantity>0.000000</in_Quantity.quantity><out_Quantity.quantity>47.488964</out_Quantity.quantity></Point><Point><position>13998</position><in_Quantity.quantity>0.000000</in_Quantity.quantity><out_Quantity.quantity>9.824858</out_Quantity.quantity></Point><Point><position>13999</position><in_Quantity.quantity>0.000000</in_Quantity.quantity><out_Quantity.quantity>327.277741</out_Quantity.quantity></Point><Point><position>14000</position><in_Quantity.quantity>0.000000</in_Quantity.quantity><out_Quantity.quantity>950.436168</out_Quantity.quantity></Point><Point><position>14001</position><in_Quantity.quantity>0.000000</in_Quantity.quantity><out_Quantity.quantity>244.309968</out_Quantity.quantity></Point><Point><position>14002</position><in_Quantity.quantity>0.000000</in_Quantity.quantity><out_Quantity.quantity>9.307845</out_Quantity.quantity></Point><Point><position>14003</position><in_Quantity.quantity>0.000000</in_Quantity.quantity><out_Quantity.quantity>213.196237</out_Quantity.quantity></Point><Point><position>14004</position><in_Quantity.quantity>0.000000</in_Quantity.quantity><out_Quantity.quantity>575.422974</out_Quantity.quantity></Point><Point><position>14005</position><in_Quantity.quantity>0.000000</in_Quantity.quantity><out_Quantity.quantity>857.793775</out_Quantity.quantity></Point><Point><position>14006</position><in_Quantity.quantity>0.000000</in_Quantity.quantity><out_Quantity.quantity>689.872699</out_Quantity.quantity></Point><Point><position>14007</position><in_Quantity.quantity>0.000000</in_Quantity.quantity><out_Quantity.quantity>54.358212</out_Quantity.quantity></Point><Point><position>14008</position><in_Quantity.quantity>0.000000</in_Quantity.quantity><out_Quantity.quantity>311.068777</out_Quantity.quantity></Point><Point><position>14009</position><in_Quantity.quantity>0.000000</in_Quantity.quantity><out_Quantity.quantity>207.727749</out_Quantity.quantity></Point><Point><position>14010</position><in_Quantity.quantity>0.000000</in_Quantity.quantity><out_Quantity.quantity>768.159212</out_Quantity.quantity></Point><Point><position>14011</position><in_Quantity.quantity>0.000000</in_Quantity.quantity><out_Quantity.quantity>633.276389</out_Quantity.quantity></Point><Point><position>14012</position><in_Quantity.quantity>0.000000</in_Quantity.quantity><out_Quantity.quantity>96.428305</out_Quantity.quantity></Point><Point><position>14013</position><in_Quantity.quantity>0.000000</in_Quantity.quantity><out_Quantity.quantity>941.499809</out_Quantity.quantity></Point><Point><position>14014</position><in_Quantity.quantity>0.000000</in_Quantity.quantity><out_Quantity.quantity>903.652710</out_Quantity.quantity></Point><Point><position>14015</position><in_Quantity.quantity>0.000000</in_Quantity.quantity><out_Quantity.quantity>632.360166</out_Quantity.quantity></Point><Point><position>14016</position><in_Quantity.quantity>0.000000</in_Quantity.quantity><out_Quantity.quantity>652.945130</out_Quantity.quantity></Point><Point><position>14017</position><in_Quantity.quantity>0.000000</in_Quantity.quantity><out_Quantity.quantity>292.759335</out_Quantity.quantity></Point><Point><position>14018</position><in_Quantity.quantity>0.000000</in_Quantity.quantity><out_Quantity.quantity>324.929764</out_Quantity.quantity></Point><Point><position>14019</position><in_Quantity.quantity>0.000000</in_Quantity.quantity><out_Quantity.quantity>253.988310</out_Quantity.quantity></Point><Point><position>14020</position><in_Quantity.quantity>0.000000</in_Quantity.quantity><out_Quantity.quantity>292.524761</out_Quantity.quantity></Point><Point><position>14021</position><in_Quantity.quantity>0.000000</in_Quantity.quantity><out_Quantity.quantity>346.386530</out_Quantity.quantity></Point><Point><position>14022</position><in_Quantity.quantity>0.000000</in_Quantity.quantity><out_Quantity.quantity>354.341438</out_Quantity.quantity></Point><Point><position>14023</position><in_Quantity.quantity>0.000000</in_Quantity.quantity><out_Quantity.quantity>956.473261</out_Quantity.quantity></Point><Point><position>14024</position><in_Quantity.quantity>0.000000</in_Quantity.quantity><out_Quantity.quantity>138.709415</out_Quantity.quantity></Point><Point><position>14025</position><in_Quantity.quantity>0.000000</in_Quantity.quantity><out_Quantity.quantity>985.379885</out_Quantity.quantity></Point><Point><position>14026</position><in_Quantity.quantity>0.000000</in_Quantity.quantity><out_Quantity.quantity>954.784273</out_Quantity.quantity></Point><Point><position>14027</position><in_Quantity.quantity>0.000000</in_Quantity.quantity><out_Quantity.quantity>470.589204</out_Quantity.quantity></Point><Point><position>14028</position><in_Quantity.quantity>0.000000</in_Quantity.quantity><out_Quantity.quantity>190.892737</out_Quantity.quantity></Point><Point><position>14029</position><in_Quantity.quantity>0.000000</in_Quantity.quantity><out_Quantity.quantity>957.497038</out_Quantity.quantity></Point><Point><position>14030</position><in_Quantity.quantity>0.000000</in_Quantity.quantity><out_Quantity.quantity>846.452009</out_Quantity.quantity></Point><Point><position>14031</position><in_Quantity.quantity>0.000000</in_Quantity.quantity><out_Quantity.quantity>596.943570</out_Quantity.quantity></Point><Point><position>14032</position><in_Quantity.quantity>0.000000</in_Quantity.quantity><out_Quantity.quantity>862.813399</out_Quantity.quantity></Point><Point><position>14033</position><in_Quantity.quantity>0.000000</in_Quantity.quantity><out_Quantity.quantity>198.016429</out_Quantity.quantity></Point><Point><position>14034</position><in_Quantity.quantity>0.000000</in_Quantity.quantity><out_Quantity.quantity>72.605478</out_Quantity.quantity></Point><Point><position>14035</position><in_Quantity.quantity>0.000000</in_Quantity.quantity><out_Quantity.quantity>651.313144</out_Quantity.quantity></Point><Point><position>14036</position><in_Quantity.quantity>0.000000</in_Quantity.quantity><out_Quantity.quantity>652.594859</out_Quantity.quantity></Point><Point><position>14037</position><in_Quantity.quantity>0.000000</in_Quantity.quantity><out_Quantity.quantity>18.139019</out_Quantity.quantity></Point><Point><position>14038</position><in_Quantity.quantity>0.000000</in_Quantity.quantity><out_Quantity.quantity>206.722333</out_Quantity.quantity></Point><Point><position>14039</position><in_Quantity.quantity>0.000000</in_Quantity.quantity><out_Quantity.quantity>925.659995</out_Quantity.quantity></Point><Point><position>14040</position><in_Quantity.quantity>0.000000</in_Quantity.quantity><out_Quantity.quantity>435.575574</out_Quantity.quantity></Point><Point><position>14041</position><in_Quantity.quantity>0.000000</in_Quantity.quantity><out_Quantity.quantity>333.140691</out_Quantity.quantity></Point><Point><position>14042</position><in_Quantity.quantity>0.000000</in_Quantity.quantity><out_Quantity.quantity>965.563270</out_Quantity.quantity></Point><Point><position>14043</position><in_Quantity.quantity>0.000000</in_Quantity.quantity><out_Quantity.quantity>716.366380</out_Quantity.quantity></Point><Point><position>14044</position><in_Quantity.quantity>0.000000</in_Quantity.quantity><out_Quantity.quantity>786.750873</out_Quantity.quantity></Point><Point><position>14045</position><in_Quantity.quantity>0.000000</in_Quantity.quantity><out_Quantity.quantity>760.137323</out_Quantity.quantity></Point><Point><position>14046</position><in_Quantity.quantity>0.000000</in_Quantity.quantity><out_Quantity.quantity>195.774328</out_Quantity.quantity></Point><Point><position>14047</position><in_Quantity.quantity>0.000000</in_Quantity.quantity><out_Quantity.quantity>100.018140</out_Quantity.quantity></Point><Point><position>14048</position><in_Quantity.quantity>0.000000</in_Quantity.quantity><out_Quantity.quantity>758.975794</out_Quantity.quantity></Point><Point><position>14049</position><in_Quantity.quantity>0.000000</in_Quantity.quantity><out_Quantity.quantity>658.789568</out_Quantity.quantity></Point><Point><position>14050</position><in_Quantity.quantity>0.000000</in_Quantity.quantity><out_Quantity.quantity>593.104920</out_Quantity.quantity></Point><Point><position>14051</position><in_Quantity.quantity>0.000000</in_Quantity.quantity><out_Quantity.quantity>770.097732</out_Quantity.quantity></Point><Point><position>14052</position><in_Quantity.quantity>0.000000</in_Quantity.quantity><out_Quantity.quantity>863.709283</out_Quantity.quantity></Point><Point><position>14053</position><in_Quantity.quantity>0.000000</in_Quantity.quantity><out_Quantity.quantity>122.111637</out_Quantity.quantity></Point><Point><position>14054</position><in_Quantity.quantity>0.000000</in_Quantity.quantity><out_Quantity.quantity>66.759023</out_Quantity.quantity></Point><Point><position>14055</position><in_Quantity.quantity>0.000000</in_Quantity.quantity><out_Quantity.quantity>872.118969</out_Quantity.quantity></Point><Point><position>14056</position><in_Quantity.quantity>0.000000</in_Quantity.quantity><out_Quantity.quantity>445.232502</out_Quantity.quantity></Point><Point><position>14057</position><in_Quantity.quantity>0.000000</in_Quantity.quantity><out_Quantity.quantity>320.926493</out_Quantity.quantity></Point><Point><position>14058</position><in_Quantity.quantity>0.000000</in_Quantity.quantity><out_Quantity.quantity>590.071687</out_Quantity.quantity></Point><Point><position>14059</position><in_Quantity.quantity>0.000000</in_Quantity.quantity><out_Quantity.quantity>359.353099</out_Quantity.quantity></Point><Point><position>14060</position><in_Quantity.quantity>0.000000</in_Quantity.quantity><out_Quantity.quantity>231.262402</out_Quantity.quantity></Point><Point><position>14061</position><in_Quantity.quantity>0.000000</in_Quantity.quantity><out_Quantity.quantity>357.109955</out_Quantity.quantity></Point><Point><position>14062</position><in_Quantity.quantity>0.000000</in_Quantity.quantity><out_Quantity.quantity>82.015412</out_Quantity.quantity></Point><Point><position>14063</position><in_Quantity.quantity>0.000000</in_Quantity.quantity><out_Quantity.quantity>966.142380</out_Quantity.quantity></Point><Point><position>14064</position><in_Quantity.quantity>0.000000</in_Quantity.quantity><out_Quantity.quantity>356.516541</out_Quantity.quantity></Point><Point><position>14065</position><in_Quantity.quantity>0.000000</in_Quantity.quantity><out_Quantity.quantity>200.345101</out_Quantity.quantity></Point><Point><position>14066</position><in_Quantity.quantity>0.000000</in_Quantity.quantity><out_Quantity.quantity>542.263979</out_Quantity.quantity></Point><Point><position>14067</position><in_Quantity.quantity>0.000000</in_Quantity.quantity><out_Quantity.quantity>724.067010</out_Quantity.quantity></Point><Point><position>14068</position><in_Quantity.quantity>0.000000</in_Quantity.quantity><out_Quantity.quantity>988.191886</out_Quantity.quantity></Point><Point><position>14069</position><in_Quantity.quantity>0.000000</in_Quantity.quantity><out_Quantity.quantity>955.682884</out_Quantity.quantity></Point><Point><position>14070</position><in_Quantity.quantity>0.000000</in_Quantity.quantity><out_Quantity.quantity>666.233684</out_Quantity.quantity></Point><Point><position>14071</position><in_Quantity.quantity>0.000000</in_Quantity.quantity><out_Quantity.quantity>565.575411</out_Quantity.quantity></Point><Point><position>14072</position><in_Quantity.quantity>0.000000</in_Quantity.quantity><out_Quantity.quantity>297.599940</out_Quantity.quantity></Point><Point><position>14073</position><in_Quantity.quantity>0.000000</in_Quantity.quantity><out_Quantity.quantity>751.281030</out_Quantity.quantity></Point><Point><position>14074</position><in_Quantity.quantity>0.000000</in_Quantity.quantity><out_Quantity.quantity>877.295100</out_Quantity.quantity></Point><Point><position>14075</position><in_Quantity.quantity>0.000000</in_Quantity.quantity><out_Quantity.quantity>444.513324</out_Quantity.quantity></Point><Point><position>14076</position><in_Quantity.quantity>0.000000</in_Quantity.quantity><out_Quantity.quantity>645.853341</out_Quantity.quantity></Point><Point><position>14077</position><in_Quantity.quantity>0.000000</in_Quantity.quantity><out_Quantity.quantity>999.456732</out_Quantity.quantity></Point><Point><position>14078</position><in_Quantity.quantity>0.000000</in_Quantity.quantity><out_Quantity.quantity>114.241736</out_Quantity.quantity></Point><Point><position>14079</position><in_Quantity.quantity>0.000000</in_Quantity.quantity><out_Quantity.quantity>127.664052</out_Quantity.quantity></Point><Point><position>14080</position><in_Quantity.quantity>0.000000</in_Quantity.quantity><out_Quantity.quantity>511.887430</out_Quantity.quantity></Point><Point><position>14081</position><in_Quantity.quantity>0.000000</in_Quantity.quantity><out_Quantity.quantity>579.898135</out_Quantity.quantity></Point><Point><position>14082</position><in_Quantity.quantity>0.000000</in_Quantity.quantity><out_Quantity.quantity>456.831016</out_Quantity.quantity></Point><Point><position>14083</position><in_Quantity.quantity>0.000000</in_Quantity.quantity><out_Quantity.quantity>474.919117</out_Quantity.quantity></Point><Point><position>14084</position><in_Quantity.quantity>0.000000</in_Quantity.quantity><out_Quantity.quantity>7.102452</out_Quantity.quantity></Point><Point><position>14085</position><in_Quantity.quantity>0.000000</in_Quantity.quantity><out_Quantity.quantity>718.708349</out_Quantity.quantity></Point><Point><position>14086</position><in_Quantity.quantity>0.000000</in_Quantity.quantity><out_Quantity.quantity>962.370340</out_Quantity.quantity></Point><Point><position>14087</position><in_Quantity.quantity>0.000000</in_Quantity.quantity><out_Quantity.quantity>174.356735</out_Quantity.quantity></Point><Point><position>14088</position><in_Quantity.quantity>0.000000</in_Quantity.quantity><out_Quantity.quantity>851.415591</out_Quantity.quantity></Point><Point><position>14089</position><in_Quantity.quantity>0.000000</in_Quantity.quantity><out_Quantity.quantity>741.492979</out_Quantity.quantity></Point><Point><position>14090</position><in_Quantity.quantity>0.000000</in_Quantity.quantity><out_Quantity.quantity>969.945889</out_Quantity.quantity></Point><Point><position>14091</position><in_Quantity.quantity>0.000000</in_Quantity.quantity><out_Quantity.quantity>922.678397</out_Quantity.quantity></Point><Point><position>14092</position><in_Quantity.quantity>0.000000</in_Quantity.quantity><out_Quantity.quantity>340.575293</out_Quantity.quantity></Point><Point><position>14093</position><in_Quantity.quantity>0.000000</in_Quantity.quantity><out_Quantity.quantity>186.226144</out_Quantity.quantity></Point><Point><position>14094</position><in_Quantity.quantity>0.000000</in_Quantity.quantity><out_Quantity.quantity>815.527760</out_Quantity.quantity></Point><Point><position>14095</position><in_Quantity.quantity>0.000000</in_Quantity.quantity><out_Quantity.quantity>156.665534</out_Quantity.quantity></Point><Point><position>14096</position><in_Quantity.quantity>0.000000</in_Quantity.quantity><out_Quantity.quantity>199.119288</out_Quantity.quantity></Point><Point><position>14097</position><in_Quantity.quantity>0.000000</in_Quantity.quantity><out_Quantity.quantity>517.271244</out_Quantity.quantity></Point><Point><position>14098</position><in_Quantity.quantity>0.000000</in_Quantity.quantity><out_Quantity.quantity>383.171543</out_Quantity.quantity></Point><Point><position>14099</position><in_Quantity.quantity>0.000000</in_Quantity.quantity><out_Quantity.quantity>173.682318</out_Quantity.quantity></Point><Point><position>14100</position><in_Quantity.quantity>0.000000</in_Quantity.quantity><out_Quantity.quantity>499.927280</out_Quantity.quantity></Point><Point><position>14101</position><in_Quantity.quantity>0.000000</in_Quantity.quantity><out_Quantity.quantity>735.824495</out_Quantity.quantity></Point><Point><position>14102</position><in_Quantity.quantity>0.000000</in_Quantity.quantity><out_Quantity.quantity>977.883210</out_Quantity.quantity></Point><Point><position>14103</position><in_Quantity.quantity>0.000000</in_Quantity.quantity><out_Quantity.quantity>258.837677</out_Quantity.quantity></Point><Point><position>14104</position><in_Quantity.quantity>0.000000</in_Quantity.quantity><out_Quantity.quantity>829.490511</out_Quantity.quantity></Point><Point><position>14105</position><in_Quantity.quantity>0.000000</in_Quantity.quantity><out_Quantity.quantity>357.826927</out_Quantity.quantity></Point><Point><position>14106</position><in_Quantity.quantity>0.000000</in_Quantity.quantity><out_Quantity.quantity>984.502967</out_Quantity.quantity></Point><Point><position>14107</position><in_Quantity.quantity>0.000000</in_Quantity.quantity><out_Quantity.quantity>331.822161</out_Quantity.quantity></Point><Point><position>14108</position><in_Quantity.quantity>0.000000</in_Quantity.quantity><out_Quantity.quantity>380.381317</out_Quantity.quantity></Point><Point><position>14109</position><in_Quantity.quantity>0.000000</in_Quantity.quantity><out_Quantity.quantity>953.350128</out_Quantity.quantity></Point><Point><position>14110</position><in_Quantity.quantity>0.000000</in_Quantity.quantity><out_Quantity.quantity>929.843171</out_Quantity.quantity></Point><Point><position>14111</position><in_Quantity.quantity>0.000000</in_Quantity.quantity><out_Quantity.quantity>648.192476</out_Quantity.quantity></Point><Point><position>14112</position><in_Quantity.quantity>0.000000</in_Quantity.quantity><out_Quantity.quantity>115.228718</out_Quantity.quantity></Point><Point><position>14113</position><in_Quantity.quantity>0.000000</in_Quantity.quantity><out_Quantity.quantity>62.262285</out_Quantity.quantity></Point><Point><position>14114</position><in_Quantity.quantity>0.000000</in_Quantity.quantity><out_Quantity.quantity>83.796130</out_Quantity.quantity></Point><Point><position>14115</position><in_Quantity.quantity>0.000000</in_Quantity.quantity><out_Quantity.quantity>175.619998</out_Quantity.quantity></Point><Point><position>14116</position><in_Quantity.quantity>0.000000</in_Quantity.quantity><out_Quantity.quantity>992.881608</out_Quantity.quantity></Point><Point><position>14117</position><in_Quantity.quantity>0.000000</in_Quantity.quantity><out_Quantity.quantity>87.189107</out_Quantity.quantity></Point><Point><position>14118</position><in_Quantity.quantity>0.000000</in_Quantity.quantity><out_Quantity.quantity>181.325226</out_Quantity.quantity></Point><Point><position>14119</position><in_Quantity.quantity>0.000000</in_Quantity.quantity><out_Quantity.quantity>501.226351</out_Quantity.quantity></Point><Point><position>14120</position><in_Quantity.quantity>0.000000</in_Quantity.quantity><out_Quantity.quantity>9.400297</out_Quantity.quantity></Point><Point><position>14121</position><in_Quantity.quantity>0.000000</in_Quantity.quantity><out_Quantity.quantity>374.868036</out_Quantity.quantity></Point><Point><position>14122</position><in_Quantity.quantity>0.000000</in_Quantity.quantity><out_Quantity.quantity>158.007904</out_Quantity.quantity></Point><Point><position>14123</position><in_Quantity.quantity>0.000000</in_Quantity.quantity><out_Quantity.quantity>29.794584</out_Quantity.quantity></Point><Point><position>14124</position><in_Quantity.quantity>0.000000</in_Quantity.quantity><out_Quantity.quantity>511.717339</out_Quantity.quantity></Point><Point><position>14125</position><in_Quantity.quantity>0.000000</in_Quantity.quantity><out_Quantity.quantity>359.037069</out_Quantity.quantity></Point><Point><position>14126</position><in_Quantity.quantity>0.000000</in_Quantity.quantity><out_Quantity.quantity>169.408840</out_Quantity.quantity></Point><Point><position>14127</position><in_Quantity.quantity>0.000000</in_Quantity.quantity><out_Quantity.quantity>321.810381</out_Quantity.quantity></Point><Point><position>14128</position><in_Quantity.quantity>0.000000</in_Quantity.quantity><out_Quantity.quantity>354.221102</out_Quantity.quantity></Point><Point><position>14129</position><in_Quantity.quantity>0.000000</in_Quantity.quantity><out_Quantity.quantity>95.814126</out_Quantity.quantity></Point><Point><position>14130</position><in_Quantity.quantity>0.000000</in_Quantity.quantity><out_Quantity.quantity>504.596326</out_Quantity.quantity></Point><Point><position>14131</position><in_Quantity.quantity>0.000000</in_Quantity.quantity><out_Quantity.quantity>169.068803</out_Quantity.quantity></Point><Point><position>14132</position><in_Quantity.quantity>0.000000</in_Quantity.quantity><out_Quantity.quantity>915.182820</out_Quantity.quantity></Point><Point><position>14133</position><in_Quantity.quantity>0.000000</in_Quantity.quantity><out_Quantity.quantity>625.746380</out_Quantity.quantity></Point><Point><position>14134</position><in_Quantity.quantity>0.000000</in_Quantity.quantity><out_Quantity.quantity>275.711819</out_Quantity.quantity></Point><Point><position>14135</position><in_Quantity.quantity>0.000000</in_Quantity.quantity><out_Quantity.quantity>314.501837</out_Quantity.quantity></Point><Point><position>14136</position><in_Quantity.quantity>0.000000</in_Quantity.quantity><out_Quantity.quantity>804.356736</out_Quantity.quantity></Point><Point><position>14137</position><in_Quantity.quantity>0.000000</in_Quantity.quantity><out_Quantity.quantity>865.193335</out_Quantity.quantity></Point><Point><position>14138</position><in_Quantity.quantity>0.000000</in_Quantity.quantity><out_Quantity.quantity>641.506630</out_Quantity.quantity></Point><Point><position>14139</position><in_Quantity.quantity>0.000000</in_Quantity.quantity><out_Quantity.quantity>319.638289</out_Quantity.quantity></Point><Point><position>14140</position><in_Quantity.quantity>0.000000</in_Quantity.quantity><out_Quantity.quantity>998.501175</out_Quantity.quantity></Point><Point><position>14141</position><in_Quantity.quantity>0.000000</in_Quantity.quantity><out_Quantity.quantity>78.335752</out_Quantity.quantity></Point><Point><position>14142</position><in_Quantity.quantity>0.000000</in_Quantity.quantity><out_Quantity.quantity>207.660338</out_Quantity.quantity></Point><Point><position>14143</position><in_Quantity.quantity>0.000000</in_Quantity.quantity><out_Quantity.quantity>335.687209</out_Quantity.quantity></Point><Point><position>14144</position><in_Quantity.quantity>0.000000</in_Quantity.quantity><out_Quantity.quantity>2.444478</out_Quantity.quantity></Point><Point><position>14145</position><in_Quantity.quantity>0.000000</in_Quantity.quantity><out_Quantity.quantity>610.114392</out_Quantity.quantity></Point><Point><position>14146</position><in_Quantity.quantity>0.000000</in_Quantity.quantity><out_Quantity.quantity>231.921658</out_Quantity.quantity></Point><Point><position>14147</position><in_Quantity.quantity>0.000000</in_Quantity.quantity><out_Quantity.quantity>367.577059</out_Quantity.quantity></Point><Point><position>14148</position><in_Quantity.quantity>0.000000</in_Quantity.quantity><out_Quantity.quantity>118.645498</out_Quantity.quantity></Point><Point><position>14149</position><in_Quantity.quantity>0.000000</in_Quantity.quantity><out_Quantity.quantity>390.669898</out_Quantity.quantity></Point><Point><position>14150</position><in_Quantity.quantity>0.000000</in_Quantity.quantity><out_Quantity.quantity>505.633292</out_Quantity.quantity></Point><Point><position>14151</position><in_Quantity.quantity>0.000000</in_Quantity.quantity><out_Quantity.quantity>331.461082</out_Quantity.quantity></Point><Point><position>14152</position><in_Quantity.quantity>0.000000</in_Quantity.quantity><out_Quantity.quantity>802.967460</out_Quantity.quantity></Point><Point><position>14153</position><in_Quantity.quantity>0.000000</in_Quantity.quantity><out_Quantity.quantity>400.811673</out_Quantity.quantity></Point><Point><position>14154</position><in_Quantity.quantity>0.000000</in_Quantity.quantity><out_Quantity.quantity>174.506191</out_Quantity.quantity></Point><Point><position>14155</position><in_Quantity.quantity>0.000000</in_Quantity.quantity><out_Quantity.quantity>172.434439</out_Quantity.quantity></Point><Point><position>14156</position><in_Quantity.quantity>0.000000</in_Quantity.quantity><out_Quantity.quantity>616.448793</out_Quantity.quantity></Point><Point><position>14157</position><in_Quantity.quantity>0.000000</in_Quantity.quantity><out_Quantity.quantity>827.511773</out_Quantity.quantity></Point><Point><position>14158</position><in_Quantity.quantity>0.000000</in_Quantity.quantity><out_Quantity.quantity>734.573933</out_Quantity.quantity></Point><Point><position>14159</position><in_Quantity.quantity>0.000000</in_Quantity.quantity><out_Quantity.quantity>460.694816</out_Quantity.quantity></Point><Point><position>14160</position><in_Quantity.quantity>0.000000</in_Quantity.quantity><out_Quantity.quantity>817.797144</out_Quantity.quantity></Point><Point><position>14161</position><in_Quantity.quantity>0.000000</in_Quantity.quantity><out_Quantity.quantity>111.439968</out_Quantity.quantity></Point><Point><position>14162</position><in_Quantity.quantity>0.000000</in_Quantity.quantity><out_Quantity.quantity>141.379461</out_Quantity.quantity></Point><Point><position>14163</position><in_Quantity.quantity>0.000000</in_Quantity.quantity><out_Quantity.quantity>863.687628</out_Quantity.quantity></Point><Point><position>14164</position><in_Quantity.quantity>0.000000</in_Quantity.quantity><out_Quantity.quantity>886.322954</out_Quantity.quantity></Point><Point><position>14165</position><in_Quantity.quantity>0.000000</in_Quantity.quantity><out_Quantity.quantity>151.085020</out_Quantity.quantity></Point><Point><position>14166</position><in_Quantity.quantity>0.000000</in_Quantity.quantity><out_Quantity.quantity>547.433291</out_Quantity.quantity></Point><Point><position>14167</position><in_Quantity.quantity>0.000000</in_Quantity.quantity><out_Quantity.quantity>493.839193</out_Quantity.quantity></Point><Point><position>14168</position><in_Quantity.quantity>0.000000</in_Quantity.quantity><out_Quantity.quantity>801.813686</out_Quantity.quantity></Point><Point><position>14169</position><in_Quantity.quantity>0.000000</in_Quantity.quantity><out_Quantity.quantity>866.121682</out_Quantity.quantity></Point><Point><position>14170</position><in_Quantity.quantity>0.000000</in_Quantity.quantity><out_Quantity.quantity>698.072528</out_Quantity.quantity></Point><Point><position>14171</position><in_Quantity.quantity>0.000000</in_Quantity.quantity><out_Quantity.quantity>720.064444</out_Quantity.quantity></Point><Point><position>14172</position><in_Quantity.quantity>0.000000</in_Quantity.quantity><out_Quantity.quantity>939.379082</out_Quantity.quantity></Point><Point><position>14173</position><in_Quantity.quantity>0.000000</in_Quantity.quantity><out_Quantity.quantity>195.602992</out_Quantity.quantity></Point><Point><position>14174</position><in_Quantity.quantity>0.000000</in_Quantity.quantity><out_Quantity.quantity>770.832979</out_Quantity.quantity></Point><Point><position>14175</position><in_Quantity.quantity>0.000000</in_Quantity.quantity><out_Quantity.quantity>898.958240</out_Quantity.quantity></Point><Point><position>14176</position><in_Quantity.quantity>0.000000</in_Quantity.quantity><out_Quantity.quantity>507.994868</out_Quantity.quantity></Point><Point><position>14177</position><in_Quantity.quantity>0.000000</in_Quantity.quantity><out_Quantity.quantity>641.284708</out_Quantity.quantity></Point><Point><position>14178</position><in_Quantity.quantity>0.000000</in_Quantity.quantity><out_Quantity.quantity>406.662988</out_Quantity.quantity></Point><Point><position>14179</position><in_Quantity.quantity>0.000000</in_Quantity.quantity><out_Quantity.quantity>40.713396</out_Quantity.quantity></Point><Point><position>14180</position><in_Quantity.quantity>0.000000</in_Quantity.quantity><out_Quantity.quantity>939.275549</out_Quantity.quantity></Point><Point><position>14181</position><in_Quantity.quantity>0.000000</in_Quantity.quantity><out_Quantity.quantity>450.680726</out_Quantity.quantity></Point><Point><position>14182</position><in_Quantity.quantity>0.000000</in_Quantity.quantity><out_Quantity.quantity>719.065077</out_Quantity.quantity></Point><Point><position>14183</position><in_Quantity.quantity>0.000000</in_Quantity.quantity><out_Quantity.quantity>705.669937</out_Quantity.quantity></Point><Point><position>14184</position><in_Quantity.quantity>0.000000</in_Quantity.quantity><out_Quantity.quantity>688.446454</out_Quantity.quantity></Point><Point><position>14185</position><in_Quantity.quantity>0.000000</in_Quantity.quantity><out_Quantity.quantity>4.360528</out_Quantity.quantity></Point><Point><position>14186</position><in_Quantity.quantity>0.000000</in_Quantity.quantity><out_Quantity.quantity>708.627328</out_Quantity.quantity></Point><Point><position>14187</position><in_Quantity.quantity>0.000000</in_Quantity.quantity><out_Quantity.quantity>825.071278</out_Quantity.quantity></Point><Point><position>14188</position><in_Quantity.quantity>0.000000</in_Quantity.quantity><out_Quantity.quantity>266.253919</out_Quantity.quantity></Point><Point><position>14189</position><in_Quantity.quantity>0.000000</in_Quantity.quantity><out_Quantity.quantity>78.058275</out_Quantity.quantity></Point><Point><position>14190</position><in_Quantity.quantity>0.000000</in_Quantity.quantity><out_Quantity.quantity>903.176834</out_Quantity.quantity></Point><Point><position>14191</position><in_Quantity.quantity>0.000000</in_Quantity.quantity><out_Quantity.quantity>659.558212</out_Quantity.quantity></Point><Point><position>14192</position><in_Quantity.quantity>0.000000</in_Quantity.quantity><out_Quantity.quantity>497.638436</out_Quantity.quantity></Point><Point><position>14193</position><in_Quantity.quantity>0.000000</in_Quantity.quantity><out_Quantity.quantity>807.370589</out_Quantity.quantity></Point><Point><position>14194</position><in_Quantity.quantity>0.000000</in_Quantity.quantity><out_Quantity.quantity>211.208667</out_Quantity.quantity></Point><Point><position>14195</position><in_Quantity.quantity>0.000000</in_Quantity.quantity><out_Quantity.quantity>644.280176</out_Quantity.quantity></Point><Point><position>14196</position><in_Quantity.quantity>0.000000</in_Quantity.quantity><out_Quantity.quantity>241.638716</out_Quantity.quantity></Point><Point><position>14197</position><in_Quantity.quantity>0.000000</in_Quantity.quantity><out_Quantity.quantity>227.777474</out_Quantity.quantity></Point><Point><position>14198</position><in_Quantity.quantity>0.000000</in_Quantity.quantity><out_Quantity.quantity>860.125725</out_Quantity.quantity></Point><Point><position>14199</position><in_Quantity.quantity>0.000000</in_Quantity.quantity><out_Quantity.quantity>560.245596</out_Quantity.quantity></Point><Point><position>14200</position><in_Quantity.quantity>0.000000</in_Quantity.quantity><out_Quantity.quantity>827.566994</out_Quantity.quantity></Point><Point><position>14201</position><in_Quantity.quantity>0.000000</in_Quantity.quantity><out_Quantity.quantity>61.818514</out_Quantity.quantity></Point><Point><position>14202</position><in_Quantity.quantity>0.000000</in_Quantity.quantity><out_Quantity.quantity>600.826687</out_Quantity.quantity></Point><Point><position>14203</position><in_Quantity.quantity>0.000000</in_Quantity.quantity><out_Quantity.quantity>706.681919</out_Quantity.quantity></Point><Point><position>14204</position><in_Quantity.quantity>0.000000</in_Quantity.quantity><out_Quantity.quantity>803.135558</out_Quantity.quantity></Point><Point><position>14205</position><in_Quantity.quantity>0.000000</in_Quantity.quantity><out_Quantity.quantity>462.605410</out_Quantity.quantity></Point><Point><position>14206</position><in_Quantity.quantity>0.000000</in_Quantity.quantity><out_Quantity.quantity>813.458506</out_Quantity.quantity></Point><Point><position>14207</position><in_Quantity.quantity>0.000000</in_Quantity.quantity><out_Quantity.quantity>437.387747</out_Quantity.quantity></Point><Point><position>14208</position><in_Quantity.quantity>0.000000</in_Quantity.quantity><out_Quantity.quantity>880.316211</out_Quantity.quantity></Point><Point><position>14209</position><in_Quantity.quantity>0.000000</in_Quantity.quantity><out_Quantity.quantity>665.406554</out_Quantity.quantity></Point><Point><position>14210</position><in_Quantity.quantity>0.000000</in_Quantity.quantity><out_Quantity.quantity>111.931845</out_Quantity.quantity></Point><Point><position>14211</position><in_Quantity.quantity>0.000000</in_Quantity.quantity><out_Quantity.quantity>541.208964</out_Quantity.quantity></Point><Point><position>14212</position><in_Quantity.quantity>0.000000</in_Quantity.quantity><out_Quantity.quantity>641.236176</out_Quantity.quantity></Point><Point><position>14213</position><in_Quantity.quantity>0.000000</in_Quantity.quantity><out_Quantity.quantity>69.910622</out_Quantity.quantity></Point><Point><position>14214</position><in_Quantity.quantity>0.000000</in_Quantity.quantity><out_Quantity.quantity>302.861974</out_Quantity.quantity></Point><Point><position>14215</position><in_Quantity.quantity>0.000000</in_Quantity.quantity><out_Quantity.quantity>456.195922</out_Quantity.quantity></Point><Point><position>14216</position><in_Quantity.quantity>0.000000</in_Quantity.quantity><out_Quantity.quantity>698.577306</out_Quantity.quantity></Point><Point><position>14217</position><in_Quantity.quantity>0.000000</in_Quantity.quantity><out_Quantity.quantity>449.718986</out_Quantity.quantity></Point><Point><position>14218</position><in_Quantity.quantity>0.000000</in_Quantity.quantity><out_Quantity.quantity>295.492502</out_Quantity.quantity></Point><Point><position>14219</position><in_Quantity.quantity>0.000000</in_Quantity.quantity><out_Quantity.quantity>54.795311</out_Quantity.quantity></Point><Point><position>14220</position><in_Quantity.quantity>0.000000</in_Quantity.quantity><out_Quantity.quantity>396.489590</out_Quantity.quantity></Point><Point><position>14221</position><in_Quantity.quantity>0.000000</in_Quantity.quantity><out_Quantity.quantity>270.825100</out_Quantity.quantity></Point><Point><position>14222</position><in_Quantity.quantity>0.000000</in_Quantity.quantity><out_Quantity.quantity>518.056385</out_Quantity.quantity></Point><Point><position>14223</position><in_Quantity.quantity>0.000000</in_Quantity.quantity><out_Quantity.quantity>222.831177</out_Quantity.quantity></Point><Point><position>14224</position><in_Quantity.quantity>0.000000</in_Quantity.quantity><out_Quantity.quantity>357.239499</out_Quantity.quantity></Point><Point><position>14225</position><in_Quantity.quantity>0.000000</in_Quantity.quantity><out_Quantity.quantity>546.731364</out_Quantity.quantity></Point><Point><position>14226</position><in_Quantity.quantity>0.000000</in_Quantity.quantity><out_Quantity.quantity>542.327579</out_Quantity.quantity></Point><Point><position>14227</position><in_Quantity.quantity>0.000000</in_Quantity.quantity><out_Quantity.quantity>540.409814</out_Quantity.quantity></Point><Point><position>14228</position><in_Quantity.quantity>0.000000</in_Quantity.quantity><out_Quantity.quantity>839.865024</out_Quantity.quantity></Point><Point><position>14229</position><in_Quantity.quantity>0.000000</in_Quantity.quantity><out_Quantity.quantity>290.354565</out_Quantity.quantity></Point><Point><position>14230</position><in_Quantity.quantity>0.000000</in_Quantity.quantity><out_Quantity.quantity>173.959278</out_Quantity.quantity></Point><Point><position>14231</position><in_Quantity.quantity>0.000000</in_Quantity.quantity><out_Quantity.quantity>504.992594</out_Quantity.quantity></Point><Point><position>14232</position><in_Quantity.quantity>0.000000</in_Quantity.quantity><out_Quantity.quantity>635.615748</out_Quantity.quantity></Point><Point><position>14233</position><in_Quantity.quantity>0.000000</in_Quantity.quantity><out_Quantity.quantity>652.414318</out_Quantity.quantity></Point><Point><position>14234</position><in_Quantity.quantity>0.000000</in_Quantity.quantity><out_Quantity.quantity>260.067032</out_Quantity.quantity></Point><Point><position>14235</position><in_Quantity.quantity>0.000000</in_Quantity.quantity><out_Quantity.quantity>919.317278</out_Quantity.quantity></Point><Point><position>14236</position><in_Quantity.quantity>0.000000</in_Quantity.quantity><out_Quantity.quantity>647.309650</out_Quantity.quantity></Point><Point><position>14237</position><in_Quantity.quantity>0.000000</in_Quantity.quantity><out_Quantity.quantity>718.814740</out_Quantity.quantity></Point><Point><position>14238</position><in_Quantity.quantity>0.000000</in_Quantity.quantity><out_Quantity.quantity>115.333188</out_Quantity.quantity></Point><Point><position>14239</position><in_Quantity.quantity>0.000000</in_Quantity.quantity><out_Quantity.quantity>179.260348</out_Quantity.quantity></Point><Point><position>14240</position><in_Quantity.quantity>0.000000</in_Quantity.quantity><out_Quantity.quantity>792.645231</out_Quantity.quantity></Point><Point><position>14241</position><in_Quantity.quantity>0.000000</in_Quantity.quantity><out_Quantity.quantity>823.335666</out_Quantity.quantity></Point><Point><position>14242</position><in_Quantity.quantity>0.000000</in_Quantity.quantity><out_Quantity.quantity>53.963435</out_Quantity.quantity></Point><Point><position>14243</position><in_Quantity.quantity>0.000000</in_Quantity.quantity><out_Quantity.quantity>416.275078</out_Quantity.quantity></Point><Point><position>14244</position><in_Quantity.quantity>0.000000</in_Quantity.quantity><out_Quantity.quantity>291.844585</out_Quantity.quantity></Point><Point><position>14245</position><in_Quantity.quantity>0.000000</in_Quantity.quantity><out_Quantity.quantity>152.904076</out_Quantity.quantity></Point><Point><position>14246</position><in_Quantity.quantity>0.000000</in_Quantity.quantity><out_Quantity.quantity>889.255886</out_Quantity.quantity></Point><Point><position>14247</position><in_Quantity.quantity>0.000000</in_Quantity.quantity><out_Quantity.quantity>937.554359</out_Quantity.quantity></Point><Point><position>14248</position><in_Quantity.quantity>0.000000</in_Quantity.quantity><out_Quantity.quantity>656.067458</out_Quantity.quantity></Point><Point><position>14249</position><in_Quantity.quantity>0.000000</in_Quantity.quantity><out_Quantity.quantity>735.870719</out_Quantity.quantity></Point><Point><position>14250</position><in_Quantity.quantity>0.000000</in_Quantity.quantity><out_Quantity.quantity>145.914091</out_Quantity.quantity></Point><Point><position>14251</position><in_Quantity.quantity>0.000000</in_Quantity.quantity><out_Quantity.quantity>689.277297</out_Quantity.quantity></Point><Point><position>14252</position><in_Quantity.quantity>0.000000</in_Quantity.quantity><out_Quantity.quantity>295.856737</out_Quantity.quantity></Point><Point><position>14253</position><in_Quantity.quantity>0.000000</in_Quantity.quantity><out_Quantity.quantity>700.582757</out_Quantity.quantity></Point><Point><position>14254</position><in_Quantity.quantity>0.000000</in_Quantity.quantity><out_Quantity.quantity>470.400455</out_Quantity.quantity></Point><Point><position>14255</position><in_Quantity.quantity>0.000000</in_Quantity.quantity><out_Quantity.quantity>817.492125</out_Quantity.quantity></Point><Point><position>14256</position><in_Quantity.quantity>0.000000</in_Quantity.quantity><out_Quantity.quantity>958.265554</out_Quantity.quantity></Point><Point><position>14257</position><in_Quantity.quantity>0.000000</in_Quantity.quantity><out_Quantity.quantity>11.461172</out_Quantity.quantity></Point><Point><position>14258</position><in_Quantity.quantity>0.000000</in_Quantity.quantity><out_Quantity.quantity>140.714609</out_Quantity.quantity></Point><Point><position>14259</position><in_Quantity.quantity>0.000000</in_Quantity.quantity><out_Quantity.quantity>957.551614</out_Quantity.quantity></Point><Point><position>14260</position><in_Quantity.quantity>0.000000</in_Quantity.quantity><out_Quantity.quantity>582.578972</out_Quantity.quantity></Point><Point><position>14261</position><in_Quantity.quantity>0.000000</in_Quantity.quantity><out_Quantity.quantity>736.152796</out_Quantity.quantity></Point><Point><position>14262</position><in_Quantity.quantity>0.000000</in_Quantity.quantity><out_Quantity.quantity>676.589433</out_Quantity.quantity></Point><Point><position>14263</position><in_Quantity.quantity>0.000000</in_Quantity.quantity><out_Quantity.quantity>494.592942</out_Quantity.quantity></Point><Point><position>14264</position><in_Quantity.quantity>0.000000</in_Quantity.quantity><out_Quantity.quantity>122.144172</out_Quantity.quantity></Point><Point><position>14265</position><in_Quantity.quantity>0.000000</in_Quantity.quantity><out_Quantity.quantity>704.204694</out_Quantity.quantity></Point><Point><position>14266</position><in_Quantity.quantity>0.000000</in_Quantity.quantity><out_Quantity.quantity>737.995367</out_Quantity.quantity></Point><Point><position>14267</position><in_Quantity.quantity>0.000000</in_Quantity.quantity><out_Quantity.quantity>953.940475</out_Quantity.quantity></Point><Point><position>14268</position><in_Quantity.quantity>0.000000</in_Quantity.quantity><out_Quantity.quantity>363.090507</out_Quantity.quantity></Point><Point><position>14269</position><in_Quantity.quantity>0.000000</in_Quantity.quantity><out_Quantity.quantity>213.611034</out_Quantity.quantity></Point><Point><position>14270</position><in_Quantity.quantity>0.000000</in_Quantity.quantity><out_Quantity.quantity>576.307940</out_Quantity.quantity></Point><Point><position>14271</position><in_Quantity.quantity>0.000000</in_Quantity.quantity><out_Quantity.quantity>180.955737</out_Quantity.quantity></Point><Point><position>14272</position><in_Quantity.quantity>0.000000</in_Quantity.quantity><out_Quantity.quantity>67.099967</out_Quantity.quantity></Point><Point><position>14273</position><in_Quantity.quantity>0.000000</in_Quantity.quantity><out_Quantity.quantity>610.634426</out_Quantity.quantity></Point><Point><position>14274</position><in_Quantity.quantity>0.000000</in_Quantity.quantity><out_Quantity.quantity>286.475390</out_Quantity.quantity></Point><Point><position>14275</position><in_Quantity.quantity>0.000000</in_Quantity.quantity><out_Quantity.quantity>685.479082</out_Quantity.quantity></Point><Point><position>14276</position><in_Quantity.quantity>0.000000</in_Quantity.quantity><out_Quantity.quantity>899.950168</out_Quantity.quantity></Point><Point><position>14277</position><in_Quantity.quantity>0.000000</in_Quantity.quantity><out_Quantity.quantity>796.694150</out_Quantity.quantity></Point><Point><position>14278</position><in_Quantity.quantity>0.000000</in_Quantity.quantity><out_Quantity.quantity>960.818025</out_Quantity.quantity></Point><Point><position>14279</position><in_Quantity.quantity>0.000000</in_Quantity.quantity><out_Quantity.quantity>894.611638</out_Quantity.quantity></Point><Point><position>14280</position><in_Quantity.quantity>0.000000</in_Quantity.quantity><out_Quantity.quantity>181.141258</out_Quantity.quantity></Point><Point><position>14281</position><in_Quantity.quantity>0.000000</in_Quantity.quantity><out_Quantity.quantity>330.910110</out_Quantity.quantity></Point><Point><position>14282</position><in_Quantity.quantity>0.000000</in_Quantity.quantity><out_Quantity.quantity>152.478338</out_Quantity.quantity></Point><Point><position>14283</position><in_Quantity.quantity>0.000000</in_Quantity.quantity><out_Quantity.quantity>129.227022</out_Quantity.quantity></Point><Point><position>14284</position><in_Quantity.quantity>0.000000</in_Quantity.quantity><out_Quantity.quantity>84.028903</out_Quantity.quantity></Point><Point><position>14285</position><in_Quantity.quantity>0.000000</in_Quantity.quantity><out_Quantity.quantity>696.712427</out_Quantity.quantity></Point><Point><position>14286</position><in_Quantity.quantity>0.000000</in_Quantity.quantity><out_Quantity.quantity>274.376918</out_Quantity.quantity></Point><Point><position>14287</position><in_Quantity.quantity>0.000000</in_Quantity.quantity><out_Quantity.quantity>93.536142</out_Quantity.quantity></Point><Point><position>14288</position><in_Quantity.quantity>0.000000</in_Quantity.quantity><out_Quantity.quantity>243.614640</out_Quantity.quantity></Point><Point><position>14289</position><in_Quantity.quantity>0.000000</in_Quantity.quantity><out_Quantity.quantity>403.064817</out_Quantity.quantity></Point><Point><position>14290</position><in_Quantity.quantity>0.000000</in_Quantity.quantity><out_Quantity.quantity>402.120193</out_Quantity.quantity></Point><Point><position>14291</position><in_Quantity.quantity>0.000000</in_Quantity.quantity><out_Quantity.quantity>869.394660</out_Quantity.quantity></Point><Point><position>14292</position><in_Quantity.quantity>0.000000</in_Quantity.quantity><out_Quantity.quantity>720.783563</out_Quantity.quantity></Point><Point><position>14293</position><in_Quantity.quantity>0.000000</in_Quantity.quantity><out_Quantity.quantity>674.943795</out_Quantity.quantity></Point><Point><position>14294</position><in_Quantity.quantity>0.000000</in_Quantity.quantity><out_Quantity.quantity>987.047479</out_Quantity.quantity></Point><Point><position>14295</position><in_Quantity.quantity>0.000000</in_Quantity.quantity><out_Quantity.quantity>310.864027</out_Quantity.quantity></Point><Point><position>14296</position><in_Quantity.quantity>0.000000</in_Quantity.quantity><out_Quantity.quantity>24.746913</out_Quantity.quantity></Point><Point><position>14297</position><in_Quantity.quantity>0.000000</in_Quantity.quantity><out_Quantity.quantity>207.819381</out_Quantity.quantity></Point><Point><position>14298</position><in_Quantity.quantity>0.000000</in_Quantity.quantity><out_Quantity.quantity>683.362693</out_Quantity.quantity></Point><Point><position>14299</position><in_Quantity.quantity>0.000000</in_Quantity.quantity><out_Quantity.quantity>749.132907</out_Quantity.quantity></Point><Point><position>14300</position><in_Quantity.quantity>0.000000</in_Quantity.quantity><out_Quantity.quantity>78.045301</out_Quantity.quantity></Point><Point><position>14301</position><in_Quantity.quantity>0.000000</in_Quantity.quantity><out_Quantity.quantity>145.657513</out_Quantity.quantity></Point><Point><position>14302</position><in_Quantity.quantity>0.000000</in_Quantity.quantity><out_Quantity.quantity>850.694694</out_Quantity.quantity></Point><Point><position>14303</position><in_Quantity.quantity>0.000000</in_Quantity.quantity><out_Quantity.quantity>982.289750</out_Quantity.quantity></Point><Point><position>14304</position><in_Quantity.quantity>0.000000</in_Quantity.quantity><out_Quantity.quantity>244.786869</out_Quantity.quantity></Point><Point><position>14305</position><in_Quantity.quantity>0.000000</in_Quantity.quantity><out_Quantity.quantity>537.110122</out_Quantity.quantity></Point><Point><position>14306</position><in_Quantity.quantity>0.000000</in_Quantity.quantity><out_Quantity.quantity>33.178859</out_Quantity.quantity></Point><Point><position>14307</position><in_Quantity.quantity>0.000000</in_Quantity.quantity><out_Quantity.quantity>410.583960</out_Quantity.quantity></Point><Point><position>14308</position><in_Quantity.quantity>0.000000</in_Quantity.quantity><out_Quantity.quantity>458.215389</out_Quantity.quantity></Point><Point><position>14309</position><in_Quantity.quantity>0.000000</in_Quantity.quantity><out_Quantity.quantity>352.261901</out_Quantity.quantity></Point><Point><position>14310</position><in_Quantity.quantity>0.000000</in_Quantity.quantity><out_Quantity.quantity>115.249162</out_Quantity.quantity></Point><Point><position>14311</position><in_Quantity.quantity>0.000000</in_Quantity.quantity><out_Quantity.quantity>8.430750</out_Quantity.quantity></Point><Point><position>14312</position><in_Quantity.quantity>0.000000</in_Quantity.quantity><out_Quantity.quantity>54.356053</out_Quantity.quantity></Point><Point><position>14313</position><in_Quantity.quantity>0.000000</in_Quantity.quantity><out_Quantity.quantity>198.330323</out_Quantity.quantity></Point><Point><position>14314</position><in_Quantity.quantity>0.000000</in_Quantity.quantity><out_Quantity.quantity>12.974707</out_Quantity.quantity></Point><Point><position>14315</position><in_Quantity.quantity>0.000000</in_Quantity.quantity><out_Quantity.quantity>248.133591</out_Quantity.quantity></Point><Point><position>14316</position><in_Quantity.quantity>0.000000</in_Quantity.quantity><out_Quantity.quantity>27.691887</out_Quantity.quantity></Point><Point><position>14317</position><in_Quantity.quantity>0.000000</in_Quantity.quantity><out_Quantity.quantity>696.972310</out_Quantity.quantity></Point><Point><position>14318</position><in_Quantity.quantity>0.000000</in_Quantity.quantity><out_Quantity.quantity>765.410750</out_Quantity.quantity></Point><Point><position>14319</position><in_Quantity.quantity>0.000000</in_Quantity.quantity><out_Quantity.quantity>349.403152</out_Quantity.quantity></Point><Point><position>14320</position><in_Quantity.quantity>0.000000</in_Quantity.quantity><out_Quantity.quantity>267.248663</out_Quantity.quantity></Point><Point><position>14321</position><in_Quantity.quantity>0.000000</in_Quantity.quantity><out_Quantity.quantity>142.642582</out_Quantity.quantity></Point><Point><position>14322</position><in_Quantity.quantity>0.000000</in_Quantity.quantity><out_Quantity.quantity>353.814081</out_Quantity.quantity></Point><Point><position>14323</position><in_Quantity.quantity>0.000000</in_Quantity.quantity><out_Quantity.quantity>734.331815</out_Quantity.quantity></Point><Point><position>14324</position><in_Quantity.quantity>0.000000</in_Quantity.quantity><out_Quantity.quantity>940.288323</out_Quantity.quantity></Point><Point><position>14325</position><in_Quantity.quantity>0.000000</in_Quantity.quantity><out_Quantity.quantity>877.555713</out_Quantity.quantity></Point><Point><position>14326</position><in_Quantity.quantity>0.000000</in_Quantity.quantity><out_Quantity.quantity>105.962156</out_Quantity.quantity></Point><Point><position>14327</position><in_Quantity.quantity>0.000000</in_Quantity.quantity><out_Quantity.quantity>345.259517</out_Quantity.quantity></Point><Point><position>14328</position><in_Quantity.quantity>0.000000</in_Quantity.quantity><out_Quantity.quantity>941.477006</out_Quantity.quantity></Point><Point><position>14329</position><in_Quantity.quantity>0.000000</in_Quantity.quantity><out_Quantity.quantity>744.000370</out_Quantity.quantity></Point><Point><position>14330</position><in_Quantity.quantity>0.000000</in_Quantity.quantity><out_Quantity.quantity>118.631597</out_Quantity.quantity></Point><Point><position>14331</position><in_Quantity.quantity>0.000000</in_Quantity.quantity><out_Quantity.quantity>364.287061</out_Quantity.quantity></Point><Point><position>14332</position><in_Quantity.quantity>0.000000</in_Quantity.quantity><out_Quantity.quantity>897.567906</out_Quantity.quantity></Point><Point><position>14333</position><in_Quantity.quantity>0.000000</in_Quantity.quantity><out_Quantity.quantity>563.198189</out_Quantity.quantity></Point><Point><position>14334</position><in_Quantity.quantity>0.000000</in_Quantity.quantity><out_Quantity.quantity>332.994700</out_Quantity.quantity></Point><Point><position>14335</position><in_Quantity.quantity>0.000000</in_Quantity.quantity><out_Quantity.quantity>262.606618</out_Quantity.quantity></Point><Point><position>14336</position><in_Quantity.quantity>0.000000</in_Quantity.quantity><out_Quantity.quantity>810.808779</out_Quantity.quantity></Point><Point><position>14337</position><in_Quantity.quantity>0.000000</in_Quantity.quantity><out_Quantity.quantity>451.519752</out_Quantity.quantity></Point><Point><position>14338</position><in_Quantity.quantity>0.000000</in_Quantity.quantity><out_Quantity.quantity>725.716391</out_Quantity.quantity></Point><Point><position>14339</position><in_Quantity.quantity>0.000000</in_Quantity.quantity><out_Quantity.quantity>946.628536</out_Quantity.quantity></Point><Point><position>14340</position><in_Quantity.quantity>0.000000</in_Quantity.quantity><out_Quantity.quantity>911.978850</out_Quantity.quantity></Point><Point><position>14341</position><in_Quantity.quantity>0.000000</in_Quantity.quantity><out_Quantity.quantity>670.383263</out_Quantity.quantity></Point><Point><position>14342</position><in_Quantity.quantity>0.000000</in_Quantity.quantity><out_Quantity.quantity>211.119047</out_Quantity.quantity></Point><Point><position>14343</position><in_Quantity.quantity>0.000000</in_Quantity.quantity><out_Quantity.quantity>439.094608</out_Quantity.quantity></Point><Point><position>14344</position><in_Quantity.quantity>0.000000</in_Quantity.quantity><out_Quantity.quantity>63.580272</out_Quantity.quantity></Point><Point><position>14345</position><in_Quantity.quantity>0.000000</in_Quantity.quantity><out_Quantity.quantity>852.495856</out_Quantity.quantity></Point><Point><position>14346</position><in_Quantity.quantity>0.000000</in_Quantity.quantity><out_Quantity.quantity>511.638225</out_Quantity.quantity></Point><Point><position>14347</position><in_Quantity.quantity>0.000000</in_Quantity.quantity><out_Quantity.quantity>786.672698</out_Quantity.quantity></Point><Point><position>14348</position><in_Quantity.quantity>0.000000</in_Quantity.quantity><out_Quantity.quantity>768.317677</out_Quantity.quantity></Point><Point><position>14349</position><in_Quantity.quantity>0.000000</in_Quantity.quantity><out_Quantity.quantity>806.917283</out_Quantity.quantity></Point><Point><position>14350</position><in_Quantity.quantity>0.000000</in_Quantity.quantity><out_Quantity.quantity>764.408932</out_Quantity.quantity></Point><Point><position>14351</position><in_Quantity.quantity>0.000000</in_Quantity.quantity><out_Quantity.quantity>580.295710</out_Quantity.quantity></Point><Point><position>14352</position><in_Quantity.quantity>0.000000</in_Quantity.quantity><out_Quantity.quantity>417.484382</out_Quantity.quantity></Point><Point><position>14353</position><in_Quantity.quantity>0.000000</in_Quantity.quantity><out_Quantity.quantity>962.663233</out_Quantity.quantity></Point><Point><position>14354</position><in_Quantity.quantity>0.000000</in_Quantity.quantity><out_Quantity.quantity>762.314797</out_Quantity.quantity></Point><Point><position>14355</position><in_Quantity.quantity>0.000000</in_Quantity.quantity><out_Quantity.quantity>442.337171</out_Quantity.quantity></Point><Point><position>14356</position><in_Quantity.quantity>0.000000</in_Quantity.quantity><out_Quantity.quantity>160.367878</out_Quantity.quantity></Point><Point><position>14357</position><in_Quantity.quantity>0.000000</in_Quantity.quantity><out_Quantity.quantity>865.410178</out_Quantity.quantity></Point><Point><position>14358</position><in_Quantity.quantity>0.000000</in_Quantity.quantity><out_Quantity.quantity>725.540414</out_Quantity.quantity></Point><Point><position>14359</position><in_Quantity.quantity>0.000000</in_Quantity.quantity><out_Quantity.quantity>418.564672</out_Quantity.quantity></Point><Point><position>14360</position><in_Quantity.quantity>0.000000</in_Quantity.quantity><out_Quantity.quantity>143.979643</out_Quantity.quantity></Point><Point><position>14361</position><in_Quantity.quantity>0.000000</in_Quantity.quantity><out_Quantity.quantity>753.747497</out_Quantity.quantity></Point><Point><position>14362</position><in_Quantity.quantity>0.000000</in_Quantity.quantity><out_Quantity.quantity>946.684960</out_Quantity.quantity></Point><Point><position>14363</position><in_Quantity.quantity>0.000000</in_Quantity.quantity><out_Quantity.quantity>125.532223</out_Quantity.quantity></Point><Point><position>14364</position><in_Quantity.quantity>0.000000</in_Quantity.quantity><out_Quantity.quantity>387.536205</out_Quantity.quantity></Point><Point><position>14365</position><in_Quantity.quantity>0.000000</in_Quantity.quantity><out_Quantity.quantity>298.437960</out_Quantity.quantity></Point><Point><position>14366</position><in_Quantity.quantity>0.000000</in_Quantity.quantity><out_Quantity.quantity>188.923190</out_Quantity.quantity></Point><Point><position>14367</position><in_Quantity.quantity>0.000000</in_Quantity.quantity><out_Quantity.quantity>348.344380</out_Quantity.quantity></Point><Point><position>14368</position><in_Quantity.quantity>0.000000</in_Quantity.quantity><out_Quantity.quantity>902.563050</out_Quantity.quantity></Point><Point><position>14369</position><in_Quantity.quantity>0.000000</in_Quantity.quantity><out_Quantity.quantity>744.273061</out_Quantity.quantity></Point><Point><position>14370</position><in_Quantity.quantity>0.000000</in_Quantity.quantity><out_Quantity.quantity>954.412290</out_Quantity.quantity></Point><Point><position>14371</position><in_Quantity.quantity>0.000000</in_Quantity.quantity><out_Quantity.quantity>483.977113</out_Quantity.quantity></Point><Point><position>14372</position><in_Quantity.quantity>0.000000</in_Quantity.quantity><out_Quantity.quantity>793.211800</out_Quantity.quantity></Point><Point><position>14373</position><in_Quantity.quantity>0.000000</in_Quantity.quantity><out_Quantity.quantity>804.036615</out_Quantity.quantity></Point><Point><position>14374</position><in_Quantity.quantity>0.000000</in_Quantity.quantity><out_Quantity.quantity>468.262045</out_Quantity.quantity></Point><Point><position>14375</position><in_Quantity.quantity>0.000000</in_Quantity.quantity><out_Quantity.quantity>415.476392</out_Quantity.quantity></Point><Point><position>14376</position><in_Quantity.quantity>0.000000</in_Quantity.quantity><out_Quantity.quantity>893.768574</out_Quantity.quantity></Point><Point><position>14377</position><in_Quantity.quantity>0.000000</in_Quantity.quantity><out_Quantity.quantity>551.505753</out_Quantity.quantity></Point><Point><position>14378</position><in_Quantity.quantity>0.000000</in_Quantity.quantity><out_Quantity.quantity>56.167181</out_Quantity.quantity></Point><Point><position>14379</position><in_Quantity.quantity>0.000000</in_Quantity.quantity><out_Quantity.quantity>415.625275</out_Quantity.quantity></Point><Point><position>14380</position><in_Quantity.quantity>0.000000</in_Quantity.quantity><out_Quantity.quantity>703.278137</out_Quantity.quantity></Point><Point><position>14381</position><in_Quantity.quantity>0.000000</in_Quantity.quantity><out_Quantity.quantity>375.041710</out_Quantity.quantity></Point><Point><position>14382</position><in_Quantity.quantity>0.000000</in_Quantity.quantity><out_Quantity.quantity>622.797976</out_Quantity.quantity></Point><Point><position>14383</position><in_Quantity.quantity>0.000000</in_Quantity.quantity><out_Quantity.quantity>515.524450</out_Quantity.quantity></Point><Point><position>14384</position><in_Quantity.quantity>0.000000</in_Quantity.quantity><out_Quantity.quantity>104.197987</out_Quantity.quantity></Point><Point><position>14385</position><in_Quantity.quantity>0.000000</in_Quantity.quantity><out_Quantity.quantity>668.800515</out_Quantity.quantity></Point><Point><position>14386</position><in_Quantity.quantity>0.000000</in_Quantity.quantity><out_Quantity.quantity>294.351485</out_Quantity.quantity></Point><Point><position>14387</position><in_Quantity.quantity>0.000000</in_Quantity.quantity><out_Quantity.quantity>992.806271</out_Quantity.quantity></Point><Point><position>14388</position><in_Quantity.quantity>0.000000</in_Quantity.quantity><out_Quantity.quantity>849.884677</out_Quantity.quantity></Point><Point><position>14389</position><in_Quantity.quantity>0.000000</in_Quantity.quantity><out_Quantity.quantity>888.796193</out_Quantity.quantity></Point><Point><position>14390</position><in_Quantity.quantity>0.000000</in_Quantity.quantity><out_Quantity.quantity>162.804583</out_Quantity.quantity></Point><Point><position>14391</position><in_Quantity.quantity>0.000000</in_Quantity.quantity><out_Quantity.quantity>569.347499</out_Quantity.quantity></Point><Point><position>14392</position><in_Quantity.quantity>0.000000</in_Quantity.quantity><out_Quantity.quantity>792.586127</out_Quantity.quantity></Point><Point><position>14393</position><in_Quantity.quantity>0.000000</in_Quantity.quantity><out_Quantity.quantity>652.097470</out_Quantity.quantity></Point><Point><position>14394</position><in_Quantity.quantity>0.000000</in_Quantity.quantity><out_Quantity.quantity>0.416780</out_Quantity.quantity></Point><Point><position>14395</position><in_Quantity.quantity>0.000000</in_Quantity.quantity><out_Quantity.quantity>838.354348</out_Quantity.quantity></Point><Point><position>14396</position><in_Quantity.quantity>0.000000</in_Quantity.quantity><out_Quantity.quantity>511.899701</out_Quantity.quantity></Point><Point><position>14397</position><in_Quantity.quantity>0.000000</in_Quantity.quantity><out_Quantity.quantity>857.362642</out_Quantity.quantity></Point><Point><position>14398</position><in_Quantity.quantity>0.000000</in_Quantity.quantity><out_Quantity.quantity>681.569970</out_Quantity.quantity></Point><Point><position>14399</position><in_Quantity.quantity>0.000000</in_Quantity.quantity><out_Quantity.quantity>201.945423</out_Quantity.quantity></Point><Point><position>14400</position><in_Quantity.quantity>0.000000</in_Quantity.quantity><out_Quantity.quantity>850.803331</out_Quantity.quantity></Point></Period></TimeSeries></EnergyAccount_MarketDocument></soapenv:Body>
</soapenv:Envelope>
