<?xml version="1.0"?>
<soapenv:Envelope xmlns:soapenv="http://schemas.xmlsoap.org/soap/envelope/" xmlns:wsse="http://docs.oasis-open.org/wss/2004/01/oasis-200401-wss-wssecurity-secext-1.0.xsd" xmlns:wsu="http://docs.oasis-open.org/wss/2004/01/oasis-200401-wss-wssecurity-utility-1.0.xsd">
  <soapenv:Header>
    <MessageAddressing xmlns="http://sys.svc.tennet.nl/MMCHub/Header/v1">
      <technicalMessageId>53abe41e-59ec-4c82-8039-69d47b4a4553</technicalMessageId>
      <correlationId>53abe41e-59ec-4c82-8039-69d47b4a4553</correlationId>
      <senderId>8719333027500</senderId>
      <receiverId>8716867999983</receiverId>
      <carrierId>8719333027500</carrierId>
      <contentType>ACTIVATED_FCR</contentType>
    </MessageAddressing>
  <wsse:Security soapenv:mustUnderstand="1"><ds:Signature xmlns:ds="http://www.w3.org/2000/09/xmldsig#">
  <ds:SignedInfo><ds:CanonicalizationMethod Algorithm="http://www.w3.org/2001/10/xml-exc-c14n#"/>
    <ds:SignatureMethod Algorithm="http://www.w3.org/2001/04/xmldsig-more#rsa-sha256"/>
  <ds:Reference URI="#pfxe2312975-65d0-f8fb-fbbd-c6f731d5a839"><ds:Transforms><ds:Transform Algorithm="http://www.w3.org/2001/10/xml-exc-c14n#"/></ds:Transforms><ds:DigestMethod Algorithm="http://www.w3.org/2001/04/xmlenc#sha256"/><ds:DigestValue>cmLtapok4jtwMDlN/iUZGsFK7ops3t9UC2D0Xmpw1OM=</ds:DigestValue></ds:Reference><ds:Reference URI="#pfx2bfc99f4-fc7e-4336-bbb5-36a8d1978758"><ds:Transforms><ds:Transform Algorithm="http://www.w3.org/2001/10/xml-exc-c14n#"/></ds:Transforms><ds:DigestMethod Algorithm="http://www.w3.org/2001/04/xmlenc#sha256"/><ds:DigestValue>f9oFErwXRNAyCpYO+k9jqdhIu9Lfua8m6YkM+5a6HVE=</ds:DigestValue></ds:Reference><ds:Reference URI="#pfx2d52a846-b759-3cc7-4267-3fc803d40afb"><ds:Transforms><ds:Transform Algorithm="http://www.w3.org/2001/10/xml-exc-c14n#"/></ds:Transforms><ds:DigestMethod Algorithm="http://www.w3.org/2001/04/xmlenc#sha256"/><ds:DigestValue>qffWQPtXJuPdoUrXiu2dEH3jqQiv5QgVzabTN2kFT2Y=</ds:DigestValue></ds:Reference></ds:SignedInfo><ds:SignatureValue>Gj1rrFaHteW9D9mZnDVN/h90WFspu68oNJKdJ7Ovt43ZQp5cPOAVGI3QSasNcWRSpoWmKvjtnZiAGzBlQ5QQS2ckhgl/BdHu0VwVpHa6Q+3pGa90+g2/wlfPmBAunTBlcOV/Vtvfz6tRU4gjuCVo63SAx3Wg7pFQjaD5TWkYa3kWsv3ZxT3WifLMq7VoRG9DUuky1umYTnu2Ct9nYxqeZtIskNjcVcDUUUidRNwx8lsNQq/MoqLDxY8+dq+7GF6Laz1fiiQRM98XbZH69CIuIBXnLHb19JlYluYGpwx2wBL2NINYqR1k+G+EGQvPhs4F+CHZ1BR2kIk+XX9tJVGcDA==</ds:SignatureValue>
<ds:KeyInfo><wsse:SecurityTokenReference><wsse:KeyIdentifier ValueType="http://docs.oasis-open.org/wss/oasis-wss-x509-token-profile-1.0#X509SubjectKeyIdentifier" EncodingType="http://docs.oasis-open.org/wss/2004/01/oasis-200401-wss-soap-message-security-1.0#Base64Binary">uBNiKsepOdnEocxdbcYPofPwi8Q=</wsse:KeyIdentifier></wsse:SecurityTokenReference></ds:KeyInfo></ds:Signature><wsse:BinarySecurityToken EncodingType="http://docs.oasis-open.org/wss/2004/01/oasis-200401-wss-soap-message-security-1.0#Base64Binary" wsu:Id="pfxe2312975-65d0-f8fb-fbbd-c6f731d5a839" ValueType="http://docs.oasis-open.org/wss/2004/01/oasis-200401-wss-x509-token-profile-1.0#X509v3">MIIGNjCCBB6gAwIBAgIQAjudA9L/gOg5IBSTwOERjjANBgkqhkiG9w0BAQsFADBiMQswCQYDVQQGEwJVUzEXMBUGA1UEChMORGlnaUNlcnQsIEluYy4xOjA4BgNVBAMTMURpZ2lDZXJ0IEFzc3VyZWQgRzIgU01JTUUgUlNBNDA5NiBTSEEzODQgMjAyNCBDQTEwHhcNMjUwMTMwMDAwMDAwWhcNMjgwMTI5MjM1OTU5WjBsMRcwFQYDVQRhEw5OVFJOTC03MzEwMjQzMTELMAkGA1UEBhMCTkwxDzANBgNVBAcTBlZlZ2hlbDEUMBIGA1UEChMLQ292b2x0IEIuVi4xHTAbBgNVBAMMFHNlcnZpY2UtbmxAY292b2x0LmV1MIIBIjANBgkqhkiG9w0BAQEFAAOCAQ8AMIIBCgKCAQEA3668ejzvq08G4a4Qv1b0RqkGeKYa44ZAby9hr4n4xUkDo2THUjFku68YBLpqnl3FgA8utdQWX+YAYArsJzZ2cMolIDWw1A9ykItXwE+rNt1npVVlPonFSd7WPm0+20m9xwd3P16gSVHbjiUq/8J1en5zCGkTCgK6x7tyEbceMEwnRWHgxlqaRT2zYcDb3YkeC2pNyPKWXQvhV82br7+ZT2tVZ0Jz7PDPysR8ndIg5yjhNkaG+SHC4nzd/uLvkWGxkRafeqBWMS5NLPhxE4DQQUFWMOxTnwWy3KEr+qkOFhgMZEBmV1K06aZR1Au1Ih8ymW31r4RfcMi2ZxMvYFPTdwIDAQABo4IB3DCCAdgwHwYDVR0jBBgwFoAU95uiTtOXxfQ0D0MOgYXOkZMyr/kwHQYDVR0OBBYEFLgTYirHqTnZxKHMXW3GD6Hz8IvEMB8GA1UdEQQYMBaBFHNlcnZpY2UtbmxAY292b2x0LmV1MBQGA1UdIAQNMAswCQYHZ4EMAQUDATAOBgNVHQ8BAf8EBAMCB4AwEwYDVR0lBAwwCgYIKwYBBQUHAwQwgakGA1UdHwSBoTCBnjBNoEugSYZHaHR0cDovL2NybDMuZGlnaWNlcnQuY29tL0RpZ2lDZXJ0QXNzdXJlZEcyU01JTUVSU0E0MDk2U0hBMzg0MjAyNENBMS5jcmwwTaBLoEmGR2h0dHA6Ly9jcmw0LmRpZ2ljZXJ0LmNvbS9EaWdpQ2VydEFzc3VyZWRHMlNNSU1FUlNBNDA5NlNIQTM4NDIwMjRDQTEuY3JsMIGNBggrBgEFBQcBAQSBgDB+MCQGCCsGAQUFBzABhhhodHRwOi8vb2NzcC5kaWdpY2VydC5jb20wVgYIKwYBBQUHMAKGSmh0dHA6Ly9jYWNlcnRzLmRpZ2ljZXJ0LmNvbS9EaWdpQ2VydEFzc3VyZWRHMlNNSU1FUlNBNDA5NlNIQTM4NDIwMjRDQTEuY3J0MA0GCSqGSIb3DQEBCwUAA4ICAQAU0bQs5wwskLLuJwD5f0Cgn2Rgolk1p6ZqeGpZNpUcgDvR7ZRdtOc+jGPVqHTX+mpxw0HTUMVw29xTTd76kQkvFnZB4V9oGuyB8sRhMMYKC4fcucD7dZT4KuPaiK3amomF7Em92SMIE0qQxGish2NaEyctNqpCoPj22nJDvGTz6jyjNb8z7tn+FXTuIScIUnQyoKrWyvsknK6FV8ApaHpcDAWRrTAqTVjik9JOKkb6uzPAt+V60I+DTBjMqhimpEpwbGV6ksW3BJV58gBkICRxMT2AJM8wB8ZWRogG/AYV+csPeLNhi6CTbfe6rWaNw4sYYaDQnF2IgdCtZB4S8ktDXMWs3W4nY6wJM3fcWOTag3WiG/WetPobSSK2Vl4RPp57Po+eMW7QaiB83W2FVaVDUstS8DfBym7AgIxThT/v/B+W9T1nOfwSd9HTMcprYghMHxsBe50nTOUimSeOQxbWfH9u8O7TVMkVlu3nj49Xrc1Bw74FJ+pYSeuSUwiJkDqjay44za3m4zfncgwfN7cWbI2WCOqSH2wggy8LNmXg65m1r1axVjzTU0iwDQ6UO4smO6bv9VuLic9wP/dPmG3qERvE+kIYcT4UjpyRyMX+MYcw+xbcm/+q4QSNIVvWR8j+L1rkT63sm9j7XgfC/N7ZIuY+Slptf8QMqc8zt5l1Yg==</wsse:BinarySecurityToken><wsu:Timestamp wsu:Id="pfx2bfc99f4-fc7e-4336-bbb5-36a8d1978758"><wsu:Created>2025-07-01T17:18:47Z</wsu:Created><wsu:Expires>2025-07-01T18:18:47Z</wsu:Expires></wsu:Timestamp></wsse:Security></soapenv:Header>
  <soapenv:Body wsu:Id="pfx2d52a846-b759-3cc7-4267-3fc803d40afb"><EnergyAccount_MarketDocument xmlns="urn:iec62325.351:tc57wg16:451-4:energyaccountdocument:4:0"><mRID>DOC-FCR-05072025-1A-001</mRID><revisionNumber>1</revisionNumber><type>A45</type><docStatus><value>A07</value></docStatus><process.processType>A28</process.processType><process.classificationType>A02</process.classificationType><sender_MarketParticipant.mRID codingScheme="A10">8719333027500</sender_MarketParticipant.mRID><sender_MarketParticipant.marketRole.type>A12</sender_MarketParticipant.marketRole.type><receiver_MarketParticipant.mRID codingScheme="A10">8716867999983</receiver_MarketParticipant.mRID><receiver_MarketParticipant.marketRole.type>A04</receiver_MarketParticipant.marketRole.type><createdDateTime>2025-07-06T05:32:00Z</createdDateTime><period.timeInterval><start>2025-07-04T22:00Z</start><end>2025-07-05T22:00Z</end></period.timeInterval><TimeSeries><mRID>TS-20250705-CC</mRID><businessType>A11</businessType><product>8716867000016</product><objectAggregation>A02</objectAggregation><area_Domain.mRID codingScheme="A01">10YNL----------L</area_Domain.mRID><measure_Unit.name>MAW</measure_Unit.name><currency_Unit.name>EUR</currency_Unit.name><marketEvaluationPoint.mRID codingScheme="A01">871687910000500037</marketEvaluationPoint.mRID><Period><timeInterval><start>2025-07-04T22:00Z</start><end>2025-07-05T02:00Z</end></timeInterval><resolution>PT1S</resolution><Point><position>1</position><in_Quantity.quantity>0.000000</in_Quantity.quantity><out_Quantity.quantity>345.324776</out_Quantity.quantity></Point><Point><position>2</position><in_Quantity.quantity>0.000000</in_Quantity.quantity><out_Quantity.quantity>777.623127</out_Quantity.quantity></Point><Point><position>3</position><in_Quantity.quantity>0.000000</in_Quantity.quantity><out_Quantity.quantity>835.808174</out_Quantity.quantity></Point><Point><position>4</position><in_Quantity.quantity>0.000000</in_Quantity.quantity><out_Quantity.quantity>779.097651</out_Quantity.quantity></Point><Point><position>5</position><in_Quantity.quantity>0.000000</in_Quantity.quantity><out_Quantity.quantity>286.255615</out_Quantity.quantity></Point><Point><position>6</position><in_Quantity.quantity>0.000000</in_Quantity.quantity><out_Quantity.quantity>974.588148</out_Quantity.quantity></Point><Point><position>7</position><in_Quantity.quantity>0.000000</in_Quantity.quantity><out_Quantity.quantity>80.512368</out_Quantity.quantity></Point><Point><position>8</position><in_Quantity.quantity>0.000000</in_Quantity.quantity><out_Quantity.quantity>886.627330</out_Quantity.quantity></Point><Point><position>9</position><in_Quantity.quantity>0.000000</in_Quantity.quantity><out_Quantity.quantity>146.431565</out_Quantity.quantity></Point><Point><position>10</position><in_Quantity.quantity>0.000000</in_Quantity.quantity><out_Quantity.quantity>595.548347</out_Quantity.quantity></Point><Point><position>11</position><in_Quantity.quantity>0.000000</in_Quantity.quantity><out_Quantity.quantity>877.769020</out_Quantity.quantity></Point><Point><position>12</position><in_Quantity.quantity>0.000000</in_Quantity.quantity><out_Quantity.quantity>208.206067</out_Quantity.quantity></Point><Point><position>13</position><in_Quantity.quantity>0.000000</in_Quantity.quantity><out_Quantity.quantity>427.921828</out_Quantity.quantity></Point><Point><position>14</position><in_Quantity.quantity>0.000000</in_Quantity.quantity><out_Quantity.quantity>320.048038</out_Quantity.quantity></Point><Point><position>15</position><in_Quantity.quantity>0.000000</in_Quantity.quantity><out_Quantity.quantity>261.982902</out_Quantity.quantity></Point><Point><position>16</position><in_Quantity.quantity>0.000000</in_Quantity.quantity><out_Quantity.quantity>301.321354</out_Quantity.quantity></Point><Point><position>17</position><in_Quantity.quantity>0.000000</in_Quantity.quantity><out_Quantity.quantity>700.283150</out_Quantity.quantity></Point><Point><position>18</position><in_Quantity.quantity>0.000000</in_Quantity.quantity><out_Quantity.quantity>621.272746</out_Quantity.quantity></Point><Point><position>19</position><in_Quantity.quantity>0.000000</in_Quantity.quantity><out_Quantity.quantity>966.542402</out_Quantity.quantity></Point><Point><position>20</position><in_Quantity.quantity>0.000000</in_Quantity.quantity><out_Quantity.quantity>546.354540</out_Quantity.quantity></Point><Point><position>21</position><in_Quantity.quantity>0.000000</in_Quantity.quantity><out_Quantity.quantity>156.674120</out_Quantity.quantity></Point><Point><position>22</position><in_Quantity.quantity>0.000000</in_Quantity.quantity><out_Quantity.quantity>598.082032</out_Quantity.quantity></Point><Point><position>23</position><in_Quantity.quantity>0.000000</in_Quantity.quantity><out_Quantity.quantity>898.065756</out_Quantity.quantity></Point><Point><position>24</position><in_Quantity.quantity>0.000000</in_Quantity.quantity><out_Quantity.quantity>398.769458</out_Quantity.quantity></Point><Point><position>25</position><in_Quantity.quantity>0.000000</in_Quantity.quantity><out_Quantity.quantity>44.262252</out_Quantity.quantity></Point><Point><position>26</position><in_Quantity.quantity>0.000000</in_Quantity.quantity><out_Quantity.quantity>664.863120</out_Quantity.quantity></Point><Point><position>27</position><in_Quantity.quantity>0.000000</in_Quantity.quantity><out_Quantity.quantity>109.375517</out_Quantity.quantity></Point><Point><position>28</position><in_Quantity.quantity>0.000000</in_Quantity.quantity><out_Quantity.quantity>136.708134</out_Quantity.quantity></Point><Point><position>29</position><in_Quantity.quantity>0.000000</in_Quantity.quantity><out_Quantity.quantity>52.128794</out_Quantity.quantity></Point><Point><position>30</position><in_Quantity.quantity>0.000000</in_Quantity.quantity><out_Quantity.quantity>40.009942</out_Quantity.quantity></Point><Point><position>31</position><in_Quantity.quantity>0.000000</in_Quantity.quantity><out_Quantity.quantity>425.272442</out_Quantity.quantity></Point><Point><position>32</position><in_Quantity.quantity>0.000000</in_Quantity.quantity><out_Quantity.quantity>531.694469</out_Quantity.quantity></Point><Point><position>33</position><in_Quantity.quantity>0.000000</in_Quantity.quantity><out_Quantity.quantity>191.056352</out_Quantity.quantity></Point><Point><position>34</position><in_Quantity.quantity>0.000000</in_Quantity.quantity><out_Quantity.quantity>82.210750</out_Quantity.quantity></Point><Point><position>35</position><in_Quantity.quantity>0.000000</in_Quantity.quantity><out_Quantity.quantity>849.324886</out_Quantity.quantity></Point><Point><position>36</position><in_Quantity.quantity>0.000000</in_Quantity.quantity><out_Quantity.quantity>448.164000</out_Quantity.quantity></Point><Point><position>37</position><in_Quantity.quantity>0.000000</in_Quantity.quantity><out_Quantity.quantity>182.652923</out_Quantity.quantity></Point><Point><position>38</position><in_Quantity.quantity>0.000000</in_Quantity.quantity><out_Quantity.quantity>26.500388</out_Quantity.quantity></Point><Point><position>39</position><in_Quantity.quantity>0.000000</in_Quantity.quantity><out_Quantity.quantity>36.265348</out_Quantity.quantity></Point><Point><position>40</position><in_Quantity.quantity>0.000000</in_Quantity.quantity><out_Quantity.quantity>394.162281</out_Quantity.quantity></Point><Point><position>41</position><in_Quantity.quantity>0.000000</in_Quantity.quantity><out_Quantity.quantity>588.978432</out_Quantity.quantity></Point><Point><position>42</position><in_Quantity.quantity>0.000000</in_Quantity.quantity><out_Quantity.quantity>96.086446</out_Quantity.quantity></Point><Point><position>43</position><in_Quantity.quantity>0.000000</in_Quantity.quantity><out_Quantity.quantity>843.626794</out_Quantity.quantity></Point><Point><position>44</position><in_Quantity.quantity>0.000000</in_Quantity.quantity><out_Quantity.quantity>369.381982</out_Quantity.quantity></Point><Point><position>45</position><in_Quantity.quantity>0.000000</in_Quantity.quantity><out_Quantity.quantity>959.100410</out_Quantity.quantity></Point><Point><position>46</position><in_Quantity.quantity>0.000000</in_Quantity.quantity><out_Quantity.quantity>237.390515</out_Quantity.quantity></Point><Point><position>47</position><in_Quantity.quantity>0.000000</in_Quantity.quantity><out_Quantity.quantity>525.286241</out_Quantity.quantity></Point><Point><position>48</position><in_Quantity.quantity>0.000000</in_Quantity.quantity><out_Quantity.quantity>219.914317</out_Quantity.quantity></Point><Point><position>49</position><in_Quantity.quantity>0.000000</in_Quantity.quantity><out_Quantity.quantity>442.219430</out_Quantity.quantity></Point><Point><position>50</position><in_Quantity.quantity>0.000000</in_Quantity.quantity><out_Quantity.quantity>968.280312</out_Quantity.quantity></Point><Point><position>51</position><in_Quantity.quantity>0.000000</in_Quantity.quantity><out_Quantity.quantity>758.013770</out_Quantity.quantity></Point><Point><position>52</position><in_Quantity.quantity>0.000000</in_Quantity.quantity><out_Quantity.quantity>754.219504</out_Quantity.quantity></Point><Point><position>53</position><in_Quantity.quantity>0.000000</in_Quantity.quantity><out_Quantity.quantity>365.245266</out_Quantity.quantity></Point><Point><position>54</position><in_Quantity.quantity>0.000000</in_Quantity.quantity><out_Quantity.quantity>87.522625</out_Quantity.quantity></Point><Point><position>55</position><in_Quantity.quantity>0.000000</in_Quantity.quantity><out_Quantity.quantity>683.474061</out_Quantity.quantity></Point><Point><position>56</position><in_Quantity.quantity>0.000000</in_Quantity.quantity><out_Quantity.quantity>855.237404</out_Quantity.quantity></Point><Point><position>57</position><in_Quantity.quantity>0.000000</in_Quantity.quantity><out_Quantity.quantity>521.215260</out_Quantity.quantity></Point><Point><position>58</position><in_Quantity.quantity>0.000000</in_Quantity.quantity><out_Quantity.quantity>472.303554</out_Quantity.quantity></Point><Point><position>59</position><in_Quantity.quantity>0.000000</in_Quantity.quantity><out_Quantity.quantity>36.863028</out_Quantity.quantity></Point><Point><position>60</position><in_Quantity.quantity>0.000000</in_Quantity.quantity><out_Quantity.quantity>25.204094</out_Quantity.quantity></Point><Point><position>61</position><in_Quantity.quantity>0.000000</in_Quantity.quantity><out_Quantity.quantity>198.599167</out_Quantity.quantity></Point><Point><position>62</position><in_Quantity.quantity>0.000000</in_Quantity.quantity><out_Quantity.quantity>891.462511</out_Quantity.quantity></Point><Point><position>63</position><in_Quantity.quantity>0.000000</in_Quantity.quantity><out_Quantity.quantity>407.959457</out_Quantity.quantity></Point><Point><position>64</position><in_Quantity.quantity>0.000000</in_Quantity.quantity><out_Quantity.quantity>435.358564</out_Quantity.quantity></Point><Point><position>65</position><in_Quantity.quantity>0.000000</in_Quantity.quantity><out_Quantity.quantity>213.151336</out_Quantity.quantity></Point><Point><position>66</position><in_Quantity.quantity>0.000000</in_Quantity.quantity><out_Quantity.quantity>530.473758</out_Quantity.quantity></Point><Point><position>67</position><in_Quantity.quantity>0.000000</in_Quantity.quantity><out_Quantity.quantity>103.853850</out_Quantity.quantity></Point><Point><position>68</position><in_Quantity.quantity>0.000000</in_Quantity.quantity><out_Quantity.quantity>703.482379</out_Quantity.quantity></Point><Point><position>69</position><in_Quantity.quantity>0.000000</in_Quantity.quantity><out_Quantity.quantity>873.353170</out_Quantity.quantity></Point><Point><position>70</position><in_Quantity.quantity>0.000000</in_Quantity.quantity><out_Quantity.quantity>405.317918</out_Quantity.quantity></Point><Point><position>71</position><in_Quantity.quantity>0.000000</in_Quantity.quantity><out_Quantity.quantity>771.471633</out_Quantity.quantity></Point><Point><position>72</position><in_Quantity.quantity>0.000000</in_Quantity.quantity><out_Quantity.quantity>945.130346</out_Quantity.quantity></Point><Point><position>73</position><in_Quantity.quantity>0.000000</in_Quantity.quantity><out_Quantity.quantity>731.596797</out_Quantity.quantity></Point><Point><position>74</position><in_Quantity.quantity>0.000000</in_Quantity.quantity><out_Quantity.quantity>235.668464</out_Quantity.quantity></Point><Point><position>75</position><in_Quantity.quantity>0.000000</in_Quantity.quantity><out_Quantity.quantity>242.560284</out_Quantity.quantity></Point><Point><position>76</position><in_Quantity.quantity>0.000000</in_Quantity.quantity><out_Quantity.quantity>718.022637</out_Quantity.quantity></Point><Point><position>77</position><in_Quantity.quantity>0.000000</in_Quantity.quantity><out_Quantity.quantity>51.731110</out_Quantity.quantity></Point><Point><position>78</position><in_Quantity.quantity>0.000000</in_Quantity.quantity><out_Quantity.quantity>13.126457</out_Quantity.quantity></Point><Point><position>79</position><in_Quantity.quantity>0.000000</in_Quantity.quantity><out_Quantity.quantity>357.019817</out_Quantity.quantity></Point><Point><position>80</position><in_Quantity.quantity>0.000000</in_Quantity.quantity><out_Quantity.quantity>40.168547</out_Quantity.quantity></Point><Point><position>81</position><in_Quantity.quantity>0.000000</in_Quantity.quantity><out_Quantity.quantity>62.673526</out_Quantity.quantity></Point><Point><position>82</position><in_Quantity.quantity>0.000000</in_Quantity.quantity><out_Quantity.quantity>642.729588</out_Quantity.quantity></Point><Point><position>83</position><in_Quantity.quantity>0.000000</in_Quantity.quantity><out_Quantity.quantity>838.506079</out_Quantity.quantity></Point><Point><position>84</position><in_Quantity.quantity>0.000000</in_Quantity.quantity><out_Quantity.quantity>287.973413</out_Quantity.quantity></Point><Point><position>85</position><in_Quantity.quantity>0.000000</in_Quantity.quantity><out_Quantity.quantity>42.249525</out_Quantity.quantity></Point><Point><position>86</position><in_Quantity.quantity>0.000000</in_Quantity.quantity><out_Quantity.quantity>867.643521</out_Quantity.quantity></Point><Point><position>87</position><in_Quantity.quantity>0.000000</in_Quantity.quantity><out_Quantity.quantity>762.579426</out_Quantity.quantity></Point><Point><position>88</position><in_Quantity.quantity>0.000000</in_Quantity.quantity><out_Quantity.quantity>225.120725</out_Quantity.quantity></Point><Point><position>89</position><in_Quantity.quantity>0.000000</in_Quantity.quantity><out_Quantity.quantity>187.874233</out_Quantity.quantity></Point><Point><position>90</position><in_Quantity.quantity>0.000000</in_Quantity.quantity><out_Quantity.quantity>761.106025</out_Quantity.quantity></Point><Point><position>91</position><in_Quantity.quantity>0.000000</in_Quantity.quantity><out_Quantity.quantity>382.083355</out_Quantity.quantity></Point><Point><position>92</position><in_Quantity.quantity>0.000000</in_Quantity.quantity><out_Quantity.quantity>957.785227</out_Quantity.quantity></Point><Point><position>93</position><in_Quantity.quantity>0.000000</in_Quantity.quantity><out_Quantity.quantity>495.018990</out_Quantity.quantity></Point><Point><position>94</position><in_Quantity.quantity>0.000000</in_Quantity.quantity><out_Quantity.quantity>290.968565</out_Quantity.quantity></Point><Point><position>95</position><in_Quantity.quantity>0.000000</in_Quantity.quantity><out_Quantity.quantity>73.394141</out_Quantity.quantity></Point><Point><position>96</position><in_Quantity.quantity>0.000000</in_Quantity.quantity><out_Quantity.quantity>501.098065</out_Quantity.quantity></Point><Point><position>97</position><in_Quantity.quantity>0.000000</in_Quantity.quantity><out_Quantity.quantity>194.502026</out_Quantity.quantity></Point><Point><position>98</position><in_Quantity.quantity>0.000000</in_Quantity.quantity><out_Quantity.quantity>998.279827</out_Quantity.quantity></Point><Point><position>99</position><in_Quantity.quantity>0.000000</in_Quantity.quantity><out_Quantity.quantity>83.491275</out_Quantity.quantity></Point><Point><position>100</position><in_Quantity.quantity>0.000000</in_Quantity.quantity><out_Quantity.quantity>113.625299</out_Quantity.quantity></Point><Point><position>101</position><in_Quantity.quantity>0.000000</in_Quantity.quantity><out_Quantity.quantity>20.556782</out_Quantity.quantity></Point><Point><position>102</position><in_Quantity.quantity>0.000000</in_Quantity.quantity><out_Quantity.quantity>476.680207</out_Quantity.quantity></Point><Point><position>103</position><in_Quantity.quantity>0.000000</in_Quantity.quantity><out_Quantity.quantity>209.153836</out_Quantity.quantity></Point><Point><position>104</position><in_Quantity.quantity>0.000000</in_Quantity.quantity><out_Quantity.quantity>822.548910</out_Quantity.quantity></Point><Point><position>105</position><in_Quantity.quantity>0.000000</in_Quantity.quantity><out_Quantity.quantity>645.326119</out_Quantity.quantity></Point><Point><position>106</position><in_Quantity.quantity>0.000000</in_Quantity.quantity><out_Quantity.quantity>185.275725</out_Quantity.quantity></Point><Point><position>107</position><in_Quantity.quantity>0.000000</in_Quantity.quantity><out_Quantity.quantity>187.317947</out_Quantity.quantity></Point><Point><position>108</position><in_Quantity.quantity>0.000000</in_Quantity.quantity><out_Quantity.quantity>22.126603</out_Quantity.quantity></Point><Point><position>109</position><in_Quantity.quantity>0.000000</in_Quantity.quantity><out_Quantity.quantity>421.991315</out_Quantity.quantity></Point><Point><position>110</position><in_Quantity.quantity>0.000000</in_Quantity.quantity><out_Quantity.quantity>578.955990</out_Quantity.quantity></Point><Point><position>111</position><in_Quantity.quantity>0.000000</in_Quantity.quantity><out_Quantity.quantity>596.488430</out_Quantity.quantity></Point><Point><position>112</position><in_Quantity.quantity>0.000000</in_Quantity.quantity><out_Quantity.quantity>519.846503</out_Quantity.quantity></Point><Point><position>113</position><in_Quantity.quantity>0.000000</in_Quantity.quantity><out_Quantity.quantity>107.589419</out_Quantity.quantity></Point><Point><position>114</position><in_Quantity.quantity>0.000000</in_Quantity.quantity><out_Quantity.quantity>581.894690</out_Quantity.quantity></Point><Point><position>115</position><in_Quantity.quantity>0.000000</in_Quantity.quantity><out_Quantity.quantity>926.133768</out_Quantity.quantity></Point><Point><position>116</position><in_Quantity.quantity>0.000000</in_Quantity.quantity><out_Quantity.quantity>14.004513</out_Quantity.quantity></Point><Point><position>117</position><in_Quantity.quantity>0.000000</in_Quantity.quantity><out_Quantity.quantity>868.807333</out_Quantity.quantity></Point><Point><position>118</position><in_Quantity.quantity>0.000000</in_Quantity.quantity><out_Quantity.quantity>879.726298</out_Quantity.quantity></Point><Point><position>119</position><in_Quantity.quantity>0.000000</in_Quantity.quantity><out_Quantity.quantity>914.240523</out_Quantity.quantity></Point><Point><position>120</position><in_Quantity.quantity>0.000000</in_Quantity.quantity><out_Quantity.quantity>388.916350</out_Quantity.quantity></Point><Point><position>121</position><in_Quantity.quantity>0.000000</in_Quantity.quantity><out_Quantity.quantity>14.506956</out_Quantity.quantity></Point><Point><position>122</position><in_Quantity.quantity>0.000000</in_Quantity.quantity><out_Quantity.quantity>58.157639</out_Quantity.quantity></Point><Point><position>123</position><in_Quantity.quantity>0.000000</in_Quantity.quantity><out_Quantity.quantity>771.179167</out_Quantity.quantity></Point><Point><position>124</position><in_Quantity.quantity>0.000000</in_Quantity.quantity><out_Quantity.quantity>198.957883</out_Quantity.quantity></Point><Point><position>125</position><in_Quantity.quantity>0.000000</in_Quantity.quantity><out_Quantity.quantity>153.373902</out_Quantity.quantity></Point><Point><position>126</position><in_Quantity.quantity>0.000000</in_Quantity.quantity><out_Quantity.quantity>613.979230</out_Quantity.quantity></Point><Point><position>127</position><in_Quantity.quantity>0.000000</in_Quantity.quantity><out_Quantity.quantity>490.016650</out_Quantity.quantity></Point><Point><position>128</position><in_Quantity.quantity>0.000000</in_Quantity.quantity><out_Quantity.quantity>562.829377</out_Quantity.quantity></Point><Point><position>129</position><in_Quantity.quantity>0.000000</in_Quantity.quantity><out_Quantity.quantity>157.485739</out_Quantity.quantity></Point><Point><position>130</position><in_Quantity.quantity>0.000000</in_Quantity.quantity><out_Quantity.quantity>874.889001</out_Quantity.quantity></Point><Point><position>131</position><in_Quantity.quantity>0.000000</in_Quantity.quantity><out_Quantity.quantity>840.937251</out_Quantity.quantity></Point><Point><position>132</position><in_Quantity.quantity>0.000000</in_Quantity.quantity><out_Quantity.quantity>518.729930</out_Quantity.quantity></Point><Point><position>133</position><in_Quantity.quantity>0.000000</in_Quantity.quantity><out_Quantity.quantity>306.654096</out_Quantity.quantity></Point><Point><position>134</position><in_Quantity.quantity>0.000000</in_Quantity.quantity><out_Quantity.quantity>801.480771</out_Quantity.quantity></Point><Point><position>135</position><in_Quantity.quantity>0.000000</in_Quantity.quantity><out_Quantity.quantity>695.159699</out_Quantity.quantity></Point><Point><position>136</position><in_Quantity.quantity>0.000000</in_Quantity.quantity><out_Quantity.quantity>45.652434</out_Quantity.quantity></Point><Point><position>137</position><in_Quantity.quantity>0.000000</in_Quantity.quantity><out_Quantity.quantity>739.433837</out_Quantity.quantity></Point><Point><position>138</position><in_Quantity.quantity>0.000000</in_Quantity.quantity><out_Quantity.quantity>331.312497</out_Quantity.quantity></Point><Point><position>139</position><in_Quantity.quantity>0.000000</in_Quantity.quantity><out_Quantity.quantity>542.169818</out_Quantity.quantity></Point><Point><position>140</position><in_Quantity.quantity>0.000000</in_Quantity.quantity><out_Quantity.quantity>898.249533</out_Quantity.quantity></Point><Point><position>141</position><in_Quantity.quantity>0.000000</in_Quantity.quantity><out_Quantity.quantity>878.913818</out_Quantity.quantity></Point><Point><position>142</position><in_Quantity.quantity>0.000000</in_Quantity.quantity><out_Quantity.quantity>842.863618</out_Quantity.quantity></Point><Point><position>143</position><in_Quantity.quantity>0.000000</in_Quantity.quantity><out_Quantity.quantity>670.141236</out_Quantity.quantity></Point><Point><position>144</position><in_Quantity.quantity>0.000000</in_Quantity.quantity><out_Quantity.quantity>874.933852</out_Quantity.quantity></Point><Point><position>145</position><in_Quantity.quantity>0.000000</in_Quantity.quantity><out_Quantity.quantity>680.389499</out_Quantity.quantity></Point><Point><position>146</position><in_Quantity.quantity>0.000000</in_Quantity.quantity><out_Quantity.quantity>135.355075</out_Quantity.quantity></Point><Point><position>147</position><in_Quantity.quantity>0.000000</in_Quantity.quantity><out_Quantity.quantity>130.095646</out_Quantity.quantity></Point><Point><position>148</position><in_Quantity.quantity>0.000000</in_Quantity.quantity><out_Quantity.quantity>273.986878</out_Quantity.quantity></Point><Point><position>149</position><in_Quantity.quantity>0.000000</in_Quantity.quantity><out_Quantity.quantity>34.120425</out_Quantity.quantity></Point><Point><position>150</position><in_Quantity.quantity>0.000000</in_Quantity.quantity><out_Quantity.quantity>691.360796</out_Quantity.quantity></Point><Point><position>151</position><in_Quantity.quantity>0.000000</in_Quantity.quantity><out_Quantity.quantity>589.329134</out_Quantity.quantity></Point><Point><position>152</position><in_Quantity.quantity>0.000000</in_Quantity.quantity><out_Quantity.quantity>580.178234</out_Quantity.quantity></Point><Point><position>153</position><in_Quantity.quantity>0.000000</in_Quantity.quantity><out_Quantity.quantity>126.631777</out_Quantity.quantity></Point><Point><position>154</position><in_Quantity.quantity>0.000000</in_Quantity.quantity><out_Quantity.quantity>587.464826</out_Quantity.quantity></Point><Point><position>155</position><in_Quantity.quantity>0.000000</in_Quantity.quantity><out_Quantity.quantity>986.305076</out_Quantity.quantity></Point><Point><position>156</position><in_Quantity.quantity>0.000000</in_Quantity.quantity><out_Quantity.quantity>127.750630</out_Quantity.quantity></Point><Point><position>157</position><in_Quantity.quantity>0.000000</in_Quantity.quantity><out_Quantity.quantity>1.681360</out_Quantity.quantity></Point><Point><position>158</position><in_Quantity.quantity>0.000000</in_Quantity.quantity><out_Quantity.quantity>833.395369</out_Quantity.quantity></Point><Point><position>159</position><in_Quantity.quantity>0.000000</in_Quantity.quantity><out_Quantity.quantity>880.510910</out_Quantity.quantity></Point><Point><position>160</position><in_Quantity.quantity>0.000000</in_Quantity.quantity><out_Quantity.quantity>492.049727</out_Quantity.quantity></Point><Point><position>161</position><in_Quantity.quantity>0.000000</in_Quantity.quantity><out_Quantity.quantity>565.212580</out_Quantity.quantity></Point><Point><position>162</position><in_Quantity.quantity>0.000000</in_Quantity.quantity><out_Quantity.quantity>609.685641</out_Quantity.quantity></Point><Point><position>163</position><in_Quantity.quantity>0.000000</in_Quantity.quantity><out_Quantity.quantity>615.091743</out_Quantity.quantity></Point><Point><position>164</position><in_Quantity.quantity>0.000000</in_Quantity.quantity><out_Quantity.quantity>36.174161</out_Quantity.quantity></Point><Point><position>165</position><in_Quantity.quantity>0.000000</in_Quantity.quantity><out_Quantity.quantity>615.560825</out_Quantity.quantity></Point><Point><position>166</position><in_Quantity.quantity>0.000000</in_Quantity.quantity><out_Quantity.quantity>53.577080</out_Quantity.quantity></Point><Point><position>167</position><in_Quantity.quantity>0.000000</in_Quantity.quantity><out_Quantity.quantity>57.117273</out_Quantity.quantity></Point><Point><position>168</position><in_Quantity.quantity>0.000000</in_Quantity.quantity><out_Quantity.quantity>218.279075</out_Quantity.quantity></Point><Point><position>169</position><in_Quantity.quantity>0.000000</in_Quantity.quantity><out_Quantity.quantity>636.074819</out_Quantity.quantity></Point><Point><position>170</position><in_Quantity.quantity>0.000000</in_Quantity.quantity><out_Quantity.quantity>253.823374</out_Quantity.quantity></Point><Point><position>171</position><in_Quantity.quantity>0.000000</in_Quantity.quantity><out_Quantity.quantity>557.009015</out_Quantity.quantity></Point><Point><position>172</position><in_Quantity.quantity>0.000000</in_Quantity.quantity><out_Quantity.quantity>122.981274</out_Quantity.quantity></Point><Point><position>173</position><in_Quantity.quantity>0.000000</in_Quantity.quantity><out_Quantity.quantity>165.043143</out_Quantity.quantity></Point><Point><position>174</position><in_Quantity.quantity>0.000000</in_Quantity.quantity><out_Quantity.quantity>622.517021</out_Quantity.quantity></Point><Point><position>175</position><in_Quantity.quantity>0.000000</in_Quantity.quantity><out_Quantity.quantity>796.685488</out_Quantity.quantity></Point><Point><position>176</position><in_Quantity.quantity>0.000000</in_Quantity.quantity><out_Quantity.quantity>703.720754</out_Quantity.quantity></Point><Point><position>177</position><in_Quantity.quantity>0.000000</in_Quantity.quantity><out_Quantity.quantity>740.434143</out_Quantity.quantity></Point><Point><position>178</position><in_Quantity.quantity>0.000000</in_Quantity.quantity><out_Quantity.quantity>883.474511</out_Quantity.quantity></Point><Point><position>179</position><in_Quantity.quantity>0.000000</in_Quantity.quantity><out_Quantity.quantity>638.337206</out_Quantity.quantity></Point><Point><position>180</position><in_Quantity.quantity>0.000000</in_Quantity.quantity><out_Quantity.quantity>903.529884</out_Quantity.quantity></Point><Point><position>181</position><in_Quantity.quantity>0.000000</in_Quantity.quantity><out_Quantity.quantity>419.346503</out_Quantity.quantity></Point><Point><position>182</position><in_Quantity.quantity>0.000000</in_Quantity.quantity><out_Quantity.quantity>937.541435</out_Quantity.quantity></Point><Point><position>183</position><in_Quantity.quantity>0.000000</in_Quantity.quantity><out_Quantity.quantity>556.809339</out_Quantity.quantity></Point><Point><position>184</position><in_Quantity.quantity>0.000000</in_Quantity.quantity><out_Quantity.quantity>281.441699</out_Quantity.quantity></Point><Point><position>185</position><in_Quantity.quantity>0.000000</in_Quantity.quantity><out_Quantity.quantity>278.431938</out_Quantity.quantity></Point><Point><position>186</position><in_Quantity.quantity>0.000000</in_Quantity.quantity><out_Quantity.quantity>142.993122</out_Quantity.quantity></Point><Point><position>187</position><in_Quantity.quantity>0.000000</in_Quantity.quantity><out_Quantity.quantity>390.801392</out_Quantity.quantity></Point><Point><position>188</position><in_Quantity.quantity>0.000000</in_Quantity.quantity><out_Quantity.quantity>769.247625</out_Quantity.quantity></Point><Point><position>189</position><in_Quantity.quantity>0.000000</in_Quantity.quantity><out_Quantity.quantity>160.103639</out_Quantity.quantity></Point><Point><position>190</position><in_Quantity.quantity>0.000000</in_Quantity.quantity><out_Quantity.quantity>487.737946</out_Quantity.quantity></Point><Point><position>191</position><in_Quantity.quantity>0.000000</in_Quantity.quantity><out_Quantity.quantity>708.395577</out_Quantity.quantity></Point><Point><position>192</position><in_Quantity.quantity>0.000000</in_Quantity.quantity><out_Quantity.quantity>705.240473</out_Quantity.quantity></Point><Point><position>193</position><in_Quantity.quantity>0.000000</in_Quantity.quantity><out_Quantity.quantity>164.231940</out_Quantity.quantity></Point><Point><position>194</position><in_Quantity.quantity>0.000000</in_Quantity.quantity><out_Quantity.quantity>778.504612</out_Quantity.quantity></Point><Point><position>195</position><in_Quantity.quantity>0.000000</in_Quantity.quantity><out_Quantity.quantity>492.075944</out_Quantity.quantity></Point><Point><position>196</position><in_Quantity.quantity>0.000000</in_Quantity.quantity><out_Quantity.quantity>261.994012</out_Quantity.quantity></Point><Point><position>197</position><in_Quantity.quantity>0.000000</in_Quantity.quantity><out_Quantity.quantity>25.614052</out_Quantity.quantity></Point><Point><position>198</position><in_Quantity.quantity>0.000000</in_Quantity.quantity><out_Quantity.quantity>965.116031</out_Quantity.quantity></Point><Point><position>199</position><in_Quantity.quantity>0.000000</in_Quantity.quantity><out_Quantity.quantity>356.013139</out_Quantity.quantity></Point><Point><position>200</position><in_Quantity.quantity>0.000000</in_Quantity.quantity><out_Quantity.quantity>192.742694</out_Quantity.quantity></Point><Point><position>201</position><in_Quantity.quantity>0.000000</in_Quantity.quantity><out_Quantity.quantity>940.011157</out_Quantity.quantity></Point><Point><position>202</position><in_Quantity.quantity>0.000000</in_Quantity.quantity><out_Quantity.quantity>964.149458</out_Quantity.quantity></Point><Point><position>203</position><in_Quantity.quantity>0.000000</in_Quantity.quantity><out_Quantity.quantity>682.807656</out_Quantity.quantity></Point><Point><position>204</position><in_Quantity.quantity>0.000000</in_Quantity.quantity><out_Quantity.quantity>584.098315</out_Quantity.quantity></Point><Point><position>205</position><in_Quantity.quantity>0.000000</in_Quantity.quantity><out_Quantity.quantity>589.936413</out_Quantity.quantity></Point><Point><position>206</position><in_Quantity.quantity>0.000000</in_Quantity.quantity><out_Quantity.quantity>726.529647</out_Quantity.quantity></Point><Point><position>207</position><in_Quantity.quantity>0.000000</in_Quantity.quantity><out_Quantity.quantity>295.903765</out_Quantity.quantity></Point><Point><position>208</position><in_Quantity.quantity>0.000000</in_Quantity.quantity><out_Quantity.quantity>599.469062</out_Quantity.quantity></Point><Point><position>209</position><in_Quantity.quantity>0.000000</in_Quantity.quantity><out_Quantity.quantity>226.469211</out_Quantity.quantity></Point><Point><position>210</position><in_Quantity.quantity>0.000000</in_Quantity.quantity><out_Quantity.quantity>141.756155</out_Quantity.quantity></Point><Point><position>211</position><in_Quantity.quantity>0.000000</in_Quantity.quantity><out_Quantity.quantity>980.374976</out_Quantity.quantity></Point><Point><position>212</position><in_Quantity.quantity>0.000000</in_Quantity.quantity><out_Quantity.quantity>418.197010</out_Quantity.quantity></Point><Point><position>213</position><in_Quantity.quantity>0.000000</in_Quantity.quantity><out_Quantity.quantity>209.776537</out_Quantity.quantity></Point><Point><position>214</position><in_Quantity.quantity>0.000000</in_Quantity.quantity><out_Quantity.quantity>754.597669</out_Quantity.quantity></Point><Point><position>215</position><in_Quantity.quantity>0.000000</in_Quantity.quantity><out_Quantity.quantity>309.615202</out_Quantity.quantity></Point><Point><position>216</position><in_Quantity.quantity>0.000000</in_Quantity.quantity><out_Quantity.quantity>212.121702</out_Quantity.quantity></Point><Point><position>217</position><in_Quantity.quantity>0.000000</in_Quantity.quantity><out_Quantity.quantity>221.437713</out_Quantity.quantity></Point><Point><position>218</position><in_Quantity.quantity>0.000000</in_Quantity.quantity><out_Quantity.quantity>62.549878</out_Quantity.quantity></Point><Point><position>219</position><in_Quantity.quantity>0.000000</in_Quantity.quantity><out_Quantity.quantity>13.800733</out_Quantity.quantity></Point><Point><position>220</position><in_Quantity.quantity>0.000000</in_Quantity.quantity><out_Quantity.quantity>28.446518</out_Quantity.quantity></Point><Point><position>221</position><in_Quantity.quantity>0.000000</in_Quantity.quantity><out_Quantity.quantity>323.147130</out_Quantity.quantity></Point><Point><position>222</position><in_Quantity.quantity>0.000000</in_Quantity.quantity><out_Quantity.quantity>529.225068</out_Quantity.quantity></Point><Point><position>223</position><in_Quantity.quantity>0.000000</in_Quantity.quantity><out_Quantity.quantity>201.328434</out_Quantity.quantity></Point><Point><position>224</position><in_Quantity.quantity>0.000000</in_Quantity.quantity><out_Quantity.quantity>600.161391</out_Quantity.quantity></Point><Point><position>225</position><in_Quantity.quantity>0.000000</in_Quantity.quantity><out_Quantity.quantity>328.414621</out_Quantity.quantity></Point><Point><position>226</position><in_Quantity.quantity>0.000000</in_Quantity.quantity><out_Quantity.quantity>203.936463</out_Quantity.quantity></Point><Point><position>227</position><in_Quantity.quantity>0.000000</in_Quantity.quantity><out_Quantity.quantity>357.954374</out_Quantity.quantity></Point><Point><position>228</position><in_Quantity.quantity>0.000000</in_Quantity.quantity><out_Quantity.quantity>199.825969</out_Quantity.quantity></Point><Point><position>229</position><in_Quantity.quantity>0.000000</in_Quantity.quantity><out_Quantity.quantity>118.925930</out_Quantity.quantity></Point><Point><position>230</position><in_Quantity.quantity>0.000000</in_Quantity.quantity><out_Quantity.quantity>973.592402</out_Quantity.quantity></Point><Point><position>231</position><in_Quantity.quantity>0.000000</in_Quantity.quantity><out_Quantity.quantity>630.605030</out_Quantity.quantity></Point><Point><position>232</position><in_Quantity.quantity>0.000000</in_Quantity.quantity><out_Quantity.quantity>633.310171</out_Quantity.quantity></Point><Point><position>233</position><in_Quantity.quantity>0.000000</in_Quantity.quantity><out_Quantity.quantity>630.169247</out_Quantity.quantity></Point><Point><position>234</position><in_Quantity.quantity>0.000000</in_Quantity.quantity><out_Quantity.quantity>799.680558</out_Quantity.quantity></Point><Point><position>235</position><in_Quantity.quantity>0.000000</in_Quantity.quantity><out_Quantity.quantity>985.138507</out_Quantity.quantity></Point><Point><position>236</position><in_Quantity.quantity>0.000000</in_Quantity.quantity><out_Quantity.quantity>361.957150</out_Quantity.quantity></Point><Point><position>237</position><in_Quantity.quantity>0.000000</in_Quantity.quantity><out_Quantity.quantity>769.037198</out_Quantity.quantity></Point><Point><position>238</position><in_Quantity.quantity>0.000000</in_Quantity.quantity><out_Quantity.quantity>276.856854</out_Quantity.quantity></Point><Point><position>239</position><in_Quantity.quantity>0.000000</in_Quantity.quantity><out_Quantity.quantity>209.537251</out_Quantity.quantity></Point><Point><position>240</position><in_Quantity.quantity>0.000000</in_Quantity.quantity><out_Quantity.quantity>404.561417</out_Quantity.quantity></Point><Point><position>241</position><in_Quantity.quantity>0.000000</in_Quantity.quantity><out_Quantity.quantity>774.795065</out_Quantity.quantity></Point><Point><position>242</position><in_Quantity.quantity>0.000000</in_Quantity.quantity><out_Quantity.quantity>637.758359</out_Quantity.quantity></Point><Point><position>243</position><in_Quantity.quantity>0.000000</in_Quantity.quantity><out_Quantity.quantity>786.348464</out_Quantity.quantity></Point><Point><position>244</position><in_Quantity.quantity>0.000000</in_Quantity.quantity><out_Quantity.quantity>652.136675</out_Quantity.quantity></Point><Point><position>245</position><in_Quantity.quantity>0.000000</in_Quantity.quantity><out_Quantity.quantity>736.276437</out_Quantity.quantity></Point><Point><position>246</position><in_Quantity.quantity>0.000000</in_Quantity.quantity><out_Quantity.quantity>291.498544</out_Quantity.quantity></Point><Point><position>247</position><in_Quantity.quantity>0.000000</in_Quantity.quantity><out_Quantity.quantity>189.700294</out_Quantity.quantity></Point><Point><position>248</position><in_Quantity.quantity>0.000000</in_Quantity.quantity><out_Quantity.quantity>260.382888</out_Quantity.quantity></Point><Point><position>249</position><in_Quantity.quantity>0.000000</in_Quantity.quantity><out_Quantity.quantity>833.785903</out_Quantity.quantity></Point><Point><position>250</position><in_Quantity.quantity>0.000000</in_Quantity.quantity><out_Quantity.quantity>119.823577</out_Quantity.quantity></Point><Point><position>251</position><in_Quantity.quantity>0.000000</in_Quantity.quantity><out_Quantity.quantity>11.028065</out_Quantity.quantity></Point><Point><position>252</position><in_Quantity.quantity>0.000000</in_Quantity.quantity><out_Quantity.quantity>387.013970</out_Quantity.quantity></Point><Point><position>253</position><in_Quantity.quantity>0.000000</in_Quantity.quantity><out_Quantity.quantity>487.536068</out_Quantity.quantity></Point><Point><position>254</position><in_Quantity.quantity>0.000000</in_Quantity.quantity><out_Quantity.quantity>63.773006</out_Quantity.quantity></Point><Point><position>255</position><in_Quantity.quantity>0.000000</in_Quantity.quantity><out_Quantity.quantity>381.549361</out_Quantity.quantity></Point><Point><position>256</position><in_Quantity.quantity>0.000000</in_Quantity.quantity><out_Quantity.quantity>836.153766</out_Quantity.quantity></Point><Point><position>257</position><in_Quantity.quantity>0.000000</in_Quantity.quantity><out_Quantity.quantity>494.598288</out_Quantity.quantity></Point><Point><position>258</position><in_Quantity.quantity>0.000000</in_Quantity.quantity><out_Quantity.quantity>715.833666</out_Quantity.quantity></Point><Point><position>259</position><in_Quantity.quantity>0.000000</in_Quantity.quantity><out_Quantity.quantity>164.146966</out_Quantity.quantity></Point><Point><position>260</position><in_Quantity.quantity>0.000000</in_Quantity.quantity><out_Quantity.quantity>636.836210</out_Quantity.quantity></Point><Point><position>261</position><in_Quantity.quantity>0.000000</in_Quantity.quantity><out_Quantity.quantity>436.506972</out_Quantity.quantity></Point><Point><position>262</position><in_Quantity.quantity>0.000000</in_Quantity.quantity><out_Quantity.quantity>255.772352</out_Quantity.quantity></Point><Point><position>263</position><in_Quantity.quantity>0.000000</in_Quantity.quantity><out_Quantity.quantity>624.698992</out_Quantity.quantity></Point><Point><position>264</position><in_Quantity.quantity>0.000000</in_Quantity.quantity><out_Quantity.quantity>575.031496</out_Quantity.quantity></Point><Point><position>265</position><in_Quantity.quantity>0.000000</in_Quantity.quantity><out_Quantity.quantity>222.800175</out_Quantity.quantity></Point><Point><position>266</position><in_Quantity.quantity>0.000000</in_Quantity.quantity><out_Quantity.quantity>777.186603</out_Quantity.quantity></Point><Point><position>267</position><in_Quantity.quantity>0.000000</in_Quantity.quantity><out_Quantity.quantity>659.563916</out_Quantity.quantity></Point><Point><position>268</position><in_Quantity.quantity>0.000000</in_Quantity.quantity><out_Quantity.quantity>963.084521</out_Quantity.quantity></Point><Point><position>269</position><in_Quantity.quantity>0.000000</in_Quantity.quantity><out_Quantity.quantity>570.158791</out_Quantity.quantity></Point><Point><position>270</position><in_Quantity.quantity>0.000000</in_Quantity.quantity><out_Quantity.quantity>204.458434</out_Quantity.quantity></Point><Point><position>271</position><in_Quantity.quantity>0.000000</in_Quantity.quantity><out_Quantity.quantity>69.996813</out_Quantity.quantity></Point><Point><position>272</position><in_Quantity.quantity>0.000000</in_Quantity.quantity><out_Quantity.quantity>352.438932</out_Quantity.quantity></Point><Point><position>273</position><in_Quantity.quantity>0.000000</in_Quantity.quantity><out_Quantity.quantity>625.194613</out_Quantity.quantity></Point><Point><position>274</position><in_Quantity.quantity>0.000000</in_Quantity.quantity><out_Quantity.quantity>40.766825</out_Quantity.quantity></Point><Point><position>275</position><in_Quantity.quantity>0.000000</in_Quantity.quantity><out_Quantity.quantity>717.238910</out_Quantity.quantity></Point><Point><position>276</position><in_Quantity.quantity>0.000000</in_Quantity.quantity><out_Quantity.quantity>146.227781</out_Quantity.quantity></Point><Point><position>277</position><in_Quantity.quantity>0.000000</in_Quantity.quantity><out_Quantity.quantity>573.592371</out_Quantity.quantity></Point><Point><position>278</position><in_Quantity.quantity>0.000000</in_Quantity.quantity><out_Quantity.quantity>2.184972</out_Quantity.quantity></Point><Point><position>279</position><in_Quantity.quantity>0.000000</in_Quantity.quantity><out_Quantity.quantity>792.635612</out_Quantity.quantity></Point><Point><position>280</position><in_Quantity.quantity>0.000000</in_Quantity.quantity><out_Quantity.quantity>637.081886</out_Quantity.quantity></Point><Point><position>281</position><in_Quantity.quantity>0.000000</in_Quantity.quantity><out_Quantity.quantity>942.485362</out_Quantity.quantity></Point><Point><position>282</position><in_Quantity.quantity>0.000000</in_Quantity.quantity><out_Quantity.quantity>753.787752</out_Quantity.quantity></Point><Point><position>283</position><in_Quantity.quantity>0.000000</in_Quantity.quantity><out_Quantity.quantity>6.804757</out_Quantity.quantity></Point><Point><position>284</position><in_Quantity.quantity>0.000000</in_Quantity.quantity><out_Quantity.quantity>864.874124</out_Quantity.quantity></Point><Point><position>285</position><in_Quantity.quantity>0.000000</in_Quantity.quantity><out_Quantity.quantity>193.508910</out_Quantity.quantity></Point><Point><position>286</position><in_Quantity.quantity>0.000000</in_Quantity.quantity><out_Quantity.quantity>735.145742</out_Quantity.quantity></Point><Point><position>287</position><in_Quantity.quantity>0.000000</in_Quantity.quantity><out_Quantity.quantity>989.725006</out_Quantity.quantity></Point><Point><position>288</position><in_Quantity.quantity>0.000000</in_Quantity.quantity><out_Quantity.quantity>809.373073</out_Quantity.quantity></Point><Point><position>289</position><in_Quantity.quantity>0.000000</in_Quantity.quantity><out_Quantity.quantity>184.712814</out_Quantity.quantity></Point><Point><position>290</position><in_Quantity.quantity>0.000000</in_Quantity.quantity><out_Quantity.quantity>92.061070</out_Quantity.quantity></Point><Point><position>291</position><in_Quantity.quantity>0.000000</in_Quantity.quantity><out_Quantity.quantity>963.334961</out_Quantity.quantity></Point><Point><position>292</position><in_Quantity.quantity>0.000000</in_Quantity.quantity><out_Quantity.quantity>752.474966</out_Quantity.quantity></Point><Point><position>293</position><in_Quantity.quantity>0.000000</in_Quantity.quantity><out_Quantity.quantity>674.577037</out_Quantity.quantity></Point><Point><position>294</position><in_Quantity.quantity>0.000000</in_Quantity.quantity><out_Quantity.quantity>716.905167</out_Quantity.quantity></Point><Point><position>295</position><in_Quantity.quantity>0.000000</in_Quantity.quantity><out_Quantity.quantity>909.628559</out_Quantity.quantity></Point><Point><position>296</position><in_Quantity.quantity>0.000000</in_Quantity.quantity><out_Quantity.quantity>285.642940</out_Quantity.quantity></Point><Point><position>297</position><in_Quantity.quantity>0.000000</in_Quantity.quantity><out_Quantity.quantity>85.005649</out_Quantity.quantity></Point><Point><position>298</position><in_Quantity.quantity>0.000000</in_Quantity.quantity><out_Quantity.quantity>546.542635</out_Quantity.quantity></Point><Point><position>299</position><in_Quantity.quantity>0.000000</in_Quantity.quantity><out_Quantity.quantity>798.623033</out_Quantity.quantity></Point><Point><position>300</position><in_Quantity.quantity>0.000000</in_Quantity.quantity><out_Quantity.quantity>857.879135</out_Quantity.quantity></Point><Point><position>301</position><in_Quantity.quantity>0.000000</in_Quantity.quantity><out_Quantity.quantity>548.434116</out_Quantity.quantity></Point><Point><position>302</position><in_Quantity.quantity>0.000000</in_Quantity.quantity><out_Quantity.quantity>173.783001</out_Quantity.quantity></Point><Point><position>303</position><in_Quantity.quantity>0.000000</in_Quantity.quantity><out_Quantity.quantity>403.130328</out_Quantity.quantity></Point><Point><position>304</position><in_Quantity.quantity>0.000000</in_Quantity.quantity><out_Quantity.quantity>948.409673</out_Quantity.quantity></Point><Point><position>305</position><in_Quantity.quantity>0.000000</in_Quantity.quantity><out_Quantity.quantity>469.878810</out_Quantity.quantity></Point><Point><position>306</position><in_Quantity.quantity>0.000000</in_Quantity.quantity><out_Quantity.quantity>680.765045</out_Quantity.quantity></Point><Point><position>307</position><in_Quantity.quantity>0.000000</in_Quantity.quantity><out_Quantity.quantity>34.431107</out_Quantity.quantity></Point><Point><position>308</position><in_Quantity.quantity>0.000000</in_Quantity.quantity><out_Quantity.quantity>532.611176</out_Quantity.quantity></Point><Point><position>309</position><in_Quantity.quantity>0.000000</in_Quantity.quantity><out_Quantity.quantity>295.823262</out_Quantity.quantity></Point><Point><position>310</position><in_Quantity.quantity>0.000000</in_Quantity.quantity><out_Quantity.quantity>217.213705</out_Quantity.quantity></Point><Point><position>311</position><in_Quantity.quantity>0.000000</in_Quantity.quantity><out_Quantity.quantity>981.180433</out_Quantity.quantity></Point><Point><position>312</position><in_Quantity.quantity>0.000000</in_Quantity.quantity><out_Quantity.quantity>866.902180</out_Quantity.quantity></Point><Point><position>313</position><in_Quantity.quantity>0.000000</in_Quantity.quantity><out_Quantity.quantity>313.159916</out_Quantity.quantity></Point><Point><position>314</position><in_Quantity.quantity>0.000000</in_Quantity.quantity><out_Quantity.quantity>403.048151</out_Quantity.quantity></Point><Point><position>315</position><in_Quantity.quantity>0.000000</in_Quantity.quantity><out_Quantity.quantity>425.406717</out_Quantity.quantity></Point><Point><position>316</position><in_Quantity.quantity>0.000000</in_Quantity.quantity><out_Quantity.quantity>594.709999</out_Quantity.quantity></Point><Point><position>317</position><in_Quantity.quantity>0.000000</in_Quantity.quantity><out_Quantity.quantity>814.894237</out_Quantity.quantity></Point><Point><position>318</position><in_Quantity.quantity>0.000000</in_Quantity.quantity><out_Quantity.quantity>371.583292</out_Quantity.quantity></Point><Point><position>319</position><in_Quantity.quantity>0.000000</in_Quantity.quantity><out_Quantity.quantity>237.833486</out_Quantity.quantity></Point><Point><position>320</position><in_Quantity.quantity>0.000000</in_Quantity.quantity><out_Quantity.quantity>885.740600</out_Quantity.quantity></Point><Point><position>321</position><in_Quantity.quantity>0.000000</in_Quantity.quantity><out_Quantity.quantity>882.188487</out_Quantity.quantity></Point><Point><position>322</position><in_Quantity.quantity>0.000000</in_Quantity.quantity><out_Quantity.quantity>438.476237</out_Quantity.quantity></Point><Point><position>323</position><in_Quantity.quantity>0.000000</in_Quantity.quantity><out_Quantity.quantity>447.022256</out_Quantity.quantity></Point><Point><position>324</position><in_Quantity.quantity>0.000000</in_Quantity.quantity><out_Quantity.quantity>450.312176</out_Quantity.quantity></Point><Point><position>325</position><in_Quantity.quantity>0.000000</in_Quantity.quantity><out_Quantity.quantity>574.679230</out_Quantity.quantity></Point><Point><position>326</position><in_Quantity.quantity>0.000000</in_Quantity.quantity><out_Quantity.quantity>257.263501</out_Quantity.quantity></Point><Point><position>327</position><in_Quantity.quantity>0.000000</in_Quantity.quantity><out_Quantity.quantity>309.420518</out_Quantity.quantity></Point><Point><position>328</position><in_Quantity.quantity>0.000000</in_Quantity.quantity><out_Quantity.quantity>685.201822</out_Quantity.quantity></Point><Point><position>329</position><in_Quantity.quantity>0.000000</in_Quantity.quantity><out_Quantity.quantity>731.789039</out_Quantity.quantity></Point><Point><position>330</position><in_Quantity.quantity>0.000000</in_Quantity.quantity><out_Quantity.quantity>427.337883</out_Quantity.quantity></Point><Point><position>331</position><in_Quantity.quantity>0.000000</in_Quantity.quantity><out_Quantity.quantity>668.336172</out_Quantity.quantity></Point><Point><position>332</position><in_Quantity.quantity>0.000000</in_Quantity.quantity><out_Quantity.quantity>843.125123</out_Quantity.quantity></Point><Point><position>333</position><in_Quantity.quantity>0.000000</in_Quantity.quantity><out_Quantity.quantity>398.645655</out_Quantity.quantity></Point><Point><position>334</position><in_Quantity.quantity>0.000000</in_Quantity.quantity><out_Quantity.quantity>385.092797</out_Quantity.quantity></Point><Point><position>335</position><in_Quantity.quantity>0.000000</in_Quantity.quantity><out_Quantity.quantity>822.154487</out_Quantity.quantity></Point><Point><position>336</position><in_Quantity.quantity>0.000000</in_Quantity.quantity><out_Quantity.quantity>143.864003</out_Quantity.quantity></Point><Point><position>337</position><in_Quantity.quantity>0.000000</in_Quantity.quantity><out_Quantity.quantity>978.457694</out_Quantity.quantity></Point><Point><position>338</position><in_Quantity.quantity>0.000000</in_Quantity.quantity><out_Quantity.quantity>168.049593</out_Quantity.quantity></Point><Point><position>339</position><in_Quantity.quantity>0.000000</in_Quantity.quantity><out_Quantity.quantity>167.212938</out_Quantity.quantity></Point><Point><position>340</position><in_Quantity.quantity>0.000000</in_Quantity.quantity><out_Quantity.quantity>61.074194</out_Quantity.quantity></Point><Point><position>341</position><in_Quantity.quantity>0.000000</in_Quantity.quantity><out_Quantity.quantity>585.235365</out_Quantity.quantity></Point><Point><position>342</position><in_Quantity.quantity>0.000000</in_Quantity.quantity><out_Quantity.quantity>299.127565</out_Quantity.quantity></Point><Point><position>343</position><in_Quantity.quantity>0.000000</in_Quantity.quantity><out_Quantity.quantity>884.007028</out_Quantity.quantity></Point><Point><position>344</position><in_Quantity.quantity>0.000000</in_Quantity.quantity><out_Quantity.quantity>662.455465</out_Quantity.quantity></Point><Point><position>345</position><in_Quantity.quantity>0.000000</in_Quantity.quantity><out_Quantity.quantity>720.574955</out_Quantity.quantity></Point><Point><position>346</position><in_Quantity.quantity>0.000000</in_Quantity.quantity><out_Quantity.quantity>562.810656</out_Quantity.quantity></Point><Point><position>347</position><in_Quantity.quantity>0.000000</in_Quantity.quantity><out_Quantity.quantity>146.777686</out_Quantity.quantity></Point><Point><position>348</position><in_Quantity.quantity>0.000000</in_Quantity.quantity><out_Quantity.quantity>632.472015</out_Quantity.quantity></Point><Point><position>349</position><in_Quantity.quantity>0.000000</in_Quantity.quantity><out_Quantity.quantity>900.436337</out_Quantity.quantity></Point><Point><position>350</position><in_Quantity.quantity>0.000000</in_Quantity.quantity><out_Quantity.quantity>162.828374</out_Quantity.quantity></Point><Point><position>351</position><in_Quantity.quantity>0.000000</in_Quantity.quantity><out_Quantity.quantity>329.404770</out_Quantity.quantity></Point><Point><position>352</position><in_Quantity.quantity>0.000000</in_Quantity.quantity><out_Quantity.quantity>367.996048</out_Quantity.quantity></Point><Point><position>353</position><in_Quantity.quantity>0.000000</in_Quantity.quantity><out_Quantity.quantity>858.823446</out_Quantity.quantity></Point><Point><position>354</position><in_Quantity.quantity>0.000000</in_Quantity.quantity><out_Quantity.quantity>273.527502</out_Quantity.quantity></Point><Point><position>355</position><in_Quantity.quantity>0.000000</in_Quantity.quantity><out_Quantity.quantity>599.056265</out_Quantity.quantity></Point><Point><position>356</position><in_Quantity.quantity>0.000000</in_Quantity.quantity><out_Quantity.quantity>626.896272</out_Quantity.quantity></Point><Point><position>357</position><in_Quantity.quantity>0.000000</in_Quantity.quantity><out_Quantity.quantity>342.354126</out_Quantity.quantity></Point><Point><position>358</position><in_Quantity.quantity>0.000000</in_Quantity.quantity><out_Quantity.quantity>464.142501</out_Quantity.quantity></Point><Point><position>359</position><in_Quantity.quantity>0.000000</in_Quantity.quantity><out_Quantity.quantity>221.367207</out_Quantity.quantity></Point><Point><position>360</position><in_Quantity.quantity>0.000000</in_Quantity.quantity><out_Quantity.quantity>59.468499</out_Quantity.quantity></Point><Point><position>361</position><in_Quantity.quantity>0.000000</in_Quantity.quantity><out_Quantity.quantity>280.262699</out_Quantity.quantity></Point><Point><position>362</position><in_Quantity.quantity>0.000000</in_Quantity.quantity><out_Quantity.quantity>141.872159</out_Quantity.quantity></Point><Point><position>363</position><in_Quantity.quantity>0.000000</in_Quantity.quantity><out_Quantity.quantity>218.184518</out_Quantity.quantity></Point><Point><position>364</position><in_Quantity.quantity>0.000000</in_Quantity.quantity><out_Quantity.quantity>723.539662</out_Quantity.quantity></Point><Point><position>365</position><in_Quantity.quantity>0.000000</in_Quantity.quantity><out_Quantity.quantity>258.602861</out_Quantity.quantity></Point><Point><position>366</position><in_Quantity.quantity>0.000000</in_Quantity.quantity><out_Quantity.quantity>971.972867</out_Quantity.quantity></Point><Point><position>367</position><in_Quantity.quantity>0.000000</in_Quantity.quantity><out_Quantity.quantity>765.777747</out_Quantity.quantity></Point><Point><position>368</position><in_Quantity.quantity>0.000000</in_Quantity.quantity><out_Quantity.quantity>60.908732</out_Quantity.quantity></Point><Point><position>369</position><in_Quantity.quantity>0.000000</in_Quantity.quantity><out_Quantity.quantity>756.903261</out_Quantity.quantity></Point><Point><position>370</position><in_Quantity.quantity>0.000000</in_Quantity.quantity><out_Quantity.quantity>187.417285</out_Quantity.quantity></Point><Point><position>371</position><in_Quantity.quantity>0.000000</in_Quantity.quantity><out_Quantity.quantity>836.990412</out_Quantity.quantity></Point><Point><position>372</position><in_Quantity.quantity>0.000000</in_Quantity.quantity><out_Quantity.quantity>991.681170</out_Quantity.quantity></Point><Point><position>373</position><in_Quantity.quantity>0.000000</in_Quantity.quantity><out_Quantity.quantity>710.081009</out_Quantity.quantity></Point><Point><position>374</position><in_Quantity.quantity>0.000000</in_Quantity.quantity><out_Quantity.quantity>760.164888</out_Quantity.quantity></Point><Point><position>375</position><in_Quantity.quantity>0.000000</in_Quantity.quantity><out_Quantity.quantity>237.080193</out_Quantity.quantity></Point><Point><position>376</position><in_Quantity.quantity>0.000000</in_Quantity.quantity><out_Quantity.quantity>296.383055</out_Quantity.quantity></Point><Point><position>377</position><in_Quantity.quantity>0.000000</in_Quantity.quantity><out_Quantity.quantity>953.630452</out_Quantity.quantity></Point><Point><position>378</position><in_Quantity.quantity>0.000000</in_Quantity.quantity><out_Quantity.quantity>305.314014</out_Quantity.quantity></Point><Point><position>379</position><in_Quantity.quantity>0.000000</in_Quantity.quantity><out_Quantity.quantity>807.012970</out_Quantity.quantity></Point><Point><position>380</position><in_Quantity.quantity>0.000000</in_Quantity.quantity><out_Quantity.quantity>423.137343</out_Quantity.quantity></Point><Point><position>381</position><in_Quantity.quantity>0.000000</in_Quantity.quantity><out_Quantity.quantity>897.423221</out_Quantity.quantity></Point><Point><position>382</position><in_Quantity.quantity>0.000000</in_Quantity.quantity><out_Quantity.quantity>355.542171</out_Quantity.quantity></Point><Point><position>383</position><in_Quantity.quantity>0.000000</in_Quantity.quantity><out_Quantity.quantity>526.088129</out_Quantity.quantity></Point><Point><position>384</position><in_Quantity.quantity>0.000000</in_Quantity.quantity><out_Quantity.quantity>870.257883</out_Quantity.quantity></Point><Point><position>385</position><in_Quantity.quantity>0.000000</in_Quantity.quantity><out_Quantity.quantity>143.095142</out_Quantity.quantity></Point><Point><position>386</position><in_Quantity.quantity>0.000000</in_Quantity.quantity><out_Quantity.quantity>976.602632</out_Quantity.quantity></Point><Point><position>387</position><in_Quantity.quantity>0.000000</in_Quantity.quantity><out_Quantity.quantity>539.508820</out_Quantity.quantity></Point><Point><position>388</position><in_Quantity.quantity>0.000000</in_Quantity.quantity><out_Quantity.quantity>729.593796</out_Quantity.quantity></Point><Point><position>389</position><in_Quantity.quantity>0.000000</in_Quantity.quantity><out_Quantity.quantity>781.728070</out_Quantity.quantity></Point><Point><position>390</position><in_Quantity.quantity>0.000000</in_Quantity.quantity><out_Quantity.quantity>753.405575</out_Quantity.quantity></Point><Point><position>391</position><in_Quantity.quantity>0.000000</in_Quantity.quantity><out_Quantity.quantity>408.165764</out_Quantity.quantity></Point><Point><position>392</position><in_Quantity.quantity>0.000000</in_Quantity.quantity><out_Quantity.quantity>808.873266</out_Quantity.quantity></Point><Point><position>393</position><in_Quantity.quantity>0.000000</in_Quantity.quantity><out_Quantity.quantity>187.727753</out_Quantity.quantity></Point><Point><position>394</position><in_Quantity.quantity>0.000000</in_Quantity.quantity><out_Quantity.quantity>420.570367</out_Quantity.quantity></Point><Point><position>395</position><in_Quantity.quantity>0.000000</in_Quantity.quantity><out_Quantity.quantity>579.083798</out_Quantity.quantity></Point><Point><position>396</position><in_Quantity.quantity>0.000000</in_Quantity.quantity><out_Quantity.quantity>644.390191</out_Quantity.quantity></Point><Point><position>397</position><in_Quantity.quantity>0.000000</in_Quantity.quantity><out_Quantity.quantity>545.571192</out_Quantity.quantity></Point><Point><position>398</position><in_Quantity.quantity>0.000000</in_Quantity.quantity><out_Quantity.quantity>41.919148</out_Quantity.quantity></Point><Point><position>399</position><in_Quantity.quantity>0.000000</in_Quantity.quantity><out_Quantity.quantity>120.688157</out_Quantity.quantity></Point><Point><position>400</position><in_Quantity.quantity>0.000000</in_Quantity.quantity><out_Quantity.quantity>81.427348</out_Quantity.quantity></Point><Point><position>401</position><in_Quantity.quantity>0.000000</in_Quantity.quantity><out_Quantity.quantity>460.736743</out_Quantity.quantity></Point><Point><position>402</position><in_Quantity.quantity>0.000000</in_Quantity.quantity><out_Quantity.quantity>245.965541</out_Quantity.quantity></Point><Point><position>403</position><in_Quantity.quantity>0.000000</in_Quantity.quantity><out_Quantity.quantity>280.872736</out_Quantity.quantity></Point><Point><position>404</position><in_Quantity.quantity>0.000000</in_Quantity.quantity><out_Quantity.quantity>708.938505</out_Quantity.quantity></Point><Point><position>405</position><in_Quantity.quantity>0.000000</in_Quantity.quantity><out_Quantity.quantity>862.065918</out_Quantity.quantity></Point><Point><position>406</position><in_Quantity.quantity>0.000000</in_Quantity.quantity><out_Quantity.quantity>717.590309</out_Quantity.quantity></Point><Point><position>407</position><in_Quantity.quantity>0.000000</in_Quantity.quantity><out_Quantity.quantity>954.930758</out_Quantity.quantity></Point><Point><position>408</position><in_Quantity.quantity>0.000000</in_Quantity.quantity><out_Quantity.quantity>554.881890</out_Quantity.quantity></Point><Point><position>409</position><in_Quantity.quantity>0.000000</in_Quantity.quantity><out_Quantity.quantity>27.154886</out_Quantity.quantity></Point><Point><position>410</position><in_Quantity.quantity>0.000000</in_Quantity.quantity><out_Quantity.quantity>153.787238</out_Quantity.quantity></Point><Point><position>411</position><in_Quantity.quantity>0.000000</in_Quantity.quantity><out_Quantity.quantity>726.273375</out_Quantity.quantity></Point><Point><position>412</position><in_Quantity.quantity>0.000000</in_Quantity.quantity><out_Quantity.quantity>395.858664</out_Quantity.quantity></Point><Point><position>413</position><in_Quantity.quantity>0.000000</in_Quantity.quantity><out_Quantity.quantity>223.221510</out_Quantity.quantity></Point><Point><position>414</position><in_Quantity.quantity>0.000000</in_Quantity.quantity><out_Quantity.quantity>453.050149</out_Quantity.quantity></Point><Point><position>415</position><in_Quantity.quantity>0.000000</in_Quantity.quantity><out_Quantity.quantity>457.958762</out_Quantity.quantity></Point><Point><position>416</position><in_Quantity.quantity>0.000000</in_Quantity.quantity><out_Quantity.quantity>917.751114</out_Quantity.quantity></Point><Point><position>417</position><in_Quantity.quantity>0.000000</in_Quantity.quantity><out_Quantity.quantity>177.918094</out_Quantity.quantity></Point><Point><position>418</position><in_Quantity.quantity>0.000000</in_Quantity.quantity><out_Quantity.quantity>201.379538</out_Quantity.quantity></Point><Point><position>419</position><in_Quantity.quantity>0.000000</in_Quantity.quantity><out_Quantity.quantity>252.810709</out_Quantity.quantity></Point><Point><position>420</position><in_Quantity.quantity>0.000000</in_Quantity.quantity><out_Quantity.quantity>339.956348</out_Quantity.quantity></Point><Point><position>421</position><in_Quantity.quantity>0.000000</in_Quantity.quantity><out_Quantity.quantity>180.506462</out_Quantity.quantity></Point><Point><position>422</position><in_Quantity.quantity>0.000000</in_Quantity.quantity><out_Quantity.quantity>353.534048</out_Quantity.quantity></Point><Point><position>423</position><in_Quantity.quantity>0.000000</in_Quantity.quantity><out_Quantity.quantity>242.737856</out_Quantity.quantity></Point><Point><position>424</position><in_Quantity.quantity>0.000000</in_Quantity.quantity><out_Quantity.quantity>15.599207</out_Quantity.quantity></Point><Point><position>425</position><in_Quantity.quantity>0.000000</in_Quantity.quantity><out_Quantity.quantity>159.152244</out_Quantity.quantity></Point><Point><position>426</position><in_Quantity.quantity>0.000000</in_Quantity.quantity><out_Quantity.quantity>947.953564</out_Quantity.quantity></Point><Point><position>427</position><in_Quantity.quantity>0.000000</in_Quantity.quantity><out_Quantity.quantity>539.033778</out_Quantity.quantity></Point><Point><position>428</position><in_Quantity.quantity>0.000000</in_Quantity.quantity><out_Quantity.quantity>246.812925</out_Quantity.quantity></Point><Point><position>429</position><in_Quantity.quantity>0.000000</in_Quantity.quantity><out_Quantity.quantity>75.228887</out_Quantity.quantity></Point><Point><position>430</position><in_Quantity.quantity>0.000000</in_Quantity.quantity><out_Quantity.quantity>230.737396</out_Quantity.quantity></Point><Point><position>431</position><in_Quantity.quantity>0.000000</in_Quantity.quantity><out_Quantity.quantity>601.839724</out_Quantity.quantity></Point><Point><position>432</position><in_Quantity.quantity>0.000000</in_Quantity.quantity><out_Quantity.quantity>306.301092</out_Quantity.quantity></Point><Point><position>433</position><in_Quantity.quantity>0.000000</in_Quantity.quantity><out_Quantity.quantity>978.356316</out_Quantity.quantity></Point><Point><position>434</position><in_Quantity.quantity>0.000000</in_Quantity.quantity><out_Quantity.quantity>653.749695</out_Quantity.quantity></Point><Point><position>435</position><in_Quantity.quantity>0.000000</in_Quantity.quantity><out_Quantity.quantity>477.825861</out_Quantity.quantity></Point><Point><position>436</position><in_Quantity.quantity>0.000000</in_Quantity.quantity><out_Quantity.quantity>424.547131</out_Quantity.quantity></Point><Point><position>437</position><in_Quantity.quantity>0.000000</in_Quantity.quantity><out_Quantity.quantity>815.028771</out_Quantity.quantity></Point><Point><position>438</position><in_Quantity.quantity>0.000000</in_Quantity.quantity><out_Quantity.quantity>824.216000</out_Quantity.quantity></Point><Point><position>439</position><in_Quantity.quantity>0.000000</in_Quantity.quantity><out_Quantity.quantity>678.604434</out_Quantity.quantity></Point><Point><position>440</position><in_Quantity.quantity>0.000000</in_Quantity.quantity><out_Quantity.quantity>277.649640</out_Quantity.quantity></Point><Point><position>441</position><in_Quantity.quantity>0.000000</in_Quantity.quantity><out_Quantity.quantity>908.583349</out_Quantity.quantity></Point><Point><position>442</position><in_Quantity.quantity>0.000000</in_Quantity.quantity><out_Quantity.quantity>534.688513</out_Quantity.quantity></Point><Point><position>443</position><in_Quantity.quantity>0.000000</in_Quantity.quantity><out_Quantity.quantity>793.433055</out_Quantity.quantity></Point><Point><position>444</position><in_Quantity.quantity>0.000000</in_Quantity.quantity><out_Quantity.quantity>591.106710</out_Quantity.quantity></Point><Point><position>445</position><in_Quantity.quantity>0.000000</in_Quantity.quantity><out_Quantity.quantity>168.004290</out_Quantity.quantity></Point><Point><position>446</position><in_Quantity.quantity>0.000000</in_Quantity.quantity><out_Quantity.quantity>482.083771</out_Quantity.quantity></Point><Point><position>447</position><in_Quantity.quantity>0.000000</in_Quantity.quantity><out_Quantity.quantity>105.201385</out_Quantity.quantity></Point><Point><position>448</position><in_Quantity.quantity>0.000000</in_Quantity.quantity><out_Quantity.quantity>381.654673</out_Quantity.quantity></Point><Point><position>449</position><in_Quantity.quantity>0.000000</in_Quantity.quantity><out_Quantity.quantity>535.517188</out_Quantity.quantity></Point><Point><position>450</position><in_Quantity.quantity>0.000000</in_Quantity.quantity><out_Quantity.quantity>42.893111</out_Quantity.quantity></Point><Point><position>451</position><in_Quantity.quantity>0.000000</in_Quantity.quantity><out_Quantity.quantity>718.427071</out_Quantity.quantity></Point><Point><position>452</position><in_Quantity.quantity>0.000000</in_Quantity.quantity><out_Quantity.quantity>9.526304</out_Quantity.quantity></Point><Point><position>453</position><in_Quantity.quantity>0.000000</in_Quantity.quantity><out_Quantity.quantity>413.735717</out_Quantity.quantity></Point><Point><position>454</position><in_Quantity.quantity>0.000000</in_Quantity.quantity><out_Quantity.quantity>668.392817</out_Quantity.quantity></Point><Point><position>455</position><in_Quantity.quantity>0.000000</in_Quantity.quantity><out_Quantity.quantity>709.672056</out_Quantity.quantity></Point><Point><position>456</position><in_Quantity.quantity>0.000000</in_Quantity.quantity><out_Quantity.quantity>114.827905</out_Quantity.quantity></Point><Point><position>457</position><in_Quantity.quantity>0.000000</in_Quantity.quantity><out_Quantity.quantity>610.473764</out_Quantity.quantity></Point><Point><position>458</position><in_Quantity.quantity>0.000000</in_Quantity.quantity><out_Quantity.quantity>18.519874</out_Quantity.quantity></Point><Point><position>459</position><in_Quantity.quantity>0.000000</in_Quantity.quantity><out_Quantity.quantity>197.072446</out_Quantity.quantity></Point><Point><position>460</position><in_Quantity.quantity>0.000000</in_Quantity.quantity><out_Quantity.quantity>638.014545</out_Quantity.quantity></Point><Point><position>461</position><in_Quantity.quantity>0.000000</in_Quantity.quantity><out_Quantity.quantity>267.630619</out_Quantity.quantity></Point><Point><position>462</position><in_Quantity.quantity>0.000000</in_Quantity.quantity><out_Quantity.quantity>490.854281</out_Quantity.quantity></Point><Point><position>463</position><in_Quantity.quantity>0.000000</in_Quantity.quantity><out_Quantity.quantity>11.878086</out_Quantity.quantity></Point><Point><position>464</position><in_Quantity.quantity>0.000000</in_Quantity.quantity><out_Quantity.quantity>106.025533</out_Quantity.quantity></Point><Point><position>465</position><in_Quantity.quantity>0.000000</in_Quantity.quantity><out_Quantity.quantity>152.497449</out_Quantity.quantity></Point><Point><position>466</position><in_Quantity.quantity>0.000000</in_Quantity.quantity><out_Quantity.quantity>129.547952</out_Quantity.quantity></Point><Point><position>467</position><in_Quantity.quantity>0.000000</in_Quantity.quantity><out_Quantity.quantity>297.009147</out_Quantity.quantity></Point><Point><position>468</position><in_Quantity.quantity>0.000000</in_Quantity.quantity><out_Quantity.quantity>856.459710</out_Quantity.quantity></Point><Point><position>469</position><in_Quantity.quantity>0.000000</in_Quantity.quantity><out_Quantity.quantity>873.627108</out_Quantity.quantity></Point><Point><position>470</position><in_Quantity.quantity>0.000000</in_Quantity.quantity><out_Quantity.quantity>137.961519</out_Quantity.quantity></Point><Point><position>471</position><in_Quantity.quantity>0.000000</in_Quantity.quantity><out_Quantity.quantity>280.905315</out_Quantity.quantity></Point><Point><position>472</position><in_Quantity.quantity>0.000000</in_Quantity.quantity><out_Quantity.quantity>740.061248</out_Quantity.quantity></Point><Point><position>473</position><in_Quantity.quantity>0.000000</in_Quantity.quantity><out_Quantity.quantity>340.684925</out_Quantity.quantity></Point><Point><position>474</position><in_Quantity.quantity>0.000000</in_Quantity.quantity><out_Quantity.quantity>218.786600</out_Quantity.quantity></Point><Point><position>475</position><in_Quantity.quantity>0.000000</in_Quantity.quantity><out_Quantity.quantity>861.124056</out_Quantity.quantity></Point><Point><position>476</position><in_Quantity.quantity>0.000000</in_Quantity.quantity><out_Quantity.quantity>28.961297</out_Quantity.quantity></Point><Point><position>477</position><in_Quantity.quantity>0.000000</in_Quantity.quantity><out_Quantity.quantity>597.047897</out_Quantity.quantity></Point><Point><position>478</position><in_Quantity.quantity>0.000000</in_Quantity.quantity><out_Quantity.quantity>649.883180</out_Quantity.quantity></Point><Point><position>479</position><in_Quantity.quantity>0.000000</in_Quantity.quantity><out_Quantity.quantity>179.245623</out_Quantity.quantity></Point><Point><position>480</position><in_Quantity.quantity>0.000000</in_Quantity.quantity><out_Quantity.quantity>943.845987</out_Quantity.quantity></Point><Point><position>481</position><in_Quantity.quantity>0.000000</in_Quantity.quantity><out_Quantity.quantity>595.850150</out_Quantity.quantity></Point><Point><position>482</position><in_Quantity.quantity>0.000000</in_Quantity.quantity><out_Quantity.quantity>743.602330</out_Quantity.quantity></Point><Point><position>483</position><in_Quantity.quantity>0.000000</in_Quantity.quantity><out_Quantity.quantity>112.660562</out_Quantity.quantity></Point><Point><position>484</position><in_Quantity.quantity>0.000000</in_Quantity.quantity><out_Quantity.quantity>923.721336</out_Quantity.quantity></Point><Point><position>485</position><in_Quantity.quantity>0.000000</in_Quantity.quantity><out_Quantity.quantity>201.027196</out_Quantity.quantity></Point><Point><position>486</position><in_Quantity.quantity>0.000000</in_Quantity.quantity><out_Quantity.quantity>319.995379</out_Quantity.quantity></Point><Point><position>487</position><in_Quantity.quantity>0.000000</in_Quantity.quantity><out_Quantity.quantity>175.842301</out_Quantity.quantity></Point><Point><position>488</position><in_Quantity.quantity>0.000000</in_Quantity.quantity><out_Quantity.quantity>700.838997</out_Quantity.quantity></Point><Point><position>489</position><in_Quantity.quantity>0.000000</in_Quantity.quantity><out_Quantity.quantity>873.011304</out_Quantity.quantity></Point><Point><position>490</position><in_Quantity.quantity>0.000000</in_Quantity.quantity><out_Quantity.quantity>947.878288</out_Quantity.quantity></Point><Point><position>491</position><in_Quantity.quantity>0.000000</in_Quantity.quantity><out_Quantity.quantity>708.673494</out_Quantity.quantity></Point><Point><position>492</position><in_Quantity.quantity>0.000000</in_Quantity.quantity><out_Quantity.quantity>585.207742</out_Quantity.quantity></Point><Point><position>493</position><in_Quantity.quantity>0.000000</in_Quantity.quantity><out_Quantity.quantity>947.879795</out_Quantity.quantity></Point><Point><position>494</position><in_Quantity.quantity>0.000000</in_Quantity.quantity><out_Quantity.quantity>294.875088</out_Quantity.quantity></Point><Point><position>495</position><in_Quantity.quantity>0.000000</in_Quantity.quantity><out_Quantity.quantity>165.467575</out_Quantity.quantity></Point><Point><position>496</position><in_Quantity.quantity>0.000000</in_Quantity.quantity><out_Quantity.quantity>615.760919</out_Quantity.quantity></Point><Point><position>497</position><in_Quantity.quantity>0.000000</in_Quantity.quantity><out_Quantity.quantity>877.034580</out_Quantity.quantity></Point><Point><position>498</position><in_Quantity.quantity>0.000000</in_Quantity.quantity><out_Quantity.quantity>72.605422</out_Quantity.quantity></Point><Point><position>499</position><in_Quantity.quantity>0.000000</in_Quantity.quantity><out_Quantity.quantity>650.127734</out_Quantity.quantity></Point><Point><position>500</position><in_Quantity.quantity>0.000000</in_Quantity.quantity><out_Quantity.quantity>791.876096</out_Quantity.quantity></Point><Point><position>501</position><in_Quantity.quantity>0.000000</in_Quantity.quantity><out_Quantity.quantity>600.878416</out_Quantity.quantity></Point><Point><position>502</position><in_Quantity.quantity>0.000000</in_Quantity.quantity><out_Quantity.quantity>966.174202</out_Quantity.quantity></Point><Point><position>503</position><in_Quantity.quantity>0.000000</in_Quantity.quantity><out_Quantity.quantity>241.820864</out_Quantity.quantity></Point><Point><position>504</position><in_Quantity.quantity>0.000000</in_Quantity.quantity><out_Quantity.quantity>792.861384</out_Quantity.quantity></Point><Point><position>505</position><in_Quantity.quantity>0.000000</in_Quantity.quantity><out_Quantity.quantity>520.544035</out_Quantity.quantity></Point><Point><position>506</position><in_Quantity.quantity>0.000000</in_Quantity.quantity><out_Quantity.quantity>129.890664</out_Quantity.quantity></Point><Point><position>507</position><in_Quantity.quantity>0.000000</in_Quantity.quantity><out_Quantity.quantity>417.825549</out_Quantity.quantity></Point><Point><position>508</position><in_Quantity.quantity>0.000000</in_Quantity.quantity><out_Quantity.quantity>906.327366</out_Quantity.quantity></Point><Point><position>509</position><in_Quantity.quantity>0.000000</in_Quantity.quantity><out_Quantity.quantity>305.207660</out_Quantity.quantity></Point><Point><position>510</position><in_Quantity.quantity>0.000000</in_Quantity.quantity><out_Quantity.quantity>7.068041</out_Quantity.quantity></Point><Point><position>511</position><in_Quantity.quantity>0.000000</in_Quantity.quantity><out_Quantity.quantity>166.960634</out_Quantity.quantity></Point><Point><position>512</position><in_Quantity.quantity>0.000000</in_Quantity.quantity><out_Quantity.quantity>997.267573</out_Quantity.quantity></Point><Point><position>513</position><in_Quantity.quantity>0.000000</in_Quantity.quantity><out_Quantity.quantity>944.814211</out_Quantity.quantity></Point><Point><position>514</position><in_Quantity.quantity>0.000000</in_Quantity.quantity><out_Quantity.quantity>443.937086</out_Quantity.quantity></Point><Point><position>515</position><in_Quantity.quantity>0.000000</in_Quantity.quantity><out_Quantity.quantity>970.017242</out_Quantity.quantity></Point><Point><position>516</position><in_Quantity.quantity>0.000000</in_Quantity.quantity><out_Quantity.quantity>895.626369</out_Quantity.quantity></Point><Point><position>517</position><in_Quantity.quantity>0.000000</in_Quantity.quantity><out_Quantity.quantity>3.640322</out_Quantity.quantity></Point><Point><position>518</position><in_Quantity.quantity>0.000000</in_Quantity.quantity><out_Quantity.quantity>28.792676</out_Quantity.quantity></Point><Point><position>519</position><in_Quantity.quantity>0.000000</in_Quantity.quantity><out_Quantity.quantity>300.917503</out_Quantity.quantity></Point><Point><position>520</position><in_Quantity.quantity>0.000000</in_Quantity.quantity><out_Quantity.quantity>167.402615</out_Quantity.quantity></Point><Point><position>521</position><in_Quantity.quantity>0.000000</in_Quantity.quantity><out_Quantity.quantity>94.177755</out_Quantity.quantity></Point><Point><position>522</position><in_Quantity.quantity>0.000000</in_Quantity.quantity><out_Quantity.quantity>706.693546</out_Quantity.quantity></Point><Point><position>523</position><in_Quantity.quantity>0.000000</in_Quantity.quantity><out_Quantity.quantity>332.673240</out_Quantity.quantity></Point><Point><position>524</position><in_Quantity.quantity>0.000000</in_Quantity.quantity><out_Quantity.quantity>811.849242</out_Quantity.quantity></Point><Point><position>525</position><in_Quantity.quantity>0.000000</in_Quantity.quantity><out_Quantity.quantity>800.755879</out_Quantity.quantity></Point><Point><position>526</position><in_Quantity.quantity>0.000000</in_Quantity.quantity><out_Quantity.quantity>143.974765</out_Quantity.quantity></Point><Point><position>527</position><in_Quantity.quantity>0.000000</in_Quantity.quantity><out_Quantity.quantity>179.035595</out_Quantity.quantity></Point><Point><position>528</position><in_Quantity.quantity>0.000000</in_Quantity.quantity><out_Quantity.quantity>128.169198</out_Quantity.quantity></Point><Point><position>529</position><in_Quantity.quantity>0.000000</in_Quantity.quantity><out_Quantity.quantity>51.681450</out_Quantity.quantity></Point><Point><position>530</position><in_Quantity.quantity>0.000000</in_Quantity.quantity><out_Quantity.quantity>680.248406</out_Quantity.quantity></Point><Point><position>531</position><in_Quantity.quantity>0.000000</in_Quantity.quantity><out_Quantity.quantity>826.535065</out_Quantity.quantity></Point><Point><position>532</position><in_Quantity.quantity>0.000000</in_Quantity.quantity><out_Quantity.quantity>320.209452</out_Quantity.quantity></Point><Point><position>533</position><in_Quantity.quantity>0.000000</in_Quantity.quantity><out_Quantity.quantity>692.322901</out_Quantity.quantity></Point><Point><position>534</position><in_Quantity.quantity>0.000000</in_Quantity.quantity><out_Quantity.quantity>916.331968</out_Quantity.quantity></Point><Point><position>535</position><in_Quantity.quantity>0.000000</in_Quantity.quantity><out_Quantity.quantity>959.705718</out_Quantity.quantity></Point><Point><position>536</position><in_Quantity.quantity>0.000000</in_Quantity.quantity><out_Quantity.quantity>428.485677</out_Quantity.quantity></Point><Point><position>537</position><in_Quantity.quantity>0.000000</in_Quantity.quantity><out_Quantity.quantity>62.050377</out_Quantity.quantity></Point><Point><position>538</position><in_Quantity.quantity>0.000000</in_Quantity.quantity><out_Quantity.quantity>39.878197</out_Quantity.quantity></Point><Point><position>539</position><in_Quantity.quantity>0.000000</in_Quantity.quantity><out_Quantity.quantity>52.820479</out_Quantity.quantity></Point><Point><position>540</position><in_Quantity.quantity>0.000000</in_Quantity.quantity><out_Quantity.quantity>421.746270</out_Quantity.quantity></Point><Point><position>541</position><in_Quantity.quantity>0.000000</in_Quantity.quantity><out_Quantity.quantity>235.522512</out_Quantity.quantity></Point><Point><position>542</position><in_Quantity.quantity>0.000000</in_Quantity.quantity><out_Quantity.quantity>25.363871</out_Quantity.quantity></Point><Point><position>543</position><in_Quantity.quantity>0.000000</in_Quantity.quantity><out_Quantity.quantity>401.756979</out_Quantity.quantity></Point><Point><position>544</position><in_Quantity.quantity>0.000000</in_Quantity.quantity><out_Quantity.quantity>741.426108</out_Quantity.quantity></Point><Point><position>545</position><in_Quantity.quantity>0.000000</in_Quantity.quantity><out_Quantity.quantity>118.074423</out_Quantity.quantity></Point><Point><position>546</position><in_Quantity.quantity>0.000000</in_Quantity.quantity><out_Quantity.quantity>402.733787</out_Quantity.quantity></Point><Point><position>547</position><in_Quantity.quantity>0.000000</in_Quantity.quantity><out_Quantity.quantity>987.880667</out_Quantity.quantity></Point><Point><position>548</position><in_Quantity.quantity>0.000000</in_Quantity.quantity><out_Quantity.quantity>456.699548</out_Quantity.quantity></Point><Point><position>549</position><in_Quantity.quantity>0.000000</in_Quantity.quantity><out_Quantity.quantity>567.202019</out_Quantity.quantity></Point><Point><position>550</position><in_Quantity.quantity>0.000000</in_Quantity.quantity><out_Quantity.quantity>156.825806</out_Quantity.quantity></Point><Point><position>551</position><in_Quantity.quantity>0.000000</in_Quantity.quantity><out_Quantity.quantity>574.205076</out_Quantity.quantity></Point><Point><position>552</position><in_Quantity.quantity>0.000000</in_Quantity.quantity><out_Quantity.quantity>119.004620</out_Quantity.quantity></Point><Point><position>553</position><in_Quantity.quantity>0.000000</in_Quantity.quantity><out_Quantity.quantity>482.290919</out_Quantity.quantity></Point><Point><position>554</position><in_Quantity.quantity>0.000000</in_Quantity.quantity><out_Quantity.quantity>293.509083</out_Quantity.quantity></Point><Point><position>555</position><in_Quantity.quantity>0.000000</in_Quantity.quantity><out_Quantity.quantity>766.505309</out_Quantity.quantity></Point><Point><position>556</position><in_Quantity.quantity>0.000000</in_Quantity.quantity><out_Quantity.quantity>208.595926</out_Quantity.quantity></Point><Point><position>557</position><in_Quantity.quantity>0.000000</in_Quantity.quantity><out_Quantity.quantity>474.344990</out_Quantity.quantity></Point><Point><position>558</position><in_Quantity.quantity>0.000000</in_Quantity.quantity><out_Quantity.quantity>10.533788</out_Quantity.quantity></Point><Point><position>559</position><in_Quantity.quantity>0.000000</in_Quantity.quantity><out_Quantity.quantity>216.873296</out_Quantity.quantity></Point><Point><position>560</position><in_Quantity.quantity>0.000000</in_Quantity.quantity><out_Quantity.quantity>648.341345</out_Quantity.quantity></Point><Point><position>561</position><in_Quantity.quantity>0.000000</in_Quantity.quantity><out_Quantity.quantity>228.276250</out_Quantity.quantity></Point><Point><position>562</position><in_Quantity.quantity>0.000000</in_Quantity.quantity><out_Quantity.quantity>410.759211</out_Quantity.quantity></Point><Point><position>563</position><in_Quantity.quantity>0.000000</in_Quantity.quantity><out_Quantity.quantity>865.319762</out_Quantity.quantity></Point><Point><position>564</position><in_Quantity.quantity>0.000000</in_Quantity.quantity><out_Quantity.quantity>800.700243</out_Quantity.quantity></Point><Point><position>565</position><in_Quantity.quantity>0.000000</in_Quantity.quantity><out_Quantity.quantity>644.793040</out_Quantity.quantity></Point><Point><position>566</position><in_Quantity.quantity>0.000000</in_Quantity.quantity><out_Quantity.quantity>979.377226</out_Quantity.quantity></Point><Point><position>567</position><in_Quantity.quantity>0.000000</in_Quantity.quantity><out_Quantity.quantity>752.407481</out_Quantity.quantity></Point><Point><position>568</position><in_Quantity.quantity>0.000000</in_Quantity.quantity><out_Quantity.quantity>966.782884</out_Quantity.quantity></Point><Point><position>569</position><in_Quantity.quantity>0.000000</in_Quantity.quantity><out_Quantity.quantity>281.057363</out_Quantity.quantity></Point><Point><position>570</position><in_Quantity.quantity>0.000000</in_Quantity.quantity><out_Quantity.quantity>9.094178</out_Quantity.quantity></Point><Point><position>571</position><in_Quantity.quantity>0.000000</in_Quantity.quantity><out_Quantity.quantity>105.785575</out_Quantity.quantity></Point><Point><position>572</position><in_Quantity.quantity>0.000000</in_Quantity.quantity><out_Quantity.quantity>484.436719</out_Quantity.quantity></Point><Point><position>573</position><in_Quantity.quantity>0.000000</in_Quantity.quantity><out_Quantity.quantity>140.261420</out_Quantity.quantity></Point><Point><position>574</position><in_Quantity.quantity>0.000000</in_Quantity.quantity><out_Quantity.quantity>187.298765</out_Quantity.quantity></Point><Point><position>575</position><in_Quantity.quantity>0.000000</in_Quantity.quantity><out_Quantity.quantity>511.941445</out_Quantity.quantity></Point><Point><position>576</position><in_Quantity.quantity>0.000000</in_Quantity.quantity><out_Quantity.quantity>169.644479</out_Quantity.quantity></Point><Point><position>577</position><in_Quantity.quantity>0.000000</in_Quantity.quantity><out_Quantity.quantity>143.199534</out_Quantity.quantity></Point><Point><position>578</position><in_Quantity.quantity>0.000000</in_Quantity.quantity><out_Quantity.quantity>221.994435</out_Quantity.quantity></Point><Point><position>579</position><in_Quantity.quantity>0.000000</in_Quantity.quantity><out_Quantity.quantity>418.940875</out_Quantity.quantity></Point><Point><position>580</position><in_Quantity.quantity>0.000000</in_Quantity.quantity><out_Quantity.quantity>478.054617</out_Quantity.quantity></Point><Point><position>581</position><in_Quantity.quantity>0.000000</in_Quantity.quantity><out_Quantity.quantity>215.655010</out_Quantity.quantity></Point><Point><position>582</position><in_Quantity.quantity>0.000000</in_Quantity.quantity><out_Quantity.quantity>955.666571</out_Quantity.quantity></Point><Point><position>583</position><in_Quantity.quantity>0.000000</in_Quantity.quantity><out_Quantity.quantity>423.807930</out_Quantity.quantity></Point><Point><position>584</position><in_Quantity.quantity>0.000000</in_Quantity.quantity><out_Quantity.quantity>242.054288</out_Quantity.quantity></Point><Point><position>585</position><in_Quantity.quantity>0.000000</in_Quantity.quantity><out_Quantity.quantity>526.035770</out_Quantity.quantity></Point><Point><position>586</position><in_Quantity.quantity>0.000000</in_Quantity.quantity><out_Quantity.quantity>770.940110</out_Quantity.quantity></Point><Point><position>587</position><in_Quantity.quantity>0.000000</in_Quantity.quantity><out_Quantity.quantity>448.494336</out_Quantity.quantity></Point><Point><position>588</position><in_Quantity.quantity>0.000000</in_Quantity.quantity><out_Quantity.quantity>945.872866</out_Quantity.quantity></Point><Point><position>589</position><in_Quantity.quantity>0.000000</in_Quantity.quantity><out_Quantity.quantity>613.269034</out_Quantity.quantity></Point><Point><position>590</position><in_Quantity.quantity>0.000000</in_Quantity.quantity><out_Quantity.quantity>439.671151</out_Quantity.quantity></Point><Point><position>591</position><in_Quantity.quantity>0.000000</in_Quantity.quantity><out_Quantity.quantity>547.335346</out_Quantity.quantity></Point><Point><position>592</position><in_Quantity.quantity>0.000000</in_Quantity.quantity><out_Quantity.quantity>401.537360</out_Quantity.quantity></Point><Point><position>593</position><in_Quantity.quantity>0.000000</in_Quantity.quantity><out_Quantity.quantity>283.221184</out_Quantity.quantity></Point><Point><position>594</position><in_Quantity.quantity>0.000000</in_Quantity.quantity><out_Quantity.quantity>739.903481</out_Quantity.quantity></Point><Point><position>595</position><in_Quantity.quantity>0.000000</in_Quantity.quantity><out_Quantity.quantity>845.496496</out_Quantity.quantity></Point><Point><position>596</position><in_Quantity.quantity>0.000000</in_Quantity.quantity><out_Quantity.quantity>861.966896</out_Quantity.quantity></Point><Point><position>597</position><in_Quantity.quantity>0.000000</in_Quantity.quantity><out_Quantity.quantity>829.623487</out_Quantity.quantity></Point><Point><position>598</position><in_Quantity.quantity>0.000000</in_Quantity.quantity><out_Quantity.quantity>586.619720</out_Quantity.quantity></Point><Point><position>599</position><in_Quantity.quantity>0.000000</in_Quantity.quantity><out_Quantity.quantity>376.034296</out_Quantity.quantity></Point><Point><position>600</position><in_Quantity.quantity>0.000000</in_Quantity.quantity><out_Quantity.quantity>535.143947</out_Quantity.quantity></Point><Point><position>601</position><in_Quantity.quantity>0.000000</in_Quantity.quantity><out_Quantity.quantity>82.267122</out_Quantity.quantity></Point><Point><position>602</position><in_Quantity.quantity>0.000000</in_Quantity.quantity><out_Quantity.quantity>167.886957</out_Quantity.quantity></Point><Point><position>603</position><in_Quantity.quantity>0.000000</in_Quantity.quantity><out_Quantity.quantity>626.162769</out_Quantity.quantity></Point><Point><position>604</position><in_Quantity.quantity>0.000000</in_Quantity.quantity><out_Quantity.quantity>623.783228</out_Quantity.quantity></Point><Point><position>605</position><in_Quantity.quantity>0.000000</in_Quantity.quantity><out_Quantity.quantity>671.876268</out_Quantity.quantity></Point><Point><position>606</position><in_Quantity.quantity>0.000000</in_Quantity.quantity><out_Quantity.quantity>472.987548</out_Quantity.quantity></Point><Point><position>607</position><in_Quantity.quantity>0.000000</in_Quantity.quantity><out_Quantity.quantity>407.194328</out_Quantity.quantity></Point><Point><position>608</position><in_Quantity.quantity>0.000000</in_Quantity.quantity><out_Quantity.quantity>715.648047</out_Quantity.quantity></Point><Point><position>609</position><in_Quantity.quantity>0.000000</in_Quantity.quantity><out_Quantity.quantity>490.543198</out_Quantity.quantity></Point><Point><position>610</position><in_Quantity.quantity>0.000000</in_Quantity.quantity><out_Quantity.quantity>681.407955</out_Quantity.quantity></Point><Point><position>611</position><in_Quantity.quantity>0.000000</in_Quantity.quantity><out_Quantity.quantity>87.196545</out_Quantity.quantity></Point><Point><position>612</position><in_Quantity.quantity>0.000000</in_Quantity.quantity><out_Quantity.quantity>550.342695</out_Quantity.quantity></Point><Point><position>613</position><in_Quantity.quantity>0.000000</in_Quantity.quantity><out_Quantity.quantity>536.620767</out_Quantity.quantity></Point><Point><position>614</position><in_Quantity.quantity>0.000000</in_Quantity.quantity><out_Quantity.quantity>145.890811</out_Quantity.quantity></Point><Point><position>615</position><in_Quantity.quantity>0.000000</in_Quantity.quantity><out_Quantity.quantity>657.086091</out_Quantity.quantity></Point><Point><position>616</position><in_Quantity.quantity>0.000000</in_Quantity.quantity><out_Quantity.quantity>552.922591</out_Quantity.quantity></Point><Point><position>617</position><in_Quantity.quantity>0.000000</in_Quantity.quantity><out_Quantity.quantity>772.823021</out_Quantity.quantity></Point><Point><position>618</position><in_Quantity.quantity>0.000000</in_Quantity.quantity><out_Quantity.quantity>331.956438</out_Quantity.quantity></Point><Point><position>619</position><in_Quantity.quantity>0.000000</in_Quantity.quantity><out_Quantity.quantity>892.538349</out_Quantity.quantity></Point><Point><position>620</position><in_Quantity.quantity>0.000000</in_Quantity.quantity><out_Quantity.quantity>682.537021</out_Quantity.quantity></Point><Point><position>621</position><in_Quantity.quantity>0.000000</in_Quantity.quantity><out_Quantity.quantity>821.839508</out_Quantity.quantity></Point><Point><position>622</position><in_Quantity.quantity>0.000000</in_Quantity.quantity><out_Quantity.quantity>163.635539</out_Quantity.quantity></Point><Point><position>623</position><in_Quantity.quantity>0.000000</in_Quantity.quantity><out_Quantity.quantity>439.131999</out_Quantity.quantity></Point><Point><position>624</position><in_Quantity.quantity>0.000000</in_Quantity.quantity><out_Quantity.quantity>690.715438</out_Quantity.quantity></Point><Point><position>625</position><in_Quantity.quantity>0.000000</in_Quantity.quantity><out_Quantity.quantity>367.307583</out_Quantity.quantity></Point><Point><position>626</position><in_Quantity.quantity>0.000000</in_Quantity.quantity><out_Quantity.quantity>792.249591</out_Quantity.quantity></Point><Point><position>627</position><in_Quantity.quantity>0.000000</in_Quantity.quantity><out_Quantity.quantity>924.524874</out_Quantity.quantity></Point><Point><position>628</position><in_Quantity.quantity>0.000000</in_Quantity.quantity><out_Quantity.quantity>99.931477</out_Quantity.quantity></Point><Point><position>629</position><in_Quantity.quantity>0.000000</in_Quantity.quantity><out_Quantity.quantity>261.274318</out_Quantity.quantity></Point><Point><position>630</position><in_Quantity.quantity>0.000000</in_Quantity.quantity><out_Quantity.quantity>273.610289</out_Quantity.quantity></Point><Point><position>631</position><in_Quantity.quantity>0.000000</in_Quantity.quantity><out_Quantity.quantity>488.702698</out_Quantity.quantity></Point><Point><position>632</position><in_Quantity.quantity>0.000000</in_Quantity.quantity><out_Quantity.quantity>798.790775</out_Quantity.quantity></Point><Point><position>633</position><in_Quantity.quantity>0.000000</in_Quantity.quantity><out_Quantity.quantity>149.458917</out_Quantity.quantity></Point><Point><position>634</position><in_Quantity.quantity>0.000000</in_Quantity.quantity><out_Quantity.quantity>479.344186</out_Quantity.quantity></Point><Point><position>635</position><in_Quantity.quantity>0.000000</in_Quantity.quantity><out_Quantity.quantity>254.610376</out_Quantity.quantity></Point><Point><position>636</position><in_Quantity.quantity>0.000000</in_Quantity.quantity><out_Quantity.quantity>652.564446</out_Quantity.quantity></Point><Point><position>637</position><in_Quantity.quantity>0.000000</in_Quantity.quantity><out_Quantity.quantity>361.953126</out_Quantity.quantity></Point><Point><position>638</position><in_Quantity.quantity>0.000000</in_Quantity.quantity><out_Quantity.quantity>855.476223</out_Quantity.quantity></Point><Point><position>639</position><in_Quantity.quantity>0.000000</in_Quantity.quantity><out_Quantity.quantity>307.574910</out_Quantity.quantity></Point><Point><position>640</position><in_Quantity.quantity>0.000000</in_Quantity.quantity><out_Quantity.quantity>918.332481</out_Quantity.quantity></Point><Point><position>641</position><in_Quantity.quantity>0.000000</in_Quantity.quantity><out_Quantity.quantity>66.766416</out_Quantity.quantity></Point><Point><position>642</position><in_Quantity.quantity>0.000000</in_Quantity.quantity><out_Quantity.quantity>3.293704</out_Quantity.quantity></Point><Point><position>643</position><in_Quantity.quantity>0.000000</in_Quantity.quantity><out_Quantity.quantity>466.167200</out_Quantity.quantity></Point><Point><position>644</position><in_Quantity.quantity>0.000000</in_Quantity.quantity><out_Quantity.quantity>11.002583</out_Quantity.quantity></Point><Point><position>645</position><in_Quantity.quantity>0.000000</in_Quantity.quantity><out_Quantity.quantity>607.217067</out_Quantity.quantity></Point><Point><position>646</position><in_Quantity.quantity>0.000000</in_Quantity.quantity><out_Quantity.quantity>916.045398</out_Quantity.quantity></Point><Point><position>647</position><in_Quantity.quantity>0.000000</in_Quantity.quantity><out_Quantity.quantity>414.477234</out_Quantity.quantity></Point><Point><position>648</position><in_Quantity.quantity>0.000000</in_Quantity.quantity><out_Quantity.quantity>847.704668</out_Quantity.quantity></Point><Point><position>649</position><in_Quantity.quantity>0.000000</in_Quantity.quantity><out_Quantity.quantity>134.960083</out_Quantity.quantity></Point><Point><position>650</position><in_Quantity.quantity>0.000000</in_Quantity.quantity><out_Quantity.quantity>103.773378</out_Quantity.quantity></Point><Point><position>651</position><in_Quantity.quantity>0.000000</in_Quantity.quantity><out_Quantity.quantity>843.935135</out_Quantity.quantity></Point><Point><position>652</position><in_Quantity.quantity>0.000000</in_Quantity.quantity><out_Quantity.quantity>972.404867</out_Quantity.quantity></Point><Point><position>653</position><in_Quantity.quantity>0.000000</in_Quantity.quantity><out_Quantity.quantity>860.893037</out_Quantity.quantity></Point><Point><position>654</position><in_Quantity.quantity>0.000000</in_Quantity.quantity><out_Quantity.quantity>492.990446</out_Quantity.quantity></Point><Point><position>655</position><in_Quantity.quantity>0.000000</in_Quantity.quantity><out_Quantity.quantity>137.704570</out_Quantity.quantity></Point><Point><position>656</position><in_Quantity.quantity>0.000000</in_Quantity.quantity><out_Quantity.quantity>181.170254</out_Quantity.quantity></Point><Point><position>657</position><in_Quantity.quantity>0.000000</in_Quantity.quantity><out_Quantity.quantity>238.626104</out_Quantity.quantity></Point><Point><position>658</position><in_Quantity.quantity>0.000000</in_Quantity.quantity><out_Quantity.quantity>717.494090</out_Quantity.quantity></Point><Point><position>659</position><in_Quantity.quantity>0.000000</in_Quantity.quantity><out_Quantity.quantity>908.535312</out_Quantity.quantity></Point><Point><position>660</position><in_Quantity.quantity>0.000000</in_Quantity.quantity><out_Quantity.quantity>535.765936</out_Quantity.quantity></Point><Point><position>661</position><in_Quantity.quantity>0.000000</in_Quantity.quantity><out_Quantity.quantity>456.003582</out_Quantity.quantity></Point><Point><position>662</position><in_Quantity.quantity>0.000000</in_Quantity.quantity><out_Quantity.quantity>109.222412</out_Quantity.quantity></Point><Point><position>663</position><in_Quantity.quantity>0.000000</in_Quantity.quantity><out_Quantity.quantity>502.990748</out_Quantity.quantity></Point><Point><position>664</position><in_Quantity.quantity>0.000000</in_Quantity.quantity><out_Quantity.quantity>393.791747</out_Quantity.quantity></Point><Point><position>665</position><in_Quantity.quantity>0.000000</in_Quantity.quantity><out_Quantity.quantity>756.667883</out_Quantity.quantity></Point><Point><position>666</position><in_Quantity.quantity>0.000000</in_Quantity.quantity><out_Quantity.quantity>978.688477</out_Quantity.quantity></Point><Point><position>667</position><in_Quantity.quantity>0.000000</in_Quantity.quantity><out_Quantity.quantity>474.555076</out_Quantity.quantity></Point><Point><position>668</position><in_Quantity.quantity>0.000000</in_Quantity.quantity><out_Quantity.quantity>841.866738</out_Quantity.quantity></Point><Point><position>669</position><in_Quantity.quantity>0.000000</in_Quantity.quantity><out_Quantity.quantity>697.061748</out_Quantity.quantity></Point><Point><position>670</position><in_Quantity.quantity>0.000000</in_Quantity.quantity><out_Quantity.quantity>399.897305</out_Quantity.quantity></Point><Point><position>671</position><in_Quantity.quantity>0.000000</in_Quantity.quantity><out_Quantity.quantity>491.514102</out_Quantity.quantity></Point><Point><position>672</position><in_Quantity.quantity>0.000000</in_Quantity.quantity><out_Quantity.quantity>677.889680</out_Quantity.quantity></Point><Point><position>673</position><in_Quantity.quantity>0.000000</in_Quantity.quantity><out_Quantity.quantity>822.200195</out_Quantity.quantity></Point><Point><position>674</position><in_Quantity.quantity>0.000000</in_Quantity.quantity><out_Quantity.quantity>350.313444</out_Quantity.quantity></Point><Point><position>675</position><in_Quantity.quantity>0.000000</in_Quantity.quantity><out_Quantity.quantity>50.761458</out_Quantity.quantity></Point><Point><position>676</position><in_Quantity.quantity>0.000000</in_Quantity.quantity><out_Quantity.quantity>458.240917</out_Quantity.quantity></Point><Point><position>677</position><in_Quantity.quantity>0.000000</in_Quantity.quantity><out_Quantity.quantity>38.465859</out_Quantity.quantity></Point><Point><position>678</position><in_Quantity.quantity>0.000000</in_Quantity.quantity><out_Quantity.quantity>208.833321</out_Quantity.quantity></Point><Point><position>679</position><in_Quantity.quantity>0.000000</in_Quantity.quantity><out_Quantity.quantity>691.336223</out_Quantity.quantity></Point><Point><position>680</position><in_Quantity.quantity>0.000000</in_Quantity.quantity><out_Quantity.quantity>674.686039</out_Quantity.quantity></Point><Point><position>681</position><in_Quantity.quantity>0.000000</in_Quantity.quantity><out_Quantity.quantity>16.408512</out_Quantity.quantity></Point><Point><position>682</position><in_Quantity.quantity>0.000000</in_Quantity.quantity><out_Quantity.quantity>187.167304</out_Quantity.quantity></Point><Point><position>683</position><in_Quantity.quantity>0.000000</in_Quantity.quantity><out_Quantity.quantity>720.878081</out_Quantity.quantity></Point><Point><position>684</position><in_Quantity.quantity>0.000000</in_Quantity.quantity><out_Quantity.quantity>658.708057</out_Quantity.quantity></Point><Point><position>685</position><in_Quantity.quantity>0.000000</in_Quantity.quantity><out_Quantity.quantity>77.874768</out_Quantity.quantity></Point><Point><position>686</position><in_Quantity.quantity>0.000000</in_Quantity.quantity><out_Quantity.quantity>834.537408</out_Quantity.quantity></Point><Point><position>687</position><in_Quantity.quantity>0.000000</in_Quantity.quantity><out_Quantity.quantity>309.271298</out_Quantity.quantity></Point><Point><position>688</position><in_Quantity.quantity>0.000000</in_Quantity.quantity><out_Quantity.quantity>987.528835</out_Quantity.quantity></Point><Point><position>689</position><in_Quantity.quantity>0.000000</in_Quantity.quantity><out_Quantity.quantity>51.528947</out_Quantity.quantity></Point><Point><position>690</position><in_Quantity.quantity>0.000000</in_Quantity.quantity><out_Quantity.quantity>701.286420</out_Quantity.quantity></Point><Point><position>691</position><in_Quantity.quantity>0.000000</in_Quantity.quantity><out_Quantity.quantity>857.149432</out_Quantity.quantity></Point><Point><position>692</position><in_Quantity.quantity>0.000000</in_Quantity.quantity><out_Quantity.quantity>150.337588</out_Quantity.quantity></Point><Point><position>693</position><in_Quantity.quantity>0.000000</in_Quantity.quantity><out_Quantity.quantity>876.395626</out_Quantity.quantity></Point><Point><position>694</position><in_Quantity.quantity>0.000000</in_Quantity.quantity><out_Quantity.quantity>614.613421</out_Quantity.quantity></Point><Point><position>695</position><in_Quantity.quantity>0.000000</in_Quantity.quantity><out_Quantity.quantity>189.559787</out_Quantity.quantity></Point><Point><position>696</position><in_Quantity.quantity>0.000000</in_Quantity.quantity><out_Quantity.quantity>319.965405</out_Quantity.quantity></Point><Point><position>697</position><in_Quantity.quantity>0.000000</in_Quantity.quantity><out_Quantity.quantity>146.173789</out_Quantity.quantity></Point><Point><position>698</position><in_Quantity.quantity>0.000000</in_Quantity.quantity><out_Quantity.quantity>951.118450</out_Quantity.quantity></Point><Point><position>699</position><in_Quantity.quantity>0.000000</in_Quantity.quantity><out_Quantity.quantity>780.917794</out_Quantity.quantity></Point><Point><position>700</position><in_Quantity.quantity>0.000000</in_Quantity.quantity><out_Quantity.quantity>19.813504</out_Quantity.quantity></Point><Point><position>701</position><in_Quantity.quantity>0.000000</in_Quantity.quantity><out_Quantity.quantity>15.812517</out_Quantity.quantity></Point><Point><position>702</position><in_Quantity.quantity>0.000000</in_Quantity.quantity><out_Quantity.quantity>290.694238</out_Quantity.quantity></Point><Point><position>703</position><in_Quantity.quantity>0.000000</in_Quantity.quantity><out_Quantity.quantity>540.835677</out_Quantity.quantity></Point><Point><position>704</position><in_Quantity.quantity>0.000000</in_Quantity.quantity><out_Quantity.quantity>992.284718</out_Quantity.quantity></Point><Point><position>705</position><in_Quantity.quantity>0.000000</in_Quantity.quantity><out_Quantity.quantity>378.899131</out_Quantity.quantity></Point><Point><position>706</position><in_Quantity.quantity>0.000000</in_Quantity.quantity><out_Quantity.quantity>247.445572</out_Quantity.quantity></Point><Point><position>707</position><in_Quantity.quantity>0.000000</in_Quantity.quantity><out_Quantity.quantity>71.534228</out_Quantity.quantity></Point><Point><position>708</position><in_Quantity.quantity>0.000000</in_Quantity.quantity><out_Quantity.quantity>441.635269</out_Quantity.quantity></Point><Point><position>709</position><in_Quantity.quantity>0.000000</in_Quantity.quantity><out_Quantity.quantity>623.209534</out_Quantity.quantity></Point><Point><position>710</position><in_Quantity.quantity>0.000000</in_Quantity.quantity><out_Quantity.quantity>809.366831</out_Quantity.quantity></Point><Point><position>711</position><in_Quantity.quantity>0.000000</in_Quantity.quantity><out_Quantity.quantity>796.322792</out_Quantity.quantity></Point><Point><position>712</position><in_Quantity.quantity>0.000000</in_Quantity.quantity><out_Quantity.quantity>665.205726</out_Quantity.quantity></Point><Point><position>713</position><in_Quantity.quantity>0.000000</in_Quantity.quantity><out_Quantity.quantity>635.694402</out_Quantity.quantity></Point><Point><position>714</position><in_Quantity.quantity>0.000000</in_Quantity.quantity><out_Quantity.quantity>304.777218</out_Quantity.quantity></Point><Point><position>715</position><in_Quantity.quantity>0.000000</in_Quantity.quantity><out_Quantity.quantity>222.624982</out_Quantity.quantity></Point><Point><position>716</position><in_Quantity.quantity>0.000000</in_Quantity.quantity><out_Quantity.quantity>642.740428</out_Quantity.quantity></Point><Point><position>717</position><in_Quantity.quantity>0.000000</in_Quantity.quantity><out_Quantity.quantity>251.041955</out_Quantity.quantity></Point><Point><position>718</position><in_Quantity.quantity>0.000000</in_Quantity.quantity><out_Quantity.quantity>797.279619</out_Quantity.quantity></Point><Point><position>719</position><in_Quantity.quantity>0.000000</in_Quantity.quantity><out_Quantity.quantity>280.210071</out_Quantity.quantity></Point><Point><position>720</position><in_Quantity.quantity>0.000000</in_Quantity.quantity><out_Quantity.quantity>788.725424</out_Quantity.quantity></Point><Point><position>721</position><in_Quantity.quantity>0.000000</in_Quantity.quantity><out_Quantity.quantity>832.890586</out_Quantity.quantity></Point><Point><position>722</position><in_Quantity.quantity>0.000000</in_Quantity.quantity><out_Quantity.quantity>796.427113</out_Quantity.quantity></Point><Point><position>723</position><in_Quantity.quantity>0.000000</in_Quantity.quantity><out_Quantity.quantity>992.631820</out_Quantity.quantity></Point><Point><position>724</position><in_Quantity.quantity>0.000000</in_Quantity.quantity><out_Quantity.quantity>410.017416</out_Quantity.quantity></Point><Point><position>725</position><in_Quantity.quantity>0.000000</in_Quantity.quantity><out_Quantity.quantity>519.014694</out_Quantity.quantity></Point><Point><position>726</position><in_Quantity.quantity>0.000000</in_Quantity.quantity><out_Quantity.quantity>13.995578</out_Quantity.quantity></Point><Point><position>727</position><in_Quantity.quantity>0.000000</in_Quantity.quantity><out_Quantity.quantity>644.820484</out_Quantity.quantity></Point><Point><position>728</position><in_Quantity.quantity>0.000000</in_Quantity.quantity><out_Quantity.quantity>847.297503</out_Quantity.quantity></Point><Point><position>729</position><in_Quantity.quantity>0.000000</in_Quantity.quantity><out_Quantity.quantity>689.849364</out_Quantity.quantity></Point><Point><position>730</position><in_Quantity.quantity>0.000000</in_Quantity.quantity><out_Quantity.quantity>615.423029</out_Quantity.quantity></Point><Point><position>731</position><in_Quantity.quantity>0.000000</in_Quantity.quantity><out_Quantity.quantity>129.633906</out_Quantity.quantity></Point><Point><position>732</position><in_Quantity.quantity>0.000000</in_Quantity.quantity><out_Quantity.quantity>512.787377</out_Quantity.quantity></Point><Point><position>733</position><in_Quantity.quantity>0.000000</in_Quantity.quantity><out_Quantity.quantity>0.907989</out_Quantity.quantity></Point><Point><position>734</position><in_Quantity.quantity>0.000000</in_Quantity.quantity><out_Quantity.quantity>93.359220</out_Quantity.quantity></Point><Point><position>735</position><in_Quantity.quantity>0.000000</in_Quantity.quantity><out_Quantity.quantity>138.729693</out_Quantity.quantity></Point><Point><position>736</position><in_Quantity.quantity>0.000000</in_Quantity.quantity><out_Quantity.quantity>357.820239</out_Quantity.quantity></Point><Point><position>737</position><in_Quantity.quantity>0.000000</in_Quantity.quantity><out_Quantity.quantity>929.243117</out_Quantity.quantity></Point><Point><position>738</position><in_Quantity.quantity>0.000000</in_Quantity.quantity><out_Quantity.quantity>406.672919</out_Quantity.quantity></Point><Point><position>739</position><in_Quantity.quantity>0.000000</in_Quantity.quantity><out_Quantity.quantity>155.665305</out_Quantity.quantity></Point><Point><position>740</position><in_Quantity.quantity>0.000000</in_Quantity.quantity><out_Quantity.quantity>950.668852</out_Quantity.quantity></Point><Point><position>741</position><in_Quantity.quantity>0.000000</in_Quantity.quantity><out_Quantity.quantity>965.532643</out_Quantity.quantity></Point><Point><position>742</position><in_Quantity.quantity>0.000000</in_Quantity.quantity><out_Quantity.quantity>248.120983</out_Quantity.quantity></Point><Point><position>743</position><in_Quantity.quantity>0.000000</in_Quantity.quantity><out_Quantity.quantity>602.812803</out_Quantity.quantity></Point><Point><position>744</position><in_Quantity.quantity>0.000000</in_Quantity.quantity><out_Quantity.quantity>279.893013</out_Quantity.quantity></Point><Point><position>745</position><in_Quantity.quantity>0.000000</in_Quantity.quantity><out_Quantity.quantity>998.895530</out_Quantity.quantity></Point><Point><position>746</position><in_Quantity.quantity>0.000000</in_Quantity.quantity><out_Quantity.quantity>762.244914</out_Quantity.quantity></Point><Point><position>747</position><in_Quantity.quantity>0.000000</in_Quantity.quantity><out_Quantity.quantity>914.146470</out_Quantity.quantity></Point><Point><position>748</position><in_Quantity.quantity>0.000000</in_Quantity.quantity><out_Quantity.quantity>830.215326</out_Quantity.quantity></Point><Point><position>749</position><in_Quantity.quantity>0.000000</in_Quantity.quantity><out_Quantity.quantity>558.070475</out_Quantity.quantity></Point><Point><position>750</position><in_Quantity.quantity>0.000000</in_Quantity.quantity><out_Quantity.quantity>654.632696</out_Quantity.quantity></Point><Point><position>751</position><in_Quantity.quantity>0.000000</in_Quantity.quantity><out_Quantity.quantity>672.642365</out_Quantity.quantity></Point><Point><position>752</position><in_Quantity.quantity>0.000000</in_Quantity.quantity><out_Quantity.quantity>739.395877</out_Quantity.quantity></Point><Point><position>753</position><in_Quantity.quantity>0.000000</in_Quantity.quantity><out_Quantity.quantity>989.393067</out_Quantity.quantity></Point><Point><position>754</position><in_Quantity.quantity>0.000000</in_Quantity.quantity><out_Quantity.quantity>478.671388</out_Quantity.quantity></Point><Point><position>755</position><in_Quantity.quantity>0.000000</in_Quantity.quantity><out_Quantity.quantity>1.990823</out_Quantity.quantity></Point><Point><position>756</position><in_Quantity.quantity>0.000000</in_Quantity.quantity><out_Quantity.quantity>807.798551</out_Quantity.quantity></Point><Point><position>757</position><in_Quantity.quantity>0.000000</in_Quantity.quantity><out_Quantity.quantity>590.387603</out_Quantity.quantity></Point><Point><position>758</position><in_Quantity.quantity>0.000000</in_Quantity.quantity><out_Quantity.quantity>601.161268</out_Quantity.quantity></Point><Point><position>759</position><in_Quantity.quantity>0.000000</in_Quantity.quantity><out_Quantity.quantity>628.084092</out_Quantity.quantity></Point><Point><position>760</position><in_Quantity.quantity>0.000000</in_Quantity.quantity><out_Quantity.quantity>261.475443</out_Quantity.quantity></Point><Point><position>761</position><in_Quantity.quantity>0.000000</in_Quantity.quantity><out_Quantity.quantity>183.997220</out_Quantity.quantity></Point><Point><position>762</position><in_Quantity.quantity>0.000000</in_Quantity.quantity><out_Quantity.quantity>826.887943</out_Quantity.quantity></Point><Point><position>763</position><in_Quantity.quantity>0.000000</in_Quantity.quantity><out_Quantity.quantity>842.517511</out_Quantity.quantity></Point><Point><position>764</position><in_Quantity.quantity>0.000000</in_Quantity.quantity><out_Quantity.quantity>322.013606</out_Quantity.quantity></Point><Point><position>765</position><in_Quantity.quantity>0.000000</in_Quantity.quantity><out_Quantity.quantity>955.222966</out_Quantity.quantity></Point><Point><position>766</position><in_Quantity.quantity>0.000000</in_Quantity.quantity><out_Quantity.quantity>505.533743</out_Quantity.quantity></Point><Point><position>767</position><in_Quantity.quantity>0.000000</in_Quantity.quantity><out_Quantity.quantity>711.358318</out_Quantity.quantity></Point><Point><position>768</position><in_Quantity.quantity>0.000000</in_Quantity.quantity><out_Quantity.quantity>953.454820</out_Quantity.quantity></Point><Point><position>769</position><in_Quantity.quantity>0.000000</in_Quantity.quantity><out_Quantity.quantity>648.350377</out_Quantity.quantity></Point><Point><position>770</position><in_Quantity.quantity>0.000000</in_Quantity.quantity><out_Quantity.quantity>75.288746</out_Quantity.quantity></Point><Point><position>771</position><in_Quantity.quantity>0.000000</in_Quantity.quantity><out_Quantity.quantity>235.071616</out_Quantity.quantity></Point><Point><position>772</position><in_Quantity.quantity>0.000000</in_Quantity.quantity><out_Quantity.quantity>766.137305</out_Quantity.quantity></Point><Point><position>773</position><in_Quantity.quantity>0.000000</in_Quantity.quantity><out_Quantity.quantity>596.532654</out_Quantity.quantity></Point><Point><position>774</position><in_Quantity.quantity>0.000000</in_Quantity.quantity><out_Quantity.quantity>690.596683</out_Quantity.quantity></Point><Point><position>775</position><in_Quantity.quantity>0.000000</in_Quantity.quantity><out_Quantity.quantity>240.960538</out_Quantity.quantity></Point><Point><position>776</position><in_Quantity.quantity>0.000000</in_Quantity.quantity><out_Quantity.quantity>196.016177</out_Quantity.quantity></Point><Point><position>777</position><in_Quantity.quantity>0.000000</in_Quantity.quantity><out_Quantity.quantity>962.122490</out_Quantity.quantity></Point><Point><position>778</position><in_Quantity.quantity>0.000000</in_Quantity.quantity><out_Quantity.quantity>669.644606</out_Quantity.quantity></Point><Point><position>779</position><in_Quantity.quantity>0.000000</in_Quantity.quantity><out_Quantity.quantity>221.444439</out_Quantity.quantity></Point><Point><position>780</position><in_Quantity.quantity>0.000000</in_Quantity.quantity><out_Quantity.quantity>296.059349</out_Quantity.quantity></Point><Point><position>781</position><in_Quantity.quantity>0.000000</in_Quantity.quantity><out_Quantity.quantity>118.050807</out_Quantity.quantity></Point><Point><position>782</position><in_Quantity.quantity>0.000000</in_Quantity.quantity><out_Quantity.quantity>514.689529</out_Quantity.quantity></Point><Point><position>783</position><in_Quantity.quantity>0.000000</in_Quantity.quantity><out_Quantity.quantity>392.539068</out_Quantity.quantity></Point><Point><position>784</position><in_Quantity.quantity>0.000000</in_Quantity.quantity><out_Quantity.quantity>366.151874</out_Quantity.quantity></Point><Point><position>785</position><in_Quantity.quantity>0.000000</in_Quantity.quantity><out_Quantity.quantity>2.251409</out_Quantity.quantity></Point><Point><position>786</position><in_Quantity.quantity>0.000000</in_Quantity.quantity><out_Quantity.quantity>551.289378</out_Quantity.quantity></Point><Point><position>787</position><in_Quantity.quantity>0.000000</in_Quantity.quantity><out_Quantity.quantity>731.755263</out_Quantity.quantity></Point><Point><position>788</position><in_Quantity.quantity>0.000000</in_Quantity.quantity><out_Quantity.quantity>457.166870</out_Quantity.quantity></Point><Point><position>789</position><in_Quantity.quantity>0.000000</in_Quantity.quantity><out_Quantity.quantity>415.434540</out_Quantity.quantity></Point><Point><position>790</position><in_Quantity.quantity>0.000000</in_Quantity.quantity><out_Quantity.quantity>812.709050</out_Quantity.quantity></Point><Point><position>791</position><in_Quantity.quantity>0.000000</in_Quantity.quantity><out_Quantity.quantity>410.072814</out_Quantity.quantity></Point><Point><position>792</position><in_Quantity.quantity>0.000000</in_Quantity.quantity><out_Quantity.quantity>457.963983</out_Quantity.quantity></Point><Point><position>793</position><in_Quantity.quantity>0.000000</in_Quantity.quantity><out_Quantity.quantity>410.116608</out_Quantity.quantity></Point><Point><position>794</position><in_Quantity.quantity>0.000000</in_Quantity.quantity><out_Quantity.quantity>149.926073</out_Quantity.quantity></Point><Point><position>795</position><in_Quantity.quantity>0.000000</in_Quantity.quantity><out_Quantity.quantity>900.781643</out_Quantity.quantity></Point><Point><position>796</position><in_Quantity.quantity>0.000000</in_Quantity.quantity><out_Quantity.quantity>472.027053</out_Quantity.quantity></Point><Point><position>797</position><in_Quantity.quantity>0.000000</in_Quantity.quantity><out_Quantity.quantity>69.287578</out_Quantity.quantity></Point><Point><position>798</position><in_Quantity.quantity>0.000000</in_Quantity.quantity><out_Quantity.quantity>569.807042</out_Quantity.quantity></Point><Point><position>799</position><in_Quantity.quantity>0.000000</in_Quantity.quantity><out_Quantity.quantity>241.867026</out_Quantity.quantity></Point><Point><position>800</position><in_Quantity.quantity>0.000000</in_Quantity.quantity><out_Quantity.quantity>289.460648</out_Quantity.quantity></Point><Point><position>801</position><in_Quantity.quantity>0.000000</in_Quantity.quantity><out_Quantity.quantity>949.270092</out_Quantity.quantity></Point><Point><position>802</position><in_Quantity.quantity>0.000000</in_Quantity.quantity><out_Quantity.quantity>327.633476</out_Quantity.quantity></Point><Point><position>803</position><in_Quantity.quantity>0.000000</in_Quantity.quantity><out_Quantity.quantity>999.625887</out_Quantity.quantity></Point><Point><position>804</position><in_Quantity.quantity>0.000000</in_Quantity.quantity><out_Quantity.quantity>247.177179</out_Quantity.quantity></Point><Point><position>805</position><in_Quantity.quantity>0.000000</in_Quantity.quantity><out_Quantity.quantity>913.487612</out_Quantity.quantity></Point><Point><position>806</position><in_Quantity.quantity>0.000000</in_Quantity.quantity><out_Quantity.quantity>705.136855</out_Quantity.quantity></Point><Point><position>807</position><in_Quantity.quantity>0.000000</in_Quantity.quantity><out_Quantity.quantity>14.802987</out_Quantity.quantity></Point><Point><position>808</position><in_Quantity.quantity>0.000000</in_Quantity.quantity><out_Quantity.quantity>64.701065</out_Quantity.quantity></Point><Point><position>809</position><in_Quantity.quantity>0.000000</in_Quantity.quantity><out_Quantity.quantity>612.327436</out_Quantity.quantity></Point><Point><position>810</position><in_Quantity.quantity>0.000000</in_Quantity.quantity><out_Quantity.quantity>864.247559</out_Quantity.quantity></Point><Point><position>811</position><in_Quantity.quantity>0.000000</in_Quantity.quantity><out_Quantity.quantity>371.865102</out_Quantity.quantity></Point><Point><position>812</position><in_Quantity.quantity>0.000000</in_Quantity.quantity><out_Quantity.quantity>244.269372</out_Quantity.quantity></Point><Point><position>813</position><in_Quantity.quantity>0.000000</in_Quantity.quantity><out_Quantity.quantity>630.325754</out_Quantity.quantity></Point><Point><position>814</position><in_Quantity.quantity>0.000000</in_Quantity.quantity><out_Quantity.quantity>810.068134</out_Quantity.quantity></Point><Point><position>815</position><in_Quantity.quantity>0.000000</in_Quantity.quantity><out_Quantity.quantity>436.064592</out_Quantity.quantity></Point><Point><position>816</position><in_Quantity.quantity>0.000000</in_Quantity.quantity><out_Quantity.quantity>63.244939</out_Quantity.quantity></Point><Point><position>817</position><in_Quantity.quantity>0.000000</in_Quantity.quantity><out_Quantity.quantity>877.669820</out_Quantity.quantity></Point><Point><position>818</position><in_Quantity.quantity>0.000000</in_Quantity.quantity><out_Quantity.quantity>661.105171</out_Quantity.quantity></Point><Point><position>819</position><in_Quantity.quantity>0.000000</in_Quantity.quantity><out_Quantity.quantity>89.975606</out_Quantity.quantity></Point><Point><position>820</position><in_Quantity.quantity>0.000000</in_Quantity.quantity><out_Quantity.quantity>854.766535</out_Quantity.quantity></Point><Point><position>821</position><in_Quantity.quantity>0.000000</in_Quantity.quantity><out_Quantity.quantity>987.058313</out_Quantity.quantity></Point><Point><position>822</position><in_Quantity.quantity>0.000000</in_Quantity.quantity><out_Quantity.quantity>962.888622</out_Quantity.quantity></Point><Point><position>823</position><in_Quantity.quantity>0.000000</in_Quantity.quantity><out_Quantity.quantity>275.606988</out_Quantity.quantity></Point><Point><position>824</position><in_Quantity.quantity>0.000000</in_Quantity.quantity><out_Quantity.quantity>923.157993</out_Quantity.quantity></Point><Point><position>825</position><in_Quantity.quantity>0.000000</in_Quantity.quantity><out_Quantity.quantity>35.066915</out_Quantity.quantity></Point><Point><position>826</position><in_Quantity.quantity>0.000000</in_Quantity.quantity><out_Quantity.quantity>170.054047</out_Quantity.quantity></Point><Point><position>827</position><in_Quantity.quantity>0.000000</in_Quantity.quantity><out_Quantity.quantity>371.843186</out_Quantity.quantity></Point><Point><position>828</position><in_Quantity.quantity>0.000000</in_Quantity.quantity><out_Quantity.quantity>80.495686</out_Quantity.quantity></Point><Point><position>829</position><in_Quantity.quantity>0.000000</in_Quantity.quantity><out_Quantity.quantity>52.169846</out_Quantity.quantity></Point><Point><position>830</position><in_Quantity.quantity>0.000000</in_Quantity.quantity><out_Quantity.quantity>426.696564</out_Quantity.quantity></Point><Point><position>831</position><in_Quantity.quantity>0.000000</in_Quantity.quantity><out_Quantity.quantity>557.740943</out_Quantity.quantity></Point><Point><position>832</position><in_Quantity.quantity>0.000000</in_Quantity.quantity><out_Quantity.quantity>100.024886</out_Quantity.quantity></Point><Point><position>833</position><in_Quantity.quantity>0.000000</in_Quantity.quantity><out_Quantity.quantity>680.566348</out_Quantity.quantity></Point><Point><position>834</position><in_Quantity.quantity>0.000000</in_Quantity.quantity><out_Quantity.quantity>320.100792</out_Quantity.quantity></Point><Point><position>835</position><in_Quantity.quantity>0.000000</in_Quantity.quantity><out_Quantity.quantity>486.468041</out_Quantity.quantity></Point><Point><position>836</position><in_Quantity.quantity>0.000000</in_Quantity.quantity><out_Quantity.quantity>668.938344</out_Quantity.quantity></Point><Point><position>837</position><in_Quantity.quantity>0.000000</in_Quantity.quantity><out_Quantity.quantity>554.339819</out_Quantity.quantity></Point><Point><position>838</position><in_Quantity.quantity>0.000000</in_Quantity.quantity><out_Quantity.quantity>189.162158</out_Quantity.quantity></Point><Point><position>839</position><in_Quantity.quantity>0.000000</in_Quantity.quantity><out_Quantity.quantity>250.178000</out_Quantity.quantity></Point><Point><position>840</position><in_Quantity.quantity>0.000000</in_Quantity.quantity><out_Quantity.quantity>496.246599</out_Quantity.quantity></Point><Point><position>841</position><in_Quantity.quantity>0.000000</in_Quantity.quantity><out_Quantity.quantity>397.722464</out_Quantity.quantity></Point><Point><position>842</position><in_Quantity.quantity>0.000000</in_Quantity.quantity><out_Quantity.quantity>839.639493</out_Quantity.quantity></Point><Point><position>843</position><in_Quantity.quantity>0.000000</in_Quantity.quantity><out_Quantity.quantity>835.818549</out_Quantity.quantity></Point><Point><position>844</position><in_Quantity.quantity>0.000000</in_Quantity.quantity><out_Quantity.quantity>896.168799</out_Quantity.quantity></Point><Point><position>845</position><in_Quantity.quantity>0.000000</in_Quantity.quantity><out_Quantity.quantity>160.261542</out_Quantity.quantity></Point><Point><position>846</position><in_Quantity.quantity>0.000000</in_Quantity.quantity><out_Quantity.quantity>25.939249</out_Quantity.quantity></Point><Point><position>847</position><in_Quantity.quantity>0.000000</in_Quantity.quantity><out_Quantity.quantity>835.084129</out_Quantity.quantity></Point><Point><position>848</position><in_Quantity.quantity>0.000000</in_Quantity.quantity><out_Quantity.quantity>182.630137</out_Quantity.quantity></Point><Point><position>849</position><in_Quantity.quantity>0.000000</in_Quantity.quantity><out_Quantity.quantity>332.457162</out_Quantity.quantity></Point><Point><position>850</position><in_Quantity.quantity>0.000000</in_Quantity.quantity><out_Quantity.quantity>377.462954</out_Quantity.quantity></Point><Point><position>851</position><in_Quantity.quantity>0.000000</in_Quantity.quantity><out_Quantity.quantity>428.124503</out_Quantity.quantity></Point><Point><position>852</position><in_Quantity.quantity>0.000000</in_Quantity.quantity><out_Quantity.quantity>565.632736</out_Quantity.quantity></Point><Point><position>853</position><in_Quantity.quantity>0.000000</in_Quantity.quantity><out_Quantity.quantity>513.337882</out_Quantity.quantity></Point><Point><position>854</position><in_Quantity.quantity>0.000000</in_Quantity.quantity><out_Quantity.quantity>165.957440</out_Quantity.quantity></Point><Point><position>855</position><in_Quantity.quantity>0.000000</in_Quantity.quantity><out_Quantity.quantity>447.524000</out_Quantity.quantity></Point><Point><position>856</position><in_Quantity.quantity>0.000000</in_Quantity.quantity><out_Quantity.quantity>653.215128</out_Quantity.quantity></Point><Point><position>857</position><in_Quantity.quantity>0.000000</in_Quantity.quantity><out_Quantity.quantity>852.819948</out_Quantity.quantity></Point><Point><position>858</position><in_Quantity.quantity>0.000000</in_Quantity.quantity><out_Quantity.quantity>367.080330</out_Quantity.quantity></Point><Point><position>859</position><in_Quantity.quantity>0.000000</in_Quantity.quantity><out_Quantity.quantity>287.178546</out_Quantity.quantity></Point><Point><position>860</position><in_Quantity.quantity>0.000000</in_Quantity.quantity><out_Quantity.quantity>746.464241</out_Quantity.quantity></Point><Point><position>861</position><in_Quantity.quantity>0.000000</in_Quantity.quantity><out_Quantity.quantity>468.833406</out_Quantity.quantity></Point><Point><position>862</position><in_Quantity.quantity>0.000000</in_Quantity.quantity><out_Quantity.quantity>503.945472</out_Quantity.quantity></Point><Point><position>863</position><in_Quantity.quantity>0.000000</in_Quantity.quantity><out_Quantity.quantity>855.609511</out_Quantity.quantity></Point><Point><position>864</position><in_Quantity.quantity>0.000000</in_Quantity.quantity><out_Quantity.quantity>820.458011</out_Quantity.quantity></Point><Point><position>865</position><in_Quantity.quantity>0.000000</in_Quantity.quantity><out_Quantity.quantity>682.681894</out_Quantity.quantity></Point><Point><position>866</position><in_Quantity.quantity>0.000000</in_Quantity.quantity><out_Quantity.quantity>836.465408</out_Quantity.quantity></Point><Point><position>867</position><in_Quantity.quantity>0.000000</in_Quantity.quantity><out_Quantity.quantity>747.056260</out_Quantity.quantity></Point><Point><position>868</position><in_Quantity.quantity>0.000000</in_Quantity.quantity><out_Quantity.quantity>455.277215</out_Quantity.quantity></Point><Point><position>869</position><in_Quantity.quantity>0.000000</in_Quantity.quantity><out_Quantity.quantity>974.103883</out_Quantity.quantity></Point><Point><position>870</position><in_Quantity.quantity>0.000000</in_Quantity.quantity><out_Quantity.quantity>936.637178</out_Quantity.quantity></Point><Point><position>871</position><in_Quantity.quantity>0.000000</in_Quantity.quantity><out_Quantity.quantity>973.180771</out_Quantity.quantity></Point><Point><position>872</position><in_Quantity.quantity>0.000000</in_Quantity.quantity><out_Quantity.quantity>696.055417</out_Quantity.quantity></Point><Point><position>873</position><in_Quantity.quantity>0.000000</in_Quantity.quantity><out_Quantity.quantity>124.860566</out_Quantity.quantity></Point><Point><position>874</position><in_Quantity.quantity>0.000000</in_Quantity.quantity><out_Quantity.quantity>517.051542</out_Quantity.quantity></Point><Point><position>875</position><in_Quantity.quantity>0.000000</in_Quantity.quantity><out_Quantity.quantity>501.607912</out_Quantity.quantity></Point><Point><position>876</position><in_Quantity.quantity>0.000000</in_Quantity.quantity><out_Quantity.quantity>375.843072</out_Quantity.quantity></Point><Point><position>877</position><in_Quantity.quantity>0.000000</in_Quantity.quantity><out_Quantity.quantity>133.618926</out_Quantity.quantity></Point><Point><position>878</position><in_Quantity.quantity>0.000000</in_Quantity.quantity><out_Quantity.quantity>245.432562</out_Quantity.quantity></Point><Point><position>879</position><in_Quantity.quantity>0.000000</in_Quantity.quantity><out_Quantity.quantity>502.084124</out_Quantity.quantity></Point><Point><position>880</position><in_Quantity.quantity>0.000000</in_Quantity.quantity><out_Quantity.quantity>685.861342</out_Quantity.quantity></Point><Point><position>881</position><in_Quantity.quantity>0.000000</in_Quantity.quantity><out_Quantity.quantity>674.891174</out_Quantity.quantity></Point><Point><position>882</position><in_Quantity.quantity>0.000000</in_Quantity.quantity><out_Quantity.quantity>111.317008</out_Quantity.quantity></Point><Point><position>883</position><in_Quantity.quantity>0.000000</in_Quantity.quantity><out_Quantity.quantity>410.275607</out_Quantity.quantity></Point><Point><position>884</position><in_Quantity.quantity>0.000000</in_Quantity.quantity><out_Quantity.quantity>240.783912</out_Quantity.quantity></Point><Point><position>885</position><in_Quantity.quantity>0.000000</in_Quantity.quantity><out_Quantity.quantity>532.614084</out_Quantity.quantity></Point><Point><position>886</position><in_Quantity.quantity>0.000000</in_Quantity.quantity><out_Quantity.quantity>700.256481</out_Quantity.quantity></Point><Point><position>887</position><in_Quantity.quantity>0.000000</in_Quantity.quantity><out_Quantity.quantity>31.159887</out_Quantity.quantity></Point><Point><position>888</position><in_Quantity.quantity>0.000000</in_Quantity.quantity><out_Quantity.quantity>145.964775</out_Quantity.quantity></Point><Point><position>889</position><in_Quantity.quantity>0.000000</in_Quantity.quantity><out_Quantity.quantity>231.377095</out_Quantity.quantity></Point><Point><position>890</position><in_Quantity.quantity>0.000000</in_Quantity.quantity><out_Quantity.quantity>584.090192</out_Quantity.quantity></Point><Point><position>891</position><in_Quantity.quantity>0.000000</in_Quantity.quantity><out_Quantity.quantity>526.428765</out_Quantity.quantity></Point><Point><position>892</position><in_Quantity.quantity>0.000000</in_Quantity.quantity><out_Quantity.quantity>981.145255</out_Quantity.quantity></Point><Point><position>893</position><in_Quantity.quantity>0.000000</in_Quantity.quantity><out_Quantity.quantity>801.155544</out_Quantity.quantity></Point><Point><position>894</position><in_Quantity.quantity>0.000000</in_Quantity.quantity><out_Quantity.quantity>831.104922</out_Quantity.quantity></Point><Point><position>895</position><in_Quantity.quantity>0.000000</in_Quantity.quantity><out_Quantity.quantity>348.162387</out_Quantity.quantity></Point><Point><position>896</position><in_Quantity.quantity>0.000000</in_Quantity.quantity><out_Quantity.quantity>570.502128</out_Quantity.quantity></Point><Point><position>897</position><in_Quantity.quantity>0.000000</in_Quantity.quantity><out_Quantity.quantity>943.692286</out_Quantity.quantity></Point><Point><position>898</position><in_Quantity.quantity>0.000000</in_Quantity.quantity><out_Quantity.quantity>221.893756</out_Quantity.quantity></Point><Point><position>899</position><in_Quantity.quantity>0.000000</in_Quantity.quantity><out_Quantity.quantity>498.143291</out_Quantity.quantity></Point><Point><position>900</position><in_Quantity.quantity>0.000000</in_Quantity.quantity><out_Quantity.quantity>328.491347</out_Quantity.quantity></Point><Point><position>901</position><in_Quantity.quantity>0.000000</in_Quantity.quantity><out_Quantity.quantity>949.704453</out_Quantity.quantity></Point><Point><position>902</position><in_Quantity.quantity>0.000000</in_Quantity.quantity><out_Quantity.quantity>386.605568</out_Quantity.quantity></Point><Point><position>903</position><in_Quantity.quantity>0.000000</in_Quantity.quantity><out_Quantity.quantity>208.252480</out_Quantity.quantity></Point><Point><position>904</position><in_Quantity.quantity>0.000000</in_Quantity.quantity><out_Quantity.quantity>270.134402</out_Quantity.quantity></Point><Point><position>905</position><in_Quantity.quantity>0.000000</in_Quantity.quantity><out_Quantity.quantity>54.933413</out_Quantity.quantity></Point><Point><position>906</position><in_Quantity.quantity>0.000000</in_Quantity.quantity><out_Quantity.quantity>541.541409</out_Quantity.quantity></Point><Point><position>907</position><in_Quantity.quantity>0.000000</in_Quantity.quantity><out_Quantity.quantity>728.672341</out_Quantity.quantity></Point><Point><position>908</position><in_Quantity.quantity>0.000000</in_Quantity.quantity><out_Quantity.quantity>631.984133</out_Quantity.quantity></Point><Point><position>909</position><in_Quantity.quantity>0.000000</in_Quantity.quantity><out_Quantity.quantity>781.873470</out_Quantity.quantity></Point><Point><position>910</position><in_Quantity.quantity>0.000000</in_Quantity.quantity><out_Quantity.quantity>824.617810</out_Quantity.quantity></Point><Point><position>911</position><in_Quantity.quantity>0.000000</in_Quantity.quantity><out_Quantity.quantity>441.561620</out_Quantity.quantity></Point><Point><position>912</position><in_Quantity.quantity>0.000000</in_Quantity.quantity><out_Quantity.quantity>696.640797</out_Quantity.quantity></Point><Point><position>913</position><in_Quantity.quantity>0.000000</in_Quantity.quantity><out_Quantity.quantity>849.383444</out_Quantity.quantity></Point><Point><position>914</position><in_Quantity.quantity>0.000000</in_Quantity.quantity><out_Quantity.quantity>897.245490</out_Quantity.quantity></Point><Point><position>915</position><in_Quantity.quantity>0.000000</in_Quantity.quantity><out_Quantity.quantity>340.210893</out_Quantity.quantity></Point><Point><position>916</position><in_Quantity.quantity>0.000000</in_Quantity.quantity><out_Quantity.quantity>222.763687</out_Quantity.quantity></Point><Point><position>917</position><in_Quantity.quantity>0.000000</in_Quantity.quantity><out_Quantity.quantity>303.660007</out_Quantity.quantity></Point><Point><position>918</position><in_Quantity.quantity>0.000000</in_Quantity.quantity><out_Quantity.quantity>599.925867</out_Quantity.quantity></Point><Point><position>919</position><in_Quantity.quantity>0.000000</in_Quantity.quantity><out_Quantity.quantity>170.504093</out_Quantity.quantity></Point><Point><position>920</position><in_Quantity.quantity>0.000000</in_Quantity.quantity><out_Quantity.quantity>233.103599</out_Quantity.quantity></Point><Point><position>921</position><in_Quantity.quantity>0.000000</in_Quantity.quantity><out_Quantity.quantity>896.544174</out_Quantity.quantity></Point><Point><position>922</position><in_Quantity.quantity>0.000000</in_Quantity.quantity><out_Quantity.quantity>58.205822</out_Quantity.quantity></Point><Point><position>923</position><in_Quantity.quantity>0.000000</in_Quantity.quantity><out_Quantity.quantity>46.318364</out_Quantity.quantity></Point><Point><position>924</position><in_Quantity.quantity>0.000000</in_Quantity.quantity><out_Quantity.quantity>551.595562</out_Quantity.quantity></Point><Point><position>925</position><in_Quantity.quantity>0.000000</in_Quantity.quantity><out_Quantity.quantity>634.054127</out_Quantity.quantity></Point><Point><position>926</position><in_Quantity.quantity>0.000000</in_Quantity.quantity><out_Quantity.quantity>909.033871</out_Quantity.quantity></Point><Point><position>927</position><in_Quantity.quantity>0.000000</in_Quantity.quantity><out_Quantity.quantity>441.497325</out_Quantity.quantity></Point><Point><position>928</position><in_Quantity.quantity>0.000000</in_Quantity.quantity><out_Quantity.quantity>374.493174</out_Quantity.quantity></Point><Point><position>929</position><in_Quantity.quantity>0.000000</in_Quantity.quantity><out_Quantity.quantity>898.246051</out_Quantity.quantity></Point><Point><position>930</position><in_Quantity.quantity>0.000000</in_Quantity.quantity><out_Quantity.quantity>451.998654</out_Quantity.quantity></Point><Point><position>931</position><in_Quantity.quantity>0.000000</in_Quantity.quantity><out_Quantity.quantity>413.053207</out_Quantity.quantity></Point><Point><position>932</position><in_Quantity.quantity>0.000000</in_Quantity.quantity><out_Quantity.quantity>924.276718</out_Quantity.quantity></Point><Point><position>933</position><in_Quantity.quantity>0.000000</in_Quantity.quantity><out_Quantity.quantity>966.343423</out_Quantity.quantity></Point><Point><position>934</position><in_Quantity.quantity>0.000000</in_Quantity.quantity><out_Quantity.quantity>268.349156</out_Quantity.quantity></Point><Point><position>935</position><in_Quantity.quantity>0.000000</in_Quantity.quantity><out_Quantity.quantity>921.921911</out_Quantity.quantity></Point><Point><position>936</position><in_Quantity.quantity>0.000000</in_Quantity.quantity><out_Quantity.quantity>746.470935</out_Quantity.quantity></Point><Point><position>937</position><in_Quantity.quantity>0.000000</in_Quantity.quantity><out_Quantity.quantity>959.168390</out_Quantity.quantity></Point><Point><position>938</position><in_Quantity.quantity>0.000000</in_Quantity.quantity><out_Quantity.quantity>333.021629</out_Quantity.quantity></Point><Point><position>939</position><in_Quantity.quantity>0.000000</in_Quantity.quantity><out_Quantity.quantity>486.955573</out_Quantity.quantity></Point><Point><position>940</position><in_Quantity.quantity>0.000000</in_Quantity.quantity><out_Quantity.quantity>731.896953</out_Quantity.quantity></Point><Point><position>941</position><in_Quantity.quantity>0.000000</in_Quantity.quantity><out_Quantity.quantity>87.925587</out_Quantity.quantity></Point><Point><position>942</position><in_Quantity.quantity>0.000000</in_Quantity.quantity><out_Quantity.quantity>745.366402</out_Quantity.quantity></Point><Point><position>943</position><in_Quantity.quantity>0.000000</in_Quantity.quantity><out_Quantity.quantity>40.378111</out_Quantity.quantity></Point><Point><position>944</position><in_Quantity.quantity>0.000000</in_Quantity.quantity><out_Quantity.quantity>636.250958</out_Quantity.quantity></Point><Point><position>945</position><in_Quantity.quantity>0.000000</in_Quantity.quantity><out_Quantity.quantity>720.017700</out_Quantity.quantity></Point><Point><position>946</position><in_Quantity.quantity>0.000000</in_Quantity.quantity><out_Quantity.quantity>331.957674</out_Quantity.quantity></Point><Point><position>947</position><in_Quantity.quantity>0.000000</in_Quantity.quantity><out_Quantity.quantity>896.127271</out_Quantity.quantity></Point><Point><position>948</position><in_Quantity.quantity>0.000000</in_Quantity.quantity><out_Quantity.quantity>160.462910</out_Quantity.quantity></Point><Point><position>949</position><in_Quantity.quantity>0.000000</in_Quantity.quantity><out_Quantity.quantity>702.258552</out_Quantity.quantity></Point><Point><position>950</position><in_Quantity.quantity>0.000000</in_Quantity.quantity><out_Quantity.quantity>197.130374</out_Quantity.quantity></Point><Point><position>951</position><in_Quantity.quantity>0.000000</in_Quantity.quantity><out_Quantity.quantity>49.760895</out_Quantity.quantity></Point><Point><position>952</position><in_Quantity.quantity>0.000000</in_Quantity.quantity><out_Quantity.quantity>252.537105</out_Quantity.quantity></Point><Point><position>953</position><in_Quantity.quantity>0.000000</in_Quantity.quantity><out_Quantity.quantity>329.077108</out_Quantity.quantity></Point><Point><position>954</position><in_Quantity.quantity>0.000000</in_Quantity.quantity><out_Quantity.quantity>552.513485</out_Quantity.quantity></Point><Point><position>955</position><in_Quantity.quantity>0.000000</in_Quantity.quantity><out_Quantity.quantity>772.828738</out_Quantity.quantity></Point><Point><position>956</position><in_Quantity.quantity>0.000000</in_Quantity.quantity><out_Quantity.quantity>408.232244</out_Quantity.quantity></Point><Point><position>957</position><in_Quantity.quantity>0.000000</in_Quantity.quantity><out_Quantity.quantity>139.536873</out_Quantity.quantity></Point><Point><position>958</position><in_Quantity.quantity>0.000000</in_Quantity.quantity><out_Quantity.quantity>615.603034</out_Quantity.quantity></Point><Point><position>959</position><in_Quantity.quantity>0.000000</in_Quantity.quantity><out_Quantity.quantity>553.316841</out_Quantity.quantity></Point><Point><position>960</position><in_Quantity.quantity>0.000000</in_Quantity.quantity><out_Quantity.quantity>98.734939</out_Quantity.quantity></Point><Point><position>961</position><in_Quantity.quantity>0.000000</in_Quantity.quantity><out_Quantity.quantity>655.979121</out_Quantity.quantity></Point><Point><position>962</position><in_Quantity.quantity>0.000000</in_Quantity.quantity><out_Quantity.quantity>824.217075</out_Quantity.quantity></Point><Point><position>963</position><in_Quantity.quantity>0.000000</in_Quantity.quantity><out_Quantity.quantity>72.783930</out_Quantity.quantity></Point><Point><position>964</position><in_Quantity.quantity>0.000000</in_Quantity.quantity><out_Quantity.quantity>651.137518</out_Quantity.quantity></Point><Point><position>965</position><in_Quantity.quantity>0.000000</in_Quantity.quantity><out_Quantity.quantity>843.674796</out_Quantity.quantity></Point><Point><position>966</position><in_Quantity.quantity>0.000000</in_Quantity.quantity><out_Quantity.quantity>277.746088</out_Quantity.quantity></Point><Point><position>967</position><in_Quantity.quantity>0.000000</in_Quantity.quantity><out_Quantity.quantity>966.453956</out_Quantity.quantity></Point><Point><position>968</position><in_Quantity.quantity>0.000000</in_Quantity.quantity><out_Quantity.quantity>520.857022</out_Quantity.quantity></Point><Point><position>969</position><in_Quantity.quantity>0.000000</in_Quantity.quantity><out_Quantity.quantity>869.287413</out_Quantity.quantity></Point><Point><position>970</position><in_Quantity.quantity>0.000000</in_Quantity.quantity><out_Quantity.quantity>526.280473</out_Quantity.quantity></Point><Point><position>971</position><in_Quantity.quantity>0.000000</in_Quantity.quantity><out_Quantity.quantity>684.943118</out_Quantity.quantity></Point><Point><position>972</position><in_Quantity.quantity>0.000000</in_Quantity.quantity><out_Quantity.quantity>762.108673</out_Quantity.quantity></Point><Point><position>973</position><in_Quantity.quantity>0.000000</in_Quantity.quantity><out_Quantity.quantity>824.995544</out_Quantity.quantity></Point><Point><position>974</position><in_Quantity.quantity>0.000000</in_Quantity.quantity><out_Quantity.quantity>205.184644</out_Quantity.quantity></Point><Point><position>975</position><in_Quantity.quantity>0.000000</in_Quantity.quantity><out_Quantity.quantity>340.450082</out_Quantity.quantity></Point><Point><position>976</position><in_Quantity.quantity>0.000000</in_Quantity.quantity><out_Quantity.quantity>793.397013</out_Quantity.quantity></Point><Point><position>977</position><in_Quantity.quantity>0.000000</in_Quantity.quantity><out_Quantity.quantity>888.747678</out_Quantity.quantity></Point><Point><position>978</position><in_Quantity.quantity>0.000000</in_Quantity.quantity><out_Quantity.quantity>517.693258</out_Quantity.quantity></Point><Point><position>979</position><in_Quantity.quantity>0.000000</in_Quantity.quantity><out_Quantity.quantity>783.214047</out_Quantity.quantity></Point><Point><position>980</position><in_Quantity.quantity>0.000000</in_Quantity.quantity><out_Quantity.quantity>404.714406</out_Quantity.quantity></Point><Point><position>981</position><in_Quantity.quantity>0.000000</in_Quantity.quantity><out_Quantity.quantity>899.480645</out_Quantity.quantity></Point><Point><position>982</position><in_Quantity.quantity>0.000000</in_Quantity.quantity><out_Quantity.quantity>777.653757</out_Quantity.quantity></Point><Point><position>983</position><in_Quantity.quantity>0.000000</in_Quantity.quantity><out_Quantity.quantity>132.897948</out_Quantity.quantity></Point><Point><position>984</position><in_Quantity.quantity>0.000000</in_Quantity.quantity><out_Quantity.quantity>592.897277</out_Quantity.quantity></Point><Point><position>985</position><in_Quantity.quantity>0.000000</in_Quantity.quantity><out_Quantity.quantity>45.726315</out_Quantity.quantity></Point><Point><position>986</position><in_Quantity.quantity>0.000000</in_Quantity.quantity><out_Quantity.quantity>713.464468</out_Quantity.quantity></Point><Point><position>987</position><in_Quantity.quantity>0.000000</in_Quantity.quantity><out_Quantity.quantity>579.457571</out_Quantity.quantity></Point><Point><position>988</position><in_Quantity.quantity>0.000000</in_Quantity.quantity><out_Quantity.quantity>845.922048</out_Quantity.quantity></Point><Point><position>989</position><in_Quantity.quantity>0.000000</in_Quantity.quantity><out_Quantity.quantity>555.775040</out_Quantity.quantity></Point><Point><position>990</position><in_Quantity.quantity>0.000000</in_Quantity.quantity><out_Quantity.quantity>355.069396</out_Quantity.quantity></Point><Point><position>991</position><in_Quantity.quantity>0.000000</in_Quantity.quantity><out_Quantity.quantity>949.581427</out_Quantity.quantity></Point><Point><position>992</position><in_Quantity.quantity>0.000000</in_Quantity.quantity><out_Quantity.quantity>747.419151</out_Quantity.quantity></Point><Point><position>993</position><in_Quantity.quantity>0.000000</in_Quantity.quantity><out_Quantity.quantity>952.967058</out_Quantity.quantity></Point><Point><position>994</position><in_Quantity.quantity>0.000000</in_Quantity.quantity><out_Quantity.quantity>218.782422</out_Quantity.quantity></Point><Point><position>995</position><in_Quantity.quantity>0.000000</in_Quantity.quantity><out_Quantity.quantity>500.696973</out_Quantity.quantity></Point><Point><position>996</position><in_Quantity.quantity>0.000000</in_Quantity.quantity><out_Quantity.quantity>677.499567</out_Quantity.quantity></Point><Point><position>997</position><in_Quantity.quantity>0.000000</in_Quantity.quantity><out_Quantity.quantity>354.870379</out_Quantity.quantity></Point><Point><position>998</position><in_Quantity.quantity>0.000000</in_Quantity.quantity><out_Quantity.quantity>126.595691</out_Quantity.quantity></Point><Point><position>999</position><in_Quantity.quantity>0.000000</in_Quantity.quantity><out_Quantity.quantity>832.347883</out_Quantity.quantity></Point><Point><position>1000</position><in_Quantity.quantity>0.000000</in_Quantity.quantity><out_Quantity.quantity>256.571772</out_Quantity.quantity></Point><Point><position>1001</position><in_Quantity.quantity>0.000000</in_Quantity.quantity><out_Quantity.quantity>875.989309</out_Quantity.quantity></Point><Point><position>1002</position><in_Quantity.quantity>0.000000</in_Quantity.quantity><out_Quantity.quantity>153.160564</out_Quantity.quantity></Point><Point><position>1003</position><in_Quantity.quantity>0.000000</in_Quantity.quantity><out_Quantity.quantity>309.017472</out_Quantity.quantity></Point><Point><position>1004</position><in_Quantity.quantity>0.000000</in_Quantity.quantity><out_Quantity.quantity>237.028343</out_Quantity.quantity></Point><Point><position>1005</position><in_Quantity.quantity>0.000000</in_Quantity.quantity><out_Quantity.quantity>359.015887</out_Quantity.quantity></Point><Point><position>1006</position><in_Quantity.quantity>0.000000</in_Quantity.quantity><out_Quantity.quantity>682.232503</out_Quantity.quantity></Point><Point><position>1007</position><in_Quantity.quantity>0.000000</in_Quantity.quantity><out_Quantity.quantity>461.464023</out_Quantity.quantity></Point><Point><position>1008</position><in_Quantity.quantity>0.000000</in_Quantity.quantity><out_Quantity.quantity>319.632096</out_Quantity.quantity></Point><Point><position>1009</position><in_Quantity.quantity>0.000000</in_Quantity.quantity><out_Quantity.quantity>251.514949</out_Quantity.quantity></Point><Point><position>1010</position><in_Quantity.quantity>0.000000</in_Quantity.quantity><out_Quantity.quantity>578.035011</out_Quantity.quantity></Point><Point><position>1011</position><in_Quantity.quantity>0.000000</in_Quantity.quantity><out_Quantity.quantity>14.029901</out_Quantity.quantity></Point><Point><position>1012</position><in_Quantity.quantity>0.000000</in_Quantity.quantity><out_Quantity.quantity>153.612368</out_Quantity.quantity></Point><Point><position>1013</position><in_Quantity.quantity>0.000000</in_Quantity.quantity><out_Quantity.quantity>264.326165</out_Quantity.quantity></Point><Point><position>1014</position><in_Quantity.quantity>0.000000</in_Quantity.quantity><out_Quantity.quantity>78.579843</out_Quantity.quantity></Point><Point><position>1015</position><in_Quantity.quantity>0.000000</in_Quantity.quantity><out_Quantity.quantity>86.989598</out_Quantity.quantity></Point><Point><position>1016</position><in_Quantity.quantity>0.000000</in_Quantity.quantity><out_Quantity.quantity>286.179451</out_Quantity.quantity></Point><Point><position>1017</position><in_Quantity.quantity>0.000000</in_Quantity.quantity><out_Quantity.quantity>610.338897</out_Quantity.quantity></Point><Point><position>1018</position><in_Quantity.quantity>0.000000</in_Quantity.quantity><out_Quantity.quantity>510.655500</out_Quantity.quantity></Point><Point><position>1019</position><in_Quantity.quantity>0.000000</in_Quantity.quantity><out_Quantity.quantity>851.101401</out_Quantity.quantity></Point><Point><position>1020</position><in_Quantity.quantity>0.000000</in_Quantity.quantity><out_Quantity.quantity>32.773517</out_Quantity.quantity></Point><Point><position>1021</position><in_Quantity.quantity>0.000000</in_Quantity.quantity><out_Quantity.quantity>969.028224</out_Quantity.quantity></Point><Point><position>1022</position><in_Quantity.quantity>0.000000</in_Quantity.quantity><out_Quantity.quantity>210.531804</out_Quantity.quantity></Point><Point><position>1023</position><in_Quantity.quantity>0.000000</in_Quantity.quantity><out_Quantity.quantity>320.395270</out_Quantity.quantity></Point><Point><position>1024</position><in_Quantity.quantity>0.000000</in_Quantity.quantity><out_Quantity.quantity>841.285980</out_Quantity.quantity></Point><Point><position>1025</position><in_Quantity.quantity>0.000000</in_Quantity.quantity><out_Quantity.quantity>384.203490</out_Quantity.quantity></Point><Point><position>1026</position><in_Quantity.quantity>0.000000</in_Quantity.quantity><out_Quantity.quantity>2.946664</out_Quantity.quantity></Point><Point><position>1027</position><in_Quantity.quantity>0.000000</in_Quantity.quantity><out_Quantity.quantity>416.079474</out_Quantity.quantity></Point><Point><position>1028</position><in_Quantity.quantity>0.000000</in_Quantity.quantity><out_Quantity.quantity>77.776271</out_Quantity.quantity></Point><Point><position>1029</position><in_Quantity.quantity>0.000000</in_Quantity.quantity><out_Quantity.quantity>742.970982</out_Quantity.quantity></Point><Point><position>1030</position><in_Quantity.quantity>0.000000</in_Quantity.quantity><out_Quantity.quantity>555.147268</out_Quantity.quantity></Point><Point><position>1031</position><in_Quantity.quantity>0.000000</in_Quantity.quantity><out_Quantity.quantity>594.841761</out_Quantity.quantity></Point><Point><position>1032</position><in_Quantity.quantity>0.000000</in_Quantity.quantity><out_Quantity.quantity>184.404129</out_Quantity.quantity></Point><Point><position>1033</position><in_Quantity.quantity>0.000000</in_Quantity.quantity><out_Quantity.quantity>810.825909</out_Quantity.quantity></Point><Point><position>1034</position><in_Quantity.quantity>0.000000</in_Quantity.quantity><out_Quantity.quantity>541.473983</out_Quantity.quantity></Point><Point><position>1035</position><in_Quantity.quantity>0.000000</in_Quantity.quantity><out_Quantity.quantity>969.428236</out_Quantity.quantity></Point><Point><position>1036</position><in_Quantity.quantity>0.000000</in_Quantity.quantity><out_Quantity.quantity>455.853838</out_Quantity.quantity></Point><Point><position>1037</position><in_Quantity.quantity>0.000000</in_Quantity.quantity><out_Quantity.quantity>269.068379</out_Quantity.quantity></Point><Point><position>1038</position><in_Quantity.quantity>0.000000</in_Quantity.quantity><out_Quantity.quantity>956.680898</out_Quantity.quantity></Point><Point><position>1039</position><in_Quantity.quantity>0.000000</in_Quantity.quantity><out_Quantity.quantity>650.481576</out_Quantity.quantity></Point><Point><position>1040</position><in_Quantity.quantity>0.000000</in_Quantity.quantity><out_Quantity.quantity>297.115728</out_Quantity.quantity></Point><Point><position>1041</position><in_Quantity.quantity>0.000000</in_Quantity.quantity><out_Quantity.quantity>884.462348</out_Quantity.quantity></Point><Point><position>1042</position><in_Quantity.quantity>0.000000</in_Quantity.quantity><out_Quantity.quantity>890.220641</out_Quantity.quantity></Point><Point><position>1043</position><in_Quantity.quantity>0.000000</in_Quantity.quantity><out_Quantity.quantity>651.107269</out_Quantity.quantity></Point><Point><position>1044</position><in_Quantity.quantity>0.000000</in_Quantity.quantity><out_Quantity.quantity>499.280741</out_Quantity.quantity></Point><Point><position>1045</position><in_Quantity.quantity>0.000000</in_Quantity.quantity><out_Quantity.quantity>829.438945</out_Quantity.quantity></Point><Point><position>1046</position><in_Quantity.quantity>0.000000</in_Quantity.quantity><out_Quantity.quantity>978.398448</out_Quantity.quantity></Point><Point><position>1047</position><in_Quantity.quantity>0.000000</in_Quantity.quantity><out_Quantity.quantity>675.413680</out_Quantity.quantity></Point><Point><position>1048</position><in_Quantity.quantity>0.000000</in_Quantity.quantity><out_Quantity.quantity>79.470314</out_Quantity.quantity></Point><Point><position>1049</position><in_Quantity.quantity>0.000000</in_Quantity.quantity><out_Quantity.quantity>773.706339</out_Quantity.quantity></Point><Point><position>1050</position><in_Quantity.quantity>0.000000</in_Quantity.quantity><out_Quantity.quantity>657.603130</out_Quantity.quantity></Point><Point><position>1051</position><in_Quantity.quantity>0.000000</in_Quantity.quantity><out_Quantity.quantity>878.897032</out_Quantity.quantity></Point><Point><position>1052</position><in_Quantity.quantity>0.000000</in_Quantity.quantity><out_Quantity.quantity>568.111696</out_Quantity.quantity></Point><Point><position>1053</position><in_Quantity.quantity>0.000000</in_Quantity.quantity><out_Quantity.quantity>764.651074</out_Quantity.quantity></Point><Point><position>1054</position><in_Quantity.quantity>0.000000</in_Quantity.quantity><out_Quantity.quantity>191.628826</out_Quantity.quantity></Point><Point><position>1055</position><in_Quantity.quantity>0.000000</in_Quantity.quantity><out_Quantity.quantity>980.665624</out_Quantity.quantity></Point><Point><position>1056</position><in_Quantity.quantity>0.000000</in_Quantity.quantity><out_Quantity.quantity>499.973893</out_Quantity.quantity></Point><Point><position>1057</position><in_Quantity.quantity>0.000000</in_Quantity.quantity><out_Quantity.quantity>400.277889</out_Quantity.quantity></Point><Point><position>1058</position><in_Quantity.quantity>0.000000</in_Quantity.quantity><out_Quantity.quantity>956.222370</out_Quantity.quantity></Point><Point><position>1059</position><in_Quantity.quantity>0.000000</in_Quantity.quantity><out_Quantity.quantity>581.277744</out_Quantity.quantity></Point><Point><position>1060</position><in_Quantity.quantity>0.000000</in_Quantity.quantity><out_Quantity.quantity>479.685117</out_Quantity.quantity></Point><Point><position>1061</position><in_Quantity.quantity>0.000000</in_Quantity.quantity><out_Quantity.quantity>581.865803</out_Quantity.quantity></Point><Point><position>1062</position><in_Quantity.quantity>0.000000</in_Quantity.quantity><out_Quantity.quantity>444.449692</out_Quantity.quantity></Point><Point><position>1063</position><in_Quantity.quantity>0.000000</in_Quantity.quantity><out_Quantity.quantity>866.184767</out_Quantity.quantity></Point><Point><position>1064</position><in_Quantity.quantity>0.000000</in_Quantity.quantity><out_Quantity.quantity>28.311415</out_Quantity.quantity></Point><Point><position>1065</position><in_Quantity.quantity>0.000000</in_Quantity.quantity><out_Quantity.quantity>964.816587</out_Quantity.quantity></Point><Point><position>1066</position><in_Quantity.quantity>0.000000</in_Quantity.quantity><out_Quantity.quantity>755.287815</out_Quantity.quantity></Point><Point><position>1067</position><in_Quantity.quantity>0.000000</in_Quantity.quantity><out_Quantity.quantity>882.799145</out_Quantity.quantity></Point><Point><position>1068</position><in_Quantity.quantity>0.000000</in_Quantity.quantity><out_Quantity.quantity>926.208865</out_Quantity.quantity></Point><Point><position>1069</position><in_Quantity.quantity>0.000000</in_Quantity.quantity><out_Quantity.quantity>898.812210</out_Quantity.quantity></Point><Point><position>1070</position><in_Quantity.quantity>0.000000</in_Quantity.quantity><out_Quantity.quantity>362.070958</out_Quantity.quantity></Point><Point><position>1071</position><in_Quantity.quantity>0.000000</in_Quantity.quantity><out_Quantity.quantity>405.961486</out_Quantity.quantity></Point><Point><position>1072</position><in_Quantity.quantity>0.000000</in_Quantity.quantity><out_Quantity.quantity>356.964488</out_Quantity.quantity></Point><Point><position>1073</position><in_Quantity.quantity>0.000000</in_Quantity.quantity><out_Quantity.quantity>545.235282</out_Quantity.quantity></Point><Point><position>1074</position><in_Quantity.quantity>0.000000</in_Quantity.quantity><out_Quantity.quantity>435.274602</out_Quantity.quantity></Point><Point><position>1075</position><in_Quantity.quantity>0.000000</in_Quantity.quantity><out_Quantity.quantity>882.323656</out_Quantity.quantity></Point><Point><position>1076</position><in_Quantity.quantity>0.000000</in_Quantity.quantity><out_Quantity.quantity>109.877005</out_Quantity.quantity></Point><Point><position>1077</position><in_Quantity.quantity>0.000000</in_Quantity.quantity><out_Quantity.quantity>169.401398</out_Quantity.quantity></Point><Point><position>1078</position><in_Quantity.quantity>0.000000</in_Quantity.quantity><out_Quantity.quantity>101.403395</out_Quantity.quantity></Point><Point><position>1079</position><in_Quantity.quantity>0.000000</in_Quantity.quantity><out_Quantity.quantity>441.562498</out_Quantity.quantity></Point><Point><position>1080</position><in_Quantity.quantity>0.000000</in_Quantity.quantity><out_Quantity.quantity>557.293729</out_Quantity.quantity></Point><Point><position>1081</position><in_Quantity.quantity>0.000000</in_Quantity.quantity><out_Quantity.quantity>794.469806</out_Quantity.quantity></Point><Point><position>1082</position><in_Quantity.quantity>0.000000</in_Quantity.quantity><out_Quantity.quantity>81.442472</out_Quantity.quantity></Point><Point><position>1083</position><in_Quantity.quantity>0.000000</in_Quantity.quantity><out_Quantity.quantity>993.575841</out_Quantity.quantity></Point><Point><position>1084</position><in_Quantity.quantity>0.000000</in_Quantity.quantity><out_Quantity.quantity>383.464548</out_Quantity.quantity></Point><Point><position>1085</position><in_Quantity.quantity>0.000000</in_Quantity.quantity><out_Quantity.quantity>414.993713</out_Quantity.quantity></Point><Point><position>1086</position><in_Quantity.quantity>0.000000</in_Quantity.quantity><out_Quantity.quantity>794.898706</out_Quantity.quantity></Point><Point><position>1087</position><in_Quantity.quantity>0.000000</in_Quantity.quantity><out_Quantity.quantity>943.978923</out_Quantity.quantity></Point><Point><position>1088</position><in_Quantity.quantity>0.000000</in_Quantity.quantity><out_Quantity.quantity>878.920330</out_Quantity.quantity></Point><Point><position>1089</position><in_Quantity.quantity>0.000000</in_Quantity.quantity><out_Quantity.quantity>136.486619</out_Quantity.quantity></Point><Point><position>1090</position><in_Quantity.quantity>0.000000</in_Quantity.quantity><out_Quantity.quantity>161.826309</out_Quantity.quantity></Point><Point><position>1091</position><in_Quantity.quantity>0.000000</in_Quantity.quantity><out_Quantity.quantity>139.154046</out_Quantity.quantity></Point><Point><position>1092</position><in_Quantity.quantity>0.000000</in_Quantity.quantity><out_Quantity.quantity>900.398230</out_Quantity.quantity></Point><Point><position>1093</position><in_Quantity.quantity>0.000000</in_Quantity.quantity><out_Quantity.quantity>491.011275</out_Quantity.quantity></Point><Point><position>1094</position><in_Quantity.quantity>0.000000</in_Quantity.quantity><out_Quantity.quantity>534.368664</out_Quantity.quantity></Point><Point><position>1095</position><in_Quantity.quantity>0.000000</in_Quantity.quantity><out_Quantity.quantity>665.686275</out_Quantity.quantity></Point><Point><position>1096</position><in_Quantity.quantity>0.000000</in_Quantity.quantity><out_Quantity.quantity>780.243539</out_Quantity.quantity></Point><Point><position>1097</position><in_Quantity.quantity>0.000000</in_Quantity.quantity><out_Quantity.quantity>359.377621</out_Quantity.quantity></Point><Point><position>1098</position><in_Quantity.quantity>0.000000</in_Quantity.quantity><out_Quantity.quantity>542.254700</out_Quantity.quantity></Point><Point><position>1099</position><in_Quantity.quantity>0.000000</in_Quantity.quantity><out_Quantity.quantity>166.780118</out_Quantity.quantity></Point><Point><position>1100</position><in_Quantity.quantity>0.000000</in_Quantity.quantity><out_Quantity.quantity>42.517773</out_Quantity.quantity></Point><Point><position>1101</position><in_Quantity.quantity>0.000000</in_Quantity.quantity><out_Quantity.quantity>893.845844</out_Quantity.quantity></Point><Point><position>1102</position><in_Quantity.quantity>0.000000</in_Quantity.quantity><out_Quantity.quantity>29.604892</out_Quantity.quantity></Point><Point><position>1103</position><in_Quantity.quantity>0.000000</in_Quantity.quantity><out_Quantity.quantity>292.242160</out_Quantity.quantity></Point><Point><position>1104</position><in_Quantity.quantity>0.000000</in_Quantity.quantity><out_Quantity.quantity>796.221627</out_Quantity.quantity></Point><Point><position>1105</position><in_Quantity.quantity>0.000000</in_Quantity.quantity><out_Quantity.quantity>696.597769</out_Quantity.quantity></Point><Point><position>1106</position><in_Quantity.quantity>0.000000</in_Quantity.quantity><out_Quantity.quantity>592.991290</out_Quantity.quantity></Point><Point><position>1107</position><in_Quantity.quantity>0.000000</in_Quantity.quantity><out_Quantity.quantity>741.649952</out_Quantity.quantity></Point><Point><position>1108</position><in_Quantity.quantity>0.000000</in_Quantity.quantity><out_Quantity.quantity>264.956467</out_Quantity.quantity></Point><Point><position>1109</position><in_Quantity.quantity>0.000000</in_Quantity.quantity><out_Quantity.quantity>306.926501</out_Quantity.quantity></Point><Point><position>1110</position><in_Quantity.quantity>0.000000</in_Quantity.quantity><out_Quantity.quantity>17.989099</out_Quantity.quantity></Point><Point><position>1111</position><in_Quantity.quantity>0.000000</in_Quantity.quantity><out_Quantity.quantity>847.996605</out_Quantity.quantity></Point><Point><position>1112</position><in_Quantity.quantity>0.000000</in_Quantity.quantity><out_Quantity.quantity>185.608625</out_Quantity.quantity></Point><Point><position>1113</position><in_Quantity.quantity>0.000000</in_Quantity.quantity><out_Quantity.quantity>29.401781</out_Quantity.quantity></Point><Point><position>1114</position><in_Quantity.quantity>0.000000</in_Quantity.quantity><out_Quantity.quantity>110.317315</out_Quantity.quantity></Point><Point><position>1115</position><in_Quantity.quantity>0.000000</in_Quantity.quantity><out_Quantity.quantity>947.979221</out_Quantity.quantity></Point><Point><position>1116</position><in_Quantity.quantity>0.000000</in_Quantity.quantity><out_Quantity.quantity>290.261869</out_Quantity.quantity></Point><Point><position>1117</position><in_Quantity.quantity>0.000000</in_Quantity.quantity><out_Quantity.quantity>891.095209</out_Quantity.quantity></Point><Point><position>1118</position><in_Quantity.quantity>0.000000</in_Quantity.quantity><out_Quantity.quantity>391.909143</out_Quantity.quantity></Point><Point><position>1119</position><in_Quantity.quantity>0.000000</in_Quantity.quantity><out_Quantity.quantity>787.027151</out_Quantity.quantity></Point><Point><position>1120</position><in_Quantity.quantity>0.000000</in_Quantity.quantity><out_Quantity.quantity>64.375727</out_Quantity.quantity></Point><Point><position>1121</position><in_Quantity.quantity>0.000000</in_Quantity.quantity><out_Quantity.quantity>22.690088</out_Quantity.quantity></Point><Point><position>1122</position><in_Quantity.quantity>0.000000</in_Quantity.quantity><out_Quantity.quantity>51.829196</out_Quantity.quantity></Point><Point><position>1123</position><in_Quantity.quantity>0.000000</in_Quantity.quantity><out_Quantity.quantity>888.007071</out_Quantity.quantity></Point><Point><position>1124</position><in_Quantity.quantity>0.000000</in_Quantity.quantity><out_Quantity.quantity>742.895456</out_Quantity.quantity></Point><Point><position>1125</position><in_Quantity.quantity>0.000000</in_Quantity.quantity><out_Quantity.quantity>344.581972</out_Quantity.quantity></Point><Point><position>1126</position><in_Quantity.quantity>0.000000</in_Quantity.quantity><out_Quantity.quantity>716.634702</out_Quantity.quantity></Point><Point><position>1127</position><in_Quantity.quantity>0.000000</in_Quantity.quantity><out_Quantity.quantity>990.504774</out_Quantity.quantity></Point><Point><position>1128</position><in_Quantity.quantity>0.000000</in_Quantity.quantity><out_Quantity.quantity>992.192919</out_Quantity.quantity></Point><Point><position>1129</position><in_Quantity.quantity>0.000000</in_Quantity.quantity><out_Quantity.quantity>724.087312</out_Quantity.quantity></Point><Point><position>1130</position><in_Quantity.quantity>0.000000</in_Quantity.quantity><out_Quantity.quantity>56.752610</out_Quantity.quantity></Point><Point><position>1131</position><in_Quantity.quantity>0.000000</in_Quantity.quantity><out_Quantity.quantity>325.143939</out_Quantity.quantity></Point><Point><position>1132</position><in_Quantity.quantity>0.000000</in_Quantity.quantity><out_Quantity.quantity>558.005442</out_Quantity.quantity></Point><Point><position>1133</position><in_Quantity.quantity>0.000000</in_Quantity.quantity><out_Quantity.quantity>0.697538</out_Quantity.quantity></Point><Point><position>1134</position><in_Quantity.quantity>0.000000</in_Quantity.quantity><out_Quantity.quantity>755.039551</out_Quantity.quantity></Point><Point><position>1135</position><in_Quantity.quantity>0.000000</in_Quantity.quantity><out_Quantity.quantity>8.135600</out_Quantity.quantity></Point><Point><position>1136</position><in_Quantity.quantity>0.000000</in_Quantity.quantity><out_Quantity.quantity>925.992619</out_Quantity.quantity></Point><Point><position>1137</position><in_Quantity.quantity>0.000000</in_Quantity.quantity><out_Quantity.quantity>828.197793</out_Quantity.quantity></Point><Point><position>1138</position><in_Quantity.quantity>0.000000</in_Quantity.quantity><out_Quantity.quantity>625.602348</out_Quantity.quantity></Point><Point><position>1139</position><in_Quantity.quantity>0.000000</in_Quantity.quantity><out_Quantity.quantity>300.114295</out_Quantity.quantity></Point><Point><position>1140</position><in_Quantity.quantity>0.000000</in_Quantity.quantity><out_Quantity.quantity>751.928920</out_Quantity.quantity></Point><Point><position>1141</position><in_Quantity.quantity>0.000000</in_Quantity.quantity><out_Quantity.quantity>48.332495</out_Quantity.quantity></Point><Point><position>1142</position><in_Quantity.quantity>0.000000</in_Quantity.quantity><out_Quantity.quantity>453.198417</out_Quantity.quantity></Point><Point><position>1143</position><in_Quantity.quantity>0.000000</in_Quantity.quantity><out_Quantity.quantity>43.593166</out_Quantity.quantity></Point><Point><position>1144</position><in_Quantity.quantity>0.000000</in_Quantity.quantity><out_Quantity.quantity>437.292264</out_Quantity.quantity></Point><Point><position>1145</position><in_Quantity.quantity>0.000000</in_Quantity.quantity><out_Quantity.quantity>609.030767</out_Quantity.quantity></Point><Point><position>1146</position><in_Quantity.quantity>0.000000</in_Quantity.quantity><out_Quantity.quantity>335.475533</out_Quantity.quantity></Point><Point><position>1147</position><in_Quantity.quantity>0.000000</in_Quantity.quantity><out_Quantity.quantity>573.545132</out_Quantity.quantity></Point><Point><position>1148</position><in_Quantity.quantity>0.000000</in_Quantity.quantity><out_Quantity.quantity>796.784961</out_Quantity.quantity></Point><Point><position>1149</position><in_Quantity.quantity>0.000000</in_Quantity.quantity><out_Quantity.quantity>795.327684</out_Quantity.quantity></Point><Point><position>1150</position><in_Quantity.quantity>0.000000</in_Quantity.quantity><out_Quantity.quantity>426.885151</out_Quantity.quantity></Point><Point><position>1151</position><in_Quantity.quantity>0.000000</in_Quantity.quantity><out_Quantity.quantity>259.447906</out_Quantity.quantity></Point><Point><position>1152</position><in_Quantity.quantity>0.000000</in_Quantity.quantity><out_Quantity.quantity>370.706438</out_Quantity.quantity></Point><Point><position>1153</position><in_Quantity.quantity>0.000000</in_Quantity.quantity><out_Quantity.quantity>643.531146</out_Quantity.quantity></Point><Point><position>1154</position><in_Quantity.quantity>0.000000</in_Quantity.quantity><out_Quantity.quantity>631.787000</out_Quantity.quantity></Point><Point><position>1155</position><in_Quantity.quantity>0.000000</in_Quantity.quantity><out_Quantity.quantity>353.582889</out_Quantity.quantity></Point><Point><position>1156</position><in_Quantity.quantity>0.000000</in_Quantity.quantity><out_Quantity.quantity>710.897960</out_Quantity.quantity></Point><Point><position>1157</position><in_Quantity.quantity>0.000000</in_Quantity.quantity><out_Quantity.quantity>690.791083</out_Quantity.quantity></Point><Point><position>1158</position><in_Quantity.quantity>0.000000</in_Quantity.quantity><out_Quantity.quantity>8.616749</out_Quantity.quantity></Point><Point><position>1159</position><in_Quantity.quantity>0.000000</in_Quantity.quantity><out_Quantity.quantity>826.349556</out_Quantity.quantity></Point><Point><position>1160</position><in_Quantity.quantity>0.000000</in_Quantity.quantity><out_Quantity.quantity>358.314429</out_Quantity.quantity></Point><Point><position>1161</position><in_Quantity.quantity>0.000000</in_Quantity.quantity><out_Quantity.quantity>635.160037</out_Quantity.quantity></Point><Point><position>1162</position><in_Quantity.quantity>0.000000</in_Quantity.quantity><out_Quantity.quantity>153.811595</out_Quantity.quantity></Point><Point><position>1163</position><in_Quantity.quantity>0.000000</in_Quantity.quantity><out_Quantity.quantity>286.768240</out_Quantity.quantity></Point><Point><position>1164</position><in_Quantity.quantity>0.000000</in_Quantity.quantity><out_Quantity.quantity>602.895216</out_Quantity.quantity></Point><Point><position>1165</position><in_Quantity.quantity>0.000000</in_Quantity.quantity><out_Quantity.quantity>568.500194</out_Quantity.quantity></Point><Point><position>1166</position><in_Quantity.quantity>0.000000</in_Quantity.quantity><out_Quantity.quantity>646.244389</out_Quantity.quantity></Point><Point><position>1167</position><in_Quantity.quantity>0.000000</in_Quantity.quantity><out_Quantity.quantity>187.296371</out_Quantity.quantity></Point><Point><position>1168</position><in_Quantity.quantity>0.000000</in_Quantity.quantity><out_Quantity.quantity>983.196727</out_Quantity.quantity></Point><Point><position>1169</position><in_Quantity.quantity>0.000000</in_Quantity.quantity><out_Quantity.quantity>952.719808</out_Quantity.quantity></Point><Point><position>1170</position><in_Quantity.quantity>0.000000</in_Quantity.quantity><out_Quantity.quantity>796.807131</out_Quantity.quantity></Point><Point><position>1171</position><in_Quantity.quantity>0.000000</in_Quantity.quantity><out_Quantity.quantity>461.109064</out_Quantity.quantity></Point><Point><position>1172</position><in_Quantity.quantity>0.000000</in_Quantity.quantity><out_Quantity.quantity>306.156263</out_Quantity.quantity></Point><Point><position>1173</position><in_Quantity.quantity>0.000000</in_Quantity.quantity><out_Quantity.quantity>746.492740</out_Quantity.quantity></Point><Point><position>1174</position><in_Quantity.quantity>0.000000</in_Quantity.quantity><out_Quantity.quantity>961.689018</out_Quantity.quantity></Point><Point><position>1175</position><in_Quantity.quantity>0.000000</in_Quantity.quantity><out_Quantity.quantity>424.987172</out_Quantity.quantity></Point><Point><position>1176</position><in_Quantity.quantity>0.000000</in_Quantity.quantity><out_Quantity.quantity>937.866698</out_Quantity.quantity></Point><Point><position>1177</position><in_Quantity.quantity>0.000000</in_Quantity.quantity><out_Quantity.quantity>241.116241</out_Quantity.quantity></Point><Point><position>1178</position><in_Quantity.quantity>0.000000</in_Quantity.quantity><out_Quantity.quantity>49.652167</out_Quantity.quantity></Point><Point><position>1179</position><in_Quantity.quantity>0.000000</in_Quantity.quantity><out_Quantity.quantity>851.465653</out_Quantity.quantity></Point><Point><position>1180</position><in_Quantity.quantity>0.000000</in_Quantity.quantity><out_Quantity.quantity>117.198772</out_Quantity.quantity></Point><Point><position>1181</position><in_Quantity.quantity>0.000000</in_Quantity.quantity><out_Quantity.quantity>958.534603</out_Quantity.quantity></Point><Point><position>1182</position><in_Quantity.quantity>0.000000</in_Quantity.quantity><out_Quantity.quantity>646.620016</out_Quantity.quantity></Point><Point><position>1183</position><in_Quantity.quantity>0.000000</in_Quantity.quantity><out_Quantity.quantity>494.142721</out_Quantity.quantity></Point><Point><position>1184</position><in_Quantity.quantity>0.000000</in_Quantity.quantity><out_Quantity.quantity>260.946827</out_Quantity.quantity></Point><Point><position>1185</position><in_Quantity.quantity>0.000000</in_Quantity.quantity><out_Quantity.quantity>350.717343</out_Quantity.quantity></Point><Point><position>1186</position><in_Quantity.quantity>0.000000</in_Quantity.quantity><out_Quantity.quantity>989.847129</out_Quantity.quantity></Point><Point><position>1187</position><in_Quantity.quantity>0.000000</in_Quantity.quantity><out_Quantity.quantity>664.302095</out_Quantity.quantity></Point><Point><position>1188</position><in_Quantity.quantity>0.000000</in_Quantity.quantity><out_Quantity.quantity>157.915269</out_Quantity.quantity></Point><Point><position>1189</position><in_Quantity.quantity>0.000000</in_Quantity.quantity><out_Quantity.quantity>464.947814</out_Quantity.quantity></Point><Point><position>1190</position><in_Quantity.quantity>0.000000</in_Quantity.quantity><out_Quantity.quantity>2.529954</out_Quantity.quantity></Point><Point><position>1191</position><in_Quantity.quantity>0.000000</in_Quantity.quantity><out_Quantity.quantity>225.488959</out_Quantity.quantity></Point><Point><position>1192</position><in_Quantity.quantity>0.000000</in_Quantity.quantity><out_Quantity.quantity>550.166815</out_Quantity.quantity></Point><Point><position>1193</position><in_Quantity.quantity>0.000000</in_Quantity.quantity><out_Quantity.quantity>604.901618</out_Quantity.quantity></Point><Point><position>1194</position><in_Quantity.quantity>0.000000</in_Quantity.quantity><out_Quantity.quantity>359.476086</out_Quantity.quantity></Point><Point><position>1195</position><in_Quantity.quantity>0.000000</in_Quantity.quantity><out_Quantity.quantity>229.478641</out_Quantity.quantity></Point><Point><position>1196</position><in_Quantity.quantity>0.000000</in_Quantity.quantity><out_Quantity.quantity>577.790805</out_Quantity.quantity></Point><Point><position>1197</position><in_Quantity.quantity>0.000000</in_Quantity.quantity><out_Quantity.quantity>656.441379</out_Quantity.quantity></Point><Point><position>1198</position><in_Quantity.quantity>0.000000</in_Quantity.quantity><out_Quantity.quantity>116.085291</out_Quantity.quantity></Point><Point><position>1199</position><in_Quantity.quantity>0.000000</in_Quantity.quantity><out_Quantity.quantity>626.379990</out_Quantity.quantity></Point><Point><position>1200</position><in_Quantity.quantity>0.000000</in_Quantity.quantity><out_Quantity.quantity>786.126465</out_Quantity.quantity></Point><Point><position>1201</position><in_Quantity.quantity>0.000000</in_Quantity.quantity><out_Quantity.quantity>92.970151</out_Quantity.quantity></Point><Point><position>1202</position><in_Quantity.quantity>0.000000</in_Quantity.quantity><out_Quantity.quantity>173.586306</out_Quantity.quantity></Point><Point><position>1203</position><in_Quantity.quantity>0.000000</in_Quantity.quantity><out_Quantity.quantity>913.376356</out_Quantity.quantity></Point><Point><position>1204</position><in_Quantity.quantity>0.000000</in_Quantity.quantity><out_Quantity.quantity>266.136905</out_Quantity.quantity></Point><Point><position>1205</position><in_Quantity.quantity>0.000000</in_Quantity.quantity><out_Quantity.quantity>722.383589</out_Quantity.quantity></Point><Point><position>1206</position><in_Quantity.quantity>0.000000</in_Quantity.quantity><out_Quantity.quantity>974.905031</out_Quantity.quantity></Point><Point><position>1207</position><in_Quantity.quantity>0.000000</in_Quantity.quantity><out_Quantity.quantity>224.538179</out_Quantity.quantity></Point><Point><position>1208</position><in_Quantity.quantity>0.000000</in_Quantity.quantity><out_Quantity.quantity>745.076931</out_Quantity.quantity></Point><Point><position>1209</position><in_Quantity.quantity>0.000000</in_Quantity.quantity><out_Quantity.quantity>791.124875</out_Quantity.quantity></Point><Point><position>1210</position><in_Quantity.quantity>0.000000</in_Quantity.quantity><out_Quantity.quantity>49.391204</out_Quantity.quantity></Point><Point><position>1211</position><in_Quantity.quantity>0.000000</in_Quantity.quantity><out_Quantity.quantity>415.750548</out_Quantity.quantity></Point><Point><position>1212</position><in_Quantity.quantity>0.000000</in_Quantity.quantity><out_Quantity.quantity>572.019474</out_Quantity.quantity></Point><Point><position>1213</position><in_Quantity.quantity>0.000000</in_Quantity.quantity><out_Quantity.quantity>479.517781</out_Quantity.quantity></Point><Point><position>1214</position><in_Quantity.quantity>0.000000</in_Quantity.quantity><out_Quantity.quantity>527.526774</out_Quantity.quantity></Point><Point><position>1215</position><in_Quantity.quantity>0.000000</in_Quantity.quantity><out_Quantity.quantity>620.052846</out_Quantity.quantity></Point><Point><position>1216</position><in_Quantity.quantity>0.000000</in_Quantity.quantity><out_Quantity.quantity>420.739143</out_Quantity.quantity></Point><Point><position>1217</position><in_Quantity.quantity>0.000000</in_Quantity.quantity><out_Quantity.quantity>631.647453</out_Quantity.quantity></Point><Point><position>1218</position><in_Quantity.quantity>0.000000</in_Quantity.quantity><out_Quantity.quantity>189.474106</out_Quantity.quantity></Point><Point><position>1219</position><in_Quantity.quantity>0.000000</in_Quantity.quantity><out_Quantity.quantity>904.022434</out_Quantity.quantity></Point><Point><position>1220</position><in_Quantity.quantity>0.000000</in_Quantity.quantity><out_Quantity.quantity>116.353095</out_Quantity.quantity></Point><Point><position>1221</position><in_Quantity.quantity>0.000000</in_Quantity.quantity><out_Quantity.quantity>717.079308</out_Quantity.quantity></Point><Point><position>1222</position><in_Quantity.quantity>0.000000</in_Quantity.quantity><out_Quantity.quantity>244.833947</out_Quantity.quantity></Point><Point><position>1223</position><in_Quantity.quantity>0.000000</in_Quantity.quantity><out_Quantity.quantity>110.832495</out_Quantity.quantity></Point><Point><position>1224</position><in_Quantity.quantity>0.000000</in_Quantity.quantity><out_Quantity.quantity>278.013695</out_Quantity.quantity></Point><Point><position>1225</position><in_Quantity.quantity>0.000000</in_Quantity.quantity><out_Quantity.quantity>411.641184</out_Quantity.quantity></Point><Point><position>1226</position><in_Quantity.quantity>0.000000</in_Quantity.quantity><out_Quantity.quantity>813.690278</out_Quantity.quantity></Point><Point><position>1227</position><in_Quantity.quantity>0.000000</in_Quantity.quantity><out_Quantity.quantity>279.373625</out_Quantity.quantity></Point><Point><position>1228</position><in_Quantity.quantity>0.000000</in_Quantity.quantity><out_Quantity.quantity>297.390182</out_Quantity.quantity></Point><Point><position>1229</position><in_Quantity.quantity>0.000000</in_Quantity.quantity><out_Quantity.quantity>144.670262</out_Quantity.quantity></Point><Point><position>1230</position><in_Quantity.quantity>0.000000</in_Quantity.quantity><out_Quantity.quantity>775.506626</out_Quantity.quantity></Point><Point><position>1231</position><in_Quantity.quantity>0.000000</in_Quantity.quantity><out_Quantity.quantity>833.691506</out_Quantity.quantity></Point><Point><position>1232</position><in_Quantity.quantity>0.000000</in_Quantity.quantity><out_Quantity.quantity>809.858136</out_Quantity.quantity></Point><Point><position>1233</position><in_Quantity.quantity>0.000000</in_Quantity.quantity><out_Quantity.quantity>617.710899</out_Quantity.quantity></Point><Point><position>1234</position><in_Quantity.quantity>0.000000</in_Quantity.quantity><out_Quantity.quantity>564.722857</out_Quantity.quantity></Point><Point><position>1235</position><in_Quantity.quantity>0.000000</in_Quantity.quantity><out_Quantity.quantity>902.819893</out_Quantity.quantity></Point><Point><position>1236</position><in_Quantity.quantity>0.000000</in_Quantity.quantity><out_Quantity.quantity>207.574440</out_Quantity.quantity></Point><Point><position>1237</position><in_Quantity.quantity>0.000000</in_Quantity.quantity><out_Quantity.quantity>64.136519</out_Quantity.quantity></Point><Point><position>1238</position><in_Quantity.quantity>0.000000</in_Quantity.quantity><out_Quantity.quantity>498.398176</out_Quantity.quantity></Point><Point><position>1239</position><in_Quantity.quantity>0.000000</in_Quantity.quantity><out_Quantity.quantity>203.840614</out_Quantity.quantity></Point><Point><position>1240</position><in_Quantity.quantity>0.000000</in_Quantity.quantity><out_Quantity.quantity>731.438538</out_Quantity.quantity></Point><Point><position>1241</position><in_Quantity.quantity>0.000000</in_Quantity.quantity><out_Quantity.quantity>248.369578</out_Quantity.quantity></Point><Point><position>1242</position><in_Quantity.quantity>0.000000</in_Quantity.quantity><out_Quantity.quantity>929.271690</out_Quantity.quantity></Point><Point><position>1243</position><in_Quantity.quantity>0.000000</in_Quantity.quantity><out_Quantity.quantity>504.153269</out_Quantity.quantity></Point><Point><position>1244</position><in_Quantity.quantity>0.000000</in_Quantity.quantity><out_Quantity.quantity>660.034366</out_Quantity.quantity></Point><Point><position>1245</position><in_Quantity.quantity>0.000000</in_Quantity.quantity><out_Quantity.quantity>704.787816</out_Quantity.quantity></Point><Point><position>1246</position><in_Quantity.quantity>0.000000</in_Quantity.quantity><out_Quantity.quantity>134.113480</out_Quantity.quantity></Point><Point><position>1247</position><in_Quantity.quantity>0.000000</in_Quantity.quantity><out_Quantity.quantity>39.027155</out_Quantity.quantity></Point><Point><position>1248</position><in_Quantity.quantity>0.000000</in_Quantity.quantity><out_Quantity.quantity>606.658590</out_Quantity.quantity></Point><Point><position>1249</position><in_Quantity.quantity>0.000000</in_Quantity.quantity><out_Quantity.quantity>637.374118</out_Quantity.quantity></Point><Point><position>1250</position><in_Quantity.quantity>0.000000</in_Quantity.quantity><out_Quantity.quantity>953.390884</out_Quantity.quantity></Point><Point><position>1251</position><in_Quantity.quantity>0.000000</in_Quantity.quantity><out_Quantity.quantity>17.251059</out_Quantity.quantity></Point><Point><position>1252</position><in_Quantity.quantity>0.000000</in_Quantity.quantity><out_Quantity.quantity>401.515812</out_Quantity.quantity></Point><Point><position>1253</position><in_Quantity.quantity>0.000000</in_Quantity.quantity><out_Quantity.quantity>527.624245</out_Quantity.quantity></Point><Point><position>1254</position><in_Quantity.quantity>0.000000</in_Quantity.quantity><out_Quantity.quantity>972.242595</out_Quantity.quantity></Point><Point><position>1255</position><in_Quantity.quantity>0.000000</in_Quantity.quantity><out_Quantity.quantity>596.456308</out_Quantity.quantity></Point><Point><position>1256</position><in_Quantity.quantity>0.000000</in_Quantity.quantity><out_Quantity.quantity>382.855888</out_Quantity.quantity></Point><Point><position>1257</position><in_Quantity.quantity>0.000000</in_Quantity.quantity><out_Quantity.quantity>680.776731</out_Quantity.quantity></Point><Point><position>1258</position><in_Quantity.quantity>0.000000</in_Quantity.quantity><out_Quantity.quantity>975.129160</out_Quantity.quantity></Point><Point><position>1259</position><in_Quantity.quantity>0.000000</in_Quantity.quantity><out_Quantity.quantity>78.997412</out_Quantity.quantity></Point><Point><position>1260</position><in_Quantity.quantity>0.000000</in_Quantity.quantity><out_Quantity.quantity>395.295717</out_Quantity.quantity></Point><Point><position>1261</position><in_Quantity.quantity>0.000000</in_Quantity.quantity><out_Quantity.quantity>652.326266</out_Quantity.quantity></Point><Point><position>1262</position><in_Quantity.quantity>0.000000</in_Quantity.quantity><out_Quantity.quantity>590.856375</out_Quantity.quantity></Point><Point><position>1263</position><in_Quantity.quantity>0.000000</in_Quantity.quantity><out_Quantity.quantity>80.808767</out_Quantity.quantity></Point><Point><position>1264</position><in_Quantity.quantity>0.000000</in_Quantity.quantity><out_Quantity.quantity>963.904107</out_Quantity.quantity></Point><Point><position>1265</position><in_Quantity.quantity>0.000000</in_Quantity.quantity><out_Quantity.quantity>425.017789</out_Quantity.quantity></Point><Point><position>1266</position><in_Quantity.quantity>0.000000</in_Quantity.quantity><out_Quantity.quantity>829.994120</out_Quantity.quantity></Point><Point><position>1267</position><in_Quantity.quantity>0.000000</in_Quantity.quantity><out_Quantity.quantity>32.627647</out_Quantity.quantity></Point><Point><position>1268</position><in_Quantity.quantity>0.000000</in_Quantity.quantity><out_Quantity.quantity>283.907059</out_Quantity.quantity></Point><Point><position>1269</position><in_Quantity.quantity>0.000000</in_Quantity.quantity><out_Quantity.quantity>530.976641</out_Quantity.quantity></Point><Point><position>1270</position><in_Quantity.quantity>0.000000</in_Quantity.quantity><out_Quantity.quantity>472.951109</out_Quantity.quantity></Point><Point><position>1271</position><in_Quantity.quantity>0.000000</in_Quantity.quantity><out_Quantity.quantity>74.144475</out_Quantity.quantity></Point><Point><position>1272</position><in_Quantity.quantity>0.000000</in_Quantity.quantity><out_Quantity.quantity>527.048937</out_Quantity.quantity></Point><Point><position>1273</position><in_Quantity.quantity>0.000000</in_Quantity.quantity><out_Quantity.quantity>459.189232</out_Quantity.quantity></Point><Point><position>1274</position><in_Quantity.quantity>0.000000</in_Quantity.quantity><out_Quantity.quantity>63.089698</out_Quantity.quantity></Point><Point><position>1275</position><in_Quantity.quantity>0.000000</in_Quantity.quantity><out_Quantity.quantity>297.279407</out_Quantity.quantity></Point><Point><position>1276</position><in_Quantity.quantity>0.000000</in_Quantity.quantity><out_Quantity.quantity>996.646314</out_Quantity.quantity></Point><Point><position>1277</position><in_Quantity.quantity>0.000000</in_Quantity.quantity><out_Quantity.quantity>959.998372</out_Quantity.quantity></Point><Point><position>1278</position><in_Quantity.quantity>0.000000</in_Quantity.quantity><out_Quantity.quantity>806.403924</out_Quantity.quantity></Point><Point><position>1279</position><in_Quantity.quantity>0.000000</in_Quantity.quantity><out_Quantity.quantity>315.080051</out_Quantity.quantity></Point><Point><position>1280</position><in_Quantity.quantity>0.000000</in_Quantity.quantity><out_Quantity.quantity>415.402160</out_Quantity.quantity></Point><Point><position>1281</position><in_Quantity.quantity>0.000000</in_Quantity.quantity><out_Quantity.quantity>433.161019</out_Quantity.quantity></Point><Point><position>1282</position><in_Quantity.quantity>0.000000</in_Quantity.quantity><out_Quantity.quantity>904.846963</out_Quantity.quantity></Point><Point><position>1283</position><in_Quantity.quantity>0.000000</in_Quantity.quantity><out_Quantity.quantity>514.896661</out_Quantity.quantity></Point><Point><position>1284</position><in_Quantity.quantity>0.000000</in_Quantity.quantity><out_Quantity.quantity>27.517774</out_Quantity.quantity></Point><Point><position>1285</position><in_Quantity.quantity>0.000000</in_Quantity.quantity><out_Quantity.quantity>235.985773</out_Quantity.quantity></Point><Point><position>1286</position><in_Quantity.quantity>0.000000</in_Quantity.quantity><out_Quantity.quantity>349.224443</out_Quantity.quantity></Point><Point><position>1287</position><in_Quantity.quantity>0.000000</in_Quantity.quantity><out_Quantity.quantity>76.597973</out_Quantity.quantity></Point><Point><position>1288</position><in_Quantity.quantity>0.000000</in_Quantity.quantity><out_Quantity.quantity>358.553904</out_Quantity.quantity></Point><Point><position>1289</position><in_Quantity.quantity>0.000000</in_Quantity.quantity><out_Quantity.quantity>123.384153</out_Quantity.quantity></Point><Point><position>1290</position><in_Quantity.quantity>0.000000</in_Quantity.quantity><out_Quantity.quantity>841.135479</out_Quantity.quantity></Point><Point><position>1291</position><in_Quantity.quantity>0.000000</in_Quantity.quantity><out_Quantity.quantity>497.626007</out_Quantity.quantity></Point><Point><position>1292</position><in_Quantity.quantity>0.000000</in_Quantity.quantity><out_Quantity.quantity>729.991892</out_Quantity.quantity></Point><Point><position>1293</position><in_Quantity.quantity>0.000000</in_Quantity.quantity><out_Quantity.quantity>997.231027</out_Quantity.quantity></Point><Point><position>1294</position><in_Quantity.quantity>0.000000</in_Quantity.quantity><out_Quantity.quantity>670.064941</out_Quantity.quantity></Point><Point><position>1295</position><in_Quantity.quantity>0.000000</in_Quantity.quantity><out_Quantity.quantity>275.044615</out_Quantity.quantity></Point><Point><position>1296</position><in_Quantity.quantity>0.000000</in_Quantity.quantity><out_Quantity.quantity>872.688405</out_Quantity.quantity></Point><Point><position>1297</position><in_Quantity.quantity>0.000000</in_Quantity.quantity><out_Quantity.quantity>766.891924</out_Quantity.quantity></Point><Point><position>1298</position><in_Quantity.quantity>0.000000</in_Quantity.quantity><out_Quantity.quantity>736.018652</out_Quantity.quantity></Point><Point><position>1299</position><in_Quantity.quantity>0.000000</in_Quantity.quantity><out_Quantity.quantity>515.401000</out_Quantity.quantity></Point><Point><position>1300</position><in_Quantity.quantity>0.000000</in_Quantity.quantity><out_Quantity.quantity>223.233379</out_Quantity.quantity></Point><Point><position>1301</position><in_Quantity.quantity>0.000000</in_Quantity.quantity><out_Quantity.quantity>553.039915</out_Quantity.quantity></Point><Point><position>1302</position><in_Quantity.quantity>0.000000</in_Quantity.quantity><out_Quantity.quantity>260.556607</out_Quantity.quantity></Point><Point><position>1303</position><in_Quantity.quantity>0.000000</in_Quantity.quantity><out_Quantity.quantity>343.421490</out_Quantity.quantity></Point><Point><position>1304</position><in_Quantity.quantity>0.000000</in_Quantity.quantity><out_Quantity.quantity>7.372715</out_Quantity.quantity></Point><Point><position>1305</position><in_Quantity.quantity>0.000000</in_Quantity.quantity><out_Quantity.quantity>826.778114</out_Quantity.quantity></Point><Point><position>1306</position><in_Quantity.quantity>0.000000</in_Quantity.quantity><out_Quantity.quantity>530.372565</out_Quantity.quantity></Point><Point><position>1307</position><in_Quantity.quantity>0.000000</in_Quantity.quantity><out_Quantity.quantity>749.584348</out_Quantity.quantity></Point><Point><position>1308</position><in_Quantity.quantity>0.000000</in_Quantity.quantity><out_Quantity.quantity>571.163057</out_Quantity.quantity></Point><Point><position>1309</position><in_Quantity.quantity>0.000000</in_Quantity.quantity><out_Quantity.quantity>1.527212</out_Quantity.quantity></Point><Point><position>1310</position><in_Quantity.quantity>0.000000</in_Quantity.quantity><out_Quantity.quantity>883.970279</out_Quantity.quantity></Point><Point><position>1311</position><in_Quantity.quantity>0.000000</in_Quantity.quantity><out_Quantity.quantity>96.719636</out_Quantity.quantity></Point><Point><position>1312</position><in_Quantity.quantity>0.000000</in_Quantity.quantity><out_Quantity.quantity>18.844653</out_Quantity.quantity></Point><Point><position>1313</position><in_Quantity.quantity>0.000000</in_Quantity.quantity><out_Quantity.quantity>909.256712</out_Quantity.quantity></Point><Point><position>1314</position><in_Quantity.quantity>0.000000</in_Quantity.quantity><out_Quantity.quantity>886.127383</out_Quantity.quantity></Point><Point><position>1315</position><in_Quantity.quantity>0.000000</in_Quantity.quantity><out_Quantity.quantity>809.565564</out_Quantity.quantity></Point><Point><position>1316</position><in_Quantity.quantity>0.000000</in_Quantity.quantity><out_Quantity.quantity>894.217404</out_Quantity.quantity></Point><Point><position>1317</position><in_Quantity.quantity>0.000000</in_Quantity.quantity><out_Quantity.quantity>827.233847</out_Quantity.quantity></Point><Point><position>1318</position><in_Quantity.quantity>0.000000</in_Quantity.quantity><out_Quantity.quantity>0.369378</out_Quantity.quantity></Point><Point><position>1319</position><in_Quantity.quantity>0.000000</in_Quantity.quantity><out_Quantity.quantity>534.583931</out_Quantity.quantity></Point><Point><position>1320</position><in_Quantity.quantity>0.000000</in_Quantity.quantity><out_Quantity.quantity>740.426527</out_Quantity.quantity></Point><Point><position>1321</position><in_Quantity.quantity>0.000000</in_Quantity.quantity><out_Quantity.quantity>44.791893</out_Quantity.quantity></Point><Point><position>1322</position><in_Quantity.quantity>0.000000</in_Quantity.quantity><out_Quantity.quantity>556.332071</out_Quantity.quantity></Point><Point><position>1323</position><in_Quantity.quantity>0.000000</in_Quantity.quantity><out_Quantity.quantity>640.645731</out_Quantity.quantity></Point><Point><position>1324</position><in_Quantity.quantity>0.000000</in_Quantity.quantity><out_Quantity.quantity>333.622264</out_Quantity.quantity></Point><Point><position>1325</position><in_Quantity.quantity>0.000000</in_Quantity.quantity><out_Quantity.quantity>50.565180</out_Quantity.quantity></Point><Point><position>1326</position><in_Quantity.quantity>0.000000</in_Quantity.quantity><out_Quantity.quantity>224.852647</out_Quantity.quantity></Point><Point><position>1327</position><in_Quantity.quantity>0.000000</in_Quantity.quantity><out_Quantity.quantity>564.387717</out_Quantity.quantity></Point><Point><position>1328</position><in_Quantity.quantity>0.000000</in_Quantity.quantity><out_Quantity.quantity>247.357515</out_Quantity.quantity></Point><Point><position>1329</position><in_Quantity.quantity>0.000000</in_Quantity.quantity><out_Quantity.quantity>552.345305</out_Quantity.quantity></Point><Point><position>1330</position><in_Quantity.quantity>0.000000</in_Quantity.quantity><out_Quantity.quantity>964.956825</out_Quantity.quantity></Point><Point><position>1331</position><in_Quantity.quantity>0.000000</in_Quantity.quantity><out_Quantity.quantity>247.038236</out_Quantity.quantity></Point><Point><position>1332</position><in_Quantity.quantity>0.000000</in_Quantity.quantity><out_Quantity.quantity>878.516608</out_Quantity.quantity></Point><Point><position>1333</position><in_Quantity.quantity>0.000000</in_Quantity.quantity><out_Quantity.quantity>545.192186</out_Quantity.quantity></Point><Point><position>1334</position><in_Quantity.quantity>0.000000</in_Quantity.quantity><out_Quantity.quantity>840.660832</out_Quantity.quantity></Point><Point><position>1335</position><in_Quantity.quantity>0.000000</in_Quantity.quantity><out_Quantity.quantity>5.144895</out_Quantity.quantity></Point><Point><position>1336</position><in_Quantity.quantity>0.000000</in_Quantity.quantity><out_Quantity.quantity>614.324677</out_Quantity.quantity></Point><Point><position>1337</position><in_Quantity.quantity>0.000000</in_Quantity.quantity><out_Quantity.quantity>746.736509</out_Quantity.quantity></Point><Point><position>1338</position><in_Quantity.quantity>0.000000</in_Quantity.quantity><out_Quantity.quantity>13.613066</out_Quantity.quantity></Point><Point><position>1339</position><in_Quantity.quantity>0.000000</in_Quantity.quantity><out_Quantity.quantity>603.000490</out_Quantity.quantity></Point><Point><position>1340</position><in_Quantity.quantity>0.000000</in_Quantity.quantity><out_Quantity.quantity>213.933465</out_Quantity.quantity></Point><Point><position>1341</position><in_Quantity.quantity>0.000000</in_Quantity.quantity><out_Quantity.quantity>323.878889</out_Quantity.quantity></Point><Point><position>1342</position><in_Quantity.quantity>0.000000</in_Quantity.quantity><out_Quantity.quantity>724.547799</out_Quantity.quantity></Point><Point><position>1343</position><in_Quantity.quantity>0.000000</in_Quantity.quantity><out_Quantity.quantity>564.904220</out_Quantity.quantity></Point><Point><position>1344</position><in_Quantity.quantity>0.000000</in_Quantity.quantity><out_Quantity.quantity>920.821236</out_Quantity.quantity></Point><Point><position>1345</position><in_Quantity.quantity>0.000000</in_Quantity.quantity><out_Quantity.quantity>797.589764</out_Quantity.quantity></Point><Point><position>1346</position><in_Quantity.quantity>0.000000</in_Quantity.quantity><out_Quantity.quantity>520.693660</out_Quantity.quantity></Point><Point><position>1347</position><in_Quantity.quantity>0.000000</in_Quantity.quantity><out_Quantity.quantity>658.932119</out_Quantity.quantity></Point><Point><position>1348</position><in_Quantity.quantity>0.000000</in_Quantity.quantity><out_Quantity.quantity>962.426821</out_Quantity.quantity></Point><Point><position>1349</position><in_Quantity.quantity>0.000000</in_Quantity.quantity><out_Quantity.quantity>599.569148</out_Quantity.quantity></Point><Point><position>1350</position><in_Quantity.quantity>0.000000</in_Quantity.quantity><out_Quantity.quantity>908.335687</out_Quantity.quantity></Point><Point><position>1351</position><in_Quantity.quantity>0.000000</in_Quantity.quantity><out_Quantity.quantity>878.414686</out_Quantity.quantity></Point><Point><position>1352</position><in_Quantity.quantity>0.000000</in_Quantity.quantity><out_Quantity.quantity>661.388842</out_Quantity.quantity></Point><Point><position>1353</position><in_Quantity.quantity>0.000000</in_Quantity.quantity><out_Quantity.quantity>792.334493</out_Quantity.quantity></Point><Point><position>1354</position><in_Quantity.quantity>0.000000</in_Quantity.quantity><out_Quantity.quantity>300.961243</out_Quantity.quantity></Point><Point><position>1355</position><in_Quantity.quantity>0.000000</in_Quantity.quantity><out_Quantity.quantity>835.205443</out_Quantity.quantity></Point><Point><position>1356</position><in_Quantity.quantity>0.000000</in_Quantity.quantity><out_Quantity.quantity>944.974022</out_Quantity.quantity></Point><Point><position>1357</position><in_Quantity.quantity>0.000000</in_Quantity.quantity><out_Quantity.quantity>839.048153</out_Quantity.quantity></Point><Point><position>1358</position><in_Quantity.quantity>0.000000</in_Quantity.quantity><out_Quantity.quantity>120.768401</out_Quantity.quantity></Point><Point><position>1359</position><in_Quantity.quantity>0.000000</in_Quantity.quantity><out_Quantity.quantity>679.303388</out_Quantity.quantity></Point><Point><position>1360</position><in_Quantity.quantity>0.000000</in_Quantity.quantity><out_Quantity.quantity>974.870529</out_Quantity.quantity></Point><Point><position>1361</position><in_Quantity.quantity>0.000000</in_Quantity.quantity><out_Quantity.quantity>844.161438</out_Quantity.quantity></Point><Point><position>1362</position><in_Quantity.quantity>0.000000</in_Quantity.quantity><out_Quantity.quantity>247.472723</out_Quantity.quantity></Point><Point><position>1363</position><in_Quantity.quantity>0.000000</in_Quantity.quantity><out_Quantity.quantity>712.718148</out_Quantity.quantity></Point><Point><position>1364</position><in_Quantity.quantity>0.000000</in_Quantity.quantity><out_Quantity.quantity>732.318163</out_Quantity.quantity></Point><Point><position>1365</position><in_Quantity.quantity>0.000000</in_Quantity.quantity><out_Quantity.quantity>950.376667</out_Quantity.quantity></Point><Point><position>1366</position><in_Quantity.quantity>0.000000</in_Quantity.quantity><out_Quantity.quantity>211.657625</out_Quantity.quantity></Point><Point><position>1367</position><in_Quantity.quantity>0.000000</in_Quantity.quantity><out_Quantity.quantity>100.241056</out_Quantity.quantity></Point><Point><position>1368</position><in_Quantity.quantity>0.000000</in_Quantity.quantity><out_Quantity.quantity>473.844697</out_Quantity.quantity></Point><Point><position>1369</position><in_Quantity.quantity>0.000000</in_Quantity.quantity><out_Quantity.quantity>536.193631</out_Quantity.quantity></Point><Point><position>1370</position><in_Quantity.quantity>0.000000</in_Quantity.quantity><out_Quantity.quantity>941.573098</out_Quantity.quantity></Point><Point><position>1371</position><in_Quantity.quantity>0.000000</in_Quantity.quantity><out_Quantity.quantity>82.039966</out_Quantity.quantity></Point><Point><position>1372</position><in_Quantity.quantity>0.000000</in_Quantity.quantity><out_Quantity.quantity>417.147325</out_Quantity.quantity></Point><Point><position>1373</position><in_Quantity.quantity>0.000000</in_Quantity.quantity><out_Quantity.quantity>510.616940</out_Quantity.quantity></Point><Point><position>1374</position><in_Quantity.quantity>0.000000</in_Quantity.quantity><out_Quantity.quantity>923.329690</out_Quantity.quantity></Point><Point><position>1375</position><in_Quantity.quantity>0.000000</in_Quantity.quantity><out_Quantity.quantity>684.484499</out_Quantity.quantity></Point><Point><position>1376</position><in_Quantity.quantity>0.000000</in_Quantity.quantity><out_Quantity.quantity>809.567211</out_Quantity.quantity></Point><Point><position>1377</position><in_Quantity.quantity>0.000000</in_Quantity.quantity><out_Quantity.quantity>22.568469</out_Quantity.quantity></Point><Point><position>1378</position><in_Quantity.quantity>0.000000</in_Quantity.quantity><out_Quantity.quantity>575.747946</out_Quantity.quantity></Point><Point><position>1379</position><in_Quantity.quantity>0.000000</in_Quantity.quantity><out_Quantity.quantity>776.398565</out_Quantity.quantity></Point><Point><position>1380</position><in_Quantity.quantity>0.000000</in_Quantity.quantity><out_Quantity.quantity>358.124252</out_Quantity.quantity></Point><Point><position>1381</position><in_Quantity.quantity>0.000000</in_Quantity.quantity><out_Quantity.quantity>67.973908</out_Quantity.quantity></Point><Point><position>1382</position><in_Quantity.quantity>0.000000</in_Quantity.quantity><out_Quantity.quantity>386.140921</out_Quantity.quantity></Point><Point><position>1383</position><in_Quantity.quantity>0.000000</in_Quantity.quantity><out_Quantity.quantity>584.331260</out_Quantity.quantity></Point><Point><position>1384</position><in_Quantity.quantity>0.000000</in_Quantity.quantity><out_Quantity.quantity>781.637602</out_Quantity.quantity></Point><Point><position>1385</position><in_Quantity.quantity>0.000000</in_Quantity.quantity><out_Quantity.quantity>106.718480</out_Quantity.quantity></Point><Point><position>1386</position><in_Quantity.quantity>0.000000</in_Quantity.quantity><out_Quantity.quantity>206.878759</out_Quantity.quantity></Point><Point><position>1387</position><in_Quantity.quantity>0.000000</in_Quantity.quantity><out_Quantity.quantity>515.776366</out_Quantity.quantity></Point><Point><position>1388</position><in_Quantity.quantity>0.000000</in_Quantity.quantity><out_Quantity.quantity>675.034700</out_Quantity.quantity></Point><Point><position>1389</position><in_Quantity.quantity>0.000000</in_Quantity.quantity><out_Quantity.quantity>624.715430</out_Quantity.quantity></Point><Point><position>1390</position><in_Quantity.quantity>0.000000</in_Quantity.quantity><out_Quantity.quantity>856.701321</out_Quantity.quantity></Point><Point><position>1391</position><in_Quantity.quantity>0.000000</in_Quantity.quantity><out_Quantity.quantity>516.384711</out_Quantity.quantity></Point><Point><position>1392</position><in_Quantity.quantity>0.000000</in_Quantity.quantity><out_Quantity.quantity>577.806185</out_Quantity.quantity></Point><Point><position>1393</position><in_Quantity.quantity>0.000000</in_Quantity.quantity><out_Quantity.quantity>283.061416</out_Quantity.quantity></Point><Point><position>1394</position><in_Quantity.quantity>0.000000</in_Quantity.quantity><out_Quantity.quantity>345.341131</out_Quantity.quantity></Point><Point><position>1395</position><in_Quantity.quantity>0.000000</in_Quantity.quantity><out_Quantity.quantity>324.909054</out_Quantity.quantity></Point><Point><position>1396</position><in_Quantity.quantity>0.000000</in_Quantity.quantity><out_Quantity.quantity>147.050042</out_Quantity.quantity></Point><Point><position>1397</position><in_Quantity.quantity>0.000000</in_Quantity.quantity><out_Quantity.quantity>484.969579</out_Quantity.quantity></Point><Point><position>1398</position><in_Quantity.quantity>0.000000</in_Quantity.quantity><out_Quantity.quantity>200.350901</out_Quantity.quantity></Point><Point><position>1399</position><in_Quantity.quantity>0.000000</in_Quantity.quantity><out_Quantity.quantity>958.683598</out_Quantity.quantity></Point><Point><position>1400</position><in_Quantity.quantity>0.000000</in_Quantity.quantity><out_Quantity.quantity>269.884919</out_Quantity.quantity></Point><Point><position>1401</position><in_Quantity.quantity>0.000000</in_Quantity.quantity><out_Quantity.quantity>115.702144</out_Quantity.quantity></Point><Point><position>1402</position><in_Quantity.quantity>0.000000</in_Quantity.quantity><out_Quantity.quantity>759.200034</out_Quantity.quantity></Point><Point><position>1403</position><in_Quantity.quantity>0.000000</in_Quantity.quantity><out_Quantity.quantity>120.515413</out_Quantity.quantity></Point><Point><position>1404</position><in_Quantity.quantity>0.000000</in_Quantity.quantity><out_Quantity.quantity>628.629749</out_Quantity.quantity></Point><Point><position>1405</position><in_Quantity.quantity>0.000000</in_Quantity.quantity><out_Quantity.quantity>42.449399</out_Quantity.quantity></Point><Point><position>1406</position><in_Quantity.quantity>0.000000</in_Quantity.quantity><out_Quantity.quantity>358.257171</out_Quantity.quantity></Point><Point><position>1407</position><in_Quantity.quantity>0.000000</in_Quantity.quantity><out_Quantity.quantity>685.293789</out_Quantity.quantity></Point><Point><position>1408</position><in_Quantity.quantity>0.000000</in_Quantity.quantity><out_Quantity.quantity>570.789324</out_Quantity.quantity></Point><Point><position>1409</position><in_Quantity.quantity>0.000000</in_Quantity.quantity><out_Quantity.quantity>688.784028</out_Quantity.quantity></Point><Point><position>1410</position><in_Quantity.quantity>0.000000</in_Quantity.quantity><out_Quantity.quantity>525.731315</out_Quantity.quantity></Point><Point><position>1411</position><in_Quantity.quantity>0.000000</in_Quantity.quantity><out_Quantity.quantity>494.531360</out_Quantity.quantity></Point><Point><position>1412</position><in_Quantity.quantity>0.000000</in_Quantity.quantity><out_Quantity.quantity>927.246569</out_Quantity.quantity></Point><Point><position>1413</position><in_Quantity.quantity>0.000000</in_Quantity.quantity><out_Quantity.quantity>946.171146</out_Quantity.quantity></Point><Point><position>1414</position><in_Quantity.quantity>0.000000</in_Quantity.quantity><out_Quantity.quantity>702.835904</out_Quantity.quantity></Point><Point><position>1415</position><in_Quantity.quantity>0.000000</in_Quantity.quantity><out_Quantity.quantity>241.531662</out_Quantity.quantity></Point><Point><position>1416</position><in_Quantity.quantity>0.000000</in_Quantity.quantity><out_Quantity.quantity>134.215398</out_Quantity.quantity></Point><Point><position>1417</position><in_Quantity.quantity>0.000000</in_Quantity.quantity><out_Quantity.quantity>654.899770</out_Quantity.quantity></Point><Point><position>1418</position><in_Quantity.quantity>0.000000</in_Quantity.quantity><out_Quantity.quantity>78.577455</out_Quantity.quantity></Point><Point><position>1419</position><in_Quantity.quantity>0.000000</in_Quantity.quantity><out_Quantity.quantity>614.249707</out_Quantity.quantity></Point><Point><position>1420</position><in_Quantity.quantity>0.000000</in_Quantity.quantity><out_Quantity.quantity>327.212411</out_Quantity.quantity></Point><Point><position>1421</position><in_Quantity.quantity>0.000000</in_Quantity.quantity><out_Quantity.quantity>428.366089</out_Quantity.quantity></Point><Point><position>1422</position><in_Quantity.quantity>0.000000</in_Quantity.quantity><out_Quantity.quantity>227.208709</out_Quantity.quantity></Point><Point><position>1423</position><in_Quantity.quantity>0.000000</in_Quantity.quantity><out_Quantity.quantity>809.607678</out_Quantity.quantity></Point><Point><position>1424</position><in_Quantity.quantity>0.000000</in_Quantity.quantity><out_Quantity.quantity>668.173334</out_Quantity.quantity></Point><Point><position>1425</position><in_Quantity.quantity>0.000000</in_Quantity.quantity><out_Quantity.quantity>41.647710</out_Quantity.quantity></Point><Point><position>1426</position><in_Quantity.quantity>0.000000</in_Quantity.quantity><out_Quantity.quantity>580.880406</out_Quantity.quantity></Point><Point><position>1427</position><in_Quantity.quantity>0.000000</in_Quantity.quantity><out_Quantity.quantity>247.770561</out_Quantity.quantity></Point><Point><position>1428</position><in_Quantity.quantity>0.000000</in_Quantity.quantity><out_Quantity.quantity>106.022530</out_Quantity.quantity></Point><Point><position>1429</position><in_Quantity.quantity>0.000000</in_Quantity.quantity><out_Quantity.quantity>986.045977</out_Quantity.quantity></Point><Point><position>1430</position><in_Quantity.quantity>0.000000</in_Quantity.quantity><out_Quantity.quantity>456.640122</out_Quantity.quantity></Point><Point><position>1431</position><in_Quantity.quantity>0.000000</in_Quantity.quantity><out_Quantity.quantity>508.942805</out_Quantity.quantity></Point><Point><position>1432</position><in_Quantity.quantity>0.000000</in_Quantity.quantity><out_Quantity.quantity>495.038552</out_Quantity.quantity></Point><Point><position>1433</position><in_Quantity.quantity>0.000000</in_Quantity.quantity><out_Quantity.quantity>985.140067</out_Quantity.quantity></Point><Point><position>1434</position><in_Quantity.quantity>0.000000</in_Quantity.quantity><out_Quantity.quantity>504.231843</out_Quantity.quantity></Point><Point><position>1435</position><in_Quantity.quantity>0.000000</in_Quantity.quantity><out_Quantity.quantity>944.517385</out_Quantity.quantity></Point><Point><position>1436</position><in_Quantity.quantity>0.000000</in_Quantity.quantity><out_Quantity.quantity>420.391459</out_Quantity.quantity></Point><Point><position>1437</position><in_Quantity.quantity>0.000000</in_Quantity.quantity><out_Quantity.quantity>363.155992</out_Quantity.quantity></Point><Point><position>1438</position><in_Quantity.quantity>0.000000</in_Quantity.quantity><out_Quantity.quantity>106.263927</out_Quantity.quantity></Point><Point><position>1439</position><in_Quantity.quantity>0.000000</in_Quantity.quantity><out_Quantity.quantity>158.191387</out_Quantity.quantity></Point><Point><position>1440</position><in_Quantity.quantity>0.000000</in_Quantity.quantity><out_Quantity.quantity>77.325516</out_Quantity.quantity></Point><Point><position>1441</position><in_Quantity.quantity>0.000000</in_Quantity.quantity><out_Quantity.quantity>825.586929</out_Quantity.quantity></Point><Point><position>1442</position><in_Quantity.quantity>0.000000</in_Quantity.quantity><out_Quantity.quantity>68.689034</out_Quantity.quantity></Point><Point><position>1443</position><in_Quantity.quantity>0.000000</in_Quantity.quantity><out_Quantity.quantity>242.895708</out_Quantity.quantity></Point><Point><position>1444</position><in_Quantity.quantity>0.000000</in_Quantity.quantity><out_Quantity.quantity>276.847476</out_Quantity.quantity></Point><Point><position>1445</position><in_Quantity.quantity>0.000000</in_Quantity.quantity><out_Quantity.quantity>370.112785</out_Quantity.quantity></Point><Point><position>1446</position><in_Quantity.quantity>0.000000</in_Quantity.quantity><out_Quantity.quantity>246.187345</out_Quantity.quantity></Point><Point><position>1447</position><in_Quantity.quantity>0.000000</in_Quantity.quantity><out_Quantity.quantity>210.452268</out_Quantity.quantity></Point><Point><position>1448</position><in_Quantity.quantity>0.000000</in_Quantity.quantity><out_Quantity.quantity>386.905677</out_Quantity.quantity></Point><Point><position>1449</position><in_Quantity.quantity>0.000000</in_Quantity.quantity><out_Quantity.quantity>194.104880</out_Quantity.quantity></Point><Point><position>1450</position><in_Quantity.quantity>0.000000</in_Quantity.quantity><out_Quantity.quantity>902.179490</out_Quantity.quantity></Point><Point><position>1451</position><in_Quantity.quantity>0.000000</in_Quantity.quantity><out_Quantity.quantity>496.932966</out_Quantity.quantity></Point><Point><position>1452</position><in_Quantity.quantity>0.000000</in_Quantity.quantity><out_Quantity.quantity>908.694767</out_Quantity.quantity></Point><Point><position>1453</position><in_Quantity.quantity>0.000000</in_Quantity.quantity><out_Quantity.quantity>579.679220</out_Quantity.quantity></Point><Point><position>1454</position><in_Quantity.quantity>0.000000</in_Quantity.quantity><out_Quantity.quantity>755.930000</out_Quantity.quantity></Point><Point><position>1455</position><in_Quantity.quantity>0.000000</in_Quantity.quantity><out_Quantity.quantity>604.574943</out_Quantity.quantity></Point><Point><position>1456</position><in_Quantity.quantity>0.000000</in_Quantity.quantity><out_Quantity.quantity>32.987164</out_Quantity.quantity></Point><Point><position>1457</position><in_Quantity.quantity>0.000000</in_Quantity.quantity><out_Quantity.quantity>660.327035</out_Quantity.quantity></Point><Point><position>1458</position><in_Quantity.quantity>0.000000</in_Quantity.quantity><out_Quantity.quantity>391.400180</out_Quantity.quantity></Point><Point><position>1459</position><in_Quantity.quantity>0.000000</in_Quantity.quantity><out_Quantity.quantity>565.405247</out_Quantity.quantity></Point><Point><position>1460</position><in_Quantity.quantity>0.000000</in_Quantity.quantity><out_Quantity.quantity>14.978502</out_Quantity.quantity></Point><Point><position>1461</position><in_Quantity.quantity>0.000000</in_Quantity.quantity><out_Quantity.quantity>4.975006</out_Quantity.quantity></Point><Point><position>1462</position><in_Quantity.quantity>0.000000</in_Quantity.quantity><out_Quantity.quantity>97.436374</out_Quantity.quantity></Point><Point><position>1463</position><in_Quantity.quantity>0.000000</in_Quantity.quantity><out_Quantity.quantity>794.709564</out_Quantity.quantity></Point><Point><position>1464</position><in_Quantity.quantity>0.000000</in_Quantity.quantity><out_Quantity.quantity>53.919178</out_Quantity.quantity></Point><Point><position>1465</position><in_Quantity.quantity>0.000000</in_Quantity.quantity><out_Quantity.quantity>15.526907</out_Quantity.quantity></Point><Point><position>1466</position><in_Quantity.quantity>0.000000</in_Quantity.quantity><out_Quantity.quantity>6.609970</out_Quantity.quantity></Point><Point><position>1467</position><in_Quantity.quantity>0.000000</in_Quantity.quantity><out_Quantity.quantity>916.959088</out_Quantity.quantity></Point><Point><position>1468</position><in_Quantity.quantity>0.000000</in_Quantity.quantity><out_Quantity.quantity>728.286285</out_Quantity.quantity></Point><Point><position>1469</position><in_Quantity.quantity>0.000000</in_Quantity.quantity><out_Quantity.quantity>26.672473</out_Quantity.quantity></Point><Point><position>1470</position><in_Quantity.quantity>0.000000</in_Quantity.quantity><out_Quantity.quantity>228.514466</out_Quantity.quantity></Point><Point><position>1471</position><in_Quantity.quantity>0.000000</in_Quantity.quantity><out_Quantity.quantity>126.072248</out_Quantity.quantity></Point><Point><position>1472</position><in_Quantity.quantity>0.000000</in_Quantity.quantity><out_Quantity.quantity>454.297301</out_Quantity.quantity></Point><Point><position>1473</position><in_Quantity.quantity>0.000000</in_Quantity.quantity><out_Quantity.quantity>268.038326</out_Quantity.quantity></Point><Point><position>1474</position><in_Quantity.quantity>0.000000</in_Quantity.quantity><out_Quantity.quantity>669.860627</out_Quantity.quantity></Point><Point><position>1475</position><in_Quantity.quantity>0.000000</in_Quantity.quantity><out_Quantity.quantity>775.506090</out_Quantity.quantity></Point><Point><position>1476</position><in_Quantity.quantity>0.000000</in_Quantity.quantity><out_Quantity.quantity>701.297162</out_Quantity.quantity></Point><Point><position>1477</position><in_Quantity.quantity>0.000000</in_Quantity.quantity><out_Quantity.quantity>525.748675</out_Quantity.quantity></Point><Point><position>1478</position><in_Quantity.quantity>0.000000</in_Quantity.quantity><out_Quantity.quantity>364.761972</out_Quantity.quantity></Point><Point><position>1479</position><in_Quantity.quantity>0.000000</in_Quantity.quantity><out_Quantity.quantity>657.336175</out_Quantity.quantity></Point><Point><position>1480</position><in_Quantity.quantity>0.000000</in_Quantity.quantity><out_Quantity.quantity>214.543642</out_Quantity.quantity></Point><Point><position>1481</position><in_Quantity.quantity>0.000000</in_Quantity.quantity><out_Quantity.quantity>614.493984</out_Quantity.quantity></Point><Point><position>1482</position><in_Quantity.quantity>0.000000</in_Quantity.quantity><out_Quantity.quantity>320.019299</out_Quantity.quantity></Point><Point><position>1483</position><in_Quantity.quantity>0.000000</in_Quantity.quantity><out_Quantity.quantity>373.281840</out_Quantity.quantity></Point><Point><position>1484</position><in_Quantity.quantity>0.000000</in_Quantity.quantity><out_Quantity.quantity>884.416875</out_Quantity.quantity></Point><Point><position>1485</position><in_Quantity.quantity>0.000000</in_Quantity.quantity><out_Quantity.quantity>587.197243</out_Quantity.quantity></Point><Point><position>1486</position><in_Quantity.quantity>0.000000</in_Quantity.quantity><out_Quantity.quantity>727.622288</out_Quantity.quantity></Point><Point><position>1487</position><in_Quantity.quantity>0.000000</in_Quantity.quantity><out_Quantity.quantity>156.163918</out_Quantity.quantity></Point><Point><position>1488</position><in_Quantity.quantity>0.000000</in_Quantity.quantity><out_Quantity.quantity>641.744571</out_Quantity.quantity></Point><Point><position>1489</position><in_Quantity.quantity>0.000000</in_Quantity.quantity><out_Quantity.quantity>381.332691</out_Quantity.quantity></Point><Point><position>1490</position><in_Quantity.quantity>0.000000</in_Quantity.quantity><out_Quantity.quantity>502.194685</out_Quantity.quantity></Point><Point><position>1491</position><in_Quantity.quantity>0.000000</in_Quantity.quantity><out_Quantity.quantity>791.719248</out_Quantity.quantity></Point><Point><position>1492</position><in_Quantity.quantity>0.000000</in_Quantity.quantity><out_Quantity.quantity>786.920396</out_Quantity.quantity></Point><Point><position>1493</position><in_Quantity.quantity>0.000000</in_Quantity.quantity><out_Quantity.quantity>399.695676</out_Quantity.quantity></Point><Point><position>1494</position><in_Quantity.quantity>0.000000</in_Quantity.quantity><out_Quantity.quantity>83.930902</out_Quantity.quantity></Point><Point><position>1495</position><in_Quantity.quantity>0.000000</in_Quantity.quantity><out_Quantity.quantity>499.299443</out_Quantity.quantity></Point><Point><position>1496</position><in_Quantity.quantity>0.000000</in_Quantity.quantity><out_Quantity.quantity>881.204351</out_Quantity.quantity></Point><Point><position>1497</position><in_Quantity.quantity>0.000000</in_Quantity.quantity><out_Quantity.quantity>374.309125</out_Quantity.quantity></Point><Point><position>1498</position><in_Quantity.quantity>0.000000</in_Quantity.quantity><out_Quantity.quantity>190.949957</out_Quantity.quantity></Point><Point><position>1499</position><in_Quantity.quantity>0.000000</in_Quantity.quantity><out_Quantity.quantity>797.301839</out_Quantity.quantity></Point><Point><position>1500</position><in_Quantity.quantity>0.000000</in_Quantity.quantity><out_Quantity.quantity>957.929424</out_Quantity.quantity></Point><Point><position>1501</position><in_Quantity.quantity>0.000000</in_Quantity.quantity><out_Quantity.quantity>398.400090</out_Quantity.quantity></Point><Point><position>1502</position><in_Quantity.quantity>0.000000</in_Quantity.quantity><out_Quantity.quantity>900.894486</out_Quantity.quantity></Point><Point><position>1503</position><in_Quantity.quantity>0.000000</in_Quantity.quantity><out_Quantity.quantity>542.408209</out_Quantity.quantity></Point><Point><position>1504</position><in_Quantity.quantity>0.000000</in_Quantity.quantity><out_Quantity.quantity>894.257312</out_Quantity.quantity></Point><Point><position>1505</position><in_Quantity.quantity>0.000000</in_Quantity.quantity><out_Quantity.quantity>940.276731</out_Quantity.quantity></Point><Point><position>1506</position><in_Quantity.quantity>0.000000</in_Quantity.quantity><out_Quantity.quantity>921.861412</out_Quantity.quantity></Point><Point><position>1507</position><in_Quantity.quantity>0.000000</in_Quantity.quantity><out_Quantity.quantity>778.065832</out_Quantity.quantity></Point><Point><position>1508</position><in_Quantity.quantity>0.000000</in_Quantity.quantity><out_Quantity.quantity>495.365118</out_Quantity.quantity></Point><Point><position>1509</position><in_Quantity.quantity>0.000000</in_Quantity.quantity><out_Quantity.quantity>739.798699</out_Quantity.quantity></Point><Point><position>1510</position><in_Quantity.quantity>0.000000</in_Quantity.quantity><out_Quantity.quantity>619.150077</out_Quantity.quantity></Point><Point><position>1511</position><in_Quantity.quantity>0.000000</in_Quantity.quantity><out_Quantity.quantity>46.913851</out_Quantity.quantity></Point><Point><position>1512</position><in_Quantity.quantity>0.000000</in_Quantity.quantity><out_Quantity.quantity>352.001755</out_Quantity.quantity></Point><Point><position>1513</position><in_Quantity.quantity>0.000000</in_Quantity.quantity><out_Quantity.quantity>722.716449</out_Quantity.quantity></Point><Point><position>1514</position><in_Quantity.quantity>0.000000</in_Quantity.quantity><out_Quantity.quantity>692.770570</out_Quantity.quantity></Point><Point><position>1515</position><in_Quantity.quantity>0.000000</in_Quantity.quantity><out_Quantity.quantity>736.654045</out_Quantity.quantity></Point><Point><position>1516</position><in_Quantity.quantity>0.000000</in_Quantity.quantity><out_Quantity.quantity>326.526494</out_Quantity.quantity></Point><Point><position>1517</position><in_Quantity.quantity>0.000000</in_Quantity.quantity><out_Quantity.quantity>971.830621</out_Quantity.quantity></Point><Point><position>1518</position><in_Quantity.quantity>0.000000</in_Quantity.quantity><out_Quantity.quantity>162.893034</out_Quantity.quantity></Point><Point><position>1519</position><in_Quantity.quantity>0.000000</in_Quantity.quantity><out_Quantity.quantity>54.357940</out_Quantity.quantity></Point><Point><position>1520</position><in_Quantity.quantity>0.000000</in_Quantity.quantity><out_Quantity.quantity>699.076375</out_Quantity.quantity></Point><Point><position>1521</position><in_Quantity.quantity>0.000000</in_Quantity.quantity><out_Quantity.quantity>781.238542</out_Quantity.quantity></Point><Point><position>1522</position><in_Quantity.quantity>0.000000</in_Quantity.quantity><out_Quantity.quantity>421.926405</out_Quantity.quantity></Point><Point><position>1523</position><in_Quantity.quantity>0.000000</in_Quantity.quantity><out_Quantity.quantity>18.790670</out_Quantity.quantity></Point><Point><position>1524</position><in_Quantity.quantity>0.000000</in_Quantity.quantity><out_Quantity.quantity>142.302763</out_Quantity.quantity></Point><Point><position>1525</position><in_Quantity.quantity>0.000000</in_Quantity.quantity><out_Quantity.quantity>444.766524</out_Quantity.quantity></Point><Point><position>1526</position><in_Quantity.quantity>0.000000</in_Quantity.quantity><out_Quantity.quantity>798.601933</out_Quantity.quantity></Point><Point><position>1527</position><in_Quantity.quantity>0.000000</in_Quantity.quantity><out_Quantity.quantity>805.937247</out_Quantity.quantity></Point><Point><position>1528</position><in_Quantity.quantity>0.000000</in_Quantity.quantity><out_Quantity.quantity>470.706583</out_Quantity.quantity></Point><Point><position>1529</position><in_Quantity.quantity>0.000000</in_Quantity.quantity><out_Quantity.quantity>669.798878</out_Quantity.quantity></Point><Point><position>1530</position><in_Quantity.quantity>0.000000</in_Quantity.quantity><out_Quantity.quantity>393.156153</out_Quantity.quantity></Point><Point><position>1531</position><in_Quantity.quantity>0.000000</in_Quantity.quantity><out_Quantity.quantity>36.116335</out_Quantity.quantity></Point><Point><position>1532</position><in_Quantity.quantity>0.000000</in_Quantity.quantity><out_Quantity.quantity>664.829406</out_Quantity.quantity></Point><Point><position>1533</position><in_Quantity.quantity>0.000000</in_Quantity.quantity><out_Quantity.quantity>298.870923</out_Quantity.quantity></Point><Point><position>1534</position><in_Quantity.quantity>0.000000</in_Quantity.quantity><out_Quantity.quantity>412.476245</out_Quantity.quantity></Point><Point><position>1535</position><in_Quantity.quantity>0.000000</in_Quantity.quantity><out_Quantity.quantity>579.498682</out_Quantity.quantity></Point><Point><position>1536</position><in_Quantity.quantity>0.000000</in_Quantity.quantity><out_Quantity.quantity>850.222359</out_Quantity.quantity></Point><Point><position>1537</position><in_Quantity.quantity>0.000000</in_Quantity.quantity><out_Quantity.quantity>290.463415</out_Quantity.quantity></Point><Point><position>1538</position><in_Quantity.quantity>0.000000</in_Quantity.quantity><out_Quantity.quantity>45.176911</out_Quantity.quantity></Point><Point><position>1539</position><in_Quantity.quantity>0.000000</in_Quantity.quantity><out_Quantity.quantity>319.780612</out_Quantity.quantity></Point><Point><position>1540</position><in_Quantity.quantity>0.000000</in_Quantity.quantity><out_Quantity.quantity>910.103319</out_Quantity.quantity></Point><Point><position>1541</position><in_Quantity.quantity>0.000000</in_Quantity.quantity><out_Quantity.quantity>728.457134</out_Quantity.quantity></Point><Point><position>1542</position><in_Quantity.quantity>0.000000</in_Quantity.quantity><out_Quantity.quantity>72.422522</out_Quantity.quantity></Point><Point><position>1543</position><in_Quantity.quantity>0.000000</in_Quantity.quantity><out_Quantity.quantity>177.942813</out_Quantity.quantity></Point><Point><position>1544</position><in_Quantity.quantity>0.000000</in_Quantity.quantity><out_Quantity.quantity>863.651194</out_Quantity.quantity></Point><Point><position>1545</position><in_Quantity.quantity>0.000000</in_Quantity.quantity><out_Quantity.quantity>556.280083</out_Quantity.quantity></Point><Point><position>1546</position><in_Quantity.quantity>0.000000</in_Quantity.quantity><out_Quantity.quantity>214.909012</out_Quantity.quantity></Point><Point><position>1547</position><in_Quantity.quantity>0.000000</in_Quantity.quantity><out_Quantity.quantity>305.256526</out_Quantity.quantity></Point><Point><position>1548</position><in_Quantity.quantity>0.000000</in_Quantity.quantity><out_Quantity.quantity>608.463585</out_Quantity.quantity></Point><Point><position>1549</position><in_Quantity.quantity>0.000000</in_Quantity.quantity><out_Quantity.quantity>417.934611</out_Quantity.quantity></Point><Point><position>1550</position><in_Quantity.quantity>0.000000</in_Quantity.quantity><out_Quantity.quantity>558.175452</out_Quantity.quantity></Point><Point><position>1551</position><in_Quantity.quantity>0.000000</in_Quantity.quantity><out_Quantity.quantity>778.254167</out_Quantity.quantity></Point><Point><position>1552</position><in_Quantity.quantity>0.000000</in_Quantity.quantity><out_Quantity.quantity>643.750763</out_Quantity.quantity></Point><Point><position>1553</position><in_Quantity.quantity>0.000000</in_Quantity.quantity><out_Quantity.quantity>126.311600</out_Quantity.quantity></Point><Point><position>1554</position><in_Quantity.quantity>0.000000</in_Quantity.quantity><out_Quantity.quantity>664.363928</out_Quantity.quantity></Point><Point><position>1555</position><in_Quantity.quantity>0.000000</in_Quantity.quantity><out_Quantity.quantity>667.372299</out_Quantity.quantity></Point><Point><position>1556</position><in_Quantity.quantity>0.000000</in_Quantity.quantity><out_Quantity.quantity>105.188366</out_Quantity.quantity></Point><Point><position>1557</position><in_Quantity.quantity>0.000000</in_Quantity.quantity><out_Quantity.quantity>785.324551</out_Quantity.quantity></Point><Point><position>1558</position><in_Quantity.quantity>0.000000</in_Quantity.quantity><out_Quantity.quantity>889.081406</out_Quantity.quantity></Point><Point><position>1559</position><in_Quantity.quantity>0.000000</in_Quantity.quantity><out_Quantity.quantity>224.838487</out_Quantity.quantity></Point><Point><position>1560</position><in_Quantity.quantity>0.000000</in_Quantity.quantity><out_Quantity.quantity>789.606464</out_Quantity.quantity></Point><Point><position>1561</position><in_Quantity.quantity>0.000000</in_Quantity.quantity><out_Quantity.quantity>888.305124</out_Quantity.quantity></Point><Point><position>1562</position><in_Quantity.quantity>0.000000</in_Quantity.quantity><out_Quantity.quantity>942.541144</out_Quantity.quantity></Point><Point><position>1563</position><in_Quantity.quantity>0.000000</in_Quantity.quantity><out_Quantity.quantity>669.391999</out_Quantity.quantity></Point><Point><position>1564</position><in_Quantity.quantity>0.000000</in_Quantity.quantity><out_Quantity.quantity>331.643181</out_Quantity.quantity></Point><Point><position>1565</position><in_Quantity.quantity>0.000000</in_Quantity.quantity><out_Quantity.quantity>181.115877</out_Quantity.quantity></Point><Point><position>1566</position><in_Quantity.quantity>0.000000</in_Quantity.quantity><out_Quantity.quantity>336.925437</out_Quantity.quantity></Point><Point><position>1567</position><in_Quantity.quantity>0.000000</in_Quantity.quantity><out_Quantity.quantity>197.424240</out_Quantity.quantity></Point><Point><position>1568</position><in_Quantity.quantity>0.000000</in_Quantity.quantity><out_Quantity.quantity>484.224665</out_Quantity.quantity></Point><Point><position>1569</position><in_Quantity.quantity>0.000000</in_Quantity.quantity><out_Quantity.quantity>888.962801</out_Quantity.quantity></Point><Point><position>1570</position><in_Quantity.quantity>0.000000</in_Quantity.quantity><out_Quantity.quantity>758.735502</out_Quantity.quantity></Point><Point><position>1571</position><in_Quantity.quantity>0.000000</in_Quantity.quantity><out_Quantity.quantity>383.776926</out_Quantity.quantity></Point><Point><position>1572</position><in_Quantity.quantity>0.000000</in_Quantity.quantity><out_Quantity.quantity>990.249257</out_Quantity.quantity></Point><Point><position>1573</position><in_Quantity.quantity>0.000000</in_Quantity.quantity><out_Quantity.quantity>473.438959</out_Quantity.quantity></Point><Point><position>1574</position><in_Quantity.quantity>0.000000</in_Quantity.quantity><out_Quantity.quantity>85.971205</out_Quantity.quantity></Point><Point><position>1575</position><in_Quantity.quantity>0.000000</in_Quantity.quantity><out_Quantity.quantity>70.751302</out_Quantity.quantity></Point><Point><position>1576</position><in_Quantity.quantity>0.000000</in_Quantity.quantity><out_Quantity.quantity>967.752463</out_Quantity.quantity></Point><Point><position>1577</position><in_Quantity.quantity>0.000000</in_Quantity.quantity><out_Quantity.quantity>962.355866</out_Quantity.quantity></Point><Point><position>1578</position><in_Quantity.quantity>0.000000</in_Quantity.quantity><out_Quantity.quantity>311.710339</out_Quantity.quantity></Point><Point><position>1579</position><in_Quantity.quantity>0.000000</in_Quantity.quantity><out_Quantity.quantity>89.843375</out_Quantity.quantity></Point><Point><position>1580</position><in_Quantity.quantity>0.000000</in_Quantity.quantity><out_Quantity.quantity>662.506051</out_Quantity.quantity></Point><Point><position>1581</position><in_Quantity.quantity>0.000000</in_Quantity.quantity><out_Quantity.quantity>512.330500</out_Quantity.quantity></Point><Point><position>1582</position><in_Quantity.quantity>0.000000</in_Quantity.quantity><out_Quantity.quantity>73.420061</out_Quantity.quantity></Point><Point><position>1583</position><in_Quantity.quantity>0.000000</in_Quantity.quantity><out_Quantity.quantity>547.822036</out_Quantity.quantity></Point><Point><position>1584</position><in_Quantity.quantity>0.000000</in_Quantity.quantity><out_Quantity.quantity>923.067128</out_Quantity.quantity></Point><Point><position>1585</position><in_Quantity.quantity>0.000000</in_Quantity.quantity><out_Quantity.quantity>22.095755</out_Quantity.quantity></Point><Point><position>1586</position><in_Quantity.quantity>0.000000</in_Quantity.quantity><out_Quantity.quantity>607.262628</out_Quantity.quantity></Point><Point><position>1587</position><in_Quantity.quantity>0.000000</in_Quantity.quantity><out_Quantity.quantity>933.622703</out_Quantity.quantity></Point><Point><position>1588</position><in_Quantity.quantity>0.000000</in_Quantity.quantity><out_Quantity.quantity>675.926302</out_Quantity.quantity></Point><Point><position>1589</position><in_Quantity.quantity>0.000000</in_Quantity.quantity><out_Quantity.quantity>726.087473</out_Quantity.quantity></Point><Point><position>1590</position><in_Quantity.quantity>0.000000</in_Quantity.quantity><out_Quantity.quantity>2.180371</out_Quantity.quantity></Point><Point><position>1591</position><in_Quantity.quantity>0.000000</in_Quantity.quantity><out_Quantity.quantity>789.281741</out_Quantity.quantity></Point><Point><position>1592</position><in_Quantity.quantity>0.000000</in_Quantity.quantity><out_Quantity.quantity>405.618245</out_Quantity.quantity></Point><Point><position>1593</position><in_Quantity.quantity>0.000000</in_Quantity.quantity><out_Quantity.quantity>803.230387</out_Quantity.quantity></Point><Point><position>1594</position><in_Quantity.quantity>0.000000</in_Quantity.quantity><out_Quantity.quantity>522.542107</out_Quantity.quantity></Point><Point><position>1595</position><in_Quantity.quantity>0.000000</in_Quantity.quantity><out_Quantity.quantity>991.164997</out_Quantity.quantity></Point><Point><position>1596</position><in_Quantity.quantity>0.000000</in_Quantity.quantity><out_Quantity.quantity>548.936840</out_Quantity.quantity></Point><Point><position>1597</position><in_Quantity.quantity>0.000000</in_Quantity.quantity><out_Quantity.quantity>883.834045</out_Quantity.quantity></Point><Point><position>1598</position><in_Quantity.quantity>0.000000</in_Quantity.quantity><out_Quantity.quantity>962.078552</out_Quantity.quantity></Point><Point><position>1599</position><in_Quantity.quantity>0.000000</in_Quantity.quantity><out_Quantity.quantity>513.233813</out_Quantity.quantity></Point><Point><position>1600</position><in_Quantity.quantity>0.000000</in_Quantity.quantity><out_Quantity.quantity>800.494668</out_Quantity.quantity></Point><Point><position>1601</position><in_Quantity.quantity>0.000000</in_Quantity.quantity><out_Quantity.quantity>760.255123</out_Quantity.quantity></Point><Point><position>1602</position><in_Quantity.quantity>0.000000</in_Quantity.quantity><out_Quantity.quantity>337.242984</out_Quantity.quantity></Point><Point><position>1603</position><in_Quantity.quantity>0.000000</in_Quantity.quantity><out_Quantity.quantity>329.203761</out_Quantity.quantity></Point><Point><position>1604</position><in_Quantity.quantity>0.000000</in_Quantity.quantity><out_Quantity.quantity>882.946861</out_Quantity.quantity></Point><Point><position>1605</position><in_Quantity.quantity>0.000000</in_Quantity.quantity><out_Quantity.quantity>638.933117</out_Quantity.quantity></Point><Point><position>1606</position><in_Quantity.quantity>0.000000</in_Quantity.quantity><out_Quantity.quantity>991.942794</out_Quantity.quantity></Point><Point><position>1607</position><in_Quantity.quantity>0.000000</in_Quantity.quantity><out_Quantity.quantity>922.817280</out_Quantity.quantity></Point><Point><position>1608</position><in_Quantity.quantity>0.000000</in_Quantity.quantity><out_Quantity.quantity>659.141792</out_Quantity.quantity></Point><Point><position>1609</position><in_Quantity.quantity>0.000000</in_Quantity.quantity><out_Quantity.quantity>333.181690</out_Quantity.quantity></Point><Point><position>1610</position><in_Quantity.quantity>0.000000</in_Quantity.quantity><out_Quantity.quantity>926.694709</out_Quantity.quantity></Point><Point><position>1611</position><in_Quantity.quantity>0.000000</in_Quantity.quantity><out_Quantity.quantity>973.464791</out_Quantity.quantity></Point><Point><position>1612</position><in_Quantity.quantity>0.000000</in_Quantity.quantity><out_Quantity.quantity>928.119188</out_Quantity.quantity></Point><Point><position>1613</position><in_Quantity.quantity>0.000000</in_Quantity.quantity><out_Quantity.quantity>610.360839</out_Quantity.quantity></Point><Point><position>1614</position><in_Quantity.quantity>0.000000</in_Quantity.quantity><out_Quantity.quantity>901.470605</out_Quantity.quantity></Point><Point><position>1615</position><in_Quantity.quantity>0.000000</in_Quantity.quantity><out_Quantity.quantity>384.013614</out_Quantity.quantity></Point><Point><position>1616</position><in_Quantity.quantity>0.000000</in_Quantity.quantity><out_Quantity.quantity>331.232558</out_Quantity.quantity></Point><Point><position>1617</position><in_Quantity.quantity>0.000000</in_Quantity.quantity><out_Quantity.quantity>591.417498</out_Quantity.quantity></Point><Point><position>1618</position><in_Quantity.quantity>0.000000</in_Quantity.quantity><out_Quantity.quantity>467.214389</out_Quantity.quantity></Point><Point><position>1619</position><in_Quantity.quantity>0.000000</in_Quantity.quantity><out_Quantity.quantity>438.086910</out_Quantity.quantity></Point><Point><position>1620</position><in_Quantity.quantity>0.000000</in_Quantity.quantity><out_Quantity.quantity>832.814236</out_Quantity.quantity></Point><Point><position>1621</position><in_Quantity.quantity>0.000000</in_Quantity.quantity><out_Quantity.quantity>912.211921</out_Quantity.quantity></Point><Point><position>1622</position><in_Quantity.quantity>0.000000</in_Quantity.quantity><out_Quantity.quantity>731.681007</out_Quantity.quantity></Point><Point><position>1623</position><in_Quantity.quantity>0.000000</in_Quantity.quantity><out_Quantity.quantity>863.983374</out_Quantity.quantity></Point><Point><position>1624</position><in_Quantity.quantity>0.000000</in_Quantity.quantity><out_Quantity.quantity>489.375290</out_Quantity.quantity></Point><Point><position>1625</position><in_Quantity.quantity>0.000000</in_Quantity.quantity><out_Quantity.quantity>619.585648</out_Quantity.quantity></Point><Point><position>1626</position><in_Quantity.quantity>0.000000</in_Quantity.quantity><out_Quantity.quantity>42.754301</out_Quantity.quantity></Point><Point><position>1627</position><in_Quantity.quantity>0.000000</in_Quantity.quantity><out_Quantity.quantity>296.730909</out_Quantity.quantity></Point><Point><position>1628</position><in_Quantity.quantity>0.000000</in_Quantity.quantity><out_Quantity.quantity>603.861739</out_Quantity.quantity></Point><Point><position>1629</position><in_Quantity.quantity>0.000000</in_Quantity.quantity><out_Quantity.quantity>759.265757</out_Quantity.quantity></Point><Point><position>1630</position><in_Quantity.quantity>0.000000</in_Quantity.quantity><out_Quantity.quantity>765.571313</out_Quantity.quantity></Point><Point><position>1631</position><in_Quantity.quantity>0.000000</in_Quantity.quantity><out_Quantity.quantity>849.885204</out_Quantity.quantity></Point><Point><position>1632</position><in_Quantity.quantity>0.000000</in_Quantity.quantity><out_Quantity.quantity>829.419988</out_Quantity.quantity></Point><Point><position>1633</position><in_Quantity.quantity>0.000000</in_Quantity.quantity><out_Quantity.quantity>182.600140</out_Quantity.quantity></Point><Point><position>1634</position><in_Quantity.quantity>0.000000</in_Quantity.quantity><out_Quantity.quantity>216.610734</out_Quantity.quantity></Point><Point><position>1635</position><in_Quantity.quantity>0.000000</in_Quantity.quantity><out_Quantity.quantity>793.954388</out_Quantity.quantity></Point><Point><position>1636</position><in_Quantity.quantity>0.000000</in_Quantity.quantity><out_Quantity.quantity>901.026886</out_Quantity.quantity></Point><Point><position>1637</position><in_Quantity.quantity>0.000000</in_Quantity.quantity><out_Quantity.quantity>308.745595</out_Quantity.quantity></Point><Point><position>1638</position><in_Quantity.quantity>0.000000</in_Quantity.quantity><out_Quantity.quantity>100.807414</out_Quantity.quantity></Point><Point><position>1639</position><in_Quantity.quantity>0.000000</in_Quantity.quantity><out_Quantity.quantity>252.422343</out_Quantity.quantity></Point><Point><position>1640</position><in_Quantity.quantity>0.000000</in_Quantity.quantity><out_Quantity.quantity>180.004716</out_Quantity.quantity></Point><Point><position>1641</position><in_Quantity.quantity>0.000000</in_Quantity.quantity><out_Quantity.quantity>630.446309</out_Quantity.quantity></Point><Point><position>1642</position><in_Quantity.quantity>0.000000</in_Quantity.quantity><out_Quantity.quantity>604.811257</out_Quantity.quantity></Point><Point><position>1643</position><in_Quantity.quantity>0.000000</in_Quantity.quantity><out_Quantity.quantity>35.682976</out_Quantity.quantity></Point><Point><position>1644</position><in_Quantity.quantity>0.000000</in_Quantity.quantity><out_Quantity.quantity>544.296546</out_Quantity.quantity></Point><Point><position>1645</position><in_Quantity.quantity>0.000000</in_Quantity.quantity><out_Quantity.quantity>501.161387</out_Quantity.quantity></Point><Point><position>1646</position><in_Quantity.quantity>0.000000</in_Quantity.quantity><out_Quantity.quantity>529.477884</out_Quantity.quantity></Point><Point><position>1647</position><in_Quantity.quantity>0.000000</in_Quantity.quantity><out_Quantity.quantity>666.143987</out_Quantity.quantity></Point><Point><position>1648</position><in_Quantity.quantity>0.000000</in_Quantity.quantity><out_Quantity.quantity>560.946475</out_Quantity.quantity></Point><Point><position>1649</position><in_Quantity.quantity>0.000000</in_Quantity.quantity><out_Quantity.quantity>517.366843</out_Quantity.quantity></Point><Point><position>1650</position><in_Quantity.quantity>0.000000</in_Quantity.quantity><out_Quantity.quantity>300.446828</out_Quantity.quantity></Point><Point><position>1651</position><in_Quantity.quantity>0.000000</in_Quantity.quantity><out_Quantity.quantity>848.874320</out_Quantity.quantity></Point><Point><position>1652</position><in_Quantity.quantity>0.000000</in_Quantity.quantity><out_Quantity.quantity>270.585404</out_Quantity.quantity></Point><Point><position>1653</position><in_Quantity.quantity>0.000000</in_Quantity.quantity><out_Quantity.quantity>323.126739</out_Quantity.quantity></Point><Point><position>1654</position><in_Quantity.quantity>0.000000</in_Quantity.quantity><out_Quantity.quantity>370.741297</out_Quantity.quantity></Point><Point><position>1655</position><in_Quantity.quantity>0.000000</in_Quantity.quantity><out_Quantity.quantity>620.921675</out_Quantity.quantity></Point><Point><position>1656</position><in_Quantity.quantity>0.000000</in_Quantity.quantity><out_Quantity.quantity>167.242246</out_Quantity.quantity></Point><Point><position>1657</position><in_Quantity.quantity>0.000000</in_Quantity.quantity><out_Quantity.quantity>797.053709</out_Quantity.quantity></Point><Point><position>1658</position><in_Quantity.quantity>0.000000</in_Quantity.quantity><out_Quantity.quantity>813.803105</out_Quantity.quantity></Point><Point><position>1659</position><in_Quantity.quantity>0.000000</in_Quantity.quantity><out_Quantity.quantity>262.160919</out_Quantity.quantity></Point><Point><position>1660</position><in_Quantity.quantity>0.000000</in_Quantity.quantity><out_Quantity.quantity>57.548040</out_Quantity.quantity></Point><Point><position>1661</position><in_Quantity.quantity>0.000000</in_Quantity.quantity><out_Quantity.quantity>0.623869</out_Quantity.quantity></Point><Point><position>1662</position><in_Quantity.quantity>0.000000</in_Quantity.quantity><out_Quantity.quantity>313.434343</out_Quantity.quantity></Point><Point><position>1663</position><in_Quantity.quantity>0.000000</in_Quantity.quantity><out_Quantity.quantity>340.582625</out_Quantity.quantity></Point><Point><position>1664</position><in_Quantity.quantity>0.000000</in_Quantity.quantity><out_Quantity.quantity>849.582484</out_Quantity.quantity></Point><Point><position>1665</position><in_Quantity.quantity>0.000000</in_Quantity.quantity><out_Quantity.quantity>406.948216</out_Quantity.quantity></Point><Point><position>1666</position><in_Quantity.quantity>0.000000</in_Quantity.quantity><out_Quantity.quantity>231.667114</out_Quantity.quantity></Point><Point><position>1667</position><in_Quantity.quantity>0.000000</in_Quantity.quantity><out_Quantity.quantity>585.233565</out_Quantity.quantity></Point><Point><position>1668</position><in_Quantity.quantity>0.000000</in_Quantity.quantity><out_Quantity.quantity>754.813508</out_Quantity.quantity></Point><Point><position>1669</position><in_Quantity.quantity>0.000000</in_Quantity.quantity><out_Quantity.quantity>62.645160</out_Quantity.quantity></Point><Point><position>1670</position><in_Quantity.quantity>0.000000</in_Quantity.quantity><out_Quantity.quantity>74.500109</out_Quantity.quantity></Point><Point><position>1671</position><in_Quantity.quantity>0.000000</in_Quantity.quantity><out_Quantity.quantity>45.780825</out_Quantity.quantity></Point><Point><position>1672</position><in_Quantity.quantity>0.000000</in_Quantity.quantity><out_Quantity.quantity>227.185919</out_Quantity.quantity></Point><Point><position>1673</position><in_Quantity.quantity>0.000000</in_Quantity.quantity><out_Quantity.quantity>468.355911</out_Quantity.quantity></Point><Point><position>1674</position><in_Quantity.quantity>0.000000</in_Quantity.quantity><out_Quantity.quantity>405.951123</out_Quantity.quantity></Point><Point><position>1675</position><in_Quantity.quantity>0.000000</in_Quantity.quantity><out_Quantity.quantity>407.296563</out_Quantity.quantity></Point><Point><position>1676</position><in_Quantity.quantity>0.000000</in_Quantity.quantity><out_Quantity.quantity>351.296240</out_Quantity.quantity></Point><Point><position>1677</position><in_Quantity.quantity>0.000000</in_Quantity.quantity><out_Quantity.quantity>982.983426</out_Quantity.quantity></Point><Point><position>1678</position><in_Quantity.quantity>0.000000</in_Quantity.quantity><out_Quantity.quantity>651.514632</out_Quantity.quantity></Point><Point><position>1679</position><in_Quantity.quantity>0.000000</in_Quantity.quantity><out_Quantity.quantity>383.183568</out_Quantity.quantity></Point><Point><position>1680</position><in_Quantity.quantity>0.000000</in_Quantity.quantity><out_Quantity.quantity>856.691205</out_Quantity.quantity></Point><Point><position>1681</position><in_Quantity.quantity>0.000000</in_Quantity.quantity><out_Quantity.quantity>431.487269</out_Quantity.quantity></Point><Point><position>1682</position><in_Quantity.quantity>0.000000</in_Quantity.quantity><out_Quantity.quantity>1.011456</out_Quantity.quantity></Point><Point><position>1683</position><in_Quantity.quantity>0.000000</in_Quantity.quantity><out_Quantity.quantity>526.440557</out_Quantity.quantity></Point><Point><position>1684</position><in_Quantity.quantity>0.000000</in_Quantity.quantity><out_Quantity.quantity>290.388099</out_Quantity.quantity></Point><Point><position>1685</position><in_Quantity.quantity>0.000000</in_Quantity.quantity><out_Quantity.quantity>899.059395</out_Quantity.quantity></Point><Point><position>1686</position><in_Quantity.quantity>0.000000</in_Quantity.quantity><out_Quantity.quantity>599.999125</out_Quantity.quantity></Point><Point><position>1687</position><in_Quantity.quantity>0.000000</in_Quantity.quantity><out_Quantity.quantity>755.340804</out_Quantity.quantity></Point><Point><position>1688</position><in_Quantity.quantity>0.000000</in_Quantity.quantity><out_Quantity.quantity>797.202648</out_Quantity.quantity></Point><Point><position>1689</position><in_Quantity.quantity>0.000000</in_Quantity.quantity><out_Quantity.quantity>44.791541</out_Quantity.quantity></Point><Point><position>1690</position><in_Quantity.quantity>0.000000</in_Quantity.quantity><out_Quantity.quantity>222.386683</out_Quantity.quantity></Point><Point><position>1691</position><in_Quantity.quantity>0.000000</in_Quantity.quantity><out_Quantity.quantity>898.402742</out_Quantity.quantity></Point><Point><position>1692</position><in_Quantity.quantity>0.000000</in_Quantity.quantity><out_Quantity.quantity>984.961885</out_Quantity.quantity></Point><Point><position>1693</position><in_Quantity.quantity>0.000000</in_Quantity.quantity><out_Quantity.quantity>923.913952</out_Quantity.quantity></Point><Point><position>1694</position><in_Quantity.quantity>0.000000</in_Quantity.quantity><out_Quantity.quantity>39.677562</out_Quantity.quantity></Point><Point><position>1695</position><in_Quantity.quantity>0.000000</in_Quantity.quantity><out_Quantity.quantity>177.400060</out_Quantity.quantity></Point><Point><position>1696</position><in_Quantity.quantity>0.000000</in_Quantity.quantity><out_Quantity.quantity>37.185992</out_Quantity.quantity></Point><Point><position>1697</position><in_Quantity.quantity>0.000000</in_Quantity.quantity><out_Quantity.quantity>441.299670</out_Quantity.quantity></Point><Point><position>1698</position><in_Quantity.quantity>0.000000</in_Quantity.quantity><out_Quantity.quantity>374.246661</out_Quantity.quantity></Point><Point><position>1699</position><in_Quantity.quantity>0.000000</in_Quantity.quantity><out_Quantity.quantity>452.101693</out_Quantity.quantity></Point><Point><position>1700</position><in_Quantity.quantity>0.000000</in_Quantity.quantity><out_Quantity.quantity>894.142507</out_Quantity.quantity></Point><Point><position>1701</position><in_Quantity.quantity>0.000000</in_Quantity.quantity><out_Quantity.quantity>444.612149</out_Quantity.quantity></Point><Point><position>1702</position><in_Quantity.quantity>0.000000</in_Quantity.quantity><out_Quantity.quantity>929.269201</out_Quantity.quantity></Point><Point><position>1703</position><in_Quantity.quantity>0.000000</in_Quantity.quantity><out_Quantity.quantity>661.768468</out_Quantity.quantity></Point><Point><position>1704</position><in_Quantity.quantity>0.000000</in_Quantity.quantity><out_Quantity.quantity>936.506428</out_Quantity.quantity></Point><Point><position>1705</position><in_Quantity.quantity>0.000000</in_Quantity.quantity><out_Quantity.quantity>827.026368</out_Quantity.quantity></Point><Point><position>1706</position><in_Quantity.quantity>0.000000</in_Quantity.quantity><out_Quantity.quantity>219.105021</out_Quantity.quantity></Point><Point><position>1707</position><in_Quantity.quantity>0.000000</in_Quantity.quantity><out_Quantity.quantity>781.616794</out_Quantity.quantity></Point><Point><position>1708</position><in_Quantity.quantity>0.000000</in_Quantity.quantity><out_Quantity.quantity>966.941735</out_Quantity.quantity></Point><Point><position>1709</position><in_Quantity.quantity>0.000000</in_Quantity.quantity><out_Quantity.quantity>108.447379</out_Quantity.quantity></Point><Point><position>1710</position><in_Quantity.quantity>0.000000</in_Quantity.quantity><out_Quantity.quantity>586.671855</out_Quantity.quantity></Point><Point><position>1711</position><in_Quantity.quantity>0.000000</in_Quantity.quantity><out_Quantity.quantity>889.078571</out_Quantity.quantity></Point><Point><position>1712</position><in_Quantity.quantity>0.000000</in_Quantity.quantity><out_Quantity.quantity>34.178078</out_Quantity.quantity></Point><Point><position>1713</position><in_Quantity.quantity>0.000000</in_Quantity.quantity><out_Quantity.quantity>135.358663</out_Quantity.quantity></Point><Point><position>1714</position><in_Quantity.quantity>0.000000</in_Quantity.quantity><out_Quantity.quantity>889.578865</out_Quantity.quantity></Point><Point><position>1715</position><in_Quantity.quantity>0.000000</in_Quantity.quantity><out_Quantity.quantity>481.360102</out_Quantity.quantity></Point><Point><position>1716</position><in_Quantity.quantity>0.000000</in_Quantity.quantity><out_Quantity.quantity>980.627930</out_Quantity.quantity></Point><Point><position>1717</position><in_Quantity.quantity>0.000000</in_Quantity.quantity><out_Quantity.quantity>858.938774</out_Quantity.quantity></Point><Point><position>1718</position><in_Quantity.quantity>0.000000</in_Quantity.quantity><out_Quantity.quantity>670.641785</out_Quantity.quantity></Point><Point><position>1719</position><in_Quantity.quantity>0.000000</in_Quantity.quantity><out_Quantity.quantity>729.121565</out_Quantity.quantity></Point><Point><position>1720</position><in_Quantity.quantity>0.000000</in_Quantity.quantity><out_Quantity.quantity>685.396146</out_Quantity.quantity></Point><Point><position>1721</position><in_Quantity.quantity>0.000000</in_Quantity.quantity><out_Quantity.quantity>387.152045</out_Quantity.quantity></Point><Point><position>1722</position><in_Quantity.quantity>0.000000</in_Quantity.quantity><out_Quantity.quantity>343.616077</out_Quantity.quantity></Point><Point><position>1723</position><in_Quantity.quantity>0.000000</in_Quantity.quantity><out_Quantity.quantity>22.333550</out_Quantity.quantity></Point><Point><position>1724</position><in_Quantity.quantity>0.000000</in_Quantity.quantity><out_Quantity.quantity>647.295084</out_Quantity.quantity></Point><Point><position>1725</position><in_Quantity.quantity>0.000000</in_Quantity.quantity><out_Quantity.quantity>521.892147</out_Quantity.quantity></Point><Point><position>1726</position><in_Quantity.quantity>0.000000</in_Quantity.quantity><out_Quantity.quantity>882.731832</out_Quantity.quantity></Point><Point><position>1727</position><in_Quantity.quantity>0.000000</in_Quantity.quantity><out_Quantity.quantity>642.422322</out_Quantity.quantity></Point><Point><position>1728</position><in_Quantity.quantity>0.000000</in_Quantity.quantity><out_Quantity.quantity>911.274441</out_Quantity.quantity></Point><Point><position>1729</position><in_Quantity.quantity>0.000000</in_Quantity.quantity><out_Quantity.quantity>213.425097</out_Quantity.quantity></Point><Point><position>1730</position><in_Quantity.quantity>0.000000</in_Quantity.quantity><out_Quantity.quantity>715.759455</out_Quantity.quantity></Point><Point><position>1731</position><in_Quantity.quantity>0.000000</in_Quantity.quantity><out_Quantity.quantity>115.819646</out_Quantity.quantity></Point><Point><position>1732</position><in_Quantity.quantity>0.000000</in_Quantity.quantity><out_Quantity.quantity>780.240324</out_Quantity.quantity></Point><Point><position>1733</position><in_Quantity.quantity>0.000000</in_Quantity.quantity><out_Quantity.quantity>107.591737</out_Quantity.quantity></Point><Point><position>1734</position><in_Quantity.quantity>0.000000</in_Quantity.quantity><out_Quantity.quantity>70.505021</out_Quantity.quantity></Point><Point><position>1735</position><in_Quantity.quantity>0.000000</in_Quantity.quantity><out_Quantity.quantity>253.836466</out_Quantity.quantity></Point><Point><position>1736</position><in_Quantity.quantity>0.000000</in_Quantity.quantity><out_Quantity.quantity>728.881437</out_Quantity.quantity></Point><Point><position>1737</position><in_Quantity.quantity>0.000000</in_Quantity.quantity><out_Quantity.quantity>777.114411</out_Quantity.quantity></Point><Point><position>1738</position><in_Quantity.quantity>0.000000</in_Quantity.quantity><out_Quantity.quantity>839.035201</out_Quantity.quantity></Point><Point><position>1739</position><in_Quantity.quantity>0.000000</in_Quantity.quantity><out_Quantity.quantity>844.037118</out_Quantity.quantity></Point><Point><position>1740</position><in_Quantity.quantity>0.000000</in_Quantity.quantity><out_Quantity.quantity>284.474311</out_Quantity.quantity></Point><Point><position>1741</position><in_Quantity.quantity>0.000000</in_Quantity.quantity><out_Quantity.quantity>869.560136</out_Quantity.quantity></Point><Point><position>1742</position><in_Quantity.quantity>0.000000</in_Quantity.quantity><out_Quantity.quantity>723.378076</out_Quantity.quantity></Point><Point><position>1743</position><in_Quantity.quantity>0.000000</in_Quantity.quantity><out_Quantity.quantity>688.454784</out_Quantity.quantity></Point><Point><position>1744</position><in_Quantity.quantity>0.000000</in_Quantity.quantity><out_Quantity.quantity>827.458084</out_Quantity.quantity></Point><Point><position>1745</position><in_Quantity.quantity>0.000000</in_Quantity.quantity><out_Quantity.quantity>647.754434</out_Quantity.quantity></Point><Point><position>1746</position><in_Quantity.quantity>0.000000</in_Quantity.quantity><out_Quantity.quantity>88.618348</out_Quantity.quantity></Point><Point><position>1747</position><in_Quantity.quantity>0.000000</in_Quantity.quantity><out_Quantity.quantity>56.257851</out_Quantity.quantity></Point><Point><position>1748</position><in_Quantity.quantity>0.000000</in_Quantity.quantity><out_Quantity.quantity>841.659158</out_Quantity.quantity></Point><Point><position>1749</position><in_Quantity.quantity>0.000000</in_Quantity.quantity><out_Quantity.quantity>37.409935</out_Quantity.quantity></Point><Point><position>1750</position><in_Quantity.quantity>0.000000</in_Quantity.quantity><out_Quantity.quantity>992.198422</out_Quantity.quantity></Point><Point><position>1751</position><in_Quantity.quantity>0.000000</in_Quantity.quantity><out_Quantity.quantity>488.432390</out_Quantity.quantity></Point><Point><position>1752</position><in_Quantity.quantity>0.000000</in_Quantity.quantity><out_Quantity.quantity>553.374860</out_Quantity.quantity></Point><Point><position>1753</position><in_Quantity.quantity>0.000000</in_Quantity.quantity><out_Quantity.quantity>856.577885</out_Quantity.quantity></Point><Point><position>1754</position><in_Quantity.quantity>0.000000</in_Quantity.quantity><out_Quantity.quantity>348.920583</out_Quantity.quantity></Point><Point><position>1755</position><in_Quantity.quantity>0.000000</in_Quantity.quantity><out_Quantity.quantity>553.441249</out_Quantity.quantity></Point><Point><position>1756</position><in_Quantity.quantity>0.000000</in_Quantity.quantity><out_Quantity.quantity>153.773186</out_Quantity.quantity></Point><Point><position>1757</position><in_Quantity.quantity>0.000000</in_Quantity.quantity><out_Quantity.quantity>747.315778</out_Quantity.quantity></Point><Point><position>1758</position><in_Quantity.quantity>0.000000</in_Quantity.quantity><out_Quantity.quantity>213.221129</out_Quantity.quantity></Point><Point><position>1759</position><in_Quantity.quantity>0.000000</in_Quantity.quantity><out_Quantity.quantity>579.996842</out_Quantity.quantity></Point><Point><position>1760</position><in_Quantity.quantity>0.000000</in_Quantity.quantity><out_Quantity.quantity>972.874389</out_Quantity.quantity></Point><Point><position>1761</position><in_Quantity.quantity>0.000000</in_Quantity.quantity><out_Quantity.quantity>667.891559</out_Quantity.quantity></Point><Point><position>1762</position><in_Quantity.quantity>0.000000</in_Quantity.quantity><out_Quantity.quantity>630.313672</out_Quantity.quantity></Point><Point><position>1763</position><in_Quantity.quantity>0.000000</in_Quantity.quantity><out_Quantity.quantity>677.424124</out_Quantity.quantity></Point><Point><position>1764</position><in_Quantity.quantity>0.000000</in_Quantity.quantity><out_Quantity.quantity>702.421142</out_Quantity.quantity></Point><Point><position>1765</position><in_Quantity.quantity>0.000000</in_Quantity.quantity><out_Quantity.quantity>806.186441</out_Quantity.quantity></Point><Point><position>1766</position><in_Quantity.quantity>0.000000</in_Quantity.quantity><out_Quantity.quantity>449.622045</out_Quantity.quantity></Point><Point><position>1767</position><in_Quantity.quantity>0.000000</in_Quantity.quantity><out_Quantity.quantity>848.369258</out_Quantity.quantity></Point><Point><position>1768</position><in_Quantity.quantity>0.000000</in_Quantity.quantity><out_Quantity.quantity>779.859017</out_Quantity.quantity></Point><Point><position>1769</position><in_Quantity.quantity>0.000000</in_Quantity.quantity><out_Quantity.quantity>404.466892</out_Quantity.quantity></Point><Point><position>1770</position><in_Quantity.quantity>0.000000</in_Quantity.quantity><out_Quantity.quantity>310.082382</out_Quantity.quantity></Point><Point><position>1771</position><in_Quantity.quantity>0.000000</in_Quantity.quantity><out_Quantity.quantity>960.480987</out_Quantity.quantity></Point><Point><position>1772</position><in_Quantity.quantity>0.000000</in_Quantity.quantity><out_Quantity.quantity>943.592173</out_Quantity.quantity></Point><Point><position>1773</position><in_Quantity.quantity>0.000000</in_Quantity.quantity><out_Quantity.quantity>579.010487</out_Quantity.quantity></Point><Point><position>1774</position><in_Quantity.quantity>0.000000</in_Quantity.quantity><out_Quantity.quantity>780.997474</out_Quantity.quantity></Point><Point><position>1775</position><in_Quantity.quantity>0.000000</in_Quantity.quantity><out_Quantity.quantity>899.664298</out_Quantity.quantity></Point><Point><position>1776</position><in_Quantity.quantity>0.000000</in_Quantity.quantity><out_Quantity.quantity>574.947876</out_Quantity.quantity></Point><Point><position>1777</position><in_Quantity.quantity>0.000000</in_Quantity.quantity><out_Quantity.quantity>986.981724</out_Quantity.quantity></Point><Point><position>1778</position><in_Quantity.quantity>0.000000</in_Quantity.quantity><out_Quantity.quantity>893.956796</out_Quantity.quantity></Point><Point><position>1779</position><in_Quantity.quantity>0.000000</in_Quantity.quantity><out_Quantity.quantity>738.390456</out_Quantity.quantity></Point><Point><position>1780</position><in_Quantity.quantity>0.000000</in_Quantity.quantity><out_Quantity.quantity>491.482495</out_Quantity.quantity></Point><Point><position>1781</position><in_Quantity.quantity>0.000000</in_Quantity.quantity><out_Quantity.quantity>735.518894</out_Quantity.quantity></Point><Point><position>1782</position><in_Quantity.quantity>0.000000</in_Quantity.quantity><out_Quantity.quantity>41.913238</out_Quantity.quantity></Point><Point><position>1783</position><in_Quantity.quantity>0.000000</in_Quantity.quantity><out_Quantity.quantity>900.185276</out_Quantity.quantity></Point><Point><position>1784</position><in_Quantity.quantity>0.000000</in_Quantity.quantity><out_Quantity.quantity>485.789343</out_Quantity.quantity></Point><Point><position>1785</position><in_Quantity.quantity>0.000000</in_Quantity.quantity><out_Quantity.quantity>282.590565</out_Quantity.quantity></Point><Point><position>1786</position><in_Quantity.quantity>0.000000</in_Quantity.quantity><out_Quantity.quantity>546.420400</out_Quantity.quantity></Point><Point><position>1787</position><in_Quantity.quantity>0.000000</in_Quantity.quantity><out_Quantity.quantity>585.061386</out_Quantity.quantity></Point><Point><position>1788</position><in_Quantity.quantity>0.000000</in_Quantity.quantity><out_Quantity.quantity>292.296904</out_Quantity.quantity></Point><Point><position>1789</position><in_Quantity.quantity>0.000000</in_Quantity.quantity><out_Quantity.quantity>236.201418</out_Quantity.quantity></Point><Point><position>1790</position><in_Quantity.quantity>0.000000</in_Quantity.quantity><out_Quantity.quantity>223.982324</out_Quantity.quantity></Point><Point><position>1791</position><in_Quantity.quantity>0.000000</in_Quantity.quantity><out_Quantity.quantity>854.067775</out_Quantity.quantity></Point><Point><position>1792</position><in_Quantity.quantity>0.000000</in_Quantity.quantity><out_Quantity.quantity>888.986407</out_Quantity.quantity></Point><Point><position>1793</position><in_Quantity.quantity>0.000000</in_Quantity.quantity><out_Quantity.quantity>617.812545</out_Quantity.quantity></Point><Point><position>1794</position><in_Quantity.quantity>0.000000</in_Quantity.quantity><out_Quantity.quantity>388.928678</out_Quantity.quantity></Point><Point><position>1795</position><in_Quantity.quantity>0.000000</in_Quantity.quantity><out_Quantity.quantity>872.162907</out_Quantity.quantity></Point><Point><position>1796</position><in_Quantity.quantity>0.000000</in_Quantity.quantity><out_Quantity.quantity>544.421396</out_Quantity.quantity></Point><Point><position>1797</position><in_Quantity.quantity>0.000000</in_Quantity.quantity><out_Quantity.quantity>858.480124</out_Quantity.quantity></Point><Point><position>1798</position><in_Quantity.quantity>0.000000</in_Quantity.quantity><out_Quantity.quantity>367.704873</out_Quantity.quantity></Point><Point><position>1799</position><in_Quantity.quantity>0.000000</in_Quantity.quantity><out_Quantity.quantity>767.287461</out_Quantity.quantity></Point><Point><position>1800</position><in_Quantity.quantity>0.000000</in_Quantity.quantity><out_Quantity.quantity>376.862950</out_Quantity.quantity></Point><Point><position>1801</position><in_Quantity.quantity>0.000000</in_Quantity.quantity><out_Quantity.quantity>462.282517</out_Quantity.quantity></Point><Point><position>1802</position><in_Quantity.quantity>0.000000</in_Quantity.quantity><out_Quantity.quantity>802.425340</out_Quantity.quantity></Point><Point><position>1803</position><in_Quantity.quantity>0.000000</in_Quantity.quantity><out_Quantity.quantity>932.792587</out_Quantity.quantity></Point><Point><position>1804</position><in_Quantity.quantity>0.000000</in_Quantity.quantity><out_Quantity.quantity>537.376905</out_Quantity.quantity></Point><Point><position>1805</position><in_Quantity.quantity>0.000000</in_Quantity.quantity><out_Quantity.quantity>722.775550</out_Quantity.quantity></Point><Point><position>1806</position><in_Quantity.quantity>0.000000</in_Quantity.quantity><out_Quantity.quantity>334.046524</out_Quantity.quantity></Point><Point><position>1807</position><in_Quantity.quantity>0.000000</in_Quantity.quantity><out_Quantity.quantity>390.223085</out_Quantity.quantity></Point><Point><position>1808</position><in_Quantity.quantity>0.000000</in_Quantity.quantity><out_Quantity.quantity>975.655317</out_Quantity.quantity></Point><Point><position>1809</position><in_Quantity.quantity>0.000000</in_Quantity.quantity><out_Quantity.quantity>653.343909</out_Quantity.quantity></Point><Point><position>1810</position><in_Quantity.quantity>0.000000</in_Quantity.quantity><out_Quantity.quantity>588.579767</out_Quantity.quantity></Point><Point><position>1811</position><in_Quantity.quantity>0.000000</in_Quantity.quantity><out_Quantity.quantity>527.833148</out_Quantity.quantity></Point><Point><position>1812</position><in_Quantity.quantity>0.000000</in_Quantity.quantity><out_Quantity.quantity>158.692278</out_Quantity.quantity></Point><Point><position>1813</position><in_Quantity.quantity>0.000000</in_Quantity.quantity><out_Quantity.quantity>732.580529</out_Quantity.quantity></Point><Point><position>1814</position><in_Quantity.quantity>0.000000</in_Quantity.quantity><out_Quantity.quantity>903.743039</out_Quantity.quantity></Point><Point><position>1815</position><in_Quantity.quantity>0.000000</in_Quantity.quantity><out_Quantity.quantity>856.997038</out_Quantity.quantity></Point><Point><position>1816</position><in_Quantity.quantity>0.000000</in_Quantity.quantity><out_Quantity.quantity>82.228790</out_Quantity.quantity></Point><Point><position>1817</position><in_Quantity.quantity>0.000000</in_Quantity.quantity><out_Quantity.quantity>926.401280</out_Quantity.quantity></Point><Point><position>1818</position><in_Quantity.quantity>0.000000</in_Quantity.quantity><out_Quantity.quantity>425.633204</out_Quantity.quantity></Point><Point><position>1819</position><in_Quantity.quantity>0.000000</in_Quantity.quantity><out_Quantity.quantity>373.432125</out_Quantity.quantity></Point><Point><position>1820</position><in_Quantity.quantity>0.000000</in_Quantity.quantity><out_Quantity.quantity>150.322291</out_Quantity.quantity></Point><Point><position>1821</position><in_Quantity.quantity>0.000000</in_Quantity.quantity><out_Quantity.quantity>182.266345</out_Quantity.quantity></Point><Point><position>1822</position><in_Quantity.quantity>0.000000</in_Quantity.quantity><out_Quantity.quantity>37.256308</out_Quantity.quantity></Point><Point><position>1823</position><in_Quantity.quantity>0.000000</in_Quantity.quantity><out_Quantity.quantity>342.530566</out_Quantity.quantity></Point><Point><position>1824</position><in_Quantity.quantity>0.000000</in_Quantity.quantity><out_Quantity.quantity>792.389668</out_Quantity.quantity></Point><Point><position>1825</position><in_Quantity.quantity>0.000000</in_Quantity.quantity><out_Quantity.quantity>421.657600</out_Quantity.quantity></Point><Point><position>1826</position><in_Quantity.quantity>0.000000</in_Quantity.quantity><out_Quantity.quantity>11.464491</out_Quantity.quantity></Point><Point><position>1827</position><in_Quantity.quantity>0.000000</in_Quantity.quantity><out_Quantity.quantity>667.226758</out_Quantity.quantity></Point><Point><position>1828</position><in_Quantity.quantity>0.000000</in_Quantity.quantity><out_Quantity.quantity>427.546998</out_Quantity.quantity></Point><Point><position>1829</position><in_Quantity.quantity>0.000000</in_Quantity.quantity><out_Quantity.quantity>332.782492</out_Quantity.quantity></Point><Point><position>1830</position><in_Quantity.quantity>0.000000</in_Quantity.quantity><out_Quantity.quantity>462.093015</out_Quantity.quantity></Point><Point><position>1831</position><in_Quantity.quantity>0.000000</in_Quantity.quantity><out_Quantity.quantity>136.659499</out_Quantity.quantity></Point><Point><position>1832</position><in_Quantity.quantity>0.000000</in_Quantity.quantity><out_Quantity.quantity>559.670457</out_Quantity.quantity></Point><Point><position>1833</position><in_Quantity.quantity>0.000000</in_Quantity.quantity><out_Quantity.quantity>562.354564</out_Quantity.quantity></Point><Point><position>1834</position><in_Quantity.quantity>0.000000</in_Quantity.quantity><out_Quantity.quantity>376.623540</out_Quantity.quantity></Point><Point><position>1835</position><in_Quantity.quantity>0.000000</in_Quantity.quantity><out_Quantity.quantity>0.274370</out_Quantity.quantity></Point><Point><position>1836</position><in_Quantity.quantity>0.000000</in_Quantity.quantity><out_Quantity.quantity>732.590172</out_Quantity.quantity></Point><Point><position>1837</position><in_Quantity.quantity>0.000000</in_Quantity.quantity><out_Quantity.quantity>737.792531</out_Quantity.quantity></Point><Point><position>1838</position><in_Quantity.quantity>0.000000</in_Quantity.quantity><out_Quantity.quantity>595.812855</out_Quantity.quantity></Point><Point><position>1839</position><in_Quantity.quantity>0.000000</in_Quantity.quantity><out_Quantity.quantity>514.171606</out_Quantity.quantity></Point><Point><position>1840</position><in_Quantity.quantity>0.000000</in_Quantity.quantity><out_Quantity.quantity>816.264248</out_Quantity.quantity></Point><Point><position>1841</position><in_Quantity.quantity>0.000000</in_Quantity.quantity><out_Quantity.quantity>918.766934</out_Quantity.quantity></Point><Point><position>1842</position><in_Quantity.quantity>0.000000</in_Quantity.quantity><out_Quantity.quantity>975.413348</out_Quantity.quantity></Point><Point><position>1843</position><in_Quantity.quantity>0.000000</in_Quantity.quantity><out_Quantity.quantity>393.818596</out_Quantity.quantity></Point><Point><position>1844</position><in_Quantity.quantity>0.000000</in_Quantity.quantity><out_Quantity.quantity>610.279382</out_Quantity.quantity></Point><Point><position>1845</position><in_Quantity.quantity>0.000000</in_Quantity.quantity><out_Quantity.quantity>633.591118</out_Quantity.quantity></Point><Point><position>1846</position><in_Quantity.quantity>0.000000</in_Quantity.quantity><out_Quantity.quantity>622.253323</out_Quantity.quantity></Point><Point><position>1847</position><in_Quantity.quantity>0.000000</in_Quantity.quantity><out_Quantity.quantity>93.419707</out_Quantity.quantity></Point><Point><position>1848</position><in_Quantity.quantity>0.000000</in_Quantity.quantity><out_Quantity.quantity>846.301171</out_Quantity.quantity></Point><Point><position>1849</position><in_Quantity.quantity>0.000000</in_Quantity.quantity><out_Quantity.quantity>998.245406</out_Quantity.quantity></Point><Point><position>1850</position><in_Quantity.quantity>0.000000</in_Quantity.quantity><out_Quantity.quantity>438.744695</out_Quantity.quantity></Point><Point><position>1851</position><in_Quantity.quantity>0.000000</in_Quantity.quantity><out_Quantity.quantity>961.335901</out_Quantity.quantity></Point><Point><position>1852</position><in_Quantity.quantity>0.000000</in_Quantity.quantity><out_Quantity.quantity>491.635094</out_Quantity.quantity></Point><Point><position>1853</position><in_Quantity.quantity>0.000000</in_Quantity.quantity><out_Quantity.quantity>574.540875</out_Quantity.quantity></Point><Point><position>1854</position><in_Quantity.quantity>0.000000</in_Quantity.quantity><out_Quantity.quantity>725.795461</out_Quantity.quantity></Point><Point><position>1855</position><in_Quantity.quantity>0.000000</in_Quantity.quantity><out_Quantity.quantity>18.740720</out_Quantity.quantity></Point><Point><position>1856</position><in_Quantity.quantity>0.000000</in_Quantity.quantity><out_Quantity.quantity>699.216746</out_Quantity.quantity></Point><Point><position>1857</position><in_Quantity.quantity>0.000000</in_Quantity.quantity><out_Quantity.quantity>459.652317</out_Quantity.quantity></Point><Point><position>1858</position><in_Quantity.quantity>0.000000</in_Quantity.quantity><out_Quantity.quantity>772.273345</out_Quantity.quantity></Point><Point><position>1859</position><in_Quantity.quantity>0.000000</in_Quantity.quantity><out_Quantity.quantity>236.535246</out_Quantity.quantity></Point><Point><position>1860</position><in_Quantity.quantity>0.000000</in_Quantity.quantity><out_Quantity.quantity>254.539968</out_Quantity.quantity></Point><Point><position>1861</position><in_Quantity.quantity>0.000000</in_Quantity.quantity><out_Quantity.quantity>849.425973</out_Quantity.quantity></Point><Point><position>1862</position><in_Quantity.quantity>0.000000</in_Quantity.quantity><out_Quantity.quantity>536.110019</out_Quantity.quantity></Point><Point><position>1863</position><in_Quantity.quantity>0.000000</in_Quantity.quantity><out_Quantity.quantity>675.318910</out_Quantity.quantity></Point><Point><position>1864</position><in_Quantity.quantity>0.000000</in_Quantity.quantity><out_Quantity.quantity>939.690975</out_Quantity.quantity></Point><Point><position>1865</position><in_Quantity.quantity>0.000000</in_Quantity.quantity><out_Quantity.quantity>209.415661</out_Quantity.quantity></Point><Point><position>1866</position><in_Quantity.quantity>0.000000</in_Quantity.quantity><out_Quantity.quantity>351.214769</out_Quantity.quantity></Point><Point><position>1867</position><in_Quantity.quantity>0.000000</in_Quantity.quantity><out_Quantity.quantity>701.720439</out_Quantity.quantity></Point><Point><position>1868</position><in_Quantity.quantity>0.000000</in_Quantity.quantity><out_Quantity.quantity>944.263927</out_Quantity.quantity></Point><Point><position>1869</position><in_Quantity.quantity>0.000000</in_Quantity.quantity><out_Quantity.quantity>889.350188</out_Quantity.quantity></Point><Point><position>1870</position><in_Quantity.quantity>0.000000</in_Quantity.quantity><out_Quantity.quantity>720.460709</out_Quantity.quantity></Point><Point><position>1871</position><in_Quantity.quantity>0.000000</in_Quantity.quantity><out_Quantity.quantity>812.801852</out_Quantity.quantity></Point><Point><position>1872</position><in_Quantity.quantity>0.000000</in_Quantity.quantity><out_Quantity.quantity>329.517219</out_Quantity.quantity></Point><Point><position>1873</position><in_Quantity.quantity>0.000000</in_Quantity.quantity><out_Quantity.quantity>366.128183</out_Quantity.quantity></Point><Point><position>1874</position><in_Quantity.quantity>0.000000</in_Quantity.quantity><out_Quantity.quantity>63.244626</out_Quantity.quantity></Point><Point><position>1875</position><in_Quantity.quantity>0.000000</in_Quantity.quantity><out_Quantity.quantity>450.583059</out_Quantity.quantity></Point><Point><position>1876</position><in_Quantity.quantity>0.000000</in_Quantity.quantity><out_Quantity.quantity>270.449883</out_Quantity.quantity></Point><Point><position>1877</position><in_Quantity.quantity>0.000000</in_Quantity.quantity><out_Quantity.quantity>848.343011</out_Quantity.quantity></Point><Point><position>1878</position><in_Quantity.quantity>0.000000</in_Quantity.quantity><out_Quantity.quantity>634.612420</out_Quantity.quantity></Point><Point><position>1879</position><in_Quantity.quantity>0.000000</in_Quantity.quantity><out_Quantity.quantity>943.549252</out_Quantity.quantity></Point><Point><position>1880</position><in_Quantity.quantity>0.000000</in_Quantity.quantity><out_Quantity.quantity>944.708305</out_Quantity.quantity></Point><Point><position>1881</position><in_Quantity.quantity>0.000000</in_Quantity.quantity><out_Quantity.quantity>686.784501</out_Quantity.quantity></Point><Point><position>1882</position><in_Quantity.quantity>0.000000</in_Quantity.quantity><out_Quantity.quantity>597.329939</out_Quantity.quantity></Point><Point><position>1883</position><in_Quantity.quantity>0.000000</in_Quantity.quantity><out_Quantity.quantity>552.996443</out_Quantity.quantity></Point><Point><position>1884</position><in_Quantity.quantity>0.000000</in_Quantity.quantity><out_Quantity.quantity>19.667795</out_Quantity.quantity></Point><Point><position>1885</position><in_Quantity.quantity>0.000000</in_Quantity.quantity><out_Quantity.quantity>751.780288</out_Quantity.quantity></Point><Point><position>1886</position><in_Quantity.quantity>0.000000</in_Quantity.quantity><out_Quantity.quantity>752.597032</out_Quantity.quantity></Point><Point><position>1887</position><in_Quantity.quantity>0.000000</in_Quantity.quantity><out_Quantity.quantity>315.878107</out_Quantity.quantity></Point><Point><position>1888</position><in_Quantity.quantity>0.000000</in_Quantity.quantity><out_Quantity.quantity>816.610187</out_Quantity.quantity></Point><Point><position>1889</position><in_Quantity.quantity>0.000000</in_Quantity.quantity><out_Quantity.quantity>237.366920</out_Quantity.quantity></Point><Point><position>1890</position><in_Quantity.quantity>0.000000</in_Quantity.quantity><out_Quantity.quantity>808.181938</out_Quantity.quantity></Point><Point><position>1891</position><in_Quantity.quantity>0.000000</in_Quantity.quantity><out_Quantity.quantity>58.168584</out_Quantity.quantity></Point><Point><position>1892</position><in_Quantity.quantity>0.000000</in_Quantity.quantity><out_Quantity.quantity>551.806150</out_Quantity.quantity></Point><Point><position>1893</position><in_Quantity.quantity>0.000000</in_Quantity.quantity><out_Quantity.quantity>937.502079</out_Quantity.quantity></Point><Point><position>1894</position><in_Quantity.quantity>0.000000</in_Quantity.quantity><out_Quantity.quantity>527.748433</out_Quantity.quantity></Point><Point><position>1895</position><in_Quantity.quantity>0.000000</in_Quantity.quantity><out_Quantity.quantity>317.443816</out_Quantity.quantity></Point><Point><position>1896</position><in_Quantity.quantity>0.000000</in_Quantity.quantity><out_Quantity.quantity>467.312962</out_Quantity.quantity></Point><Point><position>1897</position><in_Quantity.quantity>0.000000</in_Quantity.quantity><out_Quantity.quantity>554.637963</out_Quantity.quantity></Point><Point><position>1898</position><in_Quantity.quantity>0.000000</in_Quantity.quantity><out_Quantity.quantity>658.641493</out_Quantity.quantity></Point><Point><position>1899</position><in_Quantity.quantity>0.000000</in_Quantity.quantity><out_Quantity.quantity>929.879265</out_Quantity.quantity></Point><Point><position>1900</position><in_Quantity.quantity>0.000000</in_Quantity.quantity><out_Quantity.quantity>879.938345</out_Quantity.quantity></Point><Point><position>1901</position><in_Quantity.quantity>0.000000</in_Quantity.quantity><out_Quantity.quantity>11.194428</out_Quantity.quantity></Point><Point><position>1902</position><in_Quantity.quantity>0.000000</in_Quantity.quantity><out_Quantity.quantity>263.720423</out_Quantity.quantity></Point><Point><position>1903</position><in_Quantity.quantity>0.000000</in_Quantity.quantity><out_Quantity.quantity>830.287060</out_Quantity.quantity></Point><Point><position>1904</position><in_Quantity.quantity>0.000000</in_Quantity.quantity><out_Quantity.quantity>18.234606</out_Quantity.quantity></Point><Point><position>1905</position><in_Quantity.quantity>0.000000</in_Quantity.quantity><out_Quantity.quantity>325.690888</out_Quantity.quantity></Point><Point><position>1906</position><in_Quantity.quantity>0.000000</in_Quantity.quantity><out_Quantity.quantity>702.098663</out_Quantity.quantity></Point><Point><position>1907</position><in_Quantity.quantity>0.000000</in_Quantity.quantity><out_Quantity.quantity>400.787268</out_Quantity.quantity></Point><Point><position>1908</position><in_Quantity.quantity>0.000000</in_Quantity.quantity><out_Quantity.quantity>692.434214</out_Quantity.quantity></Point><Point><position>1909</position><in_Quantity.quantity>0.000000</in_Quantity.quantity><out_Quantity.quantity>41.721620</out_Quantity.quantity></Point><Point><position>1910</position><in_Quantity.quantity>0.000000</in_Quantity.quantity><out_Quantity.quantity>679.271547</out_Quantity.quantity></Point><Point><position>1911</position><in_Quantity.quantity>0.000000</in_Quantity.quantity><out_Quantity.quantity>162.173523</out_Quantity.quantity></Point><Point><position>1912</position><in_Quantity.quantity>0.000000</in_Quantity.quantity><out_Quantity.quantity>32.153783</out_Quantity.quantity></Point><Point><position>1913</position><in_Quantity.quantity>0.000000</in_Quantity.quantity><out_Quantity.quantity>656.450041</out_Quantity.quantity></Point><Point><position>1914</position><in_Quantity.quantity>0.000000</in_Quantity.quantity><out_Quantity.quantity>485.389367</out_Quantity.quantity></Point><Point><position>1915</position><in_Quantity.quantity>0.000000</in_Quantity.quantity><out_Quantity.quantity>324.231095</out_Quantity.quantity></Point><Point><position>1916</position><in_Quantity.quantity>0.000000</in_Quantity.quantity><out_Quantity.quantity>807.519401</out_Quantity.quantity></Point><Point><position>1917</position><in_Quantity.quantity>0.000000</in_Quantity.quantity><out_Quantity.quantity>937.206593</out_Quantity.quantity></Point><Point><position>1918</position><in_Quantity.quantity>0.000000</in_Quantity.quantity><out_Quantity.quantity>561.522824</out_Quantity.quantity></Point><Point><position>1919</position><in_Quantity.quantity>0.000000</in_Quantity.quantity><out_Quantity.quantity>310.170954</out_Quantity.quantity></Point><Point><position>1920</position><in_Quantity.quantity>0.000000</in_Quantity.quantity><out_Quantity.quantity>82.689367</out_Quantity.quantity></Point><Point><position>1921</position><in_Quantity.quantity>0.000000</in_Quantity.quantity><out_Quantity.quantity>311.837165</out_Quantity.quantity></Point><Point><position>1922</position><in_Quantity.quantity>0.000000</in_Quantity.quantity><out_Quantity.quantity>191.388867</out_Quantity.quantity></Point><Point><position>1923</position><in_Quantity.quantity>0.000000</in_Quantity.quantity><out_Quantity.quantity>35.753139</out_Quantity.quantity></Point><Point><position>1924</position><in_Quantity.quantity>0.000000</in_Quantity.quantity><out_Quantity.quantity>979.016386</out_Quantity.quantity></Point><Point><position>1925</position><in_Quantity.quantity>0.000000</in_Quantity.quantity><out_Quantity.quantity>562.986110</out_Quantity.quantity></Point><Point><position>1926</position><in_Quantity.quantity>0.000000</in_Quantity.quantity><out_Quantity.quantity>426.102116</out_Quantity.quantity></Point><Point><position>1927</position><in_Quantity.quantity>0.000000</in_Quantity.quantity><out_Quantity.quantity>96.243300</out_Quantity.quantity></Point><Point><position>1928</position><in_Quantity.quantity>0.000000</in_Quantity.quantity><out_Quantity.quantity>944.588904</out_Quantity.quantity></Point><Point><position>1929</position><in_Quantity.quantity>0.000000</in_Quantity.quantity><out_Quantity.quantity>793.582700</out_Quantity.quantity></Point><Point><position>1930</position><in_Quantity.quantity>0.000000</in_Quantity.quantity><out_Quantity.quantity>371.547204</out_Quantity.quantity></Point><Point><position>1931</position><in_Quantity.quantity>0.000000</in_Quantity.quantity><out_Quantity.quantity>245.074534</out_Quantity.quantity></Point><Point><position>1932</position><in_Quantity.quantity>0.000000</in_Quantity.quantity><out_Quantity.quantity>336.434394</out_Quantity.quantity></Point><Point><position>1933</position><in_Quantity.quantity>0.000000</in_Quantity.quantity><out_Quantity.quantity>402.157730</out_Quantity.quantity></Point><Point><position>1934</position><in_Quantity.quantity>0.000000</in_Quantity.quantity><out_Quantity.quantity>884.759029</out_Quantity.quantity></Point><Point><position>1935</position><in_Quantity.quantity>0.000000</in_Quantity.quantity><out_Quantity.quantity>173.442478</out_Quantity.quantity></Point><Point><position>1936</position><in_Quantity.quantity>0.000000</in_Quantity.quantity><out_Quantity.quantity>895.859062</out_Quantity.quantity></Point><Point><position>1937</position><in_Quantity.quantity>0.000000</in_Quantity.quantity><out_Quantity.quantity>902.234588</out_Quantity.quantity></Point><Point><position>1938</position><in_Quantity.quantity>0.000000</in_Quantity.quantity><out_Quantity.quantity>782.192500</out_Quantity.quantity></Point><Point><position>1939</position><in_Quantity.quantity>0.000000</in_Quantity.quantity><out_Quantity.quantity>222.982230</out_Quantity.quantity></Point><Point><position>1940</position><in_Quantity.quantity>0.000000</in_Quantity.quantity><out_Quantity.quantity>526.937040</out_Quantity.quantity></Point><Point><position>1941</position><in_Quantity.quantity>0.000000</in_Quantity.quantity><out_Quantity.quantity>989.378430</out_Quantity.quantity></Point><Point><position>1942</position><in_Quantity.quantity>0.000000</in_Quantity.quantity><out_Quantity.quantity>92.087525</out_Quantity.quantity></Point><Point><position>1943</position><in_Quantity.quantity>0.000000</in_Quantity.quantity><out_Quantity.quantity>660.075950</out_Quantity.quantity></Point><Point><position>1944</position><in_Quantity.quantity>0.000000</in_Quantity.quantity><out_Quantity.quantity>895.744700</out_Quantity.quantity></Point><Point><position>1945</position><in_Quantity.quantity>0.000000</in_Quantity.quantity><out_Quantity.quantity>689.569395</out_Quantity.quantity></Point><Point><position>1946</position><in_Quantity.quantity>0.000000</in_Quantity.quantity><out_Quantity.quantity>527.325952</out_Quantity.quantity></Point><Point><position>1947</position><in_Quantity.quantity>0.000000</in_Quantity.quantity><out_Quantity.quantity>801.639088</out_Quantity.quantity></Point><Point><position>1948</position><in_Quantity.quantity>0.000000</in_Quantity.quantity><out_Quantity.quantity>321.627329</out_Quantity.quantity></Point><Point><position>1949</position><in_Quantity.quantity>0.000000</in_Quantity.quantity><out_Quantity.quantity>673.775286</out_Quantity.quantity></Point><Point><position>1950</position><in_Quantity.quantity>0.000000</in_Quantity.quantity><out_Quantity.quantity>530.265784</out_Quantity.quantity></Point><Point><position>1951</position><in_Quantity.quantity>0.000000</in_Quantity.quantity><out_Quantity.quantity>640.105770</out_Quantity.quantity></Point><Point><position>1952</position><in_Quantity.quantity>0.000000</in_Quantity.quantity><out_Quantity.quantity>717.849702</out_Quantity.quantity></Point><Point><position>1953</position><in_Quantity.quantity>0.000000</in_Quantity.quantity><out_Quantity.quantity>252.848944</out_Quantity.quantity></Point><Point><position>1954</position><in_Quantity.quantity>0.000000</in_Quantity.quantity><out_Quantity.quantity>850.116215</out_Quantity.quantity></Point><Point><position>1955</position><in_Quantity.quantity>0.000000</in_Quantity.quantity><out_Quantity.quantity>384.440650</out_Quantity.quantity></Point><Point><position>1956</position><in_Quantity.quantity>0.000000</in_Quantity.quantity><out_Quantity.quantity>505.528767</out_Quantity.quantity></Point><Point><position>1957</position><in_Quantity.quantity>0.000000</in_Quantity.quantity><out_Quantity.quantity>459.647392</out_Quantity.quantity></Point><Point><position>1958</position><in_Quantity.quantity>0.000000</in_Quantity.quantity><out_Quantity.quantity>596.040597</out_Quantity.quantity></Point><Point><position>1959</position><in_Quantity.quantity>0.000000</in_Quantity.quantity><out_Quantity.quantity>784.764124</out_Quantity.quantity></Point><Point><position>1960</position><in_Quantity.quantity>0.000000</in_Quantity.quantity><out_Quantity.quantity>564.131643</out_Quantity.quantity></Point><Point><position>1961</position><in_Quantity.quantity>0.000000</in_Quantity.quantity><out_Quantity.quantity>224.692713</out_Quantity.quantity></Point><Point><position>1962</position><in_Quantity.quantity>0.000000</in_Quantity.quantity><out_Quantity.quantity>211.145480</out_Quantity.quantity></Point><Point><position>1963</position><in_Quantity.quantity>0.000000</in_Quantity.quantity><out_Quantity.quantity>980.391070</out_Quantity.quantity></Point><Point><position>1964</position><in_Quantity.quantity>0.000000</in_Quantity.quantity><out_Quantity.quantity>856.580210</out_Quantity.quantity></Point><Point><position>1965</position><in_Quantity.quantity>0.000000</in_Quantity.quantity><out_Quantity.quantity>499.183445</out_Quantity.quantity></Point><Point><position>1966</position><in_Quantity.quantity>0.000000</in_Quantity.quantity><out_Quantity.quantity>599.405425</out_Quantity.quantity></Point><Point><position>1967</position><in_Quantity.quantity>0.000000</in_Quantity.quantity><out_Quantity.quantity>898.314153</out_Quantity.quantity></Point><Point><position>1968</position><in_Quantity.quantity>0.000000</in_Quantity.quantity><out_Quantity.quantity>14.196122</out_Quantity.quantity></Point><Point><position>1969</position><in_Quantity.quantity>0.000000</in_Quantity.quantity><out_Quantity.quantity>466.491326</out_Quantity.quantity></Point><Point><position>1970</position><in_Quantity.quantity>0.000000</in_Quantity.quantity><out_Quantity.quantity>869.762522</out_Quantity.quantity></Point><Point><position>1971</position><in_Quantity.quantity>0.000000</in_Quantity.quantity><out_Quantity.quantity>427.706756</out_Quantity.quantity></Point><Point><position>1972</position><in_Quantity.quantity>0.000000</in_Quantity.quantity><out_Quantity.quantity>879.615629</out_Quantity.quantity></Point><Point><position>1973</position><in_Quantity.quantity>0.000000</in_Quantity.quantity><out_Quantity.quantity>801.429232</out_Quantity.quantity></Point><Point><position>1974</position><in_Quantity.quantity>0.000000</in_Quantity.quantity><out_Quantity.quantity>357.760047</out_Quantity.quantity></Point><Point><position>1975</position><in_Quantity.quantity>0.000000</in_Quantity.quantity><out_Quantity.quantity>852.799724</out_Quantity.quantity></Point><Point><position>1976</position><in_Quantity.quantity>0.000000</in_Quantity.quantity><out_Quantity.quantity>516.883816</out_Quantity.quantity></Point><Point><position>1977</position><in_Quantity.quantity>0.000000</in_Quantity.quantity><out_Quantity.quantity>696.709664</out_Quantity.quantity></Point><Point><position>1978</position><in_Quantity.quantity>0.000000</in_Quantity.quantity><out_Quantity.quantity>137.254955</out_Quantity.quantity></Point><Point><position>1979</position><in_Quantity.quantity>0.000000</in_Quantity.quantity><out_Quantity.quantity>478.701332</out_Quantity.quantity></Point><Point><position>1980</position><in_Quantity.quantity>0.000000</in_Quantity.quantity><out_Quantity.quantity>751.478726</out_Quantity.quantity></Point><Point><position>1981</position><in_Quantity.quantity>0.000000</in_Quantity.quantity><out_Quantity.quantity>593.576633</out_Quantity.quantity></Point><Point><position>1982</position><in_Quantity.quantity>0.000000</in_Quantity.quantity><out_Quantity.quantity>945.156480</out_Quantity.quantity></Point><Point><position>1983</position><in_Quantity.quantity>0.000000</in_Quantity.quantity><out_Quantity.quantity>853.734426</out_Quantity.quantity></Point><Point><position>1984</position><in_Quantity.quantity>0.000000</in_Quantity.quantity><out_Quantity.quantity>985.675572</out_Quantity.quantity></Point><Point><position>1985</position><in_Quantity.quantity>0.000000</in_Quantity.quantity><out_Quantity.quantity>541.565359</out_Quantity.quantity></Point><Point><position>1986</position><in_Quantity.quantity>0.000000</in_Quantity.quantity><out_Quantity.quantity>774.770566</out_Quantity.quantity></Point><Point><position>1987</position><in_Quantity.quantity>0.000000</in_Quantity.quantity><out_Quantity.quantity>773.256641</out_Quantity.quantity></Point><Point><position>1988</position><in_Quantity.quantity>0.000000</in_Quantity.quantity><out_Quantity.quantity>320.999573</out_Quantity.quantity></Point><Point><position>1989</position><in_Quantity.quantity>0.000000</in_Quantity.quantity><out_Quantity.quantity>380.250069</out_Quantity.quantity></Point><Point><position>1990</position><in_Quantity.quantity>0.000000</in_Quantity.quantity><out_Quantity.quantity>20.922789</out_Quantity.quantity></Point><Point><position>1991</position><in_Quantity.quantity>0.000000</in_Quantity.quantity><out_Quantity.quantity>676.214503</out_Quantity.quantity></Point><Point><position>1992</position><in_Quantity.quantity>0.000000</in_Quantity.quantity><out_Quantity.quantity>398.123214</out_Quantity.quantity></Point><Point><position>1993</position><in_Quantity.quantity>0.000000</in_Quantity.quantity><out_Quantity.quantity>983.779548</out_Quantity.quantity></Point><Point><position>1994</position><in_Quantity.quantity>0.000000</in_Quantity.quantity><out_Quantity.quantity>522.229391</out_Quantity.quantity></Point><Point><position>1995</position><in_Quantity.quantity>0.000000</in_Quantity.quantity><out_Quantity.quantity>733.463114</out_Quantity.quantity></Point><Point><position>1996</position><in_Quantity.quantity>0.000000</in_Quantity.quantity><out_Quantity.quantity>592.039946</out_Quantity.quantity></Point><Point><position>1997</position><in_Quantity.quantity>0.000000</in_Quantity.quantity><out_Quantity.quantity>663.921635</out_Quantity.quantity></Point><Point><position>1998</position><in_Quantity.quantity>0.000000</in_Quantity.quantity><out_Quantity.quantity>551.995431</out_Quantity.quantity></Point><Point><position>1999</position><in_Quantity.quantity>0.000000</in_Quantity.quantity><out_Quantity.quantity>45.688293</out_Quantity.quantity></Point><Point><position>2000</position><in_Quantity.quantity>0.000000</in_Quantity.quantity><out_Quantity.quantity>85.068726</out_Quantity.quantity></Point><Point><position>2001</position><in_Quantity.quantity>0.000000</in_Quantity.quantity><out_Quantity.quantity>101.769069</out_Quantity.quantity></Point><Point><position>2002</position><in_Quantity.quantity>0.000000</in_Quantity.quantity><out_Quantity.quantity>563.282236</out_Quantity.quantity></Point><Point><position>2003</position><in_Quantity.quantity>0.000000</in_Quantity.quantity><out_Quantity.quantity>809.812087</out_Quantity.quantity></Point><Point><position>2004</position><in_Quantity.quantity>0.000000</in_Quantity.quantity><out_Quantity.quantity>435.952809</out_Quantity.quantity></Point><Point><position>2005</position><in_Quantity.quantity>0.000000</in_Quantity.quantity><out_Quantity.quantity>102.565806</out_Quantity.quantity></Point><Point><position>2006</position><in_Quantity.quantity>0.000000</in_Quantity.quantity><out_Quantity.quantity>316.014336</out_Quantity.quantity></Point><Point><position>2007</position><in_Quantity.quantity>0.000000</in_Quantity.quantity><out_Quantity.quantity>963.183690</out_Quantity.quantity></Point><Point><position>2008</position><in_Quantity.quantity>0.000000</in_Quantity.quantity><out_Quantity.quantity>266.683148</out_Quantity.quantity></Point><Point><position>2009</position><in_Quantity.quantity>0.000000</in_Quantity.quantity><out_Quantity.quantity>62.942503</out_Quantity.quantity></Point><Point><position>2010</position><in_Quantity.quantity>0.000000</in_Quantity.quantity><out_Quantity.quantity>177.253240</out_Quantity.quantity></Point><Point><position>2011</position><in_Quantity.quantity>0.000000</in_Quantity.quantity><out_Quantity.quantity>439.178149</out_Quantity.quantity></Point><Point><position>2012</position><in_Quantity.quantity>0.000000</in_Quantity.quantity><out_Quantity.quantity>332.879391</out_Quantity.quantity></Point><Point><position>2013</position><in_Quantity.quantity>0.000000</in_Quantity.quantity><out_Quantity.quantity>532.641249</out_Quantity.quantity></Point><Point><position>2014</position><in_Quantity.quantity>0.000000</in_Quantity.quantity><out_Quantity.quantity>113.263747</out_Quantity.quantity></Point><Point><position>2015</position><in_Quantity.quantity>0.000000</in_Quantity.quantity><out_Quantity.quantity>365.705559</out_Quantity.quantity></Point><Point><position>2016</position><in_Quantity.quantity>0.000000</in_Quantity.quantity><out_Quantity.quantity>138.866488</out_Quantity.quantity></Point><Point><position>2017</position><in_Quantity.quantity>0.000000</in_Quantity.quantity><out_Quantity.quantity>823.804272</out_Quantity.quantity></Point><Point><position>2018</position><in_Quantity.quantity>0.000000</in_Quantity.quantity><out_Quantity.quantity>962.925390</out_Quantity.quantity></Point><Point><position>2019</position><in_Quantity.quantity>0.000000</in_Quantity.quantity><out_Quantity.quantity>549.018652</out_Quantity.quantity></Point><Point><position>2020</position><in_Quantity.quantity>0.000000</in_Quantity.quantity><out_Quantity.quantity>61.482865</out_Quantity.quantity></Point><Point><position>2021</position><in_Quantity.quantity>0.000000</in_Quantity.quantity><out_Quantity.quantity>206.448188</out_Quantity.quantity></Point><Point><position>2022</position><in_Quantity.quantity>0.000000</in_Quantity.quantity><out_Quantity.quantity>478.720836</out_Quantity.quantity></Point><Point><position>2023</position><in_Quantity.quantity>0.000000</in_Quantity.quantity><out_Quantity.quantity>0.241669</out_Quantity.quantity></Point><Point><position>2024</position><in_Quantity.quantity>0.000000</in_Quantity.quantity><out_Quantity.quantity>923.987904</out_Quantity.quantity></Point><Point><position>2025</position><in_Quantity.quantity>0.000000</in_Quantity.quantity><out_Quantity.quantity>670.479028</out_Quantity.quantity></Point><Point><position>2026</position><in_Quantity.quantity>0.000000</in_Quantity.quantity><out_Quantity.quantity>408.175551</out_Quantity.quantity></Point><Point><position>2027</position><in_Quantity.quantity>0.000000</in_Quantity.quantity><out_Quantity.quantity>400.796860</out_Quantity.quantity></Point><Point><position>2028</position><in_Quantity.quantity>0.000000</in_Quantity.quantity><out_Quantity.quantity>716.320710</out_Quantity.quantity></Point><Point><position>2029</position><in_Quantity.quantity>0.000000</in_Quantity.quantity><out_Quantity.quantity>732.750104</out_Quantity.quantity></Point><Point><position>2030</position><in_Quantity.quantity>0.000000</in_Quantity.quantity><out_Quantity.quantity>839.205028</out_Quantity.quantity></Point><Point><position>2031</position><in_Quantity.quantity>0.000000</in_Quantity.quantity><out_Quantity.quantity>469.319139</out_Quantity.quantity></Point><Point><position>2032</position><in_Quantity.quantity>0.000000</in_Quantity.quantity><out_Quantity.quantity>119.301422</out_Quantity.quantity></Point><Point><position>2033</position><in_Quantity.quantity>0.000000</in_Quantity.quantity><out_Quantity.quantity>573.460423</out_Quantity.quantity></Point><Point><position>2034</position><in_Quantity.quantity>0.000000</in_Quantity.quantity><out_Quantity.quantity>944.520280</out_Quantity.quantity></Point><Point><position>2035</position><in_Quantity.quantity>0.000000</in_Quantity.quantity><out_Quantity.quantity>729.708071</out_Quantity.quantity></Point><Point><position>2036</position><in_Quantity.quantity>0.000000</in_Quantity.quantity><out_Quantity.quantity>414.103154</out_Quantity.quantity></Point><Point><position>2037</position><in_Quantity.quantity>0.000000</in_Quantity.quantity><out_Quantity.quantity>555.073499</out_Quantity.quantity></Point><Point><position>2038</position><in_Quantity.quantity>0.000000</in_Quantity.quantity><out_Quantity.quantity>472.461642</out_Quantity.quantity></Point><Point><position>2039</position><in_Quantity.quantity>0.000000</in_Quantity.quantity><out_Quantity.quantity>561.069683</out_Quantity.quantity></Point><Point><position>2040</position><in_Quantity.quantity>0.000000</in_Quantity.quantity><out_Quantity.quantity>86.284314</out_Quantity.quantity></Point><Point><position>2041</position><in_Quantity.quantity>0.000000</in_Quantity.quantity><out_Quantity.quantity>901.744719</out_Quantity.quantity></Point><Point><position>2042</position><in_Quantity.quantity>0.000000</in_Quantity.quantity><out_Quantity.quantity>163.408770</out_Quantity.quantity></Point><Point><position>2043</position><in_Quantity.quantity>0.000000</in_Quantity.quantity><out_Quantity.quantity>742.493025</out_Quantity.quantity></Point><Point><position>2044</position><in_Quantity.quantity>0.000000</in_Quantity.quantity><out_Quantity.quantity>285.011064</out_Quantity.quantity></Point><Point><position>2045</position><in_Quantity.quantity>0.000000</in_Quantity.quantity><out_Quantity.quantity>107.111560</out_Quantity.quantity></Point><Point><position>2046</position><in_Quantity.quantity>0.000000</in_Quantity.quantity><out_Quantity.quantity>782.153914</out_Quantity.quantity></Point><Point><position>2047</position><in_Quantity.quantity>0.000000</in_Quantity.quantity><out_Quantity.quantity>237.049403</out_Quantity.quantity></Point><Point><position>2048</position><in_Quantity.quantity>0.000000</in_Quantity.quantity><out_Quantity.quantity>924.244450</out_Quantity.quantity></Point><Point><position>2049</position><in_Quantity.quantity>0.000000</in_Quantity.quantity><out_Quantity.quantity>860.010079</out_Quantity.quantity></Point><Point><position>2050</position><in_Quantity.quantity>0.000000</in_Quantity.quantity><out_Quantity.quantity>227.830056</out_Quantity.quantity></Point><Point><position>2051</position><in_Quantity.quantity>0.000000</in_Quantity.quantity><out_Quantity.quantity>405.989495</out_Quantity.quantity></Point><Point><position>2052</position><in_Quantity.quantity>0.000000</in_Quantity.quantity><out_Quantity.quantity>965.297206</out_Quantity.quantity></Point><Point><position>2053</position><in_Quantity.quantity>0.000000</in_Quantity.quantity><out_Quantity.quantity>470.775337</out_Quantity.quantity></Point><Point><position>2054</position><in_Quantity.quantity>0.000000</in_Quantity.quantity><out_Quantity.quantity>190.534508</out_Quantity.quantity></Point><Point><position>2055</position><in_Quantity.quantity>0.000000</in_Quantity.quantity><out_Quantity.quantity>570.176150</out_Quantity.quantity></Point><Point><position>2056</position><in_Quantity.quantity>0.000000</in_Quantity.quantity><out_Quantity.quantity>423.492804</out_Quantity.quantity></Point><Point><position>2057</position><in_Quantity.quantity>0.000000</in_Quantity.quantity><out_Quantity.quantity>117.939573</out_Quantity.quantity></Point><Point><position>2058</position><in_Quantity.quantity>0.000000</in_Quantity.quantity><out_Quantity.quantity>833.869929</out_Quantity.quantity></Point><Point><position>2059</position><in_Quantity.quantity>0.000000</in_Quantity.quantity><out_Quantity.quantity>960.262770</out_Quantity.quantity></Point><Point><position>2060</position><in_Quantity.quantity>0.000000</in_Quantity.quantity><out_Quantity.quantity>692.276317</out_Quantity.quantity></Point><Point><position>2061</position><in_Quantity.quantity>0.000000</in_Quantity.quantity><out_Quantity.quantity>607.242268</out_Quantity.quantity></Point><Point><position>2062</position><in_Quantity.quantity>0.000000</in_Quantity.quantity><out_Quantity.quantity>491.263494</out_Quantity.quantity></Point><Point><position>2063</position><in_Quantity.quantity>0.000000</in_Quantity.quantity><out_Quantity.quantity>825.803338</out_Quantity.quantity></Point><Point><position>2064</position><in_Quantity.quantity>0.000000</in_Quantity.quantity><out_Quantity.quantity>396.434493</out_Quantity.quantity></Point><Point><position>2065</position><in_Quantity.quantity>0.000000</in_Quantity.quantity><out_Quantity.quantity>882.202586</out_Quantity.quantity></Point><Point><position>2066</position><in_Quantity.quantity>0.000000</in_Quantity.quantity><out_Quantity.quantity>44.661472</out_Quantity.quantity></Point><Point><position>2067</position><in_Quantity.quantity>0.000000</in_Quantity.quantity><out_Quantity.quantity>239.004657</out_Quantity.quantity></Point><Point><position>2068</position><in_Quantity.quantity>0.000000</in_Quantity.quantity><out_Quantity.quantity>41.155782</out_Quantity.quantity></Point><Point><position>2069</position><in_Quantity.quantity>0.000000</in_Quantity.quantity><out_Quantity.quantity>865.370729</out_Quantity.quantity></Point><Point><position>2070</position><in_Quantity.quantity>0.000000</in_Quantity.quantity><out_Quantity.quantity>359.470709</out_Quantity.quantity></Point><Point><position>2071</position><in_Quantity.quantity>0.000000</in_Quantity.quantity><out_Quantity.quantity>548.749757</out_Quantity.quantity></Point><Point><position>2072</position><in_Quantity.quantity>0.000000</in_Quantity.quantity><out_Quantity.quantity>572.879140</out_Quantity.quantity></Point><Point><position>2073</position><in_Quantity.quantity>0.000000</in_Quantity.quantity><out_Quantity.quantity>529.559482</out_Quantity.quantity></Point><Point><position>2074</position><in_Quantity.quantity>0.000000</in_Quantity.quantity><out_Quantity.quantity>283.164700</out_Quantity.quantity></Point><Point><position>2075</position><in_Quantity.quantity>0.000000</in_Quantity.quantity><out_Quantity.quantity>641.195289</out_Quantity.quantity></Point><Point><position>2076</position><in_Quantity.quantity>0.000000</in_Quantity.quantity><out_Quantity.quantity>818.975623</out_Quantity.quantity></Point><Point><position>2077</position><in_Quantity.quantity>0.000000</in_Quantity.quantity><out_Quantity.quantity>684.889829</out_Quantity.quantity></Point><Point><position>2078</position><in_Quantity.quantity>0.000000</in_Quantity.quantity><out_Quantity.quantity>867.780238</out_Quantity.quantity></Point><Point><position>2079</position><in_Quantity.quantity>0.000000</in_Quantity.quantity><out_Quantity.quantity>703.038892</out_Quantity.quantity></Point><Point><position>2080</position><in_Quantity.quantity>0.000000</in_Quantity.quantity><out_Quantity.quantity>629.891833</out_Quantity.quantity></Point><Point><position>2081</position><in_Quantity.quantity>0.000000</in_Quantity.quantity><out_Quantity.quantity>672.986375</out_Quantity.quantity></Point><Point><position>2082</position><in_Quantity.quantity>0.000000</in_Quantity.quantity><out_Quantity.quantity>600.463584</out_Quantity.quantity></Point><Point><position>2083</position><in_Quantity.quantity>0.000000</in_Quantity.quantity><out_Quantity.quantity>337.814823</out_Quantity.quantity></Point><Point><position>2084</position><in_Quantity.quantity>0.000000</in_Quantity.quantity><out_Quantity.quantity>692.838009</out_Quantity.quantity></Point><Point><position>2085</position><in_Quantity.quantity>0.000000</in_Quantity.quantity><out_Quantity.quantity>969.183791</out_Quantity.quantity></Point><Point><position>2086</position><in_Quantity.quantity>0.000000</in_Quantity.quantity><out_Quantity.quantity>529.370690</out_Quantity.quantity></Point><Point><position>2087</position><in_Quantity.quantity>0.000000</in_Quantity.quantity><out_Quantity.quantity>837.882592</out_Quantity.quantity></Point><Point><position>2088</position><in_Quantity.quantity>0.000000</in_Quantity.quantity><out_Quantity.quantity>405.676137</out_Quantity.quantity></Point><Point><position>2089</position><in_Quantity.quantity>0.000000</in_Quantity.quantity><out_Quantity.quantity>45.311601</out_Quantity.quantity></Point><Point><position>2090</position><in_Quantity.quantity>0.000000</in_Quantity.quantity><out_Quantity.quantity>589.181290</out_Quantity.quantity></Point><Point><position>2091</position><in_Quantity.quantity>0.000000</in_Quantity.quantity><out_Quantity.quantity>418.355515</out_Quantity.quantity></Point><Point><position>2092</position><in_Quantity.quantity>0.000000</in_Quantity.quantity><out_Quantity.quantity>170.983466</out_Quantity.quantity></Point><Point><position>2093</position><in_Quantity.quantity>0.000000</in_Quantity.quantity><out_Quantity.quantity>824.513455</out_Quantity.quantity></Point><Point><position>2094</position><in_Quantity.quantity>0.000000</in_Quantity.quantity><out_Quantity.quantity>897.938013</out_Quantity.quantity></Point><Point><position>2095</position><in_Quantity.quantity>0.000000</in_Quantity.quantity><out_Quantity.quantity>553.647134</out_Quantity.quantity></Point><Point><position>2096</position><in_Quantity.quantity>0.000000</in_Quantity.quantity><out_Quantity.quantity>382.863958</out_Quantity.quantity></Point><Point><position>2097</position><in_Quantity.quantity>0.000000</in_Quantity.quantity><out_Quantity.quantity>796.481489</out_Quantity.quantity></Point><Point><position>2098</position><in_Quantity.quantity>0.000000</in_Quantity.quantity><out_Quantity.quantity>750.461980</out_Quantity.quantity></Point><Point><position>2099</position><in_Quantity.quantity>0.000000</in_Quantity.quantity><out_Quantity.quantity>162.585428</out_Quantity.quantity></Point><Point><position>2100</position><in_Quantity.quantity>0.000000</in_Quantity.quantity><out_Quantity.quantity>346.635849</out_Quantity.quantity></Point><Point><position>2101</position><in_Quantity.quantity>0.000000</in_Quantity.quantity><out_Quantity.quantity>963.918358</out_Quantity.quantity></Point><Point><position>2102</position><in_Quantity.quantity>0.000000</in_Quantity.quantity><out_Quantity.quantity>522.784003</out_Quantity.quantity></Point><Point><position>2103</position><in_Quantity.quantity>0.000000</in_Quantity.quantity><out_Quantity.quantity>582.723235</out_Quantity.quantity></Point><Point><position>2104</position><in_Quantity.quantity>0.000000</in_Quantity.quantity><out_Quantity.quantity>789.997561</out_Quantity.quantity></Point><Point><position>2105</position><in_Quantity.quantity>0.000000</in_Quantity.quantity><out_Quantity.quantity>299.154188</out_Quantity.quantity></Point><Point><position>2106</position><in_Quantity.quantity>0.000000</in_Quantity.quantity><out_Quantity.quantity>287.911565</out_Quantity.quantity></Point><Point><position>2107</position><in_Quantity.quantity>0.000000</in_Quantity.quantity><out_Quantity.quantity>282.652318</out_Quantity.quantity></Point><Point><position>2108</position><in_Quantity.quantity>0.000000</in_Quantity.quantity><out_Quantity.quantity>387.789275</out_Quantity.quantity></Point><Point><position>2109</position><in_Quantity.quantity>0.000000</in_Quantity.quantity><out_Quantity.quantity>86.517764</out_Quantity.quantity></Point><Point><position>2110</position><in_Quantity.quantity>0.000000</in_Quantity.quantity><out_Quantity.quantity>195.852740</out_Quantity.quantity></Point><Point><position>2111</position><in_Quantity.quantity>0.000000</in_Quantity.quantity><out_Quantity.quantity>453.770785</out_Quantity.quantity></Point><Point><position>2112</position><in_Quantity.quantity>0.000000</in_Quantity.quantity><out_Quantity.quantity>761.539648</out_Quantity.quantity></Point><Point><position>2113</position><in_Quantity.quantity>0.000000</in_Quantity.quantity><out_Quantity.quantity>937.797167</out_Quantity.quantity></Point><Point><position>2114</position><in_Quantity.quantity>0.000000</in_Quantity.quantity><out_Quantity.quantity>208.585256</out_Quantity.quantity></Point><Point><position>2115</position><in_Quantity.quantity>0.000000</in_Quantity.quantity><out_Quantity.quantity>740.713069</out_Quantity.quantity></Point><Point><position>2116</position><in_Quantity.quantity>0.000000</in_Quantity.quantity><out_Quantity.quantity>986.788737</out_Quantity.quantity></Point><Point><position>2117</position><in_Quantity.quantity>0.000000</in_Quantity.quantity><out_Quantity.quantity>633.112776</out_Quantity.quantity></Point><Point><position>2118</position><in_Quantity.quantity>0.000000</in_Quantity.quantity><out_Quantity.quantity>797.074565</out_Quantity.quantity></Point><Point><position>2119</position><in_Quantity.quantity>0.000000</in_Quantity.quantity><out_Quantity.quantity>534.691718</out_Quantity.quantity></Point><Point><position>2120</position><in_Quantity.quantity>0.000000</in_Quantity.quantity><out_Quantity.quantity>143.285258</out_Quantity.quantity></Point><Point><position>2121</position><in_Quantity.quantity>0.000000</in_Quantity.quantity><out_Quantity.quantity>668.781202</out_Quantity.quantity></Point><Point><position>2122</position><in_Quantity.quantity>0.000000</in_Quantity.quantity><out_Quantity.quantity>999.669477</out_Quantity.quantity></Point><Point><position>2123</position><in_Quantity.quantity>0.000000</in_Quantity.quantity><out_Quantity.quantity>584.641477</out_Quantity.quantity></Point><Point><position>2124</position><in_Quantity.quantity>0.000000</in_Quantity.quantity><out_Quantity.quantity>660.336315</out_Quantity.quantity></Point><Point><position>2125</position><in_Quantity.quantity>0.000000</in_Quantity.quantity><out_Quantity.quantity>378.607823</out_Quantity.quantity></Point><Point><position>2126</position><in_Quantity.quantity>0.000000</in_Quantity.quantity><out_Quantity.quantity>55.151763</out_Quantity.quantity></Point><Point><position>2127</position><in_Quantity.quantity>0.000000</in_Quantity.quantity><out_Quantity.quantity>304.480252</out_Quantity.quantity></Point><Point><position>2128</position><in_Quantity.quantity>0.000000</in_Quantity.quantity><out_Quantity.quantity>364.817567</out_Quantity.quantity></Point><Point><position>2129</position><in_Quantity.quantity>0.000000</in_Quantity.quantity><out_Quantity.quantity>329.434874</out_Quantity.quantity></Point><Point><position>2130</position><in_Quantity.quantity>0.000000</in_Quantity.quantity><out_Quantity.quantity>914.743466</out_Quantity.quantity></Point><Point><position>2131</position><in_Quantity.quantity>0.000000</in_Quantity.quantity><out_Quantity.quantity>743.809625</out_Quantity.quantity></Point><Point><position>2132</position><in_Quantity.quantity>0.000000</in_Quantity.quantity><out_Quantity.quantity>251.500709</out_Quantity.quantity></Point><Point><position>2133</position><in_Quantity.quantity>0.000000</in_Quantity.quantity><out_Quantity.quantity>816.994827</out_Quantity.quantity></Point><Point><position>2134</position><in_Quantity.quantity>0.000000</in_Quantity.quantity><out_Quantity.quantity>793.005520</out_Quantity.quantity></Point><Point><position>2135</position><in_Quantity.quantity>0.000000</in_Quantity.quantity><out_Quantity.quantity>119.842850</out_Quantity.quantity></Point><Point><position>2136</position><in_Quantity.quantity>0.000000</in_Quantity.quantity><out_Quantity.quantity>646.189186</out_Quantity.quantity></Point><Point><position>2137</position><in_Quantity.quantity>0.000000</in_Quantity.quantity><out_Quantity.quantity>433.720039</out_Quantity.quantity></Point><Point><position>2138</position><in_Quantity.quantity>0.000000</in_Quantity.quantity><out_Quantity.quantity>781.910615</out_Quantity.quantity></Point><Point><position>2139</position><in_Quantity.quantity>0.000000</in_Quantity.quantity><out_Quantity.quantity>70.637201</out_Quantity.quantity></Point><Point><position>2140</position><in_Quantity.quantity>0.000000</in_Quantity.quantity><out_Quantity.quantity>464.052155</out_Quantity.quantity></Point><Point><position>2141</position><in_Quantity.quantity>0.000000</in_Quantity.quantity><out_Quantity.quantity>595.715143</out_Quantity.quantity></Point><Point><position>2142</position><in_Quantity.quantity>0.000000</in_Quantity.quantity><out_Quantity.quantity>861.814081</out_Quantity.quantity></Point><Point><position>2143</position><in_Quantity.quantity>0.000000</in_Quantity.quantity><out_Quantity.quantity>496.071959</out_Quantity.quantity></Point><Point><position>2144</position><in_Quantity.quantity>0.000000</in_Quantity.quantity><out_Quantity.quantity>617.287284</out_Quantity.quantity></Point><Point><position>2145</position><in_Quantity.quantity>0.000000</in_Quantity.quantity><out_Quantity.quantity>256.047371</out_Quantity.quantity></Point><Point><position>2146</position><in_Quantity.quantity>0.000000</in_Quantity.quantity><out_Quantity.quantity>219.517768</out_Quantity.quantity></Point><Point><position>2147</position><in_Quantity.quantity>0.000000</in_Quantity.quantity><out_Quantity.quantity>258.220114</out_Quantity.quantity></Point><Point><position>2148</position><in_Quantity.quantity>0.000000</in_Quantity.quantity><out_Quantity.quantity>74.394952</out_Quantity.quantity></Point><Point><position>2149</position><in_Quantity.quantity>0.000000</in_Quantity.quantity><out_Quantity.quantity>920.138239</out_Quantity.quantity></Point><Point><position>2150</position><in_Quantity.quantity>0.000000</in_Quantity.quantity><out_Quantity.quantity>789.500330</out_Quantity.quantity></Point><Point><position>2151</position><in_Quantity.quantity>0.000000</in_Quantity.quantity><out_Quantity.quantity>926.352455</out_Quantity.quantity></Point><Point><position>2152</position><in_Quantity.quantity>0.000000</in_Quantity.quantity><out_Quantity.quantity>994.905816</out_Quantity.quantity></Point><Point><position>2153</position><in_Quantity.quantity>0.000000</in_Quantity.quantity><out_Quantity.quantity>664.467618</out_Quantity.quantity></Point><Point><position>2154</position><in_Quantity.quantity>0.000000</in_Quantity.quantity><out_Quantity.quantity>836.379406</out_Quantity.quantity></Point><Point><position>2155</position><in_Quantity.quantity>0.000000</in_Quantity.quantity><out_Quantity.quantity>731.039459</out_Quantity.quantity></Point><Point><position>2156</position><in_Quantity.quantity>0.000000</in_Quantity.quantity><out_Quantity.quantity>699.696540</out_Quantity.quantity></Point><Point><position>2157</position><in_Quantity.quantity>0.000000</in_Quantity.quantity><out_Quantity.quantity>782.733895</out_Quantity.quantity></Point><Point><position>2158</position><in_Quantity.quantity>0.000000</in_Quantity.quantity><out_Quantity.quantity>20.359574</out_Quantity.quantity></Point><Point><position>2159</position><in_Quantity.quantity>0.000000</in_Quantity.quantity><out_Quantity.quantity>137.076462</out_Quantity.quantity></Point><Point><position>2160</position><in_Quantity.quantity>0.000000</in_Quantity.quantity><out_Quantity.quantity>859.541830</out_Quantity.quantity></Point><Point><position>2161</position><in_Quantity.quantity>0.000000</in_Quantity.quantity><out_Quantity.quantity>302.834558</out_Quantity.quantity></Point><Point><position>2162</position><in_Quantity.quantity>0.000000</in_Quantity.quantity><out_Quantity.quantity>952.353716</out_Quantity.quantity></Point><Point><position>2163</position><in_Quantity.quantity>0.000000</in_Quantity.quantity><out_Quantity.quantity>608.657609</out_Quantity.quantity></Point><Point><position>2164</position><in_Quantity.quantity>0.000000</in_Quantity.quantity><out_Quantity.quantity>844.348847</out_Quantity.quantity></Point><Point><position>2165</position><in_Quantity.quantity>0.000000</in_Quantity.quantity><out_Quantity.quantity>80.113872</out_Quantity.quantity></Point><Point><position>2166</position><in_Quantity.quantity>0.000000</in_Quantity.quantity><out_Quantity.quantity>315.215329</out_Quantity.quantity></Point><Point><position>2167</position><in_Quantity.quantity>0.000000</in_Quantity.quantity><out_Quantity.quantity>959.104288</out_Quantity.quantity></Point><Point><position>2168</position><in_Quantity.quantity>0.000000</in_Quantity.quantity><out_Quantity.quantity>178.163708</out_Quantity.quantity></Point><Point><position>2169</position><in_Quantity.quantity>0.000000</in_Quantity.quantity><out_Quantity.quantity>347.272215</out_Quantity.quantity></Point><Point><position>2170</position><in_Quantity.quantity>0.000000</in_Quantity.quantity><out_Quantity.quantity>5.357458</out_Quantity.quantity></Point><Point><position>2171</position><in_Quantity.quantity>0.000000</in_Quantity.quantity><out_Quantity.quantity>123.289423</out_Quantity.quantity></Point><Point><position>2172</position><in_Quantity.quantity>0.000000</in_Quantity.quantity><out_Quantity.quantity>258.944656</out_Quantity.quantity></Point><Point><position>2173</position><in_Quantity.quantity>0.000000</in_Quantity.quantity><out_Quantity.quantity>502.249835</out_Quantity.quantity></Point><Point><position>2174</position><in_Quantity.quantity>0.000000</in_Quantity.quantity><out_Quantity.quantity>837.515924</out_Quantity.quantity></Point><Point><position>2175</position><in_Quantity.quantity>0.000000</in_Quantity.quantity><out_Quantity.quantity>343.067419</out_Quantity.quantity></Point><Point><position>2176</position><in_Quantity.quantity>0.000000</in_Quantity.quantity><out_Quantity.quantity>888.030365</out_Quantity.quantity></Point><Point><position>2177</position><in_Quantity.quantity>0.000000</in_Quantity.quantity><out_Quantity.quantity>34.579024</out_Quantity.quantity></Point><Point><position>2178</position><in_Quantity.quantity>0.000000</in_Quantity.quantity><out_Quantity.quantity>341.841383</out_Quantity.quantity></Point><Point><position>2179</position><in_Quantity.quantity>0.000000</in_Quantity.quantity><out_Quantity.quantity>444.234696</out_Quantity.quantity></Point><Point><position>2180</position><in_Quantity.quantity>0.000000</in_Quantity.quantity><out_Quantity.quantity>974.009326</out_Quantity.quantity></Point><Point><position>2181</position><in_Quantity.quantity>0.000000</in_Quantity.quantity><out_Quantity.quantity>847.976053</out_Quantity.quantity></Point><Point><position>2182</position><in_Quantity.quantity>0.000000</in_Quantity.quantity><out_Quantity.quantity>969.974638</out_Quantity.quantity></Point><Point><position>2183</position><in_Quantity.quantity>0.000000</in_Quantity.quantity><out_Quantity.quantity>348.391557</out_Quantity.quantity></Point><Point><position>2184</position><in_Quantity.quantity>0.000000</in_Quantity.quantity><out_Quantity.quantity>87.175065</out_Quantity.quantity></Point><Point><position>2185</position><in_Quantity.quantity>0.000000</in_Quantity.quantity><out_Quantity.quantity>454.727362</out_Quantity.quantity></Point><Point><position>2186</position><in_Quantity.quantity>0.000000</in_Quantity.quantity><out_Quantity.quantity>519.348127</out_Quantity.quantity></Point><Point><position>2187</position><in_Quantity.quantity>0.000000</in_Quantity.quantity><out_Quantity.quantity>1.101749</out_Quantity.quantity></Point><Point><position>2188</position><in_Quantity.quantity>0.000000</in_Quantity.quantity><out_Quantity.quantity>93.539818</out_Quantity.quantity></Point><Point><position>2189</position><in_Quantity.quantity>0.000000</in_Quantity.quantity><out_Quantity.quantity>153.813639</out_Quantity.quantity></Point><Point><position>2190</position><in_Quantity.quantity>0.000000</in_Quantity.quantity><out_Quantity.quantity>890.507611</out_Quantity.quantity></Point><Point><position>2191</position><in_Quantity.quantity>0.000000</in_Quantity.quantity><out_Quantity.quantity>700.118587</out_Quantity.quantity></Point><Point><position>2192</position><in_Quantity.quantity>0.000000</in_Quantity.quantity><out_Quantity.quantity>576.542307</out_Quantity.quantity></Point><Point><position>2193</position><in_Quantity.quantity>0.000000</in_Quantity.quantity><out_Quantity.quantity>243.842095</out_Quantity.quantity></Point><Point><position>2194</position><in_Quantity.quantity>0.000000</in_Quantity.quantity><out_Quantity.quantity>32.007841</out_Quantity.quantity></Point><Point><position>2195</position><in_Quantity.quantity>0.000000</in_Quantity.quantity><out_Quantity.quantity>298.141756</out_Quantity.quantity></Point><Point><position>2196</position><in_Quantity.quantity>0.000000</in_Quantity.quantity><out_Quantity.quantity>614.676487</out_Quantity.quantity></Point><Point><position>2197</position><in_Quantity.quantity>0.000000</in_Quantity.quantity><out_Quantity.quantity>582.216181</out_Quantity.quantity></Point><Point><position>2198</position><in_Quantity.quantity>0.000000</in_Quantity.quantity><out_Quantity.quantity>572.861971</out_Quantity.quantity></Point><Point><position>2199</position><in_Quantity.quantity>0.000000</in_Quantity.quantity><out_Quantity.quantity>423.677669</out_Quantity.quantity></Point><Point><position>2200</position><in_Quantity.quantity>0.000000</in_Quantity.quantity><out_Quantity.quantity>19.992343</out_Quantity.quantity></Point><Point><position>2201</position><in_Quantity.quantity>0.000000</in_Quantity.quantity><out_Quantity.quantity>70.813033</out_Quantity.quantity></Point><Point><position>2202</position><in_Quantity.quantity>0.000000</in_Quantity.quantity><out_Quantity.quantity>319.945400</out_Quantity.quantity></Point><Point><position>2203</position><in_Quantity.quantity>0.000000</in_Quantity.quantity><out_Quantity.quantity>417.833692</out_Quantity.quantity></Point><Point><position>2204</position><in_Quantity.quantity>0.000000</in_Quantity.quantity><out_Quantity.quantity>997.096696</out_Quantity.quantity></Point><Point><position>2205</position><in_Quantity.quantity>0.000000</in_Quantity.quantity><out_Quantity.quantity>389.538558</out_Quantity.quantity></Point><Point><position>2206</position><in_Quantity.quantity>0.000000</in_Quantity.quantity><out_Quantity.quantity>102.818256</out_Quantity.quantity></Point><Point><position>2207</position><in_Quantity.quantity>0.000000</in_Quantity.quantity><out_Quantity.quantity>800.248626</out_Quantity.quantity></Point><Point><position>2208</position><in_Quantity.quantity>0.000000</in_Quantity.quantity><out_Quantity.quantity>105.498317</out_Quantity.quantity></Point><Point><position>2209</position><in_Quantity.quantity>0.000000</in_Quantity.quantity><out_Quantity.quantity>937.133605</out_Quantity.quantity></Point><Point><position>2210</position><in_Quantity.quantity>0.000000</in_Quantity.quantity><out_Quantity.quantity>138.105204</out_Quantity.quantity></Point><Point><position>2211</position><in_Quantity.quantity>0.000000</in_Quantity.quantity><out_Quantity.quantity>20.748763</out_Quantity.quantity></Point><Point><position>2212</position><in_Quantity.quantity>0.000000</in_Quantity.quantity><out_Quantity.quantity>110.789257</out_Quantity.quantity></Point><Point><position>2213</position><in_Quantity.quantity>0.000000</in_Quantity.quantity><out_Quantity.quantity>614.504222</out_Quantity.quantity></Point><Point><position>2214</position><in_Quantity.quantity>0.000000</in_Quantity.quantity><out_Quantity.quantity>502.315013</out_Quantity.quantity></Point><Point><position>2215</position><in_Quantity.quantity>0.000000</in_Quantity.quantity><out_Quantity.quantity>373.757099</out_Quantity.quantity></Point><Point><position>2216</position><in_Quantity.quantity>0.000000</in_Quantity.quantity><out_Quantity.quantity>197.897884</out_Quantity.quantity></Point><Point><position>2217</position><in_Quantity.quantity>0.000000</in_Quantity.quantity><out_Quantity.quantity>287.838593</out_Quantity.quantity></Point><Point><position>2218</position><in_Quantity.quantity>0.000000</in_Quantity.quantity><out_Quantity.quantity>858.306561</out_Quantity.quantity></Point><Point><position>2219</position><in_Quantity.quantity>0.000000</in_Quantity.quantity><out_Quantity.quantity>807.930106</out_Quantity.quantity></Point><Point><position>2220</position><in_Quantity.quantity>0.000000</in_Quantity.quantity><out_Quantity.quantity>732.960658</out_Quantity.quantity></Point><Point><position>2221</position><in_Quantity.quantity>0.000000</in_Quantity.quantity><out_Quantity.quantity>530.378527</out_Quantity.quantity></Point><Point><position>2222</position><in_Quantity.quantity>0.000000</in_Quantity.quantity><out_Quantity.quantity>290.190932</out_Quantity.quantity></Point><Point><position>2223</position><in_Quantity.quantity>0.000000</in_Quantity.quantity><out_Quantity.quantity>454.525530</out_Quantity.quantity></Point><Point><position>2224</position><in_Quantity.quantity>0.000000</in_Quantity.quantity><out_Quantity.quantity>440.929602</out_Quantity.quantity></Point><Point><position>2225</position><in_Quantity.quantity>0.000000</in_Quantity.quantity><out_Quantity.quantity>919.062798</out_Quantity.quantity></Point><Point><position>2226</position><in_Quantity.quantity>0.000000</in_Quantity.quantity><out_Quantity.quantity>935.972771</out_Quantity.quantity></Point><Point><position>2227</position><in_Quantity.quantity>0.000000</in_Quantity.quantity><out_Quantity.quantity>871.438248</out_Quantity.quantity></Point><Point><position>2228</position><in_Quantity.quantity>0.000000</in_Quantity.quantity><out_Quantity.quantity>642.513422</out_Quantity.quantity></Point><Point><position>2229</position><in_Quantity.quantity>0.000000</in_Quantity.quantity><out_Quantity.quantity>219.815988</out_Quantity.quantity></Point><Point><position>2230</position><in_Quantity.quantity>0.000000</in_Quantity.quantity><out_Quantity.quantity>926.893636</out_Quantity.quantity></Point><Point><position>2231</position><in_Quantity.quantity>0.000000</in_Quantity.quantity><out_Quantity.quantity>739.267325</out_Quantity.quantity></Point><Point><position>2232</position><in_Quantity.quantity>0.000000</in_Quantity.quantity><out_Quantity.quantity>317.761804</out_Quantity.quantity></Point><Point><position>2233</position><in_Quantity.quantity>0.000000</in_Quantity.quantity><out_Quantity.quantity>445.333368</out_Quantity.quantity></Point><Point><position>2234</position><in_Quantity.quantity>0.000000</in_Quantity.quantity><out_Quantity.quantity>117.768620</out_Quantity.quantity></Point><Point><position>2235</position><in_Quantity.quantity>0.000000</in_Quantity.quantity><out_Quantity.quantity>550.133613</out_Quantity.quantity></Point><Point><position>2236</position><in_Quantity.quantity>0.000000</in_Quantity.quantity><out_Quantity.quantity>638.908836</out_Quantity.quantity></Point><Point><position>2237</position><in_Quantity.quantity>0.000000</in_Quantity.quantity><out_Quantity.quantity>976.106916</out_Quantity.quantity></Point><Point><position>2238</position><in_Quantity.quantity>0.000000</in_Quantity.quantity><out_Quantity.quantity>79.243165</out_Quantity.quantity></Point><Point><position>2239</position><in_Quantity.quantity>0.000000</in_Quantity.quantity><out_Quantity.quantity>852.293340</out_Quantity.quantity></Point><Point><position>2240</position><in_Quantity.quantity>0.000000</in_Quantity.quantity><out_Quantity.quantity>867.868121</out_Quantity.quantity></Point><Point><position>2241</position><in_Quantity.quantity>0.000000</in_Quantity.quantity><out_Quantity.quantity>778.325580</out_Quantity.quantity></Point><Point><position>2242</position><in_Quantity.quantity>0.000000</in_Quantity.quantity><out_Quantity.quantity>595.156401</out_Quantity.quantity></Point><Point><position>2243</position><in_Quantity.quantity>0.000000</in_Quantity.quantity><out_Quantity.quantity>352.445429</out_Quantity.quantity></Point><Point><position>2244</position><in_Quantity.quantity>0.000000</in_Quantity.quantity><out_Quantity.quantity>568.035503</out_Quantity.quantity></Point><Point><position>2245</position><in_Quantity.quantity>0.000000</in_Quantity.quantity><out_Quantity.quantity>935.487291</out_Quantity.quantity></Point><Point><position>2246</position><in_Quantity.quantity>0.000000</in_Quantity.quantity><out_Quantity.quantity>182.390682</out_Quantity.quantity></Point><Point><position>2247</position><in_Quantity.quantity>0.000000</in_Quantity.quantity><out_Quantity.quantity>832.343669</out_Quantity.quantity></Point><Point><position>2248</position><in_Quantity.quantity>0.000000</in_Quantity.quantity><out_Quantity.quantity>681.635770</out_Quantity.quantity></Point><Point><position>2249</position><in_Quantity.quantity>0.000000</in_Quantity.quantity><out_Quantity.quantity>963.089421</out_Quantity.quantity></Point><Point><position>2250</position><in_Quantity.quantity>0.000000</in_Quantity.quantity><out_Quantity.quantity>980.498853</out_Quantity.quantity></Point><Point><position>2251</position><in_Quantity.quantity>0.000000</in_Quantity.quantity><out_Quantity.quantity>903.884889</out_Quantity.quantity></Point><Point><position>2252</position><in_Quantity.quantity>0.000000</in_Quantity.quantity><out_Quantity.quantity>526.280621</out_Quantity.quantity></Point><Point><position>2253</position><in_Quantity.quantity>0.000000</in_Quantity.quantity><out_Quantity.quantity>649.553235</out_Quantity.quantity></Point><Point><position>2254</position><in_Quantity.quantity>0.000000</in_Quantity.quantity><out_Quantity.quantity>884.915528</out_Quantity.quantity></Point><Point><position>2255</position><in_Quantity.quantity>0.000000</in_Quantity.quantity><out_Quantity.quantity>795.066804</out_Quantity.quantity></Point><Point><position>2256</position><in_Quantity.quantity>0.000000</in_Quantity.quantity><out_Quantity.quantity>175.268627</out_Quantity.quantity></Point><Point><position>2257</position><in_Quantity.quantity>0.000000</in_Quantity.quantity><out_Quantity.quantity>113.327163</out_Quantity.quantity></Point><Point><position>2258</position><in_Quantity.quantity>0.000000</in_Quantity.quantity><out_Quantity.quantity>505.570610</out_Quantity.quantity></Point><Point><position>2259</position><in_Quantity.quantity>0.000000</in_Quantity.quantity><out_Quantity.quantity>939.052091</out_Quantity.quantity></Point><Point><position>2260</position><in_Quantity.quantity>0.000000</in_Quantity.quantity><out_Quantity.quantity>506.690732</out_Quantity.quantity></Point><Point><position>2261</position><in_Quantity.quantity>0.000000</in_Quantity.quantity><out_Quantity.quantity>431.714057</out_Quantity.quantity></Point><Point><position>2262</position><in_Quantity.quantity>0.000000</in_Quantity.quantity><out_Quantity.quantity>121.419839</out_Quantity.quantity></Point><Point><position>2263</position><in_Quantity.quantity>0.000000</in_Quantity.quantity><out_Quantity.quantity>749.791149</out_Quantity.quantity></Point><Point><position>2264</position><in_Quantity.quantity>0.000000</in_Quantity.quantity><out_Quantity.quantity>508.868898</out_Quantity.quantity></Point><Point><position>2265</position><in_Quantity.quantity>0.000000</in_Quantity.quantity><out_Quantity.quantity>727.675973</out_Quantity.quantity></Point><Point><position>2266</position><in_Quantity.quantity>0.000000</in_Quantity.quantity><out_Quantity.quantity>286.997558</out_Quantity.quantity></Point><Point><position>2267</position><in_Quantity.quantity>0.000000</in_Quantity.quantity><out_Quantity.quantity>330.095957</out_Quantity.quantity></Point><Point><position>2268</position><in_Quantity.quantity>0.000000</in_Quantity.quantity><out_Quantity.quantity>37.362495</out_Quantity.quantity></Point><Point><position>2269</position><in_Quantity.quantity>0.000000</in_Quantity.quantity><out_Quantity.quantity>206.696677</out_Quantity.quantity></Point><Point><position>2270</position><in_Quantity.quantity>0.000000</in_Quantity.quantity><out_Quantity.quantity>108.755466</out_Quantity.quantity></Point><Point><position>2271</position><in_Quantity.quantity>0.000000</in_Quantity.quantity><out_Quantity.quantity>429.916166</out_Quantity.quantity></Point><Point><position>2272</position><in_Quantity.quantity>0.000000</in_Quantity.quantity><out_Quantity.quantity>892.254223</out_Quantity.quantity></Point><Point><position>2273</position><in_Quantity.quantity>0.000000</in_Quantity.quantity><out_Quantity.quantity>755.505198</out_Quantity.quantity></Point><Point><position>2274</position><in_Quantity.quantity>0.000000</in_Quantity.quantity><out_Quantity.quantity>163.971234</out_Quantity.quantity></Point><Point><position>2275</position><in_Quantity.quantity>0.000000</in_Quantity.quantity><out_Quantity.quantity>69.945179</out_Quantity.quantity></Point><Point><position>2276</position><in_Quantity.quantity>0.000000</in_Quantity.quantity><out_Quantity.quantity>920.989174</out_Quantity.quantity></Point><Point><position>2277</position><in_Quantity.quantity>0.000000</in_Quantity.quantity><out_Quantity.quantity>338.345864</out_Quantity.quantity></Point><Point><position>2278</position><in_Quantity.quantity>0.000000</in_Quantity.quantity><out_Quantity.quantity>511.946388</out_Quantity.quantity></Point><Point><position>2279</position><in_Quantity.quantity>0.000000</in_Quantity.quantity><out_Quantity.quantity>540.486350</out_Quantity.quantity></Point><Point><position>2280</position><in_Quantity.quantity>0.000000</in_Quantity.quantity><out_Quantity.quantity>73.068349</out_Quantity.quantity></Point><Point><position>2281</position><in_Quantity.quantity>0.000000</in_Quantity.quantity><out_Quantity.quantity>246.137285</out_Quantity.quantity></Point><Point><position>2282</position><in_Quantity.quantity>0.000000</in_Quantity.quantity><out_Quantity.quantity>663.701775</out_Quantity.quantity></Point><Point><position>2283</position><in_Quantity.quantity>0.000000</in_Quantity.quantity><out_Quantity.quantity>15.377062</out_Quantity.quantity></Point><Point><position>2284</position><in_Quantity.quantity>0.000000</in_Quantity.quantity><out_Quantity.quantity>371.933414</out_Quantity.quantity></Point><Point><position>2285</position><in_Quantity.quantity>0.000000</in_Quantity.quantity><out_Quantity.quantity>274.350040</out_Quantity.quantity></Point><Point><position>2286</position><in_Quantity.quantity>0.000000</in_Quantity.quantity><out_Quantity.quantity>463.998719</out_Quantity.quantity></Point><Point><position>2287</position><in_Quantity.quantity>0.000000</in_Quantity.quantity><out_Quantity.quantity>889.484497</out_Quantity.quantity></Point><Point><position>2288</position><in_Quantity.quantity>0.000000</in_Quantity.quantity><out_Quantity.quantity>631.538265</out_Quantity.quantity></Point><Point><position>2289</position><in_Quantity.quantity>0.000000</in_Quantity.quantity><out_Quantity.quantity>258.709803</out_Quantity.quantity></Point><Point><position>2290</position><in_Quantity.quantity>0.000000</in_Quantity.quantity><out_Quantity.quantity>741.387169</out_Quantity.quantity></Point><Point><position>2291</position><in_Quantity.quantity>0.000000</in_Quantity.quantity><out_Quantity.quantity>593.181200</out_Quantity.quantity></Point><Point><position>2292</position><in_Quantity.quantity>0.000000</in_Quantity.quantity><out_Quantity.quantity>711.683655</out_Quantity.quantity></Point><Point><position>2293</position><in_Quantity.quantity>0.000000</in_Quantity.quantity><out_Quantity.quantity>31.596200</out_Quantity.quantity></Point><Point><position>2294</position><in_Quantity.quantity>0.000000</in_Quantity.quantity><out_Quantity.quantity>990.187712</out_Quantity.quantity></Point><Point><position>2295</position><in_Quantity.quantity>0.000000</in_Quantity.quantity><out_Quantity.quantity>66.371497</out_Quantity.quantity></Point><Point><position>2296</position><in_Quantity.quantity>0.000000</in_Quantity.quantity><out_Quantity.quantity>229.628108</out_Quantity.quantity></Point><Point><position>2297</position><in_Quantity.quantity>0.000000</in_Quantity.quantity><out_Quantity.quantity>573.511224</out_Quantity.quantity></Point><Point><position>2298</position><in_Quantity.quantity>0.000000</in_Quantity.quantity><out_Quantity.quantity>407.633492</out_Quantity.quantity></Point><Point><position>2299</position><in_Quantity.quantity>0.000000</in_Quantity.quantity><out_Quantity.quantity>658.934665</out_Quantity.quantity></Point><Point><position>2300</position><in_Quantity.quantity>0.000000</in_Quantity.quantity><out_Quantity.quantity>771.532883</out_Quantity.quantity></Point><Point><position>2301</position><in_Quantity.quantity>0.000000</in_Quantity.quantity><out_Quantity.quantity>558.421397</out_Quantity.quantity></Point><Point><position>2302</position><in_Quantity.quantity>0.000000</in_Quantity.quantity><out_Quantity.quantity>421.164865</out_Quantity.quantity></Point><Point><position>2303</position><in_Quantity.quantity>0.000000</in_Quantity.quantity><out_Quantity.quantity>675.914476</out_Quantity.quantity></Point><Point><position>2304</position><in_Quantity.quantity>0.000000</in_Quantity.quantity><out_Quantity.quantity>465.880472</out_Quantity.quantity></Point><Point><position>2305</position><in_Quantity.quantity>0.000000</in_Quantity.quantity><out_Quantity.quantity>110.131866</out_Quantity.quantity></Point><Point><position>2306</position><in_Quantity.quantity>0.000000</in_Quantity.quantity><out_Quantity.quantity>41.877937</out_Quantity.quantity></Point><Point><position>2307</position><in_Quantity.quantity>0.000000</in_Quantity.quantity><out_Quantity.quantity>970.660864</out_Quantity.quantity></Point><Point><position>2308</position><in_Quantity.quantity>0.000000</in_Quantity.quantity><out_Quantity.quantity>957.503030</out_Quantity.quantity></Point><Point><position>2309</position><in_Quantity.quantity>0.000000</in_Quantity.quantity><out_Quantity.quantity>895.233300</out_Quantity.quantity></Point><Point><position>2310</position><in_Quantity.quantity>0.000000</in_Quantity.quantity><out_Quantity.quantity>809.209072</out_Quantity.quantity></Point><Point><position>2311</position><in_Quantity.quantity>0.000000</in_Quantity.quantity><out_Quantity.quantity>663.453930</out_Quantity.quantity></Point><Point><position>2312</position><in_Quantity.quantity>0.000000</in_Quantity.quantity><out_Quantity.quantity>674.631722</out_Quantity.quantity></Point><Point><position>2313</position><in_Quantity.quantity>0.000000</in_Quantity.quantity><out_Quantity.quantity>186.533375</out_Quantity.quantity></Point><Point><position>2314</position><in_Quantity.quantity>0.000000</in_Quantity.quantity><out_Quantity.quantity>771.822396</out_Quantity.quantity></Point><Point><position>2315</position><in_Quantity.quantity>0.000000</in_Quantity.quantity><out_Quantity.quantity>983.602203</out_Quantity.quantity></Point><Point><position>2316</position><in_Quantity.quantity>0.000000</in_Quantity.quantity><out_Quantity.quantity>324.359530</out_Quantity.quantity></Point><Point><position>2317</position><in_Quantity.quantity>0.000000</in_Quantity.quantity><out_Quantity.quantity>899.729595</out_Quantity.quantity></Point><Point><position>2318</position><in_Quantity.quantity>0.000000</in_Quantity.quantity><out_Quantity.quantity>909.327427</out_Quantity.quantity></Point><Point><position>2319</position><in_Quantity.quantity>0.000000</in_Quantity.quantity><out_Quantity.quantity>434.574630</out_Quantity.quantity></Point><Point><position>2320</position><in_Quantity.quantity>0.000000</in_Quantity.quantity><out_Quantity.quantity>519.748999</out_Quantity.quantity></Point><Point><position>2321</position><in_Quantity.quantity>0.000000</in_Quantity.quantity><out_Quantity.quantity>542.680491</out_Quantity.quantity></Point><Point><position>2322</position><in_Quantity.quantity>0.000000</in_Quantity.quantity><out_Quantity.quantity>609.327325</out_Quantity.quantity></Point><Point><position>2323</position><in_Quantity.quantity>0.000000</in_Quantity.quantity><out_Quantity.quantity>999.000137</out_Quantity.quantity></Point><Point><position>2324</position><in_Quantity.quantity>0.000000</in_Quantity.quantity><out_Quantity.quantity>656.668411</out_Quantity.quantity></Point><Point><position>2325</position><in_Quantity.quantity>0.000000</in_Quantity.quantity><out_Quantity.quantity>669.661271</out_Quantity.quantity></Point><Point><position>2326</position><in_Quantity.quantity>0.000000</in_Quantity.quantity><out_Quantity.quantity>984.654984</out_Quantity.quantity></Point><Point><position>2327</position><in_Quantity.quantity>0.000000</in_Quantity.quantity><out_Quantity.quantity>998.161940</out_Quantity.quantity></Point><Point><position>2328</position><in_Quantity.quantity>0.000000</in_Quantity.quantity><out_Quantity.quantity>772.601571</out_Quantity.quantity></Point><Point><position>2329</position><in_Quantity.quantity>0.000000</in_Quantity.quantity><out_Quantity.quantity>877.839735</out_Quantity.quantity></Point><Point><position>2330</position><in_Quantity.quantity>0.000000</in_Quantity.quantity><out_Quantity.quantity>118.621502</out_Quantity.quantity></Point><Point><position>2331</position><in_Quantity.quantity>0.000000</in_Quantity.quantity><out_Quantity.quantity>321.798156</out_Quantity.quantity></Point><Point><position>2332</position><in_Quantity.quantity>0.000000</in_Quantity.quantity><out_Quantity.quantity>127.106302</out_Quantity.quantity></Point><Point><position>2333</position><in_Quantity.quantity>0.000000</in_Quantity.quantity><out_Quantity.quantity>665.781286</out_Quantity.quantity></Point><Point><position>2334</position><in_Quantity.quantity>0.000000</in_Quantity.quantity><out_Quantity.quantity>994.784194</out_Quantity.quantity></Point><Point><position>2335</position><in_Quantity.quantity>0.000000</in_Quantity.quantity><out_Quantity.quantity>375.476282</out_Quantity.quantity></Point><Point><position>2336</position><in_Quantity.quantity>0.000000</in_Quantity.quantity><out_Quantity.quantity>101.488160</out_Quantity.quantity></Point><Point><position>2337</position><in_Quantity.quantity>0.000000</in_Quantity.quantity><out_Quantity.quantity>168.664753</out_Quantity.quantity></Point><Point><position>2338</position><in_Quantity.quantity>0.000000</in_Quantity.quantity><out_Quantity.quantity>673.356300</out_Quantity.quantity></Point><Point><position>2339</position><in_Quantity.quantity>0.000000</in_Quantity.quantity><out_Quantity.quantity>138.606159</out_Quantity.quantity></Point><Point><position>2340</position><in_Quantity.quantity>0.000000</in_Quantity.quantity><out_Quantity.quantity>264.415759</out_Quantity.quantity></Point><Point><position>2341</position><in_Quantity.quantity>0.000000</in_Quantity.quantity><out_Quantity.quantity>347.776945</out_Quantity.quantity></Point><Point><position>2342</position><in_Quantity.quantity>0.000000</in_Quantity.quantity><out_Quantity.quantity>243.290481</out_Quantity.quantity></Point><Point><position>2343</position><in_Quantity.quantity>0.000000</in_Quantity.quantity><out_Quantity.quantity>710.584672</out_Quantity.quantity></Point><Point><position>2344</position><in_Quantity.quantity>0.000000</in_Quantity.quantity><out_Quantity.quantity>159.933638</out_Quantity.quantity></Point><Point><position>2345</position><in_Quantity.quantity>0.000000</in_Quantity.quantity><out_Quantity.quantity>4.380668</out_Quantity.quantity></Point><Point><position>2346</position><in_Quantity.quantity>0.000000</in_Quantity.quantity><out_Quantity.quantity>959.833318</out_Quantity.quantity></Point><Point><position>2347</position><in_Quantity.quantity>0.000000</in_Quantity.quantity><out_Quantity.quantity>340.582139</out_Quantity.quantity></Point><Point><position>2348</position><in_Quantity.quantity>0.000000</in_Quantity.quantity><out_Quantity.quantity>924.777781</out_Quantity.quantity></Point><Point><position>2349</position><in_Quantity.quantity>0.000000</in_Quantity.quantity><out_Quantity.quantity>216.156665</out_Quantity.quantity></Point><Point><position>2350</position><in_Quantity.quantity>0.000000</in_Quantity.quantity><out_Quantity.quantity>56.417677</out_Quantity.quantity></Point><Point><position>2351</position><in_Quantity.quantity>0.000000</in_Quantity.quantity><out_Quantity.quantity>798.947594</out_Quantity.quantity></Point><Point><position>2352</position><in_Quantity.quantity>0.000000</in_Quantity.quantity><out_Quantity.quantity>967.932660</out_Quantity.quantity></Point><Point><position>2353</position><in_Quantity.quantity>0.000000</in_Quantity.quantity><out_Quantity.quantity>793.715014</out_Quantity.quantity></Point><Point><position>2354</position><in_Quantity.quantity>0.000000</in_Quantity.quantity><out_Quantity.quantity>726.817198</out_Quantity.quantity></Point><Point><position>2355</position><in_Quantity.quantity>0.000000</in_Quantity.quantity><out_Quantity.quantity>963.560730</out_Quantity.quantity></Point><Point><position>2356</position><in_Quantity.quantity>0.000000</in_Quantity.quantity><out_Quantity.quantity>285.662667</out_Quantity.quantity></Point><Point><position>2357</position><in_Quantity.quantity>0.000000</in_Quantity.quantity><out_Quantity.quantity>450.685986</out_Quantity.quantity></Point><Point><position>2358</position><in_Quantity.quantity>0.000000</in_Quantity.quantity><out_Quantity.quantity>598.737212</out_Quantity.quantity></Point><Point><position>2359</position><in_Quantity.quantity>0.000000</in_Quantity.quantity><out_Quantity.quantity>102.073695</out_Quantity.quantity></Point><Point><position>2360</position><in_Quantity.quantity>0.000000</in_Quantity.quantity><out_Quantity.quantity>796.862516</out_Quantity.quantity></Point><Point><position>2361</position><in_Quantity.quantity>0.000000</in_Quantity.quantity><out_Quantity.quantity>649.471254</out_Quantity.quantity></Point><Point><position>2362</position><in_Quantity.quantity>0.000000</in_Quantity.quantity><out_Quantity.quantity>125.380204</out_Quantity.quantity></Point><Point><position>2363</position><in_Quantity.quantity>0.000000</in_Quantity.quantity><out_Quantity.quantity>529.134321</out_Quantity.quantity></Point><Point><position>2364</position><in_Quantity.quantity>0.000000</in_Quantity.quantity><out_Quantity.quantity>364.421640</out_Quantity.quantity></Point><Point><position>2365</position><in_Quantity.quantity>0.000000</in_Quantity.quantity><out_Quantity.quantity>591.956648</out_Quantity.quantity></Point><Point><position>2366</position><in_Quantity.quantity>0.000000</in_Quantity.quantity><out_Quantity.quantity>370.427001</out_Quantity.quantity></Point><Point><position>2367</position><in_Quantity.quantity>0.000000</in_Quantity.quantity><out_Quantity.quantity>657.343022</out_Quantity.quantity></Point><Point><position>2368</position><in_Quantity.quantity>0.000000</in_Quantity.quantity><out_Quantity.quantity>526.953932</out_Quantity.quantity></Point><Point><position>2369</position><in_Quantity.quantity>0.000000</in_Quantity.quantity><out_Quantity.quantity>778.499957</out_Quantity.quantity></Point><Point><position>2370</position><in_Quantity.quantity>0.000000</in_Quantity.quantity><out_Quantity.quantity>714.719674</out_Quantity.quantity></Point><Point><position>2371</position><in_Quantity.quantity>0.000000</in_Quantity.quantity><out_Quantity.quantity>292.416218</out_Quantity.quantity></Point><Point><position>2372</position><in_Quantity.quantity>0.000000</in_Quantity.quantity><out_Quantity.quantity>757.556546</out_Quantity.quantity></Point><Point><position>2373</position><in_Quantity.quantity>0.000000</in_Quantity.quantity><out_Quantity.quantity>988.094867</out_Quantity.quantity></Point><Point><position>2374</position><in_Quantity.quantity>0.000000</in_Quantity.quantity><out_Quantity.quantity>801.119139</out_Quantity.quantity></Point><Point><position>2375</position><in_Quantity.quantity>0.000000</in_Quantity.quantity><out_Quantity.quantity>524.378306</out_Quantity.quantity></Point><Point><position>2376</position><in_Quantity.quantity>0.000000</in_Quantity.quantity><out_Quantity.quantity>427.522190</out_Quantity.quantity></Point><Point><position>2377</position><in_Quantity.quantity>0.000000</in_Quantity.quantity><out_Quantity.quantity>233.478045</out_Quantity.quantity></Point><Point><position>2378</position><in_Quantity.quantity>0.000000</in_Quantity.quantity><out_Quantity.quantity>708.655240</out_Quantity.quantity></Point><Point><position>2379</position><in_Quantity.quantity>0.000000</in_Quantity.quantity><out_Quantity.quantity>903.479288</out_Quantity.quantity></Point><Point><position>2380</position><in_Quantity.quantity>0.000000</in_Quantity.quantity><out_Quantity.quantity>553.640480</out_Quantity.quantity></Point><Point><position>2381</position><in_Quantity.quantity>0.000000</in_Quantity.quantity><out_Quantity.quantity>654.317766</out_Quantity.quantity></Point><Point><position>2382</position><in_Quantity.quantity>0.000000</in_Quantity.quantity><out_Quantity.quantity>260.340000</out_Quantity.quantity></Point><Point><position>2383</position><in_Quantity.quantity>0.000000</in_Quantity.quantity><out_Quantity.quantity>896.359149</out_Quantity.quantity></Point><Point><position>2384</position><in_Quantity.quantity>0.000000</in_Quantity.quantity><out_Quantity.quantity>685.671821</out_Quantity.quantity></Point><Point><position>2385</position><in_Quantity.quantity>0.000000</in_Quantity.quantity><out_Quantity.quantity>751.971724</out_Quantity.quantity></Point><Point><position>2386</position><in_Quantity.quantity>0.000000</in_Quantity.quantity><out_Quantity.quantity>778.967196</out_Quantity.quantity></Point><Point><position>2387</position><in_Quantity.quantity>0.000000</in_Quantity.quantity><out_Quantity.quantity>570.953276</out_Quantity.quantity></Point><Point><position>2388</position><in_Quantity.quantity>0.000000</in_Quantity.quantity><out_Quantity.quantity>262.380545</out_Quantity.quantity></Point><Point><position>2389</position><in_Quantity.quantity>0.000000</in_Quantity.quantity><out_Quantity.quantity>867.212921</out_Quantity.quantity></Point><Point><position>2390</position><in_Quantity.quantity>0.000000</in_Quantity.quantity><out_Quantity.quantity>701.771787</out_Quantity.quantity></Point><Point><position>2391</position><in_Quantity.quantity>0.000000</in_Quantity.quantity><out_Quantity.quantity>97.558601</out_Quantity.quantity></Point><Point><position>2392</position><in_Quantity.quantity>0.000000</in_Quantity.quantity><out_Quantity.quantity>743.634841</out_Quantity.quantity></Point><Point><position>2393</position><in_Quantity.quantity>0.000000</in_Quantity.quantity><out_Quantity.quantity>598.502077</out_Quantity.quantity></Point><Point><position>2394</position><in_Quantity.quantity>0.000000</in_Quantity.quantity><out_Quantity.quantity>378.479967</out_Quantity.quantity></Point><Point><position>2395</position><in_Quantity.quantity>0.000000</in_Quantity.quantity><out_Quantity.quantity>412.860548</out_Quantity.quantity></Point><Point><position>2396</position><in_Quantity.quantity>0.000000</in_Quantity.quantity><out_Quantity.quantity>784.837417</out_Quantity.quantity></Point><Point><position>2397</position><in_Quantity.quantity>0.000000</in_Quantity.quantity><out_Quantity.quantity>495.172805</out_Quantity.quantity></Point><Point><position>2398</position><in_Quantity.quantity>0.000000</in_Quantity.quantity><out_Quantity.quantity>142.185327</out_Quantity.quantity></Point><Point><position>2399</position><in_Quantity.quantity>0.000000</in_Quantity.quantity><out_Quantity.quantity>486.987543</out_Quantity.quantity></Point><Point><position>2400</position><in_Quantity.quantity>0.000000</in_Quantity.quantity><out_Quantity.quantity>989.001372</out_Quantity.quantity></Point><Point><position>2401</position><in_Quantity.quantity>0.000000</in_Quantity.quantity><out_Quantity.quantity>904.349737</out_Quantity.quantity></Point><Point><position>2402</position><in_Quantity.quantity>0.000000</in_Quantity.quantity><out_Quantity.quantity>654.800732</out_Quantity.quantity></Point><Point><position>2403</position><in_Quantity.quantity>0.000000</in_Quantity.quantity><out_Quantity.quantity>306.030467</out_Quantity.quantity></Point><Point><position>2404</position><in_Quantity.quantity>0.000000</in_Quantity.quantity><out_Quantity.quantity>403.651771</out_Quantity.quantity></Point><Point><position>2405</position><in_Quantity.quantity>0.000000</in_Quantity.quantity><out_Quantity.quantity>451.527289</out_Quantity.quantity></Point><Point><position>2406</position><in_Quantity.quantity>0.000000</in_Quantity.quantity><out_Quantity.quantity>556.729829</out_Quantity.quantity></Point><Point><position>2407</position><in_Quantity.quantity>0.000000</in_Quantity.quantity><out_Quantity.quantity>778.377899</out_Quantity.quantity></Point><Point><position>2408</position><in_Quantity.quantity>0.000000</in_Quantity.quantity><out_Quantity.quantity>257.328396</out_Quantity.quantity></Point><Point><position>2409</position><in_Quantity.quantity>0.000000</in_Quantity.quantity><out_Quantity.quantity>625.543657</out_Quantity.quantity></Point><Point><position>2410</position><in_Quantity.quantity>0.000000</in_Quantity.quantity><out_Quantity.quantity>775.663989</out_Quantity.quantity></Point><Point><position>2411</position><in_Quantity.quantity>0.000000</in_Quantity.quantity><out_Quantity.quantity>717.121346</out_Quantity.quantity></Point><Point><position>2412</position><in_Quantity.quantity>0.000000</in_Quantity.quantity><out_Quantity.quantity>49.481675</out_Quantity.quantity></Point><Point><position>2413</position><in_Quantity.quantity>0.000000</in_Quantity.quantity><out_Quantity.quantity>896.079725</out_Quantity.quantity></Point><Point><position>2414</position><in_Quantity.quantity>0.000000</in_Quantity.quantity><out_Quantity.quantity>884.641753</out_Quantity.quantity></Point><Point><position>2415</position><in_Quantity.quantity>0.000000</in_Quantity.quantity><out_Quantity.quantity>571.829308</out_Quantity.quantity></Point><Point><position>2416</position><in_Quantity.quantity>0.000000</in_Quantity.quantity><out_Quantity.quantity>449.086809</out_Quantity.quantity></Point><Point><position>2417</position><in_Quantity.quantity>0.000000</in_Quantity.quantity><out_Quantity.quantity>458.466689</out_Quantity.quantity></Point><Point><position>2418</position><in_Quantity.quantity>0.000000</in_Quantity.quantity><out_Quantity.quantity>726.720294</out_Quantity.quantity></Point><Point><position>2419</position><in_Quantity.quantity>0.000000</in_Quantity.quantity><out_Quantity.quantity>533.759044</out_Quantity.quantity></Point><Point><position>2420</position><in_Quantity.quantity>0.000000</in_Quantity.quantity><out_Quantity.quantity>45.927701</out_Quantity.quantity></Point><Point><position>2421</position><in_Quantity.quantity>0.000000</in_Quantity.quantity><out_Quantity.quantity>59.401435</out_Quantity.quantity></Point><Point><position>2422</position><in_Quantity.quantity>0.000000</in_Quantity.quantity><out_Quantity.quantity>40.512059</out_Quantity.quantity></Point><Point><position>2423</position><in_Quantity.quantity>0.000000</in_Quantity.quantity><out_Quantity.quantity>838.633879</out_Quantity.quantity></Point><Point><position>2424</position><in_Quantity.quantity>0.000000</in_Quantity.quantity><out_Quantity.quantity>823.331303</out_Quantity.quantity></Point><Point><position>2425</position><in_Quantity.quantity>0.000000</in_Quantity.quantity><out_Quantity.quantity>85.687878</out_Quantity.quantity></Point><Point><position>2426</position><in_Quantity.quantity>0.000000</in_Quantity.quantity><out_Quantity.quantity>116.537529</out_Quantity.quantity></Point><Point><position>2427</position><in_Quantity.quantity>0.000000</in_Quantity.quantity><out_Quantity.quantity>666.828122</out_Quantity.quantity></Point><Point><position>2428</position><in_Quantity.quantity>0.000000</in_Quantity.quantity><out_Quantity.quantity>705.138698</out_Quantity.quantity></Point><Point><position>2429</position><in_Quantity.quantity>0.000000</in_Quantity.quantity><out_Quantity.quantity>485.806133</out_Quantity.quantity></Point><Point><position>2430</position><in_Quantity.quantity>0.000000</in_Quantity.quantity><out_Quantity.quantity>339.459859</out_Quantity.quantity></Point><Point><position>2431</position><in_Quantity.quantity>0.000000</in_Quantity.quantity><out_Quantity.quantity>408.345436</out_Quantity.quantity></Point><Point><position>2432</position><in_Quantity.quantity>0.000000</in_Quantity.quantity><out_Quantity.quantity>665.739627</out_Quantity.quantity></Point><Point><position>2433</position><in_Quantity.quantity>0.000000</in_Quantity.quantity><out_Quantity.quantity>440.173707</out_Quantity.quantity></Point><Point><position>2434</position><in_Quantity.quantity>0.000000</in_Quantity.quantity><out_Quantity.quantity>534.148107</out_Quantity.quantity></Point><Point><position>2435</position><in_Quantity.quantity>0.000000</in_Quantity.quantity><out_Quantity.quantity>40.728608</out_Quantity.quantity></Point><Point><position>2436</position><in_Quantity.quantity>0.000000</in_Quantity.quantity><out_Quantity.quantity>319.454013</out_Quantity.quantity></Point><Point><position>2437</position><in_Quantity.quantity>0.000000</in_Quantity.quantity><out_Quantity.quantity>925.427835</out_Quantity.quantity></Point><Point><position>2438</position><in_Quantity.quantity>0.000000</in_Quantity.quantity><out_Quantity.quantity>49.400439</out_Quantity.quantity></Point><Point><position>2439</position><in_Quantity.quantity>0.000000</in_Quantity.quantity><out_Quantity.quantity>474.589052</out_Quantity.quantity></Point><Point><position>2440</position><in_Quantity.quantity>0.000000</in_Quantity.quantity><out_Quantity.quantity>481.067996</out_Quantity.quantity></Point><Point><position>2441</position><in_Quantity.quantity>0.000000</in_Quantity.quantity><out_Quantity.quantity>985.666929</out_Quantity.quantity></Point><Point><position>2442</position><in_Quantity.quantity>0.000000</in_Quantity.quantity><out_Quantity.quantity>522.229918</out_Quantity.quantity></Point><Point><position>2443</position><in_Quantity.quantity>0.000000</in_Quantity.quantity><out_Quantity.quantity>163.710571</out_Quantity.quantity></Point><Point><position>2444</position><in_Quantity.quantity>0.000000</in_Quantity.quantity><out_Quantity.quantity>700.646389</out_Quantity.quantity></Point><Point><position>2445</position><in_Quantity.quantity>0.000000</in_Quantity.quantity><out_Quantity.quantity>586.752214</out_Quantity.quantity></Point><Point><position>2446</position><in_Quantity.quantity>0.000000</in_Quantity.quantity><out_Quantity.quantity>742.884675</out_Quantity.quantity></Point><Point><position>2447</position><in_Quantity.quantity>0.000000</in_Quantity.quantity><out_Quantity.quantity>253.079914</out_Quantity.quantity></Point><Point><position>2448</position><in_Quantity.quantity>0.000000</in_Quantity.quantity><out_Quantity.quantity>654.698131</out_Quantity.quantity></Point><Point><position>2449</position><in_Quantity.quantity>0.000000</in_Quantity.quantity><out_Quantity.quantity>549.116578</out_Quantity.quantity></Point><Point><position>2450</position><in_Quantity.quantity>0.000000</in_Quantity.quantity><out_Quantity.quantity>404.505468</out_Quantity.quantity></Point><Point><position>2451</position><in_Quantity.quantity>0.000000</in_Quantity.quantity><out_Quantity.quantity>526.607911</out_Quantity.quantity></Point><Point><position>2452</position><in_Quantity.quantity>0.000000</in_Quantity.quantity><out_Quantity.quantity>517.937790</out_Quantity.quantity></Point><Point><position>2453</position><in_Quantity.quantity>0.000000</in_Quantity.quantity><out_Quantity.quantity>929.770910</out_Quantity.quantity></Point><Point><position>2454</position><in_Quantity.quantity>0.000000</in_Quantity.quantity><out_Quantity.quantity>253.901874</out_Quantity.quantity></Point><Point><position>2455</position><in_Quantity.quantity>0.000000</in_Quantity.quantity><out_Quantity.quantity>856.670014</out_Quantity.quantity></Point><Point><position>2456</position><in_Quantity.quantity>0.000000</in_Quantity.quantity><out_Quantity.quantity>499.141496</out_Quantity.quantity></Point><Point><position>2457</position><in_Quantity.quantity>0.000000</in_Quantity.quantity><out_Quantity.quantity>918.239936</out_Quantity.quantity></Point><Point><position>2458</position><in_Quantity.quantity>0.000000</in_Quantity.quantity><out_Quantity.quantity>16.117136</out_Quantity.quantity></Point><Point><position>2459</position><in_Quantity.quantity>0.000000</in_Quantity.quantity><out_Quantity.quantity>867.977932</out_Quantity.quantity></Point><Point><position>2460</position><in_Quantity.quantity>0.000000</in_Quantity.quantity><out_Quantity.quantity>587.745963</out_Quantity.quantity></Point><Point><position>2461</position><in_Quantity.quantity>0.000000</in_Quantity.quantity><out_Quantity.quantity>644.295535</out_Quantity.quantity></Point><Point><position>2462</position><in_Quantity.quantity>0.000000</in_Quantity.quantity><out_Quantity.quantity>169.274625</out_Quantity.quantity></Point><Point><position>2463</position><in_Quantity.quantity>0.000000</in_Quantity.quantity><out_Quantity.quantity>841.557378</out_Quantity.quantity></Point><Point><position>2464</position><in_Quantity.quantity>0.000000</in_Quantity.quantity><out_Quantity.quantity>464.379269</out_Quantity.quantity></Point><Point><position>2465</position><in_Quantity.quantity>0.000000</in_Quantity.quantity><out_Quantity.quantity>589.396238</out_Quantity.quantity></Point><Point><position>2466</position><in_Quantity.quantity>0.000000</in_Quantity.quantity><out_Quantity.quantity>539.816664</out_Quantity.quantity></Point><Point><position>2467</position><in_Quantity.quantity>0.000000</in_Quantity.quantity><out_Quantity.quantity>309.327767</out_Quantity.quantity></Point><Point><position>2468</position><in_Quantity.quantity>0.000000</in_Quantity.quantity><out_Quantity.quantity>233.938474</out_Quantity.quantity></Point><Point><position>2469</position><in_Quantity.quantity>0.000000</in_Quantity.quantity><out_Quantity.quantity>188.242326</out_Quantity.quantity></Point><Point><position>2470</position><in_Quantity.quantity>0.000000</in_Quantity.quantity><out_Quantity.quantity>433.401116</out_Quantity.quantity></Point><Point><position>2471</position><in_Quantity.quantity>0.000000</in_Quantity.quantity><out_Quantity.quantity>953.740451</out_Quantity.quantity></Point><Point><position>2472</position><in_Quantity.quantity>0.000000</in_Quantity.quantity><out_Quantity.quantity>613.766873</out_Quantity.quantity></Point><Point><position>2473</position><in_Quantity.quantity>0.000000</in_Quantity.quantity><out_Quantity.quantity>632.817271</out_Quantity.quantity></Point><Point><position>2474</position><in_Quantity.quantity>0.000000</in_Quantity.quantity><out_Quantity.quantity>682.532363</out_Quantity.quantity></Point><Point><position>2475</position><in_Quantity.quantity>0.000000</in_Quantity.quantity><out_Quantity.quantity>87.102713</out_Quantity.quantity></Point><Point><position>2476</position><in_Quantity.quantity>0.000000</in_Quantity.quantity><out_Quantity.quantity>226.200521</out_Quantity.quantity></Point><Point><position>2477</position><in_Quantity.quantity>0.000000</in_Quantity.quantity><out_Quantity.quantity>516.579776</out_Quantity.quantity></Point><Point><position>2478</position><in_Quantity.quantity>0.000000</in_Quantity.quantity><out_Quantity.quantity>724.253418</out_Quantity.quantity></Point><Point><position>2479</position><in_Quantity.quantity>0.000000</in_Quantity.quantity><out_Quantity.quantity>971.337932</out_Quantity.quantity></Point><Point><position>2480</position><in_Quantity.quantity>0.000000</in_Quantity.quantity><out_Quantity.quantity>883.722630</out_Quantity.quantity></Point><Point><position>2481</position><in_Quantity.quantity>0.000000</in_Quantity.quantity><out_Quantity.quantity>608.748542</out_Quantity.quantity></Point><Point><position>2482</position><in_Quantity.quantity>0.000000</in_Quantity.quantity><out_Quantity.quantity>805.770157</out_Quantity.quantity></Point><Point><position>2483</position><in_Quantity.quantity>0.000000</in_Quantity.quantity><out_Quantity.quantity>233.232161</out_Quantity.quantity></Point><Point><position>2484</position><in_Quantity.quantity>0.000000</in_Quantity.quantity><out_Quantity.quantity>737.027415</out_Quantity.quantity></Point><Point><position>2485</position><in_Quantity.quantity>0.000000</in_Quantity.quantity><out_Quantity.quantity>6.384987</out_Quantity.quantity></Point><Point><position>2486</position><in_Quantity.quantity>0.000000</in_Quantity.quantity><out_Quantity.quantity>304.910644</out_Quantity.quantity></Point><Point><position>2487</position><in_Quantity.quantity>0.000000</in_Quantity.quantity><out_Quantity.quantity>378.451910</out_Quantity.quantity></Point><Point><position>2488</position><in_Quantity.quantity>0.000000</in_Quantity.quantity><out_Quantity.quantity>871.711094</out_Quantity.quantity></Point><Point><position>2489</position><in_Quantity.quantity>0.000000</in_Quantity.quantity><out_Quantity.quantity>696.335470</out_Quantity.quantity></Point><Point><position>2490</position><in_Quantity.quantity>0.000000</in_Quantity.quantity><out_Quantity.quantity>197.605977</out_Quantity.quantity></Point><Point><position>2491</position><in_Quantity.quantity>0.000000</in_Quantity.quantity><out_Quantity.quantity>656.617074</out_Quantity.quantity></Point><Point><position>2492</position><in_Quantity.quantity>0.000000</in_Quantity.quantity><out_Quantity.quantity>50.600737</out_Quantity.quantity></Point><Point><position>2493</position><in_Quantity.quantity>0.000000</in_Quantity.quantity><out_Quantity.quantity>940.474992</out_Quantity.quantity></Point><Point><position>2494</position><in_Quantity.quantity>0.000000</in_Quantity.quantity><out_Quantity.quantity>553.439434</out_Quantity.quantity></Point><Point><position>2495</position><in_Quantity.quantity>0.000000</in_Quantity.quantity><out_Quantity.quantity>946.777407</out_Quantity.quantity></Point><Point><position>2496</position><in_Quantity.quantity>0.000000</in_Quantity.quantity><out_Quantity.quantity>956.611710</out_Quantity.quantity></Point><Point><position>2497</position><in_Quantity.quantity>0.000000</in_Quantity.quantity><out_Quantity.quantity>876.570194</out_Quantity.quantity></Point><Point><position>2498</position><in_Quantity.quantity>0.000000</in_Quantity.quantity><out_Quantity.quantity>94.368417</out_Quantity.quantity></Point><Point><position>2499</position><in_Quantity.quantity>0.000000</in_Quantity.quantity><out_Quantity.quantity>266.225797</out_Quantity.quantity></Point><Point><position>2500</position><in_Quantity.quantity>0.000000</in_Quantity.quantity><out_Quantity.quantity>796.463772</out_Quantity.quantity></Point><Point><position>2501</position><in_Quantity.quantity>0.000000</in_Quantity.quantity><out_Quantity.quantity>663.103651</out_Quantity.quantity></Point><Point><position>2502</position><in_Quantity.quantity>0.000000</in_Quantity.quantity><out_Quantity.quantity>49.931195</out_Quantity.quantity></Point><Point><position>2503</position><in_Quantity.quantity>0.000000</in_Quantity.quantity><out_Quantity.quantity>75.078655</out_Quantity.quantity></Point><Point><position>2504</position><in_Quantity.quantity>0.000000</in_Quantity.quantity><out_Quantity.quantity>502.483033</out_Quantity.quantity></Point><Point><position>2505</position><in_Quantity.quantity>0.000000</in_Quantity.quantity><out_Quantity.quantity>18.691407</out_Quantity.quantity></Point><Point><position>2506</position><in_Quantity.quantity>0.000000</in_Quantity.quantity><out_Quantity.quantity>547.409576</out_Quantity.quantity></Point><Point><position>2507</position><in_Quantity.quantity>0.000000</in_Quantity.quantity><out_Quantity.quantity>509.703824</out_Quantity.quantity></Point><Point><position>2508</position><in_Quantity.quantity>0.000000</in_Quantity.quantity><out_Quantity.quantity>985.738470</out_Quantity.quantity></Point><Point><position>2509</position><in_Quantity.quantity>0.000000</in_Quantity.quantity><out_Quantity.quantity>360.215688</out_Quantity.quantity></Point><Point><position>2510</position><in_Quantity.quantity>0.000000</in_Quantity.quantity><out_Quantity.quantity>974.811835</out_Quantity.quantity></Point><Point><position>2511</position><in_Quantity.quantity>0.000000</in_Quantity.quantity><out_Quantity.quantity>110.614052</out_Quantity.quantity></Point><Point><position>2512</position><in_Quantity.quantity>0.000000</in_Quantity.quantity><out_Quantity.quantity>510.576388</out_Quantity.quantity></Point><Point><position>2513</position><in_Quantity.quantity>0.000000</in_Quantity.quantity><out_Quantity.quantity>592.119509</out_Quantity.quantity></Point><Point><position>2514</position><in_Quantity.quantity>0.000000</in_Quantity.quantity><out_Quantity.quantity>63.400527</out_Quantity.quantity></Point><Point><position>2515</position><in_Quantity.quantity>0.000000</in_Quantity.quantity><out_Quantity.quantity>275.491592</out_Quantity.quantity></Point><Point><position>2516</position><in_Quantity.quantity>0.000000</in_Quantity.quantity><out_Quantity.quantity>663.319400</out_Quantity.quantity></Point><Point><position>2517</position><in_Quantity.quantity>0.000000</in_Quantity.quantity><out_Quantity.quantity>292.075762</out_Quantity.quantity></Point><Point><position>2518</position><in_Quantity.quantity>0.000000</in_Quantity.quantity><out_Quantity.quantity>940.809430</out_Quantity.quantity></Point><Point><position>2519</position><in_Quantity.quantity>0.000000</in_Quantity.quantity><out_Quantity.quantity>620.136474</out_Quantity.quantity></Point><Point><position>2520</position><in_Quantity.quantity>0.000000</in_Quantity.quantity><out_Quantity.quantity>59.695987</out_Quantity.quantity></Point><Point><position>2521</position><in_Quantity.quantity>0.000000</in_Quantity.quantity><out_Quantity.quantity>174.568175</out_Quantity.quantity></Point><Point><position>2522</position><in_Quantity.quantity>0.000000</in_Quantity.quantity><out_Quantity.quantity>11.199947</out_Quantity.quantity></Point><Point><position>2523</position><in_Quantity.quantity>0.000000</in_Quantity.quantity><out_Quantity.quantity>938.936526</out_Quantity.quantity></Point><Point><position>2524</position><in_Quantity.quantity>0.000000</in_Quantity.quantity><out_Quantity.quantity>449.737526</out_Quantity.quantity></Point><Point><position>2525</position><in_Quantity.quantity>0.000000</in_Quantity.quantity><out_Quantity.quantity>561.652598</out_Quantity.quantity></Point><Point><position>2526</position><in_Quantity.quantity>0.000000</in_Quantity.quantity><out_Quantity.quantity>5.764714</out_Quantity.quantity></Point><Point><position>2527</position><in_Quantity.quantity>0.000000</in_Quantity.quantity><out_Quantity.quantity>601.200325</out_Quantity.quantity></Point><Point><position>2528</position><in_Quantity.quantity>0.000000</in_Quantity.quantity><out_Quantity.quantity>549.406212</out_Quantity.quantity></Point><Point><position>2529</position><in_Quantity.quantity>0.000000</in_Quantity.quantity><out_Quantity.quantity>38.325962</out_Quantity.quantity></Point><Point><position>2530</position><in_Quantity.quantity>0.000000</in_Quantity.quantity><out_Quantity.quantity>310.082158</out_Quantity.quantity></Point><Point><position>2531</position><in_Quantity.quantity>0.000000</in_Quantity.quantity><out_Quantity.quantity>792.128040</out_Quantity.quantity></Point><Point><position>2532</position><in_Quantity.quantity>0.000000</in_Quantity.quantity><out_Quantity.quantity>449.444708</out_Quantity.quantity></Point><Point><position>2533</position><in_Quantity.quantity>0.000000</in_Quantity.quantity><out_Quantity.quantity>547.795493</out_Quantity.quantity></Point><Point><position>2534</position><in_Quantity.quantity>0.000000</in_Quantity.quantity><out_Quantity.quantity>973.018581</out_Quantity.quantity></Point><Point><position>2535</position><in_Quantity.quantity>0.000000</in_Quantity.quantity><out_Quantity.quantity>697.503144</out_Quantity.quantity></Point><Point><position>2536</position><in_Quantity.quantity>0.000000</in_Quantity.quantity><out_Quantity.quantity>586.287887</out_Quantity.quantity></Point><Point><position>2537</position><in_Quantity.quantity>0.000000</in_Quantity.quantity><out_Quantity.quantity>148.247909</out_Quantity.quantity></Point><Point><position>2538</position><in_Quantity.quantity>0.000000</in_Quantity.quantity><out_Quantity.quantity>56.712836</out_Quantity.quantity></Point><Point><position>2539</position><in_Quantity.quantity>0.000000</in_Quantity.quantity><out_Quantity.quantity>992.899910</out_Quantity.quantity></Point><Point><position>2540</position><in_Quantity.quantity>0.000000</in_Quantity.quantity><out_Quantity.quantity>859.832597</out_Quantity.quantity></Point><Point><position>2541</position><in_Quantity.quantity>0.000000</in_Quantity.quantity><out_Quantity.quantity>170.866618</out_Quantity.quantity></Point><Point><position>2542</position><in_Quantity.quantity>0.000000</in_Quantity.quantity><out_Quantity.quantity>881.793073</out_Quantity.quantity></Point><Point><position>2543</position><in_Quantity.quantity>0.000000</in_Quantity.quantity><out_Quantity.quantity>335.280838</out_Quantity.quantity></Point><Point><position>2544</position><in_Quantity.quantity>0.000000</in_Quantity.quantity><out_Quantity.quantity>23.852077</out_Quantity.quantity></Point><Point><position>2545</position><in_Quantity.quantity>0.000000</in_Quantity.quantity><out_Quantity.quantity>566.461202</out_Quantity.quantity></Point><Point><position>2546</position><in_Quantity.quantity>0.000000</in_Quantity.quantity><out_Quantity.quantity>129.830202</out_Quantity.quantity></Point><Point><position>2547</position><in_Quantity.quantity>0.000000</in_Quantity.quantity><out_Quantity.quantity>130.505343</out_Quantity.quantity></Point><Point><position>2548</position><in_Quantity.quantity>0.000000</in_Quantity.quantity><out_Quantity.quantity>402.274948</out_Quantity.quantity></Point><Point><position>2549</position><in_Quantity.quantity>0.000000</in_Quantity.quantity><out_Quantity.quantity>833.414839</out_Quantity.quantity></Point><Point><position>2550</position><in_Quantity.quantity>0.000000</in_Quantity.quantity><out_Quantity.quantity>816.503245</out_Quantity.quantity></Point><Point><position>2551</position><in_Quantity.quantity>0.000000</in_Quantity.quantity><out_Quantity.quantity>499.734542</out_Quantity.quantity></Point><Point><position>2552</position><in_Quantity.quantity>0.000000</in_Quantity.quantity><out_Quantity.quantity>519.675212</out_Quantity.quantity></Point><Point><position>2553</position><in_Quantity.quantity>0.000000</in_Quantity.quantity><out_Quantity.quantity>540.659024</out_Quantity.quantity></Point><Point><position>2554</position><in_Quantity.quantity>0.000000</in_Quantity.quantity><out_Quantity.quantity>757.751058</out_Quantity.quantity></Point><Point><position>2555</position><in_Quantity.quantity>0.000000</in_Quantity.quantity><out_Quantity.quantity>826.736336</out_Quantity.quantity></Point><Point><position>2556</position><in_Quantity.quantity>0.000000</in_Quantity.quantity><out_Quantity.quantity>460.889022</out_Quantity.quantity></Point><Point><position>2557</position><in_Quantity.quantity>0.000000</in_Quantity.quantity><out_Quantity.quantity>291.537852</out_Quantity.quantity></Point><Point><position>2558</position><in_Quantity.quantity>0.000000</in_Quantity.quantity><out_Quantity.quantity>900.040097</out_Quantity.quantity></Point><Point><position>2559</position><in_Quantity.quantity>0.000000</in_Quantity.quantity><out_Quantity.quantity>484.373379</out_Quantity.quantity></Point><Point><position>2560</position><in_Quantity.quantity>0.000000</in_Quantity.quantity><out_Quantity.quantity>863.659167</out_Quantity.quantity></Point><Point><position>2561</position><in_Quantity.quantity>0.000000</in_Quantity.quantity><out_Quantity.quantity>76.004014</out_Quantity.quantity></Point><Point><position>2562</position><in_Quantity.quantity>0.000000</in_Quantity.quantity><out_Quantity.quantity>879.694434</out_Quantity.quantity></Point><Point><position>2563</position><in_Quantity.quantity>0.000000</in_Quantity.quantity><out_Quantity.quantity>297.719246</out_Quantity.quantity></Point><Point><position>2564</position><in_Quantity.quantity>0.000000</in_Quantity.quantity><out_Quantity.quantity>985.332845</out_Quantity.quantity></Point><Point><position>2565</position><in_Quantity.quantity>0.000000</in_Quantity.quantity><out_Quantity.quantity>937.213168</out_Quantity.quantity></Point><Point><position>2566</position><in_Quantity.quantity>0.000000</in_Quantity.quantity><out_Quantity.quantity>495.376626</out_Quantity.quantity></Point><Point><position>2567</position><in_Quantity.quantity>0.000000</in_Quantity.quantity><out_Quantity.quantity>535.317144</out_Quantity.quantity></Point><Point><position>2568</position><in_Quantity.quantity>0.000000</in_Quantity.quantity><out_Quantity.quantity>187.632127</out_Quantity.quantity></Point><Point><position>2569</position><in_Quantity.quantity>0.000000</in_Quantity.quantity><out_Quantity.quantity>365.974520</out_Quantity.quantity></Point><Point><position>2570</position><in_Quantity.quantity>0.000000</in_Quantity.quantity><out_Quantity.quantity>902.905834</out_Quantity.quantity></Point><Point><position>2571</position><in_Quantity.quantity>0.000000</in_Quantity.quantity><out_Quantity.quantity>254.679979</out_Quantity.quantity></Point><Point><position>2572</position><in_Quantity.quantity>0.000000</in_Quantity.quantity><out_Quantity.quantity>4.799555</out_Quantity.quantity></Point><Point><position>2573</position><in_Quantity.quantity>0.000000</in_Quantity.quantity><out_Quantity.quantity>297.748430</out_Quantity.quantity></Point><Point><position>2574</position><in_Quantity.quantity>0.000000</in_Quantity.quantity><out_Quantity.quantity>981.075021</out_Quantity.quantity></Point><Point><position>2575</position><in_Quantity.quantity>0.000000</in_Quantity.quantity><out_Quantity.quantity>357.704233</out_Quantity.quantity></Point><Point><position>2576</position><in_Quantity.quantity>0.000000</in_Quantity.quantity><out_Quantity.quantity>98.597642</out_Quantity.quantity></Point><Point><position>2577</position><in_Quantity.quantity>0.000000</in_Quantity.quantity><out_Quantity.quantity>144.507313</out_Quantity.quantity></Point><Point><position>2578</position><in_Quantity.quantity>0.000000</in_Quantity.quantity><out_Quantity.quantity>327.269571</out_Quantity.quantity></Point><Point><position>2579</position><in_Quantity.quantity>0.000000</in_Quantity.quantity><out_Quantity.quantity>583.223248</out_Quantity.quantity></Point><Point><position>2580</position><in_Quantity.quantity>0.000000</in_Quantity.quantity><out_Quantity.quantity>241.374595</out_Quantity.quantity></Point><Point><position>2581</position><in_Quantity.quantity>0.000000</in_Quantity.quantity><out_Quantity.quantity>732.989024</out_Quantity.quantity></Point><Point><position>2582</position><in_Quantity.quantity>0.000000</in_Quantity.quantity><out_Quantity.quantity>400.347966</out_Quantity.quantity></Point><Point><position>2583</position><in_Quantity.quantity>0.000000</in_Quantity.quantity><out_Quantity.quantity>594.029810</out_Quantity.quantity></Point><Point><position>2584</position><in_Quantity.quantity>0.000000</in_Quantity.quantity><out_Quantity.quantity>210.583781</out_Quantity.quantity></Point><Point><position>2585</position><in_Quantity.quantity>0.000000</in_Quantity.quantity><out_Quantity.quantity>439.138026</out_Quantity.quantity></Point><Point><position>2586</position><in_Quantity.quantity>0.000000</in_Quantity.quantity><out_Quantity.quantity>841.604083</out_Quantity.quantity></Point><Point><position>2587</position><in_Quantity.quantity>0.000000</in_Quantity.quantity><out_Quantity.quantity>310.554161</out_Quantity.quantity></Point><Point><position>2588</position><in_Quantity.quantity>0.000000</in_Quantity.quantity><out_Quantity.quantity>965.490344</out_Quantity.quantity></Point><Point><position>2589</position><in_Quantity.quantity>0.000000</in_Quantity.quantity><out_Quantity.quantity>696.745372</out_Quantity.quantity></Point><Point><position>2590</position><in_Quantity.quantity>0.000000</in_Quantity.quantity><out_Quantity.quantity>87.003975</out_Quantity.quantity></Point><Point><position>2591</position><in_Quantity.quantity>0.000000</in_Quantity.quantity><out_Quantity.quantity>23.647358</out_Quantity.quantity></Point><Point><position>2592</position><in_Quantity.quantity>0.000000</in_Quantity.quantity><out_Quantity.quantity>973.627376</out_Quantity.quantity></Point><Point><position>2593</position><in_Quantity.quantity>0.000000</in_Quantity.quantity><out_Quantity.quantity>320.496939</out_Quantity.quantity></Point><Point><position>2594</position><in_Quantity.quantity>0.000000</in_Quantity.quantity><out_Quantity.quantity>829.606714</out_Quantity.quantity></Point><Point><position>2595</position><in_Quantity.quantity>0.000000</in_Quantity.quantity><out_Quantity.quantity>296.190990</out_Quantity.quantity></Point><Point><position>2596</position><in_Quantity.quantity>0.000000</in_Quantity.quantity><out_Quantity.quantity>71.638158</out_Quantity.quantity></Point><Point><position>2597</position><in_Quantity.quantity>0.000000</in_Quantity.quantity><out_Quantity.quantity>863.297347</out_Quantity.quantity></Point><Point><position>2598</position><in_Quantity.quantity>0.000000</in_Quantity.quantity><out_Quantity.quantity>255.388434</out_Quantity.quantity></Point><Point><position>2599</position><in_Quantity.quantity>0.000000</in_Quantity.quantity><out_Quantity.quantity>781.513189</out_Quantity.quantity></Point><Point><position>2600</position><in_Quantity.quantity>0.000000</in_Quantity.quantity><out_Quantity.quantity>487.669648</out_Quantity.quantity></Point><Point><position>2601</position><in_Quantity.quantity>0.000000</in_Quantity.quantity><out_Quantity.quantity>661.093379</out_Quantity.quantity></Point><Point><position>2602</position><in_Quantity.quantity>0.000000</in_Quantity.quantity><out_Quantity.quantity>567.611763</out_Quantity.quantity></Point><Point><position>2603</position><in_Quantity.quantity>0.000000</in_Quantity.quantity><out_Quantity.quantity>529.476103</out_Quantity.quantity></Point><Point><position>2604</position><in_Quantity.quantity>0.000000</in_Quantity.quantity><out_Quantity.quantity>879.907010</out_Quantity.quantity></Point><Point><position>2605</position><in_Quantity.quantity>0.000000</in_Quantity.quantity><out_Quantity.quantity>814.105616</out_Quantity.quantity></Point><Point><position>2606</position><in_Quantity.quantity>0.000000</in_Quantity.quantity><out_Quantity.quantity>932.722976</out_Quantity.quantity></Point><Point><position>2607</position><in_Quantity.quantity>0.000000</in_Quantity.quantity><out_Quantity.quantity>695.796665</out_Quantity.quantity></Point><Point><position>2608</position><in_Quantity.quantity>0.000000</in_Quantity.quantity><out_Quantity.quantity>775.227794</out_Quantity.quantity></Point><Point><position>2609</position><in_Quantity.quantity>0.000000</in_Quantity.quantity><out_Quantity.quantity>881.593891</out_Quantity.quantity></Point><Point><position>2610</position><in_Quantity.quantity>0.000000</in_Quantity.quantity><out_Quantity.quantity>7.050050</out_Quantity.quantity></Point><Point><position>2611</position><in_Quantity.quantity>0.000000</in_Quantity.quantity><out_Quantity.quantity>602.538179</out_Quantity.quantity></Point><Point><position>2612</position><in_Quantity.quantity>0.000000</in_Quantity.quantity><out_Quantity.quantity>502.254953</out_Quantity.quantity></Point><Point><position>2613</position><in_Quantity.quantity>0.000000</in_Quantity.quantity><out_Quantity.quantity>662.679931</out_Quantity.quantity></Point><Point><position>2614</position><in_Quantity.quantity>0.000000</in_Quantity.quantity><out_Quantity.quantity>18.700179</out_Quantity.quantity></Point><Point><position>2615</position><in_Quantity.quantity>0.000000</in_Quantity.quantity><out_Quantity.quantity>958.480056</out_Quantity.quantity></Point><Point><position>2616</position><in_Quantity.quantity>0.000000</in_Quantity.quantity><out_Quantity.quantity>127.885329</out_Quantity.quantity></Point><Point><position>2617</position><in_Quantity.quantity>0.000000</in_Quantity.quantity><out_Quantity.quantity>683.207197</out_Quantity.quantity></Point><Point><position>2618</position><in_Quantity.quantity>0.000000</in_Quantity.quantity><out_Quantity.quantity>899.109209</out_Quantity.quantity></Point><Point><position>2619</position><in_Quantity.quantity>0.000000</in_Quantity.quantity><out_Quantity.quantity>460.051786</out_Quantity.quantity></Point><Point><position>2620</position><in_Quantity.quantity>0.000000</in_Quantity.quantity><out_Quantity.quantity>898.987219</out_Quantity.quantity></Point><Point><position>2621</position><in_Quantity.quantity>0.000000</in_Quantity.quantity><out_Quantity.quantity>56.944810</out_Quantity.quantity></Point><Point><position>2622</position><in_Quantity.quantity>0.000000</in_Quantity.quantity><out_Quantity.quantity>983.121417</out_Quantity.quantity></Point><Point><position>2623</position><in_Quantity.quantity>0.000000</in_Quantity.quantity><out_Quantity.quantity>118.358153</out_Quantity.quantity></Point><Point><position>2624</position><in_Quantity.quantity>0.000000</in_Quantity.quantity><out_Quantity.quantity>421.850130</out_Quantity.quantity></Point><Point><position>2625</position><in_Quantity.quantity>0.000000</in_Quantity.quantity><out_Quantity.quantity>310.622496</out_Quantity.quantity></Point><Point><position>2626</position><in_Quantity.quantity>0.000000</in_Quantity.quantity><out_Quantity.quantity>809.183262</out_Quantity.quantity></Point><Point><position>2627</position><in_Quantity.quantity>0.000000</in_Quantity.quantity><out_Quantity.quantity>472.541889</out_Quantity.quantity></Point><Point><position>2628</position><in_Quantity.quantity>0.000000</in_Quantity.quantity><out_Quantity.quantity>658.704595</out_Quantity.quantity></Point><Point><position>2629</position><in_Quantity.quantity>0.000000</in_Quantity.quantity><out_Quantity.quantity>463.947509</out_Quantity.quantity></Point><Point><position>2630</position><in_Quantity.quantity>0.000000</in_Quantity.quantity><out_Quantity.quantity>371.753964</out_Quantity.quantity></Point><Point><position>2631</position><in_Quantity.quantity>0.000000</in_Quantity.quantity><out_Quantity.quantity>188.176619</out_Quantity.quantity></Point><Point><position>2632</position><in_Quantity.quantity>0.000000</in_Quantity.quantity><out_Quantity.quantity>121.718326</out_Quantity.quantity></Point><Point><position>2633</position><in_Quantity.quantity>0.000000</in_Quantity.quantity><out_Quantity.quantity>255.551259</out_Quantity.quantity></Point><Point><position>2634</position><in_Quantity.quantity>0.000000</in_Quantity.quantity><out_Quantity.quantity>394.570715</out_Quantity.quantity></Point><Point><position>2635</position><in_Quantity.quantity>0.000000</in_Quantity.quantity><out_Quantity.quantity>675.260441</out_Quantity.quantity></Point><Point><position>2636</position><in_Quantity.quantity>0.000000</in_Quantity.quantity><out_Quantity.quantity>88.121225</out_Quantity.quantity></Point><Point><position>2637</position><in_Quantity.quantity>0.000000</in_Quantity.quantity><out_Quantity.quantity>211.159346</out_Quantity.quantity></Point><Point><position>2638</position><in_Quantity.quantity>0.000000</in_Quantity.quantity><out_Quantity.quantity>578.337856</out_Quantity.quantity></Point><Point><position>2639</position><in_Quantity.quantity>0.000000</in_Quantity.quantity><out_Quantity.quantity>219.919681</out_Quantity.quantity></Point><Point><position>2640</position><in_Quantity.quantity>0.000000</in_Quantity.quantity><out_Quantity.quantity>843.898618</out_Quantity.quantity></Point><Point><position>2641</position><in_Quantity.quantity>0.000000</in_Quantity.quantity><out_Quantity.quantity>461.896939</out_Quantity.quantity></Point><Point><position>2642</position><in_Quantity.quantity>0.000000</in_Quantity.quantity><out_Quantity.quantity>881.080466</out_Quantity.quantity></Point><Point><position>2643</position><in_Quantity.quantity>0.000000</in_Quantity.quantity><out_Quantity.quantity>573.502142</out_Quantity.quantity></Point><Point><position>2644</position><in_Quantity.quantity>0.000000</in_Quantity.quantity><out_Quantity.quantity>121.974944</out_Quantity.quantity></Point><Point><position>2645</position><in_Quantity.quantity>0.000000</in_Quantity.quantity><out_Quantity.quantity>949.399650</out_Quantity.quantity></Point><Point><position>2646</position><in_Quantity.quantity>0.000000</in_Quantity.quantity><out_Quantity.quantity>257.150420</out_Quantity.quantity></Point><Point><position>2647</position><in_Quantity.quantity>0.000000</in_Quantity.quantity><out_Quantity.quantity>354.923399</out_Quantity.quantity></Point><Point><position>2648</position><in_Quantity.quantity>0.000000</in_Quantity.quantity><out_Quantity.quantity>828.852822</out_Quantity.quantity></Point><Point><position>2649</position><in_Quantity.quantity>0.000000</in_Quantity.quantity><out_Quantity.quantity>3.410599</out_Quantity.quantity></Point><Point><position>2650</position><in_Quantity.quantity>0.000000</in_Quantity.quantity><out_Quantity.quantity>992.492805</out_Quantity.quantity></Point><Point><position>2651</position><in_Quantity.quantity>0.000000</in_Quantity.quantity><out_Quantity.quantity>541.712555</out_Quantity.quantity></Point><Point><position>2652</position><in_Quantity.quantity>0.000000</in_Quantity.quantity><out_Quantity.quantity>545.966328</out_Quantity.quantity></Point><Point><position>2653</position><in_Quantity.quantity>0.000000</in_Quantity.quantity><out_Quantity.quantity>865.315073</out_Quantity.quantity></Point><Point><position>2654</position><in_Quantity.quantity>0.000000</in_Quantity.quantity><out_Quantity.quantity>958.845847</out_Quantity.quantity></Point><Point><position>2655</position><in_Quantity.quantity>0.000000</in_Quantity.quantity><out_Quantity.quantity>776.860637</out_Quantity.quantity></Point><Point><position>2656</position><in_Quantity.quantity>0.000000</in_Quantity.quantity><out_Quantity.quantity>214.342893</out_Quantity.quantity></Point><Point><position>2657</position><in_Quantity.quantity>0.000000</in_Quantity.quantity><out_Quantity.quantity>445.423606</out_Quantity.quantity></Point><Point><position>2658</position><in_Quantity.quantity>0.000000</in_Quantity.quantity><out_Quantity.quantity>287.368269</out_Quantity.quantity></Point><Point><position>2659</position><in_Quantity.quantity>0.000000</in_Quantity.quantity><out_Quantity.quantity>27.861877</out_Quantity.quantity></Point><Point><position>2660</position><in_Quantity.quantity>0.000000</in_Quantity.quantity><out_Quantity.quantity>74.573359</out_Quantity.quantity></Point><Point><position>2661</position><in_Quantity.quantity>0.000000</in_Quantity.quantity><out_Quantity.quantity>877.334552</out_Quantity.quantity></Point><Point><position>2662</position><in_Quantity.quantity>0.000000</in_Quantity.quantity><out_Quantity.quantity>667.129397</out_Quantity.quantity></Point><Point><position>2663</position><in_Quantity.quantity>0.000000</in_Quantity.quantity><out_Quantity.quantity>868.774047</out_Quantity.quantity></Point><Point><position>2664</position><in_Quantity.quantity>0.000000</in_Quantity.quantity><out_Quantity.quantity>66.406693</out_Quantity.quantity></Point><Point><position>2665</position><in_Quantity.quantity>0.000000</in_Quantity.quantity><out_Quantity.quantity>76.059790</out_Quantity.quantity></Point><Point><position>2666</position><in_Quantity.quantity>0.000000</in_Quantity.quantity><out_Quantity.quantity>76.255655</out_Quantity.quantity></Point><Point><position>2667</position><in_Quantity.quantity>0.000000</in_Quantity.quantity><out_Quantity.quantity>448.234525</out_Quantity.quantity></Point><Point><position>2668</position><in_Quantity.quantity>0.000000</in_Quantity.quantity><out_Quantity.quantity>972.396012</out_Quantity.quantity></Point><Point><position>2669</position><in_Quantity.quantity>0.000000</in_Quantity.quantity><out_Quantity.quantity>388.525205</out_Quantity.quantity></Point><Point><position>2670</position><in_Quantity.quantity>0.000000</in_Quantity.quantity><out_Quantity.quantity>836.808774</out_Quantity.quantity></Point><Point><position>2671</position><in_Quantity.quantity>0.000000</in_Quantity.quantity><out_Quantity.quantity>709.972186</out_Quantity.quantity></Point><Point><position>2672</position><in_Quantity.quantity>0.000000</in_Quantity.quantity><out_Quantity.quantity>155.625715</out_Quantity.quantity></Point><Point><position>2673</position><in_Quantity.quantity>0.000000</in_Quantity.quantity><out_Quantity.quantity>758.286939</out_Quantity.quantity></Point><Point><position>2674</position><in_Quantity.quantity>0.000000</in_Quantity.quantity><out_Quantity.quantity>170.764634</out_Quantity.quantity></Point><Point><position>2675</position><in_Quantity.quantity>0.000000</in_Quantity.quantity><out_Quantity.quantity>856.796122</out_Quantity.quantity></Point><Point><position>2676</position><in_Quantity.quantity>0.000000</in_Quantity.quantity><out_Quantity.quantity>852.399042</out_Quantity.quantity></Point><Point><position>2677</position><in_Quantity.quantity>0.000000</in_Quantity.quantity><out_Quantity.quantity>844.128064</out_Quantity.quantity></Point><Point><position>2678</position><in_Quantity.quantity>0.000000</in_Quantity.quantity><out_Quantity.quantity>331.300738</out_Quantity.quantity></Point><Point><position>2679</position><in_Quantity.quantity>0.000000</in_Quantity.quantity><out_Quantity.quantity>611.063029</out_Quantity.quantity></Point><Point><position>2680</position><in_Quantity.quantity>0.000000</in_Quantity.quantity><out_Quantity.quantity>531.512814</out_Quantity.quantity></Point><Point><position>2681</position><in_Quantity.quantity>0.000000</in_Quantity.quantity><out_Quantity.quantity>30.014351</out_Quantity.quantity></Point><Point><position>2682</position><in_Quantity.quantity>0.000000</in_Quantity.quantity><out_Quantity.quantity>137.562297</out_Quantity.quantity></Point><Point><position>2683</position><in_Quantity.quantity>0.000000</in_Quantity.quantity><out_Quantity.quantity>269.220701</out_Quantity.quantity></Point><Point><position>2684</position><in_Quantity.quantity>0.000000</in_Quantity.quantity><out_Quantity.quantity>277.207433</out_Quantity.quantity></Point><Point><position>2685</position><in_Quantity.quantity>0.000000</in_Quantity.quantity><out_Quantity.quantity>3.258727</out_Quantity.quantity></Point><Point><position>2686</position><in_Quantity.quantity>0.000000</in_Quantity.quantity><out_Quantity.quantity>854.030911</out_Quantity.quantity></Point><Point><position>2687</position><in_Quantity.quantity>0.000000</in_Quantity.quantity><out_Quantity.quantity>623.877629</out_Quantity.quantity></Point><Point><position>2688</position><in_Quantity.quantity>0.000000</in_Quantity.quantity><out_Quantity.quantity>626.323070</out_Quantity.quantity></Point><Point><position>2689</position><in_Quantity.quantity>0.000000</in_Quantity.quantity><out_Quantity.quantity>32.531879</out_Quantity.quantity></Point><Point><position>2690</position><in_Quantity.quantity>0.000000</in_Quantity.quantity><out_Quantity.quantity>595.571688</out_Quantity.quantity></Point><Point><position>2691</position><in_Quantity.quantity>0.000000</in_Quantity.quantity><out_Quantity.quantity>302.774709</out_Quantity.quantity></Point><Point><position>2692</position><in_Quantity.quantity>0.000000</in_Quantity.quantity><out_Quantity.quantity>543.648149</out_Quantity.quantity></Point><Point><position>2693</position><in_Quantity.quantity>0.000000</in_Quantity.quantity><out_Quantity.quantity>813.436177</out_Quantity.quantity></Point><Point><position>2694</position><in_Quantity.quantity>0.000000</in_Quantity.quantity><out_Quantity.quantity>318.283791</out_Quantity.quantity></Point><Point><position>2695</position><in_Quantity.quantity>0.000000</in_Quantity.quantity><out_Quantity.quantity>799.923062</out_Quantity.quantity></Point><Point><position>2696</position><in_Quantity.quantity>0.000000</in_Quantity.quantity><out_Quantity.quantity>394.509292</out_Quantity.quantity></Point><Point><position>2697</position><in_Quantity.quantity>0.000000</in_Quantity.quantity><out_Quantity.quantity>752.204164</out_Quantity.quantity></Point><Point><position>2698</position><in_Quantity.quantity>0.000000</in_Quantity.quantity><out_Quantity.quantity>187.136699</out_Quantity.quantity></Point><Point><position>2699</position><in_Quantity.quantity>0.000000</in_Quantity.quantity><out_Quantity.quantity>64.158854</out_Quantity.quantity></Point><Point><position>2700</position><in_Quantity.quantity>0.000000</in_Quantity.quantity><out_Quantity.quantity>862.374328</out_Quantity.quantity></Point><Point><position>2701</position><in_Quantity.quantity>0.000000</in_Quantity.quantity><out_Quantity.quantity>575.601477</out_Quantity.quantity></Point><Point><position>2702</position><in_Quantity.quantity>0.000000</in_Quantity.quantity><out_Quantity.quantity>470.463569</out_Quantity.quantity></Point><Point><position>2703</position><in_Quantity.quantity>0.000000</in_Quantity.quantity><out_Quantity.quantity>653.203030</out_Quantity.quantity></Point><Point><position>2704</position><in_Quantity.quantity>0.000000</in_Quantity.quantity><out_Quantity.quantity>877.350803</out_Quantity.quantity></Point><Point><position>2705</position><in_Quantity.quantity>0.000000</in_Quantity.quantity><out_Quantity.quantity>509.353873</out_Quantity.quantity></Point><Point><position>2706</position><in_Quantity.quantity>0.000000</in_Quantity.quantity><out_Quantity.quantity>256.576223</out_Quantity.quantity></Point><Point><position>2707</position><in_Quantity.quantity>0.000000</in_Quantity.quantity><out_Quantity.quantity>65.480556</out_Quantity.quantity></Point><Point><position>2708</position><in_Quantity.quantity>0.000000</in_Quantity.quantity><out_Quantity.quantity>175.716409</out_Quantity.quantity></Point><Point><position>2709</position><in_Quantity.quantity>0.000000</in_Quantity.quantity><out_Quantity.quantity>339.297879</out_Quantity.quantity></Point><Point><position>2710</position><in_Quantity.quantity>0.000000</in_Quantity.quantity><out_Quantity.quantity>493.946469</out_Quantity.quantity></Point><Point><position>2711</position><in_Quantity.quantity>0.000000</in_Quantity.quantity><out_Quantity.quantity>231.496076</out_Quantity.quantity></Point><Point><position>2712</position><in_Quantity.quantity>0.000000</in_Quantity.quantity><out_Quantity.quantity>396.731356</out_Quantity.quantity></Point><Point><position>2713</position><in_Quantity.quantity>0.000000</in_Quantity.quantity><out_Quantity.quantity>225.233349</out_Quantity.quantity></Point><Point><position>2714</position><in_Quantity.quantity>0.000000</in_Quantity.quantity><out_Quantity.quantity>468.334098</out_Quantity.quantity></Point><Point><position>2715</position><in_Quantity.quantity>0.000000</in_Quantity.quantity><out_Quantity.quantity>550.387368</out_Quantity.quantity></Point><Point><position>2716</position><in_Quantity.quantity>0.000000</in_Quantity.quantity><out_Quantity.quantity>28.120445</out_Quantity.quantity></Point><Point><position>2717</position><in_Quantity.quantity>0.000000</in_Quantity.quantity><out_Quantity.quantity>567.962356</out_Quantity.quantity></Point><Point><position>2718</position><in_Quantity.quantity>0.000000</in_Quantity.quantity><out_Quantity.quantity>76.151011</out_Quantity.quantity></Point><Point><position>2719</position><in_Quantity.quantity>0.000000</in_Quantity.quantity><out_Quantity.quantity>574.133708</out_Quantity.quantity></Point><Point><position>2720</position><in_Quantity.quantity>0.000000</in_Quantity.quantity><out_Quantity.quantity>468.402095</out_Quantity.quantity></Point><Point><position>2721</position><in_Quantity.quantity>0.000000</in_Quantity.quantity><out_Quantity.quantity>343.707644</out_Quantity.quantity></Point><Point><position>2722</position><in_Quantity.quantity>0.000000</in_Quantity.quantity><out_Quantity.quantity>206.022584</out_Quantity.quantity></Point><Point><position>2723</position><in_Quantity.quantity>0.000000</in_Quantity.quantity><out_Quantity.quantity>191.503282</out_Quantity.quantity></Point><Point><position>2724</position><in_Quantity.quantity>0.000000</in_Quantity.quantity><out_Quantity.quantity>599.557345</out_Quantity.quantity></Point><Point><position>2725</position><in_Quantity.quantity>0.000000</in_Quantity.quantity><out_Quantity.quantity>317.412338</out_Quantity.quantity></Point><Point><position>2726</position><in_Quantity.quantity>0.000000</in_Quantity.quantity><out_Quantity.quantity>119.069597</out_Quantity.quantity></Point><Point><position>2727</position><in_Quantity.quantity>0.000000</in_Quantity.quantity><out_Quantity.quantity>612.166935</out_Quantity.quantity></Point><Point><position>2728</position><in_Quantity.quantity>0.000000</in_Quantity.quantity><out_Quantity.quantity>259.517044</out_Quantity.quantity></Point><Point><position>2729</position><in_Quantity.quantity>0.000000</in_Quantity.quantity><out_Quantity.quantity>995.367259</out_Quantity.quantity></Point><Point><position>2730</position><in_Quantity.quantity>0.000000</in_Quantity.quantity><out_Quantity.quantity>733.048400</out_Quantity.quantity></Point><Point><position>2731</position><in_Quantity.quantity>0.000000</in_Quantity.quantity><out_Quantity.quantity>481.071311</out_Quantity.quantity></Point><Point><position>2732</position><in_Quantity.quantity>0.000000</in_Quantity.quantity><out_Quantity.quantity>969.433488</out_Quantity.quantity></Point><Point><position>2733</position><in_Quantity.quantity>0.000000</in_Quantity.quantity><out_Quantity.quantity>101.836455</out_Quantity.quantity></Point><Point><position>2734</position><in_Quantity.quantity>0.000000</in_Quantity.quantity><out_Quantity.quantity>102.243964</out_Quantity.quantity></Point><Point><position>2735</position><in_Quantity.quantity>0.000000</in_Quantity.quantity><out_Quantity.quantity>364.536766</out_Quantity.quantity></Point><Point><position>2736</position><in_Quantity.quantity>0.000000</in_Quantity.quantity><out_Quantity.quantity>341.387738</out_Quantity.quantity></Point><Point><position>2737</position><in_Quantity.quantity>0.000000</in_Quantity.quantity><out_Quantity.quantity>627.803317</out_Quantity.quantity></Point><Point><position>2738</position><in_Quantity.quantity>0.000000</in_Quantity.quantity><out_Quantity.quantity>240.112480</out_Quantity.quantity></Point><Point><position>2739</position><in_Quantity.quantity>0.000000</in_Quantity.quantity><out_Quantity.quantity>934.779911</out_Quantity.quantity></Point><Point><position>2740</position><in_Quantity.quantity>0.000000</in_Quantity.quantity><out_Quantity.quantity>713.824575</out_Quantity.quantity></Point><Point><position>2741</position><in_Quantity.quantity>0.000000</in_Quantity.quantity><out_Quantity.quantity>120.308180</out_Quantity.quantity></Point><Point><position>2742</position><in_Quantity.quantity>0.000000</in_Quantity.quantity><out_Quantity.quantity>40.865173</out_Quantity.quantity></Point><Point><position>2743</position><in_Quantity.quantity>0.000000</in_Quantity.quantity><out_Quantity.quantity>9.304918</out_Quantity.quantity></Point><Point><position>2744</position><in_Quantity.quantity>0.000000</in_Quantity.quantity><out_Quantity.quantity>427.355488</out_Quantity.quantity></Point><Point><position>2745</position><in_Quantity.quantity>0.000000</in_Quantity.quantity><out_Quantity.quantity>75.015806</out_Quantity.quantity></Point><Point><position>2746</position><in_Quantity.quantity>0.000000</in_Quantity.quantity><out_Quantity.quantity>755.118935</out_Quantity.quantity></Point><Point><position>2747</position><in_Quantity.quantity>0.000000</in_Quantity.quantity><out_Quantity.quantity>948.688707</out_Quantity.quantity></Point><Point><position>2748</position><in_Quantity.quantity>0.000000</in_Quantity.quantity><out_Quantity.quantity>239.631808</out_Quantity.quantity></Point><Point><position>2749</position><in_Quantity.quantity>0.000000</in_Quantity.quantity><out_Quantity.quantity>405.463286</out_Quantity.quantity></Point><Point><position>2750</position><in_Quantity.quantity>0.000000</in_Quantity.quantity><out_Quantity.quantity>392.425778</out_Quantity.quantity></Point><Point><position>2751</position><in_Quantity.quantity>0.000000</in_Quantity.quantity><out_Quantity.quantity>378.140822</out_Quantity.quantity></Point><Point><position>2752</position><in_Quantity.quantity>0.000000</in_Quantity.quantity><out_Quantity.quantity>670.083823</out_Quantity.quantity></Point><Point><position>2753</position><in_Quantity.quantity>0.000000</in_Quantity.quantity><out_Quantity.quantity>741.656462</out_Quantity.quantity></Point><Point><position>2754</position><in_Quantity.quantity>0.000000</in_Quantity.quantity><out_Quantity.quantity>413.909087</out_Quantity.quantity></Point><Point><position>2755</position><in_Quantity.quantity>0.000000</in_Quantity.quantity><out_Quantity.quantity>213.374787</out_Quantity.quantity></Point><Point><position>2756</position><in_Quantity.quantity>0.000000</in_Quantity.quantity><out_Quantity.quantity>266.902577</out_Quantity.quantity></Point><Point><position>2757</position><in_Quantity.quantity>0.000000</in_Quantity.quantity><out_Quantity.quantity>503.090272</out_Quantity.quantity></Point><Point><position>2758</position><in_Quantity.quantity>0.000000</in_Quantity.quantity><out_Quantity.quantity>96.848339</out_Quantity.quantity></Point><Point><position>2759</position><in_Quantity.quantity>0.000000</in_Quantity.quantity><out_Quantity.quantity>384.261316</out_Quantity.quantity></Point><Point><position>2760</position><in_Quantity.quantity>0.000000</in_Quantity.quantity><out_Quantity.quantity>890.398445</out_Quantity.quantity></Point><Point><position>2761</position><in_Quantity.quantity>0.000000</in_Quantity.quantity><out_Quantity.quantity>514.616711</out_Quantity.quantity></Point><Point><position>2762</position><in_Quantity.quantity>0.000000</in_Quantity.quantity><out_Quantity.quantity>738.608404</out_Quantity.quantity></Point><Point><position>2763</position><in_Quantity.quantity>0.000000</in_Quantity.quantity><out_Quantity.quantity>834.450091</out_Quantity.quantity></Point><Point><position>2764</position><in_Quantity.quantity>0.000000</in_Quantity.quantity><out_Quantity.quantity>825.567191</out_Quantity.quantity></Point><Point><position>2765</position><in_Quantity.quantity>0.000000</in_Quantity.quantity><out_Quantity.quantity>544.991216</out_Quantity.quantity></Point><Point><position>2766</position><in_Quantity.quantity>0.000000</in_Quantity.quantity><out_Quantity.quantity>269.994932</out_Quantity.quantity></Point><Point><position>2767</position><in_Quantity.quantity>0.000000</in_Quantity.quantity><out_Quantity.quantity>660.790140</out_Quantity.quantity></Point><Point><position>2768</position><in_Quantity.quantity>0.000000</in_Quantity.quantity><out_Quantity.quantity>857.884668</out_Quantity.quantity></Point><Point><position>2769</position><in_Quantity.quantity>0.000000</in_Quantity.quantity><out_Quantity.quantity>551.529991</out_Quantity.quantity></Point><Point><position>2770</position><in_Quantity.quantity>0.000000</in_Quantity.quantity><out_Quantity.quantity>78.437838</out_Quantity.quantity></Point><Point><position>2771</position><in_Quantity.quantity>0.000000</in_Quantity.quantity><out_Quantity.quantity>435.798752</out_Quantity.quantity></Point><Point><position>2772</position><in_Quantity.quantity>0.000000</in_Quantity.quantity><out_Quantity.quantity>10.996537</out_Quantity.quantity></Point><Point><position>2773</position><in_Quantity.quantity>0.000000</in_Quantity.quantity><out_Quantity.quantity>479.962622</out_Quantity.quantity></Point><Point><position>2774</position><in_Quantity.quantity>0.000000</in_Quantity.quantity><out_Quantity.quantity>534.864511</out_Quantity.quantity></Point><Point><position>2775</position><in_Quantity.quantity>0.000000</in_Quantity.quantity><out_Quantity.quantity>615.916661</out_Quantity.quantity></Point><Point><position>2776</position><in_Quantity.quantity>0.000000</in_Quantity.quantity><out_Quantity.quantity>488.595133</out_Quantity.quantity></Point><Point><position>2777</position><in_Quantity.quantity>0.000000</in_Quantity.quantity><out_Quantity.quantity>769.471086</out_Quantity.quantity></Point><Point><position>2778</position><in_Quantity.quantity>0.000000</in_Quantity.quantity><out_Quantity.quantity>721.389949</out_Quantity.quantity></Point><Point><position>2779</position><in_Quantity.quantity>0.000000</in_Quantity.quantity><out_Quantity.quantity>66.095986</out_Quantity.quantity></Point><Point><position>2780</position><in_Quantity.quantity>0.000000</in_Quantity.quantity><out_Quantity.quantity>24.006284</out_Quantity.quantity></Point><Point><position>2781</position><in_Quantity.quantity>0.000000</in_Quantity.quantity><out_Quantity.quantity>395.743775</out_Quantity.quantity></Point><Point><position>2782</position><in_Quantity.quantity>0.000000</in_Quantity.quantity><out_Quantity.quantity>25.077164</out_Quantity.quantity></Point><Point><position>2783</position><in_Quantity.quantity>0.000000</in_Quantity.quantity><out_Quantity.quantity>74.175020</out_Quantity.quantity></Point><Point><position>2784</position><in_Quantity.quantity>0.000000</in_Quantity.quantity><out_Quantity.quantity>351.609659</out_Quantity.quantity></Point><Point><position>2785</position><in_Quantity.quantity>0.000000</in_Quantity.quantity><out_Quantity.quantity>397.570104</out_Quantity.quantity></Point><Point><position>2786</position><in_Quantity.quantity>0.000000</in_Quantity.quantity><out_Quantity.quantity>588.529345</out_Quantity.quantity></Point><Point><position>2787</position><in_Quantity.quantity>0.000000</in_Quantity.quantity><out_Quantity.quantity>196.993187</out_Quantity.quantity></Point><Point><position>2788</position><in_Quantity.quantity>0.000000</in_Quantity.quantity><out_Quantity.quantity>508.393038</out_Quantity.quantity></Point><Point><position>2789</position><in_Quantity.quantity>0.000000</in_Quantity.quantity><out_Quantity.quantity>492.836739</out_Quantity.quantity></Point><Point><position>2790</position><in_Quantity.quantity>0.000000</in_Quantity.quantity><out_Quantity.quantity>884.982748</out_Quantity.quantity></Point><Point><position>2791</position><in_Quantity.quantity>0.000000</in_Quantity.quantity><out_Quantity.quantity>633.541408</out_Quantity.quantity></Point><Point><position>2792</position><in_Quantity.quantity>0.000000</in_Quantity.quantity><out_Quantity.quantity>673.995758</out_Quantity.quantity></Point><Point><position>2793</position><in_Quantity.quantity>0.000000</in_Quantity.quantity><out_Quantity.quantity>656.252488</out_Quantity.quantity></Point><Point><position>2794</position><in_Quantity.quantity>0.000000</in_Quantity.quantity><out_Quantity.quantity>673.071908</out_Quantity.quantity></Point><Point><position>2795</position><in_Quantity.quantity>0.000000</in_Quantity.quantity><out_Quantity.quantity>58.479424</out_Quantity.quantity></Point><Point><position>2796</position><in_Quantity.quantity>0.000000</in_Quantity.quantity><out_Quantity.quantity>961.490140</out_Quantity.quantity></Point><Point><position>2797</position><in_Quantity.quantity>0.000000</in_Quantity.quantity><out_Quantity.quantity>375.400002</out_Quantity.quantity></Point><Point><position>2798</position><in_Quantity.quantity>0.000000</in_Quantity.quantity><out_Quantity.quantity>550.892479</out_Quantity.quantity></Point><Point><position>2799</position><in_Quantity.quantity>0.000000</in_Quantity.quantity><out_Quantity.quantity>408.464276</out_Quantity.quantity></Point><Point><position>2800</position><in_Quantity.quantity>0.000000</in_Quantity.quantity><out_Quantity.quantity>955.065049</out_Quantity.quantity></Point><Point><position>2801</position><in_Quantity.quantity>0.000000</in_Quantity.quantity><out_Quantity.quantity>621.737801</out_Quantity.quantity></Point><Point><position>2802</position><in_Quantity.quantity>0.000000</in_Quantity.quantity><out_Quantity.quantity>808.625403</out_Quantity.quantity></Point><Point><position>2803</position><in_Quantity.quantity>0.000000</in_Quantity.quantity><out_Quantity.quantity>596.579488</out_Quantity.quantity></Point><Point><position>2804</position><in_Quantity.quantity>0.000000</in_Quantity.quantity><out_Quantity.quantity>758.662756</out_Quantity.quantity></Point><Point><position>2805</position><in_Quantity.quantity>0.000000</in_Quantity.quantity><out_Quantity.quantity>867.461949</out_Quantity.quantity></Point><Point><position>2806</position><in_Quantity.quantity>0.000000</in_Quantity.quantity><out_Quantity.quantity>124.278172</out_Quantity.quantity></Point><Point><position>2807</position><in_Quantity.quantity>0.000000</in_Quantity.quantity><out_Quantity.quantity>370.052569</out_Quantity.quantity></Point><Point><position>2808</position><in_Quantity.quantity>0.000000</in_Quantity.quantity><out_Quantity.quantity>453.670437</out_Quantity.quantity></Point><Point><position>2809</position><in_Quantity.quantity>0.000000</in_Quantity.quantity><out_Quantity.quantity>38.770278</out_Quantity.quantity></Point><Point><position>2810</position><in_Quantity.quantity>0.000000</in_Quantity.quantity><out_Quantity.quantity>438.449014</out_Quantity.quantity></Point><Point><position>2811</position><in_Quantity.quantity>0.000000</in_Quantity.quantity><out_Quantity.quantity>234.816654</out_Quantity.quantity></Point><Point><position>2812</position><in_Quantity.quantity>0.000000</in_Quantity.quantity><out_Quantity.quantity>902.670119</out_Quantity.quantity></Point><Point><position>2813</position><in_Quantity.quantity>0.000000</in_Quantity.quantity><out_Quantity.quantity>502.588167</out_Quantity.quantity></Point><Point><position>2814</position><in_Quantity.quantity>0.000000</in_Quantity.quantity><out_Quantity.quantity>519.863426</out_Quantity.quantity></Point><Point><position>2815</position><in_Quantity.quantity>0.000000</in_Quantity.quantity><out_Quantity.quantity>934.456412</out_Quantity.quantity></Point><Point><position>2816</position><in_Quantity.quantity>0.000000</in_Quantity.quantity><out_Quantity.quantity>191.899619</out_Quantity.quantity></Point><Point><position>2817</position><in_Quantity.quantity>0.000000</in_Quantity.quantity><out_Quantity.quantity>385.549677</out_Quantity.quantity></Point><Point><position>2818</position><in_Quantity.quantity>0.000000</in_Quantity.quantity><out_Quantity.quantity>434.675014</out_Quantity.quantity></Point><Point><position>2819</position><in_Quantity.quantity>0.000000</in_Quantity.quantity><out_Quantity.quantity>901.588109</out_Quantity.quantity></Point><Point><position>2820</position><in_Quantity.quantity>0.000000</in_Quantity.quantity><out_Quantity.quantity>343.859361</out_Quantity.quantity></Point><Point><position>2821</position><in_Quantity.quantity>0.000000</in_Quantity.quantity><out_Quantity.quantity>971.411077</out_Quantity.quantity></Point><Point><position>2822</position><in_Quantity.quantity>0.000000</in_Quantity.quantity><out_Quantity.quantity>378.861642</out_Quantity.quantity></Point><Point><position>2823</position><in_Quantity.quantity>0.000000</in_Quantity.quantity><out_Quantity.quantity>859.052102</out_Quantity.quantity></Point><Point><position>2824</position><in_Quantity.quantity>0.000000</in_Quantity.quantity><out_Quantity.quantity>497.648105</out_Quantity.quantity></Point><Point><position>2825</position><in_Quantity.quantity>0.000000</in_Quantity.quantity><out_Quantity.quantity>663.393626</out_Quantity.quantity></Point><Point><position>2826</position><in_Quantity.quantity>0.000000</in_Quantity.quantity><out_Quantity.quantity>349.698182</out_Quantity.quantity></Point><Point><position>2827</position><in_Quantity.quantity>0.000000</in_Quantity.quantity><out_Quantity.quantity>255.559449</out_Quantity.quantity></Point><Point><position>2828</position><in_Quantity.quantity>0.000000</in_Quantity.quantity><out_Quantity.quantity>814.744667</out_Quantity.quantity></Point><Point><position>2829</position><in_Quantity.quantity>0.000000</in_Quantity.quantity><out_Quantity.quantity>976.224177</out_Quantity.quantity></Point><Point><position>2830</position><in_Quantity.quantity>0.000000</in_Quantity.quantity><out_Quantity.quantity>59.488574</out_Quantity.quantity></Point><Point><position>2831</position><in_Quantity.quantity>0.000000</in_Quantity.quantity><out_Quantity.quantity>696.466481</out_Quantity.quantity></Point><Point><position>2832</position><in_Quantity.quantity>0.000000</in_Quantity.quantity><out_Quantity.quantity>759.700381</out_Quantity.quantity></Point><Point><position>2833</position><in_Quantity.quantity>0.000000</in_Quantity.quantity><out_Quantity.quantity>257.075574</out_Quantity.quantity></Point><Point><position>2834</position><in_Quantity.quantity>0.000000</in_Quantity.quantity><out_Quantity.quantity>20.609006</out_Quantity.quantity></Point><Point><position>2835</position><in_Quantity.quantity>0.000000</in_Quantity.quantity><out_Quantity.quantity>656.920515</out_Quantity.quantity></Point><Point><position>2836</position><in_Quantity.quantity>0.000000</in_Quantity.quantity><out_Quantity.quantity>957.638189</out_Quantity.quantity></Point><Point><position>2837</position><in_Quantity.quantity>0.000000</in_Quantity.quantity><out_Quantity.quantity>15.113552</out_Quantity.quantity></Point><Point><position>2838</position><in_Quantity.quantity>0.000000</in_Quantity.quantity><out_Quantity.quantity>121.020540</out_Quantity.quantity></Point><Point><position>2839</position><in_Quantity.quantity>0.000000</in_Quantity.quantity><out_Quantity.quantity>245.482556</out_Quantity.quantity></Point><Point><position>2840</position><in_Quantity.quantity>0.000000</in_Quantity.quantity><out_Quantity.quantity>197.277342</out_Quantity.quantity></Point><Point><position>2841</position><in_Quantity.quantity>0.000000</in_Quantity.quantity><out_Quantity.quantity>467.284998</out_Quantity.quantity></Point><Point><position>2842</position><in_Quantity.quantity>0.000000</in_Quantity.quantity><out_Quantity.quantity>387.274258</out_Quantity.quantity></Point><Point><position>2843</position><in_Quantity.quantity>0.000000</in_Quantity.quantity><out_Quantity.quantity>848.216284</out_Quantity.quantity></Point><Point><position>2844</position><in_Quantity.quantity>0.000000</in_Quantity.quantity><out_Quantity.quantity>871.705042</out_Quantity.quantity></Point><Point><position>2845</position><in_Quantity.quantity>0.000000</in_Quantity.quantity><out_Quantity.quantity>67.726134</out_Quantity.quantity></Point><Point><position>2846</position><in_Quantity.quantity>0.000000</in_Quantity.quantity><out_Quantity.quantity>568.722626</out_Quantity.quantity></Point><Point><position>2847</position><in_Quantity.quantity>0.000000</in_Quantity.quantity><out_Quantity.quantity>618.389898</out_Quantity.quantity></Point><Point><position>2848</position><in_Quantity.quantity>0.000000</in_Quantity.quantity><out_Quantity.quantity>896.420865</out_Quantity.quantity></Point><Point><position>2849</position><in_Quantity.quantity>0.000000</in_Quantity.quantity><out_Quantity.quantity>591.274698</out_Quantity.quantity></Point><Point><position>2850</position><in_Quantity.quantity>0.000000</in_Quantity.quantity><out_Quantity.quantity>835.007595</out_Quantity.quantity></Point><Point><position>2851</position><in_Quantity.quantity>0.000000</in_Quantity.quantity><out_Quantity.quantity>498.035977</out_Quantity.quantity></Point><Point><position>2852</position><in_Quantity.quantity>0.000000</in_Quantity.quantity><out_Quantity.quantity>64.157825</out_Quantity.quantity></Point><Point><position>2853</position><in_Quantity.quantity>0.000000</in_Quantity.quantity><out_Quantity.quantity>724.748037</out_Quantity.quantity></Point><Point><position>2854</position><in_Quantity.quantity>0.000000</in_Quantity.quantity><out_Quantity.quantity>766.056419</out_Quantity.quantity></Point><Point><position>2855</position><in_Quantity.quantity>0.000000</in_Quantity.quantity><out_Quantity.quantity>788.394316</out_Quantity.quantity></Point><Point><position>2856</position><in_Quantity.quantity>0.000000</in_Quantity.quantity><out_Quantity.quantity>134.679741</out_Quantity.quantity></Point><Point><position>2857</position><in_Quantity.quantity>0.000000</in_Quantity.quantity><out_Quantity.quantity>561.723401</out_Quantity.quantity></Point><Point><position>2858</position><in_Quantity.quantity>0.000000</in_Quantity.quantity><out_Quantity.quantity>834.867293</out_Quantity.quantity></Point><Point><position>2859</position><in_Quantity.quantity>0.000000</in_Quantity.quantity><out_Quantity.quantity>731.070094</out_Quantity.quantity></Point><Point><position>2860</position><in_Quantity.quantity>0.000000</in_Quantity.quantity><out_Quantity.quantity>815.624243</out_Quantity.quantity></Point><Point><position>2861</position><in_Quantity.quantity>0.000000</in_Quantity.quantity><out_Quantity.quantity>318.148117</out_Quantity.quantity></Point><Point><position>2862</position><in_Quantity.quantity>0.000000</in_Quantity.quantity><out_Quantity.quantity>202.621329</out_Quantity.quantity></Point><Point><position>2863</position><in_Quantity.quantity>0.000000</in_Quantity.quantity><out_Quantity.quantity>483.949095</out_Quantity.quantity></Point><Point><position>2864</position><in_Quantity.quantity>0.000000</in_Quantity.quantity><out_Quantity.quantity>942.484926</out_Quantity.quantity></Point><Point><position>2865</position><in_Quantity.quantity>0.000000</in_Quantity.quantity><out_Quantity.quantity>566.100200</out_Quantity.quantity></Point><Point><position>2866</position><in_Quantity.quantity>0.000000</in_Quantity.quantity><out_Quantity.quantity>756.594547</out_Quantity.quantity></Point><Point><position>2867</position><in_Quantity.quantity>0.000000</in_Quantity.quantity><out_Quantity.quantity>887.571782</out_Quantity.quantity></Point><Point><position>2868</position><in_Quantity.quantity>0.000000</in_Quantity.quantity><out_Quantity.quantity>511.813347</out_Quantity.quantity></Point><Point><position>2869</position><in_Quantity.quantity>0.000000</in_Quantity.quantity><out_Quantity.quantity>990.739511</out_Quantity.quantity></Point><Point><position>2870</position><in_Quantity.quantity>0.000000</in_Quantity.quantity><out_Quantity.quantity>621.021725</out_Quantity.quantity></Point><Point><position>2871</position><in_Quantity.quantity>0.000000</in_Quantity.quantity><out_Quantity.quantity>135.165433</out_Quantity.quantity></Point><Point><position>2872</position><in_Quantity.quantity>0.000000</in_Quantity.quantity><out_Quantity.quantity>985.687142</out_Quantity.quantity></Point><Point><position>2873</position><in_Quantity.quantity>0.000000</in_Quantity.quantity><out_Quantity.quantity>770.644232</out_Quantity.quantity></Point><Point><position>2874</position><in_Quantity.quantity>0.000000</in_Quantity.quantity><out_Quantity.quantity>178.920833</out_Quantity.quantity></Point><Point><position>2875</position><in_Quantity.quantity>0.000000</in_Quantity.quantity><out_Quantity.quantity>690.621946</out_Quantity.quantity></Point><Point><position>2876</position><in_Quantity.quantity>0.000000</in_Quantity.quantity><out_Quantity.quantity>922.746435</out_Quantity.quantity></Point><Point><position>2877</position><in_Quantity.quantity>0.000000</in_Quantity.quantity><out_Quantity.quantity>767.796594</out_Quantity.quantity></Point><Point><position>2878</position><in_Quantity.quantity>0.000000</in_Quantity.quantity><out_Quantity.quantity>426.592686</out_Quantity.quantity></Point><Point><position>2879</position><in_Quantity.quantity>0.000000</in_Quantity.quantity><out_Quantity.quantity>985.465363</out_Quantity.quantity></Point><Point><position>2880</position><in_Quantity.quantity>0.000000</in_Quantity.quantity><out_Quantity.quantity>763.479609</out_Quantity.quantity></Point><Point><position>2881</position><in_Quantity.quantity>0.000000</in_Quantity.quantity><out_Quantity.quantity>815.789372</out_Quantity.quantity></Point><Point><position>2882</position><in_Quantity.quantity>0.000000</in_Quantity.quantity><out_Quantity.quantity>617.933138</out_Quantity.quantity></Point><Point><position>2883</position><in_Quantity.quantity>0.000000</in_Quantity.quantity><out_Quantity.quantity>609.685195</out_Quantity.quantity></Point><Point><position>2884</position><in_Quantity.quantity>0.000000</in_Quantity.quantity><out_Quantity.quantity>98.347576</out_Quantity.quantity></Point><Point><position>2885</position><in_Quantity.quantity>0.000000</in_Quantity.quantity><out_Quantity.quantity>431.741652</out_Quantity.quantity></Point><Point><position>2886</position><in_Quantity.quantity>0.000000</in_Quantity.quantity><out_Quantity.quantity>748.138210</out_Quantity.quantity></Point><Point><position>2887</position><in_Quantity.quantity>0.000000</in_Quantity.quantity><out_Quantity.quantity>382.779440</out_Quantity.quantity></Point><Point><position>2888</position><in_Quantity.quantity>0.000000</in_Quantity.quantity><out_Quantity.quantity>217.547485</out_Quantity.quantity></Point><Point><position>2889</position><in_Quantity.quantity>0.000000</in_Quantity.quantity><out_Quantity.quantity>658.919469</out_Quantity.quantity></Point><Point><position>2890</position><in_Quantity.quantity>0.000000</in_Quantity.quantity><out_Quantity.quantity>835.894493</out_Quantity.quantity></Point><Point><position>2891</position><in_Quantity.quantity>0.000000</in_Quantity.quantity><out_Quantity.quantity>403.975094</out_Quantity.quantity></Point><Point><position>2892</position><in_Quantity.quantity>0.000000</in_Quantity.quantity><out_Quantity.quantity>448.611698</out_Quantity.quantity></Point><Point><position>2893</position><in_Quantity.quantity>0.000000</in_Quantity.quantity><out_Quantity.quantity>63.625083</out_Quantity.quantity></Point><Point><position>2894</position><in_Quantity.quantity>0.000000</in_Quantity.quantity><out_Quantity.quantity>352.853128</out_Quantity.quantity></Point><Point><position>2895</position><in_Quantity.quantity>0.000000</in_Quantity.quantity><out_Quantity.quantity>991.716121</out_Quantity.quantity></Point><Point><position>2896</position><in_Quantity.quantity>0.000000</in_Quantity.quantity><out_Quantity.quantity>792.743484</out_Quantity.quantity></Point><Point><position>2897</position><in_Quantity.quantity>0.000000</in_Quantity.quantity><out_Quantity.quantity>911.277172</out_Quantity.quantity></Point><Point><position>2898</position><in_Quantity.quantity>0.000000</in_Quantity.quantity><out_Quantity.quantity>373.265646</out_Quantity.quantity></Point><Point><position>2899</position><in_Quantity.quantity>0.000000</in_Quantity.quantity><out_Quantity.quantity>941.925627</out_Quantity.quantity></Point><Point><position>2900</position><in_Quantity.quantity>0.000000</in_Quantity.quantity><out_Quantity.quantity>175.292782</out_Quantity.quantity></Point><Point><position>2901</position><in_Quantity.quantity>0.000000</in_Quantity.quantity><out_Quantity.quantity>472.916156</out_Quantity.quantity></Point><Point><position>2902</position><in_Quantity.quantity>0.000000</in_Quantity.quantity><out_Quantity.quantity>550.049353</out_Quantity.quantity></Point><Point><position>2903</position><in_Quantity.quantity>0.000000</in_Quantity.quantity><out_Quantity.quantity>618.194638</out_Quantity.quantity></Point><Point><position>2904</position><in_Quantity.quantity>0.000000</in_Quantity.quantity><out_Quantity.quantity>335.489882</out_Quantity.quantity></Point><Point><position>2905</position><in_Quantity.quantity>0.000000</in_Quantity.quantity><out_Quantity.quantity>708.846158</out_Quantity.quantity></Point><Point><position>2906</position><in_Quantity.quantity>0.000000</in_Quantity.quantity><out_Quantity.quantity>587.813585</out_Quantity.quantity></Point><Point><position>2907</position><in_Quantity.quantity>0.000000</in_Quantity.quantity><out_Quantity.quantity>987.785446</out_Quantity.quantity></Point><Point><position>2908</position><in_Quantity.quantity>0.000000</in_Quantity.quantity><out_Quantity.quantity>303.610509</out_Quantity.quantity></Point><Point><position>2909</position><in_Quantity.quantity>0.000000</in_Quantity.quantity><out_Quantity.quantity>731.768762</out_Quantity.quantity></Point><Point><position>2910</position><in_Quantity.quantity>0.000000</in_Quantity.quantity><out_Quantity.quantity>938.712557</out_Quantity.quantity></Point><Point><position>2911</position><in_Quantity.quantity>0.000000</in_Quantity.quantity><out_Quantity.quantity>778.258938</out_Quantity.quantity></Point><Point><position>2912</position><in_Quantity.quantity>0.000000</in_Quantity.quantity><out_Quantity.quantity>497.204560</out_Quantity.quantity></Point><Point><position>2913</position><in_Quantity.quantity>0.000000</in_Quantity.quantity><out_Quantity.quantity>136.727153</out_Quantity.quantity></Point><Point><position>2914</position><in_Quantity.quantity>0.000000</in_Quantity.quantity><out_Quantity.quantity>781.945635</out_Quantity.quantity></Point><Point><position>2915</position><in_Quantity.quantity>0.000000</in_Quantity.quantity><out_Quantity.quantity>294.233286</out_Quantity.quantity></Point><Point><position>2916</position><in_Quantity.quantity>0.000000</in_Quantity.quantity><out_Quantity.quantity>767.362802</out_Quantity.quantity></Point><Point><position>2917</position><in_Quantity.quantity>0.000000</in_Quantity.quantity><out_Quantity.quantity>117.437786</out_Quantity.quantity></Point><Point><position>2918</position><in_Quantity.quantity>0.000000</in_Quantity.quantity><out_Quantity.quantity>368.949809</out_Quantity.quantity></Point><Point><position>2919</position><in_Quantity.quantity>0.000000</in_Quantity.quantity><out_Quantity.quantity>199.314384</out_Quantity.quantity></Point><Point><position>2920</position><in_Quantity.quantity>0.000000</in_Quantity.quantity><out_Quantity.quantity>778.196115</out_Quantity.quantity></Point><Point><position>2921</position><in_Quantity.quantity>0.000000</in_Quantity.quantity><out_Quantity.quantity>122.443840</out_Quantity.quantity></Point><Point><position>2922</position><in_Quantity.quantity>0.000000</in_Quantity.quantity><out_Quantity.quantity>370.676292</out_Quantity.quantity></Point><Point><position>2923</position><in_Quantity.quantity>0.000000</in_Quantity.quantity><out_Quantity.quantity>345.077028</out_Quantity.quantity></Point><Point><position>2924</position><in_Quantity.quantity>0.000000</in_Quantity.quantity><out_Quantity.quantity>773.412323</out_Quantity.quantity></Point><Point><position>2925</position><in_Quantity.quantity>0.000000</in_Quantity.quantity><out_Quantity.quantity>830.821723</out_Quantity.quantity></Point><Point><position>2926</position><in_Quantity.quantity>0.000000</in_Quantity.quantity><out_Quantity.quantity>476.319508</out_Quantity.quantity></Point><Point><position>2927</position><in_Quantity.quantity>0.000000</in_Quantity.quantity><out_Quantity.quantity>59.509283</out_Quantity.quantity></Point><Point><position>2928</position><in_Quantity.quantity>0.000000</in_Quantity.quantity><out_Quantity.quantity>530.578525</out_Quantity.quantity></Point><Point><position>2929</position><in_Quantity.quantity>0.000000</in_Quantity.quantity><out_Quantity.quantity>97.515654</out_Quantity.quantity></Point><Point><position>2930</position><in_Quantity.quantity>0.000000</in_Quantity.quantity><out_Quantity.quantity>756.511283</out_Quantity.quantity></Point><Point><position>2931</position><in_Quantity.quantity>0.000000</in_Quantity.quantity><out_Quantity.quantity>216.573013</out_Quantity.quantity></Point><Point><position>2932</position><in_Quantity.quantity>0.000000</in_Quantity.quantity><out_Quantity.quantity>45.675031</out_Quantity.quantity></Point><Point><position>2933</position><in_Quantity.quantity>0.000000</in_Quantity.quantity><out_Quantity.quantity>60.255977</out_Quantity.quantity></Point><Point><position>2934</position><in_Quantity.quantity>0.000000</in_Quantity.quantity><out_Quantity.quantity>484.627314</out_Quantity.quantity></Point><Point><position>2935</position><in_Quantity.quantity>0.000000</in_Quantity.quantity><out_Quantity.quantity>287.180540</out_Quantity.quantity></Point><Point><position>2936</position><in_Quantity.quantity>0.000000</in_Quantity.quantity><out_Quantity.quantity>859.646347</out_Quantity.quantity></Point><Point><position>2937</position><in_Quantity.quantity>0.000000</in_Quantity.quantity><out_Quantity.quantity>716.186033</out_Quantity.quantity></Point><Point><position>2938</position><in_Quantity.quantity>0.000000</in_Quantity.quantity><out_Quantity.quantity>71.313809</out_Quantity.quantity></Point><Point><position>2939</position><in_Quantity.quantity>0.000000</in_Quantity.quantity><out_Quantity.quantity>524.434377</out_Quantity.quantity></Point><Point><position>2940</position><in_Quantity.quantity>0.000000</in_Quantity.quantity><out_Quantity.quantity>522.910800</out_Quantity.quantity></Point><Point><position>2941</position><in_Quantity.quantity>0.000000</in_Quantity.quantity><out_Quantity.quantity>223.653387</out_Quantity.quantity></Point><Point><position>2942</position><in_Quantity.quantity>0.000000</in_Quantity.quantity><out_Quantity.quantity>424.233966</out_Quantity.quantity></Point><Point><position>2943</position><in_Quantity.quantity>0.000000</in_Quantity.quantity><out_Quantity.quantity>353.493341</out_Quantity.quantity></Point><Point><position>2944</position><in_Quantity.quantity>0.000000</in_Quantity.quantity><out_Quantity.quantity>433.631535</out_Quantity.quantity></Point><Point><position>2945</position><in_Quantity.quantity>0.000000</in_Quantity.quantity><out_Quantity.quantity>756.319530</out_Quantity.quantity></Point><Point><position>2946</position><in_Quantity.quantity>0.000000</in_Quantity.quantity><out_Quantity.quantity>568.714845</out_Quantity.quantity></Point><Point><position>2947</position><in_Quantity.quantity>0.000000</in_Quantity.quantity><out_Quantity.quantity>14.643259</out_Quantity.quantity></Point><Point><position>2948</position><in_Quantity.quantity>0.000000</in_Quantity.quantity><out_Quantity.quantity>472.009071</out_Quantity.quantity></Point><Point><position>2949</position><in_Quantity.quantity>0.000000</in_Quantity.quantity><out_Quantity.quantity>663.140832</out_Quantity.quantity></Point><Point><position>2950</position><in_Quantity.quantity>0.000000</in_Quantity.quantity><out_Quantity.quantity>494.875446</out_Quantity.quantity></Point><Point><position>2951</position><in_Quantity.quantity>0.000000</in_Quantity.quantity><out_Quantity.quantity>798.909459</out_Quantity.quantity></Point><Point><position>2952</position><in_Quantity.quantity>0.000000</in_Quantity.quantity><out_Quantity.quantity>639.862546</out_Quantity.quantity></Point><Point><position>2953</position><in_Quantity.quantity>0.000000</in_Quantity.quantity><out_Quantity.quantity>295.387014</out_Quantity.quantity></Point><Point><position>2954</position><in_Quantity.quantity>0.000000</in_Quantity.quantity><out_Quantity.quantity>656.044749</out_Quantity.quantity></Point><Point><position>2955</position><in_Quantity.quantity>0.000000</in_Quantity.quantity><out_Quantity.quantity>492.703411</out_Quantity.quantity></Point><Point><position>2956</position><in_Quantity.quantity>0.000000</in_Quantity.quantity><out_Quantity.quantity>29.849466</out_Quantity.quantity></Point><Point><position>2957</position><in_Quantity.quantity>0.000000</in_Quantity.quantity><out_Quantity.quantity>748.395677</out_Quantity.quantity></Point><Point><position>2958</position><in_Quantity.quantity>0.000000</in_Quantity.quantity><out_Quantity.quantity>892.963970</out_Quantity.quantity></Point><Point><position>2959</position><in_Quantity.quantity>0.000000</in_Quantity.quantity><out_Quantity.quantity>430.027597</out_Quantity.quantity></Point><Point><position>2960</position><in_Quantity.quantity>0.000000</in_Quantity.quantity><out_Quantity.quantity>171.453734</out_Quantity.quantity></Point><Point><position>2961</position><in_Quantity.quantity>0.000000</in_Quantity.quantity><out_Quantity.quantity>96.203063</out_Quantity.quantity></Point><Point><position>2962</position><in_Quantity.quantity>0.000000</in_Quantity.quantity><out_Quantity.quantity>91.551313</out_Quantity.quantity></Point><Point><position>2963</position><in_Quantity.quantity>0.000000</in_Quantity.quantity><out_Quantity.quantity>302.433791</out_Quantity.quantity></Point><Point><position>2964</position><in_Quantity.quantity>0.000000</in_Quantity.quantity><out_Quantity.quantity>673.799405</out_Quantity.quantity></Point><Point><position>2965</position><in_Quantity.quantity>0.000000</in_Quantity.quantity><out_Quantity.quantity>271.218563</out_Quantity.quantity></Point><Point><position>2966</position><in_Quantity.quantity>0.000000</in_Quantity.quantity><out_Quantity.quantity>579.582278</out_Quantity.quantity></Point><Point><position>2967</position><in_Quantity.quantity>0.000000</in_Quantity.quantity><out_Quantity.quantity>111.650249</out_Quantity.quantity></Point><Point><position>2968</position><in_Quantity.quantity>0.000000</in_Quantity.quantity><out_Quantity.quantity>804.648235</out_Quantity.quantity></Point><Point><position>2969</position><in_Quantity.quantity>0.000000</in_Quantity.quantity><out_Quantity.quantity>716.146905</out_Quantity.quantity></Point><Point><position>2970</position><in_Quantity.quantity>0.000000</in_Quantity.quantity><out_Quantity.quantity>948.102496</out_Quantity.quantity></Point><Point><position>2971</position><in_Quantity.quantity>0.000000</in_Quantity.quantity><out_Quantity.quantity>149.089714</out_Quantity.quantity></Point><Point><position>2972</position><in_Quantity.quantity>0.000000</in_Quantity.quantity><out_Quantity.quantity>940.976489</out_Quantity.quantity></Point><Point><position>2973</position><in_Quantity.quantity>0.000000</in_Quantity.quantity><out_Quantity.quantity>522.728664</out_Quantity.quantity></Point><Point><position>2974</position><in_Quantity.quantity>0.000000</in_Quantity.quantity><out_Quantity.quantity>51.478318</out_Quantity.quantity></Point><Point><position>2975</position><in_Quantity.quantity>0.000000</in_Quantity.quantity><out_Quantity.quantity>422.799921</out_Quantity.quantity></Point><Point><position>2976</position><in_Quantity.quantity>0.000000</in_Quantity.quantity><out_Quantity.quantity>771.985806</out_Quantity.quantity></Point><Point><position>2977</position><in_Quantity.quantity>0.000000</in_Quantity.quantity><out_Quantity.quantity>778.659256</out_Quantity.quantity></Point><Point><position>2978</position><in_Quantity.quantity>0.000000</in_Quantity.quantity><out_Quantity.quantity>418.324976</out_Quantity.quantity></Point><Point><position>2979</position><in_Quantity.quantity>0.000000</in_Quantity.quantity><out_Quantity.quantity>99.241195</out_Quantity.quantity></Point><Point><position>2980</position><in_Quantity.quantity>0.000000</in_Quantity.quantity><out_Quantity.quantity>854.903977</out_Quantity.quantity></Point><Point><position>2981</position><in_Quantity.quantity>0.000000</in_Quantity.quantity><out_Quantity.quantity>904.511804</out_Quantity.quantity></Point><Point><position>2982</position><in_Quantity.quantity>0.000000</in_Quantity.quantity><out_Quantity.quantity>612.807830</out_Quantity.quantity></Point><Point><position>2983</position><in_Quantity.quantity>0.000000</in_Quantity.quantity><out_Quantity.quantity>795.781612</out_Quantity.quantity></Point><Point><position>2984</position><in_Quantity.quantity>0.000000</in_Quantity.quantity><out_Quantity.quantity>19.860214</out_Quantity.quantity></Point><Point><position>2985</position><in_Quantity.quantity>0.000000</in_Quantity.quantity><out_Quantity.quantity>651.848761</out_Quantity.quantity></Point><Point><position>2986</position><in_Quantity.quantity>0.000000</in_Quantity.quantity><out_Quantity.quantity>891.496493</out_Quantity.quantity></Point><Point><position>2987</position><in_Quantity.quantity>0.000000</in_Quantity.quantity><out_Quantity.quantity>584.873055</out_Quantity.quantity></Point><Point><position>2988</position><in_Quantity.quantity>0.000000</in_Quantity.quantity><out_Quantity.quantity>401.849081</out_Quantity.quantity></Point><Point><position>2989</position><in_Quantity.quantity>0.000000</in_Quantity.quantity><out_Quantity.quantity>279.736409</out_Quantity.quantity></Point><Point><position>2990</position><in_Quantity.quantity>0.000000</in_Quantity.quantity><out_Quantity.quantity>613.106582</out_Quantity.quantity></Point><Point><position>2991</position><in_Quantity.quantity>0.000000</in_Quantity.quantity><out_Quantity.quantity>194.273348</out_Quantity.quantity></Point><Point><position>2992</position><in_Quantity.quantity>0.000000</in_Quantity.quantity><out_Quantity.quantity>571.328583</out_Quantity.quantity></Point><Point><position>2993</position><in_Quantity.quantity>0.000000</in_Quantity.quantity><out_Quantity.quantity>946.564595</out_Quantity.quantity></Point><Point><position>2994</position><in_Quantity.quantity>0.000000</in_Quantity.quantity><out_Quantity.quantity>952.564221</out_Quantity.quantity></Point><Point><position>2995</position><in_Quantity.quantity>0.000000</in_Quantity.quantity><out_Quantity.quantity>834.701070</out_Quantity.quantity></Point><Point><position>2996</position><in_Quantity.quantity>0.000000</in_Quantity.quantity><out_Quantity.quantity>122.906951</out_Quantity.quantity></Point><Point><position>2997</position><in_Quantity.quantity>0.000000</in_Quantity.quantity><out_Quantity.quantity>115.180110</out_Quantity.quantity></Point><Point><position>2998</position><in_Quantity.quantity>0.000000</in_Quantity.quantity><out_Quantity.quantity>698.016059</out_Quantity.quantity></Point><Point><position>2999</position><in_Quantity.quantity>0.000000</in_Quantity.quantity><out_Quantity.quantity>455.116349</out_Quantity.quantity></Point><Point><position>3000</position><in_Quantity.quantity>0.000000</in_Quantity.quantity><out_Quantity.quantity>362.515808</out_Quantity.quantity></Point><Point><position>3001</position><in_Quantity.quantity>0.000000</in_Quantity.quantity><out_Quantity.quantity>663.305370</out_Quantity.quantity></Point><Point><position>3002</position><in_Quantity.quantity>0.000000</in_Quantity.quantity><out_Quantity.quantity>619.388349</out_Quantity.quantity></Point><Point><position>3003</position><in_Quantity.quantity>0.000000</in_Quantity.quantity><out_Quantity.quantity>408.010236</out_Quantity.quantity></Point><Point><position>3004</position><in_Quantity.quantity>0.000000</in_Quantity.quantity><out_Quantity.quantity>725.249433</out_Quantity.quantity></Point><Point><position>3005</position><in_Quantity.quantity>0.000000</in_Quantity.quantity><out_Quantity.quantity>308.560096</out_Quantity.quantity></Point><Point><position>3006</position><in_Quantity.quantity>0.000000</in_Quantity.quantity><out_Quantity.quantity>104.801294</out_Quantity.quantity></Point><Point><position>3007</position><in_Quantity.quantity>0.000000</in_Quantity.quantity><out_Quantity.quantity>230.300184</out_Quantity.quantity></Point><Point><position>3008</position><in_Quantity.quantity>0.000000</in_Quantity.quantity><out_Quantity.quantity>584.420627</out_Quantity.quantity></Point><Point><position>3009</position><in_Quantity.quantity>0.000000</in_Quantity.quantity><out_Quantity.quantity>544.450869</out_Quantity.quantity></Point><Point><position>3010</position><in_Quantity.quantity>0.000000</in_Quantity.quantity><out_Quantity.quantity>644.390360</out_Quantity.quantity></Point><Point><position>3011</position><in_Quantity.quantity>0.000000</in_Quantity.quantity><out_Quantity.quantity>998.867269</out_Quantity.quantity></Point><Point><position>3012</position><in_Quantity.quantity>0.000000</in_Quantity.quantity><out_Quantity.quantity>245.144846</out_Quantity.quantity></Point><Point><position>3013</position><in_Quantity.quantity>0.000000</in_Quantity.quantity><out_Quantity.quantity>226.012001</out_Quantity.quantity></Point><Point><position>3014</position><in_Quantity.quantity>0.000000</in_Quantity.quantity><out_Quantity.quantity>991.769897</out_Quantity.quantity></Point><Point><position>3015</position><in_Quantity.quantity>0.000000</in_Quantity.quantity><out_Quantity.quantity>810.222169</out_Quantity.quantity></Point><Point><position>3016</position><in_Quantity.quantity>0.000000</in_Quantity.quantity><out_Quantity.quantity>731.088244</out_Quantity.quantity></Point><Point><position>3017</position><in_Quantity.quantity>0.000000</in_Quantity.quantity><out_Quantity.quantity>618.883191</out_Quantity.quantity></Point><Point><position>3018</position><in_Quantity.quantity>0.000000</in_Quantity.quantity><out_Quantity.quantity>37.247735</out_Quantity.quantity></Point><Point><position>3019</position><in_Quantity.quantity>0.000000</in_Quantity.quantity><out_Quantity.quantity>209.110362</out_Quantity.quantity></Point><Point><position>3020</position><in_Quantity.quantity>0.000000</in_Quantity.quantity><out_Quantity.quantity>347.215867</out_Quantity.quantity></Point><Point><position>3021</position><in_Quantity.quantity>0.000000</in_Quantity.quantity><out_Quantity.quantity>801.900248</out_Quantity.quantity></Point><Point><position>3022</position><in_Quantity.quantity>0.000000</in_Quantity.quantity><out_Quantity.quantity>227.534818</out_Quantity.quantity></Point><Point><position>3023</position><in_Quantity.quantity>0.000000</in_Quantity.quantity><out_Quantity.quantity>428.457371</out_Quantity.quantity></Point><Point><position>3024</position><in_Quantity.quantity>0.000000</in_Quantity.quantity><out_Quantity.quantity>926.301361</out_Quantity.quantity></Point><Point><position>3025</position><in_Quantity.quantity>0.000000</in_Quantity.quantity><out_Quantity.quantity>938.817977</out_Quantity.quantity></Point><Point><position>3026</position><in_Quantity.quantity>0.000000</in_Quantity.quantity><out_Quantity.quantity>968.913598</out_Quantity.quantity></Point><Point><position>3027</position><in_Quantity.quantity>0.000000</in_Quantity.quantity><out_Quantity.quantity>661.570019</out_Quantity.quantity></Point><Point><position>3028</position><in_Quantity.quantity>0.000000</in_Quantity.quantity><out_Quantity.quantity>87.955950</out_Quantity.quantity></Point><Point><position>3029</position><in_Quantity.quantity>0.000000</in_Quantity.quantity><out_Quantity.quantity>467.453557</out_Quantity.quantity></Point><Point><position>3030</position><in_Quantity.quantity>0.000000</in_Quantity.quantity><out_Quantity.quantity>219.136895</out_Quantity.quantity></Point><Point><position>3031</position><in_Quantity.quantity>0.000000</in_Quantity.quantity><out_Quantity.quantity>543.998121</out_Quantity.quantity></Point><Point><position>3032</position><in_Quantity.quantity>0.000000</in_Quantity.quantity><out_Quantity.quantity>565.210134</out_Quantity.quantity></Point><Point><position>3033</position><in_Quantity.quantity>0.000000</in_Quantity.quantity><out_Quantity.quantity>548.606162</out_Quantity.quantity></Point><Point><position>3034</position><in_Quantity.quantity>0.000000</in_Quantity.quantity><out_Quantity.quantity>425.189657</out_Quantity.quantity></Point><Point><position>3035</position><in_Quantity.quantity>0.000000</in_Quantity.quantity><out_Quantity.quantity>118.052117</out_Quantity.quantity></Point><Point><position>3036</position><in_Quantity.quantity>0.000000</in_Quantity.quantity><out_Quantity.quantity>999.423076</out_Quantity.quantity></Point><Point><position>3037</position><in_Quantity.quantity>0.000000</in_Quantity.quantity><out_Quantity.quantity>12.136453</out_Quantity.quantity></Point><Point><position>3038</position><in_Quantity.quantity>0.000000</in_Quantity.quantity><out_Quantity.quantity>338.202594</out_Quantity.quantity></Point><Point><position>3039</position><in_Quantity.quantity>0.000000</in_Quantity.quantity><out_Quantity.quantity>263.989336</out_Quantity.quantity></Point><Point><position>3040</position><in_Quantity.quantity>0.000000</in_Quantity.quantity><out_Quantity.quantity>145.614008</out_Quantity.quantity></Point><Point><position>3041</position><in_Quantity.quantity>0.000000</in_Quantity.quantity><out_Quantity.quantity>117.754921</out_Quantity.quantity></Point><Point><position>3042</position><in_Quantity.quantity>0.000000</in_Quantity.quantity><out_Quantity.quantity>285.839622</out_Quantity.quantity></Point><Point><position>3043</position><in_Quantity.quantity>0.000000</in_Quantity.quantity><out_Quantity.quantity>640.741209</out_Quantity.quantity></Point><Point><position>3044</position><in_Quantity.quantity>0.000000</in_Quantity.quantity><out_Quantity.quantity>336.373067</out_Quantity.quantity></Point><Point><position>3045</position><in_Quantity.quantity>0.000000</in_Quantity.quantity><out_Quantity.quantity>188.060640</out_Quantity.quantity></Point><Point><position>3046</position><in_Quantity.quantity>0.000000</in_Quantity.quantity><out_Quantity.quantity>109.454627</out_Quantity.quantity></Point><Point><position>3047</position><in_Quantity.quantity>0.000000</in_Quantity.quantity><out_Quantity.quantity>116.956032</out_Quantity.quantity></Point><Point><position>3048</position><in_Quantity.quantity>0.000000</in_Quantity.quantity><out_Quantity.quantity>955.305504</out_Quantity.quantity></Point><Point><position>3049</position><in_Quantity.quantity>0.000000</in_Quantity.quantity><out_Quantity.quantity>456.344183</out_Quantity.quantity></Point><Point><position>3050</position><in_Quantity.quantity>0.000000</in_Quantity.quantity><out_Quantity.quantity>843.980736</out_Quantity.quantity></Point><Point><position>3051</position><in_Quantity.quantity>0.000000</in_Quantity.quantity><out_Quantity.quantity>186.060928</out_Quantity.quantity></Point><Point><position>3052</position><in_Quantity.quantity>0.000000</in_Quantity.quantity><out_Quantity.quantity>330.144944</out_Quantity.quantity></Point><Point><position>3053</position><in_Quantity.quantity>0.000000</in_Quantity.quantity><out_Quantity.quantity>280.780205</out_Quantity.quantity></Point><Point><position>3054</position><in_Quantity.quantity>0.000000</in_Quantity.quantity><out_Quantity.quantity>929.584805</out_Quantity.quantity></Point><Point><position>3055</position><in_Quantity.quantity>0.000000</in_Quantity.quantity><out_Quantity.quantity>905.077833</out_Quantity.quantity></Point><Point><position>3056</position><in_Quantity.quantity>0.000000</in_Quantity.quantity><out_Quantity.quantity>378.932554</out_Quantity.quantity></Point><Point><position>3057</position><in_Quantity.quantity>0.000000</in_Quantity.quantity><out_Quantity.quantity>397.364013</out_Quantity.quantity></Point><Point><position>3058</position><in_Quantity.quantity>0.000000</in_Quantity.quantity><out_Quantity.quantity>204.793045</out_Quantity.quantity></Point><Point><position>3059</position><in_Quantity.quantity>0.000000</in_Quantity.quantity><out_Quantity.quantity>951.911826</out_Quantity.quantity></Point><Point><position>3060</position><in_Quantity.quantity>0.000000</in_Quantity.quantity><out_Quantity.quantity>189.860176</out_Quantity.quantity></Point><Point><position>3061</position><in_Quantity.quantity>0.000000</in_Quantity.quantity><out_Quantity.quantity>406.108380</out_Quantity.quantity></Point><Point><position>3062</position><in_Quantity.quantity>0.000000</in_Quantity.quantity><out_Quantity.quantity>568.971747</out_Quantity.quantity></Point><Point><position>3063</position><in_Quantity.quantity>0.000000</in_Quantity.quantity><out_Quantity.quantity>764.713889</out_Quantity.quantity></Point><Point><position>3064</position><in_Quantity.quantity>0.000000</in_Quantity.quantity><out_Quantity.quantity>613.908701</out_Quantity.quantity></Point><Point><position>3065</position><in_Quantity.quantity>0.000000</in_Quantity.quantity><out_Quantity.quantity>215.762779</out_Quantity.quantity></Point><Point><position>3066</position><in_Quantity.quantity>0.000000</in_Quantity.quantity><out_Quantity.quantity>995.534076</out_Quantity.quantity></Point><Point><position>3067</position><in_Quantity.quantity>0.000000</in_Quantity.quantity><out_Quantity.quantity>291.711527</out_Quantity.quantity></Point><Point><position>3068</position><in_Quantity.quantity>0.000000</in_Quantity.quantity><out_Quantity.quantity>922.935267</out_Quantity.quantity></Point><Point><position>3069</position><in_Quantity.quantity>0.000000</in_Quantity.quantity><out_Quantity.quantity>123.775194</out_Quantity.quantity></Point><Point><position>3070</position><in_Quantity.quantity>0.000000</in_Quantity.quantity><out_Quantity.quantity>960.724145</out_Quantity.quantity></Point><Point><position>3071</position><in_Quantity.quantity>0.000000</in_Quantity.quantity><out_Quantity.quantity>68.881807</out_Quantity.quantity></Point><Point><position>3072</position><in_Quantity.quantity>0.000000</in_Quantity.quantity><out_Quantity.quantity>815.866644</out_Quantity.quantity></Point><Point><position>3073</position><in_Quantity.quantity>0.000000</in_Quantity.quantity><out_Quantity.quantity>159.529556</out_Quantity.quantity></Point><Point><position>3074</position><in_Quantity.quantity>0.000000</in_Quantity.quantity><out_Quantity.quantity>859.232325</out_Quantity.quantity></Point><Point><position>3075</position><in_Quantity.quantity>0.000000</in_Quantity.quantity><out_Quantity.quantity>343.565293</out_Quantity.quantity></Point><Point><position>3076</position><in_Quantity.quantity>0.000000</in_Quantity.quantity><out_Quantity.quantity>914.208955</out_Quantity.quantity></Point><Point><position>3077</position><in_Quantity.quantity>0.000000</in_Quantity.quantity><out_Quantity.quantity>370.274402</out_Quantity.quantity></Point><Point><position>3078</position><in_Quantity.quantity>0.000000</in_Quantity.quantity><out_Quantity.quantity>259.160207</out_Quantity.quantity></Point><Point><position>3079</position><in_Quantity.quantity>0.000000</in_Quantity.quantity><out_Quantity.quantity>139.961843</out_Quantity.quantity></Point><Point><position>3080</position><in_Quantity.quantity>0.000000</in_Quantity.quantity><out_Quantity.quantity>846.403706</out_Quantity.quantity></Point><Point><position>3081</position><in_Quantity.quantity>0.000000</in_Quantity.quantity><out_Quantity.quantity>388.906967</out_Quantity.quantity></Point><Point><position>3082</position><in_Quantity.quantity>0.000000</in_Quantity.quantity><out_Quantity.quantity>214.134445</out_Quantity.quantity></Point><Point><position>3083</position><in_Quantity.quantity>0.000000</in_Quantity.quantity><out_Quantity.quantity>653.953526</out_Quantity.quantity></Point><Point><position>3084</position><in_Quantity.quantity>0.000000</in_Quantity.quantity><out_Quantity.quantity>997.842083</out_Quantity.quantity></Point><Point><position>3085</position><in_Quantity.quantity>0.000000</in_Quantity.quantity><out_Quantity.quantity>610.143175</out_Quantity.quantity></Point><Point><position>3086</position><in_Quantity.quantity>0.000000</in_Quantity.quantity><out_Quantity.quantity>565.722169</out_Quantity.quantity></Point><Point><position>3087</position><in_Quantity.quantity>0.000000</in_Quantity.quantity><out_Quantity.quantity>566.448287</out_Quantity.quantity></Point><Point><position>3088</position><in_Quantity.quantity>0.000000</in_Quantity.quantity><out_Quantity.quantity>109.622813</out_Quantity.quantity></Point><Point><position>3089</position><in_Quantity.quantity>0.000000</in_Quantity.quantity><out_Quantity.quantity>124.308854</out_Quantity.quantity></Point><Point><position>3090</position><in_Quantity.quantity>0.000000</in_Quantity.quantity><out_Quantity.quantity>309.651415</out_Quantity.quantity></Point><Point><position>3091</position><in_Quantity.quantity>0.000000</in_Quantity.quantity><out_Quantity.quantity>915.118617</out_Quantity.quantity></Point><Point><position>3092</position><in_Quantity.quantity>0.000000</in_Quantity.quantity><out_Quantity.quantity>162.989686</out_Quantity.quantity></Point><Point><position>3093</position><in_Quantity.quantity>0.000000</in_Quantity.quantity><out_Quantity.quantity>883.882367</out_Quantity.quantity></Point><Point><position>3094</position><in_Quantity.quantity>0.000000</in_Quantity.quantity><out_Quantity.quantity>996.336500</out_Quantity.quantity></Point><Point><position>3095</position><in_Quantity.quantity>0.000000</in_Quantity.quantity><out_Quantity.quantity>629.222671</out_Quantity.quantity></Point><Point><position>3096</position><in_Quantity.quantity>0.000000</in_Quantity.quantity><out_Quantity.quantity>830.409255</out_Quantity.quantity></Point><Point><position>3097</position><in_Quantity.quantity>0.000000</in_Quantity.quantity><out_Quantity.quantity>278.174624</out_Quantity.quantity></Point><Point><position>3098</position><in_Quantity.quantity>0.000000</in_Quantity.quantity><out_Quantity.quantity>59.485516</out_Quantity.quantity></Point><Point><position>3099</position><in_Quantity.quantity>0.000000</in_Quantity.quantity><out_Quantity.quantity>699.532039</out_Quantity.quantity></Point><Point><position>3100</position><in_Quantity.quantity>0.000000</in_Quantity.quantity><out_Quantity.quantity>27.719840</out_Quantity.quantity></Point><Point><position>3101</position><in_Quantity.quantity>0.000000</in_Quantity.quantity><out_Quantity.quantity>97.869571</out_Quantity.quantity></Point><Point><position>3102</position><in_Quantity.quantity>0.000000</in_Quantity.quantity><out_Quantity.quantity>351.919229</out_Quantity.quantity></Point><Point><position>3103</position><in_Quantity.quantity>0.000000</in_Quantity.quantity><out_Quantity.quantity>477.121871</out_Quantity.quantity></Point><Point><position>3104</position><in_Quantity.quantity>0.000000</in_Quantity.quantity><out_Quantity.quantity>222.145284</out_Quantity.quantity></Point><Point><position>3105</position><in_Quantity.quantity>0.000000</in_Quantity.quantity><out_Quantity.quantity>906.217537</out_Quantity.quantity></Point><Point><position>3106</position><in_Quantity.quantity>0.000000</in_Quantity.quantity><out_Quantity.quantity>468.099481</out_Quantity.quantity></Point><Point><position>3107</position><in_Quantity.quantity>0.000000</in_Quantity.quantity><out_Quantity.quantity>658.633777</out_Quantity.quantity></Point><Point><position>3108</position><in_Quantity.quantity>0.000000</in_Quantity.quantity><out_Quantity.quantity>141.486632</out_Quantity.quantity></Point><Point><position>3109</position><in_Quantity.quantity>0.000000</in_Quantity.quantity><out_Quantity.quantity>651.938062</out_Quantity.quantity></Point><Point><position>3110</position><in_Quantity.quantity>0.000000</in_Quantity.quantity><out_Quantity.quantity>199.307603</out_Quantity.quantity></Point><Point><position>3111</position><in_Quantity.quantity>0.000000</in_Quantity.quantity><out_Quantity.quantity>421.954106</out_Quantity.quantity></Point><Point><position>3112</position><in_Quantity.quantity>0.000000</in_Quantity.quantity><out_Quantity.quantity>12.204820</out_Quantity.quantity></Point><Point><position>3113</position><in_Quantity.quantity>0.000000</in_Quantity.quantity><out_Quantity.quantity>272.976805</out_Quantity.quantity></Point><Point><position>3114</position><in_Quantity.quantity>0.000000</in_Quantity.quantity><out_Quantity.quantity>47.495548</out_Quantity.quantity></Point><Point><position>3115</position><in_Quantity.quantity>0.000000</in_Quantity.quantity><out_Quantity.quantity>67.180264</out_Quantity.quantity></Point><Point><position>3116</position><in_Quantity.quantity>0.000000</in_Quantity.quantity><out_Quantity.quantity>861.512513</out_Quantity.quantity></Point><Point><position>3117</position><in_Quantity.quantity>0.000000</in_Quantity.quantity><out_Quantity.quantity>0.253932</out_Quantity.quantity></Point><Point><position>3118</position><in_Quantity.quantity>0.000000</in_Quantity.quantity><out_Quantity.quantity>40.769368</out_Quantity.quantity></Point><Point><position>3119</position><in_Quantity.quantity>0.000000</in_Quantity.quantity><out_Quantity.quantity>239.986019</out_Quantity.quantity></Point><Point><position>3120</position><in_Quantity.quantity>0.000000</in_Quantity.quantity><out_Quantity.quantity>891.561634</out_Quantity.quantity></Point><Point><position>3121</position><in_Quantity.quantity>0.000000</in_Quantity.quantity><out_Quantity.quantity>438.558135</out_Quantity.quantity></Point><Point><position>3122</position><in_Quantity.quantity>0.000000</in_Quantity.quantity><out_Quantity.quantity>379.308678</out_Quantity.quantity></Point><Point><position>3123</position><in_Quantity.quantity>0.000000</in_Quantity.quantity><out_Quantity.quantity>766.362908</out_Quantity.quantity></Point><Point><position>3124</position><in_Quantity.quantity>0.000000</in_Quantity.quantity><out_Quantity.quantity>275.192562</out_Quantity.quantity></Point><Point><position>3125</position><in_Quantity.quantity>0.000000</in_Quantity.quantity><out_Quantity.quantity>773.078478</out_Quantity.quantity></Point><Point><position>3126</position><in_Quantity.quantity>0.000000</in_Quantity.quantity><out_Quantity.quantity>347.660141</out_Quantity.quantity></Point><Point><position>3127</position><in_Quantity.quantity>0.000000</in_Quantity.quantity><out_Quantity.quantity>758.879987</out_Quantity.quantity></Point><Point><position>3128</position><in_Quantity.quantity>0.000000</in_Quantity.quantity><out_Quantity.quantity>594.667470</out_Quantity.quantity></Point><Point><position>3129</position><in_Quantity.quantity>0.000000</in_Quantity.quantity><out_Quantity.quantity>898.413321</out_Quantity.quantity></Point><Point><position>3130</position><in_Quantity.quantity>0.000000</in_Quantity.quantity><out_Quantity.quantity>365.730735</out_Quantity.quantity></Point><Point><position>3131</position><in_Quantity.quantity>0.000000</in_Quantity.quantity><out_Quantity.quantity>218.770745</out_Quantity.quantity></Point><Point><position>3132</position><in_Quantity.quantity>0.000000</in_Quantity.quantity><out_Quantity.quantity>563.503555</out_Quantity.quantity></Point><Point><position>3133</position><in_Quantity.quantity>0.000000</in_Quantity.quantity><out_Quantity.quantity>54.787067</out_Quantity.quantity></Point><Point><position>3134</position><in_Quantity.quantity>0.000000</in_Quantity.quantity><out_Quantity.quantity>796.276587</out_Quantity.quantity></Point><Point><position>3135</position><in_Quantity.quantity>0.000000</in_Quantity.quantity><out_Quantity.quantity>764.665865</out_Quantity.quantity></Point><Point><position>3136</position><in_Quantity.quantity>0.000000</in_Quantity.quantity><out_Quantity.quantity>369.527342</out_Quantity.quantity></Point><Point><position>3137</position><in_Quantity.quantity>0.000000</in_Quantity.quantity><out_Quantity.quantity>453.640433</out_Quantity.quantity></Point><Point><position>3138</position><in_Quantity.quantity>0.000000</in_Quantity.quantity><out_Quantity.quantity>777.919770</out_Quantity.quantity></Point><Point><position>3139</position><in_Quantity.quantity>0.000000</in_Quantity.quantity><out_Quantity.quantity>975.061513</out_Quantity.quantity></Point><Point><position>3140</position><in_Quantity.quantity>0.000000</in_Quantity.quantity><out_Quantity.quantity>840.295240</out_Quantity.quantity></Point><Point><position>3141</position><in_Quantity.quantity>0.000000</in_Quantity.quantity><out_Quantity.quantity>573.301045</out_Quantity.quantity></Point><Point><position>3142</position><in_Quantity.quantity>0.000000</in_Quantity.quantity><out_Quantity.quantity>722.995150</out_Quantity.quantity></Point><Point><position>3143</position><in_Quantity.quantity>0.000000</in_Quantity.quantity><out_Quantity.quantity>296.059351</out_Quantity.quantity></Point><Point><position>3144</position><in_Quantity.quantity>0.000000</in_Quantity.quantity><out_Quantity.quantity>178.439448</out_Quantity.quantity></Point><Point><position>3145</position><in_Quantity.quantity>0.000000</in_Quantity.quantity><out_Quantity.quantity>761.855543</out_Quantity.quantity></Point><Point><position>3146</position><in_Quantity.quantity>0.000000</in_Quantity.quantity><out_Quantity.quantity>304.757117</out_Quantity.quantity></Point><Point><position>3147</position><in_Quantity.quantity>0.000000</in_Quantity.quantity><out_Quantity.quantity>590.715654</out_Quantity.quantity></Point><Point><position>3148</position><in_Quantity.quantity>0.000000</in_Quantity.quantity><out_Quantity.quantity>492.738052</out_Quantity.quantity></Point><Point><position>3149</position><in_Quantity.quantity>0.000000</in_Quantity.quantity><out_Quantity.quantity>215.444595</out_Quantity.quantity></Point><Point><position>3150</position><in_Quantity.quantity>0.000000</in_Quantity.quantity><out_Quantity.quantity>877.101266</out_Quantity.quantity></Point><Point><position>3151</position><in_Quantity.quantity>0.000000</in_Quantity.quantity><out_Quantity.quantity>745.609093</out_Quantity.quantity></Point><Point><position>3152</position><in_Quantity.quantity>0.000000</in_Quantity.quantity><out_Quantity.quantity>990.169062</out_Quantity.quantity></Point><Point><position>3153</position><in_Quantity.quantity>0.000000</in_Quantity.quantity><out_Quantity.quantity>590.985781</out_Quantity.quantity></Point><Point><position>3154</position><in_Quantity.quantity>0.000000</in_Quantity.quantity><out_Quantity.quantity>822.545566</out_Quantity.quantity></Point><Point><position>3155</position><in_Quantity.quantity>0.000000</in_Quantity.quantity><out_Quantity.quantity>626.861628</out_Quantity.quantity></Point><Point><position>3156</position><in_Quantity.quantity>0.000000</in_Quantity.quantity><out_Quantity.quantity>871.612370</out_Quantity.quantity></Point><Point><position>3157</position><in_Quantity.quantity>0.000000</in_Quantity.quantity><out_Quantity.quantity>579.119284</out_Quantity.quantity></Point><Point><position>3158</position><in_Quantity.quantity>0.000000</in_Quantity.quantity><out_Quantity.quantity>326.407736</out_Quantity.quantity></Point><Point><position>3159</position><in_Quantity.quantity>0.000000</in_Quantity.quantity><out_Quantity.quantity>405.213421</out_Quantity.quantity></Point><Point><position>3160</position><in_Quantity.quantity>0.000000</in_Quantity.quantity><out_Quantity.quantity>921.514882</out_Quantity.quantity></Point><Point><position>3161</position><in_Quantity.quantity>0.000000</in_Quantity.quantity><out_Quantity.quantity>244.387835</out_Quantity.quantity></Point><Point><position>3162</position><in_Quantity.quantity>0.000000</in_Quantity.quantity><out_Quantity.quantity>352.325629</out_Quantity.quantity></Point><Point><position>3163</position><in_Quantity.quantity>0.000000</in_Quantity.quantity><out_Quantity.quantity>29.005100</out_Quantity.quantity></Point><Point><position>3164</position><in_Quantity.quantity>0.000000</in_Quantity.quantity><out_Quantity.quantity>199.450054</out_Quantity.quantity></Point><Point><position>3165</position><in_Quantity.quantity>0.000000</in_Quantity.quantity><out_Quantity.quantity>439.936435</out_Quantity.quantity></Point><Point><position>3166</position><in_Quantity.quantity>0.000000</in_Quantity.quantity><out_Quantity.quantity>819.183531</out_Quantity.quantity></Point><Point><position>3167</position><in_Quantity.quantity>0.000000</in_Quantity.quantity><out_Quantity.quantity>567.293331</out_Quantity.quantity></Point><Point><position>3168</position><in_Quantity.quantity>0.000000</in_Quantity.quantity><out_Quantity.quantity>840.044347</out_Quantity.quantity></Point><Point><position>3169</position><in_Quantity.quantity>0.000000</in_Quantity.quantity><out_Quantity.quantity>503.382502</out_Quantity.quantity></Point><Point><position>3170</position><in_Quantity.quantity>0.000000</in_Quantity.quantity><out_Quantity.quantity>26.792537</out_Quantity.quantity></Point><Point><position>3171</position><in_Quantity.quantity>0.000000</in_Quantity.quantity><out_Quantity.quantity>205.964321</out_Quantity.quantity></Point><Point><position>3172</position><in_Quantity.quantity>0.000000</in_Quantity.quantity><out_Quantity.quantity>865.208893</out_Quantity.quantity></Point><Point><position>3173</position><in_Quantity.quantity>0.000000</in_Quantity.quantity><out_Quantity.quantity>883.191082</out_Quantity.quantity></Point><Point><position>3174</position><in_Quantity.quantity>0.000000</in_Quantity.quantity><out_Quantity.quantity>398.350177</out_Quantity.quantity></Point><Point><position>3175</position><in_Quantity.quantity>0.000000</in_Quantity.quantity><out_Quantity.quantity>847.820236</out_Quantity.quantity></Point><Point><position>3176</position><in_Quantity.quantity>0.000000</in_Quantity.quantity><out_Quantity.quantity>926.475809</out_Quantity.quantity></Point><Point><position>3177</position><in_Quantity.quantity>0.000000</in_Quantity.quantity><out_Quantity.quantity>801.608889</out_Quantity.quantity></Point><Point><position>3178</position><in_Quantity.quantity>0.000000</in_Quantity.quantity><out_Quantity.quantity>658.748313</out_Quantity.quantity></Point><Point><position>3179</position><in_Quantity.quantity>0.000000</in_Quantity.quantity><out_Quantity.quantity>508.449291</out_Quantity.quantity></Point><Point><position>3180</position><in_Quantity.quantity>0.000000</in_Quantity.quantity><out_Quantity.quantity>103.378444</out_Quantity.quantity></Point><Point><position>3181</position><in_Quantity.quantity>0.000000</in_Quantity.quantity><out_Quantity.quantity>760.598683</out_Quantity.quantity></Point><Point><position>3182</position><in_Quantity.quantity>0.000000</in_Quantity.quantity><out_Quantity.quantity>259.213829</out_Quantity.quantity></Point><Point><position>3183</position><in_Quantity.quantity>0.000000</in_Quantity.quantity><out_Quantity.quantity>835.012939</out_Quantity.quantity></Point><Point><position>3184</position><in_Quantity.quantity>0.000000</in_Quantity.quantity><out_Quantity.quantity>267.889136</out_Quantity.quantity></Point><Point><position>3185</position><in_Quantity.quantity>0.000000</in_Quantity.quantity><out_Quantity.quantity>909.256744</out_Quantity.quantity></Point><Point><position>3186</position><in_Quantity.quantity>0.000000</in_Quantity.quantity><out_Quantity.quantity>992.053351</out_Quantity.quantity></Point><Point><position>3187</position><in_Quantity.quantity>0.000000</in_Quantity.quantity><out_Quantity.quantity>993.668250</out_Quantity.quantity></Point><Point><position>3188</position><in_Quantity.quantity>0.000000</in_Quantity.quantity><out_Quantity.quantity>936.801396</out_Quantity.quantity></Point><Point><position>3189</position><in_Quantity.quantity>0.000000</in_Quantity.quantity><out_Quantity.quantity>442.120019</out_Quantity.quantity></Point><Point><position>3190</position><in_Quantity.quantity>0.000000</in_Quantity.quantity><out_Quantity.quantity>417.963931</out_Quantity.quantity></Point><Point><position>3191</position><in_Quantity.quantity>0.000000</in_Quantity.quantity><out_Quantity.quantity>209.512960</out_Quantity.quantity></Point><Point><position>3192</position><in_Quantity.quantity>0.000000</in_Quantity.quantity><out_Quantity.quantity>334.867437</out_Quantity.quantity></Point><Point><position>3193</position><in_Quantity.quantity>0.000000</in_Quantity.quantity><out_Quantity.quantity>187.454540</out_Quantity.quantity></Point><Point><position>3194</position><in_Quantity.quantity>0.000000</in_Quantity.quantity><out_Quantity.quantity>429.679310</out_Quantity.quantity></Point><Point><position>3195</position><in_Quantity.quantity>0.000000</in_Quantity.quantity><out_Quantity.quantity>679.815277</out_Quantity.quantity></Point><Point><position>3196</position><in_Quantity.quantity>0.000000</in_Quantity.quantity><out_Quantity.quantity>75.178276</out_Quantity.quantity></Point><Point><position>3197</position><in_Quantity.quantity>0.000000</in_Quantity.quantity><out_Quantity.quantity>254.682803</out_Quantity.quantity></Point><Point><position>3198</position><in_Quantity.quantity>0.000000</in_Quantity.quantity><out_Quantity.quantity>291.138403</out_Quantity.quantity></Point><Point><position>3199</position><in_Quantity.quantity>0.000000</in_Quantity.quantity><out_Quantity.quantity>510.049382</out_Quantity.quantity></Point><Point><position>3200</position><in_Quantity.quantity>0.000000</in_Quantity.quantity><out_Quantity.quantity>495.476582</out_Quantity.quantity></Point><Point><position>3201</position><in_Quantity.quantity>0.000000</in_Quantity.quantity><out_Quantity.quantity>258.213576</out_Quantity.quantity></Point><Point><position>3202</position><in_Quantity.quantity>0.000000</in_Quantity.quantity><out_Quantity.quantity>521.641874</out_Quantity.quantity></Point><Point><position>3203</position><in_Quantity.quantity>0.000000</in_Quantity.quantity><out_Quantity.quantity>629.901587</out_Quantity.quantity></Point><Point><position>3204</position><in_Quantity.quantity>0.000000</in_Quantity.quantity><out_Quantity.quantity>955.864896</out_Quantity.quantity></Point><Point><position>3205</position><in_Quantity.quantity>0.000000</in_Quantity.quantity><out_Quantity.quantity>306.409875</out_Quantity.quantity></Point><Point><position>3206</position><in_Quantity.quantity>0.000000</in_Quantity.quantity><out_Quantity.quantity>798.332141</out_Quantity.quantity></Point><Point><position>3207</position><in_Quantity.quantity>0.000000</in_Quantity.quantity><out_Quantity.quantity>415.481518</out_Quantity.quantity></Point><Point><position>3208</position><in_Quantity.quantity>0.000000</in_Quantity.quantity><out_Quantity.quantity>682.545647</out_Quantity.quantity></Point><Point><position>3209</position><in_Quantity.quantity>0.000000</in_Quantity.quantity><out_Quantity.quantity>41.643539</out_Quantity.quantity></Point><Point><position>3210</position><in_Quantity.quantity>0.000000</in_Quantity.quantity><out_Quantity.quantity>772.360540</out_Quantity.quantity></Point><Point><position>3211</position><in_Quantity.quantity>0.000000</in_Quantity.quantity><out_Quantity.quantity>935.267969</out_Quantity.quantity></Point><Point><position>3212</position><in_Quantity.quantity>0.000000</in_Quantity.quantity><out_Quantity.quantity>195.320334</out_Quantity.quantity></Point><Point><position>3213</position><in_Quantity.quantity>0.000000</in_Quantity.quantity><out_Quantity.quantity>973.070682</out_Quantity.quantity></Point><Point><position>3214</position><in_Quantity.quantity>0.000000</in_Quantity.quantity><out_Quantity.quantity>636.044732</out_Quantity.quantity></Point><Point><position>3215</position><in_Quantity.quantity>0.000000</in_Quantity.quantity><out_Quantity.quantity>615.425127</out_Quantity.quantity></Point><Point><position>3216</position><in_Quantity.quantity>0.000000</in_Quantity.quantity><out_Quantity.quantity>961.783076</out_Quantity.quantity></Point><Point><position>3217</position><in_Quantity.quantity>0.000000</in_Quantity.quantity><out_Quantity.quantity>747.622674</out_Quantity.quantity></Point><Point><position>3218</position><in_Quantity.quantity>0.000000</in_Quantity.quantity><out_Quantity.quantity>293.801919</out_Quantity.quantity></Point><Point><position>3219</position><in_Quantity.quantity>0.000000</in_Quantity.quantity><out_Quantity.quantity>722.201902</out_Quantity.quantity></Point><Point><position>3220</position><in_Quantity.quantity>0.000000</in_Quantity.quantity><out_Quantity.quantity>91.951965</out_Quantity.quantity></Point><Point><position>3221</position><in_Quantity.quantity>0.000000</in_Quantity.quantity><out_Quantity.quantity>849.753194</out_Quantity.quantity></Point><Point><position>3222</position><in_Quantity.quantity>0.000000</in_Quantity.quantity><out_Quantity.quantity>308.248895</out_Quantity.quantity></Point><Point><position>3223</position><in_Quantity.quantity>0.000000</in_Quantity.quantity><out_Quantity.quantity>229.458901</out_Quantity.quantity></Point><Point><position>3224</position><in_Quantity.quantity>0.000000</in_Quantity.quantity><out_Quantity.quantity>471.947850</out_Quantity.quantity></Point><Point><position>3225</position><in_Quantity.quantity>0.000000</in_Quantity.quantity><out_Quantity.quantity>3.652887</out_Quantity.quantity></Point><Point><position>3226</position><in_Quantity.quantity>0.000000</in_Quantity.quantity><out_Quantity.quantity>430.663745</out_Quantity.quantity></Point><Point><position>3227</position><in_Quantity.quantity>0.000000</in_Quantity.quantity><out_Quantity.quantity>814.948280</out_Quantity.quantity></Point><Point><position>3228</position><in_Quantity.quantity>0.000000</in_Quantity.quantity><out_Quantity.quantity>426.077093</out_Quantity.quantity></Point><Point><position>3229</position><in_Quantity.quantity>0.000000</in_Quantity.quantity><out_Quantity.quantity>831.105469</out_Quantity.quantity></Point><Point><position>3230</position><in_Quantity.quantity>0.000000</in_Quantity.quantity><out_Quantity.quantity>264.005600</out_Quantity.quantity></Point><Point><position>3231</position><in_Quantity.quantity>0.000000</in_Quantity.quantity><out_Quantity.quantity>411.865061</out_Quantity.quantity></Point><Point><position>3232</position><in_Quantity.quantity>0.000000</in_Quantity.quantity><out_Quantity.quantity>363.160292</out_Quantity.quantity></Point><Point><position>3233</position><in_Quantity.quantity>0.000000</in_Quantity.quantity><out_Quantity.quantity>163.812947</out_Quantity.quantity></Point><Point><position>3234</position><in_Quantity.quantity>0.000000</in_Quantity.quantity><out_Quantity.quantity>935.348819</out_Quantity.quantity></Point><Point><position>3235</position><in_Quantity.quantity>0.000000</in_Quantity.quantity><out_Quantity.quantity>59.256899</out_Quantity.quantity></Point><Point><position>3236</position><in_Quantity.quantity>0.000000</in_Quantity.quantity><out_Quantity.quantity>762.540457</out_Quantity.quantity></Point><Point><position>3237</position><in_Quantity.quantity>0.000000</in_Quantity.quantity><out_Quantity.quantity>412.232220</out_Quantity.quantity></Point><Point><position>3238</position><in_Quantity.quantity>0.000000</in_Quantity.quantity><out_Quantity.quantity>253.188689</out_Quantity.quantity></Point><Point><position>3239</position><in_Quantity.quantity>0.000000</in_Quantity.quantity><out_Quantity.quantity>102.468343</out_Quantity.quantity></Point><Point><position>3240</position><in_Quantity.quantity>0.000000</in_Quantity.quantity><out_Quantity.quantity>957.386285</out_Quantity.quantity></Point><Point><position>3241</position><in_Quantity.quantity>0.000000</in_Quantity.quantity><out_Quantity.quantity>362.314154</out_Quantity.quantity></Point><Point><position>3242</position><in_Quantity.quantity>0.000000</in_Quantity.quantity><out_Quantity.quantity>351.962141</out_Quantity.quantity></Point><Point><position>3243</position><in_Quantity.quantity>0.000000</in_Quantity.quantity><out_Quantity.quantity>945.070184</out_Quantity.quantity></Point><Point><position>3244</position><in_Quantity.quantity>0.000000</in_Quantity.quantity><out_Quantity.quantity>500.330100</out_Quantity.quantity></Point><Point><position>3245</position><in_Quantity.quantity>0.000000</in_Quantity.quantity><out_Quantity.quantity>840.104684</out_Quantity.quantity></Point><Point><position>3246</position><in_Quantity.quantity>0.000000</in_Quantity.quantity><out_Quantity.quantity>235.129516</out_Quantity.quantity></Point><Point><position>3247</position><in_Quantity.quantity>0.000000</in_Quantity.quantity><out_Quantity.quantity>363.915327</out_Quantity.quantity></Point><Point><position>3248</position><in_Quantity.quantity>0.000000</in_Quantity.quantity><out_Quantity.quantity>433.852156</out_Quantity.quantity></Point><Point><position>3249</position><in_Quantity.quantity>0.000000</in_Quantity.quantity><out_Quantity.quantity>571.670524</out_Quantity.quantity></Point><Point><position>3250</position><in_Quantity.quantity>0.000000</in_Quantity.quantity><out_Quantity.quantity>723.004289</out_Quantity.quantity></Point><Point><position>3251</position><in_Quantity.quantity>0.000000</in_Quantity.quantity><out_Quantity.quantity>158.320781</out_Quantity.quantity></Point><Point><position>3252</position><in_Quantity.quantity>0.000000</in_Quantity.quantity><out_Quantity.quantity>618.255104</out_Quantity.quantity></Point><Point><position>3253</position><in_Quantity.quantity>0.000000</in_Quantity.quantity><out_Quantity.quantity>695.106080</out_Quantity.quantity></Point><Point><position>3254</position><in_Quantity.quantity>0.000000</in_Quantity.quantity><out_Quantity.quantity>172.116574</out_Quantity.quantity></Point><Point><position>3255</position><in_Quantity.quantity>0.000000</in_Quantity.quantity><out_Quantity.quantity>258.545769</out_Quantity.quantity></Point><Point><position>3256</position><in_Quantity.quantity>0.000000</in_Quantity.quantity><out_Quantity.quantity>709.887594</out_Quantity.quantity></Point><Point><position>3257</position><in_Quantity.quantity>0.000000</in_Quantity.quantity><out_Quantity.quantity>509.783367</out_Quantity.quantity></Point><Point><position>3258</position><in_Quantity.quantity>0.000000</in_Quantity.quantity><out_Quantity.quantity>495.916992</out_Quantity.quantity></Point><Point><position>3259</position><in_Quantity.quantity>0.000000</in_Quantity.quantity><out_Quantity.quantity>930.566483</out_Quantity.quantity></Point><Point><position>3260</position><in_Quantity.quantity>0.000000</in_Quantity.quantity><out_Quantity.quantity>971.161784</out_Quantity.quantity></Point><Point><position>3261</position><in_Quantity.quantity>0.000000</in_Quantity.quantity><out_Quantity.quantity>899.173282</out_Quantity.quantity></Point><Point><position>3262</position><in_Quantity.quantity>0.000000</in_Quantity.quantity><out_Quantity.quantity>550.556764</out_Quantity.quantity></Point><Point><position>3263</position><in_Quantity.quantity>0.000000</in_Quantity.quantity><out_Quantity.quantity>756.109737</out_Quantity.quantity></Point><Point><position>3264</position><in_Quantity.quantity>0.000000</in_Quantity.quantity><out_Quantity.quantity>661.555759</out_Quantity.quantity></Point><Point><position>3265</position><in_Quantity.quantity>0.000000</in_Quantity.quantity><out_Quantity.quantity>74.691141</out_Quantity.quantity></Point><Point><position>3266</position><in_Quantity.quantity>0.000000</in_Quantity.quantity><out_Quantity.quantity>32.172207</out_Quantity.quantity></Point><Point><position>3267</position><in_Quantity.quantity>0.000000</in_Quantity.quantity><out_Quantity.quantity>958.306113</out_Quantity.quantity></Point><Point><position>3268</position><in_Quantity.quantity>0.000000</in_Quantity.quantity><out_Quantity.quantity>123.851539</out_Quantity.quantity></Point><Point><position>3269</position><in_Quantity.quantity>0.000000</in_Quantity.quantity><out_Quantity.quantity>832.304008</out_Quantity.quantity></Point><Point><position>3270</position><in_Quantity.quantity>0.000000</in_Quantity.quantity><out_Quantity.quantity>272.409016</out_Quantity.quantity></Point><Point><position>3271</position><in_Quantity.quantity>0.000000</in_Quantity.quantity><out_Quantity.quantity>58.694259</out_Quantity.quantity></Point><Point><position>3272</position><in_Quantity.quantity>0.000000</in_Quantity.quantity><out_Quantity.quantity>577.867285</out_Quantity.quantity></Point><Point><position>3273</position><in_Quantity.quantity>0.000000</in_Quantity.quantity><out_Quantity.quantity>496.519670</out_Quantity.quantity></Point><Point><position>3274</position><in_Quantity.quantity>0.000000</in_Quantity.quantity><out_Quantity.quantity>972.986003</out_Quantity.quantity></Point><Point><position>3275</position><in_Quantity.quantity>0.000000</in_Quantity.quantity><out_Quantity.quantity>553.374867</out_Quantity.quantity></Point><Point><position>3276</position><in_Quantity.quantity>0.000000</in_Quantity.quantity><out_Quantity.quantity>839.035875</out_Quantity.quantity></Point><Point><position>3277</position><in_Quantity.quantity>0.000000</in_Quantity.quantity><out_Quantity.quantity>404.379931</out_Quantity.quantity></Point><Point><position>3278</position><in_Quantity.quantity>0.000000</in_Quantity.quantity><out_Quantity.quantity>842.257370</out_Quantity.quantity></Point><Point><position>3279</position><in_Quantity.quantity>0.000000</in_Quantity.quantity><out_Quantity.quantity>652.272156</out_Quantity.quantity></Point><Point><position>3280</position><in_Quantity.quantity>0.000000</in_Quantity.quantity><out_Quantity.quantity>124.325646</out_Quantity.quantity></Point><Point><position>3281</position><in_Quantity.quantity>0.000000</in_Quantity.quantity><out_Quantity.quantity>819.820803</out_Quantity.quantity></Point><Point><position>3282</position><in_Quantity.quantity>0.000000</in_Quantity.quantity><out_Quantity.quantity>812.590092</out_Quantity.quantity></Point><Point><position>3283</position><in_Quantity.quantity>0.000000</in_Quantity.quantity><out_Quantity.quantity>854.991581</out_Quantity.quantity></Point><Point><position>3284</position><in_Quantity.quantity>0.000000</in_Quantity.quantity><out_Quantity.quantity>822.811277</out_Quantity.quantity></Point><Point><position>3285</position><in_Quantity.quantity>0.000000</in_Quantity.quantity><out_Quantity.quantity>520.638926</out_Quantity.quantity></Point><Point><position>3286</position><in_Quantity.quantity>0.000000</in_Quantity.quantity><out_Quantity.quantity>732.380341</out_Quantity.quantity></Point><Point><position>3287</position><in_Quantity.quantity>0.000000</in_Quantity.quantity><out_Quantity.quantity>498.094829</out_Quantity.quantity></Point><Point><position>3288</position><in_Quantity.quantity>0.000000</in_Quantity.quantity><out_Quantity.quantity>735.260710</out_Quantity.quantity></Point><Point><position>3289</position><in_Quantity.quantity>0.000000</in_Quantity.quantity><out_Quantity.quantity>703.919033</out_Quantity.quantity></Point><Point><position>3290</position><in_Quantity.quantity>0.000000</in_Quantity.quantity><out_Quantity.quantity>789.751035</out_Quantity.quantity></Point><Point><position>3291</position><in_Quantity.quantity>0.000000</in_Quantity.quantity><out_Quantity.quantity>585.816320</out_Quantity.quantity></Point><Point><position>3292</position><in_Quantity.quantity>0.000000</in_Quantity.quantity><out_Quantity.quantity>365.507105</out_Quantity.quantity></Point><Point><position>3293</position><in_Quantity.quantity>0.000000</in_Quantity.quantity><out_Quantity.quantity>833.081517</out_Quantity.quantity></Point><Point><position>3294</position><in_Quantity.quantity>0.000000</in_Quantity.quantity><out_Quantity.quantity>876.781675</out_Quantity.quantity></Point><Point><position>3295</position><in_Quantity.quantity>0.000000</in_Quantity.quantity><out_Quantity.quantity>849.683452</out_Quantity.quantity></Point><Point><position>3296</position><in_Quantity.quantity>0.000000</in_Quantity.quantity><out_Quantity.quantity>240.358054</out_Quantity.quantity></Point><Point><position>3297</position><in_Quantity.quantity>0.000000</in_Quantity.quantity><out_Quantity.quantity>317.201227</out_Quantity.quantity></Point><Point><position>3298</position><in_Quantity.quantity>0.000000</in_Quantity.quantity><out_Quantity.quantity>383.201062</out_Quantity.quantity></Point><Point><position>3299</position><in_Quantity.quantity>0.000000</in_Quantity.quantity><out_Quantity.quantity>972.383248</out_Quantity.quantity></Point><Point><position>3300</position><in_Quantity.quantity>0.000000</in_Quantity.quantity><out_Quantity.quantity>829.168721</out_Quantity.quantity></Point><Point><position>3301</position><in_Quantity.quantity>0.000000</in_Quantity.quantity><out_Quantity.quantity>229.625229</out_Quantity.quantity></Point><Point><position>3302</position><in_Quantity.quantity>0.000000</in_Quantity.quantity><out_Quantity.quantity>698.702889</out_Quantity.quantity></Point><Point><position>3303</position><in_Quantity.quantity>0.000000</in_Quantity.quantity><out_Quantity.quantity>721.322728</out_Quantity.quantity></Point><Point><position>3304</position><in_Quantity.quantity>0.000000</in_Quantity.quantity><out_Quantity.quantity>665.862654</out_Quantity.quantity></Point><Point><position>3305</position><in_Quantity.quantity>0.000000</in_Quantity.quantity><out_Quantity.quantity>982.317250</out_Quantity.quantity></Point><Point><position>3306</position><in_Quantity.quantity>0.000000</in_Quantity.quantity><out_Quantity.quantity>455.848884</out_Quantity.quantity></Point><Point><position>3307</position><in_Quantity.quantity>0.000000</in_Quantity.quantity><out_Quantity.quantity>658.910043</out_Quantity.quantity></Point><Point><position>3308</position><in_Quantity.quantity>0.000000</in_Quantity.quantity><out_Quantity.quantity>947.375186</out_Quantity.quantity></Point><Point><position>3309</position><in_Quantity.quantity>0.000000</in_Quantity.quantity><out_Quantity.quantity>868.433375</out_Quantity.quantity></Point><Point><position>3310</position><in_Quantity.quantity>0.000000</in_Quantity.quantity><out_Quantity.quantity>236.357203</out_Quantity.quantity></Point><Point><position>3311</position><in_Quantity.quantity>0.000000</in_Quantity.quantity><out_Quantity.quantity>668.901614</out_Quantity.quantity></Point><Point><position>3312</position><in_Quantity.quantity>0.000000</in_Quantity.quantity><out_Quantity.quantity>297.478348</out_Quantity.quantity></Point><Point><position>3313</position><in_Quantity.quantity>0.000000</in_Quantity.quantity><out_Quantity.quantity>534.612166</out_Quantity.quantity></Point><Point><position>3314</position><in_Quantity.quantity>0.000000</in_Quantity.quantity><out_Quantity.quantity>200.304856</out_Quantity.quantity></Point><Point><position>3315</position><in_Quantity.quantity>0.000000</in_Quantity.quantity><out_Quantity.quantity>648.257316</out_Quantity.quantity></Point><Point><position>3316</position><in_Quantity.quantity>0.000000</in_Quantity.quantity><out_Quantity.quantity>372.627243</out_Quantity.quantity></Point><Point><position>3317</position><in_Quantity.quantity>0.000000</in_Quantity.quantity><out_Quantity.quantity>940.187986</out_Quantity.quantity></Point><Point><position>3318</position><in_Quantity.quantity>0.000000</in_Quantity.quantity><out_Quantity.quantity>141.146586</out_Quantity.quantity></Point><Point><position>3319</position><in_Quantity.quantity>0.000000</in_Quantity.quantity><out_Quantity.quantity>660.379993</out_Quantity.quantity></Point><Point><position>3320</position><in_Quantity.quantity>0.000000</in_Quantity.quantity><out_Quantity.quantity>136.279755</out_Quantity.quantity></Point><Point><position>3321</position><in_Quantity.quantity>0.000000</in_Quantity.quantity><out_Quantity.quantity>940.099229</out_Quantity.quantity></Point><Point><position>3322</position><in_Quantity.quantity>0.000000</in_Quantity.quantity><out_Quantity.quantity>778.221429</out_Quantity.quantity></Point><Point><position>3323</position><in_Quantity.quantity>0.000000</in_Quantity.quantity><out_Quantity.quantity>745.241059</out_Quantity.quantity></Point><Point><position>3324</position><in_Quantity.quantity>0.000000</in_Quantity.quantity><out_Quantity.quantity>507.213466</out_Quantity.quantity></Point><Point><position>3325</position><in_Quantity.quantity>0.000000</in_Quantity.quantity><out_Quantity.quantity>902.657495</out_Quantity.quantity></Point><Point><position>3326</position><in_Quantity.quantity>0.000000</in_Quantity.quantity><out_Quantity.quantity>262.583481</out_Quantity.quantity></Point><Point><position>3327</position><in_Quantity.quantity>0.000000</in_Quantity.quantity><out_Quantity.quantity>758.058313</out_Quantity.quantity></Point><Point><position>3328</position><in_Quantity.quantity>0.000000</in_Quantity.quantity><out_Quantity.quantity>669.191716</out_Quantity.quantity></Point><Point><position>3329</position><in_Quantity.quantity>0.000000</in_Quantity.quantity><out_Quantity.quantity>174.986141</out_Quantity.quantity></Point><Point><position>3330</position><in_Quantity.quantity>0.000000</in_Quantity.quantity><out_Quantity.quantity>122.680026</out_Quantity.quantity></Point><Point><position>3331</position><in_Quantity.quantity>0.000000</in_Quantity.quantity><out_Quantity.quantity>692.610071</out_Quantity.quantity></Point><Point><position>3332</position><in_Quantity.quantity>0.000000</in_Quantity.quantity><out_Quantity.quantity>478.468622</out_Quantity.quantity></Point><Point><position>3333</position><in_Quantity.quantity>0.000000</in_Quantity.quantity><out_Quantity.quantity>281.532123</out_Quantity.quantity></Point><Point><position>3334</position><in_Quantity.quantity>0.000000</in_Quantity.quantity><out_Quantity.quantity>413.546875</out_Quantity.quantity></Point><Point><position>3335</position><in_Quantity.quantity>0.000000</in_Quantity.quantity><out_Quantity.quantity>930.200453</out_Quantity.quantity></Point><Point><position>3336</position><in_Quantity.quantity>0.000000</in_Quantity.quantity><out_Quantity.quantity>212.880930</out_Quantity.quantity></Point><Point><position>3337</position><in_Quantity.quantity>0.000000</in_Quantity.quantity><out_Quantity.quantity>23.160298</out_Quantity.quantity></Point><Point><position>3338</position><in_Quantity.quantity>0.000000</in_Quantity.quantity><out_Quantity.quantity>773.058277</out_Quantity.quantity></Point><Point><position>3339</position><in_Quantity.quantity>0.000000</in_Quantity.quantity><out_Quantity.quantity>942.291155</out_Quantity.quantity></Point><Point><position>3340</position><in_Quantity.quantity>0.000000</in_Quantity.quantity><out_Quantity.quantity>101.144529</out_Quantity.quantity></Point><Point><position>3341</position><in_Quantity.quantity>0.000000</in_Quantity.quantity><out_Quantity.quantity>113.908370</out_Quantity.quantity></Point><Point><position>3342</position><in_Quantity.quantity>0.000000</in_Quantity.quantity><out_Quantity.quantity>899.919580</out_Quantity.quantity></Point><Point><position>3343</position><in_Quantity.quantity>0.000000</in_Quantity.quantity><out_Quantity.quantity>956.096286</out_Quantity.quantity></Point><Point><position>3344</position><in_Quantity.quantity>0.000000</in_Quantity.quantity><out_Quantity.quantity>857.429820</out_Quantity.quantity></Point><Point><position>3345</position><in_Quantity.quantity>0.000000</in_Quantity.quantity><out_Quantity.quantity>387.530812</out_Quantity.quantity></Point><Point><position>3346</position><in_Quantity.quantity>0.000000</in_Quantity.quantity><out_Quantity.quantity>989.905212</out_Quantity.quantity></Point><Point><position>3347</position><in_Quantity.quantity>0.000000</in_Quantity.quantity><out_Quantity.quantity>767.505751</out_Quantity.quantity></Point><Point><position>3348</position><in_Quantity.quantity>0.000000</in_Quantity.quantity><out_Quantity.quantity>346.278799</out_Quantity.quantity></Point><Point><position>3349</position><in_Quantity.quantity>0.000000</in_Quantity.quantity><out_Quantity.quantity>249.043518</out_Quantity.quantity></Point><Point><position>3350</position><in_Quantity.quantity>0.000000</in_Quantity.quantity><out_Quantity.quantity>798.690104</out_Quantity.quantity></Point><Point><position>3351</position><in_Quantity.quantity>0.000000</in_Quantity.quantity><out_Quantity.quantity>876.462854</out_Quantity.quantity></Point><Point><position>3352</position><in_Quantity.quantity>0.000000</in_Quantity.quantity><out_Quantity.quantity>921.778569</out_Quantity.quantity></Point><Point><position>3353</position><in_Quantity.quantity>0.000000</in_Quantity.quantity><out_Quantity.quantity>888.768920</out_Quantity.quantity></Point><Point><position>3354</position><in_Quantity.quantity>0.000000</in_Quantity.quantity><out_Quantity.quantity>352.479830</out_Quantity.quantity></Point><Point><position>3355</position><in_Quantity.quantity>0.000000</in_Quantity.quantity><out_Quantity.quantity>3.604594</out_Quantity.quantity></Point><Point><position>3356</position><in_Quantity.quantity>0.000000</in_Quantity.quantity><out_Quantity.quantity>675.577296</out_Quantity.quantity></Point><Point><position>3357</position><in_Quantity.quantity>0.000000</in_Quantity.quantity><out_Quantity.quantity>702.258065</out_Quantity.quantity></Point><Point><position>3358</position><in_Quantity.quantity>0.000000</in_Quantity.quantity><out_Quantity.quantity>886.784917</out_Quantity.quantity></Point><Point><position>3359</position><in_Quantity.quantity>0.000000</in_Quantity.quantity><out_Quantity.quantity>385.050636</out_Quantity.quantity></Point><Point><position>3360</position><in_Quantity.quantity>0.000000</in_Quantity.quantity><out_Quantity.quantity>877.880575</out_Quantity.quantity></Point><Point><position>3361</position><in_Quantity.quantity>0.000000</in_Quantity.quantity><out_Quantity.quantity>405.699592</out_Quantity.quantity></Point><Point><position>3362</position><in_Quantity.quantity>0.000000</in_Quantity.quantity><out_Quantity.quantity>363.637077</out_Quantity.quantity></Point><Point><position>3363</position><in_Quantity.quantity>0.000000</in_Quantity.quantity><out_Quantity.quantity>377.588364</out_Quantity.quantity></Point><Point><position>3364</position><in_Quantity.quantity>0.000000</in_Quantity.quantity><out_Quantity.quantity>776.537933</out_Quantity.quantity></Point><Point><position>3365</position><in_Quantity.quantity>0.000000</in_Quantity.quantity><out_Quantity.quantity>702.415390</out_Quantity.quantity></Point><Point><position>3366</position><in_Quantity.quantity>0.000000</in_Quantity.quantity><out_Quantity.quantity>840.228520</out_Quantity.quantity></Point><Point><position>3367</position><in_Quantity.quantity>0.000000</in_Quantity.quantity><out_Quantity.quantity>432.769642</out_Quantity.quantity></Point><Point><position>3368</position><in_Quantity.quantity>0.000000</in_Quantity.quantity><out_Quantity.quantity>484.513676</out_Quantity.quantity></Point><Point><position>3369</position><in_Quantity.quantity>0.000000</in_Quantity.quantity><out_Quantity.quantity>308.467004</out_Quantity.quantity></Point><Point><position>3370</position><in_Quantity.quantity>0.000000</in_Quantity.quantity><out_Quantity.quantity>908.516298</out_Quantity.quantity></Point><Point><position>3371</position><in_Quantity.quantity>0.000000</in_Quantity.quantity><out_Quantity.quantity>986.062339</out_Quantity.quantity></Point><Point><position>3372</position><in_Quantity.quantity>0.000000</in_Quantity.quantity><out_Quantity.quantity>450.888876</out_Quantity.quantity></Point><Point><position>3373</position><in_Quantity.quantity>0.000000</in_Quantity.quantity><out_Quantity.quantity>329.572391</out_Quantity.quantity></Point><Point><position>3374</position><in_Quantity.quantity>0.000000</in_Quantity.quantity><out_Quantity.quantity>288.855642</out_Quantity.quantity></Point><Point><position>3375</position><in_Quantity.quantity>0.000000</in_Quantity.quantity><out_Quantity.quantity>52.461945</out_Quantity.quantity></Point><Point><position>3376</position><in_Quantity.quantity>0.000000</in_Quantity.quantity><out_Quantity.quantity>390.793258</out_Quantity.quantity></Point><Point><position>3377</position><in_Quantity.quantity>0.000000</in_Quantity.quantity><out_Quantity.quantity>398.050892</out_Quantity.quantity></Point><Point><position>3378</position><in_Quantity.quantity>0.000000</in_Quantity.quantity><out_Quantity.quantity>288.322243</out_Quantity.quantity></Point><Point><position>3379</position><in_Quantity.quantity>0.000000</in_Quantity.quantity><out_Quantity.quantity>684.333807</out_Quantity.quantity></Point><Point><position>3380</position><in_Quantity.quantity>0.000000</in_Quantity.quantity><out_Quantity.quantity>895.869121</out_Quantity.quantity></Point><Point><position>3381</position><in_Quantity.quantity>0.000000</in_Quantity.quantity><out_Quantity.quantity>943.186336</out_Quantity.quantity></Point><Point><position>3382</position><in_Quantity.quantity>0.000000</in_Quantity.quantity><out_Quantity.quantity>377.027405</out_Quantity.quantity></Point><Point><position>3383</position><in_Quantity.quantity>0.000000</in_Quantity.quantity><out_Quantity.quantity>535.102006</out_Quantity.quantity></Point><Point><position>3384</position><in_Quantity.quantity>0.000000</in_Quantity.quantity><out_Quantity.quantity>459.011021</out_Quantity.quantity></Point><Point><position>3385</position><in_Quantity.quantity>0.000000</in_Quantity.quantity><out_Quantity.quantity>822.795225</out_Quantity.quantity></Point><Point><position>3386</position><in_Quantity.quantity>0.000000</in_Quantity.quantity><out_Quantity.quantity>381.824784</out_Quantity.quantity></Point><Point><position>3387</position><in_Quantity.quantity>0.000000</in_Quantity.quantity><out_Quantity.quantity>998.495477</out_Quantity.quantity></Point><Point><position>3388</position><in_Quantity.quantity>0.000000</in_Quantity.quantity><out_Quantity.quantity>515.215880</out_Quantity.quantity></Point><Point><position>3389</position><in_Quantity.quantity>0.000000</in_Quantity.quantity><out_Quantity.quantity>859.830209</out_Quantity.quantity></Point><Point><position>3390</position><in_Quantity.quantity>0.000000</in_Quantity.quantity><out_Quantity.quantity>980.676144</out_Quantity.quantity></Point><Point><position>3391</position><in_Quantity.quantity>0.000000</in_Quantity.quantity><out_Quantity.quantity>320.836099</out_Quantity.quantity></Point><Point><position>3392</position><in_Quantity.quantity>0.000000</in_Quantity.quantity><out_Quantity.quantity>475.451223</out_Quantity.quantity></Point><Point><position>3393</position><in_Quantity.quantity>0.000000</in_Quantity.quantity><out_Quantity.quantity>246.738738</out_Quantity.quantity></Point><Point><position>3394</position><in_Quantity.quantity>0.000000</in_Quantity.quantity><out_Quantity.quantity>747.534867</out_Quantity.quantity></Point><Point><position>3395</position><in_Quantity.quantity>0.000000</in_Quantity.quantity><out_Quantity.quantity>390.512263</out_Quantity.quantity></Point><Point><position>3396</position><in_Quantity.quantity>0.000000</in_Quantity.quantity><out_Quantity.quantity>877.965452</out_Quantity.quantity></Point><Point><position>3397</position><in_Quantity.quantity>0.000000</in_Quantity.quantity><out_Quantity.quantity>148.061865</out_Quantity.quantity></Point><Point><position>3398</position><in_Quantity.quantity>0.000000</in_Quantity.quantity><out_Quantity.quantity>985.062269</out_Quantity.quantity></Point><Point><position>3399</position><in_Quantity.quantity>0.000000</in_Quantity.quantity><out_Quantity.quantity>376.849768</out_Quantity.quantity></Point><Point><position>3400</position><in_Quantity.quantity>0.000000</in_Quantity.quantity><out_Quantity.quantity>373.709856</out_Quantity.quantity></Point><Point><position>3401</position><in_Quantity.quantity>0.000000</in_Quantity.quantity><out_Quantity.quantity>401.461652</out_Quantity.quantity></Point><Point><position>3402</position><in_Quantity.quantity>0.000000</in_Quantity.quantity><out_Quantity.quantity>984.771895</out_Quantity.quantity></Point><Point><position>3403</position><in_Quantity.quantity>0.000000</in_Quantity.quantity><out_Quantity.quantity>563.044001</out_Quantity.quantity></Point><Point><position>3404</position><in_Quantity.quantity>0.000000</in_Quantity.quantity><out_Quantity.quantity>724.302686</out_Quantity.quantity></Point><Point><position>3405</position><in_Quantity.quantity>0.000000</in_Quantity.quantity><out_Quantity.quantity>192.646946</out_Quantity.quantity></Point><Point><position>3406</position><in_Quantity.quantity>0.000000</in_Quantity.quantity><out_Quantity.quantity>278.672870</out_Quantity.quantity></Point><Point><position>3407</position><in_Quantity.quantity>0.000000</in_Quantity.quantity><out_Quantity.quantity>875.424391</out_Quantity.quantity></Point><Point><position>3408</position><in_Quantity.quantity>0.000000</in_Quantity.quantity><out_Quantity.quantity>368.350444</out_Quantity.quantity></Point><Point><position>3409</position><in_Quantity.quantity>0.000000</in_Quantity.quantity><out_Quantity.quantity>87.778868</out_Quantity.quantity></Point><Point><position>3410</position><in_Quantity.quantity>0.000000</in_Quantity.quantity><out_Quantity.quantity>262.178812</out_Quantity.quantity></Point><Point><position>3411</position><in_Quantity.quantity>0.000000</in_Quantity.quantity><out_Quantity.quantity>943.446389</out_Quantity.quantity></Point><Point><position>3412</position><in_Quantity.quantity>0.000000</in_Quantity.quantity><out_Quantity.quantity>911.649254</out_Quantity.quantity></Point><Point><position>3413</position><in_Quantity.quantity>0.000000</in_Quantity.quantity><out_Quantity.quantity>54.040547</out_Quantity.quantity></Point><Point><position>3414</position><in_Quantity.quantity>0.000000</in_Quantity.quantity><out_Quantity.quantity>893.336499</out_Quantity.quantity></Point><Point><position>3415</position><in_Quantity.quantity>0.000000</in_Quantity.quantity><out_Quantity.quantity>581.480140</out_Quantity.quantity></Point><Point><position>3416</position><in_Quantity.quantity>0.000000</in_Quantity.quantity><out_Quantity.quantity>519.784274</out_Quantity.quantity></Point><Point><position>3417</position><in_Quantity.quantity>0.000000</in_Quantity.quantity><out_Quantity.quantity>184.214114</out_Quantity.quantity></Point><Point><position>3418</position><in_Quantity.quantity>0.000000</in_Quantity.quantity><out_Quantity.quantity>594.156711</out_Quantity.quantity></Point><Point><position>3419</position><in_Quantity.quantity>0.000000</in_Quantity.quantity><out_Quantity.quantity>525.953030</out_Quantity.quantity></Point><Point><position>3420</position><in_Quantity.quantity>0.000000</in_Quantity.quantity><out_Quantity.quantity>96.048355</out_Quantity.quantity></Point><Point><position>3421</position><in_Quantity.quantity>0.000000</in_Quantity.quantity><out_Quantity.quantity>212.947289</out_Quantity.quantity></Point><Point><position>3422</position><in_Quantity.quantity>0.000000</in_Quantity.quantity><out_Quantity.quantity>691.579031</out_Quantity.quantity></Point><Point><position>3423</position><in_Quantity.quantity>0.000000</in_Quantity.quantity><out_Quantity.quantity>610.474109</out_Quantity.quantity></Point><Point><position>3424</position><in_Quantity.quantity>0.000000</in_Quantity.quantity><out_Quantity.quantity>578.672145</out_Quantity.quantity></Point><Point><position>3425</position><in_Quantity.quantity>0.000000</in_Quantity.quantity><out_Quantity.quantity>798.762065</out_Quantity.quantity></Point><Point><position>3426</position><in_Quantity.quantity>0.000000</in_Quantity.quantity><out_Quantity.quantity>973.100138</out_Quantity.quantity></Point><Point><position>3427</position><in_Quantity.quantity>0.000000</in_Quantity.quantity><out_Quantity.quantity>203.898020</out_Quantity.quantity></Point><Point><position>3428</position><in_Quantity.quantity>0.000000</in_Quantity.quantity><out_Quantity.quantity>444.181750</out_Quantity.quantity></Point><Point><position>3429</position><in_Quantity.quantity>0.000000</in_Quantity.quantity><out_Quantity.quantity>736.430654</out_Quantity.quantity></Point><Point><position>3430</position><in_Quantity.quantity>0.000000</in_Quantity.quantity><out_Quantity.quantity>388.402994</out_Quantity.quantity></Point><Point><position>3431</position><in_Quantity.quantity>0.000000</in_Quantity.quantity><out_Quantity.quantity>442.146886</out_Quantity.quantity></Point><Point><position>3432</position><in_Quantity.quantity>0.000000</in_Quantity.quantity><out_Quantity.quantity>169.198158</out_Quantity.quantity></Point><Point><position>3433</position><in_Quantity.quantity>0.000000</in_Quantity.quantity><out_Quantity.quantity>245.431707</out_Quantity.quantity></Point><Point><position>3434</position><in_Quantity.quantity>0.000000</in_Quantity.quantity><out_Quantity.quantity>596.143646</out_Quantity.quantity></Point><Point><position>3435</position><in_Quantity.quantity>0.000000</in_Quantity.quantity><out_Quantity.quantity>320.079044</out_Quantity.quantity></Point><Point><position>3436</position><in_Quantity.quantity>0.000000</in_Quantity.quantity><out_Quantity.quantity>998.482625</out_Quantity.quantity></Point><Point><position>3437</position><in_Quantity.quantity>0.000000</in_Quantity.quantity><out_Quantity.quantity>868.231391</out_Quantity.quantity></Point><Point><position>3438</position><in_Quantity.quantity>0.000000</in_Quantity.quantity><out_Quantity.quantity>34.972041</out_Quantity.quantity></Point><Point><position>3439</position><in_Quantity.quantity>0.000000</in_Quantity.quantity><out_Quantity.quantity>237.728005</out_Quantity.quantity></Point><Point><position>3440</position><in_Quantity.quantity>0.000000</in_Quantity.quantity><out_Quantity.quantity>258.793232</out_Quantity.quantity></Point><Point><position>3441</position><in_Quantity.quantity>0.000000</in_Quantity.quantity><out_Quantity.quantity>917.535117</out_Quantity.quantity></Point><Point><position>3442</position><in_Quantity.quantity>0.000000</in_Quantity.quantity><out_Quantity.quantity>22.082488</out_Quantity.quantity></Point><Point><position>3443</position><in_Quantity.quantity>0.000000</in_Quantity.quantity><out_Quantity.quantity>320.625144</out_Quantity.quantity></Point><Point><position>3444</position><in_Quantity.quantity>0.000000</in_Quantity.quantity><out_Quantity.quantity>907.086955</out_Quantity.quantity></Point><Point><position>3445</position><in_Quantity.quantity>0.000000</in_Quantity.quantity><out_Quantity.quantity>406.044646</out_Quantity.quantity></Point><Point><position>3446</position><in_Quantity.quantity>0.000000</in_Quantity.quantity><out_Quantity.quantity>899.434886</out_Quantity.quantity></Point><Point><position>3447</position><in_Quantity.quantity>0.000000</in_Quantity.quantity><out_Quantity.quantity>871.190059</out_Quantity.quantity></Point><Point><position>3448</position><in_Quantity.quantity>0.000000</in_Quantity.quantity><out_Quantity.quantity>612.447532</out_Quantity.quantity></Point><Point><position>3449</position><in_Quantity.quantity>0.000000</in_Quantity.quantity><out_Quantity.quantity>202.210268</out_Quantity.quantity></Point><Point><position>3450</position><in_Quantity.quantity>0.000000</in_Quantity.quantity><out_Quantity.quantity>704.398061</out_Quantity.quantity></Point><Point><position>3451</position><in_Quantity.quantity>0.000000</in_Quantity.quantity><out_Quantity.quantity>544.131113</out_Quantity.quantity></Point><Point><position>3452</position><in_Quantity.quantity>0.000000</in_Quantity.quantity><out_Quantity.quantity>91.047151</out_Quantity.quantity></Point><Point><position>3453</position><in_Quantity.quantity>0.000000</in_Quantity.quantity><out_Quantity.quantity>836.614248</out_Quantity.quantity></Point><Point><position>3454</position><in_Quantity.quantity>0.000000</in_Quantity.quantity><out_Quantity.quantity>778.138396</out_Quantity.quantity></Point><Point><position>3455</position><in_Quantity.quantity>0.000000</in_Quantity.quantity><out_Quantity.quantity>59.255914</out_Quantity.quantity></Point><Point><position>3456</position><in_Quantity.quantity>0.000000</in_Quantity.quantity><out_Quantity.quantity>237.832393</out_Quantity.quantity></Point><Point><position>3457</position><in_Quantity.quantity>0.000000</in_Quantity.quantity><out_Quantity.quantity>464.034410</out_Quantity.quantity></Point><Point><position>3458</position><in_Quantity.quantity>0.000000</in_Quantity.quantity><out_Quantity.quantity>627.785452</out_Quantity.quantity></Point><Point><position>3459</position><in_Quantity.quantity>0.000000</in_Quantity.quantity><out_Quantity.quantity>265.879295</out_Quantity.quantity></Point><Point><position>3460</position><in_Quantity.quantity>0.000000</in_Quantity.quantity><out_Quantity.quantity>456.791521</out_Quantity.quantity></Point><Point><position>3461</position><in_Quantity.quantity>0.000000</in_Quantity.quantity><out_Quantity.quantity>352.999836</out_Quantity.quantity></Point><Point><position>3462</position><in_Quantity.quantity>0.000000</in_Quantity.quantity><out_Quantity.quantity>381.610500</out_Quantity.quantity></Point><Point><position>3463</position><in_Quantity.quantity>0.000000</in_Quantity.quantity><out_Quantity.quantity>516.125669</out_Quantity.quantity></Point><Point><position>3464</position><in_Quantity.quantity>0.000000</in_Quantity.quantity><out_Quantity.quantity>114.869402</out_Quantity.quantity></Point><Point><position>3465</position><in_Quantity.quantity>0.000000</in_Quantity.quantity><out_Quantity.quantity>400.671020</out_Quantity.quantity></Point><Point><position>3466</position><in_Quantity.quantity>0.000000</in_Quantity.quantity><out_Quantity.quantity>948.529354</out_Quantity.quantity></Point><Point><position>3467</position><in_Quantity.quantity>0.000000</in_Quantity.quantity><out_Quantity.quantity>241.565440</out_Quantity.quantity></Point><Point><position>3468</position><in_Quantity.quantity>0.000000</in_Quantity.quantity><out_Quantity.quantity>536.322166</out_Quantity.quantity></Point><Point><position>3469</position><in_Quantity.quantity>0.000000</in_Quantity.quantity><out_Quantity.quantity>894.201036</out_Quantity.quantity></Point><Point><position>3470</position><in_Quantity.quantity>0.000000</in_Quantity.quantity><out_Quantity.quantity>580.316619</out_Quantity.quantity></Point><Point><position>3471</position><in_Quantity.quantity>0.000000</in_Quantity.quantity><out_Quantity.quantity>823.579157</out_Quantity.quantity></Point><Point><position>3472</position><in_Quantity.quantity>0.000000</in_Quantity.quantity><out_Quantity.quantity>660.988274</out_Quantity.quantity></Point><Point><position>3473</position><in_Quantity.quantity>0.000000</in_Quantity.quantity><out_Quantity.quantity>391.575863</out_Quantity.quantity></Point><Point><position>3474</position><in_Quantity.quantity>0.000000</in_Quantity.quantity><out_Quantity.quantity>208.930032</out_Quantity.quantity></Point><Point><position>3475</position><in_Quantity.quantity>0.000000</in_Quantity.quantity><out_Quantity.quantity>61.946542</out_Quantity.quantity></Point><Point><position>3476</position><in_Quantity.quantity>0.000000</in_Quantity.quantity><out_Quantity.quantity>166.220850</out_Quantity.quantity></Point><Point><position>3477</position><in_Quantity.quantity>0.000000</in_Quantity.quantity><out_Quantity.quantity>591.100406</out_Quantity.quantity></Point><Point><position>3478</position><in_Quantity.quantity>0.000000</in_Quantity.quantity><out_Quantity.quantity>903.992185</out_Quantity.quantity></Point><Point><position>3479</position><in_Quantity.quantity>0.000000</in_Quantity.quantity><out_Quantity.quantity>725.275269</out_Quantity.quantity></Point><Point><position>3480</position><in_Quantity.quantity>0.000000</in_Quantity.quantity><out_Quantity.quantity>23.738658</out_Quantity.quantity></Point><Point><position>3481</position><in_Quantity.quantity>0.000000</in_Quantity.quantity><out_Quantity.quantity>552.310280</out_Quantity.quantity></Point><Point><position>3482</position><in_Quantity.quantity>0.000000</in_Quantity.quantity><out_Quantity.quantity>781.476080</out_Quantity.quantity></Point><Point><position>3483</position><in_Quantity.quantity>0.000000</in_Quantity.quantity><out_Quantity.quantity>308.290485</out_Quantity.quantity></Point><Point><position>3484</position><in_Quantity.quantity>0.000000</in_Quantity.quantity><out_Quantity.quantity>538.620471</out_Quantity.quantity></Point><Point><position>3485</position><in_Quantity.quantity>0.000000</in_Quantity.quantity><out_Quantity.quantity>660.388345</out_Quantity.quantity></Point><Point><position>3486</position><in_Quantity.quantity>0.000000</in_Quantity.quantity><out_Quantity.quantity>247.879993</out_Quantity.quantity></Point><Point><position>3487</position><in_Quantity.quantity>0.000000</in_Quantity.quantity><out_Quantity.quantity>149.789570</out_Quantity.quantity></Point><Point><position>3488</position><in_Quantity.quantity>0.000000</in_Quantity.quantity><out_Quantity.quantity>847.412782</out_Quantity.quantity></Point><Point><position>3489</position><in_Quantity.quantity>0.000000</in_Quantity.quantity><out_Quantity.quantity>989.625531</out_Quantity.quantity></Point><Point><position>3490</position><in_Quantity.quantity>0.000000</in_Quantity.quantity><out_Quantity.quantity>327.511339</out_Quantity.quantity></Point><Point><position>3491</position><in_Quantity.quantity>0.000000</in_Quantity.quantity><out_Quantity.quantity>512.806116</out_Quantity.quantity></Point><Point><position>3492</position><in_Quantity.quantity>0.000000</in_Quantity.quantity><out_Quantity.quantity>372.430326</out_Quantity.quantity></Point><Point><position>3493</position><in_Quantity.quantity>0.000000</in_Quantity.quantity><out_Quantity.quantity>940.470640</out_Quantity.quantity></Point><Point><position>3494</position><in_Quantity.quantity>0.000000</in_Quantity.quantity><out_Quantity.quantity>805.507555</out_Quantity.quantity></Point><Point><position>3495</position><in_Quantity.quantity>0.000000</in_Quantity.quantity><out_Quantity.quantity>87.132705</out_Quantity.quantity></Point><Point><position>3496</position><in_Quantity.quantity>0.000000</in_Quantity.quantity><out_Quantity.quantity>207.157396</out_Quantity.quantity></Point><Point><position>3497</position><in_Quantity.quantity>0.000000</in_Quantity.quantity><out_Quantity.quantity>291.652701</out_Quantity.quantity></Point><Point><position>3498</position><in_Quantity.quantity>0.000000</in_Quantity.quantity><out_Quantity.quantity>160.056075</out_Quantity.quantity></Point><Point><position>3499</position><in_Quantity.quantity>0.000000</in_Quantity.quantity><out_Quantity.quantity>151.635852</out_Quantity.quantity></Point><Point><position>3500</position><in_Quantity.quantity>0.000000</in_Quantity.quantity><out_Quantity.quantity>24.370495</out_Quantity.quantity></Point><Point><position>3501</position><in_Quantity.quantity>0.000000</in_Quantity.quantity><out_Quantity.quantity>907.192899</out_Quantity.quantity></Point><Point><position>3502</position><in_Quantity.quantity>0.000000</in_Quantity.quantity><out_Quantity.quantity>880.412417</out_Quantity.quantity></Point><Point><position>3503</position><in_Quantity.quantity>0.000000</in_Quantity.quantity><out_Quantity.quantity>614.575689</out_Quantity.quantity></Point><Point><position>3504</position><in_Quantity.quantity>0.000000</in_Quantity.quantity><out_Quantity.quantity>877.158329</out_Quantity.quantity></Point><Point><position>3505</position><in_Quantity.quantity>0.000000</in_Quantity.quantity><out_Quantity.quantity>254.495964</out_Quantity.quantity></Point><Point><position>3506</position><in_Quantity.quantity>0.000000</in_Quantity.quantity><out_Quantity.quantity>951.492611</out_Quantity.quantity></Point><Point><position>3507</position><in_Quantity.quantity>0.000000</in_Quantity.quantity><out_Quantity.quantity>450.120777</out_Quantity.quantity></Point><Point><position>3508</position><in_Quantity.quantity>0.000000</in_Quantity.quantity><out_Quantity.quantity>154.727581</out_Quantity.quantity></Point><Point><position>3509</position><in_Quantity.quantity>0.000000</in_Quantity.quantity><out_Quantity.quantity>820.766389</out_Quantity.quantity></Point><Point><position>3510</position><in_Quantity.quantity>0.000000</in_Quantity.quantity><out_Quantity.quantity>75.861904</out_Quantity.quantity></Point><Point><position>3511</position><in_Quantity.quantity>0.000000</in_Quantity.quantity><out_Quantity.quantity>62.685428</out_Quantity.quantity></Point><Point><position>3512</position><in_Quantity.quantity>0.000000</in_Quantity.quantity><out_Quantity.quantity>892.574276</out_Quantity.quantity></Point><Point><position>3513</position><in_Quantity.quantity>0.000000</in_Quantity.quantity><out_Quantity.quantity>881.995001</out_Quantity.quantity></Point><Point><position>3514</position><in_Quantity.quantity>0.000000</in_Quantity.quantity><out_Quantity.quantity>275.882785</out_Quantity.quantity></Point><Point><position>3515</position><in_Quantity.quantity>0.000000</in_Quantity.quantity><out_Quantity.quantity>250.833428</out_Quantity.quantity></Point><Point><position>3516</position><in_Quantity.quantity>0.000000</in_Quantity.quantity><out_Quantity.quantity>109.190882</out_Quantity.quantity></Point><Point><position>3517</position><in_Quantity.quantity>0.000000</in_Quantity.quantity><out_Quantity.quantity>122.847077</out_Quantity.quantity></Point><Point><position>3518</position><in_Quantity.quantity>0.000000</in_Quantity.quantity><out_Quantity.quantity>875.500734</out_Quantity.quantity></Point><Point><position>3519</position><in_Quantity.quantity>0.000000</in_Quantity.quantity><out_Quantity.quantity>994.573337</out_Quantity.quantity></Point><Point><position>3520</position><in_Quantity.quantity>0.000000</in_Quantity.quantity><out_Quantity.quantity>509.055212</out_Quantity.quantity></Point><Point><position>3521</position><in_Quantity.quantity>0.000000</in_Quantity.quantity><out_Quantity.quantity>536.370447</out_Quantity.quantity></Point><Point><position>3522</position><in_Quantity.quantity>0.000000</in_Quantity.quantity><out_Quantity.quantity>41.357915</out_Quantity.quantity></Point><Point><position>3523</position><in_Quantity.quantity>0.000000</in_Quantity.quantity><out_Quantity.quantity>961.469865</out_Quantity.quantity></Point><Point><position>3524</position><in_Quantity.quantity>0.000000</in_Quantity.quantity><out_Quantity.quantity>499.464139</out_Quantity.quantity></Point><Point><position>3525</position><in_Quantity.quantity>0.000000</in_Quantity.quantity><out_Quantity.quantity>238.223486</out_Quantity.quantity></Point><Point><position>3526</position><in_Quantity.quantity>0.000000</in_Quantity.quantity><out_Quantity.quantity>185.380544</out_Quantity.quantity></Point><Point><position>3527</position><in_Quantity.quantity>0.000000</in_Quantity.quantity><out_Quantity.quantity>146.264432</out_Quantity.quantity></Point><Point><position>3528</position><in_Quantity.quantity>0.000000</in_Quantity.quantity><out_Quantity.quantity>258.845305</out_Quantity.quantity></Point><Point><position>3529</position><in_Quantity.quantity>0.000000</in_Quantity.quantity><out_Quantity.quantity>468.509528</out_Quantity.quantity></Point><Point><position>3530</position><in_Quantity.quantity>0.000000</in_Quantity.quantity><out_Quantity.quantity>683.475081</out_Quantity.quantity></Point><Point><position>3531</position><in_Quantity.quantity>0.000000</in_Quantity.quantity><out_Quantity.quantity>638.325721</out_Quantity.quantity></Point><Point><position>3532</position><in_Quantity.quantity>0.000000</in_Quantity.quantity><out_Quantity.quantity>290.474570</out_Quantity.quantity></Point><Point><position>3533</position><in_Quantity.quantity>0.000000</in_Quantity.quantity><out_Quantity.quantity>987.607041</out_Quantity.quantity></Point><Point><position>3534</position><in_Quantity.quantity>0.000000</in_Quantity.quantity><out_Quantity.quantity>592.228708</out_Quantity.quantity></Point><Point><position>3535</position><in_Quantity.quantity>0.000000</in_Quantity.quantity><out_Quantity.quantity>299.581610</out_Quantity.quantity></Point><Point><position>3536</position><in_Quantity.quantity>0.000000</in_Quantity.quantity><out_Quantity.quantity>807.036983</out_Quantity.quantity></Point><Point><position>3537</position><in_Quantity.quantity>0.000000</in_Quantity.quantity><out_Quantity.quantity>439.306081</out_Quantity.quantity></Point><Point><position>3538</position><in_Quantity.quantity>0.000000</in_Quantity.quantity><out_Quantity.quantity>827.681383</out_Quantity.quantity></Point><Point><position>3539</position><in_Quantity.quantity>0.000000</in_Quantity.quantity><out_Quantity.quantity>223.369516</out_Quantity.quantity></Point><Point><position>3540</position><in_Quantity.quantity>0.000000</in_Quantity.quantity><out_Quantity.quantity>374.207323</out_Quantity.quantity></Point><Point><position>3541</position><in_Quantity.quantity>0.000000</in_Quantity.quantity><out_Quantity.quantity>980.880583</out_Quantity.quantity></Point><Point><position>3542</position><in_Quantity.quantity>0.000000</in_Quantity.quantity><out_Quantity.quantity>967.069607</out_Quantity.quantity></Point><Point><position>3543</position><in_Quantity.quantity>0.000000</in_Quantity.quantity><out_Quantity.quantity>468.451477</out_Quantity.quantity></Point><Point><position>3544</position><in_Quantity.quantity>0.000000</in_Quantity.quantity><out_Quantity.quantity>179.739935</out_Quantity.quantity></Point><Point><position>3545</position><in_Quantity.quantity>0.000000</in_Quantity.quantity><out_Quantity.quantity>336.619831</out_Quantity.quantity></Point><Point><position>3546</position><in_Quantity.quantity>0.000000</in_Quantity.quantity><out_Quantity.quantity>369.914965</out_Quantity.quantity></Point><Point><position>3547</position><in_Quantity.quantity>0.000000</in_Quantity.quantity><out_Quantity.quantity>103.192870</out_Quantity.quantity></Point><Point><position>3548</position><in_Quantity.quantity>0.000000</in_Quantity.quantity><out_Quantity.quantity>495.078955</out_Quantity.quantity></Point><Point><position>3549</position><in_Quantity.quantity>0.000000</in_Quantity.quantity><out_Quantity.quantity>183.949093</out_Quantity.quantity></Point><Point><position>3550</position><in_Quantity.quantity>0.000000</in_Quantity.quantity><out_Quantity.quantity>825.536425</out_Quantity.quantity></Point><Point><position>3551</position><in_Quantity.quantity>0.000000</in_Quantity.quantity><out_Quantity.quantity>831.929673</out_Quantity.quantity></Point><Point><position>3552</position><in_Quantity.quantity>0.000000</in_Quantity.quantity><out_Quantity.quantity>943.800849</out_Quantity.quantity></Point><Point><position>3553</position><in_Quantity.quantity>0.000000</in_Quantity.quantity><out_Quantity.quantity>3.773599</out_Quantity.quantity></Point><Point><position>3554</position><in_Quantity.quantity>0.000000</in_Quantity.quantity><out_Quantity.quantity>927.443219</out_Quantity.quantity></Point><Point><position>3555</position><in_Quantity.quantity>0.000000</in_Quantity.quantity><out_Quantity.quantity>302.994171</out_Quantity.quantity></Point><Point><position>3556</position><in_Quantity.quantity>0.000000</in_Quantity.quantity><out_Quantity.quantity>336.494623</out_Quantity.quantity></Point><Point><position>3557</position><in_Quantity.quantity>0.000000</in_Quantity.quantity><out_Quantity.quantity>956.626995</out_Quantity.quantity></Point><Point><position>3558</position><in_Quantity.quantity>0.000000</in_Quantity.quantity><out_Quantity.quantity>394.389297</out_Quantity.quantity></Point><Point><position>3559</position><in_Quantity.quantity>0.000000</in_Quantity.quantity><out_Quantity.quantity>773.979976</out_Quantity.quantity></Point><Point><position>3560</position><in_Quantity.quantity>0.000000</in_Quantity.quantity><out_Quantity.quantity>506.297077</out_Quantity.quantity></Point><Point><position>3561</position><in_Quantity.quantity>0.000000</in_Quantity.quantity><out_Quantity.quantity>375.972102</out_Quantity.quantity></Point><Point><position>3562</position><in_Quantity.quantity>0.000000</in_Quantity.quantity><out_Quantity.quantity>469.298882</out_Quantity.quantity></Point><Point><position>3563</position><in_Quantity.quantity>0.000000</in_Quantity.quantity><out_Quantity.quantity>535.471584</out_Quantity.quantity></Point><Point><position>3564</position><in_Quantity.quantity>0.000000</in_Quantity.quantity><out_Quantity.quantity>899.746590</out_Quantity.quantity></Point><Point><position>3565</position><in_Quantity.quantity>0.000000</in_Quantity.quantity><out_Quantity.quantity>499.599958</out_Quantity.quantity></Point><Point><position>3566</position><in_Quantity.quantity>0.000000</in_Quantity.quantity><out_Quantity.quantity>701.015323</out_Quantity.quantity></Point><Point><position>3567</position><in_Quantity.quantity>0.000000</in_Quantity.quantity><out_Quantity.quantity>849.322224</out_Quantity.quantity></Point><Point><position>3568</position><in_Quantity.quantity>0.000000</in_Quantity.quantity><out_Quantity.quantity>240.123042</out_Quantity.quantity></Point><Point><position>3569</position><in_Quantity.quantity>0.000000</in_Quantity.quantity><out_Quantity.quantity>506.855440</out_Quantity.quantity></Point><Point><position>3570</position><in_Quantity.quantity>0.000000</in_Quantity.quantity><out_Quantity.quantity>857.593516</out_Quantity.quantity></Point><Point><position>3571</position><in_Quantity.quantity>0.000000</in_Quantity.quantity><out_Quantity.quantity>452.481958</out_Quantity.quantity></Point><Point><position>3572</position><in_Quantity.quantity>0.000000</in_Quantity.quantity><out_Quantity.quantity>232.803191</out_Quantity.quantity></Point><Point><position>3573</position><in_Quantity.quantity>0.000000</in_Quantity.quantity><out_Quantity.quantity>442.063086</out_Quantity.quantity></Point><Point><position>3574</position><in_Quantity.quantity>0.000000</in_Quantity.quantity><out_Quantity.quantity>341.202015</out_Quantity.quantity></Point><Point><position>3575</position><in_Quantity.quantity>0.000000</in_Quantity.quantity><out_Quantity.quantity>759.391024</out_Quantity.quantity></Point><Point><position>3576</position><in_Quantity.quantity>0.000000</in_Quantity.quantity><out_Quantity.quantity>88.036048</out_Quantity.quantity></Point><Point><position>3577</position><in_Quantity.quantity>0.000000</in_Quantity.quantity><out_Quantity.quantity>424.730823</out_Quantity.quantity></Point><Point><position>3578</position><in_Quantity.quantity>0.000000</in_Quantity.quantity><out_Quantity.quantity>601.078869</out_Quantity.quantity></Point><Point><position>3579</position><in_Quantity.quantity>0.000000</in_Quantity.quantity><out_Quantity.quantity>128.768241</out_Quantity.quantity></Point><Point><position>3580</position><in_Quantity.quantity>0.000000</in_Quantity.quantity><out_Quantity.quantity>417.634149</out_Quantity.quantity></Point><Point><position>3581</position><in_Quantity.quantity>0.000000</in_Quantity.quantity><out_Quantity.quantity>738.142178</out_Quantity.quantity></Point><Point><position>3582</position><in_Quantity.quantity>0.000000</in_Quantity.quantity><out_Quantity.quantity>912.385586</out_Quantity.quantity></Point><Point><position>3583</position><in_Quantity.quantity>0.000000</in_Quantity.quantity><out_Quantity.quantity>628.066949</out_Quantity.quantity></Point><Point><position>3584</position><in_Quantity.quantity>0.000000</in_Quantity.quantity><out_Quantity.quantity>473.190814</out_Quantity.quantity></Point><Point><position>3585</position><in_Quantity.quantity>0.000000</in_Quantity.quantity><out_Quantity.quantity>644.818674</out_Quantity.quantity></Point><Point><position>3586</position><in_Quantity.quantity>0.000000</in_Quantity.quantity><out_Quantity.quantity>154.030232</out_Quantity.quantity></Point><Point><position>3587</position><in_Quantity.quantity>0.000000</in_Quantity.quantity><out_Quantity.quantity>483.644257</out_Quantity.quantity></Point><Point><position>3588</position><in_Quantity.quantity>0.000000</in_Quantity.quantity><out_Quantity.quantity>773.540245</out_Quantity.quantity></Point><Point><position>3589</position><in_Quantity.quantity>0.000000</in_Quantity.quantity><out_Quantity.quantity>175.700784</out_Quantity.quantity></Point><Point><position>3590</position><in_Quantity.quantity>0.000000</in_Quantity.quantity><out_Quantity.quantity>272.817113</out_Quantity.quantity></Point><Point><position>3591</position><in_Quantity.quantity>0.000000</in_Quantity.quantity><out_Quantity.quantity>770.312846</out_Quantity.quantity></Point><Point><position>3592</position><in_Quantity.quantity>0.000000</in_Quantity.quantity><out_Quantity.quantity>769.584951</out_Quantity.quantity></Point><Point><position>3593</position><in_Quantity.quantity>0.000000</in_Quantity.quantity><out_Quantity.quantity>492.170862</out_Quantity.quantity></Point><Point><position>3594</position><in_Quantity.quantity>0.000000</in_Quantity.quantity><out_Quantity.quantity>645.400377</out_Quantity.quantity></Point><Point><position>3595</position><in_Quantity.quantity>0.000000</in_Quantity.quantity><out_Quantity.quantity>564.898097</out_Quantity.quantity></Point><Point><position>3596</position><in_Quantity.quantity>0.000000</in_Quantity.quantity><out_Quantity.quantity>198.597802</out_Quantity.quantity></Point><Point><position>3597</position><in_Quantity.quantity>0.000000</in_Quantity.quantity><out_Quantity.quantity>243.690928</out_Quantity.quantity></Point><Point><position>3598</position><in_Quantity.quantity>0.000000</in_Quantity.quantity><out_Quantity.quantity>349.118343</out_Quantity.quantity></Point><Point><position>3599</position><in_Quantity.quantity>0.000000</in_Quantity.quantity><out_Quantity.quantity>383.420301</out_Quantity.quantity></Point><Point><position>3600</position><in_Quantity.quantity>0.000000</in_Quantity.quantity><out_Quantity.quantity>289.744034</out_Quantity.quantity></Point><Point><position>3601</position><in_Quantity.quantity>0.000000</in_Quantity.quantity><out_Quantity.quantity>743.195967</out_Quantity.quantity></Point><Point><position>3602</position><in_Quantity.quantity>0.000000</in_Quantity.quantity><out_Quantity.quantity>538.394571</out_Quantity.quantity></Point><Point><position>3603</position><in_Quantity.quantity>0.000000</in_Quantity.quantity><out_Quantity.quantity>217.459044</out_Quantity.quantity></Point><Point><position>3604</position><in_Quantity.quantity>0.000000</in_Quantity.quantity><out_Quantity.quantity>73.024703</out_Quantity.quantity></Point><Point><position>3605</position><in_Quantity.quantity>0.000000</in_Quantity.quantity><out_Quantity.quantity>688.658556</out_Quantity.quantity></Point><Point><position>3606</position><in_Quantity.quantity>0.000000</in_Quantity.quantity><out_Quantity.quantity>59.874405</out_Quantity.quantity></Point><Point><position>3607</position><in_Quantity.quantity>0.000000</in_Quantity.quantity><out_Quantity.quantity>934.357010</out_Quantity.quantity></Point><Point><position>3608</position><in_Quantity.quantity>0.000000</in_Quantity.quantity><out_Quantity.quantity>439.677854</out_Quantity.quantity></Point><Point><position>3609</position><in_Quantity.quantity>0.000000</in_Quantity.quantity><out_Quantity.quantity>180.915413</out_Quantity.quantity></Point><Point><position>3610</position><in_Quantity.quantity>0.000000</in_Quantity.quantity><out_Quantity.quantity>709.922645</out_Quantity.quantity></Point><Point><position>3611</position><in_Quantity.quantity>0.000000</in_Quantity.quantity><out_Quantity.quantity>775.737214</out_Quantity.quantity></Point><Point><position>3612</position><in_Quantity.quantity>0.000000</in_Quantity.quantity><out_Quantity.quantity>272.251787</out_Quantity.quantity></Point><Point><position>3613</position><in_Quantity.quantity>0.000000</in_Quantity.quantity><out_Quantity.quantity>941.817000</out_Quantity.quantity></Point><Point><position>3614</position><in_Quantity.quantity>0.000000</in_Quantity.quantity><out_Quantity.quantity>484.001643</out_Quantity.quantity></Point><Point><position>3615</position><in_Quantity.quantity>0.000000</in_Quantity.quantity><out_Quantity.quantity>271.091670</out_Quantity.quantity></Point><Point><position>3616</position><in_Quantity.quantity>0.000000</in_Quantity.quantity><out_Quantity.quantity>505.299548</out_Quantity.quantity></Point><Point><position>3617</position><in_Quantity.quantity>0.000000</in_Quantity.quantity><out_Quantity.quantity>414.275941</out_Quantity.quantity></Point><Point><position>3618</position><in_Quantity.quantity>0.000000</in_Quantity.quantity><out_Quantity.quantity>611.712973</out_Quantity.quantity></Point><Point><position>3619</position><in_Quantity.quantity>0.000000</in_Quantity.quantity><out_Quantity.quantity>616.462719</out_Quantity.quantity></Point><Point><position>3620</position><in_Quantity.quantity>0.000000</in_Quantity.quantity><out_Quantity.quantity>215.585393</out_Quantity.quantity></Point><Point><position>3621</position><in_Quantity.quantity>0.000000</in_Quantity.quantity><out_Quantity.quantity>723.838113</out_Quantity.quantity></Point><Point><position>3622</position><in_Quantity.quantity>0.000000</in_Quantity.quantity><out_Quantity.quantity>381.133741</out_Quantity.quantity></Point><Point><position>3623</position><in_Quantity.quantity>0.000000</in_Quantity.quantity><out_Quantity.quantity>627.257310</out_Quantity.quantity></Point><Point><position>3624</position><in_Quantity.quantity>0.000000</in_Quantity.quantity><out_Quantity.quantity>274.045444</out_Quantity.quantity></Point><Point><position>3625</position><in_Quantity.quantity>0.000000</in_Quantity.quantity><out_Quantity.quantity>945.346794</out_Quantity.quantity></Point><Point><position>3626</position><in_Quantity.quantity>0.000000</in_Quantity.quantity><out_Quantity.quantity>790.127897</out_Quantity.quantity></Point><Point><position>3627</position><in_Quantity.quantity>0.000000</in_Quantity.quantity><out_Quantity.quantity>174.062758</out_Quantity.quantity></Point><Point><position>3628</position><in_Quantity.quantity>0.000000</in_Quantity.quantity><out_Quantity.quantity>742.136283</out_Quantity.quantity></Point><Point><position>3629</position><in_Quantity.quantity>0.000000</in_Quantity.quantity><out_Quantity.quantity>206.446891</out_Quantity.quantity></Point><Point><position>3630</position><in_Quantity.quantity>0.000000</in_Quantity.quantity><out_Quantity.quantity>839.157505</out_Quantity.quantity></Point><Point><position>3631</position><in_Quantity.quantity>0.000000</in_Quantity.quantity><out_Quantity.quantity>422.572943</out_Quantity.quantity></Point><Point><position>3632</position><in_Quantity.quantity>0.000000</in_Quantity.quantity><out_Quantity.quantity>178.368331</out_Quantity.quantity></Point><Point><position>3633</position><in_Quantity.quantity>0.000000</in_Quantity.quantity><out_Quantity.quantity>395.501782</out_Quantity.quantity></Point><Point><position>3634</position><in_Quantity.quantity>0.000000</in_Quantity.quantity><out_Quantity.quantity>567.356691</out_Quantity.quantity></Point><Point><position>3635</position><in_Quantity.quantity>0.000000</in_Quantity.quantity><out_Quantity.quantity>818.368028</out_Quantity.quantity></Point><Point><position>3636</position><in_Quantity.quantity>0.000000</in_Quantity.quantity><out_Quantity.quantity>521.748285</out_Quantity.quantity></Point><Point><position>3637</position><in_Quantity.quantity>0.000000</in_Quantity.quantity><out_Quantity.quantity>726.385113</out_Quantity.quantity></Point><Point><position>3638</position><in_Quantity.quantity>0.000000</in_Quantity.quantity><out_Quantity.quantity>841.432900</out_Quantity.quantity></Point><Point><position>3639</position><in_Quantity.quantity>0.000000</in_Quantity.quantity><out_Quantity.quantity>790.528074</out_Quantity.quantity></Point><Point><position>3640</position><in_Quantity.quantity>0.000000</in_Quantity.quantity><out_Quantity.quantity>931.673083</out_Quantity.quantity></Point><Point><position>3641</position><in_Quantity.quantity>0.000000</in_Quantity.quantity><out_Quantity.quantity>901.140089</out_Quantity.quantity></Point><Point><position>3642</position><in_Quantity.quantity>0.000000</in_Quantity.quantity><out_Quantity.quantity>145.976434</out_Quantity.quantity></Point><Point><position>3643</position><in_Quantity.quantity>0.000000</in_Quantity.quantity><out_Quantity.quantity>146.229119</out_Quantity.quantity></Point><Point><position>3644</position><in_Quantity.quantity>0.000000</in_Quantity.quantity><out_Quantity.quantity>258.604235</out_Quantity.quantity></Point><Point><position>3645</position><in_Quantity.quantity>0.000000</in_Quantity.quantity><out_Quantity.quantity>405.542605</out_Quantity.quantity></Point><Point><position>3646</position><in_Quantity.quantity>0.000000</in_Quantity.quantity><out_Quantity.quantity>575.228943</out_Quantity.quantity></Point><Point><position>3647</position><in_Quantity.quantity>0.000000</in_Quantity.quantity><out_Quantity.quantity>661.626233</out_Quantity.quantity></Point><Point><position>3648</position><in_Quantity.quantity>0.000000</in_Quantity.quantity><out_Quantity.quantity>237.755993</out_Quantity.quantity></Point><Point><position>3649</position><in_Quantity.quantity>0.000000</in_Quantity.quantity><out_Quantity.quantity>131.831771</out_Quantity.quantity></Point><Point><position>3650</position><in_Quantity.quantity>0.000000</in_Quantity.quantity><out_Quantity.quantity>955.921987</out_Quantity.quantity></Point><Point><position>3651</position><in_Quantity.quantity>0.000000</in_Quantity.quantity><out_Quantity.quantity>660.202605</out_Quantity.quantity></Point><Point><position>3652</position><in_Quantity.quantity>0.000000</in_Quantity.quantity><out_Quantity.quantity>902.028303</out_Quantity.quantity></Point><Point><position>3653</position><in_Quantity.quantity>0.000000</in_Quantity.quantity><out_Quantity.quantity>694.861790</out_Quantity.quantity></Point><Point><position>3654</position><in_Quantity.quantity>0.000000</in_Quantity.quantity><out_Quantity.quantity>257.453174</out_Quantity.quantity></Point><Point><position>3655</position><in_Quantity.quantity>0.000000</in_Quantity.quantity><out_Quantity.quantity>6.976651</out_Quantity.quantity></Point><Point><position>3656</position><in_Quantity.quantity>0.000000</in_Quantity.quantity><out_Quantity.quantity>942.055483</out_Quantity.quantity></Point><Point><position>3657</position><in_Quantity.quantity>0.000000</in_Quantity.quantity><out_Quantity.quantity>754.415638</out_Quantity.quantity></Point><Point><position>3658</position><in_Quantity.quantity>0.000000</in_Quantity.quantity><out_Quantity.quantity>122.636414</out_Quantity.quantity></Point><Point><position>3659</position><in_Quantity.quantity>0.000000</in_Quantity.quantity><out_Quantity.quantity>952.339294</out_Quantity.quantity></Point><Point><position>3660</position><in_Quantity.quantity>0.000000</in_Quantity.quantity><out_Quantity.quantity>615.335260</out_Quantity.quantity></Point><Point><position>3661</position><in_Quantity.quantity>0.000000</in_Quantity.quantity><out_Quantity.quantity>176.653652</out_Quantity.quantity></Point><Point><position>3662</position><in_Quantity.quantity>0.000000</in_Quantity.quantity><out_Quantity.quantity>376.416275</out_Quantity.quantity></Point><Point><position>3663</position><in_Quantity.quantity>0.000000</in_Quantity.quantity><out_Quantity.quantity>967.277786</out_Quantity.quantity></Point><Point><position>3664</position><in_Quantity.quantity>0.000000</in_Quantity.quantity><out_Quantity.quantity>235.136145</out_Quantity.quantity></Point><Point><position>3665</position><in_Quantity.quantity>0.000000</in_Quantity.quantity><out_Quantity.quantity>798.757611</out_Quantity.quantity></Point><Point><position>3666</position><in_Quantity.quantity>0.000000</in_Quantity.quantity><out_Quantity.quantity>116.468943</out_Quantity.quantity></Point><Point><position>3667</position><in_Quantity.quantity>0.000000</in_Quantity.quantity><out_Quantity.quantity>926.725998</out_Quantity.quantity></Point><Point><position>3668</position><in_Quantity.quantity>0.000000</in_Quantity.quantity><out_Quantity.quantity>677.706518</out_Quantity.quantity></Point><Point><position>3669</position><in_Quantity.quantity>0.000000</in_Quantity.quantity><out_Quantity.quantity>698.460681</out_Quantity.quantity></Point><Point><position>3670</position><in_Quantity.quantity>0.000000</in_Quantity.quantity><out_Quantity.quantity>190.901755</out_Quantity.quantity></Point><Point><position>3671</position><in_Quantity.quantity>0.000000</in_Quantity.quantity><out_Quantity.quantity>384.015473</out_Quantity.quantity></Point><Point><position>3672</position><in_Quantity.quantity>0.000000</in_Quantity.quantity><out_Quantity.quantity>860.487107</out_Quantity.quantity></Point><Point><position>3673</position><in_Quantity.quantity>0.000000</in_Quantity.quantity><out_Quantity.quantity>82.365363</out_Quantity.quantity></Point><Point><position>3674</position><in_Quantity.quantity>0.000000</in_Quantity.quantity><out_Quantity.quantity>85.699241</out_Quantity.quantity></Point><Point><position>3675</position><in_Quantity.quantity>0.000000</in_Quantity.quantity><out_Quantity.quantity>385.555152</out_Quantity.quantity></Point><Point><position>3676</position><in_Quantity.quantity>0.000000</in_Quantity.quantity><out_Quantity.quantity>281.501217</out_Quantity.quantity></Point><Point><position>3677</position><in_Quantity.quantity>0.000000</in_Quantity.quantity><out_Quantity.quantity>884.932621</out_Quantity.quantity></Point><Point><position>3678</position><in_Quantity.quantity>0.000000</in_Quantity.quantity><out_Quantity.quantity>671.585558</out_Quantity.quantity></Point><Point><position>3679</position><in_Quantity.quantity>0.000000</in_Quantity.quantity><out_Quantity.quantity>250.257409</out_Quantity.quantity></Point><Point><position>3680</position><in_Quantity.quantity>0.000000</in_Quantity.quantity><out_Quantity.quantity>220.655159</out_Quantity.quantity></Point><Point><position>3681</position><in_Quantity.quantity>0.000000</in_Quantity.quantity><out_Quantity.quantity>907.742083</out_Quantity.quantity></Point><Point><position>3682</position><in_Quantity.quantity>0.000000</in_Quantity.quantity><out_Quantity.quantity>506.604832</out_Quantity.quantity></Point><Point><position>3683</position><in_Quantity.quantity>0.000000</in_Quantity.quantity><out_Quantity.quantity>814.219313</out_Quantity.quantity></Point><Point><position>3684</position><in_Quantity.quantity>0.000000</in_Quantity.quantity><out_Quantity.quantity>255.281989</out_Quantity.quantity></Point><Point><position>3685</position><in_Quantity.quantity>0.000000</in_Quantity.quantity><out_Quantity.quantity>347.513905</out_Quantity.quantity></Point><Point><position>3686</position><in_Quantity.quantity>0.000000</in_Quantity.quantity><out_Quantity.quantity>629.792267</out_Quantity.quantity></Point><Point><position>3687</position><in_Quantity.quantity>0.000000</in_Quantity.quantity><out_Quantity.quantity>165.838278</out_Quantity.quantity></Point><Point><position>3688</position><in_Quantity.quantity>0.000000</in_Quantity.quantity><out_Quantity.quantity>848.477223</out_Quantity.quantity></Point><Point><position>3689</position><in_Quantity.quantity>0.000000</in_Quantity.quantity><out_Quantity.quantity>166.847378</out_Quantity.quantity></Point><Point><position>3690</position><in_Quantity.quantity>0.000000</in_Quantity.quantity><out_Quantity.quantity>593.351936</out_Quantity.quantity></Point><Point><position>3691</position><in_Quantity.quantity>0.000000</in_Quantity.quantity><out_Quantity.quantity>792.114378</out_Quantity.quantity></Point><Point><position>3692</position><in_Quantity.quantity>0.000000</in_Quantity.quantity><out_Quantity.quantity>442.437868</out_Quantity.quantity></Point><Point><position>3693</position><in_Quantity.quantity>0.000000</in_Quantity.quantity><out_Quantity.quantity>89.252417</out_Quantity.quantity></Point><Point><position>3694</position><in_Quantity.quantity>0.000000</in_Quantity.quantity><out_Quantity.quantity>248.424655</out_Quantity.quantity></Point><Point><position>3695</position><in_Quantity.quantity>0.000000</in_Quantity.quantity><out_Quantity.quantity>122.803227</out_Quantity.quantity></Point><Point><position>3696</position><in_Quantity.quantity>0.000000</in_Quantity.quantity><out_Quantity.quantity>375.335130</out_Quantity.quantity></Point><Point><position>3697</position><in_Quantity.quantity>0.000000</in_Quantity.quantity><out_Quantity.quantity>958.086105</out_Quantity.quantity></Point><Point><position>3698</position><in_Quantity.quantity>0.000000</in_Quantity.quantity><out_Quantity.quantity>628.549793</out_Quantity.quantity></Point><Point><position>3699</position><in_Quantity.quantity>0.000000</in_Quantity.quantity><out_Quantity.quantity>383.875123</out_Quantity.quantity></Point><Point><position>3700</position><in_Quantity.quantity>0.000000</in_Quantity.quantity><out_Quantity.quantity>6.341025</out_Quantity.quantity></Point><Point><position>3701</position><in_Quantity.quantity>0.000000</in_Quantity.quantity><out_Quantity.quantity>656.256091</out_Quantity.quantity></Point><Point><position>3702</position><in_Quantity.quantity>0.000000</in_Quantity.quantity><out_Quantity.quantity>987.462012</out_Quantity.quantity></Point><Point><position>3703</position><in_Quantity.quantity>0.000000</in_Quantity.quantity><out_Quantity.quantity>646.565646</out_Quantity.quantity></Point><Point><position>3704</position><in_Quantity.quantity>0.000000</in_Quantity.quantity><out_Quantity.quantity>839.181543</out_Quantity.quantity></Point><Point><position>3705</position><in_Quantity.quantity>0.000000</in_Quantity.quantity><out_Quantity.quantity>984.955487</out_Quantity.quantity></Point><Point><position>3706</position><in_Quantity.quantity>0.000000</in_Quantity.quantity><out_Quantity.quantity>693.267321</out_Quantity.quantity></Point><Point><position>3707</position><in_Quantity.quantity>0.000000</in_Quantity.quantity><out_Quantity.quantity>670.844163</out_Quantity.quantity></Point><Point><position>3708</position><in_Quantity.quantity>0.000000</in_Quantity.quantity><out_Quantity.quantity>577.516735</out_Quantity.quantity></Point><Point><position>3709</position><in_Quantity.quantity>0.000000</in_Quantity.quantity><out_Quantity.quantity>641.760480</out_Quantity.quantity></Point><Point><position>3710</position><in_Quantity.quantity>0.000000</in_Quantity.quantity><out_Quantity.quantity>324.795027</out_Quantity.quantity></Point><Point><position>3711</position><in_Quantity.quantity>0.000000</in_Quantity.quantity><out_Quantity.quantity>860.051197</out_Quantity.quantity></Point><Point><position>3712</position><in_Quantity.quantity>0.000000</in_Quantity.quantity><out_Quantity.quantity>900.267332</out_Quantity.quantity></Point><Point><position>3713</position><in_Quantity.quantity>0.000000</in_Quantity.quantity><out_Quantity.quantity>694.995597</out_Quantity.quantity></Point><Point><position>3714</position><in_Quantity.quantity>0.000000</in_Quantity.quantity><out_Quantity.quantity>490.357666</out_Quantity.quantity></Point><Point><position>3715</position><in_Quantity.quantity>0.000000</in_Quantity.quantity><out_Quantity.quantity>157.576711</out_Quantity.quantity></Point><Point><position>3716</position><in_Quantity.quantity>0.000000</in_Quantity.quantity><out_Quantity.quantity>228.675953</out_Quantity.quantity></Point><Point><position>3717</position><in_Quantity.quantity>0.000000</in_Quantity.quantity><out_Quantity.quantity>514.979434</out_Quantity.quantity></Point><Point><position>3718</position><in_Quantity.quantity>0.000000</in_Quantity.quantity><out_Quantity.quantity>303.822445</out_Quantity.quantity></Point><Point><position>3719</position><in_Quantity.quantity>0.000000</in_Quantity.quantity><out_Quantity.quantity>732.120781</out_Quantity.quantity></Point><Point><position>3720</position><in_Quantity.quantity>0.000000</in_Quantity.quantity><out_Quantity.quantity>428.176286</out_Quantity.quantity></Point><Point><position>3721</position><in_Quantity.quantity>0.000000</in_Quantity.quantity><out_Quantity.quantity>123.994067</out_Quantity.quantity></Point><Point><position>3722</position><in_Quantity.quantity>0.000000</in_Quantity.quantity><out_Quantity.quantity>316.670745</out_Quantity.quantity></Point><Point><position>3723</position><in_Quantity.quantity>0.000000</in_Quantity.quantity><out_Quantity.quantity>365.725255</out_Quantity.quantity></Point><Point><position>3724</position><in_Quantity.quantity>0.000000</in_Quantity.quantity><out_Quantity.quantity>294.424892</out_Quantity.quantity></Point><Point><position>3725</position><in_Quantity.quantity>0.000000</in_Quantity.quantity><out_Quantity.quantity>498.791899</out_Quantity.quantity></Point><Point><position>3726</position><in_Quantity.quantity>0.000000</in_Quantity.quantity><out_Quantity.quantity>46.556036</out_Quantity.quantity></Point><Point><position>3727</position><in_Quantity.quantity>0.000000</in_Quantity.quantity><out_Quantity.quantity>127.826314</out_Quantity.quantity></Point><Point><position>3728</position><in_Quantity.quantity>0.000000</in_Quantity.quantity><out_Quantity.quantity>483.189903</out_Quantity.quantity></Point><Point><position>3729</position><in_Quantity.quantity>0.000000</in_Quantity.quantity><out_Quantity.quantity>852.464104</out_Quantity.quantity></Point><Point><position>3730</position><in_Quantity.quantity>0.000000</in_Quantity.quantity><out_Quantity.quantity>378.147703</out_Quantity.quantity></Point><Point><position>3731</position><in_Quantity.quantity>0.000000</in_Quantity.quantity><out_Quantity.quantity>714.788016</out_Quantity.quantity></Point><Point><position>3732</position><in_Quantity.quantity>0.000000</in_Quantity.quantity><out_Quantity.quantity>506.873975</out_Quantity.quantity></Point><Point><position>3733</position><in_Quantity.quantity>0.000000</in_Quantity.quantity><out_Quantity.quantity>166.532164</out_Quantity.quantity></Point><Point><position>3734</position><in_Quantity.quantity>0.000000</in_Quantity.quantity><out_Quantity.quantity>766.131216</out_Quantity.quantity></Point><Point><position>3735</position><in_Quantity.quantity>0.000000</in_Quantity.quantity><out_Quantity.quantity>126.611601</out_Quantity.quantity></Point><Point><position>3736</position><in_Quantity.quantity>0.000000</in_Quantity.quantity><out_Quantity.quantity>452.578607</out_Quantity.quantity></Point><Point><position>3737</position><in_Quantity.quantity>0.000000</in_Quantity.quantity><out_Quantity.quantity>310.898889</out_Quantity.quantity></Point><Point><position>3738</position><in_Quantity.quantity>0.000000</in_Quantity.quantity><out_Quantity.quantity>36.415876</out_Quantity.quantity></Point><Point><position>3739</position><in_Quantity.quantity>0.000000</in_Quantity.quantity><out_Quantity.quantity>941.248463</out_Quantity.quantity></Point><Point><position>3740</position><in_Quantity.quantity>0.000000</in_Quantity.quantity><out_Quantity.quantity>380.433831</out_Quantity.quantity></Point><Point><position>3741</position><in_Quantity.quantity>0.000000</in_Quantity.quantity><out_Quantity.quantity>995.857891</out_Quantity.quantity></Point><Point><position>3742</position><in_Quantity.quantity>0.000000</in_Quantity.quantity><out_Quantity.quantity>690.236122</out_Quantity.quantity></Point><Point><position>3743</position><in_Quantity.quantity>0.000000</in_Quantity.quantity><out_Quantity.quantity>658.046445</out_Quantity.quantity></Point><Point><position>3744</position><in_Quantity.quantity>0.000000</in_Quantity.quantity><out_Quantity.quantity>608.209530</out_Quantity.quantity></Point><Point><position>3745</position><in_Quantity.quantity>0.000000</in_Quantity.quantity><out_Quantity.quantity>718.917582</out_Quantity.quantity></Point><Point><position>3746</position><in_Quantity.quantity>0.000000</in_Quantity.quantity><out_Quantity.quantity>393.019066</out_Quantity.quantity></Point><Point><position>3747</position><in_Quantity.quantity>0.000000</in_Quantity.quantity><out_Quantity.quantity>555.963359</out_Quantity.quantity></Point><Point><position>3748</position><in_Quantity.quantity>0.000000</in_Quantity.quantity><out_Quantity.quantity>658.707425</out_Quantity.quantity></Point><Point><position>3749</position><in_Quantity.quantity>0.000000</in_Quantity.quantity><out_Quantity.quantity>686.905428</out_Quantity.quantity></Point><Point><position>3750</position><in_Quantity.quantity>0.000000</in_Quantity.quantity><out_Quantity.quantity>592.415777</out_Quantity.quantity></Point><Point><position>3751</position><in_Quantity.quantity>0.000000</in_Quantity.quantity><out_Quantity.quantity>278.482422</out_Quantity.quantity></Point><Point><position>3752</position><in_Quantity.quantity>0.000000</in_Quantity.quantity><out_Quantity.quantity>349.070673</out_Quantity.quantity></Point><Point><position>3753</position><in_Quantity.quantity>0.000000</in_Quantity.quantity><out_Quantity.quantity>500.195892</out_Quantity.quantity></Point><Point><position>3754</position><in_Quantity.quantity>0.000000</in_Quantity.quantity><out_Quantity.quantity>64.018462</out_Quantity.quantity></Point><Point><position>3755</position><in_Quantity.quantity>0.000000</in_Quantity.quantity><out_Quantity.quantity>16.868675</out_Quantity.quantity></Point><Point><position>3756</position><in_Quantity.quantity>0.000000</in_Quantity.quantity><out_Quantity.quantity>981.636714</out_Quantity.quantity></Point><Point><position>3757</position><in_Quantity.quantity>0.000000</in_Quantity.quantity><out_Quantity.quantity>192.936329</out_Quantity.quantity></Point><Point><position>3758</position><in_Quantity.quantity>0.000000</in_Quantity.quantity><out_Quantity.quantity>848.140828</out_Quantity.quantity></Point><Point><position>3759</position><in_Quantity.quantity>0.000000</in_Quantity.quantity><out_Quantity.quantity>568.746348</out_Quantity.quantity></Point><Point><position>3760</position><in_Quantity.quantity>0.000000</in_Quantity.quantity><out_Quantity.quantity>950.355562</out_Quantity.quantity></Point><Point><position>3761</position><in_Quantity.quantity>0.000000</in_Quantity.quantity><out_Quantity.quantity>537.960502</out_Quantity.quantity></Point><Point><position>3762</position><in_Quantity.quantity>0.000000</in_Quantity.quantity><out_Quantity.quantity>253.735238</out_Quantity.quantity></Point><Point><position>3763</position><in_Quantity.quantity>0.000000</in_Quantity.quantity><out_Quantity.quantity>693.369604</out_Quantity.quantity></Point><Point><position>3764</position><in_Quantity.quantity>0.000000</in_Quantity.quantity><out_Quantity.quantity>651.425578</out_Quantity.quantity></Point><Point><position>3765</position><in_Quantity.quantity>0.000000</in_Quantity.quantity><out_Quantity.quantity>90.897790</out_Quantity.quantity></Point><Point><position>3766</position><in_Quantity.quantity>0.000000</in_Quantity.quantity><out_Quantity.quantity>284.576338</out_Quantity.quantity></Point><Point><position>3767</position><in_Quantity.quantity>0.000000</in_Quantity.quantity><out_Quantity.quantity>633.737172</out_Quantity.quantity></Point><Point><position>3768</position><in_Quantity.quantity>0.000000</in_Quantity.quantity><out_Quantity.quantity>318.974868</out_Quantity.quantity></Point><Point><position>3769</position><in_Quantity.quantity>0.000000</in_Quantity.quantity><out_Quantity.quantity>980.511329</out_Quantity.quantity></Point><Point><position>3770</position><in_Quantity.quantity>0.000000</in_Quantity.quantity><out_Quantity.quantity>678.560510</out_Quantity.quantity></Point><Point><position>3771</position><in_Quantity.quantity>0.000000</in_Quantity.quantity><out_Quantity.quantity>10.689552</out_Quantity.quantity></Point><Point><position>3772</position><in_Quantity.quantity>0.000000</in_Quantity.quantity><out_Quantity.quantity>672.109218</out_Quantity.quantity></Point><Point><position>3773</position><in_Quantity.quantity>0.000000</in_Quantity.quantity><out_Quantity.quantity>105.109460</out_Quantity.quantity></Point><Point><position>3774</position><in_Quantity.quantity>0.000000</in_Quantity.quantity><out_Quantity.quantity>461.026186</out_Quantity.quantity></Point><Point><position>3775</position><in_Quantity.quantity>0.000000</in_Quantity.quantity><out_Quantity.quantity>175.323748</out_Quantity.quantity></Point><Point><position>3776</position><in_Quantity.quantity>0.000000</in_Quantity.quantity><out_Quantity.quantity>489.764039</out_Quantity.quantity></Point><Point><position>3777</position><in_Quantity.quantity>0.000000</in_Quantity.quantity><out_Quantity.quantity>651.556700</out_Quantity.quantity></Point><Point><position>3778</position><in_Quantity.quantity>0.000000</in_Quantity.quantity><out_Quantity.quantity>298.851318</out_Quantity.quantity></Point><Point><position>3779</position><in_Quantity.quantity>0.000000</in_Quantity.quantity><out_Quantity.quantity>62.554330</out_Quantity.quantity></Point><Point><position>3780</position><in_Quantity.quantity>0.000000</in_Quantity.quantity><out_Quantity.quantity>811.502318</out_Quantity.quantity></Point><Point><position>3781</position><in_Quantity.quantity>0.000000</in_Quantity.quantity><out_Quantity.quantity>773.915046</out_Quantity.quantity></Point><Point><position>3782</position><in_Quantity.quantity>0.000000</in_Quantity.quantity><out_Quantity.quantity>653.671890</out_Quantity.quantity></Point><Point><position>3783</position><in_Quantity.quantity>0.000000</in_Quantity.quantity><out_Quantity.quantity>66.796928</out_Quantity.quantity></Point><Point><position>3784</position><in_Quantity.quantity>0.000000</in_Quantity.quantity><out_Quantity.quantity>963.340507</out_Quantity.quantity></Point><Point><position>3785</position><in_Quantity.quantity>0.000000</in_Quantity.quantity><out_Quantity.quantity>135.328476</out_Quantity.quantity></Point><Point><position>3786</position><in_Quantity.quantity>0.000000</in_Quantity.quantity><out_Quantity.quantity>306.378563</out_Quantity.quantity></Point><Point><position>3787</position><in_Quantity.quantity>0.000000</in_Quantity.quantity><out_Quantity.quantity>827.224269</out_Quantity.quantity></Point><Point><position>3788</position><in_Quantity.quantity>0.000000</in_Quantity.quantity><out_Quantity.quantity>141.949349</out_Quantity.quantity></Point><Point><position>3789</position><in_Quantity.quantity>0.000000</in_Quantity.quantity><out_Quantity.quantity>690.199857</out_Quantity.quantity></Point><Point><position>3790</position><in_Quantity.quantity>0.000000</in_Quantity.quantity><out_Quantity.quantity>376.653112</out_Quantity.quantity></Point><Point><position>3791</position><in_Quantity.quantity>0.000000</in_Quantity.quantity><out_Quantity.quantity>981.022943</out_Quantity.quantity></Point><Point><position>3792</position><in_Quantity.quantity>0.000000</in_Quantity.quantity><out_Quantity.quantity>91.873539</out_Quantity.quantity></Point><Point><position>3793</position><in_Quantity.quantity>0.000000</in_Quantity.quantity><out_Quantity.quantity>44.246773</out_Quantity.quantity></Point><Point><position>3794</position><in_Quantity.quantity>0.000000</in_Quantity.quantity><out_Quantity.quantity>547.862413</out_Quantity.quantity></Point><Point><position>3795</position><in_Quantity.quantity>0.000000</in_Quantity.quantity><out_Quantity.quantity>110.180502</out_Quantity.quantity></Point><Point><position>3796</position><in_Quantity.quantity>0.000000</in_Quantity.quantity><out_Quantity.quantity>691.735701</out_Quantity.quantity></Point><Point><position>3797</position><in_Quantity.quantity>0.000000</in_Quantity.quantity><out_Quantity.quantity>697.968867</out_Quantity.quantity></Point><Point><position>3798</position><in_Quantity.quantity>0.000000</in_Quantity.quantity><out_Quantity.quantity>214.033417</out_Quantity.quantity></Point><Point><position>3799</position><in_Quantity.quantity>0.000000</in_Quantity.quantity><out_Quantity.quantity>45.115260</out_Quantity.quantity></Point><Point><position>3800</position><in_Quantity.quantity>0.000000</in_Quantity.quantity><out_Quantity.quantity>240.196738</out_Quantity.quantity></Point><Point><position>3801</position><in_Quantity.quantity>0.000000</in_Quantity.quantity><out_Quantity.quantity>193.994970</out_Quantity.quantity></Point><Point><position>3802</position><in_Quantity.quantity>0.000000</in_Quantity.quantity><out_Quantity.quantity>910.591988</out_Quantity.quantity></Point><Point><position>3803</position><in_Quantity.quantity>0.000000</in_Quantity.quantity><out_Quantity.quantity>439.846794</out_Quantity.quantity></Point><Point><position>3804</position><in_Quantity.quantity>0.000000</in_Quantity.quantity><out_Quantity.quantity>626.268060</out_Quantity.quantity></Point><Point><position>3805</position><in_Quantity.quantity>0.000000</in_Quantity.quantity><out_Quantity.quantity>43.714820</out_Quantity.quantity></Point><Point><position>3806</position><in_Quantity.quantity>0.000000</in_Quantity.quantity><out_Quantity.quantity>955.048000</out_Quantity.quantity></Point><Point><position>3807</position><in_Quantity.quantity>0.000000</in_Quantity.quantity><out_Quantity.quantity>674.736413</out_Quantity.quantity></Point><Point><position>3808</position><in_Quantity.quantity>0.000000</in_Quantity.quantity><out_Quantity.quantity>828.717280</out_Quantity.quantity></Point><Point><position>3809</position><in_Quantity.quantity>0.000000</in_Quantity.quantity><out_Quantity.quantity>395.444204</out_Quantity.quantity></Point><Point><position>3810</position><in_Quantity.quantity>0.000000</in_Quantity.quantity><out_Quantity.quantity>964.413386</out_Quantity.quantity></Point><Point><position>3811</position><in_Quantity.quantity>0.000000</in_Quantity.quantity><out_Quantity.quantity>9.338976</out_Quantity.quantity></Point><Point><position>3812</position><in_Quantity.quantity>0.000000</in_Quantity.quantity><out_Quantity.quantity>876.036712</out_Quantity.quantity></Point><Point><position>3813</position><in_Quantity.quantity>0.000000</in_Quantity.quantity><out_Quantity.quantity>996.878986</out_Quantity.quantity></Point><Point><position>3814</position><in_Quantity.quantity>0.000000</in_Quantity.quantity><out_Quantity.quantity>683.206100</out_Quantity.quantity></Point><Point><position>3815</position><in_Quantity.quantity>0.000000</in_Quantity.quantity><out_Quantity.quantity>376.978628</out_Quantity.quantity></Point><Point><position>3816</position><in_Quantity.quantity>0.000000</in_Quantity.quantity><out_Quantity.quantity>502.815071</out_Quantity.quantity></Point><Point><position>3817</position><in_Quantity.quantity>0.000000</in_Quantity.quantity><out_Quantity.quantity>726.641095</out_Quantity.quantity></Point><Point><position>3818</position><in_Quantity.quantity>0.000000</in_Quantity.quantity><out_Quantity.quantity>319.824460</out_Quantity.quantity></Point><Point><position>3819</position><in_Quantity.quantity>0.000000</in_Quantity.quantity><out_Quantity.quantity>7.519171</out_Quantity.quantity></Point><Point><position>3820</position><in_Quantity.quantity>0.000000</in_Quantity.quantity><out_Quantity.quantity>36.554371</out_Quantity.quantity></Point><Point><position>3821</position><in_Quantity.quantity>0.000000</in_Quantity.quantity><out_Quantity.quantity>426.798453</out_Quantity.quantity></Point><Point><position>3822</position><in_Quantity.quantity>0.000000</in_Quantity.quantity><out_Quantity.quantity>554.685324</out_Quantity.quantity></Point><Point><position>3823</position><in_Quantity.quantity>0.000000</in_Quantity.quantity><out_Quantity.quantity>174.156733</out_Quantity.quantity></Point><Point><position>3824</position><in_Quantity.quantity>0.000000</in_Quantity.quantity><out_Quantity.quantity>11.385767</out_Quantity.quantity></Point><Point><position>3825</position><in_Quantity.quantity>0.000000</in_Quantity.quantity><out_Quantity.quantity>815.554783</out_Quantity.quantity></Point><Point><position>3826</position><in_Quantity.quantity>0.000000</in_Quantity.quantity><out_Quantity.quantity>60.419019</out_Quantity.quantity></Point><Point><position>3827</position><in_Quantity.quantity>0.000000</in_Quantity.quantity><out_Quantity.quantity>164.656430</out_Quantity.quantity></Point><Point><position>3828</position><in_Quantity.quantity>0.000000</in_Quantity.quantity><out_Quantity.quantity>883.839689</out_Quantity.quantity></Point><Point><position>3829</position><in_Quantity.quantity>0.000000</in_Quantity.quantity><out_Quantity.quantity>331.394923</out_Quantity.quantity></Point><Point><position>3830</position><in_Quantity.quantity>0.000000</in_Quantity.quantity><out_Quantity.quantity>412.306174</out_Quantity.quantity></Point><Point><position>3831</position><in_Quantity.quantity>0.000000</in_Quantity.quantity><out_Quantity.quantity>831.043583</out_Quantity.quantity></Point><Point><position>3832</position><in_Quantity.quantity>0.000000</in_Quantity.quantity><out_Quantity.quantity>125.120491</out_Quantity.quantity></Point><Point><position>3833</position><in_Quantity.quantity>0.000000</in_Quantity.quantity><out_Quantity.quantity>392.261946</out_Quantity.quantity></Point><Point><position>3834</position><in_Quantity.quantity>0.000000</in_Quantity.quantity><out_Quantity.quantity>234.105405</out_Quantity.quantity></Point><Point><position>3835</position><in_Quantity.quantity>0.000000</in_Quantity.quantity><out_Quantity.quantity>560.344300</out_Quantity.quantity></Point><Point><position>3836</position><in_Quantity.quantity>0.000000</in_Quantity.quantity><out_Quantity.quantity>527.280344</out_Quantity.quantity></Point><Point><position>3837</position><in_Quantity.quantity>0.000000</in_Quantity.quantity><out_Quantity.quantity>72.067555</out_Quantity.quantity></Point><Point><position>3838</position><in_Quantity.quantity>0.000000</in_Quantity.quantity><out_Quantity.quantity>661.458420</out_Quantity.quantity></Point><Point><position>3839</position><in_Quantity.quantity>0.000000</in_Quantity.quantity><out_Quantity.quantity>758.492307</out_Quantity.quantity></Point><Point><position>3840</position><in_Quantity.quantity>0.000000</in_Quantity.quantity><out_Quantity.quantity>351.605330</out_Quantity.quantity></Point><Point><position>3841</position><in_Quantity.quantity>0.000000</in_Quantity.quantity><out_Quantity.quantity>764.219129</out_Quantity.quantity></Point><Point><position>3842</position><in_Quantity.quantity>0.000000</in_Quantity.quantity><out_Quantity.quantity>468.883548</out_Quantity.quantity></Point><Point><position>3843</position><in_Quantity.quantity>0.000000</in_Quantity.quantity><out_Quantity.quantity>197.660679</out_Quantity.quantity></Point><Point><position>3844</position><in_Quantity.quantity>0.000000</in_Quantity.quantity><out_Quantity.quantity>39.988005</out_Quantity.quantity></Point><Point><position>3845</position><in_Quantity.quantity>0.000000</in_Quantity.quantity><out_Quantity.quantity>771.449956</out_Quantity.quantity></Point><Point><position>3846</position><in_Quantity.quantity>0.000000</in_Quantity.quantity><out_Quantity.quantity>608.381016</out_Quantity.quantity></Point><Point><position>3847</position><in_Quantity.quantity>0.000000</in_Quantity.quantity><out_Quantity.quantity>54.429407</out_Quantity.quantity></Point><Point><position>3848</position><in_Quantity.quantity>0.000000</in_Quantity.quantity><out_Quantity.quantity>655.352403</out_Quantity.quantity></Point><Point><position>3849</position><in_Quantity.quantity>0.000000</in_Quantity.quantity><out_Quantity.quantity>749.972072</out_Quantity.quantity></Point><Point><position>3850</position><in_Quantity.quantity>0.000000</in_Quantity.quantity><out_Quantity.quantity>946.630082</out_Quantity.quantity></Point><Point><position>3851</position><in_Quantity.quantity>0.000000</in_Quantity.quantity><out_Quantity.quantity>776.775864</out_Quantity.quantity></Point><Point><position>3852</position><in_Quantity.quantity>0.000000</in_Quantity.quantity><out_Quantity.quantity>857.265270</out_Quantity.quantity></Point><Point><position>3853</position><in_Quantity.quantity>0.000000</in_Quantity.quantity><out_Quantity.quantity>618.105833</out_Quantity.quantity></Point><Point><position>3854</position><in_Quantity.quantity>0.000000</in_Quantity.quantity><out_Quantity.quantity>378.429391</out_Quantity.quantity></Point><Point><position>3855</position><in_Quantity.quantity>0.000000</in_Quantity.quantity><out_Quantity.quantity>479.372823</out_Quantity.quantity></Point><Point><position>3856</position><in_Quantity.quantity>0.000000</in_Quantity.quantity><out_Quantity.quantity>914.584281</out_Quantity.quantity></Point><Point><position>3857</position><in_Quantity.quantity>0.000000</in_Quantity.quantity><out_Quantity.quantity>428.358551</out_Quantity.quantity></Point><Point><position>3858</position><in_Quantity.quantity>0.000000</in_Quantity.quantity><out_Quantity.quantity>924.871060</out_Quantity.quantity></Point><Point><position>3859</position><in_Quantity.quantity>0.000000</in_Quantity.quantity><out_Quantity.quantity>126.419597</out_Quantity.quantity></Point><Point><position>3860</position><in_Quantity.quantity>0.000000</in_Quantity.quantity><out_Quantity.quantity>964.011421</out_Quantity.quantity></Point><Point><position>3861</position><in_Quantity.quantity>0.000000</in_Quantity.quantity><out_Quantity.quantity>282.524290</out_Quantity.quantity></Point><Point><position>3862</position><in_Quantity.quantity>0.000000</in_Quantity.quantity><out_Quantity.quantity>879.415479</out_Quantity.quantity></Point><Point><position>3863</position><in_Quantity.quantity>0.000000</in_Quantity.quantity><out_Quantity.quantity>371.237614</out_Quantity.quantity></Point><Point><position>3864</position><in_Quantity.quantity>0.000000</in_Quantity.quantity><out_Quantity.quantity>88.611917</out_Quantity.quantity></Point><Point><position>3865</position><in_Quantity.quantity>0.000000</in_Quantity.quantity><out_Quantity.quantity>474.766843</out_Quantity.quantity></Point><Point><position>3866</position><in_Quantity.quantity>0.000000</in_Quantity.quantity><out_Quantity.quantity>879.289008</out_Quantity.quantity></Point><Point><position>3867</position><in_Quantity.quantity>0.000000</in_Quantity.quantity><out_Quantity.quantity>771.947056</out_Quantity.quantity></Point><Point><position>3868</position><in_Quantity.quantity>0.000000</in_Quantity.quantity><out_Quantity.quantity>728.436216</out_Quantity.quantity></Point><Point><position>3869</position><in_Quantity.quantity>0.000000</in_Quantity.quantity><out_Quantity.quantity>340.947267</out_Quantity.quantity></Point><Point><position>3870</position><in_Quantity.quantity>0.000000</in_Quantity.quantity><out_Quantity.quantity>719.896336</out_Quantity.quantity></Point><Point><position>3871</position><in_Quantity.quantity>0.000000</in_Quantity.quantity><out_Quantity.quantity>301.673732</out_Quantity.quantity></Point><Point><position>3872</position><in_Quantity.quantity>0.000000</in_Quantity.quantity><out_Quantity.quantity>949.624203</out_Quantity.quantity></Point><Point><position>3873</position><in_Quantity.quantity>0.000000</in_Quantity.quantity><out_Quantity.quantity>593.093737</out_Quantity.quantity></Point><Point><position>3874</position><in_Quantity.quantity>0.000000</in_Quantity.quantity><out_Quantity.quantity>449.635460</out_Quantity.quantity></Point><Point><position>3875</position><in_Quantity.quantity>0.000000</in_Quantity.quantity><out_Quantity.quantity>759.215173</out_Quantity.quantity></Point><Point><position>3876</position><in_Quantity.quantity>0.000000</in_Quantity.quantity><out_Quantity.quantity>506.089210</out_Quantity.quantity></Point><Point><position>3877</position><in_Quantity.quantity>0.000000</in_Quantity.quantity><out_Quantity.quantity>315.888119</out_Quantity.quantity></Point><Point><position>3878</position><in_Quantity.quantity>0.000000</in_Quantity.quantity><out_Quantity.quantity>913.867615</out_Quantity.quantity></Point><Point><position>3879</position><in_Quantity.quantity>0.000000</in_Quantity.quantity><out_Quantity.quantity>533.318840</out_Quantity.quantity></Point><Point><position>3880</position><in_Quantity.quantity>0.000000</in_Quantity.quantity><out_Quantity.quantity>981.693676</out_Quantity.quantity></Point><Point><position>3881</position><in_Quantity.quantity>0.000000</in_Quantity.quantity><out_Quantity.quantity>683.414519</out_Quantity.quantity></Point><Point><position>3882</position><in_Quantity.quantity>0.000000</in_Quantity.quantity><out_Quantity.quantity>327.512013</out_Quantity.quantity></Point><Point><position>3883</position><in_Quantity.quantity>0.000000</in_Quantity.quantity><out_Quantity.quantity>530.445220</out_Quantity.quantity></Point><Point><position>3884</position><in_Quantity.quantity>0.000000</in_Quantity.quantity><out_Quantity.quantity>468.067991</out_Quantity.quantity></Point><Point><position>3885</position><in_Quantity.quantity>0.000000</in_Quantity.quantity><out_Quantity.quantity>665.927281</out_Quantity.quantity></Point><Point><position>3886</position><in_Quantity.quantity>0.000000</in_Quantity.quantity><out_Quantity.quantity>494.543701</out_Quantity.quantity></Point><Point><position>3887</position><in_Quantity.quantity>0.000000</in_Quantity.quantity><out_Quantity.quantity>265.637906</out_Quantity.quantity></Point><Point><position>3888</position><in_Quantity.quantity>0.000000</in_Quantity.quantity><out_Quantity.quantity>66.308968</out_Quantity.quantity></Point><Point><position>3889</position><in_Quantity.quantity>0.000000</in_Quantity.quantity><out_Quantity.quantity>245.422916</out_Quantity.quantity></Point><Point><position>3890</position><in_Quantity.quantity>0.000000</in_Quantity.quantity><out_Quantity.quantity>390.274970</out_Quantity.quantity></Point><Point><position>3891</position><in_Quantity.quantity>0.000000</in_Quantity.quantity><out_Quantity.quantity>765.516289</out_Quantity.quantity></Point><Point><position>3892</position><in_Quantity.quantity>0.000000</in_Quantity.quantity><out_Quantity.quantity>345.417163</out_Quantity.quantity></Point><Point><position>3893</position><in_Quantity.quantity>0.000000</in_Quantity.quantity><out_Quantity.quantity>195.756105</out_Quantity.quantity></Point><Point><position>3894</position><in_Quantity.quantity>0.000000</in_Quantity.quantity><out_Quantity.quantity>359.013056</out_Quantity.quantity></Point><Point><position>3895</position><in_Quantity.quantity>0.000000</in_Quantity.quantity><out_Quantity.quantity>789.296138</out_Quantity.quantity></Point><Point><position>3896</position><in_Quantity.quantity>0.000000</in_Quantity.quantity><out_Quantity.quantity>110.281069</out_Quantity.quantity></Point><Point><position>3897</position><in_Quantity.quantity>0.000000</in_Quantity.quantity><out_Quantity.quantity>254.388469</out_Quantity.quantity></Point><Point><position>3898</position><in_Quantity.quantity>0.000000</in_Quantity.quantity><out_Quantity.quantity>657.833679</out_Quantity.quantity></Point><Point><position>3899</position><in_Quantity.quantity>0.000000</in_Quantity.quantity><out_Quantity.quantity>679.267721</out_Quantity.quantity></Point><Point><position>3900</position><in_Quantity.quantity>0.000000</in_Quantity.quantity><out_Quantity.quantity>160.179500</out_Quantity.quantity></Point><Point><position>3901</position><in_Quantity.quantity>0.000000</in_Quantity.quantity><out_Quantity.quantity>372.219849</out_Quantity.quantity></Point><Point><position>3902</position><in_Quantity.quantity>0.000000</in_Quantity.quantity><out_Quantity.quantity>233.264060</out_Quantity.quantity></Point><Point><position>3903</position><in_Quantity.quantity>0.000000</in_Quantity.quantity><out_Quantity.quantity>318.813055</out_Quantity.quantity></Point><Point><position>3904</position><in_Quantity.quantity>0.000000</in_Quantity.quantity><out_Quantity.quantity>485.155249</out_Quantity.quantity></Point><Point><position>3905</position><in_Quantity.quantity>0.000000</in_Quantity.quantity><out_Quantity.quantity>417.326027</out_Quantity.quantity></Point><Point><position>3906</position><in_Quantity.quantity>0.000000</in_Quantity.quantity><out_Quantity.quantity>348.248023</out_Quantity.quantity></Point><Point><position>3907</position><in_Quantity.quantity>0.000000</in_Quantity.quantity><out_Quantity.quantity>261.474136</out_Quantity.quantity></Point><Point><position>3908</position><in_Quantity.quantity>0.000000</in_Quantity.quantity><out_Quantity.quantity>391.388086</out_Quantity.quantity></Point><Point><position>3909</position><in_Quantity.quantity>0.000000</in_Quantity.quantity><out_Quantity.quantity>206.044232</out_Quantity.quantity></Point><Point><position>3910</position><in_Quantity.quantity>0.000000</in_Quantity.quantity><out_Quantity.quantity>192.589741</out_Quantity.quantity></Point><Point><position>3911</position><in_Quantity.quantity>0.000000</in_Quantity.quantity><out_Quantity.quantity>168.470426</out_Quantity.quantity></Point><Point><position>3912</position><in_Quantity.quantity>0.000000</in_Quantity.quantity><out_Quantity.quantity>908.386812</out_Quantity.quantity></Point><Point><position>3913</position><in_Quantity.quantity>0.000000</in_Quantity.quantity><out_Quantity.quantity>585.412123</out_Quantity.quantity></Point><Point><position>3914</position><in_Quantity.quantity>0.000000</in_Quantity.quantity><out_Quantity.quantity>631.752932</out_Quantity.quantity></Point><Point><position>3915</position><in_Quantity.quantity>0.000000</in_Quantity.quantity><out_Quantity.quantity>990.043429</out_Quantity.quantity></Point><Point><position>3916</position><in_Quantity.quantity>0.000000</in_Quantity.quantity><out_Quantity.quantity>58.411378</out_Quantity.quantity></Point><Point><position>3917</position><in_Quantity.quantity>0.000000</in_Quantity.quantity><out_Quantity.quantity>729.014614</out_Quantity.quantity></Point><Point><position>3918</position><in_Quantity.quantity>0.000000</in_Quantity.quantity><out_Quantity.quantity>554.578449</out_Quantity.quantity></Point><Point><position>3919</position><in_Quantity.quantity>0.000000</in_Quantity.quantity><out_Quantity.quantity>144.433991</out_Quantity.quantity></Point><Point><position>3920</position><in_Quantity.quantity>0.000000</in_Quantity.quantity><out_Quantity.quantity>881.201918</out_Quantity.quantity></Point><Point><position>3921</position><in_Quantity.quantity>0.000000</in_Quantity.quantity><out_Quantity.quantity>268.155967</out_Quantity.quantity></Point><Point><position>3922</position><in_Quantity.quantity>0.000000</in_Quantity.quantity><out_Quantity.quantity>840.707960</out_Quantity.quantity></Point><Point><position>3923</position><in_Quantity.quantity>0.000000</in_Quantity.quantity><out_Quantity.quantity>680.362258</out_Quantity.quantity></Point><Point><position>3924</position><in_Quantity.quantity>0.000000</in_Quantity.quantity><out_Quantity.quantity>997.396227</out_Quantity.quantity></Point><Point><position>3925</position><in_Quantity.quantity>0.000000</in_Quantity.quantity><out_Quantity.quantity>400.095570</out_Quantity.quantity></Point><Point><position>3926</position><in_Quantity.quantity>0.000000</in_Quantity.quantity><out_Quantity.quantity>20.327332</out_Quantity.quantity></Point><Point><position>3927</position><in_Quantity.quantity>0.000000</in_Quantity.quantity><out_Quantity.quantity>815.570252</out_Quantity.quantity></Point><Point><position>3928</position><in_Quantity.quantity>0.000000</in_Quantity.quantity><out_Quantity.quantity>784.740742</out_Quantity.quantity></Point><Point><position>3929</position><in_Quantity.quantity>0.000000</in_Quantity.quantity><out_Quantity.quantity>241.264546</out_Quantity.quantity></Point><Point><position>3930</position><in_Quantity.quantity>0.000000</in_Quantity.quantity><out_Quantity.quantity>539.023854</out_Quantity.quantity></Point><Point><position>3931</position><in_Quantity.quantity>0.000000</in_Quantity.quantity><out_Quantity.quantity>870.271944</out_Quantity.quantity></Point><Point><position>3932</position><in_Quantity.quantity>0.000000</in_Quantity.quantity><out_Quantity.quantity>866.357021</out_Quantity.quantity></Point><Point><position>3933</position><in_Quantity.quantity>0.000000</in_Quantity.quantity><out_Quantity.quantity>538.090797</out_Quantity.quantity></Point><Point><position>3934</position><in_Quantity.quantity>0.000000</in_Quantity.quantity><out_Quantity.quantity>677.339579</out_Quantity.quantity></Point><Point><position>3935</position><in_Quantity.quantity>0.000000</in_Quantity.quantity><out_Quantity.quantity>89.088779</out_Quantity.quantity></Point><Point><position>3936</position><in_Quantity.quantity>0.000000</in_Quantity.quantity><out_Quantity.quantity>963.147920</out_Quantity.quantity></Point><Point><position>3937</position><in_Quantity.quantity>0.000000</in_Quantity.quantity><out_Quantity.quantity>731.446590</out_Quantity.quantity></Point><Point><position>3938</position><in_Quantity.quantity>0.000000</in_Quantity.quantity><out_Quantity.quantity>682.973710</out_Quantity.quantity></Point><Point><position>3939</position><in_Quantity.quantity>0.000000</in_Quantity.quantity><out_Quantity.quantity>27.773289</out_Quantity.quantity></Point><Point><position>3940</position><in_Quantity.quantity>0.000000</in_Quantity.quantity><out_Quantity.quantity>111.914046</out_Quantity.quantity></Point><Point><position>3941</position><in_Quantity.quantity>0.000000</in_Quantity.quantity><out_Quantity.quantity>28.175847</out_Quantity.quantity></Point><Point><position>3942</position><in_Quantity.quantity>0.000000</in_Quantity.quantity><out_Quantity.quantity>302.181613</out_Quantity.quantity></Point><Point><position>3943</position><in_Quantity.quantity>0.000000</in_Quantity.quantity><out_Quantity.quantity>734.728914</out_Quantity.quantity></Point><Point><position>3944</position><in_Quantity.quantity>0.000000</in_Quantity.quantity><out_Quantity.quantity>925.932488</out_Quantity.quantity></Point><Point><position>3945</position><in_Quantity.quantity>0.000000</in_Quantity.quantity><out_Quantity.quantity>98.263058</out_Quantity.quantity></Point><Point><position>3946</position><in_Quantity.quantity>0.000000</in_Quantity.quantity><out_Quantity.quantity>438.948696</out_Quantity.quantity></Point><Point><position>3947</position><in_Quantity.quantity>0.000000</in_Quantity.quantity><out_Quantity.quantity>186.032854</out_Quantity.quantity></Point><Point><position>3948</position><in_Quantity.quantity>0.000000</in_Quantity.quantity><out_Quantity.quantity>981.104209</out_Quantity.quantity></Point><Point><position>3949</position><in_Quantity.quantity>0.000000</in_Quantity.quantity><out_Quantity.quantity>377.157237</out_Quantity.quantity></Point><Point><position>3950</position><in_Quantity.quantity>0.000000</in_Quantity.quantity><out_Quantity.quantity>541.749231</out_Quantity.quantity></Point><Point><position>3951</position><in_Quantity.quantity>0.000000</in_Quantity.quantity><out_Quantity.quantity>854.977706</out_Quantity.quantity></Point><Point><position>3952</position><in_Quantity.quantity>0.000000</in_Quantity.quantity><out_Quantity.quantity>364.907281</out_Quantity.quantity></Point><Point><position>3953</position><in_Quantity.quantity>0.000000</in_Quantity.quantity><out_Quantity.quantity>82.533814</out_Quantity.quantity></Point><Point><position>3954</position><in_Quantity.quantity>0.000000</in_Quantity.quantity><out_Quantity.quantity>993.135440</out_Quantity.quantity></Point><Point><position>3955</position><in_Quantity.quantity>0.000000</in_Quantity.quantity><out_Quantity.quantity>546.573540</out_Quantity.quantity></Point><Point><position>3956</position><in_Quantity.quantity>0.000000</in_Quantity.quantity><out_Quantity.quantity>534.415184</out_Quantity.quantity></Point><Point><position>3957</position><in_Quantity.quantity>0.000000</in_Quantity.quantity><out_Quantity.quantity>948.042691</out_Quantity.quantity></Point><Point><position>3958</position><in_Quantity.quantity>0.000000</in_Quantity.quantity><out_Quantity.quantity>268.802030</out_Quantity.quantity></Point><Point><position>3959</position><in_Quantity.quantity>0.000000</in_Quantity.quantity><out_Quantity.quantity>977.296848</out_Quantity.quantity></Point><Point><position>3960</position><in_Quantity.quantity>0.000000</in_Quantity.quantity><out_Quantity.quantity>162.331832</out_Quantity.quantity></Point><Point><position>3961</position><in_Quantity.quantity>0.000000</in_Quantity.quantity><out_Quantity.quantity>228.382590</out_Quantity.quantity></Point><Point><position>3962</position><in_Quantity.quantity>0.000000</in_Quantity.quantity><out_Quantity.quantity>425.149077</out_Quantity.quantity></Point><Point><position>3963</position><in_Quantity.quantity>0.000000</in_Quantity.quantity><out_Quantity.quantity>150.894771</out_Quantity.quantity></Point><Point><position>3964</position><in_Quantity.quantity>0.000000</in_Quantity.quantity><out_Quantity.quantity>552.213960</out_Quantity.quantity></Point><Point><position>3965</position><in_Quantity.quantity>0.000000</in_Quantity.quantity><out_Quantity.quantity>281.574700</out_Quantity.quantity></Point><Point><position>3966</position><in_Quantity.quantity>0.000000</in_Quantity.quantity><out_Quantity.quantity>283.177652</out_Quantity.quantity></Point><Point><position>3967</position><in_Quantity.quantity>0.000000</in_Quantity.quantity><out_Quantity.quantity>46.338561</out_Quantity.quantity></Point><Point><position>3968</position><in_Quantity.quantity>0.000000</in_Quantity.quantity><out_Quantity.quantity>16.479944</out_Quantity.quantity></Point><Point><position>3969</position><in_Quantity.quantity>0.000000</in_Quantity.quantity><out_Quantity.quantity>555.571333</out_Quantity.quantity></Point><Point><position>3970</position><in_Quantity.quantity>0.000000</in_Quantity.quantity><out_Quantity.quantity>712.827597</out_Quantity.quantity></Point><Point><position>3971</position><in_Quantity.quantity>0.000000</in_Quantity.quantity><out_Quantity.quantity>405.577035</out_Quantity.quantity></Point><Point><position>3972</position><in_Quantity.quantity>0.000000</in_Quantity.quantity><out_Quantity.quantity>748.607989</out_Quantity.quantity></Point><Point><position>3973</position><in_Quantity.quantity>0.000000</in_Quantity.quantity><out_Quantity.quantity>416.777710</out_Quantity.quantity></Point><Point><position>3974</position><in_Quantity.quantity>0.000000</in_Quantity.quantity><out_Quantity.quantity>317.120397</out_Quantity.quantity></Point><Point><position>3975</position><in_Quantity.quantity>0.000000</in_Quantity.quantity><out_Quantity.quantity>806.063194</out_Quantity.quantity></Point><Point><position>3976</position><in_Quantity.quantity>0.000000</in_Quantity.quantity><out_Quantity.quantity>496.407946</out_Quantity.quantity></Point><Point><position>3977</position><in_Quantity.quantity>0.000000</in_Quantity.quantity><out_Quantity.quantity>340.588776</out_Quantity.quantity></Point><Point><position>3978</position><in_Quantity.quantity>0.000000</in_Quantity.quantity><out_Quantity.quantity>467.289060</out_Quantity.quantity></Point><Point><position>3979</position><in_Quantity.quantity>0.000000</in_Quantity.quantity><out_Quantity.quantity>759.944184</out_Quantity.quantity></Point><Point><position>3980</position><in_Quantity.quantity>0.000000</in_Quantity.quantity><out_Quantity.quantity>880.001294</out_Quantity.quantity></Point><Point><position>3981</position><in_Quantity.quantity>0.000000</in_Quantity.quantity><out_Quantity.quantity>919.487670</out_Quantity.quantity></Point><Point><position>3982</position><in_Quantity.quantity>0.000000</in_Quantity.quantity><out_Quantity.quantity>663.861803</out_Quantity.quantity></Point><Point><position>3983</position><in_Quantity.quantity>0.000000</in_Quantity.quantity><out_Quantity.quantity>351.158945</out_Quantity.quantity></Point><Point><position>3984</position><in_Quantity.quantity>0.000000</in_Quantity.quantity><out_Quantity.quantity>749.672016</out_Quantity.quantity></Point><Point><position>3985</position><in_Quantity.quantity>0.000000</in_Quantity.quantity><out_Quantity.quantity>435.885758</out_Quantity.quantity></Point><Point><position>3986</position><in_Quantity.quantity>0.000000</in_Quantity.quantity><out_Quantity.quantity>450.248508</out_Quantity.quantity></Point><Point><position>3987</position><in_Quantity.quantity>0.000000</in_Quantity.quantity><out_Quantity.quantity>860.702304</out_Quantity.quantity></Point><Point><position>3988</position><in_Quantity.quantity>0.000000</in_Quantity.quantity><out_Quantity.quantity>13.879078</out_Quantity.quantity></Point><Point><position>3989</position><in_Quantity.quantity>0.000000</in_Quantity.quantity><out_Quantity.quantity>667.994354</out_Quantity.quantity></Point><Point><position>3990</position><in_Quantity.quantity>0.000000</in_Quantity.quantity><out_Quantity.quantity>862.224060</out_Quantity.quantity></Point><Point><position>3991</position><in_Quantity.quantity>0.000000</in_Quantity.quantity><out_Quantity.quantity>805.215133</out_Quantity.quantity></Point><Point><position>3992</position><in_Quantity.quantity>0.000000</in_Quantity.quantity><out_Quantity.quantity>867.947124</out_Quantity.quantity></Point><Point><position>3993</position><in_Quantity.quantity>0.000000</in_Quantity.quantity><out_Quantity.quantity>348.417307</out_Quantity.quantity></Point><Point><position>3994</position><in_Quantity.quantity>0.000000</in_Quantity.quantity><out_Quantity.quantity>464.068952</out_Quantity.quantity></Point><Point><position>3995</position><in_Quantity.quantity>0.000000</in_Quantity.quantity><out_Quantity.quantity>469.241787</out_Quantity.quantity></Point><Point><position>3996</position><in_Quantity.quantity>0.000000</in_Quantity.quantity><out_Quantity.quantity>858.100544</out_Quantity.quantity></Point><Point><position>3997</position><in_Quantity.quantity>0.000000</in_Quantity.quantity><out_Quantity.quantity>176.945125</out_Quantity.quantity></Point><Point><position>3998</position><in_Quantity.quantity>0.000000</in_Quantity.quantity><out_Quantity.quantity>769.631817</out_Quantity.quantity></Point><Point><position>3999</position><in_Quantity.quantity>0.000000</in_Quantity.quantity><out_Quantity.quantity>852.357302</out_Quantity.quantity></Point><Point><position>4000</position><in_Quantity.quantity>0.000000</in_Quantity.quantity><out_Quantity.quantity>844.678712</out_Quantity.quantity></Point><Point><position>4001</position><in_Quantity.quantity>0.000000</in_Quantity.quantity><out_Quantity.quantity>746.219080</out_Quantity.quantity></Point><Point><position>4002</position><in_Quantity.quantity>0.000000</in_Quantity.quantity><out_Quantity.quantity>96.148500</out_Quantity.quantity></Point><Point><position>4003</position><in_Quantity.quantity>0.000000</in_Quantity.quantity><out_Quantity.quantity>738.608667</out_Quantity.quantity></Point><Point><position>4004</position><in_Quantity.quantity>0.000000</in_Quantity.quantity><out_Quantity.quantity>126.643679</out_Quantity.quantity></Point><Point><position>4005</position><in_Quantity.quantity>0.000000</in_Quantity.quantity><out_Quantity.quantity>511.242484</out_Quantity.quantity></Point><Point><position>4006</position><in_Quantity.quantity>0.000000</in_Quantity.quantity><out_Quantity.quantity>503.834485</out_Quantity.quantity></Point><Point><position>4007</position><in_Quantity.quantity>0.000000</in_Quantity.quantity><out_Quantity.quantity>384.992980</out_Quantity.quantity></Point><Point><position>4008</position><in_Quantity.quantity>0.000000</in_Quantity.quantity><out_Quantity.quantity>829.575760</out_Quantity.quantity></Point><Point><position>4009</position><in_Quantity.quantity>0.000000</in_Quantity.quantity><out_Quantity.quantity>767.763009</out_Quantity.quantity></Point><Point><position>4010</position><in_Quantity.quantity>0.000000</in_Quantity.quantity><out_Quantity.quantity>578.082849</out_Quantity.quantity></Point><Point><position>4011</position><in_Quantity.quantity>0.000000</in_Quantity.quantity><out_Quantity.quantity>433.684422</out_Quantity.quantity></Point><Point><position>4012</position><in_Quantity.quantity>0.000000</in_Quantity.quantity><out_Quantity.quantity>729.397085</out_Quantity.quantity></Point><Point><position>4013</position><in_Quantity.quantity>0.000000</in_Quantity.quantity><out_Quantity.quantity>546.736543</out_Quantity.quantity></Point><Point><position>4014</position><in_Quantity.quantity>0.000000</in_Quantity.quantity><out_Quantity.quantity>693.579761</out_Quantity.quantity></Point><Point><position>4015</position><in_Quantity.quantity>0.000000</in_Quantity.quantity><out_Quantity.quantity>372.131528</out_Quantity.quantity></Point><Point><position>4016</position><in_Quantity.quantity>0.000000</in_Quantity.quantity><out_Quantity.quantity>222.766085</out_Quantity.quantity></Point><Point><position>4017</position><in_Quantity.quantity>0.000000</in_Quantity.quantity><out_Quantity.quantity>224.612304</out_Quantity.quantity></Point><Point><position>4018</position><in_Quantity.quantity>0.000000</in_Quantity.quantity><out_Quantity.quantity>299.393885</out_Quantity.quantity></Point><Point><position>4019</position><in_Quantity.quantity>0.000000</in_Quantity.quantity><out_Quantity.quantity>156.726514</out_Quantity.quantity></Point><Point><position>4020</position><in_Quantity.quantity>0.000000</in_Quantity.quantity><out_Quantity.quantity>561.605105</out_Quantity.quantity></Point><Point><position>4021</position><in_Quantity.quantity>0.000000</in_Quantity.quantity><out_Quantity.quantity>960.559531</out_Quantity.quantity></Point><Point><position>4022</position><in_Quantity.quantity>0.000000</in_Quantity.quantity><out_Quantity.quantity>283.454694</out_Quantity.quantity></Point><Point><position>4023</position><in_Quantity.quantity>0.000000</in_Quantity.quantity><out_Quantity.quantity>733.572153</out_Quantity.quantity></Point><Point><position>4024</position><in_Quantity.quantity>0.000000</in_Quantity.quantity><out_Quantity.quantity>863.321891</out_Quantity.quantity></Point><Point><position>4025</position><in_Quantity.quantity>0.000000</in_Quantity.quantity><out_Quantity.quantity>334.965287</out_Quantity.quantity></Point><Point><position>4026</position><in_Quantity.quantity>0.000000</in_Quantity.quantity><out_Quantity.quantity>68.339055</out_Quantity.quantity></Point><Point><position>4027</position><in_Quantity.quantity>0.000000</in_Quantity.quantity><out_Quantity.quantity>959.186563</out_Quantity.quantity></Point><Point><position>4028</position><in_Quantity.quantity>0.000000</in_Quantity.quantity><out_Quantity.quantity>387.659310</out_Quantity.quantity></Point><Point><position>4029</position><in_Quantity.quantity>0.000000</in_Quantity.quantity><out_Quantity.quantity>604.728901</out_Quantity.quantity></Point><Point><position>4030</position><in_Quantity.quantity>0.000000</in_Quantity.quantity><out_Quantity.quantity>22.297567</out_Quantity.quantity></Point><Point><position>4031</position><in_Quantity.quantity>0.000000</in_Quantity.quantity><out_Quantity.quantity>789.971012</out_Quantity.quantity></Point><Point><position>4032</position><in_Quantity.quantity>0.000000</in_Quantity.quantity><out_Quantity.quantity>932.605381</out_Quantity.quantity></Point><Point><position>4033</position><in_Quantity.quantity>0.000000</in_Quantity.quantity><out_Quantity.quantity>728.913542</out_Quantity.quantity></Point><Point><position>4034</position><in_Quantity.quantity>0.000000</in_Quantity.quantity><out_Quantity.quantity>625.158166</out_Quantity.quantity></Point><Point><position>4035</position><in_Quantity.quantity>0.000000</in_Quantity.quantity><out_Quantity.quantity>182.610358</out_Quantity.quantity></Point><Point><position>4036</position><in_Quantity.quantity>0.000000</in_Quantity.quantity><out_Quantity.quantity>733.948748</out_Quantity.quantity></Point><Point><position>4037</position><in_Quantity.quantity>0.000000</in_Quantity.quantity><out_Quantity.quantity>221.862394</out_Quantity.quantity></Point><Point><position>4038</position><in_Quantity.quantity>0.000000</in_Quantity.quantity><out_Quantity.quantity>286.540278</out_Quantity.quantity></Point><Point><position>4039</position><in_Quantity.quantity>0.000000</in_Quantity.quantity><out_Quantity.quantity>743.127305</out_Quantity.quantity></Point><Point><position>4040</position><in_Quantity.quantity>0.000000</in_Quantity.quantity><out_Quantity.quantity>623.191014</out_Quantity.quantity></Point><Point><position>4041</position><in_Quantity.quantity>0.000000</in_Quantity.quantity><out_Quantity.quantity>974.517790</out_Quantity.quantity></Point><Point><position>4042</position><in_Quantity.quantity>0.000000</in_Quantity.quantity><out_Quantity.quantity>884.607394</out_Quantity.quantity></Point><Point><position>4043</position><in_Quantity.quantity>0.000000</in_Quantity.quantity><out_Quantity.quantity>711.836946</out_Quantity.quantity></Point><Point><position>4044</position><in_Quantity.quantity>0.000000</in_Quantity.quantity><out_Quantity.quantity>82.727838</out_Quantity.quantity></Point><Point><position>4045</position><in_Quantity.quantity>0.000000</in_Quantity.quantity><out_Quantity.quantity>508.407735</out_Quantity.quantity></Point><Point><position>4046</position><in_Quantity.quantity>0.000000</in_Quantity.quantity><out_Quantity.quantity>799.541557</out_Quantity.quantity></Point><Point><position>4047</position><in_Quantity.quantity>0.000000</in_Quantity.quantity><out_Quantity.quantity>861.713083</out_Quantity.quantity></Point><Point><position>4048</position><in_Quantity.quantity>0.000000</in_Quantity.quantity><out_Quantity.quantity>725.905415</out_Quantity.quantity></Point><Point><position>4049</position><in_Quantity.quantity>0.000000</in_Quantity.quantity><out_Quantity.quantity>445.971651</out_Quantity.quantity></Point><Point><position>4050</position><in_Quantity.quantity>0.000000</in_Quantity.quantity><out_Quantity.quantity>5.709115</out_Quantity.quantity></Point><Point><position>4051</position><in_Quantity.quantity>0.000000</in_Quantity.quantity><out_Quantity.quantity>857.748844</out_Quantity.quantity></Point><Point><position>4052</position><in_Quantity.quantity>0.000000</in_Quantity.quantity><out_Quantity.quantity>215.590406</out_Quantity.quantity></Point><Point><position>4053</position><in_Quantity.quantity>0.000000</in_Quantity.quantity><out_Quantity.quantity>858.368906</out_Quantity.quantity></Point><Point><position>4054</position><in_Quantity.quantity>0.000000</in_Quantity.quantity><out_Quantity.quantity>265.327107</out_Quantity.quantity></Point><Point><position>4055</position><in_Quantity.quantity>0.000000</in_Quantity.quantity><out_Quantity.quantity>218.927272</out_Quantity.quantity></Point><Point><position>4056</position><in_Quantity.quantity>0.000000</in_Quantity.quantity><out_Quantity.quantity>473.948758</out_Quantity.quantity></Point><Point><position>4057</position><in_Quantity.quantity>0.000000</in_Quantity.quantity><out_Quantity.quantity>715.515473</out_Quantity.quantity></Point><Point><position>4058</position><in_Quantity.quantity>0.000000</in_Quantity.quantity><out_Quantity.quantity>252.700413</out_Quantity.quantity></Point><Point><position>4059</position><in_Quantity.quantity>0.000000</in_Quantity.quantity><out_Quantity.quantity>795.772764</out_Quantity.quantity></Point><Point><position>4060</position><in_Quantity.quantity>0.000000</in_Quantity.quantity><out_Quantity.quantity>743.385230</out_Quantity.quantity></Point><Point><position>4061</position><in_Quantity.quantity>0.000000</in_Quantity.quantity><out_Quantity.quantity>568.025922</out_Quantity.quantity></Point><Point><position>4062</position><in_Quantity.quantity>0.000000</in_Quantity.quantity><out_Quantity.quantity>537.464157</out_Quantity.quantity></Point><Point><position>4063</position><in_Quantity.quantity>0.000000</in_Quantity.quantity><out_Quantity.quantity>700.460874</out_Quantity.quantity></Point><Point><position>4064</position><in_Quantity.quantity>0.000000</in_Quantity.quantity><out_Quantity.quantity>876.246913</out_Quantity.quantity></Point><Point><position>4065</position><in_Quantity.quantity>0.000000</in_Quantity.quantity><out_Quantity.quantity>456.840169</out_Quantity.quantity></Point><Point><position>4066</position><in_Quantity.quantity>0.000000</in_Quantity.quantity><out_Quantity.quantity>570.502160</out_Quantity.quantity></Point><Point><position>4067</position><in_Quantity.quantity>0.000000</in_Quantity.quantity><out_Quantity.quantity>413.207206</out_Quantity.quantity></Point><Point><position>4068</position><in_Quantity.quantity>0.000000</in_Quantity.quantity><out_Quantity.quantity>291.607028</out_Quantity.quantity></Point><Point><position>4069</position><in_Quantity.quantity>0.000000</in_Quantity.quantity><out_Quantity.quantity>798.382590</out_Quantity.quantity></Point><Point><position>4070</position><in_Quantity.quantity>0.000000</in_Quantity.quantity><out_Quantity.quantity>749.972974</out_Quantity.quantity></Point><Point><position>4071</position><in_Quantity.quantity>0.000000</in_Quantity.quantity><out_Quantity.quantity>78.486382</out_Quantity.quantity></Point><Point><position>4072</position><in_Quantity.quantity>0.000000</in_Quantity.quantity><out_Quantity.quantity>510.829947</out_Quantity.quantity></Point><Point><position>4073</position><in_Quantity.quantity>0.000000</in_Quantity.quantity><out_Quantity.quantity>799.004384</out_Quantity.quantity></Point><Point><position>4074</position><in_Quantity.quantity>0.000000</in_Quantity.quantity><out_Quantity.quantity>556.091066</out_Quantity.quantity></Point><Point><position>4075</position><in_Quantity.quantity>0.000000</in_Quantity.quantity><out_Quantity.quantity>403.578286</out_Quantity.quantity></Point><Point><position>4076</position><in_Quantity.quantity>0.000000</in_Quantity.quantity><out_Quantity.quantity>799.561410</out_Quantity.quantity></Point><Point><position>4077</position><in_Quantity.quantity>0.000000</in_Quantity.quantity><out_Quantity.quantity>317.830002</out_Quantity.quantity></Point><Point><position>4078</position><in_Quantity.quantity>0.000000</in_Quantity.quantity><out_Quantity.quantity>967.904115</out_Quantity.quantity></Point><Point><position>4079</position><in_Quantity.quantity>0.000000</in_Quantity.quantity><out_Quantity.quantity>644.769632</out_Quantity.quantity></Point><Point><position>4080</position><in_Quantity.quantity>0.000000</in_Quantity.quantity><out_Quantity.quantity>792.743913</out_Quantity.quantity></Point><Point><position>4081</position><in_Quantity.quantity>0.000000</in_Quantity.quantity><out_Quantity.quantity>617.493731</out_Quantity.quantity></Point><Point><position>4082</position><in_Quantity.quantity>0.000000</in_Quantity.quantity><out_Quantity.quantity>489.070524</out_Quantity.quantity></Point><Point><position>4083</position><in_Quantity.quantity>0.000000</in_Quantity.quantity><out_Quantity.quantity>100.184965</out_Quantity.quantity></Point><Point><position>4084</position><in_Quantity.quantity>0.000000</in_Quantity.quantity><out_Quantity.quantity>964.192988</out_Quantity.quantity></Point><Point><position>4085</position><in_Quantity.quantity>0.000000</in_Quantity.quantity><out_Quantity.quantity>199.068340</out_Quantity.quantity></Point><Point><position>4086</position><in_Quantity.quantity>0.000000</in_Quantity.quantity><out_Quantity.quantity>495.312470</out_Quantity.quantity></Point><Point><position>4087</position><in_Quantity.quantity>0.000000</in_Quantity.quantity><out_Quantity.quantity>303.459119</out_Quantity.quantity></Point><Point><position>4088</position><in_Quantity.quantity>0.000000</in_Quantity.quantity><out_Quantity.quantity>858.303315</out_Quantity.quantity></Point><Point><position>4089</position><in_Quantity.quantity>0.000000</in_Quantity.quantity><out_Quantity.quantity>731.728941</out_Quantity.quantity></Point><Point><position>4090</position><in_Quantity.quantity>0.000000</in_Quantity.quantity><out_Quantity.quantity>997.237406</out_Quantity.quantity></Point><Point><position>4091</position><in_Quantity.quantity>0.000000</in_Quantity.quantity><out_Quantity.quantity>414.377407</out_Quantity.quantity></Point><Point><position>4092</position><in_Quantity.quantity>0.000000</in_Quantity.quantity><out_Quantity.quantity>77.430589</out_Quantity.quantity></Point><Point><position>4093</position><in_Quantity.quantity>0.000000</in_Quantity.quantity><out_Quantity.quantity>698.920592</out_Quantity.quantity></Point><Point><position>4094</position><in_Quantity.quantity>0.000000</in_Quantity.quantity><out_Quantity.quantity>143.898741</out_Quantity.quantity></Point><Point><position>4095</position><in_Quantity.quantity>0.000000</in_Quantity.quantity><out_Quantity.quantity>282.941898</out_Quantity.quantity></Point><Point><position>4096</position><in_Quantity.quantity>0.000000</in_Quantity.quantity><out_Quantity.quantity>38.270069</out_Quantity.quantity></Point><Point><position>4097</position><in_Quantity.quantity>0.000000</in_Quantity.quantity><out_Quantity.quantity>690.174392</out_Quantity.quantity></Point><Point><position>4098</position><in_Quantity.quantity>0.000000</in_Quantity.quantity><out_Quantity.quantity>542.604143</out_Quantity.quantity></Point><Point><position>4099</position><in_Quantity.quantity>0.000000</in_Quantity.quantity><out_Quantity.quantity>764.289158</out_Quantity.quantity></Point><Point><position>4100</position><in_Quantity.quantity>0.000000</in_Quantity.quantity><out_Quantity.quantity>38.200206</out_Quantity.quantity></Point><Point><position>4101</position><in_Quantity.quantity>0.000000</in_Quantity.quantity><out_Quantity.quantity>537.331922</out_Quantity.quantity></Point><Point><position>4102</position><in_Quantity.quantity>0.000000</in_Quantity.quantity><out_Quantity.quantity>356.099233</out_Quantity.quantity></Point><Point><position>4103</position><in_Quantity.quantity>0.000000</in_Quantity.quantity><out_Quantity.quantity>557.446914</out_Quantity.quantity></Point><Point><position>4104</position><in_Quantity.quantity>0.000000</in_Quantity.quantity><out_Quantity.quantity>239.710451</out_Quantity.quantity></Point><Point><position>4105</position><in_Quantity.quantity>0.000000</in_Quantity.quantity><out_Quantity.quantity>431.439272</out_Quantity.quantity></Point><Point><position>4106</position><in_Quantity.quantity>0.000000</in_Quantity.quantity><out_Quantity.quantity>604.293544</out_Quantity.quantity></Point><Point><position>4107</position><in_Quantity.quantity>0.000000</in_Quantity.quantity><out_Quantity.quantity>546.223651</out_Quantity.quantity></Point><Point><position>4108</position><in_Quantity.quantity>0.000000</in_Quantity.quantity><out_Quantity.quantity>92.833378</out_Quantity.quantity></Point><Point><position>4109</position><in_Quantity.quantity>0.000000</in_Quantity.quantity><out_Quantity.quantity>640.835963</out_Quantity.quantity></Point><Point><position>4110</position><in_Quantity.quantity>0.000000</in_Quantity.quantity><out_Quantity.quantity>50.163819</out_Quantity.quantity></Point><Point><position>4111</position><in_Quantity.quantity>0.000000</in_Quantity.quantity><out_Quantity.quantity>320.835275</out_Quantity.quantity></Point><Point><position>4112</position><in_Quantity.quantity>0.000000</in_Quantity.quantity><out_Quantity.quantity>989.004086</out_Quantity.quantity></Point><Point><position>4113</position><in_Quantity.quantity>0.000000</in_Quantity.quantity><out_Quantity.quantity>639.274220</out_Quantity.quantity></Point><Point><position>4114</position><in_Quantity.quantity>0.000000</in_Quantity.quantity><out_Quantity.quantity>2.087323</out_Quantity.quantity></Point><Point><position>4115</position><in_Quantity.quantity>0.000000</in_Quantity.quantity><out_Quantity.quantity>89.021527</out_Quantity.quantity></Point><Point><position>4116</position><in_Quantity.quantity>0.000000</in_Quantity.quantity><out_Quantity.quantity>89.107520</out_Quantity.quantity></Point><Point><position>4117</position><in_Quantity.quantity>0.000000</in_Quantity.quantity><out_Quantity.quantity>232.104167</out_Quantity.quantity></Point><Point><position>4118</position><in_Quantity.quantity>0.000000</in_Quantity.quantity><out_Quantity.quantity>584.539668</out_Quantity.quantity></Point><Point><position>4119</position><in_Quantity.quantity>0.000000</in_Quantity.quantity><out_Quantity.quantity>948.203629</out_Quantity.quantity></Point><Point><position>4120</position><in_Quantity.quantity>0.000000</in_Quantity.quantity><out_Quantity.quantity>213.125309</out_Quantity.quantity></Point><Point><position>4121</position><in_Quantity.quantity>0.000000</in_Quantity.quantity><out_Quantity.quantity>557.709867</out_Quantity.quantity></Point><Point><position>4122</position><in_Quantity.quantity>0.000000</in_Quantity.quantity><out_Quantity.quantity>986.386850</out_Quantity.quantity></Point><Point><position>4123</position><in_Quantity.quantity>0.000000</in_Quantity.quantity><out_Quantity.quantity>99.059270</out_Quantity.quantity></Point><Point><position>4124</position><in_Quantity.quantity>0.000000</in_Quantity.quantity><out_Quantity.quantity>853.878992</out_Quantity.quantity></Point><Point><position>4125</position><in_Quantity.quantity>0.000000</in_Quantity.quantity><out_Quantity.quantity>658.986005</out_Quantity.quantity></Point><Point><position>4126</position><in_Quantity.quantity>0.000000</in_Quantity.quantity><out_Quantity.quantity>952.734521</out_Quantity.quantity></Point><Point><position>4127</position><in_Quantity.quantity>0.000000</in_Quantity.quantity><out_Quantity.quantity>416.522726</out_Quantity.quantity></Point><Point><position>4128</position><in_Quantity.quantity>0.000000</in_Quantity.quantity><out_Quantity.quantity>97.316741</out_Quantity.quantity></Point><Point><position>4129</position><in_Quantity.quantity>0.000000</in_Quantity.quantity><out_Quantity.quantity>285.968187</out_Quantity.quantity></Point><Point><position>4130</position><in_Quantity.quantity>0.000000</in_Quantity.quantity><out_Quantity.quantity>853.666615</out_Quantity.quantity></Point><Point><position>4131</position><in_Quantity.quantity>0.000000</in_Quantity.quantity><out_Quantity.quantity>204.476929</out_Quantity.quantity></Point><Point><position>4132</position><in_Quantity.quantity>0.000000</in_Quantity.quantity><out_Quantity.quantity>718.579363</out_Quantity.quantity></Point><Point><position>4133</position><in_Quantity.quantity>0.000000</in_Quantity.quantity><out_Quantity.quantity>832.846837</out_Quantity.quantity></Point><Point><position>4134</position><in_Quantity.quantity>0.000000</in_Quantity.quantity><out_Quantity.quantity>908.747454</out_Quantity.quantity></Point><Point><position>4135</position><in_Quantity.quantity>0.000000</in_Quantity.quantity><out_Quantity.quantity>166.881232</out_Quantity.quantity></Point><Point><position>4136</position><in_Quantity.quantity>0.000000</in_Quantity.quantity><out_Quantity.quantity>285.087990</out_Quantity.quantity></Point><Point><position>4137</position><in_Quantity.quantity>0.000000</in_Quantity.quantity><out_Quantity.quantity>220.535479</out_Quantity.quantity></Point><Point><position>4138</position><in_Quantity.quantity>0.000000</in_Quantity.quantity><out_Quantity.quantity>336.756951</out_Quantity.quantity></Point><Point><position>4139</position><in_Quantity.quantity>0.000000</in_Quantity.quantity><out_Quantity.quantity>949.677691</out_Quantity.quantity></Point><Point><position>4140</position><in_Quantity.quantity>0.000000</in_Quantity.quantity><out_Quantity.quantity>981.096814</out_Quantity.quantity></Point><Point><position>4141</position><in_Quantity.quantity>0.000000</in_Quantity.quantity><out_Quantity.quantity>23.384581</out_Quantity.quantity></Point><Point><position>4142</position><in_Quantity.quantity>0.000000</in_Quantity.quantity><out_Quantity.quantity>623.374354</out_Quantity.quantity></Point><Point><position>4143</position><in_Quantity.quantity>0.000000</in_Quantity.quantity><out_Quantity.quantity>395.074443</out_Quantity.quantity></Point><Point><position>4144</position><in_Quantity.quantity>0.000000</in_Quantity.quantity><out_Quantity.quantity>760.955397</out_Quantity.quantity></Point><Point><position>4145</position><in_Quantity.quantity>0.000000</in_Quantity.quantity><out_Quantity.quantity>142.051610</out_Quantity.quantity></Point><Point><position>4146</position><in_Quantity.quantity>0.000000</in_Quantity.quantity><out_Quantity.quantity>589.341361</out_Quantity.quantity></Point><Point><position>4147</position><in_Quantity.quantity>0.000000</in_Quantity.quantity><out_Quantity.quantity>644.297872</out_Quantity.quantity></Point><Point><position>4148</position><in_Quantity.quantity>0.000000</in_Quantity.quantity><out_Quantity.quantity>390.715633</out_Quantity.quantity></Point><Point><position>4149</position><in_Quantity.quantity>0.000000</in_Quantity.quantity><out_Quantity.quantity>298.308244</out_Quantity.quantity></Point><Point><position>4150</position><in_Quantity.quantity>0.000000</in_Quantity.quantity><out_Quantity.quantity>433.821615</out_Quantity.quantity></Point><Point><position>4151</position><in_Quantity.quantity>0.000000</in_Quantity.quantity><out_Quantity.quantity>31.478410</out_Quantity.quantity></Point><Point><position>4152</position><in_Quantity.quantity>0.000000</in_Quantity.quantity><out_Quantity.quantity>412.432266</out_Quantity.quantity></Point><Point><position>4153</position><in_Quantity.quantity>0.000000</in_Quantity.quantity><out_Quantity.quantity>239.879326</out_Quantity.quantity></Point><Point><position>4154</position><in_Quantity.quantity>0.000000</in_Quantity.quantity><out_Quantity.quantity>5.318462</out_Quantity.quantity></Point><Point><position>4155</position><in_Quantity.quantity>0.000000</in_Quantity.quantity><out_Quantity.quantity>632.432029</out_Quantity.quantity></Point><Point><position>4156</position><in_Quantity.quantity>0.000000</in_Quantity.quantity><out_Quantity.quantity>863.979822</out_Quantity.quantity></Point><Point><position>4157</position><in_Quantity.quantity>0.000000</in_Quantity.quantity><out_Quantity.quantity>214.087354</out_Quantity.quantity></Point><Point><position>4158</position><in_Quantity.quantity>0.000000</in_Quantity.quantity><out_Quantity.quantity>614.314382</out_Quantity.quantity></Point><Point><position>4159</position><in_Quantity.quantity>0.000000</in_Quantity.quantity><out_Quantity.quantity>877.572104</out_Quantity.quantity></Point><Point><position>4160</position><in_Quantity.quantity>0.000000</in_Quantity.quantity><out_Quantity.quantity>944.625216</out_Quantity.quantity></Point><Point><position>4161</position><in_Quantity.quantity>0.000000</in_Quantity.quantity><out_Quantity.quantity>944.582458</out_Quantity.quantity></Point><Point><position>4162</position><in_Quantity.quantity>0.000000</in_Quantity.quantity><out_Quantity.quantity>129.147858</out_Quantity.quantity></Point><Point><position>4163</position><in_Quantity.quantity>0.000000</in_Quantity.quantity><out_Quantity.quantity>987.436322</out_Quantity.quantity></Point><Point><position>4164</position><in_Quantity.quantity>0.000000</in_Quantity.quantity><out_Quantity.quantity>512.915646</out_Quantity.quantity></Point><Point><position>4165</position><in_Quantity.quantity>0.000000</in_Quantity.quantity><out_Quantity.quantity>162.651279</out_Quantity.quantity></Point><Point><position>4166</position><in_Quantity.quantity>0.000000</in_Quantity.quantity><out_Quantity.quantity>69.748481</out_Quantity.quantity></Point><Point><position>4167</position><in_Quantity.quantity>0.000000</in_Quantity.quantity><out_Quantity.quantity>659.162513</out_Quantity.quantity></Point><Point><position>4168</position><in_Quantity.quantity>0.000000</in_Quantity.quantity><out_Quantity.quantity>181.867964</out_Quantity.quantity></Point><Point><position>4169</position><in_Quantity.quantity>0.000000</in_Quantity.quantity><out_Quantity.quantity>548.490273</out_Quantity.quantity></Point><Point><position>4170</position><in_Quantity.quantity>0.000000</in_Quantity.quantity><out_Quantity.quantity>989.074343</out_Quantity.quantity></Point><Point><position>4171</position><in_Quantity.quantity>0.000000</in_Quantity.quantity><out_Quantity.quantity>671.618827</out_Quantity.quantity></Point><Point><position>4172</position><in_Quantity.quantity>0.000000</in_Quantity.quantity><out_Quantity.quantity>945.547095</out_Quantity.quantity></Point><Point><position>4173</position><in_Quantity.quantity>0.000000</in_Quantity.quantity><out_Quantity.quantity>489.436291</out_Quantity.quantity></Point><Point><position>4174</position><in_Quantity.quantity>0.000000</in_Quantity.quantity><out_Quantity.quantity>207.010933</out_Quantity.quantity></Point><Point><position>4175</position><in_Quantity.quantity>0.000000</in_Quantity.quantity><out_Quantity.quantity>829.601144</out_Quantity.quantity></Point><Point><position>4176</position><in_Quantity.quantity>0.000000</in_Quantity.quantity><out_Quantity.quantity>546.193961</out_Quantity.quantity></Point><Point><position>4177</position><in_Quantity.quantity>0.000000</in_Quantity.quantity><out_Quantity.quantity>375.651954</out_Quantity.quantity></Point><Point><position>4178</position><in_Quantity.quantity>0.000000</in_Quantity.quantity><out_Quantity.quantity>479.449098</out_Quantity.quantity></Point><Point><position>4179</position><in_Quantity.quantity>0.000000</in_Quantity.quantity><out_Quantity.quantity>679.264100</out_Quantity.quantity></Point><Point><position>4180</position><in_Quantity.quantity>0.000000</in_Quantity.quantity><out_Quantity.quantity>774.509727</out_Quantity.quantity></Point><Point><position>4181</position><in_Quantity.quantity>0.000000</in_Quantity.quantity><out_Quantity.quantity>257.516945</out_Quantity.quantity></Point><Point><position>4182</position><in_Quantity.quantity>0.000000</in_Quantity.quantity><out_Quantity.quantity>970.559253</out_Quantity.quantity></Point><Point><position>4183</position><in_Quantity.quantity>0.000000</in_Quantity.quantity><out_Quantity.quantity>338.657572</out_Quantity.quantity></Point><Point><position>4184</position><in_Quantity.quantity>0.000000</in_Quantity.quantity><out_Quantity.quantity>52.482181</out_Quantity.quantity></Point><Point><position>4185</position><in_Quantity.quantity>0.000000</in_Quantity.quantity><out_Quantity.quantity>992.104480</out_Quantity.quantity></Point><Point><position>4186</position><in_Quantity.quantity>0.000000</in_Quantity.quantity><out_Quantity.quantity>181.701499</out_Quantity.quantity></Point><Point><position>4187</position><in_Quantity.quantity>0.000000</in_Quantity.quantity><out_Quantity.quantity>94.170544</out_Quantity.quantity></Point><Point><position>4188</position><in_Quantity.quantity>0.000000</in_Quantity.quantity><out_Quantity.quantity>224.007617</out_Quantity.quantity></Point><Point><position>4189</position><in_Quantity.quantity>0.000000</in_Quantity.quantity><out_Quantity.quantity>597.969145</out_Quantity.quantity></Point><Point><position>4190</position><in_Quantity.quantity>0.000000</in_Quantity.quantity><out_Quantity.quantity>411.992653</out_Quantity.quantity></Point><Point><position>4191</position><in_Quantity.quantity>0.000000</in_Quantity.quantity><out_Quantity.quantity>229.222717</out_Quantity.quantity></Point><Point><position>4192</position><in_Quantity.quantity>0.000000</in_Quantity.quantity><out_Quantity.quantity>241.560933</out_Quantity.quantity></Point><Point><position>4193</position><in_Quantity.quantity>0.000000</in_Quantity.quantity><out_Quantity.quantity>748.010843</out_Quantity.quantity></Point><Point><position>4194</position><in_Quantity.quantity>0.000000</in_Quantity.quantity><out_Quantity.quantity>701.907139</out_Quantity.quantity></Point><Point><position>4195</position><in_Quantity.quantity>0.000000</in_Quantity.quantity><out_Quantity.quantity>940.955551</out_Quantity.quantity></Point><Point><position>4196</position><in_Quantity.quantity>0.000000</in_Quantity.quantity><out_Quantity.quantity>723.860824</out_Quantity.quantity></Point><Point><position>4197</position><in_Quantity.quantity>0.000000</in_Quantity.quantity><out_Quantity.quantity>874.077262</out_Quantity.quantity></Point><Point><position>4198</position><in_Quantity.quantity>0.000000</in_Quantity.quantity><out_Quantity.quantity>471.832251</out_Quantity.quantity></Point><Point><position>4199</position><in_Quantity.quantity>0.000000</in_Quantity.quantity><out_Quantity.quantity>787.509623</out_Quantity.quantity></Point><Point><position>4200</position><in_Quantity.quantity>0.000000</in_Quantity.quantity><out_Quantity.quantity>589.508058</out_Quantity.quantity></Point><Point><position>4201</position><in_Quantity.quantity>0.000000</in_Quantity.quantity><out_Quantity.quantity>353.211689</out_Quantity.quantity></Point><Point><position>4202</position><in_Quantity.quantity>0.000000</in_Quantity.quantity><out_Quantity.quantity>436.241155</out_Quantity.quantity></Point><Point><position>4203</position><in_Quantity.quantity>0.000000</in_Quantity.quantity><out_Quantity.quantity>479.492709</out_Quantity.quantity></Point><Point><position>4204</position><in_Quantity.quantity>0.000000</in_Quantity.quantity><out_Quantity.quantity>769.987593</out_Quantity.quantity></Point><Point><position>4205</position><in_Quantity.quantity>0.000000</in_Quantity.quantity><out_Quantity.quantity>65.065438</out_Quantity.quantity></Point><Point><position>4206</position><in_Quantity.quantity>0.000000</in_Quantity.quantity><out_Quantity.quantity>85.923042</out_Quantity.quantity></Point><Point><position>4207</position><in_Quantity.quantity>0.000000</in_Quantity.quantity><out_Quantity.quantity>715.421842</out_Quantity.quantity></Point><Point><position>4208</position><in_Quantity.quantity>0.000000</in_Quantity.quantity><out_Quantity.quantity>90.879036</out_Quantity.quantity></Point><Point><position>4209</position><in_Quantity.quantity>0.000000</in_Quantity.quantity><out_Quantity.quantity>197.362580</out_Quantity.quantity></Point><Point><position>4210</position><in_Quantity.quantity>0.000000</in_Quantity.quantity><out_Quantity.quantity>171.067500</out_Quantity.quantity></Point><Point><position>4211</position><in_Quantity.quantity>0.000000</in_Quantity.quantity><out_Quantity.quantity>896.476329</out_Quantity.quantity></Point><Point><position>4212</position><in_Quantity.quantity>0.000000</in_Quantity.quantity><out_Quantity.quantity>972.242798</out_Quantity.quantity></Point><Point><position>4213</position><in_Quantity.quantity>0.000000</in_Quantity.quantity><out_Quantity.quantity>896.292435</out_Quantity.quantity></Point><Point><position>4214</position><in_Quantity.quantity>0.000000</in_Quantity.quantity><out_Quantity.quantity>953.630033</out_Quantity.quantity></Point><Point><position>4215</position><in_Quantity.quantity>0.000000</in_Quantity.quantity><out_Quantity.quantity>258.514668</out_Quantity.quantity></Point><Point><position>4216</position><in_Quantity.quantity>0.000000</in_Quantity.quantity><out_Quantity.quantity>426.815518</out_Quantity.quantity></Point><Point><position>4217</position><in_Quantity.quantity>0.000000</in_Quantity.quantity><out_Quantity.quantity>205.104744</out_Quantity.quantity></Point><Point><position>4218</position><in_Quantity.quantity>0.000000</in_Quantity.quantity><out_Quantity.quantity>304.522520</out_Quantity.quantity></Point><Point><position>4219</position><in_Quantity.quantity>0.000000</in_Quantity.quantity><out_Quantity.quantity>971.204983</out_Quantity.quantity></Point><Point><position>4220</position><in_Quantity.quantity>0.000000</in_Quantity.quantity><out_Quantity.quantity>82.550905</out_Quantity.quantity></Point><Point><position>4221</position><in_Quantity.quantity>0.000000</in_Quantity.quantity><out_Quantity.quantity>996.930956</out_Quantity.quantity></Point><Point><position>4222</position><in_Quantity.quantity>0.000000</in_Quantity.quantity><out_Quantity.quantity>717.126111</out_Quantity.quantity></Point><Point><position>4223</position><in_Quantity.quantity>0.000000</in_Quantity.quantity><out_Quantity.quantity>256.851121</out_Quantity.quantity></Point><Point><position>4224</position><in_Quantity.quantity>0.000000</in_Quantity.quantity><out_Quantity.quantity>207.988188</out_Quantity.quantity></Point><Point><position>4225</position><in_Quantity.quantity>0.000000</in_Quantity.quantity><out_Quantity.quantity>574.941553</out_Quantity.quantity></Point><Point><position>4226</position><in_Quantity.quantity>0.000000</in_Quantity.quantity><out_Quantity.quantity>954.709508</out_Quantity.quantity></Point><Point><position>4227</position><in_Quantity.quantity>0.000000</in_Quantity.quantity><out_Quantity.quantity>45.605689</out_Quantity.quantity></Point><Point><position>4228</position><in_Quantity.quantity>0.000000</in_Quantity.quantity><out_Quantity.quantity>922.507756</out_Quantity.quantity></Point><Point><position>4229</position><in_Quantity.quantity>0.000000</in_Quantity.quantity><out_Quantity.quantity>811.711565</out_Quantity.quantity></Point><Point><position>4230</position><in_Quantity.quantity>0.000000</in_Quantity.quantity><out_Quantity.quantity>991.253903</out_Quantity.quantity></Point><Point><position>4231</position><in_Quantity.quantity>0.000000</in_Quantity.quantity><out_Quantity.quantity>968.755484</out_Quantity.quantity></Point><Point><position>4232</position><in_Quantity.quantity>0.000000</in_Quantity.quantity><out_Quantity.quantity>609.407610</out_Quantity.quantity></Point><Point><position>4233</position><in_Quantity.quantity>0.000000</in_Quantity.quantity><out_Quantity.quantity>959.197332</out_Quantity.quantity></Point><Point><position>4234</position><in_Quantity.quantity>0.000000</in_Quantity.quantity><out_Quantity.quantity>977.497858</out_Quantity.quantity></Point><Point><position>4235</position><in_Quantity.quantity>0.000000</in_Quantity.quantity><out_Quantity.quantity>608.645891</out_Quantity.quantity></Point><Point><position>4236</position><in_Quantity.quantity>0.000000</in_Quantity.quantity><out_Quantity.quantity>645.285146</out_Quantity.quantity></Point><Point><position>4237</position><in_Quantity.quantity>0.000000</in_Quantity.quantity><out_Quantity.quantity>659.301131</out_Quantity.quantity></Point><Point><position>4238</position><in_Quantity.quantity>0.000000</in_Quantity.quantity><out_Quantity.quantity>650.562918</out_Quantity.quantity></Point><Point><position>4239</position><in_Quantity.quantity>0.000000</in_Quantity.quantity><out_Quantity.quantity>329.003617</out_Quantity.quantity></Point><Point><position>4240</position><in_Quantity.quantity>0.000000</in_Quantity.quantity><out_Quantity.quantity>824.459678</out_Quantity.quantity></Point><Point><position>4241</position><in_Quantity.quantity>0.000000</in_Quantity.quantity><out_Quantity.quantity>46.455422</out_Quantity.quantity></Point><Point><position>4242</position><in_Quantity.quantity>0.000000</in_Quantity.quantity><out_Quantity.quantity>296.490005</out_Quantity.quantity></Point><Point><position>4243</position><in_Quantity.quantity>0.000000</in_Quantity.quantity><out_Quantity.quantity>378.642966</out_Quantity.quantity></Point><Point><position>4244</position><in_Quantity.quantity>0.000000</in_Quantity.quantity><out_Quantity.quantity>105.640523</out_Quantity.quantity></Point><Point><position>4245</position><in_Quantity.quantity>0.000000</in_Quantity.quantity><out_Quantity.quantity>207.517981</out_Quantity.quantity></Point><Point><position>4246</position><in_Quantity.quantity>0.000000</in_Quantity.quantity><out_Quantity.quantity>796.337006</out_Quantity.quantity></Point><Point><position>4247</position><in_Quantity.quantity>0.000000</in_Quantity.quantity><out_Quantity.quantity>157.392626</out_Quantity.quantity></Point><Point><position>4248</position><in_Quantity.quantity>0.000000</in_Quantity.quantity><out_Quantity.quantity>727.421938</out_Quantity.quantity></Point><Point><position>4249</position><in_Quantity.quantity>0.000000</in_Quantity.quantity><out_Quantity.quantity>512.212572</out_Quantity.quantity></Point><Point><position>4250</position><in_Quantity.quantity>0.000000</in_Quantity.quantity><out_Quantity.quantity>339.513620</out_Quantity.quantity></Point><Point><position>4251</position><in_Quantity.quantity>0.000000</in_Quantity.quantity><out_Quantity.quantity>61.941688</out_Quantity.quantity></Point><Point><position>4252</position><in_Quantity.quantity>0.000000</in_Quantity.quantity><out_Quantity.quantity>488.769515</out_Quantity.quantity></Point><Point><position>4253</position><in_Quantity.quantity>0.000000</in_Quantity.quantity><out_Quantity.quantity>710.340815</out_Quantity.quantity></Point><Point><position>4254</position><in_Quantity.quantity>0.000000</in_Quantity.quantity><out_Quantity.quantity>314.499393</out_Quantity.quantity></Point><Point><position>4255</position><in_Quantity.quantity>0.000000</in_Quantity.quantity><out_Quantity.quantity>960.707350</out_Quantity.quantity></Point><Point><position>4256</position><in_Quantity.quantity>0.000000</in_Quantity.quantity><out_Quantity.quantity>591.336670</out_Quantity.quantity></Point><Point><position>4257</position><in_Quantity.quantity>0.000000</in_Quantity.quantity><out_Quantity.quantity>826.549668</out_Quantity.quantity></Point><Point><position>4258</position><in_Quantity.quantity>0.000000</in_Quantity.quantity><out_Quantity.quantity>808.344709</out_Quantity.quantity></Point><Point><position>4259</position><in_Quantity.quantity>0.000000</in_Quantity.quantity><out_Quantity.quantity>116.622922</out_Quantity.quantity></Point><Point><position>4260</position><in_Quantity.quantity>0.000000</in_Quantity.quantity><out_Quantity.quantity>124.743652</out_Quantity.quantity></Point><Point><position>4261</position><in_Quantity.quantity>0.000000</in_Quantity.quantity><out_Quantity.quantity>547.422344</out_Quantity.quantity></Point><Point><position>4262</position><in_Quantity.quantity>0.000000</in_Quantity.quantity><out_Quantity.quantity>905.087423</out_Quantity.quantity></Point><Point><position>4263</position><in_Quantity.quantity>0.000000</in_Quantity.quantity><out_Quantity.quantity>16.137617</out_Quantity.quantity></Point><Point><position>4264</position><in_Quantity.quantity>0.000000</in_Quantity.quantity><out_Quantity.quantity>198.358742</out_Quantity.quantity></Point><Point><position>4265</position><in_Quantity.quantity>0.000000</in_Quantity.quantity><out_Quantity.quantity>135.649780</out_Quantity.quantity></Point><Point><position>4266</position><in_Quantity.quantity>0.000000</in_Quantity.quantity><out_Quantity.quantity>121.428071</out_Quantity.quantity></Point><Point><position>4267</position><in_Quantity.quantity>0.000000</in_Quantity.quantity><out_Quantity.quantity>974.836560</out_Quantity.quantity></Point><Point><position>4268</position><in_Quantity.quantity>0.000000</in_Quantity.quantity><out_Quantity.quantity>452.640778</out_Quantity.quantity></Point><Point><position>4269</position><in_Quantity.quantity>0.000000</in_Quantity.quantity><out_Quantity.quantity>274.651829</out_Quantity.quantity></Point><Point><position>4270</position><in_Quantity.quantity>0.000000</in_Quantity.quantity><out_Quantity.quantity>835.924244</out_Quantity.quantity></Point><Point><position>4271</position><in_Quantity.quantity>0.000000</in_Quantity.quantity><out_Quantity.quantity>238.079352</out_Quantity.quantity></Point><Point><position>4272</position><in_Quantity.quantity>0.000000</in_Quantity.quantity><out_Quantity.quantity>985.220807</out_Quantity.quantity></Point><Point><position>4273</position><in_Quantity.quantity>0.000000</in_Quantity.quantity><out_Quantity.quantity>594.901429</out_Quantity.quantity></Point><Point><position>4274</position><in_Quantity.quantity>0.000000</in_Quantity.quantity><out_Quantity.quantity>922.377617</out_Quantity.quantity></Point><Point><position>4275</position><in_Quantity.quantity>0.000000</in_Quantity.quantity><out_Quantity.quantity>5.611933</out_Quantity.quantity></Point><Point><position>4276</position><in_Quantity.quantity>0.000000</in_Quantity.quantity><out_Quantity.quantity>359.544073</out_Quantity.quantity></Point><Point><position>4277</position><in_Quantity.quantity>0.000000</in_Quantity.quantity><out_Quantity.quantity>900.747496</out_Quantity.quantity></Point><Point><position>4278</position><in_Quantity.quantity>0.000000</in_Quantity.quantity><out_Quantity.quantity>96.008912</out_Quantity.quantity></Point><Point><position>4279</position><in_Quantity.quantity>0.000000</in_Quantity.quantity><out_Quantity.quantity>856.509140</out_Quantity.quantity></Point><Point><position>4280</position><in_Quantity.quantity>0.000000</in_Quantity.quantity><out_Quantity.quantity>686.843766</out_Quantity.quantity></Point><Point><position>4281</position><in_Quantity.quantity>0.000000</in_Quantity.quantity><out_Quantity.quantity>377.473490</out_Quantity.quantity></Point><Point><position>4282</position><in_Quantity.quantity>0.000000</in_Quantity.quantity><out_Quantity.quantity>526.564344</out_Quantity.quantity></Point><Point><position>4283</position><in_Quantity.quantity>0.000000</in_Quantity.quantity><out_Quantity.quantity>960.953178</out_Quantity.quantity></Point><Point><position>4284</position><in_Quantity.quantity>0.000000</in_Quantity.quantity><out_Quantity.quantity>428.695664</out_Quantity.quantity></Point><Point><position>4285</position><in_Quantity.quantity>0.000000</in_Quantity.quantity><out_Quantity.quantity>722.055103</out_Quantity.quantity></Point><Point><position>4286</position><in_Quantity.quantity>0.000000</in_Quantity.quantity><out_Quantity.quantity>390.296750</out_Quantity.quantity></Point><Point><position>4287</position><in_Quantity.quantity>0.000000</in_Quantity.quantity><out_Quantity.quantity>112.070666</out_Quantity.quantity></Point><Point><position>4288</position><in_Quantity.quantity>0.000000</in_Quantity.quantity><out_Quantity.quantity>356.956495</out_Quantity.quantity></Point><Point><position>4289</position><in_Quantity.quantity>0.000000</in_Quantity.quantity><out_Quantity.quantity>272.218364</out_Quantity.quantity></Point><Point><position>4290</position><in_Quantity.quantity>0.000000</in_Quantity.quantity><out_Quantity.quantity>454.132970</out_Quantity.quantity></Point><Point><position>4291</position><in_Quantity.quantity>0.000000</in_Quantity.quantity><out_Quantity.quantity>129.373256</out_Quantity.quantity></Point><Point><position>4292</position><in_Quantity.quantity>0.000000</in_Quantity.quantity><out_Quantity.quantity>34.759280</out_Quantity.quantity></Point><Point><position>4293</position><in_Quantity.quantity>0.000000</in_Quantity.quantity><out_Quantity.quantity>175.111294</out_Quantity.quantity></Point><Point><position>4294</position><in_Quantity.quantity>0.000000</in_Quantity.quantity><out_Quantity.quantity>199.420294</out_Quantity.quantity></Point><Point><position>4295</position><in_Quantity.quantity>0.000000</in_Quantity.quantity><out_Quantity.quantity>518.488140</out_Quantity.quantity></Point><Point><position>4296</position><in_Quantity.quantity>0.000000</in_Quantity.quantity><out_Quantity.quantity>832.559876</out_Quantity.quantity></Point><Point><position>4297</position><in_Quantity.quantity>0.000000</in_Quantity.quantity><out_Quantity.quantity>856.346443</out_Quantity.quantity></Point><Point><position>4298</position><in_Quantity.quantity>0.000000</in_Quantity.quantity><out_Quantity.quantity>27.090761</out_Quantity.quantity></Point><Point><position>4299</position><in_Quantity.quantity>0.000000</in_Quantity.quantity><out_Quantity.quantity>882.950198</out_Quantity.quantity></Point><Point><position>4300</position><in_Quantity.quantity>0.000000</in_Quantity.quantity><out_Quantity.quantity>97.082209</out_Quantity.quantity></Point><Point><position>4301</position><in_Quantity.quantity>0.000000</in_Quantity.quantity><out_Quantity.quantity>376.600885</out_Quantity.quantity></Point><Point><position>4302</position><in_Quantity.quantity>0.000000</in_Quantity.quantity><out_Quantity.quantity>277.091846</out_Quantity.quantity></Point><Point><position>4303</position><in_Quantity.quantity>0.000000</in_Quantity.quantity><out_Quantity.quantity>540.922387</out_Quantity.quantity></Point><Point><position>4304</position><in_Quantity.quantity>0.000000</in_Quantity.quantity><out_Quantity.quantity>138.231031</out_Quantity.quantity></Point><Point><position>4305</position><in_Quantity.quantity>0.000000</in_Quantity.quantity><out_Quantity.quantity>589.818036</out_Quantity.quantity></Point><Point><position>4306</position><in_Quantity.quantity>0.000000</in_Quantity.quantity><out_Quantity.quantity>975.218376</out_Quantity.quantity></Point><Point><position>4307</position><in_Quantity.quantity>0.000000</in_Quantity.quantity><out_Quantity.quantity>32.177437</out_Quantity.quantity></Point><Point><position>4308</position><in_Quantity.quantity>0.000000</in_Quantity.quantity><out_Quantity.quantity>913.654509</out_Quantity.quantity></Point><Point><position>4309</position><in_Quantity.quantity>0.000000</in_Quantity.quantity><out_Quantity.quantity>292.138834</out_Quantity.quantity></Point><Point><position>4310</position><in_Quantity.quantity>0.000000</in_Quantity.quantity><out_Quantity.quantity>815.996748</out_Quantity.quantity></Point><Point><position>4311</position><in_Quantity.quantity>0.000000</in_Quantity.quantity><out_Quantity.quantity>593.810084</out_Quantity.quantity></Point><Point><position>4312</position><in_Quantity.quantity>0.000000</in_Quantity.quantity><out_Quantity.quantity>261.008624</out_Quantity.quantity></Point><Point><position>4313</position><in_Quantity.quantity>0.000000</in_Quantity.quantity><out_Quantity.quantity>678.840585</out_Quantity.quantity></Point><Point><position>4314</position><in_Quantity.quantity>0.000000</in_Quantity.quantity><out_Quantity.quantity>509.238767</out_Quantity.quantity></Point><Point><position>4315</position><in_Quantity.quantity>0.000000</in_Quantity.quantity><out_Quantity.quantity>285.479865</out_Quantity.quantity></Point><Point><position>4316</position><in_Quantity.quantity>0.000000</in_Quantity.quantity><out_Quantity.quantity>313.861820</out_Quantity.quantity></Point><Point><position>4317</position><in_Quantity.quantity>0.000000</in_Quantity.quantity><out_Quantity.quantity>614.741608</out_Quantity.quantity></Point><Point><position>4318</position><in_Quantity.quantity>0.000000</in_Quantity.quantity><out_Quantity.quantity>974.944918</out_Quantity.quantity></Point><Point><position>4319</position><in_Quantity.quantity>0.000000</in_Quantity.quantity><out_Quantity.quantity>525.792946</out_Quantity.quantity></Point><Point><position>4320</position><in_Quantity.quantity>0.000000</in_Quantity.quantity><out_Quantity.quantity>902.628125</out_Quantity.quantity></Point><Point><position>4321</position><in_Quantity.quantity>0.000000</in_Quantity.quantity><out_Quantity.quantity>950.865848</out_Quantity.quantity></Point><Point><position>4322</position><in_Quantity.quantity>0.000000</in_Quantity.quantity><out_Quantity.quantity>570.391999</out_Quantity.quantity></Point><Point><position>4323</position><in_Quantity.quantity>0.000000</in_Quantity.quantity><out_Quantity.quantity>805.664810</out_Quantity.quantity></Point><Point><position>4324</position><in_Quantity.quantity>0.000000</in_Quantity.quantity><out_Quantity.quantity>616.296162</out_Quantity.quantity></Point><Point><position>4325</position><in_Quantity.quantity>0.000000</in_Quantity.quantity><out_Quantity.quantity>662.135748</out_Quantity.quantity></Point><Point><position>4326</position><in_Quantity.quantity>0.000000</in_Quantity.quantity><out_Quantity.quantity>288.829374</out_Quantity.quantity></Point><Point><position>4327</position><in_Quantity.quantity>0.000000</in_Quantity.quantity><out_Quantity.quantity>995.270247</out_Quantity.quantity></Point><Point><position>4328</position><in_Quantity.quantity>0.000000</in_Quantity.quantity><out_Quantity.quantity>553.125942</out_Quantity.quantity></Point><Point><position>4329</position><in_Quantity.quantity>0.000000</in_Quantity.quantity><out_Quantity.quantity>528.910450</out_Quantity.quantity></Point><Point><position>4330</position><in_Quantity.quantity>0.000000</in_Quantity.quantity><out_Quantity.quantity>532.195069</out_Quantity.quantity></Point><Point><position>4331</position><in_Quantity.quantity>0.000000</in_Quantity.quantity><out_Quantity.quantity>471.953487</out_Quantity.quantity></Point><Point><position>4332</position><in_Quantity.quantity>0.000000</in_Quantity.quantity><out_Quantity.quantity>779.698905</out_Quantity.quantity></Point><Point><position>4333</position><in_Quantity.quantity>0.000000</in_Quantity.quantity><out_Quantity.quantity>360.803479</out_Quantity.quantity></Point><Point><position>4334</position><in_Quantity.quantity>0.000000</in_Quantity.quantity><out_Quantity.quantity>202.933465</out_Quantity.quantity></Point><Point><position>4335</position><in_Quantity.quantity>0.000000</in_Quantity.quantity><out_Quantity.quantity>404.636964</out_Quantity.quantity></Point><Point><position>4336</position><in_Quantity.quantity>0.000000</in_Quantity.quantity><out_Quantity.quantity>289.318594</out_Quantity.quantity></Point><Point><position>4337</position><in_Quantity.quantity>0.000000</in_Quantity.quantity><out_Quantity.quantity>919.677151</out_Quantity.quantity></Point><Point><position>4338</position><in_Quantity.quantity>0.000000</in_Quantity.quantity><out_Quantity.quantity>301.957950</out_Quantity.quantity></Point><Point><position>4339</position><in_Quantity.quantity>0.000000</in_Quantity.quantity><out_Quantity.quantity>582.877094</out_Quantity.quantity></Point><Point><position>4340</position><in_Quantity.quantity>0.000000</in_Quantity.quantity><out_Quantity.quantity>764.994287</out_Quantity.quantity></Point><Point><position>4341</position><in_Quantity.quantity>0.000000</in_Quantity.quantity><out_Quantity.quantity>781.823864</out_Quantity.quantity></Point><Point><position>4342</position><in_Quantity.quantity>0.000000</in_Quantity.quantity><out_Quantity.quantity>714.214016</out_Quantity.quantity></Point><Point><position>4343</position><in_Quantity.quantity>0.000000</in_Quantity.quantity><out_Quantity.quantity>570.050347</out_Quantity.quantity></Point><Point><position>4344</position><in_Quantity.quantity>0.000000</in_Quantity.quantity><out_Quantity.quantity>696.299503</out_Quantity.quantity></Point><Point><position>4345</position><in_Quantity.quantity>0.000000</in_Quantity.quantity><out_Quantity.quantity>268.397911</out_Quantity.quantity></Point><Point><position>4346</position><in_Quantity.quantity>0.000000</in_Quantity.quantity><out_Quantity.quantity>304.858497</out_Quantity.quantity></Point><Point><position>4347</position><in_Quantity.quantity>0.000000</in_Quantity.quantity><out_Quantity.quantity>208.289628</out_Quantity.quantity></Point><Point><position>4348</position><in_Quantity.quantity>0.000000</in_Quantity.quantity><out_Quantity.quantity>594.564584</out_Quantity.quantity></Point><Point><position>4349</position><in_Quantity.quantity>0.000000</in_Quantity.quantity><out_Quantity.quantity>8.630914</out_Quantity.quantity></Point><Point><position>4350</position><in_Quantity.quantity>0.000000</in_Quantity.quantity><out_Quantity.quantity>529.784451</out_Quantity.quantity></Point><Point><position>4351</position><in_Quantity.quantity>0.000000</in_Quantity.quantity><out_Quantity.quantity>689.144212</out_Quantity.quantity></Point><Point><position>4352</position><in_Quantity.quantity>0.000000</in_Quantity.quantity><out_Quantity.quantity>109.560487</out_Quantity.quantity></Point><Point><position>4353</position><in_Quantity.quantity>0.000000</in_Quantity.quantity><out_Quantity.quantity>969.338145</out_Quantity.quantity></Point><Point><position>4354</position><in_Quantity.quantity>0.000000</in_Quantity.quantity><out_Quantity.quantity>508.704468</out_Quantity.quantity></Point><Point><position>4355</position><in_Quantity.quantity>0.000000</in_Quantity.quantity><out_Quantity.quantity>352.256530</out_Quantity.quantity></Point><Point><position>4356</position><in_Quantity.quantity>0.000000</in_Quantity.quantity><out_Quantity.quantity>389.914058</out_Quantity.quantity></Point><Point><position>4357</position><in_Quantity.quantity>0.000000</in_Quantity.quantity><out_Quantity.quantity>844.458737</out_Quantity.quantity></Point><Point><position>4358</position><in_Quantity.quantity>0.000000</in_Quantity.quantity><out_Quantity.quantity>925.785066</out_Quantity.quantity></Point><Point><position>4359</position><in_Quantity.quantity>0.000000</in_Quantity.quantity><out_Quantity.quantity>452.705267</out_Quantity.quantity></Point><Point><position>4360</position><in_Quantity.quantity>0.000000</in_Quantity.quantity><out_Quantity.quantity>647.096329</out_Quantity.quantity></Point><Point><position>4361</position><in_Quantity.quantity>0.000000</in_Quantity.quantity><out_Quantity.quantity>269.725794</out_Quantity.quantity></Point><Point><position>4362</position><in_Quantity.quantity>0.000000</in_Quantity.quantity><out_Quantity.quantity>534.382757</out_Quantity.quantity></Point><Point><position>4363</position><in_Quantity.quantity>0.000000</in_Quantity.quantity><out_Quantity.quantity>272.935866</out_Quantity.quantity></Point><Point><position>4364</position><in_Quantity.quantity>0.000000</in_Quantity.quantity><out_Quantity.quantity>333.401683</out_Quantity.quantity></Point><Point><position>4365</position><in_Quantity.quantity>0.000000</in_Quantity.quantity><out_Quantity.quantity>775.126830</out_Quantity.quantity></Point><Point><position>4366</position><in_Quantity.quantity>0.000000</in_Quantity.quantity><out_Quantity.quantity>151.404929</out_Quantity.quantity></Point><Point><position>4367</position><in_Quantity.quantity>0.000000</in_Quantity.quantity><out_Quantity.quantity>627.889700</out_Quantity.quantity></Point><Point><position>4368</position><in_Quantity.quantity>0.000000</in_Quantity.quantity><out_Quantity.quantity>775.934660</out_Quantity.quantity></Point><Point><position>4369</position><in_Quantity.quantity>0.000000</in_Quantity.quantity><out_Quantity.quantity>910.633010</out_Quantity.quantity></Point><Point><position>4370</position><in_Quantity.quantity>0.000000</in_Quantity.quantity><out_Quantity.quantity>276.407328</out_Quantity.quantity></Point><Point><position>4371</position><in_Quantity.quantity>0.000000</in_Quantity.quantity><out_Quantity.quantity>736.534569</out_Quantity.quantity></Point><Point><position>4372</position><in_Quantity.quantity>0.000000</in_Quantity.quantity><out_Quantity.quantity>379.714938</out_Quantity.quantity></Point><Point><position>4373</position><in_Quantity.quantity>0.000000</in_Quantity.quantity><out_Quantity.quantity>821.486684</out_Quantity.quantity></Point><Point><position>4374</position><in_Quantity.quantity>0.000000</in_Quantity.quantity><out_Quantity.quantity>834.859836</out_Quantity.quantity></Point><Point><position>4375</position><in_Quantity.quantity>0.000000</in_Quantity.quantity><out_Quantity.quantity>731.205641</out_Quantity.quantity></Point><Point><position>4376</position><in_Quantity.quantity>0.000000</in_Quantity.quantity><out_Quantity.quantity>31.564549</out_Quantity.quantity></Point><Point><position>4377</position><in_Quantity.quantity>0.000000</in_Quantity.quantity><out_Quantity.quantity>666.534909</out_Quantity.quantity></Point><Point><position>4378</position><in_Quantity.quantity>0.000000</in_Quantity.quantity><out_Quantity.quantity>646.575100</out_Quantity.quantity></Point><Point><position>4379</position><in_Quantity.quantity>0.000000</in_Quantity.quantity><out_Quantity.quantity>511.782556</out_Quantity.quantity></Point><Point><position>4380</position><in_Quantity.quantity>0.000000</in_Quantity.quantity><out_Quantity.quantity>913.902619</out_Quantity.quantity></Point><Point><position>4381</position><in_Quantity.quantity>0.000000</in_Quantity.quantity><out_Quantity.quantity>769.571349</out_Quantity.quantity></Point><Point><position>4382</position><in_Quantity.quantity>0.000000</in_Quantity.quantity><out_Quantity.quantity>347.035622</out_Quantity.quantity></Point><Point><position>4383</position><in_Quantity.quantity>0.000000</in_Quantity.quantity><out_Quantity.quantity>737.513785</out_Quantity.quantity></Point><Point><position>4384</position><in_Quantity.quantity>0.000000</in_Quantity.quantity><out_Quantity.quantity>580.472386</out_Quantity.quantity></Point><Point><position>4385</position><in_Quantity.quantity>0.000000</in_Quantity.quantity><out_Quantity.quantity>555.897104</out_Quantity.quantity></Point><Point><position>4386</position><in_Quantity.quantity>0.000000</in_Quantity.quantity><out_Quantity.quantity>830.289086</out_Quantity.quantity></Point><Point><position>4387</position><in_Quantity.quantity>0.000000</in_Quantity.quantity><out_Quantity.quantity>664.890389</out_Quantity.quantity></Point><Point><position>4388</position><in_Quantity.quantity>0.000000</in_Quantity.quantity><out_Quantity.quantity>315.516382</out_Quantity.quantity></Point><Point><position>4389</position><in_Quantity.quantity>0.000000</in_Quantity.quantity><out_Quantity.quantity>836.321680</out_Quantity.quantity></Point><Point><position>4390</position><in_Quantity.quantity>0.000000</in_Quantity.quantity><out_Quantity.quantity>203.367180</out_Quantity.quantity></Point><Point><position>4391</position><in_Quantity.quantity>0.000000</in_Quantity.quantity><out_Quantity.quantity>148.740789</out_Quantity.quantity></Point><Point><position>4392</position><in_Quantity.quantity>0.000000</in_Quantity.quantity><out_Quantity.quantity>606.388094</out_Quantity.quantity></Point><Point><position>4393</position><in_Quantity.quantity>0.000000</in_Quantity.quantity><out_Quantity.quantity>581.438661</out_Quantity.quantity></Point><Point><position>4394</position><in_Quantity.quantity>0.000000</in_Quantity.quantity><out_Quantity.quantity>766.793160</out_Quantity.quantity></Point><Point><position>4395</position><in_Quantity.quantity>0.000000</in_Quantity.quantity><out_Quantity.quantity>620.473706</out_Quantity.quantity></Point><Point><position>4396</position><in_Quantity.quantity>0.000000</in_Quantity.quantity><out_Quantity.quantity>507.849543</out_Quantity.quantity></Point><Point><position>4397</position><in_Quantity.quantity>0.000000</in_Quantity.quantity><out_Quantity.quantity>378.990188</out_Quantity.quantity></Point><Point><position>4398</position><in_Quantity.quantity>0.000000</in_Quantity.quantity><out_Quantity.quantity>2.853154</out_Quantity.quantity></Point><Point><position>4399</position><in_Quantity.quantity>0.000000</in_Quantity.quantity><out_Quantity.quantity>167.860146</out_Quantity.quantity></Point><Point><position>4400</position><in_Quantity.quantity>0.000000</in_Quantity.quantity><out_Quantity.quantity>83.558077</out_Quantity.quantity></Point><Point><position>4401</position><in_Quantity.quantity>0.000000</in_Quantity.quantity><out_Quantity.quantity>791.877250</out_Quantity.quantity></Point><Point><position>4402</position><in_Quantity.quantity>0.000000</in_Quantity.quantity><out_Quantity.quantity>597.161374</out_Quantity.quantity></Point><Point><position>4403</position><in_Quantity.quantity>0.000000</in_Quantity.quantity><out_Quantity.quantity>303.977183</out_Quantity.quantity></Point><Point><position>4404</position><in_Quantity.quantity>0.000000</in_Quantity.quantity><out_Quantity.quantity>613.849116</out_Quantity.quantity></Point><Point><position>4405</position><in_Quantity.quantity>0.000000</in_Quantity.quantity><out_Quantity.quantity>621.243726</out_Quantity.quantity></Point><Point><position>4406</position><in_Quantity.quantity>0.000000</in_Quantity.quantity><out_Quantity.quantity>104.199142</out_Quantity.quantity></Point><Point><position>4407</position><in_Quantity.quantity>0.000000</in_Quantity.quantity><out_Quantity.quantity>166.405777</out_Quantity.quantity></Point><Point><position>4408</position><in_Quantity.quantity>0.000000</in_Quantity.quantity><out_Quantity.quantity>973.090363</out_Quantity.quantity></Point><Point><position>4409</position><in_Quantity.quantity>0.000000</in_Quantity.quantity><out_Quantity.quantity>293.286217</out_Quantity.quantity></Point><Point><position>4410</position><in_Quantity.quantity>0.000000</in_Quantity.quantity><out_Quantity.quantity>499.283305</out_Quantity.quantity></Point><Point><position>4411</position><in_Quantity.quantity>0.000000</in_Quantity.quantity><out_Quantity.quantity>38.068250</out_Quantity.quantity></Point><Point><position>4412</position><in_Quantity.quantity>0.000000</in_Quantity.quantity><out_Quantity.quantity>347.630779</out_Quantity.quantity></Point><Point><position>4413</position><in_Quantity.quantity>0.000000</in_Quantity.quantity><out_Quantity.quantity>975.998891</out_Quantity.quantity></Point><Point><position>4414</position><in_Quantity.quantity>0.000000</in_Quantity.quantity><out_Quantity.quantity>802.594718</out_Quantity.quantity></Point><Point><position>4415</position><in_Quantity.quantity>0.000000</in_Quantity.quantity><out_Quantity.quantity>164.783478</out_Quantity.quantity></Point><Point><position>4416</position><in_Quantity.quantity>0.000000</in_Quantity.quantity><out_Quantity.quantity>907.104905</out_Quantity.quantity></Point><Point><position>4417</position><in_Quantity.quantity>0.000000</in_Quantity.quantity><out_Quantity.quantity>816.281009</out_Quantity.quantity></Point><Point><position>4418</position><in_Quantity.quantity>0.000000</in_Quantity.quantity><out_Quantity.quantity>678.825297</out_Quantity.quantity></Point><Point><position>4419</position><in_Quantity.quantity>0.000000</in_Quantity.quantity><out_Quantity.quantity>687.410621</out_Quantity.quantity></Point><Point><position>4420</position><in_Quantity.quantity>0.000000</in_Quantity.quantity><out_Quantity.quantity>511.569151</out_Quantity.quantity></Point><Point><position>4421</position><in_Quantity.quantity>0.000000</in_Quantity.quantity><out_Quantity.quantity>804.132867</out_Quantity.quantity></Point><Point><position>4422</position><in_Quantity.quantity>0.000000</in_Quantity.quantity><out_Quantity.quantity>280.284315</out_Quantity.quantity></Point><Point><position>4423</position><in_Quantity.quantity>0.000000</in_Quantity.quantity><out_Quantity.quantity>618.644950</out_Quantity.quantity></Point><Point><position>4424</position><in_Quantity.quantity>0.000000</in_Quantity.quantity><out_Quantity.quantity>303.529313</out_Quantity.quantity></Point><Point><position>4425</position><in_Quantity.quantity>0.000000</in_Quantity.quantity><out_Quantity.quantity>833.805415</out_Quantity.quantity></Point><Point><position>4426</position><in_Quantity.quantity>0.000000</in_Quantity.quantity><out_Quantity.quantity>948.768301</out_Quantity.quantity></Point><Point><position>4427</position><in_Quantity.quantity>0.000000</in_Quantity.quantity><out_Quantity.quantity>452.692924</out_Quantity.quantity></Point><Point><position>4428</position><in_Quantity.quantity>0.000000</in_Quantity.quantity><out_Quantity.quantity>116.830750</out_Quantity.quantity></Point><Point><position>4429</position><in_Quantity.quantity>0.000000</in_Quantity.quantity><out_Quantity.quantity>348.226804</out_Quantity.quantity></Point><Point><position>4430</position><in_Quantity.quantity>0.000000</in_Quantity.quantity><out_Quantity.quantity>338.060520</out_Quantity.quantity></Point><Point><position>4431</position><in_Quantity.quantity>0.000000</in_Quantity.quantity><out_Quantity.quantity>644.951574</out_Quantity.quantity></Point><Point><position>4432</position><in_Quantity.quantity>0.000000</in_Quantity.quantity><out_Quantity.quantity>830.325048</out_Quantity.quantity></Point><Point><position>4433</position><in_Quantity.quantity>0.000000</in_Quantity.quantity><out_Quantity.quantity>145.943867</out_Quantity.quantity></Point><Point><position>4434</position><in_Quantity.quantity>0.000000</in_Quantity.quantity><out_Quantity.quantity>300.073560</out_Quantity.quantity></Point><Point><position>4435</position><in_Quantity.quantity>0.000000</in_Quantity.quantity><out_Quantity.quantity>224.362565</out_Quantity.quantity></Point><Point><position>4436</position><in_Quantity.quantity>0.000000</in_Quantity.quantity><out_Quantity.quantity>216.445122</out_Quantity.quantity></Point><Point><position>4437</position><in_Quantity.quantity>0.000000</in_Quantity.quantity><out_Quantity.quantity>803.292734</out_Quantity.quantity></Point><Point><position>4438</position><in_Quantity.quantity>0.000000</in_Quantity.quantity><out_Quantity.quantity>988.191935</out_Quantity.quantity></Point><Point><position>4439</position><in_Quantity.quantity>0.000000</in_Quantity.quantity><out_Quantity.quantity>610.229204</out_Quantity.quantity></Point><Point><position>4440</position><in_Quantity.quantity>0.000000</in_Quantity.quantity><out_Quantity.quantity>845.672541</out_Quantity.quantity></Point><Point><position>4441</position><in_Quantity.quantity>0.000000</in_Quantity.quantity><out_Quantity.quantity>502.512403</out_Quantity.quantity></Point><Point><position>4442</position><in_Quantity.quantity>0.000000</in_Quantity.quantity><out_Quantity.quantity>917.625605</out_Quantity.quantity></Point><Point><position>4443</position><in_Quantity.quantity>0.000000</in_Quantity.quantity><out_Quantity.quantity>508.574253</out_Quantity.quantity></Point><Point><position>4444</position><in_Quantity.quantity>0.000000</in_Quantity.quantity><out_Quantity.quantity>905.151097</out_Quantity.quantity></Point><Point><position>4445</position><in_Quantity.quantity>0.000000</in_Quantity.quantity><out_Quantity.quantity>373.683485</out_Quantity.quantity></Point><Point><position>4446</position><in_Quantity.quantity>0.000000</in_Quantity.quantity><out_Quantity.quantity>645.104619</out_Quantity.quantity></Point><Point><position>4447</position><in_Quantity.quantity>0.000000</in_Quantity.quantity><out_Quantity.quantity>130.145125</out_Quantity.quantity></Point><Point><position>4448</position><in_Quantity.quantity>0.000000</in_Quantity.quantity><out_Quantity.quantity>976.839979</out_Quantity.quantity></Point><Point><position>4449</position><in_Quantity.quantity>0.000000</in_Quantity.quantity><out_Quantity.quantity>765.814744</out_Quantity.quantity></Point><Point><position>4450</position><in_Quantity.quantity>0.000000</in_Quantity.quantity><out_Quantity.quantity>17.789202</out_Quantity.quantity></Point><Point><position>4451</position><in_Quantity.quantity>0.000000</in_Quantity.quantity><out_Quantity.quantity>832.957640</out_Quantity.quantity></Point><Point><position>4452</position><in_Quantity.quantity>0.000000</in_Quantity.quantity><out_Quantity.quantity>599.769296</out_Quantity.quantity></Point><Point><position>4453</position><in_Quantity.quantity>0.000000</in_Quantity.quantity><out_Quantity.quantity>907.702111</out_Quantity.quantity></Point><Point><position>4454</position><in_Quantity.quantity>0.000000</in_Quantity.quantity><out_Quantity.quantity>484.842618</out_Quantity.quantity></Point><Point><position>4455</position><in_Quantity.quantity>0.000000</in_Quantity.quantity><out_Quantity.quantity>582.771792</out_Quantity.quantity></Point><Point><position>4456</position><in_Quantity.quantity>0.000000</in_Quantity.quantity><out_Quantity.quantity>437.859347</out_Quantity.quantity></Point><Point><position>4457</position><in_Quantity.quantity>0.000000</in_Quantity.quantity><out_Quantity.quantity>690.565322</out_Quantity.quantity></Point><Point><position>4458</position><in_Quantity.quantity>0.000000</in_Quantity.quantity><out_Quantity.quantity>343.400299</out_Quantity.quantity></Point><Point><position>4459</position><in_Quantity.quantity>0.000000</in_Quantity.quantity><out_Quantity.quantity>71.347730</out_Quantity.quantity></Point><Point><position>4460</position><in_Quantity.quantity>0.000000</in_Quantity.quantity><out_Quantity.quantity>34.549051</out_Quantity.quantity></Point><Point><position>4461</position><in_Quantity.quantity>0.000000</in_Quantity.quantity><out_Quantity.quantity>842.335514</out_Quantity.quantity></Point><Point><position>4462</position><in_Quantity.quantity>0.000000</in_Quantity.quantity><out_Quantity.quantity>683.446738</out_Quantity.quantity></Point><Point><position>4463</position><in_Quantity.quantity>0.000000</in_Quantity.quantity><out_Quantity.quantity>216.440569</out_Quantity.quantity></Point><Point><position>4464</position><in_Quantity.quantity>0.000000</in_Quantity.quantity><out_Quantity.quantity>972.385559</out_Quantity.quantity></Point><Point><position>4465</position><in_Quantity.quantity>0.000000</in_Quantity.quantity><out_Quantity.quantity>737.297047</out_Quantity.quantity></Point><Point><position>4466</position><in_Quantity.quantity>0.000000</in_Quantity.quantity><out_Quantity.quantity>394.614846</out_Quantity.quantity></Point><Point><position>4467</position><in_Quantity.quantity>0.000000</in_Quantity.quantity><out_Quantity.quantity>388.576599</out_Quantity.quantity></Point><Point><position>4468</position><in_Quantity.quantity>0.000000</in_Quantity.quantity><out_Quantity.quantity>698.021067</out_Quantity.quantity></Point><Point><position>4469</position><in_Quantity.quantity>0.000000</in_Quantity.quantity><out_Quantity.quantity>998.128745</out_Quantity.quantity></Point><Point><position>4470</position><in_Quantity.quantity>0.000000</in_Quantity.quantity><out_Quantity.quantity>62.715301</out_Quantity.quantity></Point><Point><position>4471</position><in_Quantity.quantity>0.000000</in_Quantity.quantity><out_Quantity.quantity>368.549262</out_Quantity.quantity></Point><Point><position>4472</position><in_Quantity.quantity>0.000000</in_Quantity.quantity><out_Quantity.quantity>9.558679</out_Quantity.quantity></Point><Point><position>4473</position><in_Quantity.quantity>0.000000</in_Quantity.quantity><out_Quantity.quantity>793.285597</out_Quantity.quantity></Point><Point><position>4474</position><in_Quantity.quantity>0.000000</in_Quantity.quantity><out_Quantity.quantity>927.960894</out_Quantity.quantity></Point><Point><position>4475</position><in_Quantity.quantity>0.000000</in_Quantity.quantity><out_Quantity.quantity>340.607593</out_Quantity.quantity></Point><Point><position>4476</position><in_Quantity.quantity>0.000000</in_Quantity.quantity><out_Quantity.quantity>336.933453</out_Quantity.quantity></Point><Point><position>4477</position><in_Quantity.quantity>0.000000</in_Quantity.quantity><out_Quantity.quantity>306.353691</out_Quantity.quantity></Point><Point><position>4478</position><in_Quantity.quantity>0.000000</in_Quantity.quantity><out_Quantity.quantity>105.718426</out_Quantity.quantity></Point><Point><position>4479</position><in_Quantity.quantity>0.000000</in_Quantity.quantity><out_Quantity.quantity>894.221727</out_Quantity.quantity></Point><Point><position>4480</position><in_Quantity.quantity>0.000000</in_Quantity.quantity><out_Quantity.quantity>591.630232</out_Quantity.quantity></Point><Point><position>4481</position><in_Quantity.quantity>0.000000</in_Quantity.quantity><out_Quantity.quantity>124.080878</out_Quantity.quantity></Point><Point><position>4482</position><in_Quantity.quantity>0.000000</in_Quantity.quantity><out_Quantity.quantity>213.753370</out_Quantity.quantity></Point><Point><position>4483</position><in_Quantity.quantity>0.000000</in_Quantity.quantity><out_Quantity.quantity>86.479985</out_Quantity.quantity></Point><Point><position>4484</position><in_Quantity.quantity>0.000000</in_Quantity.quantity><out_Quantity.quantity>679.817960</out_Quantity.quantity></Point><Point><position>4485</position><in_Quantity.quantity>0.000000</in_Quantity.quantity><out_Quantity.quantity>76.189130</out_Quantity.quantity></Point><Point><position>4486</position><in_Quantity.quantity>0.000000</in_Quantity.quantity><out_Quantity.quantity>771.138742</out_Quantity.quantity></Point><Point><position>4487</position><in_Quantity.quantity>0.000000</in_Quantity.quantity><out_Quantity.quantity>115.435659</out_Quantity.quantity></Point><Point><position>4488</position><in_Quantity.quantity>0.000000</in_Quantity.quantity><out_Quantity.quantity>767.097028</out_Quantity.quantity></Point><Point><position>4489</position><in_Quantity.quantity>0.000000</in_Quantity.quantity><out_Quantity.quantity>165.492443</out_Quantity.quantity></Point><Point><position>4490</position><in_Quantity.quantity>0.000000</in_Quantity.quantity><out_Quantity.quantity>518.263035</out_Quantity.quantity></Point><Point><position>4491</position><in_Quantity.quantity>0.000000</in_Quantity.quantity><out_Quantity.quantity>629.236525</out_Quantity.quantity></Point><Point><position>4492</position><in_Quantity.quantity>0.000000</in_Quantity.quantity><out_Quantity.quantity>441.638042</out_Quantity.quantity></Point><Point><position>4493</position><in_Quantity.quantity>0.000000</in_Quantity.quantity><out_Quantity.quantity>927.384631</out_Quantity.quantity></Point><Point><position>4494</position><in_Quantity.quantity>0.000000</in_Quantity.quantity><out_Quantity.quantity>727.991176</out_Quantity.quantity></Point><Point><position>4495</position><in_Quantity.quantity>0.000000</in_Quantity.quantity><out_Quantity.quantity>575.361335</out_Quantity.quantity></Point><Point><position>4496</position><in_Quantity.quantity>0.000000</in_Quantity.quantity><out_Quantity.quantity>972.999802</out_Quantity.quantity></Point><Point><position>4497</position><in_Quantity.quantity>0.000000</in_Quantity.quantity><out_Quantity.quantity>683.802699</out_Quantity.quantity></Point><Point><position>4498</position><in_Quantity.quantity>0.000000</in_Quantity.quantity><out_Quantity.quantity>970.995840</out_Quantity.quantity></Point><Point><position>4499</position><in_Quantity.quantity>0.000000</in_Quantity.quantity><out_Quantity.quantity>709.645179</out_Quantity.quantity></Point><Point><position>4500</position><in_Quantity.quantity>0.000000</in_Quantity.quantity><out_Quantity.quantity>854.501734</out_Quantity.quantity></Point><Point><position>4501</position><in_Quantity.quantity>0.000000</in_Quantity.quantity><out_Quantity.quantity>446.418024</out_Quantity.quantity></Point><Point><position>4502</position><in_Quantity.quantity>0.000000</in_Quantity.quantity><out_Quantity.quantity>911.064326</out_Quantity.quantity></Point><Point><position>4503</position><in_Quantity.quantity>0.000000</in_Quantity.quantity><out_Quantity.quantity>75.179898</out_Quantity.quantity></Point><Point><position>4504</position><in_Quantity.quantity>0.000000</in_Quantity.quantity><out_Quantity.quantity>292.095557</out_Quantity.quantity></Point><Point><position>4505</position><in_Quantity.quantity>0.000000</in_Quantity.quantity><out_Quantity.quantity>457.223148</out_Quantity.quantity></Point><Point><position>4506</position><in_Quantity.quantity>0.000000</in_Quantity.quantity><out_Quantity.quantity>770.931805</out_Quantity.quantity></Point><Point><position>4507</position><in_Quantity.quantity>0.000000</in_Quantity.quantity><out_Quantity.quantity>679.869144</out_Quantity.quantity></Point><Point><position>4508</position><in_Quantity.quantity>0.000000</in_Quantity.quantity><out_Quantity.quantity>303.653186</out_Quantity.quantity></Point><Point><position>4509</position><in_Quantity.quantity>0.000000</in_Quantity.quantity><out_Quantity.quantity>224.374465</out_Quantity.quantity></Point><Point><position>4510</position><in_Quantity.quantity>0.000000</in_Quantity.quantity><out_Quantity.quantity>81.833546</out_Quantity.quantity></Point><Point><position>4511</position><in_Quantity.quantity>0.000000</in_Quantity.quantity><out_Quantity.quantity>256.425382</out_Quantity.quantity></Point><Point><position>4512</position><in_Quantity.quantity>0.000000</in_Quantity.quantity><out_Quantity.quantity>57.206299</out_Quantity.quantity></Point><Point><position>4513</position><in_Quantity.quantity>0.000000</in_Quantity.quantity><out_Quantity.quantity>114.910845</out_Quantity.quantity></Point><Point><position>4514</position><in_Quantity.quantity>0.000000</in_Quantity.quantity><out_Quantity.quantity>347.481507</out_Quantity.quantity></Point><Point><position>4515</position><in_Quantity.quantity>0.000000</in_Quantity.quantity><out_Quantity.quantity>687.651034</out_Quantity.quantity></Point><Point><position>4516</position><in_Quantity.quantity>0.000000</in_Quantity.quantity><out_Quantity.quantity>282.283044</out_Quantity.quantity></Point><Point><position>4517</position><in_Quantity.quantity>0.000000</in_Quantity.quantity><out_Quantity.quantity>380.268834</out_Quantity.quantity></Point><Point><position>4518</position><in_Quantity.quantity>0.000000</in_Quantity.quantity><out_Quantity.quantity>670.596268</out_Quantity.quantity></Point><Point><position>4519</position><in_Quantity.quantity>0.000000</in_Quantity.quantity><out_Quantity.quantity>848.091384</out_Quantity.quantity></Point><Point><position>4520</position><in_Quantity.quantity>0.000000</in_Quantity.quantity><out_Quantity.quantity>161.409880</out_Quantity.quantity></Point><Point><position>4521</position><in_Quantity.quantity>0.000000</in_Quantity.quantity><out_Quantity.quantity>906.366758</out_Quantity.quantity></Point><Point><position>4522</position><in_Quantity.quantity>0.000000</in_Quantity.quantity><out_Quantity.quantity>53.331478</out_Quantity.quantity></Point><Point><position>4523</position><in_Quantity.quantity>0.000000</in_Quantity.quantity><out_Quantity.quantity>104.118613</out_Quantity.quantity></Point><Point><position>4524</position><in_Quantity.quantity>0.000000</in_Quantity.quantity><out_Quantity.quantity>951.523838</out_Quantity.quantity></Point><Point><position>4525</position><in_Quantity.quantity>0.000000</in_Quantity.quantity><out_Quantity.quantity>626.878978</out_Quantity.quantity></Point><Point><position>4526</position><in_Quantity.quantity>0.000000</in_Quantity.quantity><out_Quantity.quantity>26.720687</out_Quantity.quantity></Point><Point><position>4527</position><in_Quantity.quantity>0.000000</in_Quantity.quantity><out_Quantity.quantity>972.966963</out_Quantity.quantity></Point><Point><position>4528</position><in_Quantity.quantity>0.000000</in_Quantity.quantity><out_Quantity.quantity>443.354581</out_Quantity.quantity></Point><Point><position>4529</position><in_Quantity.quantity>0.000000</in_Quantity.quantity><out_Quantity.quantity>906.143923</out_Quantity.quantity></Point><Point><position>4530</position><in_Quantity.quantity>0.000000</in_Quantity.quantity><out_Quantity.quantity>908.483001</out_Quantity.quantity></Point><Point><position>4531</position><in_Quantity.quantity>0.000000</in_Quantity.quantity><out_Quantity.quantity>96.491434</out_Quantity.quantity></Point><Point><position>4532</position><in_Quantity.quantity>0.000000</in_Quantity.quantity><out_Quantity.quantity>970.345075</out_Quantity.quantity></Point><Point><position>4533</position><in_Quantity.quantity>0.000000</in_Quantity.quantity><out_Quantity.quantity>718.357973</out_Quantity.quantity></Point><Point><position>4534</position><in_Quantity.quantity>0.000000</in_Quantity.quantity><out_Quantity.quantity>692.090126</out_Quantity.quantity></Point><Point><position>4535</position><in_Quantity.quantity>0.000000</in_Quantity.quantity><out_Quantity.quantity>427.805691</out_Quantity.quantity></Point><Point><position>4536</position><in_Quantity.quantity>0.000000</in_Quantity.quantity><out_Quantity.quantity>972.548385</out_Quantity.quantity></Point><Point><position>4537</position><in_Quantity.quantity>0.000000</in_Quantity.quantity><out_Quantity.quantity>202.897917</out_Quantity.quantity></Point><Point><position>4538</position><in_Quantity.quantity>0.000000</in_Quantity.quantity><out_Quantity.quantity>534.405033</out_Quantity.quantity></Point><Point><position>4539</position><in_Quantity.quantity>0.000000</in_Quantity.quantity><out_Quantity.quantity>696.561862</out_Quantity.quantity></Point><Point><position>4540</position><in_Quantity.quantity>0.000000</in_Quantity.quantity><out_Quantity.quantity>337.904594</out_Quantity.quantity></Point><Point><position>4541</position><in_Quantity.quantity>0.000000</in_Quantity.quantity><out_Quantity.quantity>707.939541</out_Quantity.quantity></Point><Point><position>4542</position><in_Quantity.quantity>0.000000</in_Quantity.quantity><out_Quantity.quantity>719.224841</out_Quantity.quantity></Point><Point><position>4543</position><in_Quantity.quantity>0.000000</in_Quantity.quantity><out_Quantity.quantity>363.788412</out_Quantity.quantity></Point><Point><position>4544</position><in_Quantity.quantity>0.000000</in_Quantity.quantity><out_Quantity.quantity>540.459434</out_Quantity.quantity></Point><Point><position>4545</position><in_Quantity.quantity>0.000000</in_Quantity.quantity><out_Quantity.quantity>420.149313</out_Quantity.quantity></Point><Point><position>4546</position><in_Quantity.quantity>0.000000</in_Quantity.quantity><out_Quantity.quantity>114.404789</out_Quantity.quantity></Point><Point><position>4547</position><in_Quantity.quantity>0.000000</in_Quantity.quantity><out_Quantity.quantity>49.701965</out_Quantity.quantity></Point><Point><position>4548</position><in_Quantity.quantity>0.000000</in_Quantity.quantity><out_Quantity.quantity>524.677882</out_Quantity.quantity></Point><Point><position>4549</position><in_Quantity.quantity>0.000000</in_Quantity.quantity><out_Quantity.quantity>503.675385</out_Quantity.quantity></Point><Point><position>4550</position><in_Quantity.quantity>0.000000</in_Quantity.quantity><out_Quantity.quantity>335.808730</out_Quantity.quantity></Point><Point><position>4551</position><in_Quantity.quantity>0.000000</in_Quantity.quantity><out_Quantity.quantity>444.169272</out_Quantity.quantity></Point><Point><position>4552</position><in_Quantity.quantity>0.000000</in_Quantity.quantity><out_Quantity.quantity>38.065219</out_Quantity.quantity></Point><Point><position>4553</position><in_Quantity.quantity>0.000000</in_Quantity.quantity><out_Quantity.quantity>971.724820</out_Quantity.quantity></Point><Point><position>4554</position><in_Quantity.quantity>0.000000</in_Quantity.quantity><out_Quantity.quantity>27.324390</out_Quantity.quantity></Point><Point><position>4555</position><in_Quantity.quantity>0.000000</in_Quantity.quantity><out_Quantity.quantity>700.110372</out_Quantity.quantity></Point><Point><position>4556</position><in_Quantity.quantity>0.000000</in_Quantity.quantity><out_Quantity.quantity>389.745739</out_Quantity.quantity></Point><Point><position>4557</position><in_Quantity.quantity>0.000000</in_Quantity.quantity><out_Quantity.quantity>6.779782</out_Quantity.quantity></Point><Point><position>4558</position><in_Quantity.quantity>0.000000</in_Quantity.quantity><out_Quantity.quantity>366.447086</out_Quantity.quantity></Point><Point><position>4559</position><in_Quantity.quantity>0.000000</in_Quantity.quantity><out_Quantity.quantity>364.579015</out_Quantity.quantity></Point><Point><position>4560</position><in_Quantity.quantity>0.000000</in_Quantity.quantity><out_Quantity.quantity>938.994601</out_Quantity.quantity></Point><Point><position>4561</position><in_Quantity.quantity>0.000000</in_Quantity.quantity><out_Quantity.quantity>798.114068</out_Quantity.quantity></Point><Point><position>4562</position><in_Quantity.quantity>0.000000</in_Quantity.quantity><out_Quantity.quantity>595.349966</out_Quantity.quantity></Point><Point><position>4563</position><in_Quantity.quantity>0.000000</in_Quantity.quantity><out_Quantity.quantity>345.384114</out_Quantity.quantity></Point><Point><position>4564</position><in_Quantity.quantity>0.000000</in_Quantity.quantity><out_Quantity.quantity>956.780422</out_Quantity.quantity></Point><Point><position>4565</position><in_Quantity.quantity>0.000000</in_Quantity.quantity><out_Quantity.quantity>409.794754</out_Quantity.quantity></Point><Point><position>4566</position><in_Quantity.quantity>0.000000</in_Quantity.quantity><out_Quantity.quantity>81.199909</out_Quantity.quantity></Point><Point><position>4567</position><in_Quantity.quantity>0.000000</in_Quantity.quantity><out_Quantity.quantity>708.382793</out_Quantity.quantity></Point><Point><position>4568</position><in_Quantity.quantity>0.000000</in_Quantity.quantity><out_Quantity.quantity>244.266394</out_Quantity.quantity></Point><Point><position>4569</position><in_Quantity.quantity>0.000000</in_Quantity.quantity><out_Quantity.quantity>874.062590</out_Quantity.quantity></Point><Point><position>4570</position><in_Quantity.quantity>0.000000</in_Quantity.quantity><out_Quantity.quantity>667.830413</out_Quantity.quantity></Point><Point><position>4571</position><in_Quantity.quantity>0.000000</in_Quantity.quantity><out_Quantity.quantity>177.678010</out_Quantity.quantity></Point><Point><position>4572</position><in_Quantity.quantity>0.000000</in_Quantity.quantity><out_Quantity.quantity>427.838595</out_Quantity.quantity></Point><Point><position>4573</position><in_Quantity.quantity>0.000000</in_Quantity.quantity><out_Quantity.quantity>263.516065</out_Quantity.quantity></Point><Point><position>4574</position><in_Quantity.quantity>0.000000</in_Quantity.quantity><out_Quantity.quantity>394.441276</out_Quantity.quantity></Point><Point><position>4575</position><in_Quantity.quantity>0.000000</in_Quantity.quantity><out_Quantity.quantity>886.725179</out_Quantity.quantity></Point><Point><position>4576</position><in_Quantity.quantity>0.000000</in_Quantity.quantity><out_Quantity.quantity>592.556755</out_Quantity.quantity></Point><Point><position>4577</position><in_Quantity.quantity>0.000000</in_Quantity.quantity><out_Quantity.quantity>161.818489</out_Quantity.quantity></Point><Point><position>4578</position><in_Quantity.quantity>0.000000</in_Quantity.quantity><out_Quantity.quantity>35.908110</out_Quantity.quantity></Point><Point><position>4579</position><in_Quantity.quantity>0.000000</in_Quantity.quantity><out_Quantity.quantity>545.977458</out_Quantity.quantity></Point><Point><position>4580</position><in_Quantity.quantity>0.000000</in_Quantity.quantity><out_Quantity.quantity>25.127813</out_Quantity.quantity></Point><Point><position>4581</position><in_Quantity.quantity>0.000000</in_Quantity.quantity><out_Quantity.quantity>733.243376</out_Quantity.quantity></Point><Point><position>4582</position><in_Quantity.quantity>0.000000</in_Quantity.quantity><out_Quantity.quantity>458.198621</out_Quantity.quantity></Point><Point><position>4583</position><in_Quantity.quantity>0.000000</in_Quantity.quantity><out_Quantity.quantity>20.295472</out_Quantity.quantity></Point><Point><position>4584</position><in_Quantity.quantity>0.000000</in_Quantity.quantity><out_Quantity.quantity>225.785011</out_Quantity.quantity></Point><Point><position>4585</position><in_Quantity.quantity>0.000000</in_Quantity.quantity><out_Quantity.quantity>218.863215</out_Quantity.quantity></Point><Point><position>4586</position><in_Quantity.quantity>0.000000</in_Quantity.quantity><out_Quantity.quantity>485.361314</out_Quantity.quantity></Point><Point><position>4587</position><in_Quantity.quantity>0.000000</in_Quantity.quantity><out_Quantity.quantity>550.700089</out_Quantity.quantity></Point><Point><position>4588</position><in_Quantity.quantity>0.000000</in_Quantity.quantity><out_Quantity.quantity>97.492205</out_Quantity.quantity></Point><Point><position>4589</position><in_Quantity.quantity>0.000000</in_Quantity.quantity><out_Quantity.quantity>157.914703</out_Quantity.quantity></Point><Point><position>4590</position><in_Quantity.quantity>0.000000</in_Quantity.quantity><out_Quantity.quantity>964.282260</out_Quantity.quantity></Point><Point><position>4591</position><in_Quantity.quantity>0.000000</in_Quantity.quantity><out_Quantity.quantity>897.677140</out_Quantity.quantity></Point><Point><position>4592</position><in_Quantity.quantity>0.000000</in_Quantity.quantity><out_Quantity.quantity>24.352158</out_Quantity.quantity></Point><Point><position>4593</position><in_Quantity.quantity>0.000000</in_Quantity.quantity><out_Quantity.quantity>487.275706</out_Quantity.quantity></Point><Point><position>4594</position><in_Quantity.quantity>0.000000</in_Quantity.quantity><out_Quantity.quantity>942.262805</out_Quantity.quantity></Point><Point><position>4595</position><in_Quantity.quantity>0.000000</in_Quantity.quantity><out_Quantity.quantity>13.497635</out_Quantity.quantity></Point><Point><position>4596</position><in_Quantity.quantity>0.000000</in_Quantity.quantity><out_Quantity.quantity>310.867303</out_Quantity.quantity></Point><Point><position>4597</position><in_Quantity.quantity>0.000000</in_Quantity.quantity><out_Quantity.quantity>559.189804</out_Quantity.quantity></Point><Point><position>4598</position><in_Quantity.quantity>0.000000</in_Quantity.quantity><out_Quantity.quantity>796.421748</out_Quantity.quantity></Point><Point><position>4599</position><in_Quantity.quantity>0.000000</in_Quantity.quantity><out_Quantity.quantity>665.147172</out_Quantity.quantity></Point><Point><position>4600</position><in_Quantity.quantity>0.000000</in_Quantity.quantity><out_Quantity.quantity>423.566330</out_Quantity.quantity></Point><Point><position>4601</position><in_Quantity.quantity>0.000000</in_Quantity.quantity><out_Quantity.quantity>211.797557</out_Quantity.quantity></Point><Point><position>4602</position><in_Quantity.quantity>0.000000</in_Quantity.quantity><out_Quantity.quantity>923.365356</out_Quantity.quantity></Point><Point><position>4603</position><in_Quantity.quantity>0.000000</in_Quantity.quantity><out_Quantity.quantity>190.497067</out_Quantity.quantity></Point><Point><position>4604</position><in_Quantity.quantity>0.000000</in_Quantity.quantity><out_Quantity.quantity>641.899474</out_Quantity.quantity></Point><Point><position>4605</position><in_Quantity.quantity>0.000000</in_Quantity.quantity><out_Quantity.quantity>494.720288</out_Quantity.quantity></Point><Point><position>4606</position><in_Quantity.quantity>0.000000</in_Quantity.quantity><out_Quantity.quantity>774.340301</out_Quantity.quantity></Point><Point><position>4607</position><in_Quantity.quantity>0.000000</in_Quantity.quantity><out_Quantity.quantity>244.274498</out_Quantity.quantity></Point><Point><position>4608</position><in_Quantity.quantity>0.000000</in_Quantity.quantity><out_Quantity.quantity>784.543964</out_Quantity.quantity></Point><Point><position>4609</position><in_Quantity.quantity>0.000000</in_Quantity.quantity><out_Quantity.quantity>882.965519</out_Quantity.quantity></Point><Point><position>4610</position><in_Quantity.quantity>0.000000</in_Quantity.quantity><out_Quantity.quantity>462.482421</out_Quantity.quantity></Point><Point><position>4611</position><in_Quantity.quantity>0.000000</in_Quantity.quantity><out_Quantity.quantity>511.430858</out_Quantity.quantity></Point><Point><position>4612</position><in_Quantity.quantity>0.000000</in_Quantity.quantity><out_Quantity.quantity>272.311486</out_Quantity.quantity></Point><Point><position>4613</position><in_Quantity.quantity>0.000000</in_Quantity.quantity><out_Quantity.quantity>765.412254</out_Quantity.quantity></Point><Point><position>4614</position><in_Quantity.quantity>0.000000</in_Quantity.quantity><out_Quantity.quantity>225.339494</out_Quantity.quantity></Point><Point><position>4615</position><in_Quantity.quantity>0.000000</in_Quantity.quantity><out_Quantity.quantity>636.345113</out_Quantity.quantity></Point><Point><position>4616</position><in_Quantity.quantity>0.000000</in_Quantity.quantity><out_Quantity.quantity>938.113830</out_Quantity.quantity></Point><Point><position>4617</position><in_Quantity.quantity>0.000000</in_Quantity.quantity><out_Quantity.quantity>252.665706</out_Quantity.quantity></Point><Point><position>4618</position><in_Quantity.quantity>0.000000</in_Quantity.quantity><out_Quantity.quantity>986.495345</out_Quantity.quantity></Point><Point><position>4619</position><in_Quantity.quantity>0.000000</in_Quantity.quantity><out_Quantity.quantity>716.241543</out_Quantity.quantity></Point><Point><position>4620</position><in_Quantity.quantity>0.000000</in_Quantity.quantity><out_Quantity.quantity>601.553535</out_Quantity.quantity></Point><Point><position>4621</position><in_Quantity.quantity>0.000000</in_Quantity.quantity><out_Quantity.quantity>270.155565</out_Quantity.quantity></Point><Point><position>4622</position><in_Quantity.quantity>0.000000</in_Quantity.quantity><out_Quantity.quantity>903.236817</out_Quantity.quantity></Point><Point><position>4623</position><in_Quantity.quantity>0.000000</in_Quantity.quantity><out_Quantity.quantity>7.120637</out_Quantity.quantity></Point><Point><position>4624</position><in_Quantity.quantity>0.000000</in_Quantity.quantity><out_Quantity.quantity>683.075261</out_Quantity.quantity></Point><Point><position>4625</position><in_Quantity.quantity>0.000000</in_Quantity.quantity><out_Quantity.quantity>471.238764</out_Quantity.quantity></Point><Point><position>4626</position><in_Quantity.quantity>0.000000</in_Quantity.quantity><out_Quantity.quantity>556.960445</out_Quantity.quantity></Point><Point><position>4627</position><in_Quantity.quantity>0.000000</in_Quantity.quantity><out_Quantity.quantity>709.948501</out_Quantity.quantity></Point><Point><position>4628</position><in_Quantity.quantity>0.000000</in_Quantity.quantity><out_Quantity.quantity>234.828563</out_Quantity.quantity></Point><Point><position>4629</position><in_Quantity.quantity>0.000000</in_Quantity.quantity><out_Quantity.quantity>815.154896</out_Quantity.quantity></Point><Point><position>4630</position><in_Quantity.quantity>0.000000</in_Quantity.quantity><out_Quantity.quantity>814.544069</out_Quantity.quantity></Point><Point><position>4631</position><in_Quantity.quantity>0.000000</in_Quantity.quantity><out_Quantity.quantity>760.245540</out_Quantity.quantity></Point><Point><position>4632</position><in_Quantity.quantity>0.000000</in_Quantity.quantity><out_Quantity.quantity>110.475835</out_Quantity.quantity></Point><Point><position>4633</position><in_Quantity.quantity>0.000000</in_Quantity.quantity><out_Quantity.quantity>411.340137</out_Quantity.quantity></Point><Point><position>4634</position><in_Quantity.quantity>0.000000</in_Quantity.quantity><out_Quantity.quantity>688.641682</out_Quantity.quantity></Point><Point><position>4635</position><in_Quantity.quantity>0.000000</in_Quantity.quantity><out_Quantity.quantity>788.376432</out_Quantity.quantity></Point><Point><position>4636</position><in_Quantity.quantity>0.000000</in_Quantity.quantity><out_Quantity.quantity>36.500454</out_Quantity.quantity></Point><Point><position>4637</position><in_Quantity.quantity>0.000000</in_Quantity.quantity><out_Quantity.quantity>122.921393</out_Quantity.quantity></Point><Point><position>4638</position><in_Quantity.quantity>0.000000</in_Quantity.quantity><out_Quantity.quantity>527.892187</out_Quantity.quantity></Point><Point><position>4639</position><in_Quantity.quantity>0.000000</in_Quantity.quantity><out_Quantity.quantity>569.236745</out_Quantity.quantity></Point><Point><position>4640</position><in_Quantity.quantity>0.000000</in_Quantity.quantity><out_Quantity.quantity>601.999376</out_Quantity.quantity></Point><Point><position>4641</position><in_Quantity.quantity>0.000000</in_Quantity.quantity><out_Quantity.quantity>386.376567</out_Quantity.quantity></Point><Point><position>4642</position><in_Quantity.quantity>0.000000</in_Quantity.quantity><out_Quantity.quantity>556.934056</out_Quantity.quantity></Point><Point><position>4643</position><in_Quantity.quantity>0.000000</in_Quantity.quantity><out_Quantity.quantity>595.241181</out_Quantity.quantity></Point><Point><position>4644</position><in_Quantity.quantity>0.000000</in_Quantity.quantity><out_Quantity.quantity>924.830110</out_Quantity.quantity></Point><Point><position>4645</position><in_Quantity.quantity>0.000000</in_Quantity.quantity><out_Quantity.quantity>766.886082</out_Quantity.quantity></Point><Point><position>4646</position><in_Quantity.quantity>0.000000</in_Quantity.quantity><out_Quantity.quantity>537.478347</out_Quantity.quantity></Point><Point><position>4647</position><in_Quantity.quantity>0.000000</in_Quantity.quantity><out_Quantity.quantity>490.165899</out_Quantity.quantity></Point><Point><position>4648</position><in_Quantity.quantity>0.000000</in_Quantity.quantity><out_Quantity.quantity>828.350655</out_Quantity.quantity></Point><Point><position>4649</position><in_Quantity.quantity>0.000000</in_Quantity.quantity><out_Quantity.quantity>438.264044</out_Quantity.quantity></Point><Point><position>4650</position><in_Quantity.quantity>0.000000</in_Quantity.quantity><out_Quantity.quantity>555.088532</out_Quantity.quantity></Point><Point><position>4651</position><in_Quantity.quantity>0.000000</in_Quantity.quantity><out_Quantity.quantity>393.748823</out_Quantity.quantity></Point><Point><position>4652</position><in_Quantity.quantity>0.000000</in_Quantity.quantity><out_Quantity.quantity>502.967035</out_Quantity.quantity></Point><Point><position>4653</position><in_Quantity.quantity>0.000000</in_Quantity.quantity><out_Quantity.quantity>427.381933</out_Quantity.quantity></Point><Point><position>4654</position><in_Quantity.quantity>0.000000</in_Quantity.quantity><out_Quantity.quantity>348.962352</out_Quantity.quantity></Point><Point><position>4655</position><in_Quantity.quantity>0.000000</in_Quantity.quantity><out_Quantity.quantity>560.294563</out_Quantity.quantity></Point><Point><position>4656</position><in_Quantity.quantity>0.000000</in_Quantity.quantity><out_Quantity.quantity>433.221977</out_Quantity.quantity></Point><Point><position>4657</position><in_Quantity.quantity>0.000000</in_Quantity.quantity><out_Quantity.quantity>481.627415</out_Quantity.quantity></Point><Point><position>4658</position><in_Quantity.quantity>0.000000</in_Quantity.quantity><out_Quantity.quantity>702.619144</out_Quantity.quantity></Point><Point><position>4659</position><in_Quantity.quantity>0.000000</in_Quantity.quantity><out_Quantity.quantity>868.964979</out_Quantity.quantity></Point><Point><position>4660</position><in_Quantity.quantity>0.000000</in_Quantity.quantity><out_Quantity.quantity>550.864760</out_Quantity.quantity></Point><Point><position>4661</position><in_Quantity.quantity>0.000000</in_Quantity.quantity><out_Quantity.quantity>468.092687</out_Quantity.quantity></Point><Point><position>4662</position><in_Quantity.quantity>0.000000</in_Quantity.quantity><out_Quantity.quantity>56.237262</out_Quantity.quantity></Point><Point><position>4663</position><in_Quantity.quantity>0.000000</in_Quantity.quantity><out_Quantity.quantity>95.666335</out_Quantity.quantity></Point><Point><position>4664</position><in_Quantity.quantity>0.000000</in_Quantity.quantity><out_Quantity.quantity>262.349020</out_Quantity.quantity></Point><Point><position>4665</position><in_Quantity.quantity>0.000000</in_Quantity.quantity><out_Quantity.quantity>343.055304</out_Quantity.quantity></Point><Point><position>4666</position><in_Quantity.quantity>0.000000</in_Quantity.quantity><out_Quantity.quantity>685.306887</out_Quantity.quantity></Point><Point><position>4667</position><in_Quantity.quantity>0.000000</in_Quantity.quantity><out_Quantity.quantity>918.529272</out_Quantity.quantity></Point><Point><position>4668</position><in_Quantity.quantity>0.000000</in_Quantity.quantity><out_Quantity.quantity>432.416913</out_Quantity.quantity></Point><Point><position>4669</position><in_Quantity.quantity>0.000000</in_Quantity.quantity><out_Quantity.quantity>2.078846</out_Quantity.quantity></Point><Point><position>4670</position><in_Quantity.quantity>0.000000</in_Quantity.quantity><out_Quantity.quantity>617.009284</out_Quantity.quantity></Point><Point><position>4671</position><in_Quantity.quantity>0.000000</in_Quantity.quantity><out_Quantity.quantity>116.728187</out_Quantity.quantity></Point><Point><position>4672</position><in_Quantity.quantity>0.000000</in_Quantity.quantity><out_Quantity.quantity>624.285370</out_Quantity.quantity></Point><Point><position>4673</position><in_Quantity.quantity>0.000000</in_Quantity.quantity><out_Quantity.quantity>59.117000</out_Quantity.quantity></Point><Point><position>4674</position><in_Quantity.quantity>0.000000</in_Quantity.quantity><out_Quantity.quantity>990.824845</out_Quantity.quantity></Point><Point><position>4675</position><in_Quantity.quantity>0.000000</in_Quantity.quantity><out_Quantity.quantity>877.216227</out_Quantity.quantity></Point><Point><position>4676</position><in_Quantity.quantity>0.000000</in_Quantity.quantity><out_Quantity.quantity>510.775151</out_Quantity.quantity></Point><Point><position>4677</position><in_Quantity.quantity>0.000000</in_Quantity.quantity><out_Quantity.quantity>533.993776</out_Quantity.quantity></Point><Point><position>4678</position><in_Quantity.quantity>0.000000</in_Quantity.quantity><out_Quantity.quantity>859.974061</out_Quantity.quantity></Point><Point><position>4679</position><in_Quantity.quantity>0.000000</in_Quantity.quantity><out_Quantity.quantity>218.851007</out_Quantity.quantity></Point><Point><position>4680</position><in_Quantity.quantity>0.000000</in_Quantity.quantity><out_Quantity.quantity>914.363984</out_Quantity.quantity></Point><Point><position>4681</position><in_Quantity.quantity>0.000000</in_Quantity.quantity><out_Quantity.quantity>425.320967</out_Quantity.quantity></Point><Point><position>4682</position><in_Quantity.quantity>0.000000</in_Quantity.quantity><out_Quantity.quantity>267.257701</out_Quantity.quantity></Point><Point><position>4683</position><in_Quantity.quantity>0.000000</in_Quantity.quantity><out_Quantity.quantity>464.423646</out_Quantity.quantity></Point><Point><position>4684</position><in_Quantity.quantity>0.000000</in_Quantity.quantity><out_Quantity.quantity>255.063638</out_Quantity.quantity></Point><Point><position>4685</position><in_Quantity.quantity>0.000000</in_Quantity.quantity><out_Quantity.quantity>481.625897</out_Quantity.quantity></Point><Point><position>4686</position><in_Quantity.quantity>0.000000</in_Quantity.quantity><out_Quantity.quantity>736.342635</out_Quantity.quantity></Point><Point><position>4687</position><in_Quantity.quantity>0.000000</in_Quantity.quantity><out_Quantity.quantity>764.911497</out_Quantity.quantity></Point><Point><position>4688</position><in_Quantity.quantity>0.000000</in_Quantity.quantity><out_Quantity.quantity>765.119054</out_Quantity.quantity></Point><Point><position>4689</position><in_Quantity.quantity>0.000000</in_Quantity.quantity><out_Quantity.quantity>23.112476</out_Quantity.quantity></Point><Point><position>4690</position><in_Quantity.quantity>0.000000</in_Quantity.quantity><out_Quantity.quantity>500.364297</out_Quantity.quantity></Point><Point><position>4691</position><in_Quantity.quantity>0.000000</in_Quantity.quantity><out_Quantity.quantity>600.598861</out_Quantity.quantity></Point><Point><position>4692</position><in_Quantity.quantity>0.000000</in_Quantity.quantity><out_Quantity.quantity>131.641953</out_Quantity.quantity></Point><Point><position>4693</position><in_Quantity.quantity>0.000000</in_Quantity.quantity><out_Quantity.quantity>527.675352</out_Quantity.quantity></Point><Point><position>4694</position><in_Quantity.quantity>0.000000</in_Quantity.quantity><out_Quantity.quantity>426.068877</out_Quantity.quantity></Point><Point><position>4695</position><in_Quantity.quantity>0.000000</in_Quantity.quantity><out_Quantity.quantity>7.584121</out_Quantity.quantity></Point><Point><position>4696</position><in_Quantity.quantity>0.000000</in_Quantity.quantity><out_Quantity.quantity>566.327279</out_Quantity.quantity></Point><Point><position>4697</position><in_Quantity.quantity>0.000000</in_Quantity.quantity><out_Quantity.quantity>227.042969</out_Quantity.quantity></Point><Point><position>4698</position><in_Quantity.quantity>0.000000</in_Quantity.quantity><out_Quantity.quantity>473.030111</out_Quantity.quantity></Point><Point><position>4699</position><in_Quantity.quantity>0.000000</in_Quantity.quantity><out_Quantity.quantity>433.320645</out_Quantity.quantity></Point><Point><position>4700</position><in_Quantity.quantity>0.000000</in_Quantity.quantity><out_Quantity.quantity>38.038996</out_Quantity.quantity></Point><Point><position>4701</position><in_Quantity.quantity>0.000000</in_Quantity.quantity><out_Quantity.quantity>875.545263</out_Quantity.quantity></Point><Point><position>4702</position><in_Quantity.quantity>0.000000</in_Quantity.quantity><out_Quantity.quantity>857.409497</out_Quantity.quantity></Point><Point><position>4703</position><in_Quantity.quantity>0.000000</in_Quantity.quantity><out_Quantity.quantity>145.703939</out_Quantity.quantity></Point><Point><position>4704</position><in_Quantity.quantity>0.000000</in_Quantity.quantity><out_Quantity.quantity>340.139901</out_Quantity.quantity></Point><Point><position>4705</position><in_Quantity.quantity>0.000000</in_Quantity.quantity><out_Quantity.quantity>898.236865</out_Quantity.quantity></Point><Point><position>4706</position><in_Quantity.quantity>0.000000</in_Quantity.quantity><out_Quantity.quantity>634.661638</out_Quantity.quantity></Point><Point><position>4707</position><in_Quantity.quantity>0.000000</in_Quantity.quantity><out_Quantity.quantity>504.127039</out_Quantity.quantity></Point><Point><position>4708</position><in_Quantity.quantity>0.000000</in_Quantity.quantity><out_Quantity.quantity>772.885651</out_Quantity.quantity></Point><Point><position>4709</position><in_Quantity.quantity>0.000000</in_Quantity.quantity><out_Quantity.quantity>572.561098</out_Quantity.quantity></Point><Point><position>4710</position><in_Quantity.quantity>0.000000</in_Quantity.quantity><out_Quantity.quantity>674.597507</out_Quantity.quantity></Point><Point><position>4711</position><in_Quantity.quantity>0.000000</in_Quantity.quantity><out_Quantity.quantity>667.217117</out_Quantity.quantity></Point><Point><position>4712</position><in_Quantity.quantity>0.000000</in_Quantity.quantity><out_Quantity.quantity>273.270250</out_Quantity.quantity></Point><Point><position>4713</position><in_Quantity.quantity>0.000000</in_Quantity.quantity><out_Quantity.quantity>489.844881</out_Quantity.quantity></Point><Point><position>4714</position><in_Quantity.quantity>0.000000</in_Quantity.quantity><out_Quantity.quantity>676.907141</out_Quantity.quantity></Point><Point><position>4715</position><in_Quantity.quantity>0.000000</in_Quantity.quantity><out_Quantity.quantity>355.809519</out_Quantity.quantity></Point><Point><position>4716</position><in_Quantity.quantity>0.000000</in_Quantity.quantity><out_Quantity.quantity>444.332201</out_Quantity.quantity></Point><Point><position>4717</position><in_Quantity.quantity>0.000000</in_Quantity.quantity><out_Quantity.quantity>400.208811</out_Quantity.quantity></Point><Point><position>4718</position><in_Quantity.quantity>0.000000</in_Quantity.quantity><out_Quantity.quantity>58.939207</out_Quantity.quantity></Point><Point><position>4719</position><in_Quantity.quantity>0.000000</in_Quantity.quantity><out_Quantity.quantity>520.281023</out_Quantity.quantity></Point><Point><position>4720</position><in_Quantity.quantity>0.000000</in_Quantity.quantity><out_Quantity.quantity>804.702204</out_Quantity.quantity></Point><Point><position>4721</position><in_Quantity.quantity>0.000000</in_Quantity.quantity><out_Quantity.quantity>937.791512</out_Quantity.quantity></Point><Point><position>4722</position><in_Quantity.quantity>0.000000</in_Quantity.quantity><out_Quantity.quantity>142.235565</out_Quantity.quantity></Point><Point><position>4723</position><in_Quantity.quantity>0.000000</in_Quantity.quantity><out_Quantity.quantity>627.663453</out_Quantity.quantity></Point><Point><position>4724</position><in_Quantity.quantity>0.000000</in_Quantity.quantity><out_Quantity.quantity>741.998456</out_Quantity.quantity></Point><Point><position>4725</position><in_Quantity.quantity>0.000000</in_Quantity.quantity><out_Quantity.quantity>557.246923</out_Quantity.quantity></Point><Point><position>4726</position><in_Quantity.quantity>0.000000</in_Quantity.quantity><out_Quantity.quantity>339.668203</out_Quantity.quantity></Point><Point><position>4727</position><in_Quantity.quantity>0.000000</in_Quantity.quantity><out_Quantity.quantity>53.305888</out_Quantity.quantity></Point><Point><position>4728</position><in_Quantity.quantity>0.000000</in_Quantity.quantity><out_Quantity.quantity>651.303228</out_Quantity.quantity></Point><Point><position>4729</position><in_Quantity.quantity>0.000000</in_Quantity.quantity><out_Quantity.quantity>176.330445</out_Quantity.quantity></Point><Point><position>4730</position><in_Quantity.quantity>0.000000</in_Quantity.quantity><out_Quantity.quantity>363.159767</out_Quantity.quantity></Point><Point><position>4731</position><in_Quantity.quantity>0.000000</in_Quantity.quantity><out_Quantity.quantity>554.504641</out_Quantity.quantity></Point><Point><position>4732</position><in_Quantity.quantity>0.000000</in_Quantity.quantity><out_Quantity.quantity>923.372924</out_Quantity.quantity></Point><Point><position>4733</position><in_Quantity.quantity>0.000000</in_Quantity.quantity><out_Quantity.quantity>500.112250</out_Quantity.quantity></Point><Point><position>4734</position><in_Quantity.quantity>0.000000</in_Quantity.quantity><out_Quantity.quantity>413.893227</out_Quantity.quantity></Point><Point><position>4735</position><in_Quantity.quantity>0.000000</in_Quantity.quantity><out_Quantity.quantity>446.948533</out_Quantity.quantity></Point><Point><position>4736</position><in_Quantity.quantity>0.000000</in_Quantity.quantity><out_Quantity.quantity>133.865342</out_Quantity.quantity></Point><Point><position>4737</position><in_Quantity.quantity>0.000000</in_Quantity.quantity><out_Quantity.quantity>231.804267</out_Quantity.quantity></Point><Point><position>4738</position><in_Quantity.quantity>0.000000</in_Quantity.quantity><out_Quantity.quantity>556.985531</out_Quantity.quantity></Point><Point><position>4739</position><in_Quantity.quantity>0.000000</in_Quantity.quantity><out_Quantity.quantity>11.880608</out_Quantity.quantity></Point><Point><position>4740</position><in_Quantity.quantity>0.000000</in_Quantity.quantity><out_Quantity.quantity>159.146452</out_Quantity.quantity></Point><Point><position>4741</position><in_Quantity.quantity>0.000000</in_Quantity.quantity><out_Quantity.quantity>42.446390</out_Quantity.quantity></Point><Point><position>4742</position><in_Quantity.quantity>0.000000</in_Quantity.quantity><out_Quantity.quantity>874.429677</out_Quantity.quantity></Point><Point><position>4743</position><in_Quantity.quantity>0.000000</in_Quantity.quantity><out_Quantity.quantity>684.215496</out_Quantity.quantity></Point><Point><position>4744</position><in_Quantity.quantity>0.000000</in_Quantity.quantity><out_Quantity.quantity>493.677095</out_Quantity.quantity></Point><Point><position>4745</position><in_Quantity.quantity>0.000000</in_Quantity.quantity><out_Quantity.quantity>581.817309</out_Quantity.quantity></Point><Point><position>4746</position><in_Quantity.quantity>0.000000</in_Quantity.quantity><out_Quantity.quantity>431.202211</out_Quantity.quantity></Point><Point><position>4747</position><in_Quantity.quantity>0.000000</in_Quantity.quantity><out_Quantity.quantity>338.803642</out_Quantity.quantity></Point><Point><position>4748</position><in_Quantity.quantity>0.000000</in_Quantity.quantity><out_Quantity.quantity>966.490083</out_Quantity.quantity></Point><Point><position>4749</position><in_Quantity.quantity>0.000000</in_Quantity.quantity><out_Quantity.quantity>493.587409</out_Quantity.quantity></Point><Point><position>4750</position><in_Quantity.quantity>0.000000</in_Quantity.quantity><out_Quantity.quantity>725.928885</out_Quantity.quantity></Point><Point><position>4751</position><in_Quantity.quantity>0.000000</in_Quantity.quantity><out_Quantity.quantity>182.536903</out_Quantity.quantity></Point><Point><position>4752</position><in_Quantity.quantity>0.000000</in_Quantity.quantity><out_Quantity.quantity>755.971056</out_Quantity.quantity></Point><Point><position>4753</position><in_Quantity.quantity>0.000000</in_Quantity.quantity><out_Quantity.quantity>821.679831</out_Quantity.quantity></Point><Point><position>4754</position><in_Quantity.quantity>0.000000</in_Quantity.quantity><out_Quantity.quantity>71.449273</out_Quantity.quantity></Point><Point><position>4755</position><in_Quantity.quantity>0.000000</in_Quantity.quantity><out_Quantity.quantity>0.386155</out_Quantity.quantity></Point><Point><position>4756</position><in_Quantity.quantity>0.000000</in_Quantity.quantity><out_Quantity.quantity>261.254037</out_Quantity.quantity></Point><Point><position>4757</position><in_Quantity.quantity>0.000000</in_Quantity.quantity><out_Quantity.quantity>234.440405</out_Quantity.quantity></Point><Point><position>4758</position><in_Quantity.quantity>0.000000</in_Quantity.quantity><out_Quantity.quantity>308.146460</out_Quantity.quantity></Point><Point><position>4759</position><in_Quantity.quantity>0.000000</in_Quantity.quantity><out_Quantity.quantity>495.448508</out_Quantity.quantity></Point><Point><position>4760</position><in_Quantity.quantity>0.000000</in_Quantity.quantity><out_Quantity.quantity>798.109611</out_Quantity.quantity></Point><Point><position>4761</position><in_Quantity.quantity>0.000000</in_Quantity.quantity><out_Quantity.quantity>950.602614</out_Quantity.quantity></Point><Point><position>4762</position><in_Quantity.quantity>0.000000</in_Quantity.quantity><out_Quantity.quantity>199.279878</out_Quantity.quantity></Point><Point><position>4763</position><in_Quantity.quantity>0.000000</in_Quantity.quantity><out_Quantity.quantity>759.330707</out_Quantity.quantity></Point><Point><position>4764</position><in_Quantity.quantity>0.000000</in_Quantity.quantity><out_Quantity.quantity>984.205678</out_Quantity.quantity></Point><Point><position>4765</position><in_Quantity.quantity>0.000000</in_Quantity.quantity><out_Quantity.quantity>567.248380</out_Quantity.quantity></Point><Point><position>4766</position><in_Quantity.quantity>0.000000</in_Quantity.quantity><out_Quantity.quantity>827.640350</out_Quantity.quantity></Point><Point><position>4767</position><in_Quantity.quantity>0.000000</in_Quantity.quantity><out_Quantity.quantity>432.445481</out_Quantity.quantity></Point><Point><position>4768</position><in_Quantity.quantity>0.000000</in_Quantity.quantity><out_Quantity.quantity>430.901426</out_Quantity.quantity></Point><Point><position>4769</position><in_Quantity.quantity>0.000000</in_Quantity.quantity><out_Quantity.quantity>908.175780</out_Quantity.quantity></Point><Point><position>4770</position><in_Quantity.quantity>0.000000</in_Quantity.quantity><out_Quantity.quantity>594.080556</out_Quantity.quantity></Point><Point><position>4771</position><in_Quantity.quantity>0.000000</in_Quantity.quantity><out_Quantity.quantity>106.352915</out_Quantity.quantity></Point><Point><position>4772</position><in_Quantity.quantity>0.000000</in_Quantity.quantity><out_Quantity.quantity>625.227788</out_Quantity.quantity></Point><Point><position>4773</position><in_Quantity.quantity>0.000000</in_Quantity.quantity><out_Quantity.quantity>230.402660</out_Quantity.quantity></Point><Point><position>4774</position><in_Quantity.quantity>0.000000</in_Quantity.quantity><out_Quantity.quantity>388.761416</out_Quantity.quantity></Point><Point><position>4775</position><in_Quantity.quantity>0.000000</in_Quantity.quantity><out_Quantity.quantity>690.653130</out_Quantity.quantity></Point><Point><position>4776</position><in_Quantity.quantity>0.000000</in_Quantity.quantity><out_Quantity.quantity>842.861078</out_Quantity.quantity></Point><Point><position>4777</position><in_Quantity.quantity>0.000000</in_Quantity.quantity><out_Quantity.quantity>119.489819</out_Quantity.quantity></Point><Point><position>4778</position><in_Quantity.quantity>0.000000</in_Quantity.quantity><out_Quantity.quantity>131.346821</out_Quantity.quantity></Point><Point><position>4779</position><in_Quantity.quantity>0.000000</in_Quantity.quantity><out_Quantity.quantity>818.865629</out_Quantity.quantity></Point><Point><position>4780</position><in_Quantity.quantity>0.000000</in_Quantity.quantity><out_Quantity.quantity>810.225555</out_Quantity.quantity></Point><Point><position>4781</position><in_Quantity.quantity>0.000000</in_Quantity.quantity><out_Quantity.quantity>728.882398</out_Quantity.quantity></Point><Point><position>4782</position><in_Quantity.quantity>0.000000</in_Quantity.quantity><out_Quantity.quantity>138.963611</out_Quantity.quantity></Point><Point><position>4783</position><in_Quantity.quantity>0.000000</in_Quantity.quantity><out_Quantity.quantity>990.964029</out_Quantity.quantity></Point><Point><position>4784</position><in_Quantity.quantity>0.000000</in_Quantity.quantity><out_Quantity.quantity>762.353758</out_Quantity.quantity></Point><Point><position>4785</position><in_Quantity.quantity>0.000000</in_Quantity.quantity><out_Quantity.quantity>93.776605</out_Quantity.quantity></Point><Point><position>4786</position><in_Quantity.quantity>0.000000</in_Quantity.quantity><out_Quantity.quantity>14.535422</out_Quantity.quantity></Point><Point><position>4787</position><in_Quantity.quantity>0.000000</in_Quantity.quantity><out_Quantity.quantity>144.879222</out_Quantity.quantity></Point><Point><position>4788</position><in_Quantity.quantity>0.000000</in_Quantity.quantity><out_Quantity.quantity>717.926695</out_Quantity.quantity></Point><Point><position>4789</position><in_Quantity.quantity>0.000000</in_Quantity.quantity><out_Quantity.quantity>710.238319</out_Quantity.quantity></Point><Point><position>4790</position><in_Quantity.quantity>0.000000</in_Quantity.quantity><out_Quantity.quantity>478.739593</out_Quantity.quantity></Point><Point><position>4791</position><in_Quantity.quantity>0.000000</in_Quantity.quantity><out_Quantity.quantity>762.734101</out_Quantity.quantity></Point><Point><position>4792</position><in_Quantity.quantity>0.000000</in_Quantity.quantity><out_Quantity.quantity>510.059890</out_Quantity.quantity></Point><Point><position>4793</position><in_Quantity.quantity>0.000000</in_Quantity.quantity><out_Quantity.quantity>889.774078</out_Quantity.quantity></Point><Point><position>4794</position><in_Quantity.quantity>0.000000</in_Quantity.quantity><out_Quantity.quantity>895.741297</out_Quantity.quantity></Point><Point><position>4795</position><in_Quantity.quantity>0.000000</in_Quantity.quantity><out_Quantity.quantity>303.218161</out_Quantity.quantity></Point><Point><position>4796</position><in_Quantity.quantity>0.000000</in_Quantity.quantity><out_Quantity.quantity>519.440593</out_Quantity.quantity></Point><Point><position>4797</position><in_Quantity.quantity>0.000000</in_Quantity.quantity><out_Quantity.quantity>200.062190</out_Quantity.quantity></Point><Point><position>4798</position><in_Quantity.quantity>0.000000</in_Quantity.quantity><out_Quantity.quantity>195.021364</out_Quantity.quantity></Point><Point><position>4799</position><in_Quantity.quantity>0.000000</in_Quantity.quantity><out_Quantity.quantity>600.270863</out_Quantity.quantity></Point><Point><position>4800</position><in_Quantity.quantity>0.000000</in_Quantity.quantity><out_Quantity.quantity>293.635383</out_Quantity.quantity></Point><Point><position>4801</position><in_Quantity.quantity>0.000000</in_Quantity.quantity><out_Quantity.quantity>460.810068</out_Quantity.quantity></Point><Point><position>4802</position><in_Quantity.quantity>0.000000</in_Quantity.quantity><out_Quantity.quantity>461.707467</out_Quantity.quantity></Point><Point><position>4803</position><in_Quantity.quantity>0.000000</in_Quantity.quantity><out_Quantity.quantity>250.272736</out_Quantity.quantity></Point><Point><position>4804</position><in_Quantity.quantity>0.000000</in_Quantity.quantity><out_Quantity.quantity>357.767021</out_Quantity.quantity></Point><Point><position>4805</position><in_Quantity.quantity>0.000000</in_Quantity.quantity><out_Quantity.quantity>991.837339</out_Quantity.quantity></Point><Point><position>4806</position><in_Quantity.quantity>0.000000</in_Quantity.quantity><out_Quantity.quantity>174.229482</out_Quantity.quantity></Point><Point><position>4807</position><in_Quantity.quantity>0.000000</in_Quantity.quantity><out_Quantity.quantity>848.713111</out_Quantity.quantity></Point><Point><position>4808</position><in_Quantity.quantity>0.000000</in_Quantity.quantity><out_Quantity.quantity>744.422195</out_Quantity.quantity></Point><Point><position>4809</position><in_Quantity.quantity>0.000000</in_Quantity.quantity><out_Quantity.quantity>342.932309</out_Quantity.quantity></Point><Point><position>4810</position><in_Quantity.quantity>0.000000</in_Quantity.quantity><out_Quantity.quantity>474.528365</out_Quantity.quantity></Point><Point><position>4811</position><in_Quantity.quantity>0.000000</in_Quantity.quantity><out_Quantity.quantity>983.963629</out_Quantity.quantity></Point><Point><position>4812</position><in_Quantity.quantity>0.000000</in_Quantity.quantity><out_Quantity.quantity>875.268001</out_Quantity.quantity></Point><Point><position>4813</position><in_Quantity.quantity>0.000000</in_Quantity.quantity><out_Quantity.quantity>461.995380</out_Quantity.quantity></Point><Point><position>4814</position><in_Quantity.quantity>0.000000</in_Quantity.quantity><out_Quantity.quantity>170.687836</out_Quantity.quantity></Point><Point><position>4815</position><in_Quantity.quantity>0.000000</in_Quantity.quantity><out_Quantity.quantity>379.087807</out_Quantity.quantity></Point><Point><position>4816</position><in_Quantity.quantity>0.000000</in_Quantity.quantity><out_Quantity.quantity>767.791508</out_Quantity.quantity></Point><Point><position>4817</position><in_Quantity.quantity>0.000000</in_Quantity.quantity><out_Quantity.quantity>940.366232</out_Quantity.quantity></Point><Point><position>4818</position><in_Quantity.quantity>0.000000</in_Quantity.quantity><out_Quantity.quantity>424.861661</out_Quantity.quantity></Point><Point><position>4819</position><in_Quantity.quantity>0.000000</in_Quantity.quantity><out_Quantity.quantity>351.311721</out_Quantity.quantity></Point><Point><position>4820</position><in_Quantity.quantity>0.000000</in_Quantity.quantity><out_Quantity.quantity>777.320954</out_Quantity.quantity></Point><Point><position>4821</position><in_Quantity.quantity>0.000000</in_Quantity.quantity><out_Quantity.quantity>797.091052</out_Quantity.quantity></Point><Point><position>4822</position><in_Quantity.quantity>0.000000</in_Quantity.quantity><out_Quantity.quantity>577.104563</out_Quantity.quantity></Point><Point><position>4823</position><in_Quantity.quantity>0.000000</in_Quantity.quantity><out_Quantity.quantity>108.412058</out_Quantity.quantity></Point><Point><position>4824</position><in_Quantity.quantity>0.000000</in_Quantity.quantity><out_Quantity.quantity>106.304256</out_Quantity.quantity></Point><Point><position>4825</position><in_Quantity.quantity>0.000000</in_Quantity.quantity><out_Quantity.quantity>867.440293</out_Quantity.quantity></Point><Point><position>4826</position><in_Quantity.quantity>0.000000</in_Quantity.quantity><out_Quantity.quantity>998.986687</out_Quantity.quantity></Point><Point><position>4827</position><in_Quantity.quantity>0.000000</in_Quantity.quantity><out_Quantity.quantity>940.697467</out_Quantity.quantity></Point><Point><position>4828</position><in_Quantity.quantity>0.000000</in_Quantity.quantity><out_Quantity.quantity>572.358784</out_Quantity.quantity></Point><Point><position>4829</position><in_Quantity.quantity>0.000000</in_Quantity.quantity><out_Quantity.quantity>240.170500</out_Quantity.quantity></Point><Point><position>4830</position><in_Quantity.quantity>0.000000</in_Quantity.quantity><out_Quantity.quantity>957.266199</out_Quantity.quantity></Point><Point><position>4831</position><in_Quantity.quantity>0.000000</in_Quantity.quantity><out_Quantity.quantity>559.825914</out_Quantity.quantity></Point><Point><position>4832</position><in_Quantity.quantity>0.000000</in_Quantity.quantity><out_Quantity.quantity>928.284481</out_Quantity.quantity></Point><Point><position>4833</position><in_Quantity.quantity>0.000000</in_Quantity.quantity><out_Quantity.quantity>691.343222</out_Quantity.quantity></Point><Point><position>4834</position><in_Quantity.quantity>0.000000</in_Quantity.quantity><out_Quantity.quantity>488.423095</out_Quantity.quantity></Point><Point><position>4835</position><in_Quantity.quantity>0.000000</in_Quantity.quantity><out_Quantity.quantity>475.768132</out_Quantity.quantity></Point><Point><position>4836</position><in_Quantity.quantity>0.000000</in_Quantity.quantity><out_Quantity.quantity>168.304315</out_Quantity.quantity></Point><Point><position>4837</position><in_Quantity.quantity>0.000000</in_Quantity.quantity><out_Quantity.quantity>613.162185</out_Quantity.quantity></Point><Point><position>4838</position><in_Quantity.quantity>0.000000</in_Quantity.quantity><out_Quantity.quantity>488.292064</out_Quantity.quantity></Point><Point><position>4839</position><in_Quantity.quantity>0.000000</in_Quantity.quantity><out_Quantity.quantity>95.633065</out_Quantity.quantity></Point><Point><position>4840</position><in_Quantity.quantity>0.000000</in_Quantity.quantity><out_Quantity.quantity>529.909392</out_Quantity.quantity></Point><Point><position>4841</position><in_Quantity.quantity>0.000000</in_Quantity.quantity><out_Quantity.quantity>716.382258</out_Quantity.quantity></Point><Point><position>4842</position><in_Quantity.quantity>0.000000</in_Quantity.quantity><out_Quantity.quantity>493.696350</out_Quantity.quantity></Point><Point><position>4843</position><in_Quantity.quantity>0.000000</in_Quantity.quantity><out_Quantity.quantity>771.319465</out_Quantity.quantity></Point><Point><position>4844</position><in_Quantity.quantity>0.000000</in_Quantity.quantity><out_Quantity.quantity>416.962701</out_Quantity.quantity></Point><Point><position>4845</position><in_Quantity.quantity>0.000000</in_Quantity.quantity><out_Quantity.quantity>667.687960</out_Quantity.quantity></Point><Point><position>4846</position><in_Quantity.quantity>0.000000</in_Quantity.quantity><out_Quantity.quantity>231.594673</out_Quantity.quantity></Point><Point><position>4847</position><in_Quantity.quantity>0.000000</in_Quantity.quantity><out_Quantity.quantity>708.129196</out_Quantity.quantity></Point><Point><position>4848</position><in_Quantity.quantity>0.000000</in_Quantity.quantity><out_Quantity.quantity>766.321521</out_Quantity.quantity></Point><Point><position>4849</position><in_Quantity.quantity>0.000000</in_Quantity.quantity><out_Quantity.quantity>509.128042</out_Quantity.quantity></Point><Point><position>4850</position><in_Quantity.quantity>0.000000</in_Quantity.quantity><out_Quantity.quantity>211.304471</out_Quantity.quantity></Point><Point><position>4851</position><in_Quantity.quantity>0.000000</in_Quantity.quantity><out_Quantity.quantity>617.970810</out_Quantity.quantity></Point><Point><position>4852</position><in_Quantity.quantity>0.000000</in_Quantity.quantity><out_Quantity.quantity>420.252450</out_Quantity.quantity></Point><Point><position>4853</position><in_Quantity.quantity>0.000000</in_Quantity.quantity><out_Quantity.quantity>85.713087</out_Quantity.quantity></Point><Point><position>4854</position><in_Quantity.quantity>0.000000</in_Quantity.quantity><out_Quantity.quantity>737.195061</out_Quantity.quantity></Point><Point><position>4855</position><in_Quantity.quantity>0.000000</in_Quantity.quantity><out_Quantity.quantity>98.645535</out_Quantity.quantity></Point><Point><position>4856</position><in_Quantity.quantity>0.000000</in_Quantity.quantity><out_Quantity.quantity>885.148807</out_Quantity.quantity></Point><Point><position>4857</position><in_Quantity.quantity>0.000000</in_Quantity.quantity><out_Quantity.quantity>882.038849</out_Quantity.quantity></Point><Point><position>4858</position><in_Quantity.quantity>0.000000</in_Quantity.quantity><out_Quantity.quantity>860.406247</out_Quantity.quantity></Point><Point><position>4859</position><in_Quantity.quantity>0.000000</in_Quantity.quantity><out_Quantity.quantity>341.388397</out_Quantity.quantity></Point><Point><position>4860</position><in_Quantity.quantity>0.000000</in_Quantity.quantity><out_Quantity.quantity>558.801986</out_Quantity.quantity></Point><Point><position>4861</position><in_Quantity.quantity>0.000000</in_Quantity.quantity><out_Quantity.quantity>849.563094</out_Quantity.quantity></Point><Point><position>4862</position><in_Quantity.quantity>0.000000</in_Quantity.quantity><out_Quantity.quantity>387.532655</out_Quantity.quantity></Point><Point><position>4863</position><in_Quantity.quantity>0.000000</in_Quantity.quantity><out_Quantity.quantity>147.680080</out_Quantity.quantity></Point><Point><position>4864</position><in_Quantity.quantity>0.000000</in_Quantity.quantity><out_Quantity.quantity>395.027062</out_Quantity.quantity></Point><Point><position>4865</position><in_Quantity.quantity>0.000000</in_Quantity.quantity><out_Quantity.quantity>104.846675</out_Quantity.quantity></Point><Point><position>4866</position><in_Quantity.quantity>0.000000</in_Quantity.quantity><out_Quantity.quantity>986.401952</out_Quantity.quantity></Point><Point><position>4867</position><in_Quantity.quantity>0.000000</in_Quantity.quantity><out_Quantity.quantity>722.667299</out_Quantity.quantity></Point><Point><position>4868</position><in_Quantity.quantity>0.000000</in_Quantity.quantity><out_Quantity.quantity>757.552606</out_Quantity.quantity></Point><Point><position>4869</position><in_Quantity.quantity>0.000000</in_Quantity.quantity><out_Quantity.quantity>774.877690</out_Quantity.quantity></Point><Point><position>4870</position><in_Quantity.quantity>0.000000</in_Quantity.quantity><out_Quantity.quantity>93.123575</out_Quantity.quantity></Point><Point><position>4871</position><in_Quantity.quantity>0.000000</in_Quantity.quantity><out_Quantity.quantity>875.494062</out_Quantity.quantity></Point><Point><position>4872</position><in_Quantity.quantity>0.000000</in_Quantity.quantity><out_Quantity.quantity>605.194363</out_Quantity.quantity></Point><Point><position>4873</position><in_Quantity.quantity>0.000000</in_Quantity.quantity><out_Quantity.quantity>2.065018</out_Quantity.quantity></Point><Point><position>4874</position><in_Quantity.quantity>0.000000</in_Quantity.quantity><out_Quantity.quantity>607.278110</out_Quantity.quantity></Point><Point><position>4875</position><in_Quantity.quantity>0.000000</in_Quantity.quantity><out_Quantity.quantity>442.772230</out_Quantity.quantity></Point><Point><position>4876</position><in_Quantity.quantity>0.000000</in_Quantity.quantity><out_Quantity.quantity>261.452092</out_Quantity.quantity></Point><Point><position>4877</position><in_Quantity.quantity>0.000000</in_Quantity.quantity><out_Quantity.quantity>384.284257</out_Quantity.quantity></Point><Point><position>4878</position><in_Quantity.quantity>0.000000</in_Quantity.quantity><out_Quantity.quantity>360.686228</out_Quantity.quantity></Point><Point><position>4879</position><in_Quantity.quantity>0.000000</in_Quantity.quantity><out_Quantity.quantity>899.654503</out_Quantity.quantity></Point><Point><position>4880</position><in_Quantity.quantity>0.000000</in_Quantity.quantity><out_Quantity.quantity>243.337693</out_Quantity.quantity></Point><Point><position>4881</position><in_Quantity.quantity>0.000000</in_Quantity.quantity><out_Quantity.quantity>455.495250</out_Quantity.quantity></Point><Point><position>4882</position><in_Quantity.quantity>0.000000</in_Quantity.quantity><out_Quantity.quantity>761.739692</out_Quantity.quantity></Point><Point><position>4883</position><in_Quantity.quantity>0.000000</in_Quantity.quantity><out_Quantity.quantity>661.110685</out_Quantity.quantity></Point><Point><position>4884</position><in_Quantity.quantity>0.000000</in_Quantity.quantity><out_Quantity.quantity>550.695610</out_Quantity.quantity></Point><Point><position>4885</position><in_Quantity.quantity>0.000000</in_Quantity.quantity><out_Quantity.quantity>933.181339</out_Quantity.quantity></Point><Point><position>4886</position><in_Quantity.quantity>0.000000</in_Quantity.quantity><out_Quantity.quantity>614.932541</out_Quantity.quantity></Point><Point><position>4887</position><in_Quantity.quantity>0.000000</in_Quantity.quantity><out_Quantity.quantity>54.066124</out_Quantity.quantity></Point><Point><position>4888</position><in_Quantity.quantity>0.000000</in_Quantity.quantity><out_Quantity.quantity>750.065670</out_Quantity.quantity></Point><Point><position>4889</position><in_Quantity.quantity>0.000000</in_Quantity.quantity><out_Quantity.quantity>20.385300</out_Quantity.quantity></Point><Point><position>4890</position><in_Quantity.quantity>0.000000</in_Quantity.quantity><out_Quantity.quantity>803.897380</out_Quantity.quantity></Point><Point><position>4891</position><in_Quantity.quantity>0.000000</in_Quantity.quantity><out_Quantity.quantity>67.386320</out_Quantity.quantity></Point><Point><position>4892</position><in_Quantity.quantity>0.000000</in_Quantity.quantity><out_Quantity.quantity>356.657231</out_Quantity.quantity></Point><Point><position>4893</position><in_Quantity.quantity>0.000000</in_Quantity.quantity><out_Quantity.quantity>971.653102</out_Quantity.quantity></Point><Point><position>4894</position><in_Quantity.quantity>0.000000</in_Quantity.quantity><out_Quantity.quantity>383.171401</out_Quantity.quantity></Point><Point><position>4895</position><in_Quantity.quantity>0.000000</in_Quantity.quantity><out_Quantity.quantity>489.750389</out_Quantity.quantity></Point><Point><position>4896</position><in_Quantity.quantity>0.000000</in_Quantity.quantity><out_Quantity.quantity>341.993512</out_Quantity.quantity></Point><Point><position>4897</position><in_Quantity.quantity>0.000000</in_Quantity.quantity><out_Quantity.quantity>937.702750</out_Quantity.quantity></Point><Point><position>4898</position><in_Quantity.quantity>0.000000</in_Quantity.quantity><out_Quantity.quantity>558.418681</out_Quantity.quantity></Point><Point><position>4899</position><in_Quantity.quantity>0.000000</in_Quantity.quantity><out_Quantity.quantity>824.867179</out_Quantity.quantity></Point><Point><position>4900</position><in_Quantity.quantity>0.000000</in_Quantity.quantity><out_Quantity.quantity>453.438355</out_Quantity.quantity></Point><Point><position>4901</position><in_Quantity.quantity>0.000000</in_Quantity.quantity><out_Quantity.quantity>589.691603</out_Quantity.quantity></Point><Point><position>4902</position><in_Quantity.quantity>0.000000</in_Quantity.quantity><out_Quantity.quantity>922.027181</out_Quantity.quantity></Point><Point><position>4903</position><in_Quantity.quantity>0.000000</in_Quantity.quantity><out_Quantity.quantity>151.247448</out_Quantity.quantity></Point><Point><position>4904</position><in_Quantity.quantity>0.000000</in_Quantity.quantity><out_Quantity.quantity>877.562777</out_Quantity.quantity></Point><Point><position>4905</position><in_Quantity.quantity>0.000000</in_Quantity.quantity><out_Quantity.quantity>611.326449</out_Quantity.quantity></Point><Point><position>4906</position><in_Quantity.quantity>0.000000</in_Quantity.quantity><out_Quantity.quantity>501.751822</out_Quantity.quantity></Point><Point><position>4907</position><in_Quantity.quantity>0.000000</in_Quantity.quantity><out_Quantity.quantity>67.085854</out_Quantity.quantity></Point><Point><position>4908</position><in_Quantity.quantity>0.000000</in_Quantity.quantity><out_Quantity.quantity>997.189288</out_Quantity.quantity></Point><Point><position>4909</position><in_Quantity.quantity>0.000000</in_Quantity.quantity><out_Quantity.quantity>601.226186</out_Quantity.quantity></Point><Point><position>4910</position><in_Quantity.quantity>0.000000</in_Quantity.quantity><out_Quantity.quantity>237.484386</out_Quantity.quantity></Point><Point><position>4911</position><in_Quantity.quantity>0.000000</in_Quantity.quantity><out_Quantity.quantity>100.631475</out_Quantity.quantity></Point><Point><position>4912</position><in_Quantity.quantity>0.000000</in_Quantity.quantity><out_Quantity.quantity>712.616794</out_Quantity.quantity></Point><Point><position>4913</position><in_Quantity.quantity>0.000000</in_Quantity.quantity><out_Quantity.quantity>729.805019</out_Quantity.quantity></Point><Point><position>4914</position><in_Quantity.quantity>0.000000</in_Quantity.quantity><out_Quantity.quantity>440.157991</out_Quantity.quantity></Point><Point><position>4915</position><in_Quantity.quantity>0.000000</in_Quantity.quantity><out_Quantity.quantity>842.289033</out_Quantity.quantity></Point><Point><position>4916</position><in_Quantity.quantity>0.000000</in_Quantity.quantity><out_Quantity.quantity>503.308906</out_Quantity.quantity></Point><Point><position>4917</position><in_Quantity.quantity>0.000000</in_Quantity.quantity><out_Quantity.quantity>793.763980</out_Quantity.quantity></Point><Point><position>4918</position><in_Quantity.quantity>0.000000</in_Quantity.quantity><out_Quantity.quantity>247.162935</out_Quantity.quantity></Point><Point><position>4919</position><in_Quantity.quantity>0.000000</in_Quantity.quantity><out_Quantity.quantity>890.867591</out_Quantity.quantity></Point><Point><position>4920</position><in_Quantity.quantity>0.000000</in_Quantity.quantity><out_Quantity.quantity>608.116304</out_Quantity.quantity></Point><Point><position>4921</position><in_Quantity.quantity>0.000000</in_Quantity.quantity><out_Quantity.quantity>275.726563</out_Quantity.quantity></Point><Point><position>4922</position><in_Quantity.quantity>0.000000</in_Quantity.quantity><out_Quantity.quantity>947.888182</out_Quantity.quantity></Point><Point><position>4923</position><in_Quantity.quantity>0.000000</in_Quantity.quantity><out_Quantity.quantity>543.924661</out_Quantity.quantity></Point><Point><position>4924</position><in_Quantity.quantity>0.000000</in_Quantity.quantity><out_Quantity.quantity>701.315079</out_Quantity.quantity></Point><Point><position>4925</position><in_Quantity.quantity>0.000000</in_Quantity.quantity><out_Quantity.quantity>868.167556</out_Quantity.quantity></Point><Point><position>4926</position><in_Quantity.quantity>0.000000</in_Quantity.quantity><out_Quantity.quantity>340.834584</out_Quantity.quantity></Point><Point><position>4927</position><in_Quantity.quantity>0.000000</in_Quantity.quantity><out_Quantity.quantity>223.201437</out_Quantity.quantity></Point><Point><position>4928</position><in_Quantity.quantity>0.000000</in_Quantity.quantity><out_Quantity.quantity>189.963943</out_Quantity.quantity></Point><Point><position>4929</position><in_Quantity.quantity>0.000000</in_Quantity.quantity><out_Quantity.quantity>145.611595</out_Quantity.quantity></Point><Point><position>4930</position><in_Quantity.quantity>0.000000</in_Quantity.quantity><out_Quantity.quantity>357.562837</out_Quantity.quantity></Point><Point><position>4931</position><in_Quantity.quantity>0.000000</in_Quantity.quantity><out_Quantity.quantity>940.828826</out_Quantity.quantity></Point><Point><position>4932</position><in_Quantity.quantity>0.000000</in_Quantity.quantity><out_Quantity.quantity>673.520668</out_Quantity.quantity></Point><Point><position>4933</position><in_Quantity.quantity>0.000000</in_Quantity.quantity><out_Quantity.quantity>818.035026</out_Quantity.quantity></Point><Point><position>4934</position><in_Quantity.quantity>0.000000</in_Quantity.quantity><out_Quantity.quantity>194.647930</out_Quantity.quantity></Point><Point><position>4935</position><in_Quantity.quantity>0.000000</in_Quantity.quantity><out_Quantity.quantity>149.310212</out_Quantity.quantity></Point><Point><position>4936</position><in_Quantity.quantity>0.000000</in_Quantity.quantity><out_Quantity.quantity>655.567510</out_Quantity.quantity></Point><Point><position>4937</position><in_Quantity.quantity>0.000000</in_Quantity.quantity><out_Quantity.quantity>337.227651</out_Quantity.quantity></Point><Point><position>4938</position><in_Quantity.quantity>0.000000</in_Quantity.quantity><out_Quantity.quantity>822.679175</out_Quantity.quantity></Point><Point><position>4939</position><in_Quantity.quantity>0.000000</in_Quantity.quantity><out_Quantity.quantity>848.050040</out_Quantity.quantity></Point><Point><position>4940</position><in_Quantity.quantity>0.000000</in_Quantity.quantity><out_Quantity.quantity>772.584935</out_Quantity.quantity></Point><Point><position>4941</position><in_Quantity.quantity>0.000000</in_Quantity.quantity><out_Quantity.quantity>630.556922</out_Quantity.quantity></Point><Point><position>4942</position><in_Quantity.quantity>0.000000</in_Quantity.quantity><out_Quantity.quantity>360.773912</out_Quantity.quantity></Point><Point><position>4943</position><in_Quantity.quantity>0.000000</in_Quantity.quantity><out_Quantity.quantity>249.699076</out_Quantity.quantity></Point><Point><position>4944</position><in_Quantity.quantity>0.000000</in_Quantity.quantity><out_Quantity.quantity>758.488749</out_Quantity.quantity></Point><Point><position>4945</position><in_Quantity.quantity>0.000000</in_Quantity.quantity><out_Quantity.quantity>644.257446</out_Quantity.quantity></Point><Point><position>4946</position><in_Quantity.quantity>0.000000</in_Quantity.quantity><out_Quantity.quantity>817.965615</out_Quantity.quantity></Point><Point><position>4947</position><in_Quantity.quantity>0.000000</in_Quantity.quantity><out_Quantity.quantity>828.504607</out_Quantity.quantity></Point><Point><position>4948</position><in_Quantity.quantity>0.000000</in_Quantity.quantity><out_Quantity.quantity>782.378773</out_Quantity.quantity></Point><Point><position>4949</position><in_Quantity.quantity>0.000000</in_Quantity.quantity><out_Quantity.quantity>772.022128</out_Quantity.quantity></Point><Point><position>4950</position><in_Quantity.quantity>0.000000</in_Quantity.quantity><out_Quantity.quantity>869.027383</out_Quantity.quantity></Point><Point><position>4951</position><in_Quantity.quantity>0.000000</in_Quantity.quantity><out_Quantity.quantity>981.019173</out_Quantity.quantity></Point><Point><position>4952</position><in_Quantity.quantity>0.000000</in_Quantity.quantity><out_Quantity.quantity>750.751906</out_Quantity.quantity></Point><Point><position>4953</position><in_Quantity.quantity>0.000000</in_Quantity.quantity><out_Quantity.quantity>832.644594</out_Quantity.quantity></Point><Point><position>4954</position><in_Quantity.quantity>0.000000</in_Quantity.quantity><out_Quantity.quantity>846.569732</out_Quantity.quantity></Point><Point><position>4955</position><in_Quantity.quantity>0.000000</in_Quantity.quantity><out_Quantity.quantity>935.425898</out_Quantity.quantity></Point><Point><position>4956</position><in_Quantity.quantity>0.000000</in_Quantity.quantity><out_Quantity.quantity>841.885305</out_Quantity.quantity></Point><Point><position>4957</position><in_Quantity.quantity>0.000000</in_Quantity.quantity><out_Quantity.quantity>515.896767</out_Quantity.quantity></Point><Point><position>4958</position><in_Quantity.quantity>0.000000</in_Quantity.quantity><out_Quantity.quantity>170.574263</out_Quantity.quantity></Point><Point><position>4959</position><in_Quantity.quantity>0.000000</in_Quantity.quantity><out_Quantity.quantity>413.739792</out_Quantity.quantity></Point><Point><position>4960</position><in_Quantity.quantity>0.000000</in_Quantity.quantity><out_Quantity.quantity>870.126467</out_Quantity.quantity></Point><Point><position>4961</position><in_Quantity.quantity>0.000000</in_Quantity.quantity><out_Quantity.quantity>310.627993</out_Quantity.quantity></Point><Point><position>4962</position><in_Quantity.quantity>0.000000</in_Quantity.quantity><out_Quantity.quantity>693.943290</out_Quantity.quantity></Point><Point><position>4963</position><in_Quantity.quantity>0.000000</in_Quantity.quantity><out_Quantity.quantity>286.809718</out_Quantity.quantity></Point><Point><position>4964</position><in_Quantity.quantity>0.000000</in_Quantity.quantity><out_Quantity.quantity>373.802417</out_Quantity.quantity></Point><Point><position>4965</position><in_Quantity.quantity>0.000000</in_Quantity.quantity><out_Quantity.quantity>464.192766</out_Quantity.quantity></Point><Point><position>4966</position><in_Quantity.quantity>0.000000</in_Quantity.quantity><out_Quantity.quantity>909.250352</out_Quantity.quantity></Point><Point><position>4967</position><in_Quantity.quantity>0.000000</in_Quantity.quantity><out_Quantity.quantity>740.859648</out_Quantity.quantity></Point><Point><position>4968</position><in_Quantity.quantity>0.000000</in_Quantity.quantity><out_Quantity.quantity>534.706188</out_Quantity.quantity></Point><Point><position>4969</position><in_Quantity.quantity>0.000000</in_Quantity.quantity><out_Quantity.quantity>444.542980</out_Quantity.quantity></Point><Point><position>4970</position><in_Quantity.quantity>0.000000</in_Quantity.quantity><out_Quantity.quantity>477.428489</out_Quantity.quantity></Point><Point><position>4971</position><in_Quantity.quantity>0.000000</in_Quantity.quantity><out_Quantity.quantity>866.276920</out_Quantity.quantity></Point><Point><position>4972</position><in_Quantity.quantity>0.000000</in_Quantity.quantity><out_Quantity.quantity>415.818915</out_Quantity.quantity></Point><Point><position>4973</position><in_Quantity.quantity>0.000000</in_Quantity.quantity><out_Quantity.quantity>222.929338</out_Quantity.quantity></Point><Point><position>4974</position><in_Quantity.quantity>0.000000</in_Quantity.quantity><out_Quantity.quantity>994.213856</out_Quantity.quantity></Point><Point><position>4975</position><in_Quantity.quantity>0.000000</in_Quantity.quantity><out_Quantity.quantity>348.571504</out_Quantity.quantity></Point><Point><position>4976</position><in_Quantity.quantity>0.000000</in_Quantity.quantity><out_Quantity.quantity>266.438994</out_Quantity.quantity></Point><Point><position>4977</position><in_Quantity.quantity>0.000000</in_Quantity.quantity><out_Quantity.quantity>872.125745</out_Quantity.quantity></Point><Point><position>4978</position><in_Quantity.quantity>0.000000</in_Quantity.quantity><out_Quantity.quantity>295.163461</out_Quantity.quantity></Point><Point><position>4979</position><in_Quantity.quantity>0.000000</in_Quantity.quantity><out_Quantity.quantity>836.736673</out_Quantity.quantity></Point><Point><position>4980</position><in_Quantity.quantity>0.000000</in_Quantity.quantity><out_Quantity.quantity>520.731534</out_Quantity.quantity></Point><Point><position>4981</position><in_Quantity.quantity>0.000000</in_Quantity.quantity><out_Quantity.quantity>167.079160</out_Quantity.quantity></Point><Point><position>4982</position><in_Quantity.quantity>0.000000</in_Quantity.quantity><out_Quantity.quantity>783.637570</out_Quantity.quantity></Point><Point><position>4983</position><in_Quantity.quantity>0.000000</in_Quantity.quantity><out_Quantity.quantity>773.298949</out_Quantity.quantity></Point><Point><position>4984</position><in_Quantity.quantity>0.000000</in_Quantity.quantity><out_Quantity.quantity>931.266645</out_Quantity.quantity></Point><Point><position>4985</position><in_Quantity.quantity>0.000000</in_Quantity.quantity><out_Quantity.quantity>832.917804</out_Quantity.quantity></Point><Point><position>4986</position><in_Quantity.quantity>0.000000</in_Quantity.quantity><out_Quantity.quantity>771.043761</out_Quantity.quantity></Point><Point><position>4987</position><in_Quantity.quantity>0.000000</in_Quantity.quantity><out_Quantity.quantity>853.663699</out_Quantity.quantity></Point><Point><position>4988</position><in_Quantity.quantity>0.000000</in_Quantity.quantity><out_Quantity.quantity>524.882497</out_Quantity.quantity></Point><Point><position>4989</position><in_Quantity.quantity>0.000000</in_Quantity.quantity><out_Quantity.quantity>471.106918</out_Quantity.quantity></Point><Point><position>4990</position><in_Quantity.quantity>0.000000</in_Quantity.quantity><out_Quantity.quantity>601.422553</out_Quantity.quantity></Point><Point><position>4991</position><in_Quantity.quantity>0.000000</in_Quantity.quantity><out_Quantity.quantity>592.469051</out_Quantity.quantity></Point><Point><position>4992</position><in_Quantity.quantity>0.000000</in_Quantity.quantity><out_Quantity.quantity>986.315930</out_Quantity.quantity></Point><Point><position>4993</position><in_Quantity.quantity>0.000000</in_Quantity.quantity><out_Quantity.quantity>665.144072</out_Quantity.quantity></Point><Point><position>4994</position><in_Quantity.quantity>0.000000</in_Quantity.quantity><out_Quantity.quantity>132.269108</out_Quantity.quantity></Point><Point><position>4995</position><in_Quantity.quantity>0.000000</in_Quantity.quantity><out_Quantity.quantity>495.365698</out_Quantity.quantity></Point><Point><position>4996</position><in_Quantity.quantity>0.000000</in_Quantity.quantity><out_Quantity.quantity>87.224809</out_Quantity.quantity></Point><Point><position>4997</position><in_Quantity.quantity>0.000000</in_Quantity.quantity><out_Quantity.quantity>598.928063</out_Quantity.quantity></Point><Point><position>4998</position><in_Quantity.quantity>0.000000</in_Quantity.quantity><out_Quantity.quantity>409.786887</out_Quantity.quantity></Point><Point><position>4999</position><in_Quantity.quantity>0.000000</in_Quantity.quantity><out_Quantity.quantity>186.177611</out_Quantity.quantity></Point><Point><position>5000</position><in_Quantity.quantity>0.000000</in_Quantity.quantity><out_Quantity.quantity>719.722733</out_Quantity.quantity></Point><Point><position>5001</position><in_Quantity.quantity>0.000000</in_Quantity.quantity><out_Quantity.quantity>24.931982</out_Quantity.quantity></Point><Point><position>5002</position><in_Quantity.quantity>0.000000</in_Quantity.quantity><out_Quantity.quantity>645.837338</out_Quantity.quantity></Point><Point><position>5003</position><in_Quantity.quantity>0.000000</in_Quantity.quantity><out_Quantity.quantity>26.587013</out_Quantity.quantity></Point><Point><position>5004</position><in_Quantity.quantity>0.000000</in_Quantity.quantity><out_Quantity.quantity>92.369178</out_Quantity.quantity></Point><Point><position>5005</position><in_Quantity.quantity>0.000000</in_Quantity.quantity><out_Quantity.quantity>175.860013</out_Quantity.quantity></Point><Point><position>5006</position><in_Quantity.quantity>0.000000</in_Quantity.quantity><out_Quantity.quantity>120.979036</out_Quantity.quantity></Point><Point><position>5007</position><in_Quantity.quantity>0.000000</in_Quantity.quantity><out_Quantity.quantity>461.054838</out_Quantity.quantity></Point><Point><position>5008</position><in_Quantity.quantity>0.000000</in_Quantity.quantity><out_Quantity.quantity>517.761567</out_Quantity.quantity></Point><Point><position>5009</position><in_Quantity.quantity>0.000000</in_Quantity.quantity><out_Quantity.quantity>235.271298</out_Quantity.quantity></Point><Point><position>5010</position><in_Quantity.quantity>0.000000</in_Quantity.quantity><out_Quantity.quantity>387.324646</out_Quantity.quantity></Point><Point><position>5011</position><in_Quantity.quantity>0.000000</in_Quantity.quantity><out_Quantity.quantity>405.139975</out_Quantity.quantity></Point><Point><position>5012</position><in_Quantity.quantity>0.000000</in_Quantity.quantity><out_Quantity.quantity>699.990511</out_Quantity.quantity></Point><Point><position>5013</position><in_Quantity.quantity>0.000000</in_Quantity.quantity><out_Quantity.quantity>344.098347</out_Quantity.quantity></Point><Point><position>5014</position><in_Quantity.quantity>0.000000</in_Quantity.quantity><out_Quantity.quantity>863.580344</out_Quantity.quantity></Point><Point><position>5015</position><in_Quantity.quantity>0.000000</in_Quantity.quantity><out_Quantity.quantity>443.357150</out_Quantity.quantity></Point><Point><position>5016</position><in_Quantity.quantity>0.000000</in_Quantity.quantity><out_Quantity.quantity>109.893966</out_Quantity.quantity></Point><Point><position>5017</position><in_Quantity.quantity>0.000000</in_Quantity.quantity><out_Quantity.quantity>726.335000</out_Quantity.quantity></Point><Point><position>5018</position><in_Quantity.quantity>0.000000</in_Quantity.quantity><out_Quantity.quantity>366.343182</out_Quantity.quantity></Point><Point><position>5019</position><in_Quantity.quantity>0.000000</in_Quantity.quantity><out_Quantity.quantity>726.192056</out_Quantity.quantity></Point><Point><position>5020</position><in_Quantity.quantity>0.000000</in_Quantity.quantity><out_Quantity.quantity>599.908144</out_Quantity.quantity></Point><Point><position>5021</position><in_Quantity.quantity>0.000000</in_Quantity.quantity><out_Quantity.quantity>373.486375</out_Quantity.quantity></Point><Point><position>5022</position><in_Quantity.quantity>0.000000</in_Quantity.quantity><out_Quantity.quantity>535.563089</out_Quantity.quantity></Point><Point><position>5023</position><in_Quantity.quantity>0.000000</in_Quantity.quantity><out_Quantity.quantity>891.749070</out_Quantity.quantity></Point><Point><position>5024</position><in_Quantity.quantity>0.000000</in_Quantity.quantity><out_Quantity.quantity>72.693965</out_Quantity.quantity></Point><Point><position>5025</position><in_Quantity.quantity>0.000000</in_Quantity.quantity><out_Quantity.quantity>811.745436</out_Quantity.quantity></Point><Point><position>5026</position><in_Quantity.quantity>0.000000</in_Quantity.quantity><out_Quantity.quantity>918.701812</out_Quantity.quantity></Point><Point><position>5027</position><in_Quantity.quantity>0.000000</in_Quantity.quantity><out_Quantity.quantity>784.787232</out_Quantity.quantity></Point><Point><position>5028</position><in_Quantity.quantity>0.000000</in_Quantity.quantity><out_Quantity.quantity>28.461166</out_Quantity.quantity></Point><Point><position>5029</position><in_Quantity.quantity>0.000000</in_Quantity.quantity><out_Quantity.quantity>656.663575</out_Quantity.quantity></Point><Point><position>5030</position><in_Quantity.quantity>0.000000</in_Quantity.quantity><out_Quantity.quantity>723.399860</out_Quantity.quantity></Point><Point><position>5031</position><in_Quantity.quantity>0.000000</in_Quantity.quantity><out_Quantity.quantity>2.850183</out_Quantity.quantity></Point><Point><position>5032</position><in_Quantity.quantity>0.000000</in_Quantity.quantity><out_Quantity.quantity>654.698270</out_Quantity.quantity></Point><Point><position>5033</position><in_Quantity.quantity>0.000000</in_Quantity.quantity><out_Quantity.quantity>808.690384</out_Quantity.quantity></Point><Point><position>5034</position><in_Quantity.quantity>0.000000</in_Quantity.quantity><out_Quantity.quantity>683.464671</out_Quantity.quantity></Point><Point><position>5035</position><in_Quantity.quantity>0.000000</in_Quantity.quantity><out_Quantity.quantity>686.829076</out_Quantity.quantity></Point><Point><position>5036</position><in_Quantity.quantity>0.000000</in_Quantity.quantity><out_Quantity.quantity>820.492412</out_Quantity.quantity></Point><Point><position>5037</position><in_Quantity.quantity>0.000000</in_Quantity.quantity><out_Quantity.quantity>511.812105</out_Quantity.quantity></Point><Point><position>5038</position><in_Quantity.quantity>0.000000</in_Quantity.quantity><out_Quantity.quantity>1.249945</out_Quantity.quantity></Point><Point><position>5039</position><in_Quantity.quantity>0.000000</in_Quantity.quantity><out_Quantity.quantity>838.825097</out_Quantity.quantity></Point><Point><position>5040</position><in_Quantity.quantity>0.000000</in_Quantity.quantity><out_Quantity.quantity>617.776578</out_Quantity.quantity></Point><Point><position>5041</position><in_Quantity.quantity>0.000000</in_Quantity.quantity><out_Quantity.quantity>855.081208</out_Quantity.quantity></Point><Point><position>5042</position><in_Quantity.quantity>0.000000</in_Quantity.quantity><out_Quantity.quantity>120.428757</out_Quantity.quantity></Point><Point><position>5043</position><in_Quantity.quantity>0.000000</in_Quantity.quantity><out_Quantity.quantity>973.495636</out_Quantity.quantity></Point><Point><position>5044</position><in_Quantity.quantity>0.000000</in_Quantity.quantity><out_Quantity.quantity>942.289377</out_Quantity.quantity></Point><Point><position>5045</position><in_Quantity.quantity>0.000000</in_Quantity.quantity><out_Quantity.quantity>997.946176</out_Quantity.quantity></Point><Point><position>5046</position><in_Quantity.quantity>0.000000</in_Quantity.quantity><out_Quantity.quantity>248.732808</out_Quantity.quantity></Point><Point><position>5047</position><in_Quantity.quantity>0.000000</in_Quantity.quantity><out_Quantity.quantity>419.039490</out_Quantity.quantity></Point><Point><position>5048</position><in_Quantity.quantity>0.000000</in_Quantity.quantity><out_Quantity.quantity>892.096923</out_Quantity.quantity></Point><Point><position>5049</position><in_Quantity.quantity>0.000000</in_Quantity.quantity><out_Quantity.quantity>151.214383</out_Quantity.quantity></Point><Point><position>5050</position><in_Quantity.quantity>0.000000</in_Quantity.quantity><out_Quantity.quantity>222.736865</out_Quantity.quantity></Point><Point><position>5051</position><in_Quantity.quantity>0.000000</in_Quantity.quantity><out_Quantity.quantity>807.213543</out_Quantity.quantity></Point><Point><position>5052</position><in_Quantity.quantity>0.000000</in_Quantity.quantity><out_Quantity.quantity>149.742943</out_Quantity.quantity></Point><Point><position>5053</position><in_Quantity.quantity>0.000000</in_Quantity.quantity><out_Quantity.quantity>48.737340</out_Quantity.quantity></Point><Point><position>5054</position><in_Quantity.quantity>0.000000</in_Quantity.quantity><out_Quantity.quantity>432.077419</out_Quantity.quantity></Point><Point><position>5055</position><in_Quantity.quantity>0.000000</in_Quantity.quantity><out_Quantity.quantity>707.556937</out_Quantity.quantity></Point><Point><position>5056</position><in_Quantity.quantity>0.000000</in_Quantity.quantity><out_Quantity.quantity>936.792676</out_Quantity.quantity></Point><Point><position>5057</position><in_Quantity.quantity>0.000000</in_Quantity.quantity><out_Quantity.quantity>522.394606</out_Quantity.quantity></Point><Point><position>5058</position><in_Quantity.quantity>0.000000</in_Quantity.quantity><out_Quantity.quantity>68.403816</out_Quantity.quantity></Point><Point><position>5059</position><in_Quantity.quantity>0.000000</in_Quantity.quantity><out_Quantity.quantity>781.418345</out_Quantity.quantity></Point><Point><position>5060</position><in_Quantity.quantity>0.000000</in_Quantity.quantity><out_Quantity.quantity>636.843788</out_Quantity.quantity></Point><Point><position>5061</position><in_Quantity.quantity>0.000000</in_Quantity.quantity><out_Quantity.quantity>380.952927</out_Quantity.quantity></Point><Point><position>5062</position><in_Quantity.quantity>0.000000</in_Quantity.quantity><out_Quantity.quantity>463.135992</out_Quantity.quantity></Point><Point><position>5063</position><in_Quantity.quantity>0.000000</in_Quantity.quantity><out_Quantity.quantity>762.312817</out_Quantity.quantity></Point><Point><position>5064</position><in_Quantity.quantity>0.000000</in_Quantity.quantity><out_Quantity.quantity>861.352279</out_Quantity.quantity></Point><Point><position>5065</position><in_Quantity.quantity>0.000000</in_Quantity.quantity><out_Quantity.quantity>626.035615</out_Quantity.quantity></Point><Point><position>5066</position><in_Quantity.quantity>0.000000</in_Quantity.quantity><out_Quantity.quantity>38.721595</out_Quantity.quantity></Point><Point><position>5067</position><in_Quantity.quantity>0.000000</in_Quantity.quantity><out_Quantity.quantity>511.336771</out_Quantity.quantity></Point><Point><position>5068</position><in_Quantity.quantity>0.000000</in_Quantity.quantity><out_Quantity.quantity>372.185246</out_Quantity.quantity></Point><Point><position>5069</position><in_Quantity.quantity>0.000000</in_Quantity.quantity><out_Quantity.quantity>841.400797</out_Quantity.quantity></Point><Point><position>5070</position><in_Quantity.quantity>0.000000</in_Quantity.quantity><out_Quantity.quantity>858.981344</out_Quantity.quantity></Point><Point><position>5071</position><in_Quantity.quantity>0.000000</in_Quantity.quantity><out_Quantity.quantity>523.659377</out_Quantity.quantity></Point><Point><position>5072</position><in_Quantity.quantity>0.000000</in_Quantity.quantity><out_Quantity.quantity>198.575527</out_Quantity.quantity></Point><Point><position>5073</position><in_Quantity.quantity>0.000000</in_Quantity.quantity><out_Quantity.quantity>851.024376</out_Quantity.quantity></Point><Point><position>5074</position><in_Quantity.quantity>0.000000</in_Quantity.quantity><out_Quantity.quantity>28.447822</out_Quantity.quantity></Point><Point><position>5075</position><in_Quantity.quantity>0.000000</in_Quantity.quantity><out_Quantity.quantity>45.288548</out_Quantity.quantity></Point><Point><position>5076</position><in_Quantity.quantity>0.000000</in_Quantity.quantity><out_Quantity.quantity>406.633383</out_Quantity.quantity></Point><Point><position>5077</position><in_Quantity.quantity>0.000000</in_Quantity.quantity><out_Quantity.quantity>834.138845</out_Quantity.quantity></Point><Point><position>5078</position><in_Quantity.quantity>0.000000</in_Quantity.quantity><out_Quantity.quantity>8.896827</out_Quantity.quantity></Point><Point><position>5079</position><in_Quantity.quantity>0.000000</in_Quantity.quantity><out_Quantity.quantity>141.572833</out_Quantity.quantity></Point><Point><position>5080</position><in_Quantity.quantity>0.000000</in_Quantity.quantity><out_Quantity.quantity>972.055941</out_Quantity.quantity></Point><Point><position>5081</position><in_Quantity.quantity>0.000000</in_Quantity.quantity><out_Quantity.quantity>150.105246</out_Quantity.quantity></Point><Point><position>5082</position><in_Quantity.quantity>0.000000</in_Quantity.quantity><out_Quantity.quantity>964.991660</out_Quantity.quantity></Point><Point><position>5083</position><in_Quantity.quantity>0.000000</in_Quantity.quantity><out_Quantity.quantity>180.418685</out_Quantity.quantity></Point><Point><position>5084</position><in_Quantity.quantity>0.000000</in_Quantity.quantity><out_Quantity.quantity>637.581252</out_Quantity.quantity></Point><Point><position>5085</position><in_Quantity.quantity>0.000000</in_Quantity.quantity><out_Quantity.quantity>254.916851</out_Quantity.quantity></Point><Point><position>5086</position><in_Quantity.quantity>0.000000</in_Quantity.quantity><out_Quantity.quantity>384.421943</out_Quantity.quantity></Point><Point><position>5087</position><in_Quantity.quantity>0.000000</in_Quantity.quantity><out_Quantity.quantity>605.678051</out_Quantity.quantity></Point><Point><position>5088</position><in_Quantity.quantity>0.000000</in_Quantity.quantity><out_Quantity.quantity>432.095877</out_Quantity.quantity></Point><Point><position>5089</position><in_Quantity.quantity>0.000000</in_Quantity.quantity><out_Quantity.quantity>194.813061</out_Quantity.quantity></Point><Point><position>5090</position><in_Quantity.quantity>0.000000</in_Quantity.quantity><out_Quantity.quantity>903.274136</out_Quantity.quantity></Point><Point><position>5091</position><in_Quantity.quantity>0.000000</in_Quantity.quantity><out_Quantity.quantity>475.807485</out_Quantity.quantity></Point><Point><position>5092</position><in_Quantity.quantity>0.000000</in_Quantity.quantity><out_Quantity.quantity>117.548820</out_Quantity.quantity></Point><Point><position>5093</position><in_Quantity.quantity>0.000000</in_Quantity.quantity><out_Quantity.quantity>226.396709</out_Quantity.quantity></Point><Point><position>5094</position><in_Quantity.quantity>0.000000</in_Quantity.quantity><out_Quantity.quantity>791.933288</out_Quantity.quantity></Point><Point><position>5095</position><in_Quantity.quantity>0.000000</in_Quantity.quantity><out_Quantity.quantity>882.758613</out_Quantity.quantity></Point><Point><position>5096</position><in_Quantity.quantity>0.000000</in_Quantity.quantity><out_Quantity.quantity>991.267354</out_Quantity.quantity></Point><Point><position>5097</position><in_Quantity.quantity>0.000000</in_Quantity.quantity><out_Quantity.quantity>339.191825</out_Quantity.quantity></Point><Point><position>5098</position><in_Quantity.quantity>0.000000</in_Quantity.quantity><out_Quantity.quantity>518.451092</out_Quantity.quantity></Point><Point><position>5099</position><in_Quantity.quantity>0.000000</in_Quantity.quantity><out_Quantity.quantity>82.636207</out_Quantity.quantity></Point><Point><position>5100</position><in_Quantity.quantity>0.000000</in_Quantity.quantity><out_Quantity.quantity>561.700651</out_Quantity.quantity></Point><Point><position>5101</position><in_Quantity.quantity>0.000000</in_Quantity.quantity><out_Quantity.quantity>856.896791</out_Quantity.quantity></Point><Point><position>5102</position><in_Quantity.quantity>0.000000</in_Quantity.quantity><out_Quantity.quantity>576.786934</out_Quantity.quantity></Point><Point><position>5103</position><in_Quantity.quantity>0.000000</in_Quantity.quantity><out_Quantity.quantity>663.821138</out_Quantity.quantity></Point><Point><position>5104</position><in_Quantity.quantity>0.000000</in_Quantity.quantity><out_Quantity.quantity>726.918985</out_Quantity.quantity></Point><Point><position>5105</position><in_Quantity.quantity>0.000000</in_Quantity.quantity><out_Quantity.quantity>705.664997</out_Quantity.quantity></Point><Point><position>5106</position><in_Quantity.quantity>0.000000</in_Quantity.quantity><out_Quantity.quantity>520.942118</out_Quantity.quantity></Point><Point><position>5107</position><in_Quantity.quantity>0.000000</in_Quantity.quantity><out_Quantity.quantity>988.814603</out_Quantity.quantity></Point><Point><position>5108</position><in_Quantity.quantity>0.000000</in_Quantity.quantity><out_Quantity.quantity>233.414117</out_Quantity.quantity></Point><Point><position>5109</position><in_Quantity.quantity>0.000000</in_Quantity.quantity><out_Quantity.quantity>559.923223</out_Quantity.quantity></Point><Point><position>5110</position><in_Quantity.quantity>0.000000</in_Quantity.quantity><out_Quantity.quantity>96.141094</out_Quantity.quantity></Point><Point><position>5111</position><in_Quantity.quantity>0.000000</in_Quantity.quantity><out_Quantity.quantity>363.026495</out_Quantity.quantity></Point><Point><position>5112</position><in_Quantity.quantity>0.000000</in_Quantity.quantity><out_Quantity.quantity>346.286205</out_Quantity.quantity></Point><Point><position>5113</position><in_Quantity.quantity>0.000000</in_Quantity.quantity><out_Quantity.quantity>404.348932</out_Quantity.quantity></Point><Point><position>5114</position><in_Quantity.quantity>0.000000</in_Quantity.quantity><out_Quantity.quantity>436.162091</out_Quantity.quantity></Point><Point><position>5115</position><in_Quantity.quantity>0.000000</in_Quantity.quantity><out_Quantity.quantity>524.743407</out_Quantity.quantity></Point><Point><position>5116</position><in_Quantity.quantity>0.000000</in_Quantity.quantity><out_Quantity.quantity>662.848186</out_Quantity.quantity></Point><Point><position>5117</position><in_Quantity.quantity>0.000000</in_Quantity.quantity><out_Quantity.quantity>665.348799</out_Quantity.quantity></Point><Point><position>5118</position><in_Quantity.quantity>0.000000</in_Quantity.quantity><out_Quantity.quantity>104.722027</out_Quantity.quantity></Point><Point><position>5119</position><in_Quantity.quantity>0.000000</in_Quantity.quantity><out_Quantity.quantity>550.623015</out_Quantity.quantity></Point><Point><position>5120</position><in_Quantity.quantity>0.000000</in_Quantity.quantity><out_Quantity.quantity>315.459566</out_Quantity.quantity></Point><Point><position>5121</position><in_Quantity.quantity>0.000000</in_Quantity.quantity><out_Quantity.quantity>186.659163</out_Quantity.quantity></Point><Point><position>5122</position><in_Quantity.quantity>0.000000</in_Quantity.quantity><out_Quantity.quantity>896.655782</out_Quantity.quantity></Point><Point><position>5123</position><in_Quantity.quantity>0.000000</in_Quantity.quantity><out_Quantity.quantity>816.063514</out_Quantity.quantity></Point><Point><position>5124</position><in_Quantity.quantity>0.000000</in_Quantity.quantity><out_Quantity.quantity>11.167698</out_Quantity.quantity></Point><Point><position>5125</position><in_Quantity.quantity>0.000000</in_Quantity.quantity><out_Quantity.quantity>711.283965</out_Quantity.quantity></Point><Point><position>5126</position><in_Quantity.quantity>0.000000</in_Quantity.quantity><out_Quantity.quantity>806.432815</out_Quantity.quantity></Point><Point><position>5127</position><in_Quantity.quantity>0.000000</in_Quantity.quantity><out_Quantity.quantity>788.061205</out_Quantity.quantity></Point><Point><position>5128</position><in_Quantity.quantity>0.000000</in_Quantity.quantity><out_Quantity.quantity>591.056490</out_Quantity.quantity></Point><Point><position>5129</position><in_Quantity.quantity>0.000000</in_Quantity.quantity><out_Quantity.quantity>793.503109</out_Quantity.quantity></Point><Point><position>5130</position><in_Quantity.quantity>0.000000</in_Quantity.quantity><out_Quantity.quantity>175.265319</out_Quantity.quantity></Point><Point><position>5131</position><in_Quantity.quantity>0.000000</in_Quantity.quantity><out_Quantity.quantity>446.527953</out_Quantity.quantity></Point><Point><position>5132</position><in_Quantity.quantity>0.000000</in_Quantity.quantity><out_Quantity.quantity>118.883696</out_Quantity.quantity></Point><Point><position>5133</position><in_Quantity.quantity>0.000000</in_Quantity.quantity><out_Quantity.quantity>737.701367</out_Quantity.quantity></Point><Point><position>5134</position><in_Quantity.quantity>0.000000</in_Quantity.quantity><out_Quantity.quantity>161.665741</out_Quantity.quantity></Point><Point><position>5135</position><in_Quantity.quantity>0.000000</in_Quantity.quantity><out_Quantity.quantity>340.434338</out_Quantity.quantity></Point><Point><position>5136</position><in_Quantity.quantity>0.000000</in_Quantity.quantity><out_Quantity.quantity>600.379662</out_Quantity.quantity></Point><Point><position>5137</position><in_Quantity.quantity>0.000000</in_Quantity.quantity><out_Quantity.quantity>280.499663</out_Quantity.quantity></Point><Point><position>5138</position><in_Quantity.quantity>0.000000</in_Quantity.quantity><out_Quantity.quantity>40.435786</out_Quantity.quantity></Point><Point><position>5139</position><in_Quantity.quantity>0.000000</in_Quantity.quantity><out_Quantity.quantity>727.273473</out_Quantity.quantity></Point><Point><position>5140</position><in_Quantity.quantity>0.000000</in_Quantity.quantity><out_Quantity.quantity>350.114816</out_Quantity.quantity></Point><Point><position>5141</position><in_Quantity.quantity>0.000000</in_Quantity.quantity><out_Quantity.quantity>982.708034</out_Quantity.quantity></Point><Point><position>5142</position><in_Quantity.quantity>0.000000</in_Quantity.quantity><out_Quantity.quantity>948.485162</out_Quantity.quantity></Point><Point><position>5143</position><in_Quantity.quantity>0.000000</in_Quantity.quantity><out_Quantity.quantity>614.286680</out_Quantity.quantity></Point><Point><position>5144</position><in_Quantity.quantity>0.000000</in_Quantity.quantity><out_Quantity.quantity>152.407115</out_Quantity.quantity></Point><Point><position>5145</position><in_Quantity.quantity>0.000000</in_Quantity.quantity><out_Quantity.quantity>281.277362</out_Quantity.quantity></Point><Point><position>5146</position><in_Quantity.quantity>0.000000</in_Quantity.quantity><out_Quantity.quantity>712.982429</out_Quantity.quantity></Point><Point><position>5147</position><in_Quantity.quantity>0.000000</in_Quantity.quantity><out_Quantity.quantity>115.105509</out_Quantity.quantity></Point><Point><position>5148</position><in_Quantity.quantity>0.000000</in_Quantity.quantity><out_Quantity.quantity>690.313811</out_Quantity.quantity></Point><Point><position>5149</position><in_Quantity.quantity>0.000000</in_Quantity.quantity><out_Quantity.quantity>723.513770</out_Quantity.quantity></Point><Point><position>5150</position><in_Quantity.quantity>0.000000</in_Quantity.quantity><out_Quantity.quantity>5.185128</out_Quantity.quantity></Point><Point><position>5151</position><in_Quantity.quantity>0.000000</in_Quantity.quantity><out_Quantity.quantity>539.083273</out_Quantity.quantity></Point><Point><position>5152</position><in_Quantity.quantity>0.000000</in_Quantity.quantity><out_Quantity.quantity>559.604567</out_Quantity.quantity></Point><Point><position>5153</position><in_Quantity.quantity>0.000000</in_Quantity.quantity><out_Quantity.quantity>743.511411</out_Quantity.quantity></Point><Point><position>5154</position><in_Quantity.quantity>0.000000</in_Quantity.quantity><out_Quantity.quantity>424.888107</out_Quantity.quantity></Point><Point><position>5155</position><in_Quantity.quantity>0.000000</in_Quantity.quantity><out_Quantity.quantity>826.452922</out_Quantity.quantity></Point><Point><position>5156</position><in_Quantity.quantity>0.000000</in_Quantity.quantity><out_Quantity.quantity>483.185750</out_Quantity.quantity></Point><Point><position>5157</position><in_Quantity.quantity>0.000000</in_Quantity.quantity><out_Quantity.quantity>305.066560</out_Quantity.quantity></Point><Point><position>5158</position><in_Quantity.quantity>0.000000</in_Quantity.quantity><out_Quantity.quantity>627.429621</out_Quantity.quantity></Point><Point><position>5159</position><in_Quantity.quantity>0.000000</in_Quantity.quantity><out_Quantity.quantity>633.591179</out_Quantity.quantity></Point><Point><position>5160</position><in_Quantity.quantity>0.000000</in_Quantity.quantity><out_Quantity.quantity>705.657984</out_Quantity.quantity></Point><Point><position>5161</position><in_Quantity.quantity>0.000000</in_Quantity.quantity><out_Quantity.quantity>860.480914</out_Quantity.quantity></Point><Point><position>5162</position><in_Quantity.quantity>0.000000</in_Quantity.quantity><out_Quantity.quantity>759.922394</out_Quantity.quantity></Point><Point><position>5163</position><in_Quantity.quantity>0.000000</in_Quantity.quantity><out_Quantity.quantity>717.400844</out_Quantity.quantity></Point><Point><position>5164</position><in_Quantity.quantity>0.000000</in_Quantity.quantity><out_Quantity.quantity>853.285056</out_Quantity.quantity></Point><Point><position>5165</position><in_Quantity.quantity>0.000000</in_Quantity.quantity><out_Quantity.quantity>795.524026</out_Quantity.quantity></Point><Point><position>5166</position><in_Quantity.quantity>0.000000</in_Quantity.quantity><out_Quantity.quantity>756.707715</out_Quantity.quantity></Point><Point><position>5167</position><in_Quantity.quantity>0.000000</in_Quantity.quantity><out_Quantity.quantity>399.970166</out_Quantity.quantity></Point><Point><position>5168</position><in_Quantity.quantity>0.000000</in_Quantity.quantity><out_Quantity.quantity>316.776549</out_Quantity.quantity></Point><Point><position>5169</position><in_Quantity.quantity>0.000000</in_Quantity.quantity><out_Quantity.quantity>922.604677</out_Quantity.quantity></Point><Point><position>5170</position><in_Quantity.quantity>0.000000</in_Quantity.quantity><out_Quantity.quantity>475.578851</out_Quantity.quantity></Point><Point><position>5171</position><in_Quantity.quantity>0.000000</in_Quantity.quantity><out_Quantity.quantity>505.695228</out_Quantity.quantity></Point><Point><position>5172</position><in_Quantity.quantity>0.000000</in_Quantity.quantity><out_Quantity.quantity>106.159250</out_Quantity.quantity></Point><Point><position>5173</position><in_Quantity.quantity>0.000000</in_Quantity.quantity><out_Quantity.quantity>338.772304</out_Quantity.quantity></Point><Point><position>5174</position><in_Quantity.quantity>0.000000</in_Quantity.quantity><out_Quantity.quantity>962.494257</out_Quantity.quantity></Point><Point><position>5175</position><in_Quantity.quantity>0.000000</in_Quantity.quantity><out_Quantity.quantity>954.408829</out_Quantity.quantity></Point><Point><position>5176</position><in_Quantity.quantity>0.000000</in_Quantity.quantity><out_Quantity.quantity>738.502496</out_Quantity.quantity></Point><Point><position>5177</position><in_Quantity.quantity>0.000000</in_Quantity.quantity><out_Quantity.quantity>625.033494</out_Quantity.quantity></Point><Point><position>5178</position><in_Quantity.quantity>0.000000</in_Quantity.quantity><out_Quantity.quantity>357.544239</out_Quantity.quantity></Point><Point><position>5179</position><in_Quantity.quantity>0.000000</in_Quantity.quantity><out_Quantity.quantity>597.523555</out_Quantity.quantity></Point><Point><position>5180</position><in_Quantity.quantity>0.000000</in_Quantity.quantity><out_Quantity.quantity>167.882731</out_Quantity.quantity></Point><Point><position>5181</position><in_Quantity.quantity>0.000000</in_Quantity.quantity><out_Quantity.quantity>888.962809</out_Quantity.quantity></Point><Point><position>5182</position><in_Quantity.quantity>0.000000</in_Quantity.quantity><out_Quantity.quantity>984.078525</out_Quantity.quantity></Point><Point><position>5183</position><in_Quantity.quantity>0.000000</in_Quantity.quantity><out_Quantity.quantity>868.610219</out_Quantity.quantity></Point><Point><position>5184</position><in_Quantity.quantity>0.000000</in_Quantity.quantity><out_Quantity.quantity>694.679709</out_Quantity.quantity></Point><Point><position>5185</position><in_Quantity.quantity>0.000000</in_Quantity.quantity><out_Quantity.quantity>638.404904</out_Quantity.quantity></Point><Point><position>5186</position><in_Quantity.quantity>0.000000</in_Quantity.quantity><out_Quantity.quantity>434.057866</out_Quantity.quantity></Point><Point><position>5187</position><in_Quantity.quantity>0.000000</in_Quantity.quantity><out_Quantity.quantity>423.915741</out_Quantity.quantity></Point><Point><position>5188</position><in_Quantity.quantity>0.000000</in_Quantity.quantity><out_Quantity.quantity>94.996027</out_Quantity.quantity></Point><Point><position>5189</position><in_Quantity.quantity>0.000000</in_Quantity.quantity><out_Quantity.quantity>537.426915</out_Quantity.quantity></Point><Point><position>5190</position><in_Quantity.quantity>0.000000</in_Quantity.quantity><out_Quantity.quantity>487.952991</out_Quantity.quantity></Point><Point><position>5191</position><in_Quantity.quantity>0.000000</in_Quantity.quantity><out_Quantity.quantity>651.320163</out_Quantity.quantity></Point><Point><position>5192</position><in_Quantity.quantity>0.000000</in_Quantity.quantity><out_Quantity.quantity>784.656881</out_Quantity.quantity></Point><Point><position>5193</position><in_Quantity.quantity>0.000000</in_Quantity.quantity><out_Quantity.quantity>465.164031</out_Quantity.quantity></Point><Point><position>5194</position><in_Quantity.quantity>0.000000</in_Quantity.quantity><out_Quantity.quantity>250.309290</out_Quantity.quantity></Point><Point><position>5195</position><in_Quantity.quantity>0.000000</in_Quantity.quantity><out_Quantity.quantity>491.941324</out_Quantity.quantity></Point><Point><position>5196</position><in_Quantity.quantity>0.000000</in_Quantity.quantity><out_Quantity.quantity>657.681870</out_Quantity.quantity></Point><Point><position>5197</position><in_Quantity.quantity>0.000000</in_Quantity.quantity><out_Quantity.quantity>258.249780</out_Quantity.quantity></Point><Point><position>5198</position><in_Quantity.quantity>0.000000</in_Quantity.quantity><out_Quantity.quantity>795.353210</out_Quantity.quantity></Point><Point><position>5199</position><in_Quantity.quantity>0.000000</in_Quantity.quantity><out_Quantity.quantity>972.905812</out_Quantity.quantity></Point><Point><position>5200</position><in_Quantity.quantity>0.000000</in_Quantity.quantity><out_Quantity.quantity>394.968134</out_Quantity.quantity></Point><Point><position>5201</position><in_Quantity.quantity>0.000000</in_Quantity.quantity><out_Quantity.quantity>485.534534</out_Quantity.quantity></Point><Point><position>5202</position><in_Quantity.quantity>0.000000</in_Quantity.quantity><out_Quantity.quantity>928.970541</out_Quantity.quantity></Point><Point><position>5203</position><in_Quantity.quantity>0.000000</in_Quantity.quantity><out_Quantity.quantity>197.752978</out_Quantity.quantity></Point><Point><position>5204</position><in_Quantity.quantity>0.000000</in_Quantity.quantity><out_Quantity.quantity>280.573238</out_Quantity.quantity></Point><Point><position>5205</position><in_Quantity.quantity>0.000000</in_Quantity.quantity><out_Quantity.quantity>660.940574</out_Quantity.quantity></Point><Point><position>5206</position><in_Quantity.quantity>0.000000</in_Quantity.quantity><out_Quantity.quantity>67.491499</out_Quantity.quantity></Point><Point><position>5207</position><in_Quantity.quantity>0.000000</in_Quantity.quantity><out_Quantity.quantity>583.799455</out_Quantity.quantity></Point><Point><position>5208</position><in_Quantity.quantity>0.000000</in_Quantity.quantity><out_Quantity.quantity>496.589171</out_Quantity.quantity></Point><Point><position>5209</position><in_Quantity.quantity>0.000000</in_Quantity.quantity><out_Quantity.quantity>307.642628</out_Quantity.quantity></Point><Point><position>5210</position><in_Quantity.quantity>0.000000</in_Quantity.quantity><out_Quantity.quantity>459.713710</out_Quantity.quantity></Point><Point><position>5211</position><in_Quantity.quantity>0.000000</in_Quantity.quantity><out_Quantity.quantity>371.065208</out_Quantity.quantity></Point><Point><position>5212</position><in_Quantity.quantity>0.000000</in_Quantity.quantity><out_Quantity.quantity>51.642595</out_Quantity.quantity></Point><Point><position>5213</position><in_Quantity.quantity>0.000000</in_Quantity.quantity><out_Quantity.quantity>318.425238</out_Quantity.quantity></Point><Point><position>5214</position><in_Quantity.quantity>0.000000</in_Quantity.quantity><out_Quantity.quantity>420.940736</out_Quantity.quantity></Point><Point><position>5215</position><in_Quantity.quantity>0.000000</in_Quantity.quantity><out_Quantity.quantity>216.902102</out_Quantity.quantity></Point><Point><position>5216</position><in_Quantity.quantity>0.000000</in_Quantity.quantity><out_Quantity.quantity>238.727187</out_Quantity.quantity></Point><Point><position>5217</position><in_Quantity.quantity>0.000000</in_Quantity.quantity><out_Quantity.quantity>45.609236</out_Quantity.quantity></Point><Point><position>5218</position><in_Quantity.quantity>0.000000</in_Quantity.quantity><out_Quantity.quantity>625.025031</out_Quantity.quantity></Point><Point><position>5219</position><in_Quantity.quantity>0.000000</in_Quantity.quantity><out_Quantity.quantity>267.765360</out_Quantity.quantity></Point><Point><position>5220</position><in_Quantity.quantity>0.000000</in_Quantity.quantity><out_Quantity.quantity>37.375312</out_Quantity.quantity></Point><Point><position>5221</position><in_Quantity.quantity>0.000000</in_Quantity.quantity><out_Quantity.quantity>304.030059</out_Quantity.quantity></Point><Point><position>5222</position><in_Quantity.quantity>0.000000</in_Quantity.quantity><out_Quantity.quantity>142.354949</out_Quantity.quantity></Point><Point><position>5223</position><in_Quantity.quantity>0.000000</in_Quantity.quantity><out_Quantity.quantity>822.248173</out_Quantity.quantity></Point><Point><position>5224</position><in_Quantity.quantity>0.000000</in_Quantity.quantity><out_Quantity.quantity>776.287921</out_Quantity.quantity></Point><Point><position>5225</position><in_Quantity.quantity>0.000000</in_Quantity.quantity><out_Quantity.quantity>167.119808</out_Quantity.quantity></Point><Point><position>5226</position><in_Quantity.quantity>0.000000</in_Quantity.quantity><out_Quantity.quantity>259.996786</out_Quantity.quantity></Point><Point><position>5227</position><in_Quantity.quantity>0.000000</in_Quantity.quantity><out_Quantity.quantity>393.442170</out_Quantity.quantity></Point><Point><position>5228</position><in_Quantity.quantity>0.000000</in_Quantity.quantity><out_Quantity.quantity>294.325591</out_Quantity.quantity></Point><Point><position>5229</position><in_Quantity.quantity>0.000000</in_Quantity.quantity><out_Quantity.quantity>547.482629</out_Quantity.quantity></Point><Point><position>5230</position><in_Quantity.quantity>0.000000</in_Quantity.quantity><out_Quantity.quantity>137.822860</out_Quantity.quantity></Point><Point><position>5231</position><in_Quantity.quantity>0.000000</in_Quantity.quantity><out_Quantity.quantity>338.982525</out_Quantity.quantity></Point><Point><position>5232</position><in_Quantity.quantity>0.000000</in_Quantity.quantity><out_Quantity.quantity>15.206615</out_Quantity.quantity></Point><Point><position>5233</position><in_Quantity.quantity>0.000000</in_Quantity.quantity><out_Quantity.quantity>936.003470</out_Quantity.quantity></Point><Point><position>5234</position><in_Quantity.quantity>0.000000</in_Quantity.quantity><out_Quantity.quantity>550.212453</out_Quantity.quantity></Point><Point><position>5235</position><in_Quantity.quantity>0.000000</in_Quantity.quantity><out_Quantity.quantity>882.952727</out_Quantity.quantity></Point><Point><position>5236</position><in_Quantity.quantity>0.000000</in_Quantity.quantity><out_Quantity.quantity>890.901332</out_Quantity.quantity></Point><Point><position>5237</position><in_Quantity.quantity>0.000000</in_Quantity.quantity><out_Quantity.quantity>551.145336</out_Quantity.quantity></Point><Point><position>5238</position><in_Quantity.quantity>0.000000</in_Quantity.quantity><out_Quantity.quantity>419.648169</out_Quantity.quantity></Point><Point><position>5239</position><in_Quantity.quantity>0.000000</in_Quantity.quantity><out_Quantity.quantity>650.878784</out_Quantity.quantity></Point><Point><position>5240</position><in_Quantity.quantity>0.000000</in_Quantity.quantity><out_Quantity.quantity>357.550843</out_Quantity.quantity></Point><Point><position>5241</position><in_Quantity.quantity>0.000000</in_Quantity.quantity><out_Quantity.quantity>55.593568</out_Quantity.quantity></Point><Point><position>5242</position><in_Quantity.quantity>0.000000</in_Quantity.quantity><out_Quantity.quantity>547.552798</out_Quantity.quantity></Point><Point><position>5243</position><in_Quantity.quantity>0.000000</in_Quantity.quantity><out_Quantity.quantity>731.514453</out_Quantity.quantity></Point><Point><position>5244</position><in_Quantity.quantity>0.000000</in_Quantity.quantity><out_Quantity.quantity>259.845485</out_Quantity.quantity></Point><Point><position>5245</position><in_Quantity.quantity>0.000000</in_Quantity.quantity><out_Quantity.quantity>814.364259</out_Quantity.quantity></Point><Point><position>5246</position><in_Quantity.quantity>0.000000</in_Quantity.quantity><out_Quantity.quantity>719.551180</out_Quantity.quantity></Point><Point><position>5247</position><in_Quantity.quantity>0.000000</in_Quantity.quantity><out_Quantity.quantity>434.953465</out_Quantity.quantity></Point><Point><position>5248</position><in_Quantity.quantity>0.000000</in_Quantity.quantity><out_Quantity.quantity>715.351360</out_Quantity.quantity></Point><Point><position>5249</position><in_Quantity.quantity>0.000000</in_Quantity.quantity><out_Quantity.quantity>509.712367</out_Quantity.quantity></Point><Point><position>5250</position><in_Quantity.quantity>0.000000</in_Quantity.quantity><out_Quantity.quantity>280.368019</out_Quantity.quantity></Point><Point><position>5251</position><in_Quantity.quantity>0.000000</in_Quantity.quantity><out_Quantity.quantity>961.781915</out_Quantity.quantity></Point><Point><position>5252</position><in_Quantity.quantity>0.000000</in_Quantity.quantity><out_Quantity.quantity>747.216614</out_Quantity.quantity></Point><Point><position>5253</position><in_Quantity.quantity>0.000000</in_Quantity.quantity><out_Quantity.quantity>809.372070</out_Quantity.quantity></Point><Point><position>5254</position><in_Quantity.quantity>0.000000</in_Quantity.quantity><out_Quantity.quantity>59.896178</out_Quantity.quantity></Point><Point><position>5255</position><in_Quantity.quantity>0.000000</in_Quantity.quantity><out_Quantity.quantity>218.091556</out_Quantity.quantity></Point><Point><position>5256</position><in_Quantity.quantity>0.000000</in_Quantity.quantity><out_Quantity.quantity>993.937457</out_Quantity.quantity></Point><Point><position>5257</position><in_Quantity.quantity>0.000000</in_Quantity.quantity><out_Quantity.quantity>787.297647</out_Quantity.quantity></Point><Point><position>5258</position><in_Quantity.quantity>0.000000</in_Quantity.quantity><out_Quantity.quantity>551.541602</out_Quantity.quantity></Point><Point><position>5259</position><in_Quantity.quantity>0.000000</in_Quantity.quantity><out_Quantity.quantity>231.398623</out_Quantity.quantity></Point><Point><position>5260</position><in_Quantity.quantity>0.000000</in_Quantity.quantity><out_Quantity.quantity>886.469816</out_Quantity.quantity></Point><Point><position>5261</position><in_Quantity.quantity>0.000000</in_Quantity.quantity><out_Quantity.quantity>55.991731</out_Quantity.quantity></Point><Point><position>5262</position><in_Quantity.quantity>0.000000</in_Quantity.quantity><out_Quantity.quantity>721.584629</out_Quantity.quantity></Point><Point><position>5263</position><in_Quantity.quantity>0.000000</in_Quantity.quantity><out_Quantity.quantity>630.755042</out_Quantity.quantity></Point><Point><position>5264</position><in_Quantity.quantity>0.000000</in_Quantity.quantity><out_Quantity.quantity>751.548637</out_Quantity.quantity></Point><Point><position>5265</position><in_Quantity.quantity>0.000000</in_Quantity.quantity><out_Quantity.quantity>184.642978</out_Quantity.quantity></Point><Point><position>5266</position><in_Quantity.quantity>0.000000</in_Quantity.quantity><out_Quantity.quantity>716.873065</out_Quantity.quantity></Point><Point><position>5267</position><in_Quantity.quantity>0.000000</in_Quantity.quantity><out_Quantity.quantity>495.174555</out_Quantity.quantity></Point><Point><position>5268</position><in_Quantity.quantity>0.000000</in_Quantity.quantity><out_Quantity.quantity>105.300078</out_Quantity.quantity></Point><Point><position>5269</position><in_Quantity.quantity>0.000000</in_Quantity.quantity><out_Quantity.quantity>353.008316</out_Quantity.quantity></Point><Point><position>5270</position><in_Quantity.quantity>0.000000</in_Quantity.quantity><out_Quantity.quantity>94.706170</out_Quantity.quantity></Point><Point><position>5271</position><in_Quantity.quantity>0.000000</in_Quantity.quantity><out_Quantity.quantity>400.347412</out_Quantity.quantity></Point><Point><position>5272</position><in_Quantity.quantity>0.000000</in_Quantity.quantity><out_Quantity.quantity>847.362927</out_Quantity.quantity></Point><Point><position>5273</position><in_Quantity.quantity>0.000000</in_Quantity.quantity><out_Quantity.quantity>261.424177</out_Quantity.quantity></Point><Point><position>5274</position><in_Quantity.quantity>0.000000</in_Quantity.quantity><out_Quantity.quantity>261.103447</out_Quantity.quantity></Point><Point><position>5275</position><in_Quantity.quantity>0.000000</in_Quantity.quantity><out_Quantity.quantity>540.436225</out_Quantity.quantity></Point><Point><position>5276</position><in_Quantity.quantity>0.000000</in_Quantity.quantity><out_Quantity.quantity>675.439314</out_Quantity.quantity></Point><Point><position>5277</position><in_Quantity.quantity>0.000000</in_Quantity.quantity><out_Quantity.quantity>246.874494</out_Quantity.quantity></Point><Point><position>5278</position><in_Quantity.quantity>0.000000</in_Quantity.quantity><out_Quantity.quantity>164.068021</out_Quantity.quantity></Point><Point><position>5279</position><in_Quantity.quantity>0.000000</in_Quantity.quantity><out_Quantity.quantity>126.338204</out_Quantity.quantity></Point><Point><position>5280</position><in_Quantity.quantity>0.000000</in_Quantity.quantity><out_Quantity.quantity>754.512853</out_Quantity.quantity></Point><Point><position>5281</position><in_Quantity.quantity>0.000000</in_Quantity.quantity><out_Quantity.quantity>165.614909</out_Quantity.quantity></Point><Point><position>5282</position><in_Quantity.quantity>0.000000</in_Quantity.quantity><out_Quantity.quantity>492.903438</out_Quantity.quantity></Point><Point><position>5283</position><in_Quantity.quantity>0.000000</in_Quantity.quantity><out_Quantity.quantity>775.166757</out_Quantity.quantity></Point><Point><position>5284</position><in_Quantity.quantity>0.000000</in_Quantity.quantity><out_Quantity.quantity>730.560239</out_Quantity.quantity></Point><Point><position>5285</position><in_Quantity.quantity>0.000000</in_Quantity.quantity><out_Quantity.quantity>21.667387</out_Quantity.quantity></Point><Point><position>5286</position><in_Quantity.quantity>0.000000</in_Quantity.quantity><out_Quantity.quantity>520.545157</out_Quantity.quantity></Point><Point><position>5287</position><in_Quantity.quantity>0.000000</in_Quantity.quantity><out_Quantity.quantity>818.491500</out_Quantity.quantity></Point><Point><position>5288</position><in_Quantity.quantity>0.000000</in_Quantity.quantity><out_Quantity.quantity>969.838163</out_Quantity.quantity></Point><Point><position>5289</position><in_Quantity.quantity>0.000000</in_Quantity.quantity><out_Quantity.quantity>628.266979</out_Quantity.quantity></Point><Point><position>5290</position><in_Quantity.quantity>0.000000</in_Quantity.quantity><out_Quantity.quantity>609.154994</out_Quantity.quantity></Point><Point><position>5291</position><in_Quantity.quantity>0.000000</in_Quantity.quantity><out_Quantity.quantity>817.003819</out_Quantity.quantity></Point><Point><position>5292</position><in_Quantity.quantity>0.000000</in_Quantity.quantity><out_Quantity.quantity>977.213322</out_Quantity.quantity></Point><Point><position>5293</position><in_Quantity.quantity>0.000000</in_Quantity.quantity><out_Quantity.quantity>86.827123</out_Quantity.quantity></Point><Point><position>5294</position><in_Quantity.quantity>0.000000</in_Quantity.quantity><out_Quantity.quantity>259.922793</out_Quantity.quantity></Point><Point><position>5295</position><in_Quantity.quantity>0.000000</in_Quantity.quantity><out_Quantity.quantity>45.542374</out_Quantity.quantity></Point><Point><position>5296</position><in_Quantity.quantity>0.000000</in_Quantity.quantity><out_Quantity.quantity>30.172852</out_Quantity.quantity></Point><Point><position>5297</position><in_Quantity.quantity>0.000000</in_Quantity.quantity><out_Quantity.quantity>650.117827</out_Quantity.quantity></Point><Point><position>5298</position><in_Quantity.quantity>0.000000</in_Quantity.quantity><out_Quantity.quantity>632.919487</out_Quantity.quantity></Point><Point><position>5299</position><in_Quantity.quantity>0.000000</in_Quantity.quantity><out_Quantity.quantity>894.435864</out_Quantity.quantity></Point><Point><position>5300</position><in_Quantity.quantity>0.000000</in_Quantity.quantity><out_Quantity.quantity>329.557238</out_Quantity.quantity></Point><Point><position>5301</position><in_Quantity.quantity>0.000000</in_Quantity.quantity><out_Quantity.quantity>193.271724</out_Quantity.quantity></Point><Point><position>5302</position><in_Quantity.quantity>0.000000</in_Quantity.quantity><out_Quantity.quantity>53.408177</out_Quantity.quantity></Point><Point><position>5303</position><in_Quantity.quantity>0.000000</in_Quantity.quantity><out_Quantity.quantity>202.966679</out_Quantity.quantity></Point><Point><position>5304</position><in_Quantity.quantity>0.000000</in_Quantity.quantity><out_Quantity.quantity>28.872147</out_Quantity.quantity></Point><Point><position>5305</position><in_Quantity.quantity>0.000000</in_Quantity.quantity><out_Quantity.quantity>171.188706</out_Quantity.quantity></Point><Point><position>5306</position><in_Quantity.quantity>0.000000</in_Quantity.quantity><out_Quantity.quantity>831.585201</out_Quantity.quantity></Point><Point><position>5307</position><in_Quantity.quantity>0.000000</in_Quantity.quantity><out_Quantity.quantity>637.192401</out_Quantity.quantity></Point><Point><position>5308</position><in_Quantity.quantity>0.000000</in_Quantity.quantity><out_Quantity.quantity>912.179210</out_Quantity.quantity></Point><Point><position>5309</position><in_Quantity.quantity>0.000000</in_Quantity.quantity><out_Quantity.quantity>709.603492</out_Quantity.quantity></Point><Point><position>5310</position><in_Quantity.quantity>0.000000</in_Quantity.quantity><out_Quantity.quantity>621.873710</out_Quantity.quantity></Point><Point><position>5311</position><in_Quantity.quantity>0.000000</in_Quantity.quantity><out_Quantity.quantity>651.113573</out_Quantity.quantity></Point><Point><position>5312</position><in_Quantity.quantity>0.000000</in_Quantity.quantity><out_Quantity.quantity>392.994015</out_Quantity.quantity></Point><Point><position>5313</position><in_Quantity.quantity>0.000000</in_Quantity.quantity><out_Quantity.quantity>49.804231</out_Quantity.quantity></Point><Point><position>5314</position><in_Quantity.quantity>0.000000</in_Quantity.quantity><out_Quantity.quantity>863.703214</out_Quantity.quantity></Point><Point><position>5315</position><in_Quantity.quantity>0.000000</in_Quantity.quantity><out_Quantity.quantity>176.854069</out_Quantity.quantity></Point><Point><position>5316</position><in_Quantity.quantity>0.000000</in_Quantity.quantity><out_Quantity.quantity>539.114132</out_Quantity.quantity></Point><Point><position>5317</position><in_Quantity.quantity>0.000000</in_Quantity.quantity><out_Quantity.quantity>403.880978</out_Quantity.quantity></Point><Point><position>5318</position><in_Quantity.quantity>0.000000</in_Quantity.quantity><out_Quantity.quantity>732.556329</out_Quantity.quantity></Point><Point><position>5319</position><in_Quantity.quantity>0.000000</in_Quantity.quantity><out_Quantity.quantity>689.612133</out_Quantity.quantity></Point><Point><position>5320</position><in_Quantity.quantity>0.000000</in_Quantity.quantity><out_Quantity.quantity>663.695787</out_Quantity.quantity></Point><Point><position>5321</position><in_Quantity.quantity>0.000000</in_Quantity.quantity><out_Quantity.quantity>111.583067</out_Quantity.quantity></Point><Point><position>5322</position><in_Quantity.quantity>0.000000</in_Quantity.quantity><out_Quantity.quantity>776.011128</out_Quantity.quantity></Point><Point><position>5323</position><in_Quantity.quantity>0.000000</in_Quantity.quantity><out_Quantity.quantity>507.844896</out_Quantity.quantity></Point><Point><position>5324</position><in_Quantity.quantity>0.000000</in_Quantity.quantity><out_Quantity.quantity>391.912345</out_Quantity.quantity></Point><Point><position>5325</position><in_Quantity.quantity>0.000000</in_Quantity.quantity><out_Quantity.quantity>789.512343</out_Quantity.quantity></Point><Point><position>5326</position><in_Quantity.quantity>0.000000</in_Quantity.quantity><out_Quantity.quantity>366.397165</out_Quantity.quantity></Point><Point><position>5327</position><in_Quantity.quantity>0.000000</in_Quantity.quantity><out_Quantity.quantity>480.596484</out_Quantity.quantity></Point><Point><position>5328</position><in_Quantity.quantity>0.000000</in_Quantity.quantity><out_Quantity.quantity>199.759072</out_Quantity.quantity></Point><Point><position>5329</position><in_Quantity.quantity>0.000000</in_Quantity.quantity><out_Quantity.quantity>394.468239</out_Quantity.quantity></Point><Point><position>5330</position><in_Quantity.quantity>0.000000</in_Quantity.quantity><out_Quantity.quantity>508.645992</out_Quantity.quantity></Point><Point><position>5331</position><in_Quantity.quantity>0.000000</in_Quantity.quantity><out_Quantity.quantity>496.864476</out_Quantity.quantity></Point><Point><position>5332</position><in_Quantity.quantity>0.000000</in_Quantity.quantity><out_Quantity.quantity>321.655671</out_Quantity.quantity></Point><Point><position>5333</position><in_Quantity.quantity>0.000000</in_Quantity.quantity><out_Quantity.quantity>613.271639</out_Quantity.quantity></Point><Point><position>5334</position><in_Quantity.quantity>0.000000</in_Quantity.quantity><out_Quantity.quantity>11.429344</out_Quantity.quantity></Point><Point><position>5335</position><in_Quantity.quantity>0.000000</in_Quantity.quantity><out_Quantity.quantity>358.346061</out_Quantity.quantity></Point><Point><position>5336</position><in_Quantity.quantity>0.000000</in_Quantity.quantity><out_Quantity.quantity>361.975431</out_Quantity.quantity></Point><Point><position>5337</position><in_Quantity.quantity>0.000000</in_Quantity.quantity><out_Quantity.quantity>34.681667</out_Quantity.quantity></Point><Point><position>5338</position><in_Quantity.quantity>0.000000</in_Quantity.quantity><out_Quantity.quantity>598.272470</out_Quantity.quantity></Point><Point><position>5339</position><in_Quantity.quantity>0.000000</in_Quantity.quantity><out_Quantity.quantity>550.031164</out_Quantity.quantity></Point><Point><position>5340</position><in_Quantity.quantity>0.000000</in_Quantity.quantity><out_Quantity.quantity>184.015679</out_Quantity.quantity></Point><Point><position>5341</position><in_Quantity.quantity>0.000000</in_Quantity.quantity><out_Quantity.quantity>827.759282</out_Quantity.quantity></Point><Point><position>5342</position><in_Quantity.quantity>0.000000</in_Quantity.quantity><out_Quantity.quantity>121.909549</out_Quantity.quantity></Point><Point><position>5343</position><in_Quantity.quantity>0.000000</in_Quantity.quantity><out_Quantity.quantity>775.138998</out_Quantity.quantity></Point><Point><position>5344</position><in_Quantity.quantity>0.000000</in_Quantity.quantity><out_Quantity.quantity>397.750946</out_Quantity.quantity></Point><Point><position>5345</position><in_Quantity.quantity>0.000000</in_Quantity.quantity><out_Quantity.quantity>812.614243</out_Quantity.quantity></Point><Point><position>5346</position><in_Quantity.quantity>0.000000</in_Quantity.quantity><out_Quantity.quantity>757.313882</out_Quantity.quantity></Point><Point><position>5347</position><in_Quantity.quantity>0.000000</in_Quantity.quantity><out_Quantity.quantity>891.796019</out_Quantity.quantity></Point><Point><position>5348</position><in_Quantity.quantity>0.000000</in_Quantity.quantity><out_Quantity.quantity>208.748591</out_Quantity.quantity></Point><Point><position>5349</position><in_Quantity.quantity>0.000000</in_Quantity.quantity><out_Quantity.quantity>547.461851</out_Quantity.quantity></Point><Point><position>5350</position><in_Quantity.quantity>0.000000</in_Quantity.quantity><out_Quantity.quantity>745.081425</out_Quantity.quantity></Point><Point><position>5351</position><in_Quantity.quantity>0.000000</in_Quantity.quantity><out_Quantity.quantity>466.550619</out_Quantity.quantity></Point><Point><position>5352</position><in_Quantity.quantity>0.000000</in_Quantity.quantity><out_Quantity.quantity>95.711914</out_Quantity.quantity></Point><Point><position>5353</position><in_Quantity.quantity>0.000000</in_Quantity.quantity><out_Quantity.quantity>225.168123</out_Quantity.quantity></Point><Point><position>5354</position><in_Quantity.quantity>0.000000</in_Quantity.quantity><out_Quantity.quantity>507.346073</out_Quantity.quantity></Point><Point><position>5355</position><in_Quantity.quantity>0.000000</in_Quantity.quantity><out_Quantity.quantity>780.134472</out_Quantity.quantity></Point><Point><position>5356</position><in_Quantity.quantity>0.000000</in_Quantity.quantity><out_Quantity.quantity>90.450160</out_Quantity.quantity></Point><Point><position>5357</position><in_Quantity.quantity>0.000000</in_Quantity.quantity><out_Quantity.quantity>244.313912</out_Quantity.quantity></Point><Point><position>5358</position><in_Quantity.quantity>0.000000</in_Quantity.quantity><out_Quantity.quantity>900.156333</out_Quantity.quantity></Point><Point><position>5359</position><in_Quantity.quantity>0.000000</in_Quantity.quantity><out_Quantity.quantity>678.805412</out_Quantity.quantity></Point><Point><position>5360</position><in_Quantity.quantity>0.000000</in_Quantity.quantity><out_Quantity.quantity>87.857150</out_Quantity.quantity></Point><Point><position>5361</position><in_Quantity.quantity>0.000000</in_Quantity.quantity><out_Quantity.quantity>910.146807</out_Quantity.quantity></Point><Point><position>5362</position><in_Quantity.quantity>0.000000</in_Quantity.quantity><out_Quantity.quantity>967.594086</out_Quantity.quantity></Point><Point><position>5363</position><in_Quantity.quantity>0.000000</in_Quantity.quantity><out_Quantity.quantity>997.076133</out_Quantity.quantity></Point><Point><position>5364</position><in_Quantity.quantity>0.000000</in_Quantity.quantity><out_Quantity.quantity>43.233192</out_Quantity.quantity></Point><Point><position>5365</position><in_Quantity.quantity>0.000000</in_Quantity.quantity><out_Quantity.quantity>109.708765</out_Quantity.quantity></Point><Point><position>5366</position><in_Quantity.quantity>0.000000</in_Quantity.quantity><out_Quantity.quantity>775.313731</out_Quantity.quantity></Point><Point><position>5367</position><in_Quantity.quantity>0.000000</in_Quantity.quantity><out_Quantity.quantity>159.335148</out_Quantity.quantity></Point><Point><position>5368</position><in_Quantity.quantity>0.000000</in_Quantity.quantity><out_Quantity.quantity>872.811767</out_Quantity.quantity></Point><Point><position>5369</position><in_Quantity.quantity>0.000000</in_Quantity.quantity><out_Quantity.quantity>873.799669</out_Quantity.quantity></Point><Point><position>5370</position><in_Quantity.quantity>0.000000</in_Quantity.quantity><out_Quantity.quantity>756.384110</out_Quantity.quantity></Point><Point><position>5371</position><in_Quantity.quantity>0.000000</in_Quantity.quantity><out_Quantity.quantity>297.685280</out_Quantity.quantity></Point><Point><position>5372</position><in_Quantity.quantity>0.000000</in_Quantity.quantity><out_Quantity.quantity>927.993807</out_Quantity.quantity></Point><Point><position>5373</position><in_Quantity.quantity>0.000000</in_Quantity.quantity><out_Quantity.quantity>360.164606</out_Quantity.quantity></Point><Point><position>5374</position><in_Quantity.quantity>0.000000</in_Quantity.quantity><out_Quantity.quantity>783.637506</out_Quantity.quantity></Point><Point><position>5375</position><in_Quantity.quantity>0.000000</in_Quantity.quantity><out_Quantity.quantity>622.374329</out_Quantity.quantity></Point><Point><position>5376</position><in_Quantity.quantity>0.000000</in_Quantity.quantity><out_Quantity.quantity>484.623180</out_Quantity.quantity></Point><Point><position>5377</position><in_Quantity.quantity>0.000000</in_Quantity.quantity><out_Quantity.quantity>748.842821</out_Quantity.quantity></Point><Point><position>5378</position><in_Quantity.quantity>0.000000</in_Quantity.quantity><out_Quantity.quantity>987.317683</out_Quantity.quantity></Point><Point><position>5379</position><in_Quantity.quantity>0.000000</in_Quantity.quantity><out_Quantity.quantity>80.069689</out_Quantity.quantity></Point><Point><position>5380</position><in_Quantity.quantity>0.000000</in_Quantity.quantity><out_Quantity.quantity>968.718939</out_Quantity.quantity></Point><Point><position>5381</position><in_Quantity.quantity>0.000000</in_Quantity.quantity><out_Quantity.quantity>459.325140</out_Quantity.quantity></Point><Point><position>5382</position><in_Quantity.quantity>0.000000</in_Quantity.quantity><out_Quantity.quantity>908.238557</out_Quantity.quantity></Point><Point><position>5383</position><in_Quantity.quantity>0.000000</in_Quantity.quantity><out_Quantity.quantity>805.968735</out_Quantity.quantity></Point><Point><position>5384</position><in_Quantity.quantity>0.000000</in_Quantity.quantity><out_Quantity.quantity>365.899329</out_Quantity.quantity></Point><Point><position>5385</position><in_Quantity.quantity>0.000000</in_Quantity.quantity><out_Quantity.quantity>818.800152</out_Quantity.quantity></Point><Point><position>5386</position><in_Quantity.quantity>0.000000</in_Quantity.quantity><out_Quantity.quantity>793.067812</out_Quantity.quantity></Point><Point><position>5387</position><in_Quantity.quantity>0.000000</in_Quantity.quantity><out_Quantity.quantity>184.785426</out_Quantity.quantity></Point><Point><position>5388</position><in_Quantity.quantity>0.000000</in_Quantity.quantity><out_Quantity.quantity>2.420148</out_Quantity.quantity></Point><Point><position>5389</position><in_Quantity.quantity>0.000000</in_Quantity.quantity><out_Quantity.quantity>809.414703</out_Quantity.quantity></Point><Point><position>5390</position><in_Quantity.quantity>0.000000</in_Quantity.quantity><out_Quantity.quantity>209.525584</out_Quantity.quantity></Point><Point><position>5391</position><in_Quantity.quantity>0.000000</in_Quantity.quantity><out_Quantity.quantity>909.746725</out_Quantity.quantity></Point><Point><position>5392</position><in_Quantity.quantity>0.000000</in_Quantity.quantity><out_Quantity.quantity>404.359736</out_Quantity.quantity></Point><Point><position>5393</position><in_Quantity.quantity>0.000000</in_Quantity.quantity><out_Quantity.quantity>120.591967</out_Quantity.quantity></Point><Point><position>5394</position><in_Quantity.quantity>0.000000</in_Quantity.quantity><out_Quantity.quantity>63.293564</out_Quantity.quantity></Point><Point><position>5395</position><in_Quantity.quantity>0.000000</in_Quantity.quantity><out_Quantity.quantity>201.992744</out_Quantity.quantity></Point><Point><position>5396</position><in_Quantity.quantity>0.000000</in_Quantity.quantity><out_Quantity.quantity>282.028327</out_Quantity.quantity></Point><Point><position>5397</position><in_Quantity.quantity>0.000000</in_Quantity.quantity><out_Quantity.quantity>634.391428</out_Quantity.quantity></Point><Point><position>5398</position><in_Quantity.quantity>0.000000</in_Quantity.quantity><out_Quantity.quantity>677.016984</out_Quantity.quantity></Point><Point><position>5399</position><in_Quantity.quantity>0.000000</in_Quantity.quantity><out_Quantity.quantity>843.505220</out_Quantity.quantity></Point><Point><position>5400</position><in_Quantity.quantity>0.000000</in_Quantity.quantity><out_Quantity.quantity>611.663688</out_Quantity.quantity></Point><Point><position>5401</position><in_Quantity.quantity>0.000000</in_Quantity.quantity><out_Quantity.quantity>835.386891</out_Quantity.quantity></Point><Point><position>5402</position><in_Quantity.quantity>0.000000</in_Quantity.quantity><out_Quantity.quantity>564.669636</out_Quantity.quantity></Point><Point><position>5403</position><in_Quantity.quantity>0.000000</in_Quantity.quantity><out_Quantity.quantity>468.457195</out_Quantity.quantity></Point><Point><position>5404</position><in_Quantity.quantity>0.000000</in_Quantity.quantity><out_Quantity.quantity>853.260588</out_Quantity.quantity></Point><Point><position>5405</position><in_Quantity.quantity>0.000000</in_Quantity.quantity><out_Quantity.quantity>248.394940</out_Quantity.quantity></Point><Point><position>5406</position><in_Quantity.quantity>0.000000</in_Quantity.quantity><out_Quantity.quantity>559.024387</out_Quantity.quantity></Point><Point><position>5407</position><in_Quantity.quantity>0.000000</in_Quantity.quantity><out_Quantity.quantity>203.720588</out_Quantity.quantity></Point><Point><position>5408</position><in_Quantity.quantity>0.000000</in_Quantity.quantity><out_Quantity.quantity>794.465312</out_Quantity.quantity></Point><Point><position>5409</position><in_Quantity.quantity>0.000000</in_Quantity.quantity><out_Quantity.quantity>269.097849</out_Quantity.quantity></Point><Point><position>5410</position><in_Quantity.quantity>0.000000</in_Quantity.quantity><out_Quantity.quantity>991.511044</out_Quantity.quantity></Point><Point><position>5411</position><in_Quantity.quantity>0.000000</in_Quantity.quantity><out_Quantity.quantity>886.109734</out_Quantity.quantity></Point><Point><position>5412</position><in_Quantity.quantity>0.000000</in_Quantity.quantity><out_Quantity.quantity>33.985999</out_Quantity.quantity></Point><Point><position>5413</position><in_Quantity.quantity>0.000000</in_Quantity.quantity><out_Quantity.quantity>900.995804</out_Quantity.quantity></Point><Point><position>5414</position><in_Quantity.quantity>0.000000</in_Quantity.quantity><out_Quantity.quantity>832.385319</out_Quantity.quantity></Point><Point><position>5415</position><in_Quantity.quantity>0.000000</in_Quantity.quantity><out_Quantity.quantity>804.569733</out_Quantity.quantity></Point><Point><position>5416</position><in_Quantity.quantity>0.000000</in_Quantity.quantity><out_Quantity.quantity>85.313250</out_Quantity.quantity></Point><Point><position>5417</position><in_Quantity.quantity>0.000000</in_Quantity.quantity><out_Quantity.quantity>997.469330</out_Quantity.quantity></Point><Point><position>5418</position><in_Quantity.quantity>0.000000</in_Quantity.quantity><out_Quantity.quantity>224.645326</out_Quantity.quantity></Point><Point><position>5419</position><in_Quantity.quantity>0.000000</in_Quantity.quantity><out_Quantity.quantity>216.443170</out_Quantity.quantity></Point><Point><position>5420</position><in_Quantity.quantity>0.000000</in_Quantity.quantity><out_Quantity.quantity>222.686490</out_Quantity.quantity></Point><Point><position>5421</position><in_Quantity.quantity>0.000000</in_Quantity.quantity><out_Quantity.quantity>417.627836</out_Quantity.quantity></Point><Point><position>5422</position><in_Quantity.quantity>0.000000</in_Quantity.quantity><out_Quantity.quantity>93.398229</out_Quantity.quantity></Point><Point><position>5423</position><in_Quantity.quantity>0.000000</in_Quantity.quantity><out_Quantity.quantity>575.774318</out_Quantity.quantity></Point><Point><position>5424</position><in_Quantity.quantity>0.000000</in_Quantity.quantity><out_Quantity.quantity>537.174877</out_Quantity.quantity></Point><Point><position>5425</position><in_Quantity.quantity>0.000000</in_Quantity.quantity><out_Quantity.quantity>277.281056</out_Quantity.quantity></Point><Point><position>5426</position><in_Quantity.quantity>0.000000</in_Quantity.quantity><out_Quantity.quantity>773.223642</out_Quantity.quantity></Point><Point><position>5427</position><in_Quantity.quantity>0.000000</in_Quantity.quantity><out_Quantity.quantity>337.332079</out_Quantity.quantity></Point><Point><position>5428</position><in_Quantity.quantity>0.000000</in_Quantity.quantity><out_Quantity.quantity>374.515881</out_Quantity.quantity></Point><Point><position>5429</position><in_Quantity.quantity>0.000000</in_Quantity.quantity><out_Quantity.quantity>901.139376</out_Quantity.quantity></Point><Point><position>5430</position><in_Quantity.quantity>0.000000</in_Quantity.quantity><out_Quantity.quantity>695.307671</out_Quantity.quantity></Point><Point><position>5431</position><in_Quantity.quantity>0.000000</in_Quantity.quantity><out_Quantity.quantity>117.156042</out_Quantity.quantity></Point><Point><position>5432</position><in_Quantity.quantity>0.000000</in_Quantity.quantity><out_Quantity.quantity>401.805964</out_Quantity.quantity></Point><Point><position>5433</position><in_Quantity.quantity>0.000000</in_Quantity.quantity><out_Quantity.quantity>946.493254</out_Quantity.quantity></Point><Point><position>5434</position><in_Quantity.quantity>0.000000</in_Quantity.quantity><out_Quantity.quantity>258.866467</out_Quantity.quantity></Point><Point><position>5435</position><in_Quantity.quantity>0.000000</in_Quantity.quantity><out_Quantity.quantity>698.893676</out_Quantity.quantity></Point><Point><position>5436</position><in_Quantity.quantity>0.000000</in_Quantity.quantity><out_Quantity.quantity>559.682976</out_Quantity.quantity></Point><Point><position>5437</position><in_Quantity.quantity>0.000000</in_Quantity.quantity><out_Quantity.quantity>573.635804</out_Quantity.quantity></Point><Point><position>5438</position><in_Quantity.quantity>0.000000</in_Quantity.quantity><out_Quantity.quantity>233.987917</out_Quantity.quantity></Point><Point><position>5439</position><in_Quantity.quantity>0.000000</in_Quantity.quantity><out_Quantity.quantity>542.058625</out_Quantity.quantity></Point><Point><position>5440</position><in_Quantity.quantity>0.000000</in_Quantity.quantity><out_Quantity.quantity>719.404450</out_Quantity.quantity></Point><Point><position>5441</position><in_Quantity.quantity>0.000000</in_Quantity.quantity><out_Quantity.quantity>401.879781</out_Quantity.quantity></Point><Point><position>5442</position><in_Quantity.quantity>0.000000</in_Quantity.quantity><out_Quantity.quantity>91.123385</out_Quantity.quantity></Point><Point><position>5443</position><in_Quantity.quantity>0.000000</in_Quantity.quantity><out_Quantity.quantity>569.069893</out_Quantity.quantity></Point><Point><position>5444</position><in_Quantity.quantity>0.000000</in_Quantity.quantity><out_Quantity.quantity>608.375934</out_Quantity.quantity></Point><Point><position>5445</position><in_Quantity.quantity>0.000000</in_Quantity.quantity><out_Quantity.quantity>20.901239</out_Quantity.quantity></Point><Point><position>5446</position><in_Quantity.quantity>0.000000</in_Quantity.quantity><out_Quantity.quantity>971.721675</out_Quantity.quantity></Point><Point><position>5447</position><in_Quantity.quantity>0.000000</in_Quantity.quantity><out_Quantity.quantity>394.983455</out_Quantity.quantity></Point><Point><position>5448</position><in_Quantity.quantity>0.000000</in_Quantity.quantity><out_Quantity.quantity>77.769987</out_Quantity.quantity></Point><Point><position>5449</position><in_Quantity.quantity>0.000000</in_Quantity.quantity><out_Quantity.quantity>742.862526</out_Quantity.quantity></Point><Point><position>5450</position><in_Quantity.quantity>0.000000</in_Quantity.quantity><out_Quantity.quantity>926.926148</out_Quantity.quantity></Point><Point><position>5451</position><in_Quantity.quantity>0.000000</in_Quantity.quantity><out_Quantity.quantity>829.107673</out_Quantity.quantity></Point><Point><position>5452</position><in_Quantity.quantity>0.000000</in_Quantity.quantity><out_Quantity.quantity>708.238972</out_Quantity.quantity></Point><Point><position>5453</position><in_Quantity.quantity>0.000000</in_Quantity.quantity><out_Quantity.quantity>808.188968</out_Quantity.quantity></Point><Point><position>5454</position><in_Quantity.quantity>0.000000</in_Quantity.quantity><out_Quantity.quantity>415.262913</out_Quantity.quantity></Point><Point><position>5455</position><in_Quantity.quantity>0.000000</in_Quantity.quantity><out_Quantity.quantity>693.011146</out_Quantity.quantity></Point><Point><position>5456</position><in_Quantity.quantity>0.000000</in_Quantity.quantity><out_Quantity.quantity>644.217757</out_Quantity.quantity></Point><Point><position>5457</position><in_Quantity.quantity>0.000000</in_Quantity.quantity><out_Quantity.quantity>78.378320</out_Quantity.quantity></Point><Point><position>5458</position><in_Quantity.quantity>0.000000</in_Quantity.quantity><out_Quantity.quantity>140.788420</out_Quantity.quantity></Point><Point><position>5459</position><in_Quantity.quantity>0.000000</in_Quantity.quantity><out_Quantity.quantity>861.319379</out_Quantity.quantity></Point><Point><position>5460</position><in_Quantity.quantity>0.000000</in_Quantity.quantity><out_Quantity.quantity>454.774236</out_Quantity.quantity></Point><Point><position>5461</position><in_Quantity.quantity>0.000000</in_Quantity.quantity><out_Quantity.quantity>520.951625</out_Quantity.quantity></Point><Point><position>5462</position><in_Quantity.quantity>0.000000</in_Quantity.quantity><out_Quantity.quantity>542.097225</out_Quantity.quantity></Point><Point><position>5463</position><in_Quantity.quantity>0.000000</in_Quantity.quantity><out_Quantity.quantity>229.744176</out_Quantity.quantity></Point><Point><position>5464</position><in_Quantity.quantity>0.000000</in_Quantity.quantity><out_Quantity.quantity>806.149182</out_Quantity.quantity></Point><Point><position>5465</position><in_Quantity.quantity>0.000000</in_Quantity.quantity><out_Quantity.quantity>569.435562</out_Quantity.quantity></Point><Point><position>5466</position><in_Quantity.quantity>0.000000</in_Quantity.quantity><out_Quantity.quantity>525.269834</out_Quantity.quantity></Point><Point><position>5467</position><in_Quantity.quantity>0.000000</in_Quantity.quantity><out_Quantity.quantity>244.580862</out_Quantity.quantity></Point><Point><position>5468</position><in_Quantity.quantity>0.000000</in_Quantity.quantity><out_Quantity.quantity>767.900729</out_Quantity.quantity></Point><Point><position>5469</position><in_Quantity.quantity>0.000000</in_Quantity.quantity><out_Quantity.quantity>820.844971</out_Quantity.quantity></Point><Point><position>5470</position><in_Quantity.quantity>0.000000</in_Quantity.quantity><out_Quantity.quantity>578.507216</out_Quantity.quantity></Point><Point><position>5471</position><in_Quantity.quantity>0.000000</in_Quantity.quantity><out_Quantity.quantity>337.098553</out_Quantity.quantity></Point><Point><position>5472</position><in_Quantity.quantity>0.000000</in_Quantity.quantity><out_Quantity.quantity>521.720364</out_Quantity.quantity></Point><Point><position>5473</position><in_Quantity.quantity>0.000000</in_Quantity.quantity><out_Quantity.quantity>562.082301</out_Quantity.quantity></Point><Point><position>5474</position><in_Quantity.quantity>0.000000</in_Quantity.quantity><out_Quantity.quantity>151.662490</out_Quantity.quantity></Point><Point><position>5475</position><in_Quantity.quantity>0.000000</in_Quantity.quantity><out_Quantity.quantity>886.612621</out_Quantity.quantity></Point><Point><position>5476</position><in_Quantity.quantity>0.000000</in_Quantity.quantity><out_Quantity.quantity>932.476165</out_Quantity.quantity></Point><Point><position>5477</position><in_Quantity.quantity>0.000000</in_Quantity.quantity><out_Quantity.quantity>299.353283</out_Quantity.quantity></Point><Point><position>5478</position><in_Quantity.quantity>0.000000</in_Quantity.quantity><out_Quantity.quantity>42.519315</out_Quantity.quantity></Point><Point><position>5479</position><in_Quantity.quantity>0.000000</in_Quantity.quantity><out_Quantity.quantity>788.849987</out_Quantity.quantity></Point><Point><position>5480</position><in_Quantity.quantity>0.000000</in_Quantity.quantity><out_Quantity.quantity>77.586250</out_Quantity.quantity></Point><Point><position>5481</position><in_Quantity.quantity>0.000000</in_Quantity.quantity><out_Quantity.quantity>527.183613</out_Quantity.quantity></Point><Point><position>5482</position><in_Quantity.quantity>0.000000</in_Quantity.quantity><out_Quantity.quantity>98.131255</out_Quantity.quantity></Point><Point><position>5483</position><in_Quantity.quantity>0.000000</in_Quantity.quantity><out_Quantity.quantity>209.712842</out_Quantity.quantity></Point><Point><position>5484</position><in_Quantity.quantity>0.000000</in_Quantity.quantity><out_Quantity.quantity>592.463164</out_Quantity.quantity></Point><Point><position>5485</position><in_Quantity.quantity>0.000000</in_Quantity.quantity><out_Quantity.quantity>946.988387</out_Quantity.quantity></Point><Point><position>5486</position><in_Quantity.quantity>0.000000</in_Quantity.quantity><out_Quantity.quantity>270.818488</out_Quantity.quantity></Point><Point><position>5487</position><in_Quantity.quantity>0.000000</in_Quantity.quantity><out_Quantity.quantity>910.675082</out_Quantity.quantity></Point><Point><position>5488</position><in_Quantity.quantity>0.000000</in_Quantity.quantity><out_Quantity.quantity>931.691373</out_Quantity.quantity></Point><Point><position>5489</position><in_Quantity.quantity>0.000000</in_Quantity.quantity><out_Quantity.quantity>241.909999</out_Quantity.quantity></Point><Point><position>5490</position><in_Quantity.quantity>0.000000</in_Quantity.quantity><out_Quantity.quantity>410.786645</out_Quantity.quantity></Point><Point><position>5491</position><in_Quantity.quantity>0.000000</in_Quantity.quantity><out_Quantity.quantity>933.203992</out_Quantity.quantity></Point><Point><position>5492</position><in_Quantity.quantity>0.000000</in_Quantity.quantity><out_Quantity.quantity>164.046375</out_Quantity.quantity></Point><Point><position>5493</position><in_Quantity.quantity>0.000000</in_Quantity.quantity><out_Quantity.quantity>6.156921</out_Quantity.quantity></Point><Point><position>5494</position><in_Quantity.quantity>0.000000</in_Quantity.quantity><out_Quantity.quantity>481.955284</out_Quantity.quantity></Point><Point><position>5495</position><in_Quantity.quantity>0.000000</in_Quantity.quantity><out_Quantity.quantity>111.887890</out_Quantity.quantity></Point><Point><position>5496</position><in_Quantity.quantity>0.000000</in_Quantity.quantity><out_Quantity.quantity>457.590343</out_Quantity.quantity></Point><Point><position>5497</position><in_Quantity.quantity>0.000000</in_Quantity.quantity><out_Quantity.quantity>375.692107</out_Quantity.quantity></Point><Point><position>5498</position><in_Quantity.quantity>0.000000</in_Quantity.quantity><out_Quantity.quantity>899.746501</out_Quantity.quantity></Point><Point><position>5499</position><in_Quantity.quantity>0.000000</in_Quantity.quantity><out_Quantity.quantity>670.842443</out_Quantity.quantity></Point><Point><position>5500</position><in_Quantity.quantity>0.000000</in_Quantity.quantity><out_Quantity.quantity>874.517541</out_Quantity.quantity></Point><Point><position>5501</position><in_Quantity.quantity>0.000000</in_Quantity.quantity><out_Quantity.quantity>401.646798</out_Quantity.quantity></Point><Point><position>5502</position><in_Quantity.quantity>0.000000</in_Quantity.quantity><out_Quantity.quantity>720.266475</out_Quantity.quantity></Point><Point><position>5503</position><in_Quantity.quantity>0.000000</in_Quantity.quantity><out_Quantity.quantity>252.308074</out_Quantity.quantity></Point><Point><position>5504</position><in_Quantity.quantity>0.000000</in_Quantity.quantity><out_Quantity.quantity>585.765859</out_Quantity.quantity></Point><Point><position>5505</position><in_Quantity.quantity>0.000000</in_Quantity.quantity><out_Quantity.quantity>210.935472</out_Quantity.quantity></Point><Point><position>5506</position><in_Quantity.quantity>0.000000</in_Quantity.quantity><out_Quantity.quantity>255.548982</out_Quantity.quantity></Point><Point><position>5507</position><in_Quantity.quantity>0.000000</in_Quantity.quantity><out_Quantity.quantity>670.379364</out_Quantity.quantity></Point><Point><position>5508</position><in_Quantity.quantity>0.000000</in_Quantity.quantity><out_Quantity.quantity>467.581919</out_Quantity.quantity></Point><Point><position>5509</position><in_Quantity.quantity>0.000000</in_Quantity.quantity><out_Quantity.quantity>76.864199</out_Quantity.quantity></Point><Point><position>5510</position><in_Quantity.quantity>0.000000</in_Quantity.quantity><out_Quantity.quantity>970.970297</out_Quantity.quantity></Point><Point><position>5511</position><in_Quantity.quantity>0.000000</in_Quantity.quantity><out_Quantity.quantity>913.265513</out_Quantity.quantity></Point><Point><position>5512</position><in_Quantity.quantity>0.000000</in_Quantity.quantity><out_Quantity.quantity>404.603027</out_Quantity.quantity></Point><Point><position>5513</position><in_Quantity.quantity>0.000000</in_Quantity.quantity><out_Quantity.quantity>187.175715</out_Quantity.quantity></Point><Point><position>5514</position><in_Quantity.quantity>0.000000</in_Quantity.quantity><out_Quantity.quantity>372.244598</out_Quantity.quantity></Point><Point><position>5515</position><in_Quantity.quantity>0.000000</in_Quantity.quantity><out_Quantity.quantity>731.044859</out_Quantity.quantity></Point><Point><position>5516</position><in_Quantity.quantity>0.000000</in_Quantity.quantity><out_Quantity.quantity>725.939638</out_Quantity.quantity></Point><Point><position>5517</position><in_Quantity.quantity>0.000000</in_Quantity.quantity><out_Quantity.quantity>399.012266</out_Quantity.quantity></Point><Point><position>5518</position><in_Quantity.quantity>0.000000</in_Quantity.quantity><out_Quantity.quantity>915.164995</out_Quantity.quantity></Point><Point><position>5519</position><in_Quantity.quantity>0.000000</in_Quantity.quantity><out_Quantity.quantity>297.920335</out_Quantity.quantity></Point><Point><position>5520</position><in_Quantity.quantity>0.000000</in_Quantity.quantity><out_Quantity.quantity>674.204630</out_Quantity.quantity></Point><Point><position>5521</position><in_Quantity.quantity>0.000000</in_Quantity.quantity><out_Quantity.quantity>622.044631</out_Quantity.quantity></Point><Point><position>5522</position><in_Quantity.quantity>0.000000</in_Quantity.quantity><out_Quantity.quantity>328.353680</out_Quantity.quantity></Point><Point><position>5523</position><in_Quantity.quantity>0.000000</in_Quantity.quantity><out_Quantity.quantity>104.738351</out_Quantity.quantity></Point><Point><position>5524</position><in_Quantity.quantity>0.000000</in_Quantity.quantity><out_Quantity.quantity>882.763248</out_Quantity.quantity></Point><Point><position>5525</position><in_Quantity.quantity>0.000000</in_Quantity.quantity><out_Quantity.quantity>871.539855</out_Quantity.quantity></Point><Point><position>5526</position><in_Quantity.quantity>0.000000</in_Quantity.quantity><out_Quantity.quantity>676.141379</out_Quantity.quantity></Point><Point><position>5527</position><in_Quantity.quantity>0.000000</in_Quantity.quantity><out_Quantity.quantity>600.019358</out_Quantity.quantity></Point><Point><position>5528</position><in_Quantity.quantity>0.000000</in_Quantity.quantity><out_Quantity.quantity>454.208872</out_Quantity.quantity></Point><Point><position>5529</position><in_Quantity.quantity>0.000000</in_Quantity.quantity><out_Quantity.quantity>77.009961</out_Quantity.quantity></Point><Point><position>5530</position><in_Quantity.quantity>0.000000</in_Quantity.quantity><out_Quantity.quantity>769.821259</out_Quantity.quantity></Point><Point><position>5531</position><in_Quantity.quantity>0.000000</in_Quantity.quantity><out_Quantity.quantity>921.118156</out_Quantity.quantity></Point><Point><position>5532</position><in_Quantity.quantity>0.000000</in_Quantity.quantity><out_Quantity.quantity>836.130606</out_Quantity.quantity></Point><Point><position>5533</position><in_Quantity.quantity>0.000000</in_Quantity.quantity><out_Quantity.quantity>880.452596</out_Quantity.quantity></Point><Point><position>5534</position><in_Quantity.quantity>0.000000</in_Quantity.quantity><out_Quantity.quantity>0.299509</out_Quantity.quantity></Point><Point><position>5535</position><in_Quantity.quantity>0.000000</in_Quantity.quantity><out_Quantity.quantity>253.091483</out_Quantity.quantity></Point><Point><position>5536</position><in_Quantity.quantity>0.000000</in_Quantity.quantity><out_Quantity.quantity>258.283414</out_Quantity.quantity></Point><Point><position>5537</position><in_Quantity.quantity>0.000000</in_Quantity.quantity><out_Quantity.quantity>76.499021</out_Quantity.quantity></Point><Point><position>5538</position><in_Quantity.quantity>0.000000</in_Quantity.quantity><out_Quantity.quantity>718.012044</out_Quantity.quantity></Point><Point><position>5539</position><in_Quantity.quantity>0.000000</in_Quantity.quantity><out_Quantity.quantity>501.351493</out_Quantity.quantity></Point><Point><position>5540</position><in_Quantity.quantity>0.000000</in_Quantity.quantity><out_Quantity.quantity>812.941001</out_Quantity.quantity></Point><Point><position>5541</position><in_Quantity.quantity>0.000000</in_Quantity.quantity><out_Quantity.quantity>836.956736</out_Quantity.quantity></Point><Point><position>5542</position><in_Quantity.quantity>0.000000</in_Quantity.quantity><out_Quantity.quantity>261.214367</out_Quantity.quantity></Point><Point><position>5543</position><in_Quantity.quantity>0.000000</in_Quantity.quantity><out_Quantity.quantity>992.664867</out_Quantity.quantity></Point><Point><position>5544</position><in_Quantity.quantity>0.000000</in_Quantity.quantity><out_Quantity.quantity>364.548694</out_Quantity.quantity></Point><Point><position>5545</position><in_Quantity.quantity>0.000000</in_Quantity.quantity><out_Quantity.quantity>475.108305</out_Quantity.quantity></Point><Point><position>5546</position><in_Quantity.quantity>0.000000</in_Quantity.quantity><out_Quantity.quantity>685.935630</out_Quantity.quantity></Point><Point><position>5547</position><in_Quantity.quantity>0.000000</in_Quantity.quantity><out_Quantity.quantity>230.758399</out_Quantity.quantity></Point><Point><position>5548</position><in_Quantity.quantity>0.000000</in_Quantity.quantity><out_Quantity.quantity>642.692355</out_Quantity.quantity></Point><Point><position>5549</position><in_Quantity.quantity>0.000000</in_Quantity.quantity><out_Quantity.quantity>85.283168</out_Quantity.quantity></Point><Point><position>5550</position><in_Quantity.quantity>0.000000</in_Quantity.quantity><out_Quantity.quantity>925.087367</out_Quantity.quantity></Point><Point><position>5551</position><in_Quantity.quantity>0.000000</in_Quantity.quantity><out_Quantity.quantity>503.683732</out_Quantity.quantity></Point><Point><position>5552</position><in_Quantity.quantity>0.000000</in_Quantity.quantity><out_Quantity.quantity>953.828750</out_Quantity.quantity></Point><Point><position>5553</position><in_Quantity.quantity>0.000000</in_Quantity.quantity><out_Quantity.quantity>549.940381</out_Quantity.quantity></Point><Point><position>5554</position><in_Quantity.quantity>0.000000</in_Quantity.quantity><out_Quantity.quantity>625.812573</out_Quantity.quantity></Point><Point><position>5555</position><in_Quantity.quantity>0.000000</in_Quantity.quantity><out_Quantity.quantity>628.538106</out_Quantity.quantity></Point><Point><position>5556</position><in_Quantity.quantity>0.000000</in_Quantity.quantity><out_Quantity.quantity>308.190689</out_Quantity.quantity></Point><Point><position>5557</position><in_Quantity.quantity>0.000000</in_Quantity.quantity><out_Quantity.quantity>234.580744</out_Quantity.quantity></Point><Point><position>5558</position><in_Quantity.quantity>0.000000</in_Quantity.quantity><out_Quantity.quantity>94.631061</out_Quantity.quantity></Point><Point><position>5559</position><in_Quantity.quantity>0.000000</in_Quantity.quantity><out_Quantity.quantity>515.569811</out_Quantity.quantity></Point><Point><position>5560</position><in_Quantity.quantity>0.000000</in_Quantity.quantity><out_Quantity.quantity>585.211569</out_Quantity.quantity></Point><Point><position>5561</position><in_Quantity.quantity>0.000000</in_Quantity.quantity><out_Quantity.quantity>44.540959</out_Quantity.quantity></Point><Point><position>5562</position><in_Quantity.quantity>0.000000</in_Quantity.quantity><out_Quantity.quantity>428.924916</out_Quantity.quantity></Point><Point><position>5563</position><in_Quantity.quantity>0.000000</in_Quantity.quantity><out_Quantity.quantity>321.468957</out_Quantity.quantity></Point><Point><position>5564</position><in_Quantity.quantity>0.000000</in_Quantity.quantity><out_Quantity.quantity>503.381293</out_Quantity.quantity></Point><Point><position>5565</position><in_Quantity.quantity>0.000000</in_Quantity.quantity><out_Quantity.quantity>801.503078</out_Quantity.quantity></Point><Point><position>5566</position><in_Quantity.quantity>0.000000</in_Quantity.quantity><out_Quantity.quantity>52.037446</out_Quantity.quantity></Point><Point><position>5567</position><in_Quantity.quantity>0.000000</in_Quantity.quantity><out_Quantity.quantity>687.139224</out_Quantity.quantity></Point><Point><position>5568</position><in_Quantity.quantity>0.000000</in_Quantity.quantity><out_Quantity.quantity>221.289246</out_Quantity.quantity></Point><Point><position>5569</position><in_Quantity.quantity>0.000000</in_Quantity.quantity><out_Quantity.quantity>861.772087</out_Quantity.quantity></Point><Point><position>5570</position><in_Quantity.quantity>0.000000</in_Quantity.quantity><out_Quantity.quantity>617.719093</out_Quantity.quantity></Point><Point><position>5571</position><in_Quantity.quantity>0.000000</in_Quantity.quantity><out_Quantity.quantity>537.027539</out_Quantity.quantity></Point><Point><position>5572</position><in_Quantity.quantity>0.000000</in_Quantity.quantity><out_Quantity.quantity>19.845782</out_Quantity.quantity></Point><Point><position>5573</position><in_Quantity.quantity>0.000000</in_Quantity.quantity><out_Quantity.quantity>826.657409</out_Quantity.quantity></Point><Point><position>5574</position><in_Quantity.quantity>0.000000</in_Quantity.quantity><out_Quantity.quantity>164.756631</out_Quantity.quantity></Point><Point><position>5575</position><in_Quantity.quantity>0.000000</in_Quantity.quantity><out_Quantity.quantity>378.067613</out_Quantity.quantity></Point><Point><position>5576</position><in_Quantity.quantity>0.000000</in_Quantity.quantity><out_Quantity.quantity>927.025837</out_Quantity.quantity></Point><Point><position>5577</position><in_Quantity.quantity>0.000000</in_Quantity.quantity><out_Quantity.quantity>351.272886</out_Quantity.quantity></Point><Point><position>5578</position><in_Quantity.quantity>0.000000</in_Quantity.quantity><out_Quantity.quantity>88.539053</out_Quantity.quantity></Point><Point><position>5579</position><in_Quantity.quantity>0.000000</in_Quantity.quantity><out_Quantity.quantity>684.744472</out_Quantity.quantity></Point><Point><position>5580</position><in_Quantity.quantity>0.000000</in_Quantity.quantity><out_Quantity.quantity>999.354550</out_Quantity.quantity></Point><Point><position>5581</position><in_Quantity.quantity>0.000000</in_Quantity.quantity><out_Quantity.quantity>523.373375</out_Quantity.quantity></Point><Point><position>5582</position><in_Quantity.quantity>0.000000</in_Quantity.quantity><out_Quantity.quantity>850.293051</out_Quantity.quantity></Point><Point><position>5583</position><in_Quantity.quantity>0.000000</in_Quantity.quantity><out_Quantity.quantity>196.921275</out_Quantity.quantity></Point><Point><position>5584</position><in_Quantity.quantity>0.000000</in_Quantity.quantity><out_Quantity.quantity>807.152388</out_Quantity.quantity></Point><Point><position>5585</position><in_Quantity.quantity>0.000000</in_Quantity.quantity><out_Quantity.quantity>593.521012</out_Quantity.quantity></Point><Point><position>5586</position><in_Quantity.quantity>0.000000</in_Quantity.quantity><out_Quantity.quantity>444.085644</out_Quantity.quantity></Point><Point><position>5587</position><in_Quantity.quantity>0.000000</in_Quantity.quantity><out_Quantity.quantity>908.616420</out_Quantity.quantity></Point><Point><position>5588</position><in_Quantity.quantity>0.000000</in_Quantity.quantity><out_Quantity.quantity>567.505146</out_Quantity.quantity></Point><Point><position>5589</position><in_Quantity.quantity>0.000000</in_Quantity.quantity><out_Quantity.quantity>665.651623</out_Quantity.quantity></Point><Point><position>5590</position><in_Quantity.quantity>0.000000</in_Quantity.quantity><out_Quantity.quantity>84.090315</out_Quantity.quantity></Point><Point><position>5591</position><in_Quantity.quantity>0.000000</in_Quantity.quantity><out_Quantity.quantity>930.483015</out_Quantity.quantity></Point><Point><position>5592</position><in_Quantity.quantity>0.000000</in_Quantity.quantity><out_Quantity.quantity>381.658688</out_Quantity.quantity></Point><Point><position>5593</position><in_Quantity.quantity>0.000000</in_Quantity.quantity><out_Quantity.quantity>902.337420</out_Quantity.quantity></Point><Point><position>5594</position><in_Quantity.quantity>0.000000</in_Quantity.quantity><out_Quantity.quantity>484.035009</out_Quantity.quantity></Point><Point><position>5595</position><in_Quantity.quantity>0.000000</in_Quantity.quantity><out_Quantity.quantity>47.639384</out_Quantity.quantity></Point><Point><position>5596</position><in_Quantity.quantity>0.000000</in_Quantity.quantity><out_Quantity.quantity>119.529059</out_Quantity.quantity></Point><Point><position>5597</position><in_Quantity.quantity>0.000000</in_Quantity.quantity><out_Quantity.quantity>590.697900</out_Quantity.quantity></Point><Point><position>5598</position><in_Quantity.quantity>0.000000</in_Quantity.quantity><out_Quantity.quantity>188.239472</out_Quantity.quantity></Point><Point><position>5599</position><in_Quantity.quantity>0.000000</in_Quantity.quantity><out_Quantity.quantity>659.862754</out_Quantity.quantity></Point><Point><position>5600</position><in_Quantity.quantity>0.000000</in_Quantity.quantity><out_Quantity.quantity>347.625963</out_Quantity.quantity></Point><Point><position>5601</position><in_Quantity.quantity>0.000000</in_Quantity.quantity><out_Quantity.quantity>328.704427</out_Quantity.quantity></Point><Point><position>5602</position><in_Quantity.quantity>0.000000</in_Quantity.quantity><out_Quantity.quantity>585.277009</out_Quantity.quantity></Point><Point><position>5603</position><in_Quantity.quantity>0.000000</in_Quantity.quantity><out_Quantity.quantity>361.966168</out_Quantity.quantity></Point><Point><position>5604</position><in_Quantity.quantity>0.000000</in_Quantity.quantity><out_Quantity.quantity>446.704206</out_Quantity.quantity></Point><Point><position>5605</position><in_Quantity.quantity>0.000000</in_Quantity.quantity><out_Quantity.quantity>619.028930</out_Quantity.quantity></Point><Point><position>5606</position><in_Quantity.quantity>0.000000</in_Quantity.quantity><out_Quantity.quantity>824.581981</out_Quantity.quantity></Point><Point><position>5607</position><in_Quantity.quantity>0.000000</in_Quantity.quantity><out_Quantity.quantity>818.419380</out_Quantity.quantity></Point><Point><position>5608</position><in_Quantity.quantity>0.000000</in_Quantity.quantity><out_Quantity.quantity>172.233301</out_Quantity.quantity></Point><Point><position>5609</position><in_Quantity.quantity>0.000000</in_Quantity.quantity><out_Quantity.quantity>62.981801</out_Quantity.quantity></Point><Point><position>5610</position><in_Quantity.quantity>0.000000</in_Quantity.quantity><out_Quantity.quantity>383.094249</out_Quantity.quantity></Point><Point><position>5611</position><in_Quantity.quantity>0.000000</in_Quantity.quantity><out_Quantity.quantity>89.410176</out_Quantity.quantity></Point><Point><position>5612</position><in_Quantity.quantity>0.000000</in_Quantity.quantity><out_Quantity.quantity>57.840944</out_Quantity.quantity></Point><Point><position>5613</position><in_Quantity.quantity>0.000000</in_Quantity.quantity><out_Quantity.quantity>178.321773</out_Quantity.quantity></Point><Point><position>5614</position><in_Quantity.quantity>0.000000</in_Quantity.quantity><out_Quantity.quantity>660.087710</out_Quantity.quantity></Point><Point><position>5615</position><in_Quantity.quantity>0.000000</in_Quantity.quantity><out_Quantity.quantity>240.623770</out_Quantity.quantity></Point><Point><position>5616</position><in_Quantity.quantity>0.000000</in_Quantity.quantity><out_Quantity.quantity>683.747292</out_Quantity.quantity></Point><Point><position>5617</position><in_Quantity.quantity>0.000000</in_Quantity.quantity><out_Quantity.quantity>206.113981</out_Quantity.quantity></Point><Point><position>5618</position><in_Quantity.quantity>0.000000</in_Quantity.quantity><out_Quantity.quantity>714.813218</out_Quantity.quantity></Point><Point><position>5619</position><in_Quantity.quantity>0.000000</in_Quantity.quantity><out_Quantity.quantity>348.875148</out_Quantity.quantity></Point><Point><position>5620</position><in_Quantity.quantity>0.000000</in_Quantity.quantity><out_Quantity.quantity>74.871152</out_Quantity.quantity></Point><Point><position>5621</position><in_Quantity.quantity>0.000000</in_Quantity.quantity><out_Quantity.quantity>958.196621</out_Quantity.quantity></Point><Point><position>5622</position><in_Quantity.quantity>0.000000</in_Quantity.quantity><out_Quantity.quantity>875.004807</out_Quantity.quantity></Point><Point><position>5623</position><in_Quantity.quantity>0.000000</in_Quantity.quantity><out_Quantity.quantity>316.619808</out_Quantity.quantity></Point><Point><position>5624</position><in_Quantity.quantity>0.000000</in_Quantity.quantity><out_Quantity.quantity>84.258063</out_Quantity.quantity></Point><Point><position>5625</position><in_Quantity.quantity>0.000000</in_Quantity.quantity><out_Quantity.quantity>593.755145</out_Quantity.quantity></Point><Point><position>5626</position><in_Quantity.quantity>0.000000</in_Quantity.quantity><out_Quantity.quantity>499.730164</out_Quantity.quantity></Point><Point><position>5627</position><in_Quantity.quantity>0.000000</in_Quantity.quantity><out_Quantity.quantity>856.455754</out_Quantity.quantity></Point><Point><position>5628</position><in_Quantity.quantity>0.000000</in_Quantity.quantity><out_Quantity.quantity>805.825357</out_Quantity.quantity></Point><Point><position>5629</position><in_Quantity.quantity>0.000000</in_Quantity.quantity><out_Quantity.quantity>483.131031</out_Quantity.quantity></Point><Point><position>5630</position><in_Quantity.quantity>0.000000</in_Quantity.quantity><out_Quantity.quantity>898.057405</out_Quantity.quantity></Point><Point><position>5631</position><in_Quantity.quantity>0.000000</in_Quantity.quantity><out_Quantity.quantity>178.936845</out_Quantity.quantity></Point><Point><position>5632</position><in_Quantity.quantity>0.000000</in_Quantity.quantity><out_Quantity.quantity>95.585647</out_Quantity.quantity></Point><Point><position>5633</position><in_Quantity.quantity>0.000000</in_Quantity.quantity><out_Quantity.quantity>956.148171</out_Quantity.quantity></Point><Point><position>5634</position><in_Quantity.quantity>0.000000</in_Quantity.quantity><out_Quantity.quantity>784.764249</out_Quantity.quantity></Point><Point><position>5635</position><in_Quantity.quantity>0.000000</in_Quantity.quantity><out_Quantity.quantity>630.127965</out_Quantity.quantity></Point><Point><position>5636</position><in_Quantity.quantity>0.000000</in_Quantity.quantity><out_Quantity.quantity>247.310561</out_Quantity.quantity></Point><Point><position>5637</position><in_Quantity.quantity>0.000000</in_Quantity.quantity><out_Quantity.quantity>526.213799</out_Quantity.quantity></Point><Point><position>5638</position><in_Quantity.quantity>0.000000</in_Quantity.quantity><out_Quantity.quantity>922.358654</out_Quantity.quantity></Point><Point><position>5639</position><in_Quantity.quantity>0.000000</in_Quantity.quantity><out_Quantity.quantity>30.098289</out_Quantity.quantity></Point><Point><position>5640</position><in_Quantity.quantity>0.000000</in_Quantity.quantity><out_Quantity.quantity>944.968079</out_Quantity.quantity></Point><Point><position>5641</position><in_Quantity.quantity>0.000000</in_Quantity.quantity><out_Quantity.quantity>273.971181</out_Quantity.quantity></Point><Point><position>5642</position><in_Quantity.quantity>0.000000</in_Quantity.quantity><out_Quantity.quantity>907.452712</out_Quantity.quantity></Point><Point><position>5643</position><in_Quantity.quantity>0.000000</in_Quantity.quantity><out_Quantity.quantity>720.674322</out_Quantity.quantity></Point><Point><position>5644</position><in_Quantity.quantity>0.000000</in_Quantity.quantity><out_Quantity.quantity>619.124336</out_Quantity.quantity></Point><Point><position>5645</position><in_Quantity.quantity>0.000000</in_Quantity.quantity><out_Quantity.quantity>27.948509</out_Quantity.quantity></Point><Point><position>5646</position><in_Quantity.quantity>0.000000</in_Quantity.quantity><out_Quantity.quantity>580.491824</out_Quantity.quantity></Point><Point><position>5647</position><in_Quantity.quantity>0.000000</in_Quantity.quantity><out_Quantity.quantity>978.267068</out_Quantity.quantity></Point><Point><position>5648</position><in_Quantity.quantity>0.000000</in_Quantity.quantity><out_Quantity.quantity>161.595554</out_Quantity.quantity></Point><Point><position>5649</position><in_Quantity.quantity>0.000000</in_Quantity.quantity><out_Quantity.quantity>118.893596</out_Quantity.quantity></Point><Point><position>5650</position><in_Quantity.quantity>0.000000</in_Quantity.quantity><out_Quantity.quantity>330.592376</out_Quantity.quantity></Point><Point><position>5651</position><in_Quantity.quantity>0.000000</in_Quantity.quantity><out_Quantity.quantity>598.260569</out_Quantity.quantity></Point><Point><position>5652</position><in_Quantity.quantity>0.000000</in_Quantity.quantity><out_Quantity.quantity>446.185960</out_Quantity.quantity></Point><Point><position>5653</position><in_Quantity.quantity>0.000000</in_Quantity.quantity><out_Quantity.quantity>717.232137</out_Quantity.quantity></Point><Point><position>5654</position><in_Quantity.quantity>0.000000</in_Quantity.quantity><out_Quantity.quantity>522.741334</out_Quantity.quantity></Point><Point><position>5655</position><in_Quantity.quantity>0.000000</in_Quantity.quantity><out_Quantity.quantity>494.978703</out_Quantity.quantity></Point><Point><position>5656</position><in_Quantity.quantity>0.000000</in_Quantity.quantity><out_Quantity.quantity>637.865833</out_Quantity.quantity></Point><Point><position>5657</position><in_Quantity.quantity>0.000000</in_Quantity.quantity><out_Quantity.quantity>505.271301</out_Quantity.quantity></Point><Point><position>5658</position><in_Quantity.quantity>0.000000</in_Quantity.quantity><out_Quantity.quantity>627.558352</out_Quantity.quantity></Point><Point><position>5659</position><in_Quantity.quantity>0.000000</in_Quantity.quantity><out_Quantity.quantity>150.636280</out_Quantity.quantity></Point><Point><position>5660</position><in_Quantity.quantity>0.000000</in_Quantity.quantity><out_Quantity.quantity>857.897479</out_Quantity.quantity></Point><Point><position>5661</position><in_Quantity.quantity>0.000000</in_Quantity.quantity><out_Quantity.quantity>267.046347</out_Quantity.quantity></Point><Point><position>5662</position><in_Quantity.quantity>0.000000</in_Quantity.quantity><out_Quantity.quantity>189.783669</out_Quantity.quantity></Point><Point><position>5663</position><in_Quantity.quantity>0.000000</in_Quantity.quantity><out_Quantity.quantity>662.186218</out_Quantity.quantity></Point><Point><position>5664</position><in_Quantity.quantity>0.000000</in_Quantity.quantity><out_Quantity.quantity>521.412044</out_Quantity.quantity></Point><Point><position>5665</position><in_Quantity.quantity>0.000000</in_Quantity.quantity><out_Quantity.quantity>777.255175</out_Quantity.quantity></Point><Point><position>5666</position><in_Quantity.quantity>0.000000</in_Quantity.quantity><out_Quantity.quantity>586.853228</out_Quantity.quantity></Point><Point><position>5667</position><in_Quantity.quantity>0.000000</in_Quantity.quantity><out_Quantity.quantity>383.284102</out_Quantity.quantity></Point><Point><position>5668</position><in_Quantity.quantity>0.000000</in_Quantity.quantity><out_Quantity.quantity>977.276275</out_Quantity.quantity></Point><Point><position>5669</position><in_Quantity.quantity>0.000000</in_Quantity.quantity><out_Quantity.quantity>495.015266</out_Quantity.quantity></Point><Point><position>5670</position><in_Quantity.quantity>0.000000</in_Quantity.quantity><out_Quantity.quantity>652.806009</out_Quantity.quantity></Point><Point><position>5671</position><in_Quantity.quantity>0.000000</in_Quantity.quantity><out_Quantity.quantity>505.018846</out_Quantity.quantity></Point><Point><position>5672</position><in_Quantity.quantity>0.000000</in_Quantity.quantity><out_Quantity.quantity>588.244969</out_Quantity.quantity></Point><Point><position>5673</position><in_Quantity.quantity>0.000000</in_Quantity.quantity><out_Quantity.quantity>205.516840</out_Quantity.quantity></Point><Point><position>5674</position><in_Quantity.quantity>0.000000</in_Quantity.quantity><out_Quantity.quantity>803.430690</out_Quantity.quantity></Point><Point><position>5675</position><in_Quantity.quantity>0.000000</in_Quantity.quantity><out_Quantity.quantity>806.811455</out_Quantity.quantity></Point><Point><position>5676</position><in_Quantity.quantity>0.000000</in_Quantity.quantity><out_Quantity.quantity>583.779102</out_Quantity.quantity></Point><Point><position>5677</position><in_Quantity.quantity>0.000000</in_Quantity.quantity><out_Quantity.quantity>686.476640</out_Quantity.quantity></Point><Point><position>5678</position><in_Quantity.quantity>0.000000</in_Quantity.quantity><out_Quantity.quantity>238.506656</out_Quantity.quantity></Point><Point><position>5679</position><in_Quantity.quantity>0.000000</in_Quantity.quantity><out_Quantity.quantity>639.361319</out_Quantity.quantity></Point><Point><position>5680</position><in_Quantity.quantity>0.000000</in_Quantity.quantity><out_Quantity.quantity>741.051505</out_Quantity.quantity></Point><Point><position>5681</position><in_Quantity.quantity>0.000000</in_Quantity.quantity><out_Quantity.quantity>552.786373</out_Quantity.quantity></Point><Point><position>5682</position><in_Quantity.quantity>0.000000</in_Quantity.quantity><out_Quantity.quantity>223.994247</out_Quantity.quantity></Point><Point><position>5683</position><in_Quantity.quantity>0.000000</in_Quantity.quantity><out_Quantity.quantity>102.101193</out_Quantity.quantity></Point><Point><position>5684</position><in_Quantity.quantity>0.000000</in_Quantity.quantity><out_Quantity.quantity>879.118162</out_Quantity.quantity></Point><Point><position>5685</position><in_Quantity.quantity>0.000000</in_Quantity.quantity><out_Quantity.quantity>754.776436</out_Quantity.quantity></Point><Point><position>5686</position><in_Quantity.quantity>0.000000</in_Quantity.quantity><out_Quantity.quantity>932.360063</out_Quantity.quantity></Point><Point><position>5687</position><in_Quantity.quantity>0.000000</in_Quantity.quantity><out_Quantity.quantity>282.499993</out_Quantity.quantity></Point><Point><position>5688</position><in_Quantity.quantity>0.000000</in_Quantity.quantity><out_Quantity.quantity>714.005150</out_Quantity.quantity></Point><Point><position>5689</position><in_Quantity.quantity>0.000000</in_Quantity.quantity><out_Quantity.quantity>512.965651</out_Quantity.quantity></Point><Point><position>5690</position><in_Quantity.quantity>0.000000</in_Quantity.quantity><out_Quantity.quantity>705.754251</out_Quantity.quantity></Point><Point><position>5691</position><in_Quantity.quantity>0.000000</in_Quantity.quantity><out_Quantity.quantity>758.457423</out_Quantity.quantity></Point><Point><position>5692</position><in_Quantity.quantity>0.000000</in_Quantity.quantity><out_Quantity.quantity>163.789771</out_Quantity.quantity></Point><Point><position>5693</position><in_Quantity.quantity>0.000000</in_Quantity.quantity><out_Quantity.quantity>893.749330</out_Quantity.quantity></Point><Point><position>5694</position><in_Quantity.quantity>0.000000</in_Quantity.quantity><out_Quantity.quantity>304.086690</out_Quantity.quantity></Point><Point><position>5695</position><in_Quantity.quantity>0.000000</in_Quantity.quantity><out_Quantity.quantity>929.389883</out_Quantity.quantity></Point><Point><position>5696</position><in_Quantity.quantity>0.000000</in_Quantity.quantity><out_Quantity.quantity>597.931574</out_Quantity.quantity></Point><Point><position>5697</position><in_Quantity.quantity>0.000000</in_Quantity.quantity><out_Quantity.quantity>477.022060</out_Quantity.quantity></Point><Point><position>5698</position><in_Quantity.quantity>0.000000</in_Quantity.quantity><out_Quantity.quantity>964.018837</out_Quantity.quantity></Point><Point><position>5699</position><in_Quantity.quantity>0.000000</in_Quantity.quantity><out_Quantity.quantity>755.331753</out_Quantity.quantity></Point><Point><position>5700</position><in_Quantity.quantity>0.000000</in_Quantity.quantity><out_Quantity.quantity>466.193599</out_Quantity.quantity></Point><Point><position>5701</position><in_Quantity.quantity>0.000000</in_Quantity.quantity><out_Quantity.quantity>658.615835</out_Quantity.quantity></Point><Point><position>5702</position><in_Quantity.quantity>0.000000</in_Quantity.quantity><out_Quantity.quantity>26.204503</out_Quantity.quantity></Point><Point><position>5703</position><in_Quantity.quantity>0.000000</in_Quantity.quantity><out_Quantity.quantity>53.950058</out_Quantity.quantity></Point><Point><position>5704</position><in_Quantity.quantity>0.000000</in_Quantity.quantity><out_Quantity.quantity>140.232886</out_Quantity.quantity></Point><Point><position>5705</position><in_Quantity.quantity>0.000000</in_Quantity.quantity><out_Quantity.quantity>4.037752</out_Quantity.quantity></Point><Point><position>5706</position><in_Quantity.quantity>0.000000</in_Quantity.quantity><out_Quantity.quantity>298.139966</out_Quantity.quantity></Point><Point><position>5707</position><in_Quantity.quantity>0.000000</in_Quantity.quantity><out_Quantity.quantity>953.574467</out_Quantity.quantity></Point><Point><position>5708</position><in_Quantity.quantity>0.000000</in_Quantity.quantity><out_Quantity.quantity>451.346129</out_Quantity.quantity></Point><Point><position>5709</position><in_Quantity.quantity>0.000000</in_Quantity.quantity><out_Quantity.quantity>954.586420</out_Quantity.quantity></Point><Point><position>5710</position><in_Quantity.quantity>0.000000</in_Quantity.quantity><out_Quantity.quantity>118.935984</out_Quantity.quantity></Point><Point><position>5711</position><in_Quantity.quantity>0.000000</in_Quantity.quantity><out_Quantity.quantity>437.604777</out_Quantity.quantity></Point><Point><position>5712</position><in_Quantity.quantity>0.000000</in_Quantity.quantity><out_Quantity.quantity>150.109514</out_Quantity.quantity></Point><Point><position>5713</position><in_Quantity.quantity>0.000000</in_Quantity.quantity><out_Quantity.quantity>466.618213</out_Quantity.quantity></Point><Point><position>5714</position><in_Quantity.quantity>0.000000</in_Quantity.quantity><out_Quantity.quantity>20.522434</out_Quantity.quantity></Point><Point><position>5715</position><in_Quantity.quantity>0.000000</in_Quantity.quantity><out_Quantity.quantity>645.126429</out_Quantity.quantity></Point><Point><position>5716</position><in_Quantity.quantity>0.000000</in_Quantity.quantity><out_Quantity.quantity>458.826264</out_Quantity.quantity></Point><Point><position>5717</position><in_Quantity.quantity>0.000000</in_Quantity.quantity><out_Quantity.quantity>281.595558</out_Quantity.quantity></Point><Point><position>5718</position><in_Quantity.quantity>0.000000</in_Quantity.quantity><out_Quantity.quantity>216.659937</out_Quantity.quantity></Point><Point><position>5719</position><in_Quantity.quantity>0.000000</in_Quantity.quantity><out_Quantity.quantity>251.792686</out_Quantity.quantity></Point><Point><position>5720</position><in_Quantity.quantity>0.000000</in_Quantity.quantity><out_Quantity.quantity>915.023626</out_Quantity.quantity></Point><Point><position>5721</position><in_Quantity.quantity>0.000000</in_Quantity.quantity><out_Quantity.quantity>726.497397</out_Quantity.quantity></Point><Point><position>5722</position><in_Quantity.quantity>0.000000</in_Quantity.quantity><out_Quantity.quantity>523.634184</out_Quantity.quantity></Point><Point><position>5723</position><in_Quantity.quantity>0.000000</in_Quantity.quantity><out_Quantity.quantity>937.284630</out_Quantity.quantity></Point><Point><position>5724</position><in_Quantity.quantity>0.000000</in_Quantity.quantity><out_Quantity.quantity>507.715590</out_Quantity.quantity></Point><Point><position>5725</position><in_Quantity.quantity>0.000000</in_Quantity.quantity><out_Quantity.quantity>527.852529</out_Quantity.quantity></Point><Point><position>5726</position><in_Quantity.quantity>0.000000</in_Quantity.quantity><out_Quantity.quantity>920.885607</out_Quantity.quantity></Point><Point><position>5727</position><in_Quantity.quantity>0.000000</in_Quantity.quantity><out_Quantity.quantity>892.633666</out_Quantity.quantity></Point><Point><position>5728</position><in_Quantity.quantity>0.000000</in_Quantity.quantity><out_Quantity.quantity>817.341796</out_Quantity.quantity></Point><Point><position>5729</position><in_Quantity.quantity>0.000000</in_Quantity.quantity><out_Quantity.quantity>886.596047</out_Quantity.quantity></Point><Point><position>5730</position><in_Quantity.quantity>0.000000</in_Quantity.quantity><out_Quantity.quantity>910.353405</out_Quantity.quantity></Point><Point><position>5731</position><in_Quantity.quantity>0.000000</in_Quantity.quantity><out_Quantity.quantity>332.287652</out_Quantity.quantity></Point><Point><position>5732</position><in_Quantity.quantity>0.000000</in_Quantity.quantity><out_Quantity.quantity>336.876055</out_Quantity.quantity></Point><Point><position>5733</position><in_Quantity.quantity>0.000000</in_Quantity.quantity><out_Quantity.quantity>773.624121</out_Quantity.quantity></Point><Point><position>5734</position><in_Quantity.quantity>0.000000</in_Quantity.quantity><out_Quantity.quantity>505.193751</out_Quantity.quantity></Point><Point><position>5735</position><in_Quantity.quantity>0.000000</in_Quantity.quantity><out_Quantity.quantity>57.952646</out_Quantity.quantity></Point><Point><position>5736</position><in_Quantity.quantity>0.000000</in_Quantity.quantity><out_Quantity.quantity>741.953931</out_Quantity.quantity></Point><Point><position>5737</position><in_Quantity.quantity>0.000000</in_Quantity.quantity><out_Quantity.quantity>865.917406</out_Quantity.quantity></Point><Point><position>5738</position><in_Quantity.quantity>0.000000</in_Quantity.quantity><out_Quantity.quantity>615.150036</out_Quantity.quantity></Point><Point><position>5739</position><in_Quantity.quantity>0.000000</in_Quantity.quantity><out_Quantity.quantity>662.076204</out_Quantity.quantity></Point><Point><position>5740</position><in_Quantity.quantity>0.000000</in_Quantity.quantity><out_Quantity.quantity>216.726390</out_Quantity.quantity></Point><Point><position>5741</position><in_Quantity.quantity>0.000000</in_Quantity.quantity><out_Quantity.quantity>972.316032</out_Quantity.quantity></Point><Point><position>5742</position><in_Quantity.quantity>0.000000</in_Quantity.quantity><out_Quantity.quantity>297.509433</out_Quantity.quantity></Point><Point><position>5743</position><in_Quantity.quantity>0.000000</in_Quantity.quantity><out_Quantity.quantity>795.010180</out_Quantity.quantity></Point><Point><position>5744</position><in_Quantity.quantity>0.000000</in_Quantity.quantity><out_Quantity.quantity>106.016068</out_Quantity.quantity></Point><Point><position>5745</position><in_Quantity.quantity>0.000000</in_Quantity.quantity><out_Quantity.quantity>115.820342</out_Quantity.quantity></Point><Point><position>5746</position><in_Quantity.quantity>0.000000</in_Quantity.quantity><out_Quantity.quantity>512.921011</out_Quantity.quantity></Point><Point><position>5747</position><in_Quantity.quantity>0.000000</in_Quantity.quantity><out_Quantity.quantity>484.152143</out_Quantity.quantity></Point><Point><position>5748</position><in_Quantity.quantity>0.000000</in_Quantity.quantity><out_Quantity.quantity>904.666782</out_Quantity.quantity></Point><Point><position>5749</position><in_Quantity.quantity>0.000000</in_Quantity.quantity><out_Quantity.quantity>241.740006</out_Quantity.quantity></Point><Point><position>5750</position><in_Quantity.quantity>0.000000</in_Quantity.quantity><out_Quantity.quantity>204.631569</out_Quantity.quantity></Point><Point><position>5751</position><in_Quantity.quantity>0.000000</in_Quantity.quantity><out_Quantity.quantity>186.427507</out_Quantity.quantity></Point><Point><position>5752</position><in_Quantity.quantity>0.000000</in_Quantity.quantity><out_Quantity.quantity>590.772208</out_Quantity.quantity></Point><Point><position>5753</position><in_Quantity.quantity>0.000000</in_Quantity.quantity><out_Quantity.quantity>217.937351</out_Quantity.quantity></Point><Point><position>5754</position><in_Quantity.quantity>0.000000</in_Quantity.quantity><out_Quantity.quantity>30.762662</out_Quantity.quantity></Point><Point><position>5755</position><in_Quantity.quantity>0.000000</in_Quantity.quantity><out_Quantity.quantity>525.645128</out_Quantity.quantity></Point><Point><position>5756</position><in_Quantity.quantity>0.000000</in_Quantity.quantity><out_Quantity.quantity>269.724333</out_Quantity.quantity></Point><Point><position>5757</position><in_Quantity.quantity>0.000000</in_Quantity.quantity><out_Quantity.quantity>505.901691</out_Quantity.quantity></Point><Point><position>5758</position><in_Quantity.quantity>0.000000</in_Quantity.quantity><out_Quantity.quantity>483.787126</out_Quantity.quantity></Point><Point><position>5759</position><in_Quantity.quantity>0.000000</in_Quantity.quantity><out_Quantity.quantity>470.393120</out_Quantity.quantity></Point><Point><position>5760</position><in_Quantity.quantity>0.000000</in_Quantity.quantity><out_Quantity.quantity>15.228252</out_Quantity.quantity></Point><Point><position>5761</position><in_Quantity.quantity>0.000000</in_Quantity.quantity><out_Quantity.quantity>106.674242</out_Quantity.quantity></Point><Point><position>5762</position><in_Quantity.quantity>0.000000</in_Quantity.quantity><out_Quantity.quantity>878.802492</out_Quantity.quantity></Point><Point><position>5763</position><in_Quantity.quantity>0.000000</in_Quantity.quantity><out_Quantity.quantity>953.621446</out_Quantity.quantity></Point><Point><position>5764</position><in_Quantity.quantity>0.000000</in_Quantity.quantity><out_Quantity.quantity>804.215220</out_Quantity.quantity></Point><Point><position>5765</position><in_Quantity.quantity>0.000000</in_Quantity.quantity><out_Quantity.quantity>450.327582</out_Quantity.quantity></Point><Point><position>5766</position><in_Quantity.quantity>0.000000</in_Quantity.quantity><out_Quantity.quantity>497.880733</out_Quantity.quantity></Point><Point><position>5767</position><in_Quantity.quantity>0.000000</in_Quantity.quantity><out_Quantity.quantity>827.082536</out_Quantity.quantity></Point><Point><position>5768</position><in_Quantity.quantity>0.000000</in_Quantity.quantity><out_Quantity.quantity>25.260405</out_Quantity.quantity></Point><Point><position>5769</position><in_Quantity.quantity>0.000000</in_Quantity.quantity><out_Quantity.quantity>179.287058</out_Quantity.quantity></Point><Point><position>5770</position><in_Quantity.quantity>0.000000</in_Quantity.quantity><out_Quantity.quantity>579.487948</out_Quantity.quantity></Point><Point><position>5771</position><in_Quantity.quantity>0.000000</in_Quantity.quantity><out_Quantity.quantity>357.906157</out_Quantity.quantity></Point><Point><position>5772</position><in_Quantity.quantity>0.000000</in_Quantity.quantity><out_Quantity.quantity>326.300801</out_Quantity.quantity></Point><Point><position>5773</position><in_Quantity.quantity>0.000000</in_Quantity.quantity><out_Quantity.quantity>732.752943</out_Quantity.quantity></Point><Point><position>5774</position><in_Quantity.quantity>0.000000</in_Quantity.quantity><out_Quantity.quantity>401.242641</out_Quantity.quantity></Point><Point><position>5775</position><in_Quantity.quantity>0.000000</in_Quantity.quantity><out_Quantity.quantity>645.933125</out_Quantity.quantity></Point><Point><position>5776</position><in_Quantity.quantity>0.000000</in_Quantity.quantity><out_Quantity.quantity>781.437248</out_Quantity.quantity></Point><Point><position>5777</position><in_Quantity.quantity>0.000000</in_Quantity.quantity><out_Quantity.quantity>706.726718</out_Quantity.quantity></Point><Point><position>5778</position><in_Quantity.quantity>0.000000</in_Quantity.quantity><out_Quantity.quantity>127.326547</out_Quantity.quantity></Point><Point><position>5779</position><in_Quantity.quantity>0.000000</in_Quantity.quantity><out_Quantity.quantity>832.662433</out_Quantity.quantity></Point><Point><position>5780</position><in_Quantity.quantity>0.000000</in_Quantity.quantity><out_Quantity.quantity>975.348682</out_Quantity.quantity></Point><Point><position>5781</position><in_Quantity.quantity>0.000000</in_Quantity.quantity><out_Quantity.quantity>920.314084</out_Quantity.quantity></Point><Point><position>5782</position><in_Quantity.quantity>0.000000</in_Quantity.quantity><out_Quantity.quantity>361.290310</out_Quantity.quantity></Point><Point><position>5783</position><in_Quantity.quantity>0.000000</in_Quantity.quantity><out_Quantity.quantity>407.464368</out_Quantity.quantity></Point><Point><position>5784</position><in_Quantity.quantity>0.000000</in_Quantity.quantity><out_Quantity.quantity>401.634557</out_Quantity.quantity></Point><Point><position>5785</position><in_Quantity.quantity>0.000000</in_Quantity.quantity><out_Quantity.quantity>436.492941</out_Quantity.quantity></Point><Point><position>5786</position><in_Quantity.quantity>0.000000</in_Quantity.quantity><out_Quantity.quantity>378.550372</out_Quantity.quantity></Point><Point><position>5787</position><in_Quantity.quantity>0.000000</in_Quantity.quantity><out_Quantity.quantity>450.176061</out_Quantity.quantity></Point><Point><position>5788</position><in_Quantity.quantity>0.000000</in_Quantity.quantity><out_Quantity.quantity>673.378902</out_Quantity.quantity></Point><Point><position>5789</position><in_Quantity.quantity>0.000000</in_Quantity.quantity><out_Quantity.quantity>325.430033</out_Quantity.quantity></Point><Point><position>5790</position><in_Quantity.quantity>0.000000</in_Quantity.quantity><out_Quantity.quantity>374.705950</out_Quantity.quantity></Point><Point><position>5791</position><in_Quantity.quantity>0.000000</in_Quantity.quantity><out_Quantity.quantity>266.097586</out_Quantity.quantity></Point><Point><position>5792</position><in_Quantity.quantity>0.000000</in_Quantity.quantity><out_Quantity.quantity>276.498614</out_Quantity.quantity></Point><Point><position>5793</position><in_Quantity.quantity>0.000000</in_Quantity.quantity><out_Quantity.quantity>853.661365</out_Quantity.quantity></Point><Point><position>5794</position><in_Quantity.quantity>0.000000</in_Quantity.quantity><out_Quantity.quantity>326.608343</out_Quantity.quantity></Point><Point><position>5795</position><in_Quantity.quantity>0.000000</in_Quantity.quantity><out_Quantity.quantity>526.532452</out_Quantity.quantity></Point><Point><position>5796</position><in_Quantity.quantity>0.000000</in_Quantity.quantity><out_Quantity.quantity>161.121334</out_Quantity.quantity></Point><Point><position>5797</position><in_Quantity.quantity>0.000000</in_Quantity.quantity><out_Quantity.quantity>859.876315</out_Quantity.quantity></Point><Point><position>5798</position><in_Quantity.quantity>0.000000</in_Quantity.quantity><out_Quantity.quantity>401.072974</out_Quantity.quantity></Point><Point><position>5799</position><in_Quantity.quantity>0.000000</in_Quantity.quantity><out_Quantity.quantity>368.922725</out_Quantity.quantity></Point><Point><position>5800</position><in_Quantity.quantity>0.000000</in_Quantity.quantity><out_Quantity.quantity>239.934301</out_Quantity.quantity></Point><Point><position>5801</position><in_Quantity.quantity>0.000000</in_Quantity.quantity><out_Quantity.quantity>353.630874</out_Quantity.quantity></Point><Point><position>5802</position><in_Quantity.quantity>0.000000</in_Quantity.quantity><out_Quantity.quantity>635.706555</out_Quantity.quantity></Point><Point><position>5803</position><in_Quantity.quantity>0.000000</in_Quantity.quantity><out_Quantity.quantity>672.589824</out_Quantity.quantity></Point><Point><position>5804</position><in_Quantity.quantity>0.000000</in_Quantity.quantity><out_Quantity.quantity>813.203549</out_Quantity.quantity></Point><Point><position>5805</position><in_Quantity.quantity>0.000000</in_Quantity.quantity><out_Quantity.quantity>991.310403</out_Quantity.quantity></Point><Point><position>5806</position><in_Quantity.quantity>0.000000</in_Quantity.quantity><out_Quantity.quantity>493.220534</out_Quantity.quantity></Point><Point><position>5807</position><in_Quantity.quantity>0.000000</in_Quantity.quantity><out_Quantity.quantity>76.509681</out_Quantity.quantity></Point><Point><position>5808</position><in_Quantity.quantity>0.000000</in_Quantity.quantity><out_Quantity.quantity>208.554855</out_Quantity.quantity></Point><Point><position>5809</position><in_Quantity.quantity>0.000000</in_Quantity.quantity><out_Quantity.quantity>590.123747</out_Quantity.quantity></Point><Point><position>5810</position><in_Quantity.quantity>0.000000</in_Quantity.quantity><out_Quantity.quantity>947.136559</out_Quantity.quantity></Point><Point><position>5811</position><in_Quantity.quantity>0.000000</in_Quantity.quantity><out_Quantity.quantity>78.976997</out_Quantity.quantity></Point><Point><position>5812</position><in_Quantity.quantity>0.000000</in_Quantity.quantity><out_Quantity.quantity>992.155599</out_Quantity.quantity></Point><Point><position>5813</position><in_Quantity.quantity>0.000000</in_Quantity.quantity><out_Quantity.quantity>0.608575</out_Quantity.quantity></Point><Point><position>5814</position><in_Quantity.quantity>0.000000</in_Quantity.quantity><out_Quantity.quantity>777.119890</out_Quantity.quantity></Point><Point><position>5815</position><in_Quantity.quantity>0.000000</in_Quantity.quantity><out_Quantity.quantity>581.647076</out_Quantity.quantity></Point><Point><position>5816</position><in_Quantity.quantity>0.000000</in_Quantity.quantity><out_Quantity.quantity>613.880372</out_Quantity.quantity></Point><Point><position>5817</position><in_Quantity.quantity>0.000000</in_Quantity.quantity><out_Quantity.quantity>13.680986</out_Quantity.quantity></Point><Point><position>5818</position><in_Quantity.quantity>0.000000</in_Quantity.quantity><out_Quantity.quantity>374.357049</out_Quantity.quantity></Point><Point><position>5819</position><in_Quantity.quantity>0.000000</in_Quantity.quantity><out_Quantity.quantity>391.218107</out_Quantity.quantity></Point><Point><position>5820</position><in_Quantity.quantity>0.000000</in_Quantity.quantity><out_Quantity.quantity>475.371135</out_Quantity.quantity></Point><Point><position>5821</position><in_Quantity.quantity>0.000000</in_Quantity.quantity><out_Quantity.quantity>300.358024</out_Quantity.quantity></Point><Point><position>5822</position><in_Quantity.quantity>0.000000</in_Quantity.quantity><out_Quantity.quantity>212.944227</out_Quantity.quantity></Point><Point><position>5823</position><in_Quantity.quantity>0.000000</in_Quantity.quantity><out_Quantity.quantity>936.009239</out_Quantity.quantity></Point><Point><position>5824</position><in_Quantity.quantity>0.000000</in_Quantity.quantity><out_Quantity.quantity>408.854009</out_Quantity.quantity></Point><Point><position>5825</position><in_Quantity.quantity>0.000000</in_Quantity.quantity><out_Quantity.quantity>735.023665</out_Quantity.quantity></Point><Point><position>5826</position><in_Quantity.quantity>0.000000</in_Quantity.quantity><out_Quantity.quantity>351.219485</out_Quantity.quantity></Point><Point><position>5827</position><in_Quantity.quantity>0.000000</in_Quantity.quantity><out_Quantity.quantity>380.076010</out_Quantity.quantity></Point><Point><position>5828</position><in_Quantity.quantity>0.000000</in_Quantity.quantity><out_Quantity.quantity>114.388780</out_Quantity.quantity></Point><Point><position>5829</position><in_Quantity.quantity>0.000000</in_Quantity.quantity><out_Quantity.quantity>937.612417</out_Quantity.quantity></Point><Point><position>5830</position><in_Quantity.quantity>0.000000</in_Quantity.quantity><out_Quantity.quantity>491.206832</out_Quantity.quantity></Point><Point><position>5831</position><in_Quantity.quantity>0.000000</in_Quantity.quantity><out_Quantity.quantity>280.220232</out_Quantity.quantity></Point><Point><position>5832</position><in_Quantity.quantity>0.000000</in_Quantity.quantity><out_Quantity.quantity>46.007089</out_Quantity.quantity></Point><Point><position>5833</position><in_Quantity.quantity>0.000000</in_Quantity.quantity><out_Quantity.quantity>213.173054</out_Quantity.quantity></Point><Point><position>5834</position><in_Quantity.quantity>0.000000</in_Quantity.quantity><out_Quantity.quantity>920.977411</out_Quantity.quantity></Point><Point><position>5835</position><in_Quantity.quantity>0.000000</in_Quantity.quantity><out_Quantity.quantity>940.655691</out_Quantity.quantity></Point><Point><position>5836</position><in_Quantity.quantity>0.000000</in_Quantity.quantity><out_Quantity.quantity>791.076003</out_Quantity.quantity></Point><Point><position>5837</position><in_Quantity.quantity>0.000000</in_Quantity.quantity><out_Quantity.quantity>729.682651</out_Quantity.quantity></Point><Point><position>5838</position><in_Quantity.quantity>0.000000</in_Quantity.quantity><out_Quantity.quantity>631.343891</out_Quantity.quantity></Point><Point><position>5839</position><in_Quantity.quantity>0.000000</in_Quantity.quantity><out_Quantity.quantity>123.970564</out_Quantity.quantity></Point><Point><position>5840</position><in_Quantity.quantity>0.000000</in_Quantity.quantity><out_Quantity.quantity>634.811288</out_Quantity.quantity></Point><Point><position>5841</position><in_Quantity.quantity>0.000000</in_Quantity.quantity><out_Quantity.quantity>409.637152</out_Quantity.quantity></Point><Point><position>5842</position><in_Quantity.quantity>0.000000</in_Quantity.quantity><out_Quantity.quantity>955.192651</out_Quantity.quantity></Point><Point><position>5843</position><in_Quantity.quantity>0.000000</in_Quantity.quantity><out_Quantity.quantity>167.052122</out_Quantity.quantity></Point><Point><position>5844</position><in_Quantity.quantity>0.000000</in_Quantity.quantity><out_Quantity.quantity>249.857725</out_Quantity.quantity></Point><Point><position>5845</position><in_Quantity.quantity>0.000000</in_Quantity.quantity><out_Quantity.quantity>343.776548</out_Quantity.quantity></Point><Point><position>5846</position><in_Quantity.quantity>0.000000</in_Quantity.quantity><out_Quantity.quantity>644.348250</out_Quantity.quantity></Point><Point><position>5847</position><in_Quantity.quantity>0.000000</in_Quantity.quantity><out_Quantity.quantity>892.888537</out_Quantity.quantity></Point><Point><position>5848</position><in_Quantity.quantity>0.000000</in_Quantity.quantity><out_Quantity.quantity>282.131015</out_Quantity.quantity></Point><Point><position>5849</position><in_Quantity.quantity>0.000000</in_Quantity.quantity><out_Quantity.quantity>400.873949</out_Quantity.quantity></Point><Point><position>5850</position><in_Quantity.quantity>0.000000</in_Quantity.quantity><out_Quantity.quantity>909.704254</out_Quantity.quantity></Point><Point><position>5851</position><in_Quantity.quantity>0.000000</in_Quantity.quantity><out_Quantity.quantity>21.552307</out_Quantity.quantity></Point><Point><position>5852</position><in_Quantity.quantity>0.000000</in_Quantity.quantity><out_Quantity.quantity>650.635824</out_Quantity.quantity></Point><Point><position>5853</position><in_Quantity.quantity>0.000000</in_Quantity.quantity><out_Quantity.quantity>218.750394</out_Quantity.quantity></Point><Point><position>5854</position><in_Quantity.quantity>0.000000</in_Quantity.quantity><out_Quantity.quantity>467.568137</out_Quantity.quantity></Point><Point><position>5855</position><in_Quantity.quantity>0.000000</in_Quantity.quantity><out_Quantity.quantity>121.965903</out_Quantity.quantity></Point><Point><position>5856</position><in_Quantity.quantity>0.000000</in_Quantity.quantity><out_Quantity.quantity>765.792735</out_Quantity.quantity></Point><Point><position>5857</position><in_Quantity.quantity>0.000000</in_Quantity.quantity><out_Quantity.quantity>574.708077</out_Quantity.quantity></Point><Point><position>5858</position><in_Quantity.quantity>0.000000</in_Quantity.quantity><out_Quantity.quantity>51.929086</out_Quantity.quantity></Point><Point><position>5859</position><in_Quantity.quantity>0.000000</in_Quantity.quantity><out_Quantity.quantity>843.019201</out_Quantity.quantity></Point><Point><position>5860</position><in_Quantity.quantity>0.000000</in_Quantity.quantity><out_Quantity.quantity>63.455995</out_Quantity.quantity></Point><Point><position>5861</position><in_Quantity.quantity>0.000000</in_Quantity.quantity><out_Quantity.quantity>122.495287</out_Quantity.quantity></Point><Point><position>5862</position><in_Quantity.quantity>0.000000</in_Quantity.quantity><out_Quantity.quantity>181.182818</out_Quantity.quantity></Point><Point><position>5863</position><in_Quantity.quantity>0.000000</in_Quantity.quantity><out_Quantity.quantity>309.765578</out_Quantity.quantity></Point><Point><position>5864</position><in_Quantity.quantity>0.000000</in_Quantity.quantity><out_Quantity.quantity>24.207148</out_Quantity.quantity></Point><Point><position>5865</position><in_Quantity.quantity>0.000000</in_Quantity.quantity><out_Quantity.quantity>494.689851</out_Quantity.quantity></Point><Point><position>5866</position><in_Quantity.quantity>0.000000</in_Quantity.quantity><out_Quantity.quantity>484.394546</out_Quantity.quantity></Point><Point><position>5867</position><in_Quantity.quantity>0.000000</in_Quantity.quantity><out_Quantity.quantity>47.605853</out_Quantity.quantity></Point><Point><position>5868</position><in_Quantity.quantity>0.000000</in_Quantity.quantity><out_Quantity.quantity>45.342369</out_Quantity.quantity></Point><Point><position>5869</position><in_Quantity.quantity>0.000000</in_Quantity.quantity><out_Quantity.quantity>791.164704</out_Quantity.quantity></Point><Point><position>5870</position><in_Quantity.quantity>0.000000</in_Quantity.quantity><out_Quantity.quantity>286.277865</out_Quantity.quantity></Point><Point><position>5871</position><in_Quantity.quantity>0.000000</in_Quantity.quantity><out_Quantity.quantity>136.242051</out_Quantity.quantity></Point><Point><position>5872</position><in_Quantity.quantity>0.000000</in_Quantity.quantity><out_Quantity.quantity>357.493491</out_Quantity.quantity></Point><Point><position>5873</position><in_Quantity.quantity>0.000000</in_Quantity.quantity><out_Quantity.quantity>112.422235</out_Quantity.quantity></Point><Point><position>5874</position><in_Quantity.quantity>0.000000</in_Quantity.quantity><out_Quantity.quantity>442.651698</out_Quantity.quantity></Point><Point><position>5875</position><in_Quantity.quantity>0.000000</in_Quantity.quantity><out_Quantity.quantity>653.660595</out_Quantity.quantity></Point><Point><position>5876</position><in_Quantity.quantity>0.000000</in_Quantity.quantity><out_Quantity.quantity>297.788728</out_Quantity.quantity></Point><Point><position>5877</position><in_Quantity.quantity>0.000000</in_Quantity.quantity><out_Quantity.quantity>768.820575</out_Quantity.quantity></Point><Point><position>5878</position><in_Quantity.quantity>0.000000</in_Quantity.quantity><out_Quantity.quantity>615.435162</out_Quantity.quantity></Point><Point><position>5879</position><in_Quantity.quantity>0.000000</in_Quantity.quantity><out_Quantity.quantity>102.433076</out_Quantity.quantity></Point><Point><position>5880</position><in_Quantity.quantity>0.000000</in_Quantity.quantity><out_Quantity.quantity>201.424760</out_Quantity.quantity></Point><Point><position>5881</position><in_Quantity.quantity>0.000000</in_Quantity.quantity><out_Quantity.quantity>177.915027</out_Quantity.quantity></Point><Point><position>5882</position><in_Quantity.quantity>0.000000</in_Quantity.quantity><out_Quantity.quantity>806.652286</out_Quantity.quantity></Point><Point><position>5883</position><in_Quantity.quantity>0.000000</in_Quantity.quantity><out_Quantity.quantity>307.914431</out_Quantity.quantity></Point><Point><position>5884</position><in_Quantity.quantity>0.000000</in_Quantity.quantity><out_Quantity.quantity>961.300840</out_Quantity.quantity></Point><Point><position>5885</position><in_Quantity.quantity>0.000000</in_Quantity.quantity><out_Quantity.quantity>302.536017</out_Quantity.quantity></Point><Point><position>5886</position><in_Quantity.quantity>0.000000</in_Quantity.quantity><out_Quantity.quantity>654.883610</out_Quantity.quantity></Point><Point><position>5887</position><in_Quantity.quantity>0.000000</in_Quantity.quantity><out_Quantity.quantity>22.725056</out_Quantity.quantity></Point><Point><position>5888</position><in_Quantity.quantity>0.000000</in_Quantity.quantity><out_Quantity.quantity>94.656987</out_Quantity.quantity></Point><Point><position>5889</position><in_Quantity.quantity>0.000000</in_Quantity.quantity><out_Quantity.quantity>193.261323</out_Quantity.quantity></Point><Point><position>5890</position><in_Quantity.quantity>0.000000</in_Quantity.quantity><out_Quantity.quantity>202.343210</out_Quantity.quantity></Point><Point><position>5891</position><in_Quantity.quantity>0.000000</in_Quantity.quantity><out_Quantity.quantity>233.184300</out_Quantity.quantity></Point><Point><position>5892</position><in_Quantity.quantity>0.000000</in_Quantity.quantity><out_Quantity.quantity>231.201236</out_Quantity.quantity></Point><Point><position>5893</position><in_Quantity.quantity>0.000000</in_Quantity.quantity><out_Quantity.quantity>238.140946</out_Quantity.quantity></Point><Point><position>5894</position><in_Quantity.quantity>0.000000</in_Quantity.quantity><out_Quantity.quantity>539.475465</out_Quantity.quantity></Point><Point><position>5895</position><in_Quantity.quantity>0.000000</in_Quantity.quantity><out_Quantity.quantity>1.999717</out_Quantity.quantity></Point><Point><position>5896</position><in_Quantity.quantity>0.000000</in_Quantity.quantity><out_Quantity.quantity>228.711811</out_Quantity.quantity></Point><Point><position>5897</position><in_Quantity.quantity>0.000000</in_Quantity.quantity><out_Quantity.quantity>555.937553</out_Quantity.quantity></Point><Point><position>5898</position><in_Quantity.quantity>0.000000</in_Quantity.quantity><out_Quantity.quantity>124.016903</out_Quantity.quantity></Point><Point><position>5899</position><in_Quantity.quantity>0.000000</in_Quantity.quantity><out_Quantity.quantity>303.335253</out_Quantity.quantity></Point><Point><position>5900</position><in_Quantity.quantity>0.000000</in_Quantity.quantity><out_Quantity.quantity>481.492719</out_Quantity.quantity></Point><Point><position>5901</position><in_Quantity.quantity>0.000000</in_Quantity.quantity><out_Quantity.quantity>465.966081</out_Quantity.quantity></Point><Point><position>5902</position><in_Quantity.quantity>0.000000</in_Quantity.quantity><out_Quantity.quantity>693.402266</out_Quantity.quantity></Point><Point><position>5903</position><in_Quantity.quantity>0.000000</in_Quantity.quantity><out_Quantity.quantity>661.559177</out_Quantity.quantity></Point><Point><position>5904</position><in_Quantity.quantity>0.000000</in_Quantity.quantity><out_Quantity.quantity>145.629741</out_Quantity.quantity></Point><Point><position>5905</position><in_Quantity.quantity>0.000000</in_Quantity.quantity><out_Quantity.quantity>165.153806</out_Quantity.quantity></Point><Point><position>5906</position><in_Quantity.quantity>0.000000</in_Quantity.quantity><out_Quantity.quantity>969.637618</out_Quantity.quantity></Point><Point><position>5907</position><in_Quantity.quantity>0.000000</in_Quantity.quantity><out_Quantity.quantity>26.173834</out_Quantity.quantity></Point><Point><position>5908</position><in_Quantity.quantity>0.000000</in_Quantity.quantity><out_Quantity.quantity>681.659647</out_Quantity.quantity></Point><Point><position>5909</position><in_Quantity.quantity>0.000000</in_Quantity.quantity><out_Quantity.quantity>983.378244</out_Quantity.quantity></Point><Point><position>5910</position><in_Quantity.quantity>0.000000</in_Quantity.quantity><out_Quantity.quantity>498.271439</out_Quantity.quantity></Point><Point><position>5911</position><in_Quantity.quantity>0.000000</in_Quantity.quantity><out_Quantity.quantity>411.653631</out_Quantity.quantity></Point><Point><position>5912</position><in_Quantity.quantity>0.000000</in_Quantity.quantity><out_Quantity.quantity>745.770986</out_Quantity.quantity></Point><Point><position>5913</position><in_Quantity.quantity>0.000000</in_Quantity.quantity><out_Quantity.quantity>595.390601</out_Quantity.quantity></Point><Point><position>5914</position><in_Quantity.quantity>0.000000</in_Quantity.quantity><out_Quantity.quantity>882.516224</out_Quantity.quantity></Point><Point><position>5915</position><in_Quantity.quantity>0.000000</in_Quantity.quantity><out_Quantity.quantity>903.143332</out_Quantity.quantity></Point><Point><position>5916</position><in_Quantity.quantity>0.000000</in_Quantity.quantity><out_Quantity.quantity>746.647099</out_Quantity.quantity></Point><Point><position>5917</position><in_Quantity.quantity>0.000000</in_Quantity.quantity><out_Quantity.quantity>218.269498</out_Quantity.quantity></Point><Point><position>5918</position><in_Quantity.quantity>0.000000</in_Quantity.quantity><out_Quantity.quantity>876.029120</out_Quantity.quantity></Point><Point><position>5919</position><in_Quantity.quantity>0.000000</in_Quantity.quantity><out_Quantity.quantity>316.504398</out_Quantity.quantity></Point><Point><position>5920</position><in_Quantity.quantity>0.000000</in_Quantity.quantity><out_Quantity.quantity>654.147191</out_Quantity.quantity></Point><Point><position>5921</position><in_Quantity.quantity>0.000000</in_Quantity.quantity><out_Quantity.quantity>524.965045</out_Quantity.quantity></Point><Point><position>5922</position><in_Quantity.quantity>0.000000</in_Quantity.quantity><out_Quantity.quantity>506.642519</out_Quantity.quantity></Point><Point><position>5923</position><in_Quantity.quantity>0.000000</in_Quantity.quantity><out_Quantity.quantity>888.582410</out_Quantity.quantity></Point><Point><position>5924</position><in_Quantity.quantity>0.000000</in_Quantity.quantity><out_Quantity.quantity>264.201267</out_Quantity.quantity></Point><Point><position>5925</position><in_Quantity.quantity>0.000000</in_Quantity.quantity><out_Quantity.quantity>275.979183</out_Quantity.quantity></Point><Point><position>5926</position><in_Quantity.quantity>0.000000</in_Quantity.quantity><out_Quantity.quantity>167.572840</out_Quantity.quantity></Point><Point><position>5927</position><in_Quantity.quantity>0.000000</in_Quantity.quantity><out_Quantity.quantity>132.167183</out_Quantity.quantity></Point><Point><position>5928</position><in_Quantity.quantity>0.000000</in_Quantity.quantity><out_Quantity.quantity>823.954564</out_Quantity.quantity></Point><Point><position>5929</position><in_Quantity.quantity>0.000000</in_Quantity.quantity><out_Quantity.quantity>472.797705</out_Quantity.quantity></Point><Point><position>5930</position><in_Quantity.quantity>0.000000</in_Quantity.quantity><out_Quantity.quantity>39.833139</out_Quantity.quantity></Point><Point><position>5931</position><in_Quantity.quantity>0.000000</in_Quantity.quantity><out_Quantity.quantity>428.554377</out_Quantity.quantity></Point><Point><position>5932</position><in_Quantity.quantity>0.000000</in_Quantity.quantity><out_Quantity.quantity>288.177493</out_Quantity.quantity></Point><Point><position>5933</position><in_Quantity.quantity>0.000000</in_Quantity.quantity><out_Quantity.quantity>28.632611</out_Quantity.quantity></Point><Point><position>5934</position><in_Quantity.quantity>0.000000</in_Quantity.quantity><out_Quantity.quantity>733.760378</out_Quantity.quantity></Point><Point><position>5935</position><in_Quantity.quantity>0.000000</in_Quantity.quantity><out_Quantity.quantity>47.685546</out_Quantity.quantity></Point><Point><position>5936</position><in_Quantity.quantity>0.000000</in_Quantity.quantity><out_Quantity.quantity>207.041575</out_Quantity.quantity></Point><Point><position>5937</position><in_Quantity.quantity>0.000000</in_Quantity.quantity><out_Quantity.quantity>644.738482</out_Quantity.quantity></Point><Point><position>5938</position><in_Quantity.quantity>0.000000</in_Quantity.quantity><out_Quantity.quantity>443.198071</out_Quantity.quantity></Point><Point><position>5939</position><in_Quantity.quantity>0.000000</in_Quantity.quantity><out_Quantity.quantity>499.404978</out_Quantity.quantity></Point><Point><position>5940</position><in_Quantity.quantity>0.000000</in_Quantity.quantity><out_Quantity.quantity>853.131661</out_Quantity.quantity></Point><Point><position>5941</position><in_Quantity.quantity>0.000000</in_Quantity.quantity><out_Quantity.quantity>460.690591</out_Quantity.quantity></Point><Point><position>5942</position><in_Quantity.quantity>0.000000</in_Quantity.quantity><out_Quantity.quantity>676.220889</out_Quantity.quantity></Point><Point><position>5943</position><in_Quantity.quantity>0.000000</in_Quantity.quantity><out_Quantity.quantity>89.470130</out_Quantity.quantity></Point><Point><position>5944</position><in_Quantity.quantity>0.000000</in_Quantity.quantity><out_Quantity.quantity>29.540789</out_Quantity.quantity></Point><Point><position>5945</position><in_Quantity.quantity>0.000000</in_Quantity.quantity><out_Quantity.quantity>959.221478</out_Quantity.quantity></Point><Point><position>5946</position><in_Quantity.quantity>0.000000</in_Quantity.quantity><out_Quantity.quantity>877.157459</out_Quantity.quantity></Point><Point><position>5947</position><in_Quantity.quantity>0.000000</in_Quantity.quantity><out_Quantity.quantity>292.248278</out_Quantity.quantity></Point><Point><position>5948</position><in_Quantity.quantity>0.000000</in_Quantity.quantity><out_Quantity.quantity>41.467672</out_Quantity.quantity></Point><Point><position>5949</position><in_Quantity.quantity>0.000000</in_Quantity.quantity><out_Quantity.quantity>499.911153</out_Quantity.quantity></Point><Point><position>5950</position><in_Quantity.quantity>0.000000</in_Quantity.quantity><out_Quantity.quantity>105.539884</out_Quantity.quantity></Point><Point><position>5951</position><in_Quantity.quantity>0.000000</in_Quantity.quantity><out_Quantity.quantity>928.185598</out_Quantity.quantity></Point><Point><position>5952</position><in_Quantity.quantity>0.000000</in_Quantity.quantity><out_Quantity.quantity>585.551812</out_Quantity.quantity></Point><Point><position>5953</position><in_Quantity.quantity>0.000000</in_Quantity.quantity><out_Quantity.quantity>404.705927</out_Quantity.quantity></Point><Point><position>5954</position><in_Quantity.quantity>0.000000</in_Quantity.quantity><out_Quantity.quantity>708.694042</out_Quantity.quantity></Point><Point><position>5955</position><in_Quantity.quantity>0.000000</in_Quantity.quantity><out_Quantity.quantity>111.694704</out_Quantity.quantity></Point><Point><position>5956</position><in_Quantity.quantity>0.000000</in_Quantity.quantity><out_Quantity.quantity>550.458148</out_Quantity.quantity></Point><Point><position>5957</position><in_Quantity.quantity>0.000000</in_Quantity.quantity><out_Quantity.quantity>433.266053</out_Quantity.quantity></Point><Point><position>5958</position><in_Quantity.quantity>0.000000</in_Quantity.quantity><out_Quantity.quantity>161.910265</out_Quantity.quantity></Point><Point><position>5959</position><in_Quantity.quantity>0.000000</in_Quantity.quantity><out_Quantity.quantity>392.592067</out_Quantity.quantity></Point><Point><position>5960</position><in_Quantity.quantity>0.000000</in_Quantity.quantity><out_Quantity.quantity>250.772991</out_Quantity.quantity></Point><Point><position>5961</position><in_Quantity.quantity>0.000000</in_Quantity.quantity><out_Quantity.quantity>93.830971</out_Quantity.quantity></Point><Point><position>5962</position><in_Quantity.quantity>0.000000</in_Quantity.quantity><out_Quantity.quantity>847.060757</out_Quantity.quantity></Point><Point><position>5963</position><in_Quantity.quantity>0.000000</in_Quantity.quantity><out_Quantity.quantity>199.039923</out_Quantity.quantity></Point><Point><position>5964</position><in_Quantity.quantity>0.000000</in_Quantity.quantity><out_Quantity.quantity>519.116689</out_Quantity.quantity></Point><Point><position>5965</position><in_Quantity.quantity>0.000000</in_Quantity.quantity><out_Quantity.quantity>671.586845</out_Quantity.quantity></Point><Point><position>5966</position><in_Quantity.quantity>0.000000</in_Quantity.quantity><out_Quantity.quantity>33.217825</out_Quantity.quantity></Point><Point><position>5967</position><in_Quantity.quantity>0.000000</in_Quantity.quantity><out_Quantity.quantity>45.667530</out_Quantity.quantity></Point><Point><position>5968</position><in_Quantity.quantity>0.000000</in_Quantity.quantity><out_Quantity.quantity>411.227927</out_Quantity.quantity></Point><Point><position>5969</position><in_Quantity.quantity>0.000000</in_Quantity.quantity><out_Quantity.quantity>986.378080</out_Quantity.quantity></Point><Point><position>5970</position><in_Quantity.quantity>0.000000</in_Quantity.quantity><out_Quantity.quantity>806.737298</out_Quantity.quantity></Point><Point><position>5971</position><in_Quantity.quantity>0.000000</in_Quantity.quantity><out_Quantity.quantity>428.088712</out_Quantity.quantity></Point><Point><position>5972</position><in_Quantity.quantity>0.000000</in_Quantity.quantity><out_Quantity.quantity>723.015352</out_Quantity.quantity></Point><Point><position>5973</position><in_Quantity.quantity>0.000000</in_Quantity.quantity><out_Quantity.quantity>831.873037</out_Quantity.quantity></Point><Point><position>5974</position><in_Quantity.quantity>0.000000</in_Quantity.quantity><out_Quantity.quantity>884.520399</out_Quantity.quantity></Point><Point><position>5975</position><in_Quantity.quantity>0.000000</in_Quantity.quantity><out_Quantity.quantity>3.166341</out_Quantity.quantity></Point><Point><position>5976</position><in_Quantity.quantity>0.000000</in_Quantity.quantity><out_Quantity.quantity>338.169066</out_Quantity.quantity></Point><Point><position>5977</position><in_Quantity.quantity>0.000000</in_Quantity.quantity><out_Quantity.quantity>223.830440</out_Quantity.quantity></Point><Point><position>5978</position><in_Quantity.quantity>0.000000</in_Quantity.quantity><out_Quantity.quantity>713.413924</out_Quantity.quantity></Point><Point><position>5979</position><in_Quantity.quantity>0.000000</in_Quantity.quantity><out_Quantity.quantity>592.982671</out_Quantity.quantity></Point><Point><position>5980</position><in_Quantity.quantity>0.000000</in_Quantity.quantity><out_Quantity.quantity>791.765963</out_Quantity.quantity></Point><Point><position>5981</position><in_Quantity.quantity>0.000000</in_Quantity.quantity><out_Quantity.quantity>527.397019</out_Quantity.quantity></Point><Point><position>5982</position><in_Quantity.quantity>0.000000</in_Quantity.quantity><out_Quantity.quantity>369.127985</out_Quantity.quantity></Point><Point><position>5983</position><in_Quantity.quantity>0.000000</in_Quantity.quantity><out_Quantity.quantity>943.553829</out_Quantity.quantity></Point><Point><position>5984</position><in_Quantity.quantity>0.000000</in_Quantity.quantity><out_Quantity.quantity>376.608846</out_Quantity.quantity></Point><Point><position>5985</position><in_Quantity.quantity>0.000000</in_Quantity.quantity><out_Quantity.quantity>474.427567</out_Quantity.quantity></Point><Point><position>5986</position><in_Quantity.quantity>0.000000</in_Quantity.quantity><out_Quantity.quantity>309.265846</out_Quantity.quantity></Point><Point><position>5987</position><in_Quantity.quantity>0.000000</in_Quantity.quantity><out_Quantity.quantity>137.018143</out_Quantity.quantity></Point><Point><position>5988</position><in_Quantity.quantity>0.000000</in_Quantity.quantity><out_Quantity.quantity>545.710636</out_Quantity.quantity></Point><Point><position>5989</position><in_Quantity.quantity>0.000000</in_Quantity.quantity><out_Quantity.quantity>570.494005</out_Quantity.quantity></Point><Point><position>5990</position><in_Quantity.quantity>0.000000</in_Quantity.quantity><out_Quantity.quantity>854.315959</out_Quantity.quantity></Point><Point><position>5991</position><in_Quantity.quantity>0.000000</in_Quantity.quantity><out_Quantity.quantity>46.280276</out_Quantity.quantity></Point><Point><position>5992</position><in_Quantity.quantity>0.000000</in_Quantity.quantity><out_Quantity.quantity>201.187944</out_Quantity.quantity></Point><Point><position>5993</position><in_Quantity.quantity>0.000000</in_Quantity.quantity><out_Quantity.quantity>313.442735</out_Quantity.quantity></Point><Point><position>5994</position><in_Quantity.quantity>0.000000</in_Quantity.quantity><out_Quantity.quantity>730.425612</out_Quantity.quantity></Point><Point><position>5995</position><in_Quantity.quantity>0.000000</in_Quantity.quantity><out_Quantity.quantity>556.418105</out_Quantity.quantity></Point><Point><position>5996</position><in_Quantity.quantity>0.000000</in_Quantity.quantity><out_Quantity.quantity>2.670197</out_Quantity.quantity></Point><Point><position>5997</position><in_Quantity.quantity>0.000000</in_Quantity.quantity><out_Quantity.quantity>483.289371</out_Quantity.quantity></Point><Point><position>5998</position><in_Quantity.quantity>0.000000</in_Quantity.quantity><out_Quantity.quantity>42.770831</out_Quantity.quantity></Point><Point><position>5999</position><in_Quantity.quantity>0.000000</in_Quantity.quantity><out_Quantity.quantity>197.133566</out_Quantity.quantity></Point><Point><position>6000</position><in_Quantity.quantity>0.000000</in_Quantity.quantity><out_Quantity.quantity>174.850630</out_Quantity.quantity></Point><Point><position>6001</position><in_Quantity.quantity>0.000000</in_Quantity.quantity><out_Quantity.quantity>193.196773</out_Quantity.quantity></Point><Point><position>6002</position><in_Quantity.quantity>0.000000</in_Quantity.quantity><out_Quantity.quantity>814.685389</out_Quantity.quantity></Point><Point><position>6003</position><in_Quantity.quantity>0.000000</in_Quantity.quantity><out_Quantity.quantity>945.189671</out_Quantity.quantity></Point><Point><position>6004</position><in_Quantity.quantity>0.000000</in_Quantity.quantity><out_Quantity.quantity>739.428852</out_Quantity.quantity></Point><Point><position>6005</position><in_Quantity.quantity>0.000000</in_Quantity.quantity><out_Quantity.quantity>457.961267</out_Quantity.quantity></Point><Point><position>6006</position><in_Quantity.quantity>0.000000</in_Quantity.quantity><out_Quantity.quantity>943.297358</out_Quantity.quantity></Point><Point><position>6007</position><in_Quantity.quantity>0.000000</in_Quantity.quantity><out_Quantity.quantity>161.465861</out_Quantity.quantity></Point><Point><position>6008</position><in_Quantity.quantity>0.000000</in_Quantity.quantity><out_Quantity.quantity>561.430139</out_Quantity.quantity></Point><Point><position>6009</position><in_Quantity.quantity>0.000000</in_Quantity.quantity><out_Quantity.quantity>439.210573</out_Quantity.quantity></Point><Point><position>6010</position><in_Quantity.quantity>0.000000</in_Quantity.quantity><out_Quantity.quantity>102.822274</out_Quantity.quantity></Point><Point><position>6011</position><in_Quantity.quantity>0.000000</in_Quantity.quantity><out_Quantity.quantity>683.222390</out_Quantity.quantity></Point><Point><position>6012</position><in_Quantity.quantity>0.000000</in_Quantity.quantity><out_Quantity.quantity>269.395830</out_Quantity.quantity></Point><Point><position>6013</position><in_Quantity.quantity>0.000000</in_Quantity.quantity><out_Quantity.quantity>434.130309</out_Quantity.quantity></Point><Point><position>6014</position><in_Quantity.quantity>0.000000</in_Quantity.quantity><out_Quantity.quantity>813.860348</out_Quantity.quantity></Point><Point><position>6015</position><in_Quantity.quantity>0.000000</in_Quantity.quantity><out_Quantity.quantity>689.681324</out_Quantity.quantity></Point><Point><position>6016</position><in_Quantity.quantity>0.000000</in_Quantity.quantity><out_Quantity.quantity>693.242051</out_Quantity.quantity></Point><Point><position>6017</position><in_Quantity.quantity>0.000000</in_Quantity.quantity><out_Quantity.quantity>571.546863</out_Quantity.quantity></Point><Point><position>6018</position><in_Quantity.quantity>0.000000</in_Quantity.quantity><out_Quantity.quantity>87.783308</out_Quantity.quantity></Point><Point><position>6019</position><in_Quantity.quantity>0.000000</in_Quantity.quantity><out_Quantity.quantity>410.649177</out_Quantity.quantity></Point><Point><position>6020</position><in_Quantity.quantity>0.000000</in_Quantity.quantity><out_Quantity.quantity>177.015400</out_Quantity.quantity></Point><Point><position>6021</position><in_Quantity.quantity>0.000000</in_Quantity.quantity><out_Quantity.quantity>62.567544</out_Quantity.quantity></Point><Point><position>6022</position><in_Quantity.quantity>0.000000</in_Quantity.quantity><out_Quantity.quantity>41.353374</out_Quantity.quantity></Point><Point><position>6023</position><in_Quantity.quantity>0.000000</in_Quantity.quantity><out_Quantity.quantity>127.189625</out_Quantity.quantity></Point><Point><position>6024</position><in_Quantity.quantity>0.000000</in_Quantity.quantity><out_Quantity.quantity>37.733161</out_Quantity.quantity></Point><Point><position>6025</position><in_Quantity.quantity>0.000000</in_Quantity.quantity><out_Quantity.quantity>499.837974</out_Quantity.quantity></Point><Point><position>6026</position><in_Quantity.quantity>0.000000</in_Quantity.quantity><out_Quantity.quantity>482.035548</out_Quantity.quantity></Point><Point><position>6027</position><in_Quantity.quantity>0.000000</in_Quantity.quantity><out_Quantity.quantity>212.406067</out_Quantity.quantity></Point><Point><position>6028</position><in_Quantity.quantity>0.000000</in_Quantity.quantity><out_Quantity.quantity>577.786119</out_Quantity.quantity></Point><Point><position>6029</position><in_Quantity.quantity>0.000000</in_Quantity.quantity><out_Quantity.quantity>298.043573</out_Quantity.quantity></Point><Point><position>6030</position><in_Quantity.quantity>0.000000</in_Quantity.quantity><out_Quantity.quantity>357.001842</out_Quantity.quantity></Point><Point><position>6031</position><in_Quantity.quantity>0.000000</in_Quantity.quantity><out_Quantity.quantity>531.566838</out_Quantity.quantity></Point><Point><position>6032</position><in_Quantity.quantity>0.000000</in_Quantity.quantity><out_Quantity.quantity>998.628064</out_Quantity.quantity></Point><Point><position>6033</position><in_Quantity.quantity>0.000000</in_Quantity.quantity><out_Quantity.quantity>202.257554</out_Quantity.quantity></Point><Point><position>6034</position><in_Quantity.quantity>0.000000</in_Quantity.quantity><out_Quantity.quantity>392.968777</out_Quantity.quantity></Point><Point><position>6035</position><in_Quantity.quantity>0.000000</in_Quantity.quantity><out_Quantity.quantity>984.680147</out_Quantity.quantity></Point><Point><position>6036</position><in_Quantity.quantity>0.000000</in_Quantity.quantity><out_Quantity.quantity>817.098984</out_Quantity.quantity></Point><Point><position>6037</position><in_Quantity.quantity>0.000000</in_Quantity.quantity><out_Quantity.quantity>933.962932</out_Quantity.quantity></Point><Point><position>6038</position><in_Quantity.quantity>0.000000</in_Quantity.quantity><out_Quantity.quantity>495.899377</out_Quantity.quantity></Point><Point><position>6039</position><in_Quantity.quantity>0.000000</in_Quantity.quantity><out_Quantity.quantity>751.101003</out_Quantity.quantity></Point><Point><position>6040</position><in_Quantity.quantity>0.000000</in_Quantity.quantity><out_Quantity.quantity>581.913491</out_Quantity.quantity></Point><Point><position>6041</position><in_Quantity.quantity>0.000000</in_Quantity.quantity><out_Quantity.quantity>654.627160</out_Quantity.quantity></Point><Point><position>6042</position><in_Quantity.quantity>0.000000</in_Quantity.quantity><out_Quantity.quantity>997.434874</out_Quantity.quantity></Point><Point><position>6043</position><in_Quantity.quantity>0.000000</in_Quantity.quantity><out_Quantity.quantity>216.666595</out_Quantity.quantity></Point><Point><position>6044</position><in_Quantity.quantity>0.000000</in_Quantity.quantity><out_Quantity.quantity>791.038362</out_Quantity.quantity></Point><Point><position>6045</position><in_Quantity.quantity>0.000000</in_Quantity.quantity><out_Quantity.quantity>632.325469</out_Quantity.quantity></Point><Point><position>6046</position><in_Quantity.quantity>0.000000</in_Quantity.quantity><out_Quantity.quantity>709.579212</out_Quantity.quantity></Point><Point><position>6047</position><in_Quantity.quantity>0.000000</in_Quantity.quantity><out_Quantity.quantity>715.190648</out_Quantity.quantity></Point><Point><position>6048</position><in_Quantity.quantity>0.000000</in_Quantity.quantity><out_Quantity.quantity>935.412513</out_Quantity.quantity></Point><Point><position>6049</position><in_Quantity.quantity>0.000000</in_Quantity.quantity><out_Quantity.quantity>901.213050</out_Quantity.quantity></Point><Point><position>6050</position><in_Quantity.quantity>0.000000</in_Quantity.quantity><out_Quantity.quantity>606.481284</out_Quantity.quantity></Point><Point><position>6051</position><in_Quantity.quantity>0.000000</in_Quantity.quantity><out_Quantity.quantity>203.626403</out_Quantity.quantity></Point><Point><position>6052</position><in_Quantity.quantity>0.000000</in_Quantity.quantity><out_Quantity.quantity>624.956358</out_Quantity.quantity></Point><Point><position>6053</position><in_Quantity.quantity>0.000000</in_Quantity.quantity><out_Quantity.quantity>405.522186</out_Quantity.quantity></Point><Point><position>6054</position><in_Quantity.quantity>0.000000</in_Quantity.quantity><out_Quantity.quantity>796.877281</out_Quantity.quantity></Point><Point><position>6055</position><in_Quantity.quantity>0.000000</in_Quantity.quantity><out_Quantity.quantity>929.043721</out_Quantity.quantity></Point><Point><position>6056</position><in_Quantity.quantity>0.000000</in_Quantity.quantity><out_Quantity.quantity>547.653108</out_Quantity.quantity></Point><Point><position>6057</position><in_Quantity.quantity>0.000000</in_Quantity.quantity><out_Quantity.quantity>205.000921</out_Quantity.quantity></Point><Point><position>6058</position><in_Quantity.quantity>0.000000</in_Quantity.quantity><out_Quantity.quantity>241.576674</out_Quantity.quantity></Point><Point><position>6059</position><in_Quantity.quantity>0.000000</in_Quantity.quantity><out_Quantity.quantity>554.655862</out_Quantity.quantity></Point><Point><position>6060</position><in_Quantity.quantity>0.000000</in_Quantity.quantity><out_Quantity.quantity>660.205271</out_Quantity.quantity></Point><Point><position>6061</position><in_Quantity.quantity>0.000000</in_Quantity.quantity><out_Quantity.quantity>862.401611</out_Quantity.quantity></Point><Point><position>6062</position><in_Quantity.quantity>0.000000</in_Quantity.quantity><out_Quantity.quantity>870.008712</out_Quantity.quantity></Point><Point><position>6063</position><in_Quantity.quantity>0.000000</in_Quantity.quantity><out_Quantity.quantity>178.746249</out_Quantity.quantity></Point><Point><position>6064</position><in_Quantity.quantity>0.000000</in_Quantity.quantity><out_Quantity.quantity>397.376313</out_Quantity.quantity></Point><Point><position>6065</position><in_Quantity.quantity>0.000000</in_Quantity.quantity><out_Quantity.quantity>531.523168</out_Quantity.quantity></Point><Point><position>6066</position><in_Quantity.quantity>0.000000</in_Quantity.quantity><out_Quantity.quantity>682.812603</out_Quantity.quantity></Point><Point><position>6067</position><in_Quantity.quantity>0.000000</in_Quantity.quantity><out_Quantity.quantity>910.201972</out_Quantity.quantity></Point><Point><position>6068</position><in_Quantity.quantity>0.000000</in_Quantity.quantity><out_Quantity.quantity>542.716387</out_Quantity.quantity></Point><Point><position>6069</position><in_Quantity.quantity>0.000000</in_Quantity.quantity><out_Quantity.quantity>361.838850</out_Quantity.quantity></Point><Point><position>6070</position><in_Quantity.quantity>0.000000</in_Quantity.quantity><out_Quantity.quantity>730.863005</out_Quantity.quantity></Point><Point><position>6071</position><in_Quantity.quantity>0.000000</in_Quantity.quantity><out_Quantity.quantity>992.457908</out_Quantity.quantity></Point><Point><position>6072</position><in_Quantity.quantity>0.000000</in_Quantity.quantity><out_Quantity.quantity>871.938917</out_Quantity.quantity></Point><Point><position>6073</position><in_Quantity.quantity>0.000000</in_Quantity.quantity><out_Quantity.quantity>458.263193</out_Quantity.quantity></Point><Point><position>6074</position><in_Quantity.quantity>0.000000</in_Quantity.quantity><out_Quantity.quantity>304.681718</out_Quantity.quantity></Point><Point><position>6075</position><in_Quantity.quantity>0.000000</in_Quantity.quantity><out_Quantity.quantity>785.223560</out_Quantity.quantity></Point><Point><position>6076</position><in_Quantity.quantity>0.000000</in_Quantity.quantity><out_Quantity.quantity>611.295282</out_Quantity.quantity></Point><Point><position>6077</position><in_Quantity.quantity>0.000000</in_Quantity.quantity><out_Quantity.quantity>632.958210</out_Quantity.quantity></Point><Point><position>6078</position><in_Quantity.quantity>0.000000</in_Quantity.quantity><out_Quantity.quantity>758.660347</out_Quantity.quantity></Point><Point><position>6079</position><in_Quantity.quantity>0.000000</in_Quantity.quantity><out_Quantity.quantity>610.280188</out_Quantity.quantity></Point><Point><position>6080</position><in_Quantity.quantity>0.000000</in_Quantity.quantity><out_Quantity.quantity>141.765139</out_Quantity.quantity></Point><Point><position>6081</position><in_Quantity.quantity>0.000000</in_Quantity.quantity><out_Quantity.quantity>846.841076</out_Quantity.quantity></Point><Point><position>6082</position><in_Quantity.quantity>0.000000</in_Quantity.quantity><out_Quantity.quantity>915.355047</out_Quantity.quantity></Point><Point><position>6083</position><in_Quantity.quantity>0.000000</in_Quantity.quantity><out_Quantity.quantity>802.737736</out_Quantity.quantity></Point><Point><position>6084</position><in_Quantity.quantity>0.000000</in_Quantity.quantity><out_Quantity.quantity>35.608751</out_Quantity.quantity></Point><Point><position>6085</position><in_Quantity.quantity>0.000000</in_Quantity.quantity><out_Quantity.quantity>982.483844</out_Quantity.quantity></Point><Point><position>6086</position><in_Quantity.quantity>0.000000</in_Quantity.quantity><out_Quantity.quantity>38.336419</out_Quantity.quantity></Point><Point><position>6087</position><in_Quantity.quantity>0.000000</in_Quantity.quantity><out_Quantity.quantity>855.087220</out_Quantity.quantity></Point><Point><position>6088</position><in_Quantity.quantity>0.000000</in_Quantity.quantity><out_Quantity.quantity>365.650243</out_Quantity.quantity></Point><Point><position>6089</position><in_Quantity.quantity>0.000000</in_Quantity.quantity><out_Quantity.quantity>875.975181</out_Quantity.quantity></Point><Point><position>6090</position><in_Quantity.quantity>0.000000</in_Quantity.quantity><out_Quantity.quantity>301.378163</out_Quantity.quantity></Point><Point><position>6091</position><in_Quantity.quantity>0.000000</in_Quantity.quantity><out_Quantity.quantity>911.584298</out_Quantity.quantity></Point><Point><position>6092</position><in_Quantity.quantity>0.000000</in_Quantity.quantity><out_Quantity.quantity>943.860280</out_Quantity.quantity></Point><Point><position>6093</position><in_Quantity.quantity>0.000000</in_Quantity.quantity><out_Quantity.quantity>149.935984</out_Quantity.quantity></Point><Point><position>6094</position><in_Quantity.quantity>0.000000</in_Quantity.quantity><out_Quantity.quantity>590.308474</out_Quantity.quantity></Point><Point><position>6095</position><in_Quantity.quantity>0.000000</in_Quantity.quantity><out_Quantity.quantity>807.197211</out_Quantity.quantity></Point><Point><position>6096</position><in_Quantity.quantity>0.000000</in_Quantity.quantity><out_Quantity.quantity>275.854198</out_Quantity.quantity></Point><Point><position>6097</position><in_Quantity.quantity>0.000000</in_Quantity.quantity><out_Quantity.quantity>390.510957</out_Quantity.quantity></Point><Point><position>6098</position><in_Quantity.quantity>0.000000</in_Quantity.quantity><out_Quantity.quantity>454.912245</out_Quantity.quantity></Point><Point><position>6099</position><in_Quantity.quantity>0.000000</in_Quantity.quantity><out_Quantity.quantity>768.013532</out_Quantity.quantity></Point><Point><position>6100</position><in_Quantity.quantity>0.000000</in_Quantity.quantity><out_Quantity.quantity>151.864780</out_Quantity.quantity></Point><Point><position>6101</position><in_Quantity.quantity>0.000000</in_Quantity.quantity><out_Quantity.quantity>505.002921</out_Quantity.quantity></Point><Point><position>6102</position><in_Quantity.quantity>0.000000</in_Quantity.quantity><out_Quantity.quantity>308.265580</out_Quantity.quantity></Point><Point><position>6103</position><in_Quantity.quantity>0.000000</in_Quantity.quantity><out_Quantity.quantity>818.750556</out_Quantity.quantity></Point><Point><position>6104</position><in_Quantity.quantity>0.000000</in_Quantity.quantity><out_Quantity.quantity>671.500094</out_Quantity.quantity></Point><Point><position>6105</position><in_Quantity.quantity>0.000000</in_Quantity.quantity><out_Quantity.quantity>639.515591</out_Quantity.quantity></Point><Point><position>6106</position><in_Quantity.quantity>0.000000</in_Quantity.quantity><out_Quantity.quantity>903.094487</out_Quantity.quantity></Point><Point><position>6107</position><in_Quantity.quantity>0.000000</in_Quantity.quantity><out_Quantity.quantity>487.450791</out_Quantity.quantity></Point><Point><position>6108</position><in_Quantity.quantity>0.000000</in_Quantity.quantity><out_Quantity.quantity>15.967290</out_Quantity.quantity></Point><Point><position>6109</position><in_Quantity.quantity>0.000000</in_Quantity.quantity><out_Quantity.quantity>298.512543</out_Quantity.quantity></Point><Point><position>6110</position><in_Quantity.quantity>0.000000</in_Quantity.quantity><out_Quantity.quantity>219.592985</out_Quantity.quantity></Point><Point><position>6111</position><in_Quantity.quantity>0.000000</in_Quantity.quantity><out_Quantity.quantity>276.051541</out_Quantity.quantity></Point><Point><position>6112</position><in_Quantity.quantity>0.000000</in_Quantity.quantity><out_Quantity.quantity>837.689315</out_Quantity.quantity></Point><Point><position>6113</position><in_Quantity.quantity>0.000000</in_Quantity.quantity><out_Quantity.quantity>770.213431</out_Quantity.quantity></Point><Point><position>6114</position><in_Quantity.quantity>0.000000</in_Quantity.quantity><out_Quantity.quantity>801.346690</out_Quantity.quantity></Point><Point><position>6115</position><in_Quantity.quantity>0.000000</in_Quantity.quantity><out_Quantity.quantity>62.168651</out_Quantity.quantity></Point><Point><position>6116</position><in_Quantity.quantity>0.000000</in_Quantity.quantity><out_Quantity.quantity>701.848137</out_Quantity.quantity></Point><Point><position>6117</position><in_Quantity.quantity>0.000000</in_Quantity.quantity><out_Quantity.quantity>876.764004</out_Quantity.quantity></Point><Point><position>6118</position><in_Quantity.quantity>0.000000</in_Quantity.quantity><out_Quantity.quantity>997.266112</out_Quantity.quantity></Point><Point><position>6119</position><in_Quantity.quantity>0.000000</in_Quantity.quantity><out_Quantity.quantity>463.803265</out_Quantity.quantity></Point><Point><position>6120</position><in_Quantity.quantity>0.000000</in_Quantity.quantity><out_Quantity.quantity>969.332532</out_Quantity.quantity></Point><Point><position>6121</position><in_Quantity.quantity>0.000000</in_Quantity.quantity><out_Quantity.quantity>850.884043</out_Quantity.quantity></Point><Point><position>6122</position><in_Quantity.quantity>0.000000</in_Quantity.quantity><out_Quantity.quantity>894.695970</out_Quantity.quantity></Point><Point><position>6123</position><in_Quantity.quantity>0.000000</in_Quantity.quantity><out_Quantity.quantity>781.078377</out_Quantity.quantity></Point><Point><position>6124</position><in_Quantity.quantity>0.000000</in_Quantity.quantity><out_Quantity.quantity>775.227472</out_Quantity.quantity></Point><Point><position>6125</position><in_Quantity.quantity>0.000000</in_Quantity.quantity><out_Quantity.quantity>904.350652</out_Quantity.quantity></Point><Point><position>6126</position><in_Quantity.quantity>0.000000</in_Quantity.quantity><out_Quantity.quantity>6.672791</out_Quantity.quantity></Point><Point><position>6127</position><in_Quantity.quantity>0.000000</in_Quantity.quantity><out_Quantity.quantity>680.929944</out_Quantity.quantity></Point><Point><position>6128</position><in_Quantity.quantity>0.000000</in_Quantity.quantity><out_Quantity.quantity>406.925459</out_Quantity.quantity></Point><Point><position>6129</position><in_Quantity.quantity>0.000000</in_Quantity.quantity><out_Quantity.quantity>681.634447</out_Quantity.quantity></Point><Point><position>6130</position><in_Quantity.quantity>0.000000</in_Quantity.quantity><out_Quantity.quantity>379.255993</out_Quantity.quantity></Point><Point><position>6131</position><in_Quantity.quantity>0.000000</in_Quantity.quantity><out_Quantity.quantity>646.123383</out_Quantity.quantity></Point><Point><position>6132</position><in_Quantity.quantity>0.000000</in_Quantity.quantity><out_Quantity.quantity>611.941952</out_Quantity.quantity></Point><Point><position>6133</position><in_Quantity.quantity>0.000000</in_Quantity.quantity><out_Quantity.quantity>570.344180</out_Quantity.quantity></Point><Point><position>6134</position><in_Quantity.quantity>0.000000</in_Quantity.quantity><out_Quantity.quantity>533.247426</out_Quantity.quantity></Point><Point><position>6135</position><in_Quantity.quantity>0.000000</in_Quantity.quantity><out_Quantity.quantity>754.664198</out_Quantity.quantity></Point><Point><position>6136</position><in_Quantity.quantity>0.000000</in_Quantity.quantity><out_Quantity.quantity>297.024883</out_Quantity.quantity></Point><Point><position>6137</position><in_Quantity.quantity>0.000000</in_Quantity.quantity><out_Quantity.quantity>25.637923</out_Quantity.quantity></Point><Point><position>6138</position><in_Quantity.quantity>0.000000</in_Quantity.quantity><out_Quantity.quantity>552.944811</out_Quantity.quantity></Point><Point><position>6139</position><in_Quantity.quantity>0.000000</in_Quantity.quantity><out_Quantity.quantity>288.916202</out_Quantity.quantity></Point><Point><position>6140</position><in_Quantity.quantity>0.000000</in_Quantity.quantity><out_Quantity.quantity>171.728939</out_Quantity.quantity></Point><Point><position>6141</position><in_Quantity.quantity>0.000000</in_Quantity.quantity><out_Quantity.quantity>1.550565</out_Quantity.quantity></Point><Point><position>6142</position><in_Quantity.quantity>0.000000</in_Quantity.quantity><out_Quantity.quantity>253.220078</out_Quantity.quantity></Point><Point><position>6143</position><in_Quantity.quantity>0.000000</in_Quantity.quantity><out_Quantity.quantity>908.360218</out_Quantity.quantity></Point><Point><position>6144</position><in_Quantity.quantity>0.000000</in_Quantity.quantity><out_Quantity.quantity>640.398259</out_Quantity.quantity></Point><Point><position>6145</position><in_Quantity.quantity>0.000000</in_Quantity.quantity><out_Quantity.quantity>584.270785</out_Quantity.quantity></Point><Point><position>6146</position><in_Quantity.quantity>0.000000</in_Quantity.quantity><out_Quantity.quantity>681.281916</out_Quantity.quantity></Point><Point><position>6147</position><in_Quantity.quantity>0.000000</in_Quantity.quantity><out_Quantity.quantity>240.343750</out_Quantity.quantity></Point><Point><position>6148</position><in_Quantity.quantity>0.000000</in_Quantity.quantity><out_Quantity.quantity>932.250646</out_Quantity.quantity></Point><Point><position>6149</position><in_Quantity.quantity>0.000000</in_Quantity.quantity><out_Quantity.quantity>764.772594</out_Quantity.quantity></Point><Point><position>6150</position><in_Quantity.quantity>0.000000</in_Quantity.quantity><out_Quantity.quantity>342.212670</out_Quantity.quantity></Point><Point><position>6151</position><in_Quantity.quantity>0.000000</in_Quantity.quantity><out_Quantity.quantity>210.783884</out_Quantity.quantity></Point><Point><position>6152</position><in_Quantity.quantity>0.000000</in_Quantity.quantity><out_Quantity.quantity>715.740789</out_Quantity.quantity></Point><Point><position>6153</position><in_Quantity.quantity>0.000000</in_Quantity.quantity><out_Quantity.quantity>150.609648</out_Quantity.quantity></Point><Point><position>6154</position><in_Quantity.quantity>0.000000</in_Quantity.quantity><out_Quantity.quantity>913.979496</out_Quantity.quantity></Point><Point><position>6155</position><in_Quantity.quantity>0.000000</in_Quantity.quantity><out_Quantity.quantity>255.284339</out_Quantity.quantity></Point><Point><position>6156</position><in_Quantity.quantity>0.000000</in_Quantity.quantity><out_Quantity.quantity>623.567572</out_Quantity.quantity></Point><Point><position>6157</position><in_Quantity.quantity>0.000000</in_Quantity.quantity><out_Quantity.quantity>341.755884</out_Quantity.quantity></Point><Point><position>6158</position><in_Quantity.quantity>0.000000</in_Quantity.quantity><out_Quantity.quantity>62.337847</out_Quantity.quantity></Point><Point><position>6159</position><in_Quantity.quantity>0.000000</in_Quantity.quantity><out_Quantity.quantity>161.890595</out_Quantity.quantity></Point><Point><position>6160</position><in_Quantity.quantity>0.000000</in_Quantity.quantity><out_Quantity.quantity>987.925863</out_Quantity.quantity></Point><Point><position>6161</position><in_Quantity.quantity>0.000000</in_Quantity.quantity><out_Quantity.quantity>535.366384</out_Quantity.quantity></Point><Point><position>6162</position><in_Quantity.quantity>0.000000</in_Quantity.quantity><out_Quantity.quantity>124.684747</out_Quantity.quantity></Point><Point><position>6163</position><in_Quantity.quantity>0.000000</in_Quantity.quantity><out_Quantity.quantity>58.012581</out_Quantity.quantity></Point><Point><position>6164</position><in_Quantity.quantity>0.000000</in_Quantity.quantity><out_Quantity.quantity>438.495924</out_Quantity.quantity></Point><Point><position>6165</position><in_Quantity.quantity>0.000000</in_Quantity.quantity><out_Quantity.quantity>5.955639</out_Quantity.quantity></Point><Point><position>6166</position><in_Quantity.quantity>0.000000</in_Quantity.quantity><out_Quantity.quantity>648.243087</out_Quantity.quantity></Point><Point><position>6167</position><in_Quantity.quantity>0.000000</in_Quantity.quantity><out_Quantity.quantity>368.198891</out_Quantity.quantity></Point><Point><position>6168</position><in_Quantity.quantity>0.000000</in_Quantity.quantity><out_Quantity.quantity>580.845113</out_Quantity.quantity></Point><Point><position>6169</position><in_Quantity.quantity>0.000000</in_Quantity.quantity><out_Quantity.quantity>610.303920</out_Quantity.quantity></Point><Point><position>6170</position><in_Quantity.quantity>0.000000</in_Quantity.quantity><out_Quantity.quantity>478.986849</out_Quantity.quantity></Point><Point><position>6171</position><in_Quantity.quantity>0.000000</in_Quantity.quantity><out_Quantity.quantity>344.168427</out_Quantity.quantity></Point><Point><position>6172</position><in_Quantity.quantity>0.000000</in_Quantity.quantity><out_Quantity.quantity>807.675002</out_Quantity.quantity></Point><Point><position>6173</position><in_Quantity.quantity>0.000000</in_Quantity.quantity><out_Quantity.quantity>308.037355</out_Quantity.quantity></Point><Point><position>6174</position><in_Quantity.quantity>0.000000</in_Quantity.quantity><out_Quantity.quantity>657.548443</out_Quantity.quantity></Point><Point><position>6175</position><in_Quantity.quantity>0.000000</in_Quantity.quantity><out_Quantity.quantity>725.155210</out_Quantity.quantity></Point><Point><position>6176</position><in_Quantity.quantity>0.000000</in_Quantity.quantity><out_Quantity.quantity>168.717291</out_Quantity.quantity></Point><Point><position>6177</position><in_Quantity.quantity>0.000000</in_Quantity.quantity><out_Quantity.quantity>983.633671</out_Quantity.quantity></Point><Point><position>6178</position><in_Quantity.quantity>0.000000</in_Quantity.quantity><out_Quantity.quantity>268.211829</out_Quantity.quantity></Point><Point><position>6179</position><in_Quantity.quantity>0.000000</in_Quantity.quantity><out_Quantity.quantity>722.672426</out_Quantity.quantity></Point><Point><position>6180</position><in_Quantity.quantity>0.000000</in_Quantity.quantity><out_Quantity.quantity>518.836427</out_Quantity.quantity></Point><Point><position>6181</position><in_Quantity.quantity>0.000000</in_Quantity.quantity><out_Quantity.quantity>221.717753</out_Quantity.quantity></Point><Point><position>6182</position><in_Quantity.quantity>0.000000</in_Quantity.quantity><out_Quantity.quantity>348.441915</out_Quantity.quantity></Point><Point><position>6183</position><in_Quantity.quantity>0.000000</in_Quantity.quantity><out_Quantity.quantity>210.024870</out_Quantity.quantity></Point><Point><position>6184</position><in_Quantity.quantity>0.000000</in_Quantity.quantity><out_Quantity.quantity>900.691833</out_Quantity.quantity></Point><Point><position>6185</position><in_Quantity.quantity>0.000000</in_Quantity.quantity><out_Quantity.quantity>493.048216</out_Quantity.quantity></Point><Point><position>6186</position><in_Quantity.quantity>0.000000</in_Quantity.quantity><out_Quantity.quantity>883.845221</out_Quantity.quantity></Point><Point><position>6187</position><in_Quantity.quantity>0.000000</in_Quantity.quantity><out_Quantity.quantity>134.640974</out_Quantity.quantity></Point><Point><position>6188</position><in_Quantity.quantity>0.000000</in_Quantity.quantity><out_Quantity.quantity>434.419243</out_Quantity.quantity></Point><Point><position>6189</position><in_Quantity.quantity>0.000000</in_Quantity.quantity><out_Quantity.quantity>886.921005</out_Quantity.quantity></Point><Point><position>6190</position><in_Quantity.quantity>0.000000</in_Quantity.quantity><out_Quantity.quantity>883.370895</out_Quantity.quantity></Point><Point><position>6191</position><in_Quantity.quantity>0.000000</in_Quantity.quantity><out_Quantity.quantity>456.130373</out_Quantity.quantity></Point><Point><position>6192</position><in_Quantity.quantity>0.000000</in_Quantity.quantity><out_Quantity.quantity>937.735154</out_Quantity.quantity></Point><Point><position>6193</position><in_Quantity.quantity>0.000000</in_Quantity.quantity><out_Quantity.quantity>296.729163</out_Quantity.quantity></Point><Point><position>6194</position><in_Quantity.quantity>0.000000</in_Quantity.quantity><out_Quantity.quantity>830.756395</out_Quantity.quantity></Point><Point><position>6195</position><in_Quantity.quantity>0.000000</in_Quantity.quantity><out_Quantity.quantity>880.593099</out_Quantity.quantity></Point><Point><position>6196</position><in_Quantity.quantity>0.000000</in_Quantity.quantity><out_Quantity.quantity>438.381067</out_Quantity.quantity></Point><Point><position>6197</position><in_Quantity.quantity>0.000000</in_Quantity.quantity><out_Quantity.quantity>996.747697</out_Quantity.quantity></Point><Point><position>6198</position><in_Quantity.quantity>0.000000</in_Quantity.quantity><out_Quantity.quantity>2.092050</out_Quantity.quantity></Point><Point><position>6199</position><in_Quantity.quantity>0.000000</in_Quantity.quantity><out_Quantity.quantity>81.622412</out_Quantity.quantity></Point><Point><position>6200</position><in_Quantity.quantity>0.000000</in_Quantity.quantity><out_Quantity.quantity>336.157266</out_Quantity.quantity></Point><Point><position>6201</position><in_Quantity.quantity>0.000000</in_Quantity.quantity><out_Quantity.quantity>890.110703</out_Quantity.quantity></Point><Point><position>6202</position><in_Quantity.quantity>0.000000</in_Quantity.quantity><out_Quantity.quantity>519.783537</out_Quantity.quantity></Point><Point><position>6203</position><in_Quantity.quantity>0.000000</in_Quantity.quantity><out_Quantity.quantity>577.937364</out_Quantity.quantity></Point><Point><position>6204</position><in_Quantity.quantity>0.000000</in_Quantity.quantity><out_Quantity.quantity>286.666316</out_Quantity.quantity></Point><Point><position>6205</position><in_Quantity.quantity>0.000000</in_Quantity.quantity><out_Quantity.quantity>377.469518</out_Quantity.quantity></Point><Point><position>6206</position><in_Quantity.quantity>0.000000</in_Quantity.quantity><out_Quantity.quantity>428.481262</out_Quantity.quantity></Point><Point><position>6207</position><in_Quantity.quantity>0.000000</in_Quantity.quantity><out_Quantity.quantity>305.542895</out_Quantity.quantity></Point><Point><position>6208</position><in_Quantity.quantity>0.000000</in_Quantity.quantity><out_Quantity.quantity>685.112267</out_Quantity.quantity></Point><Point><position>6209</position><in_Quantity.quantity>0.000000</in_Quantity.quantity><out_Quantity.quantity>820.755859</out_Quantity.quantity></Point><Point><position>6210</position><in_Quantity.quantity>0.000000</in_Quantity.quantity><out_Quantity.quantity>407.940792</out_Quantity.quantity></Point><Point><position>6211</position><in_Quantity.quantity>0.000000</in_Quantity.quantity><out_Quantity.quantity>766.848080</out_Quantity.quantity></Point><Point><position>6212</position><in_Quantity.quantity>0.000000</in_Quantity.quantity><out_Quantity.quantity>504.564122</out_Quantity.quantity></Point><Point><position>6213</position><in_Quantity.quantity>0.000000</in_Quantity.quantity><out_Quantity.quantity>112.323797</out_Quantity.quantity></Point><Point><position>6214</position><in_Quantity.quantity>0.000000</in_Quantity.quantity><out_Quantity.quantity>693.341908</out_Quantity.quantity></Point><Point><position>6215</position><in_Quantity.quantity>0.000000</in_Quantity.quantity><out_Quantity.quantity>580.996386</out_Quantity.quantity></Point><Point><position>6216</position><in_Quantity.quantity>0.000000</in_Quantity.quantity><out_Quantity.quantity>515.530839</out_Quantity.quantity></Point><Point><position>6217</position><in_Quantity.quantity>0.000000</in_Quantity.quantity><out_Quantity.quantity>132.884418</out_Quantity.quantity></Point><Point><position>6218</position><in_Quantity.quantity>0.000000</in_Quantity.quantity><out_Quantity.quantity>969.350726</out_Quantity.quantity></Point><Point><position>6219</position><in_Quantity.quantity>0.000000</in_Quantity.quantity><out_Quantity.quantity>758.319479</out_Quantity.quantity></Point><Point><position>6220</position><in_Quantity.quantity>0.000000</in_Quantity.quantity><out_Quantity.quantity>297.714995</out_Quantity.quantity></Point><Point><position>6221</position><in_Quantity.quantity>0.000000</in_Quantity.quantity><out_Quantity.quantity>728.972299</out_Quantity.quantity></Point><Point><position>6222</position><in_Quantity.quantity>0.000000</in_Quantity.quantity><out_Quantity.quantity>878.991131</out_Quantity.quantity></Point><Point><position>6223</position><in_Quantity.quantity>0.000000</in_Quantity.quantity><out_Quantity.quantity>424.054374</out_Quantity.quantity></Point><Point><position>6224</position><in_Quantity.quantity>0.000000</in_Quantity.quantity><out_Quantity.quantity>407.577891</out_Quantity.quantity></Point><Point><position>6225</position><in_Quantity.quantity>0.000000</in_Quantity.quantity><out_Quantity.quantity>425.254299</out_Quantity.quantity></Point><Point><position>6226</position><in_Quantity.quantity>0.000000</in_Quantity.quantity><out_Quantity.quantity>942.768831</out_Quantity.quantity></Point><Point><position>6227</position><in_Quantity.quantity>0.000000</in_Quantity.quantity><out_Quantity.quantity>794.423111</out_Quantity.quantity></Point><Point><position>6228</position><in_Quantity.quantity>0.000000</in_Quantity.quantity><out_Quantity.quantity>85.950919</out_Quantity.quantity></Point><Point><position>6229</position><in_Quantity.quantity>0.000000</in_Quantity.quantity><out_Quantity.quantity>601.830284</out_Quantity.quantity></Point><Point><position>6230</position><in_Quantity.quantity>0.000000</in_Quantity.quantity><out_Quantity.quantity>73.752569</out_Quantity.quantity></Point><Point><position>6231</position><in_Quantity.quantity>0.000000</in_Quantity.quantity><out_Quantity.quantity>299.005288</out_Quantity.quantity></Point><Point><position>6232</position><in_Quantity.quantity>0.000000</in_Quantity.quantity><out_Quantity.quantity>517.783502</out_Quantity.quantity></Point><Point><position>6233</position><in_Quantity.quantity>0.000000</in_Quantity.quantity><out_Quantity.quantity>196.560444</out_Quantity.quantity></Point><Point><position>6234</position><in_Quantity.quantity>0.000000</in_Quantity.quantity><out_Quantity.quantity>679.025171</out_Quantity.quantity></Point><Point><position>6235</position><in_Quantity.quantity>0.000000</in_Quantity.quantity><out_Quantity.quantity>251.067974</out_Quantity.quantity></Point><Point><position>6236</position><in_Quantity.quantity>0.000000</in_Quantity.quantity><out_Quantity.quantity>785.331187</out_Quantity.quantity></Point><Point><position>6237</position><in_Quantity.quantity>0.000000</in_Quantity.quantity><out_Quantity.quantity>636.896429</out_Quantity.quantity></Point><Point><position>6238</position><in_Quantity.quantity>0.000000</in_Quantity.quantity><out_Quantity.quantity>623.614844</out_Quantity.quantity></Point><Point><position>6239</position><in_Quantity.quantity>0.000000</in_Quantity.quantity><out_Quantity.quantity>710.159326</out_Quantity.quantity></Point><Point><position>6240</position><in_Quantity.quantity>0.000000</in_Quantity.quantity><out_Quantity.quantity>373.416439</out_Quantity.quantity></Point><Point><position>6241</position><in_Quantity.quantity>0.000000</in_Quantity.quantity><out_Quantity.quantity>810.040020</out_Quantity.quantity></Point><Point><position>6242</position><in_Quantity.quantity>0.000000</in_Quantity.quantity><out_Quantity.quantity>405.435319</out_Quantity.quantity></Point><Point><position>6243</position><in_Quantity.quantity>0.000000</in_Quantity.quantity><out_Quantity.quantity>245.579133</out_Quantity.quantity></Point><Point><position>6244</position><in_Quantity.quantity>0.000000</in_Quantity.quantity><out_Quantity.quantity>759.839256</out_Quantity.quantity></Point><Point><position>6245</position><in_Quantity.quantity>0.000000</in_Quantity.quantity><out_Quantity.quantity>456.994664</out_Quantity.quantity></Point><Point><position>6246</position><in_Quantity.quantity>0.000000</in_Quantity.quantity><out_Quantity.quantity>712.073798</out_Quantity.quantity></Point><Point><position>6247</position><in_Quantity.quantity>0.000000</in_Quantity.quantity><out_Quantity.quantity>679.027383</out_Quantity.quantity></Point><Point><position>6248</position><in_Quantity.quantity>0.000000</in_Quantity.quantity><out_Quantity.quantity>764.473819</out_Quantity.quantity></Point><Point><position>6249</position><in_Quantity.quantity>0.000000</in_Quantity.quantity><out_Quantity.quantity>240.430488</out_Quantity.quantity></Point><Point><position>6250</position><in_Quantity.quantity>0.000000</in_Quantity.quantity><out_Quantity.quantity>198.166035</out_Quantity.quantity></Point><Point><position>6251</position><in_Quantity.quantity>0.000000</in_Quantity.quantity><out_Quantity.quantity>11.898551</out_Quantity.quantity></Point><Point><position>6252</position><in_Quantity.quantity>0.000000</in_Quantity.quantity><out_Quantity.quantity>469.205639</out_Quantity.quantity></Point><Point><position>6253</position><in_Quantity.quantity>0.000000</in_Quantity.quantity><out_Quantity.quantity>684.369834</out_Quantity.quantity></Point><Point><position>6254</position><in_Quantity.quantity>0.000000</in_Quantity.quantity><out_Quantity.quantity>647.998420</out_Quantity.quantity></Point><Point><position>6255</position><in_Quantity.quantity>0.000000</in_Quantity.quantity><out_Quantity.quantity>911.304535</out_Quantity.quantity></Point><Point><position>6256</position><in_Quantity.quantity>0.000000</in_Quantity.quantity><out_Quantity.quantity>137.290629</out_Quantity.quantity></Point><Point><position>6257</position><in_Quantity.quantity>0.000000</in_Quantity.quantity><out_Quantity.quantity>108.345780</out_Quantity.quantity></Point><Point><position>6258</position><in_Quantity.quantity>0.000000</in_Quantity.quantity><out_Quantity.quantity>53.054463</out_Quantity.quantity></Point><Point><position>6259</position><in_Quantity.quantity>0.000000</in_Quantity.quantity><out_Quantity.quantity>751.551496</out_Quantity.quantity></Point><Point><position>6260</position><in_Quantity.quantity>0.000000</in_Quantity.quantity><out_Quantity.quantity>720.383626</out_Quantity.quantity></Point><Point><position>6261</position><in_Quantity.quantity>0.000000</in_Quantity.quantity><out_Quantity.quantity>490.794974</out_Quantity.quantity></Point><Point><position>6262</position><in_Quantity.quantity>0.000000</in_Quantity.quantity><out_Quantity.quantity>93.791588</out_Quantity.quantity></Point><Point><position>6263</position><in_Quantity.quantity>0.000000</in_Quantity.quantity><out_Quantity.quantity>896.117193</out_Quantity.quantity></Point><Point><position>6264</position><in_Quantity.quantity>0.000000</in_Quantity.quantity><out_Quantity.quantity>469.010286</out_Quantity.quantity></Point><Point><position>6265</position><in_Quantity.quantity>0.000000</in_Quantity.quantity><out_Quantity.quantity>192.681107</out_Quantity.quantity></Point><Point><position>6266</position><in_Quantity.quantity>0.000000</in_Quantity.quantity><out_Quantity.quantity>661.879834</out_Quantity.quantity></Point><Point><position>6267</position><in_Quantity.quantity>0.000000</in_Quantity.quantity><out_Quantity.quantity>433.485904</out_Quantity.quantity></Point><Point><position>6268</position><in_Quantity.quantity>0.000000</in_Quantity.quantity><out_Quantity.quantity>879.725192</out_Quantity.quantity></Point><Point><position>6269</position><in_Quantity.quantity>0.000000</in_Quantity.quantity><out_Quantity.quantity>150.520743</out_Quantity.quantity></Point><Point><position>6270</position><in_Quantity.quantity>0.000000</in_Quantity.quantity><out_Quantity.quantity>792.390674</out_Quantity.quantity></Point><Point><position>6271</position><in_Quantity.quantity>0.000000</in_Quantity.quantity><out_Quantity.quantity>580.856086</out_Quantity.quantity></Point><Point><position>6272</position><in_Quantity.quantity>0.000000</in_Quantity.quantity><out_Quantity.quantity>772.247102</out_Quantity.quantity></Point><Point><position>6273</position><in_Quantity.quantity>0.000000</in_Quantity.quantity><out_Quantity.quantity>173.435588</out_Quantity.quantity></Point><Point><position>6274</position><in_Quantity.quantity>0.000000</in_Quantity.quantity><out_Quantity.quantity>355.739281</out_Quantity.quantity></Point><Point><position>6275</position><in_Quantity.quantity>0.000000</in_Quantity.quantity><out_Quantity.quantity>236.375259</out_Quantity.quantity></Point><Point><position>6276</position><in_Quantity.quantity>0.000000</in_Quantity.quantity><out_Quantity.quantity>970.715612</out_Quantity.quantity></Point><Point><position>6277</position><in_Quantity.quantity>0.000000</in_Quantity.quantity><out_Quantity.quantity>959.319273</out_Quantity.quantity></Point><Point><position>6278</position><in_Quantity.quantity>0.000000</in_Quantity.quantity><out_Quantity.quantity>615.969822</out_Quantity.quantity></Point><Point><position>6279</position><in_Quantity.quantity>0.000000</in_Quantity.quantity><out_Quantity.quantity>333.285838</out_Quantity.quantity></Point><Point><position>6280</position><in_Quantity.quantity>0.000000</in_Quantity.quantity><out_Quantity.quantity>449.178803</out_Quantity.quantity></Point><Point><position>6281</position><in_Quantity.quantity>0.000000</in_Quantity.quantity><out_Quantity.quantity>355.343007</out_Quantity.quantity></Point><Point><position>6282</position><in_Quantity.quantity>0.000000</in_Quantity.quantity><out_Quantity.quantity>539.478657</out_Quantity.quantity></Point><Point><position>6283</position><in_Quantity.quantity>0.000000</in_Quantity.quantity><out_Quantity.quantity>951.915326</out_Quantity.quantity></Point><Point><position>6284</position><in_Quantity.quantity>0.000000</in_Quantity.quantity><out_Quantity.quantity>200.536861</out_Quantity.quantity></Point><Point><position>6285</position><in_Quantity.quantity>0.000000</in_Quantity.quantity><out_Quantity.quantity>211.887370</out_Quantity.quantity></Point><Point><position>6286</position><in_Quantity.quantity>0.000000</in_Quantity.quantity><out_Quantity.quantity>951.997604</out_Quantity.quantity></Point><Point><position>6287</position><in_Quantity.quantity>0.000000</in_Quantity.quantity><out_Quantity.quantity>317.323057</out_Quantity.quantity></Point><Point><position>6288</position><in_Quantity.quantity>0.000000</in_Quantity.quantity><out_Quantity.quantity>357.001508</out_Quantity.quantity></Point><Point><position>6289</position><in_Quantity.quantity>0.000000</in_Quantity.quantity><out_Quantity.quantity>583.467682</out_Quantity.quantity></Point><Point><position>6290</position><in_Quantity.quantity>0.000000</in_Quantity.quantity><out_Quantity.quantity>276.828974</out_Quantity.quantity></Point><Point><position>6291</position><in_Quantity.quantity>0.000000</in_Quantity.quantity><out_Quantity.quantity>244.188497</out_Quantity.quantity></Point><Point><position>6292</position><in_Quantity.quantity>0.000000</in_Quantity.quantity><out_Quantity.quantity>27.808204</out_Quantity.quantity></Point><Point><position>6293</position><in_Quantity.quantity>0.000000</in_Quantity.quantity><out_Quantity.quantity>913.643802</out_Quantity.quantity></Point><Point><position>6294</position><in_Quantity.quantity>0.000000</in_Quantity.quantity><out_Quantity.quantity>12.355670</out_Quantity.quantity></Point><Point><position>6295</position><in_Quantity.quantity>0.000000</in_Quantity.quantity><out_Quantity.quantity>651.161350</out_Quantity.quantity></Point><Point><position>6296</position><in_Quantity.quantity>0.000000</in_Quantity.quantity><out_Quantity.quantity>531.641439</out_Quantity.quantity></Point><Point><position>6297</position><in_Quantity.quantity>0.000000</in_Quantity.quantity><out_Quantity.quantity>341.445546</out_Quantity.quantity></Point><Point><position>6298</position><in_Quantity.quantity>0.000000</in_Quantity.quantity><out_Quantity.quantity>657.182051</out_Quantity.quantity></Point><Point><position>6299</position><in_Quantity.quantity>0.000000</in_Quantity.quantity><out_Quantity.quantity>689.515698</out_Quantity.quantity></Point><Point><position>6300</position><in_Quantity.quantity>0.000000</in_Quantity.quantity><out_Quantity.quantity>81.308788</out_Quantity.quantity></Point><Point><position>6301</position><in_Quantity.quantity>0.000000</in_Quantity.quantity><out_Quantity.quantity>794.208972</out_Quantity.quantity></Point><Point><position>6302</position><in_Quantity.quantity>0.000000</in_Quantity.quantity><out_Quantity.quantity>387.636861</out_Quantity.quantity></Point><Point><position>6303</position><in_Quantity.quantity>0.000000</in_Quantity.quantity><out_Quantity.quantity>847.853247</out_Quantity.quantity></Point><Point><position>6304</position><in_Quantity.quantity>0.000000</in_Quantity.quantity><out_Quantity.quantity>955.095366</out_Quantity.quantity></Point><Point><position>6305</position><in_Quantity.quantity>0.000000</in_Quantity.quantity><out_Quantity.quantity>288.379190</out_Quantity.quantity></Point><Point><position>6306</position><in_Quantity.quantity>0.000000</in_Quantity.quantity><out_Quantity.quantity>175.358556</out_Quantity.quantity></Point><Point><position>6307</position><in_Quantity.quantity>0.000000</in_Quantity.quantity><out_Quantity.quantity>916.600950</out_Quantity.quantity></Point><Point><position>6308</position><in_Quantity.quantity>0.000000</in_Quantity.quantity><out_Quantity.quantity>6.833137</out_Quantity.quantity></Point><Point><position>6309</position><in_Quantity.quantity>0.000000</in_Quantity.quantity><out_Quantity.quantity>383.056818</out_Quantity.quantity></Point><Point><position>6310</position><in_Quantity.quantity>0.000000</in_Quantity.quantity><out_Quantity.quantity>402.847782</out_Quantity.quantity></Point><Point><position>6311</position><in_Quantity.quantity>0.000000</in_Quantity.quantity><out_Quantity.quantity>787.540109</out_Quantity.quantity></Point><Point><position>6312</position><in_Quantity.quantity>0.000000</in_Quantity.quantity><out_Quantity.quantity>874.614645</out_Quantity.quantity></Point><Point><position>6313</position><in_Quantity.quantity>0.000000</in_Quantity.quantity><out_Quantity.quantity>533.507144</out_Quantity.quantity></Point><Point><position>6314</position><in_Quantity.quantity>0.000000</in_Quantity.quantity><out_Quantity.quantity>880.541733</out_Quantity.quantity></Point><Point><position>6315</position><in_Quantity.quantity>0.000000</in_Quantity.quantity><out_Quantity.quantity>35.251084</out_Quantity.quantity></Point><Point><position>6316</position><in_Quantity.quantity>0.000000</in_Quantity.quantity><out_Quantity.quantity>775.326296</out_Quantity.quantity></Point><Point><position>6317</position><in_Quantity.quantity>0.000000</in_Quantity.quantity><out_Quantity.quantity>791.712130</out_Quantity.quantity></Point><Point><position>6318</position><in_Quantity.quantity>0.000000</in_Quantity.quantity><out_Quantity.quantity>65.771818</out_Quantity.quantity></Point><Point><position>6319</position><in_Quantity.quantity>0.000000</in_Quantity.quantity><out_Quantity.quantity>23.472985</out_Quantity.quantity></Point><Point><position>6320</position><in_Quantity.quantity>0.000000</in_Quantity.quantity><out_Quantity.quantity>877.391161</out_Quantity.quantity></Point><Point><position>6321</position><in_Quantity.quantity>0.000000</in_Quantity.quantity><out_Quantity.quantity>50.310635</out_Quantity.quantity></Point><Point><position>6322</position><in_Quantity.quantity>0.000000</in_Quantity.quantity><out_Quantity.quantity>713.948595</out_Quantity.quantity></Point><Point><position>6323</position><in_Quantity.quantity>0.000000</in_Quantity.quantity><out_Quantity.quantity>562.634296</out_Quantity.quantity></Point><Point><position>6324</position><in_Quantity.quantity>0.000000</in_Quantity.quantity><out_Quantity.quantity>865.054344</out_Quantity.quantity></Point><Point><position>6325</position><in_Quantity.quantity>0.000000</in_Quantity.quantity><out_Quantity.quantity>992.724363</out_Quantity.quantity></Point><Point><position>6326</position><in_Quantity.quantity>0.000000</in_Quantity.quantity><out_Quantity.quantity>277.426735</out_Quantity.quantity></Point><Point><position>6327</position><in_Quantity.quantity>0.000000</in_Quantity.quantity><out_Quantity.quantity>605.787062</out_Quantity.quantity></Point><Point><position>6328</position><in_Quantity.quantity>0.000000</in_Quantity.quantity><out_Quantity.quantity>33.226222</out_Quantity.quantity></Point><Point><position>6329</position><in_Quantity.quantity>0.000000</in_Quantity.quantity><out_Quantity.quantity>11.729706</out_Quantity.quantity></Point><Point><position>6330</position><in_Quantity.quantity>0.000000</in_Quantity.quantity><out_Quantity.quantity>977.433745</out_Quantity.quantity></Point><Point><position>6331</position><in_Quantity.quantity>0.000000</in_Quantity.quantity><out_Quantity.quantity>796.661629</out_Quantity.quantity></Point><Point><position>6332</position><in_Quantity.quantity>0.000000</in_Quantity.quantity><out_Quantity.quantity>690.462133</out_Quantity.quantity></Point><Point><position>6333</position><in_Quantity.quantity>0.000000</in_Quantity.quantity><out_Quantity.quantity>932.325878</out_Quantity.quantity></Point><Point><position>6334</position><in_Quantity.quantity>0.000000</in_Quantity.quantity><out_Quantity.quantity>128.297418</out_Quantity.quantity></Point><Point><position>6335</position><in_Quantity.quantity>0.000000</in_Quantity.quantity><out_Quantity.quantity>60.328802</out_Quantity.quantity></Point><Point><position>6336</position><in_Quantity.quantity>0.000000</in_Quantity.quantity><out_Quantity.quantity>913.904327</out_Quantity.quantity></Point><Point><position>6337</position><in_Quantity.quantity>0.000000</in_Quantity.quantity><out_Quantity.quantity>546.860146</out_Quantity.quantity></Point><Point><position>6338</position><in_Quantity.quantity>0.000000</in_Quantity.quantity><out_Quantity.quantity>786.286233</out_Quantity.quantity></Point><Point><position>6339</position><in_Quantity.quantity>0.000000</in_Quantity.quantity><out_Quantity.quantity>101.060101</out_Quantity.quantity></Point><Point><position>6340</position><in_Quantity.quantity>0.000000</in_Quantity.quantity><out_Quantity.quantity>824.346994</out_Quantity.quantity></Point><Point><position>6341</position><in_Quantity.quantity>0.000000</in_Quantity.quantity><out_Quantity.quantity>755.060329</out_Quantity.quantity></Point><Point><position>6342</position><in_Quantity.quantity>0.000000</in_Quantity.quantity><out_Quantity.quantity>520.866001</out_Quantity.quantity></Point><Point><position>6343</position><in_Quantity.quantity>0.000000</in_Quantity.quantity><out_Quantity.quantity>977.834723</out_Quantity.quantity></Point><Point><position>6344</position><in_Quantity.quantity>0.000000</in_Quantity.quantity><out_Quantity.quantity>397.329773</out_Quantity.quantity></Point><Point><position>6345</position><in_Quantity.quantity>0.000000</in_Quantity.quantity><out_Quantity.quantity>292.973072</out_Quantity.quantity></Point><Point><position>6346</position><in_Quantity.quantity>0.000000</in_Quantity.quantity><out_Quantity.quantity>379.746330</out_Quantity.quantity></Point><Point><position>6347</position><in_Quantity.quantity>0.000000</in_Quantity.quantity><out_Quantity.quantity>932.255924</out_Quantity.quantity></Point><Point><position>6348</position><in_Quantity.quantity>0.000000</in_Quantity.quantity><out_Quantity.quantity>28.493405</out_Quantity.quantity></Point><Point><position>6349</position><in_Quantity.quantity>0.000000</in_Quantity.quantity><out_Quantity.quantity>142.856559</out_Quantity.quantity></Point><Point><position>6350</position><in_Quantity.quantity>0.000000</in_Quantity.quantity><out_Quantity.quantity>348.434119</out_Quantity.quantity></Point><Point><position>6351</position><in_Quantity.quantity>0.000000</in_Quantity.quantity><out_Quantity.quantity>26.465072</out_Quantity.quantity></Point><Point><position>6352</position><in_Quantity.quantity>0.000000</in_Quantity.quantity><out_Quantity.quantity>693.005942</out_Quantity.quantity></Point><Point><position>6353</position><in_Quantity.quantity>0.000000</in_Quantity.quantity><out_Quantity.quantity>511.431696</out_Quantity.quantity></Point><Point><position>6354</position><in_Quantity.quantity>0.000000</in_Quantity.quantity><out_Quantity.quantity>334.285971</out_Quantity.quantity></Point><Point><position>6355</position><in_Quantity.quantity>0.000000</in_Quantity.quantity><out_Quantity.quantity>614.491754</out_Quantity.quantity></Point><Point><position>6356</position><in_Quantity.quantity>0.000000</in_Quantity.quantity><out_Quantity.quantity>176.481361</out_Quantity.quantity></Point><Point><position>6357</position><in_Quantity.quantity>0.000000</in_Quantity.quantity><out_Quantity.quantity>541.525127</out_Quantity.quantity></Point><Point><position>6358</position><in_Quantity.quantity>0.000000</in_Quantity.quantity><out_Quantity.quantity>860.839820</out_Quantity.quantity></Point><Point><position>6359</position><in_Quantity.quantity>0.000000</in_Quantity.quantity><out_Quantity.quantity>845.829350</out_Quantity.quantity></Point><Point><position>6360</position><in_Quantity.quantity>0.000000</in_Quantity.quantity><out_Quantity.quantity>82.524440</out_Quantity.quantity></Point><Point><position>6361</position><in_Quantity.quantity>0.000000</in_Quantity.quantity><out_Quantity.quantity>905.828325</out_Quantity.quantity></Point><Point><position>6362</position><in_Quantity.quantity>0.000000</in_Quantity.quantity><out_Quantity.quantity>412.116301</out_Quantity.quantity></Point><Point><position>6363</position><in_Quantity.quantity>0.000000</in_Quantity.quantity><out_Quantity.quantity>506.214462</out_Quantity.quantity></Point><Point><position>6364</position><in_Quantity.quantity>0.000000</in_Quantity.quantity><out_Quantity.quantity>730.702128</out_Quantity.quantity></Point><Point><position>6365</position><in_Quantity.quantity>0.000000</in_Quantity.quantity><out_Quantity.quantity>521.721405</out_Quantity.quantity></Point><Point><position>6366</position><in_Quantity.quantity>0.000000</in_Quantity.quantity><out_Quantity.quantity>752.325784</out_Quantity.quantity></Point><Point><position>6367</position><in_Quantity.quantity>0.000000</in_Quantity.quantity><out_Quantity.quantity>764.944103</out_Quantity.quantity></Point><Point><position>6368</position><in_Quantity.quantity>0.000000</in_Quantity.quantity><out_Quantity.quantity>243.555947</out_Quantity.quantity></Point><Point><position>6369</position><in_Quantity.quantity>0.000000</in_Quantity.quantity><out_Quantity.quantity>88.116489</out_Quantity.quantity></Point><Point><position>6370</position><in_Quantity.quantity>0.000000</in_Quantity.quantity><out_Quantity.quantity>583.819313</out_Quantity.quantity></Point><Point><position>6371</position><in_Quantity.quantity>0.000000</in_Quantity.quantity><out_Quantity.quantity>248.060401</out_Quantity.quantity></Point><Point><position>6372</position><in_Quantity.quantity>0.000000</in_Quantity.quantity><out_Quantity.quantity>152.127565</out_Quantity.quantity></Point><Point><position>6373</position><in_Quantity.quantity>0.000000</in_Quantity.quantity><out_Quantity.quantity>691.844402</out_Quantity.quantity></Point><Point><position>6374</position><in_Quantity.quantity>0.000000</in_Quantity.quantity><out_Quantity.quantity>121.609306</out_Quantity.quantity></Point><Point><position>6375</position><in_Quantity.quantity>0.000000</in_Quantity.quantity><out_Quantity.quantity>886.316920</out_Quantity.quantity></Point><Point><position>6376</position><in_Quantity.quantity>0.000000</in_Quantity.quantity><out_Quantity.quantity>898.752397</out_Quantity.quantity></Point><Point><position>6377</position><in_Quantity.quantity>0.000000</in_Quantity.quantity><out_Quantity.quantity>484.228100</out_Quantity.quantity></Point><Point><position>6378</position><in_Quantity.quantity>0.000000</in_Quantity.quantity><out_Quantity.quantity>883.283375</out_Quantity.quantity></Point><Point><position>6379</position><in_Quantity.quantity>0.000000</in_Quantity.quantity><out_Quantity.quantity>570.387234</out_Quantity.quantity></Point><Point><position>6380</position><in_Quantity.quantity>0.000000</in_Quantity.quantity><out_Quantity.quantity>119.719699</out_Quantity.quantity></Point><Point><position>6381</position><in_Quantity.quantity>0.000000</in_Quantity.quantity><out_Quantity.quantity>760.920654</out_Quantity.quantity></Point><Point><position>6382</position><in_Quantity.quantity>0.000000</in_Quantity.quantity><out_Quantity.quantity>460.737784</out_Quantity.quantity></Point><Point><position>6383</position><in_Quantity.quantity>0.000000</in_Quantity.quantity><out_Quantity.quantity>925.253525</out_Quantity.quantity></Point><Point><position>6384</position><in_Quantity.quantity>0.000000</in_Quantity.quantity><out_Quantity.quantity>187.629605</out_Quantity.quantity></Point><Point><position>6385</position><in_Quantity.quantity>0.000000</in_Quantity.quantity><out_Quantity.quantity>308.866282</out_Quantity.quantity></Point><Point><position>6386</position><in_Quantity.quantity>0.000000</in_Quantity.quantity><out_Quantity.quantity>528.174747</out_Quantity.quantity></Point><Point><position>6387</position><in_Quantity.quantity>0.000000</in_Quantity.quantity><out_Quantity.quantity>337.235249</out_Quantity.quantity></Point><Point><position>6388</position><in_Quantity.quantity>0.000000</in_Quantity.quantity><out_Quantity.quantity>598.773525</out_Quantity.quantity></Point><Point><position>6389</position><in_Quantity.quantity>0.000000</in_Quantity.quantity><out_Quantity.quantity>513.660724</out_Quantity.quantity></Point><Point><position>6390</position><in_Quantity.quantity>0.000000</in_Quantity.quantity><out_Quantity.quantity>587.568369</out_Quantity.quantity></Point><Point><position>6391</position><in_Quantity.quantity>0.000000</in_Quantity.quantity><out_Quantity.quantity>915.412926</out_Quantity.quantity></Point><Point><position>6392</position><in_Quantity.quantity>0.000000</in_Quantity.quantity><out_Quantity.quantity>421.332368</out_Quantity.quantity></Point><Point><position>6393</position><in_Quantity.quantity>0.000000</in_Quantity.quantity><out_Quantity.quantity>241.804984</out_Quantity.quantity></Point><Point><position>6394</position><in_Quantity.quantity>0.000000</in_Quantity.quantity><out_Quantity.quantity>438.584571</out_Quantity.quantity></Point><Point><position>6395</position><in_Quantity.quantity>0.000000</in_Quantity.quantity><out_Quantity.quantity>612.812437</out_Quantity.quantity></Point><Point><position>6396</position><in_Quantity.quantity>0.000000</in_Quantity.quantity><out_Quantity.quantity>979.592624</out_Quantity.quantity></Point><Point><position>6397</position><in_Quantity.quantity>0.000000</in_Quantity.quantity><out_Quantity.quantity>944.548893</out_Quantity.quantity></Point><Point><position>6398</position><in_Quantity.quantity>0.000000</in_Quantity.quantity><out_Quantity.quantity>272.440838</out_Quantity.quantity></Point><Point><position>6399</position><in_Quantity.quantity>0.000000</in_Quantity.quantity><out_Quantity.quantity>801.017715</out_Quantity.quantity></Point><Point><position>6400</position><in_Quantity.quantity>0.000000</in_Quantity.quantity><out_Quantity.quantity>112.689782</out_Quantity.quantity></Point><Point><position>6401</position><in_Quantity.quantity>0.000000</in_Quantity.quantity><out_Quantity.quantity>470.283556</out_Quantity.quantity></Point><Point><position>6402</position><in_Quantity.quantity>0.000000</in_Quantity.quantity><out_Quantity.quantity>485.405838</out_Quantity.quantity></Point><Point><position>6403</position><in_Quantity.quantity>0.000000</in_Quantity.quantity><out_Quantity.quantity>50.687904</out_Quantity.quantity></Point><Point><position>6404</position><in_Quantity.quantity>0.000000</in_Quantity.quantity><out_Quantity.quantity>836.846311</out_Quantity.quantity></Point><Point><position>6405</position><in_Quantity.quantity>0.000000</in_Quantity.quantity><out_Quantity.quantity>444.948469</out_Quantity.quantity></Point><Point><position>6406</position><in_Quantity.quantity>0.000000</in_Quantity.quantity><out_Quantity.quantity>910.994679</out_Quantity.quantity></Point><Point><position>6407</position><in_Quantity.quantity>0.000000</in_Quantity.quantity><out_Quantity.quantity>242.049895</out_Quantity.quantity></Point><Point><position>6408</position><in_Quantity.quantity>0.000000</in_Quantity.quantity><out_Quantity.quantity>533.187382</out_Quantity.quantity></Point><Point><position>6409</position><in_Quantity.quantity>0.000000</in_Quantity.quantity><out_Quantity.quantity>23.594344</out_Quantity.quantity></Point><Point><position>6410</position><in_Quantity.quantity>0.000000</in_Quantity.quantity><out_Quantity.quantity>929.593357</out_Quantity.quantity></Point><Point><position>6411</position><in_Quantity.quantity>0.000000</in_Quantity.quantity><out_Quantity.quantity>602.382811</out_Quantity.quantity></Point><Point><position>6412</position><in_Quantity.quantity>0.000000</in_Quantity.quantity><out_Quantity.quantity>117.409918</out_Quantity.quantity></Point><Point><position>6413</position><in_Quantity.quantity>0.000000</in_Quantity.quantity><out_Quantity.quantity>100.774306</out_Quantity.quantity></Point><Point><position>6414</position><in_Quantity.quantity>0.000000</in_Quantity.quantity><out_Quantity.quantity>544.538606</out_Quantity.quantity></Point><Point><position>6415</position><in_Quantity.quantity>0.000000</in_Quantity.quantity><out_Quantity.quantity>257.571865</out_Quantity.quantity></Point><Point><position>6416</position><in_Quantity.quantity>0.000000</in_Quantity.quantity><out_Quantity.quantity>499.682182</out_Quantity.quantity></Point><Point><position>6417</position><in_Quantity.quantity>0.000000</in_Quantity.quantity><out_Quantity.quantity>73.047953</out_Quantity.quantity></Point><Point><position>6418</position><in_Quantity.quantity>0.000000</in_Quantity.quantity><out_Quantity.quantity>146.246234</out_Quantity.quantity></Point><Point><position>6419</position><in_Quantity.quantity>0.000000</in_Quantity.quantity><out_Quantity.quantity>965.076580</out_Quantity.quantity></Point><Point><position>6420</position><in_Quantity.quantity>0.000000</in_Quantity.quantity><out_Quantity.quantity>755.364832</out_Quantity.quantity></Point><Point><position>6421</position><in_Quantity.quantity>0.000000</in_Quantity.quantity><out_Quantity.quantity>432.847980</out_Quantity.quantity></Point><Point><position>6422</position><in_Quantity.quantity>0.000000</in_Quantity.quantity><out_Quantity.quantity>544.417795</out_Quantity.quantity></Point><Point><position>6423</position><in_Quantity.quantity>0.000000</in_Quantity.quantity><out_Quantity.quantity>862.064844</out_Quantity.quantity></Point><Point><position>6424</position><in_Quantity.quantity>0.000000</in_Quantity.quantity><out_Quantity.quantity>11.443721</out_Quantity.quantity></Point><Point><position>6425</position><in_Quantity.quantity>0.000000</in_Quantity.quantity><out_Quantity.quantity>590.602784</out_Quantity.quantity></Point><Point><position>6426</position><in_Quantity.quantity>0.000000</in_Quantity.quantity><out_Quantity.quantity>426.172323</out_Quantity.quantity></Point><Point><position>6427</position><in_Quantity.quantity>0.000000</in_Quantity.quantity><out_Quantity.quantity>402.474753</out_Quantity.quantity></Point><Point><position>6428</position><in_Quantity.quantity>0.000000</in_Quantity.quantity><out_Quantity.quantity>643.216736</out_Quantity.quantity></Point><Point><position>6429</position><in_Quantity.quantity>0.000000</in_Quantity.quantity><out_Quantity.quantity>733.209681</out_Quantity.quantity></Point><Point><position>6430</position><in_Quantity.quantity>0.000000</in_Quantity.quantity><out_Quantity.quantity>643.297185</out_Quantity.quantity></Point><Point><position>6431</position><in_Quantity.quantity>0.000000</in_Quantity.quantity><out_Quantity.quantity>451.897485</out_Quantity.quantity></Point><Point><position>6432</position><in_Quantity.quantity>0.000000</in_Quantity.quantity><out_Quantity.quantity>4.585137</out_Quantity.quantity></Point><Point><position>6433</position><in_Quantity.quantity>0.000000</in_Quantity.quantity><out_Quantity.quantity>715.653853</out_Quantity.quantity></Point><Point><position>6434</position><in_Quantity.quantity>0.000000</in_Quantity.quantity><out_Quantity.quantity>867.183003</out_Quantity.quantity></Point><Point><position>6435</position><in_Quantity.quantity>0.000000</in_Quantity.quantity><out_Quantity.quantity>822.756310</out_Quantity.quantity></Point><Point><position>6436</position><in_Quantity.quantity>0.000000</in_Quantity.quantity><out_Quantity.quantity>168.149997</out_Quantity.quantity></Point><Point><position>6437</position><in_Quantity.quantity>0.000000</in_Quantity.quantity><out_Quantity.quantity>494.146963</out_Quantity.quantity></Point><Point><position>6438</position><in_Quantity.quantity>0.000000</in_Quantity.quantity><out_Quantity.quantity>529.514525</out_Quantity.quantity></Point><Point><position>6439</position><in_Quantity.quantity>0.000000</in_Quantity.quantity><out_Quantity.quantity>539.580393</out_Quantity.quantity></Point><Point><position>6440</position><in_Quantity.quantity>0.000000</in_Quantity.quantity><out_Quantity.quantity>662.419128</out_Quantity.quantity></Point><Point><position>6441</position><in_Quantity.quantity>0.000000</in_Quantity.quantity><out_Quantity.quantity>684.232589</out_Quantity.quantity></Point><Point><position>6442</position><in_Quantity.quantity>0.000000</in_Quantity.quantity><out_Quantity.quantity>624.140986</out_Quantity.quantity></Point><Point><position>6443</position><in_Quantity.quantity>0.000000</in_Quantity.quantity><out_Quantity.quantity>574.916481</out_Quantity.quantity></Point><Point><position>6444</position><in_Quantity.quantity>0.000000</in_Quantity.quantity><out_Quantity.quantity>387.096322</out_Quantity.quantity></Point><Point><position>6445</position><in_Quantity.quantity>0.000000</in_Quantity.quantity><out_Quantity.quantity>265.044196</out_Quantity.quantity></Point><Point><position>6446</position><in_Quantity.quantity>0.000000</in_Quantity.quantity><out_Quantity.quantity>655.619641</out_Quantity.quantity></Point><Point><position>6447</position><in_Quantity.quantity>0.000000</in_Quantity.quantity><out_Quantity.quantity>675.160731</out_Quantity.quantity></Point><Point><position>6448</position><in_Quantity.quantity>0.000000</in_Quantity.quantity><out_Quantity.quantity>657.541828</out_Quantity.quantity></Point><Point><position>6449</position><in_Quantity.quantity>0.000000</in_Quantity.quantity><out_Quantity.quantity>150.623547</out_Quantity.quantity></Point><Point><position>6450</position><in_Quantity.quantity>0.000000</in_Quantity.quantity><out_Quantity.quantity>625.134211</out_Quantity.quantity></Point><Point><position>6451</position><in_Quantity.quantity>0.000000</in_Quantity.quantity><out_Quantity.quantity>156.340448</out_Quantity.quantity></Point><Point><position>6452</position><in_Quantity.quantity>0.000000</in_Quantity.quantity><out_Quantity.quantity>621.952602</out_Quantity.quantity></Point><Point><position>6453</position><in_Quantity.quantity>0.000000</in_Quantity.quantity><out_Quantity.quantity>485.631804</out_Quantity.quantity></Point><Point><position>6454</position><in_Quantity.quantity>0.000000</in_Quantity.quantity><out_Quantity.quantity>520.508918</out_Quantity.quantity></Point><Point><position>6455</position><in_Quantity.quantity>0.000000</in_Quantity.quantity><out_Quantity.quantity>183.993526</out_Quantity.quantity></Point><Point><position>6456</position><in_Quantity.quantity>0.000000</in_Quantity.quantity><out_Quantity.quantity>701.100316</out_Quantity.quantity></Point><Point><position>6457</position><in_Quantity.quantity>0.000000</in_Quantity.quantity><out_Quantity.quantity>41.787574</out_Quantity.quantity></Point><Point><position>6458</position><in_Quantity.quantity>0.000000</in_Quantity.quantity><out_Quantity.quantity>618.145791</out_Quantity.quantity></Point><Point><position>6459</position><in_Quantity.quantity>0.000000</in_Quantity.quantity><out_Quantity.quantity>795.327951</out_Quantity.quantity></Point><Point><position>6460</position><in_Quantity.quantity>0.000000</in_Quantity.quantity><out_Quantity.quantity>607.587373</out_Quantity.quantity></Point><Point><position>6461</position><in_Quantity.quantity>0.000000</in_Quantity.quantity><out_Quantity.quantity>813.433997</out_Quantity.quantity></Point><Point><position>6462</position><in_Quantity.quantity>0.000000</in_Quantity.quantity><out_Quantity.quantity>349.684791</out_Quantity.quantity></Point><Point><position>6463</position><in_Quantity.quantity>0.000000</in_Quantity.quantity><out_Quantity.quantity>70.587030</out_Quantity.quantity></Point><Point><position>6464</position><in_Quantity.quantity>0.000000</in_Quantity.quantity><out_Quantity.quantity>152.926217</out_Quantity.quantity></Point><Point><position>6465</position><in_Quantity.quantity>0.000000</in_Quantity.quantity><out_Quantity.quantity>153.258518</out_Quantity.quantity></Point><Point><position>6466</position><in_Quantity.quantity>0.000000</in_Quantity.quantity><out_Quantity.quantity>275.426926</out_Quantity.quantity></Point><Point><position>6467</position><in_Quantity.quantity>0.000000</in_Quantity.quantity><out_Quantity.quantity>704.621576</out_Quantity.quantity></Point><Point><position>6468</position><in_Quantity.quantity>0.000000</in_Quantity.quantity><out_Quantity.quantity>629.347102</out_Quantity.quantity></Point><Point><position>6469</position><in_Quantity.quantity>0.000000</in_Quantity.quantity><out_Quantity.quantity>874.157392</out_Quantity.quantity></Point><Point><position>6470</position><in_Quantity.quantity>0.000000</in_Quantity.quantity><out_Quantity.quantity>323.090073</out_Quantity.quantity></Point><Point><position>6471</position><in_Quantity.quantity>0.000000</in_Quantity.quantity><out_Quantity.quantity>548.852411</out_Quantity.quantity></Point><Point><position>6472</position><in_Quantity.quantity>0.000000</in_Quantity.quantity><out_Quantity.quantity>157.404644</out_Quantity.quantity></Point><Point><position>6473</position><in_Quantity.quantity>0.000000</in_Quantity.quantity><out_Quantity.quantity>899.078473</out_Quantity.quantity></Point><Point><position>6474</position><in_Quantity.quantity>0.000000</in_Quantity.quantity><out_Quantity.quantity>155.005735</out_Quantity.quantity></Point><Point><position>6475</position><in_Quantity.quantity>0.000000</in_Quantity.quantity><out_Quantity.quantity>281.652243</out_Quantity.quantity></Point><Point><position>6476</position><in_Quantity.quantity>0.000000</in_Quantity.quantity><out_Quantity.quantity>717.982115</out_Quantity.quantity></Point><Point><position>6477</position><in_Quantity.quantity>0.000000</in_Quantity.quantity><out_Quantity.quantity>769.307843</out_Quantity.quantity></Point><Point><position>6478</position><in_Quantity.quantity>0.000000</in_Quantity.quantity><out_Quantity.quantity>43.626549</out_Quantity.quantity></Point><Point><position>6479</position><in_Quantity.quantity>0.000000</in_Quantity.quantity><out_Quantity.quantity>183.840738</out_Quantity.quantity></Point><Point><position>6480</position><in_Quantity.quantity>0.000000</in_Quantity.quantity><out_Quantity.quantity>411.474540</out_Quantity.quantity></Point><Point><position>6481</position><in_Quantity.quantity>0.000000</in_Quantity.quantity><out_Quantity.quantity>716.150541</out_Quantity.quantity></Point><Point><position>6482</position><in_Quantity.quantity>0.000000</in_Quantity.quantity><out_Quantity.quantity>586.894375</out_Quantity.quantity></Point><Point><position>6483</position><in_Quantity.quantity>0.000000</in_Quantity.quantity><out_Quantity.quantity>270.083039</out_Quantity.quantity></Point><Point><position>6484</position><in_Quantity.quantity>0.000000</in_Quantity.quantity><out_Quantity.quantity>532.704674</out_Quantity.quantity></Point><Point><position>6485</position><in_Quantity.quantity>0.000000</in_Quantity.quantity><out_Quantity.quantity>842.513507</out_Quantity.quantity></Point><Point><position>6486</position><in_Quantity.quantity>0.000000</in_Quantity.quantity><out_Quantity.quantity>672.435981</out_Quantity.quantity></Point><Point><position>6487</position><in_Quantity.quantity>0.000000</in_Quantity.quantity><out_Quantity.quantity>152.850559</out_Quantity.quantity></Point><Point><position>6488</position><in_Quantity.quantity>0.000000</in_Quantity.quantity><out_Quantity.quantity>943.962837</out_Quantity.quantity></Point><Point><position>6489</position><in_Quantity.quantity>0.000000</in_Quantity.quantity><out_Quantity.quantity>823.631962</out_Quantity.quantity></Point><Point><position>6490</position><in_Quantity.quantity>0.000000</in_Quantity.quantity><out_Quantity.quantity>881.232323</out_Quantity.quantity></Point><Point><position>6491</position><in_Quantity.quantity>0.000000</in_Quantity.quantity><out_Quantity.quantity>995.386331</out_Quantity.quantity></Point><Point><position>6492</position><in_Quantity.quantity>0.000000</in_Quantity.quantity><out_Quantity.quantity>298.929635</out_Quantity.quantity></Point><Point><position>6493</position><in_Quantity.quantity>0.000000</in_Quantity.quantity><out_Quantity.quantity>856.707064</out_Quantity.quantity></Point><Point><position>6494</position><in_Quantity.quantity>0.000000</in_Quantity.quantity><out_Quantity.quantity>186.840203</out_Quantity.quantity></Point><Point><position>6495</position><in_Quantity.quantity>0.000000</in_Quantity.quantity><out_Quantity.quantity>1.504211</out_Quantity.quantity></Point><Point><position>6496</position><in_Quantity.quantity>0.000000</in_Quantity.quantity><out_Quantity.quantity>100.834177</out_Quantity.quantity></Point><Point><position>6497</position><in_Quantity.quantity>0.000000</in_Quantity.quantity><out_Quantity.quantity>164.682693</out_Quantity.quantity></Point><Point><position>6498</position><in_Quantity.quantity>0.000000</in_Quantity.quantity><out_Quantity.quantity>446.079293</out_Quantity.quantity></Point><Point><position>6499</position><in_Quantity.quantity>0.000000</in_Quantity.quantity><out_Quantity.quantity>329.933864</out_Quantity.quantity></Point><Point><position>6500</position><in_Quantity.quantity>0.000000</in_Quantity.quantity><out_Quantity.quantity>129.592537</out_Quantity.quantity></Point><Point><position>6501</position><in_Quantity.quantity>0.000000</in_Quantity.quantity><out_Quantity.quantity>699.587623</out_Quantity.quantity></Point><Point><position>6502</position><in_Quantity.quantity>0.000000</in_Quantity.quantity><out_Quantity.quantity>378.523123</out_Quantity.quantity></Point><Point><position>6503</position><in_Quantity.quantity>0.000000</in_Quantity.quantity><out_Quantity.quantity>365.567541</out_Quantity.quantity></Point><Point><position>6504</position><in_Quantity.quantity>0.000000</in_Quantity.quantity><out_Quantity.quantity>137.469548</out_Quantity.quantity></Point><Point><position>6505</position><in_Quantity.quantity>0.000000</in_Quantity.quantity><out_Quantity.quantity>144.948123</out_Quantity.quantity></Point><Point><position>6506</position><in_Quantity.quantity>0.000000</in_Quantity.quantity><out_Quantity.quantity>548.498032</out_Quantity.quantity></Point><Point><position>6507</position><in_Quantity.quantity>0.000000</in_Quantity.quantity><out_Quantity.quantity>945.593552</out_Quantity.quantity></Point><Point><position>6508</position><in_Quantity.quantity>0.000000</in_Quantity.quantity><out_Quantity.quantity>432.659307</out_Quantity.quantity></Point><Point><position>6509</position><in_Quantity.quantity>0.000000</in_Quantity.quantity><out_Quantity.quantity>328.240963</out_Quantity.quantity></Point><Point><position>6510</position><in_Quantity.quantity>0.000000</in_Quantity.quantity><out_Quantity.quantity>54.758251</out_Quantity.quantity></Point><Point><position>6511</position><in_Quantity.quantity>0.000000</in_Quantity.quantity><out_Quantity.quantity>330.110710</out_Quantity.quantity></Point><Point><position>6512</position><in_Quantity.quantity>0.000000</in_Quantity.quantity><out_Quantity.quantity>419.183308</out_Quantity.quantity></Point><Point><position>6513</position><in_Quantity.quantity>0.000000</in_Quantity.quantity><out_Quantity.quantity>966.514781</out_Quantity.quantity></Point><Point><position>6514</position><in_Quantity.quantity>0.000000</in_Quantity.quantity><out_Quantity.quantity>199.597019</out_Quantity.quantity></Point><Point><position>6515</position><in_Quantity.quantity>0.000000</in_Quantity.quantity><out_Quantity.quantity>125.477974</out_Quantity.quantity></Point><Point><position>6516</position><in_Quantity.quantity>0.000000</in_Quantity.quantity><out_Quantity.quantity>136.076640</out_Quantity.quantity></Point><Point><position>6517</position><in_Quantity.quantity>0.000000</in_Quantity.quantity><out_Quantity.quantity>921.422052</out_Quantity.quantity></Point><Point><position>6518</position><in_Quantity.quantity>0.000000</in_Quantity.quantity><out_Quantity.quantity>988.923201</out_Quantity.quantity></Point><Point><position>6519</position><in_Quantity.quantity>0.000000</in_Quantity.quantity><out_Quantity.quantity>955.115984</out_Quantity.quantity></Point><Point><position>6520</position><in_Quantity.quantity>0.000000</in_Quantity.quantity><out_Quantity.quantity>690.129203</out_Quantity.quantity></Point><Point><position>6521</position><in_Quantity.quantity>0.000000</in_Quantity.quantity><out_Quantity.quantity>709.883394</out_Quantity.quantity></Point><Point><position>6522</position><in_Quantity.quantity>0.000000</in_Quantity.quantity><out_Quantity.quantity>406.518949</out_Quantity.quantity></Point><Point><position>6523</position><in_Quantity.quantity>0.000000</in_Quantity.quantity><out_Quantity.quantity>294.355888</out_Quantity.quantity></Point><Point><position>6524</position><in_Quantity.quantity>0.000000</in_Quantity.quantity><out_Quantity.quantity>601.768263</out_Quantity.quantity></Point><Point><position>6525</position><in_Quantity.quantity>0.000000</in_Quantity.quantity><out_Quantity.quantity>789.862546</out_Quantity.quantity></Point><Point><position>6526</position><in_Quantity.quantity>0.000000</in_Quantity.quantity><out_Quantity.quantity>752.782322</out_Quantity.quantity></Point><Point><position>6527</position><in_Quantity.quantity>0.000000</in_Quantity.quantity><out_Quantity.quantity>647.360882</out_Quantity.quantity></Point><Point><position>6528</position><in_Quantity.quantity>0.000000</in_Quantity.quantity><out_Quantity.quantity>565.325811</out_Quantity.quantity></Point><Point><position>6529</position><in_Quantity.quantity>0.000000</in_Quantity.quantity><out_Quantity.quantity>545.486969</out_Quantity.quantity></Point><Point><position>6530</position><in_Quantity.quantity>0.000000</in_Quantity.quantity><out_Quantity.quantity>580.365388</out_Quantity.quantity></Point><Point><position>6531</position><in_Quantity.quantity>0.000000</in_Quantity.quantity><out_Quantity.quantity>812.043456</out_Quantity.quantity></Point><Point><position>6532</position><in_Quantity.quantity>0.000000</in_Quantity.quantity><out_Quantity.quantity>83.288346</out_Quantity.quantity></Point><Point><position>6533</position><in_Quantity.quantity>0.000000</in_Quantity.quantity><out_Quantity.quantity>614.437456</out_Quantity.quantity></Point><Point><position>6534</position><in_Quantity.quantity>0.000000</in_Quantity.quantity><out_Quantity.quantity>971.975571</out_Quantity.quantity></Point><Point><position>6535</position><in_Quantity.quantity>0.000000</in_Quantity.quantity><out_Quantity.quantity>424.614192</out_Quantity.quantity></Point><Point><position>6536</position><in_Quantity.quantity>0.000000</in_Quantity.quantity><out_Quantity.quantity>311.032391</out_Quantity.quantity></Point><Point><position>6537</position><in_Quantity.quantity>0.000000</in_Quantity.quantity><out_Quantity.quantity>213.045569</out_Quantity.quantity></Point><Point><position>6538</position><in_Quantity.quantity>0.000000</in_Quantity.quantity><out_Quantity.quantity>504.802621</out_Quantity.quantity></Point><Point><position>6539</position><in_Quantity.quantity>0.000000</in_Quantity.quantity><out_Quantity.quantity>540.394188</out_Quantity.quantity></Point><Point><position>6540</position><in_Quantity.quantity>0.000000</in_Quantity.quantity><out_Quantity.quantity>918.904138</out_Quantity.quantity></Point><Point><position>6541</position><in_Quantity.quantity>0.000000</in_Quantity.quantity><out_Quantity.quantity>658.486398</out_Quantity.quantity></Point><Point><position>6542</position><in_Quantity.quantity>0.000000</in_Quantity.quantity><out_Quantity.quantity>381.757489</out_Quantity.quantity></Point><Point><position>6543</position><in_Quantity.quantity>0.000000</in_Quantity.quantity><out_Quantity.quantity>190.195515</out_Quantity.quantity></Point><Point><position>6544</position><in_Quantity.quantity>0.000000</in_Quantity.quantity><out_Quantity.quantity>805.161364</out_Quantity.quantity></Point><Point><position>6545</position><in_Quantity.quantity>0.000000</in_Quantity.quantity><out_Quantity.quantity>118.105883</out_Quantity.quantity></Point><Point><position>6546</position><in_Quantity.quantity>0.000000</in_Quantity.quantity><out_Quantity.quantity>209.673309</out_Quantity.quantity></Point><Point><position>6547</position><in_Quantity.quantity>0.000000</in_Quantity.quantity><out_Quantity.quantity>569.348197</out_Quantity.quantity></Point><Point><position>6548</position><in_Quantity.quantity>0.000000</in_Quantity.quantity><out_Quantity.quantity>784.084175</out_Quantity.quantity></Point><Point><position>6549</position><in_Quantity.quantity>0.000000</in_Quantity.quantity><out_Quantity.quantity>761.979787</out_Quantity.quantity></Point><Point><position>6550</position><in_Quantity.quantity>0.000000</in_Quantity.quantity><out_Quantity.quantity>972.516979</out_Quantity.quantity></Point><Point><position>6551</position><in_Quantity.quantity>0.000000</in_Quantity.quantity><out_Quantity.quantity>505.793672</out_Quantity.quantity></Point><Point><position>6552</position><in_Quantity.quantity>0.000000</in_Quantity.quantity><out_Quantity.quantity>351.873870</out_Quantity.quantity></Point><Point><position>6553</position><in_Quantity.quantity>0.000000</in_Quantity.quantity><out_Quantity.quantity>186.863860</out_Quantity.quantity></Point><Point><position>6554</position><in_Quantity.quantity>0.000000</in_Quantity.quantity><out_Quantity.quantity>385.215352</out_Quantity.quantity></Point><Point><position>6555</position><in_Quantity.quantity>0.000000</in_Quantity.quantity><out_Quantity.quantity>842.115928</out_Quantity.quantity></Point><Point><position>6556</position><in_Quantity.quantity>0.000000</in_Quantity.quantity><out_Quantity.quantity>580.759041</out_Quantity.quantity></Point><Point><position>6557</position><in_Quantity.quantity>0.000000</in_Quantity.quantity><out_Quantity.quantity>851.970373</out_Quantity.quantity></Point><Point><position>6558</position><in_Quantity.quantity>0.000000</in_Quantity.quantity><out_Quantity.quantity>203.682003</out_Quantity.quantity></Point><Point><position>6559</position><in_Quantity.quantity>0.000000</in_Quantity.quantity><out_Quantity.quantity>268.967138</out_Quantity.quantity></Point><Point><position>6560</position><in_Quantity.quantity>0.000000</in_Quantity.quantity><out_Quantity.quantity>374.285893</out_Quantity.quantity></Point><Point><position>6561</position><in_Quantity.quantity>0.000000</in_Quantity.quantity><out_Quantity.quantity>876.719255</out_Quantity.quantity></Point><Point><position>6562</position><in_Quantity.quantity>0.000000</in_Quantity.quantity><out_Quantity.quantity>741.939273</out_Quantity.quantity></Point><Point><position>6563</position><in_Quantity.quantity>0.000000</in_Quantity.quantity><out_Quantity.quantity>838.631278</out_Quantity.quantity></Point><Point><position>6564</position><in_Quantity.quantity>0.000000</in_Quantity.quantity><out_Quantity.quantity>921.236436</out_Quantity.quantity></Point><Point><position>6565</position><in_Quantity.quantity>0.000000</in_Quantity.quantity><out_Quantity.quantity>722.970986</out_Quantity.quantity></Point><Point><position>6566</position><in_Quantity.quantity>0.000000</in_Quantity.quantity><out_Quantity.quantity>502.001836</out_Quantity.quantity></Point><Point><position>6567</position><in_Quantity.quantity>0.000000</in_Quantity.quantity><out_Quantity.quantity>589.297023</out_Quantity.quantity></Point><Point><position>6568</position><in_Quantity.quantity>0.000000</in_Quantity.quantity><out_Quantity.quantity>963.768869</out_Quantity.quantity></Point><Point><position>6569</position><in_Quantity.quantity>0.000000</in_Quantity.quantity><out_Quantity.quantity>143.982354</out_Quantity.quantity></Point><Point><position>6570</position><in_Quantity.quantity>0.000000</in_Quantity.quantity><out_Quantity.quantity>288.287138</out_Quantity.quantity></Point><Point><position>6571</position><in_Quantity.quantity>0.000000</in_Quantity.quantity><out_Quantity.quantity>267.797040</out_Quantity.quantity></Point><Point><position>6572</position><in_Quantity.quantity>0.000000</in_Quantity.quantity><out_Quantity.quantity>620.327338</out_Quantity.quantity></Point><Point><position>6573</position><in_Quantity.quantity>0.000000</in_Quantity.quantity><out_Quantity.quantity>627.467243</out_Quantity.quantity></Point><Point><position>6574</position><in_Quantity.quantity>0.000000</in_Quantity.quantity><out_Quantity.quantity>482.920194</out_Quantity.quantity></Point><Point><position>6575</position><in_Quantity.quantity>0.000000</in_Quantity.quantity><out_Quantity.quantity>321.038895</out_Quantity.quantity></Point><Point><position>6576</position><in_Quantity.quantity>0.000000</in_Quantity.quantity><out_Quantity.quantity>892.289679</out_Quantity.quantity></Point><Point><position>6577</position><in_Quantity.quantity>0.000000</in_Quantity.quantity><out_Quantity.quantity>437.450935</out_Quantity.quantity></Point><Point><position>6578</position><in_Quantity.quantity>0.000000</in_Quantity.quantity><out_Quantity.quantity>197.308330</out_Quantity.quantity></Point><Point><position>6579</position><in_Quantity.quantity>0.000000</in_Quantity.quantity><out_Quantity.quantity>100.117917</out_Quantity.quantity></Point><Point><position>6580</position><in_Quantity.quantity>0.000000</in_Quantity.quantity><out_Quantity.quantity>209.739518</out_Quantity.quantity></Point><Point><position>6581</position><in_Quantity.quantity>0.000000</in_Quantity.quantity><out_Quantity.quantity>908.951928</out_Quantity.quantity></Point><Point><position>6582</position><in_Quantity.quantity>0.000000</in_Quantity.quantity><out_Quantity.quantity>301.123014</out_Quantity.quantity></Point><Point><position>6583</position><in_Quantity.quantity>0.000000</in_Quantity.quantity><out_Quantity.quantity>888.692411</out_Quantity.quantity></Point><Point><position>6584</position><in_Quantity.quantity>0.000000</in_Quantity.quantity><out_Quantity.quantity>565.127225</out_Quantity.quantity></Point><Point><position>6585</position><in_Quantity.quantity>0.000000</in_Quantity.quantity><out_Quantity.quantity>408.141223</out_Quantity.quantity></Point><Point><position>6586</position><in_Quantity.quantity>0.000000</in_Quantity.quantity><out_Quantity.quantity>650.245353</out_Quantity.quantity></Point><Point><position>6587</position><in_Quantity.quantity>0.000000</in_Quantity.quantity><out_Quantity.quantity>276.213786</out_Quantity.quantity></Point><Point><position>6588</position><in_Quantity.quantity>0.000000</in_Quantity.quantity><out_Quantity.quantity>235.054551</out_Quantity.quantity></Point><Point><position>6589</position><in_Quantity.quantity>0.000000</in_Quantity.quantity><out_Quantity.quantity>987.193056</out_Quantity.quantity></Point><Point><position>6590</position><in_Quantity.quantity>0.000000</in_Quantity.quantity><out_Quantity.quantity>528.971847</out_Quantity.quantity></Point><Point><position>6591</position><in_Quantity.quantity>0.000000</in_Quantity.quantity><out_Quantity.quantity>275.888986</out_Quantity.quantity></Point><Point><position>6592</position><in_Quantity.quantity>0.000000</in_Quantity.quantity><out_Quantity.quantity>268.281476</out_Quantity.quantity></Point><Point><position>6593</position><in_Quantity.quantity>0.000000</in_Quantity.quantity><out_Quantity.quantity>29.697730</out_Quantity.quantity></Point><Point><position>6594</position><in_Quantity.quantity>0.000000</in_Quantity.quantity><out_Quantity.quantity>514.236528</out_Quantity.quantity></Point><Point><position>6595</position><in_Quantity.quantity>0.000000</in_Quantity.quantity><out_Quantity.quantity>829.360219</out_Quantity.quantity></Point><Point><position>6596</position><in_Quantity.quantity>0.000000</in_Quantity.quantity><out_Quantity.quantity>543.309351</out_Quantity.quantity></Point><Point><position>6597</position><in_Quantity.quantity>0.000000</in_Quantity.quantity><out_Quantity.quantity>853.603380</out_Quantity.quantity></Point><Point><position>6598</position><in_Quantity.quantity>0.000000</in_Quantity.quantity><out_Quantity.quantity>739.238080</out_Quantity.quantity></Point><Point><position>6599</position><in_Quantity.quantity>0.000000</in_Quantity.quantity><out_Quantity.quantity>35.222354</out_Quantity.quantity></Point><Point><position>6600</position><in_Quantity.quantity>0.000000</in_Quantity.quantity><out_Quantity.quantity>820.968121</out_Quantity.quantity></Point><Point><position>6601</position><in_Quantity.quantity>0.000000</in_Quantity.quantity><out_Quantity.quantity>127.189030</out_Quantity.quantity></Point><Point><position>6602</position><in_Quantity.quantity>0.000000</in_Quantity.quantity><out_Quantity.quantity>439.532062</out_Quantity.quantity></Point><Point><position>6603</position><in_Quantity.quantity>0.000000</in_Quantity.quantity><out_Quantity.quantity>842.233312</out_Quantity.quantity></Point><Point><position>6604</position><in_Quantity.quantity>0.000000</in_Quantity.quantity><out_Quantity.quantity>235.149690</out_Quantity.quantity></Point><Point><position>6605</position><in_Quantity.quantity>0.000000</in_Quantity.quantity><out_Quantity.quantity>190.744137</out_Quantity.quantity></Point><Point><position>6606</position><in_Quantity.quantity>0.000000</in_Quantity.quantity><out_Quantity.quantity>948.369539</out_Quantity.quantity></Point><Point><position>6607</position><in_Quantity.quantity>0.000000</in_Quantity.quantity><out_Quantity.quantity>378.733784</out_Quantity.quantity></Point><Point><position>6608</position><in_Quantity.quantity>0.000000</in_Quantity.quantity><out_Quantity.quantity>152.876153</out_Quantity.quantity></Point><Point><position>6609</position><in_Quantity.quantity>0.000000</in_Quantity.quantity><out_Quantity.quantity>847.637300</out_Quantity.quantity></Point><Point><position>6610</position><in_Quantity.quantity>0.000000</in_Quantity.quantity><out_Quantity.quantity>911.545260</out_Quantity.quantity></Point><Point><position>6611</position><in_Quantity.quantity>0.000000</in_Quantity.quantity><out_Quantity.quantity>364.892345</out_Quantity.quantity></Point><Point><position>6612</position><in_Quantity.quantity>0.000000</in_Quantity.quantity><out_Quantity.quantity>325.835119</out_Quantity.quantity></Point><Point><position>6613</position><in_Quantity.quantity>0.000000</in_Quantity.quantity><out_Quantity.quantity>873.688718</out_Quantity.quantity></Point><Point><position>6614</position><in_Quantity.quantity>0.000000</in_Quantity.quantity><out_Quantity.quantity>248.778824</out_Quantity.quantity></Point><Point><position>6615</position><in_Quantity.quantity>0.000000</in_Quantity.quantity><out_Quantity.quantity>279.040346</out_Quantity.quantity></Point><Point><position>6616</position><in_Quantity.quantity>0.000000</in_Quantity.quantity><out_Quantity.quantity>607.945054</out_Quantity.quantity></Point><Point><position>6617</position><in_Quantity.quantity>0.000000</in_Quantity.quantity><out_Quantity.quantity>838.329132</out_Quantity.quantity></Point><Point><position>6618</position><in_Quantity.quantity>0.000000</in_Quantity.quantity><out_Quantity.quantity>661.408570</out_Quantity.quantity></Point><Point><position>6619</position><in_Quantity.quantity>0.000000</in_Quantity.quantity><out_Quantity.quantity>414.347230</out_Quantity.quantity></Point><Point><position>6620</position><in_Quantity.quantity>0.000000</in_Quantity.quantity><out_Quantity.quantity>579.655510</out_Quantity.quantity></Point><Point><position>6621</position><in_Quantity.quantity>0.000000</in_Quantity.quantity><out_Quantity.quantity>30.361165</out_Quantity.quantity></Point><Point><position>6622</position><in_Quantity.quantity>0.000000</in_Quantity.quantity><out_Quantity.quantity>129.335986</out_Quantity.quantity></Point><Point><position>6623</position><in_Quantity.quantity>0.000000</in_Quantity.quantity><out_Quantity.quantity>328.573732</out_Quantity.quantity></Point><Point><position>6624</position><in_Quantity.quantity>0.000000</in_Quantity.quantity><out_Quantity.quantity>767.009021</out_Quantity.quantity></Point><Point><position>6625</position><in_Quantity.quantity>0.000000</in_Quantity.quantity><out_Quantity.quantity>877.226789</out_Quantity.quantity></Point><Point><position>6626</position><in_Quantity.quantity>0.000000</in_Quantity.quantity><out_Quantity.quantity>898.451041</out_Quantity.quantity></Point><Point><position>6627</position><in_Quantity.quantity>0.000000</in_Quantity.quantity><out_Quantity.quantity>564.239477</out_Quantity.quantity></Point><Point><position>6628</position><in_Quantity.quantity>0.000000</in_Quantity.quantity><out_Quantity.quantity>297.839316</out_Quantity.quantity></Point><Point><position>6629</position><in_Quantity.quantity>0.000000</in_Quantity.quantity><out_Quantity.quantity>72.950514</out_Quantity.quantity></Point><Point><position>6630</position><in_Quantity.quantity>0.000000</in_Quantity.quantity><out_Quantity.quantity>707.919240</out_Quantity.quantity></Point><Point><position>6631</position><in_Quantity.quantity>0.000000</in_Quantity.quantity><out_Quantity.quantity>246.325996</out_Quantity.quantity></Point><Point><position>6632</position><in_Quantity.quantity>0.000000</in_Quantity.quantity><out_Quantity.quantity>822.004205</out_Quantity.quantity></Point><Point><position>6633</position><in_Quantity.quantity>0.000000</in_Quantity.quantity><out_Quantity.quantity>163.354571</out_Quantity.quantity></Point><Point><position>6634</position><in_Quantity.quantity>0.000000</in_Quantity.quantity><out_Quantity.quantity>349.395257</out_Quantity.quantity></Point><Point><position>6635</position><in_Quantity.quantity>0.000000</in_Quantity.quantity><out_Quantity.quantity>574.169012</out_Quantity.quantity></Point><Point><position>6636</position><in_Quantity.quantity>0.000000</in_Quantity.quantity><out_Quantity.quantity>755.507449</out_Quantity.quantity></Point><Point><position>6637</position><in_Quantity.quantity>0.000000</in_Quantity.quantity><out_Quantity.quantity>756.324657</out_Quantity.quantity></Point><Point><position>6638</position><in_Quantity.quantity>0.000000</in_Quantity.quantity><out_Quantity.quantity>948.071998</out_Quantity.quantity></Point><Point><position>6639</position><in_Quantity.quantity>0.000000</in_Quantity.quantity><out_Quantity.quantity>782.756652</out_Quantity.quantity></Point><Point><position>6640</position><in_Quantity.quantity>0.000000</in_Quantity.quantity><out_Quantity.quantity>238.963264</out_Quantity.quantity></Point><Point><position>6641</position><in_Quantity.quantity>0.000000</in_Quantity.quantity><out_Quantity.quantity>478.947604</out_Quantity.quantity></Point><Point><position>6642</position><in_Quantity.quantity>0.000000</in_Quantity.quantity><out_Quantity.quantity>797.434273</out_Quantity.quantity></Point><Point><position>6643</position><in_Quantity.quantity>0.000000</in_Quantity.quantity><out_Quantity.quantity>234.538824</out_Quantity.quantity></Point><Point><position>6644</position><in_Quantity.quantity>0.000000</in_Quantity.quantity><out_Quantity.quantity>455.456255</out_Quantity.quantity></Point><Point><position>6645</position><in_Quantity.quantity>0.000000</in_Quantity.quantity><out_Quantity.quantity>860.280121</out_Quantity.quantity></Point><Point><position>6646</position><in_Quantity.quantity>0.000000</in_Quantity.quantity><out_Quantity.quantity>769.636229</out_Quantity.quantity></Point><Point><position>6647</position><in_Quantity.quantity>0.000000</in_Quantity.quantity><out_Quantity.quantity>877.774617</out_Quantity.quantity></Point><Point><position>6648</position><in_Quantity.quantity>0.000000</in_Quantity.quantity><out_Quantity.quantity>722.084054</out_Quantity.quantity></Point><Point><position>6649</position><in_Quantity.quantity>0.000000</in_Quantity.quantity><out_Quantity.quantity>79.083615</out_Quantity.quantity></Point><Point><position>6650</position><in_Quantity.quantity>0.000000</in_Quantity.quantity><out_Quantity.quantity>506.118886</out_Quantity.quantity></Point><Point><position>6651</position><in_Quantity.quantity>0.000000</in_Quantity.quantity><out_Quantity.quantity>871.307523</out_Quantity.quantity></Point><Point><position>6652</position><in_Quantity.quantity>0.000000</in_Quantity.quantity><out_Quantity.quantity>35.243273</out_Quantity.quantity></Point><Point><position>6653</position><in_Quantity.quantity>0.000000</in_Quantity.quantity><out_Quantity.quantity>989.719802</out_Quantity.quantity></Point><Point><position>6654</position><in_Quantity.quantity>0.000000</in_Quantity.quantity><out_Quantity.quantity>102.859196</out_Quantity.quantity></Point><Point><position>6655</position><in_Quantity.quantity>0.000000</in_Quantity.quantity><out_Quantity.quantity>144.686205</out_Quantity.quantity></Point><Point><position>6656</position><in_Quantity.quantity>0.000000</in_Quantity.quantity><out_Quantity.quantity>234.725141</out_Quantity.quantity></Point><Point><position>6657</position><in_Quantity.quantity>0.000000</in_Quantity.quantity><out_Quantity.quantity>585.349022</out_Quantity.quantity></Point><Point><position>6658</position><in_Quantity.quantity>0.000000</in_Quantity.quantity><out_Quantity.quantity>396.235184</out_Quantity.quantity></Point><Point><position>6659</position><in_Quantity.quantity>0.000000</in_Quantity.quantity><out_Quantity.quantity>727.990817</out_Quantity.quantity></Point><Point><position>6660</position><in_Quantity.quantity>0.000000</in_Quantity.quantity><out_Quantity.quantity>530.667264</out_Quantity.quantity></Point><Point><position>6661</position><in_Quantity.quantity>0.000000</in_Quantity.quantity><out_Quantity.quantity>535.566834</out_Quantity.quantity></Point><Point><position>6662</position><in_Quantity.quantity>0.000000</in_Quantity.quantity><out_Quantity.quantity>643.805463</out_Quantity.quantity></Point><Point><position>6663</position><in_Quantity.quantity>0.000000</in_Quantity.quantity><out_Quantity.quantity>700.120839</out_Quantity.quantity></Point><Point><position>6664</position><in_Quantity.quantity>0.000000</in_Quantity.quantity><out_Quantity.quantity>975.973321</out_Quantity.quantity></Point><Point><position>6665</position><in_Quantity.quantity>0.000000</in_Quantity.quantity><out_Quantity.quantity>875.331983</out_Quantity.quantity></Point><Point><position>6666</position><in_Quantity.quantity>0.000000</in_Quantity.quantity><out_Quantity.quantity>159.006305</out_Quantity.quantity></Point><Point><position>6667</position><in_Quantity.quantity>0.000000</in_Quantity.quantity><out_Quantity.quantity>96.698123</out_Quantity.quantity></Point><Point><position>6668</position><in_Quantity.quantity>0.000000</in_Quantity.quantity><out_Quantity.quantity>320.335722</out_Quantity.quantity></Point><Point><position>6669</position><in_Quantity.quantity>0.000000</in_Quantity.quantity><out_Quantity.quantity>940.391750</out_Quantity.quantity></Point><Point><position>6670</position><in_Quantity.quantity>0.000000</in_Quantity.quantity><out_Quantity.quantity>175.602864</out_Quantity.quantity></Point><Point><position>6671</position><in_Quantity.quantity>0.000000</in_Quantity.quantity><out_Quantity.quantity>286.494979</out_Quantity.quantity></Point><Point><position>6672</position><in_Quantity.quantity>0.000000</in_Quantity.quantity><out_Quantity.quantity>944.508207</out_Quantity.quantity></Point><Point><position>6673</position><in_Quantity.quantity>0.000000</in_Quantity.quantity><out_Quantity.quantity>542.471690</out_Quantity.quantity></Point><Point><position>6674</position><in_Quantity.quantity>0.000000</in_Quantity.quantity><out_Quantity.quantity>544.556979</out_Quantity.quantity></Point><Point><position>6675</position><in_Quantity.quantity>0.000000</in_Quantity.quantity><out_Quantity.quantity>153.949713</out_Quantity.quantity></Point><Point><position>6676</position><in_Quantity.quantity>0.000000</in_Quantity.quantity><out_Quantity.quantity>590.925338</out_Quantity.quantity></Point><Point><position>6677</position><in_Quantity.quantity>0.000000</in_Quantity.quantity><out_Quantity.quantity>23.517169</out_Quantity.quantity></Point><Point><position>6678</position><in_Quantity.quantity>0.000000</in_Quantity.quantity><out_Quantity.quantity>741.699825</out_Quantity.quantity></Point><Point><position>6679</position><in_Quantity.quantity>0.000000</in_Quantity.quantity><out_Quantity.quantity>918.478884</out_Quantity.quantity></Point><Point><position>6680</position><in_Quantity.quantity>0.000000</in_Quantity.quantity><out_Quantity.quantity>761.296189</out_Quantity.quantity></Point><Point><position>6681</position><in_Quantity.quantity>0.000000</in_Quantity.quantity><out_Quantity.quantity>365.444182</out_Quantity.quantity></Point><Point><position>6682</position><in_Quantity.quantity>0.000000</in_Quantity.quantity><out_Quantity.quantity>684.306787</out_Quantity.quantity></Point><Point><position>6683</position><in_Quantity.quantity>0.000000</in_Quantity.quantity><out_Quantity.quantity>879.729685</out_Quantity.quantity></Point><Point><position>6684</position><in_Quantity.quantity>0.000000</in_Quantity.quantity><out_Quantity.quantity>872.603185</out_Quantity.quantity></Point><Point><position>6685</position><in_Quantity.quantity>0.000000</in_Quantity.quantity><out_Quantity.quantity>87.406778</out_Quantity.quantity></Point><Point><position>6686</position><in_Quantity.quantity>0.000000</in_Quantity.quantity><out_Quantity.quantity>14.294526</out_Quantity.quantity></Point><Point><position>6687</position><in_Quantity.quantity>0.000000</in_Quantity.quantity><out_Quantity.quantity>37.040467</out_Quantity.quantity></Point><Point><position>6688</position><in_Quantity.quantity>0.000000</in_Quantity.quantity><out_Quantity.quantity>945.407487</out_Quantity.quantity></Point><Point><position>6689</position><in_Quantity.quantity>0.000000</in_Quantity.quantity><out_Quantity.quantity>32.274587</out_Quantity.quantity></Point><Point><position>6690</position><in_Quantity.quantity>0.000000</in_Quantity.quantity><out_Quantity.quantity>823.072791</out_Quantity.quantity></Point><Point><position>6691</position><in_Quantity.quantity>0.000000</in_Quantity.quantity><out_Quantity.quantity>261.323851</out_Quantity.quantity></Point><Point><position>6692</position><in_Quantity.quantity>0.000000</in_Quantity.quantity><out_Quantity.quantity>998.405852</out_Quantity.quantity></Point><Point><position>6693</position><in_Quantity.quantity>0.000000</in_Quantity.quantity><out_Quantity.quantity>440.266190</out_Quantity.quantity></Point><Point><position>6694</position><in_Quantity.quantity>0.000000</in_Quantity.quantity><out_Quantity.quantity>830.054283</out_Quantity.quantity></Point><Point><position>6695</position><in_Quantity.quantity>0.000000</in_Quantity.quantity><out_Quantity.quantity>436.940714</out_Quantity.quantity></Point><Point><position>6696</position><in_Quantity.quantity>0.000000</in_Quantity.quantity><out_Quantity.quantity>953.183547</out_Quantity.quantity></Point><Point><position>6697</position><in_Quantity.quantity>0.000000</in_Quantity.quantity><out_Quantity.quantity>330.953155</out_Quantity.quantity></Point><Point><position>6698</position><in_Quantity.quantity>0.000000</in_Quantity.quantity><out_Quantity.quantity>79.251842</out_Quantity.quantity></Point><Point><position>6699</position><in_Quantity.quantity>0.000000</in_Quantity.quantity><out_Quantity.quantity>937.298858</out_Quantity.quantity></Point><Point><position>6700</position><in_Quantity.quantity>0.000000</in_Quantity.quantity><out_Quantity.quantity>147.437300</out_Quantity.quantity></Point><Point><position>6701</position><in_Quantity.quantity>0.000000</in_Quantity.quantity><out_Quantity.quantity>404.610817</out_Quantity.quantity></Point><Point><position>6702</position><in_Quantity.quantity>0.000000</in_Quantity.quantity><out_Quantity.quantity>169.799194</out_Quantity.quantity></Point><Point><position>6703</position><in_Quantity.quantity>0.000000</in_Quantity.quantity><out_Quantity.quantity>653.205639</out_Quantity.quantity></Point><Point><position>6704</position><in_Quantity.quantity>0.000000</in_Quantity.quantity><out_Quantity.quantity>672.132177</out_Quantity.quantity></Point><Point><position>6705</position><in_Quantity.quantity>0.000000</in_Quantity.quantity><out_Quantity.quantity>823.646411</out_Quantity.quantity></Point><Point><position>6706</position><in_Quantity.quantity>0.000000</in_Quantity.quantity><out_Quantity.quantity>996.042532</out_Quantity.quantity></Point><Point><position>6707</position><in_Quantity.quantity>0.000000</in_Quantity.quantity><out_Quantity.quantity>66.601677</out_Quantity.quantity></Point><Point><position>6708</position><in_Quantity.quantity>0.000000</in_Quantity.quantity><out_Quantity.quantity>745.379555</out_Quantity.quantity></Point><Point><position>6709</position><in_Quantity.quantity>0.000000</in_Quantity.quantity><out_Quantity.quantity>721.213567</out_Quantity.quantity></Point><Point><position>6710</position><in_Quantity.quantity>0.000000</in_Quantity.quantity><out_Quantity.quantity>238.262395</out_Quantity.quantity></Point><Point><position>6711</position><in_Quantity.quantity>0.000000</in_Quantity.quantity><out_Quantity.quantity>606.569762</out_Quantity.quantity></Point><Point><position>6712</position><in_Quantity.quantity>0.000000</in_Quantity.quantity><out_Quantity.quantity>740.114826</out_Quantity.quantity></Point><Point><position>6713</position><in_Quantity.quantity>0.000000</in_Quantity.quantity><out_Quantity.quantity>197.744370</out_Quantity.quantity></Point><Point><position>6714</position><in_Quantity.quantity>0.000000</in_Quantity.quantity><out_Quantity.quantity>806.365001</out_Quantity.quantity></Point><Point><position>6715</position><in_Quantity.quantity>0.000000</in_Quantity.quantity><out_Quantity.quantity>744.232263</out_Quantity.quantity></Point><Point><position>6716</position><in_Quantity.quantity>0.000000</in_Quantity.quantity><out_Quantity.quantity>520.256176</out_Quantity.quantity></Point><Point><position>6717</position><in_Quantity.quantity>0.000000</in_Quantity.quantity><out_Quantity.quantity>415.684536</out_Quantity.quantity></Point><Point><position>6718</position><in_Quantity.quantity>0.000000</in_Quantity.quantity><out_Quantity.quantity>263.289544</out_Quantity.quantity></Point><Point><position>6719</position><in_Quantity.quantity>0.000000</in_Quantity.quantity><out_Quantity.quantity>608.943040</out_Quantity.quantity></Point><Point><position>6720</position><in_Quantity.quantity>0.000000</in_Quantity.quantity><out_Quantity.quantity>858.679364</out_Quantity.quantity></Point><Point><position>6721</position><in_Quantity.quantity>0.000000</in_Quantity.quantity><out_Quantity.quantity>695.559937</out_Quantity.quantity></Point><Point><position>6722</position><in_Quantity.quantity>0.000000</in_Quantity.quantity><out_Quantity.quantity>381.374858</out_Quantity.quantity></Point><Point><position>6723</position><in_Quantity.quantity>0.000000</in_Quantity.quantity><out_Quantity.quantity>6.012258</out_Quantity.quantity></Point><Point><position>6724</position><in_Quantity.quantity>0.000000</in_Quantity.quantity><out_Quantity.quantity>717.263732</out_Quantity.quantity></Point><Point><position>6725</position><in_Quantity.quantity>0.000000</in_Quantity.quantity><out_Quantity.quantity>339.534998</out_Quantity.quantity></Point><Point><position>6726</position><in_Quantity.quantity>0.000000</in_Quantity.quantity><out_Quantity.quantity>43.690355</out_Quantity.quantity></Point><Point><position>6727</position><in_Quantity.quantity>0.000000</in_Quantity.quantity><out_Quantity.quantity>295.040585</out_Quantity.quantity></Point><Point><position>6728</position><in_Quantity.quantity>0.000000</in_Quantity.quantity><out_Quantity.quantity>139.239740</out_Quantity.quantity></Point><Point><position>6729</position><in_Quantity.quantity>0.000000</in_Quantity.quantity><out_Quantity.quantity>792.116354</out_Quantity.quantity></Point><Point><position>6730</position><in_Quantity.quantity>0.000000</in_Quantity.quantity><out_Quantity.quantity>228.230442</out_Quantity.quantity></Point><Point><position>6731</position><in_Quantity.quantity>0.000000</in_Quantity.quantity><out_Quantity.quantity>979.456080</out_Quantity.quantity></Point><Point><position>6732</position><in_Quantity.quantity>0.000000</in_Quantity.quantity><out_Quantity.quantity>267.484926</out_Quantity.quantity></Point><Point><position>6733</position><in_Quantity.quantity>0.000000</in_Quantity.quantity><out_Quantity.quantity>354.144091</out_Quantity.quantity></Point><Point><position>6734</position><in_Quantity.quantity>0.000000</in_Quantity.quantity><out_Quantity.quantity>618.575086</out_Quantity.quantity></Point><Point><position>6735</position><in_Quantity.quantity>0.000000</in_Quantity.quantity><out_Quantity.quantity>996.137793</out_Quantity.quantity></Point><Point><position>6736</position><in_Quantity.quantity>0.000000</in_Quantity.quantity><out_Quantity.quantity>265.271483</out_Quantity.quantity></Point><Point><position>6737</position><in_Quantity.quantity>0.000000</in_Quantity.quantity><out_Quantity.quantity>728.546933</out_Quantity.quantity></Point><Point><position>6738</position><in_Quantity.quantity>0.000000</in_Quantity.quantity><out_Quantity.quantity>108.307197</out_Quantity.quantity></Point><Point><position>6739</position><in_Quantity.quantity>0.000000</in_Quantity.quantity><out_Quantity.quantity>34.271472</out_Quantity.quantity></Point><Point><position>6740</position><in_Quantity.quantity>0.000000</in_Quantity.quantity><out_Quantity.quantity>416.186275</out_Quantity.quantity></Point><Point><position>6741</position><in_Quantity.quantity>0.000000</in_Quantity.quantity><out_Quantity.quantity>983.713385</out_Quantity.quantity></Point><Point><position>6742</position><in_Quantity.quantity>0.000000</in_Quantity.quantity><out_Quantity.quantity>15.214289</out_Quantity.quantity></Point><Point><position>6743</position><in_Quantity.quantity>0.000000</in_Quantity.quantity><out_Quantity.quantity>966.731331</out_Quantity.quantity></Point><Point><position>6744</position><in_Quantity.quantity>0.000000</in_Quantity.quantity><out_Quantity.quantity>332.065940</out_Quantity.quantity></Point><Point><position>6745</position><in_Quantity.quantity>0.000000</in_Quantity.quantity><out_Quantity.quantity>823.415623</out_Quantity.quantity></Point><Point><position>6746</position><in_Quantity.quantity>0.000000</in_Quantity.quantity><out_Quantity.quantity>140.082841</out_Quantity.quantity></Point><Point><position>6747</position><in_Quantity.quantity>0.000000</in_Quantity.quantity><out_Quantity.quantity>161.188523</out_Quantity.quantity></Point><Point><position>6748</position><in_Quantity.quantity>0.000000</in_Quantity.quantity><out_Quantity.quantity>227.144485</out_Quantity.quantity></Point><Point><position>6749</position><in_Quantity.quantity>0.000000</in_Quantity.quantity><out_Quantity.quantity>609.558591</out_Quantity.quantity></Point><Point><position>6750</position><in_Quantity.quantity>0.000000</in_Quantity.quantity><out_Quantity.quantity>382.677338</out_Quantity.quantity></Point><Point><position>6751</position><in_Quantity.quantity>0.000000</in_Quantity.quantity><out_Quantity.quantity>175.245585</out_Quantity.quantity></Point><Point><position>6752</position><in_Quantity.quantity>0.000000</in_Quantity.quantity><out_Quantity.quantity>905.801475</out_Quantity.quantity></Point><Point><position>6753</position><in_Quantity.quantity>0.000000</in_Quantity.quantity><out_Quantity.quantity>275.853351</out_Quantity.quantity></Point><Point><position>6754</position><in_Quantity.quantity>0.000000</in_Quantity.quantity><out_Quantity.quantity>422.286854</out_Quantity.quantity></Point><Point><position>6755</position><in_Quantity.quantity>0.000000</in_Quantity.quantity><out_Quantity.quantity>601.307403</out_Quantity.quantity></Point><Point><position>6756</position><in_Quantity.quantity>0.000000</in_Quantity.quantity><out_Quantity.quantity>239.195083</out_Quantity.quantity></Point><Point><position>6757</position><in_Quantity.quantity>0.000000</in_Quantity.quantity><out_Quantity.quantity>157.956300</out_Quantity.quantity></Point><Point><position>6758</position><in_Quantity.quantity>0.000000</in_Quantity.quantity><out_Quantity.quantity>147.516685</out_Quantity.quantity></Point><Point><position>6759</position><in_Quantity.quantity>0.000000</in_Quantity.quantity><out_Quantity.quantity>97.337143</out_Quantity.quantity></Point><Point><position>6760</position><in_Quantity.quantity>0.000000</in_Quantity.quantity><out_Quantity.quantity>795.717746</out_Quantity.quantity></Point><Point><position>6761</position><in_Quantity.quantity>0.000000</in_Quantity.quantity><out_Quantity.quantity>241.347131</out_Quantity.quantity></Point><Point><position>6762</position><in_Quantity.quantity>0.000000</in_Quantity.quantity><out_Quantity.quantity>770.654403</out_Quantity.quantity></Point><Point><position>6763</position><in_Quantity.quantity>0.000000</in_Quantity.quantity><out_Quantity.quantity>952.298084</out_Quantity.quantity></Point><Point><position>6764</position><in_Quantity.quantity>0.000000</in_Quantity.quantity><out_Quantity.quantity>96.814525</out_Quantity.quantity></Point><Point><position>6765</position><in_Quantity.quantity>0.000000</in_Quantity.quantity><out_Quantity.quantity>887.190414</out_Quantity.quantity></Point><Point><position>6766</position><in_Quantity.quantity>0.000000</in_Quantity.quantity><out_Quantity.quantity>274.347839</out_Quantity.quantity></Point><Point><position>6767</position><in_Quantity.quantity>0.000000</in_Quantity.quantity><out_Quantity.quantity>632.207427</out_Quantity.quantity></Point><Point><position>6768</position><in_Quantity.quantity>0.000000</in_Quantity.quantity><out_Quantity.quantity>186.030640</out_Quantity.quantity></Point><Point><position>6769</position><in_Quantity.quantity>0.000000</in_Quantity.quantity><out_Quantity.quantity>559.958485</out_Quantity.quantity></Point><Point><position>6770</position><in_Quantity.quantity>0.000000</in_Quantity.quantity><out_Quantity.quantity>863.539925</out_Quantity.quantity></Point><Point><position>6771</position><in_Quantity.quantity>0.000000</in_Quantity.quantity><out_Quantity.quantity>171.411408</out_Quantity.quantity></Point><Point><position>6772</position><in_Quantity.quantity>0.000000</in_Quantity.quantity><out_Quantity.quantity>839.799583</out_Quantity.quantity></Point><Point><position>6773</position><in_Quantity.quantity>0.000000</in_Quantity.quantity><out_Quantity.quantity>125.251124</out_Quantity.quantity></Point><Point><position>6774</position><in_Quantity.quantity>0.000000</in_Quantity.quantity><out_Quantity.quantity>846.933361</out_Quantity.quantity></Point><Point><position>6775</position><in_Quantity.quantity>0.000000</in_Quantity.quantity><out_Quantity.quantity>859.211479</out_Quantity.quantity></Point><Point><position>6776</position><in_Quantity.quantity>0.000000</in_Quantity.quantity><out_Quantity.quantity>126.441726</out_Quantity.quantity></Point><Point><position>6777</position><in_Quantity.quantity>0.000000</in_Quantity.quantity><out_Quantity.quantity>278.805638</out_Quantity.quantity></Point><Point><position>6778</position><in_Quantity.quantity>0.000000</in_Quantity.quantity><out_Quantity.quantity>832.188825</out_Quantity.quantity></Point><Point><position>6779</position><in_Quantity.quantity>0.000000</in_Quantity.quantity><out_Quantity.quantity>882.509936</out_Quantity.quantity></Point><Point><position>6780</position><in_Quantity.quantity>0.000000</in_Quantity.quantity><out_Quantity.quantity>363.392604</out_Quantity.quantity></Point><Point><position>6781</position><in_Quantity.quantity>0.000000</in_Quantity.quantity><out_Quantity.quantity>941.877701</out_Quantity.quantity></Point><Point><position>6782</position><in_Quantity.quantity>0.000000</in_Quantity.quantity><out_Quantity.quantity>323.615706</out_Quantity.quantity></Point><Point><position>6783</position><in_Quantity.quantity>0.000000</in_Quantity.quantity><out_Quantity.quantity>579.122799</out_Quantity.quantity></Point><Point><position>6784</position><in_Quantity.quantity>0.000000</in_Quantity.quantity><out_Quantity.quantity>848.416760</out_Quantity.quantity></Point><Point><position>6785</position><in_Quantity.quantity>0.000000</in_Quantity.quantity><out_Quantity.quantity>48.913237</out_Quantity.quantity></Point><Point><position>6786</position><in_Quantity.quantity>0.000000</in_Quantity.quantity><out_Quantity.quantity>8.846021</out_Quantity.quantity></Point><Point><position>6787</position><in_Quantity.quantity>0.000000</in_Quantity.quantity><out_Quantity.quantity>345.839122</out_Quantity.quantity></Point><Point><position>6788</position><in_Quantity.quantity>0.000000</in_Quantity.quantity><out_Quantity.quantity>864.991814</out_Quantity.quantity></Point><Point><position>6789</position><in_Quantity.quantity>0.000000</in_Quantity.quantity><out_Quantity.quantity>462.987954</out_Quantity.quantity></Point><Point><position>6790</position><in_Quantity.quantity>0.000000</in_Quantity.quantity><out_Quantity.quantity>552.417072</out_Quantity.quantity></Point><Point><position>6791</position><in_Quantity.quantity>0.000000</in_Quantity.quantity><out_Quantity.quantity>354.010754</out_Quantity.quantity></Point><Point><position>6792</position><in_Quantity.quantity>0.000000</in_Quantity.quantity><out_Quantity.quantity>905.840772</out_Quantity.quantity></Point><Point><position>6793</position><in_Quantity.quantity>0.000000</in_Quantity.quantity><out_Quantity.quantity>149.528248</out_Quantity.quantity></Point><Point><position>6794</position><in_Quantity.quantity>0.000000</in_Quantity.quantity><out_Quantity.quantity>763.307294</out_Quantity.quantity></Point><Point><position>6795</position><in_Quantity.quantity>0.000000</in_Quantity.quantity><out_Quantity.quantity>884.996147</out_Quantity.quantity></Point><Point><position>6796</position><in_Quantity.quantity>0.000000</in_Quantity.quantity><out_Quantity.quantity>477.922963</out_Quantity.quantity></Point><Point><position>6797</position><in_Quantity.quantity>0.000000</in_Quantity.quantity><out_Quantity.quantity>566.008115</out_Quantity.quantity></Point><Point><position>6798</position><in_Quantity.quantity>0.000000</in_Quantity.quantity><out_Quantity.quantity>138.254271</out_Quantity.quantity></Point><Point><position>6799</position><in_Quantity.quantity>0.000000</in_Quantity.quantity><out_Quantity.quantity>891.851843</out_Quantity.quantity></Point><Point><position>6800</position><in_Quantity.quantity>0.000000</in_Quantity.quantity><out_Quantity.quantity>861.393451</out_Quantity.quantity></Point><Point><position>6801</position><in_Quantity.quantity>0.000000</in_Quantity.quantity><out_Quantity.quantity>554.743471</out_Quantity.quantity></Point><Point><position>6802</position><in_Quantity.quantity>0.000000</in_Quantity.quantity><out_Quantity.quantity>9.888907</out_Quantity.quantity></Point><Point><position>6803</position><in_Quantity.quantity>0.000000</in_Quantity.quantity><out_Quantity.quantity>712.896657</out_Quantity.quantity></Point><Point><position>6804</position><in_Quantity.quantity>0.000000</in_Quantity.quantity><out_Quantity.quantity>372.234231</out_Quantity.quantity></Point><Point><position>6805</position><in_Quantity.quantity>0.000000</in_Quantity.quantity><out_Quantity.quantity>757.066771</out_Quantity.quantity></Point><Point><position>6806</position><in_Quantity.quantity>0.000000</in_Quantity.quantity><out_Quantity.quantity>502.014407</out_Quantity.quantity></Point><Point><position>6807</position><in_Quantity.quantity>0.000000</in_Quantity.quantity><out_Quantity.quantity>41.429204</out_Quantity.quantity></Point><Point><position>6808</position><in_Quantity.quantity>0.000000</in_Quantity.quantity><out_Quantity.quantity>498.711351</out_Quantity.quantity></Point><Point><position>6809</position><in_Quantity.quantity>0.000000</in_Quantity.quantity><out_Quantity.quantity>823.218857</out_Quantity.quantity></Point><Point><position>6810</position><in_Quantity.quantity>0.000000</in_Quantity.quantity><out_Quantity.quantity>400.388379</out_Quantity.quantity></Point><Point><position>6811</position><in_Quantity.quantity>0.000000</in_Quantity.quantity><out_Quantity.quantity>723.362714</out_Quantity.quantity></Point><Point><position>6812</position><in_Quantity.quantity>0.000000</in_Quantity.quantity><out_Quantity.quantity>279.687103</out_Quantity.quantity></Point><Point><position>6813</position><in_Quantity.quantity>0.000000</in_Quantity.quantity><out_Quantity.quantity>193.838036</out_Quantity.quantity></Point><Point><position>6814</position><in_Quantity.quantity>0.000000</in_Quantity.quantity><out_Quantity.quantity>413.862931</out_Quantity.quantity></Point><Point><position>6815</position><in_Quantity.quantity>0.000000</in_Quantity.quantity><out_Quantity.quantity>524.580995</out_Quantity.quantity></Point><Point><position>6816</position><in_Quantity.quantity>0.000000</in_Quantity.quantity><out_Quantity.quantity>274.832803</out_Quantity.quantity></Point><Point><position>6817</position><in_Quantity.quantity>0.000000</in_Quantity.quantity><out_Quantity.quantity>971.535615</out_Quantity.quantity></Point><Point><position>6818</position><in_Quantity.quantity>0.000000</in_Quantity.quantity><out_Quantity.quantity>95.852651</out_Quantity.quantity></Point><Point><position>6819</position><in_Quantity.quantity>0.000000</in_Quantity.quantity><out_Quantity.quantity>98.097416</out_Quantity.quantity></Point><Point><position>6820</position><in_Quantity.quantity>0.000000</in_Quantity.quantity><out_Quantity.quantity>76.116347</out_Quantity.quantity></Point><Point><position>6821</position><in_Quantity.quantity>0.000000</in_Quantity.quantity><out_Quantity.quantity>567.140657</out_Quantity.quantity></Point><Point><position>6822</position><in_Quantity.quantity>0.000000</in_Quantity.quantity><out_Quantity.quantity>421.290463</out_Quantity.quantity></Point><Point><position>6823</position><in_Quantity.quantity>0.000000</in_Quantity.quantity><out_Quantity.quantity>705.307920</out_Quantity.quantity></Point><Point><position>6824</position><in_Quantity.quantity>0.000000</in_Quantity.quantity><out_Quantity.quantity>693.920143</out_Quantity.quantity></Point><Point><position>6825</position><in_Quantity.quantity>0.000000</in_Quantity.quantity><out_Quantity.quantity>898.695053</out_Quantity.quantity></Point><Point><position>6826</position><in_Quantity.quantity>0.000000</in_Quantity.quantity><out_Quantity.quantity>392.728030</out_Quantity.quantity></Point><Point><position>6827</position><in_Quantity.quantity>0.000000</in_Quantity.quantity><out_Quantity.quantity>50.597597</out_Quantity.quantity></Point><Point><position>6828</position><in_Quantity.quantity>0.000000</in_Quantity.quantity><out_Quantity.quantity>332.451540</out_Quantity.quantity></Point><Point><position>6829</position><in_Quantity.quantity>0.000000</in_Quantity.quantity><out_Quantity.quantity>57.169935</out_Quantity.quantity></Point><Point><position>6830</position><in_Quantity.quantity>0.000000</in_Quantity.quantity><out_Quantity.quantity>219.768322</out_Quantity.quantity></Point><Point><position>6831</position><in_Quantity.quantity>0.000000</in_Quantity.quantity><out_Quantity.quantity>598.908072</out_Quantity.quantity></Point><Point><position>6832</position><in_Quantity.quantity>0.000000</in_Quantity.quantity><out_Quantity.quantity>301.962456</out_Quantity.quantity></Point><Point><position>6833</position><in_Quantity.quantity>0.000000</in_Quantity.quantity><out_Quantity.quantity>218.858196</out_Quantity.quantity></Point><Point><position>6834</position><in_Quantity.quantity>0.000000</in_Quantity.quantity><out_Quantity.quantity>213.935196</out_Quantity.quantity></Point><Point><position>6835</position><in_Quantity.quantity>0.000000</in_Quantity.quantity><out_Quantity.quantity>612.217972</out_Quantity.quantity></Point><Point><position>6836</position><in_Quantity.quantity>0.000000</in_Quantity.quantity><out_Quantity.quantity>285.996344</out_Quantity.quantity></Point><Point><position>6837</position><in_Quantity.quantity>0.000000</in_Quantity.quantity><out_Quantity.quantity>999.158649</out_Quantity.quantity></Point><Point><position>6838</position><in_Quantity.quantity>0.000000</in_Quantity.quantity><out_Quantity.quantity>756.345630</out_Quantity.quantity></Point><Point><position>6839</position><in_Quantity.quantity>0.000000</in_Quantity.quantity><out_Quantity.quantity>632.958462</out_Quantity.quantity></Point><Point><position>6840</position><in_Quantity.quantity>0.000000</in_Quantity.quantity><out_Quantity.quantity>571.587920</out_Quantity.quantity></Point><Point><position>6841</position><in_Quantity.quantity>0.000000</in_Quantity.quantity><out_Quantity.quantity>944.562427</out_Quantity.quantity></Point><Point><position>6842</position><in_Quantity.quantity>0.000000</in_Quantity.quantity><out_Quantity.quantity>231.954372</out_Quantity.quantity></Point><Point><position>6843</position><in_Quantity.quantity>0.000000</in_Quantity.quantity><out_Quantity.quantity>974.661826</out_Quantity.quantity></Point><Point><position>6844</position><in_Quantity.quantity>0.000000</in_Quantity.quantity><out_Quantity.quantity>75.272574</out_Quantity.quantity></Point><Point><position>6845</position><in_Quantity.quantity>0.000000</in_Quantity.quantity><out_Quantity.quantity>910.059131</out_Quantity.quantity></Point><Point><position>6846</position><in_Quantity.quantity>0.000000</in_Quantity.quantity><out_Quantity.quantity>292.712485</out_Quantity.quantity></Point><Point><position>6847</position><in_Quantity.quantity>0.000000</in_Quantity.quantity><out_Quantity.quantity>740.461627</out_Quantity.quantity></Point><Point><position>6848</position><in_Quantity.quantity>0.000000</in_Quantity.quantity><out_Quantity.quantity>857.202598</out_Quantity.quantity></Point><Point><position>6849</position><in_Quantity.quantity>0.000000</in_Quantity.quantity><out_Quantity.quantity>203.061411</out_Quantity.quantity></Point><Point><position>6850</position><in_Quantity.quantity>0.000000</in_Quantity.quantity><out_Quantity.quantity>739.970059</out_Quantity.quantity></Point><Point><position>6851</position><in_Quantity.quantity>0.000000</in_Quantity.quantity><out_Quantity.quantity>688.903061</out_Quantity.quantity></Point><Point><position>6852</position><in_Quantity.quantity>0.000000</in_Quantity.quantity><out_Quantity.quantity>780.454318</out_Quantity.quantity></Point><Point><position>6853</position><in_Quantity.quantity>0.000000</in_Quantity.quantity><out_Quantity.quantity>17.270554</out_Quantity.quantity></Point><Point><position>6854</position><in_Quantity.quantity>0.000000</in_Quantity.quantity><out_Quantity.quantity>642.799527</out_Quantity.quantity></Point><Point><position>6855</position><in_Quantity.quantity>0.000000</in_Quantity.quantity><out_Quantity.quantity>197.875555</out_Quantity.quantity></Point><Point><position>6856</position><in_Quantity.quantity>0.000000</in_Quantity.quantity><out_Quantity.quantity>572.055043</out_Quantity.quantity></Point><Point><position>6857</position><in_Quantity.quantity>0.000000</in_Quantity.quantity><out_Quantity.quantity>297.090384</out_Quantity.quantity></Point><Point><position>6858</position><in_Quantity.quantity>0.000000</in_Quantity.quantity><out_Quantity.quantity>611.354337</out_Quantity.quantity></Point><Point><position>6859</position><in_Quantity.quantity>0.000000</in_Quantity.quantity><out_Quantity.quantity>56.203373</out_Quantity.quantity></Point><Point><position>6860</position><in_Quantity.quantity>0.000000</in_Quantity.quantity><out_Quantity.quantity>843.541591</out_Quantity.quantity></Point><Point><position>6861</position><in_Quantity.quantity>0.000000</in_Quantity.quantity><out_Quantity.quantity>789.048586</out_Quantity.quantity></Point><Point><position>6862</position><in_Quantity.quantity>0.000000</in_Quantity.quantity><out_Quantity.quantity>204.394858</out_Quantity.quantity></Point><Point><position>6863</position><in_Quantity.quantity>0.000000</in_Quantity.quantity><out_Quantity.quantity>301.508315</out_Quantity.quantity></Point><Point><position>6864</position><in_Quantity.quantity>0.000000</in_Quantity.quantity><out_Quantity.quantity>692.662535</out_Quantity.quantity></Point><Point><position>6865</position><in_Quantity.quantity>0.000000</in_Quantity.quantity><out_Quantity.quantity>362.960632</out_Quantity.quantity></Point><Point><position>6866</position><in_Quantity.quantity>0.000000</in_Quantity.quantity><out_Quantity.quantity>944.877662</out_Quantity.quantity></Point><Point><position>6867</position><in_Quantity.quantity>0.000000</in_Quantity.quantity><out_Quantity.quantity>524.494306</out_Quantity.quantity></Point><Point><position>6868</position><in_Quantity.quantity>0.000000</in_Quantity.quantity><out_Quantity.quantity>42.420587</out_Quantity.quantity></Point><Point><position>6869</position><in_Quantity.quantity>0.000000</in_Quantity.quantity><out_Quantity.quantity>829.935707</out_Quantity.quantity></Point><Point><position>6870</position><in_Quantity.quantity>0.000000</in_Quantity.quantity><out_Quantity.quantity>966.220802</out_Quantity.quantity></Point><Point><position>6871</position><in_Quantity.quantity>0.000000</in_Quantity.quantity><out_Quantity.quantity>129.150500</out_Quantity.quantity></Point><Point><position>6872</position><in_Quantity.quantity>0.000000</in_Quantity.quantity><out_Quantity.quantity>986.472176</out_Quantity.quantity></Point><Point><position>6873</position><in_Quantity.quantity>0.000000</in_Quantity.quantity><out_Quantity.quantity>78.139374</out_Quantity.quantity></Point><Point><position>6874</position><in_Quantity.quantity>0.000000</in_Quantity.quantity><out_Quantity.quantity>660.130004</out_Quantity.quantity></Point><Point><position>6875</position><in_Quantity.quantity>0.000000</in_Quantity.quantity><out_Quantity.quantity>871.464468</out_Quantity.quantity></Point><Point><position>6876</position><in_Quantity.quantity>0.000000</in_Quantity.quantity><out_Quantity.quantity>104.146431</out_Quantity.quantity></Point><Point><position>6877</position><in_Quantity.quantity>0.000000</in_Quantity.quantity><out_Quantity.quantity>883.228466</out_Quantity.quantity></Point><Point><position>6878</position><in_Quantity.quantity>0.000000</in_Quantity.quantity><out_Quantity.quantity>25.171049</out_Quantity.quantity></Point><Point><position>6879</position><in_Quantity.quantity>0.000000</in_Quantity.quantity><out_Quantity.quantity>154.800054</out_Quantity.quantity></Point><Point><position>6880</position><in_Quantity.quantity>0.000000</in_Quantity.quantity><out_Quantity.quantity>798.259553</out_Quantity.quantity></Point><Point><position>6881</position><in_Quantity.quantity>0.000000</in_Quantity.quantity><out_Quantity.quantity>921.096744</out_Quantity.quantity></Point><Point><position>6882</position><in_Quantity.quantity>0.000000</in_Quantity.quantity><out_Quantity.quantity>34.098774</out_Quantity.quantity></Point><Point><position>6883</position><in_Quantity.quantity>0.000000</in_Quantity.quantity><out_Quantity.quantity>199.174067</out_Quantity.quantity></Point><Point><position>6884</position><in_Quantity.quantity>0.000000</in_Quantity.quantity><out_Quantity.quantity>127.485337</out_Quantity.quantity></Point><Point><position>6885</position><in_Quantity.quantity>0.000000</in_Quantity.quantity><out_Quantity.quantity>617.443992</out_Quantity.quantity></Point><Point><position>6886</position><in_Quantity.quantity>0.000000</in_Quantity.quantity><out_Quantity.quantity>823.431979</out_Quantity.quantity></Point><Point><position>6887</position><in_Quantity.quantity>0.000000</in_Quantity.quantity><out_Quantity.quantity>198.979547</out_Quantity.quantity></Point><Point><position>6888</position><in_Quantity.quantity>0.000000</in_Quantity.quantity><out_Quantity.quantity>287.062355</out_Quantity.quantity></Point><Point><position>6889</position><in_Quantity.quantity>0.000000</in_Quantity.quantity><out_Quantity.quantity>698.094569</out_Quantity.quantity></Point><Point><position>6890</position><in_Quantity.quantity>0.000000</in_Quantity.quantity><out_Quantity.quantity>378.712074</out_Quantity.quantity></Point><Point><position>6891</position><in_Quantity.quantity>0.000000</in_Quantity.quantity><out_Quantity.quantity>432.914207</out_Quantity.quantity></Point><Point><position>6892</position><in_Quantity.quantity>0.000000</in_Quantity.quantity><out_Quantity.quantity>555.481639</out_Quantity.quantity></Point><Point><position>6893</position><in_Quantity.quantity>0.000000</in_Quantity.quantity><out_Quantity.quantity>727.618352</out_Quantity.quantity></Point><Point><position>6894</position><in_Quantity.quantity>0.000000</in_Quantity.quantity><out_Quantity.quantity>222.133643</out_Quantity.quantity></Point><Point><position>6895</position><in_Quantity.quantity>0.000000</in_Quantity.quantity><out_Quantity.quantity>175.565728</out_Quantity.quantity></Point><Point><position>6896</position><in_Quantity.quantity>0.000000</in_Quantity.quantity><out_Quantity.quantity>418.431072</out_Quantity.quantity></Point><Point><position>6897</position><in_Quantity.quantity>0.000000</in_Quantity.quantity><out_Quantity.quantity>169.745117</out_Quantity.quantity></Point><Point><position>6898</position><in_Quantity.quantity>0.000000</in_Quantity.quantity><out_Quantity.quantity>725.898667</out_Quantity.quantity></Point><Point><position>6899</position><in_Quantity.quantity>0.000000</in_Quantity.quantity><out_Quantity.quantity>997.914636</out_Quantity.quantity></Point><Point><position>6900</position><in_Quantity.quantity>0.000000</in_Quantity.quantity><out_Quantity.quantity>973.539592</out_Quantity.quantity></Point><Point><position>6901</position><in_Quantity.quantity>0.000000</in_Quantity.quantity><out_Quantity.quantity>501.969412</out_Quantity.quantity></Point><Point><position>6902</position><in_Quantity.quantity>0.000000</in_Quantity.quantity><out_Quantity.quantity>693.245320</out_Quantity.quantity></Point><Point><position>6903</position><in_Quantity.quantity>0.000000</in_Quantity.quantity><out_Quantity.quantity>361.645032</out_Quantity.quantity></Point><Point><position>6904</position><in_Quantity.quantity>0.000000</in_Quantity.quantity><out_Quantity.quantity>553.793679</out_Quantity.quantity></Point><Point><position>6905</position><in_Quantity.quantity>0.000000</in_Quantity.quantity><out_Quantity.quantity>971.189543</out_Quantity.quantity></Point><Point><position>6906</position><in_Quantity.quantity>0.000000</in_Quantity.quantity><out_Quantity.quantity>395.384260</out_Quantity.quantity></Point><Point><position>6907</position><in_Quantity.quantity>0.000000</in_Quantity.quantity><out_Quantity.quantity>827.856518</out_Quantity.quantity></Point><Point><position>6908</position><in_Quantity.quantity>0.000000</in_Quantity.quantity><out_Quantity.quantity>145.067238</out_Quantity.quantity></Point><Point><position>6909</position><in_Quantity.quantity>0.000000</in_Quantity.quantity><out_Quantity.quantity>7.072476</out_Quantity.quantity></Point><Point><position>6910</position><in_Quantity.quantity>0.000000</in_Quantity.quantity><out_Quantity.quantity>449.832258</out_Quantity.quantity></Point><Point><position>6911</position><in_Quantity.quantity>0.000000</in_Quantity.quantity><out_Quantity.quantity>542.863858</out_Quantity.quantity></Point><Point><position>6912</position><in_Quantity.quantity>0.000000</in_Quantity.quantity><out_Quantity.quantity>655.813365</out_Quantity.quantity></Point><Point><position>6913</position><in_Quantity.quantity>0.000000</in_Quantity.quantity><out_Quantity.quantity>144.238884</out_Quantity.quantity></Point><Point><position>6914</position><in_Quantity.quantity>0.000000</in_Quantity.quantity><out_Quantity.quantity>889.148419</out_Quantity.quantity></Point><Point><position>6915</position><in_Quantity.quantity>0.000000</in_Quantity.quantity><out_Quantity.quantity>867.348903</out_Quantity.quantity></Point><Point><position>6916</position><in_Quantity.quantity>0.000000</in_Quantity.quantity><out_Quantity.quantity>830.043441</out_Quantity.quantity></Point><Point><position>6917</position><in_Quantity.quantity>0.000000</in_Quantity.quantity><out_Quantity.quantity>463.683391</out_Quantity.quantity></Point><Point><position>6918</position><in_Quantity.quantity>0.000000</in_Quantity.quantity><out_Quantity.quantity>124.215191</out_Quantity.quantity></Point><Point><position>6919</position><in_Quantity.quantity>0.000000</in_Quantity.quantity><out_Quantity.quantity>16.559420</out_Quantity.quantity></Point><Point><position>6920</position><in_Quantity.quantity>0.000000</in_Quantity.quantity><out_Quantity.quantity>32.355305</out_Quantity.quantity></Point><Point><position>6921</position><in_Quantity.quantity>0.000000</in_Quantity.quantity><out_Quantity.quantity>990.197105</out_Quantity.quantity></Point><Point><position>6922</position><in_Quantity.quantity>0.000000</in_Quantity.quantity><out_Quantity.quantity>730.856195</out_Quantity.quantity></Point><Point><position>6923</position><in_Quantity.quantity>0.000000</in_Quantity.quantity><out_Quantity.quantity>971.544829</out_Quantity.quantity></Point><Point><position>6924</position><in_Quantity.quantity>0.000000</in_Quantity.quantity><out_Quantity.quantity>138.550034</out_Quantity.quantity></Point><Point><position>6925</position><in_Quantity.quantity>0.000000</in_Quantity.quantity><out_Quantity.quantity>299.384558</out_Quantity.quantity></Point><Point><position>6926</position><in_Quantity.quantity>0.000000</in_Quantity.quantity><out_Quantity.quantity>738.495384</out_Quantity.quantity></Point><Point><position>6927</position><in_Quantity.quantity>0.000000</in_Quantity.quantity><out_Quantity.quantity>916.743591</out_Quantity.quantity></Point><Point><position>6928</position><in_Quantity.quantity>0.000000</in_Quantity.quantity><out_Quantity.quantity>569.630061</out_Quantity.quantity></Point><Point><position>6929</position><in_Quantity.quantity>0.000000</in_Quantity.quantity><out_Quantity.quantity>583.758949</out_Quantity.quantity></Point><Point><position>6930</position><in_Quantity.quantity>0.000000</in_Quantity.quantity><out_Quantity.quantity>92.647056</out_Quantity.quantity></Point><Point><position>6931</position><in_Quantity.quantity>0.000000</in_Quantity.quantity><out_Quantity.quantity>235.407704</out_Quantity.quantity></Point><Point><position>6932</position><in_Quantity.quantity>0.000000</in_Quantity.quantity><out_Quantity.quantity>86.322464</out_Quantity.quantity></Point><Point><position>6933</position><in_Quantity.quantity>0.000000</in_Quantity.quantity><out_Quantity.quantity>966.432527</out_Quantity.quantity></Point><Point><position>6934</position><in_Quantity.quantity>0.000000</in_Quantity.quantity><out_Quantity.quantity>848.387732</out_Quantity.quantity></Point><Point><position>6935</position><in_Quantity.quantity>0.000000</in_Quantity.quantity><out_Quantity.quantity>808.392605</out_Quantity.quantity></Point><Point><position>6936</position><in_Quantity.quantity>0.000000</in_Quantity.quantity><out_Quantity.quantity>24.689391</out_Quantity.quantity></Point><Point><position>6937</position><in_Quantity.quantity>0.000000</in_Quantity.quantity><out_Quantity.quantity>105.658174</out_Quantity.quantity></Point><Point><position>6938</position><in_Quantity.quantity>0.000000</in_Quantity.quantity><out_Quantity.quantity>705.985218</out_Quantity.quantity></Point><Point><position>6939</position><in_Quantity.quantity>0.000000</in_Quantity.quantity><out_Quantity.quantity>594.629759</out_Quantity.quantity></Point><Point><position>6940</position><in_Quantity.quantity>0.000000</in_Quantity.quantity><out_Quantity.quantity>574.089866</out_Quantity.quantity></Point><Point><position>6941</position><in_Quantity.quantity>0.000000</in_Quantity.quantity><out_Quantity.quantity>561.694115</out_Quantity.quantity></Point><Point><position>6942</position><in_Quantity.quantity>0.000000</in_Quantity.quantity><out_Quantity.quantity>558.866025</out_Quantity.quantity></Point><Point><position>6943</position><in_Quantity.quantity>0.000000</in_Quantity.quantity><out_Quantity.quantity>108.894503</out_Quantity.quantity></Point><Point><position>6944</position><in_Quantity.quantity>0.000000</in_Quantity.quantity><out_Quantity.quantity>81.240062</out_Quantity.quantity></Point><Point><position>6945</position><in_Quantity.quantity>0.000000</in_Quantity.quantity><out_Quantity.quantity>374.335746</out_Quantity.quantity></Point><Point><position>6946</position><in_Quantity.quantity>0.000000</in_Quantity.quantity><out_Quantity.quantity>860.633702</out_Quantity.quantity></Point><Point><position>6947</position><in_Quantity.quantity>0.000000</in_Quantity.quantity><out_Quantity.quantity>163.544143</out_Quantity.quantity></Point><Point><position>6948</position><in_Quantity.quantity>0.000000</in_Quantity.quantity><out_Quantity.quantity>887.214727</out_Quantity.quantity></Point><Point><position>6949</position><in_Quantity.quantity>0.000000</in_Quantity.quantity><out_Quantity.quantity>800.993800</out_Quantity.quantity></Point><Point><position>6950</position><in_Quantity.quantity>0.000000</in_Quantity.quantity><out_Quantity.quantity>358.384273</out_Quantity.quantity></Point><Point><position>6951</position><in_Quantity.quantity>0.000000</in_Quantity.quantity><out_Quantity.quantity>436.955443</out_Quantity.quantity></Point><Point><position>6952</position><in_Quantity.quantity>0.000000</in_Quantity.quantity><out_Quantity.quantity>694.145287</out_Quantity.quantity></Point><Point><position>6953</position><in_Quantity.quantity>0.000000</in_Quantity.quantity><out_Quantity.quantity>497.367055</out_Quantity.quantity></Point><Point><position>6954</position><in_Quantity.quantity>0.000000</in_Quantity.quantity><out_Quantity.quantity>415.164386</out_Quantity.quantity></Point><Point><position>6955</position><in_Quantity.quantity>0.000000</in_Quantity.quantity><out_Quantity.quantity>420.339875</out_Quantity.quantity></Point><Point><position>6956</position><in_Quantity.quantity>0.000000</in_Quantity.quantity><out_Quantity.quantity>772.850405</out_Quantity.quantity></Point><Point><position>6957</position><in_Quantity.quantity>0.000000</in_Quantity.quantity><out_Quantity.quantity>947.874117</out_Quantity.quantity></Point><Point><position>6958</position><in_Quantity.quantity>0.000000</in_Quantity.quantity><out_Quantity.quantity>232.176806</out_Quantity.quantity></Point><Point><position>6959</position><in_Quantity.quantity>0.000000</in_Quantity.quantity><out_Quantity.quantity>303.692837</out_Quantity.quantity></Point><Point><position>6960</position><in_Quantity.quantity>0.000000</in_Quantity.quantity><out_Quantity.quantity>270.404332</out_Quantity.quantity></Point><Point><position>6961</position><in_Quantity.quantity>0.000000</in_Quantity.quantity><out_Quantity.quantity>533.218352</out_Quantity.quantity></Point><Point><position>6962</position><in_Quantity.quantity>0.000000</in_Quantity.quantity><out_Quantity.quantity>251.448469</out_Quantity.quantity></Point><Point><position>6963</position><in_Quantity.quantity>0.000000</in_Quantity.quantity><out_Quantity.quantity>630.965873</out_Quantity.quantity></Point><Point><position>6964</position><in_Quantity.quantity>0.000000</in_Quantity.quantity><out_Quantity.quantity>198.846501</out_Quantity.quantity></Point><Point><position>6965</position><in_Quantity.quantity>0.000000</in_Quantity.quantity><out_Quantity.quantity>225.041369</out_Quantity.quantity></Point><Point><position>6966</position><in_Quantity.quantity>0.000000</in_Quantity.quantity><out_Quantity.quantity>447.058109</out_Quantity.quantity></Point><Point><position>6967</position><in_Quantity.quantity>0.000000</in_Quantity.quantity><out_Quantity.quantity>855.712096</out_Quantity.quantity></Point><Point><position>6968</position><in_Quantity.quantity>0.000000</in_Quantity.quantity><out_Quantity.quantity>284.254475</out_Quantity.quantity></Point><Point><position>6969</position><in_Quantity.quantity>0.000000</in_Quantity.quantity><out_Quantity.quantity>999.281601</out_Quantity.quantity></Point><Point><position>6970</position><in_Quantity.quantity>0.000000</in_Quantity.quantity><out_Quantity.quantity>585.254326</out_Quantity.quantity></Point><Point><position>6971</position><in_Quantity.quantity>0.000000</in_Quantity.quantity><out_Quantity.quantity>575.492176</out_Quantity.quantity></Point><Point><position>6972</position><in_Quantity.quantity>0.000000</in_Quantity.quantity><out_Quantity.quantity>736.685653</out_Quantity.quantity></Point><Point><position>6973</position><in_Quantity.quantity>0.000000</in_Quantity.quantity><out_Quantity.quantity>436.885686</out_Quantity.quantity></Point><Point><position>6974</position><in_Quantity.quantity>0.000000</in_Quantity.quantity><out_Quantity.quantity>475.391755</out_Quantity.quantity></Point><Point><position>6975</position><in_Quantity.quantity>0.000000</in_Quantity.quantity><out_Quantity.quantity>241.153426</out_Quantity.quantity></Point><Point><position>6976</position><in_Quantity.quantity>0.000000</in_Quantity.quantity><out_Quantity.quantity>624.323638</out_Quantity.quantity></Point><Point><position>6977</position><in_Quantity.quantity>0.000000</in_Quantity.quantity><out_Quantity.quantity>239.656132</out_Quantity.quantity></Point><Point><position>6978</position><in_Quantity.quantity>0.000000</in_Quantity.quantity><out_Quantity.quantity>524.877523</out_Quantity.quantity></Point><Point><position>6979</position><in_Quantity.quantity>0.000000</in_Quantity.quantity><out_Quantity.quantity>715.546060</out_Quantity.quantity></Point><Point><position>6980</position><in_Quantity.quantity>0.000000</in_Quantity.quantity><out_Quantity.quantity>462.802208</out_Quantity.quantity></Point><Point><position>6981</position><in_Quantity.quantity>0.000000</in_Quantity.quantity><out_Quantity.quantity>356.274964</out_Quantity.quantity></Point><Point><position>6982</position><in_Quantity.quantity>0.000000</in_Quantity.quantity><out_Quantity.quantity>732.376296</out_Quantity.quantity></Point><Point><position>6983</position><in_Quantity.quantity>0.000000</in_Quantity.quantity><out_Quantity.quantity>780.658440</out_Quantity.quantity></Point><Point><position>6984</position><in_Quantity.quantity>0.000000</in_Quantity.quantity><out_Quantity.quantity>239.361497</out_Quantity.quantity></Point><Point><position>6985</position><in_Quantity.quantity>0.000000</in_Quantity.quantity><out_Quantity.quantity>484.154367</out_Quantity.quantity></Point><Point><position>6986</position><in_Quantity.quantity>0.000000</in_Quantity.quantity><out_Quantity.quantity>717.068587</out_Quantity.quantity></Point><Point><position>6987</position><in_Quantity.quantity>0.000000</in_Quantity.quantity><out_Quantity.quantity>369.930537</out_Quantity.quantity></Point><Point><position>6988</position><in_Quantity.quantity>0.000000</in_Quantity.quantity><out_Quantity.quantity>711.339773</out_Quantity.quantity></Point><Point><position>6989</position><in_Quantity.quantity>0.000000</in_Quantity.quantity><out_Quantity.quantity>463.508343</out_Quantity.quantity></Point><Point><position>6990</position><in_Quantity.quantity>0.000000</in_Quantity.quantity><out_Quantity.quantity>421.025274</out_Quantity.quantity></Point><Point><position>6991</position><in_Quantity.quantity>0.000000</in_Quantity.quantity><out_Quantity.quantity>432.727565</out_Quantity.quantity></Point><Point><position>6992</position><in_Quantity.quantity>0.000000</in_Quantity.quantity><out_Quantity.quantity>882.452935</out_Quantity.quantity></Point><Point><position>6993</position><in_Quantity.quantity>0.000000</in_Quantity.quantity><out_Quantity.quantity>870.146136</out_Quantity.quantity></Point><Point><position>6994</position><in_Quantity.quantity>0.000000</in_Quantity.quantity><out_Quantity.quantity>931.240510</out_Quantity.quantity></Point><Point><position>6995</position><in_Quantity.quantity>0.000000</in_Quantity.quantity><out_Quantity.quantity>223.618833</out_Quantity.quantity></Point><Point><position>6996</position><in_Quantity.quantity>0.000000</in_Quantity.quantity><out_Quantity.quantity>790.586206</out_Quantity.quantity></Point><Point><position>6997</position><in_Quantity.quantity>0.000000</in_Quantity.quantity><out_Quantity.quantity>278.322444</out_Quantity.quantity></Point><Point><position>6998</position><in_Quantity.quantity>0.000000</in_Quantity.quantity><out_Quantity.quantity>903.622488</out_Quantity.quantity></Point><Point><position>6999</position><in_Quantity.quantity>0.000000</in_Quantity.quantity><out_Quantity.quantity>372.879995</out_Quantity.quantity></Point><Point><position>7000</position><in_Quantity.quantity>0.000000</in_Quantity.quantity><out_Quantity.quantity>272.078407</out_Quantity.quantity></Point><Point><position>7001</position><in_Quantity.quantity>0.000000</in_Quantity.quantity><out_Quantity.quantity>649.194923</out_Quantity.quantity></Point><Point><position>7002</position><in_Quantity.quantity>0.000000</in_Quantity.quantity><out_Quantity.quantity>174.309132</out_Quantity.quantity></Point><Point><position>7003</position><in_Quantity.quantity>0.000000</in_Quantity.quantity><out_Quantity.quantity>557.324632</out_Quantity.quantity></Point><Point><position>7004</position><in_Quantity.quantity>0.000000</in_Quantity.quantity><out_Quantity.quantity>400.414141</out_Quantity.quantity></Point><Point><position>7005</position><in_Quantity.quantity>0.000000</in_Quantity.quantity><out_Quantity.quantity>341.955682</out_Quantity.quantity></Point><Point><position>7006</position><in_Quantity.quantity>0.000000</in_Quantity.quantity><out_Quantity.quantity>607.740642</out_Quantity.quantity></Point><Point><position>7007</position><in_Quantity.quantity>0.000000</in_Quantity.quantity><out_Quantity.quantity>171.835177</out_Quantity.quantity></Point><Point><position>7008</position><in_Quantity.quantity>0.000000</in_Quantity.quantity><out_Quantity.quantity>332.927681</out_Quantity.quantity></Point><Point><position>7009</position><in_Quantity.quantity>0.000000</in_Quantity.quantity><out_Quantity.quantity>367.028511</out_Quantity.quantity></Point><Point><position>7010</position><in_Quantity.quantity>0.000000</in_Quantity.quantity><out_Quantity.quantity>773.699810</out_Quantity.quantity></Point><Point><position>7011</position><in_Quantity.quantity>0.000000</in_Quantity.quantity><out_Quantity.quantity>669.538138</out_Quantity.quantity></Point><Point><position>7012</position><in_Quantity.quantity>0.000000</in_Quantity.quantity><out_Quantity.quantity>506.134743</out_Quantity.quantity></Point><Point><position>7013</position><in_Quantity.quantity>0.000000</in_Quantity.quantity><out_Quantity.quantity>90.194275</out_Quantity.quantity></Point><Point><position>7014</position><in_Quantity.quantity>0.000000</in_Quantity.quantity><out_Quantity.quantity>842.830350</out_Quantity.quantity></Point><Point><position>7015</position><in_Quantity.quantity>0.000000</in_Quantity.quantity><out_Quantity.quantity>427.270584</out_Quantity.quantity></Point><Point><position>7016</position><in_Quantity.quantity>0.000000</in_Quantity.quantity><out_Quantity.quantity>952.195846</out_Quantity.quantity></Point><Point><position>7017</position><in_Quantity.quantity>0.000000</in_Quantity.quantity><out_Quantity.quantity>175.877192</out_Quantity.quantity></Point><Point><position>7018</position><in_Quantity.quantity>0.000000</in_Quantity.quantity><out_Quantity.quantity>183.220971</out_Quantity.quantity></Point><Point><position>7019</position><in_Quantity.quantity>0.000000</in_Quantity.quantity><out_Quantity.quantity>978.361982</out_Quantity.quantity></Point><Point><position>7020</position><in_Quantity.quantity>0.000000</in_Quantity.quantity><out_Quantity.quantity>81.730398</out_Quantity.quantity></Point><Point><position>7021</position><in_Quantity.quantity>0.000000</in_Quantity.quantity><out_Quantity.quantity>914.535930</out_Quantity.quantity></Point><Point><position>7022</position><in_Quantity.quantity>0.000000</in_Quantity.quantity><out_Quantity.quantity>355.023287</out_Quantity.quantity></Point><Point><position>7023</position><in_Quantity.quantity>0.000000</in_Quantity.quantity><out_Quantity.quantity>196.782202</out_Quantity.quantity></Point><Point><position>7024</position><in_Quantity.quantity>0.000000</in_Quantity.quantity><out_Quantity.quantity>322.549394</out_Quantity.quantity></Point><Point><position>7025</position><in_Quantity.quantity>0.000000</in_Quantity.quantity><out_Quantity.quantity>484.499149</out_Quantity.quantity></Point><Point><position>7026</position><in_Quantity.quantity>0.000000</in_Quantity.quantity><out_Quantity.quantity>572.494607</out_Quantity.quantity></Point><Point><position>7027</position><in_Quantity.quantity>0.000000</in_Quantity.quantity><out_Quantity.quantity>665.119481</out_Quantity.quantity></Point><Point><position>7028</position><in_Quantity.quantity>0.000000</in_Quantity.quantity><out_Quantity.quantity>533.019534</out_Quantity.quantity></Point><Point><position>7029</position><in_Quantity.quantity>0.000000</in_Quantity.quantity><out_Quantity.quantity>204.459447</out_Quantity.quantity></Point><Point><position>7030</position><in_Quantity.quantity>0.000000</in_Quantity.quantity><out_Quantity.quantity>631.815026</out_Quantity.quantity></Point><Point><position>7031</position><in_Quantity.quantity>0.000000</in_Quantity.quantity><out_Quantity.quantity>74.264030</out_Quantity.quantity></Point><Point><position>7032</position><in_Quantity.quantity>0.000000</in_Quantity.quantity><out_Quantity.quantity>287.641756</out_Quantity.quantity></Point><Point><position>7033</position><in_Quantity.quantity>0.000000</in_Quantity.quantity><out_Quantity.quantity>286.295560</out_Quantity.quantity></Point><Point><position>7034</position><in_Quantity.quantity>0.000000</in_Quantity.quantity><out_Quantity.quantity>165.266183</out_Quantity.quantity></Point><Point><position>7035</position><in_Quantity.quantity>0.000000</in_Quantity.quantity><out_Quantity.quantity>476.899893</out_Quantity.quantity></Point><Point><position>7036</position><in_Quantity.quantity>0.000000</in_Quantity.quantity><out_Quantity.quantity>266.381122</out_Quantity.quantity></Point><Point><position>7037</position><in_Quantity.quantity>0.000000</in_Quantity.quantity><out_Quantity.quantity>83.226687</out_Quantity.quantity></Point><Point><position>7038</position><in_Quantity.quantity>0.000000</in_Quantity.quantity><out_Quantity.quantity>777.492429</out_Quantity.quantity></Point><Point><position>7039</position><in_Quantity.quantity>0.000000</in_Quantity.quantity><out_Quantity.quantity>946.143958</out_Quantity.quantity></Point><Point><position>7040</position><in_Quantity.quantity>0.000000</in_Quantity.quantity><out_Quantity.quantity>897.115982</out_Quantity.quantity></Point><Point><position>7041</position><in_Quantity.quantity>0.000000</in_Quantity.quantity><out_Quantity.quantity>451.167488</out_Quantity.quantity></Point><Point><position>7042</position><in_Quantity.quantity>0.000000</in_Quantity.quantity><out_Quantity.quantity>861.296166</out_Quantity.quantity></Point><Point><position>7043</position><in_Quantity.quantity>0.000000</in_Quantity.quantity><out_Quantity.quantity>463.170027</out_Quantity.quantity></Point><Point><position>7044</position><in_Quantity.quantity>0.000000</in_Quantity.quantity><out_Quantity.quantity>312.815073</out_Quantity.quantity></Point><Point><position>7045</position><in_Quantity.quantity>0.000000</in_Quantity.quantity><out_Quantity.quantity>220.406081</out_Quantity.quantity></Point><Point><position>7046</position><in_Quantity.quantity>0.000000</in_Quantity.quantity><out_Quantity.quantity>655.915946</out_Quantity.quantity></Point><Point><position>7047</position><in_Quantity.quantity>0.000000</in_Quantity.quantity><out_Quantity.quantity>322.705168</out_Quantity.quantity></Point><Point><position>7048</position><in_Quantity.quantity>0.000000</in_Quantity.quantity><out_Quantity.quantity>865.242866</out_Quantity.quantity></Point><Point><position>7049</position><in_Quantity.quantity>0.000000</in_Quantity.quantity><out_Quantity.quantity>28.638920</out_Quantity.quantity></Point><Point><position>7050</position><in_Quantity.quantity>0.000000</in_Quantity.quantity><out_Quantity.quantity>33.207166</out_Quantity.quantity></Point><Point><position>7051</position><in_Quantity.quantity>0.000000</in_Quantity.quantity><out_Quantity.quantity>528.119623</out_Quantity.quantity></Point><Point><position>7052</position><in_Quantity.quantity>0.000000</in_Quantity.quantity><out_Quantity.quantity>937.647725</out_Quantity.quantity></Point><Point><position>7053</position><in_Quantity.quantity>0.000000</in_Quantity.quantity><out_Quantity.quantity>324.995546</out_Quantity.quantity></Point><Point><position>7054</position><in_Quantity.quantity>0.000000</in_Quantity.quantity><out_Quantity.quantity>632.508397</out_Quantity.quantity></Point><Point><position>7055</position><in_Quantity.quantity>0.000000</in_Quantity.quantity><out_Quantity.quantity>612.446549</out_Quantity.quantity></Point><Point><position>7056</position><in_Quantity.quantity>0.000000</in_Quantity.quantity><out_Quantity.quantity>968.330973</out_Quantity.quantity></Point><Point><position>7057</position><in_Quantity.quantity>0.000000</in_Quantity.quantity><out_Quantity.quantity>186.128472</out_Quantity.quantity></Point><Point><position>7058</position><in_Quantity.quantity>0.000000</in_Quantity.quantity><out_Quantity.quantity>502.264782</out_Quantity.quantity></Point><Point><position>7059</position><in_Quantity.quantity>0.000000</in_Quantity.quantity><out_Quantity.quantity>193.945003</out_Quantity.quantity></Point><Point><position>7060</position><in_Quantity.quantity>0.000000</in_Quantity.quantity><out_Quantity.quantity>22.898113</out_Quantity.quantity></Point><Point><position>7061</position><in_Quantity.quantity>0.000000</in_Quantity.quantity><out_Quantity.quantity>421.819226</out_Quantity.quantity></Point><Point><position>7062</position><in_Quantity.quantity>0.000000</in_Quantity.quantity><out_Quantity.quantity>695.827505</out_Quantity.quantity></Point><Point><position>7063</position><in_Quantity.quantity>0.000000</in_Quantity.quantity><out_Quantity.quantity>813.530924</out_Quantity.quantity></Point><Point><position>7064</position><in_Quantity.quantity>0.000000</in_Quantity.quantity><out_Quantity.quantity>531.337759</out_Quantity.quantity></Point><Point><position>7065</position><in_Quantity.quantity>0.000000</in_Quantity.quantity><out_Quantity.quantity>697.003663</out_Quantity.quantity></Point><Point><position>7066</position><in_Quantity.quantity>0.000000</in_Quantity.quantity><out_Quantity.quantity>565.258992</out_Quantity.quantity></Point><Point><position>7067</position><in_Quantity.quantity>0.000000</in_Quantity.quantity><out_Quantity.quantity>706.526203</out_Quantity.quantity></Point><Point><position>7068</position><in_Quantity.quantity>0.000000</in_Quantity.quantity><out_Quantity.quantity>230.615754</out_Quantity.quantity></Point><Point><position>7069</position><in_Quantity.quantity>0.000000</in_Quantity.quantity><out_Quantity.quantity>870.362395</out_Quantity.quantity></Point><Point><position>7070</position><in_Quantity.quantity>0.000000</in_Quantity.quantity><out_Quantity.quantity>734.780851</out_Quantity.quantity></Point><Point><position>7071</position><in_Quantity.quantity>0.000000</in_Quantity.quantity><out_Quantity.quantity>25.178811</out_Quantity.quantity></Point><Point><position>7072</position><in_Quantity.quantity>0.000000</in_Quantity.quantity><out_Quantity.quantity>809.264037</out_Quantity.quantity></Point><Point><position>7073</position><in_Quantity.quantity>0.000000</in_Quantity.quantity><out_Quantity.quantity>9.111976</out_Quantity.quantity></Point><Point><position>7074</position><in_Quantity.quantity>0.000000</in_Quantity.quantity><out_Quantity.quantity>88.214825</out_Quantity.quantity></Point><Point><position>7075</position><in_Quantity.quantity>0.000000</in_Quantity.quantity><out_Quantity.quantity>140.336813</out_Quantity.quantity></Point><Point><position>7076</position><in_Quantity.quantity>0.000000</in_Quantity.quantity><out_Quantity.quantity>903.033293</out_Quantity.quantity></Point><Point><position>7077</position><in_Quantity.quantity>0.000000</in_Quantity.quantity><out_Quantity.quantity>288.023290</out_Quantity.quantity></Point><Point><position>7078</position><in_Quantity.quantity>0.000000</in_Quantity.quantity><out_Quantity.quantity>625.569611</out_Quantity.quantity></Point><Point><position>7079</position><in_Quantity.quantity>0.000000</in_Quantity.quantity><out_Quantity.quantity>345.584567</out_Quantity.quantity></Point><Point><position>7080</position><in_Quantity.quantity>0.000000</in_Quantity.quantity><out_Quantity.quantity>170.660747</out_Quantity.quantity></Point><Point><position>7081</position><in_Quantity.quantity>0.000000</in_Quantity.quantity><out_Quantity.quantity>388.675879</out_Quantity.quantity></Point><Point><position>7082</position><in_Quantity.quantity>0.000000</in_Quantity.quantity><out_Quantity.quantity>704.231303</out_Quantity.quantity></Point><Point><position>7083</position><in_Quantity.quantity>0.000000</in_Quantity.quantity><out_Quantity.quantity>716.254008</out_Quantity.quantity></Point><Point><position>7084</position><in_Quantity.quantity>0.000000</in_Quantity.quantity><out_Quantity.quantity>137.400720</out_Quantity.quantity></Point><Point><position>7085</position><in_Quantity.quantity>0.000000</in_Quantity.quantity><out_Quantity.quantity>571.115102</out_Quantity.quantity></Point><Point><position>7086</position><in_Quantity.quantity>0.000000</in_Quantity.quantity><out_Quantity.quantity>326.684898</out_Quantity.quantity></Point><Point><position>7087</position><in_Quantity.quantity>0.000000</in_Quantity.quantity><out_Quantity.quantity>216.061469</out_Quantity.quantity></Point><Point><position>7088</position><in_Quantity.quantity>0.000000</in_Quantity.quantity><out_Quantity.quantity>190.382773</out_Quantity.quantity></Point><Point><position>7089</position><in_Quantity.quantity>0.000000</in_Quantity.quantity><out_Quantity.quantity>437.266605</out_Quantity.quantity></Point><Point><position>7090</position><in_Quantity.quantity>0.000000</in_Quantity.quantity><out_Quantity.quantity>230.036711</out_Quantity.quantity></Point><Point><position>7091</position><in_Quantity.quantity>0.000000</in_Quantity.quantity><out_Quantity.quantity>822.221871</out_Quantity.quantity></Point><Point><position>7092</position><in_Quantity.quantity>0.000000</in_Quantity.quantity><out_Quantity.quantity>11.823112</out_Quantity.quantity></Point><Point><position>7093</position><in_Quantity.quantity>0.000000</in_Quantity.quantity><out_Quantity.quantity>276.510544</out_Quantity.quantity></Point><Point><position>7094</position><in_Quantity.quantity>0.000000</in_Quantity.quantity><out_Quantity.quantity>907.098380</out_Quantity.quantity></Point><Point><position>7095</position><in_Quantity.quantity>0.000000</in_Quantity.quantity><out_Quantity.quantity>192.277867</out_Quantity.quantity></Point><Point><position>7096</position><in_Quantity.quantity>0.000000</in_Quantity.quantity><out_Quantity.quantity>595.286945</out_Quantity.quantity></Point><Point><position>7097</position><in_Quantity.quantity>0.000000</in_Quantity.quantity><out_Quantity.quantity>407.462055</out_Quantity.quantity></Point><Point><position>7098</position><in_Quantity.quantity>0.000000</in_Quantity.quantity><out_Quantity.quantity>502.977578</out_Quantity.quantity></Point><Point><position>7099</position><in_Quantity.quantity>0.000000</in_Quantity.quantity><out_Quantity.quantity>213.446830</out_Quantity.quantity></Point><Point><position>7100</position><in_Quantity.quantity>0.000000</in_Quantity.quantity><out_Quantity.quantity>198.870270</out_Quantity.quantity></Point><Point><position>7101</position><in_Quantity.quantity>0.000000</in_Quantity.quantity><out_Quantity.quantity>329.676345</out_Quantity.quantity></Point><Point><position>7102</position><in_Quantity.quantity>0.000000</in_Quantity.quantity><out_Quantity.quantity>644.685228</out_Quantity.quantity></Point><Point><position>7103</position><in_Quantity.quantity>0.000000</in_Quantity.quantity><out_Quantity.quantity>340.983849</out_Quantity.quantity></Point><Point><position>7104</position><in_Quantity.quantity>0.000000</in_Quantity.quantity><out_Quantity.quantity>238.671740</out_Quantity.quantity></Point><Point><position>7105</position><in_Quantity.quantity>0.000000</in_Quantity.quantity><out_Quantity.quantity>163.740010</out_Quantity.quantity></Point><Point><position>7106</position><in_Quantity.quantity>0.000000</in_Quantity.quantity><out_Quantity.quantity>747.013199</out_Quantity.quantity></Point><Point><position>7107</position><in_Quantity.quantity>0.000000</in_Quantity.quantity><out_Quantity.quantity>412.406955</out_Quantity.quantity></Point><Point><position>7108</position><in_Quantity.quantity>0.000000</in_Quantity.quantity><out_Quantity.quantity>858.409017</out_Quantity.quantity></Point><Point><position>7109</position><in_Quantity.quantity>0.000000</in_Quantity.quantity><out_Quantity.quantity>311.183874</out_Quantity.quantity></Point><Point><position>7110</position><in_Quantity.quantity>0.000000</in_Quantity.quantity><out_Quantity.quantity>675.641637</out_Quantity.quantity></Point><Point><position>7111</position><in_Quantity.quantity>0.000000</in_Quantity.quantity><out_Quantity.quantity>917.604472</out_Quantity.quantity></Point><Point><position>7112</position><in_Quantity.quantity>0.000000</in_Quantity.quantity><out_Quantity.quantity>907.244358</out_Quantity.quantity></Point><Point><position>7113</position><in_Quantity.quantity>0.000000</in_Quantity.quantity><out_Quantity.quantity>414.688494</out_Quantity.quantity></Point><Point><position>7114</position><in_Quantity.quantity>0.000000</in_Quantity.quantity><out_Quantity.quantity>412.072002</out_Quantity.quantity></Point><Point><position>7115</position><in_Quantity.quantity>0.000000</in_Quantity.quantity><out_Quantity.quantity>473.433572</out_Quantity.quantity></Point><Point><position>7116</position><in_Quantity.quantity>0.000000</in_Quantity.quantity><out_Quantity.quantity>780.983581</out_Quantity.quantity></Point><Point><position>7117</position><in_Quantity.quantity>0.000000</in_Quantity.quantity><out_Quantity.quantity>358.855455</out_Quantity.quantity></Point><Point><position>7118</position><in_Quantity.quantity>0.000000</in_Quantity.quantity><out_Quantity.quantity>509.392474</out_Quantity.quantity></Point><Point><position>7119</position><in_Quantity.quantity>0.000000</in_Quantity.quantity><out_Quantity.quantity>522.090184</out_Quantity.quantity></Point><Point><position>7120</position><in_Quantity.quantity>0.000000</in_Quantity.quantity><out_Quantity.quantity>879.578690</out_Quantity.quantity></Point><Point><position>7121</position><in_Quantity.quantity>0.000000</in_Quantity.quantity><out_Quantity.quantity>523.489600</out_Quantity.quantity></Point><Point><position>7122</position><in_Quantity.quantity>0.000000</in_Quantity.quantity><out_Quantity.quantity>712.676649</out_Quantity.quantity></Point><Point><position>7123</position><in_Quantity.quantity>0.000000</in_Quantity.quantity><out_Quantity.quantity>339.168064</out_Quantity.quantity></Point><Point><position>7124</position><in_Quantity.quantity>0.000000</in_Quantity.quantity><out_Quantity.quantity>637.440234</out_Quantity.quantity></Point><Point><position>7125</position><in_Quantity.quantity>0.000000</in_Quantity.quantity><out_Quantity.quantity>452.777162</out_Quantity.quantity></Point><Point><position>7126</position><in_Quantity.quantity>0.000000</in_Quantity.quantity><out_Quantity.quantity>235.507552</out_Quantity.quantity></Point><Point><position>7127</position><in_Quantity.quantity>0.000000</in_Quantity.quantity><out_Quantity.quantity>193.047969</out_Quantity.quantity></Point><Point><position>7128</position><in_Quantity.quantity>0.000000</in_Quantity.quantity><out_Quantity.quantity>564.490921</out_Quantity.quantity></Point><Point><position>7129</position><in_Quantity.quantity>0.000000</in_Quantity.quantity><out_Quantity.quantity>570.643704</out_Quantity.quantity></Point><Point><position>7130</position><in_Quantity.quantity>0.000000</in_Quantity.quantity><out_Quantity.quantity>965.683491</out_Quantity.quantity></Point><Point><position>7131</position><in_Quantity.quantity>0.000000</in_Quantity.quantity><out_Quantity.quantity>959.533776</out_Quantity.quantity></Point><Point><position>7132</position><in_Quantity.quantity>0.000000</in_Quantity.quantity><out_Quantity.quantity>528.406838</out_Quantity.quantity></Point><Point><position>7133</position><in_Quantity.quantity>0.000000</in_Quantity.quantity><out_Quantity.quantity>701.464216</out_Quantity.quantity></Point><Point><position>7134</position><in_Quantity.quantity>0.000000</in_Quantity.quantity><out_Quantity.quantity>420.100222</out_Quantity.quantity></Point><Point><position>7135</position><in_Quantity.quantity>0.000000</in_Quantity.quantity><out_Quantity.quantity>145.810099</out_Quantity.quantity></Point><Point><position>7136</position><in_Quantity.quantity>0.000000</in_Quantity.quantity><out_Quantity.quantity>32.139044</out_Quantity.quantity></Point><Point><position>7137</position><in_Quantity.quantity>0.000000</in_Quantity.quantity><out_Quantity.quantity>686.021838</out_Quantity.quantity></Point><Point><position>7138</position><in_Quantity.quantity>0.000000</in_Quantity.quantity><out_Quantity.quantity>621.290202</out_Quantity.quantity></Point><Point><position>7139</position><in_Quantity.quantity>0.000000</in_Quantity.quantity><out_Quantity.quantity>195.080263</out_Quantity.quantity></Point><Point><position>7140</position><in_Quantity.quantity>0.000000</in_Quantity.quantity><out_Quantity.quantity>123.024616</out_Quantity.quantity></Point><Point><position>7141</position><in_Quantity.quantity>0.000000</in_Quantity.quantity><out_Quantity.quantity>484.995697</out_Quantity.quantity></Point><Point><position>7142</position><in_Quantity.quantity>0.000000</in_Quantity.quantity><out_Quantity.quantity>963.769499</out_Quantity.quantity></Point><Point><position>7143</position><in_Quantity.quantity>0.000000</in_Quantity.quantity><out_Quantity.quantity>604.037509</out_Quantity.quantity></Point><Point><position>7144</position><in_Quantity.quantity>0.000000</in_Quantity.quantity><out_Quantity.quantity>179.805314</out_Quantity.quantity></Point><Point><position>7145</position><in_Quantity.quantity>0.000000</in_Quantity.quantity><out_Quantity.quantity>556.790948</out_Quantity.quantity></Point><Point><position>7146</position><in_Quantity.quantity>0.000000</in_Quantity.quantity><out_Quantity.quantity>355.362360</out_Quantity.quantity></Point><Point><position>7147</position><in_Quantity.quantity>0.000000</in_Quantity.quantity><out_Quantity.quantity>929.342512</out_Quantity.quantity></Point><Point><position>7148</position><in_Quantity.quantity>0.000000</in_Quantity.quantity><out_Quantity.quantity>927.432350</out_Quantity.quantity></Point><Point><position>7149</position><in_Quantity.quantity>0.000000</in_Quantity.quantity><out_Quantity.quantity>111.545455</out_Quantity.quantity></Point><Point><position>7150</position><in_Quantity.quantity>0.000000</in_Quantity.quantity><out_Quantity.quantity>152.192373</out_Quantity.quantity></Point><Point><position>7151</position><in_Quantity.quantity>0.000000</in_Quantity.quantity><out_Quantity.quantity>879.321446</out_Quantity.quantity></Point><Point><position>7152</position><in_Quantity.quantity>0.000000</in_Quantity.quantity><out_Quantity.quantity>497.786153</out_Quantity.quantity></Point><Point><position>7153</position><in_Quantity.quantity>0.000000</in_Quantity.quantity><out_Quantity.quantity>604.403730</out_Quantity.quantity></Point><Point><position>7154</position><in_Quantity.quantity>0.000000</in_Quantity.quantity><out_Quantity.quantity>53.055291</out_Quantity.quantity></Point><Point><position>7155</position><in_Quantity.quantity>0.000000</in_Quantity.quantity><out_Quantity.quantity>432.204648</out_Quantity.quantity></Point><Point><position>7156</position><in_Quantity.quantity>0.000000</in_Quantity.quantity><out_Quantity.quantity>987.071014</out_Quantity.quantity></Point><Point><position>7157</position><in_Quantity.quantity>0.000000</in_Quantity.quantity><out_Quantity.quantity>214.501100</out_Quantity.quantity></Point><Point><position>7158</position><in_Quantity.quantity>0.000000</in_Quantity.quantity><out_Quantity.quantity>195.878166</out_Quantity.quantity></Point><Point><position>7159</position><in_Quantity.quantity>0.000000</in_Quantity.quantity><out_Quantity.quantity>628.981337</out_Quantity.quantity></Point><Point><position>7160</position><in_Quantity.quantity>0.000000</in_Quantity.quantity><out_Quantity.quantity>6.730049</out_Quantity.quantity></Point><Point><position>7161</position><in_Quantity.quantity>0.000000</in_Quantity.quantity><out_Quantity.quantity>212.017213</out_Quantity.quantity></Point><Point><position>7162</position><in_Quantity.quantity>0.000000</in_Quantity.quantity><out_Quantity.quantity>363.267052</out_Quantity.quantity></Point><Point><position>7163</position><in_Quantity.quantity>0.000000</in_Quantity.quantity><out_Quantity.quantity>510.072655</out_Quantity.quantity></Point><Point><position>7164</position><in_Quantity.quantity>0.000000</in_Quantity.quantity><out_Quantity.quantity>616.464124</out_Quantity.quantity></Point><Point><position>7165</position><in_Quantity.quantity>0.000000</in_Quantity.quantity><out_Quantity.quantity>525.882457</out_Quantity.quantity></Point><Point><position>7166</position><in_Quantity.quantity>0.000000</in_Quantity.quantity><out_Quantity.quantity>106.880630</out_Quantity.quantity></Point><Point><position>7167</position><in_Quantity.quantity>0.000000</in_Quantity.quantity><out_Quantity.quantity>326.795676</out_Quantity.quantity></Point><Point><position>7168</position><in_Quantity.quantity>0.000000</in_Quantity.quantity><out_Quantity.quantity>360.781520</out_Quantity.quantity></Point><Point><position>7169</position><in_Quantity.quantity>0.000000</in_Quantity.quantity><out_Quantity.quantity>180.787386</out_Quantity.quantity></Point><Point><position>7170</position><in_Quantity.quantity>0.000000</in_Quantity.quantity><out_Quantity.quantity>310.052494</out_Quantity.quantity></Point><Point><position>7171</position><in_Quantity.quantity>0.000000</in_Quantity.quantity><out_Quantity.quantity>747.962814</out_Quantity.quantity></Point><Point><position>7172</position><in_Quantity.quantity>0.000000</in_Quantity.quantity><out_Quantity.quantity>8.633426</out_Quantity.quantity></Point><Point><position>7173</position><in_Quantity.quantity>0.000000</in_Quantity.quantity><out_Quantity.quantity>668.542661</out_Quantity.quantity></Point><Point><position>7174</position><in_Quantity.quantity>0.000000</in_Quantity.quantity><out_Quantity.quantity>402.774602</out_Quantity.quantity></Point><Point><position>7175</position><in_Quantity.quantity>0.000000</in_Quantity.quantity><out_Quantity.quantity>808.863471</out_Quantity.quantity></Point><Point><position>7176</position><in_Quantity.quantity>0.000000</in_Quantity.quantity><out_Quantity.quantity>175.089731</out_Quantity.quantity></Point><Point><position>7177</position><in_Quantity.quantity>0.000000</in_Quantity.quantity><out_Quantity.quantity>534.119766</out_Quantity.quantity></Point><Point><position>7178</position><in_Quantity.quantity>0.000000</in_Quantity.quantity><out_Quantity.quantity>806.593481</out_Quantity.quantity></Point><Point><position>7179</position><in_Quantity.quantity>0.000000</in_Quantity.quantity><out_Quantity.quantity>293.735726</out_Quantity.quantity></Point><Point><position>7180</position><in_Quantity.quantity>0.000000</in_Quantity.quantity><out_Quantity.quantity>554.336036</out_Quantity.quantity></Point><Point><position>7181</position><in_Quantity.quantity>0.000000</in_Quantity.quantity><out_Quantity.quantity>454.654363</out_Quantity.quantity></Point><Point><position>7182</position><in_Quantity.quantity>0.000000</in_Quantity.quantity><out_Quantity.quantity>511.874885</out_Quantity.quantity></Point><Point><position>7183</position><in_Quantity.quantity>0.000000</in_Quantity.quantity><out_Quantity.quantity>230.449883</out_Quantity.quantity></Point><Point><position>7184</position><in_Quantity.quantity>0.000000</in_Quantity.quantity><out_Quantity.quantity>927.065568</out_Quantity.quantity></Point><Point><position>7185</position><in_Quantity.quantity>0.000000</in_Quantity.quantity><out_Quantity.quantity>24.638084</out_Quantity.quantity></Point><Point><position>7186</position><in_Quantity.quantity>0.000000</in_Quantity.quantity><out_Quantity.quantity>804.810111</out_Quantity.quantity></Point><Point><position>7187</position><in_Quantity.quantity>0.000000</in_Quantity.quantity><out_Quantity.quantity>613.211728</out_Quantity.quantity></Point><Point><position>7188</position><in_Quantity.quantity>0.000000</in_Quantity.quantity><out_Quantity.quantity>91.362214</out_Quantity.quantity></Point><Point><position>7189</position><in_Quantity.quantity>0.000000</in_Quantity.quantity><out_Quantity.quantity>651.088776</out_Quantity.quantity></Point><Point><position>7190</position><in_Quantity.quantity>0.000000</in_Quantity.quantity><out_Quantity.quantity>701.411773</out_Quantity.quantity></Point><Point><position>7191</position><in_Quantity.quantity>0.000000</in_Quantity.quantity><out_Quantity.quantity>54.522795</out_Quantity.quantity></Point><Point><position>7192</position><in_Quantity.quantity>0.000000</in_Quantity.quantity><out_Quantity.quantity>838.255100</out_Quantity.quantity></Point><Point><position>7193</position><in_Quantity.quantity>0.000000</in_Quantity.quantity><out_Quantity.quantity>862.313247</out_Quantity.quantity></Point><Point><position>7194</position><in_Quantity.quantity>0.000000</in_Quantity.quantity><out_Quantity.quantity>218.314854</out_Quantity.quantity></Point><Point><position>7195</position><in_Quantity.quantity>0.000000</in_Quantity.quantity><out_Quantity.quantity>899.799743</out_Quantity.quantity></Point><Point><position>7196</position><in_Quantity.quantity>0.000000</in_Quantity.quantity><out_Quantity.quantity>937.141186</out_Quantity.quantity></Point><Point><position>7197</position><in_Quantity.quantity>0.000000</in_Quantity.quantity><out_Quantity.quantity>998.606445</out_Quantity.quantity></Point><Point><position>7198</position><in_Quantity.quantity>0.000000</in_Quantity.quantity><out_Quantity.quantity>919.342760</out_Quantity.quantity></Point><Point><position>7199</position><in_Quantity.quantity>0.000000</in_Quantity.quantity><out_Quantity.quantity>686.325171</out_Quantity.quantity></Point><Point><position>7200</position><in_Quantity.quantity>0.000000</in_Quantity.quantity><out_Quantity.quantity>35.528985</out_Quantity.quantity></Point><Point><position>7201</position><in_Quantity.quantity>0.000000</in_Quantity.quantity><out_Quantity.quantity>503.578637</out_Quantity.quantity></Point><Point><position>7202</position><in_Quantity.quantity>0.000000</in_Quantity.quantity><out_Quantity.quantity>761.455417</out_Quantity.quantity></Point><Point><position>7203</position><in_Quantity.quantity>0.000000</in_Quantity.quantity><out_Quantity.quantity>37.317182</out_Quantity.quantity></Point><Point><position>7204</position><in_Quantity.quantity>0.000000</in_Quantity.quantity><out_Quantity.quantity>330.479306</out_Quantity.quantity></Point><Point><position>7205</position><in_Quantity.quantity>0.000000</in_Quantity.quantity><out_Quantity.quantity>274.389784</out_Quantity.quantity></Point><Point><position>7206</position><in_Quantity.quantity>0.000000</in_Quantity.quantity><out_Quantity.quantity>79.076895</out_Quantity.quantity></Point><Point><position>7207</position><in_Quantity.quantity>0.000000</in_Quantity.quantity><out_Quantity.quantity>210.464125</out_Quantity.quantity></Point><Point><position>7208</position><in_Quantity.quantity>0.000000</in_Quantity.quantity><out_Quantity.quantity>832.703317</out_Quantity.quantity></Point><Point><position>7209</position><in_Quantity.quantity>0.000000</in_Quantity.quantity><out_Quantity.quantity>296.900760</out_Quantity.quantity></Point><Point><position>7210</position><in_Quantity.quantity>0.000000</in_Quantity.quantity><out_Quantity.quantity>614.648831</out_Quantity.quantity></Point><Point><position>7211</position><in_Quantity.quantity>0.000000</in_Quantity.quantity><out_Quantity.quantity>568.805991</out_Quantity.quantity></Point><Point><position>7212</position><in_Quantity.quantity>0.000000</in_Quantity.quantity><out_Quantity.quantity>841.192205</out_Quantity.quantity></Point><Point><position>7213</position><in_Quantity.quantity>0.000000</in_Quantity.quantity><out_Quantity.quantity>78.593082</out_Quantity.quantity></Point><Point><position>7214</position><in_Quantity.quantity>0.000000</in_Quantity.quantity><out_Quantity.quantity>802.201609</out_Quantity.quantity></Point><Point><position>7215</position><in_Quantity.quantity>0.000000</in_Quantity.quantity><out_Quantity.quantity>600.215487</out_Quantity.quantity></Point><Point><position>7216</position><in_Quantity.quantity>0.000000</in_Quantity.quantity><out_Quantity.quantity>854.174433</out_Quantity.quantity></Point><Point><position>7217</position><in_Quantity.quantity>0.000000</in_Quantity.quantity><out_Quantity.quantity>818.870568</out_Quantity.quantity></Point><Point><position>7218</position><in_Quantity.quantity>0.000000</in_Quantity.quantity><out_Quantity.quantity>358.350505</out_Quantity.quantity></Point><Point><position>7219</position><in_Quantity.quantity>0.000000</in_Quantity.quantity><out_Quantity.quantity>992.301120</out_Quantity.quantity></Point><Point><position>7220</position><in_Quantity.quantity>0.000000</in_Quantity.quantity><out_Quantity.quantity>710.498109</out_Quantity.quantity></Point><Point><position>7221</position><in_Quantity.quantity>0.000000</in_Quantity.quantity><out_Quantity.quantity>153.234094</out_Quantity.quantity></Point><Point><position>7222</position><in_Quantity.quantity>0.000000</in_Quantity.quantity><out_Quantity.quantity>743.707117</out_Quantity.quantity></Point><Point><position>7223</position><in_Quantity.quantity>0.000000</in_Quantity.quantity><out_Quantity.quantity>254.333098</out_Quantity.quantity></Point><Point><position>7224</position><in_Quantity.quantity>0.000000</in_Quantity.quantity><out_Quantity.quantity>893.411582</out_Quantity.quantity></Point><Point><position>7225</position><in_Quantity.quantity>0.000000</in_Quantity.quantity><out_Quantity.quantity>668.849378</out_Quantity.quantity></Point><Point><position>7226</position><in_Quantity.quantity>0.000000</in_Quantity.quantity><out_Quantity.quantity>194.188478</out_Quantity.quantity></Point><Point><position>7227</position><in_Quantity.quantity>0.000000</in_Quantity.quantity><out_Quantity.quantity>770.454799</out_Quantity.quantity></Point><Point><position>7228</position><in_Quantity.quantity>0.000000</in_Quantity.quantity><out_Quantity.quantity>651.085491</out_Quantity.quantity></Point><Point><position>7229</position><in_Quantity.quantity>0.000000</in_Quantity.quantity><out_Quantity.quantity>590.262828</out_Quantity.quantity></Point><Point><position>7230</position><in_Quantity.quantity>0.000000</in_Quantity.quantity><out_Quantity.quantity>466.946242</out_Quantity.quantity></Point><Point><position>7231</position><in_Quantity.quantity>0.000000</in_Quantity.quantity><out_Quantity.quantity>74.046290</out_Quantity.quantity></Point><Point><position>7232</position><in_Quantity.quantity>0.000000</in_Quantity.quantity><out_Quantity.quantity>742.580572</out_Quantity.quantity></Point><Point><position>7233</position><in_Quantity.quantity>0.000000</in_Quantity.quantity><out_Quantity.quantity>348.935589</out_Quantity.quantity></Point><Point><position>7234</position><in_Quantity.quantity>0.000000</in_Quantity.quantity><out_Quantity.quantity>842.823099</out_Quantity.quantity></Point><Point><position>7235</position><in_Quantity.quantity>0.000000</in_Quantity.quantity><out_Quantity.quantity>440.930711</out_Quantity.quantity></Point><Point><position>7236</position><in_Quantity.quantity>0.000000</in_Quantity.quantity><out_Quantity.quantity>940.738232</out_Quantity.quantity></Point><Point><position>7237</position><in_Quantity.quantity>0.000000</in_Quantity.quantity><out_Quantity.quantity>716.291183</out_Quantity.quantity></Point><Point><position>7238</position><in_Quantity.quantity>0.000000</in_Quantity.quantity><out_Quantity.quantity>936.201641</out_Quantity.quantity></Point><Point><position>7239</position><in_Quantity.quantity>0.000000</in_Quantity.quantity><out_Quantity.quantity>193.314330</out_Quantity.quantity></Point><Point><position>7240</position><in_Quantity.quantity>0.000000</in_Quantity.quantity><out_Quantity.quantity>784.525190</out_Quantity.quantity></Point><Point><position>7241</position><in_Quantity.quantity>0.000000</in_Quantity.quantity><out_Quantity.quantity>996.072208</out_Quantity.quantity></Point><Point><position>7242</position><in_Quantity.quantity>0.000000</in_Quantity.quantity><out_Quantity.quantity>971.188661</out_Quantity.quantity></Point><Point><position>7243</position><in_Quantity.quantity>0.000000</in_Quantity.quantity><out_Quantity.quantity>226.715516</out_Quantity.quantity></Point><Point><position>7244</position><in_Quantity.quantity>0.000000</in_Quantity.quantity><out_Quantity.quantity>442.818470</out_Quantity.quantity></Point><Point><position>7245</position><in_Quantity.quantity>0.000000</in_Quantity.quantity><out_Quantity.quantity>517.372438</out_Quantity.quantity></Point><Point><position>7246</position><in_Quantity.quantity>0.000000</in_Quantity.quantity><out_Quantity.quantity>583.666349</out_Quantity.quantity></Point><Point><position>7247</position><in_Quantity.quantity>0.000000</in_Quantity.quantity><out_Quantity.quantity>471.268757</out_Quantity.quantity></Point><Point><position>7248</position><in_Quantity.quantity>0.000000</in_Quantity.quantity><out_Quantity.quantity>813.215329</out_Quantity.quantity></Point><Point><position>7249</position><in_Quantity.quantity>0.000000</in_Quantity.quantity><out_Quantity.quantity>136.499344</out_Quantity.quantity></Point><Point><position>7250</position><in_Quantity.quantity>0.000000</in_Quantity.quantity><out_Quantity.quantity>906.601936</out_Quantity.quantity></Point><Point><position>7251</position><in_Quantity.quantity>0.000000</in_Quantity.quantity><out_Quantity.quantity>513.344369</out_Quantity.quantity></Point><Point><position>7252</position><in_Quantity.quantity>0.000000</in_Quantity.quantity><out_Quantity.quantity>389.706931</out_Quantity.quantity></Point><Point><position>7253</position><in_Quantity.quantity>0.000000</in_Quantity.quantity><out_Quantity.quantity>768.637682</out_Quantity.quantity></Point><Point><position>7254</position><in_Quantity.quantity>0.000000</in_Quantity.quantity><out_Quantity.quantity>192.712893</out_Quantity.quantity></Point><Point><position>7255</position><in_Quantity.quantity>0.000000</in_Quantity.quantity><out_Quantity.quantity>386.867323</out_Quantity.quantity></Point><Point><position>7256</position><in_Quantity.quantity>0.000000</in_Quantity.quantity><out_Quantity.quantity>23.341441</out_Quantity.quantity></Point><Point><position>7257</position><in_Quantity.quantity>0.000000</in_Quantity.quantity><out_Quantity.quantity>137.402679</out_Quantity.quantity></Point><Point><position>7258</position><in_Quantity.quantity>0.000000</in_Quantity.quantity><out_Quantity.quantity>593.809798</out_Quantity.quantity></Point><Point><position>7259</position><in_Quantity.quantity>0.000000</in_Quantity.quantity><out_Quantity.quantity>324.845320</out_Quantity.quantity></Point><Point><position>7260</position><in_Quantity.quantity>0.000000</in_Quantity.quantity><out_Quantity.quantity>211.917745</out_Quantity.quantity></Point><Point><position>7261</position><in_Quantity.quantity>0.000000</in_Quantity.quantity><out_Quantity.quantity>927.408075</out_Quantity.quantity></Point><Point><position>7262</position><in_Quantity.quantity>0.000000</in_Quantity.quantity><out_Quantity.quantity>87.768106</out_Quantity.quantity></Point><Point><position>7263</position><in_Quantity.quantity>0.000000</in_Quantity.quantity><out_Quantity.quantity>731.969639</out_Quantity.quantity></Point><Point><position>7264</position><in_Quantity.quantity>0.000000</in_Quantity.quantity><out_Quantity.quantity>195.571697</out_Quantity.quantity></Point><Point><position>7265</position><in_Quantity.quantity>0.000000</in_Quantity.quantity><out_Quantity.quantity>108.330893</out_Quantity.quantity></Point><Point><position>7266</position><in_Quantity.quantity>0.000000</in_Quantity.quantity><out_Quantity.quantity>881.172069</out_Quantity.quantity></Point><Point><position>7267</position><in_Quantity.quantity>0.000000</in_Quantity.quantity><out_Quantity.quantity>467.601858</out_Quantity.quantity></Point><Point><position>7268</position><in_Quantity.quantity>0.000000</in_Quantity.quantity><out_Quantity.quantity>483.769366</out_Quantity.quantity></Point><Point><position>7269</position><in_Quantity.quantity>0.000000</in_Quantity.quantity><out_Quantity.quantity>232.795150</out_Quantity.quantity></Point><Point><position>7270</position><in_Quantity.quantity>0.000000</in_Quantity.quantity><out_Quantity.quantity>617.720366</out_Quantity.quantity></Point><Point><position>7271</position><in_Quantity.quantity>0.000000</in_Quantity.quantity><out_Quantity.quantity>563.243145</out_Quantity.quantity></Point><Point><position>7272</position><in_Quantity.quantity>0.000000</in_Quantity.quantity><out_Quantity.quantity>892.142845</out_Quantity.quantity></Point><Point><position>7273</position><in_Quantity.quantity>0.000000</in_Quantity.quantity><out_Quantity.quantity>483.922177</out_Quantity.quantity></Point><Point><position>7274</position><in_Quantity.quantity>0.000000</in_Quantity.quantity><out_Quantity.quantity>116.455427</out_Quantity.quantity></Point><Point><position>7275</position><in_Quantity.quantity>0.000000</in_Quantity.quantity><out_Quantity.quantity>703.443254</out_Quantity.quantity></Point><Point><position>7276</position><in_Quantity.quantity>0.000000</in_Quantity.quantity><out_Quantity.quantity>805.064792</out_Quantity.quantity></Point><Point><position>7277</position><in_Quantity.quantity>0.000000</in_Quantity.quantity><out_Quantity.quantity>114.537103</out_Quantity.quantity></Point><Point><position>7278</position><in_Quantity.quantity>0.000000</in_Quantity.quantity><out_Quantity.quantity>899.032168</out_Quantity.quantity></Point><Point><position>7279</position><in_Quantity.quantity>0.000000</in_Quantity.quantity><out_Quantity.quantity>847.501250</out_Quantity.quantity></Point><Point><position>7280</position><in_Quantity.quantity>0.000000</in_Quantity.quantity><out_Quantity.quantity>448.022724</out_Quantity.quantity></Point><Point><position>7281</position><in_Quantity.quantity>0.000000</in_Quantity.quantity><out_Quantity.quantity>685.037607</out_Quantity.quantity></Point><Point><position>7282</position><in_Quantity.quantity>0.000000</in_Quantity.quantity><out_Quantity.quantity>728.326978</out_Quantity.quantity></Point><Point><position>7283</position><in_Quantity.quantity>0.000000</in_Quantity.quantity><out_Quantity.quantity>719.913754</out_Quantity.quantity></Point><Point><position>7284</position><in_Quantity.quantity>0.000000</in_Quantity.quantity><out_Quantity.quantity>811.441313</out_Quantity.quantity></Point><Point><position>7285</position><in_Quantity.quantity>0.000000</in_Quantity.quantity><out_Quantity.quantity>974.671706</out_Quantity.quantity></Point><Point><position>7286</position><in_Quantity.quantity>0.000000</in_Quantity.quantity><out_Quantity.quantity>988.179686</out_Quantity.quantity></Point><Point><position>7287</position><in_Quantity.quantity>0.000000</in_Quantity.quantity><out_Quantity.quantity>133.484395</out_Quantity.quantity></Point><Point><position>7288</position><in_Quantity.quantity>0.000000</in_Quantity.quantity><out_Quantity.quantity>535.271011</out_Quantity.quantity></Point><Point><position>7289</position><in_Quantity.quantity>0.000000</in_Quantity.quantity><out_Quantity.quantity>180.950421</out_Quantity.quantity></Point><Point><position>7290</position><in_Quantity.quantity>0.000000</in_Quantity.quantity><out_Quantity.quantity>218.079856</out_Quantity.quantity></Point><Point><position>7291</position><in_Quantity.quantity>0.000000</in_Quantity.quantity><out_Quantity.quantity>190.153391</out_Quantity.quantity></Point><Point><position>7292</position><in_Quantity.quantity>0.000000</in_Quantity.quantity><out_Quantity.quantity>303.981110</out_Quantity.quantity></Point><Point><position>7293</position><in_Quantity.quantity>0.000000</in_Quantity.quantity><out_Quantity.quantity>202.853579</out_Quantity.quantity></Point><Point><position>7294</position><in_Quantity.quantity>0.000000</in_Quantity.quantity><out_Quantity.quantity>276.651195</out_Quantity.quantity></Point><Point><position>7295</position><in_Quantity.quantity>0.000000</in_Quantity.quantity><out_Quantity.quantity>775.355520</out_Quantity.quantity></Point><Point><position>7296</position><in_Quantity.quantity>0.000000</in_Quantity.quantity><out_Quantity.quantity>566.952805</out_Quantity.quantity></Point><Point><position>7297</position><in_Quantity.quantity>0.000000</in_Quantity.quantity><out_Quantity.quantity>794.236760</out_Quantity.quantity></Point><Point><position>7298</position><in_Quantity.quantity>0.000000</in_Quantity.quantity><out_Quantity.quantity>777.956823</out_Quantity.quantity></Point><Point><position>7299</position><in_Quantity.quantity>0.000000</in_Quantity.quantity><out_Quantity.quantity>530.464360</out_Quantity.quantity></Point><Point><position>7300</position><in_Quantity.quantity>0.000000</in_Quantity.quantity><out_Quantity.quantity>562.271849</out_Quantity.quantity></Point><Point><position>7301</position><in_Quantity.quantity>0.000000</in_Quantity.quantity><out_Quantity.quantity>732.449579</out_Quantity.quantity></Point><Point><position>7302</position><in_Quantity.quantity>0.000000</in_Quantity.quantity><out_Quantity.quantity>556.220709</out_Quantity.quantity></Point><Point><position>7303</position><in_Quantity.quantity>0.000000</in_Quantity.quantity><out_Quantity.quantity>835.409513</out_Quantity.quantity></Point><Point><position>7304</position><in_Quantity.quantity>0.000000</in_Quantity.quantity><out_Quantity.quantity>350.376414</out_Quantity.quantity></Point><Point><position>7305</position><in_Quantity.quantity>0.000000</in_Quantity.quantity><out_Quantity.quantity>620.300182</out_Quantity.quantity></Point><Point><position>7306</position><in_Quantity.quantity>0.000000</in_Quantity.quantity><out_Quantity.quantity>811.656455</out_Quantity.quantity></Point><Point><position>7307</position><in_Quantity.quantity>0.000000</in_Quantity.quantity><out_Quantity.quantity>344.478319</out_Quantity.quantity></Point><Point><position>7308</position><in_Quantity.quantity>0.000000</in_Quantity.quantity><out_Quantity.quantity>552.642042</out_Quantity.quantity></Point><Point><position>7309</position><in_Quantity.quantity>0.000000</in_Quantity.quantity><out_Quantity.quantity>250.030034</out_Quantity.quantity></Point><Point><position>7310</position><in_Quantity.quantity>0.000000</in_Quantity.quantity><out_Quantity.quantity>252.884038</out_Quantity.quantity></Point><Point><position>7311</position><in_Quantity.quantity>0.000000</in_Quantity.quantity><out_Quantity.quantity>682.812896</out_Quantity.quantity></Point><Point><position>7312</position><in_Quantity.quantity>0.000000</in_Quantity.quantity><out_Quantity.quantity>592.391936</out_Quantity.quantity></Point><Point><position>7313</position><in_Quantity.quantity>0.000000</in_Quantity.quantity><out_Quantity.quantity>679.304890</out_Quantity.quantity></Point><Point><position>7314</position><in_Quantity.quantity>0.000000</in_Quantity.quantity><out_Quantity.quantity>585.149076</out_Quantity.quantity></Point><Point><position>7315</position><in_Quantity.quantity>0.000000</in_Quantity.quantity><out_Quantity.quantity>112.697061</out_Quantity.quantity></Point><Point><position>7316</position><in_Quantity.quantity>0.000000</in_Quantity.quantity><out_Quantity.quantity>526.133839</out_Quantity.quantity></Point><Point><position>7317</position><in_Quantity.quantity>0.000000</in_Quantity.quantity><out_Quantity.quantity>955.847465</out_Quantity.quantity></Point><Point><position>7318</position><in_Quantity.quantity>0.000000</in_Quantity.quantity><out_Quantity.quantity>781.335059</out_Quantity.quantity></Point><Point><position>7319</position><in_Quantity.quantity>0.000000</in_Quantity.quantity><out_Quantity.quantity>496.947523</out_Quantity.quantity></Point><Point><position>7320</position><in_Quantity.quantity>0.000000</in_Quantity.quantity><out_Quantity.quantity>85.796614</out_Quantity.quantity></Point><Point><position>7321</position><in_Quantity.quantity>0.000000</in_Quantity.quantity><out_Quantity.quantity>339.615421</out_Quantity.quantity></Point><Point><position>7322</position><in_Quantity.quantity>0.000000</in_Quantity.quantity><out_Quantity.quantity>370.425639</out_Quantity.quantity></Point><Point><position>7323</position><in_Quantity.quantity>0.000000</in_Quantity.quantity><out_Quantity.quantity>436.008323</out_Quantity.quantity></Point><Point><position>7324</position><in_Quantity.quantity>0.000000</in_Quantity.quantity><out_Quantity.quantity>102.877820</out_Quantity.quantity></Point><Point><position>7325</position><in_Quantity.quantity>0.000000</in_Quantity.quantity><out_Quantity.quantity>198.387799</out_Quantity.quantity></Point><Point><position>7326</position><in_Quantity.quantity>0.000000</in_Quantity.quantity><out_Quantity.quantity>48.905542</out_Quantity.quantity></Point><Point><position>7327</position><in_Quantity.quantity>0.000000</in_Quantity.quantity><out_Quantity.quantity>607.232443</out_Quantity.quantity></Point><Point><position>7328</position><in_Quantity.quantity>0.000000</in_Quantity.quantity><out_Quantity.quantity>68.973172</out_Quantity.quantity></Point><Point><position>7329</position><in_Quantity.quantity>0.000000</in_Quantity.quantity><out_Quantity.quantity>172.851648</out_Quantity.quantity></Point><Point><position>7330</position><in_Quantity.quantity>0.000000</in_Quantity.quantity><out_Quantity.quantity>327.638773</out_Quantity.quantity></Point><Point><position>7331</position><in_Quantity.quantity>0.000000</in_Quantity.quantity><out_Quantity.quantity>303.899659</out_Quantity.quantity></Point><Point><position>7332</position><in_Quantity.quantity>0.000000</in_Quantity.quantity><out_Quantity.quantity>763.573312</out_Quantity.quantity></Point><Point><position>7333</position><in_Quantity.quantity>0.000000</in_Quantity.quantity><out_Quantity.quantity>676.449544</out_Quantity.quantity></Point><Point><position>7334</position><in_Quantity.quantity>0.000000</in_Quantity.quantity><out_Quantity.quantity>201.434202</out_Quantity.quantity></Point><Point><position>7335</position><in_Quantity.quantity>0.000000</in_Quantity.quantity><out_Quantity.quantity>769.494323</out_Quantity.quantity></Point><Point><position>7336</position><in_Quantity.quantity>0.000000</in_Quantity.quantity><out_Quantity.quantity>220.886970</out_Quantity.quantity></Point><Point><position>7337</position><in_Quantity.quantity>0.000000</in_Quantity.quantity><out_Quantity.quantity>104.594761</out_Quantity.quantity></Point><Point><position>7338</position><in_Quantity.quantity>0.000000</in_Quantity.quantity><out_Quantity.quantity>909.298303</out_Quantity.quantity></Point><Point><position>7339</position><in_Quantity.quantity>0.000000</in_Quantity.quantity><out_Quantity.quantity>401.599226</out_Quantity.quantity></Point><Point><position>7340</position><in_Quantity.quantity>0.000000</in_Quantity.quantity><out_Quantity.quantity>21.531293</out_Quantity.quantity></Point><Point><position>7341</position><in_Quantity.quantity>0.000000</in_Quantity.quantity><out_Quantity.quantity>230.973169</out_Quantity.quantity></Point><Point><position>7342</position><in_Quantity.quantity>0.000000</in_Quantity.quantity><out_Quantity.quantity>258.599992</out_Quantity.quantity></Point><Point><position>7343</position><in_Quantity.quantity>0.000000</in_Quantity.quantity><out_Quantity.quantity>422.459539</out_Quantity.quantity></Point><Point><position>7344</position><in_Quantity.quantity>0.000000</in_Quantity.quantity><out_Quantity.quantity>59.694365</out_Quantity.quantity></Point><Point><position>7345</position><in_Quantity.quantity>0.000000</in_Quantity.quantity><out_Quantity.quantity>476.467013</out_Quantity.quantity></Point><Point><position>7346</position><in_Quantity.quantity>0.000000</in_Quantity.quantity><out_Quantity.quantity>291.189802</out_Quantity.quantity></Point><Point><position>7347</position><in_Quantity.quantity>0.000000</in_Quantity.quantity><out_Quantity.quantity>982.811052</out_Quantity.quantity></Point><Point><position>7348</position><in_Quantity.quantity>0.000000</in_Quantity.quantity><out_Quantity.quantity>299.977650</out_Quantity.quantity></Point><Point><position>7349</position><in_Quantity.quantity>0.000000</in_Quantity.quantity><out_Quantity.quantity>996.059026</out_Quantity.quantity></Point><Point><position>7350</position><in_Quantity.quantity>0.000000</in_Quantity.quantity><out_Quantity.quantity>260.515454</out_Quantity.quantity></Point><Point><position>7351</position><in_Quantity.quantity>0.000000</in_Quantity.quantity><out_Quantity.quantity>844.615388</out_Quantity.quantity></Point><Point><position>7352</position><in_Quantity.quantity>0.000000</in_Quantity.quantity><out_Quantity.quantity>217.874798</out_Quantity.quantity></Point><Point><position>7353</position><in_Quantity.quantity>0.000000</in_Quantity.quantity><out_Quantity.quantity>119.186624</out_Quantity.quantity></Point><Point><position>7354</position><in_Quantity.quantity>0.000000</in_Quantity.quantity><out_Quantity.quantity>544.912028</out_Quantity.quantity></Point><Point><position>7355</position><in_Quantity.quantity>0.000000</in_Quantity.quantity><out_Quantity.quantity>400.666024</out_Quantity.quantity></Point><Point><position>7356</position><in_Quantity.quantity>0.000000</in_Quantity.quantity><out_Quantity.quantity>973.073619</out_Quantity.quantity></Point><Point><position>7357</position><in_Quantity.quantity>0.000000</in_Quantity.quantity><out_Quantity.quantity>446.807154</out_Quantity.quantity></Point><Point><position>7358</position><in_Quantity.quantity>0.000000</in_Quantity.quantity><out_Quantity.quantity>106.247345</out_Quantity.quantity></Point><Point><position>7359</position><in_Quantity.quantity>0.000000</in_Quantity.quantity><out_Quantity.quantity>579.708297</out_Quantity.quantity></Point><Point><position>7360</position><in_Quantity.quantity>0.000000</in_Quantity.quantity><out_Quantity.quantity>219.217748</out_Quantity.quantity></Point><Point><position>7361</position><in_Quantity.quantity>0.000000</in_Quantity.quantity><out_Quantity.quantity>111.634979</out_Quantity.quantity></Point><Point><position>7362</position><in_Quantity.quantity>0.000000</in_Quantity.quantity><out_Quantity.quantity>242.332909</out_Quantity.quantity></Point><Point><position>7363</position><in_Quantity.quantity>0.000000</in_Quantity.quantity><out_Quantity.quantity>229.867024</out_Quantity.quantity></Point><Point><position>7364</position><in_Quantity.quantity>0.000000</in_Quantity.quantity><out_Quantity.quantity>672.771780</out_Quantity.quantity></Point><Point><position>7365</position><in_Quantity.quantity>0.000000</in_Quantity.quantity><out_Quantity.quantity>250.116719</out_Quantity.quantity></Point><Point><position>7366</position><in_Quantity.quantity>0.000000</in_Quantity.quantity><out_Quantity.quantity>383.292585</out_Quantity.quantity></Point><Point><position>7367</position><in_Quantity.quantity>0.000000</in_Quantity.quantity><out_Quantity.quantity>656.396263</out_Quantity.quantity></Point><Point><position>7368</position><in_Quantity.quantity>0.000000</in_Quantity.quantity><out_Quantity.quantity>383.928064</out_Quantity.quantity></Point><Point><position>7369</position><in_Quantity.quantity>0.000000</in_Quantity.quantity><out_Quantity.quantity>101.858898</out_Quantity.quantity></Point><Point><position>7370</position><in_Quantity.quantity>0.000000</in_Quantity.quantity><out_Quantity.quantity>969.215279</out_Quantity.quantity></Point><Point><position>7371</position><in_Quantity.quantity>0.000000</in_Quantity.quantity><out_Quantity.quantity>160.740955</out_Quantity.quantity></Point><Point><position>7372</position><in_Quantity.quantity>0.000000</in_Quantity.quantity><out_Quantity.quantity>919.343211</out_Quantity.quantity></Point><Point><position>7373</position><in_Quantity.quantity>0.000000</in_Quantity.quantity><out_Quantity.quantity>486.302658</out_Quantity.quantity></Point><Point><position>7374</position><in_Quantity.quantity>0.000000</in_Quantity.quantity><out_Quantity.quantity>10.843185</out_Quantity.quantity></Point><Point><position>7375</position><in_Quantity.quantity>0.000000</in_Quantity.quantity><out_Quantity.quantity>280.525018</out_Quantity.quantity></Point><Point><position>7376</position><in_Quantity.quantity>0.000000</in_Quantity.quantity><out_Quantity.quantity>814.507515</out_Quantity.quantity></Point><Point><position>7377</position><in_Quantity.quantity>0.000000</in_Quantity.quantity><out_Quantity.quantity>120.733723</out_Quantity.quantity></Point><Point><position>7378</position><in_Quantity.quantity>0.000000</in_Quantity.quantity><out_Quantity.quantity>987.491949</out_Quantity.quantity></Point><Point><position>7379</position><in_Quantity.quantity>0.000000</in_Quantity.quantity><out_Quantity.quantity>646.942227</out_Quantity.quantity></Point><Point><position>7380</position><in_Quantity.quantity>0.000000</in_Quantity.quantity><out_Quantity.quantity>10.101971</out_Quantity.quantity></Point><Point><position>7381</position><in_Quantity.quantity>0.000000</in_Quantity.quantity><out_Quantity.quantity>823.059481</out_Quantity.quantity></Point><Point><position>7382</position><in_Quantity.quantity>0.000000</in_Quantity.quantity><out_Quantity.quantity>28.159323</out_Quantity.quantity></Point><Point><position>7383</position><in_Quantity.quantity>0.000000</in_Quantity.quantity><out_Quantity.quantity>475.592524</out_Quantity.quantity></Point><Point><position>7384</position><in_Quantity.quantity>0.000000</in_Quantity.quantity><out_Quantity.quantity>421.717936</out_Quantity.quantity></Point><Point><position>7385</position><in_Quantity.quantity>0.000000</in_Quantity.quantity><out_Quantity.quantity>874.201262</out_Quantity.quantity></Point><Point><position>7386</position><in_Quantity.quantity>0.000000</in_Quantity.quantity><out_Quantity.quantity>987.192092</out_Quantity.quantity></Point><Point><position>7387</position><in_Quantity.quantity>0.000000</in_Quantity.quantity><out_Quantity.quantity>665.063034</out_Quantity.quantity></Point><Point><position>7388</position><in_Quantity.quantity>0.000000</in_Quantity.quantity><out_Quantity.quantity>39.899897</out_Quantity.quantity></Point><Point><position>7389</position><in_Quantity.quantity>0.000000</in_Quantity.quantity><out_Quantity.quantity>484.494608</out_Quantity.quantity></Point><Point><position>7390</position><in_Quantity.quantity>0.000000</in_Quantity.quantity><out_Quantity.quantity>725.191884</out_Quantity.quantity></Point><Point><position>7391</position><in_Quantity.quantity>0.000000</in_Quantity.quantity><out_Quantity.quantity>603.897062</out_Quantity.quantity></Point><Point><position>7392</position><in_Quantity.quantity>0.000000</in_Quantity.quantity><out_Quantity.quantity>522.189677</out_Quantity.quantity></Point><Point><position>7393</position><in_Quantity.quantity>0.000000</in_Quantity.quantity><out_Quantity.quantity>646.336774</out_Quantity.quantity></Point><Point><position>7394</position><in_Quantity.quantity>0.000000</in_Quantity.quantity><out_Quantity.quantity>669.481888</out_Quantity.quantity></Point><Point><position>7395</position><in_Quantity.quantity>0.000000</in_Quantity.quantity><out_Quantity.quantity>852.185816</out_Quantity.quantity></Point><Point><position>7396</position><in_Quantity.quantity>0.000000</in_Quantity.quantity><out_Quantity.quantity>601.151826</out_Quantity.quantity></Point><Point><position>7397</position><in_Quantity.quantity>0.000000</in_Quantity.quantity><out_Quantity.quantity>674.828916</out_Quantity.quantity></Point><Point><position>7398</position><in_Quantity.quantity>0.000000</in_Quantity.quantity><out_Quantity.quantity>305.226275</out_Quantity.quantity></Point><Point><position>7399</position><in_Quantity.quantity>0.000000</in_Quantity.quantity><out_Quantity.quantity>842.532710</out_Quantity.quantity></Point><Point><position>7400</position><in_Quantity.quantity>0.000000</in_Quantity.quantity><out_Quantity.quantity>806.683008</out_Quantity.quantity></Point><Point><position>7401</position><in_Quantity.quantity>0.000000</in_Quantity.quantity><out_Quantity.quantity>396.444706</out_Quantity.quantity></Point><Point><position>7402</position><in_Quantity.quantity>0.000000</in_Quantity.quantity><out_Quantity.quantity>945.555840</out_Quantity.quantity></Point><Point><position>7403</position><in_Quantity.quantity>0.000000</in_Quantity.quantity><out_Quantity.quantity>57.029906</out_Quantity.quantity></Point><Point><position>7404</position><in_Quantity.quantity>0.000000</in_Quantity.quantity><out_Quantity.quantity>195.716072</out_Quantity.quantity></Point><Point><position>7405</position><in_Quantity.quantity>0.000000</in_Quantity.quantity><out_Quantity.quantity>36.914894</out_Quantity.quantity></Point><Point><position>7406</position><in_Quantity.quantity>0.000000</in_Quantity.quantity><out_Quantity.quantity>649.482099</out_Quantity.quantity></Point><Point><position>7407</position><in_Quantity.quantity>0.000000</in_Quantity.quantity><out_Quantity.quantity>636.779518</out_Quantity.quantity></Point><Point><position>7408</position><in_Quantity.quantity>0.000000</in_Quantity.quantity><out_Quantity.quantity>197.345230</out_Quantity.quantity></Point><Point><position>7409</position><in_Quantity.quantity>0.000000</in_Quantity.quantity><out_Quantity.quantity>860.909200</out_Quantity.quantity></Point><Point><position>7410</position><in_Quantity.quantity>0.000000</in_Quantity.quantity><out_Quantity.quantity>721.760900</out_Quantity.quantity></Point><Point><position>7411</position><in_Quantity.quantity>0.000000</in_Quantity.quantity><out_Quantity.quantity>11.684014</out_Quantity.quantity></Point><Point><position>7412</position><in_Quantity.quantity>0.000000</in_Quantity.quantity><out_Quantity.quantity>805.107254</out_Quantity.quantity></Point><Point><position>7413</position><in_Quantity.quantity>0.000000</in_Quantity.quantity><out_Quantity.quantity>592.622594</out_Quantity.quantity></Point><Point><position>7414</position><in_Quantity.quantity>0.000000</in_Quantity.quantity><out_Quantity.quantity>275.895951</out_Quantity.quantity></Point><Point><position>7415</position><in_Quantity.quantity>0.000000</in_Quantity.quantity><out_Quantity.quantity>246.220043</out_Quantity.quantity></Point><Point><position>7416</position><in_Quantity.quantity>0.000000</in_Quantity.quantity><out_Quantity.quantity>481.230167</out_Quantity.quantity></Point><Point><position>7417</position><in_Quantity.quantity>0.000000</in_Quantity.quantity><out_Quantity.quantity>631.497296</out_Quantity.quantity></Point><Point><position>7418</position><in_Quantity.quantity>0.000000</in_Quantity.quantity><out_Quantity.quantity>928.347125</out_Quantity.quantity></Point><Point><position>7419</position><in_Quantity.quantity>0.000000</in_Quantity.quantity><out_Quantity.quantity>237.640627</out_Quantity.quantity></Point><Point><position>7420</position><in_Quantity.quantity>0.000000</in_Quantity.quantity><out_Quantity.quantity>944.277804</out_Quantity.quantity></Point><Point><position>7421</position><in_Quantity.quantity>0.000000</in_Quantity.quantity><out_Quantity.quantity>170.340459</out_Quantity.quantity></Point><Point><position>7422</position><in_Quantity.quantity>0.000000</in_Quantity.quantity><out_Quantity.quantity>674.262491</out_Quantity.quantity></Point><Point><position>7423</position><in_Quantity.quantity>0.000000</in_Quantity.quantity><out_Quantity.quantity>208.672115</out_Quantity.quantity></Point><Point><position>7424</position><in_Quantity.quantity>0.000000</in_Quantity.quantity><out_Quantity.quantity>417.053397</out_Quantity.quantity></Point><Point><position>7425</position><in_Quantity.quantity>0.000000</in_Quantity.quantity><out_Quantity.quantity>79.773934</out_Quantity.quantity></Point><Point><position>7426</position><in_Quantity.quantity>0.000000</in_Quantity.quantity><out_Quantity.quantity>82.347548</out_Quantity.quantity></Point><Point><position>7427</position><in_Quantity.quantity>0.000000</in_Quantity.quantity><out_Quantity.quantity>376.198250</out_Quantity.quantity></Point><Point><position>7428</position><in_Quantity.quantity>0.000000</in_Quantity.quantity><out_Quantity.quantity>118.747626</out_Quantity.quantity></Point><Point><position>7429</position><in_Quantity.quantity>0.000000</in_Quantity.quantity><out_Quantity.quantity>520.993151</out_Quantity.quantity></Point><Point><position>7430</position><in_Quantity.quantity>0.000000</in_Quantity.quantity><out_Quantity.quantity>791.261054</out_Quantity.quantity></Point><Point><position>7431</position><in_Quantity.quantity>0.000000</in_Quantity.quantity><out_Quantity.quantity>669.217546</out_Quantity.quantity></Point><Point><position>7432</position><in_Quantity.quantity>0.000000</in_Quantity.quantity><out_Quantity.quantity>757.725036</out_Quantity.quantity></Point><Point><position>7433</position><in_Quantity.quantity>0.000000</in_Quantity.quantity><out_Quantity.quantity>505.889557</out_Quantity.quantity></Point><Point><position>7434</position><in_Quantity.quantity>0.000000</in_Quantity.quantity><out_Quantity.quantity>659.350276</out_Quantity.quantity></Point><Point><position>7435</position><in_Quantity.quantity>0.000000</in_Quantity.quantity><out_Quantity.quantity>204.729510</out_Quantity.quantity></Point><Point><position>7436</position><in_Quantity.quantity>0.000000</in_Quantity.quantity><out_Quantity.quantity>62.633890</out_Quantity.quantity></Point><Point><position>7437</position><in_Quantity.quantity>0.000000</in_Quantity.quantity><out_Quantity.quantity>453.284953</out_Quantity.quantity></Point><Point><position>7438</position><in_Quantity.quantity>0.000000</in_Quantity.quantity><out_Quantity.quantity>194.091865</out_Quantity.quantity></Point><Point><position>7439</position><in_Quantity.quantity>0.000000</in_Quantity.quantity><out_Quantity.quantity>450.073020</out_Quantity.quantity></Point><Point><position>7440</position><in_Quantity.quantity>0.000000</in_Quantity.quantity><out_Quantity.quantity>963.996736</out_Quantity.quantity></Point><Point><position>7441</position><in_Quantity.quantity>0.000000</in_Quantity.quantity><out_Quantity.quantity>210.737708</out_Quantity.quantity></Point><Point><position>7442</position><in_Quantity.quantity>0.000000</in_Quantity.quantity><out_Quantity.quantity>865.616562</out_Quantity.quantity></Point><Point><position>7443</position><in_Quantity.quantity>0.000000</in_Quantity.quantity><out_Quantity.quantity>100.007315</out_Quantity.quantity></Point><Point><position>7444</position><in_Quantity.quantity>0.000000</in_Quantity.quantity><out_Quantity.quantity>989.430198</out_Quantity.quantity></Point><Point><position>7445</position><in_Quantity.quantity>0.000000</in_Quantity.quantity><out_Quantity.quantity>857.405919</out_Quantity.quantity></Point><Point><position>7446</position><in_Quantity.quantity>0.000000</in_Quantity.quantity><out_Quantity.quantity>787.628723</out_Quantity.quantity></Point><Point><position>7447</position><in_Quantity.quantity>0.000000</in_Quantity.quantity><out_Quantity.quantity>5.931638</out_Quantity.quantity></Point><Point><position>7448</position><in_Quantity.quantity>0.000000</in_Quantity.quantity><out_Quantity.quantity>237.539548</out_Quantity.quantity></Point><Point><position>7449</position><in_Quantity.quantity>0.000000</in_Quantity.quantity><out_Quantity.quantity>752.303350</out_Quantity.quantity></Point><Point><position>7450</position><in_Quantity.quantity>0.000000</in_Quantity.quantity><out_Quantity.quantity>75.101566</out_Quantity.quantity></Point><Point><position>7451</position><in_Quantity.quantity>0.000000</in_Quantity.quantity><out_Quantity.quantity>207.096694</out_Quantity.quantity></Point><Point><position>7452</position><in_Quantity.quantity>0.000000</in_Quantity.quantity><out_Quantity.quantity>168.399274</out_Quantity.quantity></Point><Point><position>7453</position><in_Quantity.quantity>0.000000</in_Quantity.quantity><out_Quantity.quantity>561.547465</out_Quantity.quantity></Point><Point><position>7454</position><in_Quantity.quantity>0.000000</in_Quantity.quantity><out_Quantity.quantity>959.950604</out_Quantity.quantity></Point><Point><position>7455</position><in_Quantity.quantity>0.000000</in_Quantity.quantity><out_Quantity.quantity>181.980399</out_Quantity.quantity></Point><Point><position>7456</position><in_Quantity.quantity>0.000000</in_Quantity.quantity><out_Quantity.quantity>372.834167</out_Quantity.quantity></Point><Point><position>7457</position><in_Quantity.quantity>0.000000</in_Quantity.quantity><out_Quantity.quantity>318.649660</out_Quantity.quantity></Point><Point><position>7458</position><in_Quantity.quantity>0.000000</in_Quantity.quantity><out_Quantity.quantity>907.030924</out_Quantity.quantity></Point><Point><position>7459</position><in_Quantity.quantity>0.000000</in_Quantity.quantity><out_Quantity.quantity>866.610874</out_Quantity.quantity></Point><Point><position>7460</position><in_Quantity.quantity>0.000000</in_Quantity.quantity><out_Quantity.quantity>826.088372</out_Quantity.quantity></Point><Point><position>7461</position><in_Quantity.quantity>0.000000</in_Quantity.quantity><out_Quantity.quantity>965.651169</out_Quantity.quantity></Point><Point><position>7462</position><in_Quantity.quantity>0.000000</in_Quantity.quantity><out_Quantity.quantity>434.302078</out_Quantity.quantity></Point><Point><position>7463</position><in_Quantity.quantity>0.000000</in_Quantity.quantity><out_Quantity.quantity>257.373172</out_Quantity.quantity></Point><Point><position>7464</position><in_Quantity.quantity>0.000000</in_Quantity.quantity><out_Quantity.quantity>369.542230</out_Quantity.quantity></Point><Point><position>7465</position><in_Quantity.quantity>0.000000</in_Quantity.quantity><out_Quantity.quantity>5.268419</out_Quantity.quantity></Point><Point><position>7466</position><in_Quantity.quantity>0.000000</in_Quantity.quantity><out_Quantity.quantity>604.080430</out_Quantity.quantity></Point><Point><position>7467</position><in_Quantity.quantity>0.000000</in_Quantity.quantity><out_Quantity.quantity>544.570876</out_Quantity.quantity></Point><Point><position>7468</position><in_Quantity.quantity>0.000000</in_Quantity.quantity><out_Quantity.quantity>135.778435</out_Quantity.quantity></Point><Point><position>7469</position><in_Quantity.quantity>0.000000</in_Quantity.quantity><out_Quantity.quantity>473.858727</out_Quantity.quantity></Point><Point><position>7470</position><in_Quantity.quantity>0.000000</in_Quantity.quantity><out_Quantity.quantity>779.191267</out_Quantity.quantity></Point><Point><position>7471</position><in_Quantity.quantity>0.000000</in_Quantity.quantity><out_Quantity.quantity>43.609782</out_Quantity.quantity></Point><Point><position>7472</position><in_Quantity.quantity>0.000000</in_Quantity.quantity><out_Quantity.quantity>604.078363</out_Quantity.quantity></Point><Point><position>7473</position><in_Quantity.quantity>0.000000</in_Quantity.quantity><out_Quantity.quantity>489.459796</out_Quantity.quantity></Point><Point><position>7474</position><in_Quantity.quantity>0.000000</in_Quantity.quantity><out_Quantity.quantity>988.460317</out_Quantity.quantity></Point><Point><position>7475</position><in_Quantity.quantity>0.000000</in_Quantity.quantity><out_Quantity.quantity>971.752049</out_Quantity.quantity></Point><Point><position>7476</position><in_Quantity.quantity>0.000000</in_Quantity.quantity><out_Quantity.quantity>877.950468</out_Quantity.quantity></Point><Point><position>7477</position><in_Quantity.quantity>0.000000</in_Quantity.quantity><out_Quantity.quantity>438.017136</out_Quantity.quantity></Point><Point><position>7478</position><in_Quantity.quantity>0.000000</in_Quantity.quantity><out_Quantity.quantity>236.022745</out_Quantity.quantity></Point><Point><position>7479</position><in_Quantity.quantity>0.000000</in_Quantity.quantity><out_Quantity.quantity>59.963887</out_Quantity.quantity></Point><Point><position>7480</position><in_Quantity.quantity>0.000000</in_Quantity.quantity><out_Quantity.quantity>49.538541</out_Quantity.quantity></Point><Point><position>7481</position><in_Quantity.quantity>0.000000</in_Quantity.quantity><out_Quantity.quantity>372.581816</out_Quantity.quantity></Point><Point><position>7482</position><in_Quantity.quantity>0.000000</in_Quantity.quantity><out_Quantity.quantity>995.306670</out_Quantity.quantity></Point><Point><position>7483</position><in_Quantity.quantity>0.000000</in_Quantity.quantity><out_Quantity.quantity>675.279579</out_Quantity.quantity></Point><Point><position>7484</position><in_Quantity.quantity>0.000000</in_Quantity.quantity><out_Quantity.quantity>438.501654</out_Quantity.quantity></Point><Point><position>7485</position><in_Quantity.quantity>0.000000</in_Quantity.quantity><out_Quantity.quantity>31.394948</out_Quantity.quantity></Point><Point><position>7486</position><in_Quantity.quantity>0.000000</in_Quantity.quantity><out_Quantity.quantity>146.137563</out_Quantity.quantity></Point><Point><position>7487</position><in_Quantity.quantity>0.000000</in_Quantity.quantity><out_Quantity.quantity>723.806590</out_Quantity.quantity></Point><Point><position>7488</position><in_Quantity.quantity>0.000000</in_Quantity.quantity><out_Quantity.quantity>29.670756</out_Quantity.quantity></Point><Point><position>7489</position><in_Quantity.quantity>0.000000</in_Quantity.quantity><out_Quantity.quantity>972.585160</out_Quantity.quantity></Point><Point><position>7490</position><in_Quantity.quantity>0.000000</in_Quantity.quantity><out_Quantity.quantity>284.937536</out_Quantity.quantity></Point><Point><position>7491</position><in_Quantity.quantity>0.000000</in_Quantity.quantity><out_Quantity.quantity>69.888478</out_Quantity.quantity></Point><Point><position>7492</position><in_Quantity.quantity>0.000000</in_Quantity.quantity><out_Quantity.quantity>513.626697</out_Quantity.quantity></Point><Point><position>7493</position><in_Quantity.quantity>0.000000</in_Quantity.quantity><out_Quantity.quantity>505.241957</out_Quantity.quantity></Point><Point><position>7494</position><in_Quantity.quantity>0.000000</in_Quantity.quantity><out_Quantity.quantity>204.997456</out_Quantity.quantity></Point><Point><position>7495</position><in_Quantity.quantity>0.000000</in_Quantity.quantity><out_Quantity.quantity>31.799671</out_Quantity.quantity></Point><Point><position>7496</position><in_Quantity.quantity>0.000000</in_Quantity.quantity><out_Quantity.quantity>12.412092</out_Quantity.quantity></Point><Point><position>7497</position><in_Quantity.quantity>0.000000</in_Quantity.quantity><out_Quantity.quantity>181.348282</out_Quantity.quantity></Point><Point><position>7498</position><in_Quantity.quantity>0.000000</in_Quantity.quantity><out_Quantity.quantity>837.997242</out_Quantity.quantity></Point><Point><position>7499</position><in_Quantity.quantity>0.000000</in_Quantity.quantity><out_Quantity.quantity>457.532467</out_Quantity.quantity></Point><Point><position>7500</position><in_Quantity.quantity>0.000000</in_Quantity.quantity><out_Quantity.quantity>272.559891</out_Quantity.quantity></Point><Point><position>7501</position><in_Quantity.quantity>0.000000</in_Quantity.quantity><out_Quantity.quantity>434.219816</out_Quantity.quantity></Point><Point><position>7502</position><in_Quantity.quantity>0.000000</in_Quantity.quantity><out_Quantity.quantity>414.073201</out_Quantity.quantity></Point><Point><position>7503</position><in_Quantity.quantity>0.000000</in_Quantity.quantity><out_Quantity.quantity>441.661219</out_Quantity.quantity></Point><Point><position>7504</position><in_Quantity.quantity>0.000000</in_Quantity.quantity><out_Quantity.quantity>133.030746</out_Quantity.quantity></Point><Point><position>7505</position><in_Quantity.quantity>0.000000</in_Quantity.quantity><out_Quantity.quantity>723.353789</out_Quantity.quantity></Point><Point><position>7506</position><in_Quantity.quantity>0.000000</in_Quantity.quantity><out_Quantity.quantity>854.077546</out_Quantity.quantity></Point><Point><position>7507</position><in_Quantity.quantity>0.000000</in_Quantity.quantity><out_Quantity.quantity>478.374289</out_Quantity.quantity></Point><Point><position>7508</position><in_Quantity.quantity>0.000000</in_Quantity.quantity><out_Quantity.quantity>180.897609</out_Quantity.quantity></Point><Point><position>7509</position><in_Quantity.quantity>0.000000</in_Quantity.quantity><out_Quantity.quantity>371.203899</out_Quantity.quantity></Point><Point><position>7510</position><in_Quantity.quantity>0.000000</in_Quantity.quantity><out_Quantity.quantity>195.553841</out_Quantity.quantity></Point><Point><position>7511</position><in_Quantity.quantity>0.000000</in_Quantity.quantity><out_Quantity.quantity>621.822926</out_Quantity.quantity></Point><Point><position>7512</position><in_Quantity.quantity>0.000000</in_Quantity.quantity><out_Quantity.quantity>319.321558</out_Quantity.quantity></Point><Point><position>7513</position><in_Quantity.quantity>0.000000</in_Quantity.quantity><out_Quantity.quantity>216.416420</out_Quantity.quantity></Point><Point><position>7514</position><in_Quantity.quantity>0.000000</in_Quantity.quantity><out_Quantity.quantity>388.374604</out_Quantity.quantity></Point><Point><position>7515</position><in_Quantity.quantity>0.000000</in_Quantity.quantity><out_Quantity.quantity>622.115779</out_Quantity.quantity></Point><Point><position>7516</position><in_Quantity.quantity>0.000000</in_Quantity.quantity><out_Quantity.quantity>319.199367</out_Quantity.quantity></Point><Point><position>7517</position><in_Quantity.quantity>0.000000</in_Quantity.quantity><out_Quantity.quantity>747.504169</out_Quantity.quantity></Point><Point><position>7518</position><in_Quantity.quantity>0.000000</in_Quantity.quantity><out_Quantity.quantity>363.101402</out_Quantity.quantity></Point><Point><position>7519</position><in_Quantity.quantity>0.000000</in_Quantity.quantity><out_Quantity.quantity>478.742528</out_Quantity.quantity></Point><Point><position>7520</position><in_Quantity.quantity>0.000000</in_Quantity.quantity><out_Quantity.quantity>573.865898</out_Quantity.quantity></Point><Point><position>7521</position><in_Quantity.quantity>0.000000</in_Quantity.quantity><out_Quantity.quantity>466.031151</out_Quantity.quantity></Point><Point><position>7522</position><in_Quantity.quantity>0.000000</in_Quantity.quantity><out_Quantity.quantity>535.935130</out_Quantity.quantity></Point><Point><position>7523</position><in_Quantity.quantity>0.000000</in_Quantity.quantity><out_Quantity.quantity>786.255022</out_Quantity.quantity></Point><Point><position>7524</position><in_Quantity.quantity>0.000000</in_Quantity.quantity><out_Quantity.quantity>633.152363</out_Quantity.quantity></Point><Point><position>7525</position><in_Quantity.quantity>0.000000</in_Quantity.quantity><out_Quantity.quantity>17.448643</out_Quantity.quantity></Point><Point><position>7526</position><in_Quantity.quantity>0.000000</in_Quantity.quantity><out_Quantity.quantity>771.428720</out_Quantity.quantity></Point><Point><position>7527</position><in_Quantity.quantity>0.000000</in_Quantity.quantity><out_Quantity.quantity>497.206102</out_Quantity.quantity></Point><Point><position>7528</position><in_Quantity.quantity>0.000000</in_Quantity.quantity><out_Quantity.quantity>554.583198</out_Quantity.quantity></Point><Point><position>7529</position><in_Quantity.quantity>0.000000</in_Quantity.quantity><out_Quantity.quantity>957.630994</out_Quantity.quantity></Point><Point><position>7530</position><in_Quantity.quantity>0.000000</in_Quantity.quantity><out_Quantity.quantity>200.852498</out_Quantity.quantity></Point><Point><position>7531</position><in_Quantity.quantity>0.000000</in_Quantity.quantity><out_Quantity.quantity>831.441064</out_Quantity.quantity></Point><Point><position>7532</position><in_Quantity.quantity>0.000000</in_Quantity.quantity><out_Quantity.quantity>123.490336</out_Quantity.quantity></Point><Point><position>7533</position><in_Quantity.quantity>0.000000</in_Quantity.quantity><out_Quantity.quantity>634.415873</out_Quantity.quantity></Point><Point><position>7534</position><in_Quantity.quantity>0.000000</in_Quantity.quantity><out_Quantity.quantity>902.302370</out_Quantity.quantity></Point><Point><position>7535</position><in_Quantity.quantity>0.000000</in_Quantity.quantity><out_Quantity.quantity>292.062735</out_Quantity.quantity></Point><Point><position>7536</position><in_Quantity.quantity>0.000000</in_Quantity.quantity><out_Quantity.quantity>94.360809</out_Quantity.quantity></Point><Point><position>7537</position><in_Quantity.quantity>0.000000</in_Quantity.quantity><out_Quantity.quantity>949.635967</out_Quantity.quantity></Point><Point><position>7538</position><in_Quantity.quantity>0.000000</in_Quantity.quantity><out_Quantity.quantity>297.480572</out_Quantity.quantity></Point><Point><position>7539</position><in_Quantity.quantity>0.000000</in_Quantity.quantity><out_Quantity.quantity>879.880395</out_Quantity.quantity></Point><Point><position>7540</position><in_Quantity.quantity>0.000000</in_Quantity.quantity><out_Quantity.quantity>977.971173</out_Quantity.quantity></Point><Point><position>7541</position><in_Quantity.quantity>0.000000</in_Quantity.quantity><out_Quantity.quantity>552.563835</out_Quantity.quantity></Point><Point><position>7542</position><in_Quantity.quantity>0.000000</in_Quantity.quantity><out_Quantity.quantity>901.304659</out_Quantity.quantity></Point><Point><position>7543</position><in_Quantity.quantity>0.000000</in_Quantity.quantity><out_Quantity.quantity>100.424011</out_Quantity.quantity></Point><Point><position>7544</position><in_Quantity.quantity>0.000000</in_Quantity.quantity><out_Quantity.quantity>249.803602</out_Quantity.quantity></Point><Point><position>7545</position><in_Quantity.quantity>0.000000</in_Quantity.quantity><out_Quantity.quantity>683.132588</out_Quantity.quantity></Point><Point><position>7546</position><in_Quantity.quantity>0.000000</in_Quantity.quantity><out_Quantity.quantity>435.828961</out_Quantity.quantity></Point><Point><position>7547</position><in_Quantity.quantity>0.000000</in_Quantity.quantity><out_Quantity.quantity>839.090038</out_Quantity.quantity></Point><Point><position>7548</position><in_Quantity.quantity>0.000000</in_Quantity.quantity><out_Quantity.quantity>390.616109</out_Quantity.quantity></Point><Point><position>7549</position><in_Quantity.quantity>0.000000</in_Quantity.quantity><out_Quantity.quantity>330.892793</out_Quantity.quantity></Point><Point><position>7550</position><in_Quantity.quantity>0.000000</in_Quantity.quantity><out_Quantity.quantity>334.531615</out_Quantity.quantity></Point><Point><position>7551</position><in_Quantity.quantity>0.000000</in_Quantity.quantity><out_Quantity.quantity>288.415524</out_Quantity.quantity></Point><Point><position>7552</position><in_Quantity.quantity>0.000000</in_Quantity.quantity><out_Quantity.quantity>432.651258</out_Quantity.quantity></Point><Point><position>7553</position><in_Quantity.quantity>0.000000</in_Quantity.quantity><out_Quantity.quantity>550.436564</out_Quantity.quantity></Point><Point><position>7554</position><in_Quantity.quantity>0.000000</in_Quantity.quantity><out_Quantity.quantity>269.159689</out_Quantity.quantity></Point><Point><position>7555</position><in_Quantity.quantity>0.000000</in_Quantity.quantity><out_Quantity.quantity>700.262385</out_Quantity.quantity></Point><Point><position>7556</position><in_Quantity.quantity>0.000000</in_Quantity.quantity><out_Quantity.quantity>761.323232</out_Quantity.quantity></Point><Point><position>7557</position><in_Quantity.quantity>0.000000</in_Quantity.quantity><out_Quantity.quantity>467.455237</out_Quantity.quantity></Point><Point><position>7558</position><in_Quantity.quantity>0.000000</in_Quantity.quantity><out_Quantity.quantity>537.491598</out_Quantity.quantity></Point><Point><position>7559</position><in_Quantity.quantity>0.000000</in_Quantity.quantity><out_Quantity.quantity>904.040459</out_Quantity.quantity></Point><Point><position>7560</position><in_Quantity.quantity>0.000000</in_Quantity.quantity><out_Quantity.quantity>964.911975</out_Quantity.quantity></Point><Point><position>7561</position><in_Quantity.quantity>0.000000</in_Quantity.quantity><out_Quantity.quantity>57.427476</out_Quantity.quantity></Point><Point><position>7562</position><in_Quantity.quantity>0.000000</in_Quantity.quantity><out_Quantity.quantity>394.545013</out_Quantity.quantity></Point><Point><position>7563</position><in_Quantity.quantity>0.000000</in_Quantity.quantity><out_Quantity.quantity>885.017666</out_Quantity.quantity></Point><Point><position>7564</position><in_Quantity.quantity>0.000000</in_Quantity.quantity><out_Quantity.quantity>975.921937</out_Quantity.quantity></Point><Point><position>7565</position><in_Quantity.quantity>0.000000</in_Quantity.quantity><out_Quantity.quantity>287.283334</out_Quantity.quantity></Point><Point><position>7566</position><in_Quantity.quantity>0.000000</in_Quantity.quantity><out_Quantity.quantity>933.162181</out_Quantity.quantity></Point><Point><position>7567</position><in_Quantity.quantity>0.000000</in_Quantity.quantity><out_Quantity.quantity>189.706096</out_Quantity.quantity></Point><Point><position>7568</position><in_Quantity.quantity>0.000000</in_Quantity.quantity><out_Quantity.quantity>222.532492</out_Quantity.quantity></Point><Point><position>7569</position><in_Quantity.quantity>0.000000</in_Quantity.quantity><out_Quantity.quantity>506.329352</out_Quantity.quantity></Point><Point><position>7570</position><in_Quantity.quantity>0.000000</in_Quantity.quantity><out_Quantity.quantity>697.620223</out_Quantity.quantity></Point><Point><position>7571</position><in_Quantity.quantity>0.000000</in_Quantity.quantity><out_Quantity.quantity>832.379584</out_Quantity.quantity></Point><Point><position>7572</position><in_Quantity.quantity>0.000000</in_Quantity.quantity><out_Quantity.quantity>948.104243</out_Quantity.quantity></Point><Point><position>7573</position><in_Quantity.quantity>0.000000</in_Quantity.quantity><out_Quantity.quantity>244.482043</out_Quantity.quantity></Point><Point><position>7574</position><in_Quantity.quantity>0.000000</in_Quantity.quantity><out_Quantity.quantity>269.580072</out_Quantity.quantity></Point><Point><position>7575</position><in_Quantity.quantity>0.000000</in_Quantity.quantity><out_Quantity.quantity>151.990146</out_Quantity.quantity></Point><Point><position>7576</position><in_Quantity.quantity>0.000000</in_Quantity.quantity><out_Quantity.quantity>931.163803</out_Quantity.quantity></Point><Point><position>7577</position><in_Quantity.quantity>0.000000</in_Quantity.quantity><out_Quantity.quantity>907.067170</out_Quantity.quantity></Point><Point><position>7578</position><in_Quantity.quantity>0.000000</in_Quantity.quantity><out_Quantity.quantity>828.101860</out_Quantity.quantity></Point><Point><position>7579</position><in_Quantity.quantity>0.000000</in_Quantity.quantity><out_Quantity.quantity>5.787869</out_Quantity.quantity></Point><Point><position>7580</position><in_Quantity.quantity>0.000000</in_Quantity.quantity><out_Quantity.quantity>159.137390</out_Quantity.quantity></Point><Point><position>7581</position><in_Quantity.quantity>0.000000</in_Quantity.quantity><out_Quantity.quantity>915.810942</out_Quantity.quantity></Point><Point><position>7582</position><in_Quantity.quantity>0.000000</in_Quantity.quantity><out_Quantity.quantity>829.097643</out_Quantity.quantity></Point><Point><position>7583</position><in_Quantity.quantity>0.000000</in_Quantity.quantity><out_Quantity.quantity>350.402757</out_Quantity.quantity></Point><Point><position>7584</position><in_Quantity.quantity>0.000000</in_Quantity.quantity><out_Quantity.quantity>489.814225</out_Quantity.quantity></Point><Point><position>7585</position><in_Quantity.quantity>0.000000</in_Quantity.quantity><out_Quantity.quantity>558.156441</out_Quantity.quantity></Point><Point><position>7586</position><in_Quantity.quantity>0.000000</in_Quantity.quantity><out_Quantity.quantity>623.866544</out_Quantity.quantity></Point><Point><position>7587</position><in_Quantity.quantity>0.000000</in_Quantity.quantity><out_Quantity.quantity>188.603120</out_Quantity.quantity></Point><Point><position>7588</position><in_Quantity.quantity>0.000000</in_Quantity.quantity><out_Quantity.quantity>808.515874</out_Quantity.quantity></Point><Point><position>7589</position><in_Quantity.quantity>0.000000</in_Quantity.quantity><out_Quantity.quantity>209.604167</out_Quantity.quantity></Point><Point><position>7590</position><in_Quantity.quantity>0.000000</in_Quantity.quantity><out_Quantity.quantity>69.488708</out_Quantity.quantity></Point><Point><position>7591</position><in_Quantity.quantity>0.000000</in_Quantity.quantity><out_Quantity.quantity>222.163696</out_Quantity.quantity></Point><Point><position>7592</position><in_Quantity.quantity>0.000000</in_Quantity.quantity><out_Quantity.quantity>599.526009</out_Quantity.quantity></Point><Point><position>7593</position><in_Quantity.quantity>0.000000</in_Quantity.quantity><out_Quantity.quantity>44.888313</out_Quantity.quantity></Point><Point><position>7594</position><in_Quantity.quantity>0.000000</in_Quantity.quantity><out_Quantity.quantity>784.989633</out_Quantity.quantity></Point><Point><position>7595</position><in_Quantity.quantity>0.000000</in_Quantity.quantity><out_Quantity.quantity>421.504112</out_Quantity.quantity></Point><Point><position>7596</position><in_Quantity.quantity>0.000000</in_Quantity.quantity><out_Quantity.quantity>383.698456</out_Quantity.quantity></Point><Point><position>7597</position><in_Quantity.quantity>0.000000</in_Quantity.quantity><out_Quantity.quantity>606.233219</out_Quantity.quantity></Point><Point><position>7598</position><in_Quantity.quantity>0.000000</in_Quantity.quantity><out_Quantity.quantity>760.978547</out_Quantity.quantity></Point><Point><position>7599</position><in_Quantity.quantity>0.000000</in_Quantity.quantity><out_Quantity.quantity>583.829677</out_Quantity.quantity></Point><Point><position>7600</position><in_Quantity.quantity>0.000000</in_Quantity.quantity><out_Quantity.quantity>862.394934</out_Quantity.quantity></Point><Point><position>7601</position><in_Quantity.quantity>0.000000</in_Quantity.quantity><out_Quantity.quantity>748.306730</out_Quantity.quantity></Point><Point><position>7602</position><in_Quantity.quantity>0.000000</in_Quantity.quantity><out_Quantity.quantity>774.133988</out_Quantity.quantity></Point><Point><position>7603</position><in_Quantity.quantity>0.000000</in_Quantity.quantity><out_Quantity.quantity>747.491707</out_Quantity.quantity></Point><Point><position>7604</position><in_Quantity.quantity>0.000000</in_Quantity.quantity><out_Quantity.quantity>520.640010</out_Quantity.quantity></Point><Point><position>7605</position><in_Quantity.quantity>0.000000</in_Quantity.quantity><out_Quantity.quantity>918.256400</out_Quantity.quantity></Point><Point><position>7606</position><in_Quantity.quantity>0.000000</in_Quantity.quantity><out_Quantity.quantity>560.237196</out_Quantity.quantity></Point><Point><position>7607</position><in_Quantity.quantity>0.000000</in_Quantity.quantity><out_Quantity.quantity>255.433686</out_Quantity.quantity></Point><Point><position>7608</position><in_Quantity.quantity>0.000000</in_Quantity.quantity><out_Quantity.quantity>279.261080</out_Quantity.quantity></Point><Point><position>7609</position><in_Quantity.quantity>0.000000</in_Quantity.quantity><out_Quantity.quantity>820.252799</out_Quantity.quantity></Point><Point><position>7610</position><in_Quantity.quantity>0.000000</in_Quantity.quantity><out_Quantity.quantity>622.789254</out_Quantity.quantity></Point><Point><position>7611</position><in_Quantity.quantity>0.000000</in_Quantity.quantity><out_Quantity.quantity>142.185719</out_Quantity.quantity></Point><Point><position>7612</position><in_Quantity.quantity>0.000000</in_Quantity.quantity><out_Quantity.quantity>325.119803</out_Quantity.quantity></Point><Point><position>7613</position><in_Quantity.quantity>0.000000</in_Quantity.quantity><out_Quantity.quantity>184.438578</out_Quantity.quantity></Point><Point><position>7614</position><in_Quantity.quantity>0.000000</in_Quantity.quantity><out_Quantity.quantity>886.114766</out_Quantity.quantity></Point><Point><position>7615</position><in_Quantity.quantity>0.000000</in_Quantity.quantity><out_Quantity.quantity>619.345036</out_Quantity.quantity></Point><Point><position>7616</position><in_Quantity.quantity>0.000000</in_Quantity.quantity><out_Quantity.quantity>498.712256</out_Quantity.quantity></Point><Point><position>7617</position><in_Quantity.quantity>0.000000</in_Quantity.quantity><out_Quantity.quantity>187.505358</out_Quantity.quantity></Point><Point><position>7618</position><in_Quantity.quantity>0.000000</in_Quantity.quantity><out_Quantity.quantity>788.433143</out_Quantity.quantity></Point><Point><position>7619</position><in_Quantity.quantity>0.000000</in_Quantity.quantity><out_Quantity.quantity>76.823593</out_Quantity.quantity></Point><Point><position>7620</position><in_Quantity.quantity>0.000000</in_Quantity.quantity><out_Quantity.quantity>9.900986</out_Quantity.quantity></Point><Point><position>7621</position><in_Quantity.quantity>0.000000</in_Quantity.quantity><out_Quantity.quantity>958.195779</out_Quantity.quantity></Point><Point><position>7622</position><in_Quantity.quantity>0.000000</in_Quantity.quantity><out_Quantity.quantity>446.344255</out_Quantity.quantity></Point><Point><position>7623</position><in_Quantity.quantity>0.000000</in_Quantity.quantity><out_Quantity.quantity>359.216249</out_Quantity.quantity></Point><Point><position>7624</position><in_Quantity.quantity>0.000000</in_Quantity.quantity><out_Quantity.quantity>41.775574</out_Quantity.quantity></Point><Point><position>7625</position><in_Quantity.quantity>0.000000</in_Quantity.quantity><out_Quantity.quantity>738.806771</out_Quantity.quantity></Point><Point><position>7626</position><in_Quantity.quantity>0.000000</in_Quantity.quantity><out_Quantity.quantity>362.589098</out_Quantity.quantity></Point><Point><position>7627</position><in_Quantity.quantity>0.000000</in_Quantity.quantity><out_Quantity.quantity>854.955852</out_Quantity.quantity></Point><Point><position>7628</position><in_Quantity.quantity>0.000000</in_Quantity.quantity><out_Quantity.quantity>994.878111</out_Quantity.quantity></Point><Point><position>7629</position><in_Quantity.quantity>0.000000</in_Quantity.quantity><out_Quantity.quantity>800.520307</out_Quantity.quantity></Point><Point><position>7630</position><in_Quantity.quantity>0.000000</in_Quantity.quantity><out_Quantity.quantity>546.412821</out_Quantity.quantity></Point><Point><position>7631</position><in_Quantity.quantity>0.000000</in_Quantity.quantity><out_Quantity.quantity>955.607017</out_Quantity.quantity></Point><Point><position>7632</position><in_Quantity.quantity>0.000000</in_Quantity.quantity><out_Quantity.quantity>938.207769</out_Quantity.quantity></Point><Point><position>7633</position><in_Quantity.quantity>0.000000</in_Quantity.quantity><out_Quantity.quantity>305.440629</out_Quantity.quantity></Point><Point><position>7634</position><in_Quantity.quantity>0.000000</in_Quantity.quantity><out_Quantity.quantity>860.902043</out_Quantity.quantity></Point><Point><position>7635</position><in_Quantity.quantity>0.000000</in_Quantity.quantity><out_Quantity.quantity>856.259232</out_Quantity.quantity></Point><Point><position>7636</position><in_Quantity.quantity>0.000000</in_Quantity.quantity><out_Quantity.quantity>100.128718</out_Quantity.quantity></Point><Point><position>7637</position><in_Quantity.quantity>0.000000</in_Quantity.quantity><out_Quantity.quantity>867.586836</out_Quantity.quantity></Point><Point><position>7638</position><in_Quantity.quantity>0.000000</in_Quantity.quantity><out_Quantity.quantity>550.145046</out_Quantity.quantity></Point><Point><position>7639</position><in_Quantity.quantity>0.000000</in_Quantity.quantity><out_Quantity.quantity>991.193035</out_Quantity.quantity></Point><Point><position>7640</position><in_Quantity.quantity>0.000000</in_Quantity.quantity><out_Quantity.quantity>112.587926</out_Quantity.quantity></Point><Point><position>7641</position><in_Quantity.quantity>0.000000</in_Quantity.quantity><out_Quantity.quantity>900.896529</out_Quantity.quantity></Point><Point><position>7642</position><in_Quantity.quantity>0.000000</in_Quantity.quantity><out_Quantity.quantity>44.724289</out_Quantity.quantity></Point><Point><position>7643</position><in_Quantity.quantity>0.000000</in_Quantity.quantity><out_Quantity.quantity>358.239962</out_Quantity.quantity></Point><Point><position>7644</position><in_Quantity.quantity>0.000000</in_Quantity.quantity><out_Quantity.quantity>732.226239</out_Quantity.quantity></Point><Point><position>7645</position><in_Quantity.quantity>0.000000</in_Quantity.quantity><out_Quantity.quantity>240.079250</out_Quantity.quantity></Point><Point><position>7646</position><in_Quantity.quantity>0.000000</in_Quantity.quantity><out_Quantity.quantity>83.709645</out_Quantity.quantity></Point><Point><position>7647</position><in_Quantity.quantity>0.000000</in_Quantity.quantity><out_Quantity.quantity>316.329148</out_Quantity.quantity></Point><Point><position>7648</position><in_Quantity.quantity>0.000000</in_Quantity.quantity><out_Quantity.quantity>659.735309</out_Quantity.quantity></Point><Point><position>7649</position><in_Quantity.quantity>0.000000</in_Quantity.quantity><out_Quantity.quantity>593.427980</out_Quantity.quantity></Point><Point><position>7650</position><in_Quantity.quantity>0.000000</in_Quantity.quantity><out_Quantity.quantity>150.896733</out_Quantity.quantity></Point><Point><position>7651</position><in_Quantity.quantity>0.000000</in_Quantity.quantity><out_Quantity.quantity>524.918590</out_Quantity.quantity></Point><Point><position>7652</position><in_Quantity.quantity>0.000000</in_Quantity.quantity><out_Quantity.quantity>185.649557</out_Quantity.quantity></Point><Point><position>7653</position><in_Quantity.quantity>0.000000</in_Quantity.quantity><out_Quantity.quantity>335.934152</out_Quantity.quantity></Point><Point><position>7654</position><in_Quantity.quantity>0.000000</in_Quantity.quantity><out_Quantity.quantity>465.590501</out_Quantity.quantity></Point><Point><position>7655</position><in_Quantity.quantity>0.000000</in_Quantity.quantity><out_Quantity.quantity>567.148974</out_Quantity.quantity></Point><Point><position>7656</position><in_Quantity.quantity>0.000000</in_Quantity.quantity><out_Quantity.quantity>702.092893</out_Quantity.quantity></Point><Point><position>7657</position><in_Quantity.quantity>0.000000</in_Quantity.quantity><out_Quantity.quantity>176.284314</out_Quantity.quantity></Point><Point><position>7658</position><in_Quantity.quantity>0.000000</in_Quantity.quantity><out_Quantity.quantity>498.095695</out_Quantity.quantity></Point><Point><position>7659</position><in_Quantity.quantity>0.000000</in_Quantity.quantity><out_Quantity.quantity>913.036677</out_Quantity.quantity></Point><Point><position>7660</position><in_Quantity.quantity>0.000000</in_Quantity.quantity><out_Quantity.quantity>706.452496</out_Quantity.quantity></Point><Point><position>7661</position><in_Quantity.quantity>0.000000</in_Quantity.quantity><out_Quantity.quantity>950.375428</out_Quantity.quantity></Point><Point><position>7662</position><in_Quantity.quantity>0.000000</in_Quantity.quantity><out_Quantity.quantity>737.845099</out_Quantity.quantity></Point><Point><position>7663</position><in_Quantity.quantity>0.000000</in_Quantity.quantity><out_Quantity.quantity>420.512233</out_Quantity.quantity></Point><Point><position>7664</position><in_Quantity.quantity>0.000000</in_Quantity.quantity><out_Quantity.quantity>521.418522</out_Quantity.quantity></Point><Point><position>7665</position><in_Quantity.quantity>0.000000</in_Quantity.quantity><out_Quantity.quantity>27.618445</out_Quantity.quantity></Point><Point><position>7666</position><in_Quantity.quantity>0.000000</in_Quantity.quantity><out_Quantity.quantity>932.734786</out_Quantity.quantity></Point><Point><position>7667</position><in_Quantity.quantity>0.000000</in_Quantity.quantity><out_Quantity.quantity>841.131300</out_Quantity.quantity></Point><Point><position>7668</position><in_Quantity.quantity>0.000000</in_Quantity.quantity><out_Quantity.quantity>833.068245</out_Quantity.quantity></Point><Point><position>7669</position><in_Quantity.quantity>0.000000</in_Quantity.quantity><out_Quantity.quantity>788.932153</out_Quantity.quantity></Point><Point><position>7670</position><in_Quantity.quantity>0.000000</in_Quantity.quantity><out_Quantity.quantity>746.771015</out_Quantity.quantity></Point><Point><position>7671</position><in_Quantity.quantity>0.000000</in_Quantity.quantity><out_Quantity.quantity>289.341646</out_Quantity.quantity></Point><Point><position>7672</position><in_Quantity.quantity>0.000000</in_Quantity.quantity><out_Quantity.quantity>790.287624</out_Quantity.quantity></Point><Point><position>7673</position><in_Quantity.quantity>0.000000</in_Quantity.quantity><out_Quantity.quantity>906.329913</out_Quantity.quantity></Point><Point><position>7674</position><in_Quantity.quantity>0.000000</in_Quantity.quantity><out_Quantity.quantity>643.039789</out_Quantity.quantity></Point><Point><position>7675</position><in_Quantity.quantity>0.000000</in_Quantity.quantity><out_Quantity.quantity>550.226957</out_Quantity.quantity></Point><Point><position>7676</position><in_Quantity.quantity>0.000000</in_Quantity.quantity><out_Quantity.quantity>857.515627</out_Quantity.quantity></Point><Point><position>7677</position><in_Quantity.quantity>0.000000</in_Quantity.quantity><out_Quantity.quantity>707.467394</out_Quantity.quantity></Point><Point><position>7678</position><in_Quantity.quantity>0.000000</in_Quantity.quantity><out_Quantity.quantity>454.836499</out_Quantity.quantity></Point><Point><position>7679</position><in_Quantity.quantity>0.000000</in_Quantity.quantity><out_Quantity.quantity>15.725987</out_Quantity.quantity></Point><Point><position>7680</position><in_Quantity.quantity>0.000000</in_Quantity.quantity><out_Quantity.quantity>473.422001</out_Quantity.quantity></Point><Point><position>7681</position><in_Quantity.quantity>0.000000</in_Quantity.quantity><out_Quantity.quantity>481.211828</out_Quantity.quantity></Point><Point><position>7682</position><in_Quantity.quantity>0.000000</in_Quantity.quantity><out_Quantity.quantity>761.313671</out_Quantity.quantity></Point><Point><position>7683</position><in_Quantity.quantity>0.000000</in_Quantity.quantity><out_Quantity.quantity>242.777842</out_Quantity.quantity></Point><Point><position>7684</position><in_Quantity.quantity>0.000000</in_Quantity.quantity><out_Quantity.quantity>34.632963</out_Quantity.quantity></Point><Point><position>7685</position><in_Quantity.quantity>0.000000</in_Quantity.quantity><out_Quantity.quantity>618.962779</out_Quantity.quantity></Point><Point><position>7686</position><in_Quantity.quantity>0.000000</in_Quantity.quantity><out_Quantity.quantity>663.723170</out_Quantity.quantity></Point><Point><position>7687</position><in_Quantity.quantity>0.000000</in_Quantity.quantity><out_Quantity.quantity>566.111071</out_Quantity.quantity></Point><Point><position>7688</position><in_Quantity.quantity>0.000000</in_Quantity.quantity><out_Quantity.quantity>632.119993</out_Quantity.quantity></Point><Point><position>7689</position><in_Quantity.quantity>0.000000</in_Quantity.quantity><out_Quantity.quantity>744.480674</out_Quantity.quantity></Point><Point><position>7690</position><in_Quantity.quantity>0.000000</in_Quantity.quantity><out_Quantity.quantity>866.640921</out_Quantity.quantity></Point><Point><position>7691</position><in_Quantity.quantity>0.000000</in_Quantity.quantity><out_Quantity.quantity>553.161656</out_Quantity.quantity></Point><Point><position>7692</position><in_Quantity.quantity>0.000000</in_Quantity.quantity><out_Quantity.quantity>76.511056</out_Quantity.quantity></Point><Point><position>7693</position><in_Quantity.quantity>0.000000</in_Quantity.quantity><out_Quantity.quantity>90.502192</out_Quantity.quantity></Point><Point><position>7694</position><in_Quantity.quantity>0.000000</in_Quantity.quantity><out_Quantity.quantity>987.809208</out_Quantity.quantity></Point><Point><position>7695</position><in_Quantity.quantity>0.000000</in_Quantity.quantity><out_Quantity.quantity>853.406841</out_Quantity.quantity></Point><Point><position>7696</position><in_Quantity.quantity>0.000000</in_Quantity.quantity><out_Quantity.quantity>374.038625</out_Quantity.quantity></Point><Point><position>7697</position><in_Quantity.quantity>0.000000</in_Quantity.quantity><out_Quantity.quantity>797.652587</out_Quantity.quantity></Point><Point><position>7698</position><in_Quantity.quantity>0.000000</in_Quantity.quantity><out_Quantity.quantity>132.851886</out_Quantity.quantity></Point><Point><position>7699</position><in_Quantity.quantity>0.000000</in_Quantity.quantity><out_Quantity.quantity>788.651882</out_Quantity.quantity></Point><Point><position>7700</position><in_Quantity.quantity>0.000000</in_Quantity.quantity><out_Quantity.quantity>193.030149</out_Quantity.quantity></Point><Point><position>7701</position><in_Quantity.quantity>0.000000</in_Quantity.quantity><out_Quantity.quantity>310.377768</out_Quantity.quantity></Point><Point><position>7702</position><in_Quantity.quantity>0.000000</in_Quantity.quantity><out_Quantity.quantity>28.580493</out_Quantity.quantity></Point><Point><position>7703</position><in_Quantity.quantity>0.000000</in_Quantity.quantity><out_Quantity.quantity>738.823586</out_Quantity.quantity></Point><Point><position>7704</position><in_Quantity.quantity>0.000000</in_Quantity.quantity><out_Quantity.quantity>932.840135</out_Quantity.quantity></Point><Point><position>7705</position><in_Quantity.quantity>0.000000</in_Quantity.quantity><out_Quantity.quantity>986.002855</out_Quantity.quantity></Point><Point><position>7706</position><in_Quantity.quantity>0.000000</in_Quantity.quantity><out_Quantity.quantity>703.288686</out_Quantity.quantity></Point><Point><position>7707</position><in_Quantity.quantity>0.000000</in_Quantity.quantity><out_Quantity.quantity>940.048326</out_Quantity.quantity></Point><Point><position>7708</position><in_Quantity.quantity>0.000000</in_Quantity.quantity><out_Quantity.quantity>169.587225</out_Quantity.quantity></Point><Point><position>7709</position><in_Quantity.quantity>0.000000</in_Quantity.quantity><out_Quantity.quantity>696.806924</out_Quantity.quantity></Point><Point><position>7710</position><in_Quantity.quantity>0.000000</in_Quantity.quantity><out_Quantity.quantity>76.603468</out_Quantity.quantity></Point><Point><position>7711</position><in_Quantity.quantity>0.000000</in_Quantity.quantity><out_Quantity.quantity>883.041284</out_Quantity.quantity></Point><Point><position>7712</position><in_Quantity.quantity>0.000000</in_Quantity.quantity><out_Quantity.quantity>844.734633</out_Quantity.quantity></Point><Point><position>7713</position><in_Quantity.quantity>0.000000</in_Quantity.quantity><out_Quantity.quantity>22.082612</out_Quantity.quantity></Point><Point><position>7714</position><in_Quantity.quantity>0.000000</in_Quantity.quantity><out_Quantity.quantity>215.530753</out_Quantity.quantity></Point><Point><position>7715</position><in_Quantity.quantity>0.000000</in_Quantity.quantity><out_Quantity.quantity>973.669119</out_Quantity.quantity></Point><Point><position>7716</position><in_Quantity.quantity>0.000000</in_Quantity.quantity><out_Quantity.quantity>194.218780</out_Quantity.quantity></Point><Point><position>7717</position><in_Quantity.quantity>0.000000</in_Quantity.quantity><out_Quantity.quantity>826.105571</out_Quantity.quantity></Point><Point><position>7718</position><in_Quantity.quantity>0.000000</in_Quantity.quantity><out_Quantity.quantity>415.635966</out_Quantity.quantity></Point><Point><position>7719</position><in_Quantity.quantity>0.000000</in_Quantity.quantity><out_Quantity.quantity>873.597995</out_Quantity.quantity></Point><Point><position>7720</position><in_Quantity.quantity>0.000000</in_Quantity.quantity><out_Quantity.quantity>433.232099</out_Quantity.quantity></Point><Point><position>7721</position><in_Quantity.quantity>0.000000</in_Quantity.quantity><out_Quantity.quantity>880.826891</out_Quantity.quantity></Point><Point><position>7722</position><in_Quantity.quantity>0.000000</in_Quantity.quantity><out_Quantity.quantity>147.981445</out_Quantity.quantity></Point><Point><position>7723</position><in_Quantity.quantity>0.000000</in_Quantity.quantity><out_Quantity.quantity>258.521701</out_Quantity.quantity></Point><Point><position>7724</position><in_Quantity.quantity>0.000000</in_Quantity.quantity><out_Quantity.quantity>143.099277</out_Quantity.quantity></Point><Point><position>7725</position><in_Quantity.quantity>0.000000</in_Quantity.quantity><out_Quantity.quantity>327.600051</out_Quantity.quantity></Point><Point><position>7726</position><in_Quantity.quantity>0.000000</in_Quantity.quantity><out_Quantity.quantity>390.941114</out_Quantity.quantity></Point><Point><position>7727</position><in_Quantity.quantity>0.000000</in_Quantity.quantity><out_Quantity.quantity>987.602959</out_Quantity.quantity></Point><Point><position>7728</position><in_Quantity.quantity>0.000000</in_Quantity.quantity><out_Quantity.quantity>406.143323</out_Quantity.quantity></Point><Point><position>7729</position><in_Quantity.quantity>0.000000</in_Quantity.quantity><out_Quantity.quantity>473.435602</out_Quantity.quantity></Point><Point><position>7730</position><in_Quantity.quantity>0.000000</in_Quantity.quantity><out_Quantity.quantity>790.773637</out_Quantity.quantity></Point><Point><position>7731</position><in_Quantity.quantity>0.000000</in_Quantity.quantity><out_Quantity.quantity>448.883022</out_Quantity.quantity></Point><Point><position>7732</position><in_Quantity.quantity>0.000000</in_Quantity.quantity><out_Quantity.quantity>460.375215</out_Quantity.quantity></Point><Point><position>7733</position><in_Quantity.quantity>0.000000</in_Quantity.quantity><out_Quantity.quantity>487.086870</out_Quantity.quantity></Point><Point><position>7734</position><in_Quantity.quantity>0.000000</in_Quantity.quantity><out_Quantity.quantity>296.290891</out_Quantity.quantity></Point><Point><position>7735</position><in_Quantity.quantity>0.000000</in_Quantity.quantity><out_Quantity.quantity>432.589842</out_Quantity.quantity></Point><Point><position>7736</position><in_Quantity.quantity>0.000000</in_Quantity.quantity><out_Quantity.quantity>750.983916</out_Quantity.quantity></Point><Point><position>7737</position><in_Quantity.quantity>0.000000</in_Quantity.quantity><out_Quantity.quantity>358.027810</out_Quantity.quantity></Point><Point><position>7738</position><in_Quantity.quantity>0.000000</in_Quantity.quantity><out_Quantity.quantity>835.324216</out_Quantity.quantity></Point><Point><position>7739</position><in_Quantity.quantity>0.000000</in_Quantity.quantity><out_Quantity.quantity>172.670462</out_Quantity.quantity></Point><Point><position>7740</position><in_Quantity.quantity>0.000000</in_Quantity.quantity><out_Quantity.quantity>113.761610</out_Quantity.quantity></Point><Point><position>7741</position><in_Quantity.quantity>0.000000</in_Quantity.quantity><out_Quantity.quantity>893.198944</out_Quantity.quantity></Point><Point><position>7742</position><in_Quantity.quantity>0.000000</in_Quantity.quantity><out_Quantity.quantity>532.074790</out_Quantity.quantity></Point><Point><position>7743</position><in_Quantity.quantity>0.000000</in_Quantity.quantity><out_Quantity.quantity>670.508245</out_Quantity.quantity></Point><Point><position>7744</position><in_Quantity.quantity>0.000000</in_Quantity.quantity><out_Quantity.quantity>150.545053</out_Quantity.quantity></Point><Point><position>7745</position><in_Quantity.quantity>0.000000</in_Quantity.quantity><out_Quantity.quantity>519.067881</out_Quantity.quantity></Point><Point><position>7746</position><in_Quantity.quantity>0.000000</in_Quantity.quantity><out_Quantity.quantity>123.973205</out_Quantity.quantity></Point><Point><position>7747</position><in_Quantity.quantity>0.000000</in_Quantity.quantity><out_Quantity.quantity>935.968275</out_Quantity.quantity></Point><Point><position>7748</position><in_Quantity.quantity>0.000000</in_Quantity.quantity><out_Quantity.quantity>406.099458</out_Quantity.quantity></Point><Point><position>7749</position><in_Quantity.quantity>0.000000</in_Quantity.quantity><out_Quantity.quantity>964.097425</out_Quantity.quantity></Point><Point><position>7750</position><in_Quantity.quantity>0.000000</in_Quantity.quantity><out_Quantity.quantity>600.188323</out_Quantity.quantity></Point><Point><position>7751</position><in_Quantity.quantity>0.000000</in_Quantity.quantity><out_Quantity.quantity>448.347562</out_Quantity.quantity></Point><Point><position>7752</position><in_Quantity.quantity>0.000000</in_Quantity.quantity><out_Quantity.quantity>558.640923</out_Quantity.quantity></Point><Point><position>7753</position><in_Quantity.quantity>0.000000</in_Quantity.quantity><out_Quantity.quantity>402.917280</out_Quantity.quantity></Point><Point><position>7754</position><in_Quantity.quantity>0.000000</in_Quantity.quantity><out_Quantity.quantity>245.633824</out_Quantity.quantity></Point><Point><position>7755</position><in_Quantity.quantity>0.000000</in_Quantity.quantity><out_Quantity.quantity>624.843454</out_Quantity.quantity></Point><Point><position>7756</position><in_Quantity.quantity>0.000000</in_Quantity.quantity><out_Quantity.quantity>656.186765</out_Quantity.quantity></Point><Point><position>7757</position><in_Quantity.quantity>0.000000</in_Quantity.quantity><out_Quantity.quantity>302.671159</out_Quantity.quantity></Point><Point><position>7758</position><in_Quantity.quantity>0.000000</in_Quantity.quantity><out_Quantity.quantity>897.859380</out_Quantity.quantity></Point><Point><position>7759</position><in_Quantity.quantity>0.000000</in_Quantity.quantity><out_Quantity.quantity>814.848535</out_Quantity.quantity></Point><Point><position>7760</position><in_Quantity.quantity>0.000000</in_Quantity.quantity><out_Quantity.quantity>844.199986</out_Quantity.quantity></Point><Point><position>7761</position><in_Quantity.quantity>0.000000</in_Quantity.quantity><out_Quantity.quantity>376.480045</out_Quantity.quantity></Point><Point><position>7762</position><in_Quantity.quantity>0.000000</in_Quantity.quantity><out_Quantity.quantity>895.502658</out_Quantity.quantity></Point><Point><position>7763</position><in_Quantity.quantity>0.000000</in_Quantity.quantity><out_Quantity.quantity>344.828221</out_Quantity.quantity></Point><Point><position>7764</position><in_Quantity.quantity>0.000000</in_Quantity.quantity><out_Quantity.quantity>421.746985</out_Quantity.quantity></Point><Point><position>7765</position><in_Quantity.quantity>0.000000</in_Quantity.quantity><out_Quantity.quantity>623.822576</out_Quantity.quantity></Point><Point><position>7766</position><in_Quantity.quantity>0.000000</in_Quantity.quantity><out_Quantity.quantity>995.098590</out_Quantity.quantity></Point><Point><position>7767</position><in_Quantity.quantity>0.000000</in_Quantity.quantity><out_Quantity.quantity>382.214006</out_Quantity.quantity></Point><Point><position>7768</position><in_Quantity.quantity>0.000000</in_Quantity.quantity><out_Quantity.quantity>620.327504</out_Quantity.quantity></Point><Point><position>7769</position><in_Quantity.quantity>0.000000</in_Quantity.quantity><out_Quantity.quantity>370.975329</out_Quantity.quantity></Point><Point><position>7770</position><in_Quantity.quantity>0.000000</in_Quantity.quantity><out_Quantity.quantity>929.845246</out_Quantity.quantity></Point><Point><position>7771</position><in_Quantity.quantity>0.000000</in_Quantity.quantity><out_Quantity.quantity>231.434573</out_Quantity.quantity></Point><Point><position>7772</position><in_Quantity.quantity>0.000000</in_Quantity.quantity><out_Quantity.quantity>863.356436</out_Quantity.quantity></Point><Point><position>7773</position><in_Quantity.quantity>0.000000</in_Quantity.quantity><out_Quantity.quantity>675.076145</out_Quantity.quantity></Point><Point><position>7774</position><in_Quantity.quantity>0.000000</in_Quantity.quantity><out_Quantity.quantity>415.501809</out_Quantity.quantity></Point><Point><position>7775</position><in_Quantity.quantity>0.000000</in_Quantity.quantity><out_Quantity.quantity>697.583615</out_Quantity.quantity></Point><Point><position>7776</position><in_Quantity.quantity>0.000000</in_Quantity.quantity><out_Quantity.quantity>143.487230</out_Quantity.quantity></Point><Point><position>7777</position><in_Quantity.quantity>0.000000</in_Quantity.quantity><out_Quantity.quantity>746.521354</out_Quantity.quantity></Point><Point><position>7778</position><in_Quantity.quantity>0.000000</in_Quantity.quantity><out_Quantity.quantity>223.614032</out_Quantity.quantity></Point><Point><position>7779</position><in_Quantity.quantity>0.000000</in_Quantity.quantity><out_Quantity.quantity>213.626790</out_Quantity.quantity></Point><Point><position>7780</position><in_Quantity.quantity>0.000000</in_Quantity.quantity><out_Quantity.quantity>822.972802</out_Quantity.quantity></Point><Point><position>7781</position><in_Quantity.quantity>0.000000</in_Quantity.quantity><out_Quantity.quantity>878.000808</out_Quantity.quantity></Point><Point><position>7782</position><in_Quantity.quantity>0.000000</in_Quantity.quantity><out_Quantity.quantity>373.150257</out_Quantity.quantity></Point><Point><position>7783</position><in_Quantity.quantity>0.000000</in_Quantity.quantity><out_Quantity.quantity>220.344136</out_Quantity.quantity></Point><Point><position>7784</position><in_Quantity.quantity>0.000000</in_Quantity.quantity><out_Quantity.quantity>286.970823</out_Quantity.quantity></Point><Point><position>7785</position><in_Quantity.quantity>0.000000</in_Quantity.quantity><out_Quantity.quantity>136.628049</out_Quantity.quantity></Point><Point><position>7786</position><in_Quantity.quantity>0.000000</in_Quantity.quantity><out_Quantity.quantity>892.639505</out_Quantity.quantity></Point><Point><position>7787</position><in_Quantity.quantity>0.000000</in_Quantity.quantity><out_Quantity.quantity>863.991124</out_Quantity.quantity></Point><Point><position>7788</position><in_Quantity.quantity>0.000000</in_Quantity.quantity><out_Quantity.quantity>449.426967</out_Quantity.quantity></Point><Point><position>7789</position><in_Quantity.quantity>0.000000</in_Quantity.quantity><out_Quantity.quantity>622.088761</out_Quantity.quantity></Point><Point><position>7790</position><in_Quantity.quantity>0.000000</in_Quantity.quantity><out_Quantity.quantity>93.799103</out_Quantity.quantity></Point><Point><position>7791</position><in_Quantity.quantity>0.000000</in_Quantity.quantity><out_Quantity.quantity>545.685684</out_Quantity.quantity></Point><Point><position>7792</position><in_Quantity.quantity>0.000000</in_Quantity.quantity><out_Quantity.quantity>832.468774</out_Quantity.quantity></Point><Point><position>7793</position><in_Quantity.quantity>0.000000</in_Quantity.quantity><out_Quantity.quantity>950.195144</out_Quantity.quantity></Point><Point><position>7794</position><in_Quantity.quantity>0.000000</in_Quantity.quantity><out_Quantity.quantity>632.800002</out_Quantity.quantity></Point><Point><position>7795</position><in_Quantity.quantity>0.000000</in_Quantity.quantity><out_Quantity.quantity>437.489755</out_Quantity.quantity></Point><Point><position>7796</position><in_Quantity.quantity>0.000000</in_Quantity.quantity><out_Quantity.quantity>305.769930</out_Quantity.quantity></Point><Point><position>7797</position><in_Quantity.quantity>0.000000</in_Quantity.quantity><out_Quantity.quantity>670.003441</out_Quantity.quantity></Point><Point><position>7798</position><in_Quantity.quantity>0.000000</in_Quantity.quantity><out_Quantity.quantity>670.837512</out_Quantity.quantity></Point><Point><position>7799</position><in_Quantity.quantity>0.000000</in_Quantity.quantity><out_Quantity.quantity>424.932455</out_Quantity.quantity></Point><Point><position>7800</position><in_Quantity.quantity>0.000000</in_Quantity.quantity><out_Quantity.quantity>600.269381</out_Quantity.quantity></Point><Point><position>7801</position><in_Quantity.quantity>0.000000</in_Quantity.quantity><out_Quantity.quantity>627.658189</out_Quantity.quantity></Point><Point><position>7802</position><in_Quantity.quantity>0.000000</in_Quantity.quantity><out_Quantity.quantity>475.573744</out_Quantity.quantity></Point><Point><position>7803</position><in_Quantity.quantity>0.000000</in_Quantity.quantity><out_Quantity.quantity>695.070715</out_Quantity.quantity></Point><Point><position>7804</position><in_Quantity.quantity>0.000000</in_Quantity.quantity><out_Quantity.quantity>881.666070</out_Quantity.quantity></Point><Point><position>7805</position><in_Quantity.quantity>0.000000</in_Quantity.quantity><out_Quantity.quantity>475.182871</out_Quantity.quantity></Point><Point><position>7806</position><in_Quantity.quantity>0.000000</in_Quantity.quantity><out_Quantity.quantity>660.746061</out_Quantity.quantity></Point><Point><position>7807</position><in_Quantity.quantity>0.000000</in_Quantity.quantity><out_Quantity.quantity>129.455163</out_Quantity.quantity></Point><Point><position>7808</position><in_Quantity.quantity>0.000000</in_Quantity.quantity><out_Quantity.quantity>816.316673</out_Quantity.quantity></Point><Point><position>7809</position><in_Quantity.quantity>0.000000</in_Quantity.quantity><out_Quantity.quantity>744.228285</out_Quantity.quantity></Point><Point><position>7810</position><in_Quantity.quantity>0.000000</in_Quantity.quantity><out_Quantity.quantity>789.152452</out_Quantity.quantity></Point><Point><position>7811</position><in_Quantity.quantity>0.000000</in_Quantity.quantity><out_Quantity.quantity>747.645046</out_Quantity.quantity></Point><Point><position>7812</position><in_Quantity.quantity>0.000000</in_Quantity.quantity><out_Quantity.quantity>52.717938</out_Quantity.quantity></Point><Point><position>7813</position><in_Quantity.quantity>0.000000</in_Quantity.quantity><out_Quantity.quantity>999.222465</out_Quantity.quantity></Point><Point><position>7814</position><in_Quantity.quantity>0.000000</in_Quantity.quantity><out_Quantity.quantity>28.487026</out_Quantity.quantity></Point><Point><position>7815</position><in_Quantity.quantity>0.000000</in_Quantity.quantity><out_Quantity.quantity>463.323930</out_Quantity.quantity></Point><Point><position>7816</position><in_Quantity.quantity>0.000000</in_Quantity.quantity><out_Quantity.quantity>669.573631</out_Quantity.quantity></Point><Point><position>7817</position><in_Quantity.quantity>0.000000</in_Quantity.quantity><out_Quantity.quantity>118.688485</out_Quantity.quantity></Point><Point><position>7818</position><in_Quantity.quantity>0.000000</in_Quantity.quantity><out_Quantity.quantity>216.009428</out_Quantity.quantity></Point><Point><position>7819</position><in_Quantity.quantity>0.000000</in_Quantity.quantity><out_Quantity.quantity>310.065232</out_Quantity.quantity></Point><Point><position>7820</position><in_Quantity.quantity>0.000000</in_Quantity.quantity><out_Quantity.quantity>162.411146</out_Quantity.quantity></Point><Point><position>7821</position><in_Quantity.quantity>0.000000</in_Quantity.quantity><out_Quantity.quantity>355.381806</out_Quantity.quantity></Point><Point><position>7822</position><in_Quantity.quantity>0.000000</in_Quantity.quantity><out_Quantity.quantity>751.803187</out_Quantity.quantity></Point><Point><position>7823</position><in_Quantity.quantity>0.000000</in_Quantity.quantity><out_Quantity.quantity>227.055292</out_Quantity.quantity></Point><Point><position>7824</position><in_Quantity.quantity>0.000000</in_Quantity.quantity><out_Quantity.quantity>507.742611</out_Quantity.quantity></Point><Point><position>7825</position><in_Quantity.quantity>0.000000</in_Quantity.quantity><out_Quantity.quantity>695.731152</out_Quantity.quantity></Point><Point><position>7826</position><in_Quantity.quantity>0.000000</in_Quantity.quantity><out_Quantity.quantity>743.406924</out_Quantity.quantity></Point><Point><position>7827</position><in_Quantity.quantity>0.000000</in_Quantity.quantity><out_Quantity.quantity>776.255834</out_Quantity.quantity></Point><Point><position>7828</position><in_Quantity.quantity>0.000000</in_Quantity.quantity><out_Quantity.quantity>641.085644</out_Quantity.quantity></Point><Point><position>7829</position><in_Quantity.quantity>0.000000</in_Quantity.quantity><out_Quantity.quantity>266.733234</out_Quantity.quantity></Point><Point><position>7830</position><in_Quantity.quantity>0.000000</in_Quantity.quantity><out_Quantity.quantity>634.313799</out_Quantity.quantity></Point><Point><position>7831</position><in_Quantity.quantity>0.000000</in_Quantity.quantity><out_Quantity.quantity>797.109703</out_Quantity.quantity></Point><Point><position>7832</position><in_Quantity.quantity>0.000000</in_Quantity.quantity><out_Quantity.quantity>859.411177</out_Quantity.quantity></Point><Point><position>7833</position><in_Quantity.quantity>0.000000</in_Quantity.quantity><out_Quantity.quantity>961.599756</out_Quantity.quantity></Point><Point><position>7834</position><in_Quantity.quantity>0.000000</in_Quantity.quantity><out_Quantity.quantity>883.686815</out_Quantity.quantity></Point><Point><position>7835</position><in_Quantity.quantity>0.000000</in_Quantity.quantity><out_Quantity.quantity>391.126964</out_Quantity.quantity></Point><Point><position>7836</position><in_Quantity.quantity>0.000000</in_Quantity.quantity><out_Quantity.quantity>779.092822</out_Quantity.quantity></Point><Point><position>7837</position><in_Quantity.quantity>0.000000</in_Quantity.quantity><out_Quantity.quantity>61.463569</out_Quantity.quantity></Point><Point><position>7838</position><in_Quantity.quantity>0.000000</in_Quantity.quantity><out_Quantity.quantity>453.558908</out_Quantity.quantity></Point><Point><position>7839</position><in_Quantity.quantity>0.000000</in_Quantity.quantity><out_Quantity.quantity>685.540225</out_Quantity.quantity></Point><Point><position>7840</position><in_Quantity.quantity>0.000000</in_Quantity.quantity><out_Quantity.quantity>359.103444</out_Quantity.quantity></Point><Point><position>7841</position><in_Quantity.quantity>0.000000</in_Quantity.quantity><out_Quantity.quantity>137.788716</out_Quantity.quantity></Point><Point><position>7842</position><in_Quantity.quantity>0.000000</in_Quantity.quantity><out_Quantity.quantity>615.851990</out_Quantity.quantity></Point><Point><position>7843</position><in_Quantity.quantity>0.000000</in_Quantity.quantity><out_Quantity.quantity>347.940915</out_Quantity.quantity></Point><Point><position>7844</position><in_Quantity.quantity>0.000000</in_Quantity.quantity><out_Quantity.quantity>785.597415</out_Quantity.quantity></Point><Point><position>7845</position><in_Quantity.quantity>0.000000</in_Quantity.quantity><out_Quantity.quantity>30.712436</out_Quantity.quantity></Point><Point><position>7846</position><in_Quantity.quantity>0.000000</in_Quantity.quantity><out_Quantity.quantity>408.339459</out_Quantity.quantity></Point><Point><position>7847</position><in_Quantity.quantity>0.000000</in_Quantity.quantity><out_Quantity.quantity>431.790018</out_Quantity.quantity></Point><Point><position>7848</position><in_Quantity.quantity>0.000000</in_Quantity.quantity><out_Quantity.quantity>723.201960</out_Quantity.quantity></Point><Point><position>7849</position><in_Quantity.quantity>0.000000</in_Quantity.quantity><out_Quantity.quantity>584.103102</out_Quantity.quantity></Point><Point><position>7850</position><in_Quantity.quantity>0.000000</in_Quantity.quantity><out_Quantity.quantity>894.911522</out_Quantity.quantity></Point><Point><position>7851</position><in_Quantity.quantity>0.000000</in_Quantity.quantity><out_Quantity.quantity>468.549070</out_Quantity.quantity></Point><Point><position>7852</position><in_Quantity.quantity>0.000000</in_Quantity.quantity><out_Quantity.quantity>682.038881</out_Quantity.quantity></Point><Point><position>7853</position><in_Quantity.quantity>0.000000</in_Quantity.quantity><out_Quantity.quantity>132.058536</out_Quantity.quantity></Point><Point><position>7854</position><in_Quantity.quantity>0.000000</in_Quantity.quantity><out_Quantity.quantity>977.168385</out_Quantity.quantity></Point><Point><position>7855</position><in_Quantity.quantity>0.000000</in_Quantity.quantity><out_Quantity.quantity>490.141361</out_Quantity.quantity></Point><Point><position>7856</position><in_Quantity.quantity>0.000000</in_Quantity.quantity><out_Quantity.quantity>481.322003</out_Quantity.quantity></Point><Point><position>7857</position><in_Quantity.quantity>0.000000</in_Quantity.quantity><out_Quantity.quantity>844.612361</out_Quantity.quantity></Point><Point><position>7858</position><in_Quantity.quantity>0.000000</in_Quantity.quantity><out_Quantity.quantity>610.178577</out_Quantity.quantity></Point><Point><position>7859</position><in_Quantity.quantity>0.000000</in_Quantity.quantity><out_Quantity.quantity>308.340835</out_Quantity.quantity></Point><Point><position>7860</position><in_Quantity.quantity>0.000000</in_Quantity.quantity><out_Quantity.quantity>246.041983</out_Quantity.quantity></Point><Point><position>7861</position><in_Quantity.quantity>0.000000</in_Quantity.quantity><out_Quantity.quantity>283.227894</out_Quantity.quantity></Point><Point><position>7862</position><in_Quantity.quantity>0.000000</in_Quantity.quantity><out_Quantity.quantity>42.810730</out_Quantity.quantity></Point><Point><position>7863</position><in_Quantity.quantity>0.000000</in_Quantity.quantity><out_Quantity.quantity>552.198660</out_Quantity.quantity></Point><Point><position>7864</position><in_Quantity.quantity>0.000000</in_Quantity.quantity><out_Quantity.quantity>418.821848</out_Quantity.quantity></Point><Point><position>7865</position><in_Quantity.quantity>0.000000</in_Quantity.quantity><out_Quantity.quantity>90.100441</out_Quantity.quantity></Point><Point><position>7866</position><in_Quantity.quantity>0.000000</in_Quantity.quantity><out_Quantity.quantity>621.049609</out_Quantity.quantity></Point><Point><position>7867</position><in_Quantity.quantity>0.000000</in_Quantity.quantity><out_Quantity.quantity>672.541327</out_Quantity.quantity></Point><Point><position>7868</position><in_Quantity.quantity>0.000000</in_Quantity.quantity><out_Quantity.quantity>129.861509</out_Quantity.quantity></Point><Point><position>7869</position><in_Quantity.quantity>0.000000</in_Quantity.quantity><out_Quantity.quantity>995.788704</out_Quantity.quantity></Point><Point><position>7870</position><in_Quantity.quantity>0.000000</in_Quantity.quantity><out_Quantity.quantity>219.277405</out_Quantity.quantity></Point><Point><position>7871</position><in_Quantity.quantity>0.000000</in_Quantity.quantity><out_Quantity.quantity>190.316354</out_Quantity.quantity></Point><Point><position>7872</position><in_Quantity.quantity>0.000000</in_Quantity.quantity><out_Quantity.quantity>25.521064</out_Quantity.quantity></Point><Point><position>7873</position><in_Quantity.quantity>0.000000</in_Quantity.quantity><out_Quantity.quantity>610.648356</out_Quantity.quantity></Point><Point><position>7874</position><in_Quantity.quantity>0.000000</in_Quantity.quantity><out_Quantity.quantity>936.392195</out_Quantity.quantity></Point><Point><position>7875</position><in_Quantity.quantity>0.000000</in_Quantity.quantity><out_Quantity.quantity>975.568698</out_Quantity.quantity></Point><Point><position>7876</position><in_Quantity.quantity>0.000000</in_Quantity.quantity><out_Quantity.quantity>16.791077</out_Quantity.quantity></Point><Point><position>7877</position><in_Quantity.quantity>0.000000</in_Quantity.quantity><out_Quantity.quantity>843.211303</out_Quantity.quantity></Point><Point><position>7878</position><in_Quantity.quantity>0.000000</in_Quantity.quantity><out_Quantity.quantity>836.642241</out_Quantity.quantity></Point><Point><position>7879</position><in_Quantity.quantity>0.000000</in_Quantity.quantity><out_Quantity.quantity>145.179352</out_Quantity.quantity></Point><Point><position>7880</position><in_Quantity.quantity>0.000000</in_Quantity.quantity><out_Quantity.quantity>199.092611</out_Quantity.quantity></Point><Point><position>7881</position><in_Quantity.quantity>0.000000</in_Quantity.quantity><out_Quantity.quantity>387.917470</out_Quantity.quantity></Point><Point><position>7882</position><in_Quantity.quantity>0.000000</in_Quantity.quantity><out_Quantity.quantity>238.971300</out_Quantity.quantity></Point><Point><position>7883</position><in_Quantity.quantity>0.000000</in_Quantity.quantity><out_Quantity.quantity>201.108094</out_Quantity.quantity></Point><Point><position>7884</position><in_Quantity.quantity>0.000000</in_Quantity.quantity><out_Quantity.quantity>99.367581</out_Quantity.quantity></Point><Point><position>7885</position><in_Quantity.quantity>0.000000</in_Quantity.quantity><out_Quantity.quantity>966.876442</out_Quantity.quantity></Point><Point><position>7886</position><in_Quantity.quantity>0.000000</in_Quantity.quantity><out_Quantity.quantity>464.745093</out_Quantity.quantity></Point><Point><position>7887</position><in_Quantity.quantity>0.000000</in_Quantity.quantity><out_Quantity.quantity>695.448165</out_Quantity.quantity></Point><Point><position>7888</position><in_Quantity.quantity>0.000000</in_Quantity.quantity><out_Quantity.quantity>634.688435</out_Quantity.quantity></Point><Point><position>7889</position><in_Quantity.quantity>0.000000</in_Quantity.quantity><out_Quantity.quantity>727.277273</out_Quantity.quantity></Point><Point><position>7890</position><in_Quantity.quantity>0.000000</in_Quantity.quantity><out_Quantity.quantity>410.223243</out_Quantity.quantity></Point><Point><position>7891</position><in_Quantity.quantity>0.000000</in_Quantity.quantity><out_Quantity.quantity>965.359926</out_Quantity.quantity></Point><Point><position>7892</position><in_Quantity.quantity>0.000000</in_Quantity.quantity><out_Quantity.quantity>115.504579</out_Quantity.quantity></Point><Point><position>7893</position><in_Quantity.quantity>0.000000</in_Quantity.quantity><out_Quantity.quantity>149.143194</out_Quantity.quantity></Point><Point><position>7894</position><in_Quantity.quantity>0.000000</in_Quantity.quantity><out_Quantity.quantity>923.557114</out_Quantity.quantity></Point><Point><position>7895</position><in_Quantity.quantity>0.000000</in_Quantity.quantity><out_Quantity.quantity>329.149828</out_Quantity.quantity></Point><Point><position>7896</position><in_Quantity.quantity>0.000000</in_Quantity.quantity><out_Quantity.quantity>182.798234</out_Quantity.quantity></Point><Point><position>7897</position><in_Quantity.quantity>0.000000</in_Quantity.quantity><out_Quantity.quantity>880.827289</out_Quantity.quantity></Point><Point><position>7898</position><in_Quantity.quantity>0.000000</in_Quantity.quantity><out_Quantity.quantity>564.245922</out_Quantity.quantity></Point><Point><position>7899</position><in_Quantity.quantity>0.000000</in_Quantity.quantity><out_Quantity.quantity>780.688967</out_Quantity.quantity></Point><Point><position>7900</position><in_Quantity.quantity>0.000000</in_Quantity.quantity><out_Quantity.quantity>802.120074</out_Quantity.quantity></Point><Point><position>7901</position><in_Quantity.quantity>0.000000</in_Quantity.quantity><out_Quantity.quantity>464.275716</out_Quantity.quantity></Point><Point><position>7902</position><in_Quantity.quantity>0.000000</in_Quantity.quantity><out_Quantity.quantity>700.518606</out_Quantity.quantity></Point><Point><position>7903</position><in_Quantity.quantity>0.000000</in_Quantity.quantity><out_Quantity.quantity>816.414424</out_Quantity.quantity></Point><Point><position>7904</position><in_Quantity.quantity>0.000000</in_Quantity.quantity><out_Quantity.quantity>596.757711</out_Quantity.quantity></Point><Point><position>7905</position><in_Quantity.quantity>0.000000</in_Quantity.quantity><out_Quantity.quantity>891.720771</out_Quantity.quantity></Point><Point><position>7906</position><in_Quantity.quantity>0.000000</in_Quantity.quantity><out_Quantity.quantity>659.625023</out_Quantity.quantity></Point><Point><position>7907</position><in_Quantity.quantity>0.000000</in_Quantity.quantity><out_Quantity.quantity>481.002921</out_Quantity.quantity></Point><Point><position>7908</position><in_Quantity.quantity>0.000000</in_Quantity.quantity><out_Quantity.quantity>47.401978</out_Quantity.quantity></Point><Point><position>7909</position><in_Quantity.quantity>0.000000</in_Quantity.quantity><out_Quantity.quantity>847.339641</out_Quantity.quantity></Point><Point><position>7910</position><in_Quantity.quantity>0.000000</in_Quantity.quantity><out_Quantity.quantity>876.800729</out_Quantity.quantity></Point><Point><position>7911</position><in_Quantity.quantity>0.000000</in_Quantity.quantity><out_Quantity.quantity>150.003547</out_Quantity.quantity></Point><Point><position>7912</position><in_Quantity.quantity>0.000000</in_Quantity.quantity><out_Quantity.quantity>942.157233</out_Quantity.quantity></Point><Point><position>7913</position><in_Quantity.quantity>0.000000</in_Quantity.quantity><out_Quantity.quantity>749.572960</out_Quantity.quantity></Point><Point><position>7914</position><in_Quantity.quantity>0.000000</in_Quantity.quantity><out_Quantity.quantity>617.757145</out_Quantity.quantity></Point><Point><position>7915</position><in_Quantity.quantity>0.000000</in_Quantity.quantity><out_Quantity.quantity>264.792707</out_Quantity.quantity></Point><Point><position>7916</position><in_Quantity.quantity>0.000000</in_Quantity.quantity><out_Quantity.quantity>348.212420</out_Quantity.quantity></Point><Point><position>7917</position><in_Quantity.quantity>0.000000</in_Quantity.quantity><out_Quantity.quantity>673.515650</out_Quantity.quantity></Point><Point><position>7918</position><in_Quantity.quantity>0.000000</in_Quantity.quantity><out_Quantity.quantity>713.974870</out_Quantity.quantity></Point><Point><position>7919</position><in_Quantity.quantity>0.000000</in_Quantity.quantity><out_Quantity.quantity>991.756226</out_Quantity.quantity></Point><Point><position>7920</position><in_Quantity.quantity>0.000000</in_Quantity.quantity><out_Quantity.quantity>382.673723</out_Quantity.quantity></Point><Point><position>7921</position><in_Quantity.quantity>0.000000</in_Quantity.quantity><out_Quantity.quantity>785.655934</out_Quantity.quantity></Point><Point><position>7922</position><in_Quantity.quantity>0.000000</in_Quantity.quantity><out_Quantity.quantity>67.691948</out_Quantity.quantity></Point><Point><position>7923</position><in_Quantity.quantity>0.000000</in_Quantity.quantity><out_Quantity.quantity>710.753057</out_Quantity.quantity></Point><Point><position>7924</position><in_Quantity.quantity>0.000000</in_Quantity.quantity><out_Quantity.quantity>627.036077</out_Quantity.quantity></Point><Point><position>7925</position><in_Quantity.quantity>0.000000</in_Quantity.quantity><out_Quantity.quantity>655.784059</out_Quantity.quantity></Point><Point><position>7926</position><in_Quantity.quantity>0.000000</in_Quantity.quantity><out_Quantity.quantity>164.248000</out_Quantity.quantity></Point><Point><position>7927</position><in_Quantity.quantity>0.000000</in_Quantity.quantity><out_Quantity.quantity>596.692216</out_Quantity.quantity></Point><Point><position>7928</position><in_Quantity.quantity>0.000000</in_Quantity.quantity><out_Quantity.quantity>357.115732</out_Quantity.quantity></Point><Point><position>7929</position><in_Quantity.quantity>0.000000</in_Quantity.quantity><out_Quantity.quantity>484.951328</out_Quantity.quantity></Point><Point><position>7930</position><in_Quantity.quantity>0.000000</in_Quantity.quantity><out_Quantity.quantity>826.698781</out_Quantity.quantity></Point><Point><position>7931</position><in_Quantity.quantity>0.000000</in_Quantity.quantity><out_Quantity.quantity>707.462229</out_Quantity.quantity></Point><Point><position>7932</position><in_Quantity.quantity>0.000000</in_Quantity.quantity><out_Quantity.quantity>747.743149</out_Quantity.quantity></Point><Point><position>7933</position><in_Quantity.quantity>0.000000</in_Quantity.quantity><out_Quantity.quantity>934.624979</out_Quantity.quantity></Point><Point><position>7934</position><in_Quantity.quantity>0.000000</in_Quantity.quantity><out_Quantity.quantity>459.401657</out_Quantity.quantity></Point><Point><position>7935</position><in_Quantity.quantity>0.000000</in_Quantity.quantity><out_Quantity.quantity>150.001841</out_Quantity.quantity></Point><Point><position>7936</position><in_Quantity.quantity>0.000000</in_Quantity.quantity><out_Quantity.quantity>713.996262</out_Quantity.quantity></Point><Point><position>7937</position><in_Quantity.quantity>0.000000</in_Quantity.quantity><out_Quantity.quantity>928.007028</out_Quantity.quantity></Point><Point><position>7938</position><in_Quantity.quantity>0.000000</in_Quantity.quantity><out_Quantity.quantity>140.162997</out_Quantity.quantity></Point><Point><position>7939</position><in_Quantity.quantity>0.000000</in_Quantity.quantity><out_Quantity.quantity>915.051299</out_Quantity.quantity></Point><Point><position>7940</position><in_Quantity.quantity>0.000000</in_Quantity.quantity><out_Quantity.quantity>288.480009</out_Quantity.quantity></Point><Point><position>7941</position><in_Quantity.quantity>0.000000</in_Quantity.quantity><out_Quantity.quantity>736.579288</out_Quantity.quantity></Point><Point><position>7942</position><in_Quantity.quantity>0.000000</in_Quantity.quantity><out_Quantity.quantity>473.476678</out_Quantity.quantity></Point><Point><position>7943</position><in_Quantity.quantity>0.000000</in_Quantity.quantity><out_Quantity.quantity>608.373403</out_Quantity.quantity></Point><Point><position>7944</position><in_Quantity.quantity>0.000000</in_Quantity.quantity><out_Quantity.quantity>657.808526</out_Quantity.quantity></Point><Point><position>7945</position><in_Quantity.quantity>0.000000</in_Quantity.quantity><out_Quantity.quantity>254.738189</out_Quantity.quantity></Point><Point><position>7946</position><in_Quantity.quantity>0.000000</in_Quantity.quantity><out_Quantity.quantity>29.750066</out_Quantity.quantity></Point><Point><position>7947</position><in_Quantity.quantity>0.000000</in_Quantity.quantity><out_Quantity.quantity>585.288420</out_Quantity.quantity></Point><Point><position>7948</position><in_Quantity.quantity>0.000000</in_Quantity.quantity><out_Quantity.quantity>335.510187</out_Quantity.quantity></Point><Point><position>7949</position><in_Quantity.quantity>0.000000</in_Quantity.quantity><out_Quantity.quantity>48.380834</out_Quantity.quantity></Point><Point><position>7950</position><in_Quantity.quantity>0.000000</in_Quantity.quantity><out_Quantity.quantity>217.954911</out_Quantity.quantity></Point><Point><position>7951</position><in_Quantity.quantity>0.000000</in_Quantity.quantity><out_Quantity.quantity>107.497014</out_Quantity.quantity></Point><Point><position>7952</position><in_Quantity.quantity>0.000000</in_Quantity.quantity><out_Quantity.quantity>82.544244</out_Quantity.quantity></Point><Point><position>7953</position><in_Quantity.quantity>0.000000</in_Quantity.quantity><out_Quantity.quantity>278.169868</out_Quantity.quantity></Point><Point><position>7954</position><in_Quantity.quantity>0.000000</in_Quantity.quantity><out_Quantity.quantity>180.426165</out_Quantity.quantity></Point><Point><position>7955</position><in_Quantity.quantity>0.000000</in_Quantity.quantity><out_Quantity.quantity>233.214082</out_Quantity.quantity></Point><Point><position>7956</position><in_Quantity.quantity>0.000000</in_Quantity.quantity><out_Quantity.quantity>612.963797</out_Quantity.quantity></Point><Point><position>7957</position><in_Quantity.quantity>0.000000</in_Quantity.quantity><out_Quantity.quantity>692.631282</out_Quantity.quantity></Point><Point><position>7958</position><in_Quantity.quantity>0.000000</in_Quantity.quantity><out_Quantity.quantity>809.209261</out_Quantity.quantity></Point><Point><position>7959</position><in_Quantity.quantity>0.000000</in_Quantity.quantity><out_Quantity.quantity>987.966268</out_Quantity.quantity></Point><Point><position>7960</position><in_Quantity.quantity>0.000000</in_Quantity.quantity><out_Quantity.quantity>994.033967</out_Quantity.quantity></Point><Point><position>7961</position><in_Quantity.quantity>0.000000</in_Quantity.quantity><out_Quantity.quantity>963.356861</out_Quantity.quantity></Point><Point><position>7962</position><in_Quantity.quantity>0.000000</in_Quantity.quantity><out_Quantity.quantity>50.931741</out_Quantity.quantity></Point><Point><position>7963</position><in_Quantity.quantity>0.000000</in_Quantity.quantity><out_Quantity.quantity>249.272102</out_Quantity.quantity></Point><Point><position>7964</position><in_Quantity.quantity>0.000000</in_Quantity.quantity><out_Quantity.quantity>925.656829</out_Quantity.quantity></Point><Point><position>7965</position><in_Quantity.quantity>0.000000</in_Quantity.quantity><out_Quantity.quantity>393.013201</out_Quantity.quantity></Point><Point><position>7966</position><in_Quantity.quantity>0.000000</in_Quantity.quantity><out_Quantity.quantity>945.536434</out_Quantity.quantity></Point><Point><position>7967</position><in_Quantity.quantity>0.000000</in_Quantity.quantity><out_Quantity.quantity>332.653998</out_Quantity.quantity></Point><Point><position>7968</position><in_Quantity.quantity>0.000000</in_Quantity.quantity><out_Quantity.quantity>356.800310</out_Quantity.quantity></Point><Point><position>7969</position><in_Quantity.quantity>0.000000</in_Quantity.quantity><out_Quantity.quantity>842.980422</out_Quantity.quantity></Point><Point><position>7970</position><in_Quantity.quantity>0.000000</in_Quantity.quantity><out_Quantity.quantity>421.834317</out_Quantity.quantity></Point><Point><position>7971</position><in_Quantity.quantity>0.000000</in_Quantity.quantity><out_Quantity.quantity>895.234165</out_Quantity.quantity></Point><Point><position>7972</position><in_Quantity.quantity>0.000000</in_Quantity.quantity><out_Quantity.quantity>579.676258</out_Quantity.quantity></Point><Point><position>7973</position><in_Quantity.quantity>0.000000</in_Quantity.quantity><out_Quantity.quantity>227.018918</out_Quantity.quantity></Point><Point><position>7974</position><in_Quantity.quantity>0.000000</in_Quantity.quantity><out_Quantity.quantity>955.270939</out_Quantity.quantity></Point><Point><position>7975</position><in_Quantity.quantity>0.000000</in_Quantity.quantity><out_Quantity.quantity>756.917672</out_Quantity.quantity></Point><Point><position>7976</position><in_Quantity.quantity>0.000000</in_Quantity.quantity><out_Quantity.quantity>166.433357</out_Quantity.quantity></Point><Point><position>7977</position><in_Quantity.quantity>0.000000</in_Quantity.quantity><out_Quantity.quantity>306.440030</out_Quantity.quantity></Point><Point><position>7978</position><in_Quantity.quantity>0.000000</in_Quantity.quantity><out_Quantity.quantity>279.368001</out_Quantity.quantity></Point><Point><position>7979</position><in_Quantity.quantity>0.000000</in_Quantity.quantity><out_Quantity.quantity>8.413601</out_Quantity.quantity></Point><Point><position>7980</position><in_Quantity.quantity>0.000000</in_Quantity.quantity><out_Quantity.quantity>431.894767</out_Quantity.quantity></Point><Point><position>7981</position><in_Quantity.quantity>0.000000</in_Quantity.quantity><out_Quantity.quantity>266.608994</out_Quantity.quantity></Point><Point><position>7982</position><in_Quantity.quantity>0.000000</in_Quantity.quantity><out_Quantity.quantity>740.072452</out_Quantity.quantity></Point><Point><position>7983</position><in_Quantity.quantity>0.000000</in_Quantity.quantity><out_Quantity.quantity>557.169470</out_Quantity.quantity></Point><Point><position>7984</position><in_Quantity.quantity>0.000000</in_Quantity.quantity><out_Quantity.quantity>86.927788</out_Quantity.quantity></Point><Point><position>7985</position><in_Quantity.quantity>0.000000</in_Quantity.quantity><out_Quantity.quantity>443.641150</out_Quantity.quantity></Point><Point><position>7986</position><in_Quantity.quantity>0.000000</in_Quantity.quantity><out_Quantity.quantity>503.327190</out_Quantity.quantity></Point><Point><position>7987</position><in_Quantity.quantity>0.000000</in_Quantity.quantity><out_Quantity.quantity>888.144498</out_Quantity.quantity></Point><Point><position>7988</position><in_Quantity.quantity>0.000000</in_Quantity.quantity><out_Quantity.quantity>689.854423</out_Quantity.quantity></Point><Point><position>7989</position><in_Quantity.quantity>0.000000</in_Quantity.quantity><out_Quantity.quantity>138.987588</out_Quantity.quantity></Point><Point><position>7990</position><in_Quantity.quantity>0.000000</in_Quantity.quantity><out_Quantity.quantity>288.161035</out_Quantity.quantity></Point><Point><position>7991</position><in_Quantity.quantity>0.000000</in_Quantity.quantity><out_Quantity.quantity>587.719795</out_Quantity.quantity></Point><Point><position>7992</position><in_Quantity.quantity>0.000000</in_Quantity.quantity><out_Quantity.quantity>10.522734</out_Quantity.quantity></Point><Point><position>7993</position><in_Quantity.quantity>0.000000</in_Quantity.quantity><out_Quantity.quantity>882.479422</out_Quantity.quantity></Point><Point><position>7994</position><in_Quantity.quantity>0.000000</in_Quantity.quantity><out_Quantity.quantity>700.039450</out_Quantity.quantity></Point><Point><position>7995</position><in_Quantity.quantity>0.000000</in_Quantity.quantity><out_Quantity.quantity>394.696278</out_Quantity.quantity></Point><Point><position>7996</position><in_Quantity.quantity>0.000000</in_Quantity.quantity><out_Quantity.quantity>641.298349</out_Quantity.quantity></Point><Point><position>7997</position><in_Quantity.quantity>0.000000</in_Quantity.quantity><out_Quantity.quantity>688.744865</out_Quantity.quantity></Point><Point><position>7998</position><in_Quantity.quantity>0.000000</in_Quantity.quantity><out_Quantity.quantity>580.363595</out_Quantity.quantity></Point><Point><position>7999</position><in_Quantity.quantity>0.000000</in_Quantity.quantity><out_Quantity.quantity>769.225434</out_Quantity.quantity></Point><Point><position>8000</position><in_Quantity.quantity>0.000000</in_Quantity.quantity><out_Quantity.quantity>388.785984</out_Quantity.quantity></Point><Point><position>8001</position><in_Quantity.quantity>0.000000</in_Quantity.quantity><out_Quantity.quantity>935.166094</out_Quantity.quantity></Point><Point><position>8002</position><in_Quantity.quantity>0.000000</in_Quantity.quantity><out_Quantity.quantity>515.239984</out_Quantity.quantity></Point><Point><position>8003</position><in_Quantity.quantity>0.000000</in_Quantity.quantity><out_Quantity.quantity>716.746933</out_Quantity.quantity></Point><Point><position>8004</position><in_Quantity.quantity>0.000000</in_Quantity.quantity><out_Quantity.quantity>164.728572</out_Quantity.quantity></Point><Point><position>8005</position><in_Quantity.quantity>0.000000</in_Quantity.quantity><out_Quantity.quantity>83.150633</out_Quantity.quantity></Point><Point><position>8006</position><in_Quantity.quantity>0.000000</in_Quantity.quantity><out_Quantity.quantity>157.427263</out_Quantity.quantity></Point><Point><position>8007</position><in_Quantity.quantity>0.000000</in_Quantity.quantity><out_Quantity.quantity>834.157317</out_Quantity.quantity></Point><Point><position>8008</position><in_Quantity.quantity>0.000000</in_Quantity.quantity><out_Quantity.quantity>528.459420</out_Quantity.quantity></Point><Point><position>8009</position><in_Quantity.quantity>0.000000</in_Quantity.quantity><out_Quantity.quantity>817.136438</out_Quantity.quantity></Point><Point><position>8010</position><in_Quantity.quantity>0.000000</in_Quantity.quantity><out_Quantity.quantity>980.382645</out_Quantity.quantity></Point><Point><position>8011</position><in_Quantity.quantity>0.000000</in_Quantity.quantity><out_Quantity.quantity>260.763792</out_Quantity.quantity></Point><Point><position>8012</position><in_Quantity.quantity>0.000000</in_Quantity.quantity><out_Quantity.quantity>524.118801</out_Quantity.quantity></Point><Point><position>8013</position><in_Quantity.quantity>0.000000</in_Quantity.quantity><out_Quantity.quantity>400.225958</out_Quantity.quantity></Point><Point><position>8014</position><in_Quantity.quantity>0.000000</in_Quantity.quantity><out_Quantity.quantity>612.426298</out_Quantity.quantity></Point><Point><position>8015</position><in_Quantity.quantity>0.000000</in_Quantity.quantity><out_Quantity.quantity>867.998784</out_Quantity.quantity></Point><Point><position>8016</position><in_Quantity.quantity>0.000000</in_Quantity.quantity><out_Quantity.quantity>328.943153</out_Quantity.quantity></Point><Point><position>8017</position><in_Quantity.quantity>0.000000</in_Quantity.quantity><out_Quantity.quantity>990.111745</out_Quantity.quantity></Point><Point><position>8018</position><in_Quantity.quantity>0.000000</in_Quantity.quantity><out_Quantity.quantity>386.597216</out_Quantity.quantity></Point><Point><position>8019</position><in_Quantity.quantity>0.000000</in_Quantity.quantity><out_Quantity.quantity>121.226690</out_Quantity.quantity></Point><Point><position>8020</position><in_Quantity.quantity>0.000000</in_Quantity.quantity><out_Quantity.quantity>973.552818</out_Quantity.quantity></Point><Point><position>8021</position><in_Quantity.quantity>0.000000</in_Quantity.quantity><out_Quantity.quantity>152.449054</out_Quantity.quantity></Point><Point><position>8022</position><in_Quantity.quantity>0.000000</in_Quantity.quantity><out_Quantity.quantity>714.549856</out_Quantity.quantity></Point><Point><position>8023</position><in_Quantity.quantity>0.000000</in_Quantity.quantity><out_Quantity.quantity>217.778753</out_Quantity.quantity></Point><Point><position>8024</position><in_Quantity.quantity>0.000000</in_Quantity.quantity><out_Quantity.quantity>611.116266</out_Quantity.quantity></Point><Point><position>8025</position><in_Quantity.quantity>0.000000</in_Quantity.quantity><out_Quantity.quantity>258.792370</out_Quantity.quantity></Point><Point><position>8026</position><in_Quantity.quantity>0.000000</in_Quantity.quantity><out_Quantity.quantity>211.408355</out_Quantity.quantity></Point><Point><position>8027</position><in_Quantity.quantity>0.000000</in_Quantity.quantity><out_Quantity.quantity>23.879620</out_Quantity.quantity></Point><Point><position>8028</position><in_Quantity.quantity>0.000000</in_Quantity.quantity><out_Quantity.quantity>720.872340</out_Quantity.quantity></Point><Point><position>8029</position><in_Quantity.quantity>0.000000</in_Quantity.quantity><out_Quantity.quantity>756.262366</out_Quantity.quantity></Point><Point><position>8030</position><in_Quantity.quantity>0.000000</in_Quantity.quantity><out_Quantity.quantity>754.082455</out_Quantity.quantity></Point><Point><position>8031</position><in_Quantity.quantity>0.000000</in_Quantity.quantity><out_Quantity.quantity>888.039894</out_Quantity.quantity></Point><Point><position>8032</position><in_Quantity.quantity>0.000000</in_Quantity.quantity><out_Quantity.quantity>519.532264</out_Quantity.quantity></Point><Point><position>8033</position><in_Quantity.quantity>0.000000</in_Quantity.quantity><out_Quantity.quantity>180.808740</out_Quantity.quantity></Point><Point><position>8034</position><in_Quantity.quantity>0.000000</in_Quantity.quantity><out_Quantity.quantity>880.785371</out_Quantity.quantity></Point><Point><position>8035</position><in_Quantity.quantity>0.000000</in_Quantity.quantity><out_Quantity.quantity>605.304966</out_Quantity.quantity></Point><Point><position>8036</position><in_Quantity.quantity>0.000000</in_Quantity.quantity><out_Quantity.quantity>47.870969</out_Quantity.quantity></Point><Point><position>8037</position><in_Quantity.quantity>0.000000</in_Quantity.quantity><out_Quantity.quantity>611.766822</out_Quantity.quantity></Point><Point><position>8038</position><in_Quantity.quantity>0.000000</in_Quantity.quantity><out_Quantity.quantity>410.501441</out_Quantity.quantity></Point><Point><position>8039</position><in_Quantity.quantity>0.000000</in_Quantity.quantity><out_Quantity.quantity>496.038656</out_Quantity.quantity></Point><Point><position>8040</position><in_Quantity.quantity>0.000000</in_Quantity.quantity><out_Quantity.quantity>712.709968</out_Quantity.quantity></Point><Point><position>8041</position><in_Quantity.quantity>0.000000</in_Quantity.quantity><out_Quantity.quantity>191.020707</out_Quantity.quantity></Point><Point><position>8042</position><in_Quantity.quantity>0.000000</in_Quantity.quantity><out_Quantity.quantity>741.373747</out_Quantity.quantity></Point><Point><position>8043</position><in_Quantity.quantity>0.000000</in_Quantity.quantity><out_Quantity.quantity>233.561080</out_Quantity.quantity></Point><Point><position>8044</position><in_Quantity.quantity>0.000000</in_Quantity.quantity><out_Quantity.quantity>577.939457</out_Quantity.quantity></Point><Point><position>8045</position><in_Quantity.quantity>0.000000</in_Quantity.quantity><out_Quantity.quantity>107.560781</out_Quantity.quantity></Point><Point><position>8046</position><in_Quantity.quantity>0.000000</in_Quantity.quantity><out_Quantity.quantity>617.343737</out_Quantity.quantity></Point><Point><position>8047</position><in_Quantity.quantity>0.000000</in_Quantity.quantity><out_Quantity.quantity>83.222508</out_Quantity.quantity></Point><Point><position>8048</position><in_Quantity.quantity>0.000000</in_Quantity.quantity><out_Quantity.quantity>791.942108</out_Quantity.quantity></Point><Point><position>8049</position><in_Quantity.quantity>0.000000</in_Quantity.quantity><out_Quantity.quantity>495.376723</out_Quantity.quantity></Point><Point><position>8050</position><in_Quantity.quantity>0.000000</in_Quantity.quantity><out_Quantity.quantity>500.770152</out_Quantity.quantity></Point><Point><position>8051</position><in_Quantity.quantity>0.000000</in_Quantity.quantity><out_Quantity.quantity>804.679468</out_Quantity.quantity></Point><Point><position>8052</position><in_Quantity.quantity>0.000000</in_Quantity.quantity><out_Quantity.quantity>536.776637</out_Quantity.quantity></Point><Point><position>8053</position><in_Quantity.quantity>0.000000</in_Quantity.quantity><out_Quantity.quantity>994.859615</out_Quantity.quantity></Point><Point><position>8054</position><in_Quantity.quantity>0.000000</in_Quantity.quantity><out_Quantity.quantity>753.522120</out_Quantity.quantity></Point><Point><position>8055</position><in_Quantity.quantity>0.000000</in_Quantity.quantity><out_Quantity.quantity>565.748330</out_Quantity.quantity></Point><Point><position>8056</position><in_Quantity.quantity>0.000000</in_Quantity.quantity><out_Quantity.quantity>416.344917</out_Quantity.quantity></Point><Point><position>8057</position><in_Quantity.quantity>0.000000</in_Quantity.quantity><out_Quantity.quantity>576.871100</out_Quantity.quantity></Point><Point><position>8058</position><in_Quantity.quantity>0.000000</in_Quantity.quantity><out_Quantity.quantity>35.677758</out_Quantity.quantity></Point><Point><position>8059</position><in_Quantity.quantity>0.000000</in_Quantity.quantity><out_Quantity.quantity>234.369961</out_Quantity.quantity></Point><Point><position>8060</position><in_Quantity.quantity>0.000000</in_Quantity.quantity><out_Quantity.quantity>330.452926</out_Quantity.quantity></Point><Point><position>8061</position><in_Quantity.quantity>0.000000</in_Quantity.quantity><out_Quantity.quantity>533.657126</out_Quantity.quantity></Point><Point><position>8062</position><in_Quantity.quantity>0.000000</in_Quantity.quantity><out_Quantity.quantity>386.274138</out_Quantity.quantity></Point><Point><position>8063</position><in_Quantity.quantity>0.000000</in_Quantity.quantity><out_Quantity.quantity>178.934636</out_Quantity.quantity></Point><Point><position>8064</position><in_Quantity.quantity>0.000000</in_Quantity.quantity><out_Quantity.quantity>804.128697</out_Quantity.quantity></Point><Point><position>8065</position><in_Quantity.quantity>0.000000</in_Quantity.quantity><out_Quantity.quantity>695.695757</out_Quantity.quantity></Point><Point><position>8066</position><in_Quantity.quantity>0.000000</in_Quantity.quantity><out_Quantity.quantity>169.968358</out_Quantity.quantity></Point><Point><position>8067</position><in_Quantity.quantity>0.000000</in_Quantity.quantity><out_Quantity.quantity>486.152709</out_Quantity.quantity></Point><Point><position>8068</position><in_Quantity.quantity>0.000000</in_Quantity.quantity><out_Quantity.quantity>188.262871</out_Quantity.quantity></Point><Point><position>8069</position><in_Quantity.quantity>0.000000</in_Quantity.quantity><out_Quantity.quantity>38.906350</out_Quantity.quantity></Point><Point><position>8070</position><in_Quantity.quantity>0.000000</in_Quantity.quantity><out_Quantity.quantity>116.710969</out_Quantity.quantity></Point><Point><position>8071</position><in_Quantity.quantity>0.000000</in_Quantity.quantity><out_Quantity.quantity>600.835802</out_Quantity.quantity></Point><Point><position>8072</position><in_Quantity.quantity>0.000000</in_Quantity.quantity><out_Quantity.quantity>159.379724</out_Quantity.quantity></Point><Point><position>8073</position><in_Quantity.quantity>0.000000</in_Quantity.quantity><out_Quantity.quantity>204.568617</out_Quantity.quantity></Point><Point><position>8074</position><in_Quantity.quantity>0.000000</in_Quantity.quantity><out_Quantity.quantity>190.698221</out_Quantity.quantity></Point><Point><position>8075</position><in_Quantity.quantity>0.000000</in_Quantity.quantity><out_Quantity.quantity>837.587273</out_Quantity.quantity></Point><Point><position>8076</position><in_Quantity.quantity>0.000000</in_Quantity.quantity><out_Quantity.quantity>9.811025</out_Quantity.quantity></Point><Point><position>8077</position><in_Quantity.quantity>0.000000</in_Quantity.quantity><out_Quantity.quantity>25.226125</out_Quantity.quantity></Point><Point><position>8078</position><in_Quantity.quantity>0.000000</in_Quantity.quantity><out_Quantity.quantity>691.783661</out_Quantity.quantity></Point><Point><position>8079</position><in_Quantity.quantity>0.000000</in_Quantity.quantity><out_Quantity.quantity>977.092929</out_Quantity.quantity></Point><Point><position>8080</position><in_Quantity.quantity>0.000000</in_Quantity.quantity><out_Quantity.quantity>105.101472</out_Quantity.quantity></Point><Point><position>8081</position><in_Quantity.quantity>0.000000</in_Quantity.quantity><out_Quantity.quantity>481.377436</out_Quantity.quantity></Point><Point><position>8082</position><in_Quantity.quantity>0.000000</in_Quantity.quantity><out_Quantity.quantity>217.899906</out_Quantity.quantity></Point><Point><position>8083</position><in_Quantity.quantity>0.000000</in_Quantity.quantity><out_Quantity.quantity>3.018462</out_Quantity.quantity></Point><Point><position>8084</position><in_Quantity.quantity>0.000000</in_Quantity.quantity><out_Quantity.quantity>980.265860</out_Quantity.quantity></Point><Point><position>8085</position><in_Quantity.quantity>0.000000</in_Quantity.quantity><out_Quantity.quantity>73.119156</out_Quantity.quantity></Point><Point><position>8086</position><in_Quantity.quantity>0.000000</in_Quantity.quantity><out_Quantity.quantity>81.135296</out_Quantity.quantity></Point><Point><position>8087</position><in_Quantity.quantity>0.000000</in_Quantity.quantity><out_Quantity.quantity>421.789986</out_Quantity.quantity></Point><Point><position>8088</position><in_Quantity.quantity>0.000000</in_Quantity.quantity><out_Quantity.quantity>741.724002</out_Quantity.quantity></Point><Point><position>8089</position><in_Quantity.quantity>0.000000</in_Quantity.quantity><out_Quantity.quantity>662.819927</out_Quantity.quantity></Point><Point><position>8090</position><in_Quantity.quantity>0.000000</in_Quantity.quantity><out_Quantity.quantity>669.776441</out_Quantity.quantity></Point><Point><position>8091</position><in_Quantity.quantity>0.000000</in_Quantity.quantity><out_Quantity.quantity>458.537577</out_Quantity.quantity></Point><Point><position>8092</position><in_Quantity.quantity>0.000000</in_Quantity.quantity><out_Quantity.quantity>55.790606</out_Quantity.quantity></Point><Point><position>8093</position><in_Quantity.quantity>0.000000</in_Quantity.quantity><out_Quantity.quantity>996.569979</out_Quantity.quantity></Point><Point><position>8094</position><in_Quantity.quantity>0.000000</in_Quantity.quantity><out_Quantity.quantity>527.323377</out_Quantity.quantity></Point><Point><position>8095</position><in_Quantity.quantity>0.000000</in_Quantity.quantity><out_Quantity.quantity>311.800554</out_Quantity.quantity></Point><Point><position>8096</position><in_Quantity.quantity>0.000000</in_Quantity.quantity><out_Quantity.quantity>174.578377</out_Quantity.quantity></Point><Point><position>8097</position><in_Quantity.quantity>0.000000</in_Quantity.quantity><out_Quantity.quantity>305.126584</out_Quantity.quantity></Point><Point><position>8098</position><in_Quantity.quantity>0.000000</in_Quantity.quantity><out_Quantity.quantity>854.453365</out_Quantity.quantity></Point><Point><position>8099</position><in_Quantity.quantity>0.000000</in_Quantity.quantity><out_Quantity.quantity>457.836236</out_Quantity.quantity></Point><Point><position>8100</position><in_Quantity.quantity>0.000000</in_Quantity.quantity><out_Quantity.quantity>587.190275</out_Quantity.quantity></Point><Point><position>8101</position><in_Quantity.quantity>0.000000</in_Quantity.quantity><out_Quantity.quantity>204.656502</out_Quantity.quantity></Point><Point><position>8102</position><in_Quantity.quantity>0.000000</in_Quantity.quantity><out_Quantity.quantity>369.085386</out_Quantity.quantity></Point><Point><position>8103</position><in_Quantity.quantity>0.000000</in_Quantity.quantity><out_Quantity.quantity>569.319042</out_Quantity.quantity></Point><Point><position>8104</position><in_Quantity.quantity>0.000000</in_Quantity.quantity><out_Quantity.quantity>498.837744</out_Quantity.quantity></Point><Point><position>8105</position><in_Quantity.quantity>0.000000</in_Quantity.quantity><out_Quantity.quantity>786.629691</out_Quantity.quantity></Point><Point><position>8106</position><in_Quantity.quantity>0.000000</in_Quantity.quantity><out_Quantity.quantity>776.004960</out_Quantity.quantity></Point><Point><position>8107</position><in_Quantity.quantity>0.000000</in_Quantity.quantity><out_Quantity.quantity>65.195494</out_Quantity.quantity></Point><Point><position>8108</position><in_Quantity.quantity>0.000000</in_Quantity.quantity><out_Quantity.quantity>441.307738</out_Quantity.quantity></Point><Point><position>8109</position><in_Quantity.quantity>0.000000</in_Quantity.quantity><out_Quantity.quantity>189.378491</out_Quantity.quantity></Point><Point><position>8110</position><in_Quantity.quantity>0.000000</in_Quantity.quantity><out_Quantity.quantity>915.100442</out_Quantity.quantity></Point><Point><position>8111</position><in_Quantity.quantity>0.000000</in_Quantity.quantity><out_Quantity.quantity>341.319622</out_Quantity.quantity></Point><Point><position>8112</position><in_Quantity.quantity>0.000000</in_Quantity.quantity><out_Quantity.quantity>945.024402</out_Quantity.quantity></Point><Point><position>8113</position><in_Quantity.quantity>0.000000</in_Quantity.quantity><out_Quantity.quantity>732.306940</out_Quantity.quantity></Point><Point><position>8114</position><in_Quantity.quantity>0.000000</in_Quantity.quantity><out_Quantity.quantity>644.227991</out_Quantity.quantity></Point><Point><position>8115</position><in_Quantity.quantity>0.000000</in_Quantity.quantity><out_Quantity.quantity>944.944893</out_Quantity.quantity></Point><Point><position>8116</position><in_Quantity.quantity>0.000000</in_Quantity.quantity><out_Quantity.quantity>554.160171</out_Quantity.quantity></Point><Point><position>8117</position><in_Quantity.quantity>0.000000</in_Quantity.quantity><out_Quantity.quantity>519.826227</out_Quantity.quantity></Point><Point><position>8118</position><in_Quantity.quantity>0.000000</in_Quantity.quantity><out_Quantity.quantity>613.741188</out_Quantity.quantity></Point><Point><position>8119</position><in_Quantity.quantity>0.000000</in_Quantity.quantity><out_Quantity.quantity>971.441498</out_Quantity.quantity></Point><Point><position>8120</position><in_Quantity.quantity>0.000000</in_Quantity.quantity><out_Quantity.quantity>530.675469</out_Quantity.quantity></Point><Point><position>8121</position><in_Quantity.quantity>0.000000</in_Quantity.quantity><out_Quantity.quantity>598.784419</out_Quantity.quantity></Point><Point><position>8122</position><in_Quantity.quantity>0.000000</in_Quantity.quantity><out_Quantity.quantity>745.944970</out_Quantity.quantity></Point><Point><position>8123</position><in_Quantity.quantity>0.000000</in_Quantity.quantity><out_Quantity.quantity>822.073610</out_Quantity.quantity></Point><Point><position>8124</position><in_Quantity.quantity>0.000000</in_Quantity.quantity><out_Quantity.quantity>757.061893</out_Quantity.quantity></Point><Point><position>8125</position><in_Quantity.quantity>0.000000</in_Quantity.quantity><out_Quantity.quantity>529.524168</out_Quantity.quantity></Point><Point><position>8126</position><in_Quantity.quantity>0.000000</in_Quantity.quantity><out_Quantity.quantity>786.766000</out_Quantity.quantity></Point><Point><position>8127</position><in_Quantity.quantity>0.000000</in_Quantity.quantity><out_Quantity.quantity>586.950435</out_Quantity.quantity></Point><Point><position>8128</position><in_Quantity.quantity>0.000000</in_Quantity.quantity><out_Quantity.quantity>741.652838</out_Quantity.quantity></Point><Point><position>8129</position><in_Quantity.quantity>0.000000</in_Quantity.quantity><out_Quantity.quantity>415.759481</out_Quantity.quantity></Point><Point><position>8130</position><in_Quantity.quantity>0.000000</in_Quantity.quantity><out_Quantity.quantity>844.703956</out_Quantity.quantity></Point><Point><position>8131</position><in_Quantity.quantity>0.000000</in_Quantity.quantity><out_Quantity.quantity>688.865411</out_Quantity.quantity></Point><Point><position>8132</position><in_Quantity.quantity>0.000000</in_Quantity.quantity><out_Quantity.quantity>556.844241</out_Quantity.quantity></Point><Point><position>8133</position><in_Quantity.quantity>0.000000</in_Quantity.quantity><out_Quantity.quantity>195.033348</out_Quantity.quantity></Point><Point><position>8134</position><in_Quantity.quantity>0.000000</in_Quantity.quantity><out_Quantity.quantity>761.968477</out_Quantity.quantity></Point><Point><position>8135</position><in_Quantity.quantity>0.000000</in_Quantity.quantity><out_Quantity.quantity>694.355510</out_Quantity.quantity></Point><Point><position>8136</position><in_Quantity.quantity>0.000000</in_Quantity.quantity><out_Quantity.quantity>732.323974</out_Quantity.quantity></Point><Point><position>8137</position><in_Quantity.quantity>0.000000</in_Quantity.quantity><out_Quantity.quantity>543.238458</out_Quantity.quantity></Point><Point><position>8138</position><in_Quantity.quantity>0.000000</in_Quantity.quantity><out_Quantity.quantity>885.548211</out_Quantity.quantity></Point><Point><position>8139</position><in_Quantity.quantity>0.000000</in_Quantity.quantity><out_Quantity.quantity>758.342737</out_Quantity.quantity></Point><Point><position>8140</position><in_Quantity.quantity>0.000000</in_Quantity.quantity><out_Quantity.quantity>801.587900</out_Quantity.quantity></Point><Point><position>8141</position><in_Quantity.quantity>0.000000</in_Quantity.quantity><out_Quantity.quantity>162.265872</out_Quantity.quantity></Point><Point><position>8142</position><in_Quantity.quantity>0.000000</in_Quantity.quantity><out_Quantity.quantity>629.706683</out_Quantity.quantity></Point><Point><position>8143</position><in_Quantity.quantity>0.000000</in_Quantity.quantity><out_Quantity.quantity>628.165307</out_Quantity.quantity></Point><Point><position>8144</position><in_Quantity.quantity>0.000000</in_Quantity.quantity><out_Quantity.quantity>304.553732</out_Quantity.quantity></Point><Point><position>8145</position><in_Quantity.quantity>0.000000</in_Quantity.quantity><out_Quantity.quantity>968.898821</out_Quantity.quantity></Point><Point><position>8146</position><in_Quantity.quantity>0.000000</in_Quantity.quantity><out_Quantity.quantity>135.079206</out_Quantity.quantity></Point><Point><position>8147</position><in_Quantity.quantity>0.000000</in_Quantity.quantity><out_Quantity.quantity>777.836793</out_Quantity.quantity></Point><Point><position>8148</position><in_Quantity.quantity>0.000000</in_Quantity.quantity><out_Quantity.quantity>638.229514</out_Quantity.quantity></Point><Point><position>8149</position><in_Quantity.quantity>0.000000</in_Quantity.quantity><out_Quantity.quantity>972.356384</out_Quantity.quantity></Point><Point><position>8150</position><in_Quantity.quantity>0.000000</in_Quantity.quantity><out_Quantity.quantity>805.868591</out_Quantity.quantity></Point><Point><position>8151</position><in_Quantity.quantity>0.000000</in_Quantity.quantity><out_Quantity.quantity>946.027513</out_Quantity.quantity></Point><Point><position>8152</position><in_Quantity.quantity>0.000000</in_Quantity.quantity><out_Quantity.quantity>493.965239</out_Quantity.quantity></Point><Point><position>8153</position><in_Quantity.quantity>0.000000</in_Quantity.quantity><out_Quantity.quantity>521.905918</out_Quantity.quantity></Point><Point><position>8154</position><in_Quantity.quantity>0.000000</in_Quantity.quantity><out_Quantity.quantity>49.255631</out_Quantity.quantity></Point><Point><position>8155</position><in_Quantity.quantity>0.000000</in_Quantity.quantity><out_Quantity.quantity>299.870772</out_Quantity.quantity></Point><Point><position>8156</position><in_Quantity.quantity>0.000000</in_Quantity.quantity><out_Quantity.quantity>221.976425</out_Quantity.quantity></Point><Point><position>8157</position><in_Quantity.quantity>0.000000</in_Quantity.quantity><out_Quantity.quantity>319.238709</out_Quantity.quantity></Point><Point><position>8158</position><in_Quantity.quantity>0.000000</in_Quantity.quantity><out_Quantity.quantity>614.116426</out_Quantity.quantity></Point><Point><position>8159</position><in_Quantity.quantity>0.000000</in_Quantity.quantity><out_Quantity.quantity>643.251193</out_Quantity.quantity></Point><Point><position>8160</position><in_Quantity.quantity>0.000000</in_Quantity.quantity><out_Quantity.quantity>978.567847</out_Quantity.quantity></Point><Point><position>8161</position><in_Quantity.quantity>0.000000</in_Quantity.quantity><out_Quantity.quantity>276.906063</out_Quantity.quantity></Point><Point><position>8162</position><in_Quantity.quantity>0.000000</in_Quantity.quantity><out_Quantity.quantity>289.582416</out_Quantity.quantity></Point><Point><position>8163</position><in_Quantity.quantity>0.000000</in_Quantity.quantity><out_Quantity.quantity>107.946907</out_Quantity.quantity></Point><Point><position>8164</position><in_Quantity.quantity>0.000000</in_Quantity.quantity><out_Quantity.quantity>732.810083</out_Quantity.quantity></Point><Point><position>8165</position><in_Quantity.quantity>0.000000</in_Quantity.quantity><out_Quantity.quantity>87.270690</out_Quantity.quantity></Point><Point><position>8166</position><in_Quantity.quantity>0.000000</in_Quantity.quantity><out_Quantity.quantity>954.393290</out_Quantity.quantity></Point><Point><position>8167</position><in_Quantity.quantity>0.000000</in_Quantity.quantity><out_Quantity.quantity>121.843117</out_Quantity.quantity></Point><Point><position>8168</position><in_Quantity.quantity>0.000000</in_Quantity.quantity><out_Quantity.quantity>20.991912</out_Quantity.quantity></Point><Point><position>8169</position><in_Quantity.quantity>0.000000</in_Quantity.quantity><out_Quantity.quantity>583.295683</out_Quantity.quantity></Point><Point><position>8170</position><in_Quantity.quantity>0.000000</in_Quantity.quantity><out_Quantity.quantity>126.683352</out_Quantity.quantity></Point><Point><position>8171</position><in_Quantity.quantity>0.000000</in_Quantity.quantity><out_Quantity.quantity>982.939249</out_Quantity.quantity></Point><Point><position>8172</position><in_Quantity.quantity>0.000000</in_Quantity.quantity><out_Quantity.quantity>552.473758</out_Quantity.quantity></Point><Point><position>8173</position><in_Quantity.quantity>0.000000</in_Quantity.quantity><out_Quantity.quantity>896.627285</out_Quantity.quantity></Point><Point><position>8174</position><in_Quantity.quantity>0.000000</in_Quantity.quantity><out_Quantity.quantity>384.174284</out_Quantity.quantity></Point><Point><position>8175</position><in_Quantity.quantity>0.000000</in_Quantity.quantity><out_Quantity.quantity>600.824821</out_Quantity.quantity></Point><Point><position>8176</position><in_Quantity.quantity>0.000000</in_Quantity.quantity><out_Quantity.quantity>967.930643</out_Quantity.quantity></Point><Point><position>8177</position><in_Quantity.quantity>0.000000</in_Quantity.quantity><out_Quantity.quantity>111.410211</out_Quantity.quantity></Point><Point><position>8178</position><in_Quantity.quantity>0.000000</in_Quantity.quantity><out_Quantity.quantity>301.307033</out_Quantity.quantity></Point><Point><position>8179</position><in_Quantity.quantity>0.000000</in_Quantity.quantity><out_Quantity.quantity>60.327840</out_Quantity.quantity></Point><Point><position>8180</position><in_Quantity.quantity>0.000000</in_Quantity.quantity><out_Quantity.quantity>49.776656</out_Quantity.quantity></Point><Point><position>8181</position><in_Quantity.quantity>0.000000</in_Quantity.quantity><out_Quantity.quantity>226.158243</out_Quantity.quantity></Point><Point><position>8182</position><in_Quantity.quantity>0.000000</in_Quantity.quantity><out_Quantity.quantity>345.548807</out_Quantity.quantity></Point><Point><position>8183</position><in_Quantity.quantity>0.000000</in_Quantity.quantity><out_Quantity.quantity>927.956024</out_Quantity.quantity></Point><Point><position>8184</position><in_Quantity.quantity>0.000000</in_Quantity.quantity><out_Quantity.quantity>926.255270</out_Quantity.quantity></Point><Point><position>8185</position><in_Quantity.quantity>0.000000</in_Quantity.quantity><out_Quantity.quantity>464.329172</out_Quantity.quantity></Point><Point><position>8186</position><in_Quantity.quantity>0.000000</in_Quantity.quantity><out_Quantity.quantity>637.867080</out_Quantity.quantity></Point><Point><position>8187</position><in_Quantity.quantity>0.000000</in_Quantity.quantity><out_Quantity.quantity>390.802706</out_Quantity.quantity></Point><Point><position>8188</position><in_Quantity.quantity>0.000000</in_Quantity.quantity><out_Quantity.quantity>952.559982</out_Quantity.quantity></Point><Point><position>8189</position><in_Quantity.quantity>0.000000</in_Quantity.quantity><out_Quantity.quantity>832.425919</out_Quantity.quantity></Point><Point><position>8190</position><in_Quantity.quantity>0.000000</in_Quantity.quantity><out_Quantity.quantity>689.305541</out_Quantity.quantity></Point><Point><position>8191</position><in_Quantity.quantity>0.000000</in_Quantity.quantity><out_Quantity.quantity>204.472453</out_Quantity.quantity></Point><Point><position>8192</position><in_Quantity.quantity>0.000000</in_Quantity.quantity><out_Quantity.quantity>363.075461</out_Quantity.quantity></Point><Point><position>8193</position><in_Quantity.quantity>0.000000</in_Quantity.quantity><out_Quantity.quantity>487.174392</out_Quantity.quantity></Point><Point><position>8194</position><in_Quantity.quantity>0.000000</in_Quantity.quantity><out_Quantity.quantity>606.870564</out_Quantity.quantity></Point><Point><position>8195</position><in_Quantity.quantity>0.000000</in_Quantity.quantity><out_Quantity.quantity>628.107529</out_Quantity.quantity></Point><Point><position>8196</position><in_Quantity.quantity>0.000000</in_Quantity.quantity><out_Quantity.quantity>939.774591</out_Quantity.quantity></Point><Point><position>8197</position><in_Quantity.quantity>0.000000</in_Quantity.quantity><out_Quantity.quantity>535.981504</out_Quantity.quantity></Point><Point><position>8198</position><in_Quantity.quantity>0.000000</in_Quantity.quantity><out_Quantity.quantity>144.111424</out_Quantity.quantity></Point><Point><position>8199</position><in_Quantity.quantity>0.000000</in_Quantity.quantity><out_Quantity.quantity>941.247505</out_Quantity.quantity></Point><Point><position>8200</position><in_Quantity.quantity>0.000000</in_Quantity.quantity><out_Quantity.quantity>956.487169</out_Quantity.quantity></Point><Point><position>8201</position><in_Quantity.quantity>0.000000</in_Quantity.quantity><out_Quantity.quantity>853.108246</out_Quantity.quantity></Point><Point><position>8202</position><in_Quantity.quantity>0.000000</in_Quantity.quantity><out_Quantity.quantity>4.825284</out_Quantity.quantity></Point><Point><position>8203</position><in_Quantity.quantity>0.000000</in_Quantity.quantity><out_Quantity.quantity>768.096220</out_Quantity.quantity></Point><Point><position>8204</position><in_Quantity.quantity>0.000000</in_Quantity.quantity><out_Quantity.quantity>851.052016</out_Quantity.quantity></Point><Point><position>8205</position><in_Quantity.quantity>0.000000</in_Quantity.quantity><out_Quantity.quantity>138.452858</out_Quantity.quantity></Point><Point><position>8206</position><in_Quantity.quantity>0.000000</in_Quantity.quantity><out_Quantity.quantity>560.880289</out_Quantity.quantity></Point><Point><position>8207</position><in_Quantity.quantity>0.000000</in_Quantity.quantity><out_Quantity.quantity>495.133888</out_Quantity.quantity></Point><Point><position>8208</position><in_Quantity.quantity>0.000000</in_Quantity.quantity><out_Quantity.quantity>373.050046</out_Quantity.quantity></Point><Point><position>8209</position><in_Quantity.quantity>0.000000</in_Quantity.quantity><out_Quantity.quantity>80.768535</out_Quantity.quantity></Point><Point><position>8210</position><in_Quantity.quantity>0.000000</in_Quantity.quantity><out_Quantity.quantity>283.323475</out_Quantity.quantity></Point><Point><position>8211</position><in_Quantity.quantity>0.000000</in_Quantity.quantity><out_Quantity.quantity>825.934803</out_Quantity.quantity></Point><Point><position>8212</position><in_Quantity.quantity>0.000000</in_Quantity.quantity><out_Quantity.quantity>907.387432</out_Quantity.quantity></Point><Point><position>8213</position><in_Quantity.quantity>0.000000</in_Quantity.quantity><out_Quantity.quantity>356.046023</out_Quantity.quantity></Point><Point><position>8214</position><in_Quantity.quantity>0.000000</in_Quantity.quantity><out_Quantity.quantity>174.140938</out_Quantity.quantity></Point><Point><position>8215</position><in_Quantity.quantity>0.000000</in_Quantity.quantity><out_Quantity.quantity>851.235664</out_Quantity.quantity></Point><Point><position>8216</position><in_Quantity.quantity>0.000000</in_Quantity.quantity><out_Quantity.quantity>911.173190</out_Quantity.quantity></Point><Point><position>8217</position><in_Quantity.quantity>0.000000</in_Quantity.quantity><out_Quantity.quantity>665.185281</out_Quantity.quantity></Point><Point><position>8218</position><in_Quantity.quantity>0.000000</in_Quantity.quantity><out_Quantity.quantity>439.125484</out_Quantity.quantity></Point><Point><position>8219</position><in_Quantity.quantity>0.000000</in_Quantity.quantity><out_Quantity.quantity>575.547952</out_Quantity.quantity></Point><Point><position>8220</position><in_Quantity.quantity>0.000000</in_Quantity.quantity><out_Quantity.quantity>452.690730</out_Quantity.quantity></Point><Point><position>8221</position><in_Quantity.quantity>0.000000</in_Quantity.quantity><out_Quantity.quantity>580.782917</out_Quantity.quantity></Point><Point><position>8222</position><in_Quantity.quantity>0.000000</in_Quantity.quantity><out_Quantity.quantity>610.447938</out_Quantity.quantity></Point><Point><position>8223</position><in_Quantity.quantity>0.000000</in_Quantity.quantity><out_Quantity.quantity>99.388087</out_Quantity.quantity></Point><Point><position>8224</position><in_Quantity.quantity>0.000000</in_Quantity.quantity><out_Quantity.quantity>340.319510</out_Quantity.quantity></Point><Point><position>8225</position><in_Quantity.quantity>0.000000</in_Quantity.quantity><out_Quantity.quantity>46.780739</out_Quantity.quantity></Point><Point><position>8226</position><in_Quantity.quantity>0.000000</in_Quantity.quantity><out_Quantity.quantity>84.976383</out_Quantity.quantity></Point><Point><position>8227</position><in_Quantity.quantity>0.000000</in_Quantity.quantity><out_Quantity.quantity>954.137708</out_Quantity.quantity></Point><Point><position>8228</position><in_Quantity.quantity>0.000000</in_Quantity.quantity><out_Quantity.quantity>736.385152</out_Quantity.quantity></Point><Point><position>8229</position><in_Quantity.quantity>0.000000</in_Quantity.quantity><out_Quantity.quantity>446.898951</out_Quantity.quantity></Point><Point><position>8230</position><in_Quantity.quantity>0.000000</in_Quantity.quantity><out_Quantity.quantity>323.724449</out_Quantity.quantity></Point><Point><position>8231</position><in_Quantity.quantity>0.000000</in_Quantity.quantity><out_Quantity.quantity>296.620919</out_Quantity.quantity></Point><Point><position>8232</position><in_Quantity.quantity>0.000000</in_Quantity.quantity><out_Quantity.quantity>123.803734</out_Quantity.quantity></Point><Point><position>8233</position><in_Quantity.quantity>0.000000</in_Quantity.quantity><out_Quantity.quantity>165.367050</out_Quantity.quantity></Point><Point><position>8234</position><in_Quantity.quantity>0.000000</in_Quantity.quantity><out_Quantity.quantity>191.014450</out_Quantity.quantity></Point><Point><position>8235</position><in_Quantity.quantity>0.000000</in_Quantity.quantity><out_Quantity.quantity>396.406802</out_Quantity.quantity></Point><Point><position>8236</position><in_Quantity.quantity>0.000000</in_Quantity.quantity><out_Quantity.quantity>779.616732</out_Quantity.quantity></Point><Point><position>8237</position><in_Quantity.quantity>0.000000</in_Quantity.quantity><out_Quantity.quantity>224.963677</out_Quantity.quantity></Point><Point><position>8238</position><in_Quantity.quantity>0.000000</in_Quantity.quantity><out_Quantity.quantity>400.606463</out_Quantity.quantity></Point><Point><position>8239</position><in_Quantity.quantity>0.000000</in_Quantity.quantity><out_Quantity.quantity>410.919007</out_Quantity.quantity></Point><Point><position>8240</position><in_Quantity.quantity>0.000000</in_Quantity.quantity><out_Quantity.quantity>677.331487</out_Quantity.quantity></Point><Point><position>8241</position><in_Quantity.quantity>0.000000</in_Quantity.quantity><out_Quantity.quantity>977.906910</out_Quantity.quantity></Point><Point><position>8242</position><in_Quantity.quantity>0.000000</in_Quantity.quantity><out_Quantity.quantity>412.962788</out_Quantity.quantity></Point><Point><position>8243</position><in_Quantity.quantity>0.000000</in_Quantity.quantity><out_Quantity.quantity>927.557187</out_Quantity.quantity></Point><Point><position>8244</position><in_Quantity.quantity>0.000000</in_Quantity.quantity><out_Quantity.quantity>703.938398</out_Quantity.quantity></Point><Point><position>8245</position><in_Quantity.quantity>0.000000</in_Quantity.quantity><out_Quantity.quantity>441.149218</out_Quantity.quantity></Point><Point><position>8246</position><in_Quantity.quantity>0.000000</in_Quantity.quantity><out_Quantity.quantity>282.282239</out_Quantity.quantity></Point><Point><position>8247</position><in_Quantity.quantity>0.000000</in_Quantity.quantity><out_Quantity.quantity>607.911629</out_Quantity.quantity></Point><Point><position>8248</position><in_Quantity.quantity>0.000000</in_Quantity.quantity><out_Quantity.quantity>56.214845</out_Quantity.quantity></Point><Point><position>8249</position><in_Quantity.quantity>0.000000</in_Quantity.quantity><out_Quantity.quantity>729.546865</out_Quantity.quantity></Point><Point><position>8250</position><in_Quantity.quantity>0.000000</in_Quantity.quantity><out_Quantity.quantity>860.939047</out_Quantity.quantity></Point><Point><position>8251</position><in_Quantity.quantity>0.000000</in_Quantity.quantity><out_Quantity.quantity>612.637203</out_Quantity.quantity></Point><Point><position>8252</position><in_Quantity.quantity>0.000000</in_Quantity.quantity><out_Quantity.quantity>864.538811</out_Quantity.quantity></Point><Point><position>8253</position><in_Quantity.quantity>0.000000</in_Quantity.quantity><out_Quantity.quantity>173.284538</out_Quantity.quantity></Point><Point><position>8254</position><in_Quantity.quantity>0.000000</in_Quantity.quantity><out_Quantity.quantity>184.643970</out_Quantity.quantity></Point><Point><position>8255</position><in_Quantity.quantity>0.000000</in_Quantity.quantity><out_Quantity.quantity>156.142821</out_Quantity.quantity></Point><Point><position>8256</position><in_Quantity.quantity>0.000000</in_Quantity.quantity><out_Quantity.quantity>904.935557</out_Quantity.quantity></Point><Point><position>8257</position><in_Quantity.quantity>0.000000</in_Quantity.quantity><out_Quantity.quantity>821.225659</out_Quantity.quantity></Point><Point><position>8258</position><in_Quantity.quantity>0.000000</in_Quantity.quantity><out_Quantity.quantity>676.116812</out_Quantity.quantity></Point><Point><position>8259</position><in_Quantity.quantity>0.000000</in_Quantity.quantity><out_Quantity.quantity>370.711931</out_Quantity.quantity></Point><Point><position>8260</position><in_Quantity.quantity>0.000000</in_Quantity.quantity><out_Quantity.quantity>938.894350</out_Quantity.quantity></Point><Point><position>8261</position><in_Quantity.quantity>0.000000</in_Quantity.quantity><out_Quantity.quantity>439.552896</out_Quantity.quantity></Point><Point><position>8262</position><in_Quantity.quantity>0.000000</in_Quantity.quantity><out_Quantity.quantity>573.447111</out_Quantity.quantity></Point><Point><position>8263</position><in_Quantity.quantity>0.000000</in_Quantity.quantity><out_Quantity.quantity>363.097295</out_Quantity.quantity></Point><Point><position>8264</position><in_Quantity.quantity>0.000000</in_Quantity.quantity><out_Quantity.quantity>793.548055</out_Quantity.quantity></Point><Point><position>8265</position><in_Quantity.quantity>0.000000</in_Quantity.quantity><out_Quantity.quantity>642.609769</out_Quantity.quantity></Point><Point><position>8266</position><in_Quantity.quantity>0.000000</in_Quantity.quantity><out_Quantity.quantity>800.426249</out_Quantity.quantity></Point><Point><position>8267</position><in_Quantity.quantity>0.000000</in_Quantity.quantity><out_Quantity.quantity>498.171419</out_Quantity.quantity></Point><Point><position>8268</position><in_Quantity.quantity>0.000000</in_Quantity.quantity><out_Quantity.quantity>744.165178</out_Quantity.quantity></Point><Point><position>8269</position><in_Quantity.quantity>0.000000</in_Quantity.quantity><out_Quantity.quantity>625.313404</out_Quantity.quantity></Point><Point><position>8270</position><in_Quantity.quantity>0.000000</in_Quantity.quantity><out_Quantity.quantity>780.390628</out_Quantity.quantity></Point><Point><position>8271</position><in_Quantity.quantity>0.000000</in_Quantity.quantity><out_Quantity.quantity>69.262779</out_Quantity.quantity></Point><Point><position>8272</position><in_Quantity.quantity>0.000000</in_Quantity.quantity><out_Quantity.quantity>366.017566</out_Quantity.quantity></Point><Point><position>8273</position><in_Quantity.quantity>0.000000</in_Quantity.quantity><out_Quantity.quantity>559.868611</out_Quantity.quantity></Point><Point><position>8274</position><in_Quantity.quantity>0.000000</in_Quantity.quantity><out_Quantity.quantity>54.016309</out_Quantity.quantity></Point><Point><position>8275</position><in_Quantity.quantity>0.000000</in_Quantity.quantity><out_Quantity.quantity>83.462530</out_Quantity.quantity></Point><Point><position>8276</position><in_Quantity.quantity>0.000000</in_Quantity.quantity><out_Quantity.quantity>392.620605</out_Quantity.quantity></Point><Point><position>8277</position><in_Quantity.quantity>0.000000</in_Quantity.quantity><out_Quantity.quantity>914.690838</out_Quantity.quantity></Point><Point><position>8278</position><in_Quantity.quantity>0.000000</in_Quantity.quantity><out_Quantity.quantity>275.482426</out_Quantity.quantity></Point><Point><position>8279</position><in_Quantity.quantity>0.000000</in_Quantity.quantity><out_Quantity.quantity>651.236259</out_Quantity.quantity></Point><Point><position>8280</position><in_Quantity.quantity>0.000000</in_Quantity.quantity><out_Quantity.quantity>937.712005</out_Quantity.quantity></Point><Point><position>8281</position><in_Quantity.quantity>0.000000</in_Quantity.quantity><out_Quantity.quantity>153.486320</out_Quantity.quantity></Point><Point><position>8282</position><in_Quantity.quantity>0.000000</in_Quantity.quantity><out_Quantity.quantity>737.103728</out_Quantity.quantity></Point><Point><position>8283</position><in_Quantity.quantity>0.000000</in_Quantity.quantity><out_Quantity.quantity>427.034507</out_Quantity.quantity></Point><Point><position>8284</position><in_Quantity.quantity>0.000000</in_Quantity.quantity><out_Quantity.quantity>96.578598</out_Quantity.quantity></Point><Point><position>8285</position><in_Quantity.quantity>0.000000</in_Quantity.quantity><out_Quantity.quantity>445.668520</out_Quantity.quantity></Point><Point><position>8286</position><in_Quantity.quantity>0.000000</in_Quantity.quantity><out_Quantity.quantity>209.339098</out_Quantity.quantity></Point><Point><position>8287</position><in_Quantity.quantity>0.000000</in_Quantity.quantity><out_Quantity.quantity>13.460063</out_Quantity.quantity></Point><Point><position>8288</position><in_Quantity.quantity>0.000000</in_Quantity.quantity><out_Quantity.quantity>778.865893</out_Quantity.quantity></Point><Point><position>8289</position><in_Quantity.quantity>0.000000</in_Quantity.quantity><out_Quantity.quantity>28.443609</out_Quantity.quantity></Point><Point><position>8290</position><in_Quantity.quantity>0.000000</in_Quantity.quantity><out_Quantity.quantity>251.341294</out_Quantity.quantity></Point><Point><position>8291</position><in_Quantity.quantity>0.000000</in_Quantity.quantity><out_Quantity.quantity>410.614579</out_Quantity.quantity></Point><Point><position>8292</position><in_Quantity.quantity>0.000000</in_Quantity.quantity><out_Quantity.quantity>438.491884</out_Quantity.quantity></Point><Point><position>8293</position><in_Quantity.quantity>0.000000</in_Quantity.quantity><out_Quantity.quantity>932.355817</out_Quantity.quantity></Point><Point><position>8294</position><in_Quantity.quantity>0.000000</in_Quantity.quantity><out_Quantity.quantity>244.824307</out_Quantity.quantity></Point><Point><position>8295</position><in_Quantity.quantity>0.000000</in_Quantity.quantity><out_Quantity.quantity>26.131245</out_Quantity.quantity></Point><Point><position>8296</position><in_Quantity.quantity>0.000000</in_Quantity.quantity><out_Quantity.quantity>975.294937</out_Quantity.quantity></Point><Point><position>8297</position><in_Quantity.quantity>0.000000</in_Quantity.quantity><out_Quantity.quantity>927.831337</out_Quantity.quantity></Point><Point><position>8298</position><in_Quantity.quantity>0.000000</in_Quantity.quantity><out_Quantity.quantity>802.828533</out_Quantity.quantity></Point><Point><position>8299</position><in_Quantity.quantity>0.000000</in_Quantity.quantity><out_Quantity.quantity>984.797595</out_Quantity.quantity></Point><Point><position>8300</position><in_Quantity.quantity>0.000000</in_Quantity.quantity><out_Quantity.quantity>747.110771</out_Quantity.quantity></Point><Point><position>8301</position><in_Quantity.quantity>0.000000</in_Quantity.quantity><out_Quantity.quantity>966.696978</out_Quantity.quantity></Point><Point><position>8302</position><in_Quantity.quantity>0.000000</in_Quantity.quantity><out_Quantity.quantity>774.580745</out_Quantity.quantity></Point><Point><position>8303</position><in_Quantity.quantity>0.000000</in_Quantity.quantity><out_Quantity.quantity>393.659806</out_Quantity.quantity></Point><Point><position>8304</position><in_Quantity.quantity>0.000000</in_Quantity.quantity><out_Quantity.quantity>688.325158</out_Quantity.quantity></Point><Point><position>8305</position><in_Quantity.quantity>0.000000</in_Quantity.quantity><out_Quantity.quantity>588.482224</out_Quantity.quantity></Point><Point><position>8306</position><in_Quantity.quantity>0.000000</in_Quantity.quantity><out_Quantity.quantity>200.264852</out_Quantity.quantity></Point><Point><position>8307</position><in_Quantity.quantity>0.000000</in_Quantity.quantity><out_Quantity.quantity>609.225656</out_Quantity.quantity></Point><Point><position>8308</position><in_Quantity.quantity>0.000000</in_Quantity.quantity><out_Quantity.quantity>895.420509</out_Quantity.quantity></Point><Point><position>8309</position><in_Quantity.quantity>0.000000</in_Quantity.quantity><out_Quantity.quantity>705.743101</out_Quantity.quantity></Point><Point><position>8310</position><in_Quantity.quantity>0.000000</in_Quantity.quantity><out_Quantity.quantity>744.261801</out_Quantity.quantity></Point><Point><position>8311</position><in_Quantity.quantity>0.000000</in_Quantity.quantity><out_Quantity.quantity>29.739574</out_Quantity.quantity></Point><Point><position>8312</position><in_Quantity.quantity>0.000000</in_Quantity.quantity><out_Quantity.quantity>870.846662</out_Quantity.quantity></Point><Point><position>8313</position><in_Quantity.quantity>0.000000</in_Quantity.quantity><out_Quantity.quantity>851.789350</out_Quantity.quantity></Point><Point><position>8314</position><in_Quantity.quantity>0.000000</in_Quantity.quantity><out_Quantity.quantity>155.359843</out_Quantity.quantity></Point><Point><position>8315</position><in_Quantity.quantity>0.000000</in_Quantity.quantity><out_Quantity.quantity>138.021228</out_Quantity.quantity></Point><Point><position>8316</position><in_Quantity.quantity>0.000000</in_Quantity.quantity><out_Quantity.quantity>696.581297</out_Quantity.quantity></Point><Point><position>8317</position><in_Quantity.quantity>0.000000</in_Quantity.quantity><out_Quantity.quantity>87.388124</out_Quantity.quantity></Point><Point><position>8318</position><in_Quantity.quantity>0.000000</in_Quantity.quantity><out_Quantity.quantity>816.409283</out_Quantity.quantity></Point><Point><position>8319</position><in_Quantity.quantity>0.000000</in_Quantity.quantity><out_Quantity.quantity>365.316421</out_Quantity.quantity></Point><Point><position>8320</position><in_Quantity.quantity>0.000000</in_Quantity.quantity><out_Quantity.quantity>506.082027</out_Quantity.quantity></Point><Point><position>8321</position><in_Quantity.quantity>0.000000</in_Quantity.quantity><out_Quantity.quantity>324.053642</out_Quantity.quantity></Point><Point><position>8322</position><in_Quantity.quantity>0.000000</in_Quantity.quantity><out_Quantity.quantity>456.937209</out_Quantity.quantity></Point><Point><position>8323</position><in_Quantity.quantity>0.000000</in_Quantity.quantity><out_Quantity.quantity>179.797978</out_Quantity.quantity></Point><Point><position>8324</position><in_Quantity.quantity>0.000000</in_Quantity.quantity><out_Quantity.quantity>963.653881</out_Quantity.quantity></Point><Point><position>8325</position><in_Quantity.quantity>0.000000</in_Quantity.quantity><out_Quantity.quantity>128.154399</out_Quantity.quantity></Point><Point><position>8326</position><in_Quantity.quantity>0.000000</in_Quantity.quantity><out_Quantity.quantity>282.698395</out_Quantity.quantity></Point><Point><position>8327</position><in_Quantity.quantity>0.000000</in_Quantity.quantity><out_Quantity.quantity>13.706129</out_Quantity.quantity></Point><Point><position>8328</position><in_Quantity.quantity>0.000000</in_Quantity.quantity><out_Quantity.quantity>406.821601</out_Quantity.quantity></Point><Point><position>8329</position><in_Quantity.quantity>0.000000</in_Quantity.quantity><out_Quantity.quantity>463.615163</out_Quantity.quantity></Point><Point><position>8330</position><in_Quantity.quantity>0.000000</in_Quantity.quantity><out_Quantity.quantity>434.710047</out_Quantity.quantity></Point><Point><position>8331</position><in_Quantity.quantity>0.000000</in_Quantity.quantity><out_Quantity.quantity>700.197309</out_Quantity.quantity></Point><Point><position>8332</position><in_Quantity.quantity>0.000000</in_Quantity.quantity><out_Quantity.quantity>573.821923</out_Quantity.quantity></Point><Point><position>8333</position><in_Quantity.quantity>0.000000</in_Quantity.quantity><out_Quantity.quantity>681.969382</out_Quantity.quantity></Point><Point><position>8334</position><in_Quantity.quantity>0.000000</in_Quantity.quantity><out_Quantity.quantity>671.850654</out_Quantity.quantity></Point><Point><position>8335</position><in_Quantity.quantity>0.000000</in_Quantity.quantity><out_Quantity.quantity>769.318196</out_Quantity.quantity></Point><Point><position>8336</position><in_Quantity.quantity>0.000000</in_Quantity.quantity><out_Quantity.quantity>123.540197</out_Quantity.quantity></Point><Point><position>8337</position><in_Quantity.quantity>0.000000</in_Quantity.quantity><out_Quantity.quantity>394.308362</out_Quantity.quantity></Point><Point><position>8338</position><in_Quantity.quantity>0.000000</in_Quantity.quantity><out_Quantity.quantity>337.751993</out_Quantity.quantity></Point><Point><position>8339</position><in_Quantity.quantity>0.000000</in_Quantity.quantity><out_Quantity.quantity>958.190017</out_Quantity.quantity></Point><Point><position>8340</position><in_Quantity.quantity>0.000000</in_Quantity.quantity><out_Quantity.quantity>34.052383</out_Quantity.quantity></Point><Point><position>8341</position><in_Quantity.quantity>0.000000</in_Quantity.quantity><out_Quantity.quantity>937.666760</out_Quantity.quantity></Point><Point><position>8342</position><in_Quantity.quantity>0.000000</in_Quantity.quantity><out_Quantity.quantity>699.670023</out_Quantity.quantity></Point><Point><position>8343</position><in_Quantity.quantity>0.000000</in_Quantity.quantity><out_Quantity.quantity>853.528658</out_Quantity.quantity></Point><Point><position>8344</position><in_Quantity.quantity>0.000000</in_Quantity.quantity><out_Quantity.quantity>436.925548</out_Quantity.quantity></Point><Point><position>8345</position><in_Quantity.quantity>0.000000</in_Quantity.quantity><out_Quantity.quantity>178.551914</out_Quantity.quantity></Point><Point><position>8346</position><in_Quantity.quantity>0.000000</in_Quantity.quantity><out_Quantity.quantity>653.989792</out_Quantity.quantity></Point><Point><position>8347</position><in_Quantity.quantity>0.000000</in_Quantity.quantity><out_Quantity.quantity>200.739998</out_Quantity.quantity></Point><Point><position>8348</position><in_Quantity.quantity>0.000000</in_Quantity.quantity><out_Quantity.quantity>183.830129</out_Quantity.quantity></Point><Point><position>8349</position><in_Quantity.quantity>0.000000</in_Quantity.quantity><out_Quantity.quantity>991.605257</out_Quantity.quantity></Point><Point><position>8350</position><in_Quantity.quantity>0.000000</in_Quantity.quantity><out_Quantity.quantity>313.095014</out_Quantity.quantity></Point><Point><position>8351</position><in_Quantity.quantity>0.000000</in_Quantity.quantity><out_Quantity.quantity>568.595308</out_Quantity.quantity></Point><Point><position>8352</position><in_Quantity.quantity>0.000000</in_Quantity.quantity><out_Quantity.quantity>384.677322</out_Quantity.quantity></Point><Point><position>8353</position><in_Quantity.quantity>0.000000</in_Quantity.quantity><out_Quantity.quantity>662.682740</out_Quantity.quantity></Point><Point><position>8354</position><in_Quantity.quantity>0.000000</in_Quantity.quantity><out_Quantity.quantity>401.827610</out_Quantity.quantity></Point><Point><position>8355</position><in_Quantity.quantity>0.000000</in_Quantity.quantity><out_Quantity.quantity>45.477187</out_Quantity.quantity></Point><Point><position>8356</position><in_Quantity.quantity>0.000000</in_Quantity.quantity><out_Quantity.quantity>84.551197</out_Quantity.quantity></Point><Point><position>8357</position><in_Quantity.quantity>0.000000</in_Quantity.quantity><out_Quantity.quantity>784.985533</out_Quantity.quantity></Point><Point><position>8358</position><in_Quantity.quantity>0.000000</in_Quantity.quantity><out_Quantity.quantity>63.800606</out_Quantity.quantity></Point><Point><position>8359</position><in_Quantity.quantity>0.000000</in_Quantity.quantity><out_Quantity.quantity>565.132725</out_Quantity.quantity></Point><Point><position>8360</position><in_Quantity.quantity>0.000000</in_Quantity.quantity><out_Quantity.quantity>289.672548</out_Quantity.quantity></Point><Point><position>8361</position><in_Quantity.quantity>0.000000</in_Quantity.quantity><out_Quantity.quantity>769.291970</out_Quantity.quantity></Point><Point><position>8362</position><in_Quantity.quantity>0.000000</in_Quantity.quantity><out_Quantity.quantity>931.656838</out_Quantity.quantity></Point><Point><position>8363</position><in_Quantity.quantity>0.000000</in_Quantity.quantity><out_Quantity.quantity>80.894440</out_Quantity.quantity></Point><Point><position>8364</position><in_Quantity.quantity>0.000000</in_Quantity.quantity><out_Quantity.quantity>929.747473</out_Quantity.quantity></Point><Point><position>8365</position><in_Quantity.quantity>0.000000</in_Quantity.quantity><out_Quantity.quantity>573.216590</out_Quantity.quantity></Point><Point><position>8366</position><in_Quantity.quantity>0.000000</in_Quantity.quantity><out_Quantity.quantity>132.312838</out_Quantity.quantity></Point><Point><position>8367</position><in_Quantity.quantity>0.000000</in_Quantity.quantity><out_Quantity.quantity>404.216904</out_Quantity.quantity></Point><Point><position>8368</position><in_Quantity.quantity>0.000000</in_Quantity.quantity><out_Quantity.quantity>368.371486</out_Quantity.quantity></Point><Point><position>8369</position><in_Quantity.quantity>0.000000</in_Quantity.quantity><out_Quantity.quantity>739.540560</out_Quantity.quantity></Point><Point><position>8370</position><in_Quantity.quantity>0.000000</in_Quantity.quantity><out_Quantity.quantity>287.783005</out_Quantity.quantity></Point><Point><position>8371</position><in_Quantity.quantity>0.000000</in_Quantity.quantity><out_Quantity.quantity>794.269971</out_Quantity.quantity></Point><Point><position>8372</position><in_Quantity.quantity>0.000000</in_Quantity.quantity><out_Quantity.quantity>74.112909</out_Quantity.quantity></Point><Point><position>8373</position><in_Quantity.quantity>0.000000</in_Quantity.quantity><out_Quantity.quantity>658.456331</out_Quantity.quantity></Point><Point><position>8374</position><in_Quantity.quantity>0.000000</in_Quantity.quantity><out_Quantity.quantity>464.753512</out_Quantity.quantity></Point><Point><position>8375</position><in_Quantity.quantity>0.000000</in_Quantity.quantity><out_Quantity.quantity>796.818213</out_Quantity.quantity></Point><Point><position>8376</position><in_Quantity.quantity>0.000000</in_Quantity.quantity><out_Quantity.quantity>607.042988</out_Quantity.quantity></Point><Point><position>8377</position><in_Quantity.quantity>0.000000</in_Quantity.quantity><out_Quantity.quantity>786.967747</out_Quantity.quantity></Point><Point><position>8378</position><in_Quantity.quantity>0.000000</in_Quantity.quantity><out_Quantity.quantity>872.844967</out_Quantity.quantity></Point><Point><position>8379</position><in_Quantity.quantity>0.000000</in_Quantity.quantity><out_Quantity.quantity>836.212376</out_Quantity.quantity></Point><Point><position>8380</position><in_Quantity.quantity>0.000000</in_Quantity.quantity><out_Quantity.quantity>852.509472</out_Quantity.quantity></Point><Point><position>8381</position><in_Quantity.quantity>0.000000</in_Quantity.quantity><out_Quantity.quantity>215.257247</out_Quantity.quantity></Point><Point><position>8382</position><in_Quantity.quantity>0.000000</in_Quantity.quantity><out_Quantity.quantity>941.629512</out_Quantity.quantity></Point><Point><position>8383</position><in_Quantity.quantity>0.000000</in_Quantity.quantity><out_Quantity.quantity>503.885356</out_Quantity.quantity></Point><Point><position>8384</position><in_Quantity.quantity>0.000000</in_Quantity.quantity><out_Quantity.quantity>318.030570</out_Quantity.quantity></Point><Point><position>8385</position><in_Quantity.quantity>0.000000</in_Quantity.quantity><out_Quantity.quantity>459.898908</out_Quantity.quantity></Point><Point><position>8386</position><in_Quantity.quantity>0.000000</in_Quantity.quantity><out_Quantity.quantity>619.524962</out_Quantity.quantity></Point><Point><position>8387</position><in_Quantity.quantity>0.000000</in_Quantity.quantity><out_Quantity.quantity>229.005726</out_Quantity.quantity></Point><Point><position>8388</position><in_Quantity.quantity>0.000000</in_Quantity.quantity><out_Quantity.quantity>647.232380</out_Quantity.quantity></Point><Point><position>8389</position><in_Quantity.quantity>0.000000</in_Quantity.quantity><out_Quantity.quantity>278.183543</out_Quantity.quantity></Point><Point><position>8390</position><in_Quantity.quantity>0.000000</in_Quantity.quantity><out_Quantity.quantity>577.122402</out_Quantity.quantity></Point><Point><position>8391</position><in_Quantity.quantity>0.000000</in_Quantity.quantity><out_Quantity.quantity>417.323651</out_Quantity.quantity></Point><Point><position>8392</position><in_Quantity.quantity>0.000000</in_Quantity.quantity><out_Quantity.quantity>16.726583</out_Quantity.quantity></Point><Point><position>8393</position><in_Quantity.quantity>0.000000</in_Quantity.quantity><out_Quantity.quantity>902.819374</out_Quantity.quantity></Point><Point><position>8394</position><in_Quantity.quantity>0.000000</in_Quantity.quantity><out_Quantity.quantity>502.540441</out_Quantity.quantity></Point><Point><position>8395</position><in_Quantity.quantity>0.000000</in_Quantity.quantity><out_Quantity.quantity>899.915771</out_Quantity.quantity></Point><Point><position>8396</position><in_Quantity.quantity>0.000000</in_Quantity.quantity><out_Quantity.quantity>830.379045</out_Quantity.quantity></Point><Point><position>8397</position><in_Quantity.quantity>0.000000</in_Quantity.quantity><out_Quantity.quantity>756.922516</out_Quantity.quantity></Point><Point><position>8398</position><in_Quantity.quantity>0.000000</in_Quantity.quantity><out_Quantity.quantity>93.219550</out_Quantity.quantity></Point><Point><position>8399</position><in_Quantity.quantity>0.000000</in_Quantity.quantity><out_Quantity.quantity>921.024897</out_Quantity.quantity></Point><Point><position>8400</position><in_Quantity.quantity>0.000000</in_Quantity.quantity><out_Quantity.quantity>603.819614</out_Quantity.quantity></Point><Point><position>8401</position><in_Quantity.quantity>0.000000</in_Quantity.quantity><out_Quantity.quantity>456.835396</out_Quantity.quantity></Point><Point><position>8402</position><in_Quantity.quantity>0.000000</in_Quantity.quantity><out_Quantity.quantity>754.569932</out_Quantity.quantity></Point><Point><position>8403</position><in_Quantity.quantity>0.000000</in_Quantity.quantity><out_Quantity.quantity>781.849374</out_Quantity.quantity></Point><Point><position>8404</position><in_Quantity.quantity>0.000000</in_Quantity.quantity><out_Quantity.quantity>881.616430</out_Quantity.quantity></Point><Point><position>8405</position><in_Quantity.quantity>0.000000</in_Quantity.quantity><out_Quantity.quantity>47.543817</out_Quantity.quantity></Point><Point><position>8406</position><in_Quantity.quantity>0.000000</in_Quantity.quantity><out_Quantity.quantity>525.406323</out_Quantity.quantity></Point><Point><position>8407</position><in_Quantity.quantity>0.000000</in_Quantity.quantity><out_Quantity.quantity>548.801419</out_Quantity.quantity></Point><Point><position>8408</position><in_Quantity.quantity>0.000000</in_Quantity.quantity><out_Quantity.quantity>845.949712</out_Quantity.quantity></Point><Point><position>8409</position><in_Quantity.quantity>0.000000</in_Quantity.quantity><out_Quantity.quantity>971.894487</out_Quantity.quantity></Point><Point><position>8410</position><in_Quantity.quantity>0.000000</in_Quantity.quantity><out_Quantity.quantity>882.444376</out_Quantity.quantity></Point><Point><position>8411</position><in_Quantity.quantity>0.000000</in_Quantity.quantity><out_Quantity.quantity>782.121888</out_Quantity.quantity></Point><Point><position>8412</position><in_Quantity.quantity>0.000000</in_Quantity.quantity><out_Quantity.quantity>400.941924</out_Quantity.quantity></Point><Point><position>8413</position><in_Quantity.quantity>0.000000</in_Quantity.quantity><out_Quantity.quantity>914.032740</out_Quantity.quantity></Point><Point><position>8414</position><in_Quantity.quantity>0.000000</in_Quantity.quantity><out_Quantity.quantity>631.147376</out_Quantity.quantity></Point><Point><position>8415</position><in_Quantity.quantity>0.000000</in_Quantity.quantity><out_Quantity.quantity>436.351550</out_Quantity.quantity></Point><Point><position>8416</position><in_Quantity.quantity>0.000000</in_Quantity.quantity><out_Quantity.quantity>724.232707</out_Quantity.quantity></Point><Point><position>8417</position><in_Quantity.quantity>0.000000</in_Quantity.quantity><out_Quantity.quantity>290.806994</out_Quantity.quantity></Point><Point><position>8418</position><in_Quantity.quantity>0.000000</in_Quantity.quantity><out_Quantity.quantity>646.612754</out_Quantity.quantity></Point><Point><position>8419</position><in_Quantity.quantity>0.000000</in_Quantity.quantity><out_Quantity.quantity>813.311850</out_Quantity.quantity></Point><Point><position>8420</position><in_Quantity.quantity>0.000000</in_Quantity.quantity><out_Quantity.quantity>109.642745</out_Quantity.quantity></Point><Point><position>8421</position><in_Quantity.quantity>0.000000</in_Quantity.quantity><out_Quantity.quantity>351.635432</out_Quantity.quantity></Point><Point><position>8422</position><in_Quantity.quantity>0.000000</in_Quantity.quantity><out_Quantity.quantity>415.939313</out_Quantity.quantity></Point><Point><position>8423</position><in_Quantity.quantity>0.000000</in_Quantity.quantity><out_Quantity.quantity>949.585562</out_Quantity.quantity></Point><Point><position>8424</position><in_Quantity.quantity>0.000000</in_Quantity.quantity><out_Quantity.quantity>500.429636</out_Quantity.quantity></Point><Point><position>8425</position><in_Quantity.quantity>0.000000</in_Quantity.quantity><out_Quantity.quantity>369.273139</out_Quantity.quantity></Point><Point><position>8426</position><in_Quantity.quantity>0.000000</in_Quantity.quantity><out_Quantity.quantity>323.876595</out_Quantity.quantity></Point><Point><position>8427</position><in_Quantity.quantity>0.000000</in_Quantity.quantity><out_Quantity.quantity>51.031707</out_Quantity.quantity></Point><Point><position>8428</position><in_Quantity.quantity>0.000000</in_Quantity.quantity><out_Quantity.quantity>72.768795</out_Quantity.quantity></Point><Point><position>8429</position><in_Quantity.quantity>0.000000</in_Quantity.quantity><out_Quantity.quantity>724.809803</out_Quantity.quantity></Point><Point><position>8430</position><in_Quantity.quantity>0.000000</in_Quantity.quantity><out_Quantity.quantity>599.158423</out_Quantity.quantity></Point><Point><position>8431</position><in_Quantity.quantity>0.000000</in_Quantity.quantity><out_Quantity.quantity>17.452750</out_Quantity.quantity></Point><Point><position>8432</position><in_Quantity.quantity>0.000000</in_Quantity.quantity><out_Quantity.quantity>240.409328</out_Quantity.quantity></Point><Point><position>8433</position><in_Quantity.quantity>0.000000</in_Quantity.quantity><out_Quantity.quantity>371.712401</out_Quantity.quantity></Point><Point><position>8434</position><in_Quantity.quantity>0.000000</in_Quantity.quantity><out_Quantity.quantity>697.325240</out_Quantity.quantity></Point><Point><position>8435</position><in_Quantity.quantity>0.000000</in_Quantity.quantity><out_Quantity.quantity>356.656001</out_Quantity.quantity></Point><Point><position>8436</position><in_Quantity.quantity>0.000000</in_Quantity.quantity><out_Quantity.quantity>243.283940</out_Quantity.quantity></Point><Point><position>8437</position><in_Quantity.quantity>0.000000</in_Quantity.quantity><out_Quantity.quantity>169.173833</out_Quantity.quantity></Point><Point><position>8438</position><in_Quantity.quantity>0.000000</in_Quantity.quantity><out_Quantity.quantity>204.128942</out_Quantity.quantity></Point><Point><position>8439</position><in_Quantity.quantity>0.000000</in_Quantity.quantity><out_Quantity.quantity>811.309552</out_Quantity.quantity></Point><Point><position>8440</position><in_Quantity.quantity>0.000000</in_Quantity.quantity><out_Quantity.quantity>421.369798</out_Quantity.quantity></Point><Point><position>8441</position><in_Quantity.quantity>0.000000</in_Quantity.quantity><out_Quantity.quantity>137.861832</out_Quantity.quantity></Point><Point><position>8442</position><in_Quantity.quantity>0.000000</in_Quantity.quantity><out_Quantity.quantity>935.069069</out_Quantity.quantity></Point><Point><position>8443</position><in_Quantity.quantity>0.000000</in_Quantity.quantity><out_Quantity.quantity>567.676488</out_Quantity.quantity></Point><Point><position>8444</position><in_Quantity.quantity>0.000000</in_Quantity.quantity><out_Quantity.quantity>962.984538</out_Quantity.quantity></Point><Point><position>8445</position><in_Quantity.quantity>0.000000</in_Quantity.quantity><out_Quantity.quantity>221.007514</out_Quantity.quantity></Point><Point><position>8446</position><in_Quantity.quantity>0.000000</in_Quantity.quantity><out_Quantity.quantity>257.084985</out_Quantity.quantity></Point><Point><position>8447</position><in_Quantity.quantity>0.000000</in_Quantity.quantity><out_Quantity.quantity>499.874761</out_Quantity.quantity></Point><Point><position>8448</position><in_Quantity.quantity>0.000000</in_Quantity.quantity><out_Quantity.quantity>542.416621</out_Quantity.quantity></Point><Point><position>8449</position><in_Quantity.quantity>0.000000</in_Quantity.quantity><out_Quantity.quantity>891.643607</out_Quantity.quantity></Point><Point><position>8450</position><in_Quantity.quantity>0.000000</in_Quantity.quantity><out_Quantity.quantity>38.459320</out_Quantity.quantity></Point><Point><position>8451</position><in_Quantity.quantity>0.000000</in_Quantity.quantity><out_Quantity.quantity>336.659650</out_Quantity.quantity></Point><Point><position>8452</position><in_Quantity.quantity>0.000000</in_Quantity.quantity><out_Quantity.quantity>915.429049</out_Quantity.quantity></Point><Point><position>8453</position><in_Quantity.quantity>0.000000</in_Quantity.quantity><out_Quantity.quantity>10.190758</out_Quantity.quantity></Point><Point><position>8454</position><in_Quantity.quantity>0.000000</in_Quantity.quantity><out_Quantity.quantity>537.468942</out_Quantity.quantity></Point><Point><position>8455</position><in_Quantity.quantity>0.000000</in_Quantity.quantity><out_Quantity.quantity>980.345248</out_Quantity.quantity></Point><Point><position>8456</position><in_Quantity.quantity>0.000000</in_Quantity.quantity><out_Quantity.quantity>201.761961</out_Quantity.quantity></Point><Point><position>8457</position><in_Quantity.quantity>0.000000</in_Quantity.quantity><out_Quantity.quantity>135.828689</out_Quantity.quantity></Point><Point><position>8458</position><in_Quantity.quantity>0.000000</in_Quantity.quantity><out_Quantity.quantity>334.410396</out_Quantity.quantity></Point><Point><position>8459</position><in_Quantity.quantity>0.000000</in_Quantity.quantity><out_Quantity.quantity>253.206651</out_Quantity.quantity></Point><Point><position>8460</position><in_Quantity.quantity>0.000000</in_Quantity.quantity><out_Quantity.quantity>51.153085</out_Quantity.quantity></Point><Point><position>8461</position><in_Quantity.quantity>0.000000</in_Quantity.quantity><out_Quantity.quantity>500.022800</out_Quantity.quantity></Point><Point><position>8462</position><in_Quantity.quantity>0.000000</in_Quantity.quantity><out_Quantity.quantity>598.334881</out_Quantity.quantity></Point><Point><position>8463</position><in_Quantity.quantity>0.000000</in_Quantity.quantity><out_Quantity.quantity>988.693143</out_Quantity.quantity></Point><Point><position>8464</position><in_Quantity.quantity>0.000000</in_Quantity.quantity><out_Quantity.quantity>206.326604</out_Quantity.quantity></Point><Point><position>8465</position><in_Quantity.quantity>0.000000</in_Quantity.quantity><out_Quantity.quantity>727.262108</out_Quantity.quantity></Point><Point><position>8466</position><in_Quantity.quantity>0.000000</in_Quantity.quantity><out_Quantity.quantity>571.976611</out_Quantity.quantity></Point><Point><position>8467</position><in_Quantity.quantity>0.000000</in_Quantity.quantity><out_Quantity.quantity>558.240007</out_Quantity.quantity></Point><Point><position>8468</position><in_Quantity.quantity>0.000000</in_Quantity.quantity><out_Quantity.quantity>584.811961</out_Quantity.quantity></Point><Point><position>8469</position><in_Quantity.quantity>0.000000</in_Quantity.quantity><out_Quantity.quantity>21.719660</out_Quantity.quantity></Point><Point><position>8470</position><in_Quantity.quantity>0.000000</in_Quantity.quantity><out_Quantity.quantity>533.833154</out_Quantity.quantity></Point><Point><position>8471</position><in_Quantity.quantity>0.000000</in_Quantity.quantity><out_Quantity.quantity>273.898702</out_Quantity.quantity></Point><Point><position>8472</position><in_Quantity.quantity>0.000000</in_Quantity.quantity><out_Quantity.quantity>952.126597</out_Quantity.quantity></Point><Point><position>8473</position><in_Quantity.quantity>0.000000</in_Quantity.quantity><out_Quantity.quantity>45.981072</out_Quantity.quantity></Point><Point><position>8474</position><in_Quantity.quantity>0.000000</in_Quantity.quantity><out_Quantity.quantity>885.657916</out_Quantity.quantity></Point><Point><position>8475</position><in_Quantity.quantity>0.000000</in_Quantity.quantity><out_Quantity.quantity>524.132410</out_Quantity.quantity></Point><Point><position>8476</position><in_Quantity.quantity>0.000000</in_Quantity.quantity><out_Quantity.quantity>432.064490</out_Quantity.quantity></Point><Point><position>8477</position><in_Quantity.quantity>0.000000</in_Quantity.quantity><out_Quantity.quantity>636.629963</out_Quantity.quantity></Point><Point><position>8478</position><in_Quantity.quantity>0.000000</in_Quantity.quantity><out_Quantity.quantity>277.569188</out_Quantity.quantity></Point><Point><position>8479</position><in_Quantity.quantity>0.000000</in_Quantity.quantity><out_Quantity.quantity>856.717042</out_Quantity.quantity></Point><Point><position>8480</position><in_Quantity.quantity>0.000000</in_Quantity.quantity><out_Quantity.quantity>88.401490</out_Quantity.quantity></Point><Point><position>8481</position><in_Quantity.quantity>0.000000</in_Quantity.quantity><out_Quantity.quantity>111.363891</out_Quantity.quantity></Point><Point><position>8482</position><in_Quantity.quantity>0.000000</in_Quantity.quantity><out_Quantity.quantity>916.752012</out_Quantity.quantity></Point><Point><position>8483</position><in_Quantity.quantity>0.000000</in_Quantity.quantity><out_Quantity.quantity>719.397965</out_Quantity.quantity></Point><Point><position>8484</position><in_Quantity.quantity>0.000000</in_Quantity.quantity><out_Quantity.quantity>560.224759</out_Quantity.quantity></Point><Point><position>8485</position><in_Quantity.quantity>0.000000</in_Quantity.quantity><out_Quantity.quantity>682.461102</out_Quantity.quantity></Point><Point><position>8486</position><in_Quantity.quantity>0.000000</in_Quantity.quantity><out_Quantity.quantity>870.392528</out_Quantity.quantity></Point><Point><position>8487</position><in_Quantity.quantity>0.000000</in_Quantity.quantity><out_Quantity.quantity>334.369182</out_Quantity.quantity></Point><Point><position>8488</position><in_Quantity.quantity>0.000000</in_Quantity.quantity><out_Quantity.quantity>172.063957</out_Quantity.quantity></Point><Point><position>8489</position><in_Quantity.quantity>0.000000</in_Quantity.quantity><out_Quantity.quantity>552.525406</out_Quantity.quantity></Point><Point><position>8490</position><in_Quantity.quantity>0.000000</in_Quantity.quantity><out_Quantity.quantity>982.661659</out_Quantity.quantity></Point><Point><position>8491</position><in_Quantity.quantity>0.000000</in_Quantity.quantity><out_Quantity.quantity>468.528078</out_Quantity.quantity></Point><Point><position>8492</position><in_Quantity.quantity>0.000000</in_Quantity.quantity><out_Quantity.quantity>607.126912</out_Quantity.quantity></Point><Point><position>8493</position><in_Quantity.quantity>0.000000</in_Quantity.quantity><out_Quantity.quantity>362.589084</out_Quantity.quantity></Point><Point><position>8494</position><in_Quantity.quantity>0.000000</in_Quantity.quantity><out_Quantity.quantity>477.239817</out_Quantity.quantity></Point><Point><position>8495</position><in_Quantity.quantity>0.000000</in_Quantity.quantity><out_Quantity.quantity>476.263322</out_Quantity.quantity></Point><Point><position>8496</position><in_Quantity.quantity>0.000000</in_Quantity.quantity><out_Quantity.quantity>514.588615</out_Quantity.quantity></Point><Point><position>8497</position><in_Quantity.quantity>0.000000</in_Quantity.quantity><out_Quantity.quantity>911.460091</out_Quantity.quantity></Point><Point><position>8498</position><in_Quantity.quantity>0.000000</in_Quantity.quantity><out_Quantity.quantity>746.561852</out_Quantity.quantity></Point><Point><position>8499</position><in_Quantity.quantity>0.000000</in_Quantity.quantity><out_Quantity.quantity>482.124056</out_Quantity.quantity></Point><Point><position>8500</position><in_Quantity.quantity>0.000000</in_Quantity.quantity><out_Quantity.quantity>260.184551</out_Quantity.quantity></Point><Point><position>8501</position><in_Quantity.quantity>0.000000</in_Quantity.quantity><out_Quantity.quantity>308.117598</out_Quantity.quantity></Point><Point><position>8502</position><in_Quantity.quantity>0.000000</in_Quantity.quantity><out_Quantity.quantity>525.410240</out_Quantity.quantity></Point><Point><position>8503</position><in_Quantity.quantity>0.000000</in_Quantity.quantity><out_Quantity.quantity>809.488172</out_Quantity.quantity></Point><Point><position>8504</position><in_Quantity.quantity>0.000000</in_Quantity.quantity><out_Quantity.quantity>722.822947</out_Quantity.quantity></Point><Point><position>8505</position><in_Quantity.quantity>0.000000</in_Quantity.quantity><out_Quantity.quantity>405.007940</out_Quantity.quantity></Point><Point><position>8506</position><in_Quantity.quantity>0.000000</in_Quantity.quantity><out_Quantity.quantity>351.540206</out_Quantity.quantity></Point><Point><position>8507</position><in_Quantity.quantity>0.000000</in_Quantity.quantity><out_Quantity.quantity>809.272108</out_Quantity.quantity></Point><Point><position>8508</position><in_Quantity.quantity>0.000000</in_Quantity.quantity><out_Quantity.quantity>900.145437</out_Quantity.quantity></Point><Point><position>8509</position><in_Quantity.quantity>0.000000</in_Quantity.quantity><out_Quantity.quantity>111.378860</out_Quantity.quantity></Point><Point><position>8510</position><in_Quantity.quantity>0.000000</in_Quantity.quantity><out_Quantity.quantity>561.462744</out_Quantity.quantity></Point><Point><position>8511</position><in_Quantity.quantity>0.000000</in_Quantity.quantity><out_Quantity.quantity>282.327870</out_Quantity.quantity></Point><Point><position>8512</position><in_Quantity.quantity>0.000000</in_Quantity.quantity><out_Quantity.quantity>727.886624</out_Quantity.quantity></Point><Point><position>8513</position><in_Quantity.quantity>0.000000</in_Quantity.quantity><out_Quantity.quantity>876.664070</out_Quantity.quantity></Point><Point><position>8514</position><in_Quantity.quantity>0.000000</in_Quantity.quantity><out_Quantity.quantity>967.281658</out_Quantity.quantity></Point><Point><position>8515</position><in_Quantity.quantity>0.000000</in_Quantity.quantity><out_Quantity.quantity>279.462875</out_Quantity.quantity></Point><Point><position>8516</position><in_Quantity.quantity>0.000000</in_Quantity.quantity><out_Quantity.quantity>394.161008</out_Quantity.quantity></Point><Point><position>8517</position><in_Quantity.quantity>0.000000</in_Quantity.quantity><out_Quantity.quantity>490.476491</out_Quantity.quantity></Point><Point><position>8518</position><in_Quantity.quantity>0.000000</in_Quantity.quantity><out_Quantity.quantity>906.788176</out_Quantity.quantity></Point><Point><position>8519</position><in_Quantity.quantity>0.000000</in_Quantity.quantity><out_Quantity.quantity>1.599063</out_Quantity.quantity></Point><Point><position>8520</position><in_Quantity.quantity>0.000000</in_Quantity.quantity><out_Quantity.quantity>111.933101</out_Quantity.quantity></Point><Point><position>8521</position><in_Quantity.quantity>0.000000</in_Quantity.quantity><out_Quantity.quantity>695.280933</out_Quantity.quantity></Point><Point><position>8522</position><in_Quantity.quantity>0.000000</in_Quantity.quantity><out_Quantity.quantity>705.081232</out_Quantity.quantity></Point><Point><position>8523</position><in_Quantity.quantity>0.000000</in_Quantity.quantity><out_Quantity.quantity>768.019576</out_Quantity.quantity></Point><Point><position>8524</position><in_Quantity.quantity>0.000000</in_Quantity.quantity><out_Quantity.quantity>648.974634</out_Quantity.quantity></Point><Point><position>8525</position><in_Quantity.quantity>0.000000</in_Quantity.quantity><out_Quantity.quantity>763.853825</out_Quantity.quantity></Point><Point><position>8526</position><in_Quantity.quantity>0.000000</in_Quantity.quantity><out_Quantity.quantity>42.196906</out_Quantity.quantity></Point><Point><position>8527</position><in_Quantity.quantity>0.000000</in_Quantity.quantity><out_Quantity.quantity>220.711808</out_Quantity.quantity></Point><Point><position>8528</position><in_Quantity.quantity>0.000000</in_Quantity.quantity><out_Quantity.quantity>394.623299</out_Quantity.quantity></Point><Point><position>8529</position><in_Quantity.quantity>0.000000</in_Quantity.quantity><out_Quantity.quantity>696.437348</out_Quantity.quantity></Point><Point><position>8530</position><in_Quantity.quantity>0.000000</in_Quantity.quantity><out_Quantity.quantity>570.332998</out_Quantity.quantity></Point><Point><position>8531</position><in_Quantity.quantity>0.000000</in_Quantity.quantity><out_Quantity.quantity>689.482338</out_Quantity.quantity></Point><Point><position>8532</position><in_Quantity.quantity>0.000000</in_Quantity.quantity><out_Quantity.quantity>480.163319</out_Quantity.quantity></Point><Point><position>8533</position><in_Quantity.quantity>0.000000</in_Quantity.quantity><out_Quantity.quantity>109.614841</out_Quantity.quantity></Point><Point><position>8534</position><in_Quantity.quantity>0.000000</in_Quantity.quantity><out_Quantity.quantity>218.905279</out_Quantity.quantity></Point><Point><position>8535</position><in_Quantity.quantity>0.000000</in_Quantity.quantity><out_Quantity.quantity>293.224505</out_Quantity.quantity></Point><Point><position>8536</position><in_Quantity.quantity>0.000000</in_Quantity.quantity><out_Quantity.quantity>92.883576</out_Quantity.quantity></Point><Point><position>8537</position><in_Quantity.quantity>0.000000</in_Quantity.quantity><out_Quantity.quantity>389.955112</out_Quantity.quantity></Point><Point><position>8538</position><in_Quantity.quantity>0.000000</in_Quantity.quantity><out_Quantity.quantity>925.844801</out_Quantity.quantity></Point><Point><position>8539</position><in_Quantity.quantity>0.000000</in_Quantity.quantity><out_Quantity.quantity>341.969330</out_Quantity.quantity></Point><Point><position>8540</position><in_Quantity.quantity>0.000000</in_Quantity.quantity><out_Quantity.quantity>854.918300</out_Quantity.quantity></Point><Point><position>8541</position><in_Quantity.quantity>0.000000</in_Quantity.quantity><out_Quantity.quantity>278.658769</out_Quantity.quantity></Point><Point><position>8542</position><in_Quantity.quantity>0.000000</in_Quantity.quantity><out_Quantity.quantity>980.449086</out_Quantity.quantity></Point><Point><position>8543</position><in_Quantity.quantity>0.000000</in_Quantity.quantity><out_Quantity.quantity>866.008792</out_Quantity.quantity></Point><Point><position>8544</position><in_Quantity.quantity>0.000000</in_Quantity.quantity><out_Quantity.quantity>645.050226</out_Quantity.quantity></Point><Point><position>8545</position><in_Quantity.quantity>0.000000</in_Quantity.quantity><out_Quantity.quantity>693.043298</out_Quantity.quantity></Point><Point><position>8546</position><in_Quantity.quantity>0.000000</in_Quantity.quantity><out_Quantity.quantity>218.286316</out_Quantity.quantity></Point><Point><position>8547</position><in_Quantity.quantity>0.000000</in_Quantity.quantity><out_Quantity.quantity>125.917650</out_Quantity.quantity></Point><Point><position>8548</position><in_Quantity.quantity>0.000000</in_Quantity.quantity><out_Quantity.quantity>499.916628</out_Quantity.quantity></Point><Point><position>8549</position><in_Quantity.quantity>0.000000</in_Quantity.quantity><out_Quantity.quantity>641.082950</out_Quantity.quantity></Point><Point><position>8550</position><in_Quantity.quantity>0.000000</in_Quantity.quantity><out_Quantity.quantity>746.387703</out_Quantity.quantity></Point><Point><position>8551</position><in_Quantity.quantity>0.000000</in_Quantity.quantity><out_Quantity.quantity>911.613916</out_Quantity.quantity></Point><Point><position>8552</position><in_Quantity.quantity>0.000000</in_Quantity.quantity><out_Quantity.quantity>449.624005</out_Quantity.quantity></Point><Point><position>8553</position><in_Quantity.quantity>0.000000</in_Quantity.quantity><out_Quantity.quantity>690.556106</out_Quantity.quantity></Point><Point><position>8554</position><in_Quantity.quantity>0.000000</in_Quantity.quantity><out_Quantity.quantity>354.744301</out_Quantity.quantity></Point><Point><position>8555</position><in_Quantity.quantity>0.000000</in_Quantity.quantity><out_Quantity.quantity>66.625422</out_Quantity.quantity></Point><Point><position>8556</position><in_Quantity.quantity>0.000000</in_Quantity.quantity><out_Quantity.quantity>588.534511</out_Quantity.quantity></Point><Point><position>8557</position><in_Quantity.quantity>0.000000</in_Quantity.quantity><out_Quantity.quantity>779.259450</out_Quantity.quantity></Point><Point><position>8558</position><in_Quantity.quantity>0.000000</in_Quantity.quantity><out_Quantity.quantity>405.021481</out_Quantity.quantity></Point><Point><position>8559</position><in_Quantity.quantity>0.000000</in_Quantity.quantity><out_Quantity.quantity>980.142027</out_Quantity.quantity></Point><Point><position>8560</position><in_Quantity.quantity>0.000000</in_Quantity.quantity><out_Quantity.quantity>476.080615</out_Quantity.quantity></Point><Point><position>8561</position><in_Quantity.quantity>0.000000</in_Quantity.quantity><out_Quantity.quantity>221.169860</out_Quantity.quantity></Point><Point><position>8562</position><in_Quantity.quantity>0.000000</in_Quantity.quantity><out_Quantity.quantity>511.414295</out_Quantity.quantity></Point><Point><position>8563</position><in_Quantity.quantity>0.000000</in_Quantity.quantity><out_Quantity.quantity>114.030482</out_Quantity.quantity></Point><Point><position>8564</position><in_Quantity.quantity>0.000000</in_Quantity.quantity><out_Quantity.quantity>931.156389</out_Quantity.quantity></Point><Point><position>8565</position><in_Quantity.quantity>0.000000</in_Quantity.quantity><out_Quantity.quantity>4.148117</out_Quantity.quantity></Point><Point><position>8566</position><in_Quantity.quantity>0.000000</in_Quantity.quantity><out_Quantity.quantity>781.771862</out_Quantity.quantity></Point><Point><position>8567</position><in_Quantity.quantity>0.000000</in_Quantity.quantity><out_Quantity.quantity>121.996698</out_Quantity.quantity></Point><Point><position>8568</position><in_Quantity.quantity>0.000000</in_Quantity.quantity><out_Quantity.quantity>687.157790</out_Quantity.quantity></Point><Point><position>8569</position><in_Quantity.quantity>0.000000</in_Quantity.quantity><out_Quantity.quantity>788.147796</out_Quantity.quantity></Point><Point><position>8570</position><in_Quantity.quantity>0.000000</in_Quantity.quantity><out_Quantity.quantity>496.066532</out_Quantity.quantity></Point><Point><position>8571</position><in_Quantity.quantity>0.000000</in_Quantity.quantity><out_Quantity.quantity>954.612961</out_Quantity.quantity></Point><Point><position>8572</position><in_Quantity.quantity>0.000000</in_Quantity.quantity><out_Quantity.quantity>65.628951</out_Quantity.quantity></Point><Point><position>8573</position><in_Quantity.quantity>0.000000</in_Quantity.quantity><out_Quantity.quantity>492.400030</out_Quantity.quantity></Point><Point><position>8574</position><in_Quantity.quantity>0.000000</in_Quantity.quantity><out_Quantity.quantity>264.318059</out_Quantity.quantity></Point><Point><position>8575</position><in_Quantity.quantity>0.000000</in_Quantity.quantity><out_Quantity.quantity>844.167880</out_Quantity.quantity></Point><Point><position>8576</position><in_Quantity.quantity>0.000000</in_Quantity.quantity><out_Quantity.quantity>448.314645</out_Quantity.quantity></Point><Point><position>8577</position><in_Quantity.quantity>0.000000</in_Quantity.quantity><out_Quantity.quantity>815.821381</out_Quantity.quantity></Point><Point><position>8578</position><in_Quantity.quantity>0.000000</in_Quantity.quantity><out_Quantity.quantity>76.217798</out_Quantity.quantity></Point><Point><position>8579</position><in_Quantity.quantity>0.000000</in_Quantity.quantity><out_Quantity.quantity>39.422505</out_Quantity.quantity></Point><Point><position>8580</position><in_Quantity.quantity>0.000000</in_Quantity.quantity><out_Quantity.quantity>778.286205</out_Quantity.quantity></Point><Point><position>8581</position><in_Quantity.quantity>0.000000</in_Quantity.quantity><out_Quantity.quantity>106.387149</out_Quantity.quantity></Point><Point><position>8582</position><in_Quantity.quantity>0.000000</in_Quantity.quantity><out_Quantity.quantity>652.928584</out_Quantity.quantity></Point><Point><position>8583</position><in_Quantity.quantity>0.000000</in_Quantity.quantity><out_Quantity.quantity>133.781766</out_Quantity.quantity></Point><Point><position>8584</position><in_Quantity.quantity>0.000000</in_Quantity.quantity><out_Quantity.quantity>120.462965</out_Quantity.quantity></Point><Point><position>8585</position><in_Quantity.quantity>0.000000</in_Quantity.quantity><out_Quantity.quantity>721.044830</out_Quantity.quantity></Point><Point><position>8586</position><in_Quantity.quantity>0.000000</in_Quantity.quantity><out_Quantity.quantity>271.586977</out_Quantity.quantity></Point><Point><position>8587</position><in_Quantity.quantity>0.000000</in_Quantity.quantity><out_Quantity.quantity>730.150292</out_Quantity.quantity></Point><Point><position>8588</position><in_Quantity.quantity>0.000000</in_Quantity.quantity><out_Quantity.quantity>805.374027</out_Quantity.quantity></Point><Point><position>8589</position><in_Quantity.quantity>0.000000</in_Quantity.quantity><out_Quantity.quantity>632.844578</out_Quantity.quantity></Point><Point><position>8590</position><in_Quantity.quantity>0.000000</in_Quantity.quantity><out_Quantity.quantity>56.443332</out_Quantity.quantity></Point><Point><position>8591</position><in_Quantity.quantity>0.000000</in_Quantity.quantity><out_Quantity.quantity>194.921775</out_Quantity.quantity></Point><Point><position>8592</position><in_Quantity.quantity>0.000000</in_Quantity.quantity><out_Quantity.quantity>705.837524</out_Quantity.quantity></Point><Point><position>8593</position><in_Quantity.quantity>0.000000</in_Quantity.quantity><out_Quantity.quantity>158.925174</out_Quantity.quantity></Point><Point><position>8594</position><in_Quantity.quantity>0.000000</in_Quantity.quantity><out_Quantity.quantity>353.536516</out_Quantity.quantity></Point><Point><position>8595</position><in_Quantity.quantity>0.000000</in_Quantity.quantity><out_Quantity.quantity>299.656142</out_Quantity.quantity></Point><Point><position>8596</position><in_Quantity.quantity>0.000000</in_Quantity.quantity><out_Quantity.quantity>800.373120</out_Quantity.quantity></Point><Point><position>8597</position><in_Quantity.quantity>0.000000</in_Quantity.quantity><out_Quantity.quantity>167.098820</out_Quantity.quantity></Point><Point><position>8598</position><in_Quantity.quantity>0.000000</in_Quantity.quantity><out_Quantity.quantity>477.017167</out_Quantity.quantity></Point><Point><position>8599</position><in_Quantity.quantity>0.000000</in_Quantity.quantity><out_Quantity.quantity>81.822322</out_Quantity.quantity></Point><Point><position>8600</position><in_Quantity.quantity>0.000000</in_Quantity.quantity><out_Quantity.quantity>132.406815</out_Quantity.quantity></Point><Point><position>8601</position><in_Quantity.quantity>0.000000</in_Quantity.quantity><out_Quantity.quantity>339.796230</out_Quantity.quantity></Point><Point><position>8602</position><in_Quantity.quantity>0.000000</in_Quantity.quantity><out_Quantity.quantity>638.243270</out_Quantity.quantity></Point><Point><position>8603</position><in_Quantity.quantity>0.000000</in_Quantity.quantity><out_Quantity.quantity>593.649434</out_Quantity.quantity></Point><Point><position>8604</position><in_Quantity.quantity>0.000000</in_Quantity.quantity><out_Quantity.quantity>864.551370</out_Quantity.quantity></Point><Point><position>8605</position><in_Quantity.quantity>0.000000</in_Quantity.quantity><out_Quantity.quantity>903.510181</out_Quantity.quantity></Point><Point><position>8606</position><in_Quantity.quantity>0.000000</in_Quantity.quantity><out_Quantity.quantity>821.466081</out_Quantity.quantity></Point><Point><position>8607</position><in_Quantity.quantity>0.000000</in_Quantity.quantity><out_Quantity.quantity>449.306825</out_Quantity.quantity></Point><Point><position>8608</position><in_Quantity.quantity>0.000000</in_Quantity.quantity><out_Quantity.quantity>849.280990</out_Quantity.quantity></Point><Point><position>8609</position><in_Quantity.quantity>0.000000</in_Quantity.quantity><out_Quantity.quantity>701.082148</out_Quantity.quantity></Point><Point><position>8610</position><in_Quantity.quantity>0.000000</in_Quantity.quantity><out_Quantity.quantity>374.117782</out_Quantity.quantity></Point><Point><position>8611</position><in_Quantity.quantity>0.000000</in_Quantity.quantity><out_Quantity.quantity>508.904142</out_Quantity.quantity></Point><Point><position>8612</position><in_Quantity.quantity>0.000000</in_Quantity.quantity><out_Quantity.quantity>697.962426</out_Quantity.quantity></Point><Point><position>8613</position><in_Quantity.quantity>0.000000</in_Quantity.quantity><out_Quantity.quantity>672.565108</out_Quantity.quantity></Point><Point><position>8614</position><in_Quantity.quantity>0.000000</in_Quantity.quantity><out_Quantity.quantity>583.689333</out_Quantity.quantity></Point><Point><position>8615</position><in_Quantity.quantity>0.000000</in_Quantity.quantity><out_Quantity.quantity>165.317975</out_Quantity.quantity></Point><Point><position>8616</position><in_Quantity.quantity>0.000000</in_Quantity.quantity><out_Quantity.quantity>777.996230</out_Quantity.quantity></Point><Point><position>8617</position><in_Quantity.quantity>0.000000</in_Quantity.quantity><out_Quantity.quantity>112.304547</out_Quantity.quantity></Point><Point><position>8618</position><in_Quantity.quantity>0.000000</in_Quantity.quantity><out_Quantity.quantity>211.231409</out_Quantity.quantity></Point><Point><position>8619</position><in_Quantity.quantity>0.000000</in_Quantity.quantity><out_Quantity.quantity>647.300894</out_Quantity.quantity></Point><Point><position>8620</position><in_Quantity.quantity>0.000000</in_Quantity.quantity><out_Quantity.quantity>215.010286</out_Quantity.quantity></Point><Point><position>8621</position><in_Quantity.quantity>0.000000</in_Quantity.quantity><out_Quantity.quantity>693.678727</out_Quantity.quantity></Point><Point><position>8622</position><in_Quantity.quantity>0.000000</in_Quantity.quantity><out_Quantity.quantity>217.917129</out_Quantity.quantity></Point><Point><position>8623</position><in_Quantity.quantity>0.000000</in_Quantity.quantity><out_Quantity.quantity>646.242064</out_Quantity.quantity></Point><Point><position>8624</position><in_Quantity.quantity>0.000000</in_Quantity.quantity><out_Quantity.quantity>51.732845</out_Quantity.quantity></Point><Point><position>8625</position><in_Quantity.quantity>0.000000</in_Quantity.quantity><out_Quantity.quantity>867.352126</out_Quantity.quantity></Point><Point><position>8626</position><in_Quantity.quantity>0.000000</in_Quantity.quantity><out_Quantity.quantity>426.247329</out_Quantity.quantity></Point><Point><position>8627</position><in_Quantity.quantity>0.000000</in_Quantity.quantity><out_Quantity.quantity>572.855396</out_Quantity.quantity></Point><Point><position>8628</position><in_Quantity.quantity>0.000000</in_Quantity.quantity><out_Quantity.quantity>8.647639</out_Quantity.quantity></Point><Point><position>8629</position><in_Quantity.quantity>0.000000</in_Quantity.quantity><out_Quantity.quantity>100.189659</out_Quantity.quantity></Point><Point><position>8630</position><in_Quantity.quantity>0.000000</in_Quantity.quantity><out_Quantity.quantity>605.226733</out_Quantity.quantity></Point><Point><position>8631</position><in_Quantity.quantity>0.000000</in_Quantity.quantity><out_Quantity.quantity>220.008797</out_Quantity.quantity></Point><Point><position>8632</position><in_Quantity.quantity>0.000000</in_Quantity.quantity><out_Quantity.quantity>962.322040</out_Quantity.quantity></Point><Point><position>8633</position><in_Quantity.quantity>0.000000</in_Quantity.quantity><out_Quantity.quantity>253.952826</out_Quantity.quantity></Point><Point><position>8634</position><in_Quantity.quantity>0.000000</in_Quantity.quantity><out_Quantity.quantity>524.676313</out_Quantity.quantity></Point><Point><position>8635</position><in_Quantity.quantity>0.000000</in_Quantity.quantity><out_Quantity.quantity>961.984334</out_Quantity.quantity></Point><Point><position>8636</position><in_Quantity.quantity>0.000000</in_Quantity.quantity><out_Quantity.quantity>658.907688</out_Quantity.quantity></Point><Point><position>8637</position><in_Quantity.quantity>0.000000</in_Quantity.quantity><out_Quantity.quantity>568.539018</out_Quantity.quantity></Point><Point><position>8638</position><in_Quantity.quantity>0.000000</in_Quantity.quantity><out_Quantity.quantity>33.548431</out_Quantity.quantity></Point><Point><position>8639</position><in_Quantity.quantity>0.000000</in_Quantity.quantity><out_Quantity.quantity>176.897782</out_Quantity.quantity></Point><Point><position>8640</position><in_Quantity.quantity>0.000000</in_Quantity.quantity><out_Quantity.quantity>705.337689</out_Quantity.quantity></Point><Point><position>8641</position><in_Quantity.quantity>0.000000</in_Quantity.quantity><out_Quantity.quantity>504.749812</out_Quantity.quantity></Point><Point><position>8642</position><in_Quantity.quantity>0.000000</in_Quantity.quantity><out_Quantity.quantity>964.288650</out_Quantity.quantity></Point><Point><position>8643</position><in_Quantity.quantity>0.000000</in_Quantity.quantity><out_Quantity.quantity>195.666015</out_Quantity.quantity></Point><Point><position>8644</position><in_Quantity.quantity>0.000000</in_Quantity.quantity><out_Quantity.quantity>470.423630</out_Quantity.quantity></Point><Point><position>8645</position><in_Quantity.quantity>0.000000</in_Quantity.quantity><out_Quantity.quantity>159.770103</out_Quantity.quantity></Point><Point><position>8646</position><in_Quantity.quantity>0.000000</in_Quantity.quantity><out_Quantity.quantity>422.424210</out_Quantity.quantity></Point><Point><position>8647</position><in_Quantity.quantity>0.000000</in_Quantity.quantity><out_Quantity.quantity>464.165749</out_Quantity.quantity></Point><Point><position>8648</position><in_Quantity.quantity>0.000000</in_Quantity.quantity><out_Quantity.quantity>616.837482</out_Quantity.quantity></Point><Point><position>8649</position><in_Quantity.quantity>0.000000</in_Quantity.quantity><out_Quantity.quantity>498.986870</out_Quantity.quantity></Point><Point><position>8650</position><in_Quantity.quantity>0.000000</in_Quantity.quantity><out_Quantity.quantity>850.422536</out_Quantity.quantity></Point><Point><position>8651</position><in_Quantity.quantity>0.000000</in_Quantity.quantity><out_Quantity.quantity>740.459464</out_Quantity.quantity></Point><Point><position>8652</position><in_Quantity.quantity>0.000000</in_Quantity.quantity><out_Quantity.quantity>936.269835</out_Quantity.quantity></Point><Point><position>8653</position><in_Quantity.quantity>0.000000</in_Quantity.quantity><out_Quantity.quantity>845.737904</out_Quantity.quantity></Point><Point><position>8654</position><in_Quantity.quantity>0.000000</in_Quantity.quantity><out_Quantity.quantity>229.260338</out_Quantity.quantity></Point><Point><position>8655</position><in_Quantity.quantity>0.000000</in_Quantity.quantity><out_Quantity.quantity>550.731764</out_Quantity.quantity></Point><Point><position>8656</position><in_Quantity.quantity>0.000000</in_Quantity.quantity><out_Quantity.quantity>563.646067</out_Quantity.quantity></Point><Point><position>8657</position><in_Quantity.quantity>0.000000</in_Quantity.quantity><out_Quantity.quantity>546.108064</out_Quantity.quantity></Point><Point><position>8658</position><in_Quantity.quantity>0.000000</in_Quantity.quantity><out_Quantity.quantity>125.358370</out_Quantity.quantity></Point><Point><position>8659</position><in_Quantity.quantity>0.000000</in_Quantity.quantity><out_Quantity.quantity>69.913571</out_Quantity.quantity></Point><Point><position>8660</position><in_Quantity.quantity>0.000000</in_Quantity.quantity><out_Quantity.quantity>822.971853</out_Quantity.quantity></Point><Point><position>8661</position><in_Quantity.quantity>0.000000</in_Quantity.quantity><out_Quantity.quantity>886.657356</out_Quantity.quantity></Point><Point><position>8662</position><in_Quantity.quantity>0.000000</in_Quantity.quantity><out_Quantity.quantity>562.034753</out_Quantity.quantity></Point><Point><position>8663</position><in_Quantity.quantity>0.000000</in_Quantity.quantity><out_Quantity.quantity>342.257745</out_Quantity.quantity></Point><Point><position>8664</position><in_Quantity.quantity>0.000000</in_Quantity.quantity><out_Quantity.quantity>349.284843</out_Quantity.quantity></Point><Point><position>8665</position><in_Quantity.quantity>0.000000</in_Quantity.quantity><out_Quantity.quantity>932.376595</out_Quantity.quantity></Point><Point><position>8666</position><in_Quantity.quantity>0.000000</in_Quantity.quantity><out_Quantity.quantity>76.892945</out_Quantity.quantity></Point><Point><position>8667</position><in_Quantity.quantity>0.000000</in_Quantity.quantity><out_Quantity.quantity>85.758826</out_Quantity.quantity></Point><Point><position>8668</position><in_Quantity.quantity>0.000000</in_Quantity.quantity><out_Quantity.quantity>495.606777</out_Quantity.quantity></Point><Point><position>8669</position><in_Quantity.quantity>0.000000</in_Quantity.quantity><out_Quantity.quantity>736.589243</out_Quantity.quantity></Point><Point><position>8670</position><in_Quantity.quantity>0.000000</in_Quantity.quantity><out_Quantity.quantity>823.308468</out_Quantity.quantity></Point><Point><position>8671</position><in_Quantity.quantity>0.000000</in_Quantity.quantity><out_Quantity.quantity>174.381467</out_Quantity.quantity></Point><Point><position>8672</position><in_Quantity.quantity>0.000000</in_Quantity.quantity><out_Quantity.quantity>659.744679</out_Quantity.quantity></Point><Point><position>8673</position><in_Quantity.quantity>0.000000</in_Quantity.quantity><out_Quantity.quantity>495.486497</out_Quantity.quantity></Point><Point><position>8674</position><in_Quantity.quantity>0.000000</in_Quantity.quantity><out_Quantity.quantity>612.222396</out_Quantity.quantity></Point><Point><position>8675</position><in_Quantity.quantity>0.000000</in_Quantity.quantity><out_Quantity.quantity>714.446312</out_Quantity.quantity></Point><Point><position>8676</position><in_Quantity.quantity>0.000000</in_Quantity.quantity><out_Quantity.quantity>313.664674</out_Quantity.quantity></Point><Point><position>8677</position><in_Quantity.quantity>0.000000</in_Quantity.quantity><out_Quantity.quantity>776.572049</out_Quantity.quantity></Point><Point><position>8678</position><in_Quantity.quantity>0.000000</in_Quantity.quantity><out_Quantity.quantity>910.489345</out_Quantity.quantity></Point><Point><position>8679</position><in_Quantity.quantity>0.000000</in_Quantity.quantity><out_Quantity.quantity>951.187256</out_Quantity.quantity></Point><Point><position>8680</position><in_Quantity.quantity>0.000000</in_Quantity.quantity><out_Quantity.quantity>772.012727</out_Quantity.quantity></Point><Point><position>8681</position><in_Quantity.quantity>0.000000</in_Quantity.quantity><out_Quantity.quantity>875.764067</out_Quantity.quantity></Point><Point><position>8682</position><in_Quantity.quantity>0.000000</in_Quantity.quantity><out_Quantity.quantity>351.833543</out_Quantity.quantity></Point><Point><position>8683</position><in_Quantity.quantity>0.000000</in_Quantity.quantity><out_Quantity.quantity>870.729261</out_Quantity.quantity></Point><Point><position>8684</position><in_Quantity.quantity>0.000000</in_Quantity.quantity><out_Quantity.quantity>908.305241</out_Quantity.quantity></Point><Point><position>8685</position><in_Quantity.quantity>0.000000</in_Quantity.quantity><out_Quantity.quantity>76.811319</out_Quantity.quantity></Point><Point><position>8686</position><in_Quantity.quantity>0.000000</in_Quantity.quantity><out_Quantity.quantity>712.193494</out_Quantity.quantity></Point><Point><position>8687</position><in_Quantity.quantity>0.000000</in_Quantity.quantity><out_Quantity.quantity>827.145855</out_Quantity.quantity></Point><Point><position>8688</position><in_Quantity.quantity>0.000000</in_Quantity.quantity><out_Quantity.quantity>455.653972</out_Quantity.quantity></Point><Point><position>8689</position><in_Quantity.quantity>0.000000</in_Quantity.quantity><out_Quantity.quantity>64.664075</out_Quantity.quantity></Point><Point><position>8690</position><in_Quantity.quantity>0.000000</in_Quantity.quantity><out_Quantity.quantity>263.165815</out_Quantity.quantity></Point><Point><position>8691</position><in_Quantity.quantity>0.000000</in_Quantity.quantity><out_Quantity.quantity>865.509869</out_Quantity.quantity></Point><Point><position>8692</position><in_Quantity.quantity>0.000000</in_Quantity.quantity><out_Quantity.quantity>368.897781</out_Quantity.quantity></Point><Point><position>8693</position><in_Quantity.quantity>0.000000</in_Quantity.quantity><out_Quantity.quantity>956.330249</out_Quantity.quantity></Point><Point><position>8694</position><in_Quantity.quantity>0.000000</in_Quantity.quantity><out_Quantity.quantity>942.511627</out_Quantity.quantity></Point><Point><position>8695</position><in_Quantity.quantity>0.000000</in_Quantity.quantity><out_Quantity.quantity>195.403698</out_Quantity.quantity></Point><Point><position>8696</position><in_Quantity.quantity>0.000000</in_Quantity.quantity><out_Quantity.quantity>1.996903</out_Quantity.quantity></Point><Point><position>8697</position><in_Quantity.quantity>0.000000</in_Quantity.quantity><out_Quantity.quantity>371.469005</out_Quantity.quantity></Point><Point><position>8698</position><in_Quantity.quantity>0.000000</in_Quantity.quantity><out_Quantity.quantity>193.436746</out_Quantity.quantity></Point><Point><position>8699</position><in_Quantity.quantity>0.000000</in_Quantity.quantity><out_Quantity.quantity>995.610732</out_Quantity.quantity></Point><Point><position>8700</position><in_Quantity.quantity>0.000000</in_Quantity.quantity><out_Quantity.quantity>522.114245</out_Quantity.quantity></Point><Point><position>8701</position><in_Quantity.quantity>0.000000</in_Quantity.quantity><out_Quantity.quantity>918.073724</out_Quantity.quantity></Point><Point><position>8702</position><in_Quantity.quantity>0.000000</in_Quantity.quantity><out_Quantity.quantity>612.129349</out_Quantity.quantity></Point><Point><position>8703</position><in_Quantity.quantity>0.000000</in_Quantity.quantity><out_Quantity.quantity>30.845695</out_Quantity.quantity></Point><Point><position>8704</position><in_Quantity.quantity>0.000000</in_Quantity.quantity><out_Quantity.quantity>558.670820</out_Quantity.quantity></Point><Point><position>8705</position><in_Quantity.quantity>0.000000</in_Quantity.quantity><out_Quantity.quantity>829.598261</out_Quantity.quantity></Point><Point><position>8706</position><in_Quantity.quantity>0.000000</in_Quantity.quantity><out_Quantity.quantity>916.375159</out_Quantity.quantity></Point><Point><position>8707</position><in_Quantity.quantity>0.000000</in_Quantity.quantity><out_Quantity.quantity>833.165457</out_Quantity.quantity></Point><Point><position>8708</position><in_Quantity.quantity>0.000000</in_Quantity.quantity><out_Quantity.quantity>369.144554</out_Quantity.quantity></Point><Point><position>8709</position><in_Quantity.quantity>0.000000</in_Quantity.quantity><out_Quantity.quantity>446.052387</out_Quantity.quantity></Point><Point><position>8710</position><in_Quantity.quantity>0.000000</in_Quantity.quantity><out_Quantity.quantity>212.533291</out_Quantity.quantity></Point><Point><position>8711</position><in_Quantity.quantity>0.000000</in_Quantity.quantity><out_Quantity.quantity>582.453620</out_Quantity.quantity></Point><Point><position>8712</position><in_Quantity.quantity>0.000000</in_Quantity.quantity><out_Quantity.quantity>250.631706</out_Quantity.quantity></Point><Point><position>8713</position><in_Quantity.quantity>0.000000</in_Quantity.quantity><out_Quantity.quantity>364.098522</out_Quantity.quantity></Point><Point><position>8714</position><in_Quantity.quantity>0.000000</in_Quantity.quantity><out_Quantity.quantity>649.375223</out_Quantity.quantity></Point><Point><position>8715</position><in_Quantity.quantity>0.000000</in_Quantity.quantity><out_Quantity.quantity>836.473605</out_Quantity.quantity></Point><Point><position>8716</position><in_Quantity.quantity>0.000000</in_Quantity.quantity><out_Quantity.quantity>426.934049</out_Quantity.quantity></Point><Point><position>8717</position><in_Quantity.quantity>0.000000</in_Quantity.quantity><out_Quantity.quantity>507.267987</out_Quantity.quantity></Point><Point><position>8718</position><in_Quantity.quantity>0.000000</in_Quantity.quantity><out_Quantity.quantity>774.994645</out_Quantity.quantity></Point><Point><position>8719</position><in_Quantity.quantity>0.000000</in_Quantity.quantity><out_Quantity.quantity>804.074382</out_Quantity.quantity></Point><Point><position>8720</position><in_Quantity.quantity>0.000000</in_Quantity.quantity><out_Quantity.quantity>605.952330</out_Quantity.quantity></Point><Point><position>8721</position><in_Quantity.quantity>0.000000</in_Quantity.quantity><out_Quantity.quantity>361.364998</out_Quantity.quantity></Point><Point><position>8722</position><in_Quantity.quantity>0.000000</in_Quantity.quantity><out_Quantity.quantity>818.428899</out_Quantity.quantity></Point><Point><position>8723</position><in_Quantity.quantity>0.000000</in_Quantity.quantity><out_Quantity.quantity>968.755507</out_Quantity.quantity></Point><Point><position>8724</position><in_Quantity.quantity>0.000000</in_Quantity.quantity><out_Quantity.quantity>462.546749</out_Quantity.quantity></Point><Point><position>8725</position><in_Quantity.quantity>0.000000</in_Quantity.quantity><out_Quantity.quantity>9.165710</out_Quantity.quantity></Point><Point><position>8726</position><in_Quantity.quantity>0.000000</in_Quantity.quantity><out_Quantity.quantity>526.778998</out_Quantity.quantity></Point><Point><position>8727</position><in_Quantity.quantity>0.000000</in_Quantity.quantity><out_Quantity.quantity>543.386631</out_Quantity.quantity></Point><Point><position>8728</position><in_Quantity.quantity>0.000000</in_Quantity.quantity><out_Quantity.quantity>624.211021</out_Quantity.quantity></Point><Point><position>8729</position><in_Quantity.quantity>0.000000</in_Quantity.quantity><out_Quantity.quantity>340.218562</out_Quantity.quantity></Point><Point><position>8730</position><in_Quantity.quantity>0.000000</in_Quantity.quantity><out_Quantity.quantity>502.391281</out_Quantity.quantity></Point><Point><position>8731</position><in_Quantity.quantity>0.000000</in_Quantity.quantity><out_Quantity.quantity>948.254076</out_Quantity.quantity></Point><Point><position>8732</position><in_Quantity.quantity>0.000000</in_Quantity.quantity><out_Quantity.quantity>228.978837</out_Quantity.quantity></Point><Point><position>8733</position><in_Quantity.quantity>0.000000</in_Quantity.quantity><out_Quantity.quantity>168.303775</out_Quantity.quantity></Point><Point><position>8734</position><in_Quantity.quantity>0.000000</in_Quantity.quantity><out_Quantity.quantity>188.320117</out_Quantity.quantity></Point><Point><position>8735</position><in_Quantity.quantity>0.000000</in_Quantity.quantity><out_Quantity.quantity>703.802221</out_Quantity.quantity></Point><Point><position>8736</position><in_Quantity.quantity>0.000000</in_Quantity.quantity><out_Quantity.quantity>68.748415</out_Quantity.quantity></Point><Point><position>8737</position><in_Quantity.quantity>0.000000</in_Quantity.quantity><out_Quantity.quantity>789.765729</out_Quantity.quantity></Point><Point><position>8738</position><in_Quantity.quantity>0.000000</in_Quantity.quantity><out_Quantity.quantity>416.009332</out_Quantity.quantity></Point><Point><position>8739</position><in_Quantity.quantity>0.000000</in_Quantity.quantity><out_Quantity.quantity>175.692753</out_Quantity.quantity></Point><Point><position>8740</position><in_Quantity.quantity>0.000000</in_Quantity.quantity><out_Quantity.quantity>987.397502</out_Quantity.quantity></Point><Point><position>8741</position><in_Quantity.quantity>0.000000</in_Quantity.quantity><out_Quantity.quantity>534.211305</out_Quantity.quantity></Point><Point><position>8742</position><in_Quantity.quantity>0.000000</in_Quantity.quantity><out_Quantity.quantity>578.850021</out_Quantity.quantity></Point><Point><position>8743</position><in_Quantity.quantity>0.000000</in_Quantity.quantity><out_Quantity.quantity>320.222438</out_Quantity.quantity></Point><Point><position>8744</position><in_Quantity.quantity>0.000000</in_Quantity.quantity><out_Quantity.quantity>294.312422</out_Quantity.quantity></Point><Point><position>8745</position><in_Quantity.quantity>0.000000</in_Quantity.quantity><out_Quantity.quantity>701.209175</out_Quantity.quantity></Point><Point><position>8746</position><in_Quantity.quantity>0.000000</in_Quantity.quantity><out_Quantity.quantity>856.077792</out_Quantity.quantity></Point><Point><position>8747</position><in_Quantity.quantity>0.000000</in_Quantity.quantity><out_Quantity.quantity>587.736345</out_Quantity.quantity></Point><Point><position>8748</position><in_Quantity.quantity>0.000000</in_Quantity.quantity><out_Quantity.quantity>361.446676</out_Quantity.quantity></Point><Point><position>8749</position><in_Quantity.quantity>0.000000</in_Quantity.quantity><out_Quantity.quantity>872.639811</out_Quantity.quantity></Point><Point><position>8750</position><in_Quantity.quantity>0.000000</in_Quantity.quantity><out_Quantity.quantity>196.826149</out_Quantity.quantity></Point><Point><position>8751</position><in_Quantity.quantity>0.000000</in_Quantity.quantity><out_Quantity.quantity>580.009852</out_Quantity.quantity></Point><Point><position>8752</position><in_Quantity.quantity>0.000000</in_Quantity.quantity><out_Quantity.quantity>938.998911</out_Quantity.quantity></Point><Point><position>8753</position><in_Quantity.quantity>0.000000</in_Quantity.quantity><out_Quantity.quantity>198.412346</out_Quantity.quantity></Point><Point><position>8754</position><in_Quantity.quantity>0.000000</in_Quantity.quantity><out_Quantity.quantity>961.565791</out_Quantity.quantity></Point><Point><position>8755</position><in_Quantity.quantity>0.000000</in_Quantity.quantity><out_Quantity.quantity>637.684276</out_Quantity.quantity></Point><Point><position>8756</position><in_Quantity.quantity>0.000000</in_Quantity.quantity><out_Quantity.quantity>658.846863</out_Quantity.quantity></Point><Point><position>8757</position><in_Quantity.quantity>0.000000</in_Quantity.quantity><out_Quantity.quantity>700.242780</out_Quantity.quantity></Point><Point><position>8758</position><in_Quantity.quantity>0.000000</in_Quantity.quantity><out_Quantity.quantity>622.336094</out_Quantity.quantity></Point><Point><position>8759</position><in_Quantity.quantity>0.000000</in_Quantity.quantity><out_Quantity.quantity>625.631327</out_Quantity.quantity></Point><Point><position>8760</position><in_Quantity.quantity>0.000000</in_Quantity.quantity><out_Quantity.quantity>721.860294</out_Quantity.quantity></Point><Point><position>8761</position><in_Quantity.quantity>0.000000</in_Quantity.quantity><out_Quantity.quantity>582.640792</out_Quantity.quantity></Point><Point><position>8762</position><in_Quantity.quantity>0.000000</in_Quantity.quantity><out_Quantity.quantity>227.661217</out_Quantity.quantity></Point><Point><position>8763</position><in_Quantity.quantity>0.000000</in_Quantity.quantity><out_Quantity.quantity>71.006532</out_Quantity.quantity></Point><Point><position>8764</position><in_Quantity.quantity>0.000000</in_Quantity.quantity><out_Quantity.quantity>530.168782</out_Quantity.quantity></Point><Point><position>8765</position><in_Quantity.quantity>0.000000</in_Quantity.quantity><out_Quantity.quantity>296.485215</out_Quantity.quantity></Point><Point><position>8766</position><in_Quantity.quantity>0.000000</in_Quantity.quantity><out_Quantity.quantity>137.178891</out_Quantity.quantity></Point><Point><position>8767</position><in_Quantity.quantity>0.000000</in_Quantity.quantity><out_Quantity.quantity>826.149191</out_Quantity.quantity></Point><Point><position>8768</position><in_Quantity.quantity>0.000000</in_Quantity.quantity><out_Quantity.quantity>31.954012</out_Quantity.quantity></Point><Point><position>8769</position><in_Quantity.quantity>0.000000</in_Quantity.quantity><out_Quantity.quantity>866.442966</out_Quantity.quantity></Point><Point><position>8770</position><in_Quantity.quantity>0.000000</in_Quantity.quantity><out_Quantity.quantity>992.650892</out_Quantity.quantity></Point><Point><position>8771</position><in_Quantity.quantity>0.000000</in_Quantity.quantity><out_Quantity.quantity>861.110016</out_Quantity.quantity></Point><Point><position>8772</position><in_Quantity.quantity>0.000000</in_Quantity.quantity><out_Quantity.quantity>894.405593</out_Quantity.quantity></Point><Point><position>8773</position><in_Quantity.quantity>0.000000</in_Quantity.quantity><out_Quantity.quantity>871.713310</out_Quantity.quantity></Point><Point><position>8774</position><in_Quantity.quantity>0.000000</in_Quantity.quantity><out_Quantity.quantity>297.927124</out_Quantity.quantity></Point><Point><position>8775</position><in_Quantity.quantity>0.000000</in_Quantity.quantity><out_Quantity.quantity>663.080978</out_Quantity.quantity></Point><Point><position>8776</position><in_Quantity.quantity>0.000000</in_Quantity.quantity><out_Quantity.quantity>382.351253</out_Quantity.quantity></Point><Point><position>8777</position><in_Quantity.quantity>0.000000</in_Quantity.quantity><out_Quantity.quantity>878.141050</out_Quantity.quantity></Point><Point><position>8778</position><in_Quantity.quantity>0.000000</in_Quantity.quantity><out_Quantity.quantity>982.916994</out_Quantity.quantity></Point><Point><position>8779</position><in_Quantity.quantity>0.000000</in_Quantity.quantity><out_Quantity.quantity>157.601801</out_Quantity.quantity></Point><Point><position>8780</position><in_Quantity.quantity>0.000000</in_Quantity.quantity><out_Quantity.quantity>927.300150</out_Quantity.quantity></Point><Point><position>8781</position><in_Quantity.quantity>0.000000</in_Quantity.quantity><out_Quantity.quantity>908.136578</out_Quantity.quantity></Point><Point><position>8782</position><in_Quantity.quantity>0.000000</in_Quantity.quantity><out_Quantity.quantity>705.889810</out_Quantity.quantity></Point><Point><position>8783</position><in_Quantity.quantity>0.000000</in_Quantity.quantity><out_Quantity.quantity>845.111150</out_Quantity.quantity></Point><Point><position>8784</position><in_Quantity.quantity>0.000000</in_Quantity.quantity><out_Quantity.quantity>546.672975</out_Quantity.quantity></Point><Point><position>8785</position><in_Quantity.quantity>0.000000</in_Quantity.quantity><out_Quantity.quantity>303.914203</out_Quantity.quantity></Point><Point><position>8786</position><in_Quantity.quantity>0.000000</in_Quantity.quantity><out_Quantity.quantity>401.964851</out_Quantity.quantity></Point><Point><position>8787</position><in_Quantity.quantity>0.000000</in_Quantity.quantity><out_Quantity.quantity>508.373656</out_Quantity.quantity></Point><Point><position>8788</position><in_Quantity.quantity>0.000000</in_Quantity.quantity><out_Quantity.quantity>337.792714</out_Quantity.quantity></Point><Point><position>8789</position><in_Quantity.quantity>0.000000</in_Quantity.quantity><out_Quantity.quantity>333.887327</out_Quantity.quantity></Point><Point><position>8790</position><in_Quantity.quantity>0.000000</in_Quantity.quantity><out_Quantity.quantity>847.221780</out_Quantity.quantity></Point><Point><position>8791</position><in_Quantity.quantity>0.000000</in_Quantity.quantity><out_Quantity.quantity>819.634529</out_Quantity.quantity></Point><Point><position>8792</position><in_Quantity.quantity>0.000000</in_Quantity.quantity><out_Quantity.quantity>290.180070</out_Quantity.quantity></Point><Point><position>8793</position><in_Quantity.quantity>0.000000</in_Quantity.quantity><out_Quantity.quantity>728.409400</out_Quantity.quantity></Point><Point><position>8794</position><in_Quantity.quantity>0.000000</in_Quantity.quantity><out_Quantity.quantity>602.351082</out_Quantity.quantity></Point><Point><position>8795</position><in_Quantity.quantity>0.000000</in_Quantity.quantity><out_Quantity.quantity>414.954771</out_Quantity.quantity></Point><Point><position>8796</position><in_Quantity.quantity>0.000000</in_Quantity.quantity><out_Quantity.quantity>623.683216</out_Quantity.quantity></Point><Point><position>8797</position><in_Quantity.quantity>0.000000</in_Quantity.quantity><out_Quantity.quantity>985.587822</out_Quantity.quantity></Point><Point><position>8798</position><in_Quantity.quantity>0.000000</in_Quantity.quantity><out_Quantity.quantity>326.264950</out_Quantity.quantity></Point><Point><position>8799</position><in_Quantity.quantity>0.000000</in_Quantity.quantity><out_Quantity.quantity>207.598929</out_Quantity.quantity></Point><Point><position>8800</position><in_Quantity.quantity>0.000000</in_Quantity.quantity><out_Quantity.quantity>158.572522</out_Quantity.quantity></Point><Point><position>8801</position><in_Quantity.quantity>0.000000</in_Quantity.quantity><out_Quantity.quantity>17.570918</out_Quantity.quantity></Point><Point><position>8802</position><in_Quantity.quantity>0.000000</in_Quantity.quantity><out_Quantity.quantity>871.993410</out_Quantity.quantity></Point><Point><position>8803</position><in_Quantity.quantity>0.000000</in_Quantity.quantity><out_Quantity.quantity>843.496201</out_Quantity.quantity></Point><Point><position>8804</position><in_Quantity.quantity>0.000000</in_Quantity.quantity><out_Quantity.quantity>255.672665</out_Quantity.quantity></Point><Point><position>8805</position><in_Quantity.quantity>0.000000</in_Quantity.quantity><out_Quantity.quantity>654.232788</out_Quantity.quantity></Point><Point><position>8806</position><in_Quantity.quantity>0.000000</in_Quantity.quantity><out_Quantity.quantity>798.972595</out_Quantity.quantity></Point><Point><position>8807</position><in_Quantity.quantity>0.000000</in_Quantity.quantity><out_Quantity.quantity>954.716871</out_Quantity.quantity></Point><Point><position>8808</position><in_Quantity.quantity>0.000000</in_Quantity.quantity><out_Quantity.quantity>694.418980</out_Quantity.quantity></Point><Point><position>8809</position><in_Quantity.quantity>0.000000</in_Quantity.quantity><out_Quantity.quantity>528.905387</out_Quantity.quantity></Point><Point><position>8810</position><in_Quantity.quantity>0.000000</in_Quantity.quantity><out_Quantity.quantity>314.440762</out_Quantity.quantity></Point><Point><position>8811</position><in_Quantity.quantity>0.000000</in_Quantity.quantity><out_Quantity.quantity>597.681225</out_Quantity.quantity></Point><Point><position>8812</position><in_Quantity.quantity>0.000000</in_Quantity.quantity><out_Quantity.quantity>379.394460</out_Quantity.quantity></Point><Point><position>8813</position><in_Quantity.quantity>0.000000</in_Quantity.quantity><out_Quantity.quantity>818.661596</out_Quantity.quantity></Point><Point><position>8814</position><in_Quantity.quantity>0.000000</in_Quantity.quantity><out_Quantity.quantity>742.489237</out_Quantity.quantity></Point><Point><position>8815</position><in_Quantity.quantity>0.000000</in_Quantity.quantity><out_Quantity.quantity>934.855703</out_Quantity.quantity></Point><Point><position>8816</position><in_Quantity.quantity>0.000000</in_Quantity.quantity><out_Quantity.quantity>429.358512</out_Quantity.quantity></Point><Point><position>8817</position><in_Quantity.quantity>0.000000</in_Quantity.quantity><out_Quantity.quantity>449.683863</out_Quantity.quantity></Point><Point><position>8818</position><in_Quantity.quantity>0.000000</in_Quantity.quantity><out_Quantity.quantity>160.242454</out_Quantity.quantity></Point><Point><position>8819</position><in_Quantity.quantity>0.000000</in_Quantity.quantity><out_Quantity.quantity>809.406768</out_Quantity.quantity></Point><Point><position>8820</position><in_Quantity.quantity>0.000000</in_Quantity.quantity><out_Quantity.quantity>420.733022</out_Quantity.quantity></Point><Point><position>8821</position><in_Quantity.quantity>0.000000</in_Quantity.quantity><out_Quantity.quantity>81.083674</out_Quantity.quantity></Point><Point><position>8822</position><in_Quantity.quantity>0.000000</in_Quantity.quantity><out_Quantity.quantity>682.137831</out_Quantity.quantity></Point><Point><position>8823</position><in_Quantity.quantity>0.000000</in_Quantity.quantity><out_Quantity.quantity>60.039603</out_Quantity.quantity></Point><Point><position>8824</position><in_Quantity.quantity>0.000000</in_Quantity.quantity><out_Quantity.quantity>672.618323</out_Quantity.quantity></Point><Point><position>8825</position><in_Quantity.quantity>0.000000</in_Quantity.quantity><out_Quantity.quantity>458.313480</out_Quantity.quantity></Point><Point><position>8826</position><in_Quantity.quantity>0.000000</in_Quantity.quantity><out_Quantity.quantity>478.379257</out_Quantity.quantity></Point><Point><position>8827</position><in_Quantity.quantity>0.000000</in_Quantity.quantity><out_Quantity.quantity>795.521477</out_Quantity.quantity></Point><Point><position>8828</position><in_Quantity.quantity>0.000000</in_Quantity.quantity><out_Quantity.quantity>246.716588</out_Quantity.quantity></Point><Point><position>8829</position><in_Quantity.quantity>0.000000</in_Quantity.quantity><out_Quantity.quantity>413.523200</out_Quantity.quantity></Point><Point><position>8830</position><in_Quantity.quantity>0.000000</in_Quantity.quantity><out_Quantity.quantity>653.308561</out_Quantity.quantity></Point><Point><position>8831</position><in_Quantity.quantity>0.000000</in_Quantity.quantity><out_Quantity.quantity>279.501550</out_Quantity.quantity></Point><Point><position>8832</position><in_Quantity.quantity>0.000000</in_Quantity.quantity><out_Quantity.quantity>482.047829</out_Quantity.quantity></Point><Point><position>8833</position><in_Quantity.quantity>0.000000</in_Quantity.quantity><out_Quantity.quantity>692.163220</out_Quantity.quantity></Point><Point><position>8834</position><in_Quantity.quantity>0.000000</in_Quantity.quantity><out_Quantity.quantity>570.689950</out_Quantity.quantity></Point><Point><position>8835</position><in_Quantity.quantity>0.000000</in_Quantity.quantity><out_Quantity.quantity>49.037201</out_Quantity.quantity></Point><Point><position>8836</position><in_Quantity.quantity>0.000000</in_Quantity.quantity><out_Quantity.quantity>358.132838</out_Quantity.quantity></Point><Point><position>8837</position><in_Quantity.quantity>0.000000</in_Quantity.quantity><out_Quantity.quantity>73.123062</out_Quantity.quantity></Point><Point><position>8838</position><in_Quantity.quantity>0.000000</in_Quantity.quantity><out_Quantity.quantity>885.865207</out_Quantity.quantity></Point><Point><position>8839</position><in_Quantity.quantity>0.000000</in_Quantity.quantity><out_Quantity.quantity>544.354488</out_Quantity.quantity></Point><Point><position>8840</position><in_Quantity.quantity>0.000000</in_Quantity.quantity><out_Quantity.quantity>58.381292</out_Quantity.quantity></Point><Point><position>8841</position><in_Quantity.quantity>0.000000</in_Quantity.quantity><out_Quantity.quantity>599.101900</out_Quantity.quantity></Point><Point><position>8842</position><in_Quantity.quantity>0.000000</in_Quantity.quantity><out_Quantity.quantity>639.073075</out_Quantity.quantity></Point><Point><position>8843</position><in_Quantity.quantity>0.000000</in_Quantity.quantity><out_Quantity.quantity>932.969906</out_Quantity.quantity></Point><Point><position>8844</position><in_Quantity.quantity>0.000000</in_Quantity.quantity><out_Quantity.quantity>720.986785</out_Quantity.quantity></Point><Point><position>8845</position><in_Quantity.quantity>0.000000</in_Quantity.quantity><out_Quantity.quantity>313.382895</out_Quantity.quantity></Point><Point><position>8846</position><in_Quantity.quantity>0.000000</in_Quantity.quantity><out_Quantity.quantity>309.056822</out_Quantity.quantity></Point><Point><position>8847</position><in_Quantity.quantity>0.000000</in_Quantity.quantity><out_Quantity.quantity>577.552543</out_Quantity.quantity></Point><Point><position>8848</position><in_Quantity.quantity>0.000000</in_Quantity.quantity><out_Quantity.quantity>817.553791</out_Quantity.quantity></Point><Point><position>8849</position><in_Quantity.quantity>0.000000</in_Quantity.quantity><out_Quantity.quantity>597.332712</out_Quantity.quantity></Point><Point><position>8850</position><in_Quantity.quantity>0.000000</in_Quantity.quantity><out_Quantity.quantity>709.800866</out_Quantity.quantity></Point><Point><position>8851</position><in_Quantity.quantity>0.000000</in_Quantity.quantity><out_Quantity.quantity>774.798867</out_Quantity.quantity></Point><Point><position>8852</position><in_Quantity.quantity>0.000000</in_Quantity.quantity><out_Quantity.quantity>471.391907</out_Quantity.quantity></Point><Point><position>8853</position><in_Quantity.quantity>0.000000</in_Quantity.quantity><out_Quantity.quantity>874.973464</out_Quantity.quantity></Point><Point><position>8854</position><in_Quantity.quantity>0.000000</in_Quantity.quantity><out_Quantity.quantity>177.725296</out_Quantity.quantity></Point><Point><position>8855</position><in_Quantity.quantity>0.000000</in_Quantity.quantity><out_Quantity.quantity>548.783543</out_Quantity.quantity></Point><Point><position>8856</position><in_Quantity.quantity>0.000000</in_Quantity.quantity><out_Quantity.quantity>298.771515</out_Quantity.quantity></Point><Point><position>8857</position><in_Quantity.quantity>0.000000</in_Quantity.quantity><out_Quantity.quantity>520.815812</out_Quantity.quantity></Point><Point><position>8858</position><in_Quantity.quantity>0.000000</in_Quantity.quantity><out_Quantity.quantity>562.273628</out_Quantity.quantity></Point><Point><position>8859</position><in_Quantity.quantity>0.000000</in_Quantity.quantity><out_Quantity.quantity>397.442343</out_Quantity.quantity></Point><Point><position>8860</position><in_Quantity.quantity>0.000000</in_Quantity.quantity><out_Quantity.quantity>399.440470</out_Quantity.quantity></Point><Point><position>8861</position><in_Quantity.quantity>0.000000</in_Quantity.quantity><out_Quantity.quantity>108.667012</out_Quantity.quantity></Point><Point><position>8862</position><in_Quantity.quantity>0.000000</in_Quantity.quantity><out_Quantity.quantity>487.068406</out_Quantity.quantity></Point><Point><position>8863</position><in_Quantity.quantity>0.000000</in_Quantity.quantity><out_Quantity.quantity>265.744503</out_Quantity.quantity></Point><Point><position>8864</position><in_Quantity.quantity>0.000000</in_Quantity.quantity><out_Quantity.quantity>591.689318</out_Quantity.quantity></Point><Point><position>8865</position><in_Quantity.quantity>0.000000</in_Quantity.quantity><out_Quantity.quantity>42.151710</out_Quantity.quantity></Point><Point><position>8866</position><in_Quantity.quantity>0.000000</in_Quantity.quantity><out_Quantity.quantity>539.598000</out_Quantity.quantity></Point><Point><position>8867</position><in_Quantity.quantity>0.000000</in_Quantity.quantity><out_Quantity.quantity>831.676116</out_Quantity.quantity></Point><Point><position>8868</position><in_Quantity.quantity>0.000000</in_Quantity.quantity><out_Quantity.quantity>242.052500</out_Quantity.quantity></Point><Point><position>8869</position><in_Quantity.quantity>0.000000</in_Quantity.quantity><out_Quantity.quantity>27.260162</out_Quantity.quantity></Point><Point><position>8870</position><in_Quantity.quantity>0.000000</in_Quantity.quantity><out_Quantity.quantity>37.593915</out_Quantity.quantity></Point><Point><position>8871</position><in_Quantity.quantity>0.000000</in_Quantity.quantity><out_Quantity.quantity>162.443428</out_Quantity.quantity></Point><Point><position>8872</position><in_Quantity.quantity>0.000000</in_Quantity.quantity><out_Quantity.quantity>755.580439</out_Quantity.quantity></Point><Point><position>8873</position><in_Quantity.quantity>0.000000</in_Quantity.quantity><out_Quantity.quantity>206.411074</out_Quantity.quantity></Point><Point><position>8874</position><in_Quantity.quantity>0.000000</in_Quantity.quantity><out_Quantity.quantity>825.980088</out_Quantity.quantity></Point><Point><position>8875</position><in_Quantity.quantity>0.000000</in_Quantity.quantity><out_Quantity.quantity>859.522546</out_Quantity.quantity></Point><Point><position>8876</position><in_Quantity.quantity>0.000000</in_Quantity.quantity><out_Quantity.quantity>672.970997</out_Quantity.quantity></Point><Point><position>8877</position><in_Quantity.quantity>0.000000</in_Quantity.quantity><out_Quantity.quantity>831.113606</out_Quantity.quantity></Point><Point><position>8878</position><in_Quantity.quantity>0.000000</in_Quantity.quantity><out_Quantity.quantity>613.713478</out_Quantity.quantity></Point><Point><position>8879</position><in_Quantity.quantity>0.000000</in_Quantity.quantity><out_Quantity.quantity>347.694199</out_Quantity.quantity></Point><Point><position>8880</position><in_Quantity.quantity>0.000000</in_Quantity.quantity><out_Quantity.quantity>16.495652</out_Quantity.quantity></Point><Point><position>8881</position><in_Quantity.quantity>0.000000</in_Quantity.quantity><out_Quantity.quantity>33.838092</out_Quantity.quantity></Point><Point><position>8882</position><in_Quantity.quantity>0.000000</in_Quantity.quantity><out_Quantity.quantity>301.022831</out_Quantity.quantity></Point><Point><position>8883</position><in_Quantity.quantity>0.000000</in_Quantity.quantity><out_Quantity.quantity>522.868173</out_Quantity.quantity></Point><Point><position>8884</position><in_Quantity.quantity>0.000000</in_Quantity.quantity><out_Quantity.quantity>835.113042</out_Quantity.quantity></Point><Point><position>8885</position><in_Quantity.quantity>0.000000</in_Quantity.quantity><out_Quantity.quantity>918.100356</out_Quantity.quantity></Point><Point><position>8886</position><in_Quantity.quantity>0.000000</in_Quantity.quantity><out_Quantity.quantity>531.188200</out_Quantity.quantity></Point><Point><position>8887</position><in_Quantity.quantity>0.000000</in_Quantity.quantity><out_Quantity.quantity>0.078875</out_Quantity.quantity></Point><Point><position>8888</position><in_Quantity.quantity>0.000000</in_Quantity.quantity><out_Quantity.quantity>414.504706</out_Quantity.quantity></Point><Point><position>8889</position><in_Quantity.quantity>0.000000</in_Quantity.quantity><out_Quantity.quantity>25.864330</out_Quantity.quantity></Point><Point><position>8890</position><in_Quantity.quantity>0.000000</in_Quantity.quantity><out_Quantity.quantity>622.221561</out_Quantity.quantity></Point><Point><position>8891</position><in_Quantity.quantity>0.000000</in_Quantity.quantity><out_Quantity.quantity>487.505787</out_Quantity.quantity></Point><Point><position>8892</position><in_Quantity.quantity>0.000000</in_Quantity.quantity><out_Quantity.quantity>893.928137</out_Quantity.quantity></Point><Point><position>8893</position><in_Quantity.quantity>0.000000</in_Quantity.quantity><out_Quantity.quantity>22.755014</out_Quantity.quantity></Point><Point><position>8894</position><in_Quantity.quantity>0.000000</in_Quantity.quantity><out_Quantity.quantity>825.749927</out_Quantity.quantity></Point><Point><position>8895</position><in_Quantity.quantity>0.000000</in_Quantity.quantity><out_Quantity.quantity>771.811162</out_Quantity.quantity></Point><Point><position>8896</position><in_Quantity.quantity>0.000000</in_Quantity.quantity><out_Quantity.quantity>463.786067</out_Quantity.quantity></Point><Point><position>8897</position><in_Quantity.quantity>0.000000</in_Quantity.quantity><out_Quantity.quantity>202.696581</out_Quantity.quantity></Point><Point><position>8898</position><in_Quantity.quantity>0.000000</in_Quantity.quantity><out_Quantity.quantity>455.409575</out_Quantity.quantity></Point><Point><position>8899</position><in_Quantity.quantity>0.000000</in_Quantity.quantity><out_Quantity.quantity>660.298638</out_Quantity.quantity></Point><Point><position>8900</position><in_Quantity.quantity>0.000000</in_Quantity.quantity><out_Quantity.quantity>752.983450</out_Quantity.quantity></Point><Point><position>8901</position><in_Quantity.quantity>0.000000</in_Quantity.quantity><out_Quantity.quantity>414.037361</out_Quantity.quantity></Point><Point><position>8902</position><in_Quantity.quantity>0.000000</in_Quantity.quantity><out_Quantity.quantity>472.953096</out_Quantity.quantity></Point><Point><position>8903</position><in_Quantity.quantity>0.000000</in_Quantity.quantity><out_Quantity.quantity>391.244631</out_Quantity.quantity></Point><Point><position>8904</position><in_Quantity.quantity>0.000000</in_Quantity.quantity><out_Quantity.quantity>195.862791</out_Quantity.quantity></Point><Point><position>8905</position><in_Quantity.quantity>0.000000</in_Quantity.quantity><out_Quantity.quantity>713.704924</out_Quantity.quantity></Point><Point><position>8906</position><in_Quantity.quantity>0.000000</in_Quantity.quantity><out_Quantity.quantity>788.220555</out_Quantity.quantity></Point><Point><position>8907</position><in_Quantity.quantity>0.000000</in_Quantity.quantity><out_Quantity.quantity>653.640685</out_Quantity.quantity></Point><Point><position>8908</position><in_Quantity.quantity>0.000000</in_Quantity.quantity><out_Quantity.quantity>824.697868</out_Quantity.quantity></Point><Point><position>8909</position><in_Quantity.quantity>0.000000</in_Quantity.quantity><out_Quantity.quantity>33.940928</out_Quantity.quantity></Point><Point><position>8910</position><in_Quantity.quantity>0.000000</in_Quantity.quantity><out_Quantity.quantity>313.764650</out_Quantity.quantity></Point><Point><position>8911</position><in_Quantity.quantity>0.000000</in_Quantity.quantity><out_Quantity.quantity>754.015470</out_Quantity.quantity></Point><Point><position>8912</position><in_Quantity.quantity>0.000000</in_Quantity.quantity><out_Quantity.quantity>263.878401</out_Quantity.quantity></Point><Point><position>8913</position><in_Quantity.quantity>0.000000</in_Quantity.quantity><out_Quantity.quantity>412.085205</out_Quantity.quantity></Point><Point><position>8914</position><in_Quantity.quantity>0.000000</in_Quantity.quantity><out_Quantity.quantity>344.642871</out_Quantity.quantity></Point><Point><position>8915</position><in_Quantity.quantity>0.000000</in_Quantity.quantity><out_Quantity.quantity>910.683769</out_Quantity.quantity></Point><Point><position>8916</position><in_Quantity.quantity>0.000000</in_Quantity.quantity><out_Quantity.quantity>224.714918</out_Quantity.quantity></Point><Point><position>8917</position><in_Quantity.quantity>0.000000</in_Quantity.quantity><out_Quantity.quantity>864.036321</out_Quantity.quantity></Point><Point><position>8918</position><in_Quantity.quantity>0.000000</in_Quantity.quantity><out_Quantity.quantity>561.959905</out_Quantity.quantity></Point><Point><position>8919</position><in_Quantity.quantity>0.000000</in_Quantity.quantity><out_Quantity.quantity>855.394686</out_Quantity.quantity></Point><Point><position>8920</position><in_Quantity.quantity>0.000000</in_Quantity.quantity><out_Quantity.quantity>881.212766</out_Quantity.quantity></Point><Point><position>8921</position><in_Quantity.quantity>0.000000</in_Quantity.quantity><out_Quantity.quantity>38.505763</out_Quantity.quantity></Point><Point><position>8922</position><in_Quantity.quantity>0.000000</in_Quantity.quantity><out_Quantity.quantity>564.365393</out_Quantity.quantity></Point><Point><position>8923</position><in_Quantity.quantity>0.000000</in_Quantity.quantity><out_Quantity.quantity>390.674142</out_Quantity.quantity></Point><Point><position>8924</position><in_Quantity.quantity>0.000000</in_Quantity.quantity><out_Quantity.quantity>668.600866</out_Quantity.quantity></Point><Point><position>8925</position><in_Quantity.quantity>0.000000</in_Quantity.quantity><out_Quantity.quantity>92.521504</out_Quantity.quantity></Point><Point><position>8926</position><in_Quantity.quantity>0.000000</in_Quantity.quantity><out_Quantity.quantity>395.656618</out_Quantity.quantity></Point><Point><position>8927</position><in_Quantity.quantity>0.000000</in_Quantity.quantity><out_Quantity.quantity>644.560460</out_Quantity.quantity></Point><Point><position>8928</position><in_Quantity.quantity>0.000000</in_Quantity.quantity><out_Quantity.quantity>390.758979</out_Quantity.quantity></Point><Point><position>8929</position><in_Quantity.quantity>0.000000</in_Quantity.quantity><out_Quantity.quantity>574.761174</out_Quantity.quantity></Point><Point><position>8930</position><in_Quantity.quantity>0.000000</in_Quantity.quantity><out_Quantity.quantity>46.574983</out_Quantity.quantity></Point><Point><position>8931</position><in_Quantity.quantity>0.000000</in_Quantity.quantity><out_Quantity.quantity>456.246432</out_Quantity.quantity></Point><Point><position>8932</position><in_Quantity.quantity>0.000000</in_Quantity.quantity><out_Quantity.quantity>956.031367</out_Quantity.quantity></Point><Point><position>8933</position><in_Quantity.quantity>0.000000</in_Quantity.quantity><out_Quantity.quantity>280.766995</out_Quantity.quantity></Point><Point><position>8934</position><in_Quantity.quantity>0.000000</in_Quantity.quantity><out_Quantity.quantity>14.627528</out_Quantity.quantity></Point><Point><position>8935</position><in_Quantity.quantity>0.000000</in_Quantity.quantity><out_Quantity.quantity>821.651088</out_Quantity.quantity></Point><Point><position>8936</position><in_Quantity.quantity>0.000000</in_Quantity.quantity><out_Quantity.quantity>315.314051</out_Quantity.quantity></Point><Point><position>8937</position><in_Quantity.quantity>0.000000</in_Quantity.quantity><out_Quantity.quantity>385.659648</out_Quantity.quantity></Point><Point><position>8938</position><in_Quantity.quantity>0.000000</in_Quantity.quantity><out_Quantity.quantity>440.998924</out_Quantity.quantity></Point><Point><position>8939</position><in_Quantity.quantity>0.000000</in_Quantity.quantity><out_Quantity.quantity>324.007457</out_Quantity.quantity></Point><Point><position>8940</position><in_Quantity.quantity>0.000000</in_Quantity.quantity><out_Quantity.quantity>888.738242</out_Quantity.quantity></Point><Point><position>8941</position><in_Quantity.quantity>0.000000</in_Quantity.quantity><out_Quantity.quantity>185.996503</out_Quantity.quantity></Point><Point><position>8942</position><in_Quantity.quantity>0.000000</in_Quantity.quantity><out_Quantity.quantity>212.907107</out_Quantity.quantity></Point><Point><position>8943</position><in_Quantity.quantity>0.000000</in_Quantity.quantity><out_Quantity.quantity>662.028120</out_Quantity.quantity></Point><Point><position>8944</position><in_Quantity.quantity>0.000000</in_Quantity.quantity><out_Quantity.quantity>82.194329</out_Quantity.quantity></Point><Point><position>8945</position><in_Quantity.quantity>0.000000</in_Quantity.quantity><out_Quantity.quantity>610.361848</out_Quantity.quantity></Point><Point><position>8946</position><in_Quantity.quantity>0.000000</in_Quantity.quantity><out_Quantity.quantity>624.655313</out_Quantity.quantity></Point><Point><position>8947</position><in_Quantity.quantity>0.000000</in_Quantity.quantity><out_Quantity.quantity>295.280512</out_Quantity.quantity></Point><Point><position>8948</position><in_Quantity.quantity>0.000000</in_Quantity.quantity><out_Quantity.quantity>233.350283</out_Quantity.quantity></Point><Point><position>8949</position><in_Quantity.quantity>0.000000</in_Quantity.quantity><out_Quantity.quantity>506.703315</out_Quantity.quantity></Point><Point><position>8950</position><in_Quantity.quantity>0.000000</in_Quantity.quantity><out_Quantity.quantity>78.122280</out_Quantity.quantity></Point><Point><position>8951</position><in_Quantity.quantity>0.000000</in_Quantity.quantity><out_Quantity.quantity>668.797973</out_Quantity.quantity></Point><Point><position>8952</position><in_Quantity.quantity>0.000000</in_Quantity.quantity><out_Quantity.quantity>966.203013</out_Quantity.quantity></Point><Point><position>8953</position><in_Quantity.quantity>0.000000</in_Quantity.quantity><out_Quantity.quantity>726.790065</out_Quantity.quantity></Point><Point><position>8954</position><in_Quantity.quantity>0.000000</in_Quantity.quantity><out_Quantity.quantity>655.693317</out_Quantity.quantity></Point><Point><position>8955</position><in_Quantity.quantity>0.000000</in_Quantity.quantity><out_Quantity.quantity>962.429973</out_Quantity.quantity></Point><Point><position>8956</position><in_Quantity.quantity>0.000000</in_Quantity.quantity><out_Quantity.quantity>502.219946</out_Quantity.quantity></Point><Point><position>8957</position><in_Quantity.quantity>0.000000</in_Quantity.quantity><out_Quantity.quantity>825.614710</out_Quantity.quantity></Point><Point><position>8958</position><in_Quantity.quantity>0.000000</in_Quantity.quantity><out_Quantity.quantity>716.701983</out_Quantity.quantity></Point><Point><position>8959</position><in_Quantity.quantity>0.000000</in_Quantity.quantity><out_Quantity.quantity>793.270343</out_Quantity.quantity></Point><Point><position>8960</position><in_Quantity.quantity>0.000000</in_Quantity.quantity><out_Quantity.quantity>443.130979</out_Quantity.quantity></Point><Point><position>8961</position><in_Quantity.quantity>0.000000</in_Quantity.quantity><out_Quantity.quantity>345.601617</out_Quantity.quantity></Point><Point><position>8962</position><in_Quantity.quantity>0.000000</in_Quantity.quantity><out_Quantity.quantity>834.883297</out_Quantity.quantity></Point><Point><position>8963</position><in_Quantity.quantity>0.000000</in_Quantity.quantity><out_Quantity.quantity>431.337963</out_Quantity.quantity></Point><Point><position>8964</position><in_Quantity.quantity>0.000000</in_Quantity.quantity><out_Quantity.quantity>761.334440</out_Quantity.quantity></Point><Point><position>8965</position><in_Quantity.quantity>0.000000</in_Quantity.quantity><out_Quantity.quantity>480.780357</out_Quantity.quantity></Point><Point><position>8966</position><in_Quantity.quantity>0.000000</in_Quantity.quantity><out_Quantity.quantity>432.294684</out_Quantity.quantity></Point><Point><position>8967</position><in_Quantity.quantity>0.000000</in_Quantity.quantity><out_Quantity.quantity>77.423353</out_Quantity.quantity></Point><Point><position>8968</position><in_Quantity.quantity>0.000000</in_Quantity.quantity><out_Quantity.quantity>350.105303</out_Quantity.quantity></Point><Point><position>8969</position><in_Quantity.quantity>0.000000</in_Quantity.quantity><out_Quantity.quantity>755.002428</out_Quantity.quantity></Point><Point><position>8970</position><in_Quantity.quantity>0.000000</in_Quantity.quantity><out_Quantity.quantity>562.099144</out_Quantity.quantity></Point><Point><position>8971</position><in_Quantity.quantity>0.000000</in_Quantity.quantity><out_Quantity.quantity>315.009767</out_Quantity.quantity></Point><Point><position>8972</position><in_Quantity.quantity>0.000000</in_Quantity.quantity><out_Quantity.quantity>972.614058</out_Quantity.quantity></Point><Point><position>8973</position><in_Quantity.quantity>0.000000</in_Quantity.quantity><out_Quantity.quantity>473.701134</out_Quantity.quantity></Point><Point><position>8974</position><in_Quantity.quantity>0.000000</in_Quantity.quantity><out_Quantity.quantity>249.097985</out_Quantity.quantity></Point><Point><position>8975</position><in_Quantity.quantity>0.000000</in_Quantity.quantity><out_Quantity.quantity>875.552482</out_Quantity.quantity></Point><Point><position>8976</position><in_Quantity.quantity>0.000000</in_Quantity.quantity><out_Quantity.quantity>597.173987</out_Quantity.quantity></Point><Point><position>8977</position><in_Quantity.quantity>0.000000</in_Quantity.quantity><out_Quantity.quantity>253.844869</out_Quantity.quantity></Point><Point><position>8978</position><in_Quantity.quantity>0.000000</in_Quantity.quantity><out_Quantity.quantity>95.156619</out_Quantity.quantity></Point><Point><position>8979</position><in_Quantity.quantity>0.000000</in_Quantity.quantity><out_Quantity.quantity>835.571447</out_Quantity.quantity></Point><Point><position>8980</position><in_Quantity.quantity>0.000000</in_Quantity.quantity><out_Quantity.quantity>598.948104</out_Quantity.quantity></Point><Point><position>8981</position><in_Quantity.quantity>0.000000</in_Quantity.quantity><out_Quantity.quantity>19.679327</out_Quantity.quantity></Point><Point><position>8982</position><in_Quantity.quantity>0.000000</in_Quantity.quantity><out_Quantity.quantity>354.178809</out_Quantity.quantity></Point><Point><position>8983</position><in_Quantity.quantity>0.000000</in_Quantity.quantity><out_Quantity.quantity>193.035587</out_Quantity.quantity></Point><Point><position>8984</position><in_Quantity.quantity>0.000000</in_Quantity.quantity><out_Quantity.quantity>999.823834</out_Quantity.quantity></Point><Point><position>8985</position><in_Quantity.quantity>0.000000</in_Quantity.quantity><out_Quantity.quantity>700.446868</out_Quantity.quantity></Point><Point><position>8986</position><in_Quantity.quantity>0.000000</in_Quantity.quantity><out_Quantity.quantity>640.522588</out_Quantity.quantity></Point><Point><position>8987</position><in_Quantity.quantity>0.000000</in_Quantity.quantity><out_Quantity.quantity>466.080788</out_Quantity.quantity></Point><Point><position>8988</position><in_Quantity.quantity>0.000000</in_Quantity.quantity><out_Quantity.quantity>275.311828</out_Quantity.quantity></Point><Point><position>8989</position><in_Quantity.quantity>0.000000</in_Quantity.quantity><out_Quantity.quantity>390.347160</out_Quantity.quantity></Point><Point><position>8990</position><in_Quantity.quantity>0.000000</in_Quantity.quantity><out_Quantity.quantity>860.868707</out_Quantity.quantity></Point><Point><position>8991</position><in_Quantity.quantity>0.000000</in_Quantity.quantity><out_Quantity.quantity>950.843536</out_Quantity.quantity></Point><Point><position>8992</position><in_Quantity.quantity>0.000000</in_Quantity.quantity><out_Quantity.quantity>570.207757</out_Quantity.quantity></Point><Point><position>8993</position><in_Quantity.quantity>0.000000</in_Quantity.quantity><out_Quantity.quantity>215.857816</out_Quantity.quantity></Point><Point><position>8994</position><in_Quantity.quantity>0.000000</in_Quantity.quantity><out_Quantity.quantity>88.857530</out_Quantity.quantity></Point><Point><position>8995</position><in_Quantity.quantity>0.000000</in_Quantity.quantity><out_Quantity.quantity>153.666075</out_Quantity.quantity></Point><Point><position>8996</position><in_Quantity.quantity>0.000000</in_Quantity.quantity><out_Quantity.quantity>648.649442</out_Quantity.quantity></Point><Point><position>8997</position><in_Quantity.quantity>0.000000</in_Quantity.quantity><out_Quantity.quantity>428.651514</out_Quantity.quantity></Point><Point><position>8998</position><in_Quantity.quantity>0.000000</in_Quantity.quantity><out_Quantity.quantity>883.022925</out_Quantity.quantity></Point><Point><position>8999</position><in_Quantity.quantity>0.000000</in_Quantity.quantity><out_Quantity.quantity>268.923599</out_Quantity.quantity></Point><Point><position>9000</position><in_Quantity.quantity>0.000000</in_Quantity.quantity><out_Quantity.quantity>24.855192</out_Quantity.quantity></Point><Point><position>9001</position><in_Quantity.quantity>0.000000</in_Quantity.quantity><out_Quantity.quantity>365.168163</out_Quantity.quantity></Point><Point><position>9002</position><in_Quantity.quantity>0.000000</in_Quantity.quantity><out_Quantity.quantity>157.024478</out_Quantity.quantity></Point><Point><position>9003</position><in_Quantity.quantity>0.000000</in_Quantity.quantity><out_Quantity.quantity>602.867842</out_Quantity.quantity></Point><Point><position>9004</position><in_Quantity.quantity>0.000000</in_Quantity.quantity><out_Quantity.quantity>607.002680</out_Quantity.quantity></Point><Point><position>9005</position><in_Quantity.quantity>0.000000</in_Quantity.quantity><out_Quantity.quantity>661.356129</out_Quantity.quantity></Point><Point><position>9006</position><in_Quantity.quantity>0.000000</in_Quantity.quantity><out_Quantity.quantity>795.061089</out_Quantity.quantity></Point><Point><position>9007</position><in_Quantity.quantity>0.000000</in_Quantity.quantity><out_Quantity.quantity>443.600360</out_Quantity.quantity></Point><Point><position>9008</position><in_Quantity.quantity>0.000000</in_Quantity.quantity><out_Quantity.quantity>774.507292</out_Quantity.quantity></Point><Point><position>9009</position><in_Quantity.quantity>0.000000</in_Quantity.quantity><out_Quantity.quantity>233.580776</out_Quantity.quantity></Point><Point><position>9010</position><in_Quantity.quantity>0.000000</in_Quantity.quantity><out_Quantity.quantity>457.692040</out_Quantity.quantity></Point><Point><position>9011</position><in_Quantity.quantity>0.000000</in_Quantity.quantity><out_Quantity.quantity>32.802238</out_Quantity.quantity></Point><Point><position>9012</position><in_Quantity.quantity>0.000000</in_Quantity.quantity><out_Quantity.quantity>606.501955</out_Quantity.quantity></Point><Point><position>9013</position><in_Quantity.quantity>0.000000</in_Quantity.quantity><out_Quantity.quantity>262.106823</out_Quantity.quantity></Point><Point><position>9014</position><in_Quantity.quantity>0.000000</in_Quantity.quantity><out_Quantity.quantity>415.319296</out_Quantity.quantity></Point><Point><position>9015</position><in_Quantity.quantity>0.000000</in_Quantity.quantity><out_Quantity.quantity>49.441750</out_Quantity.quantity></Point><Point><position>9016</position><in_Quantity.quantity>0.000000</in_Quantity.quantity><out_Quantity.quantity>510.027303</out_Quantity.quantity></Point><Point><position>9017</position><in_Quantity.quantity>0.000000</in_Quantity.quantity><out_Quantity.quantity>544.099522</out_Quantity.quantity></Point><Point><position>9018</position><in_Quantity.quantity>0.000000</in_Quantity.quantity><out_Quantity.quantity>8.636333</out_Quantity.quantity></Point><Point><position>9019</position><in_Quantity.quantity>0.000000</in_Quantity.quantity><out_Quantity.quantity>682.335056</out_Quantity.quantity></Point><Point><position>9020</position><in_Quantity.quantity>0.000000</in_Quantity.quantity><out_Quantity.quantity>724.813221</out_Quantity.quantity></Point><Point><position>9021</position><in_Quantity.quantity>0.000000</in_Quantity.quantity><out_Quantity.quantity>941.135891</out_Quantity.quantity></Point><Point><position>9022</position><in_Quantity.quantity>0.000000</in_Quantity.quantity><out_Quantity.quantity>905.862634</out_Quantity.quantity></Point><Point><position>9023</position><in_Quantity.quantity>0.000000</in_Quantity.quantity><out_Quantity.quantity>474.972832</out_Quantity.quantity></Point><Point><position>9024</position><in_Quantity.quantity>0.000000</in_Quantity.quantity><out_Quantity.quantity>873.688053</out_Quantity.quantity></Point><Point><position>9025</position><in_Quantity.quantity>0.000000</in_Quantity.quantity><out_Quantity.quantity>584.358870</out_Quantity.quantity></Point><Point><position>9026</position><in_Quantity.quantity>0.000000</in_Quantity.quantity><out_Quantity.quantity>807.720720</out_Quantity.quantity></Point><Point><position>9027</position><in_Quantity.quantity>0.000000</in_Quantity.quantity><out_Quantity.quantity>608.076896</out_Quantity.quantity></Point><Point><position>9028</position><in_Quantity.quantity>0.000000</in_Quantity.quantity><out_Quantity.quantity>842.468653</out_Quantity.quantity></Point><Point><position>9029</position><in_Quantity.quantity>0.000000</in_Quantity.quantity><out_Quantity.quantity>699.114212</out_Quantity.quantity></Point><Point><position>9030</position><in_Quantity.quantity>0.000000</in_Quantity.quantity><out_Quantity.quantity>737.293657</out_Quantity.quantity></Point><Point><position>9031</position><in_Quantity.quantity>0.000000</in_Quantity.quantity><out_Quantity.quantity>360.274593</out_Quantity.quantity></Point><Point><position>9032</position><in_Quantity.quantity>0.000000</in_Quantity.quantity><out_Quantity.quantity>767.116617</out_Quantity.quantity></Point><Point><position>9033</position><in_Quantity.quantity>0.000000</in_Quantity.quantity><out_Quantity.quantity>512.039087</out_Quantity.quantity></Point><Point><position>9034</position><in_Quantity.quantity>0.000000</in_Quantity.quantity><out_Quantity.quantity>704.911186</out_Quantity.quantity></Point><Point><position>9035</position><in_Quantity.quantity>0.000000</in_Quantity.quantity><out_Quantity.quantity>423.024620</out_Quantity.quantity></Point><Point><position>9036</position><in_Quantity.quantity>0.000000</in_Quantity.quantity><out_Quantity.quantity>544.273325</out_Quantity.quantity></Point><Point><position>9037</position><in_Quantity.quantity>0.000000</in_Quantity.quantity><out_Quantity.quantity>240.173881</out_Quantity.quantity></Point><Point><position>9038</position><in_Quantity.quantity>0.000000</in_Quantity.quantity><out_Quantity.quantity>388.408210</out_Quantity.quantity></Point><Point><position>9039</position><in_Quantity.quantity>0.000000</in_Quantity.quantity><out_Quantity.quantity>302.903359</out_Quantity.quantity></Point><Point><position>9040</position><in_Quantity.quantity>0.000000</in_Quantity.quantity><out_Quantity.quantity>534.768797</out_Quantity.quantity></Point><Point><position>9041</position><in_Quantity.quantity>0.000000</in_Quantity.quantity><out_Quantity.quantity>831.164779</out_Quantity.quantity></Point><Point><position>9042</position><in_Quantity.quantity>0.000000</in_Quantity.quantity><out_Quantity.quantity>847.600526</out_Quantity.quantity></Point><Point><position>9043</position><in_Quantity.quantity>0.000000</in_Quantity.quantity><out_Quantity.quantity>417.414172</out_Quantity.quantity></Point><Point><position>9044</position><in_Quantity.quantity>0.000000</in_Quantity.quantity><out_Quantity.quantity>895.337125</out_Quantity.quantity></Point><Point><position>9045</position><in_Quantity.quantity>0.000000</in_Quantity.quantity><out_Quantity.quantity>115.817202</out_Quantity.quantity></Point><Point><position>9046</position><in_Quantity.quantity>0.000000</in_Quantity.quantity><out_Quantity.quantity>102.295117</out_Quantity.quantity></Point><Point><position>9047</position><in_Quantity.quantity>0.000000</in_Quantity.quantity><out_Quantity.quantity>663.661519</out_Quantity.quantity></Point><Point><position>9048</position><in_Quantity.quantity>0.000000</in_Quantity.quantity><out_Quantity.quantity>144.051922</out_Quantity.quantity></Point><Point><position>9049</position><in_Quantity.quantity>0.000000</in_Quantity.quantity><out_Quantity.quantity>439.986265</out_Quantity.quantity></Point><Point><position>9050</position><in_Quantity.quantity>0.000000</in_Quantity.quantity><out_Quantity.quantity>759.311336</out_Quantity.quantity></Point><Point><position>9051</position><in_Quantity.quantity>0.000000</in_Quantity.quantity><out_Quantity.quantity>477.474230</out_Quantity.quantity></Point><Point><position>9052</position><in_Quantity.quantity>0.000000</in_Quantity.quantity><out_Quantity.quantity>935.930124</out_Quantity.quantity></Point><Point><position>9053</position><in_Quantity.quantity>0.000000</in_Quantity.quantity><out_Quantity.quantity>142.334502</out_Quantity.quantity></Point><Point><position>9054</position><in_Quantity.quantity>0.000000</in_Quantity.quantity><out_Quantity.quantity>482.805240</out_Quantity.quantity></Point><Point><position>9055</position><in_Quantity.quantity>0.000000</in_Quantity.quantity><out_Quantity.quantity>965.293421</out_Quantity.quantity></Point><Point><position>9056</position><in_Quantity.quantity>0.000000</in_Quantity.quantity><out_Quantity.quantity>903.810339</out_Quantity.quantity></Point><Point><position>9057</position><in_Quantity.quantity>0.000000</in_Quantity.quantity><out_Quantity.quantity>951.585291</out_Quantity.quantity></Point><Point><position>9058</position><in_Quantity.quantity>0.000000</in_Quantity.quantity><out_Quantity.quantity>286.834592</out_Quantity.quantity></Point><Point><position>9059</position><in_Quantity.quantity>0.000000</in_Quantity.quantity><out_Quantity.quantity>449.572215</out_Quantity.quantity></Point><Point><position>9060</position><in_Quantity.quantity>0.000000</in_Quantity.quantity><out_Quantity.quantity>986.034734</out_Quantity.quantity></Point><Point><position>9061</position><in_Quantity.quantity>0.000000</in_Quantity.quantity><out_Quantity.quantity>469.596583</out_Quantity.quantity></Point><Point><position>9062</position><in_Quantity.quantity>0.000000</in_Quantity.quantity><out_Quantity.quantity>634.974035</out_Quantity.quantity></Point><Point><position>9063</position><in_Quantity.quantity>0.000000</in_Quantity.quantity><out_Quantity.quantity>723.706150</out_Quantity.quantity></Point><Point><position>9064</position><in_Quantity.quantity>0.000000</in_Quantity.quantity><out_Quantity.quantity>125.021185</out_Quantity.quantity></Point><Point><position>9065</position><in_Quantity.quantity>0.000000</in_Quantity.quantity><out_Quantity.quantity>36.065927</out_Quantity.quantity></Point><Point><position>9066</position><in_Quantity.quantity>0.000000</in_Quantity.quantity><out_Quantity.quantity>775.789554</out_Quantity.quantity></Point><Point><position>9067</position><in_Quantity.quantity>0.000000</in_Quantity.quantity><out_Quantity.quantity>517.934468</out_Quantity.quantity></Point><Point><position>9068</position><in_Quantity.quantity>0.000000</in_Quantity.quantity><out_Quantity.quantity>188.065643</out_Quantity.quantity></Point><Point><position>9069</position><in_Quantity.quantity>0.000000</in_Quantity.quantity><out_Quantity.quantity>485.734726</out_Quantity.quantity></Point><Point><position>9070</position><in_Quantity.quantity>0.000000</in_Quantity.quantity><out_Quantity.quantity>313.227311</out_Quantity.quantity></Point><Point><position>9071</position><in_Quantity.quantity>0.000000</in_Quantity.quantity><out_Quantity.quantity>725.133153</out_Quantity.quantity></Point><Point><position>9072</position><in_Quantity.quantity>0.000000</in_Quantity.quantity><out_Quantity.quantity>632.530999</out_Quantity.quantity></Point><Point><position>9073</position><in_Quantity.quantity>0.000000</in_Quantity.quantity><out_Quantity.quantity>289.134628</out_Quantity.quantity></Point><Point><position>9074</position><in_Quantity.quantity>0.000000</in_Quantity.quantity><out_Quantity.quantity>427.417757</out_Quantity.quantity></Point><Point><position>9075</position><in_Quantity.quantity>0.000000</in_Quantity.quantity><out_Quantity.quantity>519.202686</out_Quantity.quantity></Point><Point><position>9076</position><in_Quantity.quantity>0.000000</in_Quantity.quantity><out_Quantity.quantity>248.516358</out_Quantity.quantity></Point><Point><position>9077</position><in_Quantity.quantity>0.000000</in_Quantity.quantity><out_Quantity.quantity>727.573049</out_Quantity.quantity></Point><Point><position>9078</position><in_Quantity.quantity>0.000000</in_Quantity.quantity><out_Quantity.quantity>410.581692</out_Quantity.quantity></Point><Point><position>9079</position><in_Quantity.quantity>0.000000</in_Quantity.quantity><out_Quantity.quantity>809.741141</out_Quantity.quantity></Point><Point><position>9080</position><in_Quantity.quantity>0.000000</in_Quantity.quantity><out_Quantity.quantity>434.372823</out_Quantity.quantity></Point><Point><position>9081</position><in_Quantity.quantity>0.000000</in_Quantity.quantity><out_Quantity.quantity>183.978932</out_Quantity.quantity></Point><Point><position>9082</position><in_Quantity.quantity>0.000000</in_Quantity.quantity><out_Quantity.quantity>39.311670</out_Quantity.quantity></Point><Point><position>9083</position><in_Quantity.quantity>0.000000</in_Quantity.quantity><out_Quantity.quantity>598.334406</out_Quantity.quantity></Point><Point><position>9084</position><in_Quantity.quantity>0.000000</in_Quantity.quantity><out_Quantity.quantity>758.140379</out_Quantity.quantity></Point><Point><position>9085</position><in_Quantity.quantity>0.000000</in_Quantity.quantity><out_Quantity.quantity>190.809308</out_Quantity.quantity></Point><Point><position>9086</position><in_Quantity.quantity>0.000000</in_Quantity.quantity><out_Quantity.quantity>842.749130</out_Quantity.quantity></Point><Point><position>9087</position><in_Quantity.quantity>0.000000</in_Quantity.quantity><out_Quantity.quantity>887.460113</out_Quantity.quantity></Point><Point><position>9088</position><in_Quantity.quantity>0.000000</in_Quantity.quantity><out_Quantity.quantity>7.588028</out_Quantity.quantity></Point><Point><position>9089</position><in_Quantity.quantity>0.000000</in_Quantity.quantity><out_Quantity.quantity>777.074704</out_Quantity.quantity></Point><Point><position>9090</position><in_Quantity.quantity>0.000000</in_Quantity.quantity><out_Quantity.quantity>156.922193</out_Quantity.quantity></Point><Point><position>9091</position><in_Quantity.quantity>0.000000</in_Quantity.quantity><out_Quantity.quantity>914.312779</out_Quantity.quantity></Point><Point><position>9092</position><in_Quantity.quantity>0.000000</in_Quantity.quantity><out_Quantity.quantity>757.315734</out_Quantity.quantity></Point><Point><position>9093</position><in_Quantity.quantity>0.000000</in_Quantity.quantity><out_Quantity.quantity>162.208392</out_Quantity.quantity></Point><Point><position>9094</position><in_Quantity.quantity>0.000000</in_Quantity.quantity><out_Quantity.quantity>734.820842</out_Quantity.quantity></Point><Point><position>9095</position><in_Quantity.quantity>0.000000</in_Quantity.quantity><out_Quantity.quantity>691.593547</out_Quantity.quantity></Point><Point><position>9096</position><in_Quantity.quantity>0.000000</in_Quantity.quantity><out_Quantity.quantity>232.183845</out_Quantity.quantity></Point><Point><position>9097</position><in_Quantity.quantity>0.000000</in_Quantity.quantity><out_Quantity.quantity>885.656689</out_Quantity.quantity></Point><Point><position>9098</position><in_Quantity.quantity>0.000000</in_Quantity.quantity><out_Quantity.quantity>76.940715</out_Quantity.quantity></Point><Point><position>9099</position><in_Quantity.quantity>0.000000</in_Quantity.quantity><out_Quantity.quantity>649.970393</out_Quantity.quantity></Point><Point><position>9100</position><in_Quantity.quantity>0.000000</in_Quantity.quantity><out_Quantity.quantity>533.866083</out_Quantity.quantity></Point><Point><position>9101</position><in_Quantity.quantity>0.000000</in_Quantity.quantity><out_Quantity.quantity>311.677077</out_Quantity.quantity></Point><Point><position>9102</position><in_Quantity.quantity>0.000000</in_Quantity.quantity><out_Quantity.quantity>902.787609</out_Quantity.quantity></Point><Point><position>9103</position><in_Quantity.quantity>0.000000</in_Quantity.quantity><out_Quantity.quantity>160.939718</out_Quantity.quantity></Point><Point><position>9104</position><in_Quantity.quantity>0.000000</in_Quantity.quantity><out_Quantity.quantity>411.151898</out_Quantity.quantity></Point><Point><position>9105</position><in_Quantity.quantity>0.000000</in_Quantity.quantity><out_Quantity.quantity>804.663620</out_Quantity.quantity></Point><Point><position>9106</position><in_Quantity.quantity>0.000000</in_Quantity.quantity><out_Quantity.quantity>322.981023</out_Quantity.quantity></Point><Point><position>9107</position><in_Quantity.quantity>0.000000</in_Quantity.quantity><out_Quantity.quantity>381.185172</out_Quantity.quantity></Point><Point><position>9108</position><in_Quantity.quantity>0.000000</in_Quantity.quantity><out_Quantity.quantity>804.469924</out_Quantity.quantity></Point><Point><position>9109</position><in_Quantity.quantity>0.000000</in_Quantity.quantity><out_Quantity.quantity>950.346142</out_Quantity.quantity></Point><Point><position>9110</position><in_Quantity.quantity>0.000000</in_Quantity.quantity><out_Quantity.quantity>663.249536</out_Quantity.quantity></Point><Point><position>9111</position><in_Quantity.quantity>0.000000</in_Quantity.quantity><out_Quantity.quantity>247.986142</out_Quantity.quantity></Point><Point><position>9112</position><in_Quantity.quantity>0.000000</in_Quantity.quantity><out_Quantity.quantity>800.374588</out_Quantity.quantity></Point><Point><position>9113</position><in_Quantity.quantity>0.000000</in_Quantity.quantity><out_Quantity.quantity>314.824390</out_Quantity.quantity></Point><Point><position>9114</position><in_Quantity.quantity>0.000000</in_Quantity.quantity><out_Quantity.quantity>587.614183</out_Quantity.quantity></Point><Point><position>9115</position><in_Quantity.quantity>0.000000</in_Quantity.quantity><out_Quantity.quantity>707.722706</out_Quantity.quantity></Point><Point><position>9116</position><in_Quantity.quantity>0.000000</in_Quantity.quantity><out_Quantity.quantity>684.419792</out_Quantity.quantity></Point><Point><position>9117</position><in_Quantity.quantity>0.000000</in_Quantity.quantity><out_Quantity.quantity>871.164326</out_Quantity.quantity></Point><Point><position>9118</position><in_Quantity.quantity>0.000000</in_Quantity.quantity><out_Quantity.quantity>698.566203</out_Quantity.quantity></Point><Point><position>9119</position><in_Quantity.quantity>0.000000</in_Quantity.quantity><out_Quantity.quantity>984.703837</out_Quantity.quantity></Point><Point><position>9120</position><in_Quantity.quantity>0.000000</in_Quantity.quantity><out_Quantity.quantity>972.748592</out_Quantity.quantity></Point><Point><position>9121</position><in_Quantity.quantity>0.000000</in_Quantity.quantity><out_Quantity.quantity>493.771199</out_Quantity.quantity></Point><Point><position>9122</position><in_Quantity.quantity>0.000000</in_Quantity.quantity><out_Quantity.quantity>809.819704</out_Quantity.quantity></Point><Point><position>9123</position><in_Quantity.quantity>0.000000</in_Quantity.quantity><out_Quantity.quantity>478.752657</out_Quantity.quantity></Point><Point><position>9124</position><in_Quantity.quantity>0.000000</in_Quantity.quantity><out_Quantity.quantity>213.018894</out_Quantity.quantity></Point><Point><position>9125</position><in_Quantity.quantity>0.000000</in_Quantity.quantity><out_Quantity.quantity>566.248556</out_Quantity.quantity></Point><Point><position>9126</position><in_Quantity.quantity>0.000000</in_Quantity.quantity><out_Quantity.quantity>59.419435</out_Quantity.quantity></Point><Point><position>9127</position><in_Quantity.quantity>0.000000</in_Quantity.quantity><out_Quantity.quantity>956.066719</out_Quantity.quantity></Point><Point><position>9128</position><in_Quantity.quantity>0.000000</in_Quantity.quantity><out_Quantity.quantity>877.989666</out_Quantity.quantity></Point><Point><position>9129</position><in_Quantity.quantity>0.000000</in_Quantity.quantity><out_Quantity.quantity>348.290419</out_Quantity.quantity></Point><Point><position>9130</position><in_Quantity.quantity>0.000000</in_Quantity.quantity><out_Quantity.quantity>753.486809</out_Quantity.quantity></Point><Point><position>9131</position><in_Quantity.quantity>0.000000</in_Quantity.quantity><out_Quantity.quantity>388.749974</out_Quantity.quantity></Point><Point><position>9132</position><in_Quantity.quantity>0.000000</in_Quantity.quantity><out_Quantity.quantity>793.182959</out_Quantity.quantity></Point><Point><position>9133</position><in_Quantity.quantity>0.000000</in_Quantity.quantity><out_Quantity.quantity>388.190232</out_Quantity.quantity></Point><Point><position>9134</position><in_Quantity.quantity>0.000000</in_Quantity.quantity><out_Quantity.quantity>825.994104</out_Quantity.quantity></Point><Point><position>9135</position><in_Quantity.quantity>0.000000</in_Quantity.quantity><out_Quantity.quantity>721.372471</out_Quantity.quantity></Point><Point><position>9136</position><in_Quantity.quantity>0.000000</in_Quantity.quantity><out_Quantity.quantity>547.513881</out_Quantity.quantity></Point><Point><position>9137</position><in_Quantity.quantity>0.000000</in_Quantity.quantity><out_Quantity.quantity>153.373626</out_Quantity.quantity></Point><Point><position>9138</position><in_Quantity.quantity>0.000000</in_Quantity.quantity><out_Quantity.quantity>787.102363</out_Quantity.quantity></Point><Point><position>9139</position><in_Quantity.quantity>0.000000</in_Quantity.quantity><out_Quantity.quantity>598.931055</out_Quantity.quantity></Point><Point><position>9140</position><in_Quantity.quantity>0.000000</in_Quantity.quantity><out_Quantity.quantity>240.441430</out_Quantity.quantity></Point><Point><position>9141</position><in_Quantity.quantity>0.000000</in_Quantity.quantity><out_Quantity.quantity>548.490771</out_Quantity.quantity></Point><Point><position>9142</position><in_Quantity.quantity>0.000000</in_Quantity.quantity><out_Quantity.quantity>350.450407</out_Quantity.quantity></Point><Point><position>9143</position><in_Quantity.quantity>0.000000</in_Quantity.quantity><out_Quantity.quantity>940.451342</out_Quantity.quantity></Point><Point><position>9144</position><in_Quantity.quantity>0.000000</in_Quantity.quantity><out_Quantity.quantity>220.097201</out_Quantity.quantity></Point><Point><position>9145</position><in_Quantity.quantity>0.000000</in_Quantity.quantity><out_Quantity.quantity>244.229773</out_Quantity.quantity></Point><Point><position>9146</position><in_Quantity.quantity>0.000000</in_Quantity.quantity><out_Quantity.quantity>609.136109</out_Quantity.quantity></Point><Point><position>9147</position><in_Quantity.quantity>0.000000</in_Quantity.quantity><out_Quantity.quantity>295.363570</out_Quantity.quantity></Point><Point><position>9148</position><in_Quantity.quantity>0.000000</in_Quantity.quantity><out_Quantity.quantity>679.776135</out_Quantity.quantity></Point><Point><position>9149</position><in_Quantity.quantity>0.000000</in_Quantity.quantity><out_Quantity.quantity>28.408582</out_Quantity.quantity></Point><Point><position>9150</position><in_Quantity.quantity>0.000000</in_Quantity.quantity><out_Quantity.quantity>366.863501</out_Quantity.quantity></Point><Point><position>9151</position><in_Quantity.quantity>0.000000</in_Quantity.quantity><out_Quantity.quantity>485.110973</out_Quantity.quantity></Point><Point><position>9152</position><in_Quantity.quantity>0.000000</in_Quantity.quantity><out_Quantity.quantity>631.733895</out_Quantity.quantity></Point><Point><position>9153</position><in_Quantity.quantity>0.000000</in_Quantity.quantity><out_Quantity.quantity>959.892198</out_Quantity.quantity></Point><Point><position>9154</position><in_Quantity.quantity>0.000000</in_Quantity.quantity><out_Quantity.quantity>433.239647</out_Quantity.quantity></Point><Point><position>9155</position><in_Quantity.quantity>0.000000</in_Quantity.quantity><out_Quantity.quantity>981.984183</out_Quantity.quantity></Point><Point><position>9156</position><in_Quantity.quantity>0.000000</in_Quantity.quantity><out_Quantity.quantity>183.480440</out_Quantity.quantity></Point><Point><position>9157</position><in_Quantity.quantity>0.000000</in_Quantity.quantity><out_Quantity.quantity>170.480959</out_Quantity.quantity></Point><Point><position>9158</position><in_Quantity.quantity>0.000000</in_Quantity.quantity><out_Quantity.quantity>784.782394</out_Quantity.quantity></Point><Point><position>9159</position><in_Quantity.quantity>0.000000</in_Quantity.quantity><out_Quantity.quantity>328.034666</out_Quantity.quantity></Point><Point><position>9160</position><in_Quantity.quantity>0.000000</in_Quantity.quantity><out_Quantity.quantity>819.253990</out_Quantity.quantity></Point><Point><position>9161</position><in_Quantity.quantity>0.000000</in_Quantity.quantity><out_Quantity.quantity>718.033641</out_Quantity.quantity></Point><Point><position>9162</position><in_Quantity.quantity>0.000000</in_Quantity.quantity><out_Quantity.quantity>490.871297</out_Quantity.quantity></Point><Point><position>9163</position><in_Quantity.quantity>0.000000</in_Quantity.quantity><out_Quantity.quantity>904.345299</out_Quantity.quantity></Point><Point><position>9164</position><in_Quantity.quantity>0.000000</in_Quantity.quantity><out_Quantity.quantity>749.643578</out_Quantity.quantity></Point><Point><position>9165</position><in_Quantity.quantity>0.000000</in_Quantity.quantity><out_Quantity.quantity>115.515461</out_Quantity.quantity></Point><Point><position>9166</position><in_Quantity.quantity>0.000000</in_Quantity.quantity><out_Quantity.quantity>675.036389</out_Quantity.quantity></Point><Point><position>9167</position><in_Quantity.quantity>0.000000</in_Quantity.quantity><out_Quantity.quantity>885.448520</out_Quantity.quantity></Point><Point><position>9168</position><in_Quantity.quantity>0.000000</in_Quantity.quantity><out_Quantity.quantity>319.142747</out_Quantity.quantity></Point><Point><position>9169</position><in_Quantity.quantity>0.000000</in_Quantity.quantity><out_Quantity.quantity>246.589562</out_Quantity.quantity></Point><Point><position>9170</position><in_Quantity.quantity>0.000000</in_Quantity.quantity><out_Quantity.quantity>246.078179</out_Quantity.quantity></Point><Point><position>9171</position><in_Quantity.quantity>0.000000</in_Quantity.quantity><out_Quantity.quantity>233.467028</out_Quantity.quantity></Point><Point><position>9172</position><in_Quantity.quantity>0.000000</in_Quantity.quantity><out_Quantity.quantity>795.290416</out_Quantity.quantity></Point><Point><position>9173</position><in_Quantity.quantity>0.000000</in_Quantity.quantity><out_Quantity.quantity>280.646805</out_Quantity.quantity></Point><Point><position>9174</position><in_Quantity.quantity>0.000000</in_Quantity.quantity><out_Quantity.quantity>490.119858</out_Quantity.quantity></Point><Point><position>9175</position><in_Quantity.quantity>0.000000</in_Quantity.quantity><out_Quantity.quantity>139.427978</out_Quantity.quantity></Point><Point><position>9176</position><in_Quantity.quantity>0.000000</in_Quantity.quantity><out_Quantity.quantity>958.779272</out_Quantity.quantity></Point><Point><position>9177</position><in_Quantity.quantity>0.000000</in_Quantity.quantity><out_Quantity.quantity>30.957272</out_Quantity.quantity></Point><Point><position>9178</position><in_Quantity.quantity>0.000000</in_Quantity.quantity><out_Quantity.quantity>981.668459</out_Quantity.quantity></Point><Point><position>9179</position><in_Quantity.quantity>0.000000</in_Quantity.quantity><out_Quantity.quantity>755.704884</out_Quantity.quantity></Point><Point><position>9180</position><in_Quantity.quantity>0.000000</in_Quantity.quantity><out_Quantity.quantity>377.103668</out_Quantity.quantity></Point><Point><position>9181</position><in_Quantity.quantity>0.000000</in_Quantity.quantity><out_Quantity.quantity>334.681185</out_Quantity.quantity></Point><Point><position>9182</position><in_Quantity.quantity>0.000000</in_Quantity.quantity><out_Quantity.quantity>252.592178</out_Quantity.quantity></Point><Point><position>9183</position><in_Quantity.quantity>0.000000</in_Quantity.quantity><out_Quantity.quantity>648.367696</out_Quantity.quantity></Point><Point><position>9184</position><in_Quantity.quantity>0.000000</in_Quantity.quantity><out_Quantity.quantity>351.978353</out_Quantity.quantity></Point><Point><position>9185</position><in_Quantity.quantity>0.000000</in_Quantity.quantity><out_Quantity.quantity>389.896827</out_Quantity.quantity></Point><Point><position>9186</position><in_Quantity.quantity>0.000000</in_Quantity.quantity><out_Quantity.quantity>339.711047</out_Quantity.quantity></Point><Point><position>9187</position><in_Quantity.quantity>0.000000</in_Quantity.quantity><out_Quantity.quantity>609.302037</out_Quantity.quantity></Point><Point><position>9188</position><in_Quantity.quantity>0.000000</in_Quantity.quantity><out_Quantity.quantity>752.451047</out_Quantity.quantity></Point><Point><position>9189</position><in_Quantity.quantity>0.000000</in_Quantity.quantity><out_Quantity.quantity>255.112428</out_Quantity.quantity></Point><Point><position>9190</position><in_Quantity.quantity>0.000000</in_Quantity.quantity><out_Quantity.quantity>53.660928</out_Quantity.quantity></Point><Point><position>9191</position><in_Quantity.quantity>0.000000</in_Quantity.quantity><out_Quantity.quantity>211.884821</out_Quantity.quantity></Point><Point><position>9192</position><in_Quantity.quantity>0.000000</in_Quantity.quantity><out_Quantity.quantity>967.789356</out_Quantity.quantity></Point><Point><position>9193</position><in_Quantity.quantity>0.000000</in_Quantity.quantity><out_Quantity.quantity>321.719769</out_Quantity.quantity></Point><Point><position>9194</position><in_Quantity.quantity>0.000000</in_Quantity.quantity><out_Quantity.quantity>500.322102</out_Quantity.quantity></Point><Point><position>9195</position><in_Quantity.quantity>0.000000</in_Quantity.quantity><out_Quantity.quantity>450.463675</out_Quantity.quantity></Point><Point><position>9196</position><in_Quantity.quantity>0.000000</in_Quantity.quantity><out_Quantity.quantity>884.868313</out_Quantity.quantity></Point><Point><position>9197</position><in_Quantity.quantity>0.000000</in_Quantity.quantity><out_Quantity.quantity>780.997428</out_Quantity.quantity></Point><Point><position>9198</position><in_Quantity.quantity>0.000000</in_Quantity.quantity><out_Quantity.quantity>841.700332</out_Quantity.quantity></Point><Point><position>9199</position><in_Quantity.quantity>0.000000</in_Quantity.quantity><out_Quantity.quantity>543.976113</out_Quantity.quantity></Point><Point><position>9200</position><in_Quantity.quantity>0.000000</in_Quantity.quantity><out_Quantity.quantity>453.188595</out_Quantity.quantity></Point><Point><position>9201</position><in_Quantity.quantity>0.000000</in_Quantity.quantity><out_Quantity.quantity>62.403389</out_Quantity.quantity></Point><Point><position>9202</position><in_Quantity.quantity>0.000000</in_Quantity.quantity><out_Quantity.quantity>753.378746</out_Quantity.quantity></Point><Point><position>9203</position><in_Quantity.quantity>0.000000</in_Quantity.quantity><out_Quantity.quantity>305.564930</out_Quantity.quantity></Point><Point><position>9204</position><in_Quantity.quantity>0.000000</in_Quantity.quantity><out_Quantity.quantity>951.662681</out_Quantity.quantity></Point><Point><position>9205</position><in_Quantity.quantity>0.000000</in_Quantity.quantity><out_Quantity.quantity>0.585982</out_Quantity.quantity></Point><Point><position>9206</position><in_Quantity.quantity>0.000000</in_Quantity.quantity><out_Quantity.quantity>420.878813</out_Quantity.quantity></Point><Point><position>9207</position><in_Quantity.quantity>0.000000</in_Quantity.quantity><out_Quantity.quantity>166.723546</out_Quantity.quantity></Point><Point><position>9208</position><in_Quantity.quantity>0.000000</in_Quantity.quantity><out_Quantity.quantity>481.344947</out_Quantity.quantity></Point><Point><position>9209</position><in_Quantity.quantity>0.000000</in_Quantity.quantity><out_Quantity.quantity>301.152623</out_Quantity.quantity></Point><Point><position>9210</position><in_Quantity.quantity>0.000000</in_Quantity.quantity><out_Quantity.quantity>46.130983</out_Quantity.quantity></Point><Point><position>9211</position><in_Quantity.quantity>0.000000</in_Quantity.quantity><out_Quantity.quantity>540.891879</out_Quantity.quantity></Point><Point><position>9212</position><in_Quantity.quantity>0.000000</in_Quantity.quantity><out_Quantity.quantity>953.780111</out_Quantity.quantity></Point><Point><position>9213</position><in_Quantity.quantity>0.000000</in_Quantity.quantity><out_Quantity.quantity>211.508889</out_Quantity.quantity></Point><Point><position>9214</position><in_Quantity.quantity>0.000000</in_Quantity.quantity><out_Quantity.quantity>881.668256</out_Quantity.quantity></Point><Point><position>9215</position><in_Quantity.quantity>0.000000</in_Quantity.quantity><out_Quantity.quantity>909.116265</out_Quantity.quantity></Point><Point><position>9216</position><in_Quantity.quantity>0.000000</in_Quantity.quantity><out_Quantity.quantity>747.126142</out_Quantity.quantity></Point><Point><position>9217</position><in_Quantity.quantity>0.000000</in_Quantity.quantity><out_Quantity.quantity>198.950305</out_Quantity.quantity></Point><Point><position>9218</position><in_Quantity.quantity>0.000000</in_Quantity.quantity><out_Quantity.quantity>457.827946</out_Quantity.quantity></Point><Point><position>9219</position><in_Quantity.quantity>0.000000</in_Quantity.quantity><out_Quantity.quantity>467.673647</out_Quantity.quantity></Point><Point><position>9220</position><in_Quantity.quantity>0.000000</in_Quantity.quantity><out_Quantity.quantity>655.906551</out_Quantity.quantity></Point><Point><position>9221</position><in_Quantity.quantity>0.000000</in_Quantity.quantity><out_Quantity.quantity>565.549049</out_Quantity.quantity></Point><Point><position>9222</position><in_Quantity.quantity>0.000000</in_Quantity.quantity><out_Quantity.quantity>491.682240</out_Quantity.quantity></Point><Point><position>9223</position><in_Quantity.quantity>0.000000</in_Quantity.quantity><out_Quantity.quantity>653.863612</out_Quantity.quantity></Point><Point><position>9224</position><in_Quantity.quantity>0.000000</in_Quantity.quantity><out_Quantity.quantity>70.220417</out_Quantity.quantity></Point><Point><position>9225</position><in_Quantity.quantity>0.000000</in_Quantity.quantity><out_Quantity.quantity>760.687524</out_Quantity.quantity></Point><Point><position>9226</position><in_Quantity.quantity>0.000000</in_Quantity.quantity><out_Quantity.quantity>913.944076</out_Quantity.quantity></Point><Point><position>9227</position><in_Quantity.quantity>0.000000</in_Quantity.quantity><out_Quantity.quantity>339.450976</out_Quantity.quantity></Point><Point><position>9228</position><in_Quantity.quantity>0.000000</in_Quantity.quantity><out_Quantity.quantity>79.228628</out_Quantity.quantity></Point><Point><position>9229</position><in_Quantity.quantity>0.000000</in_Quantity.quantity><out_Quantity.quantity>414.668122</out_Quantity.quantity></Point><Point><position>9230</position><in_Quantity.quantity>0.000000</in_Quantity.quantity><out_Quantity.quantity>782.458332</out_Quantity.quantity></Point><Point><position>9231</position><in_Quantity.quantity>0.000000</in_Quantity.quantity><out_Quantity.quantity>853.119574</out_Quantity.quantity></Point><Point><position>9232</position><in_Quantity.quantity>0.000000</in_Quantity.quantity><out_Quantity.quantity>917.470277</out_Quantity.quantity></Point><Point><position>9233</position><in_Quantity.quantity>0.000000</in_Quantity.quantity><out_Quantity.quantity>390.045370</out_Quantity.quantity></Point><Point><position>9234</position><in_Quantity.quantity>0.000000</in_Quantity.quantity><out_Quantity.quantity>249.289320</out_Quantity.quantity></Point><Point><position>9235</position><in_Quantity.quantity>0.000000</in_Quantity.quantity><out_Quantity.quantity>292.966123</out_Quantity.quantity></Point><Point><position>9236</position><in_Quantity.quantity>0.000000</in_Quantity.quantity><out_Quantity.quantity>525.160583</out_Quantity.quantity></Point><Point><position>9237</position><in_Quantity.quantity>0.000000</in_Quantity.quantity><out_Quantity.quantity>693.569220</out_Quantity.quantity></Point><Point><position>9238</position><in_Quantity.quantity>0.000000</in_Quantity.quantity><out_Quantity.quantity>255.065847</out_Quantity.quantity></Point><Point><position>9239</position><in_Quantity.quantity>0.000000</in_Quantity.quantity><out_Quantity.quantity>704.320782</out_Quantity.quantity></Point><Point><position>9240</position><in_Quantity.quantity>0.000000</in_Quantity.quantity><out_Quantity.quantity>690.413183</out_Quantity.quantity></Point><Point><position>9241</position><in_Quantity.quantity>0.000000</in_Quantity.quantity><out_Quantity.quantity>899.600248</out_Quantity.quantity></Point><Point><position>9242</position><in_Quantity.quantity>0.000000</in_Quantity.quantity><out_Quantity.quantity>235.072978</out_Quantity.quantity></Point><Point><position>9243</position><in_Quantity.quantity>0.000000</in_Quantity.quantity><out_Quantity.quantity>245.941651</out_Quantity.quantity></Point><Point><position>9244</position><in_Quantity.quantity>0.000000</in_Quantity.quantity><out_Quantity.quantity>827.338112</out_Quantity.quantity></Point><Point><position>9245</position><in_Quantity.quantity>0.000000</in_Quantity.quantity><out_Quantity.quantity>430.794307</out_Quantity.quantity></Point><Point><position>9246</position><in_Quantity.quantity>0.000000</in_Quantity.quantity><out_Quantity.quantity>691.391806</out_Quantity.quantity></Point><Point><position>9247</position><in_Quantity.quantity>0.000000</in_Quantity.quantity><out_Quantity.quantity>326.516850</out_Quantity.quantity></Point><Point><position>9248</position><in_Quantity.quantity>0.000000</in_Quantity.quantity><out_Quantity.quantity>760.655297</out_Quantity.quantity></Point><Point><position>9249</position><in_Quantity.quantity>0.000000</in_Quantity.quantity><out_Quantity.quantity>527.828997</out_Quantity.quantity></Point><Point><position>9250</position><in_Quantity.quantity>0.000000</in_Quantity.quantity><out_Quantity.quantity>765.247652</out_Quantity.quantity></Point><Point><position>9251</position><in_Quantity.quantity>0.000000</in_Quantity.quantity><out_Quantity.quantity>866.766389</out_Quantity.quantity></Point><Point><position>9252</position><in_Quantity.quantity>0.000000</in_Quantity.quantity><out_Quantity.quantity>833.573951</out_Quantity.quantity></Point><Point><position>9253</position><in_Quantity.quantity>0.000000</in_Quantity.quantity><out_Quantity.quantity>637.307472</out_Quantity.quantity></Point><Point><position>9254</position><in_Quantity.quantity>0.000000</in_Quantity.quantity><out_Quantity.quantity>193.569847</out_Quantity.quantity></Point><Point><position>9255</position><in_Quantity.quantity>0.000000</in_Quantity.quantity><out_Quantity.quantity>466.626863</out_Quantity.quantity></Point><Point><position>9256</position><in_Quantity.quantity>0.000000</in_Quantity.quantity><out_Quantity.quantity>366.759102</out_Quantity.quantity></Point><Point><position>9257</position><in_Quantity.quantity>0.000000</in_Quantity.quantity><out_Quantity.quantity>752.166710</out_Quantity.quantity></Point><Point><position>9258</position><in_Quantity.quantity>0.000000</in_Quantity.quantity><out_Quantity.quantity>862.756226</out_Quantity.quantity></Point><Point><position>9259</position><in_Quantity.quantity>0.000000</in_Quantity.quantity><out_Quantity.quantity>694.481272</out_Quantity.quantity></Point><Point><position>9260</position><in_Quantity.quantity>0.000000</in_Quantity.quantity><out_Quantity.quantity>586.910693</out_Quantity.quantity></Point><Point><position>9261</position><in_Quantity.quantity>0.000000</in_Quantity.quantity><out_Quantity.quantity>923.566727</out_Quantity.quantity></Point><Point><position>9262</position><in_Quantity.quantity>0.000000</in_Quantity.quantity><out_Quantity.quantity>651.715402</out_Quantity.quantity></Point><Point><position>9263</position><in_Quantity.quantity>0.000000</in_Quantity.quantity><out_Quantity.quantity>444.288505</out_Quantity.quantity></Point><Point><position>9264</position><in_Quantity.quantity>0.000000</in_Quantity.quantity><out_Quantity.quantity>416.737824</out_Quantity.quantity></Point><Point><position>9265</position><in_Quantity.quantity>0.000000</in_Quantity.quantity><out_Quantity.quantity>353.011507</out_Quantity.quantity></Point><Point><position>9266</position><in_Quantity.quantity>0.000000</in_Quantity.quantity><out_Quantity.quantity>938.515663</out_Quantity.quantity></Point><Point><position>9267</position><in_Quantity.quantity>0.000000</in_Quantity.quantity><out_Quantity.quantity>410.172334</out_Quantity.quantity></Point><Point><position>9268</position><in_Quantity.quantity>0.000000</in_Quantity.quantity><out_Quantity.quantity>806.628267</out_Quantity.quantity></Point><Point><position>9269</position><in_Quantity.quantity>0.000000</in_Quantity.quantity><out_Quantity.quantity>334.217367</out_Quantity.quantity></Point><Point><position>9270</position><in_Quantity.quantity>0.000000</in_Quantity.quantity><out_Quantity.quantity>687.487487</out_Quantity.quantity></Point><Point><position>9271</position><in_Quantity.quantity>0.000000</in_Quantity.quantity><out_Quantity.quantity>731.786248</out_Quantity.quantity></Point><Point><position>9272</position><in_Quantity.quantity>0.000000</in_Quantity.quantity><out_Quantity.quantity>408.539756</out_Quantity.quantity></Point><Point><position>9273</position><in_Quantity.quantity>0.000000</in_Quantity.quantity><out_Quantity.quantity>110.301843</out_Quantity.quantity></Point><Point><position>9274</position><in_Quantity.quantity>0.000000</in_Quantity.quantity><out_Quantity.quantity>698.272394</out_Quantity.quantity></Point><Point><position>9275</position><in_Quantity.quantity>0.000000</in_Quantity.quantity><out_Quantity.quantity>513.411788</out_Quantity.quantity></Point><Point><position>9276</position><in_Quantity.quantity>0.000000</in_Quantity.quantity><out_Quantity.quantity>281.659660</out_Quantity.quantity></Point><Point><position>9277</position><in_Quantity.quantity>0.000000</in_Quantity.quantity><out_Quantity.quantity>41.259550</out_Quantity.quantity></Point><Point><position>9278</position><in_Quantity.quantity>0.000000</in_Quantity.quantity><out_Quantity.quantity>810.040826</out_Quantity.quantity></Point><Point><position>9279</position><in_Quantity.quantity>0.000000</in_Quantity.quantity><out_Quantity.quantity>805.352207</out_Quantity.quantity></Point><Point><position>9280</position><in_Quantity.quantity>0.000000</in_Quantity.quantity><out_Quantity.quantity>190.442457</out_Quantity.quantity></Point><Point><position>9281</position><in_Quantity.quantity>0.000000</in_Quantity.quantity><out_Quantity.quantity>844.772204</out_Quantity.quantity></Point><Point><position>9282</position><in_Quantity.quantity>0.000000</in_Quantity.quantity><out_Quantity.quantity>108.016842</out_Quantity.quantity></Point><Point><position>9283</position><in_Quantity.quantity>0.000000</in_Quantity.quantity><out_Quantity.quantity>2.466093</out_Quantity.quantity></Point><Point><position>9284</position><in_Quantity.quantity>0.000000</in_Quantity.quantity><out_Quantity.quantity>339.907584</out_Quantity.quantity></Point><Point><position>9285</position><in_Quantity.quantity>0.000000</in_Quantity.quantity><out_Quantity.quantity>580.178909</out_Quantity.quantity></Point><Point><position>9286</position><in_Quantity.quantity>0.000000</in_Quantity.quantity><out_Quantity.quantity>796.346925</out_Quantity.quantity></Point><Point><position>9287</position><in_Quantity.quantity>0.000000</in_Quantity.quantity><out_Quantity.quantity>815.404840</out_Quantity.quantity></Point><Point><position>9288</position><in_Quantity.quantity>0.000000</in_Quantity.quantity><out_Quantity.quantity>307.188874</out_Quantity.quantity></Point><Point><position>9289</position><in_Quantity.quantity>0.000000</in_Quantity.quantity><out_Quantity.quantity>187.442938</out_Quantity.quantity></Point><Point><position>9290</position><in_Quantity.quantity>0.000000</in_Quantity.quantity><out_Quantity.quantity>885.337513</out_Quantity.quantity></Point><Point><position>9291</position><in_Quantity.quantity>0.000000</in_Quantity.quantity><out_Quantity.quantity>763.381359</out_Quantity.quantity></Point><Point><position>9292</position><in_Quantity.quantity>0.000000</in_Quantity.quantity><out_Quantity.quantity>947.038576</out_Quantity.quantity></Point><Point><position>9293</position><in_Quantity.quantity>0.000000</in_Quantity.quantity><out_Quantity.quantity>985.217598</out_Quantity.quantity></Point><Point><position>9294</position><in_Quantity.quantity>0.000000</in_Quantity.quantity><out_Quantity.quantity>686.927463</out_Quantity.quantity></Point><Point><position>9295</position><in_Quantity.quantity>0.000000</in_Quantity.quantity><out_Quantity.quantity>739.812865</out_Quantity.quantity></Point><Point><position>9296</position><in_Quantity.quantity>0.000000</in_Quantity.quantity><out_Quantity.quantity>58.281339</out_Quantity.quantity></Point><Point><position>9297</position><in_Quantity.quantity>0.000000</in_Quantity.quantity><out_Quantity.quantity>197.547787</out_Quantity.quantity></Point><Point><position>9298</position><in_Quantity.quantity>0.000000</in_Quantity.quantity><out_Quantity.quantity>100.126976</out_Quantity.quantity></Point><Point><position>9299</position><in_Quantity.quantity>0.000000</in_Quantity.quantity><out_Quantity.quantity>544.377741</out_Quantity.quantity></Point><Point><position>9300</position><in_Quantity.quantity>0.000000</in_Quantity.quantity><out_Quantity.quantity>561.437273</out_Quantity.quantity></Point><Point><position>9301</position><in_Quantity.quantity>0.000000</in_Quantity.quantity><out_Quantity.quantity>907.780229</out_Quantity.quantity></Point><Point><position>9302</position><in_Quantity.quantity>0.000000</in_Quantity.quantity><out_Quantity.quantity>764.986061</out_Quantity.quantity></Point><Point><position>9303</position><in_Quantity.quantity>0.000000</in_Quantity.quantity><out_Quantity.quantity>579.380279</out_Quantity.quantity></Point><Point><position>9304</position><in_Quantity.quantity>0.000000</in_Quantity.quantity><out_Quantity.quantity>732.782435</out_Quantity.quantity></Point><Point><position>9305</position><in_Quantity.quantity>0.000000</in_Quantity.quantity><out_Quantity.quantity>898.149946</out_Quantity.quantity></Point><Point><position>9306</position><in_Quantity.quantity>0.000000</in_Quantity.quantity><out_Quantity.quantity>363.290674</out_Quantity.quantity></Point><Point><position>9307</position><in_Quantity.quantity>0.000000</in_Quantity.quantity><out_Quantity.quantity>614.402201</out_Quantity.quantity></Point><Point><position>9308</position><in_Quantity.quantity>0.000000</in_Quantity.quantity><out_Quantity.quantity>667.021899</out_Quantity.quantity></Point><Point><position>9309</position><in_Quantity.quantity>0.000000</in_Quantity.quantity><out_Quantity.quantity>545.281861</out_Quantity.quantity></Point><Point><position>9310</position><in_Quantity.quantity>0.000000</in_Quantity.quantity><out_Quantity.quantity>99.415493</out_Quantity.quantity></Point><Point><position>9311</position><in_Quantity.quantity>0.000000</in_Quantity.quantity><out_Quantity.quantity>879.631081</out_Quantity.quantity></Point><Point><position>9312</position><in_Quantity.quantity>0.000000</in_Quantity.quantity><out_Quantity.quantity>250.195741</out_Quantity.quantity></Point><Point><position>9313</position><in_Quantity.quantity>0.000000</in_Quantity.quantity><out_Quantity.quantity>173.955605</out_Quantity.quantity></Point><Point><position>9314</position><in_Quantity.quantity>0.000000</in_Quantity.quantity><out_Quantity.quantity>492.054985</out_Quantity.quantity></Point><Point><position>9315</position><in_Quantity.quantity>0.000000</in_Quantity.quantity><out_Quantity.quantity>763.400416</out_Quantity.quantity></Point><Point><position>9316</position><in_Quantity.quantity>0.000000</in_Quantity.quantity><out_Quantity.quantity>891.386829</out_Quantity.quantity></Point><Point><position>9317</position><in_Quantity.quantity>0.000000</in_Quantity.quantity><out_Quantity.quantity>53.632201</out_Quantity.quantity></Point><Point><position>9318</position><in_Quantity.quantity>0.000000</in_Quantity.quantity><out_Quantity.quantity>62.241834</out_Quantity.quantity></Point><Point><position>9319</position><in_Quantity.quantity>0.000000</in_Quantity.quantity><out_Quantity.quantity>727.796897</out_Quantity.quantity></Point><Point><position>9320</position><in_Quantity.quantity>0.000000</in_Quantity.quantity><out_Quantity.quantity>70.424914</out_Quantity.quantity></Point><Point><position>9321</position><in_Quantity.quantity>0.000000</in_Quantity.quantity><out_Quantity.quantity>118.166628</out_Quantity.quantity></Point><Point><position>9322</position><in_Quantity.quantity>0.000000</in_Quantity.quantity><out_Quantity.quantity>897.253217</out_Quantity.quantity></Point><Point><position>9323</position><in_Quantity.quantity>0.000000</in_Quantity.quantity><out_Quantity.quantity>183.333798</out_Quantity.quantity></Point><Point><position>9324</position><in_Quantity.quantity>0.000000</in_Quantity.quantity><out_Quantity.quantity>115.307190</out_Quantity.quantity></Point><Point><position>9325</position><in_Quantity.quantity>0.000000</in_Quantity.quantity><out_Quantity.quantity>55.888778</out_Quantity.quantity></Point><Point><position>9326</position><in_Quantity.quantity>0.000000</in_Quantity.quantity><out_Quantity.quantity>596.658959</out_Quantity.quantity></Point><Point><position>9327</position><in_Quantity.quantity>0.000000</in_Quantity.quantity><out_Quantity.quantity>914.917509</out_Quantity.quantity></Point><Point><position>9328</position><in_Quantity.quantity>0.000000</in_Quantity.quantity><out_Quantity.quantity>132.837093</out_Quantity.quantity></Point><Point><position>9329</position><in_Quantity.quantity>0.000000</in_Quantity.quantity><out_Quantity.quantity>103.579648</out_Quantity.quantity></Point><Point><position>9330</position><in_Quantity.quantity>0.000000</in_Quantity.quantity><out_Quantity.quantity>114.205875</out_Quantity.quantity></Point><Point><position>9331</position><in_Quantity.quantity>0.000000</in_Quantity.quantity><out_Quantity.quantity>652.681044</out_Quantity.quantity></Point><Point><position>9332</position><in_Quantity.quantity>0.000000</in_Quantity.quantity><out_Quantity.quantity>185.142372</out_Quantity.quantity></Point><Point><position>9333</position><in_Quantity.quantity>0.000000</in_Quantity.quantity><out_Quantity.quantity>55.977916</out_Quantity.quantity></Point><Point><position>9334</position><in_Quantity.quantity>0.000000</in_Quantity.quantity><out_Quantity.quantity>232.576365</out_Quantity.quantity></Point><Point><position>9335</position><in_Quantity.quantity>0.000000</in_Quantity.quantity><out_Quantity.quantity>53.570336</out_Quantity.quantity></Point><Point><position>9336</position><in_Quantity.quantity>0.000000</in_Quantity.quantity><out_Quantity.quantity>335.098114</out_Quantity.quantity></Point><Point><position>9337</position><in_Quantity.quantity>0.000000</in_Quantity.quantity><out_Quantity.quantity>653.030656</out_Quantity.quantity></Point><Point><position>9338</position><in_Quantity.quantity>0.000000</in_Quantity.quantity><out_Quantity.quantity>419.469934</out_Quantity.quantity></Point><Point><position>9339</position><in_Quantity.quantity>0.000000</in_Quantity.quantity><out_Quantity.quantity>936.046025</out_Quantity.quantity></Point><Point><position>9340</position><in_Quantity.quantity>0.000000</in_Quantity.quantity><out_Quantity.quantity>255.229666</out_Quantity.quantity></Point><Point><position>9341</position><in_Quantity.quantity>0.000000</in_Quantity.quantity><out_Quantity.quantity>989.271646</out_Quantity.quantity></Point><Point><position>9342</position><in_Quantity.quantity>0.000000</in_Quantity.quantity><out_Quantity.quantity>745.492366</out_Quantity.quantity></Point><Point><position>9343</position><in_Quantity.quantity>0.000000</in_Quantity.quantity><out_Quantity.quantity>105.298439</out_Quantity.quantity></Point><Point><position>9344</position><in_Quantity.quantity>0.000000</in_Quantity.quantity><out_Quantity.quantity>242.280777</out_Quantity.quantity></Point><Point><position>9345</position><in_Quantity.quantity>0.000000</in_Quantity.quantity><out_Quantity.quantity>66.346236</out_Quantity.quantity></Point><Point><position>9346</position><in_Quantity.quantity>0.000000</in_Quantity.quantity><out_Quantity.quantity>701.860965</out_Quantity.quantity></Point><Point><position>9347</position><in_Quantity.quantity>0.000000</in_Quantity.quantity><out_Quantity.quantity>456.882011</out_Quantity.quantity></Point><Point><position>9348</position><in_Quantity.quantity>0.000000</in_Quantity.quantity><out_Quantity.quantity>764.476214</out_Quantity.quantity></Point><Point><position>9349</position><in_Quantity.quantity>0.000000</in_Quantity.quantity><out_Quantity.quantity>831.288676</out_Quantity.quantity></Point><Point><position>9350</position><in_Quantity.quantity>0.000000</in_Quantity.quantity><out_Quantity.quantity>676.891324</out_Quantity.quantity></Point><Point><position>9351</position><in_Quantity.quantity>0.000000</in_Quantity.quantity><out_Quantity.quantity>522.150152</out_Quantity.quantity></Point><Point><position>9352</position><in_Quantity.quantity>0.000000</in_Quantity.quantity><out_Quantity.quantity>475.620750</out_Quantity.quantity></Point><Point><position>9353</position><in_Quantity.quantity>0.000000</in_Quantity.quantity><out_Quantity.quantity>937.135984</out_Quantity.quantity></Point><Point><position>9354</position><in_Quantity.quantity>0.000000</in_Quantity.quantity><out_Quantity.quantity>851.137223</out_Quantity.quantity></Point><Point><position>9355</position><in_Quantity.quantity>0.000000</in_Quantity.quantity><out_Quantity.quantity>325.698527</out_Quantity.quantity></Point><Point><position>9356</position><in_Quantity.quantity>0.000000</in_Quantity.quantity><out_Quantity.quantity>278.134131</out_Quantity.quantity></Point><Point><position>9357</position><in_Quantity.quantity>0.000000</in_Quantity.quantity><out_Quantity.quantity>255.559728</out_Quantity.quantity></Point><Point><position>9358</position><in_Quantity.quantity>0.000000</in_Quantity.quantity><out_Quantity.quantity>858.282010</out_Quantity.quantity></Point><Point><position>9359</position><in_Quantity.quantity>0.000000</in_Quantity.quantity><out_Quantity.quantity>718.382440</out_Quantity.quantity></Point><Point><position>9360</position><in_Quantity.quantity>0.000000</in_Quantity.quantity><out_Quantity.quantity>410.101835</out_Quantity.quantity></Point><Point><position>9361</position><in_Quantity.quantity>0.000000</in_Quantity.quantity><out_Quantity.quantity>815.893439</out_Quantity.quantity></Point><Point><position>9362</position><in_Quantity.quantity>0.000000</in_Quantity.quantity><out_Quantity.quantity>413.955646</out_Quantity.quantity></Point><Point><position>9363</position><in_Quantity.quantity>0.000000</in_Quantity.quantity><out_Quantity.quantity>125.008843</out_Quantity.quantity></Point><Point><position>9364</position><in_Quantity.quantity>0.000000</in_Quantity.quantity><out_Quantity.quantity>264.419102</out_Quantity.quantity></Point><Point><position>9365</position><in_Quantity.quantity>0.000000</in_Quantity.quantity><out_Quantity.quantity>461.056355</out_Quantity.quantity></Point><Point><position>9366</position><in_Quantity.quantity>0.000000</in_Quantity.quantity><out_Quantity.quantity>661.293520</out_Quantity.quantity></Point><Point><position>9367</position><in_Quantity.quantity>0.000000</in_Quantity.quantity><out_Quantity.quantity>46.782269</out_Quantity.quantity></Point><Point><position>9368</position><in_Quantity.quantity>0.000000</in_Quantity.quantity><out_Quantity.quantity>814.162965</out_Quantity.quantity></Point><Point><position>9369</position><in_Quantity.quantity>0.000000</in_Quantity.quantity><out_Quantity.quantity>887.362904</out_Quantity.quantity></Point><Point><position>9370</position><in_Quantity.quantity>0.000000</in_Quantity.quantity><out_Quantity.quantity>224.843375</out_Quantity.quantity></Point><Point><position>9371</position><in_Quantity.quantity>0.000000</in_Quantity.quantity><out_Quantity.quantity>319.956204</out_Quantity.quantity></Point><Point><position>9372</position><in_Quantity.quantity>0.000000</in_Quantity.quantity><out_Quantity.quantity>905.487664</out_Quantity.quantity></Point><Point><position>9373</position><in_Quantity.quantity>0.000000</in_Quantity.quantity><out_Quantity.quantity>638.580344</out_Quantity.quantity></Point><Point><position>9374</position><in_Quantity.quantity>0.000000</in_Quantity.quantity><out_Quantity.quantity>604.259397</out_Quantity.quantity></Point><Point><position>9375</position><in_Quantity.quantity>0.000000</in_Quantity.quantity><out_Quantity.quantity>531.807197</out_Quantity.quantity></Point><Point><position>9376</position><in_Quantity.quantity>0.000000</in_Quantity.quantity><out_Quantity.quantity>822.282528</out_Quantity.quantity></Point><Point><position>9377</position><in_Quantity.quantity>0.000000</in_Quantity.quantity><out_Quantity.quantity>205.501460</out_Quantity.quantity></Point><Point><position>9378</position><in_Quantity.quantity>0.000000</in_Quantity.quantity><out_Quantity.quantity>752.756623</out_Quantity.quantity></Point><Point><position>9379</position><in_Quantity.quantity>0.000000</in_Quantity.quantity><out_Quantity.quantity>629.665884</out_Quantity.quantity></Point><Point><position>9380</position><in_Quantity.quantity>0.000000</in_Quantity.quantity><out_Quantity.quantity>199.288337</out_Quantity.quantity></Point><Point><position>9381</position><in_Quantity.quantity>0.000000</in_Quantity.quantity><out_Quantity.quantity>800.078167</out_Quantity.quantity></Point><Point><position>9382</position><in_Quantity.quantity>0.000000</in_Quantity.quantity><out_Quantity.quantity>725.974599</out_Quantity.quantity></Point><Point><position>9383</position><in_Quantity.quantity>0.000000</in_Quantity.quantity><out_Quantity.quantity>81.521996</out_Quantity.quantity></Point><Point><position>9384</position><in_Quantity.quantity>0.000000</in_Quantity.quantity><out_Quantity.quantity>73.222345</out_Quantity.quantity></Point><Point><position>9385</position><in_Quantity.quantity>0.000000</in_Quantity.quantity><out_Quantity.quantity>307.486418</out_Quantity.quantity></Point><Point><position>9386</position><in_Quantity.quantity>0.000000</in_Quantity.quantity><out_Quantity.quantity>53.241970</out_Quantity.quantity></Point><Point><position>9387</position><in_Quantity.quantity>0.000000</in_Quantity.quantity><out_Quantity.quantity>722.733169</out_Quantity.quantity></Point><Point><position>9388</position><in_Quantity.quantity>0.000000</in_Quantity.quantity><out_Quantity.quantity>994.759823</out_Quantity.quantity></Point><Point><position>9389</position><in_Quantity.quantity>0.000000</in_Quantity.quantity><out_Quantity.quantity>217.455269</out_Quantity.quantity></Point><Point><position>9390</position><in_Quantity.quantity>0.000000</in_Quantity.quantity><out_Quantity.quantity>757.406320</out_Quantity.quantity></Point><Point><position>9391</position><in_Quantity.quantity>0.000000</in_Quantity.quantity><out_Quantity.quantity>274.894966</out_Quantity.quantity></Point><Point><position>9392</position><in_Quantity.quantity>0.000000</in_Quantity.quantity><out_Quantity.quantity>233.554671</out_Quantity.quantity></Point><Point><position>9393</position><in_Quantity.quantity>0.000000</in_Quantity.quantity><out_Quantity.quantity>557.766197</out_Quantity.quantity></Point><Point><position>9394</position><in_Quantity.quantity>0.000000</in_Quantity.quantity><out_Quantity.quantity>575.735356</out_Quantity.quantity></Point><Point><position>9395</position><in_Quantity.quantity>0.000000</in_Quantity.quantity><out_Quantity.quantity>706.300041</out_Quantity.quantity></Point><Point><position>9396</position><in_Quantity.quantity>0.000000</in_Quantity.quantity><out_Quantity.quantity>531.319879</out_Quantity.quantity></Point><Point><position>9397</position><in_Quantity.quantity>0.000000</in_Quantity.quantity><out_Quantity.quantity>281.169578</out_Quantity.quantity></Point><Point><position>9398</position><in_Quantity.quantity>0.000000</in_Quantity.quantity><out_Quantity.quantity>915.995021</out_Quantity.quantity></Point><Point><position>9399</position><in_Quantity.quantity>0.000000</in_Quantity.quantity><out_Quantity.quantity>501.179430</out_Quantity.quantity></Point><Point><position>9400</position><in_Quantity.quantity>0.000000</in_Quantity.quantity><out_Quantity.quantity>690.556315</out_Quantity.quantity></Point><Point><position>9401</position><in_Quantity.quantity>0.000000</in_Quantity.quantity><out_Quantity.quantity>36.214559</out_Quantity.quantity></Point><Point><position>9402</position><in_Quantity.quantity>0.000000</in_Quantity.quantity><out_Quantity.quantity>77.602764</out_Quantity.quantity></Point><Point><position>9403</position><in_Quantity.quantity>0.000000</in_Quantity.quantity><out_Quantity.quantity>984.614422</out_Quantity.quantity></Point><Point><position>9404</position><in_Quantity.quantity>0.000000</in_Quantity.quantity><out_Quantity.quantity>382.531784</out_Quantity.quantity></Point><Point><position>9405</position><in_Quantity.quantity>0.000000</in_Quantity.quantity><out_Quantity.quantity>182.289618</out_Quantity.quantity></Point><Point><position>9406</position><in_Quantity.quantity>0.000000</in_Quantity.quantity><out_Quantity.quantity>730.116878</out_Quantity.quantity></Point><Point><position>9407</position><in_Quantity.quantity>0.000000</in_Quantity.quantity><out_Quantity.quantity>898.763509</out_Quantity.quantity></Point><Point><position>9408</position><in_Quantity.quantity>0.000000</in_Quantity.quantity><out_Quantity.quantity>120.361852</out_Quantity.quantity></Point><Point><position>9409</position><in_Quantity.quantity>0.000000</in_Quantity.quantity><out_Quantity.quantity>303.977972</out_Quantity.quantity></Point><Point><position>9410</position><in_Quantity.quantity>0.000000</in_Quantity.quantity><out_Quantity.quantity>681.893854</out_Quantity.quantity></Point><Point><position>9411</position><in_Quantity.quantity>0.000000</in_Quantity.quantity><out_Quantity.quantity>558.026866</out_Quantity.quantity></Point><Point><position>9412</position><in_Quantity.quantity>0.000000</in_Quantity.quantity><out_Quantity.quantity>923.291471</out_Quantity.quantity></Point><Point><position>9413</position><in_Quantity.quantity>0.000000</in_Quantity.quantity><out_Quantity.quantity>914.148321</out_Quantity.quantity></Point><Point><position>9414</position><in_Quantity.quantity>0.000000</in_Quantity.quantity><out_Quantity.quantity>388.108418</out_Quantity.quantity></Point><Point><position>9415</position><in_Quantity.quantity>0.000000</in_Quantity.quantity><out_Quantity.quantity>215.711554</out_Quantity.quantity></Point><Point><position>9416</position><in_Quantity.quantity>0.000000</in_Quantity.quantity><out_Quantity.quantity>19.579861</out_Quantity.quantity></Point><Point><position>9417</position><in_Quantity.quantity>0.000000</in_Quantity.quantity><out_Quantity.quantity>978.917610</out_Quantity.quantity></Point><Point><position>9418</position><in_Quantity.quantity>0.000000</in_Quantity.quantity><out_Quantity.quantity>444.042496</out_Quantity.quantity></Point><Point><position>9419</position><in_Quantity.quantity>0.000000</in_Quantity.quantity><out_Quantity.quantity>213.548128</out_Quantity.quantity></Point><Point><position>9420</position><in_Quantity.quantity>0.000000</in_Quantity.quantity><out_Quantity.quantity>668.697747</out_Quantity.quantity></Point><Point><position>9421</position><in_Quantity.quantity>0.000000</in_Quantity.quantity><out_Quantity.quantity>633.375428</out_Quantity.quantity></Point><Point><position>9422</position><in_Quantity.quantity>0.000000</in_Quantity.quantity><out_Quantity.quantity>571.421006</out_Quantity.quantity></Point><Point><position>9423</position><in_Quantity.quantity>0.000000</in_Quantity.quantity><out_Quantity.quantity>66.369536</out_Quantity.quantity></Point><Point><position>9424</position><in_Quantity.quantity>0.000000</in_Quantity.quantity><out_Quantity.quantity>911.815119</out_Quantity.quantity></Point><Point><position>9425</position><in_Quantity.quantity>0.000000</in_Quantity.quantity><out_Quantity.quantity>492.653774</out_Quantity.quantity></Point><Point><position>9426</position><in_Quantity.quantity>0.000000</in_Quantity.quantity><out_Quantity.quantity>55.276972</out_Quantity.quantity></Point><Point><position>9427</position><in_Quantity.quantity>0.000000</in_Quantity.quantity><out_Quantity.quantity>255.707840</out_Quantity.quantity></Point><Point><position>9428</position><in_Quantity.quantity>0.000000</in_Quantity.quantity><out_Quantity.quantity>442.843064</out_Quantity.quantity></Point><Point><position>9429</position><in_Quantity.quantity>0.000000</in_Quantity.quantity><out_Quantity.quantity>143.551147</out_Quantity.quantity></Point><Point><position>9430</position><in_Quantity.quantity>0.000000</in_Quantity.quantity><out_Quantity.quantity>479.625977</out_Quantity.quantity></Point><Point><position>9431</position><in_Quantity.quantity>0.000000</in_Quantity.quantity><out_Quantity.quantity>316.501461</out_Quantity.quantity></Point><Point><position>9432</position><in_Quantity.quantity>0.000000</in_Quantity.quantity><out_Quantity.quantity>91.218515</out_Quantity.quantity></Point><Point><position>9433</position><in_Quantity.quantity>0.000000</in_Quantity.quantity><out_Quantity.quantity>725.075140</out_Quantity.quantity></Point><Point><position>9434</position><in_Quantity.quantity>0.000000</in_Quantity.quantity><out_Quantity.quantity>243.094983</out_Quantity.quantity></Point><Point><position>9435</position><in_Quantity.quantity>0.000000</in_Quantity.quantity><out_Quantity.quantity>638.158341</out_Quantity.quantity></Point><Point><position>9436</position><in_Quantity.quantity>0.000000</in_Quantity.quantity><out_Quantity.quantity>633.495364</out_Quantity.quantity></Point><Point><position>9437</position><in_Quantity.quantity>0.000000</in_Quantity.quantity><out_Quantity.quantity>746.026820</out_Quantity.quantity></Point><Point><position>9438</position><in_Quantity.quantity>0.000000</in_Quantity.quantity><out_Quantity.quantity>648.207145</out_Quantity.quantity></Point><Point><position>9439</position><in_Quantity.quantity>0.000000</in_Quantity.quantity><out_Quantity.quantity>726.816431</out_Quantity.quantity></Point><Point><position>9440</position><in_Quantity.quantity>0.000000</in_Quantity.quantity><out_Quantity.quantity>16.193777</out_Quantity.quantity></Point><Point><position>9441</position><in_Quantity.quantity>0.000000</in_Quantity.quantity><out_Quantity.quantity>23.061893</out_Quantity.quantity></Point><Point><position>9442</position><in_Quantity.quantity>0.000000</in_Quantity.quantity><out_Quantity.quantity>739.572363</out_Quantity.quantity></Point><Point><position>9443</position><in_Quantity.quantity>0.000000</in_Quantity.quantity><out_Quantity.quantity>225.362319</out_Quantity.quantity></Point><Point><position>9444</position><in_Quantity.quantity>0.000000</in_Quantity.quantity><out_Quantity.quantity>565.839585</out_Quantity.quantity></Point><Point><position>9445</position><in_Quantity.quantity>0.000000</in_Quantity.quantity><out_Quantity.quantity>588.634891</out_Quantity.quantity></Point><Point><position>9446</position><in_Quantity.quantity>0.000000</in_Quantity.quantity><out_Quantity.quantity>459.498953</out_Quantity.quantity></Point><Point><position>9447</position><in_Quantity.quantity>0.000000</in_Quantity.quantity><out_Quantity.quantity>85.758226</out_Quantity.quantity></Point><Point><position>9448</position><in_Quantity.quantity>0.000000</in_Quantity.quantity><out_Quantity.quantity>599.439543</out_Quantity.quantity></Point><Point><position>9449</position><in_Quantity.quantity>0.000000</in_Quantity.quantity><out_Quantity.quantity>205.878491</out_Quantity.quantity></Point><Point><position>9450</position><in_Quantity.quantity>0.000000</in_Quantity.quantity><out_Quantity.quantity>23.437390</out_Quantity.quantity></Point><Point><position>9451</position><in_Quantity.quantity>0.000000</in_Quantity.quantity><out_Quantity.quantity>951.297519</out_Quantity.quantity></Point><Point><position>9452</position><in_Quantity.quantity>0.000000</in_Quantity.quantity><out_Quantity.quantity>282.517055</out_Quantity.quantity></Point><Point><position>9453</position><in_Quantity.quantity>0.000000</in_Quantity.quantity><out_Quantity.quantity>49.135176</out_Quantity.quantity></Point><Point><position>9454</position><in_Quantity.quantity>0.000000</in_Quantity.quantity><out_Quantity.quantity>828.106371</out_Quantity.quantity></Point><Point><position>9455</position><in_Quantity.quantity>0.000000</in_Quantity.quantity><out_Quantity.quantity>85.700644</out_Quantity.quantity></Point><Point><position>9456</position><in_Quantity.quantity>0.000000</in_Quantity.quantity><out_Quantity.quantity>970.239941</out_Quantity.quantity></Point><Point><position>9457</position><in_Quantity.quantity>0.000000</in_Quantity.quantity><out_Quantity.quantity>320.971157</out_Quantity.quantity></Point><Point><position>9458</position><in_Quantity.quantity>0.000000</in_Quantity.quantity><out_Quantity.quantity>19.637663</out_Quantity.quantity></Point><Point><position>9459</position><in_Quantity.quantity>0.000000</in_Quantity.quantity><out_Quantity.quantity>644.819775</out_Quantity.quantity></Point><Point><position>9460</position><in_Quantity.quantity>0.000000</in_Quantity.quantity><out_Quantity.quantity>671.526958</out_Quantity.quantity></Point><Point><position>9461</position><in_Quantity.quantity>0.000000</in_Quantity.quantity><out_Quantity.quantity>133.859066</out_Quantity.quantity></Point><Point><position>9462</position><in_Quantity.quantity>0.000000</in_Quantity.quantity><out_Quantity.quantity>674.816646</out_Quantity.quantity></Point><Point><position>9463</position><in_Quantity.quantity>0.000000</in_Quantity.quantity><out_Quantity.quantity>316.507174</out_Quantity.quantity></Point><Point><position>9464</position><in_Quantity.quantity>0.000000</in_Quantity.quantity><out_Quantity.quantity>660.485635</out_Quantity.quantity></Point><Point><position>9465</position><in_Quantity.quantity>0.000000</in_Quantity.quantity><out_Quantity.quantity>393.044809</out_Quantity.quantity></Point><Point><position>9466</position><in_Quantity.quantity>0.000000</in_Quantity.quantity><out_Quantity.quantity>658.687282</out_Quantity.quantity></Point><Point><position>9467</position><in_Quantity.quantity>0.000000</in_Quantity.quantity><out_Quantity.quantity>118.922835</out_Quantity.quantity></Point><Point><position>9468</position><in_Quantity.quantity>0.000000</in_Quantity.quantity><out_Quantity.quantity>310.701123</out_Quantity.quantity></Point><Point><position>9469</position><in_Quantity.quantity>0.000000</in_Quantity.quantity><out_Quantity.quantity>287.797080</out_Quantity.quantity></Point><Point><position>9470</position><in_Quantity.quantity>0.000000</in_Quantity.quantity><out_Quantity.quantity>76.570430</out_Quantity.quantity></Point><Point><position>9471</position><in_Quantity.quantity>0.000000</in_Quantity.quantity><out_Quantity.quantity>929.380496</out_Quantity.quantity></Point><Point><position>9472</position><in_Quantity.quantity>0.000000</in_Quantity.quantity><out_Quantity.quantity>242.862748</out_Quantity.quantity></Point><Point><position>9473</position><in_Quantity.quantity>0.000000</in_Quantity.quantity><out_Quantity.quantity>258.959485</out_Quantity.quantity></Point><Point><position>9474</position><in_Quantity.quantity>0.000000</in_Quantity.quantity><out_Quantity.quantity>108.212040</out_Quantity.quantity></Point><Point><position>9475</position><in_Quantity.quantity>0.000000</in_Quantity.quantity><out_Quantity.quantity>61.107728</out_Quantity.quantity></Point><Point><position>9476</position><in_Quantity.quantity>0.000000</in_Quantity.quantity><out_Quantity.quantity>224.716392</out_Quantity.quantity></Point><Point><position>9477</position><in_Quantity.quantity>0.000000</in_Quantity.quantity><out_Quantity.quantity>609.477140</out_Quantity.quantity></Point><Point><position>9478</position><in_Quantity.quantity>0.000000</in_Quantity.quantity><out_Quantity.quantity>519.965645</out_Quantity.quantity></Point><Point><position>9479</position><in_Quantity.quantity>0.000000</in_Quantity.quantity><out_Quantity.quantity>582.828796</out_Quantity.quantity></Point><Point><position>9480</position><in_Quantity.quantity>0.000000</in_Quantity.quantity><out_Quantity.quantity>964.336453</out_Quantity.quantity></Point><Point><position>9481</position><in_Quantity.quantity>0.000000</in_Quantity.quantity><out_Quantity.quantity>483.971472</out_Quantity.quantity></Point><Point><position>9482</position><in_Quantity.quantity>0.000000</in_Quantity.quantity><out_Quantity.quantity>331.105343</out_Quantity.quantity></Point><Point><position>9483</position><in_Quantity.quantity>0.000000</in_Quantity.quantity><out_Quantity.quantity>265.059031</out_Quantity.quantity></Point><Point><position>9484</position><in_Quantity.quantity>0.000000</in_Quantity.quantity><out_Quantity.quantity>111.466608</out_Quantity.quantity></Point><Point><position>9485</position><in_Quantity.quantity>0.000000</in_Quantity.quantity><out_Quantity.quantity>780.539134</out_Quantity.quantity></Point><Point><position>9486</position><in_Quantity.quantity>0.000000</in_Quantity.quantity><out_Quantity.quantity>621.786491</out_Quantity.quantity></Point><Point><position>9487</position><in_Quantity.quantity>0.000000</in_Quantity.quantity><out_Quantity.quantity>726.399457</out_Quantity.quantity></Point><Point><position>9488</position><in_Quantity.quantity>0.000000</in_Quantity.quantity><out_Quantity.quantity>252.864175</out_Quantity.quantity></Point><Point><position>9489</position><in_Quantity.quantity>0.000000</in_Quantity.quantity><out_Quantity.quantity>786.663042</out_Quantity.quantity></Point><Point><position>9490</position><in_Quantity.quantity>0.000000</in_Quantity.quantity><out_Quantity.quantity>977.658982</out_Quantity.quantity></Point><Point><position>9491</position><in_Quantity.quantity>0.000000</in_Quantity.quantity><out_Quantity.quantity>764.289971</out_Quantity.quantity></Point><Point><position>9492</position><in_Quantity.quantity>0.000000</in_Quantity.quantity><out_Quantity.quantity>406.482536</out_Quantity.quantity></Point><Point><position>9493</position><in_Quantity.quantity>0.000000</in_Quantity.quantity><out_Quantity.quantity>43.455163</out_Quantity.quantity></Point><Point><position>9494</position><in_Quantity.quantity>0.000000</in_Quantity.quantity><out_Quantity.quantity>979.094843</out_Quantity.quantity></Point><Point><position>9495</position><in_Quantity.quantity>0.000000</in_Quantity.quantity><out_Quantity.quantity>968.351223</out_Quantity.quantity></Point><Point><position>9496</position><in_Quantity.quantity>0.000000</in_Quantity.quantity><out_Quantity.quantity>15.402811</out_Quantity.quantity></Point><Point><position>9497</position><in_Quantity.quantity>0.000000</in_Quantity.quantity><out_Quantity.quantity>122.183151</out_Quantity.quantity></Point><Point><position>9498</position><in_Quantity.quantity>0.000000</in_Quantity.quantity><out_Quantity.quantity>111.294006</out_Quantity.quantity></Point><Point><position>9499</position><in_Quantity.quantity>0.000000</in_Quantity.quantity><out_Quantity.quantity>651.356820</out_Quantity.quantity></Point><Point><position>9500</position><in_Quantity.quantity>0.000000</in_Quantity.quantity><out_Quantity.quantity>340.952142</out_Quantity.quantity></Point><Point><position>9501</position><in_Quantity.quantity>0.000000</in_Quantity.quantity><out_Quantity.quantity>426.523420</out_Quantity.quantity></Point><Point><position>9502</position><in_Quantity.quantity>0.000000</in_Quantity.quantity><out_Quantity.quantity>593.382620</out_Quantity.quantity></Point><Point><position>9503</position><in_Quantity.quantity>0.000000</in_Quantity.quantity><out_Quantity.quantity>448.811477</out_Quantity.quantity></Point><Point><position>9504</position><in_Quantity.quantity>0.000000</in_Quantity.quantity><out_Quantity.quantity>824.782149</out_Quantity.quantity></Point><Point><position>9505</position><in_Quantity.quantity>0.000000</in_Quantity.quantity><out_Quantity.quantity>369.006780</out_Quantity.quantity></Point><Point><position>9506</position><in_Quantity.quantity>0.000000</in_Quantity.quantity><out_Quantity.quantity>897.937723</out_Quantity.quantity></Point><Point><position>9507</position><in_Quantity.quantity>0.000000</in_Quantity.quantity><out_Quantity.quantity>180.352311</out_Quantity.quantity></Point><Point><position>9508</position><in_Quantity.quantity>0.000000</in_Quantity.quantity><out_Quantity.quantity>481.876730</out_Quantity.quantity></Point><Point><position>9509</position><in_Quantity.quantity>0.000000</in_Quantity.quantity><out_Quantity.quantity>146.572157</out_Quantity.quantity></Point><Point><position>9510</position><in_Quantity.quantity>0.000000</in_Quantity.quantity><out_Quantity.quantity>154.182281</out_Quantity.quantity></Point><Point><position>9511</position><in_Quantity.quantity>0.000000</in_Quantity.quantity><out_Quantity.quantity>542.648766</out_Quantity.quantity></Point><Point><position>9512</position><in_Quantity.quantity>0.000000</in_Quantity.quantity><out_Quantity.quantity>868.365757</out_Quantity.quantity></Point><Point><position>9513</position><in_Quantity.quantity>0.000000</in_Quantity.quantity><out_Quantity.quantity>505.783647</out_Quantity.quantity></Point><Point><position>9514</position><in_Quantity.quantity>0.000000</in_Quantity.quantity><out_Quantity.quantity>819.887567</out_Quantity.quantity></Point><Point><position>9515</position><in_Quantity.quantity>0.000000</in_Quantity.quantity><out_Quantity.quantity>827.579535</out_Quantity.quantity></Point><Point><position>9516</position><in_Quantity.quantity>0.000000</in_Quantity.quantity><out_Quantity.quantity>755.482846</out_Quantity.quantity></Point><Point><position>9517</position><in_Quantity.quantity>0.000000</in_Quantity.quantity><out_Quantity.quantity>128.406623</out_Quantity.quantity></Point><Point><position>9518</position><in_Quantity.quantity>0.000000</in_Quantity.quantity><out_Quantity.quantity>868.284751</out_Quantity.quantity></Point><Point><position>9519</position><in_Quantity.quantity>0.000000</in_Quantity.quantity><out_Quantity.quantity>809.977600</out_Quantity.quantity></Point><Point><position>9520</position><in_Quantity.quantity>0.000000</in_Quantity.quantity><out_Quantity.quantity>878.353007</out_Quantity.quantity></Point><Point><position>9521</position><in_Quantity.quantity>0.000000</in_Quantity.quantity><out_Quantity.quantity>810.124433</out_Quantity.quantity></Point><Point><position>9522</position><in_Quantity.quantity>0.000000</in_Quantity.quantity><out_Quantity.quantity>41.668301</out_Quantity.quantity></Point><Point><position>9523</position><in_Quantity.quantity>0.000000</in_Quantity.quantity><out_Quantity.quantity>470.940523</out_Quantity.quantity></Point><Point><position>9524</position><in_Quantity.quantity>0.000000</in_Quantity.quantity><out_Quantity.quantity>298.245462</out_Quantity.quantity></Point><Point><position>9525</position><in_Quantity.quantity>0.000000</in_Quantity.quantity><out_Quantity.quantity>522.764655</out_Quantity.quantity></Point><Point><position>9526</position><in_Quantity.quantity>0.000000</in_Quantity.quantity><out_Quantity.quantity>296.113097</out_Quantity.quantity></Point><Point><position>9527</position><in_Quantity.quantity>0.000000</in_Quantity.quantity><out_Quantity.quantity>853.109655</out_Quantity.quantity></Point><Point><position>9528</position><in_Quantity.quantity>0.000000</in_Quantity.quantity><out_Quantity.quantity>626.026780</out_Quantity.quantity></Point><Point><position>9529</position><in_Quantity.quantity>0.000000</in_Quantity.quantity><out_Quantity.quantity>558.857123</out_Quantity.quantity></Point><Point><position>9530</position><in_Quantity.quantity>0.000000</in_Quantity.quantity><out_Quantity.quantity>369.676858</out_Quantity.quantity></Point><Point><position>9531</position><in_Quantity.quantity>0.000000</in_Quantity.quantity><out_Quantity.quantity>335.053103</out_Quantity.quantity></Point><Point><position>9532</position><in_Quantity.quantity>0.000000</in_Quantity.quantity><out_Quantity.quantity>616.488019</out_Quantity.quantity></Point><Point><position>9533</position><in_Quantity.quantity>0.000000</in_Quantity.quantity><out_Quantity.quantity>911.667209</out_Quantity.quantity></Point><Point><position>9534</position><in_Quantity.quantity>0.000000</in_Quantity.quantity><out_Quantity.quantity>419.682428</out_Quantity.quantity></Point><Point><position>9535</position><in_Quantity.quantity>0.000000</in_Quantity.quantity><out_Quantity.quantity>521.748731</out_Quantity.quantity></Point><Point><position>9536</position><in_Quantity.quantity>0.000000</in_Quantity.quantity><out_Quantity.quantity>46.109731</out_Quantity.quantity></Point><Point><position>9537</position><in_Quantity.quantity>0.000000</in_Quantity.quantity><out_Quantity.quantity>490.848375</out_Quantity.quantity></Point><Point><position>9538</position><in_Quantity.quantity>0.000000</in_Quantity.quantity><out_Quantity.quantity>131.300384</out_Quantity.quantity></Point><Point><position>9539</position><in_Quantity.quantity>0.000000</in_Quantity.quantity><out_Quantity.quantity>104.382353</out_Quantity.quantity></Point><Point><position>9540</position><in_Quantity.quantity>0.000000</in_Quantity.quantity><out_Quantity.quantity>889.815115</out_Quantity.quantity></Point><Point><position>9541</position><in_Quantity.quantity>0.000000</in_Quantity.quantity><out_Quantity.quantity>973.839142</out_Quantity.quantity></Point><Point><position>9542</position><in_Quantity.quantity>0.000000</in_Quantity.quantity><out_Quantity.quantity>551.661139</out_Quantity.quantity></Point><Point><position>9543</position><in_Quantity.quantity>0.000000</in_Quantity.quantity><out_Quantity.quantity>519.094956</out_Quantity.quantity></Point><Point><position>9544</position><in_Quantity.quantity>0.000000</in_Quantity.quantity><out_Quantity.quantity>420.276088</out_Quantity.quantity></Point><Point><position>9545</position><in_Quantity.quantity>0.000000</in_Quantity.quantity><out_Quantity.quantity>585.864677</out_Quantity.quantity></Point><Point><position>9546</position><in_Quantity.quantity>0.000000</in_Quantity.quantity><out_Quantity.quantity>965.356735</out_Quantity.quantity></Point><Point><position>9547</position><in_Quantity.quantity>0.000000</in_Quantity.quantity><out_Quantity.quantity>194.397552</out_Quantity.quantity></Point><Point><position>9548</position><in_Quantity.quantity>0.000000</in_Quantity.quantity><out_Quantity.quantity>697.912931</out_Quantity.quantity></Point><Point><position>9549</position><in_Quantity.quantity>0.000000</in_Quantity.quantity><out_Quantity.quantity>796.789431</out_Quantity.quantity></Point><Point><position>9550</position><in_Quantity.quantity>0.000000</in_Quantity.quantity><out_Quantity.quantity>953.956816</out_Quantity.quantity></Point><Point><position>9551</position><in_Quantity.quantity>0.000000</in_Quantity.quantity><out_Quantity.quantity>602.458712</out_Quantity.quantity></Point><Point><position>9552</position><in_Quantity.quantity>0.000000</in_Quantity.quantity><out_Quantity.quantity>896.387255</out_Quantity.quantity></Point><Point><position>9553</position><in_Quantity.quantity>0.000000</in_Quantity.quantity><out_Quantity.quantity>392.492387</out_Quantity.quantity></Point><Point><position>9554</position><in_Quantity.quantity>0.000000</in_Quantity.quantity><out_Quantity.quantity>773.290748</out_Quantity.quantity></Point><Point><position>9555</position><in_Quantity.quantity>0.000000</in_Quantity.quantity><out_Quantity.quantity>54.856731</out_Quantity.quantity></Point><Point><position>9556</position><in_Quantity.quantity>0.000000</in_Quantity.quantity><out_Quantity.quantity>355.485579</out_Quantity.quantity></Point><Point><position>9557</position><in_Quantity.quantity>0.000000</in_Quantity.quantity><out_Quantity.quantity>762.843788</out_Quantity.quantity></Point><Point><position>9558</position><in_Quantity.quantity>0.000000</in_Quantity.quantity><out_Quantity.quantity>150.958404</out_Quantity.quantity></Point><Point><position>9559</position><in_Quantity.quantity>0.000000</in_Quantity.quantity><out_Quantity.quantity>345.141503</out_Quantity.quantity></Point><Point><position>9560</position><in_Quantity.quantity>0.000000</in_Quantity.quantity><out_Quantity.quantity>729.977970</out_Quantity.quantity></Point><Point><position>9561</position><in_Quantity.quantity>0.000000</in_Quantity.quantity><out_Quantity.quantity>583.614048</out_Quantity.quantity></Point><Point><position>9562</position><in_Quantity.quantity>0.000000</in_Quantity.quantity><out_Quantity.quantity>718.252307</out_Quantity.quantity></Point><Point><position>9563</position><in_Quantity.quantity>0.000000</in_Quantity.quantity><out_Quantity.quantity>816.894963</out_Quantity.quantity></Point><Point><position>9564</position><in_Quantity.quantity>0.000000</in_Quantity.quantity><out_Quantity.quantity>19.543095</out_Quantity.quantity></Point><Point><position>9565</position><in_Quantity.quantity>0.000000</in_Quantity.quantity><out_Quantity.quantity>508.378169</out_Quantity.quantity></Point><Point><position>9566</position><in_Quantity.quantity>0.000000</in_Quantity.quantity><out_Quantity.quantity>173.500319</out_Quantity.quantity></Point><Point><position>9567</position><in_Quantity.quantity>0.000000</in_Quantity.quantity><out_Quantity.quantity>632.075769</out_Quantity.quantity></Point><Point><position>9568</position><in_Quantity.quantity>0.000000</in_Quantity.quantity><out_Quantity.quantity>245.896741</out_Quantity.quantity></Point><Point><position>9569</position><in_Quantity.quantity>0.000000</in_Quantity.quantity><out_Quantity.quantity>295.194763</out_Quantity.quantity></Point><Point><position>9570</position><in_Quantity.quantity>0.000000</in_Quantity.quantity><out_Quantity.quantity>273.522095</out_Quantity.quantity></Point><Point><position>9571</position><in_Quantity.quantity>0.000000</in_Quantity.quantity><out_Quantity.quantity>260.244309</out_Quantity.quantity></Point><Point><position>9572</position><in_Quantity.quantity>0.000000</in_Quantity.quantity><out_Quantity.quantity>583.243448</out_Quantity.quantity></Point><Point><position>9573</position><in_Quantity.quantity>0.000000</in_Quantity.quantity><out_Quantity.quantity>998.733835</out_Quantity.quantity></Point><Point><position>9574</position><in_Quantity.quantity>0.000000</in_Quantity.quantity><out_Quantity.quantity>151.106414</out_Quantity.quantity></Point><Point><position>9575</position><in_Quantity.quantity>0.000000</in_Quantity.quantity><out_Quantity.quantity>769.037464</out_Quantity.quantity></Point><Point><position>9576</position><in_Quantity.quantity>0.000000</in_Quantity.quantity><out_Quantity.quantity>90.209416</out_Quantity.quantity></Point><Point><position>9577</position><in_Quantity.quantity>0.000000</in_Quantity.quantity><out_Quantity.quantity>165.108685</out_Quantity.quantity></Point><Point><position>9578</position><in_Quantity.quantity>0.000000</in_Quantity.quantity><out_Quantity.quantity>596.336432</out_Quantity.quantity></Point><Point><position>9579</position><in_Quantity.quantity>0.000000</in_Quantity.quantity><out_Quantity.quantity>421.903730</out_Quantity.quantity></Point><Point><position>9580</position><in_Quantity.quantity>0.000000</in_Quantity.quantity><out_Quantity.quantity>109.398903</out_Quantity.quantity></Point><Point><position>9581</position><in_Quantity.quantity>0.000000</in_Quantity.quantity><out_Quantity.quantity>754.211296</out_Quantity.quantity></Point><Point><position>9582</position><in_Quantity.quantity>0.000000</in_Quantity.quantity><out_Quantity.quantity>804.732214</out_Quantity.quantity></Point><Point><position>9583</position><in_Quantity.quantity>0.000000</in_Quantity.quantity><out_Quantity.quantity>143.088365</out_Quantity.quantity></Point><Point><position>9584</position><in_Quantity.quantity>0.000000</in_Quantity.quantity><out_Quantity.quantity>728.419914</out_Quantity.quantity></Point><Point><position>9585</position><in_Quantity.quantity>0.000000</in_Quantity.quantity><out_Quantity.quantity>670.462047</out_Quantity.quantity></Point><Point><position>9586</position><in_Quantity.quantity>0.000000</in_Quantity.quantity><out_Quantity.quantity>858.620635</out_Quantity.quantity></Point><Point><position>9587</position><in_Quantity.quantity>0.000000</in_Quantity.quantity><out_Quantity.quantity>984.998733</out_Quantity.quantity></Point><Point><position>9588</position><in_Quantity.quantity>0.000000</in_Quantity.quantity><out_Quantity.quantity>827.062275</out_Quantity.quantity></Point><Point><position>9589</position><in_Quantity.quantity>0.000000</in_Quantity.quantity><out_Quantity.quantity>791.502232</out_Quantity.quantity></Point><Point><position>9590</position><in_Quantity.quantity>0.000000</in_Quantity.quantity><out_Quantity.quantity>753.010902</out_Quantity.quantity></Point><Point><position>9591</position><in_Quantity.quantity>0.000000</in_Quantity.quantity><out_Quantity.quantity>471.569660</out_Quantity.quantity></Point><Point><position>9592</position><in_Quantity.quantity>0.000000</in_Quantity.quantity><out_Quantity.quantity>424.931872</out_Quantity.quantity></Point><Point><position>9593</position><in_Quantity.quantity>0.000000</in_Quantity.quantity><out_Quantity.quantity>168.985812</out_Quantity.quantity></Point><Point><position>9594</position><in_Quantity.quantity>0.000000</in_Quantity.quantity><out_Quantity.quantity>794.281052</out_Quantity.quantity></Point><Point><position>9595</position><in_Quantity.quantity>0.000000</in_Quantity.quantity><out_Quantity.quantity>347.721666</out_Quantity.quantity></Point><Point><position>9596</position><in_Quantity.quantity>0.000000</in_Quantity.quantity><out_Quantity.quantity>435.213197</out_Quantity.quantity></Point><Point><position>9597</position><in_Quantity.quantity>0.000000</in_Quantity.quantity><out_Quantity.quantity>927.464412</out_Quantity.quantity></Point><Point><position>9598</position><in_Quantity.quantity>0.000000</in_Quantity.quantity><out_Quantity.quantity>124.839505</out_Quantity.quantity></Point><Point><position>9599</position><in_Quantity.quantity>0.000000</in_Quantity.quantity><out_Quantity.quantity>777.549670</out_Quantity.quantity></Point><Point><position>9600</position><in_Quantity.quantity>0.000000</in_Quantity.quantity><out_Quantity.quantity>837.287933</out_Quantity.quantity></Point><Point><position>9601</position><in_Quantity.quantity>0.000000</in_Quantity.quantity><out_Quantity.quantity>631.476945</out_Quantity.quantity></Point><Point><position>9602</position><in_Quantity.quantity>0.000000</in_Quantity.quantity><out_Quantity.quantity>423.021060</out_Quantity.quantity></Point><Point><position>9603</position><in_Quantity.quantity>0.000000</in_Quantity.quantity><out_Quantity.quantity>913.916272</out_Quantity.quantity></Point><Point><position>9604</position><in_Quantity.quantity>0.000000</in_Quantity.quantity><out_Quantity.quantity>606.332414</out_Quantity.quantity></Point><Point><position>9605</position><in_Quantity.quantity>0.000000</in_Quantity.quantity><out_Quantity.quantity>153.679328</out_Quantity.quantity></Point><Point><position>9606</position><in_Quantity.quantity>0.000000</in_Quantity.quantity><out_Quantity.quantity>33.077674</out_Quantity.quantity></Point><Point><position>9607</position><in_Quantity.quantity>0.000000</in_Quantity.quantity><out_Quantity.quantity>686.857907</out_Quantity.quantity></Point><Point><position>9608</position><in_Quantity.quantity>0.000000</in_Quantity.quantity><out_Quantity.quantity>297.535281</out_Quantity.quantity></Point><Point><position>9609</position><in_Quantity.quantity>0.000000</in_Quantity.quantity><out_Quantity.quantity>529.098248</out_Quantity.quantity></Point><Point><position>9610</position><in_Quantity.quantity>0.000000</in_Quantity.quantity><out_Quantity.quantity>935.178640</out_Quantity.quantity></Point><Point><position>9611</position><in_Quantity.quantity>0.000000</in_Quantity.quantity><out_Quantity.quantity>805.332512</out_Quantity.quantity></Point><Point><position>9612</position><in_Quantity.quantity>0.000000</in_Quantity.quantity><out_Quantity.quantity>762.615534</out_Quantity.quantity></Point><Point><position>9613</position><in_Quantity.quantity>0.000000</in_Quantity.quantity><out_Quantity.quantity>960.830565</out_Quantity.quantity></Point><Point><position>9614</position><in_Quantity.quantity>0.000000</in_Quantity.quantity><out_Quantity.quantity>5.508125</out_Quantity.quantity></Point><Point><position>9615</position><in_Quantity.quantity>0.000000</in_Quantity.quantity><out_Quantity.quantity>703.879314</out_Quantity.quantity></Point><Point><position>9616</position><in_Quantity.quantity>0.000000</in_Quantity.quantity><out_Quantity.quantity>311.378783</out_Quantity.quantity></Point><Point><position>9617</position><in_Quantity.quantity>0.000000</in_Quantity.quantity><out_Quantity.quantity>696.156585</out_Quantity.quantity></Point><Point><position>9618</position><in_Quantity.quantity>0.000000</in_Quantity.quantity><out_Quantity.quantity>831.056147</out_Quantity.quantity></Point><Point><position>9619</position><in_Quantity.quantity>0.000000</in_Quantity.quantity><out_Quantity.quantity>699.849525</out_Quantity.quantity></Point><Point><position>9620</position><in_Quantity.quantity>0.000000</in_Quantity.quantity><out_Quantity.quantity>19.095135</out_Quantity.quantity></Point><Point><position>9621</position><in_Quantity.quantity>0.000000</in_Quantity.quantity><out_Quantity.quantity>926.668772</out_Quantity.quantity></Point><Point><position>9622</position><in_Quantity.quantity>0.000000</in_Quantity.quantity><out_Quantity.quantity>162.925171</out_Quantity.quantity></Point><Point><position>9623</position><in_Quantity.quantity>0.000000</in_Quantity.quantity><out_Quantity.quantity>259.874042</out_Quantity.quantity></Point><Point><position>9624</position><in_Quantity.quantity>0.000000</in_Quantity.quantity><out_Quantity.quantity>311.466286</out_Quantity.quantity></Point><Point><position>9625</position><in_Quantity.quantity>0.000000</in_Quantity.quantity><out_Quantity.quantity>623.971704</out_Quantity.quantity></Point><Point><position>9626</position><in_Quantity.quantity>0.000000</in_Quantity.quantity><out_Quantity.quantity>84.204430</out_Quantity.quantity></Point><Point><position>9627</position><in_Quantity.quantity>0.000000</in_Quantity.quantity><out_Quantity.quantity>628.552344</out_Quantity.quantity></Point><Point><position>9628</position><in_Quantity.quantity>0.000000</in_Quantity.quantity><out_Quantity.quantity>501.524499</out_Quantity.quantity></Point><Point><position>9629</position><in_Quantity.quantity>0.000000</in_Quantity.quantity><out_Quantity.quantity>62.003342</out_Quantity.quantity></Point><Point><position>9630</position><in_Quantity.quantity>0.000000</in_Quantity.quantity><out_Quantity.quantity>860.911674</out_Quantity.quantity></Point><Point><position>9631</position><in_Quantity.quantity>0.000000</in_Quantity.quantity><out_Quantity.quantity>181.691838</out_Quantity.quantity></Point><Point><position>9632</position><in_Quantity.quantity>0.000000</in_Quantity.quantity><out_Quantity.quantity>809.533456</out_Quantity.quantity></Point><Point><position>9633</position><in_Quantity.quantity>0.000000</in_Quantity.quantity><out_Quantity.quantity>767.119461</out_Quantity.quantity></Point><Point><position>9634</position><in_Quantity.quantity>0.000000</in_Quantity.quantity><out_Quantity.quantity>216.074484</out_Quantity.quantity></Point><Point><position>9635</position><in_Quantity.quantity>0.000000</in_Quantity.quantity><out_Quantity.quantity>465.494415</out_Quantity.quantity></Point><Point><position>9636</position><in_Quantity.quantity>0.000000</in_Quantity.quantity><out_Quantity.quantity>996.914665</out_Quantity.quantity></Point><Point><position>9637</position><in_Quantity.quantity>0.000000</in_Quantity.quantity><out_Quantity.quantity>949.904613</out_Quantity.quantity></Point><Point><position>9638</position><in_Quantity.quantity>0.000000</in_Quantity.quantity><out_Quantity.quantity>678.278105</out_Quantity.quantity></Point><Point><position>9639</position><in_Quantity.quantity>0.000000</in_Quantity.quantity><out_Quantity.quantity>559.574208</out_Quantity.quantity></Point><Point><position>9640</position><in_Quantity.quantity>0.000000</in_Quantity.quantity><out_Quantity.quantity>396.215408</out_Quantity.quantity></Point><Point><position>9641</position><in_Quantity.quantity>0.000000</in_Quantity.quantity><out_Quantity.quantity>831.578074</out_Quantity.quantity></Point><Point><position>9642</position><in_Quantity.quantity>0.000000</in_Quantity.quantity><out_Quantity.quantity>915.571564</out_Quantity.quantity></Point><Point><position>9643</position><in_Quantity.quantity>0.000000</in_Quantity.quantity><out_Quantity.quantity>767.875612</out_Quantity.quantity></Point><Point><position>9644</position><in_Quantity.quantity>0.000000</in_Quantity.quantity><out_Quantity.quantity>708.983733</out_Quantity.quantity></Point><Point><position>9645</position><in_Quantity.quantity>0.000000</in_Quantity.quantity><out_Quantity.quantity>762.606428</out_Quantity.quantity></Point><Point><position>9646</position><in_Quantity.quantity>0.000000</in_Quantity.quantity><out_Quantity.quantity>624.380314</out_Quantity.quantity></Point><Point><position>9647</position><in_Quantity.quantity>0.000000</in_Quantity.quantity><out_Quantity.quantity>725.562384</out_Quantity.quantity></Point><Point><position>9648</position><in_Quantity.quantity>0.000000</in_Quantity.quantity><out_Quantity.quantity>421.894192</out_Quantity.quantity></Point><Point><position>9649</position><in_Quantity.quantity>0.000000</in_Quantity.quantity><out_Quantity.quantity>458.565709</out_Quantity.quantity></Point><Point><position>9650</position><in_Quantity.quantity>0.000000</in_Quantity.quantity><out_Quantity.quantity>212.048774</out_Quantity.quantity></Point><Point><position>9651</position><in_Quantity.quantity>0.000000</in_Quantity.quantity><out_Quantity.quantity>346.798555</out_Quantity.quantity></Point><Point><position>9652</position><in_Quantity.quantity>0.000000</in_Quantity.quantity><out_Quantity.quantity>242.901878</out_Quantity.quantity></Point><Point><position>9653</position><in_Quantity.quantity>0.000000</in_Quantity.quantity><out_Quantity.quantity>948.904645</out_Quantity.quantity></Point><Point><position>9654</position><in_Quantity.quantity>0.000000</in_Quantity.quantity><out_Quantity.quantity>778.423154</out_Quantity.quantity></Point><Point><position>9655</position><in_Quantity.quantity>0.000000</in_Quantity.quantity><out_Quantity.quantity>226.541010</out_Quantity.quantity></Point><Point><position>9656</position><in_Quantity.quantity>0.000000</in_Quantity.quantity><out_Quantity.quantity>575.673229</out_Quantity.quantity></Point><Point><position>9657</position><in_Quantity.quantity>0.000000</in_Quantity.quantity><out_Quantity.quantity>302.308512</out_Quantity.quantity></Point><Point><position>9658</position><in_Quantity.quantity>0.000000</in_Quantity.quantity><out_Quantity.quantity>410.728027</out_Quantity.quantity></Point><Point><position>9659</position><in_Quantity.quantity>0.000000</in_Quantity.quantity><out_Quantity.quantity>61.665390</out_Quantity.quantity></Point><Point><position>9660</position><in_Quantity.quantity>0.000000</in_Quantity.quantity><out_Quantity.quantity>914.942875</out_Quantity.quantity></Point><Point><position>9661</position><in_Quantity.quantity>0.000000</in_Quantity.quantity><out_Quantity.quantity>682.453390</out_Quantity.quantity></Point><Point><position>9662</position><in_Quantity.quantity>0.000000</in_Quantity.quantity><out_Quantity.quantity>173.381668</out_Quantity.quantity></Point><Point><position>9663</position><in_Quantity.quantity>0.000000</in_Quantity.quantity><out_Quantity.quantity>304.577205</out_Quantity.quantity></Point><Point><position>9664</position><in_Quantity.quantity>0.000000</in_Quantity.quantity><out_Quantity.quantity>527.624448</out_Quantity.quantity></Point><Point><position>9665</position><in_Quantity.quantity>0.000000</in_Quantity.quantity><out_Quantity.quantity>592.776820</out_Quantity.quantity></Point><Point><position>9666</position><in_Quantity.quantity>0.000000</in_Quantity.quantity><out_Quantity.quantity>204.205339</out_Quantity.quantity></Point><Point><position>9667</position><in_Quantity.quantity>0.000000</in_Quantity.quantity><out_Quantity.quantity>364.852766</out_Quantity.quantity></Point><Point><position>9668</position><in_Quantity.quantity>0.000000</in_Quantity.quantity><out_Quantity.quantity>847.834914</out_Quantity.quantity></Point><Point><position>9669</position><in_Quantity.quantity>0.000000</in_Quantity.quantity><out_Quantity.quantity>384.216894</out_Quantity.quantity></Point><Point><position>9670</position><in_Quantity.quantity>0.000000</in_Quantity.quantity><out_Quantity.quantity>871.305514</out_Quantity.quantity></Point><Point><position>9671</position><in_Quantity.quantity>0.000000</in_Quantity.quantity><out_Quantity.quantity>639.732544</out_Quantity.quantity></Point><Point><position>9672</position><in_Quantity.quantity>0.000000</in_Quantity.quantity><out_Quantity.quantity>989.521499</out_Quantity.quantity></Point><Point><position>9673</position><in_Quantity.quantity>0.000000</in_Quantity.quantity><out_Quantity.quantity>219.746720</out_Quantity.quantity></Point><Point><position>9674</position><in_Quantity.quantity>0.000000</in_Quantity.quantity><out_Quantity.quantity>48.626083</out_Quantity.quantity></Point><Point><position>9675</position><in_Quantity.quantity>0.000000</in_Quantity.quantity><out_Quantity.quantity>622.481662</out_Quantity.quantity></Point><Point><position>9676</position><in_Quantity.quantity>0.000000</in_Quantity.quantity><out_Quantity.quantity>38.430735</out_Quantity.quantity></Point><Point><position>9677</position><in_Quantity.quantity>0.000000</in_Quantity.quantity><out_Quantity.quantity>152.752268</out_Quantity.quantity></Point><Point><position>9678</position><in_Quantity.quantity>0.000000</in_Quantity.quantity><out_Quantity.quantity>800.636287</out_Quantity.quantity></Point><Point><position>9679</position><in_Quantity.quantity>0.000000</in_Quantity.quantity><out_Quantity.quantity>991.666915</out_Quantity.quantity></Point><Point><position>9680</position><in_Quantity.quantity>0.000000</in_Quantity.quantity><out_Quantity.quantity>897.936950</out_Quantity.quantity></Point><Point><position>9681</position><in_Quantity.quantity>0.000000</in_Quantity.quantity><out_Quantity.quantity>875.786089</out_Quantity.quantity></Point><Point><position>9682</position><in_Quantity.quantity>0.000000</in_Quantity.quantity><out_Quantity.quantity>844.057122</out_Quantity.quantity></Point><Point><position>9683</position><in_Quantity.quantity>0.000000</in_Quantity.quantity><out_Quantity.quantity>906.135685</out_Quantity.quantity></Point><Point><position>9684</position><in_Quantity.quantity>0.000000</in_Quantity.quantity><out_Quantity.quantity>668.352670</out_Quantity.quantity></Point><Point><position>9685</position><in_Quantity.quantity>0.000000</in_Quantity.quantity><out_Quantity.quantity>664.645516</out_Quantity.quantity></Point><Point><position>9686</position><in_Quantity.quantity>0.000000</in_Quantity.quantity><out_Quantity.quantity>255.271242</out_Quantity.quantity></Point><Point><position>9687</position><in_Quantity.quantity>0.000000</in_Quantity.quantity><out_Quantity.quantity>514.378801</out_Quantity.quantity></Point><Point><position>9688</position><in_Quantity.quantity>0.000000</in_Quantity.quantity><out_Quantity.quantity>692.164192</out_Quantity.quantity></Point><Point><position>9689</position><in_Quantity.quantity>0.000000</in_Quantity.quantity><out_Quantity.quantity>900.888112</out_Quantity.quantity></Point><Point><position>9690</position><in_Quantity.quantity>0.000000</in_Quantity.quantity><out_Quantity.quantity>735.358750</out_Quantity.quantity></Point><Point><position>9691</position><in_Quantity.quantity>0.000000</in_Quantity.quantity><out_Quantity.quantity>115.494248</out_Quantity.quantity></Point><Point><position>9692</position><in_Quantity.quantity>0.000000</in_Quantity.quantity><out_Quantity.quantity>121.643191</out_Quantity.quantity></Point><Point><position>9693</position><in_Quantity.quantity>0.000000</in_Quantity.quantity><out_Quantity.quantity>147.678679</out_Quantity.quantity></Point><Point><position>9694</position><in_Quantity.quantity>0.000000</in_Quantity.quantity><out_Quantity.quantity>526.503958</out_Quantity.quantity></Point><Point><position>9695</position><in_Quantity.quantity>0.000000</in_Quantity.quantity><out_Quantity.quantity>576.720449</out_Quantity.quantity></Point><Point><position>9696</position><in_Quantity.quantity>0.000000</in_Quantity.quantity><out_Quantity.quantity>113.402106</out_Quantity.quantity></Point><Point><position>9697</position><in_Quantity.quantity>0.000000</in_Quantity.quantity><out_Quantity.quantity>136.806437</out_Quantity.quantity></Point><Point><position>9698</position><in_Quantity.quantity>0.000000</in_Quantity.quantity><out_Quantity.quantity>850.817768</out_Quantity.quantity></Point><Point><position>9699</position><in_Quantity.quantity>0.000000</in_Quantity.quantity><out_Quantity.quantity>48.564114</out_Quantity.quantity></Point><Point><position>9700</position><in_Quantity.quantity>0.000000</in_Quantity.quantity><out_Quantity.quantity>215.441513</out_Quantity.quantity></Point><Point><position>9701</position><in_Quantity.quantity>0.000000</in_Quantity.quantity><out_Quantity.quantity>732.695541</out_Quantity.quantity></Point><Point><position>9702</position><in_Quantity.quantity>0.000000</in_Quantity.quantity><out_Quantity.quantity>129.643033</out_Quantity.quantity></Point><Point><position>9703</position><in_Quantity.quantity>0.000000</in_Quantity.quantity><out_Quantity.quantity>375.765763</out_Quantity.quantity></Point><Point><position>9704</position><in_Quantity.quantity>0.000000</in_Quantity.quantity><out_Quantity.quantity>282.231591</out_Quantity.quantity></Point><Point><position>9705</position><in_Quantity.quantity>0.000000</in_Quantity.quantity><out_Quantity.quantity>256.396227</out_Quantity.quantity></Point><Point><position>9706</position><in_Quantity.quantity>0.000000</in_Quantity.quantity><out_Quantity.quantity>95.185356</out_Quantity.quantity></Point><Point><position>9707</position><in_Quantity.quantity>0.000000</in_Quantity.quantity><out_Quantity.quantity>906.421874</out_Quantity.quantity></Point><Point><position>9708</position><in_Quantity.quantity>0.000000</in_Quantity.quantity><out_Quantity.quantity>124.613878</out_Quantity.quantity></Point><Point><position>9709</position><in_Quantity.quantity>0.000000</in_Quantity.quantity><out_Quantity.quantity>220.958034</out_Quantity.quantity></Point><Point><position>9710</position><in_Quantity.quantity>0.000000</in_Quantity.quantity><out_Quantity.quantity>455.056214</out_Quantity.quantity></Point><Point><position>9711</position><in_Quantity.quantity>0.000000</in_Quantity.quantity><out_Quantity.quantity>875.126709</out_Quantity.quantity></Point><Point><position>9712</position><in_Quantity.quantity>0.000000</in_Quantity.quantity><out_Quantity.quantity>389.755445</out_Quantity.quantity></Point><Point><position>9713</position><in_Quantity.quantity>0.000000</in_Quantity.quantity><out_Quantity.quantity>291.182360</out_Quantity.quantity></Point><Point><position>9714</position><in_Quantity.quantity>0.000000</in_Quantity.quantity><out_Quantity.quantity>162.693274</out_Quantity.quantity></Point><Point><position>9715</position><in_Quantity.quantity>0.000000</in_Quantity.quantity><out_Quantity.quantity>643.897524</out_Quantity.quantity></Point><Point><position>9716</position><in_Quantity.quantity>0.000000</in_Quantity.quantity><out_Quantity.quantity>793.924543</out_Quantity.quantity></Point><Point><position>9717</position><in_Quantity.quantity>0.000000</in_Quantity.quantity><out_Quantity.quantity>457.736625</out_Quantity.quantity></Point><Point><position>9718</position><in_Quantity.quantity>0.000000</in_Quantity.quantity><out_Quantity.quantity>956.649796</out_Quantity.quantity></Point><Point><position>9719</position><in_Quantity.quantity>0.000000</in_Quantity.quantity><out_Quantity.quantity>10.990820</out_Quantity.quantity></Point><Point><position>9720</position><in_Quantity.quantity>0.000000</in_Quantity.quantity><out_Quantity.quantity>190.823240</out_Quantity.quantity></Point><Point><position>9721</position><in_Quantity.quantity>0.000000</in_Quantity.quantity><out_Quantity.quantity>121.605362</out_Quantity.quantity></Point><Point><position>9722</position><in_Quantity.quantity>0.000000</in_Quantity.quantity><out_Quantity.quantity>217.277047</out_Quantity.quantity></Point><Point><position>9723</position><in_Quantity.quantity>0.000000</in_Quantity.quantity><out_Quantity.quantity>501.992163</out_Quantity.quantity></Point><Point><position>9724</position><in_Quantity.quantity>0.000000</in_Quantity.quantity><out_Quantity.quantity>805.737685</out_Quantity.quantity></Point><Point><position>9725</position><in_Quantity.quantity>0.000000</in_Quantity.quantity><out_Quantity.quantity>110.873714</out_Quantity.quantity></Point><Point><position>9726</position><in_Quantity.quantity>0.000000</in_Quantity.quantity><out_Quantity.quantity>836.351183</out_Quantity.quantity></Point><Point><position>9727</position><in_Quantity.quantity>0.000000</in_Quantity.quantity><out_Quantity.quantity>801.058320</out_Quantity.quantity></Point><Point><position>9728</position><in_Quantity.quantity>0.000000</in_Quantity.quantity><out_Quantity.quantity>935.038655</out_Quantity.quantity></Point><Point><position>9729</position><in_Quantity.quantity>0.000000</in_Quantity.quantity><out_Quantity.quantity>494.886159</out_Quantity.quantity></Point><Point><position>9730</position><in_Quantity.quantity>0.000000</in_Quantity.quantity><out_Quantity.quantity>273.946499</out_Quantity.quantity></Point><Point><position>9731</position><in_Quantity.quantity>0.000000</in_Quantity.quantity><out_Quantity.quantity>663.150563</out_Quantity.quantity></Point><Point><position>9732</position><in_Quantity.quantity>0.000000</in_Quantity.quantity><out_Quantity.quantity>422.363322</out_Quantity.quantity></Point><Point><position>9733</position><in_Quantity.quantity>0.000000</in_Quantity.quantity><out_Quantity.quantity>781.847418</out_Quantity.quantity></Point><Point><position>9734</position><in_Quantity.quantity>0.000000</in_Quantity.quantity><out_Quantity.quantity>905.884019</out_Quantity.quantity></Point><Point><position>9735</position><in_Quantity.quantity>0.000000</in_Quantity.quantity><out_Quantity.quantity>969.757577</out_Quantity.quantity></Point><Point><position>9736</position><in_Quantity.quantity>0.000000</in_Quantity.quantity><out_Quantity.quantity>227.830690</out_Quantity.quantity></Point><Point><position>9737</position><in_Quantity.quantity>0.000000</in_Quantity.quantity><out_Quantity.quantity>617.811200</out_Quantity.quantity></Point><Point><position>9738</position><in_Quantity.quantity>0.000000</in_Quantity.quantity><out_Quantity.quantity>213.044630</out_Quantity.quantity></Point><Point><position>9739</position><in_Quantity.quantity>0.000000</in_Quantity.quantity><out_Quantity.quantity>949.445398</out_Quantity.quantity></Point><Point><position>9740</position><in_Quantity.quantity>0.000000</in_Quantity.quantity><out_Quantity.quantity>641.591901</out_Quantity.quantity></Point><Point><position>9741</position><in_Quantity.quantity>0.000000</in_Quantity.quantity><out_Quantity.quantity>70.653389</out_Quantity.quantity></Point><Point><position>9742</position><in_Quantity.quantity>0.000000</in_Quantity.quantity><out_Quantity.quantity>876.345438</out_Quantity.quantity></Point><Point><position>9743</position><in_Quantity.quantity>0.000000</in_Quantity.quantity><out_Quantity.quantity>572.980832</out_Quantity.quantity></Point><Point><position>9744</position><in_Quantity.quantity>0.000000</in_Quantity.quantity><out_Quantity.quantity>225.869508</out_Quantity.quantity></Point><Point><position>9745</position><in_Quantity.quantity>0.000000</in_Quantity.quantity><out_Quantity.quantity>739.987831</out_Quantity.quantity></Point><Point><position>9746</position><in_Quantity.quantity>0.000000</in_Quantity.quantity><out_Quantity.quantity>377.855986</out_Quantity.quantity></Point><Point><position>9747</position><in_Quantity.quantity>0.000000</in_Quantity.quantity><out_Quantity.quantity>440.831443</out_Quantity.quantity></Point><Point><position>9748</position><in_Quantity.quantity>0.000000</in_Quantity.quantity><out_Quantity.quantity>696.249176</out_Quantity.quantity></Point><Point><position>9749</position><in_Quantity.quantity>0.000000</in_Quantity.quantity><out_Quantity.quantity>979.224742</out_Quantity.quantity></Point><Point><position>9750</position><in_Quantity.quantity>0.000000</in_Quantity.quantity><out_Quantity.quantity>30.644864</out_Quantity.quantity></Point><Point><position>9751</position><in_Quantity.quantity>0.000000</in_Quantity.quantity><out_Quantity.quantity>491.386570</out_Quantity.quantity></Point><Point><position>9752</position><in_Quantity.quantity>0.000000</in_Quantity.quantity><out_Quantity.quantity>947.714004</out_Quantity.quantity></Point><Point><position>9753</position><in_Quantity.quantity>0.000000</in_Quantity.quantity><out_Quantity.quantity>639.278963</out_Quantity.quantity></Point><Point><position>9754</position><in_Quantity.quantity>0.000000</in_Quantity.quantity><out_Quantity.quantity>805.914034</out_Quantity.quantity></Point><Point><position>9755</position><in_Quantity.quantity>0.000000</in_Quantity.quantity><out_Quantity.quantity>44.047302</out_Quantity.quantity></Point><Point><position>9756</position><in_Quantity.quantity>0.000000</in_Quantity.quantity><out_Quantity.quantity>61.352450</out_Quantity.quantity></Point><Point><position>9757</position><in_Quantity.quantity>0.000000</in_Quantity.quantity><out_Quantity.quantity>510.184125</out_Quantity.quantity></Point><Point><position>9758</position><in_Quantity.quantity>0.000000</in_Quantity.quantity><out_Quantity.quantity>249.910700</out_Quantity.quantity></Point><Point><position>9759</position><in_Quantity.quantity>0.000000</in_Quantity.quantity><out_Quantity.quantity>89.858442</out_Quantity.quantity></Point><Point><position>9760</position><in_Quantity.quantity>0.000000</in_Quantity.quantity><out_Quantity.quantity>845.318482</out_Quantity.quantity></Point><Point><position>9761</position><in_Quantity.quantity>0.000000</in_Quantity.quantity><out_Quantity.quantity>914.499114</out_Quantity.quantity></Point><Point><position>9762</position><in_Quantity.quantity>0.000000</in_Quantity.quantity><out_Quantity.quantity>349.548644</out_Quantity.quantity></Point><Point><position>9763</position><in_Quantity.quantity>0.000000</in_Quantity.quantity><out_Quantity.quantity>304.238162</out_Quantity.quantity></Point><Point><position>9764</position><in_Quantity.quantity>0.000000</in_Quantity.quantity><out_Quantity.quantity>465.690398</out_Quantity.quantity></Point><Point><position>9765</position><in_Quantity.quantity>0.000000</in_Quantity.quantity><out_Quantity.quantity>894.016676</out_Quantity.quantity></Point><Point><position>9766</position><in_Quantity.quantity>0.000000</in_Quantity.quantity><out_Quantity.quantity>86.665751</out_Quantity.quantity></Point><Point><position>9767</position><in_Quantity.quantity>0.000000</in_Quantity.quantity><out_Quantity.quantity>768.609761</out_Quantity.quantity></Point><Point><position>9768</position><in_Quantity.quantity>0.000000</in_Quantity.quantity><out_Quantity.quantity>730.423742</out_Quantity.quantity></Point><Point><position>9769</position><in_Quantity.quantity>0.000000</in_Quantity.quantity><out_Quantity.quantity>424.420650</out_Quantity.quantity></Point><Point><position>9770</position><in_Quantity.quantity>0.000000</in_Quantity.quantity><out_Quantity.quantity>697.631038</out_Quantity.quantity></Point><Point><position>9771</position><in_Quantity.quantity>0.000000</in_Quantity.quantity><out_Quantity.quantity>26.058675</out_Quantity.quantity></Point><Point><position>9772</position><in_Quantity.quantity>0.000000</in_Quantity.quantity><out_Quantity.quantity>398.436351</out_Quantity.quantity></Point><Point><position>9773</position><in_Quantity.quantity>0.000000</in_Quantity.quantity><out_Quantity.quantity>265.865836</out_Quantity.quantity></Point><Point><position>9774</position><in_Quantity.quantity>0.000000</in_Quantity.quantity><out_Quantity.quantity>588.987252</out_Quantity.quantity></Point><Point><position>9775</position><in_Quantity.quantity>0.000000</in_Quantity.quantity><out_Quantity.quantity>283.172307</out_Quantity.quantity></Point><Point><position>9776</position><in_Quantity.quantity>0.000000</in_Quantity.quantity><out_Quantity.quantity>251.012569</out_Quantity.quantity></Point><Point><position>9777</position><in_Quantity.quantity>0.000000</in_Quantity.quantity><out_Quantity.quantity>205.750609</out_Quantity.quantity></Point><Point><position>9778</position><in_Quantity.quantity>0.000000</in_Quantity.quantity><out_Quantity.quantity>324.113852</out_Quantity.quantity></Point><Point><position>9779</position><in_Quantity.quantity>0.000000</in_Quantity.quantity><out_Quantity.quantity>881.757745</out_Quantity.quantity></Point><Point><position>9780</position><in_Quantity.quantity>0.000000</in_Quantity.quantity><out_Quantity.quantity>908.497834</out_Quantity.quantity></Point><Point><position>9781</position><in_Quantity.quantity>0.000000</in_Quantity.quantity><out_Quantity.quantity>440.682300</out_Quantity.quantity></Point><Point><position>9782</position><in_Quantity.quantity>0.000000</in_Quantity.quantity><out_Quantity.quantity>833.372829</out_Quantity.quantity></Point><Point><position>9783</position><in_Quantity.quantity>0.000000</in_Quantity.quantity><out_Quantity.quantity>671.749870</out_Quantity.quantity></Point><Point><position>9784</position><in_Quantity.quantity>0.000000</in_Quantity.quantity><out_Quantity.quantity>343.019988</out_Quantity.quantity></Point><Point><position>9785</position><in_Quantity.quantity>0.000000</in_Quantity.quantity><out_Quantity.quantity>839.973487</out_Quantity.quantity></Point><Point><position>9786</position><in_Quantity.quantity>0.000000</in_Quantity.quantity><out_Quantity.quantity>531.699632</out_Quantity.quantity></Point><Point><position>9787</position><in_Quantity.quantity>0.000000</in_Quantity.quantity><out_Quantity.quantity>501.552445</out_Quantity.quantity></Point><Point><position>9788</position><in_Quantity.quantity>0.000000</in_Quantity.quantity><out_Quantity.quantity>258.191307</out_Quantity.quantity></Point><Point><position>9789</position><in_Quantity.quantity>0.000000</in_Quantity.quantity><out_Quantity.quantity>829.631708</out_Quantity.quantity></Point><Point><position>9790</position><in_Quantity.quantity>0.000000</in_Quantity.quantity><out_Quantity.quantity>916.652339</out_Quantity.quantity></Point><Point><position>9791</position><in_Quantity.quantity>0.000000</in_Quantity.quantity><out_Quantity.quantity>910.942300</out_Quantity.quantity></Point><Point><position>9792</position><in_Quantity.quantity>0.000000</in_Quantity.quantity><out_Quantity.quantity>52.545155</out_Quantity.quantity></Point><Point><position>9793</position><in_Quantity.quantity>0.000000</in_Quantity.quantity><out_Quantity.quantity>183.556717</out_Quantity.quantity></Point><Point><position>9794</position><in_Quantity.quantity>0.000000</in_Quantity.quantity><out_Quantity.quantity>51.227663</out_Quantity.quantity></Point><Point><position>9795</position><in_Quantity.quantity>0.000000</in_Quantity.quantity><out_Quantity.quantity>669.953592</out_Quantity.quantity></Point><Point><position>9796</position><in_Quantity.quantity>0.000000</in_Quantity.quantity><out_Quantity.quantity>458.956232</out_Quantity.quantity></Point><Point><position>9797</position><in_Quantity.quantity>0.000000</in_Quantity.quantity><out_Quantity.quantity>141.617773</out_Quantity.quantity></Point><Point><position>9798</position><in_Quantity.quantity>0.000000</in_Quantity.quantity><out_Quantity.quantity>799.951812</out_Quantity.quantity></Point><Point><position>9799</position><in_Quantity.quantity>0.000000</in_Quantity.quantity><out_Quantity.quantity>174.871683</out_Quantity.quantity></Point><Point><position>9800</position><in_Quantity.quantity>0.000000</in_Quantity.quantity><out_Quantity.quantity>511.809814</out_Quantity.quantity></Point><Point><position>9801</position><in_Quantity.quantity>0.000000</in_Quantity.quantity><out_Quantity.quantity>617.280541</out_Quantity.quantity></Point><Point><position>9802</position><in_Quantity.quantity>0.000000</in_Quantity.quantity><out_Quantity.quantity>548.238241</out_Quantity.quantity></Point><Point><position>9803</position><in_Quantity.quantity>0.000000</in_Quantity.quantity><out_Quantity.quantity>493.695671</out_Quantity.quantity></Point><Point><position>9804</position><in_Quantity.quantity>0.000000</in_Quantity.quantity><out_Quantity.quantity>900.148856</out_Quantity.quantity></Point><Point><position>9805</position><in_Quantity.quantity>0.000000</in_Quantity.quantity><out_Quantity.quantity>873.195219</out_Quantity.quantity></Point><Point><position>9806</position><in_Quantity.quantity>0.000000</in_Quantity.quantity><out_Quantity.quantity>668.137927</out_Quantity.quantity></Point><Point><position>9807</position><in_Quantity.quantity>0.000000</in_Quantity.quantity><out_Quantity.quantity>652.802467</out_Quantity.quantity></Point><Point><position>9808</position><in_Quantity.quantity>0.000000</in_Quantity.quantity><out_Quantity.quantity>235.429152</out_Quantity.quantity></Point><Point><position>9809</position><in_Quantity.quantity>0.000000</in_Quantity.quantity><out_Quantity.quantity>479.562089</out_Quantity.quantity></Point><Point><position>9810</position><in_Quantity.quantity>0.000000</in_Quantity.quantity><out_Quantity.quantity>613.865325</out_Quantity.quantity></Point><Point><position>9811</position><in_Quantity.quantity>0.000000</in_Quantity.quantity><out_Quantity.quantity>955.358161</out_Quantity.quantity></Point><Point><position>9812</position><in_Quantity.quantity>0.000000</in_Quantity.quantity><out_Quantity.quantity>993.024173</out_Quantity.quantity></Point><Point><position>9813</position><in_Quantity.quantity>0.000000</in_Quantity.quantity><out_Quantity.quantity>752.340127</out_Quantity.quantity></Point><Point><position>9814</position><in_Quantity.quantity>0.000000</in_Quantity.quantity><out_Quantity.quantity>122.914480</out_Quantity.quantity></Point><Point><position>9815</position><in_Quantity.quantity>0.000000</in_Quantity.quantity><out_Quantity.quantity>158.148933</out_Quantity.quantity></Point><Point><position>9816</position><in_Quantity.quantity>0.000000</in_Quantity.quantity><out_Quantity.quantity>489.787028</out_Quantity.quantity></Point><Point><position>9817</position><in_Quantity.quantity>0.000000</in_Quantity.quantity><out_Quantity.quantity>96.798496</out_Quantity.quantity></Point><Point><position>9818</position><in_Quantity.quantity>0.000000</in_Quantity.quantity><out_Quantity.quantity>185.842004</out_Quantity.quantity></Point><Point><position>9819</position><in_Quantity.quantity>0.000000</in_Quantity.quantity><out_Quantity.quantity>4.089667</out_Quantity.quantity></Point><Point><position>9820</position><in_Quantity.quantity>0.000000</in_Quantity.quantity><out_Quantity.quantity>874.591037</out_Quantity.quantity></Point><Point><position>9821</position><in_Quantity.quantity>0.000000</in_Quantity.quantity><out_Quantity.quantity>176.543393</out_Quantity.quantity></Point><Point><position>9822</position><in_Quantity.quantity>0.000000</in_Quantity.quantity><out_Quantity.quantity>544.524027</out_Quantity.quantity></Point><Point><position>9823</position><in_Quantity.quantity>0.000000</in_Quantity.quantity><out_Quantity.quantity>871.937534</out_Quantity.quantity></Point><Point><position>9824</position><in_Quantity.quantity>0.000000</in_Quantity.quantity><out_Quantity.quantity>905.428228</out_Quantity.quantity></Point><Point><position>9825</position><in_Quantity.quantity>0.000000</in_Quantity.quantity><out_Quantity.quantity>245.065697</out_Quantity.quantity></Point><Point><position>9826</position><in_Quantity.quantity>0.000000</in_Quantity.quantity><out_Quantity.quantity>373.804898</out_Quantity.quantity></Point><Point><position>9827</position><in_Quantity.quantity>0.000000</in_Quantity.quantity><out_Quantity.quantity>147.780668</out_Quantity.quantity></Point><Point><position>9828</position><in_Quantity.quantity>0.000000</in_Quantity.quantity><out_Quantity.quantity>941.544906</out_Quantity.quantity></Point><Point><position>9829</position><in_Quantity.quantity>0.000000</in_Quantity.quantity><out_Quantity.quantity>507.472474</out_Quantity.quantity></Point><Point><position>9830</position><in_Quantity.quantity>0.000000</in_Quantity.quantity><out_Quantity.quantity>826.976222</out_Quantity.quantity></Point><Point><position>9831</position><in_Quantity.quantity>0.000000</in_Quantity.quantity><out_Quantity.quantity>412.870291</out_Quantity.quantity></Point><Point><position>9832</position><in_Quantity.quantity>0.000000</in_Quantity.quantity><out_Quantity.quantity>548.920937</out_Quantity.quantity></Point><Point><position>9833</position><in_Quantity.quantity>0.000000</in_Quantity.quantity><out_Quantity.quantity>473.487382</out_Quantity.quantity></Point><Point><position>9834</position><in_Quantity.quantity>0.000000</in_Quantity.quantity><out_Quantity.quantity>767.978244</out_Quantity.quantity></Point><Point><position>9835</position><in_Quantity.quantity>0.000000</in_Quantity.quantity><out_Quantity.quantity>318.299991</out_Quantity.quantity></Point><Point><position>9836</position><in_Quantity.quantity>0.000000</in_Quantity.quantity><out_Quantity.quantity>680.348626</out_Quantity.quantity></Point><Point><position>9837</position><in_Quantity.quantity>0.000000</in_Quantity.quantity><out_Quantity.quantity>157.336211</out_Quantity.quantity></Point><Point><position>9838</position><in_Quantity.quantity>0.000000</in_Quantity.quantity><out_Quantity.quantity>753.190609</out_Quantity.quantity></Point><Point><position>9839</position><in_Quantity.quantity>0.000000</in_Quantity.quantity><out_Quantity.quantity>698.854895</out_Quantity.quantity></Point><Point><position>9840</position><in_Quantity.quantity>0.000000</in_Quantity.quantity><out_Quantity.quantity>503.453454</out_Quantity.quantity></Point><Point><position>9841</position><in_Quantity.quantity>0.000000</in_Quantity.quantity><out_Quantity.quantity>951.516414</out_Quantity.quantity></Point><Point><position>9842</position><in_Quantity.quantity>0.000000</in_Quantity.quantity><out_Quantity.quantity>466.697190</out_Quantity.quantity></Point><Point><position>9843</position><in_Quantity.quantity>0.000000</in_Quantity.quantity><out_Quantity.quantity>482.906373</out_Quantity.quantity></Point><Point><position>9844</position><in_Quantity.quantity>0.000000</in_Quantity.quantity><out_Quantity.quantity>323.649221</out_Quantity.quantity></Point><Point><position>9845</position><in_Quantity.quantity>0.000000</in_Quantity.quantity><out_Quantity.quantity>270.640625</out_Quantity.quantity></Point><Point><position>9846</position><in_Quantity.quantity>0.000000</in_Quantity.quantity><out_Quantity.quantity>629.457838</out_Quantity.quantity></Point><Point><position>9847</position><in_Quantity.quantity>0.000000</in_Quantity.quantity><out_Quantity.quantity>736.469156</out_Quantity.quantity></Point><Point><position>9848</position><in_Quantity.quantity>0.000000</in_Quantity.quantity><out_Quantity.quantity>973.031739</out_Quantity.quantity></Point><Point><position>9849</position><in_Quantity.quantity>0.000000</in_Quantity.quantity><out_Quantity.quantity>443.259371</out_Quantity.quantity></Point><Point><position>9850</position><in_Quantity.quantity>0.000000</in_Quantity.quantity><out_Quantity.quantity>447.022772</out_Quantity.quantity></Point><Point><position>9851</position><in_Quantity.quantity>0.000000</in_Quantity.quantity><out_Quantity.quantity>965.370901</out_Quantity.quantity></Point><Point><position>9852</position><in_Quantity.quantity>0.000000</in_Quantity.quantity><out_Quantity.quantity>110.523474</out_Quantity.quantity></Point><Point><position>9853</position><in_Quantity.quantity>0.000000</in_Quantity.quantity><out_Quantity.quantity>984.946051</out_Quantity.quantity></Point><Point><position>9854</position><in_Quantity.quantity>0.000000</in_Quantity.quantity><out_Quantity.quantity>64.653566</out_Quantity.quantity></Point><Point><position>9855</position><in_Quantity.quantity>0.000000</in_Quantity.quantity><out_Quantity.quantity>695.458979</out_Quantity.quantity></Point><Point><position>9856</position><in_Quantity.quantity>0.000000</in_Quantity.quantity><out_Quantity.quantity>311.704609</out_Quantity.quantity></Point><Point><position>9857</position><in_Quantity.quantity>0.000000</in_Quantity.quantity><out_Quantity.quantity>637.353133</out_Quantity.quantity></Point><Point><position>9858</position><in_Quantity.quantity>0.000000</in_Quantity.quantity><out_Quantity.quantity>184.271001</out_Quantity.quantity></Point><Point><position>9859</position><in_Quantity.quantity>0.000000</in_Quantity.quantity><out_Quantity.quantity>730.086441</out_Quantity.quantity></Point><Point><position>9860</position><in_Quantity.quantity>0.000000</in_Quantity.quantity><out_Quantity.quantity>838.306883</out_Quantity.quantity></Point><Point><position>9861</position><in_Quantity.quantity>0.000000</in_Quantity.quantity><out_Quantity.quantity>783.856045</out_Quantity.quantity></Point><Point><position>9862</position><in_Quantity.quantity>0.000000</in_Quantity.quantity><out_Quantity.quantity>167.980428</out_Quantity.quantity></Point><Point><position>9863</position><in_Quantity.quantity>0.000000</in_Quantity.quantity><out_Quantity.quantity>758.368747</out_Quantity.quantity></Point><Point><position>9864</position><in_Quantity.quantity>0.000000</in_Quantity.quantity><out_Quantity.quantity>533.072063</out_Quantity.quantity></Point><Point><position>9865</position><in_Quantity.quantity>0.000000</in_Quantity.quantity><out_Quantity.quantity>82.023168</out_Quantity.quantity></Point><Point><position>9866</position><in_Quantity.quantity>0.000000</in_Quantity.quantity><out_Quantity.quantity>372.276317</out_Quantity.quantity></Point><Point><position>9867</position><in_Quantity.quantity>0.000000</in_Quantity.quantity><out_Quantity.quantity>313.644846</out_Quantity.quantity></Point><Point><position>9868</position><in_Quantity.quantity>0.000000</in_Quantity.quantity><out_Quantity.quantity>711.879928</out_Quantity.quantity></Point><Point><position>9869</position><in_Quantity.quantity>0.000000</in_Quantity.quantity><out_Quantity.quantity>97.765600</out_Quantity.quantity></Point><Point><position>9870</position><in_Quantity.quantity>0.000000</in_Quantity.quantity><out_Quantity.quantity>252.064558</out_Quantity.quantity></Point><Point><position>9871</position><in_Quantity.quantity>0.000000</in_Quantity.quantity><out_Quantity.quantity>156.661638</out_Quantity.quantity></Point><Point><position>9872</position><in_Quantity.quantity>0.000000</in_Quantity.quantity><out_Quantity.quantity>489.168157</out_Quantity.quantity></Point><Point><position>9873</position><in_Quantity.quantity>0.000000</in_Quantity.quantity><out_Quantity.quantity>231.497887</out_Quantity.quantity></Point><Point><position>9874</position><in_Quantity.quantity>0.000000</in_Quantity.quantity><out_Quantity.quantity>720.131452</out_Quantity.quantity></Point><Point><position>9875</position><in_Quantity.quantity>0.000000</in_Quantity.quantity><out_Quantity.quantity>81.454846</out_Quantity.quantity></Point><Point><position>9876</position><in_Quantity.quantity>0.000000</in_Quantity.quantity><out_Quantity.quantity>952.417259</out_Quantity.quantity></Point><Point><position>9877</position><in_Quantity.quantity>0.000000</in_Quantity.quantity><out_Quantity.quantity>636.104645</out_Quantity.quantity></Point><Point><position>9878</position><in_Quantity.quantity>0.000000</in_Quantity.quantity><out_Quantity.quantity>244.018283</out_Quantity.quantity></Point><Point><position>9879</position><in_Quantity.quantity>0.000000</in_Quantity.quantity><out_Quantity.quantity>352.299416</out_Quantity.quantity></Point><Point><position>9880</position><in_Quantity.quantity>0.000000</in_Quantity.quantity><out_Quantity.quantity>362.195504</out_Quantity.quantity></Point><Point><position>9881</position><in_Quantity.quantity>0.000000</in_Quantity.quantity><out_Quantity.quantity>460.930551</out_Quantity.quantity></Point><Point><position>9882</position><in_Quantity.quantity>0.000000</in_Quantity.quantity><out_Quantity.quantity>823.327604</out_Quantity.quantity></Point><Point><position>9883</position><in_Quantity.quantity>0.000000</in_Quantity.quantity><out_Quantity.quantity>482.159877</out_Quantity.quantity></Point><Point><position>9884</position><in_Quantity.quantity>0.000000</in_Quantity.quantity><out_Quantity.quantity>150.235308</out_Quantity.quantity></Point><Point><position>9885</position><in_Quantity.quantity>0.000000</in_Quantity.quantity><out_Quantity.quantity>610.466283</out_Quantity.quantity></Point><Point><position>9886</position><in_Quantity.quantity>0.000000</in_Quantity.quantity><out_Quantity.quantity>855.143982</out_Quantity.quantity></Point><Point><position>9887</position><in_Quantity.quantity>0.000000</in_Quantity.quantity><out_Quantity.quantity>792.489617</out_Quantity.quantity></Point><Point><position>9888</position><in_Quantity.quantity>0.000000</in_Quantity.quantity><out_Quantity.quantity>446.866576</out_Quantity.quantity></Point><Point><position>9889</position><in_Quantity.quantity>0.000000</in_Quantity.quantity><out_Quantity.quantity>572.048788</out_Quantity.quantity></Point><Point><position>9890</position><in_Quantity.quantity>0.000000</in_Quantity.quantity><out_Quantity.quantity>388.605990</out_Quantity.quantity></Point><Point><position>9891</position><in_Quantity.quantity>0.000000</in_Quantity.quantity><out_Quantity.quantity>828.244342</out_Quantity.quantity></Point><Point><position>9892</position><in_Quantity.quantity>0.000000</in_Quantity.quantity><out_Quantity.quantity>23.079193</out_Quantity.quantity></Point><Point><position>9893</position><in_Quantity.quantity>0.000000</in_Quantity.quantity><out_Quantity.quantity>500.848061</out_Quantity.quantity></Point><Point><position>9894</position><in_Quantity.quantity>0.000000</in_Quantity.quantity><out_Quantity.quantity>383.497366</out_Quantity.quantity></Point><Point><position>9895</position><in_Quantity.quantity>0.000000</in_Quantity.quantity><out_Quantity.quantity>712.982503</out_Quantity.quantity></Point><Point><position>9896</position><in_Quantity.quantity>0.000000</in_Quantity.quantity><out_Quantity.quantity>176.344036</out_Quantity.quantity></Point><Point><position>9897</position><in_Quantity.quantity>0.000000</in_Quantity.quantity><out_Quantity.quantity>729.969126</out_Quantity.quantity></Point><Point><position>9898</position><in_Quantity.quantity>0.000000</in_Quantity.quantity><out_Quantity.quantity>77.292404</out_Quantity.quantity></Point><Point><position>9899</position><in_Quantity.quantity>0.000000</in_Quantity.quantity><out_Quantity.quantity>2.653639</out_Quantity.quantity></Point><Point><position>9900</position><in_Quantity.quantity>0.000000</in_Quantity.quantity><out_Quantity.quantity>216.821098</out_Quantity.quantity></Point><Point><position>9901</position><in_Quantity.quantity>0.000000</in_Quantity.quantity><out_Quantity.quantity>732.376661</out_Quantity.quantity></Point><Point><position>9902</position><in_Quantity.quantity>0.000000</in_Quantity.quantity><out_Quantity.quantity>330.704491</out_Quantity.quantity></Point><Point><position>9903</position><in_Quantity.quantity>0.000000</in_Quantity.quantity><out_Quantity.quantity>779.383286</out_Quantity.quantity></Point><Point><position>9904</position><in_Quantity.quantity>0.000000</in_Quantity.quantity><out_Quantity.quantity>73.738213</out_Quantity.quantity></Point><Point><position>9905</position><in_Quantity.quantity>0.000000</in_Quantity.quantity><out_Quantity.quantity>680.000900</out_Quantity.quantity></Point><Point><position>9906</position><in_Quantity.quantity>0.000000</in_Quantity.quantity><out_Quantity.quantity>706.056727</out_Quantity.quantity></Point><Point><position>9907</position><in_Quantity.quantity>0.000000</in_Quantity.quantity><out_Quantity.quantity>706.929901</out_Quantity.quantity></Point><Point><position>9908</position><in_Quantity.quantity>0.000000</in_Quantity.quantity><out_Quantity.quantity>742.519883</out_Quantity.quantity></Point><Point><position>9909</position><in_Quantity.quantity>0.000000</in_Quantity.quantity><out_Quantity.quantity>536.324728</out_Quantity.quantity></Point><Point><position>9910</position><in_Quantity.quantity>0.000000</in_Quantity.quantity><out_Quantity.quantity>647.853779</out_Quantity.quantity></Point><Point><position>9911</position><in_Quantity.quantity>0.000000</in_Quantity.quantity><out_Quantity.quantity>18.276127</out_Quantity.quantity></Point><Point><position>9912</position><in_Quantity.quantity>0.000000</in_Quantity.quantity><out_Quantity.quantity>543.598946</out_Quantity.quantity></Point><Point><position>9913</position><in_Quantity.quantity>0.000000</in_Quantity.quantity><out_Quantity.quantity>635.839459</out_Quantity.quantity></Point><Point><position>9914</position><in_Quantity.quantity>0.000000</in_Quantity.quantity><out_Quantity.quantity>358.702466</out_Quantity.quantity></Point><Point><position>9915</position><in_Quantity.quantity>0.000000</in_Quantity.quantity><out_Quantity.quantity>511.188498</out_Quantity.quantity></Point><Point><position>9916</position><in_Quantity.quantity>0.000000</in_Quantity.quantity><out_Quantity.quantity>450.578609</out_Quantity.quantity></Point><Point><position>9917</position><in_Quantity.quantity>0.000000</in_Quantity.quantity><out_Quantity.quantity>77.598080</out_Quantity.quantity></Point><Point><position>9918</position><in_Quantity.quantity>0.000000</in_Quantity.quantity><out_Quantity.quantity>406.096499</out_Quantity.quantity></Point><Point><position>9919</position><in_Quantity.quantity>0.000000</in_Quantity.quantity><out_Quantity.quantity>349.984947</out_Quantity.quantity></Point><Point><position>9920</position><in_Quantity.quantity>0.000000</in_Quantity.quantity><out_Quantity.quantity>667.083034</out_Quantity.quantity></Point><Point><position>9921</position><in_Quantity.quantity>0.000000</in_Quantity.quantity><out_Quantity.quantity>688.716292</out_Quantity.quantity></Point><Point><position>9922</position><in_Quantity.quantity>0.000000</in_Quantity.quantity><out_Quantity.quantity>390.231373</out_Quantity.quantity></Point><Point><position>9923</position><in_Quantity.quantity>0.000000</in_Quantity.quantity><out_Quantity.quantity>293.446681</out_Quantity.quantity></Point><Point><position>9924</position><in_Quantity.quantity>0.000000</in_Quantity.quantity><out_Quantity.quantity>173.971943</out_Quantity.quantity></Point><Point><position>9925</position><in_Quantity.quantity>0.000000</in_Quantity.quantity><out_Quantity.quantity>640.396016</out_Quantity.quantity></Point><Point><position>9926</position><in_Quantity.quantity>0.000000</in_Quantity.quantity><out_Quantity.quantity>967.132972</out_Quantity.quantity></Point><Point><position>9927</position><in_Quantity.quantity>0.000000</in_Quantity.quantity><out_Quantity.quantity>951.936637</out_Quantity.quantity></Point><Point><position>9928</position><in_Quantity.quantity>0.000000</in_Quantity.quantity><out_Quantity.quantity>685.394148</out_Quantity.quantity></Point><Point><position>9929</position><in_Quantity.quantity>0.000000</in_Quantity.quantity><out_Quantity.quantity>473.941150</out_Quantity.quantity></Point><Point><position>9930</position><in_Quantity.quantity>0.000000</in_Quantity.quantity><out_Quantity.quantity>615.784956</out_Quantity.quantity></Point><Point><position>9931</position><in_Quantity.quantity>0.000000</in_Quantity.quantity><out_Quantity.quantity>295.869723</out_Quantity.quantity></Point><Point><position>9932</position><in_Quantity.quantity>0.000000</in_Quantity.quantity><out_Quantity.quantity>273.460848</out_Quantity.quantity></Point><Point><position>9933</position><in_Quantity.quantity>0.000000</in_Quantity.quantity><out_Quantity.quantity>699.539674</out_Quantity.quantity></Point><Point><position>9934</position><in_Quantity.quantity>0.000000</in_Quantity.quantity><out_Quantity.quantity>780.347363</out_Quantity.quantity></Point><Point><position>9935</position><in_Quantity.quantity>0.000000</in_Quantity.quantity><out_Quantity.quantity>471.266474</out_Quantity.quantity></Point><Point><position>9936</position><in_Quantity.quantity>0.000000</in_Quantity.quantity><out_Quantity.quantity>902.869219</out_Quantity.quantity></Point><Point><position>9937</position><in_Quantity.quantity>0.000000</in_Quantity.quantity><out_Quantity.quantity>699.129267</out_Quantity.quantity></Point><Point><position>9938</position><in_Quantity.quantity>0.000000</in_Quantity.quantity><out_Quantity.quantity>472.318280</out_Quantity.quantity></Point><Point><position>9939</position><in_Quantity.quantity>0.000000</in_Quantity.quantity><out_Quantity.quantity>787.130928</out_Quantity.quantity></Point><Point><position>9940</position><in_Quantity.quantity>0.000000</in_Quantity.quantity><out_Quantity.quantity>244.046316</out_Quantity.quantity></Point><Point><position>9941</position><in_Quantity.quantity>0.000000</in_Quantity.quantity><out_Quantity.quantity>673.938711</out_Quantity.quantity></Point><Point><position>9942</position><in_Quantity.quantity>0.000000</in_Quantity.quantity><out_Quantity.quantity>402.668935</out_Quantity.quantity></Point><Point><position>9943</position><in_Quantity.quantity>0.000000</in_Quantity.quantity><out_Quantity.quantity>711.507189</out_Quantity.quantity></Point><Point><position>9944</position><in_Quantity.quantity>0.000000</in_Quantity.quantity><out_Quantity.quantity>647.844590</out_Quantity.quantity></Point><Point><position>9945</position><in_Quantity.quantity>0.000000</in_Quantity.quantity><out_Quantity.quantity>797.910617</out_Quantity.quantity></Point><Point><position>9946</position><in_Quantity.quantity>0.000000</in_Quantity.quantity><out_Quantity.quantity>656.161606</out_Quantity.quantity></Point><Point><position>9947</position><in_Quantity.quantity>0.000000</in_Quantity.quantity><out_Quantity.quantity>82.499428</out_Quantity.quantity></Point><Point><position>9948</position><in_Quantity.quantity>0.000000</in_Quantity.quantity><out_Quantity.quantity>209.105491</out_Quantity.quantity></Point><Point><position>9949</position><in_Quantity.quantity>0.000000</in_Quantity.quantity><out_Quantity.quantity>684.404936</out_Quantity.quantity></Point><Point><position>9950</position><in_Quantity.quantity>0.000000</in_Quantity.quantity><out_Quantity.quantity>497.571863</out_Quantity.quantity></Point><Point><position>9951</position><in_Quantity.quantity>0.000000</in_Quantity.quantity><out_Quantity.quantity>1.435142</out_Quantity.quantity></Point><Point><position>9952</position><in_Quantity.quantity>0.000000</in_Quantity.quantity><out_Quantity.quantity>603.328448</out_Quantity.quantity></Point><Point><position>9953</position><in_Quantity.quantity>0.000000</in_Quantity.quantity><out_Quantity.quantity>622.115302</out_Quantity.quantity></Point><Point><position>9954</position><in_Quantity.quantity>0.000000</in_Quantity.quantity><out_Quantity.quantity>346.927354</out_Quantity.quantity></Point><Point><position>9955</position><in_Quantity.quantity>0.000000</in_Quantity.quantity><out_Quantity.quantity>978.983410</out_Quantity.quantity></Point><Point><position>9956</position><in_Quantity.quantity>0.000000</in_Quantity.quantity><out_Quantity.quantity>800.438534</out_Quantity.quantity></Point><Point><position>9957</position><in_Quantity.quantity>0.000000</in_Quantity.quantity><out_Quantity.quantity>83.665568</out_Quantity.quantity></Point><Point><position>9958</position><in_Quantity.quantity>0.000000</in_Quantity.quantity><out_Quantity.quantity>758.433365</out_Quantity.quantity></Point><Point><position>9959</position><in_Quantity.quantity>0.000000</in_Quantity.quantity><out_Quantity.quantity>773.944834</out_Quantity.quantity></Point><Point><position>9960</position><in_Quantity.quantity>0.000000</in_Quantity.quantity><out_Quantity.quantity>487.199415</out_Quantity.quantity></Point><Point><position>9961</position><in_Quantity.quantity>0.000000</in_Quantity.quantity><out_Quantity.quantity>478.487114</out_Quantity.quantity></Point><Point><position>9962</position><in_Quantity.quantity>0.000000</in_Quantity.quantity><out_Quantity.quantity>768.108554</out_Quantity.quantity></Point><Point><position>9963</position><in_Quantity.quantity>0.000000</in_Quantity.quantity><out_Quantity.quantity>992.426740</out_Quantity.quantity></Point><Point><position>9964</position><in_Quantity.quantity>0.000000</in_Quantity.quantity><out_Quantity.quantity>994.238925</out_Quantity.quantity></Point><Point><position>9965</position><in_Quantity.quantity>0.000000</in_Quantity.quantity><out_Quantity.quantity>777.391585</out_Quantity.quantity></Point><Point><position>9966</position><in_Quantity.quantity>0.000000</in_Quantity.quantity><out_Quantity.quantity>578.231160</out_Quantity.quantity></Point><Point><position>9967</position><in_Quantity.quantity>0.000000</in_Quantity.quantity><out_Quantity.quantity>451.610562</out_Quantity.quantity></Point><Point><position>9968</position><in_Quantity.quantity>0.000000</in_Quantity.quantity><out_Quantity.quantity>795.499654</out_Quantity.quantity></Point><Point><position>9969</position><in_Quantity.quantity>0.000000</in_Quantity.quantity><out_Quantity.quantity>613.734730</out_Quantity.quantity></Point><Point><position>9970</position><in_Quantity.quantity>0.000000</in_Quantity.quantity><out_Quantity.quantity>899.917097</out_Quantity.quantity></Point><Point><position>9971</position><in_Quantity.quantity>0.000000</in_Quantity.quantity><out_Quantity.quantity>396.953116</out_Quantity.quantity></Point><Point><position>9972</position><in_Quantity.quantity>0.000000</in_Quantity.quantity><out_Quantity.quantity>209.834628</out_Quantity.quantity></Point><Point><position>9973</position><in_Quantity.quantity>0.000000</in_Quantity.quantity><out_Quantity.quantity>41.660073</out_Quantity.quantity></Point><Point><position>9974</position><in_Quantity.quantity>0.000000</in_Quantity.quantity><out_Quantity.quantity>751.336364</out_Quantity.quantity></Point><Point><position>9975</position><in_Quantity.quantity>0.000000</in_Quantity.quantity><out_Quantity.quantity>967.934177</out_Quantity.quantity></Point><Point><position>9976</position><in_Quantity.quantity>0.000000</in_Quantity.quantity><out_Quantity.quantity>714.793807</out_Quantity.quantity></Point><Point><position>9977</position><in_Quantity.quantity>0.000000</in_Quantity.quantity><out_Quantity.quantity>642.430219</out_Quantity.quantity></Point><Point><position>9978</position><in_Quantity.quantity>0.000000</in_Quantity.quantity><out_Quantity.quantity>423.145847</out_Quantity.quantity></Point><Point><position>9979</position><in_Quantity.quantity>0.000000</in_Quantity.quantity><out_Quantity.quantity>479.788351</out_Quantity.quantity></Point><Point><position>9980</position><in_Quantity.quantity>0.000000</in_Quantity.quantity><out_Quantity.quantity>220.619694</out_Quantity.quantity></Point><Point><position>9981</position><in_Quantity.quantity>0.000000</in_Quantity.quantity><out_Quantity.quantity>186.802992</out_Quantity.quantity></Point><Point><position>9982</position><in_Quantity.quantity>0.000000</in_Quantity.quantity><out_Quantity.quantity>389.683152</out_Quantity.quantity></Point><Point><position>9983</position><in_Quantity.quantity>0.000000</in_Quantity.quantity><out_Quantity.quantity>913.370885</out_Quantity.quantity></Point><Point><position>9984</position><in_Quantity.quantity>0.000000</in_Quantity.quantity><out_Quantity.quantity>135.738154</out_Quantity.quantity></Point><Point><position>9985</position><in_Quantity.quantity>0.000000</in_Quantity.quantity><out_Quantity.quantity>796.883170</out_Quantity.quantity></Point><Point><position>9986</position><in_Quantity.quantity>0.000000</in_Quantity.quantity><out_Quantity.quantity>33.647732</out_Quantity.quantity></Point><Point><position>9987</position><in_Quantity.quantity>0.000000</in_Quantity.quantity><out_Quantity.quantity>511.240806</out_Quantity.quantity></Point><Point><position>9988</position><in_Quantity.quantity>0.000000</in_Quantity.quantity><out_Quantity.quantity>163.284249</out_Quantity.quantity></Point><Point><position>9989</position><in_Quantity.quantity>0.000000</in_Quantity.quantity><out_Quantity.quantity>459.375423</out_Quantity.quantity></Point><Point><position>9990</position><in_Quantity.quantity>0.000000</in_Quantity.quantity><out_Quantity.quantity>575.176335</out_Quantity.quantity></Point><Point><position>9991</position><in_Quantity.quantity>0.000000</in_Quantity.quantity><out_Quantity.quantity>138.707694</out_Quantity.quantity></Point><Point><position>9992</position><in_Quantity.quantity>0.000000</in_Quantity.quantity><out_Quantity.quantity>597.395410</out_Quantity.quantity></Point><Point><position>9993</position><in_Quantity.quantity>0.000000</in_Quantity.quantity><out_Quantity.quantity>671.987279</out_Quantity.quantity></Point><Point><position>9994</position><in_Quantity.quantity>0.000000</in_Quantity.quantity><out_Quantity.quantity>476.336899</out_Quantity.quantity></Point><Point><position>9995</position><in_Quantity.quantity>0.000000</in_Quantity.quantity><out_Quantity.quantity>172.924427</out_Quantity.quantity></Point><Point><position>9996</position><in_Quantity.quantity>0.000000</in_Quantity.quantity><out_Quantity.quantity>991.799765</out_Quantity.quantity></Point><Point><position>9997</position><in_Quantity.quantity>0.000000</in_Quantity.quantity><out_Quantity.quantity>312.251280</out_Quantity.quantity></Point><Point><position>9998</position><in_Quantity.quantity>0.000000</in_Quantity.quantity><out_Quantity.quantity>619.650105</out_Quantity.quantity></Point><Point><position>9999</position><in_Quantity.quantity>0.000000</in_Quantity.quantity><out_Quantity.quantity>959.283564</out_Quantity.quantity></Point><Point><position>10000</position><in_Quantity.quantity>0.000000</in_Quantity.quantity><out_Quantity.quantity>964.065544</out_Quantity.quantity></Point><Point><position>10001</position><in_Quantity.quantity>0.000000</in_Quantity.quantity><out_Quantity.quantity>157.614464</out_Quantity.quantity></Point><Point><position>10002</position><in_Quantity.quantity>0.000000</in_Quantity.quantity><out_Quantity.quantity>398.803077</out_Quantity.quantity></Point><Point><position>10003</position><in_Quantity.quantity>0.000000</in_Quantity.quantity><out_Quantity.quantity>404.784475</out_Quantity.quantity></Point><Point><position>10004</position><in_Quantity.quantity>0.000000</in_Quantity.quantity><out_Quantity.quantity>93.967146</out_Quantity.quantity></Point><Point><position>10005</position><in_Quantity.quantity>0.000000</in_Quantity.quantity><out_Quantity.quantity>372.858598</out_Quantity.quantity></Point><Point><position>10006</position><in_Quantity.quantity>0.000000</in_Quantity.quantity><out_Quantity.quantity>677.151813</out_Quantity.quantity></Point><Point><position>10007</position><in_Quantity.quantity>0.000000</in_Quantity.quantity><out_Quantity.quantity>867.004511</out_Quantity.quantity></Point><Point><position>10008</position><in_Quantity.quantity>0.000000</in_Quantity.quantity><out_Quantity.quantity>780.388919</out_Quantity.quantity></Point><Point><position>10009</position><in_Quantity.quantity>0.000000</in_Quantity.quantity><out_Quantity.quantity>918.177041</out_Quantity.quantity></Point><Point><position>10010</position><in_Quantity.quantity>0.000000</in_Quantity.quantity><out_Quantity.quantity>876.173000</out_Quantity.quantity></Point><Point><position>10011</position><in_Quantity.quantity>0.000000</in_Quantity.quantity><out_Quantity.quantity>501.148255</out_Quantity.quantity></Point><Point><position>10012</position><in_Quantity.quantity>0.000000</in_Quantity.quantity><out_Quantity.quantity>632.768469</out_Quantity.quantity></Point><Point><position>10013</position><in_Quantity.quantity>0.000000</in_Quantity.quantity><out_Quantity.quantity>9.033591</out_Quantity.quantity></Point><Point><position>10014</position><in_Quantity.quantity>0.000000</in_Quantity.quantity><out_Quantity.quantity>899.889759</out_Quantity.quantity></Point><Point><position>10015</position><in_Quantity.quantity>0.000000</in_Quantity.quantity><out_Quantity.quantity>900.980337</out_Quantity.quantity></Point><Point><position>10016</position><in_Quantity.quantity>0.000000</in_Quantity.quantity><out_Quantity.quantity>308.988284</out_Quantity.quantity></Point><Point><position>10017</position><in_Quantity.quantity>0.000000</in_Quantity.quantity><out_Quantity.quantity>649.418784</out_Quantity.quantity></Point><Point><position>10018</position><in_Quantity.quantity>0.000000</in_Quantity.quantity><out_Quantity.quantity>362.443794</out_Quantity.quantity></Point><Point><position>10019</position><in_Quantity.quantity>0.000000</in_Quantity.quantity><out_Quantity.quantity>181.470992</out_Quantity.quantity></Point><Point><position>10020</position><in_Quantity.quantity>0.000000</in_Quantity.quantity><out_Quantity.quantity>973.845788</out_Quantity.quantity></Point><Point><position>10021</position><in_Quantity.quantity>0.000000</in_Quantity.quantity><out_Quantity.quantity>653.482322</out_Quantity.quantity></Point><Point><position>10022</position><in_Quantity.quantity>0.000000</in_Quantity.quantity><out_Quantity.quantity>16.570824</out_Quantity.quantity></Point><Point><position>10023</position><in_Quantity.quantity>0.000000</in_Quantity.quantity><out_Quantity.quantity>4.301538</out_Quantity.quantity></Point><Point><position>10024</position><in_Quantity.quantity>0.000000</in_Quantity.quantity><out_Quantity.quantity>419.367999</out_Quantity.quantity></Point><Point><position>10025</position><in_Quantity.quantity>0.000000</in_Quantity.quantity><out_Quantity.quantity>93.532532</out_Quantity.quantity></Point><Point><position>10026</position><in_Quantity.quantity>0.000000</in_Quantity.quantity><out_Quantity.quantity>274.571155</out_Quantity.quantity></Point><Point><position>10027</position><in_Quantity.quantity>0.000000</in_Quantity.quantity><out_Quantity.quantity>602.327895</out_Quantity.quantity></Point><Point><position>10028</position><in_Quantity.quantity>0.000000</in_Quantity.quantity><out_Quantity.quantity>708.395239</out_Quantity.quantity></Point><Point><position>10029</position><in_Quantity.quantity>0.000000</in_Quantity.quantity><out_Quantity.quantity>667.511014</out_Quantity.quantity></Point><Point><position>10030</position><in_Quantity.quantity>0.000000</in_Quantity.quantity><out_Quantity.quantity>793.498987</out_Quantity.quantity></Point><Point><position>10031</position><in_Quantity.quantity>0.000000</in_Quantity.quantity><out_Quantity.quantity>258.097906</out_Quantity.quantity></Point><Point><position>10032</position><in_Quantity.quantity>0.000000</in_Quantity.quantity><out_Quantity.quantity>115.724526</out_Quantity.quantity></Point><Point><position>10033</position><in_Quantity.quantity>0.000000</in_Quantity.quantity><out_Quantity.quantity>982.235986</out_Quantity.quantity></Point><Point><position>10034</position><in_Quantity.quantity>0.000000</in_Quantity.quantity><out_Quantity.quantity>592.862622</out_Quantity.quantity></Point><Point><position>10035</position><in_Quantity.quantity>0.000000</in_Quantity.quantity><out_Quantity.quantity>598.545309</out_Quantity.quantity></Point><Point><position>10036</position><in_Quantity.quantity>0.000000</in_Quantity.quantity><out_Quantity.quantity>191.581023</out_Quantity.quantity></Point><Point><position>10037</position><in_Quantity.quantity>0.000000</in_Quantity.quantity><out_Quantity.quantity>302.412401</out_Quantity.quantity></Point><Point><position>10038</position><in_Quantity.quantity>0.000000</in_Quantity.quantity><out_Quantity.quantity>513.448200</out_Quantity.quantity></Point><Point><position>10039</position><in_Quantity.quantity>0.000000</in_Quantity.quantity><out_Quantity.quantity>819.880575</out_Quantity.quantity></Point><Point><position>10040</position><in_Quantity.quantity>0.000000</in_Quantity.quantity><out_Quantity.quantity>307.249344</out_Quantity.quantity></Point><Point><position>10041</position><in_Quantity.quantity>0.000000</in_Quantity.quantity><out_Quantity.quantity>367.019089</out_Quantity.quantity></Point><Point><position>10042</position><in_Quantity.quantity>0.000000</in_Quantity.quantity><out_Quantity.quantity>915.306311</out_Quantity.quantity></Point><Point><position>10043</position><in_Quantity.quantity>0.000000</in_Quantity.quantity><out_Quantity.quantity>37.353429</out_Quantity.quantity></Point><Point><position>10044</position><in_Quantity.quantity>0.000000</in_Quantity.quantity><out_Quantity.quantity>252.581910</out_Quantity.quantity></Point><Point><position>10045</position><in_Quantity.quantity>0.000000</in_Quantity.quantity><out_Quantity.quantity>513.709627</out_Quantity.quantity></Point><Point><position>10046</position><in_Quantity.quantity>0.000000</in_Quantity.quantity><out_Quantity.quantity>321.433234</out_Quantity.quantity></Point><Point><position>10047</position><in_Quantity.quantity>0.000000</in_Quantity.quantity><out_Quantity.quantity>253.830135</out_Quantity.quantity></Point><Point><position>10048</position><in_Quantity.quantity>0.000000</in_Quantity.quantity><out_Quantity.quantity>268.395284</out_Quantity.quantity></Point><Point><position>10049</position><in_Quantity.quantity>0.000000</in_Quantity.quantity><out_Quantity.quantity>477.525258</out_Quantity.quantity></Point><Point><position>10050</position><in_Quantity.quantity>0.000000</in_Quantity.quantity><out_Quantity.quantity>962.927256</out_Quantity.quantity></Point><Point><position>10051</position><in_Quantity.quantity>0.000000</in_Quantity.quantity><out_Quantity.quantity>458.812042</out_Quantity.quantity></Point><Point><position>10052</position><in_Quantity.quantity>0.000000</in_Quantity.quantity><out_Quantity.quantity>855.172154</out_Quantity.quantity></Point><Point><position>10053</position><in_Quantity.quantity>0.000000</in_Quantity.quantity><out_Quantity.quantity>791.430929</out_Quantity.quantity></Point><Point><position>10054</position><in_Quantity.quantity>0.000000</in_Quantity.quantity><out_Quantity.quantity>951.622089</out_Quantity.quantity></Point><Point><position>10055</position><in_Quantity.quantity>0.000000</in_Quantity.quantity><out_Quantity.quantity>825.296459</out_Quantity.quantity></Point><Point><position>10056</position><in_Quantity.quantity>0.000000</in_Quantity.quantity><out_Quantity.quantity>4.637713</out_Quantity.quantity></Point><Point><position>10057</position><in_Quantity.quantity>0.000000</in_Quantity.quantity><out_Quantity.quantity>854.580654</out_Quantity.quantity></Point><Point><position>10058</position><in_Quantity.quantity>0.000000</in_Quantity.quantity><out_Quantity.quantity>8.613525</out_Quantity.quantity></Point><Point><position>10059</position><in_Quantity.quantity>0.000000</in_Quantity.quantity><out_Quantity.quantity>919.189050</out_Quantity.quantity></Point><Point><position>10060</position><in_Quantity.quantity>0.000000</in_Quantity.quantity><out_Quantity.quantity>347.837756</out_Quantity.quantity></Point><Point><position>10061</position><in_Quantity.quantity>0.000000</in_Quantity.quantity><out_Quantity.quantity>308.257474</out_Quantity.quantity></Point><Point><position>10062</position><in_Quantity.quantity>0.000000</in_Quantity.quantity><out_Quantity.quantity>707.460182</out_Quantity.quantity></Point><Point><position>10063</position><in_Quantity.quantity>0.000000</in_Quantity.quantity><out_Quantity.quantity>418.345468</out_Quantity.quantity></Point><Point><position>10064</position><in_Quantity.quantity>0.000000</in_Quantity.quantity><out_Quantity.quantity>6.801593</out_Quantity.quantity></Point><Point><position>10065</position><in_Quantity.quantity>0.000000</in_Quantity.quantity><out_Quantity.quantity>164.133290</out_Quantity.quantity></Point><Point><position>10066</position><in_Quantity.quantity>0.000000</in_Quantity.quantity><out_Quantity.quantity>379.594258</out_Quantity.quantity></Point><Point><position>10067</position><in_Quantity.quantity>0.000000</in_Quantity.quantity><out_Quantity.quantity>774.645489</out_Quantity.quantity></Point><Point><position>10068</position><in_Quantity.quantity>0.000000</in_Quantity.quantity><out_Quantity.quantity>132.409625</out_Quantity.quantity></Point><Point><position>10069</position><in_Quantity.quantity>0.000000</in_Quantity.quantity><out_Quantity.quantity>354.511142</out_Quantity.quantity></Point><Point><position>10070</position><in_Quantity.quantity>0.000000</in_Quantity.quantity><out_Quantity.quantity>839.187865</out_Quantity.quantity></Point><Point><position>10071</position><in_Quantity.quantity>0.000000</in_Quantity.quantity><out_Quantity.quantity>620.225356</out_Quantity.quantity></Point><Point><position>10072</position><in_Quantity.quantity>0.000000</in_Quantity.quantity><out_Quantity.quantity>549.672951</out_Quantity.quantity></Point><Point><position>10073</position><in_Quantity.quantity>0.000000</in_Quantity.quantity><out_Quantity.quantity>795.762657</out_Quantity.quantity></Point><Point><position>10074</position><in_Quantity.quantity>0.000000</in_Quantity.quantity><out_Quantity.quantity>313.725915</out_Quantity.quantity></Point><Point><position>10075</position><in_Quantity.quantity>0.000000</in_Quantity.quantity><out_Quantity.quantity>677.943651</out_Quantity.quantity></Point><Point><position>10076</position><in_Quantity.quantity>0.000000</in_Quantity.quantity><out_Quantity.quantity>471.960635</out_Quantity.quantity></Point><Point><position>10077</position><in_Quantity.quantity>0.000000</in_Quantity.quantity><out_Quantity.quantity>832.739580</out_Quantity.quantity></Point><Point><position>10078</position><in_Quantity.quantity>0.000000</in_Quantity.quantity><out_Quantity.quantity>381.858281</out_Quantity.quantity></Point><Point><position>10079</position><in_Quantity.quantity>0.000000</in_Quantity.quantity><out_Quantity.quantity>76.516985</out_Quantity.quantity></Point><Point><position>10080</position><in_Quantity.quantity>0.000000</in_Quantity.quantity><out_Quantity.quantity>341.936551</out_Quantity.quantity></Point><Point><position>10081</position><in_Quantity.quantity>0.000000</in_Quantity.quantity><out_Quantity.quantity>682.549366</out_Quantity.quantity></Point><Point><position>10082</position><in_Quantity.quantity>0.000000</in_Quantity.quantity><out_Quantity.quantity>73.978084</out_Quantity.quantity></Point><Point><position>10083</position><in_Quantity.quantity>0.000000</in_Quantity.quantity><out_Quantity.quantity>295.459290</out_Quantity.quantity></Point><Point><position>10084</position><in_Quantity.quantity>0.000000</in_Quantity.quantity><out_Quantity.quantity>534.530728</out_Quantity.quantity></Point><Point><position>10085</position><in_Quantity.quantity>0.000000</in_Quantity.quantity><out_Quantity.quantity>211.522580</out_Quantity.quantity></Point><Point><position>10086</position><in_Quantity.quantity>0.000000</in_Quantity.quantity><out_Quantity.quantity>800.359610</out_Quantity.quantity></Point><Point><position>10087</position><in_Quantity.quantity>0.000000</in_Quantity.quantity><out_Quantity.quantity>972.088609</out_Quantity.quantity></Point><Point><position>10088</position><in_Quantity.quantity>0.000000</in_Quantity.quantity><out_Quantity.quantity>922.064263</out_Quantity.quantity></Point><Point><position>10089</position><in_Quantity.quantity>0.000000</in_Quantity.quantity><out_Quantity.quantity>97.279889</out_Quantity.quantity></Point><Point><position>10090</position><in_Quantity.quantity>0.000000</in_Quantity.quantity><out_Quantity.quantity>310.603748</out_Quantity.quantity></Point><Point><position>10091</position><in_Quantity.quantity>0.000000</in_Quantity.quantity><out_Quantity.quantity>830.488968</out_Quantity.quantity></Point><Point><position>10092</position><in_Quantity.quantity>0.000000</in_Quantity.quantity><out_Quantity.quantity>865.443937</out_Quantity.quantity></Point><Point><position>10093</position><in_Quantity.quantity>0.000000</in_Quantity.quantity><out_Quantity.quantity>274.850335</out_Quantity.quantity></Point><Point><position>10094</position><in_Quantity.quantity>0.000000</in_Quantity.quantity><out_Quantity.quantity>458.847204</out_Quantity.quantity></Point><Point><position>10095</position><in_Quantity.quantity>0.000000</in_Quantity.quantity><out_Quantity.quantity>272.999196</out_Quantity.quantity></Point><Point><position>10096</position><in_Quantity.quantity>0.000000</in_Quantity.quantity><out_Quantity.quantity>730.403608</out_Quantity.quantity></Point><Point><position>10097</position><in_Quantity.quantity>0.000000</in_Quantity.quantity><out_Quantity.quantity>216.000343</out_Quantity.quantity></Point><Point><position>10098</position><in_Quantity.quantity>0.000000</in_Quantity.quantity><out_Quantity.quantity>223.803473</out_Quantity.quantity></Point><Point><position>10099</position><in_Quantity.quantity>0.000000</in_Quantity.quantity><out_Quantity.quantity>258.453909</out_Quantity.quantity></Point><Point><position>10100</position><in_Quantity.quantity>0.000000</in_Quantity.quantity><out_Quantity.quantity>670.139393</out_Quantity.quantity></Point><Point><position>10101</position><in_Quantity.quantity>0.000000</in_Quantity.quantity><out_Quantity.quantity>394.239217</out_Quantity.quantity></Point><Point><position>10102</position><in_Quantity.quantity>0.000000</in_Quantity.quantity><out_Quantity.quantity>931.439872</out_Quantity.quantity></Point><Point><position>10103</position><in_Quantity.quantity>0.000000</in_Quantity.quantity><out_Quantity.quantity>345.669133</out_Quantity.quantity></Point><Point><position>10104</position><in_Quantity.quantity>0.000000</in_Quantity.quantity><out_Quantity.quantity>717.738282</out_Quantity.quantity></Point><Point><position>10105</position><in_Quantity.quantity>0.000000</in_Quantity.quantity><out_Quantity.quantity>120.300168</out_Quantity.quantity></Point><Point><position>10106</position><in_Quantity.quantity>0.000000</in_Quantity.quantity><out_Quantity.quantity>493.482806</out_Quantity.quantity></Point><Point><position>10107</position><in_Quantity.quantity>0.000000</in_Quantity.quantity><out_Quantity.quantity>917.264920</out_Quantity.quantity></Point><Point><position>10108</position><in_Quantity.quantity>0.000000</in_Quantity.quantity><out_Quantity.quantity>780.064083</out_Quantity.quantity></Point><Point><position>10109</position><in_Quantity.quantity>0.000000</in_Quantity.quantity><out_Quantity.quantity>561.978460</out_Quantity.quantity></Point><Point><position>10110</position><in_Quantity.quantity>0.000000</in_Quantity.quantity><out_Quantity.quantity>841.948012</out_Quantity.quantity></Point><Point><position>10111</position><in_Quantity.quantity>0.000000</in_Quantity.quantity><out_Quantity.quantity>204.605476</out_Quantity.quantity></Point><Point><position>10112</position><in_Quantity.quantity>0.000000</in_Quantity.quantity><out_Quantity.quantity>609.588795</out_Quantity.quantity></Point><Point><position>10113</position><in_Quantity.quantity>0.000000</in_Quantity.quantity><out_Quantity.quantity>959.394575</out_Quantity.quantity></Point><Point><position>10114</position><in_Quantity.quantity>0.000000</in_Quantity.quantity><out_Quantity.quantity>793.027495</out_Quantity.quantity></Point><Point><position>10115</position><in_Quantity.quantity>0.000000</in_Quantity.quantity><out_Quantity.quantity>994.594394</out_Quantity.quantity></Point><Point><position>10116</position><in_Quantity.quantity>0.000000</in_Quantity.quantity><out_Quantity.quantity>636.064706</out_Quantity.quantity></Point><Point><position>10117</position><in_Quantity.quantity>0.000000</in_Quantity.quantity><out_Quantity.quantity>41.632022</out_Quantity.quantity></Point><Point><position>10118</position><in_Quantity.quantity>0.000000</in_Quantity.quantity><out_Quantity.quantity>198.025972</out_Quantity.quantity></Point><Point><position>10119</position><in_Quantity.quantity>0.000000</in_Quantity.quantity><out_Quantity.quantity>972.455758</out_Quantity.quantity></Point><Point><position>10120</position><in_Quantity.quantity>0.000000</in_Quantity.quantity><out_Quantity.quantity>389.536002</out_Quantity.quantity></Point><Point><position>10121</position><in_Quantity.quantity>0.000000</in_Quantity.quantity><out_Quantity.quantity>370.015561</out_Quantity.quantity></Point><Point><position>10122</position><in_Quantity.quantity>0.000000</in_Quantity.quantity><out_Quantity.quantity>995.923268</out_Quantity.quantity></Point><Point><position>10123</position><in_Quantity.quantity>0.000000</in_Quantity.quantity><out_Quantity.quantity>624.000923</out_Quantity.quantity></Point><Point><position>10124</position><in_Quantity.quantity>0.000000</in_Quantity.quantity><out_Quantity.quantity>761.098320</out_Quantity.quantity></Point><Point><position>10125</position><in_Quantity.quantity>0.000000</in_Quantity.quantity><out_Quantity.quantity>132.347259</out_Quantity.quantity></Point><Point><position>10126</position><in_Quantity.quantity>0.000000</in_Quantity.quantity><out_Quantity.quantity>951.603717</out_Quantity.quantity></Point><Point><position>10127</position><in_Quantity.quantity>0.000000</in_Quantity.quantity><out_Quantity.quantity>37.797165</out_Quantity.quantity></Point><Point><position>10128</position><in_Quantity.quantity>0.000000</in_Quantity.quantity><out_Quantity.quantity>184.193122</out_Quantity.quantity></Point><Point><position>10129</position><in_Quantity.quantity>0.000000</in_Quantity.quantity><out_Quantity.quantity>918.040844</out_Quantity.quantity></Point><Point><position>10130</position><in_Quantity.quantity>0.000000</in_Quantity.quantity><out_Quantity.quantity>998.326637</out_Quantity.quantity></Point><Point><position>10131</position><in_Quantity.quantity>0.000000</in_Quantity.quantity><out_Quantity.quantity>469.615449</out_Quantity.quantity></Point><Point><position>10132</position><in_Quantity.quantity>0.000000</in_Quantity.quantity><out_Quantity.quantity>828.407638</out_Quantity.quantity></Point><Point><position>10133</position><in_Quantity.quantity>0.000000</in_Quantity.quantity><out_Quantity.quantity>579.489043</out_Quantity.quantity></Point><Point><position>10134</position><in_Quantity.quantity>0.000000</in_Quantity.quantity><out_Quantity.quantity>886.485297</out_Quantity.quantity></Point><Point><position>10135</position><in_Quantity.quantity>0.000000</in_Quantity.quantity><out_Quantity.quantity>989.661270</out_Quantity.quantity></Point><Point><position>10136</position><in_Quantity.quantity>0.000000</in_Quantity.quantity><out_Quantity.quantity>205.256976</out_Quantity.quantity></Point><Point><position>10137</position><in_Quantity.quantity>0.000000</in_Quantity.quantity><out_Quantity.quantity>827.965473</out_Quantity.quantity></Point><Point><position>10138</position><in_Quantity.quantity>0.000000</in_Quantity.quantity><out_Quantity.quantity>442.927750</out_Quantity.quantity></Point><Point><position>10139</position><in_Quantity.quantity>0.000000</in_Quantity.quantity><out_Quantity.quantity>163.183129</out_Quantity.quantity></Point><Point><position>10140</position><in_Quantity.quantity>0.000000</in_Quantity.quantity><out_Quantity.quantity>992.581212</out_Quantity.quantity></Point><Point><position>10141</position><in_Quantity.quantity>0.000000</in_Quantity.quantity><out_Quantity.quantity>755.508204</out_Quantity.quantity></Point><Point><position>10142</position><in_Quantity.quantity>0.000000</in_Quantity.quantity><out_Quantity.quantity>463.868955</out_Quantity.quantity></Point><Point><position>10143</position><in_Quantity.quantity>0.000000</in_Quantity.quantity><out_Quantity.quantity>717.028930</out_Quantity.quantity></Point><Point><position>10144</position><in_Quantity.quantity>0.000000</in_Quantity.quantity><out_Quantity.quantity>435.013423</out_Quantity.quantity></Point><Point><position>10145</position><in_Quantity.quantity>0.000000</in_Quantity.quantity><out_Quantity.quantity>849.757325</out_Quantity.quantity></Point><Point><position>10146</position><in_Quantity.quantity>0.000000</in_Quantity.quantity><out_Quantity.quantity>722.146587</out_Quantity.quantity></Point><Point><position>10147</position><in_Quantity.quantity>0.000000</in_Quantity.quantity><out_Quantity.quantity>237.056639</out_Quantity.quantity></Point><Point><position>10148</position><in_Quantity.quantity>0.000000</in_Quantity.quantity><out_Quantity.quantity>783.879702</out_Quantity.quantity></Point><Point><position>10149</position><in_Quantity.quantity>0.000000</in_Quantity.quantity><out_Quantity.quantity>6.087048</out_Quantity.quantity></Point><Point><position>10150</position><in_Quantity.quantity>0.000000</in_Quantity.quantity><out_Quantity.quantity>896.399494</out_Quantity.quantity></Point><Point><position>10151</position><in_Quantity.quantity>0.000000</in_Quantity.quantity><out_Quantity.quantity>837.216332</out_Quantity.quantity></Point><Point><position>10152</position><in_Quantity.quantity>0.000000</in_Quantity.quantity><out_Quantity.quantity>470.748471</out_Quantity.quantity></Point><Point><position>10153</position><in_Quantity.quantity>0.000000</in_Quantity.quantity><out_Quantity.quantity>498.069820</out_Quantity.quantity></Point><Point><position>10154</position><in_Quantity.quantity>0.000000</in_Quantity.quantity><out_Quantity.quantity>44.486899</out_Quantity.quantity></Point><Point><position>10155</position><in_Quantity.quantity>0.000000</in_Quantity.quantity><out_Quantity.quantity>370.352270</out_Quantity.quantity></Point><Point><position>10156</position><in_Quantity.quantity>0.000000</in_Quantity.quantity><out_Quantity.quantity>879.456249</out_Quantity.quantity></Point><Point><position>10157</position><in_Quantity.quantity>0.000000</in_Quantity.quantity><out_Quantity.quantity>244.214066</out_Quantity.quantity></Point><Point><position>10158</position><in_Quantity.quantity>0.000000</in_Quantity.quantity><out_Quantity.quantity>824.543491</out_Quantity.quantity></Point><Point><position>10159</position><in_Quantity.quantity>0.000000</in_Quantity.quantity><out_Quantity.quantity>944.117177</out_Quantity.quantity></Point><Point><position>10160</position><in_Quantity.quantity>0.000000</in_Quantity.quantity><out_Quantity.quantity>671.671756</out_Quantity.quantity></Point><Point><position>10161</position><in_Quantity.quantity>0.000000</in_Quantity.quantity><out_Quantity.quantity>583.436091</out_Quantity.quantity></Point><Point><position>10162</position><in_Quantity.quantity>0.000000</in_Quantity.quantity><out_Quantity.quantity>209.407137</out_Quantity.quantity></Point><Point><position>10163</position><in_Quantity.quantity>0.000000</in_Quantity.quantity><out_Quantity.quantity>317.333677</out_Quantity.quantity></Point><Point><position>10164</position><in_Quantity.quantity>0.000000</in_Quantity.quantity><out_Quantity.quantity>273.891587</out_Quantity.quantity></Point><Point><position>10165</position><in_Quantity.quantity>0.000000</in_Quantity.quantity><out_Quantity.quantity>227.864731</out_Quantity.quantity></Point><Point><position>10166</position><in_Quantity.quantity>0.000000</in_Quantity.quantity><out_Quantity.quantity>902.569663</out_Quantity.quantity></Point><Point><position>10167</position><in_Quantity.quantity>0.000000</in_Quantity.quantity><out_Quantity.quantity>239.044514</out_Quantity.quantity></Point><Point><position>10168</position><in_Quantity.quantity>0.000000</in_Quantity.quantity><out_Quantity.quantity>232.337410</out_Quantity.quantity></Point><Point><position>10169</position><in_Quantity.quantity>0.000000</in_Quantity.quantity><out_Quantity.quantity>417.037866</out_Quantity.quantity></Point><Point><position>10170</position><in_Quantity.quantity>0.000000</in_Quantity.quantity><out_Quantity.quantity>530.026206</out_Quantity.quantity></Point><Point><position>10171</position><in_Quantity.quantity>0.000000</in_Quantity.quantity><out_Quantity.quantity>325.434580</out_Quantity.quantity></Point><Point><position>10172</position><in_Quantity.quantity>0.000000</in_Quantity.quantity><out_Quantity.quantity>975.224844</out_Quantity.quantity></Point><Point><position>10173</position><in_Quantity.quantity>0.000000</in_Quantity.quantity><out_Quantity.quantity>389.263994</out_Quantity.quantity></Point><Point><position>10174</position><in_Quantity.quantity>0.000000</in_Quantity.quantity><out_Quantity.quantity>925.392664</out_Quantity.quantity></Point><Point><position>10175</position><in_Quantity.quantity>0.000000</in_Quantity.quantity><out_Quantity.quantity>350.034064</out_Quantity.quantity></Point><Point><position>10176</position><in_Quantity.quantity>0.000000</in_Quantity.quantity><out_Quantity.quantity>2.181227</out_Quantity.quantity></Point><Point><position>10177</position><in_Quantity.quantity>0.000000</in_Quantity.quantity><out_Quantity.quantity>228.104118</out_Quantity.quantity></Point><Point><position>10178</position><in_Quantity.quantity>0.000000</in_Quantity.quantity><out_Quantity.quantity>177.357674</out_Quantity.quantity></Point><Point><position>10179</position><in_Quantity.quantity>0.000000</in_Quantity.quantity><out_Quantity.quantity>565.256669</out_Quantity.quantity></Point><Point><position>10180</position><in_Quantity.quantity>0.000000</in_Quantity.quantity><out_Quantity.quantity>937.946766</out_Quantity.quantity></Point><Point><position>10181</position><in_Quantity.quantity>0.000000</in_Quantity.quantity><out_Quantity.quantity>448.960169</out_Quantity.quantity></Point><Point><position>10182</position><in_Quantity.quantity>0.000000</in_Quantity.quantity><out_Quantity.quantity>70.609644</out_Quantity.quantity></Point><Point><position>10183</position><in_Quantity.quantity>0.000000</in_Quantity.quantity><out_Quantity.quantity>973.004307</out_Quantity.quantity></Point><Point><position>10184</position><in_Quantity.quantity>0.000000</in_Quantity.quantity><out_Quantity.quantity>360.306283</out_Quantity.quantity></Point><Point><position>10185</position><in_Quantity.quantity>0.000000</in_Quantity.quantity><out_Quantity.quantity>127.749106</out_Quantity.quantity></Point><Point><position>10186</position><in_Quantity.quantity>0.000000</in_Quantity.quantity><out_Quantity.quantity>820.513630</out_Quantity.quantity></Point><Point><position>10187</position><in_Quantity.quantity>0.000000</in_Quantity.quantity><out_Quantity.quantity>482.192483</out_Quantity.quantity></Point><Point><position>10188</position><in_Quantity.quantity>0.000000</in_Quantity.quantity><out_Quantity.quantity>435.187590</out_Quantity.quantity></Point><Point><position>10189</position><in_Quantity.quantity>0.000000</in_Quantity.quantity><out_Quantity.quantity>218.427900</out_Quantity.quantity></Point><Point><position>10190</position><in_Quantity.quantity>0.000000</in_Quantity.quantity><out_Quantity.quantity>357.101188</out_Quantity.quantity></Point><Point><position>10191</position><in_Quantity.quantity>0.000000</in_Quantity.quantity><out_Quantity.quantity>892.726867</out_Quantity.quantity></Point><Point><position>10192</position><in_Quantity.quantity>0.000000</in_Quantity.quantity><out_Quantity.quantity>632.640198</out_Quantity.quantity></Point><Point><position>10193</position><in_Quantity.quantity>0.000000</in_Quantity.quantity><out_Quantity.quantity>121.260750</out_Quantity.quantity></Point><Point><position>10194</position><in_Quantity.quantity>0.000000</in_Quantity.quantity><out_Quantity.quantity>305.506552</out_Quantity.quantity></Point><Point><position>10195</position><in_Quantity.quantity>0.000000</in_Quantity.quantity><out_Quantity.quantity>874.280330</out_Quantity.quantity></Point><Point><position>10196</position><in_Quantity.quantity>0.000000</in_Quantity.quantity><out_Quantity.quantity>739.212627</out_Quantity.quantity></Point><Point><position>10197</position><in_Quantity.quantity>0.000000</in_Quantity.quantity><out_Quantity.quantity>890.425530</out_Quantity.quantity></Point><Point><position>10198</position><in_Quantity.quantity>0.000000</in_Quantity.quantity><out_Quantity.quantity>595.947491</out_Quantity.quantity></Point><Point><position>10199</position><in_Quantity.quantity>0.000000</in_Quantity.quantity><out_Quantity.quantity>809.638883</out_Quantity.quantity></Point><Point><position>10200</position><in_Quantity.quantity>0.000000</in_Quantity.quantity><out_Quantity.quantity>972.201526</out_Quantity.quantity></Point><Point><position>10201</position><in_Quantity.quantity>0.000000</in_Quantity.quantity><out_Quantity.quantity>323.784171</out_Quantity.quantity></Point><Point><position>10202</position><in_Quantity.quantity>0.000000</in_Quantity.quantity><out_Quantity.quantity>540.011345</out_Quantity.quantity></Point><Point><position>10203</position><in_Quantity.quantity>0.000000</in_Quantity.quantity><out_Quantity.quantity>97.507568</out_Quantity.quantity></Point><Point><position>10204</position><in_Quantity.quantity>0.000000</in_Quantity.quantity><out_Quantity.quantity>337.189429</out_Quantity.quantity></Point><Point><position>10205</position><in_Quantity.quantity>0.000000</in_Quantity.quantity><out_Quantity.quantity>679.015603</out_Quantity.quantity></Point><Point><position>10206</position><in_Quantity.quantity>0.000000</in_Quantity.quantity><out_Quantity.quantity>679.144913</out_Quantity.quantity></Point><Point><position>10207</position><in_Quantity.quantity>0.000000</in_Quantity.quantity><out_Quantity.quantity>411.108553</out_Quantity.quantity></Point><Point><position>10208</position><in_Quantity.quantity>0.000000</in_Quantity.quantity><out_Quantity.quantity>37.232715</out_Quantity.quantity></Point><Point><position>10209</position><in_Quantity.quantity>0.000000</in_Quantity.quantity><out_Quantity.quantity>267.319573</out_Quantity.quantity></Point><Point><position>10210</position><in_Quantity.quantity>0.000000</in_Quantity.quantity><out_Quantity.quantity>362.846593</out_Quantity.quantity></Point><Point><position>10211</position><in_Quantity.quantity>0.000000</in_Quantity.quantity><out_Quantity.quantity>649.908756</out_Quantity.quantity></Point><Point><position>10212</position><in_Quantity.quantity>0.000000</in_Quantity.quantity><out_Quantity.quantity>83.034663</out_Quantity.quantity></Point><Point><position>10213</position><in_Quantity.quantity>0.000000</in_Quantity.quantity><out_Quantity.quantity>787.039059</out_Quantity.quantity></Point><Point><position>10214</position><in_Quantity.quantity>0.000000</in_Quantity.quantity><out_Quantity.quantity>527.910684</out_Quantity.quantity></Point><Point><position>10215</position><in_Quantity.quantity>0.000000</in_Quantity.quantity><out_Quantity.quantity>376.700265</out_Quantity.quantity></Point><Point><position>10216</position><in_Quantity.quantity>0.000000</in_Quantity.quantity><out_Quantity.quantity>685.869527</out_Quantity.quantity></Point><Point><position>10217</position><in_Quantity.quantity>0.000000</in_Quantity.quantity><out_Quantity.quantity>896.276905</out_Quantity.quantity></Point><Point><position>10218</position><in_Quantity.quantity>0.000000</in_Quantity.quantity><out_Quantity.quantity>545.166895</out_Quantity.quantity></Point><Point><position>10219</position><in_Quantity.quantity>0.000000</in_Quantity.quantity><out_Quantity.quantity>751.632710</out_Quantity.quantity></Point><Point><position>10220</position><in_Quantity.quantity>0.000000</in_Quantity.quantity><out_Quantity.quantity>904.583022</out_Quantity.quantity></Point><Point><position>10221</position><in_Quantity.quantity>0.000000</in_Quantity.quantity><out_Quantity.quantity>105.229991</out_Quantity.quantity></Point><Point><position>10222</position><in_Quantity.quantity>0.000000</in_Quantity.quantity><out_Quantity.quantity>530.275725</out_Quantity.quantity></Point><Point><position>10223</position><in_Quantity.quantity>0.000000</in_Quantity.quantity><out_Quantity.quantity>882.726241</out_Quantity.quantity></Point><Point><position>10224</position><in_Quantity.quantity>0.000000</in_Quantity.quantity><out_Quantity.quantity>501.162569</out_Quantity.quantity></Point><Point><position>10225</position><in_Quantity.quantity>0.000000</in_Quantity.quantity><out_Quantity.quantity>808.866629</out_Quantity.quantity></Point><Point><position>10226</position><in_Quantity.quantity>0.000000</in_Quantity.quantity><out_Quantity.quantity>868.698240</out_Quantity.quantity></Point><Point><position>10227</position><in_Quantity.quantity>0.000000</in_Quantity.quantity><out_Quantity.quantity>773.428498</out_Quantity.quantity></Point><Point><position>10228</position><in_Quantity.quantity>0.000000</in_Quantity.quantity><out_Quantity.quantity>752.603362</out_Quantity.quantity></Point><Point><position>10229</position><in_Quantity.quantity>0.000000</in_Quantity.quantity><out_Quantity.quantity>143.443462</out_Quantity.quantity></Point><Point><position>10230</position><in_Quantity.quantity>0.000000</in_Quantity.quantity><out_Quantity.quantity>149.886916</out_Quantity.quantity></Point><Point><position>10231</position><in_Quantity.quantity>0.000000</in_Quantity.quantity><out_Quantity.quantity>83.763335</out_Quantity.quantity></Point><Point><position>10232</position><in_Quantity.quantity>0.000000</in_Quantity.quantity><out_Quantity.quantity>705.830431</out_Quantity.quantity></Point><Point><position>10233</position><in_Quantity.quantity>0.000000</in_Quantity.quantity><out_Quantity.quantity>980.774047</out_Quantity.quantity></Point><Point><position>10234</position><in_Quantity.quantity>0.000000</in_Quantity.quantity><out_Quantity.quantity>192.408812</out_Quantity.quantity></Point><Point><position>10235</position><in_Quantity.quantity>0.000000</in_Quantity.quantity><out_Quantity.quantity>568.936670</out_Quantity.quantity></Point><Point><position>10236</position><in_Quantity.quantity>0.000000</in_Quantity.quantity><out_Quantity.quantity>851.745220</out_Quantity.quantity></Point><Point><position>10237</position><in_Quantity.quantity>0.000000</in_Quantity.quantity><out_Quantity.quantity>106.736660</out_Quantity.quantity></Point><Point><position>10238</position><in_Quantity.quantity>0.000000</in_Quantity.quantity><out_Quantity.quantity>674.356742</out_Quantity.quantity></Point><Point><position>10239</position><in_Quantity.quantity>0.000000</in_Quantity.quantity><out_Quantity.quantity>531.278358</out_Quantity.quantity></Point><Point><position>10240</position><in_Quantity.quantity>0.000000</in_Quantity.quantity><out_Quantity.quantity>253.409499</out_Quantity.quantity></Point><Point><position>10241</position><in_Quantity.quantity>0.000000</in_Quantity.quantity><out_Quantity.quantity>866.421541</out_Quantity.quantity></Point><Point><position>10242</position><in_Quantity.quantity>0.000000</in_Quantity.quantity><out_Quantity.quantity>73.859588</out_Quantity.quantity></Point><Point><position>10243</position><in_Quantity.quantity>0.000000</in_Quantity.quantity><out_Quantity.quantity>573.725892</out_Quantity.quantity></Point><Point><position>10244</position><in_Quantity.quantity>0.000000</in_Quantity.quantity><out_Quantity.quantity>564.042129</out_Quantity.quantity></Point><Point><position>10245</position><in_Quantity.quantity>0.000000</in_Quantity.quantity><out_Quantity.quantity>742.126498</out_Quantity.quantity></Point><Point><position>10246</position><in_Quantity.quantity>0.000000</in_Quantity.quantity><out_Quantity.quantity>652.287327</out_Quantity.quantity></Point><Point><position>10247</position><in_Quantity.quantity>0.000000</in_Quantity.quantity><out_Quantity.quantity>474.679315</out_Quantity.quantity></Point><Point><position>10248</position><in_Quantity.quantity>0.000000</in_Quantity.quantity><out_Quantity.quantity>477.033833</out_Quantity.quantity></Point><Point><position>10249</position><in_Quantity.quantity>0.000000</in_Quantity.quantity><out_Quantity.quantity>861.607900</out_Quantity.quantity></Point><Point><position>10250</position><in_Quantity.quantity>0.000000</in_Quantity.quantity><out_Quantity.quantity>516.897378</out_Quantity.quantity></Point><Point><position>10251</position><in_Quantity.quantity>0.000000</in_Quantity.quantity><out_Quantity.quantity>329.637860</out_Quantity.quantity></Point><Point><position>10252</position><in_Quantity.quantity>0.000000</in_Quantity.quantity><out_Quantity.quantity>959.599321</out_Quantity.quantity></Point><Point><position>10253</position><in_Quantity.quantity>0.000000</in_Quantity.quantity><out_Quantity.quantity>919.636365</out_Quantity.quantity></Point><Point><position>10254</position><in_Quantity.quantity>0.000000</in_Quantity.quantity><out_Quantity.quantity>123.951518</out_Quantity.quantity></Point><Point><position>10255</position><in_Quantity.quantity>0.000000</in_Quantity.quantity><out_Quantity.quantity>185.475410</out_Quantity.quantity></Point><Point><position>10256</position><in_Quantity.quantity>0.000000</in_Quantity.quantity><out_Quantity.quantity>962.370413</out_Quantity.quantity></Point><Point><position>10257</position><in_Quantity.quantity>0.000000</in_Quantity.quantity><out_Quantity.quantity>644.638350</out_Quantity.quantity></Point><Point><position>10258</position><in_Quantity.quantity>0.000000</in_Quantity.quantity><out_Quantity.quantity>763.167389</out_Quantity.quantity></Point><Point><position>10259</position><in_Quantity.quantity>0.000000</in_Quantity.quantity><out_Quantity.quantity>164.484286</out_Quantity.quantity></Point><Point><position>10260</position><in_Quantity.quantity>0.000000</in_Quantity.quantity><out_Quantity.quantity>553.248670</out_Quantity.quantity></Point><Point><position>10261</position><in_Quantity.quantity>0.000000</in_Quantity.quantity><out_Quantity.quantity>420.994125</out_Quantity.quantity></Point><Point><position>10262</position><in_Quantity.quantity>0.000000</in_Quantity.quantity><out_Quantity.quantity>170.192777</out_Quantity.quantity></Point><Point><position>10263</position><in_Quantity.quantity>0.000000</in_Quantity.quantity><out_Quantity.quantity>755.789466</out_Quantity.quantity></Point><Point><position>10264</position><in_Quantity.quantity>0.000000</in_Quantity.quantity><out_Quantity.quantity>142.707061</out_Quantity.quantity></Point><Point><position>10265</position><in_Quantity.quantity>0.000000</in_Quantity.quantity><out_Quantity.quantity>712.166652</out_Quantity.quantity></Point><Point><position>10266</position><in_Quantity.quantity>0.000000</in_Quantity.quantity><out_Quantity.quantity>284.962904</out_Quantity.quantity></Point><Point><position>10267</position><in_Quantity.quantity>0.000000</in_Quantity.quantity><out_Quantity.quantity>797.519643</out_Quantity.quantity></Point><Point><position>10268</position><in_Quantity.quantity>0.000000</in_Quantity.quantity><out_Quantity.quantity>596.766225</out_Quantity.quantity></Point><Point><position>10269</position><in_Quantity.quantity>0.000000</in_Quantity.quantity><out_Quantity.quantity>39.729531</out_Quantity.quantity></Point><Point><position>10270</position><in_Quantity.quantity>0.000000</in_Quantity.quantity><out_Quantity.quantity>483.757231</out_Quantity.quantity></Point><Point><position>10271</position><in_Quantity.quantity>0.000000</in_Quantity.quantity><out_Quantity.quantity>201.511057</out_Quantity.quantity></Point><Point><position>10272</position><in_Quantity.quantity>0.000000</in_Quantity.quantity><out_Quantity.quantity>897.665276</out_Quantity.quantity></Point><Point><position>10273</position><in_Quantity.quantity>0.000000</in_Quantity.quantity><out_Quantity.quantity>266.181295</out_Quantity.quantity></Point><Point><position>10274</position><in_Quantity.quantity>0.000000</in_Quantity.quantity><out_Quantity.quantity>220.776430</out_Quantity.quantity></Point><Point><position>10275</position><in_Quantity.quantity>0.000000</in_Quantity.quantity><out_Quantity.quantity>461.937685</out_Quantity.quantity></Point><Point><position>10276</position><in_Quantity.quantity>0.000000</in_Quantity.quantity><out_Quantity.quantity>183.085277</out_Quantity.quantity></Point><Point><position>10277</position><in_Quantity.quantity>0.000000</in_Quantity.quantity><out_Quantity.quantity>448.198816</out_Quantity.quantity></Point><Point><position>10278</position><in_Quantity.quantity>0.000000</in_Quantity.quantity><out_Quantity.quantity>901.155528</out_Quantity.quantity></Point><Point><position>10279</position><in_Quantity.quantity>0.000000</in_Quantity.quantity><out_Quantity.quantity>499.854299</out_Quantity.quantity></Point><Point><position>10280</position><in_Quantity.quantity>0.000000</in_Quantity.quantity><out_Quantity.quantity>848.590293</out_Quantity.quantity></Point><Point><position>10281</position><in_Quantity.quantity>0.000000</in_Quantity.quantity><out_Quantity.quantity>977.203882</out_Quantity.quantity></Point><Point><position>10282</position><in_Quantity.quantity>0.000000</in_Quantity.quantity><out_Quantity.quantity>24.078600</out_Quantity.quantity></Point><Point><position>10283</position><in_Quantity.quantity>0.000000</in_Quantity.quantity><out_Quantity.quantity>610.062067</out_Quantity.quantity></Point><Point><position>10284</position><in_Quantity.quantity>0.000000</in_Quantity.quantity><out_Quantity.quantity>242.303969</out_Quantity.quantity></Point><Point><position>10285</position><in_Quantity.quantity>0.000000</in_Quantity.quantity><out_Quantity.quantity>772.661909</out_Quantity.quantity></Point><Point><position>10286</position><in_Quantity.quantity>0.000000</in_Quantity.quantity><out_Quantity.quantity>899.641886</out_Quantity.quantity></Point><Point><position>10287</position><in_Quantity.quantity>0.000000</in_Quantity.quantity><out_Quantity.quantity>580.073434</out_Quantity.quantity></Point><Point><position>10288</position><in_Quantity.quantity>0.000000</in_Quantity.quantity><out_Quantity.quantity>814.930578</out_Quantity.quantity></Point><Point><position>10289</position><in_Quantity.quantity>0.000000</in_Quantity.quantity><out_Quantity.quantity>918.930282</out_Quantity.quantity></Point><Point><position>10290</position><in_Quantity.quantity>0.000000</in_Quantity.quantity><out_Quantity.quantity>704.976604</out_Quantity.quantity></Point><Point><position>10291</position><in_Quantity.quantity>0.000000</in_Quantity.quantity><out_Quantity.quantity>360.563657</out_Quantity.quantity></Point><Point><position>10292</position><in_Quantity.quantity>0.000000</in_Quantity.quantity><out_Quantity.quantity>169.326214</out_Quantity.quantity></Point><Point><position>10293</position><in_Quantity.quantity>0.000000</in_Quantity.quantity><out_Quantity.quantity>437.023313</out_Quantity.quantity></Point><Point><position>10294</position><in_Quantity.quantity>0.000000</in_Quantity.quantity><out_Quantity.quantity>10.535847</out_Quantity.quantity></Point><Point><position>10295</position><in_Quantity.quantity>0.000000</in_Quantity.quantity><out_Quantity.quantity>458.873644</out_Quantity.quantity></Point><Point><position>10296</position><in_Quantity.quantity>0.000000</in_Quantity.quantity><out_Quantity.quantity>959.166827</out_Quantity.quantity></Point><Point><position>10297</position><in_Quantity.quantity>0.000000</in_Quantity.quantity><out_Quantity.quantity>208.455799</out_Quantity.quantity></Point><Point><position>10298</position><in_Quantity.quantity>0.000000</in_Quantity.quantity><out_Quantity.quantity>599.766357</out_Quantity.quantity></Point><Point><position>10299</position><in_Quantity.quantity>0.000000</in_Quantity.quantity><out_Quantity.quantity>646.096141</out_Quantity.quantity></Point><Point><position>10300</position><in_Quantity.quantity>0.000000</in_Quantity.quantity><out_Quantity.quantity>655.263513</out_Quantity.quantity></Point><Point><position>10301</position><in_Quantity.quantity>0.000000</in_Quantity.quantity><out_Quantity.quantity>462.315652</out_Quantity.quantity></Point><Point><position>10302</position><in_Quantity.quantity>0.000000</in_Quantity.quantity><out_Quantity.quantity>396.540701</out_Quantity.quantity></Point><Point><position>10303</position><in_Quantity.quantity>0.000000</in_Quantity.quantity><out_Quantity.quantity>139.633694</out_Quantity.quantity></Point><Point><position>10304</position><in_Quantity.quantity>0.000000</in_Quantity.quantity><out_Quantity.quantity>480.185592</out_Quantity.quantity></Point><Point><position>10305</position><in_Quantity.quantity>0.000000</in_Quantity.quantity><out_Quantity.quantity>208.786882</out_Quantity.quantity></Point><Point><position>10306</position><in_Quantity.quantity>0.000000</in_Quantity.quantity><out_Quantity.quantity>546.842873</out_Quantity.quantity></Point><Point><position>10307</position><in_Quantity.quantity>0.000000</in_Quantity.quantity><out_Quantity.quantity>173.829979</out_Quantity.quantity></Point><Point><position>10308</position><in_Quantity.quantity>0.000000</in_Quantity.quantity><out_Quantity.quantity>400.888184</out_Quantity.quantity></Point><Point><position>10309</position><in_Quantity.quantity>0.000000</in_Quantity.quantity><out_Quantity.quantity>720.944035</out_Quantity.quantity></Point><Point><position>10310</position><in_Quantity.quantity>0.000000</in_Quantity.quantity><out_Quantity.quantity>322.805926</out_Quantity.quantity></Point><Point><position>10311</position><in_Quantity.quantity>0.000000</in_Quantity.quantity><out_Quantity.quantity>553.961723</out_Quantity.quantity></Point><Point><position>10312</position><in_Quantity.quantity>0.000000</in_Quantity.quantity><out_Quantity.quantity>218.231073</out_Quantity.quantity></Point><Point><position>10313</position><in_Quantity.quantity>0.000000</in_Quantity.quantity><out_Quantity.quantity>308.835729</out_Quantity.quantity></Point><Point><position>10314</position><in_Quantity.quantity>0.000000</in_Quantity.quantity><out_Quantity.quantity>148.711413</out_Quantity.quantity></Point><Point><position>10315</position><in_Quantity.quantity>0.000000</in_Quantity.quantity><out_Quantity.quantity>628.606370</out_Quantity.quantity></Point><Point><position>10316</position><in_Quantity.quantity>0.000000</in_Quantity.quantity><out_Quantity.quantity>568.513000</out_Quantity.quantity></Point><Point><position>10317</position><in_Quantity.quantity>0.000000</in_Quantity.quantity><out_Quantity.quantity>703.483009</out_Quantity.quantity></Point><Point><position>10318</position><in_Quantity.quantity>0.000000</in_Quantity.quantity><out_Quantity.quantity>856.350807</out_Quantity.quantity></Point><Point><position>10319</position><in_Quantity.quantity>0.000000</in_Quantity.quantity><out_Quantity.quantity>727.547355</out_Quantity.quantity></Point><Point><position>10320</position><in_Quantity.quantity>0.000000</in_Quantity.quantity><out_Quantity.quantity>383.741058</out_Quantity.quantity></Point><Point><position>10321</position><in_Quantity.quantity>0.000000</in_Quantity.quantity><out_Quantity.quantity>739.611982</out_Quantity.quantity></Point><Point><position>10322</position><in_Quantity.quantity>0.000000</in_Quantity.quantity><out_Quantity.quantity>591.874684</out_Quantity.quantity></Point><Point><position>10323</position><in_Quantity.quantity>0.000000</in_Quantity.quantity><out_Quantity.quantity>322.689891</out_Quantity.quantity></Point><Point><position>10324</position><in_Quantity.quantity>0.000000</in_Quantity.quantity><out_Quantity.quantity>991.614438</out_Quantity.quantity></Point><Point><position>10325</position><in_Quantity.quantity>0.000000</in_Quantity.quantity><out_Quantity.quantity>25.779141</out_Quantity.quantity></Point><Point><position>10326</position><in_Quantity.quantity>0.000000</in_Quantity.quantity><out_Quantity.quantity>517.498845</out_Quantity.quantity></Point><Point><position>10327</position><in_Quantity.quantity>0.000000</in_Quantity.quantity><out_Quantity.quantity>7.254333</out_Quantity.quantity></Point><Point><position>10328</position><in_Quantity.quantity>0.000000</in_Quantity.quantity><out_Quantity.quantity>203.686120</out_Quantity.quantity></Point><Point><position>10329</position><in_Quantity.quantity>0.000000</in_Quantity.quantity><out_Quantity.quantity>946.637210</out_Quantity.quantity></Point><Point><position>10330</position><in_Quantity.quantity>0.000000</in_Quantity.quantity><out_Quantity.quantity>394.199619</out_Quantity.quantity></Point><Point><position>10331</position><in_Quantity.quantity>0.000000</in_Quantity.quantity><out_Quantity.quantity>484.027645</out_Quantity.quantity></Point><Point><position>10332</position><in_Quantity.quantity>0.000000</in_Quantity.quantity><out_Quantity.quantity>786.196989</out_Quantity.quantity></Point><Point><position>10333</position><in_Quantity.quantity>0.000000</in_Quantity.quantity><out_Quantity.quantity>43.279620</out_Quantity.quantity></Point><Point><position>10334</position><in_Quantity.quantity>0.000000</in_Quantity.quantity><out_Quantity.quantity>798.000531</out_Quantity.quantity></Point><Point><position>10335</position><in_Quantity.quantity>0.000000</in_Quantity.quantity><out_Quantity.quantity>421.590935</out_Quantity.quantity></Point><Point><position>10336</position><in_Quantity.quantity>0.000000</in_Quantity.quantity><out_Quantity.quantity>947.973571</out_Quantity.quantity></Point><Point><position>10337</position><in_Quantity.quantity>0.000000</in_Quantity.quantity><out_Quantity.quantity>936.707013</out_Quantity.quantity></Point><Point><position>10338</position><in_Quantity.quantity>0.000000</in_Quantity.quantity><out_Quantity.quantity>272.575715</out_Quantity.quantity></Point><Point><position>10339</position><in_Quantity.quantity>0.000000</in_Quantity.quantity><out_Quantity.quantity>111.853899</out_Quantity.quantity></Point><Point><position>10340</position><in_Quantity.quantity>0.000000</in_Quantity.quantity><out_Quantity.quantity>667.602243</out_Quantity.quantity></Point><Point><position>10341</position><in_Quantity.quantity>0.000000</in_Quantity.quantity><out_Quantity.quantity>541.714720</out_Quantity.quantity></Point><Point><position>10342</position><in_Quantity.quantity>0.000000</in_Quantity.quantity><out_Quantity.quantity>597.195579</out_Quantity.quantity></Point><Point><position>10343</position><in_Quantity.quantity>0.000000</in_Quantity.quantity><out_Quantity.quantity>845.149001</out_Quantity.quantity></Point><Point><position>10344</position><in_Quantity.quantity>0.000000</in_Quantity.quantity><out_Quantity.quantity>710.327679</out_Quantity.quantity></Point><Point><position>10345</position><in_Quantity.quantity>0.000000</in_Quantity.quantity><out_Quantity.quantity>73.034919</out_Quantity.quantity></Point><Point><position>10346</position><in_Quantity.quantity>0.000000</in_Quantity.quantity><out_Quantity.quantity>619.985556</out_Quantity.quantity></Point><Point><position>10347</position><in_Quantity.quantity>0.000000</in_Quantity.quantity><out_Quantity.quantity>668.048454</out_Quantity.quantity></Point><Point><position>10348</position><in_Quantity.quantity>0.000000</in_Quantity.quantity><out_Quantity.quantity>292.809451</out_Quantity.quantity></Point><Point><position>10349</position><in_Quantity.quantity>0.000000</in_Quantity.quantity><out_Quantity.quantity>797.466351</out_Quantity.quantity></Point><Point><position>10350</position><in_Quantity.quantity>0.000000</in_Quantity.quantity><out_Quantity.quantity>13.374454</out_Quantity.quantity></Point><Point><position>10351</position><in_Quantity.quantity>0.000000</in_Quantity.quantity><out_Quantity.quantity>782.370790</out_Quantity.quantity></Point><Point><position>10352</position><in_Quantity.quantity>0.000000</in_Quantity.quantity><out_Quantity.quantity>642.986640</out_Quantity.quantity></Point><Point><position>10353</position><in_Quantity.quantity>0.000000</in_Quantity.quantity><out_Quantity.quantity>470.084522</out_Quantity.quantity></Point><Point><position>10354</position><in_Quantity.quantity>0.000000</in_Quantity.quantity><out_Quantity.quantity>449.459069</out_Quantity.quantity></Point><Point><position>10355</position><in_Quantity.quantity>0.000000</in_Quantity.quantity><out_Quantity.quantity>541.169637</out_Quantity.quantity></Point><Point><position>10356</position><in_Quantity.quantity>0.000000</in_Quantity.quantity><out_Quantity.quantity>575.371775</out_Quantity.quantity></Point><Point><position>10357</position><in_Quantity.quantity>0.000000</in_Quantity.quantity><out_Quantity.quantity>616.736492</out_Quantity.quantity></Point><Point><position>10358</position><in_Quantity.quantity>0.000000</in_Quantity.quantity><out_Quantity.quantity>539.056371</out_Quantity.quantity></Point><Point><position>10359</position><in_Quantity.quantity>0.000000</in_Quantity.quantity><out_Quantity.quantity>636.104320</out_Quantity.quantity></Point><Point><position>10360</position><in_Quantity.quantity>0.000000</in_Quantity.quantity><out_Quantity.quantity>635.711868</out_Quantity.quantity></Point><Point><position>10361</position><in_Quantity.quantity>0.000000</in_Quantity.quantity><out_Quantity.quantity>945.400131</out_Quantity.quantity></Point><Point><position>10362</position><in_Quantity.quantity>0.000000</in_Quantity.quantity><out_Quantity.quantity>554.214583</out_Quantity.quantity></Point><Point><position>10363</position><in_Quantity.quantity>0.000000</in_Quantity.quantity><out_Quantity.quantity>369.961676</out_Quantity.quantity></Point><Point><position>10364</position><in_Quantity.quantity>0.000000</in_Quantity.quantity><out_Quantity.quantity>455.415186</out_Quantity.quantity></Point><Point><position>10365</position><in_Quantity.quantity>0.000000</in_Quantity.quantity><out_Quantity.quantity>926.651796</out_Quantity.quantity></Point><Point><position>10366</position><in_Quantity.quantity>0.000000</in_Quantity.quantity><out_Quantity.quantity>559.785769</out_Quantity.quantity></Point><Point><position>10367</position><in_Quantity.quantity>0.000000</in_Quantity.quantity><out_Quantity.quantity>533.844314</out_Quantity.quantity></Point><Point><position>10368</position><in_Quantity.quantity>0.000000</in_Quantity.quantity><out_Quantity.quantity>171.347752</out_Quantity.quantity></Point><Point><position>10369</position><in_Quantity.quantity>0.000000</in_Quantity.quantity><out_Quantity.quantity>141.745740</out_Quantity.quantity></Point><Point><position>10370</position><in_Quantity.quantity>0.000000</in_Quantity.quantity><out_Quantity.quantity>228.693007</out_Quantity.quantity></Point><Point><position>10371</position><in_Quantity.quantity>0.000000</in_Quantity.quantity><out_Quantity.quantity>888.435487</out_Quantity.quantity></Point><Point><position>10372</position><in_Quantity.quantity>0.000000</in_Quantity.quantity><out_Quantity.quantity>524.699180</out_Quantity.quantity></Point><Point><position>10373</position><in_Quantity.quantity>0.000000</in_Quantity.quantity><out_Quantity.quantity>442.380781</out_Quantity.quantity></Point><Point><position>10374</position><in_Quantity.quantity>0.000000</in_Quantity.quantity><out_Quantity.quantity>425.193933</out_Quantity.quantity></Point><Point><position>10375</position><in_Quantity.quantity>0.000000</in_Quantity.quantity><out_Quantity.quantity>132.897598</out_Quantity.quantity></Point><Point><position>10376</position><in_Quantity.quantity>0.000000</in_Quantity.quantity><out_Quantity.quantity>717.262352</out_Quantity.quantity></Point><Point><position>10377</position><in_Quantity.quantity>0.000000</in_Quantity.quantity><out_Quantity.quantity>595.849980</out_Quantity.quantity></Point><Point><position>10378</position><in_Quantity.quantity>0.000000</in_Quantity.quantity><out_Quantity.quantity>700.276566</out_Quantity.quantity></Point><Point><position>10379</position><in_Quantity.quantity>0.000000</in_Quantity.quantity><out_Quantity.quantity>399.503551</out_Quantity.quantity></Point><Point><position>10380</position><in_Quantity.quantity>0.000000</in_Quantity.quantity><out_Quantity.quantity>609.895114</out_Quantity.quantity></Point><Point><position>10381</position><in_Quantity.quantity>0.000000</in_Quantity.quantity><out_Quantity.quantity>578.418190</out_Quantity.quantity></Point><Point><position>10382</position><in_Quantity.quantity>0.000000</in_Quantity.quantity><out_Quantity.quantity>657.425345</out_Quantity.quantity></Point><Point><position>10383</position><in_Quantity.quantity>0.000000</in_Quantity.quantity><out_Quantity.quantity>165.002823</out_Quantity.quantity></Point><Point><position>10384</position><in_Quantity.quantity>0.000000</in_Quantity.quantity><out_Quantity.quantity>496.087178</out_Quantity.quantity></Point><Point><position>10385</position><in_Quantity.quantity>0.000000</in_Quantity.quantity><out_Quantity.quantity>37.747329</out_Quantity.quantity></Point><Point><position>10386</position><in_Quantity.quantity>0.000000</in_Quantity.quantity><out_Quantity.quantity>57.985568</out_Quantity.quantity></Point><Point><position>10387</position><in_Quantity.quantity>0.000000</in_Quantity.quantity><out_Quantity.quantity>170.792216</out_Quantity.quantity></Point><Point><position>10388</position><in_Quantity.quantity>0.000000</in_Quantity.quantity><out_Quantity.quantity>174.578361</out_Quantity.quantity></Point><Point><position>10389</position><in_Quantity.quantity>0.000000</in_Quantity.quantity><out_Quantity.quantity>309.872555</out_Quantity.quantity></Point><Point><position>10390</position><in_Quantity.quantity>0.000000</in_Quantity.quantity><out_Quantity.quantity>262.010713</out_Quantity.quantity></Point><Point><position>10391</position><in_Quantity.quantity>0.000000</in_Quantity.quantity><out_Quantity.quantity>553.290504</out_Quantity.quantity></Point><Point><position>10392</position><in_Quantity.quantity>0.000000</in_Quantity.quantity><out_Quantity.quantity>267.372312</out_Quantity.quantity></Point><Point><position>10393</position><in_Quantity.quantity>0.000000</in_Quantity.quantity><out_Quantity.quantity>819.733375</out_Quantity.quantity></Point><Point><position>10394</position><in_Quantity.quantity>0.000000</in_Quantity.quantity><out_Quantity.quantity>382.665917</out_Quantity.quantity></Point><Point><position>10395</position><in_Quantity.quantity>0.000000</in_Quantity.quantity><out_Quantity.quantity>469.790870</out_Quantity.quantity></Point><Point><position>10396</position><in_Quantity.quantity>0.000000</in_Quantity.quantity><out_Quantity.quantity>226.140376</out_Quantity.quantity></Point><Point><position>10397</position><in_Quantity.quantity>0.000000</in_Quantity.quantity><out_Quantity.quantity>249.753563</out_Quantity.quantity></Point><Point><position>10398</position><in_Quantity.quantity>0.000000</in_Quantity.quantity><out_Quantity.quantity>238.401416</out_Quantity.quantity></Point><Point><position>10399</position><in_Quantity.quantity>0.000000</in_Quantity.quantity><out_Quantity.quantity>887.142220</out_Quantity.quantity></Point><Point><position>10400</position><in_Quantity.quantity>0.000000</in_Quantity.quantity><out_Quantity.quantity>112.384485</out_Quantity.quantity></Point><Point><position>10401</position><in_Quantity.quantity>0.000000</in_Quantity.quantity><out_Quantity.quantity>496.325692</out_Quantity.quantity></Point><Point><position>10402</position><in_Quantity.quantity>0.000000</in_Quantity.quantity><out_Quantity.quantity>17.879618</out_Quantity.quantity></Point><Point><position>10403</position><in_Quantity.quantity>0.000000</in_Quantity.quantity><out_Quantity.quantity>401.777665</out_Quantity.quantity></Point><Point><position>10404</position><in_Quantity.quantity>0.000000</in_Quantity.quantity><out_Quantity.quantity>552.818510</out_Quantity.quantity></Point><Point><position>10405</position><in_Quantity.quantity>0.000000</in_Quantity.quantity><out_Quantity.quantity>301.752258</out_Quantity.quantity></Point><Point><position>10406</position><in_Quantity.quantity>0.000000</in_Quantity.quantity><out_Quantity.quantity>53.652977</out_Quantity.quantity></Point><Point><position>10407</position><in_Quantity.quantity>0.000000</in_Quantity.quantity><out_Quantity.quantity>947.411988</out_Quantity.quantity></Point><Point><position>10408</position><in_Quantity.quantity>0.000000</in_Quantity.quantity><out_Quantity.quantity>664.580443</out_Quantity.quantity></Point><Point><position>10409</position><in_Quantity.quantity>0.000000</in_Quantity.quantity><out_Quantity.quantity>702.091889</out_Quantity.quantity></Point><Point><position>10410</position><in_Quantity.quantity>0.000000</in_Quantity.quantity><out_Quantity.quantity>951.628109</out_Quantity.quantity></Point><Point><position>10411</position><in_Quantity.quantity>0.000000</in_Quantity.quantity><out_Quantity.quantity>217.645426</out_Quantity.quantity></Point><Point><position>10412</position><in_Quantity.quantity>0.000000</in_Quantity.quantity><out_Quantity.quantity>436.977428</out_Quantity.quantity></Point><Point><position>10413</position><in_Quantity.quantity>0.000000</in_Quantity.quantity><out_Quantity.quantity>990.125419</out_Quantity.quantity></Point><Point><position>10414</position><in_Quantity.quantity>0.000000</in_Quantity.quantity><out_Quantity.quantity>368.957770</out_Quantity.quantity></Point><Point><position>10415</position><in_Quantity.quantity>0.000000</in_Quantity.quantity><out_Quantity.quantity>472.977369</out_Quantity.quantity></Point><Point><position>10416</position><in_Quantity.quantity>0.000000</in_Quantity.quantity><out_Quantity.quantity>619.399583</out_Quantity.quantity></Point><Point><position>10417</position><in_Quantity.quantity>0.000000</in_Quantity.quantity><out_Quantity.quantity>517.847673</out_Quantity.quantity></Point><Point><position>10418</position><in_Quantity.quantity>0.000000</in_Quantity.quantity><out_Quantity.quantity>513.302835</out_Quantity.quantity></Point><Point><position>10419</position><in_Quantity.quantity>0.000000</in_Quantity.quantity><out_Quantity.quantity>231.887172</out_Quantity.quantity></Point><Point><position>10420</position><in_Quantity.quantity>0.000000</in_Quantity.quantity><out_Quantity.quantity>72.926609</out_Quantity.quantity></Point><Point><position>10421</position><in_Quantity.quantity>0.000000</in_Quantity.quantity><out_Quantity.quantity>151.808966</out_Quantity.quantity></Point><Point><position>10422</position><in_Quantity.quantity>0.000000</in_Quantity.quantity><out_Quantity.quantity>334.168346</out_Quantity.quantity></Point><Point><position>10423</position><in_Quantity.quantity>0.000000</in_Quantity.quantity><out_Quantity.quantity>274.084597</out_Quantity.quantity></Point><Point><position>10424</position><in_Quantity.quantity>0.000000</in_Quantity.quantity><out_Quantity.quantity>49.117906</out_Quantity.quantity></Point><Point><position>10425</position><in_Quantity.quantity>0.000000</in_Quantity.quantity><out_Quantity.quantity>420.708283</out_Quantity.quantity></Point><Point><position>10426</position><in_Quantity.quantity>0.000000</in_Quantity.quantity><out_Quantity.quantity>220.989115</out_Quantity.quantity></Point><Point><position>10427</position><in_Quantity.quantity>0.000000</in_Quantity.quantity><out_Quantity.quantity>106.599762</out_Quantity.quantity></Point><Point><position>10428</position><in_Quantity.quantity>0.000000</in_Quantity.quantity><out_Quantity.quantity>208.435158</out_Quantity.quantity></Point><Point><position>10429</position><in_Quantity.quantity>0.000000</in_Quantity.quantity><out_Quantity.quantity>118.671617</out_Quantity.quantity></Point><Point><position>10430</position><in_Quantity.quantity>0.000000</in_Quantity.quantity><out_Quantity.quantity>672.275970</out_Quantity.quantity></Point><Point><position>10431</position><in_Quantity.quantity>0.000000</in_Quantity.quantity><out_Quantity.quantity>453.833252</out_Quantity.quantity></Point><Point><position>10432</position><in_Quantity.quantity>0.000000</in_Quantity.quantity><out_Quantity.quantity>717.672020</out_Quantity.quantity></Point><Point><position>10433</position><in_Quantity.quantity>0.000000</in_Quantity.quantity><out_Quantity.quantity>859.115212</out_Quantity.quantity></Point><Point><position>10434</position><in_Quantity.quantity>0.000000</in_Quantity.quantity><out_Quantity.quantity>291.095298</out_Quantity.quantity></Point><Point><position>10435</position><in_Quantity.quantity>0.000000</in_Quantity.quantity><out_Quantity.quantity>347.206326</out_Quantity.quantity></Point><Point><position>10436</position><in_Quantity.quantity>0.000000</in_Quantity.quantity><out_Quantity.quantity>672.289601</out_Quantity.quantity></Point><Point><position>10437</position><in_Quantity.quantity>0.000000</in_Quantity.quantity><out_Quantity.quantity>231.097954</out_Quantity.quantity></Point><Point><position>10438</position><in_Quantity.quantity>0.000000</in_Quantity.quantity><out_Quantity.quantity>717.180668</out_Quantity.quantity></Point><Point><position>10439</position><in_Quantity.quantity>0.000000</in_Quantity.quantity><out_Quantity.quantity>298.857625</out_Quantity.quantity></Point><Point><position>10440</position><in_Quantity.quantity>0.000000</in_Quantity.quantity><out_Quantity.quantity>254.007979</out_Quantity.quantity></Point><Point><position>10441</position><in_Quantity.quantity>0.000000</in_Quantity.quantity><out_Quantity.quantity>400.981447</out_Quantity.quantity></Point><Point><position>10442</position><in_Quantity.quantity>0.000000</in_Quantity.quantity><out_Quantity.quantity>367.896382</out_Quantity.quantity></Point><Point><position>10443</position><in_Quantity.quantity>0.000000</in_Quantity.quantity><out_Quantity.quantity>980.197220</out_Quantity.quantity></Point><Point><position>10444</position><in_Quantity.quantity>0.000000</in_Quantity.quantity><out_Quantity.quantity>185.728149</out_Quantity.quantity></Point><Point><position>10445</position><in_Quantity.quantity>0.000000</in_Quantity.quantity><out_Quantity.quantity>120.637627</out_Quantity.quantity></Point><Point><position>10446</position><in_Quantity.quantity>0.000000</in_Quantity.quantity><out_Quantity.quantity>402.815323</out_Quantity.quantity></Point><Point><position>10447</position><in_Quantity.quantity>0.000000</in_Quantity.quantity><out_Quantity.quantity>283.272867</out_Quantity.quantity></Point><Point><position>10448</position><in_Quantity.quantity>0.000000</in_Quantity.quantity><out_Quantity.quantity>404.454138</out_Quantity.quantity></Point><Point><position>10449</position><in_Quantity.quantity>0.000000</in_Quantity.quantity><out_Quantity.quantity>655.236929</out_Quantity.quantity></Point><Point><position>10450</position><in_Quantity.quantity>0.000000</in_Quantity.quantity><out_Quantity.quantity>264.218888</out_Quantity.quantity></Point><Point><position>10451</position><in_Quantity.quantity>0.000000</in_Quantity.quantity><out_Quantity.quantity>161.608842</out_Quantity.quantity></Point><Point><position>10452</position><in_Quantity.quantity>0.000000</in_Quantity.quantity><out_Quantity.quantity>111.452736</out_Quantity.quantity></Point><Point><position>10453</position><in_Quantity.quantity>0.000000</in_Quantity.quantity><out_Quantity.quantity>239.213427</out_Quantity.quantity></Point><Point><position>10454</position><in_Quantity.quantity>0.000000</in_Quantity.quantity><out_Quantity.quantity>861.516267</out_Quantity.quantity></Point><Point><position>10455</position><in_Quantity.quantity>0.000000</in_Quantity.quantity><out_Quantity.quantity>482.322470</out_Quantity.quantity></Point><Point><position>10456</position><in_Quantity.quantity>0.000000</in_Quantity.quantity><out_Quantity.quantity>935.498486</out_Quantity.quantity></Point><Point><position>10457</position><in_Quantity.quantity>0.000000</in_Quantity.quantity><out_Quantity.quantity>898.875038</out_Quantity.quantity></Point><Point><position>10458</position><in_Quantity.quantity>0.000000</in_Quantity.quantity><out_Quantity.quantity>314.396998</out_Quantity.quantity></Point><Point><position>10459</position><in_Quantity.quantity>0.000000</in_Quantity.quantity><out_Quantity.quantity>176.349219</out_Quantity.quantity></Point><Point><position>10460</position><in_Quantity.quantity>0.000000</in_Quantity.quantity><out_Quantity.quantity>576.835780</out_Quantity.quantity></Point><Point><position>10461</position><in_Quantity.quantity>0.000000</in_Quantity.quantity><out_Quantity.quantity>393.637119</out_Quantity.quantity></Point><Point><position>10462</position><in_Quantity.quantity>0.000000</in_Quantity.quantity><out_Quantity.quantity>594.972514</out_Quantity.quantity></Point><Point><position>10463</position><in_Quantity.quantity>0.000000</in_Quantity.quantity><out_Quantity.quantity>961.049266</out_Quantity.quantity></Point><Point><position>10464</position><in_Quantity.quantity>0.000000</in_Quantity.quantity><out_Quantity.quantity>957.456413</out_Quantity.quantity></Point><Point><position>10465</position><in_Quantity.quantity>0.000000</in_Quantity.quantity><out_Quantity.quantity>695.723312</out_Quantity.quantity></Point><Point><position>10466</position><in_Quantity.quantity>0.000000</in_Quantity.quantity><out_Quantity.quantity>635.645560</out_Quantity.quantity></Point><Point><position>10467</position><in_Quantity.quantity>0.000000</in_Quantity.quantity><out_Quantity.quantity>250.998028</out_Quantity.quantity></Point><Point><position>10468</position><in_Quantity.quantity>0.000000</in_Quantity.quantity><out_Quantity.quantity>123.108132</out_Quantity.quantity></Point><Point><position>10469</position><in_Quantity.quantity>0.000000</in_Quantity.quantity><out_Quantity.quantity>80.695448</out_Quantity.quantity></Point><Point><position>10470</position><in_Quantity.quantity>0.000000</in_Quantity.quantity><out_Quantity.quantity>405.249725</out_Quantity.quantity></Point><Point><position>10471</position><in_Quantity.quantity>0.000000</in_Quantity.quantity><out_Quantity.quantity>987.153521</out_Quantity.quantity></Point><Point><position>10472</position><in_Quantity.quantity>0.000000</in_Quantity.quantity><out_Quantity.quantity>2.185528</out_Quantity.quantity></Point><Point><position>10473</position><in_Quantity.quantity>0.000000</in_Quantity.quantity><out_Quantity.quantity>128.138355</out_Quantity.quantity></Point><Point><position>10474</position><in_Quantity.quantity>0.000000</in_Quantity.quantity><out_Quantity.quantity>544.345429</out_Quantity.quantity></Point><Point><position>10475</position><in_Quantity.quantity>0.000000</in_Quantity.quantity><out_Quantity.quantity>595.422465</out_Quantity.quantity></Point><Point><position>10476</position><in_Quantity.quantity>0.000000</in_Quantity.quantity><out_Quantity.quantity>854.530858</out_Quantity.quantity></Point><Point><position>10477</position><in_Quantity.quantity>0.000000</in_Quantity.quantity><out_Quantity.quantity>736.594449</out_Quantity.quantity></Point><Point><position>10478</position><in_Quantity.quantity>0.000000</in_Quantity.quantity><out_Quantity.quantity>943.862241</out_Quantity.quantity></Point><Point><position>10479</position><in_Quantity.quantity>0.000000</in_Quantity.quantity><out_Quantity.quantity>556.676236</out_Quantity.quantity></Point><Point><position>10480</position><in_Quantity.quantity>0.000000</in_Quantity.quantity><out_Quantity.quantity>638.684579</out_Quantity.quantity></Point><Point><position>10481</position><in_Quantity.quantity>0.000000</in_Quantity.quantity><out_Quantity.quantity>651.601424</out_Quantity.quantity></Point><Point><position>10482</position><in_Quantity.quantity>0.000000</in_Quantity.quantity><out_Quantity.quantity>684.696691</out_Quantity.quantity></Point><Point><position>10483</position><in_Quantity.quantity>0.000000</in_Quantity.quantity><out_Quantity.quantity>135.437718</out_Quantity.quantity></Point><Point><position>10484</position><in_Quantity.quantity>0.000000</in_Quantity.quantity><out_Quantity.quantity>940.288266</out_Quantity.quantity></Point><Point><position>10485</position><in_Quantity.quantity>0.000000</in_Quantity.quantity><out_Quantity.quantity>795.324037</out_Quantity.quantity></Point><Point><position>10486</position><in_Quantity.quantity>0.000000</in_Quantity.quantity><out_Quantity.quantity>25.290927</out_Quantity.quantity></Point><Point><position>10487</position><in_Quantity.quantity>0.000000</in_Quantity.quantity><out_Quantity.quantity>911.815228</out_Quantity.quantity></Point><Point><position>10488</position><in_Quantity.quantity>0.000000</in_Quantity.quantity><out_Quantity.quantity>16.074998</out_Quantity.quantity></Point><Point><position>10489</position><in_Quantity.quantity>0.000000</in_Quantity.quantity><out_Quantity.quantity>715.701939</out_Quantity.quantity></Point><Point><position>10490</position><in_Quantity.quantity>0.000000</in_Quantity.quantity><out_Quantity.quantity>645.489925</out_Quantity.quantity></Point><Point><position>10491</position><in_Quantity.quantity>0.000000</in_Quantity.quantity><out_Quantity.quantity>250.590716</out_Quantity.quantity></Point><Point><position>10492</position><in_Quantity.quantity>0.000000</in_Quantity.quantity><out_Quantity.quantity>17.371302</out_Quantity.quantity></Point><Point><position>10493</position><in_Quantity.quantity>0.000000</in_Quantity.quantity><out_Quantity.quantity>51.073580</out_Quantity.quantity></Point><Point><position>10494</position><in_Quantity.quantity>0.000000</in_Quantity.quantity><out_Quantity.quantity>994.182969</out_Quantity.quantity></Point><Point><position>10495</position><in_Quantity.quantity>0.000000</in_Quantity.quantity><out_Quantity.quantity>886.738093</out_Quantity.quantity></Point><Point><position>10496</position><in_Quantity.quantity>0.000000</in_Quantity.quantity><out_Quantity.quantity>445.133794</out_Quantity.quantity></Point><Point><position>10497</position><in_Quantity.quantity>0.000000</in_Quantity.quantity><out_Quantity.quantity>796.383225</out_Quantity.quantity></Point><Point><position>10498</position><in_Quantity.quantity>0.000000</in_Quantity.quantity><out_Quantity.quantity>955.580822</out_Quantity.quantity></Point><Point><position>10499</position><in_Quantity.quantity>0.000000</in_Quantity.quantity><out_Quantity.quantity>805.337935</out_Quantity.quantity></Point><Point><position>10500</position><in_Quantity.quantity>0.000000</in_Quantity.quantity><out_Quantity.quantity>286.591008</out_Quantity.quantity></Point><Point><position>10501</position><in_Quantity.quantity>0.000000</in_Quantity.quantity><out_Quantity.quantity>852.718322</out_Quantity.quantity></Point><Point><position>10502</position><in_Quantity.quantity>0.000000</in_Quantity.quantity><out_Quantity.quantity>661.547067</out_Quantity.quantity></Point><Point><position>10503</position><in_Quantity.quantity>0.000000</in_Quantity.quantity><out_Quantity.quantity>359.867494</out_Quantity.quantity></Point><Point><position>10504</position><in_Quantity.quantity>0.000000</in_Quantity.quantity><out_Quantity.quantity>452.821681</out_Quantity.quantity></Point><Point><position>10505</position><in_Quantity.quantity>0.000000</in_Quantity.quantity><out_Quantity.quantity>913.231839</out_Quantity.quantity></Point><Point><position>10506</position><in_Quantity.quantity>0.000000</in_Quantity.quantity><out_Quantity.quantity>193.355353</out_Quantity.quantity></Point><Point><position>10507</position><in_Quantity.quantity>0.000000</in_Quantity.quantity><out_Quantity.quantity>35.318994</out_Quantity.quantity></Point><Point><position>10508</position><in_Quantity.quantity>0.000000</in_Quantity.quantity><out_Quantity.quantity>989.424235</out_Quantity.quantity></Point><Point><position>10509</position><in_Quantity.quantity>0.000000</in_Quantity.quantity><out_Quantity.quantity>449.456557</out_Quantity.quantity></Point><Point><position>10510</position><in_Quantity.quantity>0.000000</in_Quantity.quantity><out_Quantity.quantity>378.785591</out_Quantity.quantity></Point><Point><position>10511</position><in_Quantity.quantity>0.000000</in_Quantity.quantity><out_Quantity.quantity>331.232350</out_Quantity.quantity></Point><Point><position>10512</position><in_Quantity.quantity>0.000000</in_Quantity.quantity><out_Quantity.quantity>162.402955</out_Quantity.quantity></Point><Point><position>10513</position><in_Quantity.quantity>0.000000</in_Quantity.quantity><out_Quantity.quantity>404.961409</out_Quantity.quantity></Point><Point><position>10514</position><in_Quantity.quantity>0.000000</in_Quantity.quantity><out_Quantity.quantity>63.543749</out_Quantity.quantity></Point><Point><position>10515</position><in_Quantity.quantity>0.000000</in_Quantity.quantity><out_Quantity.quantity>168.184947</out_Quantity.quantity></Point><Point><position>10516</position><in_Quantity.quantity>0.000000</in_Quantity.quantity><out_Quantity.quantity>234.687669</out_Quantity.quantity></Point><Point><position>10517</position><in_Quantity.quantity>0.000000</in_Quantity.quantity><out_Quantity.quantity>229.149862</out_Quantity.quantity></Point><Point><position>10518</position><in_Quantity.quantity>0.000000</in_Quantity.quantity><out_Quantity.quantity>464.963631</out_Quantity.quantity></Point><Point><position>10519</position><in_Quantity.quantity>0.000000</in_Quantity.quantity><out_Quantity.quantity>476.327765</out_Quantity.quantity></Point><Point><position>10520</position><in_Quantity.quantity>0.000000</in_Quantity.quantity><out_Quantity.quantity>456.773203</out_Quantity.quantity></Point><Point><position>10521</position><in_Quantity.quantity>0.000000</in_Quantity.quantity><out_Quantity.quantity>354.789326</out_Quantity.quantity></Point><Point><position>10522</position><in_Quantity.quantity>0.000000</in_Quantity.quantity><out_Quantity.quantity>750.342257</out_Quantity.quantity></Point><Point><position>10523</position><in_Quantity.quantity>0.000000</in_Quantity.quantity><out_Quantity.quantity>894.970065</out_Quantity.quantity></Point><Point><position>10524</position><in_Quantity.quantity>0.000000</in_Quantity.quantity><out_Quantity.quantity>727.405885</out_Quantity.quantity></Point><Point><position>10525</position><in_Quantity.quantity>0.000000</in_Quantity.quantity><out_Quantity.quantity>210.726471</out_Quantity.quantity></Point><Point><position>10526</position><in_Quantity.quantity>0.000000</in_Quantity.quantity><out_Quantity.quantity>523.224149</out_Quantity.quantity></Point><Point><position>10527</position><in_Quantity.quantity>0.000000</in_Quantity.quantity><out_Quantity.quantity>513.196878</out_Quantity.quantity></Point><Point><position>10528</position><in_Quantity.quantity>0.000000</in_Quantity.quantity><out_Quantity.quantity>424.378364</out_Quantity.quantity></Point><Point><position>10529</position><in_Quantity.quantity>0.000000</in_Quantity.quantity><out_Quantity.quantity>673.175333</out_Quantity.quantity></Point><Point><position>10530</position><in_Quantity.quantity>0.000000</in_Quantity.quantity><out_Quantity.quantity>739.772100</out_Quantity.quantity></Point><Point><position>10531</position><in_Quantity.quantity>0.000000</in_Quantity.quantity><out_Quantity.quantity>893.613578</out_Quantity.quantity></Point><Point><position>10532</position><in_Quantity.quantity>0.000000</in_Quantity.quantity><out_Quantity.quantity>455.008649</out_Quantity.quantity></Point><Point><position>10533</position><in_Quantity.quantity>0.000000</in_Quantity.quantity><out_Quantity.quantity>53.886605</out_Quantity.quantity></Point><Point><position>10534</position><in_Quantity.quantity>0.000000</in_Quantity.quantity><out_Quantity.quantity>103.772500</out_Quantity.quantity></Point><Point><position>10535</position><in_Quantity.quantity>0.000000</in_Quantity.quantity><out_Quantity.quantity>634.354719</out_Quantity.quantity></Point><Point><position>10536</position><in_Quantity.quantity>0.000000</in_Quantity.quantity><out_Quantity.quantity>823.058267</out_Quantity.quantity></Point><Point><position>10537</position><in_Quantity.quantity>0.000000</in_Quantity.quantity><out_Quantity.quantity>441.873555</out_Quantity.quantity></Point><Point><position>10538</position><in_Quantity.quantity>0.000000</in_Quantity.quantity><out_Quantity.quantity>586.775722</out_Quantity.quantity></Point><Point><position>10539</position><in_Quantity.quantity>0.000000</in_Quantity.quantity><out_Quantity.quantity>864.987301</out_Quantity.quantity></Point><Point><position>10540</position><in_Quantity.quantity>0.000000</in_Quantity.quantity><out_Quantity.quantity>326.572467</out_Quantity.quantity></Point><Point><position>10541</position><in_Quantity.quantity>0.000000</in_Quantity.quantity><out_Quantity.quantity>863.687671</out_Quantity.quantity></Point><Point><position>10542</position><in_Quantity.quantity>0.000000</in_Quantity.quantity><out_Quantity.quantity>555.566721</out_Quantity.quantity></Point><Point><position>10543</position><in_Quantity.quantity>0.000000</in_Quantity.quantity><out_Quantity.quantity>725.935889</out_Quantity.quantity></Point><Point><position>10544</position><in_Quantity.quantity>0.000000</in_Quantity.quantity><out_Quantity.quantity>300.558034</out_Quantity.quantity></Point><Point><position>10545</position><in_Quantity.quantity>0.000000</in_Quantity.quantity><out_Quantity.quantity>499.984564</out_Quantity.quantity></Point><Point><position>10546</position><in_Quantity.quantity>0.000000</in_Quantity.quantity><out_Quantity.quantity>195.850598</out_Quantity.quantity></Point><Point><position>10547</position><in_Quantity.quantity>0.000000</in_Quantity.quantity><out_Quantity.quantity>849.044665</out_Quantity.quantity></Point><Point><position>10548</position><in_Quantity.quantity>0.000000</in_Quantity.quantity><out_Quantity.quantity>370.579439</out_Quantity.quantity></Point><Point><position>10549</position><in_Quantity.quantity>0.000000</in_Quantity.quantity><out_Quantity.quantity>765.328871</out_Quantity.quantity></Point><Point><position>10550</position><in_Quantity.quantity>0.000000</in_Quantity.quantity><out_Quantity.quantity>764.671002</out_Quantity.quantity></Point><Point><position>10551</position><in_Quantity.quantity>0.000000</in_Quantity.quantity><out_Quantity.quantity>695.057185</out_Quantity.quantity></Point><Point><position>10552</position><in_Quantity.quantity>0.000000</in_Quantity.quantity><out_Quantity.quantity>587.423022</out_Quantity.quantity></Point><Point><position>10553</position><in_Quantity.quantity>0.000000</in_Quantity.quantity><out_Quantity.quantity>707.304066</out_Quantity.quantity></Point><Point><position>10554</position><in_Quantity.quantity>0.000000</in_Quantity.quantity><out_Quantity.quantity>752.757151</out_Quantity.quantity></Point><Point><position>10555</position><in_Quantity.quantity>0.000000</in_Quantity.quantity><out_Quantity.quantity>165.045870</out_Quantity.quantity></Point><Point><position>10556</position><in_Quantity.quantity>0.000000</in_Quantity.quantity><out_Quantity.quantity>280.975122</out_Quantity.quantity></Point><Point><position>10557</position><in_Quantity.quantity>0.000000</in_Quantity.quantity><out_Quantity.quantity>387.497579</out_Quantity.quantity></Point><Point><position>10558</position><in_Quantity.quantity>0.000000</in_Quantity.quantity><out_Quantity.quantity>897.331475</out_Quantity.quantity></Point><Point><position>10559</position><in_Quantity.quantity>0.000000</in_Quantity.quantity><out_Quantity.quantity>960.173218</out_Quantity.quantity></Point><Point><position>10560</position><in_Quantity.quantity>0.000000</in_Quantity.quantity><out_Quantity.quantity>957.001520</out_Quantity.quantity></Point><Point><position>10561</position><in_Quantity.quantity>0.000000</in_Quantity.quantity><out_Quantity.quantity>532.983275</out_Quantity.quantity></Point><Point><position>10562</position><in_Quantity.quantity>0.000000</in_Quantity.quantity><out_Quantity.quantity>480.945529</out_Quantity.quantity></Point><Point><position>10563</position><in_Quantity.quantity>0.000000</in_Quantity.quantity><out_Quantity.quantity>856.953360</out_Quantity.quantity></Point><Point><position>10564</position><in_Quantity.quantity>0.000000</in_Quantity.quantity><out_Quantity.quantity>15.164315</out_Quantity.quantity></Point><Point><position>10565</position><in_Quantity.quantity>0.000000</in_Quantity.quantity><out_Quantity.quantity>18.301213</out_Quantity.quantity></Point><Point><position>10566</position><in_Quantity.quantity>0.000000</in_Quantity.quantity><out_Quantity.quantity>650.940562</out_Quantity.quantity></Point><Point><position>10567</position><in_Quantity.quantity>0.000000</in_Quantity.quantity><out_Quantity.quantity>418.286335</out_Quantity.quantity></Point><Point><position>10568</position><in_Quantity.quantity>0.000000</in_Quantity.quantity><out_Quantity.quantity>239.448360</out_Quantity.quantity></Point><Point><position>10569</position><in_Quantity.quantity>0.000000</in_Quantity.quantity><out_Quantity.quantity>330.327663</out_Quantity.quantity></Point><Point><position>10570</position><in_Quantity.quantity>0.000000</in_Quantity.quantity><out_Quantity.quantity>972.978006</out_Quantity.quantity></Point><Point><position>10571</position><in_Quantity.quantity>0.000000</in_Quantity.quantity><out_Quantity.quantity>997.270678</out_Quantity.quantity></Point><Point><position>10572</position><in_Quantity.quantity>0.000000</in_Quantity.quantity><out_Quantity.quantity>540.286862</out_Quantity.quantity></Point><Point><position>10573</position><in_Quantity.quantity>0.000000</in_Quantity.quantity><out_Quantity.quantity>87.738816</out_Quantity.quantity></Point><Point><position>10574</position><in_Quantity.quantity>0.000000</in_Quantity.quantity><out_Quantity.quantity>211.121978</out_Quantity.quantity></Point><Point><position>10575</position><in_Quantity.quantity>0.000000</in_Quantity.quantity><out_Quantity.quantity>655.529002</out_Quantity.quantity></Point><Point><position>10576</position><in_Quantity.quantity>0.000000</in_Quantity.quantity><out_Quantity.quantity>641.093880</out_Quantity.quantity></Point><Point><position>10577</position><in_Quantity.quantity>0.000000</in_Quantity.quantity><out_Quantity.quantity>212.376318</out_Quantity.quantity></Point><Point><position>10578</position><in_Quantity.quantity>0.000000</in_Quantity.quantity><out_Quantity.quantity>165.558802</out_Quantity.quantity></Point><Point><position>10579</position><in_Quantity.quantity>0.000000</in_Quantity.quantity><out_Quantity.quantity>111.665174</out_Quantity.quantity></Point><Point><position>10580</position><in_Quantity.quantity>0.000000</in_Quantity.quantity><out_Quantity.quantity>371.006981</out_Quantity.quantity></Point><Point><position>10581</position><in_Quantity.quantity>0.000000</in_Quantity.quantity><out_Quantity.quantity>957.784206</out_Quantity.quantity></Point><Point><position>10582</position><in_Quantity.quantity>0.000000</in_Quantity.quantity><out_Quantity.quantity>654.720992</out_Quantity.quantity></Point><Point><position>10583</position><in_Quantity.quantity>0.000000</in_Quantity.quantity><out_Quantity.quantity>941.143422</out_Quantity.quantity></Point><Point><position>10584</position><in_Quantity.quantity>0.000000</in_Quantity.quantity><out_Quantity.quantity>647.234008</out_Quantity.quantity></Point><Point><position>10585</position><in_Quantity.quantity>0.000000</in_Quantity.quantity><out_Quantity.quantity>353.880877</out_Quantity.quantity></Point><Point><position>10586</position><in_Quantity.quantity>0.000000</in_Quantity.quantity><out_Quantity.quantity>978.813411</out_Quantity.quantity></Point><Point><position>10587</position><in_Quantity.quantity>0.000000</in_Quantity.quantity><out_Quantity.quantity>234.533748</out_Quantity.quantity></Point><Point><position>10588</position><in_Quantity.quantity>0.000000</in_Quantity.quantity><out_Quantity.quantity>773.130743</out_Quantity.quantity></Point><Point><position>10589</position><in_Quantity.quantity>0.000000</in_Quantity.quantity><out_Quantity.quantity>822.755395</out_Quantity.quantity></Point><Point><position>10590</position><in_Quantity.quantity>0.000000</in_Quantity.quantity><out_Quantity.quantity>113.269681</out_Quantity.quantity></Point><Point><position>10591</position><in_Quantity.quantity>0.000000</in_Quantity.quantity><out_Quantity.quantity>297.687255</out_Quantity.quantity></Point><Point><position>10592</position><in_Quantity.quantity>0.000000</in_Quantity.quantity><out_Quantity.quantity>418.146452</out_Quantity.quantity></Point><Point><position>10593</position><in_Quantity.quantity>0.000000</in_Quantity.quantity><out_Quantity.quantity>116.276500</out_Quantity.quantity></Point><Point><position>10594</position><in_Quantity.quantity>0.000000</in_Quantity.quantity><out_Quantity.quantity>544.643577</out_Quantity.quantity></Point><Point><position>10595</position><in_Quantity.quantity>0.000000</in_Quantity.quantity><out_Quantity.quantity>937.805430</out_Quantity.quantity></Point><Point><position>10596</position><in_Quantity.quantity>0.000000</in_Quantity.quantity><out_Quantity.quantity>343.139303</out_Quantity.quantity></Point><Point><position>10597</position><in_Quantity.quantity>0.000000</in_Quantity.quantity><out_Quantity.quantity>862.106106</out_Quantity.quantity></Point><Point><position>10598</position><in_Quantity.quantity>0.000000</in_Quantity.quantity><out_Quantity.quantity>135.331622</out_Quantity.quantity></Point><Point><position>10599</position><in_Quantity.quantity>0.000000</in_Quantity.quantity><out_Quantity.quantity>393.743727</out_Quantity.quantity></Point><Point><position>10600</position><in_Quantity.quantity>0.000000</in_Quantity.quantity><out_Quantity.quantity>298.855358</out_Quantity.quantity></Point><Point><position>10601</position><in_Quantity.quantity>0.000000</in_Quantity.quantity><out_Quantity.quantity>535.031534</out_Quantity.quantity></Point><Point><position>10602</position><in_Quantity.quantity>0.000000</in_Quantity.quantity><out_Quantity.quantity>173.775888</out_Quantity.quantity></Point><Point><position>10603</position><in_Quantity.quantity>0.000000</in_Quantity.quantity><out_Quantity.quantity>95.596564</out_Quantity.quantity></Point><Point><position>10604</position><in_Quantity.quantity>0.000000</in_Quantity.quantity><out_Quantity.quantity>351.056846</out_Quantity.quantity></Point><Point><position>10605</position><in_Quantity.quantity>0.000000</in_Quantity.quantity><out_Quantity.quantity>615.948904</out_Quantity.quantity></Point><Point><position>10606</position><in_Quantity.quantity>0.000000</in_Quantity.quantity><out_Quantity.quantity>434.231149</out_Quantity.quantity></Point><Point><position>10607</position><in_Quantity.quantity>0.000000</in_Quantity.quantity><out_Quantity.quantity>471.005615</out_Quantity.quantity></Point><Point><position>10608</position><in_Quantity.quantity>0.000000</in_Quantity.quantity><out_Quantity.quantity>881.749423</out_Quantity.quantity></Point><Point><position>10609</position><in_Quantity.quantity>0.000000</in_Quantity.quantity><out_Quantity.quantity>361.226811</out_Quantity.quantity></Point><Point><position>10610</position><in_Quantity.quantity>0.000000</in_Quantity.quantity><out_Quantity.quantity>940.702768</out_Quantity.quantity></Point><Point><position>10611</position><in_Quantity.quantity>0.000000</in_Quantity.quantity><out_Quantity.quantity>975.620418</out_Quantity.quantity></Point><Point><position>10612</position><in_Quantity.quantity>0.000000</in_Quantity.quantity><out_Quantity.quantity>611.059619</out_Quantity.quantity></Point><Point><position>10613</position><in_Quantity.quantity>0.000000</in_Quantity.quantity><out_Quantity.quantity>325.379382</out_Quantity.quantity></Point><Point><position>10614</position><in_Quantity.quantity>0.000000</in_Quantity.quantity><out_Quantity.quantity>5.644039</out_Quantity.quantity></Point><Point><position>10615</position><in_Quantity.quantity>0.000000</in_Quantity.quantity><out_Quantity.quantity>496.784305</out_Quantity.quantity></Point><Point><position>10616</position><in_Quantity.quantity>0.000000</in_Quantity.quantity><out_Quantity.quantity>85.393274</out_Quantity.quantity></Point><Point><position>10617</position><in_Quantity.quantity>0.000000</in_Quantity.quantity><out_Quantity.quantity>35.275991</out_Quantity.quantity></Point><Point><position>10618</position><in_Quantity.quantity>0.000000</in_Quantity.quantity><out_Quantity.quantity>384.096779</out_Quantity.quantity></Point><Point><position>10619</position><in_Quantity.quantity>0.000000</in_Quantity.quantity><out_Quantity.quantity>919.807651</out_Quantity.quantity></Point><Point><position>10620</position><in_Quantity.quantity>0.000000</in_Quantity.quantity><out_Quantity.quantity>30.692629</out_Quantity.quantity></Point><Point><position>10621</position><in_Quantity.quantity>0.000000</in_Quantity.quantity><out_Quantity.quantity>278.254511</out_Quantity.quantity></Point><Point><position>10622</position><in_Quantity.quantity>0.000000</in_Quantity.quantity><out_Quantity.quantity>764.714774</out_Quantity.quantity></Point><Point><position>10623</position><in_Quantity.quantity>0.000000</in_Quantity.quantity><out_Quantity.quantity>675.555989</out_Quantity.quantity></Point><Point><position>10624</position><in_Quantity.quantity>0.000000</in_Quantity.quantity><out_Quantity.quantity>807.407268</out_Quantity.quantity></Point><Point><position>10625</position><in_Quantity.quantity>0.000000</in_Quantity.quantity><out_Quantity.quantity>321.127025</out_Quantity.quantity></Point><Point><position>10626</position><in_Quantity.quantity>0.000000</in_Quantity.quantity><out_Quantity.quantity>675.703348</out_Quantity.quantity></Point><Point><position>10627</position><in_Quantity.quantity>0.000000</in_Quantity.quantity><out_Quantity.quantity>169.083583</out_Quantity.quantity></Point><Point><position>10628</position><in_Quantity.quantity>0.000000</in_Quantity.quantity><out_Quantity.quantity>627.066433</out_Quantity.quantity></Point><Point><position>10629</position><in_Quantity.quantity>0.000000</in_Quantity.quantity><out_Quantity.quantity>501.634586</out_Quantity.quantity></Point><Point><position>10630</position><in_Quantity.quantity>0.000000</in_Quantity.quantity><out_Quantity.quantity>163.288494</out_Quantity.quantity></Point><Point><position>10631</position><in_Quantity.quantity>0.000000</in_Quantity.quantity><out_Quantity.quantity>431.469279</out_Quantity.quantity></Point><Point><position>10632</position><in_Quantity.quantity>0.000000</in_Quantity.quantity><out_Quantity.quantity>854.592399</out_Quantity.quantity></Point><Point><position>10633</position><in_Quantity.quantity>0.000000</in_Quantity.quantity><out_Quantity.quantity>120.211131</out_Quantity.quantity></Point><Point><position>10634</position><in_Quantity.quantity>0.000000</in_Quantity.quantity><out_Quantity.quantity>47.920365</out_Quantity.quantity></Point><Point><position>10635</position><in_Quantity.quantity>0.000000</in_Quantity.quantity><out_Quantity.quantity>777.115068</out_Quantity.quantity></Point><Point><position>10636</position><in_Quantity.quantity>0.000000</in_Quantity.quantity><out_Quantity.quantity>461.061271</out_Quantity.quantity></Point><Point><position>10637</position><in_Quantity.quantity>0.000000</in_Quantity.quantity><out_Quantity.quantity>242.829358</out_Quantity.quantity></Point><Point><position>10638</position><in_Quantity.quantity>0.000000</in_Quantity.quantity><out_Quantity.quantity>56.102835</out_Quantity.quantity></Point><Point><position>10639</position><in_Quantity.quantity>0.000000</in_Quantity.quantity><out_Quantity.quantity>859.788526</out_Quantity.quantity></Point><Point><position>10640</position><in_Quantity.quantity>0.000000</in_Quantity.quantity><out_Quantity.quantity>229.055628</out_Quantity.quantity></Point><Point><position>10641</position><in_Quantity.quantity>0.000000</in_Quantity.quantity><out_Quantity.quantity>709.543437</out_Quantity.quantity></Point><Point><position>10642</position><in_Quantity.quantity>0.000000</in_Quantity.quantity><out_Quantity.quantity>456.290490</out_Quantity.quantity></Point><Point><position>10643</position><in_Quantity.quantity>0.000000</in_Quantity.quantity><out_Quantity.quantity>49.647796</out_Quantity.quantity></Point><Point><position>10644</position><in_Quantity.quantity>0.000000</in_Quantity.quantity><out_Quantity.quantity>945.102989</out_Quantity.quantity></Point><Point><position>10645</position><in_Quantity.quantity>0.000000</in_Quantity.quantity><out_Quantity.quantity>310.591576</out_Quantity.quantity></Point><Point><position>10646</position><in_Quantity.quantity>0.000000</in_Quantity.quantity><out_Quantity.quantity>443.632082</out_Quantity.quantity></Point><Point><position>10647</position><in_Quantity.quantity>0.000000</in_Quantity.quantity><out_Quantity.quantity>17.277674</out_Quantity.quantity></Point><Point><position>10648</position><in_Quantity.quantity>0.000000</in_Quantity.quantity><out_Quantity.quantity>484.625797</out_Quantity.quantity></Point><Point><position>10649</position><in_Quantity.quantity>0.000000</in_Quantity.quantity><out_Quantity.quantity>340.723993</out_Quantity.quantity></Point><Point><position>10650</position><in_Quantity.quantity>0.000000</in_Quantity.quantity><out_Quantity.quantity>893.933728</out_Quantity.quantity></Point><Point><position>10651</position><in_Quantity.quantity>0.000000</in_Quantity.quantity><out_Quantity.quantity>220.144326</out_Quantity.quantity></Point><Point><position>10652</position><in_Quantity.quantity>0.000000</in_Quantity.quantity><out_Quantity.quantity>964.568217</out_Quantity.quantity></Point><Point><position>10653</position><in_Quantity.quantity>0.000000</in_Quantity.quantity><out_Quantity.quantity>222.583955</out_Quantity.quantity></Point><Point><position>10654</position><in_Quantity.quantity>0.000000</in_Quantity.quantity><out_Quantity.quantity>445.856098</out_Quantity.quantity></Point><Point><position>10655</position><in_Quantity.quantity>0.000000</in_Quantity.quantity><out_Quantity.quantity>3.590507</out_Quantity.quantity></Point><Point><position>10656</position><in_Quantity.quantity>0.000000</in_Quantity.quantity><out_Quantity.quantity>345.121120</out_Quantity.quantity></Point><Point><position>10657</position><in_Quantity.quantity>0.000000</in_Quantity.quantity><out_Quantity.quantity>868.034045</out_Quantity.quantity></Point><Point><position>10658</position><in_Quantity.quantity>0.000000</in_Quantity.quantity><out_Quantity.quantity>510.199045</out_Quantity.quantity></Point><Point><position>10659</position><in_Quantity.quantity>0.000000</in_Quantity.quantity><out_Quantity.quantity>97.684573</out_Quantity.quantity></Point><Point><position>10660</position><in_Quantity.quantity>0.000000</in_Quantity.quantity><out_Quantity.quantity>241.086182</out_Quantity.quantity></Point><Point><position>10661</position><in_Quantity.quantity>0.000000</in_Quantity.quantity><out_Quantity.quantity>499.793663</out_Quantity.quantity></Point><Point><position>10662</position><in_Quantity.quantity>0.000000</in_Quantity.quantity><out_Quantity.quantity>711.291119</out_Quantity.quantity></Point><Point><position>10663</position><in_Quantity.quantity>0.000000</in_Quantity.quantity><out_Quantity.quantity>582.027779</out_Quantity.quantity></Point><Point><position>10664</position><in_Quantity.quantity>0.000000</in_Quantity.quantity><out_Quantity.quantity>309.891023</out_Quantity.quantity></Point><Point><position>10665</position><in_Quantity.quantity>0.000000</in_Quantity.quantity><out_Quantity.quantity>29.488966</out_Quantity.quantity></Point><Point><position>10666</position><in_Quantity.quantity>0.000000</in_Quantity.quantity><out_Quantity.quantity>565.849587</out_Quantity.quantity></Point><Point><position>10667</position><in_Quantity.quantity>0.000000</in_Quantity.quantity><out_Quantity.quantity>297.991248</out_Quantity.quantity></Point><Point><position>10668</position><in_Quantity.quantity>0.000000</in_Quantity.quantity><out_Quantity.quantity>65.299646</out_Quantity.quantity></Point><Point><position>10669</position><in_Quantity.quantity>0.000000</in_Quantity.quantity><out_Quantity.quantity>100.566801</out_Quantity.quantity></Point><Point><position>10670</position><in_Quantity.quantity>0.000000</in_Quantity.quantity><out_Quantity.quantity>649.693145</out_Quantity.quantity></Point><Point><position>10671</position><in_Quantity.quantity>0.000000</in_Quantity.quantity><out_Quantity.quantity>761.937596</out_Quantity.quantity></Point><Point><position>10672</position><in_Quantity.quantity>0.000000</in_Quantity.quantity><out_Quantity.quantity>39.034004</out_Quantity.quantity></Point><Point><position>10673</position><in_Quantity.quantity>0.000000</in_Quantity.quantity><out_Quantity.quantity>911.251216</out_Quantity.quantity></Point><Point><position>10674</position><in_Quantity.quantity>0.000000</in_Quantity.quantity><out_Quantity.quantity>136.026694</out_Quantity.quantity></Point><Point><position>10675</position><in_Quantity.quantity>0.000000</in_Quantity.quantity><out_Quantity.quantity>699.342533</out_Quantity.quantity></Point><Point><position>10676</position><in_Quantity.quantity>0.000000</in_Quantity.quantity><out_Quantity.quantity>442.492979</out_Quantity.quantity></Point><Point><position>10677</position><in_Quantity.quantity>0.000000</in_Quantity.quantity><out_Quantity.quantity>996.541666</out_Quantity.quantity></Point><Point><position>10678</position><in_Quantity.quantity>0.000000</in_Quantity.quantity><out_Quantity.quantity>351.963763</out_Quantity.quantity></Point><Point><position>10679</position><in_Quantity.quantity>0.000000</in_Quantity.quantity><out_Quantity.quantity>27.559813</out_Quantity.quantity></Point><Point><position>10680</position><in_Quantity.quantity>0.000000</in_Quantity.quantity><out_Quantity.quantity>633.839433</out_Quantity.quantity></Point><Point><position>10681</position><in_Quantity.quantity>0.000000</in_Quantity.quantity><out_Quantity.quantity>73.734611</out_Quantity.quantity></Point><Point><position>10682</position><in_Quantity.quantity>0.000000</in_Quantity.quantity><out_Quantity.quantity>942.867445</out_Quantity.quantity></Point><Point><position>10683</position><in_Quantity.quantity>0.000000</in_Quantity.quantity><out_Quantity.quantity>443.717226</out_Quantity.quantity></Point><Point><position>10684</position><in_Quantity.quantity>0.000000</in_Quantity.quantity><out_Quantity.quantity>886.707697</out_Quantity.quantity></Point><Point><position>10685</position><in_Quantity.quantity>0.000000</in_Quantity.quantity><out_Quantity.quantity>892.011335</out_Quantity.quantity></Point><Point><position>10686</position><in_Quantity.quantity>0.000000</in_Quantity.quantity><out_Quantity.quantity>357.060007</out_Quantity.quantity></Point><Point><position>10687</position><in_Quantity.quantity>0.000000</in_Quantity.quantity><out_Quantity.quantity>860.642215</out_Quantity.quantity></Point><Point><position>10688</position><in_Quantity.quantity>0.000000</in_Quantity.quantity><out_Quantity.quantity>914.002206</out_Quantity.quantity></Point><Point><position>10689</position><in_Quantity.quantity>0.000000</in_Quantity.quantity><out_Quantity.quantity>483.842071</out_Quantity.quantity></Point><Point><position>10690</position><in_Quantity.quantity>0.000000</in_Quantity.quantity><out_Quantity.quantity>120.869233</out_Quantity.quantity></Point><Point><position>10691</position><in_Quantity.quantity>0.000000</in_Quantity.quantity><out_Quantity.quantity>511.149146</out_Quantity.quantity></Point><Point><position>10692</position><in_Quantity.quantity>0.000000</in_Quantity.quantity><out_Quantity.quantity>634.238381</out_Quantity.quantity></Point><Point><position>10693</position><in_Quantity.quantity>0.000000</in_Quantity.quantity><out_Quantity.quantity>460.793764</out_Quantity.quantity></Point><Point><position>10694</position><in_Quantity.quantity>0.000000</in_Quantity.quantity><out_Quantity.quantity>201.882858</out_Quantity.quantity></Point><Point><position>10695</position><in_Quantity.quantity>0.000000</in_Quantity.quantity><out_Quantity.quantity>517.269746</out_Quantity.quantity></Point><Point><position>10696</position><in_Quantity.quantity>0.000000</in_Quantity.quantity><out_Quantity.quantity>639.181209</out_Quantity.quantity></Point><Point><position>10697</position><in_Quantity.quantity>0.000000</in_Quantity.quantity><out_Quantity.quantity>824.292347</out_Quantity.quantity></Point><Point><position>10698</position><in_Quantity.quantity>0.000000</in_Quantity.quantity><out_Quantity.quantity>854.941663</out_Quantity.quantity></Point><Point><position>10699</position><in_Quantity.quantity>0.000000</in_Quantity.quantity><out_Quantity.quantity>143.390822</out_Quantity.quantity></Point><Point><position>10700</position><in_Quantity.quantity>0.000000</in_Quantity.quantity><out_Quantity.quantity>971.483618</out_Quantity.quantity></Point><Point><position>10701</position><in_Quantity.quantity>0.000000</in_Quantity.quantity><out_Quantity.quantity>53.089461</out_Quantity.quantity></Point><Point><position>10702</position><in_Quantity.quantity>0.000000</in_Quantity.quantity><out_Quantity.quantity>102.862101</out_Quantity.quantity></Point><Point><position>10703</position><in_Quantity.quantity>0.000000</in_Quantity.quantity><out_Quantity.quantity>347.377380</out_Quantity.quantity></Point><Point><position>10704</position><in_Quantity.quantity>0.000000</in_Quantity.quantity><out_Quantity.quantity>44.117408</out_Quantity.quantity></Point><Point><position>10705</position><in_Quantity.quantity>0.000000</in_Quantity.quantity><out_Quantity.quantity>604.493484</out_Quantity.quantity></Point><Point><position>10706</position><in_Quantity.quantity>0.000000</in_Quantity.quantity><out_Quantity.quantity>760.089497</out_Quantity.quantity></Point><Point><position>10707</position><in_Quantity.quantity>0.000000</in_Quantity.quantity><out_Quantity.quantity>438.513584</out_Quantity.quantity></Point><Point><position>10708</position><in_Quantity.quantity>0.000000</in_Quantity.quantity><out_Quantity.quantity>372.272309</out_Quantity.quantity></Point><Point><position>10709</position><in_Quantity.quantity>0.000000</in_Quantity.quantity><out_Quantity.quantity>545.959013</out_Quantity.quantity></Point><Point><position>10710</position><in_Quantity.quantity>0.000000</in_Quantity.quantity><out_Quantity.quantity>1.757415</out_Quantity.quantity></Point><Point><position>10711</position><in_Quantity.quantity>0.000000</in_Quantity.quantity><out_Quantity.quantity>350.424989</out_Quantity.quantity></Point><Point><position>10712</position><in_Quantity.quantity>0.000000</in_Quantity.quantity><out_Quantity.quantity>462.515276</out_Quantity.quantity></Point><Point><position>10713</position><in_Quantity.quantity>0.000000</in_Quantity.quantity><out_Quantity.quantity>492.599328</out_Quantity.quantity></Point><Point><position>10714</position><in_Quantity.quantity>0.000000</in_Quantity.quantity><out_Quantity.quantity>10.020402</out_Quantity.quantity></Point><Point><position>10715</position><in_Quantity.quantity>0.000000</in_Quantity.quantity><out_Quantity.quantity>873.663616</out_Quantity.quantity></Point><Point><position>10716</position><in_Quantity.quantity>0.000000</in_Quantity.quantity><out_Quantity.quantity>253.460407</out_Quantity.quantity></Point><Point><position>10717</position><in_Quantity.quantity>0.000000</in_Quantity.quantity><out_Quantity.quantity>152.615315</out_Quantity.quantity></Point><Point><position>10718</position><in_Quantity.quantity>0.000000</in_Quantity.quantity><out_Quantity.quantity>790.064740</out_Quantity.quantity></Point><Point><position>10719</position><in_Quantity.quantity>0.000000</in_Quantity.quantity><out_Quantity.quantity>193.341947</out_Quantity.quantity></Point><Point><position>10720</position><in_Quantity.quantity>0.000000</in_Quantity.quantity><out_Quantity.quantity>387.937828</out_Quantity.quantity></Point><Point><position>10721</position><in_Quantity.quantity>0.000000</in_Quantity.quantity><out_Quantity.quantity>144.918849</out_Quantity.quantity></Point><Point><position>10722</position><in_Quantity.quantity>0.000000</in_Quantity.quantity><out_Quantity.quantity>68.154246</out_Quantity.quantity></Point><Point><position>10723</position><in_Quantity.quantity>0.000000</in_Quantity.quantity><out_Quantity.quantity>209.008511</out_Quantity.quantity></Point><Point><position>10724</position><in_Quantity.quantity>0.000000</in_Quantity.quantity><out_Quantity.quantity>349.922875</out_Quantity.quantity></Point><Point><position>10725</position><in_Quantity.quantity>0.000000</in_Quantity.quantity><out_Quantity.quantity>280.014031</out_Quantity.quantity></Point><Point><position>10726</position><in_Quantity.quantity>0.000000</in_Quantity.quantity><out_Quantity.quantity>793.680588</out_Quantity.quantity></Point><Point><position>10727</position><in_Quantity.quantity>0.000000</in_Quantity.quantity><out_Quantity.quantity>250.828274</out_Quantity.quantity></Point><Point><position>10728</position><in_Quantity.quantity>0.000000</in_Quantity.quantity><out_Quantity.quantity>866.131563</out_Quantity.quantity></Point><Point><position>10729</position><in_Quantity.quantity>0.000000</in_Quantity.quantity><out_Quantity.quantity>985.066056</out_Quantity.quantity></Point><Point><position>10730</position><in_Quantity.quantity>0.000000</in_Quantity.quantity><out_Quantity.quantity>316.341751</out_Quantity.quantity></Point><Point><position>10731</position><in_Quantity.quantity>0.000000</in_Quantity.quantity><out_Quantity.quantity>59.084972</out_Quantity.quantity></Point><Point><position>10732</position><in_Quantity.quantity>0.000000</in_Quantity.quantity><out_Quantity.quantity>740.752150</out_Quantity.quantity></Point><Point><position>10733</position><in_Quantity.quantity>0.000000</in_Quantity.quantity><out_Quantity.quantity>949.424630</out_Quantity.quantity></Point><Point><position>10734</position><in_Quantity.quantity>0.000000</in_Quantity.quantity><out_Quantity.quantity>369.327649</out_Quantity.quantity></Point><Point><position>10735</position><in_Quantity.quantity>0.000000</in_Quantity.quantity><out_Quantity.quantity>104.344583</out_Quantity.quantity></Point><Point><position>10736</position><in_Quantity.quantity>0.000000</in_Quantity.quantity><out_Quantity.quantity>730.747936</out_Quantity.quantity></Point><Point><position>10737</position><in_Quantity.quantity>0.000000</in_Quantity.quantity><out_Quantity.quantity>0.063248</out_Quantity.quantity></Point><Point><position>10738</position><in_Quantity.quantity>0.000000</in_Quantity.quantity><out_Quantity.quantity>968.785022</out_Quantity.quantity></Point><Point><position>10739</position><in_Quantity.quantity>0.000000</in_Quantity.quantity><out_Quantity.quantity>509.703609</out_Quantity.quantity></Point><Point><position>10740</position><in_Quantity.quantity>0.000000</in_Quantity.quantity><out_Quantity.quantity>647.812209</out_Quantity.quantity></Point><Point><position>10741</position><in_Quantity.quantity>0.000000</in_Quantity.quantity><out_Quantity.quantity>426.226054</out_Quantity.quantity></Point><Point><position>10742</position><in_Quantity.quantity>0.000000</in_Quantity.quantity><out_Quantity.quantity>560.894231</out_Quantity.quantity></Point><Point><position>10743</position><in_Quantity.quantity>0.000000</in_Quantity.quantity><out_Quantity.quantity>163.399019</out_Quantity.quantity></Point><Point><position>10744</position><in_Quantity.quantity>0.000000</in_Quantity.quantity><out_Quantity.quantity>452.442341</out_Quantity.quantity></Point><Point><position>10745</position><in_Quantity.quantity>0.000000</in_Quantity.quantity><out_Quantity.quantity>530.593394</out_Quantity.quantity></Point><Point><position>10746</position><in_Quantity.quantity>0.000000</in_Quantity.quantity><out_Quantity.quantity>31.019517</out_Quantity.quantity></Point><Point><position>10747</position><in_Quantity.quantity>0.000000</in_Quantity.quantity><out_Quantity.quantity>213.559687</out_Quantity.quantity></Point><Point><position>10748</position><in_Quantity.quantity>0.000000</in_Quantity.quantity><out_Quantity.quantity>158.116434</out_Quantity.quantity></Point><Point><position>10749</position><in_Quantity.quantity>0.000000</in_Quantity.quantity><out_Quantity.quantity>111.218738</out_Quantity.quantity></Point><Point><position>10750</position><in_Quantity.quantity>0.000000</in_Quantity.quantity><out_Quantity.quantity>748.023808</out_Quantity.quantity></Point><Point><position>10751</position><in_Quantity.quantity>0.000000</in_Quantity.quantity><out_Quantity.quantity>347.758257</out_Quantity.quantity></Point><Point><position>10752</position><in_Quantity.quantity>0.000000</in_Quantity.quantity><out_Quantity.quantity>267.854391</out_Quantity.quantity></Point><Point><position>10753</position><in_Quantity.quantity>0.000000</in_Quantity.quantity><out_Quantity.quantity>877.598256</out_Quantity.quantity></Point><Point><position>10754</position><in_Quantity.quantity>0.000000</in_Quantity.quantity><out_Quantity.quantity>466.157252</out_Quantity.quantity></Point><Point><position>10755</position><in_Quantity.quantity>0.000000</in_Quantity.quantity><out_Quantity.quantity>140.703122</out_Quantity.quantity></Point><Point><position>10756</position><in_Quantity.quantity>0.000000</in_Quantity.quantity><out_Quantity.quantity>582.454357</out_Quantity.quantity></Point><Point><position>10757</position><in_Quantity.quantity>0.000000</in_Quantity.quantity><out_Quantity.quantity>494.861302</out_Quantity.quantity></Point><Point><position>10758</position><in_Quantity.quantity>0.000000</in_Quantity.quantity><out_Quantity.quantity>895.437904</out_Quantity.quantity></Point><Point><position>10759</position><in_Quantity.quantity>0.000000</in_Quantity.quantity><out_Quantity.quantity>614.152813</out_Quantity.quantity></Point><Point><position>10760</position><in_Quantity.quantity>0.000000</in_Quantity.quantity><out_Quantity.quantity>420.119727</out_Quantity.quantity></Point><Point><position>10761</position><in_Quantity.quantity>0.000000</in_Quantity.quantity><out_Quantity.quantity>297.718693</out_Quantity.quantity></Point><Point><position>10762</position><in_Quantity.quantity>0.000000</in_Quantity.quantity><out_Quantity.quantity>506.974009</out_Quantity.quantity></Point><Point><position>10763</position><in_Quantity.quantity>0.000000</in_Quantity.quantity><out_Quantity.quantity>762.764581</out_Quantity.quantity></Point><Point><position>10764</position><in_Quantity.quantity>0.000000</in_Quantity.quantity><out_Quantity.quantity>375.369917</out_Quantity.quantity></Point><Point><position>10765</position><in_Quantity.quantity>0.000000</in_Quantity.quantity><out_Quantity.quantity>782.622588</out_Quantity.quantity></Point><Point><position>10766</position><in_Quantity.quantity>0.000000</in_Quantity.quantity><out_Quantity.quantity>714.515275</out_Quantity.quantity></Point><Point><position>10767</position><in_Quantity.quantity>0.000000</in_Quantity.quantity><out_Quantity.quantity>610.557463</out_Quantity.quantity></Point><Point><position>10768</position><in_Quantity.quantity>0.000000</in_Quantity.quantity><out_Quantity.quantity>376.475928</out_Quantity.quantity></Point><Point><position>10769</position><in_Quantity.quantity>0.000000</in_Quantity.quantity><out_Quantity.quantity>473.471602</out_Quantity.quantity></Point><Point><position>10770</position><in_Quantity.quantity>0.000000</in_Quantity.quantity><out_Quantity.quantity>472.700443</out_Quantity.quantity></Point><Point><position>10771</position><in_Quantity.quantity>0.000000</in_Quantity.quantity><out_Quantity.quantity>927.682786</out_Quantity.quantity></Point><Point><position>10772</position><in_Quantity.quantity>0.000000</in_Quantity.quantity><out_Quantity.quantity>882.967324</out_Quantity.quantity></Point><Point><position>10773</position><in_Quantity.quantity>0.000000</in_Quantity.quantity><out_Quantity.quantity>178.537725</out_Quantity.quantity></Point><Point><position>10774</position><in_Quantity.quantity>0.000000</in_Quantity.quantity><out_Quantity.quantity>890.477252</out_Quantity.quantity></Point><Point><position>10775</position><in_Quantity.quantity>0.000000</in_Quantity.quantity><out_Quantity.quantity>82.967070</out_Quantity.quantity></Point><Point><position>10776</position><in_Quantity.quantity>0.000000</in_Quantity.quantity><out_Quantity.quantity>533.030371</out_Quantity.quantity></Point><Point><position>10777</position><in_Quantity.quantity>0.000000</in_Quantity.quantity><out_Quantity.quantity>844.382169</out_Quantity.quantity></Point><Point><position>10778</position><in_Quantity.quantity>0.000000</in_Quantity.quantity><out_Quantity.quantity>640.917710</out_Quantity.quantity></Point><Point><position>10779</position><in_Quantity.quantity>0.000000</in_Quantity.quantity><out_Quantity.quantity>779.730979</out_Quantity.quantity></Point><Point><position>10780</position><in_Quantity.quantity>0.000000</in_Quantity.quantity><out_Quantity.quantity>452.790482</out_Quantity.quantity></Point><Point><position>10781</position><in_Quantity.quantity>0.000000</in_Quantity.quantity><out_Quantity.quantity>506.618349</out_Quantity.quantity></Point><Point><position>10782</position><in_Quantity.quantity>0.000000</in_Quantity.quantity><out_Quantity.quantity>383.244600</out_Quantity.quantity></Point><Point><position>10783</position><in_Quantity.quantity>0.000000</in_Quantity.quantity><out_Quantity.quantity>405.055604</out_Quantity.quantity></Point><Point><position>10784</position><in_Quantity.quantity>0.000000</in_Quantity.quantity><out_Quantity.quantity>594.202681</out_Quantity.quantity></Point><Point><position>10785</position><in_Quantity.quantity>0.000000</in_Quantity.quantity><out_Quantity.quantity>64.126867</out_Quantity.quantity></Point><Point><position>10786</position><in_Quantity.quantity>0.000000</in_Quantity.quantity><out_Quantity.quantity>804.182516</out_Quantity.quantity></Point><Point><position>10787</position><in_Quantity.quantity>0.000000</in_Quantity.quantity><out_Quantity.quantity>571.232584</out_Quantity.quantity></Point><Point><position>10788</position><in_Quantity.quantity>0.000000</in_Quantity.quantity><out_Quantity.quantity>412.803753</out_Quantity.quantity></Point><Point><position>10789</position><in_Quantity.quantity>0.000000</in_Quantity.quantity><out_Quantity.quantity>276.836079</out_Quantity.quantity></Point><Point><position>10790</position><in_Quantity.quantity>0.000000</in_Quantity.quantity><out_Quantity.quantity>752.809362</out_Quantity.quantity></Point><Point><position>10791</position><in_Quantity.quantity>0.000000</in_Quantity.quantity><out_Quantity.quantity>293.076304</out_Quantity.quantity></Point><Point><position>10792</position><in_Quantity.quantity>0.000000</in_Quantity.quantity><out_Quantity.quantity>872.501103</out_Quantity.quantity></Point><Point><position>10793</position><in_Quantity.quantity>0.000000</in_Quantity.quantity><out_Quantity.quantity>876.971950</out_Quantity.quantity></Point><Point><position>10794</position><in_Quantity.quantity>0.000000</in_Quantity.quantity><out_Quantity.quantity>696.765280</out_Quantity.quantity></Point><Point><position>10795</position><in_Quantity.quantity>0.000000</in_Quantity.quantity><out_Quantity.quantity>448.244442</out_Quantity.quantity></Point><Point><position>10796</position><in_Quantity.quantity>0.000000</in_Quantity.quantity><out_Quantity.quantity>850.534953</out_Quantity.quantity></Point><Point><position>10797</position><in_Quantity.quantity>0.000000</in_Quantity.quantity><out_Quantity.quantity>696.680802</out_Quantity.quantity></Point><Point><position>10798</position><in_Quantity.quantity>0.000000</in_Quantity.quantity><out_Quantity.quantity>604.526657</out_Quantity.quantity></Point><Point><position>10799</position><in_Quantity.quantity>0.000000</in_Quantity.quantity><out_Quantity.quantity>453.134411</out_Quantity.quantity></Point><Point><position>10800</position><in_Quantity.quantity>0.000000</in_Quantity.quantity><out_Quantity.quantity>169.365557</out_Quantity.quantity></Point><Point><position>10801</position><in_Quantity.quantity>0.000000</in_Quantity.quantity><out_Quantity.quantity>203.834544</out_Quantity.quantity></Point><Point><position>10802</position><in_Quantity.quantity>0.000000</in_Quantity.quantity><out_Quantity.quantity>596.000777</out_Quantity.quantity></Point><Point><position>10803</position><in_Quantity.quantity>0.000000</in_Quantity.quantity><out_Quantity.quantity>407.913468</out_Quantity.quantity></Point><Point><position>10804</position><in_Quantity.quantity>0.000000</in_Quantity.quantity><out_Quantity.quantity>416.738564</out_Quantity.quantity></Point><Point><position>10805</position><in_Quantity.quantity>0.000000</in_Quantity.quantity><out_Quantity.quantity>595.661274</out_Quantity.quantity></Point><Point><position>10806</position><in_Quantity.quantity>0.000000</in_Quantity.quantity><out_Quantity.quantity>736.655286</out_Quantity.quantity></Point><Point><position>10807</position><in_Quantity.quantity>0.000000</in_Quantity.quantity><out_Quantity.quantity>804.258047</out_Quantity.quantity></Point><Point><position>10808</position><in_Quantity.quantity>0.000000</in_Quantity.quantity><out_Quantity.quantity>423.131243</out_Quantity.quantity></Point><Point><position>10809</position><in_Quantity.quantity>0.000000</in_Quantity.quantity><out_Quantity.quantity>739.693423</out_Quantity.quantity></Point><Point><position>10810</position><in_Quantity.quantity>0.000000</in_Quantity.quantity><out_Quantity.quantity>3.038116</out_Quantity.quantity></Point><Point><position>10811</position><in_Quantity.quantity>0.000000</in_Quantity.quantity><out_Quantity.quantity>403.692590</out_Quantity.quantity></Point><Point><position>10812</position><in_Quantity.quantity>0.000000</in_Quantity.quantity><out_Quantity.quantity>532.229558</out_Quantity.quantity></Point><Point><position>10813</position><in_Quantity.quantity>0.000000</in_Quantity.quantity><out_Quantity.quantity>921.494346</out_Quantity.quantity></Point><Point><position>10814</position><in_Quantity.quantity>0.000000</in_Quantity.quantity><out_Quantity.quantity>234.202278</out_Quantity.quantity></Point><Point><position>10815</position><in_Quantity.quantity>0.000000</in_Quantity.quantity><out_Quantity.quantity>863.952090</out_Quantity.quantity></Point><Point><position>10816</position><in_Quantity.quantity>0.000000</in_Quantity.quantity><out_Quantity.quantity>971.082272</out_Quantity.quantity></Point><Point><position>10817</position><in_Quantity.quantity>0.000000</in_Quantity.quantity><out_Quantity.quantity>299.231975</out_Quantity.quantity></Point><Point><position>10818</position><in_Quantity.quantity>0.000000</in_Quantity.quantity><out_Quantity.quantity>175.318645</out_Quantity.quantity></Point><Point><position>10819</position><in_Quantity.quantity>0.000000</in_Quantity.quantity><out_Quantity.quantity>956.601600</out_Quantity.quantity></Point><Point><position>10820</position><in_Quantity.quantity>0.000000</in_Quantity.quantity><out_Quantity.quantity>562.281622</out_Quantity.quantity></Point><Point><position>10821</position><in_Quantity.quantity>0.000000</in_Quantity.quantity><out_Quantity.quantity>294.647209</out_Quantity.quantity></Point><Point><position>10822</position><in_Quantity.quantity>0.000000</in_Quantity.quantity><out_Quantity.quantity>11.546923</out_Quantity.quantity></Point><Point><position>10823</position><in_Quantity.quantity>0.000000</in_Quantity.quantity><out_Quantity.quantity>166.386112</out_Quantity.quantity></Point><Point><position>10824</position><in_Quantity.quantity>0.000000</in_Quantity.quantity><out_Quantity.quantity>12.606921</out_Quantity.quantity></Point><Point><position>10825</position><in_Quantity.quantity>0.000000</in_Quantity.quantity><out_Quantity.quantity>331.243228</out_Quantity.quantity></Point><Point><position>10826</position><in_Quantity.quantity>0.000000</in_Quantity.quantity><out_Quantity.quantity>817.308543</out_Quantity.quantity></Point><Point><position>10827</position><in_Quantity.quantity>0.000000</in_Quantity.quantity><out_Quantity.quantity>210.677060</out_Quantity.quantity></Point><Point><position>10828</position><in_Quantity.quantity>0.000000</in_Quantity.quantity><out_Quantity.quantity>751.861531</out_Quantity.quantity></Point><Point><position>10829</position><in_Quantity.quantity>0.000000</in_Quantity.quantity><out_Quantity.quantity>136.684042</out_Quantity.quantity></Point><Point><position>10830</position><in_Quantity.quantity>0.000000</in_Quantity.quantity><out_Quantity.quantity>444.978054</out_Quantity.quantity></Point><Point><position>10831</position><in_Quantity.quantity>0.000000</in_Quantity.quantity><out_Quantity.quantity>283.070710</out_Quantity.quantity></Point><Point><position>10832</position><in_Quantity.quantity>0.000000</in_Quantity.quantity><out_Quantity.quantity>936.312044</out_Quantity.quantity></Point><Point><position>10833</position><in_Quantity.quantity>0.000000</in_Quantity.quantity><out_Quantity.quantity>487.816654</out_Quantity.quantity></Point><Point><position>10834</position><in_Quantity.quantity>0.000000</in_Quantity.quantity><out_Quantity.quantity>395.714856</out_Quantity.quantity></Point><Point><position>10835</position><in_Quantity.quantity>0.000000</in_Quantity.quantity><out_Quantity.quantity>996.268030</out_Quantity.quantity></Point><Point><position>10836</position><in_Quantity.quantity>0.000000</in_Quantity.quantity><out_Quantity.quantity>981.851530</out_Quantity.quantity></Point><Point><position>10837</position><in_Quantity.quantity>0.000000</in_Quantity.quantity><out_Quantity.quantity>614.292119</out_Quantity.quantity></Point><Point><position>10838</position><in_Quantity.quantity>0.000000</in_Quantity.quantity><out_Quantity.quantity>183.431034</out_Quantity.quantity></Point><Point><position>10839</position><in_Quantity.quantity>0.000000</in_Quantity.quantity><out_Quantity.quantity>481.622857</out_Quantity.quantity></Point><Point><position>10840</position><in_Quantity.quantity>0.000000</in_Quantity.quantity><out_Quantity.quantity>891.325203</out_Quantity.quantity></Point><Point><position>10841</position><in_Quantity.quantity>0.000000</in_Quantity.quantity><out_Quantity.quantity>303.684298</out_Quantity.quantity></Point><Point><position>10842</position><in_Quantity.quantity>0.000000</in_Quantity.quantity><out_Quantity.quantity>777.950084</out_Quantity.quantity></Point><Point><position>10843</position><in_Quantity.quantity>0.000000</in_Quantity.quantity><out_Quantity.quantity>342.935832</out_Quantity.quantity></Point><Point><position>10844</position><in_Quantity.quantity>0.000000</in_Quantity.quantity><out_Quantity.quantity>10.176195</out_Quantity.quantity></Point><Point><position>10845</position><in_Quantity.quantity>0.000000</in_Quantity.quantity><out_Quantity.quantity>760.512822</out_Quantity.quantity></Point><Point><position>10846</position><in_Quantity.quantity>0.000000</in_Quantity.quantity><out_Quantity.quantity>100.050119</out_Quantity.quantity></Point><Point><position>10847</position><in_Quantity.quantity>0.000000</in_Quantity.quantity><out_Quantity.quantity>315.319534</out_Quantity.quantity></Point><Point><position>10848</position><in_Quantity.quantity>0.000000</in_Quantity.quantity><out_Quantity.quantity>285.853916</out_Quantity.quantity></Point><Point><position>10849</position><in_Quantity.quantity>0.000000</in_Quantity.quantity><out_Quantity.quantity>508.569449</out_Quantity.quantity></Point><Point><position>10850</position><in_Quantity.quantity>0.000000</in_Quantity.quantity><out_Quantity.quantity>900.592057</out_Quantity.quantity></Point><Point><position>10851</position><in_Quantity.quantity>0.000000</in_Quantity.quantity><out_Quantity.quantity>810.772843</out_Quantity.quantity></Point><Point><position>10852</position><in_Quantity.quantity>0.000000</in_Quantity.quantity><out_Quantity.quantity>365.467465</out_Quantity.quantity></Point><Point><position>10853</position><in_Quantity.quantity>0.000000</in_Quantity.quantity><out_Quantity.quantity>671.548303</out_Quantity.quantity></Point><Point><position>10854</position><in_Quantity.quantity>0.000000</in_Quantity.quantity><out_Quantity.quantity>924.388912</out_Quantity.quantity></Point><Point><position>10855</position><in_Quantity.quantity>0.000000</in_Quantity.quantity><out_Quantity.quantity>277.325035</out_Quantity.quantity></Point><Point><position>10856</position><in_Quantity.quantity>0.000000</in_Quantity.quantity><out_Quantity.quantity>651.526735</out_Quantity.quantity></Point><Point><position>10857</position><in_Quantity.quantity>0.000000</in_Quantity.quantity><out_Quantity.quantity>894.351543</out_Quantity.quantity></Point><Point><position>10858</position><in_Quantity.quantity>0.000000</in_Quantity.quantity><out_Quantity.quantity>793.141550</out_Quantity.quantity></Point><Point><position>10859</position><in_Quantity.quantity>0.000000</in_Quantity.quantity><out_Quantity.quantity>167.800793</out_Quantity.quantity></Point><Point><position>10860</position><in_Quantity.quantity>0.000000</in_Quantity.quantity><out_Quantity.quantity>457.257147</out_Quantity.quantity></Point><Point><position>10861</position><in_Quantity.quantity>0.000000</in_Quantity.quantity><out_Quantity.quantity>899.533152</out_Quantity.quantity></Point><Point><position>10862</position><in_Quantity.quantity>0.000000</in_Quantity.quantity><out_Quantity.quantity>121.463995</out_Quantity.quantity></Point><Point><position>10863</position><in_Quantity.quantity>0.000000</in_Quantity.quantity><out_Quantity.quantity>147.368634</out_Quantity.quantity></Point><Point><position>10864</position><in_Quantity.quantity>0.000000</in_Quantity.quantity><out_Quantity.quantity>82.606880</out_Quantity.quantity></Point><Point><position>10865</position><in_Quantity.quantity>0.000000</in_Quantity.quantity><out_Quantity.quantity>844.535778</out_Quantity.quantity></Point><Point><position>10866</position><in_Quantity.quantity>0.000000</in_Quantity.quantity><out_Quantity.quantity>784.404447</out_Quantity.quantity></Point><Point><position>10867</position><in_Quantity.quantity>0.000000</in_Quantity.quantity><out_Quantity.quantity>986.569493</out_Quantity.quantity></Point><Point><position>10868</position><in_Quantity.quantity>0.000000</in_Quantity.quantity><out_Quantity.quantity>527.689012</out_Quantity.quantity></Point><Point><position>10869</position><in_Quantity.quantity>0.000000</in_Quantity.quantity><out_Quantity.quantity>319.865683</out_Quantity.quantity></Point><Point><position>10870</position><in_Quantity.quantity>0.000000</in_Quantity.quantity><out_Quantity.quantity>448.474946</out_Quantity.quantity></Point><Point><position>10871</position><in_Quantity.quantity>0.000000</in_Quantity.quantity><out_Quantity.quantity>621.358724</out_Quantity.quantity></Point><Point><position>10872</position><in_Quantity.quantity>0.000000</in_Quantity.quantity><out_Quantity.quantity>793.305604</out_Quantity.quantity></Point><Point><position>10873</position><in_Quantity.quantity>0.000000</in_Quantity.quantity><out_Quantity.quantity>499.774570</out_Quantity.quantity></Point><Point><position>10874</position><in_Quantity.quantity>0.000000</in_Quantity.quantity><out_Quantity.quantity>191.137063</out_Quantity.quantity></Point><Point><position>10875</position><in_Quantity.quantity>0.000000</in_Quantity.quantity><out_Quantity.quantity>504.033750</out_Quantity.quantity></Point><Point><position>10876</position><in_Quantity.quantity>0.000000</in_Quantity.quantity><out_Quantity.quantity>465.575165</out_Quantity.quantity></Point><Point><position>10877</position><in_Quantity.quantity>0.000000</in_Quantity.quantity><out_Quantity.quantity>489.480676</out_Quantity.quantity></Point><Point><position>10878</position><in_Quantity.quantity>0.000000</in_Quantity.quantity><out_Quantity.quantity>456.169017</out_Quantity.quantity></Point><Point><position>10879</position><in_Quantity.quantity>0.000000</in_Quantity.quantity><out_Quantity.quantity>474.039452</out_Quantity.quantity></Point><Point><position>10880</position><in_Quantity.quantity>0.000000</in_Quantity.quantity><out_Quantity.quantity>702.940444</out_Quantity.quantity></Point><Point><position>10881</position><in_Quantity.quantity>0.000000</in_Quantity.quantity><out_Quantity.quantity>544.182850</out_Quantity.quantity></Point><Point><position>10882</position><in_Quantity.quantity>0.000000</in_Quantity.quantity><out_Quantity.quantity>734.974034</out_Quantity.quantity></Point><Point><position>10883</position><in_Quantity.quantity>0.000000</in_Quantity.quantity><out_Quantity.quantity>875.534639</out_Quantity.quantity></Point><Point><position>10884</position><in_Quantity.quantity>0.000000</in_Quantity.quantity><out_Quantity.quantity>443.940478</out_Quantity.quantity></Point><Point><position>10885</position><in_Quantity.quantity>0.000000</in_Quantity.quantity><out_Quantity.quantity>813.623792</out_Quantity.quantity></Point><Point><position>10886</position><in_Quantity.quantity>0.000000</in_Quantity.quantity><out_Quantity.quantity>877.858931</out_Quantity.quantity></Point><Point><position>10887</position><in_Quantity.quantity>0.000000</in_Quantity.quantity><out_Quantity.quantity>212.761631</out_Quantity.quantity></Point><Point><position>10888</position><in_Quantity.quantity>0.000000</in_Quantity.quantity><out_Quantity.quantity>193.601488</out_Quantity.quantity></Point><Point><position>10889</position><in_Quantity.quantity>0.000000</in_Quantity.quantity><out_Quantity.quantity>805.621872</out_Quantity.quantity></Point><Point><position>10890</position><in_Quantity.quantity>0.000000</in_Quantity.quantity><out_Quantity.quantity>16.946005</out_Quantity.quantity></Point><Point><position>10891</position><in_Quantity.quantity>0.000000</in_Quantity.quantity><out_Quantity.quantity>326.795101</out_Quantity.quantity></Point><Point><position>10892</position><in_Quantity.quantity>0.000000</in_Quantity.quantity><out_Quantity.quantity>744.051207</out_Quantity.quantity></Point><Point><position>10893</position><in_Quantity.quantity>0.000000</in_Quantity.quantity><out_Quantity.quantity>102.738528</out_Quantity.quantity></Point><Point><position>10894</position><in_Quantity.quantity>0.000000</in_Quantity.quantity><out_Quantity.quantity>552.252126</out_Quantity.quantity></Point><Point><position>10895</position><in_Quantity.quantity>0.000000</in_Quantity.quantity><out_Quantity.quantity>929.649614</out_Quantity.quantity></Point><Point><position>10896</position><in_Quantity.quantity>0.000000</in_Quantity.quantity><out_Quantity.quantity>955.227460</out_Quantity.quantity></Point><Point><position>10897</position><in_Quantity.quantity>0.000000</in_Quantity.quantity><out_Quantity.quantity>188.260118</out_Quantity.quantity></Point><Point><position>10898</position><in_Quantity.quantity>0.000000</in_Quantity.quantity><out_Quantity.quantity>580.763532</out_Quantity.quantity></Point><Point><position>10899</position><in_Quantity.quantity>0.000000</in_Quantity.quantity><out_Quantity.quantity>627.568226</out_Quantity.quantity></Point><Point><position>10900</position><in_Quantity.quantity>0.000000</in_Quantity.quantity><out_Quantity.quantity>604.361757</out_Quantity.quantity></Point><Point><position>10901</position><in_Quantity.quantity>0.000000</in_Quantity.quantity><out_Quantity.quantity>666.800375</out_Quantity.quantity></Point><Point><position>10902</position><in_Quantity.quantity>0.000000</in_Quantity.quantity><out_Quantity.quantity>18.689310</out_Quantity.quantity></Point><Point><position>10903</position><in_Quantity.quantity>0.000000</in_Quantity.quantity><out_Quantity.quantity>37.306251</out_Quantity.quantity></Point><Point><position>10904</position><in_Quantity.quantity>0.000000</in_Quantity.quantity><out_Quantity.quantity>328.675547</out_Quantity.quantity></Point><Point><position>10905</position><in_Quantity.quantity>0.000000</in_Quantity.quantity><out_Quantity.quantity>240.228333</out_Quantity.quantity></Point><Point><position>10906</position><in_Quantity.quantity>0.000000</in_Quantity.quantity><out_Quantity.quantity>843.648245</out_Quantity.quantity></Point><Point><position>10907</position><in_Quantity.quantity>0.000000</in_Quantity.quantity><out_Quantity.quantity>148.614603</out_Quantity.quantity></Point><Point><position>10908</position><in_Quantity.quantity>0.000000</in_Quantity.quantity><out_Quantity.quantity>993.773056</out_Quantity.quantity></Point><Point><position>10909</position><in_Quantity.quantity>0.000000</in_Quantity.quantity><out_Quantity.quantity>645.383237</out_Quantity.quantity></Point><Point><position>10910</position><in_Quantity.quantity>0.000000</in_Quantity.quantity><out_Quantity.quantity>518.250205</out_Quantity.quantity></Point><Point><position>10911</position><in_Quantity.quantity>0.000000</in_Quantity.quantity><out_Quantity.quantity>684.163112</out_Quantity.quantity></Point><Point><position>10912</position><in_Quantity.quantity>0.000000</in_Quantity.quantity><out_Quantity.quantity>385.374595</out_Quantity.quantity></Point><Point><position>10913</position><in_Quantity.quantity>0.000000</in_Quantity.quantity><out_Quantity.quantity>956.518598</out_Quantity.quantity></Point><Point><position>10914</position><in_Quantity.quantity>0.000000</in_Quantity.quantity><out_Quantity.quantity>850.514054</out_Quantity.quantity></Point><Point><position>10915</position><in_Quantity.quantity>0.000000</in_Quantity.quantity><out_Quantity.quantity>11.551291</out_Quantity.quantity></Point><Point><position>10916</position><in_Quantity.quantity>0.000000</in_Quantity.quantity><out_Quantity.quantity>402.800060</out_Quantity.quantity></Point><Point><position>10917</position><in_Quantity.quantity>0.000000</in_Quantity.quantity><out_Quantity.quantity>851.392386</out_Quantity.quantity></Point><Point><position>10918</position><in_Quantity.quantity>0.000000</in_Quantity.quantity><out_Quantity.quantity>490.444296</out_Quantity.quantity></Point><Point><position>10919</position><in_Quantity.quantity>0.000000</in_Quantity.quantity><out_Quantity.quantity>610.124044</out_Quantity.quantity></Point><Point><position>10920</position><in_Quantity.quantity>0.000000</in_Quantity.quantity><out_Quantity.quantity>779.283644</out_Quantity.quantity></Point><Point><position>10921</position><in_Quantity.quantity>0.000000</in_Quantity.quantity><out_Quantity.quantity>957.061740</out_Quantity.quantity></Point><Point><position>10922</position><in_Quantity.quantity>0.000000</in_Quantity.quantity><out_Quantity.quantity>475.302623</out_Quantity.quantity></Point><Point><position>10923</position><in_Quantity.quantity>0.000000</in_Quantity.quantity><out_Quantity.quantity>36.799003</out_Quantity.quantity></Point><Point><position>10924</position><in_Quantity.quantity>0.000000</in_Quantity.quantity><out_Quantity.quantity>247.396554</out_Quantity.quantity></Point><Point><position>10925</position><in_Quantity.quantity>0.000000</in_Quantity.quantity><out_Quantity.quantity>42.613994</out_Quantity.quantity></Point><Point><position>10926</position><in_Quantity.quantity>0.000000</in_Quantity.quantity><out_Quantity.quantity>447.600406</out_Quantity.quantity></Point><Point><position>10927</position><in_Quantity.quantity>0.000000</in_Quantity.quantity><out_Quantity.quantity>381.315236</out_Quantity.quantity></Point><Point><position>10928</position><in_Quantity.quantity>0.000000</in_Quantity.quantity><out_Quantity.quantity>946.547956</out_Quantity.quantity></Point><Point><position>10929</position><in_Quantity.quantity>0.000000</in_Quantity.quantity><out_Quantity.quantity>640.243901</out_Quantity.quantity></Point><Point><position>10930</position><in_Quantity.quantity>0.000000</in_Quantity.quantity><out_Quantity.quantity>991.648336</out_Quantity.quantity></Point><Point><position>10931</position><in_Quantity.quantity>0.000000</in_Quantity.quantity><out_Quantity.quantity>941.218478</out_Quantity.quantity></Point><Point><position>10932</position><in_Quantity.quantity>0.000000</in_Quantity.quantity><out_Quantity.quantity>668.502933</out_Quantity.quantity></Point><Point><position>10933</position><in_Quantity.quantity>0.000000</in_Quantity.quantity><out_Quantity.quantity>99.147373</out_Quantity.quantity></Point><Point><position>10934</position><in_Quantity.quantity>0.000000</in_Quantity.quantity><out_Quantity.quantity>623.632658</out_Quantity.quantity></Point><Point><position>10935</position><in_Quantity.quantity>0.000000</in_Quantity.quantity><out_Quantity.quantity>668.359404</out_Quantity.quantity></Point><Point><position>10936</position><in_Quantity.quantity>0.000000</in_Quantity.quantity><out_Quantity.quantity>243.129574</out_Quantity.quantity></Point><Point><position>10937</position><in_Quantity.quantity>0.000000</in_Quantity.quantity><out_Quantity.quantity>205.337115</out_Quantity.quantity></Point><Point><position>10938</position><in_Quantity.quantity>0.000000</in_Quantity.quantity><out_Quantity.quantity>509.485341</out_Quantity.quantity></Point><Point><position>10939</position><in_Quantity.quantity>0.000000</in_Quantity.quantity><out_Quantity.quantity>256.285149</out_Quantity.quantity></Point><Point><position>10940</position><in_Quantity.quantity>0.000000</in_Quantity.quantity><out_Quantity.quantity>628.351244</out_Quantity.quantity></Point><Point><position>10941</position><in_Quantity.quantity>0.000000</in_Quantity.quantity><out_Quantity.quantity>149.883959</out_Quantity.quantity></Point><Point><position>10942</position><in_Quantity.quantity>0.000000</in_Quantity.quantity><out_Quantity.quantity>155.633491</out_Quantity.quantity></Point><Point><position>10943</position><in_Quantity.quantity>0.000000</in_Quantity.quantity><out_Quantity.quantity>968.536438</out_Quantity.quantity></Point><Point><position>10944</position><in_Quantity.quantity>0.000000</in_Quantity.quantity><out_Quantity.quantity>778.038380</out_Quantity.quantity></Point><Point><position>10945</position><in_Quantity.quantity>0.000000</in_Quantity.quantity><out_Quantity.quantity>16.318983</out_Quantity.quantity></Point><Point><position>10946</position><in_Quantity.quantity>0.000000</in_Quantity.quantity><out_Quantity.quantity>153.420700</out_Quantity.quantity></Point><Point><position>10947</position><in_Quantity.quantity>0.000000</in_Quantity.quantity><out_Quantity.quantity>19.664225</out_Quantity.quantity></Point><Point><position>10948</position><in_Quantity.quantity>0.000000</in_Quantity.quantity><out_Quantity.quantity>470.899898</out_Quantity.quantity></Point><Point><position>10949</position><in_Quantity.quantity>0.000000</in_Quantity.quantity><out_Quantity.quantity>415.363396</out_Quantity.quantity></Point><Point><position>10950</position><in_Quantity.quantity>0.000000</in_Quantity.quantity><out_Quantity.quantity>808.415885</out_Quantity.quantity></Point><Point><position>10951</position><in_Quantity.quantity>0.000000</in_Quantity.quantity><out_Quantity.quantity>529.726626</out_Quantity.quantity></Point><Point><position>10952</position><in_Quantity.quantity>0.000000</in_Quantity.quantity><out_Quantity.quantity>956.653869</out_Quantity.quantity></Point><Point><position>10953</position><in_Quantity.quantity>0.000000</in_Quantity.quantity><out_Quantity.quantity>34.465834</out_Quantity.quantity></Point><Point><position>10954</position><in_Quantity.quantity>0.000000</in_Quantity.quantity><out_Quantity.quantity>966.230538</out_Quantity.quantity></Point><Point><position>10955</position><in_Quantity.quantity>0.000000</in_Quantity.quantity><out_Quantity.quantity>234.772294</out_Quantity.quantity></Point><Point><position>10956</position><in_Quantity.quantity>0.000000</in_Quantity.quantity><out_Quantity.quantity>786.613539</out_Quantity.quantity></Point><Point><position>10957</position><in_Quantity.quantity>0.000000</in_Quantity.quantity><out_Quantity.quantity>361.070356</out_Quantity.quantity></Point><Point><position>10958</position><in_Quantity.quantity>0.000000</in_Quantity.quantity><out_Quantity.quantity>237.350297</out_Quantity.quantity></Point><Point><position>10959</position><in_Quantity.quantity>0.000000</in_Quantity.quantity><out_Quantity.quantity>370.303083</out_Quantity.quantity></Point><Point><position>10960</position><in_Quantity.quantity>0.000000</in_Quantity.quantity><out_Quantity.quantity>529.352056</out_Quantity.quantity></Point><Point><position>10961</position><in_Quantity.quantity>0.000000</in_Quantity.quantity><out_Quantity.quantity>786.591364</out_Quantity.quantity></Point><Point><position>10962</position><in_Quantity.quantity>0.000000</in_Quantity.quantity><out_Quantity.quantity>702.264929</out_Quantity.quantity></Point><Point><position>10963</position><in_Quantity.quantity>0.000000</in_Quantity.quantity><out_Quantity.quantity>78.314261</out_Quantity.quantity></Point><Point><position>10964</position><in_Quantity.quantity>0.000000</in_Quantity.quantity><out_Quantity.quantity>140.572620</out_Quantity.quantity></Point><Point><position>10965</position><in_Quantity.quantity>0.000000</in_Quantity.quantity><out_Quantity.quantity>710.585934</out_Quantity.quantity></Point><Point><position>10966</position><in_Quantity.quantity>0.000000</in_Quantity.quantity><out_Quantity.quantity>174.733024</out_Quantity.quantity></Point><Point><position>10967</position><in_Quantity.quantity>0.000000</in_Quantity.quantity><out_Quantity.quantity>336.335307</out_Quantity.quantity></Point><Point><position>10968</position><in_Quantity.quantity>0.000000</in_Quantity.quantity><out_Quantity.quantity>898.350187</out_Quantity.quantity></Point><Point><position>10969</position><in_Quantity.quantity>0.000000</in_Quantity.quantity><out_Quantity.quantity>464.465911</out_Quantity.quantity></Point><Point><position>10970</position><in_Quantity.quantity>0.000000</in_Quantity.quantity><out_Quantity.quantity>72.888430</out_Quantity.quantity></Point><Point><position>10971</position><in_Quantity.quantity>0.000000</in_Quantity.quantity><out_Quantity.quantity>157.480333</out_Quantity.quantity></Point><Point><position>10972</position><in_Quantity.quantity>0.000000</in_Quantity.quantity><out_Quantity.quantity>898.716612</out_Quantity.quantity></Point><Point><position>10973</position><in_Quantity.quantity>0.000000</in_Quantity.quantity><out_Quantity.quantity>530.601221</out_Quantity.quantity></Point><Point><position>10974</position><in_Quantity.quantity>0.000000</in_Quantity.quantity><out_Quantity.quantity>202.948112</out_Quantity.quantity></Point><Point><position>10975</position><in_Quantity.quantity>0.000000</in_Quantity.quantity><out_Quantity.quantity>944.294435</out_Quantity.quantity></Point><Point><position>10976</position><in_Quantity.quantity>0.000000</in_Quantity.quantity><out_Quantity.quantity>279.887117</out_Quantity.quantity></Point><Point><position>10977</position><in_Quantity.quantity>0.000000</in_Quantity.quantity><out_Quantity.quantity>537.544201</out_Quantity.quantity></Point><Point><position>10978</position><in_Quantity.quantity>0.000000</in_Quantity.quantity><out_Quantity.quantity>922.140450</out_Quantity.quantity></Point><Point><position>10979</position><in_Quantity.quantity>0.000000</in_Quantity.quantity><out_Quantity.quantity>975.484983</out_Quantity.quantity></Point><Point><position>10980</position><in_Quantity.quantity>0.000000</in_Quantity.quantity><out_Quantity.quantity>865.226526</out_Quantity.quantity></Point><Point><position>10981</position><in_Quantity.quantity>0.000000</in_Quantity.quantity><out_Quantity.quantity>692.870481</out_Quantity.quantity></Point><Point><position>10982</position><in_Quantity.quantity>0.000000</in_Quantity.quantity><out_Quantity.quantity>487.326689</out_Quantity.quantity></Point><Point><position>10983</position><in_Quantity.quantity>0.000000</in_Quantity.quantity><out_Quantity.quantity>202.769962</out_Quantity.quantity></Point><Point><position>10984</position><in_Quantity.quantity>0.000000</in_Quantity.quantity><out_Quantity.quantity>928.763819</out_Quantity.quantity></Point><Point><position>10985</position><in_Quantity.quantity>0.000000</in_Quantity.quantity><out_Quantity.quantity>800.512917</out_Quantity.quantity></Point><Point><position>10986</position><in_Quantity.quantity>0.000000</in_Quantity.quantity><out_Quantity.quantity>542.723539</out_Quantity.quantity></Point><Point><position>10987</position><in_Quantity.quantity>0.000000</in_Quantity.quantity><out_Quantity.quantity>20.272742</out_Quantity.quantity></Point><Point><position>10988</position><in_Quantity.quantity>0.000000</in_Quantity.quantity><out_Quantity.quantity>930.575095</out_Quantity.quantity></Point><Point><position>10989</position><in_Quantity.quantity>0.000000</in_Quantity.quantity><out_Quantity.quantity>128.026437</out_Quantity.quantity></Point><Point><position>10990</position><in_Quantity.quantity>0.000000</in_Quantity.quantity><out_Quantity.quantity>234.026164</out_Quantity.quantity></Point><Point><position>10991</position><in_Quantity.quantity>0.000000</in_Quantity.quantity><out_Quantity.quantity>310.174508</out_Quantity.quantity></Point><Point><position>10992</position><in_Quantity.quantity>0.000000</in_Quantity.quantity><out_Quantity.quantity>981.345339</out_Quantity.quantity></Point><Point><position>10993</position><in_Quantity.quantity>0.000000</in_Quantity.quantity><out_Quantity.quantity>208.189740</out_Quantity.quantity></Point><Point><position>10994</position><in_Quantity.quantity>0.000000</in_Quantity.quantity><out_Quantity.quantity>583.477302</out_Quantity.quantity></Point><Point><position>10995</position><in_Quantity.quantity>0.000000</in_Quantity.quantity><out_Quantity.quantity>246.323829</out_Quantity.quantity></Point><Point><position>10996</position><in_Quantity.quantity>0.000000</in_Quantity.quantity><out_Quantity.quantity>323.657802</out_Quantity.quantity></Point><Point><position>10997</position><in_Quantity.quantity>0.000000</in_Quantity.quantity><out_Quantity.quantity>534.198433</out_Quantity.quantity></Point><Point><position>10998</position><in_Quantity.quantity>0.000000</in_Quantity.quantity><out_Quantity.quantity>273.806366</out_Quantity.quantity></Point><Point><position>10999</position><in_Quantity.quantity>0.000000</in_Quantity.quantity><out_Quantity.quantity>107.661472</out_Quantity.quantity></Point><Point><position>11000</position><in_Quantity.quantity>0.000000</in_Quantity.quantity><out_Quantity.quantity>293.077908</out_Quantity.quantity></Point><Point><position>11001</position><in_Quantity.quantity>0.000000</in_Quantity.quantity><out_Quantity.quantity>263.950398</out_Quantity.quantity></Point><Point><position>11002</position><in_Quantity.quantity>0.000000</in_Quantity.quantity><out_Quantity.quantity>62.406000</out_Quantity.quantity></Point><Point><position>11003</position><in_Quantity.quantity>0.000000</in_Quantity.quantity><out_Quantity.quantity>715.847779</out_Quantity.quantity></Point><Point><position>11004</position><in_Quantity.quantity>0.000000</in_Quantity.quantity><out_Quantity.quantity>188.786969</out_Quantity.quantity></Point><Point><position>11005</position><in_Quantity.quantity>0.000000</in_Quantity.quantity><out_Quantity.quantity>473.473241</out_Quantity.quantity></Point><Point><position>11006</position><in_Quantity.quantity>0.000000</in_Quantity.quantity><out_Quantity.quantity>719.073034</out_Quantity.quantity></Point><Point><position>11007</position><in_Quantity.quantity>0.000000</in_Quantity.quantity><out_Quantity.quantity>118.028839</out_Quantity.quantity></Point><Point><position>11008</position><in_Quantity.quantity>0.000000</in_Quantity.quantity><out_Quantity.quantity>857.533763</out_Quantity.quantity></Point><Point><position>11009</position><in_Quantity.quantity>0.000000</in_Quantity.quantity><out_Quantity.quantity>647.353594</out_Quantity.quantity></Point><Point><position>11010</position><in_Quantity.quantity>0.000000</in_Quantity.quantity><out_Quantity.quantity>775.123427</out_Quantity.quantity></Point><Point><position>11011</position><in_Quantity.quantity>0.000000</in_Quantity.quantity><out_Quantity.quantity>847.126536</out_Quantity.quantity></Point><Point><position>11012</position><in_Quantity.quantity>0.000000</in_Quantity.quantity><out_Quantity.quantity>753.075139</out_Quantity.quantity></Point><Point><position>11013</position><in_Quantity.quantity>0.000000</in_Quantity.quantity><out_Quantity.quantity>421.106697</out_Quantity.quantity></Point><Point><position>11014</position><in_Quantity.quantity>0.000000</in_Quantity.quantity><out_Quantity.quantity>26.783316</out_Quantity.quantity></Point><Point><position>11015</position><in_Quantity.quantity>0.000000</in_Quantity.quantity><out_Quantity.quantity>938.335898</out_Quantity.quantity></Point><Point><position>11016</position><in_Quantity.quantity>0.000000</in_Quantity.quantity><out_Quantity.quantity>57.941396</out_Quantity.quantity></Point><Point><position>11017</position><in_Quantity.quantity>0.000000</in_Quantity.quantity><out_Quantity.quantity>952.914035</out_Quantity.quantity></Point><Point><position>11018</position><in_Quantity.quantity>0.000000</in_Quantity.quantity><out_Quantity.quantity>326.076042</out_Quantity.quantity></Point><Point><position>11019</position><in_Quantity.quantity>0.000000</in_Quantity.quantity><out_Quantity.quantity>61.587674</out_Quantity.quantity></Point><Point><position>11020</position><in_Quantity.quantity>0.000000</in_Quantity.quantity><out_Quantity.quantity>397.455691</out_Quantity.quantity></Point><Point><position>11021</position><in_Quantity.quantity>0.000000</in_Quantity.quantity><out_Quantity.quantity>216.212955</out_Quantity.quantity></Point><Point><position>11022</position><in_Quantity.quantity>0.000000</in_Quantity.quantity><out_Quantity.quantity>592.327228</out_Quantity.quantity></Point><Point><position>11023</position><in_Quantity.quantity>0.000000</in_Quantity.quantity><out_Quantity.quantity>337.919992</out_Quantity.quantity></Point><Point><position>11024</position><in_Quantity.quantity>0.000000</in_Quantity.quantity><out_Quantity.quantity>456.518165</out_Quantity.quantity></Point><Point><position>11025</position><in_Quantity.quantity>0.000000</in_Quantity.quantity><out_Quantity.quantity>552.205171</out_Quantity.quantity></Point><Point><position>11026</position><in_Quantity.quantity>0.000000</in_Quantity.quantity><out_Quantity.quantity>82.038253</out_Quantity.quantity></Point><Point><position>11027</position><in_Quantity.quantity>0.000000</in_Quantity.quantity><out_Quantity.quantity>998.573593</out_Quantity.quantity></Point><Point><position>11028</position><in_Quantity.quantity>0.000000</in_Quantity.quantity><out_Quantity.quantity>745.372125</out_Quantity.quantity></Point><Point><position>11029</position><in_Quantity.quantity>0.000000</in_Quantity.quantity><out_Quantity.quantity>437.501549</out_Quantity.quantity></Point><Point><position>11030</position><in_Quantity.quantity>0.000000</in_Quantity.quantity><out_Quantity.quantity>705.160564</out_Quantity.quantity></Point><Point><position>11031</position><in_Quantity.quantity>0.000000</in_Quantity.quantity><out_Quantity.quantity>733.255979</out_Quantity.quantity></Point><Point><position>11032</position><in_Quantity.quantity>0.000000</in_Quantity.quantity><out_Quantity.quantity>834.369741</out_Quantity.quantity></Point><Point><position>11033</position><in_Quantity.quantity>0.000000</in_Quantity.quantity><out_Quantity.quantity>881.920999</out_Quantity.quantity></Point><Point><position>11034</position><in_Quantity.quantity>0.000000</in_Quantity.quantity><out_Quantity.quantity>906.297667</out_Quantity.quantity></Point><Point><position>11035</position><in_Quantity.quantity>0.000000</in_Quantity.quantity><out_Quantity.quantity>15.368551</out_Quantity.quantity></Point><Point><position>11036</position><in_Quantity.quantity>0.000000</in_Quantity.quantity><out_Quantity.quantity>44.965281</out_Quantity.quantity></Point><Point><position>11037</position><in_Quantity.quantity>0.000000</in_Quantity.quantity><out_Quantity.quantity>793.938852</out_Quantity.quantity></Point><Point><position>11038</position><in_Quantity.quantity>0.000000</in_Quantity.quantity><out_Quantity.quantity>192.634999</out_Quantity.quantity></Point><Point><position>11039</position><in_Quantity.quantity>0.000000</in_Quantity.quantity><out_Quantity.quantity>449.416570</out_Quantity.quantity></Point><Point><position>11040</position><in_Quantity.quantity>0.000000</in_Quantity.quantity><out_Quantity.quantity>778.397897</out_Quantity.quantity></Point><Point><position>11041</position><in_Quantity.quantity>0.000000</in_Quantity.quantity><out_Quantity.quantity>320.822879</out_Quantity.quantity></Point><Point><position>11042</position><in_Quantity.quantity>0.000000</in_Quantity.quantity><out_Quantity.quantity>673.643048</out_Quantity.quantity></Point><Point><position>11043</position><in_Quantity.quantity>0.000000</in_Quantity.quantity><out_Quantity.quantity>324.251570</out_Quantity.quantity></Point><Point><position>11044</position><in_Quantity.quantity>0.000000</in_Quantity.quantity><out_Quantity.quantity>856.457699</out_Quantity.quantity></Point><Point><position>11045</position><in_Quantity.quantity>0.000000</in_Quantity.quantity><out_Quantity.quantity>924.987843</out_Quantity.quantity></Point><Point><position>11046</position><in_Quantity.quantity>0.000000</in_Quantity.quantity><out_Quantity.quantity>687.042878</out_Quantity.quantity></Point><Point><position>11047</position><in_Quantity.quantity>0.000000</in_Quantity.quantity><out_Quantity.quantity>879.007696</out_Quantity.quantity></Point><Point><position>11048</position><in_Quantity.quantity>0.000000</in_Quantity.quantity><out_Quantity.quantity>679.772649</out_Quantity.quantity></Point><Point><position>11049</position><in_Quantity.quantity>0.000000</in_Quantity.quantity><out_Quantity.quantity>837.592253</out_Quantity.quantity></Point><Point><position>11050</position><in_Quantity.quantity>0.000000</in_Quantity.quantity><out_Quantity.quantity>47.035050</out_Quantity.quantity></Point><Point><position>11051</position><in_Quantity.quantity>0.000000</in_Quantity.quantity><out_Quantity.quantity>967.722255</out_Quantity.quantity></Point><Point><position>11052</position><in_Quantity.quantity>0.000000</in_Quantity.quantity><out_Quantity.quantity>486.856362</out_Quantity.quantity></Point><Point><position>11053</position><in_Quantity.quantity>0.000000</in_Quantity.quantity><out_Quantity.quantity>659.113952</out_Quantity.quantity></Point><Point><position>11054</position><in_Quantity.quantity>0.000000</in_Quantity.quantity><out_Quantity.quantity>115.766772</out_Quantity.quantity></Point><Point><position>11055</position><in_Quantity.quantity>0.000000</in_Quantity.quantity><out_Quantity.quantity>932.171091</out_Quantity.quantity></Point><Point><position>11056</position><in_Quantity.quantity>0.000000</in_Quantity.quantity><out_Quantity.quantity>870.488480</out_Quantity.quantity></Point><Point><position>11057</position><in_Quantity.quantity>0.000000</in_Quantity.quantity><out_Quantity.quantity>937.087369</out_Quantity.quantity></Point><Point><position>11058</position><in_Quantity.quantity>0.000000</in_Quantity.quantity><out_Quantity.quantity>228.080231</out_Quantity.quantity></Point><Point><position>11059</position><in_Quantity.quantity>0.000000</in_Quantity.quantity><out_Quantity.quantity>655.639248</out_Quantity.quantity></Point><Point><position>11060</position><in_Quantity.quantity>0.000000</in_Quantity.quantity><out_Quantity.quantity>536.906066</out_Quantity.quantity></Point><Point><position>11061</position><in_Quantity.quantity>0.000000</in_Quantity.quantity><out_Quantity.quantity>465.803859</out_Quantity.quantity></Point><Point><position>11062</position><in_Quantity.quantity>0.000000</in_Quantity.quantity><out_Quantity.quantity>244.972305</out_Quantity.quantity></Point><Point><position>11063</position><in_Quantity.quantity>0.000000</in_Quantity.quantity><out_Quantity.quantity>151.911628</out_Quantity.quantity></Point><Point><position>11064</position><in_Quantity.quantity>0.000000</in_Quantity.quantity><out_Quantity.quantity>873.192687</out_Quantity.quantity></Point><Point><position>11065</position><in_Quantity.quantity>0.000000</in_Quantity.quantity><out_Quantity.quantity>944.314579</out_Quantity.quantity></Point><Point><position>11066</position><in_Quantity.quantity>0.000000</in_Quantity.quantity><out_Quantity.quantity>288.533421</out_Quantity.quantity></Point><Point><position>11067</position><in_Quantity.quantity>0.000000</in_Quantity.quantity><out_Quantity.quantity>13.102411</out_Quantity.quantity></Point><Point><position>11068</position><in_Quantity.quantity>0.000000</in_Quantity.quantity><out_Quantity.quantity>343.188477</out_Quantity.quantity></Point><Point><position>11069</position><in_Quantity.quantity>0.000000</in_Quantity.quantity><out_Quantity.quantity>345.458019</out_Quantity.quantity></Point><Point><position>11070</position><in_Quantity.quantity>0.000000</in_Quantity.quantity><out_Quantity.quantity>937.671731</out_Quantity.quantity></Point><Point><position>11071</position><in_Quantity.quantity>0.000000</in_Quantity.quantity><out_Quantity.quantity>620.099490</out_Quantity.quantity></Point><Point><position>11072</position><in_Quantity.quantity>0.000000</in_Quantity.quantity><out_Quantity.quantity>105.542093</out_Quantity.quantity></Point><Point><position>11073</position><in_Quantity.quantity>0.000000</in_Quantity.quantity><out_Quantity.quantity>806.244969</out_Quantity.quantity></Point><Point><position>11074</position><in_Quantity.quantity>0.000000</in_Quantity.quantity><out_Quantity.quantity>548.684117</out_Quantity.quantity></Point><Point><position>11075</position><in_Quantity.quantity>0.000000</in_Quantity.quantity><out_Quantity.quantity>617.995944</out_Quantity.quantity></Point><Point><position>11076</position><in_Quantity.quantity>0.000000</in_Quantity.quantity><out_Quantity.quantity>178.947752</out_Quantity.quantity></Point><Point><position>11077</position><in_Quantity.quantity>0.000000</in_Quantity.quantity><out_Quantity.quantity>465.030206</out_Quantity.quantity></Point><Point><position>11078</position><in_Quantity.quantity>0.000000</in_Quantity.quantity><out_Quantity.quantity>89.028441</out_Quantity.quantity></Point><Point><position>11079</position><in_Quantity.quantity>0.000000</in_Quantity.quantity><out_Quantity.quantity>110.244362</out_Quantity.quantity></Point><Point><position>11080</position><in_Quantity.quantity>0.000000</in_Quantity.quantity><out_Quantity.quantity>407.804272</out_Quantity.quantity></Point><Point><position>11081</position><in_Quantity.quantity>0.000000</in_Quantity.quantity><out_Quantity.quantity>854.379690</out_Quantity.quantity></Point><Point><position>11082</position><in_Quantity.quantity>0.000000</in_Quantity.quantity><out_Quantity.quantity>452.423626</out_Quantity.quantity></Point><Point><position>11083</position><in_Quantity.quantity>0.000000</in_Quantity.quantity><out_Quantity.quantity>308.987786</out_Quantity.quantity></Point><Point><position>11084</position><in_Quantity.quantity>0.000000</in_Quantity.quantity><out_Quantity.quantity>190.965455</out_Quantity.quantity></Point><Point><position>11085</position><in_Quantity.quantity>0.000000</in_Quantity.quantity><out_Quantity.quantity>369.113273</out_Quantity.quantity></Point><Point><position>11086</position><in_Quantity.quantity>0.000000</in_Quantity.quantity><out_Quantity.quantity>387.591859</out_Quantity.quantity></Point><Point><position>11087</position><in_Quantity.quantity>0.000000</in_Quantity.quantity><out_Quantity.quantity>524.983065</out_Quantity.quantity></Point><Point><position>11088</position><in_Quantity.quantity>0.000000</in_Quantity.quantity><out_Quantity.quantity>178.497460</out_Quantity.quantity></Point><Point><position>11089</position><in_Quantity.quantity>0.000000</in_Quantity.quantity><out_Quantity.quantity>286.912736</out_Quantity.quantity></Point><Point><position>11090</position><in_Quantity.quantity>0.000000</in_Quantity.quantity><out_Quantity.quantity>80.014137</out_Quantity.quantity></Point><Point><position>11091</position><in_Quantity.quantity>0.000000</in_Quantity.quantity><out_Quantity.quantity>664.467928</out_Quantity.quantity></Point><Point><position>11092</position><in_Quantity.quantity>0.000000</in_Quantity.quantity><out_Quantity.quantity>915.627494</out_Quantity.quantity></Point><Point><position>11093</position><in_Quantity.quantity>0.000000</in_Quantity.quantity><out_Quantity.quantity>394.482287</out_Quantity.quantity></Point><Point><position>11094</position><in_Quantity.quantity>0.000000</in_Quantity.quantity><out_Quantity.quantity>927.041797</out_Quantity.quantity></Point><Point><position>11095</position><in_Quantity.quantity>0.000000</in_Quantity.quantity><out_Quantity.quantity>763.039419</out_Quantity.quantity></Point><Point><position>11096</position><in_Quantity.quantity>0.000000</in_Quantity.quantity><out_Quantity.quantity>982.419129</out_Quantity.quantity></Point><Point><position>11097</position><in_Quantity.quantity>0.000000</in_Quantity.quantity><out_Quantity.quantity>223.640845</out_Quantity.quantity></Point><Point><position>11098</position><in_Quantity.quantity>0.000000</in_Quantity.quantity><out_Quantity.quantity>166.356253</out_Quantity.quantity></Point><Point><position>11099</position><in_Quantity.quantity>0.000000</in_Quantity.quantity><out_Quantity.quantity>739.830307</out_Quantity.quantity></Point><Point><position>11100</position><in_Quantity.quantity>0.000000</in_Quantity.quantity><out_Quantity.quantity>696.179221</out_Quantity.quantity></Point><Point><position>11101</position><in_Quantity.quantity>0.000000</in_Quantity.quantity><out_Quantity.quantity>75.496225</out_Quantity.quantity></Point><Point><position>11102</position><in_Quantity.quantity>0.000000</in_Quantity.quantity><out_Quantity.quantity>468.772686</out_Quantity.quantity></Point><Point><position>11103</position><in_Quantity.quantity>0.000000</in_Quantity.quantity><out_Quantity.quantity>936.355372</out_Quantity.quantity></Point><Point><position>11104</position><in_Quantity.quantity>0.000000</in_Quantity.quantity><out_Quantity.quantity>733.951470</out_Quantity.quantity></Point><Point><position>11105</position><in_Quantity.quantity>0.000000</in_Quantity.quantity><out_Quantity.quantity>769.747064</out_Quantity.quantity></Point><Point><position>11106</position><in_Quantity.quantity>0.000000</in_Quantity.quantity><out_Quantity.quantity>248.891598</out_Quantity.quantity></Point><Point><position>11107</position><in_Quantity.quantity>0.000000</in_Quantity.quantity><out_Quantity.quantity>967.869073</out_Quantity.quantity></Point><Point><position>11108</position><in_Quantity.quantity>0.000000</in_Quantity.quantity><out_Quantity.quantity>187.912816</out_Quantity.quantity></Point><Point><position>11109</position><in_Quantity.quantity>0.000000</in_Quantity.quantity><out_Quantity.quantity>545.946710</out_Quantity.quantity></Point><Point><position>11110</position><in_Quantity.quantity>0.000000</in_Quantity.quantity><out_Quantity.quantity>634.585813</out_Quantity.quantity></Point><Point><position>11111</position><in_Quantity.quantity>0.000000</in_Quantity.quantity><out_Quantity.quantity>585.778386</out_Quantity.quantity></Point><Point><position>11112</position><in_Quantity.quantity>0.000000</in_Quantity.quantity><out_Quantity.quantity>304.585652</out_Quantity.quantity></Point><Point><position>11113</position><in_Quantity.quantity>0.000000</in_Quantity.quantity><out_Quantity.quantity>797.018844</out_Quantity.quantity></Point><Point><position>11114</position><in_Quantity.quantity>0.000000</in_Quantity.quantity><out_Quantity.quantity>329.844501</out_Quantity.quantity></Point><Point><position>11115</position><in_Quantity.quantity>0.000000</in_Quantity.quantity><out_Quantity.quantity>743.741915</out_Quantity.quantity></Point><Point><position>11116</position><in_Quantity.quantity>0.000000</in_Quantity.quantity><out_Quantity.quantity>701.576245</out_Quantity.quantity></Point><Point><position>11117</position><in_Quantity.quantity>0.000000</in_Quantity.quantity><out_Quantity.quantity>732.427475</out_Quantity.quantity></Point><Point><position>11118</position><in_Quantity.quantity>0.000000</in_Quantity.quantity><out_Quantity.quantity>723.165747</out_Quantity.quantity></Point><Point><position>11119</position><in_Quantity.quantity>0.000000</in_Quantity.quantity><out_Quantity.quantity>594.854514</out_Quantity.quantity></Point><Point><position>11120</position><in_Quantity.quantity>0.000000</in_Quantity.quantity><out_Quantity.quantity>257.052724</out_Quantity.quantity></Point><Point><position>11121</position><in_Quantity.quantity>0.000000</in_Quantity.quantity><out_Quantity.quantity>597.731832</out_Quantity.quantity></Point><Point><position>11122</position><in_Quantity.quantity>0.000000</in_Quantity.quantity><out_Quantity.quantity>210.091908</out_Quantity.quantity></Point><Point><position>11123</position><in_Quantity.quantity>0.000000</in_Quantity.quantity><out_Quantity.quantity>875.621524</out_Quantity.quantity></Point><Point><position>11124</position><in_Quantity.quantity>0.000000</in_Quantity.quantity><out_Quantity.quantity>844.956380</out_Quantity.quantity></Point><Point><position>11125</position><in_Quantity.quantity>0.000000</in_Quantity.quantity><out_Quantity.quantity>412.794186</out_Quantity.quantity></Point><Point><position>11126</position><in_Quantity.quantity>0.000000</in_Quantity.quantity><out_Quantity.quantity>546.519174</out_Quantity.quantity></Point><Point><position>11127</position><in_Quantity.quantity>0.000000</in_Quantity.quantity><out_Quantity.quantity>276.947002</out_Quantity.quantity></Point><Point><position>11128</position><in_Quantity.quantity>0.000000</in_Quantity.quantity><out_Quantity.quantity>406.941216</out_Quantity.quantity></Point><Point><position>11129</position><in_Quantity.quantity>0.000000</in_Quantity.quantity><out_Quantity.quantity>138.677578</out_Quantity.quantity></Point><Point><position>11130</position><in_Quantity.quantity>0.000000</in_Quantity.quantity><out_Quantity.quantity>318.136229</out_Quantity.quantity></Point><Point><position>11131</position><in_Quantity.quantity>0.000000</in_Quantity.quantity><out_Quantity.quantity>968.442739</out_Quantity.quantity></Point><Point><position>11132</position><in_Quantity.quantity>0.000000</in_Quantity.quantity><out_Quantity.quantity>304.969184</out_Quantity.quantity></Point><Point><position>11133</position><in_Quantity.quantity>0.000000</in_Quantity.quantity><out_Quantity.quantity>915.031686</out_Quantity.quantity></Point><Point><position>11134</position><in_Quantity.quantity>0.000000</in_Quantity.quantity><out_Quantity.quantity>890.897931</out_Quantity.quantity></Point><Point><position>11135</position><in_Quantity.quantity>0.000000</in_Quantity.quantity><out_Quantity.quantity>33.311845</out_Quantity.quantity></Point><Point><position>11136</position><in_Quantity.quantity>0.000000</in_Quantity.quantity><out_Quantity.quantity>635.725440</out_Quantity.quantity></Point><Point><position>11137</position><in_Quantity.quantity>0.000000</in_Quantity.quantity><out_Quantity.quantity>999.992891</out_Quantity.quantity></Point><Point><position>11138</position><in_Quantity.quantity>0.000000</in_Quantity.quantity><out_Quantity.quantity>261.897972</out_Quantity.quantity></Point><Point><position>11139</position><in_Quantity.quantity>0.000000</in_Quantity.quantity><out_Quantity.quantity>174.942176</out_Quantity.quantity></Point><Point><position>11140</position><in_Quantity.quantity>0.000000</in_Quantity.quantity><out_Quantity.quantity>698.752456</out_Quantity.quantity></Point><Point><position>11141</position><in_Quantity.quantity>0.000000</in_Quantity.quantity><out_Quantity.quantity>119.010571</out_Quantity.quantity></Point><Point><position>11142</position><in_Quantity.quantity>0.000000</in_Quantity.quantity><out_Quantity.quantity>969.268881</out_Quantity.quantity></Point><Point><position>11143</position><in_Quantity.quantity>0.000000</in_Quantity.quantity><out_Quantity.quantity>904.170597</out_Quantity.quantity></Point><Point><position>11144</position><in_Quantity.quantity>0.000000</in_Quantity.quantity><out_Quantity.quantity>181.963972</out_Quantity.quantity></Point><Point><position>11145</position><in_Quantity.quantity>0.000000</in_Quantity.quantity><out_Quantity.quantity>876.593540</out_Quantity.quantity></Point><Point><position>11146</position><in_Quantity.quantity>0.000000</in_Quantity.quantity><out_Quantity.quantity>409.258279</out_Quantity.quantity></Point><Point><position>11147</position><in_Quantity.quantity>0.000000</in_Quantity.quantity><out_Quantity.quantity>991.166747</out_Quantity.quantity></Point><Point><position>11148</position><in_Quantity.quantity>0.000000</in_Quantity.quantity><out_Quantity.quantity>934.214679</out_Quantity.quantity></Point><Point><position>11149</position><in_Quantity.quantity>0.000000</in_Quantity.quantity><out_Quantity.quantity>246.708884</out_Quantity.quantity></Point><Point><position>11150</position><in_Quantity.quantity>0.000000</in_Quantity.quantity><out_Quantity.quantity>445.715606</out_Quantity.quantity></Point><Point><position>11151</position><in_Quantity.quantity>0.000000</in_Quantity.quantity><out_Quantity.quantity>169.579082</out_Quantity.quantity></Point><Point><position>11152</position><in_Quantity.quantity>0.000000</in_Quantity.quantity><out_Quantity.quantity>52.110698</out_Quantity.quantity></Point><Point><position>11153</position><in_Quantity.quantity>0.000000</in_Quantity.quantity><out_Quantity.quantity>630.675960</out_Quantity.quantity></Point><Point><position>11154</position><in_Quantity.quantity>0.000000</in_Quantity.quantity><out_Quantity.quantity>950.227973</out_Quantity.quantity></Point><Point><position>11155</position><in_Quantity.quantity>0.000000</in_Quantity.quantity><out_Quantity.quantity>656.757009</out_Quantity.quantity></Point><Point><position>11156</position><in_Quantity.quantity>0.000000</in_Quantity.quantity><out_Quantity.quantity>504.726368</out_Quantity.quantity></Point><Point><position>11157</position><in_Quantity.quantity>0.000000</in_Quantity.quantity><out_Quantity.quantity>560.414584</out_Quantity.quantity></Point><Point><position>11158</position><in_Quantity.quantity>0.000000</in_Quantity.quantity><out_Quantity.quantity>967.856043</out_Quantity.quantity></Point><Point><position>11159</position><in_Quantity.quantity>0.000000</in_Quantity.quantity><out_Quantity.quantity>925.042202</out_Quantity.quantity></Point><Point><position>11160</position><in_Quantity.quantity>0.000000</in_Quantity.quantity><out_Quantity.quantity>97.041716</out_Quantity.quantity></Point><Point><position>11161</position><in_Quantity.quantity>0.000000</in_Quantity.quantity><out_Quantity.quantity>144.519480</out_Quantity.quantity></Point><Point><position>11162</position><in_Quantity.quantity>0.000000</in_Quantity.quantity><out_Quantity.quantity>591.694905</out_Quantity.quantity></Point><Point><position>11163</position><in_Quantity.quantity>0.000000</in_Quantity.quantity><out_Quantity.quantity>470.986141</out_Quantity.quantity></Point><Point><position>11164</position><in_Quantity.quantity>0.000000</in_Quantity.quantity><out_Quantity.quantity>236.319440</out_Quantity.quantity></Point><Point><position>11165</position><in_Quantity.quantity>0.000000</in_Quantity.quantity><out_Quantity.quantity>955.288794</out_Quantity.quantity></Point><Point><position>11166</position><in_Quantity.quantity>0.000000</in_Quantity.quantity><out_Quantity.quantity>672.736115</out_Quantity.quantity></Point><Point><position>11167</position><in_Quantity.quantity>0.000000</in_Quantity.quantity><out_Quantity.quantity>68.634522</out_Quantity.quantity></Point><Point><position>11168</position><in_Quantity.quantity>0.000000</in_Quantity.quantity><out_Quantity.quantity>835.027061</out_Quantity.quantity></Point><Point><position>11169</position><in_Quantity.quantity>0.000000</in_Quantity.quantity><out_Quantity.quantity>375.339537</out_Quantity.quantity></Point><Point><position>11170</position><in_Quantity.quantity>0.000000</in_Quantity.quantity><out_Quantity.quantity>353.144967</out_Quantity.quantity></Point><Point><position>11171</position><in_Quantity.quantity>0.000000</in_Quantity.quantity><out_Quantity.quantity>700.572684</out_Quantity.quantity></Point><Point><position>11172</position><in_Quantity.quantity>0.000000</in_Quantity.quantity><out_Quantity.quantity>195.323463</out_Quantity.quantity></Point><Point><position>11173</position><in_Quantity.quantity>0.000000</in_Quantity.quantity><out_Quantity.quantity>960.312667</out_Quantity.quantity></Point><Point><position>11174</position><in_Quantity.quantity>0.000000</in_Quantity.quantity><out_Quantity.quantity>420.067765</out_Quantity.quantity></Point><Point><position>11175</position><in_Quantity.quantity>0.000000</in_Quantity.quantity><out_Quantity.quantity>135.341105</out_Quantity.quantity></Point><Point><position>11176</position><in_Quantity.quantity>0.000000</in_Quantity.quantity><out_Quantity.quantity>943.607423</out_Quantity.quantity></Point><Point><position>11177</position><in_Quantity.quantity>0.000000</in_Quantity.quantity><out_Quantity.quantity>361.975833</out_Quantity.quantity></Point><Point><position>11178</position><in_Quantity.quantity>0.000000</in_Quantity.quantity><out_Quantity.quantity>469.023124</out_Quantity.quantity></Point><Point><position>11179</position><in_Quantity.quantity>0.000000</in_Quantity.quantity><out_Quantity.quantity>323.506204</out_Quantity.quantity></Point><Point><position>11180</position><in_Quantity.quantity>0.000000</in_Quantity.quantity><out_Quantity.quantity>770.720413</out_Quantity.quantity></Point><Point><position>11181</position><in_Quantity.quantity>0.000000</in_Quantity.quantity><out_Quantity.quantity>910.870111</out_Quantity.quantity></Point><Point><position>11182</position><in_Quantity.quantity>0.000000</in_Quantity.quantity><out_Quantity.quantity>397.429250</out_Quantity.quantity></Point><Point><position>11183</position><in_Quantity.quantity>0.000000</in_Quantity.quantity><out_Quantity.quantity>924.432172</out_Quantity.quantity></Point><Point><position>11184</position><in_Quantity.quantity>0.000000</in_Quantity.quantity><out_Quantity.quantity>485.921379</out_Quantity.quantity></Point><Point><position>11185</position><in_Quantity.quantity>0.000000</in_Quantity.quantity><out_Quantity.quantity>795.346996</out_Quantity.quantity></Point><Point><position>11186</position><in_Quantity.quantity>0.000000</in_Quantity.quantity><out_Quantity.quantity>133.214149</out_Quantity.quantity></Point><Point><position>11187</position><in_Quantity.quantity>0.000000</in_Quantity.quantity><out_Quantity.quantity>654.238688</out_Quantity.quantity></Point><Point><position>11188</position><in_Quantity.quantity>0.000000</in_Quantity.quantity><out_Quantity.quantity>180.584937</out_Quantity.quantity></Point><Point><position>11189</position><in_Quantity.quantity>0.000000</in_Quantity.quantity><out_Quantity.quantity>398.188795</out_Quantity.quantity></Point><Point><position>11190</position><in_Quantity.quantity>0.000000</in_Quantity.quantity><out_Quantity.quantity>325.921883</out_Quantity.quantity></Point><Point><position>11191</position><in_Quantity.quantity>0.000000</in_Quantity.quantity><out_Quantity.quantity>693.152849</out_Quantity.quantity></Point><Point><position>11192</position><in_Quantity.quantity>0.000000</in_Quantity.quantity><out_Quantity.quantity>784.013639</out_Quantity.quantity></Point><Point><position>11193</position><in_Quantity.quantity>0.000000</in_Quantity.quantity><out_Quantity.quantity>817.317322</out_Quantity.quantity></Point><Point><position>11194</position><in_Quantity.quantity>0.000000</in_Quantity.quantity><out_Quantity.quantity>733.053606</out_Quantity.quantity></Point><Point><position>11195</position><in_Quantity.quantity>0.000000</in_Quantity.quantity><out_Quantity.quantity>921.729994</out_Quantity.quantity></Point><Point><position>11196</position><in_Quantity.quantity>0.000000</in_Quantity.quantity><out_Quantity.quantity>426.794569</out_Quantity.quantity></Point><Point><position>11197</position><in_Quantity.quantity>0.000000</in_Quantity.quantity><out_Quantity.quantity>709.299034</out_Quantity.quantity></Point><Point><position>11198</position><in_Quantity.quantity>0.000000</in_Quantity.quantity><out_Quantity.quantity>3.190370</out_Quantity.quantity></Point><Point><position>11199</position><in_Quantity.quantity>0.000000</in_Quantity.quantity><out_Quantity.quantity>3.807141</out_Quantity.quantity></Point><Point><position>11200</position><in_Quantity.quantity>0.000000</in_Quantity.quantity><out_Quantity.quantity>181.208350</out_Quantity.quantity></Point><Point><position>11201</position><in_Quantity.quantity>0.000000</in_Quantity.quantity><out_Quantity.quantity>203.489108</out_Quantity.quantity></Point><Point><position>11202</position><in_Quantity.quantity>0.000000</in_Quantity.quantity><out_Quantity.quantity>173.286727</out_Quantity.quantity></Point><Point><position>11203</position><in_Quantity.quantity>0.000000</in_Quantity.quantity><out_Quantity.quantity>299.909711</out_Quantity.quantity></Point><Point><position>11204</position><in_Quantity.quantity>0.000000</in_Quantity.quantity><out_Quantity.quantity>908.195181</out_Quantity.quantity></Point><Point><position>11205</position><in_Quantity.quantity>0.000000</in_Quantity.quantity><out_Quantity.quantity>298.517595</out_Quantity.quantity></Point><Point><position>11206</position><in_Quantity.quantity>0.000000</in_Quantity.quantity><out_Quantity.quantity>177.534327</out_Quantity.quantity></Point><Point><position>11207</position><in_Quantity.quantity>0.000000</in_Quantity.quantity><out_Quantity.quantity>421.724193</out_Quantity.quantity></Point><Point><position>11208</position><in_Quantity.quantity>0.000000</in_Quantity.quantity><out_Quantity.quantity>281.625964</out_Quantity.quantity></Point><Point><position>11209</position><in_Quantity.quantity>0.000000</in_Quantity.quantity><out_Quantity.quantity>140.749533</out_Quantity.quantity></Point><Point><position>11210</position><in_Quantity.quantity>0.000000</in_Quantity.quantity><out_Quantity.quantity>309.783171</out_Quantity.quantity></Point><Point><position>11211</position><in_Quantity.quantity>0.000000</in_Quantity.quantity><out_Quantity.quantity>92.118474</out_Quantity.quantity></Point><Point><position>11212</position><in_Quantity.quantity>0.000000</in_Quantity.quantity><out_Quantity.quantity>127.137704</out_Quantity.quantity></Point><Point><position>11213</position><in_Quantity.quantity>0.000000</in_Quantity.quantity><out_Quantity.quantity>951.954531</out_Quantity.quantity></Point><Point><position>11214</position><in_Quantity.quantity>0.000000</in_Quantity.quantity><out_Quantity.quantity>373.862861</out_Quantity.quantity></Point><Point><position>11215</position><in_Quantity.quantity>0.000000</in_Quantity.quantity><out_Quantity.quantity>267.187382</out_Quantity.quantity></Point><Point><position>11216</position><in_Quantity.quantity>0.000000</in_Quantity.quantity><out_Quantity.quantity>407.429089</out_Quantity.quantity></Point><Point><position>11217</position><in_Quantity.quantity>0.000000</in_Quantity.quantity><out_Quantity.quantity>226.161343</out_Quantity.quantity></Point><Point><position>11218</position><in_Quantity.quantity>0.000000</in_Quantity.quantity><out_Quantity.quantity>579.013391</out_Quantity.quantity></Point><Point><position>11219</position><in_Quantity.quantity>0.000000</in_Quantity.quantity><out_Quantity.quantity>945.579652</out_Quantity.quantity></Point><Point><position>11220</position><in_Quantity.quantity>0.000000</in_Quantity.quantity><out_Quantity.quantity>925.469091</out_Quantity.quantity></Point><Point><position>11221</position><in_Quantity.quantity>0.000000</in_Quantity.quantity><out_Quantity.quantity>850.720819</out_Quantity.quantity></Point><Point><position>11222</position><in_Quantity.quantity>0.000000</in_Quantity.quantity><out_Quantity.quantity>976.969810</out_Quantity.quantity></Point><Point><position>11223</position><in_Quantity.quantity>0.000000</in_Quantity.quantity><out_Quantity.quantity>225.778339</out_Quantity.quantity></Point><Point><position>11224</position><in_Quantity.quantity>0.000000</in_Quantity.quantity><out_Quantity.quantity>744.371563</out_Quantity.quantity></Point><Point><position>11225</position><in_Quantity.quantity>0.000000</in_Quantity.quantity><out_Quantity.quantity>687.113275</out_Quantity.quantity></Point><Point><position>11226</position><in_Quantity.quantity>0.000000</in_Quantity.quantity><out_Quantity.quantity>661.504892</out_Quantity.quantity></Point><Point><position>11227</position><in_Quantity.quantity>0.000000</in_Quantity.quantity><out_Quantity.quantity>54.362015</out_Quantity.quantity></Point><Point><position>11228</position><in_Quantity.quantity>0.000000</in_Quantity.quantity><out_Quantity.quantity>568.636499</out_Quantity.quantity></Point><Point><position>11229</position><in_Quantity.quantity>0.000000</in_Quantity.quantity><out_Quantity.quantity>694.539024</out_Quantity.quantity></Point><Point><position>11230</position><in_Quantity.quantity>0.000000</in_Quantity.quantity><out_Quantity.quantity>470.477958</out_Quantity.quantity></Point><Point><position>11231</position><in_Quantity.quantity>0.000000</in_Quantity.quantity><out_Quantity.quantity>336.551580</out_Quantity.quantity></Point><Point><position>11232</position><in_Quantity.quantity>0.000000</in_Quantity.quantity><out_Quantity.quantity>909.868337</out_Quantity.quantity></Point><Point><position>11233</position><in_Quantity.quantity>0.000000</in_Quantity.quantity><out_Quantity.quantity>145.581823</out_Quantity.quantity></Point><Point><position>11234</position><in_Quantity.quantity>0.000000</in_Quantity.quantity><out_Quantity.quantity>842.262680</out_Quantity.quantity></Point><Point><position>11235</position><in_Quantity.quantity>0.000000</in_Quantity.quantity><out_Quantity.quantity>7.455970</out_Quantity.quantity></Point><Point><position>11236</position><in_Quantity.quantity>0.000000</in_Quantity.quantity><out_Quantity.quantity>883.357476</out_Quantity.quantity></Point><Point><position>11237</position><in_Quantity.quantity>0.000000</in_Quantity.quantity><out_Quantity.quantity>238.120252</out_Quantity.quantity></Point><Point><position>11238</position><in_Quantity.quantity>0.000000</in_Quantity.quantity><out_Quantity.quantity>626.576401</out_Quantity.quantity></Point><Point><position>11239</position><in_Quantity.quantity>0.000000</in_Quantity.quantity><out_Quantity.quantity>7.429250</out_Quantity.quantity></Point><Point><position>11240</position><in_Quantity.quantity>0.000000</in_Quantity.quantity><out_Quantity.quantity>576.840064</out_Quantity.quantity></Point><Point><position>11241</position><in_Quantity.quantity>0.000000</in_Quantity.quantity><out_Quantity.quantity>488.418691</out_Quantity.quantity></Point><Point><position>11242</position><in_Quantity.quantity>0.000000</in_Quantity.quantity><out_Quantity.quantity>905.840390</out_Quantity.quantity></Point><Point><position>11243</position><in_Quantity.quantity>0.000000</in_Quantity.quantity><out_Quantity.quantity>759.835614</out_Quantity.quantity></Point><Point><position>11244</position><in_Quantity.quantity>0.000000</in_Quantity.quantity><out_Quantity.quantity>750.820468</out_Quantity.quantity></Point><Point><position>11245</position><in_Quantity.quantity>0.000000</in_Quantity.quantity><out_Quantity.quantity>882.696773</out_Quantity.quantity></Point><Point><position>11246</position><in_Quantity.quantity>0.000000</in_Quantity.quantity><out_Quantity.quantity>416.739851</out_Quantity.quantity></Point><Point><position>11247</position><in_Quantity.quantity>0.000000</in_Quantity.quantity><out_Quantity.quantity>550.898455</out_Quantity.quantity></Point><Point><position>11248</position><in_Quantity.quantity>0.000000</in_Quantity.quantity><out_Quantity.quantity>938.820550</out_Quantity.quantity></Point><Point><position>11249</position><in_Quantity.quantity>0.000000</in_Quantity.quantity><out_Quantity.quantity>896.676832</out_Quantity.quantity></Point><Point><position>11250</position><in_Quantity.quantity>0.000000</in_Quantity.quantity><out_Quantity.quantity>696.329433</out_Quantity.quantity></Point><Point><position>11251</position><in_Quantity.quantity>0.000000</in_Quantity.quantity><out_Quantity.quantity>51.512862</out_Quantity.quantity></Point><Point><position>11252</position><in_Quantity.quantity>0.000000</in_Quantity.quantity><out_Quantity.quantity>58.382007</out_Quantity.quantity></Point><Point><position>11253</position><in_Quantity.quantity>0.000000</in_Quantity.quantity><out_Quantity.quantity>681.937605</out_Quantity.quantity></Point><Point><position>11254</position><in_Quantity.quantity>0.000000</in_Quantity.quantity><out_Quantity.quantity>301.430343</out_Quantity.quantity></Point><Point><position>11255</position><in_Quantity.quantity>0.000000</in_Quantity.quantity><out_Quantity.quantity>39.430860</out_Quantity.quantity></Point><Point><position>11256</position><in_Quantity.quantity>0.000000</in_Quantity.quantity><out_Quantity.quantity>949.332373</out_Quantity.quantity></Point><Point><position>11257</position><in_Quantity.quantity>0.000000</in_Quantity.quantity><out_Quantity.quantity>681.378068</out_Quantity.quantity></Point><Point><position>11258</position><in_Quantity.quantity>0.000000</in_Quantity.quantity><out_Quantity.quantity>486.012088</out_Quantity.quantity></Point><Point><position>11259</position><in_Quantity.quantity>0.000000</in_Quantity.quantity><out_Quantity.quantity>774.547315</out_Quantity.quantity></Point><Point><position>11260</position><in_Quantity.quantity>0.000000</in_Quantity.quantity><out_Quantity.quantity>453.030135</out_Quantity.quantity></Point><Point><position>11261</position><in_Quantity.quantity>0.000000</in_Quantity.quantity><out_Quantity.quantity>793.252552</out_Quantity.quantity></Point><Point><position>11262</position><in_Quantity.quantity>0.000000</in_Quantity.quantity><out_Quantity.quantity>614.707951</out_Quantity.quantity></Point><Point><position>11263</position><in_Quantity.quantity>0.000000</in_Quantity.quantity><out_Quantity.quantity>735.021657</out_Quantity.quantity></Point><Point><position>11264</position><in_Quantity.quantity>0.000000</in_Quantity.quantity><out_Quantity.quantity>698.008925</out_Quantity.quantity></Point><Point><position>11265</position><in_Quantity.quantity>0.000000</in_Quantity.quantity><out_Quantity.quantity>680.891805</out_Quantity.quantity></Point><Point><position>11266</position><in_Quantity.quantity>0.000000</in_Quantity.quantity><out_Quantity.quantity>191.436151</out_Quantity.quantity></Point><Point><position>11267</position><in_Quantity.quantity>0.000000</in_Quantity.quantity><out_Quantity.quantity>198.277551</out_Quantity.quantity></Point><Point><position>11268</position><in_Quantity.quantity>0.000000</in_Quantity.quantity><out_Quantity.quantity>807.302925</out_Quantity.quantity></Point><Point><position>11269</position><in_Quantity.quantity>0.000000</in_Quantity.quantity><out_Quantity.quantity>677.352828</out_Quantity.quantity></Point><Point><position>11270</position><in_Quantity.quantity>0.000000</in_Quantity.quantity><out_Quantity.quantity>719.847110</out_Quantity.quantity></Point><Point><position>11271</position><in_Quantity.quantity>0.000000</in_Quantity.quantity><out_Quantity.quantity>859.374901</out_Quantity.quantity></Point><Point><position>11272</position><in_Quantity.quantity>0.000000</in_Quantity.quantity><out_Quantity.quantity>787.109451</out_Quantity.quantity></Point><Point><position>11273</position><in_Quantity.quantity>0.000000</in_Quantity.quantity><out_Quantity.quantity>774.670898</out_Quantity.quantity></Point><Point><position>11274</position><in_Quantity.quantity>0.000000</in_Quantity.quantity><out_Quantity.quantity>977.192636</out_Quantity.quantity></Point><Point><position>11275</position><in_Quantity.quantity>0.000000</in_Quantity.quantity><out_Quantity.quantity>763.653969</out_Quantity.quantity></Point><Point><position>11276</position><in_Quantity.quantity>0.000000</in_Quantity.quantity><out_Quantity.quantity>480.148673</out_Quantity.quantity></Point><Point><position>11277</position><in_Quantity.quantity>0.000000</in_Quantity.quantity><out_Quantity.quantity>916.831948</out_Quantity.quantity></Point><Point><position>11278</position><in_Quantity.quantity>0.000000</in_Quantity.quantity><out_Quantity.quantity>691.198267</out_Quantity.quantity></Point><Point><position>11279</position><in_Quantity.quantity>0.000000</in_Quantity.quantity><out_Quantity.quantity>503.091785</out_Quantity.quantity></Point><Point><position>11280</position><in_Quantity.quantity>0.000000</in_Quantity.quantity><out_Quantity.quantity>123.535584</out_Quantity.quantity></Point><Point><position>11281</position><in_Quantity.quantity>0.000000</in_Quantity.quantity><out_Quantity.quantity>2.038025</out_Quantity.quantity></Point><Point><position>11282</position><in_Quantity.quantity>0.000000</in_Quantity.quantity><out_Quantity.quantity>208.042617</out_Quantity.quantity></Point><Point><position>11283</position><in_Quantity.quantity>0.000000</in_Quantity.quantity><out_Quantity.quantity>416.126143</out_Quantity.quantity></Point><Point><position>11284</position><in_Quantity.quantity>0.000000</in_Quantity.quantity><out_Quantity.quantity>481.988232</out_Quantity.quantity></Point><Point><position>11285</position><in_Quantity.quantity>0.000000</in_Quantity.quantity><out_Quantity.quantity>197.193373</out_Quantity.quantity></Point><Point><position>11286</position><in_Quantity.quantity>0.000000</in_Quantity.quantity><out_Quantity.quantity>492.958190</out_Quantity.quantity></Point><Point><position>11287</position><in_Quantity.quantity>0.000000</in_Quantity.quantity><out_Quantity.quantity>644.564484</out_Quantity.quantity></Point><Point><position>11288</position><in_Quantity.quantity>0.000000</in_Quantity.quantity><out_Quantity.quantity>178.080212</out_Quantity.quantity></Point><Point><position>11289</position><in_Quantity.quantity>0.000000</in_Quantity.quantity><out_Quantity.quantity>640.346566</out_Quantity.quantity></Point><Point><position>11290</position><in_Quantity.quantity>0.000000</in_Quantity.quantity><out_Quantity.quantity>29.610212</out_Quantity.quantity></Point><Point><position>11291</position><in_Quantity.quantity>0.000000</in_Quantity.quantity><out_Quantity.quantity>927.111187</out_Quantity.quantity></Point><Point><position>11292</position><in_Quantity.quantity>0.000000</in_Quantity.quantity><out_Quantity.quantity>675.829042</out_Quantity.quantity></Point><Point><position>11293</position><in_Quantity.quantity>0.000000</in_Quantity.quantity><out_Quantity.quantity>217.051775</out_Quantity.quantity></Point><Point><position>11294</position><in_Quantity.quantity>0.000000</in_Quantity.quantity><out_Quantity.quantity>439.465524</out_Quantity.quantity></Point><Point><position>11295</position><in_Quantity.quantity>0.000000</in_Quantity.quantity><out_Quantity.quantity>967.136510</out_Quantity.quantity></Point><Point><position>11296</position><in_Quantity.quantity>0.000000</in_Quantity.quantity><out_Quantity.quantity>944.357656</out_Quantity.quantity></Point><Point><position>11297</position><in_Quantity.quantity>0.000000</in_Quantity.quantity><out_Quantity.quantity>937.762647</out_Quantity.quantity></Point><Point><position>11298</position><in_Quantity.quantity>0.000000</in_Quantity.quantity><out_Quantity.quantity>562.082731</out_Quantity.quantity></Point><Point><position>11299</position><in_Quantity.quantity>0.000000</in_Quantity.quantity><out_Quantity.quantity>938.093210</out_Quantity.quantity></Point><Point><position>11300</position><in_Quantity.quantity>0.000000</in_Quantity.quantity><out_Quantity.quantity>870.249348</out_Quantity.quantity></Point><Point><position>11301</position><in_Quantity.quantity>0.000000</in_Quantity.quantity><out_Quantity.quantity>449.722376</out_Quantity.quantity></Point><Point><position>11302</position><in_Quantity.quantity>0.000000</in_Quantity.quantity><out_Quantity.quantity>720.296888</out_Quantity.quantity></Point><Point><position>11303</position><in_Quantity.quantity>0.000000</in_Quantity.quantity><out_Quantity.quantity>7.351101</out_Quantity.quantity></Point><Point><position>11304</position><in_Quantity.quantity>0.000000</in_Quantity.quantity><out_Quantity.quantity>531.194133</out_Quantity.quantity></Point><Point><position>11305</position><in_Quantity.quantity>0.000000</in_Quantity.quantity><out_Quantity.quantity>570.520732</out_Quantity.quantity></Point><Point><position>11306</position><in_Quantity.quantity>0.000000</in_Quantity.quantity><out_Quantity.quantity>405.336077</out_Quantity.quantity></Point><Point><position>11307</position><in_Quantity.quantity>0.000000</in_Quantity.quantity><out_Quantity.quantity>75.260268</out_Quantity.quantity></Point><Point><position>11308</position><in_Quantity.quantity>0.000000</in_Quantity.quantity><out_Quantity.quantity>546.744815</out_Quantity.quantity></Point><Point><position>11309</position><in_Quantity.quantity>0.000000</in_Quantity.quantity><out_Quantity.quantity>231.748767</out_Quantity.quantity></Point><Point><position>11310</position><in_Quantity.quantity>0.000000</in_Quantity.quantity><out_Quantity.quantity>674.609476</out_Quantity.quantity></Point><Point><position>11311</position><in_Quantity.quantity>0.000000</in_Quantity.quantity><out_Quantity.quantity>200.584628</out_Quantity.quantity></Point><Point><position>11312</position><in_Quantity.quantity>0.000000</in_Quantity.quantity><out_Quantity.quantity>706.820662</out_Quantity.quantity></Point><Point><position>11313</position><in_Quantity.quantity>0.000000</in_Quantity.quantity><out_Quantity.quantity>717.572638</out_Quantity.quantity></Point><Point><position>11314</position><in_Quantity.quantity>0.000000</in_Quantity.quantity><out_Quantity.quantity>750.824911</out_Quantity.quantity></Point><Point><position>11315</position><in_Quantity.quantity>0.000000</in_Quantity.quantity><out_Quantity.quantity>444.119180</out_Quantity.quantity></Point><Point><position>11316</position><in_Quantity.quantity>0.000000</in_Quantity.quantity><out_Quantity.quantity>901.511598</out_Quantity.quantity></Point><Point><position>11317</position><in_Quantity.quantity>0.000000</in_Quantity.quantity><out_Quantity.quantity>335.486931</out_Quantity.quantity></Point><Point><position>11318</position><in_Quantity.quantity>0.000000</in_Quantity.quantity><out_Quantity.quantity>852.865396</out_Quantity.quantity></Point><Point><position>11319</position><in_Quantity.quantity>0.000000</in_Quantity.quantity><out_Quantity.quantity>330.993957</out_Quantity.quantity></Point><Point><position>11320</position><in_Quantity.quantity>0.000000</in_Quantity.quantity><out_Quantity.quantity>77.603069</out_Quantity.quantity></Point><Point><position>11321</position><in_Quantity.quantity>0.000000</in_Quantity.quantity><out_Quantity.quantity>127.522919</out_Quantity.quantity></Point><Point><position>11322</position><in_Quantity.quantity>0.000000</in_Quantity.quantity><out_Quantity.quantity>366.335758</out_Quantity.quantity></Point><Point><position>11323</position><in_Quantity.quantity>0.000000</in_Quantity.quantity><out_Quantity.quantity>132.386640</out_Quantity.quantity></Point><Point><position>11324</position><in_Quantity.quantity>0.000000</in_Quantity.quantity><out_Quantity.quantity>785.661821</out_Quantity.quantity></Point><Point><position>11325</position><in_Quantity.quantity>0.000000</in_Quantity.quantity><out_Quantity.quantity>847.852696</out_Quantity.quantity></Point><Point><position>11326</position><in_Quantity.quantity>0.000000</in_Quantity.quantity><out_Quantity.quantity>930.633077</out_Quantity.quantity></Point><Point><position>11327</position><in_Quantity.quantity>0.000000</in_Quantity.quantity><out_Quantity.quantity>120.874197</out_Quantity.quantity></Point><Point><position>11328</position><in_Quantity.quantity>0.000000</in_Quantity.quantity><out_Quantity.quantity>174.143801</out_Quantity.quantity></Point><Point><position>11329</position><in_Quantity.quantity>0.000000</in_Quantity.quantity><out_Quantity.quantity>870.717065</out_Quantity.quantity></Point><Point><position>11330</position><in_Quantity.quantity>0.000000</in_Quantity.quantity><out_Quantity.quantity>404.911912</out_Quantity.quantity></Point><Point><position>11331</position><in_Quantity.quantity>0.000000</in_Quantity.quantity><out_Quantity.quantity>164.112173</out_Quantity.quantity></Point><Point><position>11332</position><in_Quantity.quantity>0.000000</in_Quantity.quantity><out_Quantity.quantity>844.202970</out_Quantity.quantity></Point><Point><position>11333</position><in_Quantity.quantity>0.000000</in_Quantity.quantity><out_Quantity.quantity>467.076945</out_Quantity.quantity></Point><Point><position>11334</position><in_Quantity.quantity>0.000000</in_Quantity.quantity><out_Quantity.quantity>160.257930</out_Quantity.quantity></Point><Point><position>11335</position><in_Quantity.quantity>0.000000</in_Quantity.quantity><out_Quantity.quantity>550.322594</out_Quantity.quantity></Point><Point><position>11336</position><in_Quantity.quantity>0.000000</in_Quantity.quantity><out_Quantity.quantity>101.131278</out_Quantity.quantity></Point><Point><position>11337</position><in_Quantity.quantity>0.000000</in_Quantity.quantity><out_Quantity.quantity>8.336549</out_Quantity.quantity></Point><Point><position>11338</position><in_Quantity.quantity>0.000000</in_Quantity.quantity><out_Quantity.quantity>693.414539</out_Quantity.quantity></Point><Point><position>11339</position><in_Quantity.quantity>0.000000</in_Quantity.quantity><out_Quantity.quantity>231.683264</out_Quantity.quantity></Point><Point><position>11340</position><in_Quantity.quantity>0.000000</in_Quantity.quantity><out_Quantity.quantity>484.011985</out_Quantity.quantity></Point><Point><position>11341</position><in_Quantity.quantity>0.000000</in_Quantity.quantity><out_Quantity.quantity>581.924216</out_Quantity.quantity></Point><Point><position>11342</position><in_Quantity.quantity>0.000000</in_Quantity.quantity><out_Quantity.quantity>570.152997</out_Quantity.quantity></Point><Point><position>11343</position><in_Quantity.quantity>0.000000</in_Quantity.quantity><out_Quantity.quantity>976.116409</out_Quantity.quantity></Point><Point><position>11344</position><in_Quantity.quantity>0.000000</in_Quantity.quantity><out_Quantity.quantity>998.373732</out_Quantity.quantity></Point><Point><position>11345</position><in_Quantity.quantity>0.000000</in_Quantity.quantity><out_Quantity.quantity>432.486440</out_Quantity.quantity></Point><Point><position>11346</position><in_Quantity.quantity>0.000000</in_Quantity.quantity><out_Quantity.quantity>239.871494</out_Quantity.quantity></Point><Point><position>11347</position><in_Quantity.quantity>0.000000</in_Quantity.quantity><out_Quantity.quantity>439.505575</out_Quantity.quantity></Point><Point><position>11348</position><in_Quantity.quantity>0.000000</in_Quantity.quantity><out_Quantity.quantity>674.053529</out_Quantity.quantity></Point><Point><position>11349</position><in_Quantity.quantity>0.000000</in_Quantity.quantity><out_Quantity.quantity>791.036446</out_Quantity.quantity></Point><Point><position>11350</position><in_Quantity.quantity>0.000000</in_Quantity.quantity><out_Quantity.quantity>83.823283</out_Quantity.quantity></Point><Point><position>11351</position><in_Quantity.quantity>0.000000</in_Quantity.quantity><out_Quantity.quantity>374.506857</out_Quantity.quantity></Point><Point><position>11352</position><in_Quantity.quantity>0.000000</in_Quantity.quantity><out_Quantity.quantity>455.577486</out_Quantity.quantity></Point><Point><position>11353</position><in_Quantity.quantity>0.000000</in_Quantity.quantity><out_Quantity.quantity>199.969481</out_Quantity.quantity></Point><Point><position>11354</position><in_Quantity.quantity>0.000000</in_Quantity.quantity><out_Quantity.quantity>646.824904</out_Quantity.quantity></Point><Point><position>11355</position><in_Quantity.quantity>0.000000</in_Quantity.quantity><out_Quantity.quantity>792.306811</out_Quantity.quantity></Point><Point><position>11356</position><in_Quantity.quantity>0.000000</in_Quantity.quantity><out_Quantity.quantity>346.332753</out_Quantity.quantity></Point><Point><position>11357</position><in_Quantity.quantity>0.000000</in_Quantity.quantity><out_Quantity.quantity>506.896731</out_Quantity.quantity></Point><Point><position>11358</position><in_Quantity.quantity>0.000000</in_Quantity.quantity><out_Quantity.quantity>480.119629</out_Quantity.quantity></Point><Point><position>11359</position><in_Quantity.quantity>0.000000</in_Quantity.quantity><out_Quantity.quantity>835.180083</out_Quantity.quantity></Point><Point><position>11360</position><in_Quantity.quantity>0.000000</in_Quantity.quantity><out_Quantity.quantity>402.132673</out_Quantity.quantity></Point><Point><position>11361</position><in_Quantity.quantity>0.000000</in_Quantity.quantity><out_Quantity.quantity>882.905933</out_Quantity.quantity></Point><Point><position>11362</position><in_Quantity.quantity>0.000000</in_Quantity.quantity><out_Quantity.quantity>786.378966</out_Quantity.quantity></Point><Point><position>11363</position><in_Quantity.quantity>0.000000</in_Quantity.quantity><out_Quantity.quantity>829.584005</out_Quantity.quantity></Point><Point><position>11364</position><in_Quantity.quantity>0.000000</in_Quantity.quantity><out_Quantity.quantity>685.982250</out_Quantity.quantity></Point><Point><position>11365</position><in_Quantity.quantity>0.000000</in_Quantity.quantity><out_Quantity.quantity>376.967731</out_Quantity.quantity></Point><Point><position>11366</position><in_Quantity.quantity>0.000000</in_Quantity.quantity><out_Quantity.quantity>912.574001</out_Quantity.quantity></Point><Point><position>11367</position><in_Quantity.quantity>0.000000</in_Quantity.quantity><out_Quantity.quantity>487.688390</out_Quantity.quantity></Point><Point><position>11368</position><in_Quantity.quantity>0.000000</in_Quantity.quantity><out_Quantity.quantity>565.676091</out_Quantity.quantity></Point><Point><position>11369</position><in_Quantity.quantity>0.000000</in_Quantity.quantity><out_Quantity.quantity>591.605841</out_Quantity.quantity></Point><Point><position>11370</position><in_Quantity.quantity>0.000000</in_Quantity.quantity><out_Quantity.quantity>567.333279</out_Quantity.quantity></Point><Point><position>11371</position><in_Quantity.quantity>0.000000</in_Quantity.quantity><out_Quantity.quantity>692.316227</out_Quantity.quantity></Point><Point><position>11372</position><in_Quantity.quantity>0.000000</in_Quantity.quantity><out_Quantity.quantity>1.952786</out_Quantity.quantity></Point><Point><position>11373</position><in_Quantity.quantity>0.000000</in_Quantity.quantity><out_Quantity.quantity>648.408093</out_Quantity.quantity></Point><Point><position>11374</position><in_Quantity.quantity>0.000000</in_Quantity.quantity><out_Quantity.quantity>779.085583</out_Quantity.quantity></Point><Point><position>11375</position><in_Quantity.quantity>0.000000</in_Quantity.quantity><out_Quantity.quantity>203.944912</out_Quantity.quantity></Point><Point><position>11376</position><in_Quantity.quantity>0.000000</in_Quantity.quantity><out_Quantity.quantity>646.765780</out_Quantity.quantity></Point><Point><position>11377</position><in_Quantity.quantity>0.000000</in_Quantity.quantity><out_Quantity.quantity>707.420025</out_Quantity.quantity></Point><Point><position>11378</position><in_Quantity.quantity>0.000000</in_Quantity.quantity><out_Quantity.quantity>551.327096</out_Quantity.quantity></Point><Point><position>11379</position><in_Quantity.quantity>0.000000</in_Quantity.quantity><out_Quantity.quantity>638.419289</out_Quantity.quantity></Point><Point><position>11380</position><in_Quantity.quantity>0.000000</in_Quantity.quantity><out_Quantity.quantity>165.259286</out_Quantity.quantity></Point><Point><position>11381</position><in_Quantity.quantity>0.000000</in_Quantity.quantity><out_Quantity.quantity>909.892404</out_Quantity.quantity></Point><Point><position>11382</position><in_Quantity.quantity>0.000000</in_Quantity.quantity><out_Quantity.quantity>582.476217</out_Quantity.quantity></Point><Point><position>11383</position><in_Quantity.quantity>0.000000</in_Quantity.quantity><out_Quantity.quantity>691.473367</out_Quantity.quantity></Point><Point><position>11384</position><in_Quantity.quantity>0.000000</in_Quantity.quantity><out_Quantity.quantity>987.738956</out_Quantity.quantity></Point><Point><position>11385</position><in_Quantity.quantity>0.000000</in_Quantity.quantity><out_Quantity.quantity>59.453925</out_Quantity.quantity></Point><Point><position>11386</position><in_Quantity.quantity>0.000000</in_Quantity.quantity><out_Quantity.quantity>540.884002</out_Quantity.quantity></Point><Point><position>11387</position><in_Quantity.quantity>0.000000</in_Quantity.quantity><out_Quantity.quantity>520.076252</out_Quantity.quantity></Point><Point><position>11388</position><in_Quantity.quantity>0.000000</in_Quantity.quantity><out_Quantity.quantity>378.160097</out_Quantity.quantity></Point><Point><position>11389</position><in_Quantity.quantity>0.000000</in_Quantity.quantity><out_Quantity.quantity>850.462789</out_Quantity.quantity></Point><Point><position>11390</position><in_Quantity.quantity>0.000000</in_Quantity.quantity><out_Quantity.quantity>0.714914</out_Quantity.quantity></Point><Point><position>11391</position><in_Quantity.quantity>0.000000</in_Quantity.quantity><out_Quantity.quantity>161.579035</out_Quantity.quantity></Point><Point><position>11392</position><in_Quantity.quantity>0.000000</in_Quantity.quantity><out_Quantity.quantity>383.348042</out_Quantity.quantity></Point><Point><position>11393</position><in_Quantity.quantity>0.000000</in_Quantity.quantity><out_Quantity.quantity>590.501877</out_Quantity.quantity></Point><Point><position>11394</position><in_Quantity.quantity>0.000000</in_Quantity.quantity><out_Quantity.quantity>539.114402</out_Quantity.quantity></Point><Point><position>11395</position><in_Quantity.quantity>0.000000</in_Quantity.quantity><out_Quantity.quantity>466.625388</out_Quantity.quantity></Point><Point><position>11396</position><in_Quantity.quantity>0.000000</in_Quantity.quantity><out_Quantity.quantity>176.517220</out_Quantity.quantity></Point><Point><position>11397</position><in_Quantity.quantity>0.000000</in_Quantity.quantity><out_Quantity.quantity>467.665611</out_Quantity.quantity></Point><Point><position>11398</position><in_Quantity.quantity>0.000000</in_Quantity.quantity><out_Quantity.quantity>374.998154</out_Quantity.quantity></Point><Point><position>11399</position><in_Quantity.quantity>0.000000</in_Quantity.quantity><out_Quantity.quantity>560.831689</out_Quantity.quantity></Point><Point><position>11400</position><in_Quantity.quantity>0.000000</in_Quantity.quantity><out_Quantity.quantity>792.699314</out_Quantity.quantity></Point><Point><position>11401</position><in_Quantity.quantity>0.000000</in_Quantity.quantity><out_Quantity.quantity>334.396414</out_Quantity.quantity></Point><Point><position>11402</position><in_Quantity.quantity>0.000000</in_Quantity.quantity><out_Quantity.quantity>17.848340</out_Quantity.quantity></Point><Point><position>11403</position><in_Quantity.quantity>0.000000</in_Quantity.quantity><out_Quantity.quantity>100.653661</out_Quantity.quantity></Point><Point><position>11404</position><in_Quantity.quantity>0.000000</in_Quantity.quantity><out_Quantity.quantity>66.326239</out_Quantity.quantity></Point><Point><position>11405</position><in_Quantity.quantity>0.000000</in_Quantity.quantity><out_Quantity.quantity>641.237660</out_Quantity.quantity></Point><Point><position>11406</position><in_Quantity.quantity>0.000000</in_Quantity.quantity><out_Quantity.quantity>62.119076</out_Quantity.quantity></Point><Point><position>11407</position><in_Quantity.quantity>0.000000</in_Quantity.quantity><out_Quantity.quantity>619.667162</out_Quantity.quantity></Point><Point><position>11408</position><in_Quantity.quantity>0.000000</in_Quantity.quantity><out_Quantity.quantity>618.851995</out_Quantity.quantity></Point><Point><position>11409</position><in_Quantity.quantity>0.000000</in_Quantity.quantity><out_Quantity.quantity>413.286724</out_Quantity.quantity></Point><Point><position>11410</position><in_Quantity.quantity>0.000000</in_Quantity.quantity><out_Quantity.quantity>542.476065</out_Quantity.quantity></Point><Point><position>11411</position><in_Quantity.quantity>0.000000</in_Quantity.quantity><out_Quantity.quantity>300.843832</out_Quantity.quantity></Point><Point><position>11412</position><in_Quantity.quantity>0.000000</in_Quantity.quantity><out_Quantity.quantity>928.860909</out_Quantity.quantity></Point><Point><position>11413</position><in_Quantity.quantity>0.000000</in_Quantity.quantity><out_Quantity.quantity>33.779965</out_Quantity.quantity></Point><Point><position>11414</position><in_Quantity.quantity>0.000000</in_Quantity.quantity><out_Quantity.quantity>210.589857</out_Quantity.quantity></Point><Point><position>11415</position><in_Quantity.quantity>0.000000</in_Quantity.quantity><out_Quantity.quantity>545.659877</out_Quantity.quantity></Point><Point><position>11416</position><in_Quantity.quantity>0.000000</in_Quantity.quantity><out_Quantity.quantity>519.186557</out_Quantity.quantity></Point><Point><position>11417</position><in_Quantity.quantity>0.000000</in_Quantity.quantity><out_Quantity.quantity>682.056025</out_Quantity.quantity></Point><Point><position>11418</position><in_Quantity.quantity>0.000000</in_Quantity.quantity><out_Quantity.quantity>181.767481</out_Quantity.quantity></Point><Point><position>11419</position><in_Quantity.quantity>0.000000</in_Quantity.quantity><out_Quantity.quantity>620.017313</out_Quantity.quantity></Point><Point><position>11420</position><in_Quantity.quantity>0.000000</in_Quantity.quantity><out_Quantity.quantity>698.743255</out_Quantity.quantity></Point><Point><position>11421</position><in_Quantity.quantity>0.000000</in_Quantity.quantity><out_Quantity.quantity>148.997043</out_Quantity.quantity></Point><Point><position>11422</position><in_Quantity.quantity>0.000000</in_Quantity.quantity><out_Quantity.quantity>942.860175</out_Quantity.quantity></Point><Point><position>11423</position><in_Quantity.quantity>0.000000</in_Quantity.quantity><out_Quantity.quantity>600.099469</out_Quantity.quantity></Point><Point><position>11424</position><in_Quantity.quantity>0.000000</in_Quantity.quantity><out_Quantity.quantity>316.882377</out_Quantity.quantity></Point><Point><position>11425</position><in_Quantity.quantity>0.000000</in_Quantity.quantity><out_Quantity.quantity>165.861444</out_Quantity.quantity></Point><Point><position>11426</position><in_Quantity.quantity>0.000000</in_Quantity.quantity><out_Quantity.quantity>723.425062</out_Quantity.quantity></Point><Point><position>11427</position><in_Quantity.quantity>0.000000</in_Quantity.quantity><out_Quantity.quantity>379.284067</out_Quantity.quantity></Point><Point><position>11428</position><in_Quantity.quantity>0.000000</in_Quantity.quantity><out_Quantity.quantity>958.422329</out_Quantity.quantity></Point><Point><position>11429</position><in_Quantity.quantity>0.000000</in_Quantity.quantity><out_Quantity.quantity>123.082805</out_Quantity.quantity></Point><Point><position>11430</position><in_Quantity.quantity>0.000000</in_Quantity.quantity><out_Quantity.quantity>338.844889</out_Quantity.quantity></Point><Point><position>11431</position><in_Quantity.quantity>0.000000</in_Quantity.quantity><out_Quantity.quantity>869.300824</out_Quantity.quantity></Point><Point><position>11432</position><in_Quantity.quantity>0.000000</in_Quantity.quantity><out_Quantity.quantity>49.292195</out_Quantity.quantity></Point><Point><position>11433</position><in_Quantity.quantity>0.000000</in_Quantity.quantity><out_Quantity.quantity>657.472939</out_Quantity.quantity></Point><Point><position>11434</position><in_Quantity.quantity>0.000000</in_Quantity.quantity><out_Quantity.quantity>314.131643</out_Quantity.quantity></Point><Point><position>11435</position><in_Quantity.quantity>0.000000</in_Quantity.quantity><out_Quantity.quantity>961.530367</out_Quantity.quantity></Point><Point><position>11436</position><in_Quantity.quantity>0.000000</in_Quantity.quantity><out_Quantity.quantity>457.414063</out_Quantity.quantity></Point><Point><position>11437</position><in_Quantity.quantity>0.000000</in_Quantity.quantity><out_Quantity.quantity>349.485984</out_Quantity.quantity></Point><Point><position>11438</position><in_Quantity.quantity>0.000000</in_Quantity.quantity><out_Quantity.quantity>750.093263</out_Quantity.quantity></Point><Point><position>11439</position><in_Quantity.quantity>0.000000</in_Quantity.quantity><out_Quantity.quantity>914.994594</out_Quantity.quantity></Point><Point><position>11440</position><in_Quantity.quantity>0.000000</in_Quantity.quantity><out_Quantity.quantity>121.855795</out_Quantity.quantity></Point><Point><position>11441</position><in_Quantity.quantity>0.000000</in_Quantity.quantity><out_Quantity.quantity>161.464213</out_Quantity.quantity></Point><Point><position>11442</position><in_Quantity.quantity>0.000000</in_Quantity.quantity><out_Quantity.quantity>975.235722</out_Quantity.quantity></Point><Point><position>11443</position><in_Quantity.quantity>0.000000</in_Quantity.quantity><out_Quantity.quantity>302.962350</out_Quantity.quantity></Point><Point><position>11444</position><in_Quantity.quantity>0.000000</in_Quantity.quantity><out_Quantity.quantity>341.679491</out_Quantity.quantity></Point><Point><position>11445</position><in_Quantity.quantity>0.000000</in_Quantity.quantity><out_Quantity.quantity>425.416260</out_Quantity.quantity></Point><Point><position>11446</position><in_Quantity.quantity>0.000000</in_Quantity.quantity><out_Quantity.quantity>626.126688</out_Quantity.quantity></Point><Point><position>11447</position><in_Quantity.quantity>0.000000</in_Quantity.quantity><out_Quantity.quantity>10.508671</out_Quantity.quantity></Point><Point><position>11448</position><in_Quantity.quantity>0.000000</in_Quantity.quantity><out_Quantity.quantity>6.476935</out_Quantity.quantity></Point><Point><position>11449</position><in_Quantity.quantity>0.000000</in_Quantity.quantity><out_Quantity.quantity>27.561019</out_Quantity.quantity></Point><Point><position>11450</position><in_Quantity.quantity>0.000000</in_Quantity.quantity><out_Quantity.quantity>587.156774</out_Quantity.quantity></Point><Point><position>11451</position><in_Quantity.quantity>0.000000</in_Quantity.quantity><out_Quantity.quantity>109.250410</out_Quantity.quantity></Point><Point><position>11452</position><in_Quantity.quantity>0.000000</in_Quantity.quantity><out_Quantity.quantity>825.089060</out_Quantity.quantity></Point><Point><position>11453</position><in_Quantity.quantity>0.000000</in_Quantity.quantity><out_Quantity.quantity>359.629168</out_Quantity.quantity></Point><Point><position>11454</position><in_Quantity.quantity>0.000000</in_Quantity.quantity><out_Quantity.quantity>168.088324</out_Quantity.quantity></Point><Point><position>11455</position><in_Quantity.quantity>0.000000</in_Quantity.quantity><out_Quantity.quantity>424.766072</out_Quantity.quantity></Point><Point><position>11456</position><in_Quantity.quantity>0.000000</in_Quantity.quantity><out_Quantity.quantity>755.589340</out_Quantity.quantity></Point><Point><position>11457</position><in_Quantity.quantity>0.000000</in_Quantity.quantity><out_Quantity.quantity>349.705561</out_Quantity.quantity></Point><Point><position>11458</position><in_Quantity.quantity>0.000000</in_Quantity.quantity><out_Quantity.quantity>877.520520</out_Quantity.quantity></Point><Point><position>11459</position><in_Quantity.quantity>0.000000</in_Quantity.quantity><out_Quantity.quantity>815.101922</out_Quantity.quantity></Point><Point><position>11460</position><in_Quantity.quantity>0.000000</in_Quantity.quantity><out_Quantity.quantity>650.735687</out_Quantity.quantity></Point><Point><position>11461</position><in_Quantity.quantity>0.000000</in_Quantity.quantity><out_Quantity.quantity>339.202088</out_Quantity.quantity></Point><Point><position>11462</position><in_Quantity.quantity>0.000000</in_Quantity.quantity><out_Quantity.quantity>877.137008</out_Quantity.quantity></Point><Point><position>11463</position><in_Quantity.quantity>0.000000</in_Quantity.quantity><out_Quantity.quantity>337.773389</out_Quantity.quantity></Point><Point><position>11464</position><in_Quantity.quantity>0.000000</in_Quantity.quantity><out_Quantity.quantity>984.063014</out_Quantity.quantity></Point><Point><position>11465</position><in_Quantity.quantity>0.000000</in_Quantity.quantity><out_Quantity.quantity>10.977161</out_Quantity.quantity></Point><Point><position>11466</position><in_Quantity.quantity>0.000000</in_Quantity.quantity><out_Quantity.quantity>133.093954</out_Quantity.quantity></Point><Point><position>11467</position><in_Quantity.quantity>0.000000</in_Quantity.quantity><out_Quantity.quantity>312.870216</out_Quantity.quantity></Point><Point><position>11468</position><in_Quantity.quantity>0.000000</in_Quantity.quantity><out_Quantity.quantity>383.054316</out_Quantity.quantity></Point><Point><position>11469</position><in_Quantity.quantity>0.000000</in_Quantity.quantity><out_Quantity.quantity>321.810316</out_Quantity.quantity></Point><Point><position>11470</position><in_Quantity.quantity>0.000000</in_Quantity.quantity><out_Quantity.quantity>376.874949</out_Quantity.quantity></Point><Point><position>11471</position><in_Quantity.quantity>0.000000</in_Quantity.quantity><out_Quantity.quantity>588.301541</out_Quantity.quantity></Point><Point><position>11472</position><in_Quantity.quantity>0.000000</in_Quantity.quantity><out_Quantity.quantity>648.391328</out_Quantity.quantity></Point><Point><position>11473</position><in_Quantity.quantity>0.000000</in_Quantity.quantity><out_Quantity.quantity>140.341964</out_Quantity.quantity></Point><Point><position>11474</position><in_Quantity.quantity>0.000000</in_Quantity.quantity><out_Quantity.quantity>482.970686</out_Quantity.quantity></Point><Point><position>11475</position><in_Quantity.quantity>0.000000</in_Quantity.quantity><out_Quantity.quantity>242.149611</out_Quantity.quantity></Point><Point><position>11476</position><in_Quantity.quantity>0.000000</in_Quantity.quantity><out_Quantity.quantity>752.255745</out_Quantity.quantity></Point><Point><position>11477</position><in_Quantity.quantity>0.000000</in_Quantity.quantity><out_Quantity.quantity>558.482146</out_Quantity.quantity></Point><Point><position>11478</position><in_Quantity.quantity>0.000000</in_Quantity.quantity><out_Quantity.quantity>322.989925</out_Quantity.quantity></Point><Point><position>11479</position><in_Quantity.quantity>0.000000</in_Quantity.quantity><out_Quantity.quantity>778.002481</out_Quantity.quantity></Point><Point><position>11480</position><in_Quantity.quantity>0.000000</in_Quantity.quantity><out_Quantity.quantity>101.689633</out_Quantity.quantity></Point><Point><position>11481</position><in_Quantity.quantity>0.000000</in_Quantity.quantity><out_Quantity.quantity>225.862832</out_Quantity.quantity></Point><Point><position>11482</position><in_Quantity.quantity>0.000000</in_Quantity.quantity><out_Quantity.quantity>177.254681</out_Quantity.quantity></Point><Point><position>11483</position><in_Quantity.quantity>0.000000</in_Quantity.quantity><out_Quantity.quantity>117.550351</out_Quantity.quantity></Point><Point><position>11484</position><in_Quantity.quantity>0.000000</in_Quantity.quantity><out_Quantity.quantity>365.275461</out_Quantity.quantity></Point><Point><position>11485</position><in_Quantity.quantity>0.000000</in_Quantity.quantity><out_Quantity.quantity>291.586845</out_Quantity.quantity></Point><Point><position>11486</position><in_Quantity.quantity>0.000000</in_Quantity.quantity><out_Quantity.quantity>794.912237</out_Quantity.quantity></Point><Point><position>11487</position><in_Quantity.quantity>0.000000</in_Quantity.quantity><out_Quantity.quantity>530.715839</out_Quantity.quantity></Point><Point><position>11488</position><in_Quantity.quantity>0.000000</in_Quantity.quantity><out_Quantity.quantity>648.400435</out_Quantity.quantity></Point><Point><position>11489</position><in_Quantity.quantity>0.000000</in_Quantity.quantity><out_Quantity.quantity>156.291870</out_Quantity.quantity></Point><Point><position>11490</position><in_Quantity.quantity>0.000000</in_Quantity.quantity><out_Quantity.quantity>868.086642</out_Quantity.quantity></Point><Point><position>11491</position><in_Quantity.quantity>0.000000</in_Quantity.quantity><out_Quantity.quantity>192.611285</out_Quantity.quantity></Point><Point><position>11492</position><in_Quantity.quantity>0.000000</in_Quantity.quantity><out_Quantity.quantity>401.448385</out_Quantity.quantity></Point><Point><position>11493</position><in_Quantity.quantity>0.000000</in_Quantity.quantity><out_Quantity.quantity>107.808232</out_Quantity.quantity></Point><Point><position>11494</position><in_Quantity.quantity>0.000000</in_Quantity.quantity><out_Quantity.quantity>552.495741</out_Quantity.quantity></Point><Point><position>11495</position><in_Quantity.quantity>0.000000</in_Quantity.quantity><out_Quantity.quantity>984.418874</out_Quantity.quantity></Point><Point><position>11496</position><in_Quantity.quantity>0.000000</in_Quantity.quantity><out_Quantity.quantity>1.454960</out_Quantity.quantity></Point><Point><position>11497</position><in_Quantity.quantity>0.000000</in_Quantity.quantity><out_Quantity.quantity>125.674479</out_Quantity.quantity></Point><Point><position>11498</position><in_Quantity.quantity>0.000000</in_Quantity.quantity><out_Quantity.quantity>550.493066</out_Quantity.quantity></Point><Point><position>11499</position><in_Quantity.quantity>0.000000</in_Quantity.quantity><out_Quantity.quantity>716.905349</out_Quantity.quantity></Point><Point><position>11500</position><in_Quantity.quantity>0.000000</in_Quantity.quantity><out_Quantity.quantity>761.299955</out_Quantity.quantity></Point><Point><position>11501</position><in_Quantity.quantity>0.000000</in_Quantity.quantity><out_Quantity.quantity>876.618563</out_Quantity.quantity></Point><Point><position>11502</position><in_Quantity.quantity>0.000000</in_Quantity.quantity><out_Quantity.quantity>291.078801</out_Quantity.quantity></Point><Point><position>11503</position><in_Quantity.quantity>0.000000</in_Quantity.quantity><out_Quantity.quantity>827.615003</out_Quantity.quantity></Point><Point><position>11504</position><in_Quantity.quantity>0.000000</in_Quantity.quantity><out_Quantity.quantity>138.398077</out_Quantity.quantity></Point><Point><position>11505</position><in_Quantity.quantity>0.000000</in_Quantity.quantity><out_Quantity.quantity>181.579652</out_Quantity.quantity></Point><Point><position>11506</position><in_Quantity.quantity>0.000000</in_Quantity.quantity><out_Quantity.quantity>789.628931</out_Quantity.quantity></Point><Point><position>11507</position><in_Quantity.quantity>0.000000</in_Quantity.quantity><out_Quantity.quantity>585.812704</out_Quantity.quantity></Point><Point><position>11508</position><in_Quantity.quantity>0.000000</in_Quantity.quantity><out_Quantity.quantity>580.988328</out_Quantity.quantity></Point><Point><position>11509</position><in_Quantity.quantity>0.000000</in_Quantity.quantity><out_Quantity.quantity>260.215376</out_Quantity.quantity></Point><Point><position>11510</position><in_Quantity.quantity>0.000000</in_Quantity.quantity><out_Quantity.quantity>296.526617</out_Quantity.quantity></Point><Point><position>11511</position><in_Quantity.quantity>0.000000</in_Quantity.quantity><out_Quantity.quantity>72.384536</out_Quantity.quantity></Point><Point><position>11512</position><in_Quantity.quantity>0.000000</in_Quantity.quantity><out_Quantity.quantity>876.547084</out_Quantity.quantity></Point><Point><position>11513</position><in_Quantity.quantity>0.000000</in_Quantity.quantity><out_Quantity.quantity>156.352530</out_Quantity.quantity></Point><Point><position>11514</position><in_Quantity.quantity>0.000000</in_Quantity.quantity><out_Quantity.quantity>605.364167</out_Quantity.quantity></Point><Point><position>11515</position><in_Quantity.quantity>0.000000</in_Quantity.quantity><out_Quantity.quantity>749.760740</out_Quantity.quantity></Point><Point><position>11516</position><in_Quantity.quantity>0.000000</in_Quantity.quantity><out_Quantity.quantity>165.261058</out_Quantity.quantity></Point><Point><position>11517</position><in_Quantity.quantity>0.000000</in_Quantity.quantity><out_Quantity.quantity>773.213626</out_Quantity.quantity></Point><Point><position>11518</position><in_Quantity.quantity>0.000000</in_Quantity.quantity><out_Quantity.quantity>124.321973</out_Quantity.quantity></Point><Point><position>11519</position><in_Quantity.quantity>0.000000</in_Quantity.quantity><out_Quantity.quantity>477.886891</out_Quantity.quantity></Point><Point><position>11520</position><in_Quantity.quantity>0.000000</in_Quantity.quantity><out_Quantity.quantity>749.200788</out_Quantity.quantity></Point><Point><position>11521</position><in_Quantity.quantity>0.000000</in_Quantity.quantity><out_Quantity.quantity>79.939333</out_Quantity.quantity></Point><Point><position>11522</position><in_Quantity.quantity>0.000000</in_Quantity.quantity><out_Quantity.quantity>578.708904</out_Quantity.quantity></Point><Point><position>11523</position><in_Quantity.quantity>0.000000</in_Quantity.quantity><out_Quantity.quantity>39.045243</out_Quantity.quantity></Point><Point><position>11524</position><in_Quantity.quantity>0.000000</in_Quantity.quantity><out_Quantity.quantity>256.728957</out_Quantity.quantity></Point><Point><position>11525</position><in_Quantity.quantity>0.000000</in_Quantity.quantity><out_Quantity.quantity>265.475995</out_Quantity.quantity></Point><Point><position>11526</position><in_Quantity.quantity>0.000000</in_Quantity.quantity><out_Quantity.quantity>123.910567</out_Quantity.quantity></Point><Point><position>11527</position><in_Quantity.quantity>0.000000</in_Quantity.quantity><out_Quantity.quantity>346.773904</out_Quantity.quantity></Point><Point><position>11528</position><in_Quantity.quantity>0.000000</in_Quantity.quantity><out_Quantity.quantity>464.288085</out_Quantity.quantity></Point><Point><position>11529</position><in_Quantity.quantity>0.000000</in_Quantity.quantity><out_Quantity.quantity>112.557706</out_Quantity.quantity></Point><Point><position>11530</position><in_Quantity.quantity>0.000000</in_Quantity.quantity><out_Quantity.quantity>331.277690</out_Quantity.quantity></Point><Point><position>11531</position><in_Quantity.quantity>0.000000</in_Quantity.quantity><out_Quantity.quantity>887.269789</out_Quantity.quantity></Point><Point><position>11532</position><in_Quantity.quantity>0.000000</in_Quantity.quantity><out_Quantity.quantity>5.192199</out_Quantity.quantity></Point><Point><position>11533</position><in_Quantity.quantity>0.000000</in_Quantity.quantity><out_Quantity.quantity>774.726130</out_Quantity.quantity></Point><Point><position>11534</position><in_Quantity.quantity>0.000000</in_Quantity.quantity><out_Quantity.quantity>931.946234</out_Quantity.quantity></Point><Point><position>11535</position><in_Quantity.quantity>0.000000</in_Quantity.quantity><out_Quantity.quantity>55.074880</out_Quantity.quantity></Point><Point><position>11536</position><in_Quantity.quantity>0.000000</in_Quantity.quantity><out_Quantity.quantity>184.301933</out_Quantity.quantity></Point><Point><position>11537</position><in_Quantity.quantity>0.000000</in_Quantity.quantity><out_Quantity.quantity>432.988473</out_Quantity.quantity></Point><Point><position>11538</position><in_Quantity.quantity>0.000000</in_Quantity.quantity><out_Quantity.quantity>59.394275</out_Quantity.quantity></Point><Point><position>11539</position><in_Quantity.quantity>0.000000</in_Quantity.quantity><out_Quantity.quantity>857.947552</out_Quantity.quantity></Point><Point><position>11540</position><in_Quantity.quantity>0.000000</in_Quantity.quantity><out_Quantity.quantity>223.469164</out_Quantity.quantity></Point><Point><position>11541</position><in_Quantity.quantity>0.000000</in_Quantity.quantity><out_Quantity.quantity>482.089177</out_Quantity.quantity></Point><Point><position>11542</position><in_Quantity.quantity>0.000000</in_Quantity.quantity><out_Quantity.quantity>325.709735</out_Quantity.quantity></Point><Point><position>11543</position><in_Quantity.quantity>0.000000</in_Quantity.quantity><out_Quantity.quantity>747.590830</out_Quantity.quantity></Point><Point><position>11544</position><in_Quantity.quantity>0.000000</in_Quantity.quantity><out_Quantity.quantity>557.560122</out_Quantity.quantity></Point><Point><position>11545</position><in_Quantity.quantity>0.000000</in_Quantity.quantity><out_Quantity.quantity>189.275809</out_Quantity.quantity></Point><Point><position>11546</position><in_Quantity.quantity>0.000000</in_Quantity.quantity><out_Quantity.quantity>959.881835</out_Quantity.quantity></Point><Point><position>11547</position><in_Quantity.quantity>0.000000</in_Quantity.quantity><out_Quantity.quantity>586.944689</out_Quantity.quantity></Point><Point><position>11548</position><in_Quantity.quantity>0.000000</in_Quantity.quantity><out_Quantity.quantity>552.589822</out_Quantity.quantity></Point><Point><position>11549</position><in_Quantity.quantity>0.000000</in_Quantity.quantity><out_Quantity.quantity>453.837021</out_Quantity.quantity></Point><Point><position>11550</position><in_Quantity.quantity>0.000000</in_Quantity.quantity><out_Quantity.quantity>862.921640</out_Quantity.quantity></Point><Point><position>11551</position><in_Quantity.quantity>0.000000</in_Quantity.quantity><out_Quantity.quantity>974.833537</out_Quantity.quantity></Point><Point><position>11552</position><in_Quantity.quantity>0.000000</in_Quantity.quantity><out_Quantity.quantity>134.139116</out_Quantity.quantity></Point><Point><position>11553</position><in_Quantity.quantity>0.000000</in_Quantity.quantity><out_Quantity.quantity>711.831714</out_Quantity.quantity></Point><Point><position>11554</position><in_Quantity.quantity>0.000000</in_Quantity.quantity><out_Quantity.quantity>135.930814</out_Quantity.quantity></Point><Point><position>11555</position><in_Quantity.quantity>0.000000</in_Quantity.quantity><out_Quantity.quantity>175.247684</out_Quantity.quantity></Point><Point><position>11556</position><in_Quantity.quantity>0.000000</in_Quantity.quantity><out_Quantity.quantity>799.046968</out_Quantity.quantity></Point><Point><position>11557</position><in_Quantity.quantity>0.000000</in_Quantity.quantity><out_Quantity.quantity>919.672093</out_Quantity.quantity></Point><Point><position>11558</position><in_Quantity.quantity>0.000000</in_Quantity.quantity><out_Quantity.quantity>337.324625</out_Quantity.quantity></Point><Point><position>11559</position><in_Quantity.quantity>0.000000</in_Quantity.quantity><out_Quantity.quantity>294.119503</out_Quantity.quantity></Point><Point><position>11560</position><in_Quantity.quantity>0.000000</in_Quantity.quantity><out_Quantity.quantity>329.934927</out_Quantity.quantity></Point><Point><position>11561</position><in_Quantity.quantity>0.000000</in_Quantity.quantity><out_Quantity.quantity>842.906357</out_Quantity.quantity></Point><Point><position>11562</position><in_Quantity.quantity>0.000000</in_Quantity.quantity><out_Quantity.quantity>888.972514</out_Quantity.quantity></Point><Point><position>11563</position><in_Quantity.quantity>0.000000</in_Quantity.quantity><out_Quantity.quantity>210.233846</out_Quantity.quantity></Point><Point><position>11564</position><in_Quantity.quantity>0.000000</in_Quantity.quantity><out_Quantity.quantity>805.764143</out_Quantity.quantity></Point><Point><position>11565</position><in_Quantity.quantity>0.000000</in_Quantity.quantity><out_Quantity.quantity>458.112998</out_Quantity.quantity></Point><Point><position>11566</position><in_Quantity.quantity>0.000000</in_Quantity.quantity><out_Quantity.quantity>358.469303</out_Quantity.quantity></Point><Point><position>11567</position><in_Quantity.quantity>0.000000</in_Quantity.quantity><out_Quantity.quantity>336.745576</out_Quantity.quantity></Point><Point><position>11568</position><in_Quantity.quantity>0.000000</in_Quantity.quantity><out_Quantity.quantity>755.259987</out_Quantity.quantity></Point><Point><position>11569</position><in_Quantity.quantity>0.000000</in_Quantity.quantity><out_Quantity.quantity>52.370285</out_Quantity.quantity></Point><Point><position>11570</position><in_Quantity.quantity>0.000000</in_Quantity.quantity><out_Quantity.quantity>644.648981</out_Quantity.quantity></Point><Point><position>11571</position><in_Quantity.quantity>0.000000</in_Quantity.quantity><out_Quantity.quantity>134.867432</out_Quantity.quantity></Point><Point><position>11572</position><in_Quantity.quantity>0.000000</in_Quantity.quantity><out_Quantity.quantity>17.859672</out_Quantity.quantity></Point><Point><position>11573</position><in_Quantity.quantity>0.000000</in_Quantity.quantity><out_Quantity.quantity>502.852465</out_Quantity.quantity></Point><Point><position>11574</position><in_Quantity.quantity>0.000000</in_Quantity.quantity><out_Quantity.quantity>835.758444</out_Quantity.quantity></Point><Point><position>11575</position><in_Quantity.quantity>0.000000</in_Quantity.quantity><out_Quantity.quantity>677.179421</out_Quantity.quantity></Point><Point><position>11576</position><in_Quantity.quantity>0.000000</in_Quantity.quantity><out_Quantity.quantity>744.915900</out_Quantity.quantity></Point><Point><position>11577</position><in_Quantity.quantity>0.000000</in_Quantity.quantity><out_Quantity.quantity>533.797885</out_Quantity.quantity></Point><Point><position>11578</position><in_Quantity.quantity>0.000000</in_Quantity.quantity><out_Quantity.quantity>957.200737</out_Quantity.quantity></Point><Point><position>11579</position><in_Quantity.quantity>0.000000</in_Quantity.quantity><out_Quantity.quantity>107.372694</out_Quantity.quantity></Point><Point><position>11580</position><in_Quantity.quantity>0.000000</in_Quantity.quantity><out_Quantity.quantity>269.322069</out_Quantity.quantity></Point><Point><position>11581</position><in_Quantity.quantity>0.000000</in_Quantity.quantity><out_Quantity.quantity>417.244648</out_Quantity.quantity></Point><Point><position>11582</position><in_Quantity.quantity>0.000000</in_Quantity.quantity><out_Quantity.quantity>990.722891</out_Quantity.quantity></Point><Point><position>11583</position><in_Quantity.quantity>0.000000</in_Quantity.quantity><out_Quantity.quantity>845.338776</out_Quantity.quantity></Point><Point><position>11584</position><in_Quantity.quantity>0.000000</in_Quantity.quantity><out_Quantity.quantity>85.270002</out_Quantity.quantity></Point><Point><position>11585</position><in_Quantity.quantity>0.000000</in_Quantity.quantity><out_Quantity.quantity>225.875713</out_Quantity.quantity></Point><Point><position>11586</position><in_Quantity.quantity>0.000000</in_Quantity.quantity><out_Quantity.quantity>568.197831</out_Quantity.quantity></Point><Point><position>11587</position><in_Quantity.quantity>0.000000</in_Quantity.quantity><out_Quantity.quantity>182.010998</out_Quantity.quantity></Point><Point><position>11588</position><in_Quantity.quantity>0.000000</in_Quantity.quantity><out_Quantity.quantity>853.565312</out_Quantity.quantity></Point><Point><position>11589</position><in_Quantity.quantity>0.000000</in_Quantity.quantity><out_Quantity.quantity>545.565975</out_Quantity.quantity></Point><Point><position>11590</position><in_Quantity.quantity>0.000000</in_Quantity.quantity><out_Quantity.quantity>27.936257</out_Quantity.quantity></Point><Point><position>11591</position><in_Quantity.quantity>0.000000</in_Quantity.quantity><out_Quantity.quantity>398.420866</out_Quantity.quantity></Point><Point><position>11592</position><in_Quantity.quantity>0.000000</in_Quantity.quantity><out_Quantity.quantity>37.711450</out_Quantity.quantity></Point><Point><position>11593</position><in_Quantity.quantity>0.000000</in_Quantity.quantity><out_Quantity.quantity>436.509826</out_Quantity.quantity></Point><Point><position>11594</position><in_Quantity.quantity>0.000000</in_Quantity.quantity><out_Quantity.quantity>228.707854</out_Quantity.quantity></Point><Point><position>11595</position><in_Quantity.quantity>0.000000</in_Quantity.quantity><out_Quantity.quantity>691.460723</out_Quantity.quantity></Point><Point><position>11596</position><in_Quantity.quantity>0.000000</in_Quantity.quantity><out_Quantity.quantity>345.763233</out_Quantity.quantity></Point><Point><position>11597</position><in_Quantity.quantity>0.000000</in_Quantity.quantity><out_Quantity.quantity>633.857690</out_Quantity.quantity></Point><Point><position>11598</position><in_Quantity.quantity>0.000000</in_Quantity.quantity><out_Quantity.quantity>782.881177</out_Quantity.quantity></Point><Point><position>11599</position><in_Quantity.quantity>0.000000</in_Quantity.quantity><out_Quantity.quantity>808.545863</out_Quantity.quantity></Point><Point><position>11600</position><in_Quantity.quantity>0.000000</in_Quantity.quantity><out_Quantity.quantity>487.772928</out_Quantity.quantity></Point><Point><position>11601</position><in_Quantity.quantity>0.000000</in_Quantity.quantity><out_Quantity.quantity>354.400317</out_Quantity.quantity></Point><Point><position>11602</position><in_Quantity.quantity>0.000000</in_Quantity.quantity><out_Quantity.quantity>50.153832</out_Quantity.quantity></Point><Point><position>11603</position><in_Quantity.quantity>0.000000</in_Quantity.quantity><out_Quantity.quantity>495.986988</out_Quantity.quantity></Point><Point><position>11604</position><in_Quantity.quantity>0.000000</in_Quantity.quantity><out_Quantity.quantity>482.585334</out_Quantity.quantity></Point><Point><position>11605</position><in_Quantity.quantity>0.000000</in_Quantity.quantity><out_Quantity.quantity>516.595755</out_Quantity.quantity></Point><Point><position>11606</position><in_Quantity.quantity>0.000000</in_Quantity.quantity><out_Quantity.quantity>780.771570</out_Quantity.quantity></Point><Point><position>11607</position><in_Quantity.quantity>0.000000</in_Quantity.quantity><out_Quantity.quantity>164.105505</out_Quantity.quantity></Point><Point><position>11608</position><in_Quantity.quantity>0.000000</in_Quantity.quantity><out_Quantity.quantity>92.476807</out_Quantity.quantity></Point><Point><position>11609</position><in_Quantity.quantity>0.000000</in_Quantity.quantity><out_Quantity.quantity>947.592886</out_Quantity.quantity></Point><Point><position>11610</position><in_Quantity.quantity>0.000000</in_Quantity.quantity><out_Quantity.quantity>610.332548</out_Quantity.quantity></Point><Point><position>11611</position><in_Quantity.quantity>0.000000</in_Quantity.quantity><out_Quantity.quantity>654.362022</out_Quantity.quantity></Point><Point><position>11612</position><in_Quantity.quantity>0.000000</in_Quantity.quantity><out_Quantity.quantity>959.428064</out_Quantity.quantity></Point><Point><position>11613</position><in_Quantity.quantity>0.000000</in_Quantity.quantity><out_Quantity.quantity>990.711591</out_Quantity.quantity></Point><Point><position>11614</position><in_Quantity.quantity>0.000000</in_Quantity.quantity><out_Quantity.quantity>737.956348</out_Quantity.quantity></Point><Point><position>11615</position><in_Quantity.quantity>0.000000</in_Quantity.quantity><out_Quantity.quantity>319.336161</out_Quantity.quantity></Point><Point><position>11616</position><in_Quantity.quantity>0.000000</in_Quantity.quantity><out_Quantity.quantity>948.333586</out_Quantity.quantity></Point><Point><position>11617</position><in_Quantity.quantity>0.000000</in_Quantity.quantity><out_Quantity.quantity>328.349992</out_Quantity.quantity></Point><Point><position>11618</position><in_Quantity.quantity>0.000000</in_Quantity.quantity><out_Quantity.quantity>992.430760</out_Quantity.quantity></Point><Point><position>11619</position><in_Quantity.quantity>0.000000</in_Quantity.quantity><out_Quantity.quantity>141.160222</out_Quantity.quantity></Point><Point><position>11620</position><in_Quantity.quantity>0.000000</in_Quantity.quantity><out_Quantity.quantity>595.347525</out_Quantity.quantity></Point><Point><position>11621</position><in_Quantity.quantity>0.000000</in_Quantity.quantity><out_Quantity.quantity>227.931944</out_Quantity.quantity></Point><Point><position>11622</position><in_Quantity.quantity>0.000000</in_Quantity.quantity><out_Quantity.quantity>790.905578</out_Quantity.quantity></Point><Point><position>11623</position><in_Quantity.quantity>0.000000</in_Quantity.quantity><out_Quantity.quantity>187.785048</out_Quantity.quantity></Point><Point><position>11624</position><in_Quantity.quantity>0.000000</in_Quantity.quantity><out_Quantity.quantity>588.286924</out_Quantity.quantity></Point><Point><position>11625</position><in_Quantity.quantity>0.000000</in_Quantity.quantity><out_Quantity.quantity>43.513057</out_Quantity.quantity></Point><Point><position>11626</position><in_Quantity.quantity>0.000000</in_Quantity.quantity><out_Quantity.quantity>625.795885</out_Quantity.quantity></Point><Point><position>11627</position><in_Quantity.quantity>0.000000</in_Quantity.quantity><out_Quantity.quantity>561.459316</out_Quantity.quantity></Point><Point><position>11628</position><in_Quantity.quantity>0.000000</in_Quantity.quantity><out_Quantity.quantity>758.956334</out_Quantity.quantity></Point><Point><position>11629</position><in_Quantity.quantity>0.000000</in_Quantity.quantity><out_Quantity.quantity>446.378716</out_Quantity.quantity></Point><Point><position>11630</position><in_Quantity.quantity>0.000000</in_Quantity.quantity><out_Quantity.quantity>350.037673</out_Quantity.quantity></Point><Point><position>11631</position><in_Quantity.quantity>0.000000</in_Quantity.quantity><out_Quantity.quantity>771.797176</out_Quantity.quantity></Point><Point><position>11632</position><in_Quantity.quantity>0.000000</in_Quantity.quantity><out_Quantity.quantity>147.121282</out_Quantity.quantity></Point><Point><position>11633</position><in_Quantity.quantity>0.000000</in_Quantity.quantity><out_Quantity.quantity>481.662529</out_Quantity.quantity></Point><Point><position>11634</position><in_Quantity.quantity>0.000000</in_Quantity.quantity><out_Quantity.quantity>976.455191</out_Quantity.quantity></Point><Point><position>11635</position><in_Quantity.quantity>0.000000</in_Quantity.quantity><out_Quantity.quantity>444.523678</out_Quantity.quantity></Point><Point><position>11636</position><in_Quantity.quantity>0.000000</in_Quantity.quantity><out_Quantity.quantity>709.832974</out_Quantity.quantity></Point><Point><position>11637</position><in_Quantity.quantity>0.000000</in_Quantity.quantity><out_Quantity.quantity>851.870318</out_Quantity.quantity></Point><Point><position>11638</position><in_Quantity.quantity>0.000000</in_Quantity.quantity><out_Quantity.quantity>437.732514</out_Quantity.quantity></Point><Point><position>11639</position><in_Quantity.quantity>0.000000</in_Quantity.quantity><out_Quantity.quantity>572.122541</out_Quantity.quantity></Point><Point><position>11640</position><in_Quantity.quantity>0.000000</in_Quantity.quantity><out_Quantity.quantity>734.809075</out_Quantity.quantity></Point><Point><position>11641</position><in_Quantity.quantity>0.000000</in_Quantity.quantity><out_Quantity.quantity>69.146773</out_Quantity.quantity></Point><Point><position>11642</position><in_Quantity.quantity>0.000000</in_Quantity.quantity><out_Quantity.quantity>188.242790</out_Quantity.quantity></Point><Point><position>11643</position><in_Quantity.quantity>0.000000</in_Quantity.quantity><out_Quantity.quantity>346.961228</out_Quantity.quantity></Point><Point><position>11644</position><in_Quantity.quantity>0.000000</in_Quantity.quantity><out_Quantity.quantity>900.084082</out_Quantity.quantity></Point><Point><position>11645</position><in_Quantity.quantity>0.000000</in_Quantity.quantity><out_Quantity.quantity>210.053618</out_Quantity.quantity></Point><Point><position>11646</position><in_Quantity.quantity>0.000000</in_Quantity.quantity><out_Quantity.quantity>366.064400</out_Quantity.quantity></Point><Point><position>11647</position><in_Quantity.quantity>0.000000</in_Quantity.quantity><out_Quantity.quantity>595.117837</out_Quantity.quantity></Point><Point><position>11648</position><in_Quantity.quantity>0.000000</in_Quantity.quantity><out_Quantity.quantity>564.213934</out_Quantity.quantity></Point><Point><position>11649</position><in_Quantity.quantity>0.000000</in_Quantity.quantity><out_Quantity.quantity>833.452553</out_Quantity.quantity></Point><Point><position>11650</position><in_Quantity.quantity>0.000000</in_Quantity.quantity><out_Quantity.quantity>713.301038</out_Quantity.quantity></Point><Point><position>11651</position><in_Quantity.quantity>0.000000</in_Quantity.quantity><out_Quantity.quantity>119.364423</out_Quantity.quantity></Point><Point><position>11652</position><in_Quantity.quantity>0.000000</in_Quantity.quantity><out_Quantity.quantity>695.464898</out_Quantity.quantity></Point><Point><position>11653</position><in_Quantity.quantity>0.000000</in_Quantity.quantity><out_Quantity.quantity>926.924028</out_Quantity.quantity></Point><Point><position>11654</position><in_Quantity.quantity>0.000000</in_Quantity.quantity><out_Quantity.quantity>135.882056</out_Quantity.quantity></Point><Point><position>11655</position><in_Quantity.quantity>0.000000</in_Quantity.quantity><out_Quantity.quantity>753.573000</out_Quantity.quantity></Point><Point><position>11656</position><in_Quantity.quantity>0.000000</in_Quantity.quantity><out_Quantity.quantity>897.807674</out_Quantity.quantity></Point><Point><position>11657</position><in_Quantity.quantity>0.000000</in_Quantity.quantity><out_Quantity.quantity>841.335654</out_Quantity.quantity></Point><Point><position>11658</position><in_Quantity.quantity>0.000000</in_Quantity.quantity><out_Quantity.quantity>417.808881</out_Quantity.quantity></Point><Point><position>11659</position><in_Quantity.quantity>0.000000</in_Quantity.quantity><out_Quantity.quantity>266.859294</out_Quantity.quantity></Point><Point><position>11660</position><in_Quantity.quantity>0.000000</in_Quantity.quantity><out_Quantity.quantity>309.522799</out_Quantity.quantity></Point><Point><position>11661</position><in_Quantity.quantity>0.000000</in_Quantity.quantity><out_Quantity.quantity>662.477188</out_Quantity.quantity></Point><Point><position>11662</position><in_Quantity.quantity>0.000000</in_Quantity.quantity><out_Quantity.quantity>525.947680</out_Quantity.quantity></Point><Point><position>11663</position><in_Quantity.quantity>0.000000</in_Quantity.quantity><out_Quantity.quantity>320.995028</out_Quantity.quantity></Point><Point><position>11664</position><in_Quantity.quantity>0.000000</in_Quantity.quantity><out_Quantity.quantity>826.021485</out_Quantity.quantity></Point><Point><position>11665</position><in_Quantity.quantity>0.000000</in_Quantity.quantity><out_Quantity.quantity>222.255536</out_Quantity.quantity></Point><Point><position>11666</position><in_Quantity.quantity>0.000000</in_Quantity.quantity><out_Quantity.quantity>215.083798</out_Quantity.quantity></Point><Point><position>11667</position><in_Quantity.quantity>0.000000</in_Quantity.quantity><out_Quantity.quantity>408.228373</out_Quantity.quantity></Point><Point><position>11668</position><in_Quantity.quantity>0.000000</in_Quantity.quantity><out_Quantity.quantity>489.683736</out_Quantity.quantity></Point><Point><position>11669</position><in_Quantity.quantity>0.000000</in_Quantity.quantity><out_Quantity.quantity>776.800612</out_Quantity.quantity></Point><Point><position>11670</position><in_Quantity.quantity>0.000000</in_Quantity.quantity><out_Quantity.quantity>605.967721</out_Quantity.quantity></Point><Point><position>11671</position><in_Quantity.quantity>0.000000</in_Quantity.quantity><out_Quantity.quantity>325.142200</out_Quantity.quantity></Point><Point><position>11672</position><in_Quantity.quantity>0.000000</in_Quantity.quantity><out_Quantity.quantity>178.349029</out_Quantity.quantity></Point><Point><position>11673</position><in_Quantity.quantity>0.000000</in_Quantity.quantity><out_Quantity.quantity>775.404694</out_Quantity.quantity></Point><Point><position>11674</position><in_Quantity.quantity>0.000000</in_Quantity.quantity><out_Quantity.quantity>66.453277</out_Quantity.quantity></Point><Point><position>11675</position><in_Quantity.quantity>0.000000</in_Quantity.quantity><out_Quantity.quantity>952.546811</out_Quantity.quantity></Point><Point><position>11676</position><in_Quantity.quantity>0.000000</in_Quantity.quantity><out_Quantity.quantity>458.944286</out_Quantity.quantity></Point><Point><position>11677</position><in_Quantity.quantity>0.000000</in_Quantity.quantity><out_Quantity.quantity>308.153006</out_Quantity.quantity></Point><Point><position>11678</position><in_Quantity.quantity>0.000000</in_Quantity.quantity><out_Quantity.quantity>157.536964</out_Quantity.quantity></Point><Point><position>11679</position><in_Quantity.quantity>0.000000</in_Quantity.quantity><out_Quantity.quantity>267.219426</out_Quantity.quantity></Point><Point><position>11680</position><in_Quantity.quantity>0.000000</in_Quantity.quantity><out_Quantity.quantity>605.877713</out_Quantity.quantity></Point><Point><position>11681</position><in_Quantity.quantity>0.000000</in_Quantity.quantity><out_Quantity.quantity>534.336946</out_Quantity.quantity></Point><Point><position>11682</position><in_Quantity.quantity>0.000000</in_Quantity.quantity><out_Quantity.quantity>746.257692</out_Quantity.quantity></Point><Point><position>11683</position><in_Quantity.quantity>0.000000</in_Quantity.quantity><out_Quantity.quantity>951.841474</out_Quantity.quantity></Point><Point><position>11684</position><in_Quantity.quantity>0.000000</in_Quantity.quantity><out_Quantity.quantity>482.846114</out_Quantity.quantity></Point><Point><position>11685</position><in_Quantity.quantity>0.000000</in_Quantity.quantity><out_Quantity.quantity>803.522494</out_Quantity.quantity></Point><Point><position>11686</position><in_Quantity.quantity>0.000000</in_Quantity.quantity><out_Quantity.quantity>419.110306</out_Quantity.quantity></Point><Point><position>11687</position><in_Quantity.quantity>0.000000</in_Quantity.quantity><out_Quantity.quantity>491.622864</out_Quantity.quantity></Point><Point><position>11688</position><in_Quantity.quantity>0.000000</in_Quantity.quantity><out_Quantity.quantity>500.228704</out_Quantity.quantity></Point><Point><position>11689</position><in_Quantity.quantity>0.000000</in_Quantity.quantity><out_Quantity.quantity>973.326309</out_Quantity.quantity></Point><Point><position>11690</position><in_Quantity.quantity>0.000000</in_Quantity.quantity><out_Quantity.quantity>71.041184</out_Quantity.quantity></Point><Point><position>11691</position><in_Quantity.quantity>0.000000</in_Quantity.quantity><out_Quantity.quantity>984.902075</out_Quantity.quantity></Point><Point><position>11692</position><in_Quantity.quantity>0.000000</in_Quantity.quantity><out_Quantity.quantity>721.212621</out_Quantity.quantity></Point><Point><position>11693</position><in_Quantity.quantity>0.000000</in_Quantity.quantity><out_Quantity.quantity>164.117021</out_Quantity.quantity></Point><Point><position>11694</position><in_Quantity.quantity>0.000000</in_Quantity.quantity><out_Quantity.quantity>337.387170</out_Quantity.quantity></Point><Point><position>11695</position><in_Quantity.quantity>0.000000</in_Quantity.quantity><out_Quantity.quantity>633.365735</out_Quantity.quantity></Point><Point><position>11696</position><in_Quantity.quantity>0.000000</in_Quantity.quantity><out_Quantity.quantity>353.654145</out_Quantity.quantity></Point><Point><position>11697</position><in_Quantity.quantity>0.000000</in_Quantity.quantity><out_Quantity.quantity>661.741450</out_Quantity.quantity></Point><Point><position>11698</position><in_Quantity.quantity>0.000000</in_Quantity.quantity><out_Quantity.quantity>38.775554</out_Quantity.quantity></Point><Point><position>11699</position><in_Quantity.quantity>0.000000</in_Quantity.quantity><out_Quantity.quantity>110.400882</out_Quantity.quantity></Point><Point><position>11700</position><in_Quantity.quantity>0.000000</in_Quantity.quantity><out_Quantity.quantity>282.480704</out_Quantity.quantity></Point><Point><position>11701</position><in_Quantity.quantity>0.000000</in_Quantity.quantity><out_Quantity.quantity>172.625319</out_Quantity.quantity></Point><Point><position>11702</position><in_Quantity.quantity>0.000000</in_Quantity.quantity><out_Quantity.quantity>9.968066</out_Quantity.quantity></Point><Point><position>11703</position><in_Quantity.quantity>0.000000</in_Quantity.quantity><out_Quantity.quantity>154.169939</out_Quantity.quantity></Point><Point><position>11704</position><in_Quantity.quantity>0.000000</in_Quantity.quantity><out_Quantity.quantity>533.307734</out_Quantity.quantity></Point><Point><position>11705</position><in_Quantity.quantity>0.000000</in_Quantity.quantity><out_Quantity.quantity>160.205306</out_Quantity.quantity></Point><Point><position>11706</position><in_Quantity.quantity>0.000000</in_Quantity.quantity><out_Quantity.quantity>108.310382</out_Quantity.quantity></Point><Point><position>11707</position><in_Quantity.quantity>0.000000</in_Quantity.quantity><out_Quantity.quantity>289.361867</out_Quantity.quantity></Point><Point><position>11708</position><in_Quantity.quantity>0.000000</in_Quantity.quantity><out_Quantity.quantity>832.996793</out_Quantity.quantity></Point><Point><position>11709</position><in_Quantity.quantity>0.000000</in_Quantity.quantity><out_Quantity.quantity>338.219722</out_Quantity.quantity></Point><Point><position>11710</position><in_Quantity.quantity>0.000000</in_Quantity.quantity><out_Quantity.quantity>283.037004</out_Quantity.quantity></Point><Point><position>11711</position><in_Quantity.quantity>0.000000</in_Quantity.quantity><out_Quantity.quantity>165.738591</out_Quantity.quantity></Point><Point><position>11712</position><in_Quantity.quantity>0.000000</in_Quantity.quantity><out_Quantity.quantity>941.847621</out_Quantity.quantity></Point><Point><position>11713</position><in_Quantity.quantity>0.000000</in_Quantity.quantity><out_Quantity.quantity>761.625298</out_Quantity.quantity></Point><Point><position>11714</position><in_Quantity.quantity>0.000000</in_Quantity.quantity><out_Quantity.quantity>395.526068</out_Quantity.quantity></Point><Point><position>11715</position><in_Quantity.quantity>0.000000</in_Quantity.quantity><out_Quantity.quantity>604.211569</out_Quantity.quantity></Point><Point><position>11716</position><in_Quantity.quantity>0.000000</in_Quantity.quantity><out_Quantity.quantity>38.697533</out_Quantity.quantity></Point><Point><position>11717</position><in_Quantity.quantity>0.000000</in_Quantity.quantity><out_Quantity.quantity>36.009294</out_Quantity.quantity></Point><Point><position>11718</position><in_Quantity.quantity>0.000000</in_Quantity.quantity><out_Quantity.quantity>98.616827</out_Quantity.quantity></Point><Point><position>11719</position><in_Quantity.quantity>0.000000</in_Quantity.quantity><out_Quantity.quantity>182.724530</out_Quantity.quantity></Point><Point><position>11720</position><in_Quantity.quantity>0.000000</in_Quantity.quantity><out_Quantity.quantity>972.440624</out_Quantity.quantity></Point><Point><position>11721</position><in_Quantity.quantity>0.000000</in_Quantity.quantity><out_Quantity.quantity>705.383954</out_Quantity.quantity></Point><Point><position>11722</position><in_Quantity.quantity>0.000000</in_Quantity.quantity><out_Quantity.quantity>36.494360</out_Quantity.quantity></Point><Point><position>11723</position><in_Quantity.quantity>0.000000</in_Quantity.quantity><out_Quantity.quantity>592.225989</out_Quantity.quantity></Point><Point><position>11724</position><in_Quantity.quantity>0.000000</in_Quantity.quantity><out_Quantity.quantity>594.950981</out_Quantity.quantity></Point><Point><position>11725</position><in_Quantity.quantity>0.000000</in_Quantity.quantity><out_Quantity.quantity>401.576859</out_Quantity.quantity></Point><Point><position>11726</position><in_Quantity.quantity>0.000000</in_Quantity.quantity><out_Quantity.quantity>293.243731</out_Quantity.quantity></Point><Point><position>11727</position><in_Quantity.quantity>0.000000</in_Quantity.quantity><out_Quantity.quantity>410.251112</out_Quantity.quantity></Point><Point><position>11728</position><in_Quantity.quantity>0.000000</in_Quantity.quantity><out_Quantity.quantity>111.464561</out_Quantity.quantity></Point><Point><position>11729</position><in_Quantity.quantity>0.000000</in_Quantity.quantity><out_Quantity.quantity>856.701024</out_Quantity.quantity></Point><Point><position>11730</position><in_Quantity.quantity>0.000000</in_Quantity.quantity><out_Quantity.quantity>11.117831</out_Quantity.quantity></Point><Point><position>11731</position><in_Quantity.quantity>0.000000</in_Quantity.quantity><out_Quantity.quantity>996.515405</out_Quantity.quantity></Point><Point><position>11732</position><in_Quantity.quantity>0.000000</in_Quantity.quantity><out_Quantity.quantity>1.759627</out_Quantity.quantity></Point><Point><position>11733</position><in_Quantity.quantity>0.000000</in_Quantity.quantity><out_Quantity.quantity>392.673427</out_Quantity.quantity></Point><Point><position>11734</position><in_Quantity.quantity>0.000000</in_Quantity.quantity><out_Quantity.quantity>433.051076</out_Quantity.quantity></Point><Point><position>11735</position><in_Quantity.quantity>0.000000</in_Quantity.quantity><out_Quantity.quantity>583.914329</out_Quantity.quantity></Point><Point><position>11736</position><in_Quantity.quantity>0.000000</in_Quantity.quantity><out_Quantity.quantity>192.256350</out_Quantity.quantity></Point><Point><position>11737</position><in_Quantity.quantity>0.000000</in_Quantity.quantity><out_Quantity.quantity>195.636579</out_Quantity.quantity></Point><Point><position>11738</position><in_Quantity.quantity>0.000000</in_Quantity.quantity><out_Quantity.quantity>996.946039</out_Quantity.quantity></Point><Point><position>11739</position><in_Quantity.quantity>0.000000</in_Quantity.quantity><out_Quantity.quantity>610.518131</out_Quantity.quantity></Point><Point><position>11740</position><in_Quantity.quantity>0.000000</in_Quantity.quantity><out_Quantity.quantity>557.461654</out_Quantity.quantity></Point><Point><position>11741</position><in_Quantity.quantity>0.000000</in_Quantity.quantity><out_Quantity.quantity>664.790621</out_Quantity.quantity></Point><Point><position>11742</position><in_Quantity.quantity>0.000000</in_Quantity.quantity><out_Quantity.quantity>50.875833</out_Quantity.quantity></Point><Point><position>11743</position><in_Quantity.quantity>0.000000</in_Quantity.quantity><out_Quantity.quantity>640.951259</out_Quantity.quantity></Point><Point><position>11744</position><in_Quantity.quantity>0.000000</in_Quantity.quantity><out_Quantity.quantity>775.935103</out_Quantity.quantity></Point><Point><position>11745</position><in_Quantity.quantity>0.000000</in_Quantity.quantity><out_Quantity.quantity>748.106044</out_Quantity.quantity></Point><Point><position>11746</position><in_Quantity.quantity>0.000000</in_Quantity.quantity><out_Quantity.quantity>291.570199</out_Quantity.quantity></Point><Point><position>11747</position><in_Quantity.quantity>0.000000</in_Quantity.quantity><out_Quantity.quantity>186.791681</out_Quantity.quantity></Point><Point><position>11748</position><in_Quantity.quantity>0.000000</in_Quantity.quantity><out_Quantity.quantity>768.385084</out_Quantity.quantity></Point><Point><position>11749</position><in_Quantity.quantity>0.000000</in_Quantity.quantity><out_Quantity.quantity>772.026117</out_Quantity.quantity></Point><Point><position>11750</position><in_Quantity.quantity>0.000000</in_Quantity.quantity><out_Quantity.quantity>419.275850</out_Quantity.quantity></Point><Point><position>11751</position><in_Quantity.quantity>0.000000</in_Quantity.quantity><out_Quantity.quantity>758.076441</out_Quantity.quantity></Point><Point><position>11752</position><in_Quantity.quantity>0.000000</in_Quantity.quantity><out_Quantity.quantity>430.097673</out_Quantity.quantity></Point><Point><position>11753</position><in_Quantity.quantity>0.000000</in_Quantity.quantity><out_Quantity.quantity>40.025334</out_Quantity.quantity></Point><Point><position>11754</position><in_Quantity.quantity>0.000000</in_Quantity.quantity><out_Quantity.quantity>265.220589</out_Quantity.quantity></Point><Point><position>11755</position><in_Quantity.quantity>0.000000</in_Quantity.quantity><out_Quantity.quantity>987.961080</out_Quantity.quantity></Point><Point><position>11756</position><in_Quantity.quantity>0.000000</in_Quantity.quantity><out_Quantity.quantity>183.802727</out_Quantity.quantity></Point><Point><position>11757</position><in_Quantity.quantity>0.000000</in_Quantity.quantity><out_Quantity.quantity>492.248560</out_Quantity.quantity></Point><Point><position>11758</position><in_Quantity.quantity>0.000000</in_Quantity.quantity><out_Quantity.quantity>210.029071</out_Quantity.quantity></Point><Point><position>11759</position><in_Quantity.quantity>0.000000</in_Quantity.quantity><out_Quantity.quantity>395.478716</out_Quantity.quantity></Point><Point><position>11760</position><in_Quantity.quantity>0.000000</in_Quantity.quantity><out_Quantity.quantity>685.105796</out_Quantity.quantity></Point><Point><position>11761</position><in_Quantity.quantity>0.000000</in_Quantity.quantity><out_Quantity.quantity>934.450860</out_Quantity.quantity></Point><Point><position>11762</position><in_Quantity.quantity>0.000000</in_Quantity.quantity><out_Quantity.quantity>497.268257</out_Quantity.quantity></Point><Point><position>11763</position><in_Quantity.quantity>0.000000</in_Quantity.quantity><out_Quantity.quantity>558.132206</out_Quantity.quantity></Point><Point><position>11764</position><in_Quantity.quantity>0.000000</in_Quantity.quantity><out_Quantity.quantity>818.742830</out_Quantity.quantity></Point><Point><position>11765</position><in_Quantity.quantity>0.000000</in_Quantity.quantity><out_Quantity.quantity>434.310243</out_Quantity.quantity></Point><Point><position>11766</position><in_Quantity.quantity>0.000000</in_Quantity.quantity><out_Quantity.quantity>743.378917</out_Quantity.quantity></Point><Point><position>11767</position><in_Quantity.quantity>0.000000</in_Quantity.quantity><out_Quantity.quantity>244.698761</out_Quantity.quantity></Point><Point><position>11768</position><in_Quantity.quantity>0.000000</in_Quantity.quantity><out_Quantity.quantity>561.757993</out_Quantity.quantity></Point><Point><position>11769</position><in_Quantity.quantity>0.000000</in_Quantity.quantity><out_Quantity.quantity>464.450254</out_Quantity.quantity></Point><Point><position>11770</position><in_Quantity.quantity>0.000000</in_Quantity.quantity><out_Quantity.quantity>989.634477</out_Quantity.quantity></Point><Point><position>11771</position><in_Quantity.quantity>0.000000</in_Quantity.quantity><out_Quantity.quantity>730.880232</out_Quantity.quantity></Point><Point><position>11772</position><in_Quantity.quantity>0.000000</in_Quantity.quantity><out_Quantity.quantity>972.333543</out_Quantity.quantity></Point><Point><position>11773</position><in_Quantity.quantity>0.000000</in_Quantity.quantity><out_Quantity.quantity>386.019429</out_Quantity.quantity></Point><Point><position>11774</position><in_Quantity.quantity>0.000000</in_Quantity.quantity><out_Quantity.quantity>108.036726</out_Quantity.quantity></Point><Point><position>11775</position><in_Quantity.quantity>0.000000</in_Quantity.quantity><out_Quantity.quantity>657.464724</out_Quantity.quantity></Point><Point><position>11776</position><in_Quantity.quantity>0.000000</in_Quantity.quantity><out_Quantity.quantity>887.248263</out_Quantity.quantity></Point><Point><position>11777</position><in_Quantity.quantity>0.000000</in_Quantity.quantity><out_Quantity.quantity>819.715353</out_Quantity.quantity></Point><Point><position>11778</position><in_Quantity.quantity>0.000000</in_Quantity.quantity><out_Quantity.quantity>308.466593</out_Quantity.quantity></Point><Point><position>11779</position><in_Quantity.quantity>0.000000</in_Quantity.quantity><out_Quantity.quantity>512.774861</out_Quantity.quantity></Point><Point><position>11780</position><in_Quantity.quantity>0.000000</in_Quantity.quantity><out_Quantity.quantity>354.855047</out_Quantity.quantity></Point><Point><position>11781</position><in_Quantity.quantity>0.000000</in_Quantity.quantity><out_Quantity.quantity>385.432471</out_Quantity.quantity></Point><Point><position>11782</position><in_Quantity.quantity>0.000000</in_Quantity.quantity><out_Quantity.quantity>554.358765</out_Quantity.quantity></Point><Point><position>11783</position><in_Quantity.quantity>0.000000</in_Quantity.quantity><out_Quantity.quantity>814.907650</out_Quantity.quantity></Point><Point><position>11784</position><in_Quantity.quantity>0.000000</in_Quantity.quantity><out_Quantity.quantity>15.441114</out_Quantity.quantity></Point><Point><position>11785</position><in_Quantity.quantity>0.000000</in_Quantity.quantity><out_Quantity.quantity>388.963179</out_Quantity.quantity></Point><Point><position>11786</position><in_Quantity.quantity>0.000000</in_Quantity.quantity><out_Quantity.quantity>148.442918</out_Quantity.quantity></Point><Point><position>11787</position><in_Quantity.quantity>0.000000</in_Quantity.quantity><out_Quantity.quantity>990.089904</out_Quantity.quantity></Point><Point><position>11788</position><in_Quantity.quantity>0.000000</in_Quantity.quantity><out_Quantity.quantity>373.003206</out_Quantity.quantity></Point><Point><position>11789</position><in_Quantity.quantity>0.000000</in_Quantity.quantity><out_Quantity.quantity>722.004793</out_Quantity.quantity></Point><Point><position>11790</position><in_Quantity.quantity>0.000000</in_Quantity.quantity><out_Quantity.quantity>35.509594</out_Quantity.quantity></Point><Point><position>11791</position><in_Quantity.quantity>0.000000</in_Quantity.quantity><out_Quantity.quantity>74.704229</out_Quantity.quantity></Point><Point><position>11792</position><in_Quantity.quantity>0.000000</in_Quantity.quantity><out_Quantity.quantity>77.335610</out_Quantity.quantity></Point><Point><position>11793</position><in_Quantity.quantity>0.000000</in_Quantity.quantity><out_Quantity.quantity>527.337929</out_Quantity.quantity></Point><Point><position>11794</position><in_Quantity.quantity>0.000000</in_Quantity.quantity><out_Quantity.quantity>923.807261</out_Quantity.quantity></Point><Point><position>11795</position><in_Quantity.quantity>0.000000</in_Quantity.quantity><out_Quantity.quantity>667.785803</out_Quantity.quantity></Point><Point><position>11796</position><in_Quantity.quantity>0.000000</in_Quantity.quantity><out_Quantity.quantity>999.991732</out_Quantity.quantity></Point><Point><position>11797</position><in_Quantity.quantity>0.000000</in_Quantity.quantity><out_Quantity.quantity>990.978073</out_Quantity.quantity></Point><Point><position>11798</position><in_Quantity.quantity>0.000000</in_Quantity.quantity><out_Quantity.quantity>317.834973</out_Quantity.quantity></Point><Point><position>11799</position><in_Quantity.quantity>0.000000</in_Quantity.quantity><out_Quantity.quantity>967.818087</out_Quantity.quantity></Point><Point><position>11800</position><in_Quantity.quantity>0.000000</in_Quantity.quantity><out_Quantity.quantity>511.377413</out_Quantity.quantity></Point><Point><position>11801</position><in_Quantity.quantity>0.000000</in_Quantity.quantity><out_Quantity.quantity>274.873700</out_Quantity.quantity></Point><Point><position>11802</position><in_Quantity.quantity>0.000000</in_Quantity.quantity><out_Quantity.quantity>188.220606</out_Quantity.quantity></Point><Point><position>11803</position><in_Quantity.quantity>0.000000</in_Quantity.quantity><out_Quantity.quantity>511.975705</out_Quantity.quantity></Point><Point><position>11804</position><in_Quantity.quantity>0.000000</in_Quantity.quantity><out_Quantity.quantity>315.432585</out_Quantity.quantity></Point><Point><position>11805</position><in_Quantity.quantity>0.000000</in_Quantity.quantity><out_Quantity.quantity>622.632893</out_Quantity.quantity></Point><Point><position>11806</position><in_Quantity.quantity>0.000000</in_Quantity.quantity><out_Quantity.quantity>142.381249</out_Quantity.quantity></Point><Point><position>11807</position><in_Quantity.quantity>0.000000</in_Quantity.quantity><out_Quantity.quantity>17.236274</out_Quantity.quantity></Point><Point><position>11808</position><in_Quantity.quantity>0.000000</in_Quantity.quantity><out_Quantity.quantity>107.803832</out_Quantity.quantity></Point><Point><position>11809</position><in_Quantity.quantity>0.000000</in_Quantity.quantity><out_Quantity.quantity>22.658699</out_Quantity.quantity></Point><Point><position>11810</position><in_Quantity.quantity>0.000000</in_Quantity.quantity><out_Quantity.quantity>746.150209</out_Quantity.quantity></Point><Point><position>11811</position><in_Quantity.quantity>0.000000</in_Quantity.quantity><out_Quantity.quantity>389.460174</out_Quantity.quantity></Point><Point><position>11812</position><in_Quantity.quantity>0.000000</in_Quantity.quantity><out_Quantity.quantity>752.093436</out_Quantity.quantity></Point><Point><position>11813</position><in_Quantity.quantity>0.000000</in_Quantity.quantity><out_Quantity.quantity>234.541999</out_Quantity.quantity></Point><Point><position>11814</position><in_Quantity.quantity>0.000000</in_Quantity.quantity><out_Quantity.quantity>247.172186</out_Quantity.quantity></Point><Point><position>11815</position><in_Quantity.quantity>0.000000</in_Quantity.quantity><out_Quantity.quantity>251.643497</out_Quantity.quantity></Point><Point><position>11816</position><in_Quantity.quantity>0.000000</in_Quantity.quantity><out_Quantity.quantity>402.306977</out_Quantity.quantity></Point><Point><position>11817</position><in_Quantity.quantity>0.000000</in_Quantity.quantity><out_Quantity.quantity>691.195214</out_Quantity.quantity></Point><Point><position>11818</position><in_Quantity.quantity>0.000000</in_Quantity.quantity><out_Quantity.quantity>353.010909</out_Quantity.quantity></Point><Point><position>11819</position><in_Quantity.quantity>0.000000</in_Quantity.quantity><out_Quantity.quantity>851.100765</out_Quantity.quantity></Point><Point><position>11820</position><in_Quantity.quantity>0.000000</in_Quantity.quantity><out_Quantity.quantity>103.508085</out_Quantity.quantity></Point><Point><position>11821</position><in_Quantity.quantity>0.000000</in_Quantity.quantity><out_Quantity.quantity>178.676977</out_Quantity.quantity></Point><Point><position>11822</position><in_Quantity.quantity>0.000000</in_Quantity.quantity><out_Quantity.quantity>768.615182</out_Quantity.quantity></Point><Point><position>11823</position><in_Quantity.quantity>0.000000</in_Quantity.quantity><out_Quantity.quantity>72.499392</out_Quantity.quantity></Point><Point><position>11824</position><in_Quantity.quantity>0.000000</in_Quantity.quantity><out_Quantity.quantity>155.228267</out_Quantity.quantity></Point><Point><position>11825</position><in_Quantity.quantity>0.000000</in_Quantity.quantity><out_Quantity.quantity>0.362317</out_Quantity.quantity></Point><Point><position>11826</position><in_Quantity.quantity>0.000000</in_Quantity.quantity><out_Quantity.quantity>242.377169</out_Quantity.quantity></Point><Point><position>11827</position><in_Quantity.quantity>0.000000</in_Quantity.quantity><out_Quantity.quantity>445.301517</out_Quantity.quantity></Point><Point><position>11828</position><in_Quantity.quantity>0.000000</in_Quantity.quantity><out_Quantity.quantity>17.101093</out_Quantity.quantity></Point><Point><position>11829</position><in_Quantity.quantity>0.000000</in_Quantity.quantity><out_Quantity.quantity>153.983767</out_Quantity.quantity></Point><Point><position>11830</position><in_Quantity.quantity>0.000000</in_Quantity.quantity><out_Quantity.quantity>371.341553</out_Quantity.quantity></Point><Point><position>11831</position><in_Quantity.quantity>0.000000</in_Quantity.quantity><out_Quantity.quantity>553.167587</out_Quantity.quantity></Point><Point><position>11832</position><in_Quantity.quantity>0.000000</in_Quantity.quantity><out_Quantity.quantity>281.897513</out_Quantity.quantity></Point><Point><position>11833</position><in_Quantity.quantity>0.000000</in_Quantity.quantity><out_Quantity.quantity>232.666200</out_Quantity.quantity></Point><Point><position>11834</position><in_Quantity.quantity>0.000000</in_Quantity.quantity><out_Quantity.quantity>885.351486</out_Quantity.quantity></Point><Point><position>11835</position><in_Quantity.quantity>0.000000</in_Quantity.quantity><out_Quantity.quantity>901.803838</out_Quantity.quantity></Point><Point><position>11836</position><in_Quantity.quantity>0.000000</in_Quantity.quantity><out_Quantity.quantity>696.448626</out_Quantity.quantity></Point><Point><position>11837</position><in_Quantity.quantity>0.000000</in_Quantity.quantity><out_Quantity.quantity>441.196159</out_Quantity.quantity></Point><Point><position>11838</position><in_Quantity.quantity>0.000000</in_Quantity.quantity><out_Quantity.quantity>842.345335</out_Quantity.quantity></Point><Point><position>11839</position><in_Quantity.quantity>0.000000</in_Quantity.quantity><out_Quantity.quantity>412.873222</out_Quantity.quantity></Point><Point><position>11840</position><in_Quantity.quantity>0.000000</in_Quantity.quantity><out_Quantity.quantity>481.480604</out_Quantity.quantity></Point><Point><position>11841</position><in_Quantity.quantity>0.000000</in_Quantity.quantity><out_Quantity.quantity>31.809428</out_Quantity.quantity></Point><Point><position>11842</position><in_Quantity.quantity>0.000000</in_Quantity.quantity><out_Quantity.quantity>478.455508</out_Quantity.quantity></Point><Point><position>11843</position><in_Quantity.quantity>0.000000</in_Quantity.quantity><out_Quantity.quantity>78.469832</out_Quantity.quantity></Point><Point><position>11844</position><in_Quantity.quantity>0.000000</in_Quantity.quantity><out_Quantity.quantity>127.333711</out_Quantity.quantity></Point><Point><position>11845</position><in_Quantity.quantity>0.000000</in_Quantity.quantity><out_Quantity.quantity>205.971539</out_Quantity.quantity></Point><Point><position>11846</position><in_Quantity.quantity>0.000000</in_Quantity.quantity><out_Quantity.quantity>670.403445</out_Quantity.quantity></Point><Point><position>11847</position><in_Quantity.quantity>0.000000</in_Quantity.quantity><out_Quantity.quantity>794.870865</out_Quantity.quantity></Point><Point><position>11848</position><in_Quantity.quantity>0.000000</in_Quantity.quantity><out_Quantity.quantity>714.549706</out_Quantity.quantity></Point><Point><position>11849</position><in_Quantity.quantity>0.000000</in_Quantity.quantity><out_Quantity.quantity>64.873633</out_Quantity.quantity></Point><Point><position>11850</position><in_Quantity.quantity>0.000000</in_Quantity.quantity><out_Quantity.quantity>977.382595</out_Quantity.quantity></Point><Point><position>11851</position><in_Quantity.quantity>0.000000</in_Quantity.quantity><out_Quantity.quantity>154.865739</out_Quantity.quantity></Point><Point><position>11852</position><in_Quantity.quantity>0.000000</in_Quantity.quantity><out_Quantity.quantity>203.032486</out_Quantity.quantity></Point><Point><position>11853</position><in_Quantity.quantity>0.000000</in_Quantity.quantity><out_Quantity.quantity>142.883184</out_Quantity.quantity></Point><Point><position>11854</position><in_Quantity.quantity>0.000000</in_Quantity.quantity><out_Quantity.quantity>626.567663</out_Quantity.quantity></Point><Point><position>11855</position><in_Quantity.quantity>0.000000</in_Quantity.quantity><out_Quantity.quantity>74.875001</out_Quantity.quantity></Point><Point><position>11856</position><in_Quantity.quantity>0.000000</in_Quantity.quantity><out_Quantity.quantity>489.845630</out_Quantity.quantity></Point><Point><position>11857</position><in_Quantity.quantity>0.000000</in_Quantity.quantity><out_Quantity.quantity>678.628813</out_Quantity.quantity></Point><Point><position>11858</position><in_Quantity.quantity>0.000000</in_Quantity.quantity><out_Quantity.quantity>72.746707</out_Quantity.quantity></Point><Point><position>11859</position><in_Quantity.quantity>0.000000</in_Quantity.quantity><out_Quantity.quantity>687.414502</out_Quantity.quantity></Point><Point><position>11860</position><in_Quantity.quantity>0.000000</in_Quantity.quantity><out_Quantity.quantity>736.907479</out_Quantity.quantity></Point><Point><position>11861</position><in_Quantity.quantity>0.000000</in_Quantity.quantity><out_Quantity.quantity>824.928782</out_Quantity.quantity></Point><Point><position>11862</position><in_Quantity.quantity>0.000000</in_Quantity.quantity><out_Quantity.quantity>294.618457</out_Quantity.quantity></Point><Point><position>11863</position><in_Quantity.quantity>0.000000</in_Quantity.quantity><out_Quantity.quantity>119.676640</out_Quantity.quantity></Point><Point><position>11864</position><in_Quantity.quantity>0.000000</in_Quantity.quantity><out_Quantity.quantity>217.743838</out_Quantity.quantity></Point><Point><position>11865</position><in_Quantity.quantity>0.000000</in_Quantity.quantity><out_Quantity.quantity>214.303340</out_Quantity.quantity></Point><Point><position>11866</position><in_Quantity.quantity>0.000000</in_Quantity.quantity><out_Quantity.quantity>596.337752</out_Quantity.quantity></Point><Point><position>11867</position><in_Quantity.quantity>0.000000</in_Quantity.quantity><out_Quantity.quantity>100.979781</out_Quantity.quantity></Point><Point><position>11868</position><in_Quantity.quantity>0.000000</in_Quantity.quantity><out_Quantity.quantity>428.405612</out_Quantity.quantity></Point><Point><position>11869</position><in_Quantity.quantity>0.000000</in_Quantity.quantity><out_Quantity.quantity>24.774746</out_Quantity.quantity></Point><Point><position>11870</position><in_Quantity.quantity>0.000000</in_Quantity.quantity><out_Quantity.quantity>266.754241</out_Quantity.quantity></Point><Point><position>11871</position><in_Quantity.quantity>0.000000</in_Quantity.quantity><out_Quantity.quantity>373.931072</out_Quantity.quantity></Point><Point><position>11872</position><in_Quantity.quantity>0.000000</in_Quantity.quantity><out_Quantity.quantity>35.359702</out_Quantity.quantity></Point><Point><position>11873</position><in_Quantity.quantity>0.000000</in_Quantity.quantity><out_Quantity.quantity>448.573601</out_Quantity.quantity></Point><Point><position>11874</position><in_Quantity.quantity>0.000000</in_Quantity.quantity><out_Quantity.quantity>609.437389</out_Quantity.quantity></Point><Point><position>11875</position><in_Quantity.quantity>0.000000</in_Quantity.quantity><out_Quantity.quantity>861.027233</out_Quantity.quantity></Point><Point><position>11876</position><in_Quantity.quantity>0.000000</in_Quantity.quantity><out_Quantity.quantity>306.689279</out_Quantity.quantity></Point><Point><position>11877</position><in_Quantity.quantity>0.000000</in_Quantity.quantity><out_Quantity.quantity>523.203323</out_Quantity.quantity></Point><Point><position>11878</position><in_Quantity.quantity>0.000000</in_Quantity.quantity><out_Quantity.quantity>266.702734</out_Quantity.quantity></Point><Point><position>11879</position><in_Quantity.quantity>0.000000</in_Quantity.quantity><out_Quantity.quantity>778.030176</out_Quantity.quantity></Point><Point><position>11880</position><in_Quantity.quantity>0.000000</in_Quantity.quantity><out_Quantity.quantity>524.680045</out_Quantity.quantity></Point><Point><position>11881</position><in_Quantity.quantity>0.000000</in_Quantity.quantity><out_Quantity.quantity>751.462459</out_Quantity.quantity></Point><Point><position>11882</position><in_Quantity.quantity>0.000000</in_Quantity.quantity><out_Quantity.quantity>723.189889</out_Quantity.quantity></Point><Point><position>11883</position><in_Quantity.quantity>0.000000</in_Quantity.quantity><out_Quantity.quantity>636.191924</out_Quantity.quantity></Point><Point><position>11884</position><in_Quantity.quantity>0.000000</in_Quantity.quantity><out_Quantity.quantity>33.586903</out_Quantity.quantity></Point><Point><position>11885</position><in_Quantity.quantity>0.000000</in_Quantity.quantity><out_Quantity.quantity>176.686886</out_Quantity.quantity></Point><Point><position>11886</position><in_Quantity.quantity>0.000000</in_Quantity.quantity><out_Quantity.quantity>52.914781</out_Quantity.quantity></Point><Point><position>11887</position><in_Quantity.quantity>0.000000</in_Quantity.quantity><out_Quantity.quantity>455.161700</out_Quantity.quantity></Point><Point><position>11888</position><in_Quantity.quantity>0.000000</in_Quantity.quantity><out_Quantity.quantity>93.168384</out_Quantity.quantity></Point><Point><position>11889</position><in_Quantity.quantity>0.000000</in_Quantity.quantity><out_Quantity.quantity>996.321697</out_Quantity.quantity></Point><Point><position>11890</position><in_Quantity.quantity>0.000000</in_Quantity.quantity><out_Quantity.quantity>259.300216</out_Quantity.quantity></Point><Point><position>11891</position><in_Quantity.quantity>0.000000</in_Quantity.quantity><out_Quantity.quantity>17.621907</out_Quantity.quantity></Point><Point><position>11892</position><in_Quantity.quantity>0.000000</in_Quantity.quantity><out_Quantity.quantity>795.821541</out_Quantity.quantity></Point><Point><position>11893</position><in_Quantity.quantity>0.000000</in_Quantity.quantity><out_Quantity.quantity>455.605754</out_Quantity.quantity></Point><Point><position>11894</position><in_Quantity.quantity>0.000000</in_Quantity.quantity><out_Quantity.quantity>862.688096</out_Quantity.quantity></Point><Point><position>11895</position><in_Quantity.quantity>0.000000</in_Quantity.quantity><out_Quantity.quantity>781.153095</out_Quantity.quantity></Point><Point><position>11896</position><in_Quantity.quantity>0.000000</in_Quantity.quantity><out_Quantity.quantity>217.719523</out_Quantity.quantity></Point><Point><position>11897</position><in_Quantity.quantity>0.000000</in_Quantity.quantity><out_Quantity.quantity>925.231716</out_Quantity.quantity></Point><Point><position>11898</position><in_Quantity.quantity>0.000000</in_Quantity.quantity><out_Quantity.quantity>491.689862</out_Quantity.quantity></Point><Point><position>11899</position><in_Quantity.quantity>0.000000</in_Quantity.quantity><out_Quantity.quantity>178.213311</out_Quantity.quantity></Point><Point><position>11900</position><in_Quantity.quantity>0.000000</in_Quantity.quantity><out_Quantity.quantity>130.056962</out_Quantity.quantity></Point><Point><position>11901</position><in_Quantity.quantity>0.000000</in_Quantity.quantity><out_Quantity.quantity>372.926255</out_Quantity.quantity></Point><Point><position>11902</position><in_Quantity.quantity>0.000000</in_Quantity.quantity><out_Quantity.quantity>30.463224</out_Quantity.quantity></Point><Point><position>11903</position><in_Quantity.quantity>0.000000</in_Quantity.quantity><out_Quantity.quantity>496.380629</out_Quantity.quantity></Point><Point><position>11904</position><in_Quantity.quantity>0.000000</in_Quantity.quantity><out_Quantity.quantity>175.155352</out_Quantity.quantity></Point><Point><position>11905</position><in_Quantity.quantity>0.000000</in_Quantity.quantity><out_Quantity.quantity>852.103587</out_Quantity.quantity></Point><Point><position>11906</position><in_Quantity.quantity>0.000000</in_Quantity.quantity><out_Quantity.quantity>265.780388</out_Quantity.quantity></Point><Point><position>11907</position><in_Quantity.quantity>0.000000</in_Quantity.quantity><out_Quantity.quantity>403.435704</out_Quantity.quantity></Point><Point><position>11908</position><in_Quantity.quantity>0.000000</in_Quantity.quantity><out_Quantity.quantity>591.450471</out_Quantity.quantity></Point><Point><position>11909</position><in_Quantity.quantity>0.000000</in_Quantity.quantity><out_Quantity.quantity>247.228063</out_Quantity.quantity></Point><Point><position>11910</position><in_Quantity.quantity>0.000000</in_Quantity.quantity><out_Quantity.quantity>911.065922</out_Quantity.quantity></Point><Point><position>11911</position><in_Quantity.quantity>0.000000</in_Quantity.quantity><out_Quantity.quantity>350.455440</out_Quantity.quantity></Point><Point><position>11912</position><in_Quantity.quantity>0.000000</in_Quantity.quantity><out_Quantity.quantity>753.214132</out_Quantity.quantity></Point><Point><position>11913</position><in_Quantity.quantity>0.000000</in_Quantity.quantity><out_Quantity.quantity>832.918463</out_Quantity.quantity></Point><Point><position>11914</position><in_Quantity.quantity>0.000000</in_Quantity.quantity><out_Quantity.quantity>233.126781</out_Quantity.quantity></Point><Point><position>11915</position><in_Quantity.quantity>0.000000</in_Quantity.quantity><out_Quantity.quantity>32.937902</out_Quantity.quantity></Point><Point><position>11916</position><in_Quantity.quantity>0.000000</in_Quantity.quantity><out_Quantity.quantity>40.621158</out_Quantity.quantity></Point><Point><position>11917</position><in_Quantity.quantity>0.000000</in_Quantity.quantity><out_Quantity.quantity>725.290128</out_Quantity.quantity></Point><Point><position>11918</position><in_Quantity.quantity>0.000000</in_Quantity.quantity><out_Quantity.quantity>111.687005</out_Quantity.quantity></Point><Point><position>11919</position><in_Quantity.quantity>0.000000</in_Quantity.quantity><out_Quantity.quantity>541.985513</out_Quantity.quantity></Point><Point><position>11920</position><in_Quantity.quantity>0.000000</in_Quantity.quantity><out_Quantity.quantity>428.648497</out_Quantity.quantity></Point><Point><position>11921</position><in_Quantity.quantity>0.000000</in_Quantity.quantity><out_Quantity.quantity>615.504450</out_Quantity.quantity></Point><Point><position>11922</position><in_Quantity.quantity>0.000000</in_Quantity.quantity><out_Quantity.quantity>217.809253</out_Quantity.quantity></Point><Point><position>11923</position><in_Quantity.quantity>0.000000</in_Quantity.quantity><out_Quantity.quantity>215.941670</out_Quantity.quantity></Point><Point><position>11924</position><in_Quantity.quantity>0.000000</in_Quantity.quantity><out_Quantity.quantity>625.461088</out_Quantity.quantity></Point><Point><position>11925</position><in_Quantity.quantity>0.000000</in_Quantity.quantity><out_Quantity.quantity>668.468672</out_Quantity.quantity></Point><Point><position>11926</position><in_Quantity.quantity>0.000000</in_Quantity.quantity><out_Quantity.quantity>859.705856</out_Quantity.quantity></Point><Point><position>11927</position><in_Quantity.quantity>0.000000</in_Quantity.quantity><out_Quantity.quantity>877.286765</out_Quantity.quantity></Point><Point><position>11928</position><in_Quantity.quantity>0.000000</in_Quantity.quantity><out_Quantity.quantity>778.630088</out_Quantity.quantity></Point><Point><position>11929</position><in_Quantity.quantity>0.000000</in_Quantity.quantity><out_Quantity.quantity>764.648696</out_Quantity.quantity></Point><Point><position>11930</position><in_Quantity.quantity>0.000000</in_Quantity.quantity><out_Quantity.quantity>64.338442</out_Quantity.quantity></Point><Point><position>11931</position><in_Quantity.quantity>0.000000</in_Quantity.quantity><out_Quantity.quantity>147.158574</out_Quantity.quantity></Point><Point><position>11932</position><in_Quantity.quantity>0.000000</in_Quantity.quantity><out_Quantity.quantity>870.944728</out_Quantity.quantity></Point><Point><position>11933</position><in_Quantity.quantity>0.000000</in_Quantity.quantity><out_Quantity.quantity>372.581669</out_Quantity.quantity></Point><Point><position>11934</position><in_Quantity.quantity>0.000000</in_Quantity.quantity><out_Quantity.quantity>927.615989</out_Quantity.quantity></Point><Point><position>11935</position><in_Quantity.quantity>0.000000</in_Quantity.quantity><out_Quantity.quantity>894.563947</out_Quantity.quantity></Point><Point><position>11936</position><in_Quantity.quantity>0.000000</in_Quantity.quantity><out_Quantity.quantity>883.411132</out_Quantity.quantity></Point><Point><position>11937</position><in_Quantity.quantity>0.000000</in_Quantity.quantity><out_Quantity.quantity>783.304001</out_Quantity.quantity></Point><Point><position>11938</position><in_Quantity.quantity>0.000000</in_Quantity.quantity><out_Quantity.quantity>440.477933</out_Quantity.quantity></Point><Point><position>11939</position><in_Quantity.quantity>0.000000</in_Quantity.quantity><out_Quantity.quantity>583.787100</out_Quantity.quantity></Point><Point><position>11940</position><in_Quantity.quantity>0.000000</in_Quantity.quantity><out_Quantity.quantity>913.972930</out_Quantity.quantity></Point><Point><position>11941</position><in_Quantity.quantity>0.000000</in_Quantity.quantity><out_Quantity.quantity>830.655447</out_Quantity.quantity></Point><Point><position>11942</position><in_Quantity.quantity>0.000000</in_Quantity.quantity><out_Quantity.quantity>816.327797</out_Quantity.quantity></Point><Point><position>11943</position><in_Quantity.quantity>0.000000</in_Quantity.quantity><out_Quantity.quantity>596.674345</out_Quantity.quantity></Point><Point><position>11944</position><in_Quantity.quantity>0.000000</in_Quantity.quantity><out_Quantity.quantity>930.646680</out_Quantity.quantity></Point><Point><position>11945</position><in_Quantity.quantity>0.000000</in_Quantity.quantity><out_Quantity.quantity>982.451017</out_Quantity.quantity></Point><Point><position>11946</position><in_Quantity.quantity>0.000000</in_Quantity.quantity><out_Quantity.quantity>702.623465</out_Quantity.quantity></Point><Point><position>11947</position><in_Quantity.quantity>0.000000</in_Quantity.quantity><out_Quantity.quantity>14.844631</out_Quantity.quantity></Point><Point><position>11948</position><in_Quantity.quantity>0.000000</in_Quantity.quantity><out_Quantity.quantity>57.150819</out_Quantity.quantity></Point><Point><position>11949</position><in_Quantity.quantity>0.000000</in_Quantity.quantity><out_Quantity.quantity>977.610083</out_Quantity.quantity></Point><Point><position>11950</position><in_Quantity.quantity>0.000000</in_Quantity.quantity><out_Quantity.quantity>817.915700</out_Quantity.quantity></Point><Point><position>11951</position><in_Quantity.quantity>0.000000</in_Quantity.quantity><out_Quantity.quantity>449.560406</out_Quantity.quantity></Point><Point><position>11952</position><in_Quantity.quantity>0.000000</in_Quantity.quantity><out_Quantity.quantity>166.894227</out_Quantity.quantity></Point><Point><position>11953</position><in_Quantity.quantity>0.000000</in_Quantity.quantity><out_Quantity.quantity>889.481936</out_Quantity.quantity></Point><Point><position>11954</position><in_Quantity.quantity>0.000000</in_Quantity.quantity><out_Quantity.quantity>7.961660</out_Quantity.quantity></Point><Point><position>11955</position><in_Quantity.quantity>0.000000</in_Quantity.quantity><out_Quantity.quantity>189.452381</out_Quantity.quantity></Point><Point><position>11956</position><in_Quantity.quantity>0.000000</in_Quantity.quantity><out_Quantity.quantity>167.263561</out_Quantity.quantity></Point><Point><position>11957</position><in_Quantity.quantity>0.000000</in_Quantity.quantity><out_Quantity.quantity>453.418592</out_Quantity.quantity></Point><Point><position>11958</position><in_Quantity.quantity>0.000000</in_Quantity.quantity><out_Quantity.quantity>1.712197</out_Quantity.quantity></Point><Point><position>11959</position><in_Quantity.quantity>0.000000</in_Quantity.quantity><out_Quantity.quantity>5.204182</out_Quantity.quantity></Point><Point><position>11960</position><in_Quantity.quantity>0.000000</in_Quantity.quantity><out_Quantity.quantity>563.988118</out_Quantity.quantity></Point><Point><position>11961</position><in_Quantity.quantity>0.000000</in_Quantity.quantity><out_Quantity.quantity>766.327314</out_Quantity.quantity></Point><Point><position>11962</position><in_Quantity.quantity>0.000000</in_Quantity.quantity><out_Quantity.quantity>12.182822</out_Quantity.quantity></Point><Point><position>11963</position><in_Quantity.quantity>0.000000</in_Quantity.quantity><out_Quantity.quantity>940.087678</out_Quantity.quantity></Point><Point><position>11964</position><in_Quantity.quantity>0.000000</in_Quantity.quantity><out_Quantity.quantity>559.762490</out_Quantity.quantity></Point><Point><position>11965</position><in_Quantity.quantity>0.000000</in_Quantity.quantity><out_Quantity.quantity>419.313098</out_Quantity.quantity></Point><Point><position>11966</position><in_Quantity.quantity>0.000000</in_Quantity.quantity><out_Quantity.quantity>533.687369</out_Quantity.quantity></Point><Point><position>11967</position><in_Quantity.quantity>0.000000</in_Quantity.quantity><out_Quantity.quantity>380.586902</out_Quantity.quantity></Point><Point><position>11968</position><in_Quantity.quantity>0.000000</in_Quantity.quantity><out_Quantity.quantity>764.786489</out_Quantity.quantity></Point><Point><position>11969</position><in_Quantity.quantity>0.000000</in_Quantity.quantity><out_Quantity.quantity>307.345337</out_Quantity.quantity></Point><Point><position>11970</position><in_Quantity.quantity>0.000000</in_Quantity.quantity><out_Quantity.quantity>609.979570</out_Quantity.quantity></Point><Point><position>11971</position><in_Quantity.quantity>0.000000</in_Quantity.quantity><out_Quantity.quantity>437.842877</out_Quantity.quantity></Point><Point><position>11972</position><in_Quantity.quantity>0.000000</in_Quantity.quantity><out_Quantity.quantity>485.954487</out_Quantity.quantity></Point><Point><position>11973</position><in_Quantity.quantity>0.000000</in_Quantity.quantity><out_Quantity.quantity>479.164554</out_Quantity.quantity></Point><Point><position>11974</position><in_Quantity.quantity>0.000000</in_Quantity.quantity><out_Quantity.quantity>451.461903</out_Quantity.quantity></Point><Point><position>11975</position><in_Quantity.quantity>0.000000</in_Quantity.quantity><out_Quantity.quantity>810.531255</out_Quantity.quantity></Point><Point><position>11976</position><in_Quantity.quantity>0.000000</in_Quantity.quantity><out_Quantity.quantity>924.130383</out_Quantity.quantity></Point><Point><position>11977</position><in_Quantity.quantity>0.000000</in_Quantity.quantity><out_Quantity.quantity>877.552197</out_Quantity.quantity></Point><Point><position>11978</position><in_Quantity.quantity>0.000000</in_Quantity.quantity><out_Quantity.quantity>114.976289</out_Quantity.quantity></Point><Point><position>11979</position><in_Quantity.quantity>0.000000</in_Quantity.quantity><out_Quantity.quantity>55.579645</out_Quantity.quantity></Point><Point><position>11980</position><in_Quantity.quantity>0.000000</in_Quantity.quantity><out_Quantity.quantity>150.747057</out_Quantity.quantity></Point><Point><position>11981</position><in_Quantity.quantity>0.000000</in_Quantity.quantity><out_Quantity.quantity>386.991876</out_Quantity.quantity></Point><Point><position>11982</position><in_Quantity.quantity>0.000000</in_Quantity.quantity><out_Quantity.quantity>80.891163</out_Quantity.quantity></Point><Point><position>11983</position><in_Quantity.quantity>0.000000</in_Quantity.quantity><out_Quantity.quantity>521.830384</out_Quantity.quantity></Point><Point><position>11984</position><in_Quantity.quantity>0.000000</in_Quantity.quantity><out_Quantity.quantity>519.117876</out_Quantity.quantity></Point><Point><position>11985</position><in_Quantity.quantity>0.000000</in_Quantity.quantity><out_Quantity.quantity>847.375645</out_Quantity.quantity></Point><Point><position>11986</position><in_Quantity.quantity>0.000000</in_Quantity.quantity><out_Quantity.quantity>753.582886</out_Quantity.quantity></Point><Point><position>11987</position><in_Quantity.quantity>0.000000</in_Quantity.quantity><out_Quantity.quantity>944.998728</out_Quantity.quantity></Point><Point><position>11988</position><in_Quantity.quantity>0.000000</in_Quantity.quantity><out_Quantity.quantity>746.466863</out_Quantity.quantity></Point><Point><position>11989</position><in_Quantity.quantity>0.000000</in_Quantity.quantity><out_Quantity.quantity>813.818106</out_Quantity.quantity></Point><Point><position>11990</position><in_Quantity.quantity>0.000000</in_Quantity.quantity><out_Quantity.quantity>454.754946</out_Quantity.quantity></Point><Point><position>11991</position><in_Quantity.quantity>0.000000</in_Quantity.quantity><out_Quantity.quantity>503.879447</out_Quantity.quantity></Point><Point><position>11992</position><in_Quantity.quantity>0.000000</in_Quantity.quantity><out_Quantity.quantity>476.219480</out_Quantity.quantity></Point><Point><position>11993</position><in_Quantity.quantity>0.000000</in_Quantity.quantity><out_Quantity.quantity>722.913692</out_Quantity.quantity></Point><Point><position>11994</position><in_Quantity.quantity>0.000000</in_Quantity.quantity><out_Quantity.quantity>668.199800</out_Quantity.quantity></Point><Point><position>11995</position><in_Quantity.quantity>0.000000</in_Quantity.quantity><out_Quantity.quantity>959.361445</out_Quantity.quantity></Point><Point><position>11996</position><in_Quantity.quantity>0.000000</in_Quantity.quantity><out_Quantity.quantity>389.327851</out_Quantity.quantity></Point><Point><position>11997</position><in_Quantity.quantity>0.000000</in_Quantity.quantity><out_Quantity.quantity>105.357264</out_Quantity.quantity></Point><Point><position>11998</position><in_Quantity.quantity>0.000000</in_Quantity.quantity><out_Quantity.quantity>965.017773</out_Quantity.quantity></Point><Point><position>11999</position><in_Quantity.quantity>0.000000</in_Quantity.quantity><out_Quantity.quantity>932.928129</out_Quantity.quantity></Point><Point><position>12000</position><in_Quantity.quantity>0.000000</in_Quantity.quantity><out_Quantity.quantity>510.885152</out_Quantity.quantity></Point><Point><position>12001</position><in_Quantity.quantity>0.000000</in_Quantity.quantity><out_Quantity.quantity>471.420554</out_Quantity.quantity></Point><Point><position>12002</position><in_Quantity.quantity>0.000000</in_Quantity.quantity><out_Quantity.quantity>736.071700</out_Quantity.quantity></Point><Point><position>12003</position><in_Quantity.quantity>0.000000</in_Quantity.quantity><out_Quantity.quantity>72.971712</out_Quantity.quantity></Point><Point><position>12004</position><in_Quantity.quantity>0.000000</in_Quantity.quantity><out_Quantity.quantity>350.842181</out_Quantity.quantity></Point><Point><position>12005</position><in_Quantity.quantity>0.000000</in_Quantity.quantity><out_Quantity.quantity>865.741149</out_Quantity.quantity></Point><Point><position>12006</position><in_Quantity.quantity>0.000000</in_Quantity.quantity><out_Quantity.quantity>766.344346</out_Quantity.quantity></Point><Point><position>12007</position><in_Quantity.quantity>0.000000</in_Quantity.quantity><out_Quantity.quantity>50.453228</out_Quantity.quantity></Point><Point><position>12008</position><in_Quantity.quantity>0.000000</in_Quantity.quantity><out_Quantity.quantity>379.357658</out_Quantity.quantity></Point><Point><position>12009</position><in_Quantity.quantity>0.000000</in_Quantity.quantity><out_Quantity.quantity>548.184368</out_Quantity.quantity></Point><Point><position>12010</position><in_Quantity.quantity>0.000000</in_Quantity.quantity><out_Quantity.quantity>277.113195</out_Quantity.quantity></Point><Point><position>12011</position><in_Quantity.quantity>0.000000</in_Quantity.quantity><out_Quantity.quantity>607.386908</out_Quantity.quantity></Point><Point><position>12012</position><in_Quantity.quantity>0.000000</in_Quantity.quantity><out_Quantity.quantity>352.594052</out_Quantity.quantity></Point><Point><position>12013</position><in_Quantity.quantity>0.000000</in_Quantity.quantity><out_Quantity.quantity>290.526925</out_Quantity.quantity></Point><Point><position>12014</position><in_Quantity.quantity>0.000000</in_Quantity.quantity><out_Quantity.quantity>737.101934</out_Quantity.quantity></Point><Point><position>12015</position><in_Quantity.quantity>0.000000</in_Quantity.quantity><out_Quantity.quantity>761.615106</out_Quantity.quantity></Point><Point><position>12016</position><in_Quantity.quantity>0.000000</in_Quantity.quantity><out_Quantity.quantity>208.507367</out_Quantity.quantity></Point><Point><position>12017</position><in_Quantity.quantity>0.000000</in_Quantity.quantity><out_Quantity.quantity>460.695772</out_Quantity.quantity></Point><Point><position>12018</position><in_Quantity.quantity>0.000000</in_Quantity.quantity><out_Quantity.quantity>69.804724</out_Quantity.quantity></Point><Point><position>12019</position><in_Quantity.quantity>0.000000</in_Quantity.quantity><out_Quantity.quantity>492.212862</out_Quantity.quantity></Point><Point><position>12020</position><in_Quantity.quantity>0.000000</in_Quantity.quantity><out_Quantity.quantity>107.692510</out_Quantity.quantity></Point><Point><position>12021</position><in_Quantity.quantity>0.000000</in_Quantity.quantity><out_Quantity.quantity>816.932851</out_Quantity.quantity></Point><Point><position>12022</position><in_Quantity.quantity>0.000000</in_Quantity.quantity><out_Quantity.quantity>622.313362</out_Quantity.quantity></Point><Point><position>12023</position><in_Quantity.quantity>0.000000</in_Quantity.quantity><out_Quantity.quantity>975.790582</out_Quantity.quantity></Point><Point><position>12024</position><in_Quantity.quantity>0.000000</in_Quantity.quantity><out_Quantity.quantity>806.060191</out_Quantity.quantity></Point><Point><position>12025</position><in_Quantity.quantity>0.000000</in_Quantity.quantity><out_Quantity.quantity>660.191771</out_Quantity.quantity></Point><Point><position>12026</position><in_Quantity.quantity>0.000000</in_Quantity.quantity><out_Quantity.quantity>314.040597</out_Quantity.quantity></Point><Point><position>12027</position><in_Quantity.quantity>0.000000</in_Quantity.quantity><out_Quantity.quantity>584.785617</out_Quantity.quantity></Point><Point><position>12028</position><in_Quantity.quantity>0.000000</in_Quantity.quantity><out_Quantity.quantity>923.571817</out_Quantity.quantity></Point><Point><position>12029</position><in_Quantity.quantity>0.000000</in_Quantity.quantity><out_Quantity.quantity>266.067156</out_Quantity.quantity></Point><Point><position>12030</position><in_Quantity.quantity>0.000000</in_Quantity.quantity><out_Quantity.quantity>385.338084</out_Quantity.quantity></Point><Point><position>12031</position><in_Quantity.quantity>0.000000</in_Quantity.quantity><out_Quantity.quantity>302.616283</out_Quantity.quantity></Point><Point><position>12032</position><in_Quantity.quantity>0.000000</in_Quantity.quantity><out_Quantity.quantity>909.976479</out_Quantity.quantity></Point><Point><position>12033</position><in_Quantity.quantity>0.000000</in_Quantity.quantity><out_Quantity.quantity>329.818038</out_Quantity.quantity></Point><Point><position>12034</position><in_Quantity.quantity>0.000000</in_Quantity.quantity><out_Quantity.quantity>4.981176</out_Quantity.quantity></Point><Point><position>12035</position><in_Quantity.quantity>0.000000</in_Quantity.quantity><out_Quantity.quantity>227.175564</out_Quantity.quantity></Point><Point><position>12036</position><in_Quantity.quantity>0.000000</in_Quantity.quantity><out_Quantity.quantity>109.400372</out_Quantity.quantity></Point><Point><position>12037</position><in_Quantity.quantity>0.000000</in_Quantity.quantity><out_Quantity.quantity>960.543832</out_Quantity.quantity></Point><Point><position>12038</position><in_Quantity.quantity>0.000000</in_Quantity.quantity><out_Quantity.quantity>532.073299</out_Quantity.quantity></Point><Point><position>12039</position><in_Quantity.quantity>0.000000</in_Quantity.quantity><out_Quantity.quantity>803.164776</out_Quantity.quantity></Point><Point><position>12040</position><in_Quantity.quantity>0.000000</in_Quantity.quantity><out_Quantity.quantity>124.882557</out_Quantity.quantity></Point><Point><position>12041</position><in_Quantity.quantity>0.000000</in_Quantity.quantity><out_Quantity.quantity>313.476601</out_Quantity.quantity></Point><Point><position>12042</position><in_Quantity.quantity>0.000000</in_Quantity.quantity><out_Quantity.quantity>753.073293</out_Quantity.quantity></Point><Point><position>12043</position><in_Quantity.quantity>0.000000</in_Quantity.quantity><out_Quantity.quantity>578.937454</out_Quantity.quantity></Point><Point><position>12044</position><in_Quantity.quantity>0.000000</in_Quantity.quantity><out_Quantity.quantity>298.916121</out_Quantity.quantity></Point><Point><position>12045</position><in_Quantity.quantity>0.000000</in_Quantity.quantity><out_Quantity.quantity>94.833385</out_Quantity.quantity></Point><Point><position>12046</position><in_Quantity.quantity>0.000000</in_Quantity.quantity><out_Quantity.quantity>212.747458</out_Quantity.quantity></Point><Point><position>12047</position><in_Quantity.quantity>0.000000</in_Quantity.quantity><out_Quantity.quantity>531.306009</out_Quantity.quantity></Point><Point><position>12048</position><in_Quantity.quantity>0.000000</in_Quantity.quantity><out_Quantity.quantity>576.381979</out_Quantity.quantity></Point><Point><position>12049</position><in_Quantity.quantity>0.000000</in_Quantity.quantity><out_Quantity.quantity>22.772966</out_Quantity.quantity></Point><Point><position>12050</position><in_Quantity.quantity>0.000000</in_Quantity.quantity><out_Quantity.quantity>275.411815</out_Quantity.quantity></Point><Point><position>12051</position><in_Quantity.quantity>0.000000</in_Quantity.quantity><out_Quantity.quantity>154.514574</out_Quantity.quantity></Point><Point><position>12052</position><in_Quantity.quantity>0.000000</in_Quantity.quantity><out_Quantity.quantity>411.095095</out_Quantity.quantity></Point><Point><position>12053</position><in_Quantity.quantity>0.000000</in_Quantity.quantity><out_Quantity.quantity>952.550114</out_Quantity.quantity></Point><Point><position>12054</position><in_Quantity.quantity>0.000000</in_Quantity.quantity><out_Quantity.quantity>675.853396</out_Quantity.quantity></Point><Point><position>12055</position><in_Quantity.quantity>0.000000</in_Quantity.quantity><out_Quantity.quantity>555.630625</out_Quantity.quantity></Point><Point><position>12056</position><in_Quantity.quantity>0.000000</in_Quantity.quantity><out_Quantity.quantity>792.864367</out_Quantity.quantity></Point><Point><position>12057</position><in_Quantity.quantity>0.000000</in_Quantity.quantity><out_Quantity.quantity>184.875610</out_Quantity.quantity></Point><Point><position>12058</position><in_Quantity.quantity>0.000000</in_Quantity.quantity><out_Quantity.quantity>673.387957</out_Quantity.quantity></Point><Point><position>12059</position><in_Quantity.quantity>0.000000</in_Quantity.quantity><out_Quantity.quantity>958.169368</out_Quantity.quantity></Point><Point><position>12060</position><in_Quantity.quantity>0.000000</in_Quantity.quantity><out_Quantity.quantity>154.991926</out_Quantity.quantity></Point><Point><position>12061</position><in_Quantity.quantity>0.000000</in_Quantity.quantity><out_Quantity.quantity>747.503526</out_Quantity.quantity></Point><Point><position>12062</position><in_Quantity.quantity>0.000000</in_Quantity.quantity><out_Quantity.quantity>113.785334</out_Quantity.quantity></Point><Point><position>12063</position><in_Quantity.quantity>0.000000</in_Quantity.quantity><out_Quantity.quantity>403.805390</out_Quantity.quantity></Point><Point><position>12064</position><in_Quantity.quantity>0.000000</in_Quantity.quantity><out_Quantity.quantity>708.663991</out_Quantity.quantity></Point><Point><position>12065</position><in_Quantity.quantity>0.000000</in_Quantity.quantity><out_Quantity.quantity>645.495855</out_Quantity.quantity></Point><Point><position>12066</position><in_Quantity.quantity>0.000000</in_Quantity.quantity><out_Quantity.quantity>164.032584</out_Quantity.quantity></Point><Point><position>12067</position><in_Quantity.quantity>0.000000</in_Quantity.quantity><out_Quantity.quantity>25.010242</out_Quantity.quantity></Point><Point><position>12068</position><in_Quantity.quantity>0.000000</in_Quantity.quantity><out_Quantity.quantity>685.031671</out_Quantity.quantity></Point><Point><position>12069</position><in_Quantity.quantity>0.000000</in_Quantity.quantity><out_Quantity.quantity>376.946678</out_Quantity.quantity></Point><Point><position>12070</position><in_Quantity.quantity>0.000000</in_Quantity.quantity><out_Quantity.quantity>525.159837</out_Quantity.quantity></Point><Point><position>12071</position><in_Quantity.quantity>0.000000</in_Quantity.quantity><out_Quantity.quantity>875.674190</out_Quantity.quantity></Point><Point><position>12072</position><in_Quantity.quantity>0.000000</in_Quantity.quantity><out_Quantity.quantity>326.725090</out_Quantity.quantity></Point><Point><position>12073</position><in_Quantity.quantity>0.000000</in_Quantity.quantity><out_Quantity.quantity>867.407779</out_Quantity.quantity></Point><Point><position>12074</position><in_Quantity.quantity>0.000000</in_Quantity.quantity><out_Quantity.quantity>640.360789</out_Quantity.quantity></Point><Point><position>12075</position><in_Quantity.quantity>0.000000</in_Quantity.quantity><out_Quantity.quantity>856.791512</out_Quantity.quantity></Point><Point><position>12076</position><in_Quantity.quantity>0.000000</in_Quantity.quantity><out_Quantity.quantity>217.632540</out_Quantity.quantity></Point><Point><position>12077</position><in_Quantity.quantity>0.000000</in_Quantity.quantity><out_Quantity.quantity>465.470448</out_Quantity.quantity></Point><Point><position>12078</position><in_Quantity.quantity>0.000000</in_Quantity.quantity><out_Quantity.quantity>677.960006</out_Quantity.quantity></Point><Point><position>12079</position><in_Quantity.quantity>0.000000</in_Quantity.quantity><out_Quantity.quantity>196.596332</out_Quantity.quantity></Point><Point><position>12080</position><in_Quantity.quantity>0.000000</in_Quantity.quantity><out_Quantity.quantity>172.594292</out_Quantity.quantity></Point><Point><position>12081</position><in_Quantity.quantity>0.000000</in_Quantity.quantity><out_Quantity.quantity>151.290075</out_Quantity.quantity></Point><Point><position>12082</position><in_Quantity.quantity>0.000000</in_Quantity.quantity><out_Quantity.quantity>132.503430</out_Quantity.quantity></Point><Point><position>12083</position><in_Quantity.quantity>0.000000</in_Quantity.quantity><out_Quantity.quantity>768.288642</out_Quantity.quantity></Point><Point><position>12084</position><in_Quantity.quantity>0.000000</in_Quantity.quantity><out_Quantity.quantity>87.526960</out_Quantity.quantity></Point><Point><position>12085</position><in_Quantity.quantity>0.000000</in_Quantity.quantity><out_Quantity.quantity>106.763813</out_Quantity.quantity></Point><Point><position>12086</position><in_Quantity.quantity>0.000000</in_Quantity.quantity><out_Quantity.quantity>244.333011</out_Quantity.quantity></Point><Point><position>12087</position><in_Quantity.quantity>0.000000</in_Quantity.quantity><out_Quantity.quantity>77.028161</out_Quantity.quantity></Point><Point><position>12088</position><in_Quantity.quantity>0.000000</in_Quantity.quantity><out_Quantity.quantity>536.148601</out_Quantity.quantity></Point><Point><position>12089</position><in_Quantity.quantity>0.000000</in_Quantity.quantity><out_Quantity.quantity>789.349153</out_Quantity.quantity></Point><Point><position>12090</position><in_Quantity.quantity>0.000000</in_Quantity.quantity><out_Quantity.quantity>718.097346</out_Quantity.quantity></Point><Point><position>12091</position><in_Quantity.quantity>0.000000</in_Quantity.quantity><out_Quantity.quantity>888.302629</out_Quantity.quantity></Point><Point><position>12092</position><in_Quantity.quantity>0.000000</in_Quantity.quantity><out_Quantity.quantity>59.730187</out_Quantity.quantity></Point><Point><position>12093</position><in_Quantity.quantity>0.000000</in_Quantity.quantity><out_Quantity.quantity>455.832632</out_Quantity.quantity></Point><Point><position>12094</position><in_Quantity.quantity>0.000000</in_Quantity.quantity><out_Quantity.quantity>747.373696</out_Quantity.quantity></Point><Point><position>12095</position><in_Quantity.quantity>0.000000</in_Quantity.quantity><out_Quantity.quantity>699.267258</out_Quantity.quantity></Point><Point><position>12096</position><in_Quantity.quantity>0.000000</in_Quantity.quantity><out_Quantity.quantity>555.232557</out_Quantity.quantity></Point><Point><position>12097</position><in_Quantity.quantity>0.000000</in_Quantity.quantity><out_Quantity.quantity>30.110862</out_Quantity.quantity></Point><Point><position>12098</position><in_Quantity.quantity>0.000000</in_Quantity.quantity><out_Quantity.quantity>493.148347</out_Quantity.quantity></Point><Point><position>12099</position><in_Quantity.quantity>0.000000</in_Quantity.quantity><out_Quantity.quantity>629.132879</out_Quantity.quantity></Point><Point><position>12100</position><in_Quantity.quantity>0.000000</in_Quantity.quantity><out_Quantity.quantity>134.444296</out_Quantity.quantity></Point><Point><position>12101</position><in_Quantity.quantity>0.000000</in_Quantity.quantity><out_Quantity.quantity>530.798375</out_Quantity.quantity></Point><Point><position>12102</position><in_Quantity.quantity>0.000000</in_Quantity.quantity><out_Quantity.quantity>199.137997</out_Quantity.quantity></Point><Point><position>12103</position><in_Quantity.quantity>0.000000</in_Quantity.quantity><out_Quantity.quantity>633.436535</out_Quantity.quantity></Point><Point><position>12104</position><in_Quantity.quantity>0.000000</in_Quantity.quantity><out_Quantity.quantity>235.118127</out_Quantity.quantity></Point><Point><position>12105</position><in_Quantity.quantity>0.000000</in_Quantity.quantity><out_Quantity.quantity>29.855702</out_Quantity.quantity></Point><Point><position>12106</position><in_Quantity.quantity>0.000000</in_Quantity.quantity><out_Quantity.quantity>583.673804</out_Quantity.quantity></Point><Point><position>12107</position><in_Quantity.quantity>0.000000</in_Quantity.quantity><out_Quantity.quantity>250.265117</out_Quantity.quantity></Point><Point><position>12108</position><in_Quantity.quantity>0.000000</in_Quantity.quantity><out_Quantity.quantity>656.864597</out_Quantity.quantity></Point><Point><position>12109</position><in_Quantity.quantity>0.000000</in_Quantity.quantity><out_Quantity.quantity>714.044088</out_Quantity.quantity></Point><Point><position>12110</position><in_Quantity.quantity>0.000000</in_Quantity.quantity><out_Quantity.quantity>495.927031</out_Quantity.quantity></Point><Point><position>12111</position><in_Quantity.quantity>0.000000</in_Quantity.quantity><out_Quantity.quantity>656.481958</out_Quantity.quantity></Point><Point><position>12112</position><in_Quantity.quantity>0.000000</in_Quantity.quantity><out_Quantity.quantity>193.793674</out_Quantity.quantity></Point><Point><position>12113</position><in_Quantity.quantity>0.000000</in_Quantity.quantity><out_Quantity.quantity>670.789979</out_Quantity.quantity></Point><Point><position>12114</position><in_Quantity.quantity>0.000000</in_Quantity.quantity><out_Quantity.quantity>761.232931</out_Quantity.quantity></Point><Point><position>12115</position><in_Quantity.quantity>0.000000</in_Quantity.quantity><out_Quantity.quantity>249.719321</out_Quantity.quantity></Point><Point><position>12116</position><in_Quantity.quantity>0.000000</in_Quantity.quantity><out_Quantity.quantity>385.692341</out_Quantity.quantity></Point><Point><position>12117</position><in_Quantity.quantity>0.000000</in_Quantity.quantity><out_Quantity.quantity>499.297642</out_Quantity.quantity></Point><Point><position>12118</position><in_Quantity.quantity>0.000000</in_Quantity.quantity><out_Quantity.quantity>341.519587</out_Quantity.quantity></Point><Point><position>12119</position><in_Quantity.quantity>0.000000</in_Quantity.quantity><out_Quantity.quantity>426.486558</out_Quantity.quantity></Point><Point><position>12120</position><in_Quantity.quantity>0.000000</in_Quantity.quantity><out_Quantity.quantity>574.678087</out_Quantity.quantity></Point><Point><position>12121</position><in_Quantity.quantity>0.000000</in_Quantity.quantity><out_Quantity.quantity>255.919379</out_Quantity.quantity></Point><Point><position>12122</position><in_Quantity.quantity>0.000000</in_Quantity.quantity><out_Quantity.quantity>380.756638</out_Quantity.quantity></Point><Point><position>12123</position><in_Quantity.quantity>0.000000</in_Quantity.quantity><out_Quantity.quantity>780.685238</out_Quantity.quantity></Point><Point><position>12124</position><in_Quantity.quantity>0.000000</in_Quantity.quantity><out_Quantity.quantity>875.827548</out_Quantity.quantity></Point><Point><position>12125</position><in_Quantity.quantity>0.000000</in_Quantity.quantity><out_Quantity.quantity>121.378826</out_Quantity.quantity></Point><Point><position>12126</position><in_Quantity.quantity>0.000000</in_Quantity.quantity><out_Quantity.quantity>207.577013</out_Quantity.quantity></Point><Point><position>12127</position><in_Quantity.quantity>0.000000</in_Quantity.quantity><out_Quantity.quantity>9.469013</out_Quantity.quantity></Point><Point><position>12128</position><in_Quantity.quantity>0.000000</in_Quantity.quantity><out_Quantity.quantity>683.443204</out_Quantity.quantity></Point><Point><position>12129</position><in_Quantity.quantity>0.000000</in_Quantity.quantity><out_Quantity.quantity>673.771336</out_Quantity.quantity></Point><Point><position>12130</position><in_Quantity.quantity>0.000000</in_Quantity.quantity><out_Quantity.quantity>25.847635</out_Quantity.quantity></Point><Point><position>12131</position><in_Quantity.quantity>0.000000</in_Quantity.quantity><out_Quantity.quantity>525.834990</out_Quantity.quantity></Point><Point><position>12132</position><in_Quantity.quantity>0.000000</in_Quantity.quantity><out_Quantity.quantity>498.440875</out_Quantity.quantity></Point><Point><position>12133</position><in_Quantity.quantity>0.000000</in_Quantity.quantity><out_Quantity.quantity>946.827230</out_Quantity.quantity></Point><Point><position>12134</position><in_Quantity.quantity>0.000000</in_Quantity.quantity><out_Quantity.quantity>200.304130</out_Quantity.quantity></Point><Point><position>12135</position><in_Quantity.quantity>0.000000</in_Quantity.quantity><out_Quantity.quantity>487.016431</out_Quantity.quantity></Point><Point><position>12136</position><in_Quantity.quantity>0.000000</in_Quantity.quantity><out_Quantity.quantity>898.701227</out_Quantity.quantity></Point><Point><position>12137</position><in_Quantity.quantity>0.000000</in_Quantity.quantity><out_Quantity.quantity>851.444510</out_Quantity.quantity></Point><Point><position>12138</position><in_Quantity.quantity>0.000000</in_Quantity.quantity><out_Quantity.quantity>299.790817</out_Quantity.quantity></Point><Point><position>12139</position><in_Quantity.quantity>0.000000</in_Quantity.quantity><out_Quantity.quantity>981.992871</out_Quantity.quantity></Point><Point><position>12140</position><in_Quantity.quantity>0.000000</in_Quantity.quantity><out_Quantity.quantity>419.407335</out_Quantity.quantity></Point><Point><position>12141</position><in_Quantity.quantity>0.000000</in_Quantity.quantity><out_Quantity.quantity>158.516869</out_Quantity.quantity></Point><Point><position>12142</position><in_Quantity.quantity>0.000000</in_Quantity.quantity><out_Quantity.quantity>567.399058</out_Quantity.quantity></Point><Point><position>12143</position><in_Quantity.quantity>0.000000</in_Quantity.quantity><out_Quantity.quantity>267.921688</out_Quantity.quantity></Point><Point><position>12144</position><in_Quantity.quantity>0.000000</in_Quantity.quantity><out_Quantity.quantity>132.239847</out_Quantity.quantity></Point><Point><position>12145</position><in_Quantity.quantity>0.000000</in_Quantity.quantity><out_Quantity.quantity>23.729494</out_Quantity.quantity></Point><Point><position>12146</position><in_Quantity.quantity>0.000000</in_Quantity.quantity><out_Quantity.quantity>780.310383</out_Quantity.quantity></Point><Point><position>12147</position><in_Quantity.quantity>0.000000</in_Quantity.quantity><out_Quantity.quantity>162.205876</out_Quantity.quantity></Point><Point><position>12148</position><in_Quantity.quantity>0.000000</in_Quantity.quantity><out_Quantity.quantity>639.865894</out_Quantity.quantity></Point><Point><position>12149</position><in_Quantity.quantity>0.000000</in_Quantity.quantity><out_Quantity.quantity>168.324485</out_Quantity.quantity></Point><Point><position>12150</position><in_Quantity.quantity>0.000000</in_Quantity.quantity><out_Quantity.quantity>685.930075</out_Quantity.quantity></Point><Point><position>12151</position><in_Quantity.quantity>0.000000</in_Quantity.quantity><out_Quantity.quantity>381.368575</out_Quantity.quantity></Point><Point><position>12152</position><in_Quantity.quantity>0.000000</in_Quantity.quantity><out_Quantity.quantity>319.028314</out_Quantity.quantity></Point><Point><position>12153</position><in_Quantity.quantity>0.000000</in_Quantity.quantity><out_Quantity.quantity>912.285268</out_Quantity.quantity></Point><Point><position>12154</position><in_Quantity.quantity>0.000000</in_Quantity.quantity><out_Quantity.quantity>910.110150</out_Quantity.quantity></Point><Point><position>12155</position><in_Quantity.quantity>0.000000</in_Quantity.quantity><out_Quantity.quantity>260.424407</out_Quantity.quantity></Point><Point><position>12156</position><in_Quantity.quantity>0.000000</in_Quantity.quantity><out_Quantity.quantity>307.119662</out_Quantity.quantity></Point><Point><position>12157</position><in_Quantity.quantity>0.000000</in_Quantity.quantity><out_Quantity.quantity>19.152625</out_Quantity.quantity></Point><Point><position>12158</position><in_Quantity.quantity>0.000000</in_Quantity.quantity><out_Quantity.quantity>903.315013</out_Quantity.quantity></Point><Point><position>12159</position><in_Quantity.quantity>0.000000</in_Quantity.quantity><out_Quantity.quantity>996.703282</out_Quantity.quantity></Point><Point><position>12160</position><in_Quantity.quantity>0.000000</in_Quantity.quantity><out_Quantity.quantity>756.305976</out_Quantity.quantity></Point><Point><position>12161</position><in_Quantity.quantity>0.000000</in_Quantity.quantity><out_Quantity.quantity>857.945858</out_Quantity.quantity></Point><Point><position>12162</position><in_Quantity.quantity>0.000000</in_Quantity.quantity><out_Quantity.quantity>908.431892</out_Quantity.quantity></Point><Point><position>12163</position><in_Quantity.quantity>0.000000</in_Quantity.quantity><out_Quantity.quantity>461.571693</out_Quantity.quantity></Point><Point><position>12164</position><in_Quantity.quantity>0.000000</in_Quantity.quantity><out_Quantity.quantity>751.475144</out_Quantity.quantity></Point><Point><position>12165</position><in_Quantity.quantity>0.000000</in_Quantity.quantity><out_Quantity.quantity>63.695979</out_Quantity.quantity></Point><Point><position>12166</position><in_Quantity.quantity>0.000000</in_Quantity.quantity><out_Quantity.quantity>951.049194</out_Quantity.quantity></Point><Point><position>12167</position><in_Quantity.quantity>0.000000</in_Quantity.quantity><out_Quantity.quantity>753.080706</out_Quantity.quantity></Point><Point><position>12168</position><in_Quantity.quantity>0.000000</in_Quantity.quantity><out_Quantity.quantity>833.035526</out_Quantity.quantity></Point><Point><position>12169</position><in_Quantity.quantity>0.000000</in_Quantity.quantity><out_Quantity.quantity>597.362998</out_Quantity.quantity></Point><Point><position>12170</position><in_Quantity.quantity>0.000000</in_Quantity.quantity><out_Quantity.quantity>942.970918</out_Quantity.quantity></Point><Point><position>12171</position><in_Quantity.quantity>0.000000</in_Quantity.quantity><out_Quantity.quantity>150.696922</out_Quantity.quantity></Point><Point><position>12172</position><in_Quantity.quantity>0.000000</in_Quantity.quantity><out_Quantity.quantity>584.764319</out_Quantity.quantity></Point><Point><position>12173</position><in_Quantity.quantity>0.000000</in_Quantity.quantity><out_Quantity.quantity>514.584228</out_Quantity.quantity></Point><Point><position>12174</position><in_Quantity.quantity>0.000000</in_Quantity.quantity><out_Quantity.quantity>833.532919</out_Quantity.quantity></Point><Point><position>12175</position><in_Quantity.quantity>0.000000</in_Quantity.quantity><out_Quantity.quantity>595.304841</out_Quantity.quantity></Point><Point><position>12176</position><in_Quantity.quantity>0.000000</in_Quantity.quantity><out_Quantity.quantity>508.885990</out_Quantity.quantity></Point><Point><position>12177</position><in_Quantity.quantity>0.000000</in_Quantity.quantity><out_Quantity.quantity>358.518775</out_Quantity.quantity></Point><Point><position>12178</position><in_Quantity.quantity>0.000000</in_Quantity.quantity><out_Quantity.quantity>339.157878</out_Quantity.quantity></Point><Point><position>12179</position><in_Quantity.quantity>0.000000</in_Quantity.quantity><out_Quantity.quantity>420.155088</out_Quantity.quantity></Point><Point><position>12180</position><in_Quantity.quantity>0.000000</in_Quantity.quantity><out_Quantity.quantity>819.101972</out_Quantity.quantity></Point><Point><position>12181</position><in_Quantity.quantity>0.000000</in_Quantity.quantity><out_Quantity.quantity>7.137657</out_Quantity.quantity></Point><Point><position>12182</position><in_Quantity.quantity>0.000000</in_Quantity.quantity><out_Quantity.quantity>955.551946</out_Quantity.quantity></Point><Point><position>12183</position><in_Quantity.quantity>0.000000</in_Quantity.quantity><out_Quantity.quantity>727.681043</out_Quantity.quantity></Point><Point><position>12184</position><in_Quantity.quantity>0.000000</in_Quantity.quantity><out_Quantity.quantity>855.544138</out_Quantity.quantity></Point><Point><position>12185</position><in_Quantity.quantity>0.000000</in_Quantity.quantity><out_Quantity.quantity>208.993622</out_Quantity.quantity></Point><Point><position>12186</position><in_Quantity.quantity>0.000000</in_Quantity.quantity><out_Quantity.quantity>510.362598</out_Quantity.quantity></Point><Point><position>12187</position><in_Quantity.quantity>0.000000</in_Quantity.quantity><out_Quantity.quantity>182.559732</out_Quantity.quantity></Point><Point><position>12188</position><in_Quantity.quantity>0.000000</in_Quantity.quantity><out_Quantity.quantity>842.322019</out_Quantity.quantity></Point><Point><position>12189</position><in_Quantity.quantity>0.000000</in_Quantity.quantity><out_Quantity.quantity>57.343431</out_Quantity.quantity></Point><Point><position>12190</position><in_Quantity.quantity>0.000000</in_Quantity.quantity><out_Quantity.quantity>217.420328</out_Quantity.quantity></Point><Point><position>12191</position><in_Quantity.quantity>0.000000</in_Quantity.quantity><out_Quantity.quantity>673.907972</out_Quantity.quantity></Point><Point><position>12192</position><in_Quantity.quantity>0.000000</in_Quantity.quantity><out_Quantity.quantity>584.208352</out_Quantity.quantity></Point><Point><position>12193</position><in_Quantity.quantity>0.000000</in_Quantity.quantity><out_Quantity.quantity>256.617929</out_Quantity.quantity></Point><Point><position>12194</position><in_Quantity.quantity>0.000000</in_Quantity.quantity><out_Quantity.quantity>739.944004</out_Quantity.quantity></Point><Point><position>12195</position><in_Quantity.quantity>0.000000</in_Quantity.quantity><out_Quantity.quantity>2.932790</out_Quantity.quantity></Point><Point><position>12196</position><in_Quantity.quantity>0.000000</in_Quantity.quantity><out_Quantity.quantity>35.432421</out_Quantity.quantity></Point><Point><position>12197</position><in_Quantity.quantity>0.000000</in_Quantity.quantity><out_Quantity.quantity>569.320620</out_Quantity.quantity></Point><Point><position>12198</position><in_Quantity.quantity>0.000000</in_Quantity.quantity><out_Quantity.quantity>335.666494</out_Quantity.quantity></Point><Point><position>12199</position><in_Quantity.quantity>0.000000</in_Quantity.quantity><out_Quantity.quantity>39.759064</out_Quantity.quantity></Point><Point><position>12200</position><in_Quantity.quantity>0.000000</in_Quantity.quantity><out_Quantity.quantity>537.934247</out_Quantity.quantity></Point><Point><position>12201</position><in_Quantity.quantity>0.000000</in_Quantity.quantity><out_Quantity.quantity>673.539656</out_Quantity.quantity></Point><Point><position>12202</position><in_Quantity.quantity>0.000000</in_Quantity.quantity><out_Quantity.quantity>196.755005</out_Quantity.quantity></Point><Point><position>12203</position><in_Quantity.quantity>0.000000</in_Quantity.quantity><out_Quantity.quantity>567.244159</out_Quantity.quantity></Point><Point><position>12204</position><in_Quantity.quantity>0.000000</in_Quantity.quantity><out_Quantity.quantity>920.073919</out_Quantity.quantity></Point><Point><position>12205</position><in_Quantity.quantity>0.000000</in_Quantity.quantity><out_Quantity.quantity>403.306174</out_Quantity.quantity></Point><Point><position>12206</position><in_Quantity.quantity>0.000000</in_Quantity.quantity><out_Quantity.quantity>753.309488</out_Quantity.quantity></Point><Point><position>12207</position><in_Quantity.quantity>0.000000</in_Quantity.quantity><out_Quantity.quantity>19.955413</out_Quantity.quantity></Point><Point><position>12208</position><in_Quantity.quantity>0.000000</in_Quantity.quantity><out_Quantity.quantity>42.698860</out_Quantity.quantity></Point><Point><position>12209</position><in_Quantity.quantity>0.000000</in_Quantity.quantity><out_Quantity.quantity>898.700006</out_Quantity.quantity></Point><Point><position>12210</position><in_Quantity.quantity>0.000000</in_Quantity.quantity><out_Quantity.quantity>261.783480</out_Quantity.quantity></Point><Point><position>12211</position><in_Quantity.quantity>0.000000</in_Quantity.quantity><out_Quantity.quantity>583.867737</out_Quantity.quantity></Point><Point><position>12212</position><in_Quantity.quantity>0.000000</in_Quantity.quantity><out_Quantity.quantity>161.252673</out_Quantity.quantity></Point><Point><position>12213</position><in_Quantity.quantity>0.000000</in_Quantity.quantity><out_Quantity.quantity>520.598613</out_Quantity.quantity></Point><Point><position>12214</position><in_Quantity.quantity>0.000000</in_Quantity.quantity><out_Quantity.quantity>175.226917</out_Quantity.quantity></Point><Point><position>12215</position><in_Quantity.quantity>0.000000</in_Quantity.quantity><out_Quantity.quantity>408.788218</out_Quantity.quantity></Point><Point><position>12216</position><in_Quantity.quantity>0.000000</in_Quantity.quantity><out_Quantity.quantity>93.250852</out_Quantity.quantity></Point><Point><position>12217</position><in_Quantity.quantity>0.000000</in_Quantity.quantity><out_Quantity.quantity>688.664303</out_Quantity.quantity></Point><Point><position>12218</position><in_Quantity.quantity>0.000000</in_Quantity.quantity><out_Quantity.quantity>876.891263</out_Quantity.quantity></Point><Point><position>12219</position><in_Quantity.quantity>0.000000</in_Quantity.quantity><out_Quantity.quantity>686.886646</out_Quantity.quantity></Point><Point><position>12220</position><in_Quantity.quantity>0.000000</in_Quantity.quantity><out_Quantity.quantity>874.980476</out_Quantity.quantity></Point><Point><position>12221</position><in_Quantity.quantity>0.000000</in_Quantity.quantity><out_Quantity.quantity>866.767975</out_Quantity.quantity></Point><Point><position>12222</position><in_Quantity.quantity>0.000000</in_Quantity.quantity><out_Quantity.quantity>92.349589</out_Quantity.quantity></Point><Point><position>12223</position><in_Quantity.quantity>0.000000</in_Quantity.quantity><out_Quantity.quantity>215.707412</out_Quantity.quantity></Point><Point><position>12224</position><in_Quantity.quantity>0.000000</in_Quantity.quantity><out_Quantity.quantity>314.062997</out_Quantity.quantity></Point><Point><position>12225</position><in_Quantity.quantity>0.000000</in_Quantity.quantity><out_Quantity.quantity>989.446471</out_Quantity.quantity></Point><Point><position>12226</position><in_Quantity.quantity>0.000000</in_Quantity.quantity><out_Quantity.quantity>7.729070</out_Quantity.quantity></Point><Point><position>12227</position><in_Quantity.quantity>0.000000</in_Quantity.quantity><out_Quantity.quantity>527.122997</out_Quantity.quantity></Point><Point><position>12228</position><in_Quantity.quantity>0.000000</in_Quantity.quantity><out_Quantity.quantity>394.721957</out_Quantity.quantity></Point><Point><position>12229</position><in_Quantity.quantity>0.000000</in_Quantity.quantity><out_Quantity.quantity>446.558652</out_Quantity.quantity></Point><Point><position>12230</position><in_Quantity.quantity>0.000000</in_Quantity.quantity><out_Quantity.quantity>313.535884</out_Quantity.quantity></Point><Point><position>12231</position><in_Quantity.quantity>0.000000</in_Quantity.quantity><out_Quantity.quantity>673.310363</out_Quantity.quantity></Point><Point><position>12232</position><in_Quantity.quantity>0.000000</in_Quantity.quantity><out_Quantity.quantity>227.349800</out_Quantity.quantity></Point><Point><position>12233</position><in_Quantity.quantity>0.000000</in_Quantity.quantity><out_Quantity.quantity>219.967249</out_Quantity.quantity></Point><Point><position>12234</position><in_Quantity.quantity>0.000000</in_Quantity.quantity><out_Quantity.quantity>435.288667</out_Quantity.quantity></Point><Point><position>12235</position><in_Quantity.quantity>0.000000</in_Quantity.quantity><out_Quantity.quantity>741.025154</out_Quantity.quantity></Point><Point><position>12236</position><in_Quantity.quantity>0.000000</in_Quantity.quantity><out_Quantity.quantity>642.733541</out_Quantity.quantity></Point><Point><position>12237</position><in_Quantity.quantity>0.000000</in_Quantity.quantity><out_Quantity.quantity>697.934455</out_Quantity.quantity></Point><Point><position>12238</position><in_Quantity.quantity>0.000000</in_Quantity.quantity><out_Quantity.quantity>874.223861</out_Quantity.quantity></Point><Point><position>12239</position><in_Quantity.quantity>0.000000</in_Quantity.quantity><out_Quantity.quantity>527.503888</out_Quantity.quantity></Point><Point><position>12240</position><in_Quantity.quantity>0.000000</in_Quantity.quantity><out_Quantity.quantity>85.326555</out_Quantity.quantity></Point><Point><position>12241</position><in_Quantity.quantity>0.000000</in_Quantity.quantity><out_Quantity.quantity>51.880163</out_Quantity.quantity></Point><Point><position>12242</position><in_Quantity.quantity>0.000000</in_Quantity.quantity><out_Quantity.quantity>664.003767</out_Quantity.quantity></Point><Point><position>12243</position><in_Quantity.quantity>0.000000</in_Quantity.quantity><out_Quantity.quantity>893.131066</out_Quantity.quantity></Point><Point><position>12244</position><in_Quantity.quantity>0.000000</in_Quantity.quantity><out_Quantity.quantity>936.832540</out_Quantity.quantity></Point><Point><position>12245</position><in_Quantity.quantity>0.000000</in_Quantity.quantity><out_Quantity.quantity>382.953728</out_Quantity.quantity></Point><Point><position>12246</position><in_Quantity.quantity>0.000000</in_Quantity.quantity><out_Quantity.quantity>824.925870</out_Quantity.quantity></Point><Point><position>12247</position><in_Quantity.quantity>0.000000</in_Quantity.quantity><out_Quantity.quantity>745.133572</out_Quantity.quantity></Point><Point><position>12248</position><in_Quantity.quantity>0.000000</in_Quantity.quantity><out_Quantity.quantity>75.896363</out_Quantity.quantity></Point><Point><position>12249</position><in_Quantity.quantity>0.000000</in_Quantity.quantity><out_Quantity.quantity>180.837198</out_Quantity.quantity></Point><Point><position>12250</position><in_Quantity.quantity>0.000000</in_Quantity.quantity><out_Quantity.quantity>457.452883</out_Quantity.quantity></Point><Point><position>12251</position><in_Quantity.quantity>0.000000</in_Quantity.quantity><out_Quantity.quantity>569.942366</out_Quantity.quantity></Point><Point><position>12252</position><in_Quantity.quantity>0.000000</in_Quantity.quantity><out_Quantity.quantity>760.381784</out_Quantity.quantity></Point><Point><position>12253</position><in_Quantity.quantity>0.000000</in_Quantity.quantity><out_Quantity.quantity>239.546731</out_Quantity.quantity></Point><Point><position>12254</position><in_Quantity.quantity>0.000000</in_Quantity.quantity><out_Quantity.quantity>729.583394</out_Quantity.quantity></Point><Point><position>12255</position><in_Quantity.quantity>0.000000</in_Quantity.quantity><out_Quantity.quantity>319.780170</out_Quantity.quantity></Point><Point><position>12256</position><in_Quantity.quantity>0.000000</in_Quantity.quantity><out_Quantity.quantity>863.338338</out_Quantity.quantity></Point><Point><position>12257</position><in_Quantity.quantity>0.000000</in_Quantity.quantity><out_Quantity.quantity>765.590157</out_Quantity.quantity></Point><Point><position>12258</position><in_Quantity.quantity>0.000000</in_Quantity.quantity><out_Quantity.quantity>981.280454</out_Quantity.quantity></Point><Point><position>12259</position><in_Quantity.quantity>0.000000</in_Quantity.quantity><out_Quantity.quantity>497.800526</out_Quantity.quantity></Point><Point><position>12260</position><in_Quantity.quantity>0.000000</in_Quantity.quantity><out_Quantity.quantity>113.691760</out_Quantity.quantity></Point><Point><position>12261</position><in_Quantity.quantity>0.000000</in_Quantity.quantity><out_Quantity.quantity>624.620444</out_Quantity.quantity></Point><Point><position>12262</position><in_Quantity.quantity>0.000000</in_Quantity.quantity><out_Quantity.quantity>736.617275</out_Quantity.quantity></Point><Point><position>12263</position><in_Quantity.quantity>0.000000</in_Quantity.quantity><out_Quantity.quantity>430.923198</out_Quantity.quantity></Point><Point><position>12264</position><in_Quantity.quantity>0.000000</in_Quantity.quantity><out_Quantity.quantity>467.325276</out_Quantity.quantity></Point><Point><position>12265</position><in_Quantity.quantity>0.000000</in_Quantity.quantity><out_Quantity.quantity>874.164009</out_Quantity.quantity></Point><Point><position>12266</position><in_Quantity.quantity>0.000000</in_Quantity.quantity><out_Quantity.quantity>969.704070</out_Quantity.quantity></Point><Point><position>12267</position><in_Quantity.quantity>0.000000</in_Quantity.quantity><out_Quantity.quantity>861.093779</out_Quantity.quantity></Point><Point><position>12268</position><in_Quantity.quantity>0.000000</in_Quantity.quantity><out_Quantity.quantity>854.337059</out_Quantity.quantity></Point><Point><position>12269</position><in_Quantity.quantity>0.000000</in_Quantity.quantity><out_Quantity.quantity>765.949156</out_Quantity.quantity></Point><Point><position>12270</position><in_Quantity.quantity>0.000000</in_Quantity.quantity><out_Quantity.quantity>287.397342</out_Quantity.quantity></Point><Point><position>12271</position><in_Quantity.quantity>0.000000</in_Quantity.quantity><out_Quantity.quantity>956.233421</out_Quantity.quantity></Point><Point><position>12272</position><in_Quantity.quantity>0.000000</in_Quantity.quantity><out_Quantity.quantity>752.495530</out_Quantity.quantity></Point><Point><position>12273</position><in_Quantity.quantity>0.000000</in_Quantity.quantity><out_Quantity.quantity>753.454138</out_Quantity.quantity></Point><Point><position>12274</position><in_Quantity.quantity>0.000000</in_Quantity.quantity><out_Quantity.quantity>54.785118</out_Quantity.quantity></Point><Point><position>12275</position><in_Quantity.quantity>0.000000</in_Quantity.quantity><out_Quantity.quantity>814.410432</out_Quantity.quantity></Point><Point><position>12276</position><in_Quantity.quantity>0.000000</in_Quantity.quantity><out_Quantity.quantity>934.727688</out_Quantity.quantity></Point><Point><position>12277</position><in_Quantity.quantity>0.000000</in_Quantity.quantity><out_Quantity.quantity>142.960749</out_Quantity.quantity></Point><Point><position>12278</position><in_Quantity.quantity>0.000000</in_Quantity.quantity><out_Quantity.quantity>722.163870</out_Quantity.quantity></Point><Point><position>12279</position><in_Quantity.quantity>0.000000</in_Quantity.quantity><out_Quantity.quantity>30.280017</out_Quantity.quantity></Point><Point><position>12280</position><in_Quantity.quantity>0.000000</in_Quantity.quantity><out_Quantity.quantity>430.471390</out_Quantity.quantity></Point><Point><position>12281</position><in_Quantity.quantity>0.000000</in_Quantity.quantity><out_Quantity.quantity>555.146355</out_Quantity.quantity></Point><Point><position>12282</position><in_Quantity.quantity>0.000000</in_Quantity.quantity><out_Quantity.quantity>162.660152</out_Quantity.quantity></Point><Point><position>12283</position><in_Quantity.quantity>0.000000</in_Quantity.quantity><out_Quantity.quantity>44.956036</out_Quantity.quantity></Point><Point><position>12284</position><in_Quantity.quantity>0.000000</in_Quantity.quantity><out_Quantity.quantity>233.161747</out_Quantity.quantity></Point><Point><position>12285</position><in_Quantity.quantity>0.000000</in_Quantity.quantity><out_Quantity.quantity>448.386621</out_Quantity.quantity></Point><Point><position>12286</position><in_Quantity.quantity>0.000000</in_Quantity.quantity><out_Quantity.quantity>153.659546</out_Quantity.quantity></Point><Point><position>12287</position><in_Quantity.quantity>0.000000</in_Quantity.quantity><out_Quantity.quantity>893.299838</out_Quantity.quantity></Point><Point><position>12288</position><in_Quantity.quantity>0.000000</in_Quantity.quantity><out_Quantity.quantity>789.532668</out_Quantity.quantity></Point><Point><position>12289</position><in_Quantity.quantity>0.000000</in_Quantity.quantity><out_Quantity.quantity>890.032248</out_Quantity.quantity></Point><Point><position>12290</position><in_Quantity.quantity>0.000000</in_Quantity.quantity><out_Quantity.quantity>115.200104</out_Quantity.quantity></Point><Point><position>12291</position><in_Quantity.quantity>0.000000</in_Quantity.quantity><out_Quantity.quantity>244.225701</out_Quantity.quantity></Point><Point><position>12292</position><in_Quantity.quantity>0.000000</in_Quantity.quantity><out_Quantity.quantity>170.249315</out_Quantity.quantity></Point><Point><position>12293</position><in_Quantity.quantity>0.000000</in_Quantity.quantity><out_Quantity.quantity>971.971396</out_Quantity.quantity></Point><Point><position>12294</position><in_Quantity.quantity>0.000000</in_Quantity.quantity><out_Quantity.quantity>330.284134</out_Quantity.quantity></Point><Point><position>12295</position><in_Quantity.quantity>0.000000</in_Quantity.quantity><out_Quantity.quantity>240.798322</out_Quantity.quantity></Point><Point><position>12296</position><in_Quantity.quantity>0.000000</in_Quantity.quantity><out_Quantity.quantity>393.039457</out_Quantity.quantity></Point><Point><position>12297</position><in_Quantity.quantity>0.000000</in_Quantity.quantity><out_Quantity.quantity>270.827425</out_Quantity.quantity></Point><Point><position>12298</position><in_Quantity.quantity>0.000000</in_Quantity.quantity><out_Quantity.quantity>967.218112</out_Quantity.quantity></Point><Point><position>12299</position><in_Quantity.quantity>0.000000</in_Quantity.quantity><out_Quantity.quantity>194.536678</out_Quantity.quantity></Point><Point><position>12300</position><in_Quantity.quantity>0.000000</in_Quantity.quantity><out_Quantity.quantity>783.706485</out_Quantity.quantity></Point><Point><position>12301</position><in_Quantity.quantity>0.000000</in_Quantity.quantity><out_Quantity.quantity>816.167642</out_Quantity.quantity></Point><Point><position>12302</position><in_Quantity.quantity>0.000000</in_Quantity.quantity><out_Quantity.quantity>120.847302</out_Quantity.quantity></Point><Point><position>12303</position><in_Quantity.quantity>0.000000</in_Quantity.quantity><out_Quantity.quantity>133.154145</out_Quantity.quantity></Point><Point><position>12304</position><in_Quantity.quantity>0.000000</in_Quantity.quantity><out_Quantity.quantity>135.950218</out_Quantity.quantity></Point><Point><position>12305</position><in_Quantity.quantity>0.000000</in_Quantity.quantity><out_Quantity.quantity>576.476648</out_Quantity.quantity></Point><Point><position>12306</position><in_Quantity.quantity>0.000000</in_Quantity.quantity><out_Quantity.quantity>197.860209</out_Quantity.quantity></Point><Point><position>12307</position><in_Quantity.quantity>0.000000</in_Quantity.quantity><out_Quantity.quantity>942.170915</out_Quantity.quantity></Point><Point><position>12308</position><in_Quantity.quantity>0.000000</in_Quantity.quantity><out_Quantity.quantity>423.698147</out_Quantity.quantity></Point><Point><position>12309</position><in_Quantity.quantity>0.000000</in_Quantity.quantity><out_Quantity.quantity>466.674818</out_Quantity.quantity></Point><Point><position>12310</position><in_Quantity.quantity>0.000000</in_Quantity.quantity><out_Quantity.quantity>373.758872</out_Quantity.quantity></Point><Point><position>12311</position><in_Quantity.quantity>0.000000</in_Quantity.quantity><out_Quantity.quantity>951.633882</out_Quantity.quantity></Point><Point><position>12312</position><in_Quantity.quantity>0.000000</in_Quantity.quantity><out_Quantity.quantity>99.562822</out_Quantity.quantity></Point><Point><position>12313</position><in_Quantity.quantity>0.000000</in_Quantity.quantity><out_Quantity.quantity>619.699557</out_Quantity.quantity></Point><Point><position>12314</position><in_Quantity.quantity>0.000000</in_Quantity.quantity><out_Quantity.quantity>123.992122</out_Quantity.quantity></Point><Point><position>12315</position><in_Quantity.quantity>0.000000</in_Quantity.quantity><out_Quantity.quantity>15.172382</out_Quantity.quantity></Point><Point><position>12316</position><in_Quantity.quantity>0.000000</in_Quantity.quantity><out_Quantity.quantity>72.438685</out_Quantity.quantity></Point><Point><position>12317</position><in_Quantity.quantity>0.000000</in_Quantity.quantity><out_Quantity.quantity>581.833943</out_Quantity.quantity></Point><Point><position>12318</position><in_Quantity.quantity>0.000000</in_Quantity.quantity><out_Quantity.quantity>404.804236</out_Quantity.quantity></Point><Point><position>12319</position><in_Quantity.quantity>0.000000</in_Quantity.quantity><out_Quantity.quantity>968.256205</out_Quantity.quantity></Point><Point><position>12320</position><in_Quantity.quantity>0.000000</in_Quantity.quantity><out_Quantity.quantity>990.956876</out_Quantity.quantity></Point><Point><position>12321</position><in_Quantity.quantity>0.000000</in_Quantity.quantity><out_Quantity.quantity>96.451698</out_Quantity.quantity></Point><Point><position>12322</position><in_Quantity.quantity>0.000000</in_Quantity.quantity><out_Quantity.quantity>674.800147</out_Quantity.quantity></Point><Point><position>12323</position><in_Quantity.quantity>0.000000</in_Quantity.quantity><out_Quantity.quantity>753.991850</out_Quantity.quantity></Point><Point><position>12324</position><in_Quantity.quantity>0.000000</in_Quantity.quantity><out_Quantity.quantity>812.869415</out_Quantity.quantity></Point><Point><position>12325</position><in_Quantity.quantity>0.000000</in_Quantity.quantity><out_Quantity.quantity>863.459866</out_Quantity.quantity></Point><Point><position>12326</position><in_Quantity.quantity>0.000000</in_Quantity.quantity><out_Quantity.quantity>196.031154</out_Quantity.quantity></Point><Point><position>12327</position><in_Quantity.quantity>0.000000</in_Quantity.quantity><out_Quantity.quantity>824.299667</out_Quantity.quantity></Point><Point><position>12328</position><in_Quantity.quantity>0.000000</in_Quantity.quantity><out_Quantity.quantity>490.256839</out_Quantity.quantity></Point><Point><position>12329</position><in_Quantity.quantity>0.000000</in_Quantity.quantity><out_Quantity.quantity>445.265390</out_Quantity.quantity></Point><Point><position>12330</position><in_Quantity.quantity>0.000000</in_Quantity.quantity><out_Quantity.quantity>293.421715</out_Quantity.quantity></Point><Point><position>12331</position><in_Quantity.quantity>0.000000</in_Quantity.quantity><out_Quantity.quantity>457.963573</out_Quantity.quantity></Point><Point><position>12332</position><in_Quantity.quantity>0.000000</in_Quantity.quantity><out_Quantity.quantity>85.933526</out_Quantity.quantity></Point><Point><position>12333</position><in_Quantity.quantity>0.000000</in_Quantity.quantity><out_Quantity.quantity>64.253110</out_Quantity.quantity></Point><Point><position>12334</position><in_Quantity.quantity>0.000000</in_Quantity.quantity><out_Quantity.quantity>388.415540</out_Quantity.quantity></Point><Point><position>12335</position><in_Quantity.quantity>0.000000</in_Quantity.quantity><out_Quantity.quantity>749.139022</out_Quantity.quantity></Point><Point><position>12336</position><in_Quantity.quantity>0.000000</in_Quantity.quantity><out_Quantity.quantity>953.343708</out_Quantity.quantity></Point><Point><position>12337</position><in_Quantity.quantity>0.000000</in_Quantity.quantity><out_Quantity.quantity>53.332211</out_Quantity.quantity></Point><Point><position>12338</position><in_Quantity.quantity>0.000000</in_Quantity.quantity><out_Quantity.quantity>452.750665</out_Quantity.quantity></Point><Point><position>12339</position><in_Quantity.quantity>0.000000</in_Quantity.quantity><out_Quantity.quantity>534.322864</out_Quantity.quantity></Point><Point><position>12340</position><in_Quantity.quantity>0.000000</in_Quantity.quantity><out_Quantity.quantity>40.624331</out_Quantity.quantity></Point><Point><position>12341</position><in_Quantity.quantity>0.000000</in_Quantity.quantity><out_Quantity.quantity>444.171150</out_Quantity.quantity></Point><Point><position>12342</position><in_Quantity.quantity>0.000000</in_Quantity.quantity><out_Quantity.quantity>341.339299</out_Quantity.quantity></Point><Point><position>12343</position><in_Quantity.quantity>0.000000</in_Quantity.quantity><out_Quantity.quantity>465.533948</out_Quantity.quantity></Point><Point><position>12344</position><in_Quantity.quantity>0.000000</in_Quantity.quantity><out_Quantity.quantity>313.932877</out_Quantity.quantity></Point><Point><position>12345</position><in_Quantity.quantity>0.000000</in_Quantity.quantity><out_Quantity.quantity>321.312871</out_Quantity.quantity></Point><Point><position>12346</position><in_Quantity.quantity>0.000000</in_Quantity.quantity><out_Quantity.quantity>780.944631</out_Quantity.quantity></Point><Point><position>12347</position><in_Quantity.quantity>0.000000</in_Quantity.quantity><out_Quantity.quantity>512.875117</out_Quantity.quantity></Point><Point><position>12348</position><in_Quantity.quantity>0.000000</in_Quantity.quantity><out_Quantity.quantity>225.294176</out_Quantity.quantity></Point><Point><position>12349</position><in_Quantity.quantity>0.000000</in_Quantity.quantity><out_Quantity.quantity>573.239979</out_Quantity.quantity></Point><Point><position>12350</position><in_Quantity.quantity>0.000000</in_Quantity.quantity><out_Quantity.quantity>616.281678</out_Quantity.quantity></Point><Point><position>12351</position><in_Quantity.quantity>0.000000</in_Quantity.quantity><out_Quantity.quantity>989.954952</out_Quantity.quantity></Point><Point><position>12352</position><in_Quantity.quantity>0.000000</in_Quantity.quantity><out_Quantity.quantity>373.656557</out_Quantity.quantity></Point><Point><position>12353</position><in_Quantity.quantity>0.000000</in_Quantity.quantity><out_Quantity.quantity>931.349349</out_Quantity.quantity></Point><Point><position>12354</position><in_Quantity.quantity>0.000000</in_Quantity.quantity><out_Quantity.quantity>16.305949</out_Quantity.quantity></Point><Point><position>12355</position><in_Quantity.quantity>0.000000</in_Quantity.quantity><out_Quantity.quantity>361.491091</out_Quantity.quantity></Point><Point><position>12356</position><in_Quantity.quantity>0.000000</in_Quantity.quantity><out_Quantity.quantity>232.870385</out_Quantity.quantity></Point><Point><position>12357</position><in_Quantity.quantity>0.000000</in_Quantity.quantity><out_Quantity.quantity>229.183914</out_Quantity.quantity></Point><Point><position>12358</position><in_Quantity.quantity>0.000000</in_Quantity.quantity><out_Quantity.quantity>238.444355</out_Quantity.quantity></Point><Point><position>12359</position><in_Quantity.quantity>0.000000</in_Quantity.quantity><out_Quantity.quantity>184.213537</out_Quantity.quantity></Point><Point><position>12360</position><in_Quantity.quantity>0.000000</in_Quantity.quantity><out_Quantity.quantity>504.368951</out_Quantity.quantity></Point><Point><position>12361</position><in_Quantity.quantity>0.000000</in_Quantity.quantity><out_Quantity.quantity>722.760890</out_Quantity.quantity></Point><Point><position>12362</position><in_Quantity.quantity>0.000000</in_Quantity.quantity><out_Quantity.quantity>351.584941</out_Quantity.quantity></Point><Point><position>12363</position><in_Quantity.quantity>0.000000</in_Quantity.quantity><out_Quantity.quantity>383.767609</out_Quantity.quantity></Point><Point><position>12364</position><in_Quantity.quantity>0.000000</in_Quantity.quantity><out_Quantity.quantity>272.692580</out_Quantity.quantity></Point><Point><position>12365</position><in_Quantity.quantity>0.000000</in_Quantity.quantity><out_Quantity.quantity>735.258500</out_Quantity.quantity></Point><Point><position>12366</position><in_Quantity.quantity>0.000000</in_Quantity.quantity><out_Quantity.quantity>893.081663</out_Quantity.quantity></Point><Point><position>12367</position><in_Quantity.quantity>0.000000</in_Quantity.quantity><out_Quantity.quantity>309.896673</out_Quantity.quantity></Point><Point><position>12368</position><in_Quantity.quantity>0.000000</in_Quantity.quantity><out_Quantity.quantity>759.520527</out_Quantity.quantity></Point><Point><position>12369</position><in_Quantity.quantity>0.000000</in_Quantity.quantity><out_Quantity.quantity>731.342230</out_Quantity.quantity></Point><Point><position>12370</position><in_Quantity.quantity>0.000000</in_Quantity.quantity><out_Quantity.quantity>333.820727</out_Quantity.quantity></Point><Point><position>12371</position><in_Quantity.quantity>0.000000</in_Quantity.quantity><out_Quantity.quantity>796.780254</out_Quantity.quantity></Point><Point><position>12372</position><in_Quantity.quantity>0.000000</in_Quantity.quantity><out_Quantity.quantity>973.193971</out_Quantity.quantity></Point><Point><position>12373</position><in_Quantity.quantity>0.000000</in_Quantity.quantity><out_Quantity.quantity>557.337088</out_Quantity.quantity></Point><Point><position>12374</position><in_Quantity.quantity>0.000000</in_Quantity.quantity><out_Quantity.quantity>447.701806</out_Quantity.quantity></Point><Point><position>12375</position><in_Quantity.quantity>0.000000</in_Quantity.quantity><out_Quantity.quantity>246.257483</out_Quantity.quantity></Point><Point><position>12376</position><in_Quantity.quantity>0.000000</in_Quantity.quantity><out_Quantity.quantity>281.410161</out_Quantity.quantity></Point><Point><position>12377</position><in_Quantity.quantity>0.000000</in_Quantity.quantity><out_Quantity.quantity>116.903195</out_Quantity.quantity></Point><Point><position>12378</position><in_Quantity.quantity>0.000000</in_Quantity.quantity><out_Quantity.quantity>239.454668</out_Quantity.quantity></Point><Point><position>12379</position><in_Quantity.quantity>0.000000</in_Quantity.quantity><out_Quantity.quantity>893.586801</out_Quantity.quantity></Point><Point><position>12380</position><in_Quantity.quantity>0.000000</in_Quantity.quantity><out_Quantity.quantity>776.888235</out_Quantity.quantity></Point><Point><position>12381</position><in_Quantity.quantity>0.000000</in_Quantity.quantity><out_Quantity.quantity>408.438556</out_Quantity.quantity></Point><Point><position>12382</position><in_Quantity.quantity>0.000000</in_Quantity.quantity><out_Quantity.quantity>355.672854</out_Quantity.quantity></Point><Point><position>12383</position><in_Quantity.quantity>0.000000</in_Quantity.quantity><out_Quantity.quantity>414.406804</out_Quantity.quantity></Point><Point><position>12384</position><in_Quantity.quantity>0.000000</in_Quantity.quantity><out_Quantity.quantity>423.969420</out_Quantity.quantity></Point><Point><position>12385</position><in_Quantity.quantity>0.000000</in_Quantity.quantity><out_Quantity.quantity>115.779515</out_Quantity.quantity></Point><Point><position>12386</position><in_Quantity.quantity>0.000000</in_Quantity.quantity><out_Quantity.quantity>977.194649</out_Quantity.quantity></Point><Point><position>12387</position><in_Quantity.quantity>0.000000</in_Quantity.quantity><out_Quantity.quantity>901.972993</out_Quantity.quantity></Point><Point><position>12388</position><in_Quantity.quantity>0.000000</in_Quantity.quantity><out_Quantity.quantity>104.084103</out_Quantity.quantity></Point><Point><position>12389</position><in_Quantity.quantity>0.000000</in_Quantity.quantity><out_Quantity.quantity>881.058827</out_Quantity.quantity></Point><Point><position>12390</position><in_Quantity.quantity>0.000000</in_Quantity.quantity><out_Quantity.quantity>580.641008</out_Quantity.quantity></Point><Point><position>12391</position><in_Quantity.quantity>0.000000</in_Quantity.quantity><out_Quantity.quantity>121.592513</out_Quantity.quantity></Point><Point><position>12392</position><in_Quantity.quantity>0.000000</in_Quantity.quantity><out_Quantity.quantity>229.528398</out_Quantity.quantity></Point><Point><position>12393</position><in_Quantity.quantity>0.000000</in_Quantity.quantity><out_Quantity.quantity>543.353785</out_Quantity.quantity></Point><Point><position>12394</position><in_Quantity.quantity>0.000000</in_Quantity.quantity><out_Quantity.quantity>994.723090</out_Quantity.quantity></Point><Point><position>12395</position><in_Quantity.quantity>0.000000</in_Quantity.quantity><out_Quantity.quantity>679.643954</out_Quantity.quantity></Point><Point><position>12396</position><in_Quantity.quantity>0.000000</in_Quantity.quantity><out_Quantity.quantity>349.574465</out_Quantity.quantity></Point><Point><position>12397</position><in_Quantity.quantity>0.000000</in_Quantity.quantity><out_Quantity.quantity>270.850310</out_Quantity.quantity></Point><Point><position>12398</position><in_Quantity.quantity>0.000000</in_Quantity.quantity><out_Quantity.quantity>940.874103</out_Quantity.quantity></Point><Point><position>12399</position><in_Quantity.quantity>0.000000</in_Quantity.quantity><out_Quantity.quantity>470.388185</out_Quantity.quantity></Point><Point><position>12400</position><in_Quantity.quantity>0.000000</in_Quantity.quantity><out_Quantity.quantity>29.371206</out_Quantity.quantity></Point><Point><position>12401</position><in_Quantity.quantity>0.000000</in_Quantity.quantity><out_Quantity.quantity>675.651895</out_Quantity.quantity></Point><Point><position>12402</position><in_Quantity.quantity>0.000000</in_Quantity.quantity><out_Quantity.quantity>967.432059</out_Quantity.quantity></Point><Point><position>12403</position><in_Quantity.quantity>0.000000</in_Quantity.quantity><out_Quantity.quantity>257.829671</out_Quantity.quantity></Point><Point><position>12404</position><in_Quantity.quantity>0.000000</in_Quantity.quantity><out_Quantity.quantity>156.788469</out_Quantity.quantity></Point><Point><position>12405</position><in_Quantity.quantity>0.000000</in_Quantity.quantity><out_Quantity.quantity>130.670254</out_Quantity.quantity></Point><Point><position>12406</position><in_Quantity.quantity>0.000000</in_Quantity.quantity><out_Quantity.quantity>84.947785</out_Quantity.quantity></Point><Point><position>12407</position><in_Quantity.quantity>0.000000</in_Quantity.quantity><out_Quantity.quantity>700.211220</out_Quantity.quantity></Point><Point><position>12408</position><in_Quantity.quantity>0.000000</in_Quantity.quantity><out_Quantity.quantity>199.055837</out_Quantity.quantity></Point><Point><position>12409</position><in_Quantity.quantity>0.000000</in_Quantity.quantity><out_Quantity.quantity>793.052860</out_Quantity.quantity></Point><Point><position>12410</position><in_Quantity.quantity>0.000000</in_Quantity.quantity><out_Quantity.quantity>598.935139</out_Quantity.quantity></Point><Point><position>12411</position><in_Quantity.quantity>0.000000</in_Quantity.quantity><out_Quantity.quantity>877.727856</out_Quantity.quantity></Point><Point><position>12412</position><in_Quantity.quantity>0.000000</in_Quantity.quantity><out_Quantity.quantity>701.943595</out_Quantity.quantity></Point><Point><position>12413</position><in_Quantity.quantity>0.000000</in_Quantity.quantity><out_Quantity.quantity>62.686424</out_Quantity.quantity></Point><Point><position>12414</position><in_Quantity.quantity>0.000000</in_Quantity.quantity><out_Quantity.quantity>463.258136</out_Quantity.quantity></Point><Point><position>12415</position><in_Quantity.quantity>0.000000</in_Quantity.quantity><out_Quantity.quantity>378.125346</out_Quantity.quantity></Point><Point><position>12416</position><in_Quantity.quantity>0.000000</in_Quantity.quantity><out_Quantity.quantity>749.333302</out_Quantity.quantity></Point><Point><position>12417</position><in_Quantity.quantity>0.000000</in_Quantity.quantity><out_Quantity.quantity>990.693595</out_Quantity.quantity></Point><Point><position>12418</position><in_Quantity.quantity>0.000000</in_Quantity.quantity><out_Quantity.quantity>953.000843</out_Quantity.quantity></Point><Point><position>12419</position><in_Quantity.quantity>0.000000</in_Quantity.quantity><out_Quantity.quantity>442.247747</out_Quantity.quantity></Point><Point><position>12420</position><in_Quantity.quantity>0.000000</in_Quantity.quantity><out_Quantity.quantity>958.065582</out_Quantity.quantity></Point><Point><position>12421</position><in_Quantity.quantity>0.000000</in_Quantity.quantity><out_Quantity.quantity>757.761705</out_Quantity.quantity></Point><Point><position>12422</position><in_Quantity.quantity>0.000000</in_Quantity.quantity><out_Quantity.quantity>662.188945</out_Quantity.quantity></Point><Point><position>12423</position><in_Quantity.quantity>0.000000</in_Quantity.quantity><out_Quantity.quantity>849.368709</out_Quantity.quantity></Point><Point><position>12424</position><in_Quantity.quantity>0.000000</in_Quantity.quantity><out_Quantity.quantity>199.495672</out_Quantity.quantity></Point><Point><position>12425</position><in_Quantity.quantity>0.000000</in_Quantity.quantity><out_Quantity.quantity>791.255155</out_Quantity.quantity></Point><Point><position>12426</position><in_Quantity.quantity>0.000000</in_Quantity.quantity><out_Quantity.quantity>444.151531</out_Quantity.quantity></Point><Point><position>12427</position><in_Quantity.quantity>0.000000</in_Quantity.quantity><out_Quantity.quantity>241.627970</out_Quantity.quantity></Point><Point><position>12428</position><in_Quantity.quantity>0.000000</in_Quantity.quantity><out_Quantity.quantity>799.718327</out_Quantity.quantity></Point><Point><position>12429</position><in_Quantity.quantity>0.000000</in_Quantity.quantity><out_Quantity.quantity>940.787699</out_Quantity.quantity></Point><Point><position>12430</position><in_Quantity.quantity>0.000000</in_Quantity.quantity><out_Quantity.quantity>145.463148</out_Quantity.quantity></Point><Point><position>12431</position><in_Quantity.quantity>0.000000</in_Quantity.quantity><out_Quantity.quantity>677.644176</out_Quantity.quantity></Point><Point><position>12432</position><in_Quantity.quantity>0.000000</in_Quantity.quantity><out_Quantity.quantity>698.521692</out_Quantity.quantity></Point><Point><position>12433</position><in_Quantity.quantity>0.000000</in_Quantity.quantity><out_Quantity.quantity>737.085046</out_Quantity.quantity></Point><Point><position>12434</position><in_Quantity.quantity>0.000000</in_Quantity.quantity><out_Quantity.quantity>705.051948</out_Quantity.quantity></Point><Point><position>12435</position><in_Quantity.quantity>0.000000</in_Quantity.quantity><out_Quantity.quantity>23.320269</out_Quantity.quantity></Point><Point><position>12436</position><in_Quantity.quantity>0.000000</in_Quantity.quantity><out_Quantity.quantity>152.162983</out_Quantity.quantity></Point><Point><position>12437</position><in_Quantity.quantity>0.000000</in_Quantity.quantity><out_Quantity.quantity>67.814214</out_Quantity.quantity></Point><Point><position>12438</position><in_Quantity.quantity>0.000000</in_Quantity.quantity><out_Quantity.quantity>655.328750</out_Quantity.quantity></Point><Point><position>12439</position><in_Quantity.quantity>0.000000</in_Quantity.quantity><out_Quantity.quantity>97.333601</out_Quantity.quantity></Point><Point><position>12440</position><in_Quantity.quantity>0.000000</in_Quantity.quantity><out_Quantity.quantity>138.870444</out_Quantity.quantity></Point><Point><position>12441</position><in_Quantity.quantity>0.000000</in_Quantity.quantity><out_Quantity.quantity>164.467978</out_Quantity.quantity></Point><Point><position>12442</position><in_Quantity.quantity>0.000000</in_Quantity.quantity><out_Quantity.quantity>440.959402</out_Quantity.quantity></Point><Point><position>12443</position><in_Quantity.quantity>0.000000</in_Quantity.quantity><out_Quantity.quantity>431.836621</out_Quantity.quantity></Point><Point><position>12444</position><in_Quantity.quantity>0.000000</in_Quantity.quantity><out_Quantity.quantity>701.201339</out_Quantity.quantity></Point><Point><position>12445</position><in_Quantity.quantity>0.000000</in_Quantity.quantity><out_Quantity.quantity>859.809558</out_Quantity.quantity></Point><Point><position>12446</position><in_Quantity.quantity>0.000000</in_Quantity.quantity><out_Quantity.quantity>694.366566</out_Quantity.quantity></Point><Point><position>12447</position><in_Quantity.quantity>0.000000</in_Quantity.quantity><out_Quantity.quantity>497.431400</out_Quantity.quantity></Point><Point><position>12448</position><in_Quantity.quantity>0.000000</in_Quantity.quantity><out_Quantity.quantity>911.742887</out_Quantity.quantity></Point><Point><position>12449</position><in_Quantity.quantity>0.000000</in_Quantity.quantity><out_Quantity.quantity>277.739179</out_Quantity.quantity></Point><Point><position>12450</position><in_Quantity.quantity>0.000000</in_Quantity.quantity><out_Quantity.quantity>308.483517</out_Quantity.quantity></Point><Point><position>12451</position><in_Quantity.quantity>0.000000</in_Quantity.quantity><out_Quantity.quantity>560.663339</out_Quantity.quantity></Point><Point><position>12452</position><in_Quantity.quantity>0.000000</in_Quantity.quantity><out_Quantity.quantity>145.938001</out_Quantity.quantity></Point><Point><position>12453</position><in_Quantity.quantity>0.000000</in_Quantity.quantity><out_Quantity.quantity>21.536616</out_Quantity.quantity></Point><Point><position>12454</position><in_Quantity.quantity>0.000000</in_Quantity.quantity><out_Quantity.quantity>925.905121</out_Quantity.quantity></Point><Point><position>12455</position><in_Quantity.quantity>0.000000</in_Quantity.quantity><out_Quantity.quantity>387.971602</out_Quantity.quantity></Point><Point><position>12456</position><in_Quantity.quantity>0.000000</in_Quantity.quantity><out_Quantity.quantity>71.766064</out_Quantity.quantity></Point><Point><position>12457</position><in_Quantity.quantity>0.000000</in_Quantity.quantity><out_Quantity.quantity>363.168631</out_Quantity.quantity></Point><Point><position>12458</position><in_Quantity.quantity>0.000000</in_Quantity.quantity><out_Quantity.quantity>944.804172</out_Quantity.quantity></Point><Point><position>12459</position><in_Quantity.quantity>0.000000</in_Quantity.quantity><out_Quantity.quantity>906.770604</out_Quantity.quantity></Point><Point><position>12460</position><in_Quantity.quantity>0.000000</in_Quantity.quantity><out_Quantity.quantity>872.484235</out_Quantity.quantity></Point><Point><position>12461</position><in_Quantity.quantity>0.000000</in_Quantity.quantity><out_Quantity.quantity>549.771766</out_Quantity.quantity></Point><Point><position>12462</position><in_Quantity.quantity>0.000000</in_Quantity.quantity><out_Quantity.quantity>654.530694</out_Quantity.quantity></Point><Point><position>12463</position><in_Quantity.quantity>0.000000</in_Quantity.quantity><out_Quantity.quantity>952.950415</out_Quantity.quantity></Point><Point><position>12464</position><in_Quantity.quantity>0.000000</in_Quantity.quantity><out_Quantity.quantity>127.142748</out_Quantity.quantity></Point><Point><position>12465</position><in_Quantity.quantity>0.000000</in_Quantity.quantity><out_Quantity.quantity>964.176682</out_Quantity.quantity></Point><Point><position>12466</position><in_Quantity.quantity>0.000000</in_Quantity.quantity><out_Quantity.quantity>38.256998</out_Quantity.quantity></Point><Point><position>12467</position><in_Quantity.quantity>0.000000</in_Quantity.quantity><out_Quantity.quantity>543.017621</out_Quantity.quantity></Point><Point><position>12468</position><in_Quantity.quantity>0.000000</in_Quantity.quantity><out_Quantity.quantity>474.932267</out_Quantity.quantity></Point><Point><position>12469</position><in_Quantity.quantity>0.000000</in_Quantity.quantity><out_Quantity.quantity>166.312549</out_Quantity.quantity></Point><Point><position>12470</position><in_Quantity.quantity>0.000000</in_Quantity.quantity><out_Quantity.quantity>814.134041</out_Quantity.quantity></Point><Point><position>12471</position><in_Quantity.quantity>0.000000</in_Quantity.quantity><out_Quantity.quantity>921.032318</out_Quantity.quantity></Point><Point><position>12472</position><in_Quantity.quantity>0.000000</in_Quantity.quantity><out_Quantity.quantity>271.176688</out_Quantity.quantity></Point><Point><position>12473</position><in_Quantity.quantity>0.000000</in_Quantity.quantity><out_Quantity.quantity>693.846721</out_Quantity.quantity></Point><Point><position>12474</position><in_Quantity.quantity>0.000000</in_Quantity.quantity><out_Quantity.quantity>98.002504</out_Quantity.quantity></Point><Point><position>12475</position><in_Quantity.quantity>0.000000</in_Quantity.quantity><out_Quantity.quantity>996.784956</out_Quantity.quantity></Point><Point><position>12476</position><in_Quantity.quantity>0.000000</in_Quantity.quantity><out_Quantity.quantity>917.594602</out_Quantity.quantity></Point><Point><position>12477</position><in_Quantity.quantity>0.000000</in_Quantity.quantity><out_Quantity.quantity>371.752288</out_Quantity.quantity></Point><Point><position>12478</position><in_Quantity.quantity>0.000000</in_Quantity.quantity><out_Quantity.quantity>183.079685</out_Quantity.quantity></Point><Point><position>12479</position><in_Quantity.quantity>0.000000</in_Quantity.quantity><out_Quantity.quantity>443.911742</out_Quantity.quantity></Point><Point><position>12480</position><in_Quantity.quantity>0.000000</in_Quantity.quantity><out_Quantity.quantity>627.676671</out_Quantity.quantity></Point><Point><position>12481</position><in_Quantity.quantity>0.000000</in_Quantity.quantity><out_Quantity.quantity>360.766841</out_Quantity.quantity></Point><Point><position>12482</position><in_Quantity.quantity>0.000000</in_Quantity.quantity><out_Quantity.quantity>54.079030</out_Quantity.quantity></Point><Point><position>12483</position><in_Quantity.quantity>0.000000</in_Quantity.quantity><out_Quantity.quantity>412.534827</out_Quantity.quantity></Point><Point><position>12484</position><in_Quantity.quantity>0.000000</in_Quantity.quantity><out_Quantity.quantity>881.681930</out_Quantity.quantity></Point><Point><position>12485</position><in_Quantity.quantity>0.000000</in_Quantity.quantity><out_Quantity.quantity>908.261665</out_Quantity.quantity></Point><Point><position>12486</position><in_Quantity.quantity>0.000000</in_Quantity.quantity><out_Quantity.quantity>604.992471</out_Quantity.quantity></Point><Point><position>12487</position><in_Quantity.quantity>0.000000</in_Quantity.quantity><out_Quantity.quantity>806.149763</out_Quantity.quantity></Point><Point><position>12488</position><in_Quantity.quantity>0.000000</in_Quantity.quantity><out_Quantity.quantity>883.570084</out_Quantity.quantity></Point><Point><position>12489</position><in_Quantity.quantity>0.000000</in_Quantity.quantity><out_Quantity.quantity>178.826741</out_Quantity.quantity></Point><Point><position>12490</position><in_Quantity.quantity>0.000000</in_Quantity.quantity><out_Quantity.quantity>657.981202</out_Quantity.quantity></Point><Point><position>12491</position><in_Quantity.quantity>0.000000</in_Quantity.quantity><out_Quantity.quantity>477.884018</out_Quantity.quantity></Point><Point><position>12492</position><in_Quantity.quantity>0.000000</in_Quantity.quantity><out_Quantity.quantity>652.568836</out_Quantity.quantity></Point><Point><position>12493</position><in_Quantity.quantity>0.000000</in_Quantity.quantity><out_Quantity.quantity>119.705993</out_Quantity.quantity></Point><Point><position>12494</position><in_Quantity.quantity>0.000000</in_Quantity.quantity><out_Quantity.quantity>731.534992</out_Quantity.quantity></Point><Point><position>12495</position><in_Quantity.quantity>0.000000</in_Quantity.quantity><out_Quantity.quantity>433.732530</out_Quantity.quantity></Point><Point><position>12496</position><in_Quantity.quantity>0.000000</in_Quantity.quantity><out_Quantity.quantity>42.201788</out_Quantity.quantity></Point><Point><position>12497</position><in_Quantity.quantity>0.000000</in_Quantity.quantity><out_Quantity.quantity>878.019779</out_Quantity.quantity></Point><Point><position>12498</position><in_Quantity.quantity>0.000000</in_Quantity.quantity><out_Quantity.quantity>258.599373</out_Quantity.quantity></Point><Point><position>12499</position><in_Quantity.quantity>0.000000</in_Quantity.quantity><out_Quantity.quantity>722.177399</out_Quantity.quantity></Point><Point><position>12500</position><in_Quantity.quantity>0.000000</in_Quantity.quantity><out_Quantity.quantity>903.671188</out_Quantity.quantity></Point><Point><position>12501</position><in_Quantity.quantity>0.000000</in_Quantity.quantity><out_Quantity.quantity>912.132676</out_Quantity.quantity></Point><Point><position>12502</position><in_Quantity.quantity>0.000000</in_Quantity.quantity><out_Quantity.quantity>326.997560</out_Quantity.quantity></Point><Point><position>12503</position><in_Quantity.quantity>0.000000</in_Quantity.quantity><out_Quantity.quantity>717.598570</out_Quantity.quantity></Point><Point><position>12504</position><in_Quantity.quantity>0.000000</in_Quantity.quantity><out_Quantity.quantity>542.405847</out_Quantity.quantity></Point><Point><position>12505</position><in_Quantity.quantity>0.000000</in_Quantity.quantity><out_Quantity.quantity>247.800575</out_Quantity.quantity></Point><Point><position>12506</position><in_Quantity.quantity>0.000000</in_Quantity.quantity><out_Quantity.quantity>808.063676</out_Quantity.quantity></Point><Point><position>12507</position><in_Quantity.quantity>0.000000</in_Quantity.quantity><out_Quantity.quantity>923.657764</out_Quantity.quantity></Point><Point><position>12508</position><in_Quantity.quantity>0.000000</in_Quantity.quantity><out_Quantity.quantity>334.162822</out_Quantity.quantity></Point><Point><position>12509</position><in_Quantity.quantity>0.000000</in_Quantity.quantity><out_Quantity.quantity>91.982026</out_Quantity.quantity></Point><Point><position>12510</position><in_Quantity.quantity>0.000000</in_Quantity.quantity><out_Quantity.quantity>688.828190</out_Quantity.quantity></Point><Point><position>12511</position><in_Quantity.quantity>0.000000</in_Quantity.quantity><out_Quantity.quantity>919.769673</out_Quantity.quantity></Point><Point><position>12512</position><in_Quantity.quantity>0.000000</in_Quantity.quantity><out_Quantity.quantity>142.281271</out_Quantity.quantity></Point><Point><position>12513</position><in_Quantity.quantity>0.000000</in_Quantity.quantity><out_Quantity.quantity>966.942126</out_Quantity.quantity></Point><Point><position>12514</position><in_Quantity.quantity>0.000000</in_Quantity.quantity><out_Quantity.quantity>468.808390</out_Quantity.quantity></Point><Point><position>12515</position><in_Quantity.quantity>0.000000</in_Quantity.quantity><out_Quantity.quantity>633.895411</out_Quantity.quantity></Point><Point><position>12516</position><in_Quantity.quantity>0.000000</in_Quantity.quantity><out_Quantity.quantity>144.733400</out_Quantity.quantity></Point><Point><position>12517</position><in_Quantity.quantity>0.000000</in_Quantity.quantity><out_Quantity.quantity>790.142286</out_Quantity.quantity></Point><Point><position>12518</position><in_Quantity.quantity>0.000000</in_Quantity.quantity><out_Quantity.quantity>277.128168</out_Quantity.quantity></Point><Point><position>12519</position><in_Quantity.quantity>0.000000</in_Quantity.quantity><out_Quantity.quantity>685.143030</out_Quantity.quantity></Point><Point><position>12520</position><in_Quantity.quantity>0.000000</in_Quantity.quantity><out_Quantity.quantity>285.479221</out_Quantity.quantity></Point><Point><position>12521</position><in_Quantity.quantity>0.000000</in_Quantity.quantity><out_Quantity.quantity>361.417397</out_Quantity.quantity></Point><Point><position>12522</position><in_Quantity.quantity>0.000000</in_Quantity.quantity><out_Quantity.quantity>186.044859</out_Quantity.quantity></Point><Point><position>12523</position><in_Quantity.quantity>0.000000</in_Quantity.quantity><out_Quantity.quantity>760.363680</out_Quantity.quantity></Point><Point><position>12524</position><in_Quantity.quantity>0.000000</in_Quantity.quantity><out_Quantity.quantity>63.943830</out_Quantity.quantity></Point><Point><position>12525</position><in_Quantity.quantity>0.000000</in_Quantity.quantity><out_Quantity.quantity>940.383285</out_Quantity.quantity></Point><Point><position>12526</position><in_Quantity.quantity>0.000000</in_Quantity.quantity><out_Quantity.quantity>999.571809</out_Quantity.quantity></Point><Point><position>12527</position><in_Quantity.quantity>0.000000</in_Quantity.quantity><out_Quantity.quantity>661.406127</out_Quantity.quantity></Point><Point><position>12528</position><in_Quantity.quantity>0.000000</in_Quantity.quantity><out_Quantity.quantity>58.022632</out_Quantity.quantity></Point><Point><position>12529</position><in_Quantity.quantity>0.000000</in_Quantity.quantity><out_Quantity.quantity>662.344183</out_Quantity.quantity></Point><Point><position>12530</position><in_Quantity.quantity>0.000000</in_Quantity.quantity><out_Quantity.quantity>138.733627</out_Quantity.quantity></Point><Point><position>12531</position><in_Quantity.quantity>0.000000</in_Quantity.quantity><out_Quantity.quantity>851.636816</out_Quantity.quantity></Point><Point><position>12532</position><in_Quantity.quantity>0.000000</in_Quantity.quantity><out_Quantity.quantity>984.029538</out_Quantity.quantity></Point><Point><position>12533</position><in_Quantity.quantity>0.000000</in_Quantity.quantity><out_Quantity.quantity>747.208133</out_Quantity.quantity></Point><Point><position>12534</position><in_Quantity.quantity>0.000000</in_Quantity.quantity><out_Quantity.quantity>161.856067</out_Quantity.quantity></Point><Point><position>12535</position><in_Quantity.quantity>0.000000</in_Quantity.quantity><out_Quantity.quantity>575.622430</out_Quantity.quantity></Point><Point><position>12536</position><in_Quantity.quantity>0.000000</in_Quantity.quantity><out_Quantity.quantity>105.768958</out_Quantity.quantity></Point><Point><position>12537</position><in_Quantity.quantity>0.000000</in_Quantity.quantity><out_Quantity.quantity>362.060201</out_Quantity.quantity></Point><Point><position>12538</position><in_Quantity.quantity>0.000000</in_Quantity.quantity><out_Quantity.quantity>555.919889</out_Quantity.quantity></Point><Point><position>12539</position><in_Quantity.quantity>0.000000</in_Quantity.quantity><out_Quantity.quantity>520.779819</out_Quantity.quantity></Point><Point><position>12540</position><in_Quantity.quantity>0.000000</in_Quantity.quantity><out_Quantity.quantity>594.467583</out_Quantity.quantity></Point><Point><position>12541</position><in_Quantity.quantity>0.000000</in_Quantity.quantity><out_Quantity.quantity>547.582125</out_Quantity.quantity></Point><Point><position>12542</position><in_Quantity.quantity>0.000000</in_Quantity.quantity><out_Quantity.quantity>606.238896</out_Quantity.quantity></Point><Point><position>12543</position><in_Quantity.quantity>0.000000</in_Quantity.quantity><out_Quantity.quantity>16.763305</out_Quantity.quantity></Point><Point><position>12544</position><in_Quantity.quantity>0.000000</in_Quantity.quantity><out_Quantity.quantity>858.349648</out_Quantity.quantity></Point><Point><position>12545</position><in_Quantity.quantity>0.000000</in_Quantity.quantity><out_Quantity.quantity>154.594601</out_Quantity.quantity></Point><Point><position>12546</position><in_Quantity.quantity>0.000000</in_Quantity.quantity><out_Quantity.quantity>476.760373</out_Quantity.quantity></Point><Point><position>12547</position><in_Quantity.quantity>0.000000</in_Quantity.quantity><out_Quantity.quantity>65.939993</out_Quantity.quantity></Point><Point><position>12548</position><in_Quantity.quantity>0.000000</in_Quantity.quantity><out_Quantity.quantity>507.346289</out_Quantity.quantity></Point><Point><position>12549</position><in_Quantity.quantity>0.000000</in_Quantity.quantity><out_Quantity.quantity>199.178278</out_Quantity.quantity></Point><Point><position>12550</position><in_Quantity.quantity>0.000000</in_Quantity.quantity><out_Quantity.quantity>896.026456</out_Quantity.quantity></Point><Point><position>12551</position><in_Quantity.quantity>0.000000</in_Quantity.quantity><out_Quantity.quantity>704.179961</out_Quantity.quantity></Point><Point><position>12552</position><in_Quantity.quantity>0.000000</in_Quantity.quantity><out_Quantity.quantity>123.401720</out_Quantity.quantity></Point><Point><position>12553</position><in_Quantity.quantity>0.000000</in_Quantity.quantity><out_Quantity.quantity>44.407607</out_Quantity.quantity></Point><Point><position>12554</position><in_Quantity.quantity>0.000000</in_Quantity.quantity><out_Quantity.quantity>937.181682</out_Quantity.quantity></Point><Point><position>12555</position><in_Quantity.quantity>0.000000</in_Quantity.quantity><out_Quantity.quantity>145.003577</out_Quantity.quantity></Point><Point><position>12556</position><in_Quantity.quantity>0.000000</in_Quantity.quantity><out_Quantity.quantity>363.733995</out_Quantity.quantity></Point><Point><position>12557</position><in_Quantity.quantity>0.000000</in_Quantity.quantity><out_Quantity.quantity>577.023341</out_Quantity.quantity></Point><Point><position>12558</position><in_Quantity.quantity>0.000000</in_Quantity.quantity><out_Quantity.quantity>439.719080</out_Quantity.quantity></Point><Point><position>12559</position><in_Quantity.quantity>0.000000</in_Quantity.quantity><out_Quantity.quantity>345.081163</out_Quantity.quantity></Point><Point><position>12560</position><in_Quantity.quantity>0.000000</in_Quantity.quantity><out_Quantity.quantity>988.902326</out_Quantity.quantity></Point><Point><position>12561</position><in_Quantity.quantity>0.000000</in_Quantity.quantity><out_Quantity.quantity>478.553699</out_Quantity.quantity></Point><Point><position>12562</position><in_Quantity.quantity>0.000000</in_Quantity.quantity><out_Quantity.quantity>436.244407</out_Quantity.quantity></Point><Point><position>12563</position><in_Quantity.quantity>0.000000</in_Quantity.quantity><out_Quantity.quantity>178.138878</out_Quantity.quantity></Point><Point><position>12564</position><in_Quantity.quantity>0.000000</in_Quantity.quantity><out_Quantity.quantity>908.076535</out_Quantity.quantity></Point><Point><position>12565</position><in_Quantity.quantity>0.000000</in_Quantity.quantity><out_Quantity.quantity>775.871145</out_Quantity.quantity></Point><Point><position>12566</position><in_Quantity.quantity>0.000000</in_Quantity.quantity><out_Quantity.quantity>628.749188</out_Quantity.quantity></Point><Point><position>12567</position><in_Quantity.quantity>0.000000</in_Quantity.quantity><out_Quantity.quantity>53.628942</out_Quantity.quantity></Point><Point><position>12568</position><in_Quantity.quantity>0.000000</in_Quantity.quantity><out_Quantity.quantity>99.982775</out_Quantity.quantity></Point><Point><position>12569</position><in_Quantity.quantity>0.000000</in_Quantity.quantity><out_Quantity.quantity>513.389193</out_Quantity.quantity></Point><Point><position>12570</position><in_Quantity.quantity>0.000000</in_Quantity.quantity><out_Quantity.quantity>25.407779</out_Quantity.quantity></Point><Point><position>12571</position><in_Quantity.quantity>0.000000</in_Quantity.quantity><out_Quantity.quantity>823.140130</out_Quantity.quantity></Point><Point><position>12572</position><in_Quantity.quantity>0.000000</in_Quantity.quantity><out_Quantity.quantity>802.198631</out_Quantity.quantity></Point><Point><position>12573</position><in_Quantity.quantity>0.000000</in_Quantity.quantity><out_Quantity.quantity>324.063789</out_Quantity.quantity></Point><Point><position>12574</position><in_Quantity.quantity>0.000000</in_Quantity.quantity><out_Quantity.quantity>206.531796</out_Quantity.quantity></Point><Point><position>12575</position><in_Quantity.quantity>0.000000</in_Quantity.quantity><out_Quantity.quantity>553.257349</out_Quantity.quantity></Point><Point><position>12576</position><in_Quantity.quantity>0.000000</in_Quantity.quantity><out_Quantity.quantity>247.895546</out_Quantity.quantity></Point><Point><position>12577</position><in_Quantity.quantity>0.000000</in_Quantity.quantity><out_Quantity.quantity>868.623826</out_Quantity.quantity></Point><Point><position>12578</position><in_Quantity.quantity>0.000000</in_Quantity.quantity><out_Quantity.quantity>993.786421</out_Quantity.quantity></Point><Point><position>12579</position><in_Quantity.quantity>0.000000</in_Quantity.quantity><out_Quantity.quantity>782.133492</out_Quantity.quantity></Point><Point><position>12580</position><in_Quantity.quantity>0.000000</in_Quantity.quantity><out_Quantity.quantity>777.364220</out_Quantity.quantity></Point><Point><position>12581</position><in_Quantity.quantity>0.000000</in_Quantity.quantity><out_Quantity.quantity>363.423746</out_Quantity.quantity></Point><Point><position>12582</position><in_Quantity.quantity>0.000000</in_Quantity.quantity><out_Quantity.quantity>126.017450</out_Quantity.quantity></Point><Point><position>12583</position><in_Quantity.quantity>0.000000</in_Quantity.quantity><out_Quantity.quantity>854.054365</out_Quantity.quantity></Point><Point><position>12584</position><in_Quantity.quantity>0.000000</in_Quantity.quantity><out_Quantity.quantity>708.675457</out_Quantity.quantity></Point><Point><position>12585</position><in_Quantity.quantity>0.000000</in_Quantity.quantity><out_Quantity.quantity>303.517178</out_Quantity.quantity></Point><Point><position>12586</position><in_Quantity.quantity>0.000000</in_Quantity.quantity><out_Quantity.quantity>77.345495</out_Quantity.quantity></Point><Point><position>12587</position><in_Quantity.quantity>0.000000</in_Quantity.quantity><out_Quantity.quantity>55.897589</out_Quantity.quantity></Point><Point><position>12588</position><in_Quantity.quantity>0.000000</in_Quantity.quantity><out_Quantity.quantity>551.001091</out_Quantity.quantity></Point><Point><position>12589</position><in_Quantity.quantity>0.000000</in_Quantity.quantity><out_Quantity.quantity>222.015854</out_Quantity.quantity></Point><Point><position>12590</position><in_Quantity.quantity>0.000000</in_Quantity.quantity><out_Quantity.quantity>288.905479</out_Quantity.quantity></Point><Point><position>12591</position><in_Quantity.quantity>0.000000</in_Quantity.quantity><out_Quantity.quantity>546.448743</out_Quantity.quantity></Point><Point><position>12592</position><in_Quantity.quantity>0.000000</in_Quantity.quantity><out_Quantity.quantity>129.622501</out_Quantity.quantity></Point><Point><position>12593</position><in_Quantity.quantity>0.000000</in_Quantity.quantity><out_Quantity.quantity>919.082185</out_Quantity.quantity></Point><Point><position>12594</position><in_Quantity.quantity>0.000000</in_Quantity.quantity><out_Quantity.quantity>748.197138</out_Quantity.quantity></Point><Point><position>12595</position><in_Quantity.quantity>0.000000</in_Quantity.quantity><out_Quantity.quantity>694.883915</out_Quantity.quantity></Point><Point><position>12596</position><in_Quantity.quantity>0.000000</in_Quantity.quantity><out_Quantity.quantity>166.774325</out_Quantity.quantity></Point><Point><position>12597</position><in_Quantity.quantity>0.000000</in_Quantity.quantity><out_Quantity.quantity>715.883368</out_Quantity.quantity></Point><Point><position>12598</position><in_Quantity.quantity>0.000000</in_Quantity.quantity><out_Quantity.quantity>752.964494</out_Quantity.quantity></Point><Point><position>12599</position><in_Quantity.quantity>0.000000</in_Quantity.quantity><out_Quantity.quantity>845.158162</out_Quantity.quantity></Point><Point><position>12600</position><in_Quantity.quantity>0.000000</in_Quantity.quantity><out_Quantity.quantity>247.558806</out_Quantity.quantity></Point><Point><position>12601</position><in_Quantity.quantity>0.000000</in_Quantity.quantity><out_Quantity.quantity>601.105095</out_Quantity.quantity></Point><Point><position>12602</position><in_Quantity.quantity>0.000000</in_Quantity.quantity><out_Quantity.quantity>625.849192</out_Quantity.quantity></Point><Point><position>12603</position><in_Quantity.quantity>0.000000</in_Quantity.quantity><out_Quantity.quantity>677.236520</out_Quantity.quantity></Point><Point><position>12604</position><in_Quantity.quantity>0.000000</in_Quantity.quantity><out_Quantity.quantity>471.678398</out_Quantity.quantity></Point><Point><position>12605</position><in_Quantity.quantity>0.000000</in_Quantity.quantity><out_Quantity.quantity>369.085228</out_Quantity.quantity></Point><Point><position>12606</position><in_Quantity.quantity>0.000000</in_Quantity.quantity><out_Quantity.quantity>199.352208</out_Quantity.quantity></Point><Point><position>12607</position><in_Quantity.quantity>0.000000</in_Quantity.quantity><out_Quantity.quantity>324.413997</out_Quantity.quantity></Point><Point><position>12608</position><in_Quantity.quantity>0.000000</in_Quantity.quantity><out_Quantity.quantity>446.665202</out_Quantity.quantity></Point><Point><position>12609</position><in_Quantity.quantity>0.000000</in_Quantity.quantity><out_Quantity.quantity>519.754123</out_Quantity.quantity></Point><Point><position>12610</position><in_Quantity.quantity>0.000000</in_Quantity.quantity><out_Quantity.quantity>713.746449</out_Quantity.quantity></Point><Point><position>12611</position><in_Quantity.quantity>0.000000</in_Quantity.quantity><out_Quantity.quantity>370.568730</out_Quantity.quantity></Point><Point><position>12612</position><in_Quantity.quantity>0.000000</in_Quantity.quantity><out_Quantity.quantity>961.362612</out_Quantity.quantity></Point><Point><position>12613</position><in_Quantity.quantity>0.000000</in_Quantity.quantity><out_Quantity.quantity>710.835079</out_Quantity.quantity></Point><Point><position>12614</position><in_Quantity.quantity>0.000000</in_Quantity.quantity><out_Quantity.quantity>438.779415</out_Quantity.quantity></Point><Point><position>12615</position><in_Quantity.quantity>0.000000</in_Quantity.quantity><out_Quantity.quantity>886.284685</out_Quantity.quantity></Point><Point><position>12616</position><in_Quantity.quantity>0.000000</in_Quantity.quantity><out_Quantity.quantity>620.805804</out_Quantity.quantity></Point><Point><position>12617</position><in_Quantity.quantity>0.000000</in_Quantity.quantity><out_Quantity.quantity>846.571473</out_Quantity.quantity></Point><Point><position>12618</position><in_Quantity.quantity>0.000000</in_Quantity.quantity><out_Quantity.quantity>383.519863</out_Quantity.quantity></Point><Point><position>12619</position><in_Quantity.quantity>0.000000</in_Quantity.quantity><out_Quantity.quantity>262.812386</out_Quantity.quantity></Point><Point><position>12620</position><in_Quantity.quantity>0.000000</in_Quantity.quantity><out_Quantity.quantity>57.647068</out_Quantity.quantity></Point><Point><position>12621</position><in_Quantity.quantity>0.000000</in_Quantity.quantity><out_Quantity.quantity>630.393886</out_Quantity.quantity></Point><Point><position>12622</position><in_Quantity.quantity>0.000000</in_Quantity.quantity><out_Quantity.quantity>789.104466</out_Quantity.quantity></Point><Point><position>12623</position><in_Quantity.quantity>0.000000</in_Quantity.quantity><out_Quantity.quantity>470.623413</out_Quantity.quantity></Point><Point><position>12624</position><in_Quantity.quantity>0.000000</in_Quantity.quantity><out_Quantity.quantity>642.684981</out_Quantity.quantity></Point><Point><position>12625</position><in_Quantity.quantity>0.000000</in_Quantity.quantity><out_Quantity.quantity>154.676857</out_Quantity.quantity></Point><Point><position>12626</position><in_Quantity.quantity>0.000000</in_Quantity.quantity><out_Quantity.quantity>523.780145</out_Quantity.quantity></Point><Point><position>12627</position><in_Quantity.quantity>0.000000</in_Quantity.quantity><out_Quantity.quantity>728.216437</out_Quantity.quantity></Point><Point><position>12628</position><in_Quantity.quantity>0.000000</in_Quantity.quantity><out_Quantity.quantity>284.678091</out_Quantity.quantity></Point><Point><position>12629</position><in_Quantity.quantity>0.000000</in_Quantity.quantity><out_Quantity.quantity>6.348740</out_Quantity.quantity></Point><Point><position>12630</position><in_Quantity.quantity>0.000000</in_Quantity.quantity><out_Quantity.quantity>774.856745</out_Quantity.quantity></Point><Point><position>12631</position><in_Quantity.quantity>0.000000</in_Quantity.quantity><out_Quantity.quantity>62.783439</out_Quantity.quantity></Point><Point><position>12632</position><in_Quantity.quantity>0.000000</in_Quantity.quantity><out_Quantity.quantity>862.243920</out_Quantity.quantity></Point><Point><position>12633</position><in_Quantity.quantity>0.000000</in_Quantity.quantity><out_Quantity.quantity>297.678183</out_Quantity.quantity></Point><Point><position>12634</position><in_Quantity.quantity>0.000000</in_Quantity.quantity><out_Quantity.quantity>1.314504</out_Quantity.quantity></Point><Point><position>12635</position><in_Quantity.quantity>0.000000</in_Quantity.quantity><out_Quantity.quantity>770.266261</out_Quantity.quantity></Point><Point><position>12636</position><in_Quantity.quantity>0.000000</in_Quantity.quantity><out_Quantity.quantity>311.134897</out_Quantity.quantity></Point><Point><position>12637</position><in_Quantity.quantity>0.000000</in_Quantity.quantity><out_Quantity.quantity>625.808735</out_Quantity.quantity></Point><Point><position>12638</position><in_Quantity.quantity>0.000000</in_Quantity.quantity><out_Quantity.quantity>562.266726</out_Quantity.quantity></Point><Point><position>12639</position><in_Quantity.quantity>0.000000</in_Quantity.quantity><out_Quantity.quantity>454.179489</out_Quantity.quantity></Point><Point><position>12640</position><in_Quantity.quantity>0.000000</in_Quantity.quantity><out_Quantity.quantity>469.775545</out_Quantity.quantity></Point><Point><position>12641</position><in_Quantity.quantity>0.000000</in_Quantity.quantity><out_Quantity.quantity>78.605984</out_Quantity.quantity></Point><Point><position>12642</position><in_Quantity.quantity>0.000000</in_Quantity.quantity><out_Quantity.quantity>370.845382</out_Quantity.quantity></Point><Point><position>12643</position><in_Quantity.quantity>0.000000</in_Quantity.quantity><out_Quantity.quantity>210.873846</out_Quantity.quantity></Point><Point><position>12644</position><in_Quantity.quantity>0.000000</in_Quantity.quantity><out_Quantity.quantity>29.476891</out_Quantity.quantity></Point><Point><position>12645</position><in_Quantity.quantity>0.000000</in_Quantity.quantity><out_Quantity.quantity>593.971162</out_Quantity.quantity></Point><Point><position>12646</position><in_Quantity.quantity>0.000000</in_Quantity.quantity><out_Quantity.quantity>4.519232</out_Quantity.quantity></Point><Point><position>12647</position><in_Quantity.quantity>0.000000</in_Quantity.quantity><out_Quantity.quantity>735.501691</out_Quantity.quantity></Point><Point><position>12648</position><in_Quantity.quantity>0.000000</in_Quantity.quantity><out_Quantity.quantity>742.484306</out_Quantity.quantity></Point><Point><position>12649</position><in_Quantity.quantity>0.000000</in_Quantity.quantity><out_Quantity.quantity>231.232482</out_Quantity.quantity></Point><Point><position>12650</position><in_Quantity.quantity>0.000000</in_Quantity.quantity><out_Quantity.quantity>656.412505</out_Quantity.quantity></Point><Point><position>12651</position><in_Quantity.quantity>0.000000</in_Quantity.quantity><out_Quantity.quantity>439.725633</out_Quantity.quantity></Point><Point><position>12652</position><in_Quantity.quantity>0.000000</in_Quantity.quantity><out_Quantity.quantity>952.902818</out_Quantity.quantity></Point><Point><position>12653</position><in_Quantity.quantity>0.000000</in_Quantity.quantity><out_Quantity.quantity>286.960748</out_Quantity.quantity></Point><Point><position>12654</position><in_Quantity.quantity>0.000000</in_Quantity.quantity><out_Quantity.quantity>185.792102</out_Quantity.quantity></Point><Point><position>12655</position><in_Quantity.quantity>0.000000</in_Quantity.quantity><out_Quantity.quantity>601.741501</out_Quantity.quantity></Point><Point><position>12656</position><in_Quantity.quantity>0.000000</in_Quantity.quantity><out_Quantity.quantity>742.557519</out_Quantity.quantity></Point><Point><position>12657</position><in_Quantity.quantity>0.000000</in_Quantity.quantity><out_Quantity.quantity>368.073640</out_Quantity.quantity></Point><Point><position>12658</position><in_Quantity.quantity>0.000000</in_Quantity.quantity><out_Quantity.quantity>328.054543</out_Quantity.quantity></Point><Point><position>12659</position><in_Quantity.quantity>0.000000</in_Quantity.quantity><out_Quantity.quantity>941.847518</out_Quantity.quantity></Point><Point><position>12660</position><in_Quantity.quantity>0.000000</in_Quantity.quantity><out_Quantity.quantity>628.677165</out_Quantity.quantity></Point><Point><position>12661</position><in_Quantity.quantity>0.000000</in_Quantity.quantity><out_Quantity.quantity>78.991609</out_Quantity.quantity></Point><Point><position>12662</position><in_Quantity.quantity>0.000000</in_Quantity.quantity><out_Quantity.quantity>563.039890</out_Quantity.quantity></Point><Point><position>12663</position><in_Quantity.quantity>0.000000</in_Quantity.quantity><out_Quantity.quantity>523.987484</out_Quantity.quantity></Point><Point><position>12664</position><in_Quantity.quantity>0.000000</in_Quantity.quantity><out_Quantity.quantity>38.434734</out_Quantity.quantity></Point><Point><position>12665</position><in_Quantity.quantity>0.000000</in_Quantity.quantity><out_Quantity.quantity>459.604036</out_Quantity.quantity></Point><Point><position>12666</position><in_Quantity.quantity>0.000000</in_Quantity.quantity><out_Quantity.quantity>179.194743</out_Quantity.quantity></Point><Point><position>12667</position><in_Quantity.quantity>0.000000</in_Quantity.quantity><out_Quantity.quantity>699.225333</out_Quantity.quantity></Point><Point><position>12668</position><in_Quantity.quantity>0.000000</in_Quantity.quantity><out_Quantity.quantity>309.380873</out_Quantity.quantity></Point><Point><position>12669</position><in_Quantity.quantity>0.000000</in_Quantity.quantity><out_Quantity.quantity>603.424322</out_Quantity.quantity></Point><Point><position>12670</position><in_Quantity.quantity>0.000000</in_Quantity.quantity><out_Quantity.quantity>537.132518</out_Quantity.quantity></Point><Point><position>12671</position><in_Quantity.quantity>0.000000</in_Quantity.quantity><out_Quantity.quantity>330.166715</out_Quantity.quantity></Point><Point><position>12672</position><in_Quantity.quantity>0.000000</in_Quantity.quantity><out_Quantity.quantity>43.398113</out_Quantity.quantity></Point><Point><position>12673</position><in_Quantity.quantity>0.000000</in_Quantity.quantity><out_Quantity.quantity>425.314581</out_Quantity.quantity></Point><Point><position>12674</position><in_Quantity.quantity>0.000000</in_Quantity.quantity><out_Quantity.quantity>980.557696</out_Quantity.quantity></Point><Point><position>12675</position><in_Quantity.quantity>0.000000</in_Quantity.quantity><out_Quantity.quantity>188.280784</out_Quantity.quantity></Point><Point><position>12676</position><in_Quantity.quantity>0.000000</in_Quantity.quantity><out_Quantity.quantity>251.513745</out_Quantity.quantity></Point><Point><position>12677</position><in_Quantity.quantity>0.000000</in_Quantity.quantity><out_Quantity.quantity>76.799411</out_Quantity.quantity></Point><Point><position>12678</position><in_Quantity.quantity>0.000000</in_Quantity.quantity><out_Quantity.quantity>700.277339</out_Quantity.quantity></Point><Point><position>12679</position><in_Quantity.quantity>0.000000</in_Quantity.quantity><out_Quantity.quantity>16.611679</out_Quantity.quantity></Point><Point><position>12680</position><in_Quantity.quantity>0.000000</in_Quantity.quantity><out_Quantity.quantity>380.871359</out_Quantity.quantity></Point><Point><position>12681</position><in_Quantity.quantity>0.000000</in_Quantity.quantity><out_Quantity.quantity>23.313490</out_Quantity.quantity></Point><Point><position>12682</position><in_Quantity.quantity>0.000000</in_Quantity.quantity><out_Quantity.quantity>238.152348</out_Quantity.quantity></Point><Point><position>12683</position><in_Quantity.quantity>0.000000</in_Quantity.quantity><out_Quantity.quantity>757.163698</out_Quantity.quantity></Point><Point><position>12684</position><in_Quantity.quantity>0.000000</in_Quantity.quantity><out_Quantity.quantity>377.068442</out_Quantity.quantity></Point><Point><position>12685</position><in_Quantity.quantity>0.000000</in_Quantity.quantity><out_Quantity.quantity>482.190320</out_Quantity.quantity></Point><Point><position>12686</position><in_Quantity.quantity>0.000000</in_Quantity.quantity><out_Quantity.quantity>909.145507</out_Quantity.quantity></Point><Point><position>12687</position><in_Quantity.quantity>0.000000</in_Quantity.quantity><out_Quantity.quantity>357.441760</out_Quantity.quantity></Point><Point><position>12688</position><in_Quantity.quantity>0.000000</in_Quantity.quantity><out_Quantity.quantity>937.998079</out_Quantity.quantity></Point><Point><position>12689</position><in_Quantity.quantity>0.000000</in_Quantity.quantity><out_Quantity.quantity>324.864349</out_Quantity.quantity></Point><Point><position>12690</position><in_Quantity.quantity>0.000000</in_Quantity.quantity><out_Quantity.quantity>214.123050</out_Quantity.quantity></Point><Point><position>12691</position><in_Quantity.quantity>0.000000</in_Quantity.quantity><out_Quantity.quantity>948.583234</out_Quantity.quantity></Point><Point><position>12692</position><in_Quantity.quantity>0.000000</in_Quantity.quantity><out_Quantity.quantity>442.505318</out_Quantity.quantity></Point><Point><position>12693</position><in_Quantity.quantity>0.000000</in_Quantity.quantity><out_Quantity.quantity>840.213990</out_Quantity.quantity></Point><Point><position>12694</position><in_Quantity.quantity>0.000000</in_Quantity.quantity><out_Quantity.quantity>371.980247</out_Quantity.quantity></Point><Point><position>12695</position><in_Quantity.quantity>0.000000</in_Quantity.quantity><out_Quantity.quantity>354.212452</out_Quantity.quantity></Point><Point><position>12696</position><in_Quantity.quantity>0.000000</in_Quantity.quantity><out_Quantity.quantity>130.072928</out_Quantity.quantity></Point><Point><position>12697</position><in_Quantity.quantity>0.000000</in_Quantity.quantity><out_Quantity.quantity>240.631075</out_Quantity.quantity></Point><Point><position>12698</position><in_Quantity.quantity>0.000000</in_Quantity.quantity><out_Quantity.quantity>502.241587</out_Quantity.quantity></Point><Point><position>12699</position><in_Quantity.quantity>0.000000</in_Quantity.quantity><out_Quantity.quantity>679.238918</out_Quantity.quantity></Point><Point><position>12700</position><in_Quantity.quantity>0.000000</in_Quantity.quantity><out_Quantity.quantity>284.318958</out_Quantity.quantity></Point><Point><position>12701</position><in_Quantity.quantity>0.000000</in_Quantity.quantity><out_Quantity.quantity>518.943308</out_Quantity.quantity></Point><Point><position>12702</position><in_Quantity.quantity>0.000000</in_Quantity.quantity><out_Quantity.quantity>727.941618</out_Quantity.quantity></Point><Point><position>12703</position><in_Quantity.quantity>0.000000</in_Quantity.quantity><out_Quantity.quantity>324.173902</out_Quantity.quantity></Point><Point><position>12704</position><in_Quantity.quantity>0.000000</in_Quantity.quantity><out_Quantity.quantity>169.885631</out_Quantity.quantity></Point><Point><position>12705</position><in_Quantity.quantity>0.000000</in_Quantity.quantity><out_Quantity.quantity>976.271805</out_Quantity.quantity></Point><Point><position>12706</position><in_Quantity.quantity>0.000000</in_Quantity.quantity><out_Quantity.quantity>221.002090</out_Quantity.quantity></Point><Point><position>12707</position><in_Quantity.quantity>0.000000</in_Quantity.quantity><out_Quantity.quantity>202.912354</out_Quantity.quantity></Point><Point><position>12708</position><in_Quantity.quantity>0.000000</in_Quantity.quantity><out_Quantity.quantity>824.306986</out_Quantity.quantity></Point><Point><position>12709</position><in_Quantity.quantity>0.000000</in_Quantity.quantity><out_Quantity.quantity>385.381996</out_Quantity.quantity></Point><Point><position>12710</position><in_Quantity.quantity>0.000000</in_Quantity.quantity><out_Quantity.quantity>464.859235</out_Quantity.quantity></Point><Point><position>12711</position><in_Quantity.quantity>0.000000</in_Quantity.quantity><out_Quantity.quantity>4.514295</out_Quantity.quantity></Point><Point><position>12712</position><in_Quantity.quantity>0.000000</in_Quantity.quantity><out_Quantity.quantity>987.085293</out_Quantity.quantity></Point><Point><position>12713</position><in_Quantity.quantity>0.000000</in_Quantity.quantity><out_Quantity.quantity>714.287993</out_Quantity.quantity></Point><Point><position>12714</position><in_Quantity.quantity>0.000000</in_Quantity.quantity><out_Quantity.quantity>125.796345</out_Quantity.quantity></Point><Point><position>12715</position><in_Quantity.quantity>0.000000</in_Quantity.quantity><out_Quantity.quantity>955.831866</out_Quantity.quantity></Point><Point><position>12716</position><in_Quantity.quantity>0.000000</in_Quantity.quantity><out_Quantity.quantity>583.691217</out_Quantity.quantity></Point><Point><position>12717</position><in_Quantity.quantity>0.000000</in_Quantity.quantity><out_Quantity.quantity>284.267456</out_Quantity.quantity></Point><Point><position>12718</position><in_Quantity.quantity>0.000000</in_Quantity.quantity><out_Quantity.quantity>719.807371</out_Quantity.quantity></Point><Point><position>12719</position><in_Quantity.quantity>0.000000</in_Quantity.quantity><out_Quantity.quantity>68.427645</out_Quantity.quantity></Point><Point><position>12720</position><in_Quantity.quantity>0.000000</in_Quantity.quantity><out_Quantity.quantity>960.040135</out_Quantity.quantity></Point><Point><position>12721</position><in_Quantity.quantity>0.000000</in_Quantity.quantity><out_Quantity.quantity>104.939137</out_Quantity.quantity></Point><Point><position>12722</position><in_Quantity.quantity>0.000000</in_Quantity.quantity><out_Quantity.quantity>940.172861</out_Quantity.quantity></Point><Point><position>12723</position><in_Quantity.quantity>0.000000</in_Quantity.quantity><out_Quantity.quantity>804.146231</out_Quantity.quantity></Point><Point><position>12724</position><in_Quantity.quantity>0.000000</in_Quantity.quantity><out_Quantity.quantity>447.679602</out_Quantity.quantity></Point><Point><position>12725</position><in_Quantity.quantity>0.000000</in_Quantity.quantity><out_Quantity.quantity>289.598423</out_Quantity.quantity></Point><Point><position>12726</position><in_Quantity.quantity>0.000000</in_Quantity.quantity><out_Quantity.quantity>441.681957</out_Quantity.quantity></Point><Point><position>12727</position><in_Quantity.quantity>0.000000</in_Quantity.quantity><out_Quantity.quantity>264.276275</out_Quantity.quantity></Point><Point><position>12728</position><in_Quantity.quantity>0.000000</in_Quantity.quantity><out_Quantity.quantity>689.924741</out_Quantity.quantity></Point><Point><position>12729</position><in_Quantity.quantity>0.000000</in_Quantity.quantity><out_Quantity.quantity>42.777949</out_Quantity.quantity></Point><Point><position>12730</position><in_Quantity.quantity>0.000000</in_Quantity.quantity><out_Quantity.quantity>968.933333</out_Quantity.quantity></Point><Point><position>12731</position><in_Quantity.quantity>0.000000</in_Quantity.quantity><out_Quantity.quantity>862.442908</out_Quantity.quantity></Point><Point><position>12732</position><in_Quantity.quantity>0.000000</in_Quantity.quantity><out_Quantity.quantity>200.766117</out_Quantity.quantity></Point><Point><position>12733</position><in_Quantity.quantity>0.000000</in_Quantity.quantity><out_Quantity.quantity>571.625330</out_Quantity.quantity></Point><Point><position>12734</position><in_Quantity.quantity>0.000000</in_Quantity.quantity><out_Quantity.quantity>261.900676</out_Quantity.quantity></Point><Point><position>12735</position><in_Quantity.quantity>0.000000</in_Quantity.quantity><out_Quantity.quantity>877.709525</out_Quantity.quantity></Point><Point><position>12736</position><in_Quantity.quantity>0.000000</in_Quantity.quantity><out_Quantity.quantity>366.778846</out_Quantity.quantity></Point><Point><position>12737</position><in_Quantity.quantity>0.000000</in_Quantity.quantity><out_Quantity.quantity>595.293477</out_Quantity.quantity></Point><Point><position>12738</position><in_Quantity.quantity>0.000000</in_Quantity.quantity><out_Quantity.quantity>501.416526</out_Quantity.quantity></Point><Point><position>12739</position><in_Quantity.quantity>0.000000</in_Quantity.quantity><out_Quantity.quantity>142.263337</out_Quantity.quantity></Point><Point><position>12740</position><in_Quantity.quantity>0.000000</in_Quantity.quantity><out_Quantity.quantity>802.744322</out_Quantity.quantity></Point><Point><position>12741</position><in_Quantity.quantity>0.000000</in_Quantity.quantity><out_Quantity.quantity>673.116609</out_Quantity.quantity></Point><Point><position>12742</position><in_Quantity.quantity>0.000000</in_Quantity.quantity><out_Quantity.quantity>152.203320</out_Quantity.quantity></Point><Point><position>12743</position><in_Quantity.quantity>0.000000</in_Quantity.quantity><out_Quantity.quantity>713.798926</out_Quantity.quantity></Point><Point><position>12744</position><in_Quantity.quantity>0.000000</in_Quantity.quantity><out_Quantity.quantity>572.925698</out_Quantity.quantity></Point><Point><position>12745</position><in_Quantity.quantity>0.000000</in_Quantity.quantity><out_Quantity.quantity>521.083929</out_Quantity.quantity></Point><Point><position>12746</position><in_Quantity.quantity>0.000000</in_Quantity.quantity><out_Quantity.quantity>774.599676</out_Quantity.quantity></Point><Point><position>12747</position><in_Quantity.quantity>0.000000</in_Quantity.quantity><out_Quantity.quantity>94.373988</out_Quantity.quantity></Point><Point><position>12748</position><in_Quantity.quantity>0.000000</in_Quantity.quantity><out_Quantity.quantity>610.537316</out_Quantity.quantity></Point><Point><position>12749</position><in_Quantity.quantity>0.000000</in_Quantity.quantity><out_Quantity.quantity>32.291159</out_Quantity.quantity></Point><Point><position>12750</position><in_Quantity.quantity>0.000000</in_Quantity.quantity><out_Quantity.quantity>267.477152</out_Quantity.quantity></Point><Point><position>12751</position><in_Quantity.quantity>0.000000</in_Quantity.quantity><out_Quantity.quantity>677.434276</out_Quantity.quantity></Point><Point><position>12752</position><in_Quantity.quantity>0.000000</in_Quantity.quantity><out_Quantity.quantity>227.684875</out_Quantity.quantity></Point><Point><position>12753</position><in_Quantity.quantity>0.000000</in_Quantity.quantity><out_Quantity.quantity>938.642564</out_Quantity.quantity></Point><Point><position>12754</position><in_Quantity.quantity>0.000000</in_Quantity.quantity><out_Quantity.quantity>124.094433</out_Quantity.quantity></Point><Point><position>12755</position><in_Quantity.quantity>0.000000</in_Quantity.quantity><out_Quantity.quantity>265.813838</out_Quantity.quantity></Point><Point><position>12756</position><in_Quantity.quantity>0.000000</in_Quantity.quantity><out_Quantity.quantity>230.954001</out_Quantity.quantity></Point><Point><position>12757</position><in_Quantity.quantity>0.000000</in_Quantity.quantity><out_Quantity.quantity>750.387278</out_Quantity.quantity></Point><Point><position>12758</position><in_Quantity.quantity>0.000000</in_Quantity.quantity><out_Quantity.quantity>856.475640</out_Quantity.quantity></Point><Point><position>12759</position><in_Quantity.quantity>0.000000</in_Quantity.quantity><out_Quantity.quantity>203.876602</out_Quantity.quantity></Point><Point><position>12760</position><in_Quantity.quantity>0.000000</in_Quantity.quantity><out_Quantity.quantity>311.526357</out_Quantity.quantity></Point><Point><position>12761</position><in_Quantity.quantity>0.000000</in_Quantity.quantity><out_Quantity.quantity>152.971108</out_Quantity.quantity></Point><Point><position>12762</position><in_Quantity.quantity>0.000000</in_Quantity.quantity><out_Quantity.quantity>15.604245</out_Quantity.quantity></Point><Point><position>12763</position><in_Quantity.quantity>0.000000</in_Quantity.quantity><out_Quantity.quantity>556.979192</out_Quantity.quantity></Point><Point><position>12764</position><in_Quantity.quantity>0.000000</in_Quantity.quantity><out_Quantity.quantity>570.196624</out_Quantity.quantity></Point><Point><position>12765</position><in_Quantity.quantity>0.000000</in_Quantity.quantity><out_Quantity.quantity>299.987106</out_Quantity.quantity></Point><Point><position>12766</position><in_Quantity.quantity>0.000000</in_Quantity.quantity><out_Quantity.quantity>264.105423</out_Quantity.quantity></Point><Point><position>12767</position><in_Quantity.quantity>0.000000</in_Quantity.quantity><out_Quantity.quantity>715.254926</out_Quantity.quantity></Point><Point><position>12768</position><in_Quantity.quantity>0.000000</in_Quantity.quantity><out_Quantity.quantity>140.822596</out_Quantity.quantity></Point><Point><position>12769</position><in_Quantity.quantity>0.000000</in_Quantity.quantity><out_Quantity.quantity>339.645135</out_Quantity.quantity></Point><Point><position>12770</position><in_Quantity.quantity>0.000000</in_Quantity.quantity><out_Quantity.quantity>220.232917</out_Quantity.quantity></Point><Point><position>12771</position><in_Quantity.quantity>0.000000</in_Quantity.quantity><out_Quantity.quantity>647.935275</out_Quantity.quantity></Point><Point><position>12772</position><in_Quantity.quantity>0.000000</in_Quantity.quantity><out_Quantity.quantity>670.534315</out_Quantity.quantity></Point><Point><position>12773</position><in_Quantity.quantity>0.000000</in_Quantity.quantity><out_Quantity.quantity>317.964139</out_Quantity.quantity></Point><Point><position>12774</position><in_Quantity.quantity>0.000000</in_Quantity.quantity><out_Quantity.quantity>340.096073</out_Quantity.quantity></Point><Point><position>12775</position><in_Quantity.quantity>0.000000</in_Quantity.quantity><out_Quantity.quantity>364.208487</out_Quantity.quantity></Point><Point><position>12776</position><in_Quantity.quantity>0.000000</in_Quantity.quantity><out_Quantity.quantity>320.628820</out_Quantity.quantity></Point><Point><position>12777</position><in_Quantity.quantity>0.000000</in_Quantity.quantity><out_Quantity.quantity>275.625581</out_Quantity.quantity></Point><Point><position>12778</position><in_Quantity.quantity>0.000000</in_Quantity.quantity><out_Quantity.quantity>643.335507</out_Quantity.quantity></Point><Point><position>12779</position><in_Quantity.quantity>0.000000</in_Quantity.quantity><out_Quantity.quantity>104.876572</out_Quantity.quantity></Point><Point><position>12780</position><in_Quantity.quantity>0.000000</in_Quantity.quantity><out_Quantity.quantity>730.014624</out_Quantity.quantity></Point><Point><position>12781</position><in_Quantity.quantity>0.000000</in_Quantity.quantity><out_Quantity.quantity>87.935347</out_Quantity.quantity></Point><Point><position>12782</position><in_Quantity.quantity>0.000000</in_Quantity.quantity><out_Quantity.quantity>435.476873</out_Quantity.quantity></Point><Point><position>12783</position><in_Quantity.quantity>0.000000</in_Quantity.quantity><out_Quantity.quantity>45.589665</out_Quantity.quantity></Point><Point><position>12784</position><in_Quantity.quantity>0.000000</in_Quantity.quantity><out_Quantity.quantity>534.462171</out_Quantity.quantity></Point><Point><position>12785</position><in_Quantity.quantity>0.000000</in_Quantity.quantity><out_Quantity.quantity>313.527116</out_Quantity.quantity></Point><Point><position>12786</position><in_Quantity.quantity>0.000000</in_Quantity.quantity><out_Quantity.quantity>281.198553</out_Quantity.quantity></Point><Point><position>12787</position><in_Quantity.quantity>0.000000</in_Quantity.quantity><out_Quantity.quantity>810.903094</out_Quantity.quantity></Point><Point><position>12788</position><in_Quantity.quantity>0.000000</in_Quantity.quantity><out_Quantity.quantity>273.270939</out_Quantity.quantity></Point><Point><position>12789</position><in_Quantity.quantity>0.000000</in_Quantity.quantity><out_Quantity.quantity>875.566668</out_Quantity.quantity></Point><Point><position>12790</position><in_Quantity.quantity>0.000000</in_Quantity.quantity><out_Quantity.quantity>514.719864</out_Quantity.quantity></Point><Point><position>12791</position><in_Quantity.quantity>0.000000</in_Quantity.quantity><out_Quantity.quantity>338.063615</out_Quantity.quantity></Point><Point><position>12792</position><in_Quantity.quantity>0.000000</in_Quantity.quantity><out_Quantity.quantity>97.040413</out_Quantity.quantity></Point><Point><position>12793</position><in_Quantity.quantity>0.000000</in_Quantity.quantity><out_Quantity.quantity>76.402827</out_Quantity.quantity></Point><Point><position>12794</position><in_Quantity.quantity>0.000000</in_Quantity.quantity><out_Quantity.quantity>861.881108</out_Quantity.quantity></Point><Point><position>12795</position><in_Quantity.quantity>0.000000</in_Quantity.quantity><out_Quantity.quantity>624.824244</out_Quantity.quantity></Point><Point><position>12796</position><in_Quantity.quantity>0.000000</in_Quantity.quantity><out_Quantity.quantity>50.266282</out_Quantity.quantity></Point><Point><position>12797</position><in_Quantity.quantity>0.000000</in_Quantity.quantity><out_Quantity.quantity>129.240367</out_Quantity.quantity></Point><Point><position>12798</position><in_Quantity.quantity>0.000000</in_Quantity.quantity><out_Quantity.quantity>228.497356</out_Quantity.quantity></Point><Point><position>12799</position><in_Quantity.quantity>0.000000</in_Quantity.quantity><out_Quantity.quantity>839.121492</out_Quantity.quantity></Point><Point><position>12800</position><in_Quantity.quantity>0.000000</in_Quantity.quantity><out_Quantity.quantity>290.003188</out_Quantity.quantity></Point><Point><position>12801</position><in_Quantity.quantity>0.000000</in_Quantity.quantity><out_Quantity.quantity>120.187537</out_Quantity.quantity></Point><Point><position>12802</position><in_Quantity.quantity>0.000000</in_Quantity.quantity><out_Quantity.quantity>153.579135</out_Quantity.quantity></Point><Point><position>12803</position><in_Quantity.quantity>0.000000</in_Quantity.quantity><out_Quantity.quantity>137.073298</out_Quantity.quantity></Point><Point><position>12804</position><in_Quantity.quantity>0.000000</in_Quantity.quantity><out_Quantity.quantity>474.632055</out_Quantity.quantity></Point><Point><position>12805</position><in_Quantity.quantity>0.000000</in_Quantity.quantity><out_Quantity.quantity>200.159460</out_Quantity.quantity></Point><Point><position>12806</position><in_Quantity.quantity>0.000000</in_Quantity.quantity><out_Quantity.quantity>564.691219</out_Quantity.quantity></Point><Point><position>12807</position><in_Quantity.quantity>0.000000</in_Quantity.quantity><out_Quantity.quantity>643.916921</out_Quantity.quantity></Point><Point><position>12808</position><in_Quantity.quantity>0.000000</in_Quantity.quantity><out_Quantity.quantity>696.802283</out_Quantity.quantity></Point><Point><position>12809</position><in_Quantity.quantity>0.000000</in_Quantity.quantity><out_Quantity.quantity>507.615110</out_Quantity.quantity></Point><Point><position>12810</position><in_Quantity.quantity>0.000000</in_Quantity.quantity><out_Quantity.quantity>35.854880</out_Quantity.quantity></Point><Point><position>12811</position><in_Quantity.quantity>0.000000</in_Quantity.quantity><out_Quantity.quantity>32.357974</out_Quantity.quantity></Point><Point><position>12812</position><in_Quantity.quantity>0.000000</in_Quantity.quantity><out_Quantity.quantity>14.594738</out_Quantity.quantity></Point><Point><position>12813</position><in_Quantity.quantity>0.000000</in_Quantity.quantity><out_Quantity.quantity>175.908312</out_Quantity.quantity></Point><Point><position>12814</position><in_Quantity.quantity>0.000000</in_Quantity.quantity><out_Quantity.quantity>305.670110</out_Quantity.quantity></Point><Point><position>12815</position><in_Quantity.quantity>0.000000</in_Quantity.quantity><out_Quantity.quantity>923.814979</out_Quantity.quantity></Point><Point><position>12816</position><in_Quantity.quantity>0.000000</in_Quantity.quantity><out_Quantity.quantity>315.458193</out_Quantity.quantity></Point><Point><position>12817</position><in_Quantity.quantity>0.000000</in_Quantity.quantity><out_Quantity.quantity>761.790609</out_Quantity.quantity></Point><Point><position>12818</position><in_Quantity.quantity>0.000000</in_Quantity.quantity><out_Quantity.quantity>767.252206</out_Quantity.quantity></Point><Point><position>12819</position><in_Quantity.quantity>0.000000</in_Quantity.quantity><out_Quantity.quantity>896.383272</out_Quantity.quantity></Point><Point><position>12820</position><in_Quantity.quantity>0.000000</in_Quantity.quantity><out_Quantity.quantity>6.665168</out_Quantity.quantity></Point><Point><position>12821</position><in_Quantity.quantity>0.000000</in_Quantity.quantity><out_Quantity.quantity>212.933757</out_Quantity.quantity></Point><Point><position>12822</position><in_Quantity.quantity>0.000000</in_Quantity.quantity><out_Quantity.quantity>460.822198</out_Quantity.quantity></Point><Point><position>12823</position><in_Quantity.quantity>0.000000</in_Quantity.quantity><out_Quantity.quantity>76.402228</out_Quantity.quantity></Point><Point><position>12824</position><in_Quantity.quantity>0.000000</in_Quantity.quantity><out_Quantity.quantity>737.632527</out_Quantity.quantity></Point><Point><position>12825</position><in_Quantity.quantity>0.000000</in_Quantity.quantity><out_Quantity.quantity>561.260621</out_Quantity.quantity></Point><Point><position>12826</position><in_Quantity.quantity>0.000000</in_Quantity.quantity><out_Quantity.quantity>341.929661</out_Quantity.quantity></Point><Point><position>12827</position><in_Quantity.quantity>0.000000</in_Quantity.quantity><out_Quantity.quantity>421.015838</out_Quantity.quantity></Point><Point><position>12828</position><in_Quantity.quantity>0.000000</in_Quantity.quantity><out_Quantity.quantity>32.107261</out_Quantity.quantity></Point><Point><position>12829</position><in_Quantity.quantity>0.000000</in_Quantity.quantity><out_Quantity.quantity>53.672664</out_Quantity.quantity></Point><Point><position>12830</position><in_Quantity.quantity>0.000000</in_Quantity.quantity><out_Quantity.quantity>272.273881</out_Quantity.quantity></Point><Point><position>12831</position><in_Quantity.quantity>0.000000</in_Quantity.quantity><out_Quantity.quantity>68.196832</out_Quantity.quantity></Point><Point><position>12832</position><in_Quantity.quantity>0.000000</in_Quantity.quantity><out_Quantity.quantity>552.611952</out_Quantity.quantity></Point><Point><position>12833</position><in_Quantity.quantity>0.000000</in_Quantity.quantity><out_Quantity.quantity>763.598581</out_Quantity.quantity></Point><Point><position>12834</position><in_Quantity.quantity>0.000000</in_Quantity.quantity><out_Quantity.quantity>366.521091</out_Quantity.quantity></Point><Point><position>12835</position><in_Quantity.quantity>0.000000</in_Quantity.quantity><out_Quantity.quantity>590.778481</out_Quantity.quantity></Point><Point><position>12836</position><in_Quantity.quantity>0.000000</in_Quantity.quantity><out_Quantity.quantity>801.213485</out_Quantity.quantity></Point><Point><position>12837</position><in_Quantity.quantity>0.000000</in_Quantity.quantity><out_Quantity.quantity>634.950142</out_Quantity.quantity></Point><Point><position>12838</position><in_Quantity.quantity>0.000000</in_Quantity.quantity><out_Quantity.quantity>97.161510</out_Quantity.quantity></Point><Point><position>12839</position><in_Quantity.quantity>0.000000</in_Quantity.quantity><out_Quantity.quantity>754.967991</out_Quantity.quantity></Point><Point><position>12840</position><in_Quantity.quantity>0.000000</in_Quantity.quantity><out_Quantity.quantity>917.769698</out_Quantity.quantity></Point><Point><position>12841</position><in_Quantity.quantity>0.000000</in_Quantity.quantity><out_Quantity.quantity>285.025236</out_Quantity.quantity></Point><Point><position>12842</position><in_Quantity.quantity>0.000000</in_Quantity.quantity><out_Quantity.quantity>68.675942</out_Quantity.quantity></Point><Point><position>12843</position><in_Quantity.quantity>0.000000</in_Quantity.quantity><out_Quantity.quantity>259.951476</out_Quantity.quantity></Point><Point><position>12844</position><in_Quantity.quantity>0.000000</in_Quantity.quantity><out_Quantity.quantity>531.186779</out_Quantity.quantity></Point><Point><position>12845</position><in_Quantity.quantity>0.000000</in_Quantity.quantity><out_Quantity.quantity>379.283753</out_Quantity.quantity></Point><Point><position>12846</position><in_Quantity.quantity>0.000000</in_Quantity.quantity><out_Quantity.quantity>292.083271</out_Quantity.quantity></Point><Point><position>12847</position><in_Quantity.quantity>0.000000</in_Quantity.quantity><out_Quantity.quantity>993.162054</out_Quantity.quantity></Point><Point><position>12848</position><in_Quantity.quantity>0.000000</in_Quantity.quantity><out_Quantity.quantity>71.431737</out_Quantity.quantity></Point><Point><position>12849</position><in_Quantity.quantity>0.000000</in_Quantity.quantity><out_Quantity.quantity>106.505472</out_Quantity.quantity></Point><Point><position>12850</position><in_Quantity.quantity>0.000000</in_Quantity.quantity><out_Quantity.quantity>125.883833</out_Quantity.quantity></Point><Point><position>12851</position><in_Quantity.quantity>0.000000</in_Quantity.quantity><out_Quantity.quantity>765.960576</out_Quantity.quantity></Point><Point><position>12852</position><in_Quantity.quantity>0.000000</in_Quantity.quantity><out_Quantity.quantity>72.396364</out_Quantity.quantity></Point><Point><position>12853</position><in_Quantity.quantity>0.000000</in_Quantity.quantity><out_Quantity.quantity>154.325229</out_Quantity.quantity></Point><Point><position>12854</position><in_Quantity.quantity>0.000000</in_Quantity.quantity><out_Quantity.quantity>510.833488</out_Quantity.quantity></Point><Point><position>12855</position><in_Quantity.quantity>0.000000</in_Quantity.quantity><out_Quantity.quantity>739.789695</out_Quantity.quantity></Point><Point><position>12856</position><in_Quantity.quantity>0.000000</in_Quantity.quantity><out_Quantity.quantity>926.359753</out_Quantity.quantity></Point><Point><position>12857</position><in_Quantity.quantity>0.000000</in_Quantity.quantity><out_Quantity.quantity>396.361539</out_Quantity.quantity></Point><Point><position>12858</position><in_Quantity.quantity>0.000000</in_Quantity.quantity><out_Quantity.quantity>435.224439</out_Quantity.quantity></Point><Point><position>12859</position><in_Quantity.quantity>0.000000</in_Quantity.quantity><out_Quantity.quantity>303.230532</out_Quantity.quantity></Point><Point><position>12860</position><in_Quantity.quantity>0.000000</in_Quantity.quantity><out_Quantity.quantity>839.210691</out_Quantity.quantity></Point><Point><position>12861</position><in_Quantity.quantity>0.000000</in_Quantity.quantity><out_Quantity.quantity>279.923340</out_Quantity.quantity></Point><Point><position>12862</position><in_Quantity.quantity>0.000000</in_Quantity.quantity><out_Quantity.quantity>245.803969</out_Quantity.quantity></Point><Point><position>12863</position><in_Quantity.quantity>0.000000</in_Quantity.quantity><out_Quantity.quantity>467.710377</out_Quantity.quantity></Point><Point><position>12864</position><in_Quantity.quantity>0.000000</in_Quantity.quantity><out_Quantity.quantity>841.069837</out_Quantity.quantity></Point><Point><position>12865</position><in_Quantity.quantity>0.000000</in_Quantity.quantity><out_Quantity.quantity>248.711401</out_Quantity.quantity></Point><Point><position>12866</position><in_Quantity.quantity>0.000000</in_Quantity.quantity><out_Quantity.quantity>557.753498</out_Quantity.quantity></Point><Point><position>12867</position><in_Quantity.quantity>0.000000</in_Quantity.quantity><out_Quantity.quantity>793.697117</out_Quantity.quantity></Point><Point><position>12868</position><in_Quantity.quantity>0.000000</in_Quantity.quantity><out_Quantity.quantity>48.472586</out_Quantity.quantity></Point><Point><position>12869</position><in_Quantity.quantity>0.000000</in_Quantity.quantity><out_Quantity.quantity>778.534518</out_Quantity.quantity></Point><Point><position>12870</position><in_Quantity.quantity>0.000000</in_Quantity.quantity><out_Quantity.quantity>769.618569</out_Quantity.quantity></Point><Point><position>12871</position><in_Quantity.quantity>0.000000</in_Quantity.quantity><out_Quantity.quantity>724.992174</out_Quantity.quantity></Point><Point><position>12872</position><in_Quantity.quantity>0.000000</in_Quantity.quantity><out_Quantity.quantity>684.960655</out_Quantity.quantity></Point><Point><position>12873</position><in_Quantity.quantity>0.000000</in_Quantity.quantity><out_Quantity.quantity>420.862710</out_Quantity.quantity></Point><Point><position>12874</position><in_Quantity.quantity>0.000000</in_Quantity.quantity><out_Quantity.quantity>710.956181</out_Quantity.quantity></Point><Point><position>12875</position><in_Quantity.quantity>0.000000</in_Quantity.quantity><out_Quantity.quantity>311.802149</out_Quantity.quantity></Point><Point><position>12876</position><in_Quantity.quantity>0.000000</in_Quantity.quantity><out_Quantity.quantity>462.220109</out_Quantity.quantity></Point><Point><position>12877</position><in_Quantity.quantity>0.000000</in_Quantity.quantity><out_Quantity.quantity>851.516426</out_Quantity.quantity></Point><Point><position>12878</position><in_Quantity.quantity>0.000000</in_Quantity.quantity><out_Quantity.quantity>39.531449</out_Quantity.quantity></Point><Point><position>12879</position><in_Quantity.quantity>0.000000</in_Quantity.quantity><out_Quantity.quantity>836.515105</out_Quantity.quantity></Point><Point><position>12880</position><in_Quantity.quantity>0.000000</in_Quantity.quantity><out_Quantity.quantity>901.971694</out_Quantity.quantity></Point><Point><position>12881</position><in_Quantity.quantity>0.000000</in_Quantity.quantity><out_Quantity.quantity>409.501849</out_Quantity.quantity></Point><Point><position>12882</position><in_Quantity.quantity>0.000000</in_Quantity.quantity><out_Quantity.quantity>46.489317</out_Quantity.quantity></Point><Point><position>12883</position><in_Quantity.quantity>0.000000</in_Quantity.quantity><out_Quantity.quantity>684.510692</out_Quantity.quantity></Point><Point><position>12884</position><in_Quantity.quantity>0.000000</in_Quantity.quantity><out_Quantity.quantity>900.880243</out_Quantity.quantity></Point><Point><position>12885</position><in_Quantity.quantity>0.000000</in_Quantity.quantity><out_Quantity.quantity>799.512329</out_Quantity.quantity></Point><Point><position>12886</position><in_Quantity.quantity>0.000000</in_Quantity.quantity><out_Quantity.quantity>753.740463</out_Quantity.quantity></Point><Point><position>12887</position><in_Quantity.quantity>0.000000</in_Quantity.quantity><out_Quantity.quantity>604.312363</out_Quantity.quantity></Point><Point><position>12888</position><in_Quantity.quantity>0.000000</in_Quantity.quantity><out_Quantity.quantity>903.169662</out_Quantity.quantity></Point><Point><position>12889</position><in_Quantity.quantity>0.000000</in_Quantity.quantity><out_Quantity.quantity>699.798957</out_Quantity.quantity></Point><Point><position>12890</position><in_Quantity.quantity>0.000000</in_Quantity.quantity><out_Quantity.quantity>914.210605</out_Quantity.quantity></Point><Point><position>12891</position><in_Quantity.quantity>0.000000</in_Quantity.quantity><out_Quantity.quantity>93.478006</out_Quantity.quantity></Point><Point><position>12892</position><in_Quantity.quantity>0.000000</in_Quantity.quantity><out_Quantity.quantity>346.852780</out_Quantity.quantity></Point><Point><position>12893</position><in_Quantity.quantity>0.000000</in_Quantity.quantity><out_Quantity.quantity>879.000177</out_Quantity.quantity></Point><Point><position>12894</position><in_Quantity.quantity>0.000000</in_Quantity.quantity><out_Quantity.quantity>775.720648</out_Quantity.quantity></Point><Point><position>12895</position><in_Quantity.quantity>0.000000</in_Quantity.quantity><out_Quantity.quantity>778.167815</out_Quantity.quantity></Point><Point><position>12896</position><in_Quantity.quantity>0.000000</in_Quantity.quantity><out_Quantity.quantity>769.030020</out_Quantity.quantity></Point><Point><position>12897</position><in_Quantity.quantity>0.000000</in_Quantity.quantity><out_Quantity.quantity>594.007305</out_Quantity.quantity></Point><Point><position>12898</position><in_Quantity.quantity>0.000000</in_Quantity.quantity><out_Quantity.quantity>634.663724</out_Quantity.quantity></Point><Point><position>12899</position><in_Quantity.quantity>0.000000</in_Quantity.quantity><out_Quantity.quantity>706.325686</out_Quantity.quantity></Point><Point><position>12900</position><in_Quantity.quantity>0.000000</in_Quantity.quantity><out_Quantity.quantity>208.134643</out_Quantity.quantity></Point><Point><position>12901</position><in_Quantity.quantity>0.000000</in_Quantity.quantity><out_Quantity.quantity>345.989087</out_Quantity.quantity></Point><Point><position>12902</position><in_Quantity.quantity>0.000000</in_Quantity.quantity><out_Quantity.quantity>742.123636</out_Quantity.quantity></Point><Point><position>12903</position><in_Quantity.quantity>0.000000</in_Quantity.quantity><out_Quantity.quantity>461.165722</out_Quantity.quantity></Point><Point><position>12904</position><in_Quantity.quantity>0.000000</in_Quantity.quantity><out_Quantity.quantity>419.378317</out_Quantity.quantity></Point><Point><position>12905</position><in_Quantity.quantity>0.000000</in_Quantity.quantity><out_Quantity.quantity>253.039104</out_Quantity.quantity></Point><Point><position>12906</position><in_Quantity.quantity>0.000000</in_Quantity.quantity><out_Quantity.quantity>953.921135</out_Quantity.quantity></Point><Point><position>12907</position><in_Quantity.quantity>0.000000</in_Quantity.quantity><out_Quantity.quantity>631.386521</out_Quantity.quantity></Point><Point><position>12908</position><in_Quantity.quantity>0.000000</in_Quantity.quantity><out_Quantity.quantity>172.618276</out_Quantity.quantity></Point><Point><position>12909</position><in_Quantity.quantity>0.000000</in_Quantity.quantity><out_Quantity.quantity>882.265068</out_Quantity.quantity></Point><Point><position>12910</position><in_Quantity.quantity>0.000000</in_Quantity.quantity><out_Quantity.quantity>294.583699</out_Quantity.quantity></Point><Point><position>12911</position><in_Quantity.quantity>0.000000</in_Quantity.quantity><out_Quantity.quantity>686.914403</out_Quantity.quantity></Point><Point><position>12912</position><in_Quantity.quantity>0.000000</in_Quantity.quantity><out_Quantity.quantity>857.628187</out_Quantity.quantity></Point><Point><position>12913</position><in_Quantity.quantity>0.000000</in_Quantity.quantity><out_Quantity.quantity>991.777118</out_Quantity.quantity></Point><Point><position>12914</position><in_Quantity.quantity>0.000000</in_Quantity.quantity><out_Quantity.quantity>744.302845</out_Quantity.quantity></Point><Point><position>12915</position><in_Quantity.quantity>0.000000</in_Quantity.quantity><out_Quantity.quantity>862.783033</out_Quantity.quantity></Point><Point><position>12916</position><in_Quantity.quantity>0.000000</in_Quantity.quantity><out_Quantity.quantity>148.737464</out_Quantity.quantity></Point><Point><position>12917</position><in_Quantity.quantity>0.000000</in_Quantity.quantity><out_Quantity.quantity>143.530347</out_Quantity.quantity></Point><Point><position>12918</position><in_Quantity.quantity>0.000000</in_Quantity.quantity><out_Quantity.quantity>492.330586</out_Quantity.quantity></Point><Point><position>12919</position><in_Quantity.quantity>0.000000</in_Quantity.quantity><out_Quantity.quantity>548.791487</out_Quantity.quantity></Point><Point><position>12920</position><in_Quantity.quantity>0.000000</in_Quantity.quantity><out_Quantity.quantity>317.179639</out_Quantity.quantity></Point><Point><position>12921</position><in_Quantity.quantity>0.000000</in_Quantity.quantity><out_Quantity.quantity>111.304728</out_Quantity.quantity></Point><Point><position>12922</position><in_Quantity.quantity>0.000000</in_Quantity.quantity><out_Quantity.quantity>456.821891</out_Quantity.quantity></Point><Point><position>12923</position><in_Quantity.quantity>0.000000</in_Quantity.quantity><out_Quantity.quantity>61.453025</out_Quantity.quantity></Point><Point><position>12924</position><in_Quantity.quantity>0.000000</in_Quantity.quantity><out_Quantity.quantity>617.245565</out_Quantity.quantity></Point><Point><position>12925</position><in_Quantity.quantity>0.000000</in_Quantity.quantity><out_Quantity.quantity>391.355549</out_Quantity.quantity></Point><Point><position>12926</position><in_Quantity.quantity>0.000000</in_Quantity.quantity><out_Quantity.quantity>3.603564</out_Quantity.quantity></Point><Point><position>12927</position><in_Quantity.quantity>0.000000</in_Quantity.quantity><out_Quantity.quantity>290.352857</out_Quantity.quantity></Point><Point><position>12928</position><in_Quantity.quantity>0.000000</in_Quantity.quantity><out_Quantity.quantity>14.420227</out_Quantity.quantity></Point><Point><position>12929</position><in_Quantity.quantity>0.000000</in_Quantity.quantity><out_Quantity.quantity>690.041185</out_Quantity.quantity></Point><Point><position>12930</position><in_Quantity.quantity>0.000000</in_Quantity.quantity><out_Quantity.quantity>925.954474</out_Quantity.quantity></Point><Point><position>12931</position><in_Quantity.quantity>0.000000</in_Quantity.quantity><out_Quantity.quantity>82.267883</out_Quantity.quantity></Point><Point><position>12932</position><in_Quantity.quantity>0.000000</in_Quantity.quantity><out_Quantity.quantity>737.065810</out_Quantity.quantity></Point><Point><position>12933</position><in_Quantity.quantity>0.000000</in_Quantity.quantity><out_Quantity.quantity>624.494613</out_Quantity.quantity></Point><Point><position>12934</position><in_Quantity.quantity>0.000000</in_Quantity.quantity><out_Quantity.quantity>368.352573</out_Quantity.quantity></Point><Point><position>12935</position><in_Quantity.quantity>0.000000</in_Quantity.quantity><out_Quantity.quantity>705.601885</out_Quantity.quantity></Point><Point><position>12936</position><in_Quantity.quantity>0.000000</in_Quantity.quantity><out_Quantity.quantity>601.480415</out_Quantity.quantity></Point><Point><position>12937</position><in_Quantity.quantity>0.000000</in_Quantity.quantity><out_Quantity.quantity>362.253363</out_Quantity.quantity></Point><Point><position>12938</position><in_Quantity.quantity>0.000000</in_Quantity.quantity><out_Quantity.quantity>252.422431</out_Quantity.quantity></Point><Point><position>12939</position><in_Quantity.quantity>0.000000</in_Quantity.quantity><out_Quantity.quantity>610.013537</out_Quantity.quantity></Point><Point><position>12940</position><in_Quantity.quantity>0.000000</in_Quantity.quantity><out_Quantity.quantity>342.118312</out_Quantity.quantity></Point><Point><position>12941</position><in_Quantity.quantity>0.000000</in_Quantity.quantity><out_Quantity.quantity>583.260082</out_Quantity.quantity></Point><Point><position>12942</position><in_Quantity.quantity>0.000000</in_Quantity.quantity><out_Quantity.quantity>917.453422</out_Quantity.quantity></Point><Point><position>12943</position><in_Quantity.quantity>0.000000</in_Quantity.quantity><out_Quantity.quantity>792.759170</out_Quantity.quantity></Point><Point><position>12944</position><in_Quantity.quantity>0.000000</in_Quantity.quantity><out_Quantity.quantity>10.287305</out_Quantity.quantity></Point><Point><position>12945</position><in_Quantity.quantity>0.000000</in_Quantity.quantity><out_Quantity.quantity>526.771891</out_Quantity.quantity></Point><Point><position>12946</position><in_Quantity.quantity>0.000000</in_Quantity.quantity><out_Quantity.quantity>137.089540</out_Quantity.quantity></Point><Point><position>12947</position><in_Quantity.quantity>0.000000</in_Quantity.quantity><out_Quantity.quantity>637.775979</out_Quantity.quantity></Point><Point><position>12948</position><in_Quantity.quantity>0.000000</in_Quantity.quantity><out_Quantity.quantity>942.269859</out_Quantity.quantity></Point><Point><position>12949</position><in_Quantity.quantity>0.000000</in_Quantity.quantity><out_Quantity.quantity>250.849621</out_Quantity.quantity></Point><Point><position>12950</position><in_Quantity.quantity>0.000000</in_Quantity.quantity><out_Quantity.quantity>262.609841</out_Quantity.quantity></Point><Point><position>12951</position><in_Quantity.quantity>0.000000</in_Quantity.quantity><out_Quantity.quantity>760.469385</out_Quantity.quantity></Point><Point><position>12952</position><in_Quantity.quantity>0.000000</in_Quantity.quantity><out_Quantity.quantity>316.374897</out_Quantity.quantity></Point><Point><position>12953</position><in_Quantity.quantity>0.000000</in_Quantity.quantity><out_Quantity.quantity>853.484780</out_Quantity.quantity></Point><Point><position>12954</position><in_Quantity.quantity>0.000000</in_Quantity.quantity><out_Quantity.quantity>756.070391</out_Quantity.quantity></Point><Point><position>12955</position><in_Quantity.quantity>0.000000</in_Quantity.quantity><out_Quantity.quantity>214.485063</out_Quantity.quantity></Point><Point><position>12956</position><in_Quantity.quantity>0.000000</in_Quantity.quantity><out_Quantity.quantity>417.593584</out_Quantity.quantity></Point><Point><position>12957</position><in_Quantity.quantity>0.000000</in_Quantity.quantity><out_Quantity.quantity>512.916890</out_Quantity.quantity></Point><Point><position>12958</position><in_Quantity.quantity>0.000000</in_Quantity.quantity><out_Quantity.quantity>406.308853</out_Quantity.quantity></Point><Point><position>12959</position><in_Quantity.quantity>0.000000</in_Quantity.quantity><out_Quantity.quantity>220.478289</out_Quantity.quantity></Point><Point><position>12960</position><in_Quantity.quantity>0.000000</in_Quantity.quantity><out_Quantity.quantity>694.882001</out_Quantity.quantity></Point><Point><position>12961</position><in_Quantity.quantity>0.000000</in_Quantity.quantity><out_Quantity.quantity>678.022630</out_Quantity.quantity></Point><Point><position>12962</position><in_Quantity.quantity>0.000000</in_Quantity.quantity><out_Quantity.quantity>343.878486</out_Quantity.quantity></Point><Point><position>12963</position><in_Quantity.quantity>0.000000</in_Quantity.quantity><out_Quantity.quantity>946.117372</out_Quantity.quantity></Point><Point><position>12964</position><in_Quantity.quantity>0.000000</in_Quantity.quantity><out_Quantity.quantity>744.614780</out_Quantity.quantity></Point><Point><position>12965</position><in_Quantity.quantity>0.000000</in_Quantity.quantity><out_Quantity.quantity>778.992000</out_Quantity.quantity></Point><Point><position>12966</position><in_Quantity.quantity>0.000000</in_Quantity.quantity><out_Quantity.quantity>742.194473</out_Quantity.quantity></Point><Point><position>12967</position><in_Quantity.quantity>0.000000</in_Quantity.quantity><out_Quantity.quantity>669.581041</out_Quantity.quantity></Point><Point><position>12968</position><in_Quantity.quantity>0.000000</in_Quantity.quantity><out_Quantity.quantity>398.806783</out_Quantity.quantity></Point><Point><position>12969</position><in_Quantity.quantity>0.000000</in_Quantity.quantity><out_Quantity.quantity>44.442441</out_Quantity.quantity></Point><Point><position>12970</position><in_Quantity.quantity>0.000000</in_Quantity.quantity><out_Quantity.quantity>431.817598</out_Quantity.quantity></Point><Point><position>12971</position><in_Quantity.quantity>0.000000</in_Quantity.quantity><out_Quantity.quantity>49.760250</out_Quantity.quantity></Point><Point><position>12972</position><in_Quantity.quantity>0.000000</in_Quantity.quantity><out_Quantity.quantity>513.414292</out_Quantity.quantity></Point><Point><position>12973</position><in_Quantity.quantity>0.000000</in_Quantity.quantity><out_Quantity.quantity>255.190400</out_Quantity.quantity></Point><Point><position>12974</position><in_Quantity.quantity>0.000000</in_Quantity.quantity><out_Quantity.quantity>990.212105</out_Quantity.quantity></Point><Point><position>12975</position><in_Quantity.quantity>0.000000</in_Quantity.quantity><out_Quantity.quantity>296.560666</out_Quantity.quantity></Point><Point><position>12976</position><in_Quantity.quantity>0.000000</in_Quantity.quantity><out_Quantity.quantity>540.636127</out_Quantity.quantity></Point><Point><position>12977</position><in_Quantity.quantity>0.000000</in_Quantity.quantity><out_Quantity.quantity>511.976258</out_Quantity.quantity></Point><Point><position>12978</position><in_Quantity.quantity>0.000000</in_Quantity.quantity><out_Quantity.quantity>735.540014</out_Quantity.quantity></Point><Point><position>12979</position><in_Quantity.quantity>0.000000</in_Quantity.quantity><out_Quantity.quantity>505.108971</out_Quantity.quantity></Point><Point><position>12980</position><in_Quantity.quantity>0.000000</in_Quantity.quantity><out_Quantity.quantity>454.045099</out_Quantity.quantity></Point><Point><position>12981</position><in_Quantity.quantity>0.000000</in_Quantity.quantity><out_Quantity.quantity>607.551699</out_Quantity.quantity></Point><Point><position>12982</position><in_Quantity.quantity>0.000000</in_Quantity.quantity><out_Quantity.quantity>438.419657</out_Quantity.quantity></Point><Point><position>12983</position><in_Quantity.quantity>0.000000</in_Quantity.quantity><out_Quantity.quantity>224.386547</out_Quantity.quantity></Point><Point><position>12984</position><in_Quantity.quantity>0.000000</in_Quantity.quantity><out_Quantity.quantity>452.268311</out_Quantity.quantity></Point><Point><position>12985</position><in_Quantity.quantity>0.000000</in_Quantity.quantity><out_Quantity.quantity>179.810371</out_Quantity.quantity></Point><Point><position>12986</position><in_Quantity.quantity>0.000000</in_Quantity.quantity><out_Quantity.quantity>473.439998</out_Quantity.quantity></Point><Point><position>12987</position><in_Quantity.quantity>0.000000</in_Quantity.quantity><out_Quantity.quantity>184.239523</out_Quantity.quantity></Point><Point><position>12988</position><in_Quantity.quantity>0.000000</in_Quantity.quantity><out_Quantity.quantity>458.157592</out_Quantity.quantity></Point><Point><position>12989</position><in_Quantity.quantity>0.000000</in_Quantity.quantity><out_Quantity.quantity>461.786682</out_Quantity.quantity></Point><Point><position>12990</position><in_Quantity.quantity>0.000000</in_Quantity.quantity><out_Quantity.quantity>791.037892</out_Quantity.quantity></Point><Point><position>12991</position><in_Quantity.quantity>0.000000</in_Quantity.quantity><out_Quantity.quantity>485.689452</out_Quantity.quantity></Point><Point><position>12992</position><in_Quantity.quantity>0.000000</in_Quantity.quantity><out_Quantity.quantity>363.590950</out_Quantity.quantity></Point><Point><position>12993</position><in_Quantity.quantity>0.000000</in_Quantity.quantity><out_Quantity.quantity>198.187220</out_Quantity.quantity></Point><Point><position>12994</position><in_Quantity.quantity>0.000000</in_Quantity.quantity><out_Quantity.quantity>61.447359</out_Quantity.quantity></Point><Point><position>12995</position><in_Quantity.quantity>0.000000</in_Quantity.quantity><out_Quantity.quantity>898.461011</out_Quantity.quantity></Point><Point><position>12996</position><in_Quantity.quantity>0.000000</in_Quantity.quantity><out_Quantity.quantity>23.244705</out_Quantity.quantity></Point><Point><position>12997</position><in_Quantity.quantity>0.000000</in_Quantity.quantity><out_Quantity.quantity>181.085706</out_Quantity.quantity></Point><Point><position>12998</position><in_Quantity.quantity>0.000000</in_Quantity.quantity><out_Quantity.quantity>24.927959</out_Quantity.quantity></Point><Point><position>12999</position><in_Quantity.quantity>0.000000</in_Quantity.quantity><out_Quantity.quantity>16.636783</out_Quantity.quantity></Point><Point><position>13000</position><in_Quantity.quantity>0.000000</in_Quantity.quantity><out_Quantity.quantity>237.920869</out_Quantity.quantity></Point><Point><position>13001</position><in_Quantity.quantity>0.000000</in_Quantity.quantity><out_Quantity.quantity>864.306498</out_Quantity.quantity></Point><Point><position>13002</position><in_Quantity.quantity>0.000000</in_Quantity.quantity><out_Quantity.quantity>579.245851</out_Quantity.quantity></Point><Point><position>13003</position><in_Quantity.quantity>0.000000</in_Quantity.quantity><out_Quantity.quantity>313.009560</out_Quantity.quantity></Point><Point><position>13004</position><in_Quantity.quantity>0.000000</in_Quantity.quantity><out_Quantity.quantity>728.548615</out_Quantity.quantity></Point><Point><position>13005</position><in_Quantity.quantity>0.000000</in_Quantity.quantity><out_Quantity.quantity>860.333413</out_Quantity.quantity></Point><Point><position>13006</position><in_Quantity.quantity>0.000000</in_Quantity.quantity><out_Quantity.quantity>707.626361</out_Quantity.quantity></Point><Point><position>13007</position><in_Quantity.quantity>0.000000</in_Quantity.quantity><out_Quantity.quantity>729.335595</out_Quantity.quantity></Point><Point><position>13008</position><in_Quantity.quantity>0.000000</in_Quantity.quantity><out_Quantity.quantity>352.043897</out_Quantity.quantity></Point><Point><position>13009</position><in_Quantity.quantity>0.000000</in_Quantity.quantity><out_Quantity.quantity>269.043969</out_Quantity.quantity></Point><Point><position>13010</position><in_Quantity.quantity>0.000000</in_Quantity.quantity><out_Quantity.quantity>514.067138</out_Quantity.quantity></Point><Point><position>13011</position><in_Quantity.quantity>0.000000</in_Quantity.quantity><out_Quantity.quantity>896.172061</out_Quantity.quantity></Point><Point><position>13012</position><in_Quantity.quantity>0.000000</in_Quantity.quantity><out_Quantity.quantity>206.924124</out_Quantity.quantity></Point><Point><position>13013</position><in_Quantity.quantity>0.000000</in_Quantity.quantity><out_Quantity.quantity>967.762984</out_Quantity.quantity></Point><Point><position>13014</position><in_Quantity.quantity>0.000000</in_Quantity.quantity><out_Quantity.quantity>731.983587</out_Quantity.quantity></Point><Point><position>13015</position><in_Quantity.quantity>0.000000</in_Quantity.quantity><out_Quantity.quantity>302.686080</out_Quantity.quantity></Point><Point><position>13016</position><in_Quantity.quantity>0.000000</in_Quantity.quantity><out_Quantity.quantity>464.988017</out_Quantity.quantity></Point><Point><position>13017</position><in_Quantity.quantity>0.000000</in_Quantity.quantity><out_Quantity.quantity>82.429342</out_Quantity.quantity></Point><Point><position>13018</position><in_Quantity.quantity>0.000000</in_Quantity.quantity><out_Quantity.quantity>522.701573</out_Quantity.quantity></Point><Point><position>13019</position><in_Quantity.quantity>0.000000</in_Quantity.quantity><out_Quantity.quantity>573.398440</out_Quantity.quantity></Point><Point><position>13020</position><in_Quantity.quantity>0.000000</in_Quantity.quantity><out_Quantity.quantity>657.730817</out_Quantity.quantity></Point><Point><position>13021</position><in_Quantity.quantity>0.000000</in_Quantity.quantity><out_Quantity.quantity>12.639762</out_Quantity.quantity></Point><Point><position>13022</position><in_Quantity.quantity>0.000000</in_Quantity.quantity><out_Quantity.quantity>800.544467</out_Quantity.quantity></Point><Point><position>13023</position><in_Quantity.quantity>0.000000</in_Quantity.quantity><out_Quantity.quantity>389.659279</out_Quantity.quantity></Point><Point><position>13024</position><in_Quantity.quantity>0.000000</in_Quantity.quantity><out_Quantity.quantity>501.924455</out_Quantity.quantity></Point><Point><position>13025</position><in_Quantity.quantity>0.000000</in_Quantity.quantity><out_Quantity.quantity>515.551398</out_Quantity.quantity></Point><Point><position>13026</position><in_Quantity.quantity>0.000000</in_Quantity.quantity><out_Quantity.quantity>986.917911</out_Quantity.quantity></Point><Point><position>13027</position><in_Quantity.quantity>0.000000</in_Quantity.quantity><out_Quantity.quantity>438.977182</out_Quantity.quantity></Point><Point><position>13028</position><in_Quantity.quantity>0.000000</in_Quantity.quantity><out_Quantity.quantity>597.692265</out_Quantity.quantity></Point><Point><position>13029</position><in_Quantity.quantity>0.000000</in_Quantity.quantity><out_Quantity.quantity>367.648587</out_Quantity.quantity></Point><Point><position>13030</position><in_Quantity.quantity>0.000000</in_Quantity.quantity><out_Quantity.quantity>34.401294</out_Quantity.quantity></Point><Point><position>13031</position><in_Quantity.quantity>0.000000</in_Quantity.quantity><out_Quantity.quantity>653.271502</out_Quantity.quantity></Point><Point><position>13032</position><in_Quantity.quantity>0.000000</in_Quantity.quantity><out_Quantity.quantity>918.317610</out_Quantity.quantity></Point><Point><position>13033</position><in_Quantity.quantity>0.000000</in_Quantity.quantity><out_Quantity.quantity>772.636704</out_Quantity.quantity></Point><Point><position>13034</position><in_Quantity.quantity>0.000000</in_Quantity.quantity><out_Quantity.quantity>527.688605</out_Quantity.quantity></Point><Point><position>13035</position><in_Quantity.quantity>0.000000</in_Quantity.quantity><out_Quantity.quantity>768.419430</out_Quantity.quantity></Point><Point><position>13036</position><in_Quantity.quantity>0.000000</in_Quantity.quantity><out_Quantity.quantity>964.674500</out_Quantity.quantity></Point><Point><position>13037</position><in_Quantity.quantity>0.000000</in_Quantity.quantity><out_Quantity.quantity>393.841186</out_Quantity.quantity></Point><Point><position>13038</position><in_Quantity.quantity>0.000000</in_Quantity.quantity><out_Quantity.quantity>151.297082</out_Quantity.quantity></Point><Point><position>13039</position><in_Quantity.quantity>0.000000</in_Quantity.quantity><out_Quantity.quantity>69.523484</out_Quantity.quantity></Point><Point><position>13040</position><in_Quantity.quantity>0.000000</in_Quantity.quantity><out_Quantity.quantity>261.090102</out_Quantity.quantity></Point><Point><position>13041</position><in_Quantity.quantity>0.000000</in_Quantity.quantity><out_Quantity.quantity>753.466738</out_Quantity.quantity></Point><Point><position>13042</position><in_Quantity.quantity>0.000000</in_Quantity.quantity><out_Quantity.quantity>456.167504</out_Quantity.quantity></Point><Point><position>13043</position><in_Quantity.quantity>0.000000</in_Quantity.quantity><out_Quantity.quantity>813.392964</out_Quantity.quantity></Point><Point><position>13044</position><in_Quantity.quantity>0.000000</in_Quantity.quantity><out_Quantity.quantity>263.359546</out_Quantity.quantity></Point><Point><position>13045</position><in_Quantity.quantity>0.000000</in_Quantity.quantity><out_Quantity.quantity>917.980631</out_Quantity.quantity></Point><Point><position>13046</position><in_Quantity.quantity>0.000000</in_Quantity.quantity><out_Quantity.quantity>938.331354</out_Quantity.quantity></Point><Point><position>13047</position><in_Quantity.quantity>0.000000</in_Quantity.quantity><out_Quantity.quantity>634.381811</out_Quantity.quantity></Point><Point><position>13048</position><in_Quantity.quantity>0.000000</in_Quantity.quantity><out_Quantity.quantity>915.820769</out_Quantity.quantity></Point><Point><position>13049</position><in_Quantity.quantity>0.000000</in_Quantity.quantity><out_Quantity.quantity>940.773912</out_Quantity.quantity></Point><Point><position>13050</position><in_Quantity.quantity>0.000000</in_Quantity.quantity><out_Quantity.quantity>649.558367</out_Quantity.quantity></Point><Point><position>13051</position><in_Quantity.quantity>0.000000</in_Quantity.quantity><out_Quantity.quantity>163.552556</out_Quantity.quantity></Point><Point><position>13052</position><in_Quantity.quantity>0.000000</in_Quantity.quantity><out_Quantity.quantity>725.272850</out_Quantity.quantity></Point><Point><position>13053</position><in_Quantity.quantity>0.000000</in_Quantity.quantity><out_Quantity.quantity>231.584649</out_Quantity.quantity></Point><Point><position>13054</position><in_Quantity.quantity>0.000000</in_Quantity.quantity><out_Quantity.quantity>563.755239</out_Quantity.quantity></Point><Point><position>13055</position><in_Quantity.quantity>0.000000</in_Quantity.quantity><out_Quantity.quantity>390.588424</out_Quantity.quantity></Point><Point><position>13056</position><in_Quantity.quantity>0.000000</in_Quantity.quantity><out_Quantity.quantity>395.369443</out_Quantity.quantity></Point><Point><position>13057</position><in_Quantity.quantity>0.000000</in_Quantity.quantity><out_Quantity.quantity>661.203851</out_Quantity.quantity></Point><Point><position>13058</position><in_Quantity.quantity>0.000000</in_Quantity.quantity><out_Quantity.quantity>910.934546</out_Quantity.quantity></Point><Point><position>13059</position><in_Quantity.quantity>0.000000</in_Quantity.quantity><out_Quantity.quantity>202.745223</out_Quantity.quantity></Point><Point><position>13060</position><in_Quantity.quantity>0.000000</in_Quantity.quantity><out_Quantity.quantity>725.283258</out_Quantity.quantity></Point><Point><position>13061</position><in_Quantity.quantity>0.000000</in_Quantity.quantity><out_Quantity.quantity>528.980186</out_Quantity.quantity></Point><Point><position>13062</position><in_Quantity.quantity>0.000000</in_Quantity.quantity><out_Quantity.quantity>633.984708</out_Quantity.quantity></Point><Point><position>13063</position><in_Quantity.quantity>0.000000</in_Quantity.quantity><out_Quantity.quantity>523.755604</out_Quantity.quantity></Point><Point><position>13064</position><in_Quantity.quantity>0.000000</in_Quantity.quantity><out_Quantity.quantity>850.338895</out_Quantity.quantity></Point><Point><position>13065</position><in_Quantity.quantity>0.000000</in_Quantity.quantity><out_Quantity.quantity>368.233932</out_Quantity.quantity></Point><Point><position>13066</position><in_Quantity.quantity>0.000000</in_Quantity.quantity><out_Quantity.quantity>475.317751</out_Quantity.quantity></Point><Point><position>13067</position><in_Quantity.quantity>0.000000</in_Quantity.quantity><out_Quantity.quantity>696.474745</out_Quantity.quantity></Point><Point><position>13068</position><in_Quantity.quantity>0.000000</in_Quantity.quantity><out_Quantity.quantity>625.390378</out_Quantity.quantity></Point><Point><position>13069</position><in_Quantity.quantity>0.000000</in_Quantity.quantity><out_Quantity.quantity>398.671144</out_Quantity.quantity></Point><Point><position>13070</position><in_Quantity.quantity>0.000000</in_Quantity.quantity><out_Quantity.quantity>915.456425</out_Quantity.quantity></Point><Point><position>13071</position><in_Quantity.quantity>0.000000</in_Quantity.quantity><out_Quantity.quantity>155.475960</out_Quantity.quantity></Point><Point><position>13072</position><in_Quantity.quantity>0.000000</in_Quantity.quantity><out_Quantity.quantity>688.530876</out_Quantity.quantity></Point><Point><position>13073</position><in_Quantity.quantity>0.000000</in_Quantity.quantity><out_Quantity.quantity>354.517550</out_Quantity.quantity></Point><Point><position>13074</position><in_Quantity.quantity>0.000000</in_Quantity.quantity><out_Quantity.quantity>908.280365</out_Quantity.quantity></Point><Point><position>13075</position><in_Quantity.quantity>0.000000</in_Quantity.quantity><out_Quantity.quantity>189.622999</out_Quantity.quantity></Point><Point><position>13076</position><in_Quantity.quantity>0.000000</in_Quantity.quantity><out_Quantity.quantity>16.030470</out_Quantity.quantity></Point><Point><position>13077</position><in_Quantity.quantity>0.000000</in_Quantity.quantity><out_Quantity.quantity>503.380995</out_Quantity.quantity></Point><Point><position>13078</position><in_Quantity.quantity>0.000000</in_Quantity.quantity><out_Quantity.quantity>745.557415</out_Quantity.quantity></Point><Point><position>13079</position><in_Quantity.quantity>0.000000</in_Quantity.quantity><out_Quantity.quantity>544.497765</out_Quantity.quantity></Point><Point><position>13080</position><in_Quantity.quantity>0.000000</in_Quantity.quantity><out_Quantity.quantity>31.055350</out_Quantity.quantity></Point><Point><position>13081</position><in_Quantity.quantity>0.000000</in_Quantity.quantity><out_Quantity.quantity>664.278576</out_Quantity.quantity></Point><Point><position>13082</position><in_Quantity.quantity>0.000000</in_Quantity.quantity><out_Quantity.quantity>855.455365</out_Quantity.quantity></Point><Point><position>13083</position><in_Quantity.quantity>0.000000</in_Quantity.quantity><out_Quantity.quantity>185.282567</out_Quantity.quantity></Point><Point><position>13084</position><in_Quantity.quantity>0.000000</in_Quantity.quantity><out_Quantity.quantity>479.850567</out_Quantity.quantity></Point><Point><position>13085</position><in_Quantity.quantity>0.000000</in_Quantity.quantity><out_Quantity.quantity>911.977449</out_Quantity.quantity></Point><Point><position>13086</position><in_Quantity.quantity>0.000000</in_Quantity.quantity><out_Quantity.quantity>205.960524</out_Quantity.quantity></Point><Point><position>13087</position><in_Quantity.quantity>0.000000</in_Quantity.quantity><out_Quantity.quantity>637.760262</out_Quantity.quantity></Point><Point><position>13088</position><in_Quantity.quantity>0.000000</in_Quantity.quantity><out_Quantity.quantity>167.915923</out_Quantity.quantity></Point><Point><position>13089</position><in_Quantity.quantity>0.000000</in_Quantity.quantity><out_Quantity.quantity>776.571306</out_Quantity.quantity></Point><Point><position>13090</position><in_Quantity.quantity>0.000000</in_Quantity.quantity><out_Quantity.quantity>519.559803</out_Quantity.quantity></Point><Point><position>13091</position><in_Quantity.quantity>0.000000</in_Quantity.quantity><out_Quantity.quantity>529.924200</out_Quantity.quantity></Point><Point><position>13092</position><in_Quantity.quantity>0.000000</in_Quantity.quantity><out_Quantity.quantity>911.997813</out_Quantity.quantity></Point><Point><position>13093</position><in_Quantity.quantity>0.000000</in_Quantity.quantity><out_Quantity.quantity>980.923509</out_Quantity.quantity></Point><Point><position>13094</position><in_Quantity.quantity>0.000000</in_Quantity.quantity><out_Quantity.quantity>744.722048</out_Quantity.quantity></Point><Point><position>13095</position><in_Quantity.quantity>0.000000</in_Quantity.quantity><out_Quantity.quantity>441.231571</out_Quantity.quantity></Point><Point><position>13096</position><in_Quantity.quantity>0.000000</in_Quantity.quantity><out_Quantity.quantity>415.671798</out_Quantity.quantity></Point><Point><position>13097</position><in_Quantity.quantity>0.000000</in_Quantity.quantity><out_Quantity.quantity>428.586170</out_Quantity.quantity></Point><Point><position>13098</position><in_Quantity.quantity>0.000000</in_Quantity.quantity><out_Quantity.quantity>683.809515</out_Quantity.quantity></Point><Point><position>13099</position><in_Quantity.quantity>0.000000</in_Quantity.quantity><out_Quantity.quantity>890.104561</out_Quantity.quantity></Point><Point><position>13100</position><in_Quantity.quantity>0.000000</in_Quantity.quantity><out_Quantity.quantity>832.710536</out_Quantity.quantity></Point><Point><position>13101</position><in_Quantity.quantity>0.000000</in_Quantity.quantity><out_Quantity.quantity>441.937183</out_Quantity.quantity></Point><Point><position>13102</position><in_Quantity.quantity>0.000000</in_Quantity.quantity><out_Quantity.quantity>636.392835</out_Quantity.quantity></Point><Point><position>13103</position><in_Quantity.quantity>0.000000</in_Quantity.quantity><out_Quantity.quantity>843.081694</out_Quantity.quantity></Point><Point><position>13104</position><in_Quantity.quantity>0.000000</in_Quantity.quantity><out_Quantity.quantity>926.239226</out_Quantity.quantity></Point><Point><position>13105</position><in_Quantity.quantity>0.000000</in_Quantity.quantity><out_Quantity.quantity>324.012424</out_Quantity.quantity></Point><Point><position>13106</position><in_Quantity.quantity>0.000000</in_Quantity.quantity><out_Quantity.quantity>69.999588</out_Quantity.quantity></Point><Point><position>13107</position><in_Quantity.quantity>0.000000</in_Quantity.quantity><out_Quantity.quantity>252.896620</out_Quantity.quantity></Point><Point><position>13108</position><in_Quantity.quantity>0.000000</in_Quantity.quantity><out_Quantity.quantity>80.383383</out_Quantity.quantity></Point><Point><position>13109</position><in_Quantity.quantity>0.000000</in_Quantity.quantity><out_Quantity.quantity>524.092749</out_Quantity.quantity></Point><Point><position>13110</position><in_Quantity.quantity>0.000000</in_Quantity.quantity><out_Quantity.quantity>481.041482</out_Quantity.quantity></Point><Point><position>13111</position><in_Quantity.quantity>0.000000</in_Quantity.quantity><out_Quantity.quantity>664.547290</out_Quantity.quantity></Point><Point><position>13112</position><in_Quantity.quantity>0.000000</in_Quantity.quantity><out_Quantity.quantity>387.293911</out_Quantity.quantity></Point><Point><position>13113</position><in_Quantity.quantity>0.000000</in_Quantity.quantity><out_Quantity.quantity>448.633238</out_Quantity.quantity></Point><Point><position>13114</position><in_Quantity.quantity>0.000000</in_Quantity.quantity><out_Quantity.quantity>368.345114</out_Quantity.quantity></Point><Point><position>13115</position><in_Quantity.quantity>0.000000</in_Quantity.quantity><out_Quantity.quantity>649.275310</out_Quantity.quantity></Point><Point><position>13116</position><in_Quantity.quantity>0.000000</in_Quantity.quantity><out_Quantity.quantity>774.693154</out_Quantity.quantity></Point><Point><position>13117</position><in_Quantity.quantity>0.000000</in_Quantity.quantity><out_Quantity.quantity>577.588835</out_Quantity.quantity></Point><Point><position>13118</position><in_Quantity.quantity>0.000000</in_Quantity.quantity><out_Quantity.quantity>759.623175</out_Quantity.quantity></Point><Point><position>13119</position><in_Quantity.quantity>0.000000</in_Quantity.quantity><out_Quantity.quantity>894.088841</out_Quantity.quantity></Point><Point><position>13120</position><in_Quantity.quantity>0.000000</in_Quantity.quantity><out_Quantity.quantity>825.577606</out_Quantity.quantity></Point><Point><position>13121</position><in_Quantity.quantity>0.000000</in_Quantity.quantity><out_Quantity.quantity>750.657860</out_Quantity.quantity></Point><Point><position>13122</position><in_Quantity.quantity>0.000000</in_Quantity.quantity><out_Quantity.quantity>828.555853</out_Quantity.quantity></Point><Point><position>13123</position><in_Quantity.quantity>0.000000</in_Quantity.quantity><out_Quantity.quantity>769.829399</out_Quantity.quantity></Point><Point><position>13124</position><in_Quantity.quantity>0.000000</in_Quantity.quantity><out_Quantity.quantity>307.144565</out_Quantity.quantity></Point><Point><position>13125</position><in_Quantity.quantity>0.000000</in_Quantity.quantity><out_Quantity.quantity>871.620420</out_Quantity.quantity></Point><Point><position>13126</position><in_Quantity.quantity>0.000000</in_Quantity.quantity><out_Quantity.quantity>568.613928</out_Quantity.quantity></Point><Point><position>13127</position><in_Quantity.quantity>0.000000</in_Quantity.quantity><out_Quantity.quantity>331.927186</out_Quantity.quantity></Point><Point><position>13128</position><in_Quantity.quantity>0.000000</in_Quantity.quantity><out_Quantity.quantity>758.364621</out_Quantity.quantity></Point><Point><position>13129</position><in_Quantity.quantity>0.000000</in_Quantity.quantity><out_Quantity.quantity>900.412160</out_Quantity.quantity></Point><Point><position>13130</position><in_Quantity.quantity>0.000000</in_Quantity.quantity><out_Quantity.quantity>998.897638</out_Quantity.quantity></Point><Point><position>13131</position><in_Quantity.quantity>0.000000</in_Quantity.quantity><out_Quantity.quantity>610.837538</out_Quantity.quantity></Point><Point><position>13132</position><in_Quantity.quantity>0.000000</in_Quantity.quantity><out_Quantity.quantity>841.985523</out_Quantity.quantity></Point><Point><position>13133</position><in_Quantity.quantity>0.000000</in_Quantity.quantity><out_Quantity.quantity>693.233190</out_Quantity.quantity></Point><Point><position>13134</position><in_Quantity.quantity>0.000000</in_Quantity.quantity><out_Quantity.quantity>539.180328</out_Quantity.quantity></Point><Point><position>13135</position><in_Quantity.quantity>0.000000</in_Quantity.quantity><out_Quantity.quantity>531.320874</out_Quantity.quantity></Point><Point><position>13136</position><in_Quantity.quantity>0.000000</in_Quantity.quantity><out_Quantity.quantity>337.533812</out_Quantity.quantity></Point><Point><position>13137</position><in_Quantity.quantity>0.000000</in_Quantity.quantity><out_Quantity.quantity>310.803204</out_Quantity.quantity></Point><Point><position>13138</position><in_Quantity.quantity>0.000000</in_Quantity.quantity><out_Quantity.quantity>221.009833</out_Quantity.quantity></Point><Point><position>13139</position><in_Quantity.quantity>0.000000</in_Quantity.quantity><out_Quantity.quantity>467.986061</out_Quantity.quantity></Point><Point><position>13140</position><in_Quantity.quantity>0.000000</in_Quantity.quantity><out_Quantity.quantity>392.093453</out_Quantity.quantity></Point><Point><position>13141</position><in_Quantity.quantity>0.000000</in_Quantity.quantity><out_Quantity.quantity>869.337652</out_Quantity.quantity></Point><Point><position>13142</position><in_Quantity.quantity>0.000000</in_Quantity.quantity><out_Quantity.quantity>990.907247</out_Quantity.quantity></Point><Point><position>13143</position><in_Quantity.quantity>0.000000</in_Quantity.quantity><out_Quantity.quantity>924.448334</out_Quantity.quantity></Point><Point><position>13144</position><in_Quantity.quantity>0.000000</in_Quantity.quantity><out_Quantity.quantity>340.270725</out_Quantity.quantity></Point><Point><position>13145</position><in_Quantity.quantity>0.000000</in_Quantity.quantity><out_Quantity.quantity>633.096999</out_Quantity.quantity></Point><Point><position>13146</position><in_Quantity.quantity>0.000000</in_Quantity.quantity><out_Quantity.quantity>448.563436</out_Quantity.quantity></Point><Point><position>13147</position><in_Quantity.quantity>0.000000</in_Quantity.quantity><out_Quantity.quantity>975.061594</out_Quantity.quantity></Point><Point><position>13148</position><in_Quantity.quantity>0.000000</in_Quantity.quantity><out_Quantity.quantity>459.495999</out_Quantity.quantity></Point><Point><position>13149</position><in_Quantity.quantity>0.000000</in_Quantity.quantity><out_Quantity.quantity>267.657019</out_Quantity.quantity></Point><Point><position>13150</position><in_Quantity.quantity>0.000000</in_Quantity.quantity><out_Quantity.quantity>120.472866</out_Quantity.quantity></Point><Point><position>13151</position><in_Quantity.quantity>0.000000</in_Quantity.quantity><out_Quantity.quantity>617.485983</out_Quantity.quantity></Point><Point><position>13152</position><in_Quantity.quantity>0.000000</in_Quantity.quantity><out_Quantity.quantity>541.107327</out_Quantity.quantity></Point><Point><position>13153</position><in_Quantity.quantity>0.000000</in_Quantity.quantity><out_Quantity.quantity>133.972973</out_Quantity.quantity></Point><Point><position>13154</position><in_Quantity.quantity>0.000000</in_Quantity.quantity><out_Quantity.quantity>157.276083</out_Quantity.quantity></Point><Point><position>13155</position><in_Quantity.quantity>0.000000</in_Quantity.quantity><out_Quantity.quantity>378.512660</out_Quantity.quantity></Point><Point><position>13156</position><in_Quantity.quantity>0.000000</in_Quantity.quantity><out_Quantity.quantity>751.955541</out_Quantity.quantity></Point><Point><position>13157</position><in_Quantity.quantity>0.000000</in_Quantity.quantity><out_Quantity.quantity>941.742352</out_Quantity.quantity></Point><Point><position>13158</position><in_Quantity.quantity>0.000000</in_Quantity.quantity><out_Quantity.quantity>369.252798</out_Quantity.quantity></Point><Point><position>13159</position><in_Quantity.quantity>0.000000</in_Quantity.quantity><out_Quantity.quantity>186.156532</out_Quantity.quantity></Point><Point><position>13160</position><in_Quantity.quantity>0.000000</in_Quantity.quantity><out_Quantity.quantity>810.516007</out_Quantity.quantity></Point><Point><position>13161</position><in_Quantity.quantity>0.000000</in_Quantity.quantity><out_Quantity.quantity>612.052612</out_Quantity.quantity></Point><Point><position>13162</position><in_Quantity.quantity>0.000000</in_Quantity.quantity><out_Quantity.quantity>709.341245</out_Quantity.quantity></Point><Point><position>13163</position><in_Quantity.quantity>0.000000</in_Quantity.quantity><out_Quantity.quantity>309.608966</out_Quantity.quantity></Point><Point><position>13164</position><in_Quantity.quantity>0.000000</in_Quantity.quantity><out_Quantity.quantity>321.238754</out_Quantity.quantity></Point><Point><position>13165</position><in_Quantity.quantity>0.000000</in_Quantity.quantity><out_Quantity.quantity>37.569091</out_Quantity.quantity></Point><Point><position>13166</position><in_Quantity.quantity>0.000000</in_Quantity.quantity><out_Quantity.quantity>528.099067</out_Quantity.quantity></Point><Point><position>13167</position><in_Quantity.quantity>0.000000</in_Quantity.quantity><out_Quantity.quantity>67.749778</out_Quantity.quantity></Point><Point><position>13168</position><in_Quantity.quantity>0.000000</in_Quantity.quantity><out_Quantity.quantity>100.626036</out_Quantity.quantity></Point><Point><position>13169</position><in_Quantity.quantity>0.000000</in_Quantity.quantity><out_Quantity.quantity>797.330619</out_Quantity.quantity></Point><Point><position>13170</position><in_Quantity.quantity>0.000000</in_Quantity.quantity><out_Quantity.quantity>31.549654</out_Quantity.quantity></Point><Point><position>13171</position><in_Quantity.quantity>0.000000</in_Quantity.quantity><out_Quantity.quantity>911.911808</out_Quantity.quantity></Point><Point><position>13172</position><in_Quantity.quantity>0.000000</in_Quantity.quantity><out_Quantity.quantity>997.705316</out_Quantity.quantity></Point><Point><position>13173</position><in_Quantity.quantity>0.000000</in_Quantity.quantity><out_Quantity.quantity>537.200811</out_Quantity.quantity></Point><Point><position>13174</position><in_Quantity.quantity>0.000000</in_Quantity.quantity><out_Quantity.quantity>176.999665</out_Quantity.quantity></Point><Point><position>13175</position><in_Quantity.quantity>0.000000</in_Quantity.quantity><out_Quantity.quantity>581.996735</out_Quantity.quantity></Point><Point><position>13176</position><in_Quantity.quantity>0.000000</in_Quantity.quantity><out_Quantity.quantity>142.113949</out_Quantity.quantity></Point><Point><position>13177</position><in_Quantity.quantity>0.000000</in_Quantity.quantity><out_Quantity.quantity>247.723776</out_Quantity.quantity></Point><Point><position>13178</position><in_Quantity.quantity>0.000000</in_Quantity.quantity><out_Quantity.quantity>222.169783</out_Quantity.quantity></Point><Point><position>13179</position><in_Quantity.quantity>0.000000</in_Quantity.quantity><out_Quantity.quantity>506.146578</out_Quantity.quantity></Point><Point><position>13180</position><in_Quantity.quantity>0.000000</in_Quantity.quantity><out_Quantity.quantity>281.165457</out_Quantity.quantity></Point><Point><position>13181</position><in_Quantity.quantity>0.000000</in_Quantity.quantity><out_Quantity.quantity>114.407673</out_Quantity.quantity></Point><Point><position>13182</position><in_Quantity.quantity>0.000000</in_Quantity.quantity><out_Quantity.quantity>826.636685</out_Quantity.quantity></Point><Point><position>13183</position><in_Quantity.quantity>0.000000</in_Quantity.quantity><out_Quantity.quantity>963.151025</out_Quantity.quantity></Point><Point><position>13184</position><in_Quantity.quantity>0.000000</in_Quantity.quantity><out_Quantity.quantity>495.490639</out_Quantity.quantity></Point><Point><position>13185</position><in_Quantity.quantity>0.000000</in_Quantity.quantity><out_Quantity.quantity>115.717433</out_Quantity.quantity></Point><Point><position>13186</position><in_Quantity.quantity>0.000000</in_Quantity.quantity><out_Quantity.quantity>759.229498</out_Quantity.quantity></Point><Point><position>13187</position><in_Quantity.quantity>0.000000</in_Quantity.quantity><out_Quantity.quantity>685.707905</out_Quantity.quantity></Point><Point><position>13188</position><in_Quantity.quantity>0.000000</in_Quantity.quantity><out_Quantity.quantity>778.896886</out_Quantity.quantity></Point><Point><position>13189</position><in_Quantity.quantity>0.000000</in_Quantity.quantity><out_Quantity.quantity>488.746895</out_Quantity.quantity></Point><Point><position>13190</position><in_Quantity.quantity>0.000000</in_Quantity.quantity><out_Quantity.quantity>272.312822</out_Quantity.quantity></Point><Point><position>13191</position><in_Quantity.quantity>0.000000</in_Quantity.quantity><out_Quantity.quantity>248.422512</out_Quantity.quantity></Point><Point><position>13192</position><in_Quantity.quantity>0.000000</in_Quantity.quantity><out_Quantity.quantity>745.247813</out_Quantity.quantity></Point><Point><position>13193</position><in_Quantity.quantity>0.000000</in_Quantity.quantity><out_Quantity.quantity>252.910561</out_Quantity.quantity></Point><Point><position>13194</position><in_Quantity.quantity>0.000000</in_Quantity.quantity><out_Quantity.quantity>231.725258</out_Quantity.quantity></Point><Point><position>13195</position><in_Quantity.quantity>0.000000</in_Quantity.quantity><out_Quantity.quantity>267.581084</out_Quantity.quantity></Point><Point><position>13196</position><in_Quantity.quantity>0.000000</in_Quantity.quantity><out_Quantity.quantity>886.706013</out_Quantity.quantity></Point><Point><position>13197</position><in_Quantity.quantity>0.000000</in_Quantity.quantity><out_Quantity.quantity>956.429723</out_Quantity.quantity></Point><Point><position>13198</position><in_Quantity.quantity>0.000000</in_Quantity.quantity><out_Quantity.quantity>662.888373</out_Quantity.quantity></Point><Point><position>13199</position><in_Quantity.quantity>0.000000</in_Quantity.quantity><out_Quantity.quantity>172.808281</out_Quantity.quantity></Point><Point><position>13200</position><in_Quantity.quantity>0.000000</in_Quantity.quantity><out_Quantity.quantity>608.396404</out_Quantity.quantity></Point><Point><position>13201</position><in_Quantity.quantity>0.000000</in_Quantity.quantity><out_Quantity.quantity>130.330298</out_Quantity.quantity></Point><Point><position>13202</position><in_Quantity.quantity>0.000000</in_Quantity.quantity><out_Quantity.quantity>584.916008</out_Quantity.quantity></Point><Point><position>13203</position><in_Quantity.quantity>0.000000</in_Quantity.quantity><out_Quantity.quantity>161.845120</out_Quantity.quantity></Point><Point><position>13204</position><in_Quantity.quantity>0.000000</in_Quantity.quantity><out_Quantity.quantity>545.664400</out_Quantity.quantity></Point><Point><position>13205</position><in_Quantity.quantity>0.000000</in_Quantity.quantity><out_Quantity.quantity>18.610904</out_Quantity.quantity></Point><Point><position>13206</position><in_Quantity.quantity>0.000000</in_Quantity.quantity><out_Quantity.quantity>150.100927</out_Quantity.quantity></Point><Point><position>13207</position><in_Quantity.quantity>0.000000</in_Quantity.quantity><out_Quantity.quantity>139.310932</out_Quantity.quantity></Point><Point><position>13208</position><in_Quantity.quantity>0.000000</in_Quantity.quantity><out_Quantity.quantity>178.296383</out_Quantity.quantity></Point><Point><position>13209</position><in_Quantity.quantity>0.000000</in_Quantity.quantity><out_Quantity.quantity>214.702107</out_Quantity.quantity></Point><Point><position>13210</position><in_Quantity.quantity>0.000000</in_Quantity.quantity><out_Quantity.quantity>283.622783</out_Quantity.quantity></Point><Point><position>13211</position><in_Quantity.quantity>0.000000</in_Quantity.quantity><out_Quantity.quantity>309.552997</out_Quantity.quantity></Point><Point><position>13212</position><in_Quantity.quantity>0.000000</in_Quantity.quantity><out_Quantity.quantity>438.418362</out_Quantity.quantity></Point><Point><position>13213</position><in_Quantity.quantity>0.000000</in_Quantity.quantity><out_Quantity.quantity>730.514699</out_Quantity.quantity></Point><Point><position>13214</position><in_Quantity.quantity>0.000000</in_Quantity.quantity><out_Quantity.quantity>61.075183</out_Quantity.quantity></Point><Point><position>13215</position><in_Quantity.quantity>0.000000</in_Quantity.quantity><out_Quantity.quantity>300.355424</out_Quantity.quantity></Point><Point><position>13216</position><in_Quantity.quantity>0.000000</in_Quantity.quantity><out_Quantity.quantity>321.281306</out_Quantity.quantity></Point><Point><position>13217</position><in_Quantity.quantity>0.000000</in_Quantity.quantity><out_Quantity.quantity>141.091289</out_Quantity.quantity></Point><Point><position>13218</position><in_Quantity.quantity>0.000000</in_Quantity.quantity><out_Quantity.quantity>580.132105</out_Quantity.quantity></Point><Point><position>13219</position><in_Quantity.quantity>0.000000</in_Quantity.quantity><out_Quantity.quantity>81.740519</out_Quantity.quantity></Point><Point><position>13220</position><in_Quantity.quantity>0.000000</in_Quantity.quantity><out_Quantity.quantity>3.020322</out_Quantity.quantity></Point><Point><position>13221</position><in_Quantity.quantity>0.000000</in_Quantity.quantity><out_Quantity.quantity>934.026137</out_Quantity.quantity></Point><Point><position>13222</position><in_Quantity.quantity>0.000000</in_Quantity.quantity><out_Quantity.quantity>314.049326</out_Quantity.quantity></Point><Point><position>13223</position><in_Quantity.quantity>0.000000</in_Quantity.quantity><out_Quantity.quantity>546.198227</out_Quantity.quantity></Point><Point><position>13224</position><in_Quantity.quantity>0.000000</in_Quantity.quantity><out_Quantity.quantity>612.548151</out_Quantity.quantity></Point><Point><position>13225</position><in_Quantity.quantity>0.000000</in_Quantity.quantity><out_Quantity.quantity>833.370658</out_Quantity.quantity></Point><Point><position>13226</position><in_Quantity.quantity>0.000000</in_Quantity.quantity><out_Quantity.quantity>663.841501</out_Quantity.quantity></Point><Point><position>13227</position><in_Quantity.quantity>0.000000</in_Quantity.quantity><out_Quantity.quantity>654.539788</out_Quantity.quantity></Point><Point><position>13228</position><in_Quantity.quantity>0.000000</in_Quantity.quantity><out_Quantity.quantity>601.259688</out_Quantity.quantity></Point><Point><position>13229</position><in_Quantity.quantity>0.000000</in_Quantity.quantity><out_Quantity.quantity>8.147164</out_Quantity.quantity></Point><Point><position>13230</position><in_Quantity.quantity>0.000000</in_Quantity.quantity><out_Quantity.quantity>549.198636</out_Quantity.quantity></Point><Point><position>13231</position><in_Quantity.quantity>0.000000</in_Quantity.quantity><out_Quantity.quantity>784.570549</out_Quantity.quantity></Point><Point><position>13232</position><in_Quantity.quantity>0.000000</in_Quantity.quantity><out_Quantity.quantity>724.557551</out_Quantity.quantity></Point><Point><position>13233</position><in_Quantity.quantity>0.000000</in_Quantity.quantity><out_Quantity.quantity>916.589411</out_Quantity.quantity></Point><Point><position>13234</position><in_Quantity.quantity>0.000000</in_Quantity.quantity><out_Quantity.quantity>258.740631</out_Quantity.quantity></Point><Point><position>13235</position><in_Quantity.quantity>0.000000</in_Quantity.quantity><out_Quantity.quantity>340.550801</out_Quantity.quantity></Point><Point><position>13236</position><in_Quantity.quantity>0.000000</in_Quantity.quantity><out_Quantity.quantity>941.290617</out_Quantity.quantity></Point><Point><position>13237</position><in_Quantity.quantity>0.000000</in_Quantity.quantity><out_Quantity.quantity>691.654817</out_Quantity.quantity></Point><Point><position>13238</position><in_Quantity.quantity>0.000000</in_Quantity.quantity><out_Quantity.quantity>672.346315</out_Quantity.quantity></Point><Point><position>13239</position><in_Quantity.quantity>0.000000</in_Quantity.quantity><out_Quantity.quantity>604.082204</out_Quantity.quantity></Point><Point><position>13240</position><in_Quantity.quantity>0.000000</in_Quantity.quantity><out_Quantity.quantity>637.436326</out_Quantity.quantity></Point><Point><position>13241</position><in_Quantity.quantity>0.000000</in_Quantity.quantity><out_Quantity.quantity>823.018274</out_Quantity.quantity></Point><Point><position>13242</position><in_Quantity.quantity>0.000000</in_Quantity.quantity><out_Quantity.quantity>982.566794</out_Quantity.quantity></Point><Point><position>13243</position><in_Quantity.quantity>0.000000</in_Quantity.quantity><out_Quantity.quantity>218.879779</out_Quantity.quantity></Point><Point><position>13244</position><in_Quantity.quantity>0.000000</in_Quantity.quantity><out_Quantity.quantity>904.868387</out_Quantity.quantity></Point><Point><position>13245</position><in_Quantity.quantity>0.000000</in_Quantity.quantity><out_Quantity.quantity>50.794714</out_Quantity.quantity></Point><Point><position>13246</position><in_Quantity.quantity>0.000000</in_Quantity.quantity><out_Quantity.quantity>9.811066</out_Quantity.quantity></Point><Point><position>13247</position><in_Quantity.quantity>0.000000</in_Quantity.quantity><out_Quantity.quantity>216.334060</out_Quantity.quantity></Point><Point><position>13248</position><in_Quantity.quantity>0.000000</in_Quantity.quantity><out_Quantity.quantity>88.631837</out_Quantity.quantity></Point><Point><position>13249</position><in_Quantity.quantity>0.000000</in_Quantity.quantity><out_Quantity.quantity>916.717472</out_Quantity.quantity></Point><Point><position>13250</position><in_Quantity.quantity>0.000000</in_Quantity.quantity><out_Quantity.quantity>528.812512</out_Quantity.quantity></Point><Point><position>13251</position><in_Quantity.quantity>0.000000</in_Quantity.quantity><out_Quantity.quantity>268.806530</out_Quantity.quantity></Point><Point><position>13252</position><in_Quantity.quantity>0.000000</in_Quantity.quantity><out_Quantity.quantity>214.376490</out_Quantity.quantity></Point><Point><position>13253</position><in_Quantity.quantity>0.000000</in_Quantity.quantity><out_Quantity.quantity>194.742154</out_Quantity.quantity></Point><Point><position>13254</position><in_Quantity.quantity>0.000000</in_Quantity.quantity><out_Quantity.quantity>193.843634</out_Quantity.quantity></Point><Point><position>13255</position><in_Quantity.quantity>0.000000</in_Quantity.quantity><out_Quantity.quantity>830.573172</out_Quantity.quantity></Point><Point><position>13256</position><in_Quantity.quantity>0.000000</in_Quantity.quantity><out_Quantity.quantity>266.465343</out_Quantity.quantity></Point><Point><position>13257</position><in_Quantity.quantity>0.000000</in_Quantity.quantity><out_Quantity.quantity>537.861670</out_Quantity.quantity></Point><Point><position>13258</position><in_Quantity.quantity>0.000000</in_Quantity.quantity><out_Quantity.quantity>836.408076</out_Quantity.quantity></Point><Point><position>13259</position><in_Quantity.quantity>0.000000</in_Quantity.quantity><out_Quantity.quantity>53.185851</out_Quantity.quantity></Point><Point><position>13260</position><in_Quantity.quantity>0.000000</in_Quantity.quantity><out_Quantity.quantity>631.720772</out_Quantity.quantity></Point><Point><position>13261</position><in_Quantity.quantity>0.000000</in_Quantity.quantity><out_Quantity.quantity>77.227810</out_Quantity.quantity></Point><Point><position>13262</position><in_Quantity.quantity>0.000000</in_Quantity.quantity><out_Quantity.quantity>270.768727</out_Quantity.quantity></Point><Point><position>13263</position><in_Quantity.quantity>0.000000</in_Quantity.quantity><out_Quantity.quantity>396.404690</out_Quantity.quantity></Point><Point><position>13264</position><in_Quantity.quantity>0.000000</in_Quantity.quantity><out_Quantity.quantity>914.533045</out_Quantity.quantity></Point><Point><position>13265</position><in_Quantity.quantity>0.000000</in_Quantity.quantity><out_Quantity.quantity>284.343752</out_Quantity.quantity></Point><Point><position>13266</position><in_Quantity.quantity>0.000000</in_Quantity.quantity><out_Quantity.quantity>434.388387</out_Quantity.quantity></Point><Point><position>13267</position><in_Quantity.quantity>0.000000</in_Quantity.quantity><out_Quantity.quantity>903.597155</out_Quantity.quantity></Point><Point><position>13268</position><in_Quantity.quantity>0.000000</in_Quantity.quantity><out_Quantity.quantity>571.729093</out_Quantity.quantity></Point><Point><position>13269</position><in_Quantity.quantity>0.000000</in_Quantity.quantity><out_Quantity.quantity>185.911415</out_Quantity.quantity></Point><Point><position>13270</position><in_Quantity.quantity>0.000000</in_Quantity.quantity><out_Quantity.quantity>13.114699</out_Quantity.quantity></Point><Point><position>13271</position><in_Quantity.quantity>0.000000</in_Quantity.quantity><out_Quantity.quantity>930.919447</out_Quantity.quantity></Point><Point><position>13272</position><in_Quantity.quantity>0.000000</in_Quantity.quantity><out_Quantity.quantity>916.418884</out_Quantity.quantity></Point><Point><position>13273</position><in_Quantity.quantity>0.000000</in_Quantity.quantity><out_Quantity.quantity>431.474696</out_Quantity.quantity></Point><Point><position>13274</position><in_Quantity.quantity>0.000000</in_Quantity.quantity><out_Quantity.quantity>937.127074</out_Quantity.quantity></Point><Point><position>13275</position><in_Quantity.quantity>0.000000</in_Quantity.quantity><out_Quantity.quantity>218.146459</out_Quantity.quantity></Point><Point><position>13276</position><in_Quantity.quantity>0.000000</in_Quantity.quantity><out_Quantity.quantity>168.384618</out_Quantity.quantity></Point><Point><position>13277</position><in_Quantity.quantity>0.000000</in_Quantity.quantity><out_Quantity.quantity>216.568011</out_Quantity.quantity></Point><Point><position>13278</position><in_Quantity.quantity>0.000000</in_Quantity.quantity><out_Quantity.quantity>30.348315</out_Quantity.quantity></Point><Point><position>13279</position><in_Quantity.quantity>0.000000</in_Quantity.quantity><out_Quantity.quantity>256.512606</out_Quantity.quantity></Point><Point><position>13280</position><in_Quantity.quantity>0.000000</in_Quantity.quantity><out_Quantity.quantity>745.088713</out_Quantity.quantity></Point><Point><position>13281</position><in_Quantity.quantity>0.000000</in_Quantity.quantity><out_Quantity.quantity>730.109046</out_Quantity.quantity></Point><Point><position>13282</position><in_Quantity.quantity>0.000000</in_Quantity.quantity><out_Quantity.quantity>794.918299</out_Quantity.quantity></Point><Point><position>13283</position><in_Quantity.quantity>0.000000</in_Quantity.quantity><out_Quantity.quantity>163.610600</out_Quantity.quantity></Point><Point><position>13284</position><in_Quantity.quantity>0.000000</in_Quantity.quantity><out_Quantity.quantity>672.655665</out_Quantity.quantity></Point><Point><position>13285</position><in_Quantity.quantity>0.000000</in_Quantity.quantity><out_Quantity.quantity>700.557708</out_Quantity.quantity></Point><Point><position>13286</position><in_Quantity.quantity>0.000000</in_Quantity.quantity><out_Quantity.quantity>874.752917</out_Quantity.quantity></Point><Point><position>13287</position><in_Quantity.quantity>0.000000</in_Quantity.quantity><out_Quantity.quantity>584.362213</out_Quantity.quantity></Point><Point><position>13288</position><in_Quantity.quantity>0.000000</in_Quantity.quantity><out_Quantity.quantity>55.160276</out_Quantity.quantity></Point><Point><position>13289</position><in_Quantity.quantity>0.000000</in_Quantity.quantity><out_Quantity.quantity>271.493503</out_Quantity.quantity></Point><Point><position>13290</position><in_Quantity.quantity>0.000000</in_Quantity.quantity><out_Quantity.quantity>628.781892</out_Quantity.quantity></Point><Point><position>13291</position><in_Quantity.quantity>0.000000</in_Quantity.quantity><out_Quantity.quantity>89.952352</out_Quantity.quantity></Point><Point><position>13292</position><in_Quantity.quantity>0.000000</in_Quantity.quantity><out_Quantity.quantity>957.436923</out_Quantity.quantity></Point><Point><position>13293</position><in_Quantity.quantity>0.000000</in_Quantity.quantity><out_Quantity.quantity>217.665902</out_Quantity.quantity></Point><Point><position>13294</position><in_Quantity.quantity>0.000000</in_Quantity.quantity><out_Quantity.quantity>590.378073</out_Quantity.quantity></Point><Point><position>13295</position><in_Quantity.quantity>0.000000</in_Quantity.quantity><out_Quantity.quantity>980.583468</out_Quantity.quantity></Point><Point><position>13296</position><in_Quantity.quantity>0.000000</in_Quantity.quantity><out_Quantity.quantity>763.174983</out_Quantity.quantity></Point><Point><position>13297</position><in_Quantity.quantity>0.000000</in_Quantity.quantity><out_Quantity.quantity>746.172430</out_Quantity.quantity></Point><Point><position>13298</position><in_Quantity.quantity>0.000000</in_Quantity.quantity><out_Quantity.quantity>146.083023</out_Quantity.quantity></Point><Point><position>13299</position><in_Quantity.quantity>0.000000</in_Quantity.quantity><out_Quantity.quantity>840.235926</out_Quantity.quantity></Point><Point><position>13300</position><in_Quantity.quantity>0.000000</in_Quantity.quantity><out_Quantity.quantity>476.159099</out_Quantity.quantity></Point><Point><position>13301</position><in_Quantity.quantity>0.000000</in_Quantity.quantity><out_Quantity.quantity>301.811085</out_Quantity.quantity></Point><Point><position>13302</position><in_Quantity.quantity>0.000000</in_Quantity.quantity><out_Quantity.quantity>248.515747</out_Quantity.quantity></Point><Point><position>13303</position><in_Quantity.quantity>0.000000</in_Quantity.quantity><out_Quantity.quantity>185.895480</out_Quantity.quantity></Point><Point><position>13304</position><in_Quantity.quantity>0.000000</in_Quantity.quantity><out_Quantity.quantity>849.386710</out_Quantity.quantity></Point><Point><position>13305</position><in_Quantity.quantity>0.000000</in_Quantity.quantity><out_Quantity.quantity>725.802998</out_Quantity.quantity></Point><Point><position>13306</position><in_Quantity.quantity>0.000000</in_Quantity.quantity><out_Quantity.quantity>779.597790</out_Quantity.quantity></Point><Point><position>13307</position><in_Quantity.quantity>0.000000</in_Quantity.quantity><out_Quantity.quantity>276.158294</out_Quantity.quantity></Point><Point><position>13308</position><in_Quantity.quantity>0.000000</in_Quantity.quantity><out_Quantity.quantity>160.489819</out_Quantity.quantity></Point><Point><position>13309</position><in_Quantity.quantity>0.000000</in_Quantity.quantity><out_Quantity.quantity>878.681136</out_Quantity.quantity></Point><Point><position>13310</position><in_Quantity.quantity>0.000000</in_Quantity.quantity><out_Quantity.quantity>633.699782</out_Quantity.quantity></Point><Point><position>13311</position><in_Quantity.quantity>0.000000</in_Quantity.quantity><out_Quantity.quantity>234.311038</out_Quantity.quantity></Point><Point><position>13312</position><in_Quantity.quantity>0.000000</in_Quantity.quantity><out_Quantity.quantity>174.197884</out_Quantity.quantity></Point><Point><position>13313</position><in_Quantity.quantity>0.000000</in_Quantity.quantity><out_Quantity.quantity>976.443170</out_Quantity.quantity></Point><Point><position>13314</position><in_Quantity.quantity>0.000000</in_Quantity.quantity><out_Quantity.quantity>150.393986</out_Quantity.quantity></Point><Point><position>13315</position><in_Quantity.quantity>0.000000</in_Quantity.quantity><out_Quantity.quantity>702.377147</out_Quantity.quantity></Point><Point><position>13316</position><in_Quantity.quantity>0.000000</in_Quantity.quantity><out_Quantity.quantity>808.757530</out_Quantity.quantity></Point><Point><position>13317</position><in_Quantity.quantity>0.000000</in_Quantity.quantity><out_Quantity.quantity>375.234131</out_Quantity.quantity></Point><Point><position>13318</position><in_Quantity.quantity>0.000000</in_Quantity.quantity><out_Quantity.quantity>852.934348</out_Quantity.quantity></Point><Point><position>13319</position><in_Quantity.quantity>0.000000</in_Quantity.quantity><out_Quantity.quantity>452.976876</out_Quantity.quantity></Point><Point><position>13320</position><in_Quantity.quantity>0.000000</in_Quantity.quantity><out_Quantity.quantity>898.197382</out_Quantity.quantity></Point><Point><position>13321</position><in_Quantity.quantity>0.000000</in_Quantity.quantity><out_Quantity.quantity>993.661952</out_Quantity.quantity></Point><Point><position>13322</position><in_Quantity.quantity>0.000000</in_Quantity.quantity><out_Quantity.quantity>518.124438</out_Quantity.quantity></Point><Point><position>13323</position><in_Quantity.quantity>0.000000</in_Quantity.quantity><out_Quantity.quantity>319.907202</out_Quantity.quantity></Point><Point><position>13324</position><in_Quantity.quantity>0.000000</in_Quantity.quantity><out_Quantity.quantity>196.325045</out_Quantity.quantity></Point><Point><position>13325</position><in_Quantity.quantity>0.000000</in_Quantity.quantity><out_Quantity.quantity>957.438162</out_Quantity.quantity></Point><Point><position>13326</position><in_Quantity.quantity>0.000000</in_Quantity.quantity><out_Quantity.quantity>999.043839</out_Quantity.quantity></Point><Point><position>13327</position><in_Quantity.quantity>0.000000</in_Quantity.quantity><out_Quantity.quantity>474.717944</out_Quantity.quantity></Point><Point><position>13328</position><in_Quantity.quantity>0.000000</in_Quantity.quantity><out_Quantity.quantity>840.449122</out_Quantity.quantity></Point><Point><position>13329</position><in_Quantity.quantity>0.000000</in_Quantity.quantity><out_Quantity.quantity>195.843290</out_Quantity.quantity></Point><Point><position>13330</position><in_Quantity.quantity>0.000000</in_Quantity.quantity><out_Quantity.quantity>380.129057</out_Quantity.quantity></Point><Point><position>13331</position><in_Quantity.quantity>0.000000</in_Quantity.quantity><out_Quantity.quantity>503.286891</out_Quantity.quantity></Point><Point><position>13332</position><in_Quantity.quantity>0.000000</in_Quantity.quantity><out_Quantity.quantity>615.369793</out_Quantity.quantity></Point><Point><position>13333</position><in_Quantity.quantity>0.000000</in_Quantity.quantity><out_Quantity.quantity>767.824835</out_Quantity.quantity></Point><Point><position>13334</position><in_Quantity.quantity>0.000000</in_Quantity.quantity><out_Quantity.quantity>525.566539</out_Quantity.quantity></Point><Point><position>13335</position><in_Quantity.quantity>0.000000</in_Quantity.quantity><out_Quantity.quantity>114.112789</out_Quantity.quantity></Point><Point><position>13336</position><in_Quantity.quantity>0.000000</in_Quantity.quantity><out_Quantity.quantity>668.789910</out_Quantity.quantity></Point><Point><position>13337</position><in_Quantity.quantity>0.000000</in_Quantity.quantity><out_Quantity.quantity>299.105785</out_Quantity.quantity></Point><Point><position>13338</position><in_Quantity.quantity>0.000000</in_Quantity.quantity><out_Quantity.quantity>111.894034</out_Quantity.quantity></Point><Point><position>13339</position><in_Quantity.quantity>0.000000</in_Quantity.quantity><out_Quantity.quantity>753.191301</out_Quantity.quantity></Point><Point><position>13340</position><in_Quantity.quantity>0.000000</in_Quantity.quantity><out_Quantity.quantity>507.014785</out_Quantity.quantity></Point><Point><position>13341</position><in_Quantity.quantity>0.000000</in_Quantity.quantity><out_Quantity.quantity>452.356917</out_Quantity.quantity></Point><Point><position>13342</position><in_Quantity.quantity>0.000000</in_Quantity.quantity><out_Quantity.quantity>851.645974</out_Quantity.quantity></Point><Point><position>13343</position><in_Quantity.quantity>0.000000</in_Quantity.quantity><out_Quantity.quantity>619.336032</out_Quantity.quantity></Point><Point><position>13344</position><in_Quantity.quantity>0.000000</in_Quantity.quantity><out_Quantity.quantity>278.004222</out_Quantity.quantity></Point><Point><position>13345</position><in_Quantity.quantity>0.000000</in_Quantity.quantity><out_Quantity.quantity>546.953870</out_Quantity.quantity></Point><Point><position>13346</position><in_Quantity.quantity>0.000000</in_Quantity.quantity><out_Quantity.quantity>426.844063</out_Quantity.quantity></Point><Point><position>13347</position><in_Quantity.quantity>0.000000</in_Quantity.quantity><out_Quantity.quantity>324.944680</out_Quantity.quantity></Point><Point><position>13348</position><in_Quantity.quantity>0.000000</in_Quantity.quantity><out_Quantity.quantity>757.012070</out_Quantity.quantity></Point><Point><position>13349</position><in_Quantity.quantity>0.000000</in_Quantity.quantity><out_Quantity.quantity>884.983908</out_Quantity.quantity></Point><Point><position>13350</position><in_Quantity.quantity>0.000000</in_Quantity.quantity><out_Quantity.quantity>683.060345</out_Quantity.quantity></Point><Point><position>13351</position><in_Quantity.quantity>0.000000</in_Quantity.quantity><out_Quantity.quantity>40.808366</out_Quantity.quantity></Point><Point><position>13352</position><in_Quantity.quantity>0.000000</in_Quantity.quantity><out_Quantity.quantity>170.238920</out_Quantity.quantity></Point><Point><position>13353</position><in_Quantity.quantity>0.000000</in_Quantity.quantity><out_Quantity.quantity>8.200090</out_Quantity.quantity></Point><Point><position>13354</position><in_Quantity.quantity>0.000000</in_Quantity.quantity><out_Quantity.quantity>294.415171</out_Quantity.quantity></Point><Point><position>13355</position><in_Quantity.quantity>0.000000</in_Quantity.quantity><out_Quantity.quantity>670.207641</out_Quantity.quantity></Point><Point><position>13356</position><in_Quantity.quantity>0.000000</in_Quantity.quantity><out_Quantity.quantity>828.460767</out_Quantity.quantity></Point><Point><position>13357</position><in_Quantity.quantity>0.000000</in_Quantity.quantity><out_Quantity.quantity>465.475168</out_Quantity.quantity></Point><Point><position>13358</position><in_Quantity.quantity>0.000000</in_Quantity.quantity><out_Quantity.quantity>613.346669</out_Quantity.quantity></Point><Point><position>13359</position><in_Quantity.quantity>0.000000</in_Quantity.quantity><out_Quantity.quantity>58.047213</out_Quantity.quantity></Point><Point><position>13360</position><in_Quantity.quantity>0.000000</in_Quantity.quantity><out_Quantity.quantity>728.151749</out_Quantity.quantity></Point><Point><position>13361</position><in_Quantity.quantity>0.000000</in_Quantity.quantity><out_Quantity.quantity>190.737992</out_Quantity.quantity></Point><Point><position>13362</position><in_Quantity.quantity>0.000000</in_Quantity.quantity><out_Quantity.quantity>189.456154</out_Quantity.quantity></Point><Point><position>13363</position><in_Quantity.quantity>0.000000</in_Quantity.quantity><out_Quantity.quantity>17.118466</out_Quantity.quantity></Point><Point><position>13364</position><in_Quantity.quantity>0.000000</in_Quantity.quantity><out_Quantity.quantity>188.304872</out_Quantity.quantity></Point><Point><position>13365</position><in_Quantity.quantity>0.000000</in_Quantity.quantity><out_Quantity.quantity>167.029662</out_Quantity.quantity></Point><Point><position>13366</position><in_Quantity.quantity>0.000000</in_Quantity.quantity><out_Quantity.quantity>937.355251</out_Quantity.quantity></Point><Point><position>13367</position><in_Quantity.quantity>0.000000</in_Quantity.quantity><out_Quantity.quantity>253.904849</out_Quantity.quantity></Point><Point><position>13368</position><in_Quantity.quantity>0.000000</in_Quantity.quantity><out_Quantity.quantity>726.156357</out_Quantity.quantity></Point><Point><position>13369</position><in_Quantity.quantity>0.000000</in_Quantity.quantity><out_Quantity.quantity>240.041459</out_Quantity.quantity></Point><Point><position>13370</position><in_Quantity.quantity>0.000000</in_Quantity.quantity><out_Quantity.quantity>858.856064</out_Quantity.quantity></Point><Point><position>13371</position><in_Quantity.quantity>0.000000</in_Quantity.quantity><out_Quantity.quantity>526.562062</out_Quantity.quantity></Point><Point><position>13372</position><in_Quantity.quantity>0.000000</in_Quantity.quantity><out_Quantity.quantity>372.880896</out_Quantity.quantity></Point><Point><position>13373</position><in_Quantity.quantity>0.000000</in_Quantity.quantity><out_Quantity.quantity>718.012827</out_Quantity.quantity></Point><Point><position>13374</position><in_Quantity.quantity>0.000000</in_Quantity.quantity><out_Quantity.quantity>640.537625</out_Quantity.quantity></Point><Point><position>13375</position><in_Quantity.quantity>0.000000</in_Quantity.quantity><out_Quantity.quantity>520.027378</out_Quantity.quantity></Point><Point><position>13376</position><in_Quantity.quantity>0.000000</in_Quantity.quantity><out_Quantity.quantity>832.013613</out_Quantity.quantity></Point><Point><position>13377</position><in_Quantity.quantity>0.000000</in_Quantity.quantity><out_Quantity.quantity>762.371843</out_Quantity.quantity></Point><Point><position>13378</position><in_Quantity.quantity>0.000000</in_Quantity.quantity><out_Quantity.quantity>478.156312</out_Quantity.quantity></Point><Point><position>13379</position><in_Quantity.quantity>0.000000</in_Quantity.quantity><out_Quantity.quantity>158.796969</out_Quantity.quantity></Point><Point><position>13380</position><in_Quantity.quantity>0.000000</in_Quantity.quantity><out_Quantity.quantity>690.848301</out_Quantity.quantity></Point><Point><position>13381</position><in_Quantity.quantity>0.000000</in_Quantity.quantity><out_Quantity.quantity>405.989443</out_Quantity.quantity></Point><Point><position>13382</position><in_Quantity.quantity>0.000000</in_Quantity.quantity><out_Quantity.quantity>164.883069</out_Quantity.quantity></Point><Point><position>13383</position><in_Quantity.quantity>0.000000</in_Quantity.quantity><out_Quantity.quantity>105.200523</out_Quantity.quantity></Point><Point><position>13384</position><in_Quantity.quantity>0.000000</in_Quantity.quantity><out_Quantity.quantity>687.067046</out_Quantity.quantity></Point><Point><position>13385</position><in_Quantity.quantity>0.000000</in_Quantity.quantity><out_Quantity.quantity>368.751842</out_Quantity.quantity></Point><Point><position>13386</position><in_Quantity.quantity>0.000000</in_Quantity.quantity><out_Quantity.quantity>4.827250</out_Quantity.quantity></Point><Point><position>13387</position><in_Quantity.quantity>0.000000</in_Quantity.quantity><out_Quantity.quantity>233.696531</out_Quantity.quantity></Point><Point><position>13388</position><in_Quantity.quantity>0.000000</in_Quantity.quantity><out_Quantity.quantity>311.783781</out_Quantity.quantity></Point><Point><position>13389</position><in_Quantity.quantity>0.000000</in_Quantity.quantity><out_Quantity.quantity>814.574078</out_Quantity.quantity></Point><Point><position>13390</position><in_Quantity.quantity>0.000000</in_Quantity.quantity><out_Quantity.quantity>630.522168</out_Quantity.quantity></Point><Point><position>13391</position><in_Quantity.quantity>0.000000</in_Quantity.quantity><out_Quantity.quantity>475.103776</out_Quantity.quantity></Point><Point><position>13392</position><in_Quantity.quantity>0.000000</in_Quantity.quantity><out_Quantity.quantity>733.973385</out_Quantity.quantity></Point><Point><position>13393</position><in_Quantity.quantity>0.000000</in_Quantity.quantity><out_Quantity.quantity>173.315332</out_Quantity.quantity></Point><Point><position>13394</position><in_Quantity.quantity>0.000000</in_Quantity.quantity><out_Quantity.quantity>753.683356</out_Quantity.quantity></Point><Point><position>13395</position><in_Quantity.quantity>0.000000</in_Quantity.quantity><out_Quantity.quantity>640.330234</out_Quantity.quantity></Point><Point><position>13396</position><in_Quantity.quantity>0.000000</in_Quantity.quantity><out_Quantity.quantity>623.787606</out_Quantity.quantity></Point><Point><position>13397</position><in_Quantity.quantity>0.000000</in_Quantity.quantity><out_Quantity.quantity>196.652168</out_Quantity.quantity></Point><Point><position>13398</position><in_Quantity.quantity>0.000000</in_Quantity.quantity><out_Quantity.quantity>715.589231</out_Quantity.quantity></Point><Point><position>13399</position><in_Quantity.quantity>0.000000</in_Quantity.quantity><out_Quantity.quantity>153.264710</out_Quantity.quantity></Point><Point><position>13400</position><in_Quantity.quantity>0.000000</in_Quantity.quantity><out_Quantity.quantity>126.436328</out_Quantity.quantity></Point><Point><position>13401</position><in_Quantity.quantity>0.000000</in_Quantity.quantity><out_Quantity.quantity>553.450488</out_Quantity.quantity></Point><Point><position>13402</position><in_Quantity.quantity>0.000000</in_Quantity.quantity><out_Quantity.quantity>204.826801</out_Quantity.quantity></Point><Point><position>13403</position><in_Quantity.quantity>0.000000</in_Quantity.quantity><out_Quantity.quantity>466.891463</out_Quantity.quantity></Point><Point><position>13404</position><in_Quantity.quantity>0.000000</in_Quantity.quantity><out_Quantity.quantity>317.946580</out_Quantity.quantity></Point><Point><position>13405</position><in_Quantity.quantity>0.000000</in_Quantity.quantity><out_Quantity.quantity>287.738973</out_Quantity.quantity></Point><Point><position>13406</position><in_Quantity.quantity>0.000000</in_Quantity.quantity><out_Quantity.quantity>521.376385</out_Quantity.quantity></Point><Point><position>13407</position><in_Quantity.quantity>0.000000</in_Quantity.quantity><out_Quantity.quantity>569.898399</out_Quantity.quantity></Point><Point><position>13408</position><in_Quantity.quantity>0.000000</in_Quantity.quantity><out_Quantity.quantity>701.344293</out_Quantity.quantity></Point><Point><position>13409</position><in_Quantity.quantity>0.000000</in_Quantity.quantity><out_Quantity.quantity>240.397179</out_Quantity.quantity></Point><Point><position>13410</position><in_Quantity.quantity>0.000000</in_Quantity.quantity><out_Quantity.quantity>797.215314</out_Quantity.quantity></Point><Point><position>13411</position><in_Quantity.quantity>0.000000</in_Quantity.quantity><out_Quantity.quantity>812.987006</out_Quantity.quantity></Point><Point><position>13412</position><in_Quantity.quantity>0.000000</in_Quantity.quantity><out_Quantity.quantity>241.663616</out_Quantity.quantity></Point><Point><position>13413</position><in_Quantity.quantity>0.000000</in_Quantity.quantity><out_Quantity.quantity>368.274981</out_Quantity.quantity></Point><Point><position>13414</position><in_Quantity.quantity>0.000000</in_Quantity.quantity><out_Quantity.quantity>607.339520</out_Quantity.quantity></Point><Point><position>13415</position><in_Quantity.quantity>0.000000</in_Quantity.quantity><out_Quantity.quantity>14.608967</out_Quantity.quantity></Point><Point><position>13416</position><in_Quantity.quantity>0.000000</in_Quantity.quantity><out_Quantity.quantity>636.563157</out_Quantity.quantity></Point><Point><position>13417</position><in_Quantity.quantity>0.000000</in_Quantity.quantity><out_Quantity.quantity>12.176370</out_Quantity.quantity></Point><Point><position>13418</position><in_Quantity.quantity>0.000000</in_Quantity.quantity><out_Quantity.quantity>505.790259</out_Quantity.quantity></Point><Point><position>13419</position><in_Quantity.quantity>0.000000</in_Quantity.quantity><out_Quantity.quantity>397.581164</out_Quantity.quantity></Point><Point><position>13420</position><in_Quantity.quantity>0.000000</in_Quantity.quantity><out_Quantity.quantity>302.257879</out_Quantity.quantity></Point><Point><position>13421</position><in_Quantity.quantity>0.000000</in_Quantity.quantity><out_Quantity.quantity>498.489769</out_Quantity.quantity></Point><Point><position>13422</position><in_Quantity.quantity>0.000000</in_Quantity.quantity><out_Quantity.quantity>725.066833</out_Quantity.quantity></Point><Point><position>13423</position><in_Quantity.quantity>0.000000</in_Quantity.quantity><out_Quantity.quantity>279.498554</out_Quantity.quantity></Point><Point><position>13424</position><in_Quantity.quantity>0.000000</in_Quantity.quantity><out_Quantity.quantity>189.522274</out_Quantity.quantity></Point><Point><position>13425</position><in_Quantity.quantity>0.000000</in_Quantity.quantity><out_Quantity.quantity>121.967814</out_Quantity.quantity></Point><Point><position>13426</position><in_Quantity.quantity>0.000000</in_Quantity.quantity><out_Quantity.quantity>116.537603</out_Quantity.quantity></Point><Point><position>13427</position><in_Quantity.quantity>0.000000</in_Quantity.quantity><out_Quantity.quantity>864.272079</out_Quantity.quantity></Point><Point><position>13428</position><in_Quantity.quantity>0.000000</in_Quantity.quantity><out_Quantity.quantity>336.330311</out_Quantity.quantity></Point><Point><position>13429</position><in_Quantity.quantity>0.000000</in_Quantity.quantity><out_Quantity.quantity>211.624595</out_Quantity.quantity></Point><Point><position>13430</position><in_Quantity.quantity>0.000000</in_Quantity.quantity><out_Quantity.quantity>732.079462</out_Quantity.quantity></Point><Point><position>13431</position><in_Quantity.quantity>0.000000</in_Quantity.quantity><out_Quantity.quantity>667.092622</out_Quantity.quantity></Point><Point><position>13432</position><in_Quantity.quantity>0.000000</in_Quantity.quantity><out_Quantity.quantity>251.885730</out_Quantity.quantity></Point><Point><position>13433</position><in_Quantity.quantity>0.000000</in_Quantity.quantity><out_Quantity.quantity>191.844675</out_Quantity.quantity></Point><Point><position>13434</position><in_Quantity.quantity>0.000000</in_Quantity.quantity><out_Quantity.quantity>577.664140</out_Quantity.quantity></Point><Point><position>13435</position><in_Quantity.quantity>0.000000</in_Quantity.quantity><out_Quantity.quantity>932.221072</out_Quantity.quantity></Point><Point><position>13436</position><in_Quantity.quantity>0.000000</in_Quantity.quantity><out_Quantity.quantity>987.648739</out_Quantity.quantity></Point><Point><position>13437</position><in_Quantity.quantity>0.000000</in_Quantity.quantity><out_Quantity.quantity>879.374170</out_Quantity.quantity></Point><Point><position>13438</position><in_Quantity.quantity>0.000000</in_Quantity.quantity><out_Quantity.quantity>866.539337</out_Quantity.quantity></Point><Point><position>13439</position><in_Quantity.quantity>0.000000</in_Quantity.quantity><out_Quantity.quantity>258.054799</out_Quantity.quantity></Point><Point><position>13440</position><in_Quantity.quantity>0.000000</in_Quantity.quantity><out_Quantity.quantity>177.523914</out_Quantity.quantity></Point><Point><position>13441</position><in_Quantity.quantity>0.000000</in_Quantity.quantity><out_Quantity.quantity>875.167185</out_Quantity.quantity></Point><Point><position>13442</position><in_Quantity.quantity>0.000000</in_Quantity.quantity><out_Quantity.quantity>84.382183</out_Quantity.quantity></Point><Point><position>13443</position><in_Quantity.quantity>0.000000</in_Quantity.quantity><out_Quantity.quantity>871.469715</out_Quantity.quantity></Point><Point><position>13444</position><in_Quantity.quantity>0.000000</in_Quantity.quantity><out_Quantity.quantity>279.129444</out_Quantity.quantity></Point><Point><position>13445</position><in_Quantity.quantity>0.000000</in_Quantity.quantity><out_Quantity.quantity>250.852823</out_Quantity.quantity></Point><Point><position>13446</position><in_Quantity.quantity>0.000000</in_Quantity.quantity><out_Quantity.quantity>145.283624</out_Quantity.quantity></Point><Point><position>13447</position><in_Quantity.quantity>0.000000</in_Quantity.quantity><out_Quantity.quantity>179.105259</out_Quantity.quantity></Point><Point><position>13448</position><in_Quantity.quantity>0.000000</in_Quantity.quantity><out_Quantity.quantity>930.815024</out_Quantity.quantity></Point><Point><position>13449</position><in_Quantity.quantity>0.000000</in_Quantity.quantity><out_Quantity.quantity>527.631734</out_Quantity.quantity></Point><Point><position>13450</position><in_Quantity.quantity>0.000000</in_Quantity.quantity><out_Quantity.quantity>44.691418</out_Quantity.quantity></Point><Point><position>13451</position><in_Quantity.quantity>0.000000</in_Quantity.quantity><out_Quantity.quantity>801.410243</out_Quantity.quantity></Point><Point><position>13452</position><in_Quantity.quantity>0.000000</in_Quantity.quantity><out_Quantity.quantity>768.486547</out_Quantity.quantity></Point><Point><position>13453</position><in_Quantity.quantity>0.000000</in_Quantity.quantity><out_Quantity.quantity>168.290953</out_Quantity.quantity></Point><Point><position>13454</position><in_Quantity.quantity>0.000000</in_Quantity.quantity><out_Quantity.quantity>347.441775</out_Quantity.quantity></Point><Point><position>13455</position><in_Quantity.quantity>0.000000</in_Quantity.quantity><out_Quantity.quantity>706.860288</out_Quantity.quantity></Point><Point><position>13456</position><in_Quantity.quantity>0.000000</in_Quantity.quantity><out_Quantity.quantity>113.327151</out_Quantity.quantity></Point><Point><position>13457</position><in_Quantity.quantity>0.000000</in_Quantity.quantity><out_Quantity.quantity>100.358699</out_Quantity.quantity></Point><Point><position>13458</position><in_Quantity.quantity>0.000000</in_Quantity.quantity><out_Quantity.quantity>118.750833</out_Quantity.quantity></Point><Point><position>13459</position><in_Quantity.quantity>0.000000</in_Quantity.quantity><out_Quantity.quantity>251.246820</out_Quantity.quantity></Point><Point><position>13460</position><in_Quantity.quantity>0.000000</in_Quantity.quantity><out_Quantity.quantity>43.353287</out_Quantity.quantity></Point><Point><position>13461</position><in_Quantity.quantity>0.000000</in_Quantity.quantity><out_Quantity.quantity>653.051288</out_Quantity.quantity></Point><Point><position>13462</position><in_Quantity.quantity>0.000000</in_Quantity.quantity><out_Quantity.quantity>538.303804</out_Quantity.quantity></Point><Point><position>13463</position><in_Quantity.quantity>0.000000</in_Quantity.quantity><out_Quantity.quantity>867.486150</out_Quantity.quantity></Point><Point><position>13464</position><in_Quantity.quantity>0.000000</in_Quantity.quantity><out_Quantity.quantity>860.582252</out_Quantity.quantity></Point><Point><position>13465</position><in_Quantity.quantity>0.000000</in_Quantity.quantity><out_Quantity.quantity>31.359849</out_Quantity.quantity></Point><Point><position>13466</position><in_Quantity.quantity>0.000000</in_Quantity.quantity><out_Quantity.quantity>564.256692</out_Quantity.quantity></Point><Point><position>13467</position><in_Quantity.quantity>0.000000</in_Quantity.quantity><out_Quantity.quantity>522.361706</out_Quantity.quantity></Point><Point><position>13468</position><in_Quantity.quantity>0.000000</in_Quantity.quantity><out_Quantity.quantity>501.886595</out_Quantity.quantity></Point><Point><position>13469</position><in_Quantity.quantity>0.000000</in_Quantity.quantity><out_Quantity.quantity>806.491997</out_Quantity.quantity></Point><Point><position>13470</position><in_Quantity.quantity>0.000000</in_Quantity.quantity><out_Quantity.quantity>155.091192</out_Quantity.quantity></Point><Point><position>13471</position><in_Quantity.quantity>0.000000</in_Quantity.quantity><out_Quantity.quantity>360.013757</out_Quantity.quantity></Point><Point><position>13472</position><in_Quantity.quantity>0.000000</in_Quantity.quantity><out_Quantity.quantity>987.509656</out_Quantity.quantity></Point><Point><position>13473</position><in_Quantity.quantity>0.000000</in_Quantity.quantity><out_Quantity.quantity>312.660111</out_Quantity.quantity></Point><Point><position>13474</position><in_Quantity.quantity>0.000000</in_Quantity.quantity><out_Quantity.quantity>968.363853</out_Quantity.quantity></Point><Point><position>13475</position><in_Quantity.quantity>0.000000</in_Quantity.quantity><out_Quantity.quantity>783.516969</out_Quantity.quantity></Point><Point><position>13476</position><in_Quantity.quantity>0.000000</in_Quantity.quantity><out_Quantity.quantity>495.416178</out_Quantity.quantity></Point><Point><position>13477</position><in_Quantity.quantity>0.000000</in_Quantity.quantity><out_Quantity.quantity>922.967730</out_Quantity.quantity></Point><Point><position>13478</position><in_Quantity.quantity>0.000000</in_Quantity.quantity><out_Quantity.quantity>921.638656</out_Quantity.quantity></Point><Point><position>13479</position><in_Quantity.quantity>0.000000</in_Quantity.quantity><out_Quantity.quantity>871.235580</out_Quantity.quantity></Point><Point><position>13480</position><in_Quantity.quantity>0.000000</in_Quantity.quantity><out_Quantity.quantity>953.913377</out_Quantity.quantity></Point><Point><position>13481</position><in_Quantity.quantity>0.000000</in_Quantity.quantity><out_Quantity.quantity>3.172414</out_Quantity.quantity></Point><Point><position>13482</position><in_Quantity.quantity>0.000000</in_Quantity.quantity><out_Quantity.quantity>932.074791</out_Quantity.quantity></Point><Point><position>13483</position><in_Quantity.quantity>0.000000</in_Quantity.quantity><out_Quantity.quantity>426.809373</out_Quantity.quantity></Point><Point><position>13484</position><in_Quantity.quantity>0.000000</in_Quantity.quantity><out_Quantity.quantity>263.200127</out_Quantity.quantity></Point><Point><position>13485</position><in_Quantity.quantity>0.000000</in_Quantity.quantity><out_Quantity.quantity>325.639734</out_Quantity.quantity></Point><Point><position>13486</position><in_Quantity.quantity>0.000000</in_Quantity.quantity><out_Quantity.quantity>855.884576</out_Quantity.quantity></Point><Point><position>13487</position><in_Quantity.quantity>0.000000</in_Quantity.quantity><out_Quantity.quantity>457.970772</out_Quantity.quantity></Point><Point><position>13488</position><in_Quantity.quantity>0.000000</in_Quantity.quantity><out_Quantity.quantity>772.916896</out_Quantity.quantity></Point><Point><position>13489</position><in_Quantity.quantity>0.000000</in_Quantity.quantity><out_Quantity.quantity>860.090320</out_Quantity.quantity></Point><Point><position>13490</position><in_Quantity.quantity>0.000000</in_Quantity.quantity><out_Quantity.quantity>106.764052</out_Quantity.quantity></Point><Point><position>13491</position><in_Quantity.quantity>0.000000</in_Quantity.quantity><out_Quantity.quantity>498.638228</out_Quantity.quantity></Point><Point><position>13492</position><in_Quantity.quantity>0.000000</in_Quantity.quantity><out_Quantity.quantity>30.013587</out_Quantity.quantity></Point><Point><position>13493</position><in_Quantity.quantity>0.000000</in_Quantity.quantity><out_Quantity.quantity>950.760643</out_Quantity.quantity></Point><Point><position>13494</position><in_Quantity.quantity>0.000000</in_Quantity.quantity><out_Quantity.quantity>866.714934</out_Quantity.quantity></Point><Point><position>13495</position><in_Quantity.quantity>0.000000</in_Quantity.quantity><out_Quantity.quantity>55.524152</out_Quantity.quantity></Point><Point><position>13496</position><in_Quantity.quantity>0.000000</in_Quantity.quantity><out_Quantity.quantity>143.477448</out_Quantity.quantity></Point><Point><position>13497</position><in_Quantity.quantity>0.000000</in_Quantity.quantity><out_Quantity.quantity>238.228202</out_Quantity.quantity></Point><Point><position>13498</position><in_Quantity.quantity>0.000000</in_Quantity.quantity><out_Quantity.quantity>926.307954</out_Quantity.quantity></Point><Point><position>13499</position><in_Quantity.quantity>0.000000</in_Quantity.quantity><out_Quantity.quantity>929.596029</out_Quantity.quantity></Point><Point><position>13500</position><in_Quantity.quantity>0.000000</in_Quantity.quantity><out_Quantity.quantity>422.834094</out_Quantity.quantity></Point><Point><position>13501</position><in_Quantity.quantity>0.000000</in_Quantity.quantity><out_Quantity.quantity>586.613534</out_Quantity.quantity></Point><Point><position>13502</position><in_Quantity.quantity>0.000000</in_Quantity.quantity><out_Quantity.quantity>968.622786</out_Quantity.quantity></Point><Point><position>13503</position><in_Quantity.quantity>0.000000</in_Quantity.quantity><out_Quantity.quantity>133.368344</out_Quantity.quantity></Point><Point><position>13504</position><in_Quantity.quantity>0.000000</in_Quantity.quantity><out_Quantity.quantity>973.424029</out_Quantity.quantity></Point><Point><position>13505</position><in_Quantity.quantity>0.000000</in_Quantity.quantity><out_Quantity.quantity>338.110147</out_Quantity.quantity></Point><Point><position>13506</position><in_Quantity.quantity>0.000000</in_Quantity.quantity><out_Quantity.quantity>397.360447</out_Quantity.quantity></Point><Point><position>13507</position><in_Quantity.quantity>0.000000</in_Quantity.quantity><out_Quantity.quantity>573.807819</out_Quantity.quantity></Point><Point><position>13508</position><in_Quantity.quantity>0.000000</in_Quantity.quantity><out_Quantity.quantity>6.590692</out_Quantity.quantity></Point><Point><position>13509</position><in_Quantity.quantity>0.000000</in_Quantity.quantity><out_Quantity.quantity>691.777494</out_Quantity.quantity></Point><Point><position>13510</position><in_Quantity.quantity>0.000000</in_Quantity.quantity><out_Quantity.quantity>442.921289</out_Quantity.quantity></Point><Point><position>13511</position><in_Quantity.quantity>0.000000</in_Quantity.quantity><out_Quantity.quantity>443.020908</out_Quantity.quantity></Point><Point><position>13512</position><in_Quantity.quantity>0.000000</in_Quantity.quantity><out_Quantity.quantity>528.886854</out_Quantity.quantity></Point><Point><position>13513</position><in_Quantity.quantity>0.000000</in_Quantity.quantity><out_Quantity.quantity>410.670773</out_Quantity.quantity></Point><Point><position>13514</position><in_Quantity.quantity>0.000000</in_Quantity.quantity><out_Quantity.quantity>943.020495</out_Quantity.quantity></Point><Point><position>13515</position><in_Quantity.quantity>0.000000</in_Quantity.quantity><out_Quantity.quantity>667.263477</out_Quantity.quantity></Point><Point><position>13516</position><in_Quantity.quantity>0.000000</in_Quantity.quantity><out_Quantity.quantity>731.955651</out_Quantity.quantity></Point><Point><position>13517</position><in_Quantity.quantity>0.000000</in_Quantity.quantity><out_Quantity.quantity>408.508358</out_Quantity.quantity></Point><Point><position>13518</position><in_Quantity.quantity>0.000000</in_Quantity.quantity><out_Quantity.quantity>125.973541</out_Quantity.quantity></Point><Point><position>13519</position><in_Quantity.quantity>0.000000</in_Quantity.quantity><out_Quantity.quantity>301.566678</out_Quantity.quantity></Point><Point><position>13520</position><in_Quantity.quantity>0.000000</in_Quantity.quantity><out_Quantity.quantity>378.563370</out_Quantity.quantity></Point><Point><position>13521</position><in_Quantity.quantity>0.000000</in_Quantity.quantity><out_Quantity.quantity>844.037124</out_Quantity.quantity></Point><Point><position>13522</position><in_Quantity.quantity>0.000000</in_Quantity.quantity><out_Quantity.quantity>14.282966</out_Quantity.quantity></Point><Point><position>13523</position><in_Quantity.quantity>0.000000</in_Quantity.quantity><out_Quantity.quantity>994.715029</out_Quantity.quantity></Point><Point><position>13524</position><in_Quantity.quantity>0.000000</in_Quantity.quantity><out_Quantity.quantity>871.459894</out_Quantity.quantity></Point><Point><position>13525</position><in_Quantity.quantity>0.000000</in_Quantity.quantity><out_Quantity.quantity>421.991530</out_Quantity.quantity></Point><Point><position>13526</position><in_Quantity.quantity>0.000000</in_Quantity.quantity><out_Quantity.quantity>734.191378</out_Quantity.quantity></Point><Point><position>13527</position><in_Quantity.quantity>0.000000</in_Quantity.quantity><out_Quantity.quantity>889.474026</out_Quantity.quantity></Point><Point><position>13528</position><in_Quantity.quantity>0.000000</in_Quantity.quantity><out_Quantity.quantity>405.066182</out_Quantity.quantity></Point><Point><position>13529</position><in_Quantity.quantity>0.000000</in_Quantity.quantity><out_Quantity.quantity>234.694378</out_Quantity.quantity></Point><Point><position>13530</position><in_Quantity.quantity>0.000000</in_Quantity.quantity><out_Quantity.quantity>192.988875</out_Quantity.quantity></Point><Point><position>13531</position><in_Quantity.quantity>0.000000</in_Quantity.quantity><out_Quantity.quantity>716.282227</out_Quantity.quantity></Point><Point><position>13532</position><in_Quantity.quantity>0.000000</in_Quantity.quantity><out_Quantity.quantity>496.983066</out_Quantity.quantity></Point><Point><position>13533</position><in_Quantity.quantity>0.000000</in_Quantity.quantity><out_Quantity.quantity>921.718363</out_Quantity.quantity></Point><Point><position>13534</position><in_Quantity.quantity>0.000000</in_Quantity.quantity><out_Quantity.quantity>90.454342</out_Quantity.quantity></Point><Point><position>13535</position><in_Quantity.quantity>0.000000</in_Quantity.quantity><out_Quantity.quantity>303.681599</out_Quantity.quantity></Point><Point><position>13536</position><in_Quantity.quantity>0.000000</in_Quantity.quantity><out_Quantity.quantity>465.837621</out_Quantity.quantity></Point><Point><position>13537</position><in_Quantity.quantity>0.000000</in_Quantity.quantity><out_Quantity.quantity>477.015585</out_Quantity.quantity></Point><Point><position>13538</position><in_Quantity.quantity>0.000000</in_Quantity.quantity><out_Quantity.quantity>457.010096</out_Quantity.quantity></Point><Point><position>13539</position><in_Quantity.quantity>0.000000</in_Quantity.quantity><out_Quantity.quantity>904.259746</out_Quantity.quantity></Point><Point><position>13540</position><in_Quantity.quantity>0.000000</in_Quantity.quantity><out_Quantity.quantity>840.075906</out_Quantity.quantity></Point><Point><position>13541</position><in_Quantity.quantity>0.000000</in_Quantity.quantity><out_Quantity.quantity>836.996865</out_Quantity.quantity></Point><Point><position>13542</position><in_Quantity.quantity>0.000000</in_Quantity.quantity><out_Quantity.quantity>913.468974</out_Quantity.quantity></Point><Point><position>13543</position><in_Quantity.quantity>0.000000</in_Quantity.quantity><out_Quantity.quantity>42.437380</out_Quantity.quantity></Point><Point><position>13544</position><in_Quantity.quantity>0.000000</in_Quantity.quantity><out_Quantity.quantity>538.166300</out_Quantity.quantity></Point><Point><position>13545</position><in_Quantity.quantity>0.000000</in_Quantity.quantity><out_Quantity.quantity>84.311828</out_Quantity.quantity></Point><Point><position>13546</position><in_Quantity.quantity>0.000000</in_Quantity.quantity><out_Quantity.quantity>763.612757</out_Quantity.quantity></Point><Point><position>13547</position><in_Quantity.quantity>0.000000</in_Quantity.quantity><out_Quantity.quantity>205.438944</out_Quantity.quantity></Point><Point><position>13548</position><in_Quantity.quantity>0.000000</in_Quantity.quantity><out_Quantity.quantity>847.548503</out_Quantity.quantity></Point><Point><position>13549</position><in_Quantity.quantity>0.000000</in_Quantity.quantity><out_Quantity.quantity>194.276920</out_Quantity.quantity></Point><Point><position>13550</position><in_Quantity.quantity>0.000000</in_Quantity.quantity><out_Quantity.quantity>520.488917</out_Quantity.quantity></Point><Point><position>13551</position><in_Quantity.quantity>0.000000</in_Quantity.quantity><out_Quantity.quantity>411.527621</out_Quantity.quantity></Point><Point><position>13552</position><in_Quantity.quantity>0.000000</in_Quantity.quantity><out_Quantity.quantity>440.679576</out_Quantity.quantity></Point><Point><position>13553</position><in_Quantity.quantity>0.000000</in_Quantity.quantity><out_Quantity.quantity>188.913867</out_Quantity.quantity></Point><Point><position>13554</position><in_Quantity.quantity>0.000000</in_Quantity.quantity><out_Quantity.quantity>436.588396</out_Quantity.quantity></Point><Point><position>13555</position><in_Quantity.quantity>0.000000</in_Quantity.quantity><out_Quantity.quantity>503.446296</out_Quantity.quantity></Point><Point><position>13556</position><in_Quantity.quantity>0.000000</in_Quantity.quantity><out_Quantity.quantity>962.033893</out_Quantity.quantity></Point><Point><position>13557</position><in_Quantity.quantity>0.000000</in_Quantity.quantity><out_Quantity.quantity>807.961846</out_Quantity.quantity></Point><Point><position>13558</position><in_Quantity.quantity>0.000000</in_Quantity.quantity><out_Quantity.quantity>54.518658</out_Quantity.quantity></Point><Point><position>13559</position><in_Quantity.quantity>0.000000</in_Quantity.quantity><out_Quantity.quantity>799.653154</out_Quantity.quantity></Point><Point><position>13560</position><in_Quantity.quantity>0.000000</in_Quantity.quantity><out_Quantity.quantity>944.935341</out_Quantity.quantity></Point><Point><position>13561</position><in_Quantity.quantity>0.000000</in_Quantity.quantity><out_Quantity.quantity>807.881033</out_Quantity.quantity></Point><Point><position>13562</position><in_Quantity.quantity>0.000000</in_Quantity.quantity><out_Quantity.quantity>358.523056</out_Quantity.quantity></Point><Point><position>13563</position><in_Quantity.quantity>0.000000</in_Quantity.quantity><out_Quantity.quantity>545.971838</out_Quantity.quantity></Point><Point><position>13564</position><in_Quantity.quantity>0.000000</in_Quantity.quantity><out_Quantity.quantity>539.516581</out_Quantity.quantity></Point><Point><position>13565</position><in_Quantity.quantity>0.000000</in_Quantity.quantity><out_Quantity.quantity>155.019206</out_Quantity.quantity></Point><Point><position>13566</position><in_Quantity.quantity>0.000000</in_Quantity.quantity><out_Quantity.quantity>252.207336</out_Quantity.quantity></Point><Point><position>13567</position><in_Quantity.quantity>0.000000</in_Quantity.quantity><out_Quantity.quantity>789.245346</out_Quantity.quantity></Point><Point><position>13568</position><in_Quantity.quantity>0.000000</in_Quantity.quantity><out_Quantity.quantity>961.972336</out_Quantity.quantity></Point><Point><position>13569</position><in_Quantity.quantity>0.000000</in_Quantity.quantity><out_Quantity.quantity>811.664989</out_Quantity.quantity></Point><Point><position>13570</position><in_Quantity.quantity>0.000000</in_Quantity.quantity><out_Quantity.quantity>610.263393</out_Quantity.quantity></Point><Point><position>13571</position><in_Quantity.quantity>0.000000</in_Quantity.quantity><out_Quantity.quantity>767.524339</out_Quantity.quantity></Point><Point><position>13572</position><in_Quantity.quantity>0.000000</in_Quantity.quantity><out_Quantity.quantity>346.178273</out_Quantity.quantity></Point><Point><position>13573</position><in_Quantity.quantity>0.000000</in_Quantity.quantity><out_Quantity.quantity>482.013649</out_Quantity.quantity></Point><Point><position>13574</position><in_Quantity.quantity>0.000000</in_Quantity.quantity><out_Quantity.quantity>218.778641</out_Quantity.quantity></Point><Point><position>13575</position><in_Quantity.quantity>0.000000</in_Quantity.quantity><out_Quantity.quantity>7.673086</out_Quantity.quantity></Point><Point><position>13576</position><in_Quantity.quantity>0.000000</in_Quantity.quantity><out_Quantity.quantity>646.248032</out_Quantity.quantity></Point><Point><position>13577</position><in_Quantity.quantity>0.000000</in_Quantity.quantity><out_Quantity.quantity>864.927293</out_Quantity.quantity></Point><Point><position>13578</position><in_Quantity.quantity>0.000000</in_Quantity.quantity><out_Quantity.quantity>267.703075</out_Quantity.quantity></Point><Point><position>13579</position><in_Quantity.quantity>0.000000</in_Quantity.quantity><out_Quantity.quantity>739.816556</out_Quantity.quantity></Point><Point><position>13580</position><in_Quantity.quantity>0.000000</in_Quantity.quantity><out_Quantity.quantity>525.202804</out_Quantity.quantity></Point><Point><position>13581</position><in_Quantity.quantity>0.000000</in_Quantity.quantity><out_Quantity.quantity>705.682666</out_Quantity.quantity></Point><Point><position>13582</position><in_Quantity.quantity>0.000000</in_Quantity.quantity><out_Quantity.quantity>694.359753</out_Quantity.quantity></Point><Point><position>13583</position><in_Quantity.quantity>0.000000</in_Quantity.quantity><out_Quantity.quantity>512.945665</out_Quantity.quantity></Point><Point><position>13584</position><in_Quantity.quantity>0.000000</in_Quantity.quantity><out_Quantity.quantity>238.964304</out_Quantity.quantity></Point><Point><position>13585</position><in_Quantity.quantity>0.000000</in_Quantity.quantity><out_Quantity.quantity>740.557072</out_Quantity.quantity></Point><Point><position>13586</position><in_Quantity.quantity>0.000000</in_Quantity.quantity><out_Quantity.quantity>235.865287</out_Quantity.quantity></Point><Point><position>13587</position><in_Quantity.quantity>0.000000</in_Quantity.quantity><out_Quantity.quantity>872.564087</out_Quantity.quantity></Point><Point><position>13588</position><in_Quantity.quantity>0.000000</in_Quantity.quantity><out_Quantity.quantity>386.581763</out_Quantity.quantity></Point><Point><position>13589</position><in_Quantity.quantity>0.000000</in_Quantity.quantity><out_Quantity.quantity>225.092920</out_Quantity.quantity></Point><Point><position>13590</position><in_Quantity.quantity>0.000000</in_Quantity.quantity><out_Quantity.quantity>251.686737</out_Quantity.quantity></Point><Point><position>13591</position><in_Quantity.quantity>0.000000</in_Quantity.quantity><out_Quantity.quantity>383.414265</out_Quantity.quantity></Point><Point><position>13592</position><in_Quantity.quantity>0.000000</in_Quantity.quantity><out_Quantity.quantity>316.103733</out_Quantity.quantity></Point><Point><position>13593</position><in_Quantity.quantity>0.000000</in_Quantity.quantity><out_Quantity.quantity>939.735154</out_Quantity.quantity></Point><Point><position>13594</position><in_Quantity.quantity>0.000000</in_Quantity.quantity><out_Quantity.quantity>79.981174</out_Quantity.quantity></Point><Point><position>13595</position><in_Quantity.quantity>0.000000</in_Quantity.quantity><out_Quantity.quantity>630.079358</out_Quantity.quantity></Point><Point><position>13596</position><in_Quantity.quantity>0.000000</in_Quantity.quantity><out_Quantity.quantity>328.167393</out_Quantity.quantity></Point><Point><position>13597</position><in_Quantity.quantity>0.000000</in_Quantity.quantity><out_Quantity.quantity>154.830188</out_Quantity.quantity></Point><Point><position>13598</position><in_Quantity.quantity>0.000000</in_Quantity.quantity><out_Quantity.quantity>277.326735</out_Quantity.quantity></Point><Point><position>13599</position><in_Quantity.quantity>0.000000</in_Quantity.quantity><out_Quantity.quantity>177.160180</out_Quantity.quantity></Point><Point><position>13600</position><in_Quantity.quantity>0.000000</in_Quantity.quantity><out_Quantity.quantity>43.806007</out_Quantity.quantity></Point><Point><position>13601</position><in_Quantity.quantity>0.000000</in_Quantity.quantity><out_Quantity.quantity>769.227836</out_Quantity.quantity></Point><Point><position>13602</position><in_Quantity.quantity>0.000000</in_Quantity.quantity><out_Quantity.quantity>923.121758</out_Quantity.quantity></Point><Point><position>13603</position><in_Quantity.quantity>0.000000</in_Quantity.quantity><out_Quantity.quantity>325.180143</out_Quantity.quantity></Point><Point><position>13604</position><in_Quantity.quantity>0.000000</in_Quantity.quantity><out_Quantity.quantity>635.873933</out_Quantity.quantity></Point><Point><position>13605</position><in_Quantity.quantity>0.000000</in_Quantity.quantity><out_Quantity.quantity>968.302699</out_Quantity.quantity></Point><Point><position>13606</position><in_Quantity.quantity>0.000000</in_Quantity.quantity><out_Quantity.quantity>162.502291</out_Quantity.quantity></Point><Point><position>13607</position><in_Quantity.quantity>0.000000</in_Quantity.quantity><out_Quantity.quantity>70.362723</out_Quantity.quantity></Point><Point><position>13608</position><in_Quantity.quantity>0.000000</in_Quantity.quantity><out_Quantity.quantity>385.279742</out_Quantity.quantity></Point><Point><position>13609</position><in_Quantity.quantity>0.000000</in_Quantity.quantity><out_Quantity.quantity>862.451919</out_Quantity.quantity></Point><Point><position>13610</position><in_Quantity.quantity>0.000000</in_Quantity.quantity><out_Quantity.quantity>714.620710</out_Quantity.quantity></Point><Point><position>13611</position><in_Quantity.quantity>0.000000</in_Quantity.quantity><out_Quantity.quantity>872.431549</out_Quantity.quantity></Point><Point><position>13612</position><in_Quantity.quantity>0.000000</in_Quantity.quantity><out_Quantity.quantity>701.110612</out_Quantity.quantity></Point><Point><position>13613</position><in_Quantity.quantity>0.000000</in_Quantity.quantity><out_Quantity.quantity>972.084849</out_Quantity.quantity></Point><Point><position>13614</position><in_Quantity.quantity>0.000000</in_Quantity.quantity><out_Quantity.quantity>728.007860</out_Quantity.quantity></Point><Point><position>13615</position><in_Quantity.quantity>0.000000</in_Quantity.quantity><out_Quantity.quantity>994.700231</out_Quantity.quantity></Point><Point><position>13616</position><in_Quantity.quantity>0.000000</in_Quantity.quantity><out_Quantity.quantity>151.507138</out_Quantity.quantity></Point><Point><position>13617</position><in_Quantity.quantity>0.000000</in_Quantity.quantity><out_Quantity.quantity>33.978084</out_Quantity.quantity></Point><Point><position>13618</position><in_Quantity.quantity>0.000000</in_Quantity.quantity><out_Quantity.quantity>833.688450</out_Quantity.quantity></Point><Point><position>13619</position><in_Quantity.quantity>0.000000</in_Quantity.quantity><out_Quantity.quantity>510.054211</out_Quantity.quantity></Point><Point><position>13620</position><in_Quantity.quantity>0.000000</in_Quantity.quantity><out_Quantity.quantity>402.693932</out_Quantity.quantity></Point><Point><position>13621</position><in_Quantity.quantity>0.000000</in_Quantity.quantity><out_Quantity.quantity>650.787252</out_Quantity.quantity></Point><Point><position>13622</position><in_Quantity.quantity>0.000000</in_Quantity.quantity><out_Quantity.quantity>449.418920</out_Quantity.quantity></Point><Point><position>13623</position><in_Quantity.quantity>0.000000</in_Quantity.quantity><out_Quantity.quantity>148.580080</out_Quantity.quantity></Point><Point><position>13624</position><in_Quantity.quantity>0.000000</in_Quantity.quantity><out_Quantity.quantity>94.439996</out_Quantity.quantity></Point><Point><position>13625</position><in_Quantity.quantity>0.000000</in_Quantity.quantity><out_Quantity.quantity>407.017042</out_Quantity.quantity></Point><Point><position>13626</position><in_Quantity.quantity>0.000000</in_Quantity.quantity><out_Quantity.quantity>128.012502</out_Quantity.quantity></Point><Point><position>13627</position><in_Quantity.quantity>0.000000</in_Quantity.quantity><out_Quantity.quantity>471.867666</out_Quantity.quantity></Point><Point><position>13628</position><in_Quantity.quantity>0.000000</in_Quantity.quantity><out_Quantity.quantity>933.298689</out_Quantity.quantity></Point><Point><position>13629</position><in_Quantity.quantity>0.000000</in_Quantity.quantity><out_Quantity.quantity>120.563055</out_Quantity.quantity></Point><Point><position>13630</position><in_Quantity.quantity>0.000000</in_Quantity.quantity><out_Quantity.quantity>148.634706</out_Quantity.quantity></Point><Point><position>13631</position><in_Quantity.quantity>0.000000</in_Quantity.quantity><out_Quantity.quantity>99.442909</out_Quantity.quantity></Point><Point><position>13632</position><in_Quantity.quantity>0.000000</in_Quantity.quantity><out_Quantity.quantity>34.550068</out_Quantity.quantity></Point><Point><position>13633</position><in_Quantity.quantity>0.000000</in_Quantity.quantity><out_Quantity.quantity>696.562421</out_Quantity.quantity></Point><Point><position>13634</position><in_Quantity.quantity>0.000000</in_Quantity.quantity><out_Quantity.quantity>643.166765</out_Quantity.quantity></Point><Point><position>13635</position><in_Quantity.quantity>0.000000</in_Quantity.quantity><out_Quantity.quantity>429.113727</out_Quantity.quantity></Point><Point><position>13636</position><in_Quantity.quantity>0.000000</in_Quantity.quantity><out_Quantity.quantity>240.416650</out_Quantity.quantity></Point><Point><position>13637</position><in_Quantity.quantity>0.000000</in_Quantity.quantity><out_Quantity.quantity>319.821684</out_Quantity.quantity></Point><Point><position>13638</position><in_Quantity.quantity>0.000000</in_Quantity.quantity><out_Quantity.quantity>266.777574</out_Quantity.quantity></Point><Point><position>13639</position><in_Quantity.quantity>0.000000</in_Quantity.quantity><out_Quantity.quantity>301.064102</out_Quantity.quantity></Point><Point><position>13640</position><in_Quantity.quantity>0.000000</in_Quantity.quantity><out_Quantity.quantity>281.287083</out_Quantity.quantity></Point><Point><position>13641</position><in_Quantity.quantity>0.000000</in_Quantity.quantity><out_Quantity.quantity>222.362416</out_Quantity.quantity></Point><Point><position>13642</position><in_Quantity.quantity>0.000000</in_Quantity.quantity><out_Quantity.quantity>410.486835</out_Quantity.quantity></Point><Point><position>13643</position><in_Quantity.quantity>0.000000</in_Quantity.quantity><out_Quantity.quantity>889.571338</out_Quantity.quantity></Point><Point><position>13644</position><in_Quantity.quantity>0.000000</in_Quantity.quantity><out_Quantity.quantity>234.592887</out_Quantity.quantity></Point><Point><position>13645</position><in_Quantity.quantity>0.000000</in_Quantity.quantity><out_Quantity.quantity>613.986797</out_Quantity.quantity></Point><Point><position>13646</position><in_Quantity.quantity>0.000000</in_Quantity.quantity><out_Quantity.quantity>410.131132</out_Quantity.quantity></Point><Point><position>13647</position><in_Quantity.quantity>0.000000</in_Quantity.quantity><out_Quantity.quantity>251.948551</out_Quantity.quantity></Point><Point><position>13648</position><in_Quantity.quantity>0.000000</in_Quantity.quantity><out_Quantity.quantity>866.387657</out_Quantity.quantity></Point><Point><position>13649</position><in_Quantity.quantity>0.000000</in_Quantity.quantity><out_Quantity.quantity>398.416137</out_Quantity.quantity></Point><Point><position>13650</position><in_Quantity.quantity>0.000000</in_Quantity.quantity><out_Quantity.quantity>650.497208</out_Quantity.quantity></Point><Point><position>13651</position><in_Quantity.quantity>0.000000</in_Quantity.quantity><out_Quantity.quantity>864.285835</out_Quantity.quantity></Point><Point><position>13652</position><in_Quantity.quantity>0.000000</in_Quantity.quantity><out_Quantity.quantity>820.819141</out_Quantity.quantity></Point><Point><position>13653</position><in_Quantity.quantity>0.000000</in_Quantity.quantity><out_Quantity.quantity>361.180801</out_Quantity.quantity></Point><Point><position>13654</position><in_Quantity.quantity>0.000000</in_Quantity.quantity><out_Quantity.quantity>117.657624</out_Quantity.quantity></Point><Point><position>13655</position><in_Quantity.quantity>0.000000</in_Quantity.quantity><out_Quantity.quantity>533.200189</out_Quantity.quantity></Point><Point><position>13656</position><in_Quantity.quantity>0.000000</in_Quantity.quantity><out_Quantity.quantity>691.894261</out_Quantity.quantity></Point><Point><position>13657</position><in_Quantity.quantity>0.000000</in_Quantity.quantity><out_Quantity.quantity>675.530923</out_Quantity.quantity></Point><Point><position>13658</position><in_Quantity.quantity>0.000000</in_Quantity.quantity><out_Quantity.quantity>682.305458</out_Quantity.quantity></Point><Point><position>13659</position><in_Quantity.quantity>0.000000</in_Quantity.quantity><out_Quantity.quantity>464.821676</out_Quantity.quantity></Point><Point><position>13660</position><in_Quantity.quantity>0.000000</in_Quantity.quantity><out_Quantity.quantity>65.838101</out_Quantity.quantity></Point><Point><position>13661</position><in_Quantity.quantity>0.000000</in_Quantity.quantity><out_Quantity.quantity>964.689261</out_Quantity.quantity></Point><Point><position>13662</position><in_Quantity.quantity>0.000000</in_Quantity.quantity><out_Quantity.quantity>504.870717</out_Quantity.quantity></Point><Point><position>13663</position><in_Quantity.quantity>0.000000</in_Quantity.quantity><out_Quantity.quantity>654.912481</out_Quantity.quantity></Point><Point><position>13664</position><in_Quantity.quantity>0.000000</in_Quantity.quantity><out_Quantity.quantity>319.063850</out_Quantity.quantity></Point><Point><position>13665</position><in_Quantity.quantity>0.000000</in_Quantity.quantity><out_Quantity.quantity>930.634251</out_Quantity.quantity></Point><Point><position>13666</position><in_Quantity.quantity>0.000000</in_Quantity.quantity><out_Quantity.quantity>795.192838</out_Quantity.quantity></Point><Point><position>13667</position><in_Quantity.quantity>0.000000</in_Quantity.quantity><out_Quantity.quantity>467.857587</out_Quantity.quantity></Point><Point><position>13668</position><in_Quantity.quantity>0.000000</in_Quantity.quantity><out_Quantity.quantity>368.611198</out_Quantity.quantity></Point><Point><position>13669</position><in_Quantity.quantity>0.000000</in_Quantity.quantity><out_Quantity.quantity>879.317539</out_Quantity.quantity></Point><Point><position>13670</position><in_Quantity.quantity>0.000000</in_Quantity.quantity><out_Quantity.quantity>329.329007</out_Quantity.quantity></Point><Point><position>13671</position><in_Quantity.quantity>0.000000</in_Quantity.quantity><out_Quantity.quantity>759.745985</out_Quantity.quantity></Point><Point><position>13672</position><in_Quantity.quantity>0.000000</in_Quantity.quantity><out_Quantity.quantity>750.567696</out_Quantity.quantity></Point><Point><position>13673</position><in_Quantity.quantity>0.000000</in_Quantity.quantity><out_Quantity.quantity>36.095080</out_Quantity.quantity></Point><Point><position>13674</position><in_Quantity.quantity>0.000000</in_Quantity.quantity><out_Quantity.quantity>87.164223</out_Quantity.quantity></Point><Point><position>13675</position><in_Quantity.quantity>0.000000</in_Quantity.quantity><out_Quantity.quantity>345.992422</out_Quantity.quantity></Point><Point><position>13676</position><in_Quantity.quantity>0.000000</in_Quantity.quantity><out_Quantity.quantity>99.334965</out_Quantity.quantity></Point><Point><position>13677</position><in_Quantity.quantity>0.000000</in_Quantity.quantity><out_Quantity.quantity>293.426734</out_Quantity.quantity></Point><Point><position>13678</position><in_Quantity.quantity>0.000000</in_Quantity.quantity><out_Quantity.quantity>297.337286</out_Quantity.quantity></Point><Point><position>13679</position><in_Quantity.quantity>0.000000</in_Quantity.quantity><out_Quantity.quantity>939.084934</out_Quantity.quantity></Point><Point><position>13680</position><in_Quantity.quantity>0.000000</in_Quantity.quantity><out_Quantity.quantity>550.913374</out_Quantity.quantity></Point><Point><position>13681</position><in_Quantity.quantity>0.000000</in_Quantity.quantity><out_Quantity.quantity>908.803093</out_Quantity.quantity></Point><Point><position>13682</position><in_Quantity.quantity>0.000000</in_Quantity.quantity><out_Quantity.quantity>242.246895</out_Quantity.quantity></Point><Point><position>13683</position><in_Quantity.quantity>0.000000</in_Quantity.quantity><out_Quantity.quantity>435.027739</out_Quantity.quantity></Point><Point><position>13684</position><in_Quantity.quantity>0.000000</in_Quantity.quantity><out_Quantity.quantity>397.512110</out_Quantity.quantity></Point><Point><position>13685</position><in_Quantity.quantity>0.000000</in_Quantity.quantity><out_Quantity.quantity>457.138613</out_Quantity.quantity></Point><Point><position>13686</position><in_Quantity.quantity>0.000000</in_Quantity.quantity><out_Quantity.quantity>974.239229</out_Quantity.quantity></Point><Point><position>13687</position><in_Quantity.quantity>0.000000</in_Quantity.quantity><out_Quantity.quantity>602.490777</out_Quantity.quantity></Point><Point><position>13688</position><in_Quantity.quantity>0.000000</in_Quantity.quantity><out_Quantity.quantity>424.550119</out_Quantity.quantity></Point><Point><position>13689</position><in_Quantity.quantity>0.000000</in_Quantity.quantity><out_Quantity.quantity>17.721662</out_Quantity.quantity></Point><Point><position>13690</position><in_Quantity.quantity>0.000000</in_Quantity.quantity><out_Quantity.quantity>803.609385</out_Quantity.quantity></Point><Point><position>13691</position><in_Quantity.quantity>0.000000</in_Quantity.quantity><out_Quantity.quantity>257.176553</out_Quantity.quantity></Point><Point><position>13692</position><in_Quantity.quantity>0.000000</in_Quantity.quantity><out_Quantity.quantity>502.914400</out_Quantity.quantity></Point><Point><position>13693</position><in_Quantity.quantity>0.000000</in_Quantity.quantity><out_Quantity.quantity>77.508540</out_Quantity.quantity></Point><Point><position>13694</position><in_Quantity.quantity>0.000000</in_Quantity.quantity><out_Quantity.quantity>734.121150</out_Quantity.quantity></Point><Point><position>13695</position><in_Quantity.quantity>0.000000</in_Quantity.quantity><out_Quantity.quantity>225.975517</out_Quantity.quantity></Point><Point><position>13696</position><in_Quantity.quantity>0.000000</in_Quantity.quantity><out_Quantity.quantity>675.551627</out_Quantity.quantity></Point><Point><position>13697</position><in_Quantity.quantity>0.000000</in_Quantity.quantity><out_Quantity.quantity>977.718920</out_Quantity.quantity></Point><Point><position>13698</position><in_Quantity.quantity>0.000000</in_Quantity.quantity><out_Quantity.quantity>312.776685</out_Quantity.quantity></Point><Point><position>13699</position><in_Quantity.quantity>0.000000</in_Quantity.quantity><out_Quantity.quantity>354.430184</out_Quantity.quantity></Point><Point><position>13700</position><in_Quantity.quantity>0.000000</in_Quantity.quantity><out_Quantity.quantity>459.805840</out_Quantity.quantity></Point><Point><position>13701</position><in_Quantity.quantity>0.000000</in_Quantity.quantity><out_Quantity.quantity>904.563949</out_Quantity.quantity></Point><Point><position>13702</position><in_Quantity.quantity>0.000000</in_Quantity.quantity><out_Quantity.quantity>29.127261</out_Quantity.quantity></Point><Point><position>13703</position><in_Quantity.quantity>0.000000</in_Quantity.quantity><out_Quantity.quantity>436.167656</out_Quantity.quantity></Point><Point><position>13704</position><in_Quantity.quantity>0.000000</in_Quantity.quantity><out_Quantity.quantity>623.119316</out_Quantity.quantity></Point><Point><position>13705</position><in_Quantity.quantity>0.000000</in_Quantity.quantity><out_Quantity.quantity>309.145153</out_Quantity.quantity></Point><Point><position>13706</position><in_Quantity.quantity>0.000000</in_Quantity.quantity><out_Quantity.quantity>136.401429</out_Quantity.quantity></Point><Point><position>13707</position><in_Quantity.quantity>0.000000</in_Quantity.quantity><out_Quantity.quantity>916.509252</out_Quantity.quantity></Point><Point><position>13708</position><in_Quantity.quantity>0.000000</in_Quantity.quantity><out_Quantity.quantity>662.206462</out_Quantity.quantity></Point><Point><position>13709</position><in_Quantity.quantity>0.000000</in_Quantity.quantity><out_Quantity.quantity>944.592882</out_Quantity.quantity></Point><Point><position>13710</position><in_Quantity.quantity>0.000000</in_Quantity.quantity><out_Quantity.quantity>987.769261</out_Quantity.quantity></Point><Point><position>13711</position><in_Quantity.quantity>0.000000</in_Quantity.quantity><out_Quantity.quantity>319.129081</out_Quantity.quantity></Point><Point><position>13712</position><in_Quantity.quantity>0.000000</in_Quantity.quantity><out_Quantity.quantity>514.735195</out_Quantity.quantity></Point><Point><position>13713</position><in_Quantity.quantity>0.000000</in_Quantity.quantity><out_Quantity.quantity>903.387093</out_Quantity.quantity></Point><Point><position>13714</position><in_Quantity.quantity>0.000000</in_Quantity.quantity><out_Quantity.quantity>48.730399</out_Quantity.quantity></Point><Point><position>13715</position><in_Quantity.quantity>0.000000</in_Quantity.quantity><out_Quantity.quantity>444.742242</out_Quantity.quantity></Point><Point><position>13716</position><in_Quantity.quantity>0.000000</in_Quantity.quantity><out_Quantity.quantity>340.746952</out_Quantity.quantity></Point><Point><position>13717</position><in_Quantity.quantity>0.000000</in_Quantity.quantity><out_Quantity.quantity>411.372140</out_Quantity.quantity></Point><Point><position>13718</position><in_Quantity.quantity>0.000000</in_Quantity.quantity><out_Quantity.quantity>73.853432</out_Quantity.quantity></Point><Point><position>13719</position><in_Quantity.quantity>0.000000</in_Quantity.quantity><out_Quantity.quantity>663.970993</out_Quantity.quantity></Point><Point><position>13720</position><in_Quantity.quantity>0.000000</in_Quantity.quantity><out_Quantity.quantity>916.807972</out_Quantity.quantity></Point><Point><position>13721</position><in_Quantity.quantity>0.000000</in_Quantity.quantity><out_Quantity.quantity>419.996517</out_Quantity.quantity></Point><Point><position>13722</position><in_Quantity.quantity>0.000000</in_Quantity.quantity><out_Quantity.quantity>199.809471</out_Quantity.quantity></Point><Point><position>13723</position><in_Quantity.quantity>0.000000</in_Quantity.quantity><out_Quantity.quantity>709.844813</out_Quantity.quantity></Point><Point><position>13724</position><in_Quantity.quantity>0.000000</in_Quantity.quantity><out_Quantity.quantity>344.614837</out_Quantity.quantity></Point><Point><position>13725</position><in_Quantity.quantity>0.000000</in_Quantity.quantity><out_Quantity.quantity>257.201071</out_Quantity.quantity></Point><Point><position>13726</position><in_Quantity.quantity>0.000000</in_Quantity.quantity><out_Quantity.quantity>757.768466</out_Quantity.quantity></Point><Point><position>13727</position><in_Quantity.quantity>0.000000</in_Quantity.quantity><out_Quantity.quantity>655.755732</out_Quantity.quantity></Point><Point><position>13728</position><in_Quantity.quantity>0.000000</in_Quantity.quantity><out_Quantity.quantity>988.267392</out_Quantity.quantity></Point><Point><position>13729</position><in_Quantity.quantity>0.000000</in_Quantity.quantity><out_Quantity.quantity>232.494808</out_Quantity.quantity></Point><Point><position>13730</position><in_Quantity.quantity>0.000000</in_Quantity.quantity><out_Quantity.quantity>455.367806</out_Quantity.quantity></Point><Point><position>13731</position><in_Quantity.quantity>0.000000</in_Quantity.quantity><out_Quantity.quantity>863.624888</out_Quantity.quantity></Point><Point><position>13732</position><in_Quantity.quantity>0.000000</in_Quantity.quantity><out_Quantity.quantity>593.156362</out_Quantity.quantity></Point><Point><position>13733</position><in_Quantity.quantity>0.000000</in_Quantity.quantity><out_Quantity.quantity>969.396270</out_Quantity.quantity></Point><Point><position>13734</position><in_Quantity.quantity>0.000000</in_Quantity.quantity><out_Quantity.quantity>495.813432</out_Quantity.quantity></Point><Point><position>13735</position><in_Quantity.quantity>0.000000</in_Quantity.quantity><out_Quantity.quantity>112.732887</out_Quantity.quantity></Point><Point><position>13736</position><in_Quantity.quantity>0.000000</in_Quantity.quantity><out_Quantity.quantity>958.208234</out_Quantity.quantity></Point><Point><position>13737</position><in_Quantity.quantity>0.000000</in_Quantity.quantity><out_Quantity.quantity>587.214429</out_Quantity.quantity></Point><Point><position>13738</position><in_Quantity.quantity>0.000000</in_Quantity.quantity><out_Quantity.quantity>618.331269</out_Quantity.quantity></Point><Point><position>13739</position><in_Quantity.quantity>0.000000</in_Quantity.quantity><out_Quantity.quantity>461.534075</out_Quantity.quantity></Point><Point><position>13740</position><in_Quantity.quantity>0.000000</in_Quantity.quantity><out_Quantity.quantity>716.140881</out_Quantity.quantity></Point><Point><position>13741</position><in_Quantity.quantity>0.000000</in_Quantity.quantity><out_Quantity.quantity>236.028459</out_Quantity.quantity></Point><Point><position>13742</position><in_Quantity.quantity>0.000000</in_Quantity.quantity><out_Quantity.quantity>462.660921</out_Quantity.quantity></Point><Point><position>13743</position><in_Quantity.quantity>0.000000</in_Quantity.quantity><out_Quantity.quantity>907.528926</out_Quantity.quantity></Point><Point><position>13744</position><in_Quantity.quantity>0.000000</in_Quantity.quantity><out_Quantity.quantity>940.402536</out_Quantity.quantity></Point><Point><position>13745</position><in_Quantity.quantity>0.000000</in_Quantity.quantity><out_Quantity.quantity>411.444502</out_Quantity.quantity></Point><Point><position>13746</position><in_Quantity.quantity>0.000000</in_Quantity.quantity><out_Quantity.quantity>465.185971</out_Quantity.quantity></Point><Point><position>13747</position><in_Quantity.quantity>0.000000</in_Quantity.quantity><out_Quantity.quantity>599.202855</out_Quantity.quantity></Point><Point><position>13748</position><in_Quantity.quantity>0.000000</in_Quantity.quantity><out_Quantity.quantity>567.860410</out_Quantity.quantity></Point><Point><position>13749</position><in_Quantity.quantity>0.000000</in_Quantity.quantity><out_Quantity.quantity>793.097861</out_Quantity.quantity></Point><Point><position>13750</position><in_Quantity.quantity>0.000000</in_Quantity.quantity><out_Quantity.quantity>989.982245</out_Quantity.quantity></Point><Point><position>13751</position><in_Quantity.quantity>0.000000</in_Quantity.quantity><out_Quantity.quantity>561.078261</out_Quantity.quantity></Point><Point><position>13752</position><in_Quantity.quantity>0.000000</in_Quantity.quantity><out_Quantity.quantity>854.648472</out_Quantity.quantity></Point><Point><position>13753</position><in_Quantity.quantity>0.000000</in_Quantity.quantity><out_Quantity.quantity>119.278422</out_Quantity.quantity></Point><Point><position>13754</position><in_Quantity.quantity>0.000000</in_Quantity.quantity><out_Quantity.quantity>915.677303</out_Quantity.quantity></Point><Point><position>13755</position><in_Quantity.quantity>0.000000</in_Quantity.quantity><out_Quantity.quantity>0.425579</out_Quantity.quantity></Point><Point><position>13756</position><in_Quantity.quantity>0.000000</in_Quantity.quantity><out_Quantity.quantity>517.386063</out_Quantity.quantity></Point><Point><position>13757</position><in_Quantity.quantity>0.000000</in_Quantity.quantity><out_Quantity.quantity>38.223318</out_Quantity.quantity></Point><Point><position>13758</position><in_Quantity.quantity>0.000000</in_Quantity.quantity><out_Quantity.quantity>330.868210</out_Quantity.quantity></Point><Point><position>13759</position><in_Quantity.quantity>0.000000</in_Quantity.quantity><out_Quantity.quantity>545.161528</out_Quantity.quantity></Point><Point><position>13760</position><in_Quantity.quantity>0.000000</in_Quantity.quantity><out_Quantity.quantity>609.633777</out_Quantity.quantity></Point><Point><position>13761</position><in_Quantity.quantity>0.000000</in_Quantity.quantity><out_Quantity.quantity>150.382273</out_Quantity.quantity></Point><Point><position>13762</position><in_Quantity.quantity>0.000000</in_Quantity.quantity><out_Quantity.quantity>830.111990</out_Quantity.quantity></Point><Point><position>13763</position><in_Quantity.quantity>0.000000</in_Quantity.quantity><out_Quantity.quantity>172.120411</out_Quantity.quantity></Point><Point><position>13764</position><in_Quantity.quantity>0.000000</in_Quantity.quantity><out_Quantity.quantity>64.251195</out_Quantity.quantity></Point><Point><position>13765</position><in_Quantity.quantity>0.000000</in_Quantity.quantity><out_Quantity.quantity>186.965345</out_Quantity.quantity></Point><Point><position>13766</position><in_Quantity.quantity>0.000000</in_Quantity.quantity><out_Quantity.quantity>43.488511</out_Quantity.quantity></Point><Point><position>13767</position><in_Quantity.quantity>0.000000</in_Quantity.quantity><out_Quantity.quantity>317.368050</out_Quantity.quantity></Point><Point><position>13768</position><in_Quantity.quantity>0.000000</in_Quantity.quantity><out_Quantity.quantity>462.568117</out_Quantity.quantity></Point><Point><position>13769</position><in_Quantity.quantity>0.000000</in_Quantity.quantity><out_Quantity.quantity>831.864915</out_Quantity.quantity></Point><Point><position>13770</position><in_Quantity.quantity>0.000000</in_Quantity.quantity><out_Quantity.quantity>832.759407</out_Quantity.quantity></Point><Point><position>13771</position><in_Quantity.quantity>0.000000</in_Quantity.quantity><out_Quantity.quantity>728.315981</out_Quantity.quantity></Point><Point><position>13772</position><in_Quantity.quantity>0.000000</in_Quantity.quantity><out_Quantity.quantity>891.577459</out_Quantity.quantity></Point><Point><position>13773</position><in_Quantity.quantity>0.000000</in_Quantity.quantity><out_Quantity.quantity>918.784821</out_Quantity.quantity></Point><Point><position>13774</position><in_Quantity.quantity>0.000000</in_Quantity.quantity><out_Quantity.quantity>400.736982</out_Quantity.quantity></Point><Point><position>13775</position><in_Quantity.quantity>0.000000</in_Quantity.quantity><out_Quantity.quantity>543.068291</out_Quantity.quantity></Point><Point><position>13776</position><in_Quantity.quantity>0.000000</in_Quantity.quantity><out_Quantity.quantity>669.171158</out_Quantity.quantity></Point><Point><position>13777</position><in_Quantity.quantity>0.000000</in_Quantity.quantity><out_Quantity.quantity>786.582314</out_Quantity.quantity></Point><Point><position>13778</position><in_Quantity.quantity>0.000000</in_Quantity.quantity><out_Quantity.quantity>839.427955</out_Quantity.quantity></Point><Point><position>13779</position><in_Quantity.quantity>0.000000</in_Quantity.quantity><out_Quantity.quantity>735.617367</out_Quantity.quantity></Point><Point><position>13780</position><in_Quantity.quantity>0.000000</in_Quantity.quantity><out_Quantity.quantity>515.190195</out_Quantity.quantity></Point><Point><position>13781</position><in_Quantity.quantity>0.000000</in_Quantity.quantity><out_Quantity.quantity>544.804776</out_Quantity.quantity></Point><Point><position>13782</position><in_Quantity.quantity>0.000000</in_Quantity.quantity><out_Quantity.quantity>703.308586</out_Quantity.quantity></Point><Point><position>13783</position><in_Quantity.quantity>0.000000</in_Quantity.quantity><out_Quantity.quantity>49.729499</out_Quantity.quantity></Point><Point><position>13784</position><in_Quantity.quantity>0.000000</in_Quantity.quantity><out_Quantity.quantity>301.674699</out_Quantity.quantity></Point><Point><position>13785</position><in_Quantity.quantity>0.000000</in_Quantity.quantity><out_Quantity.quantity>990.898955</out_Quantity.quantity></Point><Point><position>13786</position><in_Quantity.quantity>0.000000</in_Quantity.quantity><out_Quantity.quantity>155.081971</out_Quantity.quantity></Point><Point><position>13787</position><in_Quantity.quantity>0.000000</in_Quantity.quantity><out_Quantity.quantity>31.438268</out_Quantity.quantity></Point><Point><position>13788</position><in_Quantity.quantity>0.000000</in_Quantity.quantity><out_Quantity.quantity>222.976035</out_Quantity.quantity></Point><Point><position>13789</position><in_Quantity.quantity>0.000000</in_Quantity.quantity><out_Quantity.quantity>40.524855</out_Quantity.quantity></Point><Point><position>13790</position><in_Quantity.quantity>0.000000</in_Quantity.quantity><out_Quantity.quantity>553.361518</out_Quantity.quantity></Point><Point><position>13791</position><in_Quantity.quantity>0.000000</in_Quantity.quantity><out_Quantity.quantity>41.578746</out_Quantity.quantity></Point><Point><position>13792</position><in_Quantity.quantity>0.000000</in_Quantity.quantity><out_Quantity.quantity>716.160822</out_Quantity.quantity></Point><Point><position>13793</position><in_Quantity.quantity>0.000000</in_Quantity.quantity><out_Quantity.quantity>949.495324</out_Quantity.quantity></Point><Point><position>13794</position><in_Quantity.quantity>0.000000</in_Quantity.quantity><out_Quantity.quantity>741.284225</out_Quantity.quantity></Point><Point><position>13795</position><in_Quantity.quantity>0.000000</in_Quantity.quantity><out_Quantity.quantity>58.052887</out_Quantity.quantity></Point><Point><position>13796</position><in_Quantity.quantity>0.000000</in_Quantity.quantity><out_Quantity.quantity>243.172329</out_Quantity.quantity></Point><Point><position>13797</position><in_Quantity.quantity>0.000000</in_Quantity.quantity><out_Quantity.quantity>975.336786</out_Quantity.quantity></Point><Point><position>13798</position><in_Quantity.quantity>0.000000</in_Quantity.quantity><out_Quantity.quantity>653.252792</out_Quantity.quantity></Point><Point><position>13799</position><in_Quantity.quantity>0.000000</in_Quantity.quantity><out_Quantity.quantity>341.415628</out_Quantity.quantity></Point><Point><position>13800</position><in_Quantity.quantity>0.000000</in_Quantity.quantity><out_Quantity.quantity>522.188836</out_Quantity.quantity></Point><Point><position>13801</position><in_Quantity.quantity>0.000000</in_Quantity.quantity><out_Quantity.quantity>860.682960</out_Quantity.quantity></Point><Point><position>13802</position><in_Quantity.quantity>0.000000</in_Quantity.quantity><out_Quantity.quantity>953.744682</out_Quantity.quantity></Point><Point><position>13803</position><in_Quantity.quantity>0.000000</in_Quantity.quantity><out_Quantity.quantity>865.409044</out_Quantity.quantity></Point><Point><position>13804</position><in_Quantity.quantity>0.000000</in_Quantity.quantity><out_Quantity.quantity>368.623257</out_Quantity.quantity></Point><Point><position>13805</position><in_Quantity.quantity>0.000000</in_Quantity.quantity><out_Quantity.quantity>896.193058</out_Quantity.quantity></Point><Point><position>13806</position><in_Quantity.quantity>0.000000</in_Quantity.quantity><out_Quantity.quantity>4.741194</out_Quantity.quantity></Point><Point><position>13807</position><in_Quantity.quantity>0.000000</in_Quantity.quantity><out_Quantity.quantity>469.748729</out_Quantity.quantity></Point><Point><position>13808</position><in_Quantity.quantity>0.000000</in_Quantity.quantity><out_Quantity.quantity>212.103521</out_Quantity.quantity></Point><Point><position>13809</position><in_Quantity.quantity>0.000000</in_Quantity.quantity><out_Quantity.quantity>356.336040</out_Quantity.quantity></Point><Point><position>13810</position><in_Quantity.quantity>0.000000</in_Quantity.quantity><out_Quantity.quantity>436.144042</out_Quantity.quantity></Point><Point><position>13811</position><in_Quantity.quantity>0.000000</in_Quantity.quantity><out_Quantity.quantity>668.644975</out_Quantity.quantity></Point><Point><position>13812</position><in_Quantity.quantity>0.000000</in_Quantity.quantity><out_Quantity.quantity>919.775688</out_Quantity.quantity></Point><Point><position>13813</position><in_Quantity.quantity>0.000000</in_Quantity.quantity><out_Quantity.quantity>979.864088</out_Quantity.quantity></Point><Point><position>13814</position><in_Quantity.quantity>0.000000</in_Quantity.quantity><out_Quantity.quantity>739.181426</out_Quantity.quantity></Point><Point><position>13815</position><in_Quantity.quantity>0.000000</in_Quantity.quantity><out_Quantity.quantity>675.588850</out_Quantity.quantity></Point><Point><position>13816</position><in_Quantity.quantity>0.000000</in_Quantity.quantity><out_Quantity.quantity>191.697562</out_Quantity.quantity></Point><Point><position>13817</position><in_Quantity.quantity>0.000000</in_Quantity.quantity><out_Quantity.quantity>908.201453</out_Quantity.quantity></Point><Point><position>13818</position><in_Quantity.quantity>0.000000</in_Quantity.quantity><out_Quantity.quantity>666.772277</out_Quantity.quantity></Point><Point><position>13819</position><in_Quantity.quantity>0.000000</in_Quantity.quantity><out_Quantity.quantity>259.583611</out_Quantity.quantity></Point><Point><position>13820</position><in_Quantity.quantity>0.000000</in_Quantity.quantity><out_Quantity.quantity>436.706810</out_Quantity.quantity></Point><Point><position>13821</position><in_Quantity.quantity>0.000000</in_Quantity.quantity><out_Quantity.quantity>835.743048</out_Quantity.quantity></Point><Point><position>13822</position><in_Quantity.quantity>0.000000</in_Quantity.quantity><out_Quantity.quantity>686.909436</out_Quantity.quantity></Point><Point><position>13823</position><in_Quantity.quantity>0.000000</in_Quantity.quantity><out_Quantity.quantity>888.799231</out_Quantity.quantity></Point><Point><position>13824</position><in_Quantity.quantity>0.000000</in_Quantity.quantity><out_Quantity.quantity>309.877916</out_Quantity.quantity></Point><Point><position>13825</position><in_Quantity.quantity>0.000000</in_Quantity.quantity><out_Quantity.quantity>703.421507</out_Quantity.quantity></Point><Point><position>13826</position><in_Quantity.quantity>0.000000</in_Quantity.quantity><out_Quantity.quantity>714.224232</out_Quantity.quantity></Point><Point><position>13827</position><in_Quantity.quantity>0.000000</in_Quantity.quantity><out_Quantity.quantity>979.556541</out_Quantity.quantity></Point><Point><position>13828</position><in_Quantity.quantity>0.000000</in_Quantity.quantity><out_Quantity.quantity>694.785490</out_Quantity.quantity></Point><Point><position>13829</position><in_Quantity.quantity>0.000000</in_Quantity.quantity><out_Quantity.quantity>529.474643</out_Quantity.quantity></Point><Point><position>13830</position><in_Quantity.quantity>0.000000</in_Quantity.quantity><out_Quantity.quantity>354.233589</out_Quantity.quantity></Point><Point><position>13831</position><in_Quantity.quantity>0.000000</in_Quantity.quantity><out_Quantity.quantity>868.186923</out_Quantity.quantity></Point><Point><position>13832</position><in_Quantity.quantity>0.000000</in_Quantity.quantity><out_Quantity.quantity>711.060418</out_Quantity.quantity></Point><Point><position>13833</position><in_Quantity.quantity>0.000000</in_Quantity.quantity><out_Quantity.quantity>470.169177</out_Quantity.quantity></Point><Point><position>13834</position><in_Quantity.quantity>0.000000</in_Quantity.quantity><out_Quantity.quantity>202.155159</out_Quantity.quantity></Point><Point><position>13835</position><in_Quantity.quantity>0.000000</in_Quantity.quantity><out_Quantity.quantity>661.721598</out_Quantity.quantity></Point><Point><position>13836</position><in_Quantity.quantity>0.000000</in_Quantity.quantity><out_Quantity.quantity>381.436411</out_Quantity.quantity></Point><Point><position>13837</position><in_Quantity.quantity>0.000000</in_Quantity.quantity><out_Quantity.quantity>804.396336</out_Quantity.quantity></Point><Point><position>13838</position><in_Quantity.quantity>0.000000</in_Quantity.quantity><out_Quantity.quantity>153.688968</out_Quantity.quantity></Point><Point><position>13839</position><in_Quantity.quantity>0.000000</in_Quantity.quantity><out_Quantity.quantity>752.611513</out_Quantity.quantity></Point><Point><position>13840</position><in_Quantity.quantity>0.000000</in_Quantity.quantity><out_Quantity.quantity>759.230666</out_Quantity.quantity></Point><Point><position>13841</position><in_Quantity.quantity>0.000000</in_Quantity.quantity><out_Quantity.quantity>703.254362</out_Quantity.quantity></Point><Point><position>13842</position><in_Quantity.quantity>0.000000</in_Quantity.quantity><out_Quantity.quantity>804.456064</out_Quantity.quantity></Point><Point><position>13843</position><in_Quantity.quantity>0.000000</in_Quantity.quantity><out_Quantity.quantity>154.710241</out_Quantity.quantity></Point><Point><position>13844</position><in_Quantity.quantity>0.000000</in_Quantity.quantity><out_Quantity.quantity>403.158305</out_Quantity.quantity></Point><Point><position>13845</position><in_Quantity.quantity>0.000000</in_Quantity.quantity><out_Quantity.quantity>898.532171</out_Quantity.quantity></Point><Point><position>13846</position><in_Quantity.quantity>0.000000</in_Quantity.quantity><out_Quantity.quantity>396.500284</out_Quantity.quantity></Point><Point><position>13847</position><in_Quantity.quantity>0.000000</in_Quantity.quantity><out_Quantity.quantity>40.432230</out_Quantity.quantity></Point><Point><position>13848</position><in_Quantity.quantity>0.000000</in_Quantity.quantity><out_Quantity.quantity>255.582919</out_Quantity.quantity></Point><Point><position>13849</position><in_Quantity.quantity>0.000000</in_Quantity.quantity><out_Quantity.quantity>862.209415</out_Quantity.quantity></Point><Point><position>13850</position><in_Quantity.quantity>0.000000</in_Quantity.quantity><out_Quantity.quantity>367.785688</out_Quantity.quantity></Point><Point><position>13851</position><in_Quantity.quantity>0.000000</in_Quantity.quantity><out_Quantity.quantity>518.094277</out_Quantity.quantity></Point><Point><position>13852</position><in_Quantity.quantity>0.000000</in_Quantity.quantity><out_Quantity.quantity>751.543539</out_Quantity.quantity></Point><Point><position>13853</position><in_Quantity.quantity>0.000000</in_Quantity.quantity><out_Quantity.quantity>364.149906</out_Quantity.quantity></Point><Point><position>13854</position><in_Quantity.quantity>0.000000</in_Quantity.quantity><out_Quantity.quantity>662.370717</out_Quantity.quantity></Point><Point><position>13855</position><in_Quantity.quantity>0.000000</in_Quantity.quantity><out_Quantity.quantity>803.493052</out_Quantity.quantity></Point><Point><position>13856</position><in_Quantity.quantity>0.000000</in_Quantity.quantity><out_Quantity.quantity>397.538061</out_Quantity.quantity></Point><Point><position>13857</position><in_Quantity.quantity>0.000000</in_Quantity.quantity><out_Quantity.quantity>286.473486</out_Quantity.quantity></Point><Point><position>13858</position><in_Quantity.quantity>0.000000</in_Quantity.quantity><out_Quantity.quantity>126.223463</out_Quantity.quantity></Point><Point><position>13859</position><in_Quantity.quantity>0.000000</in_Quantity.quantity><out_Quantity.quantity>15.284654</out_Quantity.quantity></Point><Point><position>13860</position><in_Quantity.quantity>0.000000</in_Quantity.quantity><out_Quantity.quantity>895.079171</out_Quantity.quantity></Point><Point><position>13861</position><in_Quantity.quantity>0.000000</in_Quantity.quantity><out_Quantity.quantity>953.423708</out_Quantity.quantity></Point><Point><position>13862</position><in_Quantity.quantity>0.000000</in_Quantity.quantity><out_Quantity.quantity>166.675695</out_Quantity.quantity></Point><Point><position>13863</position><in_Quantity.quantity>0.000000</in_Quantity.quantity><out_Quantity.quantity>145.377304</out_Quantity.quantity></Point><Point><position>13864</position><in_Quantity.quantity>0.000000</in_Quantity.quantity><out_Quantity.quantity>19.031153</out_Quantity.quantity></Point><Point><position>13865</position><in_Quantity.quantity>0.000000</in_Quantity.quantity><out_Quantity.quantity>465.445060</out_Quantity.quantity></Point><Point><position>13866</position><in_Quantity.quantity>0.000000</in_Quantity.quantity><out_Quantity.quantity>244.259720</out_Quantity.quantity></Point><Point><position>13867</position><in_Quantity.quantity>0.000000</in_Quantity.quantity><out_Quantity.quantity>240.396449</out_Quantity.quantity></Point><Point><position>13868</position><in_Quantity.quantity>0.000000</in_Quantity.quantity><out_Quantity.quantity>534.415674</out_Quantity.quantity></Point><Point><position>13869</position><in_Quantity.quantity>0.000000</in_Quantity.quantity><out_Quantity.quantity>897.581927</out_Quantity.quantity></Point><Point><position>13870</position><in_Quantity.quantity>0.000000</in_Quantity.quantity><out_Quantity.quantity>783.160672</out_Quantity.quantity></Point><Point><position>13871</position><in_Quantity.quantity>0.000000</in_Quantity.quantity><out_Quantity.quantity>318.765207</out_Quantity.quantity></Point><Point><position>13872</position><in_Quantity.quantity>0.000000</in_Quantity.quantity><out_Quantity.quantity>922.713177</out_Quantity.quantity></Point><Point><position>13873</position><in_Quantity.quantity>0.000000</in_Quantity.quantity><out_Quantity.quantity>419.985906</out_Quantity.quantity></Point><Point><position>13874</position><in_Quantity.quantity>0.000000</in_Quantity.quantity><out_Quantity.quantity>221.028841</out_Quantity.quantity></Point><Point><position>13875</position><in_Quantity.quantity>0.000000</in_Quantity.quantity><out_Quantity.quantity>745.115906</out_Quantity.quantity></Point><Point><position>13876</position><in_Quantity.quantity>0.000000</in_Quantity.quantity><out_Quantity.quantity>140.503222</out_Quantity.quantity></Point><Point><position>13877</position><in_Quantity.quantity>0.000000</in_Quantity.quantity><out_Quantity.quantity>846.342773</out_Quantity.quantity></Point><Point><position>13878</position><in_Quantity.quantity>0.000000</in_Quantity.quantity><out_Quantity.quantity>130.793154</out_Quantity.quantity></Point><Point><position>13879</position><in_Quantity.quantity>0.000000</in_Quantity.quantity><out_Quantity.quantity>220.058465</out_Quantity.quantity></Point><Point><position>13880</position><in_Quantity.quantity>0.000000</in_Quantity.quantity><out_Quantity.quantity>234.811155</out_Quantity.quantity></Point><Point><position>13881</position><in_Quantity.quantity>0.000000</in_Quantity.quantity><out_Quantity.quantity>877.297039</out_Quantity.quantity></Point><Point><position>13882</position><in_Quantity.quantity>0.000000</in_Quantity.quantity><out_Quantity.quantity>148.957531</out_Quantity.quantity></Point><Point><position>13883</position><in_Quantity.quantity>0.000000</in_Quantity.quantity><out_Quantity.quantity>625.479222</out_Quantity.quantity></Point><Point><position>13884</position><in_Quantity.quantity>0.000000</in_Quantity.quantity><out_Quantity.quantity>905.702104</out_Quantity.quantity></Point><Point><position>13885</position><in_Quantity.quantity>0.000000</in_Quantity.quantity><out_Quantity.quantity>868.764829</out_Quantity.quantity></Point><Point><position>13886</position><in_Quantity.quantity>0.000000</in_Quantity.quantity><out_Quantity.quantity>958.467369</out_Quantity.quantity></Point><Point><position>13887</position><in_Quantity.quantity>0.000000</in_Quantity.quantity><out_Quantity.quantity>554.975838</out_Quantity.quantity></Point><Point><position>13888</position><in_Quantity.quantity>0.000000</in_Quantity.quantity><out_Quantity.quantity>942.981107</out_Quantity.quantity></Point><Point><position>13889</position><in_Quantity.quantity>0.000000</in_Quantity.quantity><out_Quantity.quantity>209.317030</out_Quantity.quantity></Point><Point><position>13890</position><in_Quantity.quantity>0.000000</in_Quantity.quantity><out_Quantity.quantity>944.284031</out_Quantity.quantity></Point><Point><position>13891</position><in_Quantity.quantity>0.000000</in_Quantity.quantity><out_Quantity.quantity>269.237826</out_Quantity.quantity></Point><Point><position>13892</position><in_Quantity.quantity>0.000000</in_Quantity.quantity><out_Quantity.quantity>756.230748</out_Quantity.quantity></Point><Point><position>13893</position><in_Quantity.quantity>0.000000</in_Quantity.quantity><out_Quantity.quantity>597.346311</out_Quantity.quantity></Point><Point><position>13894</position><in_Quantity.quantity>0.000000</in_Quantity.quantity><out_Quantity.quantity>407.539444</out_Quantity.quantity></Point><Point><position>13895</position><in_Quantity.quantity>0.000000</in_Quantity.quantity><out_Quantity.quantity>97.736584</out_Quantity.quantity></Point><Point><position>13896</position><in_Quantity.quantity>0.000000</in_Quantity.quantity><out_Quantity.quantity>394.304549</out_Quantity.quantity></Point><Point><position>13897</position><in_Quantity.quantity>0.000000</in_Quantity.quantity><out_Quantity.quantity>65.749389</out_Quantity.quantity></Point><Point><position>13898</position><in_Quantity.quantity>0.000000</in_Quantity.quantity><out_Quantity.quantity>454.595832</out_Quantity.quantity></Point><Point><position>13899</position><in_Quantity.quantity>0.000000</in_Quantity.quantity><out_Quantity.quantity>292.760007</out_Quantity.quantity></Point><Point><position>13900</position><in_Quantity.quantity>0.000000</in_Quantity.quantity><out_Quantity.quantity>729.350098</out_Quantity.quantity></Point><Point><position>13901</position><in_Quantity.quantity>0.000000</in_Quantity.quantity><out_Quantity.quantity>400.715952</out_Quantity.quantity></Point><Point><position>13902</position><in_Quantity.quantity>0.000000</in_Quantity.quantity><out_Quantity.quantity>903.790857</out_Quantity.quantity></Point><Point><position>13903</position><in_Quantity.quantity>0.000000</in_Quantity.quantity><out_Quantity.quantity>457.094841</out_Quantity.quantity></Point><Point><position>13904</position><in_Quantity.quantity>0.000000</in_Quantity.quantity><out_Quantity.quantity>332.513134</out_Quantity.quantity></Point><Point><position>13905</position><in_Quantity.quantity>0.000000</in_Quantity.quantity><out_Quantity.quantity>529.865761</out_Quantity.quantity></Point><Point><position>13906</position><in_Quantity.quantity>0.000000</in_Quantity.quantity><out_Quantity.quantity>585.805266</out_Quantity.quantity></Point><Point><position>13907</position><in_Quantity.quantity>0.000000</in_Quantity.quantity><out_Quantity.quantity>932.210606</out_Quantity.quantity></Point><Point><position>13908</position><in_Quantity.quantity>0.000000</in_Quantity.quantity><out_Quantity.quantity>767.460859</out_Quantity.quantity></Point><Point><position>13909</position><in_Quantity.quantity>0.000000</in_Quantity.quantity><out_Quantity.quantity>789.940130</out_Quantity.quantity></Point><Point><position>13910</position><in_Quantity.quantity>0.000000</in_Quantity.quantity><out_Quantity.quantity>233.853175</out_Quantity.quantity></Point><Point><position>13911</position><in_Quantity.quantity>0.000000</in_Quantity.quantity><out_Quantity.quantity>169.981920</out_Quantity.quantity></Point><Point><position>13912</position><in_Quantity.quantity>0.000000</in_Quantity.quantity><out_Quantity.quantity>656.111645</out_Quantity.quantity></Point><Point><position>13913</position><in_Quantity.quantity>0.000000</in_Quantity.quantity><out_Quantity.quantity>675.375173</out_Quantity.quantity></Point><Point><position>13914</position><in_Quantity.quantity>0.000000</in_Quantity.quantity><out_Quantity.quantity>825.109324</out_Quantity.quantity></Point><Point><position>13915</position><in_Quantity.quantity>0.000000</in_Quantity.quantity><out_Quantity.quantity>233.528211</out_Quantity.quantity></Point><Point><position>13916</position><in_Quantity.quantity>0.000000</in_Quantity.quantity><out_Quantity.quantity>186.542845</out_Quantity.quantity></Point><Point><position>13917</position><in_Quantity.quantity>0.000000</in_Quantity.quantity><out_Quantity.quantity>55.147711</out_Quantity.quantity></Point><Point><position>13918</position><in_Quantity.quantity>0.000000</in_Quantity.quantity><out_Quantity.quantity>724.405509</out_Quantity.quantity></Point><Point><position>13919</position><in_Quantity.quantity>0.000000</in_Quantity.quantity><out_Quantity.quantity>966.383782</out_Quantity.quantity></Point><Point><position>13920</position><in_Quantity.quantity>0.000000</in_Quantity.quantity><out_Quantity.quantity>849.950518</out_Quantity.quantity></Point><Point><position>13921</position><in_Quantity.quantity>0.000000</in_Quantity.quantity><out_Quantity.quantity>689.066807</out_Quantity.quantity></Point><Point><position>13922</position><in_Quantity.quantity>0.000000</in_Quantity.quantity><out_Quantity.quantity>750.990714</out_Quantity.quantity></Point><Point><position>13923</position><in_Quantity.quantity>0.000000</in_Quantity.quantity><out_Quantity.quantity>944.189166</out_Quantity.quantity></Point><Point><position>13924</position><in_Quantity.quantity>0.000000</in_Quantity.quantity><out_Quantity.quantity>41.487598</out_Quantity.quantity></Point><Point><position>13925</position><in_Quantity.quantity>0.000000</in_Quantity.quantity><out_Quantity.quantity>308.868096</out_Quantity.quantity></Point><Point><position>13926</position><in_Quantity.quantity>0.000000</in_Quantity.quantity><out_Quantity.quantity>771.626145</out_Quantity.quantity></Point><Point><position>13927</position><in_Quantity.quantity>0.000000</in_Quantity.quantity><out_Quantity.quantity>181.909007</out_Quantity.quantity></Point><Point><position>13928</position><in_Quantity.quantity>0.000000</in_Quantity.quantity><out_Quantity.quantity>92.003004</out_Quantity.quantity></Point><Point><position>13929</position><in_Quantity.quantity>0.000000</in_Quantity.quantity><out_Quantity.quantity>990.692937</out_Quantity.quantity></Point><Point><position>13930</position><in_Quantity.quantity>0.000000</in_Quantity.quantity><out_Quantity.quantity>657.424326</out_Quantity.quantity></Point><Point><position>13931</position><in_Quantity.quantity>0.000000</in_Quantity.quantity><out_Quantity.quantity>616.550173</out_Quantity.quantity></Point><Point><position>13932</position><in_Quantity.quantity>0.000000</in_Quantity.quantity><out_Quantity.quantity>386.535880</out_Quantity.quantity></Point><Point><position>13933</position><in_Quantity.quantity>0.000000</in_Quantity.quantity><out_Quantity.quantity>556.757805</out_Quantity.quantity></Point><Point><position>13934</position><in_Quantity.quantity>0.000000</in_Quantity.quantity><out_Quantity.quantity>534.856549</out_Quantity.quantity></Point><Point><position>13935</position><in_Quantity.quantity>0.000000</in_Quantity.quantity><out_Quantity.quantity>944.610983</out_Quantity.quantity></Point><Point><position>13936</position><in_Quantity.quantity>0.000000</in_Quantity.quantity><out_Quantity.quantity>312.532445</out_Quantity.quantity></Point><Point><position>13937</position><in_Quantity.quantity>0.000000</in_Quantity.quantity><out_Quantity.quantity>511.286251</out_Quantity.quantity></Point><Point><position>13938</position><in_Quantity.quantity>0.000000</in_Quantity.quantity><out_Quantity.quantity>244.089428</out_Quantity.quantity></Point><Point><position>13939</position><in_Quantity.quantity>0.000000</in_Quantity.quantity><out_Quantity.quantity>530.864433</out_Quantity.quantity></Point><Point><position>13940</position><in_Quantity.quantity>0.000000</in_Quantity.quantity><out_Quantity.quantity>334.406396</out_Quantity.quantity></Point><Point><position>13941</position><in_Quantity.quantity>0.000000</in_Quantity.quantity><out_Quantity.quantity>122.422201</out_Quantity.quantity></Point><Point><position>13942</position><in_Quantity.quantity>0.000000</in_Quantity.quantity><out_Quantity.quantity>104.879514</out_Quantity.quantity></Point><Point><position>13943</position><in_Quantity.quantity>0.000000</in_Quantity.quantity><out_Quantity.quantity>2.823401</out_Quantity.quantity></Point><Point><position>13944</position><in_Quantity.quantity>0.000000</in_Quantity.quantity><out_Quantity.quantity>784.684025</out_Quantity.quantity></Point><Point><position>13945</position><in_Quantity.quantity>0.000000</in_Quantity.quantity><out_Quantity.quantity>774.015962</out_Quantity.quantity></Point><Point><position>13946</position><in_Quantity.quantity>0.000000</in_Quantity.quantity><out_Quantity.quantity>661.879552</out_Quantity.quantity></Point><Point><position>13947</position><in_Quantity.quantity>0.000000</in_Quantity.quantity><out_Quantity.quantity>993.363623</out_Quantity.quantity></Point><Point><position>13948</position><in_Quantity.quantity>0.000000</in_Quantity.quantity><out_Quantity.quantity>42.844539</out_Quantity.quantity></Point><Point><position>13949</position><in_Quantity.quantity>0.000000</in_Quantity.quantity><out_Quantity.quantity>141.994003</out_Quantity.quantity></Point><Point><position>13950</position><in_Quantity.quantity>0.000000</in_Quantity.quantity><out_Quantity.quantity>217.748704</out_Quantity.quantity></Point><Point><position>13951</position><in_Quantity.quantity>0.000000</in_Quantity.quantity><out_Quantity.quantity>892.267637</out_Quantity.quantity></Point><Point><position>13952</position><in_Quantity.quantity>0.000000</in_Quantity.quantity><out_Quantity.quantity>939.272567</out_Quantity.quantity></Point><Point><position>13953</position><in_Quantity.quantity>0.000000</in_Quantity.quantity><out_Quantity.quantity>921.452904</out_Quantity.quantity></Point><Point><position>13954</position><in_Quantity.quantity>0.000000</in_Quantity.quantity><out_Quantity.quantity>240.058363</out_Quantity.quantity></Point><Point><position>13955</position><in_Quantity.quantity>0.000000</in_Quantity.quantity><out_Quantity.quantity>239.010329</out_Quantity.quantity></Point><Point><position>13956</position><in_Quantity.quantity>0.000000</in_Quantity.quantity><out_Quantity.quantity>261.503251</out_Quantity.quantity></Point><Point><position>13957</position><in_Quantity.quantity>0.000000</in_Quantity.quantity><out_Quantity.quantity>948.566057</out_Quantity.quantity></Point><Point><position>13958</position><in_Quantity.quantity>0.000000</in_Quantity.quantity><out_Quantity.quantity>14.224974</out_Quantity.quantity></Point><Point><position>13959</position><in_Quantity.quantity>0.000000</in_Quantity.quantity><out_Quantity.quantity>542.693282</out_Quantity.quantity></Point><Point><position>13960</position><in_Quantity.quantity>0.000000</in_Quantity.quantity><out_Quantity.quantity>615.256879</out_Quantity.quantity></Point><Point><position>13961</position><in_Quantity.quantity>0.000000</in_Quantity.quantity><out_Quantity.quantity>972.460466</out_Quantity.quantity></Point><Point><position>13962</position><in_Quantity.quantity>0.000000</in_Quantity.quantity><out_Quantity.quantity>702.832214</out_Quantity.quantity></Point><Point><position>13963</position><in_Quantity.quantity>0.000000</in_Quantity.quantity><out_Quantity.quantity>721.204271</out_Quantity.quantity></Point><Point><position>13964</position><in_Quantity.quantity>0.000000</in_Quantity.quantity><out_Quantity.quantity>502.752704</out_Quantity.quantity></Point><Point><position>13965</position><in_Quantity.quantity>0.000000</in_Quantity.quantity><out_Quantity.quantity>565.393786</out_Quantity.quantity></Point><Point><position>13966</position><in_Quantity.quantity>0.000000</in_Quantity.quantity><out_Quantity.quantity>552.897573</out_Quantity.quantity></Point><Point><position>13967</position><in_Quantity.quantity>0.000000</in_Quantity.quantity><out_Quantity.quantity>18.838580</out_Quantity.quantity></Point><Point><position>13968</position><in_Quantity.quantity>0.000000</in_Quantity.quantity><out_Quantity.quantity>184.996543</out_Quantity.quantity></Point><Point><position>13969</position><in_Quantity.quantity>0.000000</in_Quantity.quantity><out_Quantity.quantity>635.751560</out_Quantity.quantity></Point><Point><position>13970</position><in_Quantity.quantity>0.000000</in_Quantity.quantity><out_Quantity.quantity>166.389312</out_Quantity.quantity></Point><Point><position>13971</position><in_Quantity.quantity>0.000000</in_Quantity.quantity><out_Quantity.quantity>721.395563</out_Quantity.quantity></Point><Point><position>13972</position><in_Quantity.quantity>0.000000</in_Quantity.quantity><out_Quantity.quantity>328.912369</out_Quantity.quantity></Point><Point><position>13973</position><in_Quantity.quantity>0.000000</in_Quantity.quantity><out_Quantity.quantity>251.888894</out_Quantity.quantity></Point><Point><position>13974</position><in_Quantity.quantity>0.000000</in_Quantity.quantity><out_Quantity.quantity>998.612867</out_Quantity.quantity></Point><Point><position>13975</position><in_Quantity.quantity>0.000000</in_Quantity.quantity><out_Quantity.quantity>766.187565</out_Quantity.quantity></Point><Point><position>13976</position><in_Quantity.quantity>0.000000</in_Quantity.quantity><out_Quantity.quantity>301.352273</out_Quantity.quantity></Point><Point><position>13977</position><in_Quantity.quantity>0.000000</in_Quantity.quantity><out_Quantity.quantity>556.562984</out_Quantity.quantity></Point><Point><position>13978</position><in_Quantity.quantity>0.000000</in_Quantity.quantity><out_Quantity.quantity>608.420388</out_Quantity.quantity></Point><Point><position>13979</position><in_Quantity.quantity>0.000000</in_Quantity.quantity><out_Quantity.quantity>142.610831</out_Quantity.quantity></Point><Point><position>13980</position><in_Quantity.quantity>0.000000</in_Quantity.quantity><out_Quantity.quantity>469.000466</out_Quantity.quantity></Point><Point><position>13981</position><in_Quantity.quantity>0.000000</in_Quantity.quantity><out_Quantity.quantity>133.715451</out_Quantity.quantity></Point><Point><position>13982</position><in_Quantity.quantity>0.000000</in_Quantity.quantity><out_Quantity.quantity>485.730527</out_Quantity.quantity></Point><Point><position>13983</position><in_Quantity.quantity>0.000000</in_Quantity.quantity><out_Quantity.quantity>657.261814</out_Quantity.quantity></Point><Point><position>13984</position><in_Quantity.quantity>0.000000</in_Quantity.quantity><out_Quantity.quantity>455.721857</out_Quantity.quantity></Point><Point><position>13985</position><in_Quantity.quantity>0.000000</in_Quantity.quantity><out_Quantity.quantity>181.337142</out_Quantity.quantity></Point><Point><position>13986</position><in_Quantity.quantity>0.000000</in_Quantity.quantity><out_Quantity.quantity>308.913489</out_Quantity.quantity></Point><Point><position>13987</position><in_Quantity.quantity>0.000000</in_Quantity.quantity><out_Quantity.quantity>226.866371</out_Quantity.quantity></Point><Point><position>13988</position><in_Quantity.quantity>0.000000</in_Quantity.quantity><out_Quantity.quantity>28.714309</out_Quantity.quantity></Point><Point><position>13989</position><in_Quantity.quantity>0.000000</in_Quantity.quantity><out_Quantity.quantity>217.213874</out_Quantity.quantity></Point><Point><position>13990</position><in_Quantity.quantity>0.000000</in_Quantity.quantity><out_Quantity.quantity>504.873854</out_Quantity.quantity></Point><Point><position>13991</position><in_Quantity.quantity>0.000000</in_Quantity.quantity><out_Quantity.quantity>755.410687</out_Quantity.quantity></Point><Point><position>13992</position><in_Quantity.quantity>0.000000</in_Quantity.quantity><out_Quantity.quantity>749.697204</out_Quantity.quantity></Point><Point><position>13993</position><in_Quantity.quantity>0.000000</in_Quantity.quantity><out_Quantity.quantity>278.857767</out_Quantity.quantity></Point><Point><position>13994</position><in_Quantity.quantity>0.000000</in_Quantity.quantity><out_Quantity.quantity>363.468435</out_Quantity.quantity></Point><Point><position>13995</position><in_Quantity.quantity>0.000000</in_Quantity.quantity><out_Quantity.quantity>345.381833</out_Quantity.quantity></Point><Point><position>13996</position><in_Quantity.quantity>0.000000</in_Quantity.quantity><out_Quantity.quantity>145.905430</out_Quantity.quantity></Point><Point><position>13997</position><in_Quantity.quantity>0.000000</in_Quantity.quantity><out_Quantity.quantity>303.726810</out_Quantity.quantity></Point><Point><position>13998</position><in_Quantity.quantity>0.000000</in_Quantity.quantity><out_Quantity.quantity>907.802736</out_Quantity.quantity></Point><Point><position>13999</position><in_Quantity.quantity>0.000000</in_Quantity.quantity><out_Quantity.quantity>865.676454</out_Quantity.quantity></Point><Point><position>14000</position><in_Quantity.quantity>0.000000</in_Quantity.quantity><out_Quantity.quantity>115.153785</out_Quantity.quantity></Point><Point><position>14001</position><in_Quantity.quantity>0.000000</in_Quantity.quantity><out_Quantity.quantity>110.701738</out_Quantity.quantity></Point><Point><position>14002</position><in_Quantity.quantity>0.000000</in_Quantity.quantity><out_Quantity.quantity>406.239049</out_Quantity.quantity></Point><Point><position>14003</position><in_Quantity.quantity>0.000000</in_Quantity.quantity><out_Quantity.quantity>548.703993</out_Quantity.quantity></Point><Point><position>14004</position><in_Quantity.quantity>0.000000</in_Quantity.quantity><out_Quantity.quantity>38.346788</out_Quantity.quantity></Point><Point><position>14005</position><in_Quantity.quantity>0.000000</in_Quantity.quantity><out_Quantity.quantity>598.414626</out_Quantity.quantity></Point><Point><position>14006</position><in_Quantity.quantity>0.000000</in_Quantity.quantity><out_Quantity.quantity>286.942476</out_Quantity.quantity></Point><Point><position>14007</position><in_Quantity.quantity>0.000000</in_Quantity.quantity><out_Quantity.quantity>53.311252</out_Quantity.quantity></Point><Point><position>14008</position><in_Quantity.quantity>0.000000</in_Quantity.quantity><out_Quantity.quantity>243.492153</out_Quantity.quantity></Point><Point><position>14009</position><in_Quantity.quantity>0.000000</in_Quantity.quantity><out_Quantity.quantity>732.425474</out_Quantity.quantity></Point><Point><position>14010</position><in_Quantity.quantity>0.000000</in_Quantity.quantity><out_Quantity.quantity>877.586379</out_Quantity.quantity></Point><Point><position>14011</position><in_Quantity.quantity>0.000000</in_Quantity.quantity><out_Quantity.quantity>147.087576</out_Quantity.quantity></Point><Point><position>14012</position><in_Quantity.quantity>0.000000</in_Quantity.quantity><out_Quantity.quantity>434.543859</out_Quantity.quantity></Point><Point><position>14013</position><in_Quantity.quantity>0.000000</in_Quantity.quantity><out_Quantity.quantity>769.792633</out_Quantity.quantity></Point><Point><position>14014</position><in_Quantity.quantity>0.000000</in_Quantity.quantity><out_Quantity.quantity>570.830348</out_Quantity.quantity></Point><Point><position>14015</position><in_Quantity.quantity>0.000000</in_Quantity.quantity><out_Quantity.quantity>114.981762</out_Quantity.quantity></Point><Point><position>14016</position><in_Quantity.quantity>0.000000</in_Quantity.quantity><out_Quantity.quantity>213.112146</out_Quantity.quantity></Point><Point><position>14017</position><in_Quantity.quantity>0.000000</in_Quantity.quantity><out_Quantity.quantity>887.528980</out_Quantity.quantity></Point><Point><position>14018</position><in_Quantity.quantity>0.000000</in_Quantity.quantity><out_Quantity.quantity>748.403700</out_Quantity.quantity></Point><Point><position>14019</position><in_Quantity.quantity>0.000000</in_Quantity.quantity><out_Quantity.quantity>278.081007</out_Quantity.quantity></Point><Point><position>14020</position><in_Quantity.quantity>0.000000</in_Quantity.quantity><out_Quantity.quantity>984.722416</out_Quantity.quantity></Point><Point><position>14021</position><in_Quantity.quantity>0.000000</in_Quantity.quantity><out_Quantity.quantity>56.110667</out_Quantity.quantity></Point><Point><position>14022</position><in_Quantity.quantity>0.000000</in_Quantity.quantity><out_Quantity.quantity>553.240801</out_Quantity.quantity></Point><Point><position>14023</position><in_Quantity.quantity>0.000000</in_Quantity.quantity><out_Quantity.quantity>464.548915</out_Quantity.quantity></Point><Point><position>14024</position><in_Quantity.quantity>0.000000</in_Quantity.quantity><out_Quantity.quantity>148.222650</out_Quantity.quantity></Point><Point><position>14025</position><in_Quantity.quantity>0.000000</in_Quantity.quantity><out_Quantity.quantity>300.107873</out_Quantity.quantity></Point><Point><position>14026</position><in_Quantity.quantity>0.000000</in_Quantity.quantity><out_Quantity.quantity>863.871386</out_Quantity.quantity></Point><Point><position>14027</position><in_Quantity.quantity>0.000000</in_Quantity.quantity><out_Quantity.quantity>857.553287</out_Quantity.quantity></Point><Point><position>14028</position><in_Quantity.quantity>0.000000</in_Quantity.quantity><out_Quantity.quantity>260.377343</out_Quantity.quantity></Point><Point><position>14029</position><in_Quantity.quantity>0.000000</in_Quantity.quantity><out_Quantity.quantity>671.570288</out_Quantity.quantity></Point><Point><position>14030</position><in_Quantity.quantity>0.000000</in_Quantity.quantity><out_Quantity.quantity>914.761915</out_Quantity.quantity></Point><Point><position>14031</position><in_Quantity.quantity>0.000000</in_Quantity.quantity><out_Quantity.quantity>866.408894</out_Quantity.quantity></Point><Point><position>14032</position><in_Quantity.quantity>0.000000</in_Quantity.quantity><out_Quantity.quantity>190.727306</out_Quantity.quantity></Point><Point><position>14033</position><in_Quantity.quantity>0.000000</in_Quantity.quantity><out_Quantity.quantity>28.284506</out_Quantity.quantity></Point><Point><position>14034</position><in_Quantity.quantity>0.000000</in_Quantity.quantity><out_Quantity.quantity>912.474209</out_Quantity.quantity></Point><Point><position>14035</position><in_Quantity.quantity>0.000000</in_Quantity.quantity><out_Quantity.quantity>223.544209</out_Quantity.quantity></Point><Point><position>14036</position><in_Quantity.quantity>0.000000</in_Quantity.quantity><out_Quantity.quantity>263.526541</out_Quantity.quantity></Point><Point><position>14037</position><in_Quantity.quantity>0.000000</in_Quantity.quantity><out_Quantity.quantity>593.113419</out_Quantity.quantity></Point><Point><position>14038</position><in_Quantity.quantity>0.000000</in_Quantity.quantity><out_Quantity.quantity>596.846871</out_Quantity.quantity></Point><Point><position>14039</position><in_Quantity.quantity>0.000000</in_Quantity.quantity><out_Quantity.quantity>874.643231</out_Quantity.quantity></Point><Point><position>14040</position><in_Quantity.quantity>0.000000</in_Quantity.quantity><out_Quantity.quantity>206.807630</out_Quantity.quantity></Point><Point><position>14041</position><in_Quantity.quantity>0.000000</in_Quantity.quantity><out_Quantity.quantity>885.517232</out_Quantity.quantity></Point><Point><position>14042</position><in_Quantity.quantity>0.000000</in_Quantity.quantity><out_Quantity.quantity>283.937374</out_Quantity.quantity></Point><Point><position>14043</position><in_Quantity.quantity>0.000000</in_Quantity.quantity><out_Quantity.quantity>739.561463</out_Quantity.quantity></Point><Point><position>14044</position><in_Quantity.quantity>0.000000</in_Quantity.quantity><out_Quantity.quantity>297.017969</out_Quantity.quantity></Point><Point><position>14045</position><in_Quantity.quantity>0.000000</in_Quantity.quantity><out_Quantity.quantity>864.836367</out_Quantity.quantity></Point><Point><position>14046</position><in_Quantity.quantity>0.000000</in_Quantity.quantity><out_Quantity.quantity>687.728521</out_Quantity.quantity></Point><Point><position>14047</position><in_Quantity.quantity>0.000000</in_Quantity.quantity><out_Quantity.quantity>912.799021</out_Quantity.quantity></Point><Point><position>14048</position><in_Quantity.quantity>0.000000</in_Quantity.quantity><out_Quantity.quantity>48.427464</out_Quantity.quantity></Point><Point><position>14049</position><in_Quantity.quantity>0.000000</in_Quantity.quantity><out_Quantity.quantity>433.996761</out_Quantity.quantity></Point><Point><position>14050</position><in_Quantity.quantity>0.000000</in_Quantity.quantity><out_Quantity.quantity>920.954409</out_Quantity.quantity></Point><Point><position>14051</position><in_Quantity.quantity>0.000000</in_Quantity.quantity><out_Quantity.quantity>663.391690</out_Quantity.quantity></Point><Point><position>14052</position><in_Quantity.quantity>0.000000</in_Quantity.quantity><out_Quantity.quantity>256.634536</out_Quantity.quantity></Point><Point><position>14053</position><in_Quantity.quantity>0.000000</in_Quantity.quantity><out_Quantity.quantity>17.728717</out_Quantity.quantity></Point><Point><position>14054</position><in_Quantity.quantity>0.000000</in_Quantity.quantity><out_Quantity.quantity>162.585928</out_Quantity.quantity></Point><Point><position>14055</position><in_Quantity.quantity>0.000000</in_Quantity.quantity><out_Quantity.quantity>248.674898</out_Quantity.quantity></Point><Point><position>14056</position><in_Quantity.quantity>0.000000</in_Quantity.quantity><out_Quantity.quantity>416.015469</out_Quantity.quantity></Point><Point><position>14057</position><in_Quantity.quantity>0.000000</in_Quantity.quantity><out_Quantity.quantity>899.386241</out_Quantity.quantity></Point><Point><position>14058</position><in_Quantity.quantity>0.000000</in_Quantity.quantity><out_Quantity.quantity>225.733950</out_Quantity.quantity></Point><Point><position>14059</position><in_Quantity.quantity>0.000000</in_Quantity.quantity><out_Quantity.quantity>729.148963</out_Quantity.quantity></Point><Point><position>14060</position><in_Quantity.quantity>0.000000</in_Quantity.quantity><out_Quantity.quantity>337.577320</out_Quantity.quantity></Point><Point><position>14061</position><in_Quantity.quantity>0.000000</in_Quantity.quantity><out_Quantity.quantity>707.181800</out_Quantity.quantity></Point><Point><position>14062</position><in_Quantity.quantity>0.000000</in_Quantity.quantity><out_Quantity.quantity>507.525438</out_Quantity.quantity></Point><Point><position>14063</position><in_Quantity.quantity>0.000000</in_Quantity.quantity><out_Quantity.quantity>496.032853</out_Quantity.quantity></Point><Point><position>14064</position><in_Quantity.quantity>0.000000</in_Quantity.quantity><out_Quantity.quantity>790.839887</out_Quantity.quantity></Point><Point><position>14065</position><in_Quantity.quantity>0.000000</in_Quantity.quantity><out_Quantity.quantity>544.826218</out_Quantity.quantity></Point><Point><position>14066</position><in_Quantity.quantity>0.000000</in_Quantity.quantity><out_Quantity.quantity>245.130342</out_Quantity.quantity></Point><Point><position>14067</position><in_Quantity.quantity>0.000000</in_Quantity.quantity><out_Quantity.quantity>879.157470</out_Quantity.quantity></Point><Point><position>14068</position><in_Quantity.quantity>0.000000</in_Quantity.quantity><out_Quantity.quantity>38.637312</out_Quantity.quantity></Point><Point><position>14069</position><in_Quantity.quantity>0.000000</in_Quantity.quantity><out_Quantity.quantity>30.667475</out_Quantity.quantity></Point><Point><position>14070</position><in_Quantity.quantity>0.000000</in_Quantity.quantity><out_Quantity.quantity>94.049390</out_Quantity.quantity></Point><Point><position>14071</position><in_Quantity.quantity>0.000000</in_Quantity.quantity><out_Quantity.quantity>620.891890</out_Quantity.quantity></Point><Point><position>14072</position><in_Quantity.quantity>0.000000</in_Quantity.quantity><out_Quantity.quantity>246.063045</out_Quantity.quantity></Point><Point><position>14073</position><in_Quantity.quantity>0.000000</in_Quantity.quantity><out_Quantity.quantity>580.063383</out_Quantity.quantity></Point><Point><position>14074</position><in_Quantity.quantity>0.000000</in_Quantity.quantity><out_Quantity.quantity>750.103530</out_Quantity.quantity></Point><Point><position>14075</position><in_Quantity.quantity>0.000000</in_Quantity.quantity><out_Quantity.quantity>378.054564</out_Quantity.quantity></Point><Point><position>14076</position><in_Quantity.quantity>0.000000</in_Quantity.quantity><out_Quantity.quantity>397.629181</out_Quantity.quantity></Point><Point><position>14077</position><in_Quantity.quantity>0.000000</in_Quantity.quantity><out_Quantity.quantity>322.718279</out_Quantity.quantity></Point><Point><position>14078</position><in_Quantity.quantity>0.000000</in_Quantity.quantity><out_Quantity.quantity>146.343365</out_Quantity.quantity></Point><Point><position>14079</position><in_Quantity.quantity>0.000000</in_Quantity.quantity><out_Quantity.quantity>390.418115</out_Quantity.quantity></Point><Point><position>14080</position><in_Quantity.quantity>0.000000</in_Quantity.quantity><out_Quantity.quantity>655.572086</out_Quantity.quantity></Point><Point><position>14081</position><in_Quantity.quantity>0.000000</in_Quantity.quantity><out_Quantity.quantity>802.792167</out_Quantity.quantity></Point><Point><position>14082</position><in_Quantity.quantity>0.000000</in_Quantity.quantity><out_Quantity.quantity>474.672640</out_Quantity.quantity></Point><Point><position>14083</position><in_Quantity.quantity>0.000000</in_Quantity.quantity><out_Quantity.quantity>857.661020</out_Quantity.quantity></Point><Point><position>14084</position><in_Quantity.quantity>0.000000</in_Quantity.quantity><out_Quantity.quantity>540.262708</out_Quantity.quantity></Point><Point><position>14085</position><in_Quantity.quantity>0.000000</in_Quantity.quantity><out_Quantity.quantity>827.456631</out_Quantity.quantity></Point><Point><position>14086</position><in_Quantity.quantity>0.000000</in_Quantity.quantity><out_Quantity.quantity>581.962552</out_Quantity.quantity></Point><Point><position>14087</position><in_Quantity.quantity>0.000000</in_Quantity.quantity><out_Quantity.quantity>382.388440</out_Quantity.quantity></Point><Point><position>14088</position><in_Quantity.quantity>0.000000</in_Quantity.quantity><out_Quantity.quantity>120.469455</out_Quantity.quantity></Point><Point><position>14089</position><in_Quantity.quantity>0.000000</in_Quantity.quantity><out_Quantity.quantity>25.460375</out_Quantity.quantity></Point><Point><position>14090</position><in_Quantity.quantity>0.000000</in_Quantity.quantity><out_Quantity.quantity>915.535508</out_Quantity.quantity></Point><Point><position>14091</position><in_Quantity.quantity>0.000000</in_Quantity.quantity><out_Quantity.quantity>767.566443</out_Quantity.quantity></Point><Point><position>14092</position><in_Quantity.quantity>0.000000</in_Quantity.quantity><out_Quantity.quantity>13.365729</out_Quantity.quantity></Point><Point><position>14093</position><in_Quantity.quantity>0.000000</in_Quantity.quantity><out_Quantity.quantity>145.203068</out_Quantity.quantity></Point><Point><position>14094</position><in_Quantity.quantity>0.000000</in_Quantity.quantity><out_Quantity.quantity>877.174732</out_Quantity.quantity></Point><Point><position>14095</position><in_Quantity.quantity>0.000000</in_Quantity.quantity><out_Quantity.quantity>256.485042</out_Quantity.quantity></Point><Point><position>14096</position><in_Quantity.quantity>0.000000</in_Quantity.quantity><out_Quantity.quantity>411.183878</out_Quantity.quantity></Point><Point><position>14097</position><in_Quantity.quantity>0.000000</in_Quantity.quantity><out_Quantity.quantity>170.692249</out_Quantity.quantity></Point><Point><position>14098</position><in_Quantity.quantity>0.000000</in_Quantity.quantity><out_Quantity.quantity>964.485470</out_Quantity.quantity></Point><Point><position>14099</position><in_Quantity.quantity>0.000000</in_Quantity.quantity><out_Quantity.quantity>431.886136</out_Quantity.quantity></Point><Point><position>14100</position><in_Quantity.quantity>0.000000</in_Quantity.quantity><out_Quantity.quantity>101.446537</out_Quantity.quantity></Point><Point><position>14101</position><in_Quantity.quantity>0.000000</in_Quantity.quantity><out_Quantity.quantity>952.001619</out_Quantity.quantity></Point><Point><position>14102</position><in_Quantity.quantity>0.000000</in_Quantity.quantity><out_Quantity.quantity>871.206366</out_Quantity.quantity></Point><Point><position>14103</position><in_Quantity.quantity>0.000000</in_Quantity.quantity><out_Quantity.quantity>230.702714</out_Quantity.quantity></Point><Point><position>14104</position><in_Quantity.quantity>0.000000</in_Quantity.quantity><out_Quantity.quantity>99.847551</out_Quantity.quantity></Point><Point><position>14105</position><in_Quantity.quantity>0.000000</in_Quantity.quantity><out_Quantity.quantity>260.963267</out_Quantity.quantity></Point><Point><position>14106</position><in_Quantity.quantity>0.000000</in_Quantity.quantity><out_Quantity.quantity>542.434632</out_Quantity.quantity></Point><Point><position>14107</position><in_Quantity.quantity>0.000000</in_Quantity.quantity><out_Quantity.quantity>51.728689</out_Quantity.quantity></Point><Point><position>14108</position><in_Quantity.quantity>0.000000</in_Quantity.quantity><out_Quantity.quantity>883.669030</out_Quantity.quantity></Point><Point><position>14109</position><in_Quantity.quantity>0.000000</in_Quantity.quantity><out_Quantity.quantity>656.125650</out_Quantity.quantity></Point><Point><position>14110</position><in_Quantity.quantity>0.000000</in_Quantity.quantity><out_Quantity.quantity>412.400226</out_Quantity.quantity></Point><Point><position>14111</position><in_Quantity.quantity>0.000000</in_Quantity.quantity><out_Quantity.quantity>252.537664</out_Quantity.quantity></Point><Point><position>14112</position><in_Quantity.quantity>0.000000</in_Quantity.quantity><out_Quantity.quantity>357.751918</out_Quantity.quantity></Point><Point><position>14113</position><in_Quantity.quantity>0.000000</in_Quantity.quantity><out_Quantity.quantity>74.218196</out_Quantity.quantity></Point><Point><position>14114</position><in_Quantity.quantity>0.000000</in_Quantity.quantity><out_Quantity.quantity>704.025237</out_Quantity.quantity></Point><Point><position>14115</position><in_Quantity.quantity>0.000000</in_Quantity.quantity><out_Quantity.quantity>345.102833</out_Quantity.quantity></Point><Point><position>14116</position><in_Quantity.quantity>0.000000</in_Quantity.quantity><out_Quantity.quantity>211.194341</out_Quantity.quantity></Point><Point><position>14117</position><in_Quantity.quantity>0.000000</in_Quantity.quantity><out_Quantity.quantity>671.852600</out_Quantity.quantity></Point><Point><position>14118</position><in_Quantity.quantity>0.000000</in_Quantity.quantity><out_Quantity.quantity>939.342190</out_Quantity.quantity></Point><Point><position>14119</position><in_Quantity.quantity>0.000000</in_Quantity.quantity><out_Quantity.quantity>79.233720</out_Quantity.quantity></Point><Point><position>14120</position><in_Quantity.quantity>0.000000</in_Quantity.quantity><out_Quantity.quantity>737.264945</out_Quantity.quantity></Point><Point><position>14121</position><in_Quantity.quantity>0.000000</in_Quantity.quantity><out_Quantity.quantity>866.468867</out_Quantity.quantity></Point><Point><position>14122</position><in_Quantity.quantity>0.000000</in_Quantity.quantity><out_Quantity.quantity>889.785110</out_Quantity.quantity></Point><Point><position>14123</position><in_Quantity.quantity>0.000000</in_Quantity.quantity><out_Quantity.quantity>955.542263</out_Quantity.quantity></Point><Point><position>14124</position><in_Quantity.quantity>0.000000</in_Quantity.quantity><out_Quantity.quantity>447.593513</out_Quantity.quantity></Point><Point><position>14125</position><in_Quantity.quantity>0.000000</in_Quantity.quantity><out_Quantity.quantity>59.347207</out_Quantity.quantity></Point><Point><position>14126</position><in_Quantity.quantity>0.000000</in_Quantity.quantity><out_Quantity.quantity>180.096247</out_Quantity.quantity></Point><Point><position>14127</position><in_Quantity.quantity>0.000000</in_Quantity.quantity><out_Quantity.quantity>896.700229</out_Quantity.quantity></Point><Point><position>14128</position><in_Quantity.quantity>0.000000</in_Quantity.quantity><out_Quantity.quantity>310.884421</out_Quantity.quantity></Point><Point><position>14129</position><in_Quantity.quantity>0.000000</in_Quantity.quantity><out_Quantity.quantity>619.617952</out_Quantity.quantity></Point><Point><position>14130</position><in_Quantity.quantity>0.000000</in_Quantity.quantity><out_Quantity.quantity>190.824218</out_Quantity.quantity></Point><Point><position>14131</position><in_Quantity.quantity>0.000000</in_Quantity.quantity><out_Quantity.quantity>987.182329</out_Quantity.quantity></Point><Point><position>14132</position><in_Quantity.quantity>0.000000</in_Quantity.quantity><out_Quantity.quantity>724.435738</out_Quantity.quantity></Point><Point><position>14133</position><in_Quantity.quantity>0.000000</in_Quantity.quantity><out_Quantity.quantity>727.808633</out_Quantity.quantity></Point><Point><position>14134</position><in_Quantity.quantity>0.000000</in_Quantity.quantity><out_Quantity.quantity>802.268744</out_Quantity.quantity></Point><Point><position>14135</position><in_Quantity.quantity>0.000000</in_Quantity.quantity><out_Quantity.quantity>96.411013</out_Quantity.quantity></Point><Point><position>14136</position><in_Quantity.quantity>0.000000</in_Quantity.quantity><out_Quantity.quantity>723.854944</out_Quantity.quantity></Point><Point><position>14137</position><in_Quantity.quantity>0.000000</in_Quantity.quantity><out_Quantity.quantity>119.946081</out_Quantity.quantity></Point><Point><position>14138</position><in_Quantity.quantity>0.000000</in_Quantity.quantity><out_Quantity.quantity>392.306694</out_Quantity.quantity></Point><Point><position>14139</position><in_Quantity.quantity>0.000000</in_Quantity.quantity><out_Quantity.quantity>918.569148</out_Quantity.quantity></Point><Point><position>14140</position><in_Quantity.quantity>0.000000</in_Quantity.quantity><out_Quantity.quantity>663.103720</out_Quantity.quantity></Point><Point><position>14141</position><in_Quantity.quantity>0.000000</in_Quantity.quantity><out_Quantity.quantity>180.269849</out_Quantity.quantity></Point><Point><position>14142</position><in_Quantity.quantity>0.000000</in_Quantity.quantity><out_Quantity.quantity>840.180517</out_Quantity.quantity></Point><Point><position>14143</position><in_Quantity.quantity>0.000000</in_Quantity.quantity><out_Quantity.quantity>727.376113</out_Quantity.quantity></Point><Point><position>14144</position><in_Quantity.quantity>0.000000</in_Quantity.quantity><out_Quantity.quantity>138.049284</out_Quantity.quantity></Point><Point><position>14145</position><in_Quantity.quantity>0.000000</in_Quantity.quantity><out_Quantity.quantity>54.340291</out_Quantity.quantity></Point><Point><position>14146</position><in_Quantity.quantity>0.000000</in_Quantity.quantity><out_Quantity.quantity>641.495209</out_Quantity.quantity></Point><Point><position>14147</position><in_Quantity.quantity>0.000000</in_Quantity.quantity><out_Quantity.quantity>578.546256</out_Quantity.quantity></Point><Point><position>14148</position><in_Quantity.quantity>0.000000</in_Quantity.quantity><out_Quantity.quantity>144.946822</out_Quantity.quantity></Point><Point><position>14149</position><in_Quantity.quantity>0.000000</in_Quantity.quantity><out_Quantity.quantity>838.361438</out_Quantity.quantity></Point><Point><position>14150</position><in_Quantity.quantity>0.000000</in_Quantity.quantity><out_Quantity.quantity>748.155225</out_Quantity.quantity></Point><Point><position>14151</position><in_Quantity.quantity>0.000000</in_Quantity.quantity><out_Quantity.quantity>397.181553</out_Quantity.quantity></Point><Point><position>14152</position><in_Quantity.quantity>0.000000</in_Quantity.quantity><out_Quantity.quantity>715.882127</out_Quantity.quantity></Point><Point><position>14153</position><in_Quantity.quantity>0.000000</in_Quantity.quantity><out_Quantity.quantity>3.798751</out_Quantity.quantity></Point><Point><position>14154</position><in_Quantity.quantity>0.000000</in_Quantity.quantity><out_Quantity.quantity>32.335354</out_Quantity.quantity></Point><Point><position>14155</position><in_Quantity.quantity>0.000000</in_Quantity.quantity><out_Quantity.quantity>417.513584</out_Quantity.quantity></Point><Point><position>14156</position><in_Quantity.quantity>0.000000</in_Quantity.quantity><out_Quantity.quantity>757.742618</out_Quantity.quantity></Point><Point><position>14157</position><in_Quantity.quantity>0.000000</in_Quantity.quantity><out_Quantity.quantity>47.014906</out_Quantity.quantity></Point><Point><position>14158</position><in_Quantity.quantity>0.000000</in_Quantity.quantity><out_Quantity.quantity>690.817035</out_Quantity.quantity></Point><Point><position>14159</position><in_Quantity.quantity>0.000000</in_Quantity.quantity><out_Quantity.quantity>690.059353</out_Quantity.quantity></Point><Point><position>14160</position><in_Quantity.quantity>0.000000</in_Quantity.quantity><out_Quantity.quantity>655.891933</out_Quantity.quantity></Point><Point><position>14161</position><in_Quantity.quantity>0.000000</in_Quantity.quantity><out_Quantity.quantity>445.964294</out_Quantity.quantity></Point><Point><position>14162</position><in_Quantity.quantity>0.000000</in_Quantity.quantity><out_Quantity.quantity>183.969546</out_Quantity.quantity></Point><Point><position>14163</position><in_Quantity.quantity>0.000000</in_Quantity.quantity><out_Quantity.quantity>929.924963</out_Quantity.quantity></Point><Point><position>14164</position><in_Quantity.quantity>0.000000</in_Quantity.quantity><out_Quantity.quantity>687.518909</out_Quantity.quantity></Point><Point><position>14165</position><in_Quantity.quantity>0.000000</in_Quantity.quantity><out_Quantity.quantity>703.346014</out_Quantity.quantity></Point><Point><position>14166</position><in_Quantity.quantity>0.000000</in_Quantity.quantity><out_Quantity.quantity>660.309670</out_Quantity.quantity></Point><Point><position>14167</position><in_Quantity.quantity>0.000000</in_Quantity.quantity><out_Quantity.quantity>93.296164</out_Quantity.quantity></Point><Point><position>14168</position><in_Quantity.quantity>0.000000</in_Quantity.quantity><out_Quantity.quantity>767.529803</out_Quantity.quantity></Point><Point><position>14169</position><in_Quantity.quantity>0.000000</in_Quantity.quantity><out_Quantity.quantity>328.487109</out_Quantity.quantity></Point><Point><position>14170</position><in_Quantity.quantity>0.000000</in_Quantity.quantity><out_Quantity.quantity>353.268974</out_Quantity.quantity></Point><Point><position>14171</position><in_Quantity.quantity>0.000000</in_Quantity.quantity><out_Quantity.quantity>654.220802</out_Quantity.quantity></Point><Point><position>14172</position><in_Quantity.quantity>0.000000</in_Quantity.quantity><out_Quantity.quantity>109.920021</out_Quantity.quantity></Point><Point><position>14173</position><in_Quantity.quantity>0.000000</in_Quantity.quantity><out_Quantity.quantity>932.228305</out_Quantity.quantity></Point><Point><position>14174</position><in_Quantity.quantity>0.000000</in_Quantity.quantity><out_Quantity.quantity>248.809613</out_Quantity.quantity></Point><Point><position>14175</position><in_Quantity.quantity>0.000000</in_Quantity.quantity><out_Quantity.quantity>793.066559</out_Quantity.quantity></Point><Point><position>14176</position><in_Quantity.quantity>0.000000</in_Quantity.quantity><out_Quantity.quantity>161.986598</out_Quantity.quantity></Point><Point><position>14177</position><in_Quantity.quantity>0.000000</in_Quantity.quantity><out_Quantity.quantity>893.621075</out_Quantity.quantity></Point><Point><position>14178</position><in_Quantity.quantity>0.000000</in_Quantity.quantity><out_Quantity.quantity>10.681993</out_Quantity.quantity></Point><Point><position>14179</position><in_Quantity.quantity>0.000000</in_Quantity.quantity><out_Quantity.quantity>610.332781</out_Quantity.quantity></Point><Point><position>14180</position><in_Quantity.quantity>0.000000</in_Quantity.quantity><out_Quantity.quantity>119.742987</out_Quantity.quantity></Point><Point><position>14181</position><in_Quantity.quantity>0.000000</in_Quantity.quantity><out_Quantity.quantity>624.651050</out_Quantity.quantity></Point><Point><position>14182</position><in_Quantity.quantity>0.000000</in_Quantity.quantity><out_Quantity.quantity>798.472579</out_Quantity.quantity></Point><Point><position>14183</position><in_Quantity.quantity>0.000000</in_Quantity.quantity><out_Quantity.quantity>171.390815</out_Quantity.quantity></Point><Point><position>14184</position><in_Quantity.quantity>0.000000</in_Quantity.quantity><out_Quantity.quantity>970.840438</out_Quantity.quantity></Point><Point><position>14185</position><in_Quantity.quantity>0.000000</in_Quantity.quantity><out_Quantity.quantity>356.581355</out_Quantity.quantity></Point><Point><position>14186</position><in_Quantity.quantity>0.000000</in_Quantity.quantity><out_Quantity.quantity>741.920574</out_Quantity.quantity></Point><Point><position>14187</position><in_Quantity.quantity>0.000000</in_Quantity.quantity><out_Quantity.quantity>329.731888</out_Quantity.quantity></Point><Point><position>14188</position><in_Quantity.quantity>0.000000</in_Quantity.quantity><out_Quantity.quantity>634.647891</out_Quantity.quantity></Point><Point><position>14189</position><in_Quantity.quantity>0.000000</in_Quantity.quantity><out_Quantity.quantity>599.153262</out_Quantity.quantity></Point><Point><position>14190</position><in_Quantity.quantity>0.000000</in_Quantity.quantity><out_Quantity.quantity>702.399421</out_Quantity.quantity></Point><Point><position>14191</position><in_Quantity.quantity>0.000000</in_Quantity.quantity><out_Quantity.quantity>604.330073</out_Quantity.quantity></Point><Point><position>14192</position><in_Quantity.quantity>0.000000</in_Quantity.quantity><out_Quantity.quantity>996.246603</out_Quantity.quantity></Point><Point><position>14193</position><in_Quantity.quantity>0.000000</in_Quantity.quantity><out_Quantity.quantity>654.555860</out_Quantity.quantity></Point><Point><position>14194</position><in_Quantity.quantity>0.000000</in_Quantity.quantity><out_Quantity.quantity>885.461854</out_Quantity.quantity></Point><Point><position>14195</position><in_Quantity.quantity>0.000000</in_Quantity.quantity><out_Quantity.quantity>229.706072</out_Quantity.quantity></Point><Point><position>14196</position><in_Quantity.quantity>0.000000</in_Quantity.quantity><out_Quantity.quantity>265.266451</out_Quantity.quantity></Point><Point><position>14197</position><in_Quantity.quantity>0.000000</in_Quantity.quantity><out_Quantity.quantity>959.077288</out_Quantity.quantity></Point><Point><position>14198</position><in_Quantity.quantity>0.000000</in_Quantity.quantity><out_Quantity.quantity>334.237084</out_Quantity.quantity></Point><Point><position>14199</position><in_Quantity.quantity>0.000000</in_Quantity.quantity><out_Quantity.quantity>712.328645</out_Quantity.quantity></Point><Point><position>14200</position><in_Quantity.quantity>0.000000</in_Quantity.quantity><out_Quantity.quantity>508.275239</out_Quantity.quantity></Point><Point><position>14201</position><in_Quantity.quantity>0.000000</in_Quantity.quantity><out_Quantity.quantity>359.485625</out_Quantity.quantity></Point><Point><position>14202</position><in_Quantity.quantity>0.000000</in_Quantity.quantity><out_Quantity.quantity>183.390711</out_Quantity.quantity></Point><Point><position>14203</position><in_Quantity.quantity>0.000000</in_Quantity.quantity><out_Quantity.quantity>670.029058</out_Quantity.quantity></Point><Point><position>14204</position><in_Quantity.quantity>0.000000</in_Quantity.quantity><out_Quantity.quantity>661.881581</out_Quantity.quantity></Point><Point><position>14205</position><in_Quantity.quantity>0.000000</in_Quantity.quantity><out_Quantity.quantity>593.306389</out_Quantity.quantity></Point><Point><position>14206</position><in_Quantity.quantity>0.000000</in_Quantity.quantity><out_Quantity.quantity>925.914886</out_Quantity.quantity></Point><Point><position>14207</position><in_Quantity.quantity>0.000000</in_Quantity.quantity><out_Quantity.quantity>931.340484</out_Quantity.quantity></Point><Point><position>14208</position><in_Quantity.quantity>0.000000</in_Quantity.quantity><out_Quantity.quantity>794.605894</out_Quantity.quantity></Point><Point><position>14209</position><in_Quantity.quantity>0.000000</in_Quantity.quantity><out_Quantity.quantity>148.150429</out_Quantity.quantity></Point><Point><position>14210</position><in_Quantity.quantity>0.000000</in_Quantity.quantity><out_Quantity.quantity>164.854789</out_Quantity.quantity></Point><Point><position>14211</position><in_Quantity.quantity>0.000000</in_Quantity.quantity><out_Quantity.quantity>600.764566</out_Quantity.quantity></Point><Point><position>14212</position><in_Quantity.quantity>0.000000</in_Quantity.quantity><out_Quantity.quantity>740.575799</out_Quantity.quantity></Point><Point><position>14213</position><in_Quantity.quantity>0.000000</in_Quantity.quantity><out_Quantity.quantity>190.935422</out_Quantity.quantity></Point><Point><position>14214</position><in_Quantity.quantity>0.000000</in_Quantity.quantity><out_Quantity.quantity>841.956413</out_Quantity.quantity></Point><Point><position>14215</position><in_Quantity.quantity>0.000000</in_Quantity.quantity><out_Quantity.quantity>141.242746</out_Quantity.quantity></Point><Point><position>14216</position><in_Quantity.quantity>0.000000</in_Quantity.quantity><out_Quantity.quantity>567.856606</out_Quantity.quantity></Point><Point><position>14217</position><in_Quantity.quantity>0.000000</in_Quantity.quantity><out_Quantity.quantity>7.975606</out_Quantity.quantity></Point><Point><position>14218</position><in_Quantity.quantity>0.000000</in_Quantity.quantity><out_Quantity.quantity>989.159468</out_Quantity.quantity></Point><Point><position>14219</position><in_Quantity.quantity>0.000000</in_Quantity.quantity><out_Quantity.quantity>63.158210</out_Quantity.quantity></Point><Point><position>14220</position><in_Quantity.quantity>0.000000</in_Quantity.quantity><out_Quantity.quantity>495.075757</out_Quantity.quantity></Point><Point><position>14221</position><in_Quantity.quantity>0.000000</in_Quantity.quantity><out_Quantity.quantity>366.177853</out_Quantity.quantity></Point><Point><position>14222</position><in_Quantity.quantity>0.000000</in_Quantity.quantity><out_Quantity.quantity>754.711805</out_Quantity.quantity></Point><Point><position>14223</position><in_Quantity.quantity>0.000000</in_Quantity.quantity><out_Quantity.quantity>261.959645</out_Quantity.quantity></Point><Point><position>14224</position><in_Quantity.quantity>0.000000</in_Quantity.quantity><out_Quantity.quantity>194.210542</out_Quantity.quantity></Point><Point><position>14225</position><in_Quantity.quantity>0.000000</in_Quantity.quantity><out_Quantity.quantity>680.763997</out_Quantity.quantity></Point><Point><position>14226</position><in_Quantity.quantity>0.000000</in_Quantity.quantity><out_Quantity.quantity>277.006356</out_Quantity.quantity></Point><Point><position>14227</position><in_Quantity.quantity>0.000000</in_Quantity.quantity><out_Quantity.quantity>998.587470</out_Quantity.quantity></Point><Point><position>14228</position><in_Quantity.quantity>0.000000</in_Quantity.quantity><out_Quantity.quantity>963.533522</out_Quantity.quantity></Point><Point><position>14229</position><in_Quantity.quantity>0.000000</in_Quantity.quantity><out_Quantity.quantity>484.897777</out_Quantity.quantity></Point><Point><position>14230</position><in_Quantity.quantity>0.000000</in_Quantity.quantity><out_Quantity.quantity>911.209209</out_Quantity.quantity></Point><Point><position>14231</position><in_Quantity.quantity>0.000000</in_Quantity.quantity><out_Quantity.quantity>600.232417</out_Quantity.quantity></Point><Point><position>14232</position><in_Quantity.quantity>0.000000</in_Quantity.quantity><out_Quantity.quantity>527.494537</out_Quantity.quantity></Point><Point><position>14233</position><in_Quantity.quantity>0.000000</in_Quantity.quantity><out_Quantity.quantity>657.374405</out_Quantity.quantity></Point><Point><position>14234</position><in_Quantity.quantity>0.000000</in_Quantity.quantity><out_Quantity.quantity>815.131087</out_Quantity.quantity></Point><Point><position>14235</position><in_Quantity.quantity>0.000000</in_Quantity.quantity><out_Quantity.quantity>913.249433</out_Quantity.quantity></Point><Point><position>14236</position><in_Quantity.quantity>0.000000</in_Quantity.quantity><out_Quantity.quantity>443.718502</out_Quantity.quantity></Point><Point><position>14237</position><in_Quantity.quantity>0.000000</in_Quantity.quantity><out_Quantity.quantity>499.360096</out_Quantity.quantity></Point><Point><position>14238</position><in_Quantity.quantity>0.000000</in_Quantity.quantity><out_Quantity.quantity>871.135111</out_Quantity.quantity></Point><Point><position>14239</position><in_Quantity.quantity>0.000000</in_Quantity.quantity><out_Quantity.quantity>962.796170</out_Quantity.quantity></Point><Point><position>14240</position><in_Quantity.quantity>0.000000</in_Quantity.quantity><out_Quantity.quantity>865.929771</out_Quantity.quantity></Point><Point><position>14241</position><in_Quantity.quantity>0.000000</in_Quantity.quantity><out_Quantity.quantity>85.414902</out_Quantity.quantity></Point><Point><position>14242</position><in_Quantity.quantity>0.000000</in_Quantity.quantity><out_Quantity.quantity>105.876847</out_Quantity.quantity></Point><Point><position>14243</position><in_Quantity.quantity>0.000000</in_Quantity.quantity><out_Quantity.quantity>761.307051</out_Quantity.quantity></Point><Point><position>14244</position><in_Quantity.quantity>0.000000</in_Quantity.quantity><out_Quantity.quantity>801.055415</out_Quantity.quantity></Point><Point><position>14245</position><in_Quantity.quantity>0.000000</in_Quantity.quantity><out_Quantity.quantity>95.112632</out_Quantity.quantity></Point><Point><position>14246</position><in_Quantity.quantity>0.000000</in_Quantity.quantity><out_Quantity.quantity>495.576305</out_Quantity.quantity></Point><Point><position>14247</position><in_Quantity.quantity>0.000000</in_Quantity.quantity><out_Quantity.quantity>449.350301</out_Quantity.quantity></Point><Point><position>14248</position><in_Quantity.quantity>0.000000</in_Quantity.quantity><out_Quantity.quantity>806.353410</out_Quantity.quantity></Point><Point><position>14249</position><in_Quantity.quantity>0.000000</in_Quantity.quantity><out_Quantity.quantity>531.524413</out_Quantity.quantity></Point><Point><position>14250</position><in_Quantity.quantity>0.000000</in_Quantity.quantity><out_Quantity.quantity>636.443240</out_Quantity.quantity></Point><Point><position>14251</position><in_Quantity.quantity>0.000000</in_Quantity.quantity><out_Quantity.quantity>187.927856</out_Quantity.quantity></Point><Point><position>14252</position><in_Quantity.quantity>0.000000</in_Quantity.quantity><out_Quantity.quantity>696.522156</out_Quantity.quantity></Point><Point><position>14253</position><in_Quantity.quantity>0.000000</in_Quantity.quantity><out_Quantity.quantity>815.472976</out_Quantity.quantity></Point><Point><position>14254</position><in_Quantity.quantity>0.000000</in_Quantity.quantity><out_Quantity.quantity>307.639086</out_Quantity.quantity></Point><Point><position>14255</position><in_Quantity.quantity>0.000000</in_Quantity.quantity><out_Quantity.quantity>88.756323</out_Quantity.quantity></Point><Point><position>14256</position><in_Quantity.quantity>0.000000</in_Quantity.quantity><out_Quantity.quantity>480.302653</out_Quantity.quantity></Point><Point><position>14257</position><in_Quantity.quantity>0.000000</in_Quantity.quantity><out_Quantity.quantity>492.821540</out_Quantity.quantity></Point><Point><position>14258</position><in_Quantity.quantity>0.000000</in_Quantity.quantity><out_Quantity.quantity>470.549206</out_Quantity.quantity></Point><Point><position>14259</position><in_Quantity.quantity>0.000000</in_Quantity.quantity><out_Quantity.quantity>282.542204</out_Quantity.quantity></Point><Point><position>14260</position><in_Quantity.quantity>0.000000</in_Quantity.quantity><out_Quantity.quantity>871.371006</out_Quantity.quantity></Point><Point><position>14261</position><in_Quantity.quantity>0.000000</in_Quantity.quantity><out_Quantity.quantity>49.732639</out_Quantity.quantity></Point><Point><position>14262</position><in_Quantity.quantity>0.000000</in_Quantity.quantity><out_Quantity.quantity>968.272095</out_Quantity.quantity></Point><Point><position>14263</position><in_Quantity.quantity>0.000000</in_Quantity.quantity><out_Quantity.quantity>95.826622</out_Quantity.quantity></Point><Point><position>14264</position><in_Quantity.quantity>0.000000</in_Quantity.quantity><out_Quantity.quantity>517.349464</out_Quantity.quantity></Point><Point><position>14265</position><in_Quantity.quantity>0.000000</in_Quantity.quantity><out_Quantity.quantity>177.224330</out_Quantity.quantity></Point><Point><position>14266</position><in_Quantity.quantity>0.000000</in_Quantity.quantity><out_Quantity.quantity>105.616218</out_Quantity.quantity></Point><Point><position>14267</position><in_Quantity.quantity>0.000000</in_Quantity.quantity><out_Quantity.quantity>162.267741</out_Quantity.quantity></Point><Point><position>14268</position><in_Quantity.quantity>0.000000</in_Quantity.quantity><out_Quantity.quantity>997.813352</out_Quantity.quantity></Point><Point><position>14269</position><in_Quantity.quantity>0.000000</in_Quantity.quantity><out_Quantity.quantity>266.634953</out_Quantity.quantity></Point><Point><position>14270</position><in_Quantity.quantity>0.000000</in_Quantity.quantity><out_Quantity.quantity>132.552281</out_Quantity.quantity></Point><Point><position>14271</position><in_Quantity.quantity>0.000000</in_Quantity.quantity><out_Quantity.quantity>313.920189</out_Quantity.quantity></Point><Point><position>14272</position><in_Quantity.quantity>0.000000</in_Quantity.quantity><out_Quantity.quantity>785.907749</out_Quantity.quantity></Point><Point><position>14273</position><in_Quantity.quantity>0.000000</in_Quantity.quantity><out_Quantity.quantity>526.633976</out_Quantity.quantity></Point><Point><position>14274</position><in_Quantity.quantity>0.000000</in_Quantity.quantity><out_Quantity.quantity>592.968643</out_Quantity.quantity></Point><Point><position>14275</position><in_Quantity.quantity>0.000000</in_Quantity.quantity><out_Quantity.quantity>365.273970</out_Quantity.quantity></Point><Point><position>14276</position><in_Quantity.quantity>0.000000</in_Quantity.quantity><out_Quantity.quantity>174.598680</out_Quantity.quantity></Point><Point><position>14277</position><in_Quantity.quantity>0.000000</in_Quantity.quantity><out_Quantity.quantity>508.737408</out_Quantity.quantity></Point><Point><position>14278</position><in_Quantity.quantity>0.000000</in_Quantity.quantity><out_Quantity.quantity>654.528362</out_Quantity.quantity></Point><Point><position>14279</position><in_Quantity.quantity>0.000000</in_Quantity.quantity><out_Quantity.quantity>555.528644</out_Quantity.quantity></Point><Point><position>14280</position><in_Quantity.quantity>0.000000</in_Quantity.quantity><out_Quantity.quantity>490.747482</out_Quantity.quantity></Point><Point><position>14281</position><in_Quantity.quantity>0.000000</in_Quantity.quantity><out_Quantity.quantity>12.069271</out_Quantity.quantity></Point><Point><position>14282</position><in_Quantity.quantity>0.000000</in_Quantity.quantity><out_Quantity.quantity>632.642209</out_Quantity.quantity></Point><Point><position>14283</position><in_Quantity.quantity>0.000000</in_Quantity.quantity><out_Quantity.quantity>32.320404</out_Quantity.quantity></Point><Point><position>14284</position><in_Quantity.quantity>0.000000</in_Quantity.quantity><out_Quantity.quantity>716.746838</out_Quantity.quantity></Point><Point><position>14285</position><in_Quantity.quantity>0.000000</in_Quantity.quantity><out_Quantity.quantity>435.367352</out_Quantity.quantity></Point><Point><position>14286</position><in_Quantity.quantity>0.000000</in_Quantity.quantity><out_Quantity.quantity>572.118779</out_Quantity.quantity></Point><Point><position>14287</position><in_Quantity.quantity>0.000000</in_Quantity.quantity><out_Quantity.quantity>753.101663</out_Quantity.quantity></Point><Point><position>14288</position><in_Quantity.quantity>0.000000</in_Quantity.quantity><out_Quantity.quantity>936.298109</out_Quantity.quantity></Point><Point><position>14289</position><in_Quantity.quantity>0.000000</in_Quantity.quantity><out_Quantity.quantity>199.271358</out_Quantity.quantity></Point><Point><position>14290</position><in_Quantity.quantity>0.000000</in_Quantity.quantity><out_Quantity.quantity>30.838635</out_Quantity.quantity></Point><Point><position>14291</position><in_Quantity.quantity>0.000000</in_Quantity.quantity><out_Quantity.quantity>935.936786</out_Quantity.quantity></Point><Point><position>14292</position><in_Quantity.quantity>0.000000</in_Quantity.quantity><out_Quantity.quantity>645.877345</out_Quantity.quantity></Point><Point><position>14293</position><in_Quantity.quantity>0.000000</in_Quantity.quantity><out_Quantity.quantity>968.525754</out_Quantity.quantity></Point><Point><position>14294</position><in_Quantity.quantity>0.000000</in_Quantity.quantity><out_Quantity.quantity>626.273463</out_Quantity.quantity></Point><Point><position>14295</position><in_Quantity.quantity>0.000000</in_Quantity.quantity><out_Quantity.quantity>105.699523</out_Quantity.quantity></Point><Point><position>14296</position><in_Quantity.quantity>0.000000</in_Quantity.quantity><out_Quantity.quantity>359.872053</out_Quantity.quantity></Point><Point><position>14297</position><in_Quantity.quantity>0.000000</in_Quantity.quantity><out_Quantity.quantity>793.489639</out_Quantity.quantity></Point><Point><position>14298</position><in_Quantity.quantity>0.000000</in_Quantity.quantity><out_Quantity.quantity>73.390059</out_Quantity.quantity></Point><Point><position>14299</position><in_Quantity.quantity>0.000000</in_Quantity.quantity><out_Quantity.quantity>924.050904</out_Quantity.quantity></Point><Point><position>14300</position><in_Quantity.quantity>0.000000</in_Quantity.quantity><out_Quantity.quantity>902.243353</out_Quantity.quantity></Point><Point><position>14301</position><in_Quantity.quantity>0.000000</in_Quantity.quantity><out_Quantity.quantity>860.303431</out_Quantity.quantity></Point><Point><position>14302</position><in_Quantity.quantity>0.000000</in_Quantity.quantity><out_Quantity.quantity>219.402476</out_Quantity.quantity></Point><Point><position>14303</position><in_Quantity.quantity>0.000000</in_Quantity.quantity><out_Quantity.quantity>677.409961</out_Quantity.quantity></Point><Point><position>14304</position><in_Quantity.quantity>0.000000</in_Quantity.quantity><out_Quantity.quantity>402.767894</out_Quantity.quantity></Point><Point><position>14305</position><in_Quantity.quantity>0.000000</in_Quantity.quantity><out_Quantity.quantity>841.663303</out_Quantity.quantity></Point><Point><position>14306</position><in_Quantity.quantity>0.000000</in_Quantity.quantity><out_Quantity.quantity>628.104262</out_Quantity.quantity></Point><Point><position>14307</position><in_Quantity.quantity>0.000000</in_Quantity.quantity><out_Quantity.quantity>613.525047</out_Quantity.quantity></Point><Point><position>14308</position><in_Quantity.quantity>0.000000</in_Quantity.quantity><out_Quantity.quantity>232.682185</out_Quantity.quantity></Point><Point><position>14309</position><in_Quantity.quantity>0.000000</in_Quantity.quantity><out_Quantity.quantity>659.073692</out_Quantity.quantity></Point><Point><position>14310</position><in_Quantity.quantity>0.000000</in_Quantity.quantity><out_Quantity.quantity>904.205271</out_Quantity.quantity></Point><Point><position>14311</position><in_Quantity.quantity>0.000000</in_Quantity.quantity><out_Quantity.quantity>688.214764</out_Quantity.quantity></Point><Point><position>14312</position><in_Quantity.quantity>0.000000</in_Quantity.quantity><out_Quantity.quantity>688.629294</out_Quantity.quantity></Point><Point><position>14313</position><in_Quantity.quantity>0.000000</in_Quantity.quantity><out_Quantity.quantity>655.933201</out_Quantity.quantity></Point><Point><position>14314</position><in_Quantity.quantity>0.000000</in_Quantity.quantity><out_Quantity.quantity>947.924157</out_Quantity.quantity></Point><Point><position>14315</position><in_Quantity.quantity>0.000000</in_Quantity.quantity><out_Quantity.quantity>861.061245</out_Quantity.quantity></Point><Point><position>14316</position><in_Quantity.quantity>0.000000</in_Quantity.quantity><out_Quantity.quantity>289.018797</out_Quantity.quantity></Point><Point><position>14317</position><in_Quantity.quantity>0.000000</in_Quantity.quantity><out_Quantity.quantity>620.979728</out_Quantity.quantity></Point><Point><position>14318</position><in_Quantity.quantity>0.000000</in_Quantity.quantity><out_Quantity.quantity>675.913494</out_Quantity.quantity></Point><Point><position>14319</position><in_Quantity.quantity>0.000000</in_Quantity.quantity><out_Quantity.quantity>554.915945</out_Quantity.quantity></Point><Point><position>14320</position><in_Quantity.quantity>0.000000</in_Quantity.quantity><out_Quantity.quantity>728.346256</out_Quantity.quantity></Point><Point><position>14321</position><in_Quantity.quantity>0.000000</in_Quantity.quantity><out_Quantity.quantity>305.638937</out_Quantity.quantity></Point><Point><position>14322</position><in_Quantity.quantity>0.000000</in_Quantity.quantity><out_Quantity.quantity>336.000543</out_Quantity.quantity></Point><Point><position>14323</position><in_Quantity.quantity>0.000000</in_Quantity.quantity><out_Quantity.quantity>729.221841</out_Quantity.quantity></Point><Point><position>14324</position><in_Quantity.quantity>0.000000</in_Quantity.quantity><out_Quantity.quantity>12.792773</out_Quantity.quantity></Point><Point><position>14325</position><in_Quantity.quantity>0.000000</in_Quantity.quantity><out_Quantity.quantity>753.640872</out_Quantity.quantity></Point><Point><position>14326</position><in_Quantity.quantity>0.000000</in_Quantity.quantity><out_Quantity.quantity>78.314360</out_Quantity.quantity></Point><Point><position>14327</position><in_Quantity.quantity>0.000000</in_Quantity.quantity><out_Quantity.quantity>972.490741</out_Quantity.quantity></Point><Point><position>14328</position><in_Quantity.quantity>0.000000</in_Quantity.quantity><out_Quantity.quantity>293.253230</out_Quantity.quantity></Point><Point><position>14329</position><in_Quantity.quantity>0.000000</in_Quantity.quantity><out_Quantity.quantity>477.998444</out_Quantity.quantity></Point><Point><position>14330</position><in_Quantity.quantity>0.000000</in_Quantity.quantity><out_Quantity.quantity>310.761570</out_Quantity.quantity></Point><Point><position>14331</position><in_Quantity.quantity>0.000000</in_Quantity.quantity><out_Quantity.quantity>345.734384</out_Quantity.quantity></Point><Point><position>14332</position><in_Quantity.quantity>0.000000</in_Quantity.quantity><out_Quantity.quantity>421.475882</out_Quantity.quantity></Point><Point><position>14333</position><in_Quantity.quantity>0.000000</in_Quantity.quantity><out_Quantity.quantity>302.784841</out_Quantity.quantity></Point><Point><position>14334</position><in_Quantity.quantity>0.000000</in_Quantity.quantity><out_Quantity.quantity>640.442420</out_Quantity.quantity></Point><Point><position>14335</position><in_Quantity.quantity>0.000000</in_Quantity.quantity><out_Quantity.quantity>558.112724</out_Quantity.quantity></Point><Point><position>14336</position><in_Quantity.quantity>0.000000</in_Quantity.quantity><out_Quantity.quantity>362.730443</out_Quantity.quantity></Point><Point><position>14337</position><in_Quantity.quantity>0.000000</in_Quantity.quantity><out_Quantity.quantity>460.667745</out_Quantity.quantity></Point><Point><position>14338</position><in_Quantity.quantity>0.000000</in_Quantity.quantity><out_Quantity.quantity>182.469471</out_Quantity.quantity></Point><Point><position>14339</position><in_Quantity.quantity>0.000000</in_Quantity.quantity><out_Quantity.quantity>908.771869</out_Quantity.quantity></Point><Point><position>14340</position><in_Quantity.quantity>0.000000</in_Quantity.quantity><out_Quantity.quantity>189.972233</out_Quantity.quantity></Point><Point><position>14341</position><in_Quantity.quantity>0.000000</in_Quantity.quantity><out_Quantity.quantity>96.360074</out_Quantity.quantity></Point><Point><position>14342</position><in_Quantity.quantity>0.000000</in_Quantity.quantity><out_Quantity.quantity>818.447609</out_Quantity.quantity></Point><Point><position>14343</position><in_Quantity.quantity>0.000000</in_Quantity.quantity><out_Quantity.quantity>263.122618</out_Quantity.quantity></Point><Point><position>14344</position><in_Quantity.quantity>0.000000</in_Quantity.quantity><out_Quantity.quantity>585.481317</out_Quantity.quantity></Point><Point><position>14345</position><in_Quantity.quantity>0.000000</in_Quantity.quantity><out_Quantity.quantity>294.980968</out_Quantity.quantity></Point><Point><position>14346</position><in_Quantity.quantity>0.000000</in_Quantity.quantity><out_Quantity.quantity>363.502623</out_Quantity.quantity></Point><Point><position>14347</position><in_Quantity.quantity>0.000000</in_Quantity.quantity><out_Quantity.quantity>267.700787</out_Quantity.quantity></Point><Point><position>14348</position><in_Quantity.quantity>0.000000</in_Quantity.quantity><out_Quantity.quantity>980.699734</out_Quantity.quantity></Point><Point><position>14349</position><in_Quantity.quantity>0.000000</in_Quantity.quantity><out_Quantity.quantity>337.522313</out_Quantity.quantity></Point><Point><position>14350</position><in_Quantity.quantity>0.000000</in_Quantity.quantity><out_Quantity.quantity>435.821798</out_Quantity.quantity></Point><Point><position>14351</position><in_Quantity.quantity>0.000000</in_Quantity.quantity><out_Quantity.quantity>286.724240</out_Quantity.quantity></Point><Point><position>14352</position><in_Quantity.quantity>0.000000</in_Quantity.quantity><out_Quantity.quantity>728.787787</out_Quantity.quantity></Point><Point><position>14353</position><in_Quantity.quantity>0.000000</in_Quantity.quantity><out_Quantity.quantity>672.349016</out_Quantity.quantity></Point><Point><position>14354</position><in_Quantity.quantity>0.000000</in_Quantity.quantity><out_Quantity.quantity>812.080016</out_Quantity.quantity></Point><Point><position>14355</position><in_Quantity.quantity>0.000000</in_Quantity.quantity><out_Quantity.quantity>191.127213</out_Quantity.quantity></Point><Point><position>14356</position><in_Quantity.quantity>0.000000</in_Quantity.quantity><out_Quantity.quantity>808.146996</out_Quantity.quantity></Point><Point><position>14357</position><in_Quantity.quantity>0.000000</in_Quantity.quantity><out_Quantity.quantity>904.660976</out_Quantity.quantity></Point><Point><position>14358</position><in_Quantity.quantity>0.000000</in_Quantity.quantity><out_Quantity.quantity>851.272695</out_Quantity.quantity></Point><Point><position>14359</position><in_Quantity.quantity>0.000000</in_Quantity.quantity><out_Quantity.quantity>89.681463</out_Quantity.quantity></Point><Point><position>14360</position><in_Quantity.quantity>0.000000</in_Quantity.quantity><out_Quantity.quantity>567.621051</out_Quantity.quantity></Point><Point><position>14361</position><in_Quantity.quantity>0.000000</in_Quantity.quantity><out_Quantity.quantity>399.662648</out_Quantity.quantity></Point><Point><position>14362</position><in_Quantity.quantity>0.000000</in_Quantity.quantity><out_Quantity.quantity>307.562327</out_Quantity.quantity></Point><Point><position>14363</position><in_Quantity.quantity>0.000000</in_Quantity.quantity><out_Quantity.quantity>968.554142</out_Quantity.quantity></Point><Point><position>14364</position><in_Quantity.quantity>0.000000</in_Quantity.quantity><out_Quantity.quantity>311.088929</out_Quantity.quantity></Point><Point><position>14365</position><in_Quantity.quantity>0.000000</in_Quantity.quantity><out_Quantity.quantity>97.353504</out_Quantity.quantity></Point><Point><position>14366</position><in_Quantity.quantity>0.000000</in_Quantity.quantity><out_Quantity.quantity>548.908170</out_Quantity.quantity></Point><Point><position>14367</position><in_Quantity.quantity>0.000000</in_Quantity.quantity><out_Quantity.quantity>627.723228</out_Quantity.quantity></Point><Point><position>14368</position><in_Quantity.quantity>0.000000</in_Quantity.quantity><out_Quantity.quantity>836.117214</out_Quantity.quantity></Point><Point><position>14369</position><in_Quantity.quantity>0.000000</in_Quantity.quantity><out_Quantity.quantity>71.218784</out_Quantity.quantity></Point><Point><position>14370</position><in_Quantity.quantity>0.000000</in_Quantity.quantity><out_Quantity.quantity>150.895125</out_Quantity.quantity></Point><Point><position>14371</position><in_Quantity.quantity>0.000000</in_Quantity.quantity><out_Quantity.quantity>641.820258</out_Quantity.quantity></Point><Point><position>14372</position><in_Quantity.quantity>0.000000</in_Quantity.quantity><out_Quantity.quantity>131.815935</out_Quantity.quantity></Point><Point><position>14373</position><in_Quantity.quantity>0.000000</in_Quantity.quantity><out_Quantity.quantity>312.111170</out_Quantity.quantity></Point><Point><position>14374</position><in_Quantity.quantity>0.000000</in_Quantity.quantity><out_Quantity.quantity>817.229140</out_Quantity.quantity></Point><Point><position>14375</position><in_Quantity.quantity>0.000000</in_Quantity.quantity><out_Quantity.quantity>733.486806</out_Quantity.quantity></Point><Point><position>14376</position><in_Quantity.quantity>0.000000</in_Quantity.quantity><out_Quantity.quantity>682.905651</out_Quantity.quantity></Point><Point><position>14377</position><in_Quantity.quantity>0.000000</in_Quantity.quantity><out_Quantity.quantity>335.191618</out_Quantity.quantity></Point><Point><position>14378</position><in_Quantity.quantity>0.000000</in_Quantity.quantity><out_Quantity.quantity>84.371021</out_Quantity.quantity></Point><Point><position>14379</position><in_Quantity.quantity>0.000000</in_Quantity.quantity><out_Quantity.quantity>708.630710</out_Quantity.quantity></Point><Point><position>14380</position><in_Quantity.quantity>0.000000</in_Quantity.quantity><out_Quantity.quantity>401.596440</out_Quantity.quantity></Point><Point><position>14381</position><in_Quantity.quantity>0.000000</in_Quantity.quantity><out_Quantity.quantity>223.777381</out_Quantity.quantity></Point><Point><position>14382</position><in_Quantity.quantity>0.000000</in_Quantity.quantity><out_Quantity.quantity>787.726484</out_Quantity.quantity></Point><Point><position>14383</position><in_Quantity.quantity>0.000000</in_Quantity.quantity><out_Quantity.quantity>45.639142</out_Quantity.quantity></Point><Point><position>14384</position><in_Quantity.quantity>0.000000</in_Quantity.quantity><out_Quantity.quantity>541.319745</out_Quantity.quantity></Point><Point><position>14385</position><in_Quantity.quantity>0.000000</in_Quantity.quantity><out_Quantity.quantity>112.325747</out_Quantity.quantity></Point><Point><position>14386</position><in_Quantity.quantity>0.000000</in_Quantity.quantity><out_Quantity.quantity>999.102384</out_Quantity.quantity></Point><Point><position>14387</position><in_Quantity.quantity>0.000000</in_Quantity.quantity><out_Quantity.quantity>300.379771</out_Quantity.quantity></Point><Point><position>14388</position><in_Quantity.quantity>0.000000</in_Quantity.quantity><out_Quantity.quantity>273.019993</out_Quantity.quantity></Point><Point><position>14389</position><in_Quantity.quantity>0.000000</in_Quantity.quantity><out_Quantity.quantity>45.431994</out_Quantity.quantity></Point><Point><position>14390</position><in_Quantity.quantity>0.000000</in_Quantity.quantity><out_Quantity.quantity>527.160338</out_Quantity.quantity></Point><Point><position>14391</position><in_Quantity.quantity>0.000000</in_Quantity.quantity><out_Quantity.quantity>229.991066</out_Quantity.quantity></Point><Point><position>14392</position><in_Quantity.quantity>0.000000</in_Quantity.quantity><out_Quantity.quantity>994.401309</out_Quantity.quantity></Point><Point><position>14393</position><in_Quantity.quantity>0.000000</in_Quantity.quantity><out_Quantity.quantity>509.994778</out_Quantity.quantity></Point><Point><position>14394</position><in_Quantity.quantity>0.000000</in_Quantity.quantity><out_Quantity.quantity>271.590909</out_Quantity.quantity></Point><Point><position>14395</position><in_Quantity.quantity>0.000000</in_Quantity.quantity><out_Quantity.quantity>44.522958</out_Quantity.quantity></Point><Point><position>14396</position><in_Quantity.quantity>0.000000</in_Quantity.quantity><out_Quantity.quantity>700.357092</out_Quantity.quantity></Point><Point><position>14397</position><in_Quantity.quantity>0.000000</in_Quantity.quantity><out_Quantity.quantity>481.378486</out_Quantity.quantity></Point><Point><position>14398</position><in_Quantity.quantity>0.000000</in_Quantity.quantity><out_Quantity.quantity>735.540924</out_Quantity.quantity></Point><Point><position>14399</position><in_Quantity.quantity>0.000000</in_Quantity.quantity><out_Quantity.quantity>760.312679</out_Quantity.quantity></Point><Point><position>14400</position><in_Quantity.quantity>0.000000</in_Quantity.quantity><out_Quantity.quantity>734.745197</out_Quantity.quantity></Point></Period></TimeSeries></EnergyAccount_MarketDocument></soapenv:Body>
</soapenv:Envelope>
