<?xml version="1.0"?>
<soapenv:Envelope xmlns:soapenv="http://schemas.xmlsoap.org/soap/envelope/" xmlns:wsse="http://docs.oasis-open.org/wss/2004/01/oasis-200401-wss-wssecurity-secext-1.0.xsd" xmlns:wsu="http://docs.oasis-open.org/wss/2004/01/oasis-200401-wss-wssecurity-utility-1.0.xsd">
  <soapenv:Header>
    <MessageAddressing xmlns="http://sys.svc.tennet.nl/MMCHub/Header/v1">
      <technicalMessageId>8951850e-52f1-400a-8ab3-d7cc840b329f</technicalMessageId>
      <correlationId>8951850e-52f1-400a-8ab3-d7cc840b329f</correlationId>
      <senderId>8719333027500</senderId>
      <receiverId>8716867999983</receiverId>
      <carrierId>8719333027500</carrierId>
      <contentType>ACTIVATED_FCR</contentType>
    </MessageAddressing>
  <wsse:Security soapenv:mustUnderstand="1"><wsse:BinarySecurityToken EncodingType="http://docs.oasis-open.org/wss/2004/01/oasis-200401-wss-soap-message-security-1.0#Base64Binary" wsu:Id="pfxea0152a5-be9f-6657-1a48-8ac81be220ac" ValueType="http://docs.oasis-open.org/wss/2004/01/oasis-200401-wss-x509-token-profile-1.0#X509v3">MIIGNjCCBB6gAwIBAgIQAjudA9L/gOg5IBSTwOERjjANBgkqhkiG9w0BAQsFADBiMQswCQYDVQQGEwJVUzEXMBUGA1UEChMORGlnaUNlcnQsIEluYy4xOjA4BgNVBAMTMURpZ2lDZXJ0IEFzc3VyZWQgRzIgU01JTUUgUlNBNDA5NiBTSEEzODQgMjAyNCBDQTEwHhcNMjUwMTMwMDAwMDAwWhcNMjgwMTI5MjM1OTU5WjBsMRcwFQYDVQRhEw5OVFJOTC03MzEwMjQzMTELMAkGA1UEBhMCTkwxDzANBgNVBAcTBlZlZ2hlbDEUMBIGA1UEChMLQ292b2x0IEIuVi4xHTAbBgNVBAMMFHNlcnZpY2UtbmxAY292b2x0LmV1MIIBIjANBgkqhkiG9w0BAQEFAAOCAQ8AMIIBCgKCAQEA3668ejzvq08G4a4Qv1b0RqkGeKYa44ZAby9hr4n4xUkDo2THUjFku68YBLpqnl3FgA8utdQWX+YAYArsJzZ2cMolIDWw1A9ykItXwE+rNt1npVVlPonFSd7WPm0+20m9xwd3P16gSVHbjiUq/8J1en5zCGkTCgK6x7tyEbceMEwnRWHgxlqaRT2zYcDb3YkeC2pNyPKWXQvhV82br7+ZT2tVZ0Jz7PDPysR8ndIg5yjhNkaG+SHC4nzd/uLvkWGxkRafeqBWMS5NLPhxE4DQQUFWMOxTnwWy3KEr+qkOFhgMZEBmV1K06aZR1Au1Ih8ymW31r4RfcMi2ZxMvYFPTdwIDAQABo4IB3DCCAdgwHwYDVR0jBBgwFoAU95uiTtOXxfQ0D0MOgYXOkZMyr/kwHQYDVR0OBBYEFLgTYirHqTnZxKHMXW3GD6Hz8IvEMB8GA1UdEQQYMBaBFHNlcnZpY2UtbmxAY292b2x0LmV1MBQGA1UdIAQNMAswCQYHZ4EMAQUDATAOBgNVHQ8BAf8EBAMCB4AwEwYDVR0lBAwwCgYIKwYBBQUHAwQwgakGA1UdHwSBoTCBnjBNoEugSYZHaHR0cDovL2NybDMuZGlnaWNlcnQuY29tL0RpZ2lDZXJ0QXNzdXJlZEcyU01JTUVSU0E0MDk2U0hBMzg0MjAyNENBMS5jcmwwTaBLoEmGR2h0dHA6Ly9jcmw0LmRpZ2ljZXJ0LmNvbS9EaWdpQ2VydEFzc3VyZWRHMlNNSU1FUlNBNDA5NlNIQTM4NDIwMjRDQTEuY3JsMIGNBggrBgEFBQcBAQSBgDB+MCQGCCsGAQUFBzABhhhodHRwOi8vb2NzcC5kaWdpY2VydC5jb20wVgYIKwYBBQUHMAKGSmh0dHA6Ly9jYWNlcnRzLmRpZ2ljZXJ0LmNvbS9EaWdpQ2VydEFzc3VyZWRHMlNNSU1FUlNBNDA5NlNIQTM4NDIwMjRDQTEuY3J0MA0GCSqGSIb3DQEBCwUAA4ICAQAU0bQs5wwskLLuJwD5f0Cgn2Rgolk1p6ZqeGpZNpUcgDvR7ZRdtOc+jGPVqHTX+mpxw0HTUMVw29xTTd76kQkvFnZB4V9oGuyB8sRhMMYKC4fcucD7dZT4KuPaiK3amomF7Em92SMIE0qQxGish2NaEyctNqpCoPj22nJDvGTz6jyjNb8z7tn+FXTuIScIUnQyoKrWyvsknK6FV8ApaHpcDAWRrTAqTVjik9JOKkb6uzPAt+V60I+DTBjMqhimpEpwbGV6ksW3BJV58gBkICRxMT2AJM8wB8ZWRogG/AYV+csPeLNhi6CTbfe6rWaNw4sYYaDQnF2IgdCtZB4S8ktDXMWs3W4nY6wJM3fcWOTag3WiG/WetPobSSK2Vl4RPp57Po+eMW7QaiB83W2FVaVDUstS8DfBym7AgIxThT/v/B+W9T1nOfwSd9HTMcprYghMHxsBe50nTOUimSeOQxbWfH9u8O7TVMkVlu3nj49Xrc1Bw74FJ+pYSeuSUwiJkDqjay44za3m4zfncgwfN7cWbI2WCOqSH2wggy8LNmXg65m1r1axVjzTU0iwDQ6UO4smO6bv9VuLic9wP/dPmG3qERvE+kIYcT4UjpyRyMX+MYcw+xbcm/+q4QSNIVvWR8j+L1rkT63sm9j7XgfC/N7ZIuY+Slptf8QMqc8zt5l1Yg==</wsse:BinarySecurityToken><ds:Signature xmlns:ds="http://www.w3.org/2000/09/xmldsig#">
  <ds:SignedInfo><ds:CanonicalizationMethod Algorithm="http://www.w3.org/2001/10/xml-exc-c14n#"/>
    <ds:SignatureMethod Algorithm="http://www.w3.org/2001/04/xmldsig-more#rsa-sha256"/>
  <ds:Reference URI="#pfxaed50bc7-1e6b-f79f-454c-eb340d78f216"><ds:Transforms><ds:Transform Algorithm="http://www.w3.org/2001/10/xml-exc-c14n#"/></ds:Transforms><ds:DigestMethod Algorithm="http://www.w3.org/2000/09/xmldsig#sha1"/><ds:DigestValue>oqbsKnAOPY9nHT9xohqtur1lV7I=</ds:DigestValue></ds:Reference></ds:SignedInfo><ds:SignatureValue>fwaPy72tJtJP62fJNyl4hnyOuH0hE49LFzNbSqjhWV1ZaV/1sjRObWvidz4cjlu5cDoHQyZq6N5SnsTnPedBiOA6ThJ0J0i0mJksuv+g5EHI2wyUKRUL+4hC7EUjR+fj6+V+YziBTBHCA2TBCri1lRxIRl/j4NvV+TWmQIyVUcrGiW3wXrpGLOOqe8fBgf0Zxl06ZGL6XpA60BRAThHZvC91BLs7bcxQTG59pOmvqnQbh5a5FtPh77v0NrBM3pzHVdLj+XXfgIY+Jv7R8JoaR99TSYQc3lsKb5rCBDjZKZNC885tlKMblMNTH2yYooZcrXCSwoAFyS4xjW7K4loNzA==</ds:SignatureValue>
<ds:KeyInfo><wsse:SecurityTokenReference><wsse:Reference ValueType="http://docs.oasis-open.org/wss/2004/01/oasis-200401-wss-x509-token-profile-1.0#X509v3" URI="#pfxea0152a5-be9f-6657-1a48-8ac81be220ac"/></wsse:SecurityTokenReference></ds:KeyInfo></ds:Signature></wsse:Security></soapenv:Header>
  <soapenv:Body wsu:Id="pfxaed50bc7-1e6b-f79f-454c-eb340d78f216"><EnergyAccount_MarketDocument xmlns="urn:iec62325.351:tc57wg16:451-4:energyaccountdocument:4:0"><mRID>DOC-FCR-19062025-5A-0002</mRID><revisionNumber>1</revisionNumber><type>A45</type><docStatus><value>A07</value></docStatus><process.processType>A28</process.processType><process.classificationType>A02</process.classificationType><sender_MarketParticipant.mRID codingScheme="A10">8719333027500</sender_MarketParticipant.mRID><sender_MarketParticipant.marketRole.type>A12</sender_MarketParticipant.marketRole.type><receiver_MarketParticipant.mRID codingScheme="A10">8716867999983</receiver_MarketParticipant.mRID><receiver_MarketParticipant.marketRole.type>A04</receiver_MarketParticipant.marketRole.type><createdDateTime>2025-06-19T05:00:00Z</createdDateTime><period.timeInterval><start>2025-06-17T22:00Z</start><end>2025-06-18T22:00Z</end></period.timeInterval><TimeSeries><mRID>TS-20250618-01</mRID><businessType>A11</businessType><product>8716867000016</product><objectAggregation>A02</objectAggregation><area_Domain.mRID codingScheme="A01">10YNL----------L</area_Domain.mRID><measure_Unit.name>MAW</measure_Unit.name><currency_Unit.name>EUR</currency_Unit.name><marketEvaluationPoint.mRID codingScheme="A01">871687910000500037</marketEvaluationPoint.mRID><Period><timeInterval><start>2025-06-17T22:00Z</start><end>2025-06-18T02:00Z</end></timeInterval><resolution>PT1S</resolution><Point><position>1</position><in_Quantity.quantity>0.000000</in_Quantity.quantity><out_Quantity.quantity>111.304218</out_Quantity.quantity></Point><Point><position>2</position><in_Quantity.quantity>0.000000</in_Quantity.quantity><out_Quantity.quantity>963.353713</out_Quantity.quantity></Point><Point><position>3</position><in_Quantity.quantity>0.000000</in_Quantity.quantity><out_Quantity.quantity>894.098361</out_Quantity.quantity></Point><Point><position>4</position><in_Quantity.quantity>0.000000</in_Quantity.quantity><out_Quantity.quantity>959.441717</out_Quantity.quantity></Point><Point><position>5</position><in_Quantity.quantity>0.000000</in_Quantity.quantity><out_Quantity.quantity>307.222337</out_Quantity.quantity></Point><Point><position>6</position><in_Quantity.quantity>0.000000</in_Quantity.quantity><out_Quantity.quantity>572.345518</out_Quantity.quantity></Point><Point><position>7</position><in_Quantity.quantity>0.000000</in_Quantity.quantity><out_Quantity.quantity>988.076361</out_Quantity.quantity></Point><Point><position>8</position><in_Quantity.quantity>0.000000</in_Quantity.quantity><out_Quantity.quantity>395.388348</out_Quantity.quantity></Point><Point><position>9</position><in_Quantity.quantity>0.000000</in_Quantity.quantity><out_Quantity.quantity>92.427522</out_Quantity.quantity></Point><Point><position>10</position><in_Quantity.quantity>0.000000</in_Quantity.quantity><out_Quantity.quantity>291.373766</out_Quantity.quantity></Point><Point><position>11</position><in_Quantity.quantity>0.000000</in_Quantity.quantity><out_Quantity.quantity>196.711380</out_Quantity.quantity></Point><Point><position>12</position><in_Quantity.quantity>0.000000</in_Quantity.quantity><out_Quantity.quantity>748.048814</out_Quantity.quantity></Point><Point><position>13</position><in_Quantity.quantity>0.000000</in_Quantity.quantity><out_Quantity.quantity>426.599389</out_Quantity.quantity></Point><Point><position>14</position><in_Quantity.quantity>0.000000</in_Quantity.quantity><out_Quantity.quantity>951.462295</out_Quantity.quantity></Point><Point><position>15</position><in_Quantity.quantity>0.000000</in_Quantity.quantity><out_Quantity.quantity>271.811627</out_Quantity.quantity></Point><Point><position>16</position><in_Quantity.quantity>0.000000</in_Quantity.quantity><out_Quantity.quantity>65.895589</out_Quantity.quantity></Point><Point><position>17</position><in_Quantity.quantity>0.000000</in_Quantity.quantity><out_Quantity.quantity>489.603360</out_Quantity.quantity></Point><Point><position>18</position><in_Quantity.quantity>0.000000</in_Quantity.quantity><out_Quantity.quantity>901.594999</out_Quantity.quantity></Point><Point><position>19</position><in_Quantity.quantity>0.000000</in_Quantity.quantity><out_Quantity.quantity>40.131012</out_Quantity.quantity></Point><Point><position>20</position><in_Quantity.quantity>0.000000</in_Quantity.quantity><out_Quantity.quantity>597.597652</out_Quantity.quantity></Point><Point><position>21</position><in_Quantity.quantity>0.000000</in_Quantity.quantity><out_Quantity.quantity>639.952579</out_Quantity.quantity></Point><Point><position>22</position><in_Quantity.quantity>0.000000</in_Quantity.quantity><out_Quantity.quantity>668.740256</out_Quantity.quantity></Point><Point><position>23</position><in_Quantity.quantity>0.000000</in_Quantity.quantity><out_Quantity.quantity>896.609963</out_Quantity.quantity></Point><Point><position>24</position><in_Quantity.quantity>0.000000</in_Quantity.quantity><out_Quantity.quantity>953.821694</out_Quantity.quantity></Point><Point><position>25</position><in_Quantity.quantity>0.000000</in_Quantity.quantity><out_Quantity.quantity>319.320629</out_Quantity.quantity></Point><Point><position>26</position><in_Quantity.quantity>0.000000</in_Quantity.quantity><out_Quantity.quantity>624.838047</out_Quantity.quantity></Point><Point><position>27</position><in_Quantity.quantity>0.000000</in_Quantity.quantity><out_Quantity.quantity>597.591163</out_Quantity.quantity></Point><Point><position>28</position><in_Quantity.quantity>0.000000</in_Quantity.quantity><out_Quantity.quantity>16.993863</out_Quantity.quantity></Point><Point><position>29</position><in_Quantity.quantity>0.000000</in_Quantity.quantity><out_Quantity.quantity>35.524135</out_Quantity.quantity></Point><Point><position>30</position><in_Quantity.quantity>0.000000</in_Quantity.quantity><out_Quantity.quantity>976.432248</out_Quantity.quantity></Point><Point><position>31</position><in_Quantity.quantity>0.000000</in_Quantity.quantity><out_Quantity.quantity>754.374921</out_Quantity.quantity></Point><Point><position>32</position><in_Quantity.quantity>0.000000</in_Quantity.quantity><out_Quantity.quantity>732.335573</out_Quantity.quantity></Point><Point><position>33</position><in_Quantity.quantity>0.000000</in_Quantity.quantity><out_Quantity.quantity>814.060514</out_Quantity.quantity></Point><Point><position>34</position><in_Quantity.quantity>0.000000</in_Quantity.quantity><out_Quantity.quantity>378.065931</out_Quantity.quantity></Point><Point><position>35</position><in_Quantity.quantity>0.000000</in_Quantity.quantity><out_Quantity.quantity>42.046319</out_Quantity.quantity></Point><Point><position>36</position><in_Quantity.quantity>0.000000</in_Quantity.quantity><out_Quantity.quantity>556.057991</out_Quantity.quantity></Point><Point><position>37</position><in_Quantity.quantity>0.000000</in_Quantity.quantity><out_Quantity.quantity>304.648988</out_Quantity.quantity></Point><Point><position>38</position><in_Quantity.quantity>0.000000</in_Quantity.quantity><out_Quantity.quantity>377.448442</out_Quantity.quantity></Point><Point><position>39</position><in_Quantity.quantity>0.000000</in_Quantity.quantity><out_Quantity.quantity>766.743650</out_Quantity.quantity></Point><Point><position>40</position><in_Quantity.quantity>0.000000</in_Quantity.quantity><out_Quantity.quantity>244.614009</out_Quantity.quantity></Point><Point><position>41</position><in_Quantity.quantity>0.000000</in_Quantity.quantity><out_Quantity.quantity>143.004656</out_Quantity.quantity></Point><Point><position>42</position><in_Quantity.quantity>0.000000</in_Quantity.quantity><out_Quantity.quantity>804.485288</out_Quantity.quantity></Point><Point><position>43</position><in_Quantity.quantity>0.000000</in_Quantity.quantity><out_Quantity.quantity>741.154730</out_Quantity.quantity></Point><Point><position>44</position><in_Quantity.quantity>0.000000</in_Quantity.quantity><out_Quantity.quantity>156.774506</out_Quantity.quantity></Point><Point><position>45</position><in_Quantity.quantity>0.000000</in_Quantity.quantity><out_Quantity.quantity>362.150063</out_Quantity.quantity></Point><Point><position>46</position><in_Quantity.quantity>0.000000</in_Quantity.quantity><out_Quantity.quantity>363.395667</out_Quantity.quantity></Point><Point><position>47</position><in_Quantity.quantity>0.000000</in_Quantity.quantity><out_Quantity.quantity>294.961295</out_Quantity.quantity></Point><Point><position>48</position><in_Quantity.quantity>0.000000</in_Quantity.quantity><out_Quantity.quantity>836.724426</out_Quantity.quantity></Point><Point><position>49</position><in_Quantity.quantity>0.000000</in_Quantity.quantity><out_Quantity.quantity>187.727820</out_Quantity.quantity></Point><Point><position>50</position><in_Quantity.quantity>0.000000</in_Quantity.quantity><out_Quantity.quantity>280.587202</out_Quantity.quantity></Point><Point><position>51</position><in_Quantity.quantity>0.000000</in_Quantity.quantity><out_Quantity.quantity>618.087205</out_Quantity.quantity></Point><Point><position>52</position><in_Quantity.quantity>0.000000</in_Quantity.quantity><out_Quantity.quantity>743.258215</out_Quantity.quantity></Point><Point><position>53</position><in_Quantity.quantity>0.000000</in_Quantity.quantity><out_Quantity.quantity>421.674961</out_Quantity.quantity></Point><Point><position>54</position><in_Quantity.quantity>0.000000</in_Quantity.quantity><out_Quantity.quantity>308.639076</out_Quantity.quantity></Point><Point><position>55</position><in_Quantity.quantity>0.000000</in_Quantity.quantity><out_Quantity.quantity>541.457065</out_Quantity.quantity></Point><Point><position>56</position><in_Quantity.quantity>0.000000</in_Quantity.quantity><out_Quantity.quantity>262.918430</out_Quantity.quantity></Point><Point><position>57</position><in_Quantity.quantity>0.000000</in_Quantity.quantity><out_Quantity.quantity>969.596915</out_Quantity.quantity></Point><Point><position>58</position><in_Quantity.quantity>0.000000</in_Quantity.quantity><out_Quantity.quantity>416.992221</out_Quantity.quantity></Point><Point><position>59</position><in_Quantity.quantity>0.000000</in_Quantity.quantity><out_Quantity.quantity>241.690802</out_Quantity.quantity></Point><Point><position>60</position><in_Quantity.quantity>0.000000</in_Quantity.quantity><out_Quantity.quantity>840.172093</out_Quantity.quantity></Point><Point><position>61</position><in_Quantity.quantity>0.000000</in_Quantity.quantity><out_Quantity.quantity>823.486703</out_Quantity.quantity></Point><Point><position>62</position><in_Quantity.quantity>0.000000</in_Quantity.quantity><out_Quantity.quantity>366.509709</out_Quantity.quantity></Point><Point><position>63</position><in_Quantity.quantity>0.000000</in_Quantity.quantity><out_Quantity.quantity>198.984294</out_Quantity.quantity></Point><Point><position>64</position><in_Quantity.quantity>0.000000</in_Quantity.quantity><out_Quantity.quantity>324.693445</out_Quantity.quantity></Point><Point><position>65</position><in_Quantity.quantity>0.000000</in_Quantity.quantity><out_Quantity.quantity>488.617097</out_Quantity.quantity></Point><Point><position>66</position><in_Quantity.quantity>0.000000</in_Quantity.quantity><out_Quantity.quantity>915.332264</out_Quantity.quantity></Point><Point><position>67</position><in_Quantity.quantity>0.000000</in_Quantity.quantity><out_Quantity.quantity>796.816349</out_Quantity.quantity></Point><Point><position>68</position><in_Quantity.quantity>0.000000</in_Quantity.quantity><out_Quantity.quantity>326.338670</out_Quantity.quantity></Point><Point><position>69</position><in_Quantity.quantity>0.000000</in_Quantity.quantity><out_Quantity.quantity>64.204943</out_Quantity.quantity></Point><Point><position>70</position><in_Quantity.quantity>0.000000</in_Quantity.quantity><out_Quantity.quantity>693.997333</out_Quantity.quantity></Point><Point><position>71</position><in_Quantity.quantity>0.000000</in_Quantity.quantity><out_Quantity.quantity>398.519213</out_Quantity.quantity></Point><Point><position>72</position><in_Quantity.quantity>0.000000</in_Quantity.quantity><out_Quantity.quantity>462.455927</out_Quantity.quantity></Point><Point><position>73</position><in_Quantity.quantity>0.000000</in_Quantity.quantity><out_Quantity.quantity>636.586746</out_Quantity.quantity></Point><Point><position>74</position><in_Quantity.quantity>0.000000</in_Quantity.quantity><out_Quantity.quantity>637.425574</out_Quantity.quantity></Point><Point><position>75</position><in_Quantity.quantity>0.000000</in_Quantity.quantity><out_Quantity.quantity>527.927610</out_Quantity.quantity></Point><Point><position>76</position><in_Quantity.quantity>0.000000</in_Quantity.quantity><out_Quantity.quantity>168.557155</out_Quantity.quantity></Point><Point><position>77</position><in_Quantity.quantity>0.000000</in_Quantity.quantity><out_Quantity.quantity>90.069374</out_Quantity.quantity></Point><Point><position>78</position><in_Quantity.quantity>0.000000</in_Quantity.quantity><out_Quantity.quantity>540.865146</out_Quantity.quantity></Point><Point><position>79</position><in_Quantity.quantity>0.000000</in_Quantity.quantity><out_Quantity.quantity>444.326681</out_Quantity.quantity></Point><Point><position>80</position><in_Quantity.quantity>0.000000</in_Quantity.quantity><out_Quantity.quantity>900.617248</out_Quantity.quantity></Point><Point><position>81</position><in_Quantity.quantity>0.000000</in_Quantity.quantity><out_Quantity.quantity>694.877271</out_Quantity.quantity></Point><Point><position>82</position><in_Quantity.quantity>0.000000</in_Quantity.quantity><out_Quantity.quantity>201.251447</out_Quantity.quantity></Point><Point><position>83</position><in_Quantity.quantity>0.000000</in_Quantity.quantity><out_Quantity.quantity>364.588522</out_Quantity.quantity></Point><Point><position>84</position><in_Quantity.quantity>0.000000</in_Quantity.quantity><out_Quantity.quantity>830.423806</out_Quantity.quantity></Point><Point><position>85</position><in_Quantity.quantity>0.000000</in_Quantity.quantity><out_Quantity.quantity>817.033951</out_Quantity.quantity></Point><Point><position>86</position><in_Quantity.quantity>0.000000</in_Quantity.quantity><out_Quantity.quantity>763.295510</out_Quantity.quantity></Point><Point><position>87</position><in_Quantity.quantity>0.000000</in_Quantity.quantity><out_Quantity.quantity>26.490463</out_Quantity.quantity></Point><Point><position>88</position><in_Quantity.quantity>0.000000</in_Quantity.quantity><out_Quantity.quantity>842.171463</out_Quantity.quantity></Point><Point><position>89</position><in_Quantity.quantity>0.000000</in_Quantity.quantity><out_Quantity.quantity>785.380812</out_Quantity.quantity></Point><Point><position>90</position><in_Quantity.quantity>0.000000</in_Quantity.quantity><out_Quantity.quantity>60.800137</out_Quantity.quantity></Point><Point><position>91</position><in_Quantity.quantity>0.000000</in_Quantity.quantity><out_Quantity.quantity>784.777318</out_Quantity.quantity></Point><Point><position>92</position><in_Quantity.quantity>0.000000</in_Quantity.quantity><out_Quantity.quantity>760.561930</out_Quantity.quantity></Point><Point><position>93</position><in_Quantity.quantity>0.000000</in_Quantity.quantity><out_Quantity.quantity>852.682660</out_Quantity.quantity></Point><Point><position>94</position><in_Quantity.quantity>0.000000</in_Quantity.quantity><out_Quantity.quantity>821.357791</out_Quantity.quantity></Point><Point><position>95</position><in_Quantity.quantity>0.000000</in_Quantity.quantity><out_Quantity.quantity>583.921088</out_Quantity.quantity></Point><Point><position>96</position><in_Quantity.quantity>0.000000</in_Quantity.quantity><out_Quantity.quantity>173.142661</out_Quantity.quantity></Point><Point><position>97</position><in_Quantity.quantity>0.000000</in_Quantity.quantity><out_Quantity.quantity>385.099334</out_Quantity.quantity></Point><Point><position>98</position><in_Quantity.quantity>0.000000</in_Quantity.quantity><out_Quantity.quantity>516.914156</out_Quantity.quantity></Point><Point><position>99</position><in_Quantity.quantity>0.000000</in_Quantity.quantity><out_Quantity.quantity>802.529215</out_Quantity.quantity></Point><Point><position>100</position><in_Quantity.quantity>0.000000</in_Quantity.quantity><out_Quantity.quantity>419.669289</out_Quantity.quantity></Point><Point><position>101</position><in_Quantity.quantity>0.000000</in_Quantity.quantity><out_Quantity.quantity>705.078271</out_Quantity.quantity></Point><Point><position>102</position><in_Quantity.quantity>0.000000</in_Quantity.quantity><out_Quantity.quantity>374.734586</out_Quantity.quantity></Point><Point><position>103</position><in_Quantity.quantity>0.000000</in_Quantity.quantity><out_Quantity.quantity>485.166944</out_Quantity.quantity></Point><Point><position>104</position><in_Quantity.quantity>0.000000</in_Quantity.quantity><out_Quantity.quantity>184.052368</out_Quantity.quantity></Point><Point><position>105</position><in_Quantity.quantity>0.000000</in_Quantity.quantity><out_Quantity.quantity>395.890994</out_Quantity.quantity></Point><Point><position>106</position><in_Quantity.quantity>0.000000</in_Quantity.quantity><out_Quantity.quantity>961.612957</out_Quantity.quantity></Point><Point><position>107</position><in_Quantity.quantity>0.000000</in_Quantity.quantity><out_Quantity.quantity>79.419769</out_Quantity.quantity></Point><Point><position>108</position><in_Quantity.quantity>0.000000</in_Quantity.quantity><out_Quantity.quantity>560.900018</out_Quantity.quantity></Point><Point><position>109</position><in_Quantity.quantity>0.000000</in_Quantity.quantity><out_Quantity.quantity>849.382009</out_Quantity.quantity></Point><Point><position>110</position><in_Quantity.quantity>0.000000</in_Quantity.quantity><out_Quantity.quantity>163.625012</out_Quantity.quantity></Point><Point><position>111</position><in_Quantity.quantity>0.000000</in_Quantity.quantity><out_Quantity.quantity>86.300056</out_Quantity.quantity></Point><Point><position>112</position><in_Quantity.quantity>0.000000</in_Quantity.quantity><out_Quantity.quantity>595.509198</out_Quantity.quantity></Point><Point><position>113</position><in_Quantity.quantity>0.000000</in_Quantity.quantity><out_Quantity.quantity>147.896380</out_Quantity.quantity></Point><Point><position>114</position><in_Quantity.quantity>0.000000</in_Quantity.quantity><out_Quantity.quantity>589.784291</out_Quantity.quantity></Point><Point><position>115</position><in_Quantity.quantity>0.000000</in_Quantity.quantity><out_Quantity.quantity>373.765903</out_Quantity.quantity></Point><Point><position>116</position><in_Quantity.quantity>0.000000</in_Quantity.quantity><out_Quantity.quantity>404.478650</out_Quantity.quantity></Point><Point><position>117</position><in_Quantity.quantity>0.000000</in_Quantity.quantity><out_Quantity.quantity>928.313423</out_Quantity.quantity></Point><Point><position>118</position><in_Quantity.quantity>0.000000</in_Quantity.quantity><out_Quantity.quantity>903.274036</out_Quantity.quantity></Point><Point><position>119</position><in_Quantity.quantity>0.000000</in_Quantity.quantity><out_Quantity.quantity>513.650703</out_Quantity.quantity></Point><Point><position>120</position><in_Quantity.quantity>0.000000</in_Quantity.quantity><out_Quantity.quantity>901.496930</out_Quantity.quantity></Point><Point><position>121</position><in_Quantity.quantity>0.000000</in_Quantity.quantity><out_Quantity.quantity>122.359296</out_Quantity.quantity></Point><Point><position>122</position><in_Quantity.quantity>0.000000</in_Quantity.quantity><out_Quantity.quantity>441.295215</out_Quantity.quantity></Point><Point><position>123</position><in_Quantity.quantity>0.000000</in_Quantity.quantity><out_Quantity.quantity>191.450456</out_Quantity.quantity></Point><Point><position>124</position><in_Quantity.quantity>0.000000</in_Quantity.quantity><out_Quantity.quantity>587.779517</out_Quantity.quantity></Point><Point><position>125</position><in_Quantity.quantity>0.000000</in_Quantity.quantity><out_Quantity.quantity>688.481629</out_Quantity.quantity></Point><Point><position>126</position><in_Quantity.quantity>0.000000</in_Quantity.quantity><out_Quantity.quantity>280.659604</out_Quantity.quantity></Point><Point><position>127</position><in_Quantity.quantity>0.000000</in_Quantity.quantity><out_Quantity.quantity>665.456937</out_Quantity.quantity></Point><Point><position>128</position><in_Quantity.quantity>0.000000</in_Quantity.quantity><out_Quantity.quantity>940.841890</out_Quantity.quantity></Point><Point><position>129</position><in_Quantity.quantity>0.000000</in_Quantity.quantity><out_Quantity.quantity>608.515018</out_Quantity.quantity></Point><Point><position>130</position><in_Quantity.quantity>0.000000</in_Quantity.quantity><out_Quantity.quantity>148.737508</out_Quantity.quantity></Point><Point><position>131</position><in_Quantity.quantity>0.000000</in_Quantity.quantity><out_Quantity.quantity>224.424795</out_Quantity.quantity></Point><Point><position>132</position><in_Quantity.quantity>0.000000</in_Quantity.quantity><out_Quantity.quantity>186.483873</out_Quantity.quantity></Point><Point><position>133</position><in_Quantity.quantity>0.000000</in_Quantity.quantity><out_Quantity.quantity>314.940939</out_Quantity.quantity></Point><Point><position>134</position><in_Quantity.quantity>0.000000</in_Quantity.quantity><out_Quantity.quantity>504.961874</out_Quantity.quantity></Point><Point><position>135</position><in_Quantity.quantity>0.000000</in_Quantity.quantity><out_Quantity.quantity>97.717751</out_Quantity.quantity></Point><Point><position>136</position><in_Quantity.quantity>0.000000</in_Quantity.quantity><out_Quantity.quantity>247.859251</out_Quantity.quantity></Point><Point><position>137</position><in_Quantity.quantity>0.000000</in_Quantity.quantity><out_Quantity.quantity>885.118005</out_Quantity.quantity></Point><Point><position>138</position><in_Quantity.quantity>0.000000</in_Quantity.quantity><out_Quantity.quantity>609.568358</out_Quantity.quantity></Point><Point><position>139</position><in_Quantity.quantity>0.000000</in_Quantity.quantity><out_Quantity.quantity>278.002405</out_Quantity.quantity></Point><Point><position>140</position><in_Quantity.quantity>0.000000</in_Quantity.quantity><out_Quantity.quantity>566.289304</out_Quantity.quantity></Point><Point><position>141</position><in_Quantity.quantity>0.000000</in_Quantity.quantity><out_Quantity.quantity>605.788020</out_Quantity.quantity></Point><Point><position>142</position><in_Quantity.quantity>0.000000</in_Quantity.quantity><out_Quantity.quantity>919.935340</out_Quantity.quantity></Point><Point><position>143</position><in_Quantity.quantity>0.000000</in_Quantity.quantity><out_Quantity.quantity>72.972903</out_Quantity.quantity></Point><Point><position>144</position><in_Quantity.quantity>0.000000</in_Quantity.quantity><out_Quantity.quantity>693.117191</out_Quantity.quantity></Point><Point><position>145</position><in_Quantity.quantity>0.000000</in_Quantity.quantity><out_Quantity.quantity>654.986355</out_Quantity.quantity></Point><Point><position>146</position><in_Quantity.quantity>0.000000</in_Quantity.quantity><out_Quantity.quantity>553.190933</out_Quantity.quantity></Point><Point><position>147</position><in_Quantity.quantity>0.000000</in_Quantity.quantity><out_Quantity.quantity>711.621610</out_Quantity.quantity></Point><Point><position>148</position><in_Quantity.quantity>0.000000</in_Quantity.quantity><out_Quantity.quantity>961.799391</out_Quantity.quantity></Point><Point><position>149</position><in_Quantity.quantity>0.000000</in_Quantity.quantity><out_Quantity.quantity>520.522608</out_Quantity.quantity></Point><Point><position>150</position><in_Quantity.quantity>0.000000</in_Quantity.quantity><out_Quantity.quantity>119.464289</out_Quantity.quantity></Point><Point><position>151</position><in_Quantity.quantity>0.000000</in_Quantity.quantity><out_Quantity.quantity>359.603062</out_Quantity.quantity></Point><Point><position>152</position><in_Quantity.quantity>0.000000</in_Quantity.quantity><out_Quantity.quantity>916.895396</out_Quantity.quantity></Point><Point><position>153</position><in_Quantity.quantity>0.000000</in_Quantity.quantity><out_Quantity.quantity>137.364514</out_Quantity.quantity></Point><Point><position>154</position><in_Quantity.quantity>0.000000</in_Quantity.quantity><out_Quantity.quantity>392.371461</out_Quantity.quantity></Point><Point><position>155</position><in_Quantity.quantity>0.000000</in_Quantity.quantity><out_Quantity.quantity>369.701879</out_Quantity.quantity></Point><Point><position>156</position><in_Quantity.quantity>0.000000</in_Quantity.quantity><out_Quantity.quantity>413.103076</out_Quantity.quantity></Point><Point><position>157</position><in_Quantity.quantity>0.000000</in_Quantity.quantity><out_Quantity.quantity>540.104538</out_Quantity.quantity></Point><Point><position>158</position><in_Quantity.quantity>0.000000</in_Quantity.quantity><out_Quantity.quantity>48.198281</out_Quantity.quantity></Point><Point><position>159</position><in_Quantity.quantity>0.000000</in_Quantity.quantity><out_Quantity.quantity>519.081286</out_Quantity.quantity></Point><Point><position>160</position><in_Quantity.quantity>0.000000</in_Quantity.quantity><out_Quantity.quantity>289.494241</out_Quantity.quantity></Point><Point><position>161</position><in_Quantity.quantity>0.000000</in_Quantity.quantity><out_Quantity.quantity>591.805166</out_Quantity.quantity></Point><Point><position>162</position><in_Quantity.quantity>0.000000</in_Quantity.quantity><out_Quantity.quantity>565.380338</out_Quantity.quantity></Point><Point><position>163</position><in_Quantity.quantity>0.000000</in_Quantity.quantity><out_Quantity.quantity>970.812985</out_Quantity.quantity></Point><Point><position>164</position><in_Quantity.quantity>0.000000</in_Quantity.quantity><out_Quantity.quantity>768.629874</out_Quantity.quantity></Point><Point><position>165</position><in_Quantity.quantity>0.000000</in_Quantity.quantity><out_Quantity.quantity>456.899626</out_Quantity.quantity></Point><Point><position>166</position><in_Quantity.quantity>0.000000</in_Quantity.quantity><out_Quantity.quantity>593.295291</out_Quantity.quantity></Point><Point><position>167</position><in_Quantity.quantity>0.000000</in_Quantity.quantity><out_Quantity.quantity>587.424280</out_Quantity.quantity></Point><Point><position>168</position><in_Quantity.quantity>0.000000</in_Quantity.quantity><out_Quantity.quantity>39.236454</out_Quantity.quantity></Point><Point><position>169</position><in_Quantity.quantity>0.000000</in_Quantity.quantity><out_Quantity.quantity>62.449146</out_Quantity.quantity></Point><Point><position>170</position><in_Quantity.quantity>0.000000</in_Quantity.quantity><out_Quantity.quantity>160.222456</out_Quantity.quantity></Point><Point><position>171</position><in_Quantity.quantity>0.000000</in_Quantity.quantity><out_Quantity.quantity>236.051600</out_Quantity.quantity></Point><Point><position>172</position><in_Quantity.quantity>0.000000</in_Quantity.quantity><out_Quantity.quantity>403.726790</out_Quantity.quantity></Point><Point><position>173</position><in_Quantity.quantity>0.000000</in_Quantity.quantity><out_Quantity.quantity>149.509497</out_Quantity.quantity></Point><Point><position>174</position><in_Quantity.quantity>0.000000</in_Quantity.quantity><out_Quantity.quantity>146.508557</out_Quantity.quantity></Point><Point><position>175</position><in_Quantity.quantity>0.000000</in_Quantity.quantity><out_Quantity.quantity>156.833518</out_Quantity.quantity></Point><Point><position>176</position><in_Quantity.quantity>0.000000</in_Quantity.quantity><out_Quantity.quantity>105.669561</out_Quantity.quantity></Point><Point><position>177</position><in_Quantity.quantity>0.000000</in_Quantity.quantity><out_Quantity.quantity>380.586440</out_Quantity.quantity></Point><Point><position>178</position><in_Quantity.quantity>0.000000</in_Quantity.quantity><out_Quantity.quantity>618.358500</out_Quantity.quantity></Point><Point><position>179</position><in_Quantity.quantity>0.000000</in_Quantity.quantity><out_Quantity.quantity>323.196293</out_Quantity.quantity></Point><Point><position>180</position><in_Quantity.quantity>0.000000</in_Quantity.quantity><out_Quantity.quantity>446.497306</out_Quantity.quantity></Point><Point><position>181</position><in_Quantity.quantity>0.000000</in_Quantity.quantity><out_Quantity.quantity>728.550295</out_Quantity.quantity></Point><Point><position>182</position><in_Quantity.quantity>0.000000</in_Quantity.quantity><out_Quantity.quantity>736.559055</out_Quantity.quantity></Point><Point><position>183</position><in_Quantity.quantity>0.000000</in_Quantity.quantity><out_Quantity.quantity>545.257991</out_Quantity.quantity></Point><Point><position>184</position><in_Quantity.quantity>0.000000</in_Quantity.quantity><out_Quantity.quantity>263.062063</out_Quantity.quantity></Point><Point><position>185</position><in_Quantity.quantity>0.000000</in_Quantity.quantity><out_Quantity.quantity>858.888557</out_Quantity.quantity></Point><Point><position>186</position><in_Quantity.quantity>0.000000</in_Quantity.quantity><out_Quantity.quantity>314.094016</out_Quantity.quantity></Point><Point><position>187</position><in_Quantity.quantity>0.000000</in_Quantity.quantity><out_Quantity.quantity>265.494003</out_Quantity.quantity></Point><Point><position>188</position><in_Quantity.quantity>0.000000</in_Quantity.quantity><out_Quantity.quantity>837.289529</out_Quantity.quantity></Point><Point><position>189</position><in_Quantity.quantity>0.000000</in_Quantity.quantity><out_Quantity.quantity>915.165089</out_Quantity.quantity></Point><Point><position>190</position><in_Quantity.quantity>0.000000</in_Quantity.quantity><out_Quantity.quantity>146.489033</out_Quantity.quantity></Point><Point><position>191</position><in_Quantity.quantity>0.000000</in_Quantity.quantity><out_Quantity.quantity>845.194907</out_Quantity.quantity></Point><Point><position>192</position><in_Quantity.quantity>0.000000</in_Quantity.quantity><out_Quantity.quantity>786.775226</out_Quantity.quantity></Point><Point><position>193</position><in_Quantity.quantity>0.000000</in_Quantity.quantity><out_Quantity.quantity>353.367049</out_Quantity.quantity></Point><Point><position>194</position><in_Quantity.quantity>0.000000</in_Quantity.quantity><out_Quantity.quantity>674.535972</out_Quantity.quantity></Point><Point><position>195</position><in_Quantity.quantity>0.000000</in_Quantity.quantity><out_Quantity.quantity>658.291531</out_Quantity.quantity></Point><Point><position>196</position><in_Quantity.quantity>0.000000</in_Quantity.quantity><out_Quantity.quantity>472.982630</out_Quantity.quantity></Point><Point><position>197</position><in_Quantity.quantity>0.000000</in_Quantity.quantity><out_Quantity.quantity>964.799297</out_Quantity.quantity></Point><Point><position>198</position><in_Quantity.quantity>0.000000</in_Quantity.quantity><out_Quantity.quantity>955.451032</out_Quantity.quantity></Point><Point><position>199</position><in_Quantity.quantity>0.000000</in_Quantity.quantity><out_Quantity.quantity>82.726149</out_Quantity.quantity></Point><Point><position>200</position><in_Quantity.quantity>0.000000</in_Quantity.quantity><out_Quantity.quantity>17.733969</out_Quantity.quantity></Point><Point><position>201</position><in_Quantity.quantity>0.000000</in_Quantity.quantity><out_Quantity.quantity>459.932846</out_Quantity.quantity></Point><Point><position>202</position><in_Quantity.quantity>0.000000</in_Quantity.quantity><out_Quantity.quantity>196.493878</out_Quantity.quantity></Point><Point><position>203</position><in_Quantity.quantity>0.000000</in_Quantity.quantity><out_Quantity.quantity>310.940848</out_Quantity.quantity></Point><Point><position>204</position><in_Quantity.quantity>0.000000</in_Quantity.quantity><out_Quantity.quantity>842.731479</out_Quantity.quantity></Point><Point><position>205</position><in_Quantity.quantity>0.000000</in_Quantity.quantity><out_Quantity.quantity>368.364959</out_Quantity.quantity></Point><Point><position>206</position><in_Quantity.quantity>0.000000</in_Quantity.quantity><out_Quantity.quantity>753.759117</out_Quantity.quantity></Point><Point><position>207</position><in_Quantity.quantity>0.000000</in_Quantity.quantity><out_Quantity.quantity>613.494026</out_Quantity.quantity></Point><Point><position>208</position><in_Quantity.quantity>0.000000</in_Quantity.quantity><out_Quantity.quantity>15.171864</out_Quantity.quantity></Point><Point><position>209</position><in_Quantity.quantity>0.000000</in_Quantity.quantity><out_Quantity.quantity>30.844647</out_Quantity.quantity></Point><Point><position>210</position><in_Quantity.quantity>0.000000</in_Quantity.quantity><out_Quantity.quantity>656.453092</out_Quantity.quantity></Point><Point><position>211</position><in_Quantity.quantity>0.000000</in_Quantity.quantity><out_Quantity.quantity>679.489436</out_Quantity.quantity></Point><Point><position>212</position><in_Quantity.quantity>0.000000</in_Quantity.quantity><out_Quantity.quantity>668.355304</out_Quantity.quantity></Point><Point><position>213</position><in_Quantity.quantity>0.000000</in_Quantity.quantity><out_Quantity.quantity>515.933321</out_Quantity.quantity></Point><Point><position>214</position><in_Quantity.quantity>0.000000</in_Quantity.quantity><out_Quantity.quantity>307.583571</out_Quantity.quantity></Point><Point><position>215</position><in_Quantity.quantity>0.000000</in_Quantity.quantity><out_Quantity.quantity>178.941151</out_Quantity.quantity></Point><Point><position>216</position><in_Quantity.quantity>0.000000</in_Quantity.quantity><out_Quantity.quantity>645.776299</out_Quantity.quantity></Point><Point><position>217</position><in_Quantity.quantity>0.000000</in_Quantity.quantity><out_Quantity.quantity>576.578370</out_Quantity.quantity></Point><Point><position>218</position><in_Quantity.quantity>0.000000</in_Quantity.quantity><out_Quantity.quantity>100.629840</out_Quantity.quantity></Point><Point><position>219</position><in_Quantity.quantity>0.000000</in_Quantity.quantity><out_Quantity.quantity>218.074405</out_Quantity.quantity></Point><Point><position>220</position><in_Quantity.quantity>0.000000</in_Quantity.quantity><out_Quantity.quantity>1.514458</out_Quantity.quantity></Point><Point><position>221</position><in_Quantity.quantity>0.000000</in_Quantity.quantity><out_Quantity.quantity>992.391260</out_Quantity.quantity></Point><Point><position>222</position><in_Quantity.quantity>0.000000</in_Quantity.quantity><out_Quantity.quantity>567.008903</out_Quantity.quantity></Point><Point><position>223</position><in_Quantity.quantity>0.000000</in_Quantity.quantity><out_Quantity.quantity>70.891202</out_Quantity.quantity></Point><Point><position>224</position><in_Quantity.quantity>0.000000</in_Quantity.quantity><out_Quantity.quantity>286.429998</out_Quantity.quantity></Point><Point><position>225</position><in_Quantity.quantity>0.000000</in_Quantity.quantity><out_Quantity.quantity>951.455160</out_Quantity.quantity></Point><Point><position>226</position><in_Quantity.quantity>0.000000</in_Quantity.quantity><out_Quantity.quantity>433.510585</out_Quantity.quantity></Point><Point><position>227</position><in_Quantity.quantity>0.000000</in_Quantity.quantity><out_Quantity.quantity>499.730596</out_Quantity.quantity></Point><Point><position>228</position><in_Quantity.quantity>0.000000</in_Quantity.quantity><out_Quantity.quantity>885.530513</out_Quantity.quantity></Point><Point><position>229</position><in_Quantity.quantity>0.000000</in_Quantity.quantity><out_Quantity.quantity>590.773798</out_Quantity.quantity></Point><Point><position>230</position><in_Quantity.quantity>0.000000</in_Quantity.quantity><out_Quantity.quantity>241.705328</out_Quantity.quantity></Point><Point><position>231</position><in_Quantity.quantity>0.000000</in_Quantity.quantity><out_Quantity.quantity>236.259144</out_Quantity.quantity></Point><Point><position>232</position><in_Quantity.quantity>0.000000</in_Quantity.quantity><out_Quantity.quantity>398.225264</out_Quantity.quantity></Point><Point><position>233</position><in_Quantity.quantity>0.000000</in_Quantity.quantity><out_Quantity.quantity>868.364941</out_Quantity.quantity></Point><Point><position>234</position><in_Quantity.quantity>0.000000</in_Quantity.quantity><out_Quantity.quantity>947.206641</out_Quantity.quantity></Point><Point><position>235</position><in_Quantity.quantity>0.000000</in_Quantity.quantity><out_Quantity.quantity>446.612324</out_Quantity.quantity></Point><Point><position>236</position><in_Quantity.quantity>0.000000</in_Quantity.quantity><out_Quantity.quantity>315.133452</out_Quantity.quantity></Point><Point><position>237</position><in_Quantity.quantity>0.000000</in_Quantity.quantity><out_Quantity.quantity>377.405694</out_Quantity.quantity></Point><Point><position>238</position><in_Quantity.quantity>0.000000</in_Quantity.quantity><out_Quantity.quantity>613.089991</out_Quantity.quantity></Point><Point><position>239</position><in_Quantity.quantity>0.000000</in_Quantity.quantity><out_Quantity.quantity>621.567452</out_Quantity.quantity></Point><Point><position>240</position><in_Quantity.quantity>0.000000</in_Quantity.quantity><out_Quantity.quantity>456.315184</out_Quantity.quantity></Point><Point><position>241</position><in_Quantity.quantity>0.000000</in_Quantity.quantity><out_Quantity.quantity>288.425950</out_Quantity.quantity></Point><Point><position>242</position><in_Quantity.quantity>0.000000</in_Quantity.quantity><out_Quantity.quantity>669.677972</out_Quantity.quantity></Point><Point><position>243</position><in_Quantity.quantity>0.000000</in_Quantity.quantity><out_Quantity.quantity>938.381391</out_Quantity.quantity></Point><Point><position>244</position><in_Quantity.quantity>0.000000</in_Quantity.quantity><out_Quantity.quantity>384.696780</out_Quantity.quantity></Point><Point><position>245</position><in_Quantity.quantity>0.000000</in_Quantity.quantity><out_Quantity.quantity>899.537425</out_Quantity.quantity></Point><Point><position>246</position><in_Quantity.quantity>0.000000</in_Quantity.quantity><out_Quantity.quantity>527.229873</out_Quantity.quantity></Point><Point><position>247</position><in_Quantity.quantity>0.000000</in_Quantity.quantity><out_Quantity.quantity>663.986018</out_Quantity.quantity></Point><Point><position>248</position><in_Quantity.quantity>0.000000</in_Quantity.quantity><out_Quantity.quantity>842.402900</out_Quantity.quantity></Point><Point><position>249</position><in_Quantity.quantity>0.000000</in_Quantity.quantity><out_Quantity.quantity>834.610609</out_Quantity.quantity></Point><Point><position>250</position><in_Quantity.quantity>0.000000</in_Quantity.quantity><out_Quantity.quantity>890.045275</out_Quantity.quantity></Point><Point><position>251</position><in_Quantity.quantity>0.000000</in_Quantity.quantity><out_Quantity.quantity>26.205092</out_Quantity.quantity></Point><Point><position>252</position><in_Quantity.quantity>0.000000</in_Quantity.quantity><out_Quantity.quantity>498.733653</out_Quantity.quantity></Point><Point><position>253</position><in_Quantity.quantity>0.000000</in_Quantity.quantity><out_Quantity.quantity>425.875707</out_Quantity.quantity></Point><Point><position>254</position><in_Quantity.quantity>0.000000</in_Quantity.quantity><out_Quantity.quantity>214.567694</out_Quantity.quantity></Point><Point><position>255</position><in_Quantity.quantity>0.000000</in_Quantity.quantity><out_Quantity.quantity>160.077389</out_Quantity.quantity></Point><Point><position>256</position><in_Quantity.quantity>0.000000</in_Quantity.quantity><out_Quantity.quantity>938.405829</out_Quantity.quantity></Point><Point><position>257</position><in_Quantity.quantity>0.000000</in_Quantity.quantity><out_Quantity.quantity>415.471776</out_Quantity.quantity></Point><Point><position>258</position><in_Quantity.quantity>0.000000</in_Quantity.quantity><out_Quantity.quantity>513.262437</out_Quantity.quantity></Point><Point><position>259</position><in_Quantity.quantity>0.000000</in_Quantity.quantity><out_Quantity.quantity>925.767912</out_Quantity.quantity></Point><Point><position>260</position><in_Quantity.quantity>0.000000</in_Quantity.quantity><out_Quantity.quantity>830.430869</out_Quantity.quantity></Point><Point><position>261</position><in_Quantity.quantity>0.000000</in_Quantity.quantity><out_Quantity.quantity>437.241335</out_Quantity.quantity></Point><Point><position>262</position><in_Quantity.quantity>0.000000</in_Quantity.quantity><out_Quantity.quantity>97.122473</out_Quantity.quantity></Point><Point><position>263</position><in_Quantity.quantity>0.000000</in_Quantity.quantity><out_Quantity.quantity>440.938567</out_Quantity.quantity></Point><Point><position>264</position><in_Quantity.quantity>0.000000</in_Quantity.quantity><out_Quantity.quantity>14.283525</out_Quantity.quantity></Point><Point><position>265</position><in_Quantity.quantity>0.000000</in_Quantity.quantity><out_Quantity.quantity>274.519517</out_Quantity.quantity></Point><Point><position>266</position><in_Quantity.quantity>0.000000</in_Quantity.quantity><out_Quantity.quantity>654.516832</out_Quantity.quantity></Point><Point><position>267</position><in_Quantity.quantity>0.000000</in_Quantity.quantity><out_Quantity.quantity>283.622426</out_Quantity.quantity></Point><Point><position>268</position><in_Quantity.quantity>0.000000</in_Quantity.quantity><out_Quantity.quantity>186.910484</out_Quantity.quantity></Point><Point><position>269</position><in_Quantity.quantity>0.000000</in_Quantity.quantity><out_Quantity.quantity>154.195679</out_Quantity.quantity></Point><Point><position>270</position><in_Quantity.quantity>0.000000</in_Quantity.quantity><out_Quantity.quantity>315.767635</out_Quantity.quantity></Point><Point><position>271</position><in_Quantity.quantity>0.000000</in_Quantity.quantity><out_Quantity.quantity>572.205923</out_Quantity.quantity></Point><Point><position>272</position><in_Quantity.quantity>0.000000</in_Quantity.quantity><out_Quantity.quantity>442.715741</out_Quantity.quantity></Point><Point><position>273</position><in_Quantity.quantity>0.000000</in_Quantity.quantity><out_Quantity.quantity>983.877166</out_Quantity.quantity></Point><Point><position>274</position><in_Quantity.quantity>0.000000</in_Quantity.quantity><out_Quantity.quantity>591.547522</out_Quantity.quantity></Point><Point><position>275</position><in_Quantity.quantity>0.000000</in_Quantity.quantity><out_Quantity.quantity>277.770953</out_Quantity.quantity></Point><Point><position>276</position><in_Quantity.quantity>0.000000</in_Quantity.quantity><out_Quantity.quantity>239.229082</out_Quantity.quantity></Point><Point><position>277</position><in_Quantity.quantity>0.000000</in_Quantity.quantity><out_Quantity.quantity>606.417726</out_Quantity.quantity></Point><Point><position>278</position><in_Quantity.quantity>0.000000</in_Quantity.quantity><out_Quantity.quantity>538.030790</out_Quantity.quantity></Point><Point><position>279</position><in_Quantity.quantity>0.000000</in_Quantity.quantity><out_Quantity.quantity>127.200207</out_Quantity.quantity></Point><Point><position>280</position><in_Quantity.quantity>0.000000</in_Quantity.quantity><out_Quantity.quantity>541.132930</out_Quantity.quantity></Point><Point><position>281</position><in_Quantity.quantity>0.000000</in_Quantity.quantity><out_Quantity.quantity>690.920080</out_Quantity.quantity></Point><Point><position>282</position><in_Quantity.quantity>0.000000</in_Quantity.quantity><out_Quantity.quantity>550.499533</out_Quantity.quantity></Point><Point><position>283</position><in_Quantity.quantity>0.000000</in_Quantity.quantity><out_Quantity.quantity>374.897579</out_Quantity.quantity></Point><Point><position>284</position><in_Quantity.quantity>0.000000</in_Quantity.quantity><out_Quantity.quantity>205.496645</out_Quantity.quantity></Point><Point><position>285</position><in_Quantity.quantity>0.000000</in_Quantity.quantity><out_Quantity.quantity>829.914848</out_Quantity.quantity></Point><Point><position>286</position><in_Quantity.quantity>0.000000</in_Quantity.quantity><out_Quantity.quantity>403.575619</out_Quantity.quantity></Point><Point><position>287</position><in_Quantity.quantity>0.000000</in_Quantity.quantity><out_Quantity.quantity>428.871340</out_Quantity.quantity></Point><Point><position>288</position><in_Quantity.quantity>0.000000</in_Quantity.quantity><out_Quantity.quantity>656.825991</out_Quantity.quantity></Point><Point><position>289</position><in_Quantity.quantity>0.000000</in_Quantity.quantity><out_Quantity.quantity>73.471178</out_Quantity.quantity></Point><Point><position>290</position><in_Quantity.quantity>0.000000</in_Quantity.quantity><out_Quantity.quantity>344.910720</out_Quantity.quantity></Point><Point><position>291</position><in_Quantity.quantity>0.000000</in_Quantity.quantity><out_Quantity.quantity>698.498368</out_Quantity.quantity></Point><Point><position>292</position><in_Quantity.quantity>0.000000</in_Quantity.quantity><out_Quantity.quantity>15.798400</out_Quantity.quantity></Point><Point><position>293</position><in_Quantity.quantity>0.000000</in_Quantity.quantity><out_Quantity.quantity>290.375925</out_Quantity.quantity></Point><Point><position>294</position><in_Quantity.quantity>0.000000</in_Quantity.quantity><out_Quantity.quantity>141.820757</out_Quantity.quantity></Point><Point><position>295</position><in_Quantity.quantity>0.000000</in_Quantity.quantity><out_Quantity.quantity>235.855245</out_Quantity.quantity></Point><Point><position>296</position><in_Quantity.quantity>0.000000</in_Quantity.quantity><out_Quantity.quantity>26.996523</out_Quantity.quantity></Point><Point><position>297</position><in_Quantity.quantity>0.000000</in_Quantity.quantity><out_Quantity.quantity>91.065074</out_Quantity.quantity></Point><Point><position>298</position><in_Quantity.quantity>0.000000</in_Quantity.quantity><out_Quantity.quantity>273.640083</out_Quantity.quantity></Point><Point><position>299</position><in_Quantity.quantity>0.000000</in_Quantity.quantity><out_Quantity.quantity>365.731696</out_Quantity.quantity></Point><Point><position>300</position><in_Quantity.quantity>0.000000</in_Quantity.quantity><out_Quantity.quantity>849.123422</out_Quantity.quantity></Point><Point><position>301</position><in_Quantity.quantity>0.000000</in_Quantity.quantity><out_Quantity.quantity>596.698133</out_Quantity.quantity></Point><Point><position>302</position><in_Quantity.quantity>0.000000</in_Quantity.quantity><out_Quantity.quantity>835.680729</out_Quantity.quantity></Point><Point><position>303</position><in_Quantity.quantity>0.000000</in_Quantity.quantity><out_Quantity.quantity>675.192652</out_Quantity.quantity></Point><Point><position>304</position><in_Quantity.quantity>0.000000</in_Quantity.quantity><out_Quantity.quantity>320.398020</out_Quantity.quantity></Point><Point><position>305</position><in_Quantity.quantity>0.000000</in_Quantity.quantity><out_Quantity.quantity>718.379663</out_Quantity.quantity></Point><Point><position>306</position><in_Quantity.quantity>0.000000</in_Quantity.quantity><out_Quantity.quantity>317.535030</out_Quantity.quantity></Point><Point><position>307</position><in_Quantity.quantity>0.000000</in_Quantity.quantity><out_Quantity.quantity>770.263201</out_Quantity.quantity></Point><Point><position>308</position><in_Quantity.quantity>0.000000</in_Quantity.quantity><out_Quantity.quantity>970.358915</out_Quantity.quantity></Point><Point><position>309</position><in_Quantity.quantity>0.000000</in_Quantity.quantity><out_Quantity.quantity>72.497393</out_Quantity.quantity></Point><Point><position>310</position><in_Quantity.quantity>0.000000</in_Quantity.quantity><out_Quantity.quantity>294.251833</out_Quantity.quantity></Point><Point><position>311</position><in_Quantity.quantity>0.000000</in_Quantity.quantity><out_Quantity.quantity>856.515212</out_Quantity.quantity></Point><Point><position>312</position><in_Quantity.quantity>0.000000</in_Quantity.quantity><out_Quantity.quantity>912.189816</out_Quantity.quantity></Point><Point><position>313</position><in_Quantity.quantity>0.000000</in_Quantity.quantity><out_Quantity.quantity>793.158127</out_Quantity.quantity></Point><Point><position>314</position><in_Quantity.quantity>0.000000</in_Quantity.quantity><out_Quantity.quantity>985.774839</out_Quantity.quantity></Point><Point><position>315</position><in_Quantity.quantity>0.000000</in_Quantity.quantity><out_Quantity.quantity>289.225346</out_Quantity.quantity></Point><Point><position>316</position><in_Quantity.quantity>0.000000</in_Quantity.quantity><out_Quantity.quantity>403.926985</out_Quantity.quantity></Point><Point><position>317</position><in_Quantity.quantity>0.000000</in_Quantity.quantity><out_Quantity.quantity>167.920534</out_Quantity.quantity></Point><Point><position>318</position><in_Quantity.quantity>0.000000</in_Quantity.quantity><out_Quantity.quantity>452.188402</out_Quantity.quantity></Point><Point><position>319</position><in_Quantity.quantity>0.000000</in_Quantity.quantity><out_Quantity.quantity>580.854595</out_Quantity.quantity></Point><Point><position>320</position><in_Quantity.quantity>0.000000</in_Quantity.quantity><out_Quantity.quantity>691.371879</out_Quantity.quantity></Point><Point><position>321</position><in_Quantity.quantity>0.000000</in_Quantity.quantity><out_Quantity.quantity>922.755197</out_Quantity.quantity></Point><Point><position>322</position><in_Quantity.quantity>0.000000</in_Quantity.quantity><out_Quantity.quantity>671.602540</out_Quantity.quantity></Point><Point><position>323</position><in_Quantity.quantity>0.000000</in_Quantity.quantity><out_Quantity.quantity>125.434274</out_Quantity.quantity></Point><Point><position>324</position><in_Quantity.quantity>0.000000</in_Quantity.quantity><out_Quantity.quantity>497.386475</out_Quantity.quantity></Point><Point><position>325</position><in_Quantity.quantity>0.000000</in_Quantity.quantity><out_Quantity.quantity>161.468021</out_Quantity.quantity></Point><Point><position>326</position><in_Quantity.quantity>0.000000</in_Quantity.quantity><out_Quantity.quantity>870.234671</out_Quantity.quantity></Point><Point><position>327</position><in_Quantity.quantity>0.000000</in_Quantity.quantity><out_Quantity.quantity>891.562626</out_Quantity.quantity></Point><Point><position>328</position><in_Quantity.quantity>0.000000</in_Quantity.quantity><out_Quantity.quantity>806.958412</out_Quantity.quantity></Point><Point><position>329</position><in_Quantity.quantity>0.000000</in_Quantity.quantity><out_Quantity.quantity>945.202747</out_Quantity.quantity></Point><Point><position>330</position><in_Quantity.quantity>0.000000</in_Quantity.quantity><out_Quantity.quantity>332.823462</out_Quantity.quantity></Point><Point><position>331</position><in_Quantity.quantity>0.000000</in_Quantity.quantity><out_Quantity.quantity>261.633729</out_Quantity.quantity></Point><Point><position>332</position><in_Quantity.quantity>0.000000</in_Quantity.quantity><out_Quantity.quantity>657.752507</out_Quantity.quantity></Point><Point><position>333</position><in_Quantity.quantity>0.000000</in_Quantity.quantity><out_Quantity.quantity>946.647033</out_Quantity.quantity></Point><Point><position>334</position><in_Quantity.quantity>0.000000</in_Quantity.quantity><out_Quantity.quantity>34.416575</out_Quantity.quantity></Point><Point><position>335</position><in_Quantity.quantity>0.000000</in_Quantity.quantity><out_Quantity.quantity>336.959724</out_Quantity.quantity></Point><Point><position>336</position><in_Quantity.quantity>0.000000</in_Quantity.quantity><out_Quantity.quantity>424.783724</out_Quantity.quantity></Point><Point><position>337</position><in_Quantity.quantity>0.000000</in_Quantity.quantity><out_Quantity.quantity>650.655048</out_Quantity.quantity></Point><Point><position>338</position><in_Quantity.quantity>0.000000</in_Quantity.quantity><out_Quantity.quantity>254.715548</out_Quantity.quantity></Point><Point><position>339</position><in_Quantity.quantity>0.000000</in_Quantity.quantity><out_Quantity.quantity>91.433943</out_Quantity.quantity></Point><Point><position>340</position><in_Quantity.quantity>0.000000</in_Quantity.quantity><out_Quantity.quantity>710.327145</out_Quantity.quantity></Point><Point><position>341</position><in_Quantity.quantity>0.000000</in_Quantity.quantity><out_Quantity.quantity>34.601835</out_Quantity.quantity></Point><Point><position>342</position><in_Quantity.quantity>0.000000</in_Quantity.quantity><out_Quantity.quantity>414.343321</out_Quantity.quantity></Point><Point><position>343</position><in_Quantity.quantity>0.000000</in_Quantity.quantity><out_Quantity.quantity>211.982910</out_Quantity.quantity></Point><Point><position>344</position><in_Quantity.quantity>0.000000</in_Quantity.quantity><out_Quantity.quantity>522.508751</out_Quantity.quantity></Point><Point><position>345</position><in_Quantity.quantity>0.000000</in_Quantity.quantity><out_Quantity.quantity>362.804210</out_Quantity.quantity></Point><Point><position>346</position><in_Quantity.quantity>0.000000</in_Quantity.quantity><out_Quantity.quantity>538.169953</out_Quantity.quantity></Point><Point><position>347</position><in_Quantity.quantity>0.000000</in_Quantity.quantity><out_Quantity.quantity>838.017956</out_Quantity.quantity></Point><Point><position>348</position><in_Quantity.quantity>0.000000</in_Quantity.quantity><out_Quantity.quantity>977.869001</out_Quantity.quantity></Point><Point><position>349</position><in_Quantity.quantity>0.000000</in_Quantity.quantity><out_Quantity.quantity>889.561981</out_Quantity.quantity></Point><Point><position>350</position><in_Quantity.quantity>0.000000</in_Quantity.quantity><out_Quantity.quantity>803.040778</out_Quantity.quantity></Point><Point><position>351</position><in_Quantity.quantity>0.000000</in_Quantity.quantity><out_Quantity.quantity>853.918720</out_Quantity.quantity></Point><Point><position>352</position><in_Quantity.quantity>0.000000</in_Quantity.quantity><out_Quantity.quantity>869.371391</out_Quantity.quantity></Point><Point><position>353</position><in_Quantity.quantity>0.000000</in_Quantity.quantity><out_Quantity.quantity>635.907333</out_Quantity.quantity></Point><Point><position>354</position><in_Quantity.quantity>0.000000</in_Quantity.quantity><out_Quantity.quantity>755.112042</out_Quantity.quantity></Point><Point><position>355</position><in_Quantity.quantity>0.000000</in_Quantity.quantity><out_Quantity.quantity>896.980805</out_Quantity.quantity></Point><Point><position>356</position><in_Quantity.quantity>0.000000</in_Quantity.quantity><out_Quantity.quantity>122.066238</out_Quantity.quantity></Point><Point><position>357</position><in_Quantity.quantity>0.000000</in_Quantity.quantity><out_Quantity.quantity>437.868640</out_Quantity.quantity></Point><Point><position>358</position><in_Quantity.quantity>0.000000</in_Quantity.quantity><out_Quantity.quantity>76.082735</out_Quantity.quantity></Point><Point><position>359</position><in_Quantity.quantity>0.000000</in_Quantity.quantity><out_Quantity.quantity>341.861283</out_Quantity.quantity></Point><Point><position>360</position><in_Quantity.quantity>0.000000</in_Quantity.quantity><out_Quantity.quantity>394.784284</out_Quantity.quantity></Point><Point><position>361</position><in_Quantity.quantity>0.000000</in_Quantity.quantity><out_Quantity.quantity>927.675594</out_Quantity.quantity></Point><Point><position>362</position><in_Quantity.quantity>0.000000</in_Quantity.quantity><out_Quantity.quantity>208.468468</out_Quantity.quantity></Point><Point><position>363</position><in_Quantity.quantity>0.000000</in_Quantity.quantity><out_Quantity.quantity>629.774746</out_Quantity.quantity></Point><Point><position>364</position><in_Quantity.quantity>0.000000</in_Quantity.quantity><out_Quantity.quantity>883.366662</out_Quantity.quantity></Point><Point><position>365</position><in_Quantity.quantity>0.000000</in_Quantity.quantity><out_Quantity.quantity>521.988718</out_Quantity.quantity></Point><Point><position>366</position><in_Quantity.quantity>0.000000</in_Quantity.quantity><out_Quantity.quantity>229.313998</out_Quantity.quantity></Point><Point><position>367</position><in_Quantity.quantity>0.000000</in_Quantity.quantity><out_Quantity.quantity>568.514731</out_Quantity.quantity></Point><Point><position>368</position><in_Quantity.quantity>0.000000</in_Quantity.quantity><out_Quantity.quantity>304.964944</out_Quantity.quantity></Point><Point><position>369</position><in_Quantity.quantity>0.000000</in_Quantity.quantity><out_Quantity.quantity>914.908811</out_Quantity.quantity></Point><Point><position>370</position><in_Quantity.quantity>0.000000</in_Quantity.quantity><out_Quantity.quantity>452.549526</out_Quantity.quantity></Point><Point><position>371</position><in_Quantity.quantity>0.000000</in_Quantity.quantity><out_Quantity.quantity>304.129115</out_Quantity.quantity></Point><Point><position>372</position><in_Quantity.quantity>0.000000</in_Quantity.quantity><out_Quantity.quantity>537.040677</out_Quantity.quantity></Point><Point><position>373</position><in_Quantity.quantity>0.000000</in_Quantity.quantity><out_Quantity.quantity>169.759031</out_Quantity.quantity></Point><Point><position>374</position><in_Quantity.quantity>0.000000</in_Quantity.quantity><out_Quantity.quantity>519.761681</out_Quantity.quantity></Point><Point><position>375</position><in_Quantity.quantity>0.000000</in_Quantity.quantity><out_Quantity.quantity>661.657680</out_Quantity.quantity></Point><Point><position>376</position><in_Quantity.quantity>0.000000</in_Quantity.quantity><out_Quantity.quantity>985.406770</out_Quantity.quantity></Point><Point><position>377</position><in_Quantity.quantity>0.000000</in_Quantity.quantity><out_Quantity.quantity>937.098948</out_Quantity.quantity></Point><Point><position>378</position><in_Quantity.quantity>0.000000</in_Quantity.quantity><out_Quantity.quantity>386.577754</out_Quantity.quantity></Point><Point><position>379</position><in_Quantity.quantity>0.000000</in_Quantity.quantity><out_Quantity.quantity>90.816590</out_Quantity.quantity></Point><Point><position>380</position><in_Quantity.quantity>0.000000</in_Quantity.quantity><out_Quantity.quantity>116.031808</out_Quantity.quantity></Point><Point><position>381</position><in_Quantity.quantity>0.000000</in_Quantity.quantity><out_Quantity.quantity>481.706641</out_Quantity.quantity></Point><Point><position>382</position><in_Quantity.quantity>0.000000</in_Quantity.quantity><out_Quantity.quantity>860.633534</out_Quantity.quantity></Point><Point><position>383</position><in_Quantity.quantity>0.000000</in_Quantity.quantity><out_Quantity.quantity>187.512583</out_Quantity.quantity></Point><Point><position>384</position><in_Quantity.quantity>0.000000</in_Quantity.quantity><out_Quantity.quantity>162.630662</out_Quantity.quantity></Point><Point><position>385</position><in_Quantity.quantity>0.000000</in_Quantity.quantity><out_Quantity.quantity>588.591134</out_Quantity.quantity></Point><Point><position>386</position><in_Quantity.quantity>0.000000</in_Quantity.quantity><out_Quantity.quantity>149.141399</out_Quantity.quantity></Point><Point><position>387</position><in_Quantity.quantity>0.000000</in_Quantity.quantity><out_Quantity.quantity>580.080224</out_Quantity.quantity></Point><Point><position>388</position><in_Quantity.quantity>0.000000</in_Quantity.quantity><out_Quantity.quantity>221.856518</out_Quantity.quantity></Point><Point><position>389</position><in_Quantity.quantity>0.000000</in_Quantity.quantity><out_Quantity.quantity>872.638345</out_Quantity.quantity></Point><Point><position>390</position><in_Quantity.quantity>0.000000</in_Quantity.quantity><out_Quantity.quantity>339.045746</out_Quantity.quantity></Point><Point><position>391</position><in_Quantity.quantity>0.000000</in_Quantity.quantity><out_Quantity.quantity>734.741925</out_Quantity.quantity></Point><Point><position>392</position><in_Quantity.quantity>0.000000</in_Quantity.quantity><out_Quantity.quantity>644.811319</out_Quantity.quantity></Point><Point><position>393</position><in_Quantity.quantity>0.000000</in_Quantity.quantity><out_Quantity.quantity>643.164003</out_Quantity.quantity></Point><Point><position>394</position><in_Quantity.quantity>0.000000</in_Quantity.quantity><out_Quantity.quantity>403.749783</out_Quantity.quantity></Point><Point><position>395</position><in_Quantity.quantity>0.000000</in_Quantity.quantity><out_Quantity.quantity>261.192854</out_Quantity.quantity></Point><Point><position>396</position><in_Quantity.quantity>0.000000</in_Quantity.quantity><out_Quantity.quantity>446.772041</out_Quantity.quantity></Point><Point><position>397</position><in_Quantity.quantity>0.000000</in_Quantity.quantity><out_Quantity.quantity>407.212191</out_Quantity.quantity></Point><Point><position>398</position><in_Quantity.quantity>0.000000</in_Quantity.quantity><out_Quantity.quantity>264.836321</out_Quantity.quantity></Point><Point><position>399</position><in_Quantity.quantity>0.000000</in_Quantity.quantity><out_Quantity.quantity>992.372515</out_Quantity.quantity></Point><Point><position>400</position><in_Quantity.quantity>0.000000</in_Quantity.quantity><out_Quantity.quantity>59.631305</out_Quantity.quantity></Point><Point><position>401</position><in_Quantity.quantity>0.000000</in_Quantity.quantity><out_Quantity.quantity>801.892144</out_Quantity.quantity></Point><Point><position>402</position><in_Quantity.quantity>0.000000</in_Quantity.quantity><out_Quantity.quantity>239.556094</out_Quantity.quantity></Point><Point><position>403</position><in_Quantity.quantity>0.000000</in_Quantity.quantity><out_Quantity.quantity>404.363501</out_Quantity.quantity></Point><Point><position>404</position><in_Quantity.quantity>0.000000</in_Quantity.quantity><out_Quantity.quantity>253.936160</out_Quantity.quantity></Point><Point><position>405</position><in_Quantity.quantity>0.000000</in_Quantity.quantity><out_Quantity.quantity>839.648271</out_Quantity.quantity></Point><Point><position>406</position><in_Quantity.quantity>0.000000</in_Quantity.quantity><out_Quantity.quantity>457.303173</out_Quantity.quantity></Point><Point><position>407</position><in_Quantity.quantity>0.000000</in_Quantity.quantity><out_Quantity.quantity>888.436494</out_Quantity.quantity></Point><Point><position>408</position><in_Quantity.quantity>0.000000</in_Quantity.quantity><out_Quantity.quantity>756.522227</out_Quantity.quantity></Point><Point><position>409</position><in_Quantity.quantity>0.000000</in_Quantity.quantity><out_Quantity.quantity>703.597106</out_Quantity.quantity></Point><Point><position>410</position><in_Quantity.quantity>0.000000</in_Quantity.quantity><out_Quantity.quantity>3.656018</out_Quantity.quantity></Point><Point><position>411</position><in_Quantity.quantity>0.000000</in_Quantity.quantity><out_Quantity.quantity>448.052453</out_Quantity.quantity></Point><Point><position>412</position><in_Quantity.quantity>0.000000</in_Quantity.quantity><out_Quantity.quantity>141.904051</out_Quantity.quantity></Point><Point><position>413</position><in_Quantity.quantity>0.000000</in_Quantity.quantity><out_Quantity.quantity>274.573636</out_Quantity.quantity></Point><Point><position>414</position><in_Quantity.quantity>0.000000</in_Quantity.quantity><out_Quantity.quantity>392.570073</out_Quantity.quantity></Point><Point><position>415</position><in_Quantity.quantity>0.000000</in_Quantity.quantity><out_Quantity.quantity>452.591936</out_Quantity.quantity></Point><Point><position>416</position><in_Quantity.quantity>0.000000</in_Quantity.quantity><out_Quantity.quantity>30.231979</out_Quantity.quantity></Point><Point><position>417</position><in_Quantity.quantity>0.000000</in_Quantity.quantity><out_Quantity.quantity>730.905692</out_Quantity.quantity></Point><Point><position>418</position><in_Quantity.quantity>0.000000</in_Quantity.quantity><out_Quantity.quantity>613.236622</out_Quantity.quantity></Point><Point><position>419</position><in_Quantity.quantity>0.000000</in_Quantity.quantity><out_Quantity.quantity>590.915344</out_Quantity.quantity></Point><Point><position>420</position><in_Quantity.quantity>0.000000</in_Quantity.quantity><out_Quantity.quantity>72.639483</out_Quantity.quantity></Point><Point><position>421</position><in_Quantity.quantity>0.000000</in_Quantity.quantity><out_Quantity.quantity>361.899395</out_Quantity.quantity></Point><Point><position>422</position><in_Quantity.quantity>0.000000</in_Quantity.quantity><out_Quantity.quantity>863.421839</out_Quantity.quantity></Point><Point><position>423</position><in_Quantity.quantity>0.000000</in_Quantity.quantity><out_Quantity.quantity>772.220089</out_Quantity.quantity></Point><Point><position>424</position><in_Quantity.quantity>0.000000</in_Quantity.quantity><out_Quantity.quantity>413.333112</out_Quantity.quantity></Point><Point><position>425</position><in_Quantity.quantity>0.000000</in_Quantity.quantity><out_Quantity.quantity>81.306820</out_Quantity.quantity></Point><Point><position>426</position><in_Quantity.quantity>0.000000</in_Quantity.quantity><out_Quantity.quantity>975.438271</out_Quantity.quantity></Point><Point><position>427</position><in_Quantity.quantity>0.000000</in_Quantity.quantity><out_Quantity.quantity>963.788835</out_Quantity.quantity></Point><Point><position>428</position><in_Quantity.quantity>0.000000</in_Quantity.quantity><out_Quantity.quantity>33.796778</out_Quantity.quantity></Point><Point><position>429</position><in_Quantity.quantity>0.000000</in_Quantity.quantity><out_Quantity.quantity>361.637660</out_Quantity.quantity></Point><Point><position>430</position><in_Quantity.quantity>0.000000</in_Quantity.quantity><out_Quantity.quantity>554.347106</out_Quantity.quantity></Point><Point><position>431</position><in_Quantity.quantity>0.000000</in_Quantity.quantity><out_Quantity.quantity>321.535943</out_Quantity.quantity></Point><Point><position>432</position><in_Quantity.quantity>0.000000</in_Quantity.quantity><out_Quantity.quantity>374.828901</out_Quantity.quantity></Point><Point><position>433</position><in_Quantity.quantity>0.000000</in_Quantity.quantity><out_Quantity.quantity>684.867287</out_Quantity.quantity></Point><Point><position>434</position><in_Quantity.quantity>0.000000</in_Quantity.quantity><out_Quantity.quantity>213.791023</out_Quantity.quantity></Point><Point><position>435</position><in_Quantity.quantity>0.000000</in_Quantity.quantity><out_Quantity.quantity>829.944312</out_Quantity.quantity></Point><Point><position>436</position><in_Quantity.quantity>0.000000</in_Quantity.quantity><out_Quantity.quantity>999.177541</out_Quantity.quantity></Point><Point><position>437</position><in_Quantity.quantity>0.000000</in_Quantity.quantity><out_Quantity.quantity>941.386599</out_Quantity.quantity></Point><Point><position>438</position><in_Quantity.quantity>0.000000</in_Quantity.quantity><out_Quantity.quantity>635.309593</out_Quantity.quantity></Point><Point><position>439</position><in_Quantity.quantity>0.000000</in_Quantity.quantity><out_Quantity.quantity>981.242721</out_Quantity.quantity></Point><Point><position>440</position><in_Quantity.quantity>0.000000</in_Quantity.quantity><out_Quantity.quantity>720.014514</out_Quantity.quantity></Point><Point><position>441</position><in_Quantity.quantity>0.000000</in_Quantity.quantity><out_Quantity.quantity>976.870194</out_Quantity.quantity></Point><Point><position>442</position><in_Quantity.quantity>0.000000</in_Quantity.quantity><out_Quantity.quantity>623.722543</out_Quantity.quantity></Point><Point><position>443</position><in_Quantity.quantity>0.000000</in_Quantity.quantity><out_Quantity.quantity>717.008097</out_Quantity.quantity></Point><Point><position>444</position><in_Quantity.quantity>0.000000</in_Quantity.quantity><out_Quantity.quantity>333.056363</out_Quantity.quantity></Point><Point><position>445</position><in_Quantity.quantity>0.000000</in_Quantity.quantity><out_Quantity.quantity>878.391382</out_Quantity.quantity></Point><Point><position>446</position><in_Quantity.quantity>0.000000</in_Quantity.quantity><out_Quantity.quantity>293.312808</out_Quantity.quantity></Point><Point><position>447</position><in_Quantity.quantity>0.000000</in_Quantity.quantity><out_Quantity.quantity>667.005359</out_Quantity.quantity></Point><Point><position>448</position><in_Quantity.quantity>0.000000</in_Quantity.quantity><out_Quantity.quantity>97.843358</out_Quantity.quantity></Point><Point><position>449</position><in_Quantity.quantity>0.000000</in_Quantity.quantity><out_Quantity.quantity>551.575454</out_Quantity.quantity></Point><Point><position>450</position><in_Quantity.quantity>0.000000</in_Quantity.quantity><out_Quantity.quantity>142.961097</out_Quantity.quantity></Point><Point><position>451</position><in_Quantity.quantity>0.000000</in_Quantity.quantity><out_Quantity.quantity>31.152607</out_Quantity.quantity></Point><Point><position>452</position><in_Quantity.quantity>0.000000</in_Quantity.quantity><out_Quantity.quantity>901.104852</out_Quantity.quantity></Point><Point><position>453</position><in_Quantity.quantity>0.000000</in_Quantity.quantity><out_Quantity.quantity>715.303868</out_Quantity.quantity></Point><Point><position>454</position><in_Quantity.quantity>0.000000</in_Quantity.quantity><out_Quantity.quantity>635.861523</out_Quantity.quantity></Point><Point><position>455</position><in_Quantity.quantity>0.000000</in_Quantity.quantity><out_Quantity.quantity>865.691715</out_Quantity.quantity></Point><Point><position>456</position><in_Quantity.quantity>0.000000</in_Quantity.quantity><out_Quantity.quantity>213.971384</out_Quantity.quantity></Point><Point><position>457</position><in_Quantity.quantity>0.000000</in_Quantity.quantity><out_Quantity.quantity>192.781936</out_Quantity.quantity></Point><Point><position>458</position><in_Quantity.quantity>0.000000</in_Quantity.quantity><out_Quantity.quantity>391.385145</out_Quantity.quantity></Point><Point><position>459</position><in_Quantity.quantity>0.000000</in_Quantity.quantity><out_Quantity.quantity>249.449704</out_Quantity.quantity></Point><Point><position>460</position><in_Quantity.quantity>0.000000</in_Quantity.quantity><out_Quantity.quantity>122.656990</out_Quantity.quantity></Point><Point><position>461</position><in_Quantity.quantity>0.000000</in_Quantity.quantity><out_Quantity.quantity>927.299004</out_Quantity.quantity></Point><Point><position>462</position><in_Quantity.quantity>0.000000</in_Quantity.quantity><out_Quantity.quantity>793.810285</out_Quantity.quantity></Point><Point><position>463</position><in_Quantity.quantity>0.000000</in_Quantity.quantity><out_Quantity.quantity>608.204104</out_Quantity.quantity></Point><Point><position>464</position><in_Quantity.quantity>0.000000</in_Quantity.quantity><out_Quantity.quantity>738.915506</out_Quantity.quantity></Point><Point><position>465</position><in_Quantity.quantity>0.000000</in_Quantity.quantity><out_Quantity.quantity>329.579601</out_Quantity.quantity></Point><Point><position>466</position><in_Quantity.quantity>0.000000</in_Quantity.quantity><out_Quantity.quantity>671.347267</out_Quantity.quantity></Point><Point><position>467</position><in_Quantity.quantity>0.000000</in_Quantity.quantity><out_Quantity.quantity>422.862620</out_Quantity.quantity></Point><Point><position>468</position><in_Quantity.quantity>0.000000</in_Quantity.quantity><out_Quantity.quantity>919.024172</out_Quantity.quantity></Point><Point><position>469</position><in_Quantity.quantity>0.000000</in_Quantity.quantity><out_Quantity.quantity>842.589600</out_Quantity.quantity></Point><Point><position>470</position><in_Quantity.quantity>0.000000</in_Quantity.quantity><out_Quantity.quantity>452.402383</out_Quantity.quantity></Point><Point><position>471</position><in_Quantity.quantity>0.000000</in_Quantity.quantity><out_Quantity.quantity>228.632814</out_Quantity.quantity></Point><Point><position>472</position><in_Quantity.quantity>0.000000</in_Quantity.quantity><out_Quantity.quantity>727.254220</out_Quantity.quantity></Point><Point><position>473</position><in_Quantity.quantity>0.000000</in_Quantity.quantity><out_Quantity.quantity>324.317392</out_Quantity.quantity></Point><Point><position>474</position><in_Quantity.quantity>0.000000</in_Quantity.quantity><out_Quantity.quantity>860.008533</out_Quantity.quantity></Point><Point><position>475</position><in_Quantity.quantity>0.000000</in_Quantity.quantity><out_Quantity.quantity>550.692893</out_Quantity.quantity></Point><Point><position>476</position><in_Quantity.quantity>0.000000</in_Quantity.quantity><out_Quantity.quantity>979.963851</out_Quantity.quantity></Point><Point><position>477</position><in_Quantity.quantity>0.000000</in_Quantity.quantity><out_Quantity.quantity>573.921188</out_Quantity.quantity></Point><Point><position>478</position><in_Quantity.quantity>0.000000</in_Quantity.quantity><out_Quantity.quantity>341.075526</out_Quantity.quantity></Point><Point><position>479</position><in_Quantity.quantity>0.000000</in_Quantity.quantity><out_Quantity.quantity>837.553275</out_Quantity.quantity></Point><Point><position>480</position><in_Quantity.quantity>0.000000</in_Quantity.quantity><out_Quantity.quantity>729.571014</out_Quantity.quantity></Point><Point><position>481</position><in_Quantity.quantity>0.000000</in_Quantity.quantity><out_Quantity.quantity>673.142225</out_Quantity.quantity></Point><Point><position>482</position><in_Quantity.quantity>0.000000</in_Quantity.quantity><out_Quantity.quantity>702.866364</out_Quantity.quantity></Point><Point><position>483</position><in_Quantity.quantity>0.000000</in_Quantity.quantity><out_Quantity.quantity>712.992187</out_Quantity.quantity></Point><Point><position>484</position><in_Quantity.quantity>0.000000</in_Quantity.quantity><out_Quantity.quantity>158.376202</out_Quantity.quantity></Point><Point><position>485</position><in_Quantity.quantity>0.000000</in_Quantity.quantity><out_Quantity.quantity>460.924079</out_Quantity.quantity></Point><Point><position>486</position><in_Quantity.quantity>0.000000</in_Quantity.quantity><out_Quantity.quantity>805.105912</out_Quantity.quantity></Point><Point><position>487</position><in_Quantity.quantity>0.000000</in_Quantity.quantity><out_Quantity.quantity>854.654046</out_Quantity.quantity></Point><Point><position>488</position><in_Quantity.quantity>0.000000</in_Quantity.quantity><out_Quantity.quantity>781.948561</out_Quantity.quantity></Point><Point><position>489</position><in_Quantity.quantity>0.000000</in_Quantity.quantity><out_Quantity.quantity>393.052681</out_Quantity.quantity></Point><Point><position>490</position><in_Quantity.quantity>0.000000</in_Quantity.quantity><out_Quantity.quantity>743.689497</out_Quantity.quantity></Point><Point><position>491</position><in_Quantity.quantity>0.000000</in_Quantity.quantity><out_Quantity.quantity>556.429286</out_Quantity.quantity></Point><Point><position>492</position><in_Quantity.quantity>0.000000</in_Quantity.quantity><out_Quantity.quantity>784.552366</out_Quantity.quantity></Point><Point><position>493</position><in_Quantity.quantity>0.000000</in_Quantity.quantity><out_Quantity.quantity>866.348697</out_Quantity.quantity></Point><Point><position>494</position><in_Quantity.quantity>0.000000</in_Quantity.quantity><out_Quantity.quantity>969.593725</out_Quantity.quantity></Point><Point><position>495</position><in_Quantity.quantity>0.000000</in_Quantity.quantity><out_Quantity.quantity>252.107493</out_Quantity.quantity></Point><Point><position>496</position><in_Quantity.quantity>0.000000</in_Quantity.quantity><out_Quantity.quantity>944.053560</out_Quantity.quantity></Point><Point><position>497</position><in_Quantity.quantity>0.000000</in_Quantity.quantity><out_Quantity.quantity>777.912393</out_Quantity.quantity></Point><Point><position>498</position><in_Quantity.quantity>0.000000</in_Quantity.quantity><out_Quantity.quantity>750.416440</out_Quantity.quantity></Point><Point><position>499</position><in_Quantity.quantity>0.000000</in_Quantity.quantity><out_Quantity.quantity>775.217977</out_Quantity.quantity></Point><Point><position>500</position><in_Quantity.quantity>0.000000</in_Quantity.quantity><out_Quantity.quantity>586.173902</out_Quantity.quantity></Point><Point><position>501</position><in_Quantity.quantity>0.000000</in_Quantity.quantity><out_Quantity.quantity>923.650104</out_Quantity.quantity></Point><Point><position>502</position><in_Quantity.quantity>0.000000</in_Quantity.quantity><out_Quantity.quantity>178.927582</out_Quantity.quantity></Point><Point><position>503</position><in_Quantity.quantity>0.000000</in_Quantity.quantity><out_Quantity.quantity>488.703732</out_Quantity.quantity></Point><Point><position>504</position><in_Quantity.quantity>0.000000</in_Quantity.quantity><out_Quantity.quantity>768.484612</out_Quantity.quantity></Point><Point><position>505</position><in_Quantity.quantity>0.000000</in_Quantity.quantity><out_Quantity.quantity>95.636090</out_Quantity.quantity></Point><Point><position>506</position><in_Quantity.quantity>0.000000</in_Quantity.quantity><out_Quantity.quantity>450.210337</out_Quantity.quantity></Point><Point><position>507</position><in_Quantity.quantity>0.000000</in_Quantity.quantity><out_Quantity.quantity>615.173541</out_Quantity.quantity></Point><Point><position>508</position><in_Quantity.quantity>0.000000</in_Quantity.quantity><out_Quantity.quantity>895.703216</out_Quantity.quantity></Point><Point><position>509</position><in_Quantity.quantity>0.000000</in_Quantity.quantity><out_Quantity.quantity>3.789686</out_Quantity.quantity></Point><Point><position>510</position><in_Quantity.quantity>0.000000</in_Quantity.quantity><out_Quantity.quantity>436.676512</out_Quantity.quantity></Point><Point><position>511</position><in_Quantity.quantity>0.000000</in_Quantity.quantity><out_Quantity.quantity>869.261707</out_Quantity.quantity></Point><Point><position>512</position><in_Quantity.quantity>0.000000</in_Quantity.quantity><out_Quantity.quantity>365.929509</out_Quantity.quantity></Point><Point><position>513</position><in_Quantity.quantity>0.000000</in_Quantity.quantity><out_Quantity.quantity>149.666292</out_Quantity.quantity></Point><Point><position>514</position><in_Quantity.quantity>0.000000</in_Quantity.quantity><out_Quantity.quantity>399.937551</out_Quantity.quantity></Point><Point><position>515</position><in_Quantity.quantity>0.000000</in_Quantity.quantity><out_Quantity.quantity>792.501864</out_Quantity.quantity></Point><Point><position>516</position><in_Quantity.quantity>0.000000</in_Quantity.quantity><out_Quantity.quantity>968.731170</out_Quantity.quantity></Point><Point><position>517</position><in_Quantity.quantity>0.000000</in_Quantity.quantity><out_Quantity.quantity>302.404249</out_Quantity.quantity></Point><Point><position>518</position><in_Quantity.quantity>0.000000</in_Quantity.quantity><out_Quantity.quantity>632.941071</out_Quantity.quantity></Point><Point><position>519</position><in_Quantity.quantity>0.000000</in_Quantity.quantity><out_Quantity.quantity>824.968417</out_Quantity.quantity></Point><Point><position>520</position><in_Quantity.quantity>0.000000</in_Quantity.quantity><out_Quantity.quantity>278.731855</out_Quantity.quantity></Point><Point><position>521</position><in_Quantity.quantity>0.000000</in_Quantity.quantity><out_Quantity.quantity>762.129132</out_Quantity.quantity></Point><Point><position>522</position><in_Quantity.quantity>0.000000</in_Quantity.quantity><out_Quantity.quantity>762.352885</out_Quantity.quantity></Point><Point><position>523</position><in_Quantity.quantity>0.000000</in_Quantity.quantity><out_Quantity.quantity>819.452414</out_Quantity.quantity></Point><Point><position>524</position><in_Quantity.quantity>0.000000</in_Quantity.quantity><out_Quantity.quantity>724.646474</out_Quantity.quantity></Point><Point><position>525</position><in_Quantity.quantity>0.000000</in_Quantity.quantity><out_Quantity.quantity>692.817387</out_Quantity.quantity></Point><Point><position>526</position><in_Quantity.quantity>0.000000</in_Quantity.quantity><out_Quantity.quantity>65.363244</out_Quantity.quantity></Point><Point><position>527</position><in_Quantity.quantity>0.000000</in_Quantity.quantity><out_Quantity.quantity>42.646712</out_Quantity.quantity></Point><Point><position>528</position><in_Quantity.quantity>0.000000</in_Quantity.quantity><out_Quantity.quantity>948.796294</out_Quantity.quantity></Point><Point><position>529</position><in_Quantity.quantity>0.000000</in_Quantity.quantity><out_Quantity.quantity>844.944479</out_Quantity.quantity></Point><Point><position>530</position><in_Quantity.quantity>0.000000</in_Quantity.quantity><out_Quantity.quantity>109.981600</out_Quantity.quantity></Point><Point><position>531</position><in_Quantity.quantity>0.000000</in_Quantity.quantity><out_Quantity.quantity>622.943446</out_Quantity.quantity></Point><Point><position>532</position><in_Quantity.quantity>0.000000</in_Quantity.quantity><out_Quantity.quantity>20.783124</out_Quantity.quantity></Point><Point><position>533</position><in_Quantity.quantity>0.000000</in_Quantity.quantity><out_Quantity.quantity>544.355293</out_Quantity.quantity></Point><Point><position>534</position><in_Quantity.quantity>0.000000</in_Quantity.quantity><out_Quantity.quantity>524.573027</out_Quantity.quantity></Point><Point><position>535</position><in_Quantity.quantity>0.000000</in_Quantity.quantity><out_Quantity.quantity>685.512904</out_Quantity.quantity></Point><Point><position>536</position><in_Quantity.quantity>0.000000</in_Quantity.quantity><out_Quantity.quantity>27.899584</out_Quantity.quantity></Point><Point><position>537</position><in_Quantity.quantity>0.000000</in_Quantity.quantity><out_Quantity.quantity>660.109389</out_Quantity.quantity></Point><Point><position>538</position><in_Quantity.quantity>0.000000</in_Quantity.quantity><out_Quantity.quantity>190.641488</out_Quantity.quantity></Point><Point><position>539</position><in_Quantity.quantity>0.000000</in_Quantity.quantity><out_Quantity.quantity>625.590449</out_Quantity.quantity></Point><Point><position>540</position><in_Quantity.quantity>0.000000</in_Quantity.quantity><out_Quantity.quantity>248.260817</out_Quantity.quantity></Point><Point><position>541</position><in_Quantity.quantity>0.000000</in_Quantity.quantity><out_Quantity.quantity>391.309422</out_Quantity.quantity></Point><Point><position>542</position><in_Quantity.quantity>0.000000</in_Quantity.quantity><out_Quantity.quantity>608.736719</out_Quantity.quantity></Point><Point><position>543</position><in_Quantity.quantity>0.000000</in_Quantity.quantity><out_Quantity.quantity>396.848110</out_Quantity.quantity></Point><Point><position>544</position><in_Quantity.quantity>0.000000</in_Quantity.quantity><out_Quantity.quantity>570.800388</out_Quantity.quantity></Point><Point><position>545</position><in_Quantity.quantity>0.000000</in_Quantity.quantity><out_Quantity.quantity>303.060547</out_Quantity.quantity></Point><Point><position>546</position><in_Quantity.quantity>0.000000</in_Quantity.quantity><out_Quantity.quantity>744.389560</out_Quantity.quantity></Point><Point><position>547</position><in_Quantity.quantity>0.000000</in_Quantity.quantity><out_Quantity.quantity>260.244103</out_Quantity.quantity></Point><Point><position>548</position><in_Quantity.quantity>0.000000</in_Quantity.quantity><out_Quantity.quantity>92.918770</out_Quantity.quantity></Point><Point><position>549</position><in_Quantity.quantity>0.000000</in_Quantity.quantity><out_Quantity.quantity>975.652376</out_Quantity.quantity></Point><Point><position>550</position><in_Quantity.quantity>0.000000</in_Quantity.quantity><out_Quantity.quantity>599.114857</out_Quantity.quantity></Point><Point><position>551</position><in_Quantity.quantity>0.000000</in_Quantity.quantity><out_Quantity.quantity>749.932630</out_Quantity.quantity></Point><Point><position>552</position><in_Quantity.quantity>0.000000</in_Quantity.quantity><out_Quantity.quantity>1.322702</out_Quantity.quantity></Point><Point><position>553</position><in_Quantity.quantity>0.000000</in_Quantity.quantity><out_Quantity.quantity>590.413609</out_Quantity.quantity></Point><Point><position>554</position><in_Quantity.quantity>0.000000</in_Quantity.quantity><out_Quantity.quantity>229.192073</out_Quantity.quantity></Point><Point><position>555</position><in_Quantity.quantity>0.000000</in_Quantity.quantity><out_Quantity.quantity>302.372670</out_Quantity.quantity></Point><Point><position>556</position><in_Quantity.quantity>0.000000</in_Quantity.quantity><out_Quantity.quantity>614.463480</out_Quantity.quantity></Point><Point><position>557</position><in_Quantity.quantity>0.000000</in_Quantity.quantity><out_Quantity.quantity>116.794524</out_Quantity.quantity></Point><Point><position>558</position><in_Quantity.quantity>0.000000</in_Quantity.quantity><out_Quantity.quantity>839.963058</out_Quantity.quantity></Point><Point><position>559</position><in_Quantity.quantity>0.000000</in_Quantity.quantity><out_Quantity.quantity>938.126184</out_Quantity.quantity></Point><Point><position>560</position><in_Quantity.quantity>0.000000</in_Quantity.quantity><out_Quantity.quantity>49.001740</out_Quantity.quantity></Point><Point><position>561</position><in_Quantity.quantity>0.000000</in_Quantity.quantity><out_Quantity.quantity>760.368937</out_Quantity.quantity></Point><Point><position>562</position><in_Quantity.quantity>0.000000</in_Quantity.quantity><out_Quantity.quantity>75.323139</out_Quantity.quantity></Point><Point><position>563</position><in_Quantity.quantity>0.000000</in_Quantity.quantity><out_Quantity.quantity>258.000621</out_Quantity.quantity></Point><Point><position>564</position><in_Quantity.quantity>0.000000</in_Quantity.quantity><out_Quantity.quantity>683.776300</out_Quantity.quantity></Point><Point><position>565</position><in_Quantity.quantity>0.000000</in_Quantity.quantity><out_Quantity.quantity>491.690871</out_Quantity.quantity></Point><Point><position>566</position><in_Quantity.quantity>0.000000</in_Quantity.quantity><out_Quantity.quantity>388.386436</out_Quantity.quantity></Point><Point><position>567</position><in_Quantity.quantity>0.000000</in_Quantity.quantity><out_Quantity.quantity>4.769756</out_Quantity.quantity></Point><Point><position>568</position><in_Quantity.quantity>0.000000</in_Quantity.quantity><out_Quantity.quantity>98.858126</out_Quantity.quantity></Point><Point><position>569</position><in_Quantity.quantity>0.000000</in_Quantity.quantity><out_Quantity.quantity>826.422662</out_Quantity.quantity></Point><Point><position>570</position><in_Quantity.quantity>0.000000</in_Quantity.quantity><out_Quantity.quantity>985.569776</out_Quantity.quantity></Point><Point><position>571</position><in_Quantity.quantity>0.000000</in_Quantity.quantity><out_Quantity.quantity>854.985126</out_Quantity.quantity></Point><Point><position>572</position><in_Quantity.quantity>0.000000</in_Quantity.quantity><out_Quantity.quantity>871.324093</out_Quantity.quantity></Point><Point><position>573</position><in_Quantity.quantity>0.000000</in_Quantity.quantity><out_Quantity.quantity>452.383298</out_Quantity.quantity></Point><Point><position>574</position><in_Quantity.quantity>0.000000</in_Quantity.quantity><out_Quantity.quantity>358.568675</out_Quantity.quantity></Point><Point><position>575</position><in_Quantity.quantity>0.000000</in_Quantity.quantity><out_Quantity.quantity>651.511027</out_Quantity.quantity></Point><Point><position>576</position><in_Quantity.quantity>0.000000</in_Quantity.quantity><out_Quantity.quantity>154.717214</out_Quantity.quantity></Point><Point><position>577</position><in_Quantity.quantity>0.000000</in_Quantity.quantity><out_Quantity.quantity>877.375860</out_Quantity.quantity></Point><Point><position>578</position><in_Quantity.quantity>0.000000</in_Quantity.quantity><out_Quantity.quantity>125.897965</out_Quantity.quantity></Point><Point><position>579</position><in_Quantity.quantity>0.000000</in_Quantity.quantity><out_Quantity.quantity>173.674878</out_Quantity.quantity></Point><Point><position>580</position><in_Quantity.quantity>0.000000</in_Quantity.quantity><out_Quantity.quantity>644.273496</out_Quantity.quantity></Point><Point><position>581</position><in_Quantity.quantity>0.000000</in_Quantity.quantity><out_Quantity.quantity>492.167225</out_Quantity.quantity></Point><Point><position>582</position><in_Quantity.quantity>0.000000</in_Quantity.quantity><out_Quantity.quantity>225.209066</out_Quantity.quantity></Point><Point><position>583</position><in_Quantity.quantity>0.000000</in_Quantity.quantity><out_Quantity.quantity>397.466801</out_Quantity.quantity></Point><Point><position>584</position><in_Quantity.quantity>0.000000</in_Quantity.quantity><out_Quantity.quantity>889.041703</out_Quantity.quantity></Point><Point><position>585</position><in_Quantity.quantity>0.000000</in_Quantity.quantity><out_Quantity.quantity>697.294921</out_Quantity.quantity></Point><Point><position>586</position><in_Quantity.quantity>0.000000</in_Quantity.quantity><out_Quantity.quantity>201.383390</out_Quantity.quantity></Point><Point><position>587</position><in_Quantity.quantity>0.000000</in_Quantity.quantity><out_Quantity.quantity>850.547361</out_Quantity.quantity></Point><Point><position>588</position><in_Quantity.quantity>0.000000</in_Quantity.quantity><out_Quantity.quantity>400.419071</out_Quantity.quantity></Point><Point><position>589</position><in_Quantity.quantity>0.000000</in_Quantity.quantity><out_Quantity.quantity>59.532366</out_Quantity.quantity></Point><Point><position>590</position><in_Quantity.quantity>0.000000</in_Quantity.quantity><out_Quantity.quantity>399.827952</out_Quantity.quantity></Point><Point><position>591</position><in_Quantity.quantity>0.000000</in_Quantity.quantity><out_Quantity.quantity>888.014860</out_Quantity.quantity></Point><Point><position>592</position><in_Quantity.quantity>0.000000</in_Quantity.quantity><out_Quantity.quantity>105.441329</out_Quantity.quantity></Point><Point><position>593</position><in_Quantity.quantity>0.000000</in_Quantity.quantity><out_Quantity.quantity>865.180234</out_Quantity.quantity></Point><Point><position>594</position><in_Quantity.quantity>0.000000</in_Quantity.quantity><out_Quantity.quantity>416.473037</out_Quantity.quantity></Point><Point><position>595</position><in_Quantity.quantity>0.000000</in_Quantity.quantity><out_Quantity.quantity>614.925603</out_Quantity.quantity></Point><Point><position>596</position><in_Quantity.quantity>0.000000</in_Quantity.quantity><out_Quantity.quantity>44.862433</out_Quantity.quantity></Point><Point><position>597</position><in_Quantity.quantity>0.000000</in_Quantity.quantity><out_Quantity.quantity>323.567188</out_Quantity.quantity></Point><Point><position>598</position><in_Quantity.quantity>0.000000</in_Quantity.quantity><out_Quantity.quantity>872.091229</out_Quantity.quantity></Point><Point><position>599</position><in_Quantity.quantity>0.000000</in_Quantity.quantity><out_Quantity.quantity>726.276707</out_Quantity.quantity></Point><Point><position>600</position><in_Quantity.quantity>0.000000</in_Quantity.quantity><out_Quantity.quantity>287.030449</out_Quantity.quantity></Point><Point><position>601</position><in_Quantity.quantity>0.000000</in_Quantity.quantity><out_Quantity.quantity>446.732341</out_Quantity.quantity></Point><Point><position>602</position><in_Quantity.quantity>0.000000</in_Quantity.quantity><out_Quantity.quantity>627.392424</out_Quantity.quantity></Point><Point><position>603</position><in_Quantity.quantity>0.000000</in_Quantity.quantity><out_Quantity.quantity>447.081966</out_Quantity.quantity></Point><Point><position>604</position><in_Quantity.quantity>0.000000</in_Quantity.quantity><out_Quantity.quantity>771.848603</out_Quantity.quantity></Point><Point><position>605</position><in_Quantity.quantity>0.000000</in_Quantity.quantity><out_Quantity.quantity>288.954310</out_Quantity.quantity></Point><Point><position>606</position><in_Quantity.quantity>0.000000</in_Quantity.quantity><out_Quantity.quantity>974.312907</out_Quantity.quantity></Point><Point><position>607</position><in_Quantity.quantity>0.000000</in_Quantity.quantity><out_Quantity.quantity>927.739479</out_Quantity.quantity></Point><Point><position>608</position><in_Quantity.quantity>0.000000</in_Quantity.quantity><out_Quantity.quantity>879.038431</out_Quantity.quantity></Point><Point><position>609</position><in_Quantity.quantity>0.000000</in_Quantity.quantity><out_Quantity.quantity>429.116970</out_Quantity.quantity></Point><Point><position>610</position><in_Quantity.quantity>0.000000</in_Quantity.quantity><out_Quantity.quantity>878.769367</out_Quantity.quantity></Point><Point><position>611</position><in_Quantity.quantity>0.000000</in_Quantity.quantity><out_Quantity.quantity>164.550220</out_Quantity.quantity></Point><Point><position>612</position><in_Quantity.quantity>0.000000</in_Quantity.quantity><out_Quantity.quantity>646.405713</out_Quantity.quantity></Point><Point><position>613</position><in_Quantity.quantity>0.000000</in_Quantity.quantity><out_Quantity.quantity>789.884839</out_Quantity.quantity></Point><Point><position>614</position><in_Quantity.quantity>0.000000</in_Quantity.quantity><out_Quantity.quantity>237.512606</out_Quantity.quantity></Point><Point><position>615</position><in_Quantity.quantity>0.000000</in_Quantity.quantity><out_Quantity.quantity>667.907324</out_Quantity.quantity></Point><Point><position>616</position><in_Quantity.quantity>0.000000</in_Quantity.quantity><out_Quantity.quantity>245.809760</out_Quantity.quantity></Point><Point><position>617</position><in_Quantity.quantity>0.000000</in_Quantity.quantity><out_Quantity.quantity>161.213835</out_Quantity.quantity></Point><Point><position>618</position><in_Quantity.quantity>0.000000</in_Quantity.quantity><out_Quantity.quantity>188.085336</out_Quantity.quantity></Point><Point><position>619</position><in_Quantity.quantity>0.000000</in_Quantity.quantity><out_Quantity.quantity>544.602418</out_Quantity.quantity></Point><Point><position>620</position><in_Quantity.quantity>0.000000</in_Quantity.quantity><out_Quantity.quantity>98.187468</out_Quantity.quantity></Point><Point><position>621</position><in_Quantity.quantity>0.000000</in_Quantity.quantity><out_Quantity.quantity>195.939578</out_Quantity.quantity></Point><Point><position>622</position><in_Quantity.quantity>0.000000</in_Quantity.quantity><out_Quantity.quantity>245.464450</out_Quantity.quantity></Point><Point><position>623</position><in_Quantity.quantity>0.000000</in_Quantity.quantity><out_Quantity.quantity>654.685153</out_Quantity.quantity></Point><Point><position>624</position><in_Quantity.quantity>0.000000</in_Quantity.quantity><out_Quantity.quantity>815.618046</out_Quantity.quantity></Point><Point><position>625</position><in_Quantity.quantity>0.000000</in_Quantity.quantity><out_Quantity.quantity>66.952843</out_Quantity.quantity></Point><Point><position>626</position><in_Quantity.quantity>0.000000</in_Quantity.quantity><out_Quantity.quantity>827.974107</out_Quantity.quantity></Point><Point><position>627</position><in_Quantity.quantity>0.000000</in_Quantity.quantity><out_Quantity.quantity>880.069221</out_Quantity.quantity></Point><Point><position>628</position><in_Quantity.quantity>0.000000</in_Quantity.quantity><out_Quantity.quantity>142.663132</out_Quantity.quantity></Point><Point><position>629</position><in_Quantity.quantity>0.000000</in_Quantity.quantity><out_Quantity.quantity>725.493146</out_Quantity.quantity></Point><Point><position>630</position><in_Quantity.quantity>0.000000</in_Quantity.quantity><out_Quantity.quantity>222.041517</out_Quantity.quantity></Point><Point><position>631</position><in_Quantity.quantity>0.000000</in_Quantity.quantity><out_Quantity.quantity>468.772119</out_Quantity.quantity></Point><Point><position>632</position><in_Quantity.quantity>0.000000</in_Quantity.quantity><out_Quantity.quantity>254.335018</out_Quantity.quantity></Point><Point><position>633</position><in_Quantity.quantity>0.000000</in_Quantity.quantity><out_Quantity.quantity>727.014981</out_Quantity.quantity></Point><Point><position>634</position><in_Quantity.quantity>0.000000</in_Quantity.quantity><out_Quantity.quantity>89.031713</out_Quantity.quantity></Point><Point><position>635</position><in_Quantity.quantity>0.000000</in_Quantity.quantity><out_Quantity.quantity>847.857137</out_Quantity.quantity></Point><Point><position>636</position><in_Quantity.quantity>0.000000</in_Quantity.quantity><out_Quantity.quantity>39.449983</out_Quantity.quantity></Point><Point><position>637</position><in_Quantity.quantity>0.000000</in_Quantity.quantity><out_Quantity.quantity>477.688771</out_Quantity.quantity></Point><Point><position>638</position><in_Quantity.quantity>0.000000</in_Quantity.quantity><out_Quantity.quantity>205.317787</out_Quantity.quantity></Point><Point><position>639</position><in_Quantity.quantity>0.000000</in_Quantity.quantity><out_Quantity.quantity>149.202795</out_Quantity.quantity></Point><Point><position>640</position><in_Quantity.quantity>0.000000</in_Quantity.quantity><out_Quantity.quantity>616.598861</out_Quantity.quantity></Point><Point><position>641</position><in_Quantity.quantity>0.000000</in_Quantity.quantity><out_Quantity.quantity>662.826354</out_Quantity.quantity></Point><Point><position>642</position><in_Quantity.quantity>0.000000</in_Quantity.quantity><out_Quantity.quantity>722.265278</out_Quantity.quantity></Point><Point><position>643</position><in_Quantity.quantity>0.000000</in_Quantity.quantity><out_Quantity.quantity>405.883177</out_Quantity.quantity></Point><Point><position>644</position><in_Quantity.quantity>0.000000</in_Quantity.quantity><out_Quantity.quantity>321.641214</out_Quantity.quantity></Point><Point><position>645</position><in_Quantity.quantity>0.000000</in_Quantity.quantity><out_Quantity.quantity>411.678122</out_Quantity.quantity></Point><Point><position>646</position><in_Quantity.quantity>0.000000</in_Quantity.quantity><out_Quantity.quantity>724.490523</out_Quantity.quantity></Point><Point><position>647</position><in_Quantity.quantity>0.000000</in_Quantity.quantity><out_Quantity.quantity>242.997704</out_Quantity.quantity></Point><Point><position>648</position><in_Quantity.quantity>0.000000</in_Quantity.quantity><out_Quantity.quantity>571.191482</out_Quantity.quantity></Point><Point><position>649</position><in_Quantity.quantity>0.000000</in_Quantity.quantity><out_Quantity.quantity>105.199720</out_Quantity.quantity></Point><Point><position>650</position><in_Quantity.quantity>0.000000</in_Quantity.quantity><out_Quantity.quantity>409.548271</out_Quantity.quantity></Point><Point><position>651</position><in_Quantity.quantity>0.000000</in_Quantity.quantity><out_Quantity.quantity>17.296104</out_Quantity.quantity></Point><Point><position>652</position><in_Quantity.quantity>0.000000</in_Quantity.quantity><out_Quantity.quantity>293.888120</out_Quantity.quantity></Point><Point><position>653</position><in_Quantity.quantity>0.000000</in_Quantity.quantity><out_Quantity.quantity>583.487200</out_Quantity.quantity></Point><Point><position>654</position><in_Quantity.quantity>0.000000</in_Quantity.quantity><out_Quantity.quantity>602.734816</out_Quantity.quantity></Point><Point><position>655</position><in_Quantity.quantity>0.000000</in_Quantity.quantity><out_Quantity.quantity>452.473483</out_Quantity.quantity></Point><Point><position>656</position><in_Quantity.quantity>0.000000</in_Quantity.quantity><out_Quantity.quantity>541.779573</out_Quantity.quantity></Point><Point><position>657</position><in_Quantity.quantity>0.000000</in_Quantity.quantity><out_Quantity.quantity>882.997686</out_Quantity.quantity></Point><Point><position>658</position><in_Quantity.quantity>0.000000</in_Quantity.quantity><out_Quantity.quantity>634.912553</out_Quantity.quantity></Point><Point><position>659</position><in_Quantity.quantity>0.000000</in_Quantity.quantity><out_Quantity.quantity>571.571702</out_Quantity.quantity></Point><Point><position>660</position><in_Quantity.quantity>0.000000</in_Quantity.quantity><out_Quantity.quantity>896.829323</out_Quantity.quantity></Point><Point><position>661</position><in_Quantity.quantity>0.000000</in_Quantity.quantity><out_Quantity.quantity>756.777383</out_Quantity.quantity></Point><Point><position>662</position><in_Quantity.quantity>0.000000</in_Quantity.quantity><out_Quantity.quantity>767.197919</out_Quantity.quantity></Point><Point><position>663</position><in_Quantity.quantity>0.000000</in_Quantity.quantity><out_Quantity.quantity>287.850597</out_Quantity.quantity></Point><Point><position>664</position><in_Quantity.quantity>0.000000</in_Quantity.quantity><out_Quantity.quantity>743.905352</out_Quantity.quantity></Point><Point><position>665</position><in_Quantity.quantity>0.000000</in_Quantity.quantity><out_Quantity.quantity>651.419741</out_Quantity.quantity></Point><Point><position>666</position><in_Quantity.quantity>0.000000</in_Quantity.quantity><out_Quantity.quantity>608.001177</out_Quantity.quantity></Point><Point><position>667</position><in_Quantity.quantity>0.000000</in_Quantity.quantity><out_Quantity.quantity>141.886723</out_Quantity.quantity></Point><Point><position>668</position><in_Quantity.quantity>0.000000</in_Quantity.quantity><out_Quantity.quantity>601.563769</out_Quantity.quantity></Point><Point><position>669</position><in_Quantity.quantity>0.000000</in_Quantity.quantity><out_Quantity.quantity>383.811279</out_Quantity.quantity></Point><Point><position>670</position><in_Quantity.quantity>0.000000</in_Quantity.quantity><out_Quantity.quantity>136.090546</out_Quantity.quantity></Point><Point><position>671</position><in_Quantity.quantity>0.000000</in_Quantity.quantity><out_Quantity.quantity>603.974306</out_Quantity.quantity></Point><Point><position>672</position><in_Quantity.quantity>0.000000</in_Quantity.quantity><out_Quantity.quantity>595.975057</out_Quantity.quantity></Point><Point><position>673</position><in_Quantity.quantity>0.000000</in_Quantity.quantity><out_Quantity.quantity>813.683361</out_Quantity.quantity></Point><Point><position>674</position><in_Quantity.quantity>0.000000</in_Quantity.quantity><out_Quantity.quantity>202.893877</out_Quantity.quantity></Point><Point><position>675</position><in_Quantity.quantity>0.000000</in_Quantity.quantity><out_Quantity.quantity>271.183537</out_Quantity.quantity></Point><Point><position>676</position><in_Quantity.quantity>0.000000</in_Quantity.quantity><out_Quantity.quantity>292.904677</out_Quantity.quantity></Point><Point><position>677</position><in_Quantity.quantity>0.000000</in_Quantity.quantity><out_Quantity.quantity>566.180407</out_Quantity.quantity></Point><Point><position>678</position><in_Quantity.quantity>0.000000</in_Quantity.quantity><out_Quantity.quantity>72.931434</out_Quantity.quantity></Point><Point><position>679</position><in_Quantity.quantity>0.000000</in_Quantity.quantity><out_Quantity.quantity>398.546339</out_Quantity.quantity></Point><Point><position>680</position><in_Quantity.quantity>0.000000</in_Quantity.quantity><out_Quantity.quantity>544.436617</out_Quantity.quantity></Point><Point><position>681</position><in_Quantity.quantity>0.000000</in_Quantity.quantity><out_Quantity.quantity>534.344108</out_Quantity.quantity></Point><Point><position>682</position><in_Quantity.quantity>0.000000</in_Quantity.quantity><out_Quantity.quantity>321.676982</out_Quantity.quantity></Point><Point><position>683</position><in_Quantity.quantity>0.000000</in_Quantity.quantity><out_Quantity.quantity>849.975574</out_Quantity.quantity></Point><Point><position>684</position><in_Quantity.quantity>0.000000</in_Quantity.quantity><out_Quantity.quantity>911.271784</out_Quantity.quantity></Point><Point><position>685</position><in_Quantity.quantity>0.000000</in_Quantity.quantity><out_Quantity.quantity>283.084125</out_Quantity.quantity></Point><Point><position>686</position><in_Quantity.quantity>0.000000</in_Quantity.quantity><out_Quantity.quantity>353.141524</out_Quantity.quantity></Point><Point><position>687</position><in_Quantity.quantity>0.000000</in_Quantity.quantity><out_Quantity.quantity>800.767885</out_Quantity.quantity></Point><Point><position>688</position><in_Quantity.quantity>0.000000</in_Quantity.quantity><out_Quantity.quantity>162.430404</out_Quantity.quantity></Point><Point><position>689</position><in_Quantity.quantity>0.000000</in_Quantity.quantity><out_Quantity.quantity>38.380719</out_Quantity.quantity></Point><Point><position>690</position><in_Quantity.quantity>0.000000</in_Quantity.quantity><out_Quantity.quantity>350.684470</out_Quantity.quantity></Point><Point><position>691</position><in_Quantity.quantity>0.000000</in_Quantity.quantity><out_Quantity.quantity>612.132773</out_Quantity.quantity></Point><Point><position>692</position><in_Quantity.quantity>0.000000</in_Quantity.quantity><out_Quantity.quantity>763.328964</out_Quantity.quantity></Point><Point><position>693</position><in_Quantity.quantity>0.000000</in_Quantity.quantity><out_Quantity.quantity>355.540631</out_Quantity.quantity></Point><Point><position>694</position><in_Quantity.quantity>0.000000</in_Quantity.quantity><out_Quantity.quantity>905.567521</out_Quantity.quantity></Point><Point><position>695</position><in_Quantity.quantity>0.000000</in_Quantity.quantity><out_Quantity.quantity>683.783125</out_Quantity.quantity></Point><Point><position>696</position><in_Quantity.quantity>0.000000</in_Quantity.quantity><out_Quantity.quantity>524.236803</out_Quantity.quantity></Point><Point><position>697</position><in_Quantity.quantity>0.000000</in_Quantity.quantity><out_Quantity.quantity>365.510065</out_Quantity.quantity></Point><Point><position>698</position><in_Quantity.quantity>0.000000</in_Quantity.quantity><out_Quantity.quantity>176.726083</out_Quantity.quantity></Point><Point><position>699</position><in_Quantity.quantity>0.000000</in_Quantity.quantity><out_Quantity.quantity>712.388973</out_Quantity.quantity></Point><Point><position>700</position><in_Quantity.quantity>0.000000</in_Quantity.quantity><out_Quantity.quantity>503.763840</out_Quantity.quantity></Point><Point><position>701</position><in_Quantity.quantity>0.000000</in_Quantity.quantity><out_Quantity.quantity>479.241006</out_Quantity.quantity></Point><Point><position>702</position><in_Quantity.quantity>0.000000</in_Quantity.quantity><out_Quantity.quantity>273.903425</out_Quantity.quantity></Point><Point><position>703</position><in_Quantity.quantity>0.000000</in_Quantity.quantity><out_Quantity.quantity>215.070571</out_Quantity.quantity></Point><Point><position>704</position><in_Quantity.quantity>0.000000</in_Quantity.quantity><out_Quantity.quantity>824.883675</out_Quantity.quantity></Point><Point><position>705</position><in_Quantity.quantity>0.000000</in_Quantity.quantity><out_Quantity.quantity>74.802051</out_Quantity.quantity></Point><Point><position>706</position><in_Quantity.quantity>0.000000</in_Quantity.quantity><out_Quantity.quantity>217.654479</out_Quantity.quantity></Point><Point><position>707</position><in_Quantity.quantity>0.000000</in_Quantity.quantity><out_Quantity.quantity>591.921794</out_Quantity.quantity></Point><Point><position>708</position><in_Quantity.quantity>0.000000</in_Quantity.quantity><out_Quantity.quantity>145.779764</out_Quantity.quantity></Point><Point><position>709</position><in_Quantity.quantity>0.000000</in_Quantity.quantity><out_Quantity.quantity>101.143896</out_Quantity.quantity></Point><Point><position>710</position><in_Quantity.quantity>0.000000</in_Quantity.quantity><out_Quantity.quantity>23.030754</out_Quantity.quantity></Point><Point><position>711</position><in_Quantity.quantity>0.000000</in_Quantity.quantity><out_Quantity.quantity>245.319648</out_Quantity.quantity></Point><Point><position>712</position><in_Quantity.quantity>0.000000</in_Quantity.quantity><out_Quantity.quantity>915.309287</out_Quantity.quantity></Point><Point><position>713</position><in_Quantity.quantity>0.000000</in_Quantity.quantity><out_Quantity.quantity>232.807237</out_Quantity.quantity></Point><Point><position>714</position><in_Quantity.quantity>0.000000</in_Quantity.quantity><out_Quantity.quantity>119.943971</out_Quantity.quantity></Point><Point><position>715</position><in_Quantity.quantity>0.000000</in_Quantity.quantity><out_Quantity.quantity>940.840124</out_Quantity.quantity></Point><Point><position>716</position><in_Quantity.quantity>0.000000</in_Quantity.quantity><out_Quantity.quantity>892.101194</out_Quantity.quantity></Point><Point><position>717</position><in_Quantity.quantity>0.000000</in_Quantity.quantity><out_Quantity.quantity>622.719229</out_Quantity.quantity></Point><Point><position>718</position><in_Quantity.quantity>0.000000</in_Quantity.quantity><out_Quantity.quantity>546.270125</out_Quantity.quantity></Point><Point><position>719</position><in_Quantity.quantity>0.000000</in_Quantity.quantity><out_Quantity.quantity>126.385666</out_Quantity.quantity></Point><Point><position>720</position><in_Quantity.quantity>0.000000</in_Quantity.quantity><out_Quantity.quantity>871.586491</out_Quantity.quantity></Point><Point><position>721</position><in_Quantity.quantity>0.000000</in_Quantity.quantity><out_Quantity.quantity>793.157168</out_Quantity.quantity></Point><Point><position>722</position><in_Quantity.quantity>0.000000</in_Quantity.quantity><out_Quantity.quantity>592.050414</out_Quantity.quantity></Point><Point><position>723</position><in_Quantity.quantity>0.000000</in_Quantity.quantity><out_Quantity.quantity>182.613878</out_Quantity.quantity></Point><Point><position>724</position><in_Quantity.quantity>0.000000</in_Quantity.quantity><out_Quantity.quantity>829.264428</out_Quantity.quantity></Point><Point><position>725</position><in_Quantity.quantity>0.000000</in_Quantity.quantity><out_Quantity.quantity>51.321313</out_Quantity.quantity></Point><Point><position>726</position><in_Quantity.quantity>0.000000</in_Quantity.quantity><out_Quantity.quantity>27.038234</out_Quantity.quantity></Point><Point><position>727</position><in_Quantity.quantity>0.000000</in_Quantity.quantity><out_Quantity.quantity>123.990432</out_Quantity.quantity></Point><Point><position>728</position><in_Quantity.quantity>0.000000</in_Quantity.quantity><out_Quantity.quantity>504.321260</out_Quantity.quantity></Point><Point><position>729</position><in_Quantity.quantity>0.000000</in_Quantity.quantity><out_Quantity.quantity>595.039600</out_Quantity.quantity></Point><Point><position>730</position><in_Quantity.quantity>0.000000</in_Quantity.quantity><out_Quantity.quantity>789.724107</out_Quantity.quantity></Point><Point><position>731</position><in_Quantity.quantity>0.000000</in_Quantity.quantity><out_Quantity.quantity>620.832251</out_Quantity.quantity></Point><Point><position>732</position><in_Quantity.quantity>0.000000</in_Quantity.quantity><out_Quantity.quantity>555.068500</out_Quantity.quantity></Point><Point><position>733</position><in_Quantity.quantity>0.000000</in_Quantity.quantity><out_Quantity.quantity>694.573368</out_Quantity.quantity></Point><Point><position>734</position><in_Quantity.quantity>0.000000</in_Quantity.quantity><out_Quantity.quantity>62.934611</out_Quantity.quantity></Point><Point><position>735</position><in_Quantity.quantity>0.000000</in_Quantity.quantity><out_Quantity.quantity>315.812498</out_Quantity.quantity></Point><Point><position>736</position><in_Quantity.quantity>0.000000</in_Quantity.quantity><out_Quantity.quantity>30.244252</out_Quantity.quantity></Point><Point><position>737</position><in_Quantity.quantity>0.000000</in_Quantity.quantity><out_Quantity.quantity>159.974332</out_Quantity.quantity></Point><Point><position>738</position><in_Quantity.quantity>0.000000</in_Quantity.quantity><out_Quantity.quantity>554.090973</out_Quantity.quantity></Point><Point><position>739</position><in_Quantity.quantity>0.000000</in_Quantity.quantity><out_Quantity.quantity>676.760731</out_Quantity.quantity></Point><Point><position>740</position><in_Quantity.quantity>0.000000</in_Quantity.quantity><out_Quantity.quantity>886.365080</out_Quantity.quantity></Point><Point><position>741</position><in_Quantity.quantity>0.000000</in_Quantity.quantity><out_Quantity.quantity>780.980406</out_Quantity.quantity></Point><Point><position>742</position><in_Quantity.quantity>0.000000</in_Quantity.quantity><out_Quantity.quantity>662.881944</out_Quantity.quantity></Point><Point><position>743</position><in_Quantity.quantity>0.000000</in_Quantity.quantity><out_Quantity.quantity>473.029632</out_Quantity.quantity></Point><Point><position>744</position><in_Quantity.quantity>0.000000</in_Quantity.quantity><out_Quantity.quantity>399.833271</out_Quantity.quantity></Point><Point><position>745</position><in_Quantity.quantity>0.000000</in_Quantity.quantity><out_Quantity.quantity>320.750394</out_Quantity.quantity></Point><Point><position>746</position><in_Quantity.quantity>0.000000</in_Quantity.quantity><out_Quantity.quantity>940.577402</out_Quantity.quantity></Point><Point><position>747</position><in_Quantity.quantity>0.000000</in_Quantity.quantity><out_Quantity.quantity>990.184384</out_Quantity.quantity></Point><Point><position>748</position><in_Quantity.quantity>0.000000</in_Quantity.quantity><out_Quantity.quantity>832.298206</out_Quantity.quantity></Point><Point><position>749</position><in_Quantity.quantity>0.000000</in_Quantity.quantity><out_Quantity.quantity>796.166324</out_Quantity.quantity></Point><Point><position>750</position><in_Quantity.quantity>0.000000</in_Quantity.quantity><out_Quantity.quantity>470.253090</out_Quantity.quantity></Point><Point><position>751</position><in_Quantity.quantity>0.000000</in_Quantity.quantity><out_Quantity.quantity>807.068790</out_Quantity.quantity></Point><Point><position>752</position><in_Quantity.quantity>0.000000</in_Quantity.quantity><out_Quantity.quantity>922.249022</out_Quantity.quantity></Point><Point><position>753</position><in_Quantity.quantity>0.000000</in_Quantity.quantity><out_Quantity.quantity>740.222127</out_Quantity.quantity></Point><Point><position>754</position><in_Quantity.quantity>0.000000</in_Quantity.quantity><out_Quantity.quantity>270.769073</out_Quantity.quantity></Point><Point><position>755</position><in_Quantity.quantity>0.000000</in_Quantity.quantity><out_Quantity.quantity>150.221072</out_Quantity.quantity></Point><Point><position>756</position><in_Quantity.quantity>0.000000</in_Quantity.quantity><out_Quantity.quantity>37.533658</out_Quantity.quantity></Point><Point><position>757</position><in_Quantity.quantity>0.000000</in_Quantity.quantity><out_Quantity.quantity>51.322669</out_Quantity.quantity></Point><Point><position>758</position><in_Quantity.quantity>0.000000</in_Quantity.quantity><out_Quantity.quantity>814.374889</out_Quantity.quantity></Point><Point><position>759</position><in_Quantity.quantity>0.000000</in_Quantity.quantity><out_Quantity.quantity>752.400447</out_Quantity.quantity></Point><Point><position>760</position><in_Quantity.quantity>0.000000</in_Quantity.quantity><out_Quantity.quantity>237.865893</out_Quantity.quantity></Point><Point><position>761</position><in_Quantity.quantity>0.000000</in_Quantity.quantity><out_Quantity.quantity>717.700510</out_Quantity.quantity></Point><Point><position>762</position><in_Quantity.quantity>0.000000</in_Quantity.quantity><out_Quantity.quantity>798.350701</out_Quantity.quantity></Point><Point><position>763</position><in_Quantity.quantity>0.000000</in_Quantity.quantity><out_Quantity.quantity>195.519383</out_Quantity.quantity></Point><Point><position>764</position><in_Quantity.quantity>0.000000</in_Quantity.quantity><out_Quantity.quantity>78.245342</out_Quantity.quantity></Point><Point><position>765</position><in_Quantity.quantity>0.000000</in_Quantity.quantity><out_Quantity.quantity>8.245405</out_Quantity.quantity></Point><Point><position>766</position><in_Quantity.quantity>0.000000</in_Quantity.quantity><out_Quantity.quantity>535.264919</out_Quantity.quantity></Point><Point><position>767</position><in_Quantity.quantity>0.000000</in_Quantity.quantity><out_Quantity.quantity>773.680520</out_Quantity.quantity></Point><Point><position>768</position><in_Quantity.quantity>0.000000</in_Quantity.quantity><out_Quantity.quantity>618.782895</out_Quantity.quantity></Point><Point><position>769</position><in_Quantity.quantity>0.000000</in_Quantity.quantity><out_Quantity.quantity>142.416844</out_Quantity.quantity></Point><Point><position>770</position><in_Quantity.quantity>0.000000</in_Quantity.quantity><out_Quantity.quantity>153.556689</out_Quantity.quantity></Point><Point><position>771</position><in_Quantity.quantity>0.000000</in_Quantity.quantity><out_Quantity.quantity>913.229046</out_Quantity.quantity></Point><Point><position>772</position><in_Quantity.quantity>0.000000</in_Quantity.quantity><out_Quantity.quantity>594.164745</out_Quantity.quantity></Point><Point><position>773</position><in_Quantity.quantity>0.000000</in_Quantity.quantity><out_Quantity.quantity>577.948019</out_Quantity.quantity></Point><Point><position>774</position><in_Quantity.quantity>0.000000</in_Quantity.quantity><out_Quantity.quantity>258.907889</out_Quantity.quantity></Point><Point><position>775</position><in_Quantity.quantity>0.000000</in_Quantity.quantity><out_Quantity.quantity>59.288075</out_Quantity.quantity></Point><Point><position>776</position><in_Quantity.quantity>0.000000</in_Quantity.quantity><out_Quantity.quantity>334.049194</out_Quantity.quantity></Point><Point><position>777</position><in_Quantity.quantity>0.000000</in_Quantity.quantity><out_Quantity.quantity>24.387572</out_Quantity.quantity></Point><Point><position>778</position><in_Quantity.quantity>0.000000</in_Quantity.quantity><out_Quantity.quantity>856.746942</out_Quantity.quantity></Point><Point><position>779</position><in_Quantity.quantity>0.000000</in_Quantity.quantity><out_Quantity.quantity>22.230268</out_Quantity.quantity></Point><Point><position>780</position><in_Quantity.quantity>0.000000</in_Quantity.quantity><out_Quantity.quantity>249.560899</out_Quantity.quantity></Point><Point><position>781</position><in_Quantity.quantity>0.000000</in_Quantity.quantity><out_Quantity.quantity>271.684585</out_Quantity.quantity></Point><Point><position>782</position><in_Quantity.quantity>0.000000</in_Quantity.quantity><out_Quantity.quantity>691.677800</out_Quantity.quantity></Point><Point><position>783</position><in_Quantity.quantity>0.000000</in_Quantity.quantity><out_Quantity.quantity>265.484269</out_Quantity.quantity></Point><Point><position>784</position><in_Quantity.quantity>0.000000</in_Quantity.quantity><out_Quantity.quantity>840.099047</out_Quantity.quantity></Point><Point><position>785</position><in_Quantity.quantity>0.000000</in_Quantity.quantity><out_Quantity.quantity>817.674280</out_Quantity.quantity></Point><Point><position>786</position><in_Quantity.quantity>0.000000</in_Quantity.quantity><out_Quantity.quantity>981.212505</out_Quantity.quantity></Point><Point><position>787</position><in_Quantity.quantity>0.000000</in_Quantity.quantity><out_Quantity.quantity>56.181132</out_Quantity.quantity></Point><Point><position>788</position><in_Quantity.quantity>0.000000</in_Quantity.quantity><out_Quantity.quantity>150.529381</out_Quantity.quantity></Point><Point><position>789</position><in_Quantity.quantity>0.000000</in_Quantity.quantity><out_Quantity.quantity>324.604253</out_Quantity.quantity></Point><Point><position>790</position><in_Quantity.quantity>0.000000</in_Quantity.quantity><out_Quantity.quantity>714.160252</out_Quantity.quantity></Point><Point><position>791</position><in_Quantity.quantity>0.000000</in_Quantity.quantity><out_Quantity.quantity>265.247963</out_Quantity.quantity></Point><Point><position>792</position><in_Quantity.quantity>0.000000</in_Quantity.quantity><out_Quantity.quantity>885.619010</out_Quantity.quantity></Point><Point><position>793</position><in_Quantity.quantity>0.000000</in_Quantity.quantity><out_Quantity.quantity>633.027260</out_Quantity.quantity></Point><Point><position>794</position><in_Quantity.quantity>0.000000</in_Quantity.quantity><out_Quantity.quantity>562.992627</out_Quantity.quantity></Point><Point><position>795</position><in_Quantity.quantity>0.000000</in_Quantity.quantity><out_Quantity.quantity>552.398773</out_Quantity.quantity></Point><Point><position>796</position><in_Quantity.quantity>0.000000</in_Quantity.quantity><out_Quantity.quantity>28.970512</out_Quantity.quantity></Point><Point><position>797</position><in_Quantity.quantity>0.000000</in_Quantity.quantity><out_Quantity.quantity>778.721434</out_Quantity.quantity></Point><Point><position>798</position><in_Quantity.quantity>0.000000</in_Quantity.quantity><out_Quantity.quantity>156.654863</out_Quantity.quantity></Point><Point><position>799</position><in_Quantity.quantity>0.000000</in_Quantity.quantity><out_Quantity.quantity>551.998774</out_Quantity.quantity></Point><Point><position>800</position><in_Quantity.quantity>0.000000</in_Quantity.quantity><out_Quantity.quantity>865.366975</out_Quantity.quantity></Point><Point><position>801</position><in_Quantity.quantity>0.000000</in_Quantity.quantity><out_Quantity.quantity>102.154704</out_Quantity.quantity></Point><Point><position>802</position><in_Quantity.quantity>0.000000</in_Quantity.quantity><out_Quantity.quantity>507.306210</out_Quantity.quantity></Point><Point><position>803</position><in_Quantity.quantity>0.000000</in_Quantity.quantity><out_Quantity.quantity>956.610155</out_Quantity.quantity></Point><Point><position>804</position><in_Quantity.quantity>0.000000</in_Quantity.quantity><out_Quantity.quantity>886.773609</out_Quantity.quantity></Point><Point><position>805</position><in_Quantity.quantity>0.000000</in_Quantity.quantity><out_Quantity.quantity>819.210853</out_Quantity.quantity></Point><Point><position>806</position><in_Quantity.quantity>0.000000</in_Quantity.quantity><out_Quantity.quantity>877.091679</out_Quantity.quantity></Point><Point><position>807</position><in_Quantity.quantity>0.000000</in_Quantity.quantity><out_Quantity.quantity>859.751240</out_Quantity.quantity></Point><Point><position>808</position><in_Quantity.quantity>0.000000</in_Quantity.quantity><out_Quantity.quantity>845.835584</out_Quantity.quantity></Point><Point><position>809</position><in_Quantity.quantity>0.000000</in_Quantity.quantity><out_Quantity.quantity>92.792924</out_Quantity.quantity></Point><Point><position>810</position><in_Quantity.quantity>0.000000</in_Quantity.quantity><out_Quantity.quantity>697.263120</out_Quantity.quantity></Point><Point><position>811</position><in_Quantity.quantity>0.000000</in_Quantity.quantity><out_Quantity.quantity>26.715576</out_Quantity.quantity></Point><Point><position>812</position><in_Quantity.quantity>0.000000</in_Quantity.quantity><out_Quantity.quantity>101.578951</out_Quantity.quantity></Point><Point><position>813</position><in_Quantity.quantity>0.000000</in_Quantity.quantity><out_Quantity.quantity>503.974657</out_Quantity.quantity></Point><Point><position>814</position><in_Quantity.quantity>0.000000</in_Quantity.quantity><out_Quantity.quantity>50.864746</out_Quantity.quantity></Point><Point><position>815</position><in_Quantity.quantity>0.000000</in_Quantity.quantity><out_Quantity.quantity>824.038530</out_Quantity.quantity></Point><Point><position>816</position><in_Quantity.quantity>0.000000</in_Quantity.quantity><out_Quantity.quantity>163.259291</out_Quantity.quantity></Point><Point><position>817</position><in_Quantity.quantity>0.000000</in_Quantity.quantity><out_Quantity.quantity>684.577554</out_Quantity.quantity></Point><Point><position>818</position><in_Quantity.quantity>0.000000</in_Quantity.quantity><out_Quantity.quantity>934.274445</out_Quantity.quantity></Point><Point><position>819</position><in_Quantity.quantity>0.000000</in_Quantity.quantity><out_Quantity.quantity>597.022446</out_Quantity.quantity></Point><Point><position>820</position><in_Quantity.quantity>0.000000</in_Quantity.quantity><out_Quantity.quantity>480.417694</out_Quantity.quantity></Point><Point><position>821</position><in_Quantity.quantity>0.000000</in_Quantity.quantity><out_Quantity.quantity>257.614263</out_Quantity.quantity></Point><Point><position>822</position><in_Quantity.quantity>0.000000</in_Quantity.quantity><out_Quantity.quantity>648.721762</out_Quantity.quantity></Point><Point><position>823</position><in_Quantity.quantity>0.000000</in_Quantity.quantity><out_Quantity.quantity>377.605667</out_Quantity.quantity></Point><Point><position>824</position><in_Quantity.quantity>0.000000</in_Quantity.quantity><out_Quantity.quantity>892.220441</out_Quantity.quantity></Point><Point><position>825</position><in_Quantity.quantity>0.000000</in_Quantity.quantity><out_Quantity.quantity>649.967182</out_Quantity.quantity></Point><Point><position>826</position><in_Quantity.quantity>0.000000</in_Quantity.quantity><out_Quantity.quantity>967.379030</out_Quantity.quantity></Point><Point><position>827</position><in_Quantity.quantity>0.000000</in_Quantity.quantity><out_Quantity.quantity>546.367603</out_Quantity.quantity></Point><Point><position>828</position><in_Quantity.quantity>0.000000</in_Quantity.quantity><out_Quantity.quantity>847.235525</out_Quantity.quantity></Point><Point><position>829</position><in_Quantity.quantity>0.000000</in_Quantity.quantity><out_Quantity.quantity>160.660583</out_Quantity.quantity></Point><Point><position>830</position><in_Quantity.quantity>0.000000</in_Quantity.quantity><out_Quantity.quantity>948.816972</out_Quantity.quantity></Point><Point><position>831</position><in_Quantity.quantity>0.000000</in_Quantity.quantity><out_Quantity.quantity>36.543207</out_Quantity.quantity></Point><Point><position>832</position><in_Quantity.quantity>0.000000</in_Quantity.quantity><out_Quantity.quantity>491.105499</out_Quantity.quantity></Point><Point><position>833</position><in_Quantity.quantity>0.000000</in_Quantity.quantity><out_Quantity.quantity>653.502631</out_Quantity.quantity></Point><Point><position>834</position><in_Quantity.quantity>0.000000</in_Quantity.quantity><out_Quantity.quantity>267.483792</out_Quantity.quantity></Point><Point><position>835</position><in_Quantity.quantity>0.000000</in_Quantity.quantity><out_Quantity.quantity>605.373459</out_Quantity.quantity></Point><Point><position>836</position><in_Quantity.quantity>0.000000</in_Quantity.quantity><out_Quantity.quantity>331.640283</out_Quantity.quantity></Point><Point><position>837</position><in_Quantity.quantity>0.000000</in_Quantity.quantity><out_Quantity.quantity>177.326058</out_Quantity.quantity></Point><Point><position>838</position><in_Quantity.quantity>0.000000</in_Quantity.quantity><out_Quantity.quantity>553.463875</out_Quantity.quantity></Point><Point><position>839</position><in_Quantity.quantity>0.000000</in_Quantity.quantity><out_Quantity.quantity>498.449695</out_Quantity.quantity></Point><Point><position>840</position><in_Quantity.quantity>0.000000</in_Quantity.quantity><out_Quantity.quantity>777.801990</out_Quantity.quantity></Point><Point><position>841</position><in_Quantity.quantity>0.000000</in_Quantity.quantity><out_Quantity.quantity>391.452700</out_Quantity.quantity></Point><Point><position>842</position><in_Quantity.quantity>0.000000</in_Quantity.quantity><out_Quantity.quantity>893.372359</out_Quantity.quantity></Point><Point><position>843</position><in_Quantity.quantity>0.000000</in_Quantity.quantity><out_Quantity.quantity>669.729065</out_Quantity.quantity></Point><Point><position>844</position><in_Quantity.quantity>0.000000</in_Quantity.quantity><out_Quantity.quantity>433.872460</out_Quantity.quantity></Point><Point><position>845</position><in_Quantity.quantity>0.000000</in_Quantity.quantity><out_Quantity.quantity>413.798546</out_Quantity.quantity></Point><Point><position>846</position><in_Quantity.quantity>0.000000</in_Quantity.quantity><out_Quantity.quantity>621.152771</out_Quantity.quantity></Point><Point><position>847</position><in_Quantity.quantity>0.000000</in_Quantity.quantity><out_Quantity.quantity>64.596466</out_Quantity.quantity></Point><Point><position>848</position><in_Quantity.quantity>0.000000</in_Quantity.quantity><out_Quantity.quantity>916.888733</out_Quantity.quantity></Point><Point><position>849</position><in_Quantity.quantity>0.000000</in_Quantity.quantity><out_Quantity.quantity>47.641467</out_Quantity.quantity></Point><Point><position>850</position><in_Quantity.quantity>0.000000</in_Quantity.quantity><out_Quantity.quantity>70.946313</out_Quantity.quantity></Point><Point><position>851</position><in_Quantity.quantity>0.000000</in_Quantity.quantity><out_Quantity.quantity>496.778119</out_Quantity.quantity></Point><Point><position>852</position><in_Quantity.quantity>0.000000</in_Quantity.quantity><out_Quantity.quantity>18.010017</out_Quantity.quantity></Point><Point><position>853</position><in_Quantity.quantity>0.000000</in_Quantity.quantity><out_Quantity.quantity>819.045738</out_Quantity.quantity></Point><Point><position>854</position><in_Quantity.quantity>0.000000</in_Quantity.quantity><out_Quantity.quantity>161.328198</out_Quantity.quantity></Point><Point><position>855</position><in_Quantity.quantity>0.000000</in_Quantity.quantity><out_Quantity.quantity>628.445436</out_Quantity.quantity></Point><Point><position>856</position><in_Quantity.quantity>0.000000</in_Quantity.quantity><out_Quantity.quantity>63.475138</out_Quantity.quantity></Point><Point><position>857</position><in_Quantity.quantity>0.000000</in_Quantity.quantity><out_Quantity.quantity>429.990600</out_Quantity.quantity></Point><Point><position>858</position><in_Quantity.quantity>0.000000</in_Quantity.quantity><out_Quantity.quantity>951.031460</out_Quantity.quantity></Point><Point><position>859</position><in_Quantity.quantity>0.000000</in_Quantity.quantity><out_Quantity.quantity>581.171628</out_Quantity.quantity></Point><Point><position>860</position><in_Quantity.quantity>0.000000</in_Quantity.quantity><out_Quantity.quantity>440.184934</out_Quantity.quantity></Point><Point><position>861</position><in_Quantity.quantity>0.000000</in_Quantity.quantity><out_Quantity.quantity>566.163347</out_Quantity.quantity></Point><Point><position>862</position><in_Quantity.quantity>0.000000</in_Quantity.quantity><out_Quantity.quantity>384.927922</out_Quantity.quantity></Point><Point><position>863</position><in_Quantity.quantity>0.000000</in_Quantity.quantity><out_Quantity.quantity>695.829660</out_Quantity.quantity></Point><Point><position>864</position><in_Quantity.quantity>0.000000</in_Quantity.quantity><out_Quantity.quantity>93.987274</out_Quantity.quantity></Point><Point><position>865</position><in_Quantity.quantity>0.000000</in_Quantity.quantity><out_Quantity.quantity>757.144562</out_Quantity.quantity></Point><Point><position>866</position><in_Quantity.quantity>0.000000</in_Quantity.quantity><out_Quantity.quantity>952.962217</out_Quantity.quantity></Point><Point><position>867</position><in_Quantity.quantity>0.000000</in_Quantity.quantity><out_Quantity.quantity>648.163422</out_Quantity.quantity></Point><Point><position>868</position><in_Quantity.quantity>0.000000</in_Quantity.quantity><out_Quantity.quantity>262.015052</out_Quantity.quantity></Point><Point><position>869</position><in_Quantity.quantity>0.000000</in_Quantity.quantity><out_Quantity.quantity>573.400491</out_Quantity.quantity></Point><Point><position>870</position><in_Quantity.quantity>0.000000</in_Quantity.quantity><out_Quantity.quantity>556.071058</out_Quantity.quantity></Point><Point><position>871</position><in_Quantity.quantity>0.000000</in_Quantity.quantity><out_Quantity.quantity>576.080840</out_Quantity.quantity></Point><Point><position>872</position><in_Quantity.quantity>0.000000</in_Quantity.quantity><out_Quantity.quantity>629.585875</out_Quantity.quantity></Point><Point><position>873</position><in_Quantity.quantity>0.000000</in_Quantity.quantity><out_Quantity.quantity>996.944594</out_Quantity.quantity></Point><Point><position>874</position><in_Quantity.quantity>0.000000</in_Quantity.quantity><out_Quantity.quantity>704.238459</out_Quantity.quantity></Point><Point><position>875</position><in_Quantity.quantity>0.000000</in_Quantity.quantity><out_Quantity.quantity>33.112255</out_Quantity.quantity></Point><Point><position>876</position><in_Quantity.quantity>0.000000</in_Quantity.quantity><out_Quantity.quantity>736.090863</out_Quantity.quantity></Point><Point><position>877</position><in_Quantity.quantity>0.000000</in_Quantity.quantity><out_Quantity.quantity>996.160595</out_Quantity.quantity></Point><Point><position>878</position><in_Quantity.quantity>0.000000</in_Quantity.quantity><out_Quantity.quantity>602.040042</out_Quantity.quantity></Point><Point><position>879</position><in_Quantity.quantity>0.000000</in_Quantity.quantity><out_Quantity.quantity>920.822365</out_Quantity.quantity></Point><Point><position>880</position><in_Quantity.quantity>0.000000</in_Quantity.quantity><out_Quantity.quantity>484.459693</out_Quantity.quantity></Point><Point><position>881</position><in_Quantity.quantity>0.000000</in_Quantity.quantity><out_Quantity.quantity>382.315938</out_Quantity.quantity></Point><Point><position>882</position><in_Quantity.quantity>0.000000</in_Quantity.quantity><out_Quantity.quantity>565.294243</out_Quantity.quantity></Point><Point><position>883</position><in_Quantity.quantity>0.000000</in_Quantity.quantity><out_Quantity.quantity>318.346547</out_Quantity.quantity></Point><Point><position>884</position><in_Quantity.quantity>0.000000</in_Quantity.quantity><out_Quantity.quantity>601.237807</out_Quantity.quantity></Point><Point><position>885</position><in_Quantity.quantity>0.000000</in_Quantity.quantity><out_Quantity.quantity>516.958463</out_Quantity.quantity></Point><Point><position>886</position><in_Quantity.quantity>0.000000</in_Quantity.quantity><out_Quantity.quantity>609.737327</out_Quantity.quantity></Point><Point><position>887</position><in_Quantity.quantity>0.000000</in_Quantity.quantity><out_Quantity.quantity>430.919013</out_Quantity.quantity></Point><Point><position>888</position><in_Quantity.quantity>0.000000</in_Quantity.quantity><out_Quantity.quantity>56.705741</out_Quantity.quantity></Point><Point><position>889</position><in_Quantity.quantity>0.000000</in_Quantity.quantity><out_Quantity.quantity>603.752630</out_Quantity.quantity></Point><Point><position>890</position><in_Quantity.quantity>0.000000</in_Quantity.quantity><out_Quantity.quantity>452.498029</out_Quantity.quantity></Point><Point><position>891</position><in_Quantity.quantity>0.000000</in_Quantity.quantity><out_Quantity.quantity>536.213079</out_Quantity.quantity></Point><Point><position>892</position><in_Quantity.quantity>0.000000</in_Quantity.quantity><out_Quantity.quantity>167.356527</out_Quantity.quantity></Point><Point><position>893</position><in_Quantity.quantity>0.000000</in_Quantity.quantity><out_Quantity.quantity>330.246422</out_Quantity.quantity></Point><Point><position>894</position><in_Quantity.quantity>0.000000</in_Quantity.quantity><out_Quantity.quantity>940.817849</out_Quantity.quantity></Point><Point><position>895</position><in_Quantity.quantity>0.000000</in_Quantity.quantity><out_Quantity.quantity>176.553201</out_Quantity.quantity></Point><Point><position>896</position><in_Quantity.quantity>0.000000</in_Quantity.quantity><out_Quantity.quantity>91.284607</out_Quantity.quantity></Point><Point><position>897</position><in_Quantity.quantity>0.000000</in_Quantity.quantity><out_Quantity.quantity>548.277452</out_Quantity.quantity></Point><Point><position>898</position><in_Quantity.quantity>0.000000</in_Quantity.quantity><out_Quantity.quantity>65.405076</out_Quantity.quantity></Point><Point><position>899</position><in_Quantity.quantity>0.000000</in_Quantity.quantity><out_Quantity.quantity>557.337061</out_Quantity.quantity></Point><Point><position>900</position><in_Quantity.quantity>0.000000</in_Quantity.quantity><out_Quantity.quantity>141.302529</out_Quantity.quantity></Point><Point><position>901</position><in_Quantity.quantity>0.000000</in_Quantity.quantity><out_Quantity.quantity>452.887522</out_Quantity.quantity></Point><Point><position>902</position><in_Quantity.quantity>0.000000</in_Quantity.quantity><out_Quantity.quantity>676.189344</out_Quantity.quantity></Point><Point><position>903</position><in_Quantity.quantity>0.000000</in_Quantity.quantity><out_Quantity.quantity>187.404627</out_Quantity.quantity></Point><Point><position>904</position><in_Quantity.quantity>0.000000</in_Quantity.quantity><out_Quantity.quantity>995.206694</out_Quantity.quantity></Point><Point><position>905</position><in_Quantity.quantity>0.000000</in_Quantity.quantity><out_Quantity.quantity>246.961194</out_Quantity.quantity></Point><Point><position>906</position><in_Quantity.quantity>0.000000</in_Quantity.quantity><out_Quantity.quantity>121.975294</out_Quantity.quantity></Point><Point><position>907</position><in_Quantity.quantity>0.000000</in_Quantity.quantity><out_Quantity.quantity>151.242223</out_Quantity.quantity></Point><Point><position>908</position><in_Quantity.quantity>0.000000</in_Quantity.quantity><out_Quantity.quantity>178.821317</out_Quantity.quantity></Point><Point><position>909</position><in_Quantity.quantity>0.000000</in_Quantity.quantity><out_Quantity.quantity>555.216004</out_Quantity.quantity></Point><Point><position>910</position><in_Quantity.quantity>0.000000</in_Quantity.quantity><out_Quantity.quantity>931.734897</out_Quantity.quantity></Point><Point><position>911</position><in_Quantity.quantity>0.000000</in_Quantity.quantity><out_Quantity.quantity>635.621265</out_Quantity.quantity></Point><Point><position>912</position><in_Quantity.quantity>0.000000</in_Quantity.quantity><out_Quantity.quantity>446.230405</out_Quantity.quantity></Point><Point><position>913</position><in_Quantity.quantity>0.000000</in_Quantity.quantity><out_Quantity.quantity>462.659026</out_Quantity.quantity></Point><Point><position>914</position><in_Quantity.quantity>0.000000</in_Quantity.quantity><out_Quantity.quantity>180.625660</out_Quantity.quantity></Point><Point><position>915</position><in_Quantity.quantity>0.000000</in_Quantity.quantity><out_Quantity.quantity>794.394041</out_Quantity.quantity></Point><Point><position>916</position><in_Quantity.quantity>0.000000</in_Quantity.quantity><out_Quantity.quantity>612.387774</out_Quantity.quantity></Point><Point><position>917</position><in_Quantity.quantity>0.000000</in_Quantity.quantity><out_Quantity.quantity>448.835777</out_Quantity.quantity></Point><Point><position>918</position><in_Quantity.quantity>0.000000</in_Quantity.quantity><out_Quantity.quantity>687.983494</out_Quantity.quantity></Point><Point><position>919</position><in_Quantity.quantity>0.000000</in_Quantity.quantity><out_Quantity.quantity>554.963060</out_Quantity.quantity></Point><Point><position>920</position><in_Quantity.quantity>0.000000</in_Quantity.quantity><out_Quantity.quantity>283.005488</out_Quantity.quantity></Point><Point><position>921</position><in_Quantity.quantity>0.000000</in_Quantity.quantity><out_Quantity.quantity>795.430975</out_Quantity.quantity></Point><Point><position>922</position><in_Quantity.quantity>0.000000</in_Quantity.quantity><out_Quantity.quantity>354.792243</out_Quantity.quantity></Point><Point><position>923</position><in_Quantity.quantity>0.000000</in_Quantity.quantity><out_Quantity.quantity>61.998140</out_Quantity.quantity></Point><Point><position>924</position><in_Quantity.quantity>0.000000</in_Quantity.quantity><out_Quantity.quantity>408.087718</out_Quantity.quantity></Point><Point><position>925</position><in_Quantity.quantity>0.000000</in_Quantity.quantity><out_Quantity.quantity>553.054389</out_Quantity.quantity></Point><Point><position>926</position><in_Quantity.quantity>0.000000</in_Quantity.quantity><out_Quantity.quantity>971.136129</out_Quantity.quantity></Point><Point><position>927</position><in_Quantity.quantity>0.000000</in_Quantity.quantity><out_Quantity.quantity>173.479782</out_Quantity.quantity></Point><Point><position>928</position><in_Quantity.quantity>0.000000</in_Quantity.quantity><out_Quantity.quantity>815.914539</out_Quantity.quantity></Point><Point><position>929</position><in_Quantity.quantity>0.000000</in_Quantity.quantity><out_Quantity.quantity>706.956977</out_Quantity.quantity></Point><Point><position>930</position><in_Quantity.quantity>0.000000</in_Quantity.quantity><out_Quantity.quantity>885.908459</out_Quantity.quantity></Point><Point><position>931</position><in_Quantity.quantity>0.000000</in_Quantity.quantity><out_Quantity.quantity>528.335033</out_Quantity.quantity></Point><Point><position>932</position><in_Quantity.quantity>0.000000</in_Quantity.quantity><out_Quantity.quantity>874.711531</out_Quantity.quantity></Point><Point><position>933</position><in_Quantity.quantity>0.000000</in_Quantity.quantity><out_Quantity.quantity>271.631574</out_Quantity.quantity></Point><Point><position>934</position><in_Quantity.quantity>0.000000</in_Quantity.quantity><out_Quantity.quantity>604.856581</out_Quantity.quantity></Point><Point><position>935</position><in_Quantity.quantity>0.000000</in_Quantity.quantity><out_Quantity.quantity>17.235849</out_Quantity.quantity></Point><Point><position>936</position><in_Quantity.quantity>0.000000</in_Quantity.quantity><out_Quantity.quantity>740.129286</out_Quantity.quantity></Point><Point><position>937</position><in_Quantity.quantity>0.000000</in_Quantity.quantity><out_Quantity.quantity>398.075836</out_Quantity.quantity></Point><Point><position>938</position><in_Quantity.quantity>0.000000</in_Quantity.quantity><out_Quantity.quantity>748.739364</out_Quantity.quantity></Point><Point><position>939</position><in_Quantity.quantity>0.000000</in_Quantity.quantity><out_Quantity.quantity>313.195302</out_Quantity.quantity></Point><Point><position>940</position><in_Quantity.quantity>0.000000</in_Quantity.quantity><out_Quantity.quantity>861.418292</out_Quantity.quantity></Point><Point><position>941</position><in_Quantity.quantity>0.000000</in_Quantity.quantity><out_Quantity.quantity>891.482459</out_Quantity.quantity></Point><Point><position>942</position><in_Quantity.quantity>0.000000</in_Quantity.quantity><out_Quantity.quantity>758.695241</out_Quantity.quantity></Point><Point><position>943</position><in_Quantity.quantity>0.000000</in_Quantity.quantity><out_Quantity.quantity>594.892463</out_Quantity.quantity></Point><Point><position>944</position><in_Quantity.quantity>0.000000</in_Quantity.quantity><out_Quantity.quantity>492.929350</out_Quantity.quantity></Point><Point><position>945</position><in_Quantity.quantity>0.000000</in_Quantity.quantity><out_Quantity.quantity>917.548596</out_Quantity.quantity></Point><Point><position>946</position><in_Quantity.quantity>0.000000</in_Quantity.quantity><out_Quantity.quantity>613.253381</out_Quantity.quantity></Point><Point><position>947</position><in_Quantity.quantity>0.000000</in_Quantity.quantity><out_Quantity.quantity>725.520267</out_Quantity.quantity></Point><Point><position>948</position><in_Quantity.quantity>0.000000</in_Quantity.quantity><out_Quantity.quantity>661.570288</out_Quantity.quantity></Point><Point><position>949</position><in_Quantity.quantity>0.000000</in_Quantity.quantity><out_Quantity.quantity>836.169820</out_Quantity.quantity></Point><Point><position>950</position><in_Quantity.quantity>0.000000</in_Quantity.quantity><out_Quantity.quantity>880.073487</out_Quantity.quantity></Point><Point><position>951</position><in_Quantity.quantity>0.000000</in_Quantity.quantity><out_Quantity.quantity>375.789450</out_Quantity.quantity></Point><Point><position>952</position><in_Quantity.quantity>0.000000</in_Quantity.quantity><out_Quantity.quantity>544.492158</out_Quantity.quantity></Point><Point><position>953</position><in_Quantity.quantity>0.000000</in_Quantity.quantity><out_Quantity.quantity>301.213489</out_Quantity.quantity></Point><Point><position>954</position><in_Quantity.quantity>0.000000</in_Quantity.quantity><out_Quantity.quantity>22.993988</out_Quantity.quantity></Point><Point><position>955</position><in_Quantity.quantity>0.000000</in_Quantity.quantity><out_Quantity.quantity>898.740780</out_Quantity.quantity></Point><Point><position>956</position><in_Quantity.quantity>0.000000</in_Quantity.quantity><out_Quantity.quantity>960.406010</out_Quantity.quantity></Point><Point><position>957</position><in_Quantity.quantity>0.000000</in_Quantity.quantity><out_Quantity.quantity>951.077604</out_Quantity.quantity></Point><Point><position>958</position><in_Quantity.quantity>0.000000</in_Quantity.quantity><out_Quantity.quantity>671.172106</out_Quantity.quantity></Point><Point><position>959</position><in_Quantity.quantity>0.000000</in_Quantity.quantity><out_Quantity.quantity>572.507169</out_Quantity.quantity></Point><Point><position>960</position><in_Quantity.quantity>0.000000</in_Quantity.quantity><out_Quantity.quantity>958.061518</out_Quantity.quantity></Point><Point><position>961</position><in_Quantity.quantity>0.000000</in_Quantity.quantity><out_Quantity.quantity>906.251298</out_Quantity.quantity></Point><Point><position>962</position><in_Quantity.quantity>0.000000</in_Quantity.quantity><out_Quantity.quantity>190.023873</out_Quantity.quantity></Point><Point><position>963</position><in_Quantity.quantity>0.000000</in_Quantity.quantity><out_Quantity.quantity>161.485585</out_Quantity.quantity></Point><Point><position>964</position><in_Quantity.quantity>0.000000</in_Quantity.quantity><out_Quantity.quantity>372.444833</out_Quantity.quantity></Point><Point><position>965</position><in_Quantity.quantity>0.000000</in_Quantity.quantity><out_Quantity.quantity>854.543620</out_Quantity.quantity></Point><Point><position>966</position><in_Quantity.quantity>0.000000</in_Quantity.quantity><out_Quantity.quantity>489.486850</out_Quantity.quantity></Point><Point><position>967</position><in_Quantity.quantity>0.000000</in_Quantity.quantity><out_Quantity.quantity>700.879300</out_Quantity.quantity></Point><Point><position>968</position><in_Quantity.quantity>0.000000</in_Quantity.quantity><out_Quantity.quantity>836.589677</out_Quantity.quantity></Point><Point><position>969</position><in_Quantity.quantity>0.000000</in_Quantity.quantity><out_Quantity.quantity>245.101572</out_Quantity.quantity></Point><Point><position>970</position><in_Quantity.quantity>0.000000</in_Quantity.quantity><out_Quantity.quantity>975.363700</out_Quantity.quantity></Point><Point><position>971</position><in_Quantity.quantity>0.000000</in_Quantity.quantity><out_Quantity.quantity>459.486211</out_Quantity.quantity></Point><Point><position>972</position><in_Quantity.quantity>0.000000</in_Quantity.quantity><out_Quantity.quantity>673.018331</out_Quantity.quantity></Point><Point><position>973</position><in_Quantity.quantity>0.000000</in_Quantity.quantity><out_Quantity.quantity>91.806679</out_Quantity.quantity></Point><Point><position>974</position><in_Quantity.quantity>0.000000</in_Quantity.quantity><out_Quantity.quantity>145.990553</out_Quantity.quantity></Point><Point><position>975</position><in_Quantity.quantity>0.000000</in_Quantity.quantity><out_Quantity.quantity>931.648810</out_Quantity.quantity></Point><Point><position>976</position><in_Quantity.quantity>0.000000</in_Quantity.quantity><out_Quantity.quantity>784.249349</out_Quantity.quantity></Point><Point><position>977</position><in_Quantity.quantity>0.000000</in_Quantity.quantity><out_Quantity.quantity>553.833828</out_Quantity.quantity></Point><Point><position>978</position><in_Quantity.quantity>0.000000</in_Quantity.quantity><out_Quantity.quantity>468.690767</out_Quantity.quantity></Point><Point><position>979</position><in_Quantity.quantity>0.000000</in_Quantity.quantity><out_Quantity.quantity>679.795764</out_Quantity.quantity></Point><Point><position>980</position><in_Quantity.quantity>0.000000</in_Quantity.quantity><out_Quantity.quantity>601.238420</out_Quantity.quantity></Point><Point><position>981</position><in_Quantity.quantity>0.000000</in_Quantity.quantity><out_Quantity.quantity>752.117151</out_Quantity.quantity></Point><Point><position>982</position><in_Quantity.quantity>0.000000</in_Quantity.quantity><out_Quantity.quantity>404.568304</out_Quantity.quantity></Point><Point><position>983</position><in_Quantity.quantity>0.000000</in_Quantity.quantity><out_Quantity.quantity>115.622048</out_Quantity.quantity></Point><Point><position>984</position><in_Quantity.quantity>0.000000</in_Quantity.quantity><out_Quantity.quantity>605.115643</out_Quantity.quantity></Point><Point><position>985</position><in_Quantity.quantity>0.000000</in_Quantity.quantity><out_Quantity.quantity>866.357618</out_Quantity.quantity></Point><Point><position>986</position><in_Quantity.quantity>0.000000</in_Quantity.quantity><out_Quantity.quantity>929.439843</out_Quantity.quantity></Point><Point><position>987</position><in_Quantity.quantity>0.000000</in_Quantity.quantity><out_Quantity.quantity>801.484809</out_Quantity.quantity></Point><Point><position>988</position><in_Quantity.quantity>0.000000</in_Quantity.quantity><out_Quantity.quantity>915.466473</out_Quantity.quantity></Point><Point><position>989</position><in_Quantity.quantity>0.000000</in_Quantity.quantity><out_Quantity.quantity>104.527608</out_Quantity.quantity></Point><Point><position>990</position><in_Quantity.quantity>0.000000</in_Quantity.quantity><out_Quantity.quantity>854.538473</out_Quantity.quantity></Point><Point><position>991</position><in_Quantity.quantity>0.000000</in_Quantity.quantity><out_Quantity.quantity>441.136620</out_Quantity.quantity></Point><Point><position>992</position><in_Quantity.quantity>0.000000</in_Quantity.quantity><out_Quantity.quantity>587.458993</out_Quantity.quantity></Point><Point><position>993</position><in_Quantity.quantity>0.000000</in_Quantity.quantity><out_Quantity.quantity>626.081232</out_Quantity.quantity></Point><Point><position>994</position><in_Quantity.quantity>0.000000</in_Quantity.quantity><out_Quantity.quantity>108.684178</out_Quantity.quantity></Point><Point><position>995</position><in_Quantity.quantity>0.000000</in_Quantity.quantity><out_Quantity.quantity>660.657940</out_Quantity.quantity></Point><Point><position>996</position><in_Quantity.quantity>0.000000</in_Quantity.quantity><out_Quantity.quantity>640.361113</out_Quantity.quantity></Point><Point><position>997</position><in_Quantity.quantity>0.000000</in_Quantity.quantity><out_Quantity.quantity>125.585006</out_Quantity.quantity></Point><Point><position>998</position><in_Quantity.quantity>0.000000</in_Quantity.quantity><out_Quantity.quantity>894.918624</out_Quantity.quantity></Point><Point><position>999</position><in_Quantity.quantity>0.000000</in_Quantity.quantity><out_Quantity.quantity>349.117610</out_Quantity.quantity></Point><Point><position>1000</position><in_Quantity.quantity>0.000000</in_Quantity.quantity><out_Quantity.quantity>883.530800</out_Quantity.quantity></Point><Point><position>1001</position><in_Quantity.quantity>0.000000</in_Quantity.quantity><out_Quantity.quantity>201.017288</out_Quantity.quantity></Point><Point><position>1002</position><in_Quantity.quantity>0.000000</in_Quantity.quantity><out_Quantity.quantity>84.137266</out_Quantity.quantity></Point><Point><position>1003</position><in_Quantity.quantity>0.000000</in_Quantity.quantity><out_Quantity.quantity>944.301402</out_Quantity.quantity></Point><Point><position>1004</position><in_Quantity.quantity>0.000000</in_Quantity.quantity><out_Quantity.quantity>115.871447</out_Quantity.quantity></Point><Point><position>1005</position><in_Quantity.quantity>0.000000</in_Quantity.quantity><out_Quantity.quantity>49.227688</out_Quantity.quantity></Point><Point><position>1006</position><in_Quantity.quantity>0.000000</in_Quantity.quantity><out_Quantity.quantity>259.314716</out_Quantity.quantity></Point><Point><position>1007</position><in_Quantity.quantity>0.000000</in_Quantity.quantity><out_Quantity.quantity>928.129747</out_Quantity.quantity></Point><Point><position>1008</position><in_Quantity.quantity>0.000000</in_Quantity.quantity><out_Quantity.quantity>588.068863</out_Quantity.quantity></Point><Point><position>1009</position><in_Quantity.quantity>0.000000</in_Quantity.quantity><out_Quantity.quantity>376.094700</out_Quantity.quantity></Point><Point><position>1010</position><in_Quantity.quantity>0.000000</in_Quantity.quantity><out_Quantity.quantity>919.238536</out_Quantity.quantity></Point><Point><position>1011</position><in_Quantity.quantity>0.000000</in_Quantity.quantity><out_Quantity.quantity>997.493841</out_Quantity.quantity></Point><Point><position>1012</position><in_Quantity.quantity>0.000000</in_Quantity.quantity><out_Quantity.quantity>313.708235</out_Quantity.quantity></Point><Point><position>1013</position><in_Quantity.quantity>0.000000</in_Quantity.quantity><out_Quantity.quantity>767.271406</out_Quantity.quantity></Point><Point><position>1014</position><in_Quantity.quantity>0.000000</in_Quantity.quantity><out_Quantity.quantity>122.309089</out_Quantity.quantity></Point><Point><position>1015</position><in_Quantity.quantity>0.000000</in_Quantity.quantity><out_Quantity.quantity>40.931760</out_Quantity.quantity></Point><Point><position>1016</position><in_Quantity.quantity>0.000000</in_Quantity.quantity><out_Quantity.quantity>119.900099</out_Quantity.quantity></Point><Point><position>1017</position><in_Quantity.quantity>0.000000</in_Quantity.quantity><out_Quantity.quantity>239.292048</out_Quantity.quantity></Point><Point><position>1018</position><in_Quantity.quantity>0.000000</in_Quantity.quantity><out_Quantity.quantity>181.646557</out_Quantity.quantity></Point><Point><position>1019</position><in_Quantity.quantity>0.000000</in_Quantity.quantity><out_Quantity.quantity>566.493392</out_Quantity.quantity></Point><Point><position>1020</position><in_Quantity.quantity>0.000000</in_Quantity.quantity><out_Quantity.quantity>807.361175</out_Quantity.quantity></Point><Point><position>1021</position><in_Quantity.quantity>0.000000</in_Quantity.quantity><out_Quantity.quantity>802.542606</out_Quantity.quantity></Point><Point><position>1022</position><in_Quantity.quantity>0.000000</in_Quantity.quantity><out_Quantity.quantity>485.134809</out_Quantity.quantity></Point><Point><position>1023</position><in_Quantity.quantity>0.000000</in_Quantity.quantity><out_Quantity.quantity>196.733643</out_Quantity.quantity></Point><Point><position>1024</position><in_Quantity.quantity>0.000000</in_Quantity.quantity><out_Quantity.quantity>810.405754</out_Quantity.quantity></Point><Point><position>1025</position><in_Quantity.quantity>0.000000</in_Quantity.quantity><out_Quantity.quantity>811.327509</out_Quantity.quantity></Point><Point><position>1026</position><in_Quantity.quantity>0.000000</in_Quantity.quantity><out_Quantity.quantity>337.636584</out_Quantity.quantity></Point><Point><position>1027</position><in_Quantity.quantity>0.000000</in_Quantity.quantity><out_Quantity.quantity>365.296975</out_Quantity.quantity></Point><Point><position>1028</position><in_Quantity.quantity>0.000000</in_Quantity.quantity><out_Quantity.quantity>297.617475</out_Quantity.quantity></Point><Point><position>1029</position><in_Quantity.quantity>0.000000</in_Quantity.quantity><out_Quantity.quantity>587.531607</out_Quantity.quantity></Point><Point><position>1030</position><in_Quantity.quantity>0.000000</in_Quantity.quantity><out_Quantity.quantity>302.504043</out_Quantity.quantity></Point><Point><position>1031</position><in_Quantity.quantity>0.000000</in_Quantity.quantity><out_Quantity.quantity>560.280756</out_Quantity.quantity></Point><Point><position>1032</position><in_Quantity.quantity>0.000000</in_Quantity.quantity><out_Quantity.quantity>144.187770</out_Quantity.quantity></Point><Point><position>1033</position><in_Quantity.quantity>0.000000</in_Quantity.quantity><out_Quantity.quantity>598.649249</out_Quantity.quantity></Point><Point><position>1034</position><in_Quantity.quantity>0.000000</in_Quantity.quantity><out_Quantity.quantity>691.859123</out_Quantity.quantity></Point><Point><position>1035</position><in_Quantity.quantity>0.000000</in_Quantity.quantity><out_Quantity.quantity>344.833782</out_Quantity.quantity></Point><Point><position>1036</position><in_Quantity.quantity>0.000000</in_Quantity.quantity><out_Quantity.quantity>463.199084</out_Quantity.quantity></Point><Point><position>1037</position><in_Quantity.quantity>0.000000</in_Quantity.quantity><out_Quantity.quantity>448.221384</out_Quantity.quantity></Point><Point><position>1038</position><in_Quantity.quantity>0.000000</in_Quantity.quantity><out_Quantity.quantity>814.371493</out_Quantity.quantity></Point><Point><position>1039</position><in_Quantity.quantity>0.000000</in_Quantity.quantity><out_Quantity.quantity>641.325625</out_Quantity.quantity></Point><Point><position>1040</position><in_Quantity.quantity>0.000000</in_Quantity.quantity><out_Quantity.quantity>911.181542</out_Quantity.quantity></Point><Point><position>1041</position><in_Quantity.quantity>0.000000</in_Quantity.quantity><out_Quantity.quantity>283.897606</out_Quantity.quantity></Point><Point><position>1042</position><in_Quantity.quantity>0.000000</in_Quantity.quantity><out_Quantity.quantity>665.423579</out_Quantity.quantity></Point><Point><position>1043</position><in_Quantity.quantity>0.000000</in_Quantity.quantity><out_Quantity.quantity>540.414533</out_Quantity.quantity></Point><Point><position>1044</position><in_Quantity.quantity>0.000000</in_Quantity.quantity><out_Quantity.quantity>955.601839</out_Quantity.quantity></Point><Point><position>1045</position><in_Quantity.quantity>0.000000</in_Quantity.quantity><out_Quantity.quantity>126.848675</out_Quantity.quantity></Point><Point><position>1046</position><in_Quantity.quantity>0.000000</in_Quantity.quantity><out_Quantity.quantity>602.921883</out_Quantity.quantity></Point><Point><position>1047</position><in_Quantity.quantity>0.000000</in_Quantity.quantity><out_Quantity.quantity>314.548883</out_Quantity.quantity></Point><Point><position>1048</position><in_Quantity.quantity>0.000000</in_Quantity.quantity><out_Quantity.quantity>396.416378</out_Quantity.quantity></Point><Point><position>1049</position><in_Quantity.quantity>0.000000</in_Quantity.quantity><out_Quantity.quantity>655.115444</out_Quantity.quantity></Point><Point><position>1050</position><in_Quantity.quantity>0.000000</in_Quantity.quantity><out_Quantity.quantity>731.984926</out_Quantity.quantity></Point><Point><position>1051</position><in_Quantity.quantity>0.000000</in_Quantity.quantity><out_Quantity.quantity>658.897387</out_Quantity.quantity></Point><Point><position>1052</position><in_Quantity.quantity>0.000000</in_Quantity.quantity><out_Quantity.quantity>799.406270</out_Quantity.quantity></Point><Point><position>1053</position><in_Quantity.quantity>0.000000</in_Quantity.quantity><out_Quantity.quantity>355.775474</out_Quantity.quantity></Point><Point><position>1054</position><in_Quantity.quantity>0.000000</in_Quantity.quantity><out_Quantity.quantity>431.779139</out_Quantity.quantity></Point><Point><position>1055</position><in_Quantity.quantity>0.000000</in_Quantity.quantity><out_Quantity.quantity>235.904059</out_Quantity.quantity></Point><Point><position>1056</position><in_Quantity.quantity>0.000000</in_Quantity.quantity><out_Quantity.quantity>349.111059</out_Quantity.quantity></Point><Point><position>1057</position><in_Quantity.quantity>0.000000</in_Quantity.quantity><out_Quantity.quantity>659.469115</out_Quantity.quantity></Point><Point><position>1058</position><in_Quantity.quantity>0.000000</in_Quantity.quantity><out_Quantity.quantity>770.426382</out_Quantity.quantity></Point><Point><position>1059</position><in_Quantity.quantity>0.000000</in_Quantity.quantity><out_Quantity.quantity>108.925457</out_Quantity.quantity></Point><Point><position>1060</position><in_Quantity.quantity>0.000000</in_Quantity.quantity><out_Quantity.quantity>131.918717</out_Quantity.quantity></Point><Point><position>1061</position><in_Quantity.quantity>0.000000</in_Quantity.quantity><out_Quantity.quantity>491.773476</out_Quantity.quantity></Point><Point><position>1062</position><in_Quantity.quantity>0.000000</in_Quantity.quantity><out_Quantity.quantity>600.488264</out_Quantity.quantity></Point><Point><position>1063</position><in_Quantity.quantity>0.000000</in_Quantity.quantity><out_Quantity.quantity>954.390539</out_Quantity.quantity></Point><Point><position>1064</position><in_Quantity.quantity>0.000000</in_Quantity.quantity><out_Quantity.quantity>800.442191</out_Quantity.quantity></Point><Point><position>1065</position><in_Quantity.quantity>0.000000</in_Quantity.quantity><out_Quantity.quantity>26.884316</out_Quantity.quantity></Point><Point><position>1066</position><in_Quantity.quantity>0.000000</in_Quantity.quantity><out_Quantity.quantity>575.260636</out_Quantity.quantity></Point><Point><position>1067</position><in_Quantity.quantity>0.000000</in_Quantity.quantity><out_Quantity.quantity>596.048670</out_Quantity.quantity></Point><Point><position>1068</position><in_Quantity.quantity>0.000000</in_Quantity.quantity><out_Quantity.quantity>715.598597</out_Quantity.quantity></Point><Point><position>1069</position><in_Quantity.quantity>0.000000</in_Quantity.quantity><out_Quantity.quantity>543.637454</out_Quantity.quantity></Point><Point><position>1070</position><in_Quantity.quantity>0.000000</in_Quantity.quantity><out_Quantity.quantity>736.524605</out_Quantity.quantity></Point><Point><position>1071</position><in_Quantity.quantity>0.000000</in_Quantity.quantity><out_Quantity.quantity>667.842704</out_Quantity.quantity></Point><Point><position>1072</position><in_Quantity.quantity>0.000000</in_Quantity.quantity><out_Quantity.quantity>764.601647</out_Quantity.quantity></Point><Point><position>1073</position><in_Quantity.quantity>0.000000</in_Quantity.quantity><out_Quantity.quantity>537.492755</out_Quantity.quantity></Point><Point><position>1074</position><in_Quantity.quantity>0.000000</in_Quantity.quantity><out_Quantity.quantity>915.904460</out_Quantity.quantity></Point><Point><position>1075</position><in_Quantity.quantity>0.000000</in_Quantity.quantity><out_Quantity.quantity>409.516240</out_Quantity.quantity></Point><Point><position>1076</position><in_Quantity.quantity>0.000000</in_Quantity.quantity><out_Quantity.quantity>842.323665</out_Quantity.quantity></Point><Point><position>1077</position><in_Quantity.quantity>0.000000</in_Quantity.quantity><out_Quantity.quantity>619.705207</out_Quantity.quantity></Point><Point><position>1078</position><in_Quantity.quantity>0.000000</in_Quantity.quantity><out_Quantity.quantity>372.048490</out_Quantity.quantity></Point><Point><position>1079</position><in_Quantity.quantity>0.000000</in_Quantity.quantity><out_Quantity.quantity>748.289977</out_Quantity.quantity></Point><Point><position>1080</position><in_Quantity.quantity>0.000000</in_Quantity.quantity><out_Quantity.quantity>153.791117</out_Quantity.quantity></Point><Point><position>1081</position><in_Quantity.quantity>0.000000</in_Quantity.quantity><out_Quantity.quantity>928.794033</out_Quantity.quantity></Point><Point><position>1082</position><in_Quantity.quantity>0.000000</in_Quantity.quantity><out_Quantity.quantity>626.628135</out_Quantity.quantity></Point><Point><position>1083</position><in_Quantity.quantity>0.000000</in_Quantity.quantity><out_Quantity.quantity>783.297876</out_Quantity.quantity></Point><Point><position>1084</position><in_Quantity.quantity>0.000000</in_Quantity.quantity><out_Quantity.quantity>982.679447</out_Quantity.quantity></Point><Point><position>1085</position><in_Quantity.quantity>0.000000</in_Quantity.quantity><out_Quantity.quantity>474.242334</out_Quantity.quantity></Point><Point><position>1086</position><in_Quantity.quantity>0.000000</in_Quantity.quantity><out_Quantity.quantity>42.891294</out_Quantity.quantity></Point><Point><position>1087</position><in_Quantity.quantity>0.000000</in_Quantity.quantity><out_Quantity.quantity>444.232265</out_Quantity.quantity></Point><Point><position>1088</position><in_Quantity.quantity>0.000000</in_Quantity.quantity><out_Quantity.quantity>263.240926</out_Quantity.quantity></Point><Point><position>1089</position><in_Quantity.quantity>0.000000</in_Quantity.quantity><out_Quantity.quantity>257.364746</out_Quantity.quantity></Point><Point><position>1090</position><in_Quantity.quantity>0.000000</in_Quantity.quantity><out_Quantity.quantity>5.756187</out_Quantity.quantity></Point><Point><position>1091</position><in_Quantity.quantity>0.000000</in_Quantity.quantity><out_Quantity.quantity>695.241062</out_Quantity.quantity></Point><Point><position>1092</position><in_Quantity.quantity>0.000000</in_Quantity.quantity><out_Quantity.quantity>359.835959</out_Quantity.quantity></Point><Point><position>1093</position><in_Quantity.quantity>0.000000</in_Quantity.quantity><out_Quantity.quantity>13.695630</out_Quantity.quantity></Point><Point><position>1094</position><in_Quantity.quantity>0.000000</in_Quantity.quantity><out_Quantity.quantity>803.755659</out_Quantity.quantity></Point><Point><position>1095</position><in_Quantity.quantity>0.000000</in_Quantity.quantity><out_Quantity.quantity>896.166695</out_Quantity.quantity></Point><Point><position>1096</position><in_Quantity.quantity>0.000000</in_Quantity.quantity><out_Quantity.quantity>918.968258</out_Quantity.quantity></Point><Point><position>1097</position><in_Quantity.quantity>0.000000</in_Quantity.quantity><out_Quantity.quantity>919.441011</out_Quantity.quantity></Point><Point><position>1098</position><in_Quantity.quantity>0.000000</in_Quantity.quantity><out_Quantity.quantity>564.628122</out_Quantity.quantity></Point><Point><position>1099</position><in_Quantity.quantity>0.000000</in_Quantity.quantity><out_Quantity.quantity>429.451736</out_Quantity.quantity></Point><Point><position>1100</position><in_Quantity.quantity>0.000000</in_Quantity.quantity><out_Quantity.quantity>185.005140</out_Quantity.quantity></Point><Point><position>1101</position><in_Quantity.quantity>0.000000</in_Quantity.quantity><out_Quantity.quantity>806.612646</out_Quantity.quantity></Point><Point><position>1102</position><in_Quantity.quantity>0.000000</in_Quantity.quantity><out_Quantity.quantity>897.034644</out_Quantity.quantity></Point><Point><position>1103</position><in_Quantity.quantity>0.000000</in_Quantity.quantity><out_Quantity.quantity>568.424062</out_Quantity.quantity></Point><Point><position>1104</position><in_Quantity.quantity>0.000000</in_Quantity.quantity><out_Quantity.quantity>249.603084</out_Quantity.quantity></Point><Point><position>1105</position><in_Quantity.quantity>0.000000</in_Quantity.quantity><out_Quantity.quantity>158.499665</out_Quantity.quantity></Point><Point><position>1106</position><in_Quantity.quantity>0.000000</in_Quantity.quantity><out_Quantity.quantity>864.590411</out_Quantity.quantity></Point><Point><position>1107</position><in_Quantity.quantity>0.000000</in_Quantity.quantity><out_Quantity.quantity>627.584071</out_Quantity.quantity></Point><Point><position>1108</position><in_Quantity.quantity>0.000000</in_Quantity.quantity><out_Quantity.quantity>955.077652</out_Quantity.quantity></Point><Point><position>1109</position><in_Quantity.quantity>0.000000</in_Quantity.quantity><out_Quantity.quantity>803.622604</out_Quantity.quantity></Point><Point><position>1110</position><in_Quantity.quantity>0.000000</in_Quantity.quantity><out_Quantity.quantity>105.505331</out_Quantity.quantity></Point><Point><position>1111</position><in_Quantity.quantity>0.000000</in_Quantity.quantity><out_Quantity.quantity>661.886130</out_Quantity.quantity></Point><Point><position>1112</position><in_Quantity.quantity>0.000000</in_Quantity.quantity><out_Quantity.quantity>834.249157</out_Quantity.quantity></Point><Point><position>1113</position><in_Quantity.quantity>0.000000</in_Quantity.quantity><out_Quantity.quantity>84.106184</out_Quantity.quantity></Point><Point><position>1114</position><in_Quantity.quantity>0.000000</in_Quantity.quantity><out_Quantity.quantity>422.157021</out_Quantity.quantity></Point><Point><position>1115</position><in_Quantity.quantity>0.000000</in_Quantity.quantity><out_Quantity.quantity>247.032068</out_Quantity.quantity></Point><Point><position>1116</position><in_Quantity.quantity>0.000000</in_Quantity.quantity><out_Quantity.quantity>515.909610</out_Quantity.quantity></Point><Point><position>1117</position><in_Quantity.quantity>0.000000</in_Quantity.quantity><out_Quantity.quantity>461.930485</out_Quantity.quantity></Point><Point><position>1118</position><in_Quantity.quantity>0.000000</in_Quantity.quantity><out_Quantity.quantity>203.358566</out_Quantity.quantity></Point><Point><position>1119</position><in_Quantity.quantity>0.000000</in_Quantity.quantity><out_Quantity.quantity>894.112161</out_Quantity.quantity></Point><Point><position>1120</position><in_Quantity.quantity>0.000000</in_Quantity.quantity><out_Quantity.quantity>828.476446</out_Quantity.quantity></Point><Point><position>1121</position><in_Quantity.quantity>0.000000</in_Quantity.quantity><out_Quantity.quantity>501.283521</out_Quantity.quantity></Point><Point><position>1122</position><in_Quantity.quantity>0.000000</in_Quantity.quantity><out_Quantity.quantity>224.656621</out_Quantity.quantity></Point><Point><position>1123</position><in_Quantity.quantity>0.000000</in_Quantity.quantity><out_Quantity.quantity>254.985320</out_Quantity.quantity></Point><Point><position>1124</position><in_Quantity.quantity>0.000000</in_Quantity.quantity><out_Quantity.quantity>922.896540</out_Quantity.quantity></Point><Point><position>1125</position><in_Quantity.quantity>0.000000</in_Quantity.quantity><out_Quantity.quantity>626.755115</out_Quantity.quantity></Point><Point><position>1126</position><in_Quantity.quantity>0.000000</in_Quantity.quantity><out_Quantity.quantity>310.230460</out_Quantity.quantity></Point><Point><position>1127</position><in_Quantity.quantity>0.000000</in_Quantity.quantity><out_Quantity.quantity>478.246655</out_Quantity.quantity></Point><Point><position>1128</position><in_Quantity.quantity>0.000000</in_Quantity.quantity><out_Quantity.quantity>310.286282</out_Quantity.quantity></Point><Point><position>1129</position><in_Quantity.quantity>0.000000</in_Quantity.quantity><out_Quantity.quantity>261.040559</out_Quantity.quantity></Point><Point><position>1130</position><in_Quantity.quantity>0.000000</in_Quantity.quantity><out_Quantity.quantity>874.859665</out_Quantity.quantity></Point><Point><position>1131</position><in_Quantity.quantity>0.000000</in_Quantity.quantity><out_Quantity.quantity>304.603909</out_Quantity.quantity></Point><Point><position>1132</position><in_Quantity.quantity>0.000000</in_Quantity.quantity><out_Quantity.quantity>50.968430</out_Quantity.quantity></Point><Point><position>1133</position><in_Quantity.quantity>0.000000</in_Quantity.quantity><out_Quantity.quantity>303.238478</out_Quantity.quantity></Point><Point><position>1134</position><in_Quantity.quantity>0.000000</in_Quantity.quantity><out_Quantity.quantity>902.661830</out_Quantity.quantity></Point><Point><position>1135</position><in_Quantity.quantity>0.000000</in_Quantity.quantity><out_Quantity.quantity>48.915616</out_Quantity.quantity></Point><Point><position>1136</position><in_Quantity.quantity>0.000000</in_Quantity.quantity><out_Quantity.quantity>789.284012</out_Quantity.quantity></Point><Point><position>1137</position><in_Quantity.quantity>0.000000</in_Quantity.quantity><out_Quantity.quantity>869.155191</out_Quantity.quantity></Point><Point><position>1138</position><in_Quantity.quantity>0.000000</in_Quantity.quantity><out_Quantity.quantity>253.649558</out_Quantity.quantity></Point><Point><position>1139</position><in_Quantity.quantity>0.000000</in_Quantity.quantity><out_Quantity.quantity>601.508609</out_Quantity.quantity></Point><Point><position>1140</position><in_Quantity.quantity>0.000000</in_Quantity.quantity><out_Quantity.quantity>927.444796</out_Quantity.quantity></Point><Point><position>1141</position><in_Quantity.quantity>0.000000</in_Quantity.quantity><out_Quantity.quantity>344.911885</out_Quantity.quantity></Point><Point><position>1142</position><in_Quantity.quantity>0.000000</in_Quantity.quantity><out_Quantity.quantity>905.705780</out_Quantity.quantity></Point><Point><position>1143</position><in_Quantity.quantity>0.000000</in_Quantity.quantity><out_Quantity.quantity>566.789395</out_Quantity.quantity></Point><Point><position>1144</position><in_Quantity.quantity>0.000000</in_Quantity.quantity><out_Quantity.quantity>487.513020</out_Quantity.quantity></Point><Point><position>1145</position><in_Quantity.quantity>0.000000</in_Quantity.quantity><out_Quantity.quantity>149.937723</out_Quantity.quantity></Point><Point><position>1146</position><in_Quantity.quantity>0.000000</in_Quantity.quantity><out_Quantity.quantity>458.546369</out_Quantity.quantity></Point><Point><position>1147</position><in_Quantity.quantity>0.000000</in_Quantity.quantity><out_Quantity.quantity>782.992541</out_Quantity.quantity></Point><Point><position>1148</position><in_Quantity.quantity>0.000000</in_Quantity.quantity><out_Quantity.quantity>147.018310</out_Quantity.quantity></Point><Point><position>1149</position><in_Quantity.quantity>0.000000</in_Quantity.quantity><out_Quantity.quantity>849.559205</out_Quantity.quantity></Point><Point><position>1150</position><in_Quantity.quantity>0.000000</in_Quantity.quantity><out_Quantity.quantity>579.815718</out_Quantity.quantity></Point><Point><position>1151</position><in_Quantity.quantity>0.000000</in_Quantity.quantity><out_Quantity.quantity>630.655217</out_Quantity.quantity></Point><Point><position>1152</position><in_Quantity.quantity>0.000000</in_Quantity.quantity><out_Quantity.quantity>648.416639</out_Quantity.quantity></Point><Point><position>1153</position><in_Quantity.quantity>0.000000</in_Quantity.quantity><out_Quantity.quantity>71.775635</out_Quantity.quantity></Point><Point><position>1154</position><in_Quantity.quantity>0.000000</in_Quantity.quantity><out_Quantity.quantity>937.476292</out_Quantity.quantity></Point><Point><position>1155</position><in_Quantity.quantity>0.000000</in_Quantity.quantity><out_Quantity.quantity>479.213341</out_Quantity.quantity></Point><Point><position>1156</position><in_Quantity.quantity>0.000000</in_Quantity.quantity><out_Quantity.quantity>791.998705</out_Quantity.quantity></Point><Point><position>1157</position><in_Quantity.quantity>0.000000</in_Quantity.quantity><out_Quantity.quantity>309.855534</out_Quantity.quantity></Point><Point><position>1158</position><in_Quantity.quantity>0.000000</in_Quantity.quantity><out_Quantity.quantity>48.593592</out_Quantity.quantity></Point><Point><position>1159</position><in_Quantity.quantity>0.000000</in_Quantity.quantity><out_Quantity.quantity>526.216961</out_Quantity.quantity></Point><Point><position>1160</position><in_Quantity.quantity>0.000000</in_Quantity.quantity><out_Quantity.quantity>166.985771</out_Quantity.quantity></Point><Point><position>1161</position><in_Quantity.quantity>0.000000</in_Quantity.quantity><out_Quantity.quantity>176.714147</out_Quantity.quantity></Point><Point><position>1162</position><in_Quantity.quantity>0.000000</in_Quantity.quantity><out_Quantity.quantity>943.621357</out_Quantity.quantity></Point><Point><position>1163</position><in_Quantity.quantity>0.000000</in_Quantity.quantity><out_Quantity.quantity>123.549175</out_Quantity.quantity></Point><Point><position>1164</position><in_Quantity.quantity>0.000000</in_Quantity.quantity><out_Quantity.quantity>632.250357</out_Quantity.quantity></Point><Point><position>1165</position><in_Quantity.quantity>0.000000</in_Quantity.quantity><out_Quantity.quantity>583.755602</out_Quantity.quantity></Point><Point><position>1166</position><in_Quantity.quantity>0.000000</in_Quantity.quantity><out_Quantity.quantity>193.243072</out_Quantity.quantity></Point><Point><position>1167</position><in_Quantity.quantity>0.000000</in_Quantity.quantity><out_Quantity.quantity>853.279408</out_Quantity.quantity></Point><Point><position>1168</position><in_Quantity.quantity>0.000000</in_Quantity.quantity><out_Quantity.quantity>484.166527</out_Quantity.quantity></Point><Point><position>1169</position><in_Quantity.quantity>0.000000</in_Quantity.quantity><out_Quantity.quantity>10.047181</out_Quantity.quantity></Point><Point><position>1170</position><in_Quantity.quantity>0.000000</in_Quantity.quantity><out_Quantity.quantity>971.812474</out_Quantity.quantity></Point><Point><position>1171</position><in_Quantity.quantity>0.000000</in_Quantity.quantity><out_Quantity.quantity>375.436944</out_Quantity.quantity></Point><Point><position>1172</position><in_Quantity.quantity>0.000000</in_Quantity.quantity><out_Quantity.quantity>71.230217</out_Quantity.quantity></Point><Point><position>1173</position><in_Quantity.quantity>0.000000</in_Quantity.quantity><out_Quantity.quantity>220.542275</out_Quantity.quantity></Point><Point><position>1174</position><in_Quantity.quantity>0.000000</in_Quantity.quantity><out_Quantity.quantity>72.494448</out_Quantity.quantity></Point><Point><position>1175</position><in_Quantity.quantity>0.000000</in_Quantity.quantity><out_Quantity.quantity>685.240457</out_Quantity.quantity></Point><Point><position>1176</position><in_Quantity.quantity>0.000000</in_Quantity.quantity><out_Quantity.quantity>159.943218</out_Quantity.quantity></Point><Point><position>1177</position><in_Quantity.quantity>0.000000</in_Quantity.quantity><out_Quantity.quantity>154.485027</out_Quantity.quantity></Point><Point><position>1178</position><in_Quantity.quantity>0.000000</in_Quantity.quantity><out_Quantity.quantity>341.930465</out_Quantity.quantity></Point><Point><position>1179</position><in_Quantity.quantity>0.000000</in_Quantity.quantity><out_Quantity.quantity>442.956772</out_Quantity.quantity></Point><Point><position>1180</position><in_Quantity.quantity>0.000000</in_Quantity.quantity><out_Quantity.quantity>615.056397</out_Quantity.quantity></Point><Point><position>1181</position><in_Quantity.quantity>0.000000</in_Quantity.quantity><out_Quantity.quantity>196.543673</out_Quantity.quantity></Point><Point><position>1182</position><in_Quantity.quantity>0.000000</in_Quantity.quantity><out_Quantity.quantity>325.346226</out_Quantity.quantity></Point><Point><position>1183</position><in_Quantity.quantity>0.000000</in_Quantity.quantity><out_Quantity.quantity>235.113685</out_Quantity.quantity></Point><Point><position>1184</position><in_Quantity.quantity>0.000000</in_Quantity.quantity><out_Quantity.quantity>921.115746</out_Quantity.quantity></Point><Point><position>1185</position><in_Quantity.quantity>0.000000</in_Quantity.quantity><out_Quantity.quantity>508.311725</out_Quantity.quantity></Point><Point><position>1186</position><in_Quantity.quantity>0.000000</in_Quantity.quantity><out_Quantity.quantity>998.117460</out_Quantity.quantity></Point><Point><position>1187</position><in_Quantity.quantity>0.000000</in_Quantity.quantity><out_Quantity.quantity>556.284867</out_Quantity.quantity></Point><Point><position>1188</position><in_Quantity.quantity>0.000000</in_Quantity.quantity><out_Quantity.quantity>753.371669</out_Quantity.quantity></Point><Point><position>1189</position><in_Quantity.quantity>0.000000</in_Quantity.quantity><out_Quantity.quantity>402.607266</out_Quantity.quantity></Point><Point><position>1190</position><in_Quantity.quantity>0.000000</in_Quantity.quantity><out_Quantity.quantity>321.909780</out_Quantity.quantity></Point><Point><position>1191</position><in_Quantity.quantity>0.000000</in_Quantity.quantity><out_Quantity.quantity>632.065178</out_Quantity.quantity></Point><Point><position>1192</position><in_Quantity.quantity>0.000000</in_Quantity.quantity><out_Quantity.quantity>871.502304</out_Quantity.quantity></Point><Point><position>1193</position><in_Quantity.quantity>0.000000</in_Quantity.quantity><out_Quantity.quantity>362.799280</out_Quantity.quantity></Point><Point><position>1194</position><in_Quantity.quantity>0.000000</in_Quantity.quantity><out_Quantity.quantity>688.941092</out_Quantity.quantity></Point><Point><position>1195</position><in_Quantity.quantity>0.000000</in_Quantity.quantity><out_Quantity.quantity>108.083367</out_Quantity.quantity></Point><Point><position>1196</position><in_Quantity.quantity>0.000000</in_Quantity.quantity><out_Quantity.quantity>920.405303</out_Quantity.quantity></Point><Point><position>1197</position><in_Quantity.quantity>0.000000</in_Quantity.quantity><out_Quantity.quantity>58.963401</out_Quantity.quantity></Point><Point><position>1198</position><in_Quantity.quantity>0.000000</in_Quantity.quantity><out_Quantity.quantity>752.009787</out_Quantity.quantity></Point><Point><position>1199</position><in_Quantity.quantity>0.000000</in_Quantity.quantity><out_Quantity.quantity>254.838539</out_Quantity.quantity></Point><Point><position>1200</position><in_Quantity.quantity>0.000000</in_Quantity.quantity><out_Quantity.quantity>643.356006</out_Quantity.quantity></Point><Point><position>1201</position><in_Quantity.quantity>0.000000</in_Quantity.quantity><out_Quantity.quantity>495.867099</out_Quantity.quantity></Point><Point><position>1202</position><in_Quantity.quantity>0.000000</in_Quantity.quantity><out_Quantity.quantity>686.207238</out_Quantity.quantity></Point><Point><position>1203</position><in_Quantity.quantity>0.000000</in_Quantity.quantity><out_Quantity.quantity>784.082108</out_Quantity.quantity></Point><Point><position>1204</position><in_Quantity.quantity>0.000000</in_Quantity.quantity><out_Quantity.quantity>796.999248</out_Quantity.quantity></Point><Point><position>1205</position><in_Quantity.quantity>0.000000</in_Quantity.quantity><out_Quantity.quantity>795.998975</out_Quantity.quantity></Point><Point><position>1206</position><in_Quantity.quantity>0.000000</in_Quantity.quantity><out_Quantity.quantity>612.511303</out_Quantity.quantity></Point><Point><position>1207</position><in_Quantity.quantity>0.000000</in_Quantity.quantity><out_Quantity.quantity>912.781180</out_Quantity.quantity></Point><Point><position>1208</position><in_Quantity.quantity>0.000000</in_Quantity.quantity><out_Quantity.quantity>631.483873</out_Quantity.quantity></Point><Point><position>1209</position><in_Quantity.quantity>0.000000</in_Quantity.quantity><out_Quantity.quantity>330.830164</out_Quantity.quantity></Point><Point><position>1210</position><in_Quantity.quantity>0.000000</in_Quantity.quantity><out_Quantity.quantity>164.972591</out_Quantity.quantity></Point><Point><position>1211</position><in_Quantity.quantity>0.000000</in_Quantity.quantity><out_Quantity.quantity>465.933004</out_Quantity.quantity></Point><Point><position>1212</position><in_Quantity.quantity>0.000000</in_Quantity.quantity><out_Quantity.quantity>42.046591</out_Quantity.quantity></Point><Point><position>1213</position><in_Quantity.quantity>0.000000</in_Quantity.quantity><out_Quantity.quantity>262.696813</out_Quantity.quantity></Point><Point><position>1214</position><in_Quantity.quantity>0.000000</in_Quantity.quantity><out_Quantity.quantity>258.593585</out_Quantity.quantity></Point><Point><position>1215</position><in_Quantity.quantity>0.000000</in_Quantity.quantity><out_Quantity.quantity>238.285498</out_Quantity.quantity></Point><Point><position>1216</position><in_Quantity.quantity>0.000000</in_Quantity.quantity><out_Quantity.quantity>316.268137</out_Quantity.quantity></Point><Point><position>1217</position><in_Quantity.quantity>0.000000</in_Quantity.quantity><out_Quantity.quantity>206.382434</out_Quantity.quantity></Point><Point><position>1218</position><in_Quantity.quantity>0.000000</in_Quantity.quantity><out_Quantity.quantity>714.798145</out_Quantity.quantity></Point><Point><position>1219</position><in_Quantity.quantity>0.000000</in_Quantity.quantity><out_Quantity.quantity>412.882039</out_Quantity.quantity></Point><Point><position>1220</position><in_Quantity.quantity>0.000000</in_Quantity.quantity><out_Quantity.quantity>592.248776</out_Quantity.quantity></Point><Point><position>1221</position><in_Quantity.quantity>0.000000</in_Quantity.quantity><out_Quantity.quantity>826.036235</out_Quantity.quantity></Point><Point><position>1222</position><in_Quantity.quantity>0.000000</in_Quantity.quantity><out_Quantity.quantity>799.154307</out_Quantity.quantity></Point><Point><position>1223</position><in_Quantity.quantity>0.000000</in_Quantity.quantity><out_Quantity.quantity>170.001175</out_Quantity.quantity></Point><Point><position>1224</position><in_Quantity.quantity>0.000000</in_Quantity.quantity><out_Quantity.quantity>635.556425</out_Quantity.quantity></Point><Point><position>1225</position><in_Quantity.quantity>0.000000</in_Quantity.quantity><out_Quantity.quantity>178.780266</out_Quantity.quantity></Point><Point><position>1226</position><in_Quantity.quantity>0.000000</in_Quantity.quantity><out_Quantity.quantity>89.358090</out_Quantity.quantity></Point><Point><position>1227</position><in_Quantity.quantity>0.000000</in_Quantity.quantity><out_Quantity.quantity>340.070848</out_Quantity.quantity></Point><Point><position>1228</position><in_Quantity.quantity>0.000000</in_Quantity.quantity><out_Quantity.quantity>801.329952</out_Quantity.quantity></Point><Point><position>1229</position><in_Quantity.quantity>0.000000</in_Quantity.quantity><out_Quantity.quantity>55.428318</out_Quantity.quantity></Point><Point><position>1230</position><in_Quantity.quantity>0.000000</in_Quantity.quantity><out_Quantity.quantity>489.103641</out_Quantity.quantity></Point><Point><position>1231</position><in_Quantity.quantity>0.000000</in_Quantity.quantity><out_Quantity.quantity>758.413988</out_Quantity.quantity></Point><Point><position>1232</position><in_Quantity.quantity>0.000000</in_Quantity.quantity><out_Quantity.quantity>642.856424</out_Quantity.quantity></Point><Point><position>1233</position><in_Quantity.quantity>0.000000</in_Quantity.quantity><out_Quantity.quantity>340.284164</out_Quantity.quantity></Point><Point><position>1234</position><in_Quantity.quantity>0.000000</in_Quantity.quantity><out_Quantity.quantity>550.519995</out_Quantity.quantity></Point><Point><position>1235</position><in_Quantity.quantity>0.000000</in_Quantity.quantity><out_Quantity.quantity>435.371611</out_Quantity.quantity></Point><Point><position>1236</position><in_Quantity.quantity>0.000000</in_Quantity.quantity><out_Quantity.quantity>454.277600</out_Quantity.quantity></Point><Point><position>1237</position><in_Quantity.quantity>0.000000</in_Quantity.quantity><out_Quantity.quantity>118.691443</out_Quantity.quantity></Point><Point><position>1238</position><in_Quantity.quantity>0.000000</in_Quantity.quantity><out_Quantity.quantity>467.283903</out_Quantity.quantity></Point><Point><position>1239</position><in_Quantity.quantity>0.000000</in_Quantity.quantity><out_Quantity.quantity>429.569758</out_Quantity.quantity></Point><Point><position>1240</position><in_Quantity.quantity>0.000000</in_Quantity.quantity><out_Quantity.quantity>887.511943</out_Quantity.quantity></Point><Point><position>1241</position><in_Quantity.quantity>0.000000</in_Quantity.quantity><out_Quantity.quantity>592.152886</out_Quantity.quantity></Point><Point><position>1242</position><in_Quantity.quantity>0.000000</in_Quantity.quantity><out_Quantity.quantity>658.371746</out_Quantity.quantity></Point><Point><position>1243</position><in_Quantity.quantity>0.000000</in_Quantity.quantity><out_Quantity.quantity>640.699035</out_Quantity.quantity></Point><Point><position>1244</position><in_Quantity.quantity>0.000000</in_Quantity.quantity><out_Quantity.quantity>219.019057</out_Quantity.quantity></Point><Point><position>1245</position><in_Quantity.quantity>0.000000</in_Quantity.quantity><out_Quantity.quantity>862.019155</out_Quantity.quantity></Point><Point><position>1246</position><in_Quantity.quantity>0.000000</in_Quantity.quantity><out_Quantity.quantity>87.227701</out_Quantity.quantity></Point><Point><position>1247</position><in_Quantity.quantity>0.000000</in_Quantity.quantity><out_Quantity.quantity>629.589917</out_Quantity.quantity></Point><Point><position>1248</position><in_Quantity.quantity>0.000000</in_Quantity.quantity><out_Quantity.quantity>569.886106</out_Quantity.quantity></Point><Point><position>1249</position><in_Quantity.quantity>0.000000</in_Quantity.quantity><out_Quantity.quantity>272.717896</out_Quantity.quantity></Point><Point><position>1250</position><in_Quantity.quantity>0.000000</in_Quantity.quantity><out_Quantity.quantity>627.113395</out_Quantity.quantity></Point><Point><position>1251</position><in_Quantity.quantity>0.000000</in_Quantity.quantity><out_Quantity.quantity>289.313345</out_Quantity.quantity></Point><Point><position>1252</position><in_Quantity.quantity>0.000000</in_Quantity.quantity><out_Quantity.quantity>437.092984</out_Quantity.quantity></Point><Point><position>1253</position><in_Quantity.quantity>0.000000</in_Quantity.quantity><out_Quantity.quantity>747.767918</out_Quantity.quantity></Point><Point><position>1254</position><in_Quantity.quantity>0.000000</in_Quantity.quantity><out_Quantity.quantity>463.918623</out_Quantity.quantity></Point><Point><position>1255</position><in_Quantity.quantity>0.000000</in_Quantity.quantity><out_Quantity.quantity>779.142230</out_Quantity.quantity></Point><Point><position>1256</position><in_Quantity.quantity>0.000000</in_Quantity.quantity><out_Quantity.quantity>511.056056</out_Quantity.quantity></Point><Point><position>1257</position><in_Quantity.quantity>0.000000</in_Quantity.quantity><out_Quantity.quantity>183.047223</out_Quantity.quantity></Point><Point><position>1258</position><in_Quantity.quantity>0.000000</in_Quantity.quantity><out_Quantity.quantity>10.155102</out_Quantity.quantity></Point><Point><position>1259</position><in_Quantity.quantity>0.000000</in_Quantity.quantity><out_Quantity.quantity>162.561368</out_Quantity.quantity></Point><Point><position>1260</position><in_Quantity.quantity>0.000000</in_Quantity.quantity><out_Quantity.quantity>327.038908</out_Quantity.quantity></Point><Point><position>1261</position><in_Quantity.quantity>0.000000</in_Quantity.quantity><out_Quantity.quantity>545.426950</out_Quantity.quantity></Point><Point><position>1262</position><in_Quantity.quantity>0.000000</in_Quantity.quantity><out_Quantity.quantity>605.227693</out_Quantity.quantity></Point><Point><position>1263</position><in_Quantity.quantity>0.000000</in_Quantity.quantity><out_Quantity.quantity>13.007795</out_Quantity.quantity></Point><Point><position>1264</position><in_Quantity.quantity>0.000000</in_Quantity.quantity><out_Quantity.quantity>558.668506</out_Quantity.quantity></Point><Point><position>1265</position><in_Quantity.quantity>0.000000</in_Quantity.quantity><out_Quantity.quantity>425.853139</out_Quantity.quantity></Point><Point><position>1266</position><in_Quantity.quantity>0.000000</in_Quantity.quantity><out_Quantity.quantity>766.281217</out_Quantity.quantity></Point><Point><position>1267</position><in_Quantity.quantity>0.000000</in_Quantity.quantity><out_Quantity.quantity>959.497198</out_Quantity.quantity></Point><Point><position>1268</position><in_Quantity.quantity>0.000000</in_Quantity.quantity><out_Quantity.quantity>221.031832</out_Quantity.quantity></Point><Point><position>1269</position><in_Quantity.quantity>0.000000</in_Quantity.quantity><out_Quantity.quantity>593.559352</out_Quantity.quantity></Point><Point><position>1270</position><in_Quantity.quantity>0.000000</in_Quantity.quantity><out_Quantity.quantity>63.330792</out_Quantity.quantity></Point><Point><position>1271</position><in_Quantity.quantity>0.000000</in_Quantity.quantity><out_Quantity.quantity>765.593535</out_Quantity.quantity></Point><Point><position>1272</position><in_Quantity.quantity>0.000000</in_Quantity.quantity><out_Quantity.quantity>452.625199</out_Quantity.quantity></Point><Point><position>1273</position><in_Quantity.quantity>0.000000</in_Quantity.quantity><out_Quantity.quantity>811.939619</out_Quantity.quantity></Point><Point><position>1274</position><in_Quantity.quantity>0.000000</in_Quantity.quantity><out_Quantity.quantity>946.683308</out_Quantity.quantity></Point><Point><position>1275</position><in_Quantity.quantity>0.000000</in_Quantity.quantity><out_Quantity.quantity>848.066349</out_Quantity.quantity></Point><Point><position>1276</position><in_Quantity.quantity>0.000000</in_Quantity.quantity><out_Quantity.quantity>88.734750</out_Quantity.quantity></Point><Point><position>1277</position><in_Quantity.quantity>0.000000</in_Quantity.quantity><out_Quantity.quantity>531.839358</out_Quantity.quantity></Point><Point><position>1278</position><in_Quantity.quantity>0.000000</in_Quantity.quantity><out_Quantity.quantity>772.596836</out_Quantity.quantity></Point><Point><position>1279</position><in_Quantity.quantity>0.000000</in_Quantity.quantity><out_Quantity.quantity>43.288104</out_Quantity.quantity></Point><Point><position>1280</position><in_Quantity.quantity>0.000000</in_Quantity.quantity><out_Quantity.quantity>127.901868</out_Quantity.quantity></Point><Point><position>1281</position><in_Quantity.quantity>0.000000</in_Quantity.quantity><out_Quantity.quantity>768.915470</out_Quantity.quantity></Point><Point><position>1282</position><in_Quantity.quantity>0.000000</in_Quantity.quantity><out_Quantity.quantity>119.114916</out_Quantity.quantity></Point><Point><position>1283</position><in_Quantity.quantity>0.000000</in_Quantity.quantity><out_Quantity.quantity>741.343959</out_Quantity.quantity></Point><Point><position>1284</position><in_Quantity.quantity>0.000000</in_Quantity.quantity><out_Quantity.quantity>933.190247</out_Quantity.quantity></Point><Point><position>1285</position><in_Quantity.quantity>0.000000</in_Quantity.quantity><out_Quantity.quantity>69.384553</out_Quantity.quantity></Point><Point><position>1286</position><in_Quantity.quantity>0.000000</in_Quantity.quantity><out_Quantity.quantity>96.368161</out_Quantity.quantity></Point><Point><position>1287</position><in_Quantity.quantity>0.000000</in_Quantity.quantity><out_Quantity.quantity>831.905971</out_Quantity.quantity></Point><Point><position>1288</position><in_Quantity.quantity>0.000000</in_Quantity.quantity><out_Quantity.quantity>923.795470</out_Quantity.quantity></Point><Point><position>1289</position><in_Quantity.quantity>0.000000</in_Quantity.quantity><out_Quantity.quantity>316.608683</out_Quantity.quantity></Point><Point><position>1290</position><in_Quantity.quantity>0.000000</in_Quantity.quantity><out_Quantity.quantity>994.291497</out_Quantity.quantity></Point><Point><position>1291</position><in_Quantity.quantity>0.000000</in_Quantity.quantity><out_Quantity.quantity>686.138825</out_Quantity.quantity></Point><Point><position>1292</position><in_Quantity.quantity>0.000000</in_Quantity.quantity><out_Quantity.quantity>912.662504</out_Quantity.quantity></Point><Point><position>1293</position><in_Quantity.quantity>0.000000</in_Quantity.quantity><out_Quantity.quantity>707.069810</out_Quantity.quantity></Point><Point><position>1294</position><in_Quantity.quantity>0.000000</in_Quantity.quantity><out_Quantity.quantity>342.919691</out_Quantity.quantity></Point><Point><position>1295</position><in_Quantity.quantity>0.000000</in_Quantity.quantity><out_Quantity.quantity>714.482019</out_Quantity.quantity></Point><Point><position>1296</position><in_Quantity.quantity>0.000000</in_Quantity.quantity><out_Quantity.quantity>503.996887</out_Quantity.quantity></Point><Point><position>1297</position><in_Quantity.quantity>0.000000</in_Quantity.quantity><out_Quantity.quantity>110.466984</out_Quantity.quantity></Point><Point><position>1298</position><in_Quantity.quantity>0.000000</in_Quantity.quantity><out_Quantity.quantity>933.944436</out_Quantity.quantity></Point><Point><position>1299</position><in_Quantity.quantity>0.000000</in_Quantity.quantity><out_Quantity.quantity>966.289433</out_Quantity.quantity></Point><Point><position>1300</position><in_Quantity.quantity>0.000000</in_Quantity.quantity><out_Quantity.quantity>175.191923</out_Quantity.quantity></Point><Point><position>1301</position><in_Quantity.quantity>0.000000</in_Quantity.quantity><out_Quantity.quantity>966.985252</out_Quantity.quantity></Point><Point><position>1302</position><in_Quantity.quantity>0.000000</in_Quantity.quantity><out_Quantity.quantity>816.587929</out_Quantity.quantity></Point><Point><position>1303</position><in_Quantity.quantity>0.000000</in_Quantity.quantity><out_Quantity.quantity>738.257287</out_Quantity.quantity></Point><Point><position>1304</position><in_Quantity.quantity>0.000000</in_Quantity.quantity><out_Quantity.quantity>156.106807</out_Quantity.quantity></Point><Point><position>1305</position><in_Quantity.quantity>0.000000</in_Quantity.quantity><out_Quantity.quantity>395.189551</out_Quantity.quantity></Point><Point><position>1306</position><in_Quantity.quantity>0.000000</in_Quantity.quantity><out_Quantity.quantity>68.313338</out_Quantity.quantity></Point><Point><position>1307</position><in_Quantity.quantity>0.000000</in_Quantity.quantity><out_Quantity.quantity>781.261125</out_Quantity.quantity></Point><Point><position>1308</position><in_Quantity.quantity>0.000000</in_Quantity.quantity><out_Quantity.quantity>853.069199</out_Quantity.quantity></Point><Point><position>1309</position><in_Quantity.quantity>0.000000</in_Quantity.quantity><out_Quantity.quantity>957.650063</out_Quantity.quantity></Point><Point><position>1310</position><in_Quantity.quantity>0.000000</in_Quantity.quantity><out_Quantity.quantity>279.843825</out_Quantity.quantity></Point><Point><position>1311</position><in_Quantity.quantity>0.000000</in_Quantity.quantity><out_Quantity.quantity>649.370379</out_Quantity.quantity></Point><Point><position>1312</position><in_Quantity.quantity>0.000000</in_Quantity.quantity><out_Quantity.quantity>600.251488</out_Quantity.quantity></Point><Point><position>1313</position><in_Quantity.quantity>0.000000</in_Quantity.quantity><out_Quantity.quantity>120.659783</out_Quantity.quantity></Point><Point><position>1314</position><in_Quantity.quantity>0.000000</in_Quantity.quantity><out_Quantity.quantity>780.561244</out_Quantity.quantity></Point><Point><position>1315</position><in_Quantity.quantity>0.000000</in_Quantity.quantity><out_Quantity.quantity>763.654284</out_Quantity.quantity></Point><Point><position>1316</position><in_Quantity.quantity>0.000000</in_Quantity.quantity><out_Quantity.quantity>536.839786</out_Quantity.quantity></Point><Point><position>1317</position><in_Quantity.quantity>0.000000</in_Quantity.quantity><out_Quantity.quantity>369.021198</out_Quantity.quantity></Point><Point><position>1318</position><in_Quantity.quantity>0.000000</in_Quantity.quantity><out_Quantity.quantity>32.675934</out_Quantity.quantity></Point><Point><position>1319</position><in_Quantity.quantity>0.000000</in_Quantity.quantity><out_Quantity.quantity>880.097829</out_Quantity.quantity></Point><Point><position>1320</position><in_Quantity.quantity>0.000000</in_Quantity.quantity><out_Quantity.quantity>907.295607</out_Quantity.quantity></Point><Point><position>1321</position><in_Quantity.quantity>0.000000</in_Quantity.quantity><out_Quantity.quantity>268.231243</out_Quantity.quantity></Point><Point><position>1322</position><in_Quantity.quantity>0.000000</in_Quantity.quantity><out_Quantity.quantity>23.577566</out_Quantity.quantity></Point><Point><position>1323</position><in_Quantity.quantity>0.000000</in_Quantity.quantity><out_Quantity.quantity>432.427571</out_Quantity.quantity></Point><Point><position>1324</position><in_Quantity.quantity>0.000000</in_Quantity.quantity><out_Quantity.quantity>984.755630</out_Quantity.quantity></Point><Point><position>1325</position><in_Quantity.quantity>0.000000</in_Quantity.quantity><out_Quantity.quantity>544.004096</out_Quantity.quantity></Point><Point><position>1326</position><in_Quantity.quantity>0.000000</in_Quantity.quantity><out_Quantity.quantity>617.511684</out_Quantity.quantity></Point><Point><position>1327</position><in_Quantity.quantity>0.000000</in_Quantity.quantity><out_Quantity.quantity>494.669213</out_Quantity.quantity></Point><Point><position>1328</position><in_Quantity.quantity>0.000000</in_Quantity.quantity><out_Quantity.quantity>275.396196</out_Quantity.quantity></Point><Point><position>1329</position><in_Quantity.quantity>0.000000</in_Quantity.quantity><out_Quantity.quantity>87.053231</out_Quantity.quantity></Point><Point><position>1330</position><in_Quantity.quantity>0.000000</in_Quantity.quantity><out_Quantity.quantity>777.947972</out_Quantity.quantity></Point><Point><position>1331</position><in_Quantity.quantity>0.000000</in_Quantity.quantity><out_Quantity.quantity>381.315555</out_Quantity.quantity></Point><Point><position>1332</position><in_Quantity.quantity>0.000000</in_Quantity.quantity><out_Quantity.quantity>179.710162</out_Quantity.quantity></Point><Point><position>1333</position><in_Quantity.quantity>0.000000</in_Quantity.quantity><out_Quantity.quantity>311.788269</out_Quantity.quantity></Point><Point><position>1334</position><in_Quantity.quantity>0.000000</in_Quantity.quantity><out_Quantity.quantity>637.056309</out_Quantity.quantity></Point><Point><position>1335</position><in_Quantity.quantity>0.000000</in_Quantity.quantity><out_Quantity.quantity>927.991095</out_Quantity.quantity></Point><Point><position>1336</position><in_Quantity.quantity>0.000000</in_Quantity.quantity><out_Quantity.quantity>718.657312</out_Quantity.quantity></Point><Point><position>1337</position><in_Quantity.quantity>0.000000</in_Quantity.quantity><out_Quantity.quantity>592.574798</out_Quantity.quantity></Point><Point><position>1338</position><in_Quantity.quantity>0.000000</in_Quantity.quantity><out_Quantity.quantity>496.921328</out_Quantity.quantity></Point><Point><position>1339</position><in_Quantity.quantity>0.000000</in_Quantity.quantity><out_Quantity.quantity>522.850987</out_Quantity.quantity></Point><Point><position>1340</position><in_Quantity.quantity>0.000000</in_Quantity.quantity><out_Quantity.quantity>545.835516</out_Quantity.quantity></Point><Point><position>1341</position><in_Quantity.quantity>0.000000</in_Quantity.quantity><out_Quantity.quantity>315.789400</out_Quantity.quantity></Point><Point><position>1342</position><in_Quantity.quantity>0.000000</in_Quantity.quantity><out_Quantity.quantity>235.349280</out_Quantity.quantity></Point><Point><position>1343</position><in_Quantity.quantity>0.000000</in_Quantity.quantity><out_Quantity.quantity>272.477194</out_Quantity.quantity></Point><Point><position>1344</position><in_Quantity.quantity>0.000000</in_Quantity.quantity><out_Quantity.quantity>849.007625</out_Quantity.quantity></Point><Point><position>1345</position><in_Quantity.quantity>0.000000</in_Quantity.quantity><out_Quantity.quantity>850.027762</out_Quantity.quantity></Point><Point><position>1346</position><in_Quantity.quantity>0.000000</in_Quantity.quantity><out_Quantity.quantity>264.246014</out_Quantity.quantity></Point><Point><position>1347</position><in_Quantity.quantity>0.000000</in_Quantity.quantity><out_Quantity.quantity>885.247500</out_Quantity.quantity></Point><Point><position>1348</position><in_Quantity.quantity>0.000000</in_Quantity.quantity><out_Quantity.quantity>720.193205</out_Quantity.quantity></Point><Point><position>1349</position><in_Quantity.quantity>0.000000</in_Quantity.quantity><out_Quantity.quantity>403.337125</out_Quantity.quantity></Point><Point><position>1350</position><in_Quantity.quantity>0.000000</in_Quantity.quantity><out_Quantity.quantity>168.256873</out_Quantity.quantity></Point><Point><position>1351</position><in_Quantity.quantity>0.000000</in_Quantity.quantity><out_Quantity.quantity>479.688703</out_Quantity.quantity></Point><Point><position>1352</position><in_Quantity.quantity>0.000000</in_Quantity.quantity><out_Quantity.quantity>35.953444</out_Quantity.quantity></Point><Point><position>1353</position><in_Quantity.quantity>0.000000</in_Quantity.quantity><out_Quantity.quantity>511.080207</out_Quantity.quantity></Point><Point><position>1354</position><in_Quantity.quantity>0.000000</in_Quantity.quantity><out_Quantity.quantity>449.653911</out_Quantity.quantity></Point><Point><position>1355</position><in_Quantity.quantity>0.000000</in_Quantity.quantity><out_Quantity.quantity>761.876916</out_Quantity.quantity></Point><Point><position>1356</position><in_Quantity.quantity>0.000000</in_Quantity.quantity><out_Quantity.quantity>987.612210</out_Quantity.quantity></Point><Point><position>1357</position><in_Quantity.quantity>0.000000</in_Quantity.quantity><out_Quantity.quantity>186.688179</out_Quantity.quantity></Point><Point><position>1358</position><in_Quantity.quantity>0.000000</in_Quantity.quantity><out_Quantity.quantity>364.874988</out_Quantity.quantity></Point><Point><position>1359</position><in_Quantity.quantity>0.000000</in_Quantity.quantity><out_Quantity.quantity>733.547369</out_Quantity.quantity></Point><Point><position>1360</position><in_Quantity.quantity>0.000000</in_Quantity.quantity><out_Quantity.quantity>293.986011</out_Quantity.quantity></Point><Point><position>1361</position><in_Quantity.quantity>0.000000</in_Quantity.quantity><out_Quantity.quantity>994.372439</out_Quantity.quantity></Point><Point><position>1362</position><in_Quantity.quantity>0.000000</in_Quantity.quantity><out_Quantity.quantity>648.553970</out_Quantity.quantity></Point><Point><position>1363</position><in_Quantity.quantity>0.000000</in_Quantity.quantity><out_Quantity.quantity>242.736747</out_Quantity.quantity></Point><Point><position>1364</position><in_Quantity.quantity>0.000000</in_Quantity.quantity><out_Quantity.quantity>608.598628</out_Quantity.quantity></Point><Point><position>1365</position><in_Quantity.quantity>0.000000</in_Quantity.quantity><out_Quantity.quantity>152.469719</out_Quantity.quantity></Point><Point><position>1366</position><in_Quantity.quantity>0.000000</in_Quantity.quantity><out_Quantity.quantity>9.216448</out_Quantity.quantity></Point><Point><position>1367</position><in_Quantity.quantity>0.000000</in_Quantity.quantity><out_Quantity.quantity>104.347765</out_Quantity.quantity></Point><Point><position>1368</position><in_Quantity.quantity>0.000000</in_Quantity.quantity><out_Quantity.quantity>552.010938</out_Quantity.quantity></Point><Point><position>1369</position><in_Quantity.quantity>0.000000</in_Quantity.quantity><out_Quantity.quantity>213.854059</out_Quantity.quantity></Point><Point><position>1370</position><in_Quantity.quantity>0.000000</in_Quantity.quantity><out_Quantity.quantity>413.603573</out_Quantity.quantity></Point><Point><position>1371</position><in_Quantity.quantity>0.000000</in_Quantity.quantity><out_Quantity.quantity>445.929483</out_Quantity.quantity></Point><Point><position>1372</position><in_Quantity.quantity>0.000000</in_Quantity.quantity><out_Quantity.quantity>130.329443</out_Quantity.quantity></Point><Point><position>1373</position><in_Quantity.quantity>0.000000</in_Quantity.quantity><out_Quantity.quantity>262.247405</out_Quantity.quantity></Point><Point><position>1374</position><in_Quantity.quantity>0.000000</in_Quantity.quantity><out_Quantity.quantity>387.664118</out_Quantity.quantity></Point><Point><position>1375</position><in_Quantity.quantity>0.000000</in_Quantity.quantity><out_Quantity.quantity>404.822565</out_Quantity.quantity></Point><Point><position>1376</position><in_Quantity.quantity>0.000000</in_Quantity.quantity><out_Quantity.quantity>994.841224</out_Quantity.quantity></Point><Point><position>1377</position><in_Quantity.quantity>0.000000</in_Quantity.quantity><out_Quantity.quantity>742.133554</out_Quantity.quantity></Point><Point><position>1378</position><in_Quantity.quantity>0.000000</in_Quantity.quantity><out_Quantity.quantity>71.061826</out_Quantity.quantity></Point><Point><position>1379</position><in_Quantity.quantity>0.000000</in_Quantity.quantity><out_Quantity.quantity>968.732270</out_Quantity.quantity></Point><Point><position>1380</position><in_Quantity.quantity>0.000000</in_Quantity.quantity><out_Quantity.quantity>748.909192</out_Quantity.quantity></Point><Point><position>1381</position><in_Quantity.quantity>0.000000</in_Quantity.quantity><out_Quantity.quantity>787.210887</out_Quantity.quantity></Point><Point><position>1382</position><in_Quantity.quantity>0.000000</in_Quantity.quantity><out_Quantity.quantity>266.718021</out_Quantity.quantity></Point><Point><position>1383</position><in_Quantity.quantity>0.000000</in_Quantity.quantity><out_Quantity.quantity>436.777920</out_Quantity.quantity></Point><Point><position>1384</position><in_Quantity.quantity>0.000000</in_Quantity.quantity><out_Quantity.quantity>264.831059</out_Quantity.quantity></Point><Point><position>1385</position><in_Quantity.quantity>0.000000</in_Quantity.quantity><out_Quantity.quantity>729.407770</out_Quantity.quantity></Point><Point><position>1386</position><in_Quantity.quantity>0.000000</in_Quantity.quantity><out_Quantity.quantity>868.973588</out_Quantity.quantity></Point><Point><position>1387</position><in_Quantity.quantity>0.000000</in_Quantity.quantity><out_Quantity.quantity>992.279390</out_Quantity.quantity></Point><Point><position>1388</position><in_Quantity.quantity>0.000000</in_Quantity.quantity><out_Quantity.quantity>726.083473</out_Quantity.quantity></Point><Point><position>1389</position><in_Quantity.quantity>0.000000</in_Quantity.quantity><out_Quantity.quantity>664.291295</out_Quantity.quantity></Point><Point><position>1390</position><in_Quantity.quantity>0.000000</in_Quantity.quantity><out_Quantity.quantity>427.001625</out_Quantity.quantity></Point><Point><position>1391</position><in_Quantity.quantity>0.000000</in_Quantity.quantity><out_Quantity.quantity>107.230311</out_Quantity.quantity></Point><Point><position>1392</position><in_Quantity.quantity>0.000000</in_Quantity.quantity><out_Quantity.quantity>976.999605</out_Quantity.quantity></Point><Point><position>1393</position><in_Quantity.quantity>0.000000</in_Quantity.quantity><out_Quantity.quantity>469.698414</out_Quantity.quantity></Point><Point><position>1394</position><in_Quantity.quantity>0.000000</in_Quantity.quantity><out_Quantity.quantity>138.273828</out_Quantity.quantity></Point><Point><position>1395</position><in_Quantity.quantity>0.000000</in_Quantity.quantity><out_Quantity.quantity>382.615706</out_Quantity.quantity></Point><Point><position>1396</position><in_Quantity.quantity>0.000000</in_Quantity.quantity><out_Quantity.quantity>123.942286</out_Quantity.quantity></Point><Point><position>1397</position><in_Quantity.quantity>0.000000</in_Quantity.quantity><out_Quantity.quantity>300.441713</out_Quantity.quantity></Point><Point><position>1398</position><in_Quantity.quantity>0.000000</in_Quantity.quantity><out_Quantity.quantity>694.595565</out_Quantity.quantity></Point><Point><position>1399</position><in_Quantity.quantity>0.000000</in_Quantity.quantity><out_Quantity.quantity>767.702668</out_Quantity.quantity></Point><Point><position>1400</position><in_Quantity.quantity>0.000000</in_Quantity.quantity><out_Quantity.quantity>600.289759</out_Quantity.quantity></Point><Point><position>1401</position><in_Quantity.quantity>0.000000</in_Quantity.quantity><out_Quantity.quantity>698.090308</out_Quantity.quantity></Point><Point><position>1402</position><in_Quantity.quantity>0.000000</in_Quantity.quantity><out_Quantity.quantity>212.730767</out_Quantity.quantity></Point><Point><position>1403</position><in_Quantity.quantity>0.000000</in_Quantity.quantity><out_Quantity.quantity>95.299503</out_Quantity.quantity></Point><Point><position>1404</position><in_Quantity.quantity>0.000000</in_Quantity.quantity><out_Quantity.quantity>505.590702</out_Quantity.quantity></Point><Point><position>1405</position><in_Quantity.quantity>0.000000</in_Quantity.quantity><out_Quantity.quantity>102.720392</out_Quantity.quantity></Point><Point><position>1406</position><in_Quantity.quantity>0.000000</in_Quantity.quantity><out_Quantity.quantity>966.367220</out_Quantity.quantity></Point><Point><position>1407</position><in_Quantity.quantity>0.000000</in_Quantity.quantity><out_Quantity.quantity>346.890026</out_Quantity.quantity></Point><Point><position>1408</position><in_Quantity.quantity>0.000000</in_Quantity.quantity><out_Quantity.quantity>51.092772</out_Quantity.quantity></Point><Point><position>1409</position><in_Quantity.quantity>0.000000</in_Quantity.quantity><out_Quantity.quantity>367.745861</out_Quantity.quantity></Point><Point><position>1410</position><in_Quantity.quantity>0.000000</in_Quantity.quantity><out_Quantity.quantity>787.705830</out_Quantity.quantity></Point><Point><position>1411</position><in_Quantity.quantity>0.000000</in_Quantity.quantity><out_Quantity.quantity>733.131264</out_Quantity.quantity></Point><Point><position>1412</position><in_Quantity.quantity>0.000000</in_Quantity.quantity><out_Quantity.quantity>669.352712</out_Quantity.quantity></Point><Point><position>1413</position><in_Quantity.quantity>0.000000</in_Quantity.quantity><out_Quantity.quantity>902.105370</out_Quantity.quantity></Point><Point><position>1414</position><in_Quantity.quantity>0.000000</in_Quantity.quantity><out_Quantity.quantity>23.741875</out_Quantity.quantity></Point><Point><position>1415</position><in_Quantity.quantity>0.000000</in_Quantity.quantity><out_Quantity.quantity>731.325064</out_Quantity.quantity></Point><Point><position>1416</position><in_Quantity.quantity>0.000000</in_Quantity.quantity><out_Quantity.quantity>308.305052</out_Quantity.quantity></Point><Point><position>1417</position><in_Quantity.quantity>0.000000</in_Quantity.quantity><out_Quantity.quantity>304.597893</out_Quantity.quantity></Point><Point><position>1418</position><in_Quantity.quantity>0.000000</in_Quantity.quantity><out_Quantity.quantity>967.385049</out_Quantity.quantity></Point><Point><position>1419</position><in_Quantity.quantity>0.000000</in_Quantity.quantity><out_Quantity.quantity>284.265266</out_Quantity.quantity></Point><Point><position>1420</position><in_Quantity.quantity>0.000000</in_Quantity.quantity><out_Quantity.quantity>406.939071</out_Quantity.quantity></Point><Point><position>1421</position><in_Quantity.quantity>0.000000</in_Quantity.quantity><out_Quantity.quantity>506.517196</out_Quantity.quantity></Point><Point><position>1422</position><in_Quantity.quantity>0.000000</in_Quantity.quantity><out_Quantity.quantity>565.258631</out_Quantity.quantity></Point><Point><position>1423</position><in_Quantity.quantity>0.000000</in_Quantity.quantity><out_Quantity.quantity>615.173322</out_Quantity.quantity></Point><Point><position>1424</position><in_Quantity.quantity>0.000000</in_Quantity.quantity><out_Quantity.quantity>831.341477</out_Quantity.quantity></Point><Point><position>1425</position><in_Quantity.quantity>0.000000</in_Quantity.quantity><out_Quantity.quantity>950.873532</out_Quantity.quantity></Point><Point><position>1426</position><in_Quantity.quantity>0.000000</in_Quantity.quantity><out_Quantity.quantity>120.387565</out_Quantity.quantity></Point><Point><position>1427</position><in_Quantity.quantity>0.000000</in_Quantity.quantity><out_Quantity.quantity>610.477054</out_Quantity.quantity></Point><Point><position>1428</position><in_Quantity.quantity>0.000000</in_Quantity.quantity><out_Quantity.quantity>480.785967</out_Quantity.quantity></Point><Point><position>1429</position><in_Quantity.quantity>0.000000</in_Quantity.quantity><out_Quantity.quantity>863.758053</out_Quantity.quantity></Point><Point><position>1430</position><in_Quantity.quantity>0.000000</in_Quantity.quantity><out_Quantity.quantity>483.337716</out_Quantity.quantity></Point><Point><position>1431</position><in_Quantity.quantity>0.000000</in_Quantity.quantity><out_Quantity.quantity>25.969299</out_Quantity.quantity></Point><Point><position>1432</position><in_Quantity.quantity>0.000000</in_Quantity.quantity><out_Quantity.quantity>556.796232</out_Quantity.quantity></Point><Point><position>1433</position><in_Quantity.quantity>0.000000</in_Quantity.quantity><out_Quantity.quantity>121.458453</out_Quantity.quantity></Point><Point><position>1434</position><in_Quantity.quantity>0.000000</in_Quantity.quantity><out_Quantity.quantity>881.106994</out_Quantity.quantity></Point><Point><position>1435</position><in_Quantity.quantity>0.000000</in_Quantity.quantity><out_Quantity.quantity>495.007033</out_Quantity.quantity></Point><Point><position>1436</position><in_Quantity.quantity>0.000000</in_Quantity.quantity><out_Quantity.quantity>506.064105</out_Quantity.quantity></Point><Point><position>1437</position><in_Quantity.quantity>0.000000</in_Quantity.quantity><out_Quantity.quantity>984.563855</out_Quantity.quantity></Point><Point><position>1438</position><in_Quantity.quantity>0.000000</in_Quantity.quantity><out_Quantity.quantity>487.984103</out_Quantity.quantity></Point><Point><position>1439</position><in_Quantity.quantity>0.000000</in_Quantity.quantity><out_Quantity.quantity>620.495759</out_Quantity.quantity></Point><Point><position>1440</position><in_Quantity.quantity>0.000000</in_Quantity.quantity><out_Quantity.quantity>735.756856</out_Quantity.quantity></Point><Point><position>1441</position><in_Quantity.quantity>0.000000</in_Quantity.quantity><out_Quantity.quantity>646.911978</out_Quantity.quantity></Point><Point><position>1442</position><in_Quantity.quantity>0.000000</in_Quantity.quantity><out_Quantity.quantity>712.042420</out_Quantity.quantity></Point><Point><position>1443</position><in_Quantity.quantity>0.000000</in_Quantity.quantity><out_Quantity.quantity>24.548306</out_Quantity.quantity></Point><Point><position>1444</position><in_Quantity.quantity>0.000000</in_Quantity.quantity><out_Quantity.quantity>458.209051</out_Quantity.quantity></Point><Point><position>1445</position><in_Quantity.quantity>0.000000</in_Quantity.quantity><out_Quantity.quantity>396.548492</out_Quantity.quantity></Point><Point><position>1446</position><in_Quantity.quantity>0.000000</in_Quantity.quantity><out_Quantity.quantity>369.757067</out_Quantity.quantity></Point><Point><position>1447</position><in_Quantity.quantity>0.000000</in_Quantity.quantity><out_Quantity.quantity>909.785423</out_Quantity.quantity></Point><Point><position>1448</position><in_Quantity.quantity>0.000000</in_Quantity.quantity><out_Quantity.quantity>271.237157</out_Quantity.quantity></Point><Point><position>1449</position><in_Quantity.quantity>0.000000</in_Quantity.quantity><out_Quantity.quantity>408.940031</out_Quantity.quantity></Point><Point><position>1450</position><in_Quantity.quantity>0.000000</in_Quantity.quantity><out_Quantity.quantity>667.764534</out_Quantity.quantity></Point><Point><position>1451</position><in_Quantity.quantity>0.000000</in_Quantity.quantity><out_Quantity.quantity>376.612773</out_Quantity.quantity></Point><Point><position>1452</position><in_Quantity.quantity>0.000000</in_Quantity.quantity><out_Quantity.quantity>138.390197</out_Quantity.quantity></Point><Point><position>1453</position><in_Quantity.quantity>0.000000</in_Quantity.quantity><out_Quantity.quantity>968.802182</out_Quantity.quantity></Point><Point><position>1454</position><in_Quantity.quantity>0.000000</in_Quantity.quantity><out_Quantity.quantity>894.077853</out_Quantity.quantity></Point><Point><position>1455</position><in_Quantity.quantity>0.000000</in_Quantity.quantity><out_Quantity.quantity>336.235648</out_Quantity.quantity></Point><Point><position>1456</position><in_Quantity.quantity>0.000000</in_Quantity.quantity><out_Quantity.quantity>600.580072</out_Quantity.quantity></Point><Point><position>1457</position><in_Quantity.quantity>0.000000</in_Quantity.quantity><out_Quantity.quantity>278.911122</out_Quantity.quantity></Point><Point><position>1458</position><in_Quantity.quantity>0.000000</in_Quantity.quantity><out_Quantity.quantity>109.887087</out_Quantity.quantity></Point><Point><position>1459</position><in_Quantity.quantity>0.000000</in_Quantity.quantity><out_Quantity.quantity>274.392167</out_Quantity.quantity></Point><Point><position>1460</position><in_Quantity.quantity>0.000000</in_Quantity.quantity><out_Quantity.quantity>468.343364</out_Quantity.quantity></Point><Point><position>1461</position><in_Quantity.quantity>0.000000</in_Quantity.quantity><out_Quantity.quantity>27.686738</out_Quantity.quantity></Point><Point><position>1462</position><in_Quantity.quantity>0.000000</in_Quantity.quantity><out_Quantity.quantity>561.187350</out_Quantity.quantity></Point><Point><position>1463</position><in_Quantity.quantity>0.000000</in_Quantity.quantity><out_Quantity.quantity>327.431877</out_Quantity.quantity></Point><Point><position>1464</position><in_Quantity.quantity>0.000000</in_Quantity.quantity><out_Quantity.quantity>504.654590</out_Quantity.quantity></Point><Point><position>1465</position><in_Quantity.quantity>0.000000</in_Quantity.quantity><out_Quantity.quantity>82.807628</out_Quantity.quantity></Point><Point><position>1466</position><in_Quantity.quantity>0.000000</in_Quantity.quantity><out_Quantity.quantity>486.703978</out_Quantity.quantity></Point><Point><position>1467</position><in_Quantity.quantity>0.000000</in_Quantity.quantity><out_Quantity.quantity>876.245496</out_Quantity.quantity></Point><Point><position>1468</position><in_Quantity.quantity>0.000000</in_Quantity.quantity><out_Quantity.quantity>650.220518</out_Quantity.quantity></Point><Point><position>1469</position><in_Quantity.quantity>0.000000</in_Quantity.quantity><out_Quantity.quantity>325.897264</out_Quantity.quantity></Point><Point><position>1470</position><in_Quantity.quantity>0.000000</in_Quantity.quantity><out_Quantity.quantity>906.903352</out_Quantity.quantity></Point><Point><position>1471</position><in_Quantity.quantity>0.000000</in_Quantity.quantity><out_Quantity.quantity>859.927474</out_Quantity.quantity></Point><Point><position>1472</position><in_Quantity.quantity>0.000000</in_Quantity.quantity><out_Quantity.quantity>949.415891</out_Quantity.quantity></Point><Point><position>1473</position><in_Quantity.quantity>0.000000</in_Quantity.quantity><out_Quantity.quantity>15.341770</out_Quantity.quantity></Point><Point><position>1474</position><in_Quantity.quantity>0.000000</in_Quantity.quantity><out_Quantity.quantity>383.375069</out_Quantity.quantity></Point><Point><position>1475</position><in_Quantity.quantity>0.000000</in_Quantity.quantity><out_Quantity.quantity>176.283352</out_Quantity.quantity></Point><Point><position>1476</position><in_Quantity.quantity>0.000000</in_Quantity.quantity><out_Quantity.quantity>125.210129</out_Quantity.quantity></Point><Point><position>1477</position><in_Quantity.quantity>0.000000</in_Quantity.quantity><out_Quantity.quantity>560.963949</out_Quantity.quantity></Point><Point><position>1478</position><in_Quantity.quantity>0.000000</in_Quantity.quantity><out_Quantity.quantity>392.730415</out_Quantity.quantity></Point><Point><position>1479</position><in_Quantity.quantity>0.000000</in_Quantity.quantity><out_Quantity.quantity>156.455830</out_Quantity.quantity></Point><Point><position>1480</position><in_Quantity.quantity>0.000000</in_Quantity.quantity><out_Quantity.quantity>394.849354</out_Quantity.quantity></Point><Point><position>1481</position><in_Quantity.quantity>0.000000</in_Quantity.quantity><out_Quantity.quantity>717.329225</out_Quantity.quantity></Point><Point><position>1482</position><in_Quantity.quantity>0.000000</in_Quantity.quantity><out_Quantity.quantity>360.931223</out_Quantity.quantity></Point><Point><position>1483</position><in_Quantity.quantity>0.000000</in_Quantity.quantity><out_Quantity.quantity>623.990521</out_Quantity.quantity></Point><Point><position>1484</position><in_Quantity.quantity>0.000000</in_Quantity.quantity><out_Quantity.quantity>683.423955</out_Quantity.quantity></Point><Point><position>1485</position><in_Quantity.quantity>0.000000</in_Quantity.quantity><out_Quantity.quantity>400.568818</out_Quantity.quantity></Point><Point><position>1486</position><in_Quantity.quantity>0.000000</in_Quantity.quantity><out_Quantity.quantity>432.854031</out_Quantity.quantity></Point><Point><position>1487</position><in_Quantity.quantity>0.000000</in_Quantity.quantity><out_Quantity.quantity>903.546047</out_Quantity.quantity></Point><Point><position>1488</position><in_Quantity.quantity>0.000000</in_Quantity.quantity><out_Quantity.quantity>736.028007</out_Quantity.quantity></Point><Point><position>1489</position><in_Quantity.quantity>0.000000</in_Quantity.quantity><out_Quantity.quantity>416.280061</out_Quantity.quantity></Point><Point><position>1490</position><in_Quantity.quantity>0.000000</in_Quantity.quantity><out_Quantity.quantity>965.869747</out_Quantity.quantity></Point><Point><position>1491</position><in_Quantity.quantity>0.000000</in_Quantity.quantity><out_Quantity.quantity>660.196748</out_Quantity.quantity></Point><Point><position>1492</position><in_Quantity.quantity>0.000000</in_Quantity.quantity><out_Quantity.quantity>462.416307</out_Quantity.quantity></Point><Point><position>1493</position><in_Quantity.quantity>0.000000</in_Quantity.quantity><out_Quantity.quantity>956.000586</out_Quantity.quantity></Point><Point><position>1494</position><in_Quantity.quantity>0.000000</in_Quantity.quantity><out_Quantity.quantity>707.492179</out_Quantity.quantity></Point><Point><position>1495</position><in_Quantity.quantity>0.000000</in_Quantity.quantity><out_Quantity.quantity>618.296001</out_Quantity.quantity></Point><Point><position>1496</position><in_Quantity.quantity>0.000000</in_Quantity.quantity><out_Quantity.quantity>118.639697</out_Quantity.quantity></Point><Point><position>1497</position><in_Quantity.quantity>0.000000</in_Quantity.quantity><out_Quantity.quantity>784.433182</out_Quantity.quantity></Point><Point><position>1498</position><in_Quantity.quantity>0.000000</in_Quantity.quantity><out_Quantity.quantity>167.507121</out_Quantity.quantity></Point><Point><position>1499</position><in_Quantity.quantity>0.000000</in_Quantity.quantity><out_Quantity.quantity>497.324584</out_Quantity.quantity></Point><Point><position>1500</position><in_Quantity.quantity>0.000000</in_Quantity.quantity><out_Quantity.quantity>826.161827</out_Quantity.quantity></Point><Point><position>1501</position><in_Quantity.quantity>0.000000</in_Quantity.quantity><out_Quantity.quantity>88.972418</out_Quantity.quantity></Point><Point><position>1502</position><in_Quantity.quantity>0.000000</in_Quantity.quantity><out_Quantity.quantity>51.982574</out_Quantity.quantity></Point><Point><position>1503</position><in_Quantity.quantity>0.000000</in_Quantity.quantity><out_Quantity.quantity>491.285343</out_Quantity.quantity></Point><Point><position>1504</position><in_Quantity.quantity>0.000000</in_Quantity.quantity><out_Quantity.quantity>264.769195</out_Quantity.quantity></Point><Point><position>1505</position><in_Quantity.quantity>0.000000</in_Quantity.quantity><out_Quantity.quantity>741.900023</out_Quantity.quantity></Point><Point><position>1506</position><in_Quantity.quantity>0.000000</in_Quantity.quantity><out_Quantity.quantity>793.127297</out_Quantity.quantity></Point><Point><position>1507</position><in_Quantity.quantity>0.000000</in_Quantity.quantity><out_Quantity.quantity>474.029653</out_Quantity.quantity></Point><Point><position>1508</position><in_Quantity.quantity>0.000000</in_Quantity.quantity><out_Quantity.quantity>187.724712</out_Quantity.quantity></Point><Point><position>1509</position><in_Quantity.quantity>0.000000</in_Quantity.quantity><out_Quantity.quantity>449.750655</out_Quantity.quantity></Point><Point><position>1510</position><in_Quantity.quantity>0.000000</in_Quantity.quantity><out_Quantity.quantity>684.751972</out_Quantity.quantity></Point><Point><position>1511</position><in_Quantity.quantity>0.000000</in_Quantity.quantity><out_Quantity.quantity>482.004722</out_Quantity.quantity></Point><Point><position>1512</position><in_Quantity.quantity>0.000000</in_Quantity.quantity><out_Quantity.quantity>798.719411</out_Quantity.quantity></Point><Point><position>1513</position><in_Quantity.quantity>0.000000</in_Quantity.quantity><out_Quantity.quantity>305.788749</out_Quantity.quantity></Point><Point><position>1514</position><in_Quantity.quantity>0.000000</in_Quantity.quantity><out_Quantity.quantity>894.094591</out_Quantity.quantity></Point><Point><position>1515</position><in_Quantity.quantity>0.000000</in_Quantity.quantity><out_Quantity.quantity>602.522643</out_Quantity.quantity></Point><Point><position>1516</position><in_Quantity.quantity>0.000000</in_Quantity.quantity><out_Quantity.quantity>248.877732</out_Quantity.quantity></Point><Point><position>1517</position><in_Quantity.quantity>0.000000</in_Quantity.quantity><out_Quantity.quantity>611.173893</out_Quantity.quantity></Point><Point><position>1518</position><in_Quantity.quantity>0.000000</in_Quantity.quantity><out_Quantity.quantity>894.143027</out_Quantity.quantity></Point><Point><position>1519</position><in_Quantity.quantity>0.000000</in_Quantity.quantity><out_Quantity.quantity>676.867201</out_Quantity.quantity></Point><Point><position>1520</position><in_Quantity.quantity>0.000000</in_Quantity.quantity><out_Quantity.quantity>107.887945</out_Quantity.quantity></Point><Point><position>1521</position><in_Quantity.quantity>0.000000</in_Quantity.quantity><out_Quantity.quantity>983.602476</out_Quantity.quantity></Point><Point><position>1522</position><in_Quantity.quantity>0.000000</in_Quantity.quantity><out_Quantity.quantity>772.418932</out_Quantity.quantity></Point><Point><position>1523</position><in_Quantity.quantity>0.000000</in_Quantity.quantity><out_Quantity.quantity>658.233504</out_Quantity.quantity></Point><Point><position>1524</position><in_Quantity.quantity>0.000000</in_Quantity.quantity><out_Quantity.quantity>315.599194</out_Quantity.quantity></Point><Point><position>1525</position><in_Quantity.quantity>0.000000</in_Quantity.quantity><out_Quantity.quantity>810.995849</out_Quantity.quantity></Point><Point><position>1526</position><in_Quantity.quantity>0.000000</in_Quantity.quantity><out_Quantity.quantity>785.290438</out_Quantity.quantity></Point><Point><position>1527</position><in_Quantity.quantity>0.000000</in_Quantity.quantity><out_Quantity.quantity>82.384821</out_Quantity.quantity></Point><Point><position>1528</position><in_Quantity.quantity>0.000000</in_Quantity.quantity><out_Quantity.quantity>794.584405</out_Quantity.quantity></Point><Point><position>1529</position><in_Quantity.quantity>0.000000</in_Quantity.quantity><out_Quantity.quantity>282.831169</out_Quantity.quantity></Point><Point><position>1530</position><in_Quantity.quantity>0.000000</in_Quantity.quantity><out_Quantity.quantity>956.858124</out_Quantity.quantity></Point><Point><position>1531</position><in_Quantity.quantity>0.000000</in_Quantity.quantity><out_Quantity.quantity>295.450084</out_Quantity.quantity></Point><Point><position>1532</position><in_Quantity.quantity>0.000000</in_Quantity.quantity><out_Quantity.quantity>953.622340</out_Quantity.quantity></Point><Point><position>1533</position><in_Quantity.quantity>0.000000</in_Quantity.quantity><out_Quantity.quantity>703.357388</out_Quantity.quantity></Point><Point><position>1534</position><in_Quantity.quantity>0.000000</in_Quantity.quantity><out_Quantity.quantity>248.574036</out_Quantity.quantity></Point><Point><position>1535</position><in_Quantity.quantity>0.000000</in_Quantity.quantity><out_Quantity.quantity>15.399071</out_Quantity.quantity></Point><Point><position>1536</position><in_Quantity.quantity>0.000000</in_Quantity.quantity><out_Quantity.quantity>371.937811</out_Quantity.quantity></Point><Point><position>1537</position><in_Quantity.quantity>0.000000</in_Quantity.quantity><out_Quantity.quantity>553.242677</out_Quantity.quantity></Point><Point><position>1538</position><in_Quantity.quantity>0.000000</in_Quantity.quantity><out_Quantity.quantity>547.005335</out_Quantity.quantity></Point><Point><position>1539</position><in_Quantity.quantity>0.000000</in_Quantity.quantity><out_Quantity.quantity>122.010075</out_Quantity.quantity></Point><Point><position>1540</position><in_Quantity.quantity>0.000000</in_Quantity.quantity><out_Quantity.quantity>405.283810</out_Quantity.quantity></Point><Point><position>1541</position><in_Quantity.quantity>0.000000</in_Quantity.quantity><out_Quantity.quantity>409.609932</out_Quantity.quantity></Point><Point><position>1542</position><in_Quantity.quantity>0.000000</in_Quantity.quantity><out_Quantity.quantity>930.970298</out_Quantity.quantity></Point><Point><position>1543</position><in_Quantity.quantity>0.000000</in_Quantity.quantity><out_Quantity.quantity>592.893539</out_Quantity.quantity></Point><Point><position>1544</position><in_Quantity.quantity>0.000000</in_Quantity.quantity><out_Quantity.quantity>102.705692</out_Quantity.quantity></Point><Point><position>1545</position><in_Quantity.quantity>0.000000</in_Quantity.quantity><out_Quantity.quantity>404.637253</out_Quantity.quantity></Point><Point><position>1546</position><in_Quantity.quantity>0.000000</in_Quantity.quantity><out_Quantity.quantity>364.787051</out_Quantity.quantity></Point><Point><position>1547</position><in_Quantity.quantity>0.000000</in_Quantity.quantity><out_Quantity.quantity>593.978618</out_Quantity.quantity></Point><Point><position>1548</position><in_Quantity.quantity>0.000000</in_Quantity.quantity><out_Quantity.quantity>280.231491</out_Quantity.quantity></Point><Point><position>1549</position><in_Quantity.quantity>0.000000</in_Quantity.quantity><out_Quantity.quantity>702.253199</out_Quantity.quantity></Point><Point><position>1550</position><in_Quantity.quantity>0.000000</in_Quantity.quantity><out_Quantity.quantity>461.642673</out_Quantity.quantity></Point><Point><position>1551</position><in_Quantity.quantity>0.000000</in_Quantity.quantity><out_Quantity.quantity>515.464430</out_Quantity.quantity></Point><Point><position>1552</position><in_Quantity.quantity>0.000000</in_Quantity.quantity><out_Quantity.quantity>511.880761</out_Quantity.quantity></Point><Point><position>1553</position><in_Quantity.quantity>0.000000</in_Quantity.quantity><out_Quantity.quantity>882.837325</out_Quantity.quantity></Point><Point><position>1554</position><in_Quantity.quantity>0.000000</in_Quantity.quantity><out_Quantity.quantity>692.002875</out_Quantity.quantity></Point><Point><position>1555</position><in_Quantity.quantity>0.000000</in_Quantity.quantity><out_Quantity.quantity>306.067529</out_Quantity.quantity></Point><Point><position>1556</position><in_Quantity.quantity>0.000000</in_Quantity.quantity><out_Quantity.quantity>442.599283</out_Quantity.quantity></Point><Point><position>1557</position><in_Quantity.quantity>0.000000</in_Quantity.quantity><out_Quantity.quantity>675.186001</out_Quantity.quantity></Point><Point><position>1558</position><in_Quantity.quantity>0.000000</in_Quantity.quantity><out_Quantity.quantity>68.238356</out_Quantity.quantity></Point><Point><position>1559</position><in_Quantity.quantity>0.000000</in_Quantity.quantity><out_Quantity.quantity>741.123050</out_Quantity.quantity></Point><Point><position>1560</position><in_Quantity.quantity>0.000000</in_Quantity.quantity><out_Quantity.quantity>339.460603</out_Quantity.quantity></Point><Point><position>1561</position><in_Quantity.quantity>0.000000</in_Quantity.quantity><out_Quantity.quantity>268.831699</out_Quantity.quantity></Point><Point><position>1562</position><in_Quantity.quantity>0.000000</in_Quantity.quantity><out_Quantity.quantity>301.215466</out_Quantity.quantity></Point><Point><position>1563</position><in_Quantity.quantity>0.000000</in_Quantity.quantity><out_Quantity.quantity>11.434497</out_Quantity.quantity></Point><Point><position>1564</position><in_Quantity.quantity>0.000000</in_Quantity.quantity><out_Quantity.quantity>678.113138</out_Quantity.quantity></Point><Point><position>1565</position><in_Quantity.quantity>0.000000</in_Quantity.quantity><out_Quantity.quantity>179.614867</out_Quantity.quantity></Point><Point><position>1566</position><in_Quantity.quantity>0.000000</in_Quantity.quantity><out_Quantity.quantity>339.204461</out_Quantity.quantity></Point><Point><position>1567</position><in_Quantity.quantity>0.000000</in_Quantity.quantity><out_Quantity.quantity>294.225867</out_Quantity.quantity></Point><Point><position>1568</position><in_Quantity.quantity>0.000000</in_Quantity.quantity><out_Quantity.quantity>767.957888</out_Quantity.quantity></Point><Point><position>1569</position><in_Quantity.quantity>0.000000</in_Quantity.quantity><out_Quantity.quantity>267.964885</out_Quantity.quantity></Point><Point><position>1570</position><in_Quantity.quantity>0.000000</in_Quantity.quantity><out_Quantity.quantity>559.055039</out_Quantity.quantity></Point><Point><position>1571</position><in_Quantity.quantity>0.000000</in_Quantity.quantity><out_Quantity.quantity>74.459794</out_Quantity.quantity></Point><Point><position>1572</position><in_Quantity.quantity>0.000000</in_Quantity.quantity><out_Quantity.quantity>434.759702</out_Quantity.quantity></Point><Point><position>1573</position><in_Quantity.quantity>0.000000</in_Quantity.quantity><out_Quantity.quantity>560.784393</out_Quantity.quantity></Point><Point><position>1574</position><in_Quantity.quantity>0.000000</in_Quantity.quantity><out_Quantity.quantity>999.003186</out_Quantity.quantity></Point><Point><position>1575</position><in_Quantity.quantity>0.000000</in_Quantity.quantity><out_Quantity.quantity>237.159367</out_Quantity.quantity></Point><Point><position>1576</position><in_Quantity.quantity>0.000000</in_Quantity.quantity><out_Quantity.quantity>166.288965</out_Quantity.quantity></Point><Point><position>1577</position><in_Quantity.quantity>0.000000</in_Quantity.quantity><out_Quantity.quantity>17.424833</out_Quantity.quantity></Point><Point><position>1578</position><in_Quantity.quantity>0.000000</in_Quantity.quantity><out_Quantity.quantity>643.935333</out_Quantity.quantity></Point><Point><position>1579</position><in_Quantity.quantity>0.000000</in_Quantity.quantity><out_Quantity.quantity>433.689757</out_Quantity.quantity></Point><Point><position>1580</position><in_Quantity.quantity>0.000000</in_Quantity.quantity><out_Quantity.quantity>159.818732</out_Quantity.quantity></Point><Point><position>1581</position><in_Quantity.quantity>0.000000</in_Quantity.quantity><out_Quantity.quantity>908.588761</out_Quantity.quantity></Point><Point><position>1582</position><in_Quantity.quantity>0.000000</in_Quantity.quantity><out_Quantity.quantity>194.859461</out_Quantity.quantity></Point><Point><position>1583</position><in_Quantity.quantity>0.000000</in_Quantity.quantity><out_Quantity.quantity>298.577803</out_Quantity.quantity></Point><Point><position>1584</position><in_Quantity.quantity>0.000000</in_Quantity.quantity><out_Quantity.quantity>654.060898</out_Quantity.quantity></Point><Point><position>1585</position><in_Quantity.quantity>0.000000</in_Quantity.quantity><out_Quantity.quantity>376.461943</out_Quantity.quantity></Point><Point><position>1586</position><in_Quantity.quantity>0.000000</in_Quantity.quantity><out_Quantity.quantity>8.391962</out_Quantity.quantity></Point><Point><position>1587</position><in_Quantity.quantity>0.000000</in_Quantity.quantity><out_Quantity.quantity>154.647387</out_Quantity.quantity></Point><Point><position>1588</position><in_Quantity.quantity>0.000000</in_Quantity.quantity><out_Quantity.quantity>651.858542</out_Quantity.quantity></Point><Point><position>1589</position><in_Quantity.quantity>0.000000</in_Quantity.quantity><out_Quantity.quantity>427.171345</out_Quantity.quantity></Point><Point><position>1590</position><in_Quantity.quantity>0.000000</in_Quantity.quantity><out_Quantity.quantity>506.761384</out_Quantity.quantity></Point><Point><position>1591</position><in_Quantity.quantity>0.000000</in_Quantity.quantity><out_Quantity.quantity>155.351829</out_Quantity.quantity></Point><Point><position>1592</position><in_Quantity.quantity>0.000000</in_Quantity.quantity><out_Quantity.quantity>765.241337</out_Quantity.quantity></Point><Point><position>1593</position><in_Quantity.quantity>0.000000</in_Quantity.quantity><out_Quantity.quantity>12.431526</out_Quantity.quantity></Point><Point><position>1594</position><in_Quantity.quantity>0.000000</in_Quantity.quantity><out_Quantity.quantity>942.942790</out_Quantity.quantity></Point><Point><position>1595</position><in_Quantity.quantity>0.000000</in_Quantity.quantity><out_Quantity.quantity>923.248253</out_Quantity.quantity></Point><Point><position>1596</position><in_Quantity.quantity>0.000000</in_Quantity.quantity><out_Quantity.quantity>253.000697</out_Quantity.quantity></Point><Point><position>1597</position><in_Quantity.quantity>0.000000</in_Quantity.quantity><out_Quantity.quantity>53.071327</out_Quantity.quantity></Point><Point><position>1598</position><in_Quantity.quantity>0.000000</in_Quantity.quantity><out_Quantity.quantity>726.153744</out_Quantity.quantity></Point><Point><position>1599</position><in_Quantity.quantity>0.000000</in_Quantity.quantity><out_Quantity.quantity>542.303378</out_Quantity.quantity></Point><Point><position>1600</position><in_Quantity.quantity>0.000000</in_Quantity.quantity><out_Quantity.quantity>801.581434</out_Quantity.quantity></Point><Point><position>1601</position><in_Quantity.quantity>0.000000</in_Quantity.quantity><out_Quantity.quantity>378.101447</out_Quantity.quantity></Point><Point><position>1602</position><in_Quantity.quantity>0.000000</in_Quantity.quantity><out_Quantity.quantity>296.514766</out_Quantity.quantity></Point><Point><position>1603</position><in_Quantity.quantity>0.000000</in_Quantity.quantity><out_Quantity.quantity>707.938626</out_Quantity.quantity></Point><Point><position>1604</position><in_Quantity.quantity>0.000000</in_Quantity.quantity><out_Quantity.quantity>292.556565</out_Quantity.quantity></Point><Point><position>1605</position><in_Quantity.quantity>0.000000</in_Quantity.quantity><out_Quantity.quantity>989.642600</out_Quantity.quantity></Point><Point><position>1606</position><in_Quantity.quantity>0.000000</in_Quantity.quantity><out_Quantity.quantity>275.285090</out_Quantity.quantity></Point><Point><position>1607</position><in_Quantity.quantity>0.000000</in_Quantity.quantity><out_Quantity.quantity>183.928378</out_Quantity.quantity></Point><Point><position>1608</position><in_Quantity.quantity>0.000000</in_Quantity.quantity><out_Quantity.quantity>176.086487</out_Quantity.quantity></Point><Point><position>1609</position><in_Quantity.quantity>0.000000</in_Quantity.quantity><out_Quantity.quantity>317.405488</out_Quantity.quantity></Point><Point><position>1610</position><in_Quantity.quantity>0.000000</in_Quantity.quantity><out_Quantity.quantity>782.510629</out_Quantity.quantity></Point><Point><position>1611</position><in_Quantity.quantity>0.000000</in_Quantity.quantity><out_Quantity.quantity>969.307368</out_Quantity.quantity></Point><Point><position>1612</position><in_Quantity.quantity>0.000000</in_Quantity.quantity><out_Quantity.quantity>506.512841</out_Quantity.quantity></Point><Point><position>1613</position><in_Quantity.quantity>0.000000</in_Quantity.quantity><out_Quantity.quantity>177.582813</out_Quantity.quantity></Point><Point><position>1614</position><in_Quantity.quantity>0.000000</in_Quantity.quantity><out_Quantity.quantity>544.011330</out_Quantity.quantity></Point><Point><position>1615</position><in_Quantity.quantity>0.000000</in_Quantity.quantity><out_Quantity.quantity>841.406735</out_Quantity.quantity></Point><Point><position>1616</position><in_Quantity.quantity>0.000000</in_Quantity.quantity><out_Quantity.quantity>814.604379</out_Quantity.quantity></Point><Point><position>1617</position><in_Quantity.quantity>0.000000</in_Quantity.quantity><out_Quantity.quantity>103.581790</out_Quantity.quantity></Point><Point><position>1618</position><in_Quantity.quantity>0.000000</in_Quantity.quantity><out_Quantity.quantity>102.726122</out_Quantity.quantity></Point><Point><position>1619</position><in_Quantity.quantity>0.000000</in_Quantity.quantity><out_Quantity.quantity>335.697437</out_Quantity.quantity></Point><Point><position>1620</position><in_Quantity.quantity>0.000000</in_Quantity.quantity><out_Quantity.quantity>724.877964</out_Quantity.quantity></Point><Point><position>1621</position><in_Quantity.quantity>0.000000</in_Quantity.quantity><out_Quantity.quantity>759.811229</out_Quantity.quantity></Point><Point><position>1622</position><in_Quantity.quantity>0.000000</in_Quantity.quantity><out_Quantity.quantity>546.544355</out_Quantity.quantity></Point><Point><position>1623</position><in_Quantity.quantity>0.000000</in_Quantity.quantity><out_Quantity.quantity>173.818278</out_Quantity.quantity></Point><Point><position>1624</position><in_Quantity.quantity>0.000000</in_Quantity.quantity><out_Quantity.quantity>913.486483</out_Quantity.quantity></Point><Point><position>1625</position><in_Quantity.quantity>0.000000</in_Quantity.quantity><out_Quantity.quantity>361.566668</out_Quantity.quantity></Point><Point><position>1626</position><in_Quantity.quantity>0.000000</in_Quantity.quantity><out_Quantity.quantity>907.553832</out_Quantity.quantity></Point><Point><position>1627</position><in_Quantity.quantity>0.000000</in_Quantity.quantity><out_Quantity.quantity>100.614283</out_Quantity.quantity></Point><Point><position>1628</position><in_Quantity.quantity>0.000000</in_Quantity.quantity><out_Quantity.quantity>143.500104</out_Quantity.quantity></Point><Point><position>1629</position><in_Quantity.quantity>0.000000</in_Quantity.quantity><out_Quantity.quantity>834.586937</out_Quantity.quantity></Point><Point><position>1630</position><in_Quantity.quantity>0.000000</in_Quantity.quantity><out_Quantity.quantity>921.272282</out_Quantity.quantity></Point><Point><position>1631</position><in_Quantity.quantity>0.000000</in_Quantity.quantity><out_Quantity.quantity>284.551137</out_Quantity.quantity></Point><Point><position>1632</position><in_Quantity.quantity>0.000000</in_Quantity.quantity><out_Quantity.quantity>163.467759</out_Quantity.quantity></Point><Point><position>1633</position><in_Quantity.quantity>0.000000</in_Quantity.quantity><out_Quantity.quantity>557.788372</out_Quantity.quantity></Point><Point><position>1634</position><in_Quantity.quantity>0.000000</in_Quantity.quantity><out_Quantity.quantity>326.195280</out_Quantity.quantity></Point><Point><position>1635</position><in_Quantity.quantity>0.000000</in_Quantity.quantity><out_Quantity.quantity>626.122627</out_Quantity.quantity></Point><Point><position>1636</position><in_Quantity.quantity>0.000000</in_Quantity.quantity><out_Quantity.quantity>151.428806</out_Quantity.quantity></Point><Point><position>1637</position><in_Quantity.quantity>0.000000</in_Quantity.quantity><out_Quantity.quantity>809.721075</out_Quantity.quantity></Point><Point><position>1638</position><in_Quantity.quantity>0.000000</in_Quantity.quantity><out_Quantity.quantity>828.246159</out_Quantity.quantity></Point><Point><position>1639</position><in_Quantity.quantity>0.000000</in_Quantity.quantity><out_Quantity.quantity>496.273909</out_Quantity.quantity></Point><Point><position>1640</position><in_Quantity.quantity>0.000000</in_Quantity.quantity><out_Quantity.quantity>764.915468</out_Quantity.quantity></Point><Point><position>1641</position><in_Quantity.quantity>0.000000</in_Quantity.quantity><out_Quantity.quantity>216.842485</out_Quantity.quantity></Point><Point><position>1642</position><in_Quantity.quantity>0.000000</in_Quantity.quantity><out_Quantity.quantity>926.131183</out_Quantity.quantity></Point><Point><position>1643</position><in_Quantity.quantity>0.000000</in_Quantity.quantity><out_Quantity.quantity>642.046283</out_Quantity.quantity></Point><Point><position>1644</position><in_Quantity.quantity>0.000000</in_Quantity.quantity><out_Quantity.quantity>314.238075</out_Quantity.quantity></Point><Point><position>1645</position><in_Quantity.quantity>0.000000</in_Quantity.quantity><out_Quantity.quantity>355.548335</out_Quantity.quantity></Point><Point><position>1646</position><in_Quantity.quantity>0.000000</in_Quantity.quantity><out_Quantity.quantity>270.104298</out_Quantity.quantity></Point><Point><position>1647</position><in_Quantity.quantity>0.000000</in_Quantity.quantity><out_Quantity.quantity>305.908075</out_Quantity.quantity></Point><Point><position>1648</position><in_Quantity.quantity>0.000000</in_Quantity.quantity><out_Quantity.quantity>816.784518</out_Quantity.quantity></Point><Point><position>1649</position><in_Quantity.quantity>0.000000</in_Quantity.quantity><out_Quantity.quantity>395.784007</out_Quantity.quantity></Point><Point><position>1650</position><in_Quantity.quantity>0.000000</in_Quantity.quantity><out_Quantity.quantity>140.274782</out_Quantity.quantity></Point><Point><position>1651</position><in_Quantity.quantity>0.000000</in_Quantity.quantity><out_Quantity.quantity>348.843162</out_Quantity.quantity></Point><Point><position>1652</position><in_Quantity.quantity>0.000000</in_Quantity.quantity><out_Quantity.quantity>310.993805</out_Quantity.quantity></Point><Point><position>1653</position><in_Quantity.quantity>0.000000</in_Quantity.quantity><out_Quantity.quantity>531.412529</out_Quantity.quantity></Point><Point><position>1654</position><in_Quantity.quantity>0.000000</in_Quantity.quantity><out_Quantity.quantity>624.123017</out_Quantity.quantity></Point><Point><position>1655</position><in_Quantity.quantity>0.000000</in_Quantity.quantity><out_Quantity.quantity>154.413224</out_Quantity.quantity></Point><Point><position>1656</position><in_Quantity.quantity>0.000000</in_Quantity.quantity><out_Quantity.quantity>426.045556</out_Quantity.quantity></Point><Point><position>1657</position><in_Quantity.quantity>0.000000</in_Quantity.quantity><out_Quantity.quantity>275.897089</out_Quantity.quantity></Point><Point><position>1658</position><in_Quantity.quantity>0.000000</in_Quantity.quantity><out_Quantity.quantity>142.275288</out_Quantity.quantity></Point><Point><position>1659</position><in_Quantity.quantity>0.000000</in_Quantity.quantity><out_Quantity.quantity>634.330100</out_Quantity.quantity></Point><Point><position>1660</position><in_Quantity.quantity>0.000000</in_Quantity.quantity><out_Quantity.quantity>714.385815</out_Quantity.quantity></Point><Point><position>1661</position><in_Quantity.quantity>0.000000</in_Quantity.quantity><out_Quantity.quantity>452.739956</out_Quantity.quantity></Point><Point><position>1662</position><in_Quantity.quantity>0.000000</in_Quantity.quantity><out_Quantity.quantity>357.255552</out_Quantity.quantity></Point><Point><position>1663</position><in_Quantity.quantity>0.000000</in_Quantity.quantity><out_Quantity.quantity>501.839214</out_Quantity.quantity></Point><Point><position>1664</position><in_Quantity.quantity>0.000000</in_Quantity.quantity><out_Quantity.quantity>188.655096</out_Quantity.quantity></Point><Point><position>1665</position><in_Quantity.quantity>0.000000</in_Quantity.quantity><out_Quantity.quantity>222.360592</out_Quantity.quantity></Point><Point><position>1666</position><in_Quantity.quantity>0.000000</in_Quantity.quantity><out_Quantity.quantity>373.682488</out_Quantity.quantity></Point><Point><position>1667</position><in_Quantity.quantity>0.000000</in_Quantity.quantity><out_Quantity.quantity>682.438511</out_Quantity.quantity></Point><Point><position>1668</position><in_Quantity.quantity>0.000000</in_Quantity.quantity><out_Quantity.quantity>959.828814</out_Quantity.quantity></Point><Point><position>1669</position><in_Quantity.quantity>0.000000</in_Quantity.quantity><out_Quantity.quantity>67.444390</out_Quantity.quantity></Point><Point><position>1670</position><in_Quantity.quantity>0.000000</in_Quantity.quantity><out_Quantity.quantity>965.616927</out_Quantity.quantity></Point><Point><position>1671</position><in_Quantity.quantity>0.000000</in_Quantity.quantity><out_Quantity.quantity>57.078059</out_Quantity.quantity></Point><Point><position>1672</position><in_Quantity.quantity>0.000000</in_Quantity.quantity><out_Quantity.quantity>393.988149</out_Quantity.quantity></Point><Point><position>1673</position><in_Quantity.quantity>0.000000</in_Quantity.quantity><out_Quantity.quantity>496.858999</out_Quantity.quantity></Point><Point><position>1674</position><in_Quantity.quantity>0.000000</in_Quantity.quantity><out_Quantity.quantity>730.928852</out_Quantity.quantity></Point><Point><position>1675</position><in_Quantity.quantity>0.000000</in_Quantity.quantity><out_Quantity.quantity>158.061624</out_Quantity.quantity></Point><Point><position>1676</position><in_Quantity.quantity>0.000000</in_Quantity.quantity><out_Quantity.quantity>63.923028</out_Quantity.quantity></Point><Point><position>1677</position><in_Quantity.quantity>0.000000</in_Quantity.quantity><out_Quantity.quantity>604.212927</out_Quantity.quantity></Point><Point><position>1678</position><in_Quantity.quantity>0.000000</in_Quantity.quantity><out_Quantity.quantity>185.644130</out_Quantity.quantity></Point><Point><position>1679</position><in_Quantity.quantity>0.000000</in_Quantity.quantity><out_Quantity.quantity>172.370756</out_Quantity.quantity></Point><Point><position>1680</position><in_Quantity.quantity>0.000000</in_Quantity.quantity><out_Quantity.quantity>650.821509</out_Quantity.quantity></Point><Point><position>1681</position><in_Quantity.quantity>0.000000</in_Quantity.quantity><out_Quantity.quantity>910.758433</out_Quantity.quantity></Point><Point><position>1682</position><in_Quantity.quantity>0.000000</in_Quantity.quantity><out_Quantity.quantity>802.930456</out_Quantity.quantity></Point><Point><position>1683</position><in_Quantity.quantity>0.000000</in_Quantity.quantity><out_Quantity.quantity>808.095122</out_Quantity.quantity></Point><Point><position>1684</position><in_Quantity.quantity>0.000000</in_Quantity.quantity><out_Quantity.quantity>901.109200</out_Quantity.quantity></Point><Point><position>1685</position><in_Quantity.quantity>0.000000</in_Quantity.quantity><out_Quantity.quantity>277.571937</out_Quantity.quantity></Point><Point><position>1686</position><in_Quantity.quantity>0.000000</in_Quantity.quantity><out_Quantity.quantity>215.472254</out_Quantity.quantity></Point><Point><position>1687</position><in_Quantity.quantity>0.000000</in_Quantity.quantity><out_Quantity.quantity>741.652751</out_Quantity.quantity></Point><Point><position>1688</position><in_Quantity.quantity>0.000000</in_Quantity.quantity><out_Quantity.quantity>953.887810</out_Quantity.quantity></Point><Point><position>1689</position><in_Quantity.quantity>0.000000</in_Quantity.quantity><out_Quantity.quantity>534.442521</out_Quantity.quantity></Point><Point><position>1690</position><in_Quantity.quantity>0.000000</in_Quantity.quantity><out_Quantity.quantity>948.287530</out_Quantity.quantity></Point><Point><position>1691</position><in_Quantity.quantity>0.000000</in_Quantity.quantity><out_Quantity.quantity>110.223031</out_Quantity.quantity></Point><Point><position>1692</position><in_Quantity.quantity>0.000000</in_Quantity.quantity><out_Quantity.quantity>436.370934</out_Quantity.quantity></Point><Point><position>1693</position><in_Quantity.quantity>0.000000</in_Quantity.quantity><out_Quantity.quantity>198.686939</out_Quantity.quantity></Point><Point><position>1694</position><in_Quantity.quantity>0.000000</in_Quantity.quantity><out_Quantity.quantity>379.591838</out_Quantity.quantity></Point><Point><position>1695</position><in_Quantity.quantity>0.000000</in_Quantity.quantity><out_Quantity.quantity>627.624992</out_Quantity.quantity></Point><Point><position>1696</position><in_Quantity.quantity>0.000000</in_Quantity.quantity><out_Quantity.quantity>778.578403</out_Quantity.quantity></Point><Point><position>1697</position><in_Quantity.quantity>0.000000</in_Quantity.quantity><out_Quantity.quantity>799.511303</out_Quantity.quantity></Point><Point><position>1698</position><in_Quantity.quantity>0.000000</in_Quantity.quantity><out_Quantity.quantity>193.419380</out_Quantity.quantity></Point><Point><position>1699</position><in_Quantity.quantity>0.000000</in_Quantity.quantity><out_Quantity.quantity>109.973757</out_Quantity.quantity></Point><Point><position>1700</position><in_Quantity.quantity>0.000000</in_Quantity.quantity><out_Quantity.quantity>381.320002</out_Quantity.quantity></Point><Point><position>1701</position><in_Quantity.quantity>0.000000</in_Quantity.quantity><out_Quantity.quantity>138.447607</out_Quantity.quantity></Point><Point><position>1702</position><in_Quantity.quantity>0.000000</in_Quantity.quantity><out_Quantity.quantity>747.169215</out_Quantity.quantity></Point><Point><position>1703</position><in_Quantity.quantity>0.000000</in_Quantity.quantity><out_Quantity.quantity>655.247302</out_Quantity.quantity></Point><Point><position>1704</position><in_Quantity.quantity>0.000000</in_Quantity.quantity><out_Quantity.quantity>527.405186</out_Quantity.quantity></Point><Point><position>1705</position><in_Quantity.quantity>0.000000</in_Quantity.quantity><out_Quantity.quantity>411.701719</out_Quantity.quantity></Point><Point><position>1706</position><in_Quantity.quantity>0.000000</in_Quantity.quantity><out_Quantity.quantity>704.133218</out_Quantity.quantity></Point><Point><position>1707</position><in_Quantity.quantity>0.000000</in_Quantity.quantity><out_Quantity.quantity>207.190744</out_Quantity.quantity></Point><Point><position>1708</position><in_Quantity.quantity>0.000000</in_Quantity.quantity><out_Quantity.quantity>337.960244</out_Quantity.quantity></Point><Point><position>1709</position><in_Quantity.quantity>0.000000</in_Quantity.quantity><out_Quantity.quantity>104.407795</out_Quantity.quantity></Point><Point><position>1710</position><in_Quantity.quantity>0.000000</in_Quantity.quantity><out_Quantity.quantity>704.046252</out_Quantity.quantity></Point><Point><position>1711</position><in_Quantity.quantity>0.000000</in_Quantity.quantity><out_Quantity.quantity>635.586147</out_Quantity.quantity></Point><Point><position>1712</position><in_Quantity.quantity>0.000000</in_Quantity.quantity><out_Quantity.quantity>905.940183</out_Quantity.quantity></Point><Point><position>1713</position><in_Quantity.quantity>0.000000</in_Quantity.quantity><out_Quantity.quantity>543.111378</out_Quantity.quantity></Point><Point><position>1714</position><in_Quantity.quantity>0.000000</in_Quantity.quantity><out_Quantity.quantity>546.628694</out_Quantity.quantity></Point><Point><position>1715</position><in_Quantity.quantity>0.000000</in_Quantity.quantity><out_Quantity.quantity>953.780870</out_Quantity.quantity></Point><Point><position>1716</position><in_Quantity.quantity>0.000000</in_Quantity.quantity><out_Quantity.quantity>95.960298</out_Quantity.quantity></Point><Point><position>1717</position><in_Quantity.quantity>0.000000</in_Quantity.quantity><out_Quantity.quantity>162.629934</out_Quantity.quantity></Point><Point><position>1718</position><in_Quantity.quantity>0.000000</in_Quantity.quantity><out_Quantity.quantity>618.577058</out_Quantity.quantity></Point><Point><position>1719</position><in_Quantity.quantity>0.000000</in_Quantity.quantity><out_Quantity.quantity>992.675028</out_Quantity.quantity></Point><Point><position>1720</position><in_Quantity.quantity>0.000000</in_Quantity.quantity><out_Quantity.quantity>117.330608</out_Quantity.quantity></Point><Point><position>1721</position><in_Quantity.quantity>0.000000</in_Quantity.quantity><out_Quantity.quantity>595.791673</out_Quantity.quantity></Point><Point><position>1722</position><in_Quantity.quantity>0.000000</in_Quantity.quantity><out_Quantity.quantity>398.572365</out_Quantity.quantity></Point><Point><position>1723</position><in_Quantity.quantity>0.000000</in_Quantity.quantity><out_Quantity.quantity>863.770522</out_Quantity.quantity></Point><Point><position>1724</position><in_Quantity.quantity>0.000000</in_Quantity.quantity><out_Quantity.quantity>372.471513</out_Quantity.quantity></Point><Point><position>1725</position><in_Quantity.quantity>0.000000</in_Quantity.quantity><out_Quantity.quantity>314.138473</out_Quantity.quantity></Point><Point><position>1726</position><in_Quantity.quantity>0.000000</in_Quantity.quantity><out_Quantity.quantity>931.984223</out_Quantity.quantity></Point><Point><position>1727</position><in_Quantity.quantity>0.000000</in_Quantity.quantity><out_Quantity.quantity>309.268363</out_Quantity.quantity></Point><Point><position>1728</position><in_Quantity.quantity>0.000000</in_Quantity.quantity><out_Quantity.quantity>366.280124</out_Quantity.quantity></Point><Point><position>1729</position><in_Quantity.quantity>0.000000</in_Quantity.quantity><out_Quantity.quantity>3.086314</out_Quantity.quantity></Point><Point><position>1730</position><in_Quantity.quantity>0.000000</in_Quantity.quantity><out_Quantity.quantity>799.235476</out_Quantity.quantity></Point><Point><position>1731</position><in_Quantity.quantity>0.000000</in_Quantity.quantity><out_Quantity.quantity>563.884780</out_Quantity.quantity></Point><Point><position>1732</position><in_Quantity.quantity>0.000000</in_Quantity.quantity><out_Quantity.quantity>486.523296</out_Quantity.quantity></Point><Point><position>1733</position><in_Quantity.quantity>0.000000</in_Quantity.quantity><out_Quantity.quantity>305.862885</out_Quantity.quantity></Point><Point><position>1734</position><in_Quantity.quantity>0.000000</in_Quantity.quantity><out_Quantity.quantity>924.740555</out_Quantity.quantity></Point><Point><position>1735</position><in_Quantity.quantity>0.000000</in_Quantity.quantity><out_Quantity.quantity>816.100602</out_Quantity.quantity></Point><Point><position>1736</position><in_Quantity.quantity>0.000000</in_Quantity.quantity><out_Quantity.quantity>216.760455</out_Quantity.quantity></Point><Point><position>1737</position><in_Quantity.quantity>0.000000</in_Quantity.quantity><out_Quantity.quantity>8.805016</out_Quantity.quantity></Point><Point><position>1738</position><in_Quantity.quantity>0.000000</in_Quantity.quantity><out_Quantity.quantity>644.424903</out_Quantity.quantity></Point><Point><position>1739</position><in_Quantity.quantity>0.000000</in_Quantity.quantity><out_Quantity.quantity>562.561369</out_Quantity.quantity></Point><Point><position>1740</position><in_Quantity.quantity>0.000000</in_Quantity.quantity><out_Quantity.quantity>998.398526</out_Quantity.quantity></Point><Point><position>1741</position><in_Quantity.quantity>0.000000</in_Quantity.quantity><out_Quantity.quantity>121.196969</out_Quantity.quantity></Point><Point><position>1742</position><in_Quantity.quantity>0.000000</in_Quantity.quantity><out_Quantity.quantity>38.874408</out_Quantity.quantity></Point><Point><position>1743</position><in_Quantity.quantity>0.000000</in_Quantity.quantity><out_Quantity.quantity>439.687307</out_Quantity.quantity></Point><Point><position>1744</position><in_Quantity.quantity>0.000000</in_Quantity.quantity><out_Quantity.quantity>288.398862</out_Quantity.quantity></Point><Point><position>1745</position><in_Quantity.quantity>0.000000</in_Quantity.quantity><out_Quantity.quantity>657.020201</out_Quantity.quantity></Point><Point><position>1746</position><in_Quantity.quantity>0.000000</in_Quantity.quantity><out_Quantity.quantity>481.189947</out_Quantity.quantity></Point><Point><position>1747</position><in_Quantity.quantity>0.000000</in_Quantity.quantity><out_Quantity.quantity>171.213173</out_Quantity.quantity></Point><Point><position>1748</position><in_Quantity.quantity>0.000000</in_Quantity.quantity><out_Quantity.quantity>795.066655</out_Quantity.quantity></Point><Point><position>1749</position><in_Quantity.quantity>0.000000</in_Quantity.quantity><out_Quantity.quantity>192.790811</out_Quantity.quantity></Point><Point><position>1750</position><in_Quantity.quantity>0.000000</in_Quantity.quantity><out_Quantity.quantity>111.969718</out_Quantity.quantity></Point><Point><position>1751</position><in_Quantity.quantity>0.000000</in_Quantity.quantity><out_Quantity.quantity>369.848352</out_Quantity.quantity></Point><Point><position>1752</position><in_Quantity.quantity>0.000000</in_Quantity.quantity><out_Quantity.quantity>413.035411</out_Quantity.quantity></Point><Point><position>1753</position><in_Quantity.quantity>0.000000</in_Quantity.quantity><out_Quantity.quantity>210.813342</out_Quantity.quantity></Point><Point><position>1754</position><in_Quantity.quantity>0.000000</in_Quantity.quantity><out_Quantity.quantity>865.919532</out_Quantity.quantity></Point><Point><position>1755</position><in_Quantity.quantity>0.000000</in_Quantity.quantity><out_Quantity.quantity>886.606914</out_Quantity.quantity></Point><Point><position>1756</position><in_Quantity.quantity>0.000000</in_Quantity.quantity><out_Quantity.quantity>902.666818</out_Quantity.quantity></Point><Point><position>1757</position><in_Quantity.quantity>0.000000</in_Quantity.quantity><out_Quantity.quantity>503.910142</out_Quantity.quantity></Point><Point><position>1758</position><in_Quantity.quantity>0.000000</in_Quantity.quantity><out_Quantity.quantity>958.627955</out_Quantity.quantity></Point><Point><position>1759</position><in_Quantity.quantity>0.000000</in_Quantity.quantity><out_Quantity.quantity>126.160283</out_Quantity.quantity></Point><Point><position>1760</position><in_Quantity.quantity>0.000000</in_Quantity.quantity><out_Quantity.quantity>225.486714</out_Quantity.quantity></Point><Point><position>1761</position><in_Quantity.quantity>0.000000</in_Quantity.quantity><out_Quantity.quantity>205.711723</out_Quantity.quantity></Point><Point><position>1762</position><in_Quantity.quantity>0.000000</in_Quantity.quantity><out_Quantity.quantity>838.118946</out_Quantity.quantity></Point><Point><position>1763</position><in_Quantity.quantity>0.000000</in_Quantity.quantity><out_Quantity.quantity>380.964097</out_Quantity.quantity></Point><Point><position>1764</position><in_Quantity.quantity>0.000000</in_Quantity.quantity><out_Quantity.quantity>154.442525</out_Quantity.quantity></Point><Point><position>1765</position><in_Quantity.quantity>0.000000</in_Quantity.quantity><out_Quantity.quantity>850.912591</out_Quantity.quantity></Point><Point><position>1766</position><in_Quantity.quantity>0.000000</in_Quantity.quantity><out_Quantity.quantity>882.589889</out_Quantity.quantity></Point><Point><position>1767</position><in_Quantity.quantity>0.000000</in_Quantity.quantity><out_Quantity.quantity>279.752189</out_Quantity.quantity></Point><Point><position>1768</position><in_Quantity.quantity>0.000000</in_Quantity.quantity><out_Quantity.quantity>10.962977</out_Quantity.quantity></Point><Point><position>1769</position><in_Quantity.quantity>0.000000</in_Quantity.quantity><out_Quantity.quantity>166.641660</out_Quantity.quantity></Point><Point><position>1770</position><in_Quantity.quantity>0.000000</in_Quantity.quantity><out_Quantity.quantity>249.327446</out_Quantity.quantity></Point><Point><position>1771</position><in_Quantity.quantity>0.000000</in_Quantity.quantity><out_Quantity.quantity>95.958413</out_Quantity.quantity></Point><Point><position>1772</position><in_Quantity.quantity>0.000000</in_Quantity.quantity><out_Quantity.quantity>777.954140</out_Quantity.quantity></Point><Point><position>1773</position><in_Quantity.quantity>0.000000</in_Quantity.quantity><out_Quantity.quantity>385.409750</out_Quantity.quantity></Point><Point><position>1774</position><in_Quantity.quantity>0.000000</in_Quantity.quantity><out_Quantity.quantity>454.702017</out_Quantity.quantity></Point><Point><position>1775</position><in_Quantity.quantity>0.000000</in_Quantity.quantity><out_Quantity.quantity>110.923947</out_Quantity.quantity></Point><Point><position>1776</position><in_Quantity.quantity>0.000000</in_Quantity.quantity><out_Quantity.quantity>142.168492</out_Quantity.quantity></Point><Point><position>1777</position><in_Quantity.quantity>0.000000</in_Quantity.quantity><out_Quantity.quantity>651.557895</out_Quantity.quantity></Point><Point><position>1778</position><in_Quantity.quantity>0.000000</in_Quantity.quantity><out_Quantity.quantity>120.856392</out_Quantity.quantity></Point><Point><position>1779</position><in_Quantity.quantity>0.000000</in_Quantity.quantity><out_Quantity.quantity>205.839623</out_Quantity.quantity></Point><Point><position>1780</position><in_Quantity.quantity>0.000000</in_Quantity.quantity><out_Quantity.quantity>487.051309</out_Quantity.quantity></Point><Point><position>1781</position><in_Quantity.quantity>0.000000</in_Quantity.quantity><out_Quantity.quantity>716.669236</out_Quantity.quantity></Point><Point><position>1782</position><in_Quantity.quantity>0.000000</in_Quantity.quantity><out_Quantity.quantity>921.947042</out_Quantity.quantity></Point><Point><position>1783</position><in_Quantity.quantity>0.000000</in_Quantity.quantity><out_Quantity.quantity>951.341499</out_Quantity.quantity></Point><Point><position>1784</position><in_Quantity.quantity>0.000000</in_Quantity.quantity><out_Quantity.quantity>133.229825</out_Quantity.quantity></Point><Point><position>1785</position><in_Quantity.quantity>0.000000</in_Quantity.quantity><out_Quantity.quantity>653.178958</out_Quantity.quantity></Point><Point><position>1786</position><in_Quantity.quantity>0.000000</in_Quantity.quantity><out_Quantity.quantity>727.267896</out_Quantity.quantity></Point><Point><position>1787</position><in_Quantity.quantity>0.000000</in_Quantity.quantity><out_Quantity.quantity>231.674950</out_Quantity.quantity></Point><Point><position>1788</position><in_Quantity.quantity>0.000000</in_Quantity.quantity><out_Quantity.quantity>767.438397</out_Quantity.quantity></Point><Point><position>1789</position><in_Quantity.quantity>0.000000</in_Quantity.quantity><out_Quantity.quantity>293.294851</out_Quantity.quantity></Point><Point><position>1790</position><in_Quantity.quantity>0.000000</in_Quantity.quantity><out_Quantity.quantity>985.983072</out_Quantity.quantity></Point><Point><position>1791</position><in_Quantity.quantity>0.000000</in_Quantity.quantity><out_Quantity.quantity>474.546430</out_Quantity.quantity></Point><Point><position>1792</position><in_Quantity.quantity>0.000000</in_Quantity.quantity><out_Quantity.quantity>892.679392</out_Quantity.quantity></Point><Point><position>1793</position><in_Quantity.quantity>0.000000</in_Quantity.quantity><out_Quantity.quantity>739.105460</out_Quantity.quantity></Point><Point><position>1794</position><in_Quantity.quantity>0.000000</in_Quantity.quantity><out_Quantity.quantity>674.847243</out_Quantity.quantity></Point><Point><position>1795</position><in_Quantity.quantity>0.000000</in_Quantity.quantity><out_Quantity.quantity>220.787341</out_Quantity.quantity></Point><Point><position>1796</position><in_Quantity.quantity>0.000000</in_Quantity.quantity><out_Quantity.quantity>927.245170</out_Quantity.quantity></Point><Point><position>1797</position><in_Quantity.quantity>0.000000</in_Quantity.quantity><out_Quantity.quantity>406.628363</out_Quantity.quantity></Point><Point><position>1798</position><in_Quantity.quantity>0.000000</in_Quantity.quantity><out_Quantity.quantity>141.336148</out_Quantity.quantity></Point><Point><position>1799</position><in_Quantity.quantity>0.000000</in_Quantity.quantity><out_Quantity.quantity>670.098415</out_Quantity.quantity></Point><Point><position>1800</position><in_Quantity.quantity>0.000000</in_Quantity.quantity><out_Quantity.quantity>922.243720</out_Quantity.quantity></Point><Point><position>1801</position><in_Quantity.quantity>0.000000</in_Quantity.quantity><out_Quantity.quantity>141.195335</out_Quantity.quantity></Point><Point><position>1802</position><in_Quantity.quantity>0.000000</in_Quantity.quantity><out_Quantity.quantity>925.817500</out_Quantity.quantity></Point><Point><position>1803</position><in_Quantity.quantity>0.000000</in_Quantity.quantity><out_Quantity.quantity>396.241149</out_Quantity.quantity></Point><Point><position>1804</position><in_Quantity.quantity>0.000000</in_Quantity.quantity><out_Quantity.quantity>692.563163</out_Quantity.quantity></Point><Point><position>1805</position><in_Quantity.quantity>0.000000</in_Quantity.quantity><out_Quantity.quantity>841.798555</out_Quantity.quantity></Point><Point><position>1806</position><in_Quantity.quantity>0.000000</in_Quantity.quantity><out_Quantity.quantity>988.131752</out_Quantity.quantity></Point><Point><position>1807</position><in_Quantity.quantity>0.000000</in_Quantity.quantity><out_Quantity.quantity>917.528820</out_Quantity.quantity></Point><Point><position>1808</position><in_Quantity.quantity>0.000000</in_Quantity.quantity><out_Quantity.quantity>245.657814</out_Quantity.quantity></Point><Point><position>1809</position><in_Quantity.quantity>0.000000</in_Quantity.quantity><out_Quantity.quantity>296.915539</out_Quantity.quantity></Point><Point><position>1810</position><in_Quantity.quantity>0.000000</in_Quantity.quantity><out_Quantity.quantity>580.477500</out_Quantity.quantity></Point><Point><position>1811</position><in_Quantity.quantity>0.000000</in_Quantity.quantity><out_Quantity.quantity>978.221195</out_Quantity.quantity></Point><Point><position>1812</position><in_Quantity.quantity>0.000000</in_Quantity.quantity><out_Quantity.quantity>714.262630</out_Quantity.quantity></Point><Point><position>1813</position><in_Quantity.quantity>0.000000</in_Quantity.quantity><out_Quantity.quantity>884.047639</out_Quantity.quantity></Point><Point><position>1814</position><in_Quantity.quantity>0.000000</in_Quantity.quantity><out_Quantity.quantity>503.217279</out_Quantity.quantity></Point><Point><position>1815</position><in_Quantity.quantity>0.000000</in_Quantity.quantity><out_Quantity.quantity>628.842205</out_Quantity.quantity></Point><Point><position>1816</position><in_Quantity.quantity>0.000000</in_Quantity.quantity><out_Quantity.quantity>530.504618</out_Quantity.quantity></Point><Point><position>1817</position><in_Quantity.quantity>0.000000</in_Quantity.quantity><out_Quantity.quantity>617.364348</out_Quantity.quantity></Point><Point><position>1818</position><in_Quantity.quantity>0.000000</in_Quantity.quantity><out_Quantity.quantity>127.559084</out_Quantity.quantity></Point><Point><position>1819</position><in_Quantity.quantity>0.000000</in_Quantity.quantity><out_Quantity.quantity>830.382182</out_Quantity.quantity></Point><Point><position>1820</position><in_Quantity.quantity>0.000000</in_Quantity.quantity><out_Quantity.quantity>70.032341</out_Quantity.quantity></Point><Point><position>1821</position><in_Quantity.quantity>0.000000</in_Quantity.quantity><out_Quantity.quantity>902.603653</out_Quantity.quantity></Point><Point><position>1822</position><in_Quantity.quantity>0.000000</in_Quantity.quantity><out_Quantity.quantity>648.310716</out_Quantity.quantity></Point><Point><position>1823</position><in_Quantity.quantity>0.000000</in_Quantity.quantity><out_Quantity.quantity>560.662596</out_Quantity.quantity></Point><Point><position>1824</position><in_Quantity.quantity>0.000000</in_Quantity.quantity><out_Quantity.quantity>177.943680</out_Quantity.quantity></Point><Point><position>1825</position><in_Quantity.quantity>0.000000</in_Quantity.quantity><out_Quantity.quantity>495.148698</out_Quantity.quantity></Point><Point><position>1826</position><in_Quantity.quantity>0.000000</in_Quantity.quantity><out_Quantity.quantity>293.990666</out_Quantity.quantity></Point><Point><position>1827</position><in_Quantity.quantity>0.000000</in_Quantity.quantity><out_Quantity.quantity>297.969959</out_Quantity.quantity></Point><Point><position>1828</position><in_Quantity.quantity>0.000000</in_Quantity.quantity><out_Quantity.quantity>809.125892</out_Quantity.quantity></Point><Point><position>1829</position><in_Quantity.quantity>0.000000</in_Quantity.quantity><out_Quantity.quantity>867.850128</out_Quantity.quantity></Point><Point><position>1830</position><in_Quantity.quantity>0.000000</in_Quantity.quantity><out_Quantity.quantity>220.698236</out_Quantity.quantity></Point><Point><position>1831</position><in_Quantity.quantity>0.000000</in_Quantity.quantity><out_Quantity.quantity>935.288208</out_Quantity.quantity></Point><Point><position>1832</position><in_Quantity.quantity>0.000000</in_Quantity.quantity><out_Quantity.quantity>386.742482</out_Quantity.quantity></Point><Point><position>1833</position><in_Quantity.quantity>0.000000</in_Quantity.quantity><out_Quantity.quantity>961.737911</out_Quantity.quantity></Point><Point><position>1834</position><in_Quantity.quantity>0.000000</in_Quantity.quantity><out_Quantity.quantity>332.387631</out_Quantity.quantity></Point><Point><position>1835</position><in_Quantity.quantity>0.000000</in_Quantity.quantity><out_Quantity.quantity>271.828262</out_Quantity.quantity></Point><Point><position>1836</position><in_Quantity.quantity>0.000000</in_Quantity.quantity><out_Quantity.quantity>647.595885</out_Quantity.quantity></Point><Point><position>1837</position><in_Quantity.quantity>0.000000</in_Quantity.quantity><out_Quantity.quantity>969.543705</out_Quantity.quantity></Point><Point><position>1838</position><in_Quantity.quantity>0.000000</in_Quantity.quantity><out_Quantity.quantity>244.383052</out_Quantity.quantity></Point><Point><position>1839</position><in_Quantity.quantity>0.000000</in_Quantity.quantity><out_Quantity.quantity>996.340041</out_Quantity.quantity></Point><Point><position>1840</position><in_Quantity.quantity>0.000000</in_Quantity.quantity><out_Quantity.quantity>575.798615</out_Quantity.quantity></Point><Point><position>1841</position><in_Quantity.quantity>0.000000</in_Quantity.quantity><out_Quantity.quantity>277.441402</out_Quantity.quantity></Point><Point><position>1842</position><in_Quantity.quantity>0.000000</in_Quantity.quantity><out_Quantity.quantity>509.019176</out_Quantity.quantity></Point><Point><position>1843</position><in_Quantity.quantity>0.000000</in_Quantity.quantity><out_Quantity.quantity>662.810770</out_Quantity.quantity></Point><Point><position>1844</position><in_Quantity.quantity>0.000000</in_Quantity.quantity><out_Quantity.quantity>594.231042</out_Quantity.quantity></Point><Point><position>1845</position><in_Quantity.quantity>0.000000</in_Quantity.quantity><out_Quantity.quantity>372.008125</out_Quantity.quantity></Point><Point><position>1846</position><in_Quantity.quantity>0.000000</in_Quantity.quantity><out_Quantity.quantity>233.940876</out_Quantity.quantity></Point><Point><position>1847</position><in_Quantity.quantity>0.000000</in_Quantity.quantity><out_Quantity.quantity>882.662132</out_Quantity.quantity></Point><Point><position>1848</position><in_Quantity.quantity>0.000000</in_Quantity.quantity><out_Quantity.quantity>312.439027</out_Quantity.quantity></Point><Point><position>1849</position><in_Quantity.quantity>0.000000</in_Quantity.quantity><out_Quantity.quantity>364.718987</out_Quantity.quantity></Point><Point><position>1850</position><in_Quantity.quantity>0.000000</in_Quantity.quantity><out_Quantity.quantity>363.736899</out_Quantity.quantity></Point><Point><position>1851</position><in_Quantity.quantity>0.000000</in_Quantity.quantity><out_Quantity.quantity>936.373283</out_Quantity.quantity></Point><Point><position>1852</position><in_Quantity.quantity>0.000000</in_Quantity.quantity><out_Quantity.quantity>315.437474</out_Quantity.quantity></Point><Point><position>1853</position><in_Quantity.quantity>0.000000</in_Quantity.quantity><out_Quantity.quantity>614.819794</out_Quantity.quantity></Point><Point><position>1854</position><in_Quantity.quantity>0.000000</in_Quantity.quantity><out_Quantity.quantity>778.215397</out_Quantity.quantity></Point><Point><position>1855</position><in_Quantity.quantity>0.000000</in_Quantity.quantity><out_Quantity.quantity>716.325152</out_Quantity.quantity></Point><Point><position>1856</position><in_Quantity.quantity>0.000000</in_Quantity.quantity><out_Quantity.quantity>400.936394</out_Quantity.quantity></Point><Point><position>1857</position><in_Quantity.quantity>0.000000</in_Quantity.quantity><out_Quantity.quantity>68.298773</out_Quantity.quantity></Point><Point><position>1858</position><in_Quantity.quantity>0.000000</in_Quantity.quantity><out_Quantity.quantity>465.039459</out_Quantity.quantity></Point><Point><position>1859</position><in_Quantity.quantity>0.000000</in_Quantity.quantity><out_Quantity.quantity>992.596971</out_Quantity.quantity></Point><Point><position>1860</position><in_Quantity.quantity>0.000000</in_Quantity.quantity><out_Quantity.quantity>454.359887</out_Quantity.quantity></Point><Point><position>1861</position><in_Quantity.quantity>0.000000</in_Quantity.quantity><out_Quantity.quantity>304.638127</out_Quantity.quantity></Point><Point><position>1862</position><in_Quantity.quantity>0.000000</in_Quantity.quantity><out_Quantity.quantity>677.320056</out_Quantity.quantity></Point><Point><position>1863</position><in_Quantity.quantity>0.000000</in_Quantity.quantity><out_Quantity.quantity>870.572617</out_Quantity.quantity></Point><Point><position>1864</position><in_Quantity.quantity>0.000000</in_Quantity.quantity><out_Quantity.quantity>0.749097</out_Quantity.quantity></Point><Point><position>1865</position><in_Quantity.quantity>0.000000</in_Quantity.quantity><out_Quantity.quantity>560.254608</out_Quantity.quantity></Point><Point><position>1866</position><in_Quantity.quantity>0.000000</in_Quantity.quantity><out_Quantity.quantity>838.026965</out_Quantity.quantity></Point><Point><position>1867</position><in_Quantity.quantity>0.000000</in_Quantity.quantity><out_Quantity.quantity>431.550669</out_Quantity.quantity></Point><Point><position>1868</position><in_Quantity.quantity>0.000000</in_Quantity.quantity><out_Quantity.quantity>167.373533</out_Quantity.quantity></Point><Point><position>1869</position><in_Quantity.quantity>0.000000</in_Quantity.quantity><out_Quantity.quantity>823.790792</out_Quantity.quantity></Point><Point><position>1870</position><in_Quantity.quantity>0.000000</in_Quantity.quantity><out_Quantity.quantity>938.793137</out_Quantity.quantity></Point><Point><position>1871</position><in_Quantity.quantity>0.000000</in_Quantity.quantity><out_Quantity.quantity>63.643255</out_Quantity.quantity></Point><Point><position>1872</position><in_Quantity.quantity>0.000000</in_Quantity.quantity><out_Quantity.quantity>337.284391</out_Quantity.quantity></Point><Point><position>1873</position><in_Quantity.quantity>0.000000</in_Quantity.quantity><out_Quantity.quantity>273.405630</out_Quantity.quantity></Point><Point><position>1874</position><in_Quantity.quantity>0.000000</in_Quantity.quantity><out_Quantity.quantity>257.946892</out_Quantity.quantity></Point><Point><position>1875</position><in_Quantity.quantity>0.000000</in_Quantity.quantity><out_Quantity.quantity>650.566457</out_Quantity.quantity></Point><Point><position>1876</position><in_Quantity.quantity>0.000000</in_Quantity.quantity><out_Quantity.quantity>783.657737</out_Quantity.quantity></Point><Point><position>1877</position><in_Quantity.quantity>0.000000</in_Quantity.quantity><out_Quantity.quantity>246.289692</out_Quantity.quantity></Point><Point><position>1878</position><in_Quantity.quantity>0.000000</in_Quantity.quantity><out_Quantity.quantity>622.027428</out_Quantity.quantity></Point><Point><position>1879</position><in_Quantity.quantity>0.000000</in_Quantity.quantity><out_Quantity.quantity>181.224274</out_Quantity.quantity></Point><Point><position>1880</position><in_Quantity.quantity>0.000000</in_Quantity.quantity><out_Quantity.quantity>265.154036</out_Quantity.quantity></Point><Point><position>1881</position><in_Quantity.quantity>0.000000</in_Quantity.quantity><out_Quantity.quantity>149.526717</out_Quantity.quantity></Point><Point><position>1882</position><in_Quantity.quantity>0.000000</in_Quantity.quantity><out_Quantity.quantity>304.329539</out_Quantity.quantity></Point><Point><position>1883</position><in_Quantity.quantity>0.000000</in_Quantity.quantity><out_Quantity.quantity>659.193794</out_Quantity.quantity></Point><Point><position>1884</position><in_Quantity.quantity>0.000000</in_Quantity.quantity><out_Quantity.quantity>77.038772</out_Quantity.quantity></Point><Point><position>1885</position><in_Quantity.quantity>0.000000</in_Quantity.quantity><out_Quantity.quantity>1.080813</out_Quantity.quantity></Point><Point><position>1886</position><in_Quantity.quantity>0.000000</in_Quantity.quantity><out_Quantity.quantity>830.869692</out_Quantity.quantity></Point><Point><position>1887</position><in_Quantity.quantity>0.000000</in_Quantity.quantity><out_Quantity.quantity>134.463498</out_Quantity.quantity></Point><Point><position>1888</position><in_Quantity.quantity>0.000000</in_Quantity.quantity><out_Quantity.quantity>121.875819</out_Quantity.quantity></Point><Point><position>1889</position><in_Quantity.quantity>0.000000</in_Quantity.quantity><out_Quantity.quantity>807.104964</out_Quantity.quantity></Point><Point><position>1890</position><in_Quantity.quantity>0.000000</in_Quantity.quantity><out_Quantity.quantity>274.415299</out_Quantity.quantity></Point><Point><position>1891</position><in_Quantity.quantity>0.000000</in_Quantity.quantity><out_Quantity.quantity>731.712155</out_Quantity.quantity></Point><Point><position>1892</position><in_Quantity.quantity>0.000000</in_Quantity.quantity><out_Quantity.quantity>571.499245</out_Quantity.quantity></Point><Point><position>1893</position><in_Quantity.quantity>0.000000</in_Quantity.quantity><out_Quantity.quantity>914.732298</out_Quantity.quantity></Point><Point><position>1894</position><in_Quantity.quantity>0.000000</in_Quantity.quantity><out_Quantity.quantity>446.908389</out_Quantity.quantity></Point><Point><position>1895</position><in_Quantity.quantity>0.000000</in_Quantity.quantity><out_Quantity.quantity>87.266832</out_Quantity.quantity></Point><Point><position>1896</position><in_Quantity.quantity>0.000000</in_Quantity.quantity><out_Quantity.quantity>140.950523</out_Quantity.quantity></Point><Point><position>1897</position><in_Quantity.quantity>0.000000</in_Quantity.quantity><out_Quantity.quantity>418.148538</out_Quantity.quantity></Point><Point><position>1898</position><in_Quantity.quantity>0.000000</in_Quantity.quantity><out_Quantity.quantity>608.209680</out_Quantity.quantity></Point><Point><position>1899</position><in_Quantity.quantity>0.000000</in_Quantity.quantity><out_Quantity.quantity>359.085154</out_Quantity.quantity></Point><Point><position>1900</position><in_Quantity.quantity>0.000000</in_Quantity.quantity><out_Quantity.quantity>173.233519</out_Quantity.quantity></Point><Point><position>1901</position><in_Quantity.quantity>0.000000</in_Quantity.quantity><out_Quantity.quantity>84.796467</out_Quantity.quantity></Point><Point><position>1902</position><in_Quantity.quantity>0.000000</in_Quantity.quantity><out_Quantity.quantity>104.959614</out_Quantity.quantity></Point><Point><position>1903</position><in_Quantity.quantity>0.000000</in_Quantity.quantity><out_Quantity.quantity>554.494074</out_Quantity.quantity></Point><Point><position>1904</position><in_Quantity.quantity>0.000000</in_Quantity.quantity><out_Quantity.quantity>399.468422</out_Quantity.quantity></Point><Point><position>1905</position><in_Quantity.quantity>0.000000</in_Quantity.quantity><out_Quantity.quantity>993.956515</out_Quantity.quantity></Point><Point><position>1906</position><in_Quantity.quantity>0.000000</in_Quantity.quantity><out_Quantity.quantity>976.950524</out_Quantity.quantity></Point><Point><position>1907</position><in_Quantity.quantity>0.000000</in_Quantity.quantity><out_Quantity.quantity>790.954114</out_Quantity.quantity></Point><Point><position>1908</position><in_Quantity.quantity>0.000000</in_Quantity.quantity><out_Quantity.quantity>646.249513</out_Quantity.quantity></Point><Point><position>1909</position><in_Quantity.quantity>0.000000</in_Quantity.quantity><out_Quantity.quantity>927.508611</out_Quantity.quantity></Point><Point><position>1910</position><in_Quantity.quantity>0.000000</in_Quantity.quantity><out_Quantity.quantity>748.772647</out_Quantity.quantity></Point><Point><position>1911</position><in_Quantity.quantity>0.000000</in_Quantity.quantity><out_Quantity.quantity>213.954215</out_Quantity.quantity></Point><Point><position>1912</position><in_Quantity.quantity>0.000000</in_Quantity.quantity><out_Quantity.quantity>973.986860</out_Quantity.quantity></Point><Point><position>1913</position><in_Quantity.quantity>0.000000</in_Quantity.quantity><out_Quantity.quantity>816.206181</out_Quantity.quantity></Point><Point><position>1914</position><in_Quantity.quantity>0.000000</in_Quantity.quantity><out_Quantity.quantity>975.908291</out_Quantity.quantity></Point><Point><position>1915</position><in_Quantity.quantity>0.000000</in_Quantity.quantity><out_Quantity.quantity>325.020975</out_Quantity.quantity></Point><Point><position>1916</position><in_Quantity.quantity>0.000000</in_Quantity.quantity><out_Quantity.quantity>896.175956</out_Quantity.quantity></Point><Point><position>1917</position><in_Quantity.quantity>0.000000</in_Quantity.quantity><out_Quantity.quantity>47.458929</out_Quantity.quantity></Point><Point><position>1918</position><in_Quantity.quantity>0.000000</in_Quantity.quantity><out_Quantity.quantity>972.708172</out_Quantity.quantity></Point><Point><position>1919</position><in_Quantity.quantity>0.000000</in_Quantity.quantity><out_Quantity.quantity>220.415905</out_Quantity.quantity></Point><Point><position>1920</position><in_Quantity.quantity>0.000000</in_Quantity.quantity><out_Quantity.quantity>836.672020</out_Quantity.quantity></Point><Point><position>1921</position><in_Quantity.quantity>0.000000</in_Quantity.quantity><out_Quantity.quantity>608.172727</out_Quantity.quantity></Point><Point><position>1922</position><in_Quantity.quantity>0.000000</in_Quantity.quantity><out_Quantity.quantity>240.390664</out_Quantity.quantity></Point><Point><position>1923</position><in_Quantity.quantity>0.000000</in_Quantity.quantity><out_Quantity.quantity>881.929178</out_Quantity.quantity></Point><Point><position>1924</position><in_Quantity.quantity>0.000000</in_Quantity.quantity><out_Quantity.quantity>680.799400</out_Quantity.quantity></Point><Point><position>1925</position><in_Quantity.quantity>0.000000</in_Quantity.quantity><out_Quantity.quantity>816.920549</out_Quantity.quantity></Point><Point><position>1926</position><in_Quantity.quantity>0.000000</in_Quantity.quantity><out_Quantity.quantity>245.047078</out_Quantity.quantity></Point><Point><position>1927</position><in_Quantity.quantity>0.000000</in_Quantity.quantity><out_Quantity.quantity>113.816586</out_Quantity.quantity></Point><Point><position>1928</position><in_Quantity.quantity>0.000000</in_Quantity.quantity><out_Quantity.quantity>243.946439</out_Quantity.quantity></Point><Point><position>1929</position><in_Quantity.quantity>0.000000</in_Quantity.quantity><out_Quantity.quantity>616.492743</out_Quantity.quantity></Point><Point><position>1930</position><in_Quantity.quantity>0.000000</in_Quantity.quantity><out_Quantity.quantity>429.302143</out_Quantity.quantity></Point><Point><position>1931</position><in_Quantity.quantity>0.000000</in_Quantity.quantity><out_Quantity.quantity>499.404327</out_Quantity.quantity></Point><Point><position>1932</position><in_Quantity.quantity>0.000000</in_Quantity.quantity><out_Quantity.quantity>647.719881</out_Quantity.quantity></Point><Point><position>1933</position><in_Quantity.quantity>0.000000</in_Quantity.quantity><out_Quantity.quantity>170.866103</out_Quantity.quantity></Point><Point><position>1934</position><in_Quantity.quantity>0.000000</in_Quantity.quantity><out_Quantity.quantity>474.096739</out_Quantity.quantity></Point><Point><position>1935</position><in_Quantity.quantity>0.000000</in_Quantity.quantity><out_Quantity.quantity>439.968004</out_Quantity.quantity></Point><Point><position>1936</position><in_Quantity.quantity>0.000000</in_Quantity.quantity><out_Quantity.quantity>721.557809</out_Quantity.quantity></Point><Point><position>1937</position><in_Quantity.quantity>0.000000</in_Quantity.quantity><out_Quantity.quantity>310.753486</out_Quantity.quantity></Point><Point><position>1938</position><in_Quantity.quantity>0.000000</in_Quantity.quantity><out_Quantity.quantity>623.954322</out_Quantity.quantity></Point><Point><position>1939</position><in_Quantity.quantity>0.000000</in_Quantity.quantity><out_Quantity.quantity>838.096552</out_Quantity.quantity></Point><Point><position>1940</position><in_Quantity.quantity>0.000000</in_Quantity.quantity><out_Quantity.quantity>746.708643</out_Quantity.quantity></Point><Point><position>1941</position><in_Quantity.quantity>0.000000</in_Quantity.quantity><out_Quantity.quantity>510.050960</out_Quantity.quantity></Point><Point><position>1942</position><in_Quantity.quantity>0.000000</in_Quantity.quantity><out_Quantity.quantity>511.331844</out_Quantity.quantity></Point><Point><position>1943</position><in_Quantity.quantity>0.000000</in_Quantity.quantity><out_Quantity.quantity>703.212330</out_Quantity.quantity></Point><Point><position>1944</position><in_Quantity.quantity>0.000000</in_Quantity.quantity><out_Quantity.quantity>372.998382</out_Quantity.quantity></Point><Point><position>1945</position><in_Quantity.quantity>0.000000</in_Quantity.quantity><out_Quantity.quantity>268.868158</out_Quantity.quantity></Point><Point><position>1946</position><in_Quantity.quantity>0.000000</in_Quantity.quantity><out_Quantity.quantity>825.475569</out_Quantity.quantity></Point><Point><position>1947</position><in_Quantity.quantity>0.000000</in_Quantity.quantity><out_Quantity.quantity>842.931938</out_Quantity.quantity></Point><Point><position>1948</position><in_Quantity.quantity>0.000000</in_Quantity.quantity><out_Quantity.quantity>593.472485</out_Quantity.quantity></Point><Point><position>1949</position><in_Quantity.quantity>0.000000</in_Quantity.quantity><out_Quantity.quantity>323.309346</out_Quantity.quantity></Point><Point><position>1950</position><in_Quantity.quantity>0.000000</in_Quantity.quantity><out_Quantity.quantity>203.012222</out_Quantity.quantity></Point><Point><position>1951</position><in_Quantity.quantity>0.000000</in_Quantity.quantity><out_Quantity.quantity>374.392914</out_Quantity.quantity></Point><Point><position>1952</position><in_Quantity.quantity>0.000000</in_Quantity.quantity><out_Quantity.quantity>308.789111</out_Quantity.quantity></Point><Point><position>1953</position><in_Quantity.quantity>0.000000</in_Quantity.quantity><out_Quantity.quantity>726.931815</out_Quantity.quantity></Point><Point><position>1954</position><in_Quantity.quantity>0.000000</in_Quantity.quantity><out_Quantity.quantity>522.365573</out_Quantity.quantity></Point><Point><position>1955</position><in_Quantity.quantity>0.000000</in_Quantity.quantity><out_Quantity.quantity>605.314951</out_Quantity.quantity></Point><Point><position>1956</position><in_Quantity.quantity>0.000000</in_Quantity.quantity><out_Quantity.quantity>441.563363</out_Quantity.quantity></Point><Point><position>1957</position><in_Quantity.quantity>0.000000</in_Quantity.quantity><out_Quantity.quantity>531.082406</out_Quantity.quantity></Point><Point><position>1958</position><in_Quantity.quantity>0.000000</in_Quantity.quantity><out_Quantity.quantity>397.480699</out_Quantity.quantity></Point><Point><position>1959</position><in_Quantity.quantity>0.000000</in_Quantity.quantity><out_Quantity.quantity>77.231317</out_Quantity.quantity></Point><Point><position>1960</position><in_Quantity.quantity>0.000000</in_Quantity.quantity><out_Quantity.quantity>267.981892</out_Quantity.quantity></Point><Point><position>1961</position><in_Quantity.quantity>0.000000</in_Quantity.quantity><out_Quantity.quantity>386.196314</out_Quantity.quantity></Point><Point><position>1962</position><in_Quantity.quantity>0.000000</in_Quantity.quantity><out_Quantity.quantity>131.521449</out_Quantity.quantity></Point><Point><position>1963</position><in_Quantity.quantity>0.000000</in_Quantity.quantity><out_Quantity.quantity>785.222223</out_Quantity.quantity></Point><Point><position>1964</position><in_Quantity.quantity>0.000000</in_Quantity.quantity><out_Quantity.quantity>482.295387</out_Quantity.quantity></Point><Point><position>1965</position><in_Quantity.quantity>0.000000</in_Quantity.quantity><out_Quantity.quantity>116.146072</out_Quantity.quantity></Point><Point><position>1966</position><in_Quantity.quantity>0.000000</in_Quantity.quantity><out_Quantity.quantity>390.638694</out_Quantity.quantity></Point><Point><position>1967</position><in_Quantity.quantity>0.000000</in_Quantity.quantity><out_Quantity.quantity>82.067295</out_Quantity.quantity></Point><Point><position>1968</position><in_Quantity.quantity>0.000000</in_Quantity.quantity><out_Quantity.quantity>675.084129</out_Quantity.quantity></Point><Point><position>1969</position><in_Quantity.quantity>0.000000</in_Quantity.quantity><out_Quantity.quantity>500.243571</out_Quantity.quantity></Point><Point><position>1970</position><in_Quantity.quantity>0.000000</in_Quantity.quantity><out_Quantity.quantity>883.402574</out_Quantity.quantity></Point><Point><position>1971</position><in_Quantity.quantity>0.000000</in_Quantity.quantity><out_Quantity.quantity>200.858480</out_Quantity.quantity></Point><Point><position>1972</position><in_Quantity.quantity>0.000000</in_Quantity.quantity><out_Quantity.quantity>569.487558</out_Quantity.quantity></Point><Point><position>1973</position><in_Quantity.quantity>0.000000</in_Quantity.quantity><out_Quantity.quantity>963.016863</out_Quantity.quantity></Point><Point><position>1974</position><in_Quantity.quantity>0.000000</in_Quantity.quantity><out_Quantity.quantity>48.090295</out_Quantity.quantity></Point><Point><position>1975</position><in_Quantity.quantity>0.000000</in_Quantity.quantity><out_Quantity.quantity>554.406197</out_Quantity.quantity></Point><Point><position>1976</position><in_Quantity.quantity>0.000000</in_Quantity.quantity><out_Quantity.quantity>741.623653</out_Quantity.quantity></Point><Point><position>1977</position><in_Quantity.quantity>0.000000</in_Quantity.quantity><out_Quantity.quantity>649.943432</out_Quantity.quantity></Point><Point><position>1978</position><in_Quantity.quantity>0.000000</in_Quantity.quantity><out_Quantity.quantity>302.023417</out_Quantity.quantity></Point><Point><position>1979</position><in_Quantity.quantity>0.000000</in_Quantity.quantity><out_Quantity.quantity>155.733023</out_Quantity.quantity></Point><Point><position>1980</position><in_Quantity.quantity>0.000000</in_Quantity.quantity><out_Quantity.quantity>388.746566</out_Quantity.quantity></Point><Point><position>1981</position><in_Quantity.quantity>0.000000</in_Quantity.quantity><out_Quantity.quantity>791.385636</out_Quantity.quantity></Point><Point><position>1982</position><in_Quantity.quantity>0.000000</in_Quantity.quantity><out_Quantity.quantity>996.880211</out_Quantity.quantity></Point><Point><position>1983</position><in_Quantity.quantity>0.000000</in_Quantity.quantity><out_Quantity.quantity>718.419628</out_Quantity.quantity></Point><Point><position>1984</position><in_Quantity.quantity>0.000000</in_Quantity.quantity><out_Quantity.quantity>467.003323</out_Quantity.quantity></Point><Point><position>1985</position><in_Quantity.quantity>0.000000</in_Quantity.quantity><out_Quantity.quantity>782.907045</out_Quantity.quantity></Point><Point><position>1986</position><in_Quantity.quantity>0.000000</in_Quantity.quantity><out_Quantity.quantity>918.331191</out_Quantity.quantity></Point><Point><position>1987</position><in_Quantity.quantity>0.000000</in_Quantity.quantity><out_Quantity.quantity>742.367766</out_Quantity.quantity></Point><Point><position>1988</position><in_Quantity.quantity>0.000000</in_Quantity.quantity><out_Quantity.quantity>266.219210</out_Quantity.quantity></Point><Point><position>1989</position><in_Quantity.quantity>0.000000</in_Quantity.quantity><out_Quantity.quantity>609.733248</out_Quantity.quantity></Point><Point><position>1990</position><in_Quantity.quantity>0.000000</in_Quantity.quantity><out_Quantity.quantity>604.444205</out_Quantity.quantity></Point><Point><position>1991</position><in_Quantity.quantity>0.000000</in_Quantity.quantity><out_Quantity.quantity>111.355005</out_Quantity.quantity></Point><Point><position>1992</position><in_Quantity.quantity>0.000000</in_Quantity.quantity><out_Quantity.quantity>383.066786</out_Quantity.quantity></Point><Point><position>1993</position><in_Quantity.quantity>0.000000</in_Quantity.quantity><out_Quantity.quantity>658.147015</out_Quantity.quantity></Point><Point><position>1994</position><in_Quantity.quantity>0.000000</in_Quantity.quantity><out_Quantity.quantity>400.756232</out_Quantity.quantity></Point><Point><position>1995</position><in_Quantity.quantity>0.000000</in_Quantity.quantity><out_Quantity.quantity>119.659041</out_Quantity.quantity></Point><Point><position>1996</position><in_Quantity.quantity>0.000000</in_Quantity.quantity><out_Quantity.quantity>840.218381</out_Quantity.quantity></Point><Point><position>1997</position><in_Quantity.quantity>0.000000</in_Quantity.quantity><out_Quantity.quantity>410.973949</out_Quantity.quantity></Point><Point><position>1998</position><in_Quantity.quantity>0.000000</in_Quantity.quantity><out_Quantity.quantity>971.404987</out_Quantity.quantity></Point><Point><position>1999</position><in_Quantity.quantity>0.000000</in_Quantity.quantity><out_Quantity.quantity>984.673651</out_Quantity.quantity></Point><Point><position>2000</position><in_Quantity.quantity>0.000000</in_Quantity.quantity><out_Quantity.quantity>215.265621</out_Quantity.quantity></Point><Point><position>2001</position><in_Quantity.quantity>0.000000</in_Quantity.quantity><out_Quantity.quantity>140.413089</out_Quantity.quantity></Point><Point><position>2002</position><in_Quantity.quantity>0.000000</in_Quantity.quantity><out_Quantity.quantity>374.153240</out_Quantity.quantity></Point><Point><position>2003</position><in_Quantity.quantity>0.000000</in_Quantity.quantity><out_Quantity.quantity>226.717466</out_Quantity.quantity></Point><Point><position>2004</position><in_Quantity.quantity>0.000000</in_Quantity.quantity><out_Quantity.quantity>838.029099</out_Quantity.quantity></Point><Point><position>2005</position><in_Quantity.quantity>0.000000</in_Quantity.quantity><out_Quantity.quantity>721.366555</out_Quantity.quantity></Point><Point><position>2006</position><in_Quantity.quantity>0.000000</in_Quantity.quantity><out_Quantity.quantity>930.761079</out_Quantity.quantity></Point><Point><position>2007</position><in_Quantity.quantity>0.000000</in_Quantity.quantity><out_Quantity.quantity>28.725176</out_Quantity.quantity></Point><Point><position>2008</position><in_Quantity.quantity>0.000000</in_Quantity.quantity><out_Quantity.quantity>613.996992</out_Quantity.quantity></Point><Point><position>2009</position><in_Quantity.quantity>0.000000</in_Quantity.quantity><out_Quantity.quantity>929.357820</out_Quantity.quantity></Point><Point><position>2010</position><in_Quantity.quantity>0.000000</in_Quantity.quantity><out_Quantity.quantity>414.768717</out_Quantity.quantity></Point><Point><position>2011</position><in_Quantity.quantity>0.000000</in_Quantity.quantity><out_Quantity.quantity>907.688561</out_Quantity.quantity></Point><Point><position>2012</position><in_Quantity.quantity>0.000000</in_Quantity.quantity><out_Quantity.quantity>563.747645</out_Quantity.quantity></Point><Point><position>2013</position><in_Quantity.quantity>0.000000</in_Quantity.quantity><out_Quantity.quantity>416.666603</out_Quantity.quantity></Point><Point><position>2014</position><in_Quantity.quantity>0.000000</in_Quantity.quantity><out_Quantity.quantity>923.629064</out_Quantity.quantity></Point><Point><position>2015</position><in_Quantity.quantity>0.000000</in_Quantity.quantity><out_Quantity.quantity>265.147223</out_Quantity.quantity></Point><Point><position>2016</position><in_Quantity.quantity>0.000000</in_Quantity.quantity><out_Quantity.quantity>369.991824</out_Quantity.quantity></Point><Point><position>2017</position><in_Quantity.quantity>0.000000</in_Quantity.quantity><out_Quantity.quantity>502.485955</out_Quantity.quantity></Point><Point><position>2018</position><in_Quantity.quantity>0.000000</in_Quantity.quantity><out_Quantity.quantity>639.686303</out_Quantity.quantity></Point><Point><position>2019</position><in_Quantity.quantity>0.000000</in_Quantity.quantity><out_Quantity.quantity>586.074538</out_Quantity.quantity></Point><Point><position>2020</position><in_Quantity.quantity>0.000000</in_Quantity.quantity><out_Quantity.quantity>626.561673</out_Quantity.quantity></Point><Point><position>2021</position><in_Quantity.quantity>0.000000</in_Quantity.quantity><out_Quantity.quantity>82.610249</out_Quantity.quantity></Point><Point><position>2022</position><in_Quantity.quantity>0.000000</in_Quantity.quantity><out_Quantity.quantity>626.689510</out_Quantity.quantity></Point><Point><position>2023</position><in_Quantity.quantity>0.000000</in_Quantity.quantity><out_Quantity.quantity>743.574567</out_Quantity.quantity></Point><Point><position>2024</position><in_Quantity.quantity>0.000000</in_Quantity.quantity><out_Quantity.quantity>583.808113</out_Quantity.quantity></Point><Point><position>2025</position><in_Quantity.quantity>0.000000</in_Quantity.quantity><out_Quantity.quantity>159.370808</out_Quantity.quantity></Point><Point><position>2026</position><in_Quantity.quantity>0.000000</in_Quantity.quantity><out_Quantity.quantity>744.896045</out_Quantity.quantity></Point><Point><position>2027</position><in_Quantity.quantity>0.000000</in_Quantity.quantity><out_Quantity.quantity>338.043305</out_Quantity.quantity></Point><Point><position>2028</position><in_Quantity.quantity>0.000000</in_Quantity.quantity><out_Quantity.quantity>962.352580</out_Quantity.quantity></Point><Point><position>2029</position><in_Quantity.quantity>0.000000</in_Quantity.quantity><out_Quantity.quantity>704.468168</out_Quantity.quantity></Point><Point><position>2030</position><in_Quantity.quantity>0.000000</in_Quantity.quantity><out_Quantity.quantity>635.922242</out_Quantity.quantity></Point><Point><position>2031</position><in_Quantity.quantity>0.000000</in_Quantity.quantity><out_Quantity.quantity>990.813955</out_Quantity.quantity></Point><Point><position>2032</position><in_Quantity.quantity>0.000000</in_Quantity.quantity><out_Quantity.quantity>21.865557</out_Quantity.quantity></Point><Point><position>2033</position><in_Quantity.quantity>0.000000</in_Quantity.quantity><out_Quantity.quantity>647.250949</out_Quantity.quantity></Point><Point><position>2034</position><in_Quantity.quantity>0.000000</in_Quantity.quantity><out_Quantity.quantity>432.632154</out_Quantity.quantity></Point><Point><position>2035</position><in_Quantity.quantity>0.000000</in_Quantity.quantity><out_Quantity.quantity>996.413463</out_Quantity.quantity></Point><Point><position>2036</position><in_Quantity.quantity>0.000000</in_Quantity.quantity><out_Quantity.quantity>820.475588</out_Quantity.quantity></Point><Point><position>2037</position><in_Quantity.quantity>0.000000</in_Quantity.quantity><out_Quantity.quantity>334.149372</out_Quantity.quantity></Point><Point><position>2038</position><in_Quantity.quantity>0.000000</in_Quantity.quantity><out_Quantity.quantity>116.520024</out_Quantity.quantity></Point><Point><position>2039</position><in_Quantity.quantity>0.000000</in_Quantity.quantity><out_Quantity.quantity>933.096373</out_Quantity.quantity></Point><Point><position>2040</position><in_Quantity.quantity>0.000000</in_Quantity.quantity><out_Quantity.quantity>871.704995</out_Quantity.quantity></Point><Point><position>2041</position><in_Quantity.quantity>0.000000</in_Quantity.quantity><out_Quantity.quantity>447.478269</out_Quantity.quantity></Point><Point><position>2042</position><in_Quantity.quantity>0.000000</in_Quantity.quantity><out_Quantity.quantity>121.690392</out_Quantity.quantity></Point><Point><position>2043</position><in_Quantity.quantity>0.000000</in_Quantity.quantity><out_Quantity.quantity>677.816840</out_Quantity.quantity></Point><Point><position>2044</position><in_Quantity.quantity>0.000000</in_Quantity.quantity><out_Quantity.quantity>534.387426</out_Quantity.quantity></Point><Point><position>2045</position><in_Quantity.quantity>0.000000</in_Quantity.quantity><out_Quantity.quantity>241.005010</out_Quantity.quantity></Point><Point><position>2046</position><in_Quantity.quantity>0.000000</in_Quantity.quantity><out_Quantity.quantity>659.974779</out_Quantity.quantity></Point><Point><position>2047</position><in_Quantity.quantity>0.000000</in_Quantity.quantity><out_Quantity.quantity>477.218778</out_Quantity.quantity></Point><Point><position>2048</position><in_Quantity.quantity>0.000000</in_Quantity.quantity><out_Quantity.quantity>291.197967</out_Quantity.quantity></Point><Point><position>2049</position><in_Quantity.quantity>0.000000</in_Quantity.quantity><out_Quantity.quantity>352.829778</out_Quantity.quantity></Point><Point><position>2050</position><in_Quantity.quantity>0.000000</in_Quantity.quantity><out_Quantity.quantity>931.440074</out_Quantity.quantity></Point><Point><position>2051</position><in_Quantity.quantity>0.000000</in_Quantity.quantity><out_Quantity.quantity>947.968110</out_Quantity.quantity></Point><Point><position>2052</position><in_Quantity.quantity>0.000000</in_Quantity.quantity><out_Quantity.quantity>956.891195</out_Quantity.quantity></Point><Point><position>2053</position><in_Quantity.quantity>0.000000</in_Quantity.quantity><out_Quantity.quantity>965.112856</out_Quantity.quantity></Point><Point><position>2054</position><in_Quantity.quantity>0.000000</in_Quantity.quantity><out_Quantity.quantity>681.527641</out_Quantity.quantity></Point><Point><position>2055</position><in_Quantity.quantity>0.000000</in_Quantity.quantity><out_Quantity.quantity>432.807028</out_Quantity.quantity></Point><Point><position>2056</position><in_Quantity.quantity>0.000000</in_Quantity.quantity><out_Quantity.quantity>444.163791</out_Quantity.quantity></Point><Point><position>2057</position><in_Quantity.quantity>0.000000</in_Quantity.quantity><out_Quantity.quantity>67.190036</out_Quantity.quantity></Point><Point><position>2058</position><in_Quantity.quantity>0.000000</in_Quantity.quantity><out_Quantity.quantity>713.667913</out_Quantity.quantity></Point><Point><position>2059</position><in_Quantity.quantity>0.000000</in_Quantity.quantity><out_Quantity.quantity>827.615629</out_Quantity.quantity></Point><Point><position>2060</position><in_Quantity.quantity>0.000000</in_Quantity.quantity><out_Quantity.quantity>334.867974</out_Quantity.quantity></Point><Point><position>2061</position><in_Quantity.quantity>0.000000</in_Quantity.quantity><out_Quantity.quantity>17.703059</out_Quantity.quantity></Point><Point><position>2062</position><in_Quantity.quantity>0.000000</in_Quantity.quantity><out_Quantity.quantity>632.628244</out_Quantity.quantity></Point><Point><position>2063</position><in_Quantity.quantity>0.000000</in_Quantity.quantity><out_Quantity.quantity>796.706220</out_Quantity.quantity></Point><Point><position>2064</position><in_Quantity.quantity>0.000000</in_Quantity.quantity><out_Quantity.quantity>715.309169</out_Quantity.quantity></Point><Point><position>2065</position><in_Quantity.quantity>0.000000</in_Quantity.quantity><out_Quantity.quantity>206.706597</out_Quantity.quantity></Point><Point><position>2066</position><in_Quantity.quantity>0.000000</in_Quantity.quantity><out_Quantity.quantity>321.880116</out_Quantity.quantity></Point><Point><position>2067</position><in_Quantity.quantity>0.000000</in_Quantity.quantity><out_Quantity.quantity>876.248098</out_Quantity.quantity></Point><Point><position>2068</position><in_Quantity.quantity>0.000000</in_Quantity.quantity><out_Quantity.quantity>191.708240</out_Quantity.quantity></Point><Point><position>2069</position><in_Quantity.quantity>0.000000</in_Quantity.quantity><out_Quantity.quantity>913.864963</out_Quantity.quantity></Point><Point><position>2070</position><in_Quantity.quantity>0.000000</in_Quantity.quantity><out_Quantity.quantity>212.736705</out_Quantity.quantity></Point><Point><position>2071</position><in_Quantity.quantity>0.000000</in_Quantity.quantity><out_Quantity.quantity>667.122129</out_Quantity.quantity></Point><Point><position>2072</position><in_Quantity.quantity>0.000000</in_Quantity.quantity><out_Quantity.quantity>42.975439</out_Quantity.quantity></Point><Point><position>2073</position><in_Quantity.quantity>0.000000</in_Quantity.quantity><out_Quantity.quantity>557.064746</out_Quantity.quantity></Point><Point><position>2074</position><in_Quantity.quantity>0.000000</in_Quantity.quantity><out_Quantity.quantity>436.509445</out_Quantity.quantity></Point><Point><position>2075</position><in_Quantity.quantity>0.000000</in_Quantity.quantity><out_Quantity.quantity>817.832932</out_Quantity.quantity></Point><Point><position>2076</position><in_Quantity.quantity>0.000000</in_Quantity.quantity><out_Quantity.quantity>262.863284</out_Quantity.quantity></Point><Point><position>2077</position><in_Quantity.quantity>0.000000</in_Quantity.quantity><out_Quantity.quantity>252.093772</out_Quantity.quantity></Point><Point><position>2078</position><in_Quantity.quantity>0.000000</in_Quantity.quantity><out_Quantity.quantity>755.959233</out_Quantity.quantity></Point><Point><position>2079</position><in_Quantity.quantity>0.000000</in_Quantity.quantity><out_Quantity.quantity>407.029416</out_Quantity.quantity></Point><Point><position>2080</position><in_Quantity.quantity>0.000000</in_Quantity.quantity><out_Quantity.quantity>692.625101</out_Quantity.quantity></Point><Point><position>2081</position><in_Quantity.quantity>0.000000</in_Quantity.quantity><out_Quantity.quantity>308.785227</out_Quantity.quantity></Point><Point><position>2082</position><in_Quantity.quantity>0.000000</in_Quantity.quantity><out_Quantity.quantity>594.148891</out_Quantity.quantity></Point><Point><position>2083</position><in_Quantity.quantity>0.000000</in_Quantity.quantity><out_Quantity.quantity>600.224525</out_Quantity.quantity></Point><Point><position>2084</position><in_Quantity.quantity>0.000000</in_Quantity.quantity><out_Quantity.quantity>61.856002</out_Quantity.quantity></Point><Point><position>2085</position><in_Quantity.quantity>0.000000</in_Quantity.quantity><out_Quantity.quantity>919.483575</out_Quantity.quantity></Point><Point><position>2086</position><in_Quantity.quantity>0.000000</in_Quantity.quantity><out_Quantity.quantity>416.198017</out_Quantity.quantity></Point><Point><position>2087</position><in_Quantity.quantity>0.000000</in_Quantity.quantity><out_Quantity.quantity>716.914613</out_Quantity.quantity></Point><Point><position>2088</position><in_Quantity.quantity>0.000000</in_Quantity.quantity><out_Quantity.quantity>292.834970</out_Quantity.quantity></Point><Point><position>2089</position><in_Quantity.quantity>0.000000</in_Quantity.quantity><out_Quantity.quantity>160.831555</out_Quantity.quantity></Point><Point><position>2090</position><in_Quantity.quantity>0.000000</in_Quantity.quantity><out_Quantity.quantity>210.392649</out_Quantity.quantity></Point><Point><position>2091</position><in_Quantity.quantity>0.000000</in_Quantity.quantity><out_Quantity.quantity>843.964942</out_Quantity.quantity></Point><Point><position>2092</position><in_Quantity.quantity>0.000000</in_Quantity.quantity><out_Quantity.quantity>269.644365</out_Quantity.quantity></Point><Point><position>2093</position><in_Quantity.quantity>0.000000</in_Quantity.quantity><out_Quantity.quantity>599.116752</out_Quantity.quantity></Point><Point><position>2094</position><in_Quantity.quantity>0.000000</in_Quantity.quantity><out_Quantity.quantity>733.146012</out_Quantity.quantity></Point><Point><position>2095</position><in_Quantity.quantity>0.000000</in_Quantity.quantity><out_Quantity.quantity>426.205969</out_Quantity.quantity></Point><Point><position>2096</position><in_Quantity.quantity>0.000000</in_Quantity.quantity><out_Quantity.quantity>288.286195</out_Quantity.quantity></Point><Point><position>2097</position><in_Quantity.quantity>0.000000</in_Quantity.quantity><out_Quantity.quantity>107.349512</out_Quantity.quantity></Point><Point><position>2098</position><in_Quantity.quantity>0.000000</in_Quantity.quantity><out_Quantity.quantity>284.615627</out_Quantity.quantity></Point><Point><position>2099</position><in_Quantity.quantity>0.000000</in_Quantity.quantity><out_Quantity.quantity>4.076686</out_Quantity.quantity></Point><Point><position>2100</position><in_Quantity.quantity>0.000000</in_Quantity.quantity><out_Quantity.quantity>621.170827</out_Quantity.quantity></Point><Point><position>2101</position><in_Quantity.quantity>0.000000</in_Quantity.quantity><out_Quantity.quantity>25.470836</out_Quantity.quantity></Point><Point><position>2102</position><in_Quantity.quantity>0.000000</in_Quantity.quantity><out_Quantity.quantity>814.909341</out_Quantity.quantity></Point><Point><position>2103</position><in_Quantity.quantity>0.000000</in_Quantity.quantity><out_Quantity.quantity>267.572198</out_Quantity.quantity></Point><Point><position>2104</position><in_Quantity.quantity>0.000000</in_Quantity.quantity><out_Quantity.quantity>132.064811</out_Quantity.quantity></Point><Point><position>2105</position><in_Quantity.quantity>0.000000</in_Quantity.quantity><out_Quantity.quantity>253.165942</out_Quantity.quantity></Point><Point><position>2106</position><in_Quantity.quantity>0.000000</in_Quantity.quantity><out_Quantity.quantity>262.645650</out_Quantity.quantity></Point><Point><position>2107</position><in_Quantity.quantity>0.000000</in_Quantity.quantity><out_Quantity.quantity>360.892003</out_Quantity.quantity></Point><Point><position>2108</position><in_Quantity.quantity>0.000000</in_Quantity.quantity><out_Quantity.quantity>247.146702</out_Quantity.quantity></Point><Point><position>2109</position><in_Quantity.quantity>0.000000</in_Quantity.quantity><out_Quantity.quantity>794.634433</out_Quantity.quantity></Point><Point><position>2110</position><in_Quantity.quantity>0.000000</in_Quantity.quantity><out_Quantity.quantity>217.983157</out_Quantity.quantity></Point><Point><position>2111</position><in_Quantity.quantity>0.000000</in_Quantity.quantity><out_Quantity.quantity>102.097456</out_Quantity.quantity></Point><Point><position>2112</position><in_Quantity.quantity>0.000000</in_Quantity.quantity><out_Quantity.quantity>1.310409</out_Quantity.quantity></Point><Point><position>2113</position><in_Quantity.quantity>0.000000</in_Quantity.quantity><out_Quantity.quantity>29.787174</out_Quantity.quantity></Point><Point><position>2114</position><in_Quantity.quantity>0.000000</in_Quantity.quantity><out_Quantity.quantity>917.012508</out_Quantity.quantity></Point><Point><position>2115</position><in_Quantity.quantity>0.000000</in_Quantity.quantity><out_Quantity.quantity>318.987634</out_Quantity.quantity></Point><Point><position>2116</position><in_Quantity.quantity>0.000000</in_Quantity.quantity><out_Quantity.quantity>628.405816</out_Quantity.quantity></Point><Point><position>2117</position><in_Quantity.quantity>0.000000</in_Quantity.quantity><out_Quantity.quantity>882.436150</out_Quantity.quantity></Point><Point><position>2118</position><in_Quantity.quantity>0.000000</in_Quantity.quantity><out_Quantity.quantity>50.485722</out_Quantity.quantity></Point><Point><position>2119</position><in_Quantity.quantity>0.000000</in_Quantity.quantity><out_Quantity.quantity>802.050963</out_Quantity.quantity></Point><Point><position>2120</position><in_Quantity.quantity>0.000000</in_Quantity.quantity><out_Quantity.quantity>930.802218</out_Quantity.quantity></Point><Point><position>2121</position><in_Quantity.quantity>0.000000</in_Quantity.quantity><out_Quantity.quantity>935.313701</out_Quantity.quantity></Point><Point><position>2122</position><in_Quantity.quantity>0.000000</in_Quantity.quantity><out_Quantity.quantity>428.222424</out_Quantity.quantity></Point><Point><position>2123</position><in_Quantity.quantity>0.000000</in_Quantity.quantity><out_Quantity.quantity>813.496917</out_Quantity.quantity></Point><Point><position>2124</position><in_Quantity.quantity>0.000000</in_Quantity.quantity><out_Quantity.quantity>254.872467</out_Quantity.quantity></Point><Point><position>2125</position><in_Quantity.quantity>0.000000</in_Quantity.quantity><out_Quantity.quantity>434.580100</out_Quantity.quantity></Point><Point><position>2126</position><in_Quantity.quantity>0.000000</in_Quantity.quantity><out_Quantity.quantity>597.165057</out_Quantity.quantity></Point><Point><position>2127</position><in_Quantity.quantity>0.000000</in_Quantity.quantity><out_Quantity.quantity>94.887468</out_Quantity.quantity></Point><Point><position>2128</position><in_Quantity.quantity>0.000000</in_Quantity.quantity><out_Quantity.quantity>936.687047</out_Quantity.quantity></Point><Point><position>2129</position><in_Quantity.quantity>0.000000</in_Quantity.quantity><out_Quantity.quantity>428.207682</out_Quantity.quantity></Point><Point><position>2130</position><in_Quantity.quantity>0.000000</in_Quantity.quantity><out_Quantity.quantity>609.163757</out_Quantity.quantity></Point><Point><position>2131</position><in_Quantity.quantity>0.000000</in_Quantity.quantity><out_Quantity.quantity>837.540925</out_Quantity.quantity></Point><Point><position>2132</position><in_Quantity.quantity>0.000000</in_Quantity.quantity><out_Quantity.quantity>932.591780</out_Quantity.quantity></Point><Point><position>2133</position><in_Quantity.quantity>0.000000</in_Quantity.quantity><out_Quantity.quantity>590.826127</out_Quantity.quantity></Point><Point><position>2134</position><in_Quantity.quantity>0.000000</in_Quantity.quantity><out_Quantity.quantity>892.501909</out_Quantity.quantity></Point><Point><position>2135</position><in_Quantity.quantity>0.000000</in_Quantity.quantity><out_Quantity.quantity>477.966101</out_Quantity.quantity></Point><Point><position>2136</position><in_Quantity.quantity>0.000000</in_Quantity.quantity><out_Quantity.quantity>483.229016</out_Quantity.quantity></Point><Point><position>2137</position><in_Quantity.quantity>0.000000</in_Quantity.quantity><out_Quantity.quantity>884.326228</out_Quantity.quantity></Point><Point><position>2138</position><in_Quantity.quantity>0.000000</in_Quantity.quantity><out_Quantity.quantity>195.177181</out_Quantity.quantity></Point><Point><position>2139</position><in_Quantity.quantity>0.000000</in_Quantity.quantity><out_Quantity.quantity>454.363760</out_Quantity.quantity></Point><Point><position>2140</position><in_Quantity.quantity>0.000000</in_Quantity.quantity><out_Quantity.quantity>96.331108</out_Quantity.quantity></Point><Point><position>2141</position><in_Quantity.quantity>0.000000</in_Quantity.quantity><out_Quantity.quantity>635.606613</out_Quantity.quantity></Point><Point><position>2142</position><in_Quantity.quantity>0.000000</in_Quantity.quantity><out_Quantity.quantity>97.837282</out_Quantity.quantity></Point><Point><position>2143</position><in_Quantity.quantity>0.000000</in_Quantity.quantity><out_Quantity.quantity>48.751366</out_Quantity.quantity></Point><Point><position>2144</position><in_Quantity.quantity>0.000000</in_Quantity.quantity><out_Quantity.quantity>60.389790</out_Quantity.quantity></Point><Point><position>2145</position><in_Quantity.quantity>0.000000</in_Quantity.quantity><out_Quantity.quantity>591.351677</out_Quantity.quantity></Point><Point><position>2146</position><in_Quantity.quantity>0.000000</in_Quantity.quantity><out_Quantity.quantity>990.390933</out_Quantity.quantity></Point><Point><position>2147</position><in_Quantity.quantity>0.000000</in_Quantity.quantity><out_Quantity.quantity>807.442883</out_Quantity.quantity></Point><Point><position>2148</position><in_Quantity.quantity>0.000000</in_Quantity.quantity><out_Quantity.quantity>488.506542</out_Quantity.quantity></Point><Point><position>2149</position><in_Quantity.quantity>0.000000</in_Quantity.quantity><out_Quantity.quantity>507.039384</out_Quantity.quantity></Point><Point><position>2150</position><in_Quantity.quantity>0.000000</in_Quantity.quantity><out_Quantity.quantity>134.108468</out_Quantity.quantity></Point><Point><position>2151</position><in_Quantity.quantity>0.000000</in_Quantity.quantity><out_Quantity.quantity>123.256142</out_Quantity.quantity></Point><Point><position>2152</position><in_Quantity.quantity>0.000000</in_Quantity.quantity><out_Quantity.quantity>621.705216</out_Quantity.quantity></Point><Point><position>2153</position><in_Quantity.quantity>0.000000</in_Quantity.quantity><out_Quantity.quantity>526.095061</out_Quantity.quantity></Point><Point><position>2154</position><in_Quantity.quantity>0.000000</in_Quantity.quantity><out_Quantity.quantity>615.006129</out_Quantity.quantity></Point><Point><position>2155</position><in_Quantity.quantity>0.000000</in_Quantity.quantity><out_Quantity.quantity>718.476948</out_Quantity.quantity></Point><Point><position>2156</position><in_Quantity.quantity>0.000000</in_Quantity.quantity><out_Quantity.quantity>168.191484</out_Quantity.quantity></Point><Point><position>2157</position><in_Quantity.quantity>0.000000</in_Quantity.quantity><out_Quantity.quantity>440.823542</out_Quantity.quantity></Point><Point><position>2158</position><in_Quantity.quantity>0.000000</in_Quantity.quantity><out_Quantity.quantity>298.860356</out_Quantity.quantity></Point><Point><position>2159</position><in_Quantity.quantity>0.000000</in_Quantity.quantity><out_Quantity.quantity>174.484035</out_Quantity.quantity></Point><Point><position>2160</position><in_Quantity.quantity>0.000000</in_Quantity.quantity><out_Quantity.quantity>569.593071</out_Quantity.quantity></Point><Point><position>2161</position><in_Quantity.quantity>0.000000</in_Quantity.quantity><out_Quantity.quantity>968.305384</out_Quantity.quantity></Point><Point><position>2162</position><in_Quantity.quantity>0.000000</in_Quantity.quantity><out_Quantity.quantity>390.046276</out_Quantity.quantity></Point><Point><position>2163</position><in_Quantity.quantity>0.000000</in_Quantity.quantity><out_Quantity.quantity>582.531467</out_Quantity.quantity></Point><Point><position>2164</position><in_Quantity.quantity>0.000000</in_Quantity.quantity><out_Quantity.quantity>796.316784</out_Quantity.quantity></Point><Point><position>2165</position><in_Quantity.quantity>0.000000</in_Quantity.quantity><out_Quantity.quantity>792.501653</out_Quantity.quantity></Point><Point><position>2166</position><in_Quantity.quantity>0.000000</in_Quantity.quantity><out_Quantity.quantity>798.317472</out_Quantity.quantity></Point><Point><position>2167</position><in_Quantity.quantity>0.000000</in_Quantity.quantity><out_Quantity.quantity>201.215779</out_Quantity.quantity></Point><Point><position>2168</position><in_Quantity.quantity>0.000000</in_Quantity.quantity><out_Quantity.quantity>579.346556</out_Quantity.quantity></Point><Point><position>2169</position><in_Quantity.quantity>0.000000</in_Quantity.quantity><out_Quantity.quantity>914.584081</out_Quantity.quantity></Point><Point><position>2170</position><in_Quantity.quantity>0.000000</in_Quantity.quantity><out_Quantity.quantity>198.140813</out_Quantity.quantity></Point><Point><position>2171</position><in_Quantity.quantity>0.000000</in_Quantity.quantity><out_Quantity.quantity>894.660470</out_Quantity.quantity></Point><Point><position>2172</position><in_Quantity.quantity>0.000000</in_Quantity.quantity><out_Quantity.quantity>736.115185</out_Quantity.quantity></Point><Point><position>2173</position><in_Quantity.quantity>0.000000</in_Quantity.quantity><out_Quantity.quantity>123.302381</out_Quantity.quantity></Point><Point><position>2174</position><in_Quantity.quantity>0.000000</in_Quantity.quantity><out_Quantity.quantity>232.181532</out_Quantity.quantity></Point><Point><position>2175</position><in_Quantity.quantity>0.000000</in_Quantity.quantity><out_Quantity.quantity>720.290740</out_Quantity.quantity></Point><Point><position>2176</position><in_Quantity.quantity>0.000000</in_Quantity.quantity><out_Quantity.quantity>976.720715</out_Quantity.quantity></Point><Point><position>2177</position><in_Quantity.quantity>0.000000</in_Quantity.quantity><out_Quantity.quantity>110.514391</out_Quantity.quantity></Point><Point><position>2178</position><in_Quantity.quantity>0.000000</in_Quantity.quantity><out_Quantity.quantity>678.058332</out_Quantity.quantity></Point><Point><position>2179</position><in_Quantity.quantity>0.000000</in_Quantity.quantity><out_Quantity.quantity>43.357290</out_Quantity.quantity></Point><Point><position>2180</position><in_Quantity.quantity>0.000000</in_Quantity.quantity><out_Quantity.quantity>800.004359</out_Quantity.quantity></Point><Point><position>2181</position><in_Quantity.quantity>0.000000</in_Quantity.quantity><out_Quantity.quantity>541.114247</out_Quantity.quantity></Point><Point><position>2182</position><in_Quantity.quantity>0.000000</in_Quantity.quantity><out_Quantity.quantity>274.657653</out_Quantity.quantity></Point><Point><position>2183</position><in_Quantity.quantity>0.000000</in_Quantity.quantity><out_Quantity.quantity>457.217960</out_Quantity.quantity></Point><Point><position>2184</position><in_Quantity.quantity>0.000000</in_Quantity.quantity><out_Quantity.quantity>242.914966</out_Quantity.quantity></Point><Point><position>2185</position><in_Quantity.quantity>0.000000</in_Quantity.quantity><out_Quantity.quantity>746.257098</out_Quantity.quantity></Point><Point><position>2186</position><in_Quantity.quantity>0.000000</in_Quantity.quantity><out_Quantity.quantity>714.772966</out_Quantity.quantity></Point><Point><position>2187</position><in_Quantity.quantity>0.000000</in_Quantity.quantity><out_Quantity.quantity>187.196322</out_Quantity.quantity></Point><Point><position>2188</position><in_Quantity.quantity>0.000000</in_Quantity.quantity><out_Quantity.quantity>807.154398</out_Quantity.quantity></Point><Point><position>2189</position><in_Quantity.quantity>0.000000</in_Quantity.quantity><out_Quantity.quantity>220.697086</out_Quantity.quantity></Point><Point><position>2190</position><in_Quantity.quantity>0.000000</in_Quantity.quantity><out_Quantity.quantity>105.779564</out_Quantity.quantity></Point><Point><position>2191</position><in_Quantity.quantity>0.000000</in_Quantity.quantity><out_Quantity.quantity>898.513703</out_Quantity.quantity></Point><Point><position>2192</position><in_Quantity.quantity>0.000000</in_Quantity.quantity><out_Quantity.quantity>785.825334</out_Quantity.quantity></Point><Point><position>2193</position><in_Quantity.quantity>0.000000</in_Quantity.quantity><out_Quantity.quantity>1.081582</out_Quantity.quantity></Point><Point><position>2194</position><in_Quantity.quantity>0.000000</in_Quantity.quantity><out_Quantity.quantity>970.085178</out_Quantity.quantity></Point><Point><position>2195</position><in_Quantity.quantity>0.000000</in_Quantity.quantity><out_Quantity.quantity>159.657952</out_Quantity.quantity></Point><Point><position>2196</position><in_Quantity.quantity>0.000000</in_Quantity.quantity><out_Quantity.quantity>41.136859</out_Quantity.quantity></Point><Point><position>2197</position><in_Quantity.quantity>0.000000</in_Quantity.quantity><out_Quantity.quantity>99.899586</out_Quantity.quantity></Point><Point><position>2198</position><in_Quantity.quantity>0.000000</in_Quantity.quantity><out_Quantity.quantity>980.887243</out_Quantity.quantity></Point><Point><position>2199</position><in_Quantity.quantity>0.000000</in_Quantity.quantity><out_Quantity.quantity>355.989515</out_Quantity.quantity></Point><Point><position>2200</position><in_Quantity.quantity>0.000000</in_Quantity.quantity><out_Quantity.quantity>155.210747</out_Quantity.quantity></Point><Point><position>2201</position><in_Quantity.quantity>0.000000</in_Quantity.quantity><out_Quantity.quantity>775.074302</out_Quantity.quantity></Point><Point><position>2202</position><in_Quantity.quantity>0.000000</in_Quantity.quantity><out_Quantity.quantity>296.810636</out_Quantity.quantity></Point><Point><position>2203</position><in_Quantity.quantity>0.000000</in_Quantity.quantity><out_Quantity.quantity>397.854639</out_Quantity.quantity></Point><Point><position>2204</position><in_Quantity.quantity>0.000000</in_Quantity.quantity><out_Quantity.quantity>602.468394</out_Quantity.quantity></Point><Point><position>2205</position><in_Quantity.quantity>0.000000</in_Quantity.quantity><out_Quantity.quantity>813.593314</out_Quantity.quantity></Point><Point><position>2206</position><in_Quantity.quantity>0.000000</in_Quantity.quantity><out_Quantity.quantity>688.220030</out_Quantity.quantity></Point><Point><position>2207</position><in_Quantity.quantity>0.000000</in_Quantity.quantity><out_Quantity.quantity>483.927740</out_Quantity.quantity></Point><Point><position>2208</position><in_Quantity.quantity>0.000000</in_Quantity.quantity><out_Quantity.quantity>50.120633</out_Quantity.quantity></Point><Point><position>2209</position><in_Quantity.quantity>0.000000</in_Quantity.quantity><out_Quantity.quantity>778.601758</out_Quantity.quantity></Point><Point><position>2210</position><in_Quantity.quantity>0.000000</in_Quantity.quantity><out_Quantity.quantity>410.758694</out_Quantity.quantity></Point><Point><position>2211</position><in_Quantity.quantity>0.000000</in_Quantity.quantity><out_Quantity.quantity>914.749957</out_Quantity.quantity></Point><Point><position>2212</position><in_Quantity.quantity>0.000000</in_Quantity.quantity><out_Quantity.quantity>572.200167</out_Quantity.quantity></Point><Point><position>2213</position><in_Quantity.quantity>0.000000</in_Quantity.quantity><out_Quantity.quantity>807.110090</out_Quantity.quantity></Point><Point><position>2214</position><in_Quantity.quantity>0.000000</in_Quantity.quantity><out_Quantity.quantity>876.176911</out_Quantity.quantity></Point><Point><position>2215</position><in_Quantity.quantity>0.000000</in_Quantity.quantity><out_Quantity.quantity>908.297117</out_Quantity.quantity></Point><Point><position>2216</position><in_Quantity.quantity>0.000000</in_Quantity.quantity><out_Quantity.quantity>150.054056</out_Quantity.quantity></Point><Point><position>2217</position><in_Quantity.quantity>0.000000</in_Quantity.quantity><out_Quantity.quantity>139.642970</out_Quantity.quantity></Point><Point><position>2218</position><in_Quantity.quantity>0.000000</in_Quantity.quantity><out_Quantity.quantity>295.380718</out_Quantity.quantity></Point><Point><position>2219</position><in_Quantity.quantity>0.000000</in_Quantity.quantity><out_Quantity.quantity>15.732315</out_Quantity.quantity></Point><Point><position>2220</position><in_Quantity.quantity>0.000000</in_Quantity.quantity><out_Quantity.quantity>523.600237</out_Quantity.quantity></Point><Point><position>2221</position><in_Quantity.quantity>0.000000</in_Quantity.quantity><out_Quantity.quantity>338.273769</out_Quantity.quantity></Point><Point><position>2222</position><in_Quantity.quantity>0.000000</in_Quantity.quantity><out_Quantity.quantity>187.624611</out_Quantity.quantity></Point><Point><position>2223</position><in_Quantity.quantity>0.000000</in_Quantity.quantity><out_Quantity.quantity>307.956066</out_Quantity.quantity></Point><Point><position>2224</position><in_Quantity.quantity>0.000000</in_Quantity.quantity><out_Quantity.quantity>140.928900</out_Quantity.quantity></Point><Point><position>2225</position><in_Quantity.quantity>0.000000</in_Quantity.quantity><out_Quantity.quantity>773.592447</out_Quantity.quantity></Point><Point><position>2226</position><in_Quantity.quantity>0.000000</in_Quantity.quantity><out_Quantity.quantity>191.492961</out_Quantity.quantity></Point><Point><position>2227</position><in_Quantity.quantity>0.000000</in_Quantity.quantity><out_Quantity.quantity>702.403998</out_Quantity.quantity></Point><Point><position>2228</position><in_Quantity.quantity>0.000000</in_Quantity.quantity><out_Quantity.quantity>558.772062</out_Quantity.quantity></Point><Point><position>2229</position><in_Quantity.quantity>0.000000</in_Quantity.quantity><out_Quantity.quantity>49.786545</out_Quantity.quantity></Point><Point><position>2230</position><in_Quantity.quantity>0.000000</in_Quantity.quantity><out_Quantity.quantity>540.808121</out_Quantity.quantity></Point><Point><position>2231</position><in_Quantity.quantity>0.000000</in_Quantity.quantity><out_Quantity.quantity>247.818556</out_Quantity.quantity></Point><Point><position>2232</position><in_Quantity.quantity>0.000000</in_Quantity.quantity><out_Quantity.quantity>229.448126</out_Quantity.quantity></Point><Point><position>2233</position><in_Quantity.quantity>0.000000</in_Quantity.quantity><out_Quantity.quantity>631.907657</out_Quantity.quantity></Point><Point><position>2234</position><in_Quantity.quantity>0.000000</in_Quantity.quantity><out_Quantity.quantity>899.617668</out_Quantity.quantity></Point><Point><position>2235</position><in_Quantity.quantity>0.000000</in_Quantity.quantity><out_Quantity.quantity>374.273892</out_Quantity.quantity></Point><Point><position>2236</position><in_Quantity.quantity>0.000000</in_Quantity.quantity><out_Quantity.quantity>102.784156</out_Quantity.quantity></Point><Point><position>2237</position><in_Quantity.quantity>0.000000</in_Quantity.quantity><out_Quantity.quantity>125.215692</out_Quantity.quantity></Point><Point><position>2238</position><in_Quantity.quantity>0.000000</in_Quantity.quantity><out_Quantity.quantity>76.492003</out_Quantity.quantity></Point><Point><position>2239</position><in_Quantity.quantity>0.000000</in_Quantity.quantity><out_Quantity.quantity>393.645297</out_Quantity.quantity></Point><Point><position>2240</position><in_Quantity.quantity>0.000000</in_Quantity.quantity><out_Quantity.quantity>471.590210</out_Quantity.quantity></Point><Point><position>2241</position><in_Quantity.quantity>0.000000</in_Quantity.quantity><out_Quantity.quantity>802.061213</out_Quantity.quantity></Point><Point><position>2242</position><in_Quantity.quantity>0.000000</in_Quantity.quantity><out_Quantity.quantity>517.750319</out_Quantity.quantity></Point><Point><position>2243</position><in_Quantity.quantity>0.000000</in_Quantity.quantity><out_Quantity.quantity>916.418673</out_Quantity.quantity></Point><Point><position>2244</position><in_Quantity.quantity>0.000000</in_Quantity.quantity><out_Quantity.quantity>263.199868</out_Quantity.quantity></Point><Point><position>2245</position><in_Quantity.quantity>0.000000</in_Quantity.quantity><out_Quantity.quantity>68.049486</out_Quantity.quantity></Point><Point><position>2246</position><in_Quantity.quantity>0.000000</in_Quantity.quantity><out_Quantity.quantity>894.285583</out_Quantity.quantity></Point><Point><position>2247</position><in_Quantity.quantity>0.000000</in_Quantity.quantity><out_Quantity.quantity>69.520858</out_Quantity.quantity></Point><Point><position>2248</position><in_Quantity.quantity>0.000000</in_Quantity.quantity><out_Quantity.quantity>770.064846</out_Quantity.quantity></Point><Point><position>2249</position><in_Quantity.quantity>0.000000</in_Quantity.quantity><out_Quantity.quantity>708.061796</out_Quantity.quantity></Point><Point><position>2250</position><in_Quantity.quantity>0.000000</in_Quantity.quantity><out_Quantity.quantity>631.936611</out_Quantity.quantity></Point><Point><position>2251</position><in_Quantity.quantity>0.000000</in_Quantity.quantity><out_Quantity.quantity>957.406078</out_Quantity.quantity></Point><Point><position>2252</position><in_Quantity.quantity>0.000000</in_Quantity.quantity><out_Quantity.quantity>590.914641</out_Quantity.quantity></Point><Point><position>2253</position><in_Quantity.quantity>0.000000</in_Quantity.quantity><out_Quantity.quantity>341.794601</out_Quantity.quantity></Point><Point><position>2254</position><in_Quantity.quantity>0.000000</in_Quantity.quantity><out_Quantity.quantity>404.993561</out_Quantity.quantity></Point><Point><position>2255</position><in_Quantity.quantity>0.000000</in_Quantity.quantity><out_Quantity.quantity>248.146167</out_Quantity.quantity></Point><Point><position>2256</position><in_Quantity.quantity>0.000000</in_Quantity.quantity><out_Quantity.quantity>351.404882</out_Quantity.quantity></Point><Point><position>2257</position><in_Quantity.quantity>0.000000</in_Quantity.quantity><out_Quantity.quantity>230.139970</out_Quantity.quantity></Point><Point><position>2258</position><in_Quantity.quantity>0.000000</in_Quantity.quantity><out_Quantity.quantity>692.144791</out_Quantity.quantity></Point><Point><position>2259</position><in_Quantity.quantity>0.000000</in_Quantity.quantity><out_Quantity.quantity>860.806531</out_Quantity.quantity></Point><Point><position>2260</position><in_Quantity.quantity>0.000000</in_Quantity.quantity><out_Quantity.quantity>112.187595</out_Quantity.quantity></Point><Point><position>2261</position><in_Quantity.quantity>0.000000</in_Quantity.quantity><out_Quantity.quantity>61.069979</out_Quantity.quantity></Point><Point><position>2262</position><in_Quantity.quantity>0.000000</in_Quantity.quantity><out_Quantity.quantity>973.328688</out_Quantity.quantity></Point><Point><position>2263</position><in_Quantity.quantity>0.000000</in_Quantity.quantity><out_Quantity.quantity>621.192834</out_Quantity.quantity></Point><Point><position>2264</position><in_Quantity.quantity>0.000000</in_Quantity.quantity><out_Quantity.quantity>686.785691</out_Quantity.quantity></Point><Point><position>2265</position><in_Quantity.quantity>0.000000</in_Quantity.quantity><out_Quantity.quantity>487.622010</out_Quantity.quantity></Point><Point><position>2266</position><in_Quantity.quantity>0.000000</in_Quantity.quantity><out_Quantity.quantity>124.179381</out_Quantity.quantity></Point><Point><position>2267</position><in_Quantity.quantity>0.000000</in_Quantity.quantity><out_Quantity.quantity>502.405126</out_Quantity.quantity></Point><Point><position>2268</position><in_Quantity.quantity>0.000000</in_Quantity.quantity><out_Quantity.quantity>833.205386</out_Quantity.quantity></Point><Point><position>2269</position><in_Quantity.quantity>0.000000</in_Quantity.quantity><out_Quantity.quantity>368.152751</out_Quantity.quantity></Point><Point><position>2270</position><in_Quantity.quantity>0.000000</in_Quantity.quantity><out_Quantity.quantity>91.823096</out_Quantity.quantity></Point><Point><position>2271</position><in_Quantity.quantity>0.000000</in_Quantity.quantity><out_Quantity.quantity>542.188008</out_Quantity.quantity></Point><Point><position>2272</position><in_Quantity.quantity>0.000000</in_Quantity.quantity><out_Quantity.quantity>678.908474</out_Quantity.quantity></Point><Point><position>2273</position><in_Quantity.quantity>0.000000</in_Quantity.quantity><out_Quantity.quantity>721.512831</out_Quantity.quantity></Point><Point><position>2274</position><in_Quantity.quantity>0.000000</in_Quantity.quantity><out_Quantity.quantity>44.377002</out_Quantity.quantity></Point><Point><position>2275</position><in_Quantity.quantity>0.000000</in_Quantity.quantity><out_Quantity.quantity>182.220197</out_Quantity.quantity></Point><Point><position>2276</position><in_Quantity.quantity>0.000000</in_Quantity.quantity><out_Quantity.quantity>746.694465</out_Quantity.quantity></Point><Point><position>2277</position><in_Quantity.quantity>0.000000</in_Quantity.quantity><out_Quantity.quantity>111.385052</out_Quantity.quantity></Point><Point><position>2278</position><in_Quantity.quantity>0.000000</in_Quantity.quantity><out_Quantity.quantity>106.016439</out_Quantity.quantity></Point><Point><position>2279</position><in_Quantity.quantity>0.000000</in_Quantity.quantity><out_Quantity.quantity>893.400214</out_Quantity.quantity></Point><Point><position>2280</position><in_Quantity.quantity>0.000000</in_Quantity.quantity><out_Quantity.quantity>771.672115</out_Quantity.quantity></Point><Point><position>2281</position><in_Quantity.quantity>0.000000</in_Quantity.quantity><out_Quantity.quantity>550.694687</out_Quantity.quantity></Point><Point><position>2282</position><in_Quantity.quantity>0.000000</in_Quantity.quantity><out_Quantity.quantity>311.432976</out_Quantity.quantity></Point><Point><position>2283</position><in_Quantity.quantity>0.000000</in_Quantity.quantity><out_Quantity.quantity>818.688310</out_Quantity.quantity></Point><Point><position>2284</position><in_Quantity.quantity>0.000000</in_Quantity.quantity><out_Quantity.quantity>51.765062</out_Quantity.quantity></Point><Point><position>2285</position><in_Quantity.quantity>0.000000</in_Quantity.quantity><out_Quantity.quantity>617.986680</out_Quantity.quantity></Point><Point><position>2286</position><in_Quantity.quantity>0.000000</in_Quantity.quantity><out_Quantity.quantity>696.722054</out_Quantity.quantity></Point><Point><position>2287</position><in_Quantity.quantity>0.000000</in_Quantity.quantity><out_Quantity.quantity>903.383273</out_Quantity.quantity></Point><Point><position>2288</position><in_Quantity.quantity>0.000000</in_Quantity.quantity><out_Quantity.quantity>55.341817</out_Quantity.quantity></Point><Point><position>2289</position><in_Quantity.quantity>0.000000</in_Quantity.quantity><out_Quantity.quantity>384.409513</out_Quantity.quantity></Point><Point><position>2290</position><in_Quantity.quantity>0.000000</in_Quantity.quantity><out_Quantity.quantity>492.992900</out_Quantity.quantity></Point><Point><position>2291</position><in_Quantity.quantity>0.000000</in_Quantity.quantity><out_Quantity.quantity>532.753583</out_Quantity.quantity></Point><Point><position>2292</position><in_Quantity.quantity>0.000000</in_Quantity.quantity><out_Quantity.quantity>927.267814</out_Quantity.quantity></Point><Point><position>2293</position><in_Quantity.quantity>0.000000</in_Quantity.quantity><out_Quantity.quantity>813.395472</out_Quantity.quantity></Point><Point><position>2294</position><in_Quantity.quantity>0.000000</in_Quantity.quantity><out_Quantity.quantity>506.056544</out_Quantity.quantity></Point><Point><position>2295</position><in_Quantity.quantity>0.000000</in_Quantity.quantity><out_Quantity.quantity>663.502639</out_Quantity.quantity></Point><Point><position>2296</position><in_Quantity.quantity>0.000000</in_Quantity.quantity><out_Quantity.quantity>860.229687</out_Quantity.quantity></Point><Point><position>2297</position><in_Quantity.quantity>0.000000</in_Quantity.quantity><out_Quantity.quantity>983.124167</out_Quantity.quantity></Point><Point><position>2298</position><in_Quantity.quantity>0.000000</in_Quantity.quantity><out_Quantity.quantity>90.264341</out_Quantity.quantity></Point><Point><position>2299</position><in_Quantity.quantity>0.000000</in_Quantity.quantity><out_Quantity.quantity>696.733460</out_Quantity.quantity></Point><Point><position>2300</position><in_Quantity.quantity>0.000000</in_Quantity.quantity><out_Quantity.quantity>422.987922</out_Quantity.quantity></Point><Point><position>2301</position><in_Quantity.quantity>0.000000</in_Quantity.quantity><out_Quantity.quantity>154.381786</out_Quantity.quantity></Point><Point><position>2302</position><in_Quantity.quantity>0.000000</in_Quantity.quantity><out_Quantity.quantity>528.217467</out_Quantity.quantity></Point><Point><position>2303</position><in_Quantity.quantity>0.000000</in_Quantity.quantity><out_Quantity.quantity>48.133598</out_Quantity.quantity></Point><Point><position>2304</position><in_Quantity.quantity>0.000000</in_Quantity.quantity><out_Quantity.quantity>910.794831</out_Quantity.quantity></Point><Point><position>2305</position><in_Quantity.quantity>0.000000</in_Quantity.quantity><out_Quantity.quantity>29.663761</out_Quantity.quantity></Point><Point><position>2306</position><in_Quantity.quantity>0.000000</in_Quantity.quantity><out_Quantity.quantity>493.055673</out_Quantity.quantity></Point><Point><position>2307</position><in_Quantity.quantity>0.000000</in_Quantity.quantity><out_Quantity.quantity>5.526819</out_Quantity.quantity></Point><Point><position>2308</position><in_Quantity.quantity>0.000000</in_Quantity.quantity><out_Quantity.quantity>605.251007</out_Quantity.quantity></Point><Point><position>2309</position><in_Quantity.quantity>0.000000</in_Quantity.quantity><out_Quantity.quantity>137.978229</out_Quantity.quantity></Point><Point><position>2310</position><in_Quantity.quantity>0.000000</in_Quantity.quantity><out_Quantity.quantity>2.902383</out_Quantity.quantity></Point><Point><position>2311</position><in_Quantity.quantity>0.000000</in_Quantity.quantity><out_Quantity.quantity>199.800783</out_Quantity.quantity></Point><Point><position>2312</position><in_Quantity.quantity>0.000000</in_Quantity.quantity><out_Quantity.quantity>730.009523</out_Quantity.quantity></Point><Point><position>2313</position><in_Quantity.quantity>0.000000</in_Quantity.quantity><out_Quantity.quantity>36.007784</out_Quantity.quantity></Point><Point><position>2314</position><in_Quantity.quantity>0.000000</in_Quantity.quantity><out_Quantity.quantity>481.172215</out_Quantity.quantity></Point><Point><position>2315</position><in_Quantity.quantity>0.000000</in_Quantity.quantity><out_Quantity.quantity>808.308658</out_Quantity.quantity></Point><Point><position>2316</position><in_Quantity.quantity>0.000000</in_Quantity.quantity><out_Quantity.quantity>341.174705</out_Quantity.quantity></Point><Point><position>2317</position><in_Quantity.quantity>0.000000</in_Quantity.quantity><out_Quantity.quantity>894.276943</out_Quantity.quantity></Point><Point><position>2318</position><in_Quantity.quantity>0.000000</in_Quantity.quantity><out_Quantity.quantity>775.024873</out_Quantity.quantity></Point><Point><position>2319</position><in_Quantity.quantity>0.000000</in_Quantity.quantity><out_Quantity.quantity>462.800563</out_Quantity.quantity></Point><Point><position>2320</position><in_Quantity.quantity>0.000000</in_Quantity.quantity><out_Quantity.quantity>74.825853</out_Quantity.quantity></Point><Point><position>2321</position><in_Quantity.quantity>0.000000</in_Quantity.quantity><out_Quantity.quantity>112.699887</out_Quantity.quantity></Point><Point><position>2322</position><in_Quantity.quantity>0.000000</in_Quantity.quantity><out_Quantity.quantity>718.196046</out_Quantity.quantity></Point><Point><position>2323</position><in_Quantity.quantity>0.000000</in_Quantity.quantity><out_Quantity.quantity>97.662857</out_Quantity.quantity></Point><Point><position>2324</position><in_Quantity.quantity>0.000000</in_Quantity.quantity><out_Quantity.quantity>412.205618</out_Quantity.quantity></Point><Point><position>2325</position><in_Quantity.quantity>0.000000</in_Quantity.quantity><out_Quantity.quantity>267.651221</out_Quantity.quantity></Point><Point><position>2326</position><in_Quantity.quantity>0.000000</in_Quantity.quantity><out_Quantity.quantity>105.802364</out_Quantity.quantity></Point><Point><position>2327</position><in_Quantity.quantity>0.000000</in_Quantity.quantity><out_Quantity.quantity>749.161645</out_Quantity.quantity></Point><Point><position>2328</position><in_Quantity.quantity>0.000000</in_Quantity.quantity><out_Quantity.quantity>769.354574</out_Quantity.quantity></Point><Point><position>2329</position><in_Quantity.quantity>0.000000</in_Quantity.quantity><out_Quantity.quantity>402.528406</out_Quantity.quantity></Point><Point><position>2330</position><in_Quantity.quantity>0.000000</in_Quantity.quantity><out_Quantity.quantity>27.874193</out_Quantity.quantity></Point><Point><position>2331</position><in_Quantity.quantity>0.000000</in_Quantity.quantity><out_Quantity.quantity>248.603856</out_Quantity.quantity></Point><Point><position>2332</position><in_Quantity.quantity>0.000000</in_Quantity.quantity><out_Quantity.quantity>754.409631</out_Quantity.quantity></Point><Point><position>2333</position><in_Quantity.quantity>0.000000</in_Quantity.quantity><out_Quantity.quantity>287.517935</out_Quantity.quantity></Point><Point><position>2334</position><in_Quantity.quantity>0.000000</in_Quantity.quantity><out_Quantity.quantity>626.918561</out_Quantity.quantity></Point><Point><position>2335</position><in_Quantity.quantity>0.000000</in_Quantity.quantity><out_Quantity.quantity>574.874097</out_Quantity.quantity></Point><Point><position>2336</position><in_Quantity.quantity>0.000000</in_Quantity.quantity><out_Quantity.quantity>353.624563</out_Quantity.quantity></Point><Point><position>2337</position><in_Quantity.quantity>0.000000</in_Quantity.quantity><out_Quantity.quantity>59.643344</out_Quantity.quantity></Point><Point><position>2338</position><in_Quantity.quantity>0.000000</in_Quantity.quantity><out_Quantity.quantity>650.593782</out_Quantity.quantity></Point><Point><position>2339</position><in_Quantity.quantity>0.000000</in_Quantity.quantity><out_Quantity.quantity>409.908321</out_Quantity.quantity></Point><Point><position>2340</position><in_Quantity.quantity>0.000000</in_Quantity.quantity><out_Quantity.quantity>363.868835</out_Quantity.quantity></Point><Point><position>2341</position><in_Quantity.quantity>0.000000</in_Quantity.quantity><out_Quantity.quantity>277.259337</out_Quantity.quantity></Point><Point><position>2342</position><in_Quantity.quantity>0.000000</in_Quantity.quantity><out_Quantity.quantity>84.787316</out_Quantity.quantity></Point><Point><position>2343</position><in_Quantity.quantity>0.000000</in_Quantity.quantity><out_Quantity.quantity>601.296312</out_Quantity.quantity></Point><Point><position>2344</position><in_Quantity.quantity>0.000000</in_Quantity.quantity><out_Quantity.quantity>289.111509</out_Quantity.quantity></Point><Point><position>2345</position><in_Quantity.quantity>0.000000</in_Quantity.quantity><out_Quantity.quantity>324.127872</out_Quantity.quantity></Point><Point><position>2346</position><in_Quantity.quantity>0.000000</in_Quantity.quantity><out_Quantity.quantity>240.035931</out_Quantity.quantity></Point><Point><position>2347</position><in_Quantity.quantity>0.000000</in_Quantity.quantity><out_Quantity.quantity>458.409532</out_Quantity.quantity></Point><Point><position>2348</position><in_Quantity.quantity>0.000000</in_Quantity.quantity><out_Quantity.quantity>262.211644</out_Quantity.quantity></Point><Point><position>2349</position><in_Quantity.quantity>0.000000</in_Quantity.quantity><out_Quantity.quantity>846.393477</out_Quantity.quantity></Point><Point><position>2350</position><in_Quantity.quantity>0.000000</in_Quantity.quantity><out_Quantity.quantity>508.422401</out_Quantity.quantity></Point><Point><position>2351</position><in_Quantity.quantity>0.000000</in_Quantity.quantity><out_Quantity.quantity>417.765320</out_Quantity.quantity></Point><Point><position>2352</position><in_Quantity.quantity>0.000000</in_Quantity.quantity><out_Quantity.quantity>301.051878</out_Quantity.quantity></Point><Point><position>2353</position><in_Quantity.quantity>0.000000</in_Quantity.quantity><out_Quantity.quantity>482.582652</out_Quantity.quantity></Point><Point><position>2354</position><in_Quantity.quantity>0.000000</in_Quantity.quantity><out_Quantity.quantity>458.904882</out_Quantity.quantity></Point><Point><position>2355</position><in_Quantity.quantity>0.000000</in_Quantity.quantity><out_Quantity.quantity>47.603148</out_Quantity.quantity></Point><Point><position>2356</position><in_Quantity.quantity>0.000000</in_Quantity.quantity><out_Quantity.quantity>536.345597</out_Quantity.quantity></Point><Point><position>2357</position><in_Quantity.quantity>0.000000</in_Quantity.quantity><out_Quantity.quantity>842.121681</out_Quantity.quantity></Point><Point><position>2358</position><in_Quantity.quantity>0.000000</in_Quantity.quantity><out_Quantity.quantity>10.196675</out_Quantity.quantity></Point><Point><position>2359</position><in_Quantity.quantity>0.000000</in_Quantity.quantity><out_Quantity.quantity>961.312591</out_Quantity.quantity></Point><Point><position>2360</position><in_Quantity.quantity>0.000000</in_Quantity.quantity><out_Quantity.quantity>339.277263</out_Quantity.quantity></Point><Point><position>2361</position><in_Quantity.quantity>0.000000</in_Quantity.quantity><out_Quantity.quantity>54.956135</out_Quantity.quantity></Point><Point><position>2362</position><in_Quantity.quantity>0.000000</in_Quantity.quantity><out_Quantity.quantity>229.139988</out_Quantity.quantity></Point><Point><position>2363</position><in_Quantity.quantity>0.000000</in_Quantity.quantity><out_Quantity.quantity>69.276879</out_Quantity.quantity></Point><Point><position>2364</position><in_Quantity.quantity>0.000000</in_Quantity.quantity><out_Quantity.quantity>405.363899</out_Quantity.quantity></Point><Point><position>2365</position><in_Quantity.quantity>0.000000</in_Quantity.quantity><out_Quantity.quantity>911.816694</out_Quantity.quantity></Point><Point><position>2366</position><in_Quantity.quantity>0.000000</in_Quantity.quantity><out_Quantity.quantity>731.273084</out_Quantity.quantity></Point><Point><position>2367</position><in_Quantity.quantity>0.000000</in_Quantity.quantity><out_Quantity.quantity>422.929266</out_Quantity.quantity></Point><Point><position>2368</position><in_Quantity.quantity>0.000000</in_Quantity.quantity><out_Quantity.quantity>105.335812</out_Quantity.quantity></Point><Point><position>2369</position><in_Quantity.quantity>0.000000</in_Quantity.quantity><out_Quantity.quantity>736.997990</out_Quantity.quantity></Point><Point><position>2370</position><in_Quantity.quantity>0.000000</in_Quantity.quantity><out_Quantity.quantity>310.536927</out_Quantity.quantity></Point><Point><position>2371</position><in_Quantity.quantity>0.000000</in_Quantity.quantity><out_Quantity.quantity>795.327237</out_Quantity.quantity></Point><Point><position>2372</position><in_Quantity.quantity>0.000000</in_Quantity.quantity><out_Quantity.quantity>137.569852</out_Quantity.quantity></Point><Point><position>2373</position><in_Quantity.quantity>0.000000</in_Quantity.quantity><out_Quantity.quantity>358.795446</out_Quantity.quantity></Point><Point><position>2374</position><in_Quantity.quantity>0.000000</in_Quantity.quantity><out_Quantity.quantity>421.718342</out_Quantity.quantity></Point><Point><position>2375</position><in_Quantity.quantity>0.000000</in_Quantity.quantity><out_Quantity.quantity>160.769518</out_Quantity.quantity></Point><Point><position>2376</position><in_Quantity.quantity>0.000000</in_Quantity.quantity><out_Quantity.quantity>878.931029</out_Quantity.quantity></Point><Point><position>2377</position><in_Quantity.quantity>0.000000</in_Quantity.quantity><out_Quantity.quantity>192.153217</out_Quantity.quantity></Point><Point><position>2378</position><in_Quantity.quantity>0.000000</in_Quantity.quantity><out_Quantity.quantity>57.539459</out_Quantity.quantity></Point><Point><position>2379</position><in_Quantity.quantity>0.000000</in_Quantity.quantity><out_Quantity.quantity>522.035144</out_Quantity.quantity></Point><Point><position>2380</position><in_Quantity.quantity>0.000000</in_Quantity.quantity><out_Quantity.quantity>979.594424</out_Quantity.quantity></Point><Point><position>2381</position><in_Quantity.quantity>0.000000</in_Quantity.quantity><out_Quantity.quantity>755.467776</out_Quantity.quantity></Point><Point><position>2382</position><in_Quantity.quantity>0.000000</in_Quantity.quantity><out_Quantity.quantity>841.462559</out_Quantity.quantity></Point><Point><position>2383</position><in_Quantity.quantity>0.000000</in_Quantity.quantity><out_Quantity.quantity>456.117789</out_Quantity.quantity></Point><Point><position>2384</position><in_Quantity.quantity>0.000000</in_Quantity.quantity><out_Quantity.quantity>31.194654</out_Quantity.quantity></Point><Point><position>2385</position><in_Quantity.quantity>0.000000</in_Quantity.quantity><out_Quantity.quantity>110.247630</out_Quantity.quantity></Point><Point><position>2386</position><in_Quantity.quantity>0.000000</in_Quantity.quantity><out_Quantity.quantity>947.052236</out_Quantity.quantity></Point><Point><position>2387</position><in_Quantity.quantity>0.000000</in_Quantity.quantity><out_Quantity.quantity>771.216851</out_Quantity.quantity></Point><Point><position>2388</position><in_Quantity.quantity>0.000000</in_Quantity.quantity><out_Quantity.quantity>472.889896</out_Quantity.quantity></Point><Point><position>2389</position><in_Quantity.quantity>0.000000</in_Quantity.quantity><out_Quantity.quantity>577.449970</out_Quantity.quantity></Point><Point><position>2390</position><in_Quantity.quantity>0.000000</in_Quantity.quantity><out_Quantity.quantity>232.404706</out_Quantity.quantity></Point><Point><position>2391</position><in_Quantity.quantity>0.000000</in_Quantity.quantity><out_Quantity.quantity>853.459406</out_Quantity.quantity></Point><Point><position>2392</position><in_Quantity.quantity>0.000000</in_Quantity.quantity><out_Quantity.quantity>144.484935</out_Quantity.quantity></Point><Point><position>2393</position><in_Quantity.quantity>0.000000</in_Quantity.quantity><out_Quantity.quantity>99.645905</out_Quantity.quantity></Point><Point><position>2394</position><in_Quantity.quantity>0.000000</in_Quantity.quantity><out_Quantity.quantity>202.831258</out_Quantity.quantity></Point><Point><position>2395</position><in_Quantity.quantity>0.000000</in_Quantity.quantity><out_Quantity.quantity>419.698781</out_Quantity.quantity></Point><Point><position>2396</position><in_Quantity.quantity>0.000000</in_Quantity.quantity><out_Quantity.quantity>956.512924</out_Quantity.quantity></Point><Point><position>2397</position><in_Quantity.quantity>0.000000</in_Quantity.quantity><out_Quantity.quantity>107.097494</out_Quantity.quantity></Point><Point><position>2398</position><in_Quantity.quantity>0.000000</in_Quantity.quantity><out_Quantity.quantity>204.217598</out_Quantity.quantity></Point><Point><position>2399</position><in_Quantity.quantity>0.000000</in_Quantity.quantity><out_Quantity.quantity>434.579285</out_Quantity.quantity></Point><Point><position>2400</position><in_Quantity.quantity>0.000000</in_Quantity.quantity><out_Quantity.quantity>886.543736</out_Quantity.quantity></Point><Point><position>2401</position><in_Quantity.quantity>0.000000</in_Quantity.quantity><out_Quantity.quantity>104.681266</out_Quantity.quantity></Point><Point><position>2402</position><in_Quantity.quantity>0.000000</in_Quantity.quantity><out_Quantity.quantity>185.769097</out_Quantity.quantity></Point><Point><position>2403</position><in_Quantity.quantity>0.000000</in_Quantity.quantity><out_Quantity.quantity>662.275126</out_Quantity.quantity></Point><Point><position>2404</position><in_Quantity.quantity>0.000000</in_Quantity.quantity><out_Quantity.quantity>366.752054</out_Quantity.quantity></Point><Point><position>2405</position><in_Quantity.quantity>0.000000</in_Quantity.quantity><out_Quantity.quantity>782.109878</out_Quantity.quantity></Point><Point><position>2406</position><in_Quantity.quantity>0.000000</in_Quantity.quantity><out_Quantity.quantity>84.724858</out_Quantity.quantity></Point><Point><position>2407</position><in_Quantity.quantity>0.000000</in_Quantity.quantity><out_Quantity.quantity>316.478131</out_Quantity.quantity></Point><Point><position>2408</position><in_Quantity.quantity>0.000000</in_Quantity.quantity><out_Quantity.quantity>888.536591</out_Quantity.quantity></Point><Point><position>2409</position><in_Quantity.quantity>0.000000</in_Quantity.quantity><out_Quantity.quantity>482.358734</out_Quantity.quantity></Point><Point><position>2410</position><in_Quantity.quantity>0.000000</in_Quantity.quantity><out_Quantity.quantity>296.325048</out_Quantity.quantity></Point><Point><position>2411</position><in_Quantity.quantity>0.000000</in_Quantity.quantity><out_Quantity.quantity>785.698424</out_Quantity.quantity></Point><Point><position>2412</position><in_Quantity.quantity>0.000000</in_Quantity.quantity><out_Quantity.quantity>953.120703</out_Quantity.quantity></Point><Point><position>2413</position><in_Quantity.quantity>0.000000</in_Quantity.quantity><out_Quantity.quantity>775.214863</out_Quantity.quantity></Point><Point><position>2414</position><in_Quantity.quantity>0.000000</in_Quantity.quantity><out_Quantity.quantity>553.263946</out_Quantity.quantity></Point><Point><position>2415</position><in_Quantity.quantity>0.000000</in_Quantity.quantity><out_Quantity.quantity>870.146174</out_Quantity.quantity></Point><Point><position>2416</position><in_Quantity.quantity>0.000000</in_Quantity.quantity><out_Quantity.quantity>570.254474</out_Quantity.quantity></Point><Point><position>2417</position><in_Quantity.quantity>0.000000</in_Quantity.quantity><out_Quantity.quantity>467.983213</out_Quantity.quantity></Point><Point><position>2418</position><in_Quantity.quantity>0.000000</in_Quantity.quantity><out_Quantity.quantity>116.772511</out_Quantity.quantity></Point><Point><position>2419</position><in_Quantity.quantity>0.000000</in_Quantity.quantity><out_Quantity.quantity>241.523767</out_Quantity.quantity></Point><Point><position>2420</position><in_Quantity.quantity>0.000000</in_Quantity.quantity><out_Quantity.quantity>435.575065</out_Quantity.quantity></Point><Point><position>2421</position><in_Quantity.quantity>0.000000</in_Quantity.quantity><out_Quantity.quantity>112.913937</out_Quantity.quantity></Point><Point><position>2422</position><in_Quantity.quantity>0.000000</in_Quantity.quantity><out_Quantity.quantity>570.457140</out_Quantity.quantity></Point><Point><position>2423</position><in_Quantity.quantity>0.000000</in_Quantity.quantity><out_Quantity.quantity>291.518392</out_Quantity.quantity></Point><Point><position>2424</position><in_Quantity.quantity>0.000000</in_Quantity.quantity><out_Quantity.quantity>147.767280</out_Quantity.quantity></Point><Point><position>2425</position><in_Quantity.quantity>0.000000</in_Quantity.quantity><out_Quantity.quantity>962.893939</out_Quantity.quantity></Point><Point><position>2426</position><in_Quantity.quantity>0.000000</in_Quantity.quantity><out_Quantity.quantity>790.923636</out_Quantity.quantity></Point><Point><position>2427</position><in_Quantity.quantity>0.000000</in_Quantity.quantity><out_Quantity.quantity>182.426823</out_Quantity.quantity></Point><Point><position>2428</position><in_Quantity.quantity>0.000000</in_Quantity.quantity><out_Quantity.quantity>80.107884</out_Quantity.quantity></Point><Point><position>2429</position><in_Quantity.quantity>0.000000</in_Quantity.quantity><out_Quantity.quantity>489.438625</out_Quantity.quantity></Point><Point><position>2430</position><in_Quantity.quantity>0.000000</in_Quantity.quantity><out_Quantity.quantity>550.270931</out_Quantity.quantity></Point><Point><position>2431</position><in_Quantity.quantity>0.000000</in_Quantity.quantity><out_Quantity.quantity>298.698627</out_Quantity.quantity></Point><Point><position>2432</position><in_Quantity.quantity>0.000000</in_Quantity.quantity><out_Quantity.quantity>25.325867</out_Quantity.quantity></Point><Point><position>2433</position><in_Quantity.quantity>0.000000</in_Quantity.quantity><out_Quantity.quantity>472.743543</out_Quantity.quantity></Point><Point><position>2434</position><in_Quantity.quantity>0.000000</in_Quantity.quantity><out_Quantity.quantity>822.603165</out_Quantity.quantity></Point><Point><position>2435</position><in_Quantity.quantity>0.000000</in_Quantity.quantity><out_Quantity.quantity>765.760304</out_Quantity.quantity></Point><Point><position>2436</position><in_Quantity.quantity>0.000000</in_Quantity.quantity><out_Quantity.quantity>129.649944</out_Quantity.quantity></Point><Point><position>2437</position><in_Quantity.quantity>0.000000</in_Quantity.quantity><out_Quantity.quantity>307.492016</out_Quantity.quantity></Point><Point><position>2438</position><in_Quantity.quantity>0.000000</in_Quantity.quantity><out_Quantity.quantity>992.663726</out_Quantity.quantity></Point><Point><position>2439</position><in_Quantity.quantity>0.000000</in_Quantity.quantity><out_Quantity.quantity>184.942050</out_Quantity.quantity></Point><Point><position>2440</position><in_Quantity.quantity>0.000000</in_Quantity.quantity><out_Quantity.quantity>302.957436</out_Quantity.quantity></Point><Point><position>2441</position><in_Quantity.quantity>0.000000</in_Quantity.quantity><out_Quantity.quantity>149.429504</out_Quantity.quantity></Point><Point><position>2442</position><in_Quantity.quantity>0.000000</in_Quantity.quantity><out_Quantity.quantity>90.823839</out_Quantity.quantity></Point><Point><position>2443</position><in_Quantity.quantity>0.000000</in_Quantity.quantity><out_Quantity.quantity>605.446184</out_Quantity.quantity></Point><Point><position>2444</position><in_Quantity.quantity>0.000000</in_Quantity.quantity><out_Quantity.quantity>913.936897</out_Quantity.quantity></Point><Point><position>2445</position><in_Quantity.quantity>0.000000</in_Quantity.quantity><out_Quantity.quantity>360.858510</out_Quantity.quantity></Point><Point><position>2446</position><in_Quantity.quantity>0.000000</in_Quantity.quantity><out_Quantity.quantity>667.371888</out_Quantity.quantity></Point><Point><position>2447</position><in_Quantity.quantity>0.000000</in_Quantity.quantity><out_Quantity.quantity>262.248218</out_Quantity.quantity></Point><Point><position>2448</position><in_Quantity.quantity>0.000000</in_Quantity.quantity><out_Quantity.quantity>281.977336</out_Quantity.quantity></Point><Point><position>2449</position><in_Quantity.quantity>0.000000</in_Quantity.quantity><out_Quantity.quantity>620.537332</out_Quantity.quantity></Point><Point><position>2450</position><in_Quantity.quantity>0.000000</in_Quantity.quantity><out_Quantity.quantity>353.533752</out_Quantity.quantity></Point><Point><position>2451</position><in_Quantity.quantity>0.000000</in_Quantity.quantity><out_Quantity.quantity>828.370666</out_Quantity.quantity></Point><Point><position>2452</position><in_Quantity.quantity>0.000000</in_Quantity.quantity><out_Quantity.quantity>803.771817</out_Quantity.quantity></Point><Point><position>2453</position><in_Quantity.quantity>0.000000</in_Quantity.quantity><out_Quantity.quantity>202.383288</out_Quantity.quantity></Point><Point><position>2454</position><in_Quantity.quantity>0.000000</in_Quantity.quantity><out_Quantity.quantity>629.885023</out_Quantity.quantity></Point><Point><position>2455</position><in_Quantity.quantity>0.000000</in_Quantity.quantity><out_Quantity.quantity>940.132143</out_Quantity.quantity></Point><Point><position>2456</position><in_Quantity.quantity>0.000000</in_Quantity.quantity><out_Quantity.quantity>523.927215</out_Quantity.quantity></Point><Point><position>2457</position><in_Quantity.quantity>0.000000</in_Quantity.quantity><out_Quantity.quantity>429.042200</out_Quantity.quantity></Point><Point><position>2458</position><in_Quantity.quantity>0.000000</in_Quantity.quantity><out_Quantity.quantity>79.171064</out_Quantity.quantity></Point><Point><position>2459</position><in_Quantity.quantity>0.000000</in_Quantity.quantity><out_Quantity.quantity>955.434425</out_Quantity.quantity></Point><Point><position>2460</position><in_Quantity.quantity>0.000000</in_Quantity.quantity><out_Quantity.quantity>382.378288</out_Quantity.quantity></Point><Point><position>2461</position><in_Quantity.quantity>0.000000</in_Quantity.quantity><out_Quantity.quantity>332.032390</out_Quantity.quantity></Point><Point><position>2462</position><in_Quantity.quantity>0.000000</in_Quantity.quantity><out_Quantity.quantity>118.472363</out_Quantity.quantity></Point><Point><position>2463</position><in_Quantity.quantity>0.000000</in_Quantity.quantity><out_Quantity.quantity>782.170244</out_Quantity.quantity></Point><Point><position>2464</position><in_Quantity.quantity>0.000000</in_Quantity.quantity><out_Quantity.quantity>640.029221</out_Quantity.quantity></Point><Point><position>2465</position><in_Quantity.quantity>0.000000</in_Quantity.quantity><out_Quantity.quantity>183.203376</out_Quantity.quantity></Point><Point><position>2466</position><in_Quantity.quantity>0.000000</in_Quantity.quantity><out_Quantity.quantity>478.012208</out_Quantity.quantity></Point><Point><position>2467</position><in_Quantity.quantity>0.000000</in_Quantity.quantity><out_Quantity.quantity>811.790046</out_Quantity.quantity></Point><Point><position>2468</position><in_Quantity.quantity>0.000000</in_Quantity.quantity><out_Quantity.quantity>120.106435</out_Quantity.quantity></Point><Point><position>2469</position><in_Quantity.quantity>0.000000</in_Quantity.quantity><out_Quantity.quantity>391.059159</out_Quantity.quantity></Point><Point><position>2470</position><in_Quantity.quantity>0.000000</in_Quantity.quantity><out_Quantity.quantity>222.745685</out_Quantity.quantity></Point><Point><position>2471</position><in_Quantity.quantity>0.000000</in_Quantity.quantity><out_Quantity.quantity>658.660302</out_Quantity.quantity></Point><Point><position>2472</position><in_Quantity.quantity>0.000000</in_Quantity.quantity><out_Quantity.quantity>827.541574</out_Quantity.quantity></Point><Point><position>2473</position><in_Quantity.quantity>0.000000</in_Quantity.quantity><out_Quantity.quantity>924.669252</out_Quantity.quantity></Point><Point><position>2474</position><in_Quantity.quantity>0.000000</in_Quantity.quantity><out_Quantity.quantity>65.273067</out_Quantity.quantity></Point><Point><position>2475</position><in_Quantity.quantity>0.000000</in_Quantity.quantity><out_Quantity.quantity>602.847752</out_Quantity.quantity></Point><Point><position>2476</position><in_Quantity.quantity>0.000000</in_Quantity.quantity><out_Quantity.quantity>382.069249</out_Quantity.quantity></Point><Point><position>2477</position><in_Quantity.quantity>0.000000</in_Quantity.quantity><out_Quantity.quantity>190.608713</out_Quantity.quantity></Point><Point><position>2478</position><in_Quantity.quantity>0.000000</in_Quantity.quantity><out_Quantity.quantity>356.984345</out_Quantity.quantity></Point><Point><position>2479</position><in_Quantity.quantity>0.000000</in_Quantity.quantity><out_Quantity.quantity>725.830427</out_Quantity.quantity></Point><Point><position>2480</position><in_Quantity.quantity>0.000000</in_Quantity.quantity><out_Quantity.quantity>362.272638</out_Quantity.quantity></Point><Point><position>2481</position><in_Quantity.quantity>0.000000</in_Quantity.quantity><out_Quantity.quantity>421.435463</out_Quantity.quantity></Point><Point><position>2482</position><in_Quantity.quantity>0.000000</in_Quantity.quantity><out_Quantity.quantity>619.983193</out_Quantity.quantity></Point><Point><position>2483</position><in_Quantity.quantity>0.000000</in_Quantity.quantity><out_Quantity.quantity>512.619293</out_Quantity.quantity></Point><Point><position>2484</position><in_Quantity.quantity>0.000000</in_Quantity.quantity><out_Quantity.quantity>372.606347</out_Quantity.quantity></Point><Point><position>2485</position><in_Quantity.quantity>0.000000</in_Quantity.quantity><out_Quantity.quantity>894.268372</out_Quantity.quantity></Point><Point><position>2486</position><in_Quantity.quantity>0.000000</in_Quantity.quantity><out_Quantity.quantity>747.531731</out_Quantity.quantity></Point><Point><position>2487</position><in_Quantity.quantity>0.000000</in_Quantity.quantity><out_Quantity.quantity>4.417634</out_Quantity.quantity></Point><Point><position>2488</position><in_Quantity.quantity>0.000000</in_Quantity.quantity><out_Quantity.quantity>804.430403</out_Quantity.quantity></Point><Point><position>2489</position><in_Quantity.quantity>0.000000</in_Quantity.quantity><out_Quantity.quantity>917.045375</out_Quantity.quantity></Point><Point><position>2490</position><in_Quantity.quantity>0.000000</in_Quantity.quantity><out_Quantity.quantity>623.185610</out_Quantity.quantity></Point><Point><position>2491</position><in_Quantity.quantity>0.000000</in_Quantity.quantity><out_Quantity.quantity>967.673845</out_Quantity.quantity></Point><Point><position>2492</position><in_Quantity.quantity>0.000000</in_Quantity.quantity><out_Quantity.quantity>330.471565</out_Quantity.quantity></Point><Point><position>2493</position><in_Quantity.quantity>0.000000</in_Quantity.quantity><out_Quantity.quantity>126.092848</out_Quantity.quantity></Point><Point><position>2494</position><in_Quantity.quantity>0.000000</in_Quantity.quantity><out_Quantity.quantity>620.467451</out_Quantity.quantity></Point><Point><position>2495</position><in_Quantity.quantity>0.000000</in_Quantity.quantity><out_Quantity.quantity>961.689541</out_Quantity.quantity></Point><Point><position>2496</position><in_Quantity.quantity>0.000000</in_Quantity.quantity><out_Quantity.quantity>54.935322</out_Quantity.quantity></Point><Point><position>2497</position><in_Quantity.quantity>0.000000</in_Quantity.quantity><out_Quantity.quantity>445.891961</out_Quantity.quantity></Point><Point><position>2498</position><in_Quantity.quantity>0.000000</in_Quantity.quantity><out_Quantity.quantity>57.835951</out_Quantity.quantity></Point><Point><position>2499</position><in_Quantity.quantity>0.000000</in_Quantity.quantity><out_Quantity.quantity>537.568011</out_Quantity.quantity></Point><Point><position>2500</position><in_Quantity.quantity>0.000000</in_Quantity.quantity><out_Quantity.quantity>889.694949</out_Quantity.quantity></Point><Point><position>2501</position><in_Quantity.quantity>0.000000</in_Quantity.quantity><out_Quantity.quantity>350.890958</out_Quantity.quantity></Point><Point><position>2502</position><in_Quantity.quantity>0.000000</in_Quantity.quantity><out_Quantity.quantity>350.362606</out_Quantity.quantity></Point><Point><position>2503</position><in_Quantity.quantity>0.000000</in_Quantity.quantity><out_Quantity.quantity>460.140081</out_Quantity.quantity></Point><Point><position>2504</position><in_Quantity.quantity>0.000000</in_Quantity.quantity><out_Quantity.quantity>148.997261</out_Quantity.quantity></Point><Point><position>2505</position><in_Quantity.quantity>0.000000</in_Quantity.quantity><out_Quantity.quantity>872.951222</out_Quantity.quantity></Point><Point><position>2506</position><in_Quantity.quantity>0.000000</in_Quantity.quantity><out_Quantity.quantity>78.545395</out_Quantity.quantity></Point><Point><position>2507</position><in_Quantity.quantity>0.000000</in_Quantity.quantity><out_Quantity.quantity>845.732732</out_Quantity.quantity></Point><Point><position>2508</position><in_Quantity.quantity>0.000000</in_Quantity.quantity><out_Quantity.quantity>524.894665</out_Quantity.quantity></Point><Point><position>2509</position><in_Quantity.quantity>0.000000</in_Quantity.quantity><out_Quantity.quantity>355.730994</out_Quantity.quantity></Point><Point><position>2510</position><in_Quantity.quantity>0.000000</in_Quantity.quantity><out_Quantity.quantity>278.582638</out_Quantity.quantity></Point><Point><position>2511</position><in_Quantity.quantity>0.000000</in_Quantity.quantity><out_Quantity.quantity>864.637548</out_Quantity.quantity></Point><Point><position>2512</position><in_Quantity.quantity>0.000000</in_Quantity.quantity><out_Quantity.quantity>281.915883</out_Quantity.quantity></Point><Point><position>2513</position><in_Quantity.quantity>0.000000</in_Quantity.quantity><out_Quantity.quantity>303.798306</out_Quantity.quantity></Point><Point><position>2514</position><in_Quantity.quantity>0.000000</in_Quantity.quantity><out_Quantity.quantity>67.360320</out_Quantity.quantity></Point><Point><position>2515</position><in_Quantity.quantity>0.000000</in_Quantity.quantity><out_Quantity.quantity>376.090562</out_Quantity.quantity></Point><Point><position>2516</position><in_Quantity.quantity>0.000000</in_Quantity.quantity><out_Quantity.quantity>148.889562</out_Quantity.quantity></Point><Point><position>2517</position><in_Quantity.quantity>0.000000</in_Quantity.quantity><out_Quantity.quantity>176.808010</out_Quantity.quantity></Point><Point><position>2518</position><in_Quantity.quantity>0.000000</in_Quantity.quantity><out_Quantity.quantity>46.883445</out_Quantity.quantity></Point><Point><position>2519</position><in_Quantity.quantity>0.000000</in_Quantity.quantity><out_Quantity.quantity>778.825785</out_Quantity.quantity></Point><Point><position>2520</position><in_Quantity.quantity>0.000000</in_Quantity.quantity><out_Quantity.quantity>459.364022</out_Quantity.quantity></Point><Point><position>2521</position><in_Quantity.quantity>0.000000</in_Quantity.quantity><out_Quantity.quantity>959.584094</out_Quantity.quantity></Point><Point><position>2522</position><in_Quantity.quantity>0.000000</in_Quantity.quantity><out_Quantity.quantity>828.848659</out_Quantity.quantity></Point><Point><position>2523</position><in_Quantity.quantity>0.000000</in_Quantity.quantity><out_Quantity.quantity>138.287098</out_Quantity.quantity></Point><Point><position>2524</position><in_Quantity.quantity>0.000000</in_Quantity.quantity><out_Quantity.quantity>227.946616</out_Quantity.quantity></Point><Point><position>2525</position><in_Quantity.quantity>0.000000</in_Quantity.quantity><out_Quantity.quantity>149.185171</out_Quantity.quantity></Point><Point><position>2526</position><in_Quantity.quantity>0.000000</in_Quantity.quantity><out_Quantity.quantity>395.945027</out_Quantity.quantity></Point><Point><position>2527</position><in_Quantity.quantity>0.000000</in_Quantity.quantity><out_Quantity.quantity>56.939444</out_Quantity.quantity></Point><Point><position>2528</position><in_Quantity.quantity>0.000000</in_Quantity.quantity><out_Quantity.quantity>474.736175</out_Quantity.quantity></Point><Point><position>2529</position><in_Quantity.quantity>0.000000</in_Quantity.quantity><out_Quantity.quantity>78.538944</out_Quantity.quantity></Point><Point><position>2530</position><in_Quantity.quantity>0.000000</in_Quantity.quantity><out_Quantity.quantity>118.264896</out_Quantity.quantity></Point><Point><position>2531</position><in_Quantity.quantity>0.000000</in_Quantity.quantity><out_Quantity.quantity>360.277296</out_Quantity.quantity></Point><Point><position>2532</position><in_Quantity.quantity>0.000000</in_Quantity.quantity><out_Quantity.quantity>333.917434</out_Quantity.quantity></Point><Point><position>2533</position><in_Quantity.quantity>0.000000</in_Quantity.quantity><out_Quantity.quantity>778.259097</out_Quantity.quantity></Point><Point><position>2534</position><in_Quantity.quantity>0.000000</in_Quantity.quantity><out_Quantity.quantity>973.130383</out_Quantity.quantity></Point><Point><position>2535</position><in_Quantity.quantity>0.000000</in_Quantity.quantity><out_Quantity.quantity>553.492277</out_Quantity.quantity></Point><Point><position>2536</position><in_Quantity.quantity>0.000000</in_Quantity.quantity><out_Quantity.quantity>181.244927</out_Quantity.quantity></Point><Point><position>2537</position><in_Quantity.quantity>0.000000</in_Quantity.quantity><out_Quantity.quantity>891.919619</out_Quantity.quantity></Point><Point><position>2538</position><in_Quantity.quantity>0.000000</in_Quantity.quantity><out_Quantity.quantity>191.005037</out_Quantity.quantity></Point><Point><position>2539</position><in_Quantity.quantity>0.000000</in_Quantity.quantity><out_Quantity.quantity>892.223920</out_Quantity.quantity></Point><Point><position>2540</position><in_Quantity.quantity>0.000000</in_Quantity.quantity><out_Quantity.quantity>519.500201</out_Quantity.quantity></Point><Point><position>2541</position><in_Quantity.quantity>0.000000</in_Quantity.quantity><out_Quantity.quantity>701.488710</out_Quantity.quantity></Point><Point><position>2542</position><in_Quantity.quantity>0.000000</in_Quantity.quantity><out_Quantity.quantity>208.225091</out_Quantity.quantity></Point><Point><position>2543</position><in_Quantity.quantity>0.000000</in_Quantity.quantity><out_Quantity.quantity>611.254682</out_Quantity.quantity></Point><Point><position>2544</position><in_Quantity.quantity>0.000000</in_Quantity.quantity><out_Quantity.quantity>31.308731</out_Quantity.quantity></Point><Point><position>2545</position><in_Quantity.quantity>0.000000</in_Quantity.quantity><out_Quantity.quantity>667.969197</out_Quantity.quantity></Point><Point><position>2546</position><in_Quantity.quantity>0.000000</in_Quantity.quantity><out_Quantity.quantity>161.362093</out_Quantity.quantity></Point><Point><position>2547</position><in_Quantity.quantity>0.000000</in_Quantity.quantity><out_Quantity.quantity>262.687156</out_Quantity.quantity></Point><Point><position>2548</position><in_Quantity.quantity>0.000000</in_Quantity.quantity><out_Quantity.quantity>230.262759</out_Quantity.quantity></Point><Point><position>2549</position><in_Quantity.quantity>0.000000</in_Quantity.quantity><out_Quantity.quantity>757.664645</out_Quantity.quantity></Point><Point><position>2550</position><in_Quantity.quantity>0.000000</in_Quantity.quantity><out_Quantity.quantity>820.174547</out_Quantity.quantity></Point><Point><position>2551</position><in_Quantity.quantity>0.000000</in_Quantity.quantity><out_Quantity.quantity>433.640712</out_Quantity.quantity></Point><Point><position>2552</position><in_Quantity.quantity>0.000000</in_Quantity.quantity><out_Quantity.quantity>448.661613</out_Quantity.quantity></Point><Point><position>2553</position><in_Quantity.quantity>0.000000</in_Quantity.quantity><out_Quantity.quantity>301.377166</out_Quantity.quantity></Point><Point><position>2554</position><in_Quantity.quantity>0.000000</in_Quantity.quantity><out_Quantity.quantity>47.954625</out_Quantity.quantity></Point><Point><position>2555</position><in_Quantity.quantity>0.000000</in_Quantity.quantity><out_Quantity.quantity>667.063159</out_Quantity.quantity></Point><Point><position>2556</position><in_Quantity.quantity>0.000000</in_Quantity.quantity><out_Quantity.quantity>237.354938</out_Quantity.quantity></Point><Point><position>2557</position><in_Quantity.quantity>0.000000</in_Quantity.quantity><out_Quantity.quantity>683.851333</out_Quantity.quantity></Point><Point><position>2558</position><in_Quantity.quantity>0.000000</in_Quantity.quantity><out_Quantity.quantity>188.498127</out_Quantity.quantity></Point><Point><position>2559</position><in_Quantity.quantity>0.000000</in_Quantity.quantity><out_Quantity.quantity>715.865006</out_Quantity.quantity></Point><Point><position>2560</position><in_Quantity.quantity>0.000000</in_Quantity.quantity><out_Quantity.quantity>194.644261</out_Quantity.quantity></Point><Point><position>2561</position><in_Quantity.quantity>0.000000</in_Quantity.quantity><out_Quantity.quantity>18.259638</out_Quantity.quantity></Point><Point><position>2562</position><in_Quantity.quantity>0.000000</in_Quantity.quantity><out_Quantity.quantity>911.911933</out_Quantity.quantity></Point><Point><position>2563</position><in_Quantity.quantity>0.000000</in_Quantity.quantity><out_Quantity.quantity>495.228352</out_Quantity.quantity></Point><Point><position>2564</position><in_Quantity.quantity>0.000000</in_Quantity.quantity><out_Quantity.quantity>747.102400</out_Quantity.quantity></Point><Point><position>2565</position><in_Quantity.quantity>0.000000</in_Quantity.quantity><out_Quantity.quantity>141.960559</out_Quantity.quantity></Point><Point><position>2566</position><in_Quantity.quantity>0.000000</in_Quantity.quantity><out_Quantity.quantity>215.390165</out_Quantity.quantity></Point><Point><position>2567</position><in_Quantity.quantity>0.000000</in_Quantity.quantity><out_Quantity.quantity>42.503898</out_Quantity.quantity></Point><Point><position>2568</position><in_Quantity.quantity>0.000000</in_Quantity.quantity><out_Quantity.quantity>706.148734</out_Quantity.quantity></Point><Point><position>2569</position><in_Quantity.quantity>0.000000</in_Quantity.quantity><out_Quantity.quantity>443.793632</out_Quantity.quantity></Point><Point><position>2570</position><in_Quantity.quantity>0.000000</in_Quantity.quantity><out_Quantity.quantity>560.768601</out_Quantity.quantity></Point><Point><position>2571</position><in_Quantity.quantity>0.000000</in_Quantity.quantity><out_Quantity.quantity>53.601514</out_Quantity.quantity></Point><Point><position>2572</position><in_Quantity.quantity>0.000000</in_Quantity.quantity><out_Quantity.quantity>406.427304</out_Quantity.quantity></Point><Point><position>2573</position><in_Quantity.quantity>0.000000</in_Quantity.quantity><out_Quantity.quantity>506.561257</out_Quantity.quantity></Point><Point><position>2574</position><in_Quantity.quantity>0.000000</in_Quantity.quantity><out_Quantity.quantity>969.673757</out_Quantity.quantity></Point><Point><position>2575</position><in_Quantity.quantity>0.000000</in_Quantity.quantity><out_Quantity.quantity>384.253248</out_Quantity.quantity></Point><Point><position>2576</position><in_Quantity.quantity>0.000000</in_Quantity.quantity><out_Quantity.quantity>910.458931</out_Quantity.quantity></Point><Point><position>2577</position><in_Quantity.quantity>0.000000</in_Quantity.quantity><out_Quantity.quantity>331.301684</out_Quantity.quantity></Point><Point><position>2578</position><in_Quantity.quantity>0.000000</in_Quantity.quantity><out_Quantity.quantity>311.745356</out_Quantity.quantity></Point><Point><position>2579</position><in_Quantity.quantity>0.000000</in_Quantity.quantity><out_Quantity.quantity>394.688534</out_Quantity.quantity></Point><Point><position>2580</position><in_Quantity.quantity>0.000000</in_Quantity.quantity><out_Quantity.quantity>23.535836</out_Quantity.quantity></Point><Point><position>2581</position><in_Quantity.quantity>0.000000</in_Quantity.quantity><out_Quantity.quantity>702.188553</out_Quantity.quantity></Point><Point><position>2582</position><in_Quantity.quantity>0.000000</in_Quantity.quantity><out_Quantity.quantity>217.880877</out_Quantity.quantity></Point><Point><position>2583</position><in_Quantity.quantity>0.000000</in_Quantity.quantity><out_Quantity.quantity>412.661282</out_Quantity.quantity></Point><Point><position>2584</position><in_Quantity.quantity>0.000000</in_Quantity.quantity><out_Quantity.quantity>170.860688</out_Quantity.quantity></Point><Point><position>2585</position><in_Quantity.quantity>0.000000</in_Quantity.quantity><out_Quantity.quantity>246.636244</out_Quantity.quantity></Point><Point><position>2586</position><in_Quantity.quantity>0.000000</in_Quantity.quantity><out_Quantity.quantity>233.993267</out_Quantity.quantity></Point><Point><position>2587</position><in_Quantity.quantity>0.000000</in_Quantity.quantity><out_Quantity.quantity>662.949397</out_Quantity.quantity></Point><Point><position>2588</position><in_Quantity.quantity>0.000000</in_Quantity.quantity><out_Quantity.quantity>110.498142</out_Quantity.quantity></Point><Point><position>2589</position><in_Quantity.quantity>0.000000</in_Quantity.quantity><out_Quantity.quantity>679.851842</out_Quantity.quantity></Point><Point><position>2590</position><in_Quantity.quantity>0.000000</in_Quantity.quantity><out_Quantity.quantity>597.423759</out_Quantity.quantity></Point><Point><position>2591</position><in_Quantity.quantity>0.000000</in_Quantity.quantity><out_Quantity.quantity>176.750558</out_Quantity.quantity></Point><Point><position>2592</position><in_Quantity.quantity>0.000000</in_Quantity.quantity><out_Quantity.quantity>17.826155</out_Quantity.quantity></Point><Point><position>2593</position><in_Quantity.quantity>0.000000</in_Quantity.quantity><out_Quantity.quantity>667.233486</out_Quantity.quantity></Point><Point><position>2594</position><in_Quantity.quantity>0.000000</in_Quantity.quantity><out_Quantity.quantity>919.271725</out_Quantity.quantity></Point><Point><position>2595</position><in_Quantity.quantity>0.000000</in_Quantity.quantity><out_Quantity.quantity>383.483592</out_Quantity.quantity></Point><Point><position>2596</position><in_Quantity.quantity>0.000000</in_Quantity.quantity><out_Quantity.quantity>220.366603</out_Quantity.quantity></Point><Point><position>2597</position><in_Quantity.quantity>0.000000</in_Quantity.quantity><out_Quantity.quantity>934.223834</out_Quantity.quantity></Point><Point><position>2598</position><in_Quantity.quantity>0.000000</in_Quantity.quantity><out_Quantity.quantity>246.037745</out_Quantity.quantity></Point><Point><position>2599</position><in_Quantity.quantity>0.000000</in_Quantity.quantity><out_Quantity.quantity>15.710518</out_Quantity.quantity></Point><Point><position>2600</position><in_Quantity.quantity>0.000000</in_Quantity.quantity><out_Quantity.quantity>252.359221</out_Quantity.quantity></Point><Point><position>2601</position><in_Quantity.quantity>0.000000</in_Quantity.quantity><out_Quantity.quantity>52.168476</out_Quantity.quantity></Point><Point><position>2602</position><in_Quantity.quantity>0.000000</in_Quantity.quantity><out_Quantity.quantity>935.703169</out_Quantity.quantity></Point><Point><position>2603</position><in_Quantity.quantity>0.000000</in_Quantity.quantity><out_Quantity.quantity>947.820030</out_Quantity.quantity></Point><Point><position>2604</position><in_Quantity.quantity>0.000000</in_Quantity.quantity><out_Quantity.quantity>348.318655</out_Quantity.quantity></Point><Point><position>2605</position><in_Quantity.quantity>0.000000</in_Quantity.quantity><out_Quantity.quantity>794.053880</out_Quantity.quantity></Point><Point><position>2606</position><in_Quantity.quantity>0.000000</in_Quantity.quantity><out_Quantity.quantity>147.782023</out_Quantity.quantity></Point><Point><position>2607</position><in_Quantity.quantity>0.000000</in_Quantity.quantity><out_Quantity.quantity>608.059303</out_Quantity.quantity></Point><Point><position>2608</position><in_Quantity.quantity>0.000000</in_Quantity.quantity><out_Quantity.quantity>764.191824</out_Quantity.quantity></Point><Point><position>2609</position><in_Quantity.quantity>0.000000</in_Quantity.quantity><out_Quantity.quantity>445.687552</out_Quantity.quantity></Point><Point><position>2610</position><in_Quantity.quantity>0.000000</in_Quantity.quantity><out_Quantity.quantity>548.270563</out_Quantity.quantity></Point><Point><position>2611</position><in_Quantity.quantity>0.000000</in_Quantity.quantity><out_Quantity.quantity>334.319536</out_Quantity.quantity></Point><Point><position>2612</position><in_Quantity.quantity>0.000000</in_Quantity.quantity><out_Quantity.quantity>839.976686</out_Quantity.quantity></Point><Point><position>2613</position><in_Quantity.quantity>0.000000</in_Quantity.quantity><out_Quantity.quantity>865.799538</out_Quantity.quantity></Point><Point><position>2614</position><in_Quantity.quantity>0.000000</in_Quantity.quantity><out_Quantity.quantity>149.230063</out_Quantity.quantity></Point><Point><position>2615</position><in_Quantity.quantity>0.000000</in_Quantity.quantity><out_Quantity.quantity>347.394904</out_Quantity.quantity></Point><Point><position>2616</position><in_Quantity.quantity>0.000000</in_Quantity.quantity><out_Quantity.quantity>95.157683</out_Quantity.quantity></Point><Point><position>2617</position><in_Quantity.quantity>0.000000</in_Quantity.quantity><out_Quantity.quantity>325.544101</out_Quantity.quantity></Point><Point><position>2618</position><in_Quantity.quantity>0.000000</in_Quantity.quantity><out_Quantity.quantity>20.666248</out_Quantity.quantity></Point><Point><position>2619</position><in_Quantity.quantity>0.000000</in_Quantity.quantity><out_Quantity.quantity>717.013428</out_Quantity.quantity></Point><Point><position>2620</position><in_Quantity.quantity>0.000000</in_Quantity.quantity><out_Quantity.quantity>167.974680</out_Quantity.quantity></Point><Point><position>2621</position><in_Quantity.quantity>0.000000</in_Quantity.quantity><out_Quantity.quantity>199.794706</out_Quantity.quantity></Point><Point><position>2622</position><in_Quantity.quantity>0.000000</in_Quantity.quantity><out_Quantity.quantity>778.539463</out_Quantity.quantity></Point><Point><position>2623</position><in_Quantity.quantity>0.000000</in_Quantity.quantity><out_Quantity.quantity>946.350093</out_Quantity.quantity></Point><Point><position>2624</position><in_Quantity.quantity>0.000000</in_Quantity.quantity><out_Quantity.quantity>164.369012</out_Quantity.quantity></Point><Point><position>2625</position><in_Quantity.quantity>0.000000</in_Quantity.quantity><out_Quantity.quantity>860.575424</out_Quantity.quantity></Point><Point><position>2626</position><in_Quantity.quantity>0.000000</in_Quantity.quantity><out_Quantity.quantity>74.433616</out_Quantity.quantity></Point><Point><position>2627</position><in_Quantity.quantity>0.000000</in_Quantity.quantity><out_Quantity.quantity>35.216588</out_Quantity.quantity></Point><Point><position>2628</position><in_Quantity.quantity>0.000000</in_Quantity.quantity><out_Quantity.quantity>335.139668</out_Quantity.quantity></Point><Point><position>2629</position><in_Quantity.quantity>0.000000</in_Quantity.quantity><out_Quantity.quantity>227.005455</out_Quantity.quantity></Point><Point><position>2630</position><in_Quantity.quantity>0.000000</in_Quantity.quantity><out_Quantity.quantity>473.584466</out_Quantity.quantity></Point><Point><position>2631</position><in_Quantity.quantity>0.000000</in_Quantity.quantity><out_Quantity.quantity>49.013912</out_Quantity.quantity></Point><Point><position>2632</position><in_Quantity.quantity>0.000000</in_Quantity.quantity><out_Quantity.quantity>347.177990</out_Quantity.quantity></Point><Point><position>2633</position><in_Quantity.quantity>0.000000</in_Quantity.quantity><out_Quantity.quantity>677.744350</out_Quantity.quantity></Point><Point><position>2634</position><in_Quantity.quantity>0.000000</in_Quantity.quantity><out_Quantity.quantity>730.947310</out_Quantity.quantity></Point><Point><position>2635</position><in_Quantity.quantity>0.000000</in_Quantity.quantity><out_Quantity.quantity>113.725740</out_Quantity.quantity></Point><Point><position>2636</position><in_Quantity.quantity>0.000000</in_Quantity.quantity><out_Quantity.quantity>783.503653</out_Quantity.quantity></Point><Point><position>2637</position><in_Quantity.quantity>0.000000</in_Quantity.quantity><out_Quantity.quantity>160.326059</out_Quantity.quantity></Point><Point><position>2638</position><in_Quantity.quantity>0.000000</in_Quantity.quantity><out_Quantity.quantity>317.133501</out_Quantity.quantity></Point><Point><position>2639</position><in_Quantity.quantity>0.000000</in_Quantity.quantity><out_Quantity.quantity>663.888070</out_Quantity.quantity></Point><Point><position>2640</position><in_Quantity.quantity>0.000000</in_Quantity.quantity><out_Quantity.quantity>128.394858</out_Quantity.quantity></Point><Point><position>2641</position><in_Quantity.quantity>0.000000</in_Quantity.quantity><out_Quantity.quantity>740.572456</out_Quantity.quantity></Point><Point><position>2642</position><in_Quantity.quantity>0.000000</in_Quantity.quantity><out_Quantity.quantity>614.436627</out_Quantity.quantity></Point><Point><position>2643</position><in_Quantity.quantity>0.000000</in_Quantity.quantity><out_Quantity.quantity>740.210719</out_Quantity.quantity></Point><Point><position>2644</position><in_Quantity.quantity>0.000000</in_Quantity.quantity><out_Quantity.quantity>26.655224</out_Quantity.quantity></Point><Point><position>2645</position><in_Quantity.quantity>0.000000</in_Quantity.quantity><out_Quantity.quantity>487.676721</out_Quantity.quantity></Point><Point><position>2646</position><in_Quantity.quantity>0.000000</in_Quantity.quantity><out_Quantity.quantity>302.573391</out_Quantity.quantity></Point><Point><position>2647</position><in_Quantity.quantity>0.000000</in_Quantity.quantity><out_Quantity.quantity>979.957794</out_Quantity.quantity></Point><Point><position>2648</position><in_Quantity.quantity>0.000000</in_Quantity.quantity><out_Quantity.quantity>349.499901</out_Quantity.quantity></Point><Point><position>2649</position><in_Quantity.quantity>0.000000</in_Quantity.quantity><out_Quantity.quantity>646.109901</out_Quantity.quantity></Point><Point><position>2650</position><in_Quantity.quantity>0.000000</in_Quantity.quantity><out_Quantity.quantity>628.064533</out_Quantity.quantity></Point><Point><position>2651</position><in_Quantity.quantity>0.000000</in_Quantity.quantity><out_Quantity.quantity>434.528520</out_Quantity.quantity></Point><Point><position>2652</position><in_Quantity.quantity>0.000000</in_Quantity.quantity><out_Quantity.quantity>526.051134</out_Quantity.quantity></Point><Point><position>2653</position><in_Quantity.quantity>0.000000</in_Quantity.quantity><out_Quantity.quantity>444.019298</out_Quantity.quantity></Point><Point><position>2654</position><in_Quantity.quantity>0.000000</in_Quantity.quantity><out_Quantity.quantity>388.395838</out_Quantity.quantity></Point><Point><position>2655</position><in_Quantity.quantity>0.000000</in_Quantity.quantity><out_Quantity.quantity>185.639484</out_Quantity.quantity></Point><Point><position>2656</position><in_Quantity.quantity>0.000000</in_Quantity.quantity><out_Quantity.quantity>47.232840</out_Quantity.quantity></Point><Point><position>2657</position><in_Quantity.quantity>0.000000</in_Quantity.quantity><out_Quantity.quantity>192.601054</out_Quantity.quantity></Point><Point><position>2658</position><in_Quantity.quantity>0.000000</in_Quantity.quantity><out_Quantity.quantity>703.201273</out_Quantity.quantity></Point><Point><position>2659</position><in_Quantity.quantity>0.000000</in_Quantity.quantity><out_Quantity.quantity>272.516873</out_Quantity.quantity></Point><Point><position>2660</position><in_Quantity.quantity>0.000000</in_Quantity.quantity><out_Quantity.quantity>170.518221</out_Quantity.quantity></Point><Point><position>2661</position><in_Quantity.quantity>0.000000</in_Quantity.quantity><out_Quantity.quantity>23.075717</out_Quantity.quantity></Point><Point><position>2662</position><in_Quantity.quantity>0.000000</in_Quantity.quantity><out_Quantity.quantity>420.140845</out_Quantity.quantity></Point><Point><position>2663</position><in_Quantity.quantity>0.000000</in_Quantity.quantity><out_Quantity.quantity>999.615051</out_Quantity.quantity></Point><Point><position>2664</position><in_Quantity.quantity>0.000000</in_Quantity.quantity><out_Quantity.quantity>312.930891</out_Quantity.quantity></Point><Point><position>2665</position><in_Quantity.quantity>0.000000</in_Quantity.quantity><out_Quantity.quantity>774.634609</out_Quantity.quantity></Point><Point><position>2666</position><in_Quantity.quantity>0.000000</in_Quantity.quantity><out_Quantity.quantity>883.192752</out_Quantity.quantity></Point><Point><position>2667</position><in_Quantity.quantity>0.000000</in_Quantity.quantity><out_Quantity.quantity>676.302654</out_Quantity.quantity></Point><Point><position>2668</position><in_Quantity.quantity>0.000000</in_Quantity.quantity><out_Quantity.quantity>211.406671</out_Quantity.quantity></Point><Point><position>2669</position><in_Quantity.quantity>0.000000</in_Quantity.quantity><out_Quantity.quantity>50.505701</out_Quantity.quantity></Point><Point><position>2670</position><in_Quantity.quantity>0.000000</in_Quantity.quantity><out_Quantity.quantity>545.641202</out_Quantity.quantity></Point><Point><position>2671</position><in_Quantity.quantity>0.000000</in_Quantity.quantity><out_Quantity.quantity>808.207907</out_Quantity.quantity></Point><Point><position>2672</position><in_Quantity.quantity>0.000000</in_Quantity.quantity><out_Quantity.quantity>448.143341</out_Quantity.quantity></Point><Point><position>2673</position><in_Quantity.quantity>0.000000</in_Quantity.quantity><out_Quantity.quantity>933.681635</out_Quantity.quantity></Point><Point><position>2674</position><in_Quantity.quantity>0.000000</in_Quantity.quantity><out_Quantity.quantity>514.890171</out_Quantity.quantity></Point><Point><position>2675</position><in_Quantity.quantity>0.000000</in_Quantity.quantity><out_Quantity.quantity>173.609817</out_Quantity.quantity></Point><Point><position>2676</position><in_Quantity.quantity>0.000000</in_Quantity.quantity><out_Quantity.quantity>831.645849</out_Quantity.quantity></Point><Point><position>2677</position><in_Quantity.quantity>0.000000</in_Quantity.quantity><out_Quantity.quantity>428.562538</out_Quantity.quantity></Point><Point><position>2678</position><in_Quantity.quantity>0.000000</in_Quantity.quantity><out_Quantity.quantity>627.138070</out_Quantity.quantity></Point><Point><position>2679</position><in_Quantity.quantity>0.000000</in_Quantity.quantity><out_Quantity.quantity>235.903919</out_Quantity.quantity></Point><Point><position>2680</position><in_Quantity.quantity>0.000000</in_Quantity.quantity><out_Quantity.quantity>565.065091</out_Quantity.quantity></Point><Point><position>2681</position><in_Quantity.quantity>0.000000</in_Quantity.quantity><out_Quantity.quantity>709.864459</out_Quantity.quantity></Point><Point><position>2682</position><in_Quantity.quantity>0.000000</in_Quantity.quantity><out_Quantity.quantity>173.383250</out_Quantity.quantity></Point><Point><position>2683</position><in_Quantity.quantity>0.000000</in_Quantity.quantity><out_Quantity.quantity>696.319398</out_Quantity.quantity></Point><Point><position>2684</position><in_Quantity.quantity>0.000000</in_Quantity.quantity><out_Quantity.quantity>473.192126</out_Quantity.quantity></Point><Point><position>2685</position><in_Quantity.quantity>0.000000</in_Quantity.quantity><out_Quantity.quantity>609.400050</out_Quantity.quantity></Point><Point><position>2686</position><in_Quantity.quantity>0.000000</in_Quantity.quantity><out_Quantity.quantity>552.415819</out_Quantity.quantity></Point><Point><position>2687</position><in_Quantity.quantity>0.000000</in_Quantity.quantity><out_Quantity.quantity>726.207526</out_Quantity.quantity></Point><Point><position>2688</position><in_Quantity.quantity>0.000000</in_Quantity.quantity><out_Quantity.quantity>716.371732</out_Quantity.quantity></Point><Point><position>2689</position><in_Quantity.quantity>0.000000</in_Quantity.quantity><out_Quantity.quantity>938.069606</out_Quantity.quantity></Point><Point><position>2690</position><in_Quantity.quantity>0.000000</in_Quantity.quantity><out_Quantity.quantity>532.660265</out_Quantity.quantity></Point><Point><position>2691</position><in_Quantity.quantity>0.000000</in_Quantity.quantity><out_Quantity.quantity>505.168275</out_Quantity.quantity></Point><Point><position>2692</position><in_Quantity.quantity>0.000000</in_Quantity.quantity><out_Quantity.quantity>770.680078</out_Quantity.quantity></Point><Point><position>2693</position><in_Quantity.quantity>0.000000</in_Quantity.quantity><out_Quantity.quantity>187.789583</out_Quantity.quantity></Point><Point><position>2694</position><in_Quantity.quantity>0.000000</in_Quantity.quantity><out_Quantity.quantity>8.732837</out_Quantity.quantity></Point><Point><position>2695</position><in_Quantity.quantity>0.000000</in_Quantity.quantity><out_Quantity.quantity>772.815464</out_Quantity.quantity></Point><Point><position>2696</position><in_Quantity.quantity>0.000000</in_Quantity.quantity><out_Quantity.quantity>70.154483</out_Quantity.quantity></Point><Point><position>2697</position><in_Quantity.quantity>0.000000</in_Quantity.quantity><out_Quantity.quantity>237.462324</out_Quantity.quantity></Point><Point><position>2698</position><in_Quantity.quantity>0.000000</in_Quantity.quantity><out_Quantity.quantity>27.114228</out_Quantity.quantity></Point><Point><position>2699</position><in_Quantity.quantity>0.000000</in_Quantity.quantity><out_Quantity.quantity>702.392766</out_Quantity.quantity></Point><Point><position>2700</position><in_Quantity.quantity>0.000000</in_Quantity.quantity><out_Quantity.quantity>550.359352</out_Quantity.quantity></Point><Point><position>2701</position><in_Quantity.quantity>0.000000</in_Quantity.quantity><out_Quantity.quantity>173.092803</out_Quantity.quantity></Point><Point><position>2702</position><in_Quantity.quantity>0.000000</in_Quantity.quantity><out_Quantity.quantity>175.336765</out_Quantity.quantity></Point><Point><position>2703</position><in_Quantity.quantity>0.000000</in_Quantity.quantity><out_Quantity.quantity>239.297143</out_Quantity.quantity></Point><Point><position>2704</position><in_Quantity.quantity>0.000000</in_Quantity.quantity><out_Quantity.quantity>192.025507</out_Quantity.quantity></Point><Point><position>2705</position><in_Quantity.quantity>0.000000</in_Quantity.quantity><out_Quantity.quantity>15.976104</out_Quantity.quantity></Point><Point><position>2706</position><in_Quantity.quantity>0.000000</in_Quantity.quantity><out_Quantity.quantity>622.027252</out_Quantity.quantity></Point><Point><position>2707</position><in_Quantity.quantity>0.000000</in_Quantity.quantity><out_Quantity.quantity>670.230943</out_Quantity.quantity></Point><Point><position>2708</position><in_Quantity.quantity>0.000000</in_Quantity.quantity><out_Quantity.quantity>231.915618</out_Quantity.quantity></Point><Point><position>2709</position><in_Quantity.quantity>0.000000</in_Quantity.quantity><out_Quantity.quantity>72.689531</out_Quantity.quantity></Point><Point><position>2710</position><in_Quantity.quantity>0.000000</in_Quantity.quantity><out_Quantity.quantity>849.525675</out_Quantity.quantity></Point><Point><position>2711</position><in_Quantity.quantity>0.000000</in_Quantity.quantity><out_Quantity.quantity>372.451230</out_Quantity.quantity></Point><Point><position>2712</position><in_Quantity.quantity>0.000000</in_Quantity.quantity><out_Quantity.quantity>464.481280</out_Quantity.quantity></Point><Point><position>2713</position><in_Quantity.quantity>0.000000</in_Quantity.quantity><out_Quantity.quantity>745.390432</out_Quantity.quantity></Point><Point><position>2714</position><in_Quantity.quantity>0.000000</in_Quantity.quantity><out_Quantity.quantity>491.947411</out_Quantity.quantity></Point><Point><position>2715</position><in_Quantity.quantity>0.000000</in_Quantity.quantity><out_Quantity.quantity>601.927370</out_Quantity.quantity></Point><Point><position>2716</position><in_Quantity.quantity>0.000000</in_Quantity.quantity><out_Quantity.quantity>869.463118</out_Quantity.quantity></Point><Point><position>2717</position><in_Quantity.quantity>0.000000</in_Quantity.quantity><out_Quantity.quantity>372.618888</out_Quantity.quantity></Point><Point><position>2718</position><in_Quantity.quantity>0.000000</in_Quantity.quantity><out_Quantity.quantity>811.826736</out_Quantity.quantity></Point><Point><position>2719</position><in_Quantity.quantity>0.000000</in_Quantity.quantity><out_Quantity.quantity>199.320036</out_Quantity.quantity></Point><Point><position>2720</position><in_Quantity.quantity>0.000000</in_Quantity.quantity><out_Quantity.quantity>448.034128</out_Quantity.quantity></Point><Point><position>2721</position><in_Quantity.quantity>0.000000</in_Quantity.quantity><out_Quantity.quantity>699.377378</out_Quantity.quantity></Point><Point><position>2722</position><in_Quantity.quantity>0.000000</in_Quantity.quantity><out_Quantity.quantity>403.865312</out_Quantity.quantity></Point><Point><position>2723</position><in_Quantity.quantity>0.000000</in_Quantity.quantity><out_Quantity.quantity>565.737674</out_Quantity.quantity></Point><Point><position>2724</position><in_Quantity.quantity>0.000000</in_Quantity.quantity><out_Quantity.quantity>922.070350</out_Quantity.quantity></Point><Point><position>2725</position><in_Quantity.quantity>0.000000</in_Quantity.quantity><out_Quantity.quantity>81.501707</out_Quantity.quantity></Point><Point><position>2726</position><in_Quantity.quantity>0.000000</in_Quantity.quantity><out_Quantity.quantity>294.372881</out_Quantity.quantity></Point><Point><position>2727</position><in_Quantity.quantity>0.000000</in_Quantity.quantity><out_Quantity.quantity>335.048164</out_Quantity.quantity></Point><Point><position>2728</position><in_Quantity.quantity>0.000000</in_Quantity.quantity><out_Quantity.quantity>947.348561</out_Quantity.quantity></Point><Point><position>2729</position><in_Quantity.quantity>0.000000</in_Quantity.quantity><out_Quantity.quantity>252.005445</out_Quantity.quantity></Point><Point><position>2730</position><in_Quantity.quantity>0.000000</in_Quantity.quantity><out_Quantity.quantity>956.422732</out_Quantity.quantity></Point><Point><position>2731</position><in_Quantity.quantity>0.000000</in_Quantity.quantity><out_Quantity.quantity>129.179698</out_Quantity.quantity></Point><Point><position>2732</position><in_Quantity.quantity>0.000000</in_Quantity.quantity><out_Quantity.quantity>930.820724</out_Quantity.quantity></Point><Point><position>2733</position><in_Quantity.quantity>0.000000</in_Quantity.quantity><out_Quantity.quantity>678.246266</out_Quantity.quantity></Point><Point><position>2734</position><in_Quantity.quantity>0.000000</in_Quantity.quantity><out_Quantity.quantity>528.056284</out_Quantity.quantity></Point><Point><position>2735</position><in_Quantity.quantity>0.000000</in_Quantity.quantity><out_Quantity.quantity>775.627479</out_Quantity.quantity></Point><Point><position>2736</position><in_Quantity.quantity>0.000000</in_Quantity.quantity><out_Quantity.quantity>606.239171</out_Quantity.quantity></Point><Point><position>2737</position><in_Quantity.quantity>0.000000</in_Quantity.quantity><out_Quantity.quantity>200.896284</out_Quantity.quantity></Point><Point><position>2738</position><in_Quantity.quantity>0.000000</in_Quantity.quantity><out_Quantity.quantity>388.167148</out_Quantity.quantity></Point><Point><position>2739</position><in_Quantity.quantity>0.000000</in_Quantity.quantity><out_Quantity.quantity>39.331267</out_Quantity.quantity></Point><Point><position>2740</position><in_Quantity.quantity>0.000000</in_Quantity.quantity><out_Quantity.quantity>402.318273</out_Quantity.quantity></Point><Point><position>2741</position><in_Quantity.quantity>0.000000</in_Quantity.quantity><out_Quantity.quantity>416.315413</out_Quantity.quantity></Point><Point><position>2742</position><in_Quantity.quantity>0.000000</in_Quantity.quantity><out_Quantity.quantity>876.482250</out_Quantity.quantity></Point><Point><position>2743</position><in_Quantity.quantity>0.000000</in_Quantity.quantity><out_Quantity.quantity>81.776356</out_Quantity.quantity></Point><Point><position>2744</position><in_Quantity.quantity>0.000000</in_Quantity.quantity><out_Quantity.quantity>234.581019</out_Quantity.quantity></Point><Point><position>2745</position><in_Quantity.quantity>0.000000</in_Quantity.quantity><out_Quantity.quantity>273.973958</out_Quantity.quantity></Point><Point><position>2746</position><in_Quantity.quantity>0.000000</in_Quantity.quantity><out_Quantity.quantity>390.157147</out_Quantity.quantity></Point><Point><position>2747</position><in_Quantity.quantity>0.000000</in_Quantity.quantity><out_Quantity.quantity>433.956036</out_Quantity.quantity></Point><Point><position>2748</position><in_Quantity.quantity>0.000000</in_Quantity.quantity><out_Quantity.quantity>236.906331</out_Quantity.quantity></Point><Point><position>2749</position><in_Quantity.quantity>0.000000</in_Quantity.quantity><out_Quantity.quantity>598.067816</out_Quantity.quantity></Point><Point><position>2750</position><in_Quantity.quantity>0.000000</in_Quantity.quantity><out_Quantity.quantity>866.761032</out_Quantity.quantity></Point><Point><position>2751</position><in_Quantity.quantity>0.000000</in_Quantity.quantity><out_Quantity.quantity>270.978505</out_Quantity.quantity></Point><Point><position>2752</position><in_Quantity.quantity>0.000000</in_Quantity.quantity><out_Quantity.quantity>68.906700</out_Quantity.quantity></Point><Point><position>2753</position><in_Quantity.quantity>0.000000</in_Quantity.quantity><out_Quantity.quantity>189.291269</out_Quantity.quantity></Point><Point><position>2754</position><in_Quantity.quantity>0.000000</in_Quantity.quantity><out_Quantity.quantity>538.746212</out_Quantity.quantity></Point><Point><position>2755</position><in_Quantity.quantity>0.000000</in_Quantity.quantity><out_Quantity.quantity>585.547556</out_Quantity.quantity></Point><Point><position>2756</position><in_Quantity.quantity>0.000000</in_Quantity.quantity><out_Quantity.quantity>533.125434</out_Quantity.quantity></Point><Point><position>2757</position><in_Quantity.quantity>0.000000</in_Quantity.quantity><out_Quantity.quantity>947.539053</out_Quantity.quantity></Point><Point><position>2758</position><in_Quantity.quantity>0.000000</in_Quantity.quantity><out_Quantity.quantity>962.629370</out_Quantity.quantity></Point><Point><position>2759</position><in_Quantity.quantity>0.000000</in_Quantity.quantity><out_Quantity.quantity>574.334121</out_Quantity.quantity></Point><Point><position>2760</position><in_Quantity.quantity>0.000000</in_Quantity.quantity><out_Quantity.quantity>818.421045</out_Quantity.quantity></Point><Point><position>2761</position><in_Quantity.quantity>0.000000</in_Quantity.quantity><out_Quantity.quantity>137.740021</out_Quantity.quantity></Point><Point><position>2762</position><in_Quantity.quantity>0.000000</in_Quantity.quantity><out_Quantity.quantity>112.747261</out_Quantity.quantity></Point><Point><position>2763</position><in_Quantity.quantity>0.000000</in_Quantity.quantity><out_Quantity.quantity>623.072842</out_Quantity.quantity></Point><Point><position>2764</position><in_Quantity.quantity>0.000000</in_Quantity.quantity><out_Quantity.quantity>886.102416</out_Quantity.quantity></Point><Point><position>2765</position><in_Quantity.quantity>0.000000</in_Quantity.quantity><out_Quantity.quantity>672.839752</out_Quantity.quantity></Point><Point><position>2766</position><in_Quantity.quantity>0.000000</in_Quantity.quantity><out_Quantity.quantity>325.478176</out_Quantity.quantity></Point><Point><position>2767</position><in_Quantity.quantity>0.000000</in_Quantity.quantity><out_Quantity.quantity>845.495126</out_Quantity.quantity></Point><Point><position>2768</position><in_Quantity.quantity>0.000000</in_Quantity.quantity><out_Quantity.quantity>741.294186</out_Quantity.quantity></Point><Point><position>2769</position><in_Quantity.quantity>0.000000</in_Quantity.quantity><out_Quantity.quantity>250.595226</out_Quantity.quantity></Point><Point><position>2770</position><in_Quantity.quantity>0.000000</in_Quantity.quantity><out_Quantity.quantity>452.756948</out_Quantity.quantity></Point><Point><position>2771</position><in_Quantity.quantity>0.000000</in_Quantity.quantity><out_Quantity.quantity>473.549039</out_Quantity.quantity></Point><Point><position>2772</position><in_Quantity.quantity>0.000000</in_Quantity.quantity><out_Quantity.quantity>534.047173</out_Quantity.quantity></Point><Point><position>2773</position><in_Quantity.quantity>0.000000</in_Quantity.quantity><out_Quantity.quantity>983.167201</out_Quantity.quantity></Point><Point><position>2774</position><in_Quantity.quantity>0.000000</in_Quantity.quantity><out_Quantity.quantity>424.063751</out_Quantity.quantity></Point><Point><position>2775</position><in_Quantity.quantity>0.000000</in_Quantity.quantity><out_Quantity.quantity>162.563699</out_Quantity.quantity></Point><Point><position>2776</position><in_Quantity.quantity>0.000000</in_Quantity.quantity><out_Quantity.quantity>428.299646</out_Quantity.quantity></Point><Point><position>2777</position><in_Quantity.quantity>0.000000</in_Quantity.quantity><out_Quantity.quantity>211.964801</out_Quantity.quantity></Point><Point><position>2778</position><in_Quantity.quantity>0.000000</in_Quantity.quantity><out_Quantity.quantity>598.198420</out_Quantity.quantity></Point><Point><position>2779</position><in_Quantity.quantity>0.000000</in_Quantity.quantity><out_Quantity.quantity>853.393429</out_Quantity.quantity></Point><Point><position>2780</position><in_Quantity.quantity>0.000000</in_Quantity.quantity><out_Quantity.quantity>292.333762</out_Quantity.quantity></Point><Point><position>2781</position><in_Quantity.quantity>0.000000</in_Quantity.quantity><out_Quantity.quantity>347.162634</out_Quantity.quantity></Point><Point><position>2782</position><in_Quantity.quantity>0.000000</in_Quantity.quantity><out_Quantity.quantity>985.809718</out_Quantity.quantity></Point><Point><position>2783</position><in_Quantity.quantity>0.000000</in_Quantity.quantity><out_Quantity.quantity>402.538175</out_Quantity.quantity></Point><Point><position>2784</position><in_Quantity.quantity>0.000000</in_Quantity.quantity><out_Quantity.quantity>853.345224</out_Quantity.quantity></Point><Point><position>2785</position><in_Quantity.quantity>0.000000</in_Quantity.quantity><out_Quantity.quantity>213.464042</out_Quantity.quantity></Point><Point><position>2786</position><in_Quantity.quantity>0.000000</in_Quantity.quantity><out_Quantity.quantity>182.473814</out_Quantity.quantity></Point><Point><position>2787</position><in_Quantity.quantity>0.000000</in_Quantity.quantity><out_Quantity.quantity>215.743077</out_Quantity.quantity></Point><Point><position>2788</position><in_Quantity.quantity>0.000000</in_Quantity.quantity><out_Quantity.quantity>683.146309</out_Quantity.quantity></Point><Point><position>2789</position><in_Quantity.quantity>0.000000</in_Quantity.quantity><out_Quantity.quantity>417.714503</out_Quantity.quantity></Point><Point><position>2790</position><in_Quantity.quantity>0.000000</in_Quantity.quantity><out_Quantity.quantity>606.063888</out_Quantity.quantity></Point><Point><position>2791</position><in_Quantity.quantity>0.000000</in_Quantity.quantity><out_Quantity.quantity>931.880932</out_Quantity.quantity></Point><Point><position>2792</position><in_Quantity.quantity>0.000000</in_Quantity.quantity><out_Quantity.quantity>965.682551</out_Quantity.quantity></Point><Point><position>2793</position><in_Quantity.quantity>0.000000</in_Quantity.quantity><out_Quantity.quantity>489.064740</out_Quantity.quantity></Point><Point><position>2794</position><in_Quantity.quantity>0.000000</in_Quantity.quantity><out_Quantity.quantity>66.412576</out_Quantity.quantity></Point><Point><position>2795</position><in_Quantity.quantity>0.000000</in_Quantity.quantity><out_Quantity.quantity>791.736583</out_Quantity.quantity></Point><Point><position>2796</position><in_Quantity.quantity>0.000000</in_Quantity.quantity><out_Quantity.quantity>730.339580</out_Quantity.quantity></Point><Point><position>2797</position><in_Quantity.quantity>0.000000</in_Quantity.quantity><out_Quantity.quantity>123.598719</out_Quantity.quantity></Point><Point><position>2798</position><in_Quantity.quantity>0.000000</in_Quantity.quantity><out_Quantity.quantity>727.695986</out_Quantity.quantity></Point><Point><position>2799</position><in_Quantity.quantity>0.000000</in_Quantity.quantity><out_Quantity.quantity>273.815240</out_Quantity.quantity></Point><Point><position>2800</position><in_Quantity.quantity>0.000000</in_Quantity.quantity><out_Quantity.quantity>903.740234</out_Quantity.quantity></Point><Point><position>2801</position><in_Quantity.quantity>0.000000</in_Quantity.quantity><out_Quantity.quantity>113.392436</out_Quantity.quantity></Point><Point><position>2802</position><in_Quantity.quantity>0.000000</in_Quantity.quantity><out_Quantity.quantity>302.961005</out_Quantity.quantity></Point><Point><position>2803</position><in_Quantity.quantity>0.000000</in_Quantity.quantity><out_Quantity.quantity>355.347723</out_Quantity.quantity></Point><Point><position>2804</position><in_Quantity.quantity>0.000000</in_Quantity.quantity><out_Quantity.quantity>209.380158</out_Quantity.quantity></Point><Point><position>2805</position><in_Quantity.quantity>0.000000</in_Quantity.quantity><out_Quantity.quantity>353.296765</out_Quantity.quantity></Point><Point><position>2806</position><in_Quantity.quantity>0.000000</in_Quantity.quantity><out_Quantity.quantity>278.617491</out_Quantity.quantity></Point><Point><position>2807</position><in_Quantity.quantity>0.000000</in_Quantity.quantity><out_Quantity.quantity>986.224085</out_Quantity.quantity></Point><Point><position>2808</position><in_Quantity.quantity>0.000000</in_Quantity.quantity><out_Quantity.quantity>968.328243</out_Quantity.quantity></Point><Point><position>2809</position><in_Quantity.quantity>0.000000</in_Quantity.quantity><out_Quantity.quantity>68.055118</out_Quantity.quantity></Point><Point><position>2810</position><in_Quantity.quantity>0.000000</in_Quantity.quantity><out_Quantity.quantity>599.465082</out_Quantity.quantity></Point><Point><position>2811</position><in_Quantity.quantity>0.000000</in_Quantity.quantity><out_Quantity.quantity>337.890585</out_Quantity.quantity></Point><Point><position>2812</position><in_Quantity.quantity>0.000000</in_Quantity.quantity><out_Quantity.quantity>179.357157</out_Quantity.quantity></Point><Point><position>2813</position><in_Quantity.quantity>0.000000</in_Quantity.quantity><out_Quantity.quantity>532.316714</out_Quantity.quantity></Point><Point><position>2814</position><in_Quantity.quantity>0.000000</in_Quantity.quantity><out_Quantity.quantity>920.414282</out_Quantity.quantity></Point><Point><position>2815</position><in_Quantity.quantity>0.000000</in_Quantity.quantity><out_Quantity.quantity>189.040180</out_Quantity.quantity></Point><Point><position>2816</position><in_Quantity.quantity>0.000000</in_Quantity.quantity><out_Quantity.quantity>837.379926</out_Quantity.quantity></Point><Point><position>2817</position><in_Quantity.quantity>0.000000</in_Quantity.quantity><out_Quantity.quantity>875.038664</out_Quantity.quantity></Point><Point><position>2818</position><in_Quantity.quantity>0.000000</in_Quantity.quantity><out_Quantity.quantity>246.376075</out_Quantity.quantity></Point><Point><position>2819</position><in_Quantity.quantity>0.000000</in_Quantity.quantity><out_Quantity.quantity>870.865965</out_Quantity.quantity></Point><Point><position>2820</position><in_Quantity.quantity>0.000000</in_Quantity.quantity><out_Quantity.quantity>918.103797</out_Quantity.quantity></Point><Point><position>2821</position><in_Quantity.quantity>0.000000</in_Quantity.quantity><out_Quantity.quantity>411.180662</out_Quantity.quantity></Point><Point><position>2822</position><in_Quantity.quantity>0.000000</in_Quantity.quantity><out_Quantity.quantity>317.459811</out_Quantity.quantity></Point><Point><position>2823</position><in_Quantity.quantity>0.000000</in_Quantity.quantity><out_Quantity.quantity>393.708371</out_Quantity.quantity></Point><Point><position>2824</position><in_Quantity.quantity>0.000000</in_Quantity.quantity><out_Quantity.quantity>953.817164</out_Quantity.quantity></Point><Point><position>2825</position><in_Quantity.quantity>0.000000</in_Quantity.quantity><out_Quantity.quantity>10.664169</out_Quantity.quantity></Point><Point><position>2826</position><in_Quantity.quantity>0.000000</in_Quantity.quantity><out_Quantity.quantity>65.988974</out_Quantity.quantity></Point><Point><position>2827</position><in_Quantity.quantity>0.000000</in_Quantity.quantity><out_Quantity.quantity>892.477367</out_Quantity.quantity></Point><Point><position>2828</position><in_Quantity.quantity>0.000000</in_Quantity.quantity><out_Quantity.quantity>767.368648</out_Quantity.quantity></Point><Point><position>2829</position><in_Quantity.quantity>0.000000</in_Quantity.quantity><out_Quantity.quantity>442.775248</out_Quantity.quantity></Point><Point><position>2830</position><in_Quantity.quantity>0.000000</in_Quantity.quantity><out_Quantity.quantity>271.194256</out_Quantity.quantity></Point><Point><position>2831</position><in_Quantity.quantity>0.000000</in_Quantity.quantity><out_Quantity.quantity>482.255318</out_Quantity.quantity></Point><Point><position>2832</position><in_Quantity.quantity>0.000000</in_Quantity.quantity><out_Quantity.quantity>911.553904</out_Quantity.quantity></Point><Point><position>2833</position><in_Quantity.quantity>0.000000</in_Quantity.quantity><out_Quantity.quantity>199.708728</out_Quantity.quantity></Point><Point><position>2834</position><in_Quantity.quantity>0.000000</in_Quantity.quantity><out_Quantity.quantity>332.585999</out_Quantity.quantity></Point><Point><position>2835</position><in_Quantity.quantity>0.000000</in_Quantity.quantity><out_Quantity.quantity>258.053095</out_Quantity.quantity></Point><Point><position>2836</position><in_Quantity.quantity>0.000000</in_Quantity.quantity><out_Quantity.quantity>597.815679</out_Quantity.quantity></Point><Point><position>2837</position><in_Quantity.quantity>0.000000</in_Quantity.quantity><out_Quantity.quantity>159.169964</out_Quantity.quantity></Point><Point><position>2838</position><in_Quantity.quantity>0.000000</in_Quantity.quantity><out_Quantity.quantity>75.460877</out_Quantity.quantity></Point><Point><position>2839</position><in_Quantity.quantity>0.000000</in_Quantity.quantity><out_Quantity.quantity>868.656802</out_Quantity.quantity></Point><Point><position>2840</position><in_Quantity.quantity>0.000000</in_Quantity.quantity><out_Quantity.quantity>251.720856</out_Quantity.quantity></Point><Point><position>2841</position><in_Quantity.quantity>0.000000</in_Quantity.quantity><out_Quantity.quantity>799.177533</out_Quantity.quantity></Point><Point><position>2842</position><in_Quantity.quantity>0.000000</in_Quantity.quantity><out_Quantity.quantity>794.096968</out_Quantity.quantity></Point><Point><position>2843</position><in_Quantity.quantity>0.000000</in_Quantity.quantity><out_Quantity.quantity>434.551163</out_Quantity.quantity></Point><Point><position>2844</position><in_Quantity.quantity>0.000000</in_Quantity.quantity><out_Quantity.quantity>550.537425</out_Quantity.quantity></Point><Point><position>2845</position><in_Quantity.quantity>0.000000</in_Quantity.quantity><out_Quantity.quantity>293.824134</out_Quantity.quantity></Point><Point><position>2846</position><in_Quantity.quantity>0.000000</in_Quantity.quantity><out_Quantity.quantity>848.441258</out_Quantity.quantity></Point><Point><position>2847</position><in_Quantity.quantity>0.000000</in_Quantity.quantity><out_Quantity.quantity>854.636462</out_Quantity.quantity></Point><Point><position>2848</position><in_Quantity.quantity>0.000000</in_Quantity.quantity><out_Quantity.quantity>661.907119</out_Quantity.quantity></Point><Point><position>2849</position><in_Quantity.quantity>0.000000</in_Quantity.quantity><out_Quantity.quantity>377.816847</out_Quantity.quantity></Point><Point><position>2850</position><in_Quantity.quantity>0.000000</in_Quantity.quantity><out_Quantity.quantity>698.429815</out_Quantity.quantity></Point><Point><position>2851</position><in_Quantity.quantity>0.000000</in_Quantity.quantity><out_Quantity.quantity>695.933502</out_Quantity.quantity></Point><Point><position>2852</position><in_Quantity.quantity>0.000000</in_Quantity.quantity><out_Quantity.quantity>868.691940</out_Quantity.quantity></Point><Point><position>2853</position><in_Quantity.quantity>0.000000</in_Quantity.quantity><out_Quantity.quantity>779.528566</out_Quantity.quantity></Point><Point><position>2854</position><in_Quantity.quantity>0.000000</in_Quantity.quantity><out_Quantity.quantity>384.981342</out_Quantity.quantity></Point><Point><position>2855</position><in_Quantity.quantity>0.000000</in_Quantity.quantity><out_Quantity.quantity>809.971273</out_Quantity.quantity></Point><Point><position>2856</position><in_Quantity.quantity>0.000000</in_Quantity.quantity><out_Quantity.quantity>718.381983</out_Quantity.quantity></Point><Point><position>2857</position><in_Quantity.quantity>0.000000</in_Quantity.quantity><out_Quantity.quantity>761.790744</out_Quantity.quantity></Point><Point><position>2858</position><in_Quantity.quantity>0.000000</in_Quantity.quantity><out_Quantity.quantity>681.475480</out_Quantity.quantity></Point><Point><position>2859</position><in_Quantity.quantity>0.000000</in_Quantity.quantity><out_Quantity.quantity>430.539958</out_Quantity.quantity></Point><Point><position>2860</position><in_Quantity.quantity>0.000000</in_Quantity.quantity><out_Quantity.quantity>12.268360</out_Quantity.quantity></Point><Point><position>2861</position><in_Quantity.quantity>0.000000</in_Quantity.quantity><out_Quantity.quantity>797.085543</out_Quantity.quantity></Point><Point><position>2862</position><in_Quantity.quantity>0.000000</in_Quantity.quantity><out_Quantity.quantity>767.034870</out_Quantity.quantity></Point><Point><position>2863</position><in_Quantity.quantity>0.000000</in_Quantity.quantity><out_Quantity.quantity>655.281710</out_Quantity.quantity></Point><Point><position>2864</position><in_Quantity.quantity>0.000000</in_Quantity.quantity><out_Quantity.quantity>918.813644</out_Quantity.quantity></Point><Point><position>2865</position><in_Quantity.quantity>0.000000</in_Quantity.quantity><out_Quantity.quantity>876.538236</out_Quantity.quantity></Point><Point><position>2866</position><in_Quantity.quantity>0.000000</in_Quantity.quantity><out_Quantity.quantity>524.825143</out_Quantity.quantity></Point><Point><position>2867</position><in_Quantity.quantity>0.000000</in_Quantity.quantity><out_Quantity.quantity>150.510764</out_Quantity.quantity></Point><Point><position>2868</position><in_Quantity.quantity>0.000000</in_Quantity.quantity><out_Quantity.quantity>910.126528</out_Quantity.quantity></Point><Point><position>2869</position><in_Quantity.quantity>0.000000</in_Quantity.quantity><out_Quantity.quantity>182.126832</out_Quantity.quantity></Point><Point><position>2870</position><in_Quantity.quantity>0.000000</in_Quantity.quantity><out_Quantity.quantity>730.424229</out_Quantity.quantity></Point><Point><position>2871</position><in_Quantity.quantity>0.000000</in_Quantity.quantity><out_Quantity.quantity>648.472729</out_Quantity.quantity></Point><Point><position>2872</position><in_Quantity.quantity>0.000000</in_Quantity.quantity><out_Quantity.quantity>386.488435</out_Quantity.quantity></Point><Point><position>2873</position><in_Quantity.quantity>0.000000</in_Quantity.quantity><out_Quantity.quantity>14.408556</out_Quantity.quantity></Point><Point><position>2874</position><in_Quantity.quantity>0.000000</in_Quantity.quantity><out_Quantity.quantity>832.340587</out_Quantity.quantity></Point><Point><position>2875</position><in_Quantity.quantity>0.000000</in_Quantity.quantity><out_Quantity.quantity>652.971175</out_Quantity.quantity></Point><Point><position>2876</position><in_Quantity.quantity>0.000000</in_Quantity.quantity><out_Quantity.quantity>757.780643</out_Quantity.quantity></Point><Point><position>2877</position><in_Quantity.quantity>0.000000</in_Quantity.quantity><out_Quantity.quantity>523.907132</out_Quantity.quantity></Point><Point><position>2878</position><in_Quantity.quantity>0.000000</in_Quantity.quantity><out_Quantity.quantity>591.926332</out_Quantity.quantity></Point><Point><position>2879</position><in_Quantity.quantity>0.000000</in_Quantity.quantity><out_Quantity.quantity>307.758917</out_Quantity.quantity></Point><Point><position>2880</position><in_Quantity.quantity>0.000000</in_Quantity.quantity><out_Quantity.quantity>692.879010</out_Quantity.quantity></Point><Point><position>2881</position><in_Quantity.quantity>0.000000</in_Quantity.quantity><out_Quantity.quantity>181.077879</out_Quantity.quantity></Point><Point><position>2882</position><in_Quantity.quantity>0.000000</in_Quantity.quantity><out_Quantity.quantity>812.880277</out_Quantity.quantity></Point><Point><position>2883</position><in_Quantity.quantity>0.000000</in_Quantity.quantity><out_Quantity.quantity>712.406928</out_Quantity.quantity></Point><Point><position>2884</position><in_Quantity.quantity>0.000000</in_Quantity.quantity><out_Quantity.quantity>575.138873</out_Quantity.quantity></Point><Point><position>2885</position><in_Quantity.quantity>0.000000</in_Quantity.quantity><out_Quantity.quantity>290.447749</out_Quantity.quantity></Point><Point><position>2886</position><in_Quantity.quantity>0.000000</in_Quantity.quantity><out_Quantity.quantity>572.782891</out_Quantity.quantity></Point><Point><position>2887</position><in_Quantity.quantity>0.000000</in_Quantity.quantity><out_Quantity.quantity>149.090183</out_Quantity.quantity></Point><Point><position>2888</position><in_Quantity.quantity>0.000000</in_Quantity.quantity><out_Quantity.quantity>661.613524</out_Quantity.quantity></Point><Point><position>2889</position><in_Quantity.quantity>0.000000</in_Quantity.quantity><out_Quantity.quantity>79.094973</out_Quantity.quantity></Point><Point><position>2890</position><in_Quantity.quantity>0.000000</in_Quantity.quantity><out_Quantity.quantity>233.559277</out_Quantity.quantity></Point><Point><position>2891</position><in_Quantity.quantity>0.000000</in_Quantity.quantity><out_Quantity.quantity>728.834654</out_Quantity.quantity></Point><Point><position>2892</position><in_Quantity.quantity>0.000000</in_Quantity.quantity><out_Quantity.quantity>425.281900</out_Quantity.quantity></Point><Point><position>2893</position><in_Quantity.quantity>0.000000</in_Quantity.quantity><out_Quantity.quantity>635.030089</out_Quantity.quantity></Point><Point><position>2894</position><in_Quantity.quantity>0.000000</in_Quantity.quantity><out_Quantity.quantity>620.242886</out_Quantity.quantity></Point><Point><position>2895</position><in_Quantity.quantity>0.000000</in_Quantity.quantity><out_Quantity.quantity>358.008624</out_Quantity.quantity></Point><Point><position>2896</position><in_Quantity.quantity>0.000000</in_Quantity.quantity><out_Quantity.quantity>647.764642</out_Quantity.quantity></Point><Point><position>2897</position><in_Quantity.quantity>0.000000</in_Quantity.quantity><out_Quantity.quantity>783.353625</out_Quantity.quantity></Point><Point><position>2898</position><in_Quantity.quantity>0.000000</in_Quantity.quantity><out_Quantity.quantity>133.168692</out_Quantity.quantity></Point><Point><position>2899</position><in_Quantity.quantity>0.000000</in_Quantity.quantity><out_Quantity.quantity>804.434814</out_Quantity.quantity></Point><Point><position>2900</position><in_Quantity.quantity>0.000000</in_Quantity.quantity><out_Quantity.quantity>824.881795</out_Quantity.quantity></Point><Point><position>2901</position><in_Quantity.quantity>0.000000</in_Quantity.quantity><out_Quantity.quantity>375.430863</out_Quantity.quantity></Point><Point><position>2902</position><in_Quantity.quantity>0.000000</in_Quantity.quantity><out_Quantity.quantity>904.323290</out_Quantity.quantity></Point><Point><position>2903</position><in_Quantity.quantity>0.000000</in_Quantity.quantity><out_Quantity.quantity>107.267906</out_Quantity.quantity></Point><Point><position>2904</position><in_Quantity.quantity>0.000000</in_Quantity.quantity><out_Quantity.quantity>96.079264</out_Quantity.quantity></Point><Point><position>2905</position><in_Quantity.quantity>0.000000</in_Quantity.quantity><out_Quantity.quantity>636.890629</out_Quantity.quantity></Point><Point><position>2906</position><in_Quantity.quantity>0.000000</in_Quantity.quantity><out_Quantity.quantity>418.698333</out_Quantity.quantity></Point><Point><position>2907</position><in_Quantity.quantity>0.000000</in_Quantity.quantity><out_Quantity.quantity>221.491507</out_Quantity.quantity></Point><Point><position>2908</position><in_Quantity.quantity>0.000000</in_Quantity.quantity><out_Quantity.quantity>358.716900</out_Quantity.quantity></Point><Point><position>2909</position><in_Quantity.quantity>0.000000</in_Quantity.quantity><out_Quantity.quantity>639.297272</out_Quantity.quantity></Point><Point><position>2910</position><in_Quantity.quantity>0.000000</in_Quantity.quantity><out_Quantity.quantity>680.076800</out_Quantity.quantity></Point><Point><position>2911</position><in_Quantity.quantity>0.000000</in_Quantity.quantity><out_Quantity.quantity>296.060541</out_Quantity.quantity></Point><Point><position>2912</position><in_Quantity.quantity>0.000000</in_Quantity.quantity><out_Quantity.quantity>475.216728</out_Quantity.quantity></Point><Point><position>2913</position><in_Quantity.quantity>0.000000</in_Quantity.quantity><out_Quantity.quantity>194.925081</out_Quantity.quantity></Point><Point><position>2914</position><in_Quantity.quantity>0.000000</in_Quantity.quantity><out_Quantity.quantity>652.640753</out_Quantity.quantity></Point><Point><position>2915</position><in_Quantity.quantity>0.000000</in_Quantity.quantity><out_Quantity.quantity>205.514409</out_Quantity.quantity></Point><Point><position>2916</position><in_Quantity.quantity>0.000000</in_Quantity.quantity><out_Quantity.quantity>917.050241</out_Quantity.quantity></Point><Point><position>2917</position><in_Quantity.quantity>0.000000</in_Quantity.quantity><out_Quantity.quantity>893.948851</out_Quantity.quantity></Point><Point><position>2918</position><in_Quantity.quantity>0.000000</in_Quantity.quantity><out_Quantity.quantity>891.641221</out_Quantity.quantity></Point><Point><position>2919</position><in_Quantity.quantity>0.000000</in_Quantity.quantity><out_Quantity.quantity>507.330817</out_Quantity.quantity></Point><Point><position>2920</position><in_Quantity.quantity>0.000000</in_Quantity.quantity><out_Quantity.quantity>324.956139</out_Quantity.quantity></Point><Point><position>2921</position><in_Quantity.quantity>0.000000</in_Quantity.quantity><out_Quantity.quantity>403.799866</out_Quantity.quantity></Point><Point><position>2922</position><in_Quantity.quantity>0.000000</in_Quantity.quantity><out_Quantity.quantity>650.177743</out_Quantity.quantity></Point><Point><position>2923</position><in_Quantity.quantity>0.000000</in_Quantity.quantity><out_Quantity.quantity>621.072863</out_Quantity.quantity></Point><Point><position>2924</position><in_Quantity.quantity>0.000000</in_Quantity.quantity><out_Quantity.quantity>631.202820</out_Quantity.quantity></Point><Point><position>2925</position><in_Quantity.quantity>0.000000</in_Quantity.quantity><out_Quantity.quantity>931.658405</out_Quantity.quantity></Point><Point><position>2926</position><in_Quantity.quantity>0.000000</in_Quantity.quantity><out_Quantity.quantity>565.467411</out_Quantity.quantity></Point><Point><position>2927</position><in_Quantity.quantity>0.000000</in_Quantity.quantity><out_Quantity.quantity>734.219319</out_Quantity.quantity></Point><Point><position>2928</position><in_Quantity.quantity>0.000000</in_Quantity.quantity><out_Quantity.quantity>922.607859</out_Quantity.quantity></Point><Point><position>2929</position><in_Quantity.quantity>0.000000</in_Quantity.quantity><out_Quantity.quantity>984.367258</out_Quantity.quantity></Point><Point><position>2930</position><in_Quantity.quantity>0.000000</in_Quantity.quantity><out_Quantity.quantity>208.016704</out_Quantity.quantity></Point><Point><position>2931</position><in_Quantity.quantity>0.000000</in_Quantity.quantity><out_Quantity.quantity>103.605041</out_Quantity.quantity></Point><Point><position>2932</position><in_Quantity.quantity>0.000000</in_Quantity.quantity><out_Quantity.quantity>430.550615</out_Quantity.quantity></Point><Point><position>2933</position><in_Quantity.quantity>0.000000</in_Quantity.quantity><out_Quantity.quantity>239.439167</out_Quantity.quantity></Point><Point><position>2934</position><in_Quantity.quantity>0.000000</in_Quantity.quantity><out_Quantity.quantity>474.804282</out_Quantity.quantity></Point><Point><position>2935</position><in_Quantity.quantity>0.000000</in_Quantity.quantity><out_Quantity.quantity>967.312677</out_Quantity.quantity></Point><Point><position>2936</position><in_Quantity.quantity>0.000000</in_Quantity.quantity><out_Quantity.quantity>877.143023</out_Quantity.quantity></Point><Point><position>2937</position><in_Quantity.quantity>0.000000</in_Quantity.quantity><out_Quantity.quantity>280.598096</out_Quantity.quantity></Point><Point><position>2938</position><in_Quantity.quantity>0.000000</in_Quantity.quantity><out_Quantity.quantity>73.428339</out_Quantity.quantity></Point><Point><position>2939</position><in_Quantity.quantity>0.000000</in_Quantity.quantity><out_Quantity.quantity>922.990060</out_Quantity.quantity></Point><Point><position>2940</position><in_Quantity.quantity>0.000000</in_Quantity.quantity><out_Quantity.quantity>774.214599</out_Quantity.quantity></Point><Point><position>2941</position><in_Quantity.quantity>0.000000</in_Quantity.quantity><out_Quantity.quantity>552.925104</out_Quantity.quantity></Point><Point><position>2942</position><in_Quantity.quantity>0.000000</in_Quantity.quantity><out_Quantity.quantity>236.763978</out_Quantity.quantity></Point><Point><position>2943</position><in_Quantity.quantity>0.000000</in_Quantity.quantity><out_Quantity.quantity>508.339069</out_Quantity.quantity></Point><Point><position>2944</position><in_Quantity.quantity>0.000000</in_Quantity.quantity><out_Quantity.quantity>767.244014</out_Quantity.quantity></Point><Point><position>2945</position><in_Quantity.quantity>0.000000</in_Quantity.quantity><out_Quantity.quantity>978.967567</out_Quantity.quantity></Point><Point><position>2946</position><in_Quantity.quantity>0.000000</in_Quantity.quantity><out_Quantity.quantity>840.199980</out_Quantity.quantity></Point><Point><position>2947</position><in_Quantity.quantity>0.000000</in_Quantity.quantity><out_Quantity.quantity>527.498529</out_Quantity.quantity></Point><Point><position>2948</position><in_Quantity.quantity>0.000000</in_Quantity.quantity><out_Quantity.quantity>999.142734</out_Quantity.quantity></Point><Point><position>2949</position><in_Quantity.quantity>0.000000</in_Quantity.quantity><out_Quantity.quantity>382.726682</out_Quantity.quantity></Point><Point><position>2950</position><in_Quantity.quantity>0.000000</in_Quantity.quantity><out_Quantity.quantity>231.937036</out_Quantity.quantity></Point><Point><position>2951</position><in_Quantity.quantity>0.000000</in_Quantity.quantity><out_Quantity.quantity>158.225414</out_Quantity.quantity></Point><Point><position>2952</position><in_Quantity.quantity>0.000000</in_Quantity.quantity><out_Quantity.quantity>378.155074</out_Quantity.quantity></Point><Point><position>2953</position><in_Quantity.quantity>0.000000</in_Quantity.quantity><out_Quantity.quantity>527.905516</out_Quantity.quantity></Point><Point><position>2954</position><in_Quantity.quantity>0.000000</in_Quantity.quantity><out_Quantity.quantity>318.810090</out_Quantity.quantity></Point><Point><position>2955</position><in_Quantity.quantity>0.000000</in_Quantity.quantity><out_Quantity.quantity>7.685097</out_Quantity.quantity></Point><Point><position>2956</position><in_Quantity.quantity>0.000000</in_Quantity.quantity><out_Quantity.quantity>585.190788</out_Quantity.quantity></Point><Point><position>2957</position><in_Quantity.quantity>0.000000</in_Quantity.quantity><out_Quantity.quantity>939.756887</out_Quantity.quantity></Point><Point><position>2958</position><in_Quantity.quantity>0.000000</in_Quantity.quantity><out_Quantity.quantity>932.450955</out_Quantity.quantity></Point><Point><position>2959</position><in_Quantity.quantity>0.000000</in_Quantity.quantity><out_Quantity.quantity>778.710430</out_Quantity.quantity></Point><Point><position>2960</position><in_Quantity.quantity>0.000000</in_Quantity.quantity><out_Quantity.quantity>661.532801</out_Quantity.quantity></Point><Point><position>2961</position><in_Quantity.quantity>0.000000</in_Quantity.quantity><out_Quantity.quantity>446.537972</out_Quantity.quantity></Point><Point><position>2962</position><in_Quantity.quantity>0.000000</in_Quantity.quantity><out_Quantity.quantity>550.494124</out_Quantity.quantity></Point><Point><position>2963</position><in_Quantity.quantity>0.000000</in_Quantity.quantity><out_Quantity.quantity>325.132934</out_Quantity.quantity></Point><Point><position>2964</position><in_Quantity.quantity>0.000000</in_Quantity.quantity><out_Quantity.quantity>554.767310</out_Quantity.quantity></Point><Point><position>2965</position><in_Quantity.quantity>0.000000</in_Quantity.quantity><out_Quantity.quantity>18.612169</out_Quantity.quantity></Point><Point><position>2966</position><in_Quantity.quantity>0.000000</in_Quantity.quantity><out_Quantity.quantity>673.068223</out_Quantity.quantity></Point><Point><position>2967</position><in_Quantity.quantity>0.000000</in_Quantity.quantity><out_Quantity.quantity>814.906515</out_Quantity.quantity></Point><Point><position>2968</position><in_Quantity.quantity>0.000000</in_Quantity.quantity><out_Quantity.quantity>685.156702</out_Quantity.quantity></Point><Point><position>2969</position><in_Quantity.quantity>0.000000</in_Quantity.quantity><out_Quantity.quantity>961.963606</out_Quantity.quantity></Point><Point><position>2970</position><in_Quantity.quantity>0.000000</in_Quantity.quantity><out_Quantity.quantity>951.868887</out_Quantity.quantity></Point><Point><position>2971</position><in_Quantity.quantity>0.000000</in_Quantity.quantity><out_Quantity.quantity>298.882337</out_Quantity.quantity></Point><Point><position>2972</position><in_Quantity.quantity>0.000000</in_Quantity.quantity><out_Quantity.quantity>48.989629</out_Quantity.quantity></Point><Point><position>2973</position><in_Quantity.quantity>0.000000</in_Quantity.quantity><out_Quantity.quantity>712.533253</out_Quantity.quantity></Point><Point><position>2974</position><in_Quantity.quantity>0.000000</in_Quantity.quantity><out_Quantity.quantity>387.868515</out_Quantity.quantity></Point><Point><position>2975</position><in_Quantity.quantity>0.000000</in_Quantity.quantity><out_Quantity.quantity>870.517235</out_Quantity.quantity></Point><Point><position>2976</position><in_Quantity.quantity>0.000000</in_Quantity.quantity><out_Quantity.quantity>901.950183</out_Quantity.quantity></Point><Point><position>2977</position><in_Quantity.quantity>0.000000</in_Quantity.quantity><out_Quantity.quantity>494.861939</out_Quantity.quantity></Point><Point><position>2978</position><in_Quantity.quantity>0.000000</in_Quantity.quantity><out_Quantity.quantity>360.906209</out_Quantity.quantity></Point><Point><position>2979</position><in_Quantity.quantity>0.000000</in_Quantity.quantity><out_Quantity.quantity>604.147153</out_Quantity.quantity></Point><Point><position>2980</position><in_Quantity.quantity>0.000000</in_Quantity.quantity><out_Quantity.quantity>925.060590</out_Quantity.quantity></Point><Point><position>2981</position><in_Quantity.quantity>0.000000</in_Quantity.quantity><out_Quantity.quantity>743.275323</out_Quantity.quantity></Point><Point><position>2982</position><in_Quantity.quantity>0.000000</in_Quantity.quantity><out_Quantity.quantity>356.601798</out_Quantity.quantity></Point><Point><position>2983</position><in_Quantity.quantity>0.000000</in_Quantity.quantity><out_Quantity.quantity>679.333293</out_Quantity.quantity></Point><Point><position>2984</position><in_Quantity.quantity>0.000000</in_Quantity.quantity><out_Quantity.quantity>127.291114</out_Quantity.quantity></Point><Point><position>2985</position><in_Quantity.quantity>0.000000</in_Quantity.quantity><out_Quantity.quantity>840.207155</out_Quantity.quantity></Point><Point><position>2986</position><in_Quantity.quantity>0.000000</in_Quantity.quantity><out_Quantity.quantity>262.355136</out_Quantity.quantity></Point><Point><position>2987</position><in_Quantity.quantity>0.000000</in_Quantity.quantity><out_Quantity.quantity>431.155487</out_Quantity.quantity></Point><Point><position>2988</position><in_Quantity.quantity>0.000000</in_Quantity.quantity><out_Quantity.quantity>501.578335</out_Quantity.quantity></Point><Point><position>2989</position><in_Quantity.quantity>0.000000</in_Quantity.quantity><out_Quantity.quantity>990.491168</out_Quantity.quantity></Point><Point><position>2990</position><in_Quantity.quantity>0.000000</in_Quantity.quantity><out_Quantity.quantity>803.212948</out_Quantity.quantity></Point><Point><position>2991</position><in_Quantity.quantity>0.000000</in_Quantity.quantity><out_Quantity.quantity>864.806560</out_Quantity.quantity></Point><Point><position>2992</position><in_Quantity.quantity>0.000000</in_Quantity.quantity><out_Quantity.quantity>723.715534</out_Quantity.quantity></Point><Point><position>2993</position><in_Quantity.quantity>0.000000</in_Quantity.quantity><out_Quantity.quantity>368.039464</out_Quantity.quantity></Point><Point><position>2994</position><in_Quantity.quantity>0.000000</in_Quantity.quantity><out_Quantity.quantity>810.883309</out_Quantity.quantity></Point><Point><position>2995</position><in_Quantity.quantity>0.000000</in_Quantity.quantity><out_Quantity.quantity>684.469865</out_Quantity.quantity></Point><Point><position>2996</position><in_Quantity.quantity>0.000000</in_Quantity.quantity><out_Quantity.quantity>271.746017</out_Quantity.quantity></Point><Point><position>2997</position><in_Quantity.quantity>0.000000</in_Quantity.quantity><out_Quantity.quantity>687.295742</out_Quantity.quantity></Point><Point><position>2998</position><in_Quantity.quantity>0.000000</in_Quantity.quantity><out_Quantity.quantity>773.327048</out_Quantity.quantity></Point><Point><position>2999</position><in_Quantity.quantity>0.000000</in_Quantity.quantity><out_Quantity.quantity>220.507970</out_Quantity.quantity></Point><Point><position>3000</position><in_Quantity.quantity>0.000000</in_Quantity.quantity><out_Quantity.quantity>782.890636</out_Quantity.quantity></Point><Point><position>3001</position><in_Quantity.quantity>0.000000</in_Quantity.quantity><out_Quantity.quantity>411.346737</out_Quantity.quantity></Point><Point><position>3002</position><in_Quantity.quantity>0.000000</in_Quantity.quantity><out_Quantity.quantity>857.967920</out_Quantity.quantity></Point><Point><position>3003</position><in_Quantity.quantity>0.000000</in_Quantity.quantity><out_Quantity.quantity>876.914942</out_Quantity.quantity></Point><Point><position>3004</position><in_Quantity.quantity>0.000000</in_Quantity.quantity><out_Quantity.quantity>709.077538</out_Quantity.quantity></Point><Point><position>3005</position><in_Quantity.quantity>0.000000</in_Quantity.quantity><out_Quantity.quantity>652.152715</out_Quantity.quantity></Point><Point><position>3006</position><in_Quantity.quantity>0.000000</in_Quantity.quantity><out_Quantity.quantity>242.651111</out_Quantity.quantity></Point><Point><position>3007</position><in_Quantity.quantity>0.000000</in_Quantity.quantity><out_Quantity.quantity>147.766931</out_Quantity.quantity></Point><Point><position>3008</position><in_Quantity.quantity>0.000000</in_Quantity.quantity><out_Quantity.quantity>810.375051</out_Quantity.quantity></Point><Point><position>3009</position><in_Quantity.quantity>0.000000</in_Quantity.quantity><out_Quantity.quantity>613.009481</out_Quantity.quantity></Point><Point><position>3010</position><in_Quantity.quantity>0.000000</in_Quantity.quantity><out_Quantity.quantity>460.753595</out_Quantity.quantity></Point><Point><position>3011</position><in_Quantity.quantity>0.000000</in_Quantity.quantity><out_Quantity.quantity>25.332030</out_Quantity.quantity></Point><Point><position>3012</position><in_Quantity.quantity>0.000000</in_Quantity.quantity><out_Quantity.quantity>227.107946</out_Quantity.quantity></Point><Point><position>3013</position><in_Quantity.quantity>0.000000</in_Quantity.quantity><out_Quantity.quantity>603.588484</out_Quantity.quantity></Point><Point><position>3014</position><in_Quantity.quantity>0.000000</in_Quantity.quantity><out_Quantity.quantity>148.007096</out_Quantity.quantity></Point><Point><position>3015</position><in_Quantity.quantity>0.000000</in_Quantity.quantity><out_Quantity.quantity>173.971378</out_Quantity.quantity></Point><Point><position>3016</position><in_Quantity.quantity>0.000000</in_Quantity.quantity><out_Quantity.quantity>886.701767</out_Quantity.quantity></Point><Point><position>3017</position><in_Quantity.quantity>0.000000</in_Quantity.quantity><out_Quantity.quantity>516.907701</out_Quantity.quantity></Point><Point><position>3018</position><in_Quantity.quantity>0.000000</in_Quantity.quantity><out_Quantity.quantity>595.320463</out_Quantity.quantity></Point><Point><position>3019</position><in_Quantity.quantity>0.000000</in_Quantity.quantity><out_Quantity.quantity>455.524110</out_Quantity.quantity></Point><Point><position>3020</position><in_Quantity.quantity>0.000000</in_Quantity.quantity><out_Quantity.quantity>171.298099</out_Quantity.quantity></Point><Point><position>3021</position><in_Quantity.quantity>0.000000</in_Quantity.quantity><out_Quantity.quantity>396.792451</out_Quantity.quantity></Point><Point><position>3022</position><in_Quantity.quantity>0.000000</in_Quantity.quantity><out_Quantity.quantity>303.377304</out_Quantity.quantity></Point><Point><position>3023</position><in_Quantity.quantity>0.000000</in_Quantity.quantity><out_Quantity.quantity>946.733040</out_Quantity.quantity></Point><Point><position>3024</position><in_Quantity.quantity>0.000000</in_Quantity.quantity><out_Quantity.quantity>438.724399</out_Quantity.quantity></Point><Point><position>3025</position><in_Quantity.quantity>0.000000</in_Quantity.quantity><out_Quantity.quantity>946.580572</out_Quantity.quantity></Point><Point><position>3026</position><in_Quantity.quantity>0.000000</in_Quantity.quantity><out_Quantity.quantity>801.434478</out_Quantity.quantity></Point><Point><position>3027</position><in_Quantity.quantity>0.000000</in_Quantity.quantity><out_Quantity.quantity>329.008321</out_Quantity.quantity></Point><Point><position>3028</position><in_Quantity.quantity>0.000000</in_Quantity.quantity><out_Quantity.quantity>658.069798</out_Quantity.quantity></Point><Point><position>3029</position><in_Quantity.quantity>0.000000</in_Quantity.quantity><out_Quantity.quantity>536.255161</out_Quantity.quantity></Point><Point><position>3030</position><in_Quantity.quantity>0.000000</in_Quantity.quantity><out_Quantity.quantity>153.861019</out_Quantity.quantity></Point><Point><position>3031</position><in_Quantity.quantity>0.000000</in_Quantity.quantity><out_Quantity.quantity>882.982104</out_Quantity.quantity></Point><Point><position>3032</position><in_Quantity.quantity>0.000000</in_Quantity.quantity><out_Quantity.quantity>324.063217</out_Quantity.quantity></Point><Point><position>3033</position><in_Quantity.quantity>0.000000</in_Quantity.quantity><out_Quantity.quantity>874.232383</out_Quantity.quantity></Point><Point><position>3034</position><in_Quantity.quantity>0.000000</in_Quantity.quantity><out_Quantity.quantity>565.103534</out_Quantity.quantity></Point><Point><position>3035</position><in_Quantity.quantity>0.000000</in_Quantity.quantity><out_Quantity.quantity>325.192658</out_Quantity.quantity></Point><Point><position>3036</position><in_Quantity.quantity>0.000000</in_Quantity.quantity><out_Quantity.quantity>675.107429</out_Quantity.quantity></Point><Point><position>3037</position><in_Quantity.quantity>0.000000</in_Quantity.quantity><out_Quantity.quantity>379.364298</out_Quantity.quantity></Point><Point><position>3038</position><in_Quantity.quantity>0.000000</in_Quantity.quantity><out_Quantity.quantity>997.484883</out_Quantity.quantity></Point><Point><position>3039</position><in_Quantity.quantity>0.000000</in_Quantity.quantity><out_Quantity.quantity>500.793887</out_Quantity.quantity></Point><Point><position>3040</position><in_Quantity.quantity>0.000000</in_Quantity.quantity><out_Quantity.quantity>741.356697</out_Quantity.quantity></Point><Point><position>3041</position><in_Quantity.quantity>0.000000</in_Quantity.quantity><out_Quantity.quantity>420.954849</out_Quantity.quantity></Point><Point><position>3042</position><in_Quantity.quantity>0.000000</in_Quantity.quantity><out_Quantity.quantity>812.756511</out_Quantity.quantity></Point><Point><position>3043</position><in_Quantity.quantity>0.000000</in_Quantity.quantity><out_Quantity.quantity>604.948794</out_Quantity.quantity></Point><Point><position>3044</position><in_Quantity.quantity>0.000000</in_Quantity.quantity><out_Quantity.quantity>374.670038</out_Quantity.quantity></Point><Point><position>3045</position><in_Quantity.quantity>0.000000</in_Quantity.quantity><out_Quantity.quantity>745.143941</out_Quantity.quantity></Point><Point><position>3046</position><in_Quantity.quantity>0.000000</in_Quantity.quantity><out_Quantity.quantity>759.487543</out_Quantity.quantity></Point><Point><position>3047</position><in_Quantity.quantity>0.000000</in_Quantity.quantity><out_Quantity.quantity>994.682008</out_Quantity.quantity></Point><Point><position>3048</position><in_Quantity.quantity>0.000000</in_Quantity.quantity><out_Quantity.quantity>523.491086</out_Quantity.quantity></Point><Point><position>3049</position><in_Quantity.quantity>0.000000</in_Quantity.quantity><out_Quantity.quantity>457.621071</out_Quantity.quantity></Point><Point><position>3050</position><in_Quantity.quantity>0.000000</in_Quantity.quantity><out_Quantity.quantity>729.390265</out_Quantity.quantity></Point><Point><position>3051</position><in_Quantity.quantity>0.000000</in_Quantity.quantity><out_Quantity.quantity>752.514580</out_Quantity.quantity></Point><Point><position>3052</position><in_Quantity.quantity>0.000000</in_Quantity.quantity><out_Quantity.quantity>554.840202</out_Quantity.quantity></Point><Point><position>3053</position><in_Quantity.quantity>0.000000</in_Quantity.quantity><out_Quantity.quantity>755.706046</out_Quantity.quantity></Point><Point><position>3054</position><in_Quantity.quantity>0.000000</in_Quantity.quantity><out_Quantity.quantity>391.255616</out_Quantity.quantity></Point><Point><position>3055</position><in_Quantity.quantity>0.000000</in_Quantity.quantity><out_Quantity.quantity>346.943705</out_Quantity.quantity></Point><Point><position>3056</position><in_Quantity.quantity>0.000000</in_Quantity.quantity><out_Quantity.quantity>454.931914</out_Quantity.quantity></Point><Point><position>3057</position><in_Quantity.quantity>0.000000</in_Quantity.quantity><out_Quantity.quantity>48.101368</out_Quantity.quantity></Point><Point><position>3058</position><in_Quantity.quantity>0.000000</in_Quantity.quantity><out_Quantity.quantity>877.763641</out_Quantity.quantity></Point><Point><position>3059</position><in_Quantity.quantity>0.000000</in_Quantity.quantity><out_Quantity.quantity>51.288869</out_Quantity.quantity></Point><Point><position>3060</position><in_Quantity.quantity>0.000000</in_Quantity.quantity><out_Quantity.quantity>199.788510</out_Quantity.quantity></Point><Point><position>3061</position><in_Quantity.quantity>0.000000</in_Quantity.quantity><out_Quantity.quantity>206.957520</out_Quantity.quantity></Point><Point><position>3062</position><in_Quantity.quantity>0.000000</in_Quantity.quantity><out_Quantity.quantity>864.112061</out_Quantity.quantity></Point><Point><position>3063</position><in_Quantity.quantity>0.000000</in_Quantity.quantity><out_Quantity.quantity>221.181826</out_Quantity.quantity></Point><Point><position>3064</position><in_Quantity.quantity>0.000000</in_Quantity.quantity><out_Quantity.quantity>964.203849</out_Quantity.quantity></Point><Point><position>3065</position><in_Quantity.quantity>0.000000</in_Quantity.quantity><out_Quantity.quantity>803.817464</out_Quantity.quantity></Point><Point><position>3066</position><in_Quantity.quantity>0.000000</in_Quantity.quantity><out_Quantity.quantity>34.673087</out_Quantity.quantity></Point><Point><position>3067</position><in_Quantity.quantity>0.000000</in_Quantity.quantity><out_Quantity.quantity>213.231512</out_Quantity.quantity></Point><Point><position>3068</position><in_Quantity.quantity>0.000000</in_Quantity.quantity><out_Quantity.quantity>10.695426</out_Quantity.quantity></Point><Point><position>3069</position><in_Quantity.quantity>0.000000</in_Quantity.quantity><out_Quantity.quantity>398.958894</out_Quantity.quantity></Point><Point><position>3070</position><in_Quantity.quantity>0.000000</in_Quantity.quantity><out_Quantity.quantity>887.998570</out_Quantity.quantity></Point><Point><position>3071</position><in_Quantity.quantity>0.000000</in_Quantity.quantity><out_Quantity.quantity>444.010355</out_Quantity.quantity></Point><Point><position>3072</position><in_Quantity.quantity>0.000000</in_Quantity.quantity><out_Quantity.quantity>476.288095</out_Quantity.quantity></Point><Point><position>3073</position><in_Quantity.quantity>0.000000</in_Quantity.quantity><out_Quantity.quantity>452.177821</out_Quantity.quantity></Point><Point><position>3074</position><in_Quantity.quantity>0.000000</in_Quantity.quantity><out_Quantity.quantity>993.848662</out_Quantity.quantity></Point><Point><position>3075</position><in_Quantity.quantity>0.000000</in_Quantity.quantity><out_Quantity.quantity>797.622847</out_Quantity.quantity></Point><Point><position>3076</position><in_Quantity.quantity>0.000000</in_Quantity.quantity><out_Quantity.quantity>595.519945</out_Quantity.quantity></Point><Point><position>3077</position><in_Quantity.quantity>0.000000</in_Quantity.quantity><out_Quantity.quantity>345.795491</out_Quantity.quantity></Point><Point><position>3078</position><in_Quantity.quantity>0.000000</in_Quantity.quantity><out_Quantity.quantity>771.305883</out_Quantity.quantity></Point><Point><position>3079</position><in_Quantity.quantity>0.000000</in_Quantity.quantity><out_Quantity.quantity>619.248601</out_Quantity.quantity></Point><Point><position>3080</position><in_Quantity.quantity>0.000000</in_Quantity.quantity><out_Quantity.quantity>212.362115</out_Quantity.quantity></Point><Point><position>3081</position><in_Quantity.quantity>0.000000</in_Quantity.quantity><out_Quantity.quantity>698.991503</out_Quantity.quantity></Point><Point><position>3082</position><in_Quantity.quantity>0.000000</in_Quantity.quantity><out_Quantity.quantity>170.914436</out_Quantity.quantity></Point><Point><position>3083</position><in_Quantity.quantity>0.000000</in_Quantity.quantity><out_Quantity.quantity>827.747608</out_Quantity.quantity></Point><Point><position>3084</position><in_Quantity.quantity>0.000000</in_Quantity.quantity><out_Quantity.quantity>518.485576</out_Quantity.quantity></Point><Point><position>3085</position><in_Quantity.quantity>0.000000</in_Quantity.quantity><out_Quantity.quantity>259.303427</out_Quantity.quantity></Point><Point><position>3086</position><in_Quantity.quantity>0.000000</in_Quantity.quantity><out_Quantity.quantity>382.586389</out_Quantity.quantity></Point><Point><position>3087</position><in_Quantity.quantity>0.000000</in_Quantity.quantity><out_Quantity.quantity>52.991976</out_Quantity.quantity></Point><Point><position>3088</position><in_Quantity.quantity>0.000000</in_Quantity.quantity><out_Quantity.quantity>665.647831</out_Quantity.quantity></Point><Point><position>3089</position><in_Quantity.quantity>0.000000</in_Quantity.quantity><out_Quantity.quantity>562.707377</out_Quantity.quantity></Point><Point><position>3090</position><in_Quantity.quantity>0.000000</in_Quantity.quantity><out_Quantity.quantity>753.357062</out_Quantity.quantity></Point><Point><position>3091</position><in_Quantity.quantity>0.000000</in_Quantity.quantity><out_Quantity.quantity>867.392364</out_Quantity.quantity></Point><Point><position>3092</position><in_Quantity.quantity>0.000000</in_Quantity.quantity><out_Quantity.quantity>458.673104</out_Quantity.quantity></Point><Point><position>3093</position><in_Quantity.quantity>0.000000</in_Quantity.quantity><out_Quantity.quantity>912.411433</out_Quantity.quantity></Point><Point><position>3094</position><in_Quantity.quantity>0.000000</in_Quantity.quantity><out_Quantity.quantity>999.312987</out_Quantity.quantity></Point><Point><position>3095</position><in_Quantity.quantity>0.000000</in_Quantity.quantity><out_Quantity.quantity>714.945800</out_Quantity.quantity></Point><Point><position>3096</position><in_Quantity.quantity>0.000000</in_Quantity.quantity><out_Quantity.quantity>174.603967</out_Quantity.quantity></Point><Point><position>3097</position><in_Quantity.quantity>0.000000</in_Quantity.quantity><out_Quantity.quantity>350.516289</out_Quantity.quantity></Point><Point><position>3098</position><in_Quantity.quantity>0.000000</in_Quantity.quantity><out_Quantity.quantity>153.754982</out_Quantity.quantity></Point><Point><position>3099</position><in_Quantity.quantity>0.000000</in_Quantity.quantity><out_Quantity.quantity>300.291041</out_Quantity.quantity></Point><Point><position>3100</position><in_Quantity.quantity>0.000000</in_Quantity.quantity><out_Quantity.quantity>405.000782</out_Quantity.quantity></Point><Point><position>3101</position><in_Quantity.quantity>0.000000</in_Quantity.quantity><out_Quantity.quantity>748.312313</out_Quantity.quantity></Point><Point><position>3102</position><in_Quantity.quantity>0.000000</in_Quantity.quantity><out_Quantity.quantity>565.060625</out_Quantity.quantity></Point><Point><position>3103</position><in_Quantity.quantity>0.000000</in_Quantity.quantity><out_Quantity.quantity>29.147884</out_Quantity.quantity></Point><Point><position>3104</position><in_Quantity.quantity>0.000000</in_Quantity.quantity><out_Quantity.quantity>621.173053</out_Quantity.quantity></Point><Point><position>3105</position><in_Quantity.quantity>0.000000</in_Quantity.quantity><out_Quantity.quantity>499.657168</out_Quantity.quantity></Point><Point><position>3106</position><in_Quantity.quantity>0.000000</in_Quantity.quantity><out_Quantity.quantity>500.471375</out_Quantity.quantity></Point><Point><position>3107</position><in_Quantity.quantity>0.000000</in_Quantity.quantity><out_Quantity.quantity>207.389987</out_Quantity.quantity></Point><Point><position>3108</position><in_Quantity.quantity>0.000000</in_Quantity.quantity><out_Quantity.quantity>415.414512</out_Quantity.quantity></Point><Point><position>3109</position><in_Quantity.quantity>0.000000</in_Quantity.quantity><out_Quantity.quantity>614.801932</out_Quantity.quantity></Point><Point><position>3110</position><in_Quantity.quantity>0.000000</in_Quantity.quantity><out_Quantity.quantity>299.439909</out_Quantity.quantity></Point><Point><position>3111</position><in_Quantity.quantity>0.000000</in_Quantity.quantity><out_Quantity.quantity>583.269197</out_Quantity.quantity></Point><Point><position>3112</position><in_Quantity.quantity>0.000000</in_Quantity.quantity><out_Quantity.quantity>840.378877</out_Quantity.quantity></Point><Point><position>3113</position><in_Quantity.quantity>0.000000</in_Quantity.quantity><out_Quantity.quantity>922.406498</out_Quantity.quantity></Point><Point><position>3114</position><in_Quantity.quantity>0.000000</in_Quantity.quantity><out_Quantity.quantity>387.118261</out_Quantity.quantity></Point><Point><position>3115</position><in_Quantity.quantity>0.000000</in_Quantity.quantity><out_Quantity.quantity>902.077076</out_Quantity.quantity></Point><Point><position>3116</position><in_Quantity.quantity>0.000000</in_Quantity.quantity><out_Quantity.quantity>889.596346</out_Quantity.quantity></Point><Point><position>3117</position><in_Quantity.quantity>0.000000</in_Quantity.quantity><out_Quantity.quantity>266.964733</out_Quantity.quantity></Point><Point><position>3118</position><in_Quantity.quantity>0.000000</in_Quantity.quantity><out_Quantity.quantity>743.364686</out_Quantity.quantity></Point><Point><position>3119</position><in_Quantity.quantity>0.000000</in_Quantity.quantity><out_Quantity.quantity>977.107097</out_Quantity.quantity></Point><Point><position>3120</position><in_Quantity.quantity>0.000000</in_Quantity.quantity><out_Quantity.quantity>223.155771</out_Quantity.quantity></Point><Point><position>3121</position><in_Quantity.quantity>0.000000</in_Quantity.quantity><out_Quantity.quantity>749.957593</out_Quantity.quantity></Point><Point><position>3122</position><in_Quantity.quantity>0.000000</in_Quantity.quantity><out_Quantity.quantity>442.227798</out_Quantity.quantity></Point><Point><position>3123</position><in_Quantity.quantity>0.000000</in_Quantity.quantity><out_Quantity.quantity>321.409642</out_Quantity.quantity></Point><Point><position>3124</position><in_Quantity.quantity>0.000000</in_Quantity.quantity><out_Quantity.quantity>599.124561</out_Quantity.quantity></Point><Point><position>3125</position><in_Quantity.quantity>0.000000</in_Quantity.quantity><out_Quantity.quantity>871.636375</out_Quantity.quantity></Point><Point><position>3126</position><in_Quantity.quantity>0.000000</in_Quantity.quantity><out_Quantity.quantity>717.693276</out_Quantity.quantity></Point><Point><position>3127</position><in_Quantity.quantity>0.000000</in_Quantity.quantity><out_Quantity.quantity>981.024563</out_Quantity.quantity></Point><Point><position>3128</position><in_Quantity.quantity>0.000000</in_Quantity.quantity><out_Quantity.quantity>429.201311</out_Quantity.quantity></Point><Point><position>3129</position><in_Quantity.quantity>0.000000</in_Quantity.quantity><out_Quantity.quantity>229.335844</out_Quantity.quantity></Point><Point><position>3130</position><in_Quantity.quantity>0.000000</in_Quantity.quantity><out_Quantity.quantity>78.001008</out_Quantity.quantity></Point><Point><position>3131</position><in_Quantity.quantity>0.000000</in_Quantity.quantity><out_Quantity.quantity>398.025236</out_Quantity.quantity></Point><Point><position>3132</position><in_Quantity.quantity>0.000000</in_Quantity.quantity><out_Quantity.quantity>42.465074</out_Quantity.quantity></Point><Point><position>3133</position><in_Quantity.quantity>0.000000</in_Quantity.quantity><out_Quantity.quantity>190.982520</out_Quantity.quantity></Point><Point><position>3134</position><in_Quantity.quantity>0.000000</in_Quantity.quantity><out_Quantity.quantity>154.974760</out_Quantity.quantity></Point><Point><position>3135</position><in_Quantity.quantity>0.000000</in_Quantity.quantity><out_Quantity.quantity>657.768183</out_Quantity.quantity></Point><Point><position>3136</position><in_Quantity.quantity>0.000000</in_Quantity.quantity><out_Quantity.quantity>484.569023</out_Quantity.quantity></Point><Point><position>3137</position><in_Quantity.quantity>0.000000</in_Quantity.quantity><out_Quantity.quantity>534.654510</out_Quantity.quantity></Point><Point><position>3138</position><in_Quantity.quantity>0.000000</in_Quantity.quantity><out_Quantity.quantity>287.885978</out_Quantity.quantity></Point><Point><position>3139</position><in_Quantity.quantity>0.000000</in_Quantity.quantity><out_Quantity.quantity>844.792576</out_Quantity.quantity></Point><Point><position>3140</position><in_Quantity.quantity>0.000000</in_Quantity.quantity><out_Quantity.quantity>187.772053</out_Quantity.quantity></Point><Point><position>3141</position><in_Quantity.quantity>0.000000</in_Quantity.quantity><out_Quantity.quantity>907.439756</out_Quantity.quantity></Point><Point><position>3142</position><in_Quantity.quantity>0.000000</in_Quantity.quantity><out_Quantity.quantity>641.792163</out_Quantity.quantity></Point><Point><position>3143</position><in_Quantity.quantity>0.000000</in_Quantity.quantity><out_Quantity.quantity>453.855166</out_Quantity.quantity></Point><Point><position>3144</position><in_Quantity.quantity>0.000000</in_Quantity.quantity><out_Quantity.quantity>248.112093</out_Quantity.quantity></Point><Point><position>3145</position><in_Quantity.quantity>0.000000</in_Quantity.quantity><out_Quantity.quantity>541.544983</out_Quantity.quantity></Point><Point><position>3146</position><in_Quantity.quantity>0.000000</in_Quantity.quantity><out_Quantity.quantity>377.964255</out_Quantity.quantity></Point><Point><position>3147</position><in_Quantity.quantity>0.000000</in_Quantity.quantity><out_Quantity.quantity>311.088722</out_Quantity.quantity></Point><Point><position>3148</position><in_Quantity.quantity>0.000000</in_Quantity.quantity><out_Quantity.quantity>8.088459</out_Quantity.quantity></Point><Point><position>3149</position><in_Quantity.quantity>0.000000</in_Quantity.quantity><out_Quantity.quantity>186.171398</out_Quantity.quantity></Point><Point><position>3150</position><in_Quantity.quantity>0.000000</in_Quantity.quantity><out_Quantity.quantity>682.711176</out_Quantity.quantity></Point><Point><position>3151</position><in_Quantity.quantity>0.000000</in_Quantity.quantity><out_Quantity.quantity>941.919161</out_Quantity.quantity></Point><Point><position>3152</position><in_Quantity.quantity>0.000000</in_Quantity.quantity><out_Quantity.quantity>615.854551</out_Quantity.quantity></Point><Point><position>3153</position><in_Quantity.quantity>0.000000</in_Quantity.quantity><out_Quantity.quantity>38.073676</out_Quantity.quantity></Point><Point><position>3154</position><in_Quantity.quantity>0.000000</in_Quantity.quantity><out_Quantity.quantity>794.662900</out_Quantity.quantity></Point><Point><position>3155</position><in_Quantity.quantity>0.000000</in_Quantity.quantity><out_Quantity.quantity>470.287162</out_Quantity.quantity></Point><Point><position>3156</position><in_Quantity.quantity>0.000000</in_Quantity.quantity><out_Quantity.quantity>227.193048</out_Quantity.quantity></Point><Point><position>3157</position><in_Quantity.quantity>0.000000</in_Quantity.quantity><out_Quantity.quantity>141.763046</out_Quantity.quantity></Point><Point><position>3158</position><in_Quantity.quantity>0.000000</in_Quantity.quantity><out_Quantity.quantity>146.039343</out_Quantity.quantity></Point><Point><position>3159</position><in_Quantity.quantity>0.000000</in_Quantity.quantity><out_Quantity.quantity>959.001860</out_Quantity.quantity></Point><Point><position>3160</position><in_Quantity.quantity>0.000000</in_Quantity.quantity><out_Quantity.quantity>401.279464</out_Quantity.quantity></Point><Point><position>3161</position><in_Quantity.quantity>0.000000</in_Quantity.quantity><out_Quantity.quantity>416.263846</out_Quantity.quantity></Point><Point><position>3162</position><in_Quantity.quantity>0.000000</in_Quantity.quantity><out_Quantity.quantity>761.919541</out_Quantity.quantity></Point><Point><position>3163</position><in_Quantity.quantity>0.000000</in_Quantity.quantity><out_Quantity.quantity>896.233840</out_Quantity.quantity></Point><Point><position>3164</position><in_Quantity.quantity>0.000000</in_Quantity.quantity><out_Quantity.quantity>965.275570</out_Quantity.quantity></Point><Point><position>3165</position><in_Quantity.quantity>0.000000</in_Quantity.quantity><out_Quantity.quantity>270.558261</out_Quantity.quantity></Point><Point><position>3166</position><in_Quantity.quantity>0.000000</in_Quantity.quantity><out_Quantity.quantity>584.408374</out_Quantity.quantity></Point><Point><position>3167</position><in_Quantity.quantity>0.000000</in_Quantity.quantity><out_Quantity.quantity>228.404571</out_Quantity.quantity></Point><Point><position>3168</position><in_Quantity.quantity>0.000000</in_Quantity.quantity><out_Quantity.quantity>794.472842</out_Quantity.quantity></Point><Point><position>3169</position><in_Quantity.quantity>0.000000</in_Quantity.quantity><out_Quantity.quantity>372.804041</out_Quantity.quantity></Point><Point><position>3170</position><in_Quantity.quantity>0.000000</in_Quantity.quantity><out_Quantity.quantity>376.816322</out_Quantity.quantity></Point><Point><position>3171</position><in_Quantity.quantity>0.000000</in_Quantity.quantity><out_Quantity.quantity>444.157686</out_Quantity.quantity></Point><Point><position>3172</position><in_Quantity.quantity>0.000000</in_Quantity.quantity><out_Quantity.quantity>527.364138</out_Quantity.quantity></Point><Point><position>3173</position><in_Quantity.quantity>0.000000</in_Quantity.quantity><out_Quantity.quantity>579.181839</out_Quantity.quantity></Point><Point><position>3174</position><in_Quantity.quantity>0.000000</in_Quantity.quantity><out_Quantity.quantity>469.222213</out_Quantity.quantity></Point><Point><position>3175</position><in_Quantity.quantity>0.000000</in_Quantity.quantity><out_Quantity.quantity>790.249285</out_Quantity.quantity></Point><Point><position>3176</position><in_Quantity.quantity>0.000000</in_Quantity.quantity><out_Quantity.quantity>616.155375</out_Quantity.quantity></Point><Point><position>3177</position><in_Quantity.quantity>0.000000</in_Quantity.quantity><out_Quantity.quantity>923.963917</out_Quantity.quantity></Point><Point><position>3178</position><in_Quantity.quantity>0.000000</in_Quantity.quantity><out_Quantity.quantity>510.809672</out_Quantity.quantity></Point><Point><position>3179</position><in_Quantity.quantity>0.000000</in_Quantity.quantity><out_Quantity.quantity>696.886101</out_Quantity.quantity></Point><Point><position>3180</position><in_Quantity.quantity>0.000000</in_Quantity.quantity><out_Quantity.quantity>726.957188</out_Quantity.quantity></Point><Point><position>3181</position><in_Quantity.quantity>0.000000</in_Quantity.quantity><out_Quantity.quantity>147.695925</out_Quantity.quantity></Point><Point><position>3182</position><in_Quantity.quantity>0.000000</in_Quantity.quantity><out_Quantity.quantity>876.645322</out_Quantity.quantity></Point><Point><position>3183</position><in_Quantity.quantity>0.000000</in_Quantity.quantity><out_Quantity.quantity>537.114295</out_Quantity.quantity></Point><Point><position>3184</position><in_Quantity.quantity>0.000000</in_Quantity.quantity><out_Quantity.quantity>557.394148</out_Quantity.quantity></Point><Point><position>3185</position><in_Quantity.quantity>0.000000</in_Quantity.quantity><out_Quantity.quantity>359.716124</out_Quantity.quantity></Point><Point><position>3186</position><in_Quantity.quantity>0.000000</in_Quantity.quantity><out_Quantity.quantity>994.789144</out_Quantity.quantity></Point><Point><position>3187</position><in_Quantity.quantity>0.000000</in_Quantity.quantity><out_Quantity.quantity>741.839502</out_Quantity.quantity></Point><Point><position>3188</position><in_Quantity.quantity>0.000000</in_Quantity.quantity><out_Quantity.quantity>998.670049</out_Quantity.quantity></Point><Point><position>3189</position><in_Quantity.quantity>0.000000</in_Quantity.quantity><out_Quantity.quantity>54.158390</out_Quantity.quantity></Point><Point><position>3190</position><in_Quantity.quantity>0.000000</in_Quantity.quantity><out_Quantity.quantity>95.573787</out_Quantity.quantity></Point><Point><position>3191</position><in_Quantity.quantity>0.000000</in_Quantity.quantity><out_Quantity.quantity>988.065013</out_Quantity.quantity></Point><Point><position>3192</position><in_Quantity.quantity>0.000000</in_Quantity.quantity><out_Quantity.quantity>449.169658</out_Quantity.quantity></Point><Point><position>3193</position><in_Quantity.quantity>0.000000</in_Quantity.quantity><out_Quantity.quantity>509.950325</out_Quantity.quantity></Point><Point><position>3194</position><in_Quantity.quantity>0.000000</in_Quantity.quantity><out_Quantity.quantity>666.400100</out_Quantity.quantity></Point><Point><position>3195</position><in_Quantity.quantity>0.000000</in_Quantity.quantity><out_Quantity.quantity>265.494700</out_Quantity.quantity></Point><Point><position>3196</position><in_Quantity.quantity>0.000000</in_Quantity.quantity><out_Quantity.quantity>612.142331</out_Quantity.quantity></Point><Point><position>3197</position><in_Quantity.quantity>0.000000</in_Quantity.quantity><out_Quantity.quantity>681.614154</out_Quantity.quantity></Point><Point><position>3198</position><in_Quantity.quantity>0.000000</in_Quantity.quantity><out_Quantity.quantity>153.084472</out_Quantity.quantity></Point><Point><position>3199</position><in_Quantity.quantity>0.000000</in_Quantity.quantity><out_Quantity.quantity>262.974995</out_Quantity.quantity></Point><Point><position>3200</position><in_Quantity.quantity>0.000000</in_Quantity.quantity><out_Quantity.quantity>438.624045</out_Quantity.quantity></Point><Point><position>3201</position><in_Quantity.quantity>0.000000</in_Quantity.quantity><out_Quantity.quantity>927.486441</out_Quantity.quantity></Point><Point><position>3202</position><in_Quantity.quantity>0.000000</in_Quantity.quantity><out_Quantity.quantity>710.848228</out_Quantity.quantity></Point><Point><position>3203</position><in_Quantity.quantity>0.000000</in_Quantity.quantity><out_Quantity.quantity>713.304395</out_Quantity.quantity></Point><Point><position>3204</position><in_Quantity.quantity>0.000000</in_Quantity.quantity><out_Quantity.quantity>660.075743</out_Quantity.quantity></Point><Point><position>3205</position><in_Quantity.quantity>0.000000</in_Quantity.quantity><out_Quantity.quantity>797.666961</out_Quantity.quantity></Point><Point><position>3206</position><in_Quantity.quantity>0.000000</in_Quantity.quantity><out_Quantity.quantity>228.008248</out_Quantity.quantity></Point><Point><position>3207</position><in_Quantity.quantity>0.000000</in_Quantity.quantity><out_Quantity.quantity>999.878822</out_Quantity.quantity></Point><Point><position>3208</position><in_Quantity.quantity>0.000000</in_Quantity.quantity><out_Quantity.quantity>699.432699</out_Quantity.quantity></Point><Point><position>3209</position><in_Quantity.quantity>0.000000</in_Quantity.quantity><out_Quantity.quantity>928.778192</out_Quantity.quantity></Point><Point><position>3210</position><in_Quantity.quantity>0.000000</in_Quantity.quantity><out_Quantity.quantity>898.649324</out_Quantity.quantity></Point><Point><position>3211</position><in_Quantity.quantity>0.000000</in_Quantity.quantity><out_Quantity.quantity>309.199404</out_Quantity.quantity></Point><Point><position>3212</position><in_Quantity.quantity>0.000000</in_Quantity.quantity><out_Quantity.quantity>495.040380</out_Quantity.quantity></Point><Point><position>3213</position><in_Quantity.quantity>0.000000</in_Quantity.quantity><out_Quantity.quantity>591.229420</out_Quantity.quantity></Point><Point><position>3214</position><in_Quantity.quantity>0.000000</in_Quantity.quantity><out_Quantity.quantity>358.795417</out_Quantity.quantity></Point><Point><position>3215</position><in_Quantity.quantity>0.000000</in_Quantity.quantity><out_Quantity.quantity>499.489244</out_Quantity.quantity></Point><Point><position>3216</position><in_Quantity.quantity>0.000000</in_Quantity.quantity><out_Quantity.quantity>359.404828</out_Quantity.quantity></Point><Point><position>3217</position><in_Quantity.quantity>0.000000</in_Quantity.quantity><out_Quantity.quantity>211.719024</out_Quantity.quantity></Point><Point><position>3218</position><in_Quantity.quantity>0.000000</in_Quantity.quantity><out_Quantity.quantity>935.231867</out_Quantity.quantity></Point><Point><position>3219</position><in_Quantity.quantity>0.000000</in_Quantity.quantity><out_Quantity.quantity>51.110111</out_Quantity.quantity></Point><Point><position>3220</position><in_Quantity.quantity>0.000000</in_Quantity.quantity><out_Quantity.quantity>40.667907</out_Quantity.quantity></Point><Point><position>3221</position><in_Quantity.quantity>0.000000</in_Quantity.quantity><out_Quantity.quantity>460.333176</out_Quantity.quantity></Point><Point><position>3222</position><in_Quantity.quantity>0.000000</in_Quantity.quantity><out_Quantity.quantity>537.278046</out_Quantity.quantity></Point><Point><position>3223</position><in_Quantity.quantity>0.000000</in_Quantity.quantity><out_Quantity.quantity>656.174829</out_Quantity.quantity></Point><Point><position>3224</position><in_Quantity.quantity>0.000000</in_Quantity.quantity><out_Quantity.quantity>818.903925</out_Quantity.quantity></Point><Point><position>3225</position><in_Quantity.quantity>0.000000</in_Quantity.quantity><out_Quantity.quantity>782.752807</out_Quantity.quantity></Point><Point><position>3226</position><in_Quantity.quantity>0.000000</in_Quantity.quantity><out_Quantity.quantity>671.192393</out_Quantity.quantity></Point><Point><position>3227</position><in_Quantity.quantity>0.000000</in_Quantity.quantity><out_Quantity.quantity>539.612628</out_Quantity.quantity></Point><Point><position>3228</position><in_Quantity.quantity>0.000000</in_Quantity.quantity><out_Quantity.quantity>439.139703</out_Quantity.quantity></Point><Point><position>3229</position><in_Quantity.quantity>0.000000</in_Quantity.quantity><out_Quantity.quantity>936.758496</out_Quantity.quantity></Point><Point><position>3230</position><in_Quantity.quantity>0.000000</in_Quantity.quantity><out_Quantity.quantity>453.162846</out_Quantity.quantity></Point><Point><position>3231</position><in_Quantity.quantity>0.000000</in_Quantity.quantity><out_Quantity.quantity>809.676749</out_Quantity.quantity></Point><Point><position>3232</position><in_Quantity.quantity>0.000000</in_Quantity.quantity><out_Quantity.quantity>583.470219</out_Quantity.quantity></Point><Point><position>3233</position><in_Quantity.quantity>0.000000</in_Quantity.quantity><out_Quantity.quantity>92.852138</out_Quantity.quantity></Point><Point><position>3234</position><in_Quantity.quantity>0.000000</in_Quantity.quantity><out_Quantity.quantity>37.338979</out_Quantity.quantity></Point><Point><position>3235</position><in_Quantity.quantity>0.000000</in_Quantity.quantity><out_Quantity.quantity>175.700137</out_Quantity.quantity></Point><Point><position>3236</position><in_Quantity.quantity>0.000000</in_Quantity.quantity><out_Quantity.quantity>506.651849</out_Quantity.quantity></Point><Point><position>3237</position><in_Quantity.quantity>0.000000</in_Quantity.quantity><out_Quantity.quantity>20.721403</out_Quantity.quantity></Point><Point><position>3238</position><in_Quantity.quantity>0.000000</in_Quantity.quantity><out_Quantity.quantity>851.688244</out_Quantity.quantity></Point><Point><position>3239</position><in_Quantity.quantity>0.000000</in_Quantity.quantity><out_Quantity.quantity>437.721312</out_Quantity.quantity></Point><Point><position>3240</position><in_Quantity.quantity>0.000000</in_Quantity.quantity><out_Quantity.quantity>702.493949</out_Quantity.quantity></Point><Point><position>3241</position><in_Quantity.quantity>0.000000</in_Quantity.quantity><out_Quantity.quantity>773.197072</out_Quantity.quantity></Point><Point><position>3242</position><in_Quantity.quantity>0.000000</in_Quantity.quantity><out_Quantity.quantity>353.778992</out_Quantity.quantity></Point><Point><position>3243</position><in_Quantity.quantity>0.000000</in_Quantity.quantity><out_Quantity.quantity>977.550631</out_Quantity.quantity></Point><Point><position>3244</position><in_Quantity.quantity>0.000000</in_Quantity.quantity><out_Quantity.quantity>681.498194</out_Quantity.quantity></Point><Point><position>3245</position><in_Quantity.quantity>0.000000</in_Quantity.quantity><out_Quantity.quantity>481.542689</out_Quantity.quantity></Point><Point><position>3246</position><in_Quantity.quantity>0.000000</in_Quantity.quantity><out_Quantity.quantity>617.635488</out_Quantity.quantity></Point><Point><position>3247</position><in_Quantity.quantity>0.000000</in_Quantity.quantity><out_Quantity.quantity>436.191630</out_Quantity.quantity></Point><Point><position>3248</position><in_Quantity.quantity>0.000000</in_Quantity.quantity><out_Quantity.quantity>565.510942</out_Quantity.quantity></Point><Point><position>3249</position><in_Quantity.quantity>0.000000</in_Quantity.quantity><out_Quantity.quantity>587.739061</out_Quantity.quantity></Point><Point><position>3250</position><in_Quantity.quantity>0.000000</in_Quantity.quantity><out_Quantity.quantity>689.288114</out_Quantity.quantity></Point><Point><position>3251</position><in_Quantity.quantity>0.000000</in_Quantity.quantity><out_Quantity.quantity>986.376030</out_Quantity.quantity></Point><Point><position>3252</position><in_Quantity.quantity>0.000000</in_Quantity.quantity><out_Quantity.quantity>818.671280</out_Quantity.quantity></Point><Point><position>3253</position><in_Quantity.quantity>0.000000</in_Quantity.quantity><out_Quantity.quantity>479.006715</out_Quantity.quantity></Point><Point><position>3254</position><in_Quantity.quantity>0.000000</in_Quantity.quantity><out_Quantity.quantity>90.088453</out_Quantity.quantity></Point><Point><position>3255</position><in_Quantity.quantity>0.000000</in_Quantity.quantity><out_Quantity.quantity>15.460883</out_Quantity.quantity></Point><Point><position>3256</position><in_Quantity.quantity>0.000000</in_Quantity.quantity><out_Quantity.quantity>93.581477</out_Quantity.quantity></Point><Point><position>3257</position><in_Quantity.quantity>0.000000</in_Quantity.quantity><out_Quantity.quantity>164.801347</out_Quantity.quantity></Point><Point><position>3258</position><in_Quantity.quantity>0.000000</in_Quantity.quantity><out_Quantity.quantity>342.990725</out_Quantity.quantity></Point><Point><position>3259</position><in_Quantity.quantity>0.000000</in_Quantity.quantity><out_Quantity.quantity>393.145647</out_Quantity.quantity></Point><Point><position>3260</position><in_Quantity.quantity>0.000000</in_Quantity.quantity><out_Quantity.quantity>262.499526</out_Quantity.quantity></Point><Point><position>3261</position><in_Quantity.quantity>0.000000</in_Quantity.quantity><out_Quantity.quantity>93.532464</out_Quantity.quantity></Point><Point><position>3262</position><in_Quantity.quantity>0.000000</in_Quantity.quantity><out_Quantity.quantity>115.016757</out_Quantity.quantity></Point><Point><position>3263</position><in_Quantity.quantity>0.000000</in_Quantity.quantity><out_Quantity.quantity>965.743457</out_Quantity.quantity></Point><Point><position>3264</position><in_Quantity.quantity>0.000000</in_Quantity.quantity><out_Quantity.quantity>843.418916</out_Quantity.quantity></Point><Point><position>3265</position><in_Quantity.quantity>0.000000</in_Quantity.quantity><out_Quantity.quantity>133.011782</out_Quantity.quantity></Point><Point><position>3266</position><in_Quantity.quantity>0.000000</in_Quantity.quantity><out_Quantity.quantity>850.701973</out_Quantity.quantity></Point><Point><position>3267</position><in_Quantity.quantity>0.000000</in_Quantity.quantity><out_Quantity.quantity>226.248586</out_Quantity.quantity></Point><Point><position>3268</position><in_Quantity.quantity>0.000000</in_Quantity.quantity><out_Quantity.quantity>542.872783</out_Quantity.quantity></Point><Point><position>3269</position><in_Quantity.quantity>0.000000</in_Quantity.quantity><out_Quantity.quantity>653.281319</out_Quantity.quantity></Point><Point><position>3270</position><in_Quantity.quantity>0.000000</in_Quantity.quantity><out_Quantity.quantity>309.586191</out_Quantity.quantity></Point><Point><position>3271</position><in_Quantity.quantity>0.000000</in_Quantity.quantity><out_Quantity.quantity>453.708232</out_Quantity.quantity></Point><Point><position>3272</position><in_Quantity.quantity>0.000000</in_Quantity.quantity><out_Quantity.quantity>493.706839</out_Quantity.quantity></Point><Point><position>3273</position><in_Quantity.quantity>0.000000</in_Quantity.quantity><out_Quantity.quantity>566.920268</out_Quantity.quantity></Point><Point><position>3274</position><in_Quantity.quantity>0.000000</in_Quantity.quantity><out_Quantity.quantity>423.275778</out_Quantity.quantity></Point><Point><position>3275</position><in_Quantity.quantity>0.000000</in_Quantity.quantity><out_Quantity.quantity>71.336012</out_Quantity.quantity></Point><Point><position>3276</position><in_Quantity.quantity>0.000000</in_Quantity.quantity><out_Quantity.quantity>684.702641</out_Quantity.quantity></Point><Point><position>3277</position><in_Quantity.quantity>0.000000</in_Quantity.quantity><out_Quantity.quantity>493.277900</out_Quantity.quantity></Point><Point><position>3278</position><in_Quantity.quantity>0.000000</in_Quantity.quantity><out_Quantity.quantity>319.373650</out_Quantity.quantity></Point><Point><position>3279</position><in_Quantity.quantity>0.000000</in_Quantity.quantity><out_Quantity.quantity>616.962680</out_Quantity.quantity></Point><Point><position>3280</position><in_Quantity.quantity>0.000000</in_Quantity.quantity><out_Quantity.quantity>780.302798</out_Quantity.quantity></Point><Point><position>3281</position><in_Quantity.quantity>0.000000</in_Quantity.quantity><out_Quantity.quantity>291.211225</out_Quantity.quantity></Point><Point><position>3282</position><in_Quantity.quantity>0.000000</in_Quantity.quantity><out_Quantity.quantity>598.488577</out_Quantity.quantity></Point><Point><position>3283</position><in_Quantity.quantity>0.000000</in_Quantity.quantity><out_Quantity.quantity>685.407680</out_Quantity.quantity></Point><Point><position>3284</position><in_Quantity.quantity>0.000000</in_Quantity.quantity><out_Quantity.quantity>313.233469</out_Quantity.quantity></Point><Point><position>3285</position><in_Quantity.quantity>0.000000</in_Quantity.quantity><out_Quantity.quantity>72.412185</out_Quantity.quantity></Point><Point><position>3286</position><in_Quantity.quantity>0.000000</in_Quantity.quantity><out_Quantity.quantity>834.108962</out_Quantity.quantity></Point><Point><position>3287</position><in_Quantity.quantity>0.000000</in_Quantity.quantity><out_Quantity.quantity>719.558557</out_Quantity.quantity></Point><Point><position>3288</position><in_Quantity.quantity>0.000000</in_Quantity.quantity><out_Quantity.quantity>384.099995</out_Quantity.quantity></Point><Point><position>3289</position><in_Quantity.quantity>0.000000</in_Quantity.quantity><out_Quantity.quantity>271.697427</out_Quantity.quantity></Point><Point><position>3290</position><in_Quantity.quantity>0.000000</in_Quantity.quantity><out_Quantity.quantity>490.624333</out_Quantity.quantity></Point><Point><position>3291</position><in_Quantity.quantity>0.000000</in_Quantity.quantity><out_Quantity.quantity>909.883080</out_Quantity.quantity></Point><Point><position>3292</position><in_Quantity.quantity>0.000000</in_Quantity.quantity><out_Quantity.quantity>959.335800</out_Quantity.quantity></Point><Point><position>3293</position><in_Quantity.quantity>0.000000</in_Quantity.quantity><out_Quantity.quantity>977.893405</out_Quantity.quantity></Point><Point><position>3294</position><in_Quantity.quantity>0.000000</in_Quantity.quantity><out_Quantity.quantity>941.586948</out_Quantity.quantity></Point><Point><position>3295</position><in_Quantity.quantity>0.000000</in_Quantity.quantity><out_Quantity.quantity>209.351987</out_Quantity.quantity></Point><Point><position>3296</position><in_Quantity.quantity>0.000000</in_Quantity.quantity><out_Quantity.quantity>193.146282</out_Quantity.quantity></Point><Point><position>3297</position><in_Quantity.quantity>0.000000</in_Quantity.quantity><out_Quantity.quantity>965.149270</out_Quantity.quantity></Point><Point><position>3298</position><in_Quantity.quantity>0.000000</in_Quantity.quantity><out_Quantity.quantity>661.548943</out_Quantity.quantity></Point><Point><position>3299</position><in_Quantity.quantity>0.000000</in_Quantity.quantity><out_Quantity.quantity>12.122750</out_Quantity.quantity></Point><Point><position>3300</position><in_Quantity.quantity>0.000000</in_Quantity.quantity><out_Quantity.quantity>285.955993</out_Quantity.quantity></Point><Point><position>3301</position><in_Quantity.quantity>0.000000</in_Quantity.quantity><out_Quantity.quantity>557.390813</out_Quantity.quantity></Point><Point><position>3302</position><in_Quantity.quantity>0.000000</in_Quantity.quantity><out_Quantity.quantity>675.795672</out_Quantity.quantity></Point><Point><position>3303</position><in_Quantity.quantity>0.000000</in_Quantity.quantity><out_Quantity.quantity>64.142533</out_Quantity.quantity></Point><Point><position>3304</position><in_Quantity.quantity>0.000000</in_Quantity.quantity><out_Quantity.quantity>400.472748</out_Quantity.quantity></Point><Point><position>3305</position><in_Quantity.quantity>0.000000</in_Quantity.quantity><out_Quantity.quantity>456.162101</out_Quantity.quantity></Point><Point><position>3306</position><in_Quantity.quantity>0.000000</in_Quantity.quantity><out_Quantity.quantity>555.995453</out_Quantity.quantity></Point><Point><position>3307</position><in_Quantity.quantity>0.000000</in_Quantity.quantity><out_Quantity.quantity>9.819579</out_Quantity.quantity></Point><Point><position>3308</position><in_Quantity.quantity>0.000000</in_Quantity.quantity><out_Quantity.quantity>568.895677</out_Quantity.quantity></Point><Point><position>3309</position><in_Quantity.quantity>0.000000</in_Quantity.quantity><out_Quantity.quantity>44.347702</out_Quantity.quantity></Point><Point><position>3310</position><in_Quantity.quantity>0.000000</in_Quantity.quantity><out_Quantity.quantity>49.886990</out_Quantity.quantity></Point><Point><position>3311</position><in_Quantity.quantity>0.000000</in_Quantity.quantity><out_Quantity.quantity>408.549537</out_Quantity.quantity></Point><Point><position>3312</position><in_Quantity.quantity>0.000000</in_Quantity.quantity><out_Quantity.quantity>753.429343</out_Quantity.quantity></Point><Point><position>3313</position><in_Quantity.quantity>0.000000</in_Quantity.quantity><out_Quantity.quantity>413.757010</out_Quantity.quantity></Point><Point><position>3314</position><in_Quantity.quantity>0.000000</in_Quantity.quantity><out_Quantity.quantity>823.891248</out_Quantity.quantity></Point><Point><position>3315</position><in_Quantity.quantity>0.000000</in_Quantity.quantity><out_Quantity.quantity>595.098591</out_Quantity.quantity></Point><Point><position>3316</position><in_Quantity.quantity>0.000000</in_Quantity.quantity><out_Quantity.quantity>928.199347</out_Quantity.quantity></Point><Point><position>3317</position><in_Quantity.quantity>0.000000</in_Quantity.quantity><out_Quantity.quantity>1.079927</out_Quantity.quantity></Point><Point><position>3318</position><in_Quantity.quantity>0.000000</in_Quantity.quantity><out_Quantity.quantity>363.555057</out_Quantity.quantity></Point><Point><position>3319</position><in_Quantity.quantity>0.000000</in_Quantity.quantity><out_Quantity.quantity>156.153571</out_Quantity.quantity></Point><Point><position>3320</position><in_Quantity.quantity>0.000000</in_Quantity.quantity><out_Quantity.quantity>898.726023</out_Quantity.quantity></Point><Point><position>3321</position><in_Quantity.quantity>0.000000</in_Quantity.quantity><out_Quantity.quantity>210.455906</out_Quantity.quantity></Point><Point><position>3322</position><in_Quantity.quantity>0.000000</in_Quantity.quantity><out_Quantity.quantity>573.705878</out_Quantity.quantity></Point><Point><position>3323</position><in_Quantity.quantity>0.000000</in_Quantity.quantity><out_Quantity.quantity>302.047685</out_Quantity.quantity></Point><Point><position>3324</position><in_Quantity.quantity>0.000000</in_Quantity.quantity><out_Quantity.quantity>38.231101</out_Quantity.quantity></Point><Point><position>3325</position><in_Quantity.quantity>0.000000</in_Quantity.quantity><out_Quantity.quantity>886.672295</out_Quantity.quantity></Point><Point><position>3326</position><in_Quantity.quantity>0.000000</in_Quantity.quantity><out_Quantity.quantity>548.273145</out_Quantity.quantity></Point><Point><position>3327</position><in_Quantity.quantity>0.000000</in_Quantity.quantity><out_Quantity.quantity>450.444356</out_Quantity.quantity></Point><Point><position>3328</position><in_Quantity.quantity>0.000000</in_Quantity.quantity><out_Quantity.quantity>834.847825</out_Quantity.quantity></Point><Point><position>3329</position><in_Quantity.quantity>0.000000</in_Quantity.quantity><out_Quantity.quantity>361.676911</out_Quantity.quantity></Point><Point><position>3330</position><in_Quantity.quantity>0.000000</in_Quantity.quantity><out_Quantity.quantity>440.765753</out_Quantity.quantity></Point><Point><position>3331</position><in_Quantity.quantity>0.000000</in_Quantity.quantity><out_Quantity.quantity>559.330842</out_Quantity.quantity></Point><Point><position>3332</position><in_Quantity.quantity>0.000000</in_Quantity.quantity><out_Quantity.quantity>882.014821</out_Quantity.quantity></Point><Point><position>3333</position><in_Quantity.quantity>0.000000</in_Quantity.quantity><out_Quantity.quantity>276.744008</out_Quantity.quantity></Point><Point><position>3334</position><in_Quantity.quantity>0.000000</in_Quantity.quantity><out_Quantity.quantity>609.243909</out_Quantity.quantity></Point><Point><position>3335</position><in_Quantity.quantity>0.000000</in_Quantity.quantity><out_Quantity.quantity>928.274396</out_Quantity.quantity></Point><Point><position>3336</position><in_Quantity.quantity>0.000000</in_Quantity.quantity><out_Quantity.quantity>921.409118</out_Quantity.quantity></Point><Point><position>3337</position><in_Quantity.quantity>0.000000</in_Quantity.quantity><out_Quantity.quantity>728.213899</out_Quantity.quantity></Point><Point><position>3338</position><in_Quantity.quantity>0.000000</in_Quantity.quantity><out_Quantity.quantity>705.905739</out_Quantity.quantity></Point><Point><position>3339</position><in_Quantity.quantity>0.000000</in_Quantity.quantity><out_Quantity.quantity>790.001116</out_Quantity.quantity></Point><Point><position>3340</position><in_Quantity.quantity>0.000000</in_Quantity.quantity><out_Quantity.quantity>153.140151</out_Quantity.quantity></Point><Point><position>3341</position><in_Quantity.quantity>0.000000</in_Quantity.quantity><out_Quantity.quantity>111.347154</out_Quantity.quantity></Point><Point><position>3342</position><in_Quantity.quantity>0.000000</in_Quantity.quantity><out_Quantity.quantity>704.057332</out_Quantity.quantity></Point><Point><position>3343</position><in_Quantity.quantity>0.000000</in_Quantity.quantity><out_Quantity.quantity>479.860962</out_Quantity.quantity></Point><Point><position>3344</position><in_Quantity.quantity>0.000000</in_Quantity.quantity><out_Quantity.quantity>172.643537</out_Quantity.quantity></Point><Point><position>3345</position><in_Quantity.quantity>0.000000</in_Quantity.quantity><out_Quantity.quantity>158.387518</out_Quantity.quantity></Point><Point><position>3346</position><in_Quantity.quantity>0.000000</in_Quantity.quantity><out_Quantity.quantity>862.792503</out_Quantity.quantity></Point><Point><position>3347</position><in_Quantity.quantity>0.000000</in_Quantity.quantity><out_Quantity.quantity>701.341574</out_Quantity.quantity></Point><Point><position>3348</position><in_Quantity.quantity>0.000000</in_Quantity.quantity><out_Quantity.quantity>936.696826</out_Quantity.quantity></Point><Point><position>3349</position><in_Quantity.quantity>0.000000</in_Quantity.quantity><out_Quantity.quantity>837.322595</out_Quantity.quantity></Point><Point><position>3350</position><in_Quantity.quantity>0.000000</in_Quantity.quantity><out_Quantity.quantity>549.393118</out_Quantity.quantity></Point><Point><position>3351</position><in_Quantity.quantity>0.000000</in_Quantity.quantity><out_Quantity.quantity>960.406771</out_Quantity.quantity></Point><Point><position>3352</position><in_Quantity.quantity>0.000000</in_Quantity.quantity><out_Quantity.quantity>48.737002</out_Quantity.quantity></Point><Point><position>3353</position><in_Quantity.quantity>0.000000</in_Quantity.quantity><out_Quantity.quantity>298.592713</out_Quantity.quantity></Point><Point><position>3354</position><in_Quantity.quantity>0.000000</in_Quantity.quantity><out_Quantity.quantity>23.809939</out_Quantity.quantity></Point><Point><position>3355</position><in_Quantity.quantity>0.000000</in_Quantity.quantity><out_Quantity.quantity>437.642624</out_Quantity.quantity></Point><Point><position>3356</position><in_Quantity.quantity>0.000000</in_Quantity.quantity><out_Quantity.quantity>608.674247</out_Quantity.quantity></Point><Point><position>3357</position><in_Quantity.quantity>0.000000</in_Quantity.quantity><out_Quantity.quantity>813.641590</out_Quantity.quantity></Point><Point><position>3358</position><in_Quantity.quantity>0.000000</in_Quantity.quantity><out_Quantity.quantity>211.679179</out_Quantity.quantity></Point><Point><position>3359</position><in_Quantity.quantity>0.000000</in_Quantity.quantity><out_Quantity.quantity>642.802149</out_Quantity.quantity></Point><Point><position>3360</position><in_Quantity.quantity>0.000000</in_Quantity.quantity><out_Quantity.quantity>752.678781</out_Quantity.quantity></Point><Point><position>3361</position><in_Quantity.quantity>0.000000</in_Quantity.quantity><out_Quantity.quantity>95.791446</out_Quantity.quantity></Point><Point><position>3362</position><in_Quantity.quantity>0.000000</in_Quantity.quantity><out_Quantity.quantity>919.180713</out_Quantity.quantity></Point><Point><position>3363</position><in_Quantity.quantity>0.000000</in_Quantity.quantity><out_Quantity.quantity>914.054948</out_Quantity.quantity></Point><Point><position>3364</position><in_Quantity.quantity>0.000000</in_Quantity.quantity><out_Quantity.quantity>783.006112</out_Quantity.quantity></Point><Point><position>3365</position><in_Quantity.quantity>0.000000</in_Quantity.quantity><out_Quantity.quantity>583.954292</out_Quantity.quantity></Point><Point><position>3366</position><in_Quantity.quantity>0.000000</in_Quantity.quantity><out_Quantity.quantity>399.536153</out_Quantity.quantity></Point><Point><position>3367</position><in_Quantity.quantity>0.000000</in_Quantity.quantity><out_Quantity.quantity>852.657204</out_Quantity.quantity></Point><Point><position>3368</position><in_Quantity.quantity>0.000000</in_Quantity.quantity><out_Quantity.quantity>874.622751</out_Quantity.quantity></Point><Point><position>3369</position><in_Quantity.quantity>0.000000</in_Quantity.quantity><out_Quantity.quantity>18.124570</out_Quantity.quantity></Point><Point><position>3370</position><in_Quantity.quantity>0.000000</in_Quantity.quantity><out_Quantity.quantity>135.079649</out_Quantity.quantity></Point><Point><position>3371</position><in_Quantity.quantity>0.000000</in_Quantity.quantity><out_Quantity.quantity>512.162788</out_Quantity.quantity></Point><Point><position>3372</position><in_Quantity.quantity>0.000000</in_Quantity.quantity><out_Quantity.quantity>378.951485</out_Quantity.quantity></Point><Point><position>3373</position><in_Quantity.quantity>0.000000</in_Quantity.quantity><out_Quantity.quantity>583.056897</out_Quantity.quantity></Point><Point><position>3374</position><in_Quantity.quantity>0.000000</in_Quantity.quantity><out_Quantity.quantity>524.269456</out_Quantity.quantity></Point><Point><position>3375</position><in_Quantity.quantity>0.000000</in_Quantity.quantity><out_Quantity.quantity>925.700462</out_Quantity.quantity></Point><Point><position>3376</position><in_Quantity.quantity>0.000000</in_Quantity.quantity><out_Quantity.quantity>633.991086</out_Quantity.quantity></Point><Point><position>3377</position><in_Quantity.quantity>0.000000</in_Quantity.quantity><out_Quantity.quantity>156.004088</out_Quantity.quantity></Point><Point><position>3378</position><in_Quantity.quantity>0.000000</in_Quantity.quantity><out_Quantity.quantity>633.328139</out_Quantity.quantity></Point><Point><position>3379</position><in_Quantity.quantity>0.000000</in_Quantity.quantity><out_Quantity.quantity>448.836560</out_Quantity.quantity></Point><Point><position>3380</position><in_Quantity.quantity>0.000000</in_Quantity.quantity><out_Quantity.quantity>559.739966</out_Quantity.quantity></Point><Point><position>3381</position><in_Quantity.quantity>0.000000</in_Quantity.quantity><out_Quantity.quantity>836.280632</out_Quantity.quantity></Point><Point><position>3382</position><in_Quantity.quantity>0.000000</in_Quantity.quantity><out_Quantity.quantity>965.464865</out_Quantity.quantity></Point><Point><position>3383</position><in_Quantity.quantity>0.000000</in_Quantity.quantity><out_Quantity.quantity>600.133329</out_Quantity.quantity></Point><Point><position>3384</position><in_Quantity.quantity>0.000000</in_Quantity.quantity><out_Quantity.quantity>187.372866</out_Quantity.quantity></Point><Point><position>3385</position><in_Quantity.quantity>0.000000</in_Quantity.quantity><out_Quantity.quantity>988.871330</out_Quantity.quantity></Point><Point><position>3386</position><in_Quantity.quantity>0.000000</in_Quantity.quantity><out_Quantity.quantity>847.120753</out_Quantity.quantity></Point><Point><position>3387</position><in_Quantity.quantity>0.000000</in_Quantity.quantity><out_Quantity.quantity>705.517000</out_Quantity.quantity></Point><Point><position>3388</position><in_Quantity.quantity>0.000000</in_Quantity.quantity><out_Quantity.quantity>26.495496</out_Quantity.quantity></Point><Point><position>3389</position><in_Quantity.quantity>0.000000</in_Quantity.quantity><out_Quantity.quantity>284.455106</out_Quantity.quantity></Point><Point><position>3390</position><in_Quantity.quantity>0.000000</in_Quantity.quantity><out_Quantity.quantity>986.529932</out_Quantity.quantity></Point><Point><position>3391</position><in_Quantity.quantity>0.000000</in_Quantity.quantity><out_Quantity.quantity>53.234269</out_Quantity.quantity></Point><Point><position>3392</position><in_Quantity.quantity>0.000000</in_Quantity.quantity><out_Quantity.quantity>910.979681</out_Quantity.quantity></Point><Point><position>3393</position><in_Quantity.quantity>0.000000</in_Quantity.quantity><out_Quantity.quantity>246.851761</out_Quantity.quantity></Point><Point><position>3394</position><in_Quantity.quantity>0.000000</in_Quantity.quantity><out_Quantity.quantity>909.465844</out_Quantity.quantity></Point><Point><position>3395</position><in_Quantity.quantity>0.000000</in_Quantity.quantity><out_Quantity.quantity>805.257539</out_Quantity.quantity></Point><Point><position>3396</position><in_Quantity.quantity>0.000000</in_Quantity.quantity><out_Quantity.quantity>124.961308</out_Quantity.quantity></Point><Point><position>3397</position><in_Quantity.quantity>0.000000</in_Quantity.quantity><out_Quantity.quantity>844.926195</out_Quantity.quantity></Point><Point><position>3398</position><in_Quantity.quantity>0.000000</in_Quantity.quantity><out_Quantity.quantity>344.330858</out_Quantity.quantity></Point><Point><position>3399</position><in_Quantity.quantity>0.000000</in_Quantity.quantity><out_Quantity.quantity>166.176807</out_Quantity.quantity></Point><Point><position>3400</position><in_Quantity.quantity>0.000000</in_Quantity.quantity><out_Quantity.quantity>534.923524</out_Quantity.quantity></Point><Point><position>3401</position><in_Quantity.quantity>0.000000</in_Quantity.quantity><out_Quantity.quantity>796.297114</out_Quantity.quantity></Point><Point><position>3402</position><in_Quantity.quantity>0.000000</in_Quantity.quantity><out_Quantity.quantity>713.873109</out_Quantity.quantity></Point><Point><position>3403</position><in_Quantity.quantity>0.000000</in_Quantity.quantity><out_Quantity.quantity>140.485240</out_Quantity.quantity></Point><Point><position>3404</position><in_Quantity.quantity>0.000000</in_Quantity.quantity><out_Quantity.quantity>596.571945</out_Quantity.quantity></Point><Point><position>3405</position><in_Quantity.quantity>0.000000</in_Quantity.quantity><out_Quantity.quantity>999.983581</out_Quantity.quantity></Point><Point><position>3406</position><in_Quantity.quantity>0.000000</in_Quantity.quantity><out_Quantity.quantity>239.400444</out_Quantity.quantity></Point><Point><position>3407</position><in_Quantity.quantity>0.000000</in_Quantity.quantity><out_Quantity.quantity>205.859256</out_Quantity.quantity></Point><Point><position>3408</position><in_Quantity.quantity>0.000000</in_Quantity.quantity><out_Quantity.quantity>542.392253</out_Quantity.quantity></Point><Point><position>3409</position><in_Quantity.quantity>0.000000</in_Quantity.quantity><out_Quantity.quantity>714.591012</out_Quantity.quantity></Point><Point><position>3410</position><in_Quantity.quantity>0.000000</in_Quantity.quantity><out_Quantity.quantity>815.598859</out_Quantity.quantity></Point><Point><position>3411</position><in_Quantity.quantity>0.000000</in_Quantity.quantity><out_Quantity.quantity>33.407878</out_Quantity.quantity></Point><Point><position>3412</position><in_Quantity.quantity>0.000000</in_Quantity.quantity><out_Quantity.quantity>24.424735</out_Quantity.quantity></Point><Point><position>3413</position><in_Quantity.quantity>0.000000</in_Quantity.quantity><out_Quantity.quantity>775.216665</out_Quantity.quantity></Point><Point><position>3414</position><in_Quantity.quantity>0.000000</in_Quantity.quantity><out_Quantity.quantity>922.008363</out_Quantity.quantity></Point><Point><position>3415</position><in_Quantity.quantity>0.000000</in_Quantity.quantity><out_Quantity.quantity>883.216867</out_Quantity.quantity></Point><Point><position>3416</position><in_Quantity.quantity>0.000000</in_Quantity.quantity><out_Quantity.quantity>515.290959</out_Quantity.quantity></Point><Point><position>3417</position><in_Quantity.quantity>0.000000</in_Quantity.quantity><out_Quantity.quantity>1.361966</out_Quantity.quantity></Point><Point><position>3418</position><in_Quantity.quantity>0.000000</in_Quantity.quantity><out_Quantity.quantity>683.057450</out_Quantity.quantity></Point><Point><position>3419</position><in_Quantity.quantity>0.000000</in_Quantity.quantity><out_Quantity.quantity>509.383405</out_Quantity.quantity></Point><Point><position>3420</position><in_Quantity.quantity>0.000000</in_Quantity.quantity><out_Quantity.quantity>849.623295</out_Quantity.quantity></Point><Point><position>3421</position><in_Quantity.quantity>0.000000</in_Quantity.quantity><out_Quantity.quantity>763.253982</out_Quantity.quantity></Point><Point><position>3422</position><in_Quantity.quantity>0.000000</in_Quantity.quantity><out_Quantity.quantity>291.084779</out_Quantity.quantity></Point><Point><position>3423</position><in_Quantity.quantity>0.000000</in_Quantity.quantity><out_Quantity.quantity>839.989924</out_Quantity.quantity></Point><Point><position>3424</position><in_Quantity.quantity>0.000000</in_Quantity.quantity><out_Quantity.quantity>968.061944</out_Quantity.quantity></Point><Point><position>3425</position><in_Quantity.quantity>0.000000</in_Quantity.quantity><out_Quantity.quantity>354.664736</out_Quantity.quantity></Point><Point><position>3426</position><in_Quantity.quantity>0.000000</in_Quantity.quantity><out_Quantity.quantity>502.620307</out_Quantity.quantity></Point><Point><position>3427</position><in_Quantity.quantity>0.000000</in_Quantity.quantity><out_Quantity.quantity>73.245764</out_Quantity.quantity></Point><Point><position>3428</position><in_Quantity.quantity>0.000000</in_Quantity.quantity><out_Quantity.quantity>939.218189</out_Quantity.quantity></Point><Point><position>3429</position><in_Quantity.quantity>0.000000</in_Quantity.quantity><out_Quantity.quantity>944.684878</out_Quantity.quantity></Point><Point><position>3430</position><in_Quantity.quantity>0.000000</in_Quantity.quantity><out_Quantity.quantity>708.982754</out_Quantity.quantity></Point><Point><position>3431</position><in_Quantity.quantity>0.000000</in_Quantity.quantity><out_Quantity.quantity>352.739733</out_Quantity.quantity></Point><Point><position>3432</position><in_Quantity.quantity>0.000000</in_Quantity.quantity><out_Quantity.quantity>265.545951</out_Quantity.quantity></Point><Point><position>3433</position><in_Quantity.quantity>0.000000</in_Quantity.quantity><out_Quantity.quantity>673.515413</out_Quantity.quantity></Point><Point><position>3434</position><in_Quantity.quantity>0.000000</in_Quantity.quantity><out_Quantity.quantity>879.175051</out_Quantity.quantity></Point><Point><position>3435</position><in_Quantity.quantity>0.000000</in_Quantity.quantity><out_Quantity.quantity>422.311733</out_Quantity.quantity></Point><Point><position>3436</position><in_Quantity.quantity>0.000000</in_Quantity.quantity><out_Quantity.quantity>422.014071</out_Quantity.quantity></Point><Point><position>3437</position><in_Quantity.quantity>0.000000</in_Quantity.quantity><out_Quantity.quantity>615.513666</out_Quantity.quantity></Point><Point><position>3438</position><in_Quantity.quantity>0.000000</in_Quantity.quantity><out_Quantity.quantity>874.862703</out_Quantity.quantity></Point><Point><position>3439</position><in_Quantity.quantity>0.000000</in_Quantity.quantity><out_Quantity.quantity>623.276177</out_Quantity.quantity></Point><Point><position>3440</position><in_Quantity.quantity>0.000000</in_Quantity.quantity><out_Quantity.quantity>854.586433</out_Quantity.quantity></Point><Point><position>3441</position><in_Quantity.quantity>0.000000</in_Quantity.quantity><out_Quantity.quantity>130.077746</out_Quantity.quantity></Point><Point><position>3442</position><in_Quantity.quantity>0.000000</in_Quantity.quantity><out_Quantity.quantity>922.634384</out_Quantity.quantity></Point><Point><position>3443</position><in_Quantity.quantity>0.000000</in_Quantity.quantity><out_Quantity.quantity>33.286315</out_Quantity.quantity></Point><Point><position>3444</position><in_Quantity.quantity>0.000000</in_Quantity.quantity><out_Quantity.quantity>43.231917</out_Quantity.quantity></Point><Point><position>3445</position><in_Quantity.quantity>0.000000</in_Quantity.quantity><out_Quantity.quantity>160.932690</out_Quantity.quantity></Point><Point><position>3446</position><in_Quantity.quantity>0.000000</in_Quantity.quantity><out_Quantity.quantity>0.502501</out_Quantity.quantity></Point><Point><position>3447</position><in_Quantity.quantity>0.000000</in_Quantity.quantity><out_Quantity.quantity>186.935754</out_Quantity.quantity></Point><Point><position>3448</position><in_Quantity.quantity>0.000000</in_Quantity.quantity><out_Quantity.quantity>870.490377</out_Quantity.quantity></Point><Point><position>3449</position><in_Quantity.quantity>0.000000</in_Quantity.quantity><out_Quantity.quantity>697.698748</out_Quantity.quantity></Point><Point><position>3450</position><in_Quantity.quantity>0.000000</in_Quantity.quantity><out_Quantity.quantity>10.935662</out_Quantity.quantity></Point><Point><position>3451</position><in_Quantity.quantity>0.000000</in_Quantity.quantity><out_Quantity.quantity>248.298425</out_Quantity.quantity></Point><Point><position>3452</position><in_Quantity.quantity>0.000000</in_Quantity.quantity><out_Quantity.quantity>495.604275</out_Quantity.quantity></Point><Point><position>3453</position><in_Quantity.quantity>0.000000</in_Quantity.quantity><out_Quantity.quantity>909.132846</out_Quantity.quantity></Point><Point><position>3454</position><in_Quantity.quantity>0.000000</in_Quantity.quantity><out_Quantity.quantity>705.543056</out_Quantity.quantity></Point><Point><position>3455</position><in_Quantity.quantity>0.000000</in_Quantity.quantity><out_Quantity.quantity>530.581024</out_Quantity.quantity></Point><Point><position>3456</position><in_Quantity.quantity>0.000000</in_Quantity.quantity><out_Quantity.quantity>379.461064</out_Quantity.quantity></Point><Point><position>3457</position><in_Quantity.quantity>0.000000</in_Quantity.quantity><out_Quantity.quantity>801.059100</out_Quantity.quantity></Point><Point><position>3458</position><in_Quantity.quantity>0.000000</in_Quantity.quantity><out_Quantity.quantity>335.768374</out_Quantity.quantity></Point><Point><position>3459</position><in_Quantity.quantity>0.000000</in_Quantity.quantity><out_Quantity.quantity>700.609453</out_Quantity.quantity></Point><Point><position>3460</position><in_Quantity.quantity>0.000000</in_Quantity.quantity><out_Quantity.quantity>420.309690</out_Quantity.quantity></Point><Point><position>3461</position><in_Quantity.quantity>0.000000</in_Quantity.quantity><out_Quantity.quantity>418.403138</out_Quantity.quantity></Point><Point><position>3462</position><in_Quantity.quantity>0.000000</in_Quantity.quantity><out_Quantity.quantity>506.254016</out_Quantity.quantity></Point><Point><position>3463</position><in_Quantity.quantity>0.000000</in_Quantity.quantity><out_Quantity.quantity>771.402503</out_Quantity.quantity></Point><Point><position>3464</position><in_Quantity.quantity>0.000000</in_Quantity.quantity><out_Quantity.quantity>420.669736</out_Quantity.quantity></Point><Point><position>3465</position><in_Quantity.quantity>0.000000</in_Quantity.quantity><out_Quantity.quantity>327.037729</out_Quantity.quantity></Point><Point><position>3466</position><in_Quantity.quantity>0.000000</in_Quantity.quantity><out_Quantity.quantity>157.535047</out_Quantity.quantity></Point><Point><position>3467</position><in_Quantity.quantity>0.000000</in_Quantity.quantity><out_Quantity.quantity>742.195299</out_Quantity.quantity></Point><Point><position>3468</position><in_Quantity.quantity>0.000000</in_Quantity.quantity><out_Quantity.quantity>15.728551</out_Quantity.quantity></Point><Point><position>3469</position><in_Quantity.quantity>0.000000</in_Quantity.quantity><out_Quantity.quantity>59.239078</out_Quantity.quantity></Point><Point><position>3470</position><in_Quantity.quantity>0.000000</in_Quantity.quantity><out_Quantity.quantity>892.790528</out_Quantity.quantity></Point><Point><position>3471</position><in_Quantity.quantity>0.000000</in_Quantity.quantity><out_Quantity.quantity>316.510328</out_Quantity.quantity></Point><Point><position>3472</position><in_Quantity.quantity>0.000000</in_Quantity.quantity><out_Quantity.quantity>345.068240</out_Quantity.quantity></Point><Point><position>3473</position><in_Quantity.quantity>0.000000</in_Quantity.quantity><out_Quantity.quantity>50.897944</out_Quantity.quantity></Point><Point><position>3474</position><in_Quantity.quantity>0.000000</in_Quantity.quantity><out_Quantity.quantity>633.314581</out_Quantity.quantity></Point><Point><position>3475</position><in_Quantity.quantity>0.000000</in_Quantity.quantity><out_Quantity.quantity>364.934480</out_Quantity.quantity></Point><Point><position>3476</position><in_Quantity.quantity>0.000000</in_Quantity.quantity><out_Quantity.quantity>257.765428</out_Quantity.quantity></Point><Point><position>3477</position><in_Quantity.quantity>0.000000</in_Quantity.quantity><out_Quantity.quantity>829.063383</out_Quantity.quantity></Point><Point><position>3478</position><in_Quantity.quantity>0.000000</in_Quantity.quantity><out_Quantity.quantity>793.587879</out_Quantity.quantity></Point><Point><position>3479</position><in_Quantity.quantity>0.000000</in_Quantity.quantity><out_Quantity.quantity>617.195943</out_Quantity.quantity></Point><Point><position>3480</position><in_Quantity.quantity>0.000000</in_Quantity.quantity><out_Quantity.quantity>377.161042</out_Quantity.quantity></Point><Point><position>3481</position><in_Quantity.quantity>0.000000</in_Quantity.quantity><out_Quantity.quantity>897.746815</out_Quantity.quantity></Point><Point><position>3482</position><in_Quantity.quantity>0.000000</in_Quantity.quantity><out_Quantity.quantity>990.720879</out_Quantity.quantity></Point><Point><position>3483</position><in_Quantity.quantity>0.000000</in_Quantity.quantity><out_Quantity.quantity>24.228379</out_Quantity.quantity></Point><Point><position>3484</position><in_Quantity.quantity>0.000000</in_Quantity.quantity><out_Quantity.quantity>503.833628</out_Quantity.quantity></Point><Point><position>3485</position><in_Quantity.quantity>0.000000</in_Quantity.quantity><out_Quantity.quantity>130.840399</out_Quantity.quantity></Point><Point><position>3486</position><in_Quantity.quantity>0.000000</in_Quantity.quantity><out_Quantity.quantity>783.982154</out_Quantity.quantity></Point><Point><position>3487</position><in_Quantity.quantity>0.000000</in_Quantity.quantity><out_Quantity.quantity>396.056276</out_Quantity.quantity></Point><Point><position>3488</position><in_Quantity.quantity>0.000000</in_Quantity.quantity><out_Quantity.quantity>291.016179</out_Quantity.quantity></Point><Point><position>3489</position><in_Quantity.quantity>0.000000</in_Quantity.quantity><out_Quantity.quantity>175.259182</out_Quantity.quantity></Point><Point><position>3490</position><in_Quantity.quantity>0.000000</in_Quantity.quantity><out_Quantity.quantity>842.485160</out_Quantity.quantity></Point><Point><position>3491</position><in_Quantity.quantity>0.000000</in_Quantity.quantity><out_Quantity.quantity>68.610956</out_Quantity.quantity></Point><Point><position>3492</position><in_Quantity.quantity>0.000000</in_Quantity.quantity><out_Quantity.quantity>915.298404</out_Quantity.quantity></Point><Point><position>3493</position><in_Quantity.quantity>0.000000</in_Quantity.quantity><out_Quantity.quantity>525.033736</out_Quantity.quantity></Point><Point><position>3494</position><in_Quantity.quantity>0.000000</in_Quantity.quantity><out_Quantity.quantity>189.271045</out_Quantity.quantity></Point><Point><position>3495</position><in_Quantity.quantity>0.000000</in_Quantity.quantity><out_Quantity.quantity>406.533053</out_Quantity.quantity></Point><Point><position>3496</position><in_Quantity.quantity>0.000000</in_Quantity.quantity><out_Quantity.quantity>478.150527</out_Quantity.quantity></Point><Point><position>3497</position><in_Quantity.quantity>0.000000</in_Quantity.quantity><out_Quantity.quantity>992.789828</out_Quantity.quantity></Point><Point><position>3498</position><in_Quantity.quantity>0.000000</in_Quantity.quantity><out_Quantity.quantity>192.029440</out_Quantity.quantity></Point><Point><position>3499</position><in_Quantity.quantity>0.000000</in_Quantity.quantity><out_Quantity.quantity>406.075572</out_Quantity.quantity></Point><Point><position>3500</position><in_Quantity.quantity>0.000000</in_Quantity.quantity><out_Quantity.quantity>789.063330</out_Quantity.quantity></Point><Point><position>3501</position><in_Quantity.quantity>0.000000</in_Quantity.quantity><out_Quantity.quantity>853.291080</out_Quantity.quantity></Point><Point><position>3502</position><in_Quantity.quantity>0.000000</in_Quantity.quantity><out_Quantity.quantity>636.792762</out_Quantity.quantity></Point><Point><position>3503</position><in_Quantity.quantity>0.000000</in_Quantity.quantity><out_Quantity.quantity>32.658529</out_Quantity.quantity></Point><Point><position>3504</position><in_Quantity.quantity>0.000000</in_Quantity.quantity><out_Quantity.quantity>472.745247</out_Quantity.quantity></Point><Point><position>3505</position><in_Quantity.quantity>0.000000</in_Quantity.quantity><out_Quantity.quantity>183.422331</out_Quantity.quantity></Point><Point><position>3506</position><in_Quantity.quantity>0.000000</in_Quantity.quantity><out_Quantity.quantity>44.567891</out_Quantity.quantity></Point><Point><position>3507</position><in_Quantity.quantity>0.000000</in_Quantity.quantity><out_Quantity.quantity>99.252238</out_Quantity.quantity></Point><Point><position>3508</position><in_Quantity.quantity>0.000000</in_Quantity.quantity><out_Quantity.quantity>85.289304</out_Quantity.quantity></Point><Point><position>3509</position><in_Quantity.quantity>0.000000</in_Quantity.quantity><out_Quantity.quantity>107.095785</out_Quantity.quantity></Point><Point><position>3510</position><in_Quantity.quantity>0.000000</in_Quantity.quantity><out_Quantity.quantity>253.022003</out_Quantity.quantity></Point><Point><position>3511</position><in_Quantity.quantity>0.000000</in_Quantity.quantity><out_Quantity.quantity>598.292819</out_Quantity.quantity></Point><Point><position>3512</position><in_Quantity.quantity>0.000000</in_Quantity.quantity><out_Quantity.quantity>796.965186</out_Quantity.quantity></Point><Point><position>3513</position><in_Quantity.quantity>0.000000</in_Quantity.quantity><out_Quantity.quantity>749.348712</out_Quantity.quantity></Point><Point><position>3514</position><in_Quantity.quantity>0.000000</in_Quantity.quantity><out_Quantity.quantity>676.879017</out_Quantity.quantity></Point><Point><position>3515</position><in_Quantity.quantity>0.000000</in_Quantity.quantity><out_Quantity.quantity>25.323654</out_Quantity.quantity></Point><Point><position>3516</position><in_Quantity.quantity>0.000000</in_Quantity.quantity><out_Quantity.quantity>819.756972</out_Quantity.quantity></Point><Point><position>3517</position><in_Quantity.quantity>0.000000</in_Quantity.quantity><out_Quantity.quantity>299.308549</out_Quantity.quantity></Point><Point><position>3518</position><in_Quantity.quantity>0.000000</in_Quantity.quantity><out_Quantity.quantity>361.049305</out_Quantity.quantity></Point><Point><position>3519</position><in_Quantity.quantity>0.000000</in_Quantity.quantity><out_Quantity.quantity>210.881270</out_Quantity.quantity></Point><Point><position>3520</position><in_Quantity.quantity>0.000000</in_Quantity.quantity><out_Quantity.quantity>500.076867</out_Quantity.quantity></Point><Point><position>3521</position><in_Quantity.quantity>0.000000</in_Quantity.quantity><out_Quantity.quantity>411.353074</out_Quantity.quantity></Point><Point><position>3522</position><in_Quantity.quantity>0.000000</in_Quantity.quantity><out_Quantity.quantity>789.571325</out_Quantity.quantity></Point><Point><position>3523</position><in_Quantity.quantity>0.000000</in_Quantity.quantity><out_Quantity.quantity>878.811609</out_Quantity.quantity></Point><Point><position>3524</position><in_Quantity.quantity>0.000000</in_Quantity.quantity><out_Quantity.quantity>649.866404</out_Quantity.quantity></Point><Point><position>3525</position><in_Quantity.quantity>0.000000</in_Quantity.quantity><out_Quantity.quantity>949.623101</out_Quantity.quantity></Point><Point><position>3526</position><in_Quantity.quantity>0.000000</in_Quantity.quantity><out_Quantity.quantity>971.017856</out_Quantity.quantity></Point><Point><position>3527</position><in_Quantity.quantity>0.000000</in_Quantity.quantity><out_Quantity.quantity>456.266971</out_Quantity.quantity></Point><Point><position>3528</position><in_Quantity.quantity>0.000000</in_Quantity.quantity><out_Quantity.quantity>740.427544</out_Quantity.quantity></Point><Point><position>3529</position><in_Quantity.quantity>0.000000</in_Quantity.quantity><out_Quantity.quantity>370.547513</out_Quantity.quantity></Point><Point><position>3530</position><in_Quantity.quantity>0.000000</in_Quantity.quantity><out_Quantity.quantity>433.725935</out_Quantity.quantity></Point><Point><position>3531</position><in_Quantity.quantity>0.000000</in_Quantity.quantity><out_Quantity.quantity>868.097977</out_Quantity.quantity></Point><Point><position>3532</position><in_Quantity.quantity>0.000000</in_Quantity.quantity><out_Quantity.quantity>317.438565</out_Quantity.quantity></Point><Point><position>3533</position><in_Quantity.quantity>0.000000</in_Quantity.quantity><out_Quantity.quantity>329.811523</out_Quantity.quantity></Point><Point><position>3534</position><in_Quantity.quantity>0.000000</in_Quantity.quantity><out_Quantity.quantity>545.411528</out_Quantity.quantity></Point><Point><position>3535</position><in_Quantity.quantity>0.000000</in_Quantity.quantity><out_Quantity.quantity>55.127397</out_Quantity.quantity></Point><Point><position>3536</position><in_Quantity.quantity>0.000000</in_Quantity.quantity><out_Quantity.quantity>504.127468</out_Quantity.quantity></Point><Point><position>3537</position><in_Quantity.quantity>0.000000</in_Quantity.quantity><out_Quantity.quantity>346.450797</out_Quantity.quantity></Point><Point><position>3538</position><in_Quantity.quantity>0.000000</in_Quantity.quantity><out_Quantity.quantity>659.657258</out_Quantity.quantity></Point><Point><position>3539</position><in_Quantity.quantity>0.000000</in_Quantity.quantity><out_Quantity.quantity>610.391365</out_Quantity.quantity></Point><Point><position>3540</position><in_Quantity.quantity>0.000000</in_Quantity.quantity><out_Quantity.quantity>222.774764</out_Quantity.quantity></Point><Point><position>3541</position><in_Quantity.quantity>0.000000</in_Quantity.quantity><out_Quantity.quantity>258.974470</out_Quantity.quantity></Point><Point><position>3542</position><in_Quantity.quantity>0.000000</in_Quantity.quantity><out_Quantity.quantity>619.998615</out_Quantity.quantity></Point><Point><position>3543</position><in_Quantity.quantity>0.000000</in_Quantity.quantity><out_Quantity.quantity>853.058326</out_Quantity.quantity></Point><Point><position>3544</position><in_Quantity.quantity>0.000000</in_Quantity.quantity><out_Quantity.quantity>70.131917</out_Quantity.quantity></Point><Point><position>3545</position><in_Quantity.quantity>0.000000</in_Quantity.quantity><out_Quantity.quantity>410.059564</out_Quantity.quantity></Point><Point><position>3546</position><in_Quantity.quantity>0.000000</in_Quantity.quantity><out_Quantity.quantity>957.234305</out_Quantity.quantity></Point><Point><position>3547</position><in_Quantity.quantity>0.000000</in_Quantity.quantity><out_Quantity.quantity>682.627290</out_Quantity.quantity></Point><Point><position>3548</position><in_Quantity.quantity>0.000000</in_Quantity.quantity><out_Quantity.quantity>528.752727</out_Quantity.quantity></Point><Point><position>3549</position><in_Quantity.quantity>0.000000</in_Quantity.quantity><out_Quantity.quantity>639.187443</out_Quantity.quantity></Point><Point><position>3550</position><in_Quantity.quantity>0.000000</in_Quantity.quantity><out_Quantity.quantity>871.808346</out_Quantity.quantity></Point><Point><position>3551</position><in_Quantity.quantity>0.000000</in_Quantity.quantity><out_Quantity.quantity>66.611876</out_Quantity.quantity></Point><Point><position>3552</position><in_Quantity.quantity>0.000000</in_Quantity.quantity><out_Quantity.quantity>453.454992</out_Quantity.quantity></Point><Point><position>3553</position><in_Quantity.quantity>0.000000</in_Quantity.quantity><out_Quantity.quantity>953.081570</out_Quantity.quantity></Point><Point><position>3554</position><in_Quantity.quantity>0.000000</in_Quantity.quantity><out_Quantity.quantity>234.853238</out_Quantity.quantity></Point><Point><position>3555</position><in_Quantity.quantity>0.000000</in_Quantity.quantity><out_Quantity.quantity>762.278041</out_Quantity.quantity></Point><Point><position>3556</position><in_Quantity.quantity>0.000000</in_Quantity.quantity><out_Quantity.quantity>965.051626</out_Quantity.quantity></Point><Point><position>3557</position><in_Quantity.quantity>0.000000</in_Quantity.quantity><out_Quantity.quantity>420.861488</out_Quantity.quantity></Point><Point><position>3558</position><in_Quantity.quantity>0.000000</in_Quantity.quantity><out_Quantity.quantity>584.906216</out_Quantity.quantity></Point><Point><position>3559</position><in_Quantity.quantity>0.000000</in_Quantity.quantity><out_Quantity.quantity>963.585795</out_Quantity.quantity></Point><Point><position>3560</position><in_Quantity.quantity>0.000000</in_Quantity.quantity><out_Quantity.quantity>658.495122</out_Quantity.quantity></Point><Point><position>3561</position><in_Quantity.quantity>0.000000</in_Quantity.quantity><out_Quantity.quantity>904.449509</out_Quantity.quantity></Point><Point><position>3562</position><in_Quantity.quantity>0.000000</in_Quantity.quantity><out_Quantity.quantity>494.136964</out_Quantity.quantity></Point><Point><position>3563</position><in_Quantity.quantity>0.000000</in_Quantity.quantity><out_Quantity.quantity>52.541912</out_Quantity.quantity></Point><Point><position>3564</position><in_Quantity.quantity>0.000000</in_Quantity.quantity><out_Quantity.quantity>546.599045</out_Quantity.quantity></Point><Point><position>3565</position><in_Quantity.quantity>0.000000</in_Quantity.quantity><out_Quantity.quantity>100.327724</out_Quantity.quantity></Point><Point><position>3566</position><in_Quantity.quantity>0.000000</in_Quantity.quantity><out_Quantity.quantity>402.911809</out_Quantity.quantity></Point><Point><position>3567</position><in_Quantity.quantity>0.000000</in_Quantity.quantity><out_Quantity.quantity>263.280690</out_Quantity.quantity></Point><Point><position>3568</position><in_Quantity.quantity>0.000000</in_Quantity.quantity><out_Quantity.quantity>370.116366</out_Quantity.quantity></Point><Point><position>3569</position><in_Quantity.quantity>0.000000</in_Quantity.quantity><out_Quantity.quantity>936.931052</out_Quantity.quantity></Point><Point><position>3570</position><in_Quantity.quantity>0.000000</in_Quantity.quantity><out_Quantity.quantity>723.477807</out_Quantity.quantity></Point><Point><position>3571</position><in_Quantity.quantity>0.000000</in_Quantity.quantity><out_Quantity.quantity>362.676500</out_Quantity.quantity></Point><Point><position>3572</position><in_Quantity.quantity>0.000000</in_Quantity.quantity><out_Quantity.quantity>384.183089</out_Quantity.quantity></Point><Point><position>3573</position><in_Quantity.quantity>0.000000</in_Quantity.quantity><out_Quantity.quantity>977.272315</out_Quantity.quantity></Point><Point><position>3574</position><in_Quantity.quantity>0.000000</in_Quantity.quantity><out_Quantity.quantity>269.513070</out_Quantity.quantity></Point><Point><position>3575</position><in_Quantity.quantity>0.000000</in_Quantity.quantity><out_Quantity.quantity>481.301290</out_Quantity.quantity></Point><Point><position>3576</position><in_Quantity.quantity>0.000000</in_Quantity.quantity><out_Quantity.quantity>602.156949</out_Quantity.quantity></Point><Point><position>3577</position><in_Quantity.quantity>0.000000</in_Quantity.quantity><out_Quantity.quantity>90.891901</out_Quantity.quantity></Point><Point><position>3578</position><in_Quantity.quantity>0.000000</in_Quantity.quantity><out_Quantity.quantity>109.108382</out_Quantity.quantity></Point><Point><position>3579</position><in_Quantity.quantity>0.000000</in_Quantity.quantity><out_Quantity.quantity>32.039918</out_Quantity.quantity></Point><Point><position>3580</position><in_Quantity.quantity>0.000000</in_Quantity.quantity><out_Quantity.quantity>314.660826</out_Quantity.quantity></Point><Point><position>3581</position><in_Quantity.quantity>0.000000</in_Quantity.quantity><out_Quantity.quantity>285.324061</out_Quantity.quantity></Point><Point><position>3582</position><in_Quantity.quantity>0.000000</in_Quantity.quantity><out_Quantity.quantity>581.714397</out_Quantity.quantity></Point><Point><position>3583</position><in_Quantity.quantity>0.000000</in_Quantity.quantity><out_Quantity.quantity>121.292024</out_Quantity.quantity></Point><Point><position>3584</position><in_Quantity.quantity>0.000000</in_Quantity.quantity><out_Quantity.quantity>77.588213</out_Quantity.quantity></Point><Point><position>3585</position><in_Quantity.quantity>0.000000</in_Quantity.quantity><out_Quantity.quantity>339.520765</out_Quantity.quantity></Point><Point><position>3586</position><in_Quantity.quantity>0.000000</in_Quantity.quantity><out_Quantity.quantity>58.926303</out_Quantity.quantity></Point><Point><position>3587</position><in_Quantity.quantity>0.000000</in_Quantity.quantity><out_Quantity.quantity>527.386262</out_Quantity.quantity></Point><Point><position>3588</position><in_Quantity.quantity>0.000000</in_Quantity.quantity><out_Quantity.quantity>878.711035</out_Quantity.quantity></Point><Point><position>3589</position><in_Quantity.quantity>0.000000</in_Quantity.quantity><out_Quantity.quantity>1.905380</out_Quantity.quantity></Point><Point><position>3590</position><in_Quantity.quantity>0.000000</in_Quantity.quantity><out_Quantity.quantity>854.084798</out_Quantity.quantity></Point><Point><position>3591</position><in_Quantity.quantity>0.000000</in_Quantity.quantity><out_Quantity.quantity>667.994222</out_Quantity.quantity></Point><Point><position>3592</position><in_Quantity.quantity>0.000000</in_Quantity.quantity><out_Quantity.quantity>172.274140</out_Quantity.quantity></Point><Point><position>3593</position><in_Quantity.quantity>0.000000</in_Quantity.quantity><out_Quantity.quantity>912.888790</out_Quantity.quantity></Point><Point><position>3594</position><in_Quantity.quantity>0.000000</in_Quantity.quantity><out_Quantity.quantity>122.515115</out_Quantity.quantity></Point><Point><position>3595</position><in_Quantity.quantity>0.000000</in_Quantity.quantity><out_Quantity.quantity>425.104481</out_Quantity.quantity></Point><Point><position>3596</position><in_Quantity.quantity>0.000000</in_Quantity.quantity><out_Quantity.quantity>260.587901</out_Quantity.quantity></Point><Point><position>3597</position><in_Quantity.quantity>0.000000</in_Quantity.quantity><out_Quantity.quantity>737.119255</out_Quantity.quantity></Point><Point><position>3598</position><in_Quantity.quantity>0.000000</in_Quantity.quantity><out_Quantity.quantity>351.584072</out_Quantity.quantity></Point><Point><position>3599</position><in_Quantity.quantity>0.000000</in_Quantity.quantity><out_Quantity.quantity>533.912691</out_Quantity.quantity></Point><Point><position>3600</position><in_Quantity.quantity>0.000000</in_Quantity.quantity><out_Quantity.quantity>630.344259</out_Quantity.quantity></Point><Point><position>3601</position><in_Quantity.quantity>0.000000</in_Quantity.quantity><out_Quantity.quantity>505.426529</out_Quantity.quantity></Point><Point><position>3602</position><in_Quantity.quantity>0.000000</in_Quantity.quantity><out_Quantity.quantity>21.557306</out_Quantity.quantity></Point><Point><position>3603</position><in_Quantity.quantity>0.000000</in_Quantity.quantity><out_Quantity.quantity>435.091982</out_Quantity.quantity></Point><Point><position>3604</position><in_Quantity.quantity>0.000000</in_Quantity.quantity><out_Quantity.quantity>640.437762</out_Quantity.quantity></Point><Point><position>3605</position><in_Quantity.quantity>0.000000</in_Quantity.quantity><out_Quantity.quantity>490.273461</out_Quantity.quantity></Point><Point><position>3606</position><in_Quantity.quantity>0.000000</in_Quantity.quantity><out_Quantity.quantity>167.381642</out_Quantity.quantity></Point><Point><position>3607</position><in_Quantity.quantity>0.000000</in_Quantity.quantity><out_Quantity.quantity>924.642010</out_Quantity.quantity></Point><Point><position>3608</position><in_Quantity.quantity>0.000000</in_Quantity.quantity><out_Quantity.quantity>455.547631</out_Quantity.quantity></Point><Point><position>3609</position><in_Quantity.quantity>0.000000</in_Quantity.quantity><out_Quantity.quantity>538.608892</out_Quantity.quantity></Point><Point><position>3610</position><in_Quantity.quantity>0.000000</in_Quantity.quantity><out_Quantity.quantity>854.383059</out_Quantity.quantity></Point><Point><position>3611</position><in_Quantity.quantity>0.000000</in_Quantity.quantity><out_Quantity.quantity>751.958836</out_Quantity.quantity></Point><Point><position>3612</position><in_Quantity.quantity>0.000000</in_Quantity.quantity><out_Quantity.quantity>73.716624</out_Quantity.quantity></Point><Point><position>3613</position><in_Quantity.quantity>0.000000</in_Quantity.quantity><out_Quantity.quantity>480.236481</out_Quantity.quantity></Point><Point><position>3614</position><in_Quantity.quantity>0.000000</in_Quantity.quantity><out_Quantity.quantity>645.909772</out_Quantity.quantity></Point><Point><position>3615</position><in_Quantity.quantity>0.000000</in_Quantity.quantity><out_Quantity.quantity>890.465700</out_Quantity.quantity></Point><Point><position>3616</position><in_Quantity.quantity>0.000000</in_Quantity.quantity><out_Quantity.quantity>570.170241</out_Quantity.quantity></Point><Point><position>3617</position><in_Quantity.quantity>0.000000</in_Quantity.quantity><out_Quantity.quantity>270.366190</out_Quantity.quantity></Point><Point><position>3618</position><in_Quantity.quantity>0.000000</in_Quantity.quantity><out_Quantity.quantity>464.083893</out_Quantity.quantity></Point><Point><position>3619</position><in_Quantity.quantity>0.000000</in_Quantity.quantity><out_Quantity.quantity>659.816296</out_Quantity.quantity></Point><Point><position>3620</position><in_Quantity.quantity>0.000000</in_Quantity.quantity><out_Quantity.quantity>863.614066</out_Quantity.quantity></Point><Point><position>3621</position><in_Quantity.quantity>0.000000</in_Quantity.quantity><out_Quantity.quantity>468.215671</out_Quantity.quantity></Point><Point><position>3622</position><in_Quantity.quantity>0.000000</in_Quantity.quantity><out_Quantity.quantity>951.217863</out_Quantity.quantity></Point><Point><position>3623</position><in_Quantity.quantity>0.000000</in_Quantity.quantity><out_Quantity.quantity>12.295348</out_Quantity.quantity></Point><Point><position>3624</position><in_Quantity.quantity>0.000000</in_Quantity.quantity><out_Quantity.quantity>801.535622</out_Quantity.quantity></Point><Point><position>3625</position><in_Quantity.quantity>0.000000</in_Quantity.quantity><out_Quantity.quantity>674.724854</out_Quantity.quantity></Point><Point><position>3626</position><in_Quantity.quantity>0.000000</in_Quantity.quantity><out_Quantity.quantity>740.237250</out_Quantity.quantity></Point><Point><position>3627</position><in_Quantity.quantity>0.000000</in_Quantity.quantity><out_Quantity.quantity>203.011467</out_Quantity.quantity></Point><Point><position>3628</position><in_Quantity.quantity>0.000000</in_Quantity.quantity><out_Quantity.quantity>685.293327</out_Quantity.quantity></Point><Point><position>3629</position><in_Quantity.quantity>0.000000</in_Quantity.quantity><out_Quantity.quantity>911.491050</out_Quantity.quantity></Point><Point><position>3630</position><in_Quantity.quantity>0.000000</in_Quantity.quantity><out_Quantity.quantity>827.726854</out_Quantity.quantity></Point><Point><position>3631</position><in_Quantity.quantity>0.000000</in_Quantity.quantity><out_Quantity.quantity>350.300773</out_Quantity.quantity></Point><Point><position>3632</position><in_Quantity.quantity>0.000000</in_Quantity.quantity><out_Quantity.quantity>573.941778</out_Quantity.quantity></Point><Point><position>3633</position><in_Quantity.quantity>0.000000</in_Quantity.quantity><out_Quantity.quantity>451.153723</out_Quantity.quantity></Point><Point><position>3634</position><in_Quantity.quantity>0.000000</in_Quantity.quantity><out_Quantity.quantity>156.972648</out_Quantity.quantity></Point><Point><position>3635</position><in_Quantity.quantity>0.000000</in_Quantity.quantity><out_Quantity.quantity>787.822928</out_Quantity.quantity></Point><Point><position>3636</position><in_Quantity.quantity>0.000000</in_Quantity.quantity><out_Quantity.quantity>769.836951</out_Quantity.quantity></Point><Point><position>3637</position><in_Quantity.quantity>0.000000</in_Quantity.quantity><out_Quantity.quantity>784.308706</out_Quantity.quantity></Point><Point><position>3638</position><in_Quantity.quantity>0.000000</in_Quantity.quantity><out_Quantity.quantity>93.622259</out_Quantity.quantity></Point><Point><position>3639</position><in_Quantity.quantity>0.000000</in_Quantity.quantity><out_Quantity.quantity>196.039728</out_Quantity.quantity></Point><Point><position>3640</position><in_Quantity.quantity>0.000000</in_Quantity.quantity><out_Quantity.quantity>297.918028</out_Quantity.quantity></Point><Point><position>3641</position><in_Quantity.quantity>0.000000</in_Quantity.quantity><out_Quantity.quantity>277.937030</out_Quantity.quantity></Point><Point><position>3642</position><in_Quantity.quantity>0.000000</in_Quantity.quantity><out_Quantity.quantity>668.492525</out_Quantity.quantity></Point><Point><position>3643</position><in_Quantity.quantity>0.000000</in_Quantity.quantity><out_Quantity.quantity>350.195762</out_Quantity.quantity></Point><Point><position>3644</position><in_Quantity.quantity>0.000000</in_Quantity.quantity><out_Quantity.quantity>921.586261</out_Quantity.quantity></Point><Point><position>3645</position><in_Quantity.quantity>0.000000</in_Quantity.quantity><out_Quantity.quantity>671.039357</out_Quantity.quantity></Point><Point><position>3646</position><in_Quantity.quantity>0.000000</in_Quantity.quantity><out_Quantity.quantity>755.501879</out_Quantity.quantity></Point><Point><position>3647</position><in_Quantity.quantity>0.000000</in_Quantity.quantity><out_Quantity.quantity>276.266383</out_Quantity.quantity></Point><Point><position>3648</position><in_Quantity.quantity>0.000000</in_Quantity.quantity><out_Quantity.quantity>18.678012</out_Quantity.quantity></Point><Point><position>3649</position><in_Quantity.quantity>0.000000</in_Quantity.quantity><out_Quantity.quantity>938.661409</out_Quantity.quantity></Point><Point><position>3650</position><in_Quantity.quantity>0.000000</in_Quantity.quantity><out_Quantity.quantity>433.992103</out_Quantity.quantity></Point><Point><position>3651</position><in_Quantity.quantity>0.000000</in_Quantity.quantity><out_Quantity.quantity>948.138439</out_Quantity.quantity></Point><Point><position>3652</position><in_Quantity.quantity>0.000000</in_Quantity.quantity><out_Quantity.quantity>790.318950</out_Quantity.quantity></Point><Point><position>3653</position><in_Quantity.quantity>0.000000</in_Quantity.quantity><out_Quantity.quantity>535.625623</out_Quantity.quantity></Point><Point><position>3654</position><in_Quantity.quantity>0.000000</in_Quantity.quantity><out_Quantity.quantity>918.512426</out_Quantity.quantity></Point><Point><position>3655</position><in_Quantity.quantity>0.000000</in_Quantity.quantity><out_Quantity.quantity>48.340463</out_Quantity.quantity></Point><Point><position>3656</position><in_Quantity.quantity>0.000000</in_Quantity.quantity><out_Quantity.quantity>226.701571</out_Quantity.quantity></Point><Point><position>3657</position><in_Quantity.quantity>0.000000</in_Quantity.quantity><out_Quantity.quantity>725.404802</out_Quantity.quantity></Point><Point><position>3658</position><in_Quantity.quantity>0.000000</in_Quantity.quantity><out_Quantity.quantity>730.025543</out_Quantity.quantity></Point><Point><position>3659</position><in_Quantity.quantity>0.000000</in_Quantity.quantity><out_Quantity.quantity>489.440077</out_Quantity.quantity></Point><Point><position>3660</position><in_Quantity.quantity>0.000000</in_Quantity.quantity><out_Quantity.quantity>452.198474</out_Quantity.quantity></Point><Point><position>3661</position><in_Quantity.quantity>0.000000</in_Quantity.quantity><out_Quantity.quantity>553.297602</out_Quantity.quantity></Point><Point><position>3662</position><in_Quantity.quantity>0.000000</in_Quantity.quantity><out_Quantity.quantity>705.166701</out_Quantity.quantity></Point><Point><position>3663</position><in_Quantity.quantity>0.000000</in_Quantity.quantity><out_Quantity.quantity>782.093724</out_Quantity.quantity></Point><Point><position>3664</position><in_Quantity.quantity>0.000000</in_Quantity.quantity><out_Quantity.quantity>962.567271</out_Quantity.quantity></Point><Point><position>3665</position><in_Quantity.quantity>0.000000</in_Quantity.quantity><out_Quantity.quantity>160.385484</out_Quantity.quantity></Point><Point><position>3666</position><in_Quantity.quantity>0.000000</in_Quantity.quantity><out_Quantity.quantity>906.753546</out_Quantity.quantity></Point><Point><position>3667</position><in_Quantity.quantity>0.000000</in_Quantity.quantity><out_Quantity.quantity>149.345714</out_Quantity.quantity></Point><Point><position>3668</position><in_Quantity.quantity>0.000000</in_Quantity.quantity><out_Quantity.quantity>363.240268</out_Quantity.quantity></Point><Point><position>3669</position><in_Quantity.quantity>0.000000</in_Quantity.quantity><out_Quantity.quantity>698.886846</out_Quantity.quantity></Point><Point><position>3670</position><in_Quantity.quantity>0.000000</in_Quantity.quantity><out_Quantity.quantity>827.945829</out_Quantity.quantity></Point><Point><position>3671</position><in_Quantity.quantity>0.000000</in_Quantity.quantity><out_Quantity.quantity>868.004623</out_Quantity.quantity></Point><Point><position>3672</position><in_Quantity.quantity>0.000000</in_Quantity.quantity><out_Quantity.quantity>357.034175</out_Quantity.quantity></Point><Point><position>3673</position><in_Quantity.quantity>0.000000</in_Quantity.quantity><out_Quantity.quantity>503.570484</out_Quantity.quantity></Point><Point><position>3674</position><in_Quantity.quantity>0.000000</in_Quantity.quantity><out_Quantity.quantity>860.898185</out_Quantity.quantity></Point><Point><position>3675</position><in_Quantity.quantity>0.000000</in_Quantity.quantity><out_Quantity.quantity>403.354211</out_Quantity.quantity></Point><Point><position>3676</position><in_Quantity.quantity>0.000000</in_Quantity.quantity><out_Quantity.quantity>593.972369</out_Quantity.quantity></Point><Point><position>3677</position><in_Quantity.quantity>0.000000</in_Quantity.quantity><out_Quantity.quantity>661.135134</out_Quantity.quantity></Point><Point><position>3678</position><in_Quantity.quantity>0.000000</in_Quantity.quantity><out_Quantity.quantity>405.292243</out_Quantity.quantity></Point><Point><position>3679</position><in_Quantity.quantity>0.000000</in_Quantity.quantity><out_Quantity.quantity>712.718218</out_Quantity.quantity></Point><Point><position>3680</position><in_Quantity.quantity>0.000000</in_Quantity.quantity><out_Quantity.quantity>527.926619</out_Quantity.quantity></Point><Point><position>3681</position><in_Quantity.quantity>0.000000</in_Quantity.quantity><out_Quantity.quantity>82.497507</out_Quantity.quantity></Point><Point><position>3682</position><in_Quantity.quantity>0.000000</in_Quantity.quantity><out_Quantity.quantity>804.640980</out_Quantity.quantity></Point><Point><position>3683</position><in_Quantity.quantity>0.000000</in_Quantity.quantity><out_Quantity.quantity>190.957084</out_Quantity.quantity></Point><Point><position>3684</position><in_Quantity.quantity>0.000000</in_Quantity.quantity><out_Quantity.quantity>701.859155</out_Quantity.quantity></Point><Point><position>3685</position><in_Quantity.quantity>0.000000</in_Quantity.quantity><out_Quantity.quantity>759.037548</out_Quantity.quantity></Point><Point><position>3686</position><in_Quantity.quantity>0.000000</in_Quantity.quantity><out_Quantity.quantity>200.267912</out_Quantity.quantity></Point><Point><position>3687</position><in_Quantity.quantity>0.000000</in_Quantity.quantity><out_Quantity.quantity>602.856194</out_Quantity.quantity></Point><Point><position>3688</position><in_Quantity.quantity>0.000000</in_Quantity.quantity><out_Quantity.quantity>487.118419</out_Quantity.quantity></Point><Point><position>3689</position><in_Quantity.quantity>0.000000</in_Quantity.quantity><out_Quantity.quantity>128.869438</out_Quantity.quantity></Point><Point><position>3690</position><in_Quantity.quantity>0.000000</in_Quantity.quantity><out_Quantity.quantity>655.334582</out_Quantity.quantity></Point><Point><position>3691</position><in_Quantity.quantity>0.000000</in_Quantity.quantity><out_Quantity.quantity>303.129225</out_Quantity.quantity></Point><Point><position>3692</position><in_Quantity.quantity>0.000000</in_Quantity.quantity><out_Quantity.quantity>737.503580</out_Quantity.quantity></Point><Point><position>3693</position><in_Quantity.quantity>0.000000</in_Quantity.quantity><out_Quantity.quantity>749.982366</out_Quantity.quantity></Point><Point><position>3694</position><in_Quantity.quantity>0.000000</in_Quantity.quantity><out_Quantity.quantity>143.486378</out_Quantity.quantity></Point><Point><position>3695</position><in_Quantity.quantity>0.000000</in_Quantity.quantity><out_Quantity.quantity>926.900074</out_Quantity.quantity></Point><Point><position>3696</position><in_Quantity.quantity>0.000000</in_Quantity.quantity><out_Quantity.quantity>395.400989</out_Quantity.quantity></Point><Point><position>3697</position><in_Quantity.quantity>0.000000</in_Quantity.quantity><out_Quantity.quantity>797.988315</out_Quantity.quantity></Point><Point><position>3698</position><in_Quantity.quantity>0.000000</in_Quantity.quantity><out_Quantity.quantity>5.502746</out_Quantity.quantity></Point><Point><position>3699</position><in_Quantity.quantity>0.000000</in_Quantity.quantity><out_Quantity.quantity>478.139029</out_Quantity.quantity></Point><Point><position>3700</position><in_Quantity.quantity>0.000000</in_Quantity.quantity><out_Quantity.quantity>7.171445</out_Quantity.quantity></Point><Point><position>3701</position><in_Quantity.quantity>0.000000</in_Quantity.quantity><out_Quantity.quantity>213.135065</out_Quantity.quantity></Point><Point><position>3702</position><in_Quantity.quantity>0.000000</in_Quantity.quantity><out_Quantity.quantity>113.358234</out_Quantity.quantity></Point><Point><position>3703</position><in_Quantity.quantity>0.000000</in_Quantity.quantity><out_Quantity.quantity>673.337486</out_Quantity.quantity></Point><Point><position>3704</position><in_Quantity.quantity>0.000000</in_Quantity.quantity><out_Quantity.quantity>833.209344</out_Quantity.quantity></Point><Point><position>3705</position><in_Quantity.quantity>0.000000</in_Quantity.quantity><out_Quantity.quantity>510.759338</out_Quantity.quantity></Point><Point><position>3706</position><in_Quantity.quantity>0.000000</in_Quantity.quantity><out_Quantity.quantity>525.284376</out_Quantity.quantity></Point><Point><position>3707</position><in_Quantity.quantity>0.000000</in_Quantity.quantity><out_Quantity.quantity>26.584221</out_Quantity.quantity></Point><Point><position>3708</position><in_Quantity.quantity>0.000000</in_Quantity.quantity><out_Quantity.quantity>232.068207</out_Quantity.quantity></Point><Point><position>3709</position><in_Quantity.quantity>0.000000</in_Quantity.quantity><out_Quantity.quantity>424.892842</out_Quantity.quantity></Point><Point><position>3710</position><in_Quantity.quantity>0.000000</in_Quantity.quantity><out_Quantity.quantity>518.949524</out_Quantity.quantity></Point><Point><position>3711</position><in_Quantity.quantity>0.000000</in_Quantity.quantity><out_Quantity.quantity>397.674881</out_Quantity.quantity></Point><Point><position>3712</position><in_Quantity.quantity>0.000000</in_Quantity.quantity><out_Quantity.quantity>671.405232</out_Quantity.quantity></Point><Point><position>3713</position><in_Quantity.quantity>0.000000</in_Quantity.quantity><out_Quantity.quantity>851.373992</out_Quantity.quantity></Point><Point><position>3714</position><in_Quantity.quantity>0.000000</in_Quantity.quantity><out_Quantity.quantity>73.926024</out_Quantity.quantity></Point><Point><position>3715</position><in_Quantity.quantity>0.000000</in_Quantity.quantity><out_Quantity.quantity>27.149091</out_Quantity.quantity></Point><Point><position>3716</position><in_Quantity.quantity>0.000000</in_Quantity.quantity><out_Quantity.quantity>92.213074</out_Quantity.quantity></Point><Point><position>3717</position><in_Quantity.quantity>0.000000</in_Quantity.quantity><out_Quantity.quantity>490.214048</out_Quantity.quantity></Point><Point><position>3718</position><in_Quantity.quantity>0.000000</in_Quantity.quantity><out_Quantity.quantity>438.874563</out_Quantity.quantity></Point><Point><position>3719</position><in_Quantity.quantity>0.000000</in_Quantity.quantity><out_Quantity.quantity>999.312160</out_Quantity.quantity></Point><Point><position>3720</position><in_Quantity.quantity>0.000000</in_Quantity.quantity><out_Quantity.quantity>254.500002</out_Quantity.quantity></Point><Point><position>3721</position><in_Quantity.quantity>0.000000</in_Quantity.quantity><out_Quantity.quantity>681.370718</out_Quantity.quantity></Point><Point><position>3722</position><in_Quantity.quantity>0.000000</in_Quantity.quantity><out_Quantity.quantity>921.473645</out_Quantity.quantity></Point><Point><position>3723</position><in_Quantity.quantity>0.000000</in_Quantity.quantity><out_Quantity.quantity>432.706744</out_Quantity.quantity></Point><Point><position>3724</position><in_Quantity.quantity>0.000000</in_Quantity.quantity><out_Quantity.quantity>620.224106</out_Quantity.quantity></Point><Point><position>3725</position><in_Quantity.quantity>0.000000</in_Quantity.quantity><out_Quantity.quantity>681.703387</out_Quantity.quantity></Point><Point><position>3726</position><in_Quantity.quantity>0.000000</in_Quantity.quantity><out_Quantity.quantity>602.833153</out_Quantity.quantity></Point><Point><position>3727</position><in_Quantity.quantity>0.000000</in_Quantity.quantity><out_Quantity.quantity>750.831732</out_Quantity.quantity></Point><Point><position>3728</position><in_Quantity.quantity>0.000000</in_Quantity.quantity><out_Quantity.quantity>720.935538</out_Quantity.quantity></Point><Point><position>3729</position><in_Quantity.quantity>0.000000</in_Quantity.quantity><out_Quantity.quantity>657.147491</out_Quantity.quantity></Point><Point><position>3730</position><in_Quantity.quantity>0.000000</in_Quantity.quantity><out_Quantity.quantity>836.332624</out_Quantity.quantity></Point><Point><position>3731</position><in_Quantity.quantity>0.000000</in_Quantity.quantity><out_Quantity.quantity>514.257410</out_Quantity.quantity></Point><Point><position>3732</position><in_Quantity.quantity>0.000000</in_Quantity.quantity><out_Quantity.quantity>930.975012</out_Quantity.quantity></Point><Point><position>3733</position><in_Quantity.quantity>0.000000</in_Quantity.quantity><out_Quantity.quantity>2.039838</out_Quantity.quantity></Point><Point><position>3734</position><in_Quantity.quantity>0.000000</in_Quantity.quantity><out_Quantity.quantity>195.648134</out_Quantity.quantity></Point><Point><position>3735</position><in_Quantity.quantity>0.000000</in_Quantity.quantity><out_Quantity.quantity>563.104803</out_Quantity.quantity></Point><Point><position>3736</position><in_Quantity.quantity>0.000000</in_Quantity.quantity><out_Quantity.quantity>893.484947</out_Quantity.quantity></Point><Point><position>3737</position><in_Quantity.quantity>0.000000</in_Quantity.quantity><out_Quantity.quantity>475.496260</out_Quantity.quantity></Point><Point><position>3738</position><in_Quantity.quantity>0.000000</in_Quantity.quantity><out_Quantity.quantity>742.148382</out_Quantity.quantity></Point><Point><position>3739</position><in_Quantity.quantity>0.000000</in_Quantity.quantity><out_Quantity.quantity>322.796841</out_Quantity.quantity></Point><Point><position>3740</position><in_Quantity.quantity>0.000000</in_Quantity.quantity><out_Quantity.quantity>603.938577</out_Quantity.quantity></Point><Point><position>3741</position><in_Quantity.quantity>0.000000</in_Quantity.quantity><out_Quantity.quantity>984.960190</out_Quantity.quantity></Point><Point><position>3742</position><in_Quantity.quantity>0.000000</in_Quantity.quantity><out_Quantity.quantity>619.198323</out_Quantity.quantity></Point><Point><position>3743</position><in_Quantity.quantity>0.000000</in_Quantity.quantity><out_Quantity.quantity>431.044892</out_Quantity.quantity></Point><Point><position>3744</position><in_Quantity.quantity>0.000000</in_Quantity.quantity><out_Quantity.quantity>897.324180</out_Quantity.quantity></Point><Point><position>3745</position><in_Quantity.quantity>0.000000</in_Quantity.quantity><out_Quantity.quantity>732.433662</out_Quantity.quantity></Point><Point><position>3746</position><in_Quantity.quantity>0.000000</in_Quantity.quantity><out_Quantity.quantity>930.033835</out_Quantity.quantity></Point><Point><position>3747</position><in_Quantity.quantity>0.000000</in_Quantity.quantity><out_Quantity.quantity>421.705151</out_Quantity.quantity></Point><Point><position>3748</position><in_Quantity.quantity>0.000000</in_Quantity.quantity><out_Quantity.quantity>723.412804</out_Quantity.quantity></Point><Point><position>3749</position><in_Quantity.quantity>0.000000</in_Quantity.quantity><out_Quantity.quantity>602.843506</out_Quantity.quantity></Point><Point><position>3750</position><in_Quantity.quantity>0.000000</in_Quantity.quantity><out_Quantity.quantity>630.238422</out_Quantity.quantity></Point><Point><position>3751</position><in_Quantity.quantity>0.000000</in_Quantity.quantity><out_Quantity.quantity>244.202530</out_Quantity.quantity></Point><Point><position>3752</position><in_Quantity.quantity>0.000000</in_Quantity.quantity><out_Quantity.quantity>661.619652</out_Quantity.quantity></Point><Point><position>3753</position><in_Quantity.quantity>0.000000</in_Quantity.quantity><out_Quantity.quantity>628.064775</out_Quantity.quantity></Point><Point><position>3754</position><in_Quantity.quantity>0.000000</in_Quantity.quantity><out_Quantity.quantity>531.255346</out_Quantity.quantity></Point><Point><position>3755</position><in_Quantity.quantity>0.000000</in_Quantity.quantity><out_Quantity.quantity>635.257922</out_Quantity.quantity></Point><Point><position>3756</position><in_Quantity.quantity>0.000000</in_Quantity.quantity><out_Quantity.quantity>335.491070</out_Quantity.quantity></Point><Point><position>3757</position><in_Quantity.quantity>0.000000</in_Quantity.quantity><out_Quantity.quantity>878.306312</out_Quantity.quantity></Point><Point><position>3758</position><in_Quantity.quantity>0.000000</in_Quantity.quantity><out_Quantity.quantity>653.146213</out_Quantity.quantity></Point><Point><position>3759</position><in_Quantity.quantity>0.000000</in_Quantity.quantity><out_Quantity.quantity>845.610557</out_Quantity.quantity></Point><Point><position>3760</position><in_Quantity.quantity>0.000000</in_Quantity.quantity><out_Quantity.quantity>285.912053</out_Quantity.quantity></Point><Point><position>3761</position><in_Quantity.quantity>0.000000</in_Quantity.quantity><out_Quantity.quantity>850.636114</out_Quantity.quantity></Point><Point><position>3762</position><in_Quantity.quantity>0.000000</in_Quantity.quantity><out_Quantity.quantity>5.223311</out_Quantity.quantity></Point><Point><position>3763</position><in_Quantity.quantity>0.000000</in_Quantity.quantity><out_Quantity.quantity>675.560938</out_Quantity.quantity></Point><Point><position>3764</position><in_Quantity.quantity>0.000000</in_Quantity.quantity><out_Quantity.quantity>563.734308</out_Quantity.quantity></Point><Point><position>3765</position><in_Quantity.quantity>0.000000</in_Quantity.quantity><out_Quantity.quantity>644.313601</out_Quantity.quantity></Point><Point><position>3766</position><in_Quantity.quantity>0.000000</in_Quantity.quantity><out_Quantity.quantity>700.833595</out_Quantity.quantity></Point><Point><position>3767</position><in_Quantity.quantity>0.000000</in_Quantity.quantity><out_Quantity.quantity>837.920732</out_Quantity.quantity></Point><Point><position>3768</position><in_Quantity.quantity>0.000000</in_Quantity.quantity><out_Quantity.quantity>275.903664</out_Quantity.quantity></Point><Point><position>3769</position><in_Quantity.quantity>0.000000</in_Quantity.quantity><out_Quantity.quantity>370.182495</out_Quantity.quantity></Point><Point><position>3770</position><in_Quantity.quantity>0.000000</in_Quantity.quantity><out_Quantity.quantity>779.243790</out_Quantity.quantity></Point><Point><position>3771</position><in_Quantity.quantity>0.000000</in_Quantity.quantity><out_Quantity.quantity>23.255581</out_Quantity.quantity></Point><Point><position>3772</position><in_Quantity.quantity>0.000000</in_Quantity.quantity><out_Quantity.quantity>982.562023</out_Quantity.quantity></Point><Point><position>3773</position><in_Quantity.quantity>0.000000</in_Quantity.quantity><out_Quantity.quantity>37.418926</out_Quantity.quantity></Point><Point><position>3774</position><in_Quantity.quantity>0.000000</in_Quantity.quantity><out_Quantity.quantity>833.832737</out_Quantity.quantity></Point><Point><position>3775</position><in_Quantity.quantity>0.000000</in_Quantity.quantity><out_Quantity.quantity>539.684150</out_Quantity.quantity></Point><Point><position>3776</position><in_Quantity.quantity>0.000000</in_Quantity.quantity><out_Quantity.quantity>579.921926</out_Quantity.quantity></Point><Point><position>3777</position><in_Quantity.quantity>0.000000</in_Quantity.quantity><out_Quantity.quantity>596.006047</out_Quantity.quantity></Point><Point><position>3778</position><in_Quantity.quantity>0.000000</in_Quantity.quantity><out_Quantity.quantity>57.118388</out_Quantity.quantity></Point><Point><position>3779</position><in_Quantity.quantity>0.000000</in_Quantity.quantity><out_Quantity.quantity>659.361939</out_Quantity.quantity></Point><Point><position>3780</position><in_Quantity.quantity>0.000000</in_Quantity.quantity><out_Quantity.quantity>537.430225</out_Quantity.quantity></Point><Point><position>3781</position><in_Quantity.quantity>0.000000</in_Quantity.quantity><out_Quantity.quantity>865.369252</out_Quantity.quantity></Point><Point><position>3782</position><in_Quantity.quantity>0.000000</in_Quantity.quantity><out_Quantity.quantity>672.553803</out_Quantity.quantity></Point><Point><position>3783</position><in_Quantity.quantity>0.000000</in_Quantity.quantity><out_Quantity.quantity>495.054067</out_Quantity.quantity></Point><Point><position>3784</position><in_Quantity.quantity>0.000000</in_Quantity.quantity><out_Quantity.quantity>429.744125</out_Quantity.quantity></Point><Point><position>3785</position><in_Quantity.quantity>0.000000</in_Quantity.quantity><out_Quantity.quantity>829.404106</out_Quantity.quantity></Point><Point><position>3786</position><in_Quantity.quantity>0.000000</in_Quantity.quantity><out_Quantity.quantity>492.841903</out_Quantity.quantity></Point><Point><position>3787</position><in_Quantity.quantity>0.000000</in_Quantity.quantity><out_Quantity.quantity>226.130397</out_Quantity.quantity></Point><Point><position>3788</position><in_Quantity.quantity>0.000000</in_Quantity.quantity><out_Quantity.quantity>751.715661</out_Quantity.quantity></Point><Point><position>3789</position><in_Quantity.quantity>0.000000</in_Quantity.quantity><out_Quantity.quantity>921.186847</out_Quantity.quantity></Point><Point><position>3790</position><in_Quantity.quantity>0.000000</in_Quantity.quantity><out_Quantity.quantity>946.510558</out_Quantity.quantity></Point><Point><position>3791</position><in_Quantity.quantity>0.000000</in_Quantity.quantity><out_Quantity.quantity>347.383325</out_Quantity.quantity></Point><Point><position>3792</position><in_Quantity.quantity>0.000000</in_Quantity.quantity><out_Quantity.quantity>392.056696</out_Quantity.quantity></Point><Point><position>3793</position><in_Quantity.quantity>0.000000</in_Quantity.quantity><out_Quantity.quantity>718.629924</out_Quantity.quantity></Point><Point><position>3794</position><in_Quantity.quantity>0.000000</in_Quantity.quantity><out_Quantity.quantity>403.919729</out_Quantity.quantity></Point><Point><position>3795</position><in_Quantity.quantity>0.000000</in_Quantity.quantity><out_Quantity.quantity>733.689968</out_Quantity.quantity></Point><Point><position>3796</position><in_Quantity.quantity>0.000000</in_Quantity.quantity><out_Quantity.quantity>239.072241</out_Quantity.quantity></Point><Point><position>3797</position><in_Quantity.quantity>0.000000</in_Quantity.quantity><out_Quantity.quantity>834.528972</out_Quantity.quantity></Point><Point><position>3798</position><in_Quantity.quantity>0.000000</in_Quantity.quantity><out_Quantity.quantity>105.341040</out_Quantity.quantity></Point><Point><position>3799</position><in_Quantity.quantity>0.000000</in_Quantity.quantity><out_Quantity.quantity>298.903422</out_Quantity.quantity></Point><Point><position>3800</position><in_Quantity.quantity>0.000000</in_Quantity.quantity><out_Quantity.quantity>181.371261</out_Quantity.quantity></Point><Point><position>3801</position><in_Quantity.quantity>0.000000</in_Quantity.quantity><out_Quantity.quantity>697.649339</out_Quantity.quantity></Point><Point><position>3802</position><in_Quantity.quantity>0.000000</in_Quantity.quantity><out_Quantity.quantity>239.817393</out_Quantity.quantity></Point><Point><position>3803</position><in_Quantity.quantity>0.000000</in_Quantity.quantity><out_Quantity.quantity>885.997943</out_Quantity.quantity></Point><Point><position>3804</position><in_Quantity.quantity>0.000000</in_Quantity.quantity><out_Quantity.quantity>416.040617</out_Quantity.quantity></Point><Point><position>3805</position><in_Quantity.quantity>0.000000</in_Quantity.quantity><out_Quantity.quantity>642.042863</out_Quantity.quantity></Point><Point><position>3806</position><in_Quantity.quantity>0.000000</in_Quantity.quantity><out_Quantity.quantity>240.021301</out_Quantity.quantity></Point><Point><position>3807</position><in_Quantity.quantity>0.000000</in_Quantity.quantity><out_Quantity.quantity>260.440684</out_Quantity.quantity></Point><Point><position>3808</position><in_Quantity.quantity>0.000000</in_Quantity.quantity><out_Quantity.quantity>857.245730</out_Quantity.quantity></Point><Point><position>3809</position><in_Quantity.quantity>0.000000</in_Quantity.quantity><out_Quantity.quantity>337.584950</out_Quantity.quantity></Point><Point><position>3810</position><in_Quantity.quantity>0.000000</in_Quantity.quantity><out_Quantity.quantity>6.574091</out_Quantity.quantity></Point><Point><position>3811</position><in_Quantity.quantity>0.000000</in_Quantity.quantity><out_Quantity.quantity>671.201781</out_Quantity.quantity></Point><Point><position>3812</position><in_Quantity.quantity>0.000000</in_Quantity.quantity><out_Quantity.quantity>612.422829</out_Quantity.quantity></Point><Point><position>3813</position><in_Quantity.quantity>0.000000</in_Quantity.quantity><out_Quantity.quantity>299.503841</out_Quantity.quantity></Point><Point><position>3814</position><in_Quantity.quantity>0.000000</in_Quantity.quantity><out_Quantity.quantity>5.255527</out_Quantity.quantity></Point><Point><position>3815</position><in_Quantity.quantity>0.000000</in_Quantity.quantity><out_Quantity.quantity>656.234378</out_Quantity.quantity></Point><Point><position>3816</position><in_Quantity.quantity>0.000000</in_Quantity.quantity><out_Quantity.quantity>794.403063</out_Quantity.quantity></Point><Point><position>3817</position><in_Quantity.quantity>0.000000</in_Quantity.quantity><out_Quantity.quantity>972.716024</out_Quantity.quantity></Point><Point><position>3818</position><in_Quantity.quantity>0.000000</in_Quantity.quantity><out_Quantity.quantity>187.855493</out_Quantity.quantity></Point><Point><position>3819</position><in_Quantity.quantity>0.000000</in_Quantity.quantity><out_Quantity.quantity>194.090197</out_Quantity.quantity></Point><Point><position>3820</position><in_Quantity.quantity>0.000000</in_Quantity.quantity><out_Quantity.quantity>3.567799</out_Quantity.quantity></Point><Point><position>3821</position><in_Quantity.quantity>0.000000</in_Quantity.quantity><out_Quantity.quantity>33.260688</out_Quantity.quantity></Point><Point><position>3822</position><in_Quantity.quantity>0.000000</in_Quantity.quantity><out_Quantity.quantity>355.231978</out_Quantity.quantity></Point><Point><position>3823</position><in_Quantity.quantity>0.000000</in_Quantity.quantity><out_Quantity.quantity>341.854407</out_Quantity.quantity></Point><Point><position>3824</position><in_Quantity.quantity>0.000000</in_Quantity.quantity><out_Quantity.quantity>270.350898</out_Quantity.quantity></Point><Point><position>3825</position><in_Quantity.quantity>0.000000</in_Quantity.quantity><out_Quantity.quantity>872.719516</out_Quantity.quantity></Point><Point><position>3826</position><in_Quantity.quantity>0.000000</in_Quantity.quantity><out_Quantity.quantity>962.099311</out_Quantity.quantity></Point><Point><position>3827</position><in_Quantity.quantity>0.000000</in_Quantity.quantity><out_Quantity.quantity>814.395683</out_Quantity.quantity></Point><Point><position>3828</position><in_Quantity.quantity>0.000000</in_Quantity.quantity><out_Quantity.quantity>256.454286</out_Quantity.quantity></Point><Point><position>3829</position><in_Quantity.quantity>0.000000</in_Quantity.quantity><out_Quantity.quantity>107.060646</out_Quantity.quantity></Point><Point><position>3830</position><in_Quantity.quantity>0.000000</in_Quantity.quantity><out_Quantity.quantity>441.406956</out_Quantity.quantity></Point><Point><position>3831</position><in_Quantity.quantity>0.000000</in_Quantity.quantity><out_Quantity.quantity>218.130236</out_Quantity.quantity></Point><Point><position>3832</position><in_Quantity.quantity>0.000000</in_Quantity.quantity><out_Quantity.quantity>389.806335</out_Quantity.quantity></Point><Point><position>3833</position><in_Quantity.quantity>0.000000</in_Quantity.quantity><out_Quantity.quantity>349.038095</out_Quantity.quantity></Point><Point><position>3834</position><in_Quantity.quantity>0.000000</in_Quantity.quantity><out_Quantity.quantity>148.559582</out_Quantity.quantity></Point><Point><position>3835</position><in_Quantity.quantity>0.000000</in_Quantity.quantity><out_Quantity.quantity>192.171847</out_Quantity.quantity></Point><Point><position>3836</position><in_Quantity.quantity>0.000000</in_Quantity.quantity><out_Quantity.quantity>489.941775</out_Quantity.quantity></Point><Point><position>3837</position><in_Quantity.quantity>0.000000</in_Quantity.quantity><out_Quantity.quantity>513.661800</out_Quantity.quantity></Point><Point><position>3838</position><in_Quantity.quantity>0.000000</in_Quantity.quantity><out_Quantity.quantity>255.284220</out_Quantity.quantity></Point><Point><position>3839</position><in_Quantity.quantity>0.000000</in_Quantity.quantity><out_Quantity.quantity>559.702923</out_Quantity.quantity></Point><Point><position>3840</position><in_Quantity.quantity>0.000000</in_Quantity.quantity><out_Quantity.quantity>643.946328</out_Quantity.quantity></Point><Point><position>3841</position><in_Quantity.quantity>0.000000</in_Quantity.quantity><out_Quantity.quantity>854.317650</out_Quantity.quantity></Point><Point><position>3842</position><in_Quantity.quantity>0.000000</in_Quantity.quantity><out_Quantity.quantity>754.622770</out_Quantity.quantity></Point><Point><position>3843</position><in_Quantity.quantity>0.000000</in_Quantity.quantity><out_Quantity.quantity>233.302794</out_Quantity.quantity></Point><Point><position>3844</position><in_Quantity.quantity>0.000000</in_Quantity.quantity><out_Quantity.quantity>349.796565</out_Quantity.quantity></Point><Point><position>3845</position><in_Quantity.quantity>0.000000</in_Quantity.quantity><out_Quantity.quantity>286.794393</out_Quantity.quantity></Point><Point><position>3846</position><in_Quantity.quantity>0.000000</in_Quantity.quantity><out_Quantity.quantity>744.995648</out_Quantity.quantity></Point><Point><position>3847</position><in_Quantity.quantity>0.000000</in_Quantity.quantity><out_Quantity.quantity>340.411710</out_Quantity.quantity></Point><Point><position>3848</position><in_Quantity.quantity>0.000000</in_Quantity.quantity><out_Quantity.quantity>933.225252</out_Quantity.quantity></Point><Point><position>3849</position><in_Quantity.quantity>0.000000</in_Quantity.quantity><out_Quantity.quantity>52.724557</out_Quantity.quantity></Point><Point><position>3850</position><in_Quantity.quantity>0.000000</in_Quantity.quantity><out_Quantity.quantity>510.042203</out_Quantity.quantity></Point><Point><position>3851</position><in_Quantity.quantity>0.000000</in_Quantity.quantity><out_Quantity.quantity>455.741890</out_Quantity.quantity></Point><Point><position>3852</position><in_Quantity.quantity>0.000000</in_Quantity.quantity><out_Quantity.quantity>875.400013</out_Quantity.quantity></Point><Point><position>3853</position><in_Quantity.quantity>0.000000</in_Quantity.quantity><out_Quantity.quantity>11.339907</out_Quantity.quantity></Point><Point><position>3854</position><in_Quantity.quantity>0.000000</in_Quantity.quantity><out_Quantity.quantity>456.610423</out_Quantity.quantity></Point><Point><position>3855</position><in_Quantity.quantity>0.000000</in_Quantity.quantity><out_Quantity.quantity>773.043922</out_Quantity.quantity></Point><Point><position>3856</position><in_Quantity.quantity>0.000000</in_Quantity.quantity><out_Quantity.quantity>816.328834</out_Quantity.quantity></Point><Point><position>3857</position><in_Quantity.quantity>0.000000</in_Quantity.quantity><out_Quantity.quantity>537.758765</out_Quantity.quantity></Point><Point><position>3858</position><in_Quantity.quantity>0.000000</in_Quantity.quantity><out_Quantity.quantity>445.934407</out_Quantity.quantity></Point><Point><position>3859</position><in_Quantity.quantity>0.000000</in_Quantity.quantity><out_Quantity.quantity>561.020542</out_Quantity.quantity></Point><Point><position>3860</position><in_Quantity.quantity>0.000000</in_Quantity.quantity><out_Quantity.quantity>661.431592</out_Quantity.quantity></Point><Point><position>3861</position><in_Quantity.quantity>0.000000</in_Quantity.quantity><out_Quantity.quantity>647.964594</out_Quantity.quantity></Point><Point><position>3862</position><in_Quantity.quantity>0.000000</in_Quantity.quantity><out_Quantity.quantity>472.432476</out_Quantity.quantity></Point><Point><position>3863</position><in_Quantity.quantity>0.000000</in_Quantity.quantity><out_Quantity.quantity>520.782146</out_Quantity.quantity></Point><Point><position>3864</position><in_Quantity.quantity>0.000000</in_Quantity.quantity><out_Quantity.quantity>596.813251</out_Quantity.quantity></Point><Point><position>3865</position><in_Quantity.quantity>0.000000</in_Quantity.quantity><out_Quantity.quantity>793.441779</out_Quantity.quantity></Point><Point><position>3866</position><in_Quantity.quantity>0.000000</in_Quantity.quantity><out_Quantity.quantity>886.501260</out_Quantity.quantity></Point><Point><position>3867</position><in_Quantity.quantity>0.000000</in_Quantity.quantity><out_Quantity.quantity>710.485301</out_Quantity.quantity></Point><Point><position>3868</position><in_Quantity.quantity>0.000000</in_Quantity.quantity><out_Quantity.quantity>725.146859</out_Quantity.quantity></Point><Point><position>3869</position><in_Quantity.quantity>0.000000</in_Quantity.quantity><out_Quantity.quantity>830.014909</out_Quantity.quantity></Point><Point><position>3870</position><in_Quantity.quantity>0.000000</in_Quantity.quantity><out_Quantity.quantity>311.115800</out_Quantity.quantity></Point><Point><position>3871</position><in_Quantity.quantity>0.000000</in_Quantity.quantity><out_Quantity.quantity>476.887474</out_Quantity.quantity></Point><Point><position>3872</position><in_Quantity.quantity>0.000000</in_Quantity.quantity><out_Quantity.quantity>60.899213</out_Quantity.quantity></Point><Point><position>3873</position><in_Quantity.quantity>0.000000</in_Quantity.quantity><out_Quantity.quantity>461.214988</out_Quantity.quantity></Point><Point><position>3874</position><in_Quantity.quantity>0.000000</in_Quantity.quantity><out_Quantity.quantity>49.362432</out_Quantity.quantity></Point><Point><position>3875</position><in_Quantity.quantity>0.000000</in_Quantity.quantity><out_Quantity.quantity>224.444403</out_Quantity.quantity></Point><Point><position>3876</position><in_Quantity.quantity>0.000000</in_Quantity.quantity><out_Quantity.quantity>526.141011</out_Quantity.quantity></Point><Point><position>3877</position><in_Quantity.quantity>0.000000</in_Quantity.quantity><out_Quantity.quantity>642.153366</out_Quantity.quantity></Point><Point><position>3878</position><in_Quantity.quantity>0.000000</in_Quantity.quantity><out_Quantity.quantity>226.840224</out_Quantity.quantity></Point><Point><position>3879</position><in_Quantity.quantity>0.000000</in_Quantity.quantity><out_Quantity.quantity>29.580565</out_Quantity.quantity></Point><Point><position>3880</position><in_Quantity.quantity>0.000000</in_Quantity.quantity><out_Quantity.quantity>773.795777</out_Quantity.quantity></Point><Point><position>3881</position><in_Quantity.quantity>0.000000</in_Quantity.quantity><out_Quantity.quantity>73.109060</out_Quantity.quantity></Point><Point><position>3882</position><in_Quantity.quantity>0.000000</in_Quantity.quantity><out_Quantity.quantity>564.928424</out_Quantity.quantity></Point><Point><position>3883</position><in_Quantity.quantity>0.000000</in_Quantity.quantity><out_Quantity.quantity>467.833816</out_Quantity.quantity></Point><Point><position>3884</position><in_Quantity.quantity>0.000000</in_Quantity.quantity><out_Quantity.quantity>814.592879</out_Quantity.quantity></Point><Point><position>3885</position><in_Quantity.quantity>0.000000</in_Quantity.quantity><out_Quantity.quantity>816.249139</out_Quantity.quantity></Point><Point><position>3886</position><in_Quantity.quantity>0.000000</in_Quantity.quantity><out_Quantity.quantity>138.154103</out_Quantity.quantity></Point><Point><position>3887</position><in_Quantity.quantity>0.000000</in_Quantity.quantity><out_Quantity.quantity>284.172173</out_Quantity.quantity></Point><Point><position>3888</position><in_Quantity.quantity>0.000000</in_Quantity.quantity><out_Quantity.quantity>872.901952</out_Quantity.quantity></Point><Point><position>3889</position><in_Quantity.quantity>0.000000</in_Quantity.quantity><out_Quantity.quantity>55.606033</out_Quantity.quantity></Point><Point><position>3890</position><in_Quantity.quantity>0.000000</in_Quantity.quantity><out_Quantity.quantity>369.202502</out_Quantity.quantity></Point><Point><position>3891</position><in_Quantity.quantity>0.000000</in_Quantity.quantity><out_Quantity.quantity>683.510678</out_Quantity.quantity></Point><Point><position>3892</position><in_Quantity.quantity>0.000000</in_Quantity.quantity><out_Quantity.quantity>372.843816</out_Quantity.quantity></Point><Point><position>3893</position><in_Quantity.quantity>0.000000</in_Quantity.quantity><out_Quantity.quantity>632.398003</out_Quantity.quantity></Point><Point><position>3894</position><in_Quantity.quantity>0.000000</in_Quantity.quantity><out_Quantity.quantity>738.135984</out_Quantity.quantity></Point><Point><position>3895</position><in_Quantity.quantity>0.000000</in_Quantity.quantity><out_Quantity.quantity>366.460266</out_Quantity.quantity></Point><Point><position>3896</position><in_Quantity.quantity>0.000000</in_Quantity.quantity><out_Quantity.quantity>649.810308</out_Quantity.quantity></Point><Point><position>3897</position><in_Quantity.quantity>0.000000</in_Quantity.quantity><out_Quantity.quantity>200.571424</out_Quantity.quantity></Point><Point><position>3898</position><in_Quantity.quantity>0.000000</in_Quantity.quantity><out_Quantity.quantity>160.186464</out_Quantity.quantity></Point><Point><position>3899</position><in_Quantity.quantity>0.000000</in_Quantity.quantity><out_Quantity.quantity>508.066389</out_Quantity.quantity></Point><Point><position>3900</position><in_Quantity.quantity>0.000000</in_Quantity.quantity><out_Quantity.quantity>334.265226</out_Quantity.quantity></Point><Point><position>3901</position><in_Quantity.quantity>0.000000</in_Quantity.quantity><out_Quantity.quantity>52.338646</out_Quantity.quantity></Point><Point><position>3902</position><in_Quantity.quantity>0.000000</in_Quantity.quantity><out_Quantity.quantity>791.231648</out_Quantity.quantity></Point><Point><position>3903</position><in_Quantity.quantity>0.000000</in_Quantity.quantity><out_Quantity.quantity>20.595585</out_Quantity.quantity></Point><Point><position>3904</position><in_Quantity.quantity>0.000000</in_Quantity.quantity><out_Quantity.quantity>917.366175</out_Quantity.quantity></Point><Point><position>3905</position><in_Quantity.quantity>0.000000</in_Quantity.quantity><out_Quantity.quantity>721.358247</out_Quantity.quantity></Point><Point><position>3906</position><in_Quantity.quantity>0.000000</in_Quantity.quantity><out_Quantity.quantity>875.851665</out_Quantity.quantity></Point><Point><position>3907</position><in_Quantity.quantity>0.000000</in_Quantity.quantity><out_Quantity.quantity>134.677582</out_Quantity.quantity></Point><Point><position>3908</position><in_Quantity.quantity>0.000000</in_Quantity.quantity><out_Quantity.quantity>336.421805</out_Quantity.quantity></Point><Point><position>3909</position><in_Quantity.quantity>0.000000</in_Quantity.quantity><out_Quantity.quantity>157.727137</out_Quantity.quantity></Point><Point><position>3910</position><in_Quantity.quantity>0.000000</in_Quantity.quantity><out_Quantity.quantity>931.779348</out_Quantity.quantity></Point><Point><position>3911</position><in_Quantity.quantity>0.000000</in_Quantity.quantity><out_Quantity.quantity>235.846406</out_Quantity.quantity></Point><Point><position>3912</position><in_Quantity.quantity>0.000000</in_Quantity.quantity><out_Quantity.quantity>293.255684</out_Quantity.quantity></Point><Point><position>3913</position><in_Quantity.quantity>0.000000</in_Quantity.quantity><out_Quantity.quantity>228.047929</out_Quantity.quantity></Point><Point><position>3914</position><in_Quantity.quantity>0.000000</in_Quantity.quantity><out_Quantity.quantity>771.703219</out_Quantity.quantity></Point><Point><position>3915</position><in_Quantity.quantity>0.000000</in_Quantity.quantity><out_Quantity.quantity>863.065944</out_Quantity.quantity></Point><Point><position>3916</position><in_Quantity.quantity>0.000000</in_Quantity.quantity><out_Quantity.quantity>165.080050</out_Quantity.quantity></Point><Point><position>3917</position><in_Quantity.quantity>0.000000</in_Quantity.quantity><out_Quantity.quantity>272.815225</out_Quantity.quantity></Point><Point><position>3918</position><in_Quantity.quantity>0.000000</in_Quantity.quantity><out_Quantity.quantity>259.241959</out_Quantity.quantity></Point><Point><position>3919</position><in_Quantity.quantity>0.000000</in_Quantity.quantity><out_Quantity.quantity>567.292255</out_Quantity.quantity></Point><Point><position>3920</position><in_Quantity.quantity>0.000000</in_Quantity.quantity><out_Quantity.quantity>512.728766</out_Quantity.quantity></Point><Point><position>3921</position><in_Quantity.quantity>0.000000</in_Quantity.quantity><out_Quantity.quantity>425.436282</out_Quantity.quantity></Point><Point><position>3922</position><in_Quantity.quantity>0.000000</in_Quantity.quantity><out_Quantity.quantity>856.910911</out_Quantity.quantity></Point><Point><position>3923</position><in_Quantity.quantity>0.000000</in_Quantity.quantity><out_Quantity.quantity>564.886359</out_Quantity.quantity></Point><Point><position>3924</position><in_Quantity.quantity>0.000000</in_Quantity.quantity><out_Quantity.quantity>642.797432</out_Quantity.quantity></Point><Point><position>3925</position><in_Quantity.quantity>0.000000</in_Quantity.quantity><out_Quantity.quantity>350.502347</out_Quantity.quantity></Point><Point><position>3926</position><in_Quantity.quantity>0.000000</in_Quantity.quantity><out_Quantity.quantity>353.530726</out_Quantity.quantity></Point><Point><position>3927</position><in_Quantity.quantity>0.000000</in_Quantity.quantity><out_Quantity.quantity>136.665969</out_Quantity.quantity></Point><Point><position>3928</position><in_Quantity.quantity>0.000000</in_Quantity.quantity><out_Quantity.quantity>331.387842</out_Quantity.quantity></Point><Point><position>3929</position><in_Quantity.quantity>0.000000</in_Quantity.quantity><out_Quantity.quantity>880.052665</out_Quantity.quantity></Point><Point><position>3930</position><in_Quantity.quantity>0.000000</in_Quantity.quantity><out_Quantity.quantity>984.644802</out_Quantity.quantity></Point><Point><position>3931</position><in_Quantity.quantity>0.000000</in_Quantity.quantity><out_Quantity.quantity>154.297069</out_Quantity.quantity></Point><Point><position>3932</position><in_Quantity.quantity>0.000000</in_Quantity.quantity><out_Quantity.quantity>848.178866</out_Quantity.quantity></Point><Point><position>3933</position><in_Quantity.quantity>0.000000</in_Quantity.quantity><out_Quantity.quantity>917.203084</out_Quantity.quantity></Point><Point><position>3934</position><in_Quantity.quantity>0.000000</in_Quantity.quantity><out_Quantity.quantity>307.759931</out_Quantity.quantity></Point><Point><position>3935</position><in_Quantity.quantity>0.000000</in_Quantity.quantity><out_Quantity.quantity>932.977321</out_Quantity.quantity></Point><Point><position>3936</position><in_Quantity.quantity>0.000000</in_Quantity.quantity><out_Quantity.quantity>77.865778</out_Quantity.quantity></Point><Point><position>3937</position><in_Quantity.quantity>0.000000</in_Quantity.quantity><out_Quantity.quantity>646.901890</out_Quantity.quantity></Point><Point><position>3938</position><in_Quantity.quantity>0.000000</in_Quantity.quantity><out_Quantity.quantity>179.430378</out_Quantity.quantity></Point><Point><position>3939</position><in_Quantity.quantity>0.000000</in_Quantity.quantity><out_Quantity.quantity>808.059749</out_Quantity.quantity></Point><Point><position>3940</position><in_Quantity.quantity>0.000000</in_Quantity.quantity><out_Quantity.quantity>164.787668</out_Quantity.quantity></Point><Point><position>3941</position><in_Quantity.quantity>0.000000</in_Quantity.quantity><out_Quantity.quantity>619.393493</out_Quantity.quantity></Point><Point><position>3942</position><in_Quantity.quantity>0.000000</in_Quantity.quantity><out_Quantity.quantity>106.230923</out_Quantity.quantity></Point><Point><position>3943</position><in_Quantity.quantity>0.000000</in_Quantity.quantity><out_Quantity.quantity>271.455410</out_Quantity.quantity></Point><Point><position>3944</position><in_Quantity.quantity>0.000000</in_Quantity.quantity><out_Quantity.quantity>916.272122</out_Quantity.quantity></Point><Point><position>3945</position><in_Quantity.quantity>0.000000</in_Quantity.quantity><out_Quantity.quantity>809.319184</out_Quantity.quantity></Point><Point><position>3946</position><in_Quantity.quantity>0.000000</in_Quantity.quantity><out_Quantity.quantity>942.138284</out_Quantity.quantity></Point><Point><position>3947</position><in_Quantity.quantity>0.000000</in_Quantity.quantity><out_Quantity.quantity>210.224847</out_Quantity.quantity></Point><Point><position>3948</position><in_Quantity.quantity>0.000000</in_Quantity.quantity><out_Quantity.quantity>205.075450</out_Quantity.quantity></Point><Point><position>3949</position><in_Quantity.quantity>0.000000</in_Quantity.quantity><out_Quantity.quantity>893.974091</out_Quantity.quantity></Point><Point><position>3950</position><in_Quantity.quantity>0.000000</in_Quantity.quantity><out_Quantity.quantity>656.290871</out_Quantity.quantity></Point><Point><position>3951</position><in_Quantity.quantity>0.000000</in_Quantity.quantity><out_Quantity.quantity>750.282626</out_Quantity.quantity></Point><Point><position>3952</position><in_Quantity.quantity>0.000000</in_Quantity.quantity><out_Quantity.quantity>350.328742</out_Quantity.quantity></Point><Point><position>3953</position><in_Quantity.quantity>0.000000</in_Quantity.quantity><out_Quantity.quantity>110.013329</out_Quantity.quantity></Point><Point><position>3954</position><in_Quantity.quantity>0.000000</in_Quantity.quantity><out_Quantity.quantity>109.235801</out_Quantity.quantity></Point><Point><position>3955</position><in_Quantity.quantity>0.000000</in_Quantity.quantity><out_Quantity.quantity>610.543486</out_Quantity.quantity></Point><Point><position>3956</position><in_Quantity.quantity>0.000000</in_Quantity.quantity><out_Quantity.quantity>468.942065</out_Quantity.quantity></Point><Point><position>3957</position><in_Quantity.quantity>0.000000</in_Quantity.quantity><out_Quantity.quantity>337.403329</out_Quantity.quantity></Point><Point><position>3958</position><in_Quantity.quantity>0.000000</in_Quantity.quantity><out_Quantity.quantity>304.512129</out_Quantity.quantity></Point><Point><position>3959</position><in_Quantity.quantity>0.000000</in_Quantity.quantity><out_Quantity.quantity>168.287743</out_Quantity.quantity></Point><Point><position>3960</position><in_Quantity.quantity>0.000000</in_Quantity.quantity><out_Quantity.quantity>974.747751</out_Quantity.quantity></Point><Point><position>3961</position><in_Quantity.quantity>0.000000</in_Quantity.quantity><out_Quantity.quantity>3.196595</out_Quantity.quantity></Point><Point><position>3962</position><in_Quantity.quantity>0.000000</in_Quantity.quantity><out_Quantity.quantity>890.740119</out_Quantity.quantity></Point><Point><position>3963</position><in_Quantity.quantity>0.000000</in_Quantity.quantity><out_Quantity.quantity>650.840404</out_Quantity.quantity></Point><Point><position>3964</position><in_Quantity.quantity>0.000000</in_Quantity.quantity><out_Quantity.quantity>896.168548</out_Quantity.quantity></Point><Point><position>3965</position><in_Quantity.quantity>0.000000</in_Quantity.quantity><out_Quantity.quantity>504.631792</out_Quantity.quantity></Point><Point><position>3966</position><in_Quantity.quantity>0.000000</in_Quantity.quantity><out_Quantity.quantity>710.049860</out_Quantity.quantity></Point><Point><position>3967</position><in_Quantity.quantity>0.000000</in_Quantity.quantity><out_Quantity.quantity>279.679570</out_Quantity.quantity></Point><Point><position>3968</position><in_Quantity.quantity>0.000000</in_Quantity.quantity><out_Quantity.quantity>855.499085</out_Quantity.quantity></Point><Point><position>3969</position><in_Quantity.quantity>0.000000</in_Quantity.quantity><out_Quantity.quantity>366.271247</out_Quantity.quantity></Point><Point><position>3970</position><in_Quantity.quantity>0.000000</in_Quantity.quantity><out_Quantity.quantity>112.244149</out_Quantity.quantity></Point><Point><position>3971</position><in_Quantity.quantity>0.000000</in_Quantity.quantity><out_Quantity.quantity>447.984817</out_Quantity.quantity></Point><Point><position>3972</position><in_Quantity.quantity>0.000000</in_Quantity.quantity><out_Quantity.quantity>455.469851</out_Quantity.quantity></Point><Point><position>3973</position><in_Quantity.quantity>0.000000</in_Quantity.quantity><out_Quantity.quantity>852.465559</out_Quantity.quantity></Point><Point><position>3974</position><in_Quantity.quantity>0.000000</in_Quantity.quantity><out_Quantity.quantity>299.418667</out_Quantity.quantity></Point><Point><position>3975</position><in_Quantity.quantity>0.000000</in_Quantity.quantity><out_Quantity.quantity>63.329033</out_Quantity.quantity></Point><Point><position>3976</position><in_Quantity.quantity>0.000000</in_Quantity.quantity><out_Quantity.quantity>26.938912</out_Quantity.quantity></Point><Point><position>3977</position><in_Quantity.quantity>0.000000</in_Quantity.quantity><out_Quantity.quantity>433.254707</out_Quantity.quantity></Point><Point><position>3978</position><in_Quantity.quantity>0.000000</in_Quantity.quantity><out_Quantity.quantity>19.293082</out_Quantity.quantity></Point><Point><position>3979</position><in_Quantity.quantity>0.000000</in_Quantity.quantity><out_Quantity.quantity>376.452320</out_Quantity.quantity></Point><Point><position>3980</position><in_Quantity.quantity>0.000000</in_Quantity.quantity><out_Quantity.quantity>165.422510</out_Quantity.quantity></Point><Point><position>3981</position><in_Quantity.quantity>0.000000</in_Quantity.quantity><out_Quantity.quantity>613.056820</out_Quantity.quantity></Point><Point><position>3982</position><in_Quantity.quantity>0.000000</in_Quantity.quantity><out_Quantity.quantity>676.086210</out_Quantity.quantity></Point><Point><position>3983</position><in_Quantity.quantity>0.000000</in_Quantity.quantity><out_Quantity.quantity>604.865952</out_Quantity.quantity></Point><Point><position>3984</position><in_Quantity.quantity>0.000000</in_Quantity.quantity><out_Quantity.quantity>18.888163</out_Quantity.quantity></Point><Point><position>3985</position><in_Quantity.quantity>0.000000</in_Quantity.quantity><out_Quantity.quantity>656.496364</out_Quantity.quantity></Point><Point><position>3986</position><in_Quantity.quantity>0.000000</in_Quantity.quantity><out_Quantity.quantity>527.991462</out_Quantity.quantity></Point><Point><position>3987</position><in_Quantity.quantity>0.000000</in_Quantity.quantity><out_Quantity.quantity>55.576294</out_Quantity.quantity></Point><Point><position>3988</position><in_Quantity.quantity>0.000000</in_Quantity.quantity><out_Quantity.quantity>649.829113</out_Quantity.quantity></Point><Point><position>3989</position><in_Quantity.quantity>0.000000</in_Quantity.quantity><out_Quantity.quantity>905.046504</out_Quantity.quantity></Point><Point><position>3990</position><in_Quantity.quantity>0.000000</in_Quantity.quantity><out_Quantity.quantity>271.676542</out_Quantity.quantity></Point><Point><position>3991</position><in_Quantity.quantity>0.000000</in_Quantity.quantity><out_Quantity.quantity>180.198149</out_Quantity.quantity></Point><Point><position>3992</position><in_Quantity.quantity>0.000000</in_Quantity.quantity><out_Quantity.quantity>811.390012</out_Quantity.quantity></Point><Point><position>3993</position><in_Quantity.quantity>0.000000</in_Quantity.quantity><out_Quantity.quantity>231.479304</out_Quantity.quantity></Point><Point><position>3994</position><in_Quantity.quantity>0.000000</in_Quantity.quantity><out_Quantity.quantity>596.554900</out_Quantity.quantity></Point><Point><position>3995</position><in_Quantity.quantity>0.000000</in_Quantity.quantity><out_Quantity.quantity>780.355002</out_Quantity.quantity></Point><Point><position>3996</position><in_Quantity.quantity>0.000000</in_Quantity.quantity><out_Quantity.quantity>148.050683</out_Quantity.quantity></Point><Point><position>3997</position><in_Quantity.quantity>0.000000</in_Quantity.quantity><out_Quantity.quantity>930.108810</out_Quantity.quantity></Point><Point><position>3998</position><in_Quantity.quantity>0.000000</in_Quantity.quantity><out_Quantity.quantity>742.083638</out_Quantity.quantity></Point><Point><position>3999</position><in_Quantity.quantity>0.000000</in_Quantity.quantity><out_Quantity.quantity>57.780982</out_Quantity.quantity></Point><Point><position>4000</position><in_Quantity.quantity>0.000000</in_Quantity.quantity><out_Quantity.quantity>486.912112</out_Quantity.quantity></Point><Point><position>4001</position><in_Quantity.quantity>0.000000</in_Quantity.quantity><out_Quantity.quantity>24.595402</out_Quantity.quantity></Point><Point><position>4002</position><in_Quantity.quantity>0.000000</in_Quantity.quantity><out_Quantity.quantity>712.234248</out_Quantity.quantity></Point><Point><position>4003</position><in_Quantity.quantity>0.000000</in_Quantity.quantity><out_Quantity.quantity>766.544203</out_Quantity.quantity></Point><Point><position>4004</position><in_Quantity.quantity>0.000000</in_Quantity.quantity><out_Quantity.quantity>412.354387</out_Quantity.quantity></Point><Point><position>4005</position><in_Quantity.quantity>0.000000</in_Quantity.quantity><out_Quantity.quantity>107.036238</out_Quantity.quantity></Point><Point><position>4006</position><in_Quantity.quantity>0.000000</in_Quantity.quantity><out_Quantity.quantity>101.053325</out_Quantity.quantity></Point><Point><position>4007</position><in_Quantity.quantity>0.000000</in_Quantity.quantity><out_Quantity.quantity>989.950276</out_Quantity.quantity></Point><Point><position>4008</position><in_Quantity.quantity>0.000000</in_Quantity.quantity><out_Quantity.quantity>702.704248</out_Quantity.quantity></Point><Point><position>4009</position><in_Quantity.quantity>0.000000</in_Quantity.quantity><out_Quantity.quantity>939.012776</out_Quantity.quantity></Point><Point><position>4010</position><in_Quantity.quantity>0.000000</in_Quantity.quantity><out_Quantity.quantity>233.647881</out_Quantity.quantity></Point><Point><position>4011</position><in_Quantity.quantity>0.000000</in_Quantity.quantity><out_Quantity.quantity>731.835602</out_Quantity.quantity></Point><Point><position>4012</position><in_Quantity.quantity>0.000000</in_Quantity.quantity><out_Quantity.quantity>489.174475</out_Quantity.quantity></Point><Point><position>4013</position><in_Quantity.quantity>0.000000</in_Quantity.quantity><out_Quantity.quantity>84.881422</out_Quantity.quantity></Point><Point><position>4014</position><in_Quantity.quantity>0.000000</in_Quantity.quantity><out_Quantity.quantity>215.012625</out_Quantity.quantity></Point><Point><position>4015</position><in_Quantity.quantity>0.000000</in_Quantity.quantity><out_Quantity.quantity>879.773777</out_Quantity.quantity></Point><Point><position>4016</position><in_Quantity.quantity>0.000000</in_Quantity.quantity><out_Quantity.quantity>255.736515</out_Quantity.quantity></Point><Point><position>4017</position><in_Quantity.quantity>0.000000</in_Quantity.quantity><out_Quantity.quantity>196.966658</out_Quantity.quantity></Point><Point><position>4018</position><in_Quantity.quantity>0.000000</in_Quantity.quantity><out_Quantity.quantity>934.757499</out_Quantity.quantity></Point><Point><position>4019</position><in_Quantity.quantity>0.000000</in_Quantity.quantity><out_Quantity.quantity>235.113708</out_Quantity.quantity></Point><Point><position>4020</position><in_Quantity.quantity>0.000000</in_Quantity.quantity><out_Quantity.quantity>94.291912</out_Quantity.quantity></Point><Point><position>4021</position><in_Quantity.quantity>0.000000</in_Quantity.quantity><out_Quantity.quantity>224.924864</out_Quantity.quantity></Point><Point><position>4022</position><in_Quantity.quantity>0.000000</in_Quantity.quantity><out_Quantity.quantity>68.069799</out_Quantity.quantity></Point><Point><position>4023</position><in_Quantity.quantity>0.000000</in_Quantity.quantity><out_Quantity.quantity>468.775248</out_Quantity.quantity></Point><Point><position>4024</position><in_Quantity.quantity>0.000000</in_Quantity.quantity><out_Quantity.quantity>882.050532</out_Quantity.quantity></Point><Point><position>4025</position><in_Quantity.quantity>0.000000</in_Quantity.quantity><out_Quantity.quantity>770.166333</out_Quantity.quantity></Point><Point><position>4026</position><in_Quantity.quantity>0.000000</in_Quantity.quantity><out_Quantity.quantity>200.152719</out_Quantity.quantity></Point><Point><position>4027</position><in_Quantity.quantity>0.000000</in_Quantity.quantity><out_Quantity.quantity>833.459208</out_Quantity.quantity></Point><Point><position>4028</position><in_Quantity.quantity>0.000000</in_Quantity.quantity><out_Quantity.quantity>384.545956</out_Quantity.quantity></Point><Point><position>4029</position><in_Quantity.quantity>0.000000</in_Quantity.quantity><out_Quantity.quantity>436.975856</out_Quantity.quantity></Point><Point><position>4030</position><in_Quantity.quantity>0.000000</in_Quantity.quantity><out_Quantity.quantity>879.330085</out_Quantity.quantity></Point><Point><position>4031</position><in_Quantity.quantity>0.000000</in_Quantity.quantity><out_Quantity.quantity>928.281199</out_Quantity.quantity></Point><Point><position>4032</position><in_Quantity.quantity>0.000000</in_Quantity.quantity><out_Quantity.quantity>613.460175</out_Quantity.quantity></Point><Point><position>4033</position><in_Quantity.quantity>0.000000</in_Quantity.quantity><out_Quantity.quantity>229.028128</out_Quantity.quantity></Point><Point><position>4034</position><in_Quantity.quantity>0.000000</in_Quantity.quantity><out_Quantity.quantity>729.746464</out_Quantity.quantity></Point><Point><position>4035</position><in_Quantity.quantity>0.000000</in_Quantity.quantity><out_Quantity.quantity>83.863890</out_Quantity.quantity></Point><Point><position>4036</position><in_Quantity.quantity>0.000000</in_Quantity.quantity><out_Quantity.quantity>423.856678</out_Quantity.quantity></Point><Point><position>4037</position><in_Quantity.quantity>0.000000</in_Quantity.quantity><out_Quantity.quantity>903.769770</out_Quantity.quantity></Point><Point><position>4038</position><in_Quantity.quantity>0.000000</in_Quantity.quantity><out_Quantity.quantity>683.562885</out_Quantity.quantity></Point><Point><position>4039</position><in_Quantity.quantity>0.000000</in_Quantity.quantity><out_Quantity.quantity>660.673347</out_Quantity.quantity></Point><Point><position>4040</position><in_Quantity.quantity>0.000000</in_Quantity.quantity><out_Quantity.quantity>228.436258</out_Quantity.quantity></Point><Point><position>4041</position><in_Quantity.quantity>0.000000</in_Quantity.quantity><out_Quantity.quantity>886.751199</out_Quantity.quantity></Point><Point><position>4042</position><in_Quantity.quantity>0.000000</in_Quantity.quantity><out_Quantity.quantity>588.212235</out_Quantity.quantity></Point><Point><position>4043</position><in_Quantity.quantity>0.000000</in_Quantity.quantity><out_Quantity.quantity>482.224419</out_Quantity.quantity></Point><Point><position>4044</position><in_Quantity.quantity>0.000000</in_Quantity.quantity><out_Quantity.quantity>624.729251</out_Quantity.quantity></Point><Point><position>4045</position><in_Quantity.quantity>0.000000</in_Quantity.quantity><out_Quantity.quantity>918.727134</out_Quantity.quantity></Point><Point><position>4046</position><in_Quantity.quantity>0.000000</in_Quantity.quantity><out_Quantity.quantity>379.816728</out_Quantity.quantity></Point><Point><position>4047</position><in_Quantity.quantity>0.000000</in_Quantity.quantity><out_Quantity.quantity>733.678512</out_Quantity.quantity></Point><Point><position>4048</position><in_Quantity.quantity>0.000000</in_Quantity.quantity><out_Quantity.quantity>173.577839</out_Quantity.quantity></Point><Point><position>4049</position><in_Quantity.quantity>0.000000</in_Quantity.quantity><out_Quantity.quantity>881.797973</out_Quantity.quantity></Point><Point><position>4050</position><in_Quantity.quantity>0.000000</in_Quantity.quantity><out_Quantity.quantity>938.056528</out_Quantity.quantity></Point><Point><position>4051</position><in_Quantity.quantity>0.000000</in_Quantity.quantity><out_Quantity.quantity>435.402948</out_Quantity.quantity></Point><Point><position>4052</position><in_Quantity.quantity>0.000000</in_Quantity.quantity><out_Quantity.quantity>393.653938</out_Quantity.quantity></Point><Point><position>4053</position><in_Quantity.quantity>0.000000</in_Quantity.quantity><out_Quantity.quantity>414.478998</out_Quantity.quantity></Point><Point><position>4054</position><in_Quantity.quantity>0.000000</in_Quantity.quantity><out_Quantity.quantity>375.005833</out_Quantity.quantity></Point><Point><position>4055</position><in_Quantity.quantity>0.000000</in_Quantity.quantity><out_Quantity.quantity>812.480101</out_Quantity.quantity></Point><Point><position>4056</position><in_Quantity.quantity>0.000000</in_Quantity.quantity><out_Quantity.quantity>101.182406</out_Quantity.quantity></Point><Point><position>4057</position><in_Quantity.quantity>0.000000</in_Quantity.quantity><out_Quantity.quantity>417.041176</out_Quantity.quantity></Point><Point><position>4058</position><in_Quantity.quantity>0.000000</in_Quantity.quantity><out_Quantity.quantity>728.493957</out_Quantity.quantity></Point><Point><position>4059</position><in_Quantity.quantity>0.000000</in_Quantity.quantity><out_Quantity.quantity>53.350032</out_Quantity.quantity></Point><Point><position>4060</position><in_Quantity.quantity>0.000000</in_Quantity.quantity><out_Quantity.quantity>121.257492</out_Quantity.quantity></Point><Point><position>4061</position><in_Quantity.quantity>0.000000</in_Quantity.quantity><out_Quantity.quantity>29.492445</out_Quantity.quantity></Point><Point><position>4062</position><in_Quantity.quantity>0.000000</in_Quantity.quantity><out_Quantity.quantity>437.892425</out_Quantity.quantity></Point><Point><position>4063</position><in_Quantity.quantity>0.000000</in_Quantity.quantity><out_Quantity.quantity>536.480407</out_Quantity.quantity></Point><Point><position>4064</position><in_Quantity.quantity>0.000000</in_Quantity.quantity><out_Quantity.quantity>106.027689</out_Quantity.quantity></Point><Point><position>4065</position><in_Quantity.quantity>0.000000</in_Quantity.quantity><out_Quantity.quantity>642.165784</out_Quantity.quantity></Point><Point><position>4066</position><in_Quantity.quantity>0.000000</in_Quantity.quantity><out_Quantity.quantity>793.446959</out_Quantity.quantity></Point><Point><position>4067</position><in_Quantity.quantity>0.000000</in_Quantity.quantity><out_Quantity.quantity>330.729447</out_Quantity.quantity></Point><Point><position>4068</position><in_Quantity.quantity>0.000000</in_Quantity.quantity><out_Quantity.quantity>2.944857</out_Quantity.quantity></Point><Point><position>4069</position><in_Quantity.quantity>0.000000</in_Quantity.quantity><out_Quantity.quantity>461.940134</out_Quantity.quantity></Point><Point><position>4070</position><in_Quantity.quantity>0.000000</in_Quantity.quantity><out_Quantity.quantity>754.599172</out_Quantity.quantity></Point><Point><position>4071</position><in_Quantity.quantity>0.000000</in_Quantity.quantity><out_Quantity.quantity>322.719660</out_Quantity.quantity></Point><Point><position>4072</position><in_Quantity.quantity>0.000000</in_Quantity.quantity><out_Quantity.quantity>123.692242</out_Quantity.quantity></Point><Point><position>4073</position><in_Quantity.quantity>0.000000</in_Quantity.quantity><out_Quantity.quantity>390.665517</out_Quantity.quantity></Point><Point><position>4074</position><in_Quantity.quantity>0.000000</in_Quantity.quantity><out_Quantity.quantity>768.590696</out_Quantity.quantity></Point><Point><position>4075</position><in_Quantity.quantity>0.000000</in_Quantity.quantity><out_Quantity.quantity>392.625238</out_Quantity.quantity></Point><Point><position>4076</position><in_Quantity.quantity>0.000000</in_Quantity.quantity><out_Quantity.quantity>850.744675</out_Quantity.quantity></Point><Point><position>4077</position><in_Quantity.quantity>0.000000</in_Quantity.quantity><out_Quantity.quantity>268.777517</out_Quantity.quantity></Point><Point><position>4078</position><in_Quantity.quantity>0.000000</in_Quantity.quantity><out_Quantity.quantity>160.808104</out_Quantity.quantity></Point><Point><position>4079</position><in_Quantity.quantity>0.000000</in_Quantity.quantity><out_Quantity.quantity>935.353341</out_Quantity.quantity></Point><Point><position>4080</position><in_Quantity.quantity>0.000000</in_Quantity.quantity><out_Quantity.quantity>427.106993</out_Quantity.quantity></Point><Point><position>4081</position><in_Quantity.quantity>0.000000</in_Quantity.quantity><out_Quantity.quantity>692.335998</out_Quantity.quantity></Point><Point><position>4082</position><in_Quantity.quantity>0.000000</in_Quantity.quantity><out_Quantity.quantity>399.695249</out_Quantity.quantity></Point><Point><position>4083</position><in_Quantity.quantity>0.000000</in_Quantity.quantity><out_Quantity.quantity>967.292825</out_Quantity.quantity></Point><Point><position>4084</position><in_Quantity.quantity>0.000000</in_Quantity.quantity><out_Quantity.quantity>368.100317</out_Quantity.quantity></Point><Point><position>4085</position><in_Quantity.quantity>0.000000</in_Quantity.quantity><out_Quantity.quantity>78.731694</out_Quantity.quantity></Point><Point><position>4086</position><in_Quantity.quantity>0.000000</in_Quantity.quantity><out_Quantity.quantity>175.413186</out_Quantity.quantity></Point><Point><position>4087</position><in_Quantity.quantity>0.000000</in_Quantity.quantity><out_Quantity.quantity>224.315090</out_Quantity.quantity></Point><Point><position>4088</position><in_Quantity.quantity>0.000000</in_Quantity.quantity><out_Quantity.quantity>664.685355</out_Quantity.quantity></Point><Point><position>4089</position><in_Quantity.quantity>0.000000</in_Quantity.quantity><out_Quantity.quantity>805.246609</out_Quantity.quantity></Point><Point><position>4090</position><in_Quantity.quantity>0.000000</in_Quantity.quantity><out_Quantity.quantity>405.909307</out_Quantity.quantity></Point><Point><position>4091</position><in_Quantity.quantity>0.000000</in_Quantity.quantity><out_Quantity.quantity>617.575473</out_Quantity.quantity></Point><Point><position>4092</position><in_Quantity.quantity>0.000000</in_Quantity.quantity><out_Quantity.quantity>926.638088</out_Quantity.quantity></Point><Point><position>4093</position><in_Quantity.quantity>0.000000</in_Quantity.quantity><out_Quantity.quantity>459.068007</out_Quantity.quantity></Point><Point><position>4094</position><in_Quantity.quantity>0.000000</in_Quantity.quantity><out_Quantity.quantity>555.610887</out_Quantity.quantity></Point><Point><position>4095</position><in_Quantity.quantity>0.000000</in_Quantity.quantity><out_Quantity.quantity>80.413825</out_Quantity.quantity></Point><Point><position>4096</position><in_Quantity.quantity>0.000000</in_Quantity.quantity><out_Quantity.quantity>743.511268</out_Quantity.quantity></Point><Point><position>4097</position><in_Quantity.quantity>0.000000</in_Quantity.quantity><out_Quantity.quantity>27.701373</out_Quantity.quantity></Point><Point><position>4098</position><in_Quantity.quantity>0.000000</in_Quantity.quantity><out_Quantity.quantity>173.617869</out_Quantity.quantity></Point><Point><position>4099</position><in_Quantity.quantity>0.000000</in_Quantity.quantity><out_Quantity.quantity>477.503441</out_Quantity.quantity></Point><Point><position>4100</position><in_Quantity.quantity>0.000000</in_Quantity.quantity><out_Quantity.quantity>31.513948</out_Quantity.quantity></Point><Point><position>4101</position><in_Quantity.quantity>0.000000</in_Quantity.quantity><out_Quantity.quantity>212.704772</out_Quantity.quantity></Point><Point><position>4102</position><in_Quantity.quantity>0.000000</in_Quantity.quantity><out_Quantity.quantity>44.825877</out_Quantity.quantity></Point><Point><position>4103</position><in_Quantity.quantity>0.000000</in_Quantity.quantity><out_Quantity.quantity>731.512372</out_Quantity.quantity></Point><Point><position>4104</position><in_Quantity.quantity>0.000000</in_Quantity.quantity><out_Quantity.quantity>301.033753</out_Quantity.quantity></Point><Point><position>4105</position><in_Quantity.quantity>0.000000</in_Quantity.quantity><out_Quantity.quantity>334.508071</out_Quantity.quantity></Point><Point><position>4106</position><in_Quantity.quantity>0.000000</in_Quantity.quantity><out_Quantity.quantity>178.414843</out_Quantity.quantity></Point><Point><position>4107</position><in_Quantity.quantity>0.000000</in_Quantity.quantity><out_Quantity.quantity>261.924588</out_Quantity.quantity></Point><Point><position>4108</position><in_Quantity.quantity>0.000000</in_Quantity.quantity><out_Quantity.quantity>416.615983</out_Quantity.quantity></Point><Point><position>4109</position><in_Quantity.quantity>0.000000</in_Quantity.quantity><out_Quantity.quantity>11.597976</out_Quantity.quantity></Point><Point><position>4110</position><in_Quantity.quantity>0.000000</in_Quantity.quantity><out_Quantity.quantity>667.149847</out_Quantity.quantity></Point><Point><position>4111</position><in_Quantity.quantity>0.000000</in_Quantity.quantity><out_Quantity.quantity>597.445804</out_Quantity.quantity></Point><Point><position>4112</position><in_Quantity.quantity>0.000000</in_Quantity.quantity><out_Quantity.quantity>493.550396</out_Quantity.quantity></Point><Point><position>4113</position><in_Quantity.quantity>0.000000</in_Quantity.quantity><out_Quantity.quantity>621.968400</out_Quantity.quantity></Point><Point><position>4114</position><in_Quantity.quantity>0.000000</in_Quantity.quantity><out_Quantity.quantity>993.586127</out_Quantity.quantity></Point><Point><position>4115</position><in_Quantity.quantity>0.000000</in_Quantity.quantity><out_Quantity.quantity>577.126195</out_Quantity.quantity></Point><Point><position>4116</position><in_Quantity.quantity>0.000000</in_Quantity.quantity><out_Quantity.quantity>564.690332</out_Quantity.quantity></Point><Point><position>4117</position><in_Quantity.quantity>0.000000</in_Quantity.quantity><out_Quantity.quantity>494.409326</out_Quantity.quantity></Point><Point><position>4118</position><in_Quantity.quantity>0.000000</in_Quantity.quantity><out_Quantity.quantity>243.174369</out_Quantity.quantity></Point><Point><position>4119</position><in_Quantity.quantity>0.000000</in_Quantity.quantity><out_Quantity.quantity>721.953960</out_Quantity.quantity></Point><Point><position>4120</position><in_Quantity.quantity>0.000000</in_Quantity.quantity><out_Quantity.quantity>862.069606</out_Quantity.quantity></Point><Point><position>4121</position><in_Quantity.quantity>0.000000</in_Quantity.quantity><out_Quantity.quantity>684.834429</out_Quantity.quantity></Point><Point><position>4122</position><in_Quantity.quantity>0.000000</in_Quantity.quantity><out_Quantity.quantity>877.759305</out_Quantity.quantity></Point><Point><position>4123</position><in_Quantity.quantity>0.000000</in_Quantity.quantity><out_Quantity.quantity>569.704334</out_Quantity.quantity></Point><Point><position>4124</position><in_Quantity.quantity>0.000000</in_Quantity.quantity><out_Quantity.quantity>329.772024</out_Quantity.quantity></Point><Point><position>4125</position><in_Quantity.quantity>0.000000</in_Quantity.quantity><out_Quantity.quantity>805.262161</out_Quantity.quantity></Point><Point><position>4126</position><in_Quantity.quantity>0.000000</in_Quantity.quantity><out_Quantity.quantity>800.955760</out_Quantity.quantity></Point><Point><position>4127</position><in_Quantity.quantity>0.000000</in_Quantity.quantity><out_Quantity.quantity>50.289988</out_Quantity.quantity></Point><Point><position>4128</position><in_Quantity.quantity>0.000000</in_Quantity.quantity><out_Quantity.quantity>262.907007</out_Quantity.quantity></Point><Point><position>4129</position><in_Quantity.quantity>0.000000</in_Quantity.quantity><out_Quantity.quantity>286.241891</out_Quantity.quantity></Point><Point><position>4130</position><in_Quantity.quantity>0.000000</in_Quantity.quantity><out_Quantity.quantity>225.054902</out_Quantity.quantity></Point><Point><position>4131</position><in_Quantity.quantity>0.000000</in_Quantity.quantity><out_Quantity.quantity>466.295355</out_Quantity.quantity></Point><Point><position>4132</position><in_Quantity.quantity>0.000000</in_Quantity.quantity><out_Quantity.quantity>331.715183</out_Quantity.quantity></Point><Point><position>4133</position><in_Quantity.quantity>0.000000</in_Quantity.quantity><out_Quantity.quantity>194.314697</out_Quantity.quantity></Point><Point><position>4134</position><in_Quantity.quantity>0.000000</in_Quantity.quantity><out_Quantity.quantity>106.131288</out_Quantity.quantity></Point><Point><position>4135</position><in_Quantity.quantity>0.000000</in_Quantity.quantity><out_Quantity.quantity>384.080712</out_Quantity.quantity></Point><Point><position>4136</position><in_Quantity.quantity>0.000000</in_Quantity.quantity><out_Quantity.quantity>253.024107</out_Quantity.quantity></Point><Point><position>4137</position><in_Quantity.quantity>0.000000</in_Quantity.quantity><out_Quantity.quantity>192.243561</out_Quantity.quantity></Point><Point><position>4138</position><in_Quantity.quantity>0.000000</in_Quantity.quantity><out_Quantity.quantity>244.572734</out_Quantity.quantity></Point><Point><position>4139</position><in_Quantity.quantity>0.000000</in_Quantity.quantity><out_Quantity.quantity>243.439563</out_Quantity.quantity></Point><Point><position>4140</position><in_Quantity.quantity>0.000000</in_Quantity.quantity><out_Quantity.quantity>626.350861</out_Quantity.quantity></Point><Point><position>4141</position><in_Quantity.quantity>0.000000</in_Quantity.quantity><out_Quantity.quantity>566.181058</out_Quantity.quantity></Point><Point><position>4142</position><in_Quantity.quantity>0.000000</in_Quantity.quantity><out_Quantity.quantity>561.544273</out_Quantity.quantity></Point><Point><position>4143</position><in_Quantity.quantity>0.000000</in_Quantity.quantity><out_Quantity.quantity>958.130168</out_Quantity.quantity></Point><Point><position>4144</position><in_Quantity.quantity>0.000000</in_Quantity.quantity><out_Quantity.quantity>57.436858</out_Quantity.quantity></Point><Point><position>4145</position><in_Quantity.quantity>0.000000</in_Quantity.quantity><out_Quantity.quantity>914.797492</out_Quantity.quantity></Point><Point><position>4146</position><in_Quantity.quantity>0.000000</in_Quantity.quantity><out_Quantity.quantity>754.342795</out_Quantity.quantity></Point><Point><position>4147</position><in_Quantity.quantity>0.000000</in_Quantity.quantity><out_Quantity.quantity>487.749029</out_Quantity.quantity></Point><Point><position>4148</position><in_Quantity.quantity>0.000000</in_Quantity.quantity><out_Quantity.quantity>701.514920</out_Quantity.quantity></Point><Point><position>4149</position><in_Quantity.quantity>0.000000</in_Quantity.quantity><out_Quantity.quantity>238.817448</out_Quantity.quantity></Point><Point><position>4150</position><in_Quantity.quantity>0.000000</in_Quantity.quantity><out_Quantity.quantity>992.777622</out_Quantity.quantity></Point><Point><position>4151</position><in_Quantity.quantity>0.000000</in_Quantity.quantity><out_Quantity.quantity>863.665870</out_Quantity.quantity></Point><Point><position>4152</position><in_Quantity.quantity>0.000000</in_Quantity.quantity><out_Quantity.quantity>246.777586</out_Quantity.quantity></Point><Point><position>4153</position><in_Quantity.quantity>0.000000</in_Quantity.quantity><out_Quantity.quantity>316.417812</out_Quantity.quantity></Point><Point><position>4154</position><in_Quantity.quantity>0.000000</in_Quantity.quantity><out_Quantity.quantity>849.248147</out_Quantity.quantity></Point><Point><position>4155</position><in_Quantity.quantity>0.000000</in_Quantity.quantity><out_Quantity.quantity>284.086907</out_Quantity.quantity></Point><Point><position>4156</position><in_Quantity.quantity>0.000000</in_Quantity.quantity><out_Quantity.quantity>357.991166</out_Quantity.quantity></Point><Point><position>4157</position><in_Quantity.quantity>0.000000</in_Quantity.quantity><out_Quantity.quantity>600.572301</out_Quantity.quantity></Point><Point><position>4158</position><in_Quantity.quantity>0.000000</in_Quantity.quantity><out_Quantity.quantity>927.372013</out_Quantity.quantity></Point><Point><position>4159</position><in_Quantity.quantity>0.000000</in_Quantity.quantity><out_Quantity.quantity>520.367204</out_Quantity.quantity></Point><Point><position>4160</position><in_Quantity.quantity>0.000000</in_Quantity.quantity><out_Quantity.quantity>162.628743</out_Quantity.quantity></Point><Point><position>4161</position><in_Quantity.quantity>0.000000</in_Quantity.quantity><out_Quantity.quantity>712.124688</out_Quantity.quantity></Point><Point><position>4162</position><in_Quantity.quantity>0.000000</in_Quantity.quantity><out_Quantity.quantity>492.443724</out_Quantity.quantity></Point><Point><position>4163</position><in_Quantity.quantity>0.000000</in_Quantity.quantity><out_Quantity.quantity>456.630849</out_Quantity.quantity></Point><Point><position>4164</position><in_Quantity.quantity>0.000000</in_Quantity.quantity><out_Quantity.quantity>991.798374</out_Quantity.quantity></Point><Point><position>4165</position><in_Quantity.quantity>0.000000</in_Quantity.quantity><out_Quantity.quantity>12.667793</out_Quantity.quantity></Point><Point><position>4166</position><in_Quantity.quantity>0.000000</in_Quantity.quantity><out_Quantity.quantity>782.559836</out_Quantity.quantity></Point><Point><position>4167</position><in_Quantity.quantity>0.000000</in_Quantity.quantity><out_Quantity.quantity>958.898846</out_Quantity.quantity></Point><Point><position>4168</position><in_Quantity.quantity>0.000000</in_Quantity.quantity><out_Quantity.quantity>503.244670</out_Quantity.quantity></Point><Point><position>4169</position><in_Quantity.quantity>0.000000</in_Quantity.quantity><out_Quantity.quantity>539.658810</out_Quantity.quantity></Point><Point><position>4170</position><in_Quantity.quantity>0.000000</in_Quantity.quantity><out_Quantity.quantity>533.761082</out_Quantity.quantity></Point><Point><position>4171</position><in_Quantity.quantity>0.000000</in_Quantity.quantity><out_Quantity.quantity>368.003344</out_Quantity.quantity></Point><Point><position>4172</position><in_Quantity.quantity>0.000000</in_Quantity.quantity><out_Quantity.quantity>389.053045</out_Quantity.quantity></Point><Point><position>4173</position><in_Quantity.quantity>0.000000</in_Quantity.quantity><out_Quantity.quantity>824.201219</out_Quantity.quantity></Point><Point><position>4174</position><in_Quantity.quantity>0.000000</in_Quantity.quantity><out_Quantity.quantity>610.074041</out_Quantity.quantity></Point><Point><position>4175</position><in_Quantity.quantity>0.000000</in_Quantity.quantity><out_Quantity.quantity>330.338132</out_Quantity.quantity></Point><Point><position>4176</position><in_Quantity.quantity>0.000000</in_Quantity.quantity><out_Quantity.quantity>445.035032</out_Quantity.quantity></Point><Point><position>4177</position><in_Quantity.quantity>0.000000</in_Quantity.quantity><out_Quantity.quantity>176.684745</out_Quantity.quantity></Point><Point><position>4178</position><in_Quantity.quantity>0.000000</in_Quantity.quantity><out_Quantity.quantity>205.908481</out_Quantity.quantity></Point><Point><position>4179</position><in_Quantity.quantity>0.000000</in_Quantity.quantity><out_Quantity.quantity>161.509345</out_Quantity.quantity></Point><Point><position>4180</position><in_Quantity.quantity>0.000000</in_Quantity.quantity><out_Quantity.quantity>131.347746</out_Quantity.quantity></Point><Point><position>4181</position><in_Quantity.quantity>0.000000</in_Quantity.quantity><out_Quantity.quantity>922.699710</out_Quantity.quantity></Point><Point><position>4182</position><in_Quantity.quantity>0.000000</in_Quantity.quantity><out_Quantity.quantity>558.231762</out_Quantity.quantity></Point><Point><position>4183</position><in_Quantity.quantity>0.000000</in_Quantity.quantity><out_Quantity.quantity>267.200121</out_Quantity.quantity></Point><Point><position>4184</position><in_Quantity.quantity>0.000000</in_Quantity.quantity><out_Quantity.quantity>92.078857</out_Quantity.quantity></Point><Point><position>4185</position><in_Quantity.quantity>0.000000</in_Quantity.quantity><out_Quantity.quantity>949.836050</out_Quantity.quantity></Point><Point><position>4186</position><in_Quantity.quantity>0.000000</in_Quantity.quantity><out_Quantity.quantity>847.895807</out_Quantity.quantity></Point><Point><position>4187</position><in_Quantity.quantity>0.000000</in_Quantity.quantity><out_Quantity.quantity>402.625858</out_Quantity.quantity></Point><Point><position>4188</position><in_Quantity.quantity>0.000000</in_Quantity.quantity><out_Quantity.quantity>305.828530</out_Quantity.quantity></Point><Point><position>4189</position><in_Quantity.quantity>0.000000</in_Quantity.quantity><out_Quantity.quantity>598.230820</out_Quantity.quantity></Point><Point><position>4190</position><in_Quantity.quantity>0.000000</in_Quantity.quantity><out_Quantity.quantity>746.757006</out_Quantity.quantity></Point><Point><position>4191</position><in_Quantity.quantity>0.000000</in_Quantity.quantity><out_Quantity.quantity>893.482614</out_Quantity.quantity></Point><Point><position>4192</position><in_Quantity.quantity>0.000000</in_Quantity.quantity><out_Quantity.quantity>776.443801</out_Quantity.quantity></Point><Point><position>4193</position><in_Quantity.quantity>0.000000</in_Quantity.quantity><out_Quantity.quantity>890.315639</out_Quantity.quantity></Point><Point><position>4194</position><in_Quantity.quantity>0.000000</in_Quantity.quantity><out_Quantity.quantity>378.541689</out_Quantity.quantity></Point><Point><position>4195</position><in_Quantity.quantity>0.000000</in_Quantity.quantity><out_Quantity.quantity>453.344933</out_Quantity.quantity></Point><Point><position>4196</position><in_Quantity.quantity>0.000000</in_Quantity.quantity><out_Quantity.quantity>158.296754</out_Quantity.quantity></Point><Point><position>4197</position><in_Quantity.quantity>0.000000</in_Quantity.quantity><out_Quantity.quantity>419.577487</out_Quantity.quantity></Point><Point><position>4198</position><in_Quantity.quantity>0.000000</in_Quantity.quantity><out_Quantity.quantity>728.079796</out_Quantity.quantity></Point><Point><position>4199</position><in_Quantity.quantity>0.000000</in_Quantity.quantity><out_Quantity.quantity>182.442718</out_Quantity.quantity></Point><Point><position>4200</position><in_Quantity.quantity>0.000000</in_Quantity.quantity><out_Quantity.quantity>695.718610</out_Quantity.quantity></Point><Point><position>4201</position><in_Quantity.quantity>0.000000</in_Quantity.quantity><out_Quantity.quantity>62.837373</out_Quantity.quantity></Point><Point><position>4202</position><in_Quantity.quantity>0.000000</in_Quantity.quantity><out_Quantity.quantity>524.046920</out_Quantity.quantity></Point><Point><position>4203</position><in_Quantity.quantity>0.000000</in_Quantity.quantity><out_Quantity.quantity>124.668714</out_Quantity.quantity></Point><Point><position>4204</position><in_Quantity.quantity>0.000000</in_Quantity.quantity><out_Quantity.quantity>163.520449</out_Quantity.quantity></Point><Point><position>4205</position><in_Quantity.quantity>0.000000</in_Quantity.quantity><out_Quantity.quantity>918.471055</out_Quantity.quantity></Point><Point><position>4206</position><in_Quantity.quantity>0.000000</in_Quantity.quantity><out_Quantity.quantity>725.426192</out_Quantity.quantity></Point><Point><position>4207</position><in_Quantity.quantity>0.000000</in_Quantity.quantity><out_Quantity.quantity>388.475982</out_Quantity.quantity></Point><Point><position>4208</position><in_Quantity.quantity>0.000000</in_Quantity.quantity><out_Quantity.quantity>257.778802</out_Quantity.quantity></Point><Point><position>4209</position><in_Quantity.quantity>0.000000</in_Quantity.quantity><out_Quantity.quantity>401.259328</out_Quantity.quantity></Point><Point><position>4210</position><in_Quantity.quantity>0.000000</in_Quantity.quantity><out_Quantity.quantity>550.392618</out_Quantity.quantity></Point><Point><position>4211</position><in_Quantity.quantity>0.000000</in_Quantity.quantity><out_Quantity.quantity>280.389897</out_Quantity.quantity></Point><Point><position>4212</position><in_Quantity.quantity>0.000000</in_Quantity.quantity><out_Quantity.quantity>383.014495</out_Quantity.quantity></Point><Point><position>4213</position><in_Quantity.quantity>0.000000</in_Quantity.quantity><out_Quantity.quantity>814.154466</out_Quantity.quantity></Point><Point><position>4214</position><in_Quantity.quantity>0.000000</in_Quantity.quantity><out_Quantity.quantity>858.647579</out_Quantity.quantity></Point><Point><position>4215</position><in_Quantity.quantity>0.000000</in_Quantity.quantity><out_Quantity.quantity>935.630265</out_Quantity.quantity></Point><Point><position>4216</position><in_Quantity.quantity>0.000000</in_Quantity.quantity><out_Quantity.quantity>930.413701</out_Quantity.quantity></Point><Point><position>4217</position><in_Quantity.quantity>0.000000</in_Quantity.quantity><out_Quantity.quantity>760.362525</out_Quantity.quantity></Point><Point><position>4218</position><in_Quantity.quantity>0.000000</in_Quantity.quantity><out_Quantity.quantity>514.528782</out_Quantity.quantity></Point><Point><position>4219</position><in_Quantity.quantity>0.000000</in_Quantity.quantity><out_Quantity.quantity>403.200663</out_Quantity.quantity></Point><Point><position>4220</position><in_Quantity.quantity>0.000000</in_Quantity.quantity><out_Quantity.quantity>1.606336</out_Quantity.quantity></Point><Point><position>4221</position><in_Quantity.quantity>0.000000</in_Quantity.quantity><out_Quantity.quantity>254.412708</out_Quantity.quantity></Point><Point><position>4222</position><in_Quantity.quantity>0.000000</in_Quantity.quantity><out_Quantity.quantity>796.145516</out_Quantity.quantity></Point><Point><position>4223</position><in_Quantity.quantity>0.000000</in_Quantity.quantity><out_Quantity.quantity>665.311963</out_Quantity.quantity></Point><Point><position>4224</position><in_Quantity.quantity>0.000000</in_Quantity.quantity><out_Quantity.quantity>645.110673</out_Quantity.quantity></Point><Point><position>4225</position><in_Quantity.quantity>0.000000</in_Quantity.quantity><out_Quantity.quantity>741.679150</out_Quantity.quantity></Point><Point><position>4226</position><in_Quantity.quantity>0.000000</in_Quantity.quantity><out_Quantity.quantity>210.334807</out_Quantity.quantity></Point><Point><position>4227</position><in_Quantity.quantity>0.000000</in_Quantity.quantity><out_Quantity.quantity>936.581559</out_Quantity.quantity></Point><Point><position>4228</position><in_Quantity.quantity>0.000000</in_Quantity.quantity><out_Quantity.quantity>897.239393</out_Quantity.quantity></Point><Point><position>4229</position><in_Quantity.quantity>0.000000</in_Quantity.quantity><out_Quantity.quantity>133.560686</out_Quantity.quantity></Point><Point><position>4230</position><in_Quantity.quantity>0.000000</in_Quantity.quantity><out_Quantity.quantity>860.188669</out_Quantity.quantity></Point><Point><position>4231</position><in_Quantity.quantity>0.000000</in_Quantity.quantity><out_Quantity.quantity>812.664419</out_Quantity.quantity></Point><Point><position>4232</position><in_Quantity.quantity>0.000000</in_Quantity.quantity><out_Quantity.quantity>565.808869</out_Quantity.quantity></Point><Point><position>4233</position><in_Quantity.quantity>0.000000</in_Quantity.quantity><out_Quantity.quantity>62.517849</out_Quantity.quantity></Point><Point><position>4234</position><in_Quantity.quantity>0.000000</in_Quantity.quantity><out_Quantity.quantity>204.881821</out_Quantity.quantity></Point><Point><position>4235</position><in_Quantity.quantity>0.000000</in_Quantity.quantity><out_Quantity.quantity>112.741361</out_Quantity.quantity></Point><Point><position>4236</position><in_Quantity.quantity>0.000000</in_Quantity.quantity><out_Quantity.quantity>367.964586</out_Quantity.quantity></Point><Point><position>4237</position><in_Quantity.quantity>0.000000</in_Quantity.quantity><out_Quantity.quantity>941.651604</out_Quantity.quantity></Point><Point><position>4238</position><in_Quantity.quantity>0.000000</in_Quantity.quantity><out_Quantity.quantity>890.873466</out_Quantity.quantity></Point><Point><position>4239</position><in_Quantity.quantity>0.000000</in_Quantity.quantity><out_Quantity.quantity>513.875516</out_Quantity.quantity></Point><Point><position>4240</position><in_Quantity.quantity>0.000000</in_Quantity.quantity><out_Quantity.quantity>822.209756</out_Quantity.quantity></Point><Point><position>4241</position><in_Quantity.quantity>0.000000</in_Quantity.quantity><out_Quantity.quantity>936.171608</out_Quantity.quantity></Point><Point><position>4242</position><in_Quantity.quantity>0.000000</in_Quantity.quantity><out_Quantity.quantity>895.826386</out_Quantity.quantity></Point><Point><position>4243</position><in_Quantity.quantity>0.000000</in_Quantity.quantity><out_Quantity.quantity>282.076287</out_Quantity.quantity></Point><Point><position>4244</position><in_Quantity.quantity>0.000000</in_Quantity.quantity><out_Quantity.quantity>521.289422</out_Quantity.quantity></Point><Point><position>4245</position><in_Quantity.quantity>0.000000</in_Quantity.quantity><out_Quantity.quantity>90.864257</out_Quantity.quantity></Point><Point><position>4246</position><in_Quantity.quantity>0.000000</in_Quantity.quantity><out_Quantity.quantity>515.177085</out_Quantity.quantity></Point><Point><position>4247</position><in_Quantity.quantity>0.000000</in_Quantity.quantity><out_Quantity.quantity>721.968210</out_Quantity.quantity></Point><Point><position>4248</position><in_Quantity.quantity>0.000000</in_Quantity.quantity><out_Quantity.quantity>98.511626</out_Quantity.quantity></Point><Point><position>4249</position><in_Quantity.quantity>0.000000</in_Quantity.quantity><out_Quantity.quantity>320.581755</out_Quantity.quantity></Point><Point><position>4250</position><in_Quantity.quantity>0.000000</in_Quantity.quantity><out_Quantity.quantity>487.344476</out_Quantity.quantity></Point><Point><position>4251</position><in_Quantity.quantity>0.000000</in_Quantity.quantity><out_Quantity.quantity>334.181024</out_Quantity.quantity></Point><Point><position>4252</position><in_Quantity.quantity>0.000000</in_Quantity.quantity><out_Quantity.quantity>759.941806</out_Quantity.quantity></Point><Point><position>4253</position><in_Quantity.quantity>0.000000</in_Quantity.quantity><out_Quantity.quantity>465.580944</out_Quantity.quantity></Point><Point><position>4254</position><in_Quantity.quantity>0.000000</in_Quantity.quantity><out_Quantity.quantity>188.857818</out_Quantity.quantity></Point><Point><position>4255</position><in_Quantity.quantity>0.000000</in_Quantity.quantity><out_Quantity.quantity>472.504472</out_Quantity.quantity></Point><Point><position>4256</position><in_Quantity.quantity>0.000000</in_Quantity.quantity><out_Quantity.quantity>782.285466</out_Quantity.quantity></Point><Point><position>4257</position><in_Quantity.quantity>0.000000</in_Quantity.quantity><out_Quantity.quantity>770.014918</out_Quantity.quantity></Point><Point><position>4258</position><in_Quantity.quantity>0.000000</in_Quantity.quantity><out_Quantity.quantity>485.712401</out_Quantity.quantity></Point><Point><position>4259</position><in_Quantity.quantity>0.000000</in_Quantity.quantity><out_Quantity.quantity>978.669805</out_Quantity.quantity></Point><Point><position>4260</position><in_Quantity.quantity>0.000000</in_Quantity.quantity><out_Quantity.quantity>263.314670</out_Quantity.quantity></Point><Point><position>4261</position><in_Quantity.quantity>0.000000</in_Quantity.quantity><out_Quantity.quantity>239.295933</out_Quantity.quantity></Point><Point><position>4262</position><in_Quantity.quantity>0.000000</in_Quantity.quantity><out_Quantity.quantity>330.634038</out_Quantity.quantity></Point><Point><position>4263</position><in_Quantity.quantity>0.000000</in_Quantity.quantity><out_Quantity.quantity>142.740512</out_Quantity.quantity></Point><Point><position>4264</position><in_Quantity.quantity>0.000000</in_Quantity.quantity><out_Quantity.quantity>573.438649</out_Quantity.quantity></Point><Point><position>4265</position><in_Quantity.quantity>0.000000</in_Quantity.quantity><out_Quantity.quantity>888.199998</out_Quantity.quantity></Point><Point><position>4266</position><in_Quantity.quantity>0.000000</in_Quantity.quantity><out_Quantity.quantity>748.313833</out_Quantity.quantity></Point><Point><position>4267</position><in_Quantity.quantity>0.000000</in_Quantity.quantity><out_Quantity.quantity>690.174934</out_Quantity.quantity></Point><Point><position>4268</position><in_Quantity.quantity>0.000000</in_Quantity.quantity><out_Quantity.quantity>947.889944</out_Quantity.quantity></Point><Point><position>4269</position><in_Quantity.quantity>0.000000</in_Quantity.quantity><out_Quantity.quantity>517.185567</out_Quantity.quantity></Point><Point><position>4270</position><in_Quantity.quantity>0.000000</in_Quantity.quantity><out_Quantity.quantity>628.407408</out_Quantity.quantity></Point><Point><position>4271</position><in_Quantity.quantity>0.000000</in_Quantity.quantity><out_Quantity.quantity>62.284399</out_Quantity.quantity></Point><Point><position>4272</position><in_Quantity.quantity>0.000000</in_Quantity.quantity><out_Quantity.quantity>579.104081</out_Quantity.quantity></Point><Point><position>4273</position><in_Quantity.quantity>0.000000</in_Quantity.quantity><out_Quantity.quantity>242.832001</out_Quantity.quantity></Point><Point><position>4274</position><in_Quantity.quantity>0.000000</in_Quantity.quantity><out_Quantity.quantity>906.482591</out_Quantity.quantity></Point><Point><position>4275</position><in_Quantity.quantity>0.000000</in_Quantity.quantity><out_Quantity.quantity>215.639741</out_Quantity.quantity></Point><Point><position>4276</position><in_Quantity.quantity>0.000000</in_Quantity.quantity><out_Quantity.quantity>571.195047</out_Quantity.quantity></Point><Point><position>4277</position><in_Quantity.quantity>0.000000</in_Quantity.quantity><out_Quantity.quantity>5.950186</out_Quantity.quantity></Point><Point><position>4278</position><in_Quantity.quantity>0.000000</in_Quantity.quantity><out_Quantity.quantity>778.940510</out_Quantity.quantity></Point><Point><position>4279</position><in_Quantity.quantity>0.000000</in_Quantity.quantity><out_Quantity.quantity>197.961056</out_Quantity.quantity></Point><Point><position>4280</position><in_Quantity.quantity>0.000000</in_Quantity.quantity><out_Quantity.quantity>271.131242</out_Quantity.quantity></Point><Point><position>4281</position><in_Quantity.quantity>0.000000</in_Quantity.quantity><out_Quantity.quantity>161.410617</out_Quantity.quantity></Point><Point><position>4282</position><in_Quantity.quantity>0.000000</in_Quantity.quantity><out_Quantity.quantity>384.939637</out_Quantity.quantity></Point><Point><position>4283</position><in_Quantity.quantity>0.000000</in_Quantity.quantity><out_Quantity.quantity>39.631243</out_Quantity.quantity></Point><Point><position>4284</position><in_Quantity.quantity>0.000000</in_Quantity.quantity><out_Quantity.quantity>698.621205</out_Quantity.quantity></Point><Point><position>4285</position><in_Quantity.quantity>0.000000</in_Quantity.quantity><out_Quantity.quantity>495.257010</out_Quantity.quantity></Point><Point><position>4286</position><in_Quantity.quantity>0.000000</in_Quantity.quantity><out_Quantity.quantity>379.788993</out_Quantity.quantity></Point><Point><position>4287</position><in_Quantity.quantity>0.000000</in_Quantity.quantity><out_Quantity.quantity>301.612449</out_Quantity.quantity></Point><Point><position>4288</position><in_Quantity.quantity>0.000000</in_Quantity.quantity><out_Quantity.quantity>193.044963</out_Quantity.quantity></Point><Point><position>4289</position><in_Quantity.quantity>0.000000</in_Quantity.quantity><out_Quantity.quantity>528.125430</out_Quantity.quantity></Point><Point><position>4290</position><in_Quantity.quantity>0.000000</in_Quantity.quantity><out_Quantity.quantity>178.859571</out_Quantity.quantity></Point><Point><position>4291</position><in_Quantity.quantity>0.000000</in_Quantity.quantity><out_Quantity.quantity>21.543381</out_Quantity.quantity></Point><Point><position>4292</position><in_Quantity.quantity>0.000000</in_Quantity.quantity><out_Quantity.quantity>166.910624</out_Quantity.quantity></Point><Point><position>4293</position><in_Quantity.quantity>0.000000</in_Quantity.quantity><out_Quantity.quantity>503.266965</out_Quantity.quantity></Point><Point><position>4294</position><in_Quantity.quantity>0.000000</in_Quantity.quantity><out_Quantity.quantity>528.195032</out_Quantity.quantity></Point><Point><position>4295</position><in_Quantity.quantity>0.000000</in_Quantity.quantity><out_Quantity.quantity>214.659384</out_Quantity.quantity></Point><Point><position>4296</position><in_Quantity.quantity>0.000000</in_Quantity.quantity><out_Quantity.quantity>389.297455</out_Quantity.quantity></Point><Point><position>4297</position><in_Quantity.quantity>0.000000</in_Quantity.quantity><out_Quantity.quantity>272.770295</out_Quantity.quantity></Point><Point><position>4298</position><in_Quantity.quantity>0.000000</in_Quantity.quantity><out_Quantity.quantity>529.327630</out_Quantity.quantity></Point><Point><position>4299</position><in_Quantity.quantity>0.000000</in_Quantity.quantity><out_Quantity.quantity>755.487416</out_Quantity.quantity></Point><Point><position>4300</position><in_Quantity.quantity>0.000000</in_Quantity.quantity><out_Quantity.quantity>521.722454</out_Quantity.quantity></Point><Point><position>4301</position><in_Quantity.quantity>0.000000</in_Quantity.quantity><out_Quantity.quantity>758.471661</out_Quantity.quantity></Point><Point><position>4302</position><in_Quantity.quantity>0.000000</in_Quantity.quantity><out_Quantity.quantity>239.018760</out_Quantity.quantity></Point><Point><position>4303</position><in_Quantity.quantity>0.000000</in_Quantity.quantity><out_Quantity.quantity>403.887527</out_Quantity.quantity></Point><Point><position>4304</position><in_Quantity.quantity>0.000000</in_Quantity.quantity><out_Quantity.quantity>620.575309</out_Quantity.quantity></Point><Point><position>4305</position><in_Quantity.quantity>0.000000</in_Quantity.quantity><out_Quantity.quantity>346.453663</out_Quantity.quantity></Point><Point><position>4306</position><in_Quantity.quantity>0.000000</in_Quantity.quantity><out_Quantity.quantity>5.681413</out_Quantity.quantity></Point><Point><position>4307</position><in_Quantity.quantity>0.000000</in_Quantity.quantity><out_Quantity.quantity>671.208074</out_Quantity.quantity></Point><Point><position>4308</position><in_Quantity.quantity>0.000000</in_Quantity.quantity><out_Quantity.quantity>170.165495</out_Quantity.quantity></Point><Point><position>4309</position><in_Quantity.quantity>0.000000</in_Quantity.quantity><out_Quantity.quantity>85.132448</out_Quantity.quantity></Point><Point><position>4310</position><in_Quantity.quantity>0.000000</in_Quantity.quantity><out_Quantity.quantity>740.252593</out_Quantity.quantity></Point><Point><position>4311</position><in_Quantity.quantity>0.000000</in_Quantity.quantity><out_Quantity.quantity>608.366953</out_Quantity.quantity></Point><Point><position>4312</position><in_Quantity.quantity>0.000000</in_Quantity.quantity><out_Quantity.quantity>155.202714</out_Quantity.quantity></Point><Point><position>4313</position><in_Quantity.quantity>0.000000</in_Quantity.quantity><out_Quantity.quantity>615.590400</out_Quantity.quantity></Point><Point><position>4314</position><in_Quantity.quantity>0.000000</in_Quantity.quantity><out_Quantity.quantity>776.210278</out_Quantity.quantity></Point><Point><position>4315</position><in_Quantity.quantity>0.000000</in_Quantity.quantity><out_Quantity.quantity>554.709685</out_Quantity.quantity></Point><Point><position>4316</position><in_Quantity.quantity>0.000000</in_Quantity.quantity><out_Quantity.quantity>118.047147</out_Quantity.quantity></Point><Point><position>4317</position><in_Quantity.quantity>0.000000</in_Quantity.quantity><out_Quantity.quantity>697.671542</out_Quantity.quantity></Point><Point><position>4318</position><in_Quantity.quantity>0.000000</in_Quantity.quantity><out_Quantity.quantity>842.278200</out_Quantity.quantity></Point><Point><position>4319</position><in_Quantity.quantity>0.000000</in_Quantity.quantity><out_Quantity.quantity>82.294187</out_Quantity.quantity></Point><Point><position>4320</position><in_Quantity.quantity>0.000000</in_Quantity.quantity><out_Quantity.quantity>641.541955</out_Quantity.quantity></Point><Point><position>4321</position><in_Quantity.quantity>0.000000</in_Quantity.quantity><out_Quantity.quantity>235.967010</out_Quantity.quantity></Point><Point><position>4322</position><in_Quantity.quantity>0.000000</in_Quantity.quantity><out_Quantity.quantity>834.832092</out_Quantity.quantity></Point><Point><position>4323</position><in_Quantity.quantity>0.000000</in_Quantity.quantity><out_Quantity.quantity>602.112669</out_Quantity.quantity></Point><Point><position>4324</position><in_Quantity.quantity>0.000000</in_Quantity.quantity><out_Quantity.quantity>29.755105</out_Quantity.quantity></Point><Point><position>4325</position><in_Quantity.quantity>0.000000</in_Quantity.quantity><out_Quantity.quantity>713.307378</out_Quantity.quantity></Point><Point><position>4326</position><in_Quantity.quantity>0.000000</in_Quantity.quantity><out_Quantity.quantity>591.303707</out_Quantity.quantity></Point><Point><position>4327</position><in_Quantity.quantity>0.000000</in_Quantity.quantity><out_Quantity.quantity>37.878689</out_Quantity.quantity></Point><Point><position>4328</position><in_Quantity.quantity>0.000000</in_Quantity.quantity><out_Quantity.quantity>779.745229</out_Quantity.quantity></Point><Point><position>4329</position><in_Quantity.quantity>0.000000</in_Quantity.quantity><out_Quantity.quantity>92.519745</out_Quantity.quantity></Point><Point><position>4330</position><in_Quantity.quantity>0.000000</in_Quantity.quantity><out_Quantity.quantity>563.241569</out_Quantity.quantity></Point><Point><position>4331</position><in_Quantity.quantity>0.000000</in_Quantity.quantity><out_Quantity.quantity>185.688761</out_Quantity.quantity></Point><Point><position>4332</position><in_Quantity.quantity>0.000000</in_Quantity.quantity><out_Quantity.quantity>701.619571</out_Quantity.quantity></Point><Point><position>4333</position><in_Quantity.quantity>0.000000</in_Quantity.quantity><out_Quantity.quantity>238.042447</out_Quantity.quantity></Point><Point><position>4334</position><in_Quantity.quantity>0.000000</in_Quantity.quantity><out_Quantity.quantity>174.768409</out_Quantity.quantity></Point><Point><position>4335</position><in_Quantity.quantity>0.000000</in_Quantity.quantity><out_Quantity.quantity>216.640432</out_Quantity.quantity></Point><Point><position>4336</position><in_Quantity.quantity>0.000000</in_Quantity.quantity><out_Quantity.quantity>230.756350</out_Quantity.quantity></Point><Point><position>4337</position><in_Quantity.quantity>0.000000</in_Quantity.quantity><out_Quantity.quantity>450.583065</out_Quantity.quantity></Point><Point><position>4338</position><in_Quantity.quantity>0.000000</in_Quantity.quantity><out_Quantity.quantity>554.708942</out_Quantity.quantity></Point><Point><position>4339</position><in_Quantity.quantity>0.000000</in_Quantity.quantity><out_Quantity.quantity>742.674889</out_Quantity.quantity></Point><Point><position>4340</position><in_Quantity.quantity>0.000000</in_Quantity.quantity><out_Quantity.quantity>718.169607</out_Quantity.quantity></Point><Point><position>4341</position><in_Quantity.quantity>0.000000</in_Quantity.quantity><out_Quantity.quantity>656.359517</out_Quantity.quantity></Point><Point><position>4342</position><in_Quantity.quantity>0.000000</in_Quantity.quantity><out_Quantity.quantity>618.262618</out_Quantity.quantity></Point><Point><position>4343</position><in_Quantity.quantity>0.000000</in_Quantity.quantity><out_Quantity.quantity>592.420732</out_Quantity.quantity></Point><Point><position>4344</position><in_Quantity.quantity>0.000000</in_Quantity.quantity><out_Quantity.quantity>181.118699</out_Quantity.quantity></Point><Point><position>4345</position><in_Quantity.quantity>0.000000</in_Quantity.quantity><out_Quantity.quantity>531.323208</out_Quantity.quantity></Point><Point><position>4346</position><in_Quantity.quantity>0.000000</in_Quantity.quantity><out_Quantity.quantity>822.687281</out_Quantity.quantity></Point><Point><position>4347</position><in_Quantity.quantity>0.000000</in_Quantity.quantity><out_Quantity.quantity>314.520596</out_Quantity.quantity></Point><Point><position>4348</position><in_Quantity.quantity>0.000000</in_Quantity.quantity><out_Quantity.quantity>882.127931</out_Quantity.quantity></Point><Point><position>4349</position><in_Quantity.quantity>0.000000</in_Quantity.quantity><out_Quantity.quantity>243.425288</out_Quantity.quantity></Point><Point><position>4350</position><in_Quantity.quantity>0.000000</in_Quantity.quantity><out_Quantity.quantity>864.004249</out_Quantity.quantity></Point><Point><position>4351</position><in_Quantity.quantity>0.000000</in_Quantity.quantity><out_Quantity.quantity>153.131648</out_Quantity.quantity></Point><Point><position>4352</position><in_Quantity.quantity>0.000000</in_Quantity.quantity><out_Quantity.quantity>439.440457</out_Quantity.quantity></Point><Point><position>4353</position><in_Quantity.quantity>0.000000</in_Quantity.quantity><out_Quantity.quantity>186.492951</out_Quantity.quantity></Point><Point><position>4354</position><in_Quantity.quantity>0.000000</in_Quantity.quantity><out_Quantity.quantity>244.382035</out_Quantity.quantity></Point><Point><position>4355</position><in_Quantity.quantity>0.000000</in_Quantity.quantity><out_Quantity.quantity>214.583309</out_Quantity.quantity></Point><Point><position>4356</position><in_Quantity.quantity>0.000000</in_Quantity.quantity><out_Quantity.quantity>150.651640</out_Quantity.quantity></Point><Point><position>4357</position><in_Quantity.quantity>0.000000</in_Quantity.quantity><out_Quantity.quantity>91.237986</out_Quantity.quantity></Point><Point><position>4358</position><in_Quantity.quantity>0.000000</in_Quantity.quantity><out_Quantity.quantity>619.635649</out_Quantity.quantity></Point><Point><position>4359</position><in_Quantity.quantity>0.000000</in_Quantity.quantity><out_Quantity.quantity>432.928178</out_Quantity.quantity></Point><Point><position>4360</position><in_Quantity.quantity>0.000000</in_Quantity.quantity><out_Quantity.quantity>572.558805</out_Quantity.quantity></Point><Point><position>4361</position><in_Quantity.quantity>0.000000</in_Quantity.quantity><out_Quantity.quantity>2.115958</out_Quantity.quantity></Point><Point><position>4362</position><in_Quantity.quantity>0.000000</in_Quantity.quantity><out_Quantity.quantity>394.864128</out_Quantity.quantity></Point><Point><position>4363</position><in_Quantity.quantity>0.000000</in_Quantity.quantity><out_Quantity.quantity>3.988691</out_Quantity.quantity></Point><Point><position>4364</position><in_Quantity.quantity>0.000000</in_Quantity.quantity><out_Quantity.quantity>277.706147</out_Quantity.quantity></Point><Point><position>4365</position><in_Quantity.quantity>0.000000</in_Quantity.quantity><out_Quantity.quantity>820.984755</out_Quantity.quantity></Point><Point><position>4366</position><in_Quantity.quantity>0.000000</in_Quantity.quantity><out_Quantity.quantity>580.268139</out_Quantity.quantity></Point><Point><position>4367</position><in_Quantity.quantity>0.000000</in_Quantity.quantity><out_Quantity.quantity>73.747092</out_Quantity.quantity></Point><Point><position>4368</position><in_Quantity.quantity>0.000000</in_Quantity.quantity><out_Quantity.quantity>679.088135</out_Quantity.quantity></Point><Point><position>4369</position><in_Quantity.quantity>0.000000</in_Quantity.quantity><out_Quantity.quantity>79.396917</out_Quantity.quantity></Point><Point><position>4370</position><in_Quantity.quantity>0.000000</in_Quantity.quantity><out_Quantity.quantity>352.565613</out_Quantity.quantity></Point><Point><position>4371</position><in_Quantity.quantity>0.000000</in_Quantity.quantity><out_Quantity.quantity>434.272299</out_Quantity.quantity></Point><Point><position>4372</position><in_Quantity.quantity>0.000000</in_Quantity.quantity><out_Quantity.quantity>252.798069</out_Quantity.quantity></Point><Point><position>4373</position><in_Quantity.quantity>0.000000</in_Quantity.quantity><out_Quantity.quantity>517.914523</out_Quantity.quantity></Point><Point><position>4374</position><in_Quantity.quantity>0.000000</in_Quantity.quantity><out_Quantity.quantity>251.845444</out_Quantity.quantity></Point><Point><position>4375</position><in_Quantity.quantity>0.000000</in_Quantity.quantity><out_Quantity.quantity>912.773458</out_Quantity.quantity></Point><Point><position>4376</position><in_Quantity.quantity>0.000000</in_Quantity.quantity><out_Quantity.quantity>557.449046</out_Quantity.quantity></Point><Point><position>4377</position><in_Quantity.quantity>0.000000</in_Quantity.quantity><out_Quantity.quantity>543.794526</out_Quantity.quantity></Point><Point><position>4378</position><in_Quantity.quantity>0.000000</in_Quantity.quantity><out_Quantity.quantity>588.435120</out_Quantity.quantity></Point><Point><position>4379</position><in_Quantity.quantity>0.000000</in_Quantity.quantity><out_Quantity.quantity>563.525237</out_Quantity.quantity></Point><Point><position>4380</position><in_Quantity.quantity>0.000000</in_Quantity.quantity><out_Quantity.quantity>126.191978</out_Quantity.quantity></Point><Point><position>4381</position><in_Quantity.quantity>0.000000</in_Quantity.quantity><out_Quantity.quantity>638.239497</out_Quantity.quantity></Point><Point><position>4382</position><in_Quantity.quantity>0.000000</in_Quantity.quantity><out_Quantity.quantity>393.762344</out_Quantity.quantity></Point><Point><position>4383</position><in_Quantity.quantity>0.000000</in_Quantity.quantity><out_Quantity.quantity>229.424695</out_Quantity.quantity></Point><Point><position>4384</position><in_Quantity.quantity>0.000000</in_Quantity.quantity><out_Quantity.quantity>698.113536</out_Quantity.quantity></Point><Point><position>4385</position><in_Quantity.quantity>0.000000</in_Quantity.quantity><out_Quantity.quantity>184.627854</out_Quantity.quantity></Point><Point><position>4386</position><in_Quantity.quantity>0.000000</in_Quantity.quantity><out_Quantity.quantity>654.855068</out_Quantity.quantity></Point><Point><position>4387</position><in_Quantity.quantity>0.000000</in_Quantity.quantity><out_Quantity.quantity>632.706047</out_Quantity.quantity></Point><Point><position>4388</position><in_Quantity.quantity>0.000000</in_Quantity.quantity><out_Quantity.quantity>326.788244</out_Quantity.quantity></Point><Point><position>4389</position><in_Quantity.quantity>0.000000</in_Quantity.quantity><out_Quantity.quantity>632.751250</out_Quantity.quantity></Point><Point><position>4390</position><in_Quantity.quantity>0.000000</in_Quantity.quantity><out_Quantity.quantity>198.831716</out_Quantity.quantity></Point><Point><position>4391</position><in_Quantity.quantity>0.000000</in_Quantity.quantity><out_Quantity.quantity>237.727447</out_Quantity.quantity></Point><Point><position>4392</position><in_Quantity.quantity>0.000000</in_Quantity.quantity><out_Quantity.quantity>947.327311</out_Quantity.quantity></Point><Point><position>4393</position><in_Quantity.quantity>0.000000</in_Quantity.quantity><out_Quantity.quantity>911.064013</out_Quantity.quantity></Point><Point><position>4394</position><in_Quantity.quantity>0.000000</in_Quantity.quantity><out_Quantity.quantity>105.122006</out_Quantity.quantity></Point><Point><position>4395</position><in_Quantity.quantity>0.000000</in_Quantity.quantity><out_Quantity.quantity>563.504777</out_Quantity.quantity></Point><Point><position>4396</position><in_Quantity.quantity>0.000000</in_Quantity.quantity><out_Quantity.quantity>738.432425</out_Quantity.quantity></Point><Point><position>4397</position><in_Quantity.quantity>0.000000</in_Quantity.quantity><out_Quantity.quantity>737.114350</out_Quantity.quantity></Point><Point><position>4398</position><in_Quantity.quantity>0.000000</in_Quantity.quantity><out_Quantity.quantity>924.335426</out_Quantity.quantity></Point><Point><position>4399</position><in_Quantity.quantity>0.000000</in_Quantity.quantity><out_Quantity.quantity>642.453487</out_Quantity.quantity></Point><Point><position>4400</position><in_Quantity.quantity>0.000000</in_Quantity.quantity><out_Quantity.quantity>78.492282</out_Quantity.quantity></Point><Point><position>4401</position><in_Quantity.quantity>0.000000</in_Quantity.quantity><out_Quantity.quantity>686.991897</out_Quantity.quantity></Point><Point><position>4402</position><in_Quantity.quantity>0.000000</in_Quantity.quantity><out_Quantity.quantity>4.349831</out_Quantity.quantity></Point><Point><position>4403</position><in_Quantity.quantity>0.000000</in_Quantity.quantity><out_Quantity.quantity>36.961833</out_Quantity.quantity></Point><Point><position>4404</position><in_Quantity.quantity>0.000000</in_Quantity.quantity><out_Quantity.quantity>245.972793</out_Quantity.quantity></Point><Point><position>4405</position><in_Quantity.quantity>0.000000</in_Quantity.quantity><out_Quantity.quantity>71.201881</out_Quantity.quantity></Point><Point><position>4406</position><in_Quantity.quantity>0.000000</in_Quantity.quantity><out_Quantity.quantity>891.483192</out_Quantity.quantity></Point><Point><position>4407</position><in_Quantity.quantity>0.000000</in_Quantity.quantity><out_Quantity.quantity>694.100992</out_Quantity.quantity></Point><Point><position>4408</position><in_Quantity.quantity>0.000000</in_Quantity.quantity><out_Quantity.quantity>753.649955</out_Quantity.quantity></Point><Point><position>4409</position><in_Quantity.quantity>0.000000</in_Quantity.quantity><out_Quantity.quantity>102.268551</out_Quantity.quantity></Point><Point><position>4410</position><in_Quantity.quantity>0.000000</in_Quantity.quantity><out_Quantity.quantity>659.844249</out_Quantity.quantity></Point><Point><position>4411</position><in_Quantity.quantity>0.000000</in_Quantity.quantity><out_Quantity.quantity>919.220533</out_Quantity.quantity></Point><Point><position>4412</position><in_Quantity.quantity>0.000000</in_Quantity.quantity><out_Quantity.quantity>561.512878</out_Quantity.quantity></Point><Point><position>4413</position><in_Quantity.quantity>0.000000</in_Quantity.quantity><out_Quantity.quantity>857.591518</out_Quantity.quantity></Point><Point><position>4414</position><in_Quantity.quantity>0.000000</in_Quantity.quantity><out_Quantity.quantity>49.059666</out_Quantity.quantity></Point><Point><position>4415</position><in_Quantity.quantity>0.000000</in_Quantity.quantity><out_Quantity.quantity>957.849018</out_Quantity.quantity></Point><Point><position>4416</position><in_Quantity.quantity>0.000000</in_Quantity.quantity><out_Quantity.quantity>983.779406</out_Quantity.quantity></Point><Point><position>4417</position><in_Quantity.quantity>0.000000</in_Quantity.quantity><out_Quantity.quantity>913.610840</out_Quantity.quantity></Point><Point><position>4418</position><in_Quantity.quantity>0.000000</in_Quantity.quantity><out_Quantity.quantity>268.543291</out_Quantity.quantity></Point><Point><position>4419</position><in_Quantity.quantity>0.000000</in_Quantity.quantity><out_Quantity.quantity>822.287337</out_Quantity.quantity></Point><Point><position>4420</position><in_Quantity.quantity>0.000000</in_Quantity.quantity><out_Quantity.quantity>568.859777</out_Quantity.quantity></Point><Point><position>4421</position><in_Quantity.quantity>0.000000</in_Quantity.quantity><out_Quantity.quantity>766.930756</out_Quantity.quantity></Point><Point><position>4422</position><in_Quantity.quantity>0.000000</in_Quantity.quantity><out_Quantity.quantity>126.979711</out_Quantity.quantity></Point><Point><position>4423</position><in_Quantity.quantity>0.000000</in_Quantity.quantity><out_Quantity.quantity>445.330815</out_Quantity.quantity></Point><Point><position>4424</position><in_Quantity.quantity>0.000000</in_Quantity.quantity><out_Quantity.quantity>833.713380</out_Quantity.quantity></Point><Point><position>4425</position><in_Quantity.quantity>0.000000</in_Quantity.quantity><out_Quantity.quantity>762.049208</out_Quantity.quantity></Point><Point><position>4426</position><in_Quantity.quantity>0.000000</in_Quantity.quantity><out_Quantity.quantity>434.758717</out_Quantity.quantity></Point><Point><position>4427</position><in_Quantity.quantity>0.000000</in_Quantity.quantity><out_Quantity.quantity>480.270334</out_Quantity.quantity></Point><Point><position>4428</position><in_Quantity.quantity>0.000000</in_Quantity.quantity><out_Quantity.quantity>159.537031</out_Quantity.quantity></Point><Point><position>4429</position><in_Quantity.quantity>0.000000</in_Quantity.quantity><out_Quantity.quantity>708.582365</out_Quantity.quantity></Point><Point><position>4430</position><in_Quantity.quantity>0.000000</in_Quantity.quantity><out_Quantity.quantity>982.774392</out_Quantity.quantity></Point><Point><position>4431</position><in_Quantity.quantity>0.000000</in_Quantity.quantity><out_Quantity.quantity>180.573056</out_Quantity.quantity></Point><Point><position>4432</position><in_Quantity.quantity>0.000000</in_Quantity.quantity><out_Quantity.quantity>196.033753</out_Quantity.quantity></Point><Point><position>4433</position><in_Quantity.quantity>0.000000</in_Quantity.quantity><out_Quantity.quantity>127.750187</out_Quantity.quantity></Point><Point><position>4434</position><in_Quantity.quantity>0.000000</in_Quantity.quantity><out_Quantity.quantity>82.847958</out_Quantity.quantity></Point><Point><position>4435</position><in_Quantity.quantity>0.000000</in_Quantity.quantity><out_Quantity.quantity>228.092539</out_Quantity.quantity></Point><Point><position>4436</position><in_Quantity.quantity>0.000000</in_Quantity.quantity><out_Quantity.quantity>823.804512</out_Quantity.quantity></Point><Point><position>4437</position><in_Quantity.quantity>0.000000</in_Quantity.quantity><out_Quantity.quantity>964.058053</out_Quantity.quantity></Point><Point><position>4438</position><in_Quantity.quantity>0.000000</in_Quantity.quantity><out_Quantity.quantity>600.612703</out_Quantity.quantity></Point><Point><position>4439</position><in_Quantity.quantity>0.000000</in_Quantity.quantity><out_Quantity.quantity>260.344791</out_Quantity.quantity></Point><Point><position>4440</position><in_Quantity.quantity>0.000000</in_Quantity.quantity><out_Quantity.quantity>170.463913</out_Quantity.quantity></Point><Point><position>4441</position><in_Quantity.quantity>0.000000</in_Quantity.quantity><out_Quantity.quantity>253.928106</out_Quantity.quantity></Point><Point><position>4442</position><in_Quantity.quantity>0.000000</in_Quantity.quantity><out_Quantity.quantity>644.732303</out_Quantity.quantity></Point><Point><position>4443</position><in_Quantity.quantity>0.000000</in_Quantity.quantity><out_Quantity.quantity>411.828233</out_Quantity.quantity></Point><Point><position>4444</position><in_Quantity.quantity>0.000000</in_Quantity.quantity><out_Quantity.quantity>267.188407</out_Quantity.quantity></Point><Point><position>4445</position><in_Quantity.quantity>0.000000</in_Quantity.quantity><out_Quantity.quantity>55.440300</out_Quantity.quantity></Point><Point><position>4446</position><in_Quantity.quantity>0.000000</in_Quantity.quantity><out_Quantity.quantity>408.427596</out_Quantity.quantity></Point><Point><position>4447</position><in_Quantity.quantity>0.000000</in_Quantity.quantity><out_Quantity.quantity>812.004127</out_Quantity.quantity></Point><Point><position>4448</position><in_Quantity.quantity>0.000000</in_Quantity.quantity><out_Quantity.quantity>350.869497</out_Quantity.quantity></Point><Point><position>4449</position><in_Quantity.quantity>0.000000</in_Quantity.quantity><out_Quantity.quantity>396.708406</out_Quantity.quantity></Point><Point><position>4450</position><in_Quantity.quantity>0.000000</in_Quantity.quantity><out_Quantity.quantity>122.745185</out_Quantity.quantity></Point><Point><position>4451</position><in_Quantity.quantity>0.000000</in_Quantity.quantity><out_Quantity.quantity>531.905906</out_Quantity.quantity></Point><Point><position>4452</position><in_Quantity.quantity>0.000000</in_Quantity.quantity><out_Quantity.quantity>531.159176</out_Quantity.quantity></Point><Point><position>4453</position><in_Quantity.quantity>0.000000</in_Quantity.quantity><out_Quantity.quantity>550.807824</out_Quantity.quantity></Point><Point><position>4454</position><in_Quantity.quantity>0.000000</in_Quantity.quantity><out_Quantity.quantity>850.282393</out_Quantity.quantity></Point><Point><position>4455</position><in_Quantity.quantity>0.000000</in_Quantity.quantity><out_Quantity.quantity>731.214927</out_Quantity.quantity></Point><Point><position>4456</position><in_Quantity.quantity>0.000000</in_Quantity.quantity><out_Quantity.quantity>349.286863</out_Quantity.quantity></Point><Point><position>4457</position><in_Quantity.quantity>0.000000</in_Quantity.quantity><out_Quantity.quantity>810.849201</out_Quantity.quantity></Point><Point><position>4458</position><in_Quantity.quantity>0.000000</in_Quantity.quantity><out_Quantity.quantity>29.757009</out_Quantity.quantity></Point><Point><position>4459</position><in_Quantity.quantity>0.000000</in_Quantity.quantity><out_Quantity.quantity>189.266943</out_Quantity.quantity></Point><Point><position>4460</position><in_Quantity.quantity>0.000000</in_Quantity.quantity><out_Quantity.quantity>991.858635</out_Quantity.quantity></Point><Point><position>4461</position><in_Quantity.quantity>0.000000</in_Quantity.quantity><out_Quantity.quantity>293.556234</out_Quantity.quantity></Point><Point><position>4462</position><in_Quantity.quantity>0.000000</in_Quantity.quantity><out_Quantity.quantity>384.453104</out_Quantity.quantity></Point><Point><position>4463</position><in_Quantity.quantity>0.000000</in_Quantity.quantity><out_Quantity.quantity>552.176165</out_Quantity.quantity></Point><Point><position>4464</position><in_Quantity.quantity>0.000000</in_Quantity.quantity><out_Quantity.quantity>393.045396</out_Quantity.quantity></Point><Point><position>4465</position><in_Quantity.quantity>0.000000</in_Quantity.quantity><out_Quantity.quantity>907.696181</out_Quantity.quantity></Point><Point><position>4466</position><in_Quantity.quantity>0.000000</in_Quantity.quantity><out_Quantity.quantity>681.058002</out_Quantity.quantity></Point><Point><position>4467</position><in_Quantity.quantity>0.000000</in_Quantity.quantity><out_Quantity.quantity>143.486987</out_Quantity.quantity></Point><Point><position>4468</position><in_Quantity.quantity>0.000000</in_Quantity.quantity><out_Quantity.quantity>114.808655</out_Quantity.quantity></Point><Point><position>4469</position><in_Quantity.quantity>0.000000</in_Quantity.quantity><out_Quantity.quantity>869.093938</out_Quantity.quantity></Point><Point><position>4470</position><in_Quantity.quantity>0.000000</in_Quantity.quantity><out_Quantity.quantity>681.051462</out_Quantity.quantity></Point><Point><position>4471</position><in_Quantity.quantity>0.000000</in_Quantity.quantity><out_Quantity.quantity>764.274638</out_Quantity.quantity></Point><Point><position>4472</position><in_Quantity.quantity>0.000000</in_Quantity.quantity><out_Quantity.quantity>792.682144</out_Quantity.quantity></Point><Point><position>4473</position><in_Quantity.quantity>0.000000</in_Quantity.quantity><out_Quantity.quantity>262.138261</out_Quantity.quantity></Point><Point><position>4474</position><in_Quantity.quantity>0.000000</in_Quantity.quantity><out_Quantity.quantity>409.353726</out_Quantity.quantity></Point><Point><position>4475</position><in_Quantity.quantity>0.000000</in_Quantity.quantity><out_Quantity.quantity>764.109130</out_Quantity.quantity></Point><Point><position>4476</position><in_Quantity.quantity>0.000000</in_Quantity.quantity><out_Quantity.quantity>843.027382</out_Quantity.quantity></Point><Point><position>4477</position><in_Quantity.quantity>0.000000</in_Quantity.quantity><out_Quantity.quantity>134.076706</out_Quantity.quantity></Point><Point><position>4478</position><in_Quantity.quantity>0.000000</in_Quantity.quantity><out_Quantity.quantity>130.251445</out_Quantity.quantity></Point><Point><position>4479</position><in_Quantity.quantity>0.000000</in_Quantity.quantity><out_Quantity.quantity>194.096256</out_Quantity.quantity></Point><Point><position>4480</position><in_Quantity.quantity>0.000000</in_Quantity.quantity><out_Quantity.quantity>754.778220</out_Quantity.quantity></Point><Point><position>4481</position><in_Quantity.quantity>0.000000</in_Quantity.quantity><out_Quantity.quantity>34.980848</out_Quantity.quantity></Point><Point><position>4482</position><in_Quantity.quantity>0.000000</in_Quantity.quantity><out_Quantity.quantity>201.329876</out_Quantity.quantity></Point><Point><position>4483</position><in_Quantity.quantity>0.000000</in_Quantity.quantity><out_Quantity.quantity>90.680000</out_Quantity.quantity></Point><Point><position>4484</position><in_Quantity.quantity>0.000000</in_Quantity.quantity><out_Quantity.quantity>104.035156</out_Quantity.quantity></Point><Point><position>4485</position><in_Quantity.quantity>0.000000</in_Quantity.quantity><out_Quantity.quantity>603.708671</out_Quantity.quantity></Point><Point><position>4486</position><in_Quantity.quantity>0.000000</in_Quantity.quantity><out_Quantity.quantity>541.129737</out_Quantity.quantity></Point><Point><position>4487</position><in_Quantity.quantity>0.000000</in_Quantity.quantity><out_Quantity.quantity>203.035998</out_Quantity.quantity></Point><Point><position>4488</position><in_Quantity.quantity>0.000000</in_Quantity.quantity><out_Quantity.quantity>49.755193</out_Quantity.quantity></Point><Point><position>4489</position><in_Quantity.quantity>0.000000</in_Quantity.quantity><out_Quantity.quantity>536.085992</out_Quantity.quantity></Point><Point><position>4490</position><in_Quantity.quantity>0.000000</in_Quantity.quantity><out_Quantity.quantity>71.811694</out_Quantity.quantity></Point><Point><position>4491</position><in_Quantity.quantity>0.000000</in_Quantity.quantity><out_Quantity.quantity>829.770430</out_Quantity.quantity></Point><Point><position>4492</position><in_Quantity.quantity>0.000000</in_Quantity.quantity><out_Quantity.quantity>39.864715</out_Quantity.quantity></Point><Point><position>4493</position><in_Quantity.quantity>0.000000</in_Quantity.quantity><out_Quantity.quantity>248.769831</out_Quantity.quantity></Point><Point><position>4494</position><in_Quantity.quantity>0.000000</in_Quantity.quantity><out_Quantity.quantity>919.693441</out_Quantity.quantity></Point><Point><position>4495</position><in_Quantity.quantity>0.000000</in_Quantity.quantity><out_Quantity.quantity>68.335159</out_Quantity.quantity></Point><Point><position>4496</position><in_Quantity.quantity>0.000000</in_Quantity.quantity><out_Quantity.quantity>737.562846</out_Quantity.quantity></Point><Point><position>4497</position><in_Quantity.quantity>0.000000</in_Quantity.quantity><out_Quantity.quantity>832.465961</out_Quantity.quantity></Point><Point><position>4498</position><in_Quantity.quantity>0.000000</in_Quantity.quantity><out_Quantity.quantity>520.439559</out_Quantity.quantity></Point><Point><position>4499</position><in_Quantity.quantity>0.000000</in_Quantity.quantity><out_Quantity.quantity>547.314538</out_Quantity.quantity></Point><Point><position>4500</position><in_Quantity.quantity>0.000000</in_Quantity.quantity><out_Quantity.quantity>95.386311</out_Quantity.quantity></Point><Point><position>4501</position><in_Quantity.quantity>0.000000</in_Quantity.quantity><out_Quantity.quantity>561.481770</out_Quantity.quantity></Point><Point><position>4502</position><in_Quantity.quantity>0.000000</in_Quantity.quantity><out_Quantity.quantity>311.045991</out_Quantity.quantity></Point><Point><position>4503</position><in_Quantity.quantity>0.000000</in_Quantity.quantity><out_Quantity.quantity>295.951752</out_Quantity.quantity></Point><Point><position>4504</position><in_Quantity.quantity>0.000000</in_Quantity.quantity><out_Quantity.quantity>360.589800</out_Quantity.quantity></Point><Point><position>4505</position><in_Quantity.quantity>0.000000</in_Quantity.quantity><out_Quantity.quantity>311.792766</out_Quantity.quantity></Point><Point><position>4506</position><in_Quantity.quantity>0.000000</in_Quantity.quantity><out_Quantity.quantity>747.454067</out_Quantity.quantity></Point><Point><position>4507</position><in_Quantity.quantity>0.000000</in_Quantity.quantity><out_Quantity.quantity>339.371837</out_Quantity.quantity></Point><Point><position>4508</position><in_Quantity.quantity>0.000000</in_Quantity.quantity><out_Quantity.quantity>153.358675</out_Quantity.quantity></Point><Point><position>4509</position><in_Quantity.quantity>0.000000</in_Quantity.quantity><out_Quantity.quantity>662.421039</out_Quantity.quantity></Point><Point><position>4510</position><in_Quantity.quantity>0.000000</in_Quantity.quantity><out_Quantity.quantity>743.088204</out_Quantity.quantity></Point><Point><position>4511</position><in_Quantity.quantity>0.000000</in_Quantity.quantity><out_Quantity.quantity>423.865439</out_Quantity.quantity></Point><Point><position>4512</position><in_Quantity.quantity>0.000000</in_Quantity.quantity><out_Quantity.quantity>421.969556</out_Quantity.quantity></Point><Point><position>4513</position><in_Quantity.quantity>0.000000</in_Quantity.quantity><out_Quantity.quantity>761.479471</out_Quantity.quantity></Point><Point><position>4514</position><in_Quantity.quantity>0.000000</in_Quantity.quantity><out_Quantity.quantity>147.870334</out_Quantity.quantity></Point><Point><position>4515</position><in_Quantity.quantity>0.000000</in_Quantity.quantity><out_Quantity.quantity>495.350354</out_Quantity.quantity></Point><Point><position>4516</position><in_Quantity.quantity>0.000000</in_Quantity.quantity><out_Quantity.quantity>177.741974</out_Quantity.quantity></Point><Point><position>4517</position><in_Quantity.quantity>0.000000</in_Quantity.quantity><out_Quantity.quantity>370.469278</out_Quantity.quantity></Point><Point><position>4518</position><in_Quantity.quantity>0.000000</in_Quantity.quantity><out_Quantity.quantity>812.237149</out_Quantity.quantity></Point><Point><position>4519</position><in_Quantity.quantity>0.000000</in_Quantity.quantity><out_Quantity.quantity>141.390693</out_Quantity.quantity></Point><Point><position>4520</position><in_Quantity.quantity>0.000000</in_Quantity.quantity><out_Quantity.quantity>952.753445</out_Quantity.quantity></Point><Point><position>4521</position><in_Quantity.quantity>0.000000</in_Quantity.quantity><out_Quantity.quantity>220.541612</out_Quantity.quantity></Point><Point><position>4522</position><in_Quantity.quantity>0.000000</in_Quantity.quantity><out_Quantity.quantity>634.190882</out_Quantity.quantity></Point><Point><position>4523</position><in_Quantity.quantity>0.000000</in_Quantity.quantity><out_Quantity.quantity>925.210795</out_Quantity.quantity></Point><Point><position>4524</position><in_Quantity.quantity>0.000000</in_Quantity.quantity><out_Quantity.quantity>302.056627</out_Quantity.quantity></Point><Point><position>4525</position><in_Quantity.quantity>0.000000</in_Quantity.quantity><out_Quantity.quantity>912.396961</out_Quantity.quantity></Point><Point><position>4526</position><in_Quantity.quantity>0.000000</in_Quantity.quantity><out_Quantity.quantity>309.363758</out_Quantity.quantity></Point><Point><position>4527</position><in_Quantity.quantity>0.000000</in_Quantity.quantity><out_Quantity.quantity>712.780475</out_Quantity.quantity></Point><Point><position>4528</position><in_Quantity.quantity>0.000000</in_Quantity.quantity><out_Quantity.quantity>493.703951</out_Quantity.quantity></Point><Point><position>4529</position><in_Quantity.quantity>0.000000</in_Quantity.quantity><out_Quantity.quantity>727.334126</out_Quantity.quantity></Point><Point><position>4530</position><in_Quantity.quantity>0.000000</in_Quantity.quantity><out_Quantity.quantity>630.701912</out_Quantity.quantity></Point><Point><position>4531</position><in_Quantity.quantity>0.000000</in_Quantity.quantity><out_Quantity.quantity>102.489457</out_Quantity.quantity></Point><Point><position>4532</position><in_Quantity.quantity>0.000000</in_Quantity.quantity><out_Quantity.quantity>817.112045</out_Quantity.quantity></Point><Point><position>4533</position><in_Quantity.quantity>0.000000</in_Quantity.quantity><out_Quantity.quantity>137.417782</out_Quantity.quantity></Point><Point><position>4534</position><in_Quantity.quantity>0.000000</in_Quantity.quantity><out_Quantity.quantity>98.612598</out_Quantity.quantity></Point><Point><position>4535</position><in_Quantity.quantity>0.000000</in_Quantity.quantity><out_Quantity.quantity>856.235499</out_Quantity.quantity></Point><Point><position>4536</position><in_Quantity.quantity>0.000000</in_Quantity.quantity><out_Quantity.quantity>247.872434</out_Quantity.quantity></Point><Point><position>4537</position><in_Quantity.quantity>0.000000</in_Quantity.quantity><out_Quantity.quantity>344.231244</out_Quantity.quantity></Point><Point><position>4538</position><in_Quantity.quantity>0.000000</in_Quantity.quantity><out_Quantity.quantity>151.008516</out_Quantity.quantity></Point><Point><position>4539</position><in_Quantity.quantity>0.000000</in_Quantity.quantity><out_Quantity.quantity>863.098183</out_Quantity.quantity></Point><Point><position>4540</position><in_Quantity.quantity>0.000000</in_Quantity.quantity><out_Quantity.quantity>597.105365</out_Quantity.quantity></Point><Point><position>4541</position><in_Quantity.quantity>0.000000</in_Quantity.quantity><out_Quantity.quantity>109.967226</out_Quantity.quantity></Point><Point><position>4542</position><in_Quantity.quantity>0.000000</in_Quantity.quantity><out_Quantity.quantity>508.563407</out_Quantity.quantity></Point><Point><position>4543</position><in_Quantity.quantity>0.000000</in_Quantity.quantity><out_Quantity.quantity>983.420148</out_Quantity.quantity></Point><Point><position>4544</position><in_Quantity.quantity>0.000000</in_Quantity.quantity><out_Quantity.quantity>429.064785</out_Quantity.quantity></Point><Point><position>4545</position><in_Quantity.quantity>0.000000</in_Quantity.quantity><out_Quantity.quantity>633.661099</out_Quantity.quantity></Point><Point><position>4546</position><in_Quantity.quantity>0.000000</in_Quantity.quantity><out_Quantity.quantity>842.859882</out_Quantity.quantity></Point><Point><position>4547</position><in_Quantity.quantity>0.000000</in_Quantity.quantity><out_Quantity.quantity>678.995330</out_Quantity.quantity></Point><Point><position>4548</position><in_Quantity.quantity>0.000000</in_Quantity.quantity><out_Quantity.quantity>579.142357</out_Quantity.quantity></Point><Point><position>4549</position><in_Quantity.quantity>0.000000</in_Quantity.quantity><out_Quantity.quantity>470.250597</out_Quantity.quantity></Point><Point><position>4550</position><in_Quantity.quantity>0.000000</in_Quantity.quantity><out_Quantity.quantity>107.830339</out_Quantity.quantity></Point><Point><position>4551</position><in_Quantity.quantity>0.000000</in_Quantity.quantity><out_Quantity.quantity>612.912133</out_Quantity.quantity></Point><Point><position>4552</position><in_Quantity.quantity>0.000000</in_Quantity.quantity><out_Quantity.quantity>926.732844</out_Quantity.quantity></Point><Point><position>4553</position><in_Quantity.quantity>0.000000</in_Quantity.quantity><out_Quantity.quantity>140.522722</out_Quantity.quantity></Point><Point><position>4554</position><in_Quantity.quantity>0.000000</in_Quantity.quantity><out_Quantity.quantity>103.214370</out_Quantity.quantity></Point><Point><position>4555</position><in_Quantity.quantity>0.000000</in_Quantity.quantity><out_Quantity.quantity>195.869713</out_Quantity.quantity></Point><Point><position>4556</position><in_Quantity.quantity>0.000000</in_Quantity.quantity><out_Quantity.quantity>338.298696</out_Quantity.quantity></Point><Point><position>4557</position><in_Quantity.quantity>0.000000</in_Quantity.quantity><out_Quantity.quantity>999.157648</out_Quantity.quantity></Point><Point><position>4558</position><in_Quantity.quantity>0.000000</in_Quantity.quantity><out_Quantity.quantity>444.947360</out_Quantity.quantity></Point><Point><position>4559</position><in_Quantity.quantity>0.000000</in_Quantity.quantity><out_Quantity.quantity>413.868037</out_Quantity.quantity></Point><Point><position>4560</position><in_Quantity.quantity>0.000000</in_Quantity.quantity><out_Quantity.quantity>877.283299</out_Quantity.quantity></Point><Point><position>4561</position><in_Quantity.quantity>0.000000</in_Quantity.quantity><out_Quantity.quantity>8.792918</out_Quantity.quantity></Point><Point><position>4562</position><in_Quantity.quantity>0.000000</in_Quantity.quantity><out_Quantity.quantity>806.905652</out_Quantity.quantity></Point><Point><position>4563</position><in_Quantity.quantity>0.000000</in_Quantity.quantity><out_Quantity.quantity>68.670431</out_Quantity.quantity></Point><Point><position>4564</position><in_Quantity.quantity>0.000000</in_Quantity.quantity><out_Quantity.quantity>777.855724</out_Quantity.quantity></Point><Point><position>4565</position><in_Quantity.quantity>0.000000</in_Quantity.quantity><out_Quantity.quantity>824.336904</out_Quantity.quantity></Point><Point><position>4566</position><in_Quantity.quantity>0.000000</in_Quantity.quantity><out_Quantity.quantity>774.471447</out_Quantity.quantity></Point><Point><position>4567</position><in_Quantity.quantity>0.000000</in_Quantity.quantity><out_Quantity.quantity>711.721244</out_Quantity.quantity></Point><Point><position>4568</position><in_Quantity.quantity>0.000000</in_Quantity.quantity><out_Quantity.quantity>536.045760</out_Quantity.quantity></Point><Point><position>4569</position><in_Quantity.quantity>0.000000</in_Quantity.quantity><out_Quantity.quantity>782.805856</out_Quantity.quantity></Point><Point><position>4570</position><in_Quantity.quantity>0.000000</in_Quantity.quantity><out_Quantity.quantity>470.855642</out_Quantity.quantity></Point><Point><position>4571</position><in_Quantity.quantity>0.000000</in_Quantity.quantity><out_Quantity.quantity>913.389363</out_Quantity.quantity></Point><Point><position>4572</position><in_Quantity.quantity>0.000000</in_Quantity.quantity><out_Quantity.quantity>959.256691</out_Quantity.quantity></Point><Point><position>4573</position><in_Quantity.quantity>0.000000</in_Quantity.quantity><out_Quantity.quantity>681.323538</out_Quantity.quantity></Point><Point><position>4574</position><in_Quantity.quantity>0.000000</in_Quantity.quantity><out_Quantity.quantity>796.256504</out_Quantity.quantity></Point><Point><position>4575</position><in_Quantity.quantity>0.000000</in_Quantity.quantity><out_Quantity.quantity>878.707383</out_Quantity.quantity></Point><Point><position>4576</position><in_Quantity.quantity>0.000000</in_Quantity.quantity><out_Quantity.quantity>950.904699</out_Quantity.quantity></Point><Point><position>4577</position><in_Quantity.quantity>0.000000</in_Quantity.quantity><out_Quantity.quantity>355.222749</out_Quantity.quantity></Point><Point><position>4578</position><in_Quantity.quantity>0.000000</in_Quantity.quantity><out_Quantity.quantity>452.928285</out_Quantity.quantity></Point><Point><position>4579</position><in_Quantity.quantity>0.000000</in_Quantity.quantity><out_Quantity.quantity>623.593830</out_Quantity.quantity></Point><Point><position>4580</position><in_Quantity.quantity>0.000000</in_Quantity.quantity><out_Quantity.quantity>669.205552</out_Quantity.quantity></Point><Point><position>4581</position><in_Quantity.quantity>0.000000</in_Quantity.quantity><out_Quantity.quantity>87.260170</out_Quantity.quantity></Point><Point><position>4582</position><in_Quantity.quantity>0.000000</in_Quantity.quantity><out_Quantity.quantity>962.606760</out_Quantity.quantity></Point><Point><position>4583</position><in_Quantity.quantity>0.000000</in_Quantity.quantity><out_Quantity.quantity>657.875395</out_Quantity.quantity></Point><Point><position>4584</position><in_Quantity.quantity>0.000000</in_Quantity.quantity><out_Quantity.quantity>549.379797</out_Quantity.quantity></Point><Point><position>4585</position><in_Quantity.quantity>0.000000</in_Quantity.quantity><out_Quantity.quantity>93.502917</out_Quantity.quantity></Point><Point><position>4586</position><in_Quantity.quantity>0.000000</in_Quantity.quantity><out_Quantity.quantity>182.666060</out_Quantity.quantity></Point><Point><position>4587</position><in_Quantity.quantity>0.000000</in_Quantity.quantity><out_Quantity.quantity>384.078167</out_Quantity.quantity></Point><Point><position>4588</position><in_Quantity.quantity>0.000000</in_Quantity.quantity><out_Quantity.quantity>209.499471</out_Quantity.quantity></Point><Point><position>4589</position><in_Quantity.quantity>0.000000</in_Quantity.quantity><out_Quantity.quantity>55.869243</out_Quantity.quantity></Point><Point><position>4590</position><in_Quantity.quantity>0.000000</in_Quantity.quantity><out_Quantity.quantity>893.970408</out_Quantity.quantity></Point><Point><position>4591</position><in_Quantity.quantity>0.000000</in_Quantity.quantity><out_Quantity.quantity>376.044321</out_Quantity.quantity></Point><Point><position>4592</position><in_Quantity.quantity>0.000000</in_Quantity.quantity><out_Quantity.quantity>29.953912</out_Quantity.quantity></Point><Point><position>4593</position><in_Quantity.quantity>0.000000</in_Quantity.quantity><out_Quantity.quantity>473.845914</out_Quantity.quantity></Point><Point><position>4594</position><in_Quantity.quantity>0.000000</in_Quantity.quantity><out_Quantity.quantity>730.880642</out_Quantity.quantity></Point><Point><position>4595</position><in_Quantity.quantity>0.000000</in_Quantity.quantity><out_Quantity.quantity>489.720310</out_Quantity.quantity></Point><Point><position>4596</position><in_Quantity.quantity>0.000000</in_Quantity.quantity><out_Quantity.quantity>195.945481</out_Quantity.quantity></Point><Point><position>4597</position><in_Quantity.quantity>0.000000</in_Quantity.quantity><out_Quantity.quantity>713.605400</out_Quantity.quantity></Point><Point><position>4598</position><in_Quantity.quantity>0.000000</in_Quantity.quantity><out_Quantity.quantity>280.402966</out_Quantity.quantity></Point><Point><position>4599</position><in_Quantity.quantity>0.000000</in_Quantity.quantity><out_Quantity.quantity>649.473258</out_Quantity.quantity></Point><Point><position>4600</position><in_Quantity.quantity>0.000000</in_Quantity.quantity><out_Quantity.quantity>459.722183</out_Quantity.quantity></Point><Point><position>4601</position><in_Quantity.quantity>0.000000</in_Quantity.quantity><out_Quantity.quantity>868.640192</out_Quantity.quantity></Point><Point><position>4602</position><in_Quantity.quantity>0.000000</in_Quantity.quantity><out_Quantity.quantity>266.822412</out_Quantity.quantity></Point><Point><position>4603</position><in_Quantity.quantity>0.000000</in_Quantity.quantity><out_Quantity.quantity>995.410684</out_Quantity.quantity></Point><Point><position>4604</position><in_Quantity.quantity>0.000000</in_Quantity.quantity><out_Quantity.quantity>698.700220</out_Quantity.quantity></Point><Point><position>4605</position><in_Quantity.quantity>0.000000</in_Quantity.quantity><out_Quantity.quantity>206.141767</out_Quantity.quantity></Point><Point><position>4606</position><in_Quantity.quantity>0.000000</in_Quantity.quantity><out_Quantity.quantity>872.532523</out_Quantity.quantity></Point><Point><position>4607</position><in_Quantity.quantity>0.000000</in_Quantity.quantity><out_Quantity.quantity>179.686877</out_Quantity.quantity></Point><Point><position>4608</position><in_Quantity.quantity>0.000000</in_Quantity.quantity><out_Quantity.quantity>754.961508</out_Quantity.quantity></Point><Point><position>4609</position><in_Quantity.quantity>0.000000</in_Quantity.quantity><out_Quantity.quantity>973.823782</out_Quantity.quantity></Point><Point><position>4610</position><in_Quantity.quantity>0.000000</in_Quantity.quantity><out_Quantity.quantity>898.772066</out_Quantity.quantity></Point><Point><position>4611</position><in_Quantity.quantity>0.000000</in_Quantity.quantity><out_Quantity.quantity>463.683231</out_Quantity.quantity></Point><Point><position>4612</position><in_Quantity.quantity>0.000000</in_Quantity.quantity><out_Quantity.quantity>860.276478</out_Quantity.quantity></Point><Point><position>4613</position><in_Quantity.quantity>0.000000</in_Quantity.quantity><out_Quantity.quantity>233.235227</out_Quantity.quantity></Point><Point><position>4614</position><in_Quantity.quantity>0.000000</in_Quantity.quantity><out_Quantity.quantity>389.903305</out_Quantity.quantity></Point><Point><position>4615</position><in_Quantity.quantity>0.000000</in_Quantity.quantity><out_Quantity.quantity>599.610651</out_Quantity.quantity></Point><Point><position>4616</position><in_Quantity.quantity>0.000000</in_Quantity.quantity><out_Quantity.quantity>942.442730</out_Quantity.quantity></Point><Point><position>4617</position><in_Quantity.quantity>0.000000</in_Quantity.quantity><out_Quantity.quantity>419.799482</out_Quantity.quantity></Point><Point><position>4618</position><in_Quantity.quantity>0.000000</in_Quantity.quantity><out_Quantity.quantity>167.286544</out_Quantity.quantity></Point><Point><position>4619</position><in_Quantity.quantity>0.000000</in_Quantity.quantity><out_Quantity.quantity>349.522206</out_Quantity.quantity></Point><Point><position>4620</position><in_Quantity.quantity>0.000000</in_Quantity.quantity><out_Quantity.quantity>165.772364</out_Quantity.quantity></Point><Point><position>4621</position><in_Quantity.quantity>0.000000</in_Quantity.quantity><out_Quantity.quantity>89.770924</out_Quantity.quantity></Point><Point><position>4622</position><in_Quantity.quantity>0.000000</in_Quantity.quantity><out_Quantity.quantity>758.835376</out_Quantity.quantity></Point><Point><position>4623</position><in_Quantity.quantity>0.000000</in_Quantity.quantity><out_Quantity.quantity>537.693576</out_Quantity.quantity></Point><Point><position>4624</position><in_Quantity.quantity>0.000000</in_Quantity.quantity><out_Quantity.quantity>428.289597</out_Quantity.quantity></Point><Point><position>4625</position><in_Quantity.quantity>0.000000</in_Quantity.quantity><out_Quantity.quantity>152.230867</out_Quantity.quantity></Point><Point><position>4626</position><in_Quantity.quantity>0.000000</in_Quantity.quantity><out_Quantity.quantity>965.723060</out_Quantity.quantity></Point><Point><position>4627</position><in_Quantity.quantity>0.000000</in_Quantity.quantity><out_Quantity.quantity>439.450719</out_Quantity.quantity></Point><Point><position>4628</position><in_Quantity.quantity>0.000000</in_Quantity.quantity><out_Quantity.quantity>330.103422</out_Quantity.quantity></Point><Point><position>4629</position><in_Quantity.quantity>0.000000</in_Quantity.quantity><out_Quantity.quantity>307.876578</out_Quantity.quantity></Point><Point><position>4630</position><in_Quantity.quantity>0.000000</in_Quantity.quantity><out_Quantity.quantity>285.947003</out_Quantity.quantity></Point><Point><position>4631</position><in_Quantity.quantity>0.000000</in_Quantity.quantity><out_Quantity.quantity>77.078373</out_Quantity.quantity></Point><Point><position>4632</position><in_Quantity.quantity>0.000000</in_Quantity.quantity><out_Quantity.quantity>638.325720</out_Quantity.quantity></Point><Point><position>4633</position><in_Quantity.quantity>0.000000</in_Quantity.quantity><out_Quantity.quantity>251.741633</out_Quantity.quantity></Point><Point><position>4634</position><in_Quantity.quantity>0.000000</in_Quantity.quantity><out_Quantity.quantity>45.334595</out_Quantity.quantity></Point><Point><position>4635</position><in_Quantity.quantity>0.000000</in_Quantity.quantity><out_Quantity.quantity>32.456394</out_Quantity.quantity></Point><Point><position>4636</position><in_Quantity.quantity>0.000000</in_Quantity.quantity><out_Quantity.quantity>798.749952</out_Quantity.quantity></Point><Point><position>4637</position><in_Quantity.quantity>0.000000</in_Quantity.quantity><out_Quantity.quantity>210.447584</out_Quantity.quantity></Point><Point><position>4638</position><in_Quantity.quantity>0.000000</in_Quantity.quantity><out_Quantity.quantity>484.006942</out_Quantity.quantity></Point><Point><position>4639</position><in_Quantity.quantity>0.000000</in_Quantity.quantity><out_Quantity.quantity>210.752986</out_Quantity.quantity></Point><Point><position>4640</position><in_Quantity.quantity>0.000000</in_Quantity.quantity><out_Quantity.quantity>333.366070</out_Quantity.quantity></Point><Point><position>4641</position><in_Quantity.quantity>0.000000</in_Quantity.quantity><out_Quantity.quantity>738.692098</out_Quantity.quantity></Point><Point><position>4642</position><in_Quantity.quantity>0.000000</in_Quantity.quantity><out_Quantity.quantity>50.796238</out_Quantity.quantity></Point><Point><position>4643</position><in_Quantity.quantity>0.000000</in_Quantity.quantity><out_Quantity.quantity>485.486281</out_Quantity.quantity></Point><Point><position>4644</position><in_Quantity.quantity>0.000000</in_Quantity.quantity><out_Quantity.quantity>235.235079</out_Quantity.quantity></Point><Point><position>4645</position><in_Quantity.quantity>0.000000</in_Quantity.quantity><out_Quantity.quantity>139.132934</out_Quantity.quantity></Point><Point><position>4646</position><in_Quantity.quantity>0.000000</in_Quantity.quantity><out_Quantity.quantity>12.664705</out_Quantity.quantity></Point><Point><position>4647</position><in_Quantity.quantity>0.000000</in_Quantity.quantity><out_Quantity.quantity>189.538171</out_Quantity.quantity></Point><Point><position>4648</position><in_Quantity.quantity>0.000000</in_Quantity.quantity><out_Quantity.quantity>756.889625</out_Quantity.quantity></Point><Point><position>4649</position><in_Quantity.quantity>0.000000</in_Quantity.quantity><out_Quantity.quantity>870.510190</out_Quantity.quantity></Point><Point><position>4650</position><in_Quantity.quantity>0.000000</in_Quantity.quantity><out_Quantity.quantity>942.347971</out_Quantity.quantity></Point><Point><position>4651</position><in_Quantity.quantity>0.000000</in_Quantity.quantity><out_Quantity.quantity>890.600114</out_Quantity.quantity></Point><Point><position>4652</position><in_Quantity.quantity>0.000000</in_Quantity.quantity><out_Quantity.quantity>295.610014</out_Quantity.quantity></Point><Point><position>4653</position><in_Quantity.quantity>0.000000</in_Quantity.quantity><out_Quantity.quantity>757.983298</out_Quantity.quantity></Point><Point><position>4654</position><in_Quantity.quantity>0.000000</in_Quantity.quantity><out_Quantity.quantity>767.536161</out_Quantity.quantity></Point><Point><position>4655</position><in_Quantity.quantity>0.000000</in_Quantity.quantity><out_Quantity.quantity>939.098318</out_Quantity.quantity></Point><Point><position>4656</position><in_Quantity.quantity>0.000000</in_Quantity.quantity><out_Quantity.quantity>869.008944</out_Quantity.quantity></Point><Point><position>4657</position><in_Quantity.quantity>0.000000</in_Quantity.quantity><out_Quantity.quantity>699.671610</out_Quantity.quantity></Point><Point><position>4658</position><in_Quantity.quantity>0.000000</in_Quantity.quantity><out_Quantity.quantity>335.941089</out_Quantity.quantity></Point><Point><position>4659</position><in_Quantity.quantity>0.000000</in_Quantity.quantity><out_Quantity.quantity>579.396176</out_Quantity.quantity></Point><Point><position>4660</position><in_Quantity.quantity>0.000000</in_Quantity.quantity><out_Quantity.quantity>487.342020</out_Quantity.quantity></Point><Point><position>4661</position><in_Quantity.quantity>0.000000</in_Quantity.quantity><out_Quantity.quantity>160.448734</out_Quantity.quantity></Point><Point><position>4662</position><in_Quantity.quantity>0.000000</in_Quantity.quantity><out_Quantity.quantity>498.968982</out_Quantity.quantity></Point><Point><position>4663</position><in_Quantity.quantity>0.000000</in_Quantity.quantity><out_Quantity.quantity>433.633800</out_Quantity.quantity></Point><Point><position>4664</position><in_Quantity.quantity>0.000000</in_Quantity.quantity><out_Quantity.quantity>432.712030</out_Quantity.quantity></Point><Point><position>4665</position><in_Quantity.quantity>0.000000</in_Quantity.quantity><out_Quantity.quantity>774.080984</out_Quantity.quantity></Point><Point><position>4666</position><in_Quantity.quantity>0.000000</in_Quantity.quantity><out_Quantity.quantity>256.858137</out_Quantity.quantity></Point><Point><position>4667</position><in_Quantity.quantity>0.000000</in_Quantity.quantity><out_Quantity.quantity>547.464429</out_Quantity.quantity></Point><Point><position>4668</position><in_Quantity.quantity>0.000000</in_Quantity.quantity><out_Quantity.quantity>392.346833</out_Quantity.quantity></Point><Point><position>4669</position><in_Quantity.quantity>0.000000</in_Quantity.quantity><out_Quantity.quantity>333.498168</out_Quantity.quantity></Point><Point><position>4670</position><in_Quantity.quantity>0.000000</in_Quantity.quantity><out_Quantity.quantity>869.843755</out_Quantity.quantity></Point><Point><position>4671</position><in_Quantity.quantity>0.000000</in_Quantity.quantity><out_Quantity.quantity>27.969757</out_Quantity.quantity></Point><Point><position>4672</position><in_Quantity.quantity>0.000000</in_Quantity.quantity><out_Quantity.quantity>902.616487</out_Quantity.quantity></Point><Point><position>4673</position><in_Quantity.quantity>0.000000</in_Quantity.quantity><out_Quantity.quantity>555.760101</out_Quantity.quantity></Point><Point><position>4674</position><in_Quantity.quantity>0.000000</in_Quantity.quantity><out_Quantity.quantity>426.844644</out_Quantity.quantity></Point><Point><position>4675</position><in_Quantity.quantity>0.000000</in_Quantity.quantity><out_Quantity.quantity>993.777515</out_Quantity.quantity></Point><Point><position>4676</position><in_Quantity.quantity>0.000000</in_Quantity.quantity><out_Quantity.quantity>376.151605</out_Quantity.quantity></Point><Point><position>4677</position><in_Quantity.quantity>0.000000</in_Quantity.quantity><out_Quantity.quantity>912.980353</out_Quantity.quantity></Point><Point><position>4678</position><in_Quantity.quantity>0.000000</in_Quantity.quantity><out_Quantity.quantity>948.149477</out_Quantity.quantity></Point><Point><position>4679</position><in_Quantity.quantity>0.000000</in_Quantity.quantity><out_Quantity.quantity>65.650416</out_Quantity.quantity></Point><Point><position>4680</position><in_Quantity.quantity>0.000000</in_Quantity.quantity><out_Quantity.quantity>481.941030</out_Quantity.quantity></Point><Point><position>4681</position><in_Quantity.quantity>0.000000</in_Quantity.quantity><out_Quantity.quantity>994.558392</out_Quantity.quantity></Point><Point><position>4682</position><in_Quantity.quantity>0.000000</in_Quantity.quantity><out_Quantity.quantity>969.063039</out_Quantity.quantity></Point><Point><position>4683</position><in_Quantity.quantity>0.000000</in_Quantity.quantity><out_Quantity.quantity>358.674161</out_Quantity.quantity></Point><Point><position>4684</position><in_Quantity.quantity>0.000000</in_Quantity.quantity><out_Quantity.quantity>779.902887</out_Quantity.quantity></Point><Point><position>4685</position><in_Quantity.quantity>0.000000</in_Quantity.quantity><out_Quantity.quantity>914.352165</out_Quantity.quantity></Point><Point><position>4686</position><in_Quantity.quantity>0.000000</in_Quantity.quantity><out_Quantity.quantity>784.095852</out_Quantity.quantity></Point><Point><position>4687</position><in_Quantity.quantity>0.000000</in_Quantity.quantity><out_Quantity.quantity>15.430392</out_Quantity.quantity></Point><Point><position>4688</position><in_Quantity.quantity>0.000000</in_Quantity.quantity><out_Quantity.quantity>968.194523</out_Quantity.quantity></Point><Point><position>4689</position><in_Quantity.quantity>0.000000</in_Quantity.quantity><out_Quantity.quantity>96.323621</out_Quantity.quantity></Point><Point><position>4690</position><in_Quantity.quantity>0.000000</in_Quantity.quantity><out_Quantity.quantity>905.908606</out_Quantity.quantity></Point><Point><position>4691</position><in_Quantity.quantity>0.000000</in_Quantity.quantity><out_Quantity.quantity>415.278577</out_Quantity.quantity></Point><Point><position>4692</position><in_Quantity.quantity>0.000000</in_Quantity.quantity><out_Quantity.quantity>498.312060</out_Quantity.quantity></Point><Point><position>4693</position><in_Quantity.quantity>0.000000</in_Quantity.quantity><out_Quantity.quantity>60.281416</out_Quantity.quantity></Point><Point><position>4694</position><in_Quantity.quantity>0.000000</in_Quantity.quantity><out_Quantity.quantity>772.726790</out_Quantity.quantity></Point><Point><position>4695</position><in_Quantity.quantity>0.000000</in_Quantity.quantity><out_Quantity.quantity>442.437609</out_Quantity.quantity></Point><Point><position>4696</position><in_Quantity.quantity>0.000000</in_Quantity.quantity><out_Quantity.quantity>560.159345</out_Quantity.quantity></Point><Point><position>4697</position><in_Quantity.quantity>0.000000</in_Quantity.quantity><out_Quantity.quantity>952.735951</out_Quantity.quantity></Point><Point><position>4698</position><in_Quantity.quantity>0.000000</in_Quantity.quantity><out_Quantity.quantity>123.238785</out_Quantity.quantity></Point><Point><position>4699</position><in_Quantity.quantity>0.000000</in_Quantity.quantity><out_Quantity.quantity>100.723927</out_Quantity.quantity></Point><Point><position>4700</position><in_Quantity.quantity>0.000000</in_Quantity.quantity><out_Quantity.quantity>67.908725</out_Quantity.quantity></Point><Point><position>4701</position><in_Quantity.quantity>0.000000</in_Quantity.quantity><out_Quantity.quantity>772.808448</out_Quantity.quantity></Point><Point><position>4702</position><in_Quantity.quantity>0.000000</in_Quantity.quantity><out_Quantity.quantity>766.875149</out_Quantity.quantity></Point><Point><position>4703</position><in_Quantity.quantity>0.000000</in_Quantity.quantity><out_Quantity.quantity>912.303899</out_Quantity.quantity></Point><Point><position>4704</position><in_Quantity.quantity>0.000000</in_Quantity.quantity><out_Quantity.quantity>233.719997</out_Quantity.quantity></Point><Point><position>4705</position><in_Quantity.quantity>0.000000</in_Quantity.quantity><out_Quantity.quantity>135.617366</out_Quantity.quantity></Point><Point><position>4706</position><in_Quantity.quantity>0.000000</in_Quantity.quantity><out_Quantity.quantity>627.579857</out_Quantity.quantity></Point><Point><position>4707</position><in_Quantity.quantity>0.000000</in_Quantity.quantity><out_Quantity.quantity>655.295806</out_Quantity.quantity></Point><Point><position>4708</position><in_Quantity.quantity>0.000000</in_Quantity.quantity><out_Quantity.quantity>472.713686</out_Quantity.quantity></Point><Point><position>4709</position><in_Quantity.quantity>0.000000</in_Quantity.quantity><out_Quantity.quantity>130.169490</out_Quantity.quantity></Point><Point><position>4710</position><in_Quantity.quantity>0.000000</in_Quantity.quantity><out_Quantity.quantity>918.509465</out_Quantity.quantity></Point><Point><position>4711</position><in_Quantity.quantity>0.000000</in_Quantity.quantity><out_Quantity.quantity>57.504217</out_Quantity.quantity></Point><Point><position>4712</position><in_Quantity.quantity>0.000000</in_Quantity.quantity><out_Quantity.quantity>573.762998</out_Quantity.quantity></Point><Point><position>4713</position><in_Quantity.quantity>0.000000</in_Quantity.quantity><out_Quantity.quantity>813.185140</out_Quantity.quantity></Point><Point><position>4714</position><in_Quantity.quantity>0.000000</in_Quantity.quantity><out_Quantity.quantity>44.937851</out_Quantity.quantity></Point><Point><position>4715</position><in_Quantity.quantity>0.000000</in_Quantity.quantity><out_Quantity.quantity>917.379609</out_Quantity.quantity></Point><Point><position>4716</position><in_Quantity.quantity>0.000000</in_Quantity.quantity><out_Quantity.quantity>442.049361</out_Quantity.quantity></Point><Point><position>4717</position><in_Quantity.quantity>0.000000</in_Quantity.quantity><out_Quantity.quantity>579.667465</out_Quantity.quantity></Point><Point><position>4718</position><in_Quantity.quantity>0.000000</in_Quantity.quantity><out_Quantity.quantity>607.645459</out_Quantity.quantity></Point><Point><position>4719</position><in_Quantity.quantity>0.000000</in_Quantity.quantity><out_Quantity.quantity>470.028130</out_Quantity.quantity></Point><Point><position>4720</position><in_Quantity.quantity>0.000000</in_Quantity.quantity><out_Quantity.quantity>553.743055</out_Quantity.quantity></Point><Point><position>4721</position><in_Quantity.quantity>0.000000</in_Quantity.quantity><out_Quantity.quantity>439.086016</out_Quantity.quantity></Point><Point><position>4722</position><in_Quantity.quantity>0.000000</in_Quantity.quantity><out_Quantity.quantity>317.204725</out_Quantity.quantity></Point><Point><position>4723</position><in_Quantity.quantity>0.000000</in_Quantity.quantity><out_Quantity.quantity>286.619339</out_Quantity.quantity></Point><Point><position>4724</position><in_Quantity.quantity>0.000000</in_Quantity.quantity><out_Quantity.quantity>79.086171</out_Quantity.quantity></Point><Point><position>4725</position><in_Quantity.quantity>0.000000</in_Quantity.quantity><out_Quantity.quantity>713.323885</out_Quantity.quantity></Point><Point><position>4726</position><in_Quantity.quantity>0.000000</in_Quantity.quantity><out_Quantity.quantity>905.700207</out_Quantity.quantity></Point><Point><position>4727</position><in_Quantity.quantity>0.000000</in_Quantity.quantity><out_Quantity.quantity>105.508785</out_Quantity.quantity></Point><Point><position>4728</position><in_Quantity.quantity>0.000000</in_Quantity.quantity><out_Quantity.quantity>605.228779</out_Quantity.quantity></Point><Point><position>4729</position><in_Quantity.quantity>0.000000</in_Quantity.quantity><out_Quantity.quantity>533.381398</out_Quantity.quantity></Point><Point><position>4730</position><in_Quantity.quantity>0.000000</in_Quantity.quantity><out_Quantity.quantity>935.563869</out_Quantity.quantity></Point><Point><position>4731</position><in_Quantity.quantity>0.000000</in_Quantity.quantity><out_Quantity.quantity>953.374564</out_Quantity.quantity></Point><Point><position>4732</position><in_Quantity.quantity>0.000000</in_Quantity.quantity><out_Quantity.quantity>346.017522</out_Quantity.quantity></Point><Point><position>4733</position><in_Quantity.quantity>0.000000</in_Quantity.quantity><out_Quantity.quantity>699.193951</out_Quantity.quantity></Point><Point><position>4734</position><in_Quantity.quantity>0.000000</in_Quantity.quantity><out_Quantity.quantity>290.905749</out_Quantity.quantity></Point><Point><position>4735</position><in_Quantity.quantity>0.000000</in_Quantity.quantity><out_Quantity.quantity>856.807431</out_Quantity.quantity></Point><Point><position>4736</position><in_Quantity.quantity>0.000000</in_Quantity.quantity><out_Quantity.quantity>115.527313</out_Quantity.quantity></Point><Point><position>4737</position><in_Quantity.quantity>0.000000</in_Quantity.quantity><out_Quantity.quantity>383.970319</out_Quantity.quantity></Point><Point><position>4738</position><in_Quantity.quantity>0.000000</in_Quantity.quantity><out_Quantity.quantity>212.095896</out_Quantity.quantity></Point><Point><position>4739</position><in_Quantity.quantity>0.000000</in_Quantity.quantity><out_Quantity.quantity>863.207756</out_Quantity.quantity></Point><Point><position>4740</position><in_Quantity.quantity>0.000000</in_Quantity.quantity><out_Quantity.quantity>251.484362</out_Quantity.quantity></Point><Point><position>4741</position><in_Quantity.quantity>0.000000</in_Quantity.quantity><out_Quantity.quantity>341.282421</out_Quantity.quantity></Point><Point><position>4742</position><in_Quantity.quantity>0.000000</in_Quantity.quantity><out_Quantity.quantity>819.974329</out_Quantity.quantity></Point><Point><position>4743</position><in_Quantity.quantity>0.000000</in_Quantity.quantity><out_Quantity.quantity>175.277545</out_Quantity.quantity></Point><Point><position>4744</position><in_Quantity.quantity>0.000000</in_Quantity.quantity><out_Quantity.quantity>599.539721</out_Quantity.quantity></Point><Point><position>4745</position><in_Quantity.quantity>0.000000</in_Quantity.quantity><out_Quantity.quantity>582.211653</out_Quantity.quantity></Point><Point><position>4746</position><in_Quantity.quantity>0.000000</in_Quantity.quantity><out_Quantity.quantity>633.450741</out_Quantity.quantity></Point><Point><position>4747</position><in_Quantity.quantity>0.000000</in_Quantity.quantity><out_Quantity.quantity>559.862675</out_Quantity.quantity></Point><Point><position>4748</position><in_Quantity.quantity>0.000000</in_Quantity.quantity><out_Quantity.quantity>761.396144</out_Quantity.quantity></Point><Point><position>4749</position><in_Quantity.quantity>0.000000</in_Quantity.quantity><out_Quantity.quantity>998.548768</out_Quantity.quantity></Point><Point><position>4750</position><in_Quantity.quantity>0.000000</in_Quantity.quantity><out_Quantity.quantity>668.209409</out_Quantity.quantity></Point><Point><position>4751</position><in_Quantity.quantity>0.000000</in_Quantity.quantity><out_Quantity.quantity>687.651217</out_Quantity.quantity></Point><Point><position>4752</position><in_Quantity.quantity>0.000000</in_Quantity.quantity><out_Quantity.quantity>294.615851</out_Quantity.quantity></Point><Point><position>4753</position><in_Quantity.quantity>0.000000</in_Quantity.quantity><out_Quantity.quantity>411.056657</out_Quantity.quantity></Point><Point><position>4754</position><in_Quantity.quantity>0.000000</in_Quantity.quantity><out_Quantity.quantity>203.253339</out_Quantity.quantity></Point><Point><position>4755</position><in_Quantity.quantity>0.000000</in_Quantity.quantity><out_Quantity.quantity>434.477460</out_Quantity.quantity></Point><Point><position>4756</position><in_Quantity.quantity>0.000000</in_Quantity.quantity><out_Quantity.quantity>188.324175</out_Quantity.quantity></Point><Point><position>4757</position><in_Quantity.quantity>0.000000</in_Quantity.quantity><out_Quantity.quantity>367.277543</out_Quantity.quantity></Point><Point><position>4758</position><in_Quantity.quantity>0.000000</in_Quantity.quantity><out_Quantity.quantity>63.771295</out_Quantity.quantity></Point><Point><position>4759</position><in_Quantity.quantity>0.000000</in_Quantity.quantity><out_Quantity.quantity>586.874163</out_Quantity.quantity></Point><Point><position>4760</position><in_Quantity.quantity>0.000000</in_Quantity.quantity><out_Quantity.quantity>811.561140</out_Quantity.quantity></Point><Point><position>4761</position><in_Quantity.quantity>0.000000</in_Quantity.quantity><out_Quantity.quantity>63.503308</out_Quantity.quantity></Point><Point><position>4762</position><in_Quantity.quantity>0.000000</in_Quantity.quantity><out_Quantity.quantity>460.566911</out_Quantity.quantity></Point><Point><position>4763</position><in_Quantity.quantity>0.000000</in_Quantity.quantity><out_Quantity.quantity>629.575659</out_Quantity.quantity></Point><Point><position>4764</position><in_Quantity.quantity>0.000000</in_Quantity.quantity><out_Quantity.quantity>781.117428</out_Quantity.quantity></Point><Point><position>4765</position><in_Quantity.quantity>0.000000</in_Quantity.quantity><out_Quantity.quantity>737.035001</out_Quantity.quantity></Point><Point><position>4766</position><in_Quantity.quantity>0.000000</in_Quantity.quantity><out_Quantity.quantity>485.984376</out_Quantity.quantity></Point><Point><position>4767</position><in_Quantity.quantity>0.000000</in_Quantity.quantity><out_Quantity.quantity>412.703023</out_Quantity.quantity></Point><Point><position>4768</position><in_Quantity.quantity>0.000000</in_Quantity.quantity><out_Quantity.quantity>966.151527</out_Quantity.quantity></Point><Point><position>4769</position><in_Quantity.quantity>0.000000</in_Quantity.quantity><out_Quantity.quantity>349.206734</out_Quantity.quantity></Point><Point><position>4770</position><in_Quantity.quantity>0.000000</in_Quantity.quantity><out_Quantity.quantity>655.366119</out_Quantity.quantity></Point><Point><position>4771</position><in_Quantity.quantity>0.000000</in_Quantity.quantity><out_Quantity.quantity>17.726415</out_Quantity.quantity></Point><Point><position>4772</position><in_Quantity.quantity>0.000000</in_Quantity.quantity><out_Quantity.quantity>500.562090</out_Quantity.quantity></Point><Point><position>4773</position><in_Quantity.quantity>0.000000</in_Quantity.quantity><out_Quantity.quantity>1.043110</out_Quantity.quantity></Point><Point><position>4774</position><in_Quantity.quantity>0.000000</in_Quantity.quantity><out_Quantity.quantity>402.291553</out_Quantity.quantity></Point><Point><position>4775</position><in_Quantity.quantity>0.000000</in_Quantity.quantity><out_Quantity.quantity>652.510906</out_Quantity.quantity></Point><Point><position>4776</position><in_Quantity.quantity>0.000000</in_Quantity.quantity><out_Quantity.quantity>580.419803</out_Quantity.quantity></Point><Point><position>4777</position><in_Quantity.quantity>0.000000</in_Quantity.quantity><out_Quantity.quantity>13.536444</out_Quantity.quantity></Point><Point><position>4778</position><in_Quantity.quantity>0.000000</in_Quantity.quantity><out_Quantity.quantity>488.643835</out_Quantity.quantity></Point><Point><position>4779</position><in_Quantity.quantity>0.000000</in_Quantity.quantity><out_Quantity.quantity>501.232640</out_Quantity.quantity></Point><Point><position>4780</position><in_Quantity.quantity>0.000000</in_Quantity.quantity><out_Quantity.quantity>329.163994</out_Quantity.quantity></Point><Point><position>4781</position><in_Quantity.quantity>0.000000</in_Quantity.quantity><out_Quantity.quantity>190.902343</out_Quantity.quantity></Point><Point><position>4782</position><in_Quantity.quantity>0.000000</in_Quantity.quantity><out_Quantity.quantity>922.838315</out_Quantity.quantity></Point><Point><position>4783</position><in_Quantity.quantity>0.000000</in_Quantity.quantity><out_Quantity.quantity>522.689062</out_Quantity.quantity></Point><Point><position>4784</position><in_Quantity.quantity>0.000000</in_Quantity.quantity><out_Quantity.quantity>804.451182</out_Quantity.quantity></Point><Point><position>4785</position><in_Quantity.quantity>0.000000</in_Quantity.quantity><out_Quantity.quantity>976.429159</out_Quantity.quantity></Point><Point><position>4786</position><in_Quantity.quantity>0.000000</in_Quantity.quantity><out_Quantity.quantity>932.208180</out_Quantity.quantity></Point><Point><position>4787</position><in_Quantity.quantity>0.000000</in_Quantity.quantity><out_Quantity.quantity>623.639125</out_Quantity.quantity></Point><Point><position>4788</position><in_Quantity.quantity>0.000000</in_Quantity.quantity><out_Quantity.quantity>115.154146</out_Quantity.quantity></Point><Point><position>4789</position><in_Quantity.quantity>0.000000</in_Quantity.quantity><out_Quantity.quantity>939.668495</out_Quantity.quantity></Point><Point><position>4790</position><in_Quantity.quantity>0.000000</in_Quantity.quantity><out_Quantity.quantity>23.793340</out_Quantity.quantity></Point><Point><position>4791</position><in_Quantity.quantity>0.000000</in_Quantity.quantity><out_Quantity.quantity>885.904298</out_Quantity.quantity></Point><Point><position>4792</position><in_Quantity.quantity>0.000000</in_Quantity.quantity><out_Quantity.quantity>908.052171</out_Quantity.quantity></Point><Point><position>4793</position><in_Quantity.quantity>0.000000</in_Quantity.quantity><out_Quantity.quantity>122.080898</out_Quantity.quantity></Point><Point><position>4794</position><in_Quantity.quantity>0.000000</in_Quantity.quantity><out_Quantity.quantity>403.420838</out_Quantity.quantity></Point><Point><position>4795</position><in_Quantity.quantity>0.000000</in_Quantity.quantity><out_Quantity.quantity>885.613614</out_Quantity.quantity></Point><Point><position>4796</position><in_Quantity.quantity>0.000000</in_Quantity.quantity><out_Quantity.quantity>900.246899</out_Quantity.quantity></Point><Point><position>4797</position><in_Quantity.quantity>0.000000</in_Quantity.quantity><out_Quantity.quantity>623.841047</out_Quantity.quantity></Point><Point><position>4798</position><in_Quantity.quantity>0.000000</in_Quantity.quantity><out_Quantity.quantity>95.194160</out_Quantity.quantity></Point><Point><position>4799</position><in_Quantity.quantity>0.000000</in_Quantity.quantity><out_Quantity.quantity>436.469564</out_Quantity.quantity></Point><Point><position>4800</position><in_Quantity.quantity>0.000000</in_Quantity.quantity><out_Quantity.quantity>762.549740</out_Quantity.quantity></Point><Point><position>4801</position><in_Quantity.quantity>0.000000</in_Quantity.quantity><out_Quantity.quantity>413.994802</out_Quantity.quantity></Point><Point><position>4802</position><in_Quantity.quantity>0.000000</in_Quantity.quantity><out_Quantity.quantity>561.434985</out_Quantity.quantity></Point><Point><position>4803</position><in_Quantity.quantity>0.000000</in_Quantity.quantity><out_Quantity.quantity>336.686740</out_Quantity.quantity></Point><Point><position>4804</position><in_Quantity.quantity>0.000000</in_Quantity.quantity><out_Quantity.quantity>578.703736</out_Quantity.quantity></Point><Point><position>4805</position><in_Quantity.quantity>0.000000</in_Quantity.quantity><out_Quantity.quantity>202.645060</out_Quantity.quantity></Point><Point><position>4806</position><in_Quantity.quantity>0.000000</in_Quantity.quantity><out_Quantity.quantity>649.703706</out_Quantity.quantity></Point><Point><position>4807</position><in_Quantity.quantity>0.000000</in_Quantity.quantity><out_Quantity.quantity>798.809125</out_Quantity.quantity></Point><Point><position>4808</position><in_Quantity.quantity>0.000000</in_Quantity.quantity><out_Quantity.quantity>737.263983</out_Quantity.quantity></Point><Point><position>4809</position><in_Quantity.quantity>0.000000</in_Quantity.quantity><out_Quantity.quantity>974.635045</out_Quantity.quantity></Point><Point><position>4810</position><in_Quantity.quantity>0.000000</in_Quantity.quantity><out_Quantity.quantity>624.923175</out_Quantity.quantity></Point><Point><position>4811</position><in_Quantity.quantity>0.000000</in_Quantity.quantity><out_Quantity.quantity>87.628449</out_Quantity.quantity></Point><Point><position>4812</position><in_Quantity.quantity>0.000000</in_Quantity.quantity><out_Quantity.quantity>750.790522</out_Quantity.quantity></Point><Point><position>4813</position><in_Quantity.quantity>0.000000</in_Quantity.quantity><out_Quantity.quantity>536.463409</out_Quantity.quantity></Point><Point><position>4814</position><in_Quantity.quantity>0.000000</in_Quantity.quantity><out_Quantity.quantity>14.994359</out_Quantity.quantity></Point><Point><position>4815</position><in_Quantity.quantity>0.000000</in_Quantity.quantity><out_Quantity.quantity>567.296186</out_Quantity.quantity></Point><Point><position>4816</position><in_Quantity.quantity>0.000000</in_Quantity.quantity><out_Quantity.quantity>717.992267</out_Quantity.quantity></Point><Point><position>4817</position><in_Quantity.quantity>0.000000</in_Quantity.quantity><out_Quantity.quantity>111.173056</out_Quantity.quantity></Point><Point><position>4818</position><in_Quantity.quantity>0.000000</in_Quantity.quantity><out_Quantity.quantity>267.999148</out_Quantity.quantity></Point><Point><position>4819</position><in_Quantity.quantity>0.000000</in_Quantity.quantity><out_Quantity.quantity>702.957008</out_Quantity.quantity></Point><Point><position>4820</position><in_Quantity.quantity>0.000000</in_Quantity.quantity><out_Quantity.quantity>415.829910</out_Quantity.quantity></Point><Point><position>4821</position><in_Quantity.quantity>0.000000</in_Quantity.quantity><out_Quantity.quantity>108.034299</out_Quantity.quantity></Point><Point><position>4822</position><in_Quantity.quantity>0.000000</in_Quantity.quantity><out_Quantity.quantity>932.509706</out_Quantity.quantity></Point><Point><position>4823</position><in_Quantity.quantity>0.000000</in_Quantity.quantity><out_Quantity.quantity>150.633386</out_Quantity.quantity></Point><Point><position>4824</position><in_Quantity.quantity>0.000000</in_Quantity.quantity><out_Quantity.quantity>361.346261</out_Quantity.quantity></Point><Point><position>4825</position><in_Quantity.quantity>0.000000</in_Quantity.quantity><out_Quantity.quantity>994.414574</out_Quantity.quantity></Point><Point><position>4826</position><in_Quantity.quantity>0.000000</in_Quantity.quantity><out_Quantity.quantity>325.569448</out_Quantity.quantity></Point><Point><position>4827</position><in_Quantity.quantity>0.000000</in_Quantity.quantity><out_Quantity.quantity>368.193082</out_Quantity.quantity></Point><Point><position>4828</position><in_Quantity.quantity>0.000000</in_Quantity.quantity><out_Quantity.quantity>850.612611</out_Quantity.quantity></Point><Point><position>4829</position><in_Quantity.quantity>0.000000</in_Quantity.quantity><out_Quantity.quantity>716.893260</out_Quantity.quantity></Point><Point><position>4830</position><in_Quantity.quantity>0.000000</in_Quantity.quantity><out_Quantity.quantity>732.990640</out_Quantity.quantity></Point><Point><position>4831</position><in_Quantity.quantity>0.000000</in_Quantity.quantity><out_Quantity.quantity>294.005152</out_Quantity.quantity></Point><Point><position>4832</position><in_Quantity.quantity>0.000000</in_Quantity.quantity><out_Quantity.quantity>711.477468</out_Quantity.quantity></Point><Point><position>4833</position><in_Quantity.quantity>0.000000</in_Quantity.quantity><out_Quantity.quantity>723.733256</out_Quantity.quantity></Point><Point><position>4834</position><in_Quantity.quantity>0.000000</in_Quantity.quantity><out_Quantity.quantity>84.418581</out_Quantity.quantity></Point><Point><position>4835</position><in_Quantity.quantity>0.000000</in_Quantity.quantity><out_Quantity.quantity>443.722833</out_Quantity.quantity></Point><Point><position>4836</position><in_Quantity.quantity>0.000000</in_Quantity.quantity><out_Quantity.quantity>127.515034</out_Quantity.quantity></Point><Point><position>4837</position><in_Quantity.quantity>0.000000</in_Quantity.quantity><out_Quantity.quantity>766.474285</out_Quantity.quantity></Point><Point><position>4838</position><in_Quantity.quantity>0.000000</in_Quantity.quantity><out_Quantity.quantity>843.923300</out_Quantity.quantity></Point><Point><position>4839</position><in_Quantity.quantity>0.000000</in_Quantity.quantity><out_Quantity.quantity>262.801472</out_Quantity.quantity></Point><Point><position>4840</position><in_Quantity.quantity>0.000000</in_Quantity.quantity><out_Quantity.quantity>836.479809</out_Quantity.quantity></Point><Point><position>4841</position><in_Quantity.quantity>0.000000</in_Quantity.quantity><out_Quantity.quantity>553.841307</out_Quantity.quantity></Point><Point><position>4842</position><in_Quantity.quantity>0.000000</in_Quantity.quantity><out_Quantity.quantity>53.502731</out_Quantity.quantity></Point><Point><position>4843</position><in_Quantity.quantity>0.000000</in_Quantity.quantity><out_Quantity.quantity>647.472530</out_Quantity.quantity></Point><Point><position>4844</position><in_Quantity.quantity>0.000000</in_Quantity.quantity><out_Quantity.quantity>666.124313</out_Quantity.quantity></Point><Point><position>4845</position><in_Quantity.quantity>0.000000</in_Quantity.quantity><out_Quantity.quantity>534.911687</out_Quantity.quantity></Point><Point><position>4846</position><in_Quantity.quantity>0.000000</in_Quantity.quantity><out_Quantity.quantity>839.590951</out_Quantity.quantity></Point><Point><position>4847</position><in_Quantity.quantity>0.000000</in_Quantity.quantity><out_Quantity.quantity>96.286739</out_Quantity.quantity></Point><Point><position>4848</position><in_Quantity.quantity>0.000000</in_Quantity.quantity><out_Quantity.quantity>561.304006</out_Quantity.quantity></Point><Point><position>4849</position><in_Quantity.quantity>0.000000</in_Quantity.quantity><out_Quantity.quantity>64.781288</out_Quantity.quantity></Point><Point><position>4850</position><in_Quantity.quantity>0.000000</in_Quantity.quantity><out_Quantity.quantity>338.971311</out_Quantity.quantity></Point><Point><position>4851</position><in_Quantity.quantity>0.000000</in_Quantity.quantity><out_Quantity.quantity>861.121181</out_Quantity.quantity></Point><Point><position>4852</position><in_Quantity.quantity>0.000000</in_Quantity.quantity><out_Quantity.quantity>737.540339</out_Quantity.quantity></Point><Point><position>4853</position><in_Quantity.quantity>0.000000</in_Quantity.quantity><out_Quantity.quantity>604.082995</out_Quantity.quantity></Point><Point><position>4854</position><in_Quantity.quantity>0.000000</in_Quantity.quantity><out_Quantity.quantity>475.515354</out_Quantity.quantity></Point><Point><position>4855</position><in_Quantity.quantity>0.000000</in_Quantity.quantity><out_Quantity.quantity>703.627907</out_Quantity.quantity></Point><Point><position>4856</position><in_Quantity.quantity>0.000000</in_Quantity.quantity><out_Quantity.quantity>146.594895</out_Quantity.quantity></Point><Point><position>4857</position><in_Quantity.quantity>0.000000</in_Quantity.quantity><out_Quantity.quantity>137.090034</out_Quantity.quantity></Point><Point><position>4858</position><in_Quantity.quantity>0.000000</in_Quantity.quantity><out_Quantity.quantity>711.765433</out_Quantity.quantity></Point><Point><position>4859</position><in_Quantity.quantity>0.000000</in_Quantity.quantity><out_Quantity.quantity>143.588635</out_Quantity.quantity></Point><Point><position>4860</position><in_Quantity.quantity>0.000000</in_Quantity.quantity><out_Quantity.quantity>812.602776</out_Quantity.quantity></Point><Point><position>4861</position><in_Quantity.quantity>0.000000</in_Quantity.quantity><out_Quantity.quantity>729.045170</out_Quantity.quantity></Point><Point><position>4862</position><in_Quantity.quantity>0.000000</in_Quantity.quantity><out_Quantity.quantity>931.649978</out_Quantity.quantity></Point><Point><position>4863</position><in_Quantity.quantity>0.000000</in_Quantity.quantity><out_Quantity.quantity>91.298702</out_Quantity.quantity></Point><Point><position>4864</position><in_Quantity.quantity>0.000000</in_Quantity.quantity><out_Quantity.quantity>728.884007</out_Quantity.quantity></Point><Point><position>4865</position><in_Quantity.quantity>0.000000</in_Quantity.quantity><out_Quantity.quantity>924.471964</out_Quantity.quantity></Point><Point><position>4866</position><in_Quantity.quantity>0.000000</in_Quantity.quantity><out_Quantity.quantity>274.645718</out_Quantity.quantity></Point><Point><position>4867</position><in_Quantity.quantity>0.000000</in_Quantity.quantity><out_Quantity.quantity>716.347839</out_Quantity.quantity></Point><Point><position>4868</position><in_Quantity.quantity>0.000000</in_Quantity.quantity><out_Quantity.quantity>964.888832</out_Quantity.quantity></Point><Point><position>4869</position><in_Quantity.quantity>0.000000</in_Quantity.quantity><out_Quantity.quantity>88.875111</out_Quantity.quantity></Point><Point><position>4870</position><in_Quantity.quantity>0.000000</in_Quantity.quantity><out_Quantity.quantity>591.194845</out_Quantity.quantity></Point><Point><position>4871</position><in_Quantity.quantity>0.000000</in_Quantity.quantity><out_Quantity.quantity>681.603068</out_Quantity.quantity></Point><Point><position>4872</position><in_Quantity.quantity>0.000000</in_Quantity.quantity><out_Quantity.quantity>971.903993</out_Quantity.quantity></Point><Point><position>4873</position><in_Quantity.quantity>0.000000</in_Quantity.quantity><out_Quantity.quantity>331.397929</out_Quantity.quantity></Point><Point><position>4874</position><in_Quantity.quantity>0.000000</in_Quantity.quantity><out_Quantity.quantity>989.480639</out_Quantity.quantity></Point><Point><position>4875</position><in_Quantity.quantity>0.000000</in_Quantity.quantity><out_Quantity.quantity>325.784778</out_Quantity.quantity></Point><Point><position>4876</position><in_Quantity.quantity>0.000000</in_Quantity.quantity><out_Quantity.quantity>886.193183</out_Quantity.quantity></Point><Point><position>4877</position><in_Quantity.quantity>0.000000</in_Quantity.quantity><out_Quantity.quantity>502.286375</out_Quantity.quantity></Point><Point><position>4878</position><in_Quantity.quantity>0.000000</in_Quantity.quantity><out_Quantity.quantity>37.784962</out_Quantity.quantity></Point><Point><position>4879</position><in_Quantity.quantity>0.000000</in_Quantity.quantity><out_Quantity.quantity>153.326150</out_Quantity.quantity></Point><Point><position>4880</position><in_Quantity.quantity>0.000000</in_Quantity.quantity><out_Quantity.quantity>640.741856</out_Quantity.quantity></Point><Point><position>4881</position><in_Quantity.quantity>0.000000</in_Quantity.quantity><out_Quantity.quantity>657.676465</out_Quantity.quantity></Point><Point><position>4882</position><in_Quantity.quantity>0.000000</in_Quantity.quantity><out_Quantity.quantity>161.008427</out_Quantity.quantity></Point><Point><position>4883</position><in_Quantity.quantity>0.000000</in_Quantity.quantity><out_Quantity.quantity>493.261936</out_Quantity.quantity></Point><Point><position>4884</position><in_Quantity.quantity>0.000000</in_Quantity.quantity><out_Quantity.quantity>265.785972</out_Quantity.quantity></Point><Point><position>4885</position><in_Quantity.quantity>0.000000</in_Quantity.quantity><out_Quantity.quantity>210.208780</out_Quantity.quantity></Point><Point><position>4886</position><in_Quantity.quantity>0.000000</in_Quantity.quantity><out_Quantity.quantity>725.770754</out_Quantity.quantity></Point><Point><position>4887</position><in_Quantity.quantity>0.000000</in_Quantity.quantity><out_Quantity.quantity>699.186046</out_Quantity.quantity></Point><Point><position>4888</position><in_Quantity.quantity>0.000000</in_Quantity.quantity><out_Quantity.quantity>651.741056</out_Quantity.quantity></Point><Point><position>4889</position><in_Quantity.quantity>0.000000</in_Quantity.quantity><out_Quantity.quantity>716.344804</out_Quantity.quantity></Point><Point><position>4890</position><in_Quantity.quantity>0.000000</in_Quantity.quantity><out_Quantity.quantity>295.247758</out_Quantity.quantity></Point><Point><position>4891</position><in_Quantity.quantity>0.000000</in_Quantity.quantity><out_Quantity.quantity>231.058752</out_Quantity.quantity></Point><Point><position>4892</position><in_Quantity.quantity>0.000000</in_Quantity.quantity><out_Quantity.quantity>718.590438</out_Quantity.quantity></Point><Point><position>4893</position><in_Quantity.quantity>0.000000</in_Quantity.quantity><out_Quantity.quantity>624.312687</out_Quantity.quantity></Point><Point><position>4894</position><in_Quantity.quantity>0.000000</in_Quantity.quantity><out_Quantity.quantity>142.289731</out_Quantity.quantity></Point><Point><position>4895</position><in_Quantity.quantity>0.000000</in_Quantity.quantity><out_Quantity.quantity>633.366443</out_Quantity.quantity></Point><Point><position>4896</position><in_Quantity.quantity>0.000000</in_Quantity.quantity><out_Quantity.quantity>494.757082</out_Quantity.quantity></Point><Point><position>4897</position><in_Quantity.quantity>0.000000</in_Quantity.quantity><out_Quantity.quantity>822.004528</out_Quantity.quantity></Point><Point><position>4898</position><in_Quantity.quantity>0.000000</in_Quantity.quantity><out_Quantity.quantity>562.921863</out_Quantity.quantity></Point><Point><position>4899</position><in_Quantity.quantity>0.000000</in_Quantity.quantity><out_Quantity.quantity>694.083507</out_Quantity.quantity></Point><Point><position>4900</position><in_Quantity.quantity>0.000000</in_Quantity.quantity><out_Quantity.quantity>683.500803</out_Quantity.quantity></Point><Point><position>4901</position><in_Quantity.quantity>0.000000</in_Quantity.quantity><out_Quantity.quantity>294.690924</out_Quantity.quantity></Point><Point><position>4902</position><in_Quantity.quantity>0.000000</in_Quantity.quantity><out_Quantity.quantity>730.967803</out_Quantity.quantity></Point><Point><position>4903</position><in_Quantity.quantity>0.000000</in_Quantity.quantity><out_Quantity.quantity>218.427872</out_Quantity.quantity></Point><Point><position>4904</position><in_Quantity.quantity>0.000000</in_Quantity.quantity><out_Quantity.quantity>368.859051</out_Quantity.quantity></Point><Point><position>4905</position><in_Quantity.quantity>0.000000</in_Quantity.quantity><out_Quantity.quantity>579.434734</out_Quantity.quantity></Point><Point><position>4906</position><in_Quantity.quantity>0.000000</in_Quantity.quantity><out_Quantity.quantity>842.637455</out_Quantity.quantity></Point><Point><position>4907</position><in_Quantity.quantity>0.000000</in_Quantity.quantity><out_Quantity.quantity>942.233792</out_Quantity.quantity></Point><Point><position>4908</position><in_Quantity.quantity>0.000000</in_Quantity.quantity><out_Quantity.quantity>868.590020</out_Quantity.quantity></Point><Point><position>4909</position><in_Quantity.quantity>0.000000</in_Quantity.quantity><out_Quantity.quantity>25.338911</out_Quantity.quantity></Point><Point><position>4910</position><in_Quantity.quantity>0.000000</in_Quantity.quantity><out_Quantity.quantity>185.925680</out_Quantity.quantity></Point><Point><position>4911</position><in_Quantity.quantity>0.000000</in_Quantity.quantity><out_Quantity.quantity>915.255958</out_Quantity.quantity></Point><Point><position>4912</position><in_Quantity.quantity>0.000000</in_Quantity.quantity><out_Quantity.quantity>949.655170</out_Quantity.quantity></Point><Point><position>4913</position><in_Quantity.quantity>0.000000</in_Quantity.quantity><out_Quantity.quantity>482.267928</out_Quantity.quantity></Point><Point><position>4914</position><in_Quantity.quantity>0.000000</in_Quantity.quantity><out_Quantity.quantity>196.400972</out_Quantity.quantity></Point><Point><position>4915</position><in_Quantity.quantity>0.000000</in_Quantity.quantity><out_Quantity.quantity>99.744818</out_Quantity.quantity></Point><Point><position>4916</position><in_Quantity.quantity>0.000000</in_Quantity.quantity><out_Quantity.quantity>479.443494</out_Quantity.quantity></Point><Point><position>4917</position><in_Quantity.quantity>0.000000</in_Quantity.quantity><out_Quantity.quantity>919.764230</out_Quantity.quantity></Point><Point><position>4918</position><in_Quantity.quantity>0.000000</in_Quantity.quantity><out_Quantity.quantity>215.444220</out_Quantity.quantity></Point><Point><position>4919</position><in_Quantity.quantity>0.000000</in_Quantity.quantity><out_Quantity.quantity>910.514064</out_Quantity.quantity></Point><Point><position>4920</position><in_Quantity.quantity>0.000000</in_Quantity.quantity><out_Quantity.quantity>135.249470</out_Quantity.quantity></Point><Point><position>4921</position><in_Quantity.quantity>0.000000</in_Quantity.quantity><out_Quantity.quantity>541.657898</out_Quantity.quantity></Point><Point><position>4922</position><in_Quantity.quantity>0.000000</in_Quantity.quantity><out_Quantity.quantity>345.461292</out_Quantity.quantity></Point><Point><position>4923</position><in_Quantity.quantity>0.000000</in_Quantity.quantity><out_Quantity.quantity>163.136494</out_Quantity.quantity></Point><Point><position>4924</position><in_Quantity.quantity>0.000000</in_Quantity.quantity><out_Quantity.quantity>606.114809</out_Quantity.quantity></Point><Point><position>4925</position><in_Quantity.quantity>0.000000</in_Quantity.quantity><out_Quantity.quantity>318.789313</out_Quantity.quantity></Point><Point><position>4926</position><in_Quantity.quantity>0.000000</in_Quantity.quantity><out_Quantity.quantity>203.945632</out_Quantity.quantity></Point><Point><position>4927</position><in_Quantity.quantity>0.000000</in_Quantity.quantity><out_Quantity.quantity>127.468814</out_Quantity.quantity></Point><Point><position>4928</position><in_Quantity.quantity>0.000000</in_Quantity.quantity><out_Quantity.quantity>427.703222</out_Quantity.quantity></Point><Point><position>4929</position><in_Quantity.quantity>0.000000</in_Quantity.quantity><out_Quantity.quantity>772.092809</out_Quantity.quantity></Point><Point><position>4930</position><in_Quantity.quantity>0.000000</in_Quantity.quantity><out_Quantity.quantity>934.542813</out_Quantity.quantity></Point><Point><position>4931</position><in_Quantity.quantity>0.000000</in_Quantity.quantity><out_Quantity.quantity>492.844795</out_Quantity.quantity></Point><Point><position>4932</position><in_Quantity.quantity>0.000000</in_Quantity.quantity><out_Quantity.quantity>617.153510</out_Quantity.quantity></Point><Point><position>4933</position><in_Quantity.quantity>0.000000</in_Quantity.quantity><out_Quantity.quantity>646.451393</out_Quantity.quantity></Point><Point><position>4934</position><in_Quantity.quantity>0.000000</in_Quantity.quantity><out_Quantity.quantity>564.612472</out_Quantity.quantity></Point><Point><position>4935</position><in_Quantity.quantity>0.000000</in_Quantity.quantity><out_Quantity.quantity>884.676689</out_Quantity.quantity></Point><Point><position>4936</position><in_Quantity.quantity>0.000000</in_Quantity.quantity><out_Quantity.quantity>967.660629</out_Quantity.quantity></Point><Point><position>4937</position><in_Quantity.quantity>0.000000</in_Quantity.quantity><out_Quantity.quantity>775.153078</out_Quantity.quantity></Point><Point><position>4938</position><in_Quantity.quantity>0.000000</in_Quantity.quantity><out_Quantity.quantity>625.445807</out_Quantity.quantity></Point><Point><position>4939</position><in_Quantity.quantity>0.000000</in_Quantity.quantity><out_Quantity.quantity>133.972713</out_Quantity.quantity></Point><Point><position>4940</position><in_Quantity.quantity>0.000000</in_Quantity.quantity><out_Quantity.quantity>599.779707</out_Quantity.quantity></Point><Point><position>4941</position><in_Quantity.quantity>0.000000</in_Quantity.quantity><out_Quantity.quantity>197.654979</out_Quantity.quantity></Point><Point><position>4942</position><in_Quantity.quantity>0.000000</in_Quantity.quantity><out_Quantity.quantity>244.094529</out_Quantity.quantity></Point><Point><position>4943</position><in_Quantity.quantity>0.000000</in_Quantity.quantity><out_Quantity.quantity>976.030492</out_Quantity.quantity></Point><Point><position>4944</position><in_Quantity.quantity>0.000000</in_Quantity.quantity><out_Quantity.quantity>971.447489</out_Quantity.quantity></Point><Point><position>4945</position><in_Quantity.quantity>0.000000</in_Quantity.quantity><out_Quantity.quantity>575.258537</out_Quantity.quantity></Point><Point><position>4946</position><in_Quantity.quantity>0.000000</in_Quantity.quantity><out_Quantity.quantity>688.633223</out_Quantity.quantity></Point><Point><position>4947</position><in_Quantity.quantity>0.000000</in_Quantity.quantity><out_Quantity.quantity>545.608433</out_Quantity.quantity></Point><Point><position>4948</position><in_Quantity.quantity>0.000000</in_Quantity.quantity><out_Quantity.quantity>372.577502</out_Quantity.quantity></Point><Point><position>4949</position><in_Quantity.quantity>0.000000</in_Quantity.quantity><out_Quantity.quantity>310.570457</out_Quantity.quantity></Point><Point><position>4950</position><in_Quantity.quantity>0.000000</in_Quantity.quantity><out_Quantity.quantity>766.853766</out_Quantity.quantity></Point><Point><position>4951</position><in_Quantity.quantity>0.000000</in_Quantity.quantity><out_Quantity.quantity>780.173915</out_Quantity.quantity></Point><Point><position>4952</position><in_Quantity.quantity>0.000000</in_Quantity.quantity><out_Quantity.quantity>783.159761</out_Quantity.quantity></Point><Point><position>4953</position><in_Quantity.quantity>0.000000</in_Quantity.quantity><out_Quantity.quantity>771.727020</out_Quantity.quantity></Point><Point><position>4954</position><in_Quantity.quantity>0.000000</in_Quantity.quantity><out_Quantity.quantity>249.555980</out_Quantity.quantity></Point><Point><position>4955</position><in_Quantity.quantity>0.000000</in_Quantity.quantity><out_Quantity.quantity>113.652738</out_Quantity.quantity></Point><Point><position>4956</position><in_Quantity.quantity>0.000000</in_Quantity.quantity><out_Quantity.quantity>985.443477</out_Quantity.quantity></Point><Point><position>4957</position><in_Quantity.quantity>0.000000</in_Quantity.quantity><out_Quantity.quantity>780.110624</out_Quantity.quantity></Point><Point><position>4958</position><in_Quantity.quantity>0.000000</in_Quantity.quantity><out_Quantity.quantity>192.822213</out_Quantity.quantity></Point><Point><position>4959</position><in_Quantity.quantity>0.000000</in_Quantity.quantity><out_Quantity.quantity>461.936339</out_Quantity.quantity></Point><Point><position>4960</position><in_Quantity.quantity>0.000000</in_Quantity.quantity><out_Quantity.quantity>41.859292</out_Quantity.quantity></Point><Point><position>4961</position><in_Quantity.quantity>0.000000</in_Quantity.quantity><out_Quantity.quantity>173.929442</out_Quantity.quantity></Point><Point><position>4962</position><in_Quantity.quantity>0.000000</in_Quantity.quantity><out_Quantity.quantity>872.781991</out_Quantity.quantity></Point><Point><position>4963</position><in_Quantity.quantity>0.000000</in_Quantity.quantity><out_Quantity.quantity>441.946176</out_Quantity.quantity></Point><Point><position>4964</position><in_Quantity.quantity>0.000000</in_Quantity.quantity><out_Quantity.quantity>64.643287</out_Quantity.quantity></Point><Point><position>4965</position><in_Quantity.quantity>0.000000</in_Quantity.quantity><out_Quantity.quantity>673.920013</out_Quantity.quantity></Point><Point><position>4966</position><in_Quantity.quantity>0.000000</in_Quantity.quantity><out_Quantity.quantity>258.721896</out_Quantity.quantity></Point><Point><position>4967</position><in_Quantity.quantity>0.000000</in_Quantity.quantity><out_Quantity.quantity>793.530268</out_Quantity.quantity></Point><Point><position>4968</position><in_Quantity.quantity>0.000000</in_Quantity.quantity><out_Quantity.quantity>243.226449</out_Quantity.quantity></Point><Point><position>4969</position><in_Quantity.quantity>0.000000</in_Quantity.quantity><out_Quantity.quantity>119.603921</out_Quantity.quantity></Point><Point><position>4970</position><in_Quantity.quantity>0.000000</in_Quantity.quantity><out_Quantity.quantity>278.065982</out_Quantity.quantity></Point><Point><position>4971</position><in_Quantity.quantity>0.000000</in_Quantity.quantity><out_Quantity.quantity>300.767766</out_Quantity.quantity></Point><Point><position>4972</position><in_Quantity.quantity>0.000000</in_Quantity.quantity><out_Quantity.quantity>423.708756</out_Quantity.quantity></Point><Point><position>4973</position><in_Quantity.quantity>0.000000</in_Quantity.quantity><out_Quantity.quantity>411.607411</out_Quantity.quantity></Point><Point><position>4974</position><in_Quantity.quantity>0.000000</in_Quantity.quantity><out_Quantity.quantity>177.317603</out_Quantity.quantity></Point><Point><position>4975</position><in_Quantity.quantity>0.000000</in_Quantity.quantity><out_Quantity.quantity>587.000858</out_Quantity.quantity></Point><Point><position>4976</position><in_Quantity.quantity>0.000000</in_Quantity.quantity><out_Quantity.quantity>134.461879</out_Quantity.quantity></Point><Point><position>4977</position><in_Quantity.quantity>0.000000</in_Quantity.quantity><out_Quantity.quantity>285.015440</out_Quantity.quantity></Point><Point><position>4978</position><in_Quantity.quantity>0.000000</in_Quantity.quantity><out_Quantity.quantity>391.820935</out_Quantity.quantity></Point><Point><position>4979</position><in_Quantity.quantity>0.000000</in_Quantity.quantity><out_Quantity.quantity>928.626852</out_Quantity.quantity></Point><Point><position>4980</position><in_Quantity.quantity>0.000000</in_Quantity.quantity><out_Quantity.quantity>16.296897</out_Quantity.quantity></Point><Point><position>4981</position><in_Quantity.quantity>0.000000</in_Quantity.quantity><out_Quantity.quantity>719.438783</out_Quantity.quantity></Point><Point><position>4982</position><in_Quantity.quantity>0.000000</in_Quantity.quantity><out_Quantity.quantity>681.987414</out_Quantity.quantity></Point><Point><position>4983</position><in_Quantity.quantity>0.000000</in_Quantity.quantity><out_Quantity.quantity>876.523518</out_Quantity.quantity></Point><Point><position>4984</position><in_Quantity.quantity>0.000000</in_Quantity.quantity><out_Quantity.quantity>231.953698</out_Quantity.quantity></Point><Point><position>4985</position><in_Quantity.quantity>0.000000</in_Quantity.quantity><out_Quantity.quantity>210.392315</out_Quantity.quantity></Point><Point><position>4986</position><in_Quantity.quantity>0.000000</in_Quantity.quantity><out_Quantity.quantity>526.253144</out_Quantity.quantity></Point><Point><position>4987</position><in_Quantity.quantity>0.000000</in_Quantity.quantity><out_Quantity.quantity>652.584771</out_Quantity.quantity></Point><Point><position>4988</position><in_Quantity.quantity>0.000000</in_Quantity.quantity><out_Quantity.quantity>753.634824</out_Quantity.quantity></Point><Point><position>4989</position><in_Quantity.quantity>0.000000</in_Quantity.quantity><out_Quantity.quantity>435.804729</out_Quantity.quantity></Point><Point><position>4990</position><in_Quantity.quantity>0.000000</in_Quantity.quantity><out_Quantity.quantity>444.995243</out_Quantity.quantity></Point><Point><position>4991</position><in_Quantity.quantity>0.000000</in_Quantity.quantity><out_Quantity.quantity>359.498085</out_Quantity.quantity></Point><Point><position>4992</position><in_Quantity.quantity>0.000000</in_Quantity.quantity><out_Quantity.quantity>140.965124</out_Quantity.quantity></Point><Point><position>4993</position><in_Quantity.quantity>0.000000</in_Quantity.quantity><out_Quantity.quantity>207.373485</out_Quantity.quantity></Point><Point><position>4994</position><in_Quantity.quantity>0.000000</in_Quantity.quantity><out_Quantity.quantity>82.130195</out_Quantity.quantity></Point><Point><position>4995</position><in_Quantity.quantity>0.000000</in_Quantity.quantity><out_Quantity.quantity>306.327325</out_Quantity.quantity></Point><Point><position>4996</position><in_Quantity.quantity>0.000000</in_Quantity.quantity><out_Quantity.quantity>368.811550</out_Quantity.quantity></Point><Point><position>4997</position><in_Quantity.quantity>0.000000</in_Quantity.quantity><out_Quantity.quantity>639.955522</out_Quantity.quantity></Point><Point><position>4998</position><in_Quantity.quantity>0.000000</in_Quantity.quantity><out_Quantity.quantity>591.168235</out_Quantity.quantity></Point><Point><position>4999</position><in_Quantity.quantity>0.000000</in_Quantity.quantity><out_Quantity.quantity>924.289772</out_Quantity.quantity></Point><Point><position>5000</position><in_Quantity.quantity>0.000000</in_Quantity.quantity><out_Quantity.quantity>698.247942</out_Quantity.quantity></Point><Point><position>5001</position><in_Quantity.quantity>0.000000</in_Quantity.quantity><out_Quantity.quantity>19.709032</out_Quantity.quantity></Point><Point><position>5002</position><in_Quantity.quantity>0.000000</in_Quantity.quantity><out_Quantity.quantity>914.106087</out_Quantity.quantity></Point><Point><position>5003</position><in_Quantity.quantity>0.000000</in_Quantity.quantity><out_Quantity.quantity>558.813761</out_Quantity.quantity></Point><Point><position>5004</position><in_Quantity.quantity>0.000000</in_Quantity.quantity><out_Quantity.quantity>713.276780</out_Quantity.quantity></Point><Point><position>5005</position><in_Quantity.quantity>0.000000</in_Quantity.quantity><out_Quantity.quantity>614.781323</out_Quantity.quantity></Point><Point><position>5006</position><in_Quantity.quantity>0.000000</in_Quantity.quantity><out_Quantity.quantity>96.043450</out_Quantity.quantity></Point><Point><position>5007</position><in_Quantity.quantity>0.000000</in_Quantity.quantity><out_Quantity.quantity>832.242496</out_Quantity.quantity></Point><Point><position>5008</position><in_Quantity.quantity>0.000000</in_Quantity.quantity><out_Quantity.quantity>567.048280</out_Quantity.quantity></Point><Point><position>5009</position><in_Quantity.quantity>0.000000</in_Quantity.quantity><out_Quantity.quantity>225.058116</out_Quantity.quantity></Point><Point><position>5010</position><in_Quantity.quantity>0.000000</in_Quantity.quantity><out_Quantity.quantity>266.678813</out_Quantity.quantity></Point><Point><position>5011</position><in_Quantity.quantity>0.000000</in_Quantity.quantity><out_Quantity.quantity>136.753000</out_Quantity.quantity></Point><Point><position>5012</position><in_Quantity.quantity>0.000000</in_Quantity.quantity><out_Quantity.quantity>168.445801</out_Quantity.quantity></Point><Point><position>5013</position><in_Quantity.quantity>0.000000</in_Quantity.quantity><out_Quantity.quantity>279.689793</out_Quantity.quantity></Point><Point><position>5014</position><in_Quantity.quantity>0.000000</in_Quantity.quantity><out_Quantity.quantity>546.947422</out_Quantity.quantity></Point><Point><position>5015</position><in_Quantity.quantity>0.000000</in_Quantity.quantity><out_Quantity.quantity>516.346827</out_Quantity.quantity></Point><Point><position>5016</position><in_Quantity.quantity>0.000000</in_Quantity.quantity><out_Quantity.quantity>648.668416</out_Quantity.quantity></Point><Point><position>5017</position><in_Quantity.quantity>0.000000</in_Quantity.quantity><out_Quantity.quantity>910.297637</out_Quantity.quantity></Point><Point><position>5018</position><in_Quantity.quantity>0.000000</in_Quantity.quantity><out_Quantity.quantity>952.419964</out_Quantity.quantity></Point><Point><position>5019</position><in_Quantity.quantity>0.000000</in_Quantity.quantity><out_Quantity.quantity>325.312296</out_Quantity.quantity></Point><Point><position>5020</position><in_Quantity.quantity>0.000000</in_Quantity.quantity><out_Quantity.quantity>154.453523</out_Quantity.quantity></Point><Point><position>5021</position><in_Quantity.quantity>0.000000</in_Quantity.quantity><out_Quantity.quantity>785.463891</out_Quantity.quantity></Point><Point><position>5022</position><in_Quantity.quantity>0.000000</in_Quantity.quantity><out_Quantity.quantity>866.400764</out_Quantity.quantity></Point><Point><position>5023</position><in_Quantity.quantity>0.000000</in_Quantity.quantity><out_Quantity.quantity>31.461136</out_Quantity.quantity></Point><Point><position>5024</position><in_Quantity.quantity>0.000000</in_Quantity.quantity><out_Quantity.quantity>886.436629</out_Quantity.quantity></Point><Point><position>5025</position><in_Quantity.quantity>0.000000</in_Quantity.quantity><out_Quantity.quantity>768.278944</out_Quantity.quantity></Point><Point><position>5026</position><in_Quantity.quantity>0.000000</in_Quantity.quantity><out_Quantity.quantity>121.257370</out_Quantity.quantity></Point><Point><position>5027</position><in_Quantity.quantity>0.000000</in_Quantity.quantity><out_Quantity.quantity>234.423124</out_Quantity.quantity></Point><Point><position>5028</position><in_Quantity.quantity>0.000000</in_Quantity.quantity><out_Quantity.quantity>837.336746</out_Quantity.quantity></Point><Point><position>5029</position><in_Quantity.quantity>0.000000</in_Quantity.quantity><out_Quantity.quantity>642.522289</out_Quantity.quantity></Point><Point><position>5030</position><in_Quantity.quantity>0.000000</in_Quantity.quantity><out_Quantity.quantity>397.681795</out_Quantity.quantity></Point><Point><position>5031</position><in_Quantity.quantity>0.000000</in_Quantity.quantity><out_Quantity.quantity>110.306993</out_Quantity.quantity></Point><Point><position>5032</position><in_Quantity.quantity>0.000000</in_Quantity.quantity><out_Quantity.quantity>619.083733</out_Quantity.quantity></Point><Point><position>5033</position><in_Quantity.quantity>0.000000</in_Quantity.quantity><out_Quantity.quantity>616.466650</out_Quantity.quantity></Point><Point><position>5034</position><in_Quantity.quantity>0.000000</in_Quantity.quantity><out_Quantity.quantity>349.415747</out_Quantity.quantity></Point><Point><position>5035</position><in_Quantity.quantity>0.000000</in_Quantity.quantity><out_Quantity.quantity>622.427175</out_Quantity.quantity></Point><Point><position>5036</position><in_Quantity.quantity>0.000000</in_Quantity.quantity><out_Quantity.quantity>299.709129</out_Quantity.quantity></Point><Point><position>5037</position><in_Quantity.quantity>0.000000</in_Quantity.quantity><out_Quantity.quantity>339.905861</out_Quantity.quantity></Point><Point><position>5038</position><in_Quantity.quantity>0.000000</in_Quantity.quantity><out_Quantity.quantity>324.396037</out_Quantity.quantity></Point><Point><position>5039</position><in_Quantity.quantity>0.000000</in_Quantity.quantity><out_Quantity.quantity>730.412078</out_Quantity.quantity></Point><Point><position>5040</position><in_Quantity.quantity>0.000000</in_Quantity.quantity><out_Quantity.quantity>734.100881</out_Quantity.quantity></Point><Point><position>5041</position><in_Quantity.quantity>0.000000</in_Quantity.quantity><out_Quantity.quantity>689.202575</out_Quantity.quantity></Point><Point><position>5042</position><in_Quantity.quantity>0.000000</in_Quantity.quantity><out_Quantity.quantity>558.054016</out_Quantity.quantity></Point><Point><position>5043</position><in_Quantity.quantity>0.000000</in_Quantity.quantity><out_Quantity.quantity>964.391503</out_Quantity.quantity></Point><Point><position>5044</position><in_Quantity.quantity>0.000000</in_Quantity.quantity><out_Quantity.quantity>307.008673</out_Quantity.quantity></Point><Point><position>5045</position><in_Quantity.quantity>0.000000</in_Quantity.quantity><out_Quantity.quantity>723.312079</out_Quantity.quantity></Point><Point><position>5046</position><in_Quantity.quantity>0.000000</in_Quantity.quantity><out_Quantity.quantity>463.304064</out_Quantity.quantity></Point><Point><position>5047</position><in_Quantity.quantity>0.000000</in_Quantity.quantity><out_Quantity.quantity>271.609183</out_Quantity.quantity></Point><Point><position>5048</position><in_Quantity.quantity>0.000000</in_Quantity.quantity><out_Quantity.quantity>206.149276</out_Quantity.quantity></Point><Point><position>5049</position><in_Quantity.quantity>0.000000</in_Quantity.quantity><out_Quantity.quantity>179.053473</out_Quantity.quantity></Point><Point><position>5050</position><in_Quantity.quantity>0.000000</in_Quantity.quantity><out_Quantity.quantity>291.928635</out_Quantity.quantity></Point><Point><position>5051</position><in_Quantity.quantity>0.000000</in_Quantity.quantity><out_Quantity.quantity>522.093576</out_Quantity.quantity></Point><Point><position>5052</position><in_Quantity.quantity>0.000000</in_Quantity.quantity><out_Quantity.quantity>156.544666</out_Quantity.quantity></Point><Point><position>5053</position><in_Quantity.quantity>0.000000</in_Quantity.quantity><out_Quantity.quantity>811.603681</out_Quantity.quantity></Point><Point><position>5054</position><in_Quantity.quantity>0.000000</in_Quantity.quantity><out_Quantity.quantity>177.477750</out_Quantity.quantity></Point><Point><position>5055</position><in_Quantity.quantity>0.000000</in_Quantity.quantity><out_Quantity.quantity>805.001619</out_Quantity.quantity></Point><Point><position>5056</position><in_Quantity.quantity>0.000000</in_Quantity.quantity><out_Quantity.quantity>148.470159</out_Quantity.quantity></Point><Point><position>5057</position><in_Quantity.quantity>0.000000</in_Quantity.quantity><out_Quantity.quantity>85.975764</out_Quantity.quantity></Point><Point><position>5058</position><in_Quantity.quantity>0.000000</in_Quantity.quantity><out_Quantity.quantity>451.129844</out_Quantity.quantity></Point><Point><position>5059</position><in_Quantity.quantity>0.000000</in_Quantity.quantity><out_Quantity.quantity>875.911388</out_Quantity.quantity></Point><Point><position>5060</position><in_Quantity.quantity>0.000000</in_Quantity.quantity><out_Quantity.quantity>131.293174</out_Quantity.quantity></Point><Point><position>5061</position><in_Quantity.quantity>0.000000</in_Quantity.quantity><out_Quantity.quantity>204.670999</out_Quantity.quantity></Point><Point><position>5062</position><in_Quantity.quantity>0.000000</in_Quantity.quantity><out_Quantity.quantity>555.647927</out_Quantity.quantity></Point><Point><position>5063</position><in_Quantity.quantity>0.000000</in_Quantity.quantity><out_Quantity.quantity>198.015215</out_Quantity.quantity></Point><Point><position>5064</position><in_Quantity.quantity>0.000000</in_Quantity.quantity><out_Quantity.quantity>870.621781</out_Quantity.quantity></Point><Point><position>5065</position><in_Quantity.quantity>0.000000</in_Quantity.quantity><out_Quantity.quantity>418.083337</out_Quantity.quantity></Point><Point><position>5066</position><in_Quantity.quantity>0.000000</in_Quantity.quantity><out_Quantity.quantity>483.072822</out_Quantity.quantity></Point><Point><position>5067</position><in_Quantity.quantity>0.000000</in_Quantity.quantity><out_Quantity.quantity>430.459370</out_Quantity.quantity></Point><Point><position>5068</position><in_Quantity.quantity>0.000000</in_Quantity.quantity><out_Quantity.quantity>199.275840</out_Quantity.quantity></Point><Point><position>5069</position><in_Quantity.quantity>0.000000</in_Quantity.quantity><out_Quantity.quantity>975.393749</out_Quantity.quantity></Point><Point><position>5070</position><in_Quantity.quantity>0.000000</in_Quantity.quantity><out_Quantity.quantity>488.536717</out_Quantity.quantity></Point><Point><position>5071</position><in_Quantity.quantity>0.000000</in_Quantity.quantity><out_Quantity.quantity>784.671534</out_Quantity.quantity></Point><Point><position>5072</position><in_Quantity.quantity>0.000000</in_Quantity.quantity><out_Quantity.quantity>400.959348</out_Quantity.quantity></Point><Point><position>5073</position><in_Quantity.quantity>0.000000</in_Quantity.quantity><out_Quantity.quantity>415.453729</out_Quantity.quantity></Point><Point><position>5074</position><in_Quantity.quantity>0.000000</in_Quantity.quantity><out_Quantity.quantity>158.763285</out_Quantity.quantity></Point><Point><position>5075</position><in_Quantity.quantity>0.000000</in_Quantity.quantity><out_Quantity.quantity>170.037008</out_Quantity.quantity></Point><Point><position>5076</position><in_Quantity.quantity>0.000000</in_Quantity.quantity><out_Quantity.quantity>178.923576</out_Quantity.quantity></Point><Point><position>5077</position><in_Quantity.quantity>0.000000</in_Quantity.quantity><out_Quantity.quantity>390.555859</out_Quantity.quantity></Point><Point><position>5078</position><in_Quantity.quantity>0.000000</in_Quantity.quantity><out_Quantity.quantity>609.207477</out_Quantity.quantity></Point><Point><position>5079</position><in_Quantity.quantity>0.000000</in_Quantity.quantity><out_Quantity.quantity>159.304143</out_Quantity.quantity></Point><Point><position>5080</position><in_Quantity.quantity>0.000000</in_Quantity.quantity><out_Quantity.quantity>401.237123</out_Quantity.quantity></Point><Point><position>5081</position><in_Quantity.quantity>0.000000</in_Quantity.quantity><out_Quantity.quantity>731.856857</out_Quantity.quantity></Point><Point><position>5082</position><in_Quantity.quantity>0.000000</in_Quantity.quantity><out_Quantity.quantity>736.987549</out_Quantity.quantity></Point><Point><position>5083</position><in_Quantity.quantity>0.000000</in_Quantity.quantity><out_Quantity.quantity>386.078390</out_Quantity.quantity></Point><Point><position>5084</position><in_Quantity.quantity>0.000000</in_Quantity.quantity><out_Quantity.quantity>585.177356</out_Quantity.quantity></Point><Point><position>5085</position><in_Quantity.quantity>0.000000</in_Quantity.quantity><out_Quantity.quantity>107.693783</out_Quantity.quantity></Point><Point><position>5086</position><in_Quantity.quantity>0.000000</in_Quantity.quantity><out_Quantity.quantity>460.736926</out_Quantity.quantity></Point><Point><position>5087</position><in_Quantity.quantity>0.000000</in_Quantity.quantity><out_Quantity.quantity>49.661107</out_Quantity.quantity></Point><Point><position>5088</position><in_Quantity.quantity>0.000000</in_Quantity.quantity><out_Quantity.quantity>868.040875</out_Quantity.quantity></Point><Point><position>5089</position><in_Quantity.quantity>0.000000</in_Quantity.quantity><out_Quantity.quantity>200.784685</out_Quantity.quantity></Point><Point><position>5090</position><in_Quantity.quantity>0.000000</in_Quantity.quantity><out_Quantity.quantity>447.138554</out_Quantity.quantity></Point><Point><position>5091</position><in_Quantity.quantity>0.000000</in_Quantity.quantity><out_Quantity.quantity>871.398365</out_Quantity.quantity></Point><Point><position>5092</position><in_Quantity.quantity>0.000000</in_Quantity.quantity><out_Quantity.quantity>192.782258</out_Quantity.quantity></Point><Point><position>5093</position><in_Quantity.quantity>0.000000</in_Quantity.quantity><out_Quantity.quantity>537.610183</out_Quantity.quantity></Point><Point><position>5094</position><in_Quantity.quantity>0.000000</in_Quantity.quantity><out_Quantity.quantity>22.089439</out_Quantity.quantity></Point><Point><position>5095</position><in_Quantity.quantity>0.000000</in_Quantity.quantity><out_Quantity.quantity>451.406716</out_Quantity.quantity></Point><Point><position>5096</position><in_Quantity.quantity>0.000000</in_Quantity.quantity><out_Quantity.quantity>827.482036</out_Quantity.quantity></Point><Point><position>5097</position><in_Quantity.quantity>0.000000</in_Quantity.quantity><out_Quantity.quantity>724.083391</out_Quantity.quantity></Point><Point><position>5098</position><in_Quantity.quantity>0.000000</in_Quantity.quantity><out_Quantity.quantity>291.683044</out_Quantity.quantity></Point><Point><position>5099</position><in_Quantity.quantity>0.000000</in_Quantity.quantity><out_Quantity.quantity>234.936014</out_Quantity.quantity></Point><Point><position>5100</position><in_Quantity.quantity>0.000000</in_Quantity.quantity><out_Quantity.quantity>464.714199</out_Quantity.quantity></Point><Point><position>5101</position><in_Quantity.quantity>0.000000</in_Quantity.quantity><out_Quantity.quantity>405.832461</out_Quantity.quantity></Point><Point><position>5102</position><in_Quantity.quantity>0.000000</in_Quantity.quantity><out_Quantity.quantity>531.267718</out_Quantity.quantity></Point><Point><position>5103</position><in_Quantity.quantity>0.000000</in_Quantity.quantity><out_Quantity.quantity>856.752694</out_Quantity.quantity></Point><Point><position>5104</position><in_Quantity.quantity>0.000000</in_Quantity.quantity><out_Quantity.quantity>941.581634</out_Quantity.quantity></Point><Point><position>5105</position><in_Quantity.quantity>0.000000</in_Quantity.quantity><out_Quantity.quantity>579.155233</out_Quantity.quantity></Point><Point><position>5106</position><in_Quantity.quantity>0.000000</in_Quantity.quantity><out_Quantity.quantity>401.977612</out_Quantity.quantity></Point><Point><position>5107</position><in_Quantity.quantity>0.000000</in_Quantity.quantity><out_Quantity.quantity>855.148369</out_Quantity.quantity></Point><Point><position>5108</position><in_Quantity.quantity>0.000000</in_Quantity.quantity><out_Quantity.quantity>942.530831</out_Quantity.quantity></Point><Point><position>5109</position><in_Quantity.quantity>0.000000</in_Quantity.quantity><out_Quantity.quantity>411.507956</out_Quantity.quantity></Point><Point><position>5110</position><in_Quantity.quantity>0.000000</in_Quantity.quantity><out_Quantity.quantity>784.174600</out_Quantity.quantity></Point><Point><position>5111</position><in_Quantity.quantity>0.000000</in_Quantity.quantity><out_Quantity.quantity>528.222216</out_Quantity.quantity></Point><Point><position>5112</position><in_Quantity.quantity>0.000000</in_Quantity.quantity><out_Quantity.quantity>585.602730</out_Quantity.quantity></Point><Point><position>5113</position><in_Quantity.quantity>0.000000</in_Quantity.quantity><out_Quantity.quantity>237.088851</out_Quantity.quantity></Point><Point><position>5114</position><in_Quantity.quantity>0.000000</in_Quantity.quantity><out_Quantity.quantity>138.454332</out_Quantity.quantity></Point><Point><position>5115</position><in_Quantity.quantity>0.000000</in_Quantity.quantity><out_Quantity.quantity>987.333334</out_Quantity.quantity></Point><Point><position>5116</position><in_Quantity.quantity>0.000000</in_Quantity.quantity><out_Quantity.quantity>688.317220</out_Quantity.quantity></Point><Point><position>5117</position><in_Quantity.quantity>0.000000</in_Quantity.quantity><out_Quantity.quantity>519.531702</out_Quantity.quantity></Point><Point><position>5118</position><in_Quantity.quantity>0.000000</in_Quantity.quantity><out_Quantity.quantity>265.398919</out_Quantity.quantity></Point><Point><position>5119</position><in_Quantity.quantity>0.000000</in_Quantity.quantity><out_Quantity.quantity>266.528328</out_Quantity.quantity></Point><Point><position>5120</position><in_Quantity.quantity>0.000000</in_Quantity.quantity><out_Quantity.quantity>424.415371</out_Quantity.quantity></Point><Point><position>5121</position><in_Quantity.quantity>0.000000</in_Quantity.quantity><out_Quantity.quantity>279.673726</out_Quantity.quantity></Point><Point><position>5122</position><in_Quantity.quantity>0.000000</in_Quantity.quantity><out_Quantity.quantity>761.109377</out_Quantity.quantity></Point><Point><position>5123</position><in_Quantity.quantity>0.000000</in_Quantity.quantity><out_Quantity.quantity>924.986130</out_Quantity.quantity></Point><Point><position>5124</position><in_Quantity.quantity>0.000000</in_Quantity.quantity><out_Quantity.quantity>413.338631</out_Quantity.quantity></Point><Point><position>5125</position><in_Quantity.quantity>0.000000</in_Quantity.quantity><out_Quantity.quantity>582.942769</out_Quantity.quantity></Point><Point><position>5126</position><in_Quantity.quantity>0.000000</in_Quantity.quantity><out_Quantity.quantity>585.549187</out_Quantity.quantity></Point><Point><position>5127</position><in_Quantity.quantity>0.000000</in_Quantity.quantity><out_Quantity.quantity>553.370896</out_Quantity.quantity></Point><Point><position>5128</position><in_Quantity.quantity>0.000000</in_Quantity.quantity><out_Quantity.quantity>50.120891</out_Quantity.quantity></Point><Point><position>5129</position><in_Quantity.quantity>0.000000</in_Quantity.quantity><out_Quantity.quantity>187.803695</out_Quantity.quantity></Point><Point><position>5130</position><in_Quantity.quantity>0.000000</in_Quantity.quantity><out_Quantity.quantity>548.396678</out_Quantity.quantity></Point><Point><position>5131</position><in_Quantity.quantity>0.000000</in_Quantity.quantity><out_Quantity.quantity>119.560105</out_Quantity.quantity></Point><Point><position>5132</position><in_Quantity.quantity>0.000000</in_Quantity.quantity><out_Quantity.quantity>399.172629</out_Quantity.quantity></Point><Point><position>5133</position><in_Quantity.quantity>0.000000</in_Quantity.quantity><out_Quantity.quantity>157.989717</out_Quantity.quantity></Point><Point><position>5134</position><in_Quantity.quantity>0.000000</in_Quantity.quantity><out_Quantity.quantity>409.260703</out_Quantity.quantity></Point><Point><position>5135</position><in_Quantity.quantity>0.000000</in_Quantity.quantity><out_Quantity.quantity>490.584812</out_Quantity.quantity></Point><Point><position>5136</position><in_Quantity.quantity>0.000000</in_Quantity.quantity><out_Quantity.quantity>516.865691</out_Quantity.quantity></Point><Point><position>5137</position><in_Quantity.quantity>0.000000</in_Quantity.quantity><out_Quantity.quantity>585.896913</out_Quantity.quantity></Point><Point><position>5138</position><in_Quantity.quantity>0.000000</in_Quantity.quantity><out_Quantity.quantity>910.122477</out_Quantity.quantity></Point><Point><position>5139</position><in_Quantity.quantity>0.000000</in_Quantity.quantity><out_Quantity.quantity>250.579801</out_Quantity.quantity></Point><Point><position>5140</position><in_Quantity.quantity>0.000000</in_Quantity.quantity><out_Quantity.quantity>701.041107</out_Quantity.quantity></Point><Point><position>5141</position><in_Quantity.quantity>0.000000</in_Quantity.quantity><out_Quantity.quantity>988.473021</out_Quantity.quantity></Point><Point><position>5142</position><in_Quantity.quantity>0.000000</in_Quantity.quantity><out_Quantity.quantity>59.749575</out_Quantity.quantity></Point><Point><position>5143</position><in_Quantity.quantity>0.000000</in_Quantity.quantity><out_Quantity.quantity>817.877082</out_Quantity.quantity></Point><Point><position>5144</position><in_Quantity.quantity>0.000000</in_Quantity.quantity><out_Quantity.quantity>553.514980</out_Quantity.quantity></Point><Point><position>5145</position><in_Quantity.quantity>0.000000</in_Quantity.quantity><out_Quantity.quantity>424.751593</out_Quantity.quantity></Point><Point><position>5146</position><in_Quantity.quantity>0.000000</in_Quantity.quantity><out_Quantity.quantity>221.711244</out_Quantity.quantity></Point><Point><position>5147</position><in_Quantity.quantity>0.000000</in_Quantity.quantity><out_Quantity.quantity>332.703086</out_Quantity.quantity></Point><Point><position>5148</position><in_Quantity.quantity>0.000000</in_Quantity.quantity><out_Quantity.quantity>492.348061</out_Quantity.quantity></Point><Point><position>5149</position><in_Quantity.quantity>0.000000</in_Quantity.quantity><out_Quantity.quantity>202.900069</out_Quantity.quantity></Point><Point><position>5150</position><in_Quantity.quantity>0.000000</in_Quantity.quantity><out_Quantity.quantity>175.151174</out_Quantity.quantity></Point><Point><position>5151</position><in_Quantity.quantity>0.000000</in_Quantity.quantity><out_Quantity.quantity>288.382981</out_Quantity.quantity></Point><Point><position>5152</position><in_Quantity.quantity>0.000000</in_Quantity.quantity><out_Quantity.quantity>867.781747</out_Quantity.quantity></Point><Point><position>5153</position><in_Quantity.quantity>0.000000</in_Quantity.quantity><out_Quantity.quantity>193.443290</out_Quantity.quantity></Point><Point><position>5154</position><in_Quantity.quantity>0.000000</in_Quantity.quantity><out_Quantity.quantity>655.581917</out_Quantity.quantity></Point><Point><position>5155</position><in_Quantity.quantity>0.000000</in_Quantity.quantity><out_Quantity.quantity>651.912731</out_Quantity.quantity></Point><Point><position>5156</position><in_Quantity.quantity>0.000000</in_Quantity.quantity><out_Quantity.quantity>974.293166</out_Quantity.quantity></Point><Point><position>5157</position><in_Quantity.quantity>0.000000</in_Quantity.quantity><out_Quantity.quantity>571.823243</out_Quantity.quantity></Point><Point><position>5158</position><in_Quantity.quantity>0.000000</in_Quantity.quantity><out_Quantity.quantity>735.637008</out_Quantity.quantity></Point><Point><position>5159</position><in_Quantity.quantity>0.000000</in_Quantity.quantity><out_Quantity.quantity>712.436955</out_Quantity.quantity></Point><Point><position>5160</position><in_Quantity.quantity>0.000000</in_Quantity.quantity><out_Quantity.quantity>246.050881</out_Quantity.quantity></Point><Point><position>5161</position><in_Quantity.quantity>0.000000</in_Quantity.quantity><out_Quantity.quantity>590.469024</out_Quantity.quantity></Point><Point><position>5162</position><in_Quantity.quantity>0.000000</in_Quantity.quantity><out_Quantity.quantity>4.508006</out_Quantity.quantity></Point><Point><position>5163</position><in_Quantity.quantity>0.000000</in_Quantity.quantity><out_Quantity.quantity>427.189378</out_Quantity.quantity></Point><Point><position>5164</position><in_Quantity.quantity>0.000000</in_Quantity.quantity><out_Quantity.quantity>791.765933</out_Quantity.quantity></Point><Point><position>5165</position><in_Quantity.quantity>0.000000</in_Quantity.quantity><out_Quantity.quantity>206.957331</out_Quantity.quantity></Point><Point><position>5166</position><in_Quantity.quantity>0.000000</in_Quantity.quantity><out_Quantity.quantity>608.490889</out_Quantity.quantity></Point><Point><position>5167</position><in_Quantity.quantity>0.000000</in_Quantity.quantity><out_Quantity.quantity>926.815800</out_Quantity.quantity></Point><Point><position>5168</position><in_Quantity.quantity>0.000000</in_Quantity.quantity><out_Quantity.quantity>132.276147</out_Quantity.quantity></Point><Point><position>5169</position><in_Quantity.quantity>0.000000</in_Quantity.quantity><out_Quantity.quantity>345.473929</out_Quantity.quantity></Point><Point><position>5170</position><in_Quantity.quantity>0.000000</in_Quantity.quantity><out_Quantity.quantity>571.839900</out_Quantity.quantity></Point><Point><position>5171</position><in_Quantity.quantity>0.000000</in_Quantity.quantity><out_Quantity.quantity>92.220394</out_Quantity.quantity></Point><Point><position>5172</position><in_Quantity.quantity>0.000000</in_Quantity.quantity><out_Quantity.quantity>706.625229</out_Quantity.quantity></Point><Point><position>5173</position><in_Quantity.quantity>0.000000</in_Quantity.quantity><out_Quantity.quantity>359.761998</out_Quantity.quantity></Point><Point><position>5174</position><in_Quantity.quantity>0.000000</in_Quantity.quantity><out_Quantity.quantity>960.779006</out_Quantity.quantity></Point><Point><position>5175</position><in_Quantity.quantity>0.000000</in_Quantity.quantity><out_Quantity.quantity>13.137536</out_Quantity.quantity></Point><Point><position>5176</position><in_Quantity.quantity>0.000000</in_Quantity.quantity><out_Quantity.quantity>530.710841</out_Quantity.quantity></Point><Point><position>5177</position><in_Quantity.quantity>0.000000</in_Quantity.quantity><out_Quantity.quantity>173.565244</out_Quantity.quantity></Point><Point><position>5178</position><in_Quantity.quantity>0.000000</in_Quantity.quantity><out_Quantity.quantity>56.015489</out_Quantity.quantity></Point><Point><position>5179</position><in_Quantity.quantity>0.000000</in_Quantity.quantity><out_Quantity.quantity>467.322620</out_Quantity.quantity></Point><Point><position>5180</position><in_Quantity.quantity>0.000000</in_Quantity.quantity><out_Quantity.quantity>286.399254</out_Quantity.quantity></Point><Point><position>5181</position><in_Quantity.quantity>0.000000</in_Quantity.quantity><out_Quantity.quantity>557.138868</out_Quantity.quantity></Point><Point><position>5182</position><in_Quantity.quantity>0.000000</in_Quantity.quantity><out_Quantity.quantity>967.780543</out_Quantity.quantity></Point><Point><position>5183</position><in_Quantity.quantity>0.000000</in_Quantity.quantity><out_Quantity.quantity>832.859616</out_Quantity.quantity></Point><Point><position>5184</position><in_Quantity.quantity>0.000000</in_Quantity.quantity><out_Quantity.quantity>373.167127</out_Quantity.quantity></Point><Point><position>5185</position><in_Quantity.quantity>0.000000</in_Quantity.quantity><out_Quantity.quantity>225.919102</out_Quantity.quantity></Point><Point><position>5186</position><in_Quantity.quantity>0.000000</in_Quantity.quantity><out_Quantity.quantity>264.817223</out_Quantity.quantity></Point><Point><position>5187</position><in_Quantity.quantity>0.000000</in_Quantity.quantity><out_Quantity.quantity>561.374805</out_Quantity.quantity></Point><Point><position>5188</position><in_Quantity.quantity>0.000000</in_Quantity.quantity><out_Quantity.quantity>335.381663</out_Quantity.quantity></Point><Point><position>5189</position><in_Quantity.quantity>0.000000</in_Quantity.quantity><out_Quantity.quantity>427.244483</out_Quantity.quantity></Point><Point><position>5190</position><in_Quantity.quantity>0.000000</in_Quantity.quantity><out_Quantity.quantity>111.873044</out_Quantity.quantity></Point><Point><position>5191</position><in_Quantity.quantity>0.000000</in_Quantity.quantity><out_Quantity.quantity>994.083206</out_Quantity.quantity></Point><Point><position>5192</position><in_Quantity.quantity>0.000000</in_Quantity.quantity><out_Quantity.quantity>908.445902</out_Quantity.quantity></Point><Point><position>5193</position><in_Quantity.quantity>0.000000</in_Quantity.quantity><out_Quantity.quantity>963.272356</out_Quantity.quantity></Point><Point><position>5194</position><in_Quantity.quantity>0.000000</in_Quantity.quantity><out_Quantity.quantity>271.929425</out_Quantity.quantity></Point><Point><position>5195</position><in_Quantity.quantity>0.000000</in_Quantity.quantity><out_Quantity.quantity>640.505924</out_Quantity.quantity></Point><Point><position>5196</position><in_Quantity.quantity>0.000000</in_Quantity.quantity><out_Quantity.quantity>917.317996</out_Quantity.quantity></Point><Point><position>5197</position><in_Quantity.quantity>0.000000</in_Quantity.quantity><out_Quantity.quantity>564.398228</out_Quantity.quantity></Point><Point><position>5198</position><in_Quantity.quantity>0.000000</in_Quantity.quantity><out_Quantity.quantity>776.227570</out_Quantity.quantity></Point><Point><position>5199</position><in_Quantity.quantity>0.000000</in_Quantity.quantity><out_Quantity.quantity>344.745663</out_Quantity.quantity></Point><Point><position>5200</position><in_Quantity.quantity>0.000000</in_Quantity.quantity><out_Quantity.quantity>965.239816</out_Quantity.quantity></Point><Point><position>5201</position><in_Quantity.quantity>0.000000</in_Quantity.quantity><out_Quantity.quantity>786.776049</out_Quantity.quantity></Point><Point><position>5202</position><in_Quantity.quantity>0.000000</in_Quantity.quantity><out_Quantity.quantity>571.413189</out_Quantity.quantity></Point><Point><position>5203</position><in_Quantity.quantity>0.000000</in_Quantity.quantity><out_Quantity.quantity>397.585799</out_Quantity.quantity></Point><Point><position>5204</position><in_Quantity.quantity>0.000000</in_Quantity.quantity><out_Quantity.quantity>898.488398</out_Quantity.quantity></Point><Point><position>5205</position><in_Quantity.quantity>0.000000</in_Quantity.quantity><out_Quantity.quantity>246.258983</out_Quantity.quantity></Point><Point><position>5206</position><in_Quantity.quantity>0.000000</in_Quantity.quantity><out_Quantity.quantity>366.380392</out_Quantity.quantity></Point><Point><position>5207</position><in_Quantity.quantity>0.000000</in_Quantity.quantity><out_Quantity.quantity>65.734451</out_Quantity.quantity></Point><Point><position>5208</position><in_Quantity.quantity>0.000000</in_Quantity.quantity><out_Quantity.quantity>149.284888</out_Quantity.quantity></Point><Point><position>5209</position><in_Quantity.quantity>0.000000</in_Quantity.quantity><out_Quantity.quantity>743.559581</out_Quantity.quantity></Point><Point><position>5210</position><in_Quantity.quantity>0.000000</in_Quantity.quantity><out_Quantity.quantity>812.179420</out_Quantity.quantity></Point><Point><position>5211</position><in_Quantity.quantity>0.000000</in_Quantity.quantity><out_Quantity.quantity>648.828305</out_Quantity.quantity></Point><Point><position>5212</position><in_Quantity.quantity>0.000000</in_Quantity.quantity><out_Quantity.quantity>586.913578</out_Quantity.quantity></Point><Point><position>5213</position><in_Quantity.quantity>0.000000</in_Quantity.quantity><out_Quantity.quantity>727.961778</out_Quantity.quantity></Point><Point><position>5214</position><in_Quantity.quantity>0.000000</in_Quantity.quantity><out_Quantity.quantity>437.995974</out_Quantity.quantity></Point><Point><position>5215</position><in_Quantity.quantity>0.000000</in_Quantity.quantity><out_Quantity.quantity>244.721004</out_Quantity.quantity></Point><Point><position>5216</position><in_Quantity.quantity>0.000000</in_Quantity.quantity><out_Quantity.quantity>364.856136</out_Quantity.quantity></Point><Point><position>5217</position><in_Quantity.quantity>0.000000</in_Quantity.quantity><out_Quantity.quantity>641.329486</out_Quantity.quantity></Point><Point><position>5218</position><in_Quantity.quantity>0.000000</in_Quantity.quantity><out_Quantity.quantity>361.171600</out_Quantity.quantity></Point><Point><position>5219</position><in_Quantity.quantity>0.000000</in_Quantity.quantity><out_Quantity.quantity>350.300622</out_Quantity.quantity></Point><Point><position>5220</position><in_Quantity.quantity>0.000000</in_Quantity.quantity><out_Quantity.quantity>789.863323</out_Quantity.quantity></Point><Point><position>5221</position><in_Quantity.quantity>0.000000</in_Quantity.quantity><out_Quantity.quantity>467.455547</out_Quantity.quantity></Point><Point><position>5222</position><in_Quantity.quantity>0.000000</in_Quantity.quantity><out_Quantity.quantity>815.561994</out_Quantity.quantity></Point><Point><position>5223</position><in_Quantity.quantity>0.000000</in_Quantity.quantity><out_Quantity.quantity>683.725033</out_Quantity.quantity></Point><Point><position>5224</position><in_Quantity.quantity>0.000000</in_Quantity.quantity><out_Quantity.quantity>10.916735</out_Quantity.quantity></Point><Point><position>5225</position><in_Quantity.quantity>0.000000</in_Quantity.quantity><out_Quantity.quantity>523.352673</out_Quantity.quantity></Point><Point><position>5226</position><in_Quantity.quantity>0.000000</in_Quantity.quantity><out_Quantity.quantity>826.875762</out_Quantity.quantity></Point><Point><position>5227</position><in_Quantity.quantity>0.000000</in_Quantity.quantity><out_Quantity.quantity>257.758452</out_Quantity.quantity></Point><Point><position>5228</position><in_Quantity.quantity>0.000000</in_Quantity.quantity><out_Quantity.quantity>541.061495</out_Quantity.quantity></Point><Point><position>5229</position><in_Quantity.quantity>0.000000</in_Quantity.quantity><out_Quantity.quantity>902.456874</out_Quantity.quantity></Point><Point><position>5230</position><in_Quantity.quantity>0.000000</in_Quantity.quantity><out_Quantity.quantity>162.383935</out_Quantity.quantity></Point><Point><position>5231</position><in_Quantity.quantity>0.000000</in_Quantity.quantity><out_Quantity.quantity>651.088291</out_Quantity.quantity></Point><Point><position>5232</position><in_Quantity.quantity>0.000000</in_Quantity.quantity><out_Quantity.quantity>423.285129</out_Quantity.quantity></Point><Point><position>5233</position><in_Quantity.quantity>0.000000</in_Quantity.quantity><out_Quantity.quantity>73.807286</out_Quantity.quantity></Point><Point><position>5234</position><in_Quantity.quantity>0.000000</in_Quantity.quantity><out_Quantity.quantity>792.552067</out_Quantity.quantity></Point><Point><position>5235</position><in_Quantity.quantity>0.000000</in_Quantity.quantity><out_Quantity.quantity>613.743007</out_Quantity.quantity></Point><Point><position>5236</position><in_Quantity.quantity>0.000000</in_Quantity.quantity><out_Quantity.quantity>107.221763</out_Quantity.quantity></Point><Point><position>5237</position><in_Quantity.quantity>0.000000</in_Quantity.quantity><out_Quantity.quantity>726.934805</out_Quantity.quantity></Point><Point><position>5238</position><in_Quantity.quantity>0.000000</in_Quantity.quantity><out_Quantity.quantity>336.063816</out_Quantity.quantity></Point><Point><position>5239</position><in_Quantity.quantity>0.000000</in_Quantity.quantity><out_Quantity.quantity>27.594471</out_Quantity.quantity></Point><Point><position>5240</position><in_Quantity.quantity>0.000000</in_Quantity.quantity><out_Quantity.quantity>101.291836</out_Quantity.quantity></Point><Point><position>5241</position><in_Quantity.quantity>0.000000</in_Quantity.quantity><out_Quantity.quantity>116.413802</out_Quantity.quantity></Point><Point><position>5242</position><in_Quantity.quantity>0.000000</in_Quantity.quantity><out_Quantity.quantity>70.379349</out_Quantity.quantity></Point><Point><position>5243</position><in_Quantity.quantity>0.000000</in_Quantity.quantity><out_Quantity.quantity>854.709328</out_Quantity.quantity></Point><Point><position>5244</position><in_Quantity.quantity>0.000000</in_Quantity.quantity><out_Quantity.quantity>843.096714</out_Quantity.quantity></Point><Point><position>5245</position><in_Quantity.quantity>0.000000</in_Quantity.quantity><out_Quantity.quantity>303.929604</out_Quantity.quantity></Point><Point><position>5246</position><in_Quantity.quantity>0.000000</in_Quantity.quantity><out_Quantity.quantity>696.377753</out_Quantity.quantity></Point><Point><position>5247</position><in_Quantity.quantity>0.000000</in_Quantity.quantity><out_Quantity.quantity>651.593528</out_Quantity.quantity></Point><Point><position>5248</position><in_Quantity.quantity>0.000000</in_Quantity.quantity><out_Quantity.quantity>355.344943</out_Quantity.quantity></Point><Point><position>5249</position><in_Quantity.quantity>0.000000</in_Quantity.quantity><out_Quantity.quantity>502.905781</out_Quantity.quantity></Point><Point><position>5250</position><in_Quantity.quantity>0.000000</in_Quantity.quantity><out_Quantity.quantity>81.060188</out_Quantity.quantity></Point><Point><position>5251</position><in_Quantity.quantity>0.000000</in_Quantity.quantity><out_Quantity.quantity>240.647774</out_Quantity.quantity></Point><Point><position>5252</position><in_Quantity.quantity>0.000000</in_Quantity.quantity><out_Quantity.quantity>745.106350</out_Quantity.quantity></Point><Point><position>5253</position><in_Quantity.quantity>0.000000</in_Quantity.quantity><out_Quantity.quantity>279.691643</out_Quantity.quantity></Point><Point><position>5254</position><in_Quantity.quantity>0.000000</in_Quantity.quantity><out_Quantity.quantity>662.911406</out_Quantity.quantity></Point><Point><position>5255</position><in_Quantity.quantity>0.000000</in_Quantity.quantity><out_Quantity.quantity>273.033787</out_Quantity.quantity></Point><Point><position>5256</position><in_Quantity.quantity>0.000000</in_Quantity.quantity><out_Quantity.quantity>216.267569</out_Quantity.quantity></Point><Point><position>5257</position><in_Quantity.quantity>0.000000</in_Quantity.quantity><out_Quantity.quantity>574.253275</out_Quantity.quantity></Point><Point><position>5258</position><in_Quantity.quantity>0.000000</in_Quantity.quantity><out_Quantity.quantity>544.351063</out_Quantity.quantity></Point><Point><position>5259</position><in_Quantity.quantity>0.000000</in_Quantity.quantity><out_Quantity.quantity>103.820288</out_Quantity.quantity></Point><Point><position>5260</position><in_Quantity.quantity>0.000000</in_Quantity.quantity><out_Quantity.quantity>612.757986</out_Quantity.quantity></Point><Point><position>5261</position><in_Quantity.quantity>0.000000</in_Quantity.quantity><out_Quantity.quantity>908.436485</out_Quantity.quantity></Point><Point><position>5262</position><in_Quantity.quantity>0.000000</in_Quantity.quantity><out_Quantity.quantity>909.293377</out_Quantity.quantity></Point><Point><position>5263</position><in_Quantity.quantity>0.000000</in_Quantity.quantity><out_Quantity.quantity>976.479453</out_Quantity.quantity></Point><Point><position>5264</position><in_Quantity.quantity>0.000000</in_Quantity.quantity><out_Quantity.quantity>647.397735</out_Quantity.quantity></Point><Point><position>5265</position><in_Quantity.quantity>0.000000</in_Quantity.quantity><out_Quantity.quantity>916.306757</out_Quantity.quantity></Point><Point><position>5266</position><in_Quantity.quantity>0.000000</in_Quantity.quantity><out_Quantity.quantity>323.645841</out_Quantity.quantity></Point><Point><position>5267</position><in_Quantity.quantity>0.000000</in_Quantity.quantity><out_Quantity.quantity>2.623750</out_Quantity.quantity></Point><Point><position>5268</position><in_Quantity.quantity>0.000000</in_Quantity.quantity><out_Quantity.quantity>719.223719</out_Quantity.quantity></Point><Point><position>5269</position><in_Quantity.quantity>0.000000</in_Quantity.quantity><out_Quantity.quantity>252.965748</out_Quantity.quantity></Point><Point><position>5270</position><in_Quantity.quantity>0.000000</in_Quantity.quantity><out_Quantity.quantity>475.894688</out_Quantity.quantity></Point><Point><position>5271</position><in_Quantity.quantity>0.000000</in_Quantity.quantity><out_Quantity.quantity>106.548655</out_Quantity.quantity></Point><Point><position>5272</position><in_Quantity.quantity>0.000000</in_Quantity.quantity><out_Quantity.quantity>417.848220</out_Quantity.quantity></Point><Point><position>5273</position><in_Quantity.quantity>0.000000</in_Quantity.quantity><out_Quantity.quantity>852.358028</out_Quantity.quantity></Point><Point><position>5274</position><in_Quantity.quantity>0.000000</in_Quantity.quantity><out_Quantity.quantity>944.148421</out_Quantity.quantity></Point><Point><position>5275</position><in_Quantity.quantity>0.000000</in_Quantity.quantity><out_Quantity.quantity>970.319891</out_Quantity.quantity></Point><Point><position>5276</position><in_Quantity.quantity>0.000000</in_Quantity.quantity><out_Quantity.quantity>424.090471</out_Quantity.quantity></Point><Point><position>5277</position><in_Quantity.quantity>0.000000</in_Quantity.quantity><out_Quantity.quantity>668.701457</out_Quantity.quantity></Point><Point><position>5278</position><in_Quantity.quantity>0.000000</in_Quantity.quantity><out_Quantity.quantity>262.753223</out_Quantity.quantity></Point><Point><position>5279</position><in_Quantity.quantity>0.000000</in_Quantity.quantity><out_Quantity.quantity>891.083095</out_Quantity.quantity></Point><Point><position>5280</position><in_Quantity.quantity>0.000000</in_Quantity.quantity><out_Quantity.quantity>539.123336</out_Quantity.quantity></Point><Point><position>5281</position><in_Quantity.quantity>0.000000</in_Quantity.quantity><out_Quantity.quantity>727.021398</out_Quantity.quantity></Point><Point><position>5282</position><in_Quantity.quantity>0.000000</in_Quantity.quantity><out_Quantity.quantity>995.747951</out_Quantity.quantity></Point><Point><position>5283</position><in_Quantity.quantity>0.000000</in_Quantity.quantity><out_Quantity.quantity>482.436616</out_Quantity.quantity></Point><Point><position>5284</position><in_Quantity.quantity>0.000000</in_Quantity.quantity><out_Quantity.quantity>375.931693</out_Quantity.quantity></Point><Point><position>5285</position><in_Quantity.quantity>0.000000</in_Quantity.quantity><out_Quantity.quantity>991.686967</out_Quantity.quantity></Point><Point><position>5286</position><in_Quantity.quantity>0.000000</in_Quantity.quantity><out_Quantity.quantity>701.883918</out_Quantity.quantity></Point><Point><position>5287</position><in_Quantity.quantity>0.000000</in_Quantity.quantity><out_Quantity.quantity>75.816077</out_Quantity.quantity></Point><Point><position>5288</position><in_Quantity.quantity>0.000000</in_Quantity.quantity><out_Quantity.quantity>934.307204</out_Quantity.quantity></Point><Point><position>5289</position><in_Quantity.quantity>0.000000</in_Quantity.quantity><out_Quantity.quantity>42.292508</out_Quantity.quantity></Point><Point><position>5290</position><in_Quantity.quantity>0.000000</in_Quantity.quantity><out_Quantity.quantity>425.391375</out_Quantity.quantity></Point><Point><position>5291</position><in_Quantity.quantity>0.000000</in_Quantity.quantity><out_Quantity.quantity>381.491717</out_Quantity.quantity></Point><Point><position>5292</position><in_Quantity.quantity>0.000000</in_Quantity.quantity><out_Quantity.quantity>839.482361</out_Quantity.quantity></Point><Point><position>5293</position><in_Quantity.quantity>0.000000</in_Quantity.quantity><out_Quantity.quantity>144.744610</out_Quantity.quantity></Point><Point><position>5294</position><in_Quantity.quantity>0.000000</in_Quantity.quantity><out_Quantity.quantity>996.735446</out_Quantity.quantity></Point><Point><position>5295</position><in_Quantity.quantity>0.000000</in_Quantity.quantity><out_Quantity.quantity>662.228217</out_Quantity.quantity></Point><Point><position>5296</position><in_Quantity.quantity>0.000000</in_Quantity.quantity><out_Quantity.quantity>919.636123</out_Quantity.quantity></Point><Point><position>5297</position><in_Quantity.quantity>0.000000</in_Quantity.quantity><out_Quantity.quantity>860.145418</out_Quantity.quantity></Point><Point><position>5298</position><in_Quantity.quantity>0.000000</in_Quantity.quantity><out_Quantity.quantity>766.404624</out_Quantity.quantity></Point><Point><position>5299</position><in_Quantity.quantity>0.000000</in_Quantity.quantity><out_Quantity.quantity>588.724945</out_Quantity.quantity></Point><Point><position>5300</position><in_Quantity.quantity>0.000000</in_Quantity.quantity><out_Quantity.quantity>628.253695</out_Quantity.quantity></Point><Point><position>5301</position><in_Quantity.quantity>0.000000</in_Quantity.quantity><out_Quantity.quantity>429.730256</out_Quantity.quantity></Point><Point><position>5302</position><in_Quantity.quantity>0.000000</in_Quantity.quantity><out_Quantity.quantity>37.713431</out_Quantity.quantity></Point><Point><position>5303</position><in_Quantity.quantity>0.000000</in_Quantity.quantity><out_Quantity.quantity>73.928611</out_Quantity.quantity></Point><Point><position>5304</position><in_Quantity.quantity>0.000000</in_Quantity.quantity><out_Quantity.quantity>294.601713</out_Quantity.quantity></Point><Point><position>5305</position><in_Quantity.quantity>0.000000</in_Quantity.quantity><out_Quantity.quantity>173.401370</out_Quantity.quantity></Point><Point><position>5306</position><in_Quantity.quantity>0.000000</in_Quantity.quantity><out_Quantity.quantity>345.573959</out_Quantity.quantity></Point><Point><position>5307</position><in_Quantity.quantity>0.000000</in_Quantity.quantity><out_Quantity.quantity>616.987727</out_Quantity.quantity></Point><Point><position>5308</position><in_Quantity.quantity>0.000000</in_Quantity.quantity><out_Quantity.quantity>969.901186</out_Quantity.quantity></Point><Point><position>5309</position><in_Quantity.quantity>0.000000</in_Quantity.quantity><out_Quantity.quantity>486.118211</out_Quantity.quantity></Point><Point><position>5310</position><in_Quantity.quantity>0.000000</in_Quantity.quantity><out_Quantity.quantity>638.584515</out_Quantity.quantity></Point><Point><position>5311</position><in_Quantity.quantity>0.000000</in_Quantity.quantity><out_Quantity.quantity>36.088666</out_Quantity.quantity></Point><Point><position>5312</position><in_Quantity.quantity>0.000000</in_Quantity.quantity><out_Quantity.quantity>550.684046</out_Quantity.quantity></Point><Point><position>5313</position><in_Quantity.quantity>0.000000</in_Quantity.quantity><out_Quantity.quantity>30.955617</out_Quantity.quantity></Point><Point><position>5314</position><in_Quantity.quantity>0.000000</in_Quantity.quantity><out_Quantity.quantity>789.179931</out_Quantity.quantity></Point><Point><position>5315</position><in_Quantity.quantity>0.000000</in_Quantity.quantity><out_Quantity.quantity>904.168803</out_Quantity.quantity></Point><Point><position>5316</position><in_Quantity.quantity>0.000000</in_Quantity.quantity><out_Quantity.quantity>341.721357</out_Quantity.quantity></Point><Point><position>5317</position><in_Quantity.quantity>0.000000</in_Quantity.quantity><out_Quantity.quantity>509.628605</out_Quantity.quantity></Point><Point><position>5318</position><in_Quantity.quantity>0.000000</in_Quantity.quantity><out_Quantity.quantity>343.678349</out_Quantity.quantity></Point><Point><position>5319</position><in_Quantity.quantity>0.000000</in_Quantity.quantity><out_Quantity.quantity>22.702806</out_Quantity.quantity></Point><Point><position>5320</position><in_Quantity.quantity>0.000000</in_Quantity.quantity><out_Quantity.quantity>579.298232</out_Quantity.quantity></Point><Point><position>5321</position><in_Quantity.quantity>0.000000</in_Quantity.quantity><out_Quantity.quantity>640.115362</out_Quantity.quantity></Point><Point><position>5322</position><in_Quantity.quantity>0.000000</in_Quantity.quantity><out_Quantity.quantity>762.309119</out_Quantity.quantity></Point><Point><position>5323</position><in_Quantity.quantity>0.000000</in_Quantity.quantity><out_Quantity.quantity>654.651972</out_Quantity.quantity></Point><Point><position>5324</position><in_Quantity.quantity>0.000000</in_Quantity.quantity><out_Quantity.quantity>36.384888</out_Quantity.quantity></Point><Point><position>5325</position><in_Quantity.quantity>0.000000</in_Quantity.quantity><out_Quantity.quantity>296.661937</out_Quantity.quantity></Point><Point><position>5326</position><in_Quantity.quantity>0.000000</in_Quantity.quantity><out_Quantity.quantity>175.125356</out_Quantity.quantity></Point><Point><position>5327</position><in_Quantity.quantity>0.000000</in_Quantity.quantity><out_Quantity.quantity>550.381405</out_Quantity.quantity></Point><Point><position>5328</position><in_Quantity.quantity>0.000000</in_Quantity.quantity><out_Quantity.quantity>783.688380</out_Quantity.quantity></Point><Point><position>5329</position><in_Quantity.quantity>0.000000</in_Quantity.quantity><out_Quantity.quantity>898.937071</out_Quantity.quantity></Point><Point><position>5330</position><in_Quantity.quantity>0.000000</in_Quantity.quantity><out_Quantity.quantity>202.588935</out_Quantity.quantity></Point><Point><position>5331</position><in_Quantity.quantity>0.000000</in_Quantity.quantity><out_Quantity.quantity>807.260904</out_Quantity.quantity></Point><Point><position>5332</position><in_Quantity.quantity>0.000000</in_Quantity.quantity><out_Quantity.quantity>934.820402</out_Quantity.quantity></Point><Point><position>5333</position><in_Quantity.quantity>0.000000</in_Quantity.quantity><out_Quantity.quantity>22.186881</out_Quantity.quantity></Point><Point><position>5334</position><in_Quantity.quantity>0.000000</in_Quantity.quantity><out_Quantity.quantity>575.542710</out_Quantity.quantity></Point><Point><position>5335</position><in_Quantity.quantity>0.000000</in_Quantity.quantity><out_Quantity.quantity>958.623835</out_Quantity.quantity></Point><Point><position>5336</position><in_Quantity.quantity>0.000000</in_Quantity.quantity><out_Quantity.quantity>920.238620</out_Quantity.quantity></Point><Point><position>5337</position><in_Quantity.quantity>0.000000</in_Quantity.quantity><out_Quantity.quantity>160.716071</out_Quantity.quantity></Point><Point><position>5338</position><in_Quantity.quantity>0.000000</in_Quantity.quantity><out_Quantity.quantity>440.608820</out_Quantity.quantity></Point><Point><position>5339</position><in_Quantity.quantity>0.000000</in_Quantity.quantity><out_Quantity.quantity>281.821256</out_Quantity.quantity></Point><Point><position>5340</position><in_Quantity.quantity>0.000000</in_Quantity.quantity><out_Quantity.quantity>150.049289</out_Quantity.quantity></Point><Point><position>5341</position><in_Quantity.quantity>0.000000</in_Quantity.quantity><out_Quantity.quantity>572.308416</out_Quantity.quantity></Point><Point><position>5342</position><in_Quantity.quantity>0.000000</in_Quantity.quantity><out_Quantity.quantity>67.186830</out_Quantity.quantity></Point><Point><position>5343</position><in_Quantity.quantity>0.000000</in_Quantity.quantity><out_Quantity.quantity>947.640392</out_Quantity.quantity></Point><Point><position>5344</position><in_Quantity.quantity>0.000000</in_Quantity.quantity><out_Quantity.quantity>324.770952</out_Quantity.quantity></Point><Point><position>5345</position><in_Quantity.quantity>0.000000</in_Quantity.quantity><out_Quantity.quantity>728.556887</out_Quantity.quantity></Point><Point><position>5346</position><in_Quantity.quantity>0.000000</in_Quantity.quantity><out_Quantity.quantity>223.805160</out_Quantity.quantity></Point><Point><position>5347</position><in_Quantity.quantity>0.000000</in_Quantity.quantity><out_Quantity.quantity>9.949992</out_Quantity.quantity></Point><Point><position>5348</position><in_Quantity.quantity>0.000000</in_Quantity.quantity><out_Quantity.quantity>955.124283</out_Quantity.quantity></Point><Point><position>5349</position><in_Quantity.quantity>0.000000</in_Quantity.quantity><out_Quantity.quantity>506.161705</out_Quantity.quantity></Point><Point><position>5350</position><in_Quantity.quantity>0.000000</in_Quantity.quantity><out_Quantity.quantity>218.772502</out_Quantity.quantity></Point><Point><position>5351</position><in_Quantity.quantity>0.000000</in_Quantity.quantity><out_Quantity.quantity>853.018267</out_Quantity.quantity></Point><Point><position>5352</position><in_Quantity.quantity>0.000000</in_Quantity.quantity><out_Quantity.quantity>349.137034</out_Quantity.quantity></Point><Point><position>5353</position><in_Quantity.quantity>0.000000</in_Quantity.quantity><out_Quantity.quantity>475.318881</out_Quantity.quantity></Point><Point><position>5354</position><in_Quantity.quantity>0.000000</in_Quantity.quantity><out_Quantity.quantity>776.886596</out_Quantity.quantity></Point><Point><position>5355</position><in_Quantity.quantity>0.000000</in_Quantity.quantity><out_Quantity.quantity>763.076904</out_Quantity.quantity></Point><Point><position>5356</position><in_Quantity.quantity>0.000000</in_Quantity.quantity><out_Quantity.quantity>232.019812</out_Quantity.quantity></Point><Point><position>5357</position><in_Quantity.quantity>0.000000</in_Quantity.quantity><out_Quantity.quantity>947.443164</out_Quantity.quantity></Point><Point><position>5358</position><in_Quantity.quantity>0.000000</in_Quantity.quantity><out_Quantity.quantity>457.338464</out_Quantity.quantity></Point><Point><position>5359</position><in_Quantity.quantity>0.000000</in_Quantity.quantity><out_Quantity.quantity>545.694860</out_Quantity.quantity></Point><Point><position>5360</position><in_Quantity.quantity>0.000000</in_Quantity.quantity><out_Quantity.quantity>460.509401</out_Quantity.quantity></Point><Point><position>5361</position><in_Quantity.quantity>0.000000</in_Quantity.quantity><out_Quantity.quantity>483.816048</out_Quantity.quantity></Point><Point><position>5362</position><in_Quantity.quantity>0.000000</in_Quantity.quantity><out_Quantity.quantity>795.537638</out_Quantity.quantity></Point><Point><position>5363</position><in_Quantity.quantity>0.000000</in_Quantity.quantity><out_Quantity.quantity>581.923153</out_Quantity.quantity></Point><Point><position>5364</position><in_Quantity.quantity>0.000000</in_Quantity.quantity><out_Quantity.quantity>130.271363</out_Quantity.quantity></Point><Point><position>5365</position><in_Quantity.quantity>0.000000</in_Quantity.quantity><out_Quantity.quantity>244.157111</out_Quantity.quantity></Point><Point><position>5366</position><in_Quantity.quantity>0.000000</in_Quantity.quantity><out_Quantity.quantity>360.918210</out_Quantity.quantity></Point><Point><position>5367</position><in_Quantity.quantity>0.000000</in_Quantity.quantity><out_Quantity.quantity>137.049034</out_Quantity.quantity></Point><Point><position>5368</position><in_Quantity.quantity>0.000000</in_Quantity.quantity><out_Quantity.quantity>727.914451</out_Quantity.quantity></Point><Point><position>5369</position><in_Quantity.quantity>0.000000</in_Quantity.quantity><out_Quantity.quantity>813.912781</out_Quantity.quantity></Point><Point><position>5370</position><in_Quantity.quantity>0.000000</in_Quantity.quantity><out_Quantity.quantity>35.296090</out_Quantity.quantity></Point><Point><position>5371</position><in_Quantity.quantity>0.000000</in_Quantity.quantity><out_Quantity.quantity>339.973079</out_Quantity.quantity></Point><Point><position>5372</position><in_Quantity.quantity>0.000000</in_Quantity.quantity><out_Quantity.quantity>104.478392</out_Quantity.quantity></Point><Point><position>5373</position><in_Quantity.quantity>0.000000</in_Quantity.quantity><out_Quantity.quantity>112.707975</out_Quantity.quantity></Point><Point><position>5374</position><in_Quantity.quantity>0.000000</in_Quantity.quantity><out_Quantity.quantity>816.903318</out_Quantity.quantity></Point><Point><position>5375</position><in_Quantity.quantity>0.000000</in_Quantity.quantity><out_Quantity.quantity>873.780624</out_Quantity.quantity></Point><Point><position>5376</position><in_Quantity.quantity>0.000000</in_Quantity.quantity><out_Quantity.quantity>522.876273</out_Quantity.quantity></Point><Point><position>5377</position><in_Quantity.quantity>0.000000</in_Quantity.quantity><out_Quantity.quantity>166.892428</out_Quantity.quantity></Point><Point><position>5378</position><in_Quantity.quantity>0.000000</in_Quantity.quantity><out_Quantity.quantity>862.940568</out_Quantity.quantity></Point><Point><position>5379</position><in_Quantity.quantity>0.000000</in_Quantity.quantity><out_Quantity.quantity>846.650853</out_Quantity.quantity></Point><Point><position>5380</position><in_Quantity.quantity>0.000000</in_Quantity.quantity><out_Quantity.quantity>692.793496</out_Quantity.quantity></Point><Point><position>5381</position><in_Quantity.quantity>0.000000</in_Quantity.quantity><out_Quantity.quantity>411.888448</out_Quantity.quantity></Point><Point><position>5382</position><in_Quantity.quantity>0.000000</in_Quantity.quantity><out_Quantity.quantity>723.631668</out_Quantity.quantity></Point><Point><position>5383</position><in_Quantity.quantity>0.000000</in_Quantity.quantity><out_Quantity.quantity>428.253375</out_Quantity.quantity></Point><Point><position>5384</position><in_Quantity.quantity>0.000000</in_Quantity.quantity><out_Quantity.quantity>400.309947</out_Quantity.quantity></Point><Point><position>5385</position><in_Quantity.quantity>0.000000</in_Quantity.quantity><out_Quantity.quantity>268.370940</out_Quantity.quantity></Point><Point><position>5386</position><in_Quantity.quantity>0.000000</in_Quantity.quantity><out_Quantity.quantity>423.942128</out_Quantity.quantity></Point><Point><position>5387</position><in_Quantity.quantity>0.000000</in_Quantity.quantity><out_Quantity.quantity>635.633042</out_Quantity.quantity></Point><Point><position>5388</position><in_Quantity.quantity>0.000000</in_Quantity.quantity><out_Quantity.quantity>784.538761</out_Quantity.quantity></Point><Point><position>5389</position><in_Quantity.quantity>0.000000</in_Quantity.quantity><out_Quantity.quantity>977.099752</out_Quantity.quantity></Point><Point><position>5390</position><in_Quantity.quantity>0.000000</in_Quantity.quantity><out_Quantity.quantity>298.449054</out_Quantity.quantity></Point><Point><position>5391</position><in_Quantity.quantity>0.000000</in_Quantity.quantity><out_Quantity.quantity>704.612980</out_Quantity.quantity></Point><Point><position>5392</position><in_Quantity.quantity>0.000000</in_Quantity.quantity><out_Quantity.quantity>901.847400</out_Quantity.quantity></Point><Point><position>5393</position><in_Quantity.quantity>0.000000</in_Quantity.quantity><out_Quantity.quantity>104.628243</out_Quantity.quantity></Point><Point><position>5394</position><in_Quantity.quantity>0.000000</in_Quantity.quantity><out_Quantity.quantity>640.341750</out_Quantity.quantity></Point><Point><position>5395</position><in_Quantity.quantity>0.000000</in_Quantity.quantity><out_Quantity.quantity>247.410289</out_Quantity.quantity></Point><Point><position>5396</position><in_Quantity.quantity>0.000000</in_Quantity.quantity><out_Quantity.quantity>343.484809</out_Quantity.quantity></Point><Point><position>5397</position><in_Quantity.quantity>0.000000</in_Quantity.quantity><out_Quantity.quantity>905.761624</out_Quantity.quantity></Point><Point><position>5398</position><in_Quantity.quantity>0.000000</in_Quantity.quantity><out_Quantity.quantity>633.228359</out_Quantity.quantity></Point><Point><position>5399</position><in_Quantity.quantity>0.000000</in_Quantity.quantity><out_Quantity.quantity>827.038842</out_Quantity.quantity></Point><Point><position>5400</position><in_Quantity.quantity>0.000000</in_Quantity.quantity><out_Quantity.quantity>825.399332</out_Quantity.quantity></Point><Point><position>5401</position><in_Quantity.quantity>0.000000</in_Quantity.quantity><out_Quantity.quantity>195.908007</out_Quantity.quantity></Point><Point><position>5402</position><in_Quantity.quantity>0.000000</in_Quantity.quantity><out_Quantity.quantity>390.979208</out_Quantity.quantity></Point><Point><position>5403</position><in_Quantity.quantity>0.000000</in_Quantity.quantity><out_Quantity.quantity>959.056431</out_Quantity.quantity></Point><Point><position>5404</position><in_Quantity.quantity>0.000000</in_Quantity.quantity><out_Quantity.quantity>807.373300</out_Quantity.quantity></Point><Point><position>5405</position><in_Quantity.quantity>0.000000</in_Quantity.quantity><out_Quantity.quantity>293.428068</out_Quantity.quantity></Point><Point><position>5406</position><in_Quantity.quantity>0.000000</in_Quantity.quantity><out_Quantity.quantity>81.035349</out_Quantity.quantity></Point><Point><position>5407</position><in_Quantity.quantity>0.000000</in_Quantity.quantity><out_Quantity.quantity>773.873508</out_Quantity.quantity></Point><Point><position>5408</position><in_Quantity.quantity>0.000000</in_Quantity.quantity><out_Quantity.quantity>561.358419</out_Quantity.quantity></Point><Point><position>5409</position><in_Quantity.quantity>0.000000</in_Quantity.quantity><out_Quantity.quantity>897.085900</out_Quantity.quantity></Point><Point><position>5410</position><in_Quantity.quantity>0.000000</in_Quantity.quantity><out_Quantity.quantity>746.106324</out_Quantity.quantity></Point><Point><position>5411</position><in_Quantity.quantity>0.000000</in_Quantity.quantity><out_Quantity.quantity>632.850442</out_Quantity.quantity></Point><Point><position>5412</position><in_Quantity.quantity>0.000000</in_Quantity.quantity><out_Quantity.quantity>145.311308</out_Quantity.quantity></Point><Point><position>5413</position><in_Quantity.quantity>0.000000</in_Quantity.quantity><out_Quantity.quantity>93.742420</out_Quantity.quantity></Point><Point><position>5414</position><in_Quantity.quantity>0.000000</in_Quantity.quantity><out_Quantity.quantity>203.767321</out_Quantity.quantity></Point><Point><position>5415</position><in_Quantity.quantity>0.000000</in_Quantity.quantity><out_Quantity.quantity>887.822928</out_Quantity.quantity></Point><Point><position>5416</position><in_Quantity.quantity>0.000000</in_Quantity.quantity><out_Quantity.quantity>886.516868</out_Quantity.quantity></Point><Point><position>5417</position><in_Quantity.quantity>0.000000</in_Quantity.quantity><out_Quantity.quantity>893.819322</out_Quantity.quantity></Point><Point><position>5418</position><in_Quantity.quantity>0.000000</in_Quantity.quantity><out_Quantity.quantity>976.416617</out_Quantity.quantity></Point><Point><position>5419</position><in_Quantity.quantity>0.000000</in_Quantity.quantity><out_Quantity.quantity>590.768048</out_Quantity.quantity></Point><Point><position>5420</position><in_Quantity.quantity>0.000000</in_Quantity.quantity><out_Quantity.quantity>881.184155</out_Quantity.quantity></Point><Point><position>5421</position><in_Quantity.quantity>0.000000</in_Quantity.quantity><out_Quantity.quantity>820.670173</out_Quantity.quantity></Point><Point><position>5422</position><in_Quantity.quantity>0.000000</in_Quantity.quantity><out_Quantity.quantity>408.219307</out_Quantity.quantity></Point><Point><position>5423</position><in_Quantity.quantity>0.000000</in_Quantity.quantity><out_Quantity.quantity>225.939168</out_Quantity.quantity></Point><Point><position>5424</position><in_Quantity.quantity>0.000000</in_Quantity.quantity><out_Quantity.quantity>794.302369</out_Quantity.quantity></Point><Point><position>5425</position><in_Quantity.quantity>0.000000</in_Quantity.quantity><out_Quantity.quantity>849.525145</out_Quantity.quantity></Point><Point><position>5426</position><in_Quantity.quantity>0.000000</in_Quantity.quantity><out_Quantity.quantity>113.644673</out_Quantity.quantity></Point><Point><position>5427</position><in_Quantity.quantity>0.000000</in_Quantity.quantity><out_Quantity.quantity>186.763387</out_Quantity.quantity></Point><Point><position>5428</position><in_Quantity.quantity>0.000000</in_Quantity.quantity><out_Quantity.quantity>555.117152</out_Quantity.quantity></Point><Point><position>5429</position><in_Quantity.quantity>0.000000</in_Quantity.quantity><out_Quantity.quantity>130.132095</out_Quantity.quantity></Point><Point><position>5430</position><in_Quantity.quantity>0.000000</in_Quantity.quantity><out_Quantity.quantity>711.634567</out_Quantity.quantity></Point><Point><position>5431</position><in_Quantity.quantity>0.000000</in_Quantity.quantity><out_Quantity.quantity>571.034875</out_Quantity.quantity></Point><Point><position>5432</position><in_Quantity.quantity>0.000000</in_Quantity.quantity><out_Quantity.quantity>482.813593</out_Quantity.quantity></Point><Point><position>5433</position><in_Quantity.quantity>0.000000</in_Quantity.quantity><out_Quantity.quantity>346.571113</out_Quantity.quantity></Point><Point><position>5434</position><in_Quantity.quantity>0.000000</in_Quantity.quantity><out_Quantity.quantity>18.622840</out_Quantity.quantity></Point><Point><position>5435</position><in_Quantity.quantity>0.000000</in_Quantity.quantity><out_Quantity.quantity>876.851806</out_Quantity.quantity></Point><Point><position>5436</position><in_Quantity.quantity>0.000000</in_Quantity.quantity><out_Quantity.quantity>658.032660</out_Quantity.quantity></Point><Point><position>5437</position><in_Quantity.quantity>0.000000</in_Quantity.quantity><out_Quantity.quantity>90.088207</out_Quantity.quantity></Point><Point><position>5438</position><in_Quantity.quantity>0.000000</in_Quantity.quantity><out_Quantity.quantity>609.692991</out_Quantity.quantity></Point><Point><position>5439</position><in_Quantity.quantity>0.000000</in_Quantity.quantity><out_Quantity.quantity>555.820413</out_Quantity.quantity></Point><Point><position>5440</position><in_Quantity.quantity>0.000000</in_Quantity.quantity><out_Quantity.quantity>732.228336</out_Quantity.quantity></Point><Point><position>5441</position><in_Quantity.quantity>0.000000</in_Quantity.quantity><out_Quantity.quantity>338.822855</out_Quantity.quantity></Point><Point><position>5442</position><in_Quantity.quantity>0.000000</in_Quantity.quantity><out_Quantity.quantity>350.015179</out_Quantity.quantity></Point><Point><position>5443</position><in_Quantity.quantity>0.000000</in_Quantity.quantity><out_Quantity.quantity>825.784583</out_Quantity.quantity></Point><Point><position>5444</position><in_Quantity.quantity>0.000000</in_Quantity.quantity><out_Quantity.quantity>304.166095</out_Quantity.quantity></Point><Point><position>5445</position><in_Quantity.quantity>0.000000</in_Quantity.quantity><out_Quantity.quantity>892.317749</out_Quantity.quantity></Point><Point><position>5446</position><in_Quantity.quantity>0.000000</in_Quantity.quantity><out_Quantity.quantity>351.673533</out_Quantity.quantity></Point><Point><position>5447</position><in_Quantity.quantity>0.000000</in_Quantity.quantity><out_Quantity.quantity>23.696980</out_Quantity.quantity></Point><Point><position>5448</position><in_Quantity.quantity>0.000000</in_Quantity.quantity><out_Quantity.quantity>729.413137</out_Quantity.quantity></Point><Point><position>5449</position><in_Quantity.quantity>0.000000</in_Quantity.quantity><out_Quantity.quantity>944.261679</out_Quantity.quantity></Point><Point><position>5450</position><in_Quantity.quantity>0.000000</in_Quantity.quantity><out_Quantity.quantity>952.106654</out_Quantity.quantity></Point><Point><position>5451</position><in_Quantity.quantity>0.000000</in_Quantity.quantity><out_Quantity.quantity>172.986691</out_Quantity.quantity></Point><Point><position>5452</position><in_Quantity.quantity>0.000000</in_Quantity.quantity><out_Quantity.quantity>581.312089</out_Quantity.quantity></Point><Point><position>5453</position><in_Quantity.quantity>0.000000</in_Quantity.quantity><out_Quantity.quantity>207.557114</out_Quantity.quantity></Point><Point><position>5454</position><in_Quantity.quantity>0.000000</in_Quantity.quantity><out_Quantity.quantity>487.021911</out_Quantity.quantity></Point><Point><position>5455</position><in_Quantity.quantity>0.000000</in_Quantity.quantity><out_Quantity.quantity>140.300096</out_Quantity.quantity></Point><Point><position>5456</position><in_Quantity.quantity>0.000000</in_Quantity.quantity><out_Quantity.quantity>407.048308</out_Quantity.quantity></Point><Point><position>5457</position><in_Quantity.quantity>0.000000</in_Quantity.quantity><out_Quantity.quantity>762.746533</out_Quantity.quantity></Point><Point><position>5458</position><in_Quantity.quantity>0.000000</in_Quantity.quantity><out_Quantity.quantity>871.556485</out_Quantity.quantity></Point><Point><position>5459</position><in_Quantity.quantity>0.000000</in_Quantity.quantity><out_Quantity.quantity>314.521409</out_Quantity.quantity></Point><Point><position>5460</position><in_Quantity.quantity>0.000000</in_Quantity.quantity><out_Quantity.quantity>997.186906</out_Quantity.quantity></Point><Point><position>5461</position><in_Quantity.quantity>0.000000</in_Quantity.quantity><out_Quantity.quantity>6.688798</out_Quantity.quantity></Point><Point><position>5462</position><in_Quantity.quantity>0.000000</in_Quantity.quantity><out_Quantity.quantity>312.243888</out_Quantity.quantity></Point><Point><position>5463</position><in_Quantity.quantity>0.000000</in_Quantity.quantity><out_Quantity.quantity>778.474708</out_Quantity.quantity></Point><Point><position>5464</position><in_Quantity.quantity>0.000000</in_Quantity.quantity><out_Quantity.quantity>999.900235</out_Quantity.quantity></Point><Point><position>5465</position><in_Quantity.quantity>0.000000</in_Quantity.quantity><out_Quantity.quantity>686.446811</out_Quantity.quantity></Point><Point><position>5466</position><in_Quantity.quantity>0.000000</in_Quantity.quantity><out_Quantity.quantity>889.453570</out_Quantity.quantity></Point><Point><position>5467</position><in_Quantity.quantity>0.000000</in_Quantity.quantity><out_Quantity.quantity>480.796206</out_Quantity.quantity></Point><Point><position>5468</position><in_Quantity.quantity>0.000000</in_Quantity.quantity><out_Quantity.quantity>113.070498</out_Quantity.quantity></Point><Point><position>5469</position><in_Quantity.quantity>0.000000</in_Quantity.quantity><out_Quantity.quantity>34.437348</out_Quantity.quantity></Point><Point><position>5470</position><in_Quantity.quantity>0.000000</in_Quantity.quantity><out_Quantity.quantity>276.417915</out_Quantity.quantity></Point><Point><position>5471</position><in_Quantity.quantity>0.000000</in_Quantity.quantity><out_Quantity.quantity>292.627877</out_Quantity.quantity></Point><Point><position>5472</position><in_Quantity.quantity>0.000000</in_Quantity.quantity><out_Quantity.quantity>466.123205</out_Quantity.quantity></Point><Point><position>5473</position><in_Quantity.quantity>0.000000</in_Quantity.quantity><out_Quantity.quantity>507.216959</out_Quantity.quantity></Point><Point><position>5474</position><in_Quantity.quantity>0.000000</in_Quantity.quantity><out_Quantity.quantity>451.582728</out_Quantity.quantity></Point><Point><position>5475</position><in_Quantity.quantity>0.000000</in_Quantity.quantity><out_Quantity.quantity>454.762789</out_Quantity.quantity></Point><Point><position>5476</position><in_Quantity.quantity>0.000000</in_Quantity.quantity><out_Quantity.quantity>274.348075</out_Quantity.quantity></Point><Point><position>5477</position><in_Quantity.quantity>0.000000</in_Quantity.quantity><out_Quantity.quantity>856.498883</out_Quantity.quantity></Point><Point><position>5478</position><in_Quantity.quantity>0.000000</in_Quantity.quantity><out_Quantity.quantity>18.180505</out_Quantity.quantity></Point><Point><position>5479</position><in_Quantity.quantity>0.000000</in_Quantity.quantity><out_Quantity.quantity>268.352901</out_Quantity.quantity></Point><Point><position>5480</position><in_Quantity.quantity>0.000000</in_Quantity.quantity><out_Quantity.quantity>631.607892</out_Quantity.quantity></Point><Point><position>5481</position><in_Quantity.quantity>0.000000</in_Quantity.quantity><out_Quantity.quantity>329.632657</out_Quantity.quantity></Point><Point><position>5482</position><in_Quantity.quantity>0.000000</in_Quantity.quantity><out_Quantity.quantity>817.183639</out_Quantity.quantity></Point><Point><position>5483</position><in_Quantity.quantity>0.000000</in_Quantity.quantity><out_Quantity.quantity>883.001147</out_Quantity.quantity></Point><Point><position>5484</position><in_Quantity.quantity>0.000000</in_Quantity.quantity><out_Quantity.quantity>424.254781</out_Quantity.quantity></Point><Point><position>5485</position><in_Quantity.quantity>0.000000</in_Quantity.quantity><out_Quantity.quantity>974.424001</out_Quantity.quantity></Point><Point><position>5486</position><in_Quantity.quantity>0.000000</in_Quantity.quantity><out_Quantity.quantity>202.581990</out_Quantity.quantity></Point><Point><position>5487</position><in_Quantity.quantity>0.000000</in_Quantity.quantity><out_Quantity.quantity>950.250111</out_Quantity.quantity></Point><Point><position>5488</position><in_Quantity.quantity>0.000000</in_Quantity.quantity><out_Quantity.quantity>651.733526</out_Quantity.quantity></Point><Point><position>5489</position><in_Quantity.quantity>0.000000</in_Quantity.quantity><out_Quantity.quantity>176.131019</out_Quantity.quantity></Point><Point><position>5490</position><in_Quantity.quantity>0.000000</in_Quantity.quantity><out_Quantity.quantity>438.864153</out_Quantity.quantity></Point><Point><position>5491</position><in_Quantity.quantity>0.000000</in_Quantity.quantity><out_Quantity.quantity>476.585251</out_Quantity.quantity></Point><Point><position>5492</position><in_Quantity.quantity>0.000000</in_Quantity.quantity><out_Quantity.quantity>569.899493</out_Quantity.quantity></Point><Point><position>5493</position><in_Quantity.quantity>0.000000</in_Quantity.quantity><out_Quantity.quantity>987.017741</out_Quantity.quantity></Point><Point><position>5494</position><in_Quantity.quantity>0.000000</in_Quantity.quantity><out_Quantity.quantity>283.636626</out_Quantity.quantity></Point><Point><position>5495</position><in_Quantity.quantity>0.000000</in_Quantity.quantity><out_Quantity.quantity>376.890537</out_Quantity.quantity></Point><Point><position>5496</position><in_Quantity.quantity>0.000000</in_Quantity.quantity><out_Quantity.quantity>796.057485</out_Quantity.quantity></Point><Point><position>5497</position><in_Quantity.quantity>0.000000</in_Quantity.quantity><out_Quantity.quantity>558.673599</out_Quantity.quantity></Point><Point><position>5498</position><in_Quantity.quantity>0.000000</in_Quantity.quantity><out_Quantity.quantity>904.233418</out_Quantity.quantity></Point><Point><position>5499</position><in_Quantity.quantity>0.000000</in_Quantity.quantity><out_Quantity.quantity>698.229354</out_Quantity.quantity></Point><Point><position>5500</position><in_Quantity.quantity>0.000000</in_Quantity.quantity><out_Quantity.quantity>165.364010</out_Quantity.quantity></Point><Point><position>5501</position><in_Quantity.quantity>0.000000</in_Quantity.quantity><out_Quantity.quantity>439.481453</out_Quantity.quantity></Point><Point><position>5502</position><in_Quantity.quantity>0.000000</in_Quantity.quantity><out_Quantity.quantity>298.174853</out_Quantity.quantity></Point><Point><position>5503</position><in_Quantity.quantity>0.000000</in_Quantity.quantity><out_Quantity.quantity>955.911923</out_Quantity.quantity></Point><Point><position>5504</position><in_Quantity.quantity>0.000000</in_Quantity.quantity><out_Quantity.quantity>543.528974</out_Quantity.quantity></Point><Point><position>5505</position><in_Quantity.quantity>0.000000</in_Quantity.quantity><out_Quantity.quantity>704.450220</out_Quantity.quantity></Point><Point><position>5506</position><in_Quantity.quantity>0.000000</in_Quantity.quantity><out_Quantity.quantity>80.996530</out_Quantity.quantity></Point><Point><position>5507</position><in_Quantity.quantity>0.000000</in_Quantity.quantity><out_Quantity.quantity>585.656718</out_Quantity.quantity></Point><Point><position>5508</position><in_Quantity.quantity>0.000000</in_Quantity.quantity><out_Quantity.quantity>196.217170</out_Quantity.quantity></Point><Point><position>5509</position><in_Quantity.quantity>0.000000</in_Quantity.quantity><out_Quantity.quantity>411.680683</out_Quantity.quantity></Point><Point><position>5510</position><in_Quantity.quantity>0.000000</in_Quantity.quantity><out_Quantity.quantity>179.617057</out_Quantity.quantity></Point><Point><position>5511</position><in_Quantity.quantity>0.000000</in_Quantity.quantity><out_Quantity.quantity>736.563419</out_Quantity.quantity></Point><Point><position>5512</position><in_Quantity.quantity>0.000000</in_Quantity.quantity><out_Quantity.quantity>21.691576</out_Quantity.quantity></Point><Point><position>5513</position><in_Quantity.quantity>0.000000</in_Quantity.quantity><out_Quantity.quantity>815.835456</out_Quantity.quantity></Point><Point><position>5514</position><in_Quantity.quantity>0.000000</in_Quantity.quantity><out_Quantity.quantity>397.506988</out_Quantity.quantity></Point><Point><position>5515</position><in_Quantity.quantity>0.000000</in_Quantity.quantity><out_Quantity.quantity>266.416005</out_Quantity.quantity></Point><Point><position>5516</position><in_Quantity.quantity>0.000000</in_Quantity.quantity><out_Quantity.quantity>534.374052</out_Quantity.quantity></Point><Point><position>5517</position><in_Quantity.quantity>0.000000</in_Quantity.quantity><out_Quantity.quantity>848.497006</out_Quantity.quantity></Point><Point><position>5518</position><in_Quantity.quantity>0.000000</in_Quantity.quantity><out_Quantity.quantity>895.542707</out_Quantity.quantity></Point><Point><position>5519</position><in_Quantity.quantity>0.000000</in_Quantity.quantity><out_Quantity.quantity>177.723908</out_Quantity.quantity></Point><Point><position>5520</position><in_Quantity.quantity>0.000000</in_Quantity.quantity><out_Quantity.quantity>782.519751</out_Quantity.quantity></Point><Point><position>5521</position><in_Quantity.quantity>0.000000</in_Quantity.quantity><out_Quantity.quantity>994.309991</out_Quantity.quantity></Point><Point><position>5522</position><in_Quantity.quantity>0.000000</in_Quantity.quantity><out_Quantity.quantity>493.169828</out_Quantity.quantity></Point><Point><position>5523</position><in_Quantity.quantity>0.000000</in_Quantity.quantity><out_Quantity.quantity>452.070055</out_Quantity.quantity></Point><Point><position>5524</position><in_Quantity.quantity>0.000000</in_Quantity.quantity><out_Quantity.quantity>827.112915</out_Quantity.quantity></Point><Point><position>5525</position><in_Quantity.quantity>0.000000</in_Quantity.quantity><out_Quantity.quantity>944.929597</out_Quantity.quantity></Point><Point><position>5526</position><in_Quantity.quantity>0.000000</in_Quantity.quantity><out_Quantity.quantity>335.713853</out_Quantity.quantity></Point><Point><position>5527</position><in_Quantity.quantity>0.000000</in_Quantity.quantity><out_Quantity.quantity>934.621588</out_Quantity.quantity></Point><Point><position>5528</position><in_Quantity.quantity>0.000000</in_Quantity.quantity><out_Quantity.quantity>554.525321</out_Quantity.quantity></Point><Point><position>5529</position><in_Quantity.quantity>0.000000</in_Quantity.quantity><out_Quantity.quantity>404.679028</out_Quantity.quantity></Point><Point><position>5530</position><in_Quantity.quantity>0.000000</in_Quantity.quantity><out_Quantity.quantity>271.490436</out_Quantity.quantity></Point><Point><position>5531</position><in_Quantity.quantity>0.000000</in_Quantity.quantity><out_Quantity.quantity>442.727726</out_Quantity.quantity></Point><Point><position>5532</position><in_Quantity.quantity>0.000000</in_Quantity.quantity><out_Quantity.quantity>464.677611</out_Quantity.quantity></Point><Point><position>5533</position><in_Quantity.quantity>0.000000</in_Quantity.quantity><out_Quantity.quantity>971.813509</out_Quantity.quantity></Point><Point><position>5534</position><in_Quantity.quantity>0.000000</in_Quantity.quantity><out_Quantity.quantity>68.204730</out_Quantity.quantity></Point><Point><position>5535</position><in_Quantity.quantity>0.000000</in_Quantity.quantity><out_Quantity.quantity>8.638190</out_Quantity.quantity></Point><Point><position>5536</position><in_Quantity.quantity>0.000000</in_Quantity.quantity><out_Quantity.quantity>724.397757</out_Quantity.quantity></Point><Point><position>5537</position><in_Quantity.quantity>0.000000</in_Quantity.quantity><out_Quantity.quantity>143.200562</out_Quantity.quantity></Point><Point><position>5538</position><in_Quantity.quantity>0.000000</in_Quantity.quantity><out_Quantity.quantity>950.310797</out_Quantity.quantity></Point><Point><position>5539</position><in_Quantity.quantity>0.000000</in_Quantity.quantity><out_Quantity.quantity>600.796994</out_Quantity.quantity></Point><Point><position>5540</position><in_Quantity.quantity>0.000000</in_Quantity.quantity><out_Quantity.quantity>909.416216</out_Quantity.quantity></Point><Point><position>5541</position><in_Quantity.quantity>0.000000</in_Quantity.quantity><out_Quantity.quantity>581.948584</out_Quantity.quantity></Point><Point><position>5542</position><in_Quantity.quantity>0.000000</in_Quantity.quantity><out_Quantity.quantity>543.406745</out_Quantity.quantity></Point><Point><position>5543</position><in_Quantity.quantity>0.000000</in_Quantity.quantity><out_Quantity.quantity>660.288329</out_Quantity.quantity></Point><Point><position>5544</position><in_Quantity.quantity>0.000000</in_Quantity.quantity><out_Quantity.quantity>814.831288</out_Quantity.quantity></Point><Point><position>5545</position><in_Quantity.quantity>0.000000</in_Quantity.quantity><out_Quantity.quantity>607.123778</out_Quantity.quantity></Point><Point><position>5546</position><in_Quantity.quantity>0.000000</in_Quantity.quantity><out_Quantity.quantity>641.459967</out_Quantity.quantity></Point><Point><position>5547</position><in_Quantity.quantity>0.000000</in_Quantity.quantity><out_Quantity.quantity>475.386714</out_Quantity.quantity></Point><Point><position>5548</position><in_Quantity.quantity>0.000000</in_Quantity.quantity><out_Quantity.quantity>835.965876</out_Quantity.quantity></Point><Point><position>5549</position><in_Quantity.quantity>0.000000</in_Quantity.quantity><out_Quantity.quantity>157.440265</out_Quantity.quantity></Point><Point><position>5550</position><in_Quantity.quantity>0.000000</in_Quantity.quantity><out_Quantity.quantity>12.693098</out_Quantity.quantity></Point><Point><position>5551</position><in_Quantity.quantity>0.000000</in_Quantity.quantity><out_Quantity.quantity>278.753995</out_Quantity.quantity></Point><Point><position>5552</position><in_Quantity.quantity>0.000000</in_Quantity.quantity><out_Quantity.quantity>274.684153</out_Quantity.quantity></Point><Point><position>5553</position><in_Quantity.quantity>0.000000</in_Quantity.quantity><out_Quantity.quantity>483.622260</out_Quantity.quantity></Point><Point><position>5554</position><in_Quantity.quantity>0.000000</in_Quantity.quantity><out_Quantity.quantity>690.877186</out_Quantity.quantity></Point><Point><position>5555</position><in_Quantity.quantity>0.000000</in_Quantity.quantity><out_Quantity.quantity>282.331135</out_Quantity.quantity></Point><Point><position>5556</position><in_Quantity.quantity>0.000000</in_Quantity.quantity><out_Quantity.quantity>336.625777</out_Quantity.quantity></Point><Point><position>5557</position><in_Quantity.quantity>0.000000</in_Quantity.quantity><out_Quantity.quantity>890.122467</out_Quantity.quantity></Point><Point><position>5558</position><in_Quantity.quantity>0.000000</in_Quantity.quantity><out_Quantity.quantity>985.554087</out_Quantity.quantity></Point><Point><position>5559</position><in_Quantity.quantity>0.000000</in_Quantity.quantity><out_Quantity.quantity>624.039218</out_Quantity.quantity></Point><Point><position>5560</position><in_Quantity.quantity>0.000000</in_Quantity.quantity><out_Quantity.quantity>398.828438</out_Quantity.quantity></Point><Point><position>5561</position><in_Quantity.quantity>0.000000</in_Quantity.quantity><out_Quantity.quantity>195.598979</out_Quantity.quantity></Point><Point><position>5562</position><in_Quantity.quantity>0.000000</in_Quantity.quantity><out_Quantity.quantity>574.724920</out_Quantity.quantity></Point><Point><position>5563</position><in_Quantity.quantity>0.000000</in_Quantity.quantity><out_Quantity.quantity>460.652485</out_Quantity.quantity></Point><Point><position>5564</position><in_Quantity.quantity>0.000000</in_Quantity.quantity><out_Quantity.quantity>822.952791</out_Quantity.quantity></Point><Point><position>5565</position><in_Quantity.quantity>0.000000</in_Quantity.quantity><out_Quantity.quantity>951.862351</out_Quantity.quantity></Point><Point><position>5566</position><in_Quantity.quantity>0.000000</in_Quantity.quantity><out_Quantity.quantity>237.595789</out_Quantity.quantity></Point><Point><position>5567</position><in_Quantity.quantity>0.000000</in_Quantity.quantity><out_Quantity.quantity>427.191996</out_Quantity.quantity></Point><Point><position>5568</position><in_Quantity.quantity>0.000000</in_Quantity.quantity><out_Quantity.quantity>211.044033</out_Quantity.quantity></Point><Point><position>5569</position><in_Quantity.quantity>0.000000</in_Quantity.quantity><out_Quantity.quantity>11.968070</out_Quantity.quantity></Point><Point><position>5570</position><in_Quantity.quantity>0.000000</in_Quantity.quantity><out_Quantity.quantity>690.674873</out_Quantity.quantity></Point><Point><position>5571</position><in_Quantity.quantity>0.000000</in_Quantity.quantity><out_Quantity.quantity>296.649068</out_Quantity.quantity></Point><Point><position>5572</position><in_Quantity.quantity>0.000000</in_Quantity.quantity><out_Quantity.quantity>246.913040</out_Quantity.quantity></Point><Point><position>5573</position><in_Quantity.quantity>0.000000</in_Quantity.quantity><out_Quantity.quantity>301.245816</out_Quantity.quantity></Point><Point><position>5574</position><in_Quantity.quantity>0.000000</in_Quantity.quantity><out_Quantity.quantity>803.507083</out_Quantity.quantity></Point><Point><position>5575</position><in_Quantity.quantity>0.000000</in_Quantity.quantity><out_Quantity.quantity>534.074116</out_Quantity.quantity></Point><Point><position>5576</position><in_Quantity.quantity>0.000000</in_Quantity.quantity><out_Quantity.quantity>809.471156</out_Quantity.quantity></Point><Point><position>5577</position><in_Quantity.quantity>0.000000</in_Quantity.quantity><out_Quantity.quantity>823.497017</out_Quantity.quantity></Point><Point><position>5578</position><in_Quantity.quantity>0.000000</in_Quantity.quantity><out_Quantity.quantity>668.406752</out_Quantity.quantity></Point><Point><position>5579</position><in_Quantity.quantity>0.000000</in_Quantity.quantity><out_Quantity.quantity>734.051876</out_Quantity.quantity></Point><Point><position>5580</position><in_Quantity.quantity>0.000000</in_Quantity.quantity><out_Quantity.quantity>205.451432</out_Quantity.quantity></Point><Point><position>5581</position><in_Quantity.quantity>0.000000</in_Quantity.quantity><out_Quantity.quantity>924.168876</out_Quantity.quantity></Point><Point><position>5582</position><in_Quantity.quantity>0.000000</in_Quantity.quantity><out_Quantity.quantity>334.902503</out_Quantity.quantity></Point><Point><position>5583</position><in_Quantity.quantity>0.000000</in_Quantity.quantity><out_Quantity.quantity>189.859492</out_Quantity.quantity></Point><Point><position>5584</position><in_Quantity.quantity>0.000000</in_Quantity.quantity><out_Quantity.quantity>535.619523</out_Quantity.quantity></Point><Point><position>5585</position><in_Quantity.quantity>0.000000</in_Quantity.quantity><out_Quantity.quantity>526.929734</out_Quantity.quantity></Point><Point><position>5586</position><in_Quantity.quantity>0.000000</in_Quantity.quantity><out_Quantity.quantity>458.988289</out_Quantity.quantity></Point><Point><position>5587</position><in_Quantity.quantity>0.000000</in_Quantity.quantity><out_Quantity.quantity>728.814932</out_Quantity.quantity></Point><Point><position>5588</position><in_Quantity.quantity>0.000000</in_Quantity.quantity><out_Quantity.quantity>622.334364</out_Quantity.quantity></Point><Point><position>5589</position><in_Quantity.quantity>0.000000</in_Quantity.quantity><out_Quantity.quantity>985.346510</out_Quantity.quantity></Point><Point><position>5590</position><in_Quantity.quantity>0.000000</in_Quantity.quantity><out_Quantity.quantity>484.314008</out_Quantity.quantity></Point><Point><position>5591</position><in_Quantity.quantity>0.000000</in_Quantity.quantity><out_Quantity.quantity>519.934339</out_Quantity.quantity></Point><Point><position>5592</position><in_Quantity.quantity>0.000000</in_Quantity.quantity><out_Quantity.quantity>948.926075</out_Quantity.quantity></Point><Point><position>5593</position><in_Quantity.quantity>0.000000</in_Quantity.quantity><out_Quantity.quantity>39.215646</out_Quantity.quantity></Point><Point><position>5594</position><in_Quantity.quantity>0.000000</in_Quantity.quantity><out_Quantity.quantity>656.558774</out_Quantity.quantity></Point><Point><position>5595</position><in_Quantity.quantity>0.000000</in_Quantity.quantity><out_Quantity.quantity>881.467829</out_Quantity.quantity></Point><Point><position>5596</position><in_Quantity.quantity>0.000000</in_Quantity.quantity><out_Quantity.quantity>42.683112</out_Quantity.quantity></Point><Point><position>5597</position><in_Quantity.quantity>0.000000</in_Quantity.quantity><out_Quantity.quantity>664.536690</out_Quantity.quantity></Point><Point><position>5598</position><in_Quantity.quantity>0.000000</in_Quantity.quantity><out_Quantity.quantity>972.529330</out_Quantity.quantity></Point><Point><position>5599</position><in_Quantity.quantity>0.000000</in_Quantity.quantity><out_Quantity.quantity>295.440685</out_Quantity.quantity></Point><Point><position>5600</position><in_Quantity.quantity>0.000000</in_Quantity.quantity><out_Quantity.quantity>117.906329</out_Quantity.quantity></Point><Point><position>5601</position><in_Quantity.quantity>0.000000</in_Quantity.quantity><out_Quantity.quantity>931.787314</out_Quantity.quantity></Point><Point><position>5602</position><in_Quantity.quantity>0.000000</in_Quantity.quantity><out_Quantity.quantity>988.433344</out_Quantity.quantity></Point><Point><position>5603</position><in_Quantity.quantity>0.000000</in_Quantity.quantity><out_Quantity.quantity>899.300714</out_Quantity.quantity></Point><Point><position>5604</position><in_Quantity.quantity>0.000000</in_Quantity.quantity><out_Quantity.quantity>627.290256</out_Quantity.quantity></Point><Point><position>5605</position><in_Quantity.quantity>0.000000</in_Quantity.quantity><out_Quantity.quantity>657.324292</out_Quantity.quantity></Point><Point><position>5606</position><in_Quantity.quantity>0.000000</in_Quantity.quantity><out_Quantity.quantity>613.337892</out_Quantity.quantity></Point><Point><position>5607</position><in_Quantity.quantity>0.000000</in_Quantity.quantity><out_Quantity.quantity>318.584241</out_Quantity.quantity></Point><Point><position>5608</position><in_Quantity.quantity>0.000000</in_Quantity.quantity><out_Quantity.quantity>419.974274</out_Quantity.quantity></Point><Point><position>5609</position><in_Quantity.quantity>0.000000</in_Quantity.quantity><out_Quantity.quantity>171.394143</out_Quantity.quantity></Point><Point><position>5610</position><in_Quantity.quantity>0.000000</in_Quantity.quantity><out_Quantity.quantity>814.950957</out_Quantity.quantity></Point><Point><position>5611</position><in_Quantity.quantity>0.000000</in_Quantity.quantity><out_Quantity.quantity>305.237542</out_Quantity.quantity></Point><Point><position>5612</position><in_Quantity.quantity>0.000000</in_Quantity.quantity><out_Quantity.quantity>499.849544</out_Quantity.quantity></Point><Point><position>5613</position><in_Quantity.quantity>0.000000</in_Quantity.quantity><out_Quantity.quantity>829.595655</out_Quantity.quantity></Point><Point><position>5614</position><in_Quantity.quantity>0.000000</in_Quantity.quantity><out_Quantity.quantity>463.296006</out_Quantity.quantity></Point><Point><position>5615</position><in_Quantity.quantity>0.000000</in_Quantity.quantity><out_Quantity.quantity>296.137523</out_Quantity.quantity></Point><Point><position>5616</position><in_Quantity.quantity>0.000000</in_Quantity.quantity><out_Quantity.quantity>798.718558</out_Quantity.quantity></Point><Point><position>5617</position><in_Quantity.quantity>0.000000</in_Quantity.quantity><out_Quantity.quantity>236.177486</out_Quantity.quantity></Point><Point><position>5618</position><in_Quantity.quantity>0.000000</in_Quantity.quantity><out_Quantity.quantity>182.580075</out_Quantity.quantity></Point><Point><position>5619</position><in_Quantity.quantity>0.000000</in_Quantity.quantity><out_Quantity.quantity>141.987812</out_Quantity.quantity></Point><Point><position>5620</position><in_Quantity.quantity>0.000000</in_Quantity.quantity><out_Quantity.quantity>944.160169</out_Quantity.quantity></Point><Point><position>5621</position><in_Quantity.quantity>0.000000</in_Quantity.quantity><out_Quantity.quantity>102.914248</out_Quantity.quantity></Point><Point><position>5622</position><in_Quantity.quantity>0.000000</in_Quantity.quantity><out_Quantity.quantity>190.194487</out_Quantity.quantity></Point><Point><position>5623</position><in_Quantity.quantity>0.000000</in_Quantity.quantity><out_Quantity.quantity>526.866154</out_Quantity.quantity></Point><Point><position>5624</position><in_Quantity.quantity>0.000000</in_Quantity.quantity><out_Quantity.quantity>395.844367</out_Quantity.quantity></Point><Point><position>5625</position><in_Quantity.quantity>0.000000</in_Quantity.quantity><out_Quantity.quantity>803.403489</out_Quantity.quantity></Point><Point><position>5626</position><in_Quantity.quantity>0.000000</in_Quantity.quantity><out_Quantity.quantity>560.736440</out_Quantity.quantity></Point><Point><position>5627</position><in_Quantity.quantity>0.000000</in_Quantity.quantity><out_Quantity.quantity>790.197003</out_Quantity.quantity></Point><Point><position>5628</position><in_Quantity.quantity>0.000000</in_Quantity.quantity><out_Quantity.quantity>397.463344</out_Quantity.quantity></Point><Point><position>5629</position><in_Quantity.quantity>0.000000</in_Quantity.quantity><out_Quantity.quantity>46.790963</out_Quantity.quantity></Point><Point><position>5630</position><in_Quantity.quantity>0.000000</in_Quantity.quantity><out_Quantity.quantity>515.885122</out_Quantity.quantity></Point><Point><position>5631</position><in_Quantity.quantity>0.000000</in_Quantity.quantity><out_Quantity.quantity>138.779399</out_Quantity.quantity></Point><Point><position>5632</position><in_Quantity.quantity>0.000000</in_Quantity.quantity><out_Quantity.quantity>58.405007</out_Quantity.quantity></Point><Point><position>5633</position><in_Quantity.quantity>0.000000</in_Quantity.quantity><out_Quantity.quantity>29.881720</out_Quantity.quantity></Point><Point><position>5634</position><in_Quantity.quantity>0.000000</in_Quantity.quantity><out_Quantity.quantity>523.252955</out_Quantity.quantity></Point><Point><position>5635</position><in_Quantity.quantity>0.000000</in_Quantity.quantity><out_Quantity.quantity>877.545395</out_Quantity.quantity></Point><Point><position>5636</position><in_Quantity.quantity>0.000000</in_Quantity.quantity><out_Quantity.quantity>918.625484</out_Quantity.quantity></Point><Point><position>5637</position><in_Quantity.quantity>0.000000</in_Quantity.quantity><out_Quantity.quantity>494.927343</out_Quantity.quantity></Point><Point><position>5638</position><in_Quantity.quantity>0.000000</in_Quantity.quantity><out_Quantity.quantity>476.799430</out_Quantity.quantity></Point><Point><position>5639</position><in_Quantity.quantity>0.000000</in_Quantity.quantity><out_Quantity.quantity>302.502312</out_Quantity.quantity></Point><Point><position>5640</position><in_Quantity.quantity>0.000000</in_Quantity.quantity><out_Quantity.quantity>736.723028</out_Quantity.quantity></Point><Point><position>5641</position><in_Quantity.quantity>0.000000</in_Quantity.quantity><out_Quantity.quantity>837.886682</out_Quantity.quantity></Point><Point><position>5642</position><in_Quantity.quantity>0.000000</in_Quantity.quantity><out_Quantity.quantity>979.897278</out_Quantity.quantity></Point><Point><position>5643</position><in_Quantity.quantity>0.000000</in_Quantity.quantity><out_Quantity.quantity>330.767246</out_Quantity.quantity></Point><Point><position>5644</position><in_Quantity.quantity>0.000000</in_Quantity.quantity><out_Quantity.quantity>616.041576</out_Quantity.quantity></Point><Point><position>5645</position><in_Quantity.quantity>0.000000</in_Quantity.quantity><out_Quantity.quantity>628.219162</out_Quantity.quantity></Point><Point><position>5646</position><in_Quantity.quantity>0.000000</in_Quantity.quantity><out_Quantity.quantity>834.519308</out_Quantity.quantity></Point><Point><position>5647</position><in_Quantity.quantity>0.000000</in_Quantity.quantity><out_Quantity.quantity>700.815301</out_Quantity.quantity></Point><Point><position>5648</position><in_Quantity.quantity>0.000000</in_Quantity.quantity><out_Quantity.quantity>205.293032</out_Quantity.quantity></Point><Point><position>5649</position><in_Quantity.quantity>0.000000</in_Quantity.quantity><out_Quantity.quantity>164.541900</out_Quantity.quantity></Point><Point><position>5650</position><in_Quantity.quantity>0.000000</in_Quantity.quantity><out_Quantity.quantity>349.102299</out_Quantity.quantity></Point><Point><position>5651</position><in_Quantity.quantity>0.000000</in_Quantity.quantity><out_Quantity.quantity>4.953302</out_Quantity.quantity></Point><Point><position>5652</position><in_Quantity.quantity>0.000000</in_Quantity.quantity><out_Quantity.quantity>410.367868</out_Quantity.quantity></Point><Point><position>5653</position><in_Quantity.quantity>0.000000</in_Quantity.quantity><out_Quantity.quantity>474.182377</out_Quantity.quantity></Point><Point><position>5654</position><in_Quantity.quantity>0.000000</in_Quantity.quantity><out_Quantity.quantity>810.960098</out_Quantity.quantity></Point><Point><position>5655</position><in_Quantity.quantity>0.000000</in_Quantity.quantity><out_Quantity.quantity>523.995468</out_Quantity.quantity></Point><Point><position>5656</position><in_Quantity.quantity>0.000000</in_Quantity.quantity><out_Quantity.quantity>535.462556</out_Quantity.quantity></Point><Point><position>5657</position><in_Quantity.quantity>0.000000</in_Quantity.quantity><out_Quantity.quantity>174.385825</out_Quantity.quantity></Point><Point><position>5658</position><in_Quantity.quantity>0.000000</in_Quantity.quantity><out_Quantity.quantity>63.675382</out_Quantity.quantity></Point><Point><position>5659</position><in_Quantity.quantity>0.000000</in_Quantity.quantity><out_Quantity.quantity>813.458034</out_Quantity.quantity></Point><Point><position>5660</position><in_Quantity.quantity>0.000000</in_Quantity.quantity><out_Quantity.quantity>69.884573</out_Quantity.quantity></Point><Point><position>5661</position><in_Quantity.quantity>0.000000</in_Quantity.quantity><out_Quantity.quantity>979.709135</out_Quantity.quantity></Point><Point><position>5662</position><in_Quantity.quantity>0.000000</in_Quantity.quantity><out_Quantity.quantity>835.490517</out_Quantity.quantity></Point><Point><position>5663</position><in_Quantity.quantity>0.000000</in_Quantity.quantity><out_Quantity.quantity>383.631320</out_Quantity.quantity></Point><Point><position>5664</position><in_Quantity.quantity>0.000000</in_Quantity.quantity><out_Quantity.quantity>842.345571</out_Quantity.quantity></Point><Point><position>5665</position><in_Quantity.quantity>0.000000</in_Quantity.quantity><out_Quantity.quantity>557.582263</out_Quantity.quantity></Point><Point><position>5666</position><in_Quantity.quantity>0.000000</in_Quantity.quantity><out_Quantity.quantity>857.603452</out_Quantity.quantity></Point><Point><position>5667</position><in_Quantity.quantity>0.000000</in_Quantity.quantity><out_Quantity.quantity>7.673144</out_Quantity.quantity></Point><Point><position>5668</position><in_Quantity.quantity>0.000000</in_Quantity.quantity><out_Quantity.quantity>938.431946</out_Quantity.quantity></Point><Point><position>5669</position><in_Quantity.quantity>0.000000</in_Quantity.quantity><out_Quantity.quantity>407.827281</out_Quantity.quantity></Point><Point><position>5670</position><in_Quantity.quantity>0.000000</in_Quantity.quantity><out_Quantity.quantity>412.883494</out_Quantity.quantity></Point><Point><position>5671</position><in_Quantity.quantity>0.000000</in_Quantity.quantity><out_Quantity.quantity>797.416286</out_Quantity.quantity></Point><Point><position>5672</position><in_Quantity.quantity>0.000000</in_Quantity.quantity><out_Quantity.quantity>354.817843</out_Quantity.quantity></Point><Point><position>5673</position><in_Quantity.quantity>0.000000</in_Quantity.quantity><out_Quantity.quantity>877.659440</out_Quantity.quantity></Point><Point><position>5674</position><in_Quantity.quantity>0.000000</in_Quantity.quantity><out_Quantity.quantity>550.239732</out_Quantity.quantity></Point><Point><position>5675</position><in_Quantity.quantity>0.000000</in_Quantity.quantity><out_Quantity.quantity>562.494899</out_Quantity.quantity></Point><Point><position>5676</position><in_Quantity.quantity>0.000000</in_Quantity.quantity><out_Quantity.quantity>54.633633</out_Quantity.quantity></Point><Point><position>5677</position><in_Quantity.quantity>0.000000</in_Quantity.quantity><out_Quantity.quantity>147.722461</out_Quantity.quantity></Point><Point><position>5678</position><in_Quantity.quantity>0.000000</in_Quantity.quantity><out_Quantity.quantity>949.523746</out_Quantity.quantity></Point><Point><position>5679</position><in_Quantity.quantity>0.000000</in_Quantity.quantity><out_Quantity.quantity>862.978525</out_Quantity.quantity></Point><Point><position>5680</position><in_Quantity.quantity>0.000000</in_Quantity.quantity><out_Quantity.quantity>677.952061</out_Quantity.quantity></Point><Point><position>5681</position><in_Quantity.quantity>0.000000</in_Quantity.quantity><out_Quantity.quantity>388.279333</out_Quantity.quantity></Point><Point><position>5682</position><in_Quantity.quantity>0.000000</in_Quantity.quantity><out_Quantity.quantity>905.303759</out_Quantity.quantity></Point><Point><position>5683</position><in_Quantity.quantity>0.000000</in_Quantity.quantity><out_Quantity.quantity>910.656390</out_Quantity.quantity></Point><Point><position>5684</position><in_Quantity.quantity>0.000000</in_Quantity.quantity><out_Quantity.quantity>389.222169</out_Quantity.quantity></Point><Point><position>5685</position><in_Quantity.quantity>0.000000</in_Quantity.quantity><out_Quantity.quantity>688.517023</out_Quantity.quantity></Point><Point><position>5686</position><in_Quantity.quantity>0.000000</in_Quantity.quantity><out_Quantity.quantity>763.491303</out_Quantity.quantity></Point><Point><position>5687</position><in_Quantity.quantity>0.000000</in_Quantity.quantity><out_Quantity.quantity>869.314463</out_Quantity.quantity></Point><Point><position>5688</position><in_Quantity.quantity>0.000000</in_Quantity.quantity><out_Quantity.quantity>961.233581</out_Quantity.quantity></Point><Point><position>5689</position><in_Quantity.quantity>0.000000</in_Quantity.quantity><out_Quantity.quantity>122.742516</out_Quantity.quantity></Point><Point><position>5690</position><in_Quantity.quantity>0.000000</in_Quantity.quantity><out_Quantity.quantity>7.499847</out_Quantity.quantity></Point><Point><position>5691</position><in_Quantity.quantity>0.000000</in_Quantity.quantity><out_Quantity.quantity>157.833583</out_Quantity.quantity></Point><Point><position>5692</position><in_Quantity.quantity>0.000000</in_Quantity.quantity><out_Quantity.quantity>870.762179</out_Quantity.quantity></Point><Point><position>5693</position><in_Quantity.quantity>0.000000</in_Quantity.quantity><out_Quantity.quantity>986.067779</out_Quantity.quantity></Point><Point><position>5694</position><in_Quantity.quantity>0.000000</in_Quantity.quantity><out_Quantity.quantity>398.292668</out_Quantity.quantity></Point><Point><position>5695</position><in_Quantity.quantity>0.000000</in_Quantity.quantity><out_Quantity.quantity>137.020462</out_Quantity.quantity></Point><Point><position>5696</position><in_Quantity.quantity>0.000000</in_Quantity.quantity><out_Quantity.quantity>912.225982</out_Quantity.quantity></Point><Point><position>5697</position><in_Quantity.quantity>0.000000</in_Quantity.quantity><out_Quantity.quantity>695.777115</out_Quantity.quantity></Point><Point><position>5698</position><in_Quantity.quantity>0.000000</in_Quantity.quantity><out_Quantity.quantity>968.252051</out_Quantity.quantity></Point><Point><position>5699</position><in_Quantity.quantity>0.000000</in_Quantity.quantity><out_Quantity.quantity>855.847555</out_Quantity.quantity></Point><Point><position>5700</position><in_Quantity.quantity>0.000000</in_Quantity.quantity><out_Quantity.quantity>716.148372</out_Quantity.quantity></Point><Point><position>5701</position><in_Quantity.quantity>0.000000</in_Quantity.quantity><out_Quantity.quantity>7.110249</out_Quantity.quantity></Point><Point><position>5702</position><in_Quantity.quantity>0.000000</in_Quantity.quantity><out_Quantity.quantity>822.215010</out_Quantity.quantity></Point><Point><position>5703</position><in_Quantity.quantity>0.000000</in_Quantity.quantity><out_Quantity.quantity>975.991310</out_Quantity.quantity></Point><Point><position>5704</position><in_Quantity.quantity>0.000000</in_Quantity.quantity><out_Quantity.quantity>16.050366</out_Quantity.quantity></Point><Point><position>5705</position><in_Quantity.quantity>0.000000</in_Quantity.quantity><out_Quantity.quantity>344.421909</out_Quantity.quantity></Point><Point><position>5706</position><in_Quantity.quantity>0.000000</in_Quantity.quantity><out_Quantity.quantity>354.728114</out_Quantity.quantity></Point><Point><position>5707</position><in_Quantity.quantity>0.000000</in_Quantity.quantity><out_Quantity.quantity>970.186368</out_Quantity.quantity></Point><Point><position>5708</position><in_Quantity.quantity>0.000000</in_Quantity.quantity><out_Quantity.quantity>94.941208</out_Quantity.quantity></Point><Point><position>5709</position><in_Quantity.quantity>0.000000</in_Quantity.quantity><out_Quantity.quantity>917.469838</out_Quantity.quantity></Point><Point><position>5710</position><in_Quantity.quantity>0.000000</in_Quantity.quantity><out_Quantity.quantity>86.362238</out_Quantity.quantity></Point><Point><position>5711</position><in_Quantity.quantity>0.000000</in_Quantity.quantity><out_Quantity.quantity>231.762683</out_Quantity.quantity></Point><Point><position>5712</position><in_Quantity.quantity>0.000000</in_Quantity.quantity><out_Quantity.quantity>369.690271</out_Quantity.quantity></Point><Point><position>5713</position><in_Quantity.quantity>0.000000</in_Quantity.quantity><out_Quantity.quantity>372.219179</out_Quantity.quantity></Point><Point><position>5714</position><in_Quantity.quantity>0.000000</in_Quantity.quantity><out_Quantity.quantity>912.454413</out_Quantity.quantity></Point><Point><position>5715</position><in_Quantity.quantity>0.000000</in_Quantity.quantity><out_Quantity.quantity>683.908361</out_Quantity.quantity></Point><Point><position>5716</position><in_Quantity.quantity>0.000000</in_Quantity.quantity><out_Quantity.quantity>790.712015</out_Quantity.quantity></Point><Point><position>5717</position><in_Quantity.quantity>0.000000</in_Quantity.quantity><out_Quantity.quantity>848.767854</out_Quantity.quantity></Point><Point><position>5718</position><in_Quantity.quantity>0.000000</in_Quantity.quantity><out_Quantity.quantity>926.821660</out_Quantity.quantity></Point><Point><position>5719</position><in_Quantity.quantity>0.000000</in_Quantity.quantity><out_Quantity.quantity>740.142416</out_Quantity.quantity></Point><Point><position>5720</position><in_Quantity.quantity>0.000000</in_Quantity.quantity><out_Quantity.quantity>900.833706</out_Quantity.quantity></Point><Point><position>5721</position><in_Quantity.quantity>0.000000</in_Quantity.quantity><out_Quantity.quantity>234.588454</out_Quantity.quantity></Point><Point><position>5722</position><in_Quantity.quantity>0.000000</in_Quantity.quantity><out_Quantity.quantity>648.232871</out_Quantity.quantity></Point><Point><position>5723</position><in_Quantity.quantity>0.000000</in_Quantity.quantity><out_Quantity.quantity>47.048723</out_Quantity.quantity></Point><Point><position>5724</position><in_Quantity.quantity>0.000000</in_Quantity.quantity><out_Quantity.quantity>779.332195</out_Quantity.quantity></Point><Point><position>5725</position><in_Quantity.quantity>0.000000</in_Quantity.quantity><out_Quantity.quantity>534.025588</out_Quantity.quantity></Point><Point><position>5726</position><in_Quantity.quantity>0.000000</in_Quantity.quantity><out_Quantity.quantity>0.387759</out_Quantity.quantity></Point><Point><position>5727</position><in_Quantity.quantity>0.000000</in_Quantity.quantity><out_Quantity.quantity>724.428965</out_Quantity.quantity></Point><Point><position>5728</position><in_Quantity.quantity>0.000000</in_Quantity.quantity><out_Quantity.quantity>14.841419</out_Quantity.quantity></Point><Point><position>5729</position><in_Quantity.quantity>0.000000</in_Quantity.quantity><out_Quantity.quantity>932.091870</out_Quantity.quantity></Point><Point><position>5730</position><in_Quantity.quantity>0.000000</in_Quantity.quantity><out_Quantity.quantity>508.544348</out_Quantity.quantity></Point><Point><position>5731</position><in_Quantity.quantity>0.000000</in_Quantity.quantity><out_Quantity.quantity>877.391384</out_Quantity.quantity></Point><Point><position>5732</position><in_Quantity.quantity>0.000000</in_Quantity.quantity><out_Quantity.quantity>173.552684</out_Quantity.quantity></Point><Point><position>5733</position><in_Quantity.quantity>0.000000</in_Quantity.quantity><out_Quantity.quantity>23.418203</out_Quantity.quantity></Point><Point><position>5734</position><in_Quantity.quantity>0.000000</in_Quantity.quantity><out_Quantity.quantity>28.316893</out_Quantity.quantity></Point><Point><position>5735</position><in_Quantity.quantity>0.000000</in_Quantity.quantity><out_Quantity.quantity>803.063365</out_Quantity.quantity></Point><Point><position>5736</position><in_Quantity.quantity>0.000000</in_Quantity.quantity><out_Quantity.quantity>34.938826</out_Quantity.quantity></Point><Point><position>5737</position><in_Quantity.quantity>0.000000</in_Quantity.quantity><out_Quantity.quantity>713.129820</out_Quantity.quantity></Point><Point><position>5738</position><in_Quantity.quantity>0.000000</in_Quantity.quantity><out_Quantity.quantity>36.750738</out_Quantity.quantity></Point><Point><position>5739</position><in_Quantity.quantity>0.000000</in_Quantity.quantity><out_Quantity.quantity>683.806706</out_Quantity.quantity></Point><Point><position>5740</position><in_Quantity.quantity>0.000000</in_Quantity.quantity><out_Quantity.quantity>877.760367</out_Quantity.quantity></Point><Point><position>5741</position><in_Quantity.quantity>0.000000</in_Quantity.quantity><out_Quantity.quantity>445.927820</out_Quantity.quantity></Point><Point><position>5742</position><in_Quantity.quantity>0.000000</in_Quantity.quantity><out_Quantity.quantity>693.480129</out_Quantity.quantity></Point><Point><position>5743</position><in_Quantity.quantity>0.000000</in_Quantity.quantity><out_Quantity.quantity>113.426126</out_Quantity.quantity></Point><Point><position>5744</position><in_Quantity.quantity>0.000000</in_Quantity.quantity><out_Quantity.quantity>263.622692</out_Quantity.quantity></Point><Point><position>5745</position><in_Quantity.quantity>0.000000</in_Quantity.quantity><out_Quantity.quantity>131.367484</out_Quantity.quantity></Point><Point><position>5746</position><in_Quantity.quantity>0.000000</in_Quantity.quantity><out_Quantity.quantity>347.384171</out_Quantity.quantity></Point><Point><position>5747</position><in_Quantity.quantity>0.000000</in_Quantity.quantity><out_Quantity.quantity>944.285253</out_Quantity.quantity></Point><Point><position>5748</position><in_Quantity.quantity>0.000000</in_Quantity.quantity><out_Quantity.quantity>102.300629</out_Quantity.quantity></Point><Point><position>5749</position><in_Quantity.quantity>0.000000</in_Quantity.quantity><out_Quantity.quantity>309.637320</out_Quantity.quantity></Point><Point><position>5750</position><in_Quantity.quantity>0.000000</in_Quantity.quantity><out_Quantity.quantity>995.304560</out_Quantity.quantity></Point><Point><position>5751</position><in_Quantity.quantity>0.000000</in_Quantity.quantity><out_Quantity.quantity>490.490648</out_Quantity.quantity></Point><Point><position>5752</position><in_Quantity.quantity>0.000000</in_Quantity.quantity><out_Quantity.quantity>534.374173</out_Quantity.quantity></Point><Point><position>5753</position><in_Quantity.quantity>0.000000</in_Quantity.quantity><out_Quantity.quantity>784.405923</out_Quantity.quantity></Point><Point><position>5754</position><in_Quantity.quantity>0.000000</in_Quantity.quantity><out_Quantity.quantity>572.442318</out_Quantity.quantity></Point><Point><position>5755</position><in_Quantity.quantity>0.000000</in_Quantity.quantity><out_Quantity.quantity>384.979800</out_Quantity.quantity></Point><Point><position>5756</position><in_Quantity.quantity>0.000000</in_Quantity.quantity><out_Quantity.quantity>666.905613</out_Quantity.quantity></Point><Point><position>5757</position><in_Quantity.quantity>0.000000</in_Quantity.quantity><out_Quantity.quantity>496.364897</out_Quantity.quantity></Point><Point><position>5758</position><in_Quantity.quantity>0.000000</in_Quantity.quantity><out_Quantity.quantity>990.916541</out_Quantity.quantity></Point><Point><position>5759</position><in_Quantity.quantity>0.000000</in_Quantity.quantity><out_Quantity.quantity>800.699344</out_Quantity.quantity></Point><Point><position>5760</position><in_Quantity.quantity>0.000000</in_Quantity.quantity><out_Quantity.quantity>91.690278</out_Quantity.quantity></Point><Point><position>5761</position><in_Quantity.quantity>0.000000</in_Quantity.quantity><out_Quantity.quantity>412.935261</out_Quantity.quantity></Point><Point><position>5762</position><in_Quantity.quantity>0.000000</in_Quantity.quantity><out_Quantity.quantity>236.853264</out_Quantity.quantity></Point><Point><position>5763</position><in_Quantity.quantity>0.000000</in_Quantity.quantity><out_Quantity.quantity>619.990010</out_Quantity.quantity></Point><Point><position>5764</position><in_Quantity.quantity>0.000000</in_Quantity.quantity><out_Quantity.quantity>597.383879</out_Quantity.quantity></Point><Point><position>5765</position><in_Quantity.quantity>0.000000</in_Quantity.quantity><out_Quantity.quantity>706.719044</out_Quantity.quantity></Point><Point><position>5766</position><in_Quantity.quantity>0.000000</in_Quantity.quantity><out_Quantity.quantity>518.229950</out_Quantity.quantity></Point><Point><position>5767</position><in_Quantity.quantity>0.000000</in_Quantity.quantity><out_Quantity.quantity>97.412537</out_Quantity.quantity></Point><Point><position>5768</position><in_Quantity.quantity>0.000000</in_Quantity.quantity><out_Quantity.quantity>341.817722</out_Quantity.quantity></Point><Point><position>5769</position><in_Quantity.quantity>0.000000</in_Quantity.quantity><out_Quantity.quantity>716.606139</out_Quantity.quantity></Point><Point><position>5770</position><in_Quantity.quantity>0.000000</in_Quantity.quantity><out_Quantity.quantity>865.759246</out_Quantity.quantity></Point><Point><position>5771</position><in_Quantity.quantity>0.000000</in_Quantity.quantity><out_Quantity.quantity>696.591947</out_Quantity.quantity></Point><Point><position>5772</position><in_Quantity.quantity>0.000000</in_Quantity.quantity><out_Quantity.quantity>809.437101</out_Quantity.quantity></Point><Point><position>5773</position><in_Quantity.quantity>0.000000</in_Quantity.quantity><out_Quantity.quantity>193.313341</out_Quantity.quantity></Point><Point><position>5774</position><in_Quantity.quantity>0.000000</in_Quantity.quantity><out_Quantity.quantity>276.826224</out_Quantity.quantity></Point><Point><position>5775</position><in_Quantity.quantity>0.000000</in_Quantity.quantity><out_Quantity.quantity>935.773482</out_Quantity.quantity></Point><Point><position>5776</position><in_Quantity.quantity>0.000000</in_Quantity.quantity><out_Quantity.quantity>274.903654</out_Quantity.quantity></Point><Point><position>5777</position><in_Quantity.quantity>0.000000</in_Quantity.quantity><out_Quantity.quantity>85.661527</out_Quantity.quantity></Point><Point><position>5778</position><in_Quantity.quantity>0.000000</in_Quantity.quantity><out_Quantity.quantity>308.666696</out_Quantity.quantity></Point><Point><position>5779</position><in_Quantity.quantity>0.000000</in_Quantity.quantity><out_Quantity.quantity>302.780745</out_Quantity.quantity></Point><Point><position>5780</position><in_Quantity.quantity>0.000000</in_Quantity.quantity><out_Quantity.quantity>887.553890</out_Quantity.quantity></Point><Point><position>5781</position><in_Quantity.quantity>0.000000</in_Quantity.quantity><out_Quantity.quantity>236.025860</out_Quantity.quantity></Point><Point><position>5782</position><in_Quantity.quantity>0.000000</in_Quantity.quantity><out_Quantity.quantity>420.318716</out_Quantity.quantity></Point><Point><position>5783</position><in_Quantity.quantity>0.000000</in_Quantity.quantity><out_Quantity.quantity>124.963784</out_Quantity.quantity></Point><Point><position>5784</position><in_Quantity.quantity>0.000000</in_Quantity.quantity><out_Quantity.quantity>863.404775</out_Quantity.quantity></Point><Point><position>5785</position><in_Quantity.quantity>0.000000</in_Quantity.quantity><out_Quantity.quantity>334.639862</out_Quantity.quantity></Point><Point><position>5786</position><in_Quantity.quantity>0.000000</in_Quantity.quantity><out_Quantity.quantity>921.211841</out_Quantity.quantity></Point><Point><position>5787</position><in_Quantity.quantity>0.000000</in_Quantity.quantity><out_Quantity.quantity>146.090801</out_Quantity.quantity></Point><Point><position>5788</position><in_Quantity.quantity>0.000000</in_Quantity.quantity><out_Quantity.quantity>931.197786</out_Quantity.quantity></Point><Point><position>5789</position><in_Quantity.quantity>0.000000</in_Quantity.quantity><out_Quantity.quantity>813.131293</out_Quantity.quantity></Point><Point><position>5790</position><in_Quantity.quantity>0.000000</in_Quantity.quantity><out_Quantity.quantity>836.865381</out_Quantity.quantity></Point><Point><position>5791</position><in_Quantity.quantity>0.000000</in_Quantity.quantity><out_Quantity.quantity>928.892560</out_Quantity.quantity></Point><Point><position>5792</position><in_Quantity.quantity>0.000000</in_Quantity.quantity><out_Quantity.quantity>83.469464</out_Quantity.quantity></Point><Point><position>5793</position><in_Quantity.quantity>0.000000</in_Quantity.quantity><out_Quantity.quantity>912.482502</out_Quantity.quantity></Point><Point><position>5794</position><in_Quantity.quantity>0.000000</in_Quantity.quantity><out_Quantity.quantity>417.227615</out_Quantity.quantity></Point><Point><position>5795</position><in_Quantity.quantity>0.000000</in_Quantity.quantity><out_Quantity.quantity>362.812824</out_Quantity.quantity></Point><Point><position>5796</position><in_Quantity.quantity>0.000000</in_Quantity.quantity><out_Quantity.quantity>503.235598</out_Quantity.quantity></Point><Point><position>5797</position><in_Quantity.quantity>0.000000</in_Quantity.quantity><out_Quantity.quantity>31.476123</out_Quantity.quantity></Point><Point><position>5798</position><in_Quantity.quantity>0.000000</in_Quantity.quantity><out_Quantity.quantity>355.557695</out_Quantity.quantity></Point><Point><position>5799</position><in_Quantity.quantity>0.000000</in_Quantity.quantity><out_Quantity.quantity>330.787200</out_Quantity.quantity></Point><Point><position>5800</position><in_Quantity.quantity>0.000000</in_Quantity.quantity><out_Quantity.quantity>536.528791</out_Quantity.quantity></Point><Point><position>5801</position><in_Quantity.quantity>0.000000</in_Quantity.quantity><out_Quantity.quantity>536.927347</out_Quantity.quantity></Point><Point><position>5802</position><in_Quantity.quantity>0.000000</in_Quantity.quantity><out_Quantity.quantity>807.620202</out_Quantity.quantity></Point><Point><position>5803</position><in_Quantity.quantity>0.000000</in_Quantity.quantity><out_Quantity.quantity>89.765959</out_Quantity.quantity></Point><Point><position>5804</position><in_Quantity.quantity>0.000000</in_Quantity.quantity><out_Quantity.quantity>538.393408</out_Quantity.quantity></Point><Point><position>5805</position><in_Quantity.quantity>0.000000</in_Quantity.quantity><out_Quantity.quantity>221.773425</out_Quantity.quantity></Point><Point><position>5806</position><in_Quantity.quantity>0.000000</in_Quantity.quantity><out_Quantity.quantity>580.155048</out_Quantity.quantity></Point><Point><position>5807</position><in_Quantity.quantity>0.000000</in_Quantity.quantity><out_Quantity.quantity>104.547452</out_Quantity.quantity></Point><Point><position>5808</position><in_Quantity.quantity>0.000000</in_Quantity.quantity><out_Quantity.quantity>757.325380</out_Quantity.quantity></Point><Point><position>5809</position><in_Quantity.quantity>0.000000</in_Quantity.quantity><out_Quantity.quantity>939.914409</out_Quantity.quantity></Point><Point><position>5810</position><in_Quantity.quantity>0.000000</in_Quantity.quantity><out_Quantity.quantity>25.034143</out_Quantity.quantity></Point><Point><position>5811</position><in_Quantity.quantity>0.000000</in_Quantity.quantity><out_Quantity.quantity>50.319167</out_Quantity.quantity></Point><Point><position>5812</position><in_Quantity.quantity>0.000000</in_Quantity.quantity><out_Quantity.quantity>562.742808</out_Quantity.quantity></Point><Point><position>5813</position><in_Quantity.quantity>0.000000</in_Quantity.quantity><out_Quantity.quantity>671.031879</out_Quantity.quantity></Point><Point><position>5814</position><in_Quantity.quantity>0.000000</in_Quantity.quantity><out_Quantity.quantity>747.106565</out_Quantity.quantity></Point><Point><position>5815</position><in_Quantity.quantity>0.000000</in_Quantity.quantity><out_Quantity.quantity>993.370218</out_Quantity.quantity></Point><Point><position>5816</position><in_Quantity.quantity>0.000000</in_Quantity.quantity><out_Quantity.quantity>283.191417</out_Quantity.quantity></Point><Point><position>5817</position><in_Quantity.quantity>0.000000</in_Quantity.quantity><out_Quantity.quantity>517.416819</out_Quantity.quantity></Point><Point><position>5818</position><in_Quantity.quantity>0.000000</in_Quantity.quantity><out_Quantity.quantity>799.332783</out_Quantity.quantity></Point><Point><position>5819</position><in_Quantity.quantity>0.000000</in_Quantity.quantity><out_Quantity.quantity>301.687523</out_Quantity.quantity></Point><Point><position>5820</position><in_Quantity.quantity>0.000000</in_Quantity.quantity><out_Quantity.quantity>308.904436</out_Quantity.quantity></Point><Point><position>5821</position><in_Quantity.quantity>0.000000</in_Quantity.quantity><out_Quantity.quantity>432.451036</out_Quantity.quantity></Point><Point><position>5822</position><in_Quantity.quantity>0.000000</in_Quantity.quantity><out_Quantity.quantity>714.033763</out_Quantity.quantity></Point><Point><position>5823</position><in_Quantity.quantity>0.000000</in_Quantity.quantity><out_Quantity.quantity>838.136203</out_Quantity.quantity></Point><Point><position>5824</position><in_Quantity.quantity>0.000000</in_Quantity.quantity><out_Quantity.quantity>444.255028</out_Quantity.quantity></Point><Point><position>5825</position><in_Quantity.quantity>0.000000</in_Quantity.quantity><out_Quantity.quantity>458.786476</out_Quantity.quantity></Point><Point><position>5826</position><in_Quantity.quantity>0.000000</in_Quantity.quantity><out_Quantity.quantity>771.719326</out_Quantity.quantity></Point><Point><position>5827</position><in_Quantity.quantity>0.000000</in_Quantity.quantity><out_Quantity.quantity>945.437288</out_Quantity.quantity></Point><Point><position>5828</position><in_Quantity.quantity>0.000000</in_Quantity.quantity><out_Quantity.quantity>163.331576</out_Quantity.quantity></Point><Point><position>5829</position><in_Quantity.quantity>0.000000</in_Quantity.quantity><out_Quantity.quantity>468.054469</out_Quantity.quantity></Point><Point><position>5830</position><in_Quantity.quantity>0.000000</in_Quantity.quantity><out_Quantity.quantity>745.438400</out_Quantity.quantity></Point><Point><position>5831</position><in_Quantity.quantity>0.000000</in_Quantity.quantity><out_Quantity.quantity>419.958989</out_Quantity.quantity></Point><Point><position>5832</position><in_Quantity.quantity>0.000000</in_Quantity.quantity><out_Quantity.quantity>932.478763</out_Quantity.quantity></Point><Point><position>5833</position><in_Quantity.quantity>0.000000</in_Quantity.quantity><out_Quantity.quantity>57.824521</out_Quantity.quantity></Point><Point><position>5834</position><in_Quantity.quantity>0.000000</in_Quantity.quantity><out_Quantity.quantity>60.028634</out_Quantity.quantity></Point><Point><position>5835</position><in_Quantity.quantity>0.000000</in_Quantity.quantity><out_Quantity.quantity>652.211929</out_Quantity.quantity></Point><Point><position>5836</position><in_Quantity.quantity>0.000000</in_Quantity.quantity><out_Quantity.quantity>968.448183</out_Quantity.quantity></Point><Point><position>5837</position><in_Quantity.quantity>0.000000</in_Quantity.quantity><out_Quantity.quantity>317.921816</out_Quantity.quantity></Point><Point><position>5838</position><in_Quantity.quantity>0.000000</in_Quantity.quantity><out_Quantity.quantity>236.286252</out_Quantity.quantity></Point><Point><position>5839</position><in_Quantity.quantity>0.000000</in_Quantity.quantity><out_Quantity.quantity>602.297250</out_Quantity.quantity></Point><Point><position>5840</position><in_Quantity.quantity>0.000000</in_Quantity.quantity><out_Quantity.quantity>411.117542</out_Quantity.quantity></Point><Point><position>5841</position><in_Quantity.quantity>0.000000</in_Quantity.quantity><out_Quantity.quantity>812.661203</out_Quantity.quantity></Point><Point><position>5842</position><in_Quantity.quantity>0.000000</in_Quantity.quantity><out_Quantity.quantity>49.738839</out_Quantity.quantity></Point><Point><position>5843</position><in_Quantity.quantity>0.000000</in_Quantity.quantity><out_Quantity.quantity>143.919792</out_Quantity.quantity></Point><Point><position>5844</position><in_Quantity.quantity>0.000000</in_Quantity.quantity><out_Quantity.quantity>786.463796</out_Quantity.quantity></Point><Point><position>5845</position><in_Quantity.quantity>0.000000</in_Quantity.quantity><out_Quantity.quantity>68.651864</out_Quantity.quantity></Point><Point><position>5846</position><in_Quantity.quantity>0.000000</in_Quantity.quantity><out_Quantity.quantity>79.751861</out_Quantity.quantity></Point><Point><position>5847</position><in_Quantity.quantity>0.000000</in_Quantity.quantity><out_Quantity.quantity>973.903190</out_Quantity.quantity></Point><Point><position>5848</position><in_Quantity.quantity>0.000000</in_Quantity.quantity><out_Quantity.quantity>791.948892</out_Quantity.quantity></Point><Point><position>5849</position><in_Quantity.quantity>0.000000</in_Quantity.quantity><out_Quantity.quantity>666.760121</out_Quantity.quantity></Point><Point><position>5850</position><in_Quantity.quantity>0.000000</in_Quantity.quantity><out_Quantity.quantity>58.379447</out_Quantity.quantity></Point><Point><position>5851</position><in_Quantity.quantity>0.000000</in_Quantity.quantity><out_Quantity.quantity>470.630160</out_Quantity.quantity></Point><Point><position>5852</position><in_Quantity.quantity>0.000000</in_Quantity.quantity><out_Quantity.quantity>381.298523</out_Quantity.quantity></Point><Point><position>5853</position><in_Quantity.quantity>0.000000</in_Quantity.quantity><out_Quantity.quantity>992.931522</out_Quantity.quantity></Point><Point><position>5854</position><in_Quantity.quantity>0.000000</in_Quantity.quantity><out_Quantity.quantity>903.406798</out_Quantity.quantity></Point><Point><position>5855</position><in_Quantity.quantity>0.000000</in_Quantity.quantity><out_Quantity.quantity>142.007237</out_Quantity.quantity></Point><Point><position>5856</position><in_Quantity.quantity>0.000000</in_Quantity.quantity><out_Quantity.quantity>474.706193</out_Quantity.quantity></Point><Point><position>5857</position><in_Quantity.quantity>0.000000</in_Quantity.quantity><out_Quantity.quantity>126.338220</out_Quantity.quantity></Point><Point><position>5858</position><in_Quantity.quantity>0.000000</in_Quantity.quantity><out_Quantity.quantity>718.285945</out_Quantity.quantity></Point><Point><position>5859</position><in_Quantity.quantity>0.000000</in_Quantity.quantity><out_Quantity.quantity>969.794926</out_Quantity.quantity></Point><Point><position>5860</position><in_Quantity.quantity>0.000000</in_Quantity.quantity><out_Quantity.quantity>522.519227</out_Quantity.quantity></Point><Point><position>5861</position><in_Quantity.quantity>0.000000</in_Quantity.quantity><out_Quantity.quantity>796.165222</out_Quantity.quantity></Point><Point><position>5862</position><in_Quantity.quantity>0.000000</in_Quantity.quantity><out_Quantity.quantity>445.929775</out_Quantity.quantity></Point><Point><position>5863</position><in_Quantity.quantity>0.000000</in_Quantity.quantity><out_Quantity.quantity>644.675714</out_Quantity.quantity></Point><Point><position>5864</position><in_Quantity.quantity>0.000000</in_Quantity.quantity><out_Quantity.quantity>265.389251</out_Quantity.quantity></Point><Point><position>5865</position><in_Quantity.quantity>0.000000</in_Quantity.quantity><out_Quantity.quantity>219.543134</out_Quantity.quantity></Point><Point><position>5866</position><in_Quantity.quantity>0.000000</in_Quantity.quantity><out_Quantity.quantity>163.381278</out_Quantity.quantity></Point><Point><position>5867</position><in_Quantity.quantity>0.000000</in_Quantity.quantity><out_Quantity.quantity>365.477176</out_Quantity.quantity></Point><Point><position>5868</position><in_Quantity.quantity>0.000000</in_Quantity.quantity><out_Quantity.quantity>516.224287</out_Quantity.quantity></Point><Point><position>5869</position><in_Quantity.quantity>0.000000</in_Quantity.quantity><out_Quantity.quantity>29.542485</out_Quantity.quantity></Point><Point><position>5870</position><in_Quantity.quantity>0.000000</in_Quantity.quantity><out_Quantity.quantity>22.709585</out_Quantity.quantity></Point><Point><position>5871</position><in_Quantity.quantity>0.000000</in_Quantity.quantity><out_Quantity.quantity>981.116258</out_Quantity.quantity></Point><Point><position>5872</position><in_Quantity.quantity>0.000000</in_Quantity.quantity><out_Quantity.quantity>626.112145</out_Quantity.quantity></Point><Point><position>5873</position><in_Quantity.quantity>0.000000</in_Quantity.quantity><out_Quantity.quantity>952.343842</out_Quantity.quantity></Point><Point><position>5874</position><in_Quantity.quantity>0.000000</in_Quantity.quantity><out_Quantity.quantity>940.651852</out_Quantity.quantity></Point><Point><position>5875</position><in_Quantity.quantity>0.000000</in_Quantity.quantity><out_Quantity.quantity>874.818695</out_Quantity.quantity></Point><Point><position>5876</position><in_Quantity.quantity>0.000000</in_Quantity.quantity><out_Quantity.quantity>914.599347</out_Quantity.quantity></Point><Point><position>5877</position><in_Quantity.quantity>0.000000</in_Quantity.quantity><out_Quantity.quantity>794.998571</out_Quantity.quantity></Point><Point><position>5878</position><in_Quantity.quantity>0.000000</in_Quantity.quantity><out_Quantity.quantity>61.094920</out_Quantity.quantity></Point><Point><position>5879</position><in_Quantity.quantity>0.000000</in_Quantity.quantity><out_Quantity.quantity>223.043268</out_Quantity.quantity></Point><Point><position>5880</position><in_Quantity.quantity>0.000000</in_Quantity.quantity><out_Quantity.quantity>481.470479</out_Quantity.quantity></Point><Point><position>5881</position><in_Quantity.quantity>0.000000</in_Quantity.quantity><out_Quantity.quantity>620.129486</out_Quantity.quantity></Point><Point><position>5882</position><in_Quantity.quantity>0.000000</in_Quantity.quantity><out_Quantity.quantity>732.954613</out_Quantity.quantity></Point><Point><position>5883</position><in_Quantity.quantity>0.000000</in_Quantity.quantity><out_Quantity.quantity>388.468559</out_Quantity.quantity></Point><Point><position>5884</position><in_Quantity.quantity>0.000000</in_Quantity.quantity><out_Quantity.quantity>386.867061</out_Quantity.quantity></Point><Point><position>5885</position><in_Quantity.quantity>0.000000</in_Quantity.quantity><out_Quantity.quantity>945.616296</out_Quantity.quantity></Point><Point><position>5886</position><in_Quantity.quantity>0.000000</in_Quantity.quantity><out_Quantity.quantity>40.572468</out_Quantity.quantity></Point><Point><position>5887</position><in_Quantity.quantity>0.000000</in_Quantity.quantity><out_Quantity.quantity>844.234511</out_Quantity.quantity></Point><Point><position>5888</position><in_Quantity.quantity>0.000000</in_Quantity.quantity><out_Quantity.quantity>922.572522</out_Quantity.quantity></Point><Point><position>5889</position><in_Quantity.quantity>0.000000</in_Quantity.quantity><out_Quantity.quantity>833.758326</out_Quantity.quantity></Point><Point><position>5890</position><in_Quantity.quantity>0.000000</in_Quantity.quantity><out_Quantity.quantity>594.801074</out_Quantity.quantity></Point><Point><position>5891</position><in_Quantity.quantity>0.000000</in_Quantity.quantity><out_Quantity.quantity>960.183393</out_Quantity.quantity></Point><Point><position>5892</position><in_Quantity.quantity>0.000000</in_Quantity.quantity><out_Quantity.quantity>295.181615</out_Quantity.quantity></Point><Point><position>5893</position><in_Quantity.quantity>0.000000</in_Quantity.quantity><out_Quantity.quantity>691.414444</out_Quantity.quantity></Point><Point><position>5894</position><in_Quantity.quantity>0.000000</in_Quantity.quantity><out_Quantity.quantity>687.541970</out_Quantity.quantity></Point><Point><position>5895</position><in_Quantity.quantity>0.000000</in_Quantity.quantity><out_Quantity.quantity>343.646830</out_Quantity.quantity></Point><Point><position>5896</position><in_Quantity.quantity>0.000000</in_Quantity.quantity><out_Quantity.quantity>319.013734</out_Quantity.quantity></Point><Point><position>5897</position><in_Quantity.quantity>0.000000</in_Quantity.quantity><out_Quantity.quantity>148.539838</out_Quantity.quantity></Point><Point><position>5898</position><in_Quantity.quantity>0.000000</in_Quantity.quantity><out_Quantity.quantity>190.973991</out_Quantity.quantity></Point><Point><position>5899</position><in_Quantity.quantity>0.000000</in_Quantity.quantity><out_Quantity.quantity>110.894184</out_Quantity.quantity></Point><Point><position>5900</position><in_Quantity.quantity>0.000000</in_Quantity.quantity><out_Quantity.quantity>775.145095</out_Quantity.quantity></Point><Point><position>5901</position><in_Quantity.quantity>0.000000</in_Quantity.quantity><out_Quantity.quantity>178.083239</out_Quantity.quantity></Point><Point><position>5902</position><in_Quantity.quantity>0.000000</in_Quantity.quantity><out_Quantity.quantity>114.423313</out_Quantity.quantity></Point><Point><position>5903</position><in_Quantity.quantity>0.000000</in_Quantity.quantity><out_Quantity.quantity>70.485885</out_Quantity.quantity></Point><Point><position>5904</position><in_Quantity.quantity>0.000000</in_Quantity.quantity><out_Quantity.quantity>201.377941</out_Quantity.quantity></Point><Point><position>5905</position><in_Quantity.quantity>0.000000</in_Quantity.quantity><out_Quantity.quantity>330.073764</out_Quantity.quantity></Point><Point><position>5906</position><in_Quantity.quantity>0.000000</in_Quantity.quantity><out_Quantity.quantity>984.439851</out_Quantity.quantity></Point><Point><position>5907</position><in_Quantity.quantity>0.000000</in_Quantity.quantity><out_Quantity.quantity>196.855807</out_Quantity.quantity></Point><Point><position>5908</position><in_Quantity.quantity>0.000000</in_Quantity.quantity><out_Quantity.quantity>616.863603</out_Quantity.quantity></Point><Point><position>5909</position><in_Quantity.quantity>0.000000</in_Quantity.quantity><out_Quantity.quantity>825.158256</out_Quantity.quantity></Point><Point><position>5910</position><in_Quantity.quantity>0.000000</in_Quantity.quantity><out_Quantity.quantity>789.491309</out_Quantity.quantity></Point><Point><position>5911</position><in_Quantity.quantity>0.000000</in_Quantity.quantity><out_Quantity.quantity>355.596238</out_Quantity.quantity></Point><Point><position>5912</position><in_Quantity.quantity>0.000000</in_Quantity.quantity><out_Quantity.quantity>846.055056</out_Quantity.quantity></Point><Point><position>5913</position><in_Quantity.quantity>0.000000</in_Quantity.quantity><out_Quantity.quantity>245.347201</out_Quantity.quantity></Point><Point><position>5914</position><in_Quantity.quantity>0.000000</in_Quantity.quantity><out_Quantity.quantity>969.937689</out_Quantity.quantity></Point><Point><position>5915</position><in_Quantity.quantity>0.000000</in_Quantity.quantity><out_Quantity.quantity>20.766125</out_Quantity.quantity></Point><Point><position>5916</position><in_Quantity.quantity>0.000000</in_Quantity.quantity><out_Quantity.quantity>372.664730</out_Quantity.quantity></Point><Point><position>5917</position><in_Quantity.quantity>0.000000</in_Quantity.quantity><out_Quantity.quantity>218.065854</out_Quantity.quantity></Point><Point><position>5918</position><in_Quantity.quantity>0.000000</in_Quantity.quantity><out_Quantity.quantity>876.064724</out_Quantity.quantity></Point><Point><position>5919</position><in_Quantity.quantity>0.000000</in_Quantity.quantity><out_Quantity.quantity>434.142694</out_Quantity.quantity></Point><Point><position>5920</position><in_Quantity.quantity>0.000000</in_Quantity.quantity><out_Quantity.quantity>540.567320</out_Quantity.quantity></Point><Point><position>5921</position><in_Quantity.quantity>0.000000</in_Quantity.quantity><out_Quantity.quantity>290.235665</out_Quantity.quantity></Point><Point><position>5922</position><in_Quantity.quantity>0.000000</in_Quantity.quantity><out_Quantity.quantity>21.549688</out_Quantity.quantity></Point><Point><position>5923</position><in_Quantity.quantity>0.000000</in_Quantity.quantity><out_Quantity.quantity>179.622489</out_Quantity.quantity></Point><Point><position>5924</position><in_Quantity.quantity>0.000000</in_Quantity.quantity><out_Quantity.quantity>791.136589</out_Quantity.quantity></Point><Point><position>5925</position><in_Quantity.quantity>0.000000</in_Quantity.quantity><out_Quantity.quantity>755.112975</out_Quantity.quantity></Point><Point><position>5926</position><in_Quantity.quantity>0.000000</in_Quantity.quantity><out_Quantity.quantity>810.510172</out_Quantity.quantity></Point><Point><position>5927</position><in_Quantity.quantity>0.000000</in_Quantity.quantity><out_Quantity.quantity>81.716152</out_Quantity.quantity></Point><Point><position>5928</position><in_Quantity.quantity>0.000000</in_Quantity.quantity><out_Quantity.quantity>30.579950</out_Quantity.quantity></Point><Point><position>5929</position><in_Quantity.quantity>0.000000</in_Quantity.quantity><out_Quantity.quantity>490.623014</out_Quantity.quantity></Point><Point><position>5930</position><in_Quantity.quantity>0.000000</in_Quantity.quantity><out_Quantity.quantity>224.825983</out_Quantity.quantity></Point><Point><position>5931</position><in_Quantity.quantity>0.000000</in_Quantity.quantity><out_Quantity.quantity>163.721131</out_Quantity.quantity></Point><Point><position>5932</position><in_Quantity.quantity>0.000000</in_Quantity.quantity><out_Quantity.quantity>179.398499</out_Quantity.quantity></Point><Point><position>5933</position><in_Quantity.quantity>0.000000</in_Quantity.quantity><out_Quantity.quantity>574.936953</out_Quantity.quantity></Point><Point><position>5934</position><in_Quantity.quantity>0.000000</in_Quantity.quantity><out_Quantity.quantity>246.708360</out_Quantity.quantity></Point><Point><position>5935</position><in_Quantity.quantity>0.000000</in_Quantity.quantity><out_Quantity.quantity>534.013970</out_Quantity.quantity></Point><Point><position>5936</position><in_Quantity.quantity>0.000000</in_Quantity.quantity><out_Quantity.quantity>966.765852</out_Quantity.quantity></Point><Point><position>5937</position><in_Quantity.quantity>0.000000</in_Quantity.quantity><out_Quantity.quantity>683.814233</out_Quantity.quantity></Point><Point><position>5938</position><in_Quantity.quantity>0.000000</in_Quantity.quantity><out_Quantity.quantity>25.006496</out_Quantity.quantity></Point><Point><position>5939</position><in_Quantity.quantity>0.000000</in_Quantity.quantity><out_Quantity.quantity>600.559574</out_Quantity.quantity></Point><Point><position>5940</position><in_Quantity.quantity>0.000000</in_Quantity.quantity><out_Quantity.quantity>922.430215</out_Quantity.quantity></Point><Point><position>5941</position><in_Quantity.quantity>0.000000</in_Quantity.quantity><out_Quantity.quantity>682.062077</out_Quantity.quantity></Point><Point><position>5942</position><in_Quantity.quantity>0.000000</in_Quantity.quantity><out_Quantity.quantity>150.531988</out_Quantity.quantity></Point><Point><position>5943</position><in_Quantity.quantity>0.000000</in_Quantity.quantity><out_Quantity.quantity>305.720026</out_Quantity.quantity></Point><Point><position>5944</position><in_Quantity.quantity>0.000000</in_Quantity.quantity><out_Quantity.quantity>213.490316</out_Quantity.quantity></Point><Point><position>5945</position><in_Quantity.quantity>0.000000</in_Quantity.quantity><out_Quantity.quantity>397.467128</out_Quantity.quantity></Point><Point><position>5946</position><in_Quantity.quantity>0.000000</in_Quantity.quantity><out_Quantity.quantity>250.653695</out_Quantity.quantity></Point><Point><position>5947</position><in_Quantity.quantity>0.000000</in_Quantity.quantity><out_Quantity.quantity>542.587459</out_Quantity.quantity></Point><Point><position>5948</position><in_Quantity.quantity>0.000000</in_Quantity.quantity><out_Quantity.quantity>510.965048</out_Quantity.quantity></Point><Point><position>5949</position><in_Quantity.quantity>0.000000</in_Quantity.quantity><out_Quantity.quantity>184.250587</out_Quantity.quantity></Point><Point><position>5950</position><in_Quantity.quantity>0.000000</in_Quantity.quantity><out_Quantity.quantity>503.056691</out_Quantity.quantity></Point><Point><position>5951</position><in_Quantity.quantity>0.000000</in_Quantity.quantity><out_Quantity.quantity>526.344876</out_Quantity.quantity></Point><Point><position>5952</position><in_Quantity.quantity>0.000000</in_Quantity.quantity><out_Quantity.quantity>856.200118</out_Quantity.quantity></Point><Point><position>5953</position><in_Quantity.quantity>0.000000</in_Quantity.quantity><out_Quantity.quantity>354.393968</out_Quantity.quantity></Point><Point><position>5954</position><in_Quantity.quantity>0.000000</in_Quantity.quantity><out_Quantity.quantity>802.013469</out_Quantity.quantity></Point><Point><position>5955</position><in_Quantity.quantity>0.000000</in_Quantity.quantity><out_Quantity.quantity>866.001479</out_Quantity.quantity></Point><Point><position>5956</position><in_Quantity.quantity>0.000000</in_Quantity.quantity><out_Quantity.quantity>93.427609</out_Quantity.quantity></Point><Point><position>5957</position><in_Quantity.quantity>0.000000</in_Quantity.quantity><out_Quantity.quantity>900.536757</out_Quantity.quantity></Point><Point><position>5958</position><in_Quantity.quantity>0.000000</in_Quantity.quantity><out_Quantity.quantity>429.111032</out_Quantity.quantity></Point><Point><position>5959</position><in_Quantity.quantity>0.000000</in_Quantity.quantity><out_Quantity.quantity>636.382139</out_Quantity.quantity></Point><Point><position>5960</position><in_Quantity.quantity>0.000000</in_Quantity.quantity><out_Quantity.quantity>423.698067</out_Quantity.quantity></Point><Point><position>5961</position><in_Quantity.quantity>0.000000</in_Quantity.quantity><out_Quantity.quantity>44.041201</out_Quantity.quantity></Point><Point><position>5962</position><in_Quantity.quantity>0.000000</in_Quantity.quantity><out_Quantity.quantity>962.674608</out_Quantity.quantity></Point><Point><position>5963</position><in_Quantity.quantity>0.000000</in_Quantity.quantity><out_Quantity.quantity>785.585728</out_Quantity.quantity></Point><Point><position>5964</position><in_Quantity.quantity>0.000000</in_Quantity.quantity><out_Quantity.quantity>364.107886</out_Quantity.quantity></Point><Point><position>5965</position><in_Quantity.quantity>0.000000</in_Quantity.quantity><out_Quantity.quantity>641.176753</out_Quantity.quantity></Point><Point><position>5966</position><in_Quantity.quantity>0.000000</in_Quantity.quantity><out_Quantity.quantity>32.449223</out_Quantity.quantity></Point><Point><position>5967</position><in_Quantity.quantity>0.000000</in_Quantity.quantity><out_Quantity.quantity>253.828724</out_Quantity.quantity></Point><Point><position>5968</position><in_Quantity.quantity>0.000000</in_Quantity.quantity><out_Quantity.quantity>151.431253</out_Quantity.quantity></Point><Point><position>5969</position><in_Quantity.quantity>0.000000</in_Quantity.quantity><out_Quantity.quantity>409.726379</out_Quantity.quantity></Point><Point><position>5970</position><in_Quantity.quantity>0.000000</in_Quantity.quantity><out_Quantity.quantity>476.430793</out_Quantity.quantity></Point><Point><position>5971</position><in_Quantity.quantity>0.000000</in_Quantity.quantity><out_Quantity.quantity>70.229373</out_Quantity.quantity></Point><Point><position>5972</position><in_Quantity.quantity>0.000000</in_Quantity.quantity><out_Quantity.quantity>276.381094</out_Quantity.quantity></Point><Point><position>5973</position><in_Quantity.quantity>0.000000</in_Quantity.quantity><out_Quantity.quantity>401.455367</out_Quantity.quantity></Point><Point><position>5974</position><in_Quantity.quantity>0.000000</in_Quantity.quantity><out_Quantity.quantity>619.110805</out_Quantity.quantity></Point><Point><position>5975</position><in_Quantity.quantity>0.000000</in_Quantity.quantity><out_Quantity.quantity>131.125316</out_Quantity.quantity></Point><Point><position>5976</position><in_Quantity.quantity>0.000000</in_Quantity.quantity><out_Quantity.quantity>288.138482</out_Quantity.quantity></Point><Point><position>5977</position><in_Quantity.quantity>0.000000</in_Quantity.quantity><out_Quantity.quantity>276.442735</out_Quantity.quantity></Point><Point><position>5978</position><in_Quantity.quantity>0.000000</in_Quantity.quantity><out_Quantity.quantity>719.238507</out_Quantity.quantity></Point><Point><position>5979</position><in_Quantity.quantity>0.000000</in_Quantity.quantity><out_Quantity.quantity>107.618048</out_Quantity.quantity></Point><Point><position>5980</position><in_Quantity.quantity>0.000000</in_Quantity.quantity><out_Quantity.quantity>756.444254</out_Quantity.quantity></Point><Point><position>5981</position><in_Quantity.quantity>0.000000</in_Quantity.quantity><out_Quantity.quantity>126.508063</out_Quantity.quantity></Point><Point><position>5982</position><in_Quantity.quantity>0.000000</in_Quantity.quantity><out_Quantity.quantity>956.320172</out_Quantity.quantity></Point><Point><position>5983</position><in_Quantity.quantity>0.000000</in_Quantity.quantity><out_Quantity.quantity>68.560574</out_Quantity.quantity></Point><Point><position>5984</position><in_Quantity.quantity>0.000000</in_Quantity.quantity><out_Quantity.quantity>672.434229</out_Quantity.quantity></Point><Point><position>5985</position><in_Quantity.quantity>0.000000</in_Quantity.quantity><out_Quantity.quantity>513.227355</out_Quantity.quantity></Point><Point><position>5986</position><in_Quantity.quantity>0.000000</in_Quantity.quantity><out_Quantity.quantity>129.110811</out_Quantity.quantity></Point><Point><position>5987</position><in_Quantity.quantity>0.000000</in_Quantity.quantity><out_Quantity.quantity>760.845645</out_Quantity.quantity></Point><Point><position>5988</position><in_Quantity.quantity>0.000000</in_Quantity.quantity><out_Quantity.quantity>979.241709</out_Quantity.quantity></Point><Point><position>5989</position><in_Quantity.quantity>0.000000</in_Quantity.quantity><out_Quantity.quantity>139.840990</out_Quantity.quantity></Point><Point><position>5990</position><in_Quantity.quantity>0.000000</in_Quantity.quantity><out_Quantity.quantity>820.363352</out_Quantity.quantity></Point><Point><position>5991</position><in_Quantity.quantity>0.000000</in_Quantity.quantity><out_Quantity.quantity>797.408620</out_Quantity.quantity></Point><Point><position>5992</position><in_Quantity.quantity>0.000000</in_Quantity.quantity><out_Quantity.quantity>359.281919</out_Quantity.quantity></Point><Point><position>5993</position><in_Quantity.quantity>0.000000</in_Quantity.quantity><out_Quantity.quantity>155.452816</out_Quantity.quantity></Point><Point><position>5994</position><in_Quantity.quantity>0.000000</in_Quantity.quantity><out_Quantity.quantity>251.094608</out_Quantity.quantity></Point><Point><position>5995</position><in_Quantity.quantity>0.000000</in_Quantity.quantity><out_Quantity.quantity>527.973896</out_Quantity.quantity></Point><Point><position>5996</position><in_Quantity.quantity>0.000000</in_Quantity.quantity><out_Quantity.quantity>334.145567</out_Quantity.quantity></Point><Point><position>5997</position><in_Quantity.quantity>0.000000</in_Quantity.quantity><out_Quantity.quantity>75.307428</out_Quantity.quantity></Point><Point><position>5998</position><in_Quantity.quantity>0.000000</in_Quantity.quantity><out_Quantity.quantity>6.024983</out_Quantity.quantity></Point><Point><position>5999</position><in_Quantity.quantity>0.000000</in_Quantity.quantity><out_Quantity.quantity>71.335238</out_Quantity.quantity></Point><Point><position>6000</position><in_Quantity.quantity>0.000000</in_Quantity.quantity><out_Quantity.quantity>346.643383</out_Quantity.quantity></Point><Point><position>6001</position><in_Quantity.quantity>0.000000</in_Quantity.quantity><out_Quantity.quantity>990.818459</out_Quantity.quantity></Point><Point><position>6002</position><in_Quantity.quantity>0.000000</in_Quantity.quantity><out_Quantity.quantity>696.219522</out_Quantity.quantity></Point><Point><position>6003</position><in_Quantity.quantity>0.000000</in_Quantity.quantity><out_Quantity.quantity>920.005407</out_Quantity.quantity></Point><Point><position>6004</position><in_Quantity.quantity>0.000000</in_Quantity.quantity><out_Quantity.quantity>748.103705</out_Quantity.quantity></Point><Point><position>6005</position><in_Quantity.quantity>0.000000</in_Quantity.quantity><out_Quantity.quantity>880.380295</out_Quantity.quantity></Point><Point><position>6006</position><in_Quantity.quantity>0.000000</in_Quantity.quantity><out_Quantity.quantity>978.082061</out_Quantity.quantity></Point><Point><position>6007</position><in_Quantity.quantity>0.000000</in_Quantity.quantity><out_Quantity.quantity>101.157485</out_Quantity.quantity></Point><Point><position>6008</position><in_Quantity.quantity>0.000000</in_Quantity.quantity><out_Quantity.quantity>346.835425</out_Quantity.quantity></Point><Point><position>6009</position><in_Quantity.quantity>0.000000</in_Quantity.quantity><out_Quantity.quantity>524.443607</out_Quantity.quantity></Point><Point><position>6010</position><in_Quantity.quantity>0.000000</in_Quantity.quantity><out_Quantity.quantity>338.418550</out_Quantity.quantity></Point><Point><position>6011</position><in_Quantity.quantity>0.000000</in_Quantity.quantity><out_Quantity.quantity>628.752579</out_Quantity.quantity></Point><Point><position>6012</position><in_Quantity.quantity>0.000000</in_Quantity.quantity><out_Quantity.quantity>382.766198</out_Quantity.quantity></Point><Point><position>6013</position><in_Quantity.quantity>0.000000</in_Quantity.quantity><out_Quantity.quantity>459.445160</out_Quantity.quantity></Point><Point><position>6014</position><in_Quantity.quantity>0.000000</in_Quantity.quantity><out_Quantity.quantity>54.323954</out_Quantity.quantity></Point><Point><position>6015</position><in_Quantity.quantity>0.000000</in_Quantity.quantity><out_Quantity.quantity>617.956466</out_Quantity.quantity></Point><Point><position>6016</position><in_Quantity.quantity>0.000000</in_Quantity.quantity><out_Quantity.quantity>687.502038</out_Quantity.quantity></Point><Point><position>6017</position><in_Quantity.quantity>0.000000</in_Quantity.quantity><out_Quantity.quantity>290.424196</out_Quantity.quantity></Point><Point><position>6018</position><in_Quantity.quantity>0.000000</in_Quantity.quantity><out_Quantity.quantity>320.605085</out_Quantity.quantity></Point><Point><position>6019</position><in_Quantity.quantity>0.000000</in_Quantity.quantity><out_Quantity.quantity>893.226048</out_Quantity.quantity></Point><Point><position>6020</position><in_Quantity.quantity>0.000000</in_Quantity.quantity><out_Quantity.quantity>14.277048</out_Quantity.quantity></Point><Point><position>6021</position><in_Quantity.quantity>0.000000</in_Quantity.quantity><out_Quantity.quantity>961.534466</out_Quantity.quantity></Point><Point><position>6022</position><in_Quantity.quantity>0.000000</in_Quantity.quantity><out_Quantity.quantity>143.068615</out_Quantity.quantity></Point><Point><position>6023</position><in_Quantity.quantity>0.000000</in_Quantity.quantity><out_Quantity.quantity>569.575376</out_Quantity.quantity></Point><Point><position>6024</position><in_Quantity.quantity>0.000000</in_Quantity.quantity><out_Quantity.quantity>227.108210</out_Quantity.quantity></Point><Point><position>6025</position><in_Quantity.quantity>0.000000</in_Quantity.quantity><out_Quantity.quantity>860.704471</out_Quantity.quantity></Point><Point><position>6026</position><in_Quantity.quantity>0.000000</in_Quantity.quantity><out_Quantity.quantity>672.724083</out_Quantity.quantity></Point><Point><position>6027</position><in_Quantity.quantity>0.000000</in_Quantity.quantity><out_Quantity.quantity>20.726496</out_Quantity.quantity></Point><Point><position>6028</position><in_Quantity.quantity>0.000000</in_Quantity.quantity><out_Quantity.quantity>749.784219</out_Quantity.quantity></Point><Point><position>6029</position><in_Quantity.quantity>0.000000</in_Quantity.quantity><out_Quantity.quantity>519.709352</out_Quantity.quantity></Point><Point><position>6030</position><in_Quantity.quantity>0.000000</in_Quantity.quantity><out_Quantity.quantity>902.606105</out_Quantity.quantity></Point><Point><position>6031</position><in_Quantity.quantity>0.000000</in_Quantity.quantity><out_Quantity.quantity>957.003946</out_Quantity.quantity></Point><Point><position>6032</position><in_Quantity.quantity>0.000000</in_Quantity.quantity><out_Quantity.quantity>163.459047</out_Quantity.quantity></Point><Point><position>6033</position><in_Quantity.quantity>0.000000</in_Quantity.quantity><out_Quantity.quantity>327.023671</out_Quantity.quantity></Point><Point><position>6034</position><in_Quantity.quantity>0.000000</in_Quantity.quantity><out_Quantity.quantity>663.408807</out_Quantity.quantity></Point><Point><position>6035</position><in_Quantity.quantity>0.000000</in_Quantity.quantity><out_Quantity.quantity>579.490020</out_Quantity.quantity></Point><Point><position>6036</position><in_Quantity.quantity>0.000000</in_Quantity.quantity><out_Quantity.quantity>906.744047</out_Quantity.quantity></Point><Point><position>6037</position><in_Quantity.quantity>0.000000</in_Quantity.quantity><out_Quantity.quantity>423.921939</out_Quantity.quantity></Point><Point><position>6038</position><in_Quantity.quantity>0.000000</in_Quantity.quantity><out_Quantity.quantity>188.855667</out_Quantity.quantity></Point><Point><position>6039</position><in_Quantity.quantity>0.000000</in_Quantity.quantity><out_Quantity.quantity>23.712231</out_Quantity.quantity></Point><Point><position>6040</position><in_Quantity.quantity>0.000000</in_Quantity.quantity><out_Quantity.quantity>160.576247</out_Quantity.quantity></Point><Point><position>6041</position><in_Quantity.quantity>0.000000</in_Quantity.quantity><out_Quantity.quantity>276.041657</out_Quantity.quantity></Point><Point><position>6042</position><in_Quantity.quantity>0.000000</in_Quantity.quantity><out_Quantity.quantity>544.585632</out_Quantity.quantity></Point><Point><position>6043</position><in_Quantity.quantity>0.000000</in_Quantity.quantity><out_Quantity.quantity>56.342477</out_Quantity.quantity></Point><Point><position>6044</position><in_Quantity.quantity>0.000000</in_Quantity.quantity><out_Quantity.quantity>734.010344</out_Quantity.quantity></Point><Point><position>6045</position><in_Quantity.quantity>0.000000</in_Quantity.quantity><out_Quantity.quantity>881.806072</out_Quantity.quantity></Point><Point><position>6046</position><in_Quantity.quantity>0.000000</in_Quantity.quantity><out_Quantity.quantity>255.462471</out_Quantity.quantity></Point><Point><position>6047</position><in_Quantity.quantity>0.000000</in_Quantity.quantity><out_Quantity.quantity>123.565198</out_Quantity.quantity></Point><Point><position>6048</position><in_Quantity.quantity>0.000000</in_Quantity.quantity><out_Quantity.quantity>580.726049</out_Quantity.quantity></Point><Point><position>6049</position><in_Quantity.quantity>0.000000</in_Quantity.quantity><out_Quantity.quantity>434.420815</out_Quantity.quantity></Point><Point><position>6050</position><in_Quantity.quantity>0.000000</in_Quantity.quantity><out_Quantity.quantity>905.450261</out_Quantity.quantity></Point><Point><position>6051</position><in_Quantity.quantity>0.000000</in_Quantity.quantity><out_Quantity.quantity>901.892068</out_Quantity.quantity></Point><Point><position>6052</position><in_Quantity.quantity>0.000000</in_Quantity.quantity><out_Quantity.quantity>99.395211</out_Quantity.quantity></Point><Point><position>6053</position><in_Quantity.quantity>0.000000</in_Quantity.quantity><out_Quantity.quantity>745.555301</out_Quantity.quantity></Point><Point><position>6054</position><in_Quantity.quantity>0.000000</in_Quantity.quantity><out_Quantity.quantity>934.052081</out_Quantity.quantity></Point><Point><position>6055</position><in_Quantity.quantity>0.000000</in_Quantity.quantity><out_Quantity.quantity>677.166744</out_Quantity.quantity></Point><Point><position>6056</position><in_Quantity.quantity>0.000000</in_Quantity.quantity><out_Quantity.quantity>723.612226</out_Quantity.quantity></Point><Point><position>6057</position><in_Quantity.quantity>0.000000</in_Quantity.quantity><out_Quantity.quantity>709.181244</out_Quantity.quantity></Point><Point><position>6058</position><in_Quantity.quantity>0.000000</in_Quantity.quantity><out_Quantity.quantity>54.928248</out_Quantity.quantity></Point><Point><position>6059</position><in_Quantity.quantity>0.000000</in_Quantity.quantity><out_Quantity.quantity>795.962039</out_Quantity.quantity></Point><Point><position>6060</position><in_Quantity.quantity>0.000000</in_Quantity.quantity><out_Quantity.quantity>607.690049</out_Quantity.quantity></Point><Point><position>6061</position><in_Quantity.quantity>0.000000</in_Quantity.quantity><out_Quantity.quantity>151.891048</out_Quantity.quantity></Point><Point><position>6062</position><in_Quantity.quantity>0.000000</in_Quantity.quantity><out_Quantity.quantity>959.532707</out_Quantity.quantity></Point><Point><position>6063</position><in_Quantity.quantity>0.000000</in_Quantity.quantity><out_Quantity.quantity>930.880933</out_Quantity.quantity></Point><Point><position>6064</position><in_Quantity.quantity>0.000000</in_Quantity.quantity><out_Quantity.quantity>661.874218</out_Quantity.quantity></Point><Point><position>6065</position><in_Quantity.quantity>0.000000</in_Quantity.quantity><out_Quantity.quantity>285.019600</out_Quantity.quantity></Point><Point><position>6066</position><in_Quantity.quantity>0.000000</in_Quantity.quantity><out_Quantity.quantity>779.952037</out_Quantity.quantity></Point><Point><position>6067</position><in_Quantity.quantity>0.000000</in_Quantity.quantity><out_Quantity.quantity>763.185329</out_Quantity.quantity></Point><Point><position>6068</position><in_Quantity.quantity>0.000000</in_Quantity.quantity><out_Quantity.quantity>518.372589</out_Quantity.quantity></Point><Point><position>6069</position><in_Quantity.quantity>0.000000</in_Quantity.quantity><out_Quantity.quantity>378.057944</out_Quantity.quantity></Point><Point><position>6070</position><in_Quantity.quantity>0.000000</in_Quantity.quantity><out_Quantity.quantity>46.598125</out_Quantity.quantity></Point><Point><position>6071</position><in_Quantity.quantity>0.000000</in_Quantity.quantity><out_Quantity.quantity>528.280863</out_Quantity.quantity></Point><Point><position>6072</position><in_Quantity.quantity>0.000000</in_Quantity.quantity><out_Quantity.quantity>28.018792</out_Quantity.quantity></Point><Point><position>6073</position><in_Quantity.quantity>0.000000</in_Quantity.quantity><out_Quantity.quantity>115.700399</out_Quantity.quantity></Point><Point><position>6074</position><in_Quantity.quantity>0.000000</in_Quantity.quantity><out_Quantity.quantity>263.391467</out_Quantity.quantity></Point><Point><position>6075</position><in_Quantity.quantity>0.000000</in_Quantity.quantity><out_Quantity.quantity>114.537135</out_Quantity.quantity></Point><Point><position>6076</position><in_Quantity.quantity>0.000000</in_Quantity.quantity><out_Quantity.quantity>997.467982</out_Quantity.quantity></Point><Point><position>6077</position><in_Quantity.quantity>0.000000</in_Quantity.quantity><out_Quantity.quantity>994.499003</out_Quantity.quantity></Point><Point><position>6078</position><in_Quantity.quantity>0.000000</in_Quantity.quantity><out_Quantity.quantity>406.213006</out_Quantity.quantity></Point><Point><position>6079</position><in_Quantity.quantity>0.000000</in_Quantity.quantity><out_Quantity.quantity>634.058767</out_Quantity.quantity></Point><Point><position>6080</position><in_Quantity.quantity>0.000000</in_Quantity.quantity><out_Quantity.quantity>623.181655</out_Quantity.quantity></Point><Point><position>6081</position><in_Quantity.quantity>0.000000</in_Quantity.quantity><out_Quantity.quantity>821.345487</out_Quantity.quantity></Point><Point><position>6082</position><in_Quantity.quantity>0.000000</in_Quantity.quantity><out_Quantity.quantity>608.820512</out_Quantity.quantity></Point><Point><position>6083</position><in_Quantity.quantity>0.000000</in_Quantity.quantity><out_Quantity.quantity>285.439136</out_Quantity.quantity></Point><Point><position>6084</position><in_Quantity.quantity>0.000000</in_Quantity.quantity><out_Quantity.quantity>729.757880</out_Quantity.quantity></Point><Point><position>6085</position><in_Quantity.quantity>0.000000</in_Quantity.quantity><out_Quantity.quantity>487.914754</out_Quantity.quantity></Point><Point><position>6086</position><in_Quantity.quantity>0.000000</in_Quantity.quantity><out_Quantity.quantity>244.744799</out_Quantity.quantity></Point><Point><position>6087</position><in_Quantity.quantity>0.000000</in_Quantity.quantity><out_Quantity.quantity>340.190295</out_Quantity.quantity></Point><Point><position>6088</position><in_Quantity.quantity>0.000000</in_Quantity.quantity><out_Quantity.quantity>499.933619</out_Quantity.quantity></Point><Point><position>6089</position><in_Quantity.quantity>0.000000</in_Quantity.quantity><out_Quantity.quantity>863.130748</out_Quantity.quantity></Point><Point><position>6090</position><in_Quantity.quantity>0.000000</in_Quantity.quantity><out_Quantity.quantity>137.064909</out_Quantity.quantity></Point><Point><position>6091</position><in_Quantity.quantity>0.000000</in_Quantity.quantity><out_Quantity.quantity>764.242202</out_Quantity.quantity></Point><Point><position>6092</position><in_Quantity.quantity>0.000000</in_Quantity.quantity><out_Quantity.quantity>346.391600</out_Quantity.quantity></Point><Point><position>6093</position><in_Quantity.quantity>0.000000</in_Quantity.quantity><out_Quantity.quantity>969.866939</out_Quantity.quantity></Point><Point><position>6094</position><in_Quantity.quantity>0.000000</in_Quantity.quantity><out_Quantity.quantity>530.326736</out_Quantity.quantity></Point><Point><position>6095</position><in_Quantity.quantity>0.000000</in_Quantity.quantity><out_Quantity.quantity>423.520076</out_Quantity.quantity></Point><Point><position>6096</position><in_Quantity.quantity>0.000000</in_Quantity.quantity><out_Quantity.quantity>375.229712</out_Quantity.quantity></Point><Point><position>6097</position><in_Quantity.quantity>0.000000</in_Quantity.quantity><out_Quantity.quantity>327.043285</out_Quantity.quantity></Point><Point><position>6098</position><in_Quantity.quantity>0.000000</in_Quantity.quantity><out_Quantity.quantity>263.446409</out_Quantity.quantity></Point><Point><position>6099</position><in_Quantity.quantity>0.000000</in_Quantity.quantity><out_Quantity.quantity>164.321367</out_Quantity.quantity></Point><Point><position>6100</position><in_Quantity.quantity>0.000000</in_Quantity.quantity><out_Quantity.quantity>842.978575</out_Quantity.quantity></Point><Point><position>6101</position><in_Quantity.quantity>0.000000</in_Quantity.quantity><out_Quantity.quantity>900.201145</out_Quantity.quantity></Point><Point><position>6102</position><in_Quantity.quantity>0.000000</in_Quantity.quantity><out_Quantity.quantity>275.012871</out_Quantity.quantity></Point><Point><position>6103</position><in_Quantity.quantity>0.000000</in_Quantity.quantity><out_Quantity.quantity>578.165148</out_Quantity.quantity></Point><Point><position>6104</position><in_Quantity.quantity>0.000000</in_Quantity.quantity><out_Quantity.quantity>409.606384</out_Quantity.quantity></Point><Point><position>6105</position><in_Quantity.quantity>0.000000</in_Quantity.quantity><out_Quantity.quantity>754.774028</out_Quantity.quantity></Point><Point><position>6106</position><in_Quantity.quantity>0.000000</in_Quantity.quantity><out_Quantity.quantity>75.466261</out_Quantity.quantity></Point><Point><position>6107</position><in_Quantity.quantity>0.000000</in_Quantity.quantity><out_Quantity.quantity>245.525916</out_Quantity.quantity></Point><Point><position>6108</position><in_Quantity.quantity>0.000000</in_Quantity.quantity><out_Quantity.quantity>15.680120</out_Quantity.quantity></Point><Point><position>6109</position><in_Quantity.quantity>0.000000</in_Quantity.quantity><out_Quantity.quantity>888.876564</out_Quantity.quantity></Point><Point><position>6110</position><in_Quantity.quantity>0.000000</in_Quantity.quantity><out_Quantity.quantity>176.793529</out_Quantity.quantity></Point><Point><position>6111</position><in_Quantity.quantity>0.000000</in_Quantity.quantity><out_Quantity.quantity>157.820525</out_Quantity.quantity></Point><Point><position>6112</position><in_Quantity.quantity>0.000000</in_Quantity.quantity><out_Quantity.quantity>66.454922</out_Quantity.quantity></Point><Point><position>6113</position><in_Quantity.quantity>0.000000</in_Quantity.quantity><out_Quantity.quantity>331.383355</out_Quantity.quantity></Point><Point><position>6114</position><in_Quantity.quantity>0.000000</in_Quantity.quantity><out_Quantity.quantity>429.433118</out_Quantity.quantity></Point><Point><position>6115</position><in_Quantity.quantity>0.000000</in_Quantity.quantity><out_Quantity.quantity>263.726752</out_Quantity.quantity></Point><Point><position>6116</position><in_Quantity.quantity>0.000000</in_Quantity.quantity><out_Quantity.quantity>33.411996</out_Quantity.quantity></Point><Point><position>6117</position><in_Quantity.quantity>0.000000</in_Quantity.quantity><out_Quantity.quantity>829.737918</out_Quantity.quantity></Point><Point><position>6118</position><in_Quantity.quantity>0.000000</in_Quantity.quantity><out_Quantity.quantity>916.218842</out_Quantity.quantity></Point><Point><position>6119</position><in_Quantity.quantity>0.000000</in_Quantity.quantity><out_Quantity.quantity>328.379935</out_Quantity.quantity></Point><Point><position>6120</position><in_Quantity.quantity>0.000000</in_Quantity.quantity><out_Quantity.quantity>887.796665</out_Quantity.quantity></Point><Point><position>6121</position><in_Quantity.quantity>0.000000</in_Quantity.quantity><out_Quantity.quantity>129.138039</out_Quantity.quantity></Point><Point><position>6122</position><in_Quantity.quantity>0.000000</in_Quantity.quantity><out_Quantity.quantity>334.388121</out_Quantity.quantity></Point><Point><position>6123</position><in_Quantity.quantity>0.000000</in_Quantity.quantity><out_Quantity.quantity>887.280780</out_Quantity.quantity></Point><Point><position>6124</position><in_Quantity.quantity>0.000000</in_Quantity.quantity><out_Quantity.quantity>702.346613</out_Quantity.quantity></Point><Point><position>6125</position><in_Quantity.quantity>0.000000</in_Quantity.quantity><out_Quantity.quantity>893.702350</out_Quantity.quantity></Point><Point><position>6126</position><in_Quantity.quantity>0.000000</in_Quantity.quantity><out_Quantity.quantity>43.154634</out_Quantity.quantity></Point><Point><position>6127</position><in_Quantity.quantity>0.000000</in_Quantity.quantity><out_Quantity.quantity>599.566223</out_Quantity.quantity></Point><Point><position>6128</position><in_Quantity.quantity>0.000000</in_Quantity.quantity><out_Quantity.quantity>209.431416</out_Quantity.quantity></Point><Point><position>6129</position><in_Quantity.quantity>0.000000</in_Quantity.quantity><out_Quantity.quantity>999.920894</out_Quantity.quantity></Point><Point><position>6130</position><in_Quantity.quantity>0.000000</in_Quantity.quantity><out_Quantity.quantity>585.458990</out_Quantity.quantity></Point><Point><position>6131</position><in_Quantity.quantity>0.000000</in_Quantity.quantity><out_Quantity.quantity>952.451865</out_Quantity.quantity></Point><Point><position>6132</position><in_Quantity.quantity>0.000000</in_Quantity.quantity><out_Quantity.quantity>109.415246</out_Quantity.quantity></Point><Point><position>6133</position><in_Quantity.quantity>0.000000</in_Quantity.quantity><out_Quantity.quantity>361.089060</out_Quantity.quantity></Point><Point><position>6134</position><in_Quantity.quantity>0.000000</in_Quantity.quantity><out_Quantity.quantity>476.273853</out_Quantity.quantity></Point><Point><position>6135</position><in_Quantity.quantity>0.000000</in_Quantity.quantity><out_Quantity.quantity>898.856735</out_Quantity.quantity></Point><Point><position>6136</position><in_Quantity.quantity>0.000000</in_Quantity.quantity><out_Quantity.quantity>199.093398</out_Quantity.quantity></Point><Point><position>6137</position><in_Quantity.quantity>0.000000</in_Quantity.quantity><out_Quantity.quantity>588.440992</out_Quantity.quantity></Point><Point><position>6138</position><in_Quantity.quantity>0.000000</in_Quantity.quantity><out_Quantity.quantity>646.214398</out_Quantity.quantity></Point><Point><position>6139</position><in_Quantity.quantity>0.000000</in_Quantity.quantity><out_Quantity.quantity>785.096249</out_Quantity.quantity></Point><Point><position>6140</position><in_Quantity.quantity>0.000000</in_Quantity.quantity><out_Quantity.quantity>181.821382</out_Quantity.quantity></Point><Point><position>6141</position><in_Quantity.quantity>0.000000</in_Quantity.quantity><out_Quantity.quantity>815.012915</out_Quantity.quantity></Point><Point><position>6142</position><in_Quantity.quantity>0.000000</in_Quantity.quantity><out_Quantity.quantity>348.393881</out_Quantity.quantity></Point><Point><position>6143</position><in_Quantity.quantity>0.000000</in_Quantity.quantity><out_Quantity.quantity>627.670198</out_Quantity.quantity></Point><Point><position>6144</position><in_Quantity.quantity>0.000000</in_Quantity.quantity><out_Quantity.quantity>784.893123</out_Quantity.quantity></Point><Point><position>6145</position><in_Quantity.quantity>0.000000</in_Quantity.quantity><out_Quantity.quantity>237.262659</out_Quantity.quantity></Point><Point><position>6146</position><in_Quantity.quantity>0.000000</in_Quantity.quantity><out_Quantity.quantity>254.627375</out_Quantity.quantity></Point><Point><position>6147</position><in_Quantity.quantity>0.000000</in_Quantity.quantity><out_Quantity.quantity>655.567233</out_Quantity.quantity></Point><Point><position>6148</position><in_Quantity.quantity>0.000000</in_Quantity.quantity><out_Quantity.quantity>619.608694</out_Quantity.quantity></Point><Point><position>6149</position><in_Quantity.quantity>0.000000</in_Quantity.quantity><out_Quantity.quantity>536.060597</out_Quantity.quantity></Point><Point><position>6150</position><in_Quantity.quantity>0.000000</in_Quantity.quantity><out_Quantity.quantity>616.599780</out_Quantity.quantity></Point><Point><position>6151</position><in_Quantity.quantity>0.000000</in_Quantity.quantity><out_Quantity.quantity>360.711543</out_Quantity.quantity></Point><Point><position>6152</position><in_Quantity.quantity>0.000000</in_Quantity.quantity><out_Quantity.quantity>623.636437</out_Quantity.quantity></Point><Point><position>6153</position><in_Quantity.quantity>0.000000</in_Quantity.quantity><out_Quantity.quantity>593.763080</out_Quantity.quantity></Point><Point><position>6154</position><in_Quantity.quantity>0.000000</in_Quantity.quantity><out_Quantity.quantity>333.149674</out_Quantity.quantity></Point><Point><position>6155</position><in_Quantity.quantity>0.000000</in_Quantity.quantity><out_Quantity.quantity>158.234764</out_Quantity.quantity></Point><Point><position>6156</position><in_Quantity.quantity>0.000000</in_Quantity.quantity><out_Quantity.quantity>194.270422</out_Quantity.quantity></Point><Point><position>6157</position><in_Quantity.quantity>0.000000</in_Quantity.quantity><out_Quantity.quantity>886.224348</out_Quantity.quantity></Point><Point><position>6158</position><in_Quantity.quantity>0.000000</in_Quantity.quantity><out_Quantity.quantity>621.438564</out_Quantity.quantity></Point><Point><position>6159</position><in_Quantity.quantity>0.000000</in_Quantity.quantity><out_Quantity.quantity>878.984371</out_Quantity.quantity></Point><Point><position>6160</position><in_Quantity.quantity>0.000000</in_Quantity.quantity><out_Quantity.quantity>462.210035</out_Quantity.quantity></Point><Point><position>6161</position><in_Quantity.quantity>0.000000</in_Quantity.quantity><out_Quantity.quantity>292.159493</out_Quantity.quantity></Point><Point><position>6162</position><in_Quantity.quantity>0.000000</in_Quantity.quantity><out_Quantity.quantity>362.477185</out_Quantity.quantity></Point><Point><position>6163</position><in_Quantity.quantity>0.000000</in_Quantity.quantity><out_Quantity.quantity>489.718637</out_Quantity.quantity></Point><Point><position>6164</position><in_Quantity.quantity>0.000000</in_Quantity.quantity><out_Quantity.quantity>861.287596</out_Quantity.quantity></Point><Point><position>6165</position><in_Quantity.quantity>0.000000</in_Quantity.quantity><out_Quantity.quantity>577.114792</out_Quantity.quantity></Point><Point><position>6166</position><in_Quantity.quantity>0.000000</in_Quantity.quantity><out_Quantity.quantity>658.236766</out_Quantity.quantity></Point><Point><position>6167</position><in_Quantity.quantity>0.000000</in_Quantity.quantity><out_Quantity.quantity>86.649052</out_Quantity.quantity></Point><Point><position>6168</position><in_Quantity.quantity>0.000000</in_Quantity.quantity><out_Quantity.quantity>898.974095</out_Quantity.quantity></Point><Point><position>6169</position><in_Quantity.quantity>0.000000</in_Quantity.quantity><out_Quantity.quantity>999.794062</out_Quantity.quantity></Point><Point><position>6170</position><in_Quantity.quantity>0.000000</in_Quantity.quantity><out_Quantity.quantity>731.804343</out_Quantity.quantity></Point><Point><position>6171</position><in_Quantity.quantity>0.000000</in_Quantity.quantity><out_Quantity.quantity>688.506111</out_Quantity.quantity></Point><Point><position>6172</position><in_Quantity.quantity>0.000000</in_Quantity.quantity><out_Quantity.quantity>398.286543</out_Quantity.quantity></Point><Point><position>6173</position><in_Quantity.quantity>0.000000</in_Quantity.quantity><out_Quantity.quantity>57.497817</out_Quantity.quantity></Point><Point><position>6174</position><in_Quantity.quantity>0.000000</in_Quantity.quantity><out_Quantity.quantity>749.792938</out_Quantity.quantity></Point><Point><position>6175</position><in_Quantity.quantity>0.000000</in_Quantity.quantity><out_Quantity.quantity>470.984194</out_Quantity.quantity></Point><Point><position>6176</position><in_Quantity.quantity>0.000000</in_Quantity.quantity><out_Quantity.quantity>201.674914</out_Quantity.quantity></Point><Point><position>6177</position><in_Quantity.quantity>0.000000</in_Quantity.quantity><out_Quantity.quantity>506.752188</out_Quantity.quantity></Point><Point><position>6178</position><in_Quantity.quantity>0.000000</in_Quantity.quantity><out_Quantity.quantity>646.101046</out_Quantity.quantity></Point><Point><position>6179</position><in_Quantity.quantity>0.000000</in_Quantity.quantity><out_Quantity.quantity>207.451315</out_Quantity.quantity></Point><Point><position>6180</position><in_Quantity.quantity>0.000000</in_Quantity.quantity><out_Quantity.quantity>651.796109</out_Quantity.quantity></Point><Point><position>6181</position><in_Quantity.quantity>0.000000</in_Quantity.quantity><out_Quantity.quantity>386.350873</out_Quantity.quantity></Point><Point><position>6182</position><in_Quantity.quantity>0.000000</in_Quantity.quantity><out_Quantity.quantity>962.313212</out_Quantity.quantity></Point><Point><position>6183</position><in_Quantity.quantity>0.000000</in_Quantity.quantity><out_Quantity.quantity>2.498211</out_Quantity.quantity></Point><Point><position>6184</position><in_Quantity.quantity>0.000000</in_Quantity.quantity><out_Quantity.quantity>913.611047</out_Quantity.quantity></Point><Point><position>6185</position><in_Quantity.quantity>0.000000</in_Quantity.quantity><out_Quantity.quantity>339.019852</out_Quantity.quantity></Point><Point><position>6186</position><in_Quantity.quantity>0.000000</in_Quantity.quantity><out_Quantity.quantity>687.140482</out_Quantity.quantity></Point><Point><position>6187</position><in_Quantity.quantity>0.000000</in_Quantity.quantity><out_Quantity.quantity>731.895047</out_Quantity.quantity></Point><Point><position>6188</position><in_Quantity.quantity>0.000000</in_Quantity.quantity><out_Quantity.quantity>444.098033</out_Quantity.quantity></Point><Point><position>6189</position><in_Quantity.quantity>0.000000</in_Quantity.quantity><out_Quantity.quantity>317.679247</out_Quantity.quantity></Point><Point><position>6190</position><in_Quantity.quantity>0.000000</in_Quantity.quantity><out_Quantity.quantity>493.551631</out_Quantity.quantity></Point><Point><position>6191</position><in_Quantity.quantity>0.000000</in_Quantity.quantity><out_Quantity.quantity>814.639516</out_Quantity.quantity></Point><Point><position>6192</position><in_Quantity.quantity>0.000000</in_Quantity.quantity><out_Quantity.quantity>874.866244</out_Quantity.quantity></Point><Point><position>6193</position><in_Quantity.quantity>0.000000</in_Quantity.quantity><out_Quantity.quantity>317.931964</out_Quantity.quantity></Point><Point><position>6194</position><in_Quantity.quantity>0.000000</in_Quantity.quantity><out_Quantity.quantity>265.281180</out_Quantity.quantity></Point><Point><position>6195</position><in_Quantity.quantity>0.000000</in_Quantity.quantity><out_Quantity.quantity>579.815830</out_Quantity.quantity></Point><Point><position>6196</position><in_Quantity.quantity>0.000000</in_Quantity.quantity><out_Quantity.quantity>133.627820</out_Quantity.quantity></Point><Point><position>6197</position><in_Quantity.quantity>0.000000</in_Quantity.quantity><out_Quantity.quantity>860.583345</out_Quantity.quantity></Point><Point><position>6198</position><in_Quantity.quantity>0.000000</in_Quantity.quantity><out_Quantity.quantity>296.414103</out_Quantity.quantity></Point><Point><position>6199</position><in_Quantity.quantity>0.000000</in_Quantity.quantity><out_Quantity.quantity>245.567549</out_Quantity.quantity></Point><Point><position>6200</position><in_Quantity.quantity>0.000000</in_Quantity.quantity><out_Quantity.quantity>365.335234</out_Quantity.quantity></Point><Point><position>6201</position><in_Quantity.quantity>0.000000</in_Quantity.quantity><out_Quantity.quantity>353.426870</out_Quantity.quantity></Point><Point><position>6202</position><in_Quantity.quantity>0.000000</in_Quantity.quantity><out_Quantity.quantity>528.550084</out_Quantity.quantity></Point><Point><position>6203</position><in_Quantity.quantity>0.000000</in_Quantity.quantity><out_Quantity.quantity>551.843990</out_Quantity.quantity></Point><Point><position>6204</position><in_Quantity.quantity>0.000000</in_Quantity.quantity><out_Quantity.quantity>186.660683</out_Quantity.quantity></Point><Point><position>6205</position><in_Quantity.quantity>0.000000</in_Quantity.quantity><out_Quantity.quantity>838.067440</out_Quantity.quantity></Point><Point><position>6206</position><in_Quantity.quantity>0.000000</in_Quantity.quantity><out_Quantity.quantity>513.844007</out_Quantity.quantity></Point><Point><position>6207</position><in_Quantity.quantity>0.000000</in_Quantity.quantity><out_Quantity.quantity>532.430968</out_Quantity.quantity></Point><Point><position>6208</position><in_Quantity.quantity>0.000000</in_Quantity.quantity><out_Quantity.quantity>91.480514</out_Quantity.quantity></Point><Point><position>6209</position><in_Quantity.quantity>0.000000</in_Quantity.quantity><out_Quantity.quantity>685.183415</out_Quantity.quantity></Point><Point><position>6210</position><in_Quantity.quantity>0.000000</in_Quantity.quantity><out_Quantity.quantity>304.742657</out_Quantity.quantity></Point><Point><position>6211</position><in_Quantity.quantity>0.000000</in_Quantity.quantity><out_Quantity.quantity>382.091489</out_Quantity.quantity></Point><Point><position>6212</position><in_Quantity.quantity>0.000000</in_Quantity.quantity><out_Quantity.quantity>778.359402</out_Quantity.quantity></Point><Point><position>6213</position><in_Quantity.quantity>0.000000</in_Quantity.quantity><out_Quantity.quantity>622.247244</out_Quantity.quantity></Point><Point><position>6214</position><in_Quantity.quantity>0.000000</in_Quantity.quantity><out_Quantity.quantity>301.938110</out_Quantity.quantity></Point><Point><position>6215</position><in_Quantity.quantity>0.000000</in_Quantity.quantity><out_Quantity.quantity>511.684489</out_Quantity.quantity></Point><Point><position>6216</position><in_Quantity.quantity>0.000000</in_Quantity.quantity><out_Quantity.quantity>838.992959</out_Quantity.quantity></Point><Point><position>6217</position><in_Quantity.quantity>0.000000</in_Quantity.quantity><out_Quantity.quantity>977.047043</out_Quantity.quantity></Point><Point><position>6218</position><in_Quantity.quantity>0.000000</in_Quantity.quantity><out_Quantity.quantity>747.983343</out_Quantity.quantity></Point><Point><position>6219</position><in_Quantity.quantity>0.000000</in_Quantity.quantity><out_Quantity.quantity>193.593234</out_Quantity.quantity></Point><Point><position>6220</position><in_Quantity.quantity>0.000000</in_Quantity.quantity><out_Quantity.quantity>831.431909</out_Quantity.quantity></Point><Point><position>6221</position><in_Quantity.quantity>0.000000</in_Quantity.quantity><out_Quantity.quantity>312.545865</out_Quantity.quantity></Point><Point><position>6222</position><in_Quantity.quantity>0.000000</in_Quantity.quantity><out_Quantity.quantity>71.234245</out_Quantity.quantity></Point><Point><position>6223</position><in_Quantity.quantity>0.000000</in_Quantity.quantity><out_Quantity.quantity>771.297893</out_Quantity.quantity></Point><Point><position>6224</position><in_Quantity.quantity>0.000000</in_Quantity.quantity><out_Quantity.quantity>189.959632</out_Quantity.quantity></Point><Point><position>6225</position><in_Quantity.quantity>0.000000</in_Quantity.quantity><out_Quantity.quantity>575.246853</out_Quantity.quantity></Point><Point><position>6226</position><in_Quantity.quantity>0.000000</in_Quantity.quantity><out_Quantity.quantity>389.570715</out_Quantity.quantity></Point><Point><position>6227</position><in_Quantity.quantity>0.000000</in_Quantity.quantity><out_Quantity.quantity>901.676428</out_Quantity.quantity></Point><Point><position>6228</position><in_Quantity.quantity>0.000000</in_Quantity.quantity><out_Quantity.quantity>750.640405</out_Quantity.quantity></Point><Point><position>6229</position><in_Quantity.quantity>0.000000</in_Quantity.quantity><out_Quantity.quantity>483.432904</out_Quantity.quantity></Point><Point><position>6230</position><in_Quantity.quantity>0.000000</in_Quantity.quantity><out_Quantity.quantity>108.916036</out_Quantity.quantity></Point><Point><position>6231</position><in_Quantity.quantity>0.000000</in_Quantity.quantity><out_Quantity.quantity>198.597188</out_Quantity.quantity></Point><Point><position>6232</position><in_Quantity.quantity>0.000000</in_Quantity.quantity><out_Quantity.quantity>609.337051</out_Quantity.quantity></Point><Point><position>6233</position><in_Quantity.quantity>0.000000</in_Quantity.quantity><out_Quantity.quantity>745.341567</out_Quantity.quantity></Point><Point><position>6234</position><in_Quantity.quantity>0.000000</in_Quantity.quantity><out_Quantity.quantity>393.429827</out_Quantity.quantity></Point><Point><position>6235</position><in_Quantity.quantity>0.000000</in_Quantity.quantity><out_Quantity.quantity>565.390826</out_Quantity.quantity></Point><Point><position>6236</position><in_Quantity.quantity>0.000000</in_Quantity.quantity><out_Quantity.quantity>73.573417</out_Quantity.quantity></Point><Point><position>6237</position><in_Quantity.quantity>0.000000</in_Quantity.quantity><out_Quantity.quantity>878.746915</out_Quantity.quantity></Point><Point><position>6238</position><in_Quantity.quantity>0.000000</in_Quantity.quantity><out_Quantity.quantity>549.784137</out_Quantity.quantity></Point><Point><position>6239</position><in_Quantity.quantity>0.000000</in_Quantity.quantity><out_Quantity.quantity>532.774862</out_Quantity.quantity></Point><Point><position>6240</position><in_Quantity.quantity>0.000000</in_Quantity.quantity><out_Quantity.quantity>985.003124</out_Quantity.quantity></Point><Point><position>6241</position><in_Quantity.quantity>0.000000</in_Quantity.quantity><out_Quantity.quantity>777.063272</out_Quantity.quantity></Point><Point><position>6242</position><in_Quantity.quantity>0.000000</in_Quantity.quantity><out_Quantity.quantity>572.673966</out_Quantity.quantity></Point><Point><position>6243</position><in_Quantity.quantity>0.000000</in_Quantity.quantity><out_Quantity.quantity>86.488557</out_Quantity.quantity></Point><Point><position>6244</position><in_Quantity.quantity>0.000000</in_Quantity.quantity><out_Quantity.quantity>966.922297</out_Quantity.quantity></Point><Point><position>6245</position><in_Quantity.quantity>0.000000</in_Quantity.quantity><out_Quantity.quantity>311.915357</out_Quantity.quantity></Point><Point><position>6246</position><in_Quantity.quantity>0.000000</in_Quantity.quantity><out_Quantity.quantity>360.733002</out_Quantity.quantity></Point><Point><position>6247</position><in_Quantity.quantity>0.000000</in_Quantity.quantity><out_Quantity.quantity>501.990802</out_Quantity.quantity></Point><Point><position>6248</position><in_Quantity.quantity>0.000000</in_Quantity.quantity><out_Quantity.quantity>473.674340</out_Quantity.quantity></Point><Point><position>6249</position><in_Quantity.quantity>0.000000</in_Quantity.quantity><out_Quantity.quantity>802.140370</out_Quantity.quantity></Point><Point><position>6250</position><in_Quantity.quantity>0.000000</in_Quantity.quantity><out_Quantity.quantity>956.356607</out_Quantity.quantity></Point><Point><position>6251</position><in_Quantity.quantity>0.000000</in_Quantity.quantity><out_Quantity.quantity>915.666602</out_Quantity.quantity></Point><Point><position>6252</position><in_Quantity.quantity>0.000000</in_Quantity.quantity><out_Quantity.quantity>147.510384</out_Quantity.quantity></Point><Point><position>6253</position><in_Quantity.quantity>0.000000</in_Quantity.quantity><out_Quantity.quantity>429.401482</out_Quantity.quantity></Point><Point><position>6254</position><in_Quantity.quantity>0.000000</in_Quantity.quantity><out_Quantity.quantity>522.242145</out_Quantity.quantity></Point><Point><position>6255</position><in_Quantity.quantity>0.000000</in_Quantity.quantity><out_Quantity.quantity>295.004555</out_Quantity.quantity></Point><Point><position>6256</position><in_Quantity.quantity>0.000000</in_Quantity.quantity><out_Quantity.quantity>987.959695</out_Quantity.quantity></Point><Point><position>6257</position><in_Quantity.quantity>0.000000</in_Quantity.quantity><out_Quantity.quantity>926.595422</out_Quantity.quantity></Point><Point><position>6258</position><in_Quantity.quantity>0.000000</in_Quantity.quantity><out_Quantity.quantity>881.813307</out_Quantity.quantity></Point><Point><position>6259</position><in_Quantity.quantity>0.000000</in_Quantity.quantity><out_Quantity.quantity>339.201993</out_Quantity.quantity></Point><Point><position>6260</position><in_Quantity.quantity>0.000000</in_Quantity.quantity><out_Quantity.quantity>602.899995</out_Quantity.quantity></Point><Point><position>6261</position><in_Quantity.quantity>0.000000</in_Quantity.quantity><out_Quantity.quantity>351.697857</out_Quantity.quantity></Point><Point><position>6262</position><in_Quantity.quantity>0.000000</in_Quantity.quantity><out_Quantity.quantity>228.923647</out_Quantity.quantity></Point><Point><position>6263</position><in_Quantity.quantity>0.000000</in_Quantity.quantity><out_Quantity.quantity>434.702032</out_Quantity.quantity></Point><Point><position>6264</position><in_Quantity.quantity>0.000000</in_Quantity.quantity><out_Quantity.quantity>25.463465</out_Quantity.quantity></Point><Point><position>6265</position><in_Quantity.quantity>0.000000</in_Quantity.quantity><out_Quantity.quantity>745.857805</out_Quantity.quantity></Point><Point><position>6266</position><in_Quantity.quantity>0.000000</in_Quantity.quantity><out_Quantity.quantity>393.212794</out_Quantity.quantity></Point><Point><position>6267</position><in_Quantity.quantity>0.000000</in_Quantity.quantity><out_Quantity.quantity>167.754831</out_Quantity.quantity></Point><Point><position>6268</position><in_Quantity.quantity>0.000000</in_Quantity.quantity><out_Quantity.quantity>10.563281</out_Quantity.quantity></Point><Point><position>6269</position><in_Quantity.quantity>0.000000</in_Quantity.quantity><out_Quantity.quantity>903.760388</out_Quantity.quantity></Point><Point><position>6270</position><in_Quantity.quantity>0.000000</in_Quantity.quantity><out_Quantity.quantity>22.175676</out_Quantity.quantity></Point><Point><position>6271</position><in_Quantity.quantity>0.000000</in_Quantity.quantity><out_Quantity.quantity>878.428372</out_Quantity.quantity></Point><Point><position>6272</position><in_Quantity.quantity>0.000000</in_Quantity.quantity><out_Quantity.quantity>549.864439</out_Quantity.quantity></Point><Point><position>6273</position><in_Quantity.quantity>0.000000</in_Quantity.quantity><out_Quantity.quantity>546.002992</out_Quantity.quantity></Point><Point><position>6274</position><in_Quantity.quantity>0.000000</in_Quantity.quantity><out_Quantity.quantity>279.314330</out_Quantity.quantity></Point><Point><position>6275</position><in_Quantity.quantity>0.000000</in_Quantity.quantity><out_Quantity.quantity>617.166849</out_Quantity.quantity></Point><Point><position>6276</position><in_Quantity.quantity>0.000000</in_Quantity.quantity><out_Quantity.quantity>575.992957</out_Quantity.quantity></Point><Point><position>6277</position><in_Quantity.quantity>0.000000</in_Quantity.quantity><out_Quantity.quantity>103.463318</out_Quantity.quantity></Point><Point><position>6278</position><in_Quantity.quantity>0.000000</in_Quantity.quantity><out_Quantity.quantity>182.627133</out_Quantity.quantity></Point><Point><position>6279</position><in_Quantity.quantity>0.000000</in_Quantity.quantity><out_Quantity.quantity>374.185803</out_Quantity.quantity></Point><Point><position>6280</position><in_Quantity.quantity>0.000000</in_Quantity.quantity><out_Quantity.quantity>288.199744</out_Quantity.quantity></Point><Point><position>6281</position><in_Quantity.quantity>0.000000</in_Quantity.quantity><out_Quantity.quantity>83.679315</out_Quantity.quantity></Point><Point><position>6282</position><in_Quantity.quantity>0.000000</in_Quantity.quantity><out_Quantity.quantity>598.616176</out_Quantity.quantity></Point><Point><position>6283</position><in_Quantity.quantity>0.000000</in_Quantity.quantity><out_Quantity.quantity>487.048348</out_Quantity.quantity></Point><Point><position>6284</position><in_Quantity.quantity>0.000000</in_Quantity.quantity><out_Quantity.quantity>626.537783</out_Quantity.quantity></Point><Point><position>6285</position><in_Quantity.quantity>0.000000</in_Quantity.quantity><out_Quantity.quantity>425.661084</out_Quantity.quantity></Point><Point><position>6286</position><in_Quantity.quantity>0.000000</in_Quantity.quantity><out_Quantity.quantity>212.671162</out_Quantity.quantity></Point><Point><position>6287</position><in_Quantity.quantity>0.000000</in_Quantity.quantity><out_Quantity.quantity>359.025108</out_Quantity.quantity></Point><Point><position>6288</position><in_Quantity.quantity>0.000000</in_Quantity.quantity><out_Quantity.quantity>769.782650</out_Quantity.quantity></Point><Point><position>6289</position><in_Quantity.quantity>0.000000</in_Quantity.quantity><out_Quantity.quantity>369.217158</out_Quantity.quantity></Point><Point><position>6290</position><in_Quantity.quantity>0.000000</in_Quantity.quantity><out_Quantity.quantity>978.948908</out_Quantity.quantity></Point><Point><position>6291</position><in_Quantity.quantity>0.000000</in_Quantity.quantity><out_Quantity.quantity>672.043423</out_Quantity.quantity></Point><Point><position>6292</position><in_Quantity.quantity>0.000000</in_Quantity.quantity><out_Quantity.quantity>48.375672</out_Quantity.quantity></Point><Point><position>6293</position><in_Quantity.quantity>0.000000</in_Quantity.quantity><out_Quantity.quantity>891.765935</out_Quantity.quantity></Point><Point><position>6294</position><in_Quantity.quantity>0.000000</in_Quantity.quantity><out_Quantity.quantity>993.301476</out_Quantity.quantity></Point><Point><position>6295</position><in_Quantity.quantity>0.000000</in_Quantity.quantity><out_Quantity.quantity>868.786887</out_Quantity.quantity></Point><Point><position>6296</position><in_Quantity.quantity>0.000000</in_Quantity.quantity><out_Quantity.quantity>245.930931</out_Quantity.quantity></Point><Point><position>6297</position><in_Quantity.quantity>0.000000</in_Quantity.quantity><out_Quantity.quantity>352.753488</out_Quantity.quantity></Point><Point><position>6298</position><in_Quantity.quantity>0.000000</in_Quantity.quantity><out_Quantity.quantity>38.440977</out_Quantity.quantity></Point><Point><position>6299</position><in_Quantity.quantity>0.000000</in_Quantity.quantity><out_Quantity.quantity>888.308949</out_Quantity.quantity></Point><Point><position>6300</position><in_Quantity.quantity>0.000000</in_Quantity.quantity><out_Quantity.quantity>714.112398</out_Quantity.quantity></Point><Point><position>6301</position><in_Quantity.quantity>0.000000</in_Quantity.quantity><out_Quantity.quantity>63.847147</out_Quantity.quantity></Point><Point><position>6302</position><in_Quantity.quantity>0.000000</in_Quantity.quantity><out_Quantity.quantity>836.491782</out_Quantity.quantity></Point><Point><position>6303</position><in_Quantity.quantity>0.000000</in_Quantity.quantity><out_Quantity.quantity>106.389909</out_Quantity.quantity></Point><Point><position>6304</position><in_Quantity.quantity>0.000000</in_Quantity.quantity><out_Quantity.quantity>430.734300</out_Quantity.quantity></Point><Point><position>6305</position><in_Quantity.quantity>0.000000</in_Quantity.quantity><out_Quantity.quantity>760.613034</out_Quantity.quantity></Point><Point><position>6306</position><in_Quantity.quantity>0.000000</in_Quantity.quantity><out_Quantity.quantity>805.714464</out_Quantity.quantity></Point><Point><position>6307</position><in_Quantity.quantity>0.000000</in_Quantity.quantity><out_Quantity.quantity>555.887203</out_Quantity.quantity></Point><Point><position>6308</position><in_Quantity.quantity>0.000000</in_Quantity.quantity><out_Quantity.quantity>721.498003</out_Quantity.quantity></Point><Point><position>6309</position><in_Quantity.quantity>0.000000</in_Quantity.quantity><out_Quantity.quantity>805.697344</out_Quantity.quantity></Point><Point><position>6310</position><in_Quantity.quantity>0.000000</in_Quantity.quantity><out_Quantity.quantity>588.512784</out_Quantity.quantity></Point><Point><position>6311</position><in_Quantity.quantity>0.000000</in_Quantity.quantity><out_Quantity.quantity>595.270326</out_Quantity.quantity></Point><Point><position>6312</position><in_Quantity.quantity>0.000000</in_Quantity.quantity><out_Quantity.quantity>986.188545</out_Quantity.quantity></Point><Point><position>6313</position><in_Quantity.quantity>0.000000</in_Quantity.quantity><out_Quantity.quantity>266.131455</out_Quantity.quantity></Point><Point><position>6314</position><in_Quantity.quantity>0.000000</in_Quantity.quantity><out_Quantity.quantity>303.348862</out_Quantity.quantity></Point><Point><position>6315</position><in_Quantity.quantity>0.000000</in_Quantity.quantity><out_Quantity.quantity>179.781505</out_Quantity.quantity></Point><Point><position>6316</position><in_Quantity.quantity>0.000000</in_Quantity.quantity><out_Quantity.quantity>300.491595</out_Quantity.quantity></Point><Point><position>6317</position><in_Quantity.quantity>0.000000</in_Quantity.quantity><out_Quantity.quantity>603.556654</out_Quantity.quantity></Point><Point><position>6318</position><in_Quantity.quantity>0.000000</in_Quantity.quantity><out_Quantity.quantity>313.522272</out_Quantity.quantity></Point><Point><position>6319</position><in_Quantity.quantity>0.000000</in_Quantity.quantity><out_Quantity.quantity>83.119071</out_Quantity.quantity></Point><Point><position>6320</position><in_Quantity.quantity>0.000000</in_Quantity.quantity><out_Quantity.quantity>153.239537</out_Quantity.quantity></Point><Point><position>6321</position><in_Quantity.quantity>0.000000</in_Quantity.quantity><out_Quantity.quantity>639.392687</out_Quantity.quantity></Point><Point><position>6322</position><in_Quantity.quantity>0.000000</in_Quantity.quantity><out_Quantity.quantity>578.963605</out_Quantity.quantity></Point><Point><position>6323</position><in_Quantity.quantity>0.000000</in_Quantity.quantity><out_Quantity.quantity>149.774766</out_Quantity.quantity></Point><Point><position>6324</position><in_Quantity.quantity>0.000000</in_Quantity.quantity><out_Quantity.quantity>615.796426</out_Quantity.quantity></Point><Point><position>6325</position><in_Quantity.quantity>0.000000</in_Quantity.quantity><out_Quantity.quantity>909.191593</out_Quantity.quantity></Point><Point><position>6326</position><in_Quantity.quantity>0.000000</in_Quantity.quantity><out_Quantity.quantity>876.479168</out_Quantity.quantity></Point><Point><position>6327</position><in_Quantity.quantity>0.000000</in_Quantity.quantity><out_Quantity.quantity>625.863024</out_Quantity.quantity></Point><Point><position>6328</position><in_Quantity.quantity>0.000000</in_Quantity.quantity><out_Quantity.quantity>476.451969</out_Quantity.quantity></Point><Point><position>6329</position><in_Quantity.quantity>0.000000</in_Quantity.quantity><out_Quantity.quantity>758.816797</out_Quantity.quantity></Point><Point><position>6330</position><in_Quantity.quantity>0.000000</in_Quantity.quantity><out_Quantity.quantity>176.405226</out_Quantity.quantity></Point><Point><position>6331</position><in_Quantity.quantity>0.000000</in_Quantity.quantity><out_Quantity.quantity>406.069805</out_Quantity.quantity></Point><Point><position>6332</position><in_Quantity.quantity>0.000000</in_Quantity.quantity><out_Quantity.quantity>598.721638</out_Quantity.quantity></Point><Point><position>6333</position><in_Quantity.quantity>0.000000</in_Quantity.quantity><out_Quantity.quantity>402.294572</out_Quantity.quantity></Point><Point><position>6334</position><in_Quantity.quantity>0.000000</in_Quantity.quantity><out_Quantity.quantity>171.165632</out_Quantity.quantity></Point><Point><position>6335</position><in_Quantity.quantity>0.000000</in_Quantity.quantity><out_Quantity.quantity>194.632554</out_Quantity.quantity></Point><Point><position>6336</position><in_Quantity.quantity>0.000000</in_Quantity.quantity><out_Quantity.quantity>523.814281</out_Quantity.quantity></Point><Point><position>6337</position><in_Quantity.quantity>0.000000</in_Quantity.quantity><out_Quantity.quantity>336.918637</out_Quantity.quantity></Point><Point><position>6338</position><in_Quantity.quantity>0.000000</in_Quantity.quantity><out_Quantity.quantity>621.287933</out_Quantity.quantity></Point><Point><position>6339</position><in_Quantity.quantity>0.000000</in_Quantity.quantity><out_Quantity.quantity>909.912334</out_Quantity.quantity></Point><Point><position>6340</position><in_Quantity.quantity>0.000000</in_Quantity.quantity><out_Quantity.quantity>941.566534</out_Quantity.quantity></Point><Point><position>6341</position><in_Quantity.quantity>0.000000</in_Quantity.quantity><out_Quantity.quantity>31.213309</out_Quantity.quantity></Point><Point><position>6342</position><in_Quantity.quantity>0.000000</in_Quantity.quantity><out_Quantity.quantity>480.957804</out_Quantity.quantity></Point><Point><position>6343</position><in_Quantity.quantity>0.000000</in_Quantity.quantity><out_Quantity.quantity>842.357745</out_Quantity.quantity></Point><Point><position>6344</position><in_Quantity.quantity>0.000000</in_Quantity.quantity><out_Quantity.quantity>599.655942</out_Quantity.quantity></Point><Point><position>6345</position><in_Quantity.quantity>0.000000</in_Quantity.quantity><out_Quantity.quantity>734.727218</out_Quantity.quantity></Point><Point><position>6346</position><in_Quantity.quantity>0.000000</in_Quantity.quantity><out_Quantity.quantity>395.808472</out_Quantity.quantity></Point><Point><position>6347</position><in_Quantity.quantity>0.000000</in_Quantity.quantity><out_Quantity.quantity>981.936818</out_Quantity.quantity></Point><Point><position>6348</position><in_Quantity.quantity>0.000000</in_Quantity.quantity><out_Quantity.quantity>275.447060</out_Quantity.quantity></Point><Point><position>6349</position><in_Quantity.quantity>0.000000</in_Quantity.quantity><out_Quantity.quantity>825.852485</out_Quantity.quantity></Point><Point><position>6350</position><in_Quantity.quantity>0.000000</in_Quantity.quantity><out_Quantity.quantity>704.966755</out_Quantity.quantity></Point><Point><position>6351</position><in_Quantity.quantity>0.000000</in_Quantity.quantity><out_Quantity.quantity>998.739776</out_Quantity.quantity></Point><Point><position>6352</position><in_Quantity.quantity>0.000000</in_Quantity.quantity><out_Quantity.quantity>662.202411</out_Quantity.quantity></Point><Point><position>6353</position><in_Quantity.quantity>0.000000</in_Quantity.quantity><out_Quantity.quantity>950.477617</out_Quantity.quantity></Point><Point><position>6354</position><in_Quantity.quantity>0.000000</in_Quantity.quantity><out_Quantity.quantity>188.101736</out_Quantity.quantity></Point><Point><position>6355</position><in_Quantity.quantity>0.000000</in_Quantity.quantity><out_Quantity.quantity>525.808974</out_Quantity.quantity></Point><Point><position>6356</position><in_Quantity.quantity>0.000000</in_Quantity.quantity><out_Quantity.quantity>948.988832</out_Quantity.quantity></Point><Point><position>6357</position><in_Quantity.quantity>0.000000</in_Quantity.quantity><out_Quantity.quantity>653.970202</out_Quantity.quantity></Point><Point><position>6358</position><in_Quantity.quantity>0.000000</in_Quantity.quantity><out_Quantity.quantity>579.642349</out_Quantity.quantity></Point><Point><position>6359</position><in_Quantity.quantity>0.000000</in_Quantity.quantity><out_Quantity.quantity>872.446205</out_Quantity.quantity></Point><Point><position>6360</position><in_Quantity.quantity>0.000000</in_Quantity.quantity><out_Quantity.quantity>335.158494</out_Quantity.quantity></Point><Point><position>6361</position><in_Quantity.quantity>0.000000</in_Quantity.quantity><out_Quantity.quantity>170.810325</out_Quantity.quantity></Point><Point><position>6362</position><in_Quantity.quantity>0.000000</in_Quantity.quantity><out_Quantity.quantity>475.695959</out_Quantity.quantity></Point><Point><position>6363</position><in_Quantity.quantity>0.000000</in_Quantity.quantity><out_Quantity.quantity>108.257226</out_Quantity.quantity></Point><Point><position>6364</position><in_Quantity.quantity>0.000000</in_Quantity.quantity><out_Quantity.quantity>958.256909</out_Quantity.quantity></Point><Point><position>6365</position><in_Quantity.quantity>0.000000</in_Quantity.quantity><out_Quantity.quantity>906.618334</out_Quantity.quantity></Point><Point><position>6366</position><in_Quantity.quantity>0.000000</in_Quantity.quantity><out_Quantity.quantity>161.802367</out_Quantity.quantity></Point><Point><position>6367</position><in_Quantity.quantity>0.000000</in_Quantity.quantity><out_Quantity.quantity>517.405780</out_Quantity.quantity></Point><Point><position>6368</position><in_Quantity.quantity>0.000000</in_Quantity.quantity><out_Quantity.quantity>669.463838</out_Quantity.quantity></Point><Point><position>6369</position><in_Quantity.quantity>0.000000</in_Quantity.quantity><out_Quantity.quantity>135.924959</out_Quantity.quantity></Point><Point><position>6370</position><in_Quantity.quantity>0.000000</in_Quantity.quantity><out_Quantity.quantity>729.171789</out_Quantity.quantity></Point><Point><position>6371</position><in_Quantity.quantity>0.000000</in_Quantity.quantity><out_Quantity.quantity>742.326163</out_Quantity.quantity></Point><Point><position>6372</position><in_Quantity.quantity>0.000000</in_Quantity.quantity><out_Quantity.quantity>620.576228</out_Quantity.quantity></Point><Point><position>6373</position><in_Quantity.quantity>0.000000</in_Quantity.quantity><out_Quantity.quantity>873.169465</out_Quantity.quantity></Point><Point><position>6374</position><in_Quantity.quantity>0.000000</in_Quantity.quantity><out_Quantity.quantity>357.985839</out_Quantity.quantity></Point><Point><position>6375</position><in_Quantity.quantity>0.000000</in_Quantity.quantity><out_Quantity.quantity>948.546563</out_Quantity.quantity></Point><Point><position>6376</position><in_Quantity.quantity>0.000000</in_Quantity.quantity><out_Quantity.quantity>958.972314</out_Quantity.quantity></Point><Point><position>6377</position><in_Quantity.quantity>0.000000</in_Quantity.quantity><out_Quantity.quantity>467.988005</out_Quantity.quantity></Point><Point><position>6378</position><in_Quantity.quantity>0.000000</in_Quantity.quantity><out_Quantity.quantity>720.685391</out_Quantity.quantity></Point><Point><position>6379</position><in_Quantity.quantity>0.000000</in_Quantity.quantity><out_Quantity.quantity>646.577566</out_Quantity.quantity></Point><Point><position>6380</position><in_Quantity.quantity>0.000000</in_Quantity.quantity><out_Quantity.quantity>705.766210</out_Quantity.quantity></Point><Point><position>6381</position><in_Quantity.quantity>0.000000</in_Quantity.quantity><out_Quantity.quantity>376.880252</out_Quantity.quantity></Point><Point><position>6382</position><in_Quantity.quantity>0.000000</in_Quantity.quantity><out_Quantity.quantity>838.790175</out_Quantity.quantity></Point><Point><position>6383</position><in_Quantity.quantity>0.000000</in_Quantity.quantity><out_Quantity.quantity>224.027479</out_Quantity.quantity></Point><Point><position>6384</position><in_Quantity.quantity>0.000000</in_Quantity.quantity><out_Quantity.quantity>23.284472</out_Quantity.quantity></Point><Point><position>6385</position><in_Quantity.quantity>0.000000</in_Quantity.quantity><out_Quantity.quantity>303.845189</out_Quantity.quantity></Point><Point><position>6386</position><in_Quantity.quantity>0.000000</in_Quantity.quantity><out_Quantity.quantity>789.496861</out_Quantity.quantity></Point><Point><position>6387</position><in_Quantity.quantity>0.000000</in_Quantity.quantity><out_Quantity.quantity>104.600989</out_Quantity.quantity></Point><Point><position>6388</position><in_Quantity.quantity>0.000000</in_Quantity.quantity><out_Quantity.quantity>394.833313</out_Quantity.quantity></Point><Point><position>6389</position><in_Quantity.quantity>0.000000</in_Quantity.quantity><out_Quantity.quantity>544.317368</out_Quantity.quantity></Point><Point><position>6390</position><in_Quantity.quantity>0.000000</in_Quantity.quantity><out_Quantity.quantity>496.771553</out_Quantity.quantity></Point><Point><position>6391</position><in_Quantity.quantity>0.000000</in_Quantity.quantity><out_Quantity.quantity>522.176117</out_Quantity.quantity></Point><Point><position>6392</position><in_Quantity.quantity>0.000000</in_Quantity.quantity><out_Quantity.quantity>631.709212</out_Quantity.quantity></Point><Point><position>6393</position><in_Quantity.quantity>0.000000</in_Quantity.quantity><out_Quantity.quantity>865.524493</out_Quantity.quantity></Point><Point><position>6394</position><in_Quantity.quantity>0.000000</in_Quantity.quantity><out_Quantity.quantity>993.060726</out_Quantity.quantity></Point><Point><position>6395</position><in_Quantity.quantity>0.000000</in_Quantity.quantity><out_Quantity.quantity>55.207496</out_Quantity.quantity></Point><Point><position>6396</position><in_Quantity.quantity>0.000000</in_Quantity.quantity><out_Quantity.quantity>155.401835</out_Quantity.quantity></Point><Point><position>6397</position><in_Quantity.quantity>0.000000</in_Quantity.quantity><out_Quantity.quantity>364.986077</out_Quantity.quantity></Point><Point><position>6398</position><in_Quantity.quantity>0.000000</in_Quantity.quantity><out_Quantity.quantity>346.458614</out_Quantity.quantity></Point><Point><position>6399</position><in_Quantity.quantity>0.000000</in_Quantity.quantity><out_Quantity.quantity>94.370481</out_Quantity.quantity></Point><Point><position>6400</position><in_Quantity.quantity>0.000000</in_Quantity.quantity><out_Quantity.quantity>42.286840</out_Quantity.quantity></Point><Point><position>6401</position><in_Quantity.quantity>0.000000</in_Quantity.quantity><out_Quantity.quantity>851.783937</out_Quantity.quantity></Point><Point><position>6402</position><in_Quantity.quantity>0.000000</in_Quantity.quantity><out_Quantity.quantity>905.178413</out_Quantity.quantity></Point><Point><position>6403</position><in_Quantity.quantity>0.000000</in_Quantity.quantity><out_Quantity.quantity>750.203361</out_Quantity.quantity></Point><Point><position>6404</position><in_Quantity.quantity>0.000000</in_Quantity.quantity><out_Quantity.quantity>79.931047</out_Quantity.quantity></Point><Point><position>6405</position><in_Quantity.quantity>0.000000</in_Quantity.quantity><out_Quantity.quantity>483.313904</out_Quantity.quantity></Point><Point><position>6406</position><in_Quantity.quantity>0.000000</in_Quantity.quantity><out_Quantity.quantity>559.068355</out_Quantity.quantity></Point><Point><position>6407</position><in_Quantity.quantity>0.000000</in_Quantity.quantity><out_Quantity.quantity>154.039007</out_Quantity.quantity></Point><Point><position>6408</position><in_Quantity.quantity>0.000000</in_Quantity.quantity><out_Quantity.quantity>235.569819</out_Quantity.quantity></Point><Point><position>6409</position><in_Quantity.quantity>0.000000</in_Quantity.quantity><out_Quantity.quantity>446.389459</out_Quantity.quantity></Point><Point><position>6410</position><in_Quantity.quantity>0.000000</in_Quantity.quantity><out_Quantity.quantity>742.868627</out_Quantity.quantity></Point><Point><position>6411</position><in_Quantity.quantity>0.000000</in_Quantity.quantity><out_Quantity.quantity>542.930642</out_Quantity.quantity></Point><Point><position>6412</position><in_Quantity.quantity>0.000000</in_Quantity.quantity><out_Quantity.quantity>212.813816</out_Quantity.quantity></Point><Point><position>6413</position><in_Quantity.quantity>0.000000</in_Quantity.quantity><out_Quantity.quantity>582.348874</out_Quantity.quantity></Point><Point><position>6414</position><in_Quantity.quantity>0.000000</in_Quantity.quantity><out_Quantity.quantity>745.153799</out_Quantity.quantity></Point><Point><position>6415</position><in_Quantity.quantity>0.000000</in_Quantity.quantity><out_Quantity.quantity>143.160952</out_Quantity.quantity></Point><Point><position>6416</position><in_Quantity.quantity>0.000000</in_Quantity.quantity><out_Quantity.quantity>762.249297</out_Quantity.quantity></Point><Point><position>6417</position><in_Quantity.quantity>0.000000</in_Quantity.quantity><out_Quantity.quantity>231.175057</out_Quantity.quantity></Point><Point><position>6418</position><in_Quantity.quantity>0.000000</in_Quantity.quantity><out_Quantity.quantity>643.449458</out_Quantity.quantity></Point><Point><position>6419</position><in_Quantity.quantity>0.000000</in_Quantity.quantity><out_Quantity.quantity>484.179896</out_Quantity.quantity></Point><Point><position>6420</position><in_Quantity.quantity>0.000000</in_Quantity.quantity><out_Quantity.quantity>362.280141</out_Quantity.quantity></Point><Point><position>6421</position><in_Quantity.quantity>0.000000</in_Quantity.quantity><out_Quantity.quantity>776.558386</out_Quantity.quantity></Point><Point><position>6422</position><in_Quantity.quantity>0.000000</in_Quantity.quantity><out_Quantity.quantity>720.638374</out_Quantity.quantity></Point><Point><position>6423</position><in_Quantity.quantity>0.000000</in_Quantity.quantity><out_Quantity.quantity>184.479108</out_Quantity.quantity></Point><Point><position>6424</position><in_Quantity.quantity>0.000000</in_Quantity.quantity><out_Quantity.quantity>886.649626</out_Quantity.quantity></Point><Point><position>6425</position><in_Quantity.quantity>0.000000</in_Quantity.quantity><out_Quantity.quantity>482.843120</out_Quantity.quantity></Point><Point><position>6426</position><in_Quantity.quantity>0.000000</in_Quantity.quantity><out_Quantity.quantity>664.133454</out_Quantity.quantity></Point><Point><position>6427</position><in_Quantity.quantity>0.000000</in_Quantity.quantity><out_Quantity.quantity>184.926052</out_Quantity.quantity></Point><Point><position>6428</position><in_Quantity.quantity>0.000000</in_Quantity.quantity><out_Quantity.quantity>366.847594</out_Quantity.quantity></Point><Point><position>6429</position><in_Quantity.quantity>0.000000</in_Quantity.quantity><out_Quantity.quantity>202.699923</out_Quantity.quantity></Point><Point><position>6430</position><in_Quantity.quantity>0.000000</in_Quantity.quantity><out_Quantity.quantity>26.738007</out_Quantity.quantity></Point><Point><position>6431</position><in_Quantity.quantity>0.000000</in_Quantity.quantity><out_Quantity.quantity>4.917932</out_Quantity.quantity></Point><Point><position>6432</position><in_Quantity.quantity>0.000000</in_Quantity.quantity><out_Quantity.quantity>232.114657</out_Quantity.quantity></Point><Point><position>6433</position><in_Quantity.quantity>0.000000</in_Quantity.quantity><out_Quantity.quantity>240.591760</out_Quantity.quantity></Point><Point><position>6434</position><in_Quantity.quantity>0.000000</in_Quantity.quantity><out_Quantity.quantity>688.463262</out_Quantity.quantity></Point><Point><position>6435</position><in_Quantity.quantity>0.000000</in_Quantity.quantity><out_Quantity.quantity>841.440130</out_Quantity.quantity></Point><Point><position>6436</position><in_Quantity.quantity>0.000000</in_Quantity.quantity><out_Quantity.quantity>739.061439</out_Quantity.quantity></Point><Point><position>6437</position><in_Quantity.quantity>0.000000</in_Quantity.quantity><out_Quantity.quantity>497.667291</out_Quantity.quantity></Point><Point><position>6438</position><in_Quantity.quantity>0.000000</in_Quantity.quantity><out_Quantity.quantity>778.933483</out_Quantity.quantity></Point><Point><position>6439</position><in_Quantity.quantity>0.000000</in_Quantity.quantity><out_Quantity.quantity>95.172644</out_Quantity.quantity></Point><Point><position>6440</position><in_Quantity.quantity>0.000000</in_Quantity.quantity><out_Quantity.quantity>704.068258</out_Quantity.quantity></Point><Point><position>6441</position><in_Quantity.quantity>0.000000</in_Quantity.quantity><out_Quantity.quantity>486.221557</out_Quantity.quantity></Point><Point><position>6442</position><in_Quantity.quantity>0.000000</in_Quantity.quantity><out_Quantity.quantity>357.714982</out_Quantity.quantity></Point><Point><position>6443</position><in_Quantity.quantity>0.000000</in_Quantity.quantity><out_Quantity.quantity>163.698466</out_Quantity.quantity></Point><Point><position>6444</position><in_Quantity.quantity>0.000000</in_Quantity.quantity><out_Quantity.quantity>396.460809</out_Quantity.quantity></Point><Point><position>6445</position><in_Quantity.quantity>0.000000</in_Quantity.quantity><out_Quantity.quantity>440.470715</out_Quantity.quantity></Point><Point><position>6446</position><in_Quantity.quantity>0.000000</in_Quantity.quantity><out_Quantity.quantity>523.115474</out_Quantity.quantity></Point><Point><position>6447</position><in_Quantity.quantity>0.000000</in_Quantity.quantity><out_Quantity.quantity>204.056548</out_Quantity.quantity></Point><Point><position>6448</position><in_Quantity.quantity>0.000000</in_Quantity.quantity><out_Quantity.quantity>596.849470</out_Quantity.quantity></Point><Point><position>6449</position><in_Quantity.quantity>0.000000</in_Quantity.quantity><out_Quantity.quantity>821.340745</out_Quantity.quantity></Point><Point><position>6450</position><in_Quantity.quantity>0.000000</in_Quantity.quantity><out_Quantity.quantity>686.684098</out_Quantity.quantity></Point><Point><position>6451</position><in_Quantity.quantity>0.000000</in_Quantity.quantity><out_Quantity.quantity>322.940072</out_Quantity.quantity></Point><Point><position>6452</position><in_Quantity.quantity>0.000000</in_Quantity.quantity><out_Quantity.quantity>358.303814</out_Quantity.quantity></Point><Point><position>6453</position><in_Quantity.quantity>0.000000</in_Quantity.quantity><out_Quantity.quantity>231.060646</out_Quantity.quantity></Point><Point><position>6454</position><in_Quantity.quantity>0.000000</in_Quantity.quantity><out_Quantity.quantity>917.467366</out_Quantity.quantity></Point><Point><position>6455</position><in_Quantity.quantity>0.000000</in_Quantity.quantity><out_Quantity.quantity>989.074826</out_Quantity.quantity></Point><Point><position>6456</position><in_Quantity.quantity>0.000000</in_Quantity.quantity><out_Quantity.quantity>820.951250</out_Quantity.quantity></Point><Point><position>6457</position><in_Quantity.quantity>0.000000</in_Quantity.quantity><out_Quantity.quantity>884.922404</out_Quantity.quantity></Point><Point><position>6458</position><in_Quantity.quantity>0.000000</in_Quantity.quantity><out_Quantity.quantity>190.234123</out_Quantity.quantity></Point><Point><position>6459</position><in_Quantity.quantity>0.000000</in_Quantity.quantity><out_Quantity.quantity>912.820953</out_Quantity.quantity></Point><Point><position>6460</position><in_Quantity.quantity>0.000000</in_Quantity.quantity><out_Quantity.quantity>139.739128</out_Quantity.quantity></Point><Point><position>6461</position><in_Quantity.quantity>0.000000</in_Quantity.quantity><out_Quantity.quantity>380.819730</out_Quantity.quantity></Point><Point><position>6462</position><in_Quantity.quantity>0.000000</in_Quantity.quantity><out_Quantity.quantity>734.612284</out_Quantity.quantity></Point><Point><position>6463</position><in_Quantity.quantity>0.000000</in_Quantity.quantity><out_Quantity.quantity>274.827065</out_Quantity.quantity></Point><Point><position>6464</position><in_Quantity.quantity>0.000000</in_Quantity.quantity><out_Quantity.quantity>132.082476</out_Quantity.quantity></Point><Point><position>6465</position><in_Quantity.quantity>0.000000</in_Quantity.quantity><out_Quantity.quantity>201.238856</out_Quantity.quantity></Point><Point><position>6466</position><in_Quantity.quantity>0.000000</in_Quantity.quantity><out_Quantity.quantity>133.229769</out_Quantity.quantity></Point><Point><position>6467</position><in_Quantity.quantity>0.000000</in_Quantity.quantity><out_Quantity.quantity>48.695884</out_Quantity.quantity></Point><Point><position>6468</position><in_Quantity.quantity>0.000000</in_Quantity.quantity><out_Quantity.quantity>483.595407</out_Quantity.quantity></Point><Point><position>6469</position><in_Quantity.quantity>0.000000</in_Quantity.quantity><out_Quantity.quantity>552.212817</out_Quantity.quantity></Point><Point><position>6470</position><in_Quantity.quantity>0.000000</in_Quantity.quantity><out_Quantity.quantity>373.872965</out_Quantity.quantity></Point><Point><position>6471</position><in_Quantity.quantity>0.000000</in_Quantity.quantity><out_Quantity.quantity>690.973773</out_Quantity.quantity></Point><Point><position>6472</position><in_Quantity.quantity>0.000000</in_Quantity.quantity><out_Quantity.quantity>773.404099</out_Quantity.quantity></Point><Point><position>6473</position><in_Quantity.quantity>0.000000</in_Quantity.quantity><out_Quantity.quantity>425.023281</out_Quantity.quantity></Point><Point><position>6474</position><in_Quantity.quantity>0.000000</in_Quantity.quantity><out_Quantity.quantity>801.155965</out_Quantity.quantity></Point><Point><position>6475</position><in_Quantity.quantity>0.000000</in_Quantity.quantity><out_Quantity.quantity>195.879079</out_Quantity.quantity></Point><Point><position>6476</position><in_Quantity.quantity>0.000000</in_Quantity.quantity><out_Quantity.quantity>982.009924</out_Quantity.quantity></Point><Point><position>6477</position><in_Quantity.quantity>0.000000</in_Quantity.quantity><out_Quantity.quantity>545.356059</out_Quantity.quantity></Point><Point><position>6478</position><in_Quantity.quantity>0.000000</in_Quantity.quantity><out_Quantity.quantity>225.990457</out_Quantity.quantity></Point><Point><position>6479</position><in_Quantity.quantity>0.000000</in_Quantity.quantity><out_Quantity.quantity>632.834222</out_Quantity.quantity></Point><Point><position>6480</position><in_Quantity.quantity>0.000000</in_Quantity.quantity><out_Quantity.quantity>134.083052</out_Quantity.quantity></Point><Point><position>6481</position><in_Quantity.quantity>0.000000</in_Quantity.quantity><out_Quantity.quantity>304.078808</out_Quantity.quantity></Point><Point><position>6482</position><in_Quantity.quantity>0.000000</in_Quantity.quantity><out_Quantity.quantity>562.095216</out_Quantity.quantity></Point><Point><position>6483</position><in_Quantity.quantity>0.000000</in_Quantity.quantity><out_Quantity.quantity>166.149058</out_Quantity.quantity></Point><Point><position>6484</position><in_Quantity.quantity>0.000000</in_Quantity.quantity><out_Quantity.quantity>96.310507</out_Quantity.quantity></Point><Point><position>6485</position><in_Quantity.quantity>0.000000</in_Quantity.quantity><out_Quantity.quantity>605.418135</out_Quantity.quantity></Point><Point><position>6486</position><in_Quantity.quantity>0.000000</in_Quantity.quantity><out_Quantity.quantity>202.924593</out_Quantity.quantity></Point><Point><position>6487</position><in_Quantity.quantity>0.000000</in_Quantity.quantity><out_Quantity.quantity>861.131714</out_Quantity.quantity></Point><Point><position>6488</position><in_Quantity.quantity>0.000000</in_Quantity.quantity><out_Quantity.quantity>768.114979</out_Quantity.quantity></Point><Point><position>6489</position><in_Quantity.quantity>0.000000</in_Quantity.quantity><out_Quantity.quantity>704.100567</out_Quantity.quantity></Point><Point><position>6490</position><in_Quantity.quantity>0.000000</in_Quantity.quantity><out_Quantity.quantity>605.050080</out_Quantity.quantity></Point><Point><position>6491</position><in_Quantity.quantity>0.000000</in_Quantity.quantity><out_Quantity.quantity>988.331834</out_Quantity.quantity></Point><Point><position>6492</position><in_Quantity.quantity>0.000000</in_Quantity.quantity><out_Quantity.quantity>420.062198</out_Quantity.quantity></Point><Point><position>6493</position><in_Quantity.quantity>0.000000</in_Quantity.quantity><out_Quantity.quantity>176.702719</out_Quantity.quantity></Point><Point><position>6494</position><in_Quantity.quantity>0.000000</in_Quantity.quantity><out_Quantity.quantity>323.699001</out_Quantity.quantity></Point><Point><position>6495</position><in_Quantity.quantity>0.000000</in_Quantity.quantity><out_Quantity.quantity>806.528212</out_Quantity.quantity></Point><Point><position>6496</position><in_Quantity.quantity>0.000000</in_Quantity.quantity><out_Quantity.quantity>448.435981</out_Quantity.quantity></Point><Point><position>6497</position><in_Quantity.quantity>0.000000</in_Quantity.quantity><out_Quantity.quantity>608.074731</out_Quantity.quantity></Point><Point><position>6498</position><in_Quantity.quantity>0.000000</in_Quantity.quantity><out_Quantity.quantity>376.470429</out_Quantity.quantity></Point><Point><position>6499</position><in_Quantity.quantity>0.000000</in_Quantity.quantity><out_Quantity.quantity>745.987032</out_Quantity.quantity></Point><Point><position>6500</position><in_Quantity.quantity>0.000000</in_Quantity.quantity><out_Quantity.quantity>136.042648</out_Quantity.quantity></Point><Point><position>6501</position><in_Quantity.quantity>0.000000</in_Quantity.quantity><out_Quantity.quantity>783.289846</out_Quantity.quantity></Point><Point><position>6502</position><in_Quantity.quantity>0.000000</in_Quantity.quantity><out_Quantity.quantity>31.999288</out_Quantity.quantity></Point><Point><position>6503</position><in_Quantity.quantity>0.000000</in_Quantity.quantity><out_Quantity.quantity>56.777671</out_Quantity.quantity></Point><Point><position>6504</position><in_Quantity.quantity>0.000000</in_Quantity.quantity><out_Quantity.quantity>439.250058</out_Quantity.quantity></Point><Point><position>6505</position><in_Quantity.quantity>0.000000</in_Quantity.quantity><out_Quantity.quantity>676.584225</out_Quantity.quantity></Point><Point><position>6506</position><in_Quantity.quantity>0.000000</in_Quantity.quantity><out_Quantity.quantity>531.422320</out_Quantity.quantity></Point><Point><position>6507</position><in_Quantity.quantity>0.000000</in_Quantity.quantity><out_Quantity.quantity>812.903799</out_Quantity.quantity></Point><Point><position>6508</position><in_Quantity.quantity>0.000000</in_Quantity.quantity><out_Quantity.quantity>797.898708</out_Quantity.quantity></Point><Point><position>6509</position><in_Quantity.quantity>0.000000</in_Quantity.quantity><out_Quantity.quantity>490.686686</out_Quantity.quantity></Point><Point><position>6510</position><in_Quantity.quantity>0.000000</in_Quantity.quantity><out_Quantity.quantity>550.659314</out_Quantity.quantity></Point><Point><position>6511</position><in_Quantity.quantity>0.000000</in_Quantity.quantity><out_Quantity.quantity>698.543633</out_Quantity.quantity></Point><Point><position>6512</position><in_Quantity.quantity>0.000000</in_Quantity.quantity><out_Quantity.quantity>5.737714</out_Quantity.quantity></Point><Point><position>6513</position><in_Quantity.quantity>0.000000</in_Quantity.quantity><out_Quantity.quantity>464.368886</out_Quantity.quantity></Point><Point><position>6514</position><in_Quantity.quantity>0.000000</in_Quantity.quantity><out_Quantity.quantity>569.984083</out_Quantity.quantity></Point><Point><position>6515</position><in_Quantity.quantity>0.000000</in_Quantity.quantity><out_Quantity.quantity>983.578461</out_Quantity.quantity></Point><Point><position>6516</position><in_Quantity.quantity>0.000000</in_Quantity.quantity><out_Quantity.quantity>978.064863</out_Quantity.quantity></Point><Point><position>6517</position><in_Quantity.quantity>0.000000</in_Quantity.quantity><out_Quantity.quantity>797.776041</out_Quantity.quantity></Point><Point><position>6518</position><in_Quantity.quantity>0.000000</in_Quantity.quantity><out_Quantity.quantity>557.239171</out_Quantity.quantity></Point><Point><position>6519</position><in_Quantity.quantity>0.000000</in_Quantity.quantity><out_Quantity.quantity>833.756219</out_Quantity.quantity></Point><Point><position>6520</position><in_Quantity.quantity>0.000000</in_Quantity.quantity><out_Quantity.quantity>240.110279</out_Quantity.quantity></Point><Point><position>6521</position><in_Quantity.quantity>0.000000</in_Quantity.quantity><out_Quantity.quantity>416.974621</out_Quantity.quantity></Point><Point><position>6522</position><in_Quantity.quantity>0.000000</in_Quantity.quantity><out_Quantity.quantity>324.241632</out_Quantity.quantity></Point><Point><position>6523</position><in_Quantity.quantity>0.000000</in_Quantity.quantity><out_Quantity.quantity>254.662051</out_Quantity.quantity></Point><Point><position>6524</position><in_Quantity.quantity>0.000000</in_Quantity.quantity><out_Quantity.quantity>329.295788</out_Quantity.quantity></Point><Point><position>6525</position><in_Quantity.quantity>0.000000</in_Quantity.quantity><out_Quantity.quantity>136.555655</out_Quantity.quantity></Point><Point><position>6526</position><in_Quantity.quantity>0.000000</in_Quantity.quantity><out_Quantity.quantity>280.884393</out_Quantity.quantity></Point><Point><position>6527</position><in_Quantity.quantity>0.000000</in_Quantity.quantity><out_Quantity.quantity>897.853646</out_Quantity.quantity></Point><Point><position>6528</position><in_Quantity.quantity>0.000000</in_Quantity.quantity><out_Quantity.quantity>168.494036</out_Quantity.quantity></Point><Point><position>6529</position><in_Quantity.quantity>0.000000</in_Quantity.quantity><out_Quantity.quantity>244.825042</out_Quantity.quantity></Point><Point><position>6530</position><in_Quantity.quantity>0.000000</in_Quantity.quantity><out_Quantity.quantity>852.380388</out_Quantity.quantity></Point><Point><position>6531</position><in_Quantity.quantity>0.000000</in_Quantity.quantity><out_Quantity.quantity>694.067894</out_Quantity.quantity></Point><Point><position>6532</position><in_Quantity.quantity>0.000000</in_Quantity.quantity><out_Quantity.quantity>275.410757</out_Quantity.quantity></Point><Point><position>6533</position><in_Quantity.quantity>0.000000</in_Quantity.quantity><out_Quantity.quantity>548.503090</out_Quantity.quantity></Point><Point><position>6534</position><in_Quantity.quantity>0.000000</in_Quantity.quantity><out_Quantity.quantity>939.743274</out_Quantity.quantity></Point><Point><position>6535</position><in_Quantity.quantity>0.000000</in_Quantity.quantity><out_Quantity.quantity>750.968198</out_Quantity.quantity></Point><Point><position>6536</position><in_Quantity.quantity>0.000000</in_Quantity.quantity><out_Quantity.quantity>357.680891</out_Quantity.quantity></Point><Point><position>6537</position><in_Quantity.quantity>0.000000</in_Quantity.quantity><out_Quantity.quantity>445.709953</out_Quantity.quantity></Point><Point><position>6538</position><in_Quantity.quantity>0.000000</in_Quantity.quantity><out_Quantity.quantity>138.003172</out_Quantity.quantity></Point><Point><position>6539</position><in_Quantity.quantity>0.000000</in_Quantity.quantity><out_Quantity.quantity>272.361102</out_Quantity.quantity></Point><Point><position>6540</position><in_Quantity.quantity>0.000000</in_Quantity.quantity><out_Quantity.quantity>218.109729</out_Quantity.quantity></Point><Point><position>6541</position><in_Quantity.quantity>0.000000</in_Quantity.quantity><out_Quantity.quantity>34.107336</out_Quantity.quantity></Point><Point><position>6542</position><in_Quantity.quantity>0.000000</in_Quantity.quantity><out_Quantity.quantity>295.763752</out_Quantity.quantity></Point><Point><position>6543</position><in_Quantity.quantity>0.000000</in_Quantity.quantity><out_Quantity.quantity>878.387522</out_Quantity.quantity></Point><Point><position>6544</position><in_Quantity.quantity>0.000000</in_Quantity.quantity><out_Quantity.quantity>374.887182</out_Quantity.quantity></Point><Point><position>6545</position><in_Quantity.quantity>0.000000</in_Quantity.quantity><out_Quantity.quantity>663.573571</out_Quantity.quantity></Point><Point><position>6546</position><in_Quantity.quantity>0.000000</in_Quantity.quantity><out_Quantity.quantity>258.400723</out_Quantity.quantity></Point><Point><position>6547</position><in_Quantity.quantity>0.000000</in_Quantity.quantity><out_Quantity.quantity>358.124222</out_Quantity.quantity></Point><Point><position>6548</position><in_Quantity.quantity>0.000000</in_Quantity.quantity><out_Quantity.quantity>775.548434</out_Quantity.quantity></Point><Point><position>6549</position><in_Quantity.quantity>0.000000</in_Quantity.quantity><out_Quantity.quantity>124.943912</out_Quantity.quantity></Point><Point><position>6550</position><in_Quantity.quantity>0.000000</in_Quantity.quantity><out_Quantity.quantity>29.855173</out_Quantity.quantity></Point><Point><position>6551</position><in_Quantity.quantity>0.000000</in_Quantity.quantity><out_Quantity.quantity>198.339290</out_Quantity.quantity></Point><Point><position>6552</position><in_Quantity.quantity>0.000000</in_Quantity.quantity><out_Quantity.quantity>961.747326</out_Quantity.quantity></Point><Point><position>6553</position><in_Quantity.quantity>0.000000</in_Quantity.quantity><out_Quantity.quantity>91.692432</out_Quantity.quantity></Point><Point><position>6554</position><in_Quantity.quantity>0.000000</in_Quantity.quantity><out_Quantity.quantity>851.869376</out_Quantity.quantity></Point><Point><position>6555</position><in_Quantity.quantity>0.000000</in_Quantity.quantity><out_Quantity.quantity>622.191623</out_Quantity.quantity></Point><Point><position>6556</position><in_Quantity.quantity>0.000000</in_Quantity.quantity><out_Quantity.quantity>662.467408</out_Quantity.quantity></Point><Point><position>6557</position><in_Quantity.quantity>0.000000</in_Quantity.quantity><out_Quantity.quantity>932.849281</out_Quantity.quantity></Point><Point><position>6558</position><in_Quantity.quantity>0.000000</in_Quantity.quantity><out_Quantity.quantity>525.002329</out_Quantity.quantity></Point><Point><position>6559</position><in_Quantity.quantity>0.000000</in_Quantity.quantity><out_Quantity.quantity>792.696912</out_Quantity.quantity></Point><Point><position>6560</position><in_Quantity.quantity>0.000000</in_Quantity.quantity><out_Quantity.quantity>295.454145</out_Quantity.quantity></Point><Point><position>6561</position><in_Quantity.quantity>0.000000</in_Quantity.quantity><out_Quantity.quantity>635.281001</out_Quantity.quantity></Point><Point><position>6562</position><in_Quantity.quantity>0.000000</in_Quantity.quantity><out_Quantity.quantity>255.650063</out_Quantity.quantity></Point><Point><position>6563</position><in_Quantity.quantity>0.000000</in_Quantity.quantity><out_Quantity.quantity>208.421090</out_Quantity.quantity></Point><Point><position>6564</position><in_Quantity.quantity>0.000000</in_Quantity.quantity><out_Quantity.quantity>304.565323</out_Quantity.quantity></Point><Point><position>6565</position><in_Quantity.quantity>0.000000</in_Quantity.quantity><out_Quantity.quantity>385.575730</out_Quantity.quantity></Point><Point><position>6566</position><in_Quantity.quantity>0.000000</in_Quantity.quantity><out_Quantity.quantity>602.218192</out_Quantity.quantity></Point><Point><position>6567</position><in_Quantity.quantity>0.000000</in_Quantity.quantity><out_Quantity.quantity>346.201493</out_Quantity.quantity></Point><Point><position>6568</position><in_Quantity.quantity>0.000000</in_Quantity.quantity><out_Quantity.quantity>994.328765</out_Quantity.quantity></Point><Point><position>6569</position><in_Quantity.quantity>0.000000</in_Quantity.quantity><out_Quantity.quantity>790.116458</out_Quantity.quantity></Point><Point><position>6570</position><in_Quantity.quantity>0.000000</in_Quantity.quantity><out_Quantity.quantity>408.496034</out_Quantity.quantity></Point><Point><position>6571</position><in_Quantity.quantity>0.000000</in_Quantity.quantity><out_Quantity.quantity>36.343088</out_Quantity.quantity></Point><Point><position>6572</position><in_Quantity.quantity>0.000000</in_Quantity.quantity><out_Quantity.quantity>915.765654</out_Quantity.quantity></Point><Point><position>6573</position><in_Quantity.quantity>0.000000</in_Quantity.quantity><out_Quantity.quantity>272.086706</out_Quantity.quantity></Point><Point><position>6574</position><in_Quantity.quantity>0.000000</in_Quantity.quantity><out_Quantity.quantity>294.218833</out_Quantity.quantity></Point><Point><position>6575</position><in_Quantity.quantity>0.000000</in_Quantity.quantity><out_Quantity.quantity>375.029182</out_Quantity.quantity></Point><Point><position>6576</position><in_Quantity.quantity>0.000000</in_Quantity.quantity><out_Quantity.quantity>109.845042</out_Quantity.quantity></Point><Point><position>6577</position><in_Quantity.quantity>0.000000</in_Quantity.quantity><out_Quantity.quantity>483.344450</out_Quantity.quantity></Point><Point><position>6578</position><in_Quantity.quantity>0.000000</in_Quantity.quantity><out_Quantity.quantity>229.045509</out_Quantity.quantity></Point><Point><position>6579</position><in_Quantity.quantity>0.000000</in_Quantity.quantity><out_Quantity.quantity>597.683685</out_Quantity.quantity></Point><Point><position>6580</position><in_Quantity.quantity>0.000000</in_Quantity.quantity><out_Quantity.quantity>582.547622</out_Quantity.quantity></Point><Point><position>6581</position><in_Quantity.quantity>0.000000</in_Quantity.quantity><out_Quantity.quantity>659.292073</out_Quantity.quantity></Point><Point><position>6582</position><in_Quantity.quantity>0.000000</in_Quantity.quantity><out_Quantity.quantity>121.049969</out_Quantity.quantity></Point><Point><position>6583</position><in_Quantity.quantity>0.000000</in_Quantity.quantity><out_Quantity.quantity>242.124990</out_Quantity.quantity></Point><Point><position>6584</position><in_Quantity.quantity>0.000000</in_Quantity.quantity><out_Quantity.quantity>730.780136</out_Quantity.quantity></Point><Point><position>6585</position><in_Quantity.quantity>0.000000</in_Quantity.quantity><out_Quantity.quantity>656.641650</out_Quantity.quantity></Point><Point><position>6586</position><in_Quantity.quantity>0.000000</in_Quantity.quantity><out_Quantity.quantity>575.233361</out_Quantity.quantity></Point><Point><position>6587</position><in_Quantity.quantity>0.000000</in_Quantity.quantity><out_Quantity.quantity>36.786384</out_Quantity.quantity></Point><Point><position>6588</position><in_Quantity.quantity>0.000000</in_Quantity.quantity><out_Quantity.quantity>819.015282</out_Quantity.quantity></Point><Point><position>6589</position><in_Quantity.quantity>0.000000</in_Quantity.quantity><out_Quantity.quantity>387.981249</out_Quantity.quantity></Point><Point><position>6590</position><in_Quantity.quantity>0.000000</in_Quantity.quantity><out_Quantity.quantity>214.023390</out_Quantity.quantity></Point><Point><position>6591</position><in_Quantity.quantity>0.000000</in_Quantity.quantity><out_Quantity.quantity>194.275022</out_Quantity.quantity></Point><Point><position>6592</position><in_Quantity.quantity>0.000000</in_Quantity.quantity><out_Quantity.quantity>275.346578</out_Quantity.quantity></Point><Point><position>6593</position><in_Quantity.quantity>0.000000</in_Quantity.quantity><out_Quantity.quantity>499.938823</out_Quantity.quantity></Point><Point><position>6594</position><in_Quantity.quantity>0.000000</in_Quantity.quantity><out_Quantity.quantity>93.743516</out_Quantity.quantity></Point><Point><position>6595</position><in_Quantity.quantity>0.000000</in_Quantity.quantity><out_Quantity.quantity>465.138782</out_Quantity.quantity></Point><Point><position>6596</position><in_Quantity.quantity>0.000000</in_Quantity.quantity><out_Quantity.quantity>89.838511</out_Quantity.quantity></Point><Point><position>6597</position><in_Quantity.quantity>0.000000</in_Quantity.quantity><out_Quantity.quantity>99.050132</out_Quantity.quantity></Point><Point><position>6598</position><in_Quantity.quantity>0.000000</in_Quantity.quantity><out_Quantity.quantity>193.628611</out_Quantity.quantity></Point><Point><position>6599</position><in_Quantity.quantity>0.000000</in_Quantity.quantity><out_Quantity.quantity>564.729064</out_Quantity.quantity></Point><Point><position>6600</position><in_Quantity.quantity>0.000000</in_Quantity.quantity><out_Quantity.quantity>190.689247</out_Quantity.quantity></Point><Point><position>6601</position><in_Quantity.quantity>0.000000</in_Quantity.quantity><out_Quantity.quantity>703.985217</out_Quantity.quantity></Point><Point><position>6602</position><in_Quantity.quantity>0.000000</in_Quantity.quantity><out_Quantity.quantity>310.624889</out_Quantity.quantity></Point><Point><position>6603</position><in_Quantity.quantity>0.000000</in_Quantity.quantity><out_Quantity.quantity>406.677417</out_Quantity.quantity></Point><Point><position>6604</position><in_Quantity.quantity>0.000000</in_Quantity.quantity><out_Quantity.quantity>92.024067</out_Quantity.quantity></Point><Point><position>6605</position><in_Quantity.quantity>0.000000</in_Quantity.quantity><out_Quantity.quantity>917.195502</out_Quantity.quantity></Point><Point><position>6606</position><in_Quantity.quantity>0.000000</in_Quantity.quantity><out_Quantity.quantity>951.443460</out_Quantity.quantity></Point><Point><position>6607</position><in_Quantity.quantity>0.000000</in_Quantity.quantity><out_Quantity.quantity>871.890702</out_Quantity.quantity></Point><Point><position>6608</position><in_Quantity.quantity>0.000000</in_Quantity.quantity><out_Quantity.quantity>195.733706</out_Quantity.quantity></Point><Point><position>6609</position><in_Quantity.quantity>0.000000</in_Quantity.quantity><out_Quantity.quantity>538.497796</out_Quantity.quantity></Point><Point><position>6610</position><in_Quantity.quantity>0.000000</in_Quantity.quantity><out_Quantity.quantity>431.703412</out_Quantity.quantity></Point><Point><position>6611</position><in_Quantity.quantity>0.000000</in_Quantity.quantity><out_Quantity.quantity>640.454779</out_Quantity.quantity></Point><Point><position>6612</position><in_Quantity.quantity>0.000000</in_Quantity.quantity><out_Quantity.quantity>880.537687</out_Quantity.quantity></Point><Point><position>6613</position><in_Quantity.quantity>0.000000</in_Quantity.quantity><out_Quantity.quantity>290.802441</out_Quantity.quantity></Point><Point><position>6614</position><in_Quantity.quantity>0.000000</in_Quantity.quantity><out_Quantity.quantity>872.683263</out_Quantity.quantity></Point><Point><position>6615</position><in_Quantity.quantity>0.000000</in_Quantity.quantity><out_Quantity.quantity>550.361188</out_Quantity.quantity></Point><Point><position>6616</position><in_Quantity.quantity>0.000000</in_Quantity.quantity><out_Quantity.quantity>649.217505</out_Quantity.quantity></Point><Point><position>6617</position><in_Quantity.quantity>0.000000</in_Quantity.quantity><out_Quantity.quantity>258.684544</out_Quantity.quantity></Point><Point><position>6618</position><in_Quantity.quantity>0.000000</in_Quantity.quantity><out_Quantity.quantity>985.108084</out_Quantity.quantity></Point><Point><position>6619</position><in_Quantity.quantity>0.000000</in_Quantity.quantity><out_Quantity.quantity>593.012106</out_Quantity.quantity></Point><Point><position>6620</position><in_Quantity.quantity>0.000000</in_Quantity.quantity><out_Quantity.quantity>706.164591</out_Quantity.quantity></Point><Point><position>6621</position><in_Quantity.quantity>0.000000</in_Quantity.quantity><out_Quantity.quantity>188.962062</out_Quantity.quantity></Point><Point><position>6622</position><in_Quantity.quantity>0.000000</in_Quantity.quantity><out_Quantity.quantity>110.550033</out_Quantity.quantity></Point><Point><position>6623</position><in_Quantity.quantity>0.000000</in_Quantity.quantity><out_Quantity.quantity>130.231733</out_Quantity.quantity></Point><Point><position>6624</position><in_Quantity.quantity>0.000000</in_Quantity.quantity><out_Quantity.quantity>833.183528</out_Quantity.quantity></Point><Point><position>6625</position><in_Quantity.quantity>0.000000</in_Quantity.quantity><out_Quantity.quantity>841.341866</out_Quantity.quantity></Point><Point><position>6626</position><in_Quantity.quantity>0.000000</in_Quantity.quantity><out_Quantity.quantity>332.657000</out_Quantity.quantity></Point><Point><position>6627</position><in_Quantity.quantity>0.000000</in_Quantity.quantity><out_Quantity.quantity>541.401273</out_Quantity.quantity></Point><Point><position>6628</position><in_Quantity.quantity>0.000000</in_Quantity.quantity><out_Quantity.quantity>900.458473</out_Quantity.quantity></Point><Point><position>6629</position><in_Quantity.quantity>0.000000</in_Quantity.quantity><out_Quantity.quantity>813.879925</out_Quantity.quantity></Point><Point><position>6630</position><in_Quantity.quantity>0.000000</in_Quantity.quantity><out_Quantity.quantity>852.267759</out_Quantity.quantity></Point><Point><position>6631</position><in_Quantity.quantity>0.000000</in_Quantity.quantity><out_Quantity.quantity>39.358736</out_Quantity.quantity></Point><Point><position>6632</position><in_Quantity.quantity>0.000000</in_Quantity.quantity><out_Quantity.quantity>535.233920</out_Quantity.quantity></Point><Point><position>6633</position><in_Quantity.quantity>0.000000</in_Quantity.quantity><out_Quantity.quantity>351.216797</out_Quantity.quantity></Point><Point><position>6634</position><in_Quantity.quantity>0.000000</in_Quantity.quantity><out_Quantity.quantity>131.843959</out_Quantity.quantity></Point><Point><position>6635</position><in_Quantity.quantity>0.000000</in_Quantity.quantity><out_Quantity.quantity>870.096804</out_Quantity.quantity></Point><Point><position>6636</position><in_Quantity.quantity>0.000000</in_Quantity.quantity><out_Quantity.quantity>748.577423</out_Quantity.quantity></Point><Point><position>6637</position><in_Quantity.quantity>0.000000</in_Quantity.quantity><out_Quantity.quantity>553.559782</out_Quantity.quantity></Point><Point><position>6638</position><in_Quantity.quantity>0.000000</in_Quantity.quantity><out_Quantity.quantity>698.519636</out_Quantity.quantity></Point><Point><position>6639</position><in_Quantity.quantity>0.000000</in_Quantity.quantity><out_Quantity.quantity>306.470097</out_Quantity.quantity></Point><Point><position>6640</position><in_Quantity.quantity>0.000000</in_Quantity.quantity><out_Quantity.quantity>306.760673</out_Quantity.quantity></Point><Point><position>6641</position><in_Quantity.quantity>0.000000</in_Quantity.quantity><out_Quantity.quantity>470.691508</out_Quantity.quantity></Point><Point><position>6642</position><in_Quantity.quantity>0.000000</in_Quantity.quantity><out_Quantity.quantity>269.053671</out_Quantity.quantity></Point><Point><position>6643</position><in_Quantity.quantity>0.000000</in_Quantity.quantity><out_Quantity.quantity>529.773734</out_Quantity.quantity></Point><Point><position>6644</position><in_Quantity.quantity>0.000000</in_Quantity.quantity><out_Quantity.quantity>331.264132</out_Quantity.quantity></Point><Point><position>6645</position><in_Quantity.quantity>0.000000</in_Quantity.quantity><out_Quantity.quantity>771.939285</out_Quantity.quantity></Point><Point><position>6646</position><in_Quantity.quantity>0.000000</in_Quantity.quantity><out_Quantity.quantity>40.460752</out_Quantity.quantity></Point><Point><position>6647</position><in_Quantity.quantity>0.000000</in_Quantity.quantity><out_Quantity.quantity>644.609551</out_Quantity.quantity></Point><Point><position>6648</position><in_Quantity.quantity>0.000000</in_Quantity.quantity><out_Quantity.quantity>650.236603</out_Quantity.quantity></Point><Point><position>6649</position><in_Quantity.quantity>0.000000</in_Quantity.quantity><out_Quantity.quantity>220.576098</out_Quantity.quantity></Point><Point><position>6650</position><in_Quantity.quantity>0.000000</in_Quantity.quantity><out_Quantity.quantity>700.108938</out_Quantity.quantity></Point><Point><position>6651</position><in_Quantity.quantity>0.000000</in_Quantity.quantity><out_Quantity.quantity>766.371181</out_Quantity.quantity></Point><Point><position>6652</position><in_Quantity.quantity>0.000000</in_Quantity.quantity><out_Quantity.quantity>459.718718</out_Quantity.quantity></Point><Point><position>6653</position><in_Quantity.quantity>0.000000</in_Quantity.quantity><out_Quantity.quantity>334.243790</out_Quantity.quantity></Point><Point><position>6654</position><in_Quantity.quantity>0.000000</in_Quantity.quantity><out_Quantity.quantity>403.264825</out_Quantity.quantity></Point><Point><position>6655</position><in_Quantity.quantity>0.000000</in_Quantity.quantity><out_Quantity.quantity>852.075303</out_Quantity.quantity></Point><Point><position>6656</position><in_Quantity.quantity>0.000000</in_Quantity.quantity><out_Quantity.quantity>631.387047</out_Quantity.quantity></Point><Point><position>6657</position><in_Quantity.quantity>0.000000</in_Quantity.quantity><out_Quantity.quantity>339.543165</out_Quantity.quantity></Point><Point><position>6658</position><in_Quantity.quantity>0.000000</in_Quantity.quantity><out_Quantity.quantity>810.212916</out_Quantity.quantity></Point><Point><position>6659</position><in_Quantity.quantity>0.000000</in_Quantity.quantity><out_Quantity.quantity>190.603022</out_Quantity.quantity></Point><Point><position>6660</position><in_Quantity.quantity>0.000000</in_Quantity.quantity><out_Quantity.quantity>640.999370</out_Quantity.quantity></Point><Point><position>6661</position><in_Quantity.quantity>0.000000</in_Quantity.quantity><out_Quantity.quantity>523.453537</out_Quantity.quantity></Point><Point><position>6662</position><in_Quantity.quantity>0.000000</in_Quantity.quantity><out_Quantity.quantity>460.698947</out_Quantity.quantity></Point><Point><position>6663</position><in_Quantity.quantity>0.000000</in_Quantity.quantity><out_Quantity.quantity>89.850202</out_Quantity.quantity></Point><Point><position>6664</position><in_Quantity.quantity>0.000000</in_Quantity.quantity><out_Quantity.quantity>683.137356</out_Quantity.quantity></Point><Point><position>6665</position><in_Quantity.quantity>0.000000</in_Quantity.quantity><out_Quantity.quantity>877.167972</out_Quantity.quantity></Point><Point><position>6666</position><in_Quantity.quantity>0.000000</in_Quantity.quantity><out_Quantity.quantity>437.727252</out_Quantity.quantity></Point><Point><position>6667</position><in_Quantity.quantity>0.000000</in_Quantity.quantity><out_Quantity.quantity>738.045007</out_Quantity.quantity></Point><Point><position>6668</position><in_Quantity.quantity>0.000000</in_Quantity.quantity><out_Quantity.quantity>909.345803</out_Quantity.quantity></Point><Point><position>6669</position><in_Quantity.quantity>0.000000</in_Quantity.quantity><out_Quantity.quantity>544.020256</out_Quantity.quantity></Point><Point><position>6670</position><in_Quantity.quantity>0.000000</in_Quantity.quantity><out_Quantity.quantity>794.593027</out_Quantity.quantity></Point><Point><position>6671</position><in_Quantity.quantity>0.000000</in_Quantity.quantity><out_Quantity.quantity>292.613089</out_Quantity.quantity></Point><Point><position>6672</position><in_Quantity.quantity>0.000000</in_Quantity.quantity><out_Quantity.quantity>744.406445</out_Quantity.quantity></Point><Point><position>6673</position><in_Quantity.quantity>0.000000</in_Quantity.quantity><out_Quantity.quantity>820.433784</out_Quantity.quantity></Point><Point><position>6674</position><in_Quantity.quantity>0.000000</in_Quantity.quantity><out_Quantity.quantity>287.582003</out_Quantity.quantity></Point><Point><position>6675</position><in_Quantity.quantity>0.000000</in_Quantity.quantity><out_Quantity.quantity>192.816394</out_Quantity.quantity></Point><Point><position>6676</position><in_Quantity.quantity>0.000000</in_Quantity.quantity><out_Quantity.quantity>434.190460</out_Quantity.quantity></Point><Point><position>6677</position><in_Quantity.quantity>0.000000</in_Quantity.quantity><out_Quantity.quantity>378.708061</out_Quantity.quantity></Point><Point><position>6678</position><in_Quantity.quantity>0.000000</in_Quantity.quantity><out_Quantity.quantity>152.630403</out_Quantity.quantity></Point><Point><position>6679</position><in_Quantity.quantity>0.000000</in_Quantity.quantity><out_Quantity.quantity>39.662042</out_Quantity.quantity></Point><Point><position>6680</position><in_Quantity.quantity>0.000000</in_Quantity.quantity><out_Quantity.quantity>38.332472</out_Quantity.quantity></Point><Point><position>6681</position><in_Quantity.quantity>0.000000</in_Quantity.quantity><out_Quantity.quantity>875.042397</out_Quantity.quantity></Point><Point><position>6682</position><in_Quantity.quantity>0.000000</in_Quantity.quantity><out_Quantity.quantity>554.514297</out_Quantity.quantity></Point><Point><position>6683</position><in_Quantity.quantity>0.000000</in_Quantity.quantity><out_Quantity.quantity>521.694042</out_Quantity.quantity></Point><Point><position>6684</position><in_Quantity.quantity>0.000000</in_Quantity.quantity><out_Quantity.quantity>239.506732</out_Quantity.quantity></Point><Point><position>6685</position><in_Quantity.quantity>0.000000</in_Quantity.quantity><out_Quantity.quantity>762.297434</out_Quantity.quantity></Point><Point><position>6686</position><in_Quantity.quantity>0.000000</in_Quantity.quantity><out_Quantity.quantity>495.255166</out_Quantity.quantity></Point><Point><position>6687</position><in_Quantity.quantity>0.000000</in_Quantity.quantity><out_Quantity.quantity>192.122786</out_Quantity.quantity></Point><Point><position>6688</position><in_Quantity.quantity>0.000000</in_Quantity.quantity><out_Quantity.quantity>867.981897</out_Quantity.quantity></Point><Point><position>6689</position><in_Quantity.quantity>0.000000</in_Quantity.quantity><out_Quantity.quantity>924.436021</out_Quantity.quantity></Point><Point><position>6690</position><in_Quantity.quantity>0.000000</in_Quantity.quantity><out_Quantity.quantity>146.049033</out_Quantity.quantity></Point><Point><position>6691</position><in_Quantity.quantity>0.000000</in_Quantity.quantity><out_Quantity.quantity>917.466706</out_Quantity.quantity></Point><Point><position>6692</position><in_Quantity.quantity>0.000000</in_Quantity.quantity><out_Quantity.quantity>769.589986</out_Quantity.quantity></Point><Point><position>6693</position><in_Quantity.quantity>0.000000</in_Quantity.quantity><out_Quantity.quantity>15.856523</out_Quantity.quantity></Point><Point><position>6694</position><in_Quantity.quantity>0.000000</in_Quantity.quantity><out_Quantity.quantity>246.276499</out_Quantity.quantity></Point><Point><position>6695</position><in_Quantity.quantity>0.000000</in_Quantity.quantity><out_Quantity.quantity>757.762132</out_Quantity.quantity></Point><Point><position>6696</position><in_Quantity.quantity>0.000000</in_Quantity.quantity><out_Quantity.quantity>210.138241</out_Quantity.quantity></Point><Point><position>6697</position><in_Quantity.quantity>0.000000</in_Quantity.quantity><out_Quantity.quantity>495.230473</out_Quantity.quantity></Point><Point><position>6698</position><in_Quantity.quantity>0.000000</in_Quantity.quantity><out_Quantity.quantity>45.479338</out_Quantity.quantity></Point><Point><position>6699</position><in_Quantity.quantity>0.000000</in_Quantity.quantity><out_Quantity.quantity>903.029293</out_Quantity.quantity></Point><Point><position>6700</position><in_Quantity.quantity>0.000000</in_Quantity.quantity><out_Quantity.quantity>686.965126</out_Quantity.quantity></Point><Point><position>6701</position><in_Quantity.quantity>0.000000</in_Quantity.quantity><out_Quantity.quantity>882.249658</out_Quantity.quantity></Point><Point><position>6702</position><in_Quantity.quantity>0.000000</in_Quantity.quantity><out_Quantity.quantity>390.418658</out_Quantity.quantity></Point><Point><position>6703</position><in_Quantity.quantity>0.000000</in_Quantity.quantity><out_Quantity.quantity>839.614632</out_Quantity.quantity></Point><Point><position>6704</position><in_Quantity.quantity>0.000000</in_Quantity.quantity><out_Quantity.quantity>632.172641</out_Quantity.quantity></Point><Point><position>6705</position><in_Quantity.quantity>0.000000</in_Quantity.quantity><out_Quantity.quantity>411.853500</out_Quantity.quantity></Point><Point><position>6706</position><in_Quantity.quantity>0.000000</in_Quantity.quantity><out_Quantity.quantity>896.529549</out_Quantity.quantity></Point><Point><position>6707</position><in_Quantity.quantity>0.000000</in_Quantity.quantity><out_Quantity.quantity>695.102898</out_Quantity.quantity></Point><Point><position>6708</position><in_Quantity.quantity>0.000000</in_Quantity.quantity><out_Quantity.quantity>223.229115</out_Quantity.quantity></Point><Point><position>6709</position><in_Quantity.quantity>0.000000</in_Quantity.quantity><out_Quantity.quantity>572.329812</out_Quantity.quantity></Point><Point><position>6710</position><in_Quantity.quantity>0.000000</in_Quantity.quantity><out_Quantity.quantity>108.360161</out_Quantity.quantity></Point><Point><position>6711</position><in_Quantity.quantity>0.000000</in_Quantity.quantity><out_Quantity.quantity>725.238431</out_Quantity.quantity></Point><Point><position>6712</position><in_Quantity.quantity>0.000000</in_Quantity.quantity><out_Quantity.quantity>96.959958</out_Quantity.quantity></Point><Point><position>6713</position><in_Quantity.quantity>0.000000</in_Quantity.quantity><out_Quantity.quantity>99.980198</out_Quantity.quantity></Point><Point><position>6714</position><in_Quantity.quantity>0.000000</in_Quantity.quantity><out_Quantity.quantity>2.952321</out_Quantity.quantity></Point><Point><position>6715</position><in_Quantity.quantity>0.000000</in_Quantity.quantity><out_Quantity.quantity>840.548148</out_Quantity.quantity></Point><Point><position>6716</position><in_Quantity.quantity>0.000000</in_Quantity.quantity><out_Quantity.quantity>563.248498</out_Quantity.quantity></Point><Point><position>6717</position><in_Quantity.quantity>0.000000</in_Quantity.quantity><out_Quantity.quantity>266.433077</out_Quantity.quantity></Point><Point><position>6718</position><in_Quantity.quantity>0.000000</in_Quantity.quantity><out_Quantity.quantity>839.320410</out_Quantity.quantity></Point><Point><position>6719</position><in_Quantity.quantity>0.000000</in_Quantity.quantity><out_Quantity.quantity>520.572448</out_Quantity.quantity></Point><Point><position>6720</position><in_Quantity.quantity>0.000000</in_Quantity.quantity><out_Quantity.quantity>70.483606</out_Quantity.quantity></Point><Point><position>6721</position><in_Quantity.quantity>0.000000</in_Quantity.quantity><out_Quantity.quantity>3.694283</out_Quantity.quantity></Point><Point><position>6722</position><in_Quantity.quantity>0.000000</in_Quantity.quantity><out_Quantity.quantity>148.089575</out_Quantity.quantity></Point><Point><position>6723</position><in_Quantity.quantity>0.000000</in_Quantity.quantity><out_Quantity.quantity>28.350412</out_Quantity.quantity></Point><Point><position>6724</position><in_Quantity.quantity>0.000000</in_Quantity.quantity><out_Quantity.quantity>703.291012</out_Quantity.quantity></Point><Point><position>6725</position><in_Quantity.quantity>0.000000</in_Quantity.quantity><out_Quantity.quantity>925.569924</out_Quantity.quantity></Point><Point><position>6726</position><in_Quantity.quantity>0.000000</in_Quantity.quantity><out_Quantity.quantity>307.538416</out_Quantity.quantity></Point><Point><position>6727</position><in_Quantity.quantity>0.000000</in_Quantity.quantity><out_Quantity.quantity>910.644554</out_Quantity.quantity></Point><Point><position>6728</position><in_Quantity.quantity>0.000000</in_Quantity.quantity><out_Quantity.quantity>137.030007</out_Quantity.quantity></Point><Point><position>6729</position><in_Quantity.quantity>0.000000</in_Quantity.quantity><out_Quantity.quantity>450.278826</out_Quantity.quantity></Point><Point><position>6730</position><in_Quantity.quantity>0.000000</in_Quantity.quantity><out_Quantity.quantity>761.734689</out_Quantity.quantity></Point><Point><position>6731</position><in_Quantity.quantity>0.000000</in_Quantity.quantity><out_Quantity.quantity>45.319369</out_Quantity.quantity></Point><Point><position>6732</position><in_Quantity.quantity>0.000000</in_Quantity.quantity><out_Quantity.quantity>768.498342</out_Quantity.quantity></Point><Point><position>6733</position><in_Quantity.quantity>0.000000</in_Quantity.quantity><out_Quantity.quantity>147.810855</out_Quantity.quantity></Point><Point><position>6734</position><in_Quantity.quantity>0.000000</in_Quantity.quantity><out_Quantity.quantity>571.549933</out_Quantity.quantity></Point><Point><position>6735</position><in_Quantity.quantity>0.000000</in_Quantity.quantity><out_Quantity.quantity>539.715021</out_Quantity.quantity></Point><Point><position>6736</position><in_Quantity.quantity>0.000000</in_Quantity.quantity><out_Quantity.quantity>76.780343</out_Quantity.quantity></Point><Point><position>6737</position><in_Quantity.quantity>0.000000</in_Quantity.quantity><out_Quantity.quantity>751.841046</out_Quantity.quantity></Point><Point><position>6738</position><in_Quantity.quantity>0.000000</in_Quantity.quantity><out_Quantity.quantity>354.870753</out_Quantity.quantity></Point><Point><position>6739</position><in_Quantity.quantity>0.000000</in_Quantity.quantity><out_Quantity.quantity>778.373141</out_Quantity.quantity></Point><Point><position>6740</position><in_Quantity.quantity>0.000000</in_Quantity.quantity><out_Quantity.quantity>508.961599</out_Quantity.quantity></Point><Point><position>6741</position><in_Quantity.quantity>0.000000</in_Quantity.quantity><out_Quantity.quantity>581.455083</out_Quantity.quantity></Point><Point><position>6742</position><in_Quantity.quantity>0.000000</in_Quantity.quantity><out_Quantity.quantity>825.226825</out_Quantity.quantity></Point><Point><position>6743</position><in_Quantity.quantity>0.000000</in_Quantity.quantity><out_Quantity.quantity>926.084697</out_Quantity.quantity></Point><Point><position>6744</position><in_Quantity.quantity>0.000000</in_Quantity.quantity><out_Quantity.quantity>583.660581</out_Quantity.quantity></Point><Point><position>6745</position><in_Quantity.quantity>0.000000</in_Quantity.quantity><out_Quantity.quantity>353.011993</out_Quantity.quantity></Point><Point><position>6746</position><in_Quantity.quantity>0.000000</in_Quantity.quantity><out_Quantity.quantity>400.725022</out_Quantity.quantity></Point><Point><position>6747</position><in_Quantity.quantity>0.000000</in_Quantity.quantity><out_Quantity.quantity>759.552762</out_Quantity.quantity></Point><Point><position>6748</position><in_Quantity.quantity>0.000000</in_Quantity.quantity><out_Quantity.quantity>164.841260</out_Quantity.quantity></Point><Point><position>6749</position><in_Quantity.quantity>0.000000</in_Quantity.quantity><out_Quantity.quantity>751.302274</out_Quantity.quantity></Point><Point><position>6750</position><in_Quantity.quantity>0.000000</in_Quantity.quantity><out_Quantity.quantity>525.371283</out_Quantity.quantity></Point><Point><position>6751</position><in_Quantity.quantity>0.000000</in_Quantity.quantity><out_Quantity.quantity>168.911947</out_Quantity.quantity></Point><Point><position>6752</position><in_Quantity.quantity>0.000000</in_Quantity.quantity><out_Quantity.quantity>723.001060</out_Quantity.quantity></Point><Point><position>6753</position><in_Quantity.quantity>0.000000</in_Quantity.quantity><out_Quantity.quantity>596.629105</out_Quantity.quantity></Point><Point><position>6754</position><in_Quantity.quantity>0.000000</in_Quantity.quantity><out_Quantity.quantity>630.253232</out_Quantity.quantity></Point><Point><position>6755</position><in_Quantity.quantity>0.000000</in_Quantity.quantity><out_Quantity.quantity>761.301224</out_Quantity.quantity></Point><Point><position>6756</position><in_Quantity.quantity>0.000000</in_Quantity.quantity><out_Quantity.quantity>327.531478</out_Quantity.quantity></Point><Point><position>6757</position><in_Quantity.quantity>0.000000</in_Quantity.quantity><out_Quantity.quantity>16.408374</out_Quantity.quantity></Point><Point><position>6758</position><in_Quantity.quantity>0.000000</in_Quantity.quantity><out_Quantity.quantity>363.740240</out_Quantity.quantity></Point><Point><position>6759</position><in_Quantity.quantity>0.000000</in_Quantity.quantity><out_Quantity.quantity>945.031089</out_Quantity.quantity></Point><Point><position>6760</position><in_Quantity.quantity>0.000000</in_Quantity.quantity><out_Quantity.quantity>6.449485</out_Quantity.quantity></Point><Point><position>6761</position><in_Quantity.quantity>0.000000</in_Quantity.quantity><out_Quantity.quantity>845.465966</out_Quantity.quantity></Point><Point><position>6762</position><in_Quantity.quantity>0.000000</in_Quantity.quantity><out_Quantity.quantity>185.922651</out_Quantity.quantity></Point><Point><position>6763</position><in_Quantity.quantity>0.000000</in_Quantity.quantity><out_Quantity.quantity>386.006602</out_Quantity.quantity></Point><Point><position>6764</position><in_Quantity.quantity>0.000000</in_Quantity.quantity><out_Quantity.quantity>453.118530</out_Quantity.quantity></Point><Point><position>6765</position><in_Quantity.quantity>0.000000</in_Quantity.quantity><out_Quantity.quantity>294.067274</out_Quantity.quantity></Point><Point><position>6766</position><in_Quantity.quantity>0.000000</in_Quantity.quantity><out_Quantity.quantity>392.464877</out_Quantity.quantity></Point><Point><position>6767</position><in_Quantity.quantity>0.000000</in_Quantity.quantity><out_Quantity.quantity>608.722287</out_Quantity.quantity></Point><Point><position>6768</position><in_Quantity.quantity>0.000000</in_Quantity.quantity><out_Quantity.quantity>114.680193</out_Quantity.quantity></Point><Point><position>6769</position><in_Quantity.quantity>0.000000</in_Quantity.quantity><out_Quantity.quantity>178.494422</out_Quantity.quantity></Point><Point><position>6770</position><in_Quantity.quantity>0.000000</in_Quantity.quantity><out_Quantity.quantity>144.677092</out_Quantity.quantity></Point><Point><position>6771</position><in_Quantity.quantity>0.000000</in_Quantity.quantity><out_Quantity.quantity>288.128341</out_Quantity.quantity></Point><Point><position>6772</position><in_Quantity.quantity>0.000000</in_Quantity.quantity><out_Quantity.quantity>336.175924</out_Quantity.quantity></Point><Point><position>6773</position><in_Quantity.quantity>0.000000</in_Quantity.quantity><out_Quantity.quantity>612.035754</out_Quantity.quantity></Point><Point><position>6774</position><in_Quantity.quantity>0.000000</in_Quantity.quantity><out_Quantity.quantity>870.735564</out_Quantity.quantity></Point><Point><position>6775</position><in_Quantity.quantity>0.000000</in_Quantity.quantity><out_Quantity.quantity>851.746303</out_Quantity.quantity></Point><Point><position>6776</position><in_Quantity.quantity>0.000000</in_Quantity.quantity><out_Quantity.quantity>4.281276</out_Quantity.quantity></Point><Point><position>6777</position><in_Quantity.quantity>0.000000</in_Quantity.quantity><out_Quantity.quantity>557.547119</out_Quantity.quantity></Point><Point><position>6778</position><in_Quantity.quantity>0.000000</in_Quantity.quantity><out_Quantity.quantity>762.212557</out_Quantity.quantity></Point><Point><position>6779</position><in_Quantity.quantity>0.000000</in_Quantity.quantity><out_Quantity.quantity>92.297654</out_Quantity.quantity></Point><Point><position>6780</position><in_Quantity.quantity>0.000000</in_Quantity.quantity><out_Quantity.quantity>985.585107</out_Quantity.quantity></Point><Point><position>6781</position><in_Quantity.quantity>0.000000</in_Quantity.quantity><out_Quantity.quantity>950.145411</out_Quantity.quantity></Point><Point><position>6782</position><in_Quantity.quantity>0.000000</in_Quantity.quantity><out_Quantity.quantity>94.374230</out_Quantity.quantity></Point><Point><position>6783</position><in_Quantity.quantity>0.000000</in_Quantity.quantity><out_Quantity.quantity>723.152739</out_Quantity.quantity></Point><Point><position>6784</position><in_Quantity.quantity>0.000000</in_Quantity.quantity><out_Quantity.quantity>434.742711</out_Quantity.quantity></Point><Point><position>6785</position><in_Quantity.quantity>0.000000</in_Quantity.quantity><out_Quantity.quantity>75.309723</out_Quantity.quantity></Point><Point><position>6786</position><in_Quantity.quantity>0.000000</in_Quantity.quantity><out_Quantity.quantity>531.384311</out_Quantity.quantity></Point><Point><position>6787</position><in_Quantity.quantity>0.000000</in_Quantity.quantity><out_Quantity.quantity>217.434221</out_Quantity.quantity></Point><Point><position>6788</position><in_Quantity.quantity>0.000000</in_Quantity.quantity><out_Quantity.quantity>760.429727</out_Quantity.quantity></Point><Point><position>6789</position><in_Quantity.quantity>0.000000</in_Quantity.quantity><out_Quantity.quantity>278.196982</out_Quantity.quantity></Point><Point><position>6790</position><in_Quantity.quantity>0.000000</in_Quantity.quantity><out_Quantity.quantity>664.502369</out_Quantity.quantity></Point><Point><position>6791</position><in_Quantity.quantity>0.000000</in_Quantity.quantity><out_Quantity.quantity>526.779773</out_Quantity.quantity></Point><Point><position>6792</position><in_Quantity.quantity>0.000000</in_Quantity.quantity><out_Quantity.quantity>897.858122</out_Quantity.quantity></Point><Point><position>6793</position><in_Quantity.quantity>0.000000</in_Quantity.quantity><out_Quantity.quantity>315.057121</out_Quantity.quantity></Point><Point><position>6794</position><in_Quantity.quantity>0.000000</in_Quantity.quantity><out_Quantity.quantity>782.234194</out_Quantity.quantity></Point><Point><position>6795</position><in_Quantity.quantity>0.000000</in_Quantity.quantity><out_Quantity.quantity>169.534918</out_Quantity.quantity></Point><Point><position>6796</position><in_Quantity.quantity>0.000000</in_Quantity.quantity><out_Quantity.quantity>984.860365</out_Quantity.quantity></Point><Point><position>6797</position><in_Quantity.quantity>0.000000</in_Quantity.quantity><out_Quantity.quantity>424.017751</out_Quantity.quantity></Point><Point><position>6798</position><in_Quantity.quantity>0.000000</in_Quantity.quantity><out_Quantity.quantity>158.866374</out_Quantity.quantity></Point><Point><position>6799</position><in_Quantity.quantity>0.000000</in_Quantity.quantity><out_Quantity.quantity>22.813062</out_Quantity.quantity></Point><Point><position>6800</position><in_Quantity.quantity>0.000000</in_Quantity.quantity><out_Quantity.quantity>420.514106</out_Quantity.quantity></Point><Point><position>6801</position><in_Quantity.quantity>0.000000</in_Quantity.quantity><out_Quantity.quantity>358.709322</out_Quantity.quantity></Point><Point><position>6802</position><in_Quantity.quantity>0.000000</in_Quantity.quantity><out_Quantity.quantity>677.776592</out_Quantity.quantity></Point><Point><position>6803</position><in_Quantity.quantity>0.000000</in_Quantity.quantity><out_Quantity.quantity>197.406270</out_Quantity.quantity></Point><Point><position>6804</position><in_Quantity.quantity>0.000000</in_Quantity.quantity><out_Quantity.quantity>788.217795</out_Quantity.quantity></Point><Point><position>6805</position><in_Quantity.quantity>0.000000</in_Quantity.quantity><out_Quantity.quantity>926.722420</out_Quantity.quantity></Point><Point><position>6806</position><in_Quantity.quantity>0.000000</in_Quantity.quantity><out_Quantity.quantity>993.907371</out_Quantity.quantity></Point><Point><position>6807</position><in_Quantity.quantity>0.000000</in_Quantity.quantity><out_Quantity.quantity>368.490254</out_Quantity.quantity></Point><Point><position>6808</position><in_Quantity.quantity>0.000000</in_Quantity.quantity><out_Quantity.quantity>481.594357</out_Quantity.quantity></Point><Point><position>6809</position><in_Quantity.quantity>0.000000</in_Quantity.quantity><out_Quantity.quantity>437.790796</out_Quantity.quantity></Point><Point><position>6810</position><in_Quantity.quantity>0.000000</in_Quantity.quantity><out_Quantity.quantity>778.803230</out_Quantity.quantity></Point><Point><position>6811</position><in_Quantity.quantity>0.000000</in_Quantity.quantity><out_Quantity.quantity>892.878354</out_Quantity.quantity></Point><Point><position>6812</position><in_Quantity.quantity>0.000000</in_Quantity.quantity><out_Quantity.quantity>335.369196</out_Quantity.quantity></Point><Point><position>6813</position><in_Quantity.quantity>0.000000</in_Quantity.quantity><out_Quantity.quantity>453.363929</out_Quantity.quantity></Point><Point><position>6814</position><in_Quantity.quantity>0.000000</in_Quantity.quantity><out_Quantity.quantity>652.810449</out_Quantity.quantity></Point><Point><position>6815</position><in_Quantity.quantity>0.000000</in_Quantity.quantity><out_Quantity.quantity>343.440959</out_Quantity.quantity></Point><Point><position>6816</position><in_Quantity.quantity>0.000000</in_Quantity.quantity><out_Quantity.quantity>196.422221</out_Quantity.quantity></Point><Point><position>6817</position><in_Quantity.quantity>0.000000</in_Quantity.quantity><out_Quantity.quantity>305.127919</out_Quantity.quantity></Point><Point><position>6818</position><in_Quantity.quantity>0.000000</in_Quantity.quantity><out_Quantity.quantity>406.436007</out_Quantity.quantity></Point><Point><position>6819</position><in_Quantity.quantity>0.000000</in_Quantity.quantity><out_Quantity.quantity>540.651847</out_Quantity.quantity></Point><Point><position>6820</position><in_Quantity.quantity>0.000000</in_Quantity.quantity><out_Quantity.quantity>247.176614</out_Quantity.quantity></Point><Point><position>6821</position><in_Quantity.quantity>0.000000</in_Quantity.quantity><out_Quantity.quantity>486.941441</out_Quantity.quantity></Point><Point><position>6822</position><in_Quantity.quantity>0.000000</in_Quantity.quantity><out_Quantity.quantity>23.805761</out_Quantity.quantity></Point><Point><position>6823</position><in_Quantity.quantity>0.000000</in_Quantity.quantity><out_Quantity.quantity>486.444940</out_Quantity.quantity></Point><Point><position>6824</position><in_Quantity.quantity>0.000000</in_Quantity.quantity><out_Quantity.quantity>290.122995</out_Quantity.quantity></Point><Point><position>6825</position><in_Quantity.quantity>0.000000</in_Quantity.quantity><out_Quantity.quantity>110.188522</out_Quantity.quantity></Point><Point><position>6826</position><in_Quantity.quantity>0.000000</in_Quantity.quantity><out_Quantity.quantity>552.784304</out_Quantity.quantity></Point><Point><position>6827</position><in_Quantity.quantity>0.000000</in_Quantity.quantity><out_Quantity.quantity>447.892379</out_Quantity.quantity></Point><Point><position>6828</position><in_Quantity.quantity>0.000000</in_Quantity.quantity><out_Quantity.quantity>45.786227</out_Quantity.quantity></Point><Point><position>6829</position><in_Quantity.quantity>0.000000</in_Quantity.quantity><out_Quantity.quantity>929.747761</out_Quantity.quantity></Point><Point><position>6830</position><in_Quantity.quantity>0.000000</in_Quantity.quantity><out_Quantity.quantity>553.145728</out_Quantity.quantity></Point><Point><position>6831</position><in_Quantity.quantity>0.000000</in_Quantity.quantity><out_Quantity.quantity>579.651365</out_Quantity.quantity></Point><Point><position>6832</position><in_Quantity.quantity>0.000000</in_Quantity.quantity><out_Quantity.quantity>317.358287</out_Quantity.quantity></Point><Point><position>6833</position><in_Quantity.quantity>0.000000</in_Quantity.quantity><out_Quantity.quantity>469.150538</out_Quantity.quantity></Point><Point><position>6834</position><in_Quantity.quantity>0.000000</in_Quantity.quantity><out_Quantity.quantity>540.863926</out_Quantity.quantity></Point><Point><position>6835</position><in_Quantity.quantity>0.000000</in_Quantity.quantity><out_Quantity.quantity>150.637900</out_Quantity.quantity></Point><Point><position>6836</position><in_Quantity.quantity>0.000000</in_Quantity.quantity><out_Quantity.quantity>595.931847</out_Quantity.quantity></Point><Point><position>6837</position><in_Quantity.quantity>0.000000</in_Quantity.quantity><out_Quantity.quantity>416.579834</out_Quantity.quantity></Point><Point><position>6838</position><in_Quantity.quantity>0.000000</in_Quantity.quantity><out_Quantity.quantity>834.441226</out_Quantity.quantity></Point><Point><position>6839</position><in_Quantity.quantity>0.000000</in_Quantity.quantity><out_Quantity.quantity>796.455389</out_Quantity.quantity></Point><Point><position>6840</position><in_Quantity.quantity>0.000000</in_Quantity.quantity><out_Quantity.quantity>812.869134</out_Quantity.quantity></Point><Point><position>6841</position><in_Quantity.quantity>0.000000</in_Quantity.quantity><out_Quantity.quantity>246.189679</out_Quantity.quantity></Point><Point><position>6842</position><in_Quantity.quantity>0.000000</in_Quantity.quantity><out_Quantity.quantity>882.080768</out_Quantity.quantity></Point><Point><position>6843</position><in_Quantity.quantity>0.000000</in_Quantity.quantity><out_Quantity.quantity>296.670341</out_Quantity.quantity></Point><Point><position>6844</position><in_Quantity.quantity>0.000000</in_Quantity.quantity><out_Quantity.quantity>615.130425</out_Quantity.quantity></Point><Point><position>6845</position><in_Quantity.quantity>0.000000</in_Quantity.quantity><out_Quantity.quantity>456.050645</out_Quantity.quantity></Point><Point><position>6846</position><in_Quantity.quantity>0.000000</in_Quantity.quantity><out_Quantity.quantity>253.482773</out_Quantity.quantity></Point><Point><position>6847</position><in_Quantity.quantity>0.000000</in_Quantity.quantity><out_Quantity.quantity>443.591786</out_Quantity.quantity></Point><Point><position>6848</position><in_Quantity.quantity>0.000000</in_Quantity.quantity><out_Quantity.quantity>905.362977</out_Quantity.quantity></Point><Point><position>6849</position><in_Quantity.quantity>0.000000</in_Quantity.quantity><out_Quantity.quantity>94.806121</out_Quantity.quantity></Point><Point><position>6850</position><in_Quantity.quantity>0.000000</in_Quantity.quantity><out_Quantity.quantity>240.366631</out_Quantity.quantity></Point><Point><position>6851</position><in_Quantity.quantity>0.000000</in_Quantity.quantity><out_Quantity.quantity>121.798896</out_Quantity.quantity></Point><Point><position>6852</position><in_Quantity.quantity>0.000000</in_Quantity.quantity><out_Quantity.quantity>112.804223</out_Quantity.quantity></Point><Point><position>6853</position><in_Quantity.quantity>0.000000</in_Quantity.quantity><out_Quantity.quantity>694.175791</out_Quantity.quantity></Point><Point><position>6854</position><in_Quantity.quantity>0.000000</in_Quantity.quantity><out_Quantity.quantity>73.548078</out_Quantity.quantity></Point><Point><position>6855</position><in_Quantity.quantity>0.000000</in_Quantity.quantity><out_Quantity.quantity>83.733707</out_Quantity.quantity></Point><Point><position>6856</position><in_Quantity.quantity>0.000000</in_Quantity.quantity><out_Quantity.quantity>410.603557</out_Quantity.quantity></Point><Point><position>6857</position><in_Quantity.quantity>0.000000</in_Quantity.quantity><out_Quantity.quantity>17.193731</out_Quantity.quantity></Point><Point><position>6858</position><in_Quantity.quantity>0.000000</in_Quantity.quantity><out_Quantity.quantity>690.801884</out_Quantity.quantity></Point><Point><position>6859</position><in_Quantity.quantity>0.000000</in_Quantity.quantity><out_Quantity.quantity>623.469680</out_Quantity.quantity></Point><Point><position>6860</position><in_Quantity.quantity>0.000000</in_Quantity.quantity><out_Quantity.quantity>607.652285</out_Quantity.quantity></Point><Point><position>6861</position><in_Quantity.quantity>0.000000</in_Quantity.quantity><out_Quantity.quantity>576.329518</out_Quantity.quantity></Point><Point><position>6862</position><in_Quantity.quantity>0.000000</in_Quantity.quantity><out_Quantity.quantity>75.749782</out_Quantity.quantity></Point><Point><position>6863</position><in_Quantity.quantity>0.000000</in_Quantity.quantity><out_Quantity.quantity>898.194253</out_Quantity.quantity></Point><Point><position>6864</position><in_Quantity.quantity>0.000000</in_Quantity.quantity><out_Quantity.quantity>0.803858</out_Quantity.quantity></Point><Point><position>6865</position><in_Quantity.quantity>0.000000</in_Quantity.quantity><out_Quantity.quantity>336.599157</out_Quantity.quantity></Point><Point><position>6866</position><in_Quantity.quantity>0.000000</in_Quantity.quantity><out_Quantity.quantity>315.569129</out_Quantity.quantity></Point><Point><position>6867</position><in_Quantity.quantity>0.000000</in_Quantity.quantity><out_Quantity.quantity>881.929809</out_Quantity.quantity></Point><Point><position>6868</position><in_Quantity.quantity>0.000000</in_Quantity.quantity><out_Quantity.quantity>714.338568</out_Quantity.quantity></Point><Point><position>6869</position><in_Quantity.quantity>0.000000</in_Quantity.quantity><out_Quantity.quantity>204.628801</out_Quantity.quantity></Point><Point><position>6870</position><in_Quantity.quantity>0.000000</in_Quantity.quantity><out_Quantity.quantity>10.266674</out_Quantity.quantity></Point><Point><position>6871</position><in_Quantity.quantity>0.000000</in_Quantity.quantity><out_Quantity.quantity>686.137931</out_Quantity.quantity></Point><Point><position>6872</position><in_Quantity.quantity>0.000000</in_Quantity.quantity><out_Quantity.quantity>997.125997</out_Quantity.quantity></Point><Point><position>6873</position><in_Quantity.quantity>0.000000</in_Quantity.quantity><out_Quantity.quantity>418.379469</out_Quantity.quantity></Point><Point><position>6874</position><in_Quantity.quantity>0.000000</in_Quantity.quantity><out_Quantity.quantity>885.792719</out_Quantity.quantity></Point><Point><position>6875</position><in_Quantity.quantity>0.000000</in_Quantity.quantity><out_Quantity.quantity>546.233333</out_Quantity.quantity></Point><Point><position>6876</position><in_Quantity.quantity>0.000000</in_Quantity.quantity><out_Quantity.quantity>662.512460</out_Quantity.quantity></Point><Point><position>6877</position><in_Quantity.quantity>0.000000</in_Quantity.quantity><out_Quantity.quantity>720.100258</out_Quantity.quantity></Point><Point><position>6878</position><in_Quantity.quantity>0.000000</in_Quantity.quantity><out_Quantity.quantity>960.078816</out_Quantity.quantity></Point><Point><position>6879</position><in_Quantity.quantity>0.000000</in_Quantity.quantity><out_Quantity.quantity>941.853391</out_Quantity.quantity></Point><Point><position>6880</position><in_Quantity.quantity>0.000000</in_Quantity.quantity><out_Quantity.quantity>663.775625</out_Quantity.quantity></Point><Point><position>6881</position><in_Quantity.quantity>0.000000</in_Quantity.quantity><out_Quantity.quantity>589.192243</out_Quantity.quantity></Point><Point><position>6882</position><in_Quantity.quantity>0.000000</in_Quantity.quantity><out_Quantity.quantity>312.445910</out_Quantity.quantity></Point><Point><position>6883</position><in_Quantity.quantity>0.000000</in_Quantity.quantity><out_Quantity.quantity>428.214276</out_Quantity.quantity></Point><Point><position>6884</position><in_Quantity.quantity>0.000000</in_Quantity.quantity><out_Quantity.quantity>336.426934</out_Quantity.quantity></Point><Point><position>6885</position><in_Quantity.quantity>0.000000</in_Quantity.quantity><out_Quantity.quantity>50.131646</out_Quantity.quantity></Point><Point><position>6886</position><in_Quantity.quantity>0.000000</in_Quantity.quantity><out_Quantity.quantity>913.205516</out_Quantity.quantity></Point><Point><position>6887</position><in_Quantity.quantity>0.000000</in_Quantity.quantity><out_Quantity.quantity>426.536285</out_Quantity.quantity></Point><Point><position>6888</position><in_Quantity.quantity>0.000000</in_Quantity.quantity><out_Quantity.quantity>225.010344</out_Quantity.quantity></Point><Point><position>6889</position><in_Quantity.quantity>0.000000</in_Quantity.quantity><out_Quantity.quantity>986.524514</out_Quantity.quantity></Point><Point><position>6890</position><in_Quantity.quantity>0.000000</in_Quantity.quantity><out_Quantity.quantity>760.084366</out_Quantity.quantity></Point><Point><position>6891</position><in_Quantity.quantity>0.000000</in_Quantity.quantity><out_Quantity.quantity>667.163000</out_Quantity.quantity></Point><Point><position>6892</position><in_Quantity.quantity>0.000000</in_Quantity.quantity><out_Quantity.quantity>887.030281</out_Quantity.quantity></Point><Point><position>6893</position><in_Quantity.quantity>0.000000</in_Quantity.quantity><out_Quantity.quantity>398.525582</out_Quantity.quantity></Point><Point><position>6894</position><in_Quantity.quantity>0.000000</in_Quantity.quantity><out_Quantity.quantity>441.507400</out_Quantity.quantity></Point><Point><position>6895</position><in_Quantity.quantity>0.000000</in_Quantity.quantity><out_Quantity.quantity>717.237992</out_Quantity.quantity></Point><Point><position>6896</position><in_Quantity.quantity>0.000000</in_Quantity.quantity><out_Quantity.quantity>615.460530</out_Quantity.quantity></Point><Point><position>6897</position><in_Quantity.quantity>0.000000</in_Quantity.quantity><out_Quantity.quantity>262.922955</out_Quantity.quantity></Point><Point><position>6898</position><in_Quantity.quantity>0.000000</in_Quantity.quantity><out_Quantity.quantity>483.483630</out_Quantity.quantity></Point><Point><position>6899</position><in_Quantity.quantity>0.000000</in_Quantity.quantity><out_Quantity.quantity>840.100660</out_Quantity.quantity></Point><Point><position>6900</position><in_Quantity.quantity>0.000000</in_Quantity.quantity><out_Quantity.quantity>177.479448</out_Quantity.quantity></Point><Point><position>6901</position><in_Quantity.quantity>0.000000</in_Quantity.quantity><out_Quantity.quantity>832.333573</out_Quantity.quantity></Point><Point><position>6902</position><in_Quantity.quantity>0.000000</in_Quantity.quantity><out_Quantity.quantity>750.378876</out_Quantity.quantity></Point><Point><position>6903</position><in_Quantity.quantity>0.000000</in_Quantity.quantity><out_Quantity.quantity>948.958320</out_Quantity.quantity></Point><Point><position>6904</position><in_Quantity.quantity>0.000000</in_Quantity.quantity><out_Quantity.quantity>127.232395</out_Quantity.quantity></Point><Point><position>6905</position><in_Quantity.quantity>0.000000</in_Quantity.quantity><out_Quantity.quantity>998.151186</out_Quantity.quantity></Point><Point><position>6906</position><in_Quantity.quantity>0.000000</in_Quantity.quantity><out_Quantity.quantity>184.118399</out_Quantity.quantity></Point><Point><position>6907</position><in_Quantity.quantity>0.000000</in_Quantity.quantity><out_Quantity.quantity>485.097076</out_Quantity.quantity></Point><Point><position>6908</position><in_Quantity.quantity>0.000000</in_Quantity.quantity><out_Quantity.quantity>260.708767</out_Quantity.quantity></Point><Point><position>6909</position><in_Quantity.quantity>0.000000</in_Quantity.quantity><out_Quantity.quantity>79.094961</out_Quantity.quantity></Point><Point><position>6910</position><in_Quantity.quantity>0.000000</in_Quantity.quantity><out_Quantity.quantity>858.357407</out_Quantity.quantity></Point><Point><position>6911</position><in_Quantity.quantity>0.000000</in_Quantity.quantity><out_Quantity.quantity>825.856676</out_Quantity.quantity></Point><Point><position>6912</position><in_Quantity.quantity>0.000000</in_Quantity.quantity><out_Quantity.quantity>179.895766</out_Quantity.quantity></Point><Point><position>6913</position><in_Quantity.quantity>0.000000</in_Quantity.quantity><out_Quantity.quantity>144.734250</out_Quantity.quantity></Point><Point><position>6914</position><in_Quantity.quantity>0.000000</in_Quantity.quantity><out_Quantity.quantity>260.369396</out_Quantity.quantity></Point><Point><position>6915</position><in_Quantity.quantity>0.000000</in_Quantity.quantity><out_Quantity.quantity>296.761569</out_Quantity.quantity></Point><Point><position>6916</position><in_Quantity.quantity>0.000000</in_Quantity.quantity><out_Quantity.quantity>531.397008</out_Quantity.quantity></Point><Point><position>6917</position><in_Quantity.quantity>0.000000</in_Quantity.quantity><out_Quantity.quantity>355.375292</out_Quantity.quantity></Point><Point><position>6918</position><in_Quantity.quantity>0.000000</in_Quantity.quantity><out_Quantity.quantity>504.232865</out_Quantity.quantity></Point><Point><position>6919</position><in_Quantity.quantity>0.000000</in_Quantity.quantity><out_Quantity.quantity>452.840373</out_Quantity.quantity></Point><Point><position>6920</position><in_Quantity.quantity>0.000000</in_Quantity.quantity><out_Quantity.quantity>114.849639</out_Quantity.quantity></Point><Point><position>6921</position><in_Quantity.quantity>0.000000</in_Quantity.quantity><out_Quantity.quantity>309.958803</out_Quantity.quantity></Point><Point><position>6922</position><in_Quantity.quantity>0.000000</in_Quantity.quantity><out_Quantity.quantity>206.143834</out_Quantity.quantity></Point><Point><position>6923</position><in_Quantity.quantity>0.000000</in_Quantity.quantity><out_Quantity.quantity>552.152044</out_Quantity.quantity></Point><Point><position>6924</position><in_Quantity.quantity>0.000000</in_Quantity.quantity><out_Quantity.quantity>796.663062</out_Quantity.quantity></Point><Point><position>6925</position><in_Quantity.quantity>0.000000</in_Quantity.quantity><out_Quantity.quantity>56.281091</out_Quantity.quantity></Point><Point><position>6926</position><in_Quantity.quantity>0.000000</in_Quantity.quantity><out_Quantity.quantity>891.737186</out_Quantity.quantity></Point><Point><position>6927</position><in_Quantity.quantity>0.000000</in_Quantity.quantity><out_Quantity.quantity>869.801087</out_Quantity.quantity></Point><Point><position>6928</position><in_Quantity.quantity>0.000000</in_Quantity.quantity><out_Quantity.quantity>766.209087</out_Quantity.quantity></Point><Point><position>6929</position><in_Quantity.quantity>0.000000</in_Quantity.quantity><out_Quantity.quantity>999.067049</out_Quantity.quantity></Point><Point><position>6930</position><in_Quantity.quantity>0.000000</in_Quantity.quantity><out_Quantity.quantity>558.294253</out_Quantity.quantity></Point><Point><position>6931</position><in_Quantity.quantity>0.000000</in_Quantity.quantity><out_Quantity.quantity>224.293119</out_Quantity.quantity></Point><Point><position>6932</position><in_Quantity.quantity>0.000000</in_Quantity.quantity><out_Quantity.quantity>815.103431</out_Quantity.quantity></Point><Point><position>6933</position><in_Quantity.quantity>0.000000</in_Quantity.quantity><out_Quantity.quantity>479.043499</out_Quantity.quantity></Point><Point><position>6934</position><in_Quantity.quantity>0.000000</in_Quantity.quantity><out_Quantity.quantity>581.316598</out_Quantity.quantity></Point><Point><position>6935</position><in_Quantity.quantity>0.000000</in_Quantity.quantity><out_Quantity.quantity>753.894145</out_Quantity.quantity></Point><Point><position>6936</position><in_Quantity.quantity>0.000000</in_Quantity.quantity><out_Quantity.quantity>108.260866</out_Quantity.quantity></Point><Point><position>6937</position><in_Quantity.quantity>0.000000</in_Quantity.quantity><out_Quantity.quantity>54.139922</out_Quantity.quantity></Point><Point><position>6938</position><in_Quantity.quantity>0.000000</in_Quantity.quantity><out_Quantity.quantity>943.372942</out_Quantity.quantity></Point><Point><position>6939</position><in_Quantity.quantity>0.000000</in_Quantity.quantity><out_Quantity.quantity>966.632995</out_Quantity.quantity></Point><Point><position>6940</position><in_Quantity.quantity>0.000000</in_Quantity.quantity><out_Quantity.quantity>690.514983</out_Quantity.quantity></Point><Point><position>6941</position><in_Quantity.quantity>0.000000</in_Quantity.quantity><out_Quantity.quantity>786.893189</out_Quantity.quantity></Point><Point><position>6942</position><in_Quantity.quantity>0.000000</in_Quantity.quantity><out_Quantity.quantity>644.771601</out_Quantity.quantity></Point><Point><position>6943</position><in_Quantity.quantity>0.000000</in_Quantity.quantity><out_Quantity.quantity>931.364337</out_Quantity.quantity></Point><Point><position>6944</position><in_Quantity.quantity>0.000000</in_Quantity.quantity><out_Quantity.quantity>591.772359</out_Quantity.quantity></Point><Point><position>6945</position><in_Quantity.quantity>0.000000</in_Quantity.quantity><out_Quantity.quantity>430.321960</out_Quantity.quantity></Point><Point><position>6946</position><in_Quantity.quantity>0.000000</in_Quantity.quantity><out_Quantity.quantity>603.782194</out_Quantity.quantity></Point><Point><position>6947</position><in_Quantity.quantity>0.000000</in_Quantity.quantity><out_Quantity.quantity>659.499789</out_Quantity.quantity></Point><Point><position>6948</position><in_Quantity.quantity>0.000000</in_Quantity.quantity><out_Quantity.quantity>71.025030</out_Quantity.quantity></Point><Point><position>6949</position><in_Quantity.quantity>0.000000</in_Quantity.quantity><out_Quantity.quantity>970.072981</out_Quantity.quantity></Point><Point><position>6950</position><in_Quantity.quantity>0.000000</in_Quantity.quantity><out_Quantity.quantity>279.609228</out_Quantity.quantity></Point><Point><position>6951</position><in_Quantity.quantity>0.000000</in_Quantity.quantity><out_Quantity.quantity>148.575800</out_Quantity.quantity></Point><Point><position>6952</position><in_Quantity.quantity>0.000000</in_Quantity.quantity><out_Quantity.quantity>101.297970</out_Quantity.quantity></Point><Point><position>6953</position><in_Quantity.quantity>0.000000</in_Quantity.quantity><out_Quantity.quantity>679.197669</out_Quantity.quantity></Point><Point><position>6954</position><in_Quantity.quantity>0.000000</in_Quantity.quantity><out_Quantity.quantity>344.095923</out_Quantity.quantity></Point><Point><position>6955</position><in_Quantity.quantity>0.000000</in_Quantity.quantity><out_Quantity.quantity>784.713391</out_Quantity.quantity></Point><Point><position>6956</position><in_Quantity.quantity>0.000000</in_Quantity.quantity><out_Quantity.quantity>579.050290</out_Quantity.quantity></Point><Point><position>6957</position><in_Quantity.quantity>0.000000</in_Quantity.quantity><out_Quantity.quantity>254.478067</out_Quantity.quantity></Point><Point><position>6958</position><in_Quantity.quantity>0.000000</in_Quantity.quantity><out_Quantity.quantity>963.689327</out_Quantity.quantity></Point><Point><position>6959</position><in_Quantity.quantity>0.000000</in_Quantity.quantity><out_Quantity.quantity>365.305128</out_Quantity.quantity></Point><Point><position>6960</position><in_Quantity.quantity>0.000000</in_Quantity.quantity><out_Quantity.quantity>389.766962</out_Quantity.quantity></Point><Point><position>6961</position><in_Quantity.quantity>0.000000</in_Quantity.quantity><out_Quantity.quantity>566.756251</out_Quantity.quantity></Point><Point><position>6962</position><in_Quantity.quantity>0.000000</in_Quantity.quantity><out_Quantity.quantity>93.404439</out_Quantity.quantity></Point><Point><position>6963</position><in_Quantity.quantity>0.000000</in_Quantity.quantity><out_Quantity.quantity>606.229818</out_Quantity.quantity></Point><Point><position>6964</position><in_Quantity.quantity>0.000000</in_Quantity.quantity><out_Quantity.quantity>701.720527</out_Quantity.quantity></Point><Point><position>6965</position><in_Quantity.quantity>0.000000</in_Quantity.quantity><out_Quantity.quantity>932.667524</out_Quantity.quantity></Point><Point><position>6966</position><in_Quantity.quantity>0.000000</in_Quantity.quantity><out_Quantity.quantity>160.508394</out_Quantity.quantity></Point><Point><position>6967</position><in_Quantity.quantity>0.000000</in_Quantity.quantity><out_Quantity.quantity>32.278841</out_Quantity.quantity></Point><Point><position>6968</position><in_Quantity.quantity>0.000000</in_Quantity.quantity><out_Quantity.quantity>427.709743</out_Quantity.quantity></Point><Point><position>6969</position><in_Quantity.quantity>0.000000</in_Quantity.quantity><out_Quantity.quantity>429.951967</out_Quantity.quantity></Point><Point><position>6970</position><in_Quantity.quantity>0.000000</in_Quantity.quantity><out_Quantity.quantity>524.476914</out_Quantity.quantity></Point><Point><position>6971</position><in_Quantity.quantity>0.000000</in_Quantity.quantity><out_Quantity.quantity>729.357944</out_Quantity.quantity></Point><Point><position>6972</position><in_Quantity.quantity>0.000000</in_Quantity.quantity><out_Quantity.quantity>208.325678</out_Quantity.quantity></Point><Point><position>6973</position><in_Quantity.quantity>0.000000</in_Quantity.quantity><out_Quantity.quantity>259.931093</out_Quantity.quantity></Point><Point><position>6974</position><in_Quantity.quantity>0.000000</in_Quantity.quantity><out_Quantity.quantity>486.353135</out_Quantity.quantity></Point><Point><position>6975</position><in_Quantity.quantity>0.000000</in_Quantity.quantity><out_Quantity.quantity>460.212963</out_Quantity.quantity></Point><Point><position>6976</position><in_Quantity.quantity>0.000000</in_Quantity.quantity><out_Quantity.quantity>196.221413</out_Quantity.quantity></Point><Point><position>6977</position><in_Quantity.quantity>0.000000</in_Quantity.quantity><out_Quantity.quantity>866.166077</out_Quantity.quantity></Point><Point><position>6978</position><in_Quantity.quantity>0.000000</in_Quantity.quantity><out_Quantity.quantity>728.657482</out_Quantity.quantity></Point><Point><position>6979</position><in_Quantity.quantity>0.000000</in_Quantity.quantity><out_Quantity.quantity>946.803517</out_Quantity.quantity></Point><Point><position>6980</position><in_Quantity.quantity>0.000000</in_Quantity.quantity><out_Quantity.quantity>592.061816</out_Quantity.quantity></Point><Point><position>6981</position><in_Quantity.quantity>0.000000</in_Quantity.quantity><out_Quantity.quantity>5.893965</out_Quantity.quantity></Point><Point><position>6982</position><in_Quantity.quantity>0.000000</in_Quantity.quantity><out_Quantity.quantity>276.631438</out_Quantity.quantity></Point><Point><position>6983</position><in_Quantity.quantity>0.000000</in_Quantity.quantity><out_Quantity.quantity>175.843841</out_Quantity.quantity></Point><Point><position>6984</position><in_Quantity.quantity>0.000000</in_Quantity.quantity><out_Quantity.quantity>452.937578</out_Quantity.quantity></Point><Point><position>6985</position><in_Quantity.quantity>0.000000</in_Quantity.quantity><out_Quantity.quantity>198.234984</out_Quantity.quantity></Point><Point><position>6986</position><in_Quantity.quantity>0.000000</in_Quantity.quantity><out_Quantity.quantity>461.125744</out_Quantity.quantity></Point><Point><position>6987</position><in_Quantity.quantity>0.000000</in_Quantity.quantity><out_Quantity.quantity>850.832291</out_Quantity.quantity></Point><Point><position>6988</position><in_Quantity.quantity>0.000000</in_Quantity.quantity><out_Quantity.quantity>413.238035</out_Quantity.quantity></Point><Point><position>6989</position><in_Quantity.quantity>0.000000</in_Quantity.quantity><out_Quantity.quantity>534.989714</out_Quantity.quantity></Point><Point><position>6990</position><in_Quantity.quantity>0.000000</in_Quantity.quantity><out_Quantity.quantity>300.343713</out_Quantity.quantity></Point><Point><position>6991</position><in_Quantity.quantity>0.000000</in_Quantity.quantity><out_Quantity.quantity>743.688194</out_Quantity.quantity></Point><Point><position>6992</position><in_Quantity.quantity>0.000000</in_Quantity.quantity><out_Quantity.quantity>918.912113</out_Quantity.quantity></Point><Point><position>6993</position><in_Quantity.quantity>0.000000</in_Quantity.quantity><out_Quantity.quantity>765.681065</out_Quantity.quantity></Point><Point><position>6994</position><in_Quantity.quantity>0.000000</in_Quantity.quantity><out_Quantity.quantity>261.193752</out_Quantity.quantity></Point><Point><position>6995</position><in_Quantity.quantity>0.000000</in_Quantity.quantity><out_Quantity.quantity>968.755411</out_Quantity.quantity></Point><Point><position>6996</position><in_Quantity.quantity>0.000000</in_Quantity.quantity><out_Quantity.quantity>464.763816</out_Quantity.quantity></Point><Point><position>6997</position><in_Quantity.quantity>0.000000</in_Quantity.quantity><out_Quantity.quantity>697.341874</out_Quantity.quantity></Point><Point><position>6998</position><in_Quantity.quantity>0.000000</in_Quantity.quantity><out_Quantity.quantity>510.202925</out_Quantity.quantity></Point><Point><position>6999</position><in_Quantity.quantity>0.000000</in_Quantity.quantity><out_Quantity.quantity>269.715354</out_Quantity.quantity></Point><Point><position>7000</position><in_Quantity.quantity>0.000000</in_Quantity.quantity><out_Quantity.quantity>65.304936</out_Quantity.quantity></Point><Point><position>7001</position><in_Quantity.quantity>0.000000</in_Quantity.quantity><out_Quantity.quantity>68.276619</out_Quantity.quantity></Point><Point><position>7002</position><in_Quantity.quantity>0.000000</in_Quantity.quantity><out_Quantity.quantity>997.146240</out_Quantity.quantity></Point><Point><position>7003</position><in_Quantity.quantity>0.000000</in_Quantity.quantity><out_Quantity.quantity>520.314983</out_Quantity.quantity></Point><Point><position>7004</position><in_Quantity.quantity>0.000000</in_Quantity.quantity><out_Quantity.quantity>570.091558</out_Quantity.quantity></Point><Point><position>7005</position><in_Quantity.quantity>0.000000</in_Quantity.quantity><out_Quantity.quantity>714.133017</out_Quantity.quantity></Point><Point><position>7006</position><in_Quantity.quantity>0.000000</in_Quantity.quantity><out_Quantity.quantity>235.265117</out_Quantity.quantity></Point><Point><position>7007</position><in_Quantity.quantity>0.000000</in_Quantity.quantity><out_Quantity.quantity>760.296009</out_Quantity.quantity></Point><Point><position>7008</position><in_Quantity.quantity>0.000000</in_Quantity.quantity><out_Quantity.quantity>910.237048</out_Quantity.quantity></Point><Point><position>7009</position><in_Quantity.quantity>0.000000</in_Quantity.quantity><out_Quantity.quantity>424.725106</out_Quantity.quantity></Point><Point><position>7010</position><in_Quantity.quantity>0.000000</in_Quantity.quantity><out_Quantity.quantity>536.141923</out_Quantity.quantity></Point><Point><position>7011</position><in_Quantity.quantity>0.000000</in_Quantity.quantity><out_Quantity.quantity>845.494871</out_Quantity.quantity></Point><Point><position>7012</position><in_Quantity.quantity>0.000000</in_Quantity.quantity><out_Quantity.quantity>894.888048</out_Quantity.quantity></Point><Point><position>7013</position><in_Quantity.quantity>0.000000</in_Quantity.quantity><out_Quantity.quantity>689.806322</out_Quantity.quantity></Point><Point><position>7014</position><in_Quantity.quantity>0.000000</in_Quantity.quantity><out_Quantity.quantity>557.259481</out_Quantity.quantity></Point><Point><position>7015</position><in_Quantity.quantity>0.000000</in_Quantity.quantity><out_Quantity.quantity>826.608216</out_Quantity.quantity></Point><Point><position>7016</position><in_Quantity.quantity>0.000000</in_Quantity.quantity><out_Quantity.quantity>968.249455</out_Quantity.quantity></Point><Point><position>7017</position><in_Quantity.quantity>0.000000</in_Quantity.quantity><out_Quantity.quantity>969.983142</out_Quantity.quantity></Point><Point><position>7018</position><in_Quantity.quantity>0.000000</in_Quantity.quantity><out_Quantity.quantity>370.554457</out_Quantity.quantity></Point><Point><position>7019</position><in_Quantity.quantity>0.000000</in_Quantity.quantity><out_Quantity.quantity>997.979750</out_Quantity.quantity></Point><Point><position>7020</position><in_Quantity.quantity>0.000000</in_Quantity.quantity><out_Quantity.quantity>528.730338</out_Quantity.quantity></Point><Point><position>7021</position><in_Quantity.quantity>0.000000</in_Quantity.quantity><out_Quantity.quantity>913.682152</out_Quantity.quantity></Point><Point><position>7022</position><in_Quantity.quantity>0.000000</in_Quantity.quantity><out_Quantity.quantity>854.012091</out_Quantity.quantity></Point><Point><position>7023</position><in_Quantity.quantity>0.000000</in_Quantity.quantity><out_Quantity.quantity>553.927648</out_Quantity.quantity></Point><Point><position>7024</position><in_Quantity.quantity>0.000000</in_Quantity.quantity><out_Quantity.quantity>324.729274</out_Quantity.quantity></Point><Point><position>7025</position><in_Quantity.quantity>0.000000</in_Quantity.quantity><out_Quantity.quantity>826.987970</out_Quantity.quantity></Point><Point><position>7026</position><in_Quantity.quantity>0.000000</in_Quantity.quantity><out_Quantity.quantity>358.279307</out_Quantity.quantity></Point><Point><position>7027</position><in_Quantity.quantity>0.000000</in_Quantity.quantity><out_Quantity.quantity>930.380937</out_Quantity.quantity></Point><Point><position>7028</position><in_Quantity.quantity>0.000000</in_Quantity.quantity><out_Quantity.quantity>610.054004</out_Quantity.quantity></Point><Point><position>7029</position><in_Quantity.quantity>0.000000</in_Quantity.quantity><out_Quantity.quantity>800.843262</out_Quantity.quantity></Point><Point><position>7030</position><in_Quantity.quantity>0.000000</in_Quantity.quantity><out_Quantity.quantity>135.934501</out_Quantity.quantity></Point><Point><position>7031</position><in_Quantity.quantity>0.000000</in_Quantity.quantity><out_Quantity.quantity>944.745922</out_Quantity.quantity></Point><Point><position>7032</position><in_Quantity.quantity>0.000000</in_Quantity.quantity><out_Quantity.quantity>392.953513</out_Quantity.quantity></Point><Point><position>7033</position><in_Quantity.quantity>0.000000</in_Quantity.quantity><out_Quantity.quantity>11.562783</out_Quantity.quantity></Point><Point><position>7034</position><in_Quantity.quantity>0.000000</in_Quantity.quantity><out_Quantity.quantity>142.977553</out_Quantity.quantity></Point><Point><position>7035</position><in_Quantity.quantity>0.000000</in_Quantity.quantity><out_Quantity.quantity>705.052651</out_Quantity.quantity></Point><Point><position>7036</position><in_Quantity.quantity>0.000000</in_Quantity.quantity><out_Quantity.quantity>87.829137</out_Quantity.quantity></Point><Point><position>7037</position><in_Quantity.quantity>0.000000</in_Quantity.quantity><out_Quantity.quantity>482.953258</out_Quantity.quantity></Point><Point><position>7038</position><in_Quantity.quantity>0.000000</in_Quantity.quantity><out_Quantity.quantity>403.751823</out_Quantity.quantity></Point><Point><position>7039</position><in_Quantity.quantity>0.000000</in_Quantity.quantity><out_Quantity.quantity>393.380995</out_Quantity.quantity></Point><Point><position>7040</position><in_Quantity.quantity>0.000000</in_Quantity.quantity><out_Quantity.quantity>66.165213</out_Quantity.quantity></Point><Point><position>7041</position><in_Quantity.quantity>0.000000</in_Quantity.quantity><out_Quantity.quantity>949.439336</out_Quantity.quantity></Point><Point><position>7042</position><in_Quantity.quantity>0.000000</in_Quantity.quantity><out_Quantity.quantity>126.040633</out_Quantity.quantity></Point><Point><position>7043</position><in_Quantity.quantity>0.000000</in_Quantity.quantity><out_Quantity.quantity>85.610514</out_Quantity.quantity></Point><Point><position>7044</position><in_Quantity.quantity>0.000000</in_Quantity.quantity><out_Quantity.quantity>563.384125</out_Quantity.quantity></Point><Point><position>7045</position><in_Quantity.quantity>0.000000</in_Quantity.quantity><out_Quantity.quantity>557.738174</out_Quantity.quantity></Point><Point><position>7046</position><in_Quantity.quantity>0.000000</in_Quantity.quantity><out_Quantity.quantity>586.894035</out_Quantity.quantity></Point><Point><position>7047</position><in_Quantity.quantity>0.000000</in_Quantity.quantity><out_Quantity.quantity>482.149427</out_Quantity.quantity></Point><Point><position>7048</position><in_Quantity.quantity>0.000000</in_Quantity.quantity><out_Quantity.quantity>208.141013</out_Quantity.quantity></Point><Point><position>7049</position><in_Quantity.quantity>0.000000</in_Quantity.quantity><out_Quantity.quantity>324.414184</out_Quantity.quantity></Point><Point><position>7050</position><in_Quantity.quantity>0.000000</in_Quantity.quantity><out_Quantity.quantity>254.289732</out_Quantity.quantity></Point><Point><position>7051</position><in_Quantity.quantity>0.000000</in_Quantity.quantity><out_Quantity.quantity>74.197949</out_Quantity.quantity></Point><Point><position>7052</position><in_Quantity.quantity>0.000000</in_Quantity.quantity><out_Quantity.quantity>241.645043</out_Quantity.quantity></Point><Point><position>7053</position><in_Quantity.quantity>0.000000</in_Quantity.quantity><out_Quantity.quantity>892.695000</out_Quantity.quantity></Point><Point><position>7054</position><in_Quantity.quantity>0.000000</in_Quantity.quantity><out_Quantity.quantity>19.881569</out_Quantity.quantity></Point><Point><position>7055</position><in_Quantity.quantity>0.000000</in_Quantity.quantity><out_Quantity.quantity>482.933299</out_Quantity.quantity></Point><Point><position>7056</position><in_Quantity.quantity>0.000000</in_Quantity.quantity><out_Quantity.quantity>414.033713</out_Quantity.quantity></Point><Point><position>7057</position><in_Quantity.quantity>0.000000</in_Quantity.quantity><out_Quantity.quantity>479.519129</out_Quantity.quantity></Point><Point><position>7058</position><in_Quantity.quantity>0.000000</in_Quantity.quantity><out_Quantity.quantity>202.428541</out_Quantity.quantity></Point><Point><position>7059</position><in_Quantity.quantity>0.000000</in_Quantity.quantity><out_Quantity.quantity>952.730505</out_Quantity.quantity></Point><Point><position>7060</position><in_Quantity.quantity>0.000000</in_Quantity.quantity><out_Quantity.quantity>452.248474</out_Quantity.quantity></Point><Point><position>7061</position><in_Quantity.quantity>0.000000</in_Quantity.quantity><out_Quantity.quantity>424.077902</out_Quantity.quantity></Point><Point><position>7062</position><in_Quantity.quantity>0.000000</in_Quantity.quantity><out_Quantity.quantity>653.389171</out_Quantity.quantity></Point><Point><position>7063</position><in_Quantity.quantity>0.000000</in_Quantity.quantity><out_Quantity.quantity>275.457638</out_Quantity.quantity></Point><Point><position>7064</position><in_Quantity.quantity>0.000000</in_Quantity.quantity><out_Quantity.quantity>767.858657</out_Quantity.quantity></Point><Point><position>7065</position><in_Quantity.quantity>0.000000</in_Quantity.quantity><out_Quantity.quantity>479.138747</out_Quantity.quantity></Point><Point><position>7066</position><in_Quantity.quantity>0.000000</in_Quantity.quantity><out_Quantity.quantity>856.532837</out_Quantity.quantity></Point><Point><position>7067</position><in_Quantity.quantity>0.000000</in_Quantity.quantity><out_Quantity.quantity>17.825749</out_Quantity.quantity></Point><Point><position>7068</position><in_Quantity.quantity>0.000000</in_Quantity.quantity><out_Quantity.quantity>383.293442</out_Quantity.quantity></Point><Point><position>7069</position><in_Quantity.quantity>0.000000</in_Quantity.quantity><out_Quantity.quantity>835.614254</out_Quantity.quantity></Point><Point><position>7070</position><in_Quantity.quantity>0.000000</in_Quantity.quantity><out_Quantity.quantity>847.765664</out_Quantity.quantity></Point><Point><position>7071</position><in_Quantity.quantity>0.000000</in_Quantity.quantity><out_Quantity.quantity>409.191717</out_Quantity.quantity></Point><Point><position>7072</position><in_Quantity.quantity>0.000000</in_Quantity.quantity><out_Quantity.quantity>70.519597</out_Quantity.quantity></Point><Point><position>7073</position><in_Quantity.quantity>0.000000</in_Quantity.quantity><out_Quantity.quantity>630.887363</out_Quantity.quantity></Point><Point><position>7074</position><in_Quantity.quantity>0.000000</in_Quantity.quantity><out_Quantity.quantity>364.224013</out_Quantity.quantity></Point><Point><position>7075</position><in_Quantity.quantity>0.000000</in_Quantity.quantity><out_Quantity.quantity>58.616095</out_Quantity.quantity></Point><Point><position>7076</position><in_Quantity.quantity>0.000000</in_Quantity.quantity><out_Quantity.quantity>411.159118</out_Quantity.quantity></Point><Point><position>7077</position><in_Quantity.quantity>0.000000</in_Quantity.quantity><out_Quantity.quantity>139.056879</out_Quantity.quantity></Point><Point><position>7078</position><in_Quantity.quantity>0.000000</in_Quantity.quantity><out_Quantity.quantity>657.345322</out_Quantity.quantity></Point><Point><position>7079</position><in_Quantity.quantity>0.000000</in_Quantity.quantity><out_Quantity.quantity>782.661531</out_Quantity.quantity></Point><Point><position>7080</position><in_Quantity.quantity>0.000000</in_Quantity.quantity><out_Quantity.quantity>441.221988</out_Quantity.quantity></Point><Point><position>7081</position><in_Quantity.quantity>0.000000</in_Quantity.quantity><out_Quantity.quantity>351.850496</out_Quantity.quantity></Point><Point><position>7082</position><in_Quantity.quantity>0.000000</in_Quantity.quantity><out_Quantity.quantity>422.075111</out_Quantity.quantity></Point><Point><position>7083</position><in_Quantity.quantity>0.000000</in_Quantity.quantity><out_Quantity.quantity>549.175548</out_Quantity.quantity></Point><Point><position>7084</position><in_Quantity.quantity>0.000000</in_Quantity.quantity><out_Quantity.quantity>686.438402</out_Quantity.quantity></Point><Point><position>7085</position><in_Quantity.quantity>0.000000</in_Quantity.quantity><out_Quantity.quantity>396.509311</out_Quantity.quantity></Point><Point><position>7086</position><in_Quantity.quantity>0.000000</in_Quantity.quantity><out_Quantity.quantity>792.441897</out_Quantity.quantity></Point><Point><position>7087</position><in_Quantity.quantity>0.000000</in_Quantity.quantity><out_Quantity.quantity>135.921087</out_Quantity.quantity></Point><Point><position>7088</position><in_Quantity.quantity>0.000000</in_Quantity.quantity><out_Quantity.quantity>58.866065</out_Quantity.quantity></Point><Point><position>7089</position><in_Quantity.quantity>0.000000</in_Quantity.quantity><out_Quantity.quantity>61.674762</out_Quantity.quantity></Point><Point><position>7090</position><in_Quantity.quantity>0.000000</in_Quantity.quantity><out_Quantity.quantity>226.996874</out_Quantity.quantity></Point><Point><position>7091</position><in_Quantity.quantity>0.000000</in_Quantity.quantity><out_Quantity.quantity>619.047523</out_Quantity.quantity></Point><Point><position>7092</position><in_Quantity.quantity>0.000000</in_Quantity.quantity><out_Quantity.quantity>773.663936</out_Quantity.quantity></Point><Point><position>7093</position><in_Quantity.quantity>0.000000</in_Quantity.quantity><out_Quantity.quantity>490.244178</out_Quantity.quantity></Point><Point><position>7094</position><in_Quantity.quantity>0.000000</in_Quantity.quantity><out_Quantity.quantity>838.785127</out_Quantity.quantity></Point><Point><position>7095</position><in_Quantity.quantity>0.000000</in_Quantity.quantity><out_Quantity.quantity>388.237652</out_Quantity.quantity></Point><Point><position>7096</position><in_Quantity.quantity>0.000000</in_Quantity.quantity><out_Quantity.quantity>438.611082</out_Quantity.quantity></Point><Point><position>7097</position><in_Quantity.quantity>0.000000</in_Quantity.quantity><out_Quantity.quantity>687.730675</out_Quantity.quantity></Point><Point><position>7098</position><in_Quantity.quantity>0.000000</in_Quantity.quantity><out_Quantity.quantity>507.523458</out_Quantity.quantity></Point><Point><position>7099</position><in_Quantity.quantity>0.000000</in_Quantity.quantity><out_Quantity.quantity>508.903492</out_Quantity.quantity></Point><Point><position>7100</position><in_Quantity.quantity>0.000000</in_Quantity.quantity><out_Quantity.quantity>996.946999</out_Quantity.quantity></Point><Point><position>7101</position><in_Quantity.quantity>0.000000</in_Quantity.quantity><out_Quantity.quantity>26.583345</out_Quantity.quantity></Point><Point><position>7102</position><in_Quantity.quantity>0.000000</in_Quantity.quantity><out_Quantity.quantity>614.523438</out_Quantity.quantity></Point><Point><position>7103</position><in_Quantity.quantity>0.000000</in_Quantity.quantity><out_Quantity.quantity>103.772687</out_Quantity.quantity></Point><Point><position>7104</position><in_Quantity.quantity>0.000000</in_Quantity.quantity><out_Quantity.quantity>751.082041</out_Quantity.quantity></Point><Point><position>7105</position><in_Quantity.quantity>0.000000</in_Quantity.quantity><out_Quantity.quantity>413.527071</out_Quantity.quantity></Point><Point><position>7106</position><in_Quantity.quantity>0.000000</in_Quantity.quantity><out_Quantity.quantity>283.279097</out_Quantity.quantity></Point><Point><position>7107</position><in_Quantity.quantity>0.000000</in_Quantity.quantity><out_Quantity.quantity>795.701336</out_Quantity.quantity></Point><Point><position>7108</position><in_Quantity.quantity>0.000000</in_Quantity.quantity><out_Quantity.quantity>802.661113</out_Quantity.quantity></Point><Point><position>7109</position><in_Quantity.quantity>0.000000</in_Quantity.quantity><out_Quantity.quantity>753.181752</out_Quantity.quantity></Point><Point><position>7110</position><in_Quantity.quantity>0.000000</in_Quantity.quantity><out_Quantity.quantity>472.250662</out_Quantity.quantity></Point><Point><position>7111</position><in_Quantity.quantity>0.000000</in_Quantity.quantity><out_Quantity.quantity>482.353536</out_Quantity.quantity></Point><Point><position>7112</position><in_Quantity.quantity>0.000000</in_Quantity.quantity><out_Quantity.quantity>198.594086</out_Quantity.quantity></Point><Point><position>7113</position><in_Quantity.quantity>0.000000</in_Quantity.quantity><out_Quantity.quantity>61.064283</out_Quantity.quantity></Point><Point><position>7114</position><in_Quantity.quantity>0.000000</in_Quantity.quantity><out_Quantity.quantity>93.164090</out_Quantity.quantity></Point><Point><position>7115</position><in_Quantity.quantity>0.000000</in_Quantity.quantity><out_Quantity.quantity>974.898876</out_Quantity.quantity></Point><Point><position>7116</position><in_Quantity.quantity>0.000000</in_Quantity.quantity><out_Quantity.quantity>343.767350</out_Quantity.quantity></Point><Point><position>7117</position><in_Quantity.quantity>0.000000</in_Quantity.quantity><out_Quantity.quantity>414.192082</out_Quantity.quantity></Point><Point><position>7118</position><in_Quantity.quantity>0.000000</in_Quantity.quantity><out_Quantity.quantity>953.886664</out_Quantity.quantity></Point><Point><position>7119</position><in_Quantity.quantity>0.000000</in_Quantity.quantity><out_Quantity.quantity>945.998397</out_Quantity.quantity></Point><Point><position>7120</position><in_Quantity.quantity>0.000000</in_Quantity.quantity><out_Quantity.quantity>162.721795</out_Quantity.quantity></Point><Point><position>7121</position><in_Quantity.quantity>0.000000</in_Quantity.quantity><out_Quantity.quantity>605.763694</out_Quantity.quantity></Point><Point><position>7122</position><in_Quantity.quantity>0.000000</in_Quantity.quantity><out_Quantity.quantity>573.913291</out_Quantity.quantity></Point><Point><position>7123</position><in_Quantity.quantity>0.000000</in_Quantity.quantity><out_Quantity.quantity>778.745416</out_Quantity.quantity></Point><Point><position>7124</position><in_Quantity.quantity>0.000000</in_Quantity.quantity><out_Quantity.quantity>858.874758</out_Quantity.quantity></Point><Point><position>7125</position><in_Quantity.quantity>0.000000</in_Quantity.quantity><out_Quantity.quantity>258.032499</out_Quantity.quantity></Point><Point><position>7126</position><in_Quantity.quantity>0.000000</in_Quantity.quantity><out_Quantity.quantity>578.382614</out_Quantity.quantity></Point><Point><position>7127</position><in_Quantity.quantity>0.000000</in_Quantity.quantity><out_Quantity.quantity>236.199320</out_Quantity.quantity></Point><Point><position>7128</position><in_Quantity.quantity>0.000000</in_Quantity.quantity><out_Quantity.quantity>474.594673</out_Quantity.quantity></Point><Point><position>7129</position><in_Quantity.quantity>0.000000</in_Quantity.quantity><out_Quantity.quantity>486.783831</out_Quantity.quantity></Point><Point><position>7130</position><in_Quantity.quantity>0.000000</in_Quantity.quantity><out_Quantity.quantity>673.383645</out_Quantity.quantity></Point><Point><position>7131</position><in_Quantity.quantity>0.000000</in_Quantity.quantity><out_Quantity.quantity>289.138545</out_Quantity.quantity></Point><Point><position>7132</position><in_Quantity.quantity>0.000000</in_Quantity.quantity><out_Quantity.quantity>674.716354</out_Quantity.quantity></Point><Point><position>7133</position><in_Quantity.quantity>0.000000</in_Quantity.quantity><out_Quantity.quantity>49.847384</out_Quantity.quantity></Point><Point><position>7134</position><in_Quantity.quantity>0.000000</in_Quantity.quantity><out_Quantity.quantity>764.455982</out_Quantity.quantity></Point><Point><position>7135</position><in_Quantity.quantity>0.000000</in_Quantity.quantity><out_Quantity.quantity>56.656813</out_Quantity.quantity></Point><Point><position>7136</position><in_Quantity.quantity>0.000000</in_Quantity.quantity><out_Quantity.quantity>838.166539</out_Quantity.quantity></Point><Point><position>7137</position><in_Quantity.quantity>0.000000</in_Quantity.quantity><out_Quantity.quantity>910.584780</out_Quantity.quantity></Point><Point><position>7138</position><in_Quantity.quantity>0.000000</in_Quantity.quantity><out_Quantity.quantity>318.508755</out_Quantity.quantity></Point><Point><position>7139</position><in_Quantity.quantity>0.000000</in_Quantity.quantity><out_Quantity.quantity>396.991490</out_Quantity.quantity></Point><Point><position>7140</position><in_Quantity.quantity>0.000000</in_Quantity.quantity><out_Quantity.quantity>318.697523</out_Quantity.quantity></Point><Point><position>7141</position><in_Quantity.quantity>0.000000</in_Quantity.quantity><out_Quantity.quantity>331.400029</out_Quantity.quantity></Point><Point><position>7142</position><in_Quantity.quantity>0.000000</in_Quantity.quantity><out_Quantity.quantity>622.138890</out_Quantity.quantity></Point><Point><position>7143</position><in_Quantity.quantity>0.000000</in_Quantity.quantity><out_Quantity.quantity>40.866563</out_Quantity.quantity></Point><Point><position>7144</position><in_Quantity.quantity>0.000000</in_Quantity.quantity><out_Quantity.quantity>944.066186</out_Quantity.quantity></Point><Point><position>7145</position><in_Quantity.quantity>0.000000</in_Quantity.quantity><out_Quantity.quantity>561.255262</out_Quantity.quantity></Point><Point><position>7146</position><in_Quantity.quantity>0.000000</in_Quantity.quantity><out_Quantity.quantity>236.522219</out_Quantity.quantity></Point><Point><position>7147</position><in_Quantity.quantity>0.000000</in_Quantity.quantity><out_Quantity.quantity>442.105798</out_Quantity.quantity></Point><Point><position>7148</position><in_Quantity.quantity>0.000000</in_Quantity.quantity><out_Quantity.quantity>9.880159</out_Quantity.quantity></Point><Point><position>7149</position><in_Quantity.quantity>0.000000</in_Quantity.quantity><out_Quantity.quantity>950.664521</out_Quantity.quantity></Point><Point><position>7150</position><in_Quantity.quantity>0.000000</in_Quantity.quantity><out_Quantity.quantity>234.034843</out_Quantity.quantity></Point><Point><position>7151</position><in_Quantity.quantity>0.000000</in_Quantity.quantity><out_Quantity.quantity>849.480604</out_Quantity.quantity></Point><Point><position>7152</position><in_Quantity.quantity>0.000000</in_Quantity.quantity><out_Quantity.quantity>615.191892</out_Quantity.quantity></Point><Point><position>7153</position><in_Quantity.quantity>0.000000</in_Quantity.quantity><out_Quantity.quantity>30.633843</out_Quantity.quantity></Point><Point><position>7154</position><in_Quantity.quantity>0.000000</in_Quantity.quantity><out_Quantity.quantity>525.615562</out_Quantity.quantity></Point><Point><position>7155</position><in_Quantity.quantity>0.000000</in_Quantity.quantity><out_Quantity.quantity>291.490755</out_Quantity.quantity></Point><Point><position>7156</position><in_Quantity.quantity>0.000000</in_Quantity.quantity><out_Quantity.quantity>478.799266</out_Quantity.quantity></Point><Point><position>7157</position><in_Quantity.quantity>0.000000</in_Quantity.quantity><out_Quantity.quantity>655.915407</out_Quantity.quantity></Point><Point><position>7158</position><in_Quantity.quantity>0.000000</in_Quantity.quantity><out_Quantity.quantity>597.070136</out_Quantity.quantity></Point><Point><position>7159</position><in_Quantity.quantity>0.000000</in_Quantity.quantity><out_Quantity.quantity>704.134301</out_Quantity.quantity></Point><Point><position>7160</position><in_Quantity.quantity>0.000000</in_Quantity.quantity><out_Quantity.quantity>541.722168</out_Quantity.quantity></Point><Point><position>7161</position><in_Quantity.quantity>0.000000</in_Quantity.quantity><out_Quantity.quantity>544.225889</out_Quantity.quantity></Point><Point><position>7162</position><in_Quantity.quantity>0.000000</in_Quantity.quantity><out_Quantity.quantity>522.628777</out_Quantity.quantity></Point><Point><position>7163</position><in_Quantity.quantity>0.000000</in_Quantity.quantity><out_Quantity.quantity>40.819591</out_Quantity.quantity></Point><Point><position>7164</position><in_Quantity.quantity>0.000000</in_Quantity.quantity><out_Quantity.quantity>804.804699</out_Quantity.quantity></Point><Point><position>7165</position><in_Quantity.quantity>0.000000</in_Quantity.quantity><out_Quantity.quantity>350.125679</out_Quantity.quantity></Point><Point><position>7166</position><in_Quantity.quantity>0.000000</in_Quantity.quantity><out_Quantity.quantity>22.852870</out_Quantity.quantity></Point><Point><position>7167</position><in_Quantity.quantity>0.000000</in_Quantity.quantity><out_Quantity.quantity>14.070394</out_Quantity.quantity></Point><Point><position>7168</position><in_Quantity.quantity>0.000000</in_Quantity.quantity><out_Quantity.quantity>450.165486</out_Quantity.quantity></Point><Point><position>7169</position><in_Quantity.quantity>0.000000</in_Quantity.quantity><out_Quantity.quantity>704.741806</out_Quantity.quantity></Point><Point><position>7170</position><in_Quantity.quantity>0.000000</in_Quantity.quantity><out_Quantity.quantity>443.654280</out_Quantity.quantity></Point><Point><position>7171</position><in_Quantity.quantity>0.000000</in_Quantity.quantity><out_Quantity.quantity>981.711138</out_Quantity.quantity></Point><Point><position>7172</position><in_Quantity.quantity>0.000000</in_Quantity.quantity><out_Quantity.quantity>41.048349</out_Quantity.quantity></Point><Point><position>7173</position><in_Quantity.quantity>0.000000</in_Quantity.quantity><out_Quantity.quantity>551.887787</out_Quantity.quantity></Point><Point><position>7174</position><in_Quantity.quantity>0.000000</in_Quantity.quantity><out_Quantity.quantity>710.528216</out_Quantity.quantity></Point><Point><position>7175</position><in_Quantity.quantity>0.000000</in_Quantity.quantity><out_Quantity.quantity>581.414890</out_Quantity.quantity></Point><Point><position>7176</position><in_Quantity.quantity>0.000000</in_Quantity.quantity><out_Quantity.quantity>861.684869</out_Quantity.quantity></Point><Point><position>7177</position><in_Quantity.quantity>0.000000</in_Quantity.quantity><out_Quantity.quantity>124.696786</out_Quantity.quantity></Point><Point><position>7178</position><in_Quantity.quantity>0.000000</in_Quantity.quantity><out_Quantity.quantity>501.888696</out_Quantity.quantity></Point><Point><position>7179</position><in_Quantity.quantity>0.000000</in_Quantity.quantity><out_Quantity.quantity>670.888962</out_Quantity.quantity></Point><Point><position>7180</position><in_Quantity.quantity>0.000000</in_Quantity.quantity><out_Quantity.quantity>201.344115</out_Quantity.quantity></Point><Point><position>7181</position><in_Quantity.quantity>0.000000</in_Quantity.quantity><out_Quantity.quantity>449.836337</out_Quantity.quantity></Point><Point><position>7182</position><in_Quantity.quantity>0.000000</in_Quantity.quantity><out_Quantity.quantity>154.081359</out_Quantity.quantity></Point><Point><position>7183</position><in_Quantity.quantity>0.000000</in_Quantity.quantity><out_Quantity.quantity>681.897876</out_Quantity.quantity></Point><Point><position>7184</position><in_Quantity.quantity>0.000000</in_Quantity.quantity><out_Quantity.quantity>472.170763</out_Quantity.quantity></Point><Point><position>7185</position><in_Quantity.quantity>0.000000</in_Quantity.quantity><out_Quantity.quantity>921.182181</out_Quantity.quantity></Point><Point><position>7186</position><in_Quantity.quantity>0.000000</in_Quantity.quantity><out_Quantity.quantity>557.332339</out_Quantity.quantity></Point><Point><position>7187</position><in_Quantity.quantity>0.000000</in_Quantity.quantity><out_Quantity.quantity>994.646311</out_Quantity.quantity></Point><Point><position>7188</position><in_Quantity.quantity>0.000000</in_Quantity.quantity><out_Quantity.quantity>593.183217</out_Quantity.quantity></Point><Point><position>7189</position><in_Quantity.quantity>0.000000</in_Quantity.quantity><out_Quantity.quantity>304.821516</out_Quantity.quantity></Point><Point><position>7190</position><in_Quantity.quantity>0.000000</in_Quantity.quantity><out_Quantity.quantity>71.542722</out_Quantity.quantity></Point><Point><position>7191</position><in_Quantity.quantity>0.000000</in_Quantity.quantity><out_Quantity.quantity>59.124435</out_Quantity.quantity></Point><Point><position>7192</position><in_Quantity.quantity>0.000000</in_Quantity.quantity><out_Quantity.quantity>379.511306</out_Quantity.quantity></Point><Point><position>7193</position><in_Quantity.quantity>0.000000</in_Quantity.quantity><out_Quantity.quantity>861.732867</out_Quantity.quantity></Point><Point><position>7194</position><in_Quantity.quantity>0.000000</in_Quantity.quantity><out_Quantity.quantity>985.800278</out_Quantity.quantity></Point><Point><position>7195</position><in_Quantity.quantity>0.000000</in_Quantity.quantity><out_Quantity.quantity>619.001354</out_Quantity.quantity></Point><Point><position>7196</position><in_Quantity.quantity>0.000000</in_Quantity.quantity><out_Quantity.quantity>245.172639</out_Quantity.quantity></Point><Point><position>7197</position><in_Quantity.quantity>0.000000</in_Quantity.quantity><out_Quantity.quantity>15.494748</out_Quantity.quantity></Point><Point><position>7198</position><in_Quantity.quantity>0.000000</in_Quantity.quantity><out_Quantity.quantity>475.464753</out_Quantity.quantity></Point><Point><position>7199</position><in_Quantity.quantity>0.000000</in_Quantity.quantity><out_Quantity.quantity>227.962285</out_Quantity.quantity></Point><Point><position>7200</position><in_Quantity.quantity>0.000000</in_Quantity.quantity><out_Quantity.quantity>993.553292</out_Quantity.quantity></Point><Point><position>7201</position><in_Quantity.quantity>0.000000</in_Quantity.quantity><out_Quantity.quantity>815.837379</out_Quantity.quantity></Point><Point><position>7202</position><in_Quantity.quantity>0.000000</in_Quantity.quantity><out_Quantity.quantity>37.035125</out_Quantity.quantity></Point><Point><position>7203</position><in_Quantity.quantity>0.000000</in_Quantity.quantity><out_Quantity.quantity>937.737641</out_Quantity.quantity></Point><Point><position>7204</position><in_Quantity.quantity>0.000000</in_Quantity.quantity><out_Quantity.quantity>880.083701</out_Quantity.quantity></Point><Point><position>7205</position><in_Quantity.quantity>0.000000</in_Quantity.quantity><out_Quantity.quantity>183.925087</out_Quantity.quantity></Point><Point><position>7206</position><in_Quantity.quantity>0.000000</in_Quantity.quantity><out_Quantity.quantity>844.133149</out_Quantity.quantity></Point><Point><position>7207</position><in_Quantity.quantity>0.000000</in_Quantity.quantity><out_Quantity.quantity>94.806313</out_Quantity.quantity></Point><Point><position>7208</position><in_Quantity.quantity>0.000000</in_Quantity.quantity><out_Quantity.quantity>662.697916</out_Quantity.quantity></Point><Point><position>7209</position><in_Quantity.quantity>0.000000</in_Quantity.quantity><out_Quantity.quantity>585.680310</out_Quantity.quantity></Point><Point><position>7210</position><in_Quantity.quantity>0.000000</in_Quantity.quantity><out_Quantity.quantity>951.087925</out_Quantity.quantity></Point><Point><position>7211</position><in_Quantity.quantity>0.000000</in_Quantity.quantity><out_Quantity.quantity>361.835406</out_Quantity.quantity></Point><Point><position>7212</position><in_Quantity.quantity>0.000000</in_Quantity.quantity><out_Quantity.quantity>381.945601</out_Quantity.quantity></Point><Point><position>7213</position><in_Quantity.quantity>0.000000</in_Quantity.quantity><out_Quantity.quantity>269.656606</out_Quantity.quantity></Point><Point><position>7214</position><in_Quantity.quantity>0.000000</in_Quantity.quantity><out_Quantity.quantity>247.587055</out_Quantity.quantity></Point><Point><position>7215</position><in_Quantity.quantity>0.000000</in_Quantity.quantity><out_Quantity.quantity>88.572900</out_Quantity.quantity></Point><Point><position>7216</position><in_Quantity.quantity>0.000000</in_Quantity.quantity><out_Quantity.quantity>470.086993</out_Quantity.quantity></Point><Point><position>7217</position><in_Quantity.quantity>0.000000</in_Quantity.quantity><out_Quantity.quantity>578.773119</out_Quantity.quantity></Point><Point><position>7218</position><in_Quantity.quantity>0.000000</in_Quantity.quantity><out_Quantity.quantity>409.890674</out_Quantity.quantity></Point><Point><position>7219</position><in_Quantity.quantity>0.000000</in_Quantity.quantity><out_Quantity.quantity>47.616672</out_Quantity.quantity></Point><Point><position>7220</position><in_Quantity.quantity>0.000000</in_Quantity.quantity><out_Quantity.quantity>7.338323</out_Quantity.quantity></Point><Point><position>7221</position><in_Quantity.quantity>0.000000</in_Quantity.quantity><out_Quantity.quantity>549.530528</out_Quantity.quantity></Point><Point><position>7222</position><in_Quantity.quantity>0.000000</in_Quantity.quantity><out_Quantity.quantity>787.527427</out_Quantity.quantity></Point><Point><position>7223</position><in_Quantity.quantity>0.000000</in_Quantity.quantity><out_Quantity.quantity>767.757963</out_Quantity.quantity></Point><Point><position>7224</position><in_Quantity.quantity>0.000000</in_Quantity.quantity><out_Quantity.quantity>562.180389</out_Quantity.quantity></Point><Point><position>7225</position><in_Quantity.quantity>0.000000</in_Quantity.quantity><out_Quantity.quantity>532.963919</out_Quantity.quantity></Point><Point><position>7226</position><in_Quantity.quantity>0.000000</in_Quantity.quantity><out_Quantity.quantity>970.859712</out_Quantity.quantity></Point><Point><position>7227</position><in_Quantity.quantity>0.000000</in_Quantity.quantity><out_Quantity.quantity>950.672147</out_Quantity.quantity></Point><Point><position>7228</position><in_Quantity.quantity>0.000000</in_Quantity.quantity><out_Quantity.quantity>452.501500</out_Quantity.quantity></Point><Point><position>7229</position><in_Quantity.quantity>0.000000</in_Quantity.quantity><out_Quantity.quantity>571.853112</out_Quantity.quantity></Point><Point><position>7230</position><in_Quantity.quantity>0.000000</in_Quantity.quantity><out_Quantity.quantity>359.663816</out_Quantity.quantity></Point><Point><position>7231</position><in_Quantity.quantity>0.000000</in_Quantity.quantity><out_Quantity.quantity>836.611256</out_Quantity.quantity></Point><Point><position>7232</position><in_Quantity.quantity>0.000000</in_Quantity.quantity><out_Quantity.quantity>629.962239</out_Quantity.quantity></Point><Point><position>7233</position><in_Quantity.quantity>0.000000</in_Quantity.quantity><out_Quantity.quantity>497.570193</out_Quantity.quantity></Point><Point><position>7234</position><in_Quantity.quantity>0.000000</in_Quantity.quantity><out_Quantity.quantity>653.755650</out_Quantity.quantity></Point><Point><position>7235</position><in_Quantity.quantity>0.000000</in_Quantity.quantity><out_Quantity.quantity>461.900322</out_Quantity.quantity></Point><Point><position>7236</position><in_Quantity.quantity>0.000000</in_Quantity.quantity><out_Quantity.quantity>216.566990</out_Quantity.quantity></Point><Point><position>7237</position><in_Quantity.quantity>0.000000</in_Quantity.quantity><out_Quantity.quantity>479.676061</out_Quantity.quantity></Point><Point><position>7238</position><in_Quantity.quantity>0.000000</in_Quantity.quantity><out_Quantity.quantity>671.459371</out_Quantity.quantity></Point><Point><position>7239</position><in_Quantity.quantity>0.000000</in_Quantity.quantity><out_Quantity.quantity>831.802774</out_Quantity.quantity></Point><Point><position>7240</position><in_Quantity.quantity>0.000000</in_Quantity.quantity><out_Quantity.quantity>847.331297</out_Quantity.quantity></Point><Point><position>7241</position><in_Quantity.quantity>0.000000</in_Quantity.quantity><out_Quantity.quantity>416.517003</out_Quantity.quantity></Point><Point><position>7242</position><in_Quantity.quantity>0.000000</in_Quantity.quantity><out_Quantity.quantity>459.516414</out_Quantity.quantity></Point><Point><position>7243</position><in_Quantity.quantity>0.000000</in_Quantity.quantity><out_Quantity.quantity>810.019140</out_Quantity.quantity></Point><Point><position>7244</position><in_Quantity.quantity>0.000000</in_Quantity.quantity><out_Quantity.quantity>616.854575</out_Quantity.quantity></Point><Point><position>7245</position><in_Quantity.quantity>0.000000</in_Quantity.quantity><out_Quantity.quantity>680.212039</out_Quantity.quantity></Point><Point><position>7246</position><in_Quantity.quantity>0.000000</in_Quantity.quantity><out_Quantity.quantity>521.744828</out_Quantity.quantity></Point><Point><position>7247</position><in_Quantity.quantity>0.000000</in_Quantity.quantity><out_Quantity.quantity>886.555895</out_Quantity.quantity></Point><Point><position>7248</position><in_Quantity.quantity>0.000000</in_Quantity.quantity><out_Quantity.quantity>135.839764</out_Quantity.quantity></Point><Point><position>7249</position><in_Quantity.quantity>0.000000</in_Quantity.quantity><out_Quantity.quantity>352.592706</out_Quantity.quantity></Point><Point><position>7250</position><in_Quantity.quantity>0.000000</in_Quantity.quantity><out_Quantity.quantity>158.133823</out_Quantity.quantity></Point><Point><position>7251</position><in_Quantity.quantity>0.000000</in_Quantity.quantity><out_Quantity.quantity>477.065746</out_Quantity.quantity></Point><Point><position>7252</position><in_Quantity.quantity>0.000000</in_Quantity.quantity><out_Quantity.quantity>757.357985</out_Quantity.quantity></Point><Point><position>7253</position><in_Quantity.quantity>0.000000</in_Quantity.quantity><out_Quantity.quantity>563.428588</out_Quantity.quantity></Point><Point><position>7254</position><in_Quantity.quantity>0.000000</in_Quantity.quantity><out_Quantity.quantity>10.009617</out_Quantity.quantity></Point><Point><position>7255</position><in_Quantity.quantity>0.000000</in_Quantity.quantity><out_Quantity.quantity>931.328659</out_Quantity.quantity></Point><Point><position>7256</position><in_Quantity.quantity>0.000000</in_Quantity.quantity><out_Quantity.quantity>367.548319</out_Quantity.quantity></Point><Point><position>7257</position><in_Quantity.quantity>0.000000</in_Quantity.quantity><out_Quantity.quantity>84.885882</out_Quantity.quantity></Point><Point><position>7258</position><in_Quantity.quantity>0.000000</in_Quantity.quantity><out_Quantity.quantity>308.718002</out_Quantity.quantity></Point><Point><position>7259</position><in_Quantity.quantity>0.000000</in_Quantity.quantity><out_Quantity.quantity>865.044412</out_Quantity.quantity></Point><Point><position>7260</position><in_Quantity.quantity>0.000000</in_Quantity.quantity><out_Quantity.quantity>398.940407</out_Quantity.quantity></Point><Point><position>7261</position><in_Quantity.quantity>0.000000</in_Quantity.quantity><out_Quantity.quantity>7.190864</out_Quantity.quantity></Point><Point><position>7262</position><in_Quantity.quantity>0.000000</in_Quantity.quantity><out_Quantity.quantity>383.624357</out_Quantity.quantity></Point><Point><position>7263</position><in_Quantity.quantity>0.000000</in_Quantity.quantity><out_Quantity.quantity>316.524344</out_Quantity.quantity></Point><Point><position>7264</position><in_Quantity.quantity>0.000000</in_Quantity.quantity><out_Quantity.quantity>312.428404</out_Quantity.quantity></Point><Point><position>7265</position><in_Quantity.quantity>0.000000</in_Quantity.quantity><out_Quantity.quantity>177.485815</out_Quantity.quantity></Point><Point><position>7266</position><in_Quantity.quantity>0.000000</in_Quantity.quantity><out_Quantity.quantity>987.410236</out_Quantity.quantity></Point><Point><position>7267</position><in_Quantity.quantity>0.000000</in_Quantity.quantity><out_Quantity.quantity>480.407126</out_Quantity.quantity></Point><Point><position>7268</position><in_Quantity.quantity>0.000000</in_Quantity.quantity><out_Quantity.quantity>464.792081</out_Quantity.quantity></Point><Point><position>7269</position><in_Quantity.quantity>0.000000</in_Quantity.quantity><out_Quantity.quantity>540.525179</out_Quantity.quantity></Point><Point><position>7270</position><in_Quantity.quantity>0.000000</in_Quantity.quantity><out_Quantity.quantity>184.135802</out_Quantity.quantity></Point><Point><position>7271</position><in_Quantity.quantity>0.000000</in_Quantity.quantity><out_Quantity.quantity>823.530228</out_Quantity.quantity></Point><Point><position>7272</position><in_Quantity.quantity>0.000000</in_Quantity.quantity><out_Quantity.quantity>10.017070</out_Quantity.quantity></Point><Point><position>7273</position><in_Quantity.quantity>0.000000</in_Quantity.quantity><out_Quantity.quantity>21.307473</out_Quantity.quantity></Point><Point><position>7274</position><in_Quantity.quantity>0.000000</in_Quantity.quantity><out_Quantity.quantity>52.538391</out_Quantity.quantity></Point><Point><position>7275</position><in_Quantity.quantity>0.000000</in_Quantity.quantity><out_Quantity.quantity>446.096532</out_Quantity.quantity></Point><Point><position>7276</position><in_Quantity.quantity>0.000000</in_Quantity.quantity><out_Quantity.quantity>162.031459</out_Quantity.quantity></Point><Point><position>7277</position><in_Quantity.quantity>0.000000</in_Quantity.quantity><out_Quantity.quantity>93.413055</out_Quantity.quantity></Point><Point><position>7278</position><in_Quantity.quantity>0.000000</in_Quantity.quantity><out_Quantity.quantity>521.108943</out_Quantity.quantity></Point><Point><position>7279</position><in_Quantity.quantity>0.000000</in_Quantity.quantity><out_Quantity.quantity>240.779883</out_Quantity.quantity></Point><Point><position>7280</position><in_Quantity.quantity>0.000000</in_Quantity.quantity><out_Quantity.quantity>791.117760</out_Quantity.quantity></Point><Point><position>7281</position><in_Quantity.quantity>0.000000</in_Quantity.quantity><out_Quantity.quantity>130.061183</out_Quantity.quantity></Point><Point><position>7282</position><in_Quantity.quantity>0.000000</in_Quantity.quantity><out_Quantity.quantity>293.791127</out_Quantity.quantity></Point><Point><position>7283</position><in_Quantity.quantity>0.000000</in_Quantity.quantity><out_Quantity.quantity>638.150822</out_Quantity.quantity></Point><Point><position>7284</position><in_Quantity.quantity>0.000000</in_Quantity.quantity><out_Quantity.quantity>152.726571</out_Quantity.quantity></Point><Point><position>7285</position><in_Quantity.quantity>0.000000</in_Quantity.quantity><out_Quantity.quantity>778.167559</out_Quantity.quantity></Point><Point><position>7286</position><in_Quantity.quantity>0.000000</in_Quantity.quantity><out_Quantity.quantity>536.977059</out_Quantity.quantity></Point><Point><position>7287</position><in_Quantity.quantity>0.000000</in_Quantity.quantity><out_Quantity.quantity>105.833372</out_Quantity.quantity></Point><Point><position>7288</position><in_Quantity.quantity>0.000000</in_Quantity.quantity><out_Quantity.quantity>325.720963</out_Quantity.quantity></Point><Point><position>7289</position><in_Quantity.quantity>0.000000</in_Quantity.quantity><out_Quantity.quantity>812.525447</out_Quantity.quantity></Point><Point><position>7290</position><in_Quantity.quantity>0.000000</in_Quantity.quantity><out_Quantity.quantity>436.162408</out_Quantity.quantity></Point><Point><position>7291</position><in_Quantity.quantity>0.000000</in_Quantity.quantity><out_Quantity.quantity>258.509885</out_Quantity.quantity></Point><Point><position>7292</position><in_Quantity.quantity>0.000000</in_Quantity.quantity><out_Quantity.quantity>67.912927</out_Quantity.quantity></Point><Point><position>7293</position><in_Quantity.quantity>0.000000</in_Quantity.quantity><out_Quantity.quantity>609.820875</out_Quantity.quantity></Point><Point><position>7294</position><in_Quantity.quantity>0.000000</in_Quantity.quantity><out_Quantity.quantity>826.800340</out_Quantity.quantity></Point><Point><position>7295</position><in_Quantity.quantity>0.000000</in_Quantity.quantity><out_Quantity.quantity>575.971044</out_Quantity.quantity></Point><Point><position>7296</position><in_Quantity.quantity>0.000000</in_Quantity.quantity><out_Quantity.quantity>379.338064</out_Quantity.quantity></Point><Point><position>7297</position><in_Quantity.quantity>0.000000</in_Quantity.quantity><out_Quantity.quantity>830.132605</out_Quantity.quantity></Point><Point><position>7298</position><in_Quantity.quantity>0.000000</in_Quantity.quantity><out_Quantity.quantity>245.758387</out_Quantity.quantity></Point><Point><position>7299</position><in_Quantity.quantity>0.000000</in_Quantity.quantity><out_Quantity.quantity>999.703003</out_Quantity.quantity></Point><Point><position>7300</position><in_Quantity.quantity>0.000000</in_Quantity.quantity><out_Quantity.quantity>651.147710</out_Quantity.quantity></Point><Point><position>7301</position><in_Quantity.quantity>0.000000</in_Quantity.quantity><out_Quantity.quantity>903.572606</out_Quantity.quantity></Point><Point><position>7302</position><in_Quantity.quantity>0.000000</in_Quantity.quantity><out_Quantity.quantity>373.234248</out_Quantity.quantity></Point><Point><position>7303</position><in_Quantity.quantity>0.000000</in_Quantity.quantity><out_Quantity.quantity>911.869388</out_Quantity.quantity></Point><Point><position>7304</position><in_Quantity.quantity>0.000000</in_Quantity.quantity><out_Quantity.quantity>275.139647</out_Quantity.quantity></Point><Point><position>7305</position><in_Quantity.quantity>0.000000</in_Quantity.quantity><out_Quantity.quantity>412.542355</out_Quantity.quantity></Point><Point><position>7306</position><in_Quantity.quantity>0.000000</in_Quantity.quantity><out_Quantity.quantity>974.897288</out_Quantity.quantity></Point><Point><position>7307</position><in_Quantity.quantity>0.000000</in_Quantity.quantity><out_Quantity.quantity>120.369916</out_Quantity.quantity></Point><Point><position>7308</position><in_Quantity.quantity>0.000000</in_Quantity.quantity><out_Quantity.quantity>148.972480</out_Quantity.quantity></Point><Point><position>7309</position><in_Quantity.quantity>0.000000</in_Quantity.quantity><out_Quantity.quantity>552.341306</out_Quantity.quantity></Point><Point><position>7310</position><in_Quantity.quantity>0.000000</in_Quantity.quantity><out_Quantity.quantity>675.159814</out_Quantity.quantity></Point><Point><position>7311</position><in_Quantity.quantity>0.000000</in_Quantity.quantity><out_Quantity.quantity>583.071417</out_Quantity.quantity></Point><Point><position>7312</position><in_Quantity.quantity>0.000000</in_Quantity.quantity><out_Quantity.quantity>664.635799</out_Quantity.quantity></Point><Point><position>7313</position><in_Quantity.quantity>0.000000</in_Quantity.quantity><out_Quantity.quantity>155.324028</out_Quantity.quantity></Point><Point><position>7314</position><in_Quantity.quantity>0.000000</in_Quantity.quantity><out_Quantity.quantity>549.212760</out_Quantity.quantity></Point><Point><position>7315</position><in_Quantity.quantity>0.000000</in_Quantity.quantity><out_Quantity.quantity>547.645535</out_Quantity.quantity></Point><Point><position>7316</position><in_Quantity.quantity>0.000000</in_Quantity.quantity><out_Quantity.quantity>294.134419</out_Quantity.quantity></Point><Point><position>7317</position><in_Quantity.quantity>0.000000</in_Quantity.quantity><out_Quantity.quantity>15.596304</out_Quantity.quantity></Point><Point><position>7318</position><in_Quantity.quantity>0.000000</in_Quantity.quantity><out_Quantity.quantity>713.651464</out_Quantity.quantity></Point><Point><position>7319</position><in_Quantity.quantity>0.000000</in_Quantity.quantity><out_Quantity.quantity>618.403770</out_Quantity.quantity></Point><Point><position>7320</position><in_Quantity.quantity>0.000000</in_Quantity.quantity><out_Quantity.quantity>268.319204</out_Quantity.quantity></Point><Point><position>7321</position><in_Quantity.quantity>0.000000</in_Quantity.quantity><out_Quantity.quantity>218.229068</out_Quantity.quantity></Point><Point><position>7322</position><in_Quantity.quantity>0.000000</in_Quantity.quantity><out_Quantity.quantity>759.850896</out_Quantity.quantity></Point><Point><position>7323</position><in_Quantity.quantity>0.000000</in_Quantity.quantity><out_Quantity.quantity>640.630767</out_Quantity.quantity></Point><Point><position>7324</position><in_Quantity.quantity>0.000000</in_Quantity.quantity><out_Quantity.quantity>819.250623</out_Quantity.quantity></Point><Point><position>7325</position><in_Quantity.quantity>0.000000</in_Quantity.quantity><out_Quantity.quantity>720.601255</out_Quantity.quantity></Point><Point><position>7326</position><in_Quantity.quantity>0.000000</in_Quantity.quantity><out_Quantity.quantity>95.417935</out_Quantity.quantity></Point><Point><position>7327</position><in_Quantity.quantity>0.000000</in_Quantity.quantity><out_Quantity.quantity>206.750433</out_Quantity.quantity></Point><Point><position>7328</position><in_Quantity.quantity>0.000000</in_Quantity.quantity><out_Quantity.quantity>32.118531</out_Quantity.quantity></Point><Point><position>7329</position><in_Quantity.quantity>0.000000</in_Quantity.quantity><out_Quantity.quantity>980.032064</out_Quantity.quantity></Point><Point><position>7330</position><in_Quantity.quantity>0.000000</in_Quantity.quantity><out_Quantity.quantity>50.669743</out_Quantity.quantity></Point><Point><position>7331</position><in_Quantity.quantity>0.000000</in_Quantity.quantity><out_Quantity.quantity>844.834556</out_Quantity.quantity></Point><Point><position>7332</position><in_Quantity.quantity>0.000000</in_Quantity.quantity><out_Quantity.quantity>344.342615</out_Quantity.quantity></Point><Point><position>7333</position><in_Quantity.quantity>0.000000</in_Quantity.quantity><out_Quantity.quantity>259.330100</out_Quantity.quantity></Point><Point><position>7334</position><in_Quantity.quantity>0.000000</in_Quantity.quantity><out_Quantity.quantity>156.935912</out_Quantity.quantity></Point><Point><position>7335</position><in_Quantity.quantity>0.000000</in_Quantity.quantity><out_Quantity.quantity>304.571877</out_Quantity.quantity></Point><Point><position>7336</position><in_Quantity.quantity>0.000000</in_Quantity.quantity><out_Quantity.quantity>175.493354</out_Quantity.quantity></Point><Point><position>7337</position><in_Quantity.quantity>0.000000</in_Quantity.quantity><out_Quantity.quantity>638.749539</out_Quantity.quantity></Point><Point><position>7338</position><in_Quantity.quantity>0.000000</in_Quantity.quantity><out_Quantity.quantity>741.858572</out_Quantity.quantity></Point><Point><position>7339</position><in_Quantity.quantity>0.000000</in_Quantity.quantity><out_Quantity.quantity>477.610023</out_Quantity.quantity></Point><Point><position>7340</position><in_Quantity.quantity>0.000000</in_Quantity.quantity><out_Quantity.quantity>754.286298</out_Quantity.quantity></Point><Point><position>7341</position><in_Quantity.quantity>0.000000</in_Quantity.quantity><out_Quantity.quantity>268.054615</out_Quantity.quantity></Point><Point><position>7342</position><in_Quantity.quantity>0.000000</in_Quantity.quantity><out_Quantity.quantity>794.204866</out_Quantity.quantity></Point><Point><position>7343</position><in_Quantity.quantity>0.000000</in_Quantity.quantity><out_Quantity.quantity>169.020596</out_Quantity.quantity></Point><Point><position>7344</position><in_Quantity.quantity>0.000000</in_Quantity.quantity><out_Quantity.quantity>701.035194</out_Quantity.quantity></Point><Point><position>7345</position><in_Quantity.quantity>0.000000</in_Quantity.quantity><out_Quantity.quantity>841.627855</out_Quantity.quantity></Point><Point><position>7346</position><in_Quantity.quantity>0.000000</in_Quantity.quantity><out_Quantity.quantity>78.623162</out_Quantity.quantity></Point><Point><position>7347</position><in_Quantity.quantity>0.000000</in_Quantity.quantity><out_Quantity.quantity>986.669101</out_Quantity.quantity></Point><Point><position>7348</position><in_Quantity.quantity>0.000000</in_Quantity.quantity><out_Quantity.quantity>874.620962</out_Quantity.quantity></Point><Point><position>7349</position><in_Quantity.quantity>0.000000</in_Quantity.quantity><out_Quantity.quantity>481.985237</out_Quantity.quantity></Point><Point><position>7350</position><in_Quantity.quantity>0.000000</in_Quantity.quantity><out_Quantity.quantity>521.503991</out_Quantity.quantity></Point><Point><position>7351</position><in_Quantity.quantity>0.000000</in_Quantity.quantity><out_Quantity.quantity>693.513598</out_Quantity.quantity></Point><Point><position>7352</position><in_Quantity.quantity>0.000000</in_Quantity.quantity><out_Quantity.quantity>609.448991</out_Quantity.quantity></Point><Point><position>7353</position><in_Quantity.quantity>0.000000</in_Quantity.quantity><out_Quantity.quantity>228.170381</out_Quantity.quantity></Point><Point><position>7354</position><in_Quantity.quantity>0.000000</in_Quantity.quantity><out_Quantity.quantity>821.259187</out_Quantity.quantity></Point><Point><position>7355</position><in_Quantity.quantity>0.000000</in_Quantity.quantity><out_Quantity.quantity>86.087169</out_Quantity.quantity></Point><Point><position>7356</position><in_Quantity.quantity>0.000000</in_Quantity.quantity><out_Quantity.quantity>253.978750</out_Quantity.quantity></Point><Point><position>7357</position><in_Quantity.quantity>0.000000</in_Quantity.quantity><out_Quantity.quantity>567.970650</out_Quantity.quantity></Point><Point><position>7358</position><in_Quantity.quantity>0.000000</in_Quantity.quantity><out_Quantity.quantity>313.658383</out_Quantity.quantity></Point><Point><position>7359</position><in_Quantity.quantity>0.000000</in_Quantity.quantity><out_Quantity.quantity>649.702137</out_Quantity.quantity></Point><Point><position>7360</position><in_Quantity.quantity>0.000000</in_Quantity.quantity><out_Quantity.quantity>924.533450</out_Quantity.quantity></Point><Point><position>7361</position><in_Quantity.quantity>0.000000</in_Quantity.quantity><out_Quantity.quantity>662.169315</out_Quantity.quantity></Point><Point><position>7362</position><in_Quantity.quantity>0.000000</in_Quantity.quantity><out_Quantity.quantity>411.551613</out_Quantity.quantity></Point><Point><position>7363</position><in_Quantity.quantity>0.000000</in_Quantity.quantity><out_Quantity.quantity>66.042924</out_Quantity.quantity></Point><Point><position>7364</position><in_Quantity.quantity>0.000000</in_Quantity.quantity><out_Quantity.quantity>705.773001</out_Quantity.quantity></Point><Point><position>7365</position><in_Quantity.quantity>0.000000</in_Quantity.quantity><out_Quantity.quantity>74.491886</out_Quantity.quantity></Point><Point><position>7366</position><in_Quantity.quantity>0.000000</in_Quantity.quantity><out_Quantity.quantity>508.438200</out_Quantity.quantity></Point><Point><position>7367</position><in_Quantity.quantity>0.000000</in_Quantity.quantity><out_Quantity.quantity>150.704809</out_Quantity.quantity></Point><Point><position>7368</position><in_Quantity.quantity>0.000000</in_Quantity.quantity><out_Quantity.quantity>435.362634</out_Quantity.quantity></Point><Point><position>7369</position><in_Quantity.quantity>0.000000</in_Quantity.quantity><out_Quantity.quantity>872.298537</out_Quantity.quantity></Point><Point><position>7370</position><in_Quantity.quantity>0.000000</in_Quantity.quantity><out_Quantity.quantity>81.312206</out_Quantity.quantity></Point><Point><position>7371</position><in_Quantity.quantity>0.000000</in_Quantity.quantity><out_Quantity.quantity>208.188071</out_Quantity.quantity></Point><Point><position>7372</position><in_Quantity.quantity>0.000000</in_Quantity.quantity><out_Quantity.quantity>452.866266</out_Quantity.quantity></Point><Point><position>7373</position><in_Quantity.quantity>0.000000</in_Quantity.quantity><out_Quantity.quantity>152.234367</out_Quantity.quantity></Point><Point><position>7374</position><in_Quantity.quantity>0.000000</in_Quantity.quantity><out_Quantity.quantity>670.435620</out_Quantity.quantity></Point><Point><position>7375</position><in_Quantity.quantity>0.000000</in_Quantity.quantity><out_Quantity.quantity>181.539968</out_Quantity.quantity></Point><Point><position>7376</position><in_Quantity.quantity>0.000000</in_Quantity.quantity><out_Quantity.quantity>594.885151</out_Quantity.quantity></Point><Point><position>7377</position><in_Quantity.quantity>0.000000</in_Quantity.quantity><out_Quantity.quantity>147.086310</out_Quantity.quantity></Point><Point><position>7378</position><in_Quantity.quantity>0.000000</in_Quantity.quantity><out_Quantity.quantity>383.485781</out_Quantity.quantity></Point><Point><position>7379</position><in_Quantity.quantity>0.000000</in_Quantity.quantity><out_Quantity.quantity>306.125780</out_Quantity.quantity></Point><Point><position>7380</position><in_Quantity.quantity>0.000000</in_Quantity.quantity><out_Quantity.quantity>191.745056</out_Quantity.quantity></Point><Point><position>7381</position><in_Quantity.quantity>0.000000</in_Quantity.quantity><out_Quantity.quantity>770.478984</out_Quantity.quantity></Point><Point><position>7382</position><in_Quantity.quantity>0.000000</in_Quantity.quantity><out_Quantity.quantity>151.349515</out_Quantity.quantity></Point><Point><position>7383</position><in_Quantity.quantity>0.000000</in_Quantity.quantity><out_Quantity.quantity>731.388224</out_Quantity.quantity></Point><Point><position>7384</position><in_Quantity.quantity>0.000000</in_Quantity.quantity><out_Quantity.quantity>680.554107</out_Quantity.quantity></Point><Point><position>7385</position><in_Quantity.quantity>0.000000</in_Quantity.quantity><out_Quantity.quantity>388.459949</out_Quantity.quantity></Point><Point><position>7386</position><in_Quantity.quantity>0.000000</in_Quantity.quantity><out_Quantity.quantity>181.516953</out_Quantity.quantity></Point><Point><position>7387</position><in_Quantity.quantity>0.000000</in_Quantity.quantity><out_Quantity.quantity>51.932107</out_Quantity.quantity></Point><Point><position>7388</position><in_Quantity.quantity>0.000000</in_Quantity.quantity><out_Quantity.quantity>306.698129</out_Quantity.quantity></Point><Point><position>7389</position><in_Quantity.quantity>0.000000</in_Quantity.quantity><out_Quantity.quantity>829.112261</out_Quantity.quantity></Point><Point><position>7390</position><in_Quantity.quantity>0.000000</in_Quantity.quantity><out_Quantity.quantity>350.767204</out_Quantity.quantity></Point><Point><position>7391</position><in_Quantity.quantity>0.000000</in_Quantity.quantity><out_Quantity.quantity>425.890424</out_Quantity.quantity></Point><Point><position>7392</position><in_Quantity.quantity>0.000000</in_Quantity.quantity><out_Quantity.quantity>914.941480</out_Quantity.quantity></Point><Point><position>7393</position><in_Quantity.quantity>0.000000</in_Quantity.quantity><out_Quantity.quantity>611.027676</out_Quantity.quantity></Point><Point><position>7394</position><in_Quantity.quantity>0.000000</in_Quantity.quantity><out_Quantity.quantity>722.075474</out_Quantity.quantity></Point><Point><position>7395</position><in_Quantity.quantity>0.000000</in_Quantity.quantity><out_Quantity.quantity>380.548398</out_Quantity.quantity></Point><Point><position>7396</position><in_Quantity.quantity>0.000000</in_Quantity.quantity><out_Quantity.quantity>16.997538</out_Quantity.quantity></Point><Point><position>7397</position><in_Quantity.quantity>0.000000</in_Quantity.quantity><out_Quantity.quantity>68.246976</out_Quantity.quantity></Point><Point><position>7398</position><in_Quantity.quantity>0.000000</in_Quantity.quantity><out_Quantity.quantity>745.875544</out_Quantity.quantity></Point><Point><position>7399</position><in_Quantity.quantity>0.000000</in_Quantity.quantity><out_Quantity.quantity>350.923679</out_Quantity.quantity></Point><Point><position>7400</position><in_Quantity.quantity>0.000000</in_Quantity.quantity><out_Quantity.quantity>924.342492</out_Quantity.quantity></Point><Point><position>7401</position><in_Quantity.quantity>0.000000</in_Quantity.quantity><out_Quantity.quantity>362.559873</out_Quantity.quantity></Point><Point><position>7402</position><in_Quantity.quantity>0.000000</in_Quantity.quantity><out_Quantity.quantity>861.456619</out_Quantity.quantity></Point><Point><position>7403</position><in_Quantity.quantity>0.000000</in_Quantity.quantity><out_Quantity.quantity>28.802957</out_Quantity.quantity></Point><Point><position>7404</position><in_Quantity.quantity>0.000000</in_Quantity.quantity><out_Quantity.quantity>139.969862</out_Quantity.quantity></Point><Point><position>7405</position><in_Quantity.quantity>0.000000</in_Quantity.quantity><out_Quantity.quantity>33.692809</out_Quantity.quantity></Point><Point><position>7406</position><in_Quantity.quantity>0.000000</in_Quantity.quantity><out_Quantity.quantity>496.372738</out_Quantity.quantity></Point><Point><position>7407</position><in_Quantity.quantity>0.000000</in_Quantity.quantity><out_Quantity.quantity>592.735252</out_Quantity.quantity></Point><Point><position>7408</position><in_Quantity.quantity>0.000000</in_Quantity.quantity><out_Quantity.quantity>951.911496</out_Quantity.quantity></Point><Point><position>7409</position><in_Quantity.quantity>0.000000</in_Quantity.quantity><out_Quantity.quantity>535.813757</out_Quantity.quantity></Point><Point><position>7410</position><in_Quantity.quantity>0.000000</in_Quantity.quantity><out_Quantity.quantity>764.761968</out_Quantity.quantity></Point><Point><position>7411</position><in_Quantity.quantity>0.000000</in_Quantity.quantity><out_Quantity.quantity>3.281292</out_Quantity.quantity></Point><Point><position>7412</position><in_Quantity.quantity>0.000000</in_Quantity.quantity><out_Quantity.quantity>273.709545</out_Quantity.quantity></Point><Point><position>7413</position><in_Quantity.quantity>0.000000</in_Quantity.quantity><out_Quantity.quantity>857.534655</out_Quantity.quantity></Point><Point><position>7414</position><in_Quantity.quantity>0.000000</in_Quantity.quantity><out_Quantity.quantity>927.965191</out_Quantity.quantity></Point><Point><position>7415</position><in_Quantity.quantity>0.000000</in_Quantity.quantity><out_Quantity.quantity>663.141566</out_Quantity.quantity></Point><Point><position>7416</position><in_Quantity.quantity>0.000000</in_Quantity.quantity><out_Quantity.quantity>429.229455</out_Quantity.quantity></Point><Point><position>7417</position><in_Quantity.quantity>0.000000</in_Quantity.quantity><out_Quantity.quantity>756.249126</out_Quantity.quantity></Point><Point><position>7418</position><in_Quantity.quantity>0.000000</in_Quantity.quantity><out_Quantity.quantity>679.600929</out_Quantity.quantity></Point><Point><position>7419</position><in_Quantity.quantity>0.000000</in_Quantity.quantity><out_Quantity.quantity>446.418985</out_Quantity.quantity></Point><Point><position>7420</position><in_Quantity.quantity>0.000000</in_Quantity.quantity><out_Quantity.quantity>583.237341</out_Quantity.quantity></Point><Point><position>7421</position><in_Quantity.quantity>0.000000</in_Quantity.quantity><out_Quantity.quantity>446.769762</out_Quantity.quantity></Point><Point><position>7422</position><in_Quantity.quantity>0.000000</in_Quantity.quantity><out_Quantity.quantity>973.476752</out_Quantity.quantity></Point><Point><position>7423</position><in_Quantity.quantity>0.000000</in_Quantity.quantity><out_Quantity.quantity>669.863941</out_Quantity.quantity></Point><Point><position>7424</position><in_Quantity.quantity>0.000000</in_Quantity.quantity><out_Quantity.quantity>568.276155</out_Quantity.quantity></Point><Point><position>7425</position><in_Quantity.quantity>0.000000</in_Quantity.quantity><out_Quantity.quantity>962.088194</out_Quantity.quantity></Point><Point><position>7426</position><in_Quantity.quantity>0.000000</in_Quantity.quantity><out_Quantity.quantity>298.089675</out_Quantity.quantity></Point><Point><position>7427</position><in_Quantity.quantity>0.000000</in_Quantity.quantity><out_Quantity.quantity>839.962878</out_Quantity.quantity></Point><Point><position>7428</position><in_Quantity.quantity>0.000000</in_Quantity.quantity><out_Quantity.quantity>170.805048</out_Quantity.quantity></Point><Point><position>7429</position><in_Quantity.quantity>0.000000</in_Quantity.quantity><out_Quantity.quantity>109.526684</out_Quantity.quantity></Point><Point><position>7430</position><in_Quantity.quantity>0.000000</in_Quantity.quantity><out_Quantity.quantity>999.571914</out_Quantity.quantity></Point><Point><position>7431</position><in_Quantity.quantity>0.000000</in_Quantity.quantity><out_Quantity.quantity>601.695473</out_Quantity.quantity></Point><Point><position>7432</position><in_Quantity.quantity>0.000000</in_Quantity.quantity><out_Quantity.quantity>853.277559</out_Quantity.quantity></Point><Point><position>7433</position><in_Quantity.quantity>0.000000</in_Quantity.quantity><out_Quantity.quantity>790.236317</out_Quantity.quantity></Point><Point><position>7434</position><in_Quantity.quantity>0.000000</in_Quantity.quantity><out_Quantity.quantity>378.849548</out_Quantity.quantity></Point><Point><position>7435</position><in_Quantity.quantity>0.000000</in_Quantity.quantity><out_Quantity.quantity>697.820832</out_Quantity.quantity></Point><Point><position>7436</position><in_Quantity.quantity>0.000000</in_Quantity.quantity><out_Quantity.quantity>724.885725</out_Quantity.quantity></Point><Point><position>7437</position><in_Quantity.quantity>0.000000</in_Quantity.quantity><out_Quantity.quantity>479.341213</out_Quantity.quantity></Point><Point><position>7438</position><in_Quantity.quantity>0.000000</in_Quantity.quantity><out_Quantity.quantity>443.338868</out_Quantity.quantity></Point><Point><position>7439</position><in_Quantity.quantity>0.000000</in_Quantity.quantity><out_Quantity.quantity>955.158576</out_Quantity.quantity></Point><Point><position>7440</position><in_Quantity.quantity>0.000000</in_Quantity.quantity><out_Quantity.quantity>351.764937</out_Quantity.quantity></Point><Point><position>7441</position><in_Quantity.quantity>0.000000</in_Quantity.quantity><out_Quantity.quantity>84.507080</out_Quantity.quantity></Point><Point><position>7442</position><in_Quantity.quantity>0.000000</in_Quantity.quantity><out_Quantity.quantity>667.981722</out_Quantity.quantity></Point><Point><position>7443</position><in_Quantity.quantity>0.000000</in_Quantity.quantity><out_Quantity.quantity>612.492956</out_Quantity.quantity></Point><Point><position>7444</position><in_Quantity.quantity>0.000000</in_Quantity.quantity><out_Quantity.quantity>497.737499</out_Quantity.quantity></Point><Point><position>7445</position><in_Quantity.quantity>0.000000</in_Quantity.quantity><out_Quantity.quantity>906.692125</out_Quantity.quantity></Point><Point><position>7446</position><in_Quantity.quantity>0.000000</in_Quantity.quantity><out_Quantity.quantity>631.844161</out_Quantity.quantity></Point><Point><position>7447</position><in_Quantity.quantity>0.000000</in_Quantity.quantity><out_Quantity.quantity>390.190693</out_Quantity.quantity></Point><Point><position>7448</position><in_Quantity.quantity>0.000000</in_Quantity.quantity><out_Quantity.quantity>739.023670</out_Quantity.quantity></Point><Point><position>7449</position><in_Quantity.quantity>0.000000</in_Quantity.quantity><out_Quantity.quantity>515.184516</out_Quantity.quantity></Point><Point><position>7450</position><in_Quantity.quantity>0.000000</in_Quantity.quantity><out_Quantity.quantity>280.953570</out_Quantity.quantity></Point><Point><position>7451</position><in_Quantity.quantity>0.000000</in_Quantity.quantity><out_Quantity.quantity>972.174492</out_Quantity.quantity></Point><Point><position>7452</position><in_Quantity.quantity>0.000000</in_Quantity.quantity><out_Quantity.quantity>165.720562</out_Quantity.quantity></Point><Point><position>7453</position><in_Quantity.quantity>0.000000</in_Quantity.quantity><out_Quantity.quantity>761.667958</out_Quantity.quantity></Point><Point><position>7454</position><in_Quantity.quantity>0.000000</in_Quantity.quantity><out_Quantity.quantity>253.324155</out_Quantity.quantity></Point><Point><position>7455</position><in_Quantity.quantity>0.000000</in_Quantity.quantity><out_Quantity.quantity>834.162429</out_Quantity.quantity></Point><Point><position>7456</position><in_Quantity.quantity>0.000000</in_Quantity.quantity><out_Quantity.quantity>155.650882</out_Quantity.quantity></Point><Point><position>7457</position><in_Quantity.quantity>0.000000</in_Quantity.quantity><out_Quantity.quantity>558.473723</out_Quantity.quantity></Point><Point><position>7458</position><in_Quantity.quantity>0.000000</in_Quantity.quantity><out_Quantity.quantity>766.127086</out_Quantity.quantity></Point><Point><position>7459</position><in_Quantity.quantity>0.000000</in_Quantity.quantity><out_Quantity.quantity>818.730479</out_Quantity.quantity></Point><Point><position>7460</position><in_Quantity.quantity>0.000000</in_Quantity.quantity><out_Quantity.quantity>167.970428</out_Quantity.quantity></Point><Point><position>7461</position><in_Quantity.quantity>0.000000</in_Quantity.quantity><out_Quantity.quantity>140.889706</out_Quantity.quantity></Point><Point><position>7462</position><in_Quantity.quantity>0.000000</in_Quantity.quantity><out_Quantity.quantity>664.343583</out_Quantity.quantity></Point><Point><position>7463</position><in_Quantity.quantity>0.000000</in_Quantity.quantity><out_Quantity.quantity>744.232861</out_Quantity.quantity></Point><Point><position>7464</position><in_Quantity.quantity>0.000000</in_Quantity.quantity><out_Quantity.quantity>179.089135</out_Quantity.quantity></Point><Point><position>7465</position><in_Quantity.quantity>0.000000</in_Quantity.quantity><out_Quantity.quantity>858.550519</out_Quantity.quantity></Point><Point><position>7466</position><in_Quantity.quantity>0.000000</in_Quantity.quantity><out_Quantity.quantity>520.884908</out_Quantity.quantity></Point><Point><position>7467</position><in_Quantity.quantity>0.000000</in_Quantity.quantity><out_Quantity.quantity>182.581401</out_Quantity.quantity></Point><Point><position>7468</position><in_Quantity.quantity>0.000000</in_Quantity.quantity><out_Quantity.quantity>881.734807</out_Quantity.quantity></Point><Point><position>7469</position><in_Quantity.quantity>0.000000</in_Quantity.quantity><out_Quantity.quantity>348.786688</out_Quantity.quantity></Point><Point><position>7470</position><in_Quantity.quantity>0.000000</in_Quantity.quantity><out_Quantity.quantity>655.528532</out_Quantity.quantity></Point><Point><position>7471</position><in_Quantity.quantity>0.000000</in_Quantity.quantity><out_Quantity.quantity>376.462495</out_Quantity.quantity></Point><Point><position>7472</position><in_Quantity.quantity>0.000000</in_Quantity.quantity><out_Quantity.quantity>51.173355</out_Quantity.quantity></Point><Point><position>7473</position><in_Quantity.quantity>0.000000</in_Quantity.quantity><out_Quantity.quantity>872.269296</out_Quantity.quantity></Point><Point><position>7474</position><in_Quantity.quantity>0.000000</in_Quantity.quantity><out_Quantity.quantity>519.034676</out_Quantity.quantity></Point><Point><position>7475</position><in_Quantity.quantity>0.000000</in_Quantity.quantity><out_Quantity.quantity>711.722615</out_Quantity.quantity></Point><Point><position>7476</position><in_Quantity.quantity>0.000000</in_Quantity.quantity><out_Quantity.quantity>93.955634</out_Quantity.quantity></Point><Point><position>7477</position><in_Quantity.quantity>0.000000</in_Quantity.quantity><out_Quantity.quantity>932.801846</out_Quantity.quantity></Point><Point><position>7478</position><in_Quantity.quantity>0.000000</in_Quantity.quantity><out_Quantity.quantity>305.537112</out_Quantity.quantity></Point><Point><position>7479</position><in_Quantity.quantity>0.000000</in_Quantity.quantity><out_Quantity.quantity>475.600716</out_Quantity.quantity></Point><Point><position>7480</position><in_Quantity.quantity>0.000000</in_Quantity.quantity><out_Quantity.quantity>405.765391</out_Quantity.quantity></Point><Point><position>7481</position><in_Quantity.quantity>0.000000</in_Quantity.quantity><out_Quantity.quantity>193.288093</out_Quantity.quantity></Point><Point><position>7482</position><in_Quantity.quantity>0.000000</in_Quantity.quantity><out_Quantity.quantity>450.228245</out_Quantity.quantity></Point><Point><position>7483</position><in_Quantity.quantity>0.000000</in_Quantity.quantity><out_Quantity.quantity>596.620413</out_Quantity.quantity></Point><Point><position>7484</position><in_Quantity.quantity>0.000000</in_Quantity.quantity><out_Quantity.quantity>903.043755</out_Quantity.quantity></Point><Point><position>7485</position><in_Quantity.quantity>0.000000</in_Quantity.quantity><out_Quantity.quantity>846.031421</out_Quantity.quantity></Point><Point><position>7486</position><in_Quantity.quantity>0.000000</in_Quantity.quantity><out_Quantity.quantity>562.603978</out_Quantity.quantity></Point><Point><position>7487</position><in_Quantity.quantity>0.000000</in_Quantity.quantity><out_Quantity.quantity>642.149713</out_Quantity.quantity></Point><Point><position>7488</position><in_Quantity.quantity>0.000000</in_Quantity.quantity><out_Quantity.quantity>943.400324</out_Quantity.quantity></Point><Point><position>7489</position><in_Quantity.quantity>0.000000</in_Quantity.quantity><out_Quantity.quantity>965.865203</out_Quantity.quantity></Point><Point><position>7490</position><in_Quantity.quantity>0.000000</in_Quantity.quantity><out_Quantity.quantity>177.301232</out_Quantity.quantity></Point><Point><position>7491</position><in_Quantity.quantity>0.000000</in_Quantity.quantity><out_Quantity.quantity>109.826070</out_Quantity.quantity></Point><Point><position>7492</position><in_Quantity.quantity>0.000000</in_Quantity.quantity><out_Quantity.quantity>254.291563</out_Quantity.quantity></Point><Point><position>7493</position><in_Quantity.quantity>0.000000</in_Quantity.quantity><out_Quantity.quantity>713.741328</out_Quantity.quantity></Point><Point><position>7494</position><in_Quantity.quantity>0.000000</in_Quantity.quantity><out_Quantity.quantity>412.954782</out_Quantity.quantity></Point><Point><position>7495</position><in_Quantity.quantity>0.000000</in_Quantity.quantity><out_Quantity.quantity>35.676313</out_Quantity.quantity></Point><Point><position>7496</position><in_Quantity.quantity>0.000000</in_Quantity.quantity><out_Quantity.quantity>570.497793</out_Quantity.quantity></Point><Point><position>7497</position><in_Quantity.quantity>0.000000</in_Quantity.quantity><out_Quantity.quantity>545.797702</out_Quantity.quantity></Point><Point><position>7498</position><in_Quantity.quantity>0.000000</in_Quantity.quantity><out_Quantity.quantity>356.966648</out_Quantity.quantity></Point><Point><position>7499</position><in_Quantity.quantity>0.000000</in_Quantity.quantity><out_Quantity.quantity>139.937452</out_Quantity.quantity></Point><Point><position>7500</position><in_Quantity.quantity>0.000000</in_Quantity.quantity><out_Quantity.quantity>254.664132</out_Quantity.quantity></Point><Point><position>7501</position><in_Quantity.quantity>0.000000</in_Quantity.quantity><out_Quantity.quantity>807.728363</out_Quantity.quantity></Point><Point><position>7502</position><in_Quantity.quantity>0.000000</in_Quantity.quantity><out_Quantity.quantity>199.469412</out_Quantity.quantity></Point><Point><position>7503</position><in_Quantity.quantity>0.000000</in_Quantity.quantity><out_Quantity.quantity>373.613770</out_Quantity.quantity></Point><Point><position>7504</position><in_Quantity.quantity>0.000000</in_Quantity.quantity><out_Quantity.quantity>253.501620</out_Quantity.quantity></Point><Point><position>7505</position><in_Quantity.quantity>0.000000</in_Quantity.quantity><out_Quantity.quantity>914.119274</out_Quantity.quantity></Point><Point><position>7506</position><in_Quantity.quantity>0.000000</in_Quantity.quantity><out_Quantity.quantity>206.600064</out_Quantity.quantity></Point><Point><position>7507</position><in_Quantity.quantity>0.000000</in_Quantity.quantity><out_Quantity.quantity>911.348954</out_Quantity.quantity></Point><Point><position>7508</position><in_Quantity.quantity>0.000000</in_Quantity.quantity><out_Quantity.quantity>724.493391</out_Quantity.quantity></Point><Point><position>7509</position><in_Quantity.quantity>0.000000</in_Quantity.quantity><out_Quantity.quantity>75.271173</out_Quantity.quantity></Point><Point><position>7510</position><in_Quantity.quantity>0.000000</in_Quantity.quantity><out_Quantity.quantity>733.646459</out_Quantity.quantity></Point><Point><position>7511</position><in_Quantity.quantity>0.000000</in_Quantity.quantity><out_Quantity.quantity>216.393608</out_Quantity.quantity></Point><Point><position>7512</position><in_Quantity.quantity>0.000000</in_Quantity.quantity><out_Quantity.quantity>547.582903</out_Quantity.quantity></Point><Point><position>7513</position><in_Quantity.quantity>0.000000</in_Quantity.quantity><out_Quantity.quantity>158.072259</out_Quantity.quantity></Point><Point><position>7514</position><in_Quantity.quantity>0.000000</in_Quantity.quantity><out_Quantity.quantity>155.739866</out_Quantity.quantity></Point><Point><position>7515</position><in_Quantity.quantity>0.000000</in_Quantity.quantity><out_Quantity.quantity>145.730378</out_Quantity.quantity></Point><Point><position>7516</position><in_Quantity.quantity>0.000000</in_Quantity.quantity><out_Quantity.quantity>943.626966</out_Quantity.quantity></Point><Point><position>7517</position><in_Quantity.quantity>0.000000</in_Quantity.quantity><out_Quantity.quantity>605.539379</out_Quantity.quantity></Point><Point><position>7518</position><in_Quantity.quantity>0.000000</in_Quantity.quantity><out_Quantity.quantity>81.343671</out_Quantity.quantity></Point><Point><position>7519</position><in_Quantity.quantity>0.000000</in_Quantity.quantity><out_Quantity.quantity>727.702964</out_Quantity.quantity></Point><Point><position>7520</position><in_Quantity.quantity>0.000000</in_Quantity.quantity><out_Quantity.quantity>415.350018</out_Quantity.quantity></Point><Point><position>7521</position><in_Quantity.quantity>0.000000</in_Quantity.quantity><out_Quantity.quantity>659.666247</out_Quantity.quantity></Point><Point><position>7522</position><in_Quantity.quantity>0.000000</in_Quantity.quantity><out_Quantity.quantity>411.079469</out_Quantity.quantity></Point><Point><position>7523</position><in_Quantity.quantity>0.000000</in_Quantity.quantity><out_Quantity.quantity>810.383741</out_Quantity.quantity></Point><Point><position>7524</position><in_Quantity.quantity>0.000000</in_Quantity.quantity><out_Quantity.quantity>532.434404</out_Quantity.quantity></Point><Point><position>7525</position><in_Quantity.quantity>0.000000</in_Quantity.quantity><out_Quantity.quantity>720.362875</out_Quantity.quantity></Point><Point><position>7526</position><in_Quantity.quantity>0.000000</in_Quantity.quantity><out_Quantity.quantity>6.024819</out_Quantity.quantity></Point><Point><position>7527</position><in_Quantity.quantity>0.000000</in_Quantity.quantity><out_Quantity.quantity>66.700498</out_Quantity.quantity></Point><Point><position>7528</position><in_Quantity.quantity>0.000000</in_Quantity.quantity><out_Quantity.quantity>242.582893</out_Quantity.quantity></Point><Point><position>7529</position><in_Quantity.quantity>0.000000</in_Quantity.quantity><out_Quantity.quantity>477.299445</out_Quantity.quantity></Point><Point><position>7530</position><in_Quantity.quantity>0.000000</in_Quantity.quantity><out_Quantity.quantity>822.637646</out_Quantity.quantity></Point><Point><position>7531</position><in_Quantity.quantity>0.000000</in_Quantity.quantity><out_Quantity.quantity>551.838611</out_Quantity.quantity></Point><Point><position>7532</position><in_Quantity.quantity>0.000000</in_Quantity.quantity><out_Quantity.quantity>881.477451</out_Quantity.quantity></Point><Point><position>7533</position><in_Quantity.quantity>0.000000</in_Quantity.quantity><out_Quantity.quantity>805.983019</out_Quantity.quantity></Point><Point><position>7534</position><in_Quantity.quantity>0.000000</in_Quantity.quantity><out_Quantity.quantity>466.547185</out_Quantity.quantity></Point><Point><position>7535</position><in_Quantity.quantity>0.000000</in_Quantity.quantity><out_Quantity.quantity>940.508160</out_Quantity.quantity></Point><Point><position>7536</position><in_Quantity.quantity>0.000000</in_Quantity.quantity><out_Quantity.quantity>113.848478</out_Quantity.quantity></Point><Point><position>7537</position><in_Quantity.quantity>0.000000</in_Quantity.quantity><out_Quantity.quantity>717.635587</out_Quantity.quantity></Point><Point><position>7538</position><in_Quantity.quantity>0.000000</in_Quantity.quantity><out_Quantity.quantity>13.900293</out_Quantity.quantity></Point><Point><position>7539</position><in_Quantity.quantity>0.000000</in_Quantity.quantity><out_Quantity.quantity>340.845690</out_Quantity.quantity></Point><Point><position>7540</position><in_Quantity.quantity>0.000000</in_Quantity.quantity><out_Quantity.quantity>691.662561</out_Quantity.quantity></Point><Point><position>7541</position><in_Quantity.quantity>0.000000</in_Quantity.quantity><out_Quantity.quantity>201.285009</out_Quantity.quantity></Point><Point><position>7542</position><in_Quantity.quantity>0.000000</in_Quantity.quantity><out_Quantity.quantity>202.544954</out_Quantity.quantity></Point><Point><position>7543</position><in_Quantity.quantity>0.000000</in_Quantity.quantity><out_Quantity.quantity>244.865328</out_Quantity.quantity></Point><Point><position>7544</position><in_Quantity.quantity>0.000000</in_Quantity.quantity><out_Quantity.quantity>284.107383</out_Quantity.quantity></Point><Point><position>7545</position><in_Quantity.quantity>0.000000</in_Quantity.quantity><out_Quantity.quantity>608.514809</out_Quantity.quantity></Point><Point><position>7546</position><in_Quantity.quantity>0.000000</in_Quantity.quantity><out_Quantity.quantity>562.950307</out_Quantity.quantity></Point><Point><position>7547</position><in_Quantity.quantity>0.000000</in_Quantity.quantity><out_Quantity.quantity>472.666374</out_Quantity.quantity></Point><Point><position>7548</position><in_Quantity.quantity>0.000000</in_Quantity.quantity><out_Quantity.quantity>241.150536</out_Quantity.quantity></Point><Point><position>7549</position><in_Quantity.quantity>0.000000</in_Quantity.quantity><out_Quantity.quantity>498.105873</out_Quantity.quantity></Point><Point><position>7550</position><in_Quantity.quantity>0.000000</in_Quantity.quantity><out_Quantity.quantity>229.137285</out_Quantity.quantity></Point><Point><position>7551</position><in_Quantity.quantity>0.000000</in_Quantity.quantity><out_Quantity.quantity>226.904803</out_Quantity.quantity></Point><Point><position>7552</position><in_Quantity.quantity>0.000000</in_Quantity.quantity><out_Quantity.quantity>89.150103</out_Quantity.quantity></Point><Point><position>7553</position><in_Quantity.quantity>0.000000</in_Quantity.quantity><out_Quantity.quantity>736.271461</out_Quantity.quantity></Point><Point><position>7554</position><in_Quantity.quantity>0.000000</in_Quantity.quantity><out_Quantity.quantity>703.355328</out_Quantity.quantity></Point><Point><position>7555</position><in_Quantity.quantity>0.000000</in_Quantity.quantity><out_Quantity.quantity>601.596015</out_Quantity.quantity></Point><Point><position>7556</position><in_Quantity.quantity>0.000000</in_Quantity.quantity><out_Quantity.quantity>95.254020</out_Quantity.quantity></Point><Point><position>7557</position><in_Quantity.quantity>0.000000</in_Quantity.quantity><out_Quantity.quantity>914.052548</out_Quantity.quantity></Point><Point><position>7558</position><in_Quantity.quantity>0.000000</in_Quantity.quantity><out_Quantity.quantity>842.677491</out_Quantity.quantity></Point><Point><position>7559</position><in_Quantity.quantity>0.000000</in_Quantity.quantity><out_Quantity.quantity>56.506254</out_Quantity.quantity></Point><Point><position>7560</position><in_Quantity.quantity>0.000000</in_Quantity.quantity><out_Quantity.quantity>576.187538</out_Quantity.quantity></Point><Point><position>7561</position><in_Quantity.quantity>0.000000</in_Quantity.quantity><out_Quantity.quantity>426.863223</out_Quantity.quantity></Point><Point><position>7562</position><in_Quantity.quantity>0.000000</in_Quantity.quantity><out_Quantity.quantity>289.330761</out_Quantity.quantity></Point><Point><position>7563</position><in_Quantity.quantity>0.000000</in_Quantity.quantity><out_Quantity.quantity>515.104608</out_Quantity.quantity></Point><Point><position>7564</position><in_Quantity.quantity>0.000000</in_Quantity.quantity><out_Quantity.quantity>863.449448</out_Quantity.quantity></Point><Point><position>7565</position><in_Quantity.quantity>0.000000</in_Quantity.quantity><out_Quantity.quantity>418.388355</out_Quantity.quantity></Point><Point><position>7566</position><in_Quantity.quantity>0.000000</in_Quantity.quantity><out_Quantity.quantity>379.364442</out_Quantity.quantity></Point><Point><position>7567</position><in_Quantity.quantity>0.000000</in_Quantity.quantity><out_Quantity.quantity>810.135557</out_Quantity.quantity></Point><Point><position>7568</position><in_Quantity.quantity>0.000000</in_Quantity.quantity><out_Quantity.quantity>855.985787</out_Quantity.quantity></Point><Point><position>7569</position><in_Quantity.quantity>0.000000</in_Quantity.quantity><out_Quantity.quantity>767.307911</out_Quantity.quantity></Point><Point><position>7570</position><in_Quantity.quantity>0.000000</in_Quantity.quantity><out_Quantity.quantity>846.429291</out_Quantity.quantity></Point><Point><position>7571</position><in_Quantity.quantity>0.000000</in_Quantity.quantity><out_Quantity.quantity>835.343480</out_Quantity.quantity></Point><Point><position>7572</position><in_Quantity.quantity>0.000000</in_Quantity.quantity><out_Quantity.quantity>637.374532</out_Quantity.quantity></Point><Point><position>7573</position><in_Quantity.quantity>0.000000</in_Quantity.quantity><out_Quantity.quantity>412.790930</out_Quantity.quantity></Point><Point><position>7574</position><in_Quantity.quantity>0.000000</in_Quantity.quantity><out_Quantity.quantity>286.939455</out_Quantity.quantity></Point><Point><position>7575</position><in_Quantity.quantity>0.000000</in_Quantity.quantity><out_Quantity.quantity>461.031215</out_Quantity.quantity></Point><Point><position>7576</position><in_Quantity.quantity>0.000000</in_Quantity.quantity><out_Quantity.quantity>739.522023</out_Quantity.quantity></Point><Point><position>7577</position><in_Quantity.quantity>0.000000</in_Quantity.quantity><out_Quantity.quantity>217.234077</out_Quantity.quantity></Point><Point><position>7578</position><in_Quantity.quantity>0.000000</in_Quantity.quantity><out_Quantity.quantity>687.853883</out_Quantity.quantity></Point><Point><position>7579</position><in_Quantity.quantity>0.000000</in_Quantity.quantity><out_Quantity.quantity>875.997011</out_Quantity.quantity></Point><Point><position>7580</position><in_Quantity.quantity>0.000000</in_Quantity.quantity><out_Quantity.quantity>666.234261</out_Quantity.quantity></Point><Point><position>7581</position><in_Quantity.quantity>0.000000</in_Quantity.quantity><out_Quantity.quantity>563.024383</out_Quantity.quantity></Point><Point><position>7582</position><in_Quantity.quantity>0.000000</in_Quantity.quantity><out_Quantity.quantity>876.136297</out_Quantity.quantity></Point><Point><position>7583</position><in_Quantity.quantity>0.000000</in_Quantity.quantity><out_Quantity.quantity>840.503043</out_Quantity.quantity></Point><Point><position>7584</position><in_Quantity.quantity>0.000000</in_Quantity.quantity><out_Quantity.quantity>722.491539</out_Quantity.quantity></Point><Point><position>7585</position><in_Quantity.quantity>0.000000</in_Quantity.quantity><out_Quantity.quantity>913.867429</out_Quantity.quantity></Point><Point><position>7586</position><in_Quantity.quantity>0.000000</in_Quantity.quantity><out_Quantity.quantity>761.152649</out_Quantity.quantity></Point><Point><position>7587</position><in_Quantity.quantity>0.000000</in_Quantity.quantity><out_Quantity.quantity>349.250588</out_Quantity.quantity></Point><Point><position>7588</position><in_Quantity.quantity>0.000000</in_Quantity.quantity><out_Quantity.quantity>58.781152</out_Quantity.quantity></Point><Point><position>7589</position><in_Quantity.quantity>0.000000</in_Quantity.quantity><out_Quantity.quantity>313.590303</out_Quantity.quantity></Point><Point><position>7590</position><in_Quantity.quantity>0.000000</in_Quantity.quantity><out_Quantity.quantity>56.672914</out_Quantity.quantity></Point><Point><position>7591</position><in_Quantity.quantity>0.000000</in_Quantity.quantity><out_Quantity.quantity>875.301831</out_Quantity.quantity></Point><Point><position>7592</position><in_Quantity.quantity>0.000000</in_Quantity.quantity><out_Quantity.quantity>878.785261</out_Quantity.quantity></Point><Point><position>7593</position><in_Quantity.quantity>0.000000</in_Quantity.quantity><out_Quantity.quantity>13.821231</out_Quantity.quantity></Point><Point><position>7594</position><in_Quantity.quantity>0.000000</in_Quantity.quantity><out_Quantity.quantity>254.819472</out_Quantity.quantity></Point><Point><position>7595</position><in_Quantity.quantity>0.000000</in_Quantity.quantity><out_Quantity.quantity>877.424100</out_Quantity.quantity></Point><Point><position>7596</position><in_Quantity.quantity>0.000000</in_Quantity.quantity><out_Quantity.quantity>847.963754</out_Quantity.quantity></Point><Point><position>7597</position><in_Quantity.quantity>0.000000</in_Quantity.quantity><out_Quantity.quantity>707.014987</out_Quantity.quantity></Point><Point><position>7598</position><in_Quantity.quantity>0.000000</in_Quantity.quantity><out_Quantity.quantity>394.708915</out_Quantity.quantity></Point><Point><position>7599</position><in_Quantity.quantity>0.000000</in_Quantity.quantity><out_Quantity.quantity>755.177695</out_Quantity.quantity></Point><Point><position>7600</position><in_Quantity.quantity>0.000000</in_Quantity.quantity><out_Quantity.quantity>832.758780</out_Quantity.quantity></Point><Point><position>7601</position><in_Quantity.quantity>0.000000</in_Quantity.quantity><out_Quantity.quantity>21.902295</out_Quantity.quantity></Point><Point><position>7602</position><in_Quantity.quantity>0.000000</in_Quantity.quantity><out_Quantity.quantity>234.349115</out_Quantity.quantity></Point><Point><position>7603</position><in_Quantity.quantity>0.000000</in_Quantity.quantity><out_Quantity.quantity>731.047165</out_Quantity.quantity></Point><Point><position>7604</position><in_Quantity.quantity>0.000000</in_Quantity.quantity><out_Quantity.quantity>354.893694</out_Quantity.quantity></Point><Point><position>7605</position><in_Quantity.quantity>0.000000</in_Quantity.quantity><out_Quantity.quantity>752.808040</out_Quantity.quantity></Point><Point><position>7606</position><in_Quantity.quantity>0.000000</in_Quantity.quantity><out_Quantity.quantity>882.524569</out_Quantity.quantity></Point><Point><position>7607</position><in_Quantity.quantity>0.000000</in_Quantity.quantity><out_Quantity.quantity>945.002236</out_Quantity.quantity></Point><Point><position>7608</position><in_Quantity.quantity>0.000000</in_Quantity.quantity><out_Quantity.quantity>344.884563</out_Quantity.quantity></Point><Point><position>7609</position><in_Quantity.quantity>0.000000</in_Quantity.quantity><out_Quantity.quantity>665.322624</out_Quantity.quantity></Point><Point><position>7610</position><in_Quantity.quantity>0.000000</in_Quantity.quantity><out_Quantity.quantity>395.216142</out_Quantity.quantity></Point><Point><position>7611</position><in_Quantity.quantity>0.000000</in_Quantity.quantity><out_Quantity.quantity>857.480058</out_Quantity.quantity></Point><Point><position>7612</position><in_Quantity.quantity>0.000000</in_Quantity.quantity><out_Quantity.quantity>757.424931</out_Quantity.quantity></Point><Point><position>7613</position><in_Quantity.quantity>0.000000</in_Quantity.quantity><out_Quantity.quantity>834.930391</out_Quantity.quantity></Point><Point><position>7614</position><in_Quantity.quantity>0.000000</in_Quantity.quantity><out_Quantity.quantity>77.053159</out_Quantity.quantity></Point><Point><position>7615</position><in_Quantity.quantity>0.000000</in_Quantity.quantity><out_Quantity.quantity>300.099534</out_Quantity.quantity></Point><Point><position>7616</position><in_Quantity.quantity>0.000000</in_Quantity.quantity><out_Quantity.quantity>654.706590</out_Quantity.quantity></Point><Point><position>7617</position><in_Quantity.quantity>0.000000</in_Quantity.quantity><out_Quantity.quantity>196.597590</out_Quantity.quantity></Point><Point><position>7618</position><in_Quantity.quantity>0.000000</in_Quantity.quantity><out_Quantity.quantity>488.452015</out_Quantity.quantity></Point><Point><position>7619</position><in_Quantity.quantity>0.000000</in_Quantity.quantity><out_Quantity.quantity>763.801285</out_Quantity.quantity></Point><Point><position>7620</position><in_Quantity.quantity>0.000000</in_Quantity.quantity><out_Quantity.quantity>357.208469</out_Quantity.quantity></Point><Point><position>7621</position><in_Quantity.quantity>0.000000</in_Quantity.quantity><out_Quantity.quantity>306.238889</out_Quantity.quantity></Point><Point><position>7622</position><in_Quantity.quantity>0.000000</in_Quantity.quantity><out_Quantity.quantity>569.665318</out_Quantity.quantity></Point><Point><position>7623</position><in_Quantity.quantity>0.000000</in_Quantity.quantity><out_Quantity.quantity>178.098340</out_Quantity.quantity></Point><Point><position>7624</position><in_Quantity.quantity>0.000000</in_Quantity.quantity><out_Quantity.quantity>133.171369</out_Quantity.quantity></Point><Point><position>7625</position><in_Quantity.quantity>0.000000</in_Quantity.quantity><out_Quantity.quantity>870.102483</out_Quantity.quantity></Point><Point><position>7626</position><in_Quantity.quantity>0.000000</in_Quantity.quantity><out_Quantity.quantity>363.408406</out_Quantity.quantity></Point><Point><position>7627</position><in_Quantity.quantity>0.000000</in_Quantity.quantity><out_Quantity.quantity>715.381518</out_Quantity.quantity></Point><Point><position>7628</position><in_Quantity.quantity>0.000000</in_Quantity.quantity><out_Quantity.quantity>298.220507</out_Quantity.quantity></Point><Point><position>7629</position><in_Quantity.quantity>0.000000</in_Quantity.quantity><out_Quantity.quantity>100.038374</out_Quantity.quantity></Point><Point><position>7630</position><in_Quantity.quantity>0.000000</in_Quantity.quantity><out_Quantity.quantity>706.599924</out_Quantity.quantity></Point><Point><position>7631</position><in_Quantity.quantity>0.000000</in_Quantity.quantity><out_Quantity.quantity>600.635819</out_Quantity.quantity></Point><Point><position>7632</position><in_Quantity.quantity>0.000000</in_Quantity.quantity><out_Quantity.quantity>616.541867</out_Quantity.quantity></Point><Point><position>7633</position><in_Quantity.quantity>0.000000</in_Quantity.quantity><out_Quantity.quantity>531.374207</out_Quantity.quantity></Point><Point><position>7634</position><in_Quantity.quantity>0.000000</in_Quantity.quantity><out_Quantity.quantity>25.171311</out_Quantity.quantity></Point><Point><position>7635</position><in_Quantity.quantity>0.000000</in_Quantity.quantity><out_Quantity.quantity>147.608454</out_Quantity.quantity></Point><Point><position>7636</position><in_Quantity.quantity>0.000000</in_Quantity.quantity><out_Quantity.quantity>509.387719</out_Quantity.quantity></Point><Point><position>7637</position><in_Quantity.quantity>0.000000</in_Quantity.quantity><out_Quantity.quantity>286.228449</out_Quantity.quantity></Point><Point><position>7638</position><in_Quantity.quantity>0.000000</in_Quantity.quantity><out_Quantity.quantity>682.360173</out_Quantity.quantity></Point><Point><position>7639</position><in_Quantity.quantity>0.000000</in_Quantity.quantity><out_Quantity.quantity>236.697253</out_Quantity.quantity></Point><Point><position>7640</position><in_Quantity.quantity>0.000000</in_Quantity.quantity><out_Quantity.quantity>49.516441</out_Quantity.quantity></Point><Point><position>7641</position><in_Quantity.quantity>0.000000</in_Quantity.quantity><out_Quantity.quantity>994.545281</out_Quantity.quantity></Point><Point><position>7642</position><in_Quantity.quantity>0.000000</in_Quantity.quantity><out_Quantity.quantity>834.453603</out_Quantity.quantity></Point><Point><position>7643</position><in_Quantity.quantity>0.000000</in_Quantity.quantity><out_Quantity.quantity>808.338177</out_Quantity.quantity></Point><Point><position>7644</position><in_Quantity.quantity>0.000000</in_Quantity.quantity><out_Quantity.quantity>780.204345</out_Quantity.quantity></Point><Point><position>7645</position><in_Quantity.quantity>0.000000</in_Quantity.quantity><out_Quantity.quantity>108.101968</out_Quantity.quantity></Point><Point><position>7646</position><in_Quantity.quantity>0.000000</in_Quantity.quantity><out_Quantity.quantity>729.562537</out_Quantity.quantity></Point><Point><position>7647</position><in_Quantity.quantity>0.000000</in_Quantity.quantity><out_Quantity.quantity>583.658596</out_Quantity.quantity></Point><Point><position>7648</position><in_Quantity.quantity>0.000000</in_Quantity.quantity><out_Quantity.quantity>900.802956</out_Quantity.quantity></Point><Point><position>7649</position><in_Quantity.quantity>0.000000</in_Quantity.quantity><out_Quantity.quantity>491.100567</out_Quantity.quantity></Point><Point><position>7650</position><in_Quantity.quantity>0.000000</in_Quantity.quantity><out_Quantity.quantity>91.806547</out_Quantity.quantity></Point><Point><position>7651</position><in_Quantity.quantity>0.000000</in_Quantity.quantity><out_Quantity.quantity>418.754503</out_Quantity.quantity></Point><Point><position>7652</position><in_Quantity.quantity>0.000000</in_Quantity.quantity><out_Quantity.quantity>323.263480</out_Quantity.quantity></Point><Point><position>7653</position><in_Quantity.quantity>0.000000</in_Quantity.quantity><out_Quantity.quantity>81.476461</out_Quantity.quantity></Point><Point><position>7654</position><in_Quantity.quantity>0.000000</in_Quantity.quantity><out_Quantity.quantity>488.262879</out_Quantity.quantity></Point><Point><position>7655</position><in_Quantity.quantity>0.000000</in_Quantity.quantity><out_Quantity.quantity>448.527382</out_Quantity.quantity></Point><Point><position>7656</position><in_Quantity.quantity>0.000000</in_Quantity.quantity><out_Quantity.quantity>812.439138</out_Quantity.quantity></Point><Point><position>7657</position><in_Quantity.quantity>0.000000</in_Quantity.quantity><out_Quantity.quantity>194.797623</out_Quantity.quantity></Point><Point><position>7658</position><in_Quantity.quantity>0.000000</in_Quantity.quantity><out_Quantity.quantity>707.427748</out_Quantity.quantity></Point><Point><position>7659</position><in_Quantity.quantity>0.000000</in_Quantity.quantity><out_Quantity.quantity>843.820818</out_Quantity.quantity></Point><Point><position>7660</position><in_Quantity.quantity>0.000000</in_Quantity.quantity><out_Quantity.quantity>681.383734</out_Quantity.quantity></Point><Point><position>7661</position><in_Quantity.quantity>0.000000</in_Quantity.quantity><out_Quantity.quantity>924.328660</out_Quantity.quantity></Point><Point><position>7662</position><in_Quantity.quantity>0.000000</in_Quantity.quantity><out_Quantity.quantity>24.410629</out_Quantity.quantity></Point><Point><position>7663</position><in_Quantity.quantity>0.000000</in_Quantity.quantity><out_Quantity.quantity>27.742157</out_Quantity.quantity></Point><Point><position>7664</position><in_Quantity.quantity>0.000000</in_Quantity.quantity><out_Quantity.quantity>412.778755</out_Quantity.quantity></Point><Point><position>7665</position><in_Quantity.quantity>0.000000</in_Quantity.quantity><out_Quantity.quantity>318.595675</out_Quantity.quantity></Point><Point><position>7666</position><in_Quantity.quantity>0.000000</in_Quantity.quantity><out_Quantity.quantity>42.124381</out_Quantity.quantity></Point><Point><position>7667</position><in_Quantity.quantity>0.000000</in_Quantity.quantity><out_Quantity.quantity>264.288694</out_Quantity.quantity></Point><Point><position>7668</position><in_Quantity.quantity>0.000000</in_Quantity.quantity><out_Quantity.quantity>647.683141</out_Quantity.quantity></Point><Point><position>7669</position><in_Quantity.quantity>0.000000</in_Quantity.quantity><out_Quantity.quantity>912.116509</out_Quantity.quantity></Point><Point><position>7670</position><in_Quantity.quantity>0.000000</in_Quantity.quantity><out_Quantity.quantity>841.229033</out_Quantity.quantity></Point><Point><position>7671</position><in_Quantity.quantity>0.000000</in_Quantity.quantity><out_Quantity.quantity>459.172501</out_Quantity.quantity></Point><Point><position>7672</position><in_Quantity.quantity>0.000000</in_Quantity.quantity><out_Quantity.quantity>840.059382</out_Quantity.quantity></Point><Point><position>7673</position><in_Quantity.quantity>0.000000</in_Quantity.quantity><out_Quantity.quantity>90.163291</out_Quantity.quantity></Point><Point><position>7674</position><in_Quantity.quantity>0.000000</in_Quantity.quantity><out_Quantity.quantity>818.951151</out_Quantity.quantity></Point><Point><position>7675</position><in_Quantity.quantity>0.000000</in_Quantity.quantity><out_Quantity.quantity>441.423307</out_Quantity.quantity></Point><Point><position>7676</position><in_Quantity.quantity>0.000000</in_Quantity.quantity><out_Quantity.quantity>849.023589</out_Quantity.quantity></Point><Point><position>7677</position><in_Quantity.quantity>0.000000</in_Quantity.quantity><out_Quantity.quantity>937.272085</out_Quantity.quantity></Point><Point><position>7678</position><in_Quantity.quantity>0.000000</in_Quantity.quantity><out_Quantity.quantity>313.254194</out_Quantity.quantity></Point><Point><position>7679</position><in_Quantity.quantity>0.000000</in_Quantity.quantity><out_Quantity.quantity>14.998135</out_Quantity.quantity></Point><Point><position>7680</position><in_Quantity.quantity>0.000000</in_Quantity.quantity><out_Quantity.quantity>696.911441</out_Quantity.quantity></Point><Point><position>7681</position><in_Quantity.quantity>0.000000</in_Quantity.quantity><out_Quantity.quantity>603.773766</out_Quantity.quantity></Point><Point><position>7682</position><in_Quantity.quantity>0.000000</in_Quantity.quantity><out_Quantity.quantity>138.590654</out_Quantity.quantity></Point><Point><position>7683</position><in_Quantity.quantity>0.000000</in_Quantity.quantity><out_Quantity.quantity>429.838855</out_Quantity.quantity></Point><Point><position>7684</position><in_Quantity.quantity>0.000000</in_Quantity.quantity><out_Quantity.quantity>49.425051</out_Quantity.quantity></Point><Point><position>7685</position><in_Quantity.quantity>0.000000</in_Quantity.quantity><out_Quantity.quantity>87.559469</out_Quantity.quantity></Point><Point><position>7686</position><in_Quantity.quantity>0.000000</in_Quantity.quantity><out_Quantity.quantity>871.817299</out_Quantity.quantity></Point><Point><position>7687</position><in_Quantity.quantity>0.000000</in_Quantity.quantity><out_Quantity.quantity>689.658311</out_Quantity.quantity></Point><Point><position>7688</position><in_Quantity.quantity>0.000000</in_Quantity.quantity><out_Quantity.quantity>254.378441</out_Quantity.quantity></Point><Point><position>7689</position><in_Quantity.quantity>0.000000</in_Quantity.quantity><out_Quantity.quantity>915.197543</out_Quantity.quantity></Point><Point><position>7690</position><in_Quantity.quantity>0.000000</in_Quantity.quantity><out_Quantity.quantity>448.640369</out_Quantity.quantity></Point><Point><position>7691</position><in_Quantity.quantity>0.000000</in_Quantity.quantity><out_Quantity.quantity>50.672292</out_Quantity.quantity></Point><Point><position>7692</position><in_Quantity.quantity>0.000000</in_Quantity.quantity><out_Quantity.quantity>957.966156</out_Quantity.quantity></Point><Point><position>7693</position><in_Quantity.quantity>0.000000</in_Quantity.quantity><out_Quantity.quantity>151.688323</out_Quantity.quantity></Point><Point><position>7694</position><in_Quantity.quantity>0.000000</in_Quantity.quantity><out_Quantity.quantity>440.419753</out_Quantity.quantity></Point><Point><position>7695</position><in_Quantity.quantity>0.000000</in_Quantity.quantity><out_Quantity.quantity>95.269650</out_Quantity.quantity></Point><Point><position>7696</position><in_Quantity.quantity>0.000000</in_Quantity.quantity><out_Quantity.quantity>337.447561</out_Quantity.quantity></Point><Point><position>7697</position><in_Quantity.quantity>0.000000</in_Quantity.quantity><out_Quantity.quantity>336.336297</out_Quantity.quantity></Point><Point><position>7698</position><in_Quantity.quantity>0.000000</in_Quantity.quantity><out_Quantity.quantity>821.454452</out_Quantity.quantity></Point><Point><position>7699</position><in_Quantity.quantity>0.000000</in_Quantity.quantity><out_Quantity.quantity>155.162614</out_Quantity.quantity></Point><Point><position>7700</position><in_Quantity.quantity>0.000000</in_Quantity.quantity><out_Quantity.quantity>33.450978</out_Quantity.quantity></Point><Point><position>7701</position><in_Quantity.quantity>0.000000</in_Quantity.quantity><out_Quantity.quantity>205.934085</out_Quantity.quantity></Point><Point><position>7702</position><in_Quantity.quantity>0.000000</in_Quantity.quantity><out_Quantity.quantity>923.377212</out_Quantity.quantity></Point><Point><position>7703</position><in_Quantity.quantity>0.000000</in_Quantity.quantity><out_Quantity.quantity>99.698610</out_Quantity.quantity></Point><Point><position>7704</position><in_Quantity.quantity>0.000000</in_Quantity.quantity><out_Quantity.quantity>242.303619</out_Quantity.quantity></Point><Point><position>7705</position><in_Quantity.quantity>0.000000</in_Quantity.quantity><out_Quantity.quantity>377.347313</out_Quantity.quantity></Point><Point><position>7706</position><in_Quantity.quantity>0.000000</in_Quantity.quantity><out_Quantity.quantity>797.467675</out_Quantity.quantity></Point><Point><position>7707</position><in_Quantity.quantity>0.000000</in_Quantity.quantity><out_Quantity.quantity>612.203467</out_Quantity.quantity></Point><Point><position>7708</position><in_Quantity.quantity>0.000000</in_Quantity.quantity><out_Quantity.quantity>709.538710</out_Quantity.quantity></Point><Point><position>7709</position><in_Quantity.quantity>0.000000</in_Quantity.quantity><out_Quantity.quantity>600.561297</out_Quantity.quantity></Point><Point><position>7710</position><in_Quantity.quantity>0.000000</in_Quantity.quantity><out_Quantity.quantity>197.282110</out_Quantity.quantity></Point><Point><position>7711</position><in_Quantity.quantity>0.000000</in_Quantity.quantity><out_Quantity.quantity>507.199205</out_Quantity.quantity></Point><Point><position>7712</position><in_Quantity.quantity>0.000000</in_Quantity.quantity><out_Quantity.quantity>905.263190</out_Quantity.quantity></Point><Point><position>7713</position><in_Quantity.quantity>0.000000</in_Quantity.quantity><out_Quantity.quantity>217.474570</out_Quantity.quantity></Point><Point><position>7714</position><in_Quantity.quantity>0.000000</in_Quantity.quantity><out_Quantity.quantity>260.414442</out_Quantity.quantity></Point><Point><position>7715</position><in_Quantity.quantity>0.000000</in_Quantity.quantity><out_Quantity.quantity>153.092357</out_Quantity.quantity></Point><Point><position>7716</position><in_Quantity.quantity>0.000000</in_Quantity.quantity><out_Quantity.quantity>714.397597</out_Quantity.quantity></Point><Point><position>7717</position><in_Quantity.quantity>0.000000</in_Quantity.quantity><out_Quantity.quantity>389.667805</out_Quantity.quantity></Point><Point><position>7718</position><in_Quantity.quantity>0.000000</in_Quantity.quantity><out_Quantity.quantity>777.485696</out_Quantity.quantity></Point><Point><position>7719</position><in_Quantity.quantity>0.000000</in_Quantity.quantity><out_Quantity.quantity>360.675421</out_Quantity.quantity></Point><Point><position>7720</position><in_Quantity.quantity>0.000000</in_Quantity.quantity><out_Quantity.quantity>91.095186</out_Quantity.quantity></Point><Point><position>7721</position><in_Quantity.quantity>0.000000</in_Quantity.quantity><out_Quantity.quantity>82.487612</out_Quantity.quantity></Point><Point><position>7722</position><in_Quantity.quantity>0.000000</in_Quantity.quantity><out_Quantity.quantity>582.909831</out_Quantity.quantity></Point><Point><position>7723</position><in_Quantity.quantity>0.000000</in_Quantity.quantity><out_Quantity.quantity>410.857561</out_Quantity.quantity></Point><Point><position>7724</position><in_Quantity.quantity>0.000000</in_Quantity.quantity><out_Quantity.quantity>784.031649</out_Quantity.quantity></Point><Point><position>7725</position><in_Quantity.quantity>0.000000</in_Quantity.quantity><out_Quantity.quantity>167.806151</out_Quantity.quantity></Point><Point><position>7726</position><in_Quantity.quantity>0.000000</in_Quantity.quantity><out_Quantity.quantity>339.773326</out_Quantity.quantity></Point><Point><position>7727</position><in_Quantity.quantity>0.000000</in_Quantity.quantity><out_Quantity.quantity>368.522817</out_Quantity.quantity></Point><Point><position>7728</position><in_Quantity.quantity>0.000000</in_Quantity.quantity><out_Quantity.quantity>179.100577</out_Quantity.quantity></Point><Point><position>7729</position><in_Quantity.quantity>0.000000</in_Quantity.quantity><out_Quantity.quantity>247.251452</out_Quantity.quantity></Point><Point><position>7730</position><in_Quantity.quantity>0.000000</in_Quantity.quantity><out_Quantity.quantity>444.254569</out_Quantity.quantity></Point><Point><position>7731</position><in_Quantity.quantity>0.000000</in_Quantity.quantity><out_Quantity.quantity>598.899377</out_Quantity.quantity></Point><Point><position>7732</position><in_Quantity.quantity>0.000000</in_Quantity.quantity><out_Quantity.quantity>556.877206</out_Quantity.quantity></Point><Point><position>7733</position><in_Quantity.quantity>0.000000</in_Quantity.quantity><out_Quantity.quantity>334.758980</out_Quantity.quantity></Point><Point><position>7734</position><in_Quantity.quantity>0.000000</in_Quantity.quantity><out_Quantity.quantity>132.645740</out_Quantity.quantity></Point><Point><position>7735</position><in_Quantity.quantity>0.000000</in_Quantity.quantity><out_Quantity.quantity>235.704618</out_Quantity.quantity></Point><Point><position>7736</position><in_Quantity.quantity>0.000000</in_Quantity.quantity><out_Quantity.quantity>551.777268</out_Quantity.quantity></Point><Point><position>7737</position><in_Quantity.quantity>0.000000</in_Quantity.quantity><out_Quantity.quantity>140.692261</out_Quantity.quantity></Point><Point><position>7738</position><in_Quantity.quantity>0.000000</in_Quantity.quantity><out_Quantity.quantity>281.667289</out_Quantity.quantity></Point><Point><position>7739</position><in_Quantity.quantity>0.000000</in_Quantity.quantity><out_Quantity.quantity>513.264290</out_Quantity.quantity></Point><Point><position>7740</position><in_Quantity.quantity>0.000000</in_Quantity.quantity><out_Quantity.quantity>697.986237</out_Quantity.quantity></Point><Point><position>7741</position><in_Quantity.quantity>0.000000</in_Quantity.quantity><out_Quantity.quantity>417.406129</out_Quantity.quantity></Point><Point><position>7742</position><in_Quantity.quantity>0.000000</in_Quantity.quantity><out_Quantity.quantity>135.526353</out_Quantity.quantity></Point><Point><position>7743</position><in_Quantity.quantity>0.000000</in_Quantity.quantity><out_Quantity.quantity>460.116787</out_Quantity.quantity></Point><Point><position>7744</position><in_Quantity.quantity>0.000000</in_Quantity.quantity><out_Quantity.quantity>670.743781</out_Quantity.quantity></Point><Point><position>7745</position><in_Quantity.quantity>0.000000</in_Quantity.quantity><out_Quantity.quantity>911.665740</out_Quantity.quantity></Point><Point><position>7746</position><in_Quantity.quantity>0.000000</in_Quantity.quantity><out_Quantity.quantity>42.256234</out_Quantity.quantity></Point><Point><position>7747</position><in_Quantity.quantity>0.000000</in_Quantity.quantity><out_Quantity.quantity>195.353071</out_Quantity.quantity></Point><Point><position>7748</position><in_Quantity.quantity>0.000000</in_Quantity.quantity><out_Quantity.quantity>493.170896</out_Quantity.quantity></Point><Point><position>7749</position><in_Quantity.quantity>0.000000</in_Quantity.quantity><out_Quantity.quantity>992.150409</out_Quantity.quantity></Point><Point><position>7750</position><in_Quantity.quantity>0.000000</in_Quantity.quantity><out_Quantity.quantity>272.549400</out_Quantity.quantity></Point><Point><position>7751</position><in_Quantity.quantity>0.000000</in_Quantity.quantity><out_Quantity.quantity>565.987611</out_Quantity.quantity></Point><Point><position>7752</position><in_Quantity.quantity>0.000000</in_Quantity.quantity><out_Quantity.quantity>792.788525</out_Quantity.quantity></Point><Point><position>7753</position><in_Quantity.quantity>0.000000</in_Quantity.quantity><out_Quantity.quantity>682.792990</out_Quantity.quantity></Point><Point><position>7754</position><in_Quantity.quantity>0.000000</in_Quantity.quantity><out_Quantity.quantity>506.372326</out_Quantity.quantity></Point><Point><position>7755</position><in_Quantity.quantity>0.000000</in_Quantity.quantity><out_Quantity.quantity>80.011335</out_Quantity.quantity></Point><Point><position>7756</position><in_Quantity.quantity>0.000000</in_Quantity.quantity><out_Quantity.quantity>852.589043</out_Quantity.quantity></Point><Point><position>7757</position><in_Quantity.quantity>0.000000</in_Quantity.quantity><out_Quantity.quantity>921.770755</out_Quantity.quantity></Point><Point><position>7758</position><in_Quantity.quantity>0.000000</in_Quantity.quantity><out_Quantity.quantity>378.214519</out_Quantity.quantity></Point><Point><position>7759</position><in_Quantity.quantity>0.000000</in_Quantity.quantity><out_Quantity.quantity>547.128528</out_Quantity.quantity></Point><Point><position>7760</position><in_Quantity.quantity>0.000000</in_Quantity.quantity><out_Quantity.quantity>176.257682</out_Quantity.quantity></Point><Point><position>7761</position><in_Quantity.quantity>0.000000</in_Quantity.quantity><out_Quantity.quantity>498.143912</out_Quantity.quantity></Point><Point><position>7762</position><in_Quantity.quantity>0.000000</in_Quantity.quantity><out_Quantity.quantity>636.979588</out_Quantity.quantity></Point><Point><position>7763</position><in_Quantity.quantity>0.000000</in_Quantity.quantity><out_Quantity.quantity>111.985545</out_Quantity.quantity></Point><Point><position>7764</position><in_Quantity.quantity>0.000000</in_Quantity.quantity><out_Quantity.quantity>197.139173</out_Quantity.quantity></Point><Point><position>7765</position><in_Quantity.quantity>0.000000</in_Quantity.quantity><out_Quantity.quantity>399.272951</out_Quantity.quantity></Point><Point><position>7766</position><in_Quantity.quantity>0.000000</in_Quantity.quantity><out_Quantity.quantity>393.291843</out_Quantity.quantity></Point><Point><position>7767</position><in_Quantity.quantity>0.000000</in_Quantity.quantity><out_Quantity.quantity>574.863758</out_Quantity.quantity></Point><Point><position>7768</position><in_Quantity.quantity>0.000000</in_Quantity.quantity><out_Quantity.quantity>783.222339</out_Quantity.quantity></Point><Point><position>7769</position><in_Quantity.quantity>0.000000</in_Quantity.quantity><out_Quantity.quantity>556.946126</out_Quantity.quantity></Point><Point><position>7770</position><in_Quantity.quantity>0.000000</in_Quantity.quantity><out_Quantity.quantity>660.916662</out_Quantity.quantity></Point><Point><position>7771</position><in_Quantity.quantity>0.000000</in_Quantity.quantity><out_Quantity.quantity>857.444030</out_Quantity.quantity></Point><Point><position>7772</position><in_Quantity.quantity>0.000000</in_Quantity.quantity><out_Quantity.quantity>198.927699</out_Quantity.quantity></Point><Point><position>7773</position><in_Quantity.quantity>0.000000</in_Quantity.quantity><out_Quantity.quantity>982.236138</out_Quantity.quantity></Point><Point><position>7774</position><in_Quantity.quantity>0.000000</in_Quantity.quantity><out_Quantity.quantity>485.420115</out_Quantity.quantity></Point><Point><position>7775</position><in_Quantity.quantity>0.000000</in_Quantity.quantity><out_Quantity.quantity>663.502894</out_Quantity.quantity></Point><Point><position>7776</position><in_Quantity.quantity>0.000000</in_Quantity.quantity><out_Quantity.quantity>630.677943</out_Quantity.quantity></Point><Point><position>7777</position><in_Quantity.quantity>0.000000</in_Quantity.quantity><out_Quantity.quantity>643.478544</out_Quantity.quantity></Point><Point><position>7778</position><in_Quantity.quantity>0.000000</in_Quantity.quantity><out_Quantity.quantity>210.192387</out_Quantity.quantity></Point><Point><position>7779</position><in_Quantity.quantity>0.000000</in_Quantity.quantity><out_Quantity.quantity>672.549499</out_Quantity.quantity></Point><Point><position>7780</position><in_Quantity.quantity>0.000000</in_Quantity.quantity><out_Quantity.quantity>524.339637</out_Quantity.quantity></Point><Point><position>7781</position><in_Quantity.quantity>0.000000</in_Quantity.quantity><out_Quantity.quantity>176.305456</out_Quantity.quantity></Point><Point><position>7782</position><in_Quantity.quantity>0.000000</in_Quantity.quantity><out_Quantity.quantity>446.941329</out_Quantity.quantity></Point><Point><position>7783</position><in_Quantity.quantity>0.000000</in_Quantity.quantity><out_Quantity.quantity>509.260346</out_Quantity.quantity></Point><Point><position>7784</position><in_Quantity.quantity>0.000000</in_Quantity.quantity><out_Quantity.quantity>760.144233</out_Quantity.quantity></Point><Point><position>7785</position><in_Quantity.quantity>0.000000</in_Quantity.quantity><out_Quantity.quantity>947.041346</out_Quantity.quantity></Point><Point><position>7786</position><in_Quantity.quantity>0.000000</in_Quantity.quantity><out_Quantity.quantity>36.130068</out_Quantity.quantity></Point><Point><position>7787</position><in_Quantity.quantity>0.000000</in_Quantity.quantity><out_Quantity.quantity>210.527431</out_Quantity.quantity></Point><Point><position>7788</position><in_Quantity.quantity>0.000000</in_Quantity.quantity><out_Quantity.quantity>318.344850</out_Quantity.quantity></Point><Point><position>7789</position><in_Quantity.quantity>0.000000</in_Quantity.quantity><out_Quantity.quantity>946.069837</out_Quantity.quantity></Point><Point><position>7790</position><in_Quantity.quantity>0.000000</in_Quantity.quantity><out_Quantity.quantity>832.377960</out_Quantity.quantity></Point><Point><position>7791</position><in_Quantity.quantity>0.000000</in_Quantity.quantity><out_Quantity.quantity>599.046757</out_Quantity.quantity></Point><Point><position>7792</position><in_Quantity.quantity>0.000000</in_Quantity.quantity><out_Quantity.quantity>450.960624</out_Quantity.quantity></Point><Point><position>7793</position><in_Quantity.quantity>0.000000</in_Quantity.quantity><out_Quantity.quantity>291.404179</out_Quantity.quantity></Point><Point><position>7794</position><in_Quantity.quantity>0.000000</in_Quantity.quantity><out_Quantity.quantity>586.624744</out_Quantity.quantity></Point><Point><position>7795</position><in_Quantity.quantity>0.000000</in_Quantity.quantity><out_Quantity.quantity>643.076499</out_Quantity.quantity></Point><Point><position>7796</position><in_Quantity.quantity>0.000000</in_Quantity.quantity><out_Quantity.quantity>671.738542</out_Quantity.quantity></Point><Point><position>7797</position><in_Quantity.quantity>0.000000</in_Quantity.quantity><out_Quantity.quantity>9.457838</out_Quantity.quantity></Point><Point><position>7798</position><in_Quantity.quantity>0.000000</in_Quantity.quantity><out_Quantity.quantity>821.575229</out_Quantity.quantity></Point><Point><position>7799</position><in_Quantity.quantity>0.000000</in_Quantity.quantity><out_Quantity.quantity>683.174234</out_Quantity.quantity></Point><Point><position>7800</position><in_Quantity.quantity>0.000000</in_Quantity.quantity><out_Quantity.quantity>852.464847</out_Quantity.quantity></Point><Point><position>7801</position><in_Quantity.quantity>0.000000</in_Quantity.quantity><out_Quantity.quantity>135.410236</out_Quantity.quantity></Point><Point><position>7802</position><in_Quantity.quantity>0.000000</in_Quantity.quantity><out_Quantity.quantity>162.619528</out_Quantity.quantity></Point><Point><position>7803</position><in_Quantity.quantity>0.000000</in_Quantity.quantity><out_Quantity.quantity>961.602660</out_Quantity.quantity></Point><Point><position>7804</position><in_Quantity.quantity>0.000000</in_Quantity.quantity><out_Quantity.quantity>502.361758</out_Quantity.quantity></Point><Point><position>7805</position><in_Quantity.quantity>0.000000</in_Quantity.quantity><out_Quantity.quantity>658.727347</out_Quantity.quantity></Point><Point><position>7806</position><in_Quantity.quantity>0.000000</in_Quantity.quantity><out_Quantity.quantity>528.357283</out_Quantity.quantity></Point><Point><position>7807</position><in_Quantity.quantity>0.000000</in_Quantity.quantity><out_Quantity.quantity>545.854655</out_Quantity.quantity></Point><Point><position>7808</position><in_Quantity.quantity>0.000000</in_Quantity.quantity><out_Quantity.quantity>426.626153</out_Quantity.quantity></Point><Point><position>7809</position><in_Quantity.quantity>0.000000</in_Quantity.quantity><out_Quantity.quantity>978.455893</out_Quantity.quantity></Point><Point><position>7810</position><in_Quantity.quantity>0.000000</in_Quantity.quantity><out_Quantity.quantity>601.758108</out_Quantity.quantity></Point><Point><position>7811</position><in_Quantity.quantity>0.000000</in_Quantity.quantity><out_Quantity.quantity>287.628373</out_Quantity.quantity></Point><Point><position>7812</position><in_Quantity.quantity>0.000000</in_Quantity.quantity><out_Quantity.quantity>230.896820</out_Quantity.quantity></Point><Point><position>7813</position><in_Quantity.quantity>0.000000</in_Quantity.quantity><out_Quantity.quantity>955.284765</out_Quantity.quantity></Point><Point><position>7814</position><in_Quantity.quantity>0.000000</in_Quantity.quantity><out_Quantity.quantity>121.636508</out_Quantity.quantity></Point><Point><position>7815</position><in_Quantity.quantity>0.000000</in_Quantity.quantity><out_Quantity.quantity>153.297833</out_Quantity.quantity></Point><Point><position>7816</position><in_Quantity.quantity>0.000000</in_Quantity.quantity><out_Quantity.quantity>292.709577</out_Quantity.quantity></Point><Point><position>7817</position><in_Quantity.quantity>0.000000</in_Quantity.quantity><out_Quantity.quantity>39.480796</out_Quantity.quantity></Point><Point><position>7818</position><in_Quantity.quantity>0.000000</in_Quantity.quantity><out_Quantity.quantity>227.326158</out_Quantity.quantity></Point><Point><position>7819</position><in_Quantity.quantity>0.000000</in_Quantity.quantity><out_Quantity.quantity>37.454916</out_Quantity.quantity></Point><Point><position>7820</position><in_Quantity.quantity>0.000000</in_Quantity.quantity><out_Quantity.quantity>99.378205</out_Quantity.quantity></Point><Point><position>7821</position><in_Quantity.quantity>0.000000</in_Quantity.quantity><out_Quantity.quantity>53.303085</out_Quantity.quantity></Point><Point><position>7822</position><in_Quantity.quantity>0.000000</in_Quantity.quantity><out_Quantity.quantity>687.085765</out_Quantity.quantity></Point><Point><position>7823</position><in_Quantity.quantity>0.000000</in_Quantity.quantity><out_Quantity.quantity>37.643910</out_Quantity.quantity></Point><Point><position>7824</position><in_Quantity.quantity>0.000000</in_Quantity.quantity><out_Quantity.quantity>402.481098</out_Quantity.quantity></Point><Point><position>7825</position><in_Quantity.quantity>0.000000</in_Quantity.quantity><out_Quantity.quantity>167.418086</out_Quantity.quantity></Point><Point><position>7826</position><in_Quantity.quantity>0.000000</in_Quantity.quantity><out_Quantity.quantity>13.957782</out_Quantity.quantity></Point><Point><position>7827</position><in_Quantity.quantity>0.000000</in_Quantity.quantity><out_Quantity.quantity>28.819483</out_Quantity.quantity></Point><Point><position>7828</position><in_Quantity.quantity>0.000000</in_Quantity.quantity><out_Quantity.quantity>675.754952</out_Quantity.quantity></Point><Point><position>7829</position><in_Quantity.quantity>0.000000</in_Quantity.quantity><out_Quantity.quantity>175.724619</out_Quantity.quantity></Point><Point><position>7830</position><in_Quantity.quantity>0.000000</in_Quantity.quantity><out_Quantity.quantity>567.309372</out_Quantity.quantity></Point><Point><position>7831</position><in_Quantity.quantity>0.000000</in_Quantity.quantity><out_Quantity.quantity>123.937391</out_Quantity.quantity></Point><Point><position>7832</position><in_Quantity.quantity>0.000000</in_Quantity.quantity><out_Quantity.quantity>76.979372</out_Quantity.quantity></Point><Point><position>7833</position><in_Quantity.quantity>0.000000</in_Quantity.quantity><out_Quantity.quantity>699.353026</out_Quantity.quantity></Point><Point><position>7834</position><in_Quantity.quantity>0.000000</in_Quantity.quantity><out_Quantity.quantity>534.492193</out_Quantity.quantity></Point><Point><position>7835</position><in_Quantity.quantity>0.000000</in_Quantity.quantity><out_Quantity.quantity>766.580818</out_Quantity.quantity></Point><Point><position>7836</position><in_Quantity.quantity>0.000000</in_Quantity.quantity><out_Quantity.quantity>957.253876</out_Quantity.quantity></Point><Point><position>7837</position><in_Quantity.quantity>0.000000</in_Quantity.quantity><out_Quantity.quantity>424.616596</out_Quantity.quantity></Point><Point><position>7838</position><in_Quantity.quantity>0.000000</in_Quantity.quantity><out_Quantity.quantity>630.524026</out_Quantity.quantity></Point><Point><position>7839</position><in_Quantity.quantity>0.000000</in_Quantity.quantity><out_Quantity.quantity>498.086626</out_Quantity.quantity></Point><Point><position>7840</position><in_Quantity.quantity>0.000000</in_Quantity.quantity><out_Quantity.quantity>745.129888</out_Quantity.quantity></Point><Point><position>7841</position><in_Quantity.quantity>0.000000</in_Quantity.quantity><out_Quantity.quantity>950.409244</out_Quantity.quantity></Point><Point><position>7842</position><in_Quantity.quantity>0.000000</in_Quantity.quantity><out_Quantity.quantity>896.482015</out_Quantity.quantity></Point><Point><position>7843</position><in_Quantity.quantity>0.000000</in_Quantity.quantity><out_Quantity.quantity>791.550596</out_Quantity.quantity></Point><Point><position>7844</position><in_Quantity.quantity>0.000000</in_Quantity.quantity><out_Quantity.quantity>260.641065</out_Quantity.quantity></Point><Point><position>7845</position><in_Quantity.quantity>0.000000</in_Quantity.quantity><out_Quantity.quantity>102.416040</out_Quantity.quantity></Point><Point><position>7846</position><in_Quantity.quantity>0.000000</in_Quantity.quantity><out_Quantity.quantity>763.697387</out_Quantity.quantity></Point><Point><position>7847</position><in_Quantity.quantity>0.000000</in_Quantity.quantity><out_Quantity.quantity>486.703686</out_Quantity.quantity></Point><Point><position>7848</position><in_Quantity.quantity>0.000000</in_Quantity.quantity><out_Quantity.quantity>57.748954</out_Quantity.quantity></Point><Point><position>7849</position><in_Quantity.quantity>0.000000</in_Quantity.quantity><out_Quantity.quantity>826.974821</out_Quantity.quantity></Point><Point><position>7850</position><in_Quantity.quantity>0.000000</in_Quantity.quantity><out_Quantity.quantity>142.980339</out_Quantity.quantity></Point><Point><position>7851</position><in_Quantity.quantity>0.000000</in_Quantity.quantity><out_Quantity.quantity>652.324461</out_Quantity.quantity></Point><Point><position>7852</position><in_Quantity.quantity>0.000000</in_Quantity.quantity><out_Quantity.quantity>198.403848</out_Quantity.quantity></Point><Point><position>7853</position><in_Quantity.quantity>0.000000</in_Quantity.quantity><out_Quantity.quantity>898.173991</out_Quantity.quantity></Point><Point><position>7854</position><in_Quantity.quantity>0.000000</in_Quantity.quantity><out_Quantity.quantity>407.948626</out_Quantity.quantity></Point><Point><position>7855</position><in_Quantity.quantity>0.000000</in_Quantity.quantity><out_Quantity.quantity>460.417251</out_Quantity.quantity></Point><Point><position>7856</position><in_Quantity.quantity>0.000000</in_Quantity.quantity><out_Quantity.quantity>135.513674</out_Quantity.quantity></Point><Point><position>7857</position><in_Quantity.quantity>0.000000</in_Quantity.quantity><out_Quantity.quantity>394.692421</out_Quantity.quantity></Point><Point><position>7858</position><in_Quantity.quantity>0.000000</in_Quantity.quantity><out_Quantity.quantity>48.236281</out_Quantity.quantity></Point><Point><position>7859</position><in_Quantity.quantity>0.000000</in_Quantity.quantity><out_Quantity.quantity>786.464185</out_Quantity.quantity></Point><Point><position>7860</position><in_Quantity.quantity>0.000000</in_Quantity.quantity><out_Quantity.quantity>849.552544</out_Quantity.quantity></Point><Point><position>7861</position><in_Quantity.quantity>0.000000</in_Quantity.quantity><out_Quantity.quantity>574.468911</out_Quantity.quantity></Point><Point><position>7862</position><in_Quantity.quantity>0.000000</in_Quantity.quantity><out_Quantity.quantity>31.080594</out_Quantity.quantity></Point><Point><position>7863</position><in_Quantity.quantity>0.000000</in_Quantity.quantity><out_Quantity.quantity>606.338061</out_Quantity.quantity></Point><Point><position>7864</position><in_Quantity.quantity>0.000000</in_Quantity.quantity><out_Quantity.quantity>439.639647</out_Quantity.quantity></Point><Point><position>7865</position><in_Quantity.quantity>0.000000</in_Quantity.quantity><out_Quantity.quantity>605.181068</out_Quantity.quantity></Point><Point><position>7866</position><in_Quantity.quantity>0.000000</in_Quantity.quantity><out_Quantity.quantity>490.080709</out_Quantity.quantity></Point><Point><position>7867</position><in_Quantity.quantity>0.000000</in_Quantity.quantity><out_Quantity.quantity>905.447021</out_Quantity.quantity></Point><Point><position>7868</position><in_Quantity.quantity>0.000000</in_Quantity.quantity><out_Quantity.quantity>862.001098</out_Quantity.quantity></Point><Point><position>7869</position><in_Quantity.quantity>0.000000</in_Quantity.quantity><out_Quantity.quantity>296.540842</out_Quantity.quantity></Point><Point><position>7870</position><in_Quantity.quantity>0.000000</in_Quantity.quantity><out_Quantity.quantity>50.970143</out_Quantity.quantity></Point><Point><position>7871</position><in_Quantity.quantity>0.000000</in_Quantity.quantity><out_Quantity.quantity>209.656340</out_Quantity.quantity></Point><Point><position>7872</position><in_Quantity.quantity>0.000000</in_Quantity.quantity><out_Quantity.quantity>917.574800</out_Quantity.quantity></Point><Point><position>7873</position><in_Quantity.quantity>0.000000</in_Quantity.quantity><out_Quantity.quantity>445.310524</out_Quantity.quantity></Point><Point><position>7874</position><in_Quantity.quantity>0.000000</in_Quantity.quantity><out_Quantity.quantity>516.871306</out_Quantity.quantity></Point><Point><position>7875</position><in_Quantity.quantity>0.000000</in_Quantity.quantity><out_Quantity.quantity>448.059083</out_Quantity.quantity></Point><Point><position>7876</position><in_Quantity.quantity>0.000000</in_Quantity.quantity><out_Quantity.quantity>20.109043</out_Quantity.quantity></Point><Point><position>7877</position><in_Quantity.quantity>0.000000</in_Quantity.quantity><out_Quantity.quantity>276.787030</out_Quantity.quantity></Point><Point><position>7878</position><in_Quantity.quantity>0.000000</in_Quantity.quantity><out_Quantity.quantity>102.344137</out_Quantity.quantity></Point><Point><position>7879</position><in_Quantity.quantity>0.000000</in_Quantity.quantity><out_Quantity.quantity>103.365666</out_Quantity.quantity></Point><Point><position>7880</position><in_Quantity.quantity>0.000000</in_Quantity.quantity><out_Quantity.quantity>905.775108</out_Quantity.quantity></Point><Point><position>7881</position><in_Quantity.quantity>0.000000</in_Quantity.quantity><out_Quantity.quantity>550.394458</out_Quantity.quantity></Point><Point><position>7882</position><in_Quantity.quantity>0.000000</in_Quantity.quantity><out_Quantity.quantity>624.677929</out_Quantity.quantity></Point><Point><position>7883</position><in_Quantity.quantity>0.000000</in_Quantity.quantity><out_Quantity.quantity>78.682701</out_Quantity.quantity></Point><Point><position>7884</position><in_Quantity.quantity>0.000000</in_Quantity.quantity><out_Quantity.quantity>539.131760</out_Quantity.quantity></Point><Point><position>7885</position><in_Quantity.quantity>0.000000</in_Quantity.quantity><out_Quantity.quantity>54.740551</out_Quantity.quantity></Point><Point><position>7886</position><in_Quantity.quantity>0.000000</in_Quantity.quantity><out_Quantity.quantity>488.575685</out_Quantity.quantity></Point><Point><position>7887</position><in_Quantity.quantity>0.000000</in_Quantity.quantity><out_Quantity.quantity>235.580284</out_Quantity.quantity></Point><Point><position>7888</position><in_Quantity.quantity>0.000000</in_Quantity.quantity><out_Quantity.quantity>8.040010</out_Quantity.quantity></Point><Point><position>7889</position><in_Quantity.quantity>0.000000</in_Quantity.quantity><out_Quantity.quantity>255.660641</out_Quantity.quantity></Point><Point><position>7890</position><in_Quantity.quantity>0.000000</in_Quantity.quantity><out_Quantity.quantity>558.877225</out_Quantity.quantity></Point><Point><position>7891</position><in_Quantity.quantity>0.000000</in_Quantity.quantity><out_Quantity.quantity>637.757826</out_Quantity.quantity></Point><Point><position>7892</position><in_Quantity.quantity>0.000000</in_Quantity.quantity><out_Quantity.quantity>499.146058</out_Quantity.quantity></Point><Point><position>7893</position><in_Quantity.quantity>0.000000</in_Quantity.quantity><out_Quantity.quantity>796.375620</out_Quantity.quantity></Point><Point><position>7894</position><in_Quantity.quantity>0.000000</in_Quantity.quantity><out_Quantity.quantity>970.341981</out_Quantity.quantity></Point><Point><position>7895</position><in_Quantity.quantity>0.000000</in_Quantity.quantity><out_Quantity.quantity>974.516155</out_Quantity.quantity></Point><Point><position>7896</position><in_Quantity.quantity>0.000000</in_Quantity.quantity><out_Quantity.quantity>198.418442</out_Quantity.quantity></Point><Point><position>7897</position><in_Quantity.quantity>0.000000</in_Quantity.quantity><out_Quantity.quantity>981.834164</out_Quantity.quantity></Point><Point><position>7898</position><in_Quantity.quantity>0.000000</in_Quantity.quantity><out_Quantity.quantity>860.078883</out_Quantity.quantity></Point><Point><position>7899</position><in_Quantity.quantity>0.000000</in_Quantity.quantity><out_Quantity.quantity>485.675733</out_Quantity.quantity></Point><Point><position>7900</position><in_Quantity.quantity>0.000000</in_Quantity.quantity><out_Quantity.quantity>122.545804</out_Quantity.quantity></Point><Point><position>7901</position><in_Quantity.quantity>0.000000</in_Quantity.quantity><out_Quantity.quantity>246.426819</out_Quantity.quantity></Point><Point><position>7902</position><in_Quantity.quantity>0.000000</in_Quantity.quantity><out_Quantity.quantity>707.439899</out_Quantity.quantity></Point><Point><position>7903</position><in_Quantity.quantity>0.000000</in_Quantity.quantity><out_Quantity.quantity>282.742576</out_Quantity.quantity></Point><Point><position>7904</position><in_Quantity.quantity>0.000000</in_Quantity.quantity><out_Quantity.quantity>74.986152</out_Quantity.quantity></Point><Point><position>7905</position><in_Quantity.quantity>0.000000</in_Quantity.quantity><out_Quantity.quantity>939.854411</out_Quantity.quantity></Point><Point><position>7906</position><in_Quantity.quantity>0.000000</in_Quantity.quantity><out_Quantity.quantity>377.192611</out_Quantity.quantity></Point><Point><position>7907</position><in_Quantity.quantity>0.000000</in_Quantity.quantity><out_Quantity.quantity>54.031837</out_Quantity.quantity></Point><Point><position>7908</position><in_Quantity.quantity>0.000000</in_Quantity.quantity><out_Quantity.quantity>787.203621</out_Quantity.quantity></Point><Point><position>7909</position><in_Quantity.quantity>0.000000</in_Quantity.quantity><out_Quantity.quantity>678.344811</out_Quantity.quantity></Point><Point><position>7910</position><in_Quantity.quantity>0.000000</in_Quantity.quantity><out_Quantity.quantity>392.128120</out_Quantity.quantity></Point><Point><position>7911</position><in_Quantity.quantity>0.000000</in_Quantity.quantity><out_Quantity.quantity>351.994394</out_Quantity.quantity></Point><Point><position>7912</position><in_Quantity.quantity>0.000000</in_Quantity.quantity><out_Quantity.quantity>175.185988</out_Quantity.quantity></Point><Point><position>7913</position><in_Quantity.quantity>0.000000</in_Quantity.quantity><out_Quantity.quantity>238.603022</out_Quantity.quantity></Point><Point><position>7914</position><in_Quantity.quantity>0.000000</in_Quantity.quantity><out_Quantity.quantity>714.984947</out_Quantity.quantity></Point><Point><position>7915</position><in_Quantity.quantity>0.000000</in_Quantity.quantity><out_Quantity.quantity>423.171557</out_Quantity.quantity></Point><Point><position>7916</position><in_Quantity.quantity>0.000000</in_Quantity.quantity><out_Quantity.quantity>604.630983</out_Quantity.quantity></Point><Point><position>7917</position><in_Quantity.quantity>0.000000</in_Quantity.quantity><out_Quantity.quantity>276.246636</out_Quantity.quantity></Point><Point><position>7918</position><in_Quantity.quantity>0.000000</in_Quantity.quantity><out_Quantity.quantity>961.181619</out_Quantity.quantity></Point><Point><position>7919</position><in_Quantity.quantity>0.000000</in_Quantity.quantity><out_Quantity.quantity>579.090022</out_Quantity.quantity></Point><Point><position>7920</position><in_Quantity.quantity>0.000000</in_Quantity.quantity><out_Quantity.quantity>409.165808</out_Quantity.quantity></Point><Point><position>7921</position><in_Quantity.quantity>0.000000</in_Quantity.quantity><out_Quantity.quantity>152.948450</out_Quantity.quantity></Point><Point><position>7922</position><in_Quantity.quantity>0.000000</in_Quantity.quantity><out_Quantity.quantity>730.994003</out_Quantity.quantity></Point><Point><position>7923</position><in_Quantity.quantity>0.000000</in_Quantity.quantity><out_Quantity.quantity>603.859048</out_Quantity.quantity></Point><Point><position>7924</position><in_Quantity.quantity>0.000000</in_Quantity.quantity><out_Quantity.quantity>765.470058</out_Quantity.quantity></Point><Point><position>7925</position><in_Quantity.quantity>0.000000</in_Quantity.quantity><out_Quantity.quantity>849.791722</out_Quantity.quantity></Point><Point><position>7926</position><in_Quantity.quantity>0.000000</in_Quantity.quantity><out_Quantity.quantity>123.508753</out_Quantity.quantity></Point><Point><position>7927</position><in_Quantity.quantity>0.000000</in_Quantity.quantity><out_Quantity.quantity>551.084920</out_Quantity.quantity></Point><Point><position>7928</position><in_Quantity.quantity>0.000000</in_Quantity.quantity><out_Quantity.quantity>88.507291</out_Quantity.quantity></Point><Point><position>7929</position><in_Quantity.quantity>0.000000</in_Quantity.quantity><out_Quantity.quantity>674.224371</out_Quantity.quantity></Point><Point><position>7930</position><in_Quantity.quantity>0.000000</in_Quantity.quantity><out_Quantity.quantity>558.444648</out_Quantity.quantity></Point><Point><position>7931</position><in_Quantity.quantity>0.000000</in_Quantity.quantity><out_Quantity.quantity>254.902595</out_Quantity.quantity></Point><Point><position>7932</position><in_Quantity.quantity>0.000000</in_Quantity.quantity><out_Quantity.quantity>430.753367</out_Quantity.quantity></Point><Point><position>7933</position><in_Quantity.quantity>0.000000</in_Quantity.quantity><out_Quantity.quantity>227.379969</out_Quantity.quantity></Point><Point><position>7934</position><in_Quantity.quantity>0.000000</in_Quantity.quantity><out_Quantity.quantity>630.598734</out_Quantity.quantity></Point><Point><position>7935</position><in_Quantity.quantity>0.000000</in_Quantity.quantity><out_Quantity.quantity>920.985629</out_Quantity.quantity></Point><Point><position>7936</position><in_Quantity.quantity>0.000000</in_Quantity.quantity><out_Quantity.quantity>350.507069</out_Quantity.quantity></Point><Point><position>7937</position><in_Quantity.quantity>0.000000</in_Quantity.quantity><out_Quantity.quantity>518.661903</out_Quantity.quantity></Point><Point><position>7938</position><in_Quantity.quantity>0.000000</in_Quantity.quantity><out_Quantity.quantity>957.868952</out_Quantity.quantity></Point><Point><position>7939</position><in_Quantity.quantity>0.000000</in_Quantity.quantity><out_Quantity.quantity>157.560661</out_Quantity.quantity></Point><Point><position>7940</position><in_Quantity.quantity>0.000000</in_Quantity.quantity><out_Quantity.quantity>409.650063</out_Quantity.quantity></Point><Point><position>7941</position><in_Quantity.quantity>0.000000</in_Quantity.quantity><out_Quantity.quantity>683.832073</out_Quantity.quantity></Point><Point><position>7942</position><in_Quantity.quantity>0.000000</in_Quantity.quantity><out_Quantity.quantity>107.282560</out_Quantity.quantity></Point><Point><position>7943</position><in_Quantity.quantity>0.000000</in_Quantity.quantity><out_Quantity.quantity>434.021471</out_Quantity.quantity></Point><Point><position>7944</position><in_Quantity.quantity>0.000000</in_Quantity.quantity><out_Quantity.quantity>729.591753</out_Quantity.quantity></Point><Point><position>7945</position><in_Quantity.quantity>0.000000</in_Quantity.quantity><out_Quantity.quantity>766.554570</out_Quantity.quantity></Point><Point><position>7946</position><in_Quantity.quantity>0.000000</in_Quantity.quantity><out_Quantity.quantity>353.977727</out_Quantity.quantity></Point><Point><position>7947</position><in_Quantity.quantity>0.000000</in_Quantity.quantity><out_Quantity.quantity>857.722382</out_Quantity.quantity></Point><Point><position>7948</position><in_Quantity.quantity>0.000000</in_Quantity.quantity><out_Quantity.quantity>874.969226</out_Quantity.quantity></Point><Point><position>7949</position><in_Quantity.quantity>0.000000</in_Quantity.quantity><out_Quantity.quantity>219.384638</out_Quantity.quantity></Point><Point><position>7950</position><in_Quantity.quantity>0.000000</in_Quantity.quantity><out_Quantity.quantity>458.760387</out_Quantity.quantity></Point><Point><position>7951</position><in_Quantity.quantity>0.000000</in_Quantity.quantity><out_Quantity.quantity>734.718132</out_Quantity.quantity></Point><Point><position>7952</position><in_Quantity.quantity>0.000000</in_Quantity.quantity><out_Quantity.quantity>390.343642</out_Quantity.quantity></Point><Point><position>7953</position><in_Quantity.quantity>0.000000</in_Quantity.quantity><out_Quantity.quantity>944.576542</out_Quantity.quantity></Point><Point><position>7954</position><in_Quantity.quantity>0.000000</in_Quantity.quantity><out_Quantity.quantity>363.706977</out_Quantity.quantity></Point><Point><position>7955</position><in_Quantity.quantity>0.000000</in_Quantity.quantity><out_Quantity.quantity>333.847670</out_Quantity.quantity></Point><Point><position>7956</position><in_Quantity.quantity>0.000000</in_Quantity.quantity><out_Quantity.quantity>516.797659</out_Quantity.quantity></Point><Point><position>7957</position><in_Quantity.quantity>0.000000</in_Quantity.quantity><out_Quantity.quantity>429.137509</out_Quantity.quantity></Point><Point><position>7958</position><in_Quantity.quantity>0.000000</in_Quantity.quantity><out_Quantity.quantity>346.241659</out_Quantity.quantity></Point><Point><position>7959</position><in_Quantity.quantity>0.000000</in_Quantity.quantity><out_Quantity.quantity>927.459173</out_Quantity.quantity></Point><Point><position>7960</position><in_Quantity.quantity>0.000000</in_Quantity.quantity><out_Quantity.quantity>910.273695</out_Quantity.quantity></Point><Point><position>7961</position><in_Quantity.quantity>0.000000</in_Quantity.quantity><out_Quantity.quantity>660.969571</out_Quantity.quantity></Point><Point><position>7962</position><in_Quantity.quantity>0.000000</in_Quantity.quantity><out_Quantity.quantity>355.564575</out_Quantity.quantity></Point><Point><position>7963</position><in_Quantity.quantity>0.000000</in_Quantity.quantity><out_Quantity.quantity>127.018289</out_Quantity.quantity></Point><Point><position>7964</position><in_Quantity.quantity>0.000000</in_Quantity.quantity><out_Quantity.quantity>81.523675</out_Quantity.quantity></Point><Point><position>7965</position><in_Quantity.quantity>0.000000</in_Quantity.quantity><out_Quantity.quantity>645.583068</out_Quantity.quantity></Point><Point><position>7966</position><in_Quantity.quantity>0.000000</in_Quantity.quantity><out_Quantity.quantity>744.365739</out_Quantity.quantity></Point><Point><position>7967</position><in_Quantity.quantity>0.000000</in_Quantity.quantity><out_Quantity.quantity>682.151485</out_Quantity.quantity></Point><Point><position>7968</position><in_Quantity.quantity>0.000000</in_Quantity.quantity><out_Quantity.quantity>943.135615</out_Quantity.quantity></Point><Point><position>7969</position><in_Quantity.quantity>0.000000</in_Quantity.quantity><out_Quantity.quantity>689.072960</out_Quantity.quantity></Point><Point><position>7970</position><in_Quantity.quantity>0.000000</in_Quantity.quantity><out_Quantity.quantity>351.288298</out_Quantity.quantity></Point><Point><position>7971</position><in_Quantity.quantity>0.000000</in_Quantity.quantity><out_Quantity.quantity>801.267866</out_Quantity.quantity></Point><Point><position>7972</position><in_Quantity.quantity>0.000000</in_Quantity.quantity><out_Quantity.quantity>133.167035</out_Quantity.quantity></Point><Point><position>7973</position><in_Quantity.quantity>0.000000</in_Quantity.quantity><out_Quantity.quantity>359.263237</out_Quantity.quantity></Point><Point><position>7974</position><in_Quantity.quantity>0.000000</in_Quantity.quantity><out_Quantity.quantity>585.123632</out_Quantity.quantity></Point><Point><position>7975</position><in_Quantity.quantity>0.000000</in_Quantity.quantity><out_Quantity.quantity>206.192806</out_Quantity.quantity></Point><Point><position>7976</position><in_Quantity.quantity>0.000000</in_Quantity.quantity><out_Quantity.quantity>6.618635</out_Quantity.quantity></Point><Point><position>7977</position><in_Quantity.quantity>0.000000</in_Quantity.quantity><out_Quantity.quantity>959.822187</out_Quantity.quantity></Point><Point><position>7978</position><in_Quantity.quantity>0.000000</in_Quantity.quantity><out_Quantity.quantity>841.943005</out_Quantity.quantity></Point><Point><position>7979</position><in_Quantity.quantity>0.000000</in_Quantity.quantity><out_Quantity.quantity>422.483844</out_Quantity.quantity></Point><Point><position>7980</position><in_Quantity.quantity>0.000000</in_Quantity.quantity><out_Quantity.quantity>447.016891</out_Quantity.quantity></Point><Point><position>7981</position><in_Quantity.quantity>0.000000</in_Quantity.quantity><out_Quantity.quantity>760.867852</out_Quantity.quantity></Point><Point><position>7982</position><in_Quantity.quantity>0.000000</in_Quantity.quantity><out_Quantity.quantity>256.619399</out_Quantity.quantity></Point><Point><position>7983</position><in_Quantity.quantity>0.000000</in_Quantity.quantity><out_Quantity.quantity>477.038742</out_Quantity.quantity></Point><Point><position>7984</position><in_Quantity.quantity>0.000000</in_Quantity.quantity><out_Quantity.quantity>278.565452</out_Quantity.quantity></Point><Point><position>7985</position><in_Quantity.quantity>0.000000</in_Quantity.quantity><out_Quantity.quantity>580.586113</out_Quantity.quantity></Point><Point><position>7986</position><in_Quantity.quantity>0.000000</in_Quantity.quantity><out_Quantity.quantity>302.343127</out_Quantity.quantity></Point><Point><position>7987</position><in_Quantity.quantity>0.000000</in_Quantity.quantity><out_Quantity.quantity>606.820692</out_Quantity.quantity></Point><Point><position>7988</position><in_Quantity.quantity>0.000000</in_Quantity.quantity><out_Quantity.quantity>376.465368</out_Quantity.quantity></Point><Point><position>7989</position><in_Quantity.quantity>0.000000</in_Quantity.quantity><out_Quantity.quantity>737.143290</out_Quantity.quantity></Point><Point><position>7990</position><in_Quantity.quantity>0.000000</in_Quantity.quantity><out_Quantity.quantity>150.705326</out_Quantity.quantity></Point><Point><position>7991</position><in_Quantity.quantity>0.000000</in_Quantity.quantity><out_Quantity.quantity>780.319207</out_Quantity.quantity></Point><Point><position>7992</position><in_Quantity.quantity>0.000000</in_Quantity.quantity><out_Quantity.quantity>226.105046</out_Quantity.quantity></Point><Point><position>7993</position><in_Quantity.quantity>0.000000</in_Quantity.quantity><out_Quantity.quantity>449.618109</out_Quantity.quantity></Point><Point><position>7994</position><in_Quantity.quantity>0.000000</in_Quantity.quantity><out_Quantity.quantity>379.443861</out_Quantity.quantity></Point><Point><position>7995</position><in_Quantity.quantity>0.000000</in_Quantity.quantity><out_Quantity.quantity>283.120607</out_Quantity.quantity></Point><Point><position>7996</position><in_Quantity.quantity>0.000000</in_Quantity.quantity><out_Quantity.quantity>117.210916</out_Quantity.quantity></Point><Point><position>7997</position><in_Quantity.quantity>0.000000</in_Quantity.quantity><out_Quantity.quantity>277.375443</out_Quantity.quantity></Point><Point><position>7998</position><in_Quantity.quantity>0.000000</in_Quantity.quantity><out_Quantity.quantity>974.773824</out_Quantity.quantity></Point><Point><position>7999</position><in_Quantity.quantity>0.000000</in_Quantity.quantity><out_Quantity.quantity>17.611909</out_Quantity.quantity></Point><Point><position>8000</position><in_Quantity.quantity>0.000000</in_Quantity.quantity><out_Quantity.quantity>688.958666</out_Quantity.quantity></Point><Point><position>8001</position><in_Quantity.quantity>0.000000</in_Quantity.quantity><out_Quantity.quantity>979.027726</out_Quantity.quantity></Point><Point><position>8002</position><in_Quantity.quantity>0.000000</in_Quantity.quantity><out_Quantity.quantity>933.989336</out_Quantity.quantity></Point><Point><position>8003</position><in_Quantity.quantity>0.000000</in_Quantity.quantity><out_Quantity.quantity>883.157853</out_Quantity.quantity></Point><Point><position>8004</position><in_Quantity.quantity>0.000000</in_Quantity.quantity><out_Quantity.quantity>844.513353</out_Quantity.quantity></Point><Point><position>8005</position><in_Quantity.quantity>0.000000</in_Quantity.quantity><out_Quantity.quantity>188.517941</out_Quantity.quantity></Point><Point><position>8006</position><in_Quantity.quantity>0.000000</in_Quantity.quantity><out_Quantity.quantity>392.152666</out_Quantity.quantity></Point><Point><position>8007</position><in_Quantity.quantity>0.000000</in_Quantity.quantity><out_Quantity.quantity>250.506528</out_Quantity.quantity></Point><Point><position>8008</position><in_Quantity.quantity>0.000000</in_Quantity.quantity><out_Quantity.quantity>46.858701</out_Quantity.quantity></Point><Point><position>8009</position><in_Quantity.quantity>0.000000</in_Quantity.quantity><out_Quantity.quantity>246.549933</out_Quantity.quantity></Point><Point><position>8010</position><in_Quantity.quantity>0.000000</in_Quantity.quantity><out_Quantity.quantity>324.511271</out_Quantity.quantity></Point><Point><position>8011</position><in_Quantity.quantity>0.000000</in_Quantity.quantity><out_Quantity.quantity>348.898388</out_Quantity.quantity></Point><Point><position>8012</position><in_Quantity.quantity>0.000000</in_Quantity.quantity><out_Quantity.quantity>781.398324</out_Quantity.quantity></Point><Point><position>8013</position><in_Quantity.quantity>0.000000</in_Quantity.quantity><out_Quantity.quantity>92.073914</out_Quantity.quantity></Point><Point><position>8014</position><in_Quantity.quantity>0.000000</in_Quantity.quantity><out_Quantity.quantity>461.522607</out_Quantity.quantity></Point><Point><position>8015</position><in_Quantity.quantity>0.000000</in_Quantity.quantity><out_Quantity.quantity>913.660955</out_Quantity.quantity></Point><Point><position>8016</position><in_Quantity.quantity>0.000000</in_Quantity.quantity><out_Quantity.quantity>54.332566</out_Quantity.quantity></Point><Point><position>8017</position><in_Quantity.quantity>0.000000</in_Quantity.quantity><out_Quantity.quantity>448.922122</out_Quantity.quantity></Point><Point><position>8018</position><in_Quantity.quantity>0.000000</in_Quantity.quantity><out_Quantity.quantity>587.227405</out_Quantity.quantity></Point><Point><position>8019</position><in_Quantity.quantity>0.000000</in_Quantity.quantity><out_Quantity.quantity>786.350126</out_Quantity.quantity></Point><Point><position>8020</position><in_Quantity.quantity>0.000000</in_Quantity.quantity><out_Quantity.quantity>431.878857</out_Quantity.quantity></Point><Point><position>8021</position><in_Quantity.quantity>0.000000</in_Quantity.quantity><out_Quantity.quantity>928.344344</out_Quantity.quantity></Point><Point><position>8022</position><in_Quantity.quantity>0.000000</in_Quantity.quantity><out_Quantity.quantity>401.143570</out_Quantity.quantity></Point><Point><position>8023</position><in_Quantity.quantity>0.000000</in_Quantity.quantity><out_Quantity.quantity>763.718918</out_Quantity.quantity></Point><Point><position>8024</position><in_Quantity.quantity>0.000000</in_Quantity.quantity><out_Quantity.quantity>440.755375</out_Quantity.quantity></Point><Point><position>8025</position><in_Quantity.quantity>0.000000</in_Quantity.quantity><out_Quantity.quantity>364.815162</out_Quantity.quantity></Point><Point><position>8026</position><in_Quantity.quantity>0.000000</in_Quantity.quantity><out_Quantity.quantity>440.055164</out_Quantity.quantity></Point><Point><position>8027</position><in_Quantity.quantity>0.000000</in_Quantity.quantity><out_Quantity.quantity>14.973057</out_Quantity.quantity></Point><Point><position>8028</position><in_Quantity.quantity>0.000000</in_Quantity.quantity><out_Quantity.quantity>397.349504</out_Quantity.quantity></Point><Point><position>8029</position><in_Quantity.quantity>0.000000</in_Quantity.quantity><out_Quantity.quantity>744.127197</out_Quantity.quantity></Point><Point><position>8030</position><in_Quantity.quantity>0.000000</in_Quantity.quantity><out_Quantity.quantity>672.044059</out_Quantity.quantity></Point><Point><position>8031</position><in_Quantity.quantity>0.000000</in_Quantity.quantity><out_Quantity.quantity>730.675328</out_Quantity.quantity></Point><Point><position>8032</position><in_Quantity.quantity>0.000000</in_Quantity.quantity><out_Quantity.quantity>742.105764</out_Quantity.quantity></Point><Point><position>8033</position><in_Quantity.quantity>0.000000</in_Quantity.quantity><out_Quantity.quantity>541.647157</out_Quantity.quantity></Point><Point><position>8034</position><in_Quantity.quantity>0.000000</in_Quantity.quantity><out_Quantity.quantity>836.016114</out_Quantity.quantity></Point><Point><position>8035</position><in_Quantity.quantity>0.000000</in_Quantity.quantity><out_Quantity.quantity>494.235252</out_Quantity.quantity></Point><Point><position>8036</position><in_Quantity.quantity>0.000000</in_Quantity.quantity><out_Quantity.quantity>988.290719</out_Quantity.quantity></Point><Point><position>8037</position><in_Quantity.quantity>0.000000</in_Quantity.quantity><out_Quantity.quantity>416.347564</out_Quantity.quantity></Point><Point><position>8038</position><in_Quantity.quantity>0.000000</in_Quantity.quantity><out_Quantity.quantity>115.450386</out_Quantity.quantity></Point><Point><position>8039</position><in_Quantity.quantity>0.000000</in_Quantity.quantity><out_Quantity.quantity>861.746515</out_Quantity.quantity></Point><Point><position>8040</position><in_Quantity.quantity>0.000000</in_Quantity.quantity><out_Quantity.quantity>882.341694</out_Quantity.quantity></Point><Point><position>8041</position><in_Quantity.quantity>0.000000</in_Quantity.quantity><out_Quantity.quantity>190.216768</out_Quantity.quantity></Point><Point><position>8042</position><in_Quantity.quantity>0.000000</in_Quantity.quantity><out_Quantity.quantity>123.411329</out_Quantity.quantity></Point><Point><position>8043</position><in_Quantity.quantity>0.000000</in_Quantity.quantity><out_Quantity.quantity>919.056506</out_Quantity.quantity></Point><Point><position>8044</position><in_Quantity.quantity>0.000000</in_Quantity.quantity><out_Quantity.quantity>118.340638</out_Quantity.quantity></Point><Point><position>8045</position><in_Quantity.quantity>0.000000</in_Quantity.quantity><out_Quantity.quantity>360.418886</out_Quantity.quantity></Point><Point><position>8046</position><in_Quantity.quantity>0.000000</in_Quantity.quantity><out_Quantity.quantity>662.462301</out_Quantity.quantity></Point><Point><position>8047</position><in_Quantity.quantity>0.000000</in_Quantity.quantity><out_Quantity.quantity>536.277136</out_Quantity.quantity></Point><Point><position>8048</position><in_Quantity.quantity>0.000000</in_Quantity.quantity><out_Quantity.quantity>557.117166</out_Quantity.quantity></Point><Point><position>8049</position><in_Quantity.quantity>0.000000</in_Quantity.quantity><out_Quantity.quantity>663.291151</out_Quantity.quantity></Point><Point><position>8050</position><in_Quantity.quantity>0.000000</in_Quantity.quantity><out_Quantity.quantity>162.187494</out_Quantity.quantity></Point><Point><position>8051</position><in_Quantity.quantity>0.000000</in_Quantity.quantity><out_Quantity.quantity>165.666561</out_Quantity.quantity></Point><Point><position>8052</position><in_Quantity.quantity>0.000000</in_Quantity.quantity><out_Quantity.quantity>336.196267</out_Quantity.quantity></Point><Point><position>8053</position><in_Quantity.quantity>0.000000</in_Quantity.quantity><out_Quantity.quantity>108.653836</out_Quantity.quantity></Point><Point><position>8054</position><in_Quantity.quantity>0.000000</in_Quantity.quantity><out_Quantity.quantity>190.023952</out_Quantity.quantity></Point><Point><position>8055</position><in_Quantity.quantity>0.000000</in_Quantity.quantity><out_Quantity.quantity>203.894257</out_Quantity.quantity></Point><Point><position>8056</position><in_Quantity.quantity>0.000000</in_Quantity.quantity><out_Quantity.quantity>316.522131</out_Quantity.quantity></Point><Point><position>8057</position><in_Quantity.quantity>0.000000</in_Quantity.quantity><out_Quantity.quantity>180.746516</out_Quantity.quantity></Point><Point><position>8058</position><in_Quantity.quantity>0.000000</in_Quantity.quantity><out_Quantity.quantity>416.194974</out_Quantity.quantity></Point><Point><position>8059</position><in_Quantity.quantity>0.000000</in_Quantity.quantity><out_Quantity.quantity>740.032353</out_Quantity.quantity></Point><Point><position>8060</position><in_Quantity.quantity>0.000000</in_Quantity.quantity><out_Quantity.quantity>781.640200</out_Quantity.quantity></Point><Point><position>8061</position><in_Quantity.quantity>0.000000</in_Quantity.quantity><out_Quantity.quantity>69.899088</out_Quantity.quantity></Point><Point><position>8062</position><in_Quantity.quantity>0.000000</in_Quantity.quantity><out_Quantity.quantity>646.663740</out_Quantity.quantity></Point><Point><position>8063</position><in_Quantity.quantity>0.000000</in_Quantity.quantity><out_Quantity.quantity>129.948622</out_Quantity.quantity></Point><Point><position>8064</position><in_Quantity.quantity>0.000000</in_Quantity.quantity><out_Quantity.quantity>777.044126</out_Quantity.quantity></Point><Point><position>8065</position><in_Quantity.quantity>0.000000</in_Quantity.quantity><out_Quantity.quantity>563.475367</out_Quantity.quantity></Point><Point><position>8066</position><in_Quantity.quantity>0.000000</in_Quantity.quantity><out_Quantity.quantity>830.834161</out_Quantity.quantity></Point><Point><position>8067</position><in_Quantity.quantity>0.000000</in_Quantity.quantity><out_Quantity.quantity>935.751819</out_Quantity.quantity></Point><Point><position>8068</position><in_Quantity.quantity>0.000000</in_Quantity.quantity><out_Quantity.quantity>182.046849</out_Quantity.quantity></Point><Point><position>8069</position><in_Quantity.quantity>0.000000</in_Quantity.quantity><out_Quantity.quantity>126.032938</out_Quantity.quantity></Point><Point><position>8070</position><in_Quantity.quantity>0.000000</in_Quantity.quantity><out_Quantity.quantity>8.412013</out_Quantity.quantity></Point><Point><position>8071</position><in_Quantity.quantity>0.000000</in_Quantity.quantity><out_Quantity.quantity>957.893759</out_Quantity.quantity></Point><Point><position>8072</position><in_Quantity.quantity>0.000000</in_Quantity.quantity><out_Quantity.quantity>484.232448</out_Quantity.quantity></Point><Point><position>8073</position><in_Quantity.quantity>0.000000</in_Quantity.quantity><out_Quantity.quantity>209.927232</out_Quantity.quantity></Point><Point><position>8074</position><in_Quantity.quantity>0.000000</in_Quantity.quantity><out_Quantity.quantity>831.631284</out_Quantity.quantity></Point><Point><position>8075</position><in_Quantity.quantity>0.000000</in_Quantity.quantity><out_Quantity.quantity>836.682587</out_Quantity.quantity></Point><Point><position>8076</position><in_Quantity.quantity>0.000000</in_Quantity.quantity><out_Quantity.quantity>112.095461</out_Quantity.quantity></Point><Point><position>8077</position><in_Quantity.quantity>0.000000</in_Quantity.quantity><out_Quantity.quantity>103.426648</out_Quantity.quantity></Point><Point><position>8078</position><in_Quantity.quantity>0.000000</in_Quantity.quantity><out_Quantity.quantity>401.249131</out_Quantity.quantity></Point><Point><position>8079</position><in_Quantity.quantity>0.000000</in_Quantity.quantity><out_Quantity.quantity>874.916137</out_Quantity.quantity></Point><Point><position>8080</position><in_Quantity.quantity>0.000000</in_Quantity.quantity><out_Quantity.quantity>667.812180</out_Quantity.quantity></Point><Point><position>8081</position><in_Quantity.quantity>0.000000</in_Quantity.quantity><out_Quantity.quantity>860.812560</out_Quantity.quantity></Point><Point><position>8082</position><in_Quantity.quantity>0.000000</in_Quantity.quantity><out_Quantity.quantity>152.009736</out_Quantity.quantity></Point><Point><position>8083</position><in_Quantity.quantity>0.000000</in_Quantity.quantity><out_Quantity.quantity>980.839832</out_Quantity.quantity></Point><Point><position>8084</position><in_Quantity.quantity>0.000000</in_Quantity.quantity><out_Quantity.quantity>44.423352</out_Quantity.quantity></Point><Point><position>8085</position><in_Quantity.quantity>0.000000</in_Quantity.quantity><out_Quantity.quantity>252.024387</out_Quantity.quantity></Point><Point><position>8086</position><in_Quantity.quantity>0.000000</in_Quantity.quantity><out_Quantity.quantity>863.521819</out_Quantity.quantity></Point><Point><position>8087</position><in_Quantity.quantity>0.000000</in_Quantity.quantity><out_Quantity.quantity>546.037974</out_Quantity.quantity></Point><Point><position>8088</position><in_Quantity.quantity>0.000000</in_Quantity.quantity><out_Quantity.quantity>135.811300</out_Quantity.quantity></Point><Point><position>8089</position><in_Quantity.quantity>0.000000</in_Quantity.quantity><out_Quantity.quantity>630.766828</out_Quantity.quantity></Point><Point><position>8090</position><in_Quantity.quantity>0.000000</in_Quantity.quantity><out_Quantity.quantity>177.474384</out_Quantity.quantity></Point><Point><position>8091</position><in_Quantity.quantity>0.000000</in_Quantity.quantity><out_Quantity.quantity>264.248986</out_Quantity.quantity></Point><Point><position>8092</position><in_Quantity.quantity>0.000000</in_Quantity.quantity><out_Quantity.quantity>759.333134</out_Quantity.quantity></Point><Point><position>8093</position><in_Quantity.quantity>0.000000</in_Quantity.quantity><out_Quantity.quantity>533.464235</out_Quantity.quantity></Point><Point><position>8094</position><in_Quantity.quantity>0.000000</in_Quantity.quantity><out_Quantity.quantity>40.947809</out_Quantity.quantity></Point><Point><position>8095</position><in_Quantity.quantity>0.000000</in_Quantity.quantity><out_Quantity.quantity>341.293773</out_Quantity.quantity></Point><Point><position>8096</position><in_Quantity.quantity>0.000000</in_Quantity.quantity><out_Quantity.quantity>593.046171</out_Quantity.quantity></Point><Point><position>8097</position><in_Quantity.quantity>0.000000</in_Quantity.quantity><out_Quantity.quantity>199.253319</out_Quantity.quantity></Point><Point><position>8098</position><in_Quantity.quantity>0.000000</in_Quantity.quantity><out_Quantity.quantity>285.009225</out_Quantity.quantity></Point><Point><position>8099</position><in_Quantity.quantity>0.000000</in_Quantity.quantity><out_Quantity.quantity>467.799285</out_Quantity.quantity></Point><Point><position>8100</position><in_Quantity.quantity>0.000000</in_Quantity.quantity><out_Quantity.quantity>77.228058</out_Quantity.quantity></Point><Point><position>8101</position><in_Quantity.quantity>0.000000</in_Quantity.quantity><out_Quantity.quantity>695.258791</out_Quantity.quantity></Point><Point><position>8102</position><in_Quantity.quantity>0.000000</in_Quantity.quantity><out_Quantity.quantity>984.648370</out_Quantity.quantity></Point><Point><position>8103</position><in_Quantity.quantity>0.000000</in_Quantity.quantity><out_Quantity.quantity>634.412972</out_Quantity.quantity></Point><Point><position>8104</position><in_Quantity.quantity>0.000000</in_Quantity.quantity><out_Quantity.quantity>434.870214</out_Quantity.quantity></Point><Point><position>8105</position><in_Quantity.quantity>0.000000</in_Quantity.quantity><out_Quantity.quantity>768.853778</out_Quantity.quantity></Point><Point><position>8106</position><in_Quantity.quantity>0.000000</in_Quantity.quantity><out_Quantity.quantity>78.609997</out_Quantity.quantity></Point><Point><position>8107</position><in_Quantity.quantity>0.000000</in_Quantity.quantity><out_Quantity.quantity>322.837833</out_Quantity.quantity></Point><Point><position>8108</position><in_Quantity.quantity>0.000000</in_Quantity.quantity><out_Quantity.quantity>689.502675</out_Quantity.quantity></Point><Point><position>8109</position><in_Quantity.quantity>0.000000</in_Quantity.quantity><out_Quantity.quantity>460.469972</out_Quantity.quantity></Point><Point><position>8110</position><in_Quantity.quantity>0.000000</in_Quantity.quantity><out_Quantity.quantity>605.120629</out_Quantity.quantity></Point><Point><position>8111</position><in_Quantity.quantity>0.000000</in_Quantity.quantity><out_Quantity.quantity>481.395590</out_Quantity.quantity></Point><Point><position>8112</position><in_Quantity.quantity>0.000000</in_Quantity.quantity><out_Quantity.quantity>795.153508</out_Quantity.quantity></Point><Point><position>8113</position><in_Quantity.quantity>0.000000</in_Quantity.quantity><out_Quantity.quantity>921.547570</out_Quantity.quantity></Point><Point><position>8114</position><in_Quantity.quantity>0.000000</in_Quantity.quantity><out_Quantity.quantity>360.918944</out_Quantity.quantity></Point><Point><position>8115</position><in_Quantity.quantity>0.000000</in_Quantity.quantity><out_Quantity.quantity>376.290927</out_Quantity.quantity></Point><Point><position>8116</position><in_Quantity.quantity>0.000000</in_Quantity.quantity><out_Quantity.quantity>46.025393</out_Quantity.quantity></Point><Point><position>8117</position><in_Quantity.quantity>0.000000</in_Quantity.quantity><out_Quantity.quantity>305.575878</out_Quantity.quantity></Point><Point><position>8118</position><in_Quantity.quantity>0.000000</in_Quantity.quantity><out_Quantity.quantity>293.289120</out_Quantity.quantity></Point><Point><position>8119</position><in_Quantity.quantity>0.000000</in_Quantity.quantity><out_Quantity.quantity>9.952541</out_Quantity.quantity></Point><Point><position>8120</position><in_Quantity.quantity>0.000000</in_Quantity.quantity><out_Quantity.quantity>213.524795</out_Quantity.quantity></Point><Point><position>8121</position><in_Quantity.quantity>0.000000</in_Quantity.quantity><out_Quantity.quantity>244.985739</out_Quantity.quantity></Point><Point><position>8122</position><in_Quantity.quantity>0.000000</in_Quantity.quantity><out_Quantity.quantity>520.792651</out_Quantity.quantity></Point><Point><position>8123</position><in_Quantity.quantity>0.000000</in_Quantity.quantity><out_Quantity.quantity>134.614182</out_Quantity.quantity></Point><Point><position>8124</position><in_Quantity.quantity>0.000000</in_Quantity.quantity><out_Quantity.quantity>95.557004</out_Quantity.quantity></Point><Point><position>8125</position><in_Quantity.quantity>0.000000</in_Quantity.quantity><out_Quantity.quantity>729.652796</out_Quantity.quantity></Point><Point><position>8126</position><in_Quantity.quantity>0.000000</in_Quantity.quantity><out_Quantity.quantity>702.620718</out_Quantity.quantity></Point><Point><position>8127</position><in_Quantity.quantity>0.000000</in_Quantity.quantity><out_Quantity.quantity>935.864738</out_Quantity.quantity></Point><Point><position>8128</position><in_Quantity.quantity>0.000000</in_Quantity.quantity><out_Quantity.quantity>888.353036</out_Quantity.quantity></Point><Point><position>8129</position><in_Quantity.quantity>0.000000</in_Quantity.quantity><out_Quantity.quantity>871.314456</out_Quantity.quantity></Point><Point><position>8130</position><in_Quantity.quantity>0.000000</in_Quantity.quantity><out_Quantity.quantity>225.241014</out_Quantity.quantity></Point><Point><position>8131</position><in_Quantity.quantity>0.000000</in_Quantity.quantity><out_Quantity.quantity>700.492377</out_Quantity.quantity></Point><Point><position>8132</position><in_Quantity.quantity>0.000000</in_Quantity.quantity><out_Quantity.quantity>361.063715</out_Quantity.quantity></Point><Point><position>8133</position><in_Quantity.quantity>0.000000</in_Quantity.quantity><out_Quantity.quantity>522.525517</out_Quantity.quantity></Point><Point><position>8134</position><in_Quantity.quantity>0.000000</in_Quantity.quantity><out_Quantity.quantity>416.251119</out_Quantity.quantity></Point><Point><position>8135</position><in_Quantity.quantity>0.000000</in_Quantity.quantity><out_Quantity.quantity>295.344599</out_Quantity.quantity></Point><Point><position>8136</position><in_Quantity.quantity>0.000000</in_Quantity.quantity><out_Quantity.quantity>308.028445</out_Quantity.quantity></Point><Point><position>8137</position><in_Quantity.quantity>0.000000</in_Quantity.quantity><out_Quantity.quantity>699.243886</out_Quantity.quantity></Point><Point><position>8138</position><in_Quantity.quantity>0.000000</in_Quantity.quantity><out_Quantity.quantity>66.328279</out_Quantity.quantity></Point><Point><position>8139</position><in_Quantity.quantity>0.000000</in_Quantity.quantity><out_Quantity.quantity>205.421547</out_Quantity.quantity></Point><Point><position>8140</position><in_Quantity.quantity>0.000000</in_Quantity.quantity><out_Quantity.quantity>78.696641</out_Quantity.quantity></Point><Point><position>8141</position><in_Quantity.quantity>0.000000</in_Quantity.quantity><out_Quantity.quantity>870.198160</out_Quantity.quantity></Point><Point><position>8142</position><in_Quantity.quantity>0.000000</in_Quantity.quantity><out_Quantity.quantity>786.676477</out_Quantity.quantity></Point><Point><position>8143</position><in_Quantity.quantity>0.000000</in_Quantity.quantity><out_Quantity.quantity>996.272368</out_Quantity.quantity></Point><Point><position>8144</position><in_Quantity.quantity>0.000000</in_Quantity.quantity><out_Quantity.quantity>434.035069</out_Quantity.quantity></Point><Point><position>8145</position><in_Quantity.quantity>0.000000</in_Quantity.quantity><out_Quantity.quantity>758.012838</out_Quantity.quantity></Point><Point><position>8146</position><in_Quantity.quantity>0.000000</in_Quantity.quantity><out_Quantity.quantity>877.943371</out_Quantity.quantity></Point><Point><position>8147</position><in_Quantity.quantity>0.000000</in_Quantity.quantity><out_Quantity.quantity>218.317607</out_Quantity.quantity></Point><Point><position>8148</position><in_Quantity.quantity>0.000000</in_Quantity.quantity><out_Quantity.quantity>997.188288</out_Quantity.quantity></Point><Point><position>8149</position><in_Quantity.quantity>0.000000</in_Quantity.quantity><out_Quantity.quantity>344.733111</out_Quantity.quantity></Point><Point><position>8150</position><in_Quantity.quantity>0.000000</in_Quantity.quantity><out_Quantity.quantity>75.507994</out_Quantity.quantity></Point><Point><position>8151</position><in_Quantity.quantity>0.000000</in_Quantity.quantity><out_Quantity.quantity>391.136026</out_Quantity.quantity></Point><Point><position>8152</position><in_Quantity.quantity>0.000000</in_Quantity.quantity><out_Quantity.quantity>426.206633</out_Quantity.quantity></Point><Point><position>8153</position><in_Quantity.quantity>0.000000</in_Quantity.quantity><out_Quantity.quantity>395.230442</out_Quantity.quantity></Point><Point><position>8154</position><in_Quantity.quantity>0.000000</in_Quantity.quantity><out_Quantity.quantity>63.316308</out_Quantity.quantity></Point><Point><position>8155</position><in_Quantity.quantity>0.000000</in_Quantity.quantity><out_Quantity.quantity>993.302510</out_Quantity.quantity></Point><Point><position>8156</position><in_Quantity.quantity>0.000000</in_Quantity.quantity><out_Quantity.quantity>363.581571</out_Quantity.quantity></Point><Point><position>8157</position><in_Quantity.quantity>0.000000</in_Quantity.quantity><out_Quantity.quantity>335.336412</out_Quantity.quantity></Point><Point><position>8158</position><in_Quantity.quantity>0.000000</in_Quantity.quantity><out_Quantity.quantity>670.685193</out_Quantity.quantity></Point><Point><position>8159</position><in_Quantity.quantity>0.000000</in_Quantity.quantity><out_Quantity.quantity>7.545482</out_Quantity.quantity></Point><Point><position>8160</position><in_Quantity.quantity>0.000000</in_Quantity.quantity><out_Quantity.quantity>892.413452</out_Quantity.quantity></Point><Point><position>8161</position><in_Quantity.quantity>0.000000</in_Quantity.quantity><out_Quantity.quantity>453.656259</out_Quantity.quantity></Point><Point><position>8162</position><in_Quantity.quantity>0.000000</in_Quantity.quantity><out_Quantity.quantity>360.197135</out_Quantity.quantity></Point><Point><position>8163</position><in_Quantity.quantity>0.000000</in_Quantity.quantity><out_Quantity.quantity>513.850802</out_Quantity.quantity></Point><Point><position>8164</position><in_Quantity.quantity>0.000000</in_Quantity.quantity><out_Quantity.quantity>111.892036</out_Quantity.quantity></Point><Point><position>8165</position><in_Quantity.quantity>0.000000</in_Quantity.quantity><out_Quantity.quantity>639.915396</out_Quantity.quantity></Point><Point><position>8166</position><in_Quantity.quantity>0.000000</in_Quantity.quantity><out_Quantity.quantity>555.986479</out_Quantity.quantity></Point><Point><position>8167</position><in_Quantity.quantity>0.000000</in_Quantity.quantity><out_Quantity.quantity>638.925671</out_Quantity.quantity></Point><Point><position>8168</position><in_Quantity.quantity>0.000000</in_Quantity.quantity><out_Quantity.quantity>220.645951</out_Quantity.quantity></Point><Point><position>8169</position><in_Quantity.quantity>0.000000</in_Quantity.quantity><out_Quantity.quantity>963.532928</out_Quantity.quantity></Point><Point><position>8170</position><in_Quantity.quantity>0.000000</in_Quantity.quantity><out_Quantity.quantity>321.589532</out_Quantity.quantity></Point><Point><position>8171</position><in_Quantity.quantity>0.000000</in_Quantity.quantity><out_Quantity.quantity>7.949388</out_Quantity.quantity></Point><Point><position>8172</position><in_Quantity.quantity>0.000000</in_Quantity.quantity><out_Quantity.quantity>228.840412</out_Quantity.quantity></Point><Point><position>8173</position><in_Quantity.quantity>0.000000</in_Quantity.quantity><out_Quantity.quantity>899.311129</out_Quantity.quantity></Point><Point><position>8174</position><in_Quantity.quantity>0.000000</in_Quantity.quantity><out_Quantity.quantity>552.374371</out_Quantity.quantity></Point><Point><position>8175</position><in_Quantity.quantity>0.000000</in_Quantity.quantity><out_Quantity.quantity>940.352951</out_Quantity.quantity></Point><Point><position>8176</position><in_Quantity.quantity>0.000000</in_Quantity.quantity><out_Quantity.quantity>509.714097</out_Quantity.quantity></Point><Point><position>8177</position><in_Quantity.quantity>0.000000</in_Quantity.quantity><out_Quantity.quantity>881.263570</out_Quantity.quantity></Point><Point><position>8178</position><in_Quantity.quantity>0.000000</in_Quantity.quantity><out_Quantity.quantity>382.721715</out_Quantity.quantity></Point><Point><position>8179</position><in_Quantity.quantity>0.000000</in_Quantity.quantity><out_Quantity.quantity>188.202625</out_Quantity.quantity></Point><Point><position>8180</position><in_Quantity.quantity>0.000000</in_Quantity.quantity><out_Quantity.quantity>544.649459</out_Quantity.quantity></Point><Point><position>8181</position><in_Quantity.quantity>0.000000</in_Quantity.quantity><out_Quantity.quantity>281.405907</out_Quantity.quantity></Point><Point><position>8182</position><in_Quantity.quantity>0.000000</in_Quantity.quantity><out_Quantity.quantity>875.387400</out_Quantity.quantity></Point><Point><position>8183</position><in_Quantity.quantity>0.000000</in_Quantity.quantity><out_Quantity.quantity>358.247587</out_Quantity.quantity></Point><Point><position>8184</position><in_Quantity.quantity>0.000000</in_Quantity.quantity><out_Quantity.quantity>852.872373</out_Quantity.quantity></Point><Point><position>8185</position><in_Quantity.quantity>0.000000</in_Quantity.quantity><out_Quantity.quantity>435.041836</out_Quantity.quantity></Point><Point><position>8186</position><in_Quantity.quantity>0.000000</in_Quantity.quantity><out_Quantity.quantity>6.867982</out_Quantity.quantity></Point><Point><position>8187</position><in_Quantity.quantity>0.000000</in_Quantity.quantity><out_Quantity.quantity>739.898830</out_Quantity.quantity></Point><Point><position>8188</position><in_Quantity.quantity>0.000000</in_Quantity.quantity><out_Quantity.quantity>242.613451</out_Quantity.quantity></Point><Point><position>8189</position><in_Quantity.quantity>0.000000</in_Quantity.quantity><out_Quantity.quantity>743.760707</out_Quantity.quantity></Point><Point><position>8190</position><in_Quantity.quantity>0.000000</in_Quantity.quantity><out_Quantity.quantity>586.963967</out_Quantity.quantity></Point><Point><position>8191</position><in_Quantity.quantity>0.000000</in_Quantity.quantity><out_Quantity.quantity>642.334013</out_Quantity.quantity></Point><Point><position>8192</position><in_Quantity.quantity>0.000000</in_Quantity.quantity><out_Quantity.quantity>925.539314</out_Quantity.quantity></Point><Point><position>8193</position><in_Quantity.quantity>0.000000</in_Quantity.quantity><out_Quantity.quantity>57.309153</out_Quantity.quantity></Point><Point><position>8194</position><in_Quantity.quantity>0.000000</in_Quantity.quantity><out_Quantity.quantity>400.459473</out_Quantity.quantity></Point><Point><position>8195</position><in_Quantity.quantity>0.000000</in_Quantity.quantity><out_Quantity.quantity>951.755034</out_Quantity.quantity></Point><Point><position>8196</position><in_Quantity.quantity>0.000000</in_Quantity.quantity><out_Quantity.quantity>849.514696</out_Quantity.quantity></Point><Point><position>8197</position><in_Quantity.quantity>0.000000</in_Quantity.quantity><out_Quantity.quantity>47.640098</out_Quantity.quantity></Point><Point><position>8198</position><in_Quantity.quantity>0.000000</in_Quantity.quantity><out_Quantity.quantity>167.187018</out_Quantity.quantity></Point><Point><position>8199</position><in_Quantity.quantity>0.000000</in_Quantity.quantity><out_Quantity.quantity>532.175250</out_Quantity.quantity></Point><Point><position>8200</position><in_Quantity.quantity>0.000000</in_Quantity.quantity><out_Quantity.quantity>673.396238</out_Quantity.quantity></Point><Point><position>8201</position><in_Quantity.quantity>0.000000</in_Quantity.quantity><out_Quantity.quantity>96.099773</out_Quantity.quantity></Point><Point><position>8202</position><in_Quantity.quantity>0.000000</in_Quantity.quantity><out_Quantity.quantity>938.402211</out_Quantity.quantity></Point><Point><position>8203</position><in_Quantity.quantity>0.000000</in_Quantity.quantity><out_Quantity.quantity>71.810715</out_Quantity.quantity></Point><Point><position>8204</position><in_Quantity.quantity>0.000000</in_Quantity.quantity><out_Quantity.quantity>587.657717</out_Quantity.quantity></Point><Point><position>8205</position><in_Quantity.quantity>0.000000</in_Quantity.quantity><out_Quantity.quantity>620.322265</out_Quantity.quantity></Point><Point><position>8206</position><in_Quantity.quantity>0.000000</in_Quantity.quantity><out_Quantity.quantity>317.162635</out_Quantity.quantity></Point><Point><position>8207</position><in_Quantity.quantity>0.000000</in_Quantity.quantity><out_Quantity.quantity>383.651899</out_Quantity.quantity></Point><Point><position>8208</position><in_Quantity.quantity>0.000000</in_Quantity.quantity><out_Quantity.quantity>87.234328</out_Quantity.quantity></Point><Point><position>8209</position><in_Quantity.quantity>0.000000</in_Quantity.quantity><out_Quantity.quantity>32.492686</out_Quantity.quantity></Point><Point><position>8210</position><in_Quantity.quantity>0.000000</in_Quantity.quantity><out_Quantity.quantity>939.539250</out_Quantity.quantity></Point><Point><position>8211</position><in_Quantity.quantity>0.000000</in_Quantity.quantity><out_Quantity.quantity>262.074352</out_Quantity.quantity></Point><Point><position>8212</position><in_Quantity.quantity>0.000000</in_Quantity.quantity><out_Quantity.quantity>10.157487</out_Quantity.quantity></Point><Point><position>8213</position><in_Quantity.quantity>0.000000</in_Quantity.quantity><out_Quantity.quantity>254.104741</out_Quantity.quantity></Point><Point><position>8214</position><in_Quantity.quantity>0.000000</in_Quantity.quantity><out_Quantity.quantity>472.032392</out_Quantity.quantity></Point><Point><position>8215</position><in_Quantity.quantity>0.000000</in_Quantity.quantity><out_Quantity.quantity>478.121848</out_Quantity.quantity></Point><Point><position>8216</position><in_Quantity.quantity>0.000000</in_Quantity.quantity><out_Quantity.quantity>824.795541</out_Quantity.quantity></Point><Point><position>8217</position><in_Quantity.quantity>0.000000</in_Quantity.quantity><out_Quantity.quantity>312.549918</out_Quantity.quantity></Point><Point><position>8218</position><in_Quantity.quantity>0.000000</in_Quantity.quantity><out_Quantity.quantity>726.450708</out_Quantity.quantity></Point><Point><position>8219</position><in_Quantity.quantity>0.000000</in_Quantity.quantity><out_Quantity.quantity>899.672396</out_Quantity.quantity></Point><Point><position>8220</position><in_Quantity.quantity>0.000000</in_Quantity.quantity><out_Quantity.quantity>990.724125</out_Quantity.quantity></Point><Point><position>8221</position><in_Quantity.quantity>0.000000</in_Quantity.quantity><out_Quantity.quantity>833.826193</out_Quantity.quantity></Point><Point><position>8222</position><in_Quantity.quantity>0.000000</in_Quantity.quantity><out_Quantity.quantity>912.816277</out_Quantity.quantity></Point><Point><position>8223</position><in_Quantity.quantity>0.000000</in_Quantity.quantity><out_Quantity.quantity>942.588543</out_Quantity.quantity></Point><Point><position>8224</position><in_Quantity.quantity>0.000000</in_Quantity.quantity><out_Quantity.quantity>141.943476</out_Quantity.quantity></Point><Point><position>8225</position><in_Quantity.quantity>0.000000</in_Quantity.quantity><out_Quantity.quantity>663.033512</out_Quantity.quantity></Point><Point><position>8226</position><in_Quantity.quantity>0.000000</in_Quantity.quantity><out_Quantity.quantity>550.311577</out_Quantity.quantity></Point><Point><position>8227</position><in_Quantity.quantity>0.000000</in_Quantity.quantity><out_Quantity.quantity>475.175314</out_Quantity.quantity></Point><Point><position>8228</position><in_Quantity.quantity>0.000000</in_Quantity.quantity><out_Quantity.quantity>335.816841</out_Quantity.quantity></Point><Point><position>8229</position><in_Quantity.quantity>0.000000</in_Quantity.quantity><out_Quantity.quantity>644.066581</out_Quantity.quantity></Point><Point><position>8230</position><in_Quantity.quantity>0.000000</in_Quantity.quantity><out_Quantity.quantity>521.340196</out_Quantity.quantity></Point><Point><position>8231</position><in_Quantity.quantity>0.000000</in_Quantity.quantity><out_Quantity.quantity>732.242693</out_Quantity.quantity></Point><Point><position>8232</position><in_Quantity.quantity>0.000000</in_Quantity.quantity><out_Quantity.quantity>352.035001</out_Quantity.quantity></Point><Point><position>8233</position><in_Quantity.quantity>0.000000</in_Quantity.quantity><out_Quantity.quantity>711.881444</out_Quantity.quantity></Point><Point><position>8234</position><in_Quantity.quantity>0.000000</in_Quantity.quantity><out_Quantity.quantity>506.057175</out_Quantity.quantity></Point><Point><position>8235</position><in_Quantity.quantity>0.000000</in_Quantity.quantity><out_Quantity.quantity>114.225684</out_Quantity.quantity></Point><Point><position>8236</position><in_Quantity.quantity>0.000000</in_Quantity.quantity><out_Quantity.quantity>158.182139</out_Quantity.quantity></Point><Point><position>8237</position><in_Quantity.quantity>0.000000</in_Quantity.quantity><out_Quantity.quantity>934.668917</out_Quantity.quantity></Point><Point><position>8238</position><in_Quantity.quantity>0.000000</in_Quantity.quantity><out_Quantity.quantity>54.905515</out_Quantity.quantity></Point><Point><position>8239</position><in_Quantity.quantity>0.000000</in_Quantity.quantity><out_Quantity.quantity>565.615344</out_Quantity.quantity></Point><Point><position>8240</position><in_Quantity.quantity>0.000000</in_Quantity.quantity><out_Quantity.quantity>264.576317</out_Quantity.quantity></Point><Point><position>8241</position><in_Quantity.quantity>0.000000</in_Quantity.quantity><out_Quantity.quantity>750.463274</out_Quantity.quantity></Point><Point><position>8242</position><in_Quantity.quantity>0.000000</in_Quantity.quantity><out_Quantity.quantity>306.976480</out_Quantity.quantity></Point><Point><position>8243</position><in_Quantity.quantity>0.000000</in_Quantity.quantity><out_Quantity.quantity>35.339613</out_Quantity.quantity></Point><Point><position>8244</position><in_Quantity.quantity>0.000000</in_Quantity.quantity><out_Quantity.quantity>445.770341</out_Quantity.quantity></Point><Point><position>8245</position><in_Quantity.quantity>0.000000</in_Quantity.quantity><out_Quantity.quantity>761.535034</out_Quantity.quantity></Point><Point><position>8246</position><in_Quantity.quantity>0.000000</in_Quantity.quantity><out_Quantity.quantity>309.268309</out_Quantity.quantity></Point><Point><position>8247</position><in_Quantity.quantity>0.000000</in_Quantity.quantity><out_Quantity.quantity>189.512270</out_Quantity.quantity></Point><Point><position>8248</position><in_Quantity.quantity>0.000000</in_Quantity.quantity><out_Quantity.quantity>579.396936</out_Quantity.quantity></Point><Point><position>8249</position><in_Quantity.quantity>0.000000</in_Quantity.quantity><out_Quantity.quantity>859.044511</out_Quantity.quantity></Point><Point><position>8250</position><in_Quantity.quantity>0.000000</in_Quantity.quantity><out_Quantity.quantity>451.584425</out_Quantity.quantity></Point><Point><position>8251</position><in_Quantity.quantity>0.000000</in_Quantity.quantity><out_Quantity.quantity>19.076842</out_Quantity.quantity></Point><Point><position>8252</position><in_Quantity.quantity>0.000000</in_Quantity.quantity><out_Quantity.quantity>42.983336</out_Quantity.quantity></Point><Point><position>8253</position><in_Quantity.quantity>0.000000</in_Quantity.quantity><out_Quantity.quantity>762.487612</out_Quantity.quantity></Point><Point><position>8254</position><in_Quantity.quantity>0.000000</in_Quantity.quantity><out_Quantity.quantity>559.119764</out_Quantity.quantity></Point><Point><position>8255</position><in_Quantity.quantity>0.000000</in_Quantity.quantity><out_Quantity.quantity>606.116844</out_Quantity.quantity></Point><Point><position>8256</position><in_Quantity.quantity>0.000000</in_Quantity.quantity><out_Quantity.quantity>364.404970</out_Quantity.quantity></Point><Point><position>8257</position><in_Quantity.quantity>0.000000</in_Quantity.quantity><out_Quantity.quantity>589.627480</out_Quantity.quantity></Point><Point><position>8258</position><in_Quantity.quantity>0.000000</in_Quantity.quantity><out_Quantity.quantity>889.727672</out_Quantity.quantity></Point><Point><position>8259</position><in_Quantity.quantity>0.000000</in_Quantity.quantity><out_Quantity.quantity>414.429333</out_Quantity.quantity></Point><Point><position>8260</position><in_Quantity.quantity>0.000000</in_Quantity.quantity><out_Quantity.quantity>516.690738</out_Quantity.quantity></Point><Point><position>8261</position><in_Quantity.quantity>0.000000</in_Quantity.quantity><out_Quantity.quantity>172.960452</out_Quantity.quantity></Point><Point><position>8262</position><in_Quantity.quantity>0.000000</in_Quantity.quantity><out_Quantity.quantity>309.042764</out_Quantity.quantity></Point><Point><position>8263</position><in_Quantity.quantity>0.000000</in_Quantity.quantity><out_Quantity.quantity>741.138154</out_Quantity.quantity></Point><Point><position>8264</position><in_Quantity.quantity>0.000000</in_Quantity.quantity><out_Quantity.quantity>17.525852</out_Quantity.quantity></Point><Point><position>8265</position><in_Quantity.quantity>0.000000</in_Quantity.quantity><out_Quantity.quantity>96.781689</out_Quantity.quantity></Point><Point><position>8266</position><in_Quantity.quantity>0.000000</in_Quantity.quantity><out_Quantity.quantity>648.753458</out_Quantity.quantity></Point><Point><position>8267</position><in_Quantity.quantity>0.000000</in_Quantity.quantity><out_Quantity.quantity>119.130451</out_Quantity.quantity></Point><Point><position>8268</position><in_Quantity.quantity>0.000000</in_Quantity.quantity><out_Quantity.quantity>822.522154</out_Quantity.quantity></Point><Point><position>8269</position><in_Quantity.quantity>0.000000</in_Quantity.quantity><out_Quantity.quantity>40.810837</out_Quantity.quantity></Point><Point><position>8270</position><in_Quantity.quantity>0.000000</in_Quantity.quantity><out_Quantity.quantity>529.483840</out_Quantity.quantity></Point><Point><position>8271</position><in_Quantity.quantity>0.000000</in_Quantity.quantity><out_Quantity.quantity>460.266055</out_Quantity.quantity></Point><Point><position>8272</position><in_Quantity.quantity>0.000000</in_Quantity.quantity><out_Quantity.quantity>665.359636</out_Quantity.quantity></Point><Point><position>8273</position><in_Quantity.quantity>0.000000</in_Quantity.quantity><out_Quantity.quantity>336.781962</out_Quantity.quantity></Point><Point><position>8274</position><in_Quantity.quantity>0.000000</in_Quantity.quantity><out_Quantity.quantity>930.891715</out_Quantity.quantity></Point><Point><position>8275</position><in_Quantity.quantity>0.000000</in_Quantity.quantity><out_Quantity.quantity>887.017908</out_Quantity.quantity></Point><Point><position>8276</position><in_Quantity.quantity>0.000000</in_Quantity.quantity><out_Quantity.quantity>359.012217</out_Quantity.quantity></Point><Point><position>8277</position><in_Quantity.quantity>0.000000</in_Quantity.quantity><out_Quantity.quantity>6.936229</out_Quantity.quantity></Point><Point><position>8278</position><in_Quantity.quantity>0.000000</in_Quantity.quantity><out_Quantity.quantity>509.515174</out_Quantity.quantity></Point><Point><position>8279</position><in_Quantity.quantity>0.000000</in_Quantity.quantity><out_Quantity.quantity>158.785501</out_Quantity.quantity></Point><Point><position>8280</position><in_Quantity.quantity>0.000000</in_Quantity.quantity><out_Quantity.quantity>62.652434</out_Quantity.quantity></Point><Point><position>8281</position><in_Quantity.quantity>0.000000</in_Quantity.quantity><out_Quantity.quantity>703.873495</out_Quantity.quantity></Point><Point><position>8282</position><in_Quantity.quantity>0.000000</in_Quantity.quantity><out_Quantity.quantity>720.917003</out_Quantity.quantity></Point><Point><position>8283</position><in_Quantity.quantity>0.000000</in_Quantity.quantity><out_Quantity.quantity>343.595906</out_Quantity.quantity></Point><Point><position>8284</position><in_Quantity.quantity>0.000000</in_Quantity.quantity><out_Quantity.quantity>85.608419</out_Quantity.quantity></Point><Point><position>8285</position><in_Quantity.quantity>0.000000</in_Quantity.quantity><out_Quantity.quantity>891.287590</out_Quantity.quantity></Point><Point><position>8286</position><in_Quantity.quantity>0.000000</in_Quantity.quantity><out_Quantity.quantity>700.265686</out_Quantity.quantity></Point><Point><position>8287</position><in_Quantity.quantity>0.000000</in_Quantity.quantity><out_Quantity.quantity>967.060740</out_Quantity.quantity></Point><Point><position>8288</position><in_Quantity.quantity>0.000000</in_Quantity.quantity><out_Quantity.quantity>607.060553</out_Quantity.quantity></Point><Point><position>8289</position><in_Quantity.quantity>0.000000</in_Quantity.quantity><out_Quantity.quantity>836.817170</out_Quantity.quantity></Point><Point><position>8290</position><in_Quantity.quantity>0.000000</in_Quantity.quantity><out_Quantity.quantity>739.456732</out_Quantity.quantity></Point><Point><position>8291</position><in_Quantity.quantity>0.000000</in_Quantity.quantity><out_Quantity.quantity>517.362919</out_Quantity.quantity></Point><Point><position>8292</position><in_Quantity.quantity>0.000000</in_Quantity.quantity><out_Quantity.quantity>10.934001</out_Quantity.quantity></Point><Point><position>8293</position><in_Quantity.quantity>0.000000</in_Quantity.quantity><out_Quantity.quantity>225.627134</out_Quantity.quantity></Point><Point><position>8294</position><in_Quantity.quantity>0.000000</in_Quantity.quantity><out_Quantity.quantity>18.404812</out_Quantity.quantity></Point><Point><position>8295</position><in_Quantity.quantity>0.000000</in_Quantity.quantity><out_Quantity.quantity>211.417815</out_Quantity.quantity></Point><Point><position>8296</position><in_Quantity.quantity>0.000000</in_Quantity.quantity><out_Quantity.quantity>407.280956</out_Quantity.quantity></Point><Point><position>8297</position><in_Quantity.quantity>0.000000</in_Quantity.quantity><out_Quantity.quantity>891.496416</out_Quantity.quantity></Point><Point><position>8298</position><in_Quantity.quantity>0.000000</in_Quantity.quantity><out_Quantity.quantity>475.457682</out_Quantity.quantity></Point><Point><position>8299</position><in_Quantity.quantity>0.000000</in_Quantity.quantity><out_Quantity.quantity>759.510856</out_Quantity.quantity></Point><Point><position>8300</position><in_Quantity.quantity>0.000000</in_Quantity.quantity><out_Quantity.quantity>817.461396</out_Quantity.quantity></Point><Point><position>8301</position><in_Quantity.quantity>0.000000</in_Quantity.quantity><out_Quantity.quantity>614.238593</out_Quantity.quantity></Point><Point><position>8302</position><in_Quantity.quantity>0.000000</in_Quantity.quantity><out_Quantity.quantity>625.697115</out_Quantity.quantity></Point><Point><position>8303</position><in_Quantity.quantity>0.000000</in_Quantity.quantity><out_Quantity.quantity>469.966514</out_Quantity.quantity></Point><Point><position>8304</position><in_Quantity.quantity>0.000000</in_Quantity.quantity><out_Quantity.quantity>311.252113</out_Quantity.quantity></Point><Point><position>8305</position><in_Quantity.quantity>0.000000</in_Quantity.quantity><out_Quantity.quantity>401.739570</out_Quantity.quantity></Point><Point><position>8306</position><in_Quantity.quantity>0.000000</in_Quantity.quantity><out_Quantity.quantity>498.753153</out_Quantity.quantity></Point><Point><position>8307</position><in_Quantity.quantity>0.000000</in_Quantity.quantity><out_Quantity.quantity>992.356092</out_Quantity.quantity></Point><Point><position>8308</position><in_Quantity.quantity>0.000000</in_Quantity.quantity><out_Quantity.quantity>164.904924</out_Quantity.quantity></Point><Point><position>8309</position><in_Quantity.quantity>0.000000</in_Quantity.quantity><out_Quantity.quantity>221.095829</out_Quantity.quantity></Point><Point><position>8310</position><in_Quantity.quantity>0.000000</in_Quantity.quantity><out_Quantity.quantity>673.361658</out_Quantity.quantity></Point><Point><position>8311</position><in_Quantity.quantity>0.000000</in_Quantity.quantity><out_Quantity.quantity>199.833684</out_Quantity.quantity></Point><Point><position>8312</position><in_Quantity.quantity>0.000000</in_Quantity.quantity><out_Quantity.quantity>517.697340</out_Quantity.quantity></Point><Point><position>8313</position><in_Quantity.quantity>0.000000</in_Quantity.quantity><out_Quantity.quantity>164.125328</out_Quantity.quantity></Point><Point><position>8314</position><in_Quantity.quantity>0.000000</in_Quantity.quantity><out_Quantity.quantity>751.042591</out_Quantity.quantity></Point><Point><position>8315</position><in_Quantity.quantity>0.000000</in_Quantity.quantity><out_Quantity.quantity>671.801082</out_Quantity.quantity></Point><Point><position>8316</position><in_Quantity.quantity>0.000000</in_Quantity.quantity><out_Quantity.quantity>921.331479</out_Quantity.quantity></Point><Point><position>8317</position><in_Quantity.quantity>0.000000</in_Quantity.quantity><out_Quantity.quantity>332.889143</out_Quantity.quantity></Point><Point><position>8318</position><in_Quantity.quantity>0.000000</in_Quantity.quantity><out_Quantity.quantity>862.020160</out_Quantity.quantity></Point><Point><position>8319</position><in_Quantity.quantity>0.000000</in_Quantity.quantity><out_Quantity.quantity>230.139793</out_Quantity.quantity></Point><Point><position>8320</position><in_Quantity.quantity>0.000000</in_Quantity.quantity><out_Quantity.quantity>862.242821</out_Quantity.quantity></Point><Point><position>8321</position><in_Quantity.quantity>0.000000</in_Quantity.quantity><out_Quantity.quantity>668.874586</out_Quantity.quantity></Point><Point><position>8322</position><in_Quantity.quantity>0.000000</in_Quantity.quantity><out_Quantity.quantity>868.524561</out_Quantity.quantity></Point><Point><position>8323</position><in_Quantity.quantity>0.000000</in_Quantity.quantity><out_Quantity.quantity>521.362040</out_Quantity.quantity></Point><Point><position>8324</position><in_Quantity.quantity>0.000000</in_Quantity.quantity><out_Quantity.quantity>263.024572</out_Quantity.quantity></Point><Point><position>8325</position><in_Quantity.quantity>0.000000</in_Quantity.quantity><out_Quantity.quantity>837.066505</out_Quantity.quantity></Point><Point><position>8326</position><in_Quantity.quantity>0.000000</in_Quantity.quantity><out_Quantity.quantity>564.356174</out_Quantity.quantity></Point><Point><position>8327</position><in_Quantity.quantity>0.000000</in_Quantity.quantity><out_Quantity.quantity>157.777361</out_Quantity.quantity></Point><Point><position>8328</position><in_Quantity.quantity>0.000000</in_Quantity.quantity><out_Quantity.quantity>671.442685</out_Quantity.quantity></Point><Point><position>8329</position><in_Quantity.quantity>0.000000</in_Quantity.quantity><out_Quantity.quantity>30.775580</out_Quantity.quantity></Point><Point><position>8330</position><in_Quantity.quantity>0.000000</in_Quantity.quantity><out_Quantity.quantity>12.543548</out_Quantity.quantity></Point><Point><position>8331</position><in_Quantity.quantity>0.000000</in_Quantity.quantity><out_Quantity.quantity>659.951680</out_Quantity.quantity></Point><Point><position>8332</position><in_Quantity.quantity>0.000000</in_Quantity.quantity><out_Quantity.quantity>298.088354</out_Quantity.quantity></Point><Point><position>8333</position><in_Quantity.quantity>0.000000</in_Quantity.quantity><out_Quantity.quantity>597.899454</out_Quantity.quantity></Point><Point><position>8334</position><in_Quantity.quantity>0.000000</in_Quantity.quantity><out_Quantity.quantity>796.857471</out_Quantity.quantity></Point><Point><position>8335</position><in_Quantity.quantity>0.000000</in_Quantity.quantity><out_Quantity.quantity>574.074449</out_Quantity.quantity></Point><Point><position>8336</position><in_Quantity.quantity>0.000000</in_Quantity.quantity><out_Quantity.quantity>193.570011</out_Quantity.quantity></Point><Point><position>8337</position><in_Quantity.quantity>0.000000</in_Quantity.quantity><out_Quantity.quantity>990.847057</out_Quantity.quantity></Point><Point><position>8338</position><in_Quantity.quantity>0.000000</in_Quantity.quantity><out_Quantity.quantity>643.165850</out_Quantity.quantity></Point><Point><position>8339</position><in_Quantity.quantity>0.000000</in_Quantity.quantity><out_Quantity.quantity>926.070884</out_Quantity.quantity></Point><Point><position>8340</position><in_Quantity.quantity>0.000000</in_Quantity.quantity><out_Quantity.quantity>621.916995</out_Quantity.quantity></Point><Point><position>8341</position><in_Quantity.quantity>0.000000</in_Quantity.quantity><out_Quantity.quantity>175.810961</out_Quantity.quantity></Point><Point><position>8342</position><in_Quantity.quantity>0.000000</in_Quantity.quantity><out_Quantity.quantity>141.823466</out_Quantity.quantity></Point><Point><position>8343</position><in_Quantity.quantity>0.000000</in_Quantity.quantity><out_Quantity.quantity>206.146349</out_Quantity.quantity></Point><Point><position>8344</position><in_Quantity.quantity>0.000000</in_Quantity.quantity><out_Quantity.quantity>974.925282</out_Quantity.quantity></Point><Point><position>8345</position><in_Quantity.quantity>0.000000</in_Quantity.quantity><out_Quantity.quantity>302.829269</out_Quantity.quantity></Point><Point><position>8346</position><in_Quantity.quantity>0.000000</in_Quantity.quantity><out_Quantity.quantity>107.205919</out_Quantity.quantity></Point><Point><position>8347</position><in_Quantity.quantity>0.000000</in_Quantity.quantity><out_Quantity.quantity>30.541995</out_Quantity.quantity></Point><Point><position>8348</position><in_Quantity.quantity>0.000000</in_Quantity.quantity><out_Quantity.quantity>568.242600</out_Quantity.quantity></Point><Point><position>8349</position><in_Quantity.quantity>0.000000</in_Quantity.quantity><out_Quantity.quantity>251.344997</out_Quantity.quantity></Point><Point><position>8350</position><in_Quantity.quantity>0.000000</in_Quantity.quantity><out_Quantity.quantity>5.564676</out_Quantity.quantity></Point><Point><position>8351</position><in_Quantity.quantity>0.000000</in_Quantity.quantity><out_Quantity.quantity>665.196638</out_Quantity.quantity></Point><Point><position>8352</position><in_Quantity.quantity>0.000000</in_Quantity.quantity><out_Quantity.quantity>75.902597</out_Quantity.quantity></Point><Point><position>8353</position><in_Quantity.quantity>0.000000</in_Quantity.quantity><out_Quantity.quantity>815.920797</out_Quantity.quantity></Point><Point><position>8354</position><in_Quantity.quantity>0.000000</in_Quantity.quantity><out_Quantity.quantity>771.162534</out_Quantity.quantity></Point><Point><position>8355</position><in_Quantity.quantity>0.000000</in_Quantity.quantity><out_Quantity.quantity>479.093980</out_Quantity.quantity></Point><Point><position>8356</position><in_Quantity.quantity>0.000000</in_Quantity.quantity><out_Quantity.quantity>577.067328</out_Quantity.quantity></Point><Point><position>8357</position><in_Quantity.quantity>0.000000</in_Quantity.quantity><out_Quantity.quantity>725.347248</out_Quantity.quantity></Point><Point><position>8358</position><in_Quantity.quantity>0.000000</in_Quantity.quantity><out_Quantity.quantity>687.200459</out_Quantity.quantity></Point><Point><position>8359</position><in_Quantity.quantity>0.000000</in_Quantity.quantity><out_Quantity.quantity>263.047393</out_Quantity.quantity></Point><Point><position>8360</position><in_Quantity.quantity>0.000000</in_Quantity.quantity><out_Quantity.quantity>257.823462</out_Quantity.quantity></Point><Point><position>8361</position><in_Quantity.quantity>0.000000</in_Quantity.quantity><out_Quantity.quantity>396.745159</out_Quantity.quantity></Point><Point><position>8362</position><in_Quantity.quantity>0.000000</in_Quantity.quantity><out_Quantity.quantity>862.852449</out_Quantity.quantity></Point><Point><position>8363</position><in_Quantity.quantity>0.000000</in_Quantity.quantity><out_Quantity.quantity>606.785133</out_Quantity.quantity></Point><Point><position>8364</position><in_Quantity.quantity>0.000000</in_Quantity.quantity><out_Quantity.quantity>496.080383</out_Quantity.quantity></Point><Point><position>8365</position><in_Quantity.quantity>0.000000</in_Quantity.quantity><out_Quantity.quantity>361.771966</out_Quantity.quantity></Point><Point><position>8366</position><in_Quantity.quantity>0.000000</in_Quantity.quantity><out_Quantity.quantity>405.267954</out_Quantity.quantity></Point><Point><position>8367</position><in_Quantity.quantity>0.000000</in_Quantity.quantity><out_Quantity.quantity>357.093564</out_Quantity.quantity></Point><Point><position>8368</position><in_Quantity.quantity>0.000000</in_Quantity.quantity><out_Quantity.quantity>763.008631</out_Quantity.quantity></Point><Point><position>8369</position><in_Quantity.quantity>0.000000</in_Quantity.quantity><out_Quantity.quantity>918.690280</out_Quantity.quantity></Point><Point><position>8370</position><in_Quantity.quantity>0.000000</in_Quantity.quantity><out_Quantity.quantity>213.678643</out_Quantity.quantity></Point><Point><position>8371</position><in_Quantity.quantity>0.000000</in_Quantity.quantity><out_Quantity.quantity>722.256156</out_Quantity.quantity></Point><Point><position>8372</position><in_Quantity.quantity>0.000000</in_Quantity.quantity><out_Quantity.quantity>564.280637</out_Quantity.quantity></Point><Point><position>8373</position><in_Quantity.quantity>0.000000</in_Quantity.quantity><out_Quantity.quantity>324.228118</out_Quantity.quantity></Point><Point><position>8374</position><in_Quantity.quantity>0.000000</in_Quantity.quantity><out_Quantity.quantity>365.205440</out_Quantity.quantity></Point><Point><position>8375</position><in_Quantity.quantity>0.000000</in_Quantity.quantity><out_Quantity.quantity>96.671336</out_Quantity.quantity></Point><Point><position>8376</position><in_Quantity.quantity>0.000000</in_Quantity.quantity><out_Quantity.quantity>171.449782</out_Quantity.quantity></Point><Point><position>8377</position><in_Quantity.quantity>0.000000</in_Quantity.quantity><out_Quantity.quantity>177.822481</out_Quantity.quantity></Point><Point><position>8378</position><in_Quantity.quantity>0.000000</in_Quantity.quantity><out_Quantity.quantity>719.692119</out_Quantity.quantity></Point><Point><position>8379</position><in_Quantity.quantity>0.000000</in_Quantity.quantity><out_Quantity.quantity>711.831109</out_Quantity.quantity></Point><Point><position>8380</position><in_Quantity.quantity>0.000000</in_Quantity.quantity><out_Quantity.quantity>528.799133</out_Quantity.quantity></Point><Point><position>8381</position><in_Quantity.quantity>0.000000</in_Quantity.quantity><out_Quantity.quantity>315.477227</out_Quantity.quantity></Point><Point><position>8382</position><in_Quantity.quantity>0.000000</in_Quantity.quantity><out_Quantity.quantity>965.127529</out_Quantity.quantity></Point><Point><position>8383</position><in_Quantity.quantity>0.000000</in_Quantity.quantity><out_Quantity.quantity>689.471697</out_Quantity.quantity></Point><Point><position>8384</position><in_Quantity.quantity>0.000000</in_Quantity.quantity><out_Quantity.quantity>219.044035</out_Quantity.quantity></Point><Point><position>8385</position><in_Quantity.quantity>0.000000</in_Quantity.quantity><out_Quantity.quantity>385.712635</out_Quantity.quantity></Point><Point><position>8386</position><in_Quantity.quantity>0.000000</in_Quantity.quantity><out_Quantity.quantity>351.751984</out_Quantity.quantity></Point><Point><position>8387</position><in_Quantity.quantity>0.000000</in_Quantity.quantity><out_Quantity.quantity>766.724506</out_Quantity.quantity></Point><Point><position>8388</position><in_Quantity.quantity>0.000000</in_Quantity.quantity><out_Quantity.quantity>420.777226</out_Quantity.quantity></Point><Point><position>8389</position><in_Quantity.quantity>0.000000</in_Quantity.quantity><out_Quantity.quantity>296.229290</out_Quantity.quantity></Point><Point><position>8390</position><in_Quantity.quantity>0.000000</in_Quantity.quantity><out_Quantity.quantity>832.078686</out_Quantity.quantity></Point><Point><position>8391</position><in_Quantity.quantity>0.000000</in_Quantity.quantity><out_Quantity.quantity>277.903770</out_Quantity.quantity></Point><Point><position>8392</position><in_Quantity.quantity>0.000000</in_Quantity.quantity><out_Quantity.quantity>443.712335</out_Quantity.quantity></Point><Point><position>8393</position><in_Quantity.quantity>0.000000</in_Quantity.quantity><out_Quantity.quantity>168.519232</out_Quantity.quantity></Point><Point><position>8394</position><in_Quantity.quantity>0.000000</in_Quantity.quantity><out_Quantity.quantity>938.162969</out_Quantity.quantity></Point><Point><position>8395</position><in_Quantity.quantity>0.000000</in_Quantity.quantity><out_Quantity.quantity>686.989421</out_Quantity.quantity></Point><Point><position>8396</position><in_Quantity.quantity>0.000000</in_Quantity.quantity><out_Quantity.quantity>122.959248</out_Quantity.quantity></Point><Point><position>8397</position><in_Quantity.quantity>0.000000</in_Quantity.quantity><out_Quantity.quantity>550.829499</out_Quantity.quantity></Point><Point><position>8398</position><in_Quantity.quantity>0.000000</in_Quantity.quantity><out_Quantity.quantity>566.750827</out_Quantity.quantity></Point><Point><position>8399</position><in_Quantity.quantity>0.000000</in_Quantity.quantity><out_Quantity.quantity>840.896431</out_Quantity.quantity></Point><Point><position>8400</position><in_Quantity.quantity>0.000000</in_Quantity.quantity><out_Quantity.quantity>182.384576</out_Quantity.quantity></Point><Point><position>8401</position><in_Quantity.quantity>0.000000</in_Quantity.quantity><out_Quantity.quantity>143.126771</out_Quantity.quantity></Point><Point><position>8402</position><in_Quantity.quantity>0.000000</in_Quantity.quantity><out_Quantity.quantity>672.895190</out_Quantity.quantity></Point><Point><position>8403</position><in_Quantity.quantity>0.000000</in_Quantity.quantity><out_Quantity.quantity>656.259760</out_Quantity.quantity></Point><Point><position>8404</position><in_Quantity.quantity>0.000000</in_Quantity.quantity><out_Quantity.quantity>670.215782</out_Quantity.quantity></Point><Point><position>8405</position><in_Quantity.quantity>0.000000</in_Quantity.quantity><out_Quantity.quantity>931.152402</out_Quantity.quantity></Point><Point><position>8406</position><in_Quantity.quantity>0.000000</in_Quantity.quantity><out_Quantity.quantity>881.508922</out_Quantity.quantity></Point><Point><position>8407</position><in_Quantity.quantity>0.000000</in_Quantity.quantity><out_Quantity.quantity>548.021694</out_Quantity.quantity></Point><Point><position>8408</position><in_Quantity.quantity>0.000000</in_Quantity.quantity><out_Quantity.quantity>260.320501</out_Quantity.quantity></Point><Point><position>8409</position><in_Quantity.quantity>0.000000</in_Quantity.quantity><out_Quantity.quantity>176.701307</out_Quantity.quantity></Point><Point><position>8410</position><in_Quantity.quantity>0.000000</in_Quantity.quantity><out_Quantity.quantity>642.944039</out_Quantity.quantity></Point><Point><position>8411</position><in_Quantity.quantity>0.000000</in_Quantity.quantity><out_Quantity.quantity>876.426413</out_Quantity.quantity></Point><Point><position>8412</position><in_Quantity.quantity>0.000000</in_Quantity.quantity><out_Quantity.quantity>454.666155</out_Quantity.quantity></Point><Point><position>8413</position><in_Quantity.quantity>0.000000</in_Quantity.quantity><out_Quantity.quantity>335.738158</out_Quantity.quantity></Point><Point><position>8414</position><in_Quantity.quantity>0.000000</in_Quantity.quantity><out_Quantity.quantity>330.240423</out_Quantity.quantity></Point><Point><position>8415</position><in_Quantity.quantity>0.000000</in_Quantity.quantity><out_Quantity.quantity>846.135375</out_Quantity.quantity></Point><Point><position>8416</position><in_Quantity.quantity>0.000000</in_Quantity.quantity><out_Quantity.quantity>933.031606</out_Quantity.quantity></Point><Point><position>8417</position><in_Quantity.quantity>0.000000</in_Quantity.quantity><out_Quantity.quantity>635.890528</out_Quantity.quantity></Point><Point><position>8418</position><in_Quantity.quantity>0.000000</in_Quantity.quantity><out_Quantity.quantity>282.571662</out_Quantity.quantity></Point><Point><position>8419</position><in_Quantity.quantity>0.000000</in_Quantity.quantity><out_Quantity.quantity>23.033024</out_Quantity.quantity></Point><Point><position>8420</position><in_Quantity.quantity>0.000000</in_Quantity.quantity><out_Quantity.quantity>26.934415</out_Quantity.quantity></Point><Point><position>8421</position><in_Quantity.quantity>0.000000</in_Quantity.quantity><out_Quantity.quantity>255.003038</out_Quantity.quantity></Point><Point><position>8422</position><in_Quantity.quantity>0.000000</in_Quantity.quantity><out_Quantity.quantity>956.245488</out_Quantity.quantity></Point><Point><position>8423</position><in_Quantity.quantity>0.000000</in_Quantity.quantity><out_Quantity.quantity>329.398478</out_Quantity.quantity></Point><Point><position>8424</position><in_Quantity.quantity>0.000000</in_Quantity.quantity><out_Quantity.quantity>809.682066</out_Quantity.quantity></Point><Point><position>8425</position><in_Quantity.quantity>0.000000</in_Quantity.quantity><out_Quantity.quantity>502.992352</out_Quantity.quantity></Point><Point><position>8426</position><in_Quantity.quantity>0.000000</in_Quantity.quantity><out_Quantity.quantity>604.371651</out_Quantity.quantity></Point><Point><position>8427</position><in_Quantity.quantity>0.000000</in_Quantity.quantity><out_Quantity.quantity>406.199288</out_Quantity.quantity></Point><Point><position>8428</position><in_Quantity.quantity>0.000000</in_Quantity.quantity><out_Quantity.quantity>187.012608</out_Quantity.quantity></Point><Point><position>8429</position><in_Quantity.quantity>0.000000</in_Quantity.quantity><out_Quantity.quantity>690.372741</out_Quantity.quantity></Point><Point><position>8430</position><in_Quantity.quantity>0.000000</in_Quantity.quantity><out_Quantity.quantity>429.916802</out_Quantity.quantity></Point><Point><position>8431</position><in_Quantity.quantity>0.000000</in_Quantity.quantity><out_Quantity.quantity>829.414218</out_Quantity.quantity></Point><Point><position>8432</position><in_Quantity.quantity>0.000000</in_Quantity.quantity><out_Quantity.quantity>868.224212</out_Quantity.quantity></Point><Point><position>8433</position><in_Quantity.quantity>0.000000</in_Quantity.quantity><out_Quantity.quantity>772.916089</out_Quantity.quantity></Point><Point><position>8434</position><in_Quantity.quantity>0.000000</in_Quantity.quantity><out_Quantity.quantity>322.584327</out_Quantity.quantity></Point><Point><position>8435</position><in_Quantity.quantity>0.000000</in_Quantity.quantity><out_Quantity.quantity>122.981145</out_Quantity.quantity></Point><Point><position>8436</position><in_Quantity.quantity>0.000000</in_Quantity.quantity><out_Quantity.quantity>746.398653</out_Quantity.quantity></Point><Point><position>8437</position><in_Quantity.quantity>0.000000</in_Quantity.quantity><out_Quantity.quantity>423.193942</out_Quantity.quantity></Point><Point><position>8438</position><in_Quantity.quantity>0.000000</in_Quantity.quantity><out_Quantity.quantity>522.470226</out_Quantity.quantity></Point><Point><position>8439</position><in_Quantity.quantity>0.000000</in_Quantity.quantity><out_Quantity.quantity>194.574781</out_Quantity.quantity></Point><Point><position>8440</position><in_Quantity.quantity>0.000000</in_Quantity.quantity><out_Quantity.quantity>578.983566</out_Quantity.quantity></Point><Point><position>8441</position><in_Quantity.quantity>0.000000</in_Quantity.quantity><out_Quantity.quantity>352.037893</out_Quantity.quantity></Point><Point><position>8442</position><in_Quantity.quantity>0.000000</in_Quantity.quantity><out_Quantity.quantity>729.362525</out_Quantity.quantity></Point><Point><position>8443</position><in_Quantity.quantity>0.000000</in_Quantity.quantity><out_Quantity.quantity>736.000915</out_Quantity.quantity></Point><Point><position>8444</position><in_Quantity.quantity>0.000000</in_Quantity.quantity><out_Quantity.quantity>99.942323</out_Quantity.quantity></Point><Point><position>8445</position><in_Quantity.quantity>0.000000</in_Quantity.quantity><out_Quantity.quantity>512.421239</out_Quantity.quantity></Point><Point><position>8446</position><in_Quantity.quantity>0.000000</in_Quantity.quantity><out_Quantity.quantity>927.004155</out_Quantity.quantity></Point><Point><position>8447</position><in_Quantity.quantity>0.000000</in_Quantity.quantity><out_Quantity.quantity>792.928786</out_Quantity.quantity></Point><Point><position>8448</position><in_Quantity.quantity>0.000000</in_Quantity.quantity><out_Quantity.quantity>295.382743</out_Quantity.quantity></Point><Point><position>8449</position><in_Quantity.quantity>0.000000</in_Quantity.quantity><out_Quantity.quantity>41.564531</out_Quantity.quantity></Point><Point><position>8450</position><in_Quantity.quantity>0.000000</in_Quantity.quantity><out_Quantity.quantity>652.475569</out_Quantity.quantity></Point><Point><position>8451</position><in_Quantity.quantity>0.000000</in_Quantity.quantity><out_Quantity.quantity>851.783015</out_Quantity.quantity></Point><Point><position>8452</position><in_Quantity.quantity>0.000000</in_Quantity.quantity><out_Quantity.quantity>325.845554</out_Quantity.quantity></Point><Point><position>8453</position><in_Quantity.quantity>0.000000</in_Quantity.quantity><out_Quantity.quantity>761.761408</out_Quantity.quantity></Point><Point><position>8454</position><in_Quantity.quantity>0.000000</in_Quantity.quantity><out_Quantity.quantity>20.232359</out_Quantity.quantity></Point><Point><position>8455</position><in_Quantity.quantity>0.000000</in_Quantity.quantity><out_Quantity.quantity>504.481052</out_Quantity.quantity></Point><Point><position>8456</position><in_Quantity.quantity>0.000000</in_Quantity.quantity><out_Quantity.quantity>823.450288</out_Quantity.quantity></Point><Point><position>8457</position><in_Quantity.quantity>0.000000</in_Quantity.quantity><out_Quantity.quantity>154.660360</out_Quantity.quantity></Point><Point><position>8458</position><in_Quantity.quantity>0.000000</in_Quantity.quantity><out_Quantity.quantity>54.978901</out_Quantity.quantity></Point><Point><position>8459</position><in_Quantity.quantity>0.000000</in_Quantity.quantity><out_Quantity.quantity>350.995272</out_Quantity.quantity></Point><Point><position>8460</position><in_Quantity.quantity>0.000000</in_Quantity.quantity><out_Quantity.quantity>112.070160</out_Quantity.quantity></Point><Point><position>8461</position><in_Quantity.quantity>0.000000</in_Quantity.quantity><out_Quantity.quantity>261.546660</out_Quantity.quantity></Point><Point><position>8462</position><in_Quantity.quantity>0.000000</in_Quantity.quantity><out_Quantity.quantity>606.121319</out_Quantity.quantity></Point><Point><position>8463</position><in_Quantity.quantity>0.000000</in_Quantity.quantity><out_Quantity.quantity>333.923624</out_Quantity.quantity></Point><Point><position>8464</position><in_Quantity.quantity>0.000000</in_Quantity.quantity><out_Quantity.quantity>846.304128</out_Quantity.quantity></Point><Point><position>8465</position><in_Quantity.quantity>0.000000</in_Quantity.quantity><out_Quantity.quantity>286.366980</out_Quantity.quantity></Point><Point><position>8466</position><in_Quantity.quantity>0.000000</in_Quantity.quantity><out_Quantity.quantity>693.126676</out_Quantity.quantity></Point><Point><position>8467</position><in_Quantity.quantity>0.000000</in_Quantity.quantity><out_Quantity.quantity>383.544329</out_Quantity.quantity></Point><Point><position>8468</position><in_Quantity.quantity>0.000000</in_Quantity.quantity><out_Quantity.quantity>196.569457</out_Quantity.quantity></Point><Point><position>8469</position><in_Quantity.quantity>0.000000</in_Quantity.quantity><out_Quantity.quantity>71.016419</out_Quantity.quantity></Point><Point><position>8470</position><in_Quantity.quantity>0.000000</in_Quantity.quantity><out_Quantity.quantity>394.966994</out_Quantity.quantity></Point><Point><position>8471</position><in_Quantity.quantity>0.000000</in_Quantity.quantity><out_Quantity.quantity>691.863395</out_Quantity.quantity></Point><Point><position>8472</position><in_Quantity.quantity>0.000000</in_Quantity.quantity><out_Quantity.quantity>63.922197</out_Quantity.quantity></Point><Point><position>8473</position><in_Quantity.quantity>0.000000</in_Quantity.quantity><out_Quantity.quantity>91.109788</out_Quantity.quantity></Point><Point><position>8474</position><in_Quantity.quantity>0.000000</in_Quantity.quantity><out_Quantity.quantity>436.696901</out_Quantity.quantity></Point><Point><position>8475</position><in_Quantity.quantity>0.000000</in_Quantity.quantity><out_Quantity.quantity>596.125813</out_Quantity.quantity></Point><Point><position>8476</position><in_Quantity.quantity>0.000000</in_Quantity.quantity><out_Quantity.quantity>163.842304</out_Quantity.quantity></Point><Point><position>8477</position><in_Quantity.quantity>0.000000</in_Quantity.quantity><out_Quantity.quantity>435.176341</out_Quantity.quantity></Point><Point><position>8478</position><in_Quantity.quantity>0.000000</in_Quantity.quantity><out_Quantity.quantity>90.345397</out_Quantity.quantity></Point><Point><position>8479</position><in_Quantity.quantity>0.000000</in_Quantity.quantity><out_Quantity.quantity>462.366312</out_Quantity.quantity></Point><Point><position>8480</position><in_Quantity.quantity>0.000000</in_Quantity.quantity><out_Quantity.quantity>84.589575</out_Quantity.quantity></Point><Point><position>8481</position><in_Quantity.quantity>0.000000</in_Quantity.quantity><out_Quantity.quantity>346.665468</out_Quantity.quantity></Point><Point><position>8482</position><in_Quantity.quantity>0.000000</in_Quantity.quantity><out_Quantity.quantity>950.236762</out_Quantity.quantity></Point><Point><position>8483</position><in_Quantity.quantity>0.000000</in_Quantity.quantity><out_Quantity.quantity>715.715670</out_Quantity.quantity></Point><Point><position>8484</position><in_Quantity.quantity>0.000000</in_Quantity.quantity><out_Quantity.quantity>134.141007</out_Quantity.quantity></Point><Point><position>8485</position><in_Quantity.quantity>0.000000</in_Quantity.quantity><out_Quantity.quantity>905.195798</out_Quantity.quantity></Point><Point><position>8486</position><in_Quantity.quantity>0.000000</in_Quantity.quantity><out_Quantity.quantity>945.784660</out_Quantity.quantity></Point><Point><position>8487</position><in_Quantity.quantity>0.000000</in_Quantity.quantity><out_Quantity.quantity>122.808392</out_Quantity.quantity></Point><Point><position>8488</position><in_Quantity.quantity>0.000000</in_Quantity.quantity><out_Quantity.quantity>831.821651</out_Quantity.quantity></Point><Point><position>8489</position><in_Quantity.quantity>0.000000</in_Quantity.quantity><out_Quantity.quantity>556.157093</out_Quantity.quantity></Point><Point><position>8490</position><in_Quantity.quantity>0.000000</in_Quantity.quantity><out_Quantity.quantity>871.398110</out_Quantity.quantity></Point><Point><position>8491</position><in_Quantity.quantity>0.000000</in_Quantity.quantity><out_Quantity.quantity>739.133433</out_Quantity.quantity></Point><Point><position>8492</position><in_Quantity.quantity>0.000000</in_Quantity.quantity><out_Quantity.quantity>758.073422</out_Quantity.quantity></Point><Point><position>8493</position><in_Quantity.quantity>0.000000</in_Quantity.quantity><out_Quantity.quantity>144.065199</out_Quantity.quantity></Point><Point><position>8494</position><in_Quantity.quantity>0.000000</in_Quantity.quantity><out_Quantity.quantity>599.813314</out_Quantity.quantity></Point><Point><position>8495</position><in_Quantity.quantity>0.000000</in_Quantity.quantity><out_Quantity.quantity>964.822479</out_Quantity.quantity></Point><Point><position>8496</position><in_Quantity.quantity>0.000000</in_Quantity.quantity><out_Quantity.quantity>688.343822</out_Quantity.quantity></Point><Point><position>8497</position><in_Quantity.quantity>0.000000</in_Quantity.quantity><out_Quantity.quantity>500.381415</out_Quantity.quantity></Point><Point><position>8498</position><in_Quantity.quantity>0.000000</in_Quantity.quantity><out_Quantity.quantity>946.973049</out_Quantity.quantity></Point><Point><position>8499</position><in_Quantity.quantity>0.000000</in_Quantity.quantity><out_Quantity.quantity>94.333170</out_Quantity.quantity></Point><Point><position>8500</position><in_Quantity.quantity>0.000000</in_Quantity.quantity><out_Quantity.quantity>383.515510</out_Quantity.quantity></Point><Point><position>8501</position><in_Quantity.quantity>0.000000</in_Quantity.quantity><out_Quantity.quantity>802.095006</out_Quantity.quantity></Point><Point><position>8502</position><in_Quantity.quantity>0.000000</in_Quantity.quantity><out_Quantity.quantity>885.268089</out_Quantity.quantity></Point><Point><position>8503</position><in_Quantity.quantity>0.000000</in_Quantity.quantity><out_Quantity.quantity>778.319403</out_Quantity.quantity></Point><Point><position>8504</position><in_Quantity.quantity>0.000000</in_Quantity.quantity><out_Quantity.quantity>57.565966</out_Quantity.quantity></Point><Point><position>8505</position><in_Quantity.quantity>0.000000</in_Quantity.quantity><out_Quantity.quantity>200.098247</out_Quantity.quantity></Point><Point><position>8506</position><in_Quantity.quantity>0.000000</in_Quantity.quantity><out_Quantity.quantity>624.014099</out_Quantity.quantity></Point><Point><position>8507</position><in_Quantity.quantity>0.000000</in_Quantity.quantity><out_Quantity.quantity>986.915313</out_Quantity.quantity></Point><Point><position>8508</position><in_Quantity.quantity>0.000000</in_Quantity.quantity><out_Quantity.quantity>707.892307</out_Quantity.quantity></Point><Point><position>8509</position><in_Quantity.quantity>0.000000</in_Quantity.quantity><out_Quantity.quantity>450.756791</out_Quantity.quantity></Point><Point><position>8510</position><in_Quantity.quantity>0.000000</in_Quantity.quantity><out_Quantity.quantity>645.777571</out_Quantity.quantity></Point><Point><position>8511</position><in_Quantity.quantity>0.000000</in_Quantity.quantity><out_Quantity.quantity>653.307922</out_Quantity.quantity></Point><Point><position>8512</position><in_Quantity.quantity>0.000000</in_Quantity.quantity><out_Quantity.quantity>540.472803</out_Quantity.quantity></Point><Point><position>8513</position><in_Quantity.quantity>0.000000</in_Quantity.quantity><out_Quantity.quantity>271.937515</out_Quantity.quantity></Point><Point><position>8514</position><in_Quantity.quantity>0.000000</in_Quantity.quantity><out_Quantity.quantity>390.931357</out_Quantity.quantity></Point><Point><position>8515</position><in_Quantity.quantity>0.000000</in_Quantity.quantity><out_Quantity.quantity>218.364107</out_Quantity.quantity></Point><Point><position>8516</position><in_Quantity.quantity>0.000000</in_Quantity.quantity><out_Quantity.quantity>201.915715</out_Quantity.quantity></Point><Point><position>8517</position><in_Quantity.quantity>0.000000</in_Quantity.quantity><out_Quantity.quantity>903.941553</out_Quantity.quantity></Point><Point><position>8518</position><in_Quantity.quantity>0.000000</in_Quantity.quantity><out_Quantity.quantity>991.412229</out_Quantity.quantity></Point><Point><position>8519</position><in_Quantity.quantity>0.000000</in_Quantity.quantity><out_Quantity.quantity>601.224723</out_Quantity.quantity></Point><Point><position>8520</position><in_Quantity.quantity>0.000000</in_Quantity.quantity><out_Quantity.quantity>267.895599</out_Quantity.quantity></Point><Point><position>8521</position><in_Quantity.quantity>0.000000</in_Quantity.quantity><out_Quantity.quantity>29.815933</out_Quantity.quantity></Point><Point><position>8522</position><in_Quantity.quantity>0.000000</in_Quantity.quantity><out_Quantity.quantity>449.655069</out_Quantity.quantity></Point><Point><position>8523</position><in_Quantity.quantity>0.000000</in_Quantity.quantity><out_Quantity.quantity>754.442540</out_Quantity.quantity></Point><Point><position>8524</position><in_Quantity.quantity>0.000000</in_Quantity.quantity><out_Quantity.quantity>303.226883</out_Quantity.quantity></Point><Point><position>8525</position><in_Quantity.quantity>0.000000</in_Quantity.quantity><out_Quantity.quantity>918.065642</out_Quantity.quantity></Point><Point><position>8526</position><in_Quantity.quantity>0.000000</in_Quantity.quantity><out_Quantity.quantity>299.528866</out_Quantity.quantity></Point><Point><position>8527</position><in_Quantity.quantity>0.000000</in_Quantity.quantity><out_Quantity.quantity>220.503044</out_Quantity.quantity></Point><Point><position>8528</position><in_Quantity.quantity>0.000000</in_Quantity.quantity><out_Quantity.quantity>129.594844</out_Quantity.quantity></Point><Point><position>8529</position><in_Quantity.quantity>0.000000</in_Quantity.quantity><out_Quantity.quantity>611.532004</out_Quantity.quantity></Point><Point><position>8530</position><in_Quantity.quantity>0.000000</in_Quantity.quantity><out_Quantity.quantity>139.468546</out_Quantity.quantity></Point><Point><position>8531</position><in_Quantity.quantity>0.000000</in_Quantity.quantity><out_Quantity.quantity>141.273420</out_Quantity.quantity></Point><Point><position>8532</position><in_Quantity.quantity>0.000000</in_Quantity.quantity><out_Quantity.quantity>885.262376</out_Quantity.quantity></Point><Point><position>8533</position><in_Quantity.quantity>0.000000</in_Quantity.quantity><out_Quantity.quantity>397.883034</out_Quantity.quantity></Point><Point><position>8534</position><in_Quantity.quantity>0.000000</in_Quantity.quantity><out_Quantity.quantity>473.144115</out_Quantity.quantity></Point><Point><position>8535</position><in_Quantity.quantity>0.000000</in_Quantity.quantity><out_Quantity.quantity>557.747262</out_Quantity.quantity></Point><Point><position>8536</position><in_Quantity.quantity>0.000000</in_Quantity.quantity><out_Quantity.quantity>58.005900</out_Quantity.quantity></Point><Point><position>8537</position><in_Quantity.quantity>0.000000</in_Quantity.quantity><out_Quantity.quantity>928.633619</out_Quantity.quantity></Point><Point><position>8538</position><in_Quantity.quantity>0.000000</in_Quantity.quantity><out_Quantity.quantity>686.643747</out_Quantity.quantity></Point><Point><position>8539</position><in_Quantity.quantity>0.000000</in_Quantity.quantity><out_Quantity.quantity>900.571514</out_Quantity.quantity></Point><Point><position>8540</position><in_Quantity.quantity>0.000000</in_Quantity.quantity><out_Quantity.quantity>529.923692</out_Quantity.quantity></Point><Point><position>8541</position><in_Quantity.quantity>0.000000</in_Quantity.quantity><out_Quantity.quantity>665.738447</out_Quantity.quantity></Point><Point><position>8542</position><in_Quantity.quantity>0.000000</in_Quantity.quantity><out_Quantity.quantity>315.364864</out_Quantity.quantity></Point><Point><position>8543</position><in_Quantity.quantity>0.000000</in_Quantity.quantity><out_Quantity.quantity>43.775418</out_Quantity.quantity></Point><Point><position>8544</position><in_Quantity.quantity>0.000000</in_Quantity.quantity><out_Quantity.quantity>100.181676</out_Quantity.quantity></Point><Point><position>8545</position><in_Quantity.quantity>0.000000</in_Quantity.quantity><out_Quantity.quantity>523.328463</out_Quantity.quantity></Point><Point><position>8546</position><in_Quantity.quantity>0.000000</in_Quantity.quantity><out_Quantity.quantity>724.431057</out_Quantity.quantity></Point><Point><position>8547</position><in_Quantity.quantity>0.000000</in_Quantity.quantity><out_Quantity.quantity>779.796148</out_Quantity.quantity></Point><Point><position>8548</position><in_Quantity.quantity>0.000000</in_Quantity.quantity><out_Quantity.quantity>724.244191</out_Quantity.quantity></Point><Point><position>8549</position><in_Quantity.quantity>0.000000</in_Quantity.quantity><out_Quantity.quantity>27.044865</out_Quantity.quantity></Point><Point><position>8550</position><in_Quantity.quantity>0.000000</in_Quantity.quantity><out_Quantity.quantity>631.835396</out_Quantity.quantity></Point><Point><position>8551</position><in_Quantity.quantity>0.000000</in_Quantity.quantity><out_Quantity.quantity>575.744966</out_Quantity.quantity></Point><Point><position>8552</position><in_Quantity.quantity>0.000000</in_Quantity.quantity><out_Quantity.quantity>667.628334</out_Quantity.quantity></Point><Point><position>8553</position><in_Quantity.quantity>0.000000</in_Quantity.quantity><out_Quantity.quantity>667.871795</out_Quantity.quantity></Point><Point><position>8554</position><in_Quantity.quantity>0.000000</in_Quantity.quantity><out_Quantity.quantity>282.335193</out_Quantity.quantity></Point><Point><position>8555</position><in_Quantity.quantity>0.000000</in_Quantity.quantity><out_Quantity.quantity>897.469215</out_Quantity.quantity></Point><Point><position>8556</position><in_Quantity.quantity>0.000000</in_Quantity.quantity><out_Quantity.quantity>637.960439</out_Quantity.quantity></Point><Point><position>8557</position><in_Quantity.quantity>0.000000</in_Quantity.quantity><out_Quantity.quantity>523.733074</out_Quantity.quantity></Point><Point><position>8558</position><in_Quantity.quantity>0.000000</in_Quantity.quantity><out_Quantity.quantity>356.341973</out_Quantity.quantity></Point><Point><position>8559</position><in_Quantity.quantity>0.000000</in_Quantity.quantity><out_Quantity.quantity>892.228775</out_Quantity.quantity></Point><Point><position>8560</position><in_Quantity.quantity>0.000000</in_Quantity.quantity><out_Quantity.quantity>328.845326</out_Quantity.quantity></Point><Point><position>8561</position><in_Quantity.quantity>0.000000</in_Quantity.quantity><out_Quantity.quantity>67.282980</out_Quantity.quantity></Point><Point><position>8562</position><in_Quantity.quantity>0.000000</in_Quantity.quantity><out_Quantity.quantity>171.100069</out_Quantity.quantity></Point><Point><position>8563</position><in_Quantity.quantity>0.000000</in_Quantity.quantity><out_Quantity.quantity>183.613679</out_Quantity.quantity></Point><Point><position>8564</position><in_Quantity.quantity>0.000000</in_Quantity.quantity><out_Quantity.quantity>658.148080</out_Quantity.quantity></Point><Point><position>8565</position><in_Quantity.quantity>0.000000</in_Quantity.quantity><out_Quantity.quantity>975.260656</out_Quantity.quantity></Point><Point><position>8566</position><in_Quantity.quantity>0.000000</in_Quantity.quantity><out_Quantity.quantity>162.408653</out_Quantity.quantity></Point><Point><position>8567</position><in_Quantity.quantity>0.000000</in_Quantity.quantity><out_Quantity.quantity>851.270253</out_Quantity.quantity></Point><Point><position>8568</position><in_Quantity.quantity>0.000000</in_Quantity.quantity><out_Quantity.quantity>494.692794</out_Quantity.quantity></Point><Point><position>8569</position><in_Quantity.quantity>0.000000</in_Quantity.quantity><out_Quantity.quantity>156.366198</out_Quantity.quantity></Point><Point><position>8570</position><in_Quantity.quantity>0.000000</in_Quantity.quantity><out_Quantity.quantity>300.483365</out_Quantity.quantity></Point><Point><position>8571</position><in_Quantity.quantity>0.000000</in_Quantity.quantity><out_Quantity.quantity>910.781577</out_Quantity.quantity></Point><Point><position>8572</position><in_Quantity.quantity>0.000000</in_Quantity.quantity><out_Quantity.quantity>564.352967</out_Quantity.quantity></Point><Point><position>8573</position><in_Quantity.quantity>0.000000</in_Quantity.quantity><out_Quantity.quantity>318.149964</out_Quantity.quantity></Point><Point><position>8574</position><in_Quantity.quantity>0.000000</in_Quantity.quantity><out_Quantity.quantity>758.987411</out_Quantity.quantity></Point><Point><position>8575</position><in_Quantity.quantity>0.000000</in_Quantity.quantity><out_Quantity.quantity>849.150847</out_Quantity.quantity></Point><Point><position>8576</position><in_Quantity.quantity>0.000000</in_Quantity.quantity><out_Quantity.quantity>300.618461</out_Quantity.quantity></Point><Point><position>8577</position><in_Quantity.quantity>0.000000</in_Quantity.quantity><out_Quantity.quantity>781.901137</out_Quantity.quantity></Point><Point><position>8578</position><in_Quantity.quantity>0.000000</in_Quantity.quantity><out_Quantity.quantity>823.329400</out_Quantity.quantity></Point><Point><position>8579</position><in_Quantity.quantity>0.000000</in_Quantity.quantity><out_Quantity.quantity>266.424352</out_Quantity.quantity></Point><Point><position>8580</position><in_Quantity.quantity>0.000000</in_Quantity.quantity><out_Quantity.quantity>84.794464</out_Quantity.quantity></Point><Point><position>8581</position><in_Quantity.quantity>0.000000</in_Quantity.quantity><out_Quantity.quantity>245.222097</out_Quantity.quantity></Point><Point><position>8582</position><in_Quantity.quantity>0.000000</in_Quantity.quantity><out_Quantity.quantity>727.853247</out_Quantity.quantity></Point><Point><position>8583</position><in_Quantity.quantity>0.000000</in_Quantity.quantity><out_Quantity.quantity>739.223911</out_Quantity.quantity></Point><Point><position>8584</position><in_Quantity.quantity>0.000000</in_Quantity.quantity><out_Quantity.quantity>728.251808</out_Quantity.quantity></Point><Point><position>8585</position><in_Quantity.quantity>0.000000</in_Quantity.quantity><out_Quantity.quantity>823.481282</out_Quantity.quantity></Point><Point><position>8586</position><in_Quantity.quantity>0.000000</in_Quantity.quantity><out_Quantity.quantity>563.755532</out_Quantity.quantity></Point><Point><position>8587</position><in_Quantity.quantity>0.000000</in_Quantity.quantity><out_Quantity.quantity>200.614890</out_Quantity.quantity></Point><Point><position>8588</position><in_Quantity.quantity>0.000000</in_Quantity.quantity><out_Quantity.quantity>119.150518</out_Quantity.quantity></Point><Point><position>8589</position><in_Quantity.quantity>0.000000</in_Quantity.quantity><out_Quantity.quantity>729.724427</out_Quantity.quantity></Point><Point><position>8590</position><in_Quantity.quantity>0.000000</in_Quantity.quantity><out_Quantity.quantity>413.103225</out_Quantity.quantity></Point><Point><position>8591</position><in_Quantity.quantity>0.000000</in_Quantity.quantity><out_Quantity.quantity>282.794021</out_Quantity.quantity></Point><Point><position>8592</position><in_Quantity.quantity>0.000000</in_Quantity.quantity><out_Quantity.quantity>232.436750</out_Quantity.quantity></Point><Point><position>8593</position><in_Quantity.quantity>0.000000</in_Quantity.quantity><out_Quantity.quantity>574.628026</out_Quantity.quantity></Point><Point><position>8594</position><in_Quantity.quantity>0.000000</in_Quantity.quantity><out_Quantity.quantity>175.943437</out_Quantity.quantity></Point><Point><position>8595</position><in_Quantity.quantity>0.000000</in_Quantity.quantity><out_Quantity.quantity>856.610536</out_Quantity.quantity></Point><Point><position>8596</position><in_Quantity.quantity>0.000000</in_Quantity.quantity><out_Quantity.quantity>726.303979</out_Quantity.quantity></Point><Point><position>8597</position><in_Quantity.quantity>0.000000</in_Quantity.quantity><out_Quantity.quantity>353.796268</out_Quantity.quantity></Point><Point><position>8598</position><in_Quantity.quantity>0.000000</in_Quantity.quantity><out_Quantity.quantity>959.505147</out_Quantity.quantity></Point><Point><position>8599</position><in_Quantity.quantity>0.000000</in_Quantity.quantity><out_Quantity.quantity>261.875390</out_Quantity.quantity></Point><Point><position>8600</position><in_Quantity.quantity>0.000000</in_Quantity.quantity><out_Quantity.quantity>617.965909</out_Quantity.quantity></Point><Point><position>8601</position><in_Quantity.quantity>0.000000</in_Quantity.quantity><out_Quantity.quantity>546.850393</out_Quantity.quantity></Point><Point><position>8602</position><in_Quantity.quantity>0.000000</in_Quantity.quantity><out_Quantity.quantity>435.546754</out_Quantity.quantity></Point><Point><position>8603</position><in_Quantity.quantity>0.000000</in_Quantity.quantity><out_Quantity.quantity>212.433852</out_Quantity.quantity></Point><Point><position>8604</position><in_Quantity.quantity>0.000000</in_Quantity.quantity><out_Quantity.quantity>940.884105</out_Quantity.quantity></Point><Point><position>8605</position><in_Quantity.quantity>0.000000</in_Quantity.quantity><out_Quantity.quantity>59.177636</out_Quantity.quantity></Point><Point><position>8606</position><in_Quantity.quantity>0.000000</in_Quantity.quantity><out_Quantity.quantity>912.705260</out_Quantity.quantity></Point><Point><position>8607</position><in_Quantity.quantity>0.000000</in_Quantity.quantity><out_Quantity.quantity>870.099282</out_Quantity.quantity></Point><Point><position>8608</position><in_Quantity.quantity>0.000000</in_Quantity.quantity><out_Quantity.quantity>683.719696</out_Quantity.quantity></Point><Point><position>8609</position><in_Quantity.quantity>0.000000</in_Quantity.quantity><out_Quantity.quantity>205.058235</out_Quantity.quantity></Point><Point><position>8610</position><in_Quantity.quantity>0.000000</in_Quantity.quantity><out_Quantity.quantity>673.968687</out_Quantity.quantity></Point><Point><position>8611</position><in_Quantity.quantity>0.000000</in_Quantity.quantity><out_Quantity.quantity>933.187859</out_Quantity.quantity></Point><Point><position>8612</position><in_Quantity.quantity>0.000000</in_Quantity.quantity><out_Quantity.quantity>356.290760</out_Quantity.quantity></Point><Point><position>8613</position><in_Quantity.quantity>0.000000</in_Quantity.quantity><out_Quantity.quantity>676.031859</out_Quantity.quantity></Point><Point><position>8614</position><in_Quantity.quantity>0.000000</in_Quantity.quantity><out_Quantity.quantity>818.060443</out_Quantity.quantity></Point><Point><position>8615</position><in_Quantity.quantity>0.000000</in_Quantity.quantity><out_Quantity.quantity>485.313135</out_Quantity.quantity></Point><Point><position>8616</position><in_Quantity.quantity>0.000000</in_Quantity.quantity><out_Quantity.quantity>443.715968</out_Quantity.quantity></Point><Point><position>8617</position><in_Quantity.quantity>0.000000</in_Quantity.quantity><out_Quantity.quantity>29.706858</out_Quantity.quantity></Point><Point><position>8618</position><in_Quantity.quantity>0.000000</in_Quantity.quantity><out_Quantity.quantity>898.335544</out_Quantity.quantity></Point><Point><position>8619</position><in_Quantity.quantity>0.000000</in_Quantity.quantity><out_Quantity.quantity>301.737342</out_Quantity.quantity></Point><Point><position>8620</position><in_Quantity.quantity>0.000000</in_Quantity.quantity><out_Quantity.quantity>457.824937</out_Quantity.quantity></Point><Point><position>8621</position><in_Quantity.quantity>0.000000</in_Quantity.quantity><out_Quantity.quantity>864.650171</out_Quantity.quantity></Point><Point><position>8622</position><in_Quantity.quantity>0.000000</in_Quantity.quantity><out_Quantity.quantity>672.106982</out_Quantity.quantity></Point><Point><position>8623</position><in_Quantity.quantity>0.000000</in_Quantity.quantity><out_Quantity.quantity>595.874320</out_Quantity.quantity></Point><Point><position>8624</position><in_Quantity.quantity>0.000000</in_Quantity.quantity><out_Quantity.quantity>466.264007</out_Quantity.quantity></Point><Point><position>8625</position><in_Quantity.quantity>0.000000</in_Quantity.quantity><out_Quantity.quantity>140.799236</out_Quantity.quantity></Point><Point><position>8626</position><in_Quantity.quantity>0.000000</in_Quantity.quantity><out_Quantity.quantity>802.076254</out_Quantity.quantity></Point><Point><position>8627</position><in_Quantity.quantity>0.000000</in_Quantity.quantity><out_Quantity.quantity>26.160086</out_Quantity.quantity></Point><Point><position>8628</position><in_Quantity.quantity>0.000000</in_Quantity.quantity><out_Quantity.quantity>722.083176</out_Quantity.quantity></Point><Point><position>8629</position><in_Quantity.quantity>0.000000</in_Quantity.quantity><out_Quantity.quantity>845.849568</out_Quantity.quantity></Point><Point><position>8630</position><in_Quantity.quantity>0.000000</in_Quantity.quantity><out_Quantity.quantity>73.909211</out_Quantity.quantity></Point><Point><position>8631</position><in_Quantity.quantity>0.000000</in_Quantity.quantity><out_Quantity.quantity>741.352381</out_Quantity.quantity></Point><Point><position>8632</position><in_Quantity.quantity>0.000000</in_Quantity.quantity><out_Quantity.quantity>165.784060</out_Quantity.quantity></Point><Point><position>8633</position><in_Quantity.quantity>0.000000</in_Quantity.quantity><out_Quantity.quantity>675.967123</out_Quantity.quantity></Point><Point><position>8634</position><in_Quantity.quantity>0.000000</in_Quantity.quantity><out_Quantity.quantity>842.511233</out_Quantity.quantity></Point><Point><position>8635</position><in_Quantity.quantity>0.000000</in_Quantity.quantity><out_Quantity.quantity>883.953291</out_Quantity.quantity></Point><Point><position>8636</position><in_Quantity.quantity>0.000000</in_Quantity.quantity><out_Quantity.quantity>626.321178</out_Quantity.quantity></Point><Point><position>8637</position><in_Quantity.quantity>0.000000</in_Quantity.quantity><out_Quantity.quantity>535.280985</out_Quantity.quantity></Point><Point><position>8638</position><in_Quantity.quantity>0.000000</in_Quantity.quantity><out_Quantity.quantity>627.979117</out_Quantity.quantity></Point><Point><position>8639</position><in_Quantity.quantity>0.000000</in_Quantity.quantity><out_Quantity.quantity>796.897515</out_Quantity.quantity></Point><Point><position>8640</position><in_Quantity.quantity>0.000000</in_Quantity.quantity><out_Quantity.quantity>422.902991</out_Quantity.quantity></Point><Point><position>8641</position><in_Quantity.quantity>0.000000</in_Quantity.quantity><out_Quantity.quantity>418.043881</out_Quantity.quantity></Point><Point><position>8642</position><in_Quantity.quantity>0.000000</in_Quantity.quantity><out_Quantity.quantity>587.045996</out_Quantity.quantity></Point><Point><position>8643</position><in_Quantity.quantity>0.000000</in_Quantity.quantity><out_Quantity.quantity>831.513752</out_Quantity.quantity></Point><Point><position>8644</position><in_Quantity.quantity>0.000000</in_Quantity.quantity><out_Quantity.quantity>525.835279</out_Quantity.quantity></Point><Point><position>8645</position><in_Quantity.quantity>0.000000</in_Quantity.quantity><out_Quantity.quantity>926.263346</out_Quantity.quantity></Point><Point><position>8646</position><in_Quantity.quantity>0.000000</in_Quantity.quantity><out_Quantity.quantity>34.784237</out_Quantity.quantity></Point><Point><position>8647</position><in_Quantity.quantity>0.000000</in_Quantity.quantity><out_Quantity.quantity>164.999494</out_Quantity.quantity></Point><Point><position>8648</position><in_Quantity.quantity>0.000000</in_Quantity.quantity><out_Quantity.quantity>899.323983</out_Quantity.quantity></Point><Point><position>8649</position><in_Quantity.quantity>0.000000</in_Quantity.quantity><out_Quantity.quantity>480.725938</out_Quantity.quantity></Point><Point><position>8650</position><in_Quantity.quantity>0.000000</in_Quantity.quantity><out_Quantity.quantity>876.659042</out_Quantity.quantity></Point><Point><position>8651</position><in_Quantity.quantity>0.000000</in_Quantity.quantity><out_Quantity.quantity>36.836902</out_Quantity.quantity></Point><Point><position>8652</position><in_Quantity.quantity>0.000000</in_Quantity.quantity><out_Quantity.quantity>684.069600</out_Quantity.quantity></Point><Point><position>8653</position><in_Quantity.quantity>0.000000</in_Quantity.quantity><out_Quantity.quantity>106.554483</out_Quantity.quantity></Point><Point><position>8654</position><in_Quantity.quantity>0.000000</in_Quantity.quantity><out_Quantity.quantity>996.059733</out_Quantity.quantity></Point><Point><position>8655</position><in_Quantity.quantity>0.000000</in_Quantity.quantity><out_Quantity.quantity>424.209060</out_Quantity.quantity></Point><Point><position>8656</position><in_Quantity.quantity>0.000000</in_Quantity.quantity><out_Quantity.quantity>833.505567</out_Quantity.quantity></Point><Point><position>8657</position><in_Quantity.quantity>0.000000</in_Quantity.quantity><out_Quantity.quantity>775.062467</out_Quantity.quantity></Point><Point><position>8658</position><in_Quantity.quantity>0.000000</in_Quantity.quantity><out_Quantity.quantity>323.306296</out_Quantity.quantity></Point><Point><position>8659</position><in_Quantity.quantity>0.000000</in_Quantity.quantity><out_Quantity.quantity>861.738137</out_Quantity.quantity></Point><Point><position>8660</position><in_Quantity.quantity>0.000000</in_Quantity.quantity><out_Quantity.quantity>298.876807</out_Quantity.quantity></Point><Point><position>8661</position><in_Quantity.quantity>0.000000</in_Quantity.quantity><out_Quantity.quantity>17.596128</out_Quantity.quantity></Point><Point><position>8662</position><in_Quantity.quantity>0.000000</in_Quantity.quantity><out_Quantity.quantity>598.430980</out_Quantity.quantity></Point><Point><position>8663</position><in_Quantity.quantity>0.000000</in_Quantity.quantity><out_Quantity.quantity>880.319929</out_Quantity.quantity></Point><Point><position>8664</position><in_Quantity.quantity>0.000000</in_Quantity.quantity><out_Quantity.quantity>590.424916</out_Quantity.quantity></Point><Point><position>8665</position><in_Quantity.quantity>0.000000</in_Quantity.quantity><out_Quantity.quantity>405.604538</out_Quantity.quantity></Point><Point><position>8666</position><in_Quantity.quantity>0.000000</in_Quantity.quantity><out_Quantity.quantity>414.600922</out_Quantity.quantity></Point><Point><position>8667</position><in_Quantity.quantity>0.000000</in_Quantity.quantity><out_Quantity.quantity>444.074852</out_Quantity.quantity></Point><Point><position>8668</position><in_Quantity.quantity>0.000000</in_Quantity.quantity><out_Quantity.quantity>170.450833</out_Quantity.quantity></Point><Point><position>8669</position><in_Quantity.quantity>0.000000</in_Quantity.quantity><out_Quantity.quantity>878.339252</out_Quantity.quantity></Point><Point><position>8670</position><in_Quantity.quantity>0.000000</in_Quantity.quantity><out_Quantity.quantity>296.054025</out_Quantity.quantity></Point><Point><position>8671</position><in_Quantity.quantity>0.000000</in_Quantity.quantity><out_Quantity.quantity>154.490689</out_Quantity.quantity></Point><Point><position>8672</position><in_Quantity.quantity>0.000000</in_Quantity.quantity><out_Quantity.quantity>305.198221</out_Quantity.quantity></Point><Point><position>8673</position><in_Quantity.quantity>0.000000</in_Quantity.quantity><out_Quantity.quantity>476.559390</out_Quantity.quantity></Point><Point><position>8674</position><in_Quantity.quantity>0.000000</in_Quantity.quantity><out_Quantity.quantity>209.407174</out_Quantity.quantity></Point><Point><position>8675</position><in_Quantity.quantity>0.000000</in_Quantity.quantity><out_Quantity.quantity>476.847806</out_Quantity.quantity></Point><Point><position>8676</position><in_Quantity.quantity>0.000000</in_Quantity.quantity><out_Quantity.quantity>94.742100</out_Quantity.quantity></Point><Point><position>8677</position><in_Quantity.quantity>0.000000</in_Quantity.quantity><out_Quantity.quantity>312.172155</out_Quantity.quantity></Point><Point><position>8678</position><in_Quantity.quantity>0.000000</in_Quantity.quantity><out_Quantity.quantity>125.060164</out_Quantity.quantity></Point><Point><position>8679</position><in_Quantity.quantity>0.000000</in_Quantity.quantity><out_Quantity.quantity>693.118471</out_Quantity.quantity></Point><Point><position>8680</position><in_Quantity.quantity>0.000000</in_Quantity.quantity><out_Quantity.quantity>389.019629</out_Quantity.quantity></Point><Point><position>8681</position><in_Quantity.quantity>0.000000</in_Quantity.quantity><out_Quantity.quantity>64.160376</out_Quantity.quantity></Point><Point><position>8682</position><in_Quantity.quantity>0.000000</in_Quantity.quantity><out_Quantity.quantity>971.417246</out_Quantity.quantity></Point><Point><position>8683</position><in_Quantity.quantity>0.000000</in_Quantity.quantity><out_Quantity.quantity>320.580413</out_Quantity.quantity></Point><Point><position>8684</position><in_Quantity.quantity>0.000000</in_Quantity.quantity><out_Quantity.quantity>546.066257</out_Quantity.quantity></Point><Point><position>8685</position><in_Quantity.quantity>0.000000</in_Quantity.quantity><out_Quantity.quantity>141.953493</out_Quantity.quantity></Point><Point><position>8686</position><in_Quantity.quantity>0.000000</in_Quantity.quantity><out_Quantity.quantity>300.008488</out_Quantity.quantity></Point><Point><position>8687</position><in_Quantity.quantity>0.000000</in_Quantity.quantity><out_Quantity.quantity>104.051980</out_Quantity.quantity></Point><Point><position>8688</position><in_Quantity.quantity>0.000000</in_Quantity.quantity><out_Quantity.quantity>334.197353</out_Quantity.quantity></Point><Point><position>8689</position><in_Quantity.quantity>0.000000</in_Quantity.quantity><out_Quantity.quantity>474.172318</out_Quantity.quantity></Point><Point><position>8690</position><in_Quantity.quantity>0.000000</in_Quantity.quantity><out_Quantity.quantity>436.424730</out_Quantity.quantity></Point><Point><position>8691</position><in_Quantity.quantity>0.000000</in_Quantity.quantity><out_Quantity.quantity>241.277078</out_Quantity.quantity></Point><Point><position>8692</position><in_Quantity.quantity>0.000000</in_Quantity.quantity><out_Quantity.quantity>764.294830</out_Quantity.quantity></Point><Point><position>8693</position><in_Quantity.quantity>0.000000</in_Quantity.quantity><out_Quantity.quantity>152.829879</out_Quantity.quantity></Point><Point><position>8694</position><in_Quantity.quantity>0.000000</in_Quantity.quantity><out_Quantity.quantity>160.072282</out_Quantity.quantity></Point><Point><position>8695</position><in_Quantity.quantity>0.000000</in_Quantity.quantity><out_Quantity.quantity>409.731828</out_Quantity.quantity></Point><Point><position>8696</position><in_Quantity.quantity>0.000000</in_Quantity.quantity><out_Quantity.quantity>268.796264</out_Quantity.quantity></Point><Point><position>8697</position><in_Quantity.quantity>0.000000</in_Quantity.quantity><out_Quantity.quantity>205.020189</out_Quantity.quantity></Point><Point><position>8698</position><in_Quantity.quantity>0.000000</in_Quantity.quantity><out_Quantity.quantity>201.870591</out_Quantity.quantity></Point><Point><position>8699</position><in_Quantity.quantity>0.000000</in_Quantity.quantity><out_Quantity.quantity>487.072777</out_Quantity.quantity></Point><Point><position>8700</position><in_Quantity.quantity>0.000000</in_Quantity.quantity><out_Quantity.quantity>329.291274</out_Quantity.quantity></Point><Point><position>8701</position><in_Quantity.quantity>0.000000</in_Quantity.quantity><out_Quantity.quantity>623.636388</out_Quantity.quantity></Point><Point><position>8702</position><in_Quantity.quantity>0.000000</in_Quantity.quantity><out_Quantity.quantity>3.799293</out_Quantity.quantity></Point><Point><position>8703</position><in_Quantity.quantity>0.000000</in_Quantity.quantity><out_Quantity.quantity>869.808329</out_Quantity.quantity></Point><Point><position>8704</position><in_Quantity.quantity>0.000000</in_Quantity.quantity><out_Quantity.quantity>193.036282</out_Quantity.quantity></Point><Point><position>8705</position><in_Quantity.quantity>0.000000</in_Quantity.quantity><out_Quantity.quantity>501.563104</out_Quantity.quantity></Point><Point><position>8706</position><in_Quantity.quantity>0.000000</in_Quantity.quantity><out_Quantity.quantity>779.268908</out_Quantity.quantity></Point><Point><position>8707</position><in_Quantity.quantity>0.000000</in_Quantity.quantity><out_Quantity.quantity>801.544775</out_Quantity.quantity></Point><Point><position>8708</position><in_Quantity.quantity>0.000000</in_Quantity.quantity><out_Quantity.quantity>624.076362</out_Quantity.quantity></Point><Point><position>8709</position><in_Quantity.quantity>0.000000</in_Quantity.quantity><out_Quantity.quantity>34.673692</out_Quantity.quantity></Point><Point><position>8710</position><in_Quantity.quantity>0.000000</in_Quantity.quantity><out_Quantity.quantity>974.264421</out_Quantity.quantity></Point><Point><position>8711</position><in_Quantity.quantity>0.000000</in_Quantity.quantity><out_Quantity.quantity>769.006846</out_Quantity.quantity></Point><Point><position>8712</position><in_Quantity.quantity>0.000000</in_Quantity.quantity><out_Quantity.quantity>305.468875</out_Quantity.quantity></Point><Point><position>8713</position><in_Quantity.quantity>0.000000</in_Quantity.quantity><out_Quantity.quantity>845.526636</out_Quantity.quantity></Point><Point><position>8714</position><in_Quantity.quantity>0.000000</in_Quantity.quantity><out_Quantity.quantity>128.222639</out_Quantity.quantity></Point><Point><position>8715</position><in_Quantity.quantity>0.000000</in_Quantity.quantity><out_Quantity.quantity>724.917809</out_Quantity.quantity></Point><Point><position>8716</position><in_Quantity.quantity>0.000000</in_Quantity.quantity><out_Quantity.quantity>464.761143</out_Quantity.quantity></Point><Point><position>8717</position><in_Quantity.quantity>0.000000</in_Quantity.quantity><out_Quantity.quantity>112.514017</out_Quantity.quantity></Point><Point><position>8718</position><in_Quantity.quantity>0.000000</in_Quantity.quantity><out_Quantity.quantity>276.998369</out_Quantity.quantity></Point><Point><position>8719</position><in_Quantity.quantity>0.000000</in_Quantity.quantity><out_Quantity.quantity>449.750429</out_Quantity.quantity></Point><Point><position>8720</position><in_Quantity.quantity>0.000000</in_Quantity.quantity><out_Quantity.quantity>689.998277</out_Quantity.quantity></Point><Point><position>8721</position><in_Quantity.quantity>0.000000</in_Quantity.quantity><out_Quantity.quantity>920.996724</out_Quantity.quantity></Point><Point><position>8722</position><in_Quantity.quantity>0.000000</in_Quantity.quantity><out_Quantity.quantity>871.354271</out_Quantity.quantity></Point><Point><position>8723</position><in_Quantity.quantity>0.000000</in_Quantity.quantity><out_Quantity.quantity>985.081208</out_Quantity.quantity></Point><Point><position>8724</position><in_Quantity.quantity>0.000000</in_Quantity.quantity><out_Quantity.quantity>46.581089</out_Quantity.quantity></Point><Point><position>8725</position><in_Quantity.quantity>0.000000</in_Quantity.quantity><out_Quantity.quantity>561.401994</out_Quantity.quantity></Point><Point><position>8726</position><in_Quantity.quantity>0.000000</in_Quantity.quantity><out_Quantity.quantity>288.214774</out_Quantity.quantity></Point><Point><position>8727</position><in_Quantity.quantity>0.000000</in_Quantity.quantity><out_Quantity.quantity>143.854684</out_Quantity.quantity></Point><Point><position>8728</position><in_Quantity.quantity>0.000000</in_Quantity.quantity><out_Quantity.quantity>315.311294</out_Quantity.quantity></Point><Point><position>8729</position><in_Quantity.quantity>0.000000</in_Quantity.quantity><out_Quantity.quantity>611.522594</out_Quantity.quantity></Point><Point><position>8730</position><in_Quantity.quantity>0.000000</in_Quantity.quantity><out_Quantity.quantity>570.551865</out_Quantity.quantity></Point><Point><position>8731</position><in_Quantity.quantity>0.000000</in_Quantity.quantity><out_Quantity.quantity>734.861261</out_Quantity.quantity></Point><Point><position>8732</position><in_Quantity.quantity>0.000000</in_Quantity.quantity><out_Quantity.quantity>541.029416</out_Quantity.quantity></Point><Point><position>8733</position><in_Quantity.quantity>0.000000</in_Quantity.quantity><out_Quantity.quantity>479.248197</out_Quantity.quantity></Point><Point><position>8734</position><in_Quantity.quantity>0.000000</in_Quantity.quantity><out_Quantity.quantity>498.840454</out_Quantity.quantity></Point><Point><position>8735</position><in_Quantity.quantity>0.000000</in_Quantity.quantity><out_Quantity.quantity>19.924521</out_Quantity.quantity></Point><Point><position>8736</position><in_Quantity.quantity>0.000000</in_Quantity.quantity><out_Quantity.quantity>746.740460</out_Quantity.quantity></Point><Point><position>8737</position><in_Quantity.quantity>0.000000</in_Quantity.quantity><out_Quantity.quantity>948.137096</out_Quantity.quantity></Point><Point><position>8738</position><in_Quantity.quantity>0.000000</in_Quantity.quantity><out_Quantity.quantity>266.332468</out_Quantity.quantity></Point><Point><position>8739</position><in_Quantity.quantity>0.000000</in_Quantity.quantity><out_Quantity.quantity>840.116798</out_Quantity.quantity></Point><Point><position>8740</position><in_Quantity.quantity>0.000000</in_Quantity.quantity><out_Quantity.quantity>132.573888</out_Quantity.quantity></Point><Point><position>8741</position><in_Quantity.quantity>0.000000</in_Quantity.quantity><out_Quantity.quantity>283.524002</out_Quantity.quantity></Point><Point><position>8742</position><in_Quantity.quantity>0.000000</in_Quantity.quantity><out_Quantity.quantity>134.027725</out_Quantity.quantity></Point><Point><position>8743</position><in_Quantity.quantity>0.000000</in_Quantity.quantity><out_Quantity.quantity>68.632000</out_Quantity.quantity></Point><Point><position>8744</position><in_Quantity.quantity>0.000000</in_Quantity.quantity><out_Quantity.quantity>40.815008</out_Quantity.quantity></Point><Point><position>8745</position><in_Quantity.quantity>0.000000</in_Quantity.quantity><out_Quantity.quantity>893.725843</out_Quantity.quantity></Point><Point><position>8746</position><in_Quantity.quantity>0.000000</in_Quantity.quantity><out_Quantity.quantity>21.630085</out_Quantity.quantity></Point><Point><position>8747</position><in_Quantity.quantity>0.000000</in_Quantity.quantity><out_Quantity.quantity>800.692563</out_Quantity.quantity></Point><Point><position>8748</position><in_Quantity.quantity>0.000000</in_Quantity.quantity><out_Quantity.quantity>89.587226</out_Quantity.quantity></Point><Point><position>8749</position><in_Quantity.quantity>0.000000</in_Quantity.quantity><out_Quantity.quantity>364.348135</out_Quantity.quantity></Point><Point><position>8750</position><in_Quantity.quantity>0.000000</in_Quantity.quantity><out_Quantity.quantity>700.348354</out_Quantity.quantity></Point><Point><position>8751</position><in_Quantity.quantity>0.000000</in_Quantity.quantity><out_Quantity.quantity>373.543339</out_Quantity.quantity></Point><Point><position>8752</position><in_Quantity.quantity>0.000000</in_Quantity.quantity><out_Quantity.quantity>463.029297</out_Quantity.quantity></Point><Point><position>8753</position><in_Quantity.quantity>0.000000</in_Quantity.quantity><out_Quantity.quantity>109.008702</out_Quantity.quantity></Point><Point><position>8754</position><in_Quantity.quantity>0.000000</in_Quantity.quantity><out_Quantity.quantity>495.758353</out_Quantity.quantity></Point><Point><position>8755</position><in_Quantity.quantity>0.000000</in_Quantity.quantity><out_Quantity.quantity>59.814013</out_Quantity.quantity></Point><Point><position>8756</position><in_Quantity.quantity>0.000000</in_Quantity.quantity><out_Quantity.quantity>48.338501</out_Quantity.quantity></Point><Point><position>8757</position><in_Quantity.quantity>0.000000</in_Quantity.quantity><out_Quantity.quantity>919.149509</out_Quantity.quantity></Point><Point><position>8758</position><in_Quantity.quantity>0.000000</in_Quantity.quantity><out_Quantity.quantity>568.254690</out_Quantity.quantity></Point><Point><position>8759</position><in_Quantity.quantity>0.000000</in_Quantity.quantity><out_Quantity.quantity>213.442850</out_Quantity.quantity></Point><Point><position>8760</position><in_Quantity.quantity>0.000000</in_Quantity.quantity><out_Quantity.quantity>252.611938</out_Quantity.quantity></Point><Point><position>8761</position><in_Quantity.quantity>0.000000</in_Quantity.quantity><out_Quantity.quantity>23.121391</out_Quantity.quantity></Point><Point><position>8762</position><in_Quantity.quantity>0.000000</in_Quantity.quantity><out_Quantity.quantity>691.964942</out_Quantity.quantity></Point><Point><position>8763</position><in_Quantity.quantity>0.000000</in_Quantity.quantity><out_Quantity.quantity>792.341025</out_Quantity.quantity></Point><Point><position>8764</position><in_Quantity.quantity>0.000000</in_Quantity.quantity><out_Quantity.quantity>345.692299</out_Quantity.quantity></Point><Point><position>8765</position><in_Quantity.quantity>0.000000</in_Quantity.quantity><out_Quantity.quantity>23.281789</out_Quantity.quantity></Point><Point><position>8766</position><in_Quantity.quantity>0.000000</in_Quantity.quantity><out_Quantity.quantity>253.291995</out_Quantity.quantity></Point><Point><position>8767</position><in_Quantity.quantity>0.000000</in_Quantity.quantity><out_Quantity.quantity>748.588580</out_Quantity.quantity></Point><Point><position>8768</position><in_Quantity.quantity>0.000000</in_Quantity.quantity><out_Quantity.quantity>359.668773</out_Quantity.quantity></Point><Point><position>8769</position><in_Quantity.quantity>0.000000</in_Quantity.quantity><out_Quantity.quantity>7.234331</out_Quantity.quantity></Point><Point><position>8770</position><in_Quantity.quantity>0.000000</in_Quantity.quantity><out_Quantity.quantity>914.475370</out_Quantity.quantity></Point><Point><position>8771</position><in_Quantity.quantity>0.000000</in_Quantity.quantity><out_Quantity.quantity>274.789514</out_Quantity.quantity></Point><Point><position>8772</position><in_Quantity.quantity>0.000000</in_Quantity.quantity><out_Quantity.quantity>731.957674</out_Quantity.quantity></Point><Point><position>8773</position><in_Quantity.quantity>0.000000</in_Quantity.quantity><out_Quantity.quantity>850.369130</out_Quantity.quantity></Point><Point><position>8774</position><in_Quantity.quantity>0.000000</in_Quantity.quantity><out_Quantity.quantity>217.941799</out_Quantity.quantity></Point><Point><position>8775</position><in_Quantity.quantity>0.000000</in_Quantity.quantity><out_Quantity.quantity>700.534642</out_Quantity.quantity></Point><Point><position>8776</position><in_Quantity.quantity>0.000000</in_Quantity.quantity><out_Quantity.quantity>736.182520</out_Quantity.quantity></Point><Point><position>8777</position><in_Quantity.quantity>0.000000</in_Quantity.quantity><out_Quantity.quantity>606.162174</out_Quantity.quantity></Point><Point><position>8778</position><in_Quantity.quantity>0.000000</in_Quantity.quantity><out_Quantity.quantity>511.137124</out_Quantity.quantity></Point><Point><position>8779</position><in_Quantity.quantity>0.000000</in_Quantity.quantity><out_Quantity.quantity>699.632946</out_Quantity.quantity></Point><Point><position>8780</position><in_Quantity.quantity>0.000000</in_Quantity.quantity><out_Quantity.quantity>436.897593</out_Quantity.quantity></Point><Point><position>8781</position><in_Quantity.quantity>0.000000</in_Quantity.quantity><out_Quantity.quantity>74.050562</out_Quantity.quantity></Point><Point><position>8782</position><in_Quantity.quantity>0.000000</in_Quantity.quantity><out_Quantity.quantity>293.424408</out_Quantity.quantity></Point><Point><position>8783</position><in_Quantity.quantity>0.000000</in_Quantity.quantity><out_Quantity.quantity>337.373712</out_Quantity.quantity></Point><Point><position>8784</position><in_Quantity.quantity>0.000000</in_Quantity.quantity><out_Quantity.quantity>700.143023</out_Quantity.quantity></Point><Point><position>8785</position><in_Quantity.quantity>0.000000</in_Quantity.quantity><out_Quantity.quantity>384.337103</out_Quantity.quantity></Point><Point><position>8786</position><in_Quantity.quantity>0.000000</in_Quantity.quantity><out_Quantity.quantity>148.492948</out_Quantity.quantity></Point><Point><position>8787</position><in_Quantity.quantity>0.000000</in_Quantity.quantity><out_Quantity.quantity>890.234820</out_Quantity.quantity></Point><Point><position>8788</position><in_Quantity.quantity>0.000000</in_Quantity.quantity><out_Quantity.quantity>540.222853</out_Quantity.quantity></Point><Point><position>8789</position><in_Quantity.quantity>0.000000</in_Quantity.quantity><out_Quantity.quantity>693.513582</out_Quantity.quantity></Point><Point><position>8790</position><in_Quantity.quantity>0.000000</in_Quantity.quantity><out_Quantity.quantity>458.815892</out_Quantity.quantity></Point><Point><position>8791</position><in_Quantity.quantity>0.000000</in_Quantity.quantity><out_Quantity.quantity>442.414775</out_Quantity.quantity></Point><Point><position>8792</position><in_Quantity.quantity>0.000000</in_Quantity.quantity><out_Quantity.quantity>859.944068</out_Quantity.quantity></Point><Point><position>8793</position><in_Quantity.quantity>0.000000</in_Quantity.quantity><out_Quantity.quantity>180.011374</out_Quantity.quantity></Point><Point><position>8794</position><in_Quantity.quantity>0.000000</in_Quantity.quantity><out_Quantity.quantity>986.763022</out_Quantity.quantity></Point><Point><position>8795</position><in_Quantity.quantity>0.000000</in_Quantity.quantity><out_Quantity.quantity>965.864086</out_Quantity.quantity></Point><Point><position>8796</position><in_Quantity.quantity>0.000000</in_Quantity.quantity><out_Quantity.quantity>485.568994</out_Quantity.quantity></Point><Point><position>8797</position><in_Quantity.quantity>0.000000</in_Quantity.quantity><out_Quantity.quantity>396.356601</out_Quantity.quantity></Point><Point><position>8798</position><in_Quantity.quantity>0.000000</in_Quantity.quantity><out_Quantity.quantity>360.079582</out_Quantity.quantity></Point><Point><position>8799</position><in_Quantity.quantity>0.000000</in_Quantity.quantity><out_Quantity.quantity>48.521551</out_Quantity.quantity></Point><Point><position>8800</position><in_Quantity.quantity>0.000000</in_Quantity.quantity><out_Quantity.quantity>470.809596</out_Quantity.quantity></Point><Point><position>8801</position><in_Quantity.quantity>0.000000</in_Quantity.quantity><out_Quantity.quantity>392.091889</out_Quantity.quantity></Point><Point><position>8802</position><in_Quantity.quantity>0.000000</in_Quantity.quantity><out_Quantity.quantity>333.256891</out_Quantity.quantity></Point><Point><position>8803</position><in_Quantity.quantity>0.000000</in_Quantity.quantity><out_Quantity.quantity>691.925347</out_Quantity.quantity></Point><Point><position>8804</position><in_Quantity.quantity>0.000000</in_Quantity.quantity><out_Quantity.quantity>97.491881</out_Quantity.quantity></Point><Point><position>8805</position><in_Quantity.quantity>0.000000</in_Quantity.quantity><out_Quantity.quantity>355.108175</out_Quantity.quantity></Point><Point><position>8806</position><in_Quantity.quantity>0.000000</in_Quantity.quantity><out_Quantity.quantity>169.557960</out_Quantity.quantity></Point><Point><position>8807</position><in_Quantity.quantity>0.000000</in_Quantity.quantity><out_Quantity.quantity>77.148368</out_Quantity.quantity></Point><Point><position>8808</position><in_Quantity.quantity>0.000000</in_Quantity.quantity><out_Quantity.quantity>533.091883</out_Quantity.quantity></Point><Point><position>8809</position><in_Quantity.quantity>0.000000</in_Quantity.quantity><out_Quantity.quantity>769.607920</out_Quantity.quantity></Point><Point><position>8810</position><in_Quantity.quantity>0.000000</in_Quantity.quantity><out_Quantity.quantity>257.511063</out_Quantity.quantity></Point><Point><position>8811</position><in_Quantity.quantity>0.000000</in_Quantity.quantity><out_Quantity.quantity>515.019487</out_Quantity.quantity></Point><Point><position>8812</position><in_Quantity.quantity>0.000000</in_Quantity.quantity><out_Quantity.quantity>365.559425</out_Quantity.quantity></Point><Point><position>8813</position><in_Quantity.quantity>0.000000</in_Quantity.quantity><out_Quantity.quantity>241.545582</out_Quantity.quantity></Point><Point><position>8814</position><in_Quantity.quantity>0.000000</in_Quantity.quantity><out_Quantity.quantity>724.140021</out_Quantity.quantity></Point><Point><position>8815</position><in_Quantity.quantity>0.000000</in_Quantity.quantity><out_Quantity.quantity>968.705305</out_Quantity.quantity></Point><Point><position>8816</position><in_Quantity.quantity>0.000000</in_Quantity.quantity><out_Quantity.quantity>959.308338</out_Quantity.quantity></Point><Point><position>8817</position><in_Quantity.quantity>0.000000</in_Quantity.quantity><out_Quantity.quantity>509.817159</out_Quantity.quantity></Point><Point><position>8818</position><in_Quantity.quantity>0.000000</in_Quantity.quantity><out_Quantity.quantity>185.173435</out_Quantity.quantity></Point><Point><position>8819</position><in_Quantity.quantity>0.000000</in_Quantity.quantity><out_Quantity.quantity>148.437981</out_Quantity.quantity></Point><Point><position>8820</position><in_Quantity.quantity>0.000000</in_Quantity.quantity><out_Quantity.quantity>632.139242</out_Quantity.quantity></Point><Point><position>8821</position><in_Quantity.quantity>0.000000</in_Quantity.quantity><out_Quantity.quantity>164.174152</out_Quantity.quantity></Point><Point><position>8822</position><in_Quantity.quantity>0.000000</in_Quantity.quantity><out_Quantity.quantity>4.331478</out_Quantity.quantity></Point><Point><position>8823</position><in_Quantity.quantity>0.000000</in_Quantity.quantity><out_Quantity.quantity>423.172978</out_Quantity.quantity></Point><Point><position>8824</position><in_Quantity.quantity>0.000000</in_Quantity.quantity><out_Quantity.quantity>643.909923</out_Quantity.quantity></Point><Point><position>8825</position><in_Quantity.quantity>0.000000</in_Quantity.quantity><out_Quantity.quantity>990.376598</out_Quantity.quantity></Point><Point><position>8826</position><in_Quantity.quantity>0.000000</in_Quantity.quantity><out_Quantity.quantity>118.682397</out_Quantity.quantity></Point><Point><position>8827</position><in_Quantity.quantity>0.000000</in_Quantity.quantity><out_Quantity.quantity>57.782553</out_Quantity.quantity></Point><Point><position>8828</position><in_Quantity.quantity>0.000000</in_Quantity.quantity><out_Quantity.quantity>936.037085</out_Quantity.quantity></Point><Point><position>8829</position><in_Quantity.quantity>0.000000</in_Quantity.quantity><out_Quantity.quantity>713.540083</out_Quantity.quantity></Point><Point><position>8830</position><in_Quantity.quantity>0.000000</in_Quantity.quantity><out_Quantity.quantity>530.171045</out_Quantity.quantity></Point><Point><position>8831</position><in_Quantity.quantity>0.000000</in_Quantity.quantity><out_Quantity.quantity>804.446968</out_Quantity.quantity></Point><Point><position>8832</position><in_Quantity.quantity>0.000000</in_Quantity.quantity><out_Quantity.quantity>628.689682</out_Quantity.quantity></Point><Point><position>8833</position><in_Quantity.quantity>0.000000</in_Quantity.quantity><out_Quantity.quantity>763.654520</out_Quantity.quantity></Point><Point><position>8834</position><in_Quantity.quantity>0.000000</in_Quantity.quantity><out_Quantity.quantity>833.324269</out_Quantity.quantity></Point><Point><position>8835</position><in_Quantity.quantity>0.000000</in_Quantity.quantity><out_Quantity.quantity>601.993249</out_Quantity.quantity></Point><Point><position>8836</position><in_Quantity.quantity>0.000000</in_Quantity.quantity><out_Quantity.quantity>687.715045</out_Quantity.quantity></Point><Point><position>8837</position><in_Quantity.quantity>0.000000</in_Quantity.quantity><out_Quantity.quantity>552.633868</out_Quantity.quantity></Point><Point><position>8838</position><in_Quantity.quantity>0.000000</in_Quantity.quantity><out_Quantity.quantity>47.478034</out_Quantity.quantity></Point><Point><position>8839</position><in_Quantity.quantity>0.000000</in_Quantity.quantity><out_Quantity.quantity>921.891390</out_Quantity.quantity></Point><Point><position>8840</position><in_Quantity.quantity>0.000000</in_Quantity.quantity><out_Quantity.quantity>132.727831</out_Quantity.quantity></Point><Point><position>8841</position><in_Quantity.quantity>0.000000</in_Quantity.quantity><out_Quantity.quantity>306.553998</out_Quantity.quantity></Point><Point><position>8842</position><in_Quantity.quantity>0.000000</in_Quantity.quantity><out_Quantity.quantity>521.213405</out_Quantity.quantity></Point><Point><position>8843</position><in_Quantity.quantity>0.000000</in_Quantity.quantity><out_Quantity.quantity>105.040784</out_Quantity.quantity></Point><Point><position>8844</position><in_Quantity.quantity>0.000000</in_Quantity.quantity><out_Quantity.quantity>580.809812</out_Quantity.quantity></Point><Point><position>8845</position><in_Quantity.quantity>0.000000</in_Quantity.quantity><out_Quantity.quantity>554.840507</out_Quantity.quantity></Point><Point><position>8846</position><in_Quantity.quantity>0.000000</in_Quantity.quantity><out_Quantity.quantity>927.727471</out_Quantity.quantity></Point><Point><position>8847</position><in_Quantity.quantity>0.000000</in_Quantity.quantity><out_Quantity.quantity>422.913579</out_Quantity.quantity></Point><Point><position>8848</position><in_Quantity.quantity>0.000000</in_Quantity.quantity><out_Quantity.quantity>606.357768</out_Quantity.quantity></Point><Point><position>8849</position><in_Quantity.quantity>0.000000</in_Quantity.quantity><out_Quantity.quantity>312.115845</out_Quantity.quantity></Point><Point><position>8850</position><in_Quantity.quantity>0.000000</in_Quantity.quantity><out_Quantity.quantity>674.559143</out_Quantity.quantity></Point><Point><position>8851</position><in_Quantity.quantity>0.000000</in_Quantity.quantity><out_Quantity.quantity>723.909566</out_Quantity.quantity></Point><Point><position>8852</position><in_Quantity.quantity>0.000000</in_Quantity.quantity><out_Quantity.quantity>199.924714</out_Quantity.quantity></Point><Point><position>8853</position><in_Quantity.quantity>0.000000</in_Quantity.quantity><out_Quantity.quantity>724.241296</out_Quantity.quantity></Point><Point><position>8854</position><in_Quantity.quantity>0.000000</in_Quantity.quantity><out_Quantity.quantity>501.864749</out_Quantity.quantity></Point><Point><position>8855</position><in_Quantity.quantity>0.000000</in_Quantity.quantity><out_Quantity.quantity>634.179374</out_Quantity.quantity></Point><Point><position>8856</position><in_Quantity.quantity>0.000000</in_Quantity.quantity><out_Quantity.quantity>601.513835</out_Quantity.quantity></Point><Point><position>8857</position><in_Quantity.quantity>0.000000</in_Quantity.quantity><out_Quantity.quantity>465.969133</out_Quantity.quantity></Point><Point><position>8858</position><in_Quantity.quantity>0.000000</in_Quantity.quantity><out_Quantity.quantity>139.434988</out_Quantity.quantity></Point><Point><position>8859</position><in_Quantity.quantity>0.000000</in_Quantity.quantity><out_Quantity.quantity>968.524714</out_Quantity.quantity></Point><Point><position>8860</position><in_Quantity.quantity>0.000000</in_Quantity.quantity><out_Quantity.quantity>853.741400</out_Quantity.quantity></Point><Point><position>8861</position><in_Quantity.quantity>0.000000</in_Quantity.quantity><out_Quantity.quantity>862.822786</out_Quantity.quantity></Point><Point><position>8862</position><in_Quantity.quantity>0.000000</in_Quantity.quantity><out_Quantity.quantity>481.441948</out_Quantity.quantity></Point><Point><position>8863</position><in_Quantity.quantity>0.000000</in_Quantity.quantity><out_Quantity.quantity>469.466411</out_Quantity.quantity></Point><Point><position>8864</position><in_Quantity.quantity>0.000000</in_Quantity.quantity><out_Quantity.quantity>194.232414</out_Quantity.quantity></Point><Point><position>8865</position><in_Quantity.quantity>0.000000</in_Quantity.quantity><out_Quantity.quantity>544.133016</out_Quantity.quantity></Point><Point><position>8866</position><in_Quantity.quantity>0.000000</in_Quantity.quantity><out_Quantity.quantity>933.205186</out_Quantity.quantity></Point><Point><position>8867</position><in_Quantity.quantity>0.000000</in_Quantity.quantity><out_Quantity.quantity>18.570490</out_Quantity.quantity></Point><Point><position>8868</position><in_Quantity.quantity>0.000000</in_Quantity.quantity><out_Quantity.quantity>959.377392</out_Quantity.quantity></Point><Point><position>8869</position><in_Quantity.quantity>0.000000</in_Quantity.quantity><out_Quantity.quantity>836.366900</out_Quantity.quantity></Point><Point><position>8870</position><in_Quantity.quantity>0.000000</in_Quantity.quantity><out_Quantity.quantity>309.399946</out_Quantity.quantity></Point><Point><position>8871</position><in_Quantity.quantity>0.000000</in_Quantity.quantity><out_Quantity.quantity>202.110732</out_Quantity.quantity></Point><Point><position>8872</position><in_Quantity.quantity>0.000000</in_Quantity.quantity><out_Quantity.quantity>437.655300</out_Quantity.quantity></Point><Point><position>8873</position><in_Quantity.quantity>0.000000</in_Quantity.quantity><out_Quantity.quantity>838.895870</out_Quantity.quantity></Point><Point><position>8874</position><in_Quantity.quantity>0.000000</in_Quantity.quantity><out_Quantity.quantity>480.412222</out_Quantity.quantity></Point><Point><position>8875</position><in_Quantity.quantity>0.000000</in_Quantity.quantity><out_Quantity.quantity>218.062654</out_Quantity.quantity></Point><Point><position>8876</position><in_Quantity.quantity>0.000000</in_Quantity.quantity><out_Quantity.quantity>962.121818</out_Quantity.quantity></Point><Point><position>8877</position><in_Quantity.quantity>0.000000</in_Quantity.quantity><out_Quantity.quantity>109.336582</out_Quantity.quantity></Point><Point><position>8878</position><in_Quantity.quantity>0.000000</in_Quantity.quantity><out_Quantity.quantity>907.053897</out_Quantity.quantity></Point><Point><position>8879</position><in_Quantity.quantity>0.000000</in_Quantity.quantity><out_Quantity.quantity>359.593818</out_Quantity.quantity></Point><Point><position>8880</position><in_Quantity.quantity>0.000000</in_Quantity.quantity><out_Quantity.quantity>814.577817</out_Quantity.quantity></Point><Point><position>8881</position><in_Quantity.quantity>0.000000</in_Quantity.quantity><out_Quantity.quantity>374.519590</out_Quantity.quantity></Point><Point><position>8882</position><in_Quantity.quantity>0.000000</in_Quantity.quantity><out_Quantity.quantity>781.243327</out_Quantity.quantity></Point><Point><position>8883</position><in_Quantity.quantity>0.000000</in_Quantity.quantity><out_Quantity.quantity>862.862746</out_Quantity.quantity></Point><Point><position>8884</position><in_Quantity.quantity>0.000000</in_Quantity.quantity><out_Quantity.quantity>997.891563</out_Quantity.quantity></Point><Point><position>8885</position><in_Quantity.quantity>0.000000</in_Quantity.quantity><out_Quantity.quantity>256.971978</out_Quantity.quantity></Point><Point><position>8886</position><in_Quantity.quantity>0.000000</in_Quantity.quantity><out_Quantity.quantity>804.823881</out_Quantity.quantity></Point><Point><position>8887</position><in_Quantity.quantity>0.000000</in_Quantity.quantity><out_Quantity.quantity>676.973729</out_Quantity.quantity></Point><Point><position>8888</position><in_Quantity.quantity>0.000000</in_Quantity.quantity><out_Quantity.quantity>78.392891</out_Quantity.quantity></Point><Point><position>8889</position><in_Quantity.quantity>0.000000</in_Quantity.quantity><out_Quantity.quantity>89.590029</out_Quantity.quantity></Point><Point><position>8890</position><in_Quantity.quantity>0.000000</in_Quantity.quantity><out_Quantity.quantity>389.001281</out_Quantity.quantity></Point><Point><position>8891</position><in_Quantity.quantity>0.000000</in_Quantity.quantity><out_Quantity.quantity>174.163935</out_Quantity.quantity></Point><Point><position>8892</position><in_Quantity.quantity>0.000000</in_Quantity.quantity><out_Quantity.quantity>427.697723</out_Quantity.quantity></Point><Point><position>8893</position><in_Quantity.quantity>0.000000</in_Quantity.quantity><out_Quantity.quantity>939.781757</out_Quantity.quantity></Point><Point><position>8894</position><in_Quantity.quantity>0.000000</in_Quantity.quantity><out_Quantity.quantity>412.762939</out_Quantity.quantity></Point><Point><position>8895</position><in_Quantity.quantity>0.000000</in_Quantity.quantity><out_Quantity.quantity>255.559053</out_Quantity.quantity></Point><Point><position>8896</position><in_Quantity.quantity>0.000000</in_Quantity.quantity><out_Quantity.quantity>221.804645</out_Quantity.quantity></Point><Point><position>8897</position><in_Quantity.quantity>0.000000</in_Quantity.quantity><out_Quantity.quantity>368.972908</out_Quantity.quantity></Point><Point><position>8898</position><in_Quantity.quantity>0.000000</in_Quantity.quantity><out_Quantity.quantity>156.094093</out_Quantity.quantity></Point><Point><position>8899</position><in_Quantity.quantity>0.000000</in_Quantity.quantity><out_Quantity.quantity>767.217028</out_Quantity.quantity></Point><Point><position>8900</position><in_Quantity.quantity>0.000000</in_Quantity.quantity><out_Quantity.quantity>732.346289</out_Quantity.quantity></Point><Point><position>8901</position><in_Quantity.quantity>0.000000</in_Quantity.quantity><out_Quantity.quantity>270.225857</out_Quantity.quantity></Point><Point><position>8902</position><in_Quantity.quantity>0.000000</in_Quantity.quantity><out_Quantity.quantity>37.355700</out_Quantity.quantity></Point><Point><position>8903</position><in_Quantity.quantity>0.000000</in_Quantity.quantity><out_Quantity.quantity>733.719489</out_Quantity.quantity></Point><Point><position>8904</position><in_Quantity.quantity>0.000000</in_Quantity.quantity><out_Quantity.quantity>74.732550</out_Quantity.quantity></Point><Point><position>8905</position><in_Quantity.quantity>0.000000</in_Quantity.quantity><out_Quantity.quantity>543.267422</out_Quantity.quantity></Point><Point><position>8906</position><in_Quantity.quantity>0.000000</in_Quantity.quantity><out_Quantity.quantity>10.313861</out_Quantity.quantity></Point><Point><position>8907</position><in_Quantity.quantity>0.000000</in_Quantity.quantity><out_Quantity.quantity>113.598233</out_Quantity.quantity></Point><Point><position>8908</position><in_Quantity.quantity>0.000000</in_Quantity.quantity><out_Quantity.quantity>716.299995</out_Quantity.quantity></Point><Point><position>8909</position><in_Quantity.quantity>0.000000</in_Quantity.quantity><out_Quantity.quantity>397.292190</out_Quantity.quantity></Point><Point><position>8910</position><in_Quantity.quantity>0.000000</in_Quantity.quantity><out_Quantity.quantity>210.348741</out_Quantity.quantity></Point><Point><position>8911</position><in_Quantity.quantity>0.000000</in_Quantity.quantity><out_Quantity.quantity>556.309194</out_Quantity.quantity></Point><Point><position>8912</position><in_Quantity.quantity>0.000000</in_Quantity.quantity><out_Quantity.quantity>213.030844</out_Quantity.quantity></Point><Point><position>8913</position><in_Quantity.quantity>0.000000</in_Quantity.quantity><out_Quantity.quantity>119.466305</out_Quantity.quantity></Point><Point><position>8914</position><in_Quantity.quantity>0.000000</in_Quantity.quantity><out_Quantity.quantity>996.445065</out_Quantity.quantity></Point><Point><position>8915</position><in_Quantity.quantity>0.000000</in_Quantity.quantity><out_Quantity.quantity>394.186570</out_Quantity.quantity></Point><Point><position>8916</position><in_Quantity.quantity>0.000000</in_Quantity.quantity><out_Quantity.quantity>409.352217</out_Quantity.quantity></Point><Point><position>8917</position><in_Quantity.quantity>0.000000</in_Quantity.quantity><out_Quantity.quantity>212.045889</out_Quantity.quantity></Point><Point><position>8918</position><in_Quantity.quantity>0.000000</in_Quantity.quantity><out_Quantity.quantity>141.324985</out_Quantity.quantity></Point><Point><position>8919</position><in_Quantity.quantity>0.000000</in_Quantity.quantity><out_Quantity.quantity>624.494088</out_Quantity.quantity></Point><Point><position>8920</position><in_Quantity.quantity>0.000000</in_Quantity.quantity><out_Quantity.quantity>16.391324</out_Quantity.quantity></Point><Point><position>8921</position><in_Quantity.quantity>0.000000</in_Quantity.quantity><out_Quantity.quantity>480.267495</out_Quantity.quantity></Point><Point><position>8922</position><in_Quantity.quantity>0.000000</in_Quantity.quantity><out_Quantity.quantity>976.945233</out_Quantity.quantity></Point><Point><position>8923</position><in_Quantity.quantity>0.000000</in_Quantity.quantity><out_Quantity.quantity>268.669394</out_Quantity.quantity></Point><Point><position>8924</position><in_Quantity.quantity>0.000000</in_Quantity.quantity><out_Quantity.quantity>588.780761</out_Quantity.quantity></Point><Point><position>8925</position><in_Quantity.quantity>0.000000</in_Quantity.quantity><out_Quantity.quantity>268.316191</out_Quantity.quantity></Point><Point><position>8926</position><in_Quantity.quantity>0.000000</in_Quantity.quantity><out_Quantity.quantity>158.766056</out_Quantity.quantity></Point><Point><position>8927</position><in_Quantity.quantity>0.000000</in_Quantity.quantity><out_Quantity.quantity>4.199988</out_Quantity.quantity></Point><Point><position>8928</position><in_Quantity.quantity>0.000000</in_Quantity.quantity><out_Quantity.quantity>24.492335</out_Quantity.quantity></Point><Point><position>8929</position><in_Quantity.quantity>0.000000</in_Quantity.quantity><out_Quantity.quantity>885.198624</out_Quantity.quantity></Point><Point><position>8930</position><in_Quantity.quantity>0.000000</in_Quantity.quantity><out_Quantity.quantity>946.481386</out_Quantity.quantity></Point><Point><position>8931</position><in_Quantity.quantity>0.000000</in_Quantity.quantity><out_Quantity.quantity>607.511020</out_Quantity.quantity></Point><Point><position>8932</position><in_Quantity.quantity>0.000000</in_Quantity.quantity><out_Quantity.quantity>139.319051</out_Quantity.quantity></Point><Point><position>8933</position><in_Quantity.quantity>0.000000</in_Quantity.quantity><out_Quantity.quantity>444.577032</out_Quantity.quantity></Point><Point><position>8934</position><in_Quantity.quantity>0.000000</in_Quantity.quantity><out_Quantity.quantity>789.484928</out_Quantity.quantity></Point><Point><position>8935</position><in_Quantity.quantity>0.000000</in_Quantity.quantity><out_Quantity.quantity>330.268484</out_Quantity.quantity></Point><Point><position>8936</position><in_Quantity.quantity>0.000000</in_Quantity.quantity><out_Quantity.quantity>416.332324</out_Quantity.quantity></Point><Point><position>8937</position><in_Quantity.quantity>0.000000</in_Quantity.quantity><out_Quantity.quantity>412.177595</out_Quantity.quantity></Point><Point><position>8938</position><in_Quantity.quantity>0.000000</in_Quantity.quantity><out_Quantity.quantity>7.752143</out_Quantity.quantity></Point><Point><position>8939</position><in_Quantity.quantity>0.000000</in_Quantity.quantity><out_Quantity.quantity>819.622800</out_Quantity.quantity></Point><Point><position>8940</position><in_Quantity.quantity>0.000000</in_Quantity.quantity><out_Quantity.quantity>694.408263</out_Quantity.quantity></Point><Point><position>8941</position><in_Quantity.quantity>0.000000</in_Quantity.quantity><out_Quantity.quantity>221.097451</out_Quantity.quantity></Point><Point><position>8942</position><in_Quantity.quantity>0.000000</in_Quantity.quantity><out_Quantity.quantity>425.575831</out_Quantity.quantity></Point><Point><position>8943</position><in_Quantity.quantity>0.000000</in_Quantity.quantity><out_Quantity.quantity>9.635514</out_Quantity.quantity></Point><Point><position>8944</position><in_Quantity.quantity>0.000000</in_Quantity.quantity><out_Quantity.quantity>302.568188</out_Quantity.quantity></Point><Point><position>8945</position><in_Quantity.quantity>0.000000</in_Quantity.quantity><out_Quantity.quantity>933.799312</out_Quantity.quantity></Point><Point><position>8946</position><in_Quantity.quantity>0.000000</in_Quantity.quantity><out_Quantity.quantity>315.924337</out_Quantity.quantity></Point><Point><position>8947</position><in_Quantity.quantity>0.000000</in_Quantity.quantity><out_Quantity.quantity>539.985024</out_Quantity.quantity></Point><Point><position>8948</position><in_Quantity.quantity>0.000000</in_Quantity.quantity><out_Quantity.quantity>629.623888</out_Quantity.quantity></Point><Point><position>8949</position><in_Quantity.quantity>0.000000</in_Quantity.quantity><out_Quantity.quantity>283.033233</out_Quantity.quantity></Point><Point><position>8950</position><in_Quantity.quantity>0.000000</in_Quantity.quantity><out_Quantity.quantity>312.873021</out_Quantity.quantity></Point><Point><position>8951</position><in_Quantity.quantity>0.000000</in_Quantity.quantity><out_Quantity.quantity>16.687482</out_Quantity.quantity></Point><Point><position>8952</position><in_Quantity.quantity>0.000000</in_Quantity.quantity><out_Quantity.quantity>767.319987</out_Quantity.quantity></Point><Point><position>8953</position><in_Quantity.quantity>0.000000</in_Quantity.quantity><out_Quantity.quantity>668.741835</out_Quantity.quantity></Point><Point><position>8954</position><in_Quantity.quantity>0.000000</in_Quantity.quantity><out_Quantity.quantity>135.908742</out_Quantity.quantity></Point><Point><position>8955</position><in_Quantity.quantity>0.000000</in_Quantity.quantity><out_Quantity.quantity>154.152347</out_Quantity.quantity></Point><Point><position>8956</position><in_Quantity.quantity>0.000000</in_Quantity.quantity><out_Quantity.quantity>705.806410</out_Quantity.quantity></Point><Point><position>8957</position><in_Quantity.quantity>0.000000</in_Quantity.quantity><out_Quantity.quantity>558.924010</out_Quantity.quantity></Point><Point><position>8958</position><in_Quantity.quantity>0.000000</in_Quantity.quantity><out_Quantity.quantity>183.935883</out_Quantity.quantity></Point><Point><position>8959</position><in_Quantity.quantity>0.000000</in_Quantity.quantity><out_Quantity.quantity>693.827781</out_Quantity.quantity></Point><Point><position>8960</position><in_Quantity.quantity>0.000000</in_Quantity.quantity><out_Quantity.quantity>77.420587</out_Quantity.quantity></Point><Point><position>8961</position><in_Quantity.quantity>0.000000</in_Quantity.quantity><out_Quantity.quantity>639.288118</out_Quantity.quantity></Point><Point><position>8962</position><in_Quantity.quantity>0.000000</in_Quantity.quantity><out_Quantity.quantity>913.224059</out_Quantity.quantity></Point><Point><position>8963</position><in_Quantity.quantity>0.000000</in_Quantity.quantity><out_Quantity.quantity>634.832464</out_Quantity.quantity></Point><Point><position>8964</position><in_Quantity.quantity>0.000000</in_Quantity.quantity><out_Quantity.quantity>574.454959</out_Quantity.quantity></Point><Point><position>8965</position><in_Quantity.quantity>0.000000</in_Quantity.quantity><out_Quantity.quantity>712.814139</out_Quantity.quantity></Point><Point><position>8966</position><in_Quantity.quantity>0.000000</in_Quantity.quantity><out_Quantity.quantity>770.638772</out_Quantity.quantity></Point><Point><position>8967</position><in_Quantity.quantity>0.000000</in_Quantity.quantity><out_Quantity.quantity>117.051269</out_Quantity.quantity></Point><Point><position>8968</position><in_Quantity.quantity>0.000000</in_Quantity.quantity><out_Quantity.quantity>349.962578</out_Quantity.quantity></Point><Point><position>8969</position><in_Quantity.quantity>0.000000</in_Quantity.quantity><out_Quantity.quantity>36.491607</out_Quantity.quantity></Point><Point><position>8970</position><in_Quantity.quantity>0.000000</in_Quantity.quantity><out_Quantity.quantity>316.673808</out_Quantity.quantity></Point><Point><position>8971</position><in_Quantity.quantity>0.000000</in_Quantity.quantity><out_Quantity.quantity>744.971596</out_Quantity.quantity></Point><Point><position>8972</position><in_Quantity.quantity>0.000000</in_Quantity.quantity><out_Quantity.quantity>28.430530</out_Quantity.quantity></Point><Point><position>8973</position><in_Quantity.quantity>0.000000</in_Quantity.quantity><out_Quantity.quantity>197.046239</out_Quantity.quantity></Point><Point><position>8974</position><in_Quantity.quantity>0.000000</in_Quantity.quantity><out_Quantity.quantity>981.440879</out_Quantity.quantity></Point><Point><position>8975</position><in_Quantity.quantity>0.000000</in_Quantity.quantity><out_Quantity.quantity>147.057638</out_Quantity.quantity></Point><Point><position>8976</position><in_Quantity.quantity>0.000000</in_Quantity.quantity><out_Quantity.quantity>965.953875</out_Quantity.quantity></Point><Point><position>8977</position><in_Quantity.quantity>0.000000</in_Quantity.quantity><out_Quantity.quantity>332.828363</out_Quantity.quantity></Point><Point><position>8978</position><in_Quantity.quantity>0.000000</in_Quantity.quantity><out_Quantity.quantity>809.228939</out_Quantity.quantity></Point><Point><position>8979</position><in_Quantity.quantity>0.000000</in_Quantity.quantity><out_Quantity.quantity>445.644613</out_Quantity.quantity></Point><Point><position>8980</position><in_Quantity.quantity>0.000000</in_Quantity.quantity><out_Quantity.quantity>113.179366</out_Quantity.quantity></Point><Point><position>8981</position><in_Quantity.quantity>0.000000</in_Quantity.quantity><out_Quantity.quantity>563.194440</out_Quantity.quantity></Point><Point><position>8982</position><in_Quantity.quantity>0.000000</in_Quantity.quantity><out_Quantity.quantity>889.983029</out_Quantity.quantity></Point><Point><position>8983</position><in_Quantity.quantity>0.000000</in_Quantity.quantity><out_Quantity.quantity>362.140792</out_Quantity.quantity></Point><Point><position>8984</position><in_Quantity.quantity>0.000000</in_Quantity.quantity><out_Quantity.quantity>417.472897</out_Quantity.quantity></Point><Point><position>8985</position><in_Quantity.quantity>0.000000</in_Quantity.quantity><out_Quantity.quantity>146.571628</out_Quantity.quantity></Point><Point><position>8986</position><in_Quantity.quantity>0.000000</in_Quantity.quantity><out_Quantity.quantity>488.557568</out_Quantity.quantity></Point><Point><position>8987</position><in_Quantity.quantity>0.000000</in_Quantity.quantity><out_Quantity.quantity>390.869858</out_Quantity.quantity></Point><Point><position>8988</position><in_Quantity.quantity>0.000000</in_Quantity.quantity><out_Quantity.quantity>488.481557</out_Quantity.quantity></Point><Point><position>8989</position><in_Quantity.quantity>0.000000</in_Quantity.quantity><out_Quantity.quantity>986.682118</out_Quantity.quantity></Point><Point><position>8990</position><in_Quantity.quantity>0.000000</in_Quantity.quantity><out_Quantity.quantity>722.951300</out_Quantity.quantity></Point><Point><position>8991</position><in_Quantity.quantity>0.000000</in_Quantity.quantity><out_Quantity.quantity>18.829802</out_Quantity.quantity></Point><Point><position>8992</position><in_Quantity.quantity>0.000000</in_Quantity.quantity><out_Quantity.quantity>233.389348</out_Quantity.quantity></Point><Point><position>8993</position><in_Quantity.quantity>0.000000</in_Quantity.quantity><out_Quantity.quantity>213.107802</out_Quantity.quantity></Point><Point><position>8994</position><in_Quantity.quantity>0.000000</in_Quantity.quantity><out_Quantity.quantity>443.207581</out_Quantity.quantity></Point><Point><position>8995</position><in_Quantity.quantity>0.000000</in_Quantity.quantity><out_Quantity.quantity>781.480231</out_Quantity.quantity></Point><Point><position>8996</position><in_Quantity.quantity>0.000000</in_Quantity.quantity><out_Quantity.quantity>301.199184</out_Quantity.quantity></Point><Point><position>8997</position><in_Quantity.quantity>0.000000</in_Quantity.quantity><out_Quantity.quantity>628.927744</out_Quantity.quantity></Point><Point><position>8998</position><in_Quantity.quantity>0.000000</in_Quantity.quantity><out_Quantity.quantity>722.509079</out_Quantity.quantity></Point><Point><position>8999</position><in_Quantity.quantity>0.000000</in_Quantity.quantity><out_Quantity.quantity>887.350859</out_Quantity.quantity></Point><Point><position>9000</position><in_Quantity.quantity>0.000000</in_Quantity.quantity><out_Quantity.quantity>123.956705</out_Quantity.quantity></Point><Point><position>9001</position><in_Quantity.quantity>0.000000</in_Quantity.quantity><out_Quantity.quantity>651.981947</out_Quantity.quantity></Point><Point><position>9002</position><in_Quantity.quantity>0.000000</in_Quantity.quantity><out_Quantity.quantity>718.539475</out_Quantity.quantity></Point><Point><position>9003</position><in_Quantity.quantity>0.000000</in_Quantity.quantity><out_Quantity.quantity>711.482710</out_Quantity.quantity></Point><Point><position>9004</position><in_Quantity.quantity>0.000000</in_Quantity.quantity><out_Quantity.quantity>393.219733</out_Quantity.quantity></Point><Point><position>9005</position><in_Quantity.quantity>0.000000</in_Quantity.quantity><out_Quantity.quantity>984.092424</out_Quantity.quantity></Point><Point><position>9006</position><in_Quantity.quantity>0.000000</in_Quantity.quantity><out_Quantity.quantity>750.712862</out_Quantity.quantity></Point><Point><position>9007</position><in_Quantity.quantity>0.000000</in_Quantity.quantity><out_Quantity.quantity>684.916186</out_Quantity.quantity></Point><Point><position>9008</position><in_Quantity.quantity>0.000000</in_Quantity.quantity><out_Quantity.quantity>505.460650</out_Quantity.quantity></Point><Point><position>9009</position><in_Quantity.quantity>0.000000</in_Quantity.quantity><out_Quantity.quantity>59.017358</out_Quantity.quantity></Point><Point><position>9010</position><in_Quantity.quantity>0.000000</in_Quantity.quantity><out_Quantity.quantity>179.229776</out_Quantity.quantity></Point><Point><position>9011</position><in_Quantity.quantity>0.000000</in_Quantity.quantity><out_Quantity.quantity>436.951169</out_Quantity.quantity></Point><Point><position>9012</position><in_Quantity.quantity>0.000000</in_Quantity.quantity><out_Quantity.quantity>11.060429</out_Quantity.quantity></Point><Point><position>9013</position><in_Quantity.quantity>0.000000</in_Quantity.quantity><out_Quantity.quantity>144.243174</out_Quantity.quantity></Point><Point><position>9014</position><in_Quantity.quantity>0.000000</in_Quantity.quantity><out_Quantity.quantity>294.216510</out_Quantity.quantity></Point><Point><position>9015</position><in_Quantity.quantity>0.000000</in_Quantity.quantity><out_Quantity.quantity>274.478857</out_Quantity.quantity></Point><Point><position>9016</position><in_Quantity.quantity>0.000000</in_Quantity.quantity><out_Quantity.quantity>207.141663</out_Quantity.quantity></Point><Point><position>9017</position><in_Quantity.quantity>0.000000</in_Quantity.quantity><out_Quantity.quantity>564.931203</out_Quantity.quantity></Point><Point><position>9018</position><in_Quantity.quantity>0.000000</in_Quantity.quantity><out_Quantity.quantity>587.627294</out_Quantity.quantity></Point><Point><position>9019</position><in_Quantity.quantity>0.000000</in_Quantity.quantity><out_Quantity.quantity>573.948446</out_Quantity.quantity></Point><Point><position>9020</position><in_Quantity.quantity>0.000000</in_Quantity.quantity><out_Quantity.quantity>403.686231</out_Quantity.quantity></Point><Point><position>9021</position><in_Quantity.quantity>0.000000</in_Quantity.quantity><out_Quantity.quantity>48.923932</out_Quantity.quantity></Point><Point><position>9022</position><in_Quantity.quantity>0.000000</in_Quantity.quantity><out_Quantity.quantity>711.898843</out_Quantity.quantity></Point><Point><position>9023</position><in_Quantity.quantity>0.000000</in_Quantity.quantity><out_Quantity.quantity>649.494501</out_Quantity.quantity></Point><Point><position>9024</position><in_Quantity.quantity>0.000000</in_Quantity.quantity><out_Quantity.quantity>967.023856</out_Quantity.quantity></Point><Point><position>9025</position><in_Quantity.quantity>0.000000</in_Quantity.quantity><out_Quantity.quantity>912.664790</out_Quantity.quantity></Point><Point><position>9026</position><in_Quantity.quantity>0.000000</in_Quantity.quantity><out_Quantity.quantity>25.039189</out_Quantity.quantity></Point><Point><position>9027</position><in_Quantity.quantity>0.000000</in_Quantity.quantity><out_Quantity.quantity>408.777800</out_Quantity.quantity></Point><Point><position>9028</position><in_Quantity.quantity>0.000000</in_Quantity.quantity><out_Quantity.quantity>228.151909</out_Quantity.quantity></Point><Point><position>9029</position><in_Quantity.quantity>0.000000</in_Quantity.quantity><out_Quantity.quantity>221.013061</out_Quantity.quantity></Point><Point><position>9030</position><in_Quantity.quantity>0.000000</in_Quantity.quantity><out_Quantity.quantity>376.971306</out_Quantity.quantity></Point><Point><position>9031</position><in_Quantity.quantity>0.000000</in_Quantity.quantity><out_Quantity.quantity>708.135247</out_Quantity.quantity></Point><Point><position>9032</position><in_Quantity.quantity>0.000000</in_Quantity.quantity><out_Quantity.quantity>399.596054</out_Quantity.quantity></Point><Point><position>9033</position><in_Quantity.quantity>0.000000</in_Quantity.quantity><out_Quantity.quantity>483.200683</out_Quantity.quantity></Point><Point><position>9034</position><in_Quantity.quantity>0.000000</in_Quantity.quantity><out_Quantity.quantity>155.368777</out_Quantity.quantity></Point><Point><position>9035</position><in_Quantity.quantity>0.000000</in_Quantity.quantity><out_Quantity.quantity>903.708588</out_Quantity.quantity></Point><Point><position>9036</position><in_Quantity.quantity>0.000000</in_Quantity.quantity><out_Quantity.quantity>662.785798</out_Quantity.quantity></Point><Point><position>9037</position><in_Quantity.quantity>0.000000</in_Quantity.quantity><out_Quantity.quantity>216.344584</out_Quantity.quantity></Point><Point><position>9038</position><in_Quantity.quantity>0.000000</in_Quantity.quantity><out_Quantity.quantity>950.859066</out_Quantity.quantity></Point><Point><position>9039</position><in_Quantity.quantity>0.000000</in_Quantity.quantity><out_Quantity.quantity>341.794049</out_Quantity.quantity></Point><Point><position>9040</position><in_Quantity.quantity>0.000000</in_Quantity.quantity><out_Quantity.quantity>504.033173</out_Quantity.quantity></Point><Point><position>9041</position><in_Quantity.quantity>0.000000</in_Quantity.quantity><out_Quantity.quantity>913.452004</out_Quantity.quantity></Point><Point><position>9042</position><in_Quantity.quantity>0.000000</in_Quantity.quantity><out_Quantity.quantity>712.455422</out_Quantity.quantity></Point><Point><position>9043</position><in_Quantity.quantity>0.000000</in_Quantity.quantity><out_Quantity.quantity>105.435269</out_Quantity.quantity></Point><Point><position>9044</position><in_Quantity.quantity>0.000000</in_Quantity.quantity><out_Quantity.quantity>557.874657</out_Quantity.quantity></Point><Point><position>9045</position><in_Quantity.quantity>0.000000</in_Quantity.quantity><out_Quantity.quantity>710.660421</out_Quantity.quantity></Point><Point><position>9046</position><in_Quantity.quantity>0.000000</in_Quantity.quantity><out_Quantity.quantity>935.963958</out_Quantity.quantity></Point><Point><position>9047</position><in_Quantity.quantity>0.000000</in_Quantity.quantity><out_Quantity.quantity>463.637761</out_Quantity.quantity></Point><Point><position>9048</position><in_Quantity.quantity>0.000000</in_Quantity.quantity><out_Quantity.quantity>678.147773</out_Quantity.quantity></Point><Point><position>9049</position><in_Quantity.quantity>0.000000</in_Quantity.quantity><out_Quantity.quantity>590.102795</out_Quantity.quantity></Point><Point><position>9050</position><in_Quantity.quantity>0.000000</in_Quantity.quantity><out_Quantity.quantity>435.074927</out_Quantity.quantity></Point><Point><position>9051</position><in_Quantity.quantity>0.000000</in_Quantity.quantity><out_Quantity.quantity>878.398436</out_Quantity.quantity></Point><Point><position>9052</position><in_Quantity.quantity>0.000000</in_Quantity.quantity><out_Quantity.quantity>326.806584</out_Quantity.quantity></Point><Point><position>9053</position><in_Quantity.quantity>0.000000</in_Quantity.quantity><out_Quantity.quantity>952.391738</out_Quantity.quantity></Point><Point><position>9054</position><in_Quantity.quantity>0.000000</in_Quantity.quantity><out_Quantity.quantity>696.312819</out_Quantity.quantity></Point><Point><position>9055</position><in_Quantity.quantity>0.000000</in_Quantity.quantity><out_Quantity.quantity>0.214761</out_Quantity.quantity></Point><Point><position>9056</position><in_Quantity.quantity>0.000000</in_Quantity.quantity><out_Quantity.quantity>54.689959</out_Quantity.quantity></Point><Point><position>9057</position><in_Quantity.quantity>0.000000</in_Quantity.quantity><out_Quantity.quantity>452.575081</out_Quantity.quantity></Point><Point><position>9058</position><in_Quantity.quantity>0.000000</in_Quantity.quantity><out_Quantity.quantity>96.954904</out_Quantity.quantity></Point><Point><position>9059</position><in_Quantity.quantity>0.000000</in_Quantity.quantity><out_Quantity.quantity>963.932726</out_Quantity.quantity></Point><Point><position>9060</position><in_Quantity.quantity>0.000000</in_Quantity.quantity><out_Quantity.quantity>978.118317</out_Quantity.quantity></Point><Point><position>9061</position><in_Quantity.quantity>0.000000</in_Quantity.quantity><out_Quantity.quantity>981.644166</out_Quantity.quantity></Point><Point><position>9062</position><in_Quantity.quantity>0.000000</in_Quantity.quantity><out_Quantity.quantity>718.038692</out_Quantity.quantity></Point><Point><position>9063</position><in_Quantity.quantity>0.000000</in_Quantity.quantity><out_Quantity.quantity>459.286877</out_Quantity.quantity></Point><Point><position>9064</position><in_Quantity.quantity>0.000000</in_Quantity.quantity><out_Quantity.quantity>525.403322</out_Quantity.quantity></Point><Point><position>9065</position><in_Quantity.quantity>0.000000</in_Quantity.quantity><out_Quantity.quantity>840.166387</out_Quantity.quantity></Point><Point><position>9066</position><in_Quantity.quantity>0.000000</in_Quantity.quantity><out_Quantity.quantity>512.255234</out_Quantity.quantity></Point><Point><position>9067</position><in_Quantity.quantity>0.000000</in_Quantity.quantity><out_Quantity.quantity>125.261117</out_Quantity.quantity></Point><Point><position>9068</position><in_Quantity.quantity>0.000000</in_Quantity.quantity><out_Quantity.quantity>184.064840</out_Quantity.quantity></Point><Point><position>9069</position><in_Quantity.quantity>0.000000</in_Quantity.quantity><out_Quantity.quantity>987.793389</out_Quantity.quantity></Point><Point><position>9070</position><in_Quantity.quantity>0.000000</in_Quantity.quantity><out_Quantity.quantity>441.904377</out_Quantity.quantity></Point><Point><position>9071</position><in_Quantity.quantity>0.000000</in_Quantity.quantity><out_Quantity.quantity>2.250065</out_Quantity.quantity></Point><Point><position>9072</position><in_Quantity.quantity>0.000000</in_Quantity.quantity><out_Quantity.quantity>538.467638</out_Quantity.quantity></Point><Point><position>9073</position><in_Quantity.quantity>0.000000</in_Quantity.quantity><out_Quantity.quantity>413.496824</out_Quantity.quantity></Point><Point><position>9074</position><in_Quantity.quantity>0.000000</in_Quantity.quantity><out_Quantity.quantity>708.035372</out_Quantity.quantity></Point><Point><position>9075</position><in_Quantity.quantity>0.000000</in_Quantity.quantity><out_Quantity.quantity>191.142401</out_Quantity.quantity></Point><Point><position>9076</position><in_Quantity.quantity>0.000000</in_Quantity.quantity><out_Quantity.quantity>316.291874</out_Quantity.quantity></Point><Point><position>9077</position><in_Quantity.quantity>0.000000</in_Quantity.quantity><out_Quantity.quantity>683.238314</out_Quantity.quantity></Point><Point><position>9078</position><in_Quantity.quantity>0.000000</in_Quantity.quantity><out_Quantity.quantity>391.543876</out_Quantity.quantity></Point><Point><position>9079</position><in_Quantity.quantity>0.000000</in_Quantity.quantity><out_Quantity.quantity>484.481979</out_Quantity.quantity></Point><Point><position>9080</position><in_Quantity.quantity>0.000000</in_Quantity.quantity><out_Quantity.quantity>330.207423</out_Quantity.quantity></Point><Point><position>9081</position><in_Quantity.quantity>0.000000</in_Quantity.quantity><out_Quantity.quantity>192.064477</out_Quantity.quantity></Point><Point><position>9082</position><in_Quantity.quantity>0.000000</in_Quantity.quantity><out_Quantity.quantity>212.357940</out_Quantity.quantity></Point><Point><position>9083</position><in_Quantity.quantity>0.000000</in_Quantity.quantity><out_Quantity.quantity>96.504552</out_Quantity.quantity></Point><Point><position>9084</position><in_Quantity.quantity>0.000000</in_Quantity.quantity><out_Quantity.quantity>96.832065</out_Quantity.quantity></Point><Point><position>9085</position><in_Quantity.quantity>0.000000</in_Quantity.quantity><out_Quantity.quantity>326.651164</out_Quantity.quantity></Point><Point><position>9086</position><in_Quantity.quantity>0.000000</in_Quantity.quantity><out_Quantity.quantity>418.781710</out_Quantity.quantity></Point><Point><position>9087</position><in_Quantity.quantity>0.000000</in_Quantity.quantity><out_Quantity.quantity>694.477628</out_Quantity.quantity></Point><Point><position>9088</position><in_Quantity.quantity>0.000000</in_Quantity.quantity><out_Quantity.quantity>742.936965</out_Quantity.quantity></Point><Point><position>9089</position><in_Quantity.quantity>0.000000</in_Quantity.quantity><out_Quantity.quantity>681.649089</out_Quantity.quantity></Point><Point><position>9090</position><in_Quantity.quantity>0.000000</in_Quantity.quantity><out_Quantity.quantity>341.512827</out_Quantity.quantity></Point><Point><position>9091</position><in_Quantity.quantity>0.000000</in_Quantity.quantity><out_Quantity.quantity>128.097189</out_Quantity.quantity></Point><Point><position>9092</position><in_Quantity.quantity>0.000000</in_Quantity.quantity><out_Quantity.quantity>764.844018</out_Quantity.quantity></Point><Point><position>9093</position><in_Quantity.quantity>0.000000</in_Quantity.quantity><out_Quantity.quantity>342.298865</out_Quantity.quantity></Point><Point><position>9094</position><in_Quantity.quantity>0.000000</in_Quantity.quantity><out_Quantity.quantity>545.145418</out_Quantity.quantity></Point><Point><position>9095</position><in_Quantity.quantity>0.000000</in_Quantity.quantity><out_Quantity.quantity>566.952943</out_Quantity.quantity></Point><Point><position>9096</position><in_Quantity.quantity>0.000000</in_Quantity.quantity><out_Quantity.quantity>496.649560</out_Quantity.quantity></Point><Point><position>9097</position><in_Quantity.quantity>0.000000</in_Quantity.quantity><out_Quantity.quantity>116.451766</out_Quantity.quantity></Point><Point><position>9098</position><in_Quantity.quantity>0.000000</in_Quantity.quantity><out_Quantity.quantity>221.094896</out_Quantity.quantity></Point><Point><position>9099</position><in_Quantity.quantity>0.000000</in_Quantity.quantity><out_Quantity.quantity>454.174885</out_Quantity.quantity></Point><Point><position>9100</position><in_Quantity.quantity>0.000000</in_Quantity.quantity><out_Quantity.quantity>672.103493</out_Quantity.quantity></Point><Point><position>9101</position><in_Quantity.quantity>0.000000</in_Quantity.quantity><out_Quantity.quantity>898.908695</out_Quantity.quantity></Point><Point><position>9102</position><in_Quantity.quantity>0.000000</in_Quantity.quantity><out_Quantity.quantity>706.623256</out_Quantity.quantity></Point><Point><position>9103</position><in_Quantity.quantity>0.000000</in_Quantity.quantity><out_Quantity.quantity>467.088165</out_Quantity.quantity></Point><Point><position>9104</position><in_Quantity.quantity>0.000000</in_Quantity.quantity><out_Quantity.quantity>105.525431</out_Quantity.quantity></Point><Point><position>9105</position><in_Quantity.quantity>0.000000</in_Quantity.quantity><out_Quantity.quantity>937.507243</out_Quantity.quantity></Point><Point><position>9106</position><in_Quantity.quantity>0.000000</in_Quantity.quantity><out_Quantity.quantity>132.475709</out_Quantity.quantity></Point><Point><position>9107</position><in_Quantity.quantity>0.000000</in_Quantity.quantity><out_Quantity.quantity>586.265178</out_Quantity.quantity></Point><Point><position>9108</position><in_Quantity.quantity>0.000000</in_Quantity.quantity><out_Quantity.quantity>150.686076</out_Quantity.quantity></Point><Point><position>9109</position><in_Quantity.quantity>0.000000</in_Quantity.quantity><out_Quantity.quantity>672.107605</out_Quantity.quantity></Point><Point><position>9110</position><in_Quantity.quantity>0.000000</in_Quantity.quantity><out_Quantity.quantity>54.705762</out_Quantity.quantity></Point><Point><position>9111</position><in_Quantity.quantity>0.000000</in_Quantity.quantity><out_Quantity.quantity>558.227703</out_Quantity.quantity></Point><Point><position>9112</position><in_Quantity.quantity>0.000000</in_Quantity.quantity><out_Quantity.quantity>907.891784</out_Quantity.quantity></Point><Point><position>9113</position><in_Quantity.quantity>0.000000</in_Quantity.quantity><out_Quantity.quantity>564.175567</out_Quantity.quantity></Point><Point><position>9114</position><in_Quantity.quantity>0.000000</in_Quantity.quantity><out_Quantity.quantity>998.505427</out_Quantity.quantity></Point><Point><position>9115</position><in_Quantity.quantity>0.000000</in_Quantity.quantity><out_Quantity.quantity>61.927342</out_Quantity.quantity></Point><Point><position>9116</position><in_Quantity.quantity>0.000000</in_Quantity.quantity><out_Quantity.quantity>461.805022</out_Quantity.quantity></Point><Point><position>9117</position><in_Quantity.quantity>0.000000</in_Quantity.quantity><out_Quantity.quantity>676.982023</out_Quantity.quantity></Point><Point><position>9118</position><in_Quantity.quantity>0.000000</in_Quantity.quantity><out_Quantity.quantity>615.112149</out_Quantity.quantity></Point><Point><position>9119</position><in_Quantity.quantity>0.000000</in_Quantity.quantity><out_Quantity.quantity>546.392492</out_Quantity.quantity></Point><Point><position>9120</position><in_Quantity.quantity>0.000000</in_Quantity.quantity><out_Quantity.quantity>116.556941</out_Quantity.quantity></Point><Point><position>9121</position><in_Quantity.quantity>0.000000</in_Quantity.quantity><out_Quantity.quantity>696.014342</out_Quantity.quantity></Point><Point><position>9122</position><in_Quantity.quantity>0.000000</in_Quantity.quantity><out_Quantity.quantity>377.716467</out_Quantity.quantity></Point><Point><position>9123</position><in_Quantity.quantity>0.000000</in_Quantity.quantity><out_Quantity.quantity>677.609792</out_Quantity.quantity></Point><Point><position>9124</position><in_Quantity.quantity>0.000000</in_Quantity.quantity><out_Quantity.quantity>196.598394</out_Quantity.quantity></Point><Point><position>9125</position><in_Quantity.quantity>0.000000</in_Quantity.quantity><out_Quantity.quantity>471.236452</out_Quantity.quantity></Point><Point><position>9126</position><in_Quantity.quantity>0.000000</in_Quantity.quantity><out_Quantity.quantity>302.455047</out_Quantity.quantity></Point><Point><position>9127</position><in_Quantity.quantity>0.000000</in_Quantity.quantity><out_Quantity.quantity>613.821394</out_Quantity.quantity></Point><Point><position>9128</position><in_Quantity.quantity>0.000000</in_Quantity.quantity><out_Quantity.quantity>181.585851</out_Quantity.quantity></Point><Point><position>9129</position><in_Quantity.quantity>0.000000</in_Quantity.quantity><out_Quantity.quantity>484.937393</out_Quantity.quantity></Point><Point><position>9130</position><in_Quantity.quantity>0.000000</in_Quantity.quantity><out_Quantity.quantity>47.814074</out_Quantity.quantity></Point><Point><position>9131</position><in_Quantity.quantity>0.000000</in_Quantity.quantity><out_Quantity.quantity>203.581007</out_Quantity.quantity></Point><Point><position>9132</position><in_Quantity.quantity>0.000000</in_Quantity.quantity><out_Quantity.quantity>12.282978</out_Quantity.quantity></Point><Point><position>9133</position><in_Quantity.quantity>0.000000</in_Quantity.quantity><out_Quantity.quantity>82.939627</out_Quantity.quantity></Point><Point><position>9134</position><in_Quantity.quantity>0.000000</in_Quantity.quantity><out_Quantity.quantity>443.442572</out_Quantity.quantity></Point><Point><position>9135</position><in_Quantity.quantity>0.000000</in_Quantity.quantity><out_Quantity.quantity>113.262479</out_Quantity.quantity></Point><Point><position>9136</position><in_Quantity.quantity>0.000000</in_Quantity.quantity><out_Quantity.quantity>357.390826</out_Quantity.quantity></Point><Point><position>9137</position><in_Quantity.quantity>0.000000</in_Quantity.quantity><out_Quantity.quantity>597.157491</out_Quantity.quantity></Point><Point><position>9138</position><in_Quantity.quantity>0.000000</in_Quantity.quantity><out_Quantity.quantity>634.683336</out_Quantity.quantity></Point><Point><position>9139</position><in_Quantity.quantity>0.000000</in_Quantity.quantity><out_Quantity.quantity>753.746458</out_Quantity.quantity></Point><Point><position>9140</position><in_Quantity.quantity>0.000000</in_Quantity.quantity><out_Quantity.quantity>485.674645</out_Quantity.quantity></Point><Point><position>9141</position><in_Quantity.quantity>0.000000</in_Quantity.quantity><out_Quantity.quantity>15.313742</out_Quantity.quantity></Point><Point><position>9142</position><in_Quantity.quantity>0.000000</in_Quantity.quantity><out_Quantity.quantity>810.613535</out_Quantity.quantity></Point><Point><position>9143</position><in_Quantity.quantity>0.000000</in_Quantity.quantity><out_Quantity.quantity>392.214333</out_Quantity.quantity></Point><Point><position>9144</position><in_Quantity.quantity>0.000000</in_Quantity.quantity><out_Quantity.quantity>26.997482</out_Quantity.quantity></Point><Point><position>9145</position><in_Quantity.quantity>0.000000</in_Quantity.quantity><out_Quantity.quantity>432.791835</out_Quantity.quantity></Point><Point><position>9146</position><in_Quantity.quantity>0.000000</in_Quantity.quantity><out_Quantity.quantity>436.385216</out_Quantity.quantity></Point><Point><position>9147</position><in_Quantity.quantity>0.000000</in_Quantity.quantity><out_Quantity.quantity>80.968932</out_Quantity.quantity></Point><Point><position>9148</position><in_Quantity.quantity>0.000000</in_Quantity.quantity><out_Quantity.quantity>816.049815</out_Quantity.quantity></Point><Point><position>9149</position><in_Quantity.quantity>0.000000</in_Quantity.quantity><out_Quantity.quantity>866.230607</out_Quantity.quantity></Point><Point><position>9150</position><in_Quantity.quantity>0.000000</in_Quantity.quantity><out_Quantity.quantity>996.903213</out_Quantity.quantity></Point><Point><position>9151</position><in_Quantity.quantity>0.000000</in_Quantity.quantity><out_Quantity.quantity>807.437533</out_Quantity.quantity></Point><Point><position>9152</position><in_Quantity.quantity>0.000000</in_Quantity.quantity><out_Quantity.quantity>75.920821</out_Quantity.quantity></Point><Point><position>9153</position><in_Quantity.quantity>0.000000</in_Quantity.quantity><out_Quantity.quantity>908.964934</out_Quantity.quantity></Point><Point><position>9154</position><in_Quantity.quantity>0.000000</in_Quantity.quantity><out_Quantity.quantity>572.827258</out_Quantity.quantity></Point><Point><position>9155</position><in_Quantity.quantity>0.000000</in_Quantity.quantity><out_Quantity.quantity>364.839497</out_Quantity.quantity></Point><Point><position>9156</position><in_Quantity.quantity>0.000000</in_Quantity.quantity><out_Quantity.quantity>900.107429</out_Quantity.quantity></Point><Point><position>9157</position><in_Quantity.quantity>0.000000</in_Quantity.quantity><out_Quantity.quantity>457.803898</out_Quantity.quantity></Point><Point><position>9158</position><in_Quantity.quantity>0.000000</in_Quantity.quantity><out_Quantity.quantity>850.649304</out_Quantity.quantity></Point><Point><position>9159</position><in_Quantity.quantity>0.000000</in_Quantity.quantity><out_Quantity.quantity>268.633749</out_Quantity.quantity></Point><Point><position>9160</position><in_Quantity.quantity>0.000000</in_Quantity.quantity><out_Quantity.quantity>31.267654</out_Quantity.quantity></Point><Point><position>9161</position><in_Quantity.quantity>0.000000</in_Quantity.quantity><out_Quantity.quantity>244.064246</out_Quantity.quantity></Point><Point><position>9162</position><in_Quantity.quantity>0.000000</in_Quantity.quantity><out_Quantity.quantity>209.340608</out_Quantity.quantity></Point><Point><position>9163</position><in_Quantity.quantity>0.000000</in_Quantity.quantity><out_Quantity.quantity>650.284738</out_Quantity.quantity></Point><Point><position>9164</position><in_Quantity.quantity>0.000000</in_Quantity.quantity><out_Quantity.quantity>46.043544</out_Quantity.quantity></Point><Point><position>9165</position><in_Quantity.quantity>0.000000</in_Quantity.quantity><out_Quantity.quantity>791.181641</out_Quantity.quantity></Point><Point><position>9166</position><in_Quantity.quantity>0.000000</in_Quantity.quantity><out_Quantity.quantity>609.207779</out_Quantity.quantity></Point><Point><position>9167</position><in_Quantity.quantity>0.000000</in_Quantity.quantity><out_Quantity.quantity>451.980429</out_Quantity.quantity></Point><Point><position>9168</position><in_Quantity.quantity>0.000000</in_Quantity.quantity><out_Quantity.quantity>787.374005</out_Quantity.quantity></Point><Point><position>9169</position><in_Quantity.quantity>0.000000</in_Quantity.quantity><out_Quantity.quantity>296.808946</out_Quantity.quantity></Point><Point><position>9170</position><in_Quantity.quantity>0.000000</in_Quantity.quantity><out_Quantity.quantity>401.353637</out_Quantity.quantity></Point><Point><position>9171</position><in_Quantity.quantity>0.000000</in_Quantity.quantity><out_Quantity.quantity>741.401447</out_Quantity.quantity></Point><Point><position>9172</position><in_Quantity.quantity>0.000000</in_Quantity.quantity><out_Quantity.quantity>187.408394</out_Quantity.quantity></Point><Point><position>9173</position><in_Quantity.quantity>0.000000</in_Quantity.quantity><out_Quantity.quantity>34.719078</out_Quantity.quantity></Point><Point><position>9174</position><in_Quantity.quantity>0.000000</in_Quantity.quantity><out_Quantity.quantity>959.918779</out_Quantity.quantity></Point><Point><position>9175</position><in_Quantity.quantity>0.000000</in_Quantity.quantity><out_Quantity.quantity>570.848719</out_Quantity.quantity></Point><Point><position>9176</position><in_Quantity.quantity>0.000000</in_Quantity.quantity><out_Quantity.quantity>938.979670</out_Quantity.quantity></Point><Point><position>9177</position><in_Quantity.quantity>0.000000</in_Quantity.quantity><out_Quantity.quantity>661.930141</out_Quantity.quantity></Point><Point><position>9178</position><in_Quantity.quantity>0.000000</in_Quantity.quantity><out_Quantity.quantity>939.340970</out_Quantity.quantity></Point><Point><position>9179</position><in_Quantity.quantity>0.000000</in_Quantity.quantity><out_Quantity.quantity>787.035942</out_Quantity.quantity></Point><Point><position>9180</position><in_Quantity.quantity>0.000000</in_Quantity.quantity><out_Quantity.quantity>724.644281</out_Quantity.quantity></Point><Point><position>9181</position><in_Quantity.quantity>0.000000</in_Quantity.quantity><out_Quantity.quantity>830.863406</out_Quantity.quantity></Point><Point><position>9182</position><in_Quantity.quantity>0.000000</in_Quantity.quantity><out_Quantity.quantity>522.555475</out_Quantity.quantity></Point><Point><position>9183</position><in_Quantity.quantity>0.000000</in_Quantity.quantity><out_Quantity.quantity>511.588642</out_Quantity.quantity></Point><Point><position>9184</position><in_Quantity.quantity>0.000000</in_Quantity.quantity><out_Quantity.quantity>636.809956</out_Quantity.quantity></Point><Point><position>9185</position><in_Quantity.quantity>0.000000</in_Quantity.quantity><out_Quantity.quantity>270.942853</out_Quantity.quantity></Point><Point><position>9186</position><in_Quantity.quantity>0.000000</in_Quantity.quantity><out_Quantity.quantity>182.308504</out_Quantity.quantity></Point><Point><position>9187</position><in_Quantity.quantity>0.000000</in_Quantity.quantity><out_Quantity.quantity>677.938271</out_Quantity.quantity></Point><Point><position>9188</position><in_Quantity.quantity>0.000000</in_Quantity.quantity><out_Quantity.quantity>950.853211</out_Quantity.quantity></Point><Point><position>9189</position><in_Quantity.quantity>0.000000</in_Quantity.quantity><out_Quantity.quantity>107.838193</out_Quantity.quantity></Point><Point><position>9190</position><in_Quantity.quantity>0.000000</in_Quantity.quantity><out_Quantity.quantity>662.732546</out_Quantity.quantity></Point><Point><position>9191</position><in_Quantity.quantity>0.000000</in_Quantity.quantity><out_Quantity.quantity>387.094050</out_Quantity.quantity></Point><Point><position>9192</position><in_Quantity.quantity>0.000000</in_Quantity.quantity><out_Quantity.quantity>683.989676</out_Quantity.quantity></Point><Point><position>9193</position><in_Quantity.quantity>0.000000</in_Quantity.quantity><out_Quantity.quantity>326.163579</out_Quantity.quantity></Point><Point><position>9194</position><in_Quantity.quantity>0.000000</in_Quantity.quantity><out_Quantity.quantity>613.204878</out_Quantity.quantity></Point><Point><position>9195</position><in_Quantity.quantity>0.000000</in_Quantity.quantity><out_Quantity.quantity>640.629283</out_Quantity.quantity></Point><Point><position>9196</position><in_Quantity.quantity>0.000000</in_Quantity.quantity><out_Quantity.quantity>919.541301</out_Quantity.quantity></Point><Point><position>9197</position><in_Quantity.quantity>0.000000</in_Quantity.quantity><out_Quantity.quantity>295.319560</out_Quantity.quantity></Point><Point><position>9198</position><in_Quantity.quantity>0.000000</in_Quantity.quantity><out_Quantity.quantity>820.217603</out_Quantity.quantity></Point><Point><position>9199</position><in_Quantity.quantity>0.000000</in_Quantity.quantity><out_Quantity.quantity>465.765614</out_Quantity.quantity></Point><Point><position>9200</position><in_Quantity.quantity>0.000000</in_Quantity.quantity><out_Quantity.quantity>676.733143</out_Quantity.quantity></Point><Point><position>9201</position><in_Quantity.quantity>0.000000</in_Quantity.quantity><out_Quantity.quantity>669.587678</out_Quantity.quantity></Point><Point><position>9202</position><in_Quantity.quantity>0.000000</in_Quantity.quantity><out_Quantity.quantity>952.645602</out_Quantity.quantity></Point><Point><position>9203</position><in_Quantity.quantity>0.000000</in_Quantity.quantity><out_Quantity.quantity>545.932996</out_Quantity.quantity></Point><Point><position>9204</position><in_Quantity.quantity>0.000000</in_Quantity.quantity><out_Quantity.quantity>638.391344</out_Quantity.quantity></Point><Point><position>9205</position><in_Quantity.quantity>0.000000</in_Quantity.quantity><out_Quantity.quantity>827.424289</out_Quantity.quantity></Point><Point><position>9206</position><in_Quantity.quantity>0.000000</in_Quantity.quantity><out_Quantity.quantity>465.032220</out_Quantity.quantity></Point><Point><position>9207</position><in_Quantity.quantity>0.000000</in_Quantity.quantity><out_Quantity.quantity>103.403835</out_Quantity.quantity></Point><Point><position>9208</position><in_Quantity.quantity>0.000000</in_Quantity.quantity><out_Quantity.quantity>397.051834</out_Quantity.quantity></Point><Point><position>9209</position><in_Quantity.quantity>0.000000</in_Quantity.quantity><out_Quantity.quantity>928.914111</out_Quantity.quantity></Point><Point><position>9210</position><in_Quantity.quantity>0.000000</in_Quantity.quantity><out_Quantity.quantity>834.066142</out_Quantity.quantity></Point><Point><position>9211</position><in_Quantity.quantity>0.000000</in_Quantity.quantity><out_Quantity.quantity>946.084720</out_Quantity.quantity></Point><Point><position>9212</position><in_Quantity.quantity>0.000000</in_Quantity.quantity><out_Quantity.quantity>592.837735</out_Quantity.quantity></Point><Point><position>9213</position><in_Quantity.quantity>0.000000</in_Quantity.quantity><out_Quantity.quantity>267.541846</out_Quantity.quantity></Point><Point><position>9214</position><in_Quantity.quantity>0.000000</in_Quantity.quantity><out_Quantity.quantity>892.930286</out_Quantity.quantity></Point><Point><position>9215</position><in_Quantity.quantity>0.000000</in_Quantity.quantity><out_Quantity.quantity>170.915362</out_Quantity.quantity></Point><Point><position>9216</position><in_Quantity.quantity>0.000000</in_Quantity.quantity><out_Quantity.quantity>181.691873</out_Quantity.quantity></Point><Point><position>9217</position><in_Quantity.quantity>0.000000</in_Quantity.quantity><out_Quantity.quantity>141.000539</out_Quantity.quantity></Point><Point><position>9218</position><in_Quantity.quantity>0.000000</in_Quantity.quantity><out_Quantity.quantity>730.498557</out_Quantity.quantity></Point><Point><position>9219</position><in_Quantity.quantity>0.000000</in_Quantity.quantity><out_Quantity.quantity>655.729310</out_Quantity.quantity></Point><Point><position>9220</position><in_Quantity.quantity>0.000000</in_Quantity.quantity><out_Quantity.quantity>197.977576</out_Quantity.quantity></Point><Point><position>9221</position><in_Quantity.quantity>0.000000</in_Quantity.quantity><out_Quantity.quantity>240.718159</out_Quantity.quantity></Point><Point><position>9222</position><in_Quantity.quantity>0.000000</in_Quantity.quantity><out_Quantity.quantity>602.279885</out_Quantity.quantity></Point><Point><position>9223</position><in_Quantity.quantity>0.000000</in_Quantity.quantity><out_Quantity.quantity>70.838393</out_Quantity.quantity></Point><Point><position>9224</position><in_Quantity.quantity>0.000000</in_Quantity.quantity><out_Quantity.quantity>398.445282</out_Quantity.quantity></Point><Point><position>9225</position><in_Quantity.quantity>0.000000</in_Quantity.quantity><out_Quantity.quantity>854.418229</out_Quantity.quantity></Point><Point><position>9226</position><in_Quantity.quantity>0.000000</in_Quantity.quantity><out_Quantity.quantity>740.803486</out_Quantity.quantity></Point><Point><position>9227</position><in_Quantity.quantity>0.000000</in_Quantity.quantity><out_Quantity.quantity>274.006612</out_Quantity.quantity></Point><Point><position>9228</position><in_Quantity.quantity>0.000000</in_Quantity.quantity><out_Quantity.quantity>702.513143</out_Quantity.quantity></Point><Point><position>9229</position><in_Quantity.quantity>0.000000</in_Quantity.quantity><out_Quantity.quantity>681.249151</out_Quantity.quantity></Point><Point><position>9230</position><in_Quantity.quantity>0.000000</in_Quantity.quantity><out_Quantity.quantity>850.502152</out_Quantity.quantity></Point><Point><position>9231</position><in_Quantity.quantity>0.000000</in_Quantity.quantity><out_Quantity.quantity>166.776737</out_Quantity.quantity></Point><Point><position>9232</position><in_Quantity.quantity>0.000000</in_Quantity.quantity><out_Quantity.quantity>610.214367</out_Quantity.quantity></Point><Point><position>9233</position><in_Quantity.quantity>0.000000</in_Quantity.quantity><out_Quantity.quantity>805.671701</out_Quantity.quantity></Point><Point><position>9234</position><in_Quantity.quantity>0.000000</in_Quantity.quantity><out_Quantity.quantity>81.944051</out_Quantity.quantity></Point><Point><position>9235</position><in_Quantity.quantity>0.000000</in_Quantity.quantity><out_Quantity.quantity>848.985586</out_Quantity.quantity></Point><Point><position>9236</position><in_Quantity.quantity>0.000000</in_Quantity.quantity><out_Quantity.quantity>474.620197</out_Quantity.quantity></Point><Point><position>9237</position><in_Quantity.quantity>0.000000</in_Quantity.quantity><out_Quantity.quantity>815.484007</out_Quantity.quantity></Point><Point><position>9238</position><in_Quantity.quantity>0.000000</in_Quantity.quantity><out_Quantity.quantity>937.138345</out_Quantity.quantity></Point><Point><position>9239</position><in_Quantity.quantity>0.000000</in_Quantity.quantity><out_Quantity.quantity>363.197406</out_Quantity.quantity></Point><Point><position>9240</position><in_Quantity.quantity>0.000000</in_Quantity.quantity><out_Quantity.quantity>104.321317</out_Quantity.quantity></Point><Point><position>9241</position><in_Quantity.quantity>0.000000</in_Quantity.quantity><out_Quantity.quantity>646.052158</out_Quantity.quantity></Point><Point><position>9242</position><in_Quantity.quantity>0.000000</in_Quantity.quantity><out_Quantity.quantity>901.555212</out_Quantity.quantity></Point><Point><position>9243</position><in_Quantity.quantity>0.000000</in_Quantity.quantity><out_Quantity.quantity>487.008748</out_Quantity.quantity></Point><Point><position>9244</position><in_Quantity.quantity>0.000000</in_Quantity.quantity><out_Quantity.quantity>915.929312</out_Quantity.quantity></Point><Point><position>9245</position><in_Quantity.quantity>0.000000</in_Quantity.quantity><out_Quantity.quantity>485.511815</out_Quantity.quantity></Point><Point><position>9246</position><in_Quantity.quantity>0.000000</in_Quantity.quantity><out_Quantity.quantity>537.696973</out_Quantity.quantity></Point><Point><position>9247</position><in_Quantity.quantity>0.000000</in_Quantity.quantity><out_Quantity.quantity>491.212510</out_Quantity.quantity></Point><Point><position>9248</position><in_Quantity.quantity>0.000000</in_Quantity.quantity><out_Quantity.quantity>378.462090</out_Quantity.quantity></Point><Point><position>9249</position><in_Quantity.quantity>0.000000</in_Quantity.quantity><out_Quantity.quantity>627.598149</out_Quantity.quantity></Point><Point><position>9250</position><in_Quantity.quantity>0.000000</in_Quantity.quantity><out_Quantity.quantity>466.952108</out_Quantity.quantity></Point><Point><position>9251</position><in_Quantity.quantity>0.000000</in_Quantity.quantity><out_Quantity.quantity>143.094809</out_Quantity.quantity></Point><Point><position>9252</position><in_Quantity.quantity>0.000000</in_Quantity.quantity><out_Quantity.quantity>768.965454</out_Quantity.quantity></Point><Point><position>9253</position><in_Quantity.quantity>0.000000</in_Quantity.quantity><out_Quantity.quantity>789.080734</out_Quantity.quantity></Point><Point><position>9254</position><in_Quantity.quantity>0.000000</in_Quantity.quantity><out_Quantity.quantity>817.480854</out_Quantity.quantity></Point><Point><position>9255</position><in_Quantity.quantity>0.000000</in_Quantity.quantity><out_Quantity.quantity>204.214103</out_Quantity.quantity></Point><Point><position>9256</position><in_Quantity.quantity>0.000000</in_Quantity.quantity><out_Quantity.quantity>87.559705</out_Quantity.quantity></Point><Point><position>9257</position><in_Quantity.quantity>0.000000</in_Quantity.quantity><out_Quantity.quantity>902.491135</out_Quantity.quantity></Point><Point><position>9258</position><in_Quantity.quantity>0.000000</in_Quantity.quantity><out_Quantity.quantity>59.662205</out_Quantity.quantity></Point><Point><position>9259</position><in_Quantity.quantity>0.000000</in_Quantity.quantity><out_Quantity.quantity>35.137401</out_Quantity.quantity></Point><Point><position>9260</position><in_Quantity.quantity>0.000000</in_Quantity.quantity><out_Quantity.quantity>245.919084</out_Quantity.quantity></Point><Point><position>9261</position><in_Quantity.quantity>0.000000</in_Quantity.quantity><out_Quantity.quantity>617.235981</out_Quantity.quantity></Point><Point><position>9262</position><in_Quantity.quantity>0.000000</in_Quantity.quantity><out_Quantity.quantity>238.478435</out_Quantity.quantity></Point><Point><position>9263</position><in_Quantity.quantity>0.000000</in_Quantity.quantity><out_Quantity.quantity>429.326299</out_Quantity.quantity></Point><Point><position>9264</position><in_Quantity.quantity>0.000000</in_Quantity.quantity><out_Quantity.quantity>306.839741</out_Quantity.quantity></Point><Point><position>9265</position><in_Quantity.quantity>0.000000</in_Quantity.quantity><out_Quantity.quantity>653.282719</out_Quantity.quantity></Point><Point><position>9266</position><in_Quantity.quantity>0.000000</in_Quantity.quantity><out_Quantity.quantity>126.176657</out_Quantity.quantity></Point><Point><position>9267</position><in_Quantity.quantity>0.000000</in_Quantity.quantity><out_Quantity.quantity>223.692785</out_Quantity.quantity></Point><Point><position>9268</position><in_Quantity.quantity>0.000000</in_Quantity.quantity><out_Quantity.quantity>12.224181</out_Quantity.quantity></Point><Point><position>9269</position><in_Quantity.quantity>0.000000</in_Quantity.quantity><out_Quantity.quantity>572.163644</out_Quantity.quantity></Point><Point><position>9270</position><in_Quantity.quantity>0.000000</in_Quantity.quantity><out_Quantity.quantity>649.122904</out_Quantity.quantity></Point><Point><position>9271</position><in_Quantity.quantity>0.000000</in_Quantity.quantity><out_Quantity.quantity>616.367111</out_Quantity.quantity></Point><Point><position>9272</position><in_Quantity.quantity>0.000000</in_Quantity.quantity><out_Quantity.quantity>382.805731</out_Quantity.quantity></Point><Point><position>9273</position><in_Quantity.quantity>0.000000</in_Quantity.quantity><out_Quantity.quantity>763.208817</out_Quantity.quantity></Point><Point><position>9274</position><in_Quantity.quantity>0.000000</in_Quantity.quantity><out_Quantity.quantity>450.267511</out_Quantity.quantity></Point><Point><position>9275</position><in_Quantity.quantity>0.000000</in_Quantity.quantity><out_Quantity.quantity>995.150804</out_Quantity.quantity></Point><Point><position>9276</position><in_Quantity.quantity>0.000000</in_Quantity.quantity><out_Quantity.quantity>777.964066</out_Quantity.quantity></Point><Point><position>9277</position><in_Quantity.quantity>0.000000</in_Quantity.quantity><out_Quantity.quantity>155.179035</out_Quantity.quantity></Point><Point><position>9278</position><in_Quantity.quantity>0.000000</in_Quantity.quantity><out_Quantity.quantity>441.388017</out_Quantity.quantity></Point><Point><position>9279</position><in_Quantity.quantity>0.000000</in_Quantity.quantity><out_Quantity.quantity>889.431538</out_Quantity.quantity></Point><Point><position>9280</position><in_Quantity.quantity>0.000000</in_Quantity.quantity><out_Quantity.quantity>407.418340</out_Quantity.quantity></Point><Point><position>9281</position><in_Quantity.quantity>0.000000</in_Quantity.quantity><out_Quantity.quantity>161.327223</out_Quantity.quantity></Point><Point><position>9282</position><in_Quantity.quantity>0.000000</in_Quantity.quantity><out_Quantity.quantity>456.467375</out_Quantity.quantity></Point><Point><position>9283</position><in_Quantity.quantity>0.000000</in_Quantity.quantity><out_Quantity.quantity>434.935760</out_Quantity.quantity></Point><Point><position>9284</position><in_Quantity.quantity>0.000000</in_Quantity.quantity><out_Quantity.quantity>788.679321</out_Quantity.quantity></Point><Point><position>9285</position><in_Quantity.quantity>0.000000</in_Quantity.quantity><out_Quantity.quantity>382.450473</out_Quantity.quantity></Point><Point><position>9286</position><in_Quantity.quantity>0.000000</in_Quantity.quantity><out_Quantity.quantity>389.328523</out_Quantity.quantity></Point><Point><position>9287</position><in_Quantity.quantity>0.000000</in_Quantity.quantity><out_Quantity.quantity>897.307812</out_Quantity.quantity></Point><Point><position>9288</position><in_Quantity.quantity>0.000000</in_Quantity.quantity><out_Quantity.quantity>116.181277</out_Quantity.quantity></Point><Point><position>9289</position><in_Quantity.quantity>0.000000</in_Quantity.quantity><out_Quantity.quantity>281.600179</out_Quantity.quantity></Point><Point><position>9290</position><in_Quantity.quantity>0.000000</in_Quantity.quantity><out_Quantity.quantity>625.075275</out_Quantity.quantity></Point><Point><position>9291</position><in_Quantity.quantity>0.000000</in_Quantity.quantity><out_Quantity.quantity>881.777344</out_Quantity.quantity></Point><Point><position>9292</position><in_Quantity.quantity>0.000000</in_Quantity.quantity><out_Quantity.quantity>984.981239</out_Quantity.quantity></Point><Point><position>9293</position><in_Quantity.quantity>0.000000</in_Quantity.quantity><out_Quantity.quantity>831.678792</out_Quantity.quantity></Point><Point><position>9294</position><in_Quantity.quantity>0.000000</in_Quantity.quantity><out_Quantity.quantity>868.467540</out_Quantity.quantity></Point><Point><position>9295</position><in_Quantity.quantity>0.000000</in_Quantity.quantity><out_Quantity.quantity>878.149086</out_Quantity.quantity></Point><Point><position>9296</position><in_Quantity.quantity>0.000000</in_Quantity.quantity><out_Quantity.quantity>390.604012</out_Quantity.quantity></Point><Point><position>9297</position><in_Quantity.quantity>0.000000</in_Quantity.quantity><out_Quantity.quantity>310.084985</out_Quantity.quantity></Point><Point><position>9298</position><in_Quantity.quantity>0.000000</in_Quantity.quantity><out_Quantity.quantity>930.785907</out_Quantity.quantity></Point><Point><position>9299</position><in_Quantity.quantity>0.000000</in_Quantity.quantity><out_Quantity.quantity>137.990077</out_Quantity.quantity></Point><Point><position>9300</position><in_Quantity.quantity>0.000000</in_Quantity.quantity><out_Quantity.quantity>75.336845</out_Quantity.quantity></Point><Point><position>9301</position><in_Quantity.quantity>0.000000</in_Quantity.quantity><out_Quantity.quantity>924.971445</out_Quantity.quantity></Point><Point><position>9302</position><in_Quantity.quantity>0.000000</in_Quantity.quantity><out_Quantity.quantity>990.141686</out_Quantity.quantity></Point><Point><position>9303</position><in_Quantity.quantity>0.000000</in_Quantity.quantity><out_Quantity.quantity>850.275508</out_Quantity.quantity></Point><Point><position>9304</position><in_Quantity.quantity>0.000000</in_Quantity.quantity><out_Quantity.quantity>278.056388</out_Quantity.quantity></Point><Point><position>9305</position><in_Quantity.quantity>0.000000</in_Quantity.quantity><out_Quantity.quantity>165.599990</out_Quantity.quantity></Point><Point><position>9306</position><in_Quantity.quantity>0.000000</in_Quantity.quantity><out_Quantity.quantity>662.447912</out_Quantity.quantity></Point><Point><position>9307</position><in_Quantity.quantity>0.000000</in_Quantity.quantity><out_Quantity.quantity>547.970900</out_Quantity.quantity></Point><Point><position>9308</position><in_Quantity.quantity>0.000000</in_Quantity.quantity><out_Quantity.quantity>136.897132</out_Quantity.quantity></Point><Point><position>9309</position><in_Quantity.quantity>0.000000</in_Quantity.quantity><out_Quantity.quantity>362.183670</out_Quantity.quantity></Point><Point><position>9310</position><in_Quantity.quantity>0.000000</in_Quantity.quantity><out_Quantity.quantity>733.379431</out_Quantity.quantity></Point><Point><position>9311</position><in_Quantity.quantity>0.000000</in_Quantity.quantity><out_Quantity.quantity>512.600712</out_Quantity.quantity></Point><Point><position>9312</position><in_Quantity.quantity>0.000000</in_Quantity.quantity><out_Quantity.quantity>908.855966</out_Quantity.quantity></Point><Point><position>9313</position><in_Quantity.quantity>0.000000</in_Quantity.quantity><out_Quantity.quantity>279.485627</out_Quantity.quantity></Point><Point><position>9314</position><in_Quantity.quantity>0.000000</in_Quantity.quantity><out_Quantity.quantity>310.640183</out_Quantity.quantity></Point><Point><position>9315</position><in_Quantity.quantity>0.000000</in_Quantity.quantity><out_Quantity.quantity>395.879054</out_Quantity.quantity></Point><Point><position>9316</position><in_Quantity.quantity>0.000000</in_Quantity.quantity><out_Quantity.quantity>608.982887</out_Quantity.quantity></Point><Point><position>9317</position><in_Quantity.quantity>0.000000</in_Quantity.quantity><out_Quantity.quantity>474.859605</out_Quantity.quantity></Point><Point><position>9318</position><in_Quantity.quantity>0.000000</in_Quantity.quantity><out_Quantity.quantity>852.287002</out_Quantity.quantity></Point><Point><position>9319</position><in_Quantity.quantity>0.000000</in_Quantity.quantity><out_Quantity.quantity>465.124007</out_Quantity.quantity></Point><Point><position>9320</position><in_Quantity.quantity>0.000000</in_Quantity.quantity><out_Quantity.quantity>994.512850</out_Quantity.quantity></Point><Point><position>9321</position><in_Quantity.quantity>0.000000</in_Quantity.quantity><out_Quantity.quantity>382.925467</out_Quantity.quantity></Point><Point><position>9322</position><in_Quantity.quantity>0.000000</in_Quantity.quantity><out_Quantity.quantity>272.030066</out_Quantity.quantity></Point><Point><position>9323</position><in_Quantity.quantity>0.000000</in_Quantity.quantity><out_Quantity.quantity>251.152664</out_Quantity.quantity></Point><Point><position>9324</position><in_Quantity.quantity>0.000000</in_Quantity.quantity><out_Quantity.quantity>772.235748</out_Quantity.quantity></Point><Point><position>9325</position><in_Quantity.quantity>0.000000</in_Quantity.quantity><out_Quantity.quantity>352.605530</out_Quantity.quantity></Point><Point><position>9326</position><in_Quantity.quantity>0.000000</in_Quantity.quantity><out_Quantity.quantity>488.040729</out_Quantity.quantity></Point><Point><position>9327</position><in_Quantity.quantity>0.000000</in_Quantity.quantity><out_Quantity.quantity>245.668633</out_Quantity.quantity></Point><Point><position>9328</position><in_Quantity.quantity>0.000000</in_Quantity.quantity><out_Quantity.quantity>594.592378</out_Quantity.quantity></Point><Point><position>9329</position><in_Quantity.quantity>0.000000</in_Quantity.quantity><out_Quantity.quantity>148.968086</out_Quantity.quantity></Point><Point><position>9330</position><in_Quantity.quantity>0.000000</in_Quantity.quantity><out_Quantity.quantity>520.069784</out_Quantity.quantity></Point><Point><position>9331</position><in_Quantity.quantity>0.000000</in_Quantity.quantity><out_Quantity.quantity>893.147857</out_Quantity.quantity></Point><Point><position>9332</position><in_Quantity.quantity>0.000000</in_Quantity.quantity><out_Quantity.quantity>937.871721</out_Quantity.quantity></Point><Point><position>9333</position><in_Quantity.quantity>0.000000</in_Quantity.quantity><out_Quantity.quantity>766.979024</out_Quantity.quantity></Point><Point><position>9334</position><in_Quantity.quantity>0.000000</in_Quantity.quantity><out_Quantity.quantity>77.056718</out_Quantity.quantity></Point><Point><position>9335</position><in_Quantity.quantity>0.000000</in_Quantity.quantity><out_Quantity.quantity>355.243601</out_Quantity.quantity></Point><Point><position>9336</position><in_Quantity.quantity>0.000000</in_Quantity.quantity><out_Quantity.quantity>246.417807</out_Quantity.quantity></Point><Point><position>9337</position><in_Quantity.quantity>0.000000</in_Quantity.quantity><out_Quantity.quantity>239.785623</out_Quantity.quantity></Point><Point><position>9338</position><in_Quantity.quantity>0.000000</in_Quantity.quantity><out_Quantity.quantity>628.933595</out_Quantity.quantity></Point><Point><position>9339</position><in_Quantity.quantity>0.000000</in_Quantity.quantity><out_Quantity.quantity>512.620364</out_Quantity.quantity></Point><Point><position>9340</position><in_Quantity.quantity>0.000000</in_Quantity.quantity><out_Quantity.quantity>727.257949</out_Quantity.quantity></Point><Point><position>9341</position><in_Quantity.quantity>0.000000</in_Quantity.quantity><out_Quantity.quantity>62.816677</out_Quantity.quantity></Point><Point><position>9342</position><in_Quantity.quantity>0.000000</in_Quantity.quantity><out_Quantity.quantity>412.841419</out_Quantity.quantity></Point><Point><position>9343</position><in_Quantity.quantity>0.000000</in_Quantity.quantity><out_Quantity.quantity>746.065970</out_Quantity.quantity></Point><Point><position>9344</position><in_Quantity.quantity>0.000000</in_Quantity.quantity><out_Quantity.quantity>783.077185</out_Quantity.quantity></Point><Point><position>9345</position><in_Quantity.quantity>0.000000</in_Quantity.quantity><out_Quantity.quantity>37.069835</out_Quantity.quantity></Point><Point><position>9346</position><in_Quantity.quantity>0.000000</in_Quantity.quantity><out_Quantity.quantity>203.092284</out_Quantity.quantity></Point><Point><position>9347</position><in_Quantity.quantity>0.000000</in_Quantity.quantity><out_Quantity.quantity>631.792938</out_Quantity.quantity></Point><Point><position>9348</position><in_Quantity.quantity>0.000000</in_Quantity.quantity><out_Quantity.quantity>457.542815</out_Quantity.quantity></Point><Point><position>9349</position><in_Quantity.quantity>0.000000</in_Quantity.quantity><out_Quantity.quantity>590.872758</out_Quantity.quantity></Point><Point><position>9350</position><in_Quantity.quantity>0.000000</in_Quantity.quantity><out_Quantity.quantity>412.206790</out_Quantity.quantity></Point><Point><position>9351</position><in_Quantity.quantity>0.000000</in_Quantity.quantity><out_Quantity.quantity>151.567451</out_Quantity.quantity></Point><Point><position>9352</position><in_Quantity.quantity>0.000000</in_Quantity.quantity><out_Quantity.quantity>52.874345</out_Quantity.quantity></Point><Point><position>9353</position><in_Quantity.quantity>0.000000</in_Quantity.quantity><out_Quantity.quantity>830.902402</out_Quantity.quantity></Point><Point><position>9354</position><in_Quantity.quantity>0.000000</in_Quantity.quantity><out_Quantity.quantity>77.802931</out_Quantity.quantity></Point><Point><position>9355</position><in_Quantity.quantity>0.000000</in_Quantity.quantity><out_Quantity.quantity>141.952019</out_Quantity.quantity></Point><Point><position>9356</position><in_Quantity.quantity>0.000000</in_Quantity.quantity><out_Quantity.quantity>970.812273</out_Quantity.quantity></Point><Point><position>9357</position><in_Quantity.quantity>0.000000</in_Quantity.quantity><out_Quantity.quantity>220.988145</out_Quantity.quantity></Point><Point><position>9358</position><in_Quantity.quantity>0.000000</in_Quantity.quantity><out_Quantity.quantity>147.007153</out_Quantity.quantity></Point><Point><position>9359</position><in_Quantity.quantity>0.000000</in_Quantity.quantity><out_Quantity.quantity>141.784643</out_Quantity.quantity></Point><Point><position>9360</position><in_Quantity.quantity>0.000000</in_Quantity.quantity><out_Quantity.quantity>646.951538</out_Quantity.quantity></Point><Point><position>9361</position><in_Quantity.quantity>0.000000</in_Quantity.quantity><out_Quantity.quantity>19.903670</out_Quantity.quantity></Point><Point><position>9362</position><in_Quantity.quantity>0.000000</in_Quantity.quantity><out_Quantity.quantity>424.538037</out_Quantity.quantity></Point><Point><position>9363</position><in_Quantity.quantity>0.000000</in_Quantity.quantity><out_Quantity.quantity>274.628139</out_Quantity.quantity></Point><Point><position>9364</position><in_Quantity.quantity>0.000000</in_Quantity.quantity><out_Quantity.quantity>239.034178</out_Quantity.quantity></Point><Point><position>9365</position><in_Quantity.quantity>0.000000</in_Quantity.quantity><out_Quantity.quantity>135.104574</out_Quantity.quantity></Point><Point><position>9366</position><in_Quantity.quantity>0.000000</in_Quantity.quantity><out_Quantity.quantity>114.897724</out_Quantity.quantity></Point><Point><position>9367</position><in_Quantity.quantity>0.000000</in_Quantity.quantity><out_Quantity.quantity>444.994005</out_Quantity.quantity></Point><Point><position>9368</position><in_Quantity.quantity>0.000000</in_Quantity.quantity><out_Quantity.quantity>37.514478</out_Quantity.quantity></Point><Point><position>9369</position><in_Quantity.quantity>0.000000</in_Quantity.quantity><out_Quantity.quantity>256.958512</out_Quantity.quantity></Point><Point><position>9370</position><in_Quantity.quantity>0.000000</in_Quantity.quantity><out_Quantity.quantity>196.908342</out_Quantity.quantity></Point><Point><position>9371</position><in_Quantity.quantity>0.000000</in_Quantity.quantity><out_Quantity.quantity>890.869393</out_Quantity.quantity></Point><Point><position>9372</position><in_Quantity.quantity>0.000000</in_Quantity.quantity><out_Quantity.quantity>851.870198</out_Quantity.quantity></Point><Point><position>9373</position><in_Quantity.quantity>0.000000</in_Quantity.quantity><out_Quantity.quantity>459.914478</out_Quantity.quantity></Point><Point><position>9374</position><in_Quantity.quantity>0.000000</in_Quantity.quantity><out_Quantity.quantity>539.879799</out_Quantity.quantity></Point><Point><position>9375</position><in_Quantity.quantity>0.000000</in_Quantity.quantity><out_Quantity.quantity>664.109028</out_Quantity.quantity></Point><Point><position>9376</position><in_Quantity.quantity>0.000000</in_Quantity.quantity><out_Quantity.quantity>919.270366</out_Quantity.quantity></Point><Point><position>9377</position><in_Quantity.quantity>0.000000</in_Quantity.quantity><out_Quantity.quantity>721.513971</out_Quantity.quantity></Point><Point><position>9378</position><in_Quantity.quantity>0.000000</in_Quantity.quantity><out_Quantity.quantity>537.307664</out_Quantity.quantity></Point><Point><position>9379</position><in_Quantity.quantity>0.000000</in_Quantity.quantity><out_Quantity.quantity>867.709371</out_Quantity.quantity></Point><Point><position>9380</position><in_Quantity.quantity>0.000000</in_Quantity.quantity><out_Quantity.quantity>265.026744</out_Quantity.quantity></Point><Point><position>9381</position><in_Quantity.quantity>0.000000</in_Quantity.quantity><out_Quantity.quantity>919.519431</out_Quantity.quantity></Point><Point><position>9382</position><in_Quantity.quantity>0.000000</in_Quantity.quantity><out_Quantity.quantity>15.906631</out_Quantity.quantity></Point><Point><position>9383</position><in_Quantity.quantity>0.000000</in_Quantity.quantity><out_Quantity.quantity>641.886136</out_Quantity.quantity></Point><Point><position>9384</position><in_Quantity.quantity>0.000000</in_Quantity.quantity><out_Quantity.quantity>304.552734</out_Quantity.quantity></Point><Point><position>9385</position><in_Quantity.quantity>0.000000</in_Quantity.quantity><out_Quantity.quantity>962.022169</out_Quantity.quantity></Point><Point><position>9386</position><in_Quantity.quantity>0.000000</in_Quantity.quantity><out_Quantity.quantity>846.727093</out_Quantity.quantity></Point><Point><position>9387</position><in_Quantity.quantity>0.000000</in_Quantity.quantity><out_Quantity.quantity>497.640236</out_Quantity.quantity></Point><Point><position>9388</position><in_Quantity.quantity>0.000000</in_Quantity.quantity><out_Quantity.quantity>207.798526</out_Quantity.quantity></Point><Point><position>9389</position><in_Quantity.quantity>0.000000</in_Quantity.quantity><out_Quantity.quantity>779.983980</out_Quantity.quantity></Point><Point><position>9390</position><in_Quantity.quantity>0.000000</in_Quantity.quantity><out_Quantity.quantity>479.418470</out_Quantity.quantity></Point><Point><position>9391</position><in_Quantity.quantity>0.000000</in_Quantity.quantity><out_Quantity.quantity>231.783894</out_Quantity.quantity></Point><Point><position>9392</position><in_Quantity.quantity>0.000000</in_Quantity.quantity><out_Quantity.quantity>850.630458</out_Quantity.quantity></Point><Point><position>9393</position><in_Quantity.quantity>0.000000</in_Quantity.quantity><out_Quantity.quantity>243.433204</out_Quantity.quantity></Point><Point><position>9394</position><in_Quantity.quantity>0.000000</in_Quantity.quantity><out_Quantity.quantity>790.817529</out_Quantity.quantity></Point><Point><position>9395</position><in_Quantity.quantity>0.000000</in_Quantity.quantity><out_Quantity.quantity>365.313235</out_Quantity.quantity></Point><Point><position>9396</position><in_Quantity.quantity>0.000000</in_Quantity.quantity><out_Quantity.quantity>948.511916</out_Quantity.quantity></Point><Point><position>9397</position><in_Quantity.quantity>0.000000</in_Quantity.quantity><out_Quantity.quantity>522.378523</out_Quantity.quantity></Point><Point><position>9398</position><in_Quantity.quantity>0.000000</in_Quantity.quantity><out_Quantity.quantity>608.037973</out_Quantity.quantity></Point><Point><position>9399</position><in_Quantity.quantity>0.000000</in_Quantity.quantity><out_Quantity.quantity>591.724786</out_Quantity.quantity></Point><Point><position>9400</position><in_Quantity.quantity>0.000000</in_Quantity.quantity><out_Quantity.quantity>598.451366</out_Quantity.quantity></Point><Point><position>9401</position><in_Quantity.quantity>0.000000</in_Quantity.quantity><out_Quantity.quantity>708.075538</out_Quantity.quantity></Point><Point><position>9402</position><in_Quantity.quantity>0.000000</in_Quantity.quantity><out_Quantity.quantity>376.993081</out_Quantity.quantity></Point><Point><position>9403</position><in_Quantity.quantity>0.000000</in_Quantity.quantity><out_Quantity.quantity>199.393994</out_Quantity.quantity></Point><Point><position>9404</position><in_Quantity.quantity>0.000000</in_Quantity.quantity><out_Quantity.quantity>107.303864</out_Quantity.quantity></Point><Point><position>9405</position><in_Quantity.quantity>0.000000</in_Quantity.quantity><out_Quantity.quantity>950.786197</out_Quantity.quantity></Point><Point><position>9406</position><in_Quantity.quantity>0.000000</in_Quantity.quantity><out_Quantity.quantity>688.522094</out_Quantity.quantity></Point><Point><position>9407</position><in_Quantity.quantity>0.000000</in_Quantity.quantity><out_Quantity.quantity>268.662000</out_Quantity.quantity></Point><Point><position>9408</position><in_Quantity.quantity>0.000000</in_Quantity.quantity><out_Quantity.quantity>47.787145</out_Quantity.quantity></Point><Point><position>9409</position><in_Quantity.quantity>0.000000</in_Quantity.quantity><out_Quantity.quantity>633.450439</out_Quantity.quantity></Point><Point><position>9410</position><in_Quantity.quantity>0.000000</in_Quantity.quantity><out_Quantity.quantity>201.152828</out_Quantity.quantity></Point><Point><position>9411</position><in_Quantity.quantity>0.000000</in_Quantity.quantity><out_Quantity.quantity>14.965887</out_Quantity.quantity></Point><Point><position>9412</position><in_Quantity.quantity>0.000000</in_Quantity.quantity><out_Quantity.quantity>446.776113</out_Quantity.quantity></Point><Point><position>9413</position><in_Quantity.quantity>0.000000</in_Quantity.quantity><out_Quantity.quantity>891.262674</out_Quantity.quantity></Point><Point><position>9414</position><in_Quantity.quantity>0.000000</in_Quantity.quantity><out_Quantity.quantity>223.242780</out_Quantity.quantity></Point><Point><position>9415</position><in_Quantity.quantity>0.000000</in_Quantity.quantity><out_Quantity.quantity>938.820819</out_Quantity.quantity></Point><Point><position>9416</position><in_Quantity.quantity>0.000000</in_Quantity.quantity><out_Quantity.quantity>281.997797</out_Quantity.quantity></Point><Point><position>9417</position><in_Quantity.quantity>0.000000</in_Quantity.quantity><out_Quantity.quantity>438.751713</out_Quantity.quantity></Point><Point><position>9418</position><in_Quantity.quantity>0.000000</in_Quantity.quantity><out_Quantity.quantity>887.228334</out_Quantity.quantity></Point><Point><position>9419</position><in_Quantity.quantity>0.000000</in_Quantity.quantity><out_Quantity.quantity>811.927680</out_Quantity.quantity></Point><Point><position>9420</position><in_Quantity.quantity>0.000000</in_Quantity.quantity><out_Quantity.quantity>498.328539</out_Quantity.quantity></Point><Point><position>9421</position><in_Quantity.quantity>0.000000</in_Quantity.quantity><out_Quantity.quantity>913.930710</out_Quantity.quantity></Point><Point><position>9422</position><in_Quantity.quantity>0.000000</in_Quantity.quantity><out_Quantity.quantity>262.095461</out_Quantity.quantity></Point><Point><position>9423</position><in_Quantity.quantity>0.000000</in_Quantity.quantity><out_Quantity.quantity>548.157212</out_Quantity.quantity></Point><Point><position>9424</position><in_Quantity.quantity>0.000000</in_Quantity.quantity><out_Quantity.quantity>904.674474</out_Quantity.quantity></Point><Point><position>9425</position><in_Quantity.quantity>0.000000</in_Quantity.quantity><out_Quantity.quantity>927.016039</out_Quantity.quantity></Point><Point><position>9426</position><in_Quantity.quantity>0.000000</in_Quantity.quantity><out_Quantity.quantity>998.507147</out_Quantity.quantity></Point><Point><position>9427</position><in_Quantity.quantity>0.000000</in_Quantity.quantity><out_Quantity.quantity>213.365001</out_Quantity.quantity></Point><Point><position>9428</position><in_Quantity.quantity>0.000000</in_Quantity.quantity><out_Quantity.quantity>763.030703</out_Quantity.quantity></Point><Point><position>9429</position><in_Quantity.quantity>0.000000</in_Quantity.quantity><out_Quantity.quantity>532.746780</out_Quantity.quantity></Point><Point><position>9430</position><in_Quantity.quantity>0.000000</in_Quantity.quantity><out_Quantity.quantity>117.880994</out_Quantity.quantity></Point><Point><position>9431</position><in_Quantity.quantity>0.000000</in_Quantity.quantity><out_Quantity.quantity>956.509324</out_Quantity.quantity></Point><Point><position>9432</position><in_Quantity.quantity>0.000000</in_Quantity.quantity><out_Quantity.quantity>505.180950</out_Quantity.quantity></Point><Point><position>9433</position><in_Quantity.quantity>0.000000</in_Quantity.quantity><out_Quantity.quantity>953.581207</out_Quantity.quantity></Point><Point><position>9434</position><in_Quantity.quantity>0.000000</in_Quantity.quantity><out_Quantity.quantity>899.422339</out_Quantity.quantity></Point><Point><position>9435</position><in_Quantity.quantity>0.000000</in_Quantity.quantity><out_Quantity.quantity>75.761828</out_Quantity.quantity></Point><Point><position>9436</position><in_Quantity.quantity>0.000000</in_Quantity.quantity><out_Quantity.quantity>34.603112</out_Quantity.quantity></Point><Point><position>9437</position><in_Quantity.quantity>0.000000</in_Quantity.quantity><out_Quantity.quantity>822.879199</out_Quantity.quantity></Point><Point><position>9438</position><in_Quantity.quantity>0.000000</in_Quantity.quantity><out_Quantity.quantity>853.723073</out_Quantity.quantity></Point><Point><position>9439</position><in_Quantity.quantity>0.000000</in_Quantity.quantity><out_Quantity.quantity>68.630945</out_Quantity.quantity></Point><Point><position>9440</position><in_Quantity.quantity>0.000000</in_Quantity.quantity><out_Quantity.quantity>358.214200</out_Quantity.quantity></Point><Point><position>9441</position><in_Quantity.quantity>0.000000</in_Quantity.quantity><out_Quantity.quantity>608.339551</out_Quantity.quantity></Point><Point><position>9442</position><in_Quantity.quantity>0.000000</in_Quantity.quantity><out_Quantity.quantity>139.543553</out_Quantity.quantity></Point><Point><position>9443</position><in_Quantity.quantity>0.000000</in_Quantity.quantity><out_Quantity.quantity>67.300631</out_Quantity.quantity></Point><Point><position>9444</position><in_Quantity.quantity>0.000000</in_Quantity.quantity><out_Quantity.quantity>560.832451</out_Quantity.quantity></Point><Point><position>9445</position><in_Quantity.quantity>0.000000</in_Quantity.quantity><out_Quantity.quantity>86.564351</out_Quantity.quantity></Point><Point><position>9446</position><in_Quantity.quantity>0.000000</in_Quantity.quantity><out_Quantity.quantity>49.663313</out_Quantity.quantity></Point><Point><position>9447</position><in_Quantity.quantity>0.000000</in_Quantity.quantity><out_Quantity.quantity>205.727367</out_Quantity.quantity></Point><Point><position>9448</position><in_Quantity.quantity>0.000000</in_Quantity.quantity><out_Quantity.quantity>981.820322</out_Quantity.quantity></Point><Point><position>9449</position><in_Quantity.quantity>0.000000</in_Quantity.quantity><out_Quantity.quantity>531.078183</out_Quantity.quantity></Point><Point><position>9450</position><in_Quantity.quantity>0.000000</in_Quantity.quantity><out_Quantity.quantity>401.523906</out_Quantity.quantity></Point><Point><position>9451</position><in_Quantity.quantity>0.000000</in_Quantity.quantity><out_Quantity.quantity>378.660170</out_Quantity.quantity></Point><Point><position>9452</position><in_Quantity.quantity>0.000000</in_Quantity.quantity><out_Quantity.quantity>759.415885</out_Quantity.quantity></Point><Point><position>9453</position><in_Quantity.quantity>0.000000</in_Quantity.quantity><out_Quantity.quantity>850.172667</out_Quantity.quantity></Point><Point><position>9454</position><in_Quantity.quantity>0.000000</in_Quantity.quantity><out_Quantity.quantity>689.688332</out_Quantity.quantity></Point><Point><position>9455</position><in_Quantity.quantity>0.000000</in_Quantity.quantity><out_Quantity.quantity>437.932550</out_Quantity.quantity></Point><Point><position>9456</position><in_Quantity.quantity>0.000000</in_Quantity.quantity><out_Quantity.quantity>513.728394</out_Quantity.quantity></Point><Point><position>9457</position><in_Quantity.quantity>0.000000</in_Quantity.quantity><out_Quantity.quantity>166.613955</out_Quantity.quantity></Point><Point><position>9458</position><in_Quantity.quantity>0.000000</in_Quantity.quantity><out_Quantity.quantity>10.870940</out_Quantity.quantity></Point><Point><position>9459</position><in_Quantity.quantity>0.000000</in_Quantity.quantity><out_Quantity.quantity>383.076700</out_Quantity.quantity></Point><Point><position>9460</position><in_Quantity.quantity>0.000000</in_Quantity.quantity><out_Quantity.quantity>954.861361</out_Quantity.quantity></Point><Point><position>9461</position><in_Quantity.quantity>0.000000</in_Quantity.quantity><out_Quantity.quantity>727.439256</out_Quantity.quantity></Point><Point><position>9462</position><in_Quantity.quantity>0.000000</in_Quantity.quantity><out_Quantity.quantity>822.774424</out_Quantity.quantity></Point><Point><position>9463</position><in_Quantity.quantity>0.000000</in_Quantity.quantity><out_Quantity.quantity>883.776779</out_Quantity.quantity></Point><Point><position>9464</position><in_Quantity.quantity>0.000000</in_Quantity.quantity><out_Quantity.quantity>853.247121</out_Quantity.quantity></Point><Point><position>9465</position><in_Quantity.quantity>0.000000</in_Quantity.quantity><out_Quantity.quantity>13.956736</out_Quantity.quantity></Point><Point><position>9466</position><in_Quantity.quantity>0.000000</in_Quantity.quantity><out_Quantity.quantity>278.505622</out_Quantity.quantity></Point><Point><position>9467</position><in_Quantity.quantity>0.000000</in_Quantity.quantity><out_Quantity.quantity>686.912139</out_Quantity.quantity></Point><Point><position>9468</position><in_Quantity.quantity>0.000000</in_Quantity.quantity><out_Quantity.quantity>243.069089</out_Quantity.quantity></Point><Point><position>9469</position><in_Quantity.quantity>0.000000</in_Quantity.quantity><out_Quantity.quantity>947.057231</out_Quantity.quantity></Point><Point><position>9470</position><in_Quantity.quantity>0.000000</in_Quantity.quantity><out_Quantity.quantity>746.614941</out_Quantity.quantity></Point><Point><position>9471</position><in_Quantity.quantity>0.000000</in_Quantity.quantity><out_Quantity.quantity>59.865784</out_Quantity.quantity></Point><Point><position>9472</position><in_Quantity.quantity>0.000000</in_Quantity.quantity><out_Quantity.quantity>529.856162</out_Quantity.quantity></Point><Point><position>9473</position><in_Quantity.quantity>0.000000</in_Quantity.quantity><out_Quantity.quantity>408.973449</out_Quantity.quantity></Point><Point><position>9474</position><in_Quantity.quantity>0.000000</in_Quantity.quantity><out_Quantity.quantity>767.222928</out_Quantity.quantity></Point><Point><position>9475</position><in_Quantity.quantity>0.000000</in_Quantity.quantity><out_Quantity.quantity>516.063999</out_Quantity.quantity></Point><Point><position>9476</position><in_Quantity.quantity>0.000000</in_Quantity.quantity><out_Quantity.quantity>265.552471</out_Quantity.quantity></Point><Point><position>9477</position><in_Quantity.quantity>0.000000</in_Quantity.quantity><out_Quantity.quantity>512.798821</out_Quantity.quantity></Point><Point><position>9478</position><in_Quantity.quantity>0.000000</in_Quantity.quantity><out_Quantity.quantity>188.946322</out_Quantity.quantity></Point><Point><position>9479</position><in_Quantity.quantity>0.000000</in_Quantity.quantity><out_Quantity.quantity>642.086494</out_Quantity.quantity></Point><Point><position>9480</position><in_Quantity.quantity>0.000000</in_Quantity.quantity><out_Quantity.quantity>847.136692</out_Quantity.quantity></Point><Point><position>9481</position><in_Quantity.quantity>0.000000</in_Quantity.quantity><out_Quantity.quantity>968.978475</out_Quantity.quantity></Point><Point><position>9482</position><in_Quantity.quantity>0.000000</in_Quantity.quantity><out_Quantity.quantity>140.602907</out_Quantity.quantity></Point><Point><position>9483</position><in_Quantity.quantity>0.000000</in_Quantity.quantity><out_Quantity.quantity>507.225512</out_Quantity.quantity></Point><Point><position>9484</position><in_Quantity.quantity>0.000000</in_Quantity.quantity><out_Quantity.quantity>188.620784</out_Quantity.quantity></Point><Point><position>9485</position><in_Quantity.quantity>0.000000</in_Quantity.quantity><out_Quantity.quantity>805.407485</out_Quantity.quantity></Point><Point><position>9486</position><in_Quantity.quantity>0.000000</in_Quantity.quantity><out_Quantity.quantity>386.585774</out_Quantity.quantity></Point><Point><position>9487</position><in_Quantity.quantity>0.000000</in_Quantity.quantity><out_Quantity.quantity>119.556600</out_Quantity.quantity></Point><Point><position>9488</position><in_Quantity.quantity>0.000000</in_Quantity.quantity><out_Quantity.quantity>761.501967</out_Quantity.quantity></Point><Point><position>9489</position><in_Quantity.quantity>0.000000</in_Quantity.quantity><out_Quantity.quantity>153.047898</out_Quantity.quantity></Point><Point><position>9490</position><in_Quantity.quantity>0.000000</in_Quantity.quantity><out_Quantity.quantity>727.528552</out_Quantity.quantity></Point><Point><position>9491</position><in_Quantity.quantity>0.000000</in_Quantity.quantity><out_Quantity.quantity>824.340711</out_Quantity.quantity></Point><Point><position>9492</position><in_Quantity.quantity>0.000000</in_Quantity.quantity><out_Quantity.quantity>548.714348</out_Quantity.quantity></Point><Point><position>9493</position><in_Quantity.quantity>0.000000</in_Quantity.quantity><out_Quantity.quantity>289.740397</out_Quantity.quantity></Point><Point><position>9494</position><in_Quantity.quantity>0.000000</in_Quantity.quantity><out_Quantity.quantity>762.021941</out_Quantity.quantity></Point><Point><position>9495</position><in_Quantity.quantity>0.000000</in_Quantity.quantity><out_Quantity.quantity>826.665736</out_Quantity.quantity></Point><Point><position>9496</position><in_Quantity.quantity>0.000000</in_Quantity.quantity><out_Quantity.quantity>94.688736</out_Quantity.quantity></Point><Point><position>9497</position><in_Quantity.quantity>0.000000</in_Quantity.quantity><out_Quantity.quantity>137.733311</out_Quantity.quantity></Point><Point><position>9498</position><in_Quantity.quantity>0.000000</in_Quantity.quantity><out_Quantity.quantity>294.627121</out_Quantity.quantity></Point><Point><position>9499</position><in_Quantity.quantity>0.000000</in_Quantity.quantity><out_Quantity.quantity>207.993158</out_Quantity.quantity></Point><Point><position>9500</position><in_Quantity.quantity>0.000000</in_Quantity.quantity><out_Quantity.quantity>624.769794</out_Quantity.quantity></Point><Point><position>9501</position><in_Quantity.quantity>0.000000</in_Quantity.quantity><out_Quantity.quantity>694.868164</out_Quantity.quantity></Point><Point><position>9502</position><in_Quantity.quantity>0.000000</in_Quantity.quantity><out_Quantity.quantity>595.035893</out_Quantity.quantity></Point><Point><position>9503</position><in_Quantity.quantity>0.000000</in_Quantity.quantity><out_Quantity.quantity>915.173600</out_Quantity.quantity></Point><Point><position>9504</position><in_Quantity.quantity>0.000000</in_Quantity.quantity><out_Quantity.quantity>151.699727</out_Quantity.quantity></Point><Point><position>9505</position><in_Quantity.quantity>0.000000</in_Quantity.quantity><out_Quantity.quantity>176.938208</out_Quantity.quantity></Point><Point><position>9506</position><in_Quantity.quantity>0.000000</in_Quantity.quantity><out_Quantity.quantity>360.708004</out_Quantity.quantity></Point><Point><position>9507</position><in_Quantity.quantity>0.000000</in_Quantity.quantity><out_Quantity.quantity>900.065794</out_Quantity.quantity></Point><Point><position>9508</position><in_Quantity.quantity>0.000000</in_Quantity.quantity><out_Quantity.quantity>880.374933</out_Quantity.quantity></Point><Point><position>9509</position><in_Quantity.quantity>0.000000</in_Quantity.quantity><out_Quantity.quantity>824.324311</out_Quantity.quantity></Point><Point><position>9510</position><in_Quantity.quantity>0.000000</in_Quantity.quantity><out_Quantity.quantity>0.361932</out_Quantity.quantity></Point><Point><position>9511</position><in_Quantity.quantity>0.000000</in_Quantity.quantity><out_Quantity.quantity>866.978387</out_Quantity.quantity></Point><Point><position>9512</position><in_Quantity.quantity>0.000000</in_Quantity.quantity><out_Quantity.quantity>708.433489</out_Quantity.quantity></Point><Point><position>9513</position><in_Quantity.quantity>0.000000</in_Quantity.quantity><out_Quantity.quantity>873.859677</out_Quantity.quantity></Point><Point><position>9514</position><in_Quantity.quantity>0.000000</in_Quantity.quantity><out_Quantity.quantity>973.613704</out_Quantity.quantity></Point><Point><position>9515</position><in_Quantity.quantity>0.000000</in_Quantity.quantity><out_Quantity.quantity>345.415860</out_Quantity.quantity></Point><Point><position>9516</position><in_Quantity.quantity>0.000000</in_Quantity.quantity><out_Quantity.quantity>616.054001</out_Quantity.quantity></Point><Point><position>9517</position><in_Quantity.quantity>0.000000</in_Quantity.quantity><out_Quantity.quantity>69.649912</out_Quantity.quantity></Point><Point><position>9518</position><in_Quantity.quantity>0.000000</in_Quantity.quantity><out_Quantity.quantity>257.761333</out_Quantity.quantity></Point><Point><position>9519</position><in_Quantity.quantity>0.000000</in_Quantity.quantity><out_Quantity.quantity>221.295687</out_Quantity.quantity></Point><Point><position>9520</position><in_Quantity.quantity>0.000000</in_Quantity.quantity><out_Quantity.quantity>948.906380</out_Quantity.quantity></Point><Point><position>9521</position><in_Quantity.quantity>0.000000</in_Quantity.quantity><out_Quantity.quantity>62.927982</out_Quantity.quantity></Point><Point><position>9522</position><in_Quantity.quantity>0.000000</in_Quantity.quantity><out_Quantity.quantity>765.673203</out_Quantity.quantity></Point><Point><position>9523</position><in_Quantity.quantity>0.000000</in_Quantity.quantity><out_Quantity.quantity>89.630525</out_Quantity.quantity></Point><Point><position>9524</position><in_Quantity.quantity>0.000000</in_Quantity.quantity><out_Quantity.quantity>725.361977</out_Quantity.quantity></Point><Point><position>9525</position><in_Quantity.quantity>0.000000</in_Quantity.quantity><out_Quantity.quantity>884.450254</out_Quantity.quantity></Point><Point><position>9526</position><in_Quantity.quantity>0.000000</in_Quantity.quantity><out_Quantity.quantity>474.007575</out_Quantity.quantity></Point><Point><position>9527</position><in_Quantity.quantity>0.000000</in_Quantity.quantity><out_Quantity.quantity>567.859195</out_Quantity.quantity></Point><Point><position>9528</position><in_Quantity.quantity>0.000000</in_Quantity.quantity><out_Quantity.quantity>639.031242</out_Quantity.quantity></Point><Point><position>9529</position><in_Quantity.quantity>0.000000</in_Quantity.quantity><out_Quantity.quantity>646.259703</out_Quantity.quantity></Point><Point><position>9530</position><in_Quantity.quantity>0.000000</in_Quantity.quantity><out_Quantity.quantity>114.582143</out_Quantity.quantity></Point><Point><position>9531</position><in_Quantity.quantity>0.000000</in_Quantity.quantity><out_Quantity.quantity>316.817859</out_Quantity.quantity></Point><Point><position>9532</position><in_Quantity.quantity>0.000000</in_Quantity.quantity><out_Quantity.quantity>679.615934</out_Quantity.quantity></Point><Point><position>9533</position><in_Quantity.quantity>0.000000</in_Quantity.quantity><out_Quantity.quantity>557.377622</out_Quantity.quantity></Point><Point><position>9534</position><in_Quantity.quantity>0.000000</in_Quantity.quantity><out_Quantity.quantity>925.276443</out_Quantity.quantity></Point><Point><position>9535</position><in_Quantity.quantity>0.000000</in_Quantity.quantity><out_Quantity.quantity>683.385315</out_Quantity.quantity></Point><Point><position>9536</position><in_Quantity.quantity>0.000000</in_Quantity.quantity><out_Quantity.quantity>761.432484</out_Quantity.quantity></Point><Point><position>9537</position><in_Quantity.quantity>0.000000</in_Quantity.quantity><out_Quantity.quantity>392.942167</out_Quantity.quantity></Point><Point><position>9538</position><in_Quantity.quantity>0.000000</in_Quantity.quantity><out_Quantity.quantity>961.688588</out_Quantity.quantity></Point><Point><position>9539</position><in_Quantity.quantity>0.000000</in_Quantity.quantity><out_Quantity.quantity>359.038789</out_Quantity.quantity></Point><Point><position>9540</position><in_Quantity.quantity>0.000000</in_Quantity.quantity><out_Quantity.quantity>475.765894</out_Quantity.quantity></Point><Point><position>9541</position><in_Quantity.quantity>0.000000</in_Quantity.quantity><out_Quantity.quantity>662.044803</out_Quantity.quantity></Point><Point><position>9542</position><in_Quantity.quantity>0.000000</in_Quantity.quantity><out_Quantity.quantity>254.265158</out_Quantity.quantity></Point><Point><position>9543</position><in_Quantity.quantity>0.000000</in_Quantity.quantity><out_Quantity.quantity>835.281650</out_Quantity.quantity></Point><Point><position>9544</position><in_Quantity.quantity>0.000000</in_Quantity.quantity><out_Quantity.quantity>704.456574</out_Quantity.quantity></Point><Point><position>9545</position><in_Quantity.quantity>0.000000</in_Quantity.quantity><out_Quantity.quantity>288.059802</out_Quantity.quantity></Point><Point><position>9546</position><in_Quantity.quantity>0.000000</in_Quantity.quantity><out_Quantity.quantity>663.072965</out_Quantity.quantity></Point><Point><position>9547</position><in_Quantity.quantity>0.000000</in_Quantity.quantity><out_Quantity.quantity>509.123535</out_Quantity.quantity></Point><Point><position>9548</position><in_Quantity.quantity>0.000000</in_Quantity.quantity><out_Quantity.quantity>294.334361</out_Quantity.quantity></Point><Point><position>9549</position><in_Quantity.quantity>0.000000</in_Quantity.quantity><out_Quantity.quantity>754.835529</out_Quantity.quantity></Point><Point><position>9550</position><in_Quantity.quantity>0.000000</in_Quantity.quantity><out_Quantity.quantity>397.698499</out_Quantity.quantity></Point><Point><position>9551</position><in_Quantity.quantity>0.000000</in_Quantity.quantity><out_Quantity.quantity>830.059911</out_Quantity.quantity></Point><Point><position>9552</position><in_Quantity.quantity>0.000000</in_Quantity.quantity><out_Quantity.quantity>998.764563</out_Quantity.quantity></Point><Point><position>9553</position><in_Quantity.quantity>0.000000</in_Quantity.quantity><out_Quantity.quantity>415.054967</out_Quantity.quantity></Point><Point><position>9554</position><in_Quantity.quantity>0.000000</in_Quantity.quantity><out_Quantity.quantity>424.230289</out_Quantity.quantity></Point><Point><position>9555</position><in_Quantity.quantity>0.000000</in_Quantity.quantity><out_Quantity.quantity>453.710724</out_Quantity.quantity></Point><Point><position>9556</position><in_Quantity.quantity>0.000000</in_Quantity.quantity><out_Quantity.quantity>586.358182</out_Quantity.quantity></Point><Point><position>9557</position><in_Quantity.quantity>0.000000</in_Quantity.quantity><out_Quantity.quantity>716.329002</out_Quantity.quantity></Point><Point><position>9558</position><in_Quantity.quantity>0.000000</in_Quantity.quantity><out_Quantity.quantity>169.147835</out_Quantity.quantity></Point><Point><position>9559</position><in_Quantity.quantity>0.000000</in_Quantity.quantity><out_Quantity.quantity>34.512245</out_Quantity.quantity></Point><Point><position>9560</position><in_Quantity.quantity>0.000000</in_Quantity.quantity><out_Quantity.quantity>883.894256</out_Quantity.quantity></Point><Point><position>9561</position><in_Quantity.quantity>0.000000</in_Quantity.quantity><out_Quantity.quantity>532.419027</out_Quantity.quantity></Point><Point><position>9562</position><in_Quantity.quantity>0.000000</in_Quantity.quantity><out_Quantity.quantity>406.986333</out_Quantity.quantity></Point><Point><position>9563</position><in_Quantity.quantity>0.000000</in_Quantity.quantity><out_Quantity.quantity>748.403321</out_Quantity.quantity></Point><Point><position>9564</position><in_Quantity.quantity>0.000000</in_Quantity.quantity><out_Quantity.quantity>850.524427</out_Quantity.quantity></Point><Point><position>9565</position><in_Quantity.quantity>0.000000</in_Quantity.quantity><out_Quantity.quantity>0.394753</out_Quantity.quantity></Point><Point><position>9566</position><in_Quantity.quantity>0.000000</in_Quantity.quantity><out_Quantity.quantity>332.639717</out_Quantity.quantity></Point><Point><position>9567</position><in_Quantity.quantity>0.000000</in_Quantity.quantity><out_Quantity.quantity>503.266685</out_Quantity.quantity></Point><Point><position>9568</position><in_Quantity.quantity>0.000000</in_Quantity.quantity><out_Quantity.quantity>652.528582</out_Quantity.quantity></Point><Point><position>9569</position><in_Quantity.quantity>0.000000</in_Quantity.quantity><out_Quantity.quantity>125.989520</out_Quantity.quantity></Point><Point><position>9570</position><in_Quantity.quantity>0.000000</in_Quantity.quantity><out_Quantity.quantity>334.188369</out_Quantity.quantity></Point><Point><position>9571</position><in_Quantity.quantity>0.000000</in_Quantity.quantity><out_Quantity.quantity>556.670914</out_Quantity.quantity></Point><Point><position>9572</position><in_Quantity.quantity>0.000000</in_Quantity.quantity><out_Quantity.quantity>670.160989</out_Quantity.quantity></Point><Point><position>9573</position><in_Quantity.quantity>0.000000</in_Quantity.quantity><out_Quantity.quantity>922.917211</out_Quantity.quantity></Point><Point><position>9574</position><in_Quantity.quantity>0.000000</in_Quantity.quantity><out_Quantity.quantity>699.244522</out_Quantity.quantity></Point><Point><position>9575</position><in_Quantity.quantity>0.000000</in_Quantity.quantity><out_Quantity.quantity>883.496618</out_Quantity.quantity></Point><Point><position>9576</position><in_Quantity.quantity>0.000000</in_Quantity.quantity><out_Quantity.quantity>710.466639</out_Quantity.quantity></Point><Point><position>9577</position><in_Quantity.quantity>0.000000</in_Quantity.quantity><out_Quantity.quantity>74.939233</out_Quantity.quantity></Point><Point><position>9578</position><in_Quantity.quantity>0.000000</in_Quantity.quantity><out_Quantity.quantity>659.675893</out_Quantity.quantity></Point><Point><position>9579</position><in_Quantity.quantity>0.000000</in_Quantity.quantity><out_Quantity.quantity>343.465188</out_Quantity.quantity></Point><Point><position>9580</position><in_Quantity.quantity>0.000000</in_Quantity.quantity><out_Quantity.quantity>483.955849</out_Quantity.quantity></Point><Point><position>9581</position><in_Quantity.quantity>0.000000</in_Quantity.quantity><out_Quantity.quantity>665.235751</out_Quantity.quantity></Point><Point><position>9582</position><in_Quantity.quantity>0.000000</in_Quantity.quantity><out_Quantity.quantity>48.181833</out_Quantity.quantity></Point><Point><position>9583</position><in_Quantity.quantity>0.000000</in_Quantity.quantity><out_Quantity.quantity>369.868513</out_Quantity.quantity></Point><Point><position>9584</position><in_Quantity.quantity>0.000000</in_Quantity.quantity><out_Quantity.quantity>718.715859</out_Quantity.quantity></Point><Point><position>9585</position><in_Quantity.quantity>0.000000</in_Quantity.quantity><out_Quantity.quantity>217.915040</out_Quantity.quantity></Point><Point><position>9586</position><in_Quantity.quantity>0.000000</in_Quantity.quantity><out_Quantity.quantity>801.077791</out_Quantity.quantity></Point><Point><position>9587</position><in_Quantity.quantity>0.000000</in_Quantity.quantity><out_Quantity.quantity>242.589825</out_Quantity.quantity></Point><Point><position>9588</position><in_Quantity.quantity>0.000000</in_Quantity.quantity><out_Quantity.quantity>321.305061</out_Quantity.quantity></Point><Point><position>9589</position><in_Quantity.quantity>0.000000</in_Quantity.quantity><out_Quantity.quantity>340.512180</out_Quantity.quantity></Point><Point><position>9590</position><in_Quantity.quantity>0.000000</in_Quantity.quantity><out_Quantity.quantity>116.903065</out_Quantity.quantity></Point><Point><position>9591</position><in_Quantity.quantity>0.000000</in_Quantity.quantity><out_Quantity.quantity>286.792521</out_Quantity.quantity></Point><Point><position>9592</position><in_Quantity.quantity>0.000000</in_Quantity.quantity><out_Quantity.quantity>872.501350</out_Quantity.quantity></Point><Point><position>9593</position><in_Quantity.quantity>0.000000</in_Quantity.quantity><out_Quantity.quantity>607.346506</out_Quantity.quantity></Point><Point><position>9594</position><in_Quantity.quantity>0.000000</in_Quantity.quantity><out_Quantity.quantity>47.323253</out_Quantity.quantity></Point><Point><position>9595</position><in_Quantity.quantity>0.000000</in_Quantity.quantity><out_Quantity.quantity>154.041777</out_Quantity.quantity></Point><Point><position>9596</position><in_Quantity.quantity>0.000000</in_Quantity.quantity><out_Quantity.quantity>871.928802</out_Quantity.quantity></Point><Point><position>9597</position><in_Quantity.quantity>0.000000</in_Quantity.quantity><out_Quantity.quantity>225.933508</out_Quantity.quantity></Point><Point><position>9598</position><in_Quantity.quantity>0.000000</in_Quantity.quantity><out_Quantity.quantity>155.975080</out_Quantity.quantity></Point><Point><position>9599</position><in_Quantity.quantity>0.000000</in_Quantity.quantity><out_Quantity.quantity>626.787978</out_Quantity.quantity></Point><Point><position>9600</position><in_Quantity.quantity>0.000000</in_Quantity.quantity><out_Quantity.quantity>303.258589</out_Quantity.quantity></Point><Point><position>9601</position><in_Quantity.quantity>0.000000</in_Quantity.quantity><out_Quantity.quantity>681.640710</out_Quantity.quantity></Point><Point><position>9602</position><in_Quantity.quantity>0.000000</in_Quantity.quantity><out_Quantity.quantity>898.124347</out_Quantity.quantity></Point><Point><position>9603</position><in_Quantity.quantity>0.000000</in_Quantity.quantity><out_Quantity.quantity>30.786463</out_Quantity.quantity></Point><Point><position>9604</position><in_Quantity.quantity>0.000000</in_Quantity.quantity><out_Quantity.quantity>799.663497</out_Quantity.quantity></Point><Point><position>9605</position><in_Quantity.quantity>0.000000</in_Quantity.quantity><out_Quantity.quantity>372.149139</out_Quantity.quantity></Point><Point><position>9606</position><in_Quantity.quantity>0.000000</in_Quantity.quantity><out_Quantity.quantity>996.198634</out_Quantity.quantity></Point><Point><position>9607</position><in_Quantity.quantity>0.000000</in_Quantity.quantity><out_Quantity.quantity>32.872501</out_Quantity.quantity></Point><Point><position>9608</position><in_Quantity.quantity>0.000000</in_Quantity.quantity><out_Quantity.quantity>673.705028</out_Quantity.quantity></Point><Point><position>9609</position><in_Quantity.quantity>0.000000</in_Quantity.quantity><out_Quantity.quantity>511.726124</out_Quantity.quantity></Point><Point><position>9610</position><in_Quantity.quantity>0.000000</in_Quantity.quantity><out_Quantity.quantity>58.856638</out_Quantity.quantity></Point><Point><position>9611</position><in_Quantity.quantity>0.000000</in_Quantity.quantity><out_Quantity.quantity>830.538587</out_Quantity.quantity></Point><Point><position>9612</position><in_Quantity.quantity>0.000000</in_Quantity.quantity><out_Quantity.quantity>703.340466</out_Quantity.quantity></Point><Point><position>9613</position><in_Quantity.quantity>0.000000</in_Quantity.quantity><out_Quantity.quantity>261.793182</out_Quantity.quantity></Point><Point><position>9614</position><in_Quantity.quantity>0.000000</in_Quantity.quantity><out_Quantity.quantity>243.037206</out_Quantity.quantity></Point><Point><position>9615</position><in_Quantity.quantity>0.000000</in_Quantity.quantity><out_Quantity.quantity>430.144311</out_Quantity.quantity></Point><Point><position>9616</position><in_Quantity.quantity>0.000000</in_Quantity.quantity><out_Quantity.quantity>168.581055</out_Quantity.quantity></Point><Point><position>9617</position><in_Quantity.quantity>0.000000</in_Quantity.quantity><out_Quantity.quantity>497.591091</out_Quantity.quantity></Point><Point><position>9618</position><in_Quantity.quantity>0.000000</in_Quantity.quantity><out_Quantity.quantity>827.530022</out_Quantity.quantity></Point><Point><position>9619</position><in_Quantity.quantity>0.000000</in_Quantity.quantity><out_Quantity.quantity>294.021440</out_Quantity.quantity></Point><Point><position>9620</position><in_Quantity.quantity>0.000000</in_Quantity.quantity><out_Quantity.quantity>558.309276</out_Quantity.quantity></Point><Point><position>9621</position><in_Quantity.quantity>0.000000</in_Quantity.quantity><out_Quantity.quantity>85.607238</out_Quantity.quantity></Point><Point><position>9622</position><in_Quantity.quantity>0.000000</in_Quantity.quantity><out_Quantity.quantity>874.015505</out_Quantity.quantity></Point><Point><position>9623</position><in_Quantity.quantity>0.000000</in_Quantity.quantity><out_Quantity.quantity>733.900638</out_Quantity.quantity></Point><Point><position>9624</position><in_Quantity.quantity>0.000000</in_Quantity.quantity><out_Quantity.quantity>634.473067</out_Quantity.quantity></Point><Point><position>9625</position><in_Quantity.quantity>0.000000</in_Quantity.quantity><out_Quantity.quantity>982.680029</out_Quantity.quantity></Point><Point><position>9626</position><in_Quantity.quantity>0.000000</in_Quantity.quantity><out_Quantity.quantity>72.187176</out_Quantity.quantity></Point><Point><position>9627</position><in_Quantity.quantity>0.000000</in_Quantity.quantity><out_Quantity.quantity>157.395343</out_Quantity.quantity></Point><Point><position>9628</position><in_Quantity.quantity>0.000000</in_Quantity.quantity><out_Quantity.quantity>871.771708</out_Quantity.quantity></Point><Point><position>9629</position><in_Quantity.quantity>0.000000</in_Quantity.quantity><out_Quantity.quantity>792.180708</out_Quantity.quantity></Point><Point><position>9630</position><in_Quantity.quantity>0.000000</in_Quantity.quantity><out_Quantity.quantity>650.751440</out_Quantity.quantity></Point><Point><position>9631</position><in_Quantity.quantity>0.000000</in_Quantity.quantity><out_Quantity.quantity>319.798159</out_Quantity.quantity></Point><Point><position>9632</position><in_Quantity.quantity>0.000000</in_Quantity.quantity><out_Quantity.quantity>263.022805</out_Quantity.quantity></Point><Point><position>9633</position><in_Quantity.quantity>0.000000</in_Quantity.quantity><out_Quantity.quantity>420.493842</out_Quantity.quantity></Point><Point><position>9634</position><in_Quantity.quantity>0.000000</in_Quantity.quantity><out_Quantity.quantity>773.374597</out_Quantity.quantity></Point><Point><position>9635</position><in_Quantity.quantity>0.000000</in_Quantity.quantity><out_Quantity.quantity>873.541680</out_Quantity.quantity></Point><Point><position>9636</position><in_Quantity.quantity>0.000000</in_Quantity.quantity><out_Quantity.quantity>471.857623</out_Quantity.quantity></Point><Point><position>9637</position><in_Quantity.quantity>0.000000</in_Quantity.quantity><out_Quantity.quantity>82.167016</out_Quantity.quantity></Point><Point><position>9638</position><in_Quantity.quantity>0.000000</in_Quantity.quantity><out_Quantity.quantity>953.986594</out_Quantity.quantity></Point><Point><position>9639</position><in_Quantity.quantity>0.000000</in_Quantity.quantity><out_Quantity.quantity>297.763118</out_Quantity.quantity></Point><Point><position>9640</position><in_Quantity.quantity>0.000000</in_Quantity.quantity><out_Quantity.quantity>256.440267</out_Quantity.quantity></Point><Point><position>9641</position><in_Quantity.quantity>0.000000</in_Quantity.quantity><out_Quantity.quantity>121.475327</out_Quantity.quantity></Point><Point><position>9642</position><in_Quantity.quantity>0.000000</in_Quantity.quantity><out_Quantity.quantity>77.986189</out_Quantity.quantity></Point><Point><position>9643</position><in_Quantity.quantity>0.000000</in_Quantity.quantity><out_Quantity.quantity>483.336893</out_Quantity.quantity></Point><Point><position>9644</position><in_Quantity.quantity>0.000000</in_Quantity.quantity><out_Quantity.quantity>131.049817</out_Quantity.quantity></Point><Point><position>9645</position><in_Quantity.quantity>0.000000</in_Quantity.quantity><out_Quantity.quantity>496.212040</out_Quantity.quantity></Point><Point><position>9646</position><in_Quantity.quantity>0.000000</in_Quantity.quantity><out_Quantity.quantity>197.803128</out_Quantity.quantity></Point><Point><position>9647</position><in_Quantity.quantity>0.000000</in_Quantity.quantity><out_Quantity.quantity>181.973195</out_Quantity.quantity></Point><Point><position>9648</position><in_Quantity.quantity>0.000000</in_Quantity.quantity><out_Quantity.quantity>898.457160</out_Quantity.quantity></Point><Point><position>9649</position><in_Quantity.quantity>0.000000</in_Quantity.quantity><out_Quantity.quantity>88.854154</out_Quantity.quantity></Point><Point><position>9650</position><in_Quantity.quantity>0.000000</in_Quantity.quantity><out_Quantity.quantity>221.676230</out_Quantity.quantity></Point><Point><position>9651</position><in_Quantity.quantity>0.000000</in_Quantity.quantity><out_Quantity.quantity>54.170595</out_Quantity.quantity></Point><Point><position>9652</position><in_Quantity.quantity>0.000000</in_Quantity.quantity><out_Quantity.quantity>160.165139</out_Quantity.quantity></Point><Point><position>9653</position><in_Quantity.quantity>0.000000</in_Quantity.quantity><out_Quantity.quantity>486.059198</out_Quantity.quantity></Point><Point><position>9654</position><in_Quantity.quantity>0.000000</in_Quantity.quantity><out_Quantity.quantity>199.751785</out_Quantity.quantity></Point><Point><position>9655</position><in_Quantity.quantity>0.000000</in_Quantity.quantity><out_Quantity.quantity>680.997286</out_Quantity.quantity></Point><Point><position>9656</position><in_Quantity.quantity>0.000000</in_Quantity.quantity><out_Quantity.quantity>642.505513</out_Quantity.quantity></Point><Point><position>9657</position><in_Quantity.quantity>0.000000</in_Quantity.quantity><out_Quantity.quantity>682.838591</out_Quantity.quantity></Point><Point><position>9658</position><in_Quantity.quantity>0.000000</in_Quantity.quantity><out_Quantity.quantity>235.617724</out_Quantity.quantity></Point><Point><position>9659</position><in_Quantity.quantity>0.000000</in_Quantity.quantity><out_Quantity.quantity>691.518240</out_Quantity.quantity></Point><Point><position>9660</position><in_Quantity.quantity>0.000000</in_Quantity.quantity><out_Quantity.quantity>982.136173</out_Quantity.quantity></Point><Point><position>9661</position><in_Quantity.quantity>0.000000</in_Quantity.quantity><out_Quantity.quantity>234.039326</out_Quantity.quantity></Point><Point><position>9662</position><in_Quantity.quantity>0.000000</in_Quantity.quantity><out_Quantity.quantity>821.852483</out_Quantity.quantity></Point><Point><position>9663</position><in_Quantity.quantity>0.000000</in_Quantity.quantity><out_Quantity.quantity>411.886019</out_Quantity.quantity></Point><Point><position>9664</position><in_Quantity.quantity>0.000000</in_Quantity.quantity><out_Quantity.quantity>178.156706</out_Quantity.quantity></Point><Point><position>9665</position><in_Quantity.quantity>0.000000</in_Quantity.quantity><out_Quantity.quantity>386.105431</out_Quantity.quantity></Point><Point><position>9666</position><in_Quantity.quantity>0.000000</in_Quantity.quantity><out_Quantity.quantity>759.717466</out_Quantity.quantity></Point><Point><position>9667</position><in_Quantity.quantity>0.000000</in_Quantity.quantity><out_Quantity.quantity>375.086657</out_Quantity.quantity></Point><Point><position>9668</position><in_Quantity.quantity>0.000000</in_Quantity.quantity><out_Quantity.quantity>38.205515</out_Quantity.quantity></Point><Point><position>9669</position><in_Quantity.quantity>0.000000</in_Quantity.quantity><out_Quantity.quantity>844.219929</out_Quantity.quantity></Point><Point><position>9670</position><in_Quantity.quantity>0.000000</in_Quantity.quantity><out_Quantity.quantity>70.618477</out_Quantity.quantity></Point><Point><position>9671</position><in_Quantity.quantity>0.000000</in_Quantity.quantity><out_Quantity.quantity>607.920365</out_Quantity.quantity></Point><Point><position>9672</position><in_Quantity.quantity>0.000000</in_Quantity.quantity><out_Quantity.quantity>47.288513</out_Quantity.quantity></Point><Point><position>9673</position><in_Quantity.quantity>0.000000</in_Quantity.quantity><out_Quantity.quantity>444.892736</out_Quantity.quantity></Point><Point><position>9674</position><in_Quantity.quantity>0.000000</in_Quantity.quantity><out_Quantity.quantity>927.608498</out_Quantity.quantity></Point><Point><position>9675</position><in_Quantity.quantity>0.000000</in_Quantity.quantity><out_Quantity.quantity>303.285757</out_Quantity.quantity></Point><Point><position>9676</position><in_Quantity.quantity>0.000000</in_Quantity.quantity><out_Quantity.quantity>599.401715</out_Quantity.quantity></Point><Point><position>9677</position><in_Quantity.quantity>0.000000</in_Quantity.quantity><out_Quantity.quantity>76.052565</out_Quantity.quantity></Point><Point><position>9678</position><in_Quantity.quantity>0.000000</in_Quantity.quantity><out_Quantity.quantity>266.922402</out_Quantity.quantity></Point><Point><position>9679</position><in_Quantity.quantity>0.000000</in_Quantity.quantity><out_Quantity.quantity>390.951384</out_Quantity.quantity></Point><Point><position>9680</position><in_Quantity.quantity>0.000000</in_Quantity.quantity><out_Quantity.quantity>118.879972</out_Quantity.quantity></Point><Point><position>9681</position><in_Quantity.quantity>0.000000</in_Quantity.quantity><out_Quantity.quantity>379.205068</out_Quantity.quantity></Point><Point><position>9682</position><in_Quantity.quantity>0.000000</in_Quantity.quantity><out_Quantity.quantity>923.736674</out_Quantity.quantity></Point><Point><position>9683</position><in_Quantity.quantity>0.000000</in_Quantity.quantity><out_Quantity.quantity>965.794816</out_Quantity.quantity></Point><Point><position>9684</position><in_Quantity.quantity>0.000000</in_Quantity.quantity><out_Quantity.quantity>271.604642</out_Quantity.quantity></Point><Point><position>9685</position><in_Quantity.quantity>0.000000</in_Quantity.quantity><out_Quantity.quantity>207.545658</out_Quantity.quantity></Point><Point><position>9686</position><in_Quantity.quantity>0.000000</in_Quantity.quantity><out_Quantity.quantity>310.332574</out_Quantity.quantity></Point><Point><position>9687</position><in_Quantity.quantity>0.000000</in_Quantity.quantity><out_Quantity.quantity>280.689391</out_Quantity.quantity></Point><Point><position>9688</position><in_Quantity.quantity>0.000000</in_Quantity.quantity><out_Quantity.quantity>681.986205</out_Quantity.quantity></Point><Point><position>9689</position><in_Quantity.quantity>0.000000</in_Quantity.quantity><out_Quantity.quantity>874.213833</out_Quantity.quantity></Point><Point><position>9690</position><in_Quantity.quantity>0.000000</in_Quantity.quantity><out_Quantity.quantity>600.938561</out_Quantity.quantity></Point><Point><position>9691</position><in_Quantity.quantity>0.000000</in_Quantity.quantity><out_Quantity.quantity>918.543350</out_Quantity.quantity></Point><Point><position>9692</position><in_Quantity.quantity>0.000000</in_Quantity.quantity><out_Quantity.quantity>867.428722</out_Quantity.quantity></Point><Point><position>9693</position><in_Quantity.quantity>0.000000</in_Quantity.quantity><out_Quantity.quantity>269.285791</out_Quantity.quantity></Point><Point><position>9694</position><in_Quantity.quantity>0.000000</in_Quantity.quantity><out_Quantity.quantity>963.505026</out_Quantity.quantity></Point><Point><position>9695</position><in_Quantity.quantity>0.000000</in_Quantity.quantity><out_Quantity.quantity>887.873209</out_Quantity.quantity></Point><Point><position>9696</position><in_Quantity.quantity>0.000000</in_Quantity.quantity><out_Quantity.quantity>533.188523</out_Quantity.quantity></Point><Point><position>9697</position><in_Quantity.quantity>0.000000</in_Quantity.quantity><out_Quantity.quantity>586.996197</out_Quantity.quantity></Point><Point><position>9698</position><in_Quantity.quantity>0.000000</in_Quantity.quantity><out_Quantity.quantity>381.824874</out_Quantity.quantity></Point><Point><position>9699</position><in_Quantity.quantity>0.000000</in_Quantity.quantity><out_Quantity.quantity>862.298242</out_Quantity.quantity></Point><Point><position>9700</position><in_Quantity.quantity>0.000000</in_Quantity.quantity><out_Quantity.quantity>973.723874</out_Quantity.quantity></Point><Point><position>9701</position><in_Quantity.quantity>0.000000</in_Quantity.quantity><out_Quantity.quantity>308.493011</out_Quantity.quantity></Point><Point><position>9702</position><in_Quantity.quantity>0.000000</in_Quantity.quantity><out_Quantity.quantity>174.191482</out_Quantity.quantity></Point><Point><position>9703</position><in_Quantity.quantity>0.000000</in_Quantity.quantity><out_Quantity.quantity>865.113232</out_Quantity.quantity></Point><Point><position>9704</position><in_Quantity.quantity>0.000000</in_Quantity.quantity><out_Quantity.quantity>361.752161</out_Quantity.quantity></Point><Point><position>9705</position><in_Quantity.quantity>0.000000</in_Quantity.quantity><out_Quantity.quantity>320.244161</out_Quantity.quantity></Point><Point><position>9706</position><in_Quantity.quantity>0.000000</in_Quantity.quantity><out_Quantity.quantity>735.088761</out_Quantity.quantity></Point><Point><position>9707</position><in_Quantity.quantity>0.000000</in_Quantity.quantity><out_Quantity.quantity>152.905424</out_Quantity.quantity></Point><Point><position>9708</position><in_Quantity.quantity>0.000000</in_Quantity.quantity><out_Quantity.quantity>604.403405</out_Quantity.quantity></Point><Point><position>9709</position><in_Quantity.quantity>0.000000</in_Quantity.quantity><out_Quantity.quantity>656.076272</out_Quantity.quantity></Point><Point><position>9710</position><in_Quantity.quantity>0.000000</in_Quantity.quantity><out_Quantity.quantity>475.689607</out_Quantity.quantity></Point><Point><position>9711</position><in_Quantity.quantity>0.000000</in_Quantity.quantity><out_Quantity.quantity>785.118886</out_Quantity.quantity></Point><Point><position>9712</position><in_Quantity.quantity>0.000000</in_Quantity.quantity><out_Quantity.quantity>139.813448</out_Quantity.quantity></Point><Point><position>9713</position><in_Quantity.quantity>0.000000</in_Quantity.quantity><out_Quantity.quantity>702.264167</out_Quantity.quantity></Point><Point><position>9714</position><in_Quantity.quantity>0.000000</in_Quantity.quantity><out_Quantity.quantity>635.084345</out_Quantity.quantity></Point><Point><position>9715</position><in_Quantity.quantity>0.000000</in_Quantity.quantity><out_Quantity.quantity>76.626109</out_Quantity.quantity></Point><Point><position>9716</position><in_Quantity.quantity>0.000000</in_Quantity.quantity><out_Quantity.quantity>138.338998</out_Quantity.quantity></Point><Point><position>9717</position><in_Quantity.quantity>0.000000</in_Quantity.quantity><out_Quantity.quantity>915.557280</out_Quantity.quantity></Point><Point><position>9718</position><in_Quantity.quantity>0.000000</in_Quantity.quantity><out_Quantity.quantity>17.413285</out_Quantity.quantity></Point><Point><position>9719</position><in_Quantity.quantity>0.000000</in_Quantity.quantity><out_Quantity.quantity>985.052807</out_Quantity.quantity></Point><Point><position>9720</position><in_Quantity.quantity>0.000000</in_Quantity.quantity><out_Quantity.quantity>690.317032</out_Quantity.quantity></Point><Point><position>9721</position><in_Quantity.quantity>0.000000</in_Quantity.quantity><out_Quantity.quantity>144.397186</out_Quantity.quantity></Point><Point><position>9722</position><in_Quantity.quantity>0.000000</in_Quantity.quantity><out_Quantity.quantity>240.788113</out_Quantity.quantity></Point><Point><position>9723</position><in_Quantity.quantity>0.000000</in_Quantity.quantity><out_Quantity.quantity>714.352830</out_Quantity.quantity></Point><Point><position>9724</position><in_Quantity.quantity>0.000000</in_Quantity.quantity><out_Quantity.quantity>43.622048</out_Quantity.quantity></Point><Point><position>9725</position><in_Quantity.quantity>0.000000</in_Quantity.quantity><out_Quantity.quantity>289.790517</out_Quantity.quantity></Point><Point><position>9726</position><in_Quantity.quantity>0.000000</in_Quantity.quantity><out_Quantity.quantity>825.517809</out_Quantity.quantity></Point><Point><position>9727</position><in_Quantity.quantity>0.000000</in_Quantity.quantity><out_Quantity.quantity>93.377563</out_Quantity.quantity></Point><Point><position>9728</position><in_Quantity.quantity>0.000000</in_Quantity.quantity><out_Quantity.quantity>807.111336</out_Quantity.quantity></Point><Point><position>9729</position><in_Quantity.quantity>0.000000</in_Quantity.quantity><out_Quantity.quantity>843.525153</out_Quantity.quantity></Point><Point><position>9730</position><in_Quantity.quantity>0.000000</in_Quantity.quantity><out_Quantity.quantity>271.585960</out_Quantity.quantity></Point><Point><position>9731</position><in_Quantity.quantity>0.000000</in_Quantity.quantity><out_Quantity.quantity>126.881197</out_Quantity.quantity></Point><Point><position>9732</position><in_Quantity.quantity>0.000000</in_Quantity.quantity><out_Quantity.quantity>974.689240</out_Quantity.quantity></Point><Point><position>9733</position><in_Quantity.quantity>0.000000</in_Quantity.quantity><out_Quantity.quantity>532.794699</out_Quantity.quantity></Point><Point><position>9734</position><in_Quantity.quantity>0.000000</in_Quantity.quantity><out_Quantity.quantity>757.039108</out_Quantity.quantity></Point><Point><position>9735</position><in_Quantity.quantity>0.000000</in_Quantity.quantity><out_Quantity.quantity>164.169813</out_Quantity.quantity></Point><Point><position>9736</position><in_Quantity.quantity>0.000000</in_Quantity.quantity><out_Quantity.quantity>740.002887</out_Quantity.quantity></Point><Point><position>9737</position><in_Quantity.quantity>0.000000</in_Quantity.quantity><out_Quantity.quantity>23.017314</out_Quantity.quantity></Point><Point><position>9738</position><in_Quantity.quantity>0.000000</in_Quantity.quantity><out_Quantity.quantity>839.697902</out_Quantity.quantity></Point><Point><position>9739</position><in_Quantity.quantity>0.000000</in_Quantity.quantity><out_Quantity.quantity>324.739107</out_Quantity.quantity></Point><Point><position>9740</position><in_Quantity.quantity>0.000000</in_Quantity.quantity><out_Quantity.quantity>49.040310</out_Quantity.quantity></Point><Point><position>9741</position><in_Quantity.quantity>0.000000</in_Quantity.quantity><out_Quantity.quantity>667.288182</out_Quantity.quantity></Point><Point><position>9742</position><in_Quantity.quantity>0.000000</in_Quantity.quantity><out_Quantity.quantity>306.014079</out_Quantity.quantity></Point><Point><position>9743</position><in_Quantity.quantity>0.000000</in_Quantity.quantity><out_Quantity.quantity>509.884864</out_Quantity.quantity></Point><Point><position>9744</position><in_Quantity.quantity>0.000000</in_Quantity.quantity><out_Quantity.quantity>728.068846</out_Quantity.quantity></Point><Point><position>9745</position><in_Quantity.quantity>0.000000</in_Quantity.quantity><out_Quantity.quantity>706.438197</out_Quantity.quantity></Point><Point><position>9746</position><in_Quantity.quantity>0.000000</in_Quantity.quantity><out_Quantity.quantity>431.487911</out_Quantity.quantity></Point><Point><position>9747</position><in_Quantity.quantity>0.000000</in_Quantity.quantity><out_Quantity.quantity>607.550696</out_Quantity.quantity></Point><Point><position>9748</position><in_Quantity.quantity>0.000000</in_Quantity.quantity><out_Quantity.quantity>253.596163</out_Quantity.quantity></Point><Point><position>9749</position><in_Quantity.quantity>0.000000</in_Quantity.quantity><out_Quantity.quantity>372.382561</out_Quantity.quantity></Point><Point><position>9750</position><in_Quantity.quantity>0.000000</in_Quantity.quantity><out_Quantity.quantity>413.552004</out_Quantity.quantity></Point><Point><position>9751</position><in_Quantity.quantity>0.000000</in_Quantity.quantity><out_Quantity.quantity>277.152854</out_Quantity.quantity></Point><Point><position>9752</position><in_Quantity.quantity>0.000000</in_Quantity.quantity><out_Quantity.quantity>815.178727</out_Quantity.quantity></Point><Point><position>9753</position><in_Quantity.quantity>0.000000</in_Quantity.quantity><out_Quantity.quantity>638.712074</out_Quantity.quantity></Point><Point><position>9754</position><in_Quantity.quantity>0.000000</in_Quantity.quantity><out_Quantity.quantity>321.323524</out_Quantity.quantity></Point><Point><position>9755</position><in_Quantity.quantity>0.000000</in_Quantity.quantity><out_Quantity.quantity>579.201072</out_Quantity.quantity></Point><Point><position>9756</position><in_Quantity.quantity>0.000000</in_Quantity.quantity><out_Quantity.quantity>180.043309</out_Quantity.quantity></Point><Point><position>9757</position><in_Quantity.quantity>0.000000</in_Quantity.quantity><out_Quantity.quantity>520.103732</out_Quantity.quantity></Point><Point><position>9758</position><in_Quantity.quantity>0.000000</in_Quantity.quantity><out_Quantity.quantity>612.015844</out_Quantity.quantity></Point><Point><position>9759</position><in_Quantity.quantity>0.000000</in_Quantity.quantity><out_Quantity.quantity>743.304928</out_Quantity.quantity></Point><Point><position>9760</position><in_Quantity.quantity>0.000000</in_Quantity.quantity><out_Quantity.quantity>806.760924</out_Quantity.quantity></Point><Point><position>9761</position><in_Quantity.quantity>0.000000</in_Quantity.quantity><out_Quantity.quantity>694.487230</out_Quantity.quantity></Point><Point><position>9762</position><in_Quantity.quantity>0.000000</in_Quantity.quantity><out_Quantity.quantity>519.871259</out_Quantity.quantity></Point><Point><position>9763</position><in_Quantity.quantity>0.000000</in_Quantity.quantity><out_Quantity.quantity>442.505471</out_Quantity.quantity></Point><Point><position>9764</position><in_Quantity.quantity>0.000000</in_Quantity.quantity><out_Quantity.quantity>697.961711</out_Quantity.quantity></Point><Point><position>9765</position><in_Quantity.quantity>0.000000</in_Quantity.quantity><out_Quantity.quantity>929.548856</out_Quantity.quantity></Point><Point><position>9766</position><in_Quantity.quantity>0.000000</in_Quantity.quantity><out_Quantity.quantity>949.885191</out_Quantity.quantity></Point><Point><position>9767</position><in_Quantity.quantity>0.000000</in_Quantity.quantity><out_Quantity.quantity>980.049466</out_Quantity.quantity></Point><Point><position>9768</position><in_Quantity.quantity>0.000000</in_Quantity.quantity><out_Quantity.quantity>803.739498</out_Quantity.quantity></Point><Point><position>9769</position><in_Quantity.quantity>0.000000</in_Quantity.quantity><out_Quantity.quantity>111.579095</out_Quantity.quantity></Point><Point><position>9770</position><in_Quantity.quantity>0.000000</in_Quantity.quantity><out_Quantity.quantity>412.044371</out_Quantity.quantity></Point><Point><position>9771</position><in_Quantity.quantity>0.000000</in_Quantity.quantity><out_Quantity.quantity>296.806775</out_Quantity.quantity></Point><Point><position>9772</position><in_Quantity.quantity>0.000000</in_Quantity.quantity><out_Quantity.quantity>594.375004</out_Quantity.quantity></Point><Point><position>9773</position><in_Quantity.quantity>0.000000</in_Quantity.quantity><out_Quantity.quantity>752.759766</out_Quantity.quantity></Point><Point><position>9774</position><in_Quantity.quantity>0.000000</in_Quantity.quantity><out_Quantity.quantity>104.899054</out_Quantity.quantity></Point><Point><position>9775</position><in_Quantity.quantity>0.000000</in_Quantity.quantity><out_Quantity.quantity>711.223199</out_Quantity.quantity></Point><Point><position>9776</position><in_Quantity.quantity>0.000000</in_Quantity.quantity><out_Quantity.quantity>685.861379</out_Quantity.quantity></Point><Point><position>9777</position><in_Quantity.quantity>0.000000</in_Quantity.quantity><out_Quantity.quantity>934.461761</out_Quantity.quantity></Point><Point><position>9778</position><in_Quantity.quantity>0.000000</in_Quantity.quantity><out_Quantity.quantity>923.936623</out_Quantity.quantity></Point><Point><position>9779</position><in_Quantity.quantity>0.000000</in_Quantity.quantity><out_Quantity.quantity>233.589710</out_Quantity.quantity></Point><Point><position>9780</position><in_Quantity.quantity>0.000000</in_Quantity.quantity><out_Quantity.quantity>960.970391</out_Quantity.quantity></Point><Point><position>9781</position><in_Quantity.quantity>0.000000</in_Quantity.quantity><out_Quantity.quantity>997.254190</out_Quantity.quantity></Point><Point><position>9782</position><in_Quantity.quantity>0.000000</in_Quantity.quantity><out_Quantity.quantity>398.835040</out_Quantity.quantity></Point><Point><position>9783</position><in_Quantity.quantity>0.000000</in_Quantity.quantity><out_Quantity.quantity>20.107195</out_Quantity.quantity></Point><Point><position>9784</position><in_Quantity.quantity>0.000000</in_Quantity.quantity><out_Quantity.quantity>600.329954</out_Quantity.quantity></Point><Point><position>9785</position><in_Quantity.quantity>0.000000</in_Quantity.quantity><out_Quantity.quantity>861.344744</out_Quantity.quantity></Point><Point><position>9786</position><in_Quantity.quantity>0.000000</in_Quantity.quantity><out_Quantity.quantity>405.606739</out_Quantity.quantity></Point><Point><position>9787</position><in_Quantity.quantity>0.000000</in_Quantity.quantity><out_Quantity.quantity>188.060987</out_Quantity.quantity></Point><Point><position>9788</position><in_Quantity.quantity>0.000000</in_Quantity.quantity><out_Quantity.quantity>165.672725</out_Quantity.quantity></Point><Point><position>9789</position><in_Quantity.quantity>0.000000</in_Quantity.quantity><out_Quantity.quantity>242.224483</out_Quantity.quantity></Point><Point><position>9790</position><in_Quantity.quantity>0.000000</in_Quantity.quantity><out_Quantity.quantity>764.334011</out_Quantity.quantity></Point><Point><position>9791</position><in_Quantity.quantity>0.000000</in_Quantity.quantity><out_Quantity.quantity>537.918322</out_Quantity.quantity></Point><Point><position>9792</position><in_Quantity.quantity>0.000000</in_Quantity.quantity><out_Quantity.quantity>400.013261</out_Quantity.quantity></Point><Point><position>9793</position><in_Quantity.quantity>0.000000</in_Quantity.quantity><out_Quantity.quantity>605.418513</out_Quantity.quantity></Point><Point><position>9794</position><in_Quantity.quantity>0.000000</in_Quantity.quantity><out_Quantity.quantity>378.903529</out_Quantity.quantity></Point><Point><position>9795</position><in_Quantity.quantity>0.000000</in_Quantity.quantity><out_Quantity.quantity>774.368476</out_Quantity.quantity></Point><Point><position>9796</position><in_Quantity.quantity>0.000000</in_Quantity.quantity><out_Quantity.quantity>343.792840</out_Quantity.quantity></Point><Point><position>9797</position><in_Quantity.quantity>0.000000</in_Quantity.quantity><out_Quantity.quantity>693.035321</out_Quantity.quantity></Point><Point><position>9798</position><in_Quantity.quantity>0.000000</in_Quantity.quantity><out_Quantity.quantity>758.179010</out_Quantity.quantity></Point><Point><position>9799</position><in_Quantity.quantity>0.000000</in_Quantity.quantity><out_Quantity.quantity>108.691494</out_Quantity.quantity></Point><Point><position>9800</position><in_Quantity.quantity>0.000000</in_Quantity.quantity><out_Quantity.quantity>901.341907</out_Quantity.quantity></Point><Point><position>9801</position><in_Quantity.quantity>0.000000</in_Quantity.quantity><out_Quantity.quantity>421.118992</out_Quantity.quantity></Point><Point><position>9802</position><in_Quantity.quantity>0.000000</in_Quantity.quantity><out_Quantity.quantity>233.245499</out_Quantity.quantity></Point><Point><position>9803</position><in_Quantity.quantity>0.000000</in_Quantity.quantity><out_Quantity.quantity>888.942519</out_Quantity.quantity></Point><Point><position>9804</position><in_Quantity.quantity>0.000000</in_Quantity.quantity><out_Quantity.quantity>443.889094</out_Quantity.quantity></Point><Point><position>9805</position><in_Quantity.quantity>0.000000</in_Quantity.quantity><out_Quantity.quantity>843.403945</out_Quantity.quantity></Point><Point><position>9806</position><in_Quantity.quantity>0.000000</in_Quantity.quantity><out_Quantity.quantity>54.803814</out_Quantity.quantity></Point><Point><position>9807</position><in_Quantity.quantity>0.000000</in_Quantity.quantity><out_Quantity.quantity>560.959011</out_Quantity.quantity></Point><Point><position>9808</position><in_Quantity.quantity>0.000000</in_Quantity.quantity><out_Quantity.quantity>619.141021</out_Quantity.quantity></Point><Point><position>9809</position><in_Quantity.quantity>0.000000</in_Quantity.quantity><out_Quantity.quantity>261.196145</out_Quantity.quantity></Point><Point><position>9810</position><in_Quantity.quantity>0.000000</in_Quantity.quantity><out_Quantity.quantity>91.526697</out_Quantity.quantity></Point><Point><position>9811</position><in_Quantity.quantity>0.000000</in_Quantity.quantity><out_Quantity.quantity>21.773991</out_Quantity.quantity></Point><Point><position>9812</position><in_Quantity.quantity>0.000000</in_Quantity.quantity><out_Quantity.quantity>979.227678</out_Quantity.quantity></Point><Point><position>9813</position><in_Quantity.quantity>0.000000</in_Quantity.quantity><out_Quantity.quantity>394.539003</out_Quantity.quantity></Point><Point><position>9814</position><in_Quantity.quantity>0.000000</in_Quantity.quantity><out_Quantity.quantity>800.970976</out_Quantity.quantity></Point><Point><position>9815</position><in_Quantity.quantity>0.000000</in_Quantity.quantity><out_Quantity.quantity>347.229297</out_Quantity.quantity></Point><Point><position>9816</position><in_Quantity.quantity>0.000000</in_Quantity.quantity><out_Quantity.quantity>87.990484</out_Quantity.quantity></Point><Point><position>9817</position><in_Quantity.quantity>0.000000</in_Quantity.quantity><out_Quantity.quantity>719.534262</out_Quantity.quantity></Point><Point><position>9818</position><in_Quantity.quantity>0.000000</in_Quantity.quantity><out_Quantity.quantity>253.515631</out_Quantity.quantity></Point><Point><position>9819</position><in_Quantity.quantity>0.000000</in_Quantity.quantity><out_Quantity.quantity>383.989123</out_Quantity.quantity></Point><Point><position>9820</position><in_Quantity.quantity>0.000000</in_Quantity.quantity><out_Quantity.quantity>174.954942</out_Quantity.quantity></Point><Point><position>9821</position><in_Quantity.quantity>0.000000</in_Quantity.quantity><out_Quantity.quantity>602.176132</out_Quantity.quantity></Point><Point><position>9822</position><in_Quantity.quantity>0.000000</in_Quantity.quantity><out_Quantity.quantity>6.864478</out_Quantity.quantity></Point><Point><position>9823</position><in_Quantity.quantity>0.000000</in_Quantity.quantity><out_Quantity.quantity>377.031996</out_Quantity.quantity></Point><Point><position>9824</position><in_Quantity.quantity>0.000000</in_Quantity.quantity><out_Quantity.quantity>311.877120</out_Quantity.quantity></Point><Point><position>9825</position><in_Quantity.quantity>0.000000</in_Quantity.quantity><out_Quantity.quantity>502.119470</out_Quantity.quantity></Point><Point><position>9826</position><in_Quantity.quantity>0.000000</in_Quantity.quantity><out_Quantity.quantity>704.073838</out_Quantity.quantity></Point><Point><position>9827</position><in_Quantity.quantity>0.000000</in_Quantity.quantity><out_Quantity.quantity>193.287444</out_Quantity.quantity></Point><Point><position>9828</position><in_Quantity.quantity>0.000000</in_Quantity.quantity><out_Quantity.quantity>586.911974</out_Quantity.quantity></Point><Point><position>9829</position><in_Quantity.quantity>0.000000</in_Quantity.quantity><out_Quantity.quantity>384.374226</out_Quantity.quantity></Point><Point><position>9830</position><in_Quantity.quantity>0.000000</in_Quantity.quantity><out_Quantity.quantity>13.265383</out_Quantity.quantity></Point><Point><position>9831</position><in_Quantity.quantity>0.000000</in_Quantity.quantity><out_Quantity.quantity>720.109593</out_Quantity.quantity></Point><Point><position>9832</position><in_Quantity.quantity>0.000000</in_Quantity.quantity><out_Quantity.quantity>894.379584</out_Quantity.quantity></Point><Point><position>9833</position><in_Quantity.quantity>0.000000</in_Quantity.quantity><out_Quantity.quantity>491.819981</out_Quantity.quantity></Point><Point><position>9834</position><in_Quantity.quantity>0.000000</in_Quantity.quantity><out_Quantity.quantity>777.857749</out_Quantity.quantity></Point><Point><position>9835</position><in_Quantity.quantity>0.000000</in_Quantity.quantity><out_Quantity.quantity>366.037406</out_Quantity.quantity></Point><Point><position>9836</position><in_Quantity.quantity>0.000000</in_Quantity.quantity><out_Quantity.quantity>401.093877</out_Quantity.quantity></Point><Point><position>9837</position><in_Quantity.quantity>0.000000</in_Quantity.quantity><out_Quantity.quantity>185.226930</out_Quantity.quantity></Point><Point><position>9838</position><in_Quantity.quantity>0.000000</in_Quantity.quantity><out_Quantity.quantity>22.241633</out_Quantity.quantity></Point><Point><position>9839</position><in_Quantity.quantity>0.000000</in_Quantity.quantity><out_Quantity.quantity>754.950973</out_Quantity.quantity></Point><Point><position>9840</position><in_Quantity.quantity>0.000000</in_Quantity.quantity><out_Quantity.quantity>122.264271</out_Quantity.quantity></Point><Point><position>9841</position><in_Quantity.quantity>0.000000</in_Quantity.quantity><out_Quantity.quantity>880.908773</out_Quantity.quantity></Point><Point><position>9842</position><in_Quantity.quantity>0.000000</in_Quantity.quantity><out_Quantity.quantity>506.994876</out_Quantity.quantity></Point><Point><position>9843</position><in_Quantity.quantity>0.000000</in_Quantity.quantity><out_Quantity.quantity>1.370199</out_Quantity.quantity></Point><Point><position>9844</position><in_Quantity.quantity>0.000000</in_Quantity.quantity><out_Quantity.quantity>489.213629</out_Quantity.quantity></Point><Point><position>9845</position><in_Quantity.quantity>0.000000</in_Quantity.quantity><out_Quantity.quantity>31.482872</out_Quantity.quantity></Point><Point><position>9846</position><in_Quantity.quantity>0.000000</in_Quantity.quantity><out_Quantity.quantity>252.302188</out_Quantity.quantity></Point><Point><position>9847</position><in_Quantity.quantity>0.000000</in_Quantity.quantity><out_Quantity.quantity>43.297199</out_Quantity.quantity></Point><Point><position>9848</position><in_Quantity.quantity>0.000000</in_Quantity.quantity><out_Quantity.quantity>221.401489</out_Quantity.quantity></Point><Point><position>9849</position><in_Quantity.quantity>0.000000</in_Quantity.quantity><out_Quantity.quantity>611.605195</out_Quantity.quantity></Point><Point><position>9850</position><in_Quantity.quantity>0.000000</in_Quantity.quantity><out_Quantity.quantity>227.680523</out_Quantity.quantity></Point><Point><position>9851</position><in_Quantity.quantity>0.000000</in_Quantity.quantity><out_Quantity.quantity>303.802195</out_Quantity.quantity></Point><Point><position>9852</position><in_Quantity.quantity>0.000000</in_Quantity.quantity><out_Quantity.quantity>95.078211</out_Quantity.quantity></Point><Point><position>9853</position><in_Quantity.quantity>0.000000</in_Quantity.quantity><out_Quantity.quantity>866.015577</out_Quantity.quantity></Point><Point><position>9854</position><in_Quantity.quantity>0.000000</in_Quantity.quantity><out_Quantity.quantity>349.527439</out_Quantity.quantity></Point><Point><position>9855</position><in_Quantity.quantity>0.000000</in_Quantity.quantity><out_Quantity.quantity>504.161367</out_Quantity.quantity></Point><Point><position>9856</position><in_Quantity.quantity>0.000000</in_Quantity.quantity><out_Quantity.quantity>399.079354</out_Quantity.quantity></Point><Point><position>9857</position><in_Quantity.quantity>0.000000</in_Quantity.quantity><out_Quantity.quantity>784.242106</out_Quantity.quantity></Point><Point><position>9858</position><in_Quantity.quantity>0.000000</in_Quantity.quantity><out_Quantity.quantity>872.223512</out_Quantity.quantity></Point><Point><position>9859</position><in_Quantity.quantity>0.000000</in_Quantity.quantity><out_Quantity.quantity>330.792547</out_Quantity.quantity></Point><Point><position>9860</position><in_Quantity.quantity>0.000000</in_Quantity.quantity><out_Quantity.quantity>65.513525</out_Quantity.quantity></Point><Point><position>9861</position><in_Quantity.quantity>0.000000</in_Quantity.quantity><out_Quantity.quantity>38.692585</out_Quantity.quantity></Point><Point><position>9862</position><in_Quantity.quantity>0.000000</in_Quantity.quantity><out_Quantity.quantity>212.339080</out_Quantity.quantity></Point><Point><position>9863</position><in_Quantity.quantity>0.000000</in_Quantity.quantity><out_Quantity.quantity>397.410437</out_Quantity.quantity></Point><Point><position>9864</position><in_Quantity.quantity>0.000000</in_Quantity.quantity><out_Quantity.quantity>510.918534</out_Quantity.quantity></Point><Point><position>9865</position><in_Quantity.quantity>0.000000</in_Quantity.quantity><out_Quantity.quantity>481.458504</out_Quantity.quantity></Point><Point><position>9866</position><in_Quantity.quantity>0.000000</in_Quantity.quantity><out_Quantity.quantity>948.025345</out_Quantity.quantity></Point><Point><position>9867</position><in_Quantity.quantity>0.000000</in_Quantity.quantity><out_Quantity.quantity>915.519982</out_Quantity.quantity></Point><Point><position>9868</position><in_Quantity.quantity>0.000000</in_Quantity.quantity><out_Quantity.quantity>313.548003</out_Quantity.quantity></Point><Point><position>9869</position><in_Quantity.quantity>0.000000</in_Quantity.quantity><out_Quantity.quantity>309.002952</out_Quantity.quantity></Point><Point><position>9870</position><in_Quantity.quantity>0.000000</in_Quantity.quantity><out_Quantity.quantity>541.650892</out_Quantity.quantity></Point><Point><position>9871</position><in_Quantity.quantity>0.000000</in_Quantity.quantity><out_Quantity.quantity>120.779272</out_Quantity.quantity></Point><Point><position>9872</position><in_Quantity.quantity>0.000000</in_Quantity.quantity><out_Quantity.quantity>413.039622</out_Quantity.quantity></Point><Point><position>9873</position><in_Quantity.quantity>0.000000</in_Quantity.quantity><out_Quantity.quantity>295.009382</out_Quantity.quantity></Point><Point><position>9874</position><in_Quantity.quantity>0.000000</in_Quantity.quantity><out_Quantity.quantity>74.958322</out_Quantity.quantity></Point><Point><position>9875</position><in_Quantity.quantity>0.000000</in_Quantity.quantity><out_Quantity.quantity>346.941367</out_Quantity.quantity></Point><Point><position>9876</position><in_Quantity.quantity>0.000000</in_Quantity.quantity><out_Quantity.quantity>916.799441</out_Quantity.quantity></Point><Point><position>9877</position><in_Quantity.quantity>0.000000</in_Quantity.quantity><out_Quantity.quantity>141.224866</out_Quantity.quantity></Point><Point><position>9878</position><in_Quantity.quantity>0.000000</in_Quantity.quantity><out_Quantity.quantity>580.009404</out_Quantity.quantity></Point><Point><position>9879</position><in_Quantity.quantity>0.000000</in_Quantity.quantity><out_Quantity.quantity>844.811858</out_Quantity.quantity></Point><Point><position>9880</position><in_Quantity.quantity>0.000000</in_Quantity.quantity><out_Quantity.quantity>89.491162</out_Quantity.quantity></Point><Point><position>9881</position><in_Quantity.quantity>0.000000</in_Quantity.quantity><out_Quantity.quantity>447.695141</out_Quantity.quantity></Point><Point><position>9882</position><in_Quantity.quantity>0.000000</in_Quantity.quantity><out_Quantity.quantity>917.733553</out_Quantity.quantity></Point><Point><position>9883</position><in_Quantity.quantity>0.000000</in_Quantity.quantity><out_Quantity.quantity>90.803448</out_Quantity.quantity></Point><Point><position>9884</position><in_Quantity.quantity>0.000000</in_Quantity.quantity><out_Quantity.quantity>80.714870</out_Quantity.quantity></Point><Point><position>9885</position><in_Quantity.quantity>0.000000</in_Quantity.quantity><out_Quantity.quantity>804.459982</out_Quantity.quantity></Point><Point><position>9886</position><in_Quantity.quantity>0.000000</in_Quantity.quantity><out_Quantity.quantity>796.623940</out_Quantity.quantity></Point><Point><position>9887</position><in_Quantity.quantity>0.000000</in_Quantity.quantity><out_Quantity.quantity>347.966162</out_Quantity.quantity></Point><Point><position>9888</position><in_Quantity.quantity>0.000000</in_Quantity.quantity><out_Quantity.quantity>685.986529</out_Quantity.quantity></Point><Point><position>9889</position><in_Quantity.quantity>0.000000</in_Quantity.quantity><out_Quantity.quantity>412.356804</out_Quantity.quantity></Point><Point><position>9890</position><in_Quantity.quantity>0.000000</in_Quantity.quantity><out_Quantity.quantity>228.461254</out_Quantity.quantity></Point><Point><position>9891</position><in_Quantity.quantity>0.000000</in_Quantity.quantity><out_Quantity.quantity>253.096706</out_Quantity.quantity></Point><Point><position>9892</position><in_Quantity.quantity>0.000000</in_Quantity.quantity><out_Quantity.quantity>819.288757</out_Quantity.quantity></Point><Point><position>9893</position><in_Quantity.quantity>0.000000</in_Quantity.quantity><out_Quantity.quantity>329.497916</out_Quantity.quantity></Point><Point><position>9894</position><in_Quantity.quantity>0.000000</in_Quantity.quantity><out_Quantity.quantity>256.990215</out_Quantity.quantity></Point><Point><position>9895</position><in_Quantity.quantity>0.000000</in_Quantity.quantity><out_Quantity.quantity>666.658332</out_Quantity.quantity></Point><Point><position>9896</position><in_Quantity.quantity>0.000000</in_Quantity.quantity><out_Quantity.quantity>164.859175</out_Quantity.quantity></Point><Point><position>9897</position><in_Quantity.quantity>0.000000</in_Quantity.quantity><out_Quantity.quantity>191.036629</out_Quantity.quantity></Point><Point><position>9898</position><in_Quantity.quantity>0.000000</in_Quantity.quantity><out_Quantity.quantity>282.110633</out_Quantity.quantity></Point><Point><position>9899</position><in_Quantity.quantity>0.000000</in_Quantity.quantity><out_Quantity.quantity>85.909011</out_Quantity.quantity></Point><Point><position>9900</position><in_Quantity.quantity>0.000000</in_Quantity.quantity><out_Quantity.quantity>933.835855</out_Quantity.quantity></Point><Point><position>9901</position><in_Quantity.quantity>0.000000</in_Quantity.quantity><out_Quantity.quantity>657.720249</out_Quantity.quantity></Point><Point><position>9902</position><in_Quantity.quantity>0.000000</in_Quantity.quantity><out_Quantity.quantity>907.655640</out_Quantity.quantity></Point><Point><position>9903</position><in_Quantity.quantity>0.000000</in_Quantity.quantity><out_Quantity.quantity>200.823783</out_Quantity.quantity></Point><Point><position>9904</position><in_Quantity.quantity>0.000000</in_Quantity.quantity><out_Quantity.quantity>549.283370</out_Quantity.quantity></Point><Point><position>9905</position><in_Quantity.quantity>0.000000</in_Quantity.quantity><out_Quantity.quantity>687.173307</out_Quantity.quantity></Point><Point><position>9906</position><in_Quantity.quantity>0.000000</in_Quantity.quantity><out_Quantity.quantity>34.848811</out_Quantity.quantity></Point><Point><position>9907</position><in_Quantity.quantity>0.000000</in_Quantity.quantity><out_Quantity.quantity>516.956453</out_Quantity.quantity></Point><Point><position>9908</position><in_Quantity.quantity>0.000000</in_Quantity.quantity><out_Quantity.quantity>392.869064</out_Quantity.quantity></Point><Point><position>9909</position><in_Quantity.quantity>0.000000</in_Quantity.quantity><out_Quantity.quantity>268.364020</out_Quantity.quantity></Point><Point><position>9910</position><in_Quantity.quantity>0.000000</in_Quantity.quantity><out_Quantity.quantity>6.785501</out_Quantity.quantity></Point><Point><position>9911</position><in_Quantity.quantity>0.000000</in_Quantity.quantity><out_Quantity.quantity>96.185381</out_Quantity.quantity></Point><Point><position>9912</position><in_Quantity.quantity>0.000000</in_Quantity.quantity><out_Quantity.quantity>379.287688</out_Quantity.quantity></Point><Point><position>9913</position><in_Quantity.quantity>0.000000</in_Quantity.quantity><out_Quantity.quantity>800.239678</out_Quantity.quantity></Point><Point><position>9914</position><in_Quantity.quantity>0.000000</in_Quantity.quantity><out_Quantity.quantity>471.283617</out_Quantity.quantity></Point><Point><position>9915</position><in_Quantity.quantity>0.000000</in_Quantity.quantity><out_Quantity.quantity>664.176899</out_Quantity.quantity></Point><Point><position>9916</position><in_Quantity.quantity>0.000000</in_Quantity.quantity><out_Quantity.quantity>919.147516</out_Quantity.quantity></Point><Point><position>9917</position><in_Quantity.quantity>0.000000</in_Quantity.quantity><out_Quantity.quantity>665.277442</out_Quantity.quantity></Point><Point><position>9918</position><in_Quantity.quantity>0.000000</in_Quantity.quantity><out_Quantity.quantity>521.606373</out_Quantity.quantity></Point><Point><position>9919</position><in_Quantity.quantity>0.000000</in_Quantity.quantity><out_Quantity.quantity>486.593142</out_Quantity.quantity></Point><Point><position>9920</position><in_Quantity.quantity>0.000000</in_Quantity.quantity><out_Quantity.quantity>136.406757</out_Quantity.quantity></Point><Point><position>9921</position><in_Quantity.quantity>0.000000</in_Quantity.quantity><out_Quantity.quantity>946.891146</out_Quantity.quantity></Point><Point><position>9922</position><in_Quantity.quantity>0.000000</in_Quantity.quantity><out_Quantity.quantity>182.532066</out_Quantity.quantity></Point><Point><position>9923</position><in_Quantity.quantity>0.000000</in_Quantity.quantity><out_Quantity.quantity>530.568521</out_Quantity.quantity></Point><Point><position>9924</position><in_Quantity.quantity>0.000000</in_Quantity.quantity><out_Quantity.quantity>677.030762</out_Quantity.quantity></Point><Point><position>9925</position><in_Quantity.quantity>0.000000</in_Quantity.quantity><out_Quantity.quantity>670.294305</out_Quantity.quantity></Point><Point><position>9926</position><in_Quantity.quantity>0.000000</in_Quantity.quantity><out_Quantity.quantity>983.534282</out_Quantity.quantity></Point><Point><position>9927</position><in_Quantity.quantity>0.000000</in_Quantity.quantity><out_Quantity.quantity>580.060979</out_Quantity.quantity></Point><Point><position>9928</position><in_Quantity.quantity>0.000000</in_Quantity.quantity><out_Quantity.quantity>993.875953</out_Quantity.quantity></Point><Point><position>9929</position><in_Quantity.quantity>0.000000</in_Quantity.quantity><out_Quantity.quantity>344.332012</out_Quantity.quantity></Point><Point><position>9930</position><in_Quantity.quantity>0.000000</in_Quantity.quantity><out_Quantity.quantity>370.083812</out_Quantity.quantity></Point><Point><position>9931</position><in_Quantity.quantity>0.000000</in_Quantity.quantity><out_Quantity.quantity>311.663218</out_Quantity.quantity></Point><Point><position>9932</position><in_Quantity.quantity>0.000000</in_Quantity.quantity><out_Quantity.quantity>647.999104</out_Quantity.quantity></Point><Point><position>9933</position><in_Quantity.quantity>0.000000</in_Quantity.quantity><out_Quantity.quantity>273.147371</out_Quantity.quantity></Point><Point><position>9934</position><in_Quantity.quantity>0.000000</in_Quantity.quantity><out_Quantity.quantity>522.268098</out_Quantity.quantity></Point><Point><position>9935</position><in_Quantity.quantity>0.000000</in_Quantity.quantity><out_Quantity.quantity>807.377348</out_Quantity.quantity></Point><Point><position>9936</position><in_Quantity.quantity>0.000000</in_Quantity.quantity><out_Quantity.quantity>530.670906</out_Quantity.quantity></Point><Point><position>9937</position><in_Quantity.quantity>0.000000</in_Quantity.quantity><out_Quantity.quantity>418.041945</out_Quantity.quantity></Point><Point><position>9938</position><in_Quantity.quantity>0.000000</in_Quantity.quantity><out_Quantity.quantity>684.324557</out_Quantity.quantity></Point><Point><position>9939</position><in_Quantity.quantity>0.000000</in_Quantity.quantity><out_Quantity.quantity>188.946172</out_Quantity.quantity></Point><Point><position>9940</position><in_Quantity.quantity>0.000000</in_Quantity.quantity><out_Quantity.quantity>574.443867</out_Quantity.quantity></Point><Point><position>9941</position><in_Quantity.quantity>0.000000</in_Quantity.quantity><out_Quantity.quantity>657.848360</out_Quantity.quantity></Point><Point><position>9942</position><in_Quantity.quantity>0.000000</in_Quantity.quantity><out_Quantity.quantity>634.896853</out_Quantity.quantity></Point><Point><position>9943</position><in_Quantity.quantity>0.000000</in_Quantity.quantity><out_Quantity.quantity>292.239826</out_Quantity.quantity></Point><Point><position>9944</position><in_Quantity.quantity>0.000000</in_Quantity.quantity><out_Quantity.quantity>599.187622</out_Quantity.quantity></Point><Point><position>9945</position><in_Quantity.quantity>0.000000</in_Quantity.quantity><out_Quantity.quantity>502.631846</out_Quantity.quantity></Point><Point><position>9946</position><in_Quantity.quantity>0.000000</in_Quantity.quantity><out_Quantity.quantity>840.504382</out_Quantity.quantity></Point><Point><position>9947</position><in_Quantity.quantity>0.000000</in_Quantity.quantity><out_Quantity.quantity>840.138665</out_Quantity.quantity></Point><Point><position>9948</position><in_Quantity.quantity>0.000000</in_Quantity.quantity><out_Quantity.quantity>184.438584</out_Quantity.quantity></Point><Point><position>9949</position><in_Quantity.quantity>0.000000</in_Quantity.quantity><out_Quantity.quantity>313.151530</out_Quantity.quantity></Point><Point><position>9950</position><in_Quantity.quantity>0.000000</in_Quantity.quantity><out_Quantity.quantity>308.414172</out_Quantity.quantity></Point><Point><position>9951</position><in_Quantity.quantity>0.000000</in_Quantity.quantity><out_Quantity.quantity>796.494817</out_Quantity.quantity></Point><Point><position>9952</position><in_Quantity.quantity>0.000000</in_Quantity.quantity><out_Quantity.quantity>35.778605</out_Quantity.quantity></Point><Point><position>9953</position><in_Quantity.quantity>0.000000</in_Quantity.quantity><out_Quantity.quantity>616.302540</out_Quantity.quantity></Point><Point><position>9954</position><in_Quantity.quantity>0.000000</in_Quantity.quantity><out_Quantity.quantity>358.393349</out_Quantity.quantity></Point><Point><position>9955</position><in_Quantity.quantity>0.000000</in_Quantity.quantity><out_Quantity.quantity>464.270955</out_Quantity.quantity></Point><Point><position>9956</position><in_Quantity.quantity>0.000000</in_Quantity.quantity><out_Quantity.quantity>702.620203</out_Quantity.quantity></Point><Point><position>9957</position><in_Quantity.quantity>0.000000</in_Quantity.quantity><out_Quantity.quantity>631.017721</out_Quantity.quantity></Point><Point><position>9958</position><in_Quantity.quantity>0.000000</in_Quantity.quantity><out_Quantity.quantity>938.635172</out_Quantity.quantity></Point><Point><position>9959</position><in_Quantity.quantity>0.000000</in_Quantity.quantity><out_Quantity.quantity>34.125550</out_Quantity.quantity></Point><Point><position>9960</position><in_Quantity.quantity>0.000000</in_Quantity.quantity><out_Quantity.quantity>194.628616</out_Quantity.quantity></Point><Point><position>9961</position><in_Quantity.quantity>0.000000</in_Quantity.quantity><out_Quantity.quantity>984.526789</out_Quantity.quantity></Point><Point><position>9962</position><in_Quantity.quantity>0.000000</in_Quantity.quantity><out_Quantity.quantity>708.372483</out_Quantity.quantity></Point><Point><position>9963</position><in_Quantity.quantity>0.000000</in_Quantity.quantity><out_Quantity.quantity>138.224917</out_Quantity.quantity></Point><Point><position>9964</position><in_Quantity.quantity>0.000000</in_Quantity.quantity><out_Quantity.quantity>134.219793</out_Quantity.quantity></Point><Point><position>9965</position><in_Quantity.quantity>0.000000</in_Quantity.quantity><out_Quantity.quantity>298.474412</out_Quantity.quantity></Point><Point><position>9966</position><in_Quantity.quantity>0.000000</in_Quantity.quantity><out_Quantity.quantity>358.795031</out_Quantity.quantity></Point><Point><position>9967</position><in_Quantity.quantity>0.000000</in_Quantity.quantity><out_Quantity.quantity>667.901900</out_Quantity.quantity></Point><Point><position>9968</position><in_Quantity.quantity>0.000000</in_Quantity.quantity><out_Quantity.quantity>140.902499</out_Quantity.quantity></Point><Point><position>9969</position><in_Quantity.quantity>0.000000</in_Quantity.quantity><out_Quantity.quantity>22.629313</out_Quantity.quantity></Point><Point><position>9970</position><in_Quantity.quantity>0.000000</in_Quantity.quantity><out_Quantity.quantity>459.399433</out_Quantity.quantity></Point><Point><position>9971</position><in_Quantity.quantity>0.000000</in_Quantity.quantity><out_Quantity.quantity>371.810125</out_Quantity.quantity></Point><Point><position>9972</position><in_Quantity.quantity>0.000000</in_Quantity.quantity><out_Quantity.quantity>796.879575</out_Quantity.quantity></Point><Point><position>9973</position><in_Quantity.quantity>0.000000</in_Quantity.quantity><out_Quantity.quantity>86.160271</out_Quantity.quantity></Point><Point><position>9974</position><in_Quantity.quantity>0.000000</in_Quantity.quantity><out_Quantity.quantity>694.681887</out_Quantity.quantity></Point><Point><position>9975</position><in_Quantity.quantity>0.000000</in_Quantity.quantity><out_Quantity.quantity>814.037037</out_Quantity.quantity></Point><Point><position>9976</position><in_Quantity.quantity>0.000000</in_Quantity.quantity><out_Quantity.quantity>116.114709</out_Quantity.quantity></Point><Point><position>9977</position><in_Quantity.quantity>0.000000</in_Quantity.quantity><out_Quantity.quantity>389.241865</out_Quantity.quantity></Point><Point><position>9978</position><in_Quantity.quantity>0.000000</in_Quantity.quantity><out_Quantity.quantity>959.484250</out_Quantity.quantity></Point><Point><position>9979</position><in_Quantity.quantity>0.000000</in_Quantity.quantity><out_Quantity.quantity>71.262694</out_Quantity.quantity></Point><Point><position>9980</position><in_Quantity.quantity>0.000000</in_Quantity.quantity><out_Quantity.quantity>256.764450</out_Quantity.quantity></Point><Point><position>9981</position><in_Quantity.quantity>0.000000</in_Quantity.quantity><out_Quantity.quantity>686.526614</out_Quantity.quantity></Point><Point><position>9982</position><in_Quantity.quantity>0.000000</in_Quantity.quantity><out_Quantity.quantity>178.524823</out_Quantity.quantity></Point><Point><position>9983</position><in_Quantity.quantity>0.000000</in_Quantity.quantity><out_Quantity.quantity>152.473089</out_Quantity.quantity></Point><Point><position>9984</position><in_Quantity.quantity>0.000000</in_Quantity.quantity><out_Quantity.quantity>399.741833</out_Quantity.quantity></Point><Point><position>9985</position><in_Quantity.quantity>0.000000</in_Quantity.quantity><out_Quantity.quantity>817.837262</out_Quantity.quantity></Point><Point><position>9986</position><in_Quantity.quantity>0.000000</in_Quantity.quantity><out_Quantity.quantity>768.291657</out_Quantity.quantity></Point><Point><position>9987</position><in_Quantity.quantity>0.000000</in_Quantity.quantity><out_Quantity.quantity>157.517471</out_Quantity.quantity></Point><Point><position>9988</position><in_Quantity.quantity>0.000000</in_Quantity.quantity><out_Quantity.quantity>940.606012</out_Quantity.quantity></Point><Point><position>9989</position><in_Quantity.quantity>0.000000</in_Quantity.quantity><out_Quantity.quantity>677.226401</out_Quantity.quantity></Point><Point><position>9990</position><in_Quantity.quantity>0.000000</in_Quantity.quantity><out_Quantity.quantity>481.479194</out_Quantity.quantity></Point><Point><position>9991</position><in_Quantity.quantity>0.000000</in_Quantity.quantity><out_Quantity.quantity>32.459704</out_Quantity.quantity></Point><Point><position>9992</position><in_Quantity.quantity>0.000000</in_Quantity.quantity><out_Quantity.quantity>875.784755</out_Quantity.quantity></Point><Point><position>9993</position><in_Quantity.quantity>0.000000</in_Quantity.quantity><out_Quantity.quantity>848.464491</out_Quantity.quantity></Point><Point><position>9994</position><in_Quantity.quantity>0.000000</in_Quantity.quantity><out_Quantity.quantity>410.699401</out_Quantity.quantity></Point><Point><position>9995</position><in_Quantity.quantity>0.000000</in_Quantity.quantity><out_Quantity.quantity>696.317996</out_Quantity.quantity></Point><Point><position>9996</position><in_Quantity.quantity>0.000000</in_Quantity.quantity><out_Quantity.quantity>627.153217</out_Quantity.quantity></Point><Point><position>9997</position><in_Quantity.quantity>0.000000</in_Quantity.quantity><out_Quantity.quantity>470.026480</out_Quantity.quantity></Point><Point><position>9998</position><in_Quantity.quantity>0.000000</in_Quantity.quantity><out_Quantity.quantity>218.247069</out_Quantity.quantity></Point><Point><position>9999</position><in_Quantity.quantity>0.000000</in_Quantity.quantity><out_Quantity.quantity>463.574717</out_Quantity.quantity></Point><Point><position>10000</position><in_Quantity.quantity>0.000000</in_Quantity.quantity><out_Quantity.quantity>330.800455</out_Quantity.quantity></Point><Point><position>10001</position><in_Quantity.quantity>0.000000</in_Quantity.quantity><out_Quantity.quantity>593.095201</out_Quantity.quantity></Point><Point><position>10002</position><in_Quantity.quantity>0.000000</in_Quantity.quantity><out_Quantity.quantity>956.842696</out_Quantity.quantity></Point><Point><position>10003</position><in_Quantity.quantity>0.000000</in_Quantity.quantity><out_Quantity.quantity>227.204303</out_Quantity.quantity></Point><Point><position>10004</position><in_Quantity.quantity>0.000000</in_Quantity.quantity><out_Quantity.quantity>54.083530</out_Quantity.quantity></Point><Point><position>10005</position><in_Quantity.quantity>0.000000</in_Quantity.quantity><out_Quantity.quantity>823.791006</out_Quantity.quantity></Point><Point><position>10006</position><in_Quantity.quantity>0.000000</in_Quantity.quantity><out_Quantity.quantity>661.530839</out_Quantity.quantity></Point><Point><position>10007</position><in_Quantity.quantity>0.000000</in_Quantity.quantity><out_Quantity.quantity>519.709971</out_Quantity.quantity></Point><Point><position>10008</position><in_Quantity.quantity>0.000000</in_Quantity.quantity><out_Quantity.quantity>601.526605</out_Quantity.quantity></Point><Point><position>10009</position><in_Quantity.quantity>0.000000</in_Quantity.quantity><out_Quantity.quantity>408.693495</out_Quantity.quantity></Point><Point><position>10010</position><in_Quantity.quantity>0.000000</in_Quantity.quantity><out_Quantity.quantity>865.182557</out_Quantity.quantity></Point><Point><position>10011</position><in_Quantity.quantity>0.000000</in_Quantity.quantity><out_Quantity.quantity>444.947698</out_Quantity.quantity></Point><Point><position>10012</position><in_Quantity.quantity>0.000000</in_Quantity.quantity><out_Quantity.quantity>879.629760</out_Quantity.quantity></Point><Point><position>10013</position><in_Quantity.quantity>0.000000</in_Quantity.quantity><out_Quantity.quantity>879.171374</out_Quantity.quantity></Point><Point><position>10014</position><in_Quantity.quantity>0.000000</in_Quantity.quantity><out_Quantity.quantity>623.318797</out_Quantity.quantity></Point><Point><position>10015</position><in_Quantity.quantity>0.000000</in_Quantity.quantity><out_Quantity.quantity>738.628205</out_Quantity.quantity></Point><Point><position>10016</position><in_Quantity.quantity>0.000000</in_Quantity.quantity><out_Quantity.quantity>758.035719</out_Quantity.quantity></Point><Point><position>10017</position><in_Quantity.quantity>0.000000</in_Quantity.quantity><out_Quantity.quantity>341.849186</out_Quantity.quantity></Point><Point><position>10018</position><in_Quantity.quantity>0.000000</in_Quantity.quantity><out_Quantity.quantity>684.224629</out_Quantity.quantity></Point><Point><position>10019</position><in_Quantity.quantity>0.000000</in_Quantity.quantity><out_Quantity.quantity>904.937418</out_Quantity.quantity></Point><Point><position>10020</position><in_Quantity.quantity>0.000000</in_Quantity.quantity><out_Quantity.quantity>422.685438</out_Quantity.quantity></Point><Point><position>10021</position><in_Quantity.quantity>0.000000</in_Quantity.quantity><out_Quantity.quantity>316.202168</out_Quantity.quantity></Point><Point><position>10022</position><in_Quantity.quantity>0.000000</in_Quantity.quantity><out_Quantity.quantity>821.729610</out_Quantity.quantity></Point><Point><position>10023</position><in_Quantity.quantity>0.000000</in_Quantity.quantity><out_Quantity.quantity>120.326523</out_Quantity.quantity></Point><Point><position>10024</position><in_Quantity.quantity>0.000000</in_Quantity.quantity><out_Quantity.quantity>74.592643</out_Quantity.quantity></Point><Point><position>10025</position><in_Quantity.quantity>0.000000</in_Quantity.quantity><out_Quantity.quantity>932.347047</out_Quantity.quantity></Point><Point><position>10026</position><in_Quantity.quantity>0.000000</in_Quantity.quantity><out_Quantity.quantity>712.191956</out_Quantity.quantity></Point><Point><position>10027</position><in_Quantity.quantity>0.000000</in_Quantity.quantity><out_Quantity.quantity>832.402554</out_Quantity.quantity></Point><Point><position>10028</position><in_Quantity.quantity>0.000000</in_Quantity.quantity><out_Quantity.quantity>502.801218</out_Quantity.quantity></Point><Point><position>10029</position><in_Quantity.quantity>0.000000</in_Quantity.quantity><out_Quantity.quantity>81.037400</out_Quantity.quantity></Point><Point><position>10030</position><in_Quantity.quantity>0.000000</in_Quantity.quantity><out_Quantity.quantity>239.643518</out_Quantity.quantity></Point><Point><position>10031</position><in_Quantity.quantity>0.000000</in_Quantity.quantity><out_Quantity.quantity>895.528713</out_Quantity.quantity></Point><Point><position>10032</position><in_Quantity.quantity>0.000000</in_Quantity.quantity><out_Quantity.quantity>419.929402</out_Quantity.quantity></Point><Point><position>10033</position><in_Quantity.quantity>0.000000</in_Quantity.quantity><out_Quantity.quantity>168.328057</out_Quantity.quantity></Point><Point><position>10034</position><in_Quantity.quantity>0.000000</in_Quantity.quantity><out_Quantity.quantity>811.467453</out_Quantity.quantity></Point><Point><position>10035</position><in_Quantity.quantity>0.000000</in_Quantity.quantity><out_Quantity.quantity>766.466181</out_Quantity.quantity></Point><Point><position>10036</position><in_Quantity.quantity>0.000000</in_Quantity.quantity><out_Quantity.quantity>127.324731</out_Quantity.quantity></Point><Point><position>10037</position><in_Quantity.quantity>0.000000</in_Quantity.quantity><out_Quantity.quantity>707.752791</out_Quantity.quantity></Point><Point><position>10038</position><in_Quantity.quantity>0.000000</in_Quantity.quantity><out_Quantity.quantity>952.311036</out_Quantity.quantity></Point><Point><position>10039</position><in_Quantity.quantity>0.000000</in_Quantity.quantity><out_Quantity.quantity>467.808013</out_Quantity.quantity></Point><Point><position>10040</position><in_Quantity.quantity>0.000000</in_Quantity.quantity><out_Quantity.quantity>827.569599</out_Quantity.quantity></Point><Point><position>10041</position><in_Quantity.quantity>0.000000</in_Quantity.quantity><out_Quantity.quantity>349.392509</out_Quantity.quantity></Point><Point><position>10042</position><in_Quantity.quantity>0.000000</in_Quantity.quantity><out_Quantity.quantity>226.896156</out_Quantity.quantity></Point><Point><position>10043</position><in_Quantity.quantity>0.000000</in_Quantity.quantity><out_Quantity.quantity>333.693178</out_Quantity.quantity></Point><Point><position>10044</position><in_Quantity.quantity>0.000000</in_Quantity.quantity><out_Quantity.quantity>502.748307</out_Quantity.quantity></Point><Point><position>10045</position><in_Quantity.quantity>0.000000</in_Quantity.quantity><out_Quantity.quantity>878.496028</out_Quantity.quantity></Point><Point><position>10046</position><in_Quantity.quantity>0.000000</in_Quantity.quantity><out_Quantity.quantity>138.282314</out_Quantity.quantity></Point><Point><position>10047</position><in_Quantity.quantity>0.000000</in_Quantity.quantity><out_Quantity.quantity>434.323055</out_Quantity.quantity></Point><Point><position>10048</position><in_Quantity.quantity>0.000000</in_Quantity.quantity><out_Quantity.quantity>613.023158</out_Quantity.quantity></Point><Point><position>10049</position><in_Quantity.quantity>0.000000</in_Quantity.quantity><out_Quantity.quantity>724.411602</out_Quantity.quantity></Point><Point><position>10050</position><in_Quantity.quantity>0.000000</in_Quantity.quantity><out_Quantity.quantity>319.375913</out_Quantity.quantity></Point><Point><position>10051</position><in_Quantity.quantity>0.000000</in_Quantity.quantity><out_Quantity.quantity>267.096817</out_Quantity.quantity></Point><Point><position>10052</position><in_Quantity.quantity>0.000000</in_Quantity.quantity><out_Quantity.quantity>872.993664</out_Quantity.quantity></Point><Point><position>10053</position><in_Quantity.quantity>0.000000</in_Quantity.quantity><out_Quantity.quantity>920.974119</out_Quantity.quantity></Point><Point><position>10054</position><in_Quantity.quantity>0.000000</in_Quantity.quantity><out_Quantity.quantity>46.487180</out_Quantity.quantity></Point><Point><position>10055</position><in_Quantity.quantity>0.000000</in_Quantity.quantity><out_Quantity.quantity>129.483761</out_Quantity.quantity></Point><Point><position>10056</position><in_Quantity.quantity>0.000000</in_Quantity.quantity><out_Quantity.quantity>178.797004</out_Quantity.quantity></Point><Point><position>10057</position><in_Quantity.quantity>0.000000</in_Quantity.quantity><out_Quantity.quantity>213.018173</out_Quantity.quantity></Point><Point><position>10058</position><in_Quantity.quantity>0.000000</in_Quantity.quantity><out_Quantity.quantity>925.903621</out_Quantity.quantity></Point><Point><position>10059</position><in_Quantity.quantity>0.000000</in_Quantity.quantity><out_Quantity.quantity>139.509087</out_Quantity.quantity></Point><Point><position>10060</position><in_Quantity.quantity>0.000000</in_Quantity.quantity><out_Quantity.quantity>991.375878</out_Quantity.quantity></Point><Point><position>10061</position><in_Quantity.quantity>0.000000</in_Quantity.quantity><out_Quantity.quantity>758.006550</out_Quantity.quantity></Point><Point><position>10062</position><in_Quantity.quantity>0.000000</in_Quantity.quantity><out_Quantity.quantity>31.999099</out_Quantity.quantity></Point><Point><position>10063</position><in_Quantity.quantity>0.000000</in_Quantity.quantity><out_Quantity.quantity>496.600123</out_Quantity.quantity></Point><Point><position>10064</position><in_Quantity.quantity>0.000000</in_Quantity.quantity><out_Quantity.quantity>308.366366</out_Quantity.quantity></Point><Point><position>10065</position><in_Quantity.quantity>0.000000</in_Quantity.quantity><out_Quantity.quantity>143.996617</out_Quantity.quantity></Point><Point><position>10066</position><in_Quantity.quantity>0.000000</in_Quantity.quantity><out_Quantity.quantity>69.164521</out_Quantity.quantity></Point><Point><position>10067</position><in_Quantity.quantity>0.000000</in_Quantity.quantity><out_Quantity.quantity>216.704696</out_Quantity.quantity></Point><Point><position>10068</position><in_Quantity.quantity>0.000000</in_Quantity.quantity><out_Quantity.quantity>690.489514</out_Quantity.quantity></Point><Point><position>10069</position><in_Quantity.quantity>0.000000</in_Quantity.quantity><out_Quantity.quantity>552.950851</out_Quantity.quantity></Point><Point><position>10070</position><in_Quantity.quantity>0.000000</in_Quantity.quantity><out_Quantity.quantity>574.575135</out_Quantity.quantity></Point><Point><position>10071</position><in_Quantity.quantity>0.000000</in_Quantity.quantity><out_Quantity.quantity>281.331745</out_Quantity.quantity></Point><Point><position>10072</position><in_Quantity.quantity>0.000000</in_Quantity.quantity><out_Quantity.quantity>247.254300</out_Quantity.quantity></Point><Point><position>10073</position><in_Quantity.quantity>0.000000</in_Quantity.quantity><out_Quantity.quantity>409.619703</out_Quantity.quantity></Point><Point><position>10074</position><in_Quantity.quantity>0.000000</in_Quantity.quantity><out_Quantity.quantity>215.973085</out_Quantity.quantity></Point><Point><position>10075</position><in_Quantity.quantity>0.000000</in_Quantity.quantity><out_Quantity.quantity>375.639794</out_Quantity.quantity></Point><Point><position>10076</position><in_Quantity.quantity>0.000000</in_Quantity.quantity><out_Quantity.quantity>682.249511</out_Quantity.quantity></Point><Point><position>10077</position><in_Quantity.quantity>0.000000</in_Quantity.quantity><out_Quantity.quantity>684.527609</out_Quantity.quantity></Point><Point><position>10078</position><in_Quantity.quantity>0.000000</in_Quantity.quantity><out_Quantity.quantity>633.409696</out_Quantity.quantity></Point><Point><position>10079</position><in_Quantity.quantity>0.000000</in_Quantity.quantity><out_Quantity.quantity>903.188830</out_Quantity.quantity></Point><Point><position>10080</position><in_Quantity.quantity>0.000000</in_Quantity.quantity><out_Quantity.quantity>472.695312</out_Quantity.quantity></Point><Point><position>10081</position><in_Quantity.quantity>0.000000</in_Quantity.quantity><out_Quantity.quantity>833.623943</out_Quantity.quantity></Point><Point><position>10082</position><in_Quantity.quantity>0.000000</in_Quantity.quantity><out_Quantity.quantity>80.290311</out_Quantity.quantity></Point><Point><position>10083</position><in_Quantity.quantity>0.000000</in_Quantity.quantity><out_Quantity.quantity>416.327242</out_Quantity.quantity></Point><Point><position>10084</position><in_Quantity.quantity>0.000000</in_Quantity.quantity><out_Quantity.quantity>289.569859</out_Quantity.quantity></Point><Point><position>10085</position><in_Quantity.quantity>0.000000</in_Quantity.quantity><out_Quantity.quantity>623.401913</out_Quantity.quantity></Point><Point><position>10086</position><in_Quantity.quantity>0.000000</in_Quantity.quantity><out_Quantity.quantity>50.074953</out_Quantity.quantity></Point><Point><position>10087</position><in_Quantity.quantity>0.000000</in_Quantity.quantity><out_Quantity.quantity>94.898680</out_Quantity.quantity></Point><Point><position>10088</position><in_Quantity.quantity>0.000000</in_Quantity.quantity><out_Quantity.quantity>574.895651</out_Quantity.quantity></Point><Point><position>10089</position><in_Quantity.quantity>0.000000</in_Quantity.quantity><out_Quantity.quantity>770.734165</out_Quantity.quantity></Point><Point><position>10090</position><in_Quantity.quantity>0.000000</in_Quantity.quantity><out_Quantity.quantity>670.271942</out_Quantity.quantity></Point><Point><position>10091</position><in_Quantity.quantity>0.000000</in_Quantity.quantity><out_Quantity.quantity>725.461432</out_Quantity.quantity></Point><Point><position>10092</position><in_Quantity.quantity>0.000000</in_Quantity.quantity><out_Quantity.quantity>793.251113</out_Quantity.quantity></Point><Point><position>10093</position><in_Quantity.quantity>0.000000</in_Quantity.quantity><out_Quantity.quantity>172.331843</out_Quantity.quantity></Point><Point><position>10094</position><in_Quantity.quantity>0.000000</in_Quantity.quantity><out_Quantity.quantity>250.615208</out_Quantity.quantity></Point><Point><position>10095</position><in_Quantity.quantity>0.000000</in_Quantity.quantity><out_Quantity.quantity>938.079247</out_Quantity.quantity></Point><Point><position>10096</position><in_Quantity.quantity>0.000000</in_Quantity.quantity><out_Quantity.quantity>292.294576</out_Quantity.quantity></Point><Point><position>10097</position><in_Quantity.quantity>0.000000</in_Quantity.quantity><out_Quantity.quantity>85.470244</out_Quantity.quantity></Point><Point><position>10098</position><in_Quantity.quantity>0.000000</in_Quantity.quantity><out_Quantity.quantity>856.503461</out_Quantity.quantity></Point><Point><position>10099</position><in_Quantity.quantity>0.000000</in_Quantity.quantity><out_Quantity.quantity>177.155184</out_Quantity.quantity></Point><Point><position>10100</position><in_Quantity.quantity>0.000000</in_Quantity.quantity><out_Quantity.quantity>454.610816</out_Quantity.quantity></Point><Point><position>10101</position><in_Quantity.quantity>0.000000</in_Quantity.quantity><out_Quantity.quantity>84.698642</out_Quantity.quantity></Point><Point><position>10102</position><in_Quantity.quantity>0.000000</in_Quantity.quantity><out_Quantity.quantity>127.755771</out_Quantity.quantity></Point><Point><position>10103</position><in_Quantity.quantity>0.000000</in_Quantity.quantity><out_Quantity.quantity>589.446887</out_Quantity.quantity></Point><Point><position>10104</position><in_Quantity.quantity>0.000000</in_Quantity.quantity><out_Quantity.quantity>537.496594</out_Quantity.quantity></Point><Point><position>10105</position><in_Quantity.quantity>0.000000</in_Quantity.quantity><out_Quantity.quantity>904.169854</out_Quantity.quantity></Point><Point><position>10106</position><in_Quantity.quantity>0.000000</in_Quantity.quantity><out_Quantity.quantity>959.501005</out_Quantity.quantity></Point><Point><position>10107</position><in_Quantity.quantity>0.000000</in_Quantity.quantity><out_Quantity.quantity>366.826031</out_Quantity.quantity></Point><Point><position>10108</position><in_Quantity.quantity>0.000000</in_Quantity.quantity><out_Quantity.quantity>7.112769</out_Quantity.quantity></Point><Point><position>10109</position><in_Quantity.quantity>0.000000</in_Quantity.quantity><out_Quantity.quantity>164.160579</out_Quantity.quantity></Point><Point><position>10110</position><in_Quantity.quantity>0.000000</in_Quantity.quantity><out_Quantity.quantity>239.332020</out_Quantity.quantity></Point><Point><position>10111</position><in_Quantity.quantity>0.000000</in_Quantity.quantity><out_Quantity.quantity>637.854786</out_Quantity.quantity></Point><Point><position>10112</position><in_Quantity.quantity>0.000000</in_Quantity.quantity><out_Quantity.quantity>327.799429</out_Quantity.quantity></Point><Point><position>10113</position><in_Quantity.quantity>0.000000</in_Quantity.quantity><out_Quantity.quantity>686.778820</out_Quantity.quantity></Point><Point><position>10114</position><in_Quantity.quantity>0.000000</in_Quantity.quantity><out_Quantity.quantity>384.897434</out_Quantity.quantity></Point><Point><position>10115</position><in_Quantity.quantity>0.000000</in_Quantity.quantity><out_Quantity.quantity>204.983889</out_Quantity.quantity></Point><Point><position>10116</position><in_Quantity.quantity>0.000000</in_Quantity.quantity><out_Quantity.quantity>759.685235</out_Quantity.quantity></Point><Point><position>10117</position><in_Quantity.quantity>0.000000</in_Quantity.quantity><out_Quantity.quantity>205.265752</out_Quantity.quantity></Point><Point><position>10118</position><in_Quantity.quantity>0.000000</in_Quantity.quantity><out_Quantity.quantity>367.934391</out_Quantity.quantity></Point><Point><position>10119</position><in_Quantity.quantity>0.000000</in_Quantity.quantity><out_Quantity.quantity>28.575775</out_Quantity.quantity></Point><Point><position>10120</position><in_Quantity.quantity>0.000000</in_Quantity.quantity><out_Quantity.quantity>973.564857</out_Quantity.quantity></Point><Point><position>10121</position><in_Quantity.quantity>0.000000</in_Quantity.quantity><out_Quantity.quantity>720.451734</out_Quantity.quantity></Point><Point><position>10122</position><in_Quantity.quantity>0.000000</in_Quantity.quantity><out_Quantity.quantity>945.652736</out_Quantity.quantity></Point><Point><position>10123</position><in_Quantity.quantity>0.000000</in_Quantity.quantity><out_Quantity.quantity>716.853617</out_Quantity.quantity></Point><Point><position>10124</position><in_Quantity.quantity>0.000000</in_Quantity.quantity><out_Quantity.quantity>463.656553</out_Quantity.quantity></Point><Point><position>10125</position><in_Quantity.quantity>0.000000</in_Quantity.quantity><out_Quantity.quantity>995.630110</out_Quantity.quantity></Point><Point><position>10126</position><in_Quantity.quantity>0.000000</in_Quantity.quantity><out_Quantity.quantity>640.123102</out_Quantity.quantity></Point><Point><position>10127</position><in_Quantity.quantity>0.000000</in_Quantity.quantity><out_Quantity.quantity>573.556689</out_Quantity.quantity></Point><Point><position>10128</position><in_Quantity.quantity>0.000000</in_Quantity.quantity><out_Quantity.quantity>322.185232</out_Quantity.quantity></Point><Point><position>10129</position><in_Quantity.quantity>0.000000</in_Quantity.quantity><out_Quantity.quantity>508.178723</out_Quantity.quantity></Point><Point><position>10130</position><in_Quantity.quantity>0.000000</in_Quantity.quantity><out_Quantity.quantity>454.780330</out_Quantity.quantity></Point><Point><position>10131</position><in_Quantity.quantity>0.000000</in_Quantity.quantity><out_Quantity.quantity>383.233292</out_Quantity.quantity></Point><Point><position>10132</position><in_Quantity.quantity>0.000000</in_Quantity.quantity><out_Quantity.quantity>798.489623</out_Quantity.quantity></Point><Point><position>10133</position><in_Quantity.quantity>0.000000</in_Quantity.quantity><out_Quantity.quantity>714.602762</out_Quantity.quantity></Point><Point><position>10134</position><in_Quantity.quantity>0.000000</in_Quantity.quantity><out_Quantity.quantity>74.163470</out_Quantity.quantity></Point><Point><position>10135</position><in_Quantity.quantity>0.000000</in_Quantity.quantity><out_Quantity.quantity>827.579443</out_Quantity.quantity></Point><Point><position>10136</position><in_Quantity.quantity>0.000000</in_Quantity.quantity><out_Quantity.quantity>839.723670</out_Quantity.quantity></Point><Point><position>10137</position><in_Quantity.quantity>0.000000</in_Quantity.quantity><out_Quantity.quantity>67.063182</out_Quantity.quantity></Point><Point><position>10138</position><in_Quantity.quantity>0.000000</in_Quantity.quantity><out_Quantity.quantity>736.547526</out_Quantity.quantity></Point><Point><position>10139</position><in_Quantity.quantity>0.000000</in_Quantity.quantity><out_Quantity.quantity>683.063384</out_Quantity.quantity></Point><Point><position>10140</position><in_Quantity.quantity>0.000000</in_Quantity.quantity><out_Quantity.quantity>650.427477</out_Quantity.quantity></Point><Point><position>10141</position><in_Quantity.quantity>0.000000</in_Quantity.quantity><out_Quantity.quantity>341.277957</out_Quantity.quantity></Point><Point><position>10142</position><in_Quantity.quantity>0.000000</in_Quantity.quantity><out_Quantity.quantity>684.295604</out_Quantity.quantity></Point><Point><position>10143</position><in_Quantity.quantity>0.000000</in_Quantity.quantity><out_Quantity.quantity>635.368827</out_Quantity.quantity></Point><Point><position>10144</position><in_Quantity.quantity>0.000000</in_Quantity.quantity><out_Quantity.quantity>570.735143</out_Quantity.quantity></Point><Point><position>10145</position><in_Quantity.quantity>0.000000</in_Quantity.quantity><out_Quantity.quantity>4.436624</out_Quantity.quantity></Point><Point><position>10146</position><in_Quantity.quantity>0.000000</in_Quantity.quantity><out_Quantity.quantity>123.250803</out_Quantity.quantity></Point><Point><position>10147</position><in_Quantity.quantity>0.000000</in_Quantity.quantity><out_Quantity.quantity>117.856719</out_Quantity.quantity></Point><Point><position>10148</position><in_Quantity.quantity>0.000000</in_Quantity.quantity><out_Quantity.quantity>687.860947</out_Quantity.quantity></Point><Point><position>10149</position><in_Quantity.quantity>0.000000</in_Quantity.quantity><out_Quantity.quantity>760.609559</out_Quantity.quantity></Point><Point><position>10150</position><in_Quantity.quantity>0.000000</in_Quantity.quantity><out_Quantity.quantity>554.237817</out_Quantity.quantity></Point><Point><position>10151</position><in_Quantity.quantity>0.000000</in_Quantity.quantity><out_Quantity.quantity>643.481269</out_Quantity.quantity></Point><Point><position>10152</position><in_Quantity.quantity>0.000000</in_Quantity.quantity><out_Quantity.quantity>399.395321</out_Quantity.quantity></Point><Point><position>10153</position><in_Quantity.quantity>0.000000</in_Quantity.quantity><out_Quantity.quantity>302.820450</out_Quantity.quantity></Point><Point><position>10154</position><in_Quantity.quantity>0.000000</in_Quantity.quantity><out_Quantity.quantity>459.541918</out_Quantity.quantity></Point><Point><position>10155</position><in_Quantity.quantity>0.000000</in_Quantity.quantity><out_Quantity.quantity>619.720867</out_Quantity.quantity></Point><Point><position>10156</position><in_Quantity.quantity>0.000000</in_Quantity.quantity><out_Quantity.quantity>500.106630</out_Quantity.quantity></Point><Point><position>10157</position><in_Quantity.quantity>0.000000</in_Quantity.quantity><out_Quantity.quantity>124.559220</out_Quantity.quantity></Point><Point><position>10158</position><in_Quantity.quantity>0.000000</in_Quantity.quantity><out_Quantity.quantity>322.074798</out_Quantity.quantity></Point><Point><position>10159</position><in_Quantity.quantity>0.000000</in_Quantity.quantity><out_Quantity.quantity>64.157376</out_Quantity.quantity></Point><Point><position>10160</position><in_Quantity.quantity>0.000000</in_Quantity.quantity><out_Quantity.quantity>205.499418</out_Quantity.quantity></Point><Point><position>10161</position><in_Quantity.quantity>0.000000</in_Quantity.quantity><out_Quantity.quantity>969.779425</out_Quantity.quantity></Point><Point><position>10162</position><in_Quantity.quantity>0.000000</in_Quantity.quantity><out_Quantity.quantity>484.306306</out_Quantity.quantity></Point><Point><position>10163</position><in_Quantity.quantity>0.000000</in_Quantity.quantity><out_Quantity.quantity>994.456891</out_Quantity.quantity></Point><Point><position>10164</position><in_Quantity.quantity>0.000000</in_Quantity.quantity><out_Quantity.quantity>922.004681</out_Quantity.quantity></Point><Point><position>10165</position><in_Quantity.quantity>0.000000</in_Quantity.quantity><out_Quantity.quantity>52.763912</out_Quantity.quantity></Point><Point><position>10166</position><in_Quantity.quantity>0.000000</in_Quantity.quantity><out_Quantity.quantity>890.364432</out_Quantity.quantity></Point><Point><position>10167</position><in_Quantity.quantity>0.000000</in_Quantity.quantity><out_Quantity.quantity>864.392257</out_Quantity.quantity></Point><Point><position>10168</position><in_Quantity.quantity>0.000000</in_Quantity.quantity><out_Quantity.quantity>255.265290</out_Quantity.quantity></Point><Point><position>10169</position><in_Quantity.quantity>0.000000</in_Quantity.quantity><out_Quantity.quantity>922.434118</out_Quantity.quantity></Point><Point><position>10170</position><in_Quantity.quantity>0.000000</in_Quantity.quantity><out_Quantity.quantity>794.828702</out_Quantity.quantity></Point><Point><position>10171</position><in_Quantity.quantity>0.000000</in_Quantity.quantity><out_Quantity.quantity>296.976729</out_Quantity.quantity></Point><Point><position>10172</position><in_Quantity.quantity>0.000000</in_Quantity.quantity><out_Quantity.quantity>882.701894</out_Quantity.quantity></Point><Point><position>10173</position><in_Quantity.quantity>0.000000</in_Quantity.quantity><out_Quantity.quantity>99.373963</out_Quantity.quantity></Point><Point><position>10174</position><in_Quantity.quantity>0.000000</in_Quantity.quantity><out_Quantity.quantity>601.333607</out_Quantity.quantity></Point><Point><position>10175</position><in_Quantity.quantity>0.000000</in_Quantity.quantity><out_Quantity.quantity>924.194035</out_Quantity.quantity></Point><Point><position>10176</position><in_Quantity.quantity>0.000000</in_Quantity.quantity><out_Quantity.quantity>811.106861</out_Quantity.quantity></Point><Point><position>10177</position><in_Quantity.quantity>0.000000</in_Quantity.quantity><out_Quantity.quantity>16.988350</out_Quantity.quantity></Point><Point><position>10178</position><in_Quantity.quantity>0.000000</in_Quantity.quantity><out_Quantity.quantity>688.677829</out_Quantity.quantity></Point><Point><position>10179</position><in_Quantity.quantity>0.000000</in_Quantity.quantity><out_Quantity.quantity>449.165391</out_Quantity.quantity></Point><Point><position>10180</position><in_Quantity.quantity>0.000000</in_Quantity.quantity><out_Quantity.quantity>256.382477</out_Quantity.quantity></Point><Point><position>10181</position><in_Quantity.quantity>0.000000</in_Quantity.quantity><out_Quantity.quantity>962.021998</out_Quantity.quantity></Point><Point><position>10182</position><in_Quantity.quantity>0.000000</in_Quantity.quantity><out_Quantity.quantity>454.484482</out_Quantity.quantity></Point><Point><position>10183</position><in_Quantity.quantity>0.000000</in_Quantity.quantity><out_Quantity.quantity>300.007835</out_Quantity.quantity></Point><Point><position>10184</position><in_Quantity.quantity>0.000000</in_Quantity.quantity><out_Quantity.quantity>702.876928</out_Quantity.quantity></Point><Point><position>10185</position><in_Quantity.quantity>0.000000</in_Quantity.quantity><out_Quantity.quantity>403.084643</out_Quantity.quantity></Point><Point><position>10186</position><in_Quantity.quantity>0.000000</in_Quantity.quantity><out_Quantity.quantity>132.613969</out_Quantity.quantity></Point><Point><position>10187</position><in_Quantity.quantity>0.000000</in_Quantity.quantity><out_Quantity.quantity>363.771888</out_Quantity.quantity></Point><Point><position>10188</position><in_Quantity.quantity>0.000000</in_Quantity.quantity><out_Quantity.quantity>478.670871</out_Quantity.quantity></Point><Point><position>10189</position><in_Quantity.quantity>0.000000</in_Quantity.quantity><out_Quantity.quantity>806.784057</out_Quantity.quantity></Point><Point><position>10190</position><in_Quantity.quantity>0.000000</in_Quantity.quantity><out_Quantity.quantity>919.602259</out_Quantity.quantity></Point><Point><position>10191</position><in_Quantity.quantity>0.000000</in_Quantity.quantity><out_Quantity.quantity>527.012563</out_Quantity.quantity></Point><Point><position>10192</position><in_Quantity.quantity>0.000000</in_Quantity.quantity><out_Quantity.quantity>154.015454</out_Quantity.quantity></Point><Point><position>10193</position><in_Quantity.quantity>0.000000</in_Quantity.quantity><out_Quantity.quantity>665.824383</out_Quantity.quantity></Point><Point><position>10194</position><in_Quantity.quantity>0.000000</in_Quantity.quantity><out_Quantity.quantity>79.196860</out_Quantity.quantity></Point><Point><position>10195</position><in_Quantity.quantity>0.000000</in_Quantity.quantity><out_Quantity.quantity>438.854449</out_Quantity.quantity></Point><Point><position>10196</position><in_Quantity.quantity>0.000000</in_Quantity.quantity><out_Quantity.quantity>5.814259</out_Quantity.quantity></Point><Point><position>10197</position><in_Quantity.quantity>0.000000</in_Quantity.quantity><out_Quantity.quantity>13.200481</out_Quantity.quantity></Point><Point><position>10198</position><in_Quantity.quantity>0.000000</in_Quantity.quantity><out_Quantity.quantity>557.468343</out_Quantity.quantity></Point><Point><position>10199</position><in_Quantity.quantity>0.000000</in_Quantity.quantity><out_Quantity.quantity>646.063935</out_Quantity.quantity></Point><Point><position>10200</position><in_Quantity.quantity>0.000000</in_Quantity.quantity><out_Quantity.quantity>878.436466</out_Quantity.quantity></Point><Point><position>10201</position><in_Quantity.quantity>0.000000</in_Quantity.quantity><out_Quantity.quantity>291.228512</out_Quantity.quantity></Point><Point><position>10202</position><in_Quantity.quantity>0.000000</in_Quantity.quantity><out_Quantity.quantity>776.984219</out_Quantity.quantity></Point><Point><position>10203</position><in_Quantity.quantity>0.000000</in_Quantity.quantity><out_Quantity.quantity>575.447010</out_Quantity.quantity></Point><Point><position>10204</position><in_Quantity.quantity>0.000000</in_Quantity.quantity><out_Quantity.quantity>419.810625</out_Quantity.quantity></Point><Point><position>10205</position><in_Quantity.quantity>0.000000</in_Quantity.quantity><out_Quantity.quantity>122.362820</out_Quantity.quantity></Point><Point><position>10206</position><in_Quantity.quantity>0.000000</in_Quantity.quantity><out_Quantity.quantity>135.455515</out_Quantity.quantity></Point><Point><position>10207</position><in_Quantity.quantity>0.000000</in_Quantity.quantity><out_Quantity.quantity>191.233507</out_Quantity.quantity></Point><Point><position>10208</position><in_Quantity.quantity>0.000000</in_Quantity.quantity><out_Quantity.quantity>742.705989</out_Quantity.quantity></Point><Point><position>10209</position><in_Quantity.quantity>0.000000</in_Quantity.quantity><out_Quantity.quantity>956.210185</out_Quantity.quantity></Point><Point><position>10210</position><in_Quantity.quantity>0.000000</in_Quantity.quantity><out_Quantity.quantity>237.579350</out_Quantity.quantity></Point><Point><position>10211</position><in_Quantity.quantity>0.000000</in_Quantity.quantity><out_Quantity.quantity>689.609105</out_Quantity.quantity></Point><Point><position>10212</position><in_Quantity.quantity>0.000000</in_Quantity.quantity><out_Quantity.quantity>289.585230</out_Quantity.quantity></Point><Point><position>10213</position><in_Quantity.quantity>0.000000</in_Quantity.quantity><out_Quantity.quantity>305.648390</out_Quantity.quantity></Point><Point><position>10214</position><in_Quantity.quantity>0.000000</in_Quantity.quantity><out_Quantity.quantity>365.863896</out_Quantity.quantity></Point><Point><position>10215</position><in_Quantity.quantity>0.000000</in_Quantity.quantity><out_Quantity.quantity>702.529039</out_Quantity.quantity></Point><Point><position>10216</position><in_Quantity.quantity>0.000000</in_Quantity.quantity><out_Quantity.quantity>417.896565</out_Quantity.quantity></Point><Point><position>10217</position><in_Quantity.quantity>0.000000</in_Quantity.quantity><out_Quantity.quantity>612.271710</out_Quantity.quantity></Point><Point><position>10218</position><in_Quantity.quantity>0.000000</in_Quantity.quantity><out_Quantity.quantity>652.261864</out_Quantity.quantity></Point><Point><position>10219</position><in_Quantity.quantity>0.000000</in_Quantity.quantity><out_Quantity.quantity>136.475979</out_Quantity.quantity></Point><Point><position>10220</position><in_Quantity.quantity>0.000000</in_Quantity.quantity><out_Quantity.quantity>571.810170</out_Quantity.quantity></Point><Point><position>10221</position><in_Quantity.quantity>0.000000</in_Quantity.quantity><out_Quantity.quantity>412.383195</out_Quantity.quantity></Point><Point><position>10222</position><in_Quantity.quantity>0.000000</in_Quantity.quantity><out_Quantity.quantity>952.502080</out_Quantity.quantity></Point><Point><position>10223</position><in_Quantity.quantity>0.000000</in_Quantity.quantity><out_Quantity.quantity>10.555819</out_Quantity.quantity></Point><Point><position>10224</position><in_Quantity.quantity>0.000000</in_Quantity.quantity><out_Quantity.quantity>925.384725</out_Quantity.quantity></Point><Point><position>10225</position><in_Quantity.quantity>0.000000</in_Quantity.quantity><out_Quantity.quantity>339.626149</out_Quantity.quantity></Point><Point><position>10226</position><in_Quantity.quantity>0.000000</in_Quantity.quantity><out_Quantity.quantity>967.511865</out_Quantity.quantity></Point><Point><position>10227</position><in_Quantity.quantity>0.000000</in_Quantity.quantity><out_Quantity.quantity>92.313208</out_Quantity.quantity></Point><Point><position>10228</position><in_Quantity.quantity>0.000000</in_Quantity.quantity><out_Quantity.quantity>135.275279</out_Quantity.quantity></Point><Point><position>10229</position><in_Quantity.quantity>0.000000</in_Quantity.quantity><out_Quantity.quantity>995.638604</out_Quantity.quantity></Point><Point><position>10230</position><in_Quantity.quantity>0.000000</in_Quantity.quantity><out_Quantity.quantity>283.064325</out_Quantity.quantity></Point><Point><position>10231</position><in_Quantity.quantity>0.000000</in_Quantity.quantity><out_Quantity.quantity>900.633881</out_Quantity.quantity></Point><Point><position>10232</position><in_Quantity.quantity>0.000000</in_Quantity.quantity><out_Quantity.quantity>227.345639</out_Quantity.quantity></Point><Point><position>10233</position><in_Quantity.quantity>0.000000</in_Quantity.quantity><out_Quantity.quantity>354.340092</out_Quantity.quantity></Point><Point><position>10234</position><in_Quantity.quantity>0.000000</in_Quantity.quantity><out_Quantity.quantity>755.269905</out_Quantity.quantity></Point><Point><position>10235</position><in_Quantity.quantity>0.000000</in_Quantity.quantity><out_Quantity.quantity>968.652760</out_Quantity.quantity></Point><Point><position>10236</position><in_Quantity.quantity>0.000000</in_Quantity.quantity><out_Quantity.quantity>742.923742</out_Quantity.quantity></Point><Point><position>10237</position><in_Quantity.quantity>0.000000</in_Quantity.quantity><out_Quantity.quantity>952.302149</out_Quantity.quantity></Point><Point><position>10238</position><in_Quantity.quantity>0.000000</in_Quantity.quantity><out_Quantity.quantity>916.007571</out_Quantity.quantity></Point><Point><position>10239</position><in_Quantity.quantity>0.000000</in_Quantity.quantity><out_Quantity.quantity>188.824494</out_Quantity.quantity></Point><Point><position>10240</position><in_Quantity.quantity>0.000000</in_Quantity.quantity><out_Quantity.quantity>662.456155</out_Quantity.quantity></Point><Point><position>10241</position><in_Quantity.quantity>0.000000</in_Quantity.quantity><out_Quantity.quantity>792.183983</out_Quantity.quantity></Point><Point><position>10242</position><in_Quantity.quantity>0.000000</in_Quantity.quantity><out_Quantity.quantity>673.716905</out_Quantity.quantity></Point><Point><position>10243</position><in_Quantity.quantity>0.000000</in_Quantity.quantity><out_Quantity.quantity>19.072025</out_Quantity.quantity></Point><Point><position>10244</position><in_Quantity.quantity>0.000000</in_Quantity.quantity><out_Quantity.quantity>31.221075</out_Quantity.quantity></Point><Point><position>10245</position><in_Quantity.quantity>0.000000</in_Quantity.quantity><out_Quantity.quantity>627.508471</out_Quantity.quantity></Point><Point><position>10246</position><in_Quantity.quantity>0.000000</in_Quantity.quantity><out_Quantity.quantity>123.626954</out_Quantity.quantity></Point><Point><position>10247</position><in_Quantity.quantity>0.000000</in_Quantity.quantity><out_Quantity.quantity>899.349566</out_Quantity.quantity></Point><Point><position>10248</position><in_Quantity.quantity>0.000000</in_Quantity.quantity><out_Quantity.quantity>125.346504</out_Quantity.quantity></Point><Point><position>10249</position><in_Quantity.quantity>0.000000</in_Quantity.quantity><out_Quantity.quantity>93.295780</out_Quantity.quantity></Point><Point><position>10250</position><in_Quantity.quantity>0.000000</in_Quantity.quantity><out_Quantity.quantity>297.787772</out_Quantity.quantity></Point><Point><position>10251</position><in_Quantity.quantity>0.000000</in_Quantity.quantity><out_Quantity.quantity>683.121621</out_Quantity.quantity></Point><Point><position>10252</position><in_Quantity.quantity>0.000000</in_Quantity.quantity><out_Quantity.quantity>813.292988</out_Quantity.quantity></Point><Point><position>10253</position><in_Quantity.quantity>0.000000</in_Quantity.quantity><out_Quantity.quantity>595.122337</out_Quantity.quantity></Point><Point><position>10254</position><in_Quantity.quantity>0.000000</in_Quantity.quantity><out_Quantity.quantity>518.780497</out_Quantity.quantity></Point><Point><position>10255</position><in_Quantity.quantity>0.000000</in_Quantity.quantity><out_Quantity.quantity>123.237451</out_Quantity.quantity></Point><Point><position>10256</position><in_Quantity.quantity>0.000000</in_Quantity.quantity><out_Quantity.quantity>418.162000</out_Quantity.quantity></Point><Point><position>10257</position><in_Quantity.quantity>0.000000</in_Quantity.quantity><out_Quantity.quantity>515.350952</out_Quantity.quantity></Point><Point><position>10258</position><in_Quantity.quantity>0.000000</in_Quantity.quantity><out_Quantity.quantity>539.728265</out_Quantity.quantity></Point><Point><position>10259</position><in_Quantity.quantity>0.000000</in_Quantity.quantity><out_Quantity.quantity>167.636246</out_Quantity.quantity></Point><Point><position>10260</position><in_Quantity.quantity>0.000000</in_Quantity.quantity><out_Quantity.quantity>139.242311</out_Quantity.quantity></Point><Point><position>10261</position><in_Quantity.quantity>0.000000</in_Quantity.quantity><out_Quantity.quantity>711.643664</out_Quantity.quantity></Point><Point><position>10262</position><in_Quantity.quantity>0.000000</in_Quantity.quantity><out_Quantity.quantity>678.304480</out_Quantity.quantity></Point><Point><position>10263</position><in_Quantity.quantity>0.000000</in_Quantity.quantity><out_Quantity.quantity>76.307262</out_Quantity.quantity></Point><Point><position>10264</position><in_Quantity.quantity>0.000000</in_Quantity.quantity><out_Quantity.quantity>996.278962</out_Quantity.quantity></Point><Point><position>10265</position><in_Quantity.quantity>0.000000</in_Quantity.quantity><out_Quantity.quantity>640.801200</out_Quantity.quantity></Point><Point><position>10266</position><in_Quantity.quantity>0.000000</in_Quantity.quantity><out_Quantity.quantity>141.678470</out_Quantity.quantity></Point><Point><position>10267</position><in_Quantity.quantity>0.000000</in_Quantity.quantity><out_Quantity.quantity>820.015392</out_Quantity.quantity></Point><Point><position>10268</position><in_Quantity.quantity>0.000000</in_Quantity.quantity><out_Quantity.quantity>486.982468</out_Quantity.quantity></Point><Point><position>10269</position><in_Quantity.quantity>0.000000</in_Quantity.quantity><out_Quantity.quantity>767.901860</out_Quantity.quantity></Point><Point><position>10270</position><in_Quantity.quantity>0.000000</in_Quantity.quantity><out_Quantity.quantity>611.477000</out_Quantity.quantity></Point><Point><position>10271</position><in_Quantity.quantity>0.000000</in_Quantity.quantity><out_Quantity.quantity>539.279894</out_Quantity.quantity></Point><Point><position>10272</position><in_Quantity.quantity>0.000000</in_Quantity.quantity><out_Quantity.quantity>832.529559</out_Quantity.quantity></Point><Point><position>10273</position><in_Quantity.quantity>0.000000</in_Quantity.quantity><out_Quantity.quantity>915.492062</out_Quantity.quantity></Point><Point><position>10274</position><in_Quantity.quantity>0.000000</in_Quantity.quantity><out_Quantity.quantity>822.832553</out_Quantity.quantity></Point><Point><position>10275</position><in_Quantity.quantity>0.000000</in_Quantity.quantity><out_Quantity.quantity>605.720498</out_Quantity.quantity></Point><Point><position>10276</position><in_Quantity.quantity>0.000000</in_Quantity.quantity><out_Quantity.quantity>28.992461</out_Quantity.quantity></Point><Point><position>10277</position><in_Quantity.quantity>0.000000</in_Quantity.quantity><out_Quantity.quantity>97.937594</out_Quantity.quantity></Point><Point><position>10278</position><in_Quantity.quantity>0.000000</in_Quantity.quantity><out_Quantity.quantity>887.985410</out_Quantity.quantity></Point><Point><position>10279</position><in_Quantity.quantity>0.000000</in_Quantity.quantity><out_Quantity.quantity>432.263117</out_Quantity.quantity></Point><Point><position>10280</position><in_Quantity.quantity>0.000000</in_Quantity.quantity><out_Quantity.quantity>736.859318</out_Quantity.quantity></Point><Point><position>10281</position><in_Quantity.quantity>0.000000</in_Quantity.quantity><out_Quantity.quantity>849.163412</out_Quantity.quantity></Point><Point><position>10282</position><in_Quantity.quantity>0.000000</in_Quantity.quantity><out_Quantity.quantity>418.496748</out_Quantity.quantity></Point><Point><position>10283</position><in_Quantity.quantity>0.000000</in_Quantity.quantity><out_Quantity.quantity>620.752363</out_Quantity.quantity></Point><Point><position>10284</position><in_Quantity.quantity>0.000000</in_Quantity.quantity><out_Quantity.quantity>747.535429</out_Quantity.quantity></Point><Point><position>10285</position><in_Quantity.quantity>0.000000</in_Quantity.quantity><out_Quantity.quantity>414.679369</out_Quantity.quantity></Point><Point><position>10286</position><in_Quantity.quantity>0.000000</in_Quantity.quantity><out_Quantity.quantity>71.623402</out_Quantity.quantity></Point><Point><position>10287</position><in_Quantity.quantity>0.000000</in_Quantity.quantity><out_Quantity.quantity>827.429855</out_Quantity.quantity></Point><Point><position>10288</position><in_Quantity.quantity>0.000000</in_Quantity.quantity><out_Quantity.quantity>991.098580</out_Quantity.quantity></Point><Point><position>10289</position><in_Quantity.quantity>0.000000</in_Quantity.quantity><out_Quantity.quantity>867.126856</out_Quantity.quantity></Point><Point><position>10290</position><in_Quantity.quantity>0.000000</in_Quantity.quantity><out_Quantity.quantity>54.430794</out_Quantity.quantity></Point><Point><position>10291</position><in_Quantity.quantity>0.000000</in_Quantity.quantity><out_Quantity.quantity>77.464999</out_Quantity.quantity></Point><Point><position>10292</position><in_Quantity.quantity>0.000000</in_Quantity.quantity><out_Quantity.quantity>487.693043</out_Quantity.quantity></Point><Point><position>10293</position><in_Quantity.quantity>0.000000</in_Quantity.quantity><out_Quantity.quantity>338.419014</out_Quantity.quantity></Point><Point><position>10294</position><in_Quantity.quantity>0.000000</in_Quantity.quantity><out_Quantity.quantity>55.831258</out_Quantity.quantity></Point><Point><position>10295</position><in_Quantity.quantity>0.000000</in_Quantity.quantity><out_Quantity.quantity>711.475778</out_Quantity.quantity></Point><Point><position>10296</position><in_Quantity.quantity>0.000000</in_Quantity.quantity><out_Quantity.quantity>345.190604</out_Quantity.quantity></Point><Point><position>10297</position><in_Quantity.quantity>0.000000</in_Quantity.quantity><out_Quantity.quantity>494.525254</out_Quantity.quantity></Point><Point><position>10298</position><in_Quantity.quantity>0.000000</in_Quantity.quantity><out_Quantity.quantity>20.613514</out_Quantity.quantity></Point><Point><position>10299</position><in_Quantity.quantity>0.000000</in_Quantity.quantity><out_Quantity.quantity>524.134635</out_Quantity.quantity></Point><Point><position>10300</position><in_Quantity.quantity>0.000000</in_Quantity.quantity><out_Quantity.quantity>579.217734</out_Quantity.quantity></Point><Point><position>10301</position><in_Quantity.quantity>0.000000</in_Quantity.quantity><out_Quantity.quantity>75.693190</out_Quantity.quantity></Point><Point><position>10302</position><in_Quantity.quantity>0.000000</in_Quantity.quantity><out_Quantity.quantity>713.916065</out_Quantity.quantity></Point><Point><position>10303</position><in_Quantity.quantity>0.000000</in_Quantity.quantity><out_Quantity.quantity>768.087026</out_Quantity.quantity></Point><Point><position>10304</position><in_Quantity.quantity>0.000000</in_Quantity.quantity><out_Quantity.quantity>957.961839</out_Quantity.quantity></Point><Point><position>10305</position><in_Quantity.quantity>0.000000</in_Quantity.quantity><out_Quantity.quantity>605.456737</out_Quantity.quantity></Point><Point><position>10306</position><in_Quantity.quantity>0.000000</in_Quantity.quantity><out_Quantity.quantity>878.731948</out_Quantity.quantity></Point><Point><position>10307</position><in_Quantity.quantity>0.000000</in_Quantity.quantity><out_Quantity.quantity>453.053892</out_Quantity.quantity></Point><Point><position>10308</position><in_Quantity.quantity>0.000000</in_Quantity.quantity><out_Quantity.quantity>144.986772</out_Quantity.quantity></Point><Point><position>10309</position><in_Quantity.quantity>0.000000</in_Quantity.quantity><out_Quantity.quantity>768.788761</out_Quantity.quantity></Point><Point><position>10310</position><in_Quantity.quantity>0.000000</in_Quantity.quantity><out_Quantity.quantity>201.995298</out_Quantity.quantity></Point><Point><position>10311</position><in_Quantity.quantity>0.000000</in_Quantity.quantity><out_Quantity.quantity>812.171158</out_Quantity.quantity></Point><Point><position>10312</position><in_Quantity.quantity>0.000000</in_Quantity.quantity><out_Quantity.quantity>116.794250</out_Quantity.quantity></Point><Point><position>10313</position><in_Quantity.quantity>0.000000</in_Quantity.quantity><out_Quantity.quantity>205.922484</out_Quantity.quantity></Point><Point><position>10314</position><in_Quantity.quantity>0.000000</in_Quantity.quantity><out_Quantity.quantity>530.028125</out_Quantity.quantity></Point><Point><position>10315</position><in_Quantity.quantity>0.000000</in_Quantity.quantity><out_Quantity.quantity>5.527970</out_Quantity.quantity></Point><Point><position>10316</position><in_Quantity.quantity>0.000000</in_Quantity.quantity><out_Quantity.quantity>907.111205</out_Quantity.quantity></Point><Point><position>10317</position><in_Quantity.quantity>0.000000</in_Quantity.quantity><out_Quantity.quantity>125.327298</out_Quantity.quantity></Point><Point><position>10318</position><in_Quantity.quantity>0.000000</in_Quantity.quantity><out_Quantity.quantity>668.940578</out_Quantity.quantity></Point><Point><position>10319</position><in_Quantity.quantity>0.000000</in_Quantity.quantity><out_Quantity.quantity>617.475172</out_Quantity.quantity></Point><Point><position>10320</position><in_Quantity.quantity>0.000000</in_Quantity.quantity><out_Quantity.quantity>38.277503</out_Quantity.quantity></Point><Point><position>10321</position><in_Quantity.quantity>0.000000</in_Quantity.quantity><out_Quantity.quantity>190.759383</out_Quantity.quantity></Point><Point><position>10322</position><in_Quantity.quantity>0.000000</in_Quantity.quantity><out_Quantity.quantity>541.884677</out_Quantity.quantity></Point><Point><position>10323</position><in_Quantity.quantity>0.000000</in_Quantity.quantity><out_Quantity.quantity>424.006313</out_Quantity.quantity></Point><Point><position>10324</position><in_Quantity.quantity>0.000000</in_Quantity.quantity><out_Quantity.quantity>738.164021</out_Quantity.quantity></Point><Point><position>10325</position><in_Quantity.quantity>0.000000</in_Quantity.quantity><out_Quantity.quantity>610.849289</out_Quantity.quantity></Point><Point><position>10326</position><in_Quantity.quantity>0.000000</in_Quantity.quantity><out_Quantity.quantity>431.101527</out_Quantity.quantity></Point><Point><position>10327</position><in_Quantity.quantity>0.000000</in_Quantity.quantity><out_Quantity.quantity>390.289709</out_Quantity.quantity></Point><Point><position>10328</position><in_Quantity.quantity>0.000000</in_Quantity.quantity><out_Quantity.quantity>336.208895</out_Quantity.quantity></Point><Point><position>10329</position><in_Quantity.quantity>0.000000</in_Quantity.quantity><out_Quantity.quantity>197.557864</out_Quantity.quantity></Point><Point><position>10330</position><in_Quantity.quantity>0.000000</in_Quantity.quantity><out_Quantity.quantity>600.097670</out_Quantity.quantity></Point><Point><position>10331</position><in_Quantity.quantity>0.000000</in_Quantity.quantity><out_Quantity.quantity>571.720594</out_Quantity.quantity></Point><Point><position>10332</position><in_Quantity.quantity>0.000000</in_Quantity.quantity><out_Quantity.quantity>420.039655</out_Quantity.quantity></Point><Point><position>10333</position><in_Quantity.quantity>0.000000</in_Quantity.quantity><out_Quantity.quantity>448.410284</out_Quantity.quantity></Point><Point><position>10334</position><in_Quantity.quantity>0.000000</in_Quantity.quantity><out_Quantity.quantity>776.833637</out_Quantity.quantity></Point><Point><position>10335</position><in_Quantity.quantity>0.000000</in_Quantity.quantity><out_Quantity.quantity>692.762587</out_Quantity.quantity></Point><Point><position>10336</position><in_Quantity.quantity>0.000000</in_Quantity.quantity><out_Quantity.quantity>570.868064</out_Quantity.quantity></Point><Point><position>10337</position><in_Quantity.quantity>0.000000</in_Quantity.quantity><out_Quantity.quantity>680.515385</out_Quantity.quantity></Point><Point><position>10338</position><in_Quantity.quantity>0.000000</in_Quantity.quantity><out_Quantity.quantity>585.566555</out_Quantity.quantity></Point><Point><position>10339</position><in_Quantity.quantity>0.000000</in_Quantity.quantity><out_Quantity.quantity>477.326995</out_Quantity.quantity></Point><Point><position>10340</position><in_Quantity.quantity>0.000000</in_Quantity.quantity><out_Quantity.quantity>997.881529</out_Quantity.quantity></Point><Point><position>10341</position><in_Quantity.quantity>0.000000</in_Quantity.quantity><out_Quantity.quantity>727.851219</out_Quantity.quantity></Point><Point><position>10342</position><in_Quantity.quantity>0.000000</in_Quantity.quantity><out_Quantity.quantity>682.350695</out_Quantity.quantity></Point><Point><position>10343</position><in_Quantity.quantity>0.000000</in_Quantity.quantity><out_Quantity.quantity>25.872428</out_Quantity.quantity></Point><Point><position>10344</position><in_Quantity.quantity>0.000000</in_Quantity.quantity><out_Quantity.quantity>558.888357</out_Quantity.quantity></Point><Point><position>10345</position><in_Quantity.quantity>0.000000</in_Quantity.quantity><out_Quantity.quantity>372.579919</out_Quantity.quantity></Point><Point><position>10346</position><in_Quantity.quantity>0.000000</in_Quantity.quantity><out_Quantity.quantity>472.091431</out_Quantity.quantity></Point><Point><position>10347</position><in_Quantity.quantity>0.000000</in_Quantity.quantity><out_Quantity.quantity>959.628680</out_Quantity.quantity></Point><Point><position>10348</position><in_Quantity.quantity>0.000000</in_Quantity.quantity><out_Quantity.quantity>345.959374</out_Quantity.quantity></Point><Point><position>10349</position><in_Quantity.quantity>0.000000</in_Quantity.quantity><out_Quantity.quantity>943.012729</out_Quantity.quantity></Point><Point><position>10350</position><in_Quantity.quantity>0.000000</in_Quantity.quantity><out_Quantity.quantity>364.474426</out_Quantity.quantity></Point><Point><position>10351</position><in_Quantity.quantity>0.000000</in_Quantity.quantity><out_Quantity.quantity>7.459127</out_Quantity.quantity></Point><Point><position>10352</position><in_Quantity.quantity>0.000000</in_Quantity.quantity><out_Quantity.quantity>729.152337</out_Quantity.quantity></Point><Point><position>10353</position><in_Quantity.quantity>0.000000</in_Quantity.quantity><out_Quantity.quantity>81.033906</out_Quantity.quantity></Point><Point><position>10354</position><in_Quantity.quantity>0.000000</in_Quantity.quantity><out_Quantity.quantity>121.819595</out_Quantity.quantity></Point><Point><position>10355</position><in_Quantity.quantity>0.000000</in_Quantity.quantity><out_Quantity.quantity>505.182599</out_Quantity.quantity></Point><Point><position>10356</position><in_Quantity.quantity>0.000000</in_Quantity.quantity><out_Quantity.quantity>771.600734</out_Quantity.quantity></Point><Point><position>10357</position><in_Quantity.quantity>0.000000</in_Quantity.quantity><out_Quantity.quantity>917.221572</out_Quantity.quantity></Point><Point><position>10358</position><in_Quantity.quantity>0.000000</in_Quantity.quantity><out_Quantity.quantity>772.913674</out_Quantity.quantity></Point><Point><position>10359</position><in_Quantity.quantity>0.000000</in_Quantity.quantity><out_Quantity.quantity>521.294143</out_Quantity.quantity></Point><Point><position>10360</position><in_Quantity.quantity>0.000000</in_Quantity.quantity><out_Quantity.quantity>361.683176</out_Quantity.quantity></Point><Point><position>10361</position><in_Quantity.quantity>0.000000</in_Quantity.quantity><out_Quantity.quantity>988.708181</out_Quantity.quantity></Point><Point><position>10362</position><in_Quantity.quantity>0.000000</in_Quantity.quantity><out_Quantity.quantity>879.363537</out_Quantity.quantity></Point><Point><position>10363</position><in_Quantity.quantity>0.000000</in_Quantity.quantity><out_Quantity.quantity>658.845844</out_Quantity.quantity></Point><Point><position>10364</position><in_Quantity.quantity>0.000000</in_Quantity.quantity><out_Quantity.quantity>272.037841</out_Quantity.quantity></Point><Point><position>10365</position><in_Quantity.quantity>0.000000</in_Quantity.quantity><out_Quantity.quantity>145.637767</out_Quantity.quantity></Point><Point><position>10366</position><in_Quantity.quantity>0.000000</in_Quantity.quantity><out_Quantity.quantity>344.567122</out_Quantity.quantity></Point><Point><position>10367</position><in_Quantity.quantity>0.000000</in_Quantity.quantity><out_Quantity.quantity>402.025429</out_Quantity.quantity></Point><Point><position>10368</position><in_Quantity.quantity>0.000000</in_Quantity.quantity><out_Quantity.quantity>58.092216</out_Quantity.quantity></Point><Point><position>10369</position><in_Quantity.quantity>0.000000</in_Quantity.quantity><out_Quantity.quantity>714.239466</out_Quantity.quantity></Point><Point><position>10370</position><in_Quantity.quantity>0.000000</in_Quantity.quantity><out_Quantity.quantity>206.850139</out_Quantity.quantity></Point><Point><position>10371</position><in_Quantity.quantity>0.000000</in_Quantity.quantity><out_Quantity.quantity>784.288875</out_Quantity.quantity></Point><Point><position>10372</position><in_Quantity.quantity>0.000000</in_Quantity.quantity><out_Quantity.quantity>10.821320</out_Quantity.quantity></Point><Point><position>10373</position><in_Quantity.quantity>0.000000</in_Quantity.quantity><out_Quantity.quantity>659.393182</out_Quantity.quantity></Point><Point><position>10374</position><in_Quantity.quantity>0.000000</in_Quantity.quantity><out_Quantity.quantity>324.382095</out_Quantity.quantity></Point><Point><position>10375</position><in_Quantity.quantity>0.000000</in_Quantity.quantity><out_Quantity.quantity>643.578218</out_Quantity.quantity></Point><Point><position>10376</position><in_Quantity.quantity>0.000000</in_Quantity.quantity><out_Quantity.quantity>606.471336</out_Quantity.quantity></Point><Point><position>10377</position><in_Quantity.quantity>0.000000</in_Quantity.quantity><out_Quantity.quantity>568.770752</out_Quantity.quantity></Point><Point><position>10378</position><in_Quantity.quantity>0.000000</in_Quantity.quantity><out_Quantity.quantity>507.908129</out_Quantity.quantity></Point><Point><position>10379</position><in_Quantity.quantity>0.000000</in_Quantity.quantity><out_Quantity.quantity>121.337723</out_Quantity.quantity></Point><Point><position>10380</position><in_Quantity.quantity>0.000000</in_Quantity.quantity><out_Quantity.quantity>970.209951</out_Quantity.quantity></Point><Point><position>10381</position><in_Quantity.quantity>0.000000</in_Quantity.quantity><out_Quantity.quantity>421.459753</out_Quantity.quantity></Point><Point><position>10382</position><in_Quantity.quantity>0.000000</in_Quantity.quantity><out_Quantity.quantity>352.066226</out_Quantity.quantity></Point><Point><position>10383</position><in_Quantity.quantity>0.000000</in_Quantity.quantity><out_Quantity.quantity>992.338883</out_Quantity.quantity></Point><Point><position>10384</position><in_Quantity.quantity>0.000000</in_Quantity.quantity><out_Quantity.quantity>540.030178</out_Quantity.quantity></Point><Point><position>10385</position><in_Quantity.quantity>0.000000</in_Quantity.quantity><out_Quantity.quantity>827.582684</out_Quantity.quantity></Point><Point><position>10386</position><in_Quantity.quantity>0.000000</in_Quantity.quantity><out_Quantity.quantity>312.295017</out_Quantity.quantity></Point><Point><position>10387</position><in_Quantity.quantity>0.000000</in_Quantity.quantity><out_Quantity.quantity>180.180360</out_Quantity.quantity></Point><Point><position>10388</position><in_Quantity.quantity>0.000000</in_Quantity.quantity><out_Quantity.quantity>982.751572</out_Quantity.quantity></Point><Point><position>10389</position><in_Quantity.quantity>0.000000</in_Quantity.quantity><out_Quantity.quantity>625.406492</out_Quantity.quantity></Point><Point><position>10390</position><in_Quantity.quantity>0.000000</in_Quantity.quantity><out_Quantity.quantity>734.854771</out_Quantity.quantity></Point><Point><position>10391</position><in_Quantity.quantity>0.000000</in_Quantity.quantity><out_Quantity.quantity>20.354130</out_Quantity.quantity></Point><Point><position>10392</position><in_Quantity.quantity>0.000000</in_Quantity.quantity><out_Quantity.quantity>61.738681</out_Quantity.quantity></Point><Point><position>10393</position><in_Quantity.quantity>0.000000</in_Quantity.quantity><out_Quantity.quantity>992.950905</out_Quantity.quantity></Point><Point><position>10394</position><in_Quantity.quantity>0.000000</in_Quantity.quantity><out_Quantity.quantity>366.809048</out_Quantity.quantity></Point><Point><position>10395</position><in_Quantity.quantity>0.000000</in_Quantity.quantity><out_Quantity.quantity>95.043927</out_Quantity.quantity></Point><Point><position>10396</position><in_Quantity.quantity>0.000000</in_Quantity.quantity><out_Quantity.quantity>708.604904</out_Quantity.quantity></Point><Point><position>10397</position><in_Quantity.quantity>0.000000</in_Quantity.quantity><out_Quantity.quantity>433.944695</out_Quantity.quantity></Point><Point><position>10398</position><in_Quantity.quantity>0.000000</in_Quantity.quantity><out_Quantity.quantity>916.517869</out_Quantity.quantity></Point><Point><position>10399</position><in_Quantity.quantity>0.000000</in_Quantity.quantity><out_Quantity.quantity>846.808625</out_Quantity.quantity></Point><Point><position>10400</position><in_Quantity.quantity>0.000000</in_Quantity.quantity><out_Quantity.quantity>561.031499</out_Quantity.quantity></Point><Point><position>10401</position><in_Quantity.quantity>0.000000</in_Quantity.quantity><out_Quantity.quantity>998.841433</out_Quantity.quantity></Point><Point><position>10402</position><in_Quantity.quantity>0.000000</in_Quantity.quantity><out_Quantity.quantity>542.967457</out_Quantity.quantity></Point><Point><position>10403</position><in_Quantity.quantity>0.000000</in_Quantity.quantity><out_Quantity.quantity>401.557744</out_Quantity.quantity></Point><Point><position>10404</position><in_Quantity.quantity>0.000000</in_Quantity.quantity><out_Quantity.quantity>552.106750</out_Quantity.quantity></Point><Point><position>10405</position><in_Quantity.quantity>0.000000</in_Quantity.quantity><out_Quantity.quantity>787.687029</out_Quantity.quantity></Point><Point><position>10406</position><in_Quantity.quantity>0.000000</in_Quantity.quantity><out_Quantity.quantity>50.120279</out_Quantity.quantity></Point><Point><position>10407</position><in_Quantity.quantity>0.000000</in_Quantity.quantity><out_Quantity.quantity>568.822218</out_Quantity.quantity></Point><Point><position>10408</position><in_Quantity.quantity>0.000000</in_Quantity.quantity><out_Quantity.quantity>67.642743</out_Quantity.quantity></Point><Point><position>10409</position><in_Quantity.quantity>0.000000</in_Quantity.quantity><out_Quantity.quantity>606.953640</out_Quantity.quantity></Point><Point><position>10410</position><in_Quantity.quantity>0.000000</in_Quantity.quantity><out_Quantity.quantity>793.017767</out_Quantity.quantity></Point><Point><position>10411</position><in_Quantity.quantity>0.000000</in_Quantity.quantity><out_Quantity.quantity>270.116032</out_Quantity.quantity></Point><Point><position>10412</position><in_Quantity.quantity>0.000000</in_Quantity.quantity><out_Quantity.quantity>481.148806</out_Quantity.quantity></Point><Point><position>10413</position><in_Quantity.quantity>0.000000</in_Quantity.quantity><out_Quantity.quantity>790.505951</out_Quantity.quantity></Point><Point><position>10414</position><in_Quantity.quantity>0.000000</in_Quantity.quantity><out_Quantity.quantity>697.071768</out_Quantity.quantity></Point><Point><position>10415</position><in_Quantity.quantity>0.000000</in_Quantity.quantity><out_Quantity.quantity>431.098130</out_Quantity.quantity></Point><Point><position>10416</position><in_Quantity.quantity>0.000000</in_Quantity.quantity><out_Quantity.quantity>833.637421</out_Quantity.quantity></Point><Point><position>10417</position><in_Quantity.quantity>0.000000</in_Quantity.quantity><out_Quantity.quantity>726.158185</out_Quantity.quantity></Point><Point><position>10418</position><in_Quantity.quantity>0.000000</in_Quantity.quantity><out_Quantity.quantity>377.340408</out_Quantity.quantity></Point><Point><position>10419</position><in_Quantity.quantity>0.000000</in_Quantity.quantity><out_Quantity.quantity>977.451733</out_Quantity.quantity></Point><Point><position>10420</position><in_Quantity.quantity>0.000000</in_Quantity.quantity><out_Quantity.quantity>30.539081</out_Quantity.quantity></Point><Point><position>10421</position><in_Quantity.quantity>0.000000</in_Quantity.quantity><out_Quantity.quantity>757.260875</out_Quantity.quantity></Point><Point><position>10422</position><in_Quantity.quantity>0.000000</in_Quantity.quantity><out_Quantity.quantity>428.791190</out_Quantity.quantity></Point><Point><position>10423</position><in_Quantity.quantity>0.000000</in_Quantity.quantity><out_Quantity.quantity>308.077873</out_Quantity.quantity></Point><Point><position>10424</position><in_Quantity.quantity>0.000000</in_Quantity.quantity><out_Quantity.quantity>138.669152</out_Quantity.quantity></Point><Point><position>10425</position><in_Quantity.quantity>0.000000</in_Quantity.quantity><out_Quantity.quantity>61.885510</out_Quantity.quantity></Point><Point><position>10426</position><in_Quantity.quantity>0.000000</in_Quantity.quantity><out_Quantity.quantity>99.914746</out_Quantity.quantity></Point><Point><position>10427</position><in_Quantity.quantity>0.000000</in_Quantity.quantity><out_Quantity.quantity>496.152667</out_Quantity.quantity></Point><Point><position>10428</position><in_Quantity.quantity>0.000000</in_Quantity.quantity><out_Quantity.quantity>73.585021</out_Quantity.quantity></Point><Point><position>10429</position><in_Quantity.quantity>0.000000</in_Quantity.quantity><out_Quantity.quantity>620.929637</out_Quantity.quantity></Point><Point><position>10430</position><in_Quantity.quantity>0.000000</in_Quantity.quantity><out_Quantity.quantity>665.357074</out_Quantity.quantity></Point><Point><position>10431</position><in_Quantity.quantity>0.000000</in_Quantity.quantity><out_Quantity.quantity>101.309548</out_Quantity.quantity></Point><Point><position>10432</position><in_Quantity.quantity>0.000000</in_Quantity.quantity><out_Quantity.quantity>868.584765</out_Quantity.quantity></Point><Point><position>10433</position><in_Quantity.quantity>0.000000</in_Quantity.quantity><out_Quantity.quantity>152.586844</out_Quantity.quantity></Point><Point><position>10434</position><in_Quantity.quantity>0.000000</in_Quantity.quantity><out_Quantity.quantity>920.232408</out_Quantity.quantity></Point><Point><position>10435</position><in_Quantity.quantity>0.000000</in_Quantity.quantity><out_Quantity.quantity>681.957533</out_Quantity.quantity></Point><Point><position>10436</position><in_Quantity.quantity>0.000000</in_Quantity.quantity><out_Quantity.quantity>578.473560</out_Quantity.quantity></Point><Point><position>10437</position><in_Quantity.quantity>0.000000</in_Quantity.quantity><out_Quantity.quantity>152.538065</out_Quantity.quantity></Point><Point><position>10438</position><in_Quantity.quantity>0.000000</in_Quantity.quantity><out_Quantity.quantity>15.409941</out_Quantity.quantity></Point><Point><position>10439</position><in_Quantity.quantity>0.000000</in_Quantity.quantity><out_Quantity.quantity>910.262281</out_Quantity.quantity></Point><Point><position>10440</position><in_Quantity.quantity>0.000000</in_Quantity.quantity><out_Quantity.quantity>980.143971</out_Quantity.quantity></Point><Point><position>10441</position><in_Quantity.quantity>0.000000</in_Quantity.quantity><out_Quantity.quantity>350.686827</out_Quantity.quantity></Point><Point><position>10442</position><in_Quantity.quantity>0.000000</in_Quantity.quantity><out_Quantity.quantity>794.337901</out_Quantity.quantity></Point><Point><position>10443</position><in_Quantity.quantity>0.000000</in_Quantity.quantity><out_Quantity.quantity>29.429967</out_Quantity.quantity></Point><Point><position>10444</position><in_Quantity.quantity>0.000000</in_Quantity.quantity><out_Quantity.quantity>367.174058</out_Quantity.quantity></Point><Point><position>10445</position><in_Quantity.quantity>0.000000</in_Quantity.quantity><out_Quantity.quantity>641.486113</out_Quantity.quantity></Point><Point><position>10446</position><in_Quantity.quantity>0.000000</in_Quantity.quantity><out_Quantity.quantity>696.656560</out_Quantity.quantity></Point><Point><position>10447</position><in_Quantity.quantity>0.000000</in_Quantity.quantity><out_Quantity.quantity>514.286231</out_Quantity.quantity></Point><Point><position>10448</position><in_Quantity.quantity>0.000000</in_Quantity.quantity><out_Quantity.quantity>42.726656</out_Quantity.quantity></Point><Point><position>10449</position><in_Quantity.quantity>0.000000</in_Quantity.quantity><out_Quantity.quantity>178.832897</out_Quantity.quantity></Point><Point><position>10450</position><in_Quantity.quantity>0.000000</in_Quantity.quantity><out_Quantity.quantity>910.847819</out_Quantity.quantity></Point><Point><position>10451</position><in_Quantity.quantity>0.000000</in_Quantity.quantity><out_Quantity.quantity>344.454101</out_Quantity.quantity></Point><Point><position>10452</position><in_Quantity.quantity>0.000000</in_Quantity.quantity><out_Quantity.quantity>333.980237</out_Quantity.quantity></Point><Point><position>10453</position><in_Quantity.quantity>0.000000</in_Quantity.quantity><out_Quantity.quantity>937.860802</out_Quantity.quantity></Point><Point><position>10454</position><in_Quantity.quantity>0.000000</in_Quantity.quantity><out_Quantity.quantity>157.370782</out_Quantity.quantity></Point><Point><position>10455</position><in_Quantity.quantity>0.000000</in_Quantity.quantity><out_Quantity.quantity>52.189782</out_Quantity.quantity></Point><Point><position>10456</position><in_Quantity.quantity>0.000000</in_Quantity.quantity><out_Quantity.quantity>279.853699</out_Quantity.quantity></Point><Point><position>10457</position><in_Quantity.quantity>0.000000</in_Quantity.quantity><out_Quantity.quantity>171.046977</out_Quantity.quantity></Point><Point><position>10458</position><in_Quantity.quantity>0.000000</in_Quantity.quantity><out_Quantity.quantity>743.153044</out_Quantity.quantity></Point><Point><position>10459</position><in_Quantity.quantity>0.000000</in_Quantity.quantity><out_Quantity.quantity>431.381858</out_Quantity.quantity></Point><Point><position>10460</position><in_Quantity.quantity>0.000000</in_Quantity.quantity><out_Quantity.quantity>264.664637</out_Quantity.quantity></Point><Point><position>10461</position><in_Quantity.quantity>0.000000</in_Quantity.quantity><out_Quantity.quantity>423.918669</out_Quantity.quantity></Point><Point><position>10462</position><in_Quantity.quantity>0.000000</in_Quantity.quantity><out_Quantity.quantity>932.610322</out_Quantity.quantity></Point><Point><position>10463</position><in_Quantity.quantity>0.000000</in_Quantity.quantity><out_Quantity.quantity>863.661362</out_Quantity.quantity></Point><Point><position>10464</position><in_Quantity.quantity>0.000000</in_Quantity.quantity><out_Quantity.quantity>525.463433</out_Quantity.quantity></Point><Point><position>10465</position><in_Quantity.quantity>0.000000</in_Quantity.quantity><out_Quantity.quantity>917.811872</out_Quantity.quantity></Point><Point><position>10466</position><in_Quantity.quantity>0.000000</in_Quantity.quantity><out_Quantity.quantity>604.327660</out_Quantity.quantity></Point><Point><position>10467</position><in_Quantity.quantity>0.000000</in_Quantity.quantity><out_Quantity.quantity>217.876690</out_Quantity.quantity></Point><Point><position>10468</position><in_Quantity.quantity>0.000000</in_Quantity.quantity><out_Quantity.quantity>120.148224</out_Quantity.quantity></Point><Point><position>10469</position><in_Quantity.quantity>0.000000</in_Quantity.quantity><out_Quantity.quantity>627.904973</out_Quantity.quantity></Point><Point><position>10470</position><in_Quantity.quantity>0.000000</in_Quantity.quantity><out_Quantity.quantity>487.766273</out_Quantity.quantity></Point><Point><position>10471</position><in_Quantity.quantity>0.000000</in_Quantity.quantity><out_Quantity.quantity>621.145103</out_Quantity.quantity></Point><Point><position>10472</position><in_Quantity.quantity>0.000000</in_Quantity.quantity><out_Quantity.quantity>942.915979</out_Quantity.quantity></Point><Point><position>10473</position><in_Quantity.quantity>0.000000</in_Quantity.quantity><out_Quantity.quantity>152.583964</out_Quantity.quantity></Point><Point><position>10474</position><in_Quantity.quantity>0.000000</in_Quantity.quantity><out_Quantity.quantity>105.645029</out_Quantity.quantity></Point><Point><position>10475</position><in_Quantity.quantity>0.000000</in_Quantity.quantity><out_Quantity.quantity>43.825664</out_Quantity.quantity></Point><Point><position>10476</position><in_Quantity.quantity>0.000000</in_Quantity.quantity><out_Quantity.quantity>313.408546</out_Quantity.quantity></Point><Point><position>10477</position><in_Quantity.quantity>0.000000</in_Quantity.quantity><out_Quantity.quantity>704.070248</out_Quantity.quantity></Point><Point><position>10478</position><in_Quantity.quantity>0.000000</in_Quantity.quantity><out_Quantity.quantity>372.079464</out_Quantity.quantity></Point><Point><position>10479</position><in_Quantity.quantity>0.000000</in_Quantity.quantity><out_Quantity.quantity>672.791181</out_Quantity.quantity></Point><Point><position>10480</position><in_Quantity.quantity>0.000000</in_Quantity.quantity><out_Quantity.quantity>776.846575</out_Quantity.quantity></Point><Point><position>10481</position><in_Quantity.quantity>0.000000</in_Quantity.quantity><out_Quantity.quantity>450.859658</out_Quantity.quantity></Point><Point><position>10482</position><in_Quantity.quantity>0.000000</in_Quantity.quantity><out_Quantity.quantity>756.826538</out_Quantity.quantity></Point><Point><position>10483</position><in_Quantity.quantity>0.000000</in_Quantity.quantity><out_Quantity.quantity>795.866860</out_Quantity.quantity></Point><Point><position>10484</position><in_Quantity.quantity>0.000000</in_Quantity.quantity><out_Quantity.quantity>338.611400</out_Quantity.quantity></Point><Point><position>10485</position><in_Quantity.quantity>0.000000</in_Quantity.quantity><out_Quantity.quantity>770.534048</out_Quantity.quantity></Point><Point><position>10486</position><in_Quantity.quantity>0.000000</in_Quantity.quantity><out_Quantity.quantity>22.929654</out_Quantity.quantity></Point><Point><position>10487</position><in_Quantity.quantity>0.000000</in_Quantity.quantity><out_Quantity.quantity>775.708062</out_Quantity.quantity></Point><Point><position>10488</position><in_Quantity.quantity>0.000000</in_Quantity.quantity><out_Quantity.quantity>915.380740</out_Quantity.quantity></Point><Point><position>10489</position><in_Quantity.quantity>0.000000</in_Quantity.quantity><out_Quantity.quantity>989.140153</out_Quantity.quantity></Point><Point><position>10490</position><in_Quantity.quantity>0.000000</in_Quantity.quantity><out_Quantity.quantity>301.192233</out_Quantity.quantity></Point><Point><position>10491</position><in_Quantity.quantity>0.000000</in_Quantity.quantity><out_Quantity.quantity>402.852091</out_Quantity.quantity></Point><Point><position>10492</position><in_Quantity.quantity>0.000000</in_Quantity.quantity><out_Quantity.quantity>335.304728</out_Quantity.quantity></Point><Point><position>10493</position><in_Quantity.quantity>0.000000</in_Quantity.quantity><out_Quantity.quantity>709.306618</out_Quantity.quantity></Point><Point><position>10494</position><in_Quantity.quantity>0.000000</in_Quantity.quantity><out_Quantity.quantity>161.790713</out_Quantity.quantity></Point><Point><position>10495</position><in_Quantity.quantity>0.000000</in_Quantity.quantity><out_Quantity.quantity>737.680421</out_Quantity.quantity></Point><Point><position>10496</position><in_Quantity.quantity>0.000000</in_Quantity.quantity><out_Quantity.quantity>368.710038</out_Quantity.quantity></Point><Point><position>10497</position><in_Quantity.quantity>0.000000</in_Quantity.quantity><out_Quantity.quantity>34.492353</out_Quantity.quantity></Point><Point><position>10498</position><in_Quantity.quantity>0.000000</in_Quantity.quantity><out_Quantity.quantity>212.317917</out_Quantity.quantity></Point><Point><position>10499</position><in_Quantity.quantity>0.000000</in_Quantity.quantity><out_Quantity.quantity>25.106785</out_Quantity.quantity></Point><Point><position>10500</position><in_Quantity.quantity>0.000000</in_Quantity.quantity><out_Quantity.quantity>463.189236</out_Quantity.quantity></Point><Point><position>10501</position><in_Quantity.quantity>0.000000</in_Quantity.quantity><out_Quantity.quantity>992.345942</out_Quantity.quantity></Point><Point><position>10502</position><in_Quantity.quantity>0.000000</in_Quantity.quantity><out_Quantity.quantity>749.996847</out_Quantity.quantity></Point><Point><position>10503</position><in_Quantity.quantity>0.000000</in_Quantity.quantity><out_Quantity.quantity>841.368843</out_Quantity.quantity></Point><Point><position>10504</position><in_Quantity.quantity>0.000000</in_Quantity.quantity><out_Quantity.quantity>540.445379</out_Quantity.quantity></Point><Point><position>10505</position><in_Quantity.quantity>0.000000</in_Quantity.quantity><out_Quantity.quantity>695.396824</out_Quantity.quantity></Point><Point><position>10506</position><in_Quantity.quantity>0.000000</in_Quantity.quantity><out_Quantity.quantity>91.353275</out_Quantity.quantity></Point><Point><position>10507</position><in_Quantity.quantity>0.000000</in_Quantity.quantity><out_Quantity.quantity>642.093247</out_Quantity.quantity></Point><Point><position>10508</position><in_Quantity.quantity>0.000000</in_Quantity.quantity><out_Quantity.quantity>269.540069</out_Quantity.quantity></Point><Point><position>10509</position><in_Quantity.quantity>0.000000</in_Quantity.quantity><out_Quantity.quantity>611.621149</out_Quantity.quantity></Point><Point><position>10510</position><in_Quantity.quantity>0.000000</in_Quantity.quantity><out_Quantity.quantity>133.462060</out_Quantity.quantity></Point><Point><position>10511</position><in_Quantity.quantity>0.000000</in_Quantity.quantity><out_Quantity.quantity>776.057237</out_Quantity.quantity></Point><Point><position>10512</position><in_Quantity.quantity>0.000000</in_Quantity.quantity><out_Quantity.quantity>739.006918</out_Quantity.quantity></Point><Point><position>10513</position><in_Quantity.quantity>0.000000</in_Quantity.quantity><out_Quantity.quantity>946.896927</out_Quantity.quantity></Point><Point><position>10514</position><in_Quantity.quantity>0.000000</in_Quantity.quantity><out_Quantity.quantity>241.752930</out_Quantity.quantity></Point><Point><position>10515</position><in_Quantity.quantity>0.000000</in_Quantity.quantity><out_Quantity.quantity>148.950929</out_Quantity.quantity></Point><Point><position>10516</position><in_Quantity.quantity>0.000000</in_Quantity.quantity><out_Quantity.quantity>689.098733</out_Quantity.quantity></Point><Point><position>10517</position><in_Quantity.quantity>0.000000</in_Quantity.quantity><out_Quantity.quantity>230.757956</out_Quantity.quantity></Point><Point><position>10518</position><in_Quantity.quantity>0.000000</in_Quantity.quantity><out_Quantity.quantity>83.182914</out_Quantity.quantity></Point><Point><position>10519</position><in_Quantity.quantity>0.000000</in_Quantity.quantity><out_Quantity.quantity>749.091484</out_Quantity.quantity></Point><Point><position>10520</position><in_Quantity.quantity>0.000000</in_Quantity.quantity><out_Quantity.quantity>726.484699</out_Quantity.quantity></Point><Point><position>10521</position><in_Quantity.quantity>0.000000</in_Quantity.quantity><out_Quantity.quantity>841.809318</out_Quantity.quantity></Point><Point><position>10522</position><in_Quantity.quantity>0.000000</in_Quantity.quantity><out_Quantity.quantity>369.220165</out_Quantity.quantity></Point><Point><position>10523</position><in_Quantity.quantity>0.000000</in_Quantity.quantity><out_Quantity.quantity>936.712867</out_Quantity.quantity></Point><Point><position>10524</position><in_Quantity.quantity>0.000000</in_Quantity.quantity><out_Quantity.quantity>721.912033</out_Quantity.quantity></Point><Point><position>10525</position><in_Quantity.quantity>0.000000</in_Quantity.quantity><out_Quantity.quantity>388.466987</out_Quantity.quantity></Point><Point><position>10526</position><in_Quantity.quantity>0.000000</in_Quantity.quantity><out_Quantity.quantity>615.074443</out_Quantity.quantity></Point><Point><position>10527</position><in_Quantity.quantity>0.000000</in_Quantity.quantity><out_Quantity.quantity>189.391405</out_Quantity.quantity></Point><Point><position>10528</position><in_Quantity.quantity>0.000000</in_Quantity.quantity><out_Quantity.quantity>147.292679</out_Quantity.quantity></Point><Point><position>10529</position><in_Quantity.quantity>0.000000</in_Quantity.quantity><out_Quantity.quantity>224.691150</out_Quantity.quantity></Point><Point><position>10530</position><in_Quantity.quantity>0.000000</in_Quantity.quantity><out_Quantity.quantity>462.238857</out_Quantity.quantity></Point><Point><position>10531</position><in_Quantity.quantity>0.000000</in_Quantity.quantity><out_Quantity.quantity>160.761396</out_Quantity.quantity></Point><Point><position>10532</position><in_Quantity.quantity>0.000000</in_Quantity.quantity><out_Quantity.quantity>827.710601</out_Quantity.quantity></Point><Point><position>10533</position><in_Quantity.quantity>0.000000</in_Quantity.quantity><out_Quantity.quantity>36.341755</out_Quantity.quantity></Point><Point><position>10534</position><in_Quantity.quantity>0.000000</in_Quantity.quantity><out_Quantity.quantity>40.119540</out_Quantity.quantity></Point><Point><position>10535</position><in_Quantity.quantity>0.000000</in_Quantity.quantity><out_Quantity.quantity>802.709864</out_Quantity.quantity></Point><Point><position>10536</position><in_Quantity.quantity>0.000000</in_Quantity.quantity><out_Quantity.quantity>499.038767</out_Quantity.quantity></Point><Point><position>10537</position><in_Quantity.quantity>0.000000</in_Quantity.quantity><out_Quantity.quantity>921.389867</out_Quantity.quantity></Point><Point><position>10538</position><in_Quantity.quantity>0.000000</in_Quantity.quantity><out_Quantity.quantity>320.055945</out_Quantity.quantity></Point><Point><position>10539</position><in_Quantity.quantity>0.000000</in_Quantity.quantity><out_Quantity.quantity>543.796025</out_Quantity.quantity></Point><Point><position>10540</position><in_Quantity.quantity>0.000000</in_Quantity.quantity><out_Quantity.quantity>430.969635</out_Quantity.quantity></Point><Point><position>10541</position><in_Quantity.quantity>0.000000</in_Quantity.quantity><out_Quantity.quantity>122.546134</out_Quantity.quantity></Point><Point><position>10542</position><in_Quantity.quantity>0.000000</in_Quantity.quantity><out_Quantity.quantity>233.852966</out_Quantity.quantity></Point><Point><position>10543</position><in_Quantity.quantity>0.000000</in_Quantity.quantity><out_Quantity.quantity>64.554523</out_Quantity.quantity></Point><Point><position>10544</position><in_Quantity.quantity>0.000000</in_Quantity.quantity><out_Quantity.quantity>957.659677</out_Quantity.quantity></Point><Point><position>10545</position><in_Quantity.quantity>0.000000</in_Quantity.quantity><out_Quantity.quantity>782.628043</out_Quantity.quantity></Point><Point><position>10546</position><in_Quantity.quantity>0.000000</in_Quantity.quantity><out_Quantity.quantity>304.871707</out_Quantity.quantity></Point><Point><position>10547</position><in_Quantity.quantity>0.000000</in_Quantity.quantity><out_Quantity.quantity>983.385830</out_Quantity.quantity></Point><Point><position>10548</position><in_Quantity.quantity>0.000000</in_Quantity.quantity><out_Quantity.quantity>506.686925</out_Quantity.quantity></Point><Point><position>10549</position><in_Quantity.quantity>0.000000</in_Quantity.quantity><out_Quantity.quantity>927.625756</out_Quantity.quantity></Point><Point><position>10550</position><in_Quantity.quantity>0.000000</in_Quantity.quantity><out_Quantity.quantity>625.859661</out_Quantity.quantity></Point><Point><position>10551</position><in_Quantity.quantity>0.000000</in_Quantity.quantity><out_Quantity.quantity>592.471612</out_Quantity.quantity></Point><Point><position>10552</position><in_Quantity.quantity>0.000000</in_Quantity.quantity><out_Quantity.quantity>731.518694</out_Quantity.quantity></Point><Point><position>10553</position><in_Quantity.quantity>0.000000</in_Quantity.quantity><out_Quantity.quantity>80.033763</out_Quantity.quantity></Point><Point><position>10554</position><in_Quantity.quantity>0.000000</in_Quantity.quantity><out_Quantity.quantity>512.070357</out_Quantity.quantity></Point><Point><position>10555</position><in_Quantity.quantity>0.000000</in_Quantity.quantity><out_Quantity.quantity>930.234137</out_Quantity.quantity></Point><Point><position>10556</position><in_Quantity.quantity>0.000000</in_Quantity.quantity><out_Quantity.quantity>211.866849</out_Quantity.quantity></Point><Point><position>10557</position><in_Quantity.quantity>0.000000</in_Quantity.quantity><out_Quantity.quantity>606.951748</out_Quantity.quantity></Point><Point><position>10558</position><in_Quantity.quantity>0.000000</in_Quantity.quantity><out_Quantity.quantity>24.225412</out_Quantity.quantity></Point><Point><position>10559</position><in_Quantity.quantity>0.000000</in_Quantity.quantity><out_Quantity.quantity>490.692088</out_Quantity.quantity></Point><Point><position>10560</position><in_Quantity.quantity>0.000000</in_Quantity.quantity><out_Quantity.quantity>904.008439</out_Quantity.quantity></Point><Point><position>10561</position><in_Quantity.quantity>0.000000</in_Quantity.quantity><out_Quantity.quantity>898.428791</out_Quantity.quantity></Point><Point><position>10562</position><in_Quantity.quantity>0.000000</in_Quantity.quantity><out_Quantity.quantity>596.544996</out_Quantity.quantity></Point><Point><position>10563</position><in_Quantity.quantity>0.000000</in_Quantity.quantity><out_Quantity.quantity>327.266934</out_Quantity.quantity></Point><Point><position>10564</position><in_Quantity.quantity>0.000000</in_Quantity.quantity><out_Quantity.quantity>7.462255</out_Quantity.quantity></Point><Point><position>10565</position><in_Quantity.quantity>0.000000</in_Quantity.quantity><out_Quantity.quantity>530.063720</out_Quantity.quantity></Point><Point><position>10566</position><in_Quantity.quantity>0.000000</in_Quantity.quantity><out_Quantity.quantity>432.884409</out_Quantity.quantity></Point><Point><position>10567</position><in_Quantity.quantity>0.000000</in_Quantity.quantity><out_Quantity.quantity>387.817175</out_Quantity.quantity></Point><Point><position>10568</position><in_Quantity.quantity>0.000000</in_Quantity.quantity><out_Quantity.quantity>246.786339</out_Quantity.quantity></Point><Point><position>10569</position><in_Quantity.quantity>0.000000</in_Quantity.quantity><out_Quantity.quantity>815.615644</out_Quantity.quantity></Point><Point><position>10570</position><in_Quantity.quantity>0.000000</in_Quantity.quantity><out_Quantity.quantity>325.474997</out_Quantity.quantity></Point><Point><position>10571</position><in_Quantity.quantity>0.000000</in_Quantity.quantity><out_Quantity.quantity>508.677550</out_Quantity.quantity></Point><Point><position>10572</position><in_Quantity.quantity>0.000000</in_Quantity.quantity><out_Quantity.quantity>913.189586</out_Quantity.quantity></Point><Point><position>10573</position><in_Quantity.quantity>0.000000</in_Quantity.quantity><out_Quantity.quantity>463.798688</out_Quantity.quantity></Point><Point><position>10574</position><in_Quantity.quantity>0.000000</in_Quantity.quantity><out_Quantity.quantity>248.715074</out_Quantity.quantity></Point><Point><position>10575</position><in_Quantity.quantity>0.000000</in_Quantity.quantity><out_Quantity.quantity>445.335206</out_Quantity.quantity></Point><Point><position>10576</position><in_Quantity.quantity>0.000000</in_Quantity.quantity><out_Quantity.quantity>677.388369</out_Quantity.quantity></Point><Point><position>10577</position><in_Quantity.quantity>0.000000</in_Quantity.quantity><out_Quantity.quantity>131.803276</out_Quantity.quantity></Point><Point><position>10578</position><in_Quantity.quantity>0.000000</in_Quantity.quantity><out_Quantity.quantity>484.069938</out_Quantity.quantity></Point><Point><position>10579</position><in_Quantity.quantity>0.000000</in_Quantity.quantity><out_Quantity.quantity>377.597761</out_Quantity.quantity></Point><Point><position>10580</position><in_Quantity.quantity>0.000000</in_Quantity.quantity><out_Quantity.quantity>428.843518</out_Quantity.quantity></Point><Point><position>10581</position><in_Quantity.quantity>0.000000</in_Quantity.quantity><out_Quantity.quantity>333.975574</out_Quantity.quantity></Point><Point><position>10582</position><in_Quantity.quantity>0.000000</in_Quantity.quantity><out_Quantity.quantity>898.974016</out_Quantity.quantity></Point><Point><position>10583</position><in_Quantity.quantity>0.000000</in_Quantity.quantity><out_Quantity.quantity>668.443044</out_Quantity.quantity></Point><Point><position>10584</position><in_Quantity.quantity>0.000000</in_Quantity.quantity><out_Quantity.quantity>194.783589</out_Quantity.quantity></Point><Point><position>10585</position><in_Quantity.quantity>0.000000</in_Quantity.quantity><out_Quantity.quantity>416.575146</out_Quantity.quantity></Point><Point><position>10586</position><in_Quantity.quantity>0.000000</in_Quantity.quantity><out_Quantity.quantity>211.834137</out_Quantity.quantity></Point><Point><position>10587</position><in_Quantity.quantity>0.000000</in_Quantity.quantity><out_Quantity.quantity>381.561839</out_Quantity.quantity></Point><Point><position>10588</position><in_Quantity.quantity>0.000000</in_Quantity.quantity><out_Quantity.quantity>464.828495</out_Quantity.quantity></Point><Point><position>10589</position><in_Quantity.quantity>0.000000</in_Quantity.quantity><out_Quantity.quantity>730.348338</out_Quantity.quantity></Point><Point><position>10590</position><in_Quantity.quantity>0.000000</in_Quantity.quantity><out_Quantity.quantity>579.102721</out_Quantity.quantity></Point><Point><position>10591</position><in_Quantity.quantity>0.000000</in_Quantity.quantity><out_Quantity.quantity>649.276376</out_Quantity.quantity></Point><Point><position>10592</position><in_Quantity.quantity>0.000000</in_Quantity.quantity><out_Quantity.quantity>313.802018</out_Quantity.quantity></Point><Point><position>10593</position><in_Quantity.quantity>0.000000</in_Quantity.quantity><out_Quantity.quantity>391.422801</out_Quantity.quantity></Point><Point><position>10594</position><in_Quantity.quantity>0.000000</in_Quantity.quantity><out_Quantity.quantity>653.036931</out_Quantity.quantity></Point><Point><position>10595</position><in_Quantity.quantity>0.000000</in_Quantity.quantity><out_Quantity.quantity>650.732893</out_Quantity.quantity></Point><Point><position>10596</position><in_Quantity.quantity>0.000000</in_Quantity.quantity><out_Quantity.quantity>500.881071</out_Quantity.quantity></Point><Point><position>10597</position><in_Quantity.quantity>0.000000</in_Quantity.quantity><out_Quantity.quantity>505.856072</out_Quantity.quantity></Point><Point><position>10598</position><in_Quantity.quantity>0.000000</in_Quantity.quantity><out_Quantity.quantity>323.223718</out_Quantity.quantity></Point><Point><position>10599</position><in_Quantity.quantity>0.000000</in_Quantity.quantity><out_Quantity.quantity>379.459047</out_Quantity.quantity></Point><Point><position>10600</position><in_Quantity.quantity>0.000000</in_Quantity.quantity><out_Quantity.quantity>800.730508</out_Quantity.quantity></Point><Point><position>10601</position><in_Quantity.quantity>0.000000</in_Quantity.quantity><out_Quantity.quantity>630.129929</out_Quantity.quantity></Point><Point><position>10602</position><in_Quantity.quantity>0.000000</in_Quantity.quantity><out_Quantity.quantity>237.221325</out_Quantity.quantity></Point><Point><position>10603</position><in_Quantity.quantity>0.000000</in_Quantity.quantity><out_Quantity.quantity>199.988291</out_Quantity.quantity></Point><Point><position>10604</position><in_Quantity.quantity>0.000000</in_Quantity.quantity><out_Quantity.quantity>779.663283</out_Quantity.quantity></Point><Point><position>10605</position><in_Quantity.quantity>0.000000</in_Quantity.quantity><out_Quantity.quantity>361.718119</out_Quantity.quantity></Point><Point><position>10606</position><in_Quantity.quantity>0.000000</in_Quantity.quantity><out_Quantity.quantity>941.123465</out_Quantity.quantity></Point><Point><position>10607</position><in_Quantity.quantity>0.000000</in_Quantity.quantity><out_Quantity.quantity>222.283434</out_Quantity.quantity></Point><Point><position>10608</position><in_Quantity.quantity>0.000000</in_Quantity.quantity><out_Quantity.quantity>12.281841</out_Quantity.quantity></Point><Point><position>10609</position><in_Quantity.quantity>0.000000</in_Quantity.quantity><out_Quantity.quantity>300.848197</out_Quantity.quantity></Point><Point><position>10610</position><in_Quantity.quantity>0.000000</in_Quantity.quantity><out_Quantity.quantity>122.021238</out_Quantity.quantity></Point><Point><position>10611</position><in_Quantity.quantity>0.000000</in_Quantity.quantity><out_Quantity.quantity>986.146660</out_Quantity.quantity></Point><Point><position>10612</position><in_Quantity.quantity>0.000000</in_Quantity.quantity><out_Quantity.quantity>314.615792</out_Quantity.quantity></Point><Point><position>10613</position><in_Quantity.quantity>0.000000</in_Quantity.quantity><out_Quantity.quantity>748.248584</out_Quantity.quantity></Point><Point><position>10614</position><in_Quantity.quantity>0.000000</in_Quantity.quantity><out_Quantity.quantity>58.939078</out_Quantity.quantity></Point><Point><position>10615</position><in_Quantity.quantity>0.000000</in_Quantity.quantity><out_Quantity.quantity>215.748829</out_Quantity.quantity></Point><Point><position>10616</position><in_Quantity.quantity>0.000000</in_Quantity.quantity><out_Quantity.quantity>981.329263</out_Quantity.quantity></Point><Point><position>10617</position><in_Quantity.quantity>0.000000</in_Quantity.quantity><out_Quantity.quantity>293.864296</out_Quantity.quantity></Point><Point><position>10618</position><in_Quantity.quantity>0.000000</in_Quantity.quantity><out_Quantity.quantity>772.288728</out_Quantity.quantity></Point><Point><position>10619</position><in_Quantity.quantity>0.000000</in_Quantity.quantity><out_Quantity.quantity>297.936016</out_Quantity.quantity></Point><Point><position>10620</position><in_Quantity.quantity>0.000000</in_Quantity.quantity><out_Quantity.quantity>29.529063</out_Quantity.quantity></Point><Point><position>10621</position><in_Quantity.quantity>0.000000</in_Quantity.quantity><out_Quantity.quantity>143.499180</out_Quantity.quantity></Point><Point><position>10622</position><in_Quantity.quantity>0.000000</in_Quantity.quantity><out_Quantity.quantity>841.708312</out_Quantity.quantity></Point><Point><position>10623</position><in_Quantity.quantity>0.000000</in_Quantity.quantity><out_Quantity.quantity>668.395975</out_Quantity.quantity></Point><Point><position>10624</position><in_Quantity.quantity>0.000000</in_Quantity.quantity><out_Quantity.quantity>668.897027</out_Quantity.quantity></Point><Point><position>10625</position><in_Quantity.quantity>0.000000</in_Quantity.quantity><out_Quantity.quantity>514.758280</out_Quantity.quantity></Point><Point><position>10626</position><in_Quantity.quantity>0.000000</in_Quantity.quantity><out_Quantity.quantity>150.394844</out_Quantity.quantity></Point><Point><position>10627</position><in_Quantity.quantity>0.000000</in_Quantity.quantity><out_Quantity.quantity>634.678760</out_Quantity.quantity></Point><Point><position>10628</position><in_Quantity.quantity>0.000000</in_Quantity.quantity><out_Quantity.quantity>73.594007</out_Quantity.quantity></Point><Point><position>10629</position><in_Quantity.quantity>0.000000</in_Quantity.quantity><out_Quantity.quantity>871.203318</out_Quantity.quantity></Point><Point><position>10630</position><in_Quantity.quantity>0.000000</in_Quantity.quantity><out_Quantity.quantity>206.468808</out_Quantity.quantity></Point><Point><position>10631</position><in_Quantity.quantity>0.000000</in_Quantity.quantity><out_Quantity.quantity>729.334848</out_Quantity.quantity></Point><Point><position>10632</position><in_Quantity.quantity>0.000000</in_Quantity.quantity><out_Quantity.quantity>114.297622</out_Quantity.quantity></Point><Point><position>10633</position><in_Quantity.quantity>0.000000</in_Quantity.quantity><out_Quantity.quantity>632.376289</out_Quantity.quantity></Point><Point><position>10634</position><in_Quantity.quantity>0.000000</in_Quantity.quantity><out_Quantity.quantity>97.941966</out_Quantity.quantity></Point><Point><position>10635</position><in_Quantity.quantity>0.000000</in_Quantity.quantity><out_Quantity.quantity>309.589536</out_Quantity.quantity></Point><Point><position>10636</position><in_Quantity.quantity>0.000000</in_Quantity.quantity><out_Quantity.quantity>13.122753</out_Quantity.quantity></Point><Point><position>10637</position><in_Quantity.quantity>0.000000</in_Quantity.quantity><out_Quantity.quantity>308.703219</out_Quantity.quantity></Point><Point><position>10638</position><in_Quantity.quantity>0.000000</in_Quantity.quantity><out_Quantity.quantity>328.406806</out_Quantity.quantity></Point><Point><position>10639</position><in_Quantity.quantity>0.000000</in_Quantity.quantity><out_Quantity.quantity>472.750469</out_Quantity.quantity></Point><Point><position>10640</position><in_Quantity.quantity>0.000000</in_Quantity.quantity><out_Quantity.quantity>55.558075</out_Quantity.quantity></Point><Point><position>10641</position><in_Quantity.quantity>0.000000</in_Quantity.quantity><out_Quantity.quantity>592.372244</out_Quantity.quantity></Point><Point><position>10642</position><in_Quantity.quantity>0.000000</in_Quantity.quantity><out_Quantity.quantity>54.077346</out_Quantity.quantity></Point><Point><position>10643</position><in_Quantity.quantity>0.000000</in_Quantity.quantity><out_Quantity.quantity>953.565549</out_Quantity.quantity></Point><Point><position>10644</position><in_Quantity.quantity>0.000000</in_Quantity.quantity><out_Quantity.quantity>120.795358</out_Quantity.quantity></Point><Point><position>10645</position><in_Quantity.quantity>0.000000</in_Quantity.quantity><out_Quantity.quantity>947.366811</out_Quantity.quantity></Point><Point><position>10646</position><in_Quantity.quantity>0.000000</in_Quantity.quantity><out_Quantity.quantity>758.431875</out_Quantity.quantity></Point><Point><position>10647</position><in_Quantity.quantity>0.000000</in_Quantity.quantity><out_Quantity.quantity>863.419944</out_Quantity.quantity></Point><Point><position>10648</position><in_Quantity.quantity>0.000000</in_Quantity.quantity><out_Quantity.quantity>554.356714</out_Quantity.quantity></Point><Point><position>10649</position><in_Quantity.quantity>0.000000</in_Quantity.quantity><out_Quantity.quantity>899.508687</out_Quantity.quantity></Point><Point><position>10650</position><in_Quantity.quantity>0.000000</in_Quantity.quantity><out_Quantity.quantity>994.110387</out_Quantity.quantity></Point><Point><position>10651</position><in_Quantity.quantity>0.000000</in_Quantity.quantity><out_Quantity.quantity>223.714759</out_Quantity.quantity></Point><Point><position>10652</position><in_Quantity.quantity>0.000000</in_Quantity.quantity><out_Quantity.quantity>182.141149</out_Quantity.quantity></Point><Point><position>10653</position><in_Quantity.quantity>0.000000</in_Quantity.quantity><out_Quantity.quantity>975.236686</out_Quantity.quantity></Point><Point><position>10654</position><in_Quantity.quantity>0.000000</in_Quantity.quantity><out_Quantity.quantity>125.969431</out_Quantity.quantity></Point><Point><position>10655</position><in_Quantity.quantity>0.000000</in_Quantity.quantity><out_Quantity.quantity>859.379811</out_Quantity.quantity></Point><Point><position>10656</position><in_Quantity.quantity>0.000000</in_Quantity.quantity><out_Quantity.quantity>195.864475</out_Quantity.quantity></Point><Point><position>10657</position><in_Quantity.quantity>0.000000</in_Quantity.quantity><out_Quantity.quantity>28.155932</out_Quantity.quantity></Point><Point><position>10658</position><in_Quantity.quantity>0.000000</in_Quantity.quantity><out_Quantity.quantity>384.481914</out_Quantity.quantity></Point><Point><position>10659</position><in_Quantity.quantity>0.000000</in_Quantity.quantity><out_Quantity.quantity>742.297394</out_Quantity.quantity></Point><Point><position>10660</position><in_Quantity.quantity>0.000000</in_Quantity.quantity><out_Quantity.quantity>900.100604</out_Quantity.quantity></Point><Point><position>10661</position><in_Quantity.quantity>0.000000</in_Quantity.quantity><out_Quantity.quantity>134.500178</out_Quantity.quantity></Point><Point><position>10662</position><in_Quantity.quantity>0.000000</in_Quantity.quantity><out_Quantity.quantity>626.544835</out_Quantity.quantity></Point><Point><position>10663</position><in_Quantity.quantity>0.000000</in_Quantity.quantity><out_Quantity.quantity>899.862026</out_Quantity.quantity></Point><Point><position>10664</position><in_Quantity.quantity>0.000000</in_Quantity.quantity><out_Quantity.quantity>739.460625</out_Quantity.quantity></Point><Point><position>10665</position><in_Quantity.quantity>0.000000</in_Quantity.quantity><out_Quantity.quantity>857.342775</out_Quantity.quantity></Point><Point><position>10666</position><in_Quantity.quantity>0.000000</in_Quantity.quantity><out_Quantity.quantity>420.665404</out_Quantity.quantity></Point><Point><position>10667</position><in_Quantity.quantity>0.000000</in_Quantity.quantity><out_Quantity.quantity>17.267422</out_Quantity.quantity></Point><Point><position>10668</position><in_Quantity.quantity>0.000000</in_Quantity.quantity><out_Quantity.quantity>620.517506</out_Quantity.quantity></Point><Point><position>10669</position><in_Quantity.quantity>0.000000</in_Quantity.quantity><out_Quantity.quantity>95.723644</out_Quantity.quantity></Point><Point><position>10670</position><in_Quantity.quantity>0.000000</in_Quantity.quantity><out_Quantity.quantity>515.162880</out_Quantity.quantity></Point><Point><position>10671</position><in_Quantity.quantity>0.000000</in_Quantity.quantity><out_Quantity.quantity>291.041452</out_Quantity.quantity></Point><Point><position>10672</position><in_Quantity.quantity>0.000000</in_Quantity.quantity><out_Quantity.quantity>265.366043</out_Quantity.quantity></Point><Point><position>10673</position><in_Quantity.quantity>0.000000</in_Quantity.quantity><out_Quantity.quantity>356.520699</out_Quantity.quantity></Point><Point><position>10674</position><in_Quantity.quantity>0.000000</in_Quantity.quantity><out_Quantity.quantity>393.817639</out_Quantity.quantity></Point><Point><position>10675</position><in_Quantity.quantity>0.000000</in_Quantity.quantity><out_Quantity.quantity>402.767618</out_Quantity.quantity></Point><Point><position>10676</position><in_Quantity.quantity>0.000000</in_Quantity.quantity><out_Quantity.quantity>473.952848</out_Quantity.quantity></Point><Point><position>10677</position><in_Quantity.quantity>0.000000</in_Quantity.quantity><out_Quantity.quantity>177.934414</out_Quantity.quantity></Point><Point><position>10678</position><in_Quantity.quantity>0.000000</in_Quantity.quantity><out_Quantity.quantity>983.620768</out_Quantity.quantity></Point><Point><position>10679</position><in_Quantity.quantity>0.000000</in_Quantity.quantity><out_Quantity.quantity>72.325778</out_Quantity.quantity></Point><Point><position>10680</position><in_Quantity.quantity>0.000000</in_Quantity.quantity><out_Quantity.quantity>571.476112</out_Quantity.quantity></Point><Point><position>10681</position><in_Quantity.quantity>0.000000</in_Quantity.quantity><out_Quantity.quantity>753.917448</out_Quantity.quantity></Point><Point><position>10682</position><in_Quantity.quantity>0.000000</in_Quantity.quantity><out_Quantity.quantity>914.642071</out_Quantity.quantity></Point><Point><position>10683</position><in_Quantity.quantity>0.000000</in_Quantity.quantity><out_Quantity.quantity>340.660992</out_Quantity.quantity></Point><Point><position>10684</position><in_Quantity.quantity>0.000000</in_Quantity.quantity><out_Quantity.quantity>637.684202</out_Quantity.quantity></Point><Point><position>10685</position><in_Quantity.quantity>0.000000</in_Quantity.quantity><out_Quantity.quantity>294.656034</out_Quantity.quantity></Point><Point><position>10686</position><in_Quantity.quantity>0.000000</in_Quantity.quantity><out_Quantity.quantity>319.093686</out_Quantity.quantity></Point><Point><position>10687</position><in_Quantity.quantity>0.000000</in_Quantity.quantity><out_Quantity.quantity>765.703925</out_Quantity.quantity></Point><Point><position>10688</position><in_Quantity.quantity>0.000000</in_Quantity.quantity><out_Quantity.quantity>208.417955</out_Quantity.quantity></Point><Point><position>10689</position><in_Quantity.quantity>0.000000</in_Quantity.quantity><out_Quantity.quantity>752.724100</out_Quantity.quantity></Point><Point><position>10690</position><in_Quantity.quantity>0.000000</in_Quantity.quantity><out_Quantity.quantity>998.816016</out_Quantity.quantity></Point><Point><position>10691</position><in_Quantity.quantity>0.000000</in_Quantity.quantity><out_Quantity.quantity>362.062178</out_Quantity.quantity></Point><Point><position>10692</position><in_Quantity.quantity>0.000000</in_Quantity.quantity><out_Quantity.quantity>36.452724</out_Quantity.quantity></Point><Point><position>10693</position><in_Quantity.quantity>0.000000</in_Quantity.quantity><out_Quantity.quantity>879.626971</out_Quantity.quantity></Point><Point><position>10694</position><in_Quantity.quantity>0.000000</in_Quantity.quantity><out_Quantity.quantity>757.783134</out_Quantity.quantity></Point><Point><position>10695</position><in_Quantity.quantity>0.000000</in_Quantity.quantity><out_Quantity.quantity>248.013854</out_Quantity.quantity></Point><Point><position>10696</position><in_Quantity.quantity>0.000000</in_Quantity.quantity><out_Quantity.quantity>589.022618</out_Quantity.quantity></Point><Point><position>10697</position><in_Quantity.quantity>0.000000</in_Quantity.quantity><out_Quantity.quantity>915.107758</out_Quantity.quantity></Point><Point><position>10698</position><in_Quantity.quantity>0.000000</in_Quantity.quantity><out_Quantity.quantity>70.187088</out_Quantity.quantity></Point><Point><position>10699</position><in_Quantity.quantity>0.000000</in_Quantity.quantity><out_Quantity.quantity>787.454394</out_Quantity.quantity></Point><Point><position>10700</position><in_Quantity.quantity>0.000000</in_Quantity.quantity><out_Quantity.quantity>743.032824</out_Quantity.quantity></Point><Point><position>10701</position><in_Quantity.quantity>0.000000</in_Quantity.quantity><out_Quantity.quantity>229.339461</out_Quantity.quantity></Point><Point><position>10702</position><in_Quantity.quantity>0.000000</in_Quantity.quantity><out_Quantity.quantity>901.967661</out_Quantity.quantity></Point><Point><position>10703</position><in_Quantity.quantity>0.000000</in_Quantity.quantity><out_Quantity.quantity>908.174443</out_Quantity.quantity></Point><Point><position>10704</position><in_Quantity.quantity>0.000000</in_Quantity.quantity><out_Quantity.quantity>382.360880</out_Quantity.quantity></Point><Point><position>10705</position><in_Quantity.quantity>0.000000</in_Quantity.quantity><out_Quantity.quantity>572.127971</out_Quantity.quantity></Point><Point><position>10706</position><in_Quantity.quantity>0.000000</in_Quantity.quantity><out_Quantity.quantity>518.377098</out_Quantity.quantity></Point><Point><position>10707</position><in_Quantity.quantity>0.000000</in_Quantity.quantity><out_Quantity.quantity>817.002221</out_Quantity.quantity></Point><Point><position>10708</position><in_Quantity.quantity>0.000000</in_Quantity.quantity><out_Quantity.quantity>584.363412</out_Quantity.quantity></Point><Point><position>10709</position><in_Quantity.quantity>0.000000</in_Quantity.quantity><out_Quantity.quantity>479.044428</out_Quantity.quantity></Point><Point><position>10710</position><in_Quantity.quantity>0.000000</in_Quantity.quantity><out_Quantity.quantity>125.738581</out_Quantity.quantity></Point><Point><position>10711</position><in_Quantity.quantity>0.000000</in_Quantity.quantity><out_Quantity.quantity>701.839393</out_Quantity.quantity></Point><Point><position>10712</position><in_Quantity.quantity>0.000000</in_Quantity.quantity><out_Quantity.quantity>708.568967</out_Quantity.quantity></Point><Point><position>10713</position><in_Quantity.quantity>0.000000</in_Quantity.quantity><out_Quantity.quantity>458.992966</out_Quantity.quantity></Point><Point><position>10714</position><in_Quantity.quantity>0.000000</in_Quantity.quantity><out_Quantity.quantity>389.340901</out_Quantity.quantity></Point><Point><position>10715</position><in_Quantity.quantity>0.000000</in_Quantity.quantity><out_Quantity.quantity>94.881469</out_Quantity.quantity></Point><Point><position>10716</position><in_Quantity.quantity>0.000000</in_Quantity.quantity><out_Quantity.quantity>718.666630</out_Quantity.quantity></Point><Point><position>10717</position><in_Quantity.quantity>0.000000</in_Quantity.quantity><out_Quantity.quantity>174.559936</out_Quantity.quantity></Point><Point><position>10718</position><in_Quantity.quantity>0.000000</in_Quantity.quantity><out_Quantity.quantity>981.300856</out_Quantity.quantity></Point><Point><position>10719</position><in_Quantity.quantity>0.000000</in_Quantity.quantity><out_Quantity.quantity>173.349829</out_Quantity.quantity></Point><Point><position>10720</position><in_Quantity.quantity>0.000000</in_Quantity.quantity><out_Quantity.quantity>418.605334</out_Quantity.quantity></Point><Point><position>10721</position><in_Quantity.quantity>0.000000</in_Quantity.quantity><out_Quantity.quantity>129.304174</out_Quantity.quantity></Point><Point><position>10722</position><in_Quantity.quantity>0.000000</in_Quantity.quantity><out_Quantity.quantity>821.642783</out_Quantity.quantity></Point><Point><position>10723</position><in_Quantity.quantity>0.000000</in_Quantity.quantity><out_Quantity.quantity>56.238524</out_Quantity.quantity></Point><Point><position>10724</position><in_Quantity.quantity>0.000000</in_Quantity.quantity><out_Quantity.quantity>312.055906</out_Quantity.quantity></Point><Point><position>10725</position><in_Quantity.quantity>0.000000</in_Quantity.quantity><out_Quantity.quantity>274.472565</out_Quantity.quantity></Point><Point><position>10726</position><in_Quantity.quantity>0.000000</in_Quantity.quantity><out_Quantity.quantity>655.212569</out_Quantity.quantity></Point><Point><position>10727</position><in_Quantity.quantity>0.000000</in_Quantity.quantity><out_Quantity.quantity>49.444109</out_Quantity.quantity></Point><Point><position>10728</position><in_Quantity.quantity>0.000000</in_Quantity.quantity><out_Quantity.quantity>301.389449</out_Quantity.quantity></Point><Point><position>10729</position><in_Quantity.quantity>0.000000</in_Quantity.quantity><out_Quantity.quantity>72.736202</out_Quantity.quantity></Point><Point><position>10730</position><in_Quantity.quantity>0.000000</in_Quantity.quantity><out_Quantity.quantity>37.751942</out_Quantity.quantity></Point><Point><position>10731</position><in_Quantity.quantity>0.000000</in_Quantity.quantity><out_Quantity.quantity>551.800519</out_Quantity.quantity></Point><Point><position>10732</position><in_Quantity.quantity>0.000000</in_Quantity.quantity><out_Quantity.quantity>371.525764</out_Quantity.quantity></Point><Point><position>10733</position><in_Quantity.quantity>0.000000</in_Quantity.quantity><out_Quantity.quantity>274.037544</out_Quantity.quantity></Point><Point><position>10734</position><in_Quantity.quantity>0.000000</in_Quantity.quantity><out_Quantity.quantity>598.805220</out_Quantity.quantity></Point><Point><position>10735</position><in_Quantity.quantity>0.000000</in_Quantity.quantity><out_Quantity.quantity>539.771330</out_Quantity.quantity></Point><Point><position>10736</position><in_Quantity.quantity>0.000000</in_Quantity.quantity><out_Quantity.quantity>733.840287</out_Quantity.quantity></Point><Point><position>10737</position><in_Quantity.quantity>0.000000</in_Quantity.quantity><out_Quantity.quantity>414.927616</out_Quantity.quantity></Point><Point><position>10738</position><in_Quantity.quantity>0.000000</in_Quantity.quantity><out_Quantity.quantity>404.713884</out_Quantity.quantity></Point><Point><position>10739</position><in_Quantity.quantity>0.000000</in_Quantity.quantity><out_Quantity.quantity>423.126891</out_Quantity.quantity></Point><Point><position>10740</position><in_Quantity.quantity>0.000000</in_Quantity.quantity><out_Quantity.quantity>587.375690</out_Quantity.quantity></Point><Point><position>10741</position><in_Quantity.quantity>0.000000</in_Quantity.quantity><out_Quantity.quantity>503.280945</out_Quantity.quantity></Point><Point><position>10742</position><in_Quantity.quantity>0.000000</in_Quantity.quantity><out_Quantity.quantity>289.918791</out_Quantity.quantity></Point><Point><position>10743</position><in_Quantity.quantity>0.000000</in_Quantity.quantity><out_Quantity.quantity>797.586647</out_Quantity.quantity></Point><Point><position>10744</position><in_Quantity.quantity>0.000000</in_Quantity.quantity><out_Quantity.quantity>778.525559</out_Quantity.quantity></Point><Point><position>10745</position><in_Quantity.quantity>0.000000</in_Quantity.quantity><out_Quantity.quantity>592.970485</out_Quantity.quantity></Point><Point><position>10746</position><in_Quantity.quantity>0.000000</in_Quantity.quantity><out_Quantity.quantity>449.146225</out_Quantity.quantity></Point><Point><position>10747</position><in_Quantity.quantity>0.000000</in_Quantity.quantity><out_Quantity.quantity>920.689298</out_Quantity.quantity></Point><Point><position>10748</position><in_Quantity.quantity>0.000000</in_Quantity.quantity><out_Quantity.quantity>237.799034</out_Quantity.quantity></Point><Point><position>10749</position><in_Quantity.quantity>0.000000</in_Quantity.quantity><out_Quantity.quantity>720.648538</out_Quantity.quantity></Point><Point><position>10750</position><in_Quantity.quantity>0.000000</in_Quantity.quantity><out_Quantity.quantity>379.451338</out_Quantity.quantity></Point><Point><position>10751</position><in_Quantity.quantity>0.000000</in_Quantity.quantity><out_Quantity.quantity>148.556158</out_Quantity.quantity></Point><Point><position>10752</position><in_Quantity.quantity>0.000000</in_Quantity.quantity><out_Quantity.quantity>13.113917</out_Quantity.quantity></Point><Point><position>10753</position><in_Quantity.quantity>0.000000</in_Quantity.quantity><out_Quantity.quantity>634.141139</out_Quantity.quantity></Point><Point><position>10754</position><in_Quantity.quantity>0.000000</in_Quantity.quantity><out_Quantity.quantity>425.814886</out_Quantity.quantity></Point><Point><position>10755</position><in_Quantity.quantity>0.000000</in_Quantity.quantity><out_Quantity.quantity>135.854209</out_Quantity.quantity></Point><Point><position>10756</position><in_Quantity.quantity>0.000000</in_Quantity.quantity><out_Quantity.quantity>221.830232</out_Quantity.quantity></Point><Point><position>10757</position><in_Quantity.quantity>0.000000</in_Quantity.quantity><out_Quantity.quantity>27.311494</out_Quantity.quantity></Point><Point><position>10758</position><in_Quantity.quantity>0.000000</in_Quantity.quantity><out_Quantity.quantity>888.209034</out_Quantity.quantity></Point><Point><position>10759</position><in_Quantity.quantity>0.000000</in_Quantity.quantity><out_Quantity.quantity>415.924669</out_Quantity.quantity></Point><Point><position>10760</position><in_Quantity.quantity>0.000000</in_Quantity.quantity><out_Quantity.quantity>187.269358</out_Quantity.quantity></Point><Point><position>10761</position><in_Quantity.quantity>0.000000</in_Quantity.quantity><out_Quantity.quantity>944.538425</out_Quantity.quantity></Point><Point><position>10762</position><in_Quantity.quantity>0.000000</in_Quantity.quantity><out_Quantity.quantity>488.805497</out_Quantity.quantity></Point><Point><position>10763</position><in_Quantity.quantity>0.000000</in_Quantity.quantity><out_Quantity.quantity>850.967325</out_Quantity.quantity></Point><Point><position>10764</position><in_Quantity.quantity>0.000000</in_Quantity.quantity><out_Quantity.quantity>310.070273</out_Quantity.quantity></Point><Point><position>10765</position><in_Quantity.quantity>0.000000</in_Quantity.quantity><out_Quantity.quantity>649.836959</out_Quantity.quantity></Point><Point><position>10766</position><in_Quantity.quantity>0.000000</in_Quantity.quantity><out_Quantity.quantity>43.172659</out_Quantity.quantity></Point><Point><position>10767</position><in_Quantity.quantity>0.000000</in_Quantity.quantity><out_Quantity.quantity>169.202980</out_Quantity.quantity></Point><Point><position>10768</position><in_Quantity.quantity>0.000000</in_Quantity.quantity><out_Quantity.quantity>386.952523</out_Quantity.quantity></Point><Point><position>10769</position><in_Quantity.quantity>0.000000</in_Quantity.quantity><out_Quantity.quantity>556.717918</out_Quantity.quantity></Point><Point><position>10770</position><in_Quantity.quantity>0.000000</in_Quantity.quantity><out_Quantity.quantity>683.593843</out_Quantity.quantity></Point><Point><position>10771</position><in_Quantity.quantity>0.000000</in_Quantity.quantity><out_Quantity.quantity>923.906201</out_Quantity.quantity></Point><Point><position>10772</position><in_Quantity.quantity>0.000000</in_Quantity.quantity><out_Quantity.quantity>813.030189</out_Quantity.quantity></Point><Point><position>10773</position><in_Quantity.quantity>0.000000</in_Quantity.quantity><out_Quantity.quantity>850.470111</out_Quantity.quantity></Point><Point><position>10774</position><in_Quantity.quantity>0.000000</in_Quantity.quantity><out_Quantity.quantity>777.710980</out_Quantity.quantity></Point><Point><position>10775</position><in_Quantity.quantity>0.000000</in_Quantity.quantity><out_Quantity.quantity>34.576655</out_Quantity.quantity></Point><Point><position>10776</position><in_Quantity.quantity>0.000000</in_Quantity.quantity><out_Quantity.quantity>701.832072</out_Quantity.quantity></Point><Point><position>10777</position><in_Quantity.quantity>0.000000</in_Quantity.quantity><out_Quantity.quantity>365.545683</out_Quantity.quantity></Point><Point><position>10778</position><in_Quantity.quantity>0.000000</in_Quantity.quantity><out_Quantity.quantity>546.149374</out_Quantity.quantity></Point><Point><position>10779</position><in_Quantity.quantity>0.000000</in_Quantity.quantity><out_Quantity.quantity>52.721917</out_Quantity.quantity></Point><Point><position>10780</position><in_Quantity.quantity>0.000000</in_Quantity.quantity><out_Quantity.quantity>47.234976</out_Quantity.quantity></Point><Point><position>10781</position><in_Quantity.quantity>0.000000</in_Quantity.quantity><out_Quantity.quantity>901.784705</out_Quantity.quantity></Point><Point><position>10782</position><in_Quantity.quantity>0.000000</in_Quantity.quantity><out_Quantity.quantity>710.311760</out_Quantity.quantity></Point><Point><position>10783</position><in_Quantity.quantity>0.000000</in_Quantity.quantity><out_Quantity.quantity>41.058989</out_Quantity.quantity></Point><Point><position>10784</position><in_Quantity.quantity>0.000000</in_Quantity.quantity><out_Quantity.quantity>57.073192</out_Quantity.quantity></Point><Point><position>10785</position><in_Quantity.quantity>0.000000</in_Quantity.quantity><out_Quantity.quantity>841.143463</out_Quantity.quantity></Point><Point><position>10786</position><in_Quantity.quantity>0.000000</in_Quantity.quantity><out_Quantity.quantity>771.081405</out_Quantity.quantity></Point><Point><position>10787</position><in_Quantity.quantity>0.000000</in_Quantity.quantity><out_Quantity.quantity>777.889047</out_Quantity.quantity></Point><Point><position>10788</position><in_Quantity.quantity>0.000000</in_Quantity.quantity><out_Quantity.quantity>341.705470</out_Quantity.quantity></Point><Point><position>10789</position><in_Quantity.quantity>0.000000</in_Quantity.quantity><out_Quantity.quantity>218.926784</out_Quantity.quantity></Point><Point><position>10790</position><in_Quantity.quantity>0.000000</in_Quantity.quantity><out_Quantity.quantity>841.144921</out_Quantity.quantity></Point><Point><position>10791</position><in_Quantity.quantity>0.000000</in_Quantity.quantity><out_Quantity.quantity>233.989026</out_Quantity.quantity></Point><Point><position>10792</position><in_Quantity.quantity>0.000000</in_Quantity.quantity><out_Quantity.quantity>193.114496</out_Quantity.quantity></Point><Point><position>10793</position><in_Quantity.quantity>0.000000</in_Quantity.quantity><out_Quantity.quantity>203.839423</out_Quantity.quantity></Point><Point><position>10794</position><in_Quantity.quantity>0.000000</in_Quantity.quantity><out_Quantity.quantity>124.840461</out_Quantity.quantity></Point><Point><position>10795</position><in_Quantity.quantity>0.000000</in_Quantity.quantity><out_Quantity.quantity>545.674621</out_Quantity.quantity></Point><Point><position>10796</position><in_Quantity.quantity>0.000000</in_Quantity.quantity><out_Quantity.quantity>9.825813</out_Quantity.quantity></Point><Point><position>10797</position><in_Quantity.quantity>0.000000</in_Quantity.quantity><out_Quantity.quantity>757.698467</out_Quantity.quantity></Point><Point><position>10798</position><in_Quantity.quantity>0.000000</in_Quantity.quantity><out_Quantity.quantity>446.075805</out_Quantity.quantity></Point><Point><position>10799</position><in_Quantity.quantity>0.000000</in_Quantity.quantity><out_Quantity.quantity>801.736837</out_Quantity.quantity></Point><Point><position>10800</position><in_Quantity.quantity>0.000000</in_Quantity.quantity><out_Quantity.quantity>404.986106</out_Quantity.quantity></Point><Point><position>10801</position><in_Quantity.quantity>0.000000</in_Quantity.quantity><out_Quantity.quantity>480.257744</out_Quantity.quantity></Point><Point><position>10802</position><in_Quantity.quantity>0.000000</in_Quantity.quantity><out_Quantity.quantity>37.783868</out_Quantity.quantity></Point><Point><position>10803</position><in_Quantity.quantity>0.000000</in_Quantity.quantity><out_Quantity.quantity>984.447065</out_Quantity.quantity></Point><Point><position>10804</position><in_Quantity.quantity>0.000000</in_Quantity.quantity><out_Quantity.quantity>876.988236</out_Quantity.quantity></Point><Point><position>10805</position><in_Quantity.quantity>0.000000</in_Quantity.quantity><out_Quantity.quantity>327.424166</out_Quantity.quantity></Point><Point><position>10806</position><in_Quantity.quantity>0.000000</in_Quantity.quantity><out_Quantity.quantity>902.277103</out_Quantity.quantity></Point><Point><position>10807</position><in_Quantity.quantity>0.000000</in_Quantity.quantity><out_Quantity.quantity>379.041560</out_Quantity.quantity></Point><Point><position>10808</position><in_Quantity.quantity>0.000000</in_Quantity.quantity><out_Quantity.quantity>782.179228</out_Quantity.quantity></Point><Point><position>10809</position><in_Quantity.quantity>0.000000</in_Quantity.quantity><out_Quantity.quantity>473.228041</out_Quantity.quantity></Point><Point><position>10810</position><in_Quantity.quantity>0.000000</in_Quantity.quantity><out_Quantity.quantity>983.657772</out_Quantity.quantity></Point><Point><position>10811</position><in_Quantity.quantity>0.000000</in_Quantity.quantity><out_Quantity.quantity>354.759291</out_Quantity.quantity></Point><Point><position>10812</position><in_Quantity.quantity>0.000000</in_Quantity.quantity><out_Quantity.quantity>694.385944</out_Quantity.quantity></Point><Point><position>10813</position><in_Quantity.quantity>0.000000</in_Quantity.quantity><out_Quantity.quantity>725.659785</out_Quantity.quantity></Point><Point><position>10814</position><in_Quantity.quantity>0.000000</in_Quantity.quantity><out_Quantity.quantity>885.964055</out_Quantity.quantity></Point><Point><position>10815</position><in_Quantity.quantity>0.000000</in_Quantity.quantity><out_Quantity.quantity>730.917325</out_Quantity.quantity></Point><Point><position>10816</position><in_Quantity.quantity>0.000000</in_Quantity.quantity><out_Quantity.quantity>233.274853</out_Quantity.quantity></Point><Point><position>10817</position><in_Quantity.quantity>0.000000</in_Quantity.quantity><out_Quantity.quantity>481.491843</out_Quantity.quantity></Point><Point><position>10818</position><in_Quantity.quantity>0.000000</in_Quantity.quantity><out_Quantity.quantity>288.549443</out_Quantity.quantity></Point><Point><position>10819</position><in_Quantity.quantity>0.000000</in_Quantity.quantity><out_Quantity.quantity>248.313157</out_Quantity.quantity></Point><Point><position>10820</position><in_Quantity.quantity>0.000000</in_Quantity.quantity><out_Quantity.quantity>186.537223</out_Quantity.quantity></Point><Point><position>10821</position><in_Quantity.quantity>0.000000</in_Quantity.quantity><out_Quantity.quantity>52.070184</out_Quantity.quantity></Point><Point><position>10822</position><in_Quantity.quantity>0.000000</in_Quantity.quantity><out_Quantity.quantity>40.420795</out_Quantity.quantity></Point><Point><position>10823</position><in_Quantity.quantity>0.000000</in_Quantity.quantity><out_Quantity.quantity>939.386218</out_Quantity.quantity></Point><Point><position>10824</position><in_Quantity.quantity>0.000000</in_Quantity.quantity><out_Quantity.quantity>667.705527</out_Quantity.quantity></Point><Point><position>10825</position><in_Quantity.quantity>0.000000</in_Quantity.quantity><out_Quantity.quantity>866.025403</out_Quantity.quantity></Point><Point><position>10826</position><in_Quantity.quantity>0.000000</in_Quantity.quantity><out_Quantity.quantity>87.169691</out_Quantity.quantity></Point><Point><position>10827</position><in_Quantity.quantity>0.000000</in_Quantity.quantity><out_Quantity.quantity>68.276361</out_Quantity.quantity></Point><Point><position>10828</position><in_Quantity.quantity>0.000000</in_Quantity.quantity><out_Quantity.quantity>536.513728</out_Quantity.quantity></Point><Point><position>10829</position><in_Quantity.quantity>0.000000</in_Quantity.quantity><out_Quantity.quantity>386.214567</out_Quantity.quantity></Point><Point><position>10830</position><in_Quantity.quantity>0.000000</in_Quantity.quantity><out_Quantity.quantity>708.845288</out_Quantity.quantity></Point><Point><position>10831</position><in_Quantity.quantity>0.000000</in_Quantity.quantity><out_Quantity.quantity>241.812973</out_Quantity.quantity></Point><Point><position>10832</position><in_Quantity.quantity>0.000000</in_Quantity.quantity><out_Quantity.quantity>839.207459</out_Quantity.quantity></Point><Point><position>10833</position><in_Quantity.quantity>0.000000</in_Quantity.quantity><out_Quantity.quantity>338.985916</out_Quantity.quantity></Point><Point><position>10834</position><in_Quantity.quantity>0.000000</in_Quantity.quantity><out_Quantity.quantity>49.084492</out_Quantity.quantity></Point><Point><position>10835</position><in_Quantity.quantity>0.000000</in_Quantity.quantity><out_Quantity.quantity>48.234282</out_Quantity.quantity></Point><Point><position>10836</position><in_Quantity.quantity>0.000000</in_Quantity.quantity><out_Quantity.quantity>257.150673</out_Quantity.quantity></Point><Point><position>10837</position><in_Quantity.quantity>0.000000</in_Quantity.quantity><out_Quantity.quantity>714.949199</out_Quantity.quantity></Point><Point><position>10838</position><in_Quantity.quantity>0.000000</in_Quantity.quantity><out_Quantity.quantity>714.108530</out_Quantity.quantity></Point><Point><position>10839</position><in_Quantity.quantity>0.000000</in_Quantity.quantity><out_Quantity.quantity>975.295701</out_Quantity.quantity></Point><Point><position>10840</position><in_Quantity.quantity>0.000000</in_Quantity.quantity><out_Quantity.quantity>499.637212</out_Quantity.quantity></Point><Point><position>10841</position><in_Quantity.quantity>0.000000</in_Quantity.quantity><out_Quantity.quantity>568.654391</out_Quantity.quantity></Point><Point><position>10842</position><in_Quantity.quantity>0.000000</in_Quantity.quantity><out_Quantity.quantity>410.878053</out_Quantity.quantity></Point><Point><position>10843</position><in_Quantity.quantity>0.000000</in_Quantity.quantity><out_Quantity.quantity>530.415831</out_Quantity.quantity></Point><Point><position>10844</position><in_Quantity.quantity>0.000000</in_Quantity.quantity><out_Quantity.quantity>740.611876</out_Quantity.quantity></Point><Point><position>10845</position><in_Quantity.quantity>0.000000</in_Quantity.quantity><out_Quantity.quantity>471.732844</out_Quantity.quantity></Point><Point><position>10846</position><in_Quantity.quantity>0.000000</in_Quantity.quantity><out_Quantity.quantity>944.843752</out_Quantity.quantity></Point><Point><position>10847</position><in_Quantity.quantity>0.000000</in_Quantity.quantity><out_Quantity.quantity>453.487209</out_Quantity.quantity></Point><Point><position>10848</position><in_Quantity.quantity>0.000000</in_Quantity.quantity><out_Quantity.quantity>683.075693</out_Quantity.quantity></Point><Point><position>10849</position><in_Quantity.quantity>0.000000</in_Quantity.quantity><out_Quantity.quantity>89.202715</out_Quantity.quantity></Point><Point><position>10850</position><in_Quantity.quantity>0.000000</in_Quantity.quantity><out_Quantity.quantity>766.384453</out_Quantity.quantity></Point><Point><position>10851</position><in_Quantity.quantity>0.000000</in_Quantity.quantity><out_Quantity.quantity>96.255968</out_Quantity.quantity></Point><Point><position>10852</position><in_Quantity.quantity>0.000000</in_Quantity.quantity><out_Quantity.quantity>236.642150</out_Quantity.quantity></Point><Point><position>10853</position><in_Quantity.quantity>0.000000</in_Quantity.quantity><out_Quantity.quantity>364.953357</out_Quantity.quantity></Point><Point><position>10854</position><in_Quantity.quantity>0.000000</in_Quantity.quantity><out_Quantity.quantity>290.119677</out_Quantity.quantity></Point><Point><position>10855</position><in_Quantity.quantity>0.000000</in_Quantity.quantity><out_Quantity.quantity>572.593679</out_Quantity.quantity></Point><Point><position>10856</position><in_Quantity.quantity>0.000000</in_Quantity.quantity><out_Quantity.quantity>445.445459</out_Quantity.quantity></Point><Point><position>10857</position><in_Quantity.quantity>0.000000</in_Quantity.quantity><out_Quantity.quantity>830.352464</out_Quantity.quantity></Point><Point><position>10858</position><in_Quantity.quantity>0.000000</in_Quantity.quantity><out_Quantity.quantity>210.606931</out_Quantity.quantity></Point><Point><position>10859</position><in_Quantity.quantity>0.000000</in_Quantity.quantity><out_Quantity.quantity>553.881343</out_Quantity.quantity></Point><Point><position>10860</position><in_Quantity.quantity>0.000000</in_Quantity.quantity><out_Quantity.quantity>597.164033</out_Quantity.quantity></Point><Point><position>10861</position><in_Quantity.quantity>0.000000</in_Quantity.quantity><out_Quantity.quantity>570.123319</out_Quantity.quantity></Point><Point><position>10862</position><in_Quantity.quantity>0.000000</in_Quantity.quantity><out_Quantity.quantity>252.954070</out_Quantity.quantity></Point><Point><position>10863</position><in_Quantity.quantity>0.000000</in_Quantity.quantity><out_Quantity.quantity>7.099950</out_Quantity.quantity></Point><Point><position>10864</position><in_Quantity.quantity>0.000000</in_Quantity.quantity><out_Quantity.quantity>127.521920</out_Quantity.quantity></Point><Point><position>10865</position><in_Quantity.quantity>0.000000</in_Quantity.quantity><out_Quantity.quantity>924.841920</out_Quantity.quantity></Point><Point><position>10866</position><in_Quantity.quantity>0.000000</in_Quantity.quantity><out_Quantity.quantity>733.840680</out_Quantity.quantity></Point><Point><position>10867</position><in_Quantity.quantity>0.000000</in_Quantity.quantity><out_Quantity.quantity>51.715116</out_Quantity.quantity></Point><Point><position>10868</position><in_Quantity.quantity>0.000000</in_Quantity.quantity><out_Quantity.quantity>462.267127</out_Quantity.quantity></Point><Point><position>10869</position><in_Quantity.quantity>0.000000</in_Quantity.quantity><out_Quantity.quantity>874.879506</out_Quantity.quantity></Point><Point><position>10870</position><in_Quantity.quantity>0.000000</in_Quantity.quantity><out_Quantity.quantity>925.768274</out_Quantity.quantity></Point><Point><position>10871</position><in_Quantity.quantity>0.000000</in_Quantity.quantity><out_Quantity.quantity>100.417610</out_Quantity.quantity></Point><Point><position>10872</position><in_Quantity.quantity>0.000000</in_Quantity.quantity><out_Quantity.quantity>405.584576</out_Quantity.quantity></Point><Point><position>10873</position><in_Quantity.quantity>0.000000</in_Quantity.quantity><out_Quantity.quantity>413.470501</out_Quantity.quantity></Point><Point><position>10874</position><in_Quantity.quantity>0.000000</in_Quantity.quantity><out_Quantity.quantity>999.088592</out_Quantity.quantity></Point><Point><position>10875</position><in_Quantity.quantity>0.000000</in_Quantity.quantity><out_Quantity.quantity>459.131275</out_Quantity.quantity></Point><Point><position>10876</position><in_Quantity.quantity>0.000000</in_Quantity.quantity><out_Quantity.quantity>853.630823</out_Quantity.quantity></Point><Point><position>10877</position><in_Quantity.quantity>0.000000</in_Quantity.quantity><out_Quantity.quantity>675.287461</out_Quantity.quantity></Point><Point><position>10878</position><in_Quantity.quantity>0.000000</in_Quantity.quantity><out_Quantity.quantity>338.186021</out_Quantity.quantity></Point><Point><position>10879</position><in_Quantity.quantity>0.000000</in_Quantity.quantity><out_Quantity.quantity>792.916854</out_Quantity.quantity></Point><Point><position>10880</position><in_Quantity.quantity>0.000000</in_Quantity.quantity><out_Quantity.quantity>316.612147</out_Quantity.quantity></Point><Point><position>10881</position><in_Quantity.quantity>0.000000</in_Quantity.quantity><out_Quantity.quantity>76.893278</out_Quantity.quantity></Point><Point><position>10882</position><in_Quantity.quantity>0.000000</in_Quantity.quantity><out_Quantity.quantity>318.531782</out_Quantity.quantity></Point><Point><position>10883</position><in_Quantity.quantity>0.000000</in_Quantity.quantity><out_Quantity.quantity>304.508758</out_Quantity.quantity></Point><Point><position>10884</position><in_Quantity.quantity>0.000000</in_Quantity.quantity><out_Quantity.quantity>481.655599</out_Quantity.quantity></Point><Point><position>10885</position><in_Quantity.quantity>0.000000</in_Quantity.quantity><out_Quantity.quantity>777.705186</out_Quantity.quantity></Point><Point><position>10886</position><in_Quantity.quantity>0.000000</in_Quantity.quantity><out_Quantity.quantity>274.863751</out_Quantity.quantity></Point><Point><position>10887</position><in_Quantity.quantity>0.000000</in_Quantity.quantity><out_Quantity.quantity>202.664980</out_Quantity.quantity></Point><Point><position>10888</position><in_Quantity.quantity>0.000000</in_Quantity.quantity><out_Quantity.quantity>226.096409</out_Quantity.quantity></Point><Point><position>10889</position><in_Quantity.quantity>0.000000</in_Quantity.quantity><out_Quantity.quantity>592.867422</out_Quantity.quantity></Point><Point><position>10890</position><in_Quantity.quantity>0.000000</in_Quantity.quantity><out_Quantity.quantity>464.254496</out_Quantity.quantity></Point><Point><position>10891</position><in_Quantity.quantity>0.000000</in_Quantity.quantity><out_Quantity.quantity>824.540272</out_Quantity.quantity></Point><Point><position>10892</position><in_Quantity.quantity>0.000000</in_Quantity.quantity><out_Quantity.quantity>892.090527</out_Quantity.quantity></Point><Point><position>10893</position><in_Quantity.quantity>0.000000</in_Quantity.quantity><out_Quantity.quantity>796.806013</out_Quantity.quantity></Point><Point><position>10894</position><in_Quantity.quantity>0.000000</in_Quantity.quantity><out_Quantity.quantity>210.580787</out_Quantity.quantity></Point><Point><position>10895</position><in_Quantity.quantity>0.000000</in_Quantity.quantity><out_Quantity.quantity>431.131457</out_Quantity.quantity></Point><Point><position>10896</position><in_Quantity.quantity>0.000000</in_Quantity.quantity><out_Quantity.quantity>224.597061</out_Quantity.quantity></Point><Point><position>10897</position><in_Quantity.quantity>0.000000</in_Quantity.quantity><out_Quantity.quantity>201.733779</out_Quantity.quantity></Point><Point><position>10898</position><in_Quantity.quantity>0.000000</in_Quantity.quantity><out_Quantity.quantity>868.140164</out_Quantity.quantity></Point><Point><position>10899</position><in_Quantity.quantity>0.000000</in_Quantity.quantity><out_Quantity.quantity>807.360495</out_Quantity.quantity></Point><Point><position>10900</position><in_Quantity.quantity>0.000000</in_Quantity.quantity><out_Quantity.quantity>739.276242</out_Quantity.quantity></Point><Point><position>10901</position><in_Quantity.quantity>0.000000</in_Quantity.quantity><out_Quantity.quantity>322.523427</out_Quantity.quantity></Point><Point><position>10902</position><in_Quantity.quantity>0.000000</in_Quantity.quantity><out_Quantity.quantity>719.461878</out_Quantity.quantity></Point><Point><position>10903</position><in_Quantity.quantity>0.000000</in_Quantity.quantity><out_Quantity.quantity>506.021187</out_Quantity.quantity></Point><Point><position>10904</position><in_Quantity.quantity>0.000000</in_Quantity.quantity><out_Quantity.quantity>596.204297</out_Quantity.quantity></Point><Point><position>10905</position><in_Quantity.quantity>0.000000</in_Quantity.quantity><out_Quantity.quantity>994.734062</out_Quantity.quantity></Point><Point><position>10906</position><in_Quantity.quantity>0.000000</in_Quantity.quantity><out_Quantity.quantity>314.283728</out_Quantity.quantity></Point><Point><position>10907</position><in_Quantity.quantity>0.000000</in_Quantity.quantity><out_Quantity.quantity>762.998817</out_Quantity.quantity></Point><Point><position>10908</position><in_Quantity.quantity>0.000000</in_Quantity.quantity><out_Quantity.quantity>395.235914</out_Quantity.quantity></Point><Point><position>10909</position><in_Quantity.quantity>0.000000</in_Quantity.quantity><out_Quantity.quantity>349.538979</out_Quantity.quantity></Point><Point><position>10910</position><in_Quantity.quantity>0.000000</in_Quantity.quantity><out_Quantity.quantity>801.946640</out_Quantity.quantity></Point><Point><position>10911</position><in_Quantity.quantity>0.000000</in_Quantity.quantity><out_Quantity.quantity>806.884244</out_Quantity.quantity></Point><Point><position>10912</position><in_Quantity.quantity>0.000000</in_Quantity.quantity><out_Quantity.quantity>121.200259</out_Quantity.quantity></Point><Point><position>10913</position><in_Quantity.quantity>0.000000</in_Quantity.quantity><out_Quantity.quantity>228.769409</out_Quantity.quantity></Point><Point><position>10914</position><in_Quantity.quantity>0.000000</in_Quantity.quantity><out_Quantity.quantity>318.880433</out_Quantity.quantity></Point><Point><position>10915</position><in_Quantity.quantity>0.000000</in_Quantity.quantity><out_Quantity.quantity>42.719128</out_Quantity.quantity></Point><Point><position>10916</position><in_Quantity.quantity>0.000000</in_Quantity.quantity><out_Quantity.quantity>837.378010</out_Quantity.quantity></Point><Point><position>10917</position><in_Quantity.quantity>0.000000</in_Quantity.quantity><out_Quantity.quantity>234.364945</out_Quantity.quantity></Point><Point><position>10918</position><in_Quantity.quantity>0.000000</in_Quantity.quantity><out_Quantity.quantity>314.401977</out_Quantity.quantity></Point><Point><position>10919</position><in_Quantity.quantity>0.000000</in_Quantity.quantity><out_Quantity.quantity>35.457005</out_Quantity.quantity></Point><Point><position>10920</position><in_Quantity.quantity>0.000000</in_Quantity.quantity><out_Quantity.quantity>920.364649</out_Quantity.quantity></Point><Point><position>10921</position><in_Quantity.quantity>0.000000</in_Quantity.quantity><out_Quantity.quantity>110.279090</out_Quantity.quantity></Point><Point><position>10922</position><in_Quantity.quantity>0.000000</in_Quantity.quantity><out_Quantity.quantity>102.036931</out_Quantity.quantity></Point><Point><position>10923</position><in_Quantity.quantity>0.000000</in_Quantity.quantity><out_Quantity.quantity>277.526919</out_Quantity.quantity></Point><Point><position>10924</position><in_Quantity.quantity>0.000000</in_Quantity.quantity><out_Quantity.quantity>922.296554</out_Quantity.quantity></Point><Point><position>10925</position><in_Quantity.quantity>0.000000</in_Quantity.quantity><out_Quantity.quantity>335.935864</out_Quantity.quantity></Point><Point><position>10926</position><in_Quantity.quantity>0.000000</in_Quantity.quantity><out_Quantity.quantity>183.638764</out_Quantity.quantity></Point><Point><position>10927</position><in_Quantity.quantity>0.000000</in_Quantity.quantity><out_Quantity.quantity>281.714182</out_Quantity.quantity></Point><Point><position>10928</position><in_Quantity.quantity>0.000000</in_Quantity.quantity><out_Quantity.quantity>63.760405</out_Quantity.quantity></Point><Point><position>10929</position><in_Quantity.quantity>0.000000</in_Quantity.quantity><out_Quantity.quantity>200.332825</out_Quantity.quantity></Point><Point><position>10930</position><in_Quantity.quantity>0.000000</in_Quantity.quantity><out_Quantity.quantity>625.564673</out_Quantity.quantity></Point><Point><position>10931</position><in_Quantity.quantity>0.000000</in_Quantity.quantity><out_Quantity.quantity>188.370926</out_Quantity.quantity></Point><Point><position>10932</position><in_Quantity.quantity>0.000000</in_Quantity.quantity><out_Quantity.quantity>411.764941</out_Quantity.quantity></Point><Point><position>10933</position><in_Quantity.quantity>0.000000</in_Quantity.quantity><out_Quantity.quantity>902.999692</out_Quantity.quantity></Point><Point><position>10934</position><in_Quantity.quantity>0.000000</in_Quantity.quantity><out_Quantity.quantity>979.009422</out_Quantity.quantity></Point><Point><position>10935</position><in_Quantity.quantity>0.000000</in_Quantity.quantity><out_Quantity.quantity>434.587720</out_Quantity.quantity></Point><Point><position>10936</position><in_Quantity.quantity>0.000000</in_Quantity.quantity><out_Quantity.quantity>47.931001</out_Quantity.quantity></Point><Point><position>10937</position><in_Quantity.quantity>0.000000</in_Quantity.quantity><out_Quantity.quantity>716.300999</out_Quantity.quantity></Point><Point><position>10938</position><in_Quantity.quantity>0.000000</in_Quantity.quantity><out_Quantity.quantity>620.528128</out_Quantity.quantity></Point><Point><position>10939</position><in_Quantity.quantity>0.000000</in_Quantity.quantity><out_Quantity.quantity>535.936235</out_Quantity.quantity></Point><Point><position>10940</position><in_Quantity.quantity>0.000000</in_Quantity.quantity><out_Quantity.quantity>161.386859</out_Quantity.quantity></Point><Point><position>10941</position><in_Quantity.quantity>0.000000</in_Quantity.quantity><out_Quantity.quantity>430.884767</out_Quantity.quantity></Point><Point><position>10942</position><in_Quantity.quantity>0.000000</in_Quantity.quantity><out_Quantity.quantity>5.777159</out_Quantity.quantity></Point><Point><position>10943</position><in_Quantity.quantity>0.000000</in_Quantity.quantity><out_Quantity.quantity>361.854932</out_Quantity.quantity></Point><Point><position>10944</position><in_Quantity.quantity>0.000000</in_Quantity.quantity><out_Quantity.quantity>413.679985</out_Quantity.quantity></Point><Point><position>10945</position><in_Quantity.quantity>0.000000</in_Quantity.quantity><out_Quantity.quantity>574.844483</out_Quantity.quantity></Point><Point><position>10946</position><in_Quantity.quantity>0.000000</in_Quantity.quantity><out_Quantity.quantity>465.130591</out_Quantity.quantity></Point><Point><position>10947</position><in_Quantity.quantity>0.000000</in_Quantity.quantity><out_Quantity.quantity>285.765132</out_Quantity.quantity></Point><Point><position>10948</position><in_Quantity.quantity>0.000000</in_Quantity.quantity><out_Quantity.quantity>60.616050</out_Quantity.quantity></Point><Point><position>10949</position><in_Quantity.quantity>0.000000</in_Quantity.quantity><out_Quantity.quantity>711.927837</out_Quantity.quantity></Point><Point><position>10950</position><in_Quantity.quantity>0.000000</in_Quantity.quantity><out_Quantity.quantity>260.103011</out_Quantity.quantity></Point><Point><position>10951</position><in_Quantity.quantity>0.000000</in_Quantity.quantity><out_Quantity.quantity>501.770683</out_Quantity.quantity></Point><Point><position>10952</position><in_Quantity.quantity>0.000000</in_Quantity.quantity><out_Quantity.quantity>455.317797</out_Quantity.quantity></Point><Point><position>10953</position><in_Quantity.quantity>0.000000</in_Quantity.quantity><out_Quantity.quantity>52.872255</out_Quantity.quantity></Point><Point><position>10954</position><in_Quantity.quantity>0.000000</in_Quantity.quantity><out_Quantity.quantity>944.741337</out_Quantity.quantity></Point><Point><position>10955</position><in_Quantity.quantity>0.000000</in_Quantity.quantity><out_Quantity.quantity>351.864958</out_Quantity.quantity></Point><Point><position>10956</position><in_Quantity.quantity>0.000000</in_Quantity.quantity><out_Quantity.quantity>737.883588</out_Quantity.quantity></Point><Point><position>10957</position><in_Quantity.quantity>0.000000</in_Quantity.quantity><out_Quantity.quantity>616.102524</out_Quantity.quantity></Point><Point><position>10958</position><in_Quantity.quantity>0.000000</in_Quantity.quantity><out_Quantity.quantity>94.349057</out_Quantity.quantity></Point><Point><position>10959</position><in_Quantity.quantity>0.000000</in_Quantity.quantity><out_Quantity.quantity>799.041802</out_Quantity.quantity></Point><Point><position>10960</position><in_Quantity.quantity>0.000000</in_Quantity.quantity><out_Quantity.quantity>5.954628</out_Quantity.quantity></Point><Point><position>10961</position><in_Quantity.quantity>0.000000</in_Quantity.quantity><out_Quantity.quantity>349.479662</out_Quantity.quantity></Point><Point><position>10962</position><in_Quantity.quantity>0.000000</in_Quantity.quantity><out_Quantity.quantity>594.430766</out_Quantity.quantity></Point><Point><position>10963</position><in_Quantity.quantity>0.000000</in_Quantity.quantity><out_Quantity.quantity>264.805898</out_Quantity.quantity></Point><Point><position>10964</position><in_Quantity.quantity>0.000000</in_Quantity.quantity><out_Quantity.quantity>876.811656</out_Quantity.quantity></Point><Point><position>10965</position><in_Quantity.quantity>0.000000</in_Quantity.quantity><out_Quantity.quantity>233.617344</out_Quantity.quantity></Point><Point><position>10966</position><in_Quantity.quantity>0.000000</in_Quantity.quantity><out_Quantity.quantity>133.838452</out_Quantity.quantity></Point><Point><position>10967</position><in_Quantity.quantity>0.000000</in_Quantity.quantity><out_Quantity.quantity>568.827053</out_Quantity.quantity></Point><Point><position>10968</position><in_Quantity.quantity>0.000000</in_Quantity.quantity><out_Quantity.quantity>775.541771</out_Quantity.quantity></Point><Point><position>10969</position><in_Quantity.quantity>0.000000</in_Quantity.quantity><out_Quantity.quantity>460.929384</out_Quantity.quantity></Point><Point><position>10970</position><in_Quantity.quantity>0.000000</in_Quantity.quantity><out_Quantity.quantity>305.129753</out_Quantity.quantity></Point><Point><position>10971</position><in_Quantity.quantity>0.000000</in_Quantity.quantity><out_Quantity.quantity>650.703437</out_Quantity.quantity></Point><Point><position>10972</position><in_Quantity.quantity>0.000000</in_Quantity.quantity><out_Quantity.quantity>450.931936</out_Quantity.quantity></Point><Point><position>10973</position><in_Quantity.quantity>0.000000</in_Quantity.quantity><out_Quantity.quantity>692.252754</out_Quantity.quantity></Point><Point><position>10974</position><in_Quantity.quantity>0.000000</in_Quantity.quantity><out_Quantity.quantity>961.380285</out_Quantity.quantity></Point><Point><position>10975</position><in_Quantity.quantity>0.000000</in_Quantity.quantity><out_Quantity.quantity>359.004519</out_Quantity.quantity></Point><Point><position>10976</position><in_Quantity.quantity>0.000000</in_Quantity.quantity><out_Quantity.quantity>461.387476</out_Quantity.quantity></Point><Point><position>10977</position><in_Quantity.quantity>0.000000</in_Quantity.quantity><out_Quantity.quantity>905.689304</out_Quantity.quantity></Point><Point><position>10978</position><in_Quantity.quantity>0.000000</in_Quantity.quantity><out_Quantity.quantity>483.775648</out_Quantity.quantity></Point><Point><position>10979</position><in_Quantity.quantity>0.000000</in_Quantity.quantity><out_Quantity.quantity>403.133227</out_Quantity.quantity></Point><Point><position>10980</position><in_Quantity.quantity>0.000000</in_Quantity.quantity><out_Quantity.quantity>218.881423</out_Quantity.quantity></Point><Point><position>10981</position><in_Quantity.quantity>0.000000</in_Quantity.quantity><out_Quantity.quantity>402.596476</out_Quantity.quantity></Point><Point><position>10982</position><in_Quantity.quantity>0.000000</in_Quantity.quantity><out_Quantity.quantity>831.373907</out_Quantity.quantity></Point><Point><position>10983</position><in_Quantity.quantity>0.000000</in_Quantity.quantity><out_Quantity.quantity>836.311778</out_Quantity.quantity></Point><Point><position>10984</position><in_Quantity.quantity>0.000000</in_Quantity.quantity><out_Quantity.quantity>281.723996</out_Quantity.quantity></Point><Point><position>10985</position><in_Quantity.quantity>0.000000</in_Quantity.quantity><out_Quantity.quantity>380.892150</out_Quantity.quantity></Point><Point><position>10986</position><in_Quantity.quantity>0.000000</in_Quantity.quantity><out_Quantity.quantity>252.388389</out_Quantity.quantity></Point><Point><position>10987</position><in_Quantity.quantity>0.000000</in_Quantity.quantity><out_Quantity.quantity>795.789637</out_Quantity.quantity></Point><Point><position>10988</position><in_Quantity.quantity>0.000000</in_Quantity.quantity><out_Quantity.quantity>646.818999</out_Quantity.quantity></Point><Point><position>10989</position><in_Quantity.quantity>0.000000</in_Quantity.quantity><out_Quantity.quantity>262.505991</out_Quantity.quantity></Point><Point><position>10990</position><in_Quantity.quantity>0.000000</in_Quantity.quantity><out_Quantity.quantity>98.744458</out_Quantity.quantity></Point><Point><position>10991</position><in_Quantity.quantity>0.000000</in_Quantity.quantity><out_Quantity.quantity>347.203426</out_Quantity.quantity></Point><Point><position>10992</position><in_Quantity.quantity>0.000000</in_Quantity.quantity><out_Quantity.quantity>210.184848</out_Quantity.quantity></Point><Point><position>10993</position><in_Quantity.quantity>0.000000</in_Quantity.quantity><out_Quantity.quantity>737.649801</out_Quantity.quantity></Point><Point><position>10994</position><in_Quantity.quantity>0.000000</in_Quantity.quantity><out_Quantity.quantity>601.614390</out_Quantity.quantity></Point><Point><position>10995</position><in_Quantity.quantity>0.000000</in_Quantity.quantity><out_Quantity.quantity>381.249925</out_Quantity.quantity></Point><Point><position>10996</position><in_Quantity.quantity>0.000000</in_Quantity.quantity><out_Quantity.quantity>292.599435</out_Quantity.quantity></Point><Point><position>10997</position><in_Quantity.quantity>0.000000</in_Quantity.quantity><out_Quantity.quantity>30.284975</out_Quantity.quantity></Point><Point><position>10998</position><in_Quantity.quantity>0.000000</in_Quantity.quantity><out_Quantity.quantity>743.110001</out_Quantity.quantity></Point><Point><position>10999</position><in_Quantity.quantity>0.000000</in_Quantity.quantity><out_Quantity.quantity>355.008869</out_Quantity.quantity></Point><Point><position>11000</position><in_Quantity.quantity>0.000000</in_Quantity.quantity><out_Quantity.quantity>368.751682</out_Quantity.quantity></Point><Point><position>11001</position><in_Quantity.quantity>0.000000</in_Quantity.quantity><out_Quantity.quantity>287.825915</out_Quantity.quantity></Point><Point><position>11002</position><in_Quantity.quantity>0.000000</in_Quantity.quantity><out_Quantity.quantity>454.373477</out_Quantity.quantity></Point><Point><position>11003</position><in_Quantity.quantity>0.000000</in_Quantity.quantity><out_Quantity.quantity>127.555942</out_Quantity.quantity></Point><Point><position>11004</position><in_Quantity.quantity>0.000000</in_Quantity.quantity><out_Quantity.quantity>692.476650</out_Quantity.quantity></Point><Point><position>11005</position><in_Quantity.quantity>0.000000</in_Quantity.quantity><out_Quantity.quantity>715.828825</out_Quantity.quantity></Point><Point><position>11006</position><in_Quantity.quantity>0.000000</in_Quantity.quantity><out_Quantity.quantity>582.223720</out_Quantity.quantity></Point><Point><position>11007</position><in_Quantity.quantity>0.000000</in_Quantity.quantity><out_Quantity.quantity>651.922363</out_Quantity.quantity></Point><Point><position>11008</position><in_Quantity.quantity>0.000000</in_Quantity.quantity><out_Quantity.quantity>238.045837</out_Quantity.quantity></Point><Point><position>11009</position><in_Quantity.quantity>0.000000</in_Quantity.quantity><out_Quantity.quantity>814.617045</out_Quantity.quantity></Point><Point><position>11010</position><in_Quantity.quantity>0.000000</in_Quantity.quantity><out_Quantity.quantity>783.269390</out_Quantity.quantity></Point><Point><position>11011</position><in_Quantity.quantity>0.000000</in_Quantity.quantity><out_Quantity.quantity>62.154965</out_Quantity.quantity></Point><Point><position>11012</position><in_Quantity.quantity>0.000000</in_Quantity.quantity><out_Quantity.quantity>419.517284</out_Quantity.quantity></Point><Point><position>11013</position><in_Quantity.quantity>0.000000</in_Quantity.quantity><out_Quantity.quantity>508.281978</out_Quantity.quantity></Point><Point><position>11014</position><in_Quantity.quantity>0.000000</in_Quantity.quantity><out_Quantity.quantity>941.852025</out_Quantity.quantity></Point><Point><position>11015</position><in_Quantity.quantity>0.000000</in_Quantity.quantity><out_Quantity.quantity>843.315129</out_Quantity.quantity></Point><Point><position>11016</position><in_Quantity.quantity>0.000000</in_Quantity.quantity><out_Quantity.quantity>927.798708</out_Quantity.quantity></Point><Point><position>11017</position><in_Quantity.quantity>0.000000</in_Quantity.quantity><out_Quantity.quantity>498.443629</out_Quantity.quantity></Point><Point><position>11018</position><in_Quantity.quantity>0.000000</in_Quantity.quantity><out_Quantity.quantity>490.538496</out_Quantity.quantity></Point><Point><position>11019</position><in_Quantity.quantity>0.000000</in_Quantity.quantity><out_Quantity.quantity>949.265277</out_Quantity.quantity></Point><Point><position>11020</position><in_Quantity.quantity>0.000000</in_Quantity.quantity><out_Quantity.quantity>562.507751</out_Quantity.quantity></Point><Point><position>11021</position><in_Quantity.quantity>0.000000</in_Quantity.quantity><out_Quantity.quantity>455.083820</out_Quantity.quantity></Point><Point><position>11022</position><in_Quantity.quantity>0.000000</in_Quantity.quantity><out_Quantity.quantity>991.251381</out_Quantity.quantity></Point><Point><position>11023</position><in_Quantity.quantity>0.000000</in_Quantity.quantity><out_Quantity.quantity>709.576450</out_Quantity.quantity></Point><Point><position>11024</position><in_Quantity.quantity>0.000000</in_Quantity.quantity><out_Quantity.quantity>727.643904</out_Quantity.quantity></Point><Point><position>11025</position><in_Quantity.quantity>0.000000</in_Quantity.quantity><out_Quantity.quantity>375.396233</out_Quantity.quantity></Point><Point><position>11026</position><in_Quantity.quantity>0.000000</in_Quantity.quantity><out_Quantity.quantity>890.724131</out_Quantity.quantity></Point><Point><position>11027</position><in_Quantity.quantity>0.000000</in_Quantity.quantity><out_Quantity.quantity>977.883512</out_Quantity.quantity></Point><Point><position>11028</position><in_Quantity.quantity>0.000000</in_Quantity.quantity><out_Quantity.quantity>534.343396</out_Quantity.quantity></Point><Point><position>11029</position><in_Quantity.quantity>0.000000</in_Quantity.quantity><out_Quantity.quantity>355.279507</out_Quantity.quantity></Point><Point><position>11030</position><in_Quantity.quantity>0.000000</in_Quantity.quantity><out_Quantity.quantity>42.233280</out_Quantity.quantity></Point><Point><position>11031</position><in_Quantity.quantity>0.000000</in_Quantity.quantity><out_Quantity.quantity>334.847259</out_Quantity.quantity></Point><Point><position>11032</position><in_Quantity.quantity>0.000000</in_Quantity.quantity><out_Quantity.quantity>406.996541</out_Quantity.quantity></Point><Point><position>11033</position><in_Quantity.quantity>0.000000</in_Quantity.quantity><out_Quantity.quantity>563.023080</out_Quantity.quantity></Point><Point><position>11034</position><in_Quantity.quantity>0.000000</in_Quantity.quantity><out_Quantity.quantity>312.190341</out_Quantity.quantity></Point><Point><position>11035</position><in_Quantity.quantity>0.000000</in_Quantity.quantity><out_Quantity.quantity>27.285416</out_Quantity.quantity></Point><Point><position>11036</position><in_Quantity.quantity>0.000000</in_Quantity.quantity><out_Quantity.quantity>421.857324</out_Quantity.quantity></Point><Point><position>11037</position><in_Quantity.quantity>0.000000</in_Quantity.quantity><out_Quantity.quantity>944.853237</out_Quantity.quantity></Point><Point><position>11038</position><in_Quantity.quantity>0.000000</in_Quantity.quantity><out_Quantity.quantity>842.874324</out_Quantity.quantity></Point><Point><position>11039</position><in_Quantity.quantity>0.000000</in_Quantity.quantity><out_Quantity.quantity>329.668992</out_Quantity.quantity></Point><Point><position>11040</position><in_Quantity.quantity>0.000000</in_Quantity.quantity><out_Quantity.quantity>42.492150</out_Quantity.quantity></Point><Point><position>11041</position><in_Quantity.quantity>0.000000</in_Quantity.quantity><out_Quantity.quantity>608.995402</out_Quantity.quantity></Point><Point><position>11042</position><in_Quantity.quantity>0.000000</in_Quantity.quantity><out_Quantity.quantity>229.396970</out_Quantity.quantity></Point><Point><position>11043</position><in_Quantity.quantity>0.000000</in_Quantity.quantity><out_Quantity.quantity>356.718732</out_Quantity.quantity></Point><Point><position>11044</position><in_Quantity.quantity>0.000000</in_Quantity.quantity><out_Quantity.quantity>3.375664</out_Quantity.quantity></Point><Point><position>11045</position><in_Quantity.quantity>0.000000</in_Quantity.quantity><out_Quantity.quantity>207.351358</out_Quantity.quantity></Point><Point><position>11046</position><in_Quantity.quantity>0.000000</in_Quantity.quantity><out_Quantity.quantity>974.904923</out_Quantity.quantity></Point><Point><position>11047</position><in_Quantity.quantity>0.000000</in_Quantity.quantity><out_Quantity.quantity>465.272886</out_Quantity.quantity></Point><Point><position>11048</position><in_Quantity.quantity>0.000000</in_Quantity.quantity><out_Quantity.quantity>551.025913</out_Quantity.quantity></Point><Point><position>11049</position><in_Quantity.quantity>0.000000</in_Quantity.quantity><out_Quantity.quantity>484.028119</out_Quantity.quantity></Point><Point><position>11050</position><in_Quantity.quantity>0.000000</in_Quantity.quantity><out_Quantity.quantity>957.035306</out_Quantity.quantity></Point><Point><position>11051</position><in_Quantity.quantity>0.000000</in_Quantity.quantity><out_Quantity.quantity>392.737842</out_Quantity.quantity></Point><Point><position>11052</position><in_Quantity.quantity>0.000000</in_Quantity.quantity><out_Quantity.quantity>189.077029</out_Quantity.quantity></Point><Point><position>11053</position><in_Quantity.quantity>0.000000</in_Quantity.quantity><out_Quantity.quantity>444.624775</out_Quantity.quantity></Point><Point><position>11054</position><in_Quantity.quantity>0.000000</in_Quantity.quantity><out_Quantity.quantity>550.537629</out_Quantity.quantity></Point><Point><position>11055</position><in_Quantity.quantity>0.000000</in_Quantity.quantity><out_Quantity.quantity>30.684897</out_Quantity.quantity></Point><Point><position>11056</position><in_Quantity.quantity>0.000000</in_Quantity.quantity><out_Quantity.quantity>120.895080</out_Quantity.quantity></Point><Point><position>11057</position><in_Quantity.quantity>0.000000</in_Quantity.quantity><out_Quantity.quantity>814.392938</out_Quantity.quantity></Point><Point><position>11058</position><in_Quantity.quantity>0.000000</in_Quantity.quantity><out_Quantity.quantity>934.899905</out_Quantity.quantity></Point><Point><position>11059</position><in_Quantity.quantity>0.000000</in_Quantity.quantity><out_Quantity.quantity>315.061060</out_Quantity.quantity></Point><Point><position>11060</position><in_Quantity.quantity>0.000000</in_Quantity.quantity><out_Quantity.quantity>72.423685</out_Quantity.quantity></Point><Point><position>11061</position><in_Quantity.quantity>0.000000</in_Quantity.quantity><out_Quantity.quantity>86.790143</out_Quantity.quantity></Point><Point><position>11062</position><in_Quantity.quantity>0.000000</in_Quantity.quantity><out_Quantity.quantity>178.789779</out_Quantity.quantity></Point><Point><position>11063</position><in_Quantity.quantity>0.000000</in_Quantity.quantity><out_Quantity.quantity>176.593309</out_Quantity.quantity></Point><Point><position>11064</position><in_Quantity.quantity>0.000000</in_Quantity.quantity><out_Quantity.quantity>200.453973</out_Quantity.quantity></Point><Point><position>11065</position><in_Quantity.quantity>0.000000</in_Quantity.quantity><out_Quantity.quantity>704.348311</out_Quantity.quantity></Point><Point><position>11066</position><in_Quantity.quantity>0.000000</in_Quantity.quantity><out_Quantity.quantity>716.149603</out_Quantity.quantity></Point><Point><position>11067</position><in_Quantity.quantity>0.000000</in_Quantity.quantity><out_Quantity.quantity>588.666835</out_Quantity.quantity></Point><Point><position>11068</position><in_Quantity.quantity>0.000000</in_Quantity.quantity><out_Quantity.quantity>149.096326</out_Quantity.quantity></Point><Point><position>11069</position><in_Quantity.quantity>0.000000</in_Quantity.quantity><out_Quantity.quantity>126.457410</out_Quantity.quantity></Point><Point><position>11070</position><in_Quantity.quantity>0.000000</in_Quantity.quantity><out_Quantity.quantity>130.724764</out_Quantity.quantity></Point><Point><position>11071</position><in_Quantity.quantity>0.000000</in_Quantity.quantity><out_Quantity.quantity>847.611227</out_Quantity.quantity></Point><Point><position>11072</position><in_Quantity.quantity>0.000000</in_Quantity.quantity><out_Quantity.quantity>350.489128</out_Quantity.quantity></Point><Point><position>11073</position><in_Quantity.quantity>0.000000</in_Quantity.quantity><out_Quantity.quantity>164.149618</out_Quantity.quantity></Point><Point><position>11074</position><in_Quantity.quantity>0.000000</in_Quantity.quantity><out_Quantity.quantity>676.008742</out_Quantity.quantity></Point><Point><position>11075</position><in_Quantity.quantity>0.000000</in_Quantity.quantity><out_Quantity.quantity>313.089440</out_Quantity.quantity></Point><Point><position>11076</position><in_Quantity.quantity>0.000000</in_Quantity.quantity><out_Quantity.quantity>684.247284</out_Quantity.quantity></Point><Point><position>11077</position><in_Quantity.quantity>0.000000</in_Quantity.quantity><out_Quantity.quantity>186.049901</out_Quantity.quantity></Point><Point><position>11078</position><in_Quantity.quantity>0.000000</in_Quantity.quantity><out_Quantity.quantity>918.412476</out_Quantity.quantity></Point><Point><position>11079</position><in_Quantity.quantity>0.000000</in_Quantity.quantity><out_Quantity.quantity>255.747321</out_Quantity.quantity></Point><Point><position>11080</position><in_Quantity.quantity>0.000000</in_Quantity.quantity><out_Quantity.quantity>407.127525</out_Quantity.quantity></Point><Point><position>11081</position><in_Quantity.quantity>0.000000</in_Quantity.quantity><out_Quantity.quantity>482.912444</out_Quantity.quantity></Point><Point><position>11082</position><in_Quantity.quantity>0.000000</in_Quantity.quantity><out_Quantity.quantity>940.065367</out_Quantity.quantity></Point><Point><position>11083</position><in_Quantity.quantity>0.000000</in_Quantity.quantity><out_Quantity.quantity>835.526027</out_Quantity.quantity></Point><Point><position>11084</position><in_Quantity.quantity>0.000000</in_Quantity.quantity><out_Quantity.quantity>829.826961</out_Quantity.quantity></Point><Point><position>11085</position><in_Quantity.quantity>0.000000</in_Quantity.quantity><out_Quantity.quantity>897.965975</out_Quantity.quantity></Point><Point><position>11086</position><in_Quantity.quantity>0.000000</in_Quantity.quantity><out_Quantity.quantity>335.577470</out_Quantity.quantity></Point><Point><position>11087</position><in_Quantity.quantity>0.000000</in_Quantity.quantity><out_Quantity.quantity>79.951043</out_Quantity.quantity></Point><Point><position>11088</position><in_Quantity.quantity>0.000000</in_Quantity.quantity><out_Quantity.quantity>535.265433</out_Quantity.quantity></Point><Point><position>11089</position><in_Quantity.quantity>0.000000</in_Quantity.quantity><out_Quantity.quantity>41.077130</out_Quantity.quantity></Point><Point><position>11090</position><in_Quantity.quantity>0.000000</in_Quantity.quantity><out_Quantity.quantity>638.547229</out_Quantity.quantity></Point><Point><position>11091</position><in_Quantity.quantity>0.000000</in_Quantity.quantity><out_Quantity.quantity>822.896663</out_Quantity.quantity></Point><Point><position>11092</position><in_Quantity.quantity>0.000000</in_Quantity.quantity><out_Quantity.quantity>284.065320</out_Quantity.quantity></Point><Point><position>11093</position><in_Quantity.quantity>0.000000</in_Quantity.quantity><out_Quantity.quantity>559.382800</out_Quantity.quantity></Point><Point><position>11094</position><in_Quantity.quantity>0.000000</in_Quantity.quantity><out_Quantity.quantity>938.062094</out_Quantity.quantity></Point><Point><position>11095</position><in_Quantity.quantity>0.000000</in_Quantity.quantity><out_Quantity.quantity>337.390731</out_Quantity.quantity></Point><Point><position>11096</position><in_Quantity.quantity>0.000000</in_Quantity.quantity><out_Quantity.quantity>747.217444</out_Quantity.quantity></Point><Point><position>11097</position><in_Quantity.quantity>0.000000</in_Quantity.quantity><out_Quantity.quantity>866.855114</out_Quantity.quantity></Point><Point><position>11098</position><in_Quantity.quantity>0.000000</in_Quantity.quantity><out_Quantity.quantity>80.685387</out_Quantity.quantity></Point><Point><position>11099</position><in_Quantity.quantity>0.000000</in_Quantity.quantity><out_Quantity.quantity>512.919408</out_Quantity.quantity></Point><Point><position>11100</position><in_Quantity.quantity>0.000000</in_Quantity.quantity><out_Quantity.quantity>216.881663</out_Quantity.quantity></Point><Point><position>11101</position><in_Quantity.quantity>0.000000</in_Quantity.quantity><out_Quantity.quantity>461.951522</out_Quantity.quantity></Point><Point><position>11102</position><in_Quantity.quantity>0.000000</in_Quantity.quantity><out_Quantity.quantity>991.750428</out_Quantity.quantity></Point><Point><position>11103</position><in_Quantity.quantity>0.000000</in_Quantity.quantity><out_Quantity.quantity>851.185875</out_Quantity.quantity></Point><Point><position>11104</position><in_Quantity.quantity>0.000000</in_Quantity.quantity><out_Quantity.quantity>651.662740</out_Quantity.quantity></Point><Point><position>11105</position><in_Quantity.quantity>0.000000</in_Quantity.quantity><out_Quantity.quantity>365.185987</out_Quantity.quantity></Point><Point><position>11106</position><in_Quantity.quantity>0.000000</in_Quantity.quantity><out_Quantity.quantity>21.897821</out_Quantity.quantity></Point><Point><position>11107</position><in_Quantity.quantity>0.000000</in_Quantity.quantity><out_Quantity.quantity>767.800944</out_Quantity.quantity></Point><Point><position>11108</position><in_Quantity.quantity>0.000000</in_Quantity.quantity><out_Quantity.quantity>360.420775</out_Quantity.quantity></Point><Point><position>11109</position><in_Quantity.quantity>0.000000</in_Quantity.quantity><out_Quantity.quantity>803.647815</out_Quantity.quantity></Point><Point><position>11110</position><in_Quantity.quantity>0.000000</in_Quantity.quantity><out_Quantity.quantity>911.782111</out_Quantity.quantity></Point><Point><position>11111</position><in_Quantity.quantity>0.000000</in_Quantity.quantity><out_Quantity.quantity>75.076566</out_Quantity.quantity></Point><Point><position>11112</position><in_Quantity.quantity>0.000000</in_Quantity.quantity><out_Quantity.quantity>643.181468</out_Quantity.quantity></Point><Point><position>11113</position><in_Quantity.quantity>0.000000</in_Quantity.quantity><out_Quantity.quantity>637.875980</out_Quantity.quantity></Point><Point><position>11114</position><in_Quantity.quantity>0.000000</in_Quantity.quantity><out_Quantity.quantity>114.471496</out_Quantity.quantity></Point><Point><position>11115</position><in_Quantity.quantity>0.000000</in_Quantity.quantity><out_Quantity.quantity>339.671817</out_Quantity.quantity></Point><Point><position>11116</position><in_Quantity.quantity>0.000000</in_Quantity.quantity><out_Quantity.quantity>165.978881</out_Quantity.quantity></Point><Point><position>11117</position><in_Quantity.quantity>0.000000</in_Quantity.quantity><out_Quantity.quantity>240.785117</out_Quantity.quantity></Point><Point><position>11118</position><in_Quantity.quantity>0.000000</in_Quantity.quantity><out_Quantity.quantity>584.118111</out_Quantity.quantity></Point><Point><position>11119</position><in_Quantity.quantity>0.000000</in_Quantity.quantity><out_Quantity.quantity>733.916403</out_Quantity.quantity></Point><Point><position>11120</position><in_Quantity.quantity>0.000000</in_Quantity.quantity><out_Quantity.quantity>148.572985</out_Quantity.quantity></Point><Point><position>11121</position><in_Quantity.quantity>0.000000</in_Quantity.quantity><out_Quantity.quantity>530.797539</out_Quantity.quantity></Point><Point><position>11122</position><in_Quantity.quantity>0.000000</in_Quantity.quantity><out_Quantity.quantity>587.335416</out_Quantity.quantity></Point><Point><position>11123</position><in_Quantity.quantity>0.000000</in_Quantity.quantity><out_Quantity.quantity>277.750110</out_Quantity.quantity></Point><Point><position>11124</position><in_Quantity.quantity>0.000000</in_Quantity.quantity><out_Quantity.quantity>39.071584</out_Quantity.quantity></Point><Point><position>11125</position><in_Quantity.quantity>0.000000</in_Quantity.quantity><out_Quantity.quantity>118.343504</out_Quantity.quantity></Point><Point><position>11126</position><in_Quantity.quantity>0.000000</in_Quantity.quantity><out_Quantity.quantity>434.380416</out_Quantity.quantity></Point><Point><position>11127</position><in_Quantity.quantity>0.000000</in_Quantity.quantity><out_Quantity.quantity>422.701371</out_Quantity.quantity></Point><Point><position>11128</position><in_Quantity.quantity>0.000000</in_Quantity.quantity><out_Quantity.quantity>931.651785</out_Quantity.quantity></Point><Point><position>11129</position><in_Quantity.quantity>0.000000</in_Quantity.quantity><out_Quantity.quantity>38.489796</out_Quantity.quantity></Point><Point><position>11130</position><in_Quantity.quantity>0.000000</in_Quantity.quantity><out_Quantity.quantity>135.350146</out_Quantity.quantity></Point><Point><position>11131</position><in_Quantity.quantity>0.000000</in_Quantity.quantity><out_Quantity.quantity>25.325115</out_Quantity.quantity></Point><Point><position>11132</position><in_Quantity.quantity>0.000000</in_Quantity.quantity><out_Quantity.quantity>419.011222</out_Quantity.quantity></Point><Point><position>11133</position><in_Quantity.quantity>0.000000</in_Quantity.quantity><out_Quantity.quantity>505.901849</out_Quantity.quantity></Point><Point><position>11134</position><in_Quantity.quantity>0.000000</in_Quantity.quantity><out_Quantity.quantity>947.608454</out_Quantity.quantity></Point><Point><position>11135</position><in_Quantity.quantity>0.000000</in_Quantity.quantity><out_Quantity.quantity>912.953587</out_Quantity.quantity></Point><Point><position>11136</position><in_Quantity.quantity>0.000000</in_Quantity.quantity><out_Quantity.quantity>137.610435</out_Quantity.quantity></Point><Point><position>11137</position><in_Quantity.quantity>0.000000</in_Quantity.quantity><out_Quantity.quantity>701.567305</out_Quantity.quantity></Point><Point><position>11138</position><in_Quantity.quantity>0.000000</in_Quantity.quantity><out_Quantity.quantity>273.806457</out_Quantity.quantity></Point><Point><position>11139</position><in_Quantity.quantity>0.000000</in_Quantity.quantity><out_Quantity.quantity>1.210708</out_Quantity.quantity></Point><Point><position>11140</position><in_Quantity.quantity>0.000000</in_Quantity.quantity><out_Quantity.quantity>355.919420</out_Quantity.quantity></Point><Point><position>11141</position><in_Quantity.quantity>0.000000</in_Quantity.quantity><out_Quantity.quantity>908.178659</out_Quantity.quantity></Point><Point><position>11142</position><in_Quantity.quantity>0.000000</in_Quantity.quantity><out_Quantity.quantity>575.640578</out_Quantity.quantity></Point><Point><position>11143</position><in_Quantity.quantity>0.000000</in_Quantity.quantity><out_Quantity.quantity>267.287933</out_Quantity.quantity></Point><Point><position>11144</position><in_Quantity.quantity>0.000000</in_Quantity.quantity><out_Quantity.quantity>53.932595</out_Quantity.quantity></Point><Point><position>11145</position><in_Quantity.quantity>0.000000</in_Quantity.quantity><out_Quantity.quantity>200.876705</out_Quantity.quantity></Point><Point><position>11146</position><in_Quantity.quantity>0.000000</in_Quantity.quantity><out_Quantity.quantity>285.795583</out_Quantity.quantity></Point><Point><position>11147</position><in_Quantity.quantity>0.000000</in_Quantity.quantity><out_Quantity.quantity>480.985075</out_Quantity.quantity></Point><Point><position>11148</position><in_Quantity.quantity>0.000000</in_Quantity.quantity><out_Quantity.quantity>798.488229</out_Quantity.quantity></Point><Point><position>11149</position><in_Quantity.quantity>0.000000</in_Quantity.quantity><out_Quantity.quantity>468.127236</out_Quantity.quantity></Point><Point><position>11150</position><in_Quantity.quantity>0.000000</in_Quantity.quantity><out_Quantity.quantity>317.598071</out_Quantity.quantity></Point><Point><position>11151</position><in_Quantity.quantity>0.000000</in_Quantity.quantity><out_Quantity.quantity>795.655854</out_Quantity.quantity></Point><Point><position>11152</position><in_Quantity.quantity>0.000000</in_Quantity.quantity><out_Quantity.quantity>387.459596</out_Quantity.quantity></Point><Point><position>11153</position><in_Quantity.quantity>0.000000</in_Quantity.quantity><out_Quantity.quantity>50.077963</out_Quantity.quantity></Point><Point><position>11154</position><in_Quantity.quantity>0.000000</in_Quantity.quantity><out_Quantity.quantity>718.436766</out_Quantity.quantity></Point><Point><position>11155</position><in_Quantity.quantity>0.000000</in_Quantity.quantity><out_Quantity.quantity>4.876913</out_Quantity.quantity></Point><Point><position>11156</position><in_Quantity.quantity>0.000000</in_Quantity.quantity><out_Quantity.quantity>669.749415</out_Quantity.quantity></Point><Point><position>11157</position><in_Quantity.quantity>0.000000</in_Quantity.quantity><out_Quantity.quantity>721.186886</out_Quantity.quantity></Point><Point><position>11158</position><in_Quantity.quantity>0.000000</in_Quantity.quantity><out_Quantity.quantity>910.867650</out_Quantity.quantity></Point><Point><position>11159</position><in_Quantity.quantity>0.000000</in_Quantity.quantity><out_Quantity.quantity>535.642811</out_Quantity.quantity></Point><Point><position>11160</position><in_Quantity.quantity>0.000000</in_Quantity.quantity><out_Quantity.quantity>293.479819</out_Quantity.quantity></Point><Point><position>11161</position><in_Quantity.quantity>0.000000</in_Quantity.quantity><out_Quantity.quantity>570.023191</out_Quantity.quantity></Point><Point><position>11162</position><in_Quantity.quantity>0.000000</in_Quantity.quantity><out_Quantity.quantity>551.730688</out_Quantity.quantity></Point><Point><position>11163</position><in_Quantity.quantity>0.000000</in_Quantity.quantity><out_Quantity.quantity>381.973772</out_Quantity.quantity></Point><Point><position>11164</position><in_Quantity.quantity>0.000000</in_Quantity.quantity><out_Quantity.quantity>315.290826</out_Quantity.quantity></Point><Point><position>11165</position><in_Quantity.quantity>0.000000</in_Quantity.quantity><out_Quantity.quantity>866.901703</out_Quantity.quantity></Point><Point><position>11166</position><in_Quantity.quantity>0.000000</in_Quantity.quantity><out_Quantity.quantity>987.355945</out_Quantity.quantity></Point><Point><position>11167</position><in_Quantity.quantity>0.000000</in_Quantity.quantity><out_Quantity.quantity>580.163048</out_Quantity.quantity></Point><Point><position>11168</position><in_Quantity.quantity>0.000000</in_Quantity.quantity><out_Quantity.quantity>715.997803</out_Quantity.quantity></Point><Point><position>11169</position><in_Quantity.quantity>0.000000</in_Quantity.quantity><out_Quantity.quantity>782.842785</out_Quantity.quantity></Point><Point><position>11170</position><in_Quantity.quantity>0.000000</in_Quantity.quantity><out_Quantity.quantity>705.057589</out_Quantity.quantity></Point><Point><position>11171</position><in_Quantity.quantity>0.000000</in_Quantity.quantity><out_Quantity.quantity>255.398668</out_Quantity.quantity></Point><Point><position>11172</position><in_Quantity.quantity>0.000000</in_Quantity.quantity><out_Quantity.quantity>289.622982</out_Quantity.quantity></Point><Point><position>11173</position><in_Quantity.quantity>0.000000</in_Quantity.quantity><out_Quantity.quantity>889.344894</out_Quantity.quantity></Point><Point><position>11174</position><in_Quantity.quantity>0.000000</in_Quantity.quantity><out_Quantity.quantity>802.879991</out_Quantity.quantity></Point><Point><position>11175</position><in_Quantity.quantity>0.000000</in_Quantity.quantity><out_Quantity.quantity>994.342344</out_Quantity.quantity></Point><Point><position>11176</position><in_Quantity.quantity>0.000000</in_Quantity.quantity><out_Quantity.quantity>545.228080</out_Quantity.quantity></Point><Point><position>11177</position><in_Quantity.quantity>0.000000</in_Quantity.quantity><out_Quantity.quantity>999.713683</out_Quantity.quantity></Point><Point><position>11178</position><in_Quantity.quantity>0.000000</in_Quantity.quantity><out_Quantity.quantity>951.459594</out_Quantity.quantity></Point><Point><position>11179</position><in_Quantity.quantity>0.000000</in_Quantity.quantity><out_Quantity.quantity>726.670389</out_Quantity.quantity></Point><Point><position>11180</position><in_Quantity.quantity>0.000000</in_Quantity.quantity><out_Quantity.quantity>96.351217</out_Quantity.quantity></Point><Point><position>11181</position><in_Quantity.quantity>0.000000</in_Quantity.quantity><out_Quantity.quantity>968.456594</out_Quantity.quantity></Point><Point><position>11182</position><in_Quantity.quantity>0.000000</in_Quantity.quantity><out_Quantity.quantity>647.901553</out_Quantity.quantity></Point><Point><position>11183</position><in_Quantity.quantity>0.000000</in_Quantity.quantity><out_Quantity.quantity>604.333126</out_Quantity.quantity></Point><Point><position>11184</position><in_Quantity.quantity>0.000000</in_Quantity.quantity><out_Quantity.quantity>543.593567</out_Quantity.quantity></Point><Point><position>11185</position><in_Quantity.quantity>0.000000</in_Quantity.quantity><out_Quantity.quantity>411.093116</out_Quantity.quantity></Point><Point><position>11186</position><in_Quantity.quantity>0.000000</in_Quantity.quantity><out_Quantity.quantity>897.070377</out_Quantity.quantity></Point><Point><position>11187</position><in_Quantity.quantity>0.000000</in_Quantity.quantity><out_Quantity.quantity>369.823338</out_Quantity.quantity></Point><Point><position>11188</position><in_Quantity.quantity>0.000000</in_Quantity.quantity><out_Quantity.quantity>556.406741</out_Quantity.quantity></Point><Point><position>11189</position><in_Quantity.quantity>0.000000</in_Quantity.quantity><out_Quantity.quantity>996.343327</out_Quantity.quantity></Point><Point><position>11190</position><in_Quantity.quantity>0.000000</in_Quantity.quantity><out_Quantity.quantity>711.223229</out_Quantity.quantity></Point><Point><position>11191</position><in_Quantity.quantity>0.000000</in_Quantity.quantity><out_Quantity.quantity>50.342561</out_Quantity.quantity></Point><Point><position>11192</position><in_Quantity.quantity>0.000000</in_Quantity.quantity><out_Quantity.quantity>651.595488</out_Quantity.quantity></Point><Point><position>11193</position><in_Quantity.quantity>0.000000</in_Quantity.quantity><out_Quantity.quantity>489.492680</out_Quantity.quantity></Point><Point><position>11194</position><in_Quantity.quantity>0.000000</in_Quantity.quantity><out_Quantity.quantity>364.976320</out_Quantity.quantity></Point><Point><position>11195</position><in_Quantity.quantity>0.000000</in_Quantity.quantity><out_Quantity.quantity>850.321762</out_Quantity.quantity></Point><Point><position>11196</position><in_Quantity.quantity>0.000000</in_Quantity.quantity><out_Quantity.quantity>830.720386</out_Quantity.quantity></Point><Point><position>11197</position><in_Quantity.quantity>0.000000</in_Quantity.quantity><out_Quantity.quantity>864.813076</out_Quantity.quantity></Point><Point><position>11198</position><in_Quantity.quantity>0.000000</in_Quantity.quantity><out_Quantity.quantity>500.149921</out_Quantity.quantity></Point><Point><position>11199</position><in_Quantity.quantity>0.000000</in_Quantity.quantity><out_Quantity.quantity>454.599296</out_Quantity.quantity></Point><Point><position>11200</position><in_Quantity.quantity>0.000000</in_Quantity.quantity><out_Quantity.quantity>863.787089</out_Quantity.quantity></Point><Point><position>11201</position><in_Quantity.quantity>0.000000</in_Quantity.quantity><out_Quantity.quantity>177.553872</out_Quantity.quantity></Point><Point><position>11202</position><in_Quantity.quantity>0.000000</in_Quantity.quantity><out_Quantity.quantity>772.490452</out_Quantity.quantity></Point><Point><position>11203</position><in_Quantity.quantity>0.000000</in_Quantity.quantity><out_Quantity.quantity>372.514350</out_Quantity.quantity></Point><Point><position>11204</position><in_Quantity.quantity>0.000000</in_Quantity.quantity><out_Quantity.quantity>238.840816</out_Quantity.quantity></Point><Point><position>11205</position><in_Quantity.quantity>0.000000</in_Quantity.quantity><out_Quantity.quantity>119.245493</out_Quantity.quantity></Point><Point><position>11206</position><in_Quantity.quantity>0.000000</in_Quantity.quantity><out_Quantity.quantity>123.595785</out_Quantity.quantity></Point><Point><position>11207</position><in_Quantity.quantity>0.000000</in_Quantity.quantity><out_Quantity.quantity>559.573774</out_Quantity.quantity></Point><Point><position>11208</position><in_Quantity.quantity>0.000000</in_Quantity.quantity><out_Quantity.quantity>964.450004</out_Quantity.quantity></Point><Point><position>11209</position><in_Quantity.quantity>0.000000</in_Quantity.quantity><out_Quantity.quantity>589.676072</out_Quantity.quantity></Point><Point><position>11210</position><in_Quantity.quantity>0.000000</in_Quantity.quantity><out_Quantity.quantity>433.362618</out_Quantity.quantity></Point><Point><position>11211</position><in_Quantity.quantity>0.000000</in_Quantity.quantity><out_Quantity.quantity>341.137105</out_Quantity.quantity></Point><Point><position>11212</position><in_Quantity.quantity>0.000000</in_Quantity.quantity><out_Quantity.quantity>501.746401</out_Quantity.quantity></Point><Point><position>11213</position><in_Quantity.quantity>0.000000</in_Quantity.quantity><out_Quantity.quantity>600.971192</out_Quantity.quantity></Point><Point><position>11214</position><in_Quantity.quantity>0.000000</in_Quantity.quantity><out_Quantity.quantity>804.651600</out_Quantity.quantity></Point><Point><position>11215</position><in_Quantity.quantity>0.000000</in_Quantity.quantity><out_Quantity.quantity>928.306096</out_Quantity.quantity></Point><Point><position>11216</position><in_Quantity.quantity>0.000000</in_Quantity.quantity><out_Quantity.quantity>7.549893</out_Quantity.quantity></Point><Point><position>11217</position><in_Quantity.quantity>0.000000</in_Quantity.quantity><out_Quantity.quantity>140.595476</out_Quantity.quantity></Point><Point><position>11218</position><in_Quantity.quantity>0.000000</in_Quantity.quantity><out_Quantity.quantity>571.659245</out_Quantity.quantity></Point><Point><position>11219</position><in_Quantity.quantity>0.000000</in_Quantity.quantity><out_Quantity.quantity>777.608401</out_Quantity.quantity></Point><Point><position>11220</position><in_Quantity.quantity>0.000000</in_Quantity.quantity><out_Quantity.quantity>552.489855</out_Quantity.quantity></Point><Point><position>11221</position><in_Quantity.quantity>0.000000</in_Quantity.quantity><out_Quantity.quantity>770.167764</out_Quantity.quantity></Point><Point><position>11222</position><in_Quantity.quantity>0.000000</in_Quantity.quantity><out_Quantity.quantity>367.182637</out_Quantity.quantity></Point><Point><position>11223</position><in_Quantity.quantity>0.000000</in_Quantity.quantity><out_Quantity.quantity>618.967386</out_Quantity.quantity></Point><Point><position>11224</position><in_Quantity.quantity>0.000000</in_Quantity.quantity><out_Quantity.quantity>296.531665</out_Quantity.quantity></Point><Point><position>11225</position><in_Quantity.quantity>0.000000</in_Quantity.quantity><out_Quantity.quantity>215.750295</out_Quantity.quantity></Point><Point><position>11226</position><in_Quantity.quantity>0.000000</in_Quantity.quantity><out_Quantity.quantity>383.028167</out_Quantity.quantity></Point><Point><position>11227</position><in_Quantity.quantity>0.000000</in_Quantity.quantity><out_Quantity.quantity>848.073211</out_Quantity.quantity></Point><Point><position>11228</position><in_Quantity.quantity>0.000000</in_Quantity.quantity><out_Quantity.quantity>335.038327</out_Quantity.quantity></Point><Point><position>11229</position><in_Quantity.quantity>0.000000</in_Quantity.quantity><out_Quantity.quantity>369.159667</out_Quantity.quantity></Point><Point><position>11230</position><in_Quantity.quantity>0.000000</in_Quantity.quantity><out_Quantity.quantity>513.393038</out_Quantity.quantity></Point><Point><position>11231</position><in_Quantity.quantity>0.000000</in_Quantity.quantity><out_Quantity.quantity>325.435375</out_Quantity.quantity></Point><Point><position>11232</position><in_Quantity.quantity>0.000000</in_Quantity.quantity><out_Quantity.quantity>119.611324</out_Quantity.quantity></Point><Point><position>11233</position><in_Quantity.quantity>0.000000</in_Quantity.quantity><out_Quantity.quantity>538.109077</out_Quantity.quantity></Point><Point><position>11234</position><in_Quantity.quantity>0.000000</in_Quantity.quantity><out_Quantity.quantity>200.811093</out_Quantity.quantity></Point><Point><position>11235</position><in_Quantity.quantity>0.000000</in_Quantity.quantity><out_Quantity.quantity>158.729859</out_Quantity.quantity></Point><Point><position>11236</position><in_Quantity.quantity>0.000000</in_Quantity.quantity><out_Quantity.quantity>746.603050</out_Quantity.quantity></Point><Point><position>11237</position><in_Quantity.quantity>0.000000</in_Quantity.quantity><out_Quantity.quantity>469.584366</out_Quantity.quantity></Point><Point><position>11238</position><in_Quantity.quantity>0.000000</in_Quantity.quantity><out_Quantity.quantity>58.239154</out_Quantity.quantity></Point><Point><position>11239</position><in_Quantity.quantity>0.000000</in_Quantity.quantity><out_Quantity.quantity>313.055717</out_Quantity.quantity></Point><Point><position>11240</position><in_Quantity.quantity>0.000000</in_Quantity.quantity><out_Quantity.quantity>515.958963</out_Quantity.quantity></Point><Point><position>11241</position><in_Quantity.quantity>0.000000</in_Quantity.quantity><out_Quantity.quantity>730.799413</out_Quantity.quantity></Point><Point><position>11242</position><in_Quantity.quantity>0.000000</in_Quantity.quantity><out_Quantity.quantity>936.833916</out_Quantity.quantity></Point><Point><position>11243</position><in_Quantity.quantity>0.000000</in_Quantity.quantity><out_Quantity.quantity>421.896742</out_Quantity.quantity></Point><Point><position>11244</position><in_Quantity.quantity>0.000000</in_Quantity.quantity><out_Quantity.quantity>303.543255</out_Quantity.quantity></Point><Point><position>11245</position><in_Quantity.quantity>0.000000</in_Quantity.quantity><out_Quantity.quantity>384.357853</out_Quantity.quantity></Point><Point><position>11246</position><in_Quantity.quantity>0.000000</in_Quantity.quantity><out_Quantity.quantity>755.261809</out_Quantity.quantity></Point><Point><position>11247</position><in_Quantity.quantity>0.000000</in_Quantity.quantity><out_Quantity.quantity>101.741272</out_Quantity.quantity></Point><Point><position>11248</position><in_Quantity.quantity>0.000000</in_Quantity.quantity><out_Quantity.quantity>19.485274</out_Quantity.quantity></Point><Point><position>11249</position><in_Quantity.quantity>0.000000</in_Quantity.quantity><out_Quantity.quantity>719.693774</out_Quantity.quantity></Point><Point><position>11250</position><in_Quantity.quantity>0.000000</in_Quantity.quantity><out_Quantity.quantity>229.664449</out_Quantity.quantity></Point><Point><position>11251</position><in_Quantity.quantity>0.000000</in_Quantity.quantity><out_Quantity.quantity>247.356356</out_Quantity.quantity></Point><Point><position>11252</position><in_Quantity.quantity>0.000000</in_Quantity.quantity><out_Quantity.quantity>63.368493</out_Quantity.quantity></Point><Point><position>11253</position><in_Quantity.quantity>0.000000</in_Quantity.quantity><out_Quantity.quantity>440.482233</out_Quantity.quantity></Point><Point><position>11254</position><in_Quantity.quantity>0.000000</in_Quantity.quantity><out_Quantity.quantity>4.556399</out_Quantity.quantity></Point><Point><position>11255</position><in_Quantity.quantity>0.000000</in_Quantity.quantity><out_Quantity.quantity>870.584171</out_Quantity.quantity></Point><Point><position>11256</position><in_Quantity.quantity>0.000000</in_Quantity.quantity><out_Quantity.quantity>155.613786</out_Quantity.quantity></Point><Point><position>11257</position><in_Quantity.quantity>0.000000</in_Quantity.quantity><out_Quantity.quantity>938.839641</out_Quantity.quantity></Point><Point><position>11258</position><in_Quantity.quantity>0.000000</in_Quantity.quantity><out_Quantity.quantity>116.208855</out_Quantity.quantity></Point><Point><position>11259</position><in_Quantity.quantity>0.000000</in_Quantity.quantity><out_Quantity.quantity>138.911508</out_Quantity.quantity></Point><Point><position>11260</position><in_Quantity.quantity>0.000000</in_Quantity.quantity><out_Quantity.quantity>562.867941</out_Quantity.quantity></Point><Point><position>11261</position><in_Quantity.quantity>0.000000</in_Quantity.quantity><out_Quantity.quantity>858.155729</out_Quantity.quantity></Point><Point><position>11262</position><in_Quantity.quantity>0.000000</in_Quantity.quantity><out_Quantity.quantity>223.388235</out_Quantity.quantity></Point><Point><position>11263</position><in_Quantity.quantity>0.000000</in_Quantity.quantity><out_Quantity.quantity>700.611039</out_Quantity.quantity></Point><Point><position>11264</position><in_Quantity.quantity>0.000000</in_Quantity.quantity><out_Quantity.quantity>373.081907</out_Quantity.quantity></Point><Point><position>11265</position><in_Quantity.quantity>0.000000</in_Quantity.quantity><out_Quantity.quantity>841.476435</out_Quantity.quantity></Point><Point><position>11266</position><in_Quantity.quantity>0.000000</in_Quantity.quantity><out_Quantity.quantity>103.614618</out_Quantity.quantity></Point><Point><position>11267</position><in_Quantity.quantity>0.000000</in_Quantity.quantity><out_Quantity.quantity>541.641919</out_Quantity.quantity></Point><Point><position>11268</position><in_Quantity.quantity>0.000000</in_Quantity.quantity><out_Quantity.quantity>806.209369</out_Quantity.quantity></Point><Point><position>11269</position><in_Quantity.quantity>0.000000</in_Quantity.quantity><out_Quantity.quantity>45.045804</out_Quantity.quantity></Point><Point><position>11270</position><in_Quantity.quantity>0.000000</in_Quantity.quantity><out_Quantity.quantity>199.566571</out_Quantity.quantity></Point><Point><position>11271</position><in_Quantity.quantity>0.000000</in_Quantity.quantity><out_Quantity.quantity>275.942378</out_Quantity.quantity></Point><Point><position>11272</position><in_Quantity.quantity>0.000000</in_Quantity.quantity><out_Quantity.quantity>987.009116</out_Quantity.quantity></Point><Point><position>11273</position><in_Quantity.quantity>0.000000</in_Quantity.quantity><out_Quantity.quantity>977.898909</out_Quantity.quantity></Point><Point><position>11274</position><in_Quantity.quantity>0.000000</in_Quantity.quantity><out_Quantity.quantity>141.490683</out_Quantity.quantity></Point><Point><position>11275</position><in_Quantity.quantity>0.000000</in_Quantity.quantity><out_Quantity.quantity>688.709687</out_Quantity.quantity></Point><Point><position>11276</position><in_Quantity.quantity>0.000000</in_Quantity.quantity><out_Quantity.quantity>619.078047</out_Quantity.quantity></Point><Point><position>11277</position><in_Quantity.quantity>0.000000</in_Quantity.quantity><out_Quantity.quantity>870.307732</out_Quantity.quantity></Point><Point><position>11278</position><in_Quantity.quantity>0.000000</in_Quantity.quantity><out_Quantity.quantity>621.770374</out_Quantity.quantity></Point><Point><position>11279</position><in_Quantity.quantity>0.000000</in_Quantity.quantity><out_Quantity.quantity>212.190112</out_Quantity.quantity></Point><Point><position>11280</position><in_Quantity.quantity>0.000000</in_Quantity.quantity><out_Quantity.quantity>368.631866</out_Quantity.quantity></Point><Point><position>11281</position><in_Quantity.quantity>0.000000</in_Quantity.quantity><out_Quantity.quantity>508.101838</out_Quantity.quantity></Point><Point><position>11282</position><in_Quantity.quantity>0.000000</in_Quantity.quantity><out_Quantity.quantity>137.817252</out_Quantity.quantity></Point><Point><position>11283</position><in_Quantity.quantity>0.000000</in_Quantity.quantity><out_Quantity.quantity>905.322780</out_Quantity.quantity></Point><Point><position>11284</position><in_Quantity.quantity>0.000000</in_Quantity.quantity><out_Quantity.quantity>664.438838</out_Quantity.quantity></Point><Point><position>11285</position><in_Quantity.quantity>0.000000</in_Quantity.quantity><out_Quantity.quantity>724.087986</out_Quantity.quantity></Point><Point><position>11286</position><in_Quantity.quantity>0.000000</in_Quantity.quantity><out_Quantity.quantity>100.989050</out_Quantity.quantity></Point><Point><position>11287</position><in_Quantity.quantity>0.000000</in_Quantity.quantity><out_Quantity.quantity>222.144659</out_Quantity.quantity></Point><Point><position>11288</position><in_Quantity.quantity>0.000000</in_Quantity.quantity><out_Quantity.quantity>960.445524</out_Quantity.quantity></Point><Point><position>11289</position><in_Quantity.quantity>0.000000</in_Quantity.quantity><out_Quantity.quantity>596.444379</out_Quantity.quantity></Point><Point><position>11290</position><in_Quantity.quantity>0.000000</in_Quantity.quantity><out_Quantity.quantity>497.880785</out_Quantity.quantity></Point><Point><position>11291</position><in_Quantity.quantity>0.000000</in_Quantity.quantity><out_Quantity.quantity>710.021924</out_Quantity.quantity></Point><Point><position>11292</position><in_Quantity.quantity>0.000000</in_Quantity.quantity><out_Quantity.quantity>38.376622</out_Quantity.quantity></Point><Point><position>11293</position><in_Quantity.quantity>0.000000</in_Quantity.quantity><out_Quantity.quantity>492.549694</out_Quantity.quantity></Point><Point><position>11294</position><in_Quantity.quantity>0.000000</in_Quantity.quantity><out_Quantity.quantity>26.399859</out_Quantity.quantity></Point><Point><position>11295</position><in_Quantity.quantity>0.000000</in_Quantity.quantity><out_Quantity.quantity>444.362176</out_Quantity.quantity></Point><Point><position>11296</position><in_Quantity.quantity>0.000000</in_Quantity.quantity><out_Quantity.quantity>178.671020</out_Quantity.quantity></Point><Point><position>11297</position><in_Quantity.quantity>0.000000</in_Quantity.quantity><out_Quantity.quantity>649.744081</out_Quantity.quantity></Point><Point><position>11298</position><in_Quantity.quantity>0.000000</in_Quantity.quantity><out_Quantity.quantity>313.985868</out_Quantity.quantity></Point><Point><position>11299</position><in_Quantity.quantity>0.000000</in_Quantity.quantity><out_Quantity.quantity>635.903097</out_Quantity.quantity></Point><Point><position>11300</position><in_Quantity.quantity>0.000000</in_Quantity.quantity><out_Quantity.quantity>123.051491</out_Quantity.quantity></Point><Point><position>11301</position><in_Quantity.quantity>0.000000</in_Quantity.quantity><out_Quantity.quantity>973.573572</out_Quantity.quantity></Point><Point><position>11302</position><in_Quantity.quantity>0.000000</in_Quantity.quantity><out_Quantity.quantity>630.066949</out_Quantity.quantity></Point><Point><position>11303</position><in_Quantity.quantity>0.000000</in_Quantity.quantity><out_Quantity.quantity>520.777472</out_Quantity.quantity></Point><Point><position>11304</position><in_Quantity.quantity>0.000000</in_Quantity.quantity><out_Quantity.quantity>852.535788</out_Quantity.quantity></Point><Point><position>11305</position><in_Quantity.quantity>0.000000</in_Quantity.quantity><out_Quantity.quantity>425.448058</out_Quantity.quantity></Point><Point><position>11306</position><in_Quantity.quantity>0.000000</in_Quantity.quantity><out_Quantity.quantity>94.902231</out_Quantity.quantity></Point><Point><position>11307</position><in_Quantity.quantity>0.000000</in_Quantity.quantity><out_Quantity.quantity>721.222426</out_Quantity.quantity></Point><Point><position>11308</position><in_Quantity.quantity>0.000000</in_Quantity.quantity><out_Quantity.quantity>880.400090</out_Quantity.quantity></Point><Point><position>11309</position><in_Quantity.quantity>0.000000</in_Quantity.quantity><out_Quantity.quantity>900.404710</out_Quantity.quantity></Point><Point><position>11310</position><in_Quantity.quantity>0.000000</in_Quantity.quantity><out_Quantity.quantity>107.298115</out_Quantity.quantity></Point><Point><position>11311</position><in_Quantity.quantity>0.000000</in_Quantity.quantity><out_Quantity.quantity>876.298556</out_Quantity.quantity></Point><Point><position>11312</position><in_Quantity.quantity>0.000000</in_Quantity.quantity><out_Quantity.quantity>967.973240</out_Quantity.quantity></Point><Point><position>11313</position><in_Quantity.quantity>0.000000</in_Quantity.quantity><out_Quantity.quantity>444.653006</out_Quantity.quantity></Point><Point><position>11314</position><in_Quantity.quantity>0.000000</in_Quantity.quantity><out_Quantity.quantity>358.662147</out_Quantity.quantity></Point><Point><position>11315</position><in_Quantity.quantity>0.000000</in_Quantity.quantity><out_Quantity.quantity>255.899445</out_Quantity.quantity></Point><Point><position>11316</position><in_Quantity.quantity>0.000000</in_Quantity.quantity><out_Quantity.quantity>835.366924</out_Quantity.quantity></Point><Point><position>11317</position><in_Quantity.quantity>0.000000</in_Quantity.quantity><out_Quantity.quantity>92.013739</out_Quantity.quantity></Point><Point><position>11318</position><in_Quantity.quantity>0.000000</in_Quantity.quantity><out_Quantity.quantity>612.300853</out_Quantity.quantity></Point><Point><position>11319</position><in_Quantity.quantity>0.000000</in_Quantity.quantity><out_Quantity.quantity>759.452560</out_Quantity.quantity></Point><Point><position>11320</position><in_Quantity.quantity>0.000000</in_Quantity.quantity><out_Quantity.quantity>98.418907</out_Quantity.quantity></Point><Point><position>11321</position><in_Quantity.quantity>0.000000</in_Quantity.quantity><out_Quantity.quantity>857.904118</out_Quantity.quantity></Point><Point><position>11322</position><in_Quantity.quantity>0.000000</in_Quantity.quantity><out_Quantity.quantity>829.660088</out_Quantity.quantity></Point><Point><position>11323</position><in_Quantity.quantity>0.000000</in_Quantity.quantity><out_Quantity.quantity>381.047709</out_Quantity.quantity></Point><Point><position>11324</position><in_Quantity.quantity>0.000000</in_Quantity.quantity><out_Quantity.quantity>571.227248</out_Quantity.quantity></Point><Point><position>11325</position><in_Quantity.quantity>0.000000</in_Quantity.quantity><out_Quantity.quantity>40.981700</out_Quantity.quantity></Point><Point><position>11326</position><in_Quantity.quantity>0.000000</in_Quantity.quantity><out_Quantity.quantity>289.239679</out_Quantity.quantity></Point><Point><position>11327</position><in_Quantity.quantity>0.000000</in_Quantity.quantity><out_Quantity.quantity>225.541565</out_Quantity.quantity></Point><Point><position>11328</position><in_Quantity.quantity>0.000000</in_Quantity.quantity><out_Quantity.quantity>665.056125</out_Quantity.quantity></Point><Point><position>11329</position><in_Quantity.quantity>0.000000</in_Quantity.quantity><out_Quantity.quantity>361.362205</out_Quantity.quantity></Point><Point><position>11330</position><in_Quantity.quantity>0.000000</in_Quantity.quantity><out_Quantity.quantity>622.860367</out_Quantity.quantity></Point><Point><position>11331</position><in_Quantity.quantity>0.000000</in_Quantity.quantity><out_Quantity.quantity>367.107112</out_Quantity.quantity></Point><Point><position>11332</position><in_Quantity.quantity>0.000000</in_Quantity.quantity><out_Quantity.quantity>234.565088</out_Quantity.quantity></Point><Point><position>11333</position><in_Quantity.quantity>0.000000</in_Quantity.quantity><out_Quantity.quantity>995.635514</out_Quantity.quantity></Point><Point><position>11334</position><in_Quantity.quantity>0.000000</in_Quantity.quantity><out_Quantity.quantity>979.666327</out_Quantity.quantity></Point><Point><position>11335</position><in_Quantity.quantity>0.000000</in_Quantity.quantity><out_Quantity.quantity>196.515160</out_Quantity.quantity></Point><Point><position>11336</position><in_Quantity.quantity>0.000000</in_Quantity.quantity><out_Quantity.quantity>990.912463</out_Quantity.quantity></Point><Point><position>11337</position><in_Quantity.quantity>0.000000</in_Quantity.quantity><out_Quantity.quantity>39.659932</out_Quantity.quantity></Point><Point><position>11338</position><in_Quantity.quantity>0.000000</in_Quantity.quantity><out_Quantity.quantity>884.967279</out_Quantity.quantity></Point><Point><position>11339</position><in_Quantity.quantity>0.000000</in_Quantity.quantity><out_Quantity.quantity>547.893204</out_Quantity.quantity></Point><Point><position>11340</position><in_Quantity.quantity>0.000000</in_Quantity.quantity><out_Quantity.quantity>243.102002</out_Quantity.quantity></Point><Point><position>11341</position><in_Quantity.quantity>0.000000</in_Quantity.quantity><out_Quantity.quantity>901.999988</out_Quantity.quantity></Point><Point><position>11342</position><in_Quantity.quantity>0.000000</in_Quantity.quantity><out_Quantity.quantity>559.161973</out_Quantity.quantity></Point><Point><position>11343</position><in_Quantity.quantity>0.000000</in_Quantity.quantity><out_Quantity.quantity>788.696512</out_Quantity.quantity></Point><Point><position>11344</position><in_Quantity.quantity>0.000000</in_Quantity.quantity><out_Quantity.quantity>386.667925</out_Quantity.quantity></Point><Point><position>11345</position><in_Quantity.quantity>0.000000</in_Quantity.quantity><out_Quantity.quantity>184.207732</out_Quantity.quantity></Point><Point><position>11346</position><in_Quantity.quantity>0.000000</in_Quantity.quantity><out_Quantity.quantity>526.253241</out_Quantity.quantity></Point><Point><position>11347</position><in_Quantity.quantity>0.000000</in_Quantity.quantity><out_Quantity.quantity>976.031132</out_Quantity.quantity></Point><Point><position>11348</position><in_Quantity.quantity>0.000000</in_Quantity.quantity><out_Quantity.quantity>970.849284</out_Quantity.quantity></Point><Point><position>11349</position><in_Quantity.quantity>0.000000</in_Quantity.quantity><out_Quantity.quantity>60.416343</out_Quantity.quantity></Point><Point><position>11350</position><in_Quantity.quantity>0.000000</in_Quantity.quantity><out_Quantity.quantity>311.191362</out_Quantity.quantity></Point><Point><position>11351</position><in_Quantity.quantity>0.000000</in_Quantity.quantity><out_Quantity.quantity>5.088027</out_Quantity.quantity></Point><Point><position>11352</position><in_Quantity.quantity>0.000000</in_Quantity.quantity><out_Quantity.quantity>266.671304</out_Quantity.quantity></Point><Point><position>11353</position><in_Quantity.quantity>0.000000</in_Quantity.quantity><out_Quantity.quantity>146.928865</out_Quantity.quantity></Point><Point><position>11354</position><in_Quantity.quantity>0.000000</in_Quantity.quantity><out_Quantity.quantity>382.867810</out_Quantity.quantity></Point><Point><position>11355</position><in_Quantity.quantity>0.000000</in_Quantity.quantity><out_Quantity.quantity>790.071353</out_Quantity.quantity></Point><Point><position>11356</position><in_Quantity.quantity>0.000000</in_Quantity.quantity><out_Quantity.quantity>889.858576</out_Quantity.quantity></Point><Point><position>11357</position><in_Quantity.quantity>0.000000</in_Quantity.quantity><out_Quantity.quantity>264.263702</out_Quantity.quantity></Point><Point><position>11358</position><in_Quantity.quantity>0.000000</in_Quantity.quantity><out_Quantity.quantity>74.537254</out_Quantity.quantity></Point><Point><position>11359</position><in_Quantity.quantity>0.000000</in_Quantity.quantity><out_Quantity.quantity>498.727363</out_Quantity.quantity></Point><Point><position>11360</position><in_Quantity.quantity>0.000000</in_Quantity.quantity><out_Quantity.quantity>456.420537</out_Quantity.quantity></Point><Point><position>11361</position><in_Quantity.quantity>0.000000</in_Quantity.quantity><out_Quantity.quantity>627.456539</out_Quantity.quantity></Point><Point><position>11362</position><in_Quantity.quantity>0.000000</in_Quantity.quantity><out_Quantity.quantity>553.235675</out_Quantity.quantity></Point><Point><position>11363</position><in_Quantity.quantity>0.000000</in_Quantity.quantity><out_Quantity.quantity>125.649334</out_Quantity.quantity></Point><Point><position>11364</position><in_Quantity.quantity>0.000000</in_Quantity.quantity><out_Quantity.quantity>794.506202</out_Quantity.quantity></Point><Point><position>11365</position><in_Quantity.quantity>0.000000</in_Quantity.quantity><out_Quantity.quantity>511.175756</out_Quantity.quantity></Point><Point><position>11366</position><in_Quantity.quantity>0.000000</in_Quantity.quantity><out_Quantity.quantity>825.390946</out_Quantity.quantity></Point><Point><position>11367</position><in_Quantity.quantity>0.000000</in_Quantity.quantity><out_Quantity.quantity>40.016007</out_Quantity.quantity></Point><Point><position>11368</position><in_Quantity.quantity>0.000000</in_Quantity.quantity><out_Quantity.quantity>88.203040</out_Quantity.quantity></Point><Point><position>11369</position><in_Quantity.quantity>0.000000</in_Quantity.quantity><out_Quantity.quantity>490.286253</out_Quantity.quantity></Point><Point><position>11370</position><in_Quantity.quantity>0.000000</in_Quantity.quantity><out_Quantity.quantity>991.354631</out_Quantity.quantity></Point><Point><position>11371</position><in_Quantity.quantity>0.000000</in_Quantity.quantity><out_Quantity.quantity>695.124931</out_Quantity.quantity></Point><Point><position>11372</position><in_Quantity.quantity>0.000000</in_Quantity.quantity><out_Quantity.quantity>195.747584</out_Quantity.quantity></Point><Point><position>11373</position><in_Quantity.quantity>0.000000</in_Quantity.quantity><out_Quantity.quantity>356.437938</out_Quantity.quantity></Point><Point><position>11374</position><in_Quantity.quantity>0.000000</in_Quantity.quantity><out_Quantity.quantity>268.714045</out_Quantity.quantity></Point><Point><position>11375</position><in_Quantity.quantity>0.000000</in_Quantity.quantity><out_Quantity.quantity>384.750769</out_Quantity.quantity></Point><Point><position>11376</position><in_Quantity.quantity>0.000000</in_Quantity.quantity><out_Quantity.quantity>449.474572</out_Quantity.quantity></Point><Point><position>11377</position><in_Quantity.quantity>0.000000</in_Quantity.quantity><out_Quantity.quantity>23.917718</out_Quantity.quantity></Point><Point><position>11378</position><in_Quantity.quantity>0.000000</in_Quantity.quantity><out_Quantity.quantity>87.999122</out_Quantity.quantity></Point><Point><position>11379</position><in_Quantity.quantity>0.000000</in_Quantity.quantity><out_Quantity.quantity>46.883960</out_Quantity.quantity></Point><Point><position>11380</position><in_Quantity.quantity>0.000000</in_Quantity.quantity><out_Quantity.quantity>212.106628</out_Quantity.quantity></Point><Point><position>11381</position><in_Quantity.quantity>0.000000</in_Quantity.quantity><out_Quantity.quantity>871.127656</out_Quantity.quantity></Point><Point><position>11382</position><in_Quantity.quantity>0.000000</in_Quantity.quantity><out_Quantity.quantity>680.229475</out_Quantity.quantity></Point><Point><position>11383</position><in_Quantity.quantity>0.000000</in_Quantity.quantity><out_Quantity.quantity>879.547608</out_Quantity.quantity></Point><Point><position>11384</position><in_Quantity.quantity>0.000000</in_Quantity.quantity><out_Quantity.quantity>109.770685</out_Quantity.quantity></Point><Point><position>11385</position><in_Quantity.quantity>0.000000</in_Quantity.quantity><out_Quantity.quantity>275.032586</out_Quantity.quantity></Point><Point><position>11386</position><in_Quantity.quantity>0.000000</in_Quantity.quantity><out_Quantity.quantity>593.222307</out_Quantity.quantity></Point><Point><position>11387</position><in_Quantity.quantity>0.000000</in_Quantity.quantity><out_Quantity.quantity>233.445015</out_Quantity.quantity></Point><Point><position>11388</position><in_Quantity.quantity>0.000000</in_Quantity.quantity><out_Quantity.quantity>673.611008</out_Quantity.quantity></Point><Point><position>11389</position><in_Quantity.quantity>0.000000</in_Quantity.quantity><out_Quantity.quantity>706.130889</out_Quantity.quantity></Point><Point><position>11390</position><in_Quantity.quantity>0.000000</in_Quantity.quantity><out_Quantity.quantity>429.315682</out_Quantity.quantity></Point><Point><position>11391</position><in_Quantity.quantity>0.000000</in_Quantity.quantity><out_Quantity.quantity>548.687471</out_Quantity.quantity></Point><Point><position>11392</position><in_Quantity.quantity>0.000000</in_Quantity.quantity><out_Quantity.quantity>268.054489</out_Quantity.quantity></Point><Point><position>11393</position><in_Quantity.quantity>0.000000</in_Quantity.quantity><out_Quantity.quantity>48.034176</out_Quantity.quantity></Point><Point><position>11394</position><in_Quantity.quantity>0.000000</in_Quantity.quantity><out_Quantity.quantity>483.046409</out_Quantity.quantity></Point><Point><position>11395</position><in_Quantity.quantity>0.000000</in_Quantity.quantity><out_Quantity.quantity>426.850119</out_Quantity.quantity></Point><Point><position>11396</position><in_Quantity.quantity>0.000000</in_Quantity.quantity><out_Quantity.quantity>855.568554</out_Quantity.quantity></Point><Point><position>11397</position><in_Quantity.quantity>0.000000</in_Quantity.quantity><out_Quantity.quantity>988.036827</out_Quantity.quantity></Point><Point><position>11398</position><in_Quantity.quantity>0.000000</in_Quantity.quantity><out_Quantity.quantity>694.455210</out_Quantity.quantity></Point><Point><position>11399</position><in_Quantity.quantity>0.000000</in_Quantity.quantity><out_Quantity.quantity>661.342040</out_Quantity.quantity></Point><Point><position>11400</position><in_Quantity.quantity>0.000000</in_Quantity.quantity><out_Quantity.quantity>307.599301</out_Quantity.quantity></Point><Point><position>11401</position><in_Quantity.quantity>0.000000</in_Quantity.quantity><out_Quantity.quantity>457.482147</out_Quantity.quantity></Point><Point><position>11402</position><in_Quantity.quantity>0.000000</in_Quantity.quantity><out_Quantity.quantity>244.413778</out_Quantity.quantity></Point><Point><position>11403</position><in_Quantity.quantity>0.000000</in_Quantity.quantity><out_Quantity.quantity>930.369004</out_Quantity.quantity></Point><Point><position>11404</position><in_Quantity.quantity>0.000000</in_Quantity.quantity><out_Quantity.quantity>406.717883</out_Quantity.quantity></Point><Point><position>11405</position><in_Quantity.quantity>0.000000</in_Quantity.quantity><out_Quantity.quantity>281.790114</out_Quantity.quantity></Point><Point><position>11406</position><in_Quantity.quantity>0.000000</in_Quantity.quantity><out_Quantity.quantity>615.527892</out_Quantity.quantity></Point><Point><position>11407</position><in_Quantity.quantity>0.000000</in_Quantity.quantity><out_Quantity.quantity>74.426636</out_Quantity.quantity></Point><Point><position>11408</position><in_Quantity.quantity>0.000000</in_Quantity.quantity><out_Quantity.quantity>500.616972</out_Quantity.quantity></Point><Point><position>11409</position><in_Quantity.quantity>0.000000</in_Quantity.quantity><out_Quantity.quantity>480.679867</out_Quantity.quantity></Point><Point><position>11410</position><in_Quantity.quantity>0.000000</in_Quantity.quantity><out_Quantity.quantity>855.554216</out_Quantity.quantity></Point><Point><position>11411</position><in_Quantity.quantity>0.000000</in_Quantity.quantity><out_Quantity.quantity>755.412427</out_Quantity.quantity></Point><Point><position>11412</position><in_Quantity.quantity>0.000000</in_Quantity.quantity><out_Quantity.quantity>449.393610</out_Quantity.quantity></Point><Point><position>11413</position><in_Quantity.quantity>0.000000</in_Quantity.quantity><out_Quantity.quantity>597.493006</out_Quantity.quantity></Point><Point><position>11414</position><in_Quantity.quantity>0.000000</in_Quantity.quantity><out_Quantity.quantity>522.531679</out_Quantity.quantity></Point><Point><position>11415</position><in_Quantity.quantity>0.000000</in_Quantity.quantity><out_Quantity.quantity>297.618668</out_Quantity.quantity></Point><Point><position>11416</position><in_Quantity.quantity>0.000000</in_Quantity.quantity><out_Quantity.quantity>565.539975</out_Quantity.quantity></Point><Point><position>11417</position><in_Quantity.quantity>0.000000</in_Quantity.quantity><out_Quantity.quantity>415.907112</out_Quantity.quantity></Point><Point><position>11418</position><in_Quantity.quantity>0.000000</in_Quantity.quantity><out_Quantity.quantity>961.699542</out_Quantity.quantity></Point><Point><position>11419</position><in_Quantity.quantity>0.000000</in_Quantity.quantity><out_Quantity.quantity>888.069248</out_Quantity.quantity></Point><Point><position>11420</position><in_Quantity.quantity>0.000000</in_Quantity.quantity><out_Quantity.quantity>501.025560</out_Quantity.quantity></Point><Point><position>11421</position><in_Quantity.quantity>0.000000</in_Quantity.quantity><out_Quantity.quantity>391.487341</out_Quantity.quantity></Point><Point><position>11422</position><in_Quantity.quantity>0.000000</in_Quantity.quantity><out_Quantity.quantity>673.337699</out_Quantity.quantity></Point><Point><position>11423</position><in_Quantity.quantity>0.000000</in_Quantity.quantity><out_Quantity.quantity>549.801627</out_Quantity.quantity></Point><Point><position>11424</position><in_Quantity.quantity>0.000000</in_Quantity.quantity><out_Quantity.quantity>699.446298</out_Quantity.quantity></Point><Point><position>11425</position><in_Quantity.quantity>0.000000</in_Quantity.quantity><out_Quantity.quantity>184.287835</out_Quantity.quantity></Point><Point><position>11426</position><in_Quantity.quantity>0.000000</in_Quantity.quantity><out_Quantity.quantity>90.858250</out_Quantity.quantity></Point><Point><position>11427</position><in_Quantity.quantity>0.000000</in_Quantity.quantity><out_Quantity.quantity>510.391217</out_Quantity.quantity></Point><Point><position>11428</position><in_Quantity.quantity>0.000000</in_Quantity.quantity><out_Quantity.quantity>658.214261</out_Quantity.quantity></Point><Point><position>11429</position><in_Quantity.quantity>0.000000</in_Quantity.quantity><out_Quantity.quantity>708.082871</out_Quantity.quantity></Point><Point><position>11430</position><in_Quantity.quantity>0.000000</in_Quantity.quantity><out_Quantity.quantity>338.205787</out_Quantity.quantity></Point><Point><position>11431</position><in_Quantity.quantity>0.000000</in_Quantity.quantity><out_Quantity.quantity>830.202015</out_Quantity.quantity></Point><Point><position>11432</position><in_Quantity.quantity>0.000000</in_Quantity.quantity><out_Quantity.quantity>55.496886</out_Quantity.quantity></Point><Point><position>11433</position><in_Quantity.quantity>0.000000</in_Quantity.quantity><out_Quantity.quantity>108.929549</out_Quantity.quantity></Point><Point><position>11434</position><in_Quantity.quantity>0.000000</in_Quantity.quantity><out_Quantity.quantity>273.325156</out_Quantity.quantity></Point><Point><position>11435</position><in_Quantity.quantity>0.000000</in_Quantity.quantity><out_Quantity.quantity>882.652770</out_Quantity.quantity></Point><Point><position>11436</position><in_Quantity.quantity>0.000000</in_Quantity.quantity><out_Quantity.quantity>223.863155</out_Quantity.quantity></Point><Point><position>11437</position><in_Quantity.quantity>0.000000</in_Quantity.quantity><out_Quantity.quantity>28.298913</out_Quantity.quantity></Point><Point><position>11438</position><in_Quantity.quantity>0.000000</in_Quantity.quantity><out_Quantity.quantity>690.015600</out_Quantity.quantity></Point><Point><position>11439</position><in_Quantity.quantity>0.000000</in_Quantity.quantity><out_Quantity.quantity>607.375826</out_Quantity.quantity></Point><Point><position>11440</position><in_Quantity.quantity>0.000000</in_Quantity.quantity><out_Quantity.quantity>736.046889</out_Quantity.quantity></Point><Point><position>11441</position><in_Quantity.quantity>0.000000</in_Quantity.quantity><out_Quantity.quantity>751.470165</out_Quantity.quantity></Point><Point><position>11442</position><in_Quantity.quantity>0.000000</in_Quantity.quantity><out_Quantity.quantity>382.830144</out_Quantity.quantity></Point><Point><position>11443</position><in_Quantity.quantity>0.000000</in_Quantity.quantity><out_Quantity.quantity>904.296122</out_Quantity.quantity></Point><Point><position>11444</position><in_Quantity.quantity>0.000000</in_Quantity.quantity><out_Quantity.quantity>192.597137</out_Quantity.quantity></Point><Point><position>11445</position><in_Quantity.quantity>0.000000</in_Quantity.quantity><out_Quantity.quantity>258.341380</out_Quantity.quantity></Point><Point><position>11446</position><in_Quantity.quantity>0.000000</in_Quantity.quantity><out_Quantity.quantity>755.336818</out_Quantity.quantity></Point><Point><position>11447</position><in_Quantity.quantity>0.000000</in_Quantity.quantity><out_Quantity.quantity>663.964975</out_Quantity.quantity></Point><Point><position>11448</position><in_Quantity.quantity>0.000000</in_Quantity.quantity><out_Quantity.quantity>754.418374</out_Quantity.quantity></Point><Point><position>11449</position><in_Quantity.quantity>0.000000</in_Quantity.quantity><out_Quantity.quantity>133.629821</out_Quantity.quantity></Point><Point><position>11450</position><in_Quantity.quantity>0.000000</in_Quantity.quantity><out_Quantity.quantity>100.136917</out_Quantity.quantity></Point><Point><position>11451</position><in_Quantity.quantity>0.000000</in_Quantity.quantity><out_Quantity.quantity>769.900686</out_Quantity.quantity></Point><Point><position>11452</position><in_Quantity.quantity>0.000000</in_Quantity.quantity><out_Quantity.quantity>393.308722</out_Quantity.quantity></Point><Point><position>11453</position><in_Quantity.quantity>0.000000</in_Quantity.quantity><out_Quantity.quantity>998.544404</out_Quantity.quantity></Point><Point><position>11454</position><in_Quantity.quantity>0.000000</in_Quantity.quantity><out_Quantity.quantity>171.896043</out_Quantity.quantity></Point><Point><position>11455</position><in_Quantity.quantity>0.000000</in_Quantity.quantity><out_Quantity.quantity>926.990958</out_Quantity.quantity></Point><Point><position>11456</position><in_Quantity.quantity>0.000000</in_Quantity.quantity><out_Quantity.quantity>635.973446</out_Quantity.quantity></Point><Point><position>11457</position><in_Quantity.quantity>0.000000</in_Quantity.quantity><out_Quantity.quantity>393.982054</out_Quantity.quantity></Point><Point><position>11458</position><in_Quantity.quantity>0.000000</in_Quantity.quantity><out_Quantity.quantity>135.751695</out_Quantity.quantity></Point><Point><position>11459</position><in_Quantity.quantity>0.000000</in_Quantity.quantity><out_Quantity.quantity>563.522433</out_Quantity.quantity></Point><Point><position>11460</position><in_Quantity.quantity>0.000000</in_Quantity.quantity><out_Quantity.quantity>180.539793</out_Quantity.quantity></Point><Point><position>11461</position><in_Quantity.quantity>0.000000</in_Quantity.quantity><out_Quantity.quantity>752.522035</out_Quantity.quantity></Point><Point><position>11462</position><in_Quantity.quantity>0.000000</in_Quantity.quantity><out_Quantity.quantity>806.786962</out_Quantity.quantity></Point><Point><position>11463</position><in_Quantity.quantity>0.000000</in_Quantity.quantity><out_Quantity.quantity>365.627692</out_Quantity.quantity></Point><Point><position>11464</position><in_Quantity.quantity>0.000000</in_Quantity.quantity><out_Quantity.quantity>694.803461</out_Quantity.quantity></Point><Point><position>11465</position><in_Quantity.quantity>0.000000</in_Quantity.quantity><out_Quantity.quantity>818.784068</out_Quantity.quantity></Point><Point><position>11466</position><in_Quantity.quantity>0.000000</in_Quantity.quantity><out_Quantity.quantity>245.258977</out_Quantity.quantity></Point><Point><position>11467</position><in_Quantity.quantity>0.000000</in_Quantity.quantity><out_Quantity.quantity>819.576787</out_Quantity.quantity></Point><Point><position>11468</position><in_Quantity.quantity>0.000000</in_Quantity.quantity><out_Quantity.quantity>165.226155</out_Quantity.quantity></Point><Point><position>11469</position><in_Quantity.quantity>0.000000</in_Quantity.quantity><out_Quantity.quantity>100.293187</out_Quantity.quantity></Point><Point><position>11470</position><in_Quantity.quantity>0.000000</in_Quantity.quantity><out_Quantity.quantity>651.596348</out_Quantity.quantity></Point><Point><position>11471</position><in_Quantity.quantity>0.000000</in_Quantity.quantity><out_Quantity.quantity>290.827509</out_Quantity.quantity></Point><Point><position>11472</position><in_Quantity.quantity>0.000000</in_Quantity.quantity><out_Quantity.quantity>879.756344</out_Quantity.quantity></Point><Point><position>11473</position><in_Quantity.quantity>0.000000</in_Quantity.quantity><out_Quantity.quantity>495.840124</out_Quantity.quantity></Point><Point><position>11474</position><in_Quantity.quantity>0.000000</in_Quantity.quantity><out_Quantity.quantity>122.968850</out_Quantity.quantity></Point><Point><position>11475</position><in_Quantity.quantity>0.000000</in_Quantity.quantity><out_Quantity.quantity>14.411456</out_Quantity.quantity></Point><Point><position>11476</position><in_Quantity.quantity>0.000000</in_Quantity.quantity><out_Quantity.quantity>498.314731</out_Quantity.quantity></Point><Point><position>11477</position><in_Quantity.quantity>0.000000</in_Quantity.quantity><out_Quantity.quantity>980.910038</out_Quantity.quantity></Point><Point><position>11478</position><in_Quantity.quantity>0.000000</in_Quantity.quantity><out_Quantity.quantity>110.811957</out_Quantity.quantity></Point><Point><position>11479</position><in_Quantity.quantity>0.000000</in_Quantity.quantity><out_Quantity.quantity>533.696728</out_Quantity.quantity></Point><Point><position>11480</position><in_Quantity.quantity>0.000000</in_Quantity.quantity><out_Quantity.quantity>559.166000</out_Quantity.quantity></Point><Point><position>11481</position><in_Quantity.quantity>0.000000</in_Quantity.quantity><out_Quantity.quantity>849.029375</out_Quantity.quantity></Point><Point><position>11482</position><in_Quantity.quantity>0.000000</in_Quantity.quantity><out_Quantity.quantity>863.370835</out_Quantity.quantity></Point><Point><position>11483</position><in_Quantity.quantity>0.000000</in_Quantity.quantity><out_Quantity.quantity>430.810965</out_Quantity.quantity></Point><Point><position>11484</position><in_Quantity.quantity>0.000000</in_Quantity.quantity><out_Quantity.quantity>224.604673</out_Quantity.quantity></Point><Point><position>11485</position><in_Quantity.quantity>0.000000</in_Quantity.quantity><out_Quantity.quantity>366.676667</out_Quantity.quantity></Point><Point><position>11486</position><in_Quantity.quantity>0.000000</in_Quantity.quantity><out_Quantity.quantity>267.446174</out_Quantity.quantity></Point><Point><position>11487</position><in_Quantity.quantity>0.000000</in_Quantity.quantity><out_Quantity.quantity>986.468304</out_Quantity.quantity></Point><Point><position>11488</position><in_Quantity.quantity>0.000000</in_Quantity.quantity><out_Quantity.quantity>825.086210</out_Quantity.quantity></Point><Point><position>11489</position><in_Quantity.quantity>0.000000</in_Quantity.quantity><out_Quantity.quantity>535.852077</out_Quantity.quantity></Point><Point><position>11490</position><in_Quantity.quantity>0.000000</in_Quantity.quantity><out_Quantity.quantity>878.875359</out_Quantity.quantity></Point><Point><position>11491</position><in_Quantity.quantity>0.000000</in_Quantity.quantity><out_Quantity.quantity>277.603804</out_Quantity.quantity></Point><Point><position>11492</position><in_Quantity.quantity>0.000000</in_Quantity.quantity><out_Quantity.quantity>782.463012</out_Quantity.quantity></Point><Point><position>11493</position><in_Quantity.quantity>0.000000</in_Quantity.quantity><out_Quantity.quantity>361.028490</out_Quantity.quantity></Point><Point><position>11494</position><in_Quantity.quantity>0.000000</in_Quantity.quantity><out_Quantity.quantity>173.292517</out_Quantity.quantity></Point><Point><position>11495</position><in_Quantity.quantity>0.000000</in_Quantity.quantity><out_Quantity.quantity>806.348340</out_Quantity.quantity></Point><Point><position>11496</position><in_Quantity.quantity>0.000000</in_Quantity.quantity><out_Quantity.quantity>611.938300</out_Quantity.quantity></Point><Point><position>11497</position><in_Quantity.quantity>0.000000</in_Quantity.quantity><out_Quantity.quantity>4.326287</out_Quantity.quantity></Point><Point><position>11498</position><in_Quantity.quantity>0.000000</in_Quantity.quantity><out_Quantity.quantity>193.743087</out_Quantity.quantity></Point><Point><position>11499</position><in_Quantity.quantity>0.000000</in_Quantity.quantity><out_Quantity.quantity>658.046125</out_Quantity.quantity></Point><Point><position>11500</position><in_Quantity.quantity>0.000000</in_Quantity.quantity><out_Quantity.quantity>594.113065</out_Quantity.quantity></Point><Point><position>11501</position><in_Quantity.quantity>0.000000</in_Quantity.quantity><out_Quantity.quantity>101.568152</out_Quantity.quantity></Point><Point><position>11502</position><in_Quantity.quantity>0.000000</in_Quantity.quantity><out_Quantity.quantity>171.429354</out_Quantity.quantity></Point><Point><position>11503</position><in_Quantity.quantity>0.000000</in_Quantity.quantity><out_Quantity.quantity>332.648186</out_Quantity.quantity></Point><Point><position>11504</position><in_Quantity.quantity>0.000000</in_Quantity.quantity><out_Quantity.quantity>54.522513</out_Quantity.quantity></Point><Point><position>11505</position><in_Quantity.quantity>0.000000</in_Quantity.quantity><out_Quantity.quantity>429.452012</out_Quantity.quantity></Point><Point><position>11506</position><in_Quantity.quantity>0.000000</in_Quantity.quantity><out_Quantity.quantity>464.885165</out_Quantity.quantity></Point><Point><position>11507</position><in_Quantity.quantity>0.000000</in_Quantity.quantity><out_Quantity.quantity>53.486158</out_Quantity.quantity></Point><Point><position>11508</position><in_Quantity.quantity>0.000000</in_Quantity.quantity><out_Quantity.quantity>327.243460</out_Quantity.quantity></Point><Point><position>11509</position><in_Quantity.quantity>0.000000</in_Quantity.quantity><out_Quantity.quantity>448.890144</out_Quantity.quantity></Point><Point><position>11510</position><in_Quantity.quantity>0.000000</in_Quantity.quantity><out_Quantity.quantity>148.716217</out_Quantity.quantity></Point><Point><position>11511</position><in_Quantity.quantity>0.000000</in_Quantity.quantity><out_Quantity.quantity>2.262391</out_Quantity.quantity></Point><Point><position>11512</position><in_Quantity.quantity>0.000000</in_Quantity.quantity><out_Quantity.quantity>631.429726</out_Quantity.quantity></Point><Point><position>11513</position><in_Quantity.quantity>0.000000</in_Quantity.quantity><out_Quantity.quantity>132.126168</out_Quantity.quantity></Point><Point><position>11514</position><in_Quantity.quantity>0.000000</in_Quantity.quantity><out_Quantity.quantity>505.839302</out_Quantity.quantity></Point><Point><position>11515</position><in_Quantity.quantity>0.000000</in_Quantity.quantity><out_Quantity.quantity>66.881656</out_Quantity.quantity></Point><Point><position>11516</position><in_Quantity.quantity>0.000000</in_Quantity.quantity><out_Quantity.quantity>830.317292</out_Quantity.quantity></Point><Point><position>11517</position><in_Quantity.quantity>0.000000</in_Quantity.quantity><out_Quantity.quantity>553.379235</out_Quantity.quantity></Point><Point><position>11518</position><in_Quantity.quantity>0.000000</in_Quantity.quantity><out_Quantity.quantity>183.172320</out_Quantity.quantity></Point><Point><position>11519</position><in_Quantity.quantity>0.000000</in_Quantity.quantity><out_Quantity.quantity>5.018780</out_Quantity.quantity></Point><Point><position>11520</position><in_Quantity.quantity>0.000000</in_Quantity.quantity><out_Quantity.quantity>452.175093</out_Quantity.quantity></Point><Point><position>11521</position><in_Quantity.quantity>0.000000</in_Quantity.quantity><out_Quantity.quantity>762.558677</out_Quantity.quantity></Point><Point><position>11522</position><in_Quantity.quantity>0.000000</in_Quantity.quantity><out_Quantity.quantity>747.417467</out_Quantity.quantity></Point><Point><position>11523</position><in_Quantity.quantity>0.000000</in_Quantity.quantity><out_Quantity.quantity>884.168203</out_Quantity.quantity></Point><Point><position>11524</position><in_Quantity.quantity>0.000000</in_Quantity.quantity><out_Quantity.quantity>650.661671</out_Quantity.quantity></Point><Point><position>11525</position><in_Quantity.quantity>0.000000</in_Quantity.quantity><out_Quantity.quantity>393.114521</out_Quantity.quantity></Point><Point><position>11526</position><in_Quantity.quantity>0.000000</in_Quantity.quantity><out_Quantity.quantity>264.185606</out_Quantity.quantity></Point><Point><position>11527</position><in_Quantity.quantity>0.000000</in_Quantity.quantity><out_Quantity.quantity>374.357433</out_Quantity.quantity></Point><Point><position>11528</position><in_Quantity.quantity>0.000000</in_Quantity.quantity><out_Quantity.quantity>152.455664</out_Quantity.quantity></Point><Point><position>11529</position><in_Quantity.quantity>0.000000</in_Quantity.quantity><out_Quantity.quantity>212.669891</out_Quantity.quantity></Point><Point><position>11530</position><in_Quantity.quantity>0.000000</in_Quantity.quantity><out_Quantity.quantity>348.942017</out_Quantity.quantity></Point><Point><position>11531</position><in_Quantity.quantity>0.000000</in_Quantity.quantity><out_Quantity.quantity>198.731727</out_Quantity.quantity></Point><Point><position>11532</position><in_Quantity.quantity>0.000000</in_Quantity.quantity><out_Quantity.quantity>376.806317</out_Quantity.quantity></Point><Point><position>11533</position><in_Quantity.quantity>0.000000</in_Quantity.quantity><out_Quantity.quantity>266.802541</out_Quantity.quantity></Point><Point><position>11534</position><in_Quantity.quantity>0.000000</in_Quantity.quantity><out_Quantity.quantity>339.309151</out_Quantity.quantity></Point><Point><position>11535</position><in_Quantity.quantity>0.000000</in_Quantity.quantity><out_Quantity.quantity>793.879593</out_Quantity.quantity></Point><Point><position>11536</position><in_Quantity.quantity>0.000000</in_Quantity.quantity><out_Quantity.quantity>581.815085</out_Quantity.quantity></Point><Point><position>11537</position><in_Quantity.quantity>0.000000</in_Quantity.quantity><out_Quantity.quantity>738.659089</out_Quantity.quantity></Point><Point><position>11538</position><in_Quantity.quantity>0.000000</in_Quantity.quantity><out_Quantity.quantity>825.733848</out_Quantity.quantity></Point><Point><position>11539</position><in_Quantity.quantity>0.000000</in_Quantity.quantity><out_Quantity.quantity>601.271141</out_Quantity.quantity></Point><Point><position>11540</position><in_Quantity.quantity>0.000000</in_Quantity.quantity><out_Quantity.quantity>440.658214</out_Quantity.quantity></Point><Point><position>11541</position><in_Quantity.quantity>0.000000</in_Quantity.quantity><out_Quantity.quantity>588.535157</out_Quantity.quantity></Point><Point><position>11542</position><in_Quantity.quantity>0.000000</in_Quantity.quantity><out_Quantity.quantity>707.591185</out_Quantity.quantity></Point><Point><position>11543</position><in_Quantity.quantity>0.000000</in_Quantity.quantity><out_Quantity.quantity>770.303730</out_Quantity.quantity></Point><Point><position>11544</position><in_Quantity.quantity>0.000000</in_Quantity.quantity><out_Quantity.quantity>184.857250</out_Quantity.quantity></Point><Point><position>11545</position><in_Quantity.quantity>0.000000</in_Quantity.quantity><out_Quantity.quantity>136.599370</out_Quantity.quantity></Point><Point><position>11546</position><in_Quantity.quantity>0.000000</in_Quantity.quantity><out_Quantity.quantity>334.722384</out_Quantity.quantity></Point><Point><position>11547</position><in_Quantity.quantity>0.000000</in_Quantity.quantity><out_Quantity.quantity>376.104870</out_Quantity.quantity></Point><Point><position>11548</position><in_Quantity.quantity>0.000000</in_Quantity.quantity><out_Quantity.quantity>450.959181</out_Quantity.quantity></Point><Point><position>11549</position><in_Quantity.quantity>0.000000</in_Quantity.quantity><out_Quantity.quantity>784.994754</out_Quantity.quantity></Point><Point><position>11550</position><in_Quantity.quantity>0.000000</in_Quantity.quantity><out_Quantity.quantity>41.246668</out_Quantity.quantity></Point><Point><position>11551</position><in_Quantity.quantity>0.000000</in_Quantity.quantity><out_Quantity.quantity>528.916036</out_Quantity.quantity></Point><Point><position>11552</position><in_Quantity.quantity>0.000000</in_Quantity.quantity><out_Quantity.quantity>55.319701</out_Quantity.quantity></Point><Point><position>11553</position><in_Quantity.quantity>0.000000</in_Quantity.quantity><out_Quantity.quantity>373.179572</out_Quantity.quantity></Point><Point><position>11554</position><in_Quantity.quantity>0.000000</in_Quantity.quantity><out_Quantity.quantity>184.888939</out_Quantity.quantity></Point><Point><position>11555</position><in_Quantity.quantity>0.000000</in_Quantity.quantity><out_Quantity.quantity>471.789530</out_Quantity.quantity></Point><Point><position>11556</position><in_Quantity.quantity>0.000000</in_Quantity.quantity><out_Quantity.quantity>786.389143</out_Quantity.quantity></Point><Point><position>11557</position><in_Quantity.quantity>0.000000</in_Quantity.quantity><out_Quantity.quantity>496.205972</out_Quantity.quantity></Point><Point><position>11558</position><in_Quantity.quantity>0.000000</in_Quantity.quantity><out_Quantity.quantity>107.781026</out_Quantity.quantity></Point><Point><position>11559</position><in_Quantity.quantity>0.000000</in_Quantity.quantity><out_Quantity.quantity>696.766895</out_Quantity.quantity></Point><Point><position>11560</position><in_Quantity.quantity>0.000000</in_Quantity.quantity><out_Quantity.quantity>554.159650</out_Quantity.quantity></Point><Point><position>11561</position><in_Quantity.quantity>0.000000</in_Quantity.quantity><out_Quantity.quantity>18.087339</out_Quantity.quantity></Point><Point><position>11562</position><in_Quantity.quantity>0.000000</in_Quantity.quantity><out_Quantity.quantity>473.594163</out_Quantity.quantity></Point><Point><position>11563</position><in_Quantity.quantity>0.000000</in_Quantity.quantity><out_Quantity.quantity>351.694133</out_Quantity.quantity></Point><Point><position>11564</position><in_Quantity.quantity>0.000000</in_Quantity.quantity><out_Quantity.quantity>788.660269</out_Quantity.quantity></Point><Point><position>11565</position><in_Quantity.quantity>0.000000</in_Quantity.quantity><out_Quantity.quantity>768.422598</out_Quantity.quantity></Point><Point><position>11566</position><in_Quantity.quantity>0.000000</in_Quantity.quantity><out_Quantity.quantity>871.092097</out_Quantity.quantity></Point><Point><position>11567</position><in_Quantity.quantity>0.000000</in_Quantity.quantity><out_Quantity.quantity>871.798333</out_Quantity.quantity></Point><Point><position>11568</position><in_Quantity.quantity>0.000000</in_Quantity.quantity><out_Quantity.quantity>625.321073</out_Quantity.quantity></Point><Point><position>11569</position><in_Quantity.quantity>0.000000</in_Quantity.quantity><out_Quantity.quantity>513.726464</out_Quantity.quantity></Point><Point><position>11570</position><in_Quantity.quantity>0.000000</in_Quantity.quantity><out_Quantity.quantity>58.836773</out_Quantity.quantity></Point><Point><position>11571</position><in_Quantity.quantity>0.000000</in_Quantity.quantity><out_Quantity.quantity>492.021780</out_Quantity.quantity></Point><Point><position>11572</position><in_Quantity.quantity>0.000000</in_Quantity.quantity><out_Quantity.quantity>684.953632</out_Quantity.quantity></Point><Point><position>11573</position><in_Quantity.quantity>0.000000</in_Quantity.quantity><out_Quantity.quantity>780.006243</out_Quantity.quantity></Point><Point><position>11574</position><in_Quantity.quantity>0.000000</in_Quantity.quantity><out_Quantity.quantity>727.912766</out_Quantity.quantity></Point><Point><position>11575</position><in_Quantity.quantity>0.000000</in_Quantity.quantity><out_Quantity.quantity>231.736765</out_Quantity.quantity></Point><Point><position>11576</position><in_Quantity.quantity>0.000000</in_Quantity.quantity><out_Quantity.quantity>172.700471</out_Quantity.quantity></Point><Point><position>11577</position><in_Quantity.quantity>0.000000</in_Quantity.quantity><out_Quantity.quantity>308.351921</out_Quantity.quantity></Point><Point><position>11578</position><in_Quantity.quantity>0.000000</in_Quantity.quantity><out_Quantity.quantity>40.742250</out_Quantity.quantity></Point><Point><position>11579</position><in_Quantity.quantity>0.000000</in_Quantity.quantity><out_Quantity.quantity>78.955634</out_Quantity.quantity></Point><Point><position>11580</position><in_Quantity.quantity>0.000000</in_Quantity.quantity><out_Quantity.quantity>102.529473</out_Quantity.quantity></Point><Point><position>11581</position><in_Quantity.quantity>0.000000</in_Quantity.quantity><out_Quantity.quantity>226.043220</out_Quantity.quantity></Point><Point><position>11582</position><in_Quantity.quantity>0.000000</in_Quantity.quantity><out_Quantity.quantity>824.861840</out_Quantity.quantity></Point><Point><position>11583</position><in_Quantity.quantity>0.000000</in_Quantity.quantity><out_Quantity.quantity>389.192811</out_Quantity.quantity></Point><Point><position>11584</position><in_Quantity.quantity>0.000000</in_Quantity.quantity><out_Quantity.quantity>911.587988</out_Quantity.quantity></Point><Point><position>11585</position><in_Quantity.quantity>0.000000</in_Quantity.quantity><out_Quantity.quantity>247.317397</out_Quantity.quantity></Point><Point><position>11586</position><in_Quantity.quantity>0.000000</in_Quantity.quantity><out_Quantity.quantity>907.752419</out_Quantity.quantity></Point><Point><position>11587</position><in_Quantity.quantity>0.000000</in_Quantity.quantity><out_Quantity.quantity>117.645797</out_Quantity.quantity></Point><Point><position>11588</position><in_Quantity.quantity>0.000000</in_Quantity.quantity><out_Quantity.quantity>844.815107</out_Quantity.quantity></Point><Point><position>11589</position><in_Quantity.quantity>0.000000</in_Quantity.quantity><out_Quantity.quantity>378.126878</out_Quantity.quantity></Point><Point><position>11590</position><in_Quantity.quantity>0.000000</in_Quantity.quantity><out_Quantity.quantity>2.745646</out_Quantity.quantity></Point><Point><position>11591</position><in_Quantity.quantity>0.000000</in_Quantity.quantity><out_Quantity.quantity>43.043280</out_Quantity.quantity></Point><Point><position>11592</position><in_Quantity.quantity>0.000000</in_Quantity.quantity><out_Quantity.quantity>195.545529</out_Quantity.quantity></Point><Point><position>11593</position><in_Quantity.quantity>0.000000</in_Quantity.quantity><out_Quantity.quantity>343.988286</out_Quantity.quantity></Point><Point><position>11594</position><in_Quantity.quantity>0.000000</in_Quantity.quantity><out_Quantity.quantity>990.458690</out_Quantity.quantity></Point><Point><position>11595</position><in_Quantity.quantity>0.000000</in_Quantity.quantity><out_Quantity.quantity>897.010425</out_Quantity.quantity></Point><Point><position>11596</position><in_Quantity.quantity>0.000000</in_Quantity.quantity><out_Quantity.quantity>4.022517</out_Quantity.quantity></Point><Point><position>11597</position><in_Quantity.quantity>0.000000</in_Quantity.quantity><out_Quantity.quantity>757.108633</out_Quantity.quantity></Point><Point><position>11598</position><in_Quantity.quantity>0.000000</in_Quantity.quantity><out_Quantity.quantity>363.281122</out_Quantity.quantity></Point><Point><position>11599</position><in_Quantity.quantity>0.000000</in_Quantity.quantity><out_Quantity.quantity>812.644137</out_Quantity.quantity></Point><Point><position>11600</position><in_Quantity.quantity>0.000000</in_Quantity.quantity><out_Quantity.quantity>314.271047</out_Quantity.quantity></Point><Point><position>11601</position><in_Quantity.quantity>0.000000</in_Quantity.quantity><out_Quantity.quantity>840.276428</out_Quantity.quantity></Point><Point><position>11602</position><in_Quantity.quantity>0.000000</in_Quantity.quantity><out_Quantity.quantity>45.020576</out_Quantity.quantity></Point><Point><position>11603</position><in_Quantity.quantity>0.000000</in_Quantity.quantity><out_Quantity.quantity>17.730226</out_Quantity.quantity></Point><Point><position>11604</position><in_Quantity.quantity>0.000000</in_Quantity.quantity><out_Quantity.quantity>49.103659</out_Quantity.quantity></Point><Point><position>11605</position><in_Quantity.quantity>0.000000</in_Quantity.quantity><out_Quantity.quantity>898.297790</out_Quantity.quantity></Point><Point><position>11606</position><in_Quantity.quantity>0.000000</in_Quantity.quantity><out_Quantity.quantity>905.984193</out_Quantity.quantity></Point><Point><position>11607</position><in_Quantity.quantity>0.000000</in_Quantity.quantity><out_Quantity.quantity>375.595088</out_Quantity.quantity></Point><Point><position>11608</position><in_Quantity.quantity>0.000000</in_Quantity.quantity><out_Quantity.quantity>231.188151</out_Quantity.quantity></Point><Point><position>11609</position><in_Quantity.quantity>0.000000</in_Quantity.quantity><out_Quantity.quantity>412.848487</out_Quantity.quantity></Point><Point><position>11610</position><in_Quantity.quantity>0.000000</in_Quantity.quantity><out_Quantity.quantity>775.003472</out_Quantity.quantity></Point><Point><position>11611</position><in_Quantity.quantity>0.000000</in_Quantity.quantity><out_Quantity.quantity>135.757747</out_Quantity.quantity></Point><Point><position>11612</position><in_Quantity.quantity>0.000000</in_Quantity.quantity><out_Quantity.quantity>175.663720</out_Quantity.quantity></Point><Point><position>11613</position><in_Quantity.quantity>0.000000</in_Quantity.quantity><out_Quantity.quantity>354.335590</out_Quantity.quantity></Point><Point><position>11614</position><in_Quantity.quantity>0.000000</in_Quantity.quantity><out_Quantity.quantity>823.217657</out_Quantity.quantity></Point><Point><position>11615</position><in_Quantity.quantity>0.000000</in_Quantity.quantity><out_Quantity.quantity>280.396170</out_Quantity.quantity></Point><Point><position>11616</position><in_Quantity.quantity>0.000000</in_Quantity.quantity><out_Quantity.quantity>631.261153</out_Quantity.quantity></Point><Point><position>11617</position><in_Quantity.quantity>0.000000</in_Quantity.quantity><out_Quantity.quantity>190.187301</out_Quantity.quantity></Point><Point><position>11618</position><in_Quantity.quantity>0.000000</in_Quantity.quantity><out_Quantity.quantity>408.087518</out_Quantity.quantity></Point><Point><position>11619</position><in_Quantity.quantity>0.000000</in_Quantity.quantity><out_Quantity.quantity>969.318961</out_Quantity.quantity></Point><Point><position>11620</position><in_Quantity.quantity>0.000000</in_Quantity.quantity><out_Quantity.quantity>578.157611</out_Quantity.quantity></Point><Point><position>11621</position><in_Quantity.quantity>0.000000</in_Quantity.quantity><out_Quantity.quantity>421.033092</out_Quantity.quantity></Point><Point><position>11622</position><in_Quantity.quantity>0.000000</in_Quantity.quantity><out_Quantity.quantity>64.924043</out_Quantity.quantity></Point><Point><position>11623</position><in_Quantity.quantity>0.000000</in_Quantity.quantity><out_Quantity.quantity>792.154773</out_Quantity.quantity></Point><Point><position>11624</position><in_Quantity.quantity>0.000000</in_Quantity.quantity><out_Quantity.quantity>174.129923</out_Quantity.quantity></Point><Point><position>11625</position><in_Quantity.quantity>0.000000</in_Quantity.quantity><out_Quantity.quantity>961.992468</out_Quantity.quantity></Point><Point><position>11626</position><in_Quantity.quantity>0.000000</in_Quantity.quantity><out_Quantity.quantity>302.558290</out_Quantity.quantity></Point><Point><position>11627</position><in_Quantity.quantity>0.000000</in_Quantity.quantity><out_Quantity.quantity>230.703163</out_Quantity.quantity></Point><Point><position>11628</position><in_Quantity.quantity>0.000000</in_Quantity.quantity><out_Quantity.quantity>934.521565</out_Quantity.quantity></Point><Point><position>11629</position><in_Quantity.quantity>0.000000</in_Quantity.quantity><out_Quantity.quantity>645.188547</out_Quantity.quantity></Point><Point><position>11630</position><in_Quantity.quantity>0.000000</in_Quantity.quantity><out_Quantity.quantity>360.581390</out_Quantity.quantity></Point><Point><position>11631</position><in_Quantity.quantity>0.000000</in_Quantity.quantity><out_Quantity.quantity>802.532953</out_Quantity.quantity></Point><Point><position>11632</position><in_Quantity.quantity>0.000000</in_Quantity.quantity><out_Quantity.quantity>210.481486</out_Quantity.quantity></Point><Point><position>11633</position><in_Quantity.quantity>0.000000</in_Quantity.quantity><out_Quantity.quantity>462.317960</out_Quantity.quantity></Point><Point><position>11634</position><in_Quantity.quantity>0.000000</in_Quantity.quantity><out_Quantity.quantity>797.420358</out_Quantity.quantity></Point><Point><position>11635</position><in_Quantity.quantity>0.000000</in_Quantity.quantity><out_Quantity.quantity>950.616813</out_Quantity.quantity></Point><Point><position>11636</position><in_Quantity.quantity>0.000000</in_Quantity.quantity><out_Quantity.quantity>194.951047</out_Quantity.quantity></Point><Point><position>11637</position><in_Quantity.quantity>0.000000</in_Quantity.quantity><out_Quantity.quantity>580.665300</out_Quantity.quantity></Point><Point><position>11638</position><in_Quantity.quantity>0.000000</in_Quantity.quantity><out_Quantity.quantity>63.574435</out_Quantity.quantity></Point><Point><position>11639</position><in_Quantity.quantity>0.000000</in_Quantity.quantity><out_Quantity.quantity>122.043476</out_Quantity.quantity></Point><Point><position>11640</position><in_Quantity.quantity>0.000000</in_Quantity.quantity><out_Quantity.quantity>816.929585</out_Quantity.quantity></Point><Point><position>11641</position><in_Quantity.quantity>0.000000</in_Quantity.quantity><out_Quantity.quantity>333.423151</out_Quantity.quantity></Point><Point><position>11642</position><in_Quantity.quantity>0.000000</in_Quantity.quantity><out_Quantity.quantity>337.697680</out_Quantity.quantity></Point><Point><position>11643</position><in_Quantity.quantity>0.000000</in_Quantity.quantity><out_Quantity.quantity>96.748150</out_Quantity.quantity></Point><Point><position>11644</position><in_Quantity.quantity>0.000000</in_Quantity.quantity><out_Quantity.quantity>446.356295</out_Quantity.quantity></Point><Point><position>11645</position><in_Quantity.quantity>0.000000</in_Quantity.quantity><out_Quantity.quantity>476.379471</out_Quantity.quantity></Point><Point><position>11646</position><in_Quantity.quantity>0.000000</in_Quantity.quantity><out_Quantity.quantity>735.351178</out_Quantity.quantity></Point><Point><position>11647</position><in_Quantity.quantity>0.000000</in_Quantity.quantity><out_Quantity.quantity>645.105264</out_Quantity.quantity></Point><Point><position>11648</position><in_Quantity.quantity>0.000000</in_Quantity.quantity><out_Quantity.quantity>507.060328</out_Quantity.quantity></Point><Point><position>11649</position><in_Quantity.quantity>0.000000</in_Quantity.quantity><out_Quantity.quantity>976.556072</out_Quantity.quantity></Point><Point><position>11650</position><in_Quantity.quantity>0.000000</in_Quantity.quantity><out_Quantity.quantity>924.364712</out_Quantity.quantity></Point><Point><position>11651</position><in_Quantity.quantity>0.000000</in_Quantity.quantity><out_Quantity.quantity>783.409172</out_Quantity.quantity></Point><Point><position>11652</position><in_Quantity.quantity>0.000000</in_Quantity.quantity><out_Quantity.quantity>295.916452</out_Quantity.quantity></Point><Point><position>11653</position><in_Quantity.quantity>0.000000</in_Quantity.quantity><out_Quantity.quantity>603.814291</out_Quantity.quantity></Point><Point><position>11654</position><in_Quantity.quantity>0.000000</in_Quantity.quantity><out_Quantity.quantity>767.350778</out_Quantity.quantity></Point><Point><position>11655</position><in_Quantity.quantity>0.000000</in_Quantity.quantity><out_Quantity.quantity>4.533125</out_Quantity.quantity></Point><Point><position>11656</position><in_Quantity.quantity>0.000000</in_Quantity.quantity><out_Quantity.quantity>446.716891</out_Quantity.quantity></Point><Point><position>11657</position><in_Quantity.quantity>0.000000</in_Quantity.quantity><out_Quantity.quantity>512.764523</out_Quantity.quantity></Point><Point><position>11658</position><in_Quantity.quantity>0.000000</in_Quantity.quantity><out_Quantity.quantity>601.028220</out_Quantity.quantity></Point><Point><position>11659</position><in_Quantity.quantity>0.000000</in_Quantity.quantity><out_Quantity.quantity>493.401145</out_Quantity.quantity></Point><Point><position>11660</position><in_Quantity.quantity>0.000000</in_Quantity.quantity><out_Quantity.quantity>97.304637</out_Quantity.quantity></Point><Point><position>11661</position><in_Quantity.quantity>0.000000</in_Quantity.quantity><out_Quantity.quantity>83.518285</out_Quantity.quantity></Point><Point><position>11662</position><in_Quantity.quantity>0.000000</in_Quantity.quantity><out_Quantity.quantity>856.239828</out_Quantity.quantity></Point><Point><position>11663</position><in_Quantity.quantity>0.000000</in_Quantity.quantity><out_Quantity.quantity>45.938829</out_Quantity.quantity></Point><Point><position>11664</position><in_Quantity.quantity>0.000000</in_Quantity.quantity><out_Quantity.quantity>188.097280</out_Quantity.quantity></Point><Point><position>11665</position><in_Quantity.quantity>0.000000</in_Quantity.quantity><out_Quantity.quantity>766.771824</out_Quantity.quantity></Point><Point><position>11666</position><in_Quantity.quantity>0.000000</in_Quantity.quantity><out_Quantity.quantity>136.740831</out_Quantity.quantity></Point><Point><position>11667</position><in_Quantity.quantity>0.000000</in_Quantity.quantity><out_Quantity.quantity>670.115946</out_Quantity.quantity></Point><Point><position>11668</position><in_Quantity.quantity>0.000000</in_Quantity.quantity><out_Quantity.quantity>308.400909</out_Quantity.quantity></Point><Point><position>11669</position><in_Quantity.quantity>0.000000</in_Quantity.quantity><out_Quantity.quantity>832.226030</out_Quantity.quantity></Point><Point><position>11670</position><in_Quantity.quantity>0.000000</in_Quantity.quantity><out_Quantity.quantity>581.463624</out_Quantity.quantity></Point><Point><position>11671</position><in_Quantity.quantity>0.000000</in_Quantity.quantity><out_Quantity.quantity>945.250824</out_Quantity.quantity></Point><Point><position>11672</position><in_Quantity.quantity>0.000000</in_Quantity.quantity><out_Quantity.quantity>767.533373</out_Quantity.quantity></Point><Point><position>11673</position><in_Quantity.quantity>0.000000</in_Quantity.quantity><out_Quantity.quantity>369.051808</out_Quantity.quantity></Point><Point><position>11674</position><in_Quantity.quantity>0.000000</in_Quantity.quantity><out_Quantity.quantity>872.377540</out_Quantity.quantity></Point><Point><position>11675</position><in_Quantity.quantity>0.000000</in_Quantity.quantity><out_Quantity.quantity>276.308917</out_Quantity.quantity></Point><Point><position>11676</position><in_Quantity.quantity>0.000000</in_Quantity.quantity><out_Quantity.quantity>609.667630</out_Quantity.quantity></Point><Point><position>11677</position><in_Quantity.quantity>0.000000</in_Quantity.quantity><out_Quantity.quantity>404.487321</out_Quantity.quantity></Point><Point><position>11678</position><in_Quantity.quantity>0.000000</in_Quantity.quantity><out_Quantity.quantity>334.050181</out_Quantity.quantity></Point><Point><position>11679</position><in_Quantity.quantity>0.000000</in_Quantity.quantity><out_Quantity.quantity>392.472097</out_Quantity.quantity></Point><Point><position>11680</position><in_Quantity.quantity>0.000000</in_Quantity.quantity><out_Quantity.quantity>247.552377</out_Quantity.quantity></Point><Point><position>11681</position><in_Quantity.quantity>0.000000</in_Quantity.quantity><out_Quantity.quantity>498.703048</out_Quantity.quantity></Point><Point><position>11682</position><in_Quantity.quantity>0.000000</in_Quantity.quantity><out_Quantity.quantity>320.340554</out_Quantity.quantity></Point><Point><position>11683</position><in_Quantity.quantity>0.000000</in_Quantity.quantity><out_Quantity.quantity>726.955450</out_Quantity.quantity></Point><Point><position>11684</position><in_Quantity.quantity>0.000000</in_Quantity.quantity><out_Quantity.quantity>30.457564</out_Quantity.quantity></Point><Point><position>11685</position><in_Quantity.quantity>0.000000</in_Quantity.quantity><out_Quantity.quantity>101.339670</out_Quantity.quantity></Point><Point><position>11686</position><in_Quantity.quantity>0.000000</in_Quantity.quantity><out_Quantity.quantity>885.591065</out_Quantity.quantity></Point><Point><position>11687</position><in_Quantity.quantity>0.000000</in_Quantity.quantity><out_Quantity.quantity>152.653466</out_Quantity.quantity></Point><Point><position>11688</position><in_Quantity.quantity>0.000000</in_Quantity.quantity><out_Quantity.quantity>225.492641</out_Quantity.quantity></Point><Point><position>11689</position><in_Quantity.quantity>0.000000</in_Quantity.quantity><out_Quantity.quantity>996.618960</out_Quantity.quantity></Point><Point><position>11690</position><in_Quantity.quantity>0.000000</in_Quantity.quantity><out_Quantity.quantity>64.194052</out_Quantity.quantity></Point><Point><position>11691</position><in_Quantity.quantity>0.000000</in_Quantity.quantity><out_Quantity.quantity>265.976751</out_Quantity.quantity></Point><Point><position>11692</position><in_Quantity.quantity>0.000000</in_Quantity.quantity><out_Quantity.quantity>620.284306</out_Quantity.quantity></Point><Point><position>11693</position><in_Quantity.quantity>0.000000</in_Quantity.quantity><out_Quantity.quantity>499.805133</out_Quantity.quantity></Point><Point><position>11694</position><in_Quantity.quantity>0.000000</in_Quantity.quantity><out_Quantity.quantity>518.728839</out_Quantity.quantity></Point><Point><position>11695</position><in_Quantity.quantity>0.000000</in_Quantity.quantity><out_Quantity.quantity>131.210493</out_Quantity.quantity></Point><Point><position>11696</position><in_Quantity.quantity>0.000000</in_Quantity.quantity><out_Quantity.quantity>252.665419</out_Quantity.quantity></Point><Point><position>11697</position><in_Quantity.quantity>0.000000</in_Quantity.quantity><out_Quantity.quantity>88.262446</out_Quantity.quantity></Point><Point><position>11698</position><in_Quantity.quantity>0.000000</in_Quantity.quantity><out_Quantity.quantity>730.769229</out_Quantity.quantity></Point><Point><position>11699</position><in_Quantity.quantity>0.000000</in_Quantity.quantity><out_Quantity.quantity>659.525230</out_Quantity.quantity></Point><Point><position>11700</position><in_Quantity.quantity>0.000000</in_Quantity.quantity><out_Quantity.quantity>236.520988</out_Quantity.quantity></Point><Point><position>11701</position><in_Quantity.quantity>0.000000</in_Quantity.quantity><out_Quantity.quantity>689.581219</out_Quantity.quantity></Point><Point><position>11702</position><in_Quantity.quantity>0.000000</in_Quantity.quantity><out_Quantity.quantity>352.439939</out_Quantity.quantity></Point><Point><position>11703</position><in_Quantity.quantity>0.000000</in_Quantity.quantity><out_Quantity.quantity>955.027852</out_Quantity.quantity></Point><Point><position>11704</position><in_Quantity.quantity>0.000000</in_Quantity.quantity><out_Quantity.quantity>978.812838</out_Quantity.quantity></Point><Point><position>11705</position><in_Quantity.quantity>0.000000</in_Quantity.quantity><out_Quantity.quantity>337.863722</out_Quantity.quantity></Point><Point><position>11706</position><in_Quantity.quantity>0.000000</in_Quantity.quantity><out_Quantity.quantity>138.008354</out_Quantity.quantity></Point><Point><position>11707</position><in_Quantity.quantity>0.000000</in_Quantity.quantity><out_Quantity.quantity>182.907395</out_Quantity.quantity></Point><Point><position>11708</position><in_Quantity.quantity>0.000000</in_Quantity.quantity><out_Quantity.quantity>69.501040</out_Quantity.quantity></Point><Point><position>11709</position><in_Quantity.quantity>0.000000</in_Quantity.quantity><out_Quantity.quantity>15.365334</out_Quantity.quantity></Point><Point><position>11710</position><in_Quantity.quantity>0.000000</in_Quantity.quantity><out_Quantity.quantity>603.229950</out_Quantity.quantity></Point><Point><position>11711</position><in_Quantity.quantity>0.000000</in_Quantity.quantity><out_Quantity.quantity>316.728762</out_Quantity.quantity></Point><Point><position>11712</position><in_Quantity.quantity>0.000000</in_Quantity.quantity><out_Quantity.quantity>174.620723</out_Quantity.quantity></Point><Point><position>11713</position><in_Quantity.quantity>0.000000</in_Quantity.quantity><out_Quantity.quantity>490.772441</out_Quantity.quantity></Point><Point><position>11714</position><in_Quantity.quantity>0.000000</in_Quantity.quantity><out_Quantity.quantity>193.713792</out_Quantity.quantity></Point><Point><position>11715</position><in_Quantity.quantity>0.000000</in_Quantity.quantity><out_Quantity.quantity>628.696315</out_Quantity.quantity></Point><Point><position>11716</position><in_Quantity.quantity>0.000000</in_Quantity.quantity><out_Quantity.quantity>237.589071</out_Quantity.quantity></Point><Point><position>11717</position><in_Quantity.quantity>0.000000</in_Quantity.quantity><out_Quantity.quantity>842.046929</out_Quantity.quantity></Point><Point><position>11718</position><in_Quantity.quantity>0.000000</in_Quantity.quantity><out_Quantity.quantity>90.557283</out_Quantity.quantity></Point><Point><position>11719</position><in_Quantity.quantity>0.000000</in_Quantity.quantity><out_Quantity.quantity>518.893130</out_Quantity.quantity></Point><Point><position>11720</position><in_Quantity.quantity>0.000000</in_Quantity.quantity><out_Quantity.quantity>10.091073</out_Quantity.quantity></Point><Point><position>11721</position><in_Quantity.quantity>0.000000</in_Quantity.quantity><out_Quantity.quantity>426.320521</out_Quantity.quantity></Point><Point><position>11722</position><in_Quantity.quantity>0.000000</in_Quantity.quantity><out_Quantity.quantity>276.050022</out_Quantity.quantity></Point><Point><position>11723</position><in_Quantity.quantity>0.000000</in_Quantity.quantity><out_Quantity.quantity>55.706097</out_Quantity.quantity></Point><Point><position>11724</position><in_Quantity.quantity>0.000000</in_Quantity.quantity><out_Quantity.quantity>907.498454</out_Quantity.quantity></Point><Point><position>11725</position><in_Quantity.quantity>0.000000</in_Quantity.quantity><out_Quantity.quantity>440.822453</out_Quantity.quantity></Point><Point><position>11726</position><in_Quantity.quantity>0.000000</in_Quantity.quantity><out_Quantity.quantity>956.349094</out_Quantity.quantity></Point><Point><position>11727</position><in_Quantity.quantity>0.000000</in_Quantity.quantity><out_Quantity.quantity>66.786359</out_Quantity.quantity></Point><Point><position>11728</position><in_Quantity.quantity>0.000000</in_Quantity.quantity><out_Quantity.quantity>387.772115</out_Quantity.quantity></Point><Point><position>11729</position><in_Quantity.quantity>0.000000</in_Quantity.quantity><out_Quantity.quantity>957.254860</out_Quantity.quantity></Point><Point><position>11730</position><in_Quantity.quantity>0.000000</in_Quantity.quantity><out_Quantity.quantity>883.702449</out_Quantity.quantity></Point><Point><position>11731</position><in_Quantity.quantity>0.000000</in_Quantity.quantity><out_Quantity.quantity>757.103269</out_Quantity.quantity></Point><Point><position>11732</position><in_Quantity.quantity>0.000000</in_Quantity.quantity><out_Quantity.quantity>488.977075</out_Quantity.quantity></Point><Point><position>11733</position><in_Quantity.quantity>0.000000</in_Quantity.quantity><out_Quantity.quantity>231.614802</out_Quantity.quantity></Point><Point><position>11734</position><in_Quantity.quantity>0.000000</in_Quantity.quantity><out_Quantity.quantity>124.902987</out_Quantity.quantity></Point><Point><position>11735</position><in_Quantity.quantity>0.000000</in_Quantity.quantity><out_Quantity.quantity>463.279762</out_Quantity.quantity></Point><Point><position>11736</position><in_Quantity.quantity>0.000000</in_Quantity.quantity><out_Quantity.quantity>322.830927</out_Quantity.quantity></Point><Point><position>11737</position><in_Quantity.quantity>0.000000</in_Quantity.quantity><out_Quantity.quantity>470.093742</out_Quantity.quantity></Point><Point><position>11738</position><in_Quantity.quantity>0.000000</in_Quantity.quantity><out_Quantity.quantity>701.645437</out_Quantity.quantity></Point><Point><position>11739</position><in_Quantity.quantity>0.000000</in_Quantity.quantity><out_Quantity.quantity>286.446398</out_Quantity.quantity></Point><Point><position>11740</position><in_Quantity.quantity>0.000000</in_Quantity.quantity><out_Quantity.quantity>977.490732</out_Quantity.quantity></Point><Point><position>11741</position><in_Quantity.quantity>0.000000</in_Quantity.quantity><out_Quantity.quantity>641.376730</out_Quantity.quantity></Point><Point><position>11742</position><in_Quantity.quantity>0.000000</in_Quantity.quantity><out_Quantity.quantity>205.780441</out_Quantity.quantity></Point><Point><position>11743</position><in_Quantity.quantity>0.000000</in_Quantity.quantity><out_Quantity.quantity>529.819582</out_Quantity.quantity></Point><Point><position>11744</position><in_Quantity.quantity>0.000000</in_Quantity.quantity><out_Quantity.quantity>935.631533</out_Quantity.quantity></Point><Point><position>11745</position><in_Quantity.quantity>0.000000</in_Quantity.quantity><out_Quantity.quantity>946.157000</out_Quantity.quantity></Point><Point><position>11746</position><in_Quantity.quantity>0.000000</in_Quantity.quantity><out_Quantity.quantity>917.284919</out_Quantity.quantity></Point><Point><position>11747</position><in_Quantity.quantity>0.000000</in_Quantity.quantity><out_Quantity.quantity>35.311919</out_Quantity.quantity></Point><Point><position>11748</position><in_Quantity.quantity>0.000000</in_Quantity.quantity><out_Quantity.quantity>440.770044</out_Quantity.quantity></Point><Point><position>11749</position><in_Quantity.quantity>0.000000</in_Quantity.quantity><out_Quantity.quantity>362.108185</out_Quantity.quantity></Point><Point><position>11750</position><in_Quantity.quantity>0.000000</in_Quantity.quantity><out_Quantity.quantity>757.852244</out_Quantity.quantity></Point><Point><position>11751</position><in_Quantity.quantity>0.000000</in_Quantity.quantity><out_Quantity.quantity>958.386629</out_Quantity.quantity></Point><Point><position>11752</position><in_Quantity.quantity>0.000000</in_Quantity.quantity><out_Quantity.quantity>143.201547</out_Quantity.quantity></Point><Point><position>11753</position><in_Quantity.quantity>0.000000</in_Quantity.quantity><out_Quantity.quantity>680.800078</out_Quantity.quantity></Point><Point><position>11754</position><in_Quantity.quantity>0.000000</in_Quantity.quantity><out_Quantity.quantity>46.989936</out_Quantity.quantity></Point><Point><position>11755</position><in_Quantity.quantity>0.000000</in_Quantity.quantity><out_Quantity.quantity>451.581908</out_Quantity.quantity></Point><Point><position>11756</position><in_Quantity.quantity>0.000000</in_Quantity.quantity><out_Quantity.quantity>191.680545</out_Quantity.quantity></Point><Point><position>11757</position><in_Quantity.quantity>0.000000</in_Quantity.quantity><out_Quantity.quantity>816.838332</out_Quantity.quantity></Point><Point><position>11758</position><in_Quantity.quantity>0.000000</in_Quantity.quantity><out_Quantity.quantity>149.505859</out_Quantity.quantity></Point><Point><position>11759</position><in_Quantity.quantity>0.000000</in_Quantity.quantity><out_Quantity.quantity>733.368743</out_Quantity.quantity></Point><Point><position>11760</position><in_Quantity.quantity>0.000000</in_Quantity.quantity><out_Quantity.quantity>358.908358</out_Quantity.quantity></Point><Point><position>11761</position><in_Quantity.quantity>0.000000</in_Quantity.quantity><out_Quantity.quantity>624.700568</out_Quantity.quantity></Point><Point><position>11762</position><in_Quantity.quantity>0.000000</in_Quantity.quantity><out_Quantity.quantity>675.899440</out_Quantity.quantity></Point><Point><position>11763</position><in_Quantity.quantity>0.000000</in_Quantity.quantity><out_Quantity.quantity>988.363935</out_Quantity.quantity></Point><Point><position>11764</position><in_Quantity.quantity>0.000000</in_Quantity.quantity><out_Quantity.quantity>326.259521</out_Quantity.quantity></Point><Point><position>11765</position><in_Quantity.quantity>0.000000</in_Quantity.quantity><out_Quantity.quantity>644.375239</out_Quantity.quantity></Point><Point><position>11766</position><in_Quantity.quantity>0.000000</in_Quantity.quantity><out_Quantity.quantity>790.137332</out_Quantity.quantity></Point><Point><position>11767</position><in_Quantity.quantity>0.000000</in_Quantity.quantity><out_Quantity.quantity>769.927600</out_Quantity.quantity></Point><Point><position>11768</position><in_Quantity.quantity>0.000000</in_Quantity.quantity><out_Quantity.quantity>768.479135</out_Quantity.quantity></Point><Point><position>11769</position><in_Quantity.quantity>0.000000</in_Quantity.quantity><out_Quantity.quantity>798.219741</out_Quantity.quantity></Point><Point><position>11770</position><in_Quantity.quantity>0.000000</in_Quantity.quantity><out_Quantity.quantity>627.033449</out_Quantity.quantity></Point><Point><position>11771</position><in_Quantity.quantity>0.000000</in_Quantity.quantity><out_Quantity.quantity>415.694616</out_Quantity.quantity></Point><Point><position>11772</position><in_Quantity.quantity>0.000000</in_Quantity.quantity><out_Quantity.quantity>661.105962</out_Quantity.quantity></Point><Point><position>11773</position><in_Quantity.quantity>0.000000</in_Quantity.quantity><out_Quantity.quantity>269.906982</out_Quantity.quantity></Point><Point><position>11774</position><in_Quantity.quantity>0.000000</in_Quantity.quantity><out_Quantity.quantity>678.596201</out_Quantity.quantity></Point><Point><position>11775</position><in_Quantity.quantity>0.000000</in_Quantity.quantity><out_Quantity.quantity>571.788600</out_Quantity.quantity></Point><Point><position>11776</position><in_Quantity.quantity>0.000000</in_Quantity.quantity><out_Quantity.quantity>710.532018</out_Quantity.quantity></Point><Point><position>11777</position><in_Quantity.quantity>0.000000</in_Quantity.quantity><out_Quantity.quantity>657.322370</out_Quantity.quantity></Point><Point><position>11778</position><in_Quantity.quantity>0.000000</in_Quantity.quantity><out_Quantity.quantity>378.310302</out_Quantity.quantity></Point><Point><position>11779</position><in_Quantity.quantity>0.000000</in_Quantity.quantity><out_Quantity.quantity>323.014682</out_Quantity.quantity></Point><Point><position>11780</position><in_Quantity.quantity>0.000000</in_Quantity.quantity><out_Quantity.quantity>959.671015</out_Quantity.quantity></Point><Point><position>11781</position><in_Quantity.quantity>0.000000</in_Quantity.quantity><out_Quantity.quantity>344.469884</out_Quantity.quantity></Point><Point><position>11782</position><in_Quantity.quantity>0.000000</in_Quantity.quantity><out_Quantity.quantity>650.923816</out_Quantity.quantity></Point><Point><position>11783</position><in_Quantity.quantity>0.000000</in_Quantity.quantity><out_Quantity.quantity>868.035746</out_Quantity.quantity></Point><Point><position>11784</position><in_Quantity.quantity>0.000000</in_Quantity.quantity><out_Quantity.quantity>201.176534</out_Quantity.quantity></Point><Point><position>11785</position><in_Quantity.quantity>0.000000</in_Quantity.quantity><out_Quantity.quantity>910.827223</out_Quantity.quantity></Point><Point><position>11786</position><in_Quantity.quantity>0.000000</in_Quantity.quantity><out_Quantity.quantity>74.349073</out_Quantity.quantity></Point><Point><position>11787</position><in_Quantity.quantity>0.000000</in_Quantity.quantity><out_Quantity.quantity>839.116598</out_Quantity.quantity></Point><Point><position>11788</position><in_Quantity.quantity>0.000000</in_Quantity.quantity><out_Quantity.quantity>524.306206</out_Quantity.quantity></Point><Point><position>11789</position><in_Quantity.quantity>0.000000</in_Quantity.quantity><out_Quantity.quantity>383.803505</out_Quantity.quantity></Point><Point><position>11790</position><in_Quantity.quantity>0.000000</in_Quantity.quantity><out_Quantity.quantity>886.987059</out_Quantity.quantity></Point><Point><position>11791</position><in_Quantity.quantity>0.000000</in_Quantity.quantity><out_Quantity.quantity>335.082860</out_Quantity.quantity></Point><Point><position>11792</position><in_Quantity.quantity>0.000000</in_Quantity.quantity><out_Quantity.quantity>785.747036</out_Quantity.quantity></Point><Point><position>11793</position><in_Quantity.quantity>0.000000</in_Quantity.quantity><out_Quantity.quantity>818.831009</out_Quantity.quantity></Point><Point><position>11794</position><in_Quantity.quantity>0.000000</in_Quantity.quantity><out_Quantity.quantity>855.805743</out_Quantity.quantity></Point><Point><position>11795</position><in_Quantity.quantity>0.000000</in_Quantity.quantity><out_Quantity.quantity>418.015203</out_Quantity.quantity></Point><Point><position>11796</position><in_Quantity.quantity>0.000000</in_Quantity.quantity><out_Quantity.quantity>334.710123</out_Quantity.quantity></Point><Point><position>11797</position><in_Quantity.quantity>0.000000</in_Quantity.quantity><out_Quantity.quantity>603.563476</out_Quantity.quantity></Point><Point><position>11798</position><in_Quantity.quantity>0.000000</in_Quantity.quantity><out_Quantity.quantity>491.589437</out_Quantity.quantity></Point><Point><position>11799</position><in_Quantity.quantity>0.000000</in_Quantity.quantity><out_Quantity.quantity>777.730866</out_Quantity.quantity></Point><Point><position>11800</position><in_Quantity.quantity>0.000000</in_Quantity.quantity><out_Quantity.quantity>413.926081</out_Quantity.quantity></Point><Point><position>11801</position><in_Quantity.quantity>0.000000</in_Quantity.quantity><out_Quantity.quantity>638.841316</out_Quantity.quantity></Point><Point><position>11802</position><in_Quantity.quantity>0.000000</in_Quantity.quantity><out_Quantity.quantity>363.516114</out_Quantity.quantity></Point><Point><position>11803</position><in_Quantity.quantity>0.000000</in_Quantity.quantity><out_Quantity.quantity>629.822631</out_Quantity.quantity></Point><Point><position>11804</position><in_Quantity.quantity>0.000000</in_Quantity.quantity><out_Quantity.quantity>608.134845</out_Quantity.quantity></Point><Point><position>11805</position><in_Quantity.quantity>0.000000</in_Quantity.quantity><out_Quantity.quantity>827.424392</out_Quantity.quantity></Point><Point><position>11806</position><in_Quantity.quantity>0.000000</in_Quantity.quantity><out_Quantity.quantity>688.766895</out_Quantity.quantity></Point><Point><position>11807</position><in_Quantity.quantity>0.000000</in_Quantity.quantity><out_Quantity.quantity>75.160102</out_Quantity.quantity></Point><Point><position>11808</position><in_Quantity.quantity>0.000000</in_Quantity.quantity><out_Quantity.quantity>129.573606</out_Quantity.quantity></Point><Point><position>11809</position><in_Quantity.quantity>0.000000</in_Quantity.quantity><out_Quantity.quantity>62.656350</out_Quantity.quantity></Point><Point><position>11810</position><in_Quantity.quantity>0.000000</in_Quantity.quantity><out_Quantity.quantity>730.764751</out_Quantity.quantity></Point><Point><position>11811</position><in_Quantity.quantity>0.000000</in_Quantity.quantity><out_Quantity.quantity>250.240906</out_Quantity.quantity></Point><Point><position>11812</position><in_Quantity.quantity>0.000000</in_Quantity.quantity><out_Quantity.quantity>328.422704</out_Quantity.quantity></Point><Point><position>11813</position><in_Quantity.quantity>0.000000</in_Quantity.quantity><out_Quantity.quantity>778.237115</out_Quantity.quantity></Point><Point><position>11814</position><in_Quantity.quantity>0.000000</in_Quantity.quantity><out_Quantity.quantity>60.242477</out_Quantity.quantity></Point><Point><position>11815</position><in_Quantity.quantity>0.000000</in_Quantity.quantity><out_Quantity.quantity>892.470029</out_Quantity.quantity></Point><Point><position>11816</position><in_Quantity.quantity>0.000000</in_Quantity.quantity><out_Quantity.quantity>155.332936</out_Quantity.quantity></Point><Point><position>11817</position><in_Quantity.quantity>0.000000</in_Quantity.quantity><out_Quantity.quantity>887.359254</out_Quantity.quantity></Point><Point><position>11818</position><in_Quantity.quantity>0.000000</in_Quantity.quantity><out_Quantity.quantity>758.452600</out_Quantity.quantity></Point><Point><position>11819</position><in_Quantity.quantity>0.000000</in_Quantity.quantity><out_Quantity.quantity>547.402414</out_Quantity.quantity></Point><Point><position>11820</position><in_Quantity.quantity>0.000000</in_Quantity.quantity><out_Quantity.quantity>439.487948</out_Quantity.quantity></Point><Point><position>11821</position><in_Quantity.quantity>0.000000</in_Quantity.quantity><out_Quantity.quantity>862.453732</out_Quantity.quantity></Point><Point><position>11822</position><in_Quantity.quantity>0.000000</in_Quantity.quantity><out_Quantity.quantity>819.166380</out_Quantity.quantity></Point><Point><position>11823</position><in_Quantity.quantity>0.000000</in_Quantity.quantity><out_Quantity.quantity>950.220238</out_Quantity.quantity></Point><Point><position>11824</position><in_Quantity.quantity>0.000000</in_Quantity.quantity><out_Quantity.quantity>867.450186</out_Quantity.quantity></Point><Point><position>11825</position><in_Quantity.quantity>0.000000</in_Quantity.quantity><out_Quantity.quantity>87.383811</out_Quantity.quantity></Point><Point><position>11826</position><in_Quantity.quantity>0.000000</in_Quantity.quantity><out_Quantity.quantity>947.076761</out_Quantity.quantity></Point><Point><position>11827</position><in_Quantity.quantity>0.000000</in_Quantity.quantity><out_Quantity.quantity>730.529985</out_Quantity.quantity></Point><Point><position>11828</position><in_Quantity.quantity>0.000000</in_Quantity.quantity><out_Quantity.quantity>625.863543</out_Quantity.quantity></Point><Point><position>11829</position><in_Quantity.quantity>0.000000</in_Quantity.quantity><out_Quantity.quantity>377.419173</out_Quantity.quantity></Point><Point><position>11830</position><in_Quantity.quantity>0.000000</in_Quantity.quantity><out_Quantity.quantity>784.039087</out_Quantity.quantity></Point><Point><position>11831</position><in_Quantity.quantity>0.000000</in_Quantity.quantity><out_Quantity.quantity>991.613075</out_Quantity.quantity></Point><Point><position>11832</position><in_Quantity.quantity>0.000000</in_Quantity.quantity><out_Quantity.quantity>982.235790</out_Quantity.quantity></Point><Point><position>11833</position><in_Quantity.quantity>0.000000</in_Quantity.quantity><out_Quantity.quantity>574.170166</out_Quantity.quantity></Point><Point><position>11834</position><in_Quantity.quantity>0.000000</in_Quantity.quantity><out_Quantity.quantity>335.846825</out_Quantity.quantity></Point><Point><position>11835</position><in_Quantity.quantity>0.000000</in_Quantity.quantity><out_Quantity.quantity>466.292967</out_Quantity.quantity></Point><Point><position>11836</position><in_Quantity.quantity>0.000000</in_Quantity.quantity><out_Quantity.quantity>248.166782</out_Quantity.quantity></Point><Point><position>11837</position><in_Quantity.quantity>0.000000</in_Quantity.quantity><out_Quantity.quantity>707.563222</out_Quantity.quantity></Point><Point><position>11838</position><in_Quantity.quantity>0.000000</in_Quantity.quantity><out_Quantity.quantity>776.526044</out_Quantity.quantity></Point><Point><position>11839</position><in_Quantity.quantity>0.000000</in_Quantity.quantity><out_Quantity.quantity>194.612061</out_Quantity.quantity></Point><Point><position>11840</position><in_Quantity.quantity>0.000000</in_Quantity.quantity><out_Quantity.quantity>662.395157</out_Quantity.quantity></Point><Point><position>11841</position><in_Quantity.quantity>0.000000</in_Quantity.quantity><out_Quantity.quantity>607.403304</out_Quantity.quantity></Point><Point><position>11842</position><in_Quantity.quantity>0.000000</in_Quantity.quantity><out_Quantity.quantity>653.598799</out_Quantity.quantity></Point><Point><position>11843</position><in_Quantity.quantity>0.000000</in_Quantity.quantity><out_Quantity.quantity>68.974959</out_Quantity.quantity></Point><Point><position>11844</position><in_Quantity.quantity>0.000000</in_Quantity.quantity><out_Quantity.quantity>397.034383</out_Quantity.quantity></Point><Point><position>11845</position><in_Quantity.quantity>0.000000</in_Quantity.quantity><out_Quantity.quantity>134.764943</out_Quantity.quantity></Point><Point><position>11846</position><in_Quantity.quantity>0.000000</in_Quantity.quantity><out_Quantity.quantity>838.744296</out_Quantity.quantity></Point><Point><position>11847</position><in_Quantity.quantity>0.000000</in_Quantity.quantity><out_Quantity.quantity>543.851223</out_Quantity.quantity></Point><Point><position>11848</position><in_Quantity.quantity>0.000000</in_Quantity.quantity><out_Quantity.quantity>933.037802</out_Quantity.quantity></Point><Point><position>11849</position><in_Quantity.quantity>0.000000</in_Quantity.quantity><out_Quantity.quantity>463.642018</out_Quantity.quantity></Point><Point><position>11850</position><in_Quantity.quantity>0.000000</in_Quantity.quantity><out_Quantity.quantity>408.698195</out_Quantity.quantity></Point><Point><position>11851</position><in_Quantity.quantity>0.000000</in_Quantity.quantity><out_Quantity.quantity>436.268817</out_Quantity.quantity></Point><Point><position>11852</position><in_Quantity.quantity>0.000000</in_Quantity.quantity><out_Quantity.quantity>596.110699</out_Quantity.quantity></Point><Point><position>11853</position><in_Quantity.quantity>0.000000</in_Quantity.quantity><out_Quantity.quantity>120.874517</out_Quantity.quantity></Point><Point><position>11854</position><in_Quantity.quantity>0.000000</in_Quantity.quantity><out_Quantity.quantity>906.695783</out_Quantity.quantity></Point><Point><position>11855</position><in_Quantity.quantity>0.000000</in_Quantity.quantity><out_Quantity.quantity>369.539083</out_Quantity.quantity></Point><Point><position>11856</position><in_Quantity.quantity>0.000000</in_Quantity.quantity><out_Quantity.quantity>33.559335</out_Quantity.quantity></Point><Point><position>11857</position><in_Quantity.quantity>0.000000</in_Quantity.quantity><out_Quantity.quantity>705.917013</out_Quantity.quantity></Point><Point><position>11858</position><in_Quantity.quantity>0.000000</in_Quantity.quantity><out_Quantity.quantity>295.512438</out_Quantity.quantity></Point><Point><position>11859</position><in_Quantity.quantity>0.000000</in_Quantity.quantity><out_Quantity.quantity>351.450135</out_Quantity.quantity></Point><Point><position>11860</position><in_Quantity.quantity>0.000000</in_Quantity.quantity><out_Quantity.quantity>869.445289</out_Quantity.quantity></Point><Point><position>11861</position><in_Quantity.quantity>0.000000</in_Quantity.quantity><out_Quantity.quantity>393.996278</out_Quantity.quantity></Point><Point><position>11862</position><in_Quantity.quantity>0.000000</in_Quantity.quantity><out_Quantity.quantity>640.671435</out_Quantity.quantity></Point><Point><position>11863</position><in_Quantity.quantity>0.000000</in_Quantity.quantity><out_Quantity.quantity>556.785049</out_Quantity.quantity></Point><Point><position>11864</position><in_Quantity.quantity>0.000000</in_Quantity.quantity><out_Quantity.quantity>668.099637</out_Quantity.quantity></Point><Point><position>11865</position><in_Quantity.quantity>0.000000</in_Quantity.quantity><out_Quantity.quantity>569.804853</out_Quantity.quantity></Point><Point><position>11866</position><in_Quantity.quantity>0.000000</in_Quantity.quantity><out_Quantity.quantity>188.216011</out_Quantity.quantity></Point><Point><position>11867</position><in_Quantity.quantity>0.000000</in_Quantity.quantity><out_Quantity.quantity>5.627099</out_Quantity.quantity></Point><Point><position>11868</position><in_Quantity.quantity>0.000000</in_Quantity.quantity><out_Quantity.quantity>157.670767</out_Quantity.quantity></Point><Point><position>11869</position><in_Quantity.quantity>0.000000</in_Quantity.quantity><out_Quantity.quantity>417.042685</out_Quantity.quantity></Point><Point><position>11870</position><in_Quantity.quantity>0.000000</in_Quantity.quantity><out_Quantity.quantity>793.554697</out_Quantity.quantity></Point><Point><position>11871</position><in_Quantity.quantity>0.000000</in_Quantity.quantity><out_Quantity.quantity>209.272269</out_Quantity.quantity></Point><Point><position>11872</position><in_Quantity.quantity>0.000000</in_Quantity.quantity><out_Quantity.quantity>427.672376</out_Quantity.quantity></Point><Point><position>11873</position><in_Quantity.quantity>0.000000</in_Quantity.quantity><out_Quantity.quantity>905.288582</out_Quantity.quantity></Point><Point><position>11874</position><in_Quantity.quantity>0.000000</in_Quantity.quantity><out_Quantity.quantity>96.273262</out_Quantity.quantity></Point><Point><position>11875</position><in_Quantity.quantity>0.000000</in_Quantity.quantity><out_Quantity.quantity>408.156453</out_Quantity.quantity></Point><Point><position>11876</position><in_Quantity.quantity>0.000000</in_Quantity.quantity><out_Quantity.quantity>565.358537</out_Quantity.quantity></Point><Point><position>11877</position><in_Quantity.quantity>0.000000</in_Quantity.quantity><out_Quantity.quantity>142.771335</out_Quantity.quantity></Point><Point><position>11878</position><in_Quantity.quantity>0.000000</in_Quantity.quantity><out_Quantity.quantity>89.388402</out_Quantity.quantity></Point><Point><position>11879</position><in_Quantity.quantity>0.000000</in_Quantity.quantity><out_Quantity.quantity>14.035412</out_Quantity.quantity></Point><Point><position>11880</position><in_Quantity.quantity>0.000000</in_Quantity.quantity><out_Quantity.quantity>990.797342</out_Quantity.quantity></Point><Point><position>11881</position><in_Quantity.quantity>0.000000</in_Quantity.quantity><out_Quantity.quantity>635.459707</out_Quantity.quantity></Point><Point><position>11882</position><in_Quantity.quantity>0.000000</in_Quantity.quantity><out_Quantity.quantity>93.805404</out_Quantity.quantity></Point><Point><position>11883</position><in_Quantity.quantity>0.000000</in_Quantity.quantity><out_Quantity.quantity>324.371632</out_Quantity.quantity></Point><Point><position>11884</position><in_Quantity.quantity>0.000000</in_Quantity.quantity><out_Quantity.quantity>774.248985</out_Quantity.quantity></Point><Point><position>11885</position><in_Quantity.quantity>0.000000</in_Quantity.quantity><out_Quantity.quantity>212.325017</out_Quantity.quantity></Point><Point><position>11886</position><in_Quantity.quantity>0.000000</in_Quantity.quantity><out_Quantity.quantity>256.133118</out_Quantity.quantity></Point><Point><position>11887</position><in_Quantity.quantity>0.000000</in_Quantity.quantity><out_Quantity.quantity>965.743324</out_Quantity.quantity></Point><Point><position>11888</position><in_Quantity.quantity>0.000000</in_Quantity.quantity><out_Quantity.quantity>625.419364</out_Quantity.quantity></Point><Point><position>11889</position><in_Quantity.quantity>0.000000</in_Quantity.quantity><out_Quantity.quantity>792.552640</out_Quantity.quantity></Point><Point><position>11890</position><in_Quantity.quantity>0.000000</in_Quantity.quantity><out_Quantity.quantity>454.045175</out_Quantity.quantity></Point><Point><position>11891</position><in_Quantity.quantity>0.000000</in_Quantity.quantity><out_Quantity.quantity>984.931828</out_Quantity.quantity></Point><Point><position>11892</position><in_Quantity.quantity>0.000000</in_Quantity.quantity><out_Quantity.quantity>485.543799</out_Quantity.quantity></Point><Point><position>11893</position><in_Quantity.quantity>0.000000</in_Quantity.quantity><out_Quantity.quantity>285.247138</out_Quantity.quantity></Point><Point><position>11894</position><in_Quantity.quantity>0.000000</in_Quantity.quantity><out_Quantity.quantity>897.784742</out_Quantity.quantity></Point><Point><position>11895</position><in_Quantity.quantity>0.000000</in_Quantity.quantity><out_Quantity.quantity>792.906951</out_Quantity.quantity></Point><Point><position>11896</position><in_Quantity.quantity>0.000000</in_Quantity.quantity><out_Quantity.quantity>486.216712</out_Quantity.quantity></Point><Point><position>11897</position><in_Quantity.quantity>0.000000</in_Quantity.quantity><out_Quantity.quantity>197.543373</out_Quantity.quantity></Point><Point><position>11898</position><in_Quantity.quantity>0.000000</in_Quantity.quantity><out_Quantity.quantity>746.483487</out_Quantity.quantity></Point><Point><position>11899</position><in_Quantity.quantity>0.000000</in_Quantity.quantity><out_Quantity.quantity>469.713316</out_Quantity.quantity></Point><Point><position>11900</position><in_Quantity.quantity>0.000000</in_Quantity.quantity><out_Quantity.quantity>69.856485</out_Quantity.quantity></Point><Point><position>11901</position><in_Quantity.quantity>0.000000</in_Quantity.quantity><out_Quantity.quantity>900.522806</out_Quantity.quantity></Point><Point><position>11902</position><in_Quantity.quantity>0.000000</in_Quantity.quantity><out_Quantity.quantity>464.943994</out_Quantity.quantity></Point><Point><position>11903</position><in_Quantity.quantity>0.000000</in_Quantity.quantity><out_Quantity.quantity>222.748919</out_Quantity.quantity></Point><Point><position>11904</position><in_Quantity.quantity>0.000000</in_Quantity.quantity><out_Quantity.quantity>161.582006</out_Quantity.quantity></Point><Point><position>11905</position><in_Quantity.quantity>0.000000</in_Quantity.quantity><out_Quantity.quantity>767.150671</out_Quantity.quantity></Point><Point><position>11906</position><in_Quantity.quantity>0.000000</in_Quantity.quantity><out_Quantity.quantity>0.909115</out_Quantity.quantity></Point><Point><position>11907</position><in_Quantity.quantity>0.000000</in_Quantity.quantity><out_Quantity.quantity>166.105485</out_Quantity.quantity></Point><Point><position>11908</position><in_Quantity.quantity>0.000000</in_Quantity.quantity><out_Quantity.quantity>221.374250</out_Quantity.quantity></Point><Point><position>11909</position><in_Quantity.quantity>0.000000</in_Quantity.quantity><out_Quantity.quantity>431.486233</out_Quantity.quantity></Point><Point><position>11910</position><in_Quantity.quantity>0.000000</in_Quantity.quantity><out_Quantity.quantity>415.557478</out_Quantity.quantity></Point><Point><position>11911</position><in_Quantity.quantity>0.000000</in_Quantity.quantity><out_Quantity.quantity>771.874517</out_Quantity.quantity></Point><Point><position>11912</position><in_Quantity.quantity>0.000000</in_Quantity.quantity><out_Quantity.quantity>263.026111</out_Quantity.quantity></Point><Point><position>11913</position><in_Quantity.quantity>0.000000</in_Quantity.quantity><out_Quantity.quantity>906.746350</out_Quantity.quantity></Point><Point><position>11914</position><in_Quantity.quantity>0.000000</in_Quantity.quantity><out_Quantity.quantity>210.163899</out_Quantity.quantity></Point><Point><position>11915</position><in_Quantity.quantity>0.000000</in_Quantity.quantity><out_Quantity.quantity>29.391923</out_Quantity.quantity></Point><Point><position>11916</position><in_Quantity.quantity>0.000000</in_Quantity.quantity><out_Quantity.quantity>22.035023</out_Quantity.quantity></Point><Point><position>11917</position><in_Quantity.quantity>0.000000</in_Quantity.quantity><out_Quantity.quantity>401.349784</out_Quantity.quantity></Point><Point><position>11918</position><in_Quantity.quantity>0.000000</in_Quantity.quantity><out_Quantity.quantity>376.779813</out_Quantity.quantity></Point><Point><position>11919</position><in_Quantity.quantity>0.000000</in_Quantity.quantity><out_Quantity.quantity>581.012493</out_Quantity.quantity></Point><Point><position>11920</position><in_Quantity.quantity>0.000000</in_Quantity.quantity><out_Quantity.quantity>887.286509</out_Quantity.quantity></Point><Point><position>11921</position><in_Quantity.quantity>0.000000</in_Quantity.quantity><out_Quantity.quantity>6.866086</out_Quantity.quantity></Point><Point><position>11922</position><in_Quantity.quantity>0.000000</in_Quantity.quantity><out_Quantity.quantity>707.906777</out_Quantity.quantity></Point><Point><position>11923</position><in_Quantity.quantity>0.000000</in_Quantity.quantity><out_Quantity.quantity>810.605496</out_Quantity.quantity></Point><Point><position>11924</position><in_Quantity.quantity>0.000000</in_Quantity.quantity><out_Quantity.quantity>793.515498</out_Quantity.quantity></Point><Point><position>11925</position><in_Quantity.quantity>0.000000</in_Quantity.quantity><out_Quantity.quantity>951.212060</out_Quantity.quantity></Point><Point><position>11926</position><in_Quantity.quantity>0.000000</in_Quantity.quantity><out_Quantity.quantity>598.620688</out_Quantity.quantity></Point><Point><position>11927</position><in_Quantity.quantity>0.000000</in_Quantity.quantity><out_Quantity.quantity>756.238913</out_Quantity.quantity></Point><Point><position>11928</position><in_Quantity.quantity>0.000000</in_Quantity.quantity><out_Quantity.quantity>956.928643</out_Quantity.quantity></Point><Point><position>11929</position><in_Quantity.quantity>0.000000</in_Quantity.quantity><out_Quantity.quantity>208.892549</out_Quantity.quantity></Point><Point><position>11930</position><in_Quantity.quantity>0.000000</in_Quantity.quantity><out_Quantity.quantity>659.169555</out_Quantity.quantity></Point><Point><position>11931</position><in_Quantity.quantity>0.000000</in_Quantity.quantity><out_Quantity.quantity>264.776973</out_Quantity.quantity></Point><Point><position>11932</position><in_Quantity.quantity>0.000000</in_Quantity.quantity><out_Quantity.quantity>964.894851</out_Quantity.quantity></Point><Point><position>11933</position><in_Quantity.quantity>0.000000</in_Quantity.quantity><out_Quantity.quantity>628.408394</out_Quantity.quantity></Point><Point><position>11934</position><in_Quantity.quantity>0.000000</in_Quantity.quantity><out_Quantity.quantity>106.941348</out_Quantity.quantity></Point><Point><position>11935</position><in_Quantity.quantity>0.000000</in_Quantity.quantity><out_Quantity.quantity>381.964162</out_Quantity.quantity></Point><Point><position>11936</position><in_Quantity.quantity>0.000000</in_Quantity.quantity><out_Quantity.quantity>560.785977</out_Quantity.quantity></Point><Point><position>11937</position><in_Quantity.quantity>0.000000</in_Quantity.quantity><out_Quantity.quantity>918.629690</out_Quantity.quantity></Point><Point><position>11938</position><in_Quantity.quantity>0.000000</in_Quantity.quantity><out_Quantity.quantity>852.857551</out_Quantity.quantity></Point><Point><position>11939</position><in_Quantity.quantity>0.000000</in_Quantity.quantity><out_Quantity.quantity>362.361165</out_Quantity.quantity></Point><Point><position>11940</position><in_Quantity.quantity>0.000000</in_Quantity.quantity><out_Quantity.quantity>61.550420</out_Quantity.quantity></Point><Point><position>11941</position><in_Quantity.quantity>0.000000</in_Quantity.quantity><out_Quantity.quantity>884.531918</out_Quantity.quantity></Point><Point><position>11942</position><in_Quantity.quantity>0.000000</in_Quantity.quantity><out_Quantity.quantity>554.593978</out_Quantity.quantity></Point><Point><position>11943</position><in_Quantity.quantity>0.000000</in_Quantity.quantity><out_Quantity.quantity>306.672042</out_Quantity.quantity></Point><Point><position>11944</position><in_Quantity.quantity>0.000000</in_Quantity.quantity><out_Quantity.quantity>773.755667</out_Quantity.quantity></Point><Point><position>11945</position><in_Quantity.quantity>0.000000</in_Quantity.quantity><out_Quantity.quantity>172.124698</out_Quantity.quantity></Point><Point><position>11946</position><in_Quantity.quantity>0.000000</in_Quantity.quantity><out_Quantity.quantity>986.869952</out_Quantity.quantity></Point><Point><position>11947</position><in_Quantity.quantity>0.000000</in_Quantity.quantity><out_Quantity.quantity>35.957888</out_Quantity.quantity></Point><Point><position>11948</position><in_Quantity.quantity>0.000000</in_Quantity.quantity><out_Quantity.quantity>743.461060</out_Quantity.quantity></Point><Point><position>11949</position><in_Quantity.quantity>0.000000</in_Quantity.quantity><out_Quantity.quantity>353.896928</out_Quantity.quantity></Point><Point><position>11950</position><in_Quantity.quantity>0.000000</in_Quantity.quantity><out_Quantity.quantity>748.434082</out_Quantity.quantity></Point><Point><position>11951</position><in_Quantity.quantity>0.000000</in_Quantity.quantity><out_Quantity.quantity>194.939877</out_Quantity.quantity></Point><Point><position>11952</position><in_Quantity.quantity>0.000000</in_Quantity.quantity><out_Quantity.quantity>256.783218</out_Quantity.quantity></Point><Point><position>11953</position><in_Quantity.quantity>0.000000</in_Quantity.quantity><out_Quantity.quantity>670.866325</out_Quantity.quantity></Point><Point><position>11954</position><in_Quantity.quantity>0.000000</in_Quantity.quantity><out_Quantity.quantity>504.222496</out_Quantity.quantity></Point><Point><position>11955</position><in_Quantity.quantity>0.000000</in_Quantity.quantity><out_Quantity.quantity>651.678312</out_Quantity.quantity></Point><Point><position>11956</position><in_Quantity.quantity>0.000000</in_Quantity.quantity><out_Quantity.quantity>587.339137</out_Quantity.quantity></Point><Point><position>11957</position><in_Quantity.quantity>0.000000</in_Quantity.quantity><out_Quantity.quantity>702.798871</out_Quantity.quantity></Point><Point><position>11958</position><in_Quantity.quantity>0.000000</in_Quantity.quantity><out_Quantity.quantity>935.278872</out_Quantity.quantity></Point><Point><position>11959</position><in_Quantity.quantity>0.000000</in_Quantity.quantity><out_Quantity.quantity>84.346046</out_Quantity.quantity></Point><Point><position>11960</position><in_Quantity.quantity>0.000000</in_Quantity.quantity><out_Quantity.quantity>411.843710</out_Quantity.quantity></Point><Point><position>11961</position><in_Quantity.quantity>0.000000</in_Quantity.quantity><out_Quantity.quantity>163.766935</out_Quantity.quantity></Point><Point><position>11962</position><in_Quantity.quantity>0.000000</in_Quantity.quantity><out_Quantity.quantity>97.563905</out_Quantity.quantity></Point><Point><position>11963</position><in_Quantity.quantity>0.000000</in_Quantity.quantity><out_Quantity.quantity>369.203243</out_Quantity.quantity></Point><Point><position>11964</position><in_Quantity.quantity>0.000000</in_Quantity.quantity><out_Quantity.quantity>20.722775</out_Quantity.quantity></Point><Point><position>11965</position><in_Quantity.quantity>0.000000</in_Quantity.quantity><out_Quantity.quantity>240.855570</out_Quantity.quantity></Point><Point><position>11966</position><in_Quantity.quantity>0.000000</in_Quantity.quantity><out_Quantity.quantity>836.502601</out_Quantity.quantity></Point><Point><position>11967</position><in_Quantity.quantity>0.000000</in_Quantity.quantity><out_Quantity.quantity>537.307743</out_Quantity.quantity></Point><Point><position>11968</position><in_Quantity.quantity>0.000000</in_Quantity.quantity><out_Quantity.quantity>408.099819</out_Quantity.quantity></Point><Point><position>11969</position><in_Quantity.quantity>0.000000</in_Quantity.quantity><out_Quantity.quantity>441.540172</out_Quantity.quantity></Point><Point><position>11970</position><in_Quantity.quantity>0.000000</in_Quantity.quantity><out_Quantity.quantity>333.264513</out_Quantity.quantity></Point><Point><position>11971</position><in_Quantity.quantity>0.000000</in_Quantity.quantity><out_Quantity.quantity>874.900818</out_Quantity.quantity></Point><Point><position>11972</position><in_Quantity.quantity>0.000000</in_Quantity.quantity><out_Quantity.quantity>476.076654</out_Quantity.quantity></Point><Point><position>11973</position><in_Quantity.quantity>0.000000</in_Quantity.quantity><out_Quantity.quantity>151.782107</out_Quantity.quantity></Point><Point><position>11974</position><in_Quantity.quantity>0.000000</in_Quantity.quantity><out_Quantity.quantity>377.201851</out_Quantity.quantity></Point><Point><position>11975</position><in_Quantity.quantity>0.000000</in_Quantity.quantity><out_Quantity.quantity>517.025929</out_Quantity.quantity></Point><Point><position>11976</position><in_Quantity.quantity>0.000000</in_Quantity.quantity><out_Quantity.quantity>27.486741</out_Quantity.quantity></Point><Point><position>11977</position><in_Quantity.quantity>0.000000</in_Quantity.quantity><out_Quantity.quantity>108.439381</out_Quantity.quantity></Point><Point><position>11978</position><in_Quantity.quantity>0.000000</in_Quantity.quantity><out_Quantity.quantity>989.477586</out_Quantity.quantity></Point><Point><position>11979</position><in_Quantity.quantity>0.000000</in_Quantity.quantity><out_Quantity.quantity>648.435906</out_Quantity.quantity></Point><Point><position>11980</position><in_Quantity.quantity>0.000000</in_Quantity.quantity><out_Quantity.quantity>338.098414</out_Quantity.quantity></Point><Point><position>11981</position><in_Quantity.quantity>0.000000</in_Quantity.quantity><out_Quantity.quantity>505.223468</out_Quantity.quantity></Point><Point><position>11982</position><in_Quantity.quantity>0.000000</in_Quantity.quantity><out_Quantity.quantity>879.814341</out_Quantity.quantity></Point><Point><position>11983</position><in_Quantity.quantity>0.000000</in_Quantity.quantity><out_Quantity.quantity>698.706585</out_Quantity.quantity></Point><Point><position>11984</position><in_Quantity.quantity>0.000000</in_Quantity.quantity><out_Quantity.quantity>387.734983</out_Quantity.quantity></Point><Point><position>11985</position><in_Quantity.quantity>0.000000</in_Quantity.quantity><out_Quantity.quantity>43.390297</out_Quantity.quantity></Point><Point><position>11986</position><in_Quantity.quantity>0.000000</in_Quantity.quantity><out_Quantity.quantity>363.002197</out_Quantity.quantity></Point><Point><position>11987</position><in_Quantity.quantity>0.000000</in_Quantity.quantity><out_Quantity.quantity>874.860969</out_Quantity.quantity></Point><Point><position>11988</position><in_Quantity.quantity>0.000000</in_Quantity.quantity><out_Quantity.quantity>914.199649</out_Quantity.quantity></Point><Point><position>11989</position><in_Quantity.quantity>0.000000</in_Quantity.quantity><out_Quantity.quantity>783.683773</out_Quantity.quantity></Point><Point><position>11990</position><in_Quantity.quantity>0.000000</in_Quantity.quantity><out_Quantity.quantity>42.404788</out_Quantity.quantity></Point><Point><position>11991</position><in_Quantity.quantity>0.000000</in_Quantity.quantity><out_Quantity.quantity>939.266922</out_Quantity.quantity></Point><Point><position>11992</position><in_Quantity.quantity>0.000000</in_Quantity.quantity><out_Quantity.quantity>410.319838</out_Quantity.quantity></Point><Point><position>11993</position><in_Quantity.quantity>0.000000</in_Quantity.quantity><out_Quantity.quantity>62.214407</out_Quantity.quantity></Point><Point><position>11994</position><in_Quantity.quantity>0.000000</in_Quantity.quantity><out_Quantity.quantity>418.089099</out_Quantity.quantity></Point><Point><position>11995</position><in_Quantity.quantity>0.000000</in_Quantity.quantity><out_Quantity.quantity>622.773481</out_Quantity.quantity></Point><Point><position>11996</position><in_Quantity.quantity>0.000000</in_Quantity.quantity><out_Quantity.quantity>54.878176</out_Quantity.quantity></Point><Point><position>11997</position><in_Quantity.quantity>0.000000</in_Quantity.quantity><out_Quantity.quantity>443.441378</out_Quantity.quantity></Point><Point><position>11998</position><in_Quantity.quantity>0.000000</in_Quantity.quantity><out_Quantity.quantity>232.955934</out_Quantity.quantity></Point><Point><position>11999</position><in_Quantity.quantity>0.000000</in_Quantity.quantity><out_Quantity.quantity>973.549234</out_Quantity.quantity></Point><Point><position>12000</position><in_Quantity.quantity>0.000000</in_Quantity.quantity><out_Quantity.quantity>93.194735</out_Quantity.quantity></Point><Point><position>12001</position><in_Quantity.quantity>0.000000</in_Quantity.quantity><out_Quantity.quantity>4.637594</out_Quantity.quantity></Point><Point><position>12002</position><in_Quantity.quantity>0.000000</in_Quantity.quantity><out_Quantity.quantity>468.041552</out_Quantity.quantity></Point><Point><position>12003</position><in_Quantity.quantity>0.000000</in_Quantity.quantity><out_Quantity.quantity>224.544544</out_Quantity.quantity></Point><Point><position>12004</position><in_Quantity.quantity>0.000000</in_Quantity.quantity><out_Quantity.quantity>450.122902</out_Quantity.quantity></Point><Point><position>12005</position><in_Quantity.quantity>0.000000</in_Quantity.quantity><out_Quantity.quantity>602.904875</out_Quantity.quantity></Point><Point><position>12006</position><in_Quantity.quantity>0.000000</in_Quantity.quantity><out_Quantity.quantity>465.544108</out_Quantity.quantity></Point><Point><position>12007</position><in_Quantity.quantity>0.000000</in_Quantity.quantity><out_Quantity.quantity>105.964555</out_Quantity.quantity></Point><Point><position>12008</position><in_Quantity.quantity>0.000000</in_Quantity.quantity><out_Quantity.quantity>994.259126</out_Quantity.quantity></Point><Point><position>12009</position><in_Quantity.quantity>0.000000</in_Quantity.quantity><out_Quantity.quantity>821.136847</out_Quantity.quantity></Point><Point><position>12010</position><in_Quantity.quantity>0.000000</in_Quantity.quantity><out_Quantity.quantity>354.763762</out_Quantity.quantity></Point><Point><position>12011</position><in_Quantity.quantity>0.000000</in_Quantity.quantity><out_Quantity.quantity>350.117503</out_Quantity.quantity></Point><Point><position>12012</position><in_Quantity.quantity>0.000000</in_Quantity.quantity><out_Quantity.quantity>198.017432</out_Quantity.quantity></Point><Point><position>12013</position><in_Quantity.quantity>0.000000</in_Quantity.quantity><out_Quantity.quantity>67.745441</out_Quantity.quantity></Point><Point><position>12014</position><in_Quantity.quantity>0.000000</in_Quantity.quantity><out_Quantity.quantity>415.568813</out_Quantity.quantity></Point><Point><position>12015</position><in_Quantity.quantity>0.000000</in_Quantity.quantity><out_Quantity.quantity>490.070121</out_Quantity.quantity></Point><Point><position>12016</position><in_Quantity.quantity>0.000000</in_Quantity.quantity><out_Quantity.quantity>182.959610</out_Quantity.quantity></Point><Point><position>12017</position><in_Quantity.quantity>0.000000</in_Quantity.quantity><out_Quantity.quantity>142.816786</out_Quantity.quantity></Point><Point><position>12018</position><in_Quantity.quantity>0.000000</in_Quantity.quantity><out_Quantity.quantity>574.421405</out_Quantity.quantity></Point><Point><position>12019</position><in_Quantity.quantity>0.000000</in_Quantity.quantity><out_Quantity.quantity>183.303857</out_Quantity.quantity></Point><Point><position>12020</position><in_Quantity.quantity>0.000000</in_Quantity.quantity><out_Quantity.quantity>183.558866</out_Quantity.quantity></Point><Point><position>12021</position><in_Quantity.quantity>0.000000</in_Quantity.quantity><out_Quantity.quantity>170.733623</out_Quantity.quantity></Point><Point><position>12022</position><in_Quantity.quantity>0.000000</in_Quantity.quantity><out_Quantity.quantity>822.762932</out_Quantity.quantity></Point><Point><position>12023</position><in_Quantity.quantity>0.000000</in_Quantity.quantity><out_Quantity.quantity>929.421685</out_Quantity.quantity></Point><Point><position>12024</position><in_Quantity.quantity>0.000000</in_Quantity.quantity><out_Quantity.quantity>961.010511</out_Quantity.quantity></Point><Point><position>12025</position><in_Quantity.quantity>0.000000</in_Quantity.quantity><out_Quantity.quantity>76.980114</out_Quantity.quantity></Point><Point><position>12026</position><in_Quantity.quantity>0.000000</in_Quantity.quantity><out_Quantity.quantity>229.605871</out_Quantity.quantity></Point><Point><position>12027</position><in_Quantity.quantity>0.000000</in_Quantity.quantity><out_Quantity.quantity>516.668750</out_Quantity.quantity></Point><Point><position>12028</position><in_Quantity.quantity>0.000000</in_Quantity.quantity><out_Quantity.quantity>67.028669</out_Quantity.quantity></Point><Point><position>12029</position><in_Quantity.quantity>0.000000</in_Quantity.quantity><out_Quantity.quantity>913.320660</out_Quantity.quantity></Point><Point><position>12030</position><in_Quantity.quantity>0.000000</in_Quantity.quantity><out_Quantity.quantity>109.092767</out_Quantity.quantity></Point><Point><position>12031</position><in_Quantity.quantity>0.000000</in_Quantity.quantity><out_Quantity.quantity>719.071641</out_Quantity.quantity></Point><Point><position>12032</position><in_Quantity.quantity>0.000000</in_Quantity.quantity><out_Quantity.quantity>964.198127</out_Quantity.quantity></Point><Point><position>12033</position><in_Quantity.quantity>0.000000</in_Quantity.quantity><out_Quantity.quantity>891.418768</out_Quantity.quantity></Point><Point><position>12034</position><in_Quantity.quantity>0.000000</in_Quantity.quantity><out_Quantity.quantity>845.186288</out_Quantity.quantity></Point><Point><position>12035</position><in_Quantity.quantity>0.000000</in_Quantity.quantity><out_Quantity.quantity>425.652066</out_Quantity.quantity></Point><Point><position>12036</position><in_Quantity.quantity>0.000000</in_Quantity.quantity><out_Quantity.quantity>343.797382</out_Quantity.quantity></Point><Point><position>12037</position><in_Quantity.quantity>0.000000</in_Quantity.quantity><out_Quantity.quantity>582.108510</out_Quantity.quantity></Point><Point><position>12038</position><in_Quantity.quantity>0.000000</in_Quantity.quantity><out_Quantity.quantity>57.052780</out_Quantity.quantity></Point><Point><position>12039</position><in_Quantity.quantity>0.000000</in_Quantity.quantity><out_Quantity.quantity>761.489831</out_Quantity.quantity></Point><Point><position>12040</position><in_Quantity.quantity>0.000000</in_Quantity.quantity><out_Quantity.quantity>418.694266</out_Quantity.quantity></Point><Point><position>12041</position><in_Quantity.quantity>0.000000</in_Quantity.quantity><out_Quantity.quantity>720.893917</out_Quantity.quantity></Point><Point><position>12042</position><in_Quantity.quantity>0.000000</in_Quantity.quantity><out_Quantity.quantity>229.251443</out_Quantity.quantity></Point><Point><position>12043</position><in_Quantity.quantity>0.000000</in_Quantity.quantity><out_Quantity.quantity>113.589368</out_Quantity.quantity></Point><Point><position>12044</position><in_Quantity.quantity>0.000000</in_Quantity.quantity><out_Quantity.quantity>592.623524</out_Quantity.quantity></Point><Point><position>12045</position><in_Quantity.quantity>0.000000</in_Quantity.quantity><out_Quantity.quantity>346.722748</out_Quantity.quantity></Point><Point><position>12046</position><in_Quantity.quantity>0.000000</in_Quantity.quantity><out_Quantity.quantity>175.250683</out_Quantity.quantity></Point><Point><position>12047</position><in_Quantity.quantity>0.000000</in_Quantity.quantity><out_Quantity.quantity>835.164682</out_Quantity.quantity></Point><Point><position>12048</position><in_Quantity.quantity>0.000000</in_Quantity.quantity><out_Quantity.quantity>762.729670</out_Quantity.quantity></Point><Point><position>12049</position><in_Quantity.quantity>0.000000</in_Quantity.quantity><out_Quantity.quantity>460.886979</out_Quantity.quantity></Point><Point><position>12050</position><in_Quantity.quantity>0.000000</in_Quantity.quantity><out_Quantity.quantity>955.259676</out_Quantity.quantity></Point><Point><position>12051</position><in_Quantity.quantity>0.000000</in_Quantity.quantity><out_Quantity.quantity>0.017086</out_Quantity.quantity></Point><Point><position>12052</position><in_Quantity.quantity>0.000000</in_Quantity.quantity><out_Quantity.quantity>533.724083</out_Quantity.quantity></Point><Point><position>12053</position><in_Quantity.quantity>0.000000</in_Quantity.quantity><out_Quantity.quantity>204.920508</out_Quantity.quantity></Point><Point><position>12054</position><in_Quantity.quantity>0.000000</in_Quantity.quantity><out_Quantity.quantity>436.698485</out_Quantity.quantity></Point><Point><position>12055</position><in_Quantity.quantity>0.000000</in_Quantity.quantity><out_Quantity.quantity>133.683208</out_Quantity.quantity></Point><Point><position>12056</position><in_Quantity.quantity>0.000000</in_Quantity.quantity><out_Quantity.quantity>709.529403</out_Quantity.quantity></Point><Point><position>12057</position><in_Quantity.quantity>0.000000</in_Quantity.quantity><out_Quantity.quantity>135.693846</out_Quantity.quantity></Point><Point><position>12058</position><in_Quantity.quantity>0.000000</in_Quantity.quantity><out_Quantity.quantity>150.257197</out_Quantity.quantity></Point><Point><position>12059</position><in_Quantity.quantity>0.000000</in_Quantity.quantity><out_Quantity.quantity>849.427223</out_Quantity.quantity></Point><Point><position>12060</position><in_Quantity.quantity>0.000000</in_Quantity.quantity><out_Quantity.quantity>140.323609</out_Quantity.quantity></Point><Point><position>12061</position><in_Quantity.quantity>0.000000</in_Quantity.quantity><out_Quantity.quantity>556.969781</out_Quantity.quantity></Point><Point><position>12062</position><in_Quantity.quantity>0.000000</in_Quantity.quantity><out_Quantity.quantity>294.998297</out_Quantity.quantity></Point><Point><position>12063</position><in_Quantity.quantity>0.000000</in_Quantity.quantity><out_Quantity.quantity>965.353951</out_Quantity.quantity></Point><Point><position>12064</position><in_Quantity.quantity>0.000000</in_Quantity.quantity><out_Quantity.quantity>339.479914</out_Quantity.quantity></Point><Point><position>12065</position><in_Quantity.quantity>0.000000</in_Quantity.quantity><out_Quantity.quantity>153.249848</out_Quantity.quantity></Point><Point><position>12066</position><in_Quantity.quantity>0.000000</in_Quantity.quantity><out_Quantity.quantity>168.443240</out_Quantity.quantity></Point><Point><position>12067</position><in_Quantity.quantity>0.000000</in_Quantity.quantity><out_Quantity.quantity>982.393737</out_Quantity.quantity></Point><Point><position>12068</position><in_Quantity.quantity>0.000000</in_Quantity.quantity><out_Quantity.quantity>433.256060</out_Quantity.quantity></Point><Point><position>12069</position><in_Quantity.quantity>0.000000</in_Quantity.quantity><out_Quantity.quantity>87.456361</out_Quantity.quantity></Point><Point><position>12070</position><in_Quantity.quantity>0.000000</in_Quantity.quantity><out_Quantity.quantity>470.241353</out_Quantity.quantity></Point><Point><position>12071</position><in_Quantity.quantity>0.000000</in_Quantity.quantity><out_Quantity.quantity>372.397156</out_Quantity.quantity></Point><Point><position>12072</position><in_Quantity.quantity>0.000000</in_Quantity.quantity><out_Quantity.quantity>687.120655</out_Quantity.quantity></Point><Point><position>12073</position><in_Quantity.quantity>0.000000</in_Quantity.quantity><out_Quantity.quantity>678.049597</out_Quantity.quantity></Point><Point><position>12074</position><in_Quantity.quantity>0.000000</in_Quantity.quantity><out_Quantity.quantity>124.608393</out_Quantity.quantity></Point><Point><position>12075</position><in_Quantity.quantity>0.000000</in_Quantity.quantity><out_Quantity.quantity>130.358229</out_Quantity.quantity></Point><Point><position>12076</position><in_Quantity.quantity>0.000000</in_Quantity.quantity><out_Quantity.quantity>656.228371</out_Quantity.quantity></Point><Point><position>12077</position><in_Quantity.quantity>0.000000</in_Quantity.quantity><out_Quantity.quantity>275.135680</out_Quantity.quantity></Point><Point><position>12078</position><in_Quantity.quantity>0.000000</in_Quantity.quantity><out_Quantity.quantity>228.620539</out_Quantity.quantity></Point><Point><position>12079</position><in_Quantity.quantity>0.000000</in_Quantity.quantity><out_Quantity.quantity>445.366844</out_Quantity.quantity></Point><Point><position>12080</position><in_Quantity.quantity>0.000000</in_Quantity.quantity><out_Quantity.quantity>157.157758</out_Quantity.quantity></Point><Point><position>12081</position><in_Quantity.quantity>0.000000</in_Quantity.quantity><out_Quantity.quantity>541.476484</out_Quantity.quantity></Point><Point><position>12082</position><in_Quantity.quantity>0.000000</in_Quantity.quantity><out_Quantity.quantity>381.300547</out_Quantity.quantity></Point><Point><position>12083</position><in_Quantity.quantity>0.000000</in_Quantity.quantity><out_Quantity.quantity>384.276691</out_Quantity.quantity></Point><Point><position>12084</position><in_Quantity.quantity>0.000000</in_Quantity.quantity><out_Quantity.quantity>725.526436</out_Quantity.quantity></Point><Point><position>12085</position><in_Quantity.quantity>0.000000</in_Quantity.quantity><out_Quantity.quantity>464.045948</out_Quantity.quantity></Point><Point><position>12086</position><in_Quantity.quantity>0.000000</in_Quantity.quantity><out_Quantity.quantity>207.939276</out_Quantity.quantity></Point><Point><position>12087</position><in_Quantity.quantity>0.000000</in_Quantity.quantity><out_Quantity.quantity>787.346122</out_Quantity.quantity></Point><Point><position>12088</position><in_Quantity.quantity>0.000000</in_Quantity.quantity><out_Quantity.quantity>544.460305</out_Quantity.quantity></Point><Point><position>12089</position><in_Quantity.quantity>0.000000</in_Quantity.quantity><out_Quantity.quantity>758.382792</out_Quantity.quantity></Point><Point><position>12090</position><in_Quantity.quantity>0.000000</in_Quantity.quantity><out_Quantity.quantity>675.124503</out_Quantity.quantity></Point><Point><position>12091</position><in_Quantity.quantity>0.000000</in_Quantity.quantity><out_Quantity.quantity>863.101075</out_Quantity.quantity></Point><Point><position>12092</position><in_Quantity.quantity>0.000000</in_Quantity.quantity><out_Quantity.quantity>349.300051</out_Quantity.quantity></Point><Point><position>12093</position><in_Quantity.quantity>0.000000</in_Quantity.quantity><out_Quantity.quantity>834.342781</out_Quantity.quantity></Point><Point><position>12094</position><in_Quantity.quantity>0.000000</in_Quantity.quantity><out_Quantity.quantity>26.414571</out_Quantity.quantity></Point><Point><position>12095</position><in_Quantity.quantity>0.000000</in_Quantity.quantity><out_Quantity.quantity>54.151505</out_Quantity.quantity></Point><Point><position>12096</position><in_Quantity.quantity>0.000000</in_Quantity.quantity><out_Quantity.quantity>150.758734</out_Quantity.quantity></Point><Point><position>12097</position><in_Quantity.quantity>0.000000</in_Quantity.quantity><out_Quantity.quantity>317.876460</out_Quantity.quantity></Point><Point><position>12098</position><in_Quantity.quantity>0.000000</in_Quantity.quantity><out_Quantity.quantity>20.650591</out_Quantity.quantity></Point><Point><position>12099</position><in_Quantity.quantity>0.000000</in_Quantity.quantity><out_Quantity.quantity>135.617899</out_Quantity.quantity></Point><Point><position>12100</position><in_Quantity.quantity>0.000000</in_Quantity.quantity><out_Quantity.quantity>970.662486</out_Quantity.quantity></Point><Point><position>12101</position><in_Quantity.quantity>0.000000</in_Quantity.quantity><out_Quantity.quantity>105.192790</out_Quantity.quantity></Point><Point><position>12102</position><in_Quantity.quantity>0.000000</in_Quantity.quantity><out_Quantity.quantity>401.913241</out_Quantity.quantity></Point><Point><position>12103</position><in_Quantity.quantity>0.000000</in_Quantity.quantity><out_Quantity.quantity>895.162627</out_Quantity.quantity></Point><Point><position>12104</position><in_Quantity.quantity>0.000000</in_Quantity.quantity><out_Quantity.quantity>670.454988</out_Quantity.quantity></Point><Point><position>12105</position><in_Quantity.quantity>0.000000</in_Quantity.quantity><out_Quantity.quantity>479.299817</out_Quantity.quantity></Point><Point><position>12106</position><in_Quantity.quantity>0.000000</in_Quantity.quantity><out_Quantity.quantity>234.008293</out_Quantity.quantity></Point><Point><position>12107</position><in_Quantity.quantity>0.000000</in_Quantity.quantity><out_Quantity.quantity>414.883293</out_Quantity.quantity></Point><Point><position>12108</position><in_Quantity.quantity>0.000000</in_Quantity.quantity><out_Quantity.quantity>295.303897</out_Quantity.quantity></Point><Point><position>12109</position><in_Quantity.quantity>0.000000</in_Quantity.quantity><out_Quantity.quantity>602.883082</out_Quantity.quantity></Point><Point><position>12110</position><in_Quantity.quantity>0.000000</in_Quantity.quantity><out_Quantity.quantity>429.376155</out_Quantity.quantity></Point><Point><position>12111</position><in_Quantity.quantity>0.000000</in_Quantity.quantity><out_Quantity.quantity>332.311349</out_Quantity.quantity></Point><Point><position>12112</position><in_Quantity.quantity>0.000000</in_Quantity.quantity><out_Quantity.quantity>322.653647</out_Quantity.quantity></Point><Point><position>12113</position><in_Quantity.quantity>0.000000</in_Quantity.quantity><out_Quantity.quantity>39.554324</out_Quantity.quantity></Point><Point><position>12114</position><in_Quantity.quantity>0.000000</in_Quantity.quantity><out_Quantity.quantity>155.992936</out_Quantity.quantity></Point><Point><position>12115</position><in_Quantity.quantity>0.000000</in_Quantity.quantity><out_Quantity.quantity>429.370157</out_Quantity.quantity></Point><Point><position>12116</position><in_Quantity.quantity>0.000000</in_Quantity.quantity><out_Quantity.quantity>790.723389</out_Quantity.quantity></Point><Point><position>12117</position><in_Quantity.quantity>0.000000</in_Quantity.quantity><out_Quantity.quantity>270.792489</out_Quantity.quantity></Point><Point><position>12118</position><in_Quantity.quantity>0.000000</in_Quantity.quantity><out_Quantity.quantity>602.270627</out_Quantity.quantity></Point><Point><position>12119</position><in_Quantity.quantity>0.000000</in_Quantity.quantity><out_Quantity.quantity>584.214727</out_Quantity.quantity></Point><Point><position>12120</position><in_Quantity.quantity>0.000000</in_Quantity.quantity><out_Quantity.quantity>921.973600</out_Quantity.quantity></Point><Point><position>12121</position><in_Quantity.quantity>0.000000</in_Quantity.quantity><out_Quantity.quantity>189.109752</out_Quantity.quantity></Point><Point><position>12122</position><in_Quantity.quantity>0.000000</in_Quantity.quantity><out_Quantity.quantity>415.294502</out_Quantity.quantity></Point><Point><position>12123</position><in_Quantity.quantity>0.000000</in_Quantity.quantity><out_Quantity.quantity>245.758182</out_Quantity.quantity></Point><Point><position>12124</position><in_Quantity.quantity>0.000000</in_Quantity.quantity><out_Quantity.quantity>154.910051</out_Quantity.quantity></Point><Point><position>12125</position><in_Quantity.quantity>0.000000</in_Quantity.quantity><out_Quantity.quantity>706.103786</out_Quantity.quantity></Point><Point><position>12126</position><in_Quantity.quantity>0.000000</in_Quantity.quantity><out_Quantity.quantity>175.809553</out_Quantity.quantity></Point><Point><position>12127</position><in_Quantity.quantity>0.000000</in_Quantity.quantity><out_Quantity.quantity>226.786085</out_Quantity.quantity></Point><Point><position>12128</position><in_Quantity.quantity>0.000000</in_Quantity.quantity><out_Quantity.quantity>564.461536</out_Quantity.quantity></Point><Point><position>12129</position><in_Quantity.quantity>0.000000</in_Quantity.quantity><out_Quantity.quantity>88.888180</out_Quantity.quantity></Point><Point><position>12130</position><in_Quantity.quantity>0.000000</in_Quantity.quantity><out_Quantity.quantity>823.262501</out_Quantity.quantity></Point><Point><position>12131</position><in_Quantity.quantity>0.000000</in_Quantity.quantity><out_Quantity.quantity>152.872433</out_Quantity.quantity></Point><Point><position>12132</position><in_Quantity.quantity>0.000000</in_Quantity.quantity><out_Quantity.quantity>153.051590</out_Quantity.quantity></Point><Point><position>12133</position><in_Quantity.quantity>0.000000</in_Quantity.quantity><out_Quantity.quantity>831.260236</out_Quantity.quantity></Point><Point><position>12134</position><in_Quantity.quantity>0.000000</in_Quantity.quantity><out_Quantity.quantity>156.572059</out_Quantity.quantity></Point><Point><position>12135</position><in_Quantity.quantity>0.000000</in_Quantity.quantity><out_Quantity.quantity>192.948329</out_Quantity.quantity></Point><Point><position>12136</position><in_Quantity.quantity>0.000000</in_Quantity.quantity><out_Quantity.quantity>351.944082</out_Quantity.quantity></Point><Point><position>12137</position><in_Quantity.quantity>0.000000</in_Quantity.quantity><out_Quantity.quantity>63.802625</out_Quantity.quantity></Point><Point><position>12138</position><in_Quantity.quantity>0.000000</in_Quantity.quantity><out_Quantity.quantity>202.333540</out_Quantity.quantity></Point><Point><position>12139</position><in_Quantity.quantity>0.000000</in_Quantity.quantity><out_Quantity.quantity>74.348749</out_Quantity.quantity></Point><Point><position>12140</position><in_Quantity.quantity>0.000000</in_Quantity.quantity><out_Quantity.quantity>302.128681</out_Quantity.quantity></Point><Point><position>12141</position><in_Quantity.quantity>0.000000</in_Quantity.quantity><out_Quantity.quantity>985.560743</out_Quantity.quantity></Point><Point><position>12142</position><in_Quantity.quantity>0.000000</in_Quantity.quantity><out_Quantity.quantity>454.811602</out_Quantity.quantity></Point><Point><position>12143</position><in_Quantity.quantity>0.000000</in_Quantity.quantity><out_Quantity.quantity>183.575416</out_Quantity.quantity></Point><Point><position>12144</position><in_Quantity.quantity>0.000000</in_Quantity.quantity><out_Quantity.quantity>516.212382</out_Quantity.quantity></Point><Point><position>12145</position><in_Quantity.quantity>0.000000</in_Quantity.quantity><out_Quantity.quantity>743.599454</out_Quantity.quantity></Point><Point><position>12146</position><in_Quantity.quantity>0.000000</in_Quantity.quantity><out_Quantity.quantity>293.003147</out_Quantity.quantity></Point><Point><position>12147</position><in_Quantity.quantity>0.000000</in_Quantity.quantity><out_Quantity.quantity>866.535641</out_Quantity.quantity></Point><Point><position>12148</position><in_Quantity.quantity>0.000000</in_Quantity.quantity><out_Quantity.quantity>268.863355</out_Quantity.quantity></Point><Point><position>12149</position><in_Quantity.quantity>0.000000</in_Quantity.quantity><out_Quantity.quantity>687.566256</out_Quantity.quantity></Point><Point><position>12150</position><in_Quantity.quantity>0.000000</in_Quantity.quantity><out_Quantity.quantity>145.636215</out_Quantity.quantity></Point><Point><position>12151</position><in_Quantity.quantity>0.000000</in_Quantity.quantity><out_Quantity.quantity>261.703377</out_Quantity.quantity></Point><Point><position>12152</position><in_Quantity.quantity>0.000000</in_Quantity.quantity><out_Quantity.quantity>658.564775</out_Quantity.quantity></Point><Point><position>12153</position><in_Quantity.quantity>0.000000</in_Quantity.quantity><out_Quantity.quantity>574.255384</out_Quantity.quantity></Point><Point><position>12154</position><in_Quantity.quantity>0.000000</in_Quantity.quantity><out_Quantity.quantity>46.663008</out_Quantity.quantity></Point><Point><position>12155</position><in_Quantity.quantity>0.000000</in_Quantity.quantity><out_Quantity.quantity>846.302831</out_Quantity.quantity></Point><Point><position>12156</position><in_Quantity.quantity>0.000000</in_Quantity.quantity><out_Quantity.quantity>246.466900</out_Quantity.quantity></Point><Point><position>12157</position><in_Quantity.quantity>0.000000</in_Quantity.quantity><out_Quantity.quantity>70.229166</out_Quantity.quantity></Point><Point><position>12158</position><in_Quantity.quantity>0.000000</in_Quantity.quantity><out_Quantity.quantity>675.226884</out_Quantity.quantity></Point><Point><position>12159</position><in_Quantity.quantity>0.000000</in_Quantity.quantity><out_Quantity.quantity>332.358277</out_Quantity.quantity></Point><Point><position>12160</position><in_Quantity.quantity>0.000000</in_Quantity.quantity><out_Quantity.quantity>880.251927</out_Quantity.quantity></Point><Point><position>12161</position><in_Quantity.quantity>0.000000</in_Quantity.quantity><out_Quantity.quantity>850.209254</out_Quantity.quantity></Point><Point><position>12162</position><in_Quantity.quantity>0.000000</in_Quantity.quantity><out_Quantity.quantity>824.784565</out_Quantity.quantity></Point><Point><position>12163</position><in_Quantity.quantity>0.000000</in_Quantity.quantity><out_Quantity.quantity>402.578911</out_Quantity.quantity></Point><Point><position>12164</position><in_Quantity.quantity>0.000000</in_Quantity.quantity><out_Quantity.quantity>757.954339</out_Quantity.quantity></Point><Point><position>12165</position><in_Quantity.quantity>0.000000</in_Quantity.quantity><out_Quantity.quantity>494.257655</out_Quantity.quantity></Point><Point><position>12166</position><in_Quantity.quantity>0.000000</in_Quantity.quantity><out_Quantity.quantity>982.155994</out_Quantity.quantity></Point><Point><position>12167</position><in_Quantity.quantity>0.000000</in_Quantity.quantity><out_Quantity.quantity>528.876517</out_Quantity.quantity></Point><Point><position>12168</position><in_Quantity.quantity>0.000000</in_Quantity.quantity><out_Quantity.quantity>967.648596</out_Quantity.quantity></Point><Point><position>12169</position><in_Quantity.quantity>0.000000</in_Quantity.quantity><out_Quantity.quantity>961.971962</out_Quantity.quantity></Point><Point><position>12170</position><in_Quantity.quantity>0.000000</in_Quantity.quantity><out_Quantity.quantity>445.595498</out_Quantity.quantity></Point><Point><position>12171</position><in_Quantity.quantity>0.000000</in_Quantity.quantity><out_Quantity.quantity>511.685967</out_Quantity.quantity></Point><Point><position>12172</position><in_Quantity.quantity>0.000000</in_Quantity.quantity><out_Quantity.quantity>907.242294</out_Quantity.quantity></Point><Point><position>12173</position><in_Quantity.quantity>0.000000</in_Quantity.quantity><out_Quantity.quantity>833.085844</out_Quantity.quantity></Point><Point><position>12174</position><in_Quantity.quantity>0.000000</in_Quantity.quantity><out_Quantity.quantity>836.491198</out_Quantity.quantity></Point><Point><position>12175</position><in_Quantity.quantity>0.000000</in_Quantity.quantity><out_Quantity.quantity>370.501951</out_Quantity.quantity></Point><Point><position>12176</position><in_Quantity.quantity>0.000000</in_Quantity.quantity><out_Quantity.quantity>349.580082</out_Quantity.quantity></Point><Point><position>12177</position><in_Quantity.quantity>0.000000</in_Quantity.quantity><out_Quantity.quantity>123.832495</out_Quantity.quantity></Point><Point><position>12178</position><in_Quantity.quantity>0.000000</in_Quantity.quantity><out_Quantity.quantity>669.263028</out_Quantity.quantity></Point><Point><position>12179</position><in_Quantity.quantity>0.000000</in_Quantity.quantity><out_Quantity.quantity>386.084592</out_Quantity.quantity></Point><Point><position>12180</position><in_Quantity.quantity>0.000000</in_Quantity.quantity><out_Quantity.quantity>478.323425</out_Quantity.quantity></Point><Point><position>12181</position><in_Quantity.quantity>0.000000</in_Quantity.quantity><out_Quantity.quantity>125.546936</out_Quantity.quantity></Point><Point><position>12182</position><in_Quantity.quantity>0.000000</in_Quantity.quantity><out_Quantity.quantity>309.782801</out_Quantity.quantity></Point><Point><position>12183</position><in_Quantity.quantity>0.000000</in_Quantity.quantity><out_Quantity.quantity>161.422921</out_Quantity.quantity></Point><Point><position>12184</position><in_Quantity.quantity>0.000000</in_Quantity.quantity><out_Quantity.quantity>656.909504</out_Quantity.quantity></Point><Point><position>12185</position><in_Quantity.quantity>0.000000</in_Quantity.quantity><out_Quantity.quantity>385.834208</out_Quantity.quantity></Point><Point><position>12186</position><in_Quantity.quantity>0.000000</in_Quantity.quantity><out_Quantity.quantity>510.329794</out_Quantity.quantity></Point><Point><position>12187</position><in_Quantity.quantity>0.000000</in_Quantity.quantity><out_Quantity.quantity>635.277127</out_Quantity.quantity></Point><Point><position>12188</position><in_Quantity.quantity>0.000000</in_Quantity.quantity><out_Quantity.quantity>101.874174</out_Quantity.quantity></Point><Point><position>12189</position><in_Quantity.quantity>0.000000</in_Quantity.quantity><out_Quantity.quantity>833.808482</out_Quantity.quantity></Point><Point><position>12190</position><in_Quantity.quantity>0.000000</in_Quantity.quantity><out_Quantity.quantity>997.296136</out_Quantity.quantity></Point><Point><position>12191</position><in_Quantity.quantity>0.000000</in_Quantity.quantity><out_Quantity.quantity>885.407117</out_Quantity.quantity></Point><Point><position>12192</position><in_Quantity.quantity>0.000000</in_Quantity.quantity><out_Quantity.quantity>977.619808</out_Quantity.quantity></Point><Point><position>12193</position><in_Quantity.quantity>0.000000</in_Quantity.quantity><out_Quantity.quantity>106.360287</out_Quantity.quantity></Point><Point><position>12194</position><in_Quantity.quantity>0.000000</in_Quantity.quantity><out_Quantity.quantity>821.759784</out_Quantity.quantity></Point><Point><position>12195</position><in_Quantity.quantity>0.000000</in_Quantity.quantity><out_Quantity.quantity>107.360269</out_Quantity.quantity></Point><Point><position>12196</position><in_Quantity.quantity>0.000000</in_Quantity.quantity><out_Quantity.quantity>377.893390</out_Quantity.quantity></Point><Point><position>12197</position><in_Quantity.quantity>0.000000</in_Quantity.quantity><out_Quantity.quantity>327.459115</out_Quantity.quantity></Point><Point><position>12198</position><in_Quantity.quantity>0.000000</in_Quantity.quantity><out_Quantity.quantity>599.422990</out_Quantity.quantity></Point><Point><position>12199</position><in_Quantity.quantity>0.000000</in_Quantity.quantity><out_Quantity.quantity>797.066745</out_Quantity.quantity></Point><Point><position>12200</position><in_Quantity.quantity>0.000000</in_Quantity.quantity><out_Quantity.quantity>199.350241</out_Quantity.quantity></Point><Point><position>12201</position><in_Quantity.quantity>0.000000</in_Quantity.quantity><out_Quantity.quantity>46.424017</out_Quantity.quantity></Point><Point><position>12202</position><in_Quantity.quantity>0.000000</in_Quantity.quantity><out_Quantity.quantity>293.703481</out_Quantity.quantity></Point><Point><position>12203</position><in_Quantity.quantity>0.000000</in_Quantity.quantity><out_Quantity.quantity>319.973232</out_Quantity.quantity></Point><Point><position>12204</position><in_Quantity.quantity>0.000000</in_Quantity.quantity><out_Quantity.quantity>171.842636</out_Quantity.quantity></Point><Point><position>12205</position><in_Quantity.quantity>0.000000</in_Quantity.quantity><out_Quantity.quantity>436.363543</out_Quantity.quantity></Point><Point><position>12206</position><in_Quantity.quantity>0.000000</in_Quantity.quantity><out_Quantity.quantity>929.147706</out_Quantity.quantity></Point><Point><position>12207</position><in_Quantity.quantity>0.000000</in_Quantity.quantity><out_Quantity.quantity>869.650057</out_Quantity.quantity></Point><Point><position>12208</position><in_Quantity.quantity>0.000000</in_Quantity.quantity><out_Quantity.quantity>494.253029</out_Quantity.quantity></Point><Point><position>12209</position><in_Quantity.quantity>0.000000</in_Quantity.quantity><out_Quantity.quantity>16.571574</out_Quantity.quantity></Point><Point><position>12210</position><in_Quantity.quantity>0.000000</in_Quantity.quantity><out_Quantity.quantity>699.185380</out_Quantity.quantity></Point><Point><position>12211</position><in_Quantity.quantity>0.000000</in_Quantity.quantity><out_Quantity.quantity>181.967748</out_Quantity.quantity></Point><Point><position>12212</position><in_Quantity.quantity>0.000000</in_Quantity.quantity><out_Quantity.quantity>134.809115</out_Quantity.quantity></Point><Point><position>12213</position><in_Quantity.quantity>0.000000</in_Quantity.quantity><out_Quantity.quantity>481.643112</out_Quantity.quantity></Point><Point><position>12214</position><in_Quantity.quantity>0.000000</in_Quantity.quantity><out_Quantity.quantity>791.876883</out_Quantity.quantity></Point><Point><position>12215</position><in_Quantity.quantity>0.000000</in_Quantity.quantity><out_Quantity.quantity>520.675237</out_Quantity.quantity></Point><Point><position>12216</position><in_Quantity.quantity>0.000000</in_Quantity.quantity><out_Quantity.quantity>408.899442</out_Quantity.quantity></Point><Point><position>12217</position><in_Quantity.quantity>0.000000</in_Quantity.quantity><out_Quantity.quantity>423.212165</out_Quantity.quantity></Point><Point><position>12218</position><in_Quantity.quantity>0.000000</in_Quantity.quantity><out_Quantity.quantity>165.765762</out_Quantity.quantity></Point><Point><position>12219</position><in_Quantity.quantity>0.000000</in_Quantity.quantity><out_Quantity.quantity>869.955871</out_Quantity.quantity></Point><Point><position>12220</position><in_Quantity.quantity>0.000000</in_Quantity.quantity><out_Quantity.quantity>484.587590</out_Quantity.quantity></Point><Point><position>12221</position><in_Quantity.quantity>0.000000</in_Quantity.quantity><out_Quantity.quantity>424.505985</out_Quantity.quantity></Point><Point><position>12222</position><in_Quantity.quantity>0.000000</in_Quantity.quantity><out_Quantity.quantity>536.128786</out_Quantity.quantity></Point><Point><position>12223</position><in_Quantity.quantity>0.000000</in_Quantity.quantity><out_Quantity.quantity>934.140301</out_Quantity.quantity></Point><Point><position>12224</position><in_Quantity.quantity>0.000000</in_Quantity.quantity><out_Quantity.quantity>269.723998</out_Quantity.quantity></Point><Point><position>12225</position><in_Quantity.quantity>0.000000</in_Quantity.quantity><out_Quantity.quantity>508.814455</out_Quantity.quantity></Point><Point><position>12226</position><in_Quantity.quantity>0.000000</in_Quantity.quantity><out_Quantity.quantity>17.954084</out_Quantity.quantity></Point><Point><position>12227</position><in_Quantity.quantity>0.000000</in_Quantity.quantity><out_Quantity.quantity>568.549320</out_Quantity.quantity></Point><Point><position>12228</position><in_Quantity.quantity>0.000000</in_Quantity.quantity><out_Quantity.quantity>135.431357</out_Quantity.quantity></Point><Point><position>12229</position><in_Quantity.quantity>0.000000</in_Quantity.quantity><out_Quantity.quantity>419.518385</out_Quantity.quantity></Point><Point><position>12230</position><in_Quantity.quantity>0.000000</in_Quantity.quantity><out_Quantity.quantity>55.336418</out_Quantity.quantity></Point><Point><position>12231</position><in_Quantity.quantity>0.000000</in_Quantity.quantity><out_Quantity.quantity>413.845879</out_Quantity.quantity></Point><Point><position>12232</position><in_Quantity.quantity>0.000000</in_Quantity.quantity><out_Quantity.quantity>627.116052</out_Quantity.quantity></Point><Point><position>12233</position><in_Quantity.quantity>0.000000</in_Quantity.quantity><out_Quantity.quantity>214.453810</out_Quantity.quantity></Point><Point><position>12234</position><in_Quantity.quantity>0.000000</in_Quantity.quantity><out_Quantity.quantity>996.235977</out_Quantity.quantity></Point><Point><position>12235</position><in_Quantity.quantity>0.000000</in_Quantity.quantity><out_Quantity.quantity>463.088866</out_Quantity.quantity></Point><Point><position>12236</position><in_Quantity.quantity>0.000000</in_Quantity.quantity><out_Quantity.quantity>638.483001</out_Quantity.quantity></Point><Point><position>12237</position><in_Quantity.quantity>0.000000</in_Quantity.quantity><out_Quantity.quantity>106.187943</out_Quantity.quantity></Point><Point><position>12238</position><in_Quantity.quantity>0.000000</in_Quantity.quantity><out_Quantity.quantity>559.438316</out_Quantity.quantity></Point><Point><position>12239</position><in_Quantity.quantity>0.000000</in_Quantity.quantity><out_Quantity.quantity>672.409945</out_Quantity.quantity></Point><Point><position>12240</position><in_Quantity.quantity>0.000000</in_Quantity.quantity><out_Quantity.quantity>479.748323</out_Quantity.quantity></Point><Point><position>12241</position><in_Quantity.quantity>0.000000</in_Quantity.quantity><out_Quantity.quantity>146.784323</out_Quantity.quantity></Point><Point><position>12242</position><in_Quantity.quantity>0.000000</in_Quantity.quantity><out_Quantity.quantity>580.476589</out_Quantity.quantity></Point><Point><position>12243</position><in_Quantity.quantity>0.000000</in_Quantity.quantity><out_Quantity.quantity>733.578953</out_Quantity.quantity></Point><Point><position>12244</position><in_Quantity.quantity>0.000000</in_Quantity.quantity><out_Quantity.quantity>831.541371</out_Quantity.quantity></Point><Point><position>12245</position><in_Quantity.quantity>0.000000</in_Quantity.quantity><out_Quantity.quantity>448.454512</out_Quantity.quantity></Point><Point><position>12246</position><in_Quantity.quantity>0.000000</in_Quantity.quantity><out_Quantity.quantity>519.267479</out_Quantity.quantity></Point><Point><position>12247</position><in_Quantity.quantity>0.000000</in_Quantity.quantity><out_Quantity.quantity>36.707113</out_Quantity.quantity></Point><Point><position>12248</position><in_Quantity.quantity>0.000000</in_Quantity.quantity><out_Quantity.quantity>27.151693</out_Quantity.quantity></Point><Point><position>12249</position><in_Quantity.quantity>0.000000</in_Quantity.quantity><out_Quantity.quantity>518.663347</out_Quantity.quantity></Point><Point><position>12250</position><in_Quantity.quantity>0.000000</in_Quantity.quantity><out_Quantity.quantity>786.893832</out_Quantity.quantity></Point><Point><position>12251</position><in_Quantity.quantity>0.000000</in_Quantity.quantity><out_Quantity.quantity>66.421281</out_Quantity.quantity></Point><Point><position>12252</position><in_Quantity.quantity>0.000000</in_Quantity.quantity><out_Quantity.quantity>868.475078</out_Quantity.quantity></Point><Point><position>12253</position><in_Quantity.quantity>0.000000</in_Quantity.quantity><out_Quantity.quantity>661.497877</out_Quantity.quantity></Point><Point><position>12254</position><in_Quantity.quantity>0.000000</in_Quantity.quantity><out_Quantity.quantity>688.888946</out_Quantity.quantity></Point><Point><position>12255</position><in_Quantity.quantity>0.000000</in_Quantity.quantity><out_Quantity.quantity>231.779258</out_Quantity.quantity></Point><Point><position>12256</position><in_Quantity.quantity>0.000000</in_Quantity.quantity><out_Quantity.quantity>854.070259</out_Quantity.quantity></Point><Point><position>12257</position><in_Quantity.quantity>0.000000</in_Quantity.quantity><out_Quantity.quantity>1.050389</out_Quantity.quantity></Point><Point><position>12258</position><in_Quantity.quantity>0.000000</in_Quantity.quantity><out_Quantity.quantity>445.896956</out_Quantity.quantity></Point><Point><position>12259</position><in_Quantity.quantity>0.000000</in_Quantity.quantity><out_Quantity.quantity>154.399169</out_Quantity.quantity></Point><Point><position>12260</position><in_Quantity.quantity>0.000000</in_Quantity.quantity><out_Quantity.quantity>977.387192</out_Quantity.quantity></Point><Point><position>12261</position><in_Quantity.quantity>0.000000</in_Quantity.quantity><out_Quantity.quantity>252.865690</out_Quantity.quantity></Point><Point><position>12262</position><in_Quantity.quantity>0.000000</in_Quantity.quantity><out_Quantity.quantity>738.875890</out_Quantity.quantity></Point><Point><position>12263</position><in_Quantity.quantity>0.000000</in_Quantity.quantity><out_Quantity.quantity>947.149799</out_Quantity.quantity></Point><Point><position>12264</position><in_Quantity.quantity>0.000000</in_Quantity.quantity><out_Quantity.quantity>412.247800</out_Quantity.quantity></Point><Point><position>12265</position><in_Quantity.quantity>0.000000</in_Quantity.quantity><out_Quantity.quantity>470.328013</out_Quantity.quantity></Point><Point><position>12266</position><in_Quantity.quantity>0.000000</in_Quantity.quantity><out_Quantity.quantity>968.893982</out_Quantity.quantity></Point><Point><position>12267</position><in_Quantity.quantity>0.000000</in_Quantity.quantity><out_Quantity.quantity>177.728122</out_Quantity.quantity></Point><Point><position>12268</position><in_Quantity.quantity>0.000000</in_Quantity.quantity><out_Quantity.quantity>724.978783</out_Quantity.quantity></Point><Point><position>12269</position><in_Quantity.quantity>0.000000</in_Quantity.quantity><out_Quantity.quantity>878.346327</out_Quantity.quantity></Point><Point><position>12270</position><in_Quantity.quantity>0.000000</in_Quantity.quantity><out_Quantity.quantity>660.897129</out_Quantity.quantity></Point><Point><position>12271</position><in_Quantity.quantity>0.000000</in_Quantity.quantity><out_Quantity.quantity>863.791660</out_Quantity.quantity></Point><Point><position>12272</position><in_Quantity.quantity>0.000000</in_Quantity.quantity><out_Quantity.quantity>730.393796</out_Quantity.quantity></Point><Point><position>12273</position><in_Quantity.quantity>0.000000</in_Quantity.quantity><out_Quantity.quantity>784.563510</out_Quantity.quantity></Point><Point><position>12274</position><in_Quantity.quantity>0.000000</in_Quantity.quantity><out_Quantity.quantity>521.832465</out_Quantity.quantity></Point><Point><position>12275</position><in_Quantity.quantity>0.000000</in_Quantity.quantity><out_Quantity.quantity>603.041200</out_Quantity.quantity></Point><Point><position>12276</position><in_Quantity.quantity>0.000000</in_Quantity.quantity><out_Quantity.quantity>844.548003</out_Quantity.quantity></Point><Point><position>12277</position><in_Quantity.quantity>0.000000</in_Quantity.quantity><out_Quantity.quantity>913.929349</out_Quantity.quantity></Point><Point><position>12278</position><in_Quantity.quantity>0.000000</in_Quantity.quantity><out_Quantity.quantity>659.075177</out_Quantity.quantity></Point><Point><position>12279</position><in_Quantity.quantity>0.000000</in_Quantity.quantity><out_Quantity.quantity>991.030280</out_Quantity.quantity></Point><Point><position>12280</position><in_Quantity.quantity>0.000000</in_Quantity.quantity><out_Quantity.quantity>439.391337</out_Quantity.quantity></Point><Point><position>12281</position><in_Quantity.quantity>0.000000</in_Quantity.quantity><out_Quantity.quantity>681.317569</out_Quantity.quantity></Point><Point><position>12282</position><in_Quantity.quantity>0.000000</in_Quantity.quantity><out_Quantity.quantity>784.370332</out_Quantity.quantity></Point><Point><position>12283</position><in_Quantity.quantity>0.000000</in_Quantity.quantity><out_Quantity.quantity>540.486738</out_Quantity.quantity></Point><Point><position>12284</position><in_Quantity.quantity>0.000000</in_Quantity.quantity><out_Quantity.quantity>399.098304</out_Quantity.quantity></Point><Point><position>12285</position><in_Quantity.quantity>0.000000</in_Quantity.quantity><out_Quantity.quantity>914.738587</out_Quantity.quantity></Point><Point><position>12286</position><in_Quantity.quantity>0.000000</in_Quantity.quantity><out_Quantity.quantity>628.077965</out_Quantity.quantity></Point><Point><position>12287</position><in_Quantity.quantity>0.000000</in_Quantity.quantity><out_Quantity.quantity>620.325272</out_Quantity.quantity></Point><Point><position>12288</position><in_Quantity.quantity>0.000000</in_Quantity.quantity><out_Quantity.quantity>438.861319</out_Quantity.quantity></Point><Point><position>12289</position><in_Quantity.quantity>0.000000</in_Quantity.quantity><out_Quantity.quantity>133.684028</out_Quantity.quantity></Point><Point><position>12290</position><in_Quantity.quantity>0.000000</in_Quantity.quantity><out_Quantity.quantity>797.793630</out_Quantity.quantity></Point><Point><position>12291</position><in_Quantity.quantity>0.000000</in_Quantity.quantity><out_Quantity.quantity>578.547964</out_Quantity.quantity></Point><Point><position>12292</position><in_Quantity.quantity>0.000000</in_Quantity.quantity><out_Quantity.quantity>584.988325</out_Quantity.quantity></Point><Point><position>12293</position><in_Quantity.quantity>0.000000</in_Quantity.quantity><out_Quantity.quantity>925.632595</out_Quantity.quantity></Point><Point><position>12294</position><in_Quantity.quantity>0.000000</in_Quantity.quantity><out_Quantity.quantity>514.755662</out_Quantity.quantity></Point><Point><position>12295</position><in_Quantity.quantity>0.000000</in_Quantity.quantity><out_Quantity.quantity>28.826966</out_Quantity.quantity></Point><Point><position>12296</position><in_Quantity.quantity>0.000000</in_Quantity.quantity><out_Quantity.quantity>974.783945</out_Quantity.quantity></Point><Point><position>12297</position><in_Quantity.quantity>0.000000</in_Quantity.quantity><out_Quantity.quantity>80.652057</out_Quantity.quantity></Point><Point><position>12298</position><in_Quantity.quantity>0.000000</in_Quantity.quantity><out_Quantity.quantity>460.615474</out_Quantity.quantity></Point><Point><position>12299</position><in_Quantity.quantity>0.000000</in_Quantity.quantity><out_Quantity.quantity>930.844073</out_Quantity.quantity></Point><Point><position>12300</position><in_Quantity.quantity>0.000000</in_Quantity.quantity><out_Quantity.quantity>712.626872</out_Quantity.quantity></Point><Point><position>12301</position><in_Quantity.quantity>0.000000</in_Quantity.quantity><out_Quantity.quantity>145.065152</out_Quantity.quantity></Point><Point><position>12302</position><in_Quantity.quantity>0.000000</in_Quantity.quantity><out_Quantity.quantity>699.683931</out_Quantity.quantity></Point><Point><position>12303</position><in_Quantity.quantity>0.000000</in_Quantity.quantity><out_Quantity.quantity>915.818446</out_Quantity.quantity></Point><Point><position>12304</position><in_Quantity.quantity>0.000000</in_Quantity.quantity><out_Quantity.quantity>512.735461</out_Quantity.quantity></Point><Point><position>12305</position><in_Quantity.quantity>0.000000</in_Quantity.quantity><out_Quantity.quantity>712.900249</out_Quantity.quantity></Point><Point><position>12306</position><in_Quantity.quantity>0.000000</in_Quantity.quantity><out_Quantity.quantity>504.212583</out_Quantity.quantity></Point><Point><position>12307</position><in_Quantity.quantity>0.000000</in_Quantity.quantity><out_Quantity.quantity>798.167727</out_Quantity.quantity></Point><Point><position>12308</position><in_Quantity.quantity>0.000000</in_Quantity.quantity><out_Quantity.quantity>267.019223</out_Quantity.quantity></Point><Point><position>12309</position><in_Quantity.quantity>0.000000</in_Quantity.quantity><out_Quantity.quantity>899.055689</out_Quantity.quantity></Point><Point><position>12310</position><in_Quantity.quantity>0.000000</in_Quantity.quantity><out_Quantity.quantity>416.240743</out_Quantity.quantity></Point><Point><position>12311</position><in_Quantity.quantity>0.000000</in_Quantity.quantity><out_Quantity.quantity>212.696634</out_Quantity.quantity></Point><Point><position>12312</position><in_Quantity.quantity>0.000000</in_Quantity.quantity><out_Quantity.quantity>486.287336</out_Quantity.quantity></Point><Point><position>12313</position><in_Quantity.quantity>0.000000</in_Quantity.quantity><out_Quantity.quantity>95.262380</out_Quantity.quantity></Point><Point><position>12314</position><in_Quantity.quantity>0.000000</in_Quantity.quantity><out_Quantity.quantity>928.478484</out_Quantity.quantity></Point><Point><position>12315</position><in_Quantity.quantity>0.000000</in_Quantity.quantity><out_Quantity.quantity>850.248557</out_Quantity.quantity></Point><Point><position>12316</position><in_Quantity.quantity>0.000000</in_Quantity.quantity><out_Quantity.quantity>945.108489</out_Quantity.quantity></Point><Point><position>12317</position><in_Quantity.quantity>0.000000</in_Quantity.quantity><out_Quantity.quantity>814.526315</out_Quantity.quantity></Point><Point><position>12318</position><in_Quantity.quantity>0.000000</in_Quantity.quantity><out_Quantity.quantity>731.114308</out_Quantity.quantity></Point><Point><position>12319</position><in_Quantity.quantity>0.000000</in_Quantity.quantity><out_Quantity.quantity>768.277027</out_Quantity.quantity></Point><Point><position>12320</position><in_Quantity.quantity>0.000000</in_Quantity.quantity><out_Quantity.quantity>14.732114</out_Quantity.quantity></Point><Point><position>12321</position><in_Quantity.quantity>0.000000</in_Quantity.quantity><out_Quantity.quantity>365.866181</out_Quantity.quantity></Point><Point><position>12322</position><in_Quantity.quantity>0.000000</in_Quantity.quantity><out_Quantity.quantity>343.528665</out_Quantity.quantity></Point><Point><position>12323</position><in_Quantity.quantity>0.000000</in_Quantity.quantity><out_Quantity.quantity>517.990130</out_Quantity.quantity></Point><Point><position>12324</position><in_Quantity.quantity>0.000000</in_Quantity.quantity><out_Quantity.quantity>17.554418</out_Quantity.quantity></Point><Point><position>12325</position><in_Quantity.quantity>0.000000</in_Quantity.quantity><out_Quantity.quantity>383.835865</out_Quantity.quantity></Point><Point><position>12326</position><in_Quantity.quantity>0.000000</in_Quantity.quantity><out_Quantity.quantity>196.953012</out_Quantity.quantity></Point><Point><position>12327</position><in_Quantity.quantity>0.000000</in_Quantity.quantity><out_Quantity.quantity>972.015853</out_Quantity.quantity></Point><Point><position>12328</position><in_Quantity.quantity>0.000000</in_Quantity.quantity><out_Quantity.quantity>931.913288</out_Quantity.quantity></Point><Point><position>12329</position><in_Quantity.quantity>0.000000</in_Quantity.quantity><out_Quantity.quantity>387.828679</out_Quantity.quantity></Point><Point><position>12330</position><in_Quantity.quantity>0.000000</in_Quantity.quantity><out_Quantity.quantity>456.331856</out_Quantity.quantity></Point><Point><position>12331</position><in_Quantity.quantity>0.000000</in_Quantity.quantity><out_Quantity.quantity>857.262521</out_Quantity.quantity></Point><Point><position>12332</position><in_Quantity.quantity>0.000000</in_Quantity.quantity><out_Quantity.quantity>649.870820</out_Quantity.quantity></Point><Point><position>12333</position><in_Quantity.quantity>0.000000</in_Quantity.quantity><out_Quantity.quantity>92.023657</out_Quantity.quantity></Point><Point><position>12334</position><in_Quantity.quantity>0.000000</in_Quantity.quantity><out_Quantity.quantity>795.262030</out_Quantity.quantity></Point><Point><position>12335</position><in_Quantity.quantity>0.000000</in_Quantity.quantity><out_Quantity.quantity>415.033872</out_Quantity.quantity></Point><Point><position>12336</position><in_Quantity.quantity>0.000000</in_Quantity.quantity><out_Quantity.quantity>329.152448</out_Quantity.quantity></Point><Point><position>12337</position><in_Quantity.quantity>0.000000</in_Quantity.quantity><out_Quantity.quantity>343.205152</out_Quantity.quantity></Point><Point><position>12338</position><in_Quantity.quantity>0.000000</in_Quantity.quantity><out_Quantity.quantity>621.290430</out_Quantity.quantity></Point><Point><position>12339</position><in_Quantity.quantity>0.000000</in_Quantity.quantity><out_Quantity.quantity>12.789826</out_Quantity.quantity></Point><Point><position>12340</position><in_Quantity.quantity>0.000000</in_Quantity.quantity><out_Quantity.quantity>959.174566</out_Quantity.quantity></Point><Point><position>12341</position><in_Quantity.quantity>0.000000</in_Quantity.quantity><out_Quantity.quantity>571.919360</out_Quantity.quantity></Point><Point><position>12342</position><in_Quantity.quantity>0.000000</in_Quantity.quantity><out_Quantity.quantity>24.383013</out_Quantity.quantity></Point><Point><position>12343</position><in_Quantity.quantity>0.000000</in_Quantity.quantity><out_Quantity.quantity>931.463568</out_Quantity.quantity></Point><Point><position>12344</position><in_Quantity.quantity>0.000000</in_Quantity.quantity><out_Quantity.quantity>201.266526</out_Quantity.quantity></Point><Point><position>12345</position><in_Quantity.quantity>0.000000</in_Quantity.quantity><out_Quantity.quantity>408.808098</out_Quantity.quantity></Point><Point><position>12346</position><in_Quantity.quantity>0.000000</in_Quantity.quantity><out_Quantity.quantity>899.012918</out_Quantity.quantity></Point><Point><position>12347</position><in_Quantity.quantity>0.000000</in_Quantity.quantity><out_Quantity.quantity>311.375718</out_Quantity.quantity></Point><Point><position>12348</position><in_Quantity.quantity>0.000000</in_Quantity.quantity><out_Quantity.quantity>969.681205</out_Quantity.quantity></Point><Point><position>12349</position><in_Quantity.quantity>0.000000</in_Quantity.quantity><out_Quantity.quantity>353.683669</out_Quantity.quantity></Point><Point><position>12350</position><in_Quantity.quantity>0.000000</in_Quantity.quantity><out_Quantity.quantity>988.130824</out_Quantity.quantity></Point><Point><position>12351</position><in_Quantity.quantity>0.000000</in_Quantity.quantity><out_Quantity.quantity>104.160927</out_Quantity.quantity></Point><Point><position>12352</position><in_Quantity.quantity>0.000000</in_Quantity.quantity><out_Quantity.quantity>473.676840</out_Quantity.quantity></Point><Point><position>12353</position><in_Quantity.quantity>0.000000</in_Quantity.quantity><out_Quantity.quantity>779.058661</out_Quantity.quantity></Point><Point><position>12354</position><in_Quantity.quantity>0.000000</in_Quantity.quantity><out_Quantity.quantity>410.501440</out_Quantity.quantity></Point><Point><position>12355</position><in_Quantity.quantity>0.000000</in_Quantity.quantity><out_Quantity.quantity>278.761189</out_Quantity.quantity></Point><Point><position>12356</position><in_Quantity.quantity>0.000000</in_Quantity.quantity><out_Quantity.quantity>122.421030</out_Quantity.quantity></Point><Point><position>12357</position><in_Quantity.quantity>0.000000</in_Quantity.quantity><out_Quantity.quantity>226.418784</out_Quantity.quantity></Point><Point><position>12358</position><in_Quantity.quantity>0.000000</in_Quantity.quantity><out_Quantity.quantity>462.242397</out_Quantity.quantity></Point><Point><position>12359</position><in_Quantity.quantity>0.000000</in_Quantity.quantity><out_Quantity.quantity>869.645092</out_Quantity.quantity></Point><Point><position>12360</position><in_Quantity.quantity>0.000000</in_Quantity.quantity><out_Quantity.quantity>576.006591</out_Quantity.quantity></Point><Point><position>12361</position><in_Quantity.quantity>0.000000</in_Quantity.quantity><out_Quantity.quantity>485.720192</out_Quantity.quantity></Point><Point><position>12362</position><in_Quantity.quantity>0.000000</in_Quantity.quantity><out_Quantity.quantity>524.316830</out_Quantity.quantity></Point><Point><position>12363</position><in_Quantity.quantity>0.000000</in_Quantity.quantity><out_Quantity.quantity>148.058009</out_Quantity.quantity></Point><Point><position>12364</position><in_Quantity.quantity>0.000000</in_Quantity.quantity><out_Quantity.quantity>820.353506</out_Quantity.quantity></Point><Point><position>12365</position><in_Quantity.quantity>0.000000</in_Quantity.quantity><out_Quantity.quantity>336.915182</out_Quantity.quantity></Point><Point><position>12366</position><in_Quantity.quantity>0.000000</in_Quantity.quantity><out_Quantity.quantity>297.531413</out_Quantity.quantity></Point><Point><position>12367</position><in_Quantity.quantity>0.000000</in_Quantity.quantity><out_Quantity.quantity>997.005355</out_Quantity.quantity></Point><Point><position>12368</position><in_Quantity.quantity>0.000000</in_Quantity.quantity><out_Quantity.quantity>359.251589</out_Quantity.quantity></Point><Point><position>12369</position><in_Quantity.quantity>0.000000</in_Quantity.quantity><out_Quantity.quantity>116.265264</out_Quantity.quantity></Point><Point><position>12370</position><in_Quantity.quantity>0.000000</in_Quantity.quantity><out_Quantity.quantity>745.659543</out_Quantity.quantity></Point><Point><position>12371</position><in_Quantity.quantity>0.000000</in_Quantity.quantity><out_Quantity.quantity>846.694279</out_Quantity.quantity></Point><Point><position>12372</position><in_Quantity.quantity>0.000000</in_Quantity.quantity><out_Quantity.quantity>351.568693</out_Quantity.quantity></Point><Point><position>12373</position><in_Quantity.quantity>0.000000</in_Quantity.quantity><out_Quantity.quantity>733.880855</out_Quantity.quantity></Point><Point><position>12374</position><in_Quantity.quantity>0.000000</in_Quantity.quantity><out_Quantity.quantity>518.320709</out_Quantity.quantity></Point><Point><position>12375</position><in_Quantity.quantity>0.000000</in_Quantity.quantity><out_Quantity.quantity>977.265756</out_Quantity.quantity></Point><Point><position>12376</position><in_Quantity.quantity>0.000000</in_Quantity.quantity><out_Quantity.quantity>8.863818</out_Quantity.quantity></Point><Point><position>12377</position><in_Quantity.quantity>0.000000</in_Quantity.quantity><out_Quantity.quantity>772.611243</out_Quantity.quantity></Point><Point><position>12378</position><in_Quantity.quantity>0.000000</in_Quantity.quantity><out_Quantity.quantity>429.639627</out_Quantity.quantity></Point><Point><position>12379</position><in_Quantity.quantity>0.000000</in_Quantity.quantity><out_Quantity.quantity>331.735241</out_Quantity.quantity></Point><Point><position>12380</position><in_Quantity.quantity>0.000000</in_Quantity.quantity><out_Quantity.quantity>231.902245</out_Quantity.quantity></Point><Point><position>12381</position><in_Quantity.quantity>0.000000</in_Quantity.quantity><out_Quantity.quantity>791.581370</out_Quantity.quantity></Point><Point><position>12382</position><in_Quantity.quantity>0.000000</in_Quantity.quantity><out_Quantity.quantity>44.931646</out_Quantity.quantity></Point><Point><position>12383</position><in_Quantity.quantity>0.000000</in_Quantity.quantity><out_Quantity.quantity>864.338600</out_Quantity.quantity></Point><Point><position>12384</position><in_Quantity.quantity>0.000000</in_Quantity.quantity><out_Quantity.quantity>638.343416</out_Quantity.quantity></Point><Point><position>12385</position><in_Quantity.quantity>0.000000</in_Quantity.quantity><out_Quantity.quantity>907.709825</out_Quantity.quantity></Point><Point><position>12386</position><in_Quantity.quantity>0.000000</in_Quantity.quantity><out_Quantity.quantity>584.079208</out_Quantity.quantity></Point><Point><position>12387</position><in_Quantity.quantity>0.000000</in_Quantity.quantity><out_Quantity.quantity>416.290738</out_Quantity.quantity></Point><Point><position>12388</position><in_Quantity.quantity>0.000000</in_Quantity.quantity><out_Quantity.quantity>411.090661</out_Quantity.quantity></Point><Point><position>12389</position><in_Quantity.quantity>0.000000</in_Quantity.quantity><out_Quantity.quantity>446.656538</out_Quantity.quantity></Point><Point><position>12390</position><in_Quantity.quantity>0.000000</in_Quantity.quantity><out_Quantity.quantity>543.900185</out_Quantity.quantity></Point><Point><position>12391</position><in_Quantity.quantity>0.000000</in_Quantity.quantity><out_Quantity.quantity>348.766575</out_Quantity.quantity></Point><Point><position>12392</position><in_Quantity.quantity>0.000000</in_Quantity.quantity><out_Quantity.quantity>381.029321</out_Quantity.quantity></Point><Point><position>12393</position><in_Quantity.quantity>0.000000</in_Quantity.quantity><out_Quantity.quantity>719.900595</out_Quantity.quantity></Point><Point><position>12394</position><in_Quantity.quantity>0.000000</in_Quantity.quantity><out_Quantity.quantity>393.204900</out_Quantity.quantity></Point><Point><position>12395</position><in_Quantity.quantity>0.000000</in_Quantity.quantity><out_Quantity.quantity>574.734025</out_Quantity.quantity></Point><Point><position>12396</position><in_Quantity.quantity>0.000000</in_Quantity.quantity><out_Quantity.quantity>902.587938</out_Quantity.quantity></Point><Point><position>12397</position><in_Quantity.quantity>0.000000</in_Quantity.quantity><out_Quantity.quantity>318.073226</out_Quantity.quantity></Point><Point><position>12398</position><in_Quantity.quantity>0.000000</in_Quantity.quantity><out_Quantity.quantity>76.185278</out_Quantity.quantity></Point><Point><position>12399</position><in_Quantity.quantity>0.000000</in_Quantity.quantity><out_Quantity.quantity>805.605659</out_Quantity.quantity></Point><Point><position>12400</position><in_Quantity.quantity>0.000000</in_Quantity.quantity><out_Quantity.quantity>261.720561</out_Quantity.quantity></Point><Point><position>12401</position><in_Quantity.quantity>0.000000</in_Quantity.quantity><out_Quantity.quantity>362.229319</out_Quantity.quantity></Point><Point><position>12402</position><in_Quantity.quantity>0.000000</in_Quantity.quantity><out_Quantity.quantity>548.542434</out_Quantity.quantity></Point><Point><position>12403</position><in_Quantity.quantity>0.000000</in_Quantity.quantity><out_Quantity.quantity>740.243248</out_Quantity.quantity></Point><Point><position>12404</position><in_Quantity.quantity>0.000000</in_Quantity.quantity><out_Quantity.quantity>718.555277</out_Quantity.quantity></Point><Point><position>12405</position><in_Quantity.quantity>0.000000</in_Quantity.quantity><out_Quantity.quantity>471.105845</out_Quantity.quantity></Point><Point><position>12406</position><in_Quantity.quantity>0.000000</in_Quantity.quantity><out_Quantity.quantity>694.568463</out_Quantity.quantity></Point><Point><position>12407</position><in_Quantity.quantity>0.000000</in_Quantity.quantity><out_Quantity.quantity>255.255677</out_Quantity.quantity></Point><Point><position>12408</position><in_Quantity.quantity>0.000000</in_Quantity.quantity><out_Quantity.quantity>1.761985</out_Quantity.quantity></Point><Point><position>12409</position><in_Quantity.quantity>0.000000</in_Quantity.quantity><out_Quantity.quantity>251.605931</out_Quantity.quantity></Point><Point><position>12410</position><in_Quantity.quantity>0.000000</in_Quantity.quantity><out_Quantity.quantity>522.530081</out_Quantity.quantity></Point><Point><position>12411</position><in_Quantity.quantity>0.000000</in_Quantity.quantity><out_Quantity.quantity>221.395257</out_Quantity.quantity></Point><Point><position>12412</position><in_Quantity.quantity>0.000000</in_Quantity.quantity><out_Quantity.quantity>332.101626</out_Quantity.quantity></Point><Point><position>12413</position><in_Quantity.quantity>0.000000</in_Quantity.quantity><out_Quantity.quantity>963.057374</out_Quantity.quantity></Point><Point><position>12414</position><in_Quantity.quantity>0.000000</in_Quantity.quantity><out_Quantity.quantity>201.487023</out_Quantity.quantity></Point><Point><position>12415</position><in_Quantity.quantity>0.000000</in_Quantity.quantity><out_Quantity.quantity>96.809260</out_Quantity.quantity></Point><Point><position>12416</position><in_Quantity.quantity>0.000000</in_Quantity.quantity><out_Quantity.quantity>323.824449</out_Quantity.quantity></Point><Point><position>12417</position><in_Quantity.quantity>0.000000</in_Quantity.quantity><out_Quantity.quantity>163.333273</out_Quantity.quantity></Point><Point><position>12418</position><in_Quantity.quantity>0.000000</in_Quantity.quantity><out_Quantity.quantity>963.231714</out_Quantity.quantity></Point><Point><position>12419</position><in_Quantity.quantity>0.000000</in_Quantity.quantity><out_Quantity.quantity>248.307078</out_Quantity.quantity></Point><Point><position>12420</position><in_Quantity.quantity>0.000000</in_Quantity.quantity><out_Quantity.quantity>803.072973</out_Quantity.quantity></Point><Point><position>12421</position><in_Quantity.quantity>0.000000</in_Quantity.quantity><out_Quantity.quantity>83.842756</out_Quantity.quantity></Point><Point><position>12422</position><in_Quantity.quantity>0.000000</in_Quantity.quantity><out_Quantity.quantity>620.913403</out_Quantity.quantity></Point><Point><position>12423</position><in_Quantity.quantity>0.000000</in_Quantity.quantity><out_Quantity.quantity>34.281953</out_Quantity.quantity></Point><Point><position>12424</position><in_Quantity.quantity>0.000000</in_Quantity.quantity><out_Quantity.quantity>444.426976</out_Quantity.quantity></Point><Point><position>12425</position><in_Quantity.quantity>0.000000</in_Quantity.quantity><out_Quantity.quantity>298.498444</out_Quantity.quantity></Point><Point><position>12426</position><in_Quantity.quantity>0.000000</in_Quantity.quantity><out_Quantity.quantity>364.451428</out_Quantity.quantity></Point><Point><position>12427</position><in_Quantity.quantity>0.000000</in_Quantity.quantity><out_Quantity.quantity>762.220340</out_Quantity.quantity></Point><Point><position>12428</position><in_Quantity.quantity>0.000000</in_Quantity.quantity><out_Quantity.quantity>732.767618</out_Quantity.quantity></Point><Point><position>12429</position><in_Quantity.quantity>0.000000</in_Quantity.quantity><out_Quantity.quantity>278.082347</out_Quantity.quantity></Point><Point><position>12430</position><in_Quantity.quantity>0.000000</in_Quantity.quantity><out_Quantity.quantity>159.090734</out_Quantity.quantity></Point><Point><position>12431</position><in_Quantity.quantity>0.000000</in_Quantity.quantity><out_Quantity.quantity>564.000381</out_Quantity.quantity></Point><Point><position>12432</position><in_Quantity.quantity>0.000000</in_Quantity.quantity><out_Quantity.quantity>608.996550</out_Quantity.quantity></Point><Point><position>12433</position><in_Quantity.quantity>0.000000</in_Quantity.quantity><out_Quantity.quantity>825.329333</out_Quantity.quantity></Point><Point><position>12434</position><in_Quantity.quantity>0.000000</in_Quantity.quantity><out_Quantity.quantity>776.893952</out_Quantity.quantity></Point><Point><position>12435</position><in_Quantity.quantity>0.000000</in_Quantity.quantity><out_Quantity.quantity>419.313555</out_Quantity.quantity></Point><Point><position>12436</position><in_Quantity.quantity>0.000000</in_Quantity.quantity><out_Quantity.quantity>562.200652</out_Quantity.quantity></Point><Point><position>12437</position><in_Quantity.quantity>0.000000</in_Quantity.quantity><out_Quantity.quantity>961.213124</out_Quantity.quantity></Point><Point><position>12438</position><in_Quantity.quantity>0.000000</in_Quantity.quantity><out_Quantity.quantity>392.343579</out_Quantity.quantity></Point><Point><position>12439</position><in_Quantity.quantity>0.000000</in_Quantity.quantity><out_Quantity.quantity>948.022602</out_Quantity.quantity></Point><Point><position>12440</position><in_Quantity.quantity>0.000000</in_Quantity.quantity><out_Quantity.quantity>379.883976</out_Quantity.quantity></Point><Point><position>12441</position><in_Quantity.quantity>0.000000</in_Quantity.quantity><out_Quantity.quantity>600.181269</out_Quantity.quantity></Point><Point><position>12442</position><in_Quantity.quantity>0.000000</in_Quantity.quantity><out_Quantity.quantity>796.021317</out_Quantity.quantity></Point><Point><position>12443</position><in_Quantity.quantity>0.000000</in_Quantity.quantity><out_Quantity.quantity>903.267146</out_Quantity.quantity></Point><Point><position>12444</position><in_Quantity.quantity>0.000000</in_Quantity.quantity><out_Quantity.quantity>570.869529</out_Quantity.quantity></Point><Point><position>12445</position><in_Quantity.quantity>0.000000</in_Quantity.quantity><out_Quantity.quantity>370.501044</out_Quantity.quantity></Point><Point><position>12446</position><in_Quantity.quantity>0.000000</in_Quantity.quantity><out_Quantity.quantity>433.538579</out_Quantity.quantity></Point><Point><position>12447</position><in_Quantity.quantity>0.000000</in_Quantity.quantity><out_Quantity.quantity>557.711072</out_Quantity.quantity></Point><Point><position>12448</position><in_Quantity.quantity>0.000000</in_Quantity.quantity><out_Quantity.quantity>93.420026</out_Quantity.quantity></Point><Point><position>12449</position><in_Quantity.quantity>0.000000</in_Quantity.quantity><out_Quantity.quantity>729.582198</out_Quantity.quantity></Point><Point><position>12450</position><in_Quantity.quantity>0.000000</in_Quantity.quantity><out_Quantity.quantity>341.568122</out_Quantity.quantity></Point><Point><position>12451</position><in_Quantity.quantity>0.000000</in_Quantity.quantity><out_Quantity.quantity>954.200090</out_Quantity.quantity></Point><Point><position>12452</position><in_Quantity.quantity>0.000000</in_Quantity.quantity><out_Quantity.quantity>82.075698</out_Quantity.quantity></Point><Point><position>12453</position><in_Quantity.quantity>0.000000</in_Quantity.quantity><out_Quantity.quantity>550.630539</out_Quantity.quantity></Point><Point><position>12454</position><in_Quantity.quantity>0.000000</in_Quantity.quantity><out_Quantity.quantity>345.990263</out_Quantity.quantity></Point><Point><position>12455</position><in_Quantity.quantity>0.000000</in_Quantity.quantity><out_Quantity.quantity>352.944886</out_Quantity.quantity></Point><Point><position>12456</position><in_Quantity.quantity>0.000000</in_Quantity.quantity><out_Quantity.quantity>701.860261</out_Quantity.quantity></Point><Point><position>12457</position><in_Quantity.quantity>0.000000</in_Quantity.quantity><out_Quantity.quantity>302.264763</out_Quantity.quantity></Point><Point><position>12458</position><in_Quantity.quantity>0.000000</in_Quantity.quantity><out_Quantity.quantity>122.381006</out_Quantity.quantity></Point><Point><position>12459</position><in_Quantity.quantity>0.000000</in_Quantity.quantity><out_Quantity.quantity>189.282618</out_Quantity.quantity></Point><Point><position>12460</position><in_Quantity.quantity>0.000000</in_Quantity.quantity><out_Quantity.quantity>275.819031</out_Quantity.quantity></Point><Point><position>12461</position><in_Quantity.quantity>0.000000</in_Quantity.quantity><out_Quantity.quantity>653.799671</out_Quantity.quantity></Point><Point><position>12462</position><in_Quantity.quantity>0.000000</in_Quantity.quantity><out_Quantity.quantity>281.024246</out_Quantity.quantity></Point><Point><position>12463</position><in_Quantity.quantity>0.000000</in_Quantity.quantity><out_Quantity.quantity>844.972083</out_Quantity.quantity></Point><Point><position>12464</position><in_Quantity.quantity>0.000000</in_Quantity.quantity><out_Quantity.quantity>158.895449</out_Quantity.quantity></Point><Point><position>12465</position><in_Quantity.quantity>0.000000</in_Quantity.quantity><out_Quantity.quantity>45.346234</out_Quantity.quantity></Point><Point><position>12466</position><in_Quantity.quantity>0.000000</in_Quantity.quantity><out_Quantity.quantity>835.983178</out_Quantity.quantity></Point><Point><position>12467</position><in_Quantity.quantity>0.000000</in_Quantity.quantity><out_Quantity.quantity>800.204403</out_Quantity.quantity></Point><Point><position>12468</position><in_Quantity.quantity>0.000000</in_Quantity.quantity><out_Quantity.quantity>413.214058</out_Quantity.quantity></Point><Point><position>12469</position><in_Quantity.quantity>0.000000</in_Quantity.quantity><out_Quantity.quantity>176.384548</out_Quantity.quantity></Point><Point><position>12470</position><in_Quantity.quantity>0.000000</in_Quantity.quantity><out_Quantity.quantity>162.260166</out_Quantity.quantity></Point><Point><position>12471</position><in_Quantity.quantity>0.000000</in_Quantity.quantity><out_Quantity.quantity>855.059929</out_Quantity.quantity></Point><Point><position>12472</position><in_Quantity.quantity>0.000000</in_Quantity.quantity><out_Quantity.quantity>504.277202</out_Quantity.quantity></Point><Point><position>12473</position><in_Quantity.quantity>0.000000</in_Quantity.quantity><out_Quantity.quantity>796.849351</out_Quantity.quantity></Point><Point><position>12474</position><in_Quantity.quantity>0.000000</in_Quantity.quantity><out_Quantity.quantity>21.751043</out_Quantity.quantity></Point><Point><position>12475</position><in_Quantity.quantity>0.000000</in_Quantity.quantity><out_Quantity.quantity>737.836302</out_Quantity.quantity></Point><Point><position>12476</position><in_Quantity.quantity>0.000000</in_Quantity.quantity><out_Quantity.quantity>43.696239</out_Quantity.quantity></Point><Point><position>12477</position><in_Quantity.quantity>0.000000</in_Quantity.quantity><out_Quantity.quantity>922.889389</out_Quantity.quantity></Point><Point><position>12478</position><in_Quantity.quantity>0.000000</in_Quantity.quantity><out_Quantity.quantity>170.685307</out_Quantity.quantity></Point><Point><position>12479</position><in_Quantity.quantity>0.000000</in_Quantity.quantity><out_Quantity.quantity>353.536894</out_Quantity.quantity></Point><Point><position>12480</position><in_Quantity.quantity>0.000000</in_Quantity.quantity><out_Quantity.quantity>894.257183</out_Quantity.quantity></Point><Point><position>12481</position><in_Quantity.quantity>0.000000</in_Quantity.quantity><out_Quantity.quantity>586.497275</out_Quantity.quantity></Point><Point><position>12482</position><in_Quantity.quantity>0.000000</in_Quantity.quantity><out_Quantity.quantity>841.134356</out_Quantity.quantity></Point><Point><position>12483</position><in_Quantity.quantity>0.000000</in_Quantity.quantity><out_Quantity.quantity>508.522145</out_Quantity.quantity></Point><Point><position>12484</position><in_Quantity.quantity>0.000000</in_Quantity.quantity><out_Quantity.quantity>537.703109</out_Quantity.quantity></Point><Point><position>12485</position><in_Quantity.quantity>0.000000</in_Quantity.quantity><out_Quantity.quantity>831.741106</out_Quantity.quantity></Point><Point><position>12486</position><in_Quantity.quantity>0.000000</in_Quantity.quantity><out_Quantity.quantity>596.774621</out_Quantity.quantity></Point><Point><position>12487</position><in_Quantity.quantity>0.000000</in_Quantity.quantity><out_Quantity.quantity>14.671426</out_Quantity.quantity></Point><Point><position>12488</position><in_Quantity.quantity>0.000000</in_Quantity.quantity><out_Quantity.quantity>500.643494</out_Quantity.quantity></Point><Point><position>12489</position><in_Quantity.quantity>0.000000</in_Quantity.quantity><out_Quantity.quantity>982.631690</out_Quantity.quantity></Point><Point><position>12490</position><in_Quantity.quantity>0.000000</in_Quantity.quantity><out_Quantity.quantity>909.487993</out_Quantity.quantity></Point><Point><position>12491</position><in_Quantity.quantity>0.000000</in_Quantity.quantity><out_Quantity.quantity>350.858694</out_Quantity.quantity></Point><Point><position>12492</position><in_Quantity.quantity>0.000000</in_Quantity.quantity><out_Quantity.quantity>618.339567</out_Quantity.quantity></Point><Point><position>12493</position><in_Quantity.quantity>0.000000</in_Quantity.quantity><out_Quantity.quantity>197.161348</out_Quantity.quantity></Point><Point><position>12494</position><in_Quantity.quantity>0.000000</in_Quantity.quantity><out_Quantity.quantity>944.949819</out_Quantity.quantity></Point><Point><position>12495</position><in_Quantity.quantity>0.000000</in_Quantity.quantity><out_Quantity.quantity>977.927605</out_Quantity.quantity></Point><Point><position>12496</position><in_Quantity.quantity>0.000000</in_Quantity.quantity><out_Quantity.quantity>541.389166</out_Quantity.quantity></Point><Point><position>12497</position><in_Quantity.quantity>0.000000</in_Quantity.quantity><out_Quantity.quantity>540.077489</out_Quantity.quantity></Point><Point><position>12498</position><in_Quantity.quantity>0.000000</in_Quantity.quantity><out_Quantity.quantity>302.512579</out_Quantity.quantity></Point><Point><position>12499</position><in_Quantity.quantity>0.000000</in_Quantity.quantity><out_Quantity.quantity>993.582650</out_Quantity.quantity></Point><Point><position>12500</position><in_Quantity.quantity>0.000000</in_Quantity.quantity><out_Quantity.quantity>204.477617</out_Quantity.quantity></Point><Point><position>12501</position><in_Quantity.quantity>0.000000</in_Quantity.quantity><out_Quantity.quantity>40.602406</out_Quantity.quantity></Point><Point><position>12502</position><in_Quantity.quantity>0.000000</in_Quantity.quantity><out_Quantity.quantity>767.922489</out_Quantity.quantity></Point><Point><position>12503</position><in_Quantity.quantity>0.000000</in_Quantity.quantity><out_Quantity.quantity>256.901546</out_Quantity.quantity></Point><Point><position>12504</position><in_Quantity.quantity>0.000000</in_Quantity.quantity><out_Quantity.quantity>577.874563</out_Quantity.quantity></Point><Point><position>12505</position><in_Quantity.quantity>0.000000</in_Quantity.quantity><out_Quantity.quantity>833.659006</out_Quantity.quantity></Point><Point><position>12506</position><in_Quantity.quantity>0.000000</in_Quantity.quantity><out_Quantity.quantity>819.655992</out_Quantity.quantity></Point><Point><position>12507</position><in_Quantity.quantity>0.000000</in_Quantity.quantity><out_Quantity.quantity>973.836560</out_Quantity.quantity></Point><Point><position>12508</position><in_Quantity.quantity>0.000000</in_Quantity.quantity><out_Quantity.quantity>813.514855</out_Quantity.quantity></Point><Point><position>12509</position><in_Quantity.quantity>0.000000</in_Quantity.quantity><out_Quantity.quantity>929.247886</out_Quantity.quantity></Point><Point><position>12510</position><in_Quantity.quantity>0.000000</in_Quantity.quantity><out_Quantity.quantity>354.757079</out_Quantity.quantity></Point><Point><position>12511</position><in_Quantity.quantity>0.000000</in_Quantity.quantity><out_Quantity.quantity>666.277882</out_Quantity.quantity></Point><Point><position>12512</position><in_Quantity.quantity>0.000000</in_Quantity.quantity><out_Quantity.quantity>491.849270</out_Quantity.quantity></Point><Point><position>12513</position><in_Quantity.quantity>0.000000</in_Quantity.quantity><out_Quantity.quantity>220.955874</out_Quantity.quantity></Point><Point><position>12514</position><in_Quantity.quantity>0.000000</in_Quantity.quantity><out_Quantity.quantity>58.026731</out_Quantity.quantity></Point><Point><position>12515</position><in_Quantity.quantity>0.000000</in_Quantity.quantity><out_Quantity.quantity>798.244012</out_Quantity.quantity></Point><Point><position>12516</position><in_Quantity.quantity>0.000000</in_Quantity.quantity><out_Quantity.quantity>654.206772</out_Quantity.quantity></Point><Point><position>12517</position><in_Quantity.quantity>0.000000</in_Quantity.quantity><out_Quantity.quantity>772.081297</out_Quantity.quantity></Point><Point><position>12518</position><in_Quantity.quantity>0.000000</in_Quantity.quantity><out_Quantity.quantity>869.517952</out_Quantity.quantity></Point><Point><position>12519</position><in_Quantity.quantity>0.000000</in_Quantity.quantity><out_Quantity.quantity>22.647957</out_Quantity.quantity></Point><Point><position>12520</position><in_Quantity.quantity>0.000000</in_Quantity.quantity><out_Quantity.quantity>746.344488</out_Quantity.quantity></Point><Point><position>12521</position><in_Quantity.quantity>0.000000</in_Quantity.quantity><out_Quantity.quantity>488.559278</out_Quantity.quantity></Point><Point><position>12522</position><in_Quantity.quantity>0.000000</in_Quantity.quantity><out_Quantity.quantity>911.590729</out_Quantity.quantity></Point><Point><position>12523</position><in_Quantity.quantity>0.000000</in_Quantity.quantity><out_Quantity.quantity>537.772125</out_Quantity.quantity></Point><Point><position>12524</position><in_Quantity.quantity>0.000000</in_Quantity.quantity><out_Quantity.quantity>164.862648</out_Quantity.quantity></Point><Point><position>12525</position><in_Quantity.quantity>0.000000</in_Quantity.quantity><out_Quantity.quantity>298.077428</out_Quantity.quantity></Point><Point><position>12526</position><in_Quantity.quantity>0.000000</in_Quantity.quantity><out_Quantity.quantity>931.520034</out_Quantity.quantity></Point><Point><position>12527</position><in_Quantity.quantity>0.000000</in_Quantity.quantity><out_Quantity.quantity>104.058698</out_Quantity.quantity></Point><Point><position>12528</position><in_Quantity.quantity>0.000000</in_Quantity.quantity><out_Quantity.quantity>783.890607</out_Quantity.quantity></Point><Point><position>12529</position><in_Quantity.quantity>0.000000</in_Quantity.quantity><out_Quantity.quantity>966.321222</out_Quantity.quantity></Point><Point><position>12530</position><in_Quantity.quantity>0.000000</in_Quantity.quantity><out_Quantity.quantity>683.075712</out_Quantity.quantity></Point><Point><position>12531</position><in_Quantity.quantity>0.000000</in_Quantity.quantity><out_Quantity.quantity>35.531478</out_Quantity.quantity></Point><Point><position>12532</position><in_Quantity.quantity>0.000000</in_Quantity.quantity><out_Quantity.quantity>104.586818</out_Quantity.quantity></Point><Point><position>12533</position><in_Quantity.quantity>0.000000</in_Quantity.quantity><out_Quantity.quantity>352.779882</out_Quantity.quantity></Point><Point><position>12534</position><in_Quantity.quantity>0.000000</in_Quantity.quantity><out_Quantity.quantity>28.251986</out_Quantity.quantity></Point><Point><position>12535</position><in_Quantity.quantity>0.000000</in_Quantity.quantity><out_Quantity.quantity>163.598643</out_Quantity.quantity></Point><Point><position>12536</position><in_Quantity.quantity>0.000000</in_Quantity.quantity><out_Quantity.quantity>368.943788</out_Quantity.quantity></Point><Point><position>12537</position><in_Quantity.quantity>0.000000</in_Quantity.quantity><out_Quantity.quantity>615.015198</out_Quantity.quantity></Point><Point><position>12538</position><in_Quantity.quantity>0.000000</in_Quantity.quantity><out_Quantity.quantity>607.929488</out_Quantity.quantity></Point><Point><position>12539</position><in_Quantity.quantity>0.000000</in_Quantity.quantity><out_Quantity.quantity>458.174376</out_Quantity.quantity></Point><Point><position>12540</position><in_Quantity.quantity>0.000000</in_Quantity.quantity><out_Quantity.quantity>783.321954</out_Quantity.quantity></Point><Point><position>12541</position><in_Quantity.quantity>0.000000</in_Quantity.quantity><out_Quantity.quantity>198.941448</out_Quantity.quantity></Point><Point><position>12542</position><in_Quantity.quantity>0.000000</in_Quantity.quantity><out_Quantity.quantity>911.685602</out_Quantity.quantity></Point><Point><position>12543</position><in_Quantity.quantity>0.000000</in_Quantity.quantity><out_Quantity.quantity>401.398009</out_Quantity.quantity></Point><Point><position>12544</position><in_Quantity.quantity>0.000000</in_Quantity.quantity><out_Quantity.quantity>755.346401</out_Quantity.quantity></Point><Point><position>12545</position><in_Quantity.quantity>0.000000</in_Quantity.quantity><out_Quantity.quantity>534.092646</out_Quantity.quantity></Point><Point><position>12546</position><in_Quantity.quantity>0.000000</in_Quantity.quantity><out_Quantity.quantity>269.899091</out_Quantity.quantity></Point><Point><position>12547</position><in_Quantity.quantity>0.000000</in_Quantity.quantity><out_Quantity.quantity>938.306366</out_Quantity.quantity></Point><Point><position>12548</position><in_Quantity.quantity>0.000000</in_Quantity.quantity><out_Quantity.quantity>557.619036</out_Quantity.quantity></Point><Point><position>12549</position><in_Quantity.quantity>0.000000</in_Quantity.quantity><out_Quantity.quantity>894.401507</out_Quantity.quantity></Point><Point><position>12550</position><in_Quantity.quantity>0.000000</in_Quantity.quantity><out_Quantity.quantity>760.994689</out_Quantity.quantity></Point><Point><position>12551</position><in_Quantity.quantity>0.000000</in_Quantity.quantity><out_Quantity.quantity>546.428725</out_Quantity.quantity></Point><Point><position>12552</position><in_Quantity.quantity>0.000000</in_Quantity.quantity><out_Quantity.quantity>209.699527</out_Quantity.quantity></Point><Point><position>12553</position><in_Quantity.quantity>0.000000</in_Quantity.quantity><out_Quantity.quantity>612.379656</out_Quantity.quantity></Point><Point><position>12554</position><in_Quantity.quantity>0.000000</in_Quantity.quantity><out_Quantity.quantity>496.149914</out_Quantity.quantity></Point><Point><position>12555</position><in_Quantity.quantity>0.000000</in_Quantity.quantity><out_Quantity.quantity>166.921048</out_Quantity.quantity></Point><Point><position>12556</position><in_Quantity.quantity>0.000000</in_Quantity.quantity><out_Quantity.quantity>969.091591</out_Quantity.quantity></Point><Point><position>12557</position><in_Quantity.quantity>0.000000</in_Quantity.quantity><out_Quantity.quantity>874.635188</out_Quantity.quantity></Point><Point><position>12558</position><in_Quantity.quantity>0.000000</in_Quantity.quantity><out_Quantity.quantity>217.083913</out_Quantity.quantity></Point><Point><position>12559</position><in_Quantity.quantity>0.000000</in_Quantity.quantity><out_Quantity.quantity>28.425464</out_Quantity.quantity></Point><Point><position>12560</position><in_Quantity.quantity>0.000000</in_Quantity.quantity><out_Quantity.quantity>572.828615</out_Quantity.quantity></Point><Point><position>12561</position><in_Quantity.quantity>0.000000</in_Quantity.quantity><out_Quantity.quantity>733.189487</out_Quantity.quantity></Point><Point><position>12562</position><in_Quantity.quantity>0.000000</in_Quantity.quantity><out_Quantity.quantity>614.267443</out_Quantity.quantity></Point><Point><position>12563</position><in_Quantity.quantity>0.000000</in_Quantity.quantity><out_Quantity.quantity>571.278621</out_Quantity.quantity></Point><Point><position>12564</position><in_Quantity.quantity>0.000000</in_Quantity.quantity><out_Quantity.quantity>218.628938</out_Quantity.quantity></Point><Point><position>12565</position><in_Quantity.quantity>0.000000</in_Quantity.quantity><out_Quantity.quantity>939.472603</out_Quantity.quantity></Point><Point><position>12566</position><in_Quantity.quantity>0.000000</in_Quantity.quantity><out_Quantity.quantity>272.496412</out_Quantity.quantity></Point><Point><position>12567</position><in_Quantity.quantity>0.000000</in_Quantity.quantity><out_Quantity.quantity>349.709493</out_Quantity.quantity></Point><Point><position>12568</position><in_Quantity.quantity>0.000000</in_Quantity.quantity><out_Quantity.quantity>413.864072</out_Quantity.quantity></Point><Point><position>12569</position><in_Quantity.quantity>0.000000</in_Quantity.quantity><out_Quantity.quantity>926.547387</out_Quantity.quantity></Point><Point><position>12570</position><in_Quantity.quantity>0.000000</in_Quantity.quantity><out_Quantity.quantity>15.389856</out_Quantity.quantity></Point><Point><position>12571</position><in_Quantity.quantity>0.000000</in_Quantity.quantity><out_Quantity.quantity>434.613965</out_Quantity.quantity></Point><Point><position>12572</position><in_Quantity.quantity>0.000000</in_Quantity.quantity><out_Quantity.quantity>700.816055</out_Quantity.quantity></Point><Point><position>12573</position><in_Quantity.quantity>0.000000</in_Quantity.quantity><out_Quantity.quantity>48.424255</out_Quantity.quantity></Point><Point><position>12574</position><in_Quantity.quantity>0.000000</in_Quantity.quantity><out_Quantity.quantity>704.651521</out_Quantity.quantity></Point><Point><position>12575</position><in_Quantity.quantity>0.000000</in_Quantity.quantity><out_Quantity.quantity>187.742985</out_Quantity.quantity></Point><Point><position>12576</position><in_Quantity.quantity>0.000000</in_Quantity.quantity><out_Quantity.quantity>517.048783</out_Quantity.quantity></Point><Point><position>12577</position><in_Quantity.quantity>0.000000</in_Quantity.quantity><out_Quantity.quantity>128.741807</out_Quantity.quantity></Point><Point><position>12578</position><in_Quantity.quantity>0.000000</in_Quantity.quantity><out_Quantity.quantity>309.630163</out_Quantity.quantity></Point><Point><position>12579</position><in_Quantity.quantity>0.000000</in_Quantity.quantity><out_Quantity.quantity>764.870138</out_Quantity.quantity></Point><Point><position>12580</position><in_Quantity.quantity>0.000000</in_Quantity.quantity><out_Quantity.quantity>797.178304</out_Quantity.quantity></Point><Point><position>12581</position><in_Quantity.quantity>0.000000</in_Quantity.quantity><out_Quantity.quantity>707.476191</out_Quantity.quantity></Point><Point><position>12582</position><in_Quantity.quantity>0.000000</in_Quantity.quantity><out_Quantity.quantity>368.601262</out_Quantity.quantity></Point><Point><position>12583</position><in_Quantity.quantity>0.000000</in_Quantity.quantity><out_Quantity.quantity>305.972291</out_Quantity.quantity></Point><Point><position>12584</position><in_Quantity.quantity>0.000000</in_Quantity.quantity><out_Quantity.quantity>85.255115</out_Quantity.quantity></Point><Point><position>12585</position><in_Quantity.quantity>0.000000</in_Quantity.quantity><out_Quantity.quantity>998.835754</out_Quantity.quantity></Point><Point><position>12586</position><in_Quantity.quantity>0.000000</in_Quantity.quantity><out_Quantity.quantity>735.512945</out_Quantity.quantity></Point><Point><position>12587</position><in_Quantity.quantity>0.000000</in_Quantity.quantity><out_Quantity.quantity>622.504812</out_Quantity.quantity></Point><Point><position>12588</position><in_Quantity.quantity>0.000000</in_Quantity.quantity><out_Quantity.quantity>403.468958</out_Quantity.quantity></Point><Point><position>12589</position><in_Quantity.quantity>0.000000</in_Quantity.quantity><out_Quantity.quantity>563.899352</out_Quantity.quantity></Point><Point><position>12590</position><in_Quantity.quantity>0.000000</in_Quantity.quantity><out_Quantity.quantity>266.384193</out_Quantity.quantity></Point><Point><position>12591</position><in_Quantity.quantity>0.000000</in_Quantity.quantity><out_Quantity.quantity>525.360312</out_Quantity.quantity></Point><Point><position>12592</position><in_Quantity.quantity>0.000000</in_Quantity.quantity><out_Quantity.quantity>578.237975</out_Quantity.quantity></Point><Point><position>12593</position><in_Quantity.quantity>0.000000</in_Quantity.quantity><out_Quantity.quantity>980.318352</out_Quantity.quantity></Point><Point><position>12594</position><in_Quantity.quantity>0.000000</in_Quantity.quantity><out_Quantity.quantity>505.091850</out_Quantity.quantity></Point><Point><position>12595</position><in_Quantity.quantity>0.000000</in_Quantity.quantity><out_Quantity.quantity>640.778680</out_Quantity.quantity></Point><Point><position>12596</position><in_Quantity.quantity>0.000000</in_Quantity.quantity><out_Quantity.quantity>6.492013</out_Quantity.quantity></Point><Point><position>12597</position><in_Quantity.quantity>0.000000</in_Quantity.quantity><out_Quantity.quantity>858.007665</out_Quantity.quantity></Point><Point><position>12598</position><in_Quantity.quantity>0.000000</in_Quantity.quantity><out_Quantity.quantity>966.886750</out_Quantity.quantity></Point><Point><position>12599</position><in_Quantity.quantity>0.000000</in_Quantity.quantity><out_Quantity.quantity>586.498370</out_Quantity.quantity></Point><Point><position>12600</position><in_Quantity.quantity>0.000000</in_Quantity.quantity><out_Quantity.quantity>493.640859</out_Quantity.quantity></Point><Point><position>12601</position><in_Quantity.quantity>0.000000</in_Quantity.quantity><out_Quantity.quantity>209.854558</out_Quantity.quantity></Point><Point><position>12602</position><in_Quantity.quantity>0.000000</in_Quantity.quantity><out_Quantity.quantity>675.753827</out_Quantity.quantity></Point><Point><position>12603</position><in_Quantity.quantity>0.000000</in_Quantity.quantity><out_Quantity.quantity>429.752335</out_Quantity.quantity></Point><Point><position>12604</position><in_Quantity.quantity>0.000000</in_Quantity.quantity><out_Quantity.quantity>785.301217</out_Quantity.quantity></Point><Point><position>12605</position><in_Quantity.quantity>0.000000</in_Quantity.quantity><out_Quantity.quantity>561.804889</out_Quantity.quantity></Point><Point><position>12606</position><in_Quantity.quantity>0.000000</in_Quantity.quantity><out_Quantity.quantity>750.363047</out_Quantity.quantity></Point><Point><position>12607</position><in_Quantity.quantity>0.000000</in_Quantity.quantity><out_Quantity.quantity>678.453610</out_Quantity.quantity></Point><Point><position>12608</position><in_Quantity.quantity>0.000000</in_Quantity.quantity><out_Quantity.quantity>708.198886</out_Quantity.quantity></Point><Point><position>12609</position><in_Quantity.quantity>0.000000</in_Quantity.quantity><out_Quantity.quantity>788.589320</out_Quantity.quantity></Point><Point><position>12610</position><in_Quantity.quantity>0.000000</in_Quantity.quantity><out_Quantity.quantity>341.319549</out_Quantity.quantity></Point><Point><position>12611</position><in_Quantity.quantity>0.000000</in_Quantity.quantity><out_Quantity.quantity>873.833953</out_Quantity.quantity></Point><Point><position>12612</position><in_Quantity.quantity>0.000000</in_Quantity.quantity><out_Quantity.quantity>166.619995</out_Quantity.quantity></Point><Point><position>12613</position><in_Quantity.quantity>0.000000</in_Quantity.quantity><out_Quantity.quantity>633.869723</out_Quantity.quantity></Point><Point><position>12614</position><in_Quantity.quantity>0.000000</in_Quantity.quantity><out_Quantity.quantity>976.194123</out_Quantity.quantity></Point><Point><position>12615</position><in_Quantity.quantity>0.000000</in_Quantity.quantity><out_Quantity.quantity>571.561219</out_Quantity.quantity></Point><Point><position>12616</position><in_Quantity.quantity>0.000000</in_Quantity.quantity><out_Quantity.quantity>798.635958</out_Quantity.quantity></Point><Point><position>12617</position><in_Quantity.quantity>0.000000</in_Quantity.quantity><out_Quantity.quantity>904.869234</out_Quantity.quantity></Point><Point><position>12618</position><in_Quantity.quantity>0.000000</in_Quantity.quantity><out_Quantity.quantity>310.837983</out_Quantity.quantity></Point><Point><position>12619</position><in_Quantity.quantity>0.000000</in_Quantity.quantity><out_Quantity.quantity>649.036965</out_Quantity.quantity></Point><Point><position>12620</position><in_Quantity.quantity>0.000000</in_Quantity.quantity><out_Quantity.quantity>149.838600</out_Quantity.quantity></Point><Point><position>12621</position><in_Quantity.quantity>0.000000</in_Quantity.quantity><out_Quantity.quantity>110.401057</out_Quantity.quantity></Point><Point><position>12622</position><in_Quantity.quantity>0.000000</in_Quantity.quantity><out_Quantity.quantity>924.897923</out_Quantity.quantity></Point><Point><position>12623</position><in_Quantity.quantity>0.000000</in_Quantity.quantity><out_Quantity.quantity>919.325083</out_Quantity.quantity></Point><Point><position>12624</position><in_Quantity.quantity>0.000000</in_Quantity.quantity><out_Quantity.quantity>10.097539</out_Quantity.quantity></Point><Point><position>12625</position><in_Quantity.quantity>0.000000</in_Quantity.quantity><out_Quantity.quantity>712.461342</out_Quantity.quantity></Point><Point><position>12626</position><in_Quantity.quantity>0.000000</in_Quantity.quantity><out_Quantity.quantity>299.822208</out_Quantity.quantity></Point><Point><position>12627</position><in_Quantity.quantity>0.000000</in_Quantity.quantity><out_Quantity.quantity>868.108237</out_Quantity.quantity></Point><Point><position>12628</position><in_Quantity.quantity>0.000000</in_Quantity.quantity><out_Quantity.quantity>668.462444</out_Quantity.quantity></Point><Point><position>12629</position><in_Quantity.quantity>0.000000</in_Quantity.quantity><out_Quantity.quantity>232.475845</out_Quantity.quantity></Point><Point><position>12630</position><in_Quantity.quantity>0.000000</in_Quantity.quantity><out_Quantity.quantity>869.363566</out_Quantity.quantity></Point><Point><position>12631</position><in_Quantity.quantity>0.000000</in_Quantity.quantity><out_Quantity.quantity>262.016898</out_Quantity.quantity></Point><Point><position>12632</position><in_Quantity.quantity>0.000000</in_Quantity.quantity><out_Quantity.quantity>558.355885</out_Quantity.quantity></Point><Point><position>12633</position><in_Quantity.quantity>0.000000</in_Quantity.quantity><out_Quantity.quantity>849.818945</out_Quantity.quantity></Point><Point><position>12634</position><in_Quantity.quantity>0.000000</in_Quantity.quantity><out_Quantity.quantity>379.041988</out_Quantity.quantity></Point><Point><position>12635</position><in_Quantity.quantity>0.000000</in_Quantity.quantity><out_Quantity.quantity>140.513761</out_Quantity.quantity></Point><Point><position>12636</position><in_Quantity.quantity>0.000000</in_Quantity.quantity><out_Quantity.quantity>197.361498</out_Quantity.quantity></Point><Point><position>12637</position><in_Quantity.quantity>0.000000</in_Quantity.quantity><out_Quantity.quantity>572.016525</out_Quantity.quantity></Point><Point><position>12638</position><in_Quantity.quantity>0.000000</in_Quantity.quantity><out_Quantity.quantity>919.308910</out_Quantity.quantity></Point><Point><position>12639</position><in_Quantity.quantity>0.000000</in_Quantity.quantity><out_Quantity.quantity>283.742466</out_Quantity.quantity></Point><Point><position>12640</position><in_Quantity.quantity>0.000000</in_Quantity.quantity><out_Quantity.quantity>165.644591</out_Quantity.quantity></Point><Point><position>12641</position><in_Quantity.quantity>0.000000</in_Quantity.quantity><out_Quantity.quantity>744.641541</out_Quantity.quantity></Point><Point><position>12642</position><in_Quantity.quantity>0.000000</in_Quantity.quantity><out_Quantity.quantity>277.646836</out_Quantity.quantity></Point><Point><position>12643</position><in_Quantity.quantity>0.000000</in_Quantity.quantity><out_Quantity.quantity>637.617949</out_Quantity.quantity></Point><Point><position>12644</position><in_Quantity.quantity>0.000000</in_Quantity.quantity><out_Quantity.quantity>7.504463</out_Quantity.quantity></Point><Point><position>12645</position><in_Quantity.quantity>0.000000</in_Quantity.quantity><out_Quantity.quantity>737.037032</out_Quantity.quantity></Point><Point><position>12646</position><in_Quantity.quantity>0.000000</in_Quantity.quantity><out_Quantity.quantity>681.834022</out_Quantity.quantity></Point><Point><position>12647</position><in_Quantity.quantity>0.000000</in_Quantity.quantity><out_Quantity.quantity>330.713967</out_Quantity.quantity></Point><Point><position>12648</position><in_Quantity.quantity>0.000000</in_Quantity.quantity><out_Quantity.quantity>785.604449</out_Quantity.quantity></Point><Point><position>12649</position><in_Quantity.quantity>0.000000</in_Quantity.quantity><out_Quantity.quantity>755.235891</out_Quantity.quantity></Point><Point><position>12650</position><in_Quantity.quantity>0.000000</in_Quantity.quantity><out_Quantity.quantity>733.437626</out_Quantity.quantity></Point><Point><position>12651</position><in_Quantity.quantity>0.000000</in_Quantity.quantity><out_Quantity.quantity>929.816311</out_Quantity.quantity></Point><Point><position>12652</position><in_Quantity.quantity>0.000000</in_Quantity.quantity><out_Quantity.quantity>189.019686</out_Quantity.quantity></Point><Point><position>12653</position><in_Quantity.quantity>0.000000</in_Quantity.quantity><out_Quantity.quantity>885.447399</out_Quantity.quantity></Point><Point><position>12654</position><in_Quantity.quantity>0.000000</in_Quantity.quantity><out_Quantity.quantity>136.072215</out_Quantity.quantity></Point><Point><position>12655</position><in_Quantity.quantity>0.000000</in_Quantity.quantity><out_Quantity.quantity>165.508167</out_Quantity.quantity></Point><Point><position>12656</position><in_Quantity.quantity>0.000000</in_Quantity.quantity><out_Quantity.quantity>615.969421</out_Quantity.quantity></Point><Point><position>12657</position><in_Quantity.quantity>0.000000</in_Quantity.quantity><out_Quantity.quantity>964.812077</out_Quantity.quantity></Point><Point><position>12658</position><in_Quantity.quantity>0.000000</in_Quantity.quantity><out_Quantity.quantity>451.584746</out_Quantity.quantity></Point><Point><position>12659</position><in_Quantity.quantity>0.000000</in_Quantity.quantity><out_Quantity.quantity>404.903422</out_Quantity.quantity></Point><Point><position>12660</position><in_Quantity.quantity>0.000000</in_Quantity.quantity><out_Quantity.quantity>470.627311</out_Quantity.quantity></Point><Point><position>12661</position><in_Quantity.quantity>0.000000</in_Quantity.quantity><out_Quantity.quantity>224.967265</out_Quantity.quantity></Point><Point><position>12662</position><in_Quantity.quantity>0.000000</in_Quantity.quantity><out_Quantity.quantity>338.341049</out_Quantity.quantity></Point><Point><position>12663</position><in_Quantity.quantity>0.000000</in_Quantity.quantity><out_Quantity.quantity>15.435329</out_Quantity.quantity></Point><Point><position>12664</position><in_Quantity.quantity>0.000000</in_Quantity.quantity><out_Quantity.quantity>827.291607</out_Quantity.quantity></Point><Point><position>12665</position><in_Quantity.quantity>0.000000</in_Quantity.quantity><out_Quantity.quantity>161.626979</out_Quantity.quantity></Point><Point><position>12666</position><in_Quantity.quantity>0.000000</in_Quantity.quantity><out_Quantity.quantity>689.385514</out_Quantity.quantity></Point><Point><position>12667</position><in_Quantity.quantity>0.000000</in_Quantity.quantity><out_Quantity.quantity>42.531209</out_Quantity.quantity></Point><Point><position>12668</position><in_Quantity.quantity>0.000000</in_Quantity.quantity><out_Quantity.quantity>460.066433</out_Quantity.quantity></Point><Point><position>12669</position><in_Quantity.quantity>0.000000</in_Quantity.quantity><out_Quantity.quantity>417.062203</out_Quantity.quantity></Point><Point><position>12670</position><in_Quantity.quantity>0.000000</in_Quantity.quantity><out_Quantity.quantity>840.051519</out_Quantity.quantity></Point><Point><position>12671</position><in_Quantity.quantity>0.000000</in_Quantity.quantity><out_Quantity.quantity>701.337446</out_Quantity.quantity></Point><Point><position>12672</position><in_Quantity.quantity>0.000000</in_Quantity.quantity><out_Quantity.quantity>352.120160</out_Quantity.quantity></Point><Point><position>12673</position><in_Quantity.quantity>0.000000</in_Quantity.quantity><out_Quantity.quantity>963.074124</out_Quantity.quantity></Point><Point><position>12674</position><in_Quantity.quantity>0.000000</in_Quantity.quantity><out_Quantity.quantity>928.102631</out_Quantity.quantity></Point><Point><position>12675</position><in_Quantity.quantity>0.000000</in_Quantity.quantity><out_Quantity.quantity>668.662434</out_Quantity.quantity></Point><Point><position>12676</position><in_Quantity.quantity>0.000000</in_Quantity.quantity><out_Quantity.quantity>664.155434</out_Quantity.quantity></Point><Point><position>12677</position><in_Quantity.quantity>0.000000</in_Quantity.quantity><out_Quantity.quantity>781.525614</out_Quantity.quantity></Point><Point><position>12678</position><in_Quantity.quantity>0.000000</in_Quantity.quantity><out_Quantity.quantity>211.295768</out_Quantity.quantity></Point><Point><position>12679</position><in_Quantity.quantity>0.000000</in_Quantity.quantity><out_Quantity.quantity>642.035353</out_Quantity.quantity></Point><Point><position>12680</position><in_Quantity.quantity>0.000000</in_Quantity.quantity><out_Quantity.quantity>561.814094</out_Quantity.quantity></Point><Point><position>12681</position><in_Quantity.quantity>0.000000</in_Quantity.quantity><out_Quantity.quantity>239.635874</out_Quantity.quantity></Point><Point><position>12682</position><in_Quantity.quantity>0.000000</in_Quantity.quantity><out_Quantity.quantity>639.367293</out_Quantity.quantity></Point><Point><position>12683</position><in_Quantity.quantity>0.000000</in_Quantity.quantity><out_Quantity.quantity>174.798279</out_Quantity.quantity></Point><Point><position>12684</position><in_Quantity.quantity>0.000000</in_Quantity.quantity><out_Quantity.quantity>50.982230</out_Quantity.quantity></Point><Point><position>12685</position><in_Quantity.quantity>0.000000</in_Quantity.quantity><out_Quantity.quantity>658.402964</out_Quantity.quantity></Point><Point><position>12686</position><in_Quantity.quantity>0.000000</in_Quantity.quantity><out_Quantity.quantity>691.275865</out_Quantity.quantity></Point><Point><position>12687</position><in_Quantity.quantity>0.000000</in_Quantity.quantity><out_Quantity.quantity>514.951880</out_Quantity.quantity></Point><Point><position>12688</position><in_Quantity.quantity>0.000000</in_Quantity.quantity><out_Quantity.quantity>135.127743</out_Quantity.quantity></Point><Point><position>12689</position><in_Quantity.quantity>0.000000</in_Quantity.quantity><out_Quantity.quantity>750.212923</out_Quantity.quantity></Point><Point><position>12690</position><in_Quantity.quantity>0.000000</in_Quantity.quantity><out_Quantity.quantity>757.337536</out_Quantity.quantity></Point><Point><position>12691</position><in_Quantity.quantity>0.000000</in_Quantity.quantity><out_Quantity.quantity>968.168461</out_Quantity.quantity></Point><Point><position>12692</position><in_Quantity.quantity>0.000000</in_Quantity.quantity><out_Quantity.quantity>937.317881</out_Quantity.quantity></Point><Point><position>12693</position><in_Quantity.quantity>0.000000</in_Quantity.quantity><out_Quantity.quantity>228.586101</out_Quantity.quantity></Point><Point><position>12694</position><in_Quantity.quantity>0.000000</in_Quantity.quantity><out_Quantity.quantity>611.220226</out_Quantity.quantity></Point><Point><position>12695</position><in_Quantity.quantity>0.000000</in_Quantity.quantity><out_Quantity.quantity>213.137401</out_Quantity.quantity></Point><Point><position>12696</position><in_Quantity.quantity>0.000000</in_Quantity.quantity><out_Quantity.quantity>514.203332</out_Quantity.quantity></Point><Point><position>12697</position><in_Quantity.quantity>0.000000</in_Quantity.quantity><out_Quantity.quantity>692.068790</out_Quantity.quantity></Point><Point><position>12698</position><in_Quantity.quantity>0.000000</in_Quantity.quantity><out_Quantity.quantity>198.516437</out_Quantity.quantity></Point><Point><position>12699</position><in_Quantity.quantity>0.000000</in_Quantity.quantity><out_Quantity.quantity>90.886566</out_Quantity.quantity></Point><Point><position>12700</position><in_Quantity.quantity>0.000000</in_Quantity.quantity><out_Quantity.quantity>484.736048</out_Quantity.quantity></Point><Point><position>12701</position><in_Quantity.quantity>0.000000</in_Quantity.quantity><out_Quantity.quantity>39.898747</out_Quantity.quantity></Point><Point><position>12702</position><in_Quantity.quantity>0.000000</in_Quantity.quantity><out_Quantity.quantity>257.993552</out_Quantity.quantity></Point><Point><position>12703</position><in_Quantity.quantity>0.000000</in_Quantity.quantity><out_Quantity.quantity>967.448287</out_Quantity.quantity></Point><Point><position>12704</position><in_Quantity.quantity>0.000000</in_Quantity.quantity><out_Quantity.quantity>247.906810</out_Quantity.quantity></Point><Point><position>12705</position><in_Quantity.quantity>0.000000</in_Quantity.quantity><out_Quantity.quantity>453.059525</out_Quantity.quantity></Point><Point><position>12706</position><in_Quantity.quantity>0.000000</in_Quantity.quantity><out_Quantity.quantity>267.956784</out_Quantity.quantity></Point><Point><position>12707</position><in_Quantity.quantity>0.000000</in_Quantity.quantity><out_Quantity.quantity>448.183085</out_Quantity.quantity></Point><Point><position>12708</position><in_Quantity.quantity>0.000000</in_Quantity.quantity><out_Quantity.quantity>735.438784</out_Quantity.quantity></Point><Point><position>12709</position><in_Quantity.quantity>0.000000</in_Quantity.quantity><out_Quantity.quantity>142.516805</out_Quantity.quantity></Point><Point><position>12710</position><in_Quantity.quantity>0.000000</in_Quantity.quantity><out_Quantity.quantity>91.378118</out_Quantity.quantity></Point><Point><position>12711</position><in_Quantity.quantity>0.000000</in_Quantity.quantity><out_Quantity.quantity>139.007365</out_Quantity.quantity></Point><Point><position>12712</position><in_Quantity.quantity>0.000000</in_Quantity.quantity><out_Quantity.quantity>623.984102</out_Quantity.quantity></Point><Point><position>12713</position><in_Quantity.quantity>0.000000</in_Quantity.quantity><out_Quantity.quantity>272.318321</out_Quantity.quantity></Point><Point><position>12714</position><in_Quantity.quantity>0.000000</in_Quantity.quantity><out_Quantity.quantity>354.835637</out_Quantity.quantity></Point><Point><position>12715</position><in_Quantity.quantity>0.000000</in_Quantity.quantity><out_Quantity.quantity>272.110318</out_Quantity.quantity></Point><Point><position>12716</position><in_Quantity.quantity>0.000000</in_Quantity.quantity><out_Quantity.quantity>626.153586</out_Quantity.quantity></Point><Point><position>12717</position><in_Quantity.quantity>0.000000</in_Quantity.quantity><out_Quantity.quantity>949.476577</out_Quantity.quantity></Point><Point><position>12718</position><in_Quantity.quantity>0.000000</in_Quantity.quantity><out_Quantity.quantity>771.796852</out_Quantity.quantity></Point><Point><position>12719</position><in_Quantity.quantity>0.000000</in_Quantity.quantity><out_Quantity.quantity>118.079913</out_Quantity.quantity></Point><Point><position>12720</position><in_Quantity.quantity>0.000000</in_Quantity.quantity><out_Quantity.quantity>348.878745</out_Quantity.quantity></Point><Point><position>12721</position><in_Quantity.quantity>0.000000</in_Quantity.quantity><out_Quantity.quantity>61.458423</out_Quantity.quantity></Point><Point><position>12722</position><in_Quantity.quantity>0.000000</in_Quantity.quantity><out_Quantity.quantity>705.031817</out_Quantity.quantity></Point><Point><position>12723</position><in_Quantity.quantity>0.000000</in_Quantity.quantity><out_Quantity.quantity>814.972990</out_Quantity.quantity></Point><Point><position>12724</position><in_Quantity.quantity>0.000000</in_Quantity.quantity><out_Quantity.quantity>959.153714</out_Quantity.quantity></Point><Point><position>12725</position><in_Quantity.quantity>0.000000</in_Quantity.quantity><out_Quantity.quantity>316.953815</out_Quantity.quantity></Point><Point><position>12726</position><in_Quantity.quantity>0.000000</in_Quantity.quantity><out_Quantity.quantity>70.736591</out_Quantity.quantity></Point><Point><position>12727</position><in_Quantity.quantity>0.000000</in_Quantity.quantity><out_Quantity.quantity>541.210139</out_Quantity.quantity></Point><Point><position>12728</position><in_Quantity.quantity>0.000000</in_Quantity.quantity><out_Quantity.quantity>473.304664</out_Quantity.quantity></Point><Point><position>12729</position><in_Quantity.quantity>0.000000</in_Quantity.quantity><out_Quantity.quantity>784.989458</out_Quantity.quantity></Point><Point><position>12730</position><in_Quantity.quantity>0.000000</in_Quantity.quantity><out_Quantity.quantity>873.888497</out_Quantity.quantity></Point><Point><position>12731</position><in_Quantity.quantity>0.000000</in_Quantity.quantity><out_Quantity.quantity>602.218989</out_Quantity.quantity></Point><Point><position>12732</position><in_Quantity.quantity>0.000000</in_Quantity.quantity><out_Quantity.quantity>680.352927</out_Quantity.quantity></Point><Point><position>12733</position><in_Quantity.quantity>0.000000</in_Quantity.quantity><out_Quantity.quantity>611.568372</out_Quantity.quantity></Point><Point><position>12734</position><in_Quantity.quantity>0.000000</in_Quantity.quantity><out_Quantity.quantity>540.520536</out_Quantity.quantity></Point><Point><position>12735</position><in_Quantity.quantity>0.000000</in_Quantity.quantity><out_Quantity.quantity>878.447130</out_Quantity.quantity></Point><Point><position>12736</position><in_Quantity.quantity>0.000000</in_Quantity.quantity><out_Quantity.quantity>953.185604</out_Quantity.quantity></Point><Point><position>12737</position><in_Quantity.quantity>0.000000</in_Quantity.quantity><out_Quantity.quantity>415.416454</out_Quantity.quantity></Point><Point><position>12738</position><in_Quantity.quantity>0.000000</in_Quantity.quantity><out_Quantity.quantity>399.586433</out_Quantity.quantity></Point><Point><position>12739</position><in_Quantity.quantity>0.000000</in_Quantity.quantity><out_Quantity.quantity>111.898977</out_Quantity.quantity></Point><Point><position>12740</position><in_Quantity.quantity>0.000000</in_Quantity.quantity><out_Quantity.quantity>134.069145</out_Quantity.quantity></Point><Point><position>12741</position><in_Quantity.quantity>0.000000</in_Quantity.quantity><out_Quantity.quantity>750.813537</out_Quantity.quantity></Point><Point><position>12742</position><in_Quantity.quantity>0.000000</in_Quantity.quantity><out_Quantity.quantity>995.023212</out_Quantity.quantity></Point><Point><position>12743</position><in_Quantity.quantity>0.000000</in_Quantity.quantity><out_Quantity.quantity>178.973254</out_Quantity.quantity></Point><Point><position>12744</position><in_Quantity.quantity>0.000000</in_Quantity.quantity><out_Quantity.quantity>675.043717</out_Quantity.quantity></Point><Point><position>12745</position><in_Quantity.quantity>0.000000</in_Quantity.quantity><out_Quantity.quantity>871.442606</out_Quantity.quantity></Point><Point><position>12746</position><in_Quantity.quantity>0.000000</in_Quantity.quantity><out_Quantity.quantity>314.328882</out_Quantity.quantity></Point><Point><position>12747</position><in_Quantity.quantity>0.000000</in_Quantity.quantity><out_Quantity.quantity>138.969139</out_Quantity.quantity></Point><Point><position>12748</position><in_Quantity.quantity>0.000000</in_Quantity.quantity><out_Quantity.quantity>344.800472</out_Quantity.quantity></Point><Point><position>12749</position><in_Quantity.quantity>0.000000</in_Quantity.quantity><out_Quantity.quantity>605.412009</out_Quantity.quantity></Point><Point><position>12750</position><in_Quantity.quantity>0.000000</in_Quantity.quantity><out_Quantity.quantity>238.675879</out_Quantity.quantity></Point><Point><position>12751</position><in_Quantity.quantity>0.000000</in_Quantity.quantity><out_Quantity.quantity>331.700671</out_Quantity.quantity></Point><Point><position>12752</position><in_Quantity.quantity>0.000000</in_Quantity.quantity><out_Quantity.quantity>316.322439</out_Quantity.quantity></Point><Point><position>12753</position><in_Quantity.quantity>0.000000</in_Quantity.quantity><out_Quantity.quantity>34.754464</out_Quantity.quantity></Point><Point><position>12754</position><in_Quantity.quantity>0.000000</in_Quantity.quantity><out_Quantity.quantity>217.934697</out_Quantity.quantity></Point><Point><position>12755</position><in_Quantity.quantity>0.000000</in_Quantity.quantity><out_Quantity.quantity>319.244248</out_Quantity.quantity></Point><Point><position>12756</position><in_Quantity.quantity>0.000000</in_Quantity.quantity><out_Quantity.quantity>235.722250</out_Quantity.quantity></Point><Point><position>12757</position><in_Quantity.quantity>0.000000</in_Quantity.quantity><out_Quantity.quantity>973.718016</out_Quantity.quantity></Point><Point><position>12758</position><in_Quantity.quantity>0.000000</in_Quantity.quantity><out_Quantity.quantity>218.469092</out_Quantity.quantity></Point><Point><position>12759</position><in_Quantity.quantity>0.000000</in_Quantity.quantity><out_Quantity.quantity>998.481217</out_Quantity.quantity></Point><Point><position>12760</position><in_Quantity.quantity>0.000000</in_Quantity.quantity><out_Quantity.quantity>949.976632</out_Quantity.quantity></Point><Point><position>12761</position><in_Quantity.quantity>0.000000</in_Quantity.quantity><out_Quantity.quantity>454.365360</out_Quantity.quantity></Point><Point><position>12762</position><in_Quantity.quantity>0.000000</in_Quantity.quantity><out_Quantity.quantity>811.496328</out_Quantity.quantity></Point><Point><position>12763</position><in_Quantity.quantity>0.000000</in_Quantity.quantity><out_Quantity.quantity>202.514111</out_Quantity.quantity></Point><Point><position>12764</position><in_Quantity.quantity>0.000000</in_Quantity.quantity><out_Quantity.quantity>0.348538</out_Quantity.quantity></Point><Point><position>12765</position><in_Quantity.quantity>0.000000</in_Quantity.quantity><out_Quantity.quantity>982.807084</out_Quantity.quantity></Point><Point><position>12766</position><in_Quantity.quantity>0.000000</in_Quantity.quantity><out_Quantity.quantity>698.370735</out_Quantity.quantity></Point><Point><position>12767</position><in_Quantity.quantity>0.000000</in_Quantity.quantity><out_Quantity.quantity>501.633700</out_Quantity.quantity></Point><Point><position>12768</position><in_Quantity.quantity>0.000000</in_Quantity.quantity><out_Quantity.quantity>166.684681</out_Quantity.quantity></Point><Point><position>12769</position><in_Quantity.quantity>0.000000</in_Quantity.quantity><out_Quantity.quantity>855.381808</out_Quantity.quantity></Point><Point><position>12770</position><in_Quantity.quantity>0.000000</in_Quantity.quantity><out_Quantity.quantity>643.869474</out_Quantity.quantity></Point><Point><position>12771</position><in_Quantity.quantity>0.000000</in_Quantity.quantity><out_Quantity.quantity>651.659982</out_Quantity.quantity></Point><Point><position>12772</position><in_Quantity.quantity>0.000000</in_Quantity.quantity><out_Quantity.quantity>833.416156</out_Quantity.quantity></Point><Point><position>12773</position><in_Quantity.quantity>0.000000</in_Quantity.quantity><out_Quantity.quantity>162.015568</out_Quantity.quantity></Point><Point><position>12774</position><in_Quantity.quantity>0.000000</in_Quantity.quantity><out_Quantity.quantity>947.938803</out_Quantity.quantity></Point><Point><position>12775</position><in_Quantity.quantity>0.000000</in_Quantity.quantity><out_Quantity.quantity>868.688496</out_Quantity.quantity></Point><Point><position>12776</position><in_Quantity.quantity>0.000000</in_Quantity.quantity><out_Quantity.quantity>64.387765</out_Quantity.quantity></Point><Point><position>12777</position><in_Quantity.quantity>0.000000</in_Quantity.quantity><out_Quantity.quantity>114.147814</out_Quantity.quantity></Point><Point><position>12778</position><in_Quantity.quantity>0.000000</in_Quantity.quantity><out_Quantity.quantity>352.948106</out_Quantity.quantity></Point><Point><position>12779</position><in_Quantity.quantity>0.000000</in_Quantity.quantity><out_Quantity.quantity>691.400102</out_Quantity.quantity></Point><Point><position>12780</position><in_Quantity.quantity>0.000000</in_Quantity.quantity><out_Quantity.quantity>0.114573</out_Quantity.quantity></Point><Point><position>12781</position><in_Quantity.quantity>0.000000</in_Quantity.quantity><out_Quantity.quantity>901.689982</out_Quantity.quantity></Point><Point><position>12782</position><in_Quantity.quantity>0.000000</in_Quantity.quantity><out_Quantity.quantity>868.584070</out_Quantity.quantity></Point><Point><position>12783</position><in_Quantity.quantity>0.000000</in_Quantity.quantity><out_Quantity.quantity>36.676762</out_Quantity.quantity></Point><Point><position>12784</position><in_Quantity.quantity>0.000000</in_Quantity.quantity><out_Quantity.quantity>300.570409</out_Quantity.quantity></Point><Point><position>12785</position><in_Quantity.quantity>0.000000</in_Quantity.quantity><out_Quantity.quantity>211.731885</out_Quantity.quantity></Point><Point><position>12786</position><in_Quantity.quantity>0.000000</in_Quantity.quantity><out_Quantity.quantity>139.662533</out_Quantity.quantity></Point><Point><position>12787</position><in_Quantity.quantity>0.000000</in_Quantity.quantity><out_Quantity.quantity>528.121240</out_Quantity.quantity></Point><Point><position>12788</position><in_Quantity.quantity>0.000000</in_Quantity.quantity><out_Quantity.quantity>631.495382</out_Quantity.quantity></Point><Point><position>12789</position><in_Quantity.quantity>0.000000</in_Quantity.quantity><out_Quantity.quantity>856.083797</out_Quantity.quantity></Point><Point><position>12790</position><in_Quantity.quantity>0.000000</in_Quantity.quantity><out_Quantity.quantity>124.954650</out_Quantity.quantity></Point><Point><position>12791</position><in_Quantity.quantity>0.000000</in_Quantity.quantity><out_Quantity.quantity>526.787212</out_Quantity.quantity></Point><Point><position>12792</position><in_Quantity.quantity>0.000000</in_Quantity.quantity><out_Quantity.quantity>788.871179</out_Quantity.quantity></Point><Point><position>12793</position><in_Quantity.quantity>0.000000</in_Quantity.quantity><out_Quantity.quantity>726.457569</out_Quantity.quantity></Point><Point><position>12794</position><in_Quantity.quantity>0.000000</in_Quantity.quantity><out_Quantity.quantity>387.895961</out_Quantity.quantity></Point><Point><position>12795</position><in_Quantity.quantity>0.000000</in_Quantity.quantity><out_Quantity.quantity>924.117524</out_Quantity.quantity></Point><Point><position>12796</position><in_Quantity.quantity>0.000000</in_Quantity.quantity><out_Quantity.quantity>354.837912</out_Quantity.quantity></Point><Point><position>12797</position><in_Quantity.quantity>0.000000</in_Quantity.quantity><out_Quantity.quantity>247.598282</out_Quantity.quantity></Point><Point><position>12798</position><in_Quantity.quantity>0.000000</in_Quantity.quantity><out_Quantity.quantity>547.831157</out_Quantity.quantity></Point><Point><position>12799</position><in_Quantity.quantity>0.000000</in_Quantity.quantity><out_Quantity.quantity>845.734271</out_Quantity.quantity></Point><Point><position>12800</position><in_Quantity.quantity>0.000000</in_Quantity.quantity><out_Quantity.quantity>912.071320</out_Quantity.quantity></Point><Point><position>12801</position><in_Quantity.quantity>0.000000</in_Quantity.quantity><out_Quantity.quantity>822.694633</out_Quantity.quantity></Point><Point><position>12802</position><in_Quantity.quantity>0.000000</in_Quantity.quantity><out_Quantity.quantity>372.395818</out_Quantity.quantity></Point><Point><position>12803</position><in_Quantity.quantity>0.000000</in_Quantity.quantity><out_Quantity.quantity>529.077007</out_Quantity.quantity></Point><Point><position>12804</position><in_Quantity.quantity>0.000000</in_Quantity.quantity><out_Quantity.quantity>261.512309</out_Quantity.quantity></Point><Point><position>12805</position><in_Quantity.quantity>0.000000</in_Quantity.quantity><out_Quantity.quantity>313.329617</out_Quantity.quantity></Point><Point><position>12806</position><in_Quantity.quantity>0.000000</in_Quantity.quantity><out_Quantity.quantity>530.452622</out_Quantity.quantity></Point><Point><position>12807</position><in_Quantity.quantity>0.000000</in_Quantity.quantity><out_Quantity.quantity>485.896938</out_Quantity.quantity></Point><Point><position>12808</position><in_Quantity.quantity>0.000000</in_Quantity.quantity><out_Quantity.quantity>220.067741</out_Quantity.quantity></Point><Point><position>12809</position><in_Quantity.quantity>0.000000</in_Quantity.quantity><out_Quantity.quantity>167.883615</out_Quantity.quantity></Point><Point><position>12810</position><in_Quantity.quantity>0.000000</in_Quantity.quantity><out_Quantity.quantity>521.741316</out_Quantity.quantity></Point><Point><position>12811</position><in_Quantity.quantity>0.000000</in_Quantity.quantity><out_Quantity.quantity>577.087784</out_Quantity.quantity></Point><Point><position>12812</position><in_Quantity.quantity>0.000000</in_Quantity.quantity><out_Quantity.quantity>539.448179</out_Quantity.quantity></Point><Point><position>12813</position><in_Quantity.quantity>0.000000</in_Quantity.quantity><out_Quantity.quantity>937.688813</out_Quantity.quantity></Point><Point><position>12814</position><in_Quantity.quantity>0.000000</in_Quantity.quantity><out_Quantity.quantity>541.428598</out_Quantity.quantity></Point><Point><position>12815</position><in_Quantity.quantity>0.000000</in_Quantity.quantity><out_Quantity.quantity>785.707970</out_Quantity.quantity></Point><Point><position>12816</position><in_Quantity.quantity>0.000000</in_Quantity.quantity><out_Quantity.quantity>950.546698</out_Quantity.quantity></Point><Point><position>12817</position><in_Quantity.quantity>0.000000</in_Quantity.quantity><out_Quantity.quantity>485.259358</out_Quantity.quantity></Point><Point><position>12818</position><in_Quantity.quantity>0.000000</in_Quantity.quantity><out_Quantity.quantity>536.159857</out_Quantity.quantity></Point><Point><position>12819</position><in_Quantity.quantity>0.000000</in_Quantity.quantity><out_Quantity.quantity>197.994129</out_Quantity.quantity></Point><Point><position>12820</position><in_Quantity.quantity>0.000000</in_Quantity.quantity><out_Quantity.quantity>920.078406</out_Quantity.quantity></Point><Point><position>12821</position><in_Quantity.quantity>0.000000</in_Quantity.quantity><out_Quantity.quantity>366.436129</out_Quantity.quantity></Point><Point><position>12822</position><in_Quantity.quantity>0.000000</in_Quantity.quantity><out_Quantity.quantity>97.979360</out_Quantity.quantity></Point><Point><position>12823</position><in_Quantity.quantity>0.000000</in_Quantity.quantity><out_Quantity.quantity>431.750856</out_Quantity.quantity></Point><Point><position>12824</position><in_Quantity.quantity>0.000000</in_Quantity.quantity><out_Quantity.quantity>326.163618</out_Quantity.quantity></Point><Point><position>12825</position><in_Quantity.quantity>0.000000</in_Quantity.quantity><out_Quantity.quantity>878.040544</out_Quantity.quantity></Point><Point><position>12826</position><in_Quantity.quantity>0.000000</in_Quantity.quantity><out_Quantity.quantity>940.060552</out_Quantity.quantity></Point><Point><position>12827</position><in_Quantity.quantity>0.000000</in_Quantity.quantity><out_Quantity.quantity>589.579737</out_Quantity.quantity></Point><Point><position>12828</position><in_Quantity.quantity>0.000000</in_Quantity.quantity><out_Quantity.quantity>996.187964</out_Quantity.quantity></Point><Point><position>12829</position><in_Quantity.quantity>0.000000</in_Quantity.quantity><out_Quantity.quantity>248.128209</out_Quantity.quantity></Point><Point><position>12830</position><in_Quantity.quantity>0.000000</in_Quantity.quantity><out_Quantity.quantity>619.938757</out_Quantity.quantity></Point><Point><position>12831</position><in_Quantity.quantity>0.000000</in_Quantity.quantity><out_Quantity.quantity>25.086791</out_Quantity.quantity></Point><Point><position>12832</position><in_Quantity.quantity>0.000000</in_Quantity.quantity><out_Quantity.quantity>768.550154</out_Quantity.quantity></Point><Point><position>12833</position><in_Quantity.quantity>0.000000</in_Quantity.quantity><out_Quantity.quantity>254.483337</out_Quantity.quantity></Point><Point><position>12834</position><in_Quantity.quantity>0.000000</in_Quantity.quantity><out_Quantity.quantity>784.481686</out_Quantity.quantity></Point><Point><position>12835</position><in_Quantity.quantity>0.000000</in_Quantity.quantity><out_Quantity.quantity>766.383355</out_Quantity.quantity></Point><Point><position>12836</position><in_Quantity.quantity>0.000000</in_Quantity.quantity><out_Quantity.quantity>442.072452</out_Quantity.quantity></Point><Point><position>12837</position><in_Quantity.quantity>0.000000</in_Quantity.quantity><out_Quantity.quantity>488.458426</out_Quantity.quantity></Point><Point><position>12838</position><in_Quantity.quantity>0.000000</in_Quantity.quantity><out_Quantity.quantity>74.094623</out_Quantity.quantity></Point><Point><position>12839</position><in_Quantity.quantity>0.000000</in_Quantity.quantity><out_Quantity.quantity>851.146197</out_Quantity.quantity></Point><Point><position>12840</position><in_Quantity.quantity>0.000000</in_Quantity.quantity><out_Quantity.quantity>679.140761</out_Quantity.quantity></Point><Point><position>12841</position><in_Quantity.quantity>0.000000</in_Quantity.quantity><out_Quantity.quantity>714.900256</out_Quantity.quantity></Point><Point><position>12842</position><in_Quantity.quantity>0.000000</in_Quantity.quantity><out_Quantity.quantity>721.232532</out_Quantity.quantity></Point><Point><position>12843</position><in_Quantity.quantity>0.000000</in_Quantity.quantity><out_Quantity.quantity>509.541427</out_Quantity.quantity></Point><Point><position>12844</position><in_Quantity.quantity>0.000000</in_Quantity.quantity><out_Quantity.quantity>448.404921</out_Quantity.quantity></Point><Point><position>12845</position><in_Quantity.quantity>0.000000</in_Quantity.quantity><out_Quantity.quantity>198.904006</out_Quantity.quantity></Point><Point><position>12846</position><in_Quantity.quantity>0.000000</in_Quantity.quantity><out_Quantity.quantity>212.056520</out_Quantity.quantity></Point><Point><position>12847</position><in_Quantity.quantity>0.000000</in_Quantity.quantity><out_Quantity.quantity>157.940129</out_Quantity.quantity></Point><Point><position>12848</position><in_Quantity.quantity>0.000000</in_Quantity.quantity><out_Quantity.quantity>953.632890</out_Quantity.quantity></Point><Point><position>12849</position><in_Quantity.quantity>0.000000</in_Quantity.quantity><out_Quantity.quantity>603.053728</out_Quantity.quantity></Point><Point><position>12850</position><in_Quantity.quantity>0.000000</in_Quantity.quantity><out_Quantity.quantity>278.039425</out_Quantity.quantity></Point><Point><position>12851</position><in_Quantity.quantity>0.000000</in_Quantity.quantity><out_Quantity.quantity>826.330911</out_Quantity.quantity></Point><Point><position>12852</position><in_Quantity.quantity>0.000000</in_Quantity.quantity><out_Quantity.quantity>286.131624</out_Quantity.quantity></Point><Point><position>12853</position><in_Quantity.quantity>0.000000</in_Quantity.quantity><out_Quantity.quantity>831.400015</out_Quantity.quantity></Point><Point><position>12854</position><in_Quantity.quantity>0.000000</in_Quantity.quantity><out_Quantity.quantity>472.963444</out_Quantity.quantity></Point><Point><position>12855</position><in_Quantity.quantity>0.000000</in_Quantity.quantity><out_Quantity.quantity>164.714259</out_Quantity.quantity></Point><Point><position>12856</position><in_Quantity.quantity>0.000000</in_Quantity.quantity><out_Quantity.quantity>231.814228</out_Quantity.quantity></Point><Point><position>12857</position><in_Quantity.quantity>0.000000</in_Quantity.quantity><out_Quantity.quantity>740.559179</out_Quantity.quantity></Point><Point><position>12858</position><in_Quantity.quantity>0.000000</in_Quantity.quantity><out_Quantity.quantity>979.800460</out_Quantity.quantity></Point><Point><position>12859</position><in_Quantity.quantity>0.000000</in_Quantity.quantity><out_Quantity.quantity>918.445284</out_Quantity.quantity></Point><Point><position>12860</position><in_Quantity.quantity>0.000000</in_Quantity.quantity><out_Quantity.quantity>360.419285</out_Quantity.quantity></Point><Point><position>12861</position><in_Quantity.quantity>0.000000</in_Quantity.quantity><out_Quantity.quantity>587.450362</out_Quantity.quantity></Point><Point><position>12862</position><in_Quantity.quantity>0.000000</in_Quantity.quantity><out_Quantity.quantity>904.509248</out_Quantity.quantity></Point><Point><position>12863</position><in_Quantity.quantity>0.000000</in_Quantity.quantity><out_Quantity.quantity>52.674272</out_Quantity.quantity></Point><Point><position>12864</position><in_Quantity.quantity>0.000000</in_Quantity.quantity><out_Quantity.quantity>253.554819</out_Quantity.quantity></Point><Point><position>12865</position><in_Quantity.quantity>0.000000</in_Quantity.quantity><out_Quantity.quantity>208.975988</out_Quantity.quantity></Point><Point><position>12866</position><in_Quantity.quantity>0.000000</in_Quantity.quantity><out_Quantity.quantity>944.213247</out_Quantity.quantity></Point><Point><position>12867</position><in_Quantity.quantity>0.000000</in_Quantity.quantity><out_Quantity.quantity>709.224862</out_Quantity.quantity></Point><Point><position>12868</position><in_Quantity.quantity>0.000000</in_Quantity.quantity><out_Quantity.quantity>204.202523</out_Quantity.quantity></Point><Point><position>12869</position><in_Quantity.quantity>0.000000</in_Quantity.quantity><out_Quantity.quantity>781.291371</out_Quantity.quantity></Point><Point><position>12870</position><in_Quantity.quantity>0.000000</in_Quantity.quantity><out_Quantity.quantity>378.729371</out_Quantity.quantity></Point><Point><position>12871</position><in_Quantity.quantity>0.000000</in_Quantity.quantity><out_Quantity.quantity>152.314190</out_Quantity.quantity></Point><Point><position>12872</position><in_Quantity.quantity>0.000000</in_Quantity.quantity><out_Quantity.quantity>350.883375</out_Quantity.quantity></Point><Point><position>12873</position><in_Quantity.quantity>0.000000</in_Quantity.quantity><out_Quantity.quantity>115.351367</out_Quantity.quantity></Point><Point><position>12874</position><in_Quantity.quantity>0.000000</in_Quantity.quantity><out_Quantity.quantity>408.864824</out_Quantity.quantity></Point><Point><position>12875</position><in_Quantity.quantity>0.000000</in_Quantity.quantity><out_Quantity.quantity>752.457179</out_Quantity.quantity></Point><Point><position>12876</position><in_Quantity.quantity>0.000000</in_Quantity.quantity><out_Quantity.quantity>84.670220</out_Quantity.quantity></Point><Point><position>12877</position><in_Quantity.quantity>0.000000</in_Quantity.quantity><out_Quantity.quantity>336.254446</out_Quantity.quantity></Point><Point><position>12878</position><in_Quantity.quantity>0.000000</in_Quantity.quantity><out_Quantity.quantity>321.637785</out_Quantity.quantity></Point><Point><position>12879</position><in_Quantity.quantity>0.000000</in_Quantity.quantity><out_Quantity.quantity>303.576378</out_Quantity.quantity></Point><Point><position>12880</position><in_Quantity.quantity>0.000000</in_Quantity.quantity><out_Quantity.quantity>160.665091</out_Quantity.quantity></Point><Point><position>12881</position><in_Quantity.quantity>0.000000</in_Quantity.quantity><out_Quantity.quantity>189.024229</out_Quantity.quantity></Point><Point><position>12882</position><in_Quantity.quantity>0.000000</in_Quantity.quantity><out_Quantity.quantity>618.267287</out_Quantity.quantity></Point><Point><position>12883</position><in_Quantity.quantity>0.000000</in_Quantity.quantity><out_Quantity.quantity>938.779719</out_Quantity.quantity></Point><Point><position>12884</position><in_Quantity.quantity>0.000000</in_Quantity.quantity><out_Quantity.quantity>669.295009</out_Quantity.quantity></Point><Point><position>12885</position><in_Quantity.quantity>0.000000</in_Quantity.quantity><out_Quantity.quantity>712.649079</out_Quantity.quantity></Point><Point><position>12886</position><in_Quantity.quantity>0.000000</in_Quantity.quantity><out_Quantity.quantity>705.230415</out_Quantity.quantity></Point><Point><position>12887</position><in_Quantity.quantity>0.000000</in_Quantity.quantity><out_Quantity.quantity>864.793654</out_Quantity.quantity></Point><Point><position>12888</position><in_Quantity.quantity>0.000000</in_Quantity.quantity><out_Quantity.quantity>433.432823</out_Quantity.quantity></Point><Point><position>12889</position><in_Quantity.quantity>0.000000</in_Quantity.quantity><out_Quantity.quantity>606.012835</out_Quantity.quantity></Point><Point><position>12890</position><in_Quantity.quantity>0.000000</in_Quantity.quantity><out_Quantity.quantity>475.977531</out_Quantity.quantity></Point><Point><position>12891</position><in_Quantity.quantity>0.000000</in_Quantity.quantity><out_Quantity.quantity>310.755844</out_Quantity.quantity></Point><Point><position>12892</position><in_Quantity.quantity>0.000000</in_Quantity.quantity><out_Quantity.quantity>487.034529</out_Quantity.quantity></Point><Point><position>12893</position><in_Quantity.quantity>0.000000</in_Quantity.quantity><out_Quantity.quantity>828.046197</out_Quantity.quantity></Point><Point><position>12894</position><in_Quantity.quantity>0.000000</in_Quantity.quantity><out_Quantity.quantity>242.678163</out_Quantity.quantity></Point><Point><position>12895</position><in_Quantity.quantity>0.000000</in_Quantity.quantity><out_Quantity.quantity>518.285782</out_Quantity.quantity></Point><Point><position>12896</position><in_Quantity.quantity>0.000000</in_Quantity.quantity><out_Quantity.quantity>680.497397</out_Quantity.quantity></Point><Point><position>12897</position><in_Quantity.quantity>0.000000</in_Quantity.quantity><out_Quantity.quantity>453.722195</out_Quantity.quantity></Point><Point><position>12898</position><in_Quantity.quantity>0.000000</in_Quantity.quantity><out_Quantity.quantity>801.539523</out_Quantity.quantity></Point><Point><position>12899</position><in_Quantity.quantity>0.000000</in_Quantity.quantity><out_Quantity.quantity>119.150199</out_Quantity.quantity></Point><Point><position>12900</position><in_Quantity.quantity>0.000000</in_Quantity.quantity><out_Quantity.quantity>782.800075</out_Quantity.quantity></Point><Point><position>12901</position><in_Quantity.quantity>0.000000</in_Quantity.quantity><out_Quantity.quantity>77.052341</out_Quantity.quantity></Point><Point><position>12902</position><in_Quantity.quantity>0.000000</in_Quantity.quantity><out_Quantity.quantity>117.608785</out_Quantity.quantity></Point><Point><position>12903</position><in_Quantity.quantity>0.000000</in_Quantity.quantity><out_Quantity.quantity>549.706377</out_Quantity.quantity></Point><Point><position>12904</position><in_Quantity.quantity>0.000000</in_Quantity.quantity><out_Quantity.quantity>234.605444</out_Quantity.quantity></Point><Point><position>12905</position><in_Quantity.quantity>0.000000</in_Quantity.quantity><out_Quantity.quantity>301.407877</out_Quantity.quantity></Point><Point><position>12906</position><in_Quantity.quantity>0.000000</in_Quantity.quantity><out_Quantity.quantity>350.986140</out_Quantity.quantity></Point><Point><position>12907</position><in_Quantity.quantity>0.000000</in_Quantity.quantity><out_Quantity.quantity>90.942493</out_Quantity.quantity></Point><Point><position>12908</position><in_Quantity.quantity>0.000000</in_Quantity.quantity><out_Quantity.quantity>406.861953</out_Quantity.quantity></Point><Point><position>12909</position><in_Quantity.quantity>0.000000</in_Quantity.quantity><out_Quantity.quantity>49.724013</out_Quantity.quantity></Point><Point><position>12910</position><in_Quantity.quantity>0.000000</in_Quantity.quantity><out_Quantity.quantity>705.227981</out_Quantity.quantity></Point><Point><position>12911</position><in_Quantity.quantity>0.000000</in_Quantity.quantity><out_Quantity.quantity>880.062715</out_Quantity.quantity></Point><Point><position>12912</position><in_Quantity.quantity>0.000000</in_Quantity.quantity><out_Quantity.quantity>247.117747</out_Quantity.quantity></Point><Point><position>12913</position><in_Quantity.quantity>0.000000</in_Quantity.quantity><out_Quantity.quantity>74.917869</out_Quantity.quantity></Point><Point><position>12914</position><in_Quantity.quantity>0.000000</in_Quantity.quantity><out_Quantity.quantity>580.792046</out_Quantity.quantity></Point><Point><position>12915</position><in_Quantity.quantity>0.000000</in_Quantity.quantity><out_Quantity.quantity>214.476031</out_Quantity.quantity></Point><Point><position>12916</position><in_Quantity.quantity>0.000000</in_Quantity.quantity><out_Quantity.quantity>109.311942</out_Quantity.quantity></Point><Point><position>12917</position><in_Quantity.quantity>0.000000</in_Quantity.quantity><out_Quantity.quantity>434.080395</out_Quantity.quantity></Point><Point><position>12918</position><in_Quantity.quantity>0.000000</in_Quantity.quantity><out_Quantity.quantity>479.233161</out_Quantity.quantity></Point><Point><position>12919</position><in_Quantity.quantity>0.000000</in_Quantity.quantity><out_Quantity.quantity>12.045017</out_Quantity.quantity></Point><Point><position>12920</position><in_Quantity.quantity>0.000000</in_Quantity.quantity><out_Quantity.quantity>17.482389</out_Quantity.quantity></Point><Point><position>12921</position><in_Quantity.quantity>0.000000</in_Quantity.quantity><out_Quantity.quantity>388.772885</out_Quantity.quantity></Point><Point><position>12922</position><in_Quantity.quantity>0.000000</in_Quantity.quantity><out_Quantity.quantity>125.401503</out_Quantity.quantity></Point><Point><position>12923</position><in_Quantity.quantity>0.000000</in_Quantity.quantity><out_Quantity.quantity>481.220531</out_Quantity.quantity></Point><Point><position>12924</position><in_Quantity.quantity>0.000000</in_Quantity.quantity><out_Quantity.quantity>231.377283</out_Quantity.quantity></Point><Point><position>12925</position><in_Quantity.quantity>0.000000</in_Quantity.quantity><out_Quantity.quantity>946.932377</out_Quantity.quantity></Point><Point><position>12926</position><in_Quantity.quantity>0.000000</in_Quantity.quantity><out_Quantity.quantity>451.150858</out_Quantity.quantity></Point><Point><position>12927</position><in_Quantity.quantity>0.000000</in_Quantity.quantity><out_Quantity.quantity>333.139522</out_Quantity.quantity></Point><Point><position>12928</position><in_Quantity.quantity>0.000000</in_Quantity.quantity><out_Quantity.quantity>66.835450</out_Quantity.quantity></Point><Point><position>12929</position><in_Quantity.quantity>0.000000</in_Quantity.quantity><out_Quantity.quantity>485.663257</out_Quantity.quantity></Point><Point><position>12930</position><in_Quantity.quantity>0.000000</in_Quantity.quantity><out_Quantity.quantity>897.762357</out_Quantity.quantity></Point><Point><position>12931</position><in_Quantity.quantity>0.000000</in_Quantity.quantity><out_Quantity.quantity>902.088055</out_Quantity.quantity></Point><Point><position>12932</position><in_Quantity.quantity>0.000000</in_Quantity.quantity><out_Quantity.quantity>831.651604</out_Quantity.quantity></Point><Point><position>12933</position><in_Quantity.quantity>0.000000</in_Quantity.quantity><out_Quantity.quantity>176.137854</out_Quantity.quantity></Point><Point><position>12934</position><in_Quantity.quantity>0.000000</in_Quantity.quantity><out_Quantity.quantity>580.368171</out_Quantity.quantity></Point><Point><position>12935</position><in_Quantity.quantity>0.000000</in_Quantity.quantity><out_Quantity.quantity>410.679521</out_Quantity.quantity></Point><Point><position>12936</position><in_Quantity.quantity>0.000000</in_Quantity.quantity><out_Quantity.quantity>825.440913</out_Quantity.quantity></Point><Point><position>12937</position><in_Quantity.quantity>0.000000</in_Quantity.quantity><out_Quantity.quantity>812.242129</out_Quantity.quantity></Point><Point><position>12938</position><in_Quantity.quantity>0.000000</in_Quantity.quantity><out_Quantity.quantity>63.599044</out_Quantity.quantity></Point><Point><position>12939</position><in_Quantity.quantity>0.000000</in_Quantity.quantity><out_Quantity.quantity>291.097439</out_Quantity.quantity></Point><Point><position>12940</position><in_Quantity.quantity>0.000000</in_Quantity.quantity><out_Quantity.quantity>231.886295</out_Quantity.quantity></Point><Point><position>12941</position><in_Quantity.quantity>0.000000</in_Quantity.quantity><out_Quantity.quantity>618.654226</out_Quantity.quantity></Point><Point><position>12942</position><in_Quantity.quantity>0.000000</in_Quantity.quantity><out_Quantity.quantity>794.899361</out_Quantity.quantity></Point><Point><position>12943</position><in_Quantity.quantity>0.000000</in_Quantity.quantity><out_Quantity.quantity>629.850448</out_Quantity.quantity></Point><Point><position>12944</position><in_Quantity.quantity>0.000000</in_Quantity.quantity><out_Quantity.quantity>178.496456</out_Quantity.quantity></Point><Point><position>12945</position><in_Quantity.quantity>0.000000</in_Quantity.quantity><out_Quantity.quantity>613.568941</out_Quantity.quantity></Point><Point><position>12946</position><in_Quantity.quantity>0.000000</in_Quantity.quantity><out_Quantity.quantity>441.711139</out_Quantity.quantity></Point><Point><position>12947</position><in_Quantity.quantity>0.000000</in_Quantity.quantity><out_Quantity.quantity>675.607611</out_Quantity.quantity></Point><Point><position>12948</position><in_Quantity.quantity>0.000000</in_Quantity.quantity><out_Quantity.quantity>419.042765</out_Quantity.quantity></Point><Point><position>12949</position><in_Quantity.quantity>0.000000</in_Quantity.quantity><out_Quantity.quantity>196.730850</out_Quantity.quantity></Point><Point><position>12950</position><in_Quantity.quantity>0.000000</in_Quantity.quantity><out_Quantity.quantity>945.470384</out_Quantity.quantity></Point><Point><position>12951</position><in_Quantity.quantity>0.000000</in_Quantity.quantity><out_Quantity.quantity>541.323099</out_Quantity.quantity></Point><Point><position>12952</position><in_Quantity.quantity>0.000000</in_Quantity.quantity><out_Quantity.quantity>105.263307</out_Quantity.quantity></Point><Point><position>12953</position><in_Quantity.quantity>0.000000</in_Quantity.quantity><out_Quantity.quantity>392.294607</out_Quantity.quantity></Point><Point><position>12954</position><in_Quantity.quantity>0.000000</in_Quantity.quantity><out_Quantity.quantity>992.720550</out_Quantity.quantity></Point><Point><position>12955</position><in_Quantity.quantity>0.000000</in_Quantity.quantity><out_Quantity.quantity>321.504563</out_Quantity.quantity></Point><Point><position>12956</position><in_Quantity.quantity>0.000000</in_Quantity.quantity><out_Quantity.quantity>540.533472</out_Quantity.quantity></Point><Point><position>12957</position><in_Quantity.quantity>0.000000</in_Quantity.quantity><out_Quantity.quantity>235.561168</out_Quantity.quantity></Point><Point><position>12958</position><in_Quantity.quantity>0.000000</in_Quantity.quantity><out_Quantity.quantity>870.168207</out_Quantity.quantity></Point><Point><position>12959</position><in_Quantity.quantity>0.000000</in_Quantity.quantity><out_Quantity.quantity>933.150662</out_Quantity.quantity></Point><Point><position>12960</position><in_Quantity.quantity>0.000000</in_Quantity.quantity><out_Quantity.quantity>828.887691</out_Quantity.quantity></Point><Point><position>12961</position><in_Quantity.quantity>0.000000</in_Quantity.quantity><out_Quantity.quantity>574.815776</out_Quantity.quantity></Point><Point><position>12962</position><in_Quantity.quantity>0.000000</in_Quantity.quantity><out_Quantity.quantity>707.656145</out_Quantity.quantity></Point><Point><position>12963</position><in_Quantity.quantity>0.000000</in_Quantity.quantity><out_Quantity.quantity>181.987054</out_Quantity.quantity></Point><Point><position>12964</position><in_Quantity.quantity>0.000000</in_Quantity.quantity><out_Quantity.quantity>439.767580</out_Quantity.quantity></Point><Point><position>12965</position><in_Quantity.quantity>0.000000</in_Quantity.quantity><out_Quantity.quantity>984.037510</out_Quantity.quantity></Point><Point><position>12966</position><in_Quantity.quantity>0.000000</in_Quantity.quantity><out_Quantity.quantity>179.064380</out_Quantity.quantity></Point><Point><position>12967</position><in_Quantity.quantity>0.000000</in_Quantity.quantity><out_Quantity.quantity>828.846212</out_Quantity.quantity></Point><Point><position>12968</position><in_Quantity.quantity>0.000000</in_Quantity.quantity><out_Quantity.quantity>620.650812</out_Quantity.quantity></Point><Point><position>12969</position><in_Quantity.quantity>0.000000</in_Quantity.quantity><out_Quantity.quantity>855.021080</out_Quantity.quantity></Point><Point><position>12970</position><in_Quantity.quantity>0.000000</in_Quantity.quantity><out_Quantity.quantity>249.993765</out_Quantity.quantity></Point><Point><position>12971</position><in_Quantity.quantity>0.000000</in_Quantity.quantity><out_Quantity.quantity>821.337281</out_Quantity.quantity></Point><Point><position>12972</position><in_Quantity.quantity>0.000000</in_Quantity.quantity><out_Quantity.quantity>849.504787</out_Quantity.quantity></Point><Point><position>12973</position><in_Quantity.quantity>0.000000</in_Quantity.quantity><out_Quantity.quantity>427.901084</out_Quantity.quantity></Point><Point><position>12974</position><in_Quantity.quantity>0.000000</in_Quantity.quantity><out_Quantity.quantity>169.128691</out_Quantity.quantity></Point><Point><position>12975</position><in_Quantity.quantity>0.000000</in_Quantity.quantity><out_Quantity.quantity>658.905540</out_Quantity.quantity></Point><Point><position>12976</position><in_Quantity.quantity>0.000000</in_Quantity.quantity><out_Quantity.quantity>471.480895</out_Quantity.quantity></Point><Point><position>12977</position><in_Quantity.quantity>0.000000</in_Quantity.quantity><out_Quantity.quantity>610.560681</out_Quantity.quantity></Point><Point><position>12978</position><in_Quantity.quantity>0.000000</in_Quantity.quantity><out_Quantity.quantity>108.340515</out_Quantity.quantity></Point><Point><position>12979</position><in_Quantity.quantity>0.000000</in_Quantity.quantity><out_Quantity.quantity>542.399904</out_Quantity.quantity></Point><Point><position>12980</position><in_Quantity.quantity>0.000000</in_Quantity.quantity><out_Quantity.quantity>189.686721</out_Quantity.quantity></Point><Point><position>12981</position><in_Quantity.quantity>0.000000</in_Quantity.quantity><out_Quantity.quantity>641.204643</out_Quantity.quantity></Point><Point><position>12982</position><in_Quantity.quantity>0.000000</in_Quantity.quantity><out_Quantity.quantity>567.285094</out_Quantity.quantity></Point><Point><position>12983</position><in_Quantity.quantity>0.000000</in_Quantity.quantity><out_Quantity.quantity>45.741102</out_Quantity.quantity></Point><Point><position>12984</position><in_Quantity.quantity>0.000000</in_Quantity.quantity><out_Quantity.quantity>290.418811</out_Quantity.quantity></Point><Point><position>12985</position><in_Quantity.quantity>0.000000</in_Quantity.quantity><out_Quantity.quantity>322.480789</out_Quantity.quantity></Point><Point><position>12986</position><in_Quantity.quantity>0.000000</in_Quantity.quantity><out_Quantity.quantity>152.303352</out_Quantity.quantity></Point><Point><position>12987</position><in_Quantity.quantity>0.000000</in_Quantity.quantity><out_Quantity.quantity>210.256575</out_Quantity.quantity></Point><Point><position>12988</position><in_Quantity.quantity>0.000000</in_Quantity.quantity><out_Quantity.quantity>331.773235</out_Quantity.quantity></Point><Point><position>12989</position><in_Quantity.quantity>0.000000</in_Quantity.quantity><out_Quantity.quantity>899.733660</out_Quantity.quantity></Point><Point><position>12990</position><in_Quantity.quantity>0.000000</in_Quantity.quantity><out_Quantity.quantity>890.463684</out_Quantity.quantity></Point><Point><position>12991</position><in_Quantity.quantity>0.000000</in_Quantity.quantity><out_Quantity.quantity>79.171756</out_Quantity.quantity></Point><Point><position>12992</position><in_Quantity.quantity>0.000000</in_Quantity.quantity><out_Quantity.quantity>198.308677</out_Quantity.quantity></Point><Point><position>12993</position><in_Quantity.quantity>0.000000</in_Quantity.quantity><out_Quantity.quantity>709.963958</out_Quantity.quantity></Point><Point><position>12994</position><in_Quantity.quantity>0.000000</in_Quantity.quantity><out_Quantity.quantity>420.822436</out_Quantity.quantity></Point><Point><position>12995</position><in_Quantity.quantity>0.000000</in_Quantity.quantity><out_Quantity.quantity>876.210941</out_Quantity.quantity></Point><Point><position>12996</position><in_Quantity.quantity>0.000000</in_Quantity.quantity><out_Quantity.quantity>523.602558</out_Quantity.quantity></Point><Point><position>12997</position><in_Quantity.quantity>0.000000</in_Quantity.quantity><out_Quantity.quantity>64.695795</out_Quantity.quantity></Point><Point><position>12998</position><in_Quantity.quantity>0.000000</in_Quantity.quantity><out_Quantity.quantity>554.056698</out_Quantity.quantity></Point><Point><position>12999</position><in_Quantity.quantity>0.000000</in_Quantity.quantity><out_Quantity.quantity>168.890696</out_Quantity.quantity></Point><Point><position>13000</position><in_Quantity.quantity>0.000000</in_Quantity.quantity><out_Quantity.quantity>910.291947</out_Quantity.quantity></Point><Point><position>13001</position><in_Quantity.quantity>0.000000</in_Quantity.quantity><out_Quantity.quantity>159.159767</out_Quantity.quantity></Point><Point><position>13002</position><in_Quantity.quantity>0.000000</in_Quantity.quantity><out_Quantity.quantity>102.786822</out_Quantity.quantity></Point><Point><position>13003</position><in_Quantity.quantity>0.000000</in_Quantity.quantity><out_Quantity.quantity>794.671735</out_Quantity.quantity></Point><Point><position>13004</position><in_Quantity.quantity>0.000000</in_Quantity.quantity><out_Quantity.quantity>227.824149</out_Quantity.quantity></Point><Point><position>13005</position><in_Quantity.quantity>0.000000</in_Quantity.quantity><out_Quantity.quantity>312.297364</out_Quantity.quantity></Point><Point><position>13006</position><in_Quantity.quantity>0.000000</in_Quantity.quantity><out_Quantity.quantity>560.447367</out_Quantity.quantity></Point><Point><position>13007</position><in_Quantity.quantity>0.000000</in_Quantity.quantity><out_Quantity.quantity>479.903951</out_Quantity.quantity></Point><Point><position>13008</position><in_Quantity.quantity>0.000000</in_Quantity.quantity><out_Quantity.quantity>609.578649</out_Quantity.quantity></Point><Point><position>13009</position><in_Quantity.quantity>0.000000</in_Quantity.quantity><out_Quantity.quantity>29.761070</out_Quantity.quantity></Point><Point><position>13010</position><in_Quantity.quantity>0.000000</in_Quantity.quantity><out_Quantity.quantity>332.574772</out_Quantity.quantity></Point><Point><position>13011</position><in_Quantity.quantity>0.000000</in_Quantity.quantity><out_Quantity.quantity>675.121790</out_Quantity.quantity></Point><Point><position>13012</position><in_Quantity.quantity>0.000000</in_Quantity.quantity><out_Quantity.quantity>21.483879</out_Quantity.quantity></Point><Point><position>13013</position><in_Quantity.quantity>0.000000</in_Quantity.quantity><out_Quantity.quantity>628.954171</out_Quantity.quantity></Point><Point><position>13014</position><in_Quantity.quantity>0.000000</in_Quantity.quantity><out_Quantity.quantity>227.507923</out_Quantity.quantity></Point><Point><position>13015</position><in_Quantity.quantity>0.000000</in_Quantity.quantity><out_Quantity.quantity>21.748800</out_Quantity.quantity></Point><Point><position>13016</position><in_Quantity.quantity>0.000000</in_Quantity.quantity><out_Quantity.quantity>687.649216</out_Quantity.quantity></Point><Point><position>13017</position><in_Quantity.quantity>0.000000</in_Quantity.quantity><out_Quantity.quantity>328.214142</out_Quantity.quantity></Point><Point><position>13018</position><in_Quantity.quantity>0.000000</in_Quantity.quantity><out_Quantity.quantity>565.987963</out_Quantity.quantity></Point><Point><position>13019</position><in_Quantity.quantity>0.000000</in_Quantity.quantity><out_Quantity.quantity>614.980624</out_Quantity.quantity></Point><Point><position>13020</position><in_Quantity.quantity>0.000000</in_Quantity.quantity><out_Quantity.quantity>348.686677</out_Quantity.quantity></Point><Point><position>13021</position><in_Quantity.quantity>0.000000</in_Quantity.quantity><out_Quantity.quantity>589.916253</out_Quantity.quantity></Point><Point><position>13022</position><in_Quantity.quantity>0.000000</in_Quantity.quantity><out_Quantity.quantity>219.887174</out_Quantity.quantity></Point><Point><position>13023</position><in_Quantity.quantity>0.000000</in_Quantity.quantity><out_Quantity.quantity>460.738174</out_Quantity.quantity></Point><Point><position>13024</position><in_Quantity.quantity>0.000000</in_Quantity.quantity><out_Quantity.quantity>93.476539</out_Quantity.quantity></Point><Point><position>13025</position><in_Quantity.quantity>0.000000</in_Quantity.quantity><out_Quantity.quantity>766.180262</out_Quantity.quantity></Point><Point><position>13026</position><in_Quantity.quantity>0.000000</in_Quantity.quantity><out_Quantity.quantity>363.285024</out_Quantity.quantity></Point><Point><position>13027</position><in_Quantity.quantity>0.000000</in_Quantity.quantity><out_Quantity.quantity>702.271682</out_Quantity.quantity></Point><Point><position>13028</position><in_Quantity.quantity>0.000000</in_Quantity.quantity><out_Quantity.quantity>457.514121</out_Quantity.quantity></Point><Point><position>13029</position><in_Quantity.quantity>0.000000</in_Quantity.quantity><out_Quantity.quantity>835.019099</out_Quantity.quantity></Point><Point><position>13030</position><in_Quantity.quantity>0.000000</in_Quantity.quantity><out_Quantity.quantity>27.989076</out_Quantity.quantity></Point><Point><position>13031</position><in_Quantity.quantity>0.000000</in_Quantity.quantity><out_Quantity.quantity>109.311869</out_Quantity.quantity></Point><Point><position>13032</position><in_Quantity.quantity>0.000000</in_Quantity.quantity><out_Quantity.quantity>449.523688</out_Quantity.quantity></Point><Point><position>13033</position><in_Quantity.quantity>0.000000</in_Quantity.quantity><out_Quantity.quantity>70.656341</out_Quantity.quantity></Point><Point><position>13034</position><in_Quantity.quantity>0.000000</in_Quantity.quantity><out_Quantity.quantity>368.027079</out_Quantity.quantity></Point><Point><position>13035</position><in_Quantity.quantity>0.000000</in_Quantity.quantity><out_Quantity.quantity>450.408647</out_Quantity.quantity></Point><Point><position>13036</position><in_Quantity.quantity>0.000000</in_Quantity.quantity><out_Quantity.quantity>124.416093</out_Quantity.quantity></Point><Point><position>13037</position><in_Quantity.quantity>0.000000</in_Quantity.quantity><out_Quantity.quantity>864.148176</out_Quantity.quantity></Point><Point><position>13038</position><in_Quantity.quantity>0.000000</in_Quantity.quantity><out_Quantity.quantity>133.222070</out_Quantity.quantity></Point><Point><position>13039</position><in_Quantity.quantity>0.000000</in_Quantity.quantity><out_Quantity.quantity>910.916992</out_Quantity.quantity></Point><Point><position>13040</position><in_Quantity.quantity>0.000000</in_Quantity.quantity><out_Quantity.quantity>997.760552</out_Quantity.quantity></Point><Point><position>13041</position><in_Quantity.quantity>0.000000</in_Quantity.quantity><out_Quantity.quantity>127.826792</out_Quantity.quantity></Point><Point><position>13042</position><in_Quantity.quantity>0.000000</in_Quantity.quantity><out_Quantity.quantity>878.184104</out_Quantity.quantity></Point><Point><position>13043</position><in_Quantity.quantity>0.000000</in_Quantity.quantity><out_Quantity.quantity>654.965795</out_Quantity.quantity></Point><Point><position>13044</position><in_Quantity.quantity>0.000000</in_Quantity.quantity><out_Quantity.quantity>931.700925</out_Quantity.quantity></Point><Point><position>13045</position><in_Quantity.quantity>0.000000</in_Quantity.quantity><out_Quantity.quantity>97.933658</out_Quantity.quantity></Point><Point><position>13046</position><in_Quantity.quantity>0.000000</in_Quantity.quantity><out_Quantity.quantity>804.696580</out_Quantity.quantity></Point><Point><position>13047</position><in_Quantity.quantity>0.000000</in_Quantity.quantity><out_Quantity.quantity>758.379581</out_Quantity.quantity></Point><Point><position>13048</position><in_Quantity.quantity>0.000000</in_Quantity.quantity><out_Quantity.quantity>337.737981</out_Quantity.quantity></Point><Point><position>13049</position><in_Quantity.quantity>0.000000</in_Quantity.quantity><out_Quantity.quantity>696.648714</out_Quantity.quantity></Point><Point><position>13050</position><in_Quantity.quantity>0.000000</in_Quantity.quantity><out_Quantity.quantity>862.617681</out_Quantity.quantity></Point><Point><position>13051</position><in_Quantity.quantity>0.000000</in_Quantity.quantity><out_Quantity.quantity>941.694278</out_Quantity.quantity></Point><Point><position>13052</position><in_Quantity.quantity>0.000000</in_Quantity.quantity><out_Quantity.quantity>199.115389</out_Quantity.quantity></Point><Point><position>13053</position><in_Quantity.quantity>0.000000</in_Quantity.quantity><out_Quantity.quantity>809.047096</out_Quantity.quantity></Point><Point><position>13054</position><in_Quantity.quantity>0.000000</in_Quantity.quantity><out_Quantity.quantity>969.334711</out_Quantity.quantity></Point><Point><position>13055</position><in_Quantity.quantity>0.000000</in_Quantity.quantity><out_Quantity.quantity>247.599339</out_Quantity.quantity></Point><Point><position>13056</position><in_Quantity.quantity>0.000000</in_Quantity.quantity><out_Quantity.quantity>803.258622</out_Quantity.quantity></Point><Point><position>13057</position><in_Quantity.quantity>0.000000</in_Quantity.quantity><out_Quantity.quantity>710.228843</out_Quantity.quantity></Point><Point><position>13058</position><in_Quantity.quantity>0.000000</in_Quantity.quantity><out_Quantity.quantity>613.597281</out_Quantity.quantity></Point><Point><position>13059</position><in_Quantity.quantity>0.000000</in_Quantity.quantity><out_Quantity.quantity>176.428414</out_Quantity.quantity></Point><Point><position>13060</position><in_Quantity.quantity>0.000000</in_Quantity.quantity><out_Quantity.quantity>670.634870</out_Quantity.quantity></Point><Point><position>13061</position><in_Quantity.quantity>0.000000</in_Quantity.quantity><out_Quantity.quantity>913.463178</out_Quantity.quantity></Point><Point><position>13062</position><in_Quantity.quantity>0.000000</in_Quantity.quantity><out_Quantity.quantity>121.424421</out_Quantity.quantity></Point><Point><position>13063</position><in_Quantity.quantity>0.000000</in_Quantity.quantity><out_Quantity.quantity>268.688691</out_Quantity.quantity></Point><Point><position>13064</position><in_Quantity.quantity>0.000000</in_Quantity.quantity><out_Quantity.quantity>7.190845</out_Quantity.quantity></Point><Point><position>13065</position><in_Quantity.quantity>0.000000</in_Quantity.quantity><out_Quantity.quantity>684.500211</out_Quantity.quantity></Point><Point><position>13066</position><in_Quantity.quantity>0.000000</in_Quantity.quantity><out_Quantity.quantity>482.460633</out_Quantity.quantity></Point><Point><position>13067</position><in_Quantity.quantity>0.000000</in_Quantity.quantity><out_Quantity.quantity>162.884846</out_Quantity.quantity></Point><Point><position>13068</position><in_Quantity.quantity>0.000000</in_Quantity.quantity><out_Quantity.quantity>190.542513</out_Quantity.quantity></Point><Point><position>13069</position><in_Quantity.quantity>0.000000</in_Quantity.quantity><out_Quantity.quantity>535.917573</out_Quantity.quantity></Point><Point><position>13070</position><in_Quantity.quantity>0.000000</in_Quantity.quantity><out_Quantity.quantity>647.039260</out_Quantity.quantity></Point><Point><position>13071</position><in_Quantity.quantity>0.000000</in_Quantity.quantity><out_Quantity.quantity>141.037274</out_Quantity.quantity></Point><Point><position>13072</position><in_Quantity.quantity>0.000000</in_Quantity.quantity><out_Quantity.quantity>316.017955</out_Quantity.quantity></Point><Point><position>13073</position><in_Quantity.quantity>0.000000</in_Quantity.quantity><out_Quantity.quantity>941.011978</out_Quantity.quantity></Point><Point><position>13074</position><in_Quantity.quantity>0.000000</in_Quantity.quantity><out_Quantity.quantity>267.107975</out_Quantity.quantity></Point><Point><position>13075</position><in_Quantity.quantity>0.000000</in_Quantity.quantity><out_Quantity.quantity>558.687300</out_Quantity.quantity></Point><Point><position>13076</position><in_Quantity.quantity>0.000000</in_Quantity.quantity><out_Quantity.quantity>156.602802</out_Quantity.quantity></Point><Point><position>13077</position><in_Quantity.quantity>0.000000</in_Quantity.quantity><out_Quantity.quantity>67.849802</out_Quantity.quantity></Point><Point><position>13078</position><in_Quantity.quantity>0.000000</in_Quantity.quantity><out_Quantity.quantity>799.138671</out_Quantity.quantity></Point><Point><position>13079</position><in_Quantity.quantity>0.000000</in_Quantity.quantity><out_Quantity.quantity>22.869597</out_Quantity.quantity></Point><Point><position>13080</position><in_Quantity.quantity>0.000000</in_Quantity.quantity><out_Quantity.quantity>169.543809</out_Quantity.quantity></Point><Point><position>13081</position><in_Quantity.quantity>0.000000</in_Quantity.quantity><out_Quantity.quantity>264.001820</out_Quantity.quantity></Point><Point><position>13082</position><in_Quantity.quantity>0.000000</in_Quantity.quantity><out_Quantity.quantity>26.279403</out_Quantity.quantity></Point><Point><position>13083</position><in_Quantity.quantity>0.000000</in_Quantity.quantity><out_Quantity.quantity>475.276362</out_Quantity.quantity></Point><Point><position>13084</position><in_Quantity.quantity>0.000000</in_Quantity.quantity><out_Quantity.quantity>142.200093</out_Quantity.quantity></Point><Point><position>13085</position><in_Quantity.quantity>0.000000</in_Quantity.quantity><out_Quantity.quantity>161.712332</out_Quantity.quantity></Point><Point><position>13086</position><in_Quantity.quantity>0.000000</in_Quantity.quantity><out_Quantity.quantity>124.056869</out_Quantity.quantity></Point><Point><position>13087</position><in_Quantity.quantity>0.000000</in_Quantity.quantity><out_Quantity.quantity>919.594921</out_Quantity.quantity></Point><Point><position>13088</position><in_Quantity.quantity>0.000000</in_Quantity.quantity><out_Quantity.quantity>219.257674</out_Quantity.quantity></Point><Point><position>13089</position><in_Quantity.quantity>0.000000</in_Quantity.quantity><out_Quantity.quantity>404.782735</out_Quantity.quantity></Point><Point><position>13090</position><in_Quantity.quantity>0.000000</in_Quantity.quantity><out_Quantity.quantity>119.250671</out_Quantity.quantity></Point><Point><position>13091</position><in_Quantity.quantity>0.000000</in_Quantity.quantity><out_Quantity.quantity>66.182733</out_Quantity.quantity></Point><Point><position>13092</position><in_Quantity.quantity>0.000000</in_Quantity.quantity><out_Quantity.quantity>10.210921</out_Quantity.quantity></Point><Point><position>13093</position><in_Quantity.quantity>0.000000</in_Quantity.quantity><out_Quantity.quantity>759.395380</out_Quantity.quantity></Point><Point><position>13094</position><in_Quantity.quantity>0.000000</in_Quantity.quantity><out_Quantity.quantity>442.407135</out_Quantity.quantity></Point><Point><position>13095</position><in_Quantity.quantity>0.000000</in_Quantity.quantity><out_Quantity.quantity>863.013936</out_Quantity.quantity></Point><Point><position>13096</position><in_Quantity.quantity>0.000000</in_Quantity.quantity><out_Quantity.quantity>872.490038</out_Quantity.quantity></Point><Point><position>13097</position><in_Quantity.quantity>0.000000</in_Quantity.quantity><out_Quantity.quantity>599.431719</out_Quantity.quantity></Point><Point><position>13098</position><in_Quantity.quantity>0.000000</in_Quantity.quantity><out_Quantity.quantity>544.647430</out_Quantity.quantity></Point><Point><position>13099</position><in_Quantity.quantity>0.000000</in_Quantity.quantity><out_Quantity.quantity>596.498667</out_Quantity.quantity></Point><Point><position>13100</position><in_Quantity.quantity>0.000000</in_Quantity.quantity><out_Quantity.quantity>52.591143</out_Quantity.quantity></Point><Point><position>13101</position><in_Quantity.quantity>0.000000</in_Quantity.quantity><out_Quantity.quantity>82.855021</out_Quantity.quantity></Point><Point><position>13102</position><in_Quantity.quantity>0.000000</in_Quantity.quantity><out_Quantity.quantity>581.832430</out_Quantity.quantity></Point><Point><position>13103</position><in_Quantity.quantity>0.000000</in_Quantity.quantity><out_Quantity.quantity>726.425788</out_Quantity.quantity></Point><Point><position>13104</position><in_Quantity.quantity>0.000000</in_Quantity.quantity><out_Quantity.quantity>588.378022</out_Quantity.quantity></Point><Point><position>13105</position><in_Quantity.quantity>0.000000</in_Quantity.quantity><out_Quantity.quantity>84.753408</out_Quantity.quantity></Point><Point><position>13106</position><in_Quantity.quantity>0.000000</in_Quantity.quantity><out_Quantity.quantity>801.754362</out_Quantity.quantity></Point><Point><position>13107</position><in_Quantity.quantity>0.000000</in_Quantity.quantity><out_Quantity.quantity>621.567438</out_Quantity.quantity></Point><Point><position>13108</position><in_Quantity.quantity>0.000000</in_Quantity.quantity><out_Quantity.quantity>194.386892</out_Quantity.quantity></Point><Point><position>13109</position><in_Quantity.quantity>0.000000</in_Quantity.quantity><out_Quantity.quantity>561.044826</out_Quantity.quantity></Point><Point><position>13110</position><in_Quantity.quantity>0.000000</in_Quantity.quantity><out_Quantity.quantity>875.830219</out_Quantity.quantity></Point><Point><position>13111</position><in_Quantity.quantity>0.000000</in_Quantity.quantity><out_Quantity.quantity>451.996947</out_Quantity.quantity></Point><Point><position>13112</position><in_Quantity.quantity>0.000000</in_Quantity.quantity><out_Quantity.quantity>711.562136</out_Quantity.quantity></Point><Point><position>13113</position><in_Quantity.quantity>0.000000</in_Quantity.quantity><out_Quantity.quantity>300.653580</out_Quantity.quantity></Point><Point><position>13114</position><in_Quantity.quantity>0.000000</in_Quantity.quantity><out_Quantity.quantity>830.770555</out_Quantity.quantity></Point><Point><position>13115</position><in_Quantity.quantity>0.000000</in_Quantity.quantity><out_Quantity.quantity>744.379054</out_Quantity.quantity></Point><Point><position>13116</position><in_Quantity.quantity>0.000000</in_Quantity.quantity><out_Quantity.quantity>631.579979</out_Quantity.quantity></Point><Point><position>13117</position><in_Quantity.quantity>0.000000</in_Quantity.quantity><out_Quantity.quantity>995.262639</out_Quantity.quantity></Point><Point><position>13118</position><in_Quantity.quantity>0.000000</in_Quantity.quantity><out_Quantity.quantity>313.673066</out_Quantity.quantity></Point><Point><position>13119</position><in_Quantity.quantity>0.000000</in_Quantity.quantity><out_Quantity.quantity>923.464921</out_Quantity.quantity></Point><Point><position>13120</position><in_Quantity.quantity>0.000000</in_Quantity.quantity><out_Quantity.quantity>268.343950</out_Quantity.quantity></Point><Point><position>13121</position><in_Quantity.quantity>0.000000</in_Quantity.quantity><out_Quantity.quantity>89.755876</out_Quantity.quantity></Point><Point><position>13122</position><in_Quantity.quantity>0.000000</in_Quantity.quantity><out_Quantity.quantity>477.995077</out_Quantity.quantity></Point><Point><position>13123</position><in_Quantity.quantity>0.000000</in_Quantity.quantity><out_Quantity.quantity>252.468059</out_Quantity.quantity></Point><Point><position>13124</position><in_Quantity.quantity>0.000000</in_Quantity.quantity><out_Quantity.quantity>932.471788</out_Quantity.quantity></Point><Point><position>13125</position><in_Quantity.quantity>0.000000</in_Quantity.quantity><out_Quantity.quantity>992.118567</out_Quantity.quantity></Point><Point><position>13126</position><in_Quantity.quantity>0.000000</in_Quantity.quantity><out_Quantity.quantity>65.882163</out_Quantity.quantity></Point><Point><position>13127</position><in_Quantity.quantity>0.000000</in_Quantity.quantity><out_Quantity.quantity>287.272800</out_Quantity.quantity></Point><Point><position>13128</position><in_Quantity.quantity>0.000000</in_Quantity.quantity><out_Quantity.quantity>562.813406</out_Quantity.quantity></Point><Point><position>13129</position><in_Quantity.quantity>0.000000</in_Quantity.quantity><out_Quantity.quantity>172.770375</out_Quantity.quantity></Point><Point><position>13130</position><in_Quantity.quantity>0.000000</in_Quantity.quantity><out_Quantity.quantity>235.991447</out_Quantity.quantity></Point><Point><position>13131</position><in_Quantity.quantity>0.000000</in_Quantity.quantity><out_Quantity.quantity>39.304267</out_Quantity.quantity></Point><Point><position>13132</position><in_Quantity.quantity>0.000000</in_Quantity.quantity><out_Quantity.quantity>560.214202</out_Quantity.quantity></Point><Point><position>13133</position><in_Quantity.quantity>0.000000</in_Quantity.quantity><out_Quantity.quantity>117.547609</out_Quantity.quantity></Point><Point><position>13134</position><in_Quantity.quantity>0.000000</in_Quantity.quantity><out_Quantity.quantity>601.586269</out_Quantity.quantity></Point><Point><position>13135</position><in_Quantity.quantity>0.000000</in_Quantity.quantity><out_Quantity.quantity>429.324427</out_Quantity.quantity></Point><Point><position>13136</position><in_Quantity.quantity>0.000000</in_Quantity.quantity><out_Quantity.quantity>34.479767</out_Quantity.quantity></Point><Point><position>13137</position><in_Quantity.quantity>0.000000</in_Quantity.quantity><out_Quantity.quantity>491.480163</out_Quantity.quantity></Point><Point><position>13138</position><in_Quantity.quantity>0.000000</in_Quantity.quantity><out_Quantity.quantity>943.724068</out_Quantity.quantity></Point><Point><position>13139</position><in_Quantity.quantity>0.000000</in_Quantity.quantity><out_Quantity.quantity>857.625863</out_Quantity.quantity></Point><Point><position>13140</position><in_Quantity.quantity>0.000000</in_Quantity.quantity><out_Quantity.quantity>762.036060</out_Quantity.quantity></Point><Point><position>13141</position><in_Quantity.quantity>0.000000</in_Quantity.quantity><out_Quantity.quantity>284.903370</out_Quantity.quantity></Point><Point><position>13142</position><in_Quantity.quantity>0.000000</in_Quantity.quantity><out_Quantity.quantity>610.676950</out_Quantity.quantity></Point><Point><position>13143</position><in_Quantity.quantity>0.000000</in_Quantity.quantity><out_Quantity.quantity>942.861491</out_Quantity.quantity></Point><Point><position>13144</position><in_Quantity.quantity>0.000000</in_Quantity.quantity><out_Quantity.quantity>197.932023</out_Quantity.quantity></Point><Point><position>13145</position><in_Quantity.quantity>0.000000</in_Quantity.quantity><out_Quantity.quantity>361.296909</out_Quantity.quantity></Point><Point><position>13146</position><in_Quantity.quantity>0.000000</in_Quantity.quantity><out_Quantity.quantity>227.475540</out_Quantity.quantity></Point><Point><position>13147</position><in_Quantity.quantity>0.000000</in_Quantity.quantity><out_Quantity.quantity>324.719952</out_Quantity.quantity></Point><Point><position>13148</position><in_Quantity.quantity>0.000000</in_Quantity.quantity><out_Quantity.quantity>56.580709</out_Quantity.quantity></Point><Point><position>13149</position><in_Quantity.quantity>0.000000</in_Quantity.quantity><out_Quantity.quantity>458.125493</out_Quantity.quantity></Point><Point><position>13150</position><in_Quantity.quantity>0.000000</in_Quantity.quantity><out_Quantity.quantity>982.937486</out_Quantity.quantity></Point><Point><position>13151</position><in_Quantity.quantity>0.000000</in_Quantity.quantity><out_Quantity.quantity>407.784179</out_Quantity.quantity></Point><Point><position>13152</position><in_Quantity.quantity>0.000000</in_Quantity.quantity><out_Quantity.quantity>578.703299</out_Quantity.quantity></Point><Point><position>13153</position><in_Quantity.quantity>0.000000</in_Quantity.quantity><out_Quantity.quantity>709.331667</out_Quantity.quantity></Point><Point><position>13154</position><in_Quantity.quantity>0.000000</in_Quantity.quantity><out_Quantity.quantity>857.032850</out_Quantity.quantity></Point><Point><position>13155</position><in_Quantity.quantity>0.000000</in_Quantity.quantity><out_Quantity.quantity>389.483459</out_Quantity.quantity></Point><Point><position>13156</position><in_Quantity.quantity>0.000000</in_Quantity.quantity><out_Quantity.quantity>715.954852</out_Quantity.quantity></Point><Point><position>13157</position><in_Quantity.quantity>0.000000</in_Quantity.quantity><out_Quantity.quantity>997.080962</out_Quantity.quantity></Point><Point><position>13158</position><in_Quantity.quantity>0.000000</in_Quantity.quantity><out_Quantity.quantity>12.156910</out_Quantity.quantity></Point><Point><position>13159</position><in_Quantity.quantity>0.000000</in_Quantity.quantity><out_Quantity.quantity>768.151404</out_Quantity.quantity></Point><Point><position>13160</position><in_Quantity.quantity>0.000000</in_Quantity.quantity><out_Quantity.quantity>506.817200</out_Quantity.quantity></Point><Point><position>13161</position><in_Quantity.quantity>0.000000</in_Quantity.quantity><out_Quantity.quantity>204.937089</out_Quantity.quantity></Point><Point><position>13162</position><in_Quantity.quantity>0.000000</in_Quantity.quantity><out_Quantity.quantity>811.813824</out_Quantity.quantity></Point><Point><position>13163</position><in_Quantity.quantity>0.000000</in_Quantity.quantity><out_Quantity.quantity>575.320233</out_Quantity.quantity></Point><Point><position>13164</position><in_Quantity.quantity>0.000000</in_Quantity.quantity><out_Quantity.quantity>477.600072</out_Quantity.quantity></Point><Point><position>13165</position><in_Quantity.quantity>0.000000</in_Quantity.quantity><out_Quantity.quantity>543.729977</out_Quantity.quantity></Point><Point><position>13166</position><in_Quantity.quantity>0.000000</in_Quantity.quantity><out_Quantity.quantity>844.956546</out_Quantity.quantity></Point><Point><position>13167</position><in_Quantity.quantity>0.000000</in_Quantity.quantity><out_Quantity.quantity>461.002687</out_Quantity.quantity></Point><Point><position>13168</position><in_Quantity.quantity>0.000000</in_Quantity.quantity><out_Quantity.quantity>153.867563</out_Quantity.quantity></Point><Point><position>13169</position><in_Quantity.quantity>0.000000</in_Quantity.quantity><out_Quantity.quantity>131.633829</out_Quantity.quantity></Point><Point><position>13170</position><in_Quantity.quantity>0.000000</in_Quantity.quantity><out_Quantity.quantity>134.147760</out_Quantity.quantity></Point><Point><position>13171</position><in_Quantity.quantity>0.000000</in_Quantity.quantity><out_Quantity.quantity>331.205313</out_Quantity.quantity></Point><Point><position>13172</position><in_Quantity.quantity>0.000000</in_Quantity.quantity><out_Quantity.quantity>971.398228</out_Quantity.quantity></Point><Point><position>13173</position><in_Quantity.quantity>0.000000</in_Quantity.quantity><out_Quantity.quantity>702.608989</out_Quantity.quantity></Point><Point><position>13174</position><in_Quantity.quantity>0.000000</in_Quantity.quantity><out_Quantity.quantity>224.653141</out_Quantity.quantity></Point><Point><position>13175</position><in_Quantity.quantity>0.000000</in_Quantity.quantity><out_Quantity.quantity>67.114595</out_Quantity.quantity></Point><Point><position>13176</position><in_Quantity.quantity>0.000000</in_Quantity.quantity><out_Quantity.quantity>635.532077</out_Quantity.quantity></Point><Point><position>13177</position><in_Quantity.quantity>0.000000</in_Quantity.quantity><out_Quantity.quantity>791.679970</out_Quantity.quantity></Point><Point><position>13178</position><in_Quantity.quantity>0.000000</in_Quantity.quantity><out_Quantity.quantity>33.168310</out_Quantity.quantity></Point><Point><position>13179</position><in_Quantity.quantity>0.000000</in_Quantity.quantity><out_Quantity.quantity>653.701428</out_Quantity.quantity></Point><Point><position>13180</position><in_Quantity.quantity>0.000000</in_Quantity.quantity><out_Quantity.quantity>663.270647</out_Quantity.quantity></Point><Point><position>13181</position><in_Quantity.quantity>0.000000</in_Quantity.quantity><out_Quantity.quantity>925.561941</out_Quantity.quantity></Point><Point><position>13182</position><in_Quantity.quantity>0.000000</in_Quantity.quantity><out_Quantity.quantity>893.012442</out_Quantity.quantity></Point><Point><position>13183</position><in_Quantity.quantity>0.000000</in_Quantity.quantity><out_Quantity.quantity>685.254752</out_Quantity.quantity></Point><Point><position>13184</position><in_Quantity.quantity>0.000000</in_Quantity.quantity><out_Quantity.quantity>211.967789</out_Quantity.quantity></Point><Point><position>13185</position><in_Quantity.quantity>0.000000</in_Quantity.quantity><out_Quantity.quantity>661.854993</out_Quantity.quantity></Point><Point><position>13186</position><in_Quantity.quantity>0.000000</in_Quantity.quantity><out_Quantity.quantity>431.132379</out_Quantity.quantity></Point><Point><position>13187</position><in_Quantity.quantity>0.000000</in_Quantity.quantity><out_Quantity.quantity>650.940148</out_Quantity.quantity></Point><Point><position>13188</position><in_Quantity.quantity>0.000000</in_Quantity.quantity><out_Quantity.quantity>370.898176</out_Quantity.quantity></Point><Point><position>13189</position><in_Quantity.quantity>0.000000</in_Quantity.quantity><out_Quantity.quantity>228.488760</out_Quantity.quantity></Point><Point><position>13190</position><in_Quantity.quantity>0.000000</in_Quantity.quantity><out_Quantity.quantity>43.581059</out_Quantity.quantity></Point><Point><position>13191</position><in_Quantity.quantity>0.000000</in_Quantity.quantity><out_Quantity.quantity>177.806418</out_Quantity.quantity></Point><Point><position>13192</position><in_Quantity.quantity>0.000000</in_Quantity.quantity><out_Quantity.quantity>664.856663</out_Quantity.quantity></Point><Point><position>13193</position><in_Quantity.quantity>0.000000</in_Quantity.quantity><out_Quantity.quantity>571.695571</out_Quantity.quantity></Point><Point><position>13194</position><in_Quantity.quantity>0.000000</in_Quantity.quantity><out_Quantity.quantity>534.405780</out_Quantity.quantity></Point><Point><position>13195</position><in_Quantity.quantity>0.000000</in_Quantity.quantity><out_Quantity.quantity>267.233279</out_Quantity.quantity></Point><Point><position>13196</position><in_Quantity.quantity>0.000000</in_Quantity.quantity><out_Quantity.quantity>946.106602</out_Quantity.quantity></Point><Point><position>13197</position><in_Quantity.quantity>0.000000</in_Quantity.quantity><out_Quantity.quantity>549.134093</out_Quantity.quantity></Point><Point><position>13198</position><in_Quantity.quantity>0.000000</in_Quantity.quantity><out_Quantity.quantity>58.700839</out_Quantity.quantity></Point><Point><position>13199</position><in_Quantity.quantity>0.000000</in_Quantity.quantity><out_Quantity.quantity>225.411636</out_Quantity.quantity></Point><Point><position>13200</position><in_Quantity.quantity>0.000000</in_Quantity.quantity><out_Quantity.quantity>380.547727</out_Quantity.quantity></Point><Point><position>13201</position><in_Quantity.quantity>0.000000</in_Quantity.quantity><out_Quantity.quantity>373.645478</out_Quantity.quantity></Point><Point><position>13202</position><in_Quantity.quantity>0.000000</in_Quantity.quantity><out_Quantity.quantity>108.351633</out_Quantity.quantity></Point><Point><position>13203</position><in_Quantity.quantity>0.000000</in_Quantity.quantity><out_Quantity.quantity>949.056416</out_Quantity.quantity></Point><Point><position>13204</position><in_Quantity.quantity>0.000000</in_Quantity.quantity><out_Quantity.quantity>976.124336</out_Quantity.quantity></Point><Point><position>13205</position><in_Quantity.quantity>0.000000</in_Quantity.quantity><out_Quantity.quantity>775.685000</out_Quantity.quantity></Point><Point><position>13206</position><in_Quantity.quantity>0.000000</in_Quantity.quantity><out_Quantity.quantity>191.848024</out_Quantity.quantity></Point><Point><position>13207</position><in_Quantity.quantity>0.000000</in_Quantity.quantity><out_Quantity.quantity>825.142314</out_Quantity.quantity></Point><Point><position>13208</position><in_Quantity.quantity>0.000000</in_Quantity.quantity><out_Quantity.quantity>629.844006</out_Quantity.quantity></Point><Point><position>13209</position><in_Quantity.quantity>0.000000</in_Quantity.quantity><out_Quantity.quantity>513.189997</out_Quantity.quantity></Point><Point><position>13210</position><in_Quantity.quantity>0.000000</in_Quantity.quantity><out_Quantity.quantity>881.106529</out_Quantity.quantity></Point><Point><position>13211</position><in_Quantity.quantity>0.000000</in_Quantity.quantity><out_Quantity.quantity>868.369396</out_Quantity.quantity></Point><Point><position>13212</position><in_Quantity.quantity>0.000000</in_Quantity.quantity><out_Quantity.quantity>827.129302</out_Quantity.quantity></Point><Point><position>13213</position><in_Quantity.quantity>0.000000</in_Quantity.quantity><out_Quantity.quantity>386.194378</out_Quantity.quantity></Point><Point><position>13214</position><in_Quantity.quantity>0.000000</in_Quantity.quantity><out_Quantity.quantity>281.892782</out_Quantity.quantity></Point><Point><position>13215</position><in_Quantity.quantity>0.000000</in_Quantity.quantity><out_Quantity.quantity>271.976859</out_Quantity.quantity></Point><Point><position>13216</position><in_Quantity.quantity>0.000000</in_Quantity.quantity><out_Quantity.quantity>317.384236</out_Quantity.quantity></Point><Point><position>13217</position><in_Quantity.quantity>0.000000</in_Quantity.quantity><out_Quantity.quantity>25.969606</out_Quantity.quantity></Point><Point><position>13218</position><in_Quantity.quantity>0.000000</in_Quantity.quantity><out_Quantity.quantity>0.458051</out_Quantity.quantity></Point><Point><position>13219</position><in_Quantity.quantity>0.000000</in_Quantity.quantity><out_Quantity.quantity>176.973223</out_Quantity.quantity></Point><Point><position>13220</position><in_Quantity.quantity>0.000000</in_Quantity.quantity><out_Quantity.quantity>634.620545</out_Quantity.quantity></Point><Point><position>13221</position><in_Quantity.quantity>0.000000</in_Quantity.quantity><out_Quantity.quantity>194.908443</out_Quantity.quantity></Point><Point><position>13222</position><in_Quantity.quantity>0.000000</in_Quantity.quantity><out_Quantity.quantity>914.607742</out_Quantity.quantity></Point><Point><position>13223</position><in_Quantity.quantity>0.000000</in_Quantity.quantity><out_Quantity.quantity>253.175660</out_Quantity.quantity></Point><Point><position>13224</position><in_Quantity.quantity>0.000000</in_Quantity.quantity><out_Quantity.quantity>523.461061</out_Quantity.quantity></Point><Point><position>13225</position><in_Quantity.quantity>0.000000</in_Quantity.quantity><out_Quantity.quantity>770.283685</out_Quantity.quantity></Point><Point><position>13226</position><in_Quantity.quantity>0.000000</in_Quantity.quantity><out_Quantity.quantity>688.268298</out_Quantity.quantity></Point><Point><position>13227</position><in_Quantity.quantity>0.000000</in_Quantity.quantity><out_Quantity.quantity>580.693087</out_Quantity.quantity></Point><Point><position>13228</position><in_Quantity.quantity>0.000000</in_Quantity.quantity><out_Quantity.quantity>854.431161</out_Quantity.quantity></Point><Point><position>13229</position><in_Quantity.quantity>0.000000</in_Quantity.quantity><out_Quantity.quantity>603.103290</out_Quantity.quantity></Point><Point><position>13230</position><in_Quantity.quantity>0.000000</in_Quantity.quantity><out_Quantity.quantity>301.892703</out_Quantity.quantity></Point><Point><position>13231</position><in_Quantity.quantity>0.000000</in_Quantity.quantity><out_Quantity.quantity>975.141470</out_Quantity.quantity></Point><Point><position>13232</position><in_Quantity.quantity>0.000000</in_Quantity.quantity><out_Quantity.quantity>570.695713</out_Quantity.quantity></Point><Point><position>13233</position><in_Quantity.quantity>0.000000</in_Quantity.quantity><out_Quantity.quantity>830.114458</out_Quantity.quantity></Point><Point><position>13234</position><in_Quantity.quantity>0.000000</in_Quantity.quantity><out_Quantity.quantity>183.918972</out_Quantity.quantity></Point><Point><position>13235</position><in_Quantity.quantity>0.000000</in_Quantity.quantity><out_Quantity.quantity>112.612844</out_Quantity.quantity></Point><Point><position>13236</position><in_Quantity.quantity>0.000000</in_Quantity.quantity><out_Quantity.quantity>495.019811</out_Quantity.quantity></Point><Point><position>13237</position><in_Quantity.quantity>0.000000</in_Quantity.quantity><out_Quantity.quantity>200.517060</out_Quantity.quantity></Point><Point><position>13238</position><in_Quantity.quantity>0.000000</in_Quantity.quantity><out_Quantity.quantity>896.587804</out_Quantity.quantity></Point><Point><position>13239</position><in_Quantity.quantity>0.000000</in_Quantity.quantity><out_Quantity.quantity>759.087147</out_Quantity.quantity></Point><Point><position>13240</position><in_Quantity.quantity>0.000000</in_Quantity.quantity><out_Quantity.quantity>580.329281</out_Quantity.quantity></Point><Point><position>13241</position><in_Quantity.quantity>0.000000</in_Quantity.quantity><out_Quantity.quantity>893.830833</out_Quantity.quantity></Point><Point><position>13242</position><in_Quantity.quantity>0.000000</in_Quantity.quantity><out_Quantity.quantity>974.029174</out_Quantity.quantity></Point><Point><position>13243</position><in_Quantity.quantity>0.000000</in_Quantity.quantity><out_Quantity.quantity>39.624664</out_Quantity.quantity></Point><Point><position>13244</position><in_Quantity.quantity>0.000000</in_Quantity.quantity><out_Quantity.quantity>703.816973</out_Quantity.quantity></Point><Point><position>13245</position><in_Quantity.quantity>0.000000</in_Quantity.quantity><out_Quantity.quantity>790.407028</out_Quantity.quantity></Point><Point><position>13246</position><in_Quantity.quantity>0.000000</in_Quantity.quantity><out_Quantity.quantity>938.691526</out_Quantity.quantity></Point><Point><position>13247</position><in_Quantity.quantity>0.000000</in_Quantity.quantity><out_Quantity.quantity>628.387404</out_Quantity.quantity></Point><Point><position>13248</position><in_Quantity.quantity>0.000000</in_Quantity.quantity><out_Quantity.quantity>152.768910</out_Quantity.quantity></Point><Point><position>13249</position><in_Quantity.quantity>0.000000</in_Quantity.quantity><out_Quantity.quantity>379.042093</out_Quantity.quantity></Point><Point><position>13250</position><in_Quantity.quantity>0.000000</in_Quantity.quantity><out_Quantity.quantity>64.075477</out_Quantity.quantity></Point><Point><position>13251</position><in_Quantity.quantity>0.000000</in_Quantity.quantity><out_Quantity.quantity>649.878680</out_Quantity.quantity></Point><Point><position>13252</position><in_Quantity.quantity>0.000000</in_Quantity.quantity><out_Quantity.quantity>973.698598</out_Quantity.quantity></Point><Point><position>13253</position><in_Quantity.quantity>0.000000</in_Quantity.quantity><out_Quantity.quantity>582.677315</out_Quantity.quantity></Point><Point><position>13254</position><in_Quantity.quantity>0.000000</in_Quantity.quantity><out_Quantity.quantity>742.777846</out_Quantity.quantity></Point><Point><position>13255</position><in_Quantity.quantity>0.000000</in_Quantity.quantity><out_Quantity.quantity>683.415335</out_Quantity.quantity></Point><Point><position>13256</position><in_Quantity.quantity>0.000000</in_Quantity.quantity><out_Quantity.quantity>516.438078</out_Quantity.quantity></Point><Point><position>13257</position><in_Quantity.quantity>0.000000</in_Quantity.quantity><out_Quantity.quantity>827.704419</out_Quantity.quantity></Point><Point><position>13258</position><in_Quantity.quantity>0.000000</in_Quantity.quantity><out_Quantity.quantity>805.985251</out_Quantity.quantity></Point><Point><position>13259</position><in_Quantity.quantity>0.000000</in_Quantity.quantity><out_Quantity.quantity>715.843792</out_Quantity.quantity></Point><Point><position>13260</position><in_Quantity.quantity>0.000000</in_Quantity.quantity><out_Quantity.quantity>958.632377</out_Quantity.quantity></Point><Point><position>13261</position><in_Quantity.quantity>0.000000</in_Quantity.quantity><out_Quantity.quantity>305.483488</out_Quantity.quantity></Point><Point><position>13262</position><in_Quantity.quantity>0.000000</in_Quantity.quantity><out_Quantity.quantity>792.758789</out_Quantity.quantity></Point><Point><position>13263</position><in_Quantity.quantity>0.000000</in_Quantity.quantity><out_Quantity.quantity>238.849265</out_Quantity.quantity></Point><Point><position>13264</position><in_Quantity.quantity>0.000000</in_Quantity.quantity><out_Quantity.quantity>216.054142</out_Quantity.quantity></Point><Point><position>13265</position><in_Quantity.quantity>0.000000</in_Quantity.quantity><out_Quantity.quantity>481.591565</out_Quantity.quantity></Point><Point><position>13266</position><in_Quantity.quantity>0.000000</in_Quantity.quantity><out_Quantity.quantity>219.466130</out_Quantity.quantity></Point><Point><position>13267</position><in_Quantity.quantity>0.000000</in_Quantity.quantity><out_Quantity.quantity>26.268513</out_Quantity.quantity></Point><Point><position>13268</position><in_Quantity.quantity>0.000000</in_Quantity.quantity><out_Quantity.quantity>172.944164</out_Quantity.quantity></Point><Point><position>13269</position><in_Quantity.quantity>0.000000</in_Quantity.quantity><out_Quantity.quantity>321.011639</out_Quantity.quantity></Point><Point><position>13270</position><in_Quantity.quantity>0.000000</in_Quantity.quantity><out_Quantity.quantity>65.701935</out_Quantity.quantity></Point><Point><position>13271</position><in_Quantity.quantity>0.000000</in_Quantity.quantity><out_Quantity.quantity>523.205130</out_Quantity.quantity></Point><Point><position>13272</position><in_Quantity.quantity>0.000000</in_Quantity.quantity><out_Quantity.quantity>47.844440</out_Quantity.quantity></Point><Point><position>13273</position><in_Quantity.quantity>0.000000</in_Quantity.quantity><out_Quantity.quantity>429.504654</out_Quantity.quantity></Point><Point><position>13274</position><in_Quantity.quantity>0.000000</in_Quantity.quantity><out_Quantity.quantity>904.733595</out_Quantity.quantity></Point><Point><position>13275</position><in_Quantity.quantity>0.000000</in_Quantity.quantity><out_Quantity.quantity>133.795945</out_Quantity.quantity></Point><Point><position>13276</position><in_Quantity.quantity>0.000000</in_Quantity.quantity><out_Quantity.quantity>737.098392</out_Quantity.quantity></Point><Point><position>13277</position><in_Quantity.quantity>0.000000</in_Quantity.quantity><out_Quantity.quantity>186.179671</out_Quantity.quantity></Point><Point><position>13278</position><in_Quantity.quantity>0.000000</in_Quantity.quantity><out_Quantity.quantity>375.985495</out_Quantity.quantity></Point><Point><position>13279</position><in_Quantity.quantity>0.000000</in_Quantity.quantity><out_Quantity.quantity>747.728381</out_Quantity.quantity></Point><Point><position>13280</position><in_Quantity.quantity>0.000000</in_Quantity.quantity><out_Quantity.quantity>994.333689</out_Quantity.quantity></Point><Point><position>13281</position><in_Quantity.quantity>0.000000</in_Quantity.quantity><out_Quantity.quantity>561.537036</out_Quantity.quantity></Point><Point><position>13282</position><in_Quantity.quantity>0.000000</in_Quantity.quantity><out_Quantity.quantity>563.794558</out_Quantity.quantity></Point><Point><position>13283</position><in_Quantity.quantity>0.000000</in_Quantity.quantity><out_Quantity.quantity>167.825611</out_Quantity.quantity></Point><Point><position>13284</position><in_Quantity.quantity>0.000000</in_Quantity.quantity><out_Quantity.quantity>352.918773</out_Quantity.quantity></Point><Point><position>13285</position><in_Quantity.quantity>0.000000</in_Quantity.quantity><out_Quantity.quantity>495.068729</out_Quantity.quantity></Point><Point><position>13286</position><in_Quantity.quantity>0.000000</in_Quantity.quantity><out_Quantity.quantity>485.866171</out_Quantity.quantity></Point><Point><position>13287</position><in_Quantity.quantity>0.000000</in_Quantity.quantity><out_Quantity.quantity>547.852906</out_Quantity.quantity></Point><Point><position>13288</position><in_Quantity.quantity>0.000000</in_Quantity.quantity><out_Quantity.quantity>233.697438</out_Quantity.quantity></Point><Point><position>13289</position><in_Quantity.quantity>0.000000</in_Quantity.quantity><out_Quantity.quantity>776.846291</out_Quantity.quantity></Point><Point><position>13290</position><in_Quantity.quantity>0.000000</in_Quantity.quantity><out_Quantity.quantity>637.879854</out_Quantity.quantity></Point><Point><position>13291</position><in_Quantity.quantity>0.000000</in_Quantity.quantity><out_Quantity.quantity>654.768291</out_Quantity.quantity></Point><Point><position>13292</position><in_Quantity.quantity>0.000000</in_Quantity.quantity><out_Quantity.quantity>589.563144</out_Quantity.quantity></Point><Point><position>13293</position><in_Quantity.quantity>0.000000</in_Quantity.quantity><out_Quantity.quantity>703.551073</out_Quantity.quantity></Point><Point><position>13294</position><in_Quantity.quantity>0.000000</in_Quantity.quantity><out_Quantity.quantity>288.231617</out_Quantity.quantity></Point><Point><position>13295</position><in_Quantity.quantity>0.000000</in_Quantity.quantity><out_Quantity.quantity>990.935447</out_Quantity.quantity></Point><Point><position>13296</position><in_Quantity.quantity>0.000000</in_Quantity.quantity><out_Quantity.quantity>588.737970</out_Quantity.quantity></Point><Point><position>13297</position><in_Quantity.quantity>0.000000</in_Quantity.quantity><out_Quantity.quantity>948.290345</out_Quantity.quantity></Point><Point><position>13298</position><in_Quantity.quantity>0.000000</in_Quantity.quantity><out_Quantity.quantity>790.164247</out_Quantity.quantity></Point><Point><position>13299</position><in_Quantity.quantity>0.000000</in_Quantity.quantity><out_Quantity.quantity>30.631698</out_Quantity.quantity></Point><Point><position>13300</position><in_Quantity.quantity>0.000000</in_Quantity.quantity><out_Quantity.quantity>752.985418</out_Quantity.quantity></Point><Point><position>13301</position><in_Quantity.quantity>0.000000</in_Quantity.quantity><out_Quantity.quantity>959.133195</out_Quantity.quantity></Point><Point><position>13302</position><in_Quantity.quantity>0.000000</in_Quantity.quantity><out_Quantity.quantity>635.828587</out_Quantity.quantity></Point><Point><position>13303</position><in_Quantity.quantity>0.000000</in_Quantity.quantity><out_Quantity.quantity>229.379183</out_Quantity.quantity></Point><Point><position>13304</position><in_Quantity.quantity>0.000000</in_Quantity.quantity><out_Quantity.quantity>914.727071</out_Quantity.quantity></Point><Point><position>13305</position><in_Quantity.quantity>0.000000</in_Quantity.quantity><out_Quantity.quantity>938.907451</out_Quantity.quantity></Point><Point><position>13306</position><in_Quantity.quantity>0.000000</in_Quantity.quantity><out_Quantity.quantity>554.596623</out_Quantity.quantity></Point><Point><position>13307</position><in_Quantity.quantity>0.000000</in_Quantity.quantity><out_Quantity.quantity>112.120912</out_Quantity.quantity></Point><Point><position>13308</position><in_Quantity.quantity>0.000000</in_Quantity.quantity><out_Quantity.quantity>299.926265</out_Quantity.quantity></Point><Point><position>13309</position><in_Quantity.quantity>0.000000</in_Quantity.quantity><out_Quantity.quantity>70.251737</out_Quantity.quantity></Point><Point><position>13310</position><in_Quantity.quantity>0.000000</in_Quantity.quantity><out_Quantity.quantity>31.607500</out_Quantity.quantity></Point><Point><position>13311</position><in_Quantity.quantity>0.000000</in_Quantity.quantity><out_Quantity.quantity>74.159956</out_Quantity.quantity></Point><Point><position>13312</position><in_Quantity.quantity>0.000000</in_Quantity.quantity><out_Quantity.quantity>944.508038</out_Quantity.quantity></Point><Point><position>13313</position><in_Quantity.quantity>0.000000</in_Quantity.quantity><out_Quantity.quantity>918.221449</out_Quantity.quantity></Point><Point><position>13314</position><in_Quantity.quantity>0.000000</in_Quantity.quantity><out_Quantity.quantity>917.490105</out_Quantity.quantity></Point><Point><position>13315</position><in_Quantity.quantity>0.000000</in_Quantity.quantity><out_Quantity.quantity>286.205181</out_Quantity.quantity></Point><Point><position>13316</position><in_Quantity.quantity>0.000000</in_Quantity.quantity><out_Quantity.quantity>153.232579</out_Quantity.quantity></Point><Point><position>13317</position><in_Quantity.quantity>0.000000</in_Quantity.quantity><out_Quantity.quantity>975.745298</out_Quantity.quantity></Point><Point><position>13318</position><in_Quantity.quantity>0.000000</in_Quantity.quantity><out_Quantity.quantity>460.367808</out_Quantity.quantity></Point><Point><position>13319</position><in_Quantity.quantity>0.000000</in_Quantity.quantity><out_Quantity.quantity>144.742364</out_Quantity.quantity></Point><Point><position>13320</position><in_Quantity.quantity>0.000000</in_Quantity.quantity><out_Quantity.quantity>957.031609</out_Quantity.quantity></Point><Point><position>13321</position><in_Quantity.quantity>0.000000</in_Quantity.quantity><out_Quantity.quantity>705.096757</out_Quantity.quantity></Point><Point><position>13322</position><in_Quantity.quantity>0.000000</in_Quantity.quantity><out_Quantity.quantity>980.201217</out_Quantity.quantity></Point><Point><position>13323</position><in_Quantity.quantity>0.000000</in_Quantity.quantity><out_Quantity.quantity>13.727632</out_Quantity.quantity></Point><Point><position>13324</position><in_Quantity.quantity>0.000000</in_Quantity.quantity><out_Quantity.quantity>497.914032</out_Quantity.quantity></Point><Point><position>13325</position><in_Quantity.quantity>0.000000</in_Quantity.quantity><out_Quantity.quantity>753.937962</out_Quantity.quantity></Point><Point><position>13326</position><in_Quantity.quantity>0.000000</in_Quantity.quantity><out_Quantity.quantity>389.806146</out_Quantity.quantity></Point><Point><position>13327</position><in_Quantity.quantity>0.000000</in_Quantity.quantity><out_Quantity.quantity>821.340321</out_Quantity.quantity></Point><Point><position>13328</position><in_Quantity.quantity>0.000000</in_Quantity.quantity><out_Quantity.quantity>924.778063</out_Quantity.quantity></Point><Point><position>13329</position><in_Quantity.quantity>0.000000</in_Quantity.quantity><out_Quantity.quantity>883.434492</out_Quantity.quantity></Point><Point><position>13330</position><in_Quantity.quantity>0.000000</in_Quantity.quantity><out_Quantity.quantity>606.833987</out_Quantity.quantity></Point><Point><position>13331</position><in_Quantity.quantity>0.000000</in_Quantity.quantity><out_Quantity.quantity>999.250214</out_Quantity.quantity></Point><Point><position>13332</position><in_Quantity.quantity>0.000000</in_Quantity.quantity><out_Quantity.quantity>557.909942</out_Quantity.quantity></Point><Point><position>13333</position><in_Quantity.quantity>0.000000</in_Quantity.quantity><out_Quantity.quantity>82.640268</out_Quantity.quantity></Point><Point><position>13334</position><in_Quantity.quantity>0.000000</in_Quantity.quantity><out_Quantity.quantity>708.077306</out_Quantity.quantity></Point><Point><position>13335</position><in_Quantity.quantity>0.000000</in_Quantity.quantity><out_Quantity.quantity>190.596787</out_Quantity.quantity></Point><Point><position>13336</position><in_Quantity.quantity>0.000000</in_Quantity.quantity><out_Quantity.quantity>713.334480</out_Quantity.quantity></Point><Point><position>13337</position><in_Quantity.quantity>0.000000</in_Quantity.quantity><out_Quantity.quantity>138.674901</out_Quantity.quantity></Point><Point><position>13338</position><in_Quantity.quantity>0.000000</in_Quantity.quantity><out_Quantity.quantity>252.108699</out_Quantity.quantity></Point><Point><position>13339</position><in_Quantity.quantity>0.000000</in_Quantity.quantity><out_Quantity.quantity>25.274674</out_Quantity.quantity></Point><Point><position>13340</position><in_Quantity.quantity>0.000000</in_Quantity.quantity><out_Quantity.quantity>788.125707</out_Quantity.quantity></Point><Point><position>13341</position><in_Quantity.quantity>0.000000</in_Quantity.quantity><out_Quantity.quantity>894.757274</out_Quantity.quantity></Point><Point><position>13342</position><in_Quantity.quantity>0.000000</in_Quantity.quantity><out_Quantity.quantity>202.363118</out_Quantity.quantity></Point><Point><position>13343</position><in_Quantity.quantity>0.000000</in_Quantity.quantity><out_Quantity.quantity>595.799890</out_Quantity.quantity></Point><Point><position>13344</position><in_Quantity.quantity>0.000000</in_Quantity.quantity><out_Quantity.quantity>607.346527</out_Quantity.quantity></Point><Point><position>13345</position><in_Quantity.quantity>0.000000</in_Quantity.quantity><out_Quantity.quantity>883.241830</out_Quantity.quantity></Point><Point><position>13346</position><in_Quantity.quantity>0.000000</in_Quantity.quantity><out_Quantity.quantity>457.259533</out_Quantity.quantity></Point><Point><position>13347</position><in_Quantity.quantity>0.000000</in_Quantity.quantity><out_Quantity.quantity>397.075227</out_Quantity.quantity></Point><Point><position>13348</position><in_Quantity.quantity>0.000000</in_Quantity.quantity><out_Quantity.quantity>777.763000</out_Quantity.quantity></Point><Point><position>13349</position><in_Quantity.quantity>0.000000</in_Quantity.quantity><out_Quantity.quantity>637.833141</out_Quantity.quantity></Point><Point><position>13350</position><in_Quantity.quantity>0.000000</in_Quantity.quantity><out_Quantity.quantity>639.875777</out_Quantity.quantity></Point><Point><position>13351</position><in_Quantity.quantity>0.000000</in_Quantity.quantity><out_Quantity.quantity>273.969972</out_Quantity.quantity></Point><Point><position>13352</position><in_Quantity.quantity>0.000000</in_Quantity.quantity><out_Quantity.quantity>272.592653</out_Quantity.quantity></Point><Point><position>13353</position><in_Quantity.quantity>0.000000</in_Quantity.quantity><out_Quantity.quantity>751.490421</out_Quantity.quantity></Point><Point><position>13354</position><in_Quantity.quantity>0.000000</in_Quantity.quantity><out_Quantity.quantity>214.781168</out_Quantity.quantity></Point><Point><position>13355</position><in_Quantity.quantity>0.000000</in_Quantity.quantity><out_Quantity.quantity>396.613174</out_Quantity.quantity></Point><Point><position>13356</position><in_Quantity.quantity>0.000000</in_Quantity.quantity><out_Quantity.quantity>512.372965</out_Quantity.quantity></Point><Point><position>13357</position><in_Quantity.quantity>0.000000</in_Quantity.quantity><out_Quantity.quantity>971.416908</out_Quantity.quantity></Point><Point><position>13358</position><in_Quantity.quantity>0.000000</in_Quantity.quantity><out_Quantity.quantity>339.263234</out_Quantity.quantity></Point><Point><position>13359</position><in_Quantity.quantity>0.000000</in_Quantity.quantity><out_Quantity.quantity>224.384939</out_Quantity.quantity></Point><Point><position>13360</position><in_Quantity.quantity>0.000000</in_Quantity.quantity><out_Quantity.quantity>363.101326</out_Quantity.quantity></Point><Point><position>13361</position><in_Quantity.quantity>0.000000</in_Quantity.quantity><out_Quantity.quantity>509.407128</out_Quantity.quantity></Point><Point><position>13362</position><in_Quantity.quantity>0.000000</in_Quantity.quantity><out_Quantity.quantity>791.240699</out_Quantity.quantity></Point><Point><position>13363</position><in_Quantity.quantity>0.000000</in_Quantity.quantity><out_Quantity.quantity>893.117457</out_Quantity.quantity></Point><Point><position>13364</position><in_Quantity.quantity>0.000000</in_Quantity.quantity><out_Quantity.quantity>516.484897</out_Quantity.quantity></Point><Point><position>13365</position><in_Quantity.quantity>0.000000</in_Quantity.quantity><out_Quantity.quantity>771.612004</out_Quantity.quantity></Point><Point><position>13366</position><in_Quantity.quantity>0.000000</in_Quantity.quantity><out_Quantity.quantity>614.064070</out_Quantity.quantity></Point><Point><position>13367</position><in_Quantity.quantity>0.000000</in_Quantity.quantity><out_Quantity.quantity>52.410545</out_Quantity.quantity></Point><Point><position>13368</position><in_Quantity.quantity>0.000000</in_Quantity.quantity><out_Quantity.quantity>30.962959</out_Quantity.quantity></Point><Point><position>13369</position><in_Quantity.quantity>0.000000</in_Quantity.quantity><out_Quantity.quantity>665.376446</out_Quantity.quantity></Point><Point><position>13370</position><in_Quantity.quantity>0.000000</in_Quantity.quantity><out_Quantity.quantity>755.973313</out_Quantity.quantity></Point><Point><position>13371</position><in_Quantity.quantity>0.000000</in_Quantity.quantity><out_Quantity.quantity>805.000241</out_Quantity.quantity></Point><Point><position>13372</position><in_Quantity.quantity>0.000000</in_Quantity.quantity><out_Quantity.quantity>376.887334</out_Quantity.quantity></Point><Point><position>13373</position><in_Quantity.quantity>0.000000</in_Quantity.quantity><out_Quantity.quantity>712.254304</out_Quantity.quantity></Point><Point><position>13374</position><in_Quantity.quantity>0.000000</in_Quantity.quantity><out_Quantity.quantity>676.141728</out_Quantity.quantity></Point><Point><position>13375</position><in_Quantity.quantity>0.000000</in_Quantity.quantity><out_Quantity.quantity>175.494374</out_Quantity.quantity></Point><Point><position>13376</position><in_Quantity.quantity>0.000000</in_Quantity.quantity><out_Quantity.quantity>170.047803</out_Quantity.quantity></Point><Point><position>13377</position><in_Quantity.quantity>0.000000</in_Quantity.quantity><out_Quantity.quantity>861.011095</out_Quantity.quantity></Point><Point><position>13378</position><in_Quantity.quantity>0.000000</in_Quantity.quantity><out_Quantity.quantity>687.484526</out_Quantity.quantity></Point><Point><position>13379</position><in_Quantity.quantity>0.000000</in_Quantity.quantity><out_Quantity.quantity>401.942602</out_Quantity.quantity></Point><Point><position>13380</position><in_Quantity.quantity>0.000000</in_Quantity.quantity><out_Quantity.quantity>849.971156</out_Quantity.quantity></Point><Point><position>13381</position><in_Quantity.quantity>0.000000</in_Quantity.quantity><out_Quantity.quantity>966.989264</out_Quantity.quantity></Point><Point><position>13382</position><in_Quantity.quantity>0.000000</in_Quantity.quantity><out_Quantity.quantity>336.692655</out_Quantity.quantity></Point><Point><position>13383</position><in_Quantity.quantity>0.000000</in_Quantity.quantity><out_Quantity.quantity>366.141638</out_Quantity.quantity></Point><Point><position>13384</position><in_Quantity.quantity>0.000000</in_Quantity.quantity><out_Quantity.quantity>149.495815</out_Quantity.quantity></Point><Point><position>13385</position><in_Quantity.quantity>0.000000</in_Quantity.quantity><out_Quantity.quantity>930.916413</out_Quantity.quantity></Point><Point><position>13386</position><in_Quantity.quantity>0.000000</in_Quantity.quantity><out_Quantity.quantity>859.917209</out_Quantity.quantity></Point><Point><position>13387</position><in_Quantity.quantity>0.000000</in_Quantity.quantity><out_Quantity.quantity>579.372184</out_Quantity.quantity></Point><Point><position>13388</position><in_Quantity.quantity>0.000000</in_Quantity.quantity><out_Quantity.quantity>842.409234</out_Quantity.quantity></Point><Point><position>13389</position><in_Quantity.quantity>0.000000</in_Quantity.quantity><out_Quantity.quantity>818.407430</out_Quantity.quantity></Point><Point><position>13390</position><in_Quantity.quantity>0.000000</in_Quantity.quantity><out_Quantity.quantity>432.853014</out_Quantity.quantity></Point><Point><position>13391</position><in_Quantity.quantity>0.000000</in_Quantity.quantity><out_Quantity.quantity>769.849578</out_Quantity.quantity></Point><Point><position>13392</position><in_Quantity.quantity>0.000000</in_Quantity.quantity><out_Quantity.quantity>309.005484</out_Quantity.quantity></Point><Point><position>13393</position><in_Quantity.quantity>0.000000</in_Quantity.quantity><out_Quantity.quantity>746.016396</out_Quantity.quantity></Point><Point><position>13394</position><in_Quantity.quantity>0.000000</in_Quantity.quantity><out_Quantity.quantity>915.319243</out_Quantity.quantity></Point><Point><position>13395</position><in_Quantity.quantity>0.000000</in_Quantity.quantity><out_Quantity.quantity>764.414510</out_Quantity.quantity></Point><Point><position>13396</position><in_Quantity.quantity>0.000000</in_Quantity.quantity><out_Quantity.quantity>435.362492</out_Quantity.quantity></Point><Point><position>13397</position><in_Quantity.quantity>0.000000</in_Quantity.quantity><out_Quantity.quantity>247.751558</out_Quantity.quantity></Point><Point><position>13398</position><in_Quantity.quantity>0.000000</in_Quantity.quantity><out_Quantity.quantity>408.240823</out_Quantity.quantity></Point><Point><position>13399</position><in_Quantity.quantity>0.000000</in_Quantity.quantity><out_Quantity.quantity>439.610505</out_Quantity.quantity></Point><Point><position>13400</position><in_Quantity.quantity>0.000000</in_Quantity.quantity><out_Quantity.quantity>651.462082</out_Quantity.quantity></Point><Point><position>13401</position><in_Quantity.quantity>0.000000</in_Quantity.quantity><out_Quantity.quantity>634.019026</out_Quantity.quantity></Point><Point><position>13402</position><in_Quantity.quantity>0.000000</in_Quantity.quantity><out_Quantity.quantity>971.144576</out_Quantity.quantity></Point><Point><position>13403</position><in_Quantity.quantity>0.000000</in_Quantity.quantity><out_Quantity.quantity>408.682317</out_Quantity.quantity></Point><Point><position>13404</position><in_Quantity.quantity>0.000000</in_Quantity.quantity><out_Quantity.quantity>417.145895</out_Quantity.quantity></Point><Point><position>13405</position><in_Quantity.quantity>0.000000</in_Quantity.quantity><out_Quantity.quantity>167.012808</out_Quantity.quantity></Point><Point><position>13406</position><in_Quantity.quantity>0.000000</in_Quantity.quantity><out_Quantity.quantity>139.658084</out_Quantity.quantity></Point><Point><position>13407</position><in_Quantity.quantity>0.000000</in_Quantity.quantity><out_Quantity.quantity>462.121861</out_Quantity.quantity></Point><Point><position>13408</position><in_Quantity.quantity>0.000000</in_Quantity.quantity><out_Quantity.quantity>324.004099</out_Quantity.quantity></Point><Point><position>13409</position><in_Quantity.quantity>0.000000</in_Quantity.quantity><out_Quantity.quantity>341.699049</out_Quantity.quantity></Point><Point><position>13410</position><in_Quantity.quantity>0.000000</in_Quantity.quantity><out_Quantity.quantity>457.858894</out_Quantity.quantity></Point><Point><position>13411</position><in_Quantity.quantity>0.000000</in_Quantity.quantity><out_Quantity.quantity>407.364922</out_Quantity.quantity></Point><Point><position>13412</position><in_Quantity.quantity>0.000000</in_Quantity.quantity><out_Quantity.quantity>775.582016</out_Quantity.quantity></Point><Point><position>13413</position><in_Quantity.quantity>0.000000</in_Quantity.quantity><out_Quantity.quantity>568.128874</out_Quantity.quantity></Point><Point><position>13414</position><in_Quantity.quantity>0.000000</in_Quantity.quantity><out_Quantity.quantity>252.444722</out_Quantity.quantity></Point><Point><position>13415</position><in_Quantity.quantity>0.000000</in_Quantity.quantity><out_Quantity.quantity>404.709181</out_Quantity.quantity></Point><Point><position>13416</position><in_Quantity.quantity>0.000000</in_Quantity.quantity><out_Quantity.quantity>855.467039</out_Quantity.quantity></Point><Point><position>13417</position><in_Quantity.quantity>0.000000</in_Quantity.quantity><out_Quantity.quantity>714.773142</out_Quantity.quantity></Point><Point><position>13418</position><in_Quantity.quantity>0.000000</in_Quantity.quantity><out_Quantity.quantity>312.274034</out_Quantity.quantity></Point><Point><position>13419</position><in_Quantity.quantity>0.000000</in_Quantity.quantity><out_Quantity.quantity>645.847646</out_Quantity.quantity></Point><Point><position>13420</position><in_Quantity.quantity>0.000000</in_Quantity.quantity><out_Quantity.quantity>540.245120</out_Quantity.quantity></Point><Point><position>13421</position><in_Quantity.quantity>0.000000</in_Quantity.quantity><out_Quantity.quantity>998.262490</out_Quantity.quantity></Point><Point><position>13422</position><in_Quantity.quantity>0.000000</in_Quantity.quantity><out_Quantity.quantity>137.660505</out_Quantity.quantity></Point><Point><position>13423</position><in_Quantity.quantity>0.000000</in_Quantity.quantity><out_Quantity.quantity>736.600027</out_Quantity.quantity></Point><Point><position>13424</position><in_Quantity.quantity>0.000000</in_Quantity.quantity><out_Quantity.quantity>361.654674</out_Quantity.quantity></Point><Point><position>13425</position><in_Quantity.quantity>0.000000</in_Quantity.quantity><out_Quantity.quantity>573.547033</out_Quantity.quantity></Point><Point><position>13426</position><in_Quantity.quantity>0.000000</in_Quantity.quantity><out_Quantity.quantity>550.031480</out_Quantity.quantity></Point><Point><position>13427</position><in_Quantity.quantity>0.000000</in_Quantity.quantity><out_Quantity.quantity>962.748346</out_Quantity.quantity></Point><Point><position>13428</position><in_Quantity.quantity>0.000000</in_Quantity.quantity><out_Quantity.quantity>126.049036</out_Quantity.quantity></Point><Point><position>13429</position><in_Quantity.quantity>0.000000</in_Quantity.quantity><out_Quantity.quantity>627.404409</out_Quantity.quantity></Point><Point><position>13430</position><in_Quantity.quantity>0.000000</in_Quantity.quantity><out_Quantity.quantity>72.970421</out_Quantity.quantity></Point><Point><position>13431</position><in_Quantity.quantity>0.000000</in_Quantity.quantity><out_Quantity.quantity>694.922170</out_Quantity.quantity></Point><Point><position>13432</position><in_Quantity.quantity>0.000000</in_Quantity.quantity><out_Quantity.quantity>432.757368</out_Quantity.quantity></Point><Point><position>13433</position><in_Quantity.quantity>0.000000</in_Quantity.quantity><out_Quantity.quantity>369.788011</out_Quantity.quantity></Point><Point><position>13434</position><in_Quantity.quantity>0.000000</in_Quantity.quantity><out_Quantity.quantity>333.726620</out_Quantity.quantity></Point><Point><position>13435</position><in_Quantity.quantity>0.000000</in_Quantity.quantity><out_Quantity.quantity>681.056704</out_Quantity.quantity></Point><Point><position>13436</position><in_Quantity.quantity>0.000000</in_Quantity.quantity><out_Quantity.quantity>202.073372</out_Quantity.quantity></Point><Point><position>13437</position><in_Quantity.quantity>0.000000</in_Quantity.quantity><out_Quantity.quantity>848.143779</out_Quantity.quantity></Point><Point><position>13438</position><in_Quantity.quantity>0.000000</in_Quantity.quantity><out_Quantity.quantity>468.738521</out_Quantity.quantity></Point><Point><position>13439</position><in_Quantity.quantity>0.000000</in_Quantity.quantity><out_Quantity.quantity>15.231354</out_Quantity.quantity></Point><Point><position>13440</position><in_Quantity.quantity>0.000000</in_Quantity.quantity><out_Quantity.quantity>199.476252</out_Quantity.quantity></Point><Point><position>13441</position><in_Quantity.quantity>0.000000</in_Quantity.quantity><out_Quantity.quantity>815.124512</out_Quantity.quantity></Point><Point><position>13442</position><in_Quantity.quantity>0.000000</in_Quantity.quantity><out_Quantity.quantity>614.395930</out_Quantity.quantity></Point><Point><position>13443</position><in_Quantity.quantity>0.000000</in_Quantity.quantity><out_Quantity.quantity>516.131005</out_Quantity.quantity></Point><Point><position>13444</position><in_Quantity.quantity>0.000000</in_Quantity.quantity><out_Quantity.quantity>305.073562</out_Quantity.quantity></Point><Point><position>13445</position><in_Quantity.quantity>0.000000</in_Quantity.quantity><out_Quantity.quantity>27.512118</out_Quantity.quantity></Point><Point><position>13446</position><in_Quantity.quantity>0.000000</in_Quantity.quantity><out_Quantity.quantity>186.020458</out_Quantity.quantity></Point><Point><position>13447</position><in_Quantity.quantity>0.000000</in_Quantity.quantity><out_Quantity.quantity>992.021494</out_Quantity.quantity></Point><Point><position>13448</position><in_Quantity.quantity>0.000000</in_Quantity.quantity><out_Quantity.quantity>165.028873</out_Quantity.quantity></Point><Point><position>13449</position><in_Quantity.quantity>0.000000</in_Quantity.quantity><out_Quantity.quantity>893.588205</out_Quantity.quantity></Point><Point><position>13450</position><in_Quantity.quantity>0.000000</in_Quantity.quantity><out_Quantity.quantity>597.389276</out_Quantity.quantity></Point><Point><position>13451</position><in_Quantity.quantity>0.000000</in_Quantity.quantity><out_Quantity.quantity>34.226398</out_Quantity.quantity></Point><Point><position>13452</position><in_Quantity.quantity>0.000000</in_Quantity.quantity><out_Quantity.quantity>169.584484</out_Quantity.quantity></Point><Point><position>13453</position><in_Quantity.quantity>0.000000</in_Quantity.quantity><out_Quantity.quantity>772.993842</out_Quantity.quantity></Point><Point><position>13454</position><in_Quantity.quantity>0.000000</in_Quantity.quantity><out_Quantity.quantity>310.978258</out_Quantity.quantity></Point><Point><position>13455</position><in_Quantity.quantity>0.000000</in_Quantity.quantity><out_Quantity.quantity>583.021626</out_Quantity.quantity></Point><Point><position>13456</position><in_Quantity.quantity>0.000000</in_Quantity.quantity><out_Quantity.quantity>880.224853</out_Quantity.quantity></Point><Point><position>13457</position><in_Quantity.quantity>0.000000</in_Quantity.quantity><out_Quantity.quantity>283.522799</out_Quantity.quantity></Point><Point><position>13458</position><in_Quantity.quantity>0.000000</in_Quantity.quantity><out_Quantity.quantity>899.942969</out_Quantity.quantity></Point><Point><position>13459</position><in_Quantity.quantity>0.000000</in_Quantity.quantity><out_Quantity.quantity>888.703967</out_Quantity.quantity></Point><Point><position>13460</position><in_Quantity.quantity>0.000000</in_Quantity.quantity><out_Quantity.quantity>518.682954</out_Quantity.quantity></Point><Point><position>13461</position><in_Quantity.quantity>0.000000</in_Quantity.quantity><out_Quantity.quantity>548.429172</out_Quantity.quantity></Point><Point><position>13462</position><in_Quantity.quantity>0.000000</in_Quantity.quantity><out_Quantity.quantity>618.322515</out_Quantity.quantity></Point><Point><position>13463</position><in_Quantity.quantity>0.000000</in_Quantity.quantity><out_Quantity.quantity>228.255889</out_Quantity.quantity></Point><Point><position>13464</position><in_Quantity.quantity>0.000000</in_Quantity.quantity><out_Quantity.quantity>545.405780</out_Quantity.quantity></Point><Point><position>13465</position><in_Quantity.quantity>0.000000</in_Quantity.quantity><out_Quantity.quantity>421.625406</out_Quantity.quantity></Point><Point><position>13466</position><in_Quantity.quantity>0.000000</in_Quantity.quantity><out_Quantity.quantity>994.265936</out_Quantity.quantity></Point><Point><position>13467</position><in_Quantity.quantity>0.000000</in_Quantity.quantity><out_Quantity.quantity>782.564764</out_Quantity.quantity></Point><Point><position>13468</position><in_Quantity.quantity>0.000000</in_Quantity.quantity><out_Quantity.quantity>756.113023</out_Quantity.quantity></Point><Point><position>13469</position><in_Quantity.quantity>0.000000</in_Quantity.quantity><out_Quantity.quantity>186.581201</out_Quantity.quantity></Point><Point><position>13470</position><in_Quantity.quantity>0.000000</in_Quantity.quantity><out_Quantity.quantity>624.400703</out_Quantity.quantity></Point><Point><position>13471</position><in_Quantity.quantity>0.000000</in_Quantity.quantity><out_Quantity.quantity>647.174505</out_Quantity.quantity></Point><Point><position>13472</position><in_Quantity.quantity>0.000000</in_Quantity.quantity><out_Quantity.quantity>937.766455</out_Quantity.quantity></Point><Point><position>13473</position><in_Quantity.quantity>0.000000</in_Quantity.quantity><out_Quantity.quantity>172.684237</out_Quantity.quantity></Point><Point><position>13474</position><in_Quantity.quantity>0.000000</in_Quantity.quantity><out_Quantity.quantity>399.832756</out_Quantity.quantity></Point><Point><position>13475</position><in_Quantity.quantity>0.000000</in_Quantity.quantity><out_Quantity.quantity>521.215396</out_Quantity.quantity></Point><Point><position>13476</position><in_Quantity.quantity>0.000000</in_Quantity.quantity><out_Quantity.quantity>92.198950</out_Quantity.quantity></Point><Point><position>13477</position><in_Quantity.quantity>0.000000</in_Quantity.quantity><out_Quantity.quantity>557.638219</out_Quantity.quantity></Point><Point><position>13478</position><in_Quantity.quantity>0.000000</in_Quantity.quantity><out_Quantity.quantity>953.854298</out_Quantity.quantity></Point><Point><position>13479</position><in_Quantity.quantity>0.000000</in_Quantity.quantity><out_Quantity.quantity>621.371326</out_Quantity.quantity></Point><Point><position>13480</position><in_Quantity.quantity>0.000000</in_Quantity.quantity><out_Quantity.quantity>672.452970</out_Quantity.quantity></Point><Point><position>13481</position><in_Quantity.quantity>0.000000</in_Quantity.quantity><out_Quantity.quantity>651.797563</out_Quantity.quantity></Point><Point><position>13482</position><in_Quantity.quantity>0.000000</in_Quantity.quantity><out_Quantity.quantity>332.923846</out_Quantity.quantity></Point><Point><position>13483</position><in_Quantity.quantity>0.000000</in_Quantity.quantity><out_Quantity.quantity>729.439172</out_Quantity.quantity></Point><Point><position>13484</position><in_Quantity.quantity>0.000000</in_Quantity.quantity><out_Quantity.quantity>910.946211</out_Quantity.quantity></Point><Point><position>13485</position><in_Quantity.quantity>0.000000</in_Quantity.quantity><out_Quantity.quantity>791.171232</out_Quantity.quantity></Point><Point><position>13486</position><in_Quantity.quantity>0.000000</in_Quantity.quantity><out_Quantity.quantity>785.228919</out_Quantity.quantity></Point><Point><position>13487</position><in_Quantity.quantity>0.000000</in_Quantity.quantity><out_Quantity.quantity>676.187728</out_Quantity.quantity></Point><Point><position>13488</position><in_Quantity.quantity>0.000000</in_Quantity.quantity><out_Quantity.quantity>190.479660</out_Quantity.quantity></Point><Point><position>13489</position><in_Quantity.quantity>0.000000</in_Quantity.quantity><out_Quantity.quantity>790.044149</out_Quantity.quantity></Point><Point><position>13490</position><in_Quantity.quantity>0.000000</in_Quantity.quantity><out_Quantity.quantity>315.148922</out_Quantity.quantity></Point><Point><position>13491</position><in_Quantity.quantity>0.000000</in_Quantity.quantity><out_Quantity.quantity>793.464910</out_Quantity.quantity></Point><Point><position>13492</position><in_Quantity.quantity>0.000000</in_Quantity.quantity><out_Quantity.quantity>938.113221</out_Quantity.quantity></Point><Point><position>13493</position><in_Quantity.quantity>0.000000</in_Quantity.quantity><out_Quantity.quantity>17.745236</out_Quantity.quantity></Point><Point><position>13494</position><in_Quantity.quantity>0.000000</in_Quantity.quantity><out_Quantity.quantity>764.398933</out_Quantity.quantity></Point><Point><position>13495</position><in_Quantity.quantity>0.000000</in_Quantity.quantity><out_Quantity.quantity>481.810696</out_Quantity.quantity></Point><Point><position>13496</position><in_Quantity.quantity>0.000000</in_Quantity.quantity><out_Quantity.quantity>212.192035</out_Quantity.quantity></Point><Point><position>13497</position><in_Quantity.quantity>0.000000</in_Quantity.quantity><out_Quantity.quantity>942.421140</out_Quantity.quantity></Point><Point><position>13498</position><in_Quantity.quantity>0.000000</in_Quantity.quantity><out_Quantity.quantity>118.279952</out_Quantity.quantity></Point><Point><position>13499</position><in_Quantity.quantity>0.000000</in_Quantity.quantity><out_Quantity.quantity>599.290164</out_Quantity.quantity></Point><Point><position>13500</position><in_Quantity.quantity>0.000000</in_Quantity.quantity><out_Quantity.quantity>640.100342</out_Quantity.quantity></Point><Point><position>13501</position><in_Quantity.quantity>0.000000</in_Quantity.quantity><out_Quantity.quantity>687.334613</out_Quantity.quantity></Point><Point><position>13502</position><in_Quantity.quantity>0.000000</in_Quantity.quantity><out_Quantity.quantity>398.368615</out_Quantity.quantity></Point><Point><position>13503</position><in_Quantity.quantity>0.000000</in_Quantity.quantity><out_Quantity.quantity>705.897656</out_Quantity.quantity></Point><Point><position>13504</position><in_Quantity.quantity>0.000000</in_Quantity.quantity><out_Quantity.quantity>94.727459</out_Quantity.quantity></Point><Point><position>13505</position><in_Quantity.quantity>0.000000</in_Quantity.quantity><out_Quantity.quantity>229.427833</out_Quantity.quantity></Point><Point><position>13506</position><in_Quantity.quantity>0.000000</in_Quantity.quantity><out_Quantity.quantity>123.763037</out_Quantity.quantity></Point><Point><position>13507</position><in_Quantity.quantity>0.000000</in_Quantity.quantity><out_Quantity.quantity>15.342467</out_Quantity.quantity></Point><Point><position>13508</position><in_Quantity.quantity>0.000000</in_Quantity.quantity><out_Quantity.quantity>739.614693</out_Quantity.quantity></Point><Point><position>13509</position><in_Quantity.quantity>0.000000</in_Quantity.quantity><out_Quantity.quantity>342.885585</out_Quantity.quantity></Point><Point><position>13510</position><in_Quantity.quantity>0.000000</in_Quantity.quantity><out_Quantity.quantity>621.743442</out_Quantity.quantity></Point><Point><position>13511</position><in_Quantity.quantity>0.000000</in_Quantity.quantity><out_Quantity.quantity>364.104600</out_Quantity.quantity></Point><Point><position>13512</position><in_Quantity.quantity>0.000000</in_Quantity.quantity><out_Quantity.quantity>125.461971</out_Quantity.quantity></Point><Point><position>13513</position><in_Quantity.quantity>0.000000</in_Quantity.quantity><out_Quantity.quantity>86.867930</out_Quantity.quantity></Point><Point><position>13514</position><in_Quantity.quantity>0.000000</in_Quantity.quantity><out_Quantity.quantity>659.579208</out_Quantity.quantity></Point><Point><position>13515</position><in_Quantity.quantity>0.000000</in_Quantity.quantity><out_Quantity.quantity>446.562808</out_Quantity.quantity></Point><Point><position>13516</position><in_Quantity.quantity>0.000000</in_Quantity.quantity><out_Quantity.quantity>712.907321</out_Quantity.quantity></Point><Point><position>13517</position><in_Quantity.quantity>0.000000</in_Quantity.quantity><out_Quantity.quantity>867.511641</out_Quantity.quantity></Point><Point><position>13518</position><in_Quantity.quantity>0.000000</in_Quantity.quantity><out_Quantity.quantity>405.118416</out_Quantity.quantity></Point><Point><position>13519</position><in_Quantity.quantity>0.000000</in_Quantity.quantity><out_Quantity.quantity>537.959124</out_Quantity.quantity></Point><Point><position>13520</position><in_Quantity.quantity>0.000000</in_Quantity.quantity><out_Quantity.quantity>822.428012</out_Quantity.quantity></Point><Point><position>13521</position><in_Quantity.quantity>0.000000</in_Quantity.quantity><out_Quantity.quantity>398.542867</out_Quantity.quantity></Point><Point><position>13522</position><in_Quantity.quantity>0.000000</in_Quantity.quantity><out_Quantity.quantity>793.953274</out_Quantity.quantity></Point><Point><position>13523</position><in_Quantity.quantity>0.000000</in_Quantity.quantity><out_Quantity.quantity>916.603533</out_Quantity.quantity></Point><Point><position>13524</position><in_Quantity.quantity>0.000000</in_Quantity.quantity><out_Quantity.quantity>576.630482</out_Quantity.quantity></Point><Point><position>13525</position><in_Quantity.quantity>0.000000</in_Quantity.quantity><out_Quantity.quantity>131.869972</out_Quantity.quantity></Point><Point><position>13526</position><in_Quantity.quantity>0.000000</in_Quantity.quantity><out_Quantity.quantity>270.485192</out_Quantity.quantity></Point><Point><position>13527</position><in_Quantity.quantity>0.000000</in_Quantity.quantity><out_Quantity.quantity>20.004892</out_Quantity.quantity></Point><Point><position>13528</position><in_Quantity.quantity>0.000000</in_Quantity.quantity><out_Quantity.quantity>217.819883</out_Quantity.quantity></Point><Point><position>13529</position><in_Quantity.quantity>0.000000</in_Quantity.quantity><out_Quantity.quantity>109.018007</out_Quantity.quantity></Point><Point><position>13530</position><in_Quantity.quantity>0.000000</in_Quantity.quantity><out_Quantity.quantity>332.182804</out_Quantity.quantity></Point><Point><position>13531</position><in_Quantity.quantity>0.000000</in_Quantity.quantity><out_Quantity.quantity>895.010817</out_Quantity.quantity></Point><Point><position>13532</position><in_Quantity.quantity>0.000000</in_Quantity.quantity><out_Quantity.quantity>683.633452</out_Quantity.quantity></Point><Point><position>13533</position><in_Quantity.quantity>0.000000</in_Quantity.quantity><out_Quantity.quantity>598.054475</out_Quantity.quantity></Point><Point><position>13534</position><in_Quantity.quantity>0.000000</in_Quantity.quantity><out_Quantity.quantity>990.047371</out_Quantity.quantity></Point><Point><position>13535</position><in_Quantity.quantity>0.000000</in_Quantity.quantity><out_Quantity.quantity>11.112769</out_Quantity.quantity></Point><Point><position>13536</position><in_Quantity.quantity>0.000000</in_Quantity.quantity><out_Quantity.quantity>428.246668</out_Quantity.quantity></Point><Point><position>13537</position><in_Quantity.quantity>0.000000</in_Quantity.quantity><out_Quantity.quantity>738.822102</out_Quantity.quantity></Point><Point><position>13538</position><in_Quantity.quantity>0.000000</in_Quantity.quantity><out_Quantity.quantity>80.513589</out_Quantity.quantity></Point><Point><position>13539</position><in_Quantity.quantity>0.000000</in_Quantity.quantity><out_Quantity.quantity>606.764884</out_Quantity.quantity></Point><Point><position>13540</position><in_Quantity.quantity>0.000000</in_Quantity.quantity><out_Quantity.quantity>448.946491</out_Quantity.quantity></Point><Point><position>13541</position><in_Quantity.quantity>0.000000</in_Quantity.quantity><out_Quantity.quantity>226.397292</out_Quantity.quantity></Point><Point><position>13542</position><in_Quantity.quantity>0.000000</in_Quantity.quantity><out_Quantity.quantity>137.689423</out_Quantity.quantity></Point><Point><position>13543</position><in_Quantity.quantity>0.000000</in_Quantity.quantity><out_Quantity.quantity>743.462757</out_Quantity.quantity></Point><Point><position>13544</position><in_Quantity.quantity>0.000000</in_Quantity.quantity><out_Quantity.quantity>920.498929</out_Quantity.quantity></Point><Point><position>13545</position><in_Quantity.quantity>0.000000</in_Quantity.quantity><out_Quantity.quantity>582.531515</out_Quantity.quantity></Point><Point><position>13546</position><in_Quantity.quantity>0.000000</in_Quantity.quantity><out_Quantity.quantity>375.355390</out_Quantity.quantity></Point><Point><position>13547</position><in_Quantity.quantity>0.000000</in_Quantity.quantity><out_Quantity.quantity>409.620230</out_Quantity.quantity></Point><Point><position>13548</position><in_Quantity.quantity>0.000000</in_Quantity.quantity><out_Quantity.quantity>686.089417</out_Quantity.quantity></Point><Point><position>13549</position><in_Quantity.quantity>0.000000</in_Quantity.quantity><out_Quantity.quantity>37.940604</out_Quantity.quantity></Point><Point><position>13550</position><in_Quantity.quantity>0.000000</in_Quantity.quantity><out_Quantity.quantity>746.812725</out_Quantity.quantity></Point><Point><position>13551</position><in_Quantity.quantity>0.000000</in_Quantity.quantity><out_Quantity.quantity>67.489253</out_Quantity.quantity></Point><Point><position>13552</position><in_Quantity.quantity>0.000000</in_Quantity.quantity><out_Quantity.quantity>947.567893</out_Quantity.quantity></Point><Point><position>13553</position><in_Quantity.quantity>0.000000</in_Quantity.quantity><out_Quantity.quantity>361.869672</out_Quantity.quantity></Point><Point><position>13554</position><in_Quantity.quantity>0.000000</in_Quantity.quantity><out_Quantity.quantity>226.293264</out_Quantity.quantity></Point><Point><position>13555</position><in_Quantity.quantity>0.000000</in_Quantity.quantity><out_Quantity.quantity>658.915692</out_Quantity.quantity></Point><Point><position>13556</position><in_Quantity.quantity>0.000000</in_Quantity.quantity><out_Quantity.quantity>345.174279</out_Quantity.quantity></Point><Point><position>13557</position><in_Quantity.quantity>0.000000</in_Quantity.quantity><out_Quantity.quantity>637.166747</out_Quantity.quantity></Point><Point><position>13558</position><in_Quantity.quantity>0.000000</in_Quantity.quantity><out_Quantity.quantity>369.895452</out_Quantity.quantity></Point><Point><position>13559</position><in_Quantity.quantity>0.000000</in_Quantity.quantity><out_Quantity.quantity>969.032210</out_Quantity.quantity></Point><Point><position>13560</position><in_Quantity.quantity>0.000000</in_Quantity.quantity><out_Quantity.quantity>93.983255</out_Quantity.quantity></Point><Point><position>13561</position><in_Quantity.quantity>0.000000</in_Quantity.quantity><out_Quantity.quantity>454.944169</out_Quantity.quantity></Point><Point><position>13562</position><in_Quantity.quantity>0.000000</in_Quantity.quantity><out_Quantity.quantity>424.231194</out_Quantity.quantity></Point><Point><position>13563</position><in_Quantity.quantity>0.000000</in_Quantity.quantity><out_Quantity.quantity>201.157182</out_Quantity.quantity></Point><Point><position>13564</position><in_Quantity.quantity>0.000000</in_Quantity.quantity><out_Quantity.quantity>622.233817</out_Quantity.quantity></Point><Point><position>13565</position><in_Quantity.quantity>0.000000</in_Quantity.quantity><out_Quantity.quantity>466.005159</out_Quantity.quantity></Point><Point><position>13566</position><in_Quantity.quantity>0.000000</in_Quantity.quantity><out_Quantity.quantity>422.906112</out_Quantity.quantity></Point><Point><position>13567</position><in_Quantity.quantity>0.000000</in_Quantity.quantity><out_Quantity.quantity>949.572170</out_Quantity.quantity></Point><Point><position>13568</position><in_Quantity.quantity>0.000000</in_Quantity.quantity><out_Quantity.quantity>726.694527</out_Quantity.quantity></Point><Point><position>13569</position><in_Quantity.quantity>0.000000</in_Quantity.quantity><out_Quantity.quantity>926.142135</out_Quantity.quantity></Point><Point><position>13570</position><in_Quantity.quantity>0.000000</in_Quantity.quantity><out_Quantity.quantity>567.196919</out_Quantity.quantity></Point><Point><position>13571</position><in_Quantity.quantity>0.000000</in_Quantity.quantity><out_Quantity.quantity>229.192227</out_Quantity.quantity></Point><Point><position>13572</position><in_Quantity.quantity>0.000000</in_Quantity.quantity><out_Quantity.quantity>48.500966</out_Quantity.quantity></Point><Point><position>13573</position><in_Quantity.quantity>0.000000</in_Quantity.quantity><out_Quantity.quantity>892.404876</out_Quantity.quantity></Point><Point><position>13574</position><in_Quantity.quantity>0.000000</in_Quantity.quantity><out_Quantity.quantity>457.150225</out_Quantity.quantity></Point><Point><position>13575</position><in_Quantity.quantity>0.000000</in_Quantity.quantity><out_Quantity.quantity>402.980923</out_Quantity.quantity></Point><Point><position>13576</position><in_Quantity.quantity>0.000000</in_Quantity.quantity><out_Quantity.quantity>245.779314</out_Quantity.quantity></Point><Point><position>13577</position><in_Quantity.quantity>0.000000</in_Quantity.quantity><out_Quantity.quantity>793.434634</out_Quantity.quantity></Point><Point><position>13578</position><in_Quantity.quantity>0.000000</in_Quantity.quantity><out_Quantity.quantity>544.739174</out_Quantity.quantity></Point><Point><position>13579</position><in_Quantity.quantity>0.000000</in_Quantity.quantity><out_Quantity.quantity>216.066812</out_Quantity.quantity></Point><Point><position>13580</position><in_Quantity.quantity>0.000000</in_Quantity.quantity><out_Quantity.quantity>428.689327</out_Quantity.quantity></Point><Point><position>13581</position><in_Quantity.quantity>0.000000</in_Quantity.quantity><out_Quantity.quantity>525.774025</out_Quantity.quantity></Point><Point><position>13582</position><in_Quantity.quantity>0.000000</in_Quantity.quantity><out_Quantity.quantity>555.963299</out_Quantity.quantity></Point><Point><position>13583</position><in_Quantity.quantity>0.000000</in_Quantity.quantity><out_Quantity.quantity>339.634003</out_Quantity.quantity></Point><Point><position>13584</position><in_Quantity.quantity>0.000000</in_Quantity.quantity><out_Quantity.quantity>851.601954</out_Quantity.quantity></Point><Point><position>13585</position><in_Quantity.quantity>0.000000</in_Quantity.quantity><out_Quantity.quantity>470.824910</out_Quantity.quantity></Point><Point><position>13586</position><in_Quantity.quantity>0.000000</in_Quantity.quantity><out_Quantity.quantity>590.191155</out_Quantity.quantity></Point><Point><position>13587</position><in_Quantity.quantity>0.000000</in_Quantity.quantity><out_Quantity.quantity>534.770980</out_Quantity.quantity></Point><Point><position>13588</position><in_Quantity.quantity>0.000000</in_Quantity.quantity><out_Quantity.quantity>927.501682</out_Quantity.quantity></Point><Point><position>13589</position><in_Quantity.quantity>0.000000</in_Quantity.quantity><out_Quantity.quantity>443.650769</out_Quantity.quantity></Point><Point><position>13590</position><in_Quantity.quantity>0.000000</in_Quantity.quantity><out_Quantity.quantity>247.051357</out_Quantity.quantity></Point><Point><position>13591</position><in_Quantity.quantity>0.000000</in_Quantity.quantity><out_Quantity.quantity>51.813185</out_Quantity.quantity></Point><Point><position>13592</position><in_Quantity.quantity>0.000000</in_Quantity.quantity><out_Quantity.quantity>145.678916</out_Quantity.quantity></Point><Point><position>13593</position><in_Quantity.quantity>0.000000</in_Quantity.quantity><out_Quantity.quantity>553.251429</out_Quantity.quantity></Point><Point><position>13594</position><in_Quantity.quantity>0.000000</in_Quantity.quantity><out_Quantity.quantity>291.822578</out_Quantity.quantity></Point><Point><position>13595</position><in_Quantity.quantity>0.000000</in_Quantity.quantity><out_Quantity.quantity>170.029706</out_Quantity.quantity></Point><Point><position>13596</position><in_Quantity.quantity>0.000000</in_Quantity.quantity><out_Quantity.quantity>494.056244</out_Quantity.quantity></Point><Point><position>13597</position><in_Quantity.quantity>0.000000</in_Quantity.quantity><out_Quantity.quantity>646.790733</out_Quantity.quantity></Point><Point><position>13598</position><in_Quantity.quantity>0.000000</in_Quantity.quantity><out_Quantity.quantity>674.751203</out_Quantity.quantity></Point><Point><position>13599</position><in_Quantity.quantity>0.000000</in_Quantity.quantity><out_Quantity.quantity>109.068384</out_Quantity.quantity></Point><Point><position>13600</position><in_Quantity.quantity>0.000000</in_Quantity.quantity><out_Quantity.quantity>191.457645</out_Quantity.quantity></Point><Point><position>13601</position><in_Quantity.quantity>0.000000</in_Quantity.quantity><out_Quantity.quantity>239.606324</out_Quantity.quantity></Point><Point><position>13602</position><in_Quantity.quantity>0.000000</in_Quantity.quantity><out_Quantity.quantity>733.573167</out_Quantity.quantity></Point><Point><position>13603</position><in_Quantity.quantity>0.000000</in_Quantity.quantity><out_Quantity.quantity>654.503013</out_Quantity.quantity></Point><Point><position>13604</position><in_Quantity.quantity>0.000000</in_Quantity.quantity><out_Quantity.quantity>455.458243</out_Quantity.quantity></Point><Point><position>13605</position><in_Quantity.quantity>0.000000</in_Quantity.quantity><out_Quantity.quantity>350.110390</out_Quantity.quantity></Point><Point><position>13606</position><in_Quantity.quantity>0.000000</in_Quantity.quantity><out_Quantity.quantity>743.006996</out_Quantity.quantity></Point><Point><position>13607</position><in_Quantity.quantity>0.000000</in_Quantity.quantity><out_Quantity.quantity>523.214272</out_Quantity.quantity></Point><Point><position>13608</position><in_Quantity.quantity>0.000000</in_Quantity.quantity><out_Quantity.quantity>154.706992</out_Quantity.quantity></Point><Point><position>13609</position><in_Quantity.quantity>0.000000</in_Quantity.quantity><out_Quantity.quantity>732.046728</out_Quantity.quantity></Point><Point><position>13610</position><in_Quantity.quantity>0.000000</in_Quantity.quantity><out_Quantity.quantity>375.022346</out_Quantity.quantity></Point><Point><position>13611</position><in_Quantity.quantity>0.000000</in_Quantity.quantity><out_Quantity.quantity>831.830732</out_Quantity.quantity></Point><Point><position>13612</position><in_Quantity.quantity>0.000000</in_Quantity.quantity><out_Quantity.quantity>583.758400</out_Quantity.quantity></Point><Point><position>13613</position><in_Quantity.quantity>0.000000</in_Quantity.quantity><out_Quantity.quantity>627.538324</out_Quantity.quantity></Point><Point><position>13614</position><in_Quantity.quantity>0.000000</in_Quantity.quantity><out_Quantity.quantity>616.177070</out_Quantity.quantity></Point><Point><position>13615</position><in_Quantity.quantity>0.000000</in_Quantity.quantity><out_Quantity.quantity>995.587119</out_Quantity.quantity></Point><Point><position>13616</position><in_Quantity.quantity>0.000000</in_Quantity.quantity><out_Quantity.quantity>900.357998</out_Quantity.quantity></Point><Point><position>13617</position><in_Quantity.quantity>0.000000</in_Quantity.quantity><out_Quantity.quantity>923.669432</out_Quantity.quantity></Point><Point><position>13618</position><in_Quantity.quantity>0.000000</in_Quantity.quantity><out_Quantity.quantity>563.128042</out_Quantity.quantity></Point><Point><position>13619</position><in_Quantity.quantity>0.000000</in_Quantity.quantity><out_Quantity.quantity>922.738859</out_Quantity.quantity></Point><Point><position>13620</position><in_Quantity.quantity>0.000000</in_Quantity.quantity><out_Quantity.quantity>437.323142</out_Quantity.quantity></Point><Point><position>13621</position><in_Quantity.quantity>0.000000</in_Quantity.quantity><out_Quantity.quantity>25.092155</out_Quantity.quantity></Point><Point><position>13622</position><in_Quantity.quantity>0.000000</in_Quantity.quantity><out_Quantity.quantity>60.699283</out_Quantity.quantity></Point><Point><position>13623</position><in_Quantity.quantity>0.000000</in_Quantity.quantity><out_Quantity.quantity>695.641855</out_Quantity.quantity></Point><Point><position>13624</position><in_Quantity.quantity>0.000000</in_Quantity.quantity><out_Quantity.quantity>833.480491</out_Quantity.quantity></Point><Point><position>13625</position><in_Quantity.quantity>0.000000</in_Quantity.quantity><out_Quantity.quantity>738.220433</out_Quantity.quantity></Point><Point><position>13626</position><in_Quantity.quantity>0.000000</in_Quantity.quantity><out_Quantity.quantity>85.789963</out_Quantity.quantity></Point><Point><position>13627</position><in_Quantity.quantity>0.000000</in_Quantity.quantity><out_Quantity.quantity>288.996339</out_Quantity.quantity></Point><Point><position>13628</position><in_Quantity.quantity>0.000000</in_Quantity.quantity><out_Quantity.quantity>329.485836</out_Quantity.quantity></Point><Point><position>13629</position><in_Quantity.quantity>0.000000</in_Quantity.quantity><out_Quantity.quantity>446.557979</out_Quantity.quantity></Point><Point><position>13630</position><in_Quantity.quantity>0.000000</in_Quantity.quantity><out_Quantity.quantity>308.237817</out_Quantity.quantity></Point><Point><position>13631</position><in_Quantity.quantity>0.000000</in_Quantity.quantity><out_Quantity.quantity>639.019027</out_Quantity.quantity></Point><Point><position>13632</position><in_Quantity.quantity>0.000000</in_Quantity.quantity><out_Quantity.quantity>357.756187</out_Quantity.quantity></Point><Point><position>13633</position><in_Quantity.quantity>0.000000</in_Quantity.quantity><out_Quantity.quantity>349.619883</out_Quantity.quantity></Point><Point><position>13634</position><in_Quantity.quantity>0.000000</in_Quantity.quantity><out_Quantity.quantity>797.936305</out_Quantity.quantity></Point><Point><position>13635</position><in_Quantity.quantity>0.000000</in_Quantity.quantity><out_Quantity.quantity>918.047824</out_Quantity.quantity></Point><Point><position>13636</position><in_Quantity.quantity>0.000000</in_Quantity.quantity><out_Quantity.quantity>2.243234</out_Quantity.quantity></Point><Point><position>13637</position><in_Quantity.quantity>0.000000</in_Quantity.quantity><out_Quantity.quantity>689.852221</out_Quantity.quantity></Point><Point><position>13638</position><in_Quantity.quantity>0.000000</in_Quantity.quantity><out_Quantity.quantity>482.685542</out_Quantity.quantity></Point><Point><position>13639</position><in_Quantity.quantity>0.000000</in_Quantity.quantity><out_Quantity.quantity>452.151080</out_Quantity.quantity></Point><Point><position>13640</position><in_Quantity.quantity>0.000000</in_Quantity.quantity><out_Quantity.quantity>644.644489</out_Quantity.quantity></Point><Point><position>13641</position><in_Quantity.quantity>0.000000</in_Quantity.quantity><out_Quantity.quantity>423.529898</out_Quantity.quantity></Point><Point><position>13642</position><in_Quantity.quantity>0.000000</in_Quantity.quantity><out_Quantity.quantity>80.601880</out_Quantity.quantity></Point><Point><position>13643</position><in_Quantity.quantity>0.000000</in_Quantity.quantity><out_Quantity.quantity>812.906090</out_Quantity.quantity></Point><Point><position>13644</position><in_Quantity.quantity>0.000000</in_Quantity.quantity><out_Quantity.quantity>622.889151</out_Quantity.quantity></Point><Point><position>13645</position><in_Quantity.quantity>0.000000</in_Quantity.quantity><out_Quantity.quantity>469.402175</out_Quantity.quantity></Point><Point><position>13646</position><in_Quantity.quantity>0.000000</in_Quantity.quantity><out_Quantity.quantity>58.475671</out_Quantity.quantity></Point><Point><position>13647</position><in_Quantity.quantity>0.000000</in_Quantity.quantity><out_Quantity.quantity>926.748696</out_Quantity.quantity></Point><Point><position>13648</position><in_Quantity.quantity>0.000000</in_Quantity.quantity><out_Quantity.quantity>414.076404</out_Quantity.quantity></Point><Point><position>13649</position><in_Quantity.quantity>0.000000</in_Quantity.quantity><out_Quantity.quantity>837.378769</out_Quantity.quantity></Point><Point><position>13650</position><in_Quantity.quantity>0.000000</in_Quantity.quantity><out_Quantity.quantity>932.092429</out_Quantity.quantity></Point><Point><position>13651</position><in_Quantity.quantity>0.000000</in_Quantity.quantity><out_Quantity.quantity>51.032192</out_Quantity.quantity></Point><Point><position>13652</position><in_Quantity.quantity>0.000000</in_Quantity.quantity><out_Quantity.quantity>75.807476</out_Quantity.quantity></Point><Point><position>13653</position><in_Quantity.quantity>0.000000</in_Quantity.quantity><out_Quantity.quantity>59.107272</out_Quantity.quantity></Point><Point><position>13654</position><in_Quantity.quantity>0.000000</in_Quantity.quantity><out_Quantity.quantity>717.506100</out_Quantity.quantity></Point><Point><position>13655</position><in_Quantity.quantity>0.000000</in_Quantity.quantity><out_Quantity.quantity>98.693769</out_Quantity.quantity></Point><Point><position>13656</position><in_Quantity.quantity>0.000000</in_Quantity.quantity><out_Quantity.quantity>656.510147</out_Quantity.quantity></Point><Point><position>13657</position><in_Quantity.quantity>0.000000</in_Quantity.quantity><out_Quantity.quantity>426.554625</out_Quantity.quantity></Point><Point><position>13658</position><in_Quantity.quantity>0.000000</in_Quantity.quantity><out_Quantity.quantity>511.336675</out_Quantity.quantity></Point><Point><position>13659</position><in_Quantity.quantity>0.000000</in_Quantity.quantity><out_Quantity.quantity>516.277957</out_Quantity.quantity></Point><Point><position>13660</position><in_Quantity.quantity>0.000000</in_Quantity.quantity><out_Quantity.quantity>879.556682</out_Quantity.quantity></Point><Point><position>13661</position><in_Quantity.quantity>0.000000</in_Quantity.quantity><out_Quantity.quantity>671.899591</out_Quantity.quantity></Point><Point><position>13662</position><in_Quantity.quantity>0.000000</in_Quantity.quantity><out_Quantity.quantity>887.003825</out_Quantity.quantity></Point><Point><position>13663</position><in_Quantity.quantity>0.000000</in_Quantity.quantity><out_Quantity.quantity>487.234275</out_Quantity.quantity></Point><Point><position>13664</position><in_Quantity.quantity>0.000000</in_Quantity.quantity><out_Quantity.quantity>94.567001</out_Quantity.quantity></Point><Point><position>13665</position><in_Quantity.quantity>0.000000</in_Quantity.quantity><out_Quantity.quantity>509.414286</out_Quantity.quantity></Point><Point><position>13666</position><in_Quantity.quantity>0.000000</in_Quantity.quantity><out_Quantity.quantity>221.691299</out_Quantity.quantity></Point><Point><position>13667</position><in_Quantity.quantity>0.000000</in_Quantity.quantity><out_Quantity.quantity>475.043348</out_Quantity.quantity></Point><Point><position>13668</position><in_Quantity.quantity>0.000000</in_Quantity.quantity><out_Quantity.quantity>272.247309</out_Quantity.quantity></Point><Point><position>13669</position><in_Quantity.quantity>0.000000</in_Quantity.quantity><out_Quantity.quantity>179.128183</out_Quantity.quantity></Point><Point><position>13670</position><in_Quantity.quantity>0.000000</in_Quantity.quantity><out_Quantity.quantity>775.165715</out_Quantity.quantity></Point><Point><position>13671</position><in_Quantity.quantity>0.000000</in_Quantity.quantity><out_Quantity.quantity>400.840996</out_Quantity.quantity></Point><Point><position>13672</position><in_Quantity.quantity>0.000000</in_Quantity.quantity><out_Quantity.quantity>435.055603</out_Quantity.quantity></Point><Point><position>13673</position><in_Quantity.quantity>0.000000</in_Quantity.quantity><out_Quantity.quantity>173.463855</out_Quantity.quantity></Point><Point><position>13674</position><in_Quantity.quantity>0.000000</in_Quantity.quantity><out_Quantity.quantity>422.430800</out_Quantity.quantity></Point><Point><position>13675</position><in_Quantity.quantity>0.000000</in_Quantity.quantity><out_Quantity.quantity>573.813195</out_Quantity.quantity></Point><Point><position>13676</position><in_Quantity.quantity>0.000000</in_Quantity.quantity><out_Quantity.quantity>316.973180</out_Quantity.quantity></Point><Point><position>13677</position><in_Quantity.quantity>0.000000</in_Quantity.quantity><out_Quantity.quantity>312.074537</out_Quantity.quantity></Point><Point><position>13678</position><in_Quantity.quantity>0.000000</in_Quantity.quantity><out_Quantity.quantity>296.963840</out_Quantity.quantity></Point><Point><position>13679</position><in_Quantity.quantity>0.000000</in_Quantity.quantity><out_Quantity.quantity>428.258121</out_Quantity.quantity></Point><Point><position>13680</position><in_Quantity.quantity>0.000000</in_Quantity.quantity><out_Quantity.quantity>501.724143</out_Quantity.quantity></Point><Point><position>13681</position><in_Quantity.quantity>0.000000</in_Quantity.quantity><out_Quantity.quantity>281.444835</out_Quantity.quantity></Point><Point><position>13682</position><in_Quantity.quantity>0.000000</in_Quantity.quantity><out_Quantity.quantity>417.237650</out_Quantity.quantity></Point><Point><position>13683</position><in_Quantity.quantity>0.000000</in_Quantity.quantity><out_Quantity.quantity>509.989938</out_Quantity.quantity></Point><Point><position>13684</position><in_Quantity.quantity>0.000000</in_Quantity.quantity><out_Quantity.quantity>858.884438</out_Quantity.quantity></Point><Point><position>13685</position><in_Quantity.quantity>0.000000</in_Quantity.quantity><out_Quantity.quantity>577.235572</out_Quantity.quantity></Point><Point><position>13686</position><in_Quantity.quantity>0.000000</in_Quantity.quantity><out_Quantity.quantity>199.556109</out_Quantity.quantity></Point><Point><position>13687</position><in_Quantity.quantity>0.000000</in_Quantity.quantity><out_Quantity.quantity>401.362785</out_Quantity.quantity></Point><Point><position>13688</position><in_Quantity.quantity>0.000000</in_Quantity.quantity><out_Quantity.quantity>960.133060</out_Quantity.quantity></Point><Point><position>13689</position><in_Quantity.quantity>0.000000</in_Quantity.quantity><out_Quantity.quantity>31.733642</out_Quantity.quantity></Point><Point><position>13690</position><in_Quantity.quantity>0.000000</in_Quantity.quantity><out_Quantity.quantity>46.323259</out_Quantity.quantity></Point><Point><position>13691</position><in_Quantity.quantity>0.000000</in_Quantity.quantity><out_Quantity.quantity>250.962544</out_Quantity.quantity></Point><Point><position>13692</position><in_Quantity.quantity>0.000000</in_Quantity.quantity><out_Quantity.quantity>99.598758</out_Quantity.quantity></Point><Point><position>13693</position><in_Quantity.quantity>0.000000</in_Quantity.quantity><out_Quantity.quantity>785.986667</out_Quantity.quantity></Point><Point><position>13694</position><in_Quantity.quantity>0.000000</in_Quantity.quantity><out_Quantity.quantity>886.982050</out_Quantity.quantity></Point><Point><position>13695</position><in_Quantity.quantity>0.000000</in_Quantity.quantity><out_Quantity.quantity>393.262913</out_Quantity.quantity></Point><Point><position>13696</position><in_Quantity.quantity>0.000000</in_Quantity.quantity><out_Quantity.quantity>699.935378</out_Quantity.quantity></Point><Point><position>13697</position><in_Quantity.quantity>0.000000</in_Quantity.quantity><out_Quantity.quantity>249.123552</out_Quantity.quantity></Point><Point><position>13698</position><in_Quantity.quantity>0.000000</in_Quantity.quantity><out_Quantity.quantity>4.717756</out_Quantity.quantity></Point><Point><position>13699</position><in_Quantity.quantity>0.000000</in_Quantity.quantity><out_Quantity.quantity>229.112745</out_Quantity.quantity></Point><Point><position>13700</position><in_Quantity.quantity>0.000000</in_Quantity.quantity><out_Quantity.quantity>804.857295</out_Quantity.quantity></Point><Point><position>13701</position><in_Quantity.quantity>0.000000</in_Quantity.quantity><out_Quantity.quantity>917.574323</out_Quantity.quantity></Point><Point><position>13702</position><in_Quantity.quantity>0.000000</in_Quantity.quantity><out_Quantity.quantity>43.415481</out_Quantity.quantity></Point><Point><position>13703</position><in_Quantity.quantity>0.000000</in_Quantity.quantity><out_Quantity.quantity>737.647457</out_Quantity.quantity></Point><Point><position>13704</position><in_Quantity.quantity>0.000000</in_Quantity.quantity><out_Quantity.quantity>955.982133</out_Quantity.quantity></Point><Point><position>13705</position><in_Quantity.quantity>0.000000</in_Quantity.quantity><out_Quantity.quantity>179.234710</out_Quantity.quantity></Point><Point><position>13706</position><in_Quantity.quantity>0.000000</in_Quantity.quantity><out_Quantity.quantity>892.171661</out_Quantity.quantity></Point><Point><position>13707</position><in_Quantity.quantity>0.000000</in_Quantity.quantity><out_Quantity.quantity>161.235543</out_Quantity.quantity></Point><Point><position>13708</position><in_Quantity.quantity>0.000000</in_Quantity.quantity><out_Quantity.quantity>51.389680</out_Quantity.quantity></Point><Point><position>13709</position><in_Quantity.quantity>0.000000</in_Quantity.quantity><out_Quantity.quantity>322.770630</out_Quantity.quantity></Point><Point><position>13710</position><in_Quantity.quantity>0.000000</in_Quantity.quantity><out_Quantity.quantity>142.538584</out_Quantity.quantity></Point><Point><position>13711</position><in_Quantity.quantity>0.000000</in_Quantity.quantity><out_Quantity.quantity>755.067013</out_Quantity.quantity></Point><Point><position>13712</position><in_Quantity.quantity>0.000000</in_Quantity.quantity><out_Quantity.quantity>459.934487</out_Quantity.quantity></Point><Point><position>13713</position><in_Quantity.quantity>0.000000</in_Quantity.quantity><out_Quantity.quantity>291.817693</out_Quantity.quantity></Point><Point><position>13714</position><in_Quantity.quantity>0.000000</in_Quantity.quantity><out_Quantity.quantity>232.929998</out_Quantity.quantity></Point><Point><position>13715</position><in_Quantity.quantity>0.000000</in_Quantity.quantity><out_Quantity.quantity>702.325329</out_Quantity.quantity></Point><Point><position>13716</position><in_Quantity.quantity>0.000000</in_Quantity.quantity><out_Quantity.quantity>738.535732</out_Quantity.quantity></Point><Point><position>13717</position><in_Quantity.quantity>0.000000</in_Quantity.quantity><out_Quantity.quantity>438.445513</out_Quantity.quantity></Point><Point><position>13718</position><in_Quantity.quantity>0.000000</in_Quantity.quantity><out_Quantity.quantity>305.718717</out_Quantity.quantity></Point><Point><position>13719</position><in_Quantity.quantity>0.000000</in_Quantity.quantity><out_Quantity.quantity>153.024695</out_Quantity.quantity></Point><Point><position>13720</position><in_Quantity.quantity>0.000000</in_Quantity.quantity><out_Quantity.quantity>4.040780</out_Quantity.quantity></Point><Point><position>13721</position><in_Quantity.quantity>0.000000</in_Quantity.quantity><out_Quantity.quantity>844.714542</out_Quantity.quantity></Point><Point><position>13722</position><in_Quantity.quantity>0.000000</in_Quantity.quantity><out_Quantity.quantity>639.139742</out_Quantity.quantity></Point><Point><position>13723</position><in_Quantity.quantity>0.000000</in_Quantity.quantity><out_Quantity.quantity>201.974590</out_Quantity.quantity></Point><Point><position>13724</position><in_Quantity.quantity>0.000000</in_Quantity.quantity><out_Quantity.quantity>674.252908</out_Quantity.quantity></Point><Point><position>13725</position><in_Quantity.quantity>0.000000</in_Quantity.quantity><out_Quantity.quantity>343.007347</out_Quantity.quantity></Point><Point><position>13726</position><in_Quantity.quantity>0.000000</in_Quantity.quantity><out_Quantity.quantity>802.937078</out_Quantity.quantity></Point><Point><position>13727</position><in_Quantity.quantity>0.000000</in_Quantity.quantity><out_Quantity.quantity>134.887420</out_Quantity.quantity></Point><Point><position>13728</position><in_Quantity.quantity>0.000000</in_Quantity.quantity><out_Quantity.quantity>907.999856</out_Quantity.quantity></Point><Point><position>13729</position><in_Quantity.quantity>0.000000</in_Quantity.quantity><out_Quantity.quantity>772.891121</out_Quantity.quantity></Point><Point><position>13730</position><in_Quantity.quantity>0.000000</in_Quantity.quantity><out_Quantity.quantity>661.335286</out_Quantity.quantity></Point><Point><position>13731</position><in_Quantity.quantity>0.000000</in_Quantity.quantity><out_Quantity.quantity>144.357191</out_Quantity.quantity></Point><Point><position>13732</position><in_Quantity.quantity>0.000000</in_Quantity.quantity><out_Quantity.quantity>299.005416</out_Quantity.quantity></Point><Point><position>13733</position><in_Quantity.quantity>0.000000</in_Quantity.quantity><out_Quantity.quantity>949.215705</out_Quantity.quantity></Point><Point><position>13734</position><in_Quantity.quantity>0.000000</in_Quantity.quantity><out_Quantity.quantity>420.326116</out_Quantity.quantity></Point><Point><position>13735</position><in_Quantity.quantity>0.000000</in_Quantity.quantity><out_Quantity.quantity>801.234479</out_Quantity.quantity></Point><Point><position>13736</position><in_Quantity.quantity>0.000000</in_Quantity.quantity><out_Quantity.quantity>73.141143</out_Quantity.quantity></Point><Point><position>13737</position><in_Quantity.quantity>0.000000</in_Quantity.quantity><out_Quantity.quantity>153.431773</out_Quantity.quantity></Point><Point><position>13738</position><in_Quantity.quantity>0.000000</in_Quantity.quantity><out_Quantity.quantity>811.040815</out_Quantity.quantity></Point><Point><position>13739</position><in_Quantity.quantity>0.000000</in_Quantity.quantity><out_Quantity.quantity>907.795424</out_Quantity.quantity></Point><Point><position>13740</position><in_Quantity.quantity>0.000000</in_Quantity.quantity><out_Quantity.quantity>741.902402</out_Quantity.quantity></Point><Point><position>13741</position><in_Quantity.quantity>0.000000</in_Quantity.quantity><out_Quantity.quantity>600.498817</out_Quantity.quantity></Point><Point><position>13742</position><in_Quantity.quantity>0.000000</in_Quantity.quantity><out_Quantity.quantity>706.561559</out_Quantity.quantity></Point><Point><position>13743</position><in_Quantity.quantity>0.000000</in_Quantity.quantity><out_Quantity.quantity>17.292222</out_Quantity.quantity></Point><Point><position>13744</position><in_Quantity.quantity>0.000000</in_Quantity.quantity><out_Quantity.quantity>505.506267</out_Quantity.quantity></Point><Point><position>13745</position><in_Quantity.quantity>0.000000</in_Quantity.quantity><out_Quantity.quantity>653.471692</out_Quantity.quantity></Point><Point><position>13746</position><in_Quantity.quantity>0.000000</in_Quantity.quantity><out_Quantity.quantity>443.660542</out_Quantity.quantity></Point><Point><position>13747</position><in_Quantity.quantity>0.000000</in_Quantity.quantity><out_Quantity.quantity>956.676793</out_Quantity.quantity></Point><Point><position>13748</position><in_Quantity.quantity>0.000000</in_Quantity.quantity><out_Quantity.quantity>443.935013</out_Quantity.quantity></Point><Point><position>13749</position><in_Quantity.quantity>0.000000</in_Quantity.quantity><out_Quantity.quantity>910.643673</out_Quantity.quantity></Point><Point><position>13750</position><in_Quantity.quantity>0.000000</in_Quantity.quantity><out_Quantity.quantity>241.871300</out_Quantity.quantity></Point><Point><position>13751</position><in_Quantity.quantity>0.000000</in_Quantity.quantity><out_Quantity.quantity>172.568026</out_Quantity.quantity></Point><Point><position>13752</position><in_Quantity.quantity>0.000000</in_Quantity.quantity><out_Quantity.quantity>952.913515</out_Quantity.quantity></Point><Point><position>13753</position><in_Quantity.quantity>0.000000</in_Quantity.quantity><out_Quantity.quantity>761.374407</out_Quantity.quantity></Point><Point><position>13754</position><in_Quantity.quantity>0.000000</in_Quantity.quantity><out_Quantity.quantity>462.385207</out_Quantity.quantity></Point><Point><position>13755</position><in_Quantity.quantity>0.000000</in_Quantity.quantity><out_Quantity.quantity>495.461244</out_Quantity.quantity></Point><Point><position>13756</position><in_Quantity.quantity>0.000000</in_Quantity.quantity><out_Quantity.quantity>303.910011</out_Quantity.quantity></Point><Point><position>13757</position><in_Quantity.quantity>0.000000</in_Quantity.quantity><out_Quantity.quantity>971.282930</out_Quantity.quantity></Point><Point><position>13758</position><in_Quantity.quantity>0.000000</in_Quantity.quantity><out_Quantity.quantity>755.305175</out_Quantity.quantity></Point><Point><position>13759</position><in_Quantity.quantity>0.000000</in_Quantity.quantity><out_Quantity.quantity>904.462214</out_Quantity.quantity></Point><Point><position>13760</position><in_Quantity.quantity>0.000000</in_Quantity.quantity><out_Quantity.quantity>886.270579</out_Quantity.quantity></Point><Point><position>13761</position><in_Quantity.quantity>0.000000</in_Quantity.quantity><out_Quantity.quantity>718.222062</out_Quantity.quantity></Point><Point><position>13762</position><in_Quantity.quantity>0.000000</in_Quantity.quantity><out_Quantity.quantity>752.206789</out_Quantity.quantity></Point><Point><position>13763</position><in_Quantity.quantity>0.000000</in_Quantity.quantity><out_Quantity.quantity>97.729235</out_Quantity.quantity></Point><Point><position>13764</position><in_Quantity.quantity>0.000000</in_Quantity.quantity><out_Quantity.quantity>803.253730</out_Quantity.quantity></Point><Point><position>13765</position><in_Quantity.quantity>0.000000</in_Quantity.quantity><out_Quantity.quantity>885.343658</out_Quantity.quantity></Point><Point><position>13766</position><in_Quantity.quantity>0.000000</in_Quantity.quantity><out_Quantity.quantity>805.695371</out_Quantity.quantity></Point><Point><position>13767</position><in_Quantity.quantity>0.000000</in_Quantity.quantity><out_Quantity.quantity>113.949787</out_Quantity.quantity></Point><Point><position>13768</position><in_Quantity.quantity>0.000000</in_Quantity.quantity><out_Quantity.quantity>742.469687</out_Quantity.quantity></Point><Point><position>13769</position><in_Quantity.quantity>0.000000</in_Quantity.quantity><out_Quantity.quantity>220.225624</out_Quantity.quantity></Point><Point><position>13770</position><in_Quantity.quantity>0.000000</in_Quantity.quantity><out_Quantity.quantity>685.922352</out_Quantity.quantity></Point><Point><position>13771</position><in_Quantity.quantity>0.000000</in_Quantity.quantity><out_Quantity.quantity>292.653290</out_Quantity.quantity></Point><Point><position>13772</position><in_Quantity.quantity>0.000000</in_Quantity.quantity><out_Quantity.quantity>819.774683</out_Quantity.quantity></Point><Point><position>13773</position><in_Quantity.quantity>0.000000</in_Quantity.quantity><out_Quantity.quantity>638.698865</out_Quantity.quantity></Point><Point><position>13774</position><in_Quantity.quantity>0.000000</in_Quantity.quantity><out_Quantity.quantity>906.361879</out_Quantity.quantity></Point><Point><position>13775</position><in_Quantity.quantity>0.000000</in_Quantity.quantity><out_Quantity.quantity>370.988672</out_Quantity.quantity></Point><Point><position>13776</position><in_Quantity.quantity>0.000000</in_Quantity.quantity><out_Quantity.quantity>682.206893</out_Quantity.quantity></Point><Point><position>13777</position><in_Quantity.quantity>0.000000</in_Quantity.quantity><out_Quantity.quantity>450.282805</out_Quantity.quantity></Point><Point><position>13778</position><in_Quantity.quantity>0.000000</in_Quantity.quantity><out_Quantity.quantity>774.009873</out_Quantity.quantity></Point><Point><position>13779</position><in_Quantity.quantity>0.000000</in_Quantity.quantity><out_Quantity.quantity>235.893926</out_Quantity.quantity></Point><Point><position>13780</position><in_Quantity.quantity>0.000000</in_Quantity.quantity><out_Quantity.quantity>483.774238</out_Quantity.quantity></Point><Point><position>13781</position><in_Quantity.quantity>0.000000</in_Quantity.quantity><out_Quantity.quantity>785.178543</out_Quantity.quantity></Point><Point><position>13782</position><in_Quantity.quantity>0.000000</in_Quantity.quantity><out_Quantity.quantity>581.933692</out_Quantity.quantity></Point><Point><position>13783</position><in_Quantity.quantity>0.000000</in_Quantity.quantity><out_Quantity.quantity>479.162781</out_Quantity.quantity></Point><Point><position>13784</position><in_Quantity.quantity>0.000000</in_Quantity.quantity><out_Quantity.quantity>704.044056</out_Quantity.quantity></Point><Point><position>13785</position><in_Quantity.quantity>0.000000</in_Quantity.quantity><out_Quantity.quantity>465.723905</out_Quantity.quantity></Point><Point><position>13786</position><in_Quantity.quantity>0.000000</in_Quantity.quantity><out_Quantity.quantity>479.521772</out_Quantity.quantity></Point><Point><position>13787</position><in_Quantity.quantity>0.000000</in_Quantity.quantity><out_Quantity.quantity>740.837474</out_Quantity.quantity></Point><Point><position>13788</position><in_Quantity.quantity>0.000000</in_Quantity.quantity><out_Quantity.quantity>735.994078</out_Quantity.quantity></Point><Point><position>13789</position><in_Quantity.quantity>0.000000</in_Quantity.quantity><out_Quantity.quantity>551.404072</out_Quantity.quantity></Point><Point><position>13790</position><in_Quantity.quantity>0.000000</in_Quantity.quantity><out_Quantity.quantity>664.100952</out_Quantity.quantity></Point><Point><position>13791</position><in_Quantity.quantity>0.000000</in_Quantity.quantity><out_Quantity.quantity>464.441009</out_Quantity.quantity></Point><Point><position>13792</position><in_Quantity.quantity>0.000000</in_Quantity.quantity><out_Quantity.quantity>190.361502</out_Quantity.quantity></Point><Point><position>13793</position><in_Quantity.quantity>0.000000</in_Quantity.quantity><out_Quantity.quantity>469.954308</out_Quantity.quantity></Point><Point><position>13794</position><in_Quantity.quantity>0.000000</in_Quantity.quantity><out_Quantity.quantity>693.266483</out_Quantity.quantity></Point><Point><position>13795</position><in_Quantity.quantity>0.000000</in_Quantity.quantity><out_Quantity.quantity>42.556564</out_Quantity.quantity></Point><Point><position>13796</position><in_Quantity.quantity>0.000000</in_Quantity.quantity><out_Quantity.quantity>201.655630</out_Quantity.quantity></Point><Point><position>13797</position><in_Quantity.quantity>0.000000</in_Quantity.quantity><out_Quantity.quantity>781.663412</out_Quantity.quantity></Point><Point><position>13798</position><in_Quantity.quantity>0.000000</in_Quantity.quantity><out_Quantity.quantity>244.810031</out_Quantity.quantity></Point><Point><position>13799</position><in_Quantity.quantity>0.000000</in_Quantity.quantity><out_Quantity.quantity>474.036880</out_Quantity.quantity></Point><Point><position>13800</position><in_Quantity.quantity>0.000000</in_Quantity.quantity><out_Quantity.quantity>491.347498</out_Quantity.quantity></Point><Point><position>13801</position><in_Quantity.quantity>0.000000</in_Quantity.quantity><out_Quantity.quantity>477.603391</out_Quantity.quantity></Point><Point><position>13802</position><in_Quantity.quantity>0.000000</in_Quantity.quantity><out_Quantity.quantity>270.629991</out_Quantity.quantity></Point><Point><position>13803</position><in_Quantity.quantity>0.000000</in_Quantity.quantity><out_Quantity.quantity>180.816516</out_Quantity.quantity></Point><Point><position>13804</position><in_Quantity.quantity>0.000000</in_Quantity.quantity><out_Quantity.quantity>762.817826</out_Quantity.quantity></Point><Point><position>13805</position><in_Quantity.quantity>0.000000</in_Quantity.quantity><out_Quantity.quantity>644.628097</out_Quantity.quantity></Point><Point><position>13806</position><in_Quantity.quantity>0.000000</in_Quantity.quantity><out_Quantity.quantity>129.929780</out_Quantity.quantity></Point><Point><position>13807</position><in_Quantity.quantity>0.000000</in_Quantity.quantity><out_Quantity.quantity>589.038866</out_Quantity.quantity></Point><Point><position>13808</position><in_Quantity.quantity>0.000000</in_Quantity.quantity><out_Quantity.quantity>4.182700</out_Quantity.quantity></Point><Point><position>13809</position><in_Quantity.quantity>0.000000</in_Quantity.quantity><out_Quantity.quantity>793.516434</out_Quantity.quantity></Point><Point><position>13810</position><in_Quantity.quantity>0.000000</in_Quantity.quantity><out_Quantity.quantity>631.405791</out_Quantity.quantity></Point><Point><position>13811</position><in_Quantity.quantity>0.000000</in_Quantity.quantity><out_Quantity.quantity>489.860179</out_Quantity.quantity></Point><Point><position>13812</position><in_Quantity.quantity>0.000000</in_Quantity.quantity><out_Quantity.quantity>245.220340</out_Quantity.quantity></Point><Point><position>13813</position><in_Quantity.quantity>0.000000</in_Quantity.quantity><out_Quantity.quantity>659.090534</out_Quantity.quantity></Point><Point><position>13814</position><in_Quantity.quantity>0.000000</in_Quantity.quantity><out_Quantity.quantity>570.609334</out_Quantity.quantity></Point><Point><position>13815</position><in_Quantity.quantity>0.000000</in_Quantity.quantity><out_Quantity.quantity>974.804349</out_Quantity.quantity></Point><Point><position>13816</position><in_Quantity.quantity>0.000000</in_Quantity.quantity><out_Quantity.quantity>306.673630</out_Quantity.quantity></Point><Point><position>13817</position><in_Quantity.quantity>0.000000</in_Quantity.quantity><out_Quantity.quantity>299.473806</out_Quantity.quantity></Point><Point><position>13818</position><in_Quantity.quantity>0.000000</in_Quantity.quantity><out_Quantity.quantity>849.112819</out_Quantity.quantity></Point><Point><position>13819</position><in_Quantity.quantity>0.000000</in_Quantity.quantity><out_Quantity.quantity>437.188085</out_Quantity.quantity></Point><Point><position>13820</position><in_Quantity.quantity>0.000000</in_Quantity.quantity><out_Quantity.quantity>483.883695</out_Quantity.quantity></Point><Point><position>13821</position><in_Quantity.quantity>0.000000</in_Quantity.quantity><out_Quantity.quantity>221.772641</out_Quantity.quantity></Point><Point><position>13822</position><in_Quantity.quantity>0.000000</in_Quantity.quantity><out_Quantity.quantity>522.230345</out_Quantity.quantity></Point><Point><position>13823</position><in_Quantity.quantity>0.000000</in_Quantity.quantity><out_Quantity.quantity>67.646176</out_Quantity.quantity></Point><Point><position>13824</position><in_Quantity.quantity>0.000000</in_Quantity.quantity><out_Quantity.quantity>738.232614</out_Quantity.quantity></Point><Point><position>13825</position><in_Quantity.quantity>0.000000</in_Quantity.quantity><out_Quantity.quantity>65.367870</out_Quantity.quantity></Point><Point><position>13826</position><in_Quantity.quantity>0.000000</in_Quantity.quantity><out_Quantity.quantity>267.734769</out_Quantity.quantity></Point><Point><position>13827</position><in_Quantity.quantity>0.000000</in_Quantity.quantity><out_Quantity.quantity>525.416288</out_Quantity.quantity></Point><Point><position>13828</position><in_Quantity.quantity>0.000000</in_Quantity.quantity><out_Quantity.quantity>535.841036</out_Quantity.quantity></Point><Point><position>13829</position><in_Quantity.quantity>0.000000</in_Quantity.quantity><out_Quantity.quantity>825.792495</out_Quantity.quantity></Point><Point><position>13830</position><in_Quantity.quantity>0.000000</in_Quantity.quantity><out_Quantity.quantity>979.808768</out_Quantity.quantity></Point><Point><position>13831</position><in_Quantity.quantity>0.000000</in_Quantity.quantity><out_Quantity.quantity>490.470012</out_Quantity.quantity></Point><Point><position>13832</position><in_Quantity.quantity>0.000000</in_Quantity.quantity><out_Quantity.quantity>224.119997</out_Quantity.quantity></Point><Point><position>13833</position><in_Quantity.quantity>0.000000</in_Quantity.quantity><out_Quantity.quantity>996.261935</out_Quantity.quantity></Point><Point><position>13834</position><in_Quantity.quantity>0.000000</in_Quantity.quantity><out_Quantity.quantity>483.088476</out_Quantity.quantity></Point><Point><position>13835</position><in_Quantity.quantity>0.000000</in_Quantity.quantity><out_Quantity.quantity>972.107452</out_Quantity.quantity></Point><Point><position>13836</position><in_Quantity.quantity>0.000000</in_Quantity.quantity><out_Quantity.quantity>572.641769</out_Quantity.quantity></Point><Point><position>13837</position><in_Quantity.quantity>0.000000</in_Quantity.quantity><out_Quantity.quantity>612.371659</out_Quantity.quantity></Point><Point><position>13838</position><in_Quantity.quantity>0.000000</in_Quantity.quantity><out_Quantity.quantity>316.998388</out_Quantity.quantity></Point><Point><position>13839</position><in_Quantity.quantity>0.000000</in_Quantity.quantity><out_Quantity.quantity>864.785728</out_Quantity.quantity></Point><Point><position>13840</position><in_Quantity.quantity>0.000000</in_Quantity.quantity><out_Quantity.quantity>568.915318</out_Quantity.quantity></Point><Point><position>13841</position><in_Quantity.quantity>0.000000</in_Quantity.quantity><out_Quantity.quantity>837.570561</out_Quantity.quantity></Point><Point><position>13842</position><in_Quantity.quantity>0.000000</in_Quantity.quantity><out_Quantity.quantity>656.526529</out_Quantity.quantity></Point><Point><position>13843</position><in_Quantity.quantity>0.000000</in_Quantity.quantity><out_Quantity.quantity>387.561005</out_Quantity.quantity></Point><Point><position>13844</position><in_Quantity.quantity>0.000000</in_Quantity.quantity><out_Quantity.quantity>408.045133</out_Quantity.quantity></Point><Point><position>13845</position><in_Quantity.quantity>0.000000</in_Quantity.quantity><out_Quantity.quantity>271.275418</out_Quantity.quantity></Point><Point><position>13846</position><in_Quantity.quantity>0.000000</in_Quantity.quantity><out_Quantity.quantity>421.398238</out_Quantity.quantity></Point><Point><position>13847</position><in_Quantity.quantity>0.000000</in_Quantity.quantity><out_Quantity.quantity>694.655681</out_Quantity.quantity></Point><Point><position>13848</position><in_Quantity.quantity>0.000000</in_Quantity.quantity><out_Quantity.quantity>856.353486</out_Quantity.quantity></Point><Point><position>13849</position><in_Quantity.quantity>0.000000</in_Quantity.quantity><out_Quantity.quantity>262.117275</out_Quantity.quantity></Point><Point><position>13850</position><in_Quantity.quantity>0.000000</in_Quantity.quantity><out_Quantity.quantity>942.567767</out_Quantity.quantity></Point><Point><position>13851</position><in_Quantity.quantity>0.000000</in_Quantity.quantity><out_Quantity.quantity>24.227926</out_Quantity.quantity></Point><Point><position>13852</position><in_Quantity.quantity>0.000000</in_Quantity.quantity><out_Quantity.quantity>72.816433</out_Quantity.quantity></Point><Point><position>13853</position><in_Quantity.quantity>0.000000</in_Quantity.quantity><out_Quantity.quantity>632.355882</out_Quantity.quantity></Point><Point><position>13854</position><in_Quantity.quantity>0.000000</in_Quantity.quantity><out_Quantity.quantity>383.120309</out_Quantity.quantity></Point><Point><position>13855</position><in_Quantity.quantity>0.000000</in_Quantity.quantity><out_Quantity.quantity>625.551118</out_Quantity.quantity></Point><Point><position>13856</position><in_Quantity.quantity>0.000000</in_Quantity.quantity><out_Quantity.quantity>947.794272</out_Quantity.quantity></Point><Point><position>13857</position><in_Quantity.quantity>0.000000</in_Quantity.quantity><out_Quantity.quantity>600.614097</out_Quantity.quantity></Point><Point><position>13858</position><in_Quantity.quantity>0.000000</in_Quantity.quantity><out_Quantity.quantity>858.693432</out_Quantity.quantity></Point><Point><position>13859</position><in_Quantity.quantity>0.000000</in_Quantity.quantity><out_Quantity.quantity>59.559510</out_Quantity.quantity></Point><Point><position>13860</position><in_Quantity.quantity>0.000000</in_Quantity.quantity><out_Quantity.quantity>907.675745</out_Quantity.quantity></Point><Point><position>13861</position><in_Quantity.quantity>0.000000</in_Quantity.quantity><out_Quantity.quantity>883.836346</out_Quantity.quantity></Point><Point><position>13862</position><in_Quantity.quantity>0.000000</in_Quantity.quantity><out_Quantity.quantity>737.641617</out_Quantity.quantity></Point><Point><position>13863</position><in_Quantity.quantity>0.000000</in_Quantity.quantity><out_Quantity.quantity>806.654041</out_Quantity.quantity></Point><Point><position>13864</position><in_Quantity.quantity>0.000000</in_Quantity.quantity><out_Quantity.quantity>24.267628</out_Quantity.quantity></Point><Point><position>13865</position><in_Quantity.quantity>0.000000</in_Quantity.quantity><out_Quantity.quantity>651.654993</out_Quantity.quantity></Point><Point><position>13866</position><in_Quantity.quantity>0.000000</in_Quantity.quantity><out_Quantity.quantity>424.384723</out_Quantity.quantity></Point><Point><position>13867</position><in_Quantity.quantity>0.000000</in_Quantity.quantity><out_Quantity.quantity>102.390660</out_Quantity.quantity></Point><Point><position>13868</position><in_Quantity.quantity>0.000000</in_Quantity.quantity><out_Quantity.quantity>503.993556</out_Quantity.quantity></Point><Point><position>13869</position><in_Quantity.quantity>0.000000</in_Quantity.quantity><out_Quantity.quantity>367.435041</out_Quantity.quantity></Point><Point><position>13870</position><in_Quantity.quantity>0.000000</in_Quantity.quantity><out_Quantity.quantity>36.902125</out_Quantity.quantity></Point><Point><position>13871</position><in_Quantity.quantity>0.000000</in_Quantity.quantity><out_Quantity.quantity>37.146296</out_Quantity.quantity></Point><Point><position>13872</position><in_Quantity.quantity>0.000000</in_Quantity.quantity><out_Quantity.quantity>33.958404</out_Quantity.quantity></Point><Point><position>13873</position><in_Quantity.quantity>0.000000</in_Quantity.quantity><out_Quantity.quantity>981.457909</out_Quantity.quantity></Point><Point><position>13874</position><in_Quantity.quantity>0.000000</in_Quantity.quantity><out_Quantity.quantity>915.546324</out_Quantity.quantity></Point><Point><position>13875</position><in_Quantity.quantity>0.000000</in_Quantity.quantity><out_Quantity.quantity>135.953535</out_Quantity.quantity></Point><Point><position>13876</position><in_Quantity.quantity>0.000000</in_Quantity.quantity><out_Quantity.quantity>344.931907</out_Quantity.quantity></Point><Point><position>13877</position><in_Quantity.quantity>0.000000</in_Quantity.quantity><out_Quantity.quantity>294.792151</out_Quantity.quantity></Point><Point><position>13878</position><in_Quantity.quantity>0.000000</in_Quantity.quantity><out_Quantity.quantity>307.070484</out_Quantity.quantity></Point><Point><position>13879</position><in_Quantity.quantity>0.000000</in_Quantity.quantity><out_Quantity.quantity>443.996389</out_Quantity.quantity></Point><Point><position>13880</position><in_Quantity.quantity>0.000000</in_Quantity.quantity><out_Quantity.quantity>926.136054</out_Quantity.quantity></Point><Point><position>13881</position><in_Quantity.quantity>0.000000</in_Quantity.quantity><out_Quantity.quantity>966.502064</out_Quantity.quantity></Point><Point><position>13882</position><in_Quantity.quantity>0.000000</in_Quantity.quantity><out_Quantity.quantity>889.017925</out_Quantity.quantity></Point><Point><position>13883</position><in_Quantity.quantity>0.000000</in_Quantity.quantity><out_Quantity.quantity>279.319141</out_Quantity.quantity></Point><Point><position>13884</position><in_Quantity.quantity>0.000000</in_Quantity.quantity><out_Quantity.quantity>173.321581</out_Quantity.quantity></Point><Point><position>13885</position><in_Quantity.quantity>0.000000</in_Quantity.quantity><out_Quantity.quantity>93.066619</out_Quantity.quantity></Point><Point><position>13886</position><in_Quantity.quantity>0.000000</in_Quantity.quantity><out_Quantity.quantity>184.837857</out_Quantity.quantity></Point><Point><position>13887</position><in_Quantity.quantity>0.000000</in_Quantity.quantity><out_Quantity.quantity>648.950443</out_Quantity.quantity></Point><Point><position>13888</position><in_Quantity.quantity>0.000000</in_Quantity.quantity><out_Quantity.quantity>75.431340</out_Quantity.quantity></Point><Point><position>13889</position><in_Quantity.quantity>0.000000</in_Quantity.quantity><out_Quantity.quantity>150.829943</out_Quantity.quantity></Point><Point><position>13890</position><in_Quantity.quantity>0.000000</in_Quantity.quantity><out_Quantity.quantity>981.882209</out_Quantity.quantity></Point><Point><position>13891</position><in_Quantity.quantity>0.000000</in_Quantity.quantity><out_Quantity.quantity>625.661848</out_Quantity.quantity></Point><Point><position>13892</position><in_Quantity.quantity>0.000000</in_Quantity.quantity><out_Quantity.quantity>903.367504</out_Quantity.quantity></Point><Point><position>13893</position><in_Quantity.quantity>0.000000</in_Quantity.quantity><out_Quantity.quantity>906.675551</out_Quantity.quantity></Point><Point><position>13894</position><in_Quantity.quantity>0.000000</in_Quantity.quantity><out_Quantity.quantity>63.823733</out_Quantity.quantity></Point><Point><position>13895</position><in_Quantity.quantity>0.000000</in_Quantity.quantity><out_Quantity.quantity>180.271252</out_Quantity.quantity></Point><Point><position>13896</position><in_Quantity.quantity>0.000000</in_Quantity.quantity><out_Quantity.quantity>208.981564</out_Quantity.quantity></Point><Point><position>13897</position><in_Quantity.quantity>0.000000</in_Quantity.quantity><out_Quantity.quantity>507.196120</out_Quantity.quantity></Point><Point><position>13898</position><in_Quantity.quantity>0.000000</in_Quantity.quantity><out_Quantity.quantity>159.587389</out_Quantity.quantity></Point><Point><position>13899</position><in_Quantity.quantity>0.000000</in_Quantity.quantity><out_Quantity.quantity>506.757328</out_Quantity.quantity></Point><Point><position>13900</position><in_Quantity.quantity>0.000000</in_Quantity.quantity><out_Quantity.quantity>587.594489</out_Quantity.quantity></Point><Point><position>13901</position><in_Quantity.quantity>0.000000</in_Quantity.quantity><out_Quantity.quantity>522.260160</out_Quantity.quantity></Point><Point><position>13902</position><in_Quantity.quantity>0.000000</in_Quantity.quantity><out_Quantity.quantity>102.608990</out_Quantity.quantity></Point><Point><position>13903</position><in_Quantity.quantity>0.000000</in_Quantity.quantity><out_Quantity.quantity>31.154335</out_Quantity.quantity></Point><Point><position>13904</position><in_Quantity.quantity>0.000000</in_Quantity.quantity><out_Quantity.quantity>949.386173</out_Quantity.quantity></Point><Point><position>13905</position><in_Quantity.quantity>0.000000</in_Quantity.quantity><out_Quantity.quantity>164.000088</out_Quantity.quantity></Point><Point><position>13906</position><in_Quantity.quantity>0.000000</in_Quantity.quantity><out_Quantity.quantity>332.809904</out_Quantity.quantity></Point><Point><position>13907</position><in_Quantity.quantity>0.000000</in_Quantity.quantity><out_Quantity.quantity>402.697098</out_Quantity.quantity></Point><Point><position>13908</position><in_Quantity.quantity>0.000000</in_Quantity.quantity><out_Quantity.quantity>134.625071</out_Quantity.quantity></Point><Point><position>13909</position><in_Quantity.quantity>0.000000</in_Quantity.quantity><out_Quantity.quantity>908.774520</out_Quantity.quantity></Point><Point><position>13910</position><in_Quantity.quantity>0.000000</in_Quantity.quantity><out_Quantity.quantity>807.180522</out_Quantity.quantity></Point><Point><position>13911</position><in_Quantity.quantity>0.000000</in_Quantity.quantity><out_Quantity.quantity>397.649554</out_Quantity.quantity></Point><Point><position>13912</position><in_Quantity.quantity>0.000000</in_Quantity.quantity><out_Quantity.quantity>778.649668</out_Quantity.quantity></Point><Point><position>13913</position><in_Quantity.quantity>0.000000</in_Quantity.quantity><out_Quantity.quantity>697.784297</out_Quantity.quantity></Point><Point><position>13914</position><in_Quantity.quantity>0.000000</in_Quantity.quantity><out_Quantity.quantity>774.326675</out_Quantity.quantity></Point><Point><position>13915</position><in_Quantity.quantity>0.000000</in_Quantity.quantity><out_Quantity.quantity>131.448266</out_Quantity.quantity></Point><Point><position>13916</position><in_Quantity.quantity>0.000000</in_Quantity.quantity><out_Quantity.quantity>733.914913</out_Quantity.quantity></Point><Point><position>13917</position><in_Quantity.quantity>0.000000</in_Quantity.quantity><out_Quantity.quantity>370.547315</out_Quantity.quantity></Point><Point><position>13918</position><in_Quantity.quantity>0.000000</in_Quantity.quantity><out_Quantity.quantity>89.599427</out_Quantity.quantity></Point><Point><position>13919</position><in_Quantity.quantity>0.000000</in_Quantity.quantity><out_Quantity.quantity>809.524829</out_Quantity.quantity></Point><Point><position>13920</position><in_Quantity.quantity>0.000000</in_Quantity.quantity><out_Quantity.quantity>981.866132</out_Quantity.quantity></Point><Point><position>13921</position><in_Quantity.quantity>0.000000</in_Quantity.quantity><out_Quantity.quantity>760.472337</out_Quantity.quantity></Point><Point><position>13922</position><in_Quantity.quantity>0.000000</in_Quantity.quantity><out_Quantity.quantity>809.238293</out_Quantity.quantity></Point><Point><position>13923</position><in_Quantity.quantity>0.000000</in_Quantity.quantity><out_Quantity.quantity>936.920225</out_Quantity.quantity></Point><Point><position>13924</position><in_Quantity.quantity>0.000000</in_Quantity.quantity><out_Quantity.quantity>970.437145</out_Quantity.quantity></Point><Point><position>13925</position><in_Quantity.quantity>0.000000</in_Quantity.quantity><out_Quantity.quantity>579.734496</out_Quantity.quantity></Point><Point><position>13926</position><in_Quantity.quantity>0.000000</in_Quantity.quantity><out_Quantity.quantity>318.642316</out_Quantity.quantity></Point><Point><position>13927</position><in_Quantity.quantity>0.000000</in_Quantity.quantity><out_Quantity.quantity>641.917065</out_Quantity.quantity></Point><Point><position>13928</position><in_Quantity.quantity>0.000000</in_Quantity.quantity><out_Quantity.quantity>883.715294</out_Quantity.quantity></Point><Point><position>13929</position><in_Quantity.quantity>0.000000</in_Quantity.quantity><out_Quantity.quantity>328.576360</out_Quantity.quantity></Point><Point><position>13930</position><in_Quantity.quantity>0.000000</in_Quantity.quantity><out_Quantity.quantity>487.044013</out_Quantity.quantity></Point><Point><position>13931</position><in_Quantity.quantity>0.000000</in_Quantity.quantity><out_Quantity.quantity>433.059862</out_Quantity.quantity></Point><Point><position>13932</position><in_Quantity.quantity>0.000000</in_Quantity.quantity><out_Quantity.quantity>327.742097</out_Quantity.quantity></Point><Point><position>13933</position><in_Quantity.quantity>0.000000</in_Quantity.quantity><out_Quantity.quantity>452.899440</out_Quantity.quantity></Point><Point><position>13934</position><in_Quantity.quantity>0.000000</in_Quantity.quantity><out_Quantity.quantity>528.752368</out_Quantity.quantity></Point><Point><position>13935</position><in_Quantity.quantity>0.000000</in_Quantity.quantity><out_Quantity.quantity>823.711549</out_Quantity.quantity></Point><Point><position>13936</position><in_Quantity.quantity>0.000000</in_Quantity.quantity><out_Quantity.quantity>749.065037</out_Quantity.quantity></Point><Point><position>13937</position><in_Quantity.quantity>0.000000</in_Quantity.quantity><out_Quantity.quantity>349.157978</out_Quantity.quantity></Point><Point><position>13938</position><in_Quantity.quantity>0.000000</in_Quantity.quantity><out_Quantity.quantity>857.393986</out_Quantity.quantity></Point><Point><position>13939</position><in_Quantity.quantity>0.000000</in_Quantity.quantity><out_Quantity.quantity>350.496124</out_Quantity.quantity></Point><Point><position>13940</position><in_Quantity.quantity>0.000000</in_Quantity.quantity><out_Quantity.quantity>43.454702</out_Quantity.quantity></Point><Point><position>13941</position><in_Quantity.quantity>0.000000</in_Quantity.quantity><out_Quantity.quantity>843.444082</out_Quantity.quantity></Point><Point><position>13942</position><in_Quantity.quantity>0.000000</in_Quantity.quantity><out_Quantity.quantity>210.941493</out_Quantity.quantity></Point><Point><position>13943</position><in_Quantity.quantity>0.000000</in_Quantity.quantity><out_Quantity.quantity>67.815784</out_Quantity.quantity></Point><Point><position>13944</position><in_Quantity.quantity>0.000000</in_Quantity.quantity><out_Quantity.quantity>509.528541</out_Quantity.quantity></Point><Point><position>13945</position><in_Quantity.quantity>0.000000</in_Quantity.quantity><out_Quantity.quantity>759.106664</out_Quantity.quantity></Point><Point><position>13946</position><in_Quantity.quantity>0.000000</in_Quantity.quantity><out_Quantity.quantity>193.556657</out_Quantity.quantity></Point><Point><position>13947</position><in_Quantity.quantity>0.000000</in_Quantity.quantity><out_Quantity.quantity>485.356458</out_Quantity.quantity></Point><Point><position>13948</position><in_Quantity.quantity>0.000000</in_Quantity.quantity><out_Quantity.quantity>976.923782</out_Quantity.quantity></Point><Point><position>13949</position><in_Quantity.quantity>0.000000</in_Quantity.quantity><out_Quantity.quantity>648.656334</out_Quantity.quantity></Point><Point><position>13950</position><in_Quantity.quantity>0.000000</in_Quantity.quantity><out_Quantity.quantity>490.641236</out_Quantity.quantity></Point><Point><position>13951</position><in_Quantity.quantity>0.000000</in_Quantity.quantity><out_Quantity.quantity>656.385051</out_Quantity.quantity></Point><Point><position>13952</position><in_Quantity.quantity>0.000000</in_Quantity.quantity><out_Quantity.quantity>793.026782</out_Quantity.quantity></Point><Point><position>13953</position><in_Quantity.quantity>0.000000</in_Quantity.quantity><out_Quantity.quantity>398.675183</out_Quantity.quantity></Point><Point><position>13954</position><in_Quantity.quantity>0.000000</in_Quantity.quantity><out_Quantity.quantity>431.879728</out_Quantity.quantity></Point><Point><position>13955</position><in_Quantity.quantity>0.000000</in_Quantity.quantity><out_Quantity.quantity>689.415697</out_Quantity.quantity></Point><Point><position>13956</position><in_Quantity.quantity>0.000000</in_Quantity.quantity><out_Quantity.quantity>585.605547</out_Quantity.quantity></Point><Point><position>13957</position><in_Quantity.quantity>0.000000</in_Quantity.quantity><out_Quantity.quantity>886.083429</out_Quantity.quantity></Point><Point><position>13958</position><in_Quantity.quantity>0.000000</in_Quantity.quantity><out_Quantity.quantity>771.446918</out_Quantity.quantity></Point><Point><position>13959</position><in_Quantity.quantity>0.000000</in_Quantity.quantity><out_Quantity.quantity>29.434755</out_Quantity.quantity></Point><Point><position>13960</position><in_Quantity.quantity>0.000000</in_Quantity.quantity><out_Quantity.quantity>89.142620</out_Quantity.quantity></Point><Point><position>13961</position><in_Quantity.quantity>0.000000</in_Quantity.quantity><out_Quantity.quantity>748.575067</out_Quantity.quantity></Point><Point><position>13962</position><in_Quantity.quantity>0.000000</in_Quantity.quantity><out_Quantity.quantity>479.999269</out_Quantity.quantity></Point><Point><position>13963</position><in_Quantity.quantity>0.000000</in_Quantity.quantity><out_Quantity.quantity>499.694063</out_Quantity.quantity></Point><Point><position>13964</position><in_Quantity.quantity>0.000000</in_Quantity.quantity><out_Quantity.quantity>890.274737</out_Quantity.quantity></Point><Point><position>13965</position><in_Quantity.quantity>0.000000</in_Quantity.quantity><out_Quantity.quantity>738.697639</out_Quantity.quantity></Point><Point><position>13966</position><in_Quantity.quantity>0.000000</in_Quantity.quantity><out_Quantity.quantity>87.687815</out_Quantity.quantity></Point><Point><position>13967</position><in_Quantity.quantity>0.000000</in_Quantity.quantity><out_Quantity.quantity>568.860750</out_Quantity.quantity></Point><Point><position>13968</position><in_Quantity.quantity>0.000000</in_Quantity.quantity><out_Quantity.quantity>72.498965</out_Quantity.quantity></Point><Point><position>13969</position><in_Quantity.quantity>0.000000</in_Quantity.quantity><out_Quantity.quantity>815.305464</out_Quantity.quantity></Point><Point><position>13970</position><in_Quantity.quantity>0.000000</in_Quantity.quantity><out_Quantity.quantity>257.745840</out_Quantity.quantity></Point><Point><position>13971</position><in_Quantity.quantity>0.000000</in_Quantity.quantity><out_Quantity.quantity>109.604549</out_Quantity.quantity></Point><Point><position>13972</position><in_Quantity.quantity>0.000000</in_Quantity.quantity><out_Quantity.quantity>316.616405</out_Quantity.quantity></Point><Point><position>13973</position><in_Quantity.quantity>0.000000</in_Quantity.quantity><out_Quantity.quantity>65.016137</out_Quantity.quantity></Point><Point><position>13974</position><in_Quantity.quantity>0.000000</in_Quantity.quantity><out_Quantity.quantity>522.800880</out_Quantity.quantity></Point><Point><position>13975</position><in_Quantity.quantity>0.000000</in_Quantity.quantity><out_Quantity.quantity>665.936312</out_Quantity.quantity></Point><Point><position>13976</position><in_Quantity.quantity>0.000000</in_Quantity.quantity><out_Quantity.quantity>540.314018</out_Quantity.quantity></Point><Point><position>13977</position><in_Quantity.quantity>0.000000</in_Quantity.quantity><out_Quantity.quantity>262.889473</out_Quantity.quantity></Point><Point><position>13978</position><in_Quantity.quantity>0.000000</in_Quantity.quantity><out_Quantity.quantity>824.836852</out_Quantity.quantity></Point><Point><position>13979</position><in_Quantity.quantity>0.000000</in_Quantity.quantity><out_Quantity.quantity>133.169511</out_Quantity.quantity></Point><Point><position>13980</position><in_Quantity.quantity>0.000000</in_Quantity.quantity><out_Quantity.quantity>690.336592</out_Quantity.quantity></Point><Point><position>13981</position><in_Quantity.quantity>0.000000</in_Quantity.quantity><out_Quantity.quantity>640.183884</out_Quantity.quantity></Point><Point><position>13982</position><in_Quantity.quantity>0.000000</in_Quantity.quantity><out_Quantity.quantity>597.126470</out_Quantity.quantity></Point><Point><position>13983</position><in_Quantity.quantity>0.000000</in_Quantity.quantity><out_Quantity.quantity>765.799230</out_Quantity.quantity></Point><Point><position>13984</position><in_Quantity.quantity>0.000000</in_Quantity.quantity><out_Quantity.quantity>287.278607</out_Quantity.quantity></Point><Point><position>13985</position><in_Quantity.quantity>0.000000</in_Quantity.quantity><out_Quantity.quantity>193.129840</out_Quantity.quantity></Point><Point><position>13986</position><in_Quantity.quantity>0.000000</in_Quantity.quantity><out_Quantity.quantity>791.098348</out_Quantity.quantity></Point><Point><position>13987</position><in_Quantity.quantity>0.000000</in_Quantity.quantity><out_Quantity.quantity>536.913938</out_Quantity.quantity></Point><Point><position>13988</position><in_Quantity.quantity>0.000000</in_Quantity.quantity><out_Quantity.quantity>59.450684</out_Quantity.quantity></Point><Point><position>13989</position><in_Quantity.quantity>0.000000</in_Quantity.quantity><out_Quantity.quantity>628.877491</out_Quantity.quantity></Point><Point><position>13990</position><in_Quantity.quantity>0.000000</in_Quantity.quantity><out_Quantity.quantity>14.604803</out_Quantity.quantity></Point><Point><position>13991</position><in_Quantity.quantity>0.000000</in_Quantity.quantity><out_Quantity.quantity>590.165257</out_Quantity.quantity></Point><Point><position>13992</position><in_Quantity.quantity>0.000000</in_Quantity.quantity><out_Quantity.quantity>832.892886</out_Quantity.quantity></Point><Point><position>13993</position><in_Quantity.quantity>0.000000</in_Quantity.quantity><out_Quantity.quantity>539.755602</out_Quantity.quantity></Point><Point><position>13994</position><in_Quantity.quantity>0.000000</in_Quantity.quantity><out_Quantity.quantity>430.631558</out_Quantity.quantity></Point><Point><position>13995</position><in_Quantity.quantity>0.000000</in_Quantity.quantity><out_Quantity.quantity>514.044818</out_Quantity.quantity></Point><Point><position>13996</position><in_Quantity.quantity>0.000000</in_Quantity.quantity><out_Quantity.quantity>460.343502</out_Quantity.quantity></Point><Point><position>13997</position><in_Quantity.quantity>0.000000</in_Quantity.quantity><out_Quantity.quantity>702.844420</out_Quantity.quantity></Point><Point><position>13998</position><in_Quantity.quantity>0.000000</in_Quantity.quantity><out_Quantity.quantity>505.739687</out_Quantity.quantity></Point><Point><position>13999</position><in_Quantity.quantity>0.000000</in_Quantity.quantity><out_Quantity.quantity>305.540014</out_Quantity.quantity></Point><Point><position>14000</position><in_Quantity.quantity>0.000000</in_Quantity.quantity><out_Quantity.quantity>336.930357</out_Quantity.quantity></Point><Point><position>14001</position><in_Quantity.quantity>0.000000</in_Quantity.quantity><out_Quantity.quantity>480.172176</out_Quantity.quantity></Point><Point><position>14002</position><in_Quantity.quantity>0.000000</in_Quantity.quantity><out_Quantity.quantity>302.969236</out_Quantity.quantity></Point><Point><position>14003</position><in_Quantity.quantity>0.000000</in_Quantity.quantity><out_Quantity.quantity>167.597435</out_Quantity.quantity></Point><Point><position>14004</position><in_Quantity.quantity>0.000000</in_Quantity.quantity><out_Quantity.quantity>976.367202</out_Quantity.quantity></Point><Point><position>14005</position><in_Quantity.quantity>0.000000</in_Quantity.quantity><out_Quantity.quantity>685.490244</out_Quantity.quantity></Point><Point><position>14006</position><in_Quantity.quantity>0.000000</in_Quantity.quantity><out_Quantity.quantity>220.244738</out_Quantity.quantity></Point><Point><position>14007</position><in_Quantity.quantity>0.000000</in_Quantity.quantity><out_Quantity.quantity>578.892981</out_Quantity.quantity></Point><Point><position>14008</position><in_Quantity.quantity>0.000000</in_Quantity.quantity><out_Quantity.quantity>321.520252</out_Quantity.quantity></Point><Point><position>14009</position><in_Quantity.quantity>0.000000</in_Quantity.quantity><out_Quantity.quantity>27.007944</out_Quantity.quantity></Point><Point><position>14010</position><in_Quantity.quantity>0.000000</in_Quantity.quantity><out_Quantity.quantity>589.237628</out_Quantity.quantity></Point><Point><position>14011</position><in_Quantity.quantity>0.000000</in_Quantity.quantity><out_Quantity.quantity>353.139886</out_Quantity.quantity></Point><Point><position>14012</position><in_Quantity.quantity>0.000000</in_Quantity.quantity><out_Quantity.quantity>863.363292</out_Quantity.quantity></Point><Point><position>14013</position><in_Quantity.quantity>0.000000</in_Quantity.quantity><out_Quantity.quantity>609.371826</out_Quantity.quantity></Point><Point><position>14014</position><in_Quantity.quantity>0.000000</in_Quantity.quantity><out_Quantity.quantity>267.815683</out_Quantity.quantity></Point><Point><position>14015</position><in_Quantity.quantity>0.000000</in_Quantity.quantity><out_Quantity.quantity>840.977838</out_Quantity.quantity></Point><Point><position>14016</position><in_Quantity.quantity>0.000000</in_Quantity.quantity><out_Quantity.quantity>225.795422</out_Quantity.quantity></Point><Point><position>14017</position><in_Quantity.quantity>0.000000</in_Quantity.quantity><out_Quantity.quantity>423.335713</out_Quantity.quantity></Point><Point><position>14018</position><in_Quantity.quantity>0.000000</in_Quantity.quantity><out_Quantity.quantity>91.573852</out_Quantity.quantity></Point><Point><position>14019</position><in_Quantity.quantity>0.000000</in_Quantity.quantity><out_Quantity.quantity>278.754238</out_Quantity.quantity></Point><Point><position>14020</position><in_Quantity.quantity>0.000000</in_Quantity.quantity><out_Quantity.quantity>740.461426</out_Quantity.quantity></Point><Point><position>14021</position><in_Quantity.quantity>0.000000</in_Quantity.quantity><out_Quantity.quantity>72.434018</out_Quantity.quantity></Point><Point><position>14022</position><in_Quantity.quantity>0.000000</in_Quantity.quantity><out_Quantity.quantity>936.968264</out_Quantity.quantity></Point><Point><position>14023</position><in_Quantity.quantity>0.000000</in_Quantity.quantity><out_Quantity.quantity>927.997974</out_Quantity.quantity></Point><Point><position>14024</position><in_Quantity.quantity>0.000000</in_Quantity.quantity><out_Quantity.quantity>768.834417</out_Quantity.quantity></Point><Point><position>14025</position><in_Quantity.quantity>0.000000</in_Quantity.quantity><out_Quantity.quantity>208.049518</out_Quantity.quantity></Point><Point><position>14026</position><in_Quantity.quantity>0.000000</in_Quantity.quantity><out_Quantity.quantity>265.102425</out_Quantity.quantity></Point><Point><position>14027</position><in_Quantity.quantity>0.000000</in_Quantity.quantity><out_Quantity.quantity>433.501184</out_Quantity.quantity></Point><Point><position>14028</position><in_Quantity.quantity>0.000000</in_Quantity.quantity><out_Quantity.quantity>333.712445</out_Quantity.quantity></Point><Point><position>14029</position><in_Quantity.quantity>0.000000</in_Quantity.quantity><out_Quantity.quantity>638.931262</out_Quantity.quantity></Point><Point><position>14030</position><in_Quantity.quantity>0.000000</in_Quantity.quantity><out_Quantity.quantity>69.441854</out_Quantity.quantity></Point><Point><position>14031</position><in_Quantity.quantity>0.000000</in_Quantity.quantity><out_Quantity.quantity>140.562774</out_Quantity.quantity></Point><Point><position>14032</position><in_Quantity.quantity>0.000000</in_Quantity.quantity><out_Quantity.quantity>915.140708</out_Quantity.quantity></Point><Point><position>14033</position><in_Quantity.quantity>0.000000</in_Quantity.quantity><out_Quantity.quantity>151.802391</out_Quantity.quantity></Point><Point><position>14034</position><in_Quantity.quantity>0.000000</in_Quantity.quantity><out_Quantity.quantity>190.653250</out_Quantity.quantity></Point><Point><position>14035</position><in_Quantity.quantity>0.000000</in_Quantity.quantity><out_Quantity.quantity>726.385688</out_Quantity.quantity></Point><Point><position>14036</position><in_Quantity.quantity>0.000000</in_Quantity.quantity><out_Quantity.quantity>562.765830</out_Quantity.quantity></Point><Point><position>14037</position><in_Quantity.quantity>0.000000</in_Quantity.quantity><out_Quantity.quantity>234.903833</out_Quantity.quantity></Point><Point><position>14038</position><in_Quantity.quantity>0.000000</in_Quantity.quantity><out_Quantity.quantity>385.102630</out_Quantity.quantity></Point><Point><position>14039</position><in_Quantity.quantity>0.000000</in_Quantity.quantity><out_Quantity.quantity>413.591530</out_Quantity.quantity></Point><Point><position>14040</position><in_Quantity.quantity>0.000000</in_Quantity.quantity><out_Quantity.quantity>894.424192</out_Quantity.quantity></Point><Point><position>14041</position><in_Quantity.quantity>0.000000</in_Quantity.quantity><out_Quantity.quantity>494.535298</out_Quantity.quantity></Point><Point><position>14042</position><in_Quantity.quantity>0.000000</in_Quantity.quantity><out_Quantity.quantity>190.582912</out_Quantity.quantity></Point><Point><position>14043</position><in_Quantity.quantity>0.000000</in_Quantity.quantity><out_Quantity.quantity>470.039492</out_Quantity.quantity></Point><Point><position>14044</position><in_Quantity.quantity>0.000000</in_Quantity.quantity><out_Quantity.quantity>360.754367</out_Quantity.quantity></Point><Point><position>14045</position><in_Quantity.quantity>0.000000</in_Quantity.quantity><out_Quantity.quantity>60.065136</out_Quantity.quantity></Point><Point><position>14046</position><in_Quantity.quantity>0.000000</in_Quantity.quantity><out_Quantity.quantity>198.902694</out_Quantity.quantity></Point><Point><position>14047</position><in_Quantity.quantity>0.000000</in_Quantity.quantity><out_Quantity.quantity>824.916683</out_Quantity.quantity></Point><Point><position>14048</position><in_Quantity.quantity>0.000000</in_Quantity.quantity><out_Quantity.quantity>893.818656</out_Quantity.quantity></Point><Point><position>14049</position><in_Quantity.quantity>0.000000</in_Quantity.quantity><out_Quantity.quantity>501.608087</out_Quantity.quantity></Point><Point><position>14050</position><in_Quantity.quantity>0.000000</in_Quantity.quantity><out_Quantity.quantity>673.995990</out_Quantity.quantity></Point><Point><position>14051</position><in_Quantity.quantity>0.000000</in_Quantity.quantity><out_Quantity.quantity>686.645644</out_Quantity.quantity></Point><Point><position>14052</position><in_Quantity.quantity>0.000000</in_Quantity.quantity><out_Quantity.quantity>252.709300</out_Quantity.quantity></Point><Point><position>14053</position><in_Quantity.quantity>0.000000</in_Quantity.quantity><out_Quantity.quantity>915.413658</out_Quantity.quantity></Point><Point><position>14054</position><in_Quantity.quantity>0.000000</in_Quantity.quantity><out_Quantity.quantity>194.740930</out_Quantity.quantity></Point><Point><position>14055</position><in_Quantity.quantity>0.000000</in_Quantity.quantity><out_Quantity.quantity>515.286155</out_Quantity.quantity></Point><Point><position>14056</position><in_Quantity.quantity>0.000000</in_Quantity.quantity><out_Quantity.quantity>84.883959</out_Quantity.quantity></Point><Point><position>14057</position><in_Quantity.quantity>0.000000</in_Quantity.quantity><out_Quantity.quantity>555.838970</out_Quantity.quantity></Point><Point><position>14058</position><in_Quantity.quantity>0.000000</in_Quantity.quantity><out_Quantity.quantity>462.716627</out_Quantity.quantity></Point><Point><position>14059</position><in_Quantity.quantity>0.000000</in_Quantity.quantity><out_Quantity.quantity>821.938707</out_Quantity.quantity></Point><Point><position>14060</position><in_Quantity.quantity>0.000000</in_Quantity.quantity><out_Quantity.quantity>788.736118</out_Quantity.quantity></Point><Point><position>14061</position><in_Quantity.quantity>0.000000</in_Quantity.quantity><out_Quantity.quantity>84.901674</out_Quantity.quantity></Point><Point><position>14062</position><in_Quantity.quantity>0.000000</in_Quantity.quantity><out_Quantity.quantity>304.797047</out_Quantity.quantity></Point><Point><position>14063</position><in_Quantity.quantity>0.000000</in_Quantity.quantity><out_Quantity.quantity>595.819581</out_Quantity.quantity></Point><Point><position>14064</position><in_Quantity.quantity>0.000000</in_Quantity.quantity><out_Quantity.quantity>259.055521</out_Quantity.quantity></Point><Point><position>14065</position><in_Quantity.quantity>0.000000</in_Quantity.quantity><out_Quantity.quantity>567.506050</out_Quantity.quantity></Point><Point><position>14066</position><in_Quantity.quantity>0.000000</in_Quantity.quantity><out_Quantity.quantity>716.993147</out_Quantity.quantity></Point><Point><position>14067</position><in_Quantity.quantity>0.000000</in_Quantity.quantity><out_Quantity.quantity>397.644777</out_Quantity.quantity></Point><Point><position>14068</position><in_Quantity.quantity>0.000000</in_Quantity.quantity><out_Quantity.quantity>106.641810</out_Quantity.quantity></Point><Point><position>14069</position><in_Quantity.quantity>0.000000</in_Quantity.quantity><out_Quantity.quantity>575.701517</out_Quantity.quantity></Point><Point><position>14070</position><in_Quantity.quantity>0.000000</in_Quantity.quantity><out_Quantity.quantity>883.967452</out_Quantity.quantity></Point><Point><position>14071</position><in_Quantity.quantity>0.000000</in_Quantity.quantity><out_Quantity.quantity>141.035131</out_Quantity.quantity></Point><Point><position>14072</position><in_Quantity.quantity>0.000000</in_Quantity.quantity><out_Quantity.quantity>925.547144</out_Quantity.quantity></Point><Point><position>14073</position><in_Quantity.quantity>0.000000</in_Quantity.quantity><out_Quantity.quantity>703.110921</out_Quantity.quantity></Point><Point><position>14074</position><in_Quantity.quantity>0.000000</in_Quantity.quantity><out_Quantity.quantity>315.920731</out_Quantity.quantity></Point><Point><position>14075</position><in_Quantity.quantity>0.000000</in_Quantity.quantity><out_Quantity.quantity>889.699458</out_Quantity.quantity></Point><Point><position>14076</position><in_Quantity.quantity>0.000000</in_Quantity.quantity><out_Quantity.quantity>214.307963</out_Quantity.quantity></Point><Point><position>14077</position><in_Quantity.quantity>0.000000</in_Quantity.quantity><out_Quantity.quantity>391.004419</out_Quantity.quantity></Point><Point><position>14078</position><in_Quantity.quantity>0.000000</in_Quantity.quantity><out_Quantity.quantity>469.498106</out_Quantity.quantity></Point><Point><position>14079</position><in_Quantity.quantity>0.000000</in_Quantity.quantity><out_Quantity.quantity>218.262167</out_Quantity.quantity></Point><Point><position>14080</position><in_Quantity.quantity>0.000000</in_Quantity.quantity><out_Quantity.quantity>844.906659</out_Quantity.quantity></Point><Point><position>14081</position><in_Quantity.quantity>0.000000</in_Quantity.quantity><out_Quantity.quantity>98.817872</out_Quantity.quantity></Point><Point><position>14082</position><in_Quantity.quantity>0.000000</in_Quantity.quantity><out_Quantity.quantity>363.058871</out_Quantity.quantity></Point><Point><position>14083</position><in_Quantity.quantity>0.000000</in_Quantity.quantity><out_Quantity.quantity>511.478334</out_Quantity.quantity></Point><Point><position>14084</position><in_Quantity.quantity>0.000000</in_Quantity.quantity><out_Quantity.quantity>639.151027</out_Quantity.quantity></Point><Point><position>14085</position><in_Quantity.quantity>0.000000</in_Quantity.quantity><out_Quantity.quantity>325.961241</out_Quantity.quantity></Point><Point><position>14086</position><in_Quantity.quantity>0.000000</in_Quantity.quantity><out_Quantity.quantity>154.145645</out_Quantity.quantity></Point><Point><position>14087</position><in_Quantity.quantity>0.000000</in_Quantity.quantity><out_Quantity.quantity>662.437446</out_Quantity.quantity></Point><Point><position>14088</position><in_Quantity.quantity>0.000000</in_Quantity.quantity><out_Quantity.quantity>63.317291</out_Quantity.quantity></Point><Point><position>14089</position><in_Quantity.quantity>0.000000</in_Quantity.quantity><out_Quantity.quantity>531.926886</out_Quantity.quantity></Point><Point><position>14090</position><in_Quantity.quantity>0.000000</in_Quantity.quantity><out_Quantity.quantity>445.548743</out_Quantity.quantity></Point><Point><position>14091</position><in_Quantity.quantity>0.000000</in_Quantity.quantity><out_Quantity.quantity>724.831783</out_Quantity.quantity></Point><Point><position>14092</position><in_Quantity.quantity>0.000000</in_Quantity.quantity><out_Quantity.quantity>12.274410</out_Quantity.quantity></Point><Point><position>14093</position><in_Quantity.quantity>0.000000</in_Quantity.quantity><out_Quantity.quantity>197.046306</out_Quantity.quantity></Point><Point><position>14094</position><in_Quantity.quantity>0.000000</in_Quantity.quantity><out_Quantity.quantity>827.200030</out_Quantity.quantity></Point><Point><position>14095</position><in_Quantity.quantity>0.000000</in_Quantity.quantity><out_Quantity.quantity>177.232899</out_Quantity.quantity></Point><Point><position>14096</position><in_Quantity.quantity>0.000000</in_Quantity.quantity><out_Quantity.quantity>94.208945</out_Quantity.quantity></Point><Point><position>14097</position><in_Quantity.quantity>0.000000</in_Quantity.quantity><out_Quantity.quantity>687.013043</out_Quantity.quantity></Point><Point><position>14098</position><in_Quantity.quantity>0.000000</in_Quantity.quantity><out_Quantity.quantity>752.310962</out_Quantity.quantity></Point><Point><position>14099</position><in_Quantity.quantity>0.000000</in_Quantity.quantity><out_Quantity.quantity>117.113446</out_Quantity.quantity></Point><Point><position>14100</position><in_Quantity.quantity>0.000000</in_Quantity.quantity><out_Quantity.quantity>692.759672</out_Quantity.quantity></Point><Point><position>14101</position><in_Quantity.quantity>0.000000</in_Quantity.quantity><out_Quantity.quantity>977.121908</out_Quantity.quantity></Point><Point><position>14102</position><in_Quantity.quantity>0.000000</in_Quantity.quantity><out_Quantity.quantity>55.887946</out_Quantity.quantity></Point><Point><position>14103</position><in_Quantity.quantity>0.000000</in_Quantity.quantity><out_Quantity.quantity>95.923166</out_Quantity.quantity></Point><Point><position>14104</position><in_Quantity.quantity>0.000000</in_Quantity.quantity><out_Quantity.quantity>976.329728</out_Quantity.quantity></Point><Point><position>14105</position><in_Quantity.quantity>0.000000</in_Quantity.quantity><out_Quantity.quantity>49.957467</out_Quantity.quantity></Point><Point><position>14106</position><in_Quantity.quantity>0.000000</in_Quantity.quantity><out_Quantity.quantity>552.333746</out_Quantity.quantity></Point><Point><position>14107</position><in_Quantity.quantity>0.000000</in_Quantity.quantity><out_Quantity.quantity>134.003704</out_Quantity.quantity></Point><Point><position>14108</position><in_Quantity.quantity>0.000000</in_Quantity.quantity><out_Quantity.quantity>525.020544</out_Quantity.quantity></Point><Point><position>14109</position><in_Quantity.quantity>0.000000</in_Quantity.quantity><out_Quantity.quantity>630.696931</out_Quantity.quantity></Point><Point><position>14110</position><in_Quantity.quantity>0.000000</in_Quantity.quantity><out_Quantity.quantity>732.318589</out_Quantity.quantity></Point><Point><position>14111</position><in_Quantity.quantity>0.000000</in_Quantity.quantity><out_Quantity.quantity>936.613170</out_Quantity.quantity></Point><Point><position>14112</position><in_Quantity.quantity>0.000000</in_Quantity.quantity><out_Quantity.quantity>222.863580</out_Quantity.quantity></Point><Point><position>14113</position><in_Quantity.quantity>0.000000</in_Quantity.quantity><out_Quantity.quantity>131.196803</out_Quantity.quantity></Point><Point><position>14114</position><in_Quantity.quantity>0.000000</in_Quantity.quantity><out_Quantity.quantity>998.069783</out_Quantity.quantity></Point><Point><position>14115</position><in_Quantity.quantity>0.000000</in_Quantity.quantity><out_Quantity.quantity>393.354859</out_Quantity.quantity></Point><Point><position>14116</position><in_Quantity.quantity>0.000000</in_Quantity.quantity><out_Quantity.quantity>550.956377</out_Quantity.quantity></Point><Point><position>14117</position><in_Quantity.quantity>0.000000</in_Quantity.quantity><out_Quantity.quantity>510.314603</out_Quantity.quantity></Point><Point><position>14118</position><in_Quantity.quantity>0.000000</in_Quantity.quantity><out_Quantity.quantity>120.837562</out_Quantity.quantity></Point><Point><position>14119</position><in_Quantity.quantity>0.000000</in_Quantity.quantity><out_Quantity.quantity>952.451376</out_Quantity.quantity></Point><Point><position>14120</position><in_Quantity.quantity>0.000000</in_Quantity.quantity><out_Quantity.quantity>945.455012</out_Quantity.quantity></Point><Point><position>14121</position><in_Quantity.quantity>0.000000</in_Quantity.quantity><out_Quantity.quantity>906.458555</out_Quantity.quantity></Point><Point><position>14122</position><in_Quantity.quantity>0.000000</in_Quantity.quantity><out_Quantity.quantity>53.451484</out_Quantity.quantity></Point><Point><position>14123</position><in_Quantity.quantity>0.000000</in_Quantity.quantity><out_Quantity.quantity>716.809388</out_Quantity.quantity></Point><Point><position>14124</position><in_Quantity.quantity>0.000000</in_Quantity.quantity><out_Quantity.quantity>215.473310</out_Quantity.quantity></Point><Point><position>14125</position><in_Quantity.quantity>0.000000</in_Quantity.quantity><out_Quantity.quantity>747.440531</out_Quantity.quantity></Point><Point><position>14126</position><in_Quantity.quantity>0.000000</in_Quantity.quantity><out_Quantity.quantity>941.892414</out_Quantity.quantity></Point><Point><position>14127</position><in_Quantity.quantity>0.000000</in_Quantity.quantity><out_Quantity.quantity>757.695809</out_Quantity.quantity></Point><Point><position>14128</position><in_Quantity.quantity>0.000000</in_Quantity.quantity><out_Quantity.quantity>74.940177</out_Quantity.quantity></Point><Point><position>14129</position><in_Quantity.quantity>0.000000</in_Quantity.quantity><out_Quantity.quantity>949.371421</out_Quantity.quantity></Point><Point><position>14130</position><in_Quantity.quantity>0.000000</in_Quantity.quantity><out_Quantity.quantity>896.267460</out_Quantity.quantity></Point><Point><position>14131</position><in_Quantity.quantity>0.000000</in_Quantity.quantity><out_Quantity.quantity>479.827379</out_Quantity.quantity></Point><Point><position>14132</position><in_Quantity.quantity>0.000000</in_Quantity.quantity><out_Quantity.quantity>707.558011</out_Quantity.quantity></Point><Point><position>14133</position><in_Quantity.quantity>0.000000</in_Quantity.quantity><out_Quantity.quantity>131.328765</out_Quantity.quantity></Point><Point><position>14134</position><in_Quantity.quantity>0.000000</in_Quantity.quantity><out_Quantity.quantity>980.436057</out_Quantity.quantity></Point><Point><position>14135</position><in_Quantity.quantity>0.000000</in_Quantity.quantity><out_Quantity.quantity>253.588146</out_Quantity.quantity></Point><Point><position>14136</position><in_Quantity.quantity>0.000000</in_Quantity.quantity><out_Quantity.quantity>289.955005</out_Quantity.quantity></Point><Point><position>14137</position><in_Quantity.quantity>0.000000</in_Quantity.quantity><out_Quantity.quantity>939.910840</out_Quantity.quantity></Point><Point><position>14138</position><in_Quantity.quantity>0.000000</in_Quantity.quantity><out_Quantity.quantity>887.533498</out_Quantity.quantity></Point><Point><position>14139</position><in_Quantity.quantity>0.000000</in_Quantity.quantity><out_Quantity.quantity>734.982485</out_Quantity.quantity></Point><Point><position>14140</position><in_Quantity.quantity>0.000000</in_Quantity.quantity><out_Quantity.quantity>447.284922</out_Quantity.quantity></Point><Point><position>14141</position><in_Quantity.quantity>0.000000</in_Quantity.quantity><out_Quantity.quantity>789.266303</out_Quantity.quantity></Point><Point><position>14142</position><in_Quantity.quantity>0.000000</in_Quantity.quantity><out_Quantity.quantity>771.063819</out_Quantity.quantity></Point><Point><position>14143</position><in_Quantity.quantity>0.000000</in_Quantity.quantity><out_Quantity.quantity>738.373494</out_Quantity.quantity></Point><Point><position>14144</position><in_Quantity.quantity>0.000000</in_Quantity.quantity><out_Quantity.quantity>713.634370</out_Quantity.quantity></Point><Point><position>14145</position><in_Quantity.quantity>0.000000</in_Quantity.quantity><out_Quantity.quantity>133.510628</out_Quantity.quantity></Point><Point><position>14146</position><in_Quantity.quantity>0.000000</in_Quantity.quantity><out_Quantity.quantity>178.348182</out_Quantity.quantity></Point><Point><position>14147</position><in_Quantity.quantity>0.000000</in_Quantity.quantity><out_Quantity.quantity>547.776193</out_Quantity.quantity></Point><Point><position>14148</position><in_Quantity.quantity>0.000000</in_Quantity.quantity><out_Quantity.quantity>848.068087</out_Quantity.quantity></Point><Point><position>14149</position><in_Quantity.quantity>0.000000</in_Quantity.quantity><out_Quantity.quantity>808.997312</out_Quantity.quantity></Point><Point><position>14150</position><in_Quantity.quantity>0.000000</in_Quantity.quantity><out_Quantity.quantity>880.088523</out_Quantity.quantity></Point><Point><position>14151</position><in_Quantity.quantity>0.000000</in_Quantity.quantity><out_Quantity.quantity>920.988440</out_Quantity.quantity></Point><Point><position>14152</position><in_Quantity.quantity>0.000000</in_Quantity.quantity><out_Quantity.quantity>260.546763</out_Quantity.quantity></Point><Point><position>14153</position><in_Quantity.quantity>0.000000</in_Quantity.quantity><out_Quantity.quantity>108.915897</out_Quantity.quantity></Point><Point><position>14154</position><in_Quantity.quantity>0.000000</in_Quantity.quantity><out_Quantity.quantity>194.035246</out_Quantity.quantity></Point><Point><position>14155</position><in_Quantity.quantity>0.000000</in_Quantity.quantity><out_Quantity.quantity>98.290560</out_Quantity.quantity></Point><Point><position>14156</position><in_Quantity.quantity>0.000000</in_Quantity.quantity><out_Quantity.quantity>957.594743</out_Quantity.quantity></Point><Point><position>14157</position><in_Quantity.quantity>0.000000</in_Quantity.quantity><out_Quantity.quantity>495.516405</out_Quantity.quantity></Point><Point><position>14158</position><in_Quantity.quantity>0.000000</in_Quantity.quantity><out_Quantity.quantity>714.082567</out_Quantity.quantity></Point><Point><position>14159</position><in_Quantity.quantity>0.000000</in_Quantity.quantity><out_Quantity.quantity>530.393486</out_Quantity.quantity></Point><Point><position>14160</position><in_Quantity.quantity>0.000000</in_Quantity.quantity><out_Quantity.quantity>771.554227</out_Quantity.quantity></Point><Point><position>14161</position><in_Quantity.quantity>0.000000</in_Quantity.quantity><out_Quantity.quantity>599.808125</out_Quantity.quantity></Point><Point><position>14162</position><in_Quantity.quantity>0.000000</in_Quantity.quantity><out_Quantity.quantity>822.863310</out_Quantity.quantity></Point><Point><position>14163</position><in_Quantity.quantity>0.000000</in_Quantity.quantity><out_Quantity.quantity>681.792111</out_Quantity.quantity></Point><Point><position>14164</position><in_Quantity.quantity>0.000000</in_Quantity.quantity><out_Quantity.quantity>800.084994</out_Quantity.quantity></Point><Point><position>14165</position><in_Quantity.quantity>0.000000</in_Quantity.quantity><out_Quantity.quantity>939.428628</out_Quantity.quantity></Point><Point><position>14166</position><in_Quantity.quantity>0.000000</in_Quantity.quantity><out_Quantity.quantity>996.671286</out_Quantity.quantity></Point><Point><position>14167</position><in_Quantity.quantity>0.000000</in_Quantity.quantity><out_Quantity.quantity>611.549546</out_Quantity.quantity></Point><Point><position>14168</position><in_Quantity.quantity>0.000000</in_Quantity.quantity><out_Quantity.quantity>886.487098</out_Quantity.quantity></Point><Point><position>14169</position><in_Quantity.quantity>0.000000</in_Quantity.quantity><out_Quantity.quantity>877.822558</out_Quantity.quantity></Point><Point><position>14170</position><in_Quantity.quantity>0.000000</in_Quantity.quantity><out_Quantity.quantity>741.411189</out_Quantity.quantity></Point><Point><position>14171</position><in_Quantity.quantity>0.000000</in_Quantity.quantity><out_Quantity.quantity>934.137575</out_Quantity.quantity></Point><Point><position>14172</position><in_Quantity.quantity>0.000000</in_Quantity.quantity><out_Quantity.quantity>243.149237</out_Quantity.quantity></Point><Point><position>14173</position><in_Quantity.quantity>0.000000</in_Quantity.quantity><out_Quantity.quantity>860.460493</out_Quantity.quantity></Point><Point><position>14174</position><in_Quantity.quantity>0.000000</in_Quantity.quantity><out_Quantity.quantity>321.292528</out_Quantity.quantity></Point><Point><position>14175</position><in_Quantity.quantity>0.000000</in_Quantity.quantity><out_Quantity.quantity>202.212509</out_Quantity.quantity></Point><Point><position>14176</position><in_Quantity.quantity>0.000000</in_Quantity.quantity><out_Quantity.quantity>11.979381</out_Quantity.quantity></Point><Point><position>14177</position><in_Quantity.quantity>0.000000</in_Quantity.quantity><out_Quantity.quantity>426.559058</out_Quantity.quantity></Point><Point><position>14178</position><in_Quantity.quantity>0.000000</in_Quantity.quantity><out_Quantity.quantity>669.650339</out_Quantity.quantity></Point><Point><position>14179</position><in_Quantity.quantity>0.000000</in_Quantity.quantity><out_Quantity.quantity>445.185459</out_Quantity.quantity></Point><Point><position>14180</position><in_Quantity.quantity>0.000000</in_Quantity.quantity><out_Quantity.quantity>132.359393</out_Quantity.quantity></Point><Point><position>14181</position><in_Quantity.quantity>0.000000</in_Quantity.quantity><out_Quantity.quantity>420.319284</out_Quantity.quantity></Point><Point><position>14182</position><in_Quantity.quantity>0.000000</in_Quantity.quantity><out_Quantity.quantity>951.548815</out_Quantity.quantity></Point><Point><position>14183</position><in_Quantity.quantity>0.000000</in_Quantity.quantity><out_Quantity.quantity>366.378346</out_Quantity.quantity></Point><Point><position>14184</position><in_Quantity.quantity>0.000000</in_Quantity.quantity><out_Quantity.quantity>441.707402</out_Quantity.quantity></Point><Point><position>14185</position><in_Quantity.quantity>0.000000</in_Quantity.quantity><out_Quantity.quantity>629.311571</out_Quantity.quantity></Point><Point><position>14186</position><in_Quantity.quantity>0.000000</in_Quantity.quantity><out_Quantity.quantity>57.168926</out_Quantity.quantity></Point><Point><position>14187</position><in_Quantity.quantity>0.000000</in_Quantity.quantity><out_Quantity.quantity>57.728948</out_Quantity.quantity></Point><Point><position>14188</position><in_Quantity.quantity>0.000000</in_Quantity.quantity><out_Quantity.quantity>342.425248</out_Quantity.quantity></Point><Point><position>14189</position><in_Quantity.quantity>0.000000</in_Quantity.quantity><out_Quantity.quantity>859.747869</out_Quantity.quantity></Point><Point><position>14190</position><in_Quantity.quantity>0.000000</in_Quantity.quantity><out_Quantity.quantity>384.706632</out_Quantity.quantity></Point><Point><position>14191</position><in_Quantity.quantity>0.000000</in_Quantity.quantity><out_Quantity.quantity>226.165630</out_Quantity.quantity></Point><Point><position>14192</position><in_Quantity.quantity>0.000000</in_Quantity.quantity><out_Quantity.quantity>137.777774</out_Quantity.quantity></Point><Point><position>14193</position><in_Quantity.quantity>0.000000</in_Quantity.quantity><out_Quantity.quantity>464.014057</out_Quantity.quantity></Point><Point><position>14194</position><in_Quantity.quantity>0.000000</in_Quantity.quantity><out_Quantity.quantity>910.220422</out_Quantity.quantity></Point><Point><position>14195</position><in_Quantity.quantity>0.000000</in_Quantity.quantity><out_Quantity.quantity>961.403382</out_Quantity.quantity></Point><Point><position>14196</position><in_Quantity.quantity>0.000000</in_Quantity.quantity><out_Quantity.quantity>507.138785</out_Quantity.quantity></Point><Point><position>14197</position><in_Quantity.quantity>0.000000</in_Quantity.quantity><out_Quantity.quantity>994.257960</out_Quantity.quantity></Point><Point><position>14198</position><in_Quantity.quantity>0.000000</in_Quantity.quantity><out_Quantity.quantity>27.616140</out_Quantity.quantity></Point><Point><position>14199</position><in_Quantity.quantity>0.000000</in_Quantity.quantity><out_Quantity.quantity>577.436635</out_Quantity.quantity></Point><Point><position>14200</position><in_Quantity.quantity>0.000000</in_Quantity.quantity><out_Quantity.quantity>38.516591</out_Quantity.quantity></Point><Point><position>14201</position><in_Quantity.quantity>0.000000</in_Quantity.quantity><out_Quantity.quantity>220.305195</out_Quantity.quantity></Point><Point><position>14202</position><in_Quantity.quantity>0.000000</in_Quantity.quantity><out_Quantity.quantity>23.185044</out_Quantity.quantity></Point><Point><position>14203</position><in_Quantity.quantity>0.000000</in_Quantity.quantity><out_Quantity.quantity>917.894582</out_Quantity.quantity></Point><Point><position>14204</position><in_Quantity.quantity>0.000000</in_Quantity.quantity><out_Quantity.quantity>881.824278</out_Quantity.quantity></Point><Point><position>14205</position><in_Quantity.quantity>0.000000</in_Quantity.quantity><out_Quantity.quantity>440.478699</out_Quantity.quantity></Point><Point><position>14206</position><in_Quantity.quantity>0.000000</in_Quantity.quantity><out_Quantity.quantity>881.793816</out_Quantity.quantity></Point><Point><position>14207</position><in_Quantity.quantity>0.000000</in_Quantity.quantity><out_Quantity.quantity>133.286189</out_Quantity.quantity></Point><Point><position>14208</position><in_Quantity.quantity>0.000000</in_Quantity.quantity><out_Quantity.quantity>670.602515</out_Quantity.quantity></Point><Point><position>14209</position><in_Quantity.quantity>0.000000</in_Quantity.quantity><out_Quantity.quantity>306.903873</out_Quantity.quantity></Point><Point><position>14210</position><in_Quantity.quantity>0.000000</in_Quantity.quantity><out_Quantity.quantity>110.186207</out_Quantity.quantity></Point><Point><position>14211</position><in_Quantity.quantity>0.000000</in_Quantity.quantity><out_Quantity.quantity>313.548854</out_Quantity.quantity></Point><Point><position>14212</position><in_Quantity.quantity>0.000000</in_Quantity.quantity><out_Quantity.quantity>634.720219</out_Quantity.quantity></Point><Point><position>14213</position><in_Quantity.quantity>0.000000</in_Quantity.quantity><out_Quantity.quantity>198.046899</out_Quantity.quantity></Point><Point><position>14214</position><in_Quantity.quantity>0.000000</in_Quantity.quantity><out_Quantity.quantity>400.767920</out_Quantity.quantity></Point><Point><position>14215</position><in_Quantity.quantity>0.000000</in_Quantity.quantity><out_Quantity.quantity>221.306560</out_Quantity.quantity></Point><Point><position>14216</position><in_Quantity.quantity>0.000000</in_Quantity.quantity><out_Quantity.quantity>574.414592</out_Quantity.quantity></Point><Point><position>14217</position><in_Quantity.quantity>0.000000</in_Quantity.quantity><out_Quantity.quantity>892.414932</out_Quantity.quantity></Point><Point><position>14218</position><in_Quantity.quantity>0.000000</in_Quantity.quantity><out_Quantity.quantity>84.149817</out_Quantity.quantity></Point><Point><position>14219</position><in_Quantity.quantity>0.000000</in_Quantity.quantity><out_Quantity.quantity>299.942982</out_Quantity.quantity></Point><Point><position>14220</position><in_Quantity.quantity>0.000000</in_Quantity.quantity><out_Quantity.quantity>131.890553</out_Quantity.quantity></Point><Point><position>14221</position><in_Quantity.quantity>0.000000</in_Quantity.quantity><out_Quantity.quantity>389.866583</out_Quantity.quantity></Point><Point><position>14222</position><in_Quantity.quantity>0.000000</in_Quantity.quantity><out_Quantity.quantity>761.492782</out_Quantity.quantity></Point><Point><position>14223</position><in_Quantity.quantity>0.000000</in_Quantity.quantity><out_Quantity.quantity>47.233251</out_Quantity.quantity></Point><Point><position>14224</position><in_Quantity.quantity>0.000000</in_Quantity.quantity><out_Quantity.quantity>847.168973</out_Quantity.quantity></Point><Point><position>14225</position><in_Quantity.quantity>0.000000</in_Quantity.quantity><out_Quantity.quantity>543.811268</out_Quantity.quantity></Point><Point><position>14226</position><in_Quantity.quantity>0.000000</in_Quantity.quantity><out_Quantity.quantity>21.221237</out_Quantity.quantity></Point><Point><position>14227</position><in_Quantity.quantity>0.000000</in_Quantity.quantity><out_Quantity.quantity>381.184324</out_Quantity.quantity></Point><Point><position>14228</position><in_Quantity.quantity>0.000000</in_Quantity.quantity><out_Quantity.quantity>507.947168</out_Quantity.quantity></Point><Point><position>14229</position><in_Quantity.quantity>0.000000</in_Quantity.quantity><out_Quantity.quantity>630.175421</out_Quantity.quantity></Point><Point><position>14230</position><in_Quantity.quantity>0.000000</in_Quantity.quantity><out_Quantity.quantity>186.476193</out_Quantity.quantity></Point><Point><position>14231</position><in_Quantity.quantity>0.000000</in_Quantity.quantity><out_Quantity.quantity>0.838589</out_Quantity.quantity></Point><Point><position>14232</position><in_Quantity.quantity>0.000000</in_Quantity.quantity><out_Quantity.quantity>863.338649</out_Quantity.quantity></Point><Point><position>14233</position><in_Quantity.quantity>0.000000</in_Quantity.quantity><out_Quantity.quantity>10.909716</out_Quantity.quantity></Point><Point><position>14234</position><in_Quantity.quantity>0.000000</in_Quantity.quantity><out_Quantity.quantity>825.121262</out_Quantity.quantity></Point><Point><position>14235</position><in_Quantity.quantity>0.000000</in_Quantity.quantity><out_Quantity.quantity>830.826150</out_Quantity.quantity></Point><Point><position>14236</position><in_Quantity.quantity>0.000000</in_Quantity.quantity><out_Quantity.quantity>732.858761</out_Quantity.quantity></Point><Point><position>14237</position><in_Quantity.quantity>0.000000</in_Quantity.quantity><out_Quantity.quantity>581.985424</out_Quantity.quantity></Point><Point><position>14238</position><in_Quantity.quantity>0.000000</in_Quantity.quantity><out_Quantity.quantity>648.585227</out_Quantity.quantity></Point><Point><position>14239</position><in_Quantity.quantity>0.000000</in_Quantity.quantity><out_Quantity.quantity>729.338679</out_Quantity.quantity></Point><Point><position>14240</position><in_Quantity.quantity>0.000000</in_Quantity.quantity><out_Quantity.quantity>91.414575</out_Quantity.quantity></Point><Point><position>14241</position><in_Quantity.quantity>0.000000</in_Quantity.quantity><out_Quantity.quantity>172.802080</out_Quantity.quantity></Point><Point><position>14242</position><in_Quantity.quantity>0.000000</in_Quantity.quantity><out_Quantity.quantity>211.525573</out_Quantity.quantity></Point><Point><position>14243</position><in_Quantity.quantity>0.000000</in_Quantity.quantity><out_Quantity.quantity>761.976299</out_Quantity.quantity></Point><Point><position>14244</position><in_Quantity.quantity>0.000000</in_Quantity.quantity><out_Quantity.quantity>712.870807</out_Quantity.quantity></Point><Point><position>14245</position><in_Quantity.quantity>0.000000</in_Quantity.quantity><out_Quantity.quantity>492.294012</out_Quantity.quantity></Point><Point><position>14246</position><in_Quantity.quantity>0.000000</in_Quantity.quantity><out_Quantity.quantity>926.815940</out_Quantity.quantity></Point><Point><position>14247</position><in_Quantity.quantity>0.000000</in_Quantity.quantity><out_Quantity.quantity>238.077673</out_Quantity.quantity></Point><Point><position>14248</position><in_Quantity.quantity>0.000000</in_Quantity.quantity><out_Quantity.quantity>310.000592</out_Quantity.quantity></Point><Point><position>14249</position><in_Quantity.quantity>0.000000</in_Quantity.quantity><out_Quantity.quantity>316.039099</out_Quantity.quantity></Point><Point><position>14250</position><in_Quantity.quantity>0.000000</in_Quantity.quantity><out_Quantity.quantity>746.500087</out_Quantity.quantity></Point><Point><position>14251</position><in_Quantity.quantity>0.000000</in_Quantity.quantity><out_Quantity.quantity>567.973032</out_Quantity.quantity></Point><Point><position>14252</position><in_Quantity.quantity>0.000000</in_Quantity.quantity><out_Quantity.quantity>124.258396</out_Quantity.quantity></Point><Point><position>14253</position><in_Quantity.quantity>0.000000</in_Quantity.quantity><out_Quantity.quantity>574.376899</out_Quantity.quantity></Point><Point><position>14254</position><in_Quantity.quantity>0.000000</in_Quantity.quantity><out_Quantity.quantity>205.818069</out_Quantity.quantity></Point><Point><position>14255</position><in_Quantity.quantity>0.000000</in_Quantity.quantity><out_Quantity.quantity>118.578419</out_Quantity.quantity></Point><Point><position>14256</position><in_Quantity.quantity>0.000000</in_Quantity.quantity><out_Quantity.quantity>737.756391</out_Quantity.quantity></Point><Point><position>14257</position><in_Quantity.quantity>0.000000</in_Quantity.quantity><out_Quantity.quantity>755.558488</out_Quantity.quantity></Point><Point><position>14258</position><in_Quantity.quantity>0.000000</in_Quantity.quantity><out_Quantity.quantity>771.583457</out_Quantity.quantity></Point><Point><position>14259</position><in_Quantity.quantity>0.000000</in_Quantity.quantity><out_Quantity.quantity>373.791631</out_Quantity.quantity></Point><Point><position>14260</position><in_Quantity.quantity>0.000000</in_Quantity.quantity><out_Quantity.quantity>937.777261</out_Quantity.quantity></Point><Point><position>14261</position><in_Quantity.quantity>0.000000</in_Quantity.quantity><out_Quantity.quantity>397.096660</out_Quantity.quantity></Point><Point><position>14262</position><in_Quantity.quantity>0.000000</in_Quantity.quantity><out_Quantity.quantity>41.475723</out_Quantity.quantity></Point><Point><position>14263</position><in_Quantity.quantity>0.000000</in_Quantity.quantity><out_Quantity.quantity>126.530981</out_Quantity.quantity></Point><Point><position>14264</position><in_Quantity.quantity>0.000000</in_Quantity.quantity><out_Quantity.quantity>155.507010</out_Quantity.quantity></Point><Point><position>14265</position><in_Quantity.quantity>0.000000</in_Quantity.quantity><out_Quantity.quantity>86.103690</out_Quantity.quantity></Point><Point><position>14266</position><in_Quantity.quantity>0.000000</in_Quantity.quantity><out_Quantity.quantity>494.564919</out_Quantity.quantity></Point><Point><position>14267</position><in_Quantity.quantity>0.000000</in_Quantity.quantity><out_Quantity.quantity>963.867236</out_Quantity.quantity></Point><Point><position>14268</position><in_Quantity.quantity>0.000000</in_Quantity.quantity><out_Quantity.quantity>603.219720</out_Quantity.quantity></Point><Point><position>14269</position><in_Quantity.quantity>0.000000</in_Quantity.quantity><out_Quantity.quantity>730.135494</out_Quantity.quantity></Point><Point><position>14270</position><in_Quantity.quantity>0.000000</in_Quantity.quantity><out_Quantity.quantity>565.668192</out_Quantity.quantity></Point><Point><position>14271</position><in_Quantity.quantity>0.000000</in_Quantity.quantity><out_Quantity.quantity>749.400010</out_Quantity.quantity></Point><Point><position>14272</position><in_Quantity.quantity>0.000000</in_Quantity.quantity><out_Quantity.quantity>685.517654</out_Quantity.quantity></Point><Point><position>14273</position><in_Quantity.quantity>0.000000</in_Quantity.quantity><out_Quantity.quantity>743.597745</out_Quantity.quantity></Point><Point><position>14274</position><in_Quantity.quantity>0.000000</in_Quantity.quantity><out_Quantity.quantity>960.032385</out_Quantity.quantity></Point><Point><position>14275</position><in_Quantity.quantity>0.000000</in_Quantity.quantity><out_Quantity.quantity>252.078247</out_Quantity.quantity></Point><Point><position>14276</position><in_Quantity.quantity>0.000000</in_Quantity.quantity><out_Quantity.quantity>599.085265</out_Quantity.quantity></Point><Point><position>14277</position><in_Quantity.quantity>0.000000</in_Quantity.quantity><out_Quantity.quantity>675.102788</out_Quantity.quantity></Point><Point><position>14278</position><in_Quantity.quantity>0.000000</in_Quantity.quantity><out_Quantity.quantity>819.144769</out_Quantity.quantity></Point><Point><position>14279</position><in_Quantity.quantity>0.000000</in_Quantity.quantity><out_Quantity.quantity>269.593067</out_Quantity.quantity></Point><Point><position>14280</position><in_Quantity.quantity>0.000000</in_Quantity.quantity><out_Quantity.quantity>803.512495</out_Quantity.quantity></Point><Point><position>14281</position><in_Quantity.quantity>0.000000</in_Quantity.quantity><out_Quantity.quantity>752.851347</out_Quantity.quantity></Point><Point><position>14282</position><in_Quantity.quantity>0.000000</in_Quantity.quantity><out_Quantity.quantity>826.841927</out_Quantity.quantity></Point><Point><position>14283</position><in_Quantity.quantity>0.000000</in_Quantity.quantity><out_Quantity.quantity>991.461323</out_Quantity.quantity></Point><Point><position>14284</position><in_Quantity.quantity>0.000000</in_Quantity.quantity><out_Quantity.quantity>712.960433</out_Quantity.quantity></Point><Point><position>14285</position><in_Quantity.quantity>0.000000</in_Quantity.quantity><out_Quantity.quantity>28.820585</out_Quantity.quantity></Point><Point><position>14286</position><in_Quantity.quantity>0.000000</in_Quantity.quantity><out_Quantity.quantity>406.188528</out_Quantity.quantity></Point><Point><position>14287</position><in_Quantity.quantity>0.000000</in_Quantity.quantity><out_Quantity.quantity>453.497945</out_Quantity.quantity></Point><Point><position>14288</position><in_Quantity.quantity>0.000000</in_Quantity.quantity><out_Quantity.quantity>114.130220</out_Quantity.quantity></Point><Point><position>14289</position><in_Quantity.quantity>0.000000</in_Quantity.quantity><out_Quantity.quantity>899.175699</out_Quantity.quantity></Point><Point><position>14290</position><in_Quantity.quantity>0.000000</in_Quantity.quantity><out_Quantity.quantity>84.425843</out_Quantity.quantity></Point><Point><position>14291</position><in_Quantity.quantity>0.000000</in_Quantity.quantity><out_Quantity.quantity>519.020690</out_Quantity.quantity></Point><Point><position>14292</position><in_Quantity.quantity>0.000000</in_Quantity.quantity><out_Quantity.quantity>659.392305</out_Quantity.quantity></Point><Point><position>14293</position><in_Quantity.quantity>0.000000</in_Quantity.quantity><out_Quantity.quantity>370.407377</out_Quantity.quantity></Point><Point><position>14294</position><in_Quantity.quantity>0.000000</in_Quantity.quantity><out_Quantity.quantity>676.201235</out_Quantity.quantity></Point><Point><position>14295</position><in_Quantity.quantity>0.000000</in_Quantity.quantity><out_Quantity.quantity>862.446957</out_Quantity.quantity></Point><Point><position>14296</position><in_Quantity.quantity>0.000000</in_Quantity.quantity><out_Quantity.quantity>613.700294</out_Quantity.quantity></Point><Point><position>14297</position><in_Quantity.quantity>0.000000</in_Quantity.quantity><out_Quantity.quantity>432.099467</out_Quantity.quantity></Point><Point><position>14298</position><in_Quantity.quantity>0.000000</in_Quantity.quantity><out_Quantity.quantity>907.754371</out_Quantity.quantity></Point><Point><position>14299</position><in_Quantity.quantity>0.000000</in_Quantity.quantity><out_Quantity.quantity>812.542666</out_Quantity.quantity></Point><Point><position>14300</position><in_Quantity.quantity>0.000000</in_Quantity.quantity><out_Quantity.quantity>925.481850</out_Quantity.quantity></Point><Point><position>14301</position><in_Quantity.quantity>0.000000</in_Quantity.quantity><out_Quantity.quantity>719.935542</out_Quantity.quantity></Point><Point><position>14302</position><in_Quantity.quantity>0.000000</in_Quantity.quantity><out_Quantity.quantity>328.244579</out_Quantity.quantity></Point><Point><position>14303</position><in_Quantity.quantity>0.000000</in_Quantity.quantity><out_Quantity.quantity>386.894058</out_Quantity.quantity></Point><Point><position>14304</position><in_Quantity.quantity>0.000000</in_Quantity.quantity><out_Quantity.quantity>975.085489</out_Quantity.quantity></Point><Point><position>14305</position><in_Quantity.quantity>0.000000</in_Quantity.quantity><out_Quantity.quantity>18.185616</out_Quantity.quantity></Point><Point><position>14306</position><in_Quantity.quantity>0.000000</in_Quantity.quantity><out_Quantity.quantity>968.226177</out_Quantity.quantity></Point><Point><position>14307</position><in_Quantity.quantity>0.000000</in_Quantity.quantity><out_Quantity.quantity>833.001630</out_Quantity.quantity></Point><Point><position>14308</position><in_Quantity.quantity>0.000000</in_Quantity.quantity><out_Quantity.quantity>308.653417</out_Quantity.quantity></Point><Point><position>14309</position><in_Quantity.quantity>0.000000</in_Quantity.quantity><out_Quantity.quantity>649.131137</out_Quantity.quantity></Point><Point><position>14310</position><in_Quantity.quantity>0.000000</in_Quantity.quantity><out_Quantity.quantity>622.723074</out_Quantity.quantity></Point><Point><position>14311</position><in_Quantity.quantity>0.000000</in_Quantity.quantity><out_Quantity.quantity>215.071155</out_Quantity.quantity></Point><Point><position>14312</position><in_Quantity.quantity>0.000000</in_Quantity.quantity><out_Quantity.quantity>450.599343</out_Quantity.quantity></Point><Point><position>14313</position><in_Quantity.quantity>0.000000</in_Quantity.quantity><out_Quantity.quantity>928.302432</out_Quantity.quantity></Point><Point><position>14314</position><in_Quantity.quantity>0.000000</in_Quantity.quantity><out_Quantity.quantity>691.616227</out_Quantity.quantity></Point><Point><position>14315</position><in_Quantity.quantity>0.000000</in_Quantity.quantity><out_Quantity.quantity>862.316502</out_Quantity.quantity></Point><Point><position>14316</position><in_Quantity.quantity>0.000000</in_Quantity.quantity><out_Quantity.quantity>752.635102</out_Quantity.quantity></Point><Point><position>14317</position><in_Quantity.quantity>0.000000</in_Quantity.quantity><out_Quantity.quantity>975.025485</out_Quantity.quantity></Point><Point><position>14318</position><in_Quantity.quantity>0.000000</in_Quantity.quantity><out_Quantity.quantity>946.247633</out_Quantity.quantity></Point><Point><position>14319</position><in_Quantity.quantity>0.000000</in_Quantity.quantity><out_Quantity.quantity>345.994044</out_Quantity.quantity></Point><Point><position>14320</position><in_Quantity.quantity>0.000000</in_Quantity.quantity><out_Quantity.quantity>251.707516</out_Quantity.quantity></Point><Point><position>14321</position><in_Quantity.quantity>0.000000</in_Quantity.quantity><out_Quantity.quantity>891.078524</out_Quantity.quantity></Point><Point><position>14322</position><in_Quantity.quantity>0.000000</in_Quantity.quantity><out_Quantity.quantity>797.638563</out_Quantity.quantity></Point><Point><position>14323</position><in_Quantity.quantity>0.000000</in_Quantity.quantity><out_Quantity.quantity>454.038006</out_Quantity.quantity></Point><Point><position>14324</position><in_Quantity.quantity>0.000000</in_Quantity.quantity><out_Quantity.quantity>70.660369</out_Quantity.quantity></Point><Point><position>14325</position><in_Quantity.quantity>0.000000</in_Quantity.quantity><out_Quantity.quantity>908.716847</out_Quantity.quantity></Point><Point><position>14326</position><in_Quantity.quantity>0.000000</in_Quantity.quantity><out_Quantity.quantity>457.582895</out_Quantity.quantity></Point><Point><position>14327</position><in_Quantity.quantity>0.000000</in_Quantity.quantity><out_Quantity.quantity>273.517138</out_Quantity.quantity></Point><Point><position>14328</position><in_Quantity.quantity>0.000000</in_Quantity.quantity><out_Quantity.quantity>579.194871</out_Quantity.quantity></Point><Point><position>14329</position><in_Quantity.quantity>0.000000</in_Quantity.quantity><out_Quantity.quantity>836.350698</out_Quantity.quantity></Point><Point><position>14330</position><in_Quantity.quantity>0.000000</in_Quantity.quantity><out_Quantity.quantity>785.086344</out_Quantity.quantity></Point><Point><position>14331</position><in_Quantity.quantity>0.000000</in_Quantity.quantity><out_Quantity.quantity>357.590394</out_Quantity.quantity></Point><Point><position>14332</position><in_Quantity.quantity>0.000000</in_Quantity.quantity><out_Quantity.quantity>602.829423</out_Quantity.quantity></Point><Point><position>14333</position><in_Quantity.quantity>0.000000</in_Quantity.quantity><out_Quantity.quantity>735.378752</out_Quantity.quantity></Point><Point><position>14334</position><in_Quantity.quantity>0.000000</in_Quantity.quantity><out_Quantity.quantity>186.949206</out_Quantity.quantity></Point><Point><position>14335</position><in_Quantity.quantity>0.000000</in_Quantity.quantity><out_Quantity.quantity>676.409030</out_Quantity.quantity></Point><Point><position>14336</position><in_Quantity.quantity>0.000000</in_Quantity.quantity><out_Quantity.quantity>513.026899</out_Quantity.quantity></Point><Point><position>14337</position><in_Quantity.quantity>0.000000</in_Quantity.quantity><out_Quantity.quantity>498.822610</out_Quantity.quantity></Point><Point><position>14338</position><in_Quantity.quantity>0.000000</in_Quantity.quantity><out_Quantity.quantity>712.913523</out_Quantity.quantity></Point><Point><position>14339</position><in_Quantity.quantity>0.000000</in_Quantity.quantity><out_Quantity.quantity>30.575542</out_Quantity.quantity></Point><Point><position>14340</position><in_Quantity.quantity>0.000000</in_Quantity.quantity><out_Quantity.quantity>677.687969</out_Quantity.quantity></Point><Point><position>14341</position><in_Quantity.quantity>0.000000</in_Quantity.quantity><out_Quantity.quantity>940.217083</out_Quantity.quantity></Point><Point><position>14342</position><in_Quantity.quantity>0.000000</in_Quantity.quantity><out_Quantity.quantity>224.573182</out_Quantity.quantity></Point><Point><position>14343</position><in_Quantity.quantity>0.000000</in_Quantity.quantity><out_Quantity.quantity>113.520101</out_Quantity.quantity></Point><Point><position>14344</position><in_Quantity.quantity>0.000000</in_Quantity.quantity><out_Quantity.quantity>25.032792</out_Quantity.quantity></Point><Point><position>14345</position><in_Quantity.quantity>0.000000</in_Quantity.quantity><out_Quantity.quantity>264.731148</out_Quantity.quantity></Point><Point><position>14346</position><in_Quantity.quantity>0.000000</in_Quantity.quantity><out_Quantity.quantity>71.626454</out_Quantity.quantity></Point><Point><position>14347</position><in_Quantity.quantity>0.000000</in_Quantity.quantity><out_Quantity.quantity>50.393831</out_Quantity.quantity></Point><Point><position>14348</position><in_Quantity.quantity>0.000000</in_Quantity.quantity><out_Quantity.quantity>934.169192</out_Quantity.quantity></Point><Point><position>14349</position><in_Quantity.quantity>0.000000</in_Quantity.quantity><out_Quantity.quantity>431.723094</out_Quantity.quantity></Point><Point><position>14350</position><in_Quantity.quantity>0.000000</in_Quantity.quantity><out_Quantity.quantity>401.768222</out_Quantity.quantity></Point><Point><position>14351</position><in_Quantity.quantity>0.000000</in_Quantity.quantity><out_Quantity.quantity>677.505257</out_Quantity.quantity></Point><Point><position>14352</position><in_Quantity.quantity>0.000000</in_Quantity.quantity><out_Quantity.quantity>52.509042</out_Quantity.quantity></Point><Point><position>14353</position><in_Quantity.quantity>0.000000</in_Quantity.quantity><out_Quantity.quantity>222.153124</out_Quantity.quantity></Point><Point><position>14354</position><in_Quantity.quantity>0.000000</in_Quantity.quantity><out_Quantity.quantity>141.475507</out_Quantity.quantity></Point><Point><position>14355</position><in_Quantity.quantity>0.000000</in_Quantity.quantity><out_Quantity.quantity>291.655899</out_Quantity.quantity></Point><Point><position>14356</position><in_Quantity.quantity>0.000000</in_Quantity.quantity><out_Quantity.quantity>737.434326</out_Quantity.quantity></Point><Point><position>14357</position><in_Quantity.quantity>0.000000</in_Quantity.quantity><out_Quantity.quantity>437.234923</out_Quantity.quantity></Point><Point><position>14358</position><in_Quantity.quantity>0.000000</in_Quantity.quantity><out_Quantity.quantity>344.294551</out_Quantity.quantity></Point><Point><position>14359</position><in_Quantity.quantity>0.000000</in_Quantity.quantity><out_Quantity.quantity>835.313858</out_Quantity.quantity></Point><Point><position>14360</position><in_Quantity.quantity>0.000000</in_Quantity.quantity><out_Quantity.quantity>160.232709</out_Quantity.quantity></Point><Point><position>14361</position><in_Quantity.quantity>0.000000</in_Quantity.quantity><out_Quantity.quantity>942.357046</out_Quantity.quantity></Point><Point><position>14362</position><in_Quantity.quantity>0.000000</in_Quantity.quantity><out_Quantity.quantity>569.769222</out_Quantity.quantity></Point><Point><position>14363</position><in_Quantity.quantity>0.000000</in_Quantity.quantity><out_Quantity.quantity>236.033560</out_Quantity.quantity></Point><Point><position>14364</position><in_Quantity.quantity>0.000000</in_Quantity.quantity><out_Quantity.quantity>136.147351</out_Quantity.quantity></Point><Point><position>14365</position><in_Quantity.quantity>0.000000</in_Quantity.quantity><out_Quantity.quantity>215.768037</out_Quantity.quantity></Point><Point><position>14366</position><in_Quantity.quantity>0.000000</in_Quantity.quantity><out_Quantity.quantity>524.469916</out_Quantity.quantity></Point><Point><position>14367</position><in_Quantity.quantity>0.000000</in_Quantity.quantity><out_Quantity.quantity>776.027151</out_Quantity.quantity></Point><Point><position>14368</position><in_Quantity.quantity>0.000000</in_Quantity.quantity><out_Quantity.quantity>844.369338</out_Quantity.quantity></Point><Point><position>14369</position><in_Quantity.quantity>0.000000</in_Quantity.quantity><out_Quantity.quantity>221.924128</out_Quantity.quantity></Point><Point><position>14370</position><in_Quantity.quantity>0.000000</in_Quantity.quantity><out_Quantity.quantity>439.954716</out_Quantity.quantity></Point><Point><position>14371</position><in_Quantity.quantity>0.000000</in_Quantity.quantity><out_Quantity.quantity>196.061782</out_Quantity.quantity></Point><Point><position>14372</position><in_Quantity.quantity>0.000000</in_Quantity.quantity><out_Quantity.quantity>367.193540</out_Quantity.quantity></Point><Point><position>14373</position><in_Quantity.quantity>0.000000</in_Quantity.quantity><out_Quantity.quantity>479.512082</out_Quantity.quantity></Point><Point><position>14374</position><in_Quantity.quantity>0.000000</in_Quantity.quantity><out_Quantity.quantity>648.515793</out_Quantity.quantity></Point><Point><position>14375</position><in_Quantity.quantity>0.000000</in_Quantity.quantity><out_Quantity.quantity>64.547585</out_Quantity.quantity></Point><Point><position>14376</position><in_Quantity.quantity>0.000000</in_Quantity.quantity><out_Quantity.quantity>606.663901</out_Quantity.quantity></Point><Point><position>14377</position><in_Quantity.quantity>0.000000</in_Quantity.quantity><out_Quantity.quantity>506.875461</out_Quantity.quantity></Point><Point><position>14378</position><in_Quantity.quantity>0.000000</in_Quantity.quantity><out_Quantity.quantity>983.296915</out_Quantity.quantity></Point><Point><position>14379</position><in_Quantity.quantity>0.000000</in_Quantity.quantity><out_Quantity.quantity>898.298052</out_Quantity.quantity></Point><Point><position>14380</position><in_Quantity.quantity>0.000000</in_Quantity.quantity><out_Quantity.quantity>80.104168</out_Quantity.quantity></Point><Point><position>14381</position><in_Quantity.quantity>0.000000</in_Quantity.quantity><out_Quantity.quantity>947.687081</out_Quantity.quantity></Point><Point><position>14382</position><in_Quantity.quantity>0.000000</in_Quantity.quantity><out_Quantity.quantity>320.245686</out_Quantity.quantity></Point><Point><position>14383</position><in_Quantity.quantity>0.000000</in_Quantity.quantity><out_Quantity.quantity>589.544185</out_Quantity.quantity></Point><Point><position>14384</position><in_Quantity.quantity>0.000000</in_Quantity.quantity><out_Quantity.quantity>644.490023</out_Quantity.quantity></Point><Point><position>14385</position><in_Quantity.quantity>0.000000</in_Quantity.quantity><out_Quantity.quantity>118.799406</out_Quantity.quantity></Point><Point><position>14386</position><in_Quantity.quantity>0.000000</in_Quantity.quantity><out_Quantity.quantity>884.499859</out_Quantity.quantity></Point><Point><position>14387</position><in_Quantity.quantity>0.000000</in_Quantity.quantity><out_Quantity.quantity>758.223818</out_Quantity.quantity></Point><Point><position>14388</position><in_Quantity.quantity>0.000000</in_Quantity.quantity><out_Quantity.quantity>764.930259</out_Quantity.quantity></Point><Point><position>14389</position><in_Quantity.quantity>0.000000</in_Quantity.quantity><out_Quantity.quantity>372.482803</out_Quantity.quantity></Point><Point><position>14390</position><in_Quantity.quantity>0.000000</in_Quantity.quantity><out_Quantity.quantity>514.753235</out_Quantity.quantity></Point><Point><position>14391</position><in_Quantity.quantity>0.000000</in_Quantity.quantity><out_Quantity.quantity>845.362355</out_Quantity.quantity></Point><Point><position>14392</position><in_Quantity.quantity>0.000000</in_Quantity.quantity><out_Quantity.quantity>945.745190</out_Quantity.quantity></Point><Point><position>14393</position><in_Quantity.quantity>0.000000</in_Quantity.quantity><out_Quantity.quantity>641.247524</out_Quantity.quantity></Point><Point><position>14394</position><in_Quantity.quantity>0.000000</in_Quantity.quantity><out_Quantity.quantity>969.972453</out_Quantity.quantity></Point><Point><position>14395</position><in_Quantity.quantity>0.000000</in_Quantity.quantity><out_Quantity.quantity>488.484960</out_Quantity.quantity></Point><Point><position>14396</position><in_Quantity.quantity>0.000000</in_Quantity.quantity><out_Quantity.quantity>327.106596</out_Quantity.quantity></Point><Point><position>14397</position><in_Quantity.quantity>0.000000</in_Quantity.quantity><out_Quantity.quantity>256.602943</out_Quantity.quantity></Point><Point><position>14398</position><in_Quantity.quantity>0.000000</in_Quantity.quantity><out_Quantity.quantity>970.293067</out_Quantity.quantity></Point><Point><position>14399</position><in_Quantity.quantity>0.000000</in_Quantity.quantity><out_Quantity.quantity>820.955288</out_Quantity.quantity></Point><Point><position>14400</position><in_Quantity.quantity>0.000000</in_Quantity.quantity><out_Quantity.quantity>654.166881</out_Quantity.quantity></Point></Period></TimeSeries></EnergyAccount_MarketDocument></soapenv:Body>
</soapenv:Envelope>
